<?xml version="1.0" encoding="UTF-8"?>
<testsuite xmlns:xsi="http://www.w3.org/2001/XMLSchema-instance" xsi:noNamespaceSchemaLocation="https://maven.apache.org/surefire/maven-surefire-plugin/xsd/surefire-test-report.xsd" name="org.apache.hadoop.ozone.freon.TestFreonWithPipelineDestroy" time="20.836" tests="1" errors="1" skipped="0" failures="0">
  <properties>
    <property name="awt.toolkit" value="sun.awt.X11.XToolkit"/>
    <property name="file.encoding.pkg" value="sun.io"/>
    <property name="java.specification.version" value="1.8"/>
    <property name="sun.cpu.isalist" value=""/>
    <property name="sun.jnu.encoding" value="UTF-8"/>
    <property name="java.class.path" value="/opt/src/hadoop-ozone/tools/target/test-classes:/opt/src/hadoop-ozone/tools/target/classes:/opt/src/hadoop-ozone/ozone-manager/target/classes:/opt/src/hadoop-hdds/docs/target/classes:/home/user/.m2/repository/org/bouncycastle/bcprov-jdk15on/1.60/bcprov-jdk15on-1.60.jar:/opt/src/hadoop-ozone/common/target/classes:/home/user/.m2/repository/org/apache/commons/commons-compress/1.4.1/commons-compress-1.4.1.jar:/home/user/.m2/repository/org/tukaani/xz/1.0/xz-1.0.jar:/home/user/.m2/repository/org/apache/hadoop/hadoop-hdfs-client/3.2.0/hadoop-hdfs-client-3.2.0.jar:/home/user/.m2/repository/com/fasterxml/jackson/core/jackson-annotations/2.9.5/jackson-annotations-2.9.5.jar:/opt/src/hadoop-hdds/common/target/classes:/opt/src/hadoop-hdds/config/target/classes:/home/user/.m2/repository/javax/annotation/javax.annotation-api/1.2/javax.annotation-api-1.2.jar:/home/user/.m2/repository/org/apache/ratis/ratis-server/0.4.0-fe2b15d-SNAPSHOT/ratis-server-0.4.0-fe2b15d-SNAPSHOT.jar:/home/user/.m2/repository/org/apache/ratis/ratis-thirdparty-misc/0.2.0/ratis-thirdparty-misc-0.2.0.jar:/home/user/.m2/repository/org/apache/ratis/ratis-proto/0.4.0-fe2b15d-SNAPSHOT/ratis-proto-0.4.0-fe2b15d-SNAPSHOT.jar:/home/user/.m2/repository/org/apache/ratis/ratis-common/0.4.0-fe2b15d-SNAPSHOT/ratis-common-0.4.0-fe2b15d-SNAPSHOT.jar:/home/user/.m2/repository/org/apache/ratis/ratis-client/0.4.0-fe2b15d-SNAPSHOT/ratis-client-0.4.0-fe2b15d-SNAPSHOT.jar:/home/user/.m2/repository/org/apache/ratis/ratis-netty/0.4.0-fe2b15d-SNAPSHOT/ratis-netty-0.4.0-fe2b15d-SNAPSHOT.jar:/home/user/.m2/repository/org/apache/ratis/ratis-grpc/0.4.0-fe2b15d-SNAPSHOT/ratis-grpc-0.4.0-fe2b15d-SNAPSHOT.jar:/home/user/.m2/repository/org/rocksdb/rocksdbjni/5.14.2/rocksdbjni-5.14.2.jar:/home/user/.m2/repository/org/apache/logging/log4j/log4j-api/2.11.0/log4j-api-2.11.0.jar:/home/user/.m2/repository/org/apache/logging/log4j/log4j-core/2.11.0/log4j-core-2.11.0.jar:/home/user/.m2/repository/com/lmax/disruptor/3.4.2/disruptor-3.4.2.jar:/home/user/.m2/repository/org/apache/commons/commons-pool2/2.6.0/commons-pool2-2.6.0.jar:/home/user/.m2/repository/org/bouncycastle/bcpkix-jdk15on/1.60/bcpkix-jdk15on-1.60.jar:/home/user/.m2/repository/commons-validator/commons-validator/1.6/commons-validator-1.6.jar:/home/user/.m2/repository/commons-digester/commons-digester/1.8.1/commons-digester-1.8.1.jar:/home/user/.m2/repository/io/jaegertracing/jaeger-client/0.33.1/jaeger-client-0.33.1.jar:/home/user/.m2/repository/io/jaegertracing/jaeger-thrift/0.33.1/jaeger-thrift-0.33.1.jar:/home/user/.m2/repository/org/apache/thrift/libthrift/0.11.0/libthrift-0.11.0.jar:/home/user/.m2/repository/com/squareup/okhttp3/okhttp/3.9.0/okhttp-3.9.0.jar:/home/user/.m2/repository/com/squareup/okio/okio/1.13.0/okio-1.13.0.jar:/home/user/.m2/repository/io/jaegertracing/jaeger-core/0.33.1/jaeger-core-0.33.1.jar:/home/user/.m2/repository/io/jaegertracing/jaeger-tracerresolver/0.33.1/jaeger-tracerresolver-0.33.1.jar:/home/user/.m2/repository/io/opentracing/contrib/opentracing-tracerresolver/0.1.5/opentracing-tracerresolver-0.1.5.jar:/home/user/.m2/repository/io/opentracing/opentracing-util/0.31.0/opentracing-util-0.31.0.jar:/home/user/.m2/repository/io/opentracing/opentracing-api/0.31.0/opentracing-api-0.31.0.jar:/home/user/.m2/repository/io/opentracing/opentracing-noop/0.31.0/opentracing-noop-0.31.0.jar:/home/user/.m2/repository/org/yaml/snakeyaml/1.16/snakeyaml-1.16.jar:/opt/src/hadoop-hdds/server-scm/target/classes:/home/user/.m2/repository/org/hamcrest/hamcrest-all/1.3/hamcrest-all-1.3.jar:/opt/src/hadoop-hdds/container-service/target/classes:/opt/src/hadoop-hdds/client/target/classes:/opt/src/hadoop-hdds/tools/target/classes:/home/user/.m2/repository/org/xerial/sqlite-jdbc/3.25.2/sqlite-jdbc-3.25.2.jar:/opt/src/hadoop-ozone/client/target/classes:/home/user/.m2/repository/org/apache/hadoop/hadoop-ozone-filesystem/0.5.0-SNAPSHOT/hadoop-ozone-filesystem-0.5.0-SNAPSHOT.jar:/opt/src/hadoop-hdds/framework/target/classes:/home/user/.m2/repository/info/picocli/picocli/3.9.6/picocli-3.9.6.jar:/home/user/.m2/repository/com/google/protobuf/protobuf-java/2.5.0/protobuf-java-2.5.0.jar:/home/user/.m2/repository/com/google/guava/guava/11.0.2/guava-11.0.2.jar:/home/user/.m2/repository/org/apache/hadoop/hadoop-common/3.2.0/hadoop-common-3.2.0.jar:/home/user/.m2/repository/org/apache/hadoop/hadoop-annotations/3.2.0/hadoop-annotations-3.2.0.jar:/usr/lib/jvm/java-1.8-openjdk/jre/../lib/tools.jar:/home/user/.m2/repository/commons-cli/commons-cli/1.2/commons-cli-1.2.jar:/home/user/.m2/repository/org/apache/commons/commons-math3/3.1.1/commons-math3-3.1.1.jar:/home/user/.m2/repository/org/apache/httpcomponents/httpclient/4.5.2/httpclient-4.5.2.jar:/home/user/.m2/repository/org/apache/httpcomponents/httpcore/4.4.4/httpcore-4.4.4.jar:/home/user/.m2/repository/commons-codec/commons-codec/1.11/commons-codec-1.11.jar:/home/user/.m2/repository/commons-io/commons-io/2.5/commons-io-2.5.jar:/home/user/.m2/repository/commons-net/commons-net/3.6/commons-net-3.6.jar:/home/user/.m2/repository/commons-collections/commons-collections/3.2.2/commons-collections-3.2.2.jar:/home/user/.m2/repository/javax/servlet/javax.servlet-api/3.1.0/javax.servlet-api-3.1.0.jar:/home/user/.m2/repository/org/eclipse/jetty/jetty-server/9.3.24.v20180605/jetty-server-9.3.24.v20180605.jar:/home/user/.m2/repository/org/eclipse/jetty/jetty-http/9.3.24.v20180605/jetty-http-9.3.24.v20180605.jar:/home/user/.m2/repository/org/eclipse/jetty/jetty-io/9.3.24.v20180605/jetty-io-9.3.24.v20180605.jar:/home/user/.m2/repository/org/eclipse/jetty/jetty-util/9.3.24.v20180605/jetty-util-9.3.24.v20180605.jar:/home/user/.m2/repository/org/eclipse/jetty/jetty-servlet/9.3.24.v20180605/jetty-servlet-9.3.24.v20180605.jar:/home/user/.m2/repository/org/eclipse/jetty/jetty-security/9.3.24.v20180605/jetty-security-9.3.24.v20180605.jar:/home/user/.m2/repository/org/eclipse/jetty/jetty-webapp/9.3.24.v20180605/jetty-webapp-9.3.24.v20180605.jar:/home/user/.m2/repository/org/eclipse/jetty/jetty-xml/9.3.24.v20180605/jetty-xml-9.3.24.v20180605.jar:/home/user/.m2/repository/javax/servlet/jsp/jsp-api/2.1/jsp-api-2.1.jar:/home/user/.m2/repository/com/sun/jersey/jersey-core/1.19/jersey-core-1.19.jar:/home/user/.m2/repository/javax/ws/rs/jsr311-api/1.1.1/jsr311-api-1.1.1.jar:/home/user/.m2/repository/com/sun/jersey/jersey-servlet/1.19/jersey-servlet-1.19.jar:/home/user/.m2/repository/com/sun/jersey/jersey-json/1.19/jersey-json-1.19.jar:/home/user/.m2/repository/org/codehaus/jettison/jettison/1.1/jettison-1.1.jar:/home/user/.m2/repository/com/sun/xml/bind/jaxb-impl/2.3.0.1/jaxb-impl-2.3.0.1.jar:/home/user/.m2/repository/org/codehaus/jackson/jackson-core-asl/1.9.13/jackson-core-asl-1.9.13.jar:/home/user/.m2/repository/org/codehaus/jackson/jackson-mapper-asl/1.9.13/jackson-mapper-asl-1.9.13.jar:/home/user/.m2/repository/org/codehaus/jackson/jackson-jaxrs/1.9.13/jackson-jaxrs-1.9.13.jar:/home/user/.m2/repository/org/codehaus/jackson/jackson-xc/1.9.13/jackson-xc-1.9.13.jar:/home/user/.m2/repository/com/sun/jersey/jersey-server/1.19/jersey-server-1.19.jar:/home/user/.m2/repository/commons-logging/commons-logging/1.1.3/commons-logging-1.1.3.jar:/home/user/.m2/repository/log4j/log4j/1.2.17/log4j-1.2.17.jar:/home/user/.m2/repository/commons-beanutils/commons-beanutils/1.9.3/commons-beanutils-1.9.3.jar:/home/user/.m2/repository/org/apache/commons/commons-configuration2/2.1.1/commons-configuration2-2.1.1.jar:/home/user/.m2/repository/org/apache/commons/commons-lang3/3.7/commons-lang3-3.7.jar:/home/user/.m2/repository/org/apache/commons/commons-text/1.4/commons-text-1.4.jar:/home/user/.m2/repository/org/slf4j/slf4j-api/1.7.25/slf4j-api-1.7.25.jar:/home/user/.m2/repository/org/slf4j/slf4j-log4j12/1.7.25/slf4j-log4j12-1.7.25.jar:/home/user/.m2/repository/org/apache/avro/avro/1.7.7/avro-1.7.7.jar:/home/user/.m2/repository/com/thoughtworks/paranamer/paranamer/2.3/paranamer-2.3.jar:/home/user/.m2/repository/org/xerial/snappy/snappy-java/1.0.5/snappy-java-1.0.5.jar:/home/user/.m2/repository/com/google/re2j/re2j/1.1/re2j-1.1.jar:/home/user/.m2/repository/com/google/code/gson/gson/2.2.4/gson-2.2.4.jar:/home/user/.m2/repository/org/apache/hadoop/hadoop-auth/3.2.0/hadoop-auth-3.2.0.jar:/home/user/.m2/repository/com/nimbusds/nimbus-jose-jwt/4.41.1/nimbus-jose-jwt-4.41.1.jar:/home/user/.m2/repository/com/github/stephenc/jcip/jcip-annotations/1.0-1/jcip-annotations-1.0-1.jar:/home/user/.m2/repository/net/minidev/json-smart/2.3/json-smart-2.3.jar:/home/user/.m2/repository/net/minidev/accessors-smart/1.2/accessors-smart-1.2.jar:/home/user/.m2/repository/org/apache/curator/curator-framework/2.12.0/curator-framework-2.12.0.jar:/home/user/.m2/repository/com/jcraft/jsch/0.1.54/jsch-0.1.54.jar:/home/user/.m2/repository/org/apache/curator/curator-client/2.12.0/curator-client-2.12.0.jar:/home/user/.m2/repository/org/apache/curator/curator-recipes/2.12.0/curator-recipes-2.12.0.jar:/home/user/.m2/repository/com/google/code/findbugs/jsr305/3.0.0/jsr305-3.0.0.jar:/home/user/.m2/repository/org/apache/htrace/htrace-core4/4.1.0-incubating/htrace-core4-4.1.0-incubating.jar:/home/user/.m2/repository/org/apache/zookeeper/zookeeper/3.4.13/zookeeper-3.4.13.jar:/home/user/.m2/repository/org/apache/yetus/audience-annotations/0.5.0/audience-annotations-0.5.0.jar:/home/user/.m2/repository/org/apache/kerby/kerb-simplekdc/1.0.1/kerb-simplekdc-1.0.1.jar:/home/user/.m2/repository/org/apache/kerby/kerb-client/1.0.1/kerb-client-1.0.1.jar:/home/user/.m2/repository/org/apache/kerby/kerby-config/1.0.1/kerby-config-1.0.1.jar:/home/user/.m2/repository/org/apache/kerby/kerb-core/1.0.1/kerb-core-1.0.1.jar:/home/user/.m2/repository/org/apache/kerby/kerby-pkix/1.0.1/kerby-pkix-1.0.1.jar:/home/user/.m2/repository/org/apache/kerby/kerby-asn1/1.0.1/kerby-asn1-1.0.1.jar:/home/user/.m2/repository/org/apache/kerby/kerby-util/1.0.1/kerby-util-1.0.1.jar:/home/user/.m2/repository/org/apache/kerby/kerb-common/1.0.1/kerb-common-1.0.1.jar:/home/user/.m2/repository/org/apache/kerby/kerb-crypto/1.0.1/kerb-crypto-1.0.1.jar:/home/user/.m2/repository/org/apache/kerby/kerb-util/1.0.1/kerb-util-1.0.1.jar:/home/user/.m2/repository/org/apache/kerby/token-provider/1.0.1/token-provider-1.0.1.jar:/home/user/.m2/repository/org/apache/kerby/kerb-admin/1.0.1/kerb-admin-1.0.1.jar:/home/user/.m2/repository/org/apache/kerby/kerb-server/1.0.1/kerb-server-1.0.1.jar:/home/user/.m2/repository/org/apache/kerby/kerb-identity/1.0.1/kerb-identity-1.0.1.jar:/home/user/.m2/repository/org/apache/kerby/kerby-xdr/1.0.1/kerby-xdr-1.0.1.jar:/home/user/.m2/repository/com/fasterxml/jackson/core/jackson-databind/2.9.5/jackson-databind-2.9.5.jar:/home/user/.m2/repository/com/fasterxml/jackson/core/jackson-core/2.9.5/jackson-core-2.9.5.jar:/home/user/.m2/repository/org/codehaus/woodstox/stax2-api/3.1.4/stax2-api-3.1.4.jar:/home/user/.m2/repository/com/fasterxml/woodstox/woodstox-core/5.0.3/woodstox-core-5.0.3.jar:/home/user/.m2/repository/dnsjava/dnsjava/2.1.7/dnsjava-2.1.7.jar:/home/user/.m2/repository/org/apache/hadoop/hadoop-hdfs/3.2.0/hadoop-hdfs-3.2.0.jar:/home/user/.m2/repository/org/eclipse/jetty/jetty-util-ajax/9.3.24.v20180605/jetty-util-ajax-9.3.24.v20180605.jar:/home/user/.m2/repository/commons-daemon/commons-daemon/1.0.13/commons-daemon-1.0.13.jar:/home/user/.m2/repository/io/netty/netty/3.10.5.Final/netty-3.10.5.Final.jar:/home/user/.m2/repository/io/netty/netty-all/4.0.52.Final/netty-all-4.0.52.Final.jar:/home/user/.m2/repository/org/fusesource/leveldbjni/leveldbjni-all/1.8/leveldbjni-all-1.8.jar:/home/user/.m2/repository/com/sun/xml/bind/jaxb-core/2.3.0.1/jaxb-core-2.3.0.1.jar:/home/user/.m2/repository/javax/xml/bind/jaxb-api/2.3.0/jaxb-api-2.3.0.jar:/home/user/.m2/repository/javax/activation/activation/1.1.1/activation-1.1.1.jar:/home/user/.m2/repository/io/dropwizard/metrics/metrics-core/3.2.4/metrics-core-3.2.4.jar:/home/user/.m2/repository/org/openjdk/jmh/jmh-core/1.19/jmh-core-1.19.jar:/home/user/.m2/repository/net/sf/jopt-simple/jopt-simple/4.6/jopt-simple-4.6.jar:/home/user/.m2/repository/org/openjdk/jmh/jmh-generator-annprocess/1.19/jmh-generator-annprocess-1.19.jar:/home/user/.m2/repository/com/google/code/findbugs/findbugs/3.0.1/findbugs-3.0.1.jar:/home/user/.m2/repository/net/jcip/jcip-annotations/1.0/jcip-annotations-1.0.jar:/home/user/.m2/repository/com/google/code/findbugs/bcel-findbugs/6.0/bcel-findbugs-6.0.jar:/home/user/.m2/repository/com/google/code/findbugs/jFormatString/2.0.1/jFormatString-2.0.1.jar:/home/user/.m2/repository/dom4j/dom4j/1.6.1/dom4j-1.6.1.jar:/home/user/.m2/repository/xml-apis/xml-apis/1.0.b2/xml-apis-1.0.b2.jar:/home/user/.m2/repository/org/ow2/asm/asm-debug-all/5.0.2/asm-debug-all-5.0.2.jar:/home/user/.m2/repository/org/ow2/asm/asm-commons/5.0.2/asm-commons-5.0.2.jar:/home/user/.m2/repository/org/ow2/asm/asm-tree/5.0.2/asm-tree-5.0.2.jar:/home/user/.m2/repository/org/ow2/asm/asm/5.0.4/asm-5.0.4.jar:/home/user/.m2/repository/commons-lang/commons-lang/2.6/commons-lang-2.6.jar:/home/user/.m2/repository/com/apple/AppleJavaExtensions/1.4/AppleJavaExtensions-1.4.jar:/home/user/.m2/repository/jaxen/jaxen/1.1.6/jaxen-1.1.6.jar:/home/user/.m2/repository/junit/junit/4.11/junit-4.11.jar:/home/user/.m2/repository/org/hamcrest/hamcrest-core/1.3/hamcrest-core-1.3.jar:/home/user/.m2/repository/org/apache/hadoop/hadoop-common/3.2.0/hadoop-common-3.2.0-tests.jar:/home/user/.m2/repository/org/apache/hadoop/hadoop-ozone-integration-test/0.5.0-SNAPSHOT/hadoop-ozone-integration-test-0.5.0-SNAPSHOT-tests.jar:/opt/src/hadoop-ozone/objectstore-service/target/classes:/opt/src/hadoop-ozone/s3gateway/target/classes:/home/user/.m2/repository/org/jboss/weld/servlet/weld-servlet/2.4.7.Final/weld-servlet-2.4.7.Final.jar:/home/user/.m2/repository/org/glassfish/jersey/containers/jersey-container-servlet-core/2.27/jersey-container-servlet-core-2.27.jar:/home/user/.m2/repository/org/glassfish/hk2/external/javax.inject/2.5.0-b42/javax.inject-2.5.0-b42.jar:/home/user/.m2/repository/org/glassfish/jersey/core/jersey-common/2.27/jersey-common-2.27.jar:/home/user/.m2/repository/org/glassfish/hk2/osgi-resource-locator/1.0.1/osgi-resource-locator-1.0.1.jar:/home/user/.m2/repository/javax/ws/rs/javax.ws.rs-api/2.1/javax.ws.rs-api-2.1.jar:/home/user/.m2/repository/org/glassfish/jersey/ext/cdi/jersey-cdi1x/2.27/jersey-cdi1x-2.27.jar:/home/user/.m2/repository/org/glassfish/jersey/inject/jersey-hk2/2.27/jersey-hk2-2.27.jar:/home/user/.m2/repository/org/glassfish/hk2/hk2-locator/2.5.0-b42/hk2-locator-2.5.0-b42.jar:/home/user/.m2/repository/org/javassist/javassist/3.22.0-CR2/javassist-3.22.0-CR2.jar:/home/user/.m2/repository/org/glassfish/hk2/hk2-api/2.5.0/hk2-api-2.5.0.jar:/home/user/.m2/repository/org/glassfish/hk2/external/jakarta.inject/2.5.0/jakarta.inject-2.5.0.jar:/home/user/.m2/repository/org/glassfish/hk2/hk2-utils/2.5.0/hk2-utils-2.5.0.jar:/home/user/.m2/repository/jakarta/annotation/jakarta.annotation-api/1.3.4/jakarta.annotation-api-1.3.4.jar:/home/user/.m2/repository/org/glassfish/hk2/external/aopalliance-repackaged/2.5.0/aopalliance-repackaged-2.5.0.jar:/home/user/.m2/repository/com/fasterxml/jackson/dataformat/jackson-dataformat-xml/2.9.0/jackson-dataformat-xml-2.9.0.jar:/home/user/.m2/repository/com/fasterxml/jackson/module/jackson-module-jaxb-annotations/2.9.5/jackson-module-jaxb-annotations-2.9.5.jar:/home/user/.m2/repository/javax/enterprise/cdi-api/1.2/cdi-api-1.2.jar:/home/user/.m2/repository/javax/el/javax.el-api/3.0.0/javax.el-api-3.0.0.jar:/home/user/.m2/repository/javax/interceptor/javax.interceptor-api/1.2/javax.interceptor-api-1.2.jar:/home/user/.m2/repository/javax/inject/javax.inject/1/javax.inject-1.jar:/opt/src/hadoop-ozone/csi/target/classes:/home/user/.m2/repository/com/google/protobuf/protobuf-java-util/3.5.1/protobuf-java-util-3.5.1.jar:/home/user/.m2/repository/io/grpc/grpc-netty/1.17.1/grpc-netty-1.17.1.jar:/home/user/.m2/repository/io/grpc/grpc-core/1.17.1/grpc-core-1.17.1.jar:/home/user/.m2/repository/io/grpc/grpc-context/1.17.1/grpc-context-1.17.1.jar:/home/user/.m2/repository/com/google/errorprone/error_prone_annotations/2.2.0/error_prone_annotations-2.2.0.jar:/home/user/.m2/repository/org/codehaus/mojo/animal-sniffer-annotations/1.17/animal-sniffer-annotations-1.17.jar:/home/user/.m2/repository/io/opencensus/opencensus-api/0.17.0/opencensus-api-0.17.0.jar:/home/user/.m2/repository/io/opencensus/opencensus-contrib-grpc-metrics/0.17.0/opencensus-contrib-grpc-metrics-0.17.0.jar:/home/user/.m2/repository/io/netty/netty-codec-http2/4.1.30.Final/netty-codec-http2-4.1.30.Final.jar:/home/user/.m2/repository/io/netty/netty-codec-http/4.1.30.Final/netty-codec-http-4.1.30.Final.jar:/home/user/.m2/repository/io/netty/netty-codec/4.1.30.Final/netty-codec-4.1.30.Final.jar:/home/user/.m2/repository/io/netty/netty-handler/4.1.30.Final/netty-handler-4.1.30.Final.jar:/home/user/.m2/repository/io/netty/netty-handler-proxy/4.1.30.Final/netty-handler-proxy-4.1.30.Final.jar:/home/user/.m2/repository/io/netty/netty-codec-socks/4.1.30.Final/netty-codec-socks-4.1.30.Final.jar:/home/user/.m2/repository/io/netty/netty-transport-native-epoll/4.1.30.Final/netty-transport-native-epoll-4.1.30.Final.jar:/home/user/.m2/repository/io/netty/netty-common/4.1.30.Final/netty-common-4.1.30.Final.jar:/home/user/.m2/repository/io/netty/netty-buffer/4.1.30.Final/netty-buffer-4.1.30.Final.jar:/home/user/.m2/repository/io/netty/netty-transport/4.1.30.Final/netty-transport-4.1.30.Final.jar:/home/user/.m2/repository/io/netty/netty-resolver/4.1.30.Final/netty-resolver-4.1.30.Final.jar:/home/user/.m2/repository/io/netty/netty-transport-native-unix-common/4.1.30.Final/netty-transport-native-unix-common-4.1.30.Final.jar:/home/user/.m2/repository/io/grpc/grpc-protobuf/1.17.1/grpc-protobuf-1.17.1.jar:/home/user/.m2/repository/com/google/api/grpc/proto-google-common-protos/1.0.0/proto-google-common-protos-1.0.0.jar:/home/user/.m2/repository/io/grpc/grpc-protobuf-lite/1.17.1/grpc-protobuf-lite-1.17.1.jar:/home/user/.m2/repository/io/grpc/grpc-stub/1.17.1/grpc-stub-1.17.1.jar:/opt/src/hadoop-ozone/ozone-recon/target/classes:/opt/src/hadoop-ozone/ozone-recon-codegen/target/classes:/home/user/.m2/repository/com/google/inject/extensions/guice-multibindings/4.0/guice-multibindings-4.0.jar:/home/user/.m2/repository/com/google/inject/guice/4.0/guice-4.0.jar:/home/user/.m2/repository/aopalliance/aopalliance/1.0/aopalliance-1.0.jar:/home/user/.m2/repository/com/google/inject/extensions/guice-servlet/4.0/guice-servlet-4.0.jar:/home/user/.m2/repository/org/glassfish/jersey/containers/jersey-container-servlet/2.27/jersey-container-servlet-2.27.jar:/home/user/.m2/repository/org/glassfish/hk2/guice-bridge/2.5.0/guice-bridge-2.5.0.jar:/home/user/.m2/repository/org/glassfish/jersey/core/jersey-server/2.27/jersey-server-2.27.jar:/home/user/.m2/repository/org/glassfish/jersey/core/jersey-client/2.27/jersey-client-2.27.jar:/home/user/.m2/repository/org/glassfish/jersey/media/jersey-media-jaxb/2.27/jersey-media-jaxb-2.27.jar:/home/user/.m2/repository/javax/validation/validation-api/1.1.0.Final/validation-api-1.1.0.Final.jar:/home/user/.m2/repository/org/glassfish/jersey/media/jersey-media-json-jackson/2.27/jersey-media-json-jackson-2.27.jar:/home/user/.m2/repository/org/glassfish/jersey/ext/jersey-entity-filtering/2.27/jersey-entity-filtering-2.27.jar:/home/user/.m2/repository/com/google/inject/extensions/guice-assistedinject/4.0/guice-assistedinject-4.0.jar:/home/user/.m2/repository/org/jooq/jooq/3.11.10/jooq-3.11.10.jar:/home/user/.m2/repository/org/jooq/jooq-meta/3.11.10/jooq-meta-3.11.10.jar:/home/user/.m2/repository/org/jooq/jooq-codegen/3.11.10/jooq-codegen-3.11.10.jar:/home/user/.m2/repository/com/jolbox/bonecp/0.8.0.RELEASE/bonecp-0.8.0.RELEASE.jar:/home/user/.m2/repository/org/springframework/spring-jdbc/5.1.3.RELEASE/spring-jdbc-5.1.3.RELEASE.jar:/home/user/.m2/repository/org/springframework/spring-beans/5.1.3.RELEASE/spring-beans-5.1.3.RELEASE.jar:/home/user/.m2/repository/org/springframework/spring-core/5.1.3.RELEASE/spring-core-5.1.3.RELEASE.jar:/home/user/.m2/repository/org/springframework/spring-jcl/5.1.3.RELEASE/spring-jcl-5.1.3.RELEASE.jar:/home/user/.m2/repository/org/springframework/spring-tx/5.1.3.RELEASE/spring-tx-5.1.3.RELEASE.jar:/home/user/.m2/repository/org/mockito/mockito-core/2.15.0/mockito-core-2.15.0.jar:/home/user/.m2/repository/net/bytebuddy/byte-buddy/1.7.9/byte-buddy-1.7.9.jar:/home/user/.m2/repository/net/bytebuddy/byte-buddy-agent/1.7.9/byte-buddy-agent-1.7.9.jar:/home/user/.m2/repository/org/objenesis/objenesis/1.0/objenesis-1.0.jar:"/>
    <property name="java.vm.vendor" value="IcedTea"/>
    <property name="sun.arch.data.model" value="64"/>
    <property name="test.build.dir" value="/opt/src/hadoop-ozone/tools/target/test-dir"/>
    <property name="test.cache.data" value=""/>
    <property name="java.vendor.url" value="https://icedtea.classpath.org"/>
    <property name="user.timezone" value=""/>
    <property name="java.vm.specification.version" value="1.8"/>
    <property name="os.name" value="Linux"/>
    <property name="test.build.data" value="/opt/src/hadoop-ozone/tools/target/test-dir"/>
    <property name="user.country" value="US"/>
    <property name="sun.java.launcher" value="SUN_STANDARD"/>
    <property name="sun.boot.library.path" value="/usr/lib/jvm/java-1.8-openjdk/jre/lib/amd64"/>
    <property name="sun.java.command" value="/opt/src/hadoop-ozone/tools/target/surefire/surefirebooter7650732954842756556.jar /opt/src/hadoop-ozone/tools/target/surefire 2019-06-18T14-48-59_486-jvmRun1 surefire3717985657282435507tmp surefire_89929171508918826877tmp"/>
    <property name="surefire.test.class.path" value="/opt/src/hadoop-ozone/tools/target/test-classes:/opt/src/hadoop-ozone/tools/target/classes:/opt/src/hadoop-ozone/ozone-manager/target/classes:/opt/src/hadoop-hdds/docs/target/classes:/home/user/.m2/repository/org/bouncycastle/bcprov-jdk15on/1.60/bcprov-jdk15on-1.60.jar:/opt/src/hadoop-ozone/common/target/classes:/home/user/.m2/repository/org/apache/commons/commons-compress/1.4.1/commons-compress-1.4.1.jar:/home/user/.m2/repository/org/tukaani/xz/1.0/xz-1.0.jar:/home/user/.m2/repository/org/apache/hadoop/hadoop-hdfs-client/3.2.0/hadoop-hdfs-client-3.2.0.jar:/home/user/.m2/repository/com/fasterxml/jackson/core/jackson-annotations/2.9.5/jackson-annotations-2.9.5.jar:/opt/src/hadoop-hdds/common/target/classes:/opt/src/hadoop-hdds/config/target/classes:/home/user/.m2/repository/javax/annotation/javax.annotation-api/1.2/javax.annotation-api-1.2.jar:/home/user/.m2/repository/org/apache/ratis/ratis-server/0.4.0-fe2b15d-SNAPSHOT/ratis-server-0.4.0-fe2b15d-SNAPSHOT.jar:/home/user/.m2/repository/org/apache/ratis/ratis-thirdparty-misc/0.2.0/ratis-thirdparty-misc-0.2.0.jar:/home/user/.m2/repository/org/apache/ratis/ratis-proto/0.4.0-fe2b15d-SNAPSHOT/ratis-proto-0.4.0-fe2b15d-SNAPSHOT.jar:/home/user/.m2/repository/org/apache/ratis/ratis-common/0.4.0-fe2b15d-SNAPSHOT/ratis-common-0.4.0-fe2b15d-SNAPSHOT.jar:/home/user/.m2/repository/org/apache/ratis/ratis-client/0.4.0-fe2b15d-SNAPSHOT/ratis-client-0.4.0-fe2b15d-SNAPSHOT.jar:/home/user/.m2/repository/org/apache/ratis/ratis-netty/0.4.0-fe2b15d-SNAPSHOT/ratis-netty-0.4.0-fe2b15d-SNAPSHOT.jar:/home/user/.m2/repository/org/apache/ratis/ratis-grpc/0.4.0-fe2b15d-SNAPSHOT/ratis-grpc-0.4.0-fe2b15d-SNAPSHOT.jar:/home/user/.m2/repository/org/rocksdb/rocksdbjni/5.14.2/rocksdbjni-5.14.2.jar:/home/user/.m2/repository/org/apache/logging/log4j/log4j-api/2.11.0/log4j-api-2.11.0.jar:/home/user/.m2/repository/org/apache/logging/log4j/log4j-core/2.11.0/log4j-core-2.11.0.jar:/home/user/.m2/repository/com/lmax/disruptor/3.4.2/disruptor-3.4.2.jar:/home/user/.m2/repository/org/apache/commons/commons-pool2/2.6.0/commons-pool2-2.6.0.jar:/home/user/.m2/repository/org/bouncycastle/bcpkix-jdk15on/1.60/bcpkix-jdk15on-1.60.jar:/home/user/.m2/repository/commons-validator/commons-validator/1.6/commons-validator-1.6.jar:/home/user/.m2/repository/commons-digester/commons-digester/1.8.1/commons-digester-1.8.1.jar:/home/user/.m2/repository/io/jaegertracing/jaeger-client/0.33.1/jaeger-client-0.33.1.jar:/home/user/.m2/repository/io/jaegertracing/jaeger-thrift/0.33.1/jaeger-thrift-0.33.1.jar:/home/user/.m2/repository/org/apache/thrift/libthrift/0.11.0/libthrift-0.11.0.jar:/home/user/.m2/repository/com/squareup/okhttp3/okhttp/3.9.0/okhttp-3.9.0.jar:/home/user/.m2/repository/com/squareup/okio/okio/1.13.0/okio-1.13.0.jar:/home/user/.m2/repository/io/jaegertracing/jaeger-core/0.33.1/jaeger-core-0.33.1.jar:/home/user/.m2/repository/io/jaegertracing/jaeger-tracerresolver/0.33.1/jaeger-tracerresolver-0.33.1.jar:/home/user/.m2/repository/io/opentracing/contrib/opentracing-tracerresolver/0.1.5/opentracing-tracerresolver-0.1.5.jar:/home/user/.m2/repository/io/opentracing/opentracing-util/0.31.0/opentracing-util-0.31.0.jar:/home/user/.m2/repository/io/opentracing/opentracing-api/0.31.0/opentracing-api-0.31.0.jar:/home/user/.m2/repository/io/opentracing/opentracing-noop/0.31.0/opentracing-noop-0.31.0.jar:/home/user/.m2/repository/org/yaml/snakeyaml/1.16/snakeyaml-1.16.jar:/opt/src/hadoop-hdds/server-scm/target/classes:/home/user/.m2/repository/org/hamcrest/hamcrest-all/1.3/hamcrest-all-1.3.jar:/opt/src/hadoop-hdds/container-service/target/classes:/opt/src/hadoop-hdds/client/target/classes:/opt/src/hadoop-hdds/tools/target/classes:/home/user/.m2/repository/org/xerial/sqlite-jdbc/3.25.2/sqlite-jdbc-3.25.2.jar:/opt/src/hadoop-ozone/client/target/classes:/home/user/.m2/repository/org/apache/hadoop/hadoop-ozone-filesystem/0.5.0-SNAPSHOT/hadoop-ozone-filesystem-0.5.0-SNAPSHOT.jar:/opt/src/hadoop-hdds/framework/target/classes:/home/user/.m2/repository/info/picocli/picocli/3.9.6/picocli-3.9.6.jar:/home/user/.m2/repository/com/google/protobuf/protobuf-java/2.5.0/protobuf-java-2.5.0.jar:/home/user/.m2/repository/com/google/guava/guava/11.0.2/guava-11.0.2.jar:/home/user/.m2/repository/org/apache/hadoop/hadoop-common/3.2.0/hadoop-common-3.2.0.jar:/home/user/.m2/repository/org/apache/hadoop/hadoop-annotations/3.2.0/hadoop-annotations-3.2.0.jar:/usr/lib/jvm/java-1.8-openjdk/jre/../lib/tools.jar:/home/user/.m2/repository/commons-cli/commons-cli/1.2/commons-cli-1.2.jar:/home/user/.m2/repository/org/apache/commons/commons-math3/3.1.1/commons-math3-3.1.1.jar:/home/user/.m2/repository/org/apache/httpcomponents/httpclient/4.5.2/httpclient-4.5.2.jar:/home/user/.m2/repository/org/apache/httpcomponents/httpcore/4.4.4/httpcore-4.4.4.jar:/home/user/.m2/repository/commons-codec/commons-codec/1.11/commons-codec-1.11.jar:/home/user/.m2/repository/commons-io/commons-io/2.5/commons-io-2.5.jar:/home/user/.m2/repository/commons-net/commons-net/3.6/commons-net-3.6.jar:/home/user/.m2/repository/commons-collections/commons-collections/3.2.2/commons-collections-3.2.2.jar:/home/user/.m2/repository/javax/servlet/javax.servlet-api/3.1.0/javax.servlet-api-3.1.0.jar:/home/user/.m2/repository/org/eclipse/jetty/jetty-server/9.3.24.v20180605/jetty-server-9.3.24.v20180605.jar:/home/user/.m2/repository/org/eclipse/jetty/jetty-http/9.3.24.v20180605/jetty-http-9.3.24.v20180605.jar:/home/user/.m2/repository/org/eclipse/jetty/jetty-io/9.3.24.v20180605/jetty-io-9.3.24.v20180605.jar:/home/user/.m2/repository/org/eclipse/jetty/jetty-util/9.3.24.v20180605/jetty-util-9.3.24.v20180605.jar:/home/user/.m2/repository/org/eclipse/jetty/jetty-servlet/9.3.24.v20180605/jetty-servlet-9.3.24.v20180605.jar:/home/user/.m2/repository/org/eclipse/jetty/jetty-security/9.3.24.v20180605/jetty-security-9.3.24.v20180605.jar:/home/user/.m2/repository/org/eclipse/jetty/jetty-webapp/9.3.24.v20180605/jetty-webapp-9.3.24.v20180605.jar:/home/user/.m2/repository/org/eclipse/jetty/jetty-xml/9.3.24.v20180605/jetty-xml-9.3.24.v20180605.jar:/home/user/.m2/repository/javax/servlet/jsp/jsp-api/2.1/jsp-api-2.1.jar:/home/user/.m2/repository/com/sun/jersey/jersey-core/1.19/jersey-core-1.19.jar:/home/user/.m2/repository/javax/ws/rs/jsr311-api/1.1.1/jsr311-api-1.1.1.jar:/home/user/.m2/repository/com/sun/jersey/jersey-servlet/1.19/jersey-servlet-1.19.jar:/home/user/.m2/repository/com/sun/jersey/jersey-json/1.19/jersey-json-1.19.jar:/home/user/.m2/repository/org/codehaus/jettison/jettison/1.1/jettison-1.1.jar:/home/user/.m2/repository/com/sun/xml/bind/jaxb-impl/2.3.0.1/jaxb-impl-2.3.0.1.jar:/home/user/.m2/repository/org/codehaus/jackson/jackson-core-asl/1.9.13/jackson-core-asl-1.9.13.jar:/home/user/.m2/repository/org/codehaus/jackson/jackson-mapper-asl/1.9.13/jackson-mapper-asl-1.9.13.jar:/home/user/.m2/repository/org/codehaus/jackson/jackson-jaxrs/1.9.13/jackson-jaxrs-1.9.13.jar:/home/user/.m2/repository/org/codehaus/jackson/jackson-xc/1.9.13/jackson-xc-1.9.13.jar:/home/user/.m2/repository/com/sun/jersey/jersey-server/1.19/jersey-server-1.19.jar:/home/user/.m2/repository/commons-logging/commons-logging/1.1.3/commons-logging-1.1.3.jar:/home/user/.m2/repository/log4j/log4j/1.2.17/log4j-1.2.17.jar:/home/user/.m2/repository/commons-beanutils/commons-beanutils/1.9.3/commons-beanutils-1.9.3.jar:/home/user/.m2/repository/org/apache/commons/commons-configuration2/2.1.1/commons-configuration2-2.1.1.jar:/home/user/.m2/repository/org/apache/commons/commons-lang3/3.7/commons-lang3-3.7.jar:/home/user/.m2/repository/org/apache/commons/commons-text/1.4/commons-text-1.4.jar:/home/user/.m2/repository/org/slf4j/slf4j-api/1.7.25/slf4j-api-1.7.25.jar:/home/user/.m2/repository/org/slf4j/slf4j-log4j12/1.7.25/slf4j-log4j12-1.7.25.jar:/home/user/.m2/repository/org/apache/avro/avro/1.7.7/avro-1.7.7.jar:/home/user/.m2/repository/com/thoughtworks/paranamer/paranamer/2.3/paranamer-2.3.jar:/home/user/.m2/repository/org/xerial/snappy/snappy-java/1.0.5/snappy-java-1.0.5.jar:/home/user/.m2/repository/com/google/re2j/re2j/1.1/re2j-1.1.jar:/home/user/.m2/repository/com/google/code/gson/gson/2.2.4/gson-2.2.4.jar:/home/user/.m2/repository/org/apache/hadoop/hadoop-auth/3.2.0/hadoop-auth-3.2.0.jar:/home/user/.m2/repository/com/nimbusds/nimbus-jose-jwt/4.41.1/nimbus-jose-jwt-4.41.1.jar:/home/user/.m2/repository/com/github/stephenc/jcip/jcip-annotations/1.0-1/jcip-annotations-1.0-1.jar:/home/user/.m2/repository/net/minidev/json-smart/2.3/json-smart-2.3.jar:/home/user/.m2/repository/net/minidev/accessors-smart/1.2/accessors-smart-1.2.jar:/home/user/.m2/repository/org/apache/curator/curator-framework/2.12.0/curator-framework-2.12.0.jar:/home/user/.m2/repository/com/jcraft/jsch/0.1.54/jsch-0.1.54.jar:/home/user/.m2/repository/org/apache/curator/curator-client/2.12.0/curator-client-2.12.0.jar:/home/user/.m2/repository/org/apache/curator/curator-recipes/2.12.0/curator-recipes-2.12.0.jar:/home/user/.m2/repository/com/google/code/findbugs/jsr305/3.0.0/jsr305-3.0.0.jar:/home/user/.m2/repository/org/apache/htrace/htrace-core4/4.1.0-incubating/htrace-core4-4.1.0-incubating.jar:/home/user/.m2/repository/org/apache/zookeeper/zookeeper/3.4.13/zookeeper-3.4.13.jar:/home/user/.m2/repository/org/apache/yetus/audience-annotations/0.5.0/audience-annotations-0.5.0.jar:/home/user/.m2/repository/org/apache/kerby/kerb-simplekdc/1.0.1/kerb-simplekdc-1.0.1.jar:/home/user/.m2/repository/org/apache/kerby/kerb-client/1.0.1/kerb-client-1.0.1.jar:/home/user/.m2/repository/org/apache/kerby/kerby-config/1.0.1/kerby-config-1.0.1.jar:/home/user/.m2/repository/org/apache/kerby/kerb-core/1.0.1/kerb-core-1.0.1.jar:/home/user/.m2/repository/org/apache/kerby/kerby-pkix/1.0.1/kerby-pkix-1.0.1.jar:/home/user/.m2/repository/org/apache/kerby/kerby-asn1/1.0.1/kerby-asn1-1.0.1.jar:/home/user/.m2/repository/org/apache/kerby/kerby-util/1.0.1/kerby-util-1.0.1.jar:/home/user/.m2/repository/org/apache/kerby/kerb-common/1.0.1/kerb-common-1.0.1.jar:/home/user/.m2/repository/org/apache/kerby/kerb-crypto/1.0.1/kerb-crypto-1.0.1.jar:/home/user/.m2/repository/org/apache/kerby/kerb-util/1.0.1/kerb-util-1.0.1.jar:/home/user/.m2/repository/org/apache/kerby/token-provider/1.0.1/token-provider-1.0.1.jar:/home/user/.m2/repository/org/apache/kerby/kerb-admin/1.0.1/kerb-admin-1.0.1.jar:/home/user/.m2/repository/org/apache/kerby/kerb-server/1.0.1/kerb-server-1.0.1.jar:/home/user/.m2/repository/org/apache/kerby/kerb-identity/1.0.1/kerb-identity-1.0.1.jar:/home/user/.m2/repository/org/apache/kerby/kerby-xdr/1.0.1/kerby-xdr-1.0.1.jar:/home/user/.m2/repository/com/fasterxml/jackson/core/jackson-databind/2.9.5/jackson-databind-2.9.5.jar:/home/user/.m2/repository/com/fasterxml/jackson/core/jackson-core/2.9.5/jackson-core-2.9.5.jar:/home/user/.m2/repository/org/codehaus/woodstox/stax2-api/3.1.4/stax2-api-3.1.4.jar:/home/user/.m2/repository/com/fasterxml/woodstox/woodstox-core/5.0.3/woodstox-core-5.0.3.jar:/home/user/.m2/repository/dnsjava/dnsjava/2.1.7/dnsjava-2.1.7.jar:/home/user/.m2/repository/org/apache/hadoop/hadoop-hdfs/3.2.0/hadoop-hdfs-3.2.0.jar:/home/user/.m2/repository/org/eclipse/jetty/jetty-util-ajax/9.3.24.v20180605/jetty-util-ajax-9.3.24.v20180605.jar:/home/user/.m2/repository/commons-daemon/commons-daemon/1.0.13/commons-daemon-1.0.13.jar:/home/user/.m2/repository/io/netty/netty/3.10.5.Final/netty-3.10.5.Final.jar:/home/user/.m2/repository/io/netty/netty-all/4.0.52.Final/netty-all-4.0.52.Final.jar:/home/user/.m2/repository/org/fusesource/leveldbjni/leveldbjni-all/1.8/leveldbjni-all-1.8.jar:/home/user/.m2/repository/com/sun/xml/bind/jaxb-core/2.3.0.1/jaxb-core-2.3.0.1.jar:/home/user/.m2/repository/javax/xml/bind/jaxb-api/2.3.0/jaxb-api-2.3.0.jar:/home/user/.m2/repository/javax/activation/activation/1.1.1/activation-1.1.1.jar:/home/user/.m2/repository/io/dropwizard/metrics/metrics-core/3.2.4/metrics-core-3.2.4.jar:/home/user/.m2/repository/org/openjdk/jmh/jmh-core/1.19/jmh-core-1.19.jar:/home/user/.m2/repository/net/sf/jopt-simple/jopt-simple/4.6/jopt-simple-4.6.jar:/home/user/.m2/repository/org/openjdk/jmh/jmh-generator-annprocess/1.19/jmh-generator-annprocess-1.19.jar:/home/user/.m2/repository/com/google/code/findbugs/findbugs/3.0.1/findbugs-3.0.1.jar:/home/user/.m2/repository/net/jcip/jcip-annotations/1.0/jcip-annotations-1.0.jar:/home/user/.m2/repository/com/google/code/findbugs/bcel-findbugs/6.0/bcel-findbugs-6.0.jar:/home/user/.m2/repository/com/google/code/findbugs/jFormatString/2.0.1/jFormatString-2.0.1.jar:/home/user/.m2/repository/dom4j/dom4j/1.6.1/dom4j-1.6.1.jar:/home/user/.m2/repository/xml-apis/xml-apis/1.0.b2/xml-apis-1.0.b2.jar:/home/user/.m2/repository/org/ow2/asm/asm-debug-all/5.0.2/asm-debug-all-5.0.2.jar:/home/user/.m2/repository/org/ow2/asm/asm-commons/5.0.2/asm-commons-5.0.2.jar:/home/user/.m2/repository/org/ow2/asm/asm-tree/5.0.2/asm-tree-5.0.2.jar:/home/user/.m2/repository/org/ow2/asm/asm/5.0.4/asm-5.0.4.jar:/home/user/.m2/repository/commons-lang/commons-lang/2.6/commons-lang-2.6.jar:/home/user/.m2/repository/com/apple/AppleJavaExtensions/1.4/AppleJavaExtensions-1.4.jar:/home/user/.m2/repository/jaxen/jaxen/1.1.6/jaxen-1.1.6.jar:/home/user/.m2/repository/junit/junit/4.11/junit-4.11.jar:/home/user/.m2/repository/org/hamcrest/hamcrest-core/1.3/hamcrest-core-1.3.jar:/home/user/.m2/repository/org/apache/hadoop/hadoop-common/3.2.0/hadoop-common-3.2.0-tests.jar:/home/user/.m2/repository/org/apache/hadoop/hadoop-ozone-integration-test/0.5.0-SNAPSHOT/hadoop-ozone-integration-test-0.5.0-SNAPSHOT-tests.jar:/opt/src/hadoop-ozone/objectstore-service/target/classes:/opt/src/hadoop-ozone/s3gateway/target/classes:/home/user/.m2/repository/org/jboss/weld/servlet/weld-servlet/2.4.7.Final/weld-servlet-2.4.7.Final.jar:/home/user/.m2/repository/org/glassfish/jersey/containers/jersey-container-servlet-core/2.27/jersey-container-servlet-core-2.27.jar:/home/user/.m2/repository/org/glassfish/hk2/external/javax.inject/2.5.0-b42/javax.inject-2.5.0-b42.jar:/home/user/.m2/repository/org/glassfish/jersey/core/jersey-common/2.27/jersey-common-2.27.jar:/home/user/.m2/repository/org/glassfish/hk2/osgi-resource-locator/1.0.1/osgi-resource-locator-1.0.1.jar:/home/user/.m2/repository/javax/ws/rs/javax.ws.rs-api/2.1/javax.ws.rs-api-2.1.jar:/home/user/.m2/repository/org/glassfish/jersey/ext/cdi/jersey-cdi1x/2.27/jersey-cdi1x-2.27.jar:/home/user/.m2/repository/org/glassfish/jersey/inject/jersey-hk2/2.27/jersey-hk2-2.27.jar:/home/user/.m2/repository/org/glassfish/hk2/hk2-locator/2.5.0-b42/hk2-locator-2.5.0-b42.jar:/home/user/.m2/repository/org/javassist/javassist/3.22.0-CR2/javassist-3.22.0-CR2.jar:/home/user/.m2/repository/org/glassfish/hk2/hk2-api/2.5.0/hk2-api-2.5.0.jar:/home/user/.m2/repository/org/glassfish/hk2/external/jakarta.inject/2.5.0/jakarta.inject-2.5.0.jar:/home/user/.m2/repository/org/glassfish/hk2/hk2-utils/2.5.0/hk2-utils-2.5.0.jar:/home/user/.m2/repository/jakarta/annotation/jakarta.annotation-api/1.3.4/jakarta.annotation-api-1.3.4.jar:/home/user/.m2/repository/org/glassfish/hk2/external/aopalliance-repackaged/2.5.0/aopalliance-repackaged-2.5.0.jar:/home/user/.m2/repository/com/fasterxml/jackson/dataformat/jackson-dataformat-xml/2.9.0/jackson-dataformat-xml-2.9.0.jar:/home/user/.m2/repository/com/fasterxml/jackson/module/jackson-module-jaxb-annotations/2.9.5/jackson-module-jaxb-annotations-2.9.5.jar:/home/user/.m2/repository/javax/enterprise/cdi-api/1.2/cdi-api-1.2.jar:/home/user/.m2/repository/javax/el/javax.el-api/3.0.0/javax.el-api-3.0.0.jar:/home/user/.m2/repository/javax/interceptor/javax.interceptor-api/1.2/javax.interceptor-api-1.2.jar:/home/user/.m2/repository/javax/inject/javax.inject/1/javax.inject-1.jar:/opt/src/hadoop-ozone/csi/target/classes:/home/user/.m2/repository/com/google/protobuf/protobuf-java-util/3.5.1/protobuf-java-util-3.5.1.jar:/home/user/.m2/repository/io/grpc/grpc-netty/1.17.1/grpc-netty-1.17.1.jar:/home/user/.m2/repository/io/grpc/grpc-core/1.17.1/grpc-core-1.17.1.jar:/home/user/.m2/repository/io/grpc/grpc-context/1.17.1/grpc-context-1.17.1.jar:/home/user/.m2/repository/com/google/errorprone/error_prone_annotations/2.2.0/error_prone_annotations-2.2.0.jar:/home/user/.m2/repository/org/codehaus/mojo/animal-sniffer-annotations/1.17/animal-sniffer-annotations-1.17.jar:/home/user/.m2/repository/io/opencensus/opencensus-api/0.17.0/opencensus-api-0.17.0.jar:/home/user/.m2/repository/io/opencensus/opencensus-contrib-grpc-metrics/0.17.0/opencensus-contrib-grpc-metrics-0.17.0.jar:/home/user/.m2/repository/io/netty/netty-codec-http2/4.1.30.Final/netty-codec-http2-4.1.30.Final.jar:/home/user/.m2/repository/io/netty/netty-codec-http/4.1.30.Final/netty-codec-http-4.1.30.Final.jar:/home/user/.m2/repository/io/netty/netty-codec/4.1.30.Final/netty-codec-4.1.30.Final.jar:/home/user/.m2/repository/io/netty/netty-handler/4.1.30.Final/netty-handler-4.1.30.Final.jar:/home/user/.m2/repository/io/netty/netty-handler-proxy/4.1.30.Final/netty-handler-proxy-4.1.30.Final.jar:/home/user/.m2/repository/io/netty/netty-codec-socks/4.1.30.Final/netty-codec-socks-4.1.30.Final.jar:/home/user/.m2/repository/io/netty/netty-transport-native-epoll/4.1.30.Final/netty-transport-native-epoll-4.1.30.Final.jar:/home/user/.m2/repository/io/netty/netty-common/4.1.30.Final/netty-common-4.1.30.Final.jar:/home/user/.m2/repository/io/netty/netty-buffer/4.1.30.Final/netty-buffer-4.1.30.Final.jar:/home/user/.m2/repository/io/netty/netty-transport/4.1.30.Final/netty-transport-4.1.30.Final.jar:/home/user/.m2/repository/io/netty/netty-resolver/4.1.30.Final/netty-resolver-4.1.30.Final.jar:/home/user/.m2/repository/io/netty/netty-transport-native-unix-common/4.1.30.Final/netty-transport-native-unix-common-4.1.30.Final.jar:/home/user/.m2/repository/io/grpc/grpc-protobuf/1.17.1/grpc-protobuf-1.17.1.jar:/home/user/.m2/repository/com/google/api/grpc/proto-google-common-protos/1.0.0/proto-google-common-protos-1.0.0.jar:/home/user/.m2/repository/io/grpc/grpc-protobuf-lite/1.17.1/grpc-protobuf-lite-1.17.1.jar:/home/user/.m2/repository/io/grpc/grpc-stub/1.17.1/grpc-stub-1.17.1.jar:/opt/src/hadoop-ozone/ozone-recon/target/classes:/opt/src/hadoop-ozone/ozone-recon-codegen/target/classes:/home/user/.m2/repository/com/google/inject/extensions/guice-multibindings/4.0/guice-multibindings-4.0.jar:/home/user/.m2/repository/com/google/inject/guice/4.0/guice-4.0.jar:/home/user/.m2/repository/aopalliance/aopalliance/1.0/aopalliance-1.0.jar:/home/user/.m2/repository/com/google/inject/extensions/guice-servlet/4.0/guice-servlet-4.0.jar:/home/user/.m2/repository/org/glassfish/jersey/containers/jersey-container-servlet/2.27/jersey-container-servlet-2.27.jar:/home/user/.m2/repository/org/glassfish/hk2/guice-bridge/2.5.0/guice-bridge-2.5.0.jar:/home/user/.m2/repository/org/glassfish/jersey/core/jersey-server/2.27/jersey-server-2.27.jar:/home/user/.m2/repository/org/glassfish/jersey/core/jersey-client/2.27/jersey-client-2.27.jar:/home/user/.m2/repository/org/glassfish/jersey/media/jersey-media-jaxb/2.27/jersey-media-jaxb-2.27.jar:/home/user/.m2/repository/javax/validation/validation-api/1.1.0.Final/validation-api-1.1.0.Final.jar:/home/user/.m2/repository/org/glassfish/jersey/media/jersey-media-json-jackson/2.27/jersey-media-json-jackson-2.27.jar:/home/user/.m2/repository/org/glassfish/jersey/ext/jersey-entity-filtering/2.27/jersey-entity-filtering-2.27.jar:/home/user/.m2/repository/com/google/inject/extensions/guice-assistedinject/4.0/guice-assistedinject-4.0.jar:/home/user/.m2/repository/org/jooq/jooq/3.11.10/jooq-3.11.10.jar:/home/user/.m2/repository/org/jooq/jooq-meta/3.11.10/jooq-meta-3.11.10.jar:/home/user/.m2/repository/org/jooq/jooq-codegen/3.11.10/jooq-codegen-3.11.10.jar:/home/user/.m2/repository/com/jolbox/bonecp/0.8.0.RELEASE/bonecp-0.8.0.RELEASE.jar:/home/user/.m2/repository/org/springframework/spring-jdbc/5.1.3.RELEASE/spring-jdbc-5.1.3.RELEASE.jar:/home/user/.m2/repository/org/springframework/spring-beans/5.1.3.RELEASE/spring-beans-5.1.3.RELEASE.jar:/home/user/.m2/repository/org/springframework/spring-core/5.1.3.RELEASE/spring-core-5.1.3.RELEASE.jar:/home/user/.m2/repository/org/springframework/spring-jcl/5.1.3.RELEASE/spring-jcl-5.1.3.RELEASE.jar:/home/user/.m2/repository/org/springframework/spring-tx/5.1.3.RELEASE/spring-tx-5.1.3.RELEASE.jar:/home/user/.m2/repository/org/mockito/mockito-core/2.15.0/mockito-core-2.15.0.jar:/home/user/.m2/repository/net/bytebuddy/byte-buddy/1.7.9/byte-buddy-1.7.9.jar:/home/user/.m2/repository/net/bytebuddy/byte-buddy-agent/1.7.9/byte-buddy-agent-1.7.9.jar:/home/user/.m2/repository/org/objenesis/objenesis/1.0/objenesis-1.0.jar:"/>
    <property name="sun.cpu.endian" value="little"/>
    <property name="user.home" value="/home/user"/>
    <property name="user.language" value="en"/>
    <property name="java.specification.vendor" value="Oracle Corporation"/>
    <property name="java.home" value="/usr/lib/jvm/java-1.8-openjdk/jre"/>
    <property name="java.security.krb5.conf" value="/opt/src/hadoop-ozone/tools/target/test-classes/krb5.conf"/>
    <property name="basedir" value="/opt/src/hadoop-ozone/tools"/>
    <property name="file.separator" value="/"/>
    <property name="line.separator" value="&#10;"/>
    <property name="java.vm.specification.vendor" value="Oracle Corporation"/>
    <property name="java.specification.name" value="Java Platform API Specification"/>
    <property name="java.awt.graphicsenv" value="sun.awt.X11GraphicsEnvironment"/>
    <property name="surefire.real.class.path" value="/opt/src/hadoop-ozone/tools/target/surefire/surefirebooter7650732954842756556.jar"/>
    <property name="hadoop.log.dir" value="/opt/src/hadoop-ozone/tools/target/log"/>
    <property name="sun.boot.class.path" value="/usr/lib/jvm/java-1.8-openjdk/jre/lib/resources.jar:/usr/lib/jvm/java-1.8-openjdk/jre/lib/rt.jar:/usr/lib/jvm/java-1.8-openjdk/jre/lib/sunrsasign.jar:/usr/lib/jvm/java-1.8-openjdk/jre/lib/jsse.jar:/usr/lib/jvm/java-1.8-openjdk/jre/lib/jce.jar:/usr/lib/jvm/java-1.8-openjdk/jre/lib/charsets.jar:/usr/lib/jvm/java-1.8-openjdk/jre/lib/jfr.jar:/usr/lib/jvm/java-1.8-openjdk/jre/classes"/>
    <property name="sun.management.compiler" value="HotSpot 64-Bit Tiered Compilers"/>
    <property name="java.runtime.version" value="1.8.0_212-b04"/>
    <property name="java.net.preferIPv4Stack" value="true"/>
    <property name="user.name" value="jenkins1000"/>
    <property name="path.separator" value=":"/>
    <property name="java.security.egd" value="file:///dev/urandom"/>
    <property name="os.version" value="4.15.0-1021-aws"/>
    <property name="java.endorsed.dirs" value="/usr/lib/jvm/java-1.8-openjdk/jre/lib/endorsed"/>
    <property name="java.runtime.name" value="OpenJDK Runtime Environment"/>
    <property name="file.encoding" value="UTF-8"/>
    <property name="java.vm.name" value="OpenJDK 64-Bit Server VM"/>
    <property name="test.build.webapps" value=""/>
    <property name="localRepository" value="/home/user/.m2/repository"/>
    <property name="java.vendor.url.bug" value="https://icedtea.classpath.org/bugzilla"/>
    <property name="java.io.tmpdir" value="/tmp"/>
    <property name="require.test.libhadoop" value=""/>
    <property name="java.version" value="1.8.0_212"/>
    <property name="user.dir" value="/opt/src/hadoop-ozone/tools"/>
    <property name="os.arch" value="amd64"/>
    <property name="java.vm.specification.name" value="Java Virtual Machine Specification"/>
    <property name="test.build.classes" value="/opt/src/hadoop-ozone/tools/target/test-classes"/>
    <property name="java.awt.printerjob" value="sun.print.PSPrinterJob"/>
    <property name="sun.os.patch.level" value="unknown"/>
    <property name="hadoop.tmp.dir" value="/opt/src/hadoop-ozone/tools/target/tmp"/>
    <property name="java.library.path" value="/usr/lib/jvm/java-1.8-openjdk/jre/lib/amd64/server:/usr/lib/jvm/java-1.8-openjdk/jre/lib/amd64:/usr/lib/jvm/java-1.8-openjdk/jre/../lib/amd64:/opt/src/hadoop-ozone/tools/target/native/target/usr/local/lib:/opt/src/hadoop-ozone/tools/../../hadoop-common-project/hadoop-common/target/native/target/usr/local/lib:/usr/java/packages/lib/amd64:/usr/lib64:/lib64:/lib:/usr/lib"/>
    <property name="java.vm.info" value="mixed mode"/>
    <property name="java.vendor" value="IcedTea"/>
    <property name="java.vm.version" value="25.212-b04"/>
    <property name="java.ext.dirs" value="/usr/lib/jvm/java-1.8-openjdk/jre/lib/ext:/usr/java/packages/lib/ext"/>
    <property name="sun.io.unicode.encoding" value="UnicodeLittle"/>
    <property name="java.class.version" value="52.0"/>
  </properties>
  <testcase name="testRestart" classname="org.apache.hadoop.ozone.freon.TestFreonWithPipelineDestroy" time="9.818">
    <error message="Unexpected Storage Container Exception: org.apache.hadoop.hdds.scm.container.common.helpers.StorageContainerException: ContainerID 4 does not exist" type="java.io.IOException">java.io.IOException: Unexpected Storage Container Exception: org.apache.hadoop.hdds.scm.container.common.helpers.StorageContainerException: ContainerID 4 does not exist
	at org.apache.hadoop.hdds.scm.storage.BlockOutputStream.setIoException(BlockOutputStream.java:548)
	at org.apache.hadoop.hdds.scm.storage.BlockOutputStream.validateResponse(BlockOutputStream.java:539)
	at org.apache.hadoop.hdds.scm.storage.BlockOutputStream.lambda$writeChunkToContainer$2(BlockOutputStream.java:614)
	at java.util.concurrent.CompletableFuture.uniApply(CompletableFuture.java:602)
	at java.util.concurrent.CompletableFuture$UniApply.tryFire(CompletableFuture.java:577)
	at java.util.concurrent.CompletableFuture$Completion.run(CompletableFuture.java:442)
	at java.util.concurrent.ThreadPoolExecutor.runWorker(ThreadPoolExecutor.java:1149)
	at java.util.concurrent.ThreadPoolExecutor$Worker.run(ThreadPoolExecutor.java:624)
	at java.lang.Thread.run(Thread.java:748)
Caused by: org.apache.hadoop.hdds.scm.container.common.helpers.StorageContainerException: ContainerID 4 does not exist
	at org.apache.hadoop.hdds.scm.storage.ContainerProtocolCalls.validateContainerResponse(ContainerProtocolCalls.java:536)
	at org.apache.hadoop.hdds.scm.storage.BlockOutputStream.validateResponse(BlockOutputStream.java:536)
	... 7 more
</error>
    <system-out><![CDATA[2019-06-18 14:53:42,145 WARN  server.ServerUtils (ServerUtils.java:getScmDbDir(145)) - ozone.scm.db.dirs is not configured. We recommend adding this setting. Falling back to ozone.metadata.dirs instead.
2019-06-18 14:53:42,244 WARN  server.ServerUtils (ServerUtils.java:getScmDbDir(145)) - ozone.scm.db.dirs is not configured. We recommend adding this setting. Falling back to ozone.metadata.dirs instead.
2019-06-18 14:53:42,247 WARN  server.ServerUtils (ServerUtils.java:getScmDbDir(145)) - ozone.scm.db.dirs is not configured. We recommend adding this setting. Falling back to ozone.metadata.dirs instead.
2019-06-18 14:53:42,267 INFO  util.log (Log.java:initialized(192)) - Logging initialized @873ms
2019-06-18 14:53:42,384 INFO  db.DBStoreBuilder (DBStoreBuilder.java:addTable(110)) - using custom profile for table: deletedBlocks
2019-06-18 14:53:42,384 INFO  db.DBStoreBuilder (DBStoreBuilder.java:processTables(161)) - Using default column profile:DBProfile.DISK for Table:deletedBlocks
2019-06-18 14:53:42,385 INFO  db.DBStoreBuilder (DBStoreBuilder.java:addTable(110)) - using custom profile for table: validCerts
2019-06-18 14:53:42,385 INFO  db.DBStoreBuilder (DBStoreBuilder.java:processTables(161)) - Using default column profile:DBProfile.DISK for Table:validCerts
2019-06-18 14:53:42,385 INFO  db.DBStoreBuilder (DBStoreBuilder.java:addTable(110)) - using custom profile for table: revokedCerts
2019-06-18 14:53:42,386 INFO  db.DBStoreBuilder (DBStoreBuilder.java:processTables(161)) - Using default column profile:DBProfile.DISK for Table:revokedCerts
2019-06-18 14:53:42,397 INFO  db.DBStoreBuilder (DBStoreBuilder.java:addTable(110)) - using custom profile for table: default
2019-06-18 14:53:42,397 INFO  db.DBStoreBuilder (DBStoreBuilder.java:processTables(167)) - Using default column profile:DBProfile.DISK for Table:default
2019-06-18 14:53:42,399 INFO  db.DBStoreBuilder (DBStoreBuilder.java:getDbProfile(198)) - Using default options. DBProfile.DISK
2019-06-18 14:53:42,460 INFO  net.NodeSchemaLoader (NodeSchemaLoader.java:loadSchemaFromFile(125)) - Loading file from sun.misc.CompoundEnumeration@2f112965
2019-06-18 14:53:42,462 INFO  net.NodeSchemaLoader (NodeSchemaLoader.java:loadSchema(171)) - Loading network topology layer schema file
2019-06-18 14:53:42,533 INFO  node.SCMNodeManager (SCMNodeManager.java:<init>(119)) - Entering startup safe mode.
2019-06-18 14:53:42,614 WARN  server.ServerUtils (ServerUtils.java:getScmDbDir(145)) - ozone.scm.db.dirs is not configured. We recommend adding this setting. Falling back to ozone.metadata.dirs instead.
2019-06-18 14:53:42,636 INFO  pipeline.SCMPipelineManager (SCMPipelineManager.java:initializePipelineState(126)) - No pipeline exists in current db
2019-06-18 14:53:42,637 WARN  server.ServerUtils (ServerUtils.java:getScmDbDir(145)) - ozone.scm.db.dirs is not configured. We recommend adding this setting. Falling back to ozone.metadata.dirs instead.
2019-06-18 14:53:42,692 WARN  events.EventQueue (EventQueue.java:fireEvent(175)) - No event handler registered for event TypedEvent{payloadType=SafeModeStatus, name='SafeModeStatus'}
2019-06-18 14:53:43,092 INFO  ipc.CallQueueManager (CallQueueManager.java:<init>(84)) - Using callQueue: class java.util.concurrent.LinkedBlockingQueue, queueCapacity: 2000, scheduler: class org.apache.hadoop.ipc.DefaultRpcScheduler, ipcBackoff: false.
2019-06-18 14:53:43,119 INFO  ipc.Server (Server.java:run(1074)) - Starting Socket Reader #1 for port 41607
2019-06-18 14:53:43,145 INFO  ipc.CallQueueManager (CallQueueManager.java:<init>(84)) - Using callQueue: class java.util.concurrent.LinkedBlockingQueue, queueCapacity: 2000, scheduler: class org.apache.hadoop.ipc.DefaultRpcScheduler, ipcBackoff: false.
2019-06-18 14:53:43,145 INFO  ipc.Server (Server.java:run(1074)) - Starting Socket Reader #1 for port 36913
2019-06-18 14:53:43,152 INFO  ipc.CallQueueManager (CallQueueManager.java:<init>(84)) - Using callQueue: class java.util.concurrent.LinkedBlockingQueue, queueCapacity: 2000, scheduler: class org.apache.hadoop.ipc.DefaultRpcScheduler, ipcBackoff: false.
2019-06-18 14:53:43,152 INFO  ipc.Server (Server.java:run(1074)) - Starting Socket Reader #1 for port 46535
2019-06-18 14:53:43,176 INFO  hdfs.DFSUtil (DFSUtil.java:httpServerTemplateForNNAndJN(1641)) - Starting Web-server for scm at: http://0.0.0.0:0
2019-06-18 14:53:43,415 INFO  server.AuthenticationFilter (AuthenticationFilter.java:constructSecretProvider(240)) - Unable to initialize FileSignerSecretProvider, falling back to use random secrets.
2019-06-18 14:53:43,433 WARN  http.HttpRequestLog (HttpRequestLog.java:getRequestLog(97)) - Jetty request log can only be enabled using Log4j
2019-06-18 14:53:43,443 INFO  http.HttpServer2 (HttpServer2.java:addGlobalFilter(975)) - Added global filter 'safety' (class=org.apache.hadoop.http.HttpServer2$QuotingInputFilter)
2019-06-18 14:53:43,446 INFO  http.HttpServer2 (HttpServer2.java:addFilter(948)) - Added filter static_user_filter (class=org.apache.hadoop.http.lib.StaticUserWebFilter$StaticUserFilter) to context scm
2019-06-18 14:53:43,446 INFO  http.HttpServer2 (HttpServer2.java:addFilter(958)) - Added filter static_user_filter (class=org.apache.hadoop.http.lib.StaticUserWebFilter$StaticUserFilter) to context logs
2019-06-18 14:53:43,446 INFO  http.HttpServer2 (HttpServer2.java:addFilter(958)) - Added filter static_user_filter (class=org.apache.hadoop.http.lib.StaticUserWebFilter$StaticUserFilter) to context static
2019-06-18 14:53:43,474 INFO  server.StorageContainerManager (StorageContainerManager.java:start(753)) - StorageContainerLocationProtocol RPC server is listening at /0.0.0.0:46535
2019-06-18 14:53:43,532 WARN  impl.MetricsConfig (MetricsConfig.java:loadFirst(134)) - Cannot locate configuration: tried hadoop-metrics2-storagecontainermanager.properties,hadoop-metrics2.properties
2019-06-18 14:53:43,547 INFO  impl.MetricsSystemImpl (MetricsSystemImpl.java:startTimer(374)) - Scheduled Metric snapshot period at 10 second(s).
2019-06-18 14:53:43,548 INFO  impl.MetricsSystemImpl (MetricsSystemImpl.java:start(191)) - StorageContainerManager metrics system started
2019-06-18 14:53:43,797 INFO  server.SCMClientProtocolServer (SCMClientProtocolServer.java:start(149)) - RPC server for Client  is listening at /0.0.0.0:46535
2019-06-18 14:53:43,798 INFO  ipc.Server (Server.java:run(1314)) - IPC Server Responder: starting
2019-06-18 14:53:43,801 INFO  ipc.Server (Server.java:run(1153)) - IPC Server listener on 46535: starting
2019-06-18 14:53:43,826 INFO  server.StorageContainerManager (StorageContainerManager.java:start(762)) - ScmBlockLocationProtocol RPC server is listening at /0.0.0.0:36913
2019-06-18 14:53:43,826 INFO  server.SCMBlockProtocolServer (SCMBlockProtocolServer.java:start(137)) - RPC server for Block Protocol is listening at /0.0.0.0:36913
2019-06-18 14:53:43,826 INFO  ipc.Server (Server.java:run(1314)) - IPC Server Responder: starting
2019-06-18 14:53:43,826 INFO  ipc.Server (Server.java:run(1153)) - IPC Server listener on 36913: starting
2019-06-18 14:53:43,839 INFO  server.StorageContainerManager (StorageContainerManager.java:start(766)) - ScmDatanodeProtocl RPC server is listening at /0.0.0.0:41607
2019-06-18 14:53:43,839 INFO  server.SCMDatanodeProtocolServer (SCMDatanodeProtocolServer.java:start(191)) - RPC server for DataNodes is listening at /0.0.0.0:41607
2019-06-18 14:53:43,840 INFO  ipc.Server (Server.java:run(1314)) - IPC Server Responder: starting
2019-06-18 14:53:43,840 INFO  ipc.Server (Server.java:run(1153)) - IPC Server listener on 41607: starting
2019-06-18 14:53:43,859 INFO  http.HttpServer2 (HttpServer2.java:bindListener(1191)) - Jetty bound to port 42405
2019-06-18 14:53:43,860 INFO  server.Server (Server.java:doStart(351)) - jetty-9.3.24.v20180605, build timestamp: 2018-06-05T17:11:56Z, git hash: 84205aa28f11a4f31f2a3b86d1bba2cc8ab69827
2019-06-18 14:53:43,898 INFO  handler.ContextHandler (ContextHandler.java:doStart(781)) - Started o.e.j.s.ServletContextHandler@481ba2cf{/logs,file:///opt/src/hadoop-ozone/tools/target/log,AVAILABLE}
2019-06-18 14:53:43,899 INFO  handler.ContextHandler (ContextHandler.java:doStart(781)) - Started o.e.j.s.ServletContextHandler@2e48362c{/static,file:///opt/src/hadoop-hdds/server-scm/target/classes/webapps/static/,AVAILABLE}
2019-06-18 14:53:43,934 INFO  handler.ContextHandler (ContextHandler.java:doStart(781)) - Started o.e.j.w.WebAppContext@5b40ceb{/,file:///opt/src/hadoop-hdds/server-scm/target/classes/webapps/scm/,AVAILABLE}{/scm}
2019-06-18 14:53:43,940 INFO  server.AbstractConnector (AbstractConnector.java:doStart(278)) - Started ServerConnector@7894f09b{HTTP/1.1,[http/1.1]}{0.0.0.0:42405}
2019-06-18 14:53:43,941 INFO  server.Server (Server.java:doStart(419)) - Started @2546ms
2019-06-18 14:53:43,948 INFO  server.BaseHttpServer (BaseHttpServer.java:updateConnectorAddress(207)) - HTTP server of SCM is listening at http://0.0.0.0:42405
2019-06-18 14:53:43,955 INFO  util.JvmPauseMonitor (JvmPauseMonitor.java:run(188)) - Starting JVM pause monitor
2019-06-18 14:53:43,958 WARN  scm.ScmUtils (ScmUtils.java:getDBPath(63)) - ozone.om.db.dirs is not configured. We recommend adding this setting. Falling back to ozone.metadata.dirs instead.
2019-06-18 14:53:44,063 WARN  scm.ScmUtils (ScmUtils.java:getDBPath(63)) - ozone.om.db.dirs is not configured. We recommend adding this setting. Falling back to ozone.metadata.dirs instead.
2019-06-18 14:53:44,065 INFO  om.OzoneManager (OzoneManager.java:setOMNodeDetails(532)) - OM Service ID is not set. Setting it to the default ID: omServiceIdDefault
2019-06-18 14:53:44,065 INFO  om.OzoneManager (OzoneManager.java:setOMNodeDetails(538)) - OM Node ID is not set. Setting it to the OmStorage's OmID: 960ab597-2c8f-4442-9263-97117bffba76
2019-06-18 14:53:44,067 WARN  scm.HddsServerUtil (HddsServerUtil.java:getDefaultRatisDirectory(354)) - Storage directory for Ratis is not configured. It is a good idea to map this to an SSD disk. Falling back to ozone.metadata.dirs
2019-06-18 14:53:44,067 WARN  scm.HddsServerUtil (HddsServerUtil.java:getDefaultRatisDirectory(354)) - Storage directory for Ratis is not configured. It is a good idea to map this to an SSD disk. Falling back to ozone.metadata.dirs
2019-06-18 14:53:44,068 INFO  om.OzoneManager (OzoneManager.java:loadOMHAConfigs(489)) - Found matching OM address with OMServiceId: null, OMNodeId: null, RPC Address: localhost:0 and Ratis port: 9872
2019-06-18 14:53:44,293 WARN  scm.ScmUtils (ScmUtils.java:getDBPath(63)) - ozone.om.db.dirs is not configured. We recommend adding this setting. Falling back to ozone.metadata.dirs instead.
2019-06-18 14:53:44,302 INFO  db.DBStoreBuilder (DBStoreBuilder.java:addTable(110)) - using custom profile for table: userTable
2019-06-18 14:53:44,302 INFO  db.DBStoreBuilder (DBStoreBuilder.java:processTables(161)) - Using default column profile:DBProfile.DISK for Table:userTable
2019-06-18 14:53:44,302 INFO  db.DBStoreBuilder (DBStoreBuilder.java:addTable(110)) - using custom profile for table: volumeTable
2019-06-18 14:53:44,303 INFO  db.DBStoreBuilder (DBStoreBuilder.java:processTables(161)) - Using default column profile:DBProfile.DISK for Table:volumeTable
2019-06-18 14:53:44,303 INFO  db.DBStoreBuilder (DBStoreBuilder.java:addTable(110)) - using custom profile for table: bucketTable
2019-06-18 14:53:44,303 INFO  db.DBStoreBuilder (DBStoreBuilder.java:processTables(161)) - Using default column profile:DBProfile.DISK for Table:bucketTable
2019-06-18 14:53:44,304 INFO  db.DBStoreBuilder (DBStoreBuilder.java:addTable(110)) - using custom profile for table: keyTable
2019-06-18 14:53:44,304 INFO  db.DBStoreBuilder (DBStoreBuilder.java:processTables(161)) - Using default column profile:DBProfile.DISK for Table:keyTable
2019-06-18 14:53:44,304 INFO  db.DBStoreBuilder (DBStoreBuilder.java:addTable(110)) - using custom profile for table: deletedTable
2019-06-18 14:53:44,304 INFO  db.DBStoreBuilder (DBStoreBuilder.java:processTables(161)) - Using default column profile:DBProfile.DISK for Table:deletedTable
2019-06-18 14:53:44,305 INFO  db.DBStoreBuilder (DBStoreBuilder.java:addTable(110)) - using custom profile for table: openKeyTable
2019-06-18 14:53:44,305 INFO  db.DBStoreBuilder (DBStoreBuilder.java:processTables(161)) - Using default column profile:DBProfile.DISK for Table:openKeyTable
2019-06-18 14:53:44,305 INFO  db.DBStoreBuilder (DBStoreBuilder.java:addTable(110)) - using custom profile for table: s3Table
2019-06-18 14:53:44,305 INFO  db.DBStoreBuilder (DBStoreBuilder.java:processTables(161)) - Using default column profile:DBProfile.DISK for Table:s3Table
2019-06-18 14:53:44,306 INFO  db.DBStoreBuilder (DBStoreBuilder.java:addTable(110)) - using custom profile for table: multipartInfoTable
2019-06-18 14:53:44,306 INFO  db.DBStoreBuilder (DBStoreBuilder.java:processTables(161)) - Using default column profile:DBProfile.DISK for Table:multipartInfoTable
2019-06-18 14:53:44,306 INFO  db.DBStoreBuilder (DBStoreBuilder.java:addTable(110)) - using custom profile for table: dTokenTable
2019-06-18 14:53:44,307 INFO  db.DBStoreBuilder (DBStoreBuilder.java:processTables(161)) - Using default column profile:DBProfile.DISK for Table:dTokenTable
2019-06-18 14:53:44,307 INFO  db.DBStoreBuilder (DBStoreBuilder.java:addTable(110)) - using custom profile for table: s3SecretTable
2019-06-18 14:53:44,307 INFO  db.DBStoreBuilder (DBStoreBuilder.java:processTables(161)) - Using default column profile:DBProfile.DISK for Table:s3SecretTable
2019-06-18 14:53:44,308 INFO  db.DBStoreBuilder (DBStoreBuilder.java:addTable(110)) - using custom profile for table: prefixTable
2019-06-18 14:53:44,308 INFO  db.DBStoreBuilder (DBStoreBuilder.java:processTables(161)) - Using default column profile:DBProfile.DISK for Table:prefixTable
2019-06-18 14:53:44,308 INFO  db.DBStoreBuilder (DBStoreBuilder.java:addTable(110)) - using custom profile for table: default
2019-06-18 14:53:44,308 INFO  db.DBStoreBuilder (DBStoreBuilder.java:processTables(167)) - Using default column profile:DBProfile.DISK for Table:default
2019-06-18 14:53:44,308 INFO  db.DBStoreBuilder (DBStoreBuilder.java:getDbProfile(198)) - Using default options. DBProfile.DISK
2019-06-18 14:53:44,873 INFO  ipc.CallQueueManager (CallQueueManager.java:<init>(84)) - Using callQueue: class java.util.concurrent.LinkedBlockingQueue, queueCapacity: 2000, scheduler: class org.apache.hadoop.ipc.DefaultRpcScheduler, ipcBackoff: false.
2019-06-18 14:53:44,874 INFO  ipc.Server (Server.java:run(1074)) - Starting Socket Reader #1 for port 40153
2019-06-18 14:53:44,903 WARN  scm.ScmUtils (ScmUtils.java:getDBPath(63)) - ozone.om.db.dirs is not configured. We recommend adding this setting. Falling back to ozone.metadata.dirs instead.
2019-06-18 14:53:44,903 INFO  om.OzoneManager (OzoneManager.java:start(1230)) - OzoneManager RPC server is listening at localhost/127.0.0.1:40153
2019-06-18 14:53:44,903 INFO  impl.MetricsSystemImpl (MetricsSystemImpl.java:init(158)) - OzoneManager metrics system started (again)
2019-06-18 14:53:44,904 INFO  ipc.Server (Server.java:run(1314)) - IPC Server Responder: starting
2019-06-18 14:53:44,905 INFO  ipc.Server (Server.java:run(1153)) - IPC Server listener on 40153: starting
2019-06-18 14:53:44,944 INFO  hdfs.DFSUtil (DFSUtil.java:httpServerTemplateForNNAndJN(1641)) - Starting Web-server for ozoneManager at: http://0.0.0.0:0
2019-06-18 14:53:44,946 INFO  server.AuthenticationFilter (AuthenticationFilter.java:constructSecretProvider(240)) - Unable to initialize FileSignerSecretProvider, falling back to use random secrets.
2019-06-18 14:53:44,947 WARN  http.HttpRequestLog (HttpRequestLog.java:getRequestLog(97)) - Jetty request log can only be enabled using Log4j
2019-06-18 14:53:44,948 INFO  http.HttpServer2 (HttpServer2.java:addGlobalFilter(975)) - Added global filter 'safety' (class=org.apache.hadoop.http.HttpServer2$QuotingInputFilter)
2019-06-18 14:53:44,949 INFO  http.HttpServer2 (HttpServer2.java:addFilter(948)) - Added filter static_user_filter (class=org.apache.hadoop.http.lib.StaticUserWebFilter$StaticUserFilter) to context ozoneManager
2019-06-18 14:53:44,949 INFO  http.HttpServer2 (HttpServer2.java:addFilter(958)) - Added filter static_user_filter (class=org.apache.hadoop.http.lib.StaticUserWebFilter$StaticUserFilter) to context logs
2019-06-18 14:53:44,950 INFO  http.HttpServer2 (HttpServer2.java:addFilter(958)) - Added filter static_user_filter (class=org.apache.hadoop.http.lib.StaticUserWebFilter$StaticUserFilter) to context static
2019-06-18 14:53:44,951 INFO  http.HttpServer2 (HttpServer2.java:bindListener(1191)) - Jetty bound to port 40501
2019-06-18 14:53:44,951 INFO  server.Server (Server.java:doStart(351)) - jetty-9.3.24.v20180605, build timestamp: 2018-06-05T17:11:56Z, git hash: 84205aa28f11a4f31f2a3b86d1bba2cc8ab69827
2019-06-18 14:53:44,957 INFO  handler.ContextHandler (ContextHandler.java:doStart(781)) - Started o.e.j.s.ServletContextHandler@66b72664{/logs,file:///opt/src/hadoop-ozone/tools/target/log,AVAILABLE}
2019-06-18 14:53:44,958 INFO  handler.ContextHandler (ContextHandler.java:doStart(781)) - Started o.e.j.s.ServletContextHandler@58cd06cb{/static,file:///opt/src/hadoop-ozone/ozone-manager/target/classes/webapps/static/,AVAILABLE}
2019-06-18 14:53:44,962 INFO  handler.ContextHandler (ContextHandler.java:doStart(781)) - Started o.e.j.w.WebAppContext@51bde877{/,file:///opt/src/hadoop-ozone/ozone-manager/target/classes/webapps/ozoneManager/,AVAILABLE}{/ozoneManager}
2019-06-18 14:53:44,962 INFO  server.AbstractConnector (AbstractConnector.java:doStart(278)) - Started ServerConnector@60b85ba1{HTTP/1.1,[http/1.1]}{0.0.0.0:40501}
2019-06-18 14:53:44,962 INFO  server.Server (Server.java:doStart(419)) - Started @3568ms
2019-06-18 14:53:44,963 INFO  server.BaseHttpServer (BaseHttpServer.java:updateConnectorAddress(207)) - HTTP server of OZONEMANAGER is listening at http://0.0.0.0:40501
2019-06-18 14:53:45,114 INFO  impl.MetricsSystemImpl (MetricsSystemImpl.java:init(158)) - HddsDatanode metrics system started (again)
2019-06-18 14:53:45,312 INFO  ozone.HddsDatanodeService (HddsDatanodeService.java:start(185)) - HddsDatanodeService host:ozone-unit-076618677d3sgzsj-1564456750 ip:192.168.105.145
2019-06-18 14:53:45,346 INFO  volume.HddsVolume (HddsVolume.java:<init>(176)) - Creating Volume: /opt/src/hadoop-ozone/tools/target/test-dir/MiniOzoneClusterImpl-b0c7f89a-8a87-4874-90d3-a9efc960c33e/datanode-0/data/containers/hdds of  storage type : DISK and capacity : 104021790720
2019-06-18 14:53:45,348 INFO  volume.VolumeSet (VolumeSet.java:initializeVolumeSet(170)) - Added Volume : /opt/src/hadoop-ozone/tools/target/test-dir/MiniOzoneClusterImpl-b0c7f89a-8a87-4874-90d3-a9efc960c33e/datanode-0/data/containers/hdds to VolumeSet
2019-06-18 14:53:45,352 INFO  volume.ThrottledAsyncChecker (ThrottledAsyncChecker.java:schedule(140)) - Scheduling a check for org.apache.hadoop.ozone.container.common.volume.HddsVolume@64e1dd11
2019-06-18 14:53:45,373 INFO  volume.HddsVolumeChecker (HddsVolumeChecker.java:checkAllVolumes(203)) - Scheduled health check for volume org.apache.hadoop.ozone.container.common.volume.HddsVolume@64e1dd11
2019-06-18 14:53:45,426 INFO  ratis.XceiverServerRatis (XceiverServerRatis.java:newXceiverServerRatis(401)) - Found a free port for the server : 43127
2019-06-18 14:53:45,504 INFO  impl.RaftServerProxy (ConfUtils.java:logGet(43)) - raft.rpc.type = GRPC (default)
2019-06-18 14:53:45,515 INFO  grpc.GrpcConfigKeys$Server (ConfUtils.java:logGet(43)) - raft.grpc.server.port = 43127 (custom)
2019-06-18 14:53:45,516 INFO  server.GrpcService (ConfUtils.java:logGet(43)) - raft.grpc.message.size.max = 33570816 (custom)
2019-06-18 14:53:45,518 INFO  server.RaftServerConfigKeys (ConfUtils.java:logGet(43)) - raft.server.log.appender.buffer.byte-limit = 33554432 (custom)
2019-06-18 14:53:45,519 INFO  server.GrpcService (ConfUtils.java:logGet(43)) - raft.grpc.flow.control.window = 1MB (=1048576) (default)
2019-06-18 14:53:45,519 INFO  server.RaftServerConfigKeys (ConfUtils.java:logGet(43)) - raft.server.rpc.request.timeout = 3000ms (default)
2019-06-18 14:53:45,712 INFO  server.RaftServerConfigKeys (ConfUtils.java:logGet(43)) - raft.server.storage.dir = [/opt/src/hadoop-ozone/tools/target/test-dir/MiniOzoneClusterImpl-b0c7f89a-8a87-4874-90d3-a9efc960c33e/datanode-0/data/ratis] (custom)
2019-06-18 14:53:45,719 INFO  server.XceiverServerGrpc (XceiverServerGrpc.java:<init>(97)) - Found a free port for the server : 37475
2019-06-18 14:53:45,752 INFO  replication.SimpleContainerDownloader (SimpleContainerDownloader.java:<init>(72)) - Starting container downloader service to copy containers to replicate.
2019-06-18 14:53:45,765 INFO  hdfs.DFSUtil (DFSUtil.java:httpServerTemplateForNNAndJN(1641)) - Starting Web-server for hddsDatanode at: http://0.0.0.0:0
2019-06-18 14:53:45,766 INFO  server.AuthenticationFilter (AuthenticationFilter.java:constructSecretProvider(240)) - Unable to initialize FileSignerSecretProvider, falling back to use random secrets.
2019-06-18 14:53:45,767 WARN  http.HttpRequestLog (HttpRequestLog.java:getRequestLog(97)) - Jetty request log can only be enabled using Log4j
2019-06-18 14:53:45,769 INFO  http.HttpServer2 (HttpServer2.java:addGlobalFilter(975)) - Added global filter 'safety' (class=org.apache.hadoop.http.HttpServer2$QuotingInputFilter)
2019-06-18 14:53:45,769 INFO  http.HttpServer2 (HttpServer2.java:addFilter(948)) - Added filter static_user_filter (class=org.apache.hadoop.http.lib.StaticUserWebFilter$StaticUserFilter) to context hddsDatanode
2019-06-18 14:53:45,770 INFO  http.HttpServer2 (HttpServer2.java:addFilter(958)) - Added filter static_user_filter (class=org.apache.hadoop.http.lib.StaticUserWebFilter$StaticUserFilter) to context static
2019-06-18 14:53:45,770 INFO  http.HttpServer2 (HttpServer2.java:addFilter(958)) - Added filter static_user_filter (class=org.apache.hadoop.http.lib.StaticUserWebFilter$StaticUserFilter) to context logs
2019-06-18 14:53:45,770 INFO  http.HttpServer2 (HttpServer2.java:bindListener(1191)) - Jetty bound to port 40289
2019-06-18 14:53:45,771 INFO  server.Server (Server.java:doStart(351)) - jetty-9.3.24.v20180605, build timestamp: 2018-06-05T17:11:56Z, git hash: 84205aa28f11a4f31f2a3b86d1bba2cc8ab69827
2019-06-18 14:53:45,773 INFO  handler.ContextHandler (ContextHandler.java:doStart(781)) - Started o.e.j.s.ServletContextHandler@6d9fb2d1{/logs,file:///opt/src/hadoop-ozone/tools/target/log,AVAILABLE}
2019-06-18 14:53:45,774 INFO  handler.ContextHandler (ContextHandler.java:doStart(781)) - Started o.e.j.s.ServletContextHandler@540a903b{/static,file:///opt/src/hadoop-hdds/container-service/target/classes/webapps/static,AVAILABLE}
2019-06-18 14:53:45,779 INFO  handler.ContextHandler (ContextHandler.java:doStart(781)) - Started o.e.j.w.WebAppContext@692fd26{/,file:///opt/src/hadoop-hdds/container-service/target/classes/webapps/hddsDatanode/,AVAILABLE}{/hddsDatanode}
2019-06-18 14:53:45,787 INFO  server.AbstractConnector (AbstractConnector.java:doStart(278)) - Started ServerConnector@36f1046f{HTTP/1.1,[http/1.1]}{0.0.0.0:40289}
2019-06-18 14:53:45,787 INFO  server.Server (Server.java:doStart(419)) - Started @4393ms
2019-06-18 14:53:45,788 INFO  server.BaseHttpServer (BaseHttpServer.java:updateConnectorAddress(207)) - HTTP server of HDDSDATANODE is listening at http://0.0.0.0:40289
2019-06-18 14:53:46,906 INFO  ozone.HddsDatanodeService (HddsDatanodeService.java:startPlugins(396)) - Started plug-in org.apache.hadoop.ozone.web.OzoneHddsDatanodeService@13dbed9e
2019-06-18 14:53:46,908 INFO  impl.MetricsSystemImpl (MetricsSystemImpl.java:init(158)) - HddsDatanode metrics system started (again)
2019-06-18 14:53:46,909 INFO  ozone.HddsDatanodeService (HddsDatanodeService.java:start(185)) - HddsDatanodeService host:ozone-unit-076618677d3sgzsj-1564456750 ip:192.168.105.145
2019-06-18 14:53:46,918 INFO  util.JvmPauseMonitor (JvmPauseMonitor.java:run(188)) - Starting JVM pause monitor
2019-06-18 14:53:46,930 INFO  volume.HddsVolume (HddsVolume.java:<init>(176)) - Creating Volume: /opt/src/hadoop-ozone/tools/target/test-dir/MiniOzoneClusterImpl-b0c7f89a-8a87-4874-90d3-a9efc960c33e/datanode-1/data/containers/hdds of  storage type : DISK and capacity : 104021790720
2019-06-18 14:53:46,931 INFO  volume.VolumeSet (VolumeSet.java:initializeVolumeSet(170)) - Added Volume : /opt/src/hadoop-ozone/tools/target/test-dir/MiniOzoneClusterImpl-b0c7f89a-8a87-4874-90d3-a9efc960c33e/datanode-1/data/containers/hdds to VolumeSet
2019-06-18 14:53:46,931 INFO  volume.ThrottledAsyncChecker (ThrottledAsyncChecker.java:schedule(140)) - Scheduling a check for org.apache.hadoop.ozone.container.common.volume.HddsVolume@138aa3cc
2019-06-18 14:53:46,935 INFO  volume.HddsVolumeChecker (HddsVolumeChecker.java:checkAllVolumes(203)) - Scheduled health check for volume org.apache.hadoop.ozone.container.common.volume.HddsVolume@138aa3cc
2019-06-18 14:53:46,970 INFO  ratis.XceiverServerRatis (XceiverServerRatis.java:newXceiverServerRatis(401)) - Found a free port for the server : 43715
2019-06-18 14:53:46,971 INFO  impl.RaftServerProxy (ConfUtils.java:logGet(43)) - raft.rpc.type = GRPC (default)
2019-06-18 14:53:46,971 INFO  grpc.GrpcConfigKeys$Server (ConfUtils.java:logGet(43)) - raft.grpc.server.port = 43715 (custom)
2019-06-18 14:53:46,972 INFO  server.GrpcService (ConfUtils.java:logGet(43)) - raft.grpc.message.size.max = 33570816 (custom)
2019-06-18 14:53:46,972 INFO  server.RaftServerConfigKeys (ConfUtils.java:logGet(43)) - raft.server.log.appender.buffer.byte-limit = 33554432 (custom)
2019-06-18 14:53:46,972 INFO  server.GrpcService (ConfUtils.java:logGet(43)) - raft.grpc.flow.control.window = 1MB (=1048576) (default)
2019-06-18 14:53:46,972 INFO  server.RaftServerConfigKeys (ConfUtils.java:logGet(43)) - raft.server.rpc.request.timeout = 3000ms (default)
2019-06-18 14:53:46,973 INFO  server.RaftServerConfigKeys (ConfUtils.java:logGet(43)) - raft.server.storage.dir = [/opt/src/hadoop-ozone/tools/target/test-dir/MiniOzoneClusterImpl-b0c7f89a-8a87-4874-90d3-a9efc960c33e/datanode-1/data/ratis] (custom)
2019-06-18 14:53:46,973 INFO  server.XceiverServerGrpc (XceiverServerGrpc.java:<init>(97)) - Found a free port for the server : 44035
2019-06-18 14:53:46,974 INFO  replication.SimpleContainerDownloader (SimpleContainerDownloader.java:<init>(72)) - Starting container downloader service to copy containers to replicate.
2019-06-18 14:53:46,976 INFO  hdfs.DFSUtil (DFSUtil.java:httpServerTemplateForNNAndJN(1641)) - Starting Web-server for hddsDatanode at: http://0.0.0.0:0
2019-06-18 14:53:46,977 INFO  server.AuthenticationFilter (AuthenticationFilter.java:constructSecretProvider(240)) - Unable to initialize FileSignerSecretProvider, falling back to use random secrets.
2019-06-18 14:53:46,991 WARN  http.HttpRequestLog (HttpRequestLog.java:getRequestLog(97)) - Jetty request log can only be enabled using Log4j
2019-06-18 14:53:46,993 INFO  http.HttpServer2 (HttpServer2.java:addGlobalFilter(975)) - Added global filter 'safety' (class=org.apache.hadoop.http.HttpServer2$QuotingInputFilter)
2019-06-18 14:53:46,994 INFO  http.HttpServer2 (HttpServer2.java:addFilter(948)) - Added filter static_user_filter (class=org.apache.hadoop.http.lib.StaticUserWebFilter$StaticUserFilter) to context hddsDatanode
2019-06-18 14:53:46,994 INFO  http.HttpServer2 (HttpServer2.java:addFilter(958)) - Added filter static_user_filter (class=org.apache.hadoop.http.lib.StaticUserWebFilter$StaticUserFilter) to context static
2019-06-18 14:53:46,994 INFO  http.HttpServer2 (HttpServer2.java:addFilter(958)) - Added filter static_user_filter (class=org.apache.hadoop.http.lib.StaticUserWebFilter$StaticUserFilter) to context logs
2019-06-18 14:53:46,995 INFO  http.HttpServer2 (HttpServer2.java:bindListener(1191)) - Jetty bound to port 42033
2019-06-18 14:53:46,995 INFO  server.Server (Server.java:doStart(351)) - jetty-9.3.24.v20180605, build timestamp: 2018-06-05T17:11:56Z, git hash: 84205aa28f11a4f31f2a3b86d1bba2cc8ab69827
2019-06-18 14:53:47,015 INFO  handler.ContextHandler (ContextHandler.java:doStart(781)) - Started o.e.j.s.ServletContextHandler@608b1fd2{/logs,file:///opt/src/hadoop-ozone/tools/target/log,AVAILABLE}
2019-06-18 14:53:47,016 INFO  handler.ContextHandler (ContextHandler.java:doStart(781)) - Started o.e.j.s.ServletContextHandler@591a4f8e{/static,file:///opt/src/hadoop-hdds/container-service/target/classes/webapps/static,AVAILABLE}
2019-06-18 14:53:47,024 INFO  handler.ContextHandler (ContextHandler.java:doStart(781)) - Started o.e.j.w.WebAppContext@717d7587{/,file:///opt/src/hadoop-hdds/container-service/target/classes/webapps/hddsDatanode/,AVAILABLE}{/hddsDatanode}
2019-06-18 14:53:47,025 INFO  server.AbstractConnector (AbstractConnector.java:doStart(278)) - Started ServerConnector@26de224{HTTP/1.1,[http/1.1]}{0.0.0.0:42033}
2019-06-18 14:53:47,027 INFO  server.Server (Server.java:doStart(419)) - Started @5633ms
2019-06-18 14:53:47,028 INFO  server.BaseHttpServer (BaseHttpServer.java:updateConnectorAddress(207)) - HTTP server of HDDSDATANODE is listening at http://0.0.0.0:42033
2019-06-18 14:53:47,088 INFO  datanode.InitDatanodeState (InitDatanodeState.java:persistContainerDatanodeDetails(140)) - DatanodeDetails is persisted to /opt/src/hadoop-ozone/tools/target/test-dir/MiniOzoneClusterImpl-b0c7f89a-8a87-4874-90d3-a9efc960c33e/datanode-0/meta/datanode.id
2019-06-18 14:53:47,264 INFO  ozone.HddsDatanodeService (HddsDatanodeService.java:startPlugins(396)) - Started plug-in org.apache.hadoop.ozone.web.OzoneHddsDatanodeService@2f14b0f6
2019-06-18 14:53:47,267 INFO  impl.MetricsSystemImpl (MetricsSystemImpl.java:init(158)) - HddsDatanode metrics system started (again)
2019-06-18 14:53:47,267 INFO  ozone.HddsDatanodeService (HddsDatanodeService.java:start(185)) - HddsDatanodeService host:ozone-unit-076618677d3sgzsj-1564456750 ip:192.168.105.145
2019-06-18 14:53:47,293 INFO  util.JvmPauseMonitor (JvmPauseMonitor.java:run(188)) - Starting JVM pause monitor
2019-06-18 14:53:47,296 INFO  volume.HddsVolume (HddsVolume.java:<init>(176)) - Creating Volume: /opt/src/hadoop-ozone/tools/target/test-dir/MiniOzoneClusterImpl-b0c7f89a-8a87-4874-90d3-a9efc960c33e/datanode-2/data/containers/hdds of  storage type : DISK and capacity : 104021790720
2019-06-18 14:53:47,296 INFO  volume.VolumeSet (VolumeSet.java:initializeVolumeSet(170)) - Added Volume : /opt/src/hadoop-ozone/tools/target/test-dir/MiniOzoneClusterImpl-b0c7f89a-8a87-4874-90d3-a9efc960c33e/datanode-2/data/containers/hdds to VolumeSet
2019-06-18 14:53:47,297 INFO  volume.ThrottledAsyncChecker (ThrottledAsyncChecker.java:schedule(140)) - Scheduling a check for org.apache.hadoop.ozone.container.common.volume.HddsVolume@19b206ee
2019-06-18 14:53:47,304 INFO  volume.HddsVolumeChecker (HddsVolumeChecker.java:checkAllVolumes(203)) - Scheduled health check for volume org.apache.hadoop.ozone.container.common.volume.HddsVolume@19b206ee
2019-06-18 14:53:47,308 INFO  datanode.InitDatanodeState (InitDatanodeState.java:persistContainerDatanodeDetails(140)) - DatanodeDetails is persisted to /opt/src/hadoop-ozone/tools/target/test-dir/MiniOzoneClusterImpl-b0c7f89a-8a87-4874-90d3-a9efc960c33e/datanode-1/meta/datanode.id
2019-06-18 14:53:47,327 INFO  ratis.XceiverServerRatis (XceiverServerRatis.java:newXceiverServerRatis(401)) - Found a free port for the server : 33391
2019-06-18 14:53:47,329 INFO  impl.RaftServerProxy (ConfUtils.java:logGet(43)) - raft.rpc.type = GRPC (default)
2019-06-18 14:53:47,330 INFO  grpc.GrpcConfigKeys$Server (ConfUtils.java:logGet(43)) - raft.grpc.server.port = 33391 (custom)
2019-06-18 14:53:47,330 INFO  server.GrpcService (ConfUtils.java:logGet(43)) - raft.grpc.message.size.max = 33570816 (custom)
2019-06-18 14:53:47,330 INFO  server.RaftServerConfigKeys (ConfUtils.java:logGet(43)) - raft.server.log.appender.buffer.byte-limit = 33554432 (custom)
2019-06-18 14:53:47,331 INFO  server.GrpcService (ConfUtils.java:logGet(43)) - raft.grpc.flow.control.window = 1MB (=1048576) (default)
2019-06-18 14:53:47,331 INFO  server.RaftServerConfigKeys (ConfUtils.java:logGet(43)) - raft.server.rpc.request.timeout = 3000ms (default)
2019-06-18 14:53:47,332 INFO  server.RaftServerConfigKeys (ConfUtils.java:logGet(43)) - raft.server.storage.dir = [/opt/src/hadoop-ozone/tools/target/test-dir/MiniOzoneClusterImpl-b0c7f89a-8a87-4874-90d3-a9efc960c33e/datanode-2/data/ratis] (custom)
2019-06-18 14:53:47,332 INFO  server.XceiverServerGrpc (XceiverServerGrpc.java:<init>(97)) - Found a free port for the server : 46467
2019-06-18 14:53:47,333 INFO  replication.SimpleContainerDownloader (SimpleContainerDownloader.java:<init>(72)) - Starting container downloader service to copy containers to replicate.
2019-06-18 14:53:47,335 INFO  hdfs.DFSUtil (DFSUtil.java:httpServerTemplateForNNAndJN(1641)) - Starting Web-server for hddsDatanode at: http://0.0.0.0:0
2019-06-18 14:53:47,337 INFO  server.AuthenticationFilter (AuthenticationFilter.java:constructSecretProvider(240)) - Unable to initialize FileSignerSecretProvider, falling back to use random secrets.
2019-06-18 14:53:47,337 WARN  http.HttpRequestLog (HttpRequestLog.java:getRequestLog(97)) - Jetty request log can only be enabled using Log4j
2019-06-18 14:53:47,339 INFO  http.HttpServer2 (HttpServer2.java:addGlobalFilter(975)) - Added global filter 'safety' (class=org.apache.hadoop.http.HttpServer2$QuotingInputFilter)
2019-06-18 14:53:47,340 INFO  http.HttpServer2 (HttpServer2.java:addFilter(948)) - Added filter static_user_filter (class=org.apache.hadoop.http.lib.StaticUserWebFilter$StaticUserFilter) to context hddsDatanode
2019-06-18 14:53:47,340 INFO  http.HttpServer2 (HttpServer2.java:addFilter(958)) - Added filter static_user_filter (class=org.apache.hadoop.http.lib.StaticUserWebFilter$StaticUserFilter) to context logs
2019-06-18 14:53:47,341 INFO  http.HttpServer2 (HttpServer2.java:addFilter(958)) - Added filter static_user_filter (class=org.apache.hadoop.http.lib.StaticUserWebFilter$StaticUserFilter) to context static
2019-06-18 14:53:47,341 INFO  http.HttpServer2 (HttpServer2.java:bindListener(1191)) - Jetty bound to port 41419
2019-06-18 14:53:47,342 INFO  server.Server (Server.java:doStart(351)) - jetty-9.3.24.v20180605, build timestamp: 2018-06-05T17:11:56Z, git hash: 84205aa28f11a4f31f2a3b86d1bba2cc8ab69827
2019-06-18 14:53:47,346 INFO  handler.ContextHandler (ContextHandler.java:doStart(781)) - Started o.e.j.s.ServletContextHandler@7f4701b1{/logs,file:///opt/src/hadoop-ozone/tools/target/log,AVAILABLE}
2019-06-18 14:53:47,347 INFO  handler.ContextHandler (ContextHandler.java:doStart(781)) - Started o.e.j.s.ServletContextHandler@fb49fdf{/static,file:///opt/src/hadoop-hdds/container-service/target/classes/webapps/static,AVAILABLE}
2019-06-18 14:53:47,352 INFO  handler.ContextHandler (ContextHandler.java:doStart(781)) - Started o.e.j.w.WebAppContext@6a9344f5{/,file:///opt/src/hadoop-hdds/container-service/target/classes/webapps/hddsDatanode/,AVAILABLE}{/hddsDatanode}
2019-06-18 14:53:47,359 INFO  server.AbstractConnector (AbstractConnector.java:doStart(278)) - Started ServerConnector@4872236f{HTTP/1.1,[http/1.1]}{0.0.0.0:41419}
2019-06-18 14:53:47,360 INFO  server.Server (Server.java:doStart(419)) - Started @5966ms
2019-06-18 14:53:47,361 INFO  server.BaseHttpServer (BaseHttpServer.java:updateConnectorAddress(207)) - HTTP server of HDDSDATANODE is listening at http://0.0.0.0:41419
2019-06-18 14:53:47,528 INFO  ozone.HddsDatanodeService (HddsDatanodeService.java:startPlugins(396)) - Started plug-in org.apache.hadoop.ozone.web.OzoneHddsDatanodeService@f8a6243
2019-06-18 14:53:47,529 INFO  ozone.MiniOzoneClusterImpl (MiniOzoneClusterImpl.java:lambda$waitForClusterToBeReady$0(142)) - Waiting for cluster to be ready. Got 0 of 3 DN Heartbeats.
2019-06-18 14:53:47,549 INFO  util.JvmPauseMonitor (JvmPauseMonitor.java:run(188)) - Starting JVM pause monitor
2019-06-18 14:53:47,551 INFO  datanode.InitDatanodeState (InitDatanodeState.java:persistContainerDatanodeDetails(140)) - DatanodeDetails is persisted to /opt/src/hadoop-ozone/tools/target/test-dir/MiniOzoneClusterImpl-b0c7f89a-8a87-4874-90d3-a9efc960c33e/datanode-2/meta/datanode.id
2019-06-18 14:53:48,530 INFO  ozone.MiniOzoneClusterImpl (MiniOzoneClusterImpl.java:lambda$waitForClusterToBeReady$0(142)) - Waiting for cluster to be ready. Got 0 of 3 DN Heartbeats.
2019-06-18 14:53:48,955 INFO  ozoneimpl.OzoneContainer (OzoneContainer.java:start(186)) - Attempting to start container services.
2019-06-18 14:53:48,955 INFO  ozoneimpl.OzoneContainer (OzoneContainer.java:startContainerScrub(160)) - Background container scrubber has been disabled by hdds.containerscrub.enabled
2019-06-18 14:53:48,956 INFO  ratis.XceiverServerRatis (XceiverServerRatis.java:start(418)) - Starting XceiverServerRatis 198f7d65-01f0-4e85-a5dc-ffbf5523dd3f at port 43127
2019-06-18 14:53:49,030 INFO  impl.RaftServerProxy (RaftServerProxy.java:lambda$start$3(299)) - 198f7d65-01f0-4e85-a5dc-ffbf5523dd3f: start RPC server
2019-06-18 14:53:49,240 INFO  server.GrpcService (GrpcService.java:startImpl(148)) - 198f7d65-01f0-4e85-a5dc-ffbf5523dd3f: GrpcService started, listening on 0.0.0.0/0.0.0.0:43127
2019-06-18 14:53:49,293 INFO  ozoneimpl.OzoneContainer (OzoneContainer.java:start(186)) - Attempting to start container services.
2019-06-18 14:53:49,295 INFO  ozoneimpl.OzoneContainer (OzoneContainer.java:startContainerScrub(160)) - Background container scrubber has been disabled by hdds.containerscrub.enabled
2019-06-18 14:53:49,295 INFO  ratis.XceiverServerRatis (XceiverServerRatis.java:start(418)) - Starting XceiverServerRatis a9565816-6a25-4123-98b8-7466a09cc1c1 at port 43715
2019-06-18 14:53:49,305 INFO  impl.RaftServerProxy (RaftServerProxy.java:lambda$start$3(299)) - a9565816-6a25-4123-98b8-7466a09cc1c1: start RPC server
2019-06-18 14:53:49,308 INFO  server.GrpcService (GrpcService.java:startImpl(148)) - a9565816-6a25-4123-98b8-7466a09cc1c1: GrpcService started, listening on 0.0.0.0/0.0.0.0:43715
2019-06-18 14:53:49,530 INFO  ozone.MiniOzoneClusterImpl (MiniOzoneClusterImpl.java:lambda$waitForClusterToBeReady$0(142)) - Waiting for cluster to be ready. Got 0 of 3 DN Heartbeats.
2019-06-18 14:53:49,556 INFO  ozoneimpl.OzoneContainer (OzoneContainer.java:start(186)) - Attempting to start container services.
2019-06-18 14:53:49,558 INFO  ozoneimpl.OzoneContainer (OzoneContainer.java:startContainerScrub(160)) - Background container scrubber has been disabled by hdds.containerscrub.enabled
2019-06-18 14:53:49,558 INFO  ratis.XceiverServerRatis (XceiverServerRatis.java:start(418)) - Starting XceiverServerRatis 56461521-4673-4b72-a025-4e00eda9b881 at port 33391
2019-06-18 14:53:49,569 INFO  impl.RaftServerProxy (RaftServerProxy.java:lambda$start$3(299)) - 56461521-4673-4b72-a025-4e00eda9b881: start RPC server
2019-06-18 14:53:49,572 INFO  server.GrpcService (GrpcService.java:startImpl(148)) - 56461521-4673-4b72-a025-4e00eda9b881: GrpcService started, listening on 0.0.0.0/0.0.0.0:33391
2019-06-18 14:53:50,531 INFO  ozone.MiniOzoneClusterImpl (MiniOzoneClusterImpl.java:lambda$waitForClusterToBeReady$0(142)) - Waiting for cluster to be ready. Got 0 of 3 DN Heartbeats.
2019-06-18 14:53:50,949 INFO  net.NetworkTopology (NetworkTopologyImpl.java:add(109)) - Added a new node: /default-rack/192.168.105.145
2019-06-18 14:53:50,950 INFO  node.SCMNodeManager (SCMNodeManager.java:register(269)) - Registered Data node : 198f7d65-01f0-4e85-a5dc-ffbf5523dd3f{ip: 192.168.105.145, host: ozone-unit-076618677d3sgzsj-1564456750, networkLocation: /default-rack, certSerialId: null}
2019-06-18 14:53:50,952 INFO  safemode.SCMSafeModeManager (DataNodeSafeModeRule.java:process(71)) - SCM in safe mode. 1 DataNodes registered, 1 required.
2019-06-18 14:53:50,957 INFO  safemode.SCMSafeModeManager (SCMSafeModeManager.java:validateSafeModeExitRules(177)) - ScmSafeModeManager, all rules are successfully validated
2019-06-18 14:53:50,962 INFO  safemode.SCMSafeModeManager (SCMSafeModeManager.java:exitSafeMode(193)) - SCM exiting safe mode.
2019-06-18 14:53:51,290 INFO  node.SCMNodeManager (SCMNodeManager.java:register(269)) - Registered Data node : a9565816-6a25-4123-98b8-7466a09cc1c1{ip: 192.168.105.145, host: ozone-unit-076618677d3sgzsj-1564456750, networkLocation: /default-rack, certSerialId: null}
2019-06-18 14:53:51,498 INFO  impl.RaftServerProxy (RaftServerProxy.java:addNew(89)) - 198f7d65-01f0-4e85-a5dc-ffbf5523dd3f: addNew group-FF5ED7D9F199:[198f7d65-01f0-4e85-a5dc-ffbf5523dd3f:192.168.105.145:43127] returns group-FF5ED7D9F199:java.util.concurrent.CompletableFuture@6f21df01[Not completed]
2019-06-18 14:53:51,516 INFO  impl.RaftServerImpl (RaftServerImpl.java:<init>(91)) - 198f7d65-01f0-4e85-a5dc-ffbf5523dd3f: new RaftServerImpl for group-FF5ED7D9F199:[198f7d65-01f0-4e85-a5dc-ffbf5523dd3f:192.168.105.145:43127] with ContainerStateMachine:uninitialized
2019-06-18 14:53:51,517 INFO  server.RaftServerConfigKeys (ConfUtils.java:logGet(43)) - raft.server.rpc.timeout.min = 1s (custom)
2019-06-18 14:53:51,519 INFO  server.RaftServerConfigKeys (ConfUtils.java:logGet(43)) - raft.server.rpc.timeout.max = 1200ms (custom)
2019-06-18 14:53:51,519 INFO  server.RaftServerConfigKeys (ConfUtils.java:logGet(43)) - raft.server.rpcslowness.timeout = 120s (custom)
2019-06-18 14:53:51,520 INFO  server.RaftServerConfigKeys (ConfUtils.java:logGet(43)) - raft.server.log.appender.install.snapshot.enabled = true (default)
2019-06-18 14:53:51,527 INFO  impl.RaftServerImpl (ServerState.java:<init>(101)) - 198f7d65-01f0-4e85-a5dc-ffbf5523dd3f:group-FF5ED7D9F199 ConfigurationManager, init=-1: [198f7d65-01f0-4e85-a5dc-ffbf5523dd3f:192.168.105.145:43127], old=null, confs=<EMPTY_MAP>
2019-06-18 14:53:51,528 INFO  server.RaftServerConfigKeys (ConfUtils.java:logGet(43)) - raft.server.storage.dir = [/opt/src/hadoop-ozone/tools/target/test-dir/MiniOzoneClusterImpl-b0c7f89a-8a87-4874-90d3-a9efc960c33e/datanode-0/data/ratis] (custom)
2019-06-18 14:53:51,531 INFO  ozone.MiniOzoneClusterImpl (MiniOzoneClusterImpl.java:lambda$waitForClusterToBeReady$0(142)) - Waiting for cluster to be ready. Got 2 of 3 DN Heartbeats.
2019-06-18 14:53:51,535 INFO  storage.RaftStorageDirectory (RaftStorageDirectory.java:analyzeStorage(246)) - The storage directory /opt/src/hadoop-ozone/tools/target/test-dir/MiniOzoneClusterImpl-b0c7f89a-8a87-4874-90d3-a9efc960c33e/datanode-0/data/ratis/69a56fa1-b4b2-4b52-9c03-ff5ed7d9f199 does not exist. Creating ...
2019-06-18 14:53:51,543 INFO  storage.RaftStorageDirectory (RaftStorageDirectory.java:tryLock(328)) - Lock on /opt/src/hadoop-ozone/tools/target/test-dir/MiniOzoneClusterImpl-b0c7f89a-8a87-4874-90d3-a9efc960c33e/datanode-0/data/ratis/69a56fa1-b4b2-4b52-9c03-ff5ed7d9f199/in_use.lock acquired by nodename 18200@ozone-unit-076618677d3sgzsj-1564456750
2019-06-18 14:53:51,547 INFO  storage.RaftStorage (RaftStorage.java:format(75)) - Storage directory /opt/src/hadoop-ozone/tools/target/test-dir/MiniOzoneClusterImpl-b0c7f89a-8a87-4874-90d3-a9efc960c33e/datanode-0/data/ratis/69a56fa1-b4b2-4b52-9c03-ff5ed7d9f199 has been successfully formatted.
2019-06-18 14:53:51,549 INFO  ratis.ContainerStateMachine (ContainerStateMachine.java:loadSnapshot(199)) - The snapshot info is null.Setting the last applied index to:(t:0, i:~)
2019-06-18 14:53:51,550 INFO  server.RaftServerConfigKeys (ConfUtils.java:logGet(43)) - raft.server.leader.election.timeout = 120s (custom)
2019-06-18 14:53:51,553 INFO  node.SCMNodeManager (SCMNodeManager.java:register(269)) - Registered Data node : 56461521-4673-4b72-a025-4e00eda9b881{ip: 192.168.105.145, host: ozone-unit-076618677d3sgzsj-1564456750, networkLocation: /default-rack, certSerialId: null}
2019-06-18 14:53:51,553 INFO  server.RaftServerConfigKeys (ConfUtils.java:logGet(43)) - raft.server.log.use.memory = false (default)
2019-06-18 14:53:51,556 INFO  server.RaftServerConfigKeys (ConfUtils.java:logGet(43)) - raft.server.log.appender.buffer.byte-limit = 33554432 (custom)
2019-06-18 14:53:51,560 INFO  server.RaftServerConfigKeys (ConfUtils.java:logGet(43)) - raft.server.log.segment.size.max = 16384 (custom)
2019-06-18 14:53:51,565 INFO  server.RaftServerConfigKeys (ConfUtils.java:logGet(43)) - raft.server.log.segment.cache.num.max = 2 (custom)
2019-06-18 14:53:51,569 INFO  storage.RaftLogWorker (RaftLogWorker.java:<init>(123)) - new 198f7d65-01f0-4e85-a5dc-ffbf5523dd3f-RaftLogWorker for Storage Directory /opt/src/hadoop-ozone/tools/target/test-dir/MiniOzoneClusterImpl-b0c7f89a-8a87-4874-90d3-a9efc960c33e/datanode-0/data/ratis/69a56fa1-b4b2-4b52-9c03-ff5ed7d9f199
2019-06-18 14:53:51,569 INFO  server.RaftServerConfigKeys (ConfUtils.java:logGet(43)) - raft.server.log.queue.byte-limit = 2147483647 (custom)
2019-06-18 14:53:51,570 INFO  server.RaftServerConfigKeys (ConfUtils.java:logGet(43)) - raft.server.log.queue.element-limit = 1024 (custom)
2019-06-18 14:53:51,572 INFO  server.RaftServerConfigKeys (ConfUtils.java:logGet(43)) - raft.server.log.segment.size.max = 16384 (custom)
2019-06-18 14:53:51,573 INFO  server.RaftServerConfigKeys (ConfUtils.java:logGet(43)) - raft.server.log.preallocated.size = 16384 (custom)
2019-06-18 14:53:51,573 INFO  server.RaftServerConfigKeys (ConfUtils.java:logGet(43)) - raft.server.log.write.buffer.size = 33554432 (custom)
2019-06-18 14:53:51,573 INFO  server.RaftServerConfigKeys (ConfUtils.java:logGet(43)) - raft.server.log.force.sync.num = 128 (default)
2019-06-18 14:53:51,575 INFO  server.RaftServerConfigKeys (ConfUtils.java:logGet(43)) - raft.server.log.statemachine.data.sync = true (default)
2019-06-18 14:53:51,575 INFO  server.RaftServerConfigKeys (ConfUtils.java:logGet(43)) - raft.server.log.statemachine.data.sync.timeout = 10s (default)
2019-06-18 14:53:51,575 INFO  server.RaftServerConfigKeys (ConfUtils.java:logGet(43)) - raft.server.log.statemachine.data.sync.timeout.retry = -1 (default)
2019-06-18 14:53:51,579 INFO  server.RaftServerConfigKeys (ConfUtils.java:logGet(43)) - raft.server.log.statemachine.data.caching.enabled = true (custom)
2019-06-18 14:53:51,585 INFO  server.RaftServerConfigKeys (ConfUtils.java:logGet(43)) - raft.server.snapshot.auto.trigger.enabled = true (custom)
2019-06-18 14:53:51,586 INFO  server.RaftServerConfigKeys (ConfUtils.java:logGet(43)) - raft.server.snapshot.auto.trigger.threshold = 10000 (custom)
2019-06-18 14:53:51,587 INFO  server.RaftServerConfigKeys (ConfUtils.java:logGet(43)) - raft.server.retrycache.expirytime = 600000ms (custom)
2019-06-18 14:53:51,610 INFO  impl.RaftServerImpl (RaftServerImpl.java:start(173)) - 198f7d65-01f0-4e85-a5dc-ffbf5523dd3f: start group-FF5ED7D9F199
2019-06-18 14:53:51,611 INFO  impl.RaftServerImpl (RaftServerImpl.java:setRole(164)) - 198f7d65-01f0-4e85-a5dc-ffbf5523dd3f:group-FF5ED7D9F199 changes role from null to FOLLOWER at term 0 for startAsFollower
2019-06-18 14:53:51,613 INFO  impl.RoleInfo (RoleInfo.java:updateAndGet(143)) - 198f7d65-01f0-4e85-a5dc-ffbf5523dd3f: start FollowerState
2019-06-18 14:53:51,615 INFO  util.JmxRegister (JmxRegister.java:tryRegister(44)) - Successfully registered JMX Bean with object name Ratis:service=RaftServer,group=group-FF5ED7D9F199,id=198f7d65-01f0-4e85-a5dc-ffbf5523dd3f
2019-06-18 14:53:51,929 INFO  pipeline.PipelineStateManager (PipelineStateManager.java:addPipeline(56)) - Created pipeline Pipeline[ Id: 69a56fa1-b4b2-4b52-9c03-ff5ed7d9f199, Nodes: 198f7d65-01f0-4e85-a5dc-ffbf5523dd3f{ip: 192.168.105.145, host: ozone-unit-076618677d3sgzsj-1564456750, networkLocation: /default-rack, certSerialId: null}, Type:RATIS, Factor:ONE, State:OPEN]
2019-06-18 14:53:51,953 INFO  impl.RaftServerProxy (RaftServerProxy.java:addNew(89)) - a9565816-6a25-4123-98b8-7466a09cc1c1: addNew group-C91885ABDAAD:[a9565816-6a25-4123-98b8-7466a09cc1c1:192.168.105.145:43715] returns group-C91885ABDAAD:java.util.concurrent.CompletableFuture@10d06b34[Not completed]
2019-06-18 14:53:51,987 INFO  impl.RaftServerImpl (RaftServerImpl.java:<init>(91)) - a9565816-6a25-4123-98b8-7466a09cc1c1: new RaftServerImpl for group-C91885ABDAAD:[a9565816-6a25-4123-98b8-7466a09cc1c1:192.168.105.145:43715] with ContainerStateMachine:uninitialized
2019-06-18 14:53:51,989 INFO  server.RaftServerConfigKeys (ConfUtils.java:logGet(43)) - raft.server.rpc.timeout.min = 1s (custom)
2019-06-18 14:53:51,990 INFO  server.RaftServerConfigKeys (ConfUtils.java:logGet(43)) - raft.server.rpc.timeout.max = 1200ms (custom)
2019-06-18 14:53:51,990 INFO  server.RaftServerConfigKeys (ConfUtils.java:logGet(43)) - raft.server.rpcslowness.timeout = 120s (custom)
2019-06-18 14:53:51,990 INFO  server.RaftServerConfigKeys (ConfUtils.java:logGet(43)) - raft.server.log.appender.install.snapshot.enabled = true (default)
2019-06-18 14:53:51,990 INFO  impl.RaftServerImpl (ServerState.java:<init>(101)) - a9565816-6a25-4123-98b8-7466a09cc1c1:group-C91885ABDAAD ConfigurationManager, init=-1: [a9565816-6a25-4123-98b8-7466a09cc1c1:192.168.105.145:43715], old=null, confs=<EMPTY_MAP>
2019-06-18 14:53:51,990 INFO  server.RaftServerConfigKeys (ConfUtils.java:logGet(43)) - raft.server.storage.dir = [/opt/src/hadoop-ozone/tools/target/test-dir/MiniOzoneClusterImpl-b0c7f89a-8a87-4874-90d3-a9efc960c33e/datanode-1/data/ratis] (custom)
2019-06-18 14:53:51,991 INFO  storage.RaftStorageDirectory (RaftStorageDirectory.java:analyzeStorage(246)) - The storage directory /opt/src/hadoop-ozone/tools/target/test-dir/MiniOzoneClusterImpl-b0c7f89a-8a87-4874-90d3-a9efc960c33e/datanode-1/data/ratis/83268868-bc45-4419-9e3b-c91885abdaad does not exist. Creating ...
2019-06-18 14:53:51,999 INFO  storage.RaftStorageDirectory (RaftStorageDirectory.java:tryLock(328)) - Lock on /opt/src/hadoop-ozone/tools/target/test-dir/MiniOzoneClusterImpl-b0c7f89a-8a87-4874-90d3-a9efc960c33e/datanode-1/data/ratis/83268868-bc45-4419-9e3b-c91885abdaad/in_use.lock acquired by nodename 18200@ozone-unit-076618677d3sgzsj-1564456750
2019-06-18 14:53:52,002 INFO  storage.RaftStorage (RaftStorage.java:format(75)) - Storage directory /opt/src/hadoop-ozone/tools/target/test-dir/MiniOzoneClusterImpl-b0c7f89a-8a87-4874-90d3-a9efc960c33e/datanode-1/data/ratis/83268868-bc45-4419-9e3b-c91885abdaad has been successfully formatted.
2019-06-18 14:53:52,003 INFO  ratis.ContainerStateMachine (ContainerStateMachine.java:loadSnapshot(199)) - The snapshot info is null.Setting the last applied index to:(t:0, i:~)
2019-06-18 14:53:52,004 INFO  server.RaftServerConfigKeys (ConfUtils.java:logGet(43)) - raft.server.leader.election.timeout = 120s (custom)
2019-06-18 14:53:52,004 INFO  server.RaftServerConfigKeys (ConfUtils.java:logGet(43)) - raft.server.log.use.memory = false (default)
2019-06-18 14:53:52,004 INFO  server.RaftServerConfigKeys (ConfUtils.java:logGet(43)) - raft.server.log.appender.buffer.byte-limit = 33554432 (custom)
2019-06-18 14:53:52,005 INFO  server.RaftServerConfigKeys (ConfUtils.java:logGet(43)) - raft.server.log.segment.size.max = 16384 (custom)
2019-06-18 14:53:52,006 INFO  server.RaftServerConfigKeys (ConfUtils.java:logGet(43)) - raft.server.log.segment.cache.num.max = 2 (custom)
2019-06-18 14:53:52,007 INFO  storage.RaftLogWorker (RaftLogWorker.java:<init>(123)) - new a9565816-6a25-4123-98b8-7466a09cc1c1-RaftLogWorker for Storage Directory /opt/src/hadoop-ozone/tools/target/test-dir/MiniOzoneClusterImpl-b0c7f89a-8a87-4874-90d3-a9efc960c33e/datanode-1/data/ratis/83268868-bc45-4419-9e3b-c91885abdaad
2019-06-18 14:53:52,007 INFO  server.RaftServerConfigKeys (ConfUtils.java:logGet(43)) - raft.server.log.queue.byte-limit = 2147483647 (custom)
2019-06-18 14:53:52,008 INFO  server.RaftServerConfigKeys (ConfUtils.java:logGet(43)) - raft.server.log.queue.element-limit = 1024 (custom)
2019-06-18 14:53:52,008 INFO  server.RaftServerConfigKeys (ConfUtils.java:logGet(43)) - raft.server.log.segment.size.max = 16384 (custom)
2019-06-18 14:53:52,008 INFO  server.RaftServerConfigKeys (ConfUtils.java:logGet(43)) - raft.server.log.preallocated.size = 16384 (custom)
2019-06-18 14:53:52,008 INFO  server.RaftServerConfigKeys (ConfUtils.java:logGet(43)) - raft.server.log.write.buffer.size = 33554432 (custom)
2019-06-18 14:53:52,009 INFO  server.RaftServerConfigKeys (ConfUtils.java:logGet(43)) - raft.server.log.force.sync.num = 128 (default)
2019-06-18 14:53:52,009 INFO  server.RaftServerConfigKeys (ConfUtils.java:logGet(43)) - raft.server.log.statemachine.data.sync = true (default)
2019-06-18 14:53:52,010 INFO  server.RaftServerConfigKeys (ConfUtils.java:logGet(43)) - raft.server.log.statemachine.data.sync.timeout = 10s (default)
2019-06-18 14:53:52,010 INFO  server.RaftServerConfigKeys (ConfUtils.java:logGet(43)) - raft.server.log.statemachine.data.sync.timeout.retry = -1 (default)
2019-06-18 14:53:52,010 INFO  server.RaftServerConfigKeys (ConfUtils.java:logGet(43)) - raft.server.log.statemachine.data.caching.enabled = true (custom)
2019-06-18 14:53:52,014 INFO  server.RaftServerConfigKeys (ConfUtils.java:logGet(43)) - raft.server.snapshot.auto.trigger.enabled = true (custom)
2019-06-18 14:53:52,015 INFO  server.RaftServerConfigKeys (ConfUtils.java:logGet(43)) - raft.server.snapshot.auto.trigger.threshold = 10000 (custom)
2019-06-18 14:53:52,015 INFO  server.RaftServerConfigKeys (ConfUtils.java:logGet(43)) - raft.server.retrycache.expirytime = 600000ms (custom)
2019-06-18 14:53:52,015 INFO  impl.RaftServerImpl (RaftServerImpl.java:start(173)) - a9565816-6a25-4123-98b8-7466a09cc1c1: start group-C91885ABDAAD
2019-06-18 14:53:52,015 INFO  impl.RaftServerImpl (RaftServerImpl.java:setRole(164)) - a9565816-6a25-4123-98b8-7466a09cc1c1:group-C91885ABDAAD changes role from null to FOLLOWER at term 0 for startAsFollower
2019-06-18 14:53:52,015 INFO  impl.RoleInfo (RoleInfo.java:updateAndGet(143)) - a9565816-6a25-4123-98b8-7466a09cc1c1: start FollowerState
2019-06-18 14:53:52,017 INFO  util.JmxRegister (JmxRegister.java:tryRegister(44)) - Successfully registered JMX Bean with object name Ratis:service=RaftServer,group=group-C91885ABDAAD,id=a9565816-6a25-4123-98b8-7466a09cc1c1
2019-06-18 14:53:52,039 INFO  pipeline.PipelineStateManager (PipelineStateManager.java:addPipeline(56)) - Created pipeline Pipeline[ Id: 83268868-bc45-4419-9e3b-c91885abdaad, Nodes: a9565816-6a25-4123-98b8-7466a09cc1c1{ip: 192.168.105.145, host: ozone-unit-076618677d3sgzsj-1564456750, networkLocation: /default-rack, certSerialId: null}, Type:RATIS, Factor:ONE, State:OPEN]
2019-06-18 14:53:52,065 INFO  impl.RaftServerProxy (RaftServerProxy.java:addNew(89)) - 56461521-4673-4b72-a025-4e00eda9b881: addNew group-C6A994868535:[56461521-4673-4b72-a025-4e00eda9b881:192.168.105.145:33391] returns group-C6A994868535:java.util.concurrent.CompletableFuture@25a6973f[Not completed]
2019-06-18 14:53:52,072 INFO  impl.RaftServerImpl (RaftServerImpl.java:<init>(91)) - 56461521-4673-4b72-a025-4e00eda9b881: new RaftServerImpl for group-C6A994868535:[56461521-4673-4b72-a025-4e00eda9b881:192.168.105.145:33391] with ContainerStateMachine:uninitialized
2019-06-18 14:53:52,073 INFO  server.RaftServerConfigKeys (ConfUtils.java:logGet(43)) - raft.server.rpc.timeout.min = 1s (custom)
2019-06-18 14:53:52,073 INFO  server.RaftServerConfigKeys (ConfUtils.java:logGet(43)) - raft.server.rpc.timeout.max = 1200ms (custom)
2019-06-18 14:53:52,074 INFO  server.RaftServerConfigKeys (ConfUtils.java:logGet(43)) - raft.server.rpcslowness.timeout = 120s (custom)
2019-06-18 14:53:52,074 INFO  server.RaftServerConfigKeys (ConfUtils.java:logGet(43)) - raft.server.log.appender.install.snapshot.enabled = true (default)
2019-06-18 14:53:52,074 INFO  impl.RaftServerImpl (ServerState.java:<init>(101)) - 56461521-4673-4b72-a025-4e00eda9b881:group-C6A994868535 ConfigurationManager, init=-1: [56461521-4673-4b72-a025-4e00eda9b881:192.168.105.145:33391], old=null, confs=<EMPTY_MAP>
2019-06-18 14:53:52,074 INFO  server.RaftServerConfigKeys (ConfUtils.java:logGet(43)) - raft.server.storage.dir = [/opt/src/hadoop-ozone/tools/target/test-dir/MiniOzoneClusterImpl-b0c7f89a-8a87-4874-90d3-a9efc960c33e/datanode-2/data/ratis] (custom)
2019-06-18 14:53:52,076 INFO  storage.RaftStorageDirectory (RaftStorageDirectory.java:analyzeStorage(246)) - The storage directory /opt/src/hadoop-ozone/tools/target/test-dir/MiniOzoneClusterImpl-b0c7f89a-8a87-4874-90d3-a9efc960c33e/datanode-2/data/ratis/4af59346-2a90-4751-a499-c6a994868535 does not exist. Creating ...
2019-06-18 14:53:52,082 INFO  storage.RaftStorageDirectory (RaftStorageDirectory.java:tryLock(328)) - Lock on /opt/src/hadoop-ozone/tools/target/test-dir/MiniOzoneClusterImpl-b0c7f89a-8a87-4874-90d3-a9efc960c33e/datanode-2/data/ratis/4af59346-2a90-4751-a499-c6a994868535/in_use.lock acquired by nodename 18200@ozone-unit-076618677d3sgzsj-1564456750
2019-06-18 14:53:52,088 INFO  storage.RaftStorage (RaftStorage.java:format(75)) - Storage directory /opt/src/hadoop-ozone/tools/target/test-dir/MiniOzoneClusterImpl-b0c7f89a-8a87-4874-90d3-a9efc960c33e/datanode-2/data/ratis/4af59346-2a90-4751-a499-c6a994868535 has been successfully formatted.
2019-06-18 14:53:52,088 INFO  ratis.ContainerStateMachine (ContainerStateMachine.java:loadSnapshot(199)) - The snapshot info is null.Setting the last applied index to:(t:0, i:~)
2019-06-18 14:53:52,088 INFO  server.RaftServerConfigKeys (ConfUtils.java:logGet(43)) - raft.server.leader.election.timeout = 120s (custom)
2019-06-18 14:53:52,088 INFO  server.RaftServerConfigKeys (ConfUtils.java:logGet(43)) - raft.server.log.use.memory = false (default)
2019-06-18 14:53:52,088 INFO  server.RaftServerConfigKeys (ConfUtils.java:logGet(43)) - raft.server.log.appender.buffer.byte-limit = 33554432 (custom)
2019-06-18 14:53:52,089 INFO  server.RaftServerConfigKeys (ConfUtils.java:logGet(43)) - raft.server.log.segment.size.max = 16384 (custom)
2019-06-18 14:53:52,089 INFO  server.RaftServerConfigKeys (ConfUtils.java:logGet(43)) - raft.server.log.segment.cache.num.max = 2 (custom)
2019-06-18 14:53:52,089 INFO  storage.RaftLogWorker (RaftLogWorker.java:<init>(123)) - new 56461521-4673-4b72-a025-4e00eda9b881-RaftLogWorker for Storage Directory /opt/src/hadoop-ozone/tools/target/test-dir/MiniOzoneClusterImpl-b0c7f89a-8a87-4874-90d3-a9efc960c33e/datanode-2/data/ratis/4af59346-2a90-4751-a499-c6a994868535
2019-06-18 14:53:52,089 INFO  server.RaftServerConfigKeys (ConfUtils.java:logGet(43)) - raft.server.log.queue.byte-limit = 2147483647 (custom)
2019-06-18 14:53:52,089 INFO  server.RaftServerConfigKeys (ConfUtils.java:logGet(43)) - raft.server.log.queue.element-limit = 1024 (custom)
2019-06-18 14:53:52,090 INFO  server.RaftServerConfigKeys (ConfUtils.java:logGet(43)) - raft.server.log.segment.size.max = 16384 (custom)
2019-06-18 14:53:52,090 INFO  server.RaftServerConfigKeys (ConfUtils.java:logGet(43)) - raft.server.log.preallocated.size = 16384 (custom)
2019-06-18 14:53:52,090 INFO  server.RaftServerConfigKeys (ConfUtils.java:logGet(43)) - raft.server.log.write.buffer.size = 33554432 (custom)
2019-06-18 14:53:52,090 INFO  server.RaftServerConfigKeys (ConfUtils.java:logGet(43)) - raft.server.log.force.sync.num = 128 (default)
2019-06-18 14:53:52,091 INFO  server.RaftServerConfigKeys (ConfUtils.java:logGet(43)) - raft.server.log.statemachine.data.sync = true (default)
2019-06-18 14:53:52,092 INFO  server.RaftServerConfigKeys (ConfUtils.java:logGet(43)) - raft.server.log.statemachine.data.sync.timeout = 10s (default)
2019-06-18 14:53:52,092 INFO  server.RaftServerConfigKeys (ConfUtils.java:logGet(43)) - raft.server.log.statemachine.data.sync.timeout.retry = -1 (default)
2019-06-18 14:53:52,092 INFO  server.RaftServerConfigKeys (ConfUtils.java:logGet(43)) - raft.server.log.statemachine.data.caching.enabled = true (custom)
2019-06-18 14:53:52,094 INFO  server.RaftServerConfigKeys (ConfUtils.java:logGet(43)) - raft.server.snapshot.auto.trigger.enabled = true (custom)
2019-06-18 14:53:52,094 INFO  server.RaftServerConfigKeys (ConfUtils.java:logGet(43)) - raft.server.snapshot.auto.trigger.threshold = 10000 (custom)
2019-06-18 14:53:52,094 INFO  server.RaftServerConfigKeys (ConfUtils.java:logGet(43)) - raft.server.retrycache.expirytime = 600000ms (custom)
2019-06-18 14:53:52,095 INFO  impl.RaftServerImpl (RaftServerImpl.java:start(173)) - 56461521-4673-4b72-a025-4e00eda9b881: start group-C6A994868535
2019-06-18 14:53:52,097 INFO  impl.RaftServerImpl (RaftServerImpl.java:setRole(164)) - 56461521-4673-4b72-a025-4e00eda9b881:group-C6A994868535 changes role from null to FOLLOWER at term 0 for startAsFollower
2019-06-18 14:53:52,099 INFO  impl.RoleInfo (RoleInfo.java:updateAndGet(143)) - 56461521-4673-4b72-a025-4e00eda9b881: start FollowerState
2019-06-18 14:53:52,099 INFO  util.JmxRegister (JmxRegister.java:tryRegister(44)) - Successfully registered JMX Bean with object name Ratis:service=RaftServer,group=group-C6A994868535,id=56461521-4673-4b72-a025-4e00eda9b881
2019-06-18 14:53:52,113 INFO  pipeline.PipelineStateManager (PipelineStateManager.java:addPipeline(56)) - Created pipeline Pipeline[ Id: 4af59346-2a90-4751-a499-c6a994868535, Nodes: 56461521-4673-4b72-a025-4e00eda9b881{ip: 192.168.105.145, host: ozone-unit-076618677d3sgzsj-1564456750, networkLocation: /default-rack, certSerialId: null}, Type:RATIS, Factor:ONE, State:OPEN]
2019-06-18 14:53:52,178 INFO  impl.RaftServerProxy (RaftServerProxy.java:addNew(89)) - 56461521-4673-4b72-a025-4e00eda9b881: addNew group-217BEF98E4D3:[198f7d65-01f0-4e85-a5dc-ffbf5523dd3f:192.168.105.145:43127, a9565816-6a25-4123-98b8-7466a09cc1c1:192.168.105.145:43715, 56461521-4673-4b72-a025-4e00eda9b881:192.168.105.145:33391] returns group-217BEF98E4D3:java.util.concurrent.CompletableFuture@37d89907[Not completed]
2019-06-18 14:53:52,180 INFO  impl.RaftServerImpl (RaftServerImpl.java:<init>(91)) - 56461521-4673-4b72-a025-4e00eda9b881: new RaftServerImpl for group-217BEF98E4D3:[198f7d65-01f0-4e85-a5dc-ffbf5523dd3f:192.168.105.145:43127, a9565816-6a25-4123-98b8-7466a09cc1c1:192.168.105.145:43715, 56461521-4673-4b72-a025-4e00eda9b881:192.168.105.145:33391] with ContainerStateMachine:uninitialized
2019-06-18 14:53:52,180 INFO  server.RaftServerConfigKeys (ConfUtils.java:logGet(43)) - raft.server.rpc.timeout.min = 1s (custom)
2019-06-18 14:53:52,181 INFO  server.RaftServerConfigKeys (ConfUtils.java:logGet(43)) - raft.server.rpc.timeout.max = 1200ms (custom)
2019-06-18 14:53:52,181 INFO  server.RaftServerConfigKeys (ConfUtils.java:logGet(43)) - raft.server.rpcslowness.timeout = 120s (custom)
2019-06-18 14:53:52,181 INFO  server.RaftServerConfigKeys (ConfUtils.java:logGet(43)) - raft.server.log.appender.install.snapshot.enabled = true (default)
2019-06-18 14:53:52,181 INFO  impl.RaftServerImpl (ServerState.java:<init>(101)) - 56461521-4673-4b72-a025-4e00eda9b881:group-217BEF98E4D3 ConfigurationManager, init=-1: [198f7d65-01f0-4e85-a5dc-ffbf5523dd3f:192.168.105.145:43127, a9565816-6a25-4123-98b8-7466a09cc1c1:192.168.105.145:43715, 56461521-4673-4b72-a025-4e00eda9b881:192.168.105.145:33391], old=null, confs=<EMPTY_MAP>
2019-06-18 14:53:52,184 INFO  server.RaftServerConfigKeys (ConfUtils.java:logGet(43)) - raft.server.storage.dir = [/opt/src/hadoop-ozone/tools/target/test-dir/MiniOzoneClusterImpl-b0c7f89a-8a87-4874-90d3-a9efc960c33e/datanode-2/data/ratis] (custom)
2019-06-18 14:53:52,184 INFO  storage.RaftStorageDirectory (RaftStorageDirectory.java:analyzeStorage(246)) - The storage directory /opt/src/hadoop-ozone/tools/target/test-dir/MiniOzoneClusterImpl-b0c7f89a-8a87-4874-90d3-a9efc960c33e/datanode-2/data/ratis/d1a84bbd-09e6-4550-a595-217bef98e4d3 does not exist. Creating ...
2019-06-18 14:53:52,183 INFO  impl.RaftServerImpl (RaftServerImpl.java:<init>(91)) - a9565816-6a25-4123-98b8-7466a09cc1c1: new RaftServerImpl for group-217BEF98E4D3:[198f7d65-01f0-4e85-a5dc-ffbf5523dd3f:192.168.105.145:43127, a9565816-6a25-4123-98b8-7466a09cc1c1:192.168.105.145:43715, 56461521-4673-4b72-a025-4e00eda9b881:192.168.105.145:33391] with ContainerStateMachine:uninitialized
2019-06-18 14:53:52,185 INFO  server.RaftServerConfigKeys (ConfUtils.java:logGet(43)) - raft.server.rpc.timeout.min = 1s (custom)
2019-06-18 14:53:52,185 INFO  server.RaftServerConfigKeys (ConfUtils.java:logGet(43)) - raft.server.rpc.timeout.max = 1200ms (custom)
2019-06-18 14:53:52,185 INFO  server.RaftServerConfigKeys (ConfUtils.java:logGet(43)) - raft.server.rpcslowness.timeout = 120s (custom)
2019-06-18 14:53:52,185 INFO  server.RaftServerConfigKeys (ConfUtils.java:logGet(43)) - raft.server.log.appender.install.snapshot.enabled = true (default)
2019-06-18 14:53:52,185 INFO  impl.RaftServerImpl (ServerState.java:<init>(101)) - a9565816-6a25-4123-98b8-7466a09cc1c1:group-217BEF98E4D3 ConfigurationManager, init=-1: [198f7d65-01f0-4e85-a5dc-ffbf5523dd3f:192.168.105.145:43127, a9565816-6a25-4123-98b8-7466a09cc1c1:192.168.105.145:43715, 56461521-4673-4b72-a025-4e00eda9b881:192.168.105.145:33391], old=null, confs=<EMPTY_MAP>
2019-06-18 14:53:52,185 INFO  server.RaftServerConfigKeys (ConfUtils.java:logGet(43)) - raft.server.storage.dir = [/opt/src/hadoop-ozone/tools/target/test-dir/MiniOzoneClusterImpl-b0c7f89a-8a87-4874-90d3-a9efc960c33e/datanode-1/data/ratis] (custom)
2019-06-18 14:53:52,186 INFO  storage.RaftStorageDirectory (RaftStorageDirectory.java:analyzeStorage(246)) - The storage directory /opt/src/hadoop-ozone/tools/target/test-dir/MiniOzoneClusterImpl-b0c7f89a-8a87-4874-90d3-a9efc960c33e/datanode-1/data/ratis/d1a84bbd-09e6-4550-a595-217bef98e4d3 does not exist. Creating ...
2019-06-18 14:53:52,182 INFO  impl.RaftServerProxy (RaftServerProxy.java:addNew(89)) - 198f7d65-01f0-4e85-a5dc-ffbf5523dd3f: addNew group-217BEF98E4D3:[198f7d65-01f0-4e85-a5dc-ffbf5523dd3f:192.168.105.145:43127, a9565816-6a25-4123-98b8-7466a09cc1c1:192.168.105.145:43715, 56461521-4673-4b72-a025-4e00eda9b881:192.168.105.145:33391] returns group-217BEF98E4D3:java.util.concurrent.CompletableFuture@1b1cce49[Not completed]
2019-06-18 14:53:52,183 INFO  impl.RaftServerImpl (RaftServerImpl.java:<init>(91)) - 198f7d65-01f0-4e85-a5dc-ffbf5523dd3f: new RaftServerImpl for group-217BEF98E4D3:[198f7d65-01f0-4e85-a5dc-ffbf5523dd3f:192.168.105.145:43127, a9565816-6a25-4123-98b8-7466a09cc1c1:192.168.105.145:43715, 56461521-4673-4b72-a025-4e00eda9b881:192.168.105.145:33391] with ContainerStateMachine:uninitialized
2019-06-18 14:53:52,182 INFO  impl.RaftServerProxy (RaftServerProxy.java:addNew(89)) - a9565816-6a25-4123-98b8-7466a09cc1c1: addNew group-217BEF98E4D3:[198f7d65-01f0-4e85-a5dc-ffbf5523dd3f:192.168.105.145:43127, a9565816-6a25-4123-98b8-7466a09cc1c1:192.168.105.145:43715, 56461521-4673-4b72-a025-4e00eda9b881:192.168.105.145:33391] returns group-217BEF98E4D3:java.util.concurrent.CompletableFuture@33e70b24[Not completed]
2019-06-18 14:53:52,198 INFO  server.RaftServerConfigKeys (ConfUtils.java:logGet(43)) - raft.server.rpc.timeout.min = 1s (custom)
2019-06-18 14:53:52,198 INFO  server.RaftServerConfigKeys (ConfUtils.java:logGet(43)) - raft.server.rpc.timeout.max = 1200ms (custom)
2019-06-18 14:53:52,199 INFO  server.RaftServerConfigKeys (ConfUtils.java:logGet(43)) - raft.server.rpcslowness.timeout = 120s (custom)
2019-06-18 14:53:52,199 INFO  server.RaftServerConfigKeys (ConfUtils.java:logGet(43)) - raft.server.log.appender.install.snapshot.enabled = true (default)
2019-06-18 14:53:52,199 INFO  impl.RaftServerImpl (ServerState.java:<init>(101)) - 198f7d65-01f0-4e85-a5dc-ffbf5523dd3f:group-217BEF98E4D3 ConfigurationManager, init=-1: [198f7d65-01f0-4e85-a5dc-ffbf5523dd3f:192.168.105.145:43127, a9565816-6a25-4123-98b8-7466a09cc1c1:192.168.105.145:43715, 56461521-4673-4b72-a025-4e00eda9b881:192.168.105.145:33391], old=null, confs=<EMPTY_MAP>
2019-06-18 14:53:52,199 INFO  server.RaftServerConfigKeys (ConfUtils.java:logGet(43)) - raft.server.storage.dir = [/opt/src/hadoop-ozone/tools/target/test-dir/MiniOzoneClusterImpl-b0c7f89a-8a87-4874-90d3-a9efc960c33e/datanode-0/data/ratis] (custom)
2019-06-18 14:53:52,199 INFO  storage.RaftStorageDirectory (RaftStorageDirectory.java:analyzeStorage(246)) - The storage directory /opt/src/hadoop-ozone/tools/target/test-dir/MiniOzoneClusterImpl-b0c7f89a-8a87-4874-90d3-a9efc960c33e/datanode-0/data/ratis/d1a84bbd-09e6-4550-a595-217bef98e4d3 does not exist. Creating ...
2019-06-18 14:53:52,200 INFO  storage.RaftStorageDirectory (RaftStorageDirectory.java:tryLock(328)) - Lock on /opt/src/hadoop-ozone/tools/target/test-dir/MiniOzoneClusterImpl-b0c7f89a-8a87-4874-90d3-a9efc960c33e/datanode-1/data/ratis/d1a84bbd-09e6-4550-a595-217bef98e4d3/in_use.lock acquired by nodename 18200@ozone-unit-076618677d3sgzsj-1564456750
2019-06-18 14:53:52,205 INFO  storage.RaftStorageDirectory (RaftStorageDirectory.java:tryLock(328)) - Lock on /opt/src/hadoop-ozone/tools/target/test-dir/MiniOzoneClusterImpl-b0c7f89a-8a87-4874-90d3-a9efc960c33e/datanode-2/data/ratis/d1a84bbd-09e6-4550-a595-217bef98e4d3/in_use.lock acquired by nodename 18200@ozone-unit-076618677d3sgzsj-1564456750
2019-06-18 14:53:52,207 INFO  storage.RaftStorage (RaftStorage.java:format(75)) - Storage directory /opt/src/hadoop-ozone/tools/target/test-dir/MiniOzoneClusterImpl-b0c7f89a-8a87-4874-90d3-a9efc960c33e/datanode-1/data/ratis/d1a84bbd-09e6-4550-a595-217bef98e4d3 has been successfully formatted.
2019-06-18 14:53:52,208 INFO  storage.RaftStorageDirectory (RaftStorageDirectory.java:tryLock(328)) - Lock on /opt/src/hadoop-ozone/tools/target/test-dir/MiniOzoneClusterImpl-b0c7f89a-8a87-4874-90d3-a9efc960c33e/datanode-0/data/ratis/d1a84bbd-09e6-4550-a595-217bef98e4d3/in_use.lock acquired by nodename 18200@ozone-unit-076618677d3sgzsj-1564456750
2019-06-18 14:53:52,209 INFO  ratis.ContainerStateMachine (ContainerStateMachine.java:loadSnapshot(199)) - The snapshot info is null.Setting the last applied index to:(t:0, i:~)
2019-06-18 14:53:52,209 INFO  server.RaftServerConfigKeys (ConfUtils.java:logGet(43)) - raft.server.leader.election.timeout = 120s (custom)
2019-06-18 14:53:52,209 INFO  server.RaftServerConfigKeys (ConfUtils.java:logGet(43)) - raft.server.log.use.memory = false (default)
2019-06-18 14:53:52,209 INFO  storage.RaftStorage (RaftStorage.java:format(75)) - Storage directory /opt/src/hadoop-ozone/tools/target/test-dir/MiniOzoneClusterImpl-b0c7f89a-8a87-4874-90d3-a9efc960c33e/datanode-2/data/ratis/d1a84bbd-09e6-4550-a595-217bef98e4d3 has been successfully formatted.
2019-06-18 14:53:52,210 INFO  ratis.ContainerStateMachine (ContainerStateMachine.java:loadSnapshot(199)) - The snapshot info is null.Setting the last applied index to:(t:0, i:~)
2019-06-18 14:53:52,210 INFO  server.RaftServerConfigKeys (ConfUtils.java:logGet(43)) - raft.server.leader.election.timeout = 120s (custom)
2019-06-18 14:53:52,210 INFO  server.RaftServerConfigKeys (ConfUtils.java:logGet(43)) - raft.server.log.use.memory = false (default)
2019-06-18 14:53:52,210 INFO  server.RaftServerConfigKeys (ConfUtils.java:logGet(43)) - raft.server.log.appender.buffer.byte-limit = 33554432 (custom)
2019-06-18 14:53:52,210 INFO  server.RaftServerConfigKeys (ConfUtils.java:logGet(43)) - raft.server.log.segment.size.max = 16384 (custom)
2019-06-18 14:53:52,211 INFO  server.RaftServerConfigKeys (ConfUtils.java:logGet(43)) - raft.server.log.segment.cache.num.max = 2 (custom)
2019-06-18 14:53:52,211 INFO  storage.RaftLogWorker (RaftLogWorker.java:<init>(123)) - new 56461521-4673-4b72-a025-4e00eda9b881-RaftLogWorker for Storage Directory /opt/src/hadoop-ozone/tools/target/test-dir/MiniOzoneClusterImpl-b0c7f89a-8a87-4874-90d3-a9efc960c33e/datanode-2/data/ratis/d1a84bbd-09e6-4550-a595-217bef98e4d3
2019-06-18 14:53:52,211 INFO  server.RaftServerConfigKeys (ConfUtils.java:logGet(43)) - raft.server.log.queue.byte-limit = 2147483647 (custom)
2019-06-18 14:53:52,211 INFO  server.RaftServerConfigKeys (ConfUtils.java:logGet(43)) - raft.server.log.queue.element-limit = 1024 (custom)
2019-06-18 14:53:52,211 INFO  server.RaftServerConfigKeys (ConfUtils.java:logGet(43)) - raft.server.log.segment.size.max = 16384 (custom)
2019-06-18 14:53:52,211 INFO  server.RaftServerConfigKeys (ConfUtils.java:logGet(43)) - raft.server.log.preallocated.size = 16384 (custom)
2019-06-18 14:53:52,212 INFO  server.RaftServerConfigKeys (ConfUtils.java:logGet(43)) - raft.server.log.write.buffer.size = 33554432 (custom)
2019-06-18 14:53:52,212 INFO  server.RaftServerConfigKeys (ConfUtils.java:logGet(43)) - raft.server.log.force.sync.num = 128 (default)
2019-06-18 14:53:52,212 INFO  server.RaftServerConfigKeys (ConfUtils.java:logGet(43)) - raft.server.log.statemachine.data.sync = true (default)
2019-06-18 14:53:52,212 INFO  server.RaftServerConfigKeys (ConfUtils.java:logGet(43)) - raft.server.log.statemachine.data.sync.timeout = 10s (default)
2019-06-18 14:53:52,212 INFO  server.RaftServerConfigKeys (ConfUtils.java:logGet(43)) - raft.server.log.statemachine.data.sync.timeout.retry = -1 (default)
2019-06-18 14:53:52,212 INFO  server.RaftServerConfigKeys (ConfUtils.java:logGet(43)) - raft.server.log.statemachine.data.caching.enabled = true (custom)
2019-06-18 14:53:52,210 INFO  server.RaftServerConfigKeys (ConfUtils.java:logGet(43)) - raft.server.log.appender.buffer.byte-limit = 33554432 (custom)
2019-06-18 14:53:52,213 INFO  server.RaftServerConfigKeys (ConfUtils.java:logGet(43)) - raft.server.log.segment.size.max = 16384 (custom)
2019-06-18 14:53:52,213 INFO  server.RaftServerConfigKeys (ConfUtils.java:logGet(43)) - raft.server.log.segment.cache.num.max = 2 (custom)
2019-06-18 14:53:52,213 INFO  storage.RaftLogWorker (RaftLogWorker.java:<init>(123)) - new a9565816-6a25-4123-98b8-7466a09cc1c1-RaftLogWorker for Storage Directory /opt/src/hadoop-ozone/tools/target/test-dir/MiniOzoneClusterImpl-b0c7f89a-8a87-4874-90d3-a9efc960c33e/datanode-1/data/ratis/d1a84bbd-09e6-4550-a595-217bef98e4d3
2019-06-18 14:53:52,213 INFO  server.RaftServerConfigKeys (ConfUtils.java:logGet(43)) - raft.server.log.queue.byte-limit = 2147483647 (custom)
2019-06-18 14:53:52,213 INFO  server.RaftServerConfigKeys (ConfUtils.java:logGet(43)) - raft.server.log.queue.element-limit = 1024 (custom)
2019-06-18 14:53:52,214 INFO  server.RaftServerConfigKeys (ConfUtils.java:logGet(43)) - raft.server.log.segment.size.max = 16384 (custom)
2019-06-18 14:53:52,214 INFO  server.RaftServerConfigKeys (ConfUtils.java:logGet(43)) - raft.server.log.preallocated.size = 16384 (custom)
2019-06-18 14:53:52,214 INFO  server.RaftServerConfigKeys (ConfUtils.java:logGet(43)) - raft.server.log.write.buffer.size = 33554432 (custom)
2019-06-18 14:53:52,214 INFO  server.RaftServerConfigKeys (ConfUtils.java:logGet(43)) - raft.server.log.force.sync.num = 128 (default)
2019-06-18 14:53:52,214 INFO  server.RaftServerConfigKeys (ConfUtils.java:logGet(43)) - raft.server.log.statemachine.data.sync = true (default)
2019-06-18 14:53:52,214 INFO  server.RaftServerConfigKeys (ConfUtils.java:logGet(43)) - raft.server.log.statemachine.data.sync.timeout = 10s (default)
2019-06-18 14:53:52,215 INFO  server.RaftServerConfigKeys (ConfUtils.java:logGet(43)) - raft.server.log.statemachine.data.sync.timeout.retry = -1 (default)
2019-06-18 14:53:52,215 INFO  server.RaftServerConfigKeys (ConfUtils.java:logGet(43)) - raft.server.snapshot.auto.trigger.enabled = true (custom)
2019-06-18 14:53:52,215 INFO  server.RaftServerConfigKeys (ConfUtils.java:logGet(43)) - raft.server.snapshot.auto.trigger.threshold = 10000 (custom)
2019-06-18 14:53:52,215 INFO  server.RaftServerConfigKeys (ConfUtils.java:logGet(43)) - raft.server.retrycache.expirytime = 600000ms (custom)
2019-06-18 14:53:52,215 INFO  impl.RaftServerImpl (RaftServerImpl.java:start(173)) - 56461521-4673-4b72-a025-4e00eda9b881: start group-217BEF98E4D3
2019-06-18 14:53:52,215 INFO  impl.RaftServerImpl (RaftServerImpl.java:setRole(164)) - 56461521-4673-4b72-a025-4e00eda9b881:group-217BEF98E4D3 changes role from null to FOLLOWER at term 0 for startAsFollower
2019-06-18 14:53:52,216 INFO  impl.RoleInfo (RoleInfo.java:updateAndGet(143)) - 56461521-4673-4b72-a025-4e00eda9b881: start FollowerState
2019-06-18 14:53:52,216 INFO  server.RaftServerConfigKeys (ConfUtils.java:logGet(43)) - raft.server.log.statemachine.data.caching.enabled = true (custom)
2019-06-18 14:53:52,216 INFO  util.JmxRegister (JmxRegister.java:tryRegister(44)) - Successfully registered JMX Bean with object name Ratis:service=RaftServer,group=group-217BEF98E4D3,id=56461521-4673-4b72-a025-4e00eda9b881
2019-06-18 14:53:52,244 INFO  server.RaftServerConfigKeys (ConfUtils.java:logGet(43)) - raft.server.snapshot.auto.trigger.enabled = true (custom)
2019-06-18 14:53:52,244 INFO  server.RaftServerConfigKeys (ConfUtils.java:logGet(43)) - raft.server.snapshot.auto.trigger.threshold = 10000 (custom)
2019-06-18 14:53:52,244 INFO  server.RaftServerConfigKeys (ConfUtils.java:logGet(43)) - raft.server.retrycache.expirytime = 600000ms (custom)
2019-06-18 14:53:52,244 INFO  impl.RaftServerImpl (RaftServerImpl.java:start(173)) - a9565816-6a25-4123-98b8-7466a09cc1c1: start group-217BEF98E4D3
2019-06-18 14:53:52,244 INFO  impl.RaftServerImpl (RaftServerImpl.java:setRole(164)) - a9565816-6a25-4123-98b8-7466a09cc1c1:group-217BEF98E4D3 changes role from null to FOLLOWER at term 0 for startAsFollower
2019-06-18 14:53:52,244 INFO  impl.RoleInfo (RoleInfo.java:updateAndGet(143)) - a9565816-6a25-4123-98b8-7466a09cc1c1: start FollowerState
2019-06-18 14:53:52,245 INFO  storage.RaftStorage (RaftStorage.java:format(75)) - Storage directory /opt/src/hadoop-ozone/tools/target/test-dir/MiniOzoneClusterImpl-b0c7f89a-8a87-4874-90d3-a9efc960c33e/datanode-0/data/ratis/d1a84bbd-09e6-4550-a595-217bef98e4d3 has been successfully formatted.
2019-06-18 14:53:52,245 INFO  ratis.ContainerStateMachine (ContainerStateMachine.java:loadSnapshot(199)) - The snapshot info is null.Setting the last applied index to:(t:0, i:~)
2019-06-18 14:53:52,245 INFO  server.RaftServerConfigKeys (ConfUtils.java:logGet(43)) - raft.server.leader.election.timeout = 120s (custom)
2019-06-18 14:53:52,245 INFO  server.RaftServerConfigKeys (ConfUtils.java:logGet(43)) - raft.server.log.use.memory = false (default)
2019-06-18 14:53:52,245 INFO  server.RaftServerConfigKeys (ConfUtils.java:logGet(43)) - raft.server.log.appender.buffer.byte-limit = 33554432 (custom)
2019-06-18 14:53:52,246 INFO  server.RaftServerConfigKeys (ConfUtils.java:logGet(43)) - raft.server.log.segment.size.max = 16384 (custom)
2019-06-18 14:53:52,246 INFO  server.RaftServerConfigKeys (ConfUtils.java:logGet(43)) - raft.server.log.segment.cache.num.max = 2 (custom)
2019-06-18 14:53:52,246 INFO  storage.RaftLogWorker (RaftLogWorker.java:<init>(123)) - new 198f7d65-01f0-4e85-a5dc-ffbf5523dd3f-RaftLogWorker for Storage Directory /opt/src/hadoop-ozone/tools/target/test-dir/MiniOzoneClusterImpl-b0c7f89a-8a87-4874-90d3-a9efc960c33e/datanode-0/data/ratis/d1a84bbd-09e6-4550-a595-217bef98e4d3
2019-06-18 14:53:52,246 INFO  server.RaftServerConfigKeys (ConfUtils.java:logGet(43)) - raft.server.log.queue.byte-limit = 2147483647 (custom)
2019-06-18 14:53:52,246 INFO  server.RaftServerConfigKeys (ConfUtils.java:logGet(43)) - raft.server.log.queue.element-limit = 1024 (custom)
2019-06-18 14:53:52,246 INFO  server.RaftServerConfigKeys (ConfUtils.java:logGet(43)) - raft.server.log.segment.size.max = 16384 (custom)
2019-06-18 14:53:52,246 INFO  server.RaftServerConfigKeys (ConfUtils.java:logGet(43)) - raft.server.log.preallocated.size = 16384 (custom)
2019-06-18 14:53:52,246 INFO  server.RaftServerConfigKeys (ConfUtils.java:logGet(43)) - raft.server.log.write.buffer.size = 33554432 (custom)
2019-06-18 14:53:52,246 INFO  server.RaftServerConfigKeys (ConfUtils.java:logGet(43)) - raft.server.log.force.sync.num = 128 (default)
2019-06-18 14:53:52,246 INFO  server.RaftServerConfigKeys (ConfUtils.java:logGet(43)) - raft.server.log.statemachine.data.sync = true (default)
2019-06-18 14:53:52,246 INFO  server.RaftServerConfigKeys (ConfUtils.java:logGet(43)) - raft.server.log.statemachine.data.sync.timeout = 10s (default)
2019-06-18 14:53:52,247 INFO  server.RaftServerConfigKeys (ConfUtils.java:logGet(43)) - raft.server.log.statemachine.data.sync.timeout.retry = -1 (default)
2019-06-18 14:53:52,247 INFO  server.RaftServerConfigKeys (ConfUtils.java:logGet(43)) - raft.server.log.statemachine.data.caching.enabled = true (custom)
2019-06-18 14:53:52,247 INFO  util.JmxRegister (JmxRegister.java:tryRegister(44)) - Successfully registered JMX Bean with object name Ratis:service=RaftServer,group=group-217BEF98E4D3,id=a9565816-6a25-4123-98b8-7466a09cc1c1
2019-06-18 14:53:52,247 INFO  server.RaftServerConfigKeys (ConfUtils.java:logGet(43)) - raft.server.snapshot.auto.trigger.enabled = true (custom)
2019-06-18 14:53:52,248 INFO  server.RaftServerConfigKeys (ConfUtils.java:logGet(43)) - raft.server.snapshot.auto.trigger.threshold = 10000 (custom)
2019-06-18 14:53:52,248 INFO  server.RaftServerConfigKeys (ConfUtils.java:logGet(43)) - raft.server.retrycache.expirytime = 600000ms (custom)
2019-06-18 14:53:52,248 INFO  impl.RaftServerImpl (RaftServerImpl.java:start(173)) - 198f7d65-01f0-4e85-a5dc-ffbf5523dd3f: start group-217BEF98E4D3
2019-06-18 14:53:52,248 INFO  impl.RaftServerImpl (RaftServerImpl.java:setRole(164)) - 198f7d65-01f0-4e85-a5dc-ffbf5523dd3f:group-217BEF98E4D3 changes role from null to FOLLOWER at term 0 for startAsFollower
2019-06-18 14:53:52,248 INFO  impl.RoleInfo (RoleInfo.java:updateAndGet(143)) - 198f7d65-01f0-4e85-a5dc-ffbf5523dd3f: start FollowerState
2019-06-18 14:53:52,249 INFO  util.JmxRegister (JmxRegister.java:tryRegister(44)) - Successfully registered JMX Bean with object name Ratis:service=RaftServer,group=group-217BEF98E4D3,id=198f7d65-01f0-4e85-a5dc-ffbf5523dd3f
2019-06-18 14:53:52,285 INFO  pipeline.PipelineStateManager (PipelineStateManager.java:addPipeline(56)) - Created pipeline Pipeline[ Id: d1a84bbd-09e6-4550-a595-217bef98e4d3, Nodes: 198f7d65-01f0-4e85-a5dc-ffbf5523dd3f{ip: 192.168.105.145, host: ozone-unit-076618677d3sgzsj-1564456750, networkLocation: /default-rack, certSerialId: null}a9565816-6a25-4123-98b8-7466a09cc1c1{ip: 192.168.105.145, host: ozone-unit-076618677d3sgzsj-1564456750, networkLocation: /default-rack, certSerialId: null}56461521-4673-4b72-a025-4e00eda9b881{ip: 192.168.105.145, host: ozone-unit-076618677d3sgzsj-1564456750, networkLocation: /default-rack, certSerialId: null}, Type:RATIS, Factor:THREE, State:OPEN]
2019-06-18 14:53:52,531 INFO  ozone.MiniOzoneClusterImpl (MiniOzoneClusterImpl.java:lambda$waitForClusterToBeReady$0(142)) - Cluster is ready. Got 3 of 3 DN Heartbeats.
2019-06-18 14:53:52,734 INFO  impl.FollowerState (FollowerState.java:run(101)) - 198f7d65-01f0-4e85-a5dc-ffbf5523dd3f:group-FF5ED7D9F199 changes to CANDIDATE, lastRpcTime:1121, electionTimeout:1121ms
2019-06-18 14:53:52,737 INFO  impl.RoleInfo (RoleInfo.java:shutdownFollowerState(121)) - 198f7d65-01f0-4e85-a5dc-ffbf5523dd3f: shutdown FollowerState
2019-06-18 14:53:52,737 INFO  impl.RaftServerImpl (RaftServerImpl.java:setRole(164)) - 198f7d65-01f0-4e85-a5dc-ffbf5523dd3f:group-FF5ED7D9F199 changes role from FOLLOWER to CANDIDATE at term 0 for changeToCandidate
2019-06-18 14:53:52,740 INFO  impl.RoleInfo (RoleInfo.java:updateAndGet(143)) - 198f7d65-01f0-4e85-a5dc-ffbf5523dd3f: start LeaderElection
2019-06-18 14:53:52,756 INFO  impl.LeaderElection (LeaderElection.java:askForVotes(181)) - 198f7d65-01f0-4e85-a5dc-ffbf5523dd3f:group-FF5ED7D9F199:LeaderElection1: begin an election at term 1 for -1: [198f7d65-01f0-4e85-a5dc-ffbf5523dd3f:192.168.105.145:43127], old=null
2019-06-18 14:53:52,757 INFO  impl.RoleInfo (RoleInfo.java:shutdownLeaderElection(134)) - 198f7d65-01f0-4e85-a5dc-ffbf5523dd3f: shutdown LeaderElection
2019-06-18 14:53:52,757 INFO  impl.RaftServerImpl (RaftServerImpl.java:setRole(164)) - 198f7d65-01f0-4e85-a5dc-ffbf5523dd3f:group-FF5ED7D9F199 changes role from CANDIDATE to LEADER at term 1 for changeToLeader
2019-06-18 14:53:52,758 INFO  impl.RaftServerImpl (ServerState.java:setLeader(263)) - 198f7d65-01f0-4e85-a5dc-ffbf5523dd3f:group-FF5ED7D9F199 change Leader from null to 198f7d65-01f0-4e85-a5dc-ffbf5523dd3f at term 1 for becomeLeader, leader elected after 1207ms
2019-06-18 14:53:52,762 INFO  server.RaftServerConfigKeys (ConfUtils.java:logGet(43)) - raft.server.staging.catchup.gap = 1000 (default)
2019-06-18 14:53:52,763 INFO  server.RaftServerConfigKeys (ConfUtils.java:logGet(43)) - raft.server.rpc.sleep.time = 25ms (default)
2019-06-18 14:53:52,765 INFO  server.RaftServerConfigKeys (ConfUtils.java:logGet(43)) - raft.server.watch.timeout = 10s (default)
2019-06-18 14:53:52,766 INFO  server.RaftServerConfigKeys (ConfUtils.java:logGet(43)) - raft.server.watch.timeout.denomination = 1s (default)
2019-06-18 14:53:52,800 INFO  impl.RoleInfo (RoleInfo.java:updateAndGet(143)) - 198f7d65-01f0-4e85-a5dc-ffbf5523dd3f: start LeaderState
2019-06-18 14:53:52,820 INFO  storage.RaftLogWorker (RaftLogWorker.java:startLogSegment(298)) - 198f7d65-01f0-4e85-a5dc-ffbf5523dd3f-RaftLogWorker: Starting segment from index:0
2019-06-18 14:53:52,846 INFO  impl.RaftServerImpl (ServerState.java:setRaftConf(361)) - 198f7d65-01f0-4e85-a5dc-ffbf5523dd3f:group-FF5ED7D9F199 set configuration 0: [198f7d65-01f0-4e85-a5dc-ffbf5523dd3f:192.168.105.145:43127], old=null at 0
2019-06-18 14:53:52,915 INFO  freon.RandomKeyGenerator (RandomKeyGenerator.java:call(261)) - Number of Threads: 10
2019-06-18 14:53:52,916 INFO  freon.RandomKeyGenerator (RandomKeyGenerator.java:call(267)) - Number of Volumes: 1.
2019-06-18 14:53:52,916 INFO  freon.RandomKeyGenerator (RandomKeyGenerator.java:call(268)) - Number of Buckets per Volume: 1.
2019-06-18 14:53:52,916 INFO  freon.RandomKeyGenerator (RandomKeyGenerator.java:call(269)) - Number of Keys per Bucket: 1.
2019-06-18 14:53:52,916 INFO  freon.RandomKeyGenerator (RandomKeyGenerator.java:call(270)) - Key size: 20971520 bytes
2019-06-18 14:53:52,916 INFO  freon.RandomKeyGenerator (RandomKeyGenerator.java:call(271)) - Buffer size: 4096 bytes
2019-06-18 14:53:52,925 INFO  freon.RandomKeyGenerator (RandomKeyGenerator.java:call(287)) - Data validation is enabled.
2019-06-18 14:53:52,927 INFO  freon.RandomKeyGenerator (RandomKeyGenerator.java:call(300)) - Starting progress bar Thread.

 0.00% |█                                                                                                    |  0/1 Time: 0:00:002019-06-18 14:53:52,963 INFO  rpc.RpcClient (RpcClient.java:createVolume(289)) - Creating Volume: vol-0-93519, with jenkins1000 as owner.
2019-06-18 14:53:52,995 INFO  rpc.RpcClient (RpcClient.java:createBucket(426)) - Creating Bucket: vol-0-93519/bucket-0-35094, with Versioning false and Storage Type set to DISK and Encryption set to false 
2019-06-18 14:53:53,076 INFO  storage.RaftLogWorker (RaftLogWorker.java:execute(469)) - 198f7d65-01f0-4e85-a5dc-ffbf5523dd3f-RaftLogWorker: created new log segment /opt/src/hadoop-ozone/tools/target/test-dir/MiniOzoneClusterImpl-b0c7f89a-8a87-4874-90d3-a9efc960c33e/datanode-0/data/ratis/69a56fa1-b4b2-4b52-9c03-ff5ed7d9f199/current/log_inprogress_0
2019-06-18 14:53:53,133 INFO  impl.FollowerState (FollowerState.java:run(101)) - a9565816-6a25-4123-98b8-7466a09cc1c1:group-C91885ABDAAD changes to CANDIDATE, lastRpcTime:1117, electionTimeout:1116ms
2019-06-18 14:53:53,136 INFO  impl.RoleInfo (RoleInfo.java:shutdownFollowerState(121)) - a9565816-6a25-4123-98b8-7466a09cc1c1: shutdown FollowerState
2019-06-18 14:53:53,136 INFO  impl.RaftServerImpl (RaftServerImpl.java:setRole(164)) - a9565816-6a25-4123-98b8-7466a09cc1c1:group-C91885ABDAAD changes role from FOLLOWER to CANDIDATE at term 0 for changeToCandidate
2019-06-18 14:53:53,136 INFO  impl.RoleInfo (RoleInfo.java:updateAndGet(143)) - a9565816-6a25-4123-98b8-7466a09cc1c1: start LeaderElection
2019-06-18 14:53:53,142 INFO  impl.LeaderElection (LeaderElection.java:askForVotes(181)) - a9565816-6a25-4123-98b8-7466a09cc1c1:group-C91885ABDAAD:LeaderElection2: begin an election at term 1 for -1: [a9565816-6a25-4123-98b8-7466a09cc1c1:192.168.105.145:43715], old=null
2019-06-18 14:53:53,143 INFO  impl.RoleInfo (RoleInfo.java:shutdownLeaderElection(134)) - a9565816-6a25-4123-98b8-7466a09cc1c1: shutdown LeaderElection
2019-06-18 14:53:53,144 INFO  impl.RaftServerImpl (RaftServerImpl.java:setRole(164)) - a9565816-6a25-4123-98b8-7466a09cc1c1:group-C91885ABDAAD changes role from CANDIDATE to LEADER at term 1 for changeToLeader
2019-06-18 14:53:53,144 INFO  impl.RaftServerImpl (ServerState.java:setLeader(263)) - a9565816-6a25-4123-98b8-7466a09cc1c1:group-C91885ABDAAD change Leader from null to a9565816-6a25-4123-98b8-7466a09cc1c1 at term 1 for becomeLeader, leader elected after 1139ms
2019-06-18 14:53:53,144 INFO  server.RaftServerConfigKeys (ConfUtils.java:logGet(43)) - raft.server.staging.catchup.gap = 1000 (default)
2019-06-18 14:53:53,144 INFO  server.RaftServerConfigKeys (ConfUtils.java:logGet(43)) - raft.server.rpc.sleep.time = 25ms (default)
2019-06-18 14:53:53,144 INFO  server.RaftServerConfigKeys (ConfUtils.java:logGet(43)) - raft.server.watch.timeout = 10s (default)
2019-06-18 14:53:53,145 INFO  server.RaftServerConfigKeys (ConfUtils.java:logGet(43)) - raft.server.watch.timeout.denomination = 1s (default)
2019-06-18 14:53:53,145 INFO  impl.RoleInfo (RoleInfo.java:updateAndGet(143)) - a9565816-6a25-4123-98b8-7466a09cc1c1: start LeaderState
2019-06-18 14:53:53,145 INFO  storage.RaftLogWorker (RaftLogWorker.java:startLogSegment(298)) - a9565816-6a25-4123-98b8-7466a09cc1c1-RaftLogWorker: Starting segment from index:0
2019-06-18 14:53:53,170 INFO  impl.RaftServerImpl (ServerState.java:setRaftConf(361)) - a9565816-6a25-4123-98b8-7466a09cc1c1:group-C91885ABDAAD set configuration 0: [a9565816-6a25-4123-98b8-7466a09cc1c1:192.168.105.145:43715], old=null at 0
2019-06-18 14:53:53,203 INFO  impl.FollowerState (FollowerState.java:run(101)) - 56461521-4673-4b72-a025-4e00eda9b881:group-C6A994868535 changes to CANDIDATE, lastRpcTime:1103, electionTimeout:1084ms
2019-06-18 14:53:53,203 INFO  impl.RoleInfo (RoleInfo.java:shutdownFollowerState(121)) - 56461521-4673-4b72-a025-4e00eda9b881: shutdown FollowerState
2019-06-18 14:53:53,203 INFO  impl.RaftServerImpl (RaftServerImpl.java:setRole(164)) - 56461521-4673-4b72-a025-4e00eda9b881:group-C6A994868535 changes role from FOLLOWER to CANDIDATE at term 0 for changeToCandidate
2019-06-18 14:53:53,203 INFO  impl.RoleInfo (RoleInfo.java:updateAndGet(143)) - 56461521-4673-4b72-a025-4e00eda9b881: start LeaderElection
2019-06-18 14:53:53,219 INFO  storage.RaftLogWorker (RaftLogWorker.java:execute(469)) - a9565816-6a25-4123-98b8-7466a09cc1c1-RaftLogWorker: created new log segment /opt/src/hadoop-ozone/tools/target/test-dir/MiniOzoneClusterImpl-b0c7f89a-8a87-4874-90d3-a9efc960c33e/datanode-1/data/ratis/83268868-bc45-4419-9e3b-c91885abdaad/current/log_inprogress_0
2019-06-18 14:53:53,219 INFO  impl.LeaderElection (LeaderElection.java:askForVotes(181)) - 56461521-4673-4b72-a025-4e00eda9b881:group-C6A994868535:LeaderElection3: begin an election at term 1 for -1: [56461521-4673-4b72-a025-4e00eda9b881:192.168.105.145:33391], old=null
2019-06-18 14:53:53,220 INFO  impl.RoleInfo (RoleInfo.java:shutdownLeaderElection(134)) - 56461521-4673-4b72-a025-4e00eda9b881: shutdown LeaderElection
2019-06-18 14:53:53,220 INFO  impl.RaftServerImpl (RaftServerImpl.java:setRole(164)) - 56461521-4673-4b72-a025-4e00eda9b881:group-C6A994868535 changes role from CANDIDATE to LEADER at term 1 for changeToLeader
2019-06-18 14:53:53,220 INFO  impl.RaftServerImpl (ServerState.java:setLeader(263)) - 56461521-4673-4b72-a025-4e00eda9b881:group-C6A994868535 change Leader from null to 56461521-4673-4b72-a025-4e00eda9b881 at term 1 for becomeLeader, leader elected after 1131ms
2019-06-18 14:53:53,220 INFO  server.RaftServerConfigKeys (ConfUtils.java:logGet(43)) - raft.server.staging.catchup.gap = 1000 (default)
2019-06-18 14:53:53,220 INFO  server.RaftServerConfigKeys (ConfUtils.java:logGet(43)) - raft.server.rpc.sleep.time = 25ms (default)
2019-06-18 14:53:53,220 INFO  server.RaftServerConfigKeys (ConfUtils.java:logGet(43)) - raft.server.watch.timeout = 10s (default)
2019-06-18 14:53:53,220 INFO  server.RaftServerConfigKeys (ConfUtils.java:logGet(43)) - raft.server.watch.timeout.denomination = 1s (default)
2019-06-18 14:53:53,221 INFO  impl.RoleInfo (RoleInfo.java:updateAndGet(143)) - 56461521-4673-4b72-a025-4e00eda9b881: start LeaderState
2019-06-18 14:53:53,221 INFO  storage.RaftLogWorker (RaftLogWorker.java:startLogSegment(298)) - 56461521-4673-4b72-a025-4e00eda9b881-RaftLogWorker: Starting segment from index:0
2019-06-18 14:53:53,245 INFO  impl.RaftServerImpl (ServerState.java:setRaftConf(361)) - 56461521-4673-4b72-a025-4e00eda9b881:group-C6A994868535 set configuration 0: [56461521-4673-4b72-a025-4e00eda9b881:192.168.105.145:33391], old=null at 0
2019-06-18 14:53:53,273 INFO  impl.FollowerState (FollowerState.java:run(101)) - 198f7d65-01f0-4e85-a5dc-ffbf5523dd3f:group-217BEF98E4D3 changes to CANDIDATE, lastRpcTime:1024, electionTimeout:1012ms
2019-06-18 14:53:53,273 INFO  impl.RoleInfo (RoleInfo.java:shutdownFollowerState(121)) - 198f7d65-01f0-4e85-a5dc-ffbf5523dd3f: shutdown FollowerState
2019-06-18 14:53:53,273 INFO  impl.RaftServerImpl (RaftServerImpl.java:setRole(164)) - 198f7d65-01f0-4e85-a5dc-ffbf5523dd3f:group-217BEF98E4D3 changes role from FOLLOWER to CANDIDATE at term 0 for changeToCandidate
2019-06-18 14:53:53,273 INFO  impl.RoleInfo (RoleInfo.java:updateAndGet(143)) - 198f7d65-01f0-4e85-a5dc-ffbf5523dd3f: start LeaderElection
2019-06-18 14:53:53,275 INFO  storage.RaftLogWorker (RaftLogWorker.java:execute(469)) - 56461521-4673-4b72-a025-4e00eda9b881-RaftLogWorker: created new log segment /opt/src/hadoop-ozone/tools/target/test-dir/MiniOzoneClusterImpl-b0c7f89a-8a87-4874-90d3-a9efc960c33e/datanode-2/data/ratis/4af59346-2a90-4751-a499-c6a994868535/current/log_inprogress_0
2019-06-18 14:53:53,298 INFO  impl.LeaderElection (LeaderElection.java:askForVotes(181)) - 198f7d65-01f0-4e85-a5dc-ffbf5523dd3f:group-217BEF98E4D3:LeaderElection4: begin an election at term 1 for -1: [198f7d65-01f0-4e85-a5dc-ffbf5523dd3f:192.168.105.145:43127, a9565816-6a25-4123-98b8-7466a09cc1c1:192.168.105.145:43715, 56461521-4673-4b72-a025-4e00eda9b881:192.168.105.145:33391], old=null
2019-06-18 14:53:53,340 INFO  impl.RaftServerImpl (RaftServerImpl.java:setRole(164)) - 56461521-4673-4b72-a025-4e00eda9b881:group-217BEF98E4D3 changes role from FOLLOWER to FOLLOWER at term 1 for recognizeCandidate:198f7d65-01f0-4e85-a5dc-ffbf5523dd3f
2019-06-18 14:53:53,340 INFO  impl.RoleInfo (RoleInfo.java:shutdownFollowerState(121)) - 56461521-4673-4b72-a025-4e00eda9b881: shutdown FollowerState
2019-06-18 14:53:53,341 INFO  impl.RoleInfo (RoleInfo.java:updateAndGet(143)) - 56461521-4673-4b72-a025-4e00eda9b881: start FollowerState
2019-06-18 14:53:53,341 INFO  impl.FollowerState (FollowerState.java:run(109)) - 56461521-4673-4b72-a025-4e00eda9b881: FollowerState was interrupted: java.lang.InterruptedException: sleep interrupted
2019-06-18 14:53:53,342 INFO  impl.RaftServerImpl (RaftServerImpl.java:setRole(164)) - a9565816-6a25-4123-98b8-7466a09cc1c1:group-217BEF98E4D3 changes role from FOLLOWER to FOLLOWER at term 1 for recognizeCandidate:198f7d65-01f0-4e85-a5dc-ffbf5523dd3f
2019-06-18 14:53:53,343 INFO  impl.RoleInfo (RoleInfo.java:shutdownFollowerState(121)) - a9565816-6a25-4123-98b8-7466a09cc1c1: shutdown FollowerState
2019-06-18 14:53:53,343 INFO  impl.RoleInfo (RoleInfo.java:updateAndGet(143)) - a9565816-6a25-4123-98b8-7466a09cc1c1: start FollowerState
2019-06-18 14:53:53,344 INFO  impl.FollowerState (FollowerState.java:run(109)) - a9565816-6a25-4123-98b8-7466a09cc1c1: FollowerState was interrupted: java.lang.InterruptedException: sleep interrupted
2019-06-18 14:53:53,370 INFO  impl.LeaderElection (LeaderElection.java:logAndReturn(56)) - 198f7d65-01f0-4e85-a5dc-ffbf5523dd3f:group-217BEF98E4D3:LeaderElection4: Election PASSED; received 1 response(s) [198f7d65-01f0-4e85-a5dc-ffbf5523dd3f->56461521-4673-4b72-a025-4e00eda9b881,true-t1] and 0 exception(s); 198f7d65-01f0-4e85-a5dc-ffbf5523dd3f:t1, leader=null, voted=198f7d65-01f0-4e85-a5dc-ffbf5523dd3f, raftlog=198f7d65-01f0-4e85-a5dc-ffbf5523dd3f-SegmentedRaftLog:OPENED:c-1,f-1,i0, conf=-1: [198f7d65-01f0-4e85-a5dc-ffbf5523dd3f:192.168.105.145:43127, a9565816-6a25-4123-98b8-7466a09cc1c1:192.168.105.145:43715, 56461521-4673-4b72-a025-4e00eda9b881:192.168.105.145:33391], old=null
2019-06-18 14:53:53,370 INFO  impl.RoleInfo (RoleInfo.java:shutdownLeaderElection(134)) - 198f7d65-01f0-4e85-a5dc-ffbf5523dd3f: shutdown LeaderElection
2019-06-18 14:53:53,370 INFO  impl.RaftServerImpl (RaftServerImpl.java:setRole(164)) - 198f7d65-01f0-4e85-a5dc-ffbf5523dd3f:group-217BEF98E4D3 changes role from CANDIDATE to LEADER at term 1 for changeToLeader
2019-06-18 14:53:53,370 INFO  impl.RaftServerImpl (ServerState.java:setLeader(263)) - 198f7d65-01f0-4e85-a5dc-ffbf5523dd3f:group-217BEF98E4D3 change Leader from null to 198f7d65-01f0-4e85-a5dc-ffbf5523dd3f at term 1 for becomeLeader, leader elected after 1125ms
2019-06-18 14:53:53,370 INFO  server.RaftServerConfigKeys (ConfUtils.java:logGet(43)) - raft.server.staging.catchup.gap = 1000 (default)
2019-06-18 14:53:53,372 INFO  server.RaftServerConfigKeys (ConfUtils.java:logGet(43)) - raft.server.rpc.sleep.time = 25ms (default)
2019-06-18 14:53:53,373 INFO  server.RaftServerConfigKeys (ConfUtils.java:logGet(43)) - raft.server.watch.timeout = 10s (default)
2019-06-18 14:53:53,373 INFO  server.RaftServerConfigKeys (ConfUtils.java:logGet(43)) - raft.server.watch.timeout.denomination = 1s (default)
2019-06-18 14:53:53,382 INFO  server.RaftServerConfigKeys (ConfUtils.java:logGet(43)) - raft.server.log.appender.snapshot.chunk.size.max = 16MB (=16777216) (default)
2019-06-18 14:53:53,382 INFO  server.RaftServerConfigKeys (ConfUtils.java:logGet(43)) - raft.server.log.appender.buffer.byte-limit = 33554432 (custom)
2019-06-18 14:53:53,383 INFO  server.RaftServerConfigKeys (ConfUtils.java:logGet(43)) - raft.server.log.appender.buffer.element-limit = 1 (custom)
2019-06-18 14:53:53,387 INFO  grpc.GrpcConfigKeys$Server (ConfUtils.java:logGet(43)) - raft.grpc.server.leader.outstanding.appends.max = 128 (default)
2019-06-18 14:53:53,388 INFO  server.RaftServerConfigKeys (ConfUtils.java:logGet(43)) - raft.server.rpc.request.timeout = 3000ms (default)
2019-06-18 14:53:53,388 INFO  server.RaftServerConfigKeys (ConfUtils.java:logGet(43)) - raft.server.log.appender.install.snapshot.enabled = true (default)
2019-06-18 14:53:53,388 INFO  server.RaftServerConfigKeys (ConfUtils.java:logGet(43)) - raft.server.log.appender.snapshot.chunk.size.max = 16MB (=16777216) (default)
2019-06-18 14:53:53,389 INFO  server.RaftServerConfigKeys (ConfUtils.java:logGet(43)) - raft.server.log.appender.buffer.byte-limit = 33554432 (custom)
2019-06-18 14:53:53,389 INFO  server.RaftServerConfigKeys (ConfUtils.java:logGet(43)) - raft.server.log.appender.buffer.element-limit = 1 (custom)
2019-06-18 14:53:53,389 INFO  grpc.GrpcConfigKeys$Server (ConfUtils.java:logGet(43)) - raft.grpc.server.leader.outstanding.appends.max = 128 (default)
2019-06-18 14:53:53,389 INFO  server.RaftServerConfigKeys (ConfUtils.java:logGet(43)) - raft.server.rpc.request.timeout = 3000ms (default)
2019-06-18 14:53:53,389 INFO  server.RaftServerConfigKeys (ConfUtils.java:logGet(43)) - raft.server.log.appender.install.snapshot.enabled = true (default)
2019-06-18 14:53:53,389 INFO  impl.RoleInfo (RoleInfo.java:updateAndGet(143)) - 198f7d65-01f0-4e85-a5dc-ffbf5523dd3f: start LeaderState
2019-06-18 14:53:53,390 INFO  storage.RaftLogWorker (RaftLogWorker.java:startLogSegment(298)) - 198f7d65-01f0-4e85-a5dc-ffbf5523dd3f-RaftLogWorker: Starting segment from index:0
2019-06-18 14:53:53,405 INFO  impl.RaftServerImpl (ServerState.java:setRaftConf(361)) - 198f7d65-01f0-4e85-a5dc-ffbf5523dd3f:group-217BEF98E4D3 set configuration 0: [198f7d65-01f0-4e85-a5dc-ffbf5523dd3f:192.168.105.145:43127, a9565816-6a25-4123-98b8-7466a09cc1c1:192.168.105.145:43715, 56461521-4673-4b72-a025-4e00eda9b881:192.168.105.145:33391], old=null at 0
2019-06-18 14:53:53,468 INFO  impl.RaftServerImpl (ServerState.java:setLeader(263)) - 56461521-4673-4b72-a025-4e00eda9b881:group-217BEF98E4D3 change Leader from null to 198f7d65-01f0-4e85-a5dc-ffbf5523dd3f at term 1 for appendEntries, leader elected after 1257ms
2019-06-18 14:53:53,468 INFO  impl.RaftServerImpl (ServerState.java:setLeader(263)) - a9565816-6a25-4123-98b8-7466a09cc1c1:group-217BEF98E4D3 change Leader from null to 198f7d65-01f0-4e85-a5dc-ffbf5523dd3f at term 1 for appendEntries, leader elected after 1258ms
2019-06-18 14:53:53,497 INFO  storage.RaftLogWorker (RaftLogWorker.java:execute(469)) - 198f7d65-01f0-4e85-a5dc-ffbf5523dd3f-RaftLogWorker: created new log segment /opt/src/hadoop-ozone/tools/target/test-dir/MiniOzoneClusterImpl-b0c7f89a-8a87-4874-90d3-a9efc960c33e/datanode-0/data/ratis/d1a84bbd-09e6-4550-a595-217bef98e4d3/current/log_inprogress_0
2019-06-18 14:53:53,512 INFO  impl.RaftServerImpl (ServerState.java:setRaftConf(361)) - 56461521-4673-4b72-a025-4e00eda9b881:group-217BEF98E4D3 set configuration 0: [198f7d65-01f0-4e85-a5dc-ffbf5523dd3f:192.168.105.145:43127, a9565816-6a25-4123-98b8-7466a09cc1c1:192.168.105.145:43715, 56461521-4673-4b72-a025-4e00eda9b881:192.168.105.145:33391], old=null at 0
2019-06-18 14:53:53,512 INFO  impl.RaftServerImpl (ServerState.java:setRaftConf(361)) - a9565816-6a25-4123-98b8-7466a09cc1c1:group-217BEF98E4D3 set configuration 0: [198f7d65-01f0-4e85-a5dc-ffbf5523dd3f:192.168.105.145:43127, a9565816-6a25-4123-98b8-7466a09cc1c1:192.168.105.145:43715, 56461521-4673-4b72-a025-4e00eda9b881:192.168.105.145:33391], old=null at 0
2019-06-18 14:53:53,513 INFO  storage.RaftLogWorker (RaftLogWorker.java:startLogSegment(298)) - 56461521-4673-4b72-a025-4e00eda9b881-RaftLogWorker: Starting segment from index:0
2019-06-18 14:53:53,513 INFO  storage.RaftLogWorker (RaftLogWorker.java:startLogSegment(298)) - a9565816-6a25-4123-98b8-7466a09cc1c1-RaftLogWorker: Starting segment from index:0
2019-06-18 14:53:53,566 INFO  storage.RaftLogWorker (RaftLogWorker.java:execute(469)) - a9565816-6a25-4123-98b8-7466a09cc1c1-RaftLogWorker: created new log segment /opt/src/hadoop-ozone/tools/target/test-dir/MiniOzoneClusterImpl-b0c7f89a-8a87-4874-90d3-a9efc960c33e/datanode-1/data/ratis/d1a84bbd-09e6-4550-a595-217bef98e4d3/current/log_inprogress_0
2019-06-18 14:53:53,566 INFO  storage.RaftLogWorker (RaftLogWorker.java:execute(469)) - 56461521-4673-4b72-a025-4e00eda9b881-RaftLogWorker: created new log segment /opt/src/hadoop-ozone/tools/target/test-dir/MiniOzoneClusterImpl-b0c7f89a-8a87-4874-90d3-a9efc960c33e/datanode-2/data/ratis/d1a84bbd-09e6-4550-a595-217bef98e4d3/current/log_inprogress_0
 0.00% |█                                                                                                    |  0/1 Time: 0:00:012019-06-18 14:53:54,753 INFO  client.GrpcClientProtocolClient (GrpcClientProtocolClient.java:onNext(254)) - client-2DB426C935AA->198f7d65-01f0-4e85-a5dc-ffbf5523dd3f: receive RaftClientReply:client-2DB426C935AA->198f7d65-01f0-4e85-a5dc-ffbf5523dd3f@group-217BEF98E4D3, cid=6, SUCCESS, logIndex=1, commits[198f7d65-01f0-4e85-a5dc-ffbf5523dd3f:c1, a9565816-6a25-4123-98b8-7466a09cc1c1:c0, 56461521-4673-4b72-a025-4e00eda9b881:c0]
2019-06-18 14:53:54,805 INFO  client.GrpcClientProtocolClient (GrpcClientProtocolClient.java:onNext(254)) - client-2DB426C935AA->198f7d65-01f0-4e85-a5dc-ffbf5523dd3f: receive RaftClientReply:client-2DB426C935AA->198f7d65-01f0-4e85-a5dc-ffbf5523dd3f@group-217BEF98E4D3, cid=7, SUCCESS, logIndex=3, commits[198f7d65-01f0-4e85-a5dc-ffbf5523dd3f:c4, a9565816-6a25-4123-98b8-7466a09cc1c1:c3, 56461521-4673-4b72-a025-4e00eda9b881:c3]
2019-06-18 14:53:54,846 INFO  client.GrpcClientProtocolClient (GrpcClientProtocolClient.java:onNext(254)) - client-2DB426C935AA->198f7d65-01f0-4e85-a5dc-ffbf5523dd3f: receive RaftClientReply:client-2DB426C935AA->198f7d65-01f0-4e85-a5dc-ffbf5523dd3f@group-217BEF98E4D3, cid=8, SUCCESS, logIndex=5, commits[198f7d65-01f0-4e85-a5dc-ffbf5523dd3f:c5, a9565816-6a25-4123-98b8-7466a09cc1c1:c4, 56461521-4673-4b72-a025-4e00eda9b881:c3]
2019-06-18 14:53:54,850 INFO  client.GrpcClientProtocolClient (GrpcClientProtocolClient.java:onNext(254)) - client-2DB426C935AA->198f7d65-01f0-4e85-a5dc-ffbf5523dd3f: receive RaftClientReply:client-2DB426C935AA->198f7d65-01f0-4e85-a5dc-ffbf5523dd3f@group-217BEF98E4D3, cid=9, SUCCESS, logIndex=6, commits[198f7d65-01f0-4e85-a5dc-ffbf5523dd3f:c7, a9565816-6a25-4123-98b8-7466a09cc1c1:c4, 56461521-4673-4b72-a025-4e00eda9b881:c5]
2019-06-18 14:53:54,901 INFO  client.GrpcClientProtocolClient (GrpcClientProtocolClient.java:onNext(254)) - client-2DB426C935AA->198f7d65-01f0-4e85-a5dc-ffbf5523dd3f: receive RaftClientReply:client-2DB426C935AA->198f7d65-01f0-4e85-a5dc-ffbf5523dd3f@group-217BEF98E4D3, cid=10, SUCCESS, logIndex=9, commits[198f7d65-01f0-4e85-a5dc-ffbf5523dd3f:c9, a9565816-6a25-4123-98b8-7466a09cc1c1:c6, 56461521-4673-4b72-a025-4e00eda9b881:c8]
2019-06-18 14:53:54,908 INFO  client.GrpcClientProtocolClient (GrpcClientProtocolClient.java:onNext(254)) - client-2DB426C935AA->198f7d65-01f0-4e85-a5dc-ffbf5523dd3f: receive RaftClientReply:client-2DB426C935AA->198f7d65-01f0-4e85-a5dc-ffbf5523dd3f@group-217BEF98E4D3, cid=11, SUCCESS, logIndex=11, commits[198f7d65-01f0-4e85-a5dc-ffbf5523dd3f:c11, a9565816-6a25-4123-98b8-7466a09cc1c1:c9, 56461521-4673-4b72-a025-4e00eda9b881:c9]
 0.00% |█                                                                                                    |  0/1 Time: 0:00:022019-06-18 14:53:54,948 INFO  client.GrpcClientProtocolClient (GrpcClientProtocolClient.java:onNext(254)) - client-2DB426C935AA->198f7d65-01f0-4e85-a5dc-ffbf5523dd3f: receive RaftClientReply:client-2DB426C935AA->198f7d65-01f0-4e85-a5dc-ffbf5523dd3f@group-217BEF98E4D3, cid=12, SUCCESS, logIndex=13, commits[198f7d65-01f0-4e85-a5dc-ffbf5523dd3f:c13, a9565816-6a25-4123-98b8-7466a09cc1c1:c11, 56461521-4673-4b72-a025-4e00eda9b881:c12]
2019-06-18 14:53:54,973 INFO  client.GrpcClientProtocolClient (GrpcClientProtocolClient.java:onNext(254)) - client-2DB426C935AA->198f7d65-01f0-4e85-a5dc-ffbf5523dd3f: receive RaftClientReply:client-2DB426C935AA->198f7d65-01f0-4e85-a5dc-ffbf5523dd3f@group-217BEF98E4D3, cid=13, SUCCESS, logIndex=15, commits[198f7d65-01f0-4e85-a5dc-ffbf5523dd3f:c15, a9565816-6a25-4123-98b8-7466a09cc1c1:c13, 56461521-4673-4b72-a025-4e00eda9b881:c13]
2019-06-18 14:53:55,002 INFO  client.GrpcClientProtocolClient (GrpcClientProtocolClient.java:onNext(254)) - client-2DB426C935AA->198f7d65-01f0-4e85-a5dc-ffbf5523dd3f: receive RaftClientReply:client-2DB426C935AA->198f7d65-01f0-4e85-a5dc-ffbf5523dd3f@group-217BEF98E4D3, cid=14, SUCCESS, logIndex=0, commits[198f7d65-01f0-4e85-a5dc-ffbf5523dd3f:c16, a9565816-6a25-4123-98b8-7466a09cc1c1:c15, 56461521-4673-4b72-a025-4e00eda9b881:c15]
2019-06-18 14:53:55,107 INFO  client.GrpcClientProtocolClient (GrpcClientProtocolClient.java:onNext(254)) - client-2DB426C935AA->198f7d65-01f0-4e85-a5dc-ffbf5523dd3f: receive RaftClientReply:client-2DB426C935AA->198f7d65-01f0-4e85-a5dc-ffbf5523dd3f@group-217BEF98E4D3, cid=15, SUCCESS, logIndex=17, commits[198f7d65-01f0-4e85-a5dc-ffbf5523dd3f:c17, a9565816-6a25-4123-98b8-7466a09cc1c1:c16, 56461521-4673-4b72-a025-4e00eda9b881:c16]
2019-06-18 14:53:55,167 INFO  client.GrpcClientProtocolClient (GrpcClientProtocolClient.java:onNext(254)) - client-2DB426C935AA->198f7d65-01f0-4e85-a5dc-ffbf5523dd3f: receive RaftClientReply:client-2DB426C935AA->198f7d65-01f0-4e85-a5dc-ffbf5523dd3f@group-217BEF98E4D3, cid=16, SUCCESS, logIndex=19, commits[198f7d65-01f0-4e85-a5dc-ffbf5523dd3f:c22, a9565816-6a25-4123-98b8-7466a09cc1c1:c19, 56461521-4673-4b72-a025-4e00eda9b881:c19]
2019-06-18 14:53:55,180 INFO  client.GrpcClientProtocolClient (GrpcClientProtocolClient.java:onNext(254)) - client-2DB426C935AA->198f7d65-01f0-4e85-a5dc-ffbf5523dd3f: receive RaftClientReply:client-2DB426C935AA->198f7d65-01f0-4e85-a5dc-ffbf5523dd3f@group-217BEF98E4D3, cid=17, SUCCESS, logIndex=20, commits[198f7d65-01f0-4e85-a5dc-ffbf5523dd3f:c23, a9565816-6a25-4123-98b8-7466a09cc1c1:c19, 56461521-4673-4b72-a025-4e00eda9b881:c21]
2019-06-18 14:53:55,214 INFO  client.GrpcClientProtocolClient (GrpcClientProtocolClient.java:onNext(254)) - client-2DB426C935AA->198f7d65-01f0-4e85-a5dc-ffbf5523dd3f: receive RaftClientReply:client-2DB426C935AA->198f7d65-01f0-4e85-a5dc-ffbf5523dd3f@group-217BEF98E4D3, cid=18, SUCCESS, logIndex=22, commits[198f7d65-01f0-4e85-a5dc-ffbf5523dd3f:c24, a9565816-6a25-4123-98b8-7466a09cc1c1:c22, 56461521-4673-4b72-a025-4e00eda9b881:c22]
2019-06-18 14:53:55,244 INFO  client.GrpcClientProtocolClient (GrpcClientProtocolClient.java:onNext(254)) - client-2DB426C935AA->198f7d65-01f0-4e85-a5dc-ffbf5523dd3f: receive RaftClientReply:client-2DB426C935AA->198f7d65-01f0-4e85-a5dc-ffbf5523dd3f@group-217BEF98E4D3, cid=19, SUCCESS, logIndex=25, commits[198f7d65-01f0-4e85-a5dc-ffbf5523dd3f:c25, a9565816-6a25-4123-98b8-7466a09cc1c1:c24, 56461521-4673-4b72-a025-4e00eda9b881:c22]
2019-06-18 14:53:55,278 INFO  client.GrpcClientProtocolClient (GrpcClientProtocolClient.java:onNext(254)) - client-2DB426C935AA->198f7d65-01f0-4e85-a5dc-ffbf5523dd3f: receive RaftClientReply:client-2DB426C935AA->198f7d65-01f0-4e85-a5dc-ffbf5523dd3f@group-217BEF98E4D3, cid=20, SUCCESS, logIndex=27, commits[198f7d65-01f0-4e85-a5dc-ffbf5523dd3f:c27, a9565816-6a25-4123-98b8-7466a09cc1c1:c26, 56461521-4673-4b72-a025-4e00eda9b881:c25]
2019-06-18 14:53:55,287 INFO  client.GrpcClientProtocolClient (GrpcClientProtocolClient.java:onNext(254)) - client-2DB426C935AA->198f7d65-01f0-4e85-a5dc-ffbf5523dd3f: receive RaftClientReply:client-2DB426C935AA->198f7d65-01f0-4e85-a5dc-ffbf5523dd3f@group-217BEF98E4D3, cid=21, SUCCESS, logIndex=28, commits[198f7d65-01f0-4e85-a5dc-ffbf5523dd3f:c28, a9565816-6a25-4123-98b8-7466a09cc1c1:c26, 56461521-4673-4b72-a025-4e00eda9b881:c27]
2019-06-18 14:53:55,297 INFO  client.GrpcClientProtocolClient (GrpcClientProtocolClient.java:onNext(254)) - client-2DB426C935AA->198f7d65-01f0-4e85-a5dc-ffbf5523dd3f: receive RaftClientReply:client-2DB426C935AA->198f7d65-01f0-4e85-a5dc-ffbf5523dd3f@group-217BEF98E4D3, cid=22, SUCCESS, logIndex=30, commits[198f7d65-01f0-4e85-a5dc-ffbf5523dd3f:c31, a9565816-6a25-4123-98b8-7466a09cc1c1:c28, 56461521-4673-4b72-a025-4e00eda9b881:c28]
2019-06-18 14:53:55,793 INFO  client.GrpcClientProtocolClient (GrpcClientProtocolClient.java:onNext(254)) - client-2DB426C935AA->198f7d65-01f0-4e85-a5dc-ffbf5523dd3f: receive RaftClientReply:client-2DB426C935AA->198f7d65-01f0-4e85-a5dc-ffbf5523dd3f@group-217BEF98E4D3, cid=23, SUCCESS, logIndex=0, commits[198f7d65-01f0-4e85-a5dc-ffbf5523dd3f:c31, a9565816-6a25-4123-98b8-7466a09cc1c1:c31, 56461521-4673-4b72-a025-4e00eda9b881:c31]
2019-06-18 14:53:55,870 INFO  client.GrpcClientProtocolClient (GrpcClientProtocolClient.java:onNext(254)) - client-2DB426C935AA->198f7d65-01f0-4e85-a5dc-ffbf5523dd3f: receive RaftClientReply:client-2DB426C935AA->198f7d65-01f0-4e85-a5dc-ffbf5523dd3f@group-217BEF98E4D3, cid=24, SUCCESS, logIndex=32, commits[198f7d65-01f0-4e85-a5dc-ffbf5523dd3f:c32, a9565816-6a25-4123-98b8-7466a09cc1c1:c31, 56461521-4673-4b72-a025-4e00eda9b881:c31]
2019-06-18 14:53:55,895 INFO  client.GrpcClientProtocolClient (GrpcClientProtocolClient.java:onNext(254)) - client-2DB426C935AA->198f7d65-01f0-4e85-a5dc-ffbf5523dd3f: receive RaftClientReply:client-2DB426C935AA->198f7d65-01f0-4e85-a5dc-ffbf5523dd3f@group-217BEF98E4D3, cid=25, SUCCESS, logIndex=34, commits[198f7d65-01f0-4e85-a5dc-ffbf5523dd3f:c38, a9565816-6a25-4123-98b8-7466a09cc1c1:c34, 56461521-4673-4b72-a025-4e00eda9b881:c35]
2019-06-18 14:53:55,898 INFO  client.GrpcClientProtocolClient (GrpcClientProtocolClient.java:onNext(254)) - client-2DB426C935AA->198f7d65-01f0-4e85-a5dc-ffbf5523dd3f: receive RaftClientReply:client-2DB426C935AA->198f7d65-01f0-4e85-a5dc-ffbf5523dd3f@group-217BEF98E4D3, cid=26, SUCCESS, logIndex=35, commits[198f7d65-01f0-4e85-a5dc-ffbf5523dd3f:c38, a9565816-6a25-4123-98b8-7466a09cc1c1:c34, 56461521-4673-4b72-a025-4e00eda9b881:c35]
2019-06-18 14:53:55,917 INFO  client.GrpcClientProtocolClient (GrpcClientProtocolClient.java:onNext(254)) - client-2DB426C935AA->198f7d65-01f0-4e85-a5dc-ffbf5523dd3f: receive RaftClientReply:client-2DB426C935AA->198f7d65-01f0-4e85-a5dc-ffbf5523dd3f@group-217BEF98E4D3, cid=27, SUCCESS, logIndex=36, commits[198f7d65-01f0-4e85-a5dc-ffbf5523dd3f:c39, a9565816-6a25-4123-98b8-7466a09cc1c1:c36, 56461521-4673-4b72-a025-4e00eda9b881:c36]
 0.00% |█                                                                                                    |  0/1 Time: 0:00:032019-06-18 14:53:55,949 INFO  client.GrpcClientProtocolClient (GrpcClientProtocolClient.java:onNext(254)) - client-2DB426C935AA->198f7d65-01f0-4e85-a5dc-ffbf5523dd3f: receive RaftClientReply:client-2DB426C935AA->198f7d65-01f0-4e85-a5dc-ffbf5523dd3f@group-217BEF98E4D3, cid=28, SUCCESS, logIndex=40, commits[198f7d65-01f0-4e85-a5dc-ffbf5523dd3f:c40, a9565816-6a25-4123-98b8-7466a09cc1c1:c36, 56461521-4673-4b72-a025-4e00eda9b881:c39]
2019-06-18 14:53:55,974 INFO  client.GrpcClientProtocolClient (GrpcClientProtocolClient.java:onNext(254)) - client-2DB426C935AA->198f7d65-01f0-4e85-a5dc-ffbf5523dd3f: receive RaftClientReply:client-2DB426C935AA->198f7d65-01f0-4e85-a5dc-ffbf5523dd3f@group-217BEF98E4D3, cid=29, SUCCESS, logIndex=42, commits[198f7d65-01f0-4e85-a5dc-ffbf5523dd3f:c42, a9565816-6a25-4123-98b8-7466a09cc1c1:c40, 56461521-4673-4b72-a025-4e00eda9b881:c40]
2019-06-18 14:53:55,985 INFO  client.GrpcClientProtocolClient (GrpcClientProtocolClient.java:onNext(254)) - client-2DB426C935AA->198f7d65-01f0-4e85-a5dc-ffbf5523dd3f: receive RaftClientReply:client-2DB426C935AA->198f7d65-01f0-4e85-a5dc-ffbf5523dd3f@group-217BEF98E4D3, cid=30, SUCCESS, logIndex=43, commits[198f7d65-01f0-4e85-a5dc-ffbf5523dd3f:c43, a9565816-6a25-4123-98b8-7466a09cc1c1:c40, 56461521-4673-4b72-a025-4e00eda9b881:c42]
2019-06-18 14:53:55,987 INFO  client.GrpcClientProtocolClient (GrpcClientProtocolClient.java:onNext(254)) - client-2DB426C935AA->198f7d65-01f0-4e85-a5dc-ffbf5523dd3f: receive RaftClientReply:client-2DB426C935AA->198f7d65-01f0-4e85-a5dc-ffbf5523dd3f@group-217BEF98E4D3, cid=31, SUCCESS, logIndex=44, commits[198f7d65-01f0-4e85-a5dc-ffbf5523dd3f:c45, a9565816-6a25-4123-98b8-7466a09cc1c1:c40, 56461521-4673-4b72-a025-4e00eda9b881:c42]
2019-06-18 14:53:56,001 INFO  client.GrpcClientProtocolClient (GrpcClientProtocolClient.java:onNext(254)) - client-2DB426C935AA->198f7d65-01f0-4e85-a5dc-ffbf5523dd3f: receive RaftClientReply:client-2DB426C935AA->198f7d65-01f0-4e85-a5dc-ffbf5523dd3f@group-217BEF98E4D3, cid=32, SUCCESS, logIndex=0, commits[198f7d65-01f0-4e85-a5dc-ffbf5523dd3f:c47, a9565816-6a25-4123-98b8-7466a09cc1c1:c45, 56461521-4673-4b72-a025-4e00eda9b881:c45]
2019-06-18 14:53:56,005 INFO  client.GrpcClientProtocolClient (GrpcClientProtocolClient.java:onNext(254)) - client-2DB426C935AA->198f7d65-01f0-4e85-a5dc-ffbf5523dd3f: receive RaftClientReply:client-2DB426C935AA->198f7d65-01f0-4e85-a5dc-ffbf5523dd3f@group-217BEF98E4D3, cid=33, SUCCESS, logIndex=0, commits[198f7d65-01f0-4e85-a5dc-ffbf5523dd3f:c47, a9565816-6a25-4123-98b8-7466a09cc1c1:c45, 56461521-4673-4b72-a025-4e00eda9b881:c45]
2019-06-18 14:53:56,041 INFO  client.GrpcClientProtocolClient (GrpcClientProtocolClient.java:onNext(254)) - client-2DB426C935AA->198f7d65-01f0-4e85-a5dc-ffbf5523dd3f: receive RaftClientReply:client-2DB426C935AA->198f7d65-01f0-4e85-a5dc-ffbf5523dd3f@group-217BEF98E4D3, cid=34, SUCCESS, logIndex=48, commits[198f7d65-01f0-4e85-a5dc-ffbf5523dd3f:c48, a9565816-6a25-4123-98b8-7466a09cc1c1:c47, 56461521-4673-4b72-a025-4e00eda9b881:c47]
2019-06-18 14:53:56,064 INFO  client.GrpcClientProtocolClient (GrpcClientProtocolClient.java:onNext(254)) - client-2DB426C935AA->198f7d65-01f0-4e85-a5dc-ffbf5523dd3f: receive RaftClientReply:client-2DB426C935AA->198f7d65-01f0-4e85-a5dc-ffbf5523dd3f@group-217BEF98E4D3, cid=35, SUCCESS, logIndex=50, commits[198f7d65-01f0-4e85-a5dc-ffbf5523dd3f:c50, a9565816-6a25-4123-98b8-7466a09cc1c1:c48, 56461521-4673-4b72-a025-4e00eda9b881:c48]
2019-06-18 14:53:56,088 INFO  client.GrpcClientProtocolClient (GrpcClientProtocolClient.java:onNext(254)) - client-2DB426C935AA->198f7d65-01f0-4e85-a5dc-ffbf5523dd3f: receive RaftClientReply:client-2DB426C935AA->198f7d65-01f0-4e85-a5dc-ffbf5523dd3f@group-217BEF98E4D3, cid=36, SUCCESS, logIndex=51, commits[198f7d65-01f0-4e85-a5dc-ffbf5523dd3f:c51, a9565816-6a25-4123-98b8-7466a09cc1c1:c48, 56461521-4673-4b72-a025-4e00eda9b881:c49]
2019-06-18 14:53:56,101 INFO  client.GrpcClientProtocolClient (GrpcClientProtocolClient.java:onNext(254)) - client-2DB426C935AA->198f7d65-01f0-4e85-a5dc-ffbf5523dd3f: receive RaftClientReply:client-2DB426C935AA->198f7d65-01f0-4e85-a5dc-ffbf5523dd3f@group-217BEF98E4D3, cid=37, SUCCESS, logIndex=52, commits[198f7d65-01f0-4e85-a5dc-ffbf5523dd3f:c52, a9565816-6a25-4123-98b8-7466a09cc1c1:c48, 56461521-4673-4b72-a025-4e00eda9b881:c49]
2019-06-18 14:53:56,107 INFO  client.GrpcClientProtocolClient (GrpcClientProtocolClient.java:onNext(254)) - client-2DB426C935AA->198f7d65-01f0-4e85-a5dc-ffbf5523dd3f: receive RaftClientReply:client-2DB426C935AA->198f7d65-01f0-4e85-a5dc-ffbf5523dd3f@group-217BEF98E4D3, cid=38, SUCCESS, logIndex=0, commits[198f7d65-01f0-4e85-a5dc-ffbf5523dd3f:c55, a9565816-6a25-4123-98b8-7466a09cc1c1:c52, 56461521-4673-4b72-a025-4e00eda9b881:c52]
2019-06-18 14:53:56,132 INFO  client.GrpcClientProtocolClient (GrpcClientProtocolClient.java:onNext(254)) - client-2DB426C935AA->198f7d65-01f0-4e85-a5dc-ffbf5523dd3f: receive RaftClientReply:client-2DB426C935AA->198f7d65-01f0-4e85-a5dc-ffbf5523dd3f@group-217BEF98E4D3, cid=39, SUCCESS, logIndex=56, commits[198f7d65-01f0-4e85-a5dc-ffbf5523dd3f:c56, a9565816-6a25-4123-98b8-7466a09cc1c1:c52, 56461521-4673-4b72-a025-4e00eda9b881:c55]
2019-06-18 14:53:56,147 INFO  client.GrpcClientProtocolClient (GrpcClientProtocolClient.java:onNext(254)) - client-2DB426C935AA->198f7d65-01f0-4e85-a5dc-ffbf5523dd3f: receive RaftClientReply:client-2DB426C935AA->198f7d65-01f0-4e85-a5dc-ffbf5523dd3f@group-217BEF98E4D3, cid=40, SUCCESS, logIndex=58, commits[198f7d65-01f0-4e85-a5dc-ffbf5523dd3f:c58, a9565816-6a25-4123-98b8-7466a09cc1c1:c57, 56461521-4673-4b72-a025-4e00eda9b881:c56]
2019-06-18 14:53:56,207 INFO  client.GrpcClientProtocolClient (GrpcClientProtocolClient.java:onNext(254)) - client-2DB426C935AA->198f7d65-01f0-4e85-a5dc-ffbf5523dd3f: receive RaftClientReply:client-2DB426C935AA->198f7d65-01f0-4e85-a5dc-ffbf5523dd3f@group-217BEF98E4D3, cid=41, SUCCESS, logIndex=60, commits[198f7d65-01f0-4e85-a5dc-ffbf5523dd3f:c60, a9565816-6a25-4123-98b8-7466a09cc1c1:c58, 56461521-4673-4b72-a025-4e00eda9b881:c59]
2019-06-18 14:53:56,260 INFO  client.GrpcClientProtocolClient (GrpcClientProtocolClient.java:onNext(254)) - client-2DB426C935AA->198f7d65-01f0-4e85-a5dc-ffbf5523dd3f: receive RaftClientReply:client-2DB426C935AA->198f7d65-01f0-4e85-a5dc-ffbf5523dd3f@group-217BEF98E4D3, cid=42, SUCCESS, logIndex=62, commits[198f7d65-01f0-4e85-a5dc-ffbf5523dd3f:c62, a9565816-6a25-4123-98b8-7466a09cc1c1:c58, 56461521-4673-4b72-a025-4e00eda9b881:c61]
2019-06-18 14:53:56,263 INFO  client.GrpcClientProtocolClient (GrpcClientProtocolClient.java:onNext(254)) - client-2DB426C935AA->198f7d65-01f0-4e85-a5dc-ffbf5523dd3f: receive RaftClientReply:client-2DB426C935AA->198f7d65-01f0-4e85-a5dc-ffbf5523dd3f@group-217BEF98E4D3, cid=43, SUCCESS, logIndex=0, commits[198f7d65-01f0-4e85-a5dc-ffbf5523dd3f:c63, a9565816-6a25-4123-98b8-7466a09cc1c1:c62, 56461521-4673-4b72-a025-4e00eda9b881:c62]
2019-06-18 14:53:56,289 INFO  client.GrpcClientProtocolClient (GrpcClientProtocolClient.java:onNext(254)) - client-2DB426C935AA->198f7d65-01f0-4e85-a5dc-ffbf5523dd3f: receive RaftClientReply:client-2DB426C935AA->198f7d65-01f0-4e85-a5dc-ffbf5523dd3f@group-217BEF98E4D3, cid=44, SUCCESS, logIndex=64, commits[198f7d65-01f0-4e85-a5dc-ffbf5523dd3f:c64, a9565816-6a25-4123-98b8-7466a09cc1c1:c63, 56461521-4673-4b72-a025-4e00eda9b881:c63]
2019-06-18 14:53:56,304 INFO  client.GrpcClientProtocolClient (GrpcClientProtocolClient.java:onNext(254)) - client-2DB426C935AA->198f7d65-01f0-4e85-a5dc-ffbf5523dd3f: receive RaftClientReply:client-2DB426C935AA->198f7d65-01f0-4e85-a5dc-ffbf5523dd3f@group-217BEF98E4D3, cid=45, SUCCESS, logIndex=66, commits[198f7d65-01f0-4e85-a5dc-ffbf5523dd3f:c66, a9565816-6a25-4123-98b8-7466a09cc1c1:c63, 56461521-4673-4b72-a025-4e00eda9b881:c64]
2019-06-18 14:53:56,329 INFO  client.GrpcClientProtocolClient (GrpcClientProtocolClient.java:onNext(254)) - client-2DB426C935AA->198f7d65-01f0-4e85-a5dc-ffbf5523dd3f: receive RaftClientReply:client-2DB426C935AA->198f7d65-01f0-4e85-a5dc-ffbf5523dd3f@group-217BEF98E4D3, cid=46, SUCCESS, logIndex=67, commits[198f7d65-01f0-4e85-a5dc-ffbf5523dd3f:c67, a9565816-6a25-4123-98b8-7466a09cc1c1:c64, 56461521-4673-4b72-a025-4e00eda9b881:c64]
2019-06-18 14:53:56,330 INFO  client.GrpcClientProtocolClient (GrpcClientProtocolClient.java:onNext(254)) - client-2DB426C935AA->198f7d65-01f0-4e85-a5dc-ffbf5523dd3f: receive RaftClientReply:client-2DB426C935AA->198f7d65-01f0-4e85-a5dc-ffbf5523dd3f@group-217BEF98E4D3, cid=47, SUCCESS, logIndex=69, commits[198f7d65-01f0-4e85-a5dc-ffbf5523dd3f:c70, a9565816-6a25-4123-98b8-7466a09cc1c1:c67, 56461521-4673-4b72-a025-4e00eda9b881:c64]
2019-06-18 14:53:56,339 INFO  client.GrpcClientProtocolClient (GrpcClientProtocolClient.java:onNext(254)) - client-2DB426C935AA->198f7d65-01f0-4e85-a5dc-ffbf5523dd3f: receive RaftClientReply:client-2DB426C935AA->198f7d65-01f0-4e85-a5dc-ffbf5523dd3f@group-217BEF98E4D3, cid=48, SUCCESS, logIndex=0, commits[198f7d65-01f0-4e85-a5dc-ffbf5523dd3f:c70, a9565816-6a25-4123-98b8-7466a09cc1c1:c67, 56461521-4673-4b72-a025-4e00eda9b881:c66]
2019-06-18 14:53:56,364 INFO  client.GrpcClientProtocolClient (GrpcClientProtocolClient.java:onNext(254)) - client-2DB426C935AA->198f7d65-01f0-4e85-a5dc-ffbf5523dd3f: receive RaftClientReply:client-2DB426C935AA->198f7d65-01f0-4e85-a5dc-ffbf5523dd3f@group-217BEF98E4D3, cid=49, SUCCESS, logIndex=72, commits[198f7d65-01f0-4e85-a5dc-ffbf5523dd3f:c72, a9565816-6a25-4123-98b8-7466a09cc1c1:c71, 56461521-4673-4b72-a025-4e00eda9b881:c69]
2019-06-18 14:53:56,378 INFO  client.GrpcClientProtocolClient (GrpcClientProtocolClient.java:onNext(254)) - client-2DB426C935AA->198f7d65-01f0-4e85-a5dc-ffbf5523dd3f: receive RaftClientReply:client-2DB426C935AA->198f7d65-01f0-4e85-a5dc-ffbf5523dd3f@group-217BEF98E4D3, cid=50, SUCCESS, logIndex=74, commits[198f7d65-01f0-4e85-a5dc-ffbf5523dd3f:c74, a9565816-6a25-4123-98b8-7466a09cc1c1:c72, 56461521-4673-4b72-a025-4e00eda9b881:c71]
2019-06-18 14:53:56,404 INFO  client.GrpcClientProtocolClient (GrpcClientProtocolClient.java:onNext(254)) - client-2DB426C935AA->198f7d65-01f0-4e85-a5dc-ffbf5523dd3f: receive RaftClientReply:client-2DB426C935AA->198f7d65-01f0-4e85-a5dc-ffbf5523dd3f@group-217BEF98E4D3, cid=51, SUCCESS, logIndex=76, commits[198f7d65-01f0-4e85-a5dc-ffbf5523dd3f:c76, a9565816-6a25-4123-98b8-7466a09cc1c1:c75, 56461521-4673-4b72-a025-4e00eda9b881:c74]
2019-06-18 14:53:56,429 INFO  client.GrpcClientProtocolClient (GrpcClientProtocolClient.java:onNext(254)) - client-2DB426C935AA->198f7d65-01f0-4e85-a5dc-ffbf5523dd3f: receive RaftClientReply:client-2DB426C935AA->198f7d65-01f0-4e85-a5dc-ffbf5523dd3f@group-217BEF98E4D3, cid=52, SUCCESS, logIndex=78, commits[198f7d65-01f0-4e85-a5dc-ffbf5523dd3f:c78, a9565816-6a25-4123-98b8-7466a09cc1c1:c76, 56461521-4673-4b72-a025-4e00eda9b881:c76]
2019-06-18 14:53:56,446 INFO  client.GrpcClientProtocolClient (GrpcClientProtocolClient.java:onNext(254)) - client-2DB426C935AA->198f7d65-01f0-4e85-a5dc-ffbf5523dd3f: receive RaftClientReply:client-2DB426C935AA->198f7d65-01f0-4e85-a5dc-ffbf5523dd3f@group-217BEF98E4D3, cid=53, SUCCESS, logIndex=0, commits[198f7d65-01f0-4e85-a5dc-ffbf5523dd3f:c79, a9565816-6a25-4123-98b8-7466a09cc1c1:c78, 56461521-4673-4b72-a025-4e00eda9b881:c78]
 100.00% |█████████████████████████████████████████████████████████████████████████████████████████████████████|  1/1 Time: 0:00:04
2019-06-18 14:53:57,069 INFO  pipeline.SCMPipelineManager (SCMPipelineManager.java:finalizeAndDestroyPipeline(307)) - destroying pipeline:Pipeline[ Id: d1a84bbd-09e6-4550-a595-217bef98e4d3, Nodes: 198f7d65-01f0-4e85-a5dc-ffbf5523dd3f{ip: 192.168.105.145, host: ozone-unit-076618677d3sgzsj-1564456750, networkLocation: /default-rack, certSerialId: null}a9565816-6a25-4123-98b8-7466a09cc1c1{ip: 192.168.105.145, host: ozone-unit-076618677d3sgzsj-1564456750, networkLocation: /default-rack, certSerialId: null}56461521-4673-4b72-a025-4e00eda9b881{ip: 192.168.105.145, host: ozone-unit-076618677d3sgzsj-1564456750, networkLocation: /default-rack, certSerialId: null}, Type:RATIS, Factor:THREE, State:OPEN]
2019-06-18 14:53:57,070 INFO  pipeline.PipelineStateManager (PipelineStateManager.java:finalizePipeline(123)) - Pipeline Pipeline[ Id: d1a84bbd-09e6-4550-a595-217bef98e4d3, Nodes: 198f7d65-01f0-4e85-a5dc-ffbf5523dd3f{ip: 192.168.105.145, host: ozone-unit-076618677d3sgzsj-1564456750, networkLocation: /default-rack, certSerialId: null}a9565816-6a25-4123-98b8-7466a09cc1c1{ip: 192.168.105.145, host: ozone-unit-076618677d3sgzsj-1564456750, networkLocation: /default-rack, certSerialId: null}56461521-4673-4b72-a025-4e00eda9b881{ip: 192.168.105.145, host: ozone-unit-076618677d3sgzsj-1564456750, networkLocation: /default-rack, certSerialId: null}, Type:RATIS, Factor:THREE, State:CLOSED] moved to CLOSED state
2019-06-18 14:53:57,071 INFO  container.CloseContainerEventHandler (CloseContainerEventHandler.java:onMessage(61)) - Close container Event triggered for container : #1
2019-06-18 14:53:57,076 INFO  container.CloseContainerEventHandler (CloseContainerEventHandler.java:onMessage(61)) - Close container Event triggered for container : #2
2019-06-18 14:53:57,076 INFO  container.CloseContainerEventHandler (CloseContainerEventHandler.java:onMessage(61)) - Close container Event triggered for container : #3
2019-06-18 14:53:57,103 INFO  impl.RaftServerProxy (RaftServerProxy.java:remove(95)) - 198f7d65-01f0-4e85-a5dc-ffbf5523dd3f: remove   LEADER group-217BEF98E4D3 198f7d65-01f0-4e85-a5dc-ffbf5523dd3f:t1, leader=198f7d65-01f0-4e85-a5dc-ffbf5523dd3f, voted=198f7d65-01f0-4e85-a5dc-ffbf5523dd3f, raftlog=198f7d65-01f0-4e85-a5dc-ffbf5523dd3f-SegmentedRaftLog:OPENED:c79,f79,i79, conf=0: [198f7d65-01f0-4e85-a5dc-ffbf5523dd3f:192.168.105.145:43127, a9565816-6a25-4123-98b8-7466a09cc1c1:192.168.105.145:43715, 56461521-4673-4b72-a025-4e00eda9b881:192.168.105.145:33391], old=null RUNNING
2019-06-18 14:53:57,106 INFO  impl.RaftServerImpl (RaftServerImpl.java:lambda$shutdown$3(238)) - 198f7d65-01f0-4e85-a5dc-ffbf5523dd3f: shutdown group-217BEF98E4D3
2019-06-18 14:53:57,107 INFO  util.JmxRegister (JmxRegister.java:unregister(73)) - Successfully un-registered JMX Bean with object name Ratis:service=RaftServer,group=group-217BEF98E4D3,id=198f7d65-01f0-4e85-a5dc-ffbf5523dd3f
2019-06-18 14:53:57,107 INFO  impl.RoleInfo (RoleInfo.java:shutdownLeaderState(104)) - 198f7d65-01f0-4e85-a5dc-ffbf5523dd3f: shutdown LeaderState
2019-06-18 14:53:57,107 WARN  server.GrpcLogAppender (GrpcLogAppender.java:mayWait(142)) - GrpcLogAppender(198f7d65-01f0-4e85-a5dc-ffbf5523dd3f -> a9565816-6a25-4123-98b8-7466a09cc1c1): Wait interrupted by java.lang.InterruptedException
2019-06-18 14:53:57,108 INFO  impl.PendingRequests (PendingRequests.java:sendNotLeaderResponses(140)) - 198f7d65-01f0-4e85-a5dc-ffbf5523dd3f-PendingRequests: sendNotLeaderResponses
2019-06-18 14:53:57,107 WARN  server.GrpcLogAppender (GrpcLogAppender.java:mayWait(142)) - GrpcLogAppender(198f7d65-01f0-4e85-a5dc-ffbf5523dd3f -> 56461521-4673-4b72-a025-4e00eda9b881): Wait interrupted by java.lang.InterruptedException
2019-06-18 14:53:57,110 INFO  server.GrpcServerProtocolService (GrpcServerProtocolService.java:onCompleted(104)) - 56461521-4673-4b72-a025-4e00eda9b881: appendEntries completed
2019-06-18 14:53:57,110 INFO  server.GrpcServerProtocolService (GrpcServerProtocolService.java:onCompleted(104)) - a9565816-6a25-4123-98b8-7466a09cc1c1: appendEntries completed
2019-06-18 14:53:57,112 INFO  server.GrpcLogAppender (GrpcLogAppender.java:onCompleted(277)) - 198f7d65-01f0-4e85-a5dc-ffbf5523dd3f: follower 198f7d65-01f0-4e85-a5dc-ffbf5523dd3f->56461521-4673-4b72-a025-4e00eda9b881(c79,m79,n80, attendVote=true, lastRpcSendTime=170, lastRpcResponseTime=168) response Completed
2019-06-18 14:53:57,113 INFO  server.GrpcLogAppender (GrpcLogAppender.java:onCompleted(277)) - 198f7d65-01f0-4e85-a5dc-ffbf5523dd3f: follower 198f7d65-01f0-4e85-a5dc-ffbf5523dd3f->a9565816-6a25-4123-98b8-7466a09cc1c1(c79,m79,n80, attendVote=true, lastRpcSendTime=167, lastRpcResponseTime=159) response Completed
2019-06-18 14:53:57,115 INFO  impl.FollowerInfo (FollowerInfo.java:lambda$new$0(50)) - 198f7d65-01f0-4e85-a5dc-ffbf5523dd3f->56461521-4673-4b72-a025-4e00eda9b881: nextIndex: updateUnconditionally 80 -> 0
2019-06-18 14:53:57,117 INFO  impl.FollowerInfo (FollowerInfo.java:lambda$new$0(50)) - 198f7d65-01f0-4e85-a5dc-ffbf5523dd3f->a9565816-6a25-4123-98b8-7466a09cc1c1: nextIndex: updateUnconditionally 80 -> 0
2019-06-18 14:53:57,118 INFO  impl.StateMachineUpdater (StateMachineUpdater.java:stopAndJoin(109)) - StateMachineUpdater-198f7d65-01f0-4e85-a5dc-ffbf5523dd3f-group-217BEF98E4D3: set stopIndex = 79
2019-06-18 14:53:57,118 INFO  ratis.ContainerStateMachine (ContainerStateMachine.java:takeSnapshot(245)) - Taking snapshot at termIndex:(t:1, i:78)
2019-06-18 14:53:57,122 INFO  ratis.ContainerStateMachine (ContainerStateMachine.java:takeSnapshot(249)) - Taking a snapshot to file /opt/src/hadoop-ozone/tools/target/test-dir/MiniOzoneClusterImpl-b0c7f89a-8a87-4874-90d3-a9efc960c33e/datanode-0/data/ratis/d1a84bbd-09e6-4550-a595-217bef98e4d3/sm/snapshot.1_78
2019-06-18 14:53:57,132 INFO  impl.RaftServerImpl (ServerState.java:close(394)) - 198f7d65-01f0-4e85-a5dc-ffbf5523dd3f:group-217BEF98E4D3 closes. The last applied log index is 79
2019-06-18 14:53:57,133 INFO  storage.RaftLogWorker (RaftLogWorker.java:run(236)) - 198f7d65-01f0-4e85-a5dc-ffbf5523dd3f-RaftLogWorker was interrupted, exiting. There are 0 tasks remaining in the queue.
2019-06-18 14:53:57,135 INFO  storage.RaftLogWorker (RaftLogWorker.java:close(168)) - 198f7d65-01f0-4e85-a5dc-ffbf5523dd3f-RaftLogWorker close()
2019-06-18 14:53:57,149 INFO  impl.RaftServerProxy (RaftServerProxy.java:remove(95)) - a9565816-6a25-4123-98b8-7466a09cc1c1: remove FOLLOWER group-217BEF98E4D3 a9565816-6a25-4123-98b8-7466a09cc1c1:t1, leader=198f7d65-01f0-4e85-a5dc-ffbf5523dd3f, voted=198f7d65-01f0-4e85-a5dc-ffbf5523dd3f, raftlog=a9565816-6a25-4123-98b8-7466a09cc1c1-SegmentedRaftLog:OPENED:c79,f79,i79, conf=0: [198f7d65-01f0-4e85-a5dc-ffbf5523dd3f:192.168.105.145:43127, a9565816-6a25-4123-98b8-7466a09cc1c1:192.168.105.145:43715, 56461521-4673-4b72-a025-4e00eda9b881:192.168.105.145:33391], old=null RUNNING
2019-06-18 14:53:57,149 INFO  impl.RaftServerImpl (RaftServerImpl.java:lambda$shutdown$3(238)) - a9565816-6a25-4123-98b8-7466a09cc1c1: shutdown group-217BEF98E4D3
2019-06-18 14:53:57,150 INFO  util.JmxRegister (JmxRegister.java:unregister(73)) - Successfully un-registered JMX Bean with object name Ratis:service=RaftServer,group=group-217BEF98E4D3,id=a9565816-6a25-4123-98b8-7466a09cc1c1
2019-06-18 14:53:57,150 INFO  impl.RoleInfo (RoleInfo.java:shutdownFollowerState(121)) - a9565816-6a25-4123-98b8-7466a09cc1c1: shutdown FollowerState
2019-06-18 14:53:57,150 INFO  impl.StateMachineUpdater (StateMachineUpdater.java:stopAndJoin(109)) - StateMachineUpdater-a9565816-6a25-4123-98b8-7466a09cc1c1-group-217BEF98E4D3: set stopIndex = 79
2019-06-18 14:53:57,151 INFO  ratis.ContainerStateMachine (ContainerStateMachine.java:takeSnapshot(245)) - Taking snapshot at termIndex:(t:1, i:78)
2019-06-18 14:53:57,151 INFO  impl.FollowerState (FollowerState.java:run(109)) - a9565816-6a25-4123-98b8-7466a09cc1c1: FollowerState was interrupted: java.lang.InterruptedException: sleep interrupted
2019-06-18 14:53:57,152 INFO  ratis.ContainerStateMachine (ContainerStateMachine.java:takeSnapshot(249)) - Taking a snapshot to file /opt/src/hadoop-ozone/tools/target/test-dir/MiniOzoneClusterImpl-b0c7f89a-8a87-4874-90d3-a9efc960c33e/datanode-1/data/ratis/d1a84bbd-09e6-4550-a595-217bef98e4d3/sm/snapshot.1_78
2019-06-18 14:53:57,153 INFO  impl.RaftServerImpl (ServerState.java:close(394)) - a9565816-6a25-4123-98b8-7466a09cc1c1:group-217BEF98E4D3 closes. The last applied log index is 79
2019-06-18 14:53:57,153 INFO  storage.RaftLogWorker (RaftLogWorker.java:run(236)) - a9565816-6a25-4123-98b8-7466a09cc1c1-RaftLogWorker was interrupted, exiting. There are 0 tasks remaining in the queue.
2019-06-18 14:53:57,155 INFO  storage.RaftLogWorker (RaftLogWorker.java:close(168)) - a9565816-6a25-4123-98b8-7466a09cc1c1-RaftLogWorker close()
2019-06-18 14:53:57,186 INFO  impl.RaftServerProxy (RaftServerProxy.java:remove(95)) - 56461521-4673-4b72-a025-4e00eda9b881: remove FOLLOWER group-217BEF98E4D3 56461521-4673-4b72-a025-4e00eda9b881:t1, leader=198f7d65-01f0-4e85-a5dc-ffbf5523dd3f, voted=198f7d65-01f0-4e85-a5dc-ffbf5523dd3f, raftlog=56461521-4673-4b72-a025-4e00eda9b881-SegmentedRaftLog:OPENED:c79,f79,i79, conf=0: [198f7d65-01f0-4e85-a5dc-ffbf5523dd3f:192.168.105.145:43127, a9565816-6a25-4123-98b8-7466a09cc1c1:192.168.105.145:43715, 56461521-4673-4b72-a025-4e00eda9b881:192.168.105.145:33391], old=null RUNNING
2019-06-18 14:53:57,187 INFO  impl.RaftServerImpl (RaftServerImpl.java:lambda$shutdown$3(238)) - 56461521-4673-4b72-a025-4e00eda9b881: shutdown group-217BEF98E4D3
2019-06-18 14:53:57,187 INFO  util.JmxRegister (JmxRegister.java:unregister(73)) - Successfully un-registered JMX Bean with object name Ratis:service=RaftServer,group=group-217BEF98E4D3,id=56461521-4673-4b72-a025-4e00eda9b881
2019-06-18 14:53:57,187 INFO  impl.RoleInfo (RoleInfo.java:shutdownFollowerState(121)) - 56461521-4673-4b72-a025-4e00eda9b881: shutdown FollowerState
2019-06-18 14:53:57,187 INFO  impl.StateMachineUpdater (StateMachineUpdater.java:stopAndJoin(109)) - StateMachineUpdater-56461521-4673-4b72-a025-4e00eda9b881-group-217BEF98E4D3: set stopIndex = 79
2019-06-18 14:53:57,187 INFO  ratis.ContainerStateMachine (ContainerStateMachine.java:takeSnapshot(245)) - Taking snapshot at termIndex:(t:1, i:78)
2019-06-18 14:53:57,190 INFO  ratis.ContainerStateMachine (ContainerStateMachine.java:takeSnapshot(249)) - Taking a snapshot to file /opt/src/hadoop-ozone/tools/target/test-dir/MiniOzoneClusterImpl-b0c7f89a-8a87-4874-90d3-a9efc960c33e/datanode-2/data/ratis/d1a84bbd-09e6-4550-a595-217bef98e4d3/sm/snapshot.1_78
2019-06-18 14:53:57,187 INFO  impl.FollowerState (FollowerState.java:run(109)) - 56461521-4673-4b72-a025-4e00eda9b881: FollowerState was interrupted: java.lang.InterruptedException: sleep interrupted
2019-06-18 14:53:57,190 INFO  impl.RaftServerImpl (ServerState.java:close(394)) - 56461521-4673-4b72-a025-4e00eda9b881:group-217BEF98E4D3 closes. The last applied log index is 79
2019-06-18 14:53:57,190 INFO  storage.RaftLogWorker (RaftLogWorker.java:run(236)) - 56461521-4673-4b72-a025-4e00eda9b881-RaftLogWorker was interrupted, exiting. There are 0 tasks remaining in the queue.
2019-06-18 14:53:57,195 INFO  storage.RaftLogWorker (RaftLogWorker.java:close(168)) - 56461521-4673-4b72-a025-4e00eda9b881-RaftLogWorker close()
2019-06-18 14:53:57,203 INFO  pipeline.PipelineStateManager (PipelineStateManager.java:removePipeline(108)) - Pipeline Pipeline[ Id: d1a84bbd-09e6-4550-a595-217bef98e4d3, Nodes: 198f7d65-01f0-4e85-a5dc-ffbf5523dd3f{ip: 192.168.105.145, host: ozone-unit-076618677d3sgzsj-1564456750, networkLocation: /default-rack, certSerialId: null}a9565816-6a25-4123-98b8-7466a09cc1c1{ip: 192.168.105.145, host: ozone-unit-076618677d3sgzsj-1564456750, networkLocation: /default-rack, certSerialId: null}56461521-4673-4b72-a025-4e00eda9b881{ip: 192.168.105.145, host: ozone-unit-076618677d3sgzsj-1564456750, networkLocation: /default-rack, certSerialId: null}, Type:RATIS, Factor:THREE, State:CLOSED] removed from db
2019-06-18 14:53:57,239 INFO  impl.RaftServerProxy (RaftServerProxy.java:addNew(89)) - 198f7d65-01f0-4e85-a5dc-ffbf5523dd3f: addNew group-EC7BFBA44C4F:[198f7d65-01f0-4e85-a5dc-ffbf5523dd3f:192.168.105.145:43127, a9565816-6a25-4123-98b8-7466a09cc1c1:192.168.105.145:43715, 56461521-4673-4b72-a025-4e00eda9b881:192.168.105.145:33391] returns group-EC7BFBA44C4F:java.util.concurrent.CompletableFuture@32f72129[Not completed]
2019-06-18 14:53:57,240 INFO  impl.RaftServerImpl (RaftServerImpl.java:<init>(91)) - 198f7d65-01f0-4e85-a5dc-ffbf5523dd3f: new RaftServerImpl for group-EC7BFBA44C4F:[198f7d65-01f0-4e85-a5dc-ffbf5523dd3f:192.168.105.145:43127, a9565816-6a25-4123-98b8-7466a09cc1c1:192.168.105.145:43715, 56461521-4673-4b72-a025-4e00eda9b881:192.168.105.145:33391] with ContainerStateMachine:uninitialized
2019-06-18 14:53:57,244 INFO  server.RaftServerConfigKeys (ConfUtils.java:logGet(43)) - raft.server.rpc.timeout.min = 1s (custom)
2019-06-18 14:53:57,244 INFO  impl.RaftServerProxy (RaftServerProxy.java:addNew(89)) - a9565816-6a25-4123-98b8-7466a09cc1c1: addNew group-EC7BFBA44C4F:[198f7d65-01f0-4e85-a5dc-ffbf5523dd3f:192.168.105.145:43127, a9565816-6a25-4123-98b8-7466a09cc1c1:192.168.105.145:43715, 56461521-4673-4b72-a025-4e00eda9b881:192.168.105.145:33391] returns group-EC7BFBA44C4F:java.util.concurrent.CompletableFuture@54add779[Not completed]
2019-06-18 14:53:57,246 INFO  server.RaftServerConfigKeys (ConfUtils.java:logGet(43)) - raft.server.rpc.timeout.max = 1200ms (custom)
2019-06-18 14:53:57,246 INFO  server.RaftServerConfigKeys (ConfUtils.java:logGet(43)) - raft.server.rpcslowness.timeout = 120s (custom)
2019-06-18 14:53:57,247 INFO  server.RaftServerConfigKeys (ConfUtils.java:logGet(43)) - raft.server.log.appender.install.snapshot.enabled = true (default)
2019-06-18 14:53:57,247 INFO  impl.RaftServerImpl (ServerState.java:<init>(101)) - 198f7d65-01f0-4e85-a5dc-ffbf5523dd3f:group-EC7BFBA44C4F ConfigurationManager, init=-1: [198f7d65-01f0-4e85-a5dc-ffbf5523dd3f:192.168.105.145:43127, a9565816-6a25-4123-98b8-7466a09cc1c1:192.168.105.145:43715, 56461521-4673-4b72-a025-4e00eda9b881:192.168.105.145:33391], old=null, confs=<EMPTY_MAP>
2019-06-18 14:53:57,247 INFO  server.RaftServerConfigKeys (ConfUtils.java:logGet(43)) - raft.server.storage.dir = [/opt/src/hadoop-ozone/tools/target/test-dir/MiniOzoneClusterImpl-b0c7f89a-8a87-4874-90d3-a9efc960c33e/datanode-0/data/ratis] (custom)
2019-06-18 14:53:57,247 INFO  impl.RaftServerImpl (RaftServerImpl.java:<init>(91)) - a9565816-6a25-4123-98b8-7466a09cc1c1: new RaftServerImpl for group-EC7BFBA44C4F:[198f7d65-01f0-4e85-a5dc-ffbf5523dd3f:192.168.105.145:43127, a9565816-6a25-4123-98b8-7466a09cc1c1:192.168.105.145:43715, 56461521-4673-4b72-a025-4e00eda9b881:192.168.105.145:33391] with ContainerStateMachine:uninitialized
2019-06-18 14:53:57,247 INFO  server.RaftServerConfigKeys (ConfUtils.java:logGet(43)) - raft.server.rpc.timeout.min = 1s (custom)
2019-06-18 14:53:57,247 INFO  storage.RaftStorageDirectory (RaftStorageDirectory.java:analyzeStorage(246)) - The storage directory /opt/src/hadoop-ozone/tools/target/test-dir/MiniOzoneClusterImpl-b0c7f89a-8a87-4874-90d3-a9efc960c33e/datanode-0/data/ratis/30318e24-f736-44c5-a876-ec7bfba44c4f does not exist. Creating ...
2019-06-18 14:53:57,247 INFO  server.RaftServerConfigKeys (ConfUtils.java:logGet(43)) - raft.server.rpc.timeout.max = 1200ms (custom)
2019-06-18 14:53:57,247 INFO  server.RaftServerConfigKeys (ConfUtils.java:logGet(43)) - raft.server.rpcslowness.timeout = 120s (custom)
2019-06-18 14:53:57,247 INFO  server.RaftServerConfigKeys (ConfUtils.java:logGet(43)) - raft.server.log.appender.install.snapshot.enabled = true (default)
2019-06-18 14:53:57,248 INFO  impl.RaftServerImpl (ServerState.java:<init>(101)) - a9565816-6a25-4123-98b8-7466a09cc1c1:group-EC7BFBA44C4F ConfigurationManager, init=-1: [198f7d65-01f0-4e85-a5dc-ffbf5523dd3f:192.168.105.145:43127, a9565816-6a25-4123-98b8-7466a09cc1c1:192.168.105.145:43715, 56461521-4673-4b72-a025-4e00eda9b881:192.168.105.145:33391], old=null, confs=<EMPTY_MAP>
2019-06-18 14:53:57,248 INFO  server.RaftServerConfigKeys (ConfUtils.java:logGet(43)) - raft.server.storage.dir = [/opt/src/hadoop-ozone/tools/target/test-dir/MiniOzoneClusterImpl-b0c7f89a-8a87-4874-90d3-a9efc960c33e/datanode-1/data/ratis] (custom)
2019-06-18 14:53:57,248 INFO  storage.RaftStorageDirectory (RaftStorageDirectory.java:analyzeStorage(246)) - The storage directory /opt/src/hadoop-ozone/tools/target/test-dir/MiniOzoneClusterImpl-b0c7f89a-8a87-4874-90d3-a9efc960c33e/datanode-1/data/ratis/30318e24-f736-44c5-a876-ec7bfba44c4f does not exist. Creating ...
2019-06-18 14:53:57,250 INFO  impl.RaftServerProxy (RaftServerProxy.java:addNew(89)) - 56461521-4673-4b72-a025-4e00eda9b881: addNew group-EC7BFBA44C4F:[198f7d65-01f0-4e85-a5dc-ffbf5523dd3f:192.168.105.145:43127, a9565816-6a25-4123-98b8-7466a09cc1c1:192.168.105.145:43715, 56461521-4673-4b72-a025-4e00eda9b881:192.168.105.145:33391] returns group-EC7BFBA44C4F:java.util.concurrent.CompletableFuture@3206b0ed[Not completed]
2019-06-18 14:53:57,250 INFO  impl.RaftServerImpl (RaftServerImpl.java:<init>(91)) - 56461521-4673-4b72-a025-4e00eda9b881: new RaftServerImpl for group-EC7BFBA44C4F:[198f7d65-01f0-4e85-a5dc-ffbf5523dd3f:192.168.105.145:43127, a9565816-6a25-4123-98b8-7466a09cc1c1:192.168.105.145:43715, 56461521-4673-4b72-a025-4e00eda9b881:192.168.105.145:33391] with ContainerStateMachine:uninitialized
2019-06-18 14:53:57,251 INFO  server.RaftServerConfigKeys (ConfUtils.java:logGet(43)) - raft.server.rpc.timeout.min = 1s (custom)
2019-06-18 14:53:57,251 INFO  server.RaftServerConfigKeys (ConfUtils.java:logGet(43)) - raft.server.rpc.timeout.max = 1200ms (custom)
2019-06-18 14:53:57,251 INFO  server.RaftServerConfigKeys (ConfUtils.java:logGet(43)) - raft.server.rpcslowness.timeout = 120s (custom)
2019-06-18 14:53:57,251 INFO  server.RaftServerConfigKeys (ConfUtils.java:logGet(43)) - raft.server.log.appender.install.snapshot.enabled = true (default)
2019-06-18 14:53:57,251 INFO  impl.RaftServerImpl (ServerState.java:<init>(101)) - 56461521-4673-4b72-a025-4e00eda9b881:group-EC7BFBA44C4F ConfigurationManager, init=-1: [198f7d65-01f0-4e85-a5dc-ffbf5523dd3f:192.168.105.145:43127, a9565816-6a25-4123-98b8-7466a09cc1c1:192.168.105.145:43715, 56461521-4673-4b72-a025-4e00eda9b881:192.168.105.145:33391], old=null, confs=<EMPTY_MAP>
2019-06-18 14:53:57,251 INFO  server.RaftServerConfigKeys (ConfUtils.java:logGet(43)) - raft.server.storage.dir = [/opt/src/hadoop-ozone/tools/target/test-dir/MiniOzoneClusterImpl-b0c7f89a-8a87-4874-90d3-a9efc960c33e/datanode-2/data/ratis] (custom)
2019-06-18 14:53:57,251 INFO  storage.RaftStorageDirectory (RaftStorageDirectory.java:tryLock(328)) - Lock on /opt/src/hadoop-ozone/tools/target/test-dir/MiniOzoneClusterImpl-b0c7f89a-8a87-4874-90d3-a9efc960c33e/datanode-0/data/ratis/30318e24-f736-44c5-a876-ec7bfba44c4f/in_use.lock acquired by nodename 18200@ozone-unit-076618677d3sgzsj-1564456750
2019-06-18 14:53:57,252 INFO  storage.RaftStorageDirectory (RaftStorageDirectory.java:analyzeStorage(246)) - The storage directory /opt/src/hadoop-ozone/tools/target/test-dir/MiniOzoneClusterImpl-b0c7f89a-8a87-4874-90d3-a9efc960c33e/datanode-2/data/ratis/30318e24-f736-44c5-a876-ec7bfba44c4f does not exist. Creating ...
2019-06-18 14:53:57,253 INFO  storage.RaftStorageDirectory (RaftStorageDirectory.java:tryLock(328)) - Lock on /opt/src/hadoop-ozone/tools/target/test-dir/MiniOzoneClusterImpl-b0c7f89a-8a87-4874-90d3-a9efc960c33e/datanode-1/data/ratis/30318e24-f736-44c5-a876-ec7bfba44c4f/in_use.lock acquired by nodename 18200@ozone-unit-076618677d3sgzsj-1564456750
2019-06-18 14:53:57,255 INFO  storage.RaftStorageDirectory (RaftStorageDirectory.java:tryLock(328)) - Lock on /opt/src/hadoop-ozone/tools/target/test-dir/MiniOzoneClusterImpl-b0c7f89a-8a87-4874-90d3-a9efc960c33e/datanode-2/data/ratis/30318e24-f736-44c5-a876-ec7bfba44c4f/in_use.lock acquired by nodename 18200@ozone-unit-076618677d3sgzsj-1564456750
2019-06-18 14:53:57,255 INFO  storage.RaftStorage (RaftStorage.java:format(75)) - Storage directory /opt/src/hadoop-ozone/tools/target/test-dir/MiniOzoneClusterImpl-b0c7f89a-8a87-4874-90d3-a9efc960c33e/datanode-0/data/ratis/30318e24-f736-44c5-a876-ec7bfba44c4f has been successfully formatted.
2019-06-18 14:53:57,256 INFO  ratis.ContainerStateMachine (ContainerStateMachine.java:loadSnapshot(199)) - The snapshot info is null.Setting the last applied index to:(t:0, i:~)
2019-06-18 14:53:57,256 INFO  server.RaftServerConfigKeys (ConfUtils.java:logGet(43)) - raft.server.leader.election.timeout = 120s (custom)
2019-06-18 14:53:57,256 INFO  server.RaftServerConfigKeys (ConfUtils.java:logGet(43)) - raft.server.log.use.memory = false (default)
2019-06-18 14:53:57,256 INFO  server.RaftServerConfigKeys (ConfUtils.java:logGet(43)) - raft.server.log.appender.buffer.byte-limit = 33554432 (custom)
2019-06-18 14:53:57,256 INFO  server.RaftServerConfigKeys (ConfUtils.java:logGet(43)) - raft.server.log.segment.size.max = 16384 (custom)
2019-06-18 14:53:57,256 INFO  server.RaftServerConfigKeys (ConfUtils.java:logGet(43)) - raft.server.log.segment.cache.num.max = 2 (custom)
2019-06-18 14:53:57,257 INFO  storage.RaftLogWorker (RaftLogWorker.java:<init>(123)) - new 198f7d65-01f0-4e85-a5dc-ffbf5523dd3f-RaftLogWorker for Storage Directory /opt/src/hadoop-ozone/tools/target/test-dir/MiniOzoneClusterImpl-b0c7f89a-8a87-4874-90d3-a9efc960c33e/datanode-0/data/ratis/30318e24-f736-44c5-a876-ec7bfba44c4f
2019-06-18 14:53:57,257 INFO  server.RaftServerConfigKeys (ConfUtils.java:logGet(43)) - raft.server.log.queue.byte-limit = 2147483647 (custom)
2019-06-18 14:53:57,257 INFO  server.RaftServerConfigKeys (ConfUtils.java:logGet(43)) - raft.server.log.queue.element-limit = 1024 (custom)
2019-06-18 14:53:57,257 INFO  server.RaftServerConfigKeys (ConfUtils.java:logGet(43)) - raft.server.log.segment.size.max = 16384 (custom)
2019-06-18 14:53:57,257 INFO  server.RaftServerConfigKeys (ConfUtils.java:logGet(43)) - raft.server.log.preallocated.size = 16384 (custom)
2019-06-18 14:53:57,257 INFO  server.RaftServerConfigKeys (ConfUtils.java:logGet(43)) - raft.server.log.write.buffer.size = 33554432 (custom)
2019-06-18 14:53:57,257 INFO  storage.RaftStorage (RaftStorage.java:format(75)) - Storage directory /opt/src/hadoop-ozone/tools/target/test-dir/MiniOzoneClusterImpl-b0c7f89a-8a87-4874-90d3-a9efc960c33e/datanode-2/data/ratis/30318e24-f736-44c5-a876-ec7bfba44c4f has been successfully formatted.
2019-06-18 14:53:57,258 INFO  storage.RaftStorage (RaftStorage.java:format(75)) - Storage directory /opt/src/hadoop-ozone/tools/target/test-dir/MiniOzoneClusterImpl-b0c7f89a-8a87-4874-90d3-a9efc960c33e/datanode-1/data/ratis/30318e24-f736-44c5-a876-ec7bfba44c4f has been successfully formatted.
2019-06-18 14:53:57,257 INFO  server.RaftServerConfigKeys (ConfUtils.java:logGet(43)) - raft.server.log.force.sync.num = 128 (default)
2019-06-18 14:53:57,258 INFO  server.RaftServerConfigKeys (ConfUtils.java:logGet(43)) - raft.server.log.statemachine.data.sync = true (default)
2019-06-18 14:53:57,258 INFO  server.RaftServerConfigKeys (ConfUtils.java:logGet(43)) - raft.server.log.statemachine.data.sync.timeout = 10s (default)
2019-06-18 14:53:57,258 INFO  server.RaftServerConfigKeys (ConfUtils.java:logGet(43)) - raft.server.log.statemachine.data.sync.timeout.retry = -1 (default)
2019-06-18 14:53:57,258 INFO  server.RaftServerConfigKeys (ConfUtils.java:logGet(43)) - raft.server.log.statemachine.data.caching.enabled = true (custom)
2019-06-18 14:53:57,258 INFO  ratis.ContainerStateMachine (ContainerStateMachine.java:loadSnapshot(199)) - The snapshot info is null.Setting the last applied index to:(t:0, i:~)
2019-06-18 14:53:57,259 INFO  server.RaftServerConfigKeys (ConfUtils.java:logGet(43)) - raft.server.leader.election.timeout = 120s (custom)
2019-06-18 14:53:57,259 INFO  server.RaftServerConfigKeys (ConfUtils.java:logGet(43)) - raft.server.log.use.memory = false (default)
2019-06-18 14:53:57,259 INFO  server.RaftServerConfigKeys (ConfUtils.java:logGet(43)) - raft.server.log.appender.buffer.byte-limit = 33554432 (custom)
2019-06-18 14:53:57,259 INFO  server.RaftServerConfigKeys (ConfUtils.java:logGet(43)) - raft.server.log.segment.size.max = 16384 (custom)
2019-06-18 14:53:57,259 INFO  server.RaftServerConfigKeys (ConfUtils.java:logGet(43)) - raft.server.log.segment.cache.num.max = 2 (custom)
2019-06-18 14:53:57,259 INFO  storage.RaftLogWorker (RaftLogWorker.java:<init>(123)) - new a9565816-6a25-4123-98b8-7466a09cc1c1-RaftLogWorker for Storage Directory /opt/src/hadoop-ozone/tools/target/test-dir/MiniOzoneClusterImpl-b0c7f89a-8a87-4874-90d3-a9efc960c33e/datanode-1/data/ratis/30318e24-f736-44c5-a876-ec7bfba44c4f
2019-06-18 14:53:57,259 INFO  server.RaftServerConfigKeys (ConfUtils.java:logGet(43)) - raft.server.log.queue.byte-limit = 2147483647 (custom)
2019-06-18 14:53:57,259 INFO  server.RaftServerConfigKeys (ConfUtils.java:logGet(43)) - raft.server.log.queue.element-limit = 1024 (custom)
2019-06-18 14:53:57,259 INFO  server.RaftServerConfigKeys (ConfUtils.java:logGet(43)) - raft.server.log.segment.size.max = 16384 (custom)
2019-06-18 14:53:57,259 INFO  server.RaftServerConfigKeys (ConfUtils.java:logGet(43)) - raft.server.log.preallocated.size = 16384 (custom)
2019-06-18 14:53:57,260 INFO  server.RaftServerConfigKeys (ConfUtils.java:logGet(43)) - raft.server.log.write.buffer.size = 33554432 (custom)
2019-06-18 14:53:57,260 INFO  server.RaftServerConfigKeys (ConfUtils.java:logGet(43)) - raft.server.log.force.sync.num = 128 (default)
2019-06-18 14:53:57,260 INFO  server.RaftServerConfigKeys (ConfUtils.java:logGet(43)) - raft.server.log.statemachine.data.sync = true (default)
2019-06-18 14:53:57,260 INFO  server.RaftServerConfigKeys (ConfUtils.java:logGet(43)) - raft.server.log.statemachine.data.sync.timeout = 10s (default)
2019-06-18 14:53:57,260 INFO  server.RaftServerConfigKeys (ConfUtils.java:logGet(43)) - raft.server.log.statemachine.data.sync.timeout.retry = -1 (default)
2019-06-18 14:53:57,260 INFO  server.RaftServerConfigKeys (ConfUtils.java:logGet(43)) - raft.server.log.statemachine.data.caching.enabled = true (custom)
2019-06-18 14:53:57,258 INFO  ratis.ContainerStateMachine (ContainerStateMachine.java:loadSnapshot(199)) - The snapshot info is null.Setting the last applied index to:(t:0, i:~)
2019-06-18 14:53:57,260 INFO  server.RaftServerConfigKeys (ConfUtils.java:logGet(43)) - raft.server.leader.election.timeout = 120s (custom)
2019-06-18 14:53:57,261 INFO  server.RaftServerConfigKeys (ConfUtils.java:logGet(43)) - raft.server.log.use.memory = false (default)
2019-06-18 14:53:57,261 INFO  server.RaftServerConfigKeys (ConfUtils.java:logGet(43)) - raft.server.log.appender.buffer.byte-limit = 33554432 (custom)
2019-06-18 14:53:57,261 INFO  server.RaftServerConfigKeys (ConfUtils.java:logGet(43)) - raft.server.log.segment.size.max = 16384 (custom)
2019-06-18 14:53:57,261 INFO  server.RaftServerConfigKeys (ConfUtils.java:logGet(43)) - raft.server.log.segment.cache.num.max = 2 (custom)
2019-06-18 14:53:57,261 INFO  storage.RaftLogWorker (RaftLogWorker.java:<init>(123)) - new 56461521-4673-4b72-a025-4e00eda9b881-RaftLogWorker for Storage Directory /opt/src/hadoop-ozone/tools/target/test-dir/MiniOzoneClusterImpl-b0c7f89a-8a87-4874-90d3-a9efc960c33e/datanode-2/data/ratis/30318e24-f736-44c5-a876-ec7bfba44c4f
2019-06-18 14:53:57,261 INFO  server.RaftServerConfigKeys (ConfUtils.java:logGet(43)) - raft.server.log.queue.byte-limit = 2147483647 (custom)
2019-06-18 14:53:57,261 INFO  server.RaftServerConfigKeys (ConfUtils.java:logGet(43)) - raft.server.log.queue.element-limit = 1024 (custom)
2019-06-18 14:53:57,261 INFO  server.RaftServerConfigKeys (ConfUtils.java:logGet(43)) - raft.server.log.segment.size.max = 16384 (custom)
2019-06-18 14:53:57,260 INFO  server.RaftServerConfigKeys (ConfUtils.java:logGet(43)) - raft.server.snapshot.auto.trigger.enabled = true (custom)
2019-06-18 14:53:57,259 INFO  server.RaftServerConfigKeys (ConfUtils.java:logGet(43)) - raft.server.snapshot.auto.trigger.enabled = true (custom)
2019-06-18 14:53:57,262 INFO  server.RaftServerConfigKeys (ConfUtils.java:logGet(43)) - raft.server.snapshot.auto.trigger.threshold = 10000 (custom)
2019-06-18 14:53:57,261 INFO  server.RaftServerConfigKeys (ConfUtils.java:logGet(43)) - raft.server.log.preallocated.size = 16384 (custom)
2019-06-18 14:53:57,262 INFO  server.RaftServerConfigKeys (ConfUtils.java:logGet(43)) - raft.server.snapshot.auto.trigger.threshold = 10000 (custom)
2019-06-18 14:53:57,262 INFO  server.RaftServerConfigKeys (ConfUtils.java:logGet(43)) - raft.server.retrycache.expirytime = 600000ms (custom)
2019-06-18 14:53:57,262 INFO  impl.RaftServerImpl (RaftServerImpl.java:start(173)) - 198f7d65-01f0-4e85-a5dc-ffbf5523dd3f: start group-EC7BFBA44C4F
2019-06-18 14:53:57,262 INFO  impl.RaftServerImpl (RaftServerImpl.java:setRole(164)) - 198f7d65-01f0-4e85-a5dc-ffbf5523dd3f:group-EC7BFBA44C4F changes role from null to FOLLOWER at term 0 for startAsFollower
2019-06-18 14:53:57,262 INFO  impl.RoleInfo (RoleInfo.java:updateAndGet(143)) - 198f7d65-01f0-4e85-a5dc-ffbf5523dd3f: start FollowerState
2019-06-18 14:53:57,263 INFO  server.RaftServerConfigKeys (ConfUtils.java:logGet(43)) - raft.server.log.write.buffer.size = 33554432 (custom)
2019-06-18 14:53:57,263 INFO  server.RaftServerConfigKeys (ConfUtils.java:logGet(43)) - raft.server.log.force.sync.num = 128 (default)
2019-06-18 14:53:57,263 INFO  server.RaftServerConfigKeys (ConfUtils.java:logGet(43)) - raft.server.log.statemachine.data.sync = true (default)
2019-06-18 14:53:57,263 INFO  server.RaftServerConfigKeys (ConfUtils.java:logGet(43)) - raft.server.log.statemachine.data.sync.timeout = 10s (default)
2019-06-18 14:53:57,263 INFO  server.RaftServerConfigKeys (ConfUtils.java:logGet(43)) - raft.server.log.statemachine.data.sync.timeout.retry = -1 (default)
2019-06-18 14:53:57,263 INFO  util.JmxRegister (JmxRegister.java:tryRegister(44)) - Successfully registered JMX Bean with object name Ratis:service=RaftServer,group=group-EC7BFBA44C4F,id=198f7d65-01f0-4e85-a5dc-ffbf5523dd3f
2019-06-18 14:53:57,264 INFO  server.RaftServerConfigKeys (ConfUtils.java:logGet(43)) - raft.server.retrycache.expirytime = 600000ms (custom)
2019-06-18 14:53:57,264 INFO  impl.RaftServerImpl (RaftServerImpl.java:start(173)) - a9565816-6a25-4123-98b8-7466a09cc1c1: start group-EC7BFBA44C4F
2019-06-18 14:53:57,264 INFO  impl.RaftServerImpl (RaftServerImpl.java:setRole(164)) - a9565816-6a25-4123-98b8-7466a09cc1c1:group-EC7BFBA44C4F changes role from null to FOLLOWER at term 0 for startAsFollower
2019-06-18 14:53:57,265 INFO  server.RaftServerConfigKeys (ConfUtils.java:logGet(43)) - raft.server.log.statemachine.data.caching.enabled = true (custom)
2019-06-18 14:53:57,266 INFO  impl.RoleInfo (RoleInfo.java:updateAndGet(143)) - a9565816-6a25-4123-98b8-7466a09cc1c1: start FollowerState
2019-06-18 14:53:57,270 INFO  server.RaftServerConfigKeys (ConfUtils.java:logGet(43)) - raft.server.snapshot.auto.trigger.enabled = true (custom)
2019-06-18 14:53:57,270 INFO  util.JmxRegister (JmxRegister.java:tryRegister(44)) - Successfully registered JMX Bean with object name Ratis:service=RaftServer,group=group-EC7BFBA44C4F,id=a9565816-6a25-4123-98b8-7466a09cc1c1
2019-06-18 14:53:57,270 INFO  server.RaftServerConfigKeys (ConfUtils.java:logGet(43)) - raft.server.snapshot.auto.trigger.threshold = 10000 (custom)
2019-06-18 14:53:57,271 INFO  server.RaftServerConfigKeys (ConfUtils.java:logGet(43)) - raft.server.retrycache.expirytime = 600000ms (custom)
2019-06-18 14:53:57,277 INFO  impl.RaftServerImpl (RaftServerImpl.java:start(173)) - 56461521-4673-4b72-a025-4e00eda9b881: start group-EC7BFBA44C4F
2019-06-18 14:53:57,277 INFO  impl.RaftServerImpl (RaftServerImpl.java:setRole(164)) - 56461521-4673-4b72-a025-4e00eda9b881:group-EC7BFBA44C4F changes role from null to FOLLOWER at term 0 for startAsFollower
2019-06-18 14:53:57,277 INFO  impl.RoleInfo (RoleInfo.java:updateAndGet(143)) - 56461521-4673-4b72-a025-4e00eda9b881: start FollowerState
2019-06-18 14:53:57,278 INFO  util.JmxRegister (JmxRegister.java:tryRegister(44)) - Successfully registered JMX Bean with object name Ratis:service=RaftServer,group=group-EC7BFBA44C4F,id=56461521-4673-4b72-a025-4e00eda9b881
2019-06-18 14:53:57,321 INFO  pipeline.PipelineStateManager (PipelineStateManager.java:addPipeline(56)) - Created pipeline Pipeline[ Id: 30318e24-f736-44c5-a876-ec7bfba44c4f, Nodes: 198f7d65-01f0-4e85-a5dc-ffbf5523dd3f{ip: 192.168.105.145, host: ozone-unit-076618677d3sgzsj-1564456750, networkLocation: /default-rack, certSerialId: null}a9565816-6a25-4123-98b8-7466a09cc1c1{ip: 192.168.105.145, host: ozone-unit-076618677d3sgzsj-1564456750, networkLocation: /default-rack, certSerialId: null}56461521-4673-4b72-a025-4e00eda9b881{ip: 192.168.105.145, host: ozone-unit-076618677d3sgzsj-1564456750, networkLocation: /default-rack, certSerialId: null}, Type:RATIS, Factor:THREE, State:OPEN]
2019-06-18 14:53:57,337 INFO  freon.RandomKeyGenerator (RandomKeyGenerator.java:call(261)) - Number of Threads: 10
2019-06-18 14:53:57,337 INFO  freon.RandomKeyGenerator (RandomKeyGenerator.java:call(267)) - Number of Volumes: 1.
2019-06-18 14:53:57,337 INFO  freon.RandomKeyGenerator (RandomKeyGenerator.java:call(268)) - Number of Buckets per Volume: 1.
2019-06-18 14:53:57,337 INFO  freon.RandomKeyGenerator (RandomKeyGenerator.java:call(269)) - Number of Keys per Bucket: 1.
2019-06-18 14:53:57,337 INFO  freon.RandomKeyGenerator (RandomKeyGenerator.java:call(270)) - Key size: 20971520 bytes
2019-06-18 14:53:57,337 INFO  freon.RandomKeyGenerator (RandomKeyGenerator.java:call(271)) - Buffer size: 4096 bytes
2019-06-18 14:53:57,338 INFO  freon.RandomKeyGenerator (RandomKeyGenerator.java:call(287)) - Data validation is enabled.
2019-06-18 14:53:57,338 INFO  freon.RandomKeyGenerator (RandomKeyGenerator.java:call(300)) - Starting progress bar Thread.

 0.00% |█                                                                                                    |  0/1 Time: 0:00:002019-06-18 14:53:57,338 INFO  rpc.RpcClient (RpcClient.java:createVolume(289)) - Creating Volume: vol-0-36003, with jenkins1000 as owner.
2019-06-18 14:53:57,350 INFO  rpc.RpcClient (RpcClient.java:createBucket(426)) - Creating Bucket: vol-0-36003/bucket-0-61273, with Versioning false and Storage Type set to DISK and Encryption set to false 
2019-06-18 14:53:57,409 INFO  client.GrpcClientProtocolClient (GrpcClientProtocolClient.java:onNext(254)) - client-32992F8CB44C->198f7d65-01f0-4e85-a5dc-ffbf5523dd3f: receive RaftClientReply:client-32992F8CB44C->198f7d65-01f0-4e85-a5dc-ffbf5523dd3f@group-EC7BFBA44C4F, cid=60, FAILED org.apache.ratis.protocol.NotLeaderException: Server 198f7d65-01f0-4e85-a5dc-ffbf5523dd3f is not the leader (a9565816-6a25-4123-98b8-7466a09cc1c1:192.168.105.145:43715). Request must be sent to leader., logIndex=0, commits[198f7d65-01f0-4e85-a5dc-ffbf5523dd3f:c-1]
2019-06-18 14:53:57,415 WARN  client.GrpcClientProtocolService (LogUtils.java:warn(134)) - 3-OrderedRequestStreamObserver3: onError: org.apache.ratis.thirdparty.io.grpc.StatusRuntimeException: CANCELLED: cancelled before receiving half close
2019-06-18 14:53:58,279 INFO  impl.FollowerState (FollowerState.java:run(101)) - a9565816-6a25-4123-98b8-7466a09cc1c1:group-EC7BFBA44C4F changes to CANDIDATE, lastRpcTime:1013, electionTimeout:1005ms
2019-06-18 14:53:58,280 INFO  impl.RoleInfo (RoleInfo.java:shutdownFollowerState(121)) - a9565816-6a25-4123-98b8-7466a09cc1c1: shutdown FollowerState
2019-06-18 14:53:58,280 INFO  impl.RaftServerImpl (RaftServerImpl.java:setRole(164)) - a9565816-6a25-4123-98b8-7466a09cc1c1:group-EC7BFBA44C4F changes role from FOLLOWER to CANDIDATE at term 0 for changeToCandidate
2019-06-18 14:53:58,280 INFO  impl.RoleInfo (RoleInfo.java:updateAndGet(143)) - a9565816-6a25-4123-98b8-7466a09cc1c1: start LeaderElection
2019-06-18 14:53:58,285 INFO  impl.LeaderElection (LeaderElection.java:askForVotes(181)) - a9565816-6a25-4123-98b8-7466a09cc1c1:group-EC7BFBA44C4F:LeaderElection5: begin an election at term 1 for -1: [198f7d65-01f0-4e85-a5dc-ffbf5523dd3f:192.168.105.145:43127, a9565816-6a25-4123-98b8-7466a09cc1c1:192.168.105.145:43715, 56461521-4673-4b72-a025-4e00eda9b881:192.168.105.145:33391], old=null
2019-06-18 14:53:58,286 INFO  impl.FollowerState (FollowerState.java:run(101)) - 56461521-4673-4b72-a025-4e00eda9b881:group-EC7BFBA44C4F changes to CANDIDATE, lastRpcTime:1008, electionTimeout:1008ms
2019-06-18 14:53:58,286 INFO  impl.RoleInfo (RoleInfo.java:shutdownFollowerState(121)) - 56461521-4673-4b72-a025-4e00eda9b881: shutdown FollowerState
2019-06-18 14:53:58,286 INFO  impl.RaftServerImpl (RaftServerImpl.java:setRole(164)) - 56461521-4673-4b72-a025-4e00eda9b881:group-EC7BFBA44C4F changes role from FOLLOWER to CANDIDATE at term 0 for changeToCandidate
2019-06-18 14:53:58,287 INFO  impl.RoleInfo (RoleInfo.java:updateAndGet(143)) - 56461521-4673-4b72-a025-4e00eda9b881: start LeaderElection
2019-06-18 14:53:58,293 INFO  impl.LeaderElection (LeaderElection.java:askForVotes(181)) - 56461521-4673-4b72-a025-4e00eda9b881:group-EC7BFBA44C4F:LeaderElection6: begin an election at term 1 for -1: [198f7d65-01f0-4e85-a5dc-ffbf5523dd3f:192.168.105.145:43127, a9565816-6a25-4123-98b8-7466a09cc1c1:192.168.105.145:43715, 56461521-4673-4b72-a025-4e00eda9b881:192.168.105.145:33391], old=null
2019-06-18 14:53:58,301 INFO  impl.RaftServerImpl (RaftServerImpl.java:setRole(164)) - 198f7d65-01f0-4e85-a5dc-ffbf5523dd3f:group-EC7BFBA44C4F changes role from FOLLOWER to FOLLOWER at term 1 for recognizeCandidate:a9565816-6a25-4123-98b8-7466a09cc1c1
2019-06-18 14:53:58,301 INFO  impl.RoleInfo (RoleInfo.java:shutdownFollowerState(121)) - 198f7d65-01f0-4e85-a5dc-ffbf5523dd3f: shutdown FollowerState
2019-06-18 14:53:58,301 INFO  impl.RoleInfo (RoleInfo.java:updateAndGet(143)) - 198f7d65-01f0-4e85-a5dc-ffbf5523dd3f: start FollowerState
2019-06-18 14:53:58,301 INFO  impl.FollowerState (FollowerState.java:run(109)) - 198f7d65-01f0-4e85-a5dc-ffbf5523dd3f: FollowerState was interrupted: java.lang.InterruptedException: sleep interrupted
2019-06-18 14:53:58,305 INFO  impl.LeaderElection (LeaderElection.java:logAndReturn(56)) - a9565816-6a25-4123-98b8-7466a09cc1c1:group-EC7BFBA44C4F:LeaderElection5: Election PASSED; received 1 response(s) [a9565816-6a25-4123-98b8-7466a09cc1c1->198f7d65-01f0-4e85-a5dc-ffbf5523dd3f,true-t1] and 0 exception(s); a9565816-6a25-4123-98b8-7466a09cc1c1:t1, leader=null, voted=a9565816-6a25-4123-98b8-7466a09cc1c1, raftlog=a9565816-6a25-4123-98b8-7466a09cc1c1-SegmentedRaftLog:OPENED:c-1,f-1,i0, conf=-1: [198f7d65-01f0-4e85-a5dc-ffbf5523dd3f:192.168.105.145:43127, a9565816-6a25-4123-98b8-7466a09cc1c1:192.168.105.145:43715, 56461521-4673-4b72-a025-4e00eda9b881:192.168.105.145:33391], old=null
2019-06-18 14:53:58,305 INFO  impl.RoleInfo (RoleInfo.java:shutdownLeaderElection(134)) - a9565816-6a25-4123-98b8-7466a09cc1c1: shutdown LeaderElection
2019-06-18 14:53:58,305 INFO  impl.RaftServerImpl (RaftServerImpl.java:setRole(164)) - a9565816-6a25-4123-98b8-7466a09cc1c1:group-EC7BFBA44C4F changes role from CANDIDATE to LEADER at term 1 for changeToLeader
2019-06-18 14:53:58,305 INFO  impl.RaftServerImpl (ServerState.java:setLeader(263)) - a9565816-6a25-4123-98b8-7466a09cc1c1:group-EC7BFBA44C4F change Leader from null to a9565816-6a25-4123-98b8-7466a09cc1c1 at term 1 for becomeLeader, leader elected after 1046ms
2019-06-18 14:53:58,310 INFO  server.RaftServerConfigKeys (ConfUtils.java:logGet(43)) - raft.server.staging.catchup.gap = 1000 (default)
2019-06-18 14:53:58,311 INFO  server.RaftServerConfigKeys (ConfUtils.java:logGet(43)) - raft.server.rpc.sleep.time = 25ms (default)
2019-06-18 14:53:58,311 INFO  server.RaftServerConfigKeys (ConfUtils.java:logGet(43)) - raft.server.watch.timeout = 10s (default)
2019-06-18 14:53:58,312 INFO  server.RaftServerConfigKeys (ConfUtils.java:logGet(43)) - raft.server.watch.timeout.denomination = 1s (default)
2019-06-18 14:53:58,312 INFO  server.RaftServerConfigKeys (ConfUtils.java:logGet(43)) - raft.server.log.appender.snapshot.chunk.size.max = 16MB (=16777216) (default)
2019-06-18 14:53:58,315 INFO  server.RaftServerConfigKeys (ConfUtils.java:logGet(43)) - raft.server.log.appender.buffer.byte-limit = 33554432 (custom)
2019-06-18 14:53:58,325 INFO  server.RaftServerConfigKeys (ConfUtils.java:logGet(43)) - raft.server.log.appender.buffer.element-limit = 1 (custom)
2019-06-18 14:53:58,326 INFO  grpc.GrpcConfigKeys$Server (ConfUtils.java:logGet(43)) - raft.grpc.server.leader.outstanding.appends.max = 128 (default)
2019-06-18 14:53:58,326 INFO  server.RaftServerConfigKeys (ConfUtils.java:logGet(43)) - raft.server.rpc.request.timeout = 3000ms (default)
2019-06-18 14:53:58,326 INFO  server.RaftServerConfigKeys (ConfUtils.java:logGet(43)) - raft.server.log.appender.install.snapshot.enabled = true (default)
2019-06-18 14:53:58,326 INFO  server.RaftServerConfigKeys (ConfUtils.java:logGet(43)) - raft.server.log.appender.snapshot.chunk.size.max = 16MB (=16777216) (default)
2019-06-18 14:53:58,329 INFO  server.RaftServerConfigKeys (ConfUtils.java:logGet(43)) - raft.server.log.appender.buffer.byte-limit = 33554432 (custom)
2019-06-18 14:53:58,329 INFO  server.RaftServerConfigKeys (ConfUtils.java:logGet(43)) - raft.server.log.appender.buffer.element-limit = 1 (custom)
2019-06-18 14:53:58,330 INFO  grpc.GrpcConfigKeys$Server (ConfUtils.java:logGet(43)) - raft.grpc.server.leader.outstanding.appends.max = 128 (default)
2019-06-18 14:53:58,330 INFO  server.RaftServerConfigKeys (ConfUtils.java:logGet(43)) - raft.server.rpc.request.timeout = 3000ms (default)
2019-06-18 14:53:58,330 INFO  server.RaftServerConfigKeys (ConfUtils.java:logGet(43)) - raft.server.log.appender.install.snapshot.enabled = true (default)
2019-06-18 14:53:58,330 INFO  impl.RoleInfo (RoleInfo.java:updateAndGet(143)) - a9565816-6a25-4123-98b8-7466a09cc1c1: start LeaderState
2019-06-18 14:53:58,330 INFO  storage.RaftLogWorker (RaftLogWorker.java:startLogSegment(298)) - a9565816-6a25-4123-98b8-7466a09cc1c1-RaftLogWorker: Starting segment from index:0
 0.00% |█                                                                                                    |  0/1 Time: 0:00:012019-06-18 14:53:58,345 INFO  impl.RaftServerImpl (ServerState.java:setRaftConf(361)) - a9565816-6a25-4123-98b8-7466a09cc1c1:group-EC7BFBA44C4F set configuration 0: [198f7d65-01f0-4e85-a5dc-ffbf5523dd3f:192.168.105.145:43127, a9565816-6a25-4123-98b8-7466a09cc1c1:192.168.105.145:43715, 56461521-4673-4b72-a025-4e00eda9b881:192.168.105.145:33391], old=null at 0
2019-06-18 14:53:58,346 INFO  impl.RaftServerImpl (RaftServerImpl.java:requestVote(738)) - a9565816-6a25-4123-98b8-7466a09cc1c1-LEADER: Withhold vote from candidate 56461521-4673-4b72-a025-4e00eda9b881 with term 1. State: leader=a9565816-6a25-4123-98b8-7466a09cc1c1, term=1, lastRpcElapsed=null
2019-06-18 14:53:58,368 INFO  impl.RaftServerImpl (ServerState.java:setLeader(263)) - 198f7d65-01f0-4e85-a5dc-ffbf5523dd3f:group-EC7BFBA44C4F change Leader from null to a9565816-6a25-4123-98b8-7466a09cc1c1 at term 1 for appendEntries, leader elected after 1111ms
2019-06-18 14:53:58,366 INFO  impl.RaftServerImpl (RaftServerImpl.java:setRole(164)) - 56461521-4673-4b72-a025-4e00eda9b881:group-EC7BFBA44C4F changes role from CANDIDATE to FOLLOWER at term 1 for appendEntries
2019-06-18 14:53:58,369 INFO  impl.RoleInfo (RoleInfo.java:shutdownLeaderElection(134)) - 56461521-4673-4b72-a025-4e00eda9b881: shutdown LeaderElection
2019-06-18 14:53:58,369 INFO  impl.RoleInfo (RoleInfo.java:updateAndGet(143)) - 56461521-4673-4b72-a025-4e00eda9b881: start FollowerState
2019-06-18 14:53:58,370 INFO  impl.LeaderElection (LeaderElection.java:logAndReturn(56)) - 56461521-4673-4b72-a025-4e00eda9b881:group-EC7BFBA44C4F:LeaderElection6: Election REJECTED; received 2 response(s) [56461521-4673-4b72-a025-4e00eda9b881->198f7d65-01f0-4e85-a5dc-ffbf5523dd3f,false-t1, 56461521-4673-4b72-a025-4e00eda9b881->a9565816-6a25-4123-98b8-7466a09cc1c1,false-t1] and 0 exception(s); 56461521-4673-4b72-a025-4e00eda9b881:t1, leader=null, voted=56461521-4673-4b72-a025-4e00eda9b881, raftlog=56461521-4673-4b72-a025-4e00eda9b881-SegmentedRaftLog:OPENED:c-1,f-1,i0, conf=-1: [198f7d65-01f0-4e85-a5dc-ffbf5523dd3f:192.168.105.145:43127, a9565816-6a25-4123-98b8-7466a09cc1c1:192.168.105.145:43715, 56461521-4673-4b72-a025-4e00eda9b881:192.168.105.145:33391], old=null
2019-06-18 14:53:58,370 INFO  impl.RaftServerImpl (ServerState.java:setRaftConf(361)) - 198f7d65-01f0-4e85-a5dc-ffbf5523dd3f:group-EC7BFBA44C4F set configuration 0: [198f7d65-01f0-4e85-a5dc-ffbf5523dd3f:192.168.105.145:43127, a9565816-6a25-4123-98b8-7466a09cc1c1:192.168.105.145:43715, 56461521-4673-4b72-a025-4e00eda9b881:192.168.105.145:33391], old=null at 0
2019-06-18 14:53:58,371 INFO  storage.RaftLogWorker (RaftLogWorker.java:startLogSegment(298)) - 198f7d65-01f0-4e85-a5dc-ffbf5523dd3f-RaftLogWorker: Starting segment from index:0
2019-06-18 14:53:58,372 INFO  impl.RaftServerImpl (ServerState.java:setLeader(263)) - 56461521-4673-4b72-a025-4e00eda9b881:group-EC7BFBA44C4F change Leader from null to a9565816-6a25-4123-98b8-7466a09cc1c1 at term 1 for appendEntries, leader elected after 1111ms
2019-06-18 14:53:58,397 INFO  impl.RaftServerImpl (ServerState.java:setRaftConf(361)) - 56461521-4673-4b72-a025-4e00eda9b881:group-EC7BFBA44C4F set configuration 0: [198f7d65-01f0-4e85-a5dc-ffbf5523dd3f:192.168.105.145:43127, a9565816-6a25-4123-98b8-7466a09cc1c1:192.168.105.145:43715, 56461521-4673-4b72-a025-4e00eda9b881:192.168.105.145:33391], old=null at 0
2019-06-18 14:53:58,398 INFO  storage.RaftLogWorker (RaftLogWorker.java:startLogSegment(298)) - 56461521-4673-4b72-a025-4e00eda9b881-RaftLogWorker: Starting segment from index:0
2019-06-18 14:53:58,584 INFO  storage.RaftLogWorker (RaftLogWorker.java:execute(469)) - a9565816-6a25-4123-98b8-7466a09cc1c1-RaftLogWorker: created new log segment /opt/src/hadoop-ozone/tools/target/test-dir/MiniOzoneClusterImpl-b0c7f89a-8a87-4874-90d3-a9efc960c33e/datanode-1/data/ratis/30318e24-f736-44c5-a876-ec7bfba44c4f/current/log_inprogress_0
2019-06-18 14:53:58,716 INFO  storage.RaftLogWorker (RaftLogWorker.java:execute(469)) - 56461521-4673-4b72-a025-4e00eda9b881-RaftLogWorker: created new log segment /opt/src/hadoop-ozone/tools/target/test-dir/MiniOzoneClusterImpl-b0c7f89a-8a87-4874-90d3-a9efc960c33e/datanode-2/data/ratis/30318e24-f736-44c5-a876-ec7bfba44c4f/current/log_inprogress_0
2019-06-18 14:53:58,783 INFO  storage.RaftLogWorker (RaftLogWorker.java:execute(469)) - 198f7d65-01f0-4e85-a5dc-ffbf5523dd3f-RaftLogWorker: created new log segment /opt/src/hadoop-ozone/tools/target/test-dir/MiniOzoneClusterImpl-b0c7f89a-8a87-4874-90d3-a9efc960c33e/datanode-0/data/ratis/30318e24-f736-44c5-a876-ec7bfba44c4f/current/log_inprogress_0
2019-06-18 14:53:58,827 INFO  keyvalue.KeyValueHandler (ContainerUtils.java:logAndReturnError(146)) - Operation: CreateContainer : Trace ID: 47004efea3f2c1ce:421c4da0a2bc05df:61ac8084048382b2:0 : Message: Container creation failed, due to disk out of space : Result: DISK_OUT_OF_SPACE
2019-06-18 14:53:58,837 INFO  keyvalue.KeyValueHandler (ContainerUtils.java:logAndReturnError(146)) - Operation: CreateContainer : Trace ID: 47004efea3f2c1ce:421c4da0a2bc05df:61ac8084048382b2:0 : Message: Container creation failed, due to disk out of space : Result: DISK_OUT_OF_SPACE
14:53:58.829 [pool-47-thread-23] ERROR DNAudit - user=null | ip=null | op=WRITE_CHUNK {blockData=conID: 4 locID: 102293152554156039 bcsId: 0} | ret=FAILURE
org.apache.hadoop.hdds.scm.container.common.helpers.StorageContainerException: ContainerID 4 creation failed
	at org.apache.hadoop.ozone.container.common.impl.HddsDispatcher.dispatchRequest(HddsDispatcher.java:227) ~[classes/:?]
	at org.apache.hadoop.ozone.container.common.impl.HddsDispatcher.dispatch(HddsDispatcher.java:148) ~[classes/:?]
	at org.apache.hadoop.ozone.container.common.transport.server.ratis.ContainerStateMachine.dispatchCommand(ContainerStateMachine.java:347) ~[classes/:?]
	at org.apache.hadoop.ozone.container.common.transport.server.ratis.ContainerStateMachine.runCommand(ContainerStateMachine.java:354) ~[classes/:?]
	at org.apache.hadoop.ozone.container.common.transport.server.ratis.ContainerStateMachine.lambda$handleWriteChunk$0(ContainerStateMachine.java:385) ~[classes/:?]
	at java.util.concurrent.CompletableFuture$AsyncSupply.run(CompletableFuture.java:1590) [?:1.8.0_212]
	at java.util.concurrent.ThreadPoolExecutor.runWorker(ThreadPoolExecutor.java:1149) [?:1.8.0_212]
	at java.util.concurrent.ThreadPoolExecutor$Worker.run(ThreadPoolExecutor.java:624) [?:1.8.0_212]
	at java.lang.Thread.run(Thread.java:748) [?:1.8.0_212]
14:53:58.837 [pool-26-thread-3] ERROR DNAudit - user=null | ip=null | op=WRITE_CHUNK {blockData=conID: 4 locID: 102293152554156039 bcsId: 0} | ret=FAILURE
org.apache.hadoop.hdds.scm.container.common.helpers.StorageContainerException: ContainerID 4 creation failed
	at org.apache.hadoop.ozone.container.common.impl.HddsDispatcher.dispatchRequest(HddsDispatcher.java:227) ~[classes/:?]
	at org.apache.hadoop.ozone.container.common.impl.HddsDispatcher.dispatch(HddsDispatcher.java:148) ~[classes/:?]
	at org.apache.hadoop.ozone.container.common.transport.server.ratis.ContainerStateMachine.dispatchCommand(ContainerStateMachine.java:347) ~[classes/:?]
	at org.apache.hadoop.ozone.container.common.transport.server.ratis.ContainerStateMachine.runCommand(ContainerStateMachine.java:354) ~[classes/:?]
	at org.apache.hadoop.ozone.container.common.transport.server.ratis.ContainerStateMachine.lambda$handleWriteChunk$0(ContainerStateMachine.java:385) ~[classes/:?]
	at java.util.concurrent.CompletableFuture$AsyncSupply.run(CompletableFuture.java:1590) [?:1.8.0_212]
	at java.util.concurrent.ThreadPoolExecutor.runWorker(ThreadPoolExecutor.java:1149) [?:1.8.0_212]
	at java.util.concurrent.ThreadPoolExecutor$Worker.run(ThreadPoolExecutor.java:624) [?:1.8.0_212]
	at java.lang.Thread.run(Thread.java:748) [?:1.8.0_212]
2019-06-18 14:53:58,839 INFO  keyvalue.KeyValueHandler (ContainerUtils.java:logAndReturnError(146)) - Operation: CreateContainer : Trace ID: 47004efea3f2c1ce:421c4da0a2bc05df:61ac8084048382b2:0 : Message: Container creation failed, due to disk out of space : Result: DISK_OUT_OF_SPACE
14:53:58.840 [pool-68-thread-21] ERROR DNAudit - user=null | ip=null | op=WRITE_CHUNK {blockData=conID: 4 locID: 102293152554156039 bcsId: 0} | ret=FAILURE
org.apache.hadoop.hdds.scm.container.common.helpers.StorageContainerException: ContainerID 4 creation failed
	at org.apache.hadoop.ozone.container.common.impl.HddsDispatcher.dispatchRequest(HddsDispatcher.java:227) ~[classes/:?]
	at org.apache.hadoop.ozone.container.common.impl.HddsDispatcher.dispatch(HddsDispatcher.java:148) ~[classes/:?]
	at org.apache.hadoop.ozone.container.common.transport.server.ratis.ContainerStateMachine.dispatchCommand(ContainerStateMachine.java:347) ~[classes/:?]
	at org.apache.hadoop.ozone.container.common.transport.server.ratis.ContainerStateMachine.runCommand(ContainerStateMachine.java:354) ~[classes/:?]
	at org.apache.hadoop.ozone.container.common.transport.server.ratis.ContainerStateMachine.lambda$handleWriteChunk$0(ContainerStateMachine.java:385) ~[classes/:?]
	at java.util.concurrent.CompletableFuture$AsyncSupply.run(CompletableFuture.java:1590) [?:1.8.0_212]
	at java.util.concurrent.ThreadPoolExecutor.runWorker(ThreadPoolExecutor.java:1149) [?:1.8.0_212]
	at java.util.concurrent.ThreadPoolExecutor$Worker.run(ThreadPoolExecutor.java:624) [?:1.8.0_212]
	at java.lang.Thread.run(Thread.java:748) [?:1.8.0_212]
2019-06-18 14:53:58,847 INFO  impl.HddsDispatcher (ContainerUtils.java:logAndReturnError(146)) - Operation: WriteChunk : Trace ID: 47004efea3f2c1ce:421c4da0a2bc05df:61ac8084048382b2:0 : Message: ContainerID 4 creation failed : Result: DISK_OUT_OF_SPACE
2019-06-18 14:53:58,848 INFO  impl.HddsDispatcher (ContainerUtils.java:logAndReturnError(146)) - Operation: WriteChunk : Trace ID: 47004efea3f2c1ce:421c4da0a2bc05df:61ac8084048382b2:0 : Message: ContainerID 4 creation failed : Result: DISK_OUT_OF_SPACE
2019-06-18 14:53:58,848 INFO  impl.HddsDispatcher (ContainerUtils.java:logAndReturnError(146)) - Operation: WriteChunk : Trace ID: 47004efea3f2c1ce:421c4da0a2bc05df:61ac8084048382b2:0 : Message: ContainerID 4 creation failed : Result: DISK_OUT_OF_SPACE
14:53:58.873 [pool-73-thread-1] ERROR DNAudit - user=null | ip=null | op=WRITE_CHUNK {blockData=conID: 4 locID: 102293152554156039 bcsId: 0} | ret=FAILURE
org.apache.hadoop.hdds.scm.container.common.helpers.StorageContainerException: ContainerID 4 does not exist
	at org.apache.hadoop.ozone.container.common.impl.HddsDispatcher.dispatchRequest(HddsDispatcher.java:242) ~[classes/:?]
	at org.apache.hadoop.ozone.container.common.impl.HddsDispatcher.dispatch(HddsDispatcher.java:148) ~[classes/:?]
	at org.apache.hadoop.ozone.container.common.transport.server.ratis.ContainerStateMachine.dispatchCommand(ContainerStateMachine.java:347) ~[classes/:?]
	at org.apache.hadoop.ozone.container.common.transport.server.ratis.ContainerStateMachine.runCommand(ContainerStateMachine.java:354) ~[classes/:?]
	at org.apache.hadoop.ozone.container.common.transport.server.ratis.ContainerStateMachine.lambda$applyTransaction$5(ContainerStateMachine.java:621) ~[classes/:?]
	at java.util.concurrent.CompletableFuture$AsyncSupply.run(CompletableFuture.java:1590) [?:1.8.0_212]
	at java.util.concurrent.ThreadPoolExecutor.runWorker(ThreadPoolExecutor.java:1149) [?:1.8.0_212]
	at java.util.concurrent.ThreadPoolExecutor$Worker.run(ThreadPoolExecutor.java:624) [?:1.8.0_212]
	at java.lang.Thread.run(Thread.java:748) [?:1.8.0_212]
2019-06-18 14:53:58,873 INFO  impl.HddsDispatcher (ContainerUtils.java:logAndReturnError(146)) - Operation: WriteChunk : Trace ID: 47004efea3f2c1ce:421c4da0a2bc05df:61ac8084048382b2:0 : Message: ContainerID 4 does not exist : Result: CONTAINER_NOT_FOUND
14:53:58.896 [pool-52-thread-1] ERROR DNAudit - user=null | ip=null | op=WRITE_CHUNK {blockData=conID: 4 locID: 102293152554156039 bcsId: 0} | ret=FAILURE
org.apache.hadoop.hdds.scm.container.common.helpers.StorageContainerException: ContainerID 4 does not exist
	at org.apache.hadoop.ozone.container.common.impl.HddsDispatcher.dispatchRequest(HddsDispatcher.java:242) ~[classes/:?]
	at org.apache.hadoop.ozone.container.common.impl.HddsDispatcher.dispatch(HddsDispatcher.java:148) ~[classes/:?]
	at org.apache.hadoop.ozone.container.common.transport.server.ratis.ContainerStateMachine.dispatchCommand(ContainerStateMachine.java:347) ~[classes/:?]
	at org.apache.hadoop.ozone.container.common.transport.server.ratis.ContainerStateMachine.runCommand(ContainerStateMachine.java:354) ~[classes/:?]
	at org.apache.hadoop.ozone.container.common.transport.server.ratis.ContainerStateMachine.lambda$applyTransaction$5(ContainerStateMachine.java:621) ~[classes/:?]
	at java.util.concurrent.CompletableFuture$AsyncSupply.run(CompletableFuture.java:1590) [?:1.8.0_212]
	at java.util.concurrent.ThreadPoolExecutor.runWorker(ThreadPoolExecutor.java:1149) [?:1.8.0_212]
	at java.util.concurrent.ThreadPoolExecutor$Worker.run(ThreadPoolExecutor.java:624) [?:1.8.0_212]
	at java.lang.Thread.run(Thread.java:748) [?:1.8.0_212]
2019-06-18 14:53:58,898 INFO  impl.HddsDispatcher (ContainerUtils.java:logAndReturnError(146)) - Operation: WriteChunk : Trace ID: 47004efea3f2c1ce:421c4da0a2bc05df:61ac8084048382b2:0 : Message: ContainerID 4 does not exist : Result: CONTAINER_NOT_FOUND
14:53:58.907 [pool-31-thread-1] ERROR DNAudit - user=null | ip=null | op=WRITE_CHUNK {blockData=conID: 4 locID: 102293152554156039 bcsId: 0} | ret=FAILURE
org.apache.hadoop.hdds.scm.container.common.helpers.StorageContainerException: ContainerID 4 does not exist
	at org.apache.hadoop.ozone.container.common.impl.HddsDispatcher.dispatchRequest(HddsDispatcher.java:242) ~[classes/:?]
	at org.apache.hadoop.ozone.container.common.impl.HddsDispatcher.dispatch(HddsDispatcher.java:148) ~[classes/:?]
	at org.apache.hadoop.ozone.container.common.transport.server.ratis.ContainerStateMachine.dispatchCommand(ContainerStateMachine.java:347) ~[classes/:?]
	at org.apache.hadoop.ozone.container.common.transport.server.ratis.ContainerStateMachine.runCommand(ContainerStateMachine.java:354) ~[classes/:?]
	at org.apache.hadoop.ozone.container.common.transport.server.ratis.ContainerStateMachine.lambda$applyTransaction$5(ContainerStateMachine.java:621) ~[classes/:?]
	at java.util.concurrent.CompletableFuture$AsyncSupply.run(CompletableFuture.java:1590) [?:1.8.0_212]
	at java.util.concurrent.ThreadPoolExecutor.runWorker(ThreadPoolExecutor.java:1149) [?:1.8.0_212]
	at java.util.concurrent.ThreadPoolExecutor$Worker.run(ThreadPoolExecutor.java:624) [?:1.8.0_212]
	at java.lang.Thread.run(Thread.java:748) [?:1.8.0_212]
2019-06-18 14:53:58,907 INFO  impl.HddsDispatcher (ContainerUtils.java:logAndReturnError(146)) - Operation: WriteChunk : Trace ID: 47004efea3f2c1ce:421c4da0a2bc05df:61ac8084048382b2:0 : Message: ContainerID 4 does not exist : Result: CONTAINER_NOT_FOUND
2019-06-18 14:53:58,916 INFO  client.GrpcClientProtocolClient (GrpcClientProtocolClient.java:onNext(254)) - client-32992F8CB44C->a9565816-6a25-4123-98b8-7466a09cc1c1: receive RaftClientReply:client-32992F8CB44C->a9565816-6a25-4123-98b8-7466a09cc1c1@group-EC7BFBA44C4F, cid=60, SUCCESS, logIndex=1, commits[a9565816-6a25-4123-98b8-7466a09cc1c1:c2, 198f7d65-01f0-4e85-a5dc-ffbf5523dd3f:c0, 56461521-4673-4b72-a025-4e00eda9b881:c1]
2019-06-18 14:53:58,924 ERROR storage.BlockOutputStream (BlockOutputStream.java:validateResponse(538)) - Unexpected Storage Container Exception: 
org.apache.hadoop.hdds.scm.container.common.helpers.StorageContainerException: ContainerID 4 does not exist
	at org.apache.hadoop.hdds.scm.storage.ContainerProtocolCalls.validateContainerResponse(ContainerProtocolCalls.java:536)
	at org.apache.hadoop.hdds.scm.storage.BlockOutputStream.validateResponse(BlockOutputStream.java:536)
	at org.apache.hadoop.hdds.scm.storage.BlockOutputStream.lambda$writeChunkToContainer$2(BlockOutputStream.java:614)
	at java.util.concurrent.CompletableFuture.uniApply(CompletableFuture.java:602)
	at java.util.concurrent.CompletableFuture$UniApply.tryFire(CompletableFuture.java:577)
	at java.util.concurrent.CompletableFuture$Completion.run(CompletableFuture.java:442)
	at java.util.concurrent.ThreadPoolExecutor.runWorker(ThreadPoolExecutor.java:1149)
	at java.util.concurrent.ThreadPoolExecutor$Worker.run(ThreadPoolExecutor.java:624)
	at java.lang.Thread.run(Thread.java:748)
14:53:58.954 [pool-52-thread-1] ERROR DNAudit - user=null | ip=null | op=PUT_BLOCK {blockData=[blockId=conID: 4 locID: 102293152554156039 bcsId: 0,size=1048576]} | ret=FAILURE
org.apache.hadoop.hdds.scm.container.common.helpers.StorageContainerException: ContainerID 4 does not exist
	at org.apache.hadoop.ozone.container.common.impl.HddsDispatcher.dispatchRequest(HddsDispatcher.java:242) ~[classes/:?]
	at org.apache.hadoop.ozone.container.common.impl.HddsDispatcher.dispatch(HddsDispatcher.java:148) ~[classes/:?]
	at org.apache.hadoop.ozone.container.common.transport.server.ratis.ContainerStateMachine.dispatchCommand(ContainerStateMachine.java:347) ~[classes/:?]
	at org.apache.hadoop.ozone.container.common.transport.server.ratis.ContainerStateMachine.runCommand(ContainerStateMachine.java:354) ~[classes/:?]
	at org.apache.hadoop.ozone.container.common.transport.server.ratis.ContainerStateMachine.lambda$applyTransaction$5(ContainerStateMachine.java:621) ~[classes/:?]
	at java.util.concurrent.CompletableFuture$AsyncSupply.run(CompletableFuture.java:1590) [?:1.8.0_212]
	at java.util.concurrent.ThreadPoolExecutor.runWorker(ThreadPoolExecutor.java:1149) [?:1.8.0_212]
	at java.util.concurrent.ThreadPoolExecutor$Worker.run(ThreadPoolExecutor.java:624) [?:1.8.0_212]
	at java.lang.Thread.run(Thread.java:748) [?:1.8.0_212]
2019-06-18 14:53:58,954 INFO  impl.HddsDispatcher (ContainerUtils.java:logAndReturnError(146)) - Operation: PutBlock : Trace ID: 47004efea3f2c1ce:d175156fc306314c:61ac8084048382b2:0 : Message: ContainerID 4 does not exist : Result: CONTAINER_NOT_FOUND
14:53:58.958 [pool-73-thread-1] ERROR DNAudit - user=null | ip=null | op=PUT_BLOCK {blockData=[blockId=conID: 4 locID: 102293152554156039 bcsId: 0,size=1048576]} | ret=FAILURE
org.apache.hadoop.hdds.scm.container.common.helpers.StorageContainerException: ContainerID 4 does not exist
	at org.apache.hadoop.ozone.container.common.impl.HddsDispatcher.dispatchRequest(HddsDispatcher.java:242) ~[classes/:?]
	at org.apache.hadoop.ozone.container.common.impl.HddsDispatcher.dispatch(HddsDispatcher.java:148) ~[classes/:?]
	at org.apache.hadoop.ozone.container.common.transport.server.ratis.ContainerStateMachine.dispatchCommand(ContainerStateMachine.java:347) ~[classes/:?]
	at org.apache.hadoop.ozone.container.common.transport.server.ratis.ContainerStateMachine.runCommand(ContainerStateMachine.java:354) ~[classes/:?]
	at org.apache.hadoop.ozone.container.common.transport.server.ratis.ContainerStateMachine.lambda$applyTransaction$5(ContainerStateMachine.java:621) ~[classes/:?]
	at java.util.concurrent.CompletableFuture$AsyncSupply.run(CompletableFuture.java:1590) [?:1.8.0_212]
	at java.util.concurrent.ThreadPoolExecutor.runWorker(ThreadPoolExecutor.java:1149) [?:1.8.0_212]
	at java.util.concurrent.ThreadPoolExecutor$Worker.run(ThreadPoolExecutor.java:624) [?:1.8.0_212]
	at java.lang.Thread.run(Thread.java:748) [?:1.8.0_212]
2019-06-18 14:53:58,958 INFO  impl.HddsDispatcher (ContainerUtils.java:logAndReturnError(146)) - Operation: PutBlock : Trace ID: 47004efea3f2c1ce:d175156fc306314c:61ac8084048382b2:0 : Message: ContainerID 4 does not exist : Result: CONTAINER_NOT_FOUND
2019-06-18 14:53:58,959 INFO  client.GrpcClientProtocolClient (GrpcClientProtocolClient.java:onNext(254)) - client-32992F8CB44C->a9565816-6a25-4123-98b8-7466a09cc1c1: receive RaftClientReply:client-32992F8CB44C->a9565816-6a25-4123-98b8-7466a09cc1c1@group-EC7BFBA44C4F, cid=61, SUCCESS, logIndex=3, commits[a9565816-6a25-4123-98b8-7466a09cc1c1:c3, 198f7d65-01f0-4e85-a5dc-ffbf5523dd3f:c1, 56461521-4673-4b72-a025-4e00eda9b881:c2]
14:53:58.959 [pool-31-thread-1] ERROR DNAudit - user=null | ip=null | op=PUT_BLOCK {blockData=[blockId=conID: 4 locID: 102293152554156039 bcsId: 0,size=1048576]} | ret=FAILURE
org.apache.hadoop.hdds.scm.container.common.helpers.StorageContainerException: ContainerID 4 does not exist
	at org.apache.hadoop.ozone.container.common.impl.HddsDispatcher.dispatchRequest(HddsDispatcher.java:242) ~[classes/:?]
	at org.apache.hadoop.ozone.container.common.impl.HddsDispatcher.dispatch(HddsDispatcher.java:148) ~[classes/:?]
	at org.apache.hadoop.ozone.container.common.transport.server.ratis.ContainerStateMachine.dispatchCommand(ContainerStateMachine.java:347) ~[classes/:?]
	at org.apache.hadoop.ozone.container.common.transport.server.ratis.ContainerStateMachine.runCommand(ContainerStateMachine.java:354) ~[classes/:?]
	at org.apache.hadoop.ozone.container.common.transport.server.ratis.ContainerStateMachine.lambda$applyTransaction$5(ContainerStateMachine.java:621) ~[classes/:?]
	at java.util.concurrent.CompletableFuture$AsyncSupply.run(CompletableFuture.java:1590) [?:1.8.0_212]
	at java.util.concurrent.ThreadPoolExecutor.runWorker(ThreadPoolExecutor.java:1149) [?:1.8.0_212]
	at java.util.concurrent.ThreadPoolExecutor$Worker.run(ThreadPoolExecutor.java:624) [?:1.8.0_212]
	at java.lang.Thread.run(Thread.java:748) [?:1.8.0_212]
2019-06-18 14:53:58,960 INFO  impl.HddsDispatcher (ContainerUtils.java:logAndReturnError(146)) - Operation: PutBlock : Trace ID: 47004efea3f2c1ce:d175156fc306314c:61ac8084048382b2:0 : Message: ContainerID 4 does not exist : Result: CONTAINER_NOT_FOUND
2019-06-18 14:53:59,034 INFO  client.GrpcClientProtocolClient (GrpcClientProtocolClient.java:onNext(254)) - client-32992F8CB44C->a9565816-6a25-4123-98b8-7466a09cc1c1: receive RaftClientReply:client-32992F8CB44C->a9565816-6a25-4123-98b8-7466a09cc1c1@group-EC7BFBA44C4F, cid=62, SUCCESS, logIndex=5, commits[a9565816-6a25-4123-98b8-7466a09cc1c1:c6, 198f7d65-01f0-4e85-a5dc-ffbf5523dd3f:c3, 56461521-4673-4b72-a025-4e00eda9b881:c4]
2019-06-18 14:53:59,045 INFO  client.GrpcClientProtocolClient (GrpcClientProtocolClient.java:onNext(254)) - client-32992F8CB44C->a9565816-6a25-4123-98b8-7466a09cc1c1: receive RaftClientReply:client-32992F8CB44C->a9565816-6a25-4123-98b8-7466a09cc1c1@group-EC7BFBA44C4F, cid=63, SUCCESS, logIndex=6, commits[a9565816-6a25-4123-98b8-7466a09cc1c1:c7, 198f7d65-01f0-4e85-a5dc-ffbf5523dd3f:c6, 56461521-4673-4b72-a025-4e00eda9b881:c6]
2019-06-18 14:53:59,048 ERROR freon.RandomKeyGenerator (RandomKeyGenerator.java:run(675)) - Exception while adding key: key-0-77814 in bucket: org.apache.hadoop.ozone.client.OzoneBucket@d473b60 of volume: org.apache.hadoop.ozone.client.OzoneVolume@5de2584b.
java.io.IOException: Unexpected Storage Container Exception: org.apache.hadoop.hdds.scm.container.common.helpers.StorageContainerException: ContainerID 4 does not exist
	at org.apache.hadoop.hdds.scm.storage.BlockOutputStream.setIoException(BlockOutputStream.java:548)
	at org.apache.hadoop.hdds.scm.storage.BlockOutputStream.validateResponse(BlockOutputStream.java:539)
	at org.apache.hadoop.hdds.scm.storage.BlockOutputStream.lambda$writeChunkToContainer$2(BlockOutputStream.java:614)
	at java.util.concurrent.CompletableFuture.uniApply(CompletableFuture.java:602)
	at java.util.concurrent.CompletableFuture$UniApply.tryFire(CompletableFuture.java:577)
	at java.util.concurrent.CompletableFuture$Completion.run(CompletableFuture.java:442)
	at java.util.concurrent.ThreadPoolExecutor.runWorker(ThreadPoolExecutor.java:1149)
	at java.util.concurrent.ThreadPoolExecutor$Worker.run(ThreadPoolExecutor.java:624)
	at java.lang.Thread.run(Thread.java:748)
Caused by: org.apache.hadoop.hdds.scm.container.common.helpers.StorageContainerException: ContainerID 4 does not exist
	at org.apache.hadoop.hdds.scm.storage.ContainerProtocolCalls.validateContainerResponse(ContainerProtocolCalls.java:536)
	at org.apache.hadoop.hdds.scm.storage.BlockOutputStream.validateResponse(BlockOutputStream.java:536)
	... 7 more
 100.00% |█████████████████████████████████████████████████████████████████████████████████████████████████████|  1/1 Time: 0:00:02
]]></system-out>
    <system-err><![CDATA[ERROR StatusLogger No Log4j 2 configuration file found. Using default configuration (logging only errors to the console), or user programmatically provided configurations. Set system property 'log4j2.debug' to show Log4j 2 internal initialization logging. See https://logging.apache.org/log4j/2.x/manual/configuration.html for instructions on how to configure Log4j 2
Jun 18, 2019 2:53:46 PM com.sun.jersey.server.impl.application.WebApplicationImpl _initiate
INFO: Initiating Jersey application, version 'Jersey: 1.19 02/11/2015 03:25 AM'
Jun 18, 2019 2:53:47 PM com.sun.jersey.server.impl.application.WebApplicationImpl _initiate
INFO: Initiating Jersey application, version 'Jersey: 1.19 02/11/2015 03:25 AM'
Jun 18, 2019 2:53:47 PM com.sun.jersey.server.impl.application.WebApplicationImpl _initiate
INFO: Initiating Jersey application, version 'Jersey: 1.19 02/11/2015 03:25 AM'
]]></system-err>
  </testcase>
</testsuite>