<?xml version="1.0" encoding="UTF-8"?>
<testsuite xmlns:xsi="http://www.w3.org/2001/XMLSchema-instance" xsi:noNamespaceSchemaLocation="https://maven.apache.org/surefire/maven-surefire-plugin/xsd/surefire-test-report.xsd" name="org.apache.hadoop.ozone.freon.TestDataValidateWithSafeByteOperations" time="31.252" tests="3" errors="3" skipped="0" failures="0">
  <properties>
    <property name="awt.toolkit" value="sun.awt.X11.XToolkit"/>
    <property name="file.encoding.pkg" value="sun.io"/>
    <property name="java.specification.version" value="1.8"/>
    <property name="sun.cpu.isalist" value=""/>
    <property name="sun.jnu.encoding" value="UTF-8"/>
    <property name="java.class.path" value="/opt/src/hadoop-ozone/tools/target/test-classes:/opt/src/hadoop-ozone/tools/target/classes:/opt/src/hadoop-ozone/ozone-manager/target/classes:/opt/src/hadoop-hdds/docs/target/classes:/home/user/.m2/repository/org/bouncycastle/bcprov-jdk15on/1.60/bcprov-jdk15on-1.60.jar:/opt/src/hadoop-ozone/common/target/classes:/home/user/.m2/repository/org/apache/commons/commons-compress/1.4.1/commons-compress-1.4.1.jar:/home/user/.m2/repository/org/tukaani/xz/1.0/xz-1.0.jar:/home/user/.m2/repository/org/apache/hadoop/hadoop-hdfs-client/3.2.0/hadoop-hdfs-client-3.2.0.jar:/home/user/.m2/repository/com/fasterxml/jackson/core/jackson-annotations/2.9.5/jackson-annotations-2.9.5.jar:/opt/src/hadoop-hdds/common/target/classes:/opt/src/hadoop-hdds/config/target/classes:/home/user/.m2/repository/javax/annotation/javax.annotation-api/1.2/javax.annotation-api-1.2.jar:/home/user/.m2/repository/org/apache/ratis/ratis-server/0.4.0-fe2b15d-SNAPSHOT/ratis-server-0.4.0-fe2b15d-SNAPSHOT.jar:/home/user/.m2/repository/org/apache/ratis/ratis-thirdparty-misc/0.2.0/ratis-thirdparty-misc-0.2.0.jar:/home/user/.m2/repository/org/apache/ratis/ratis-proto/0.4.0-fe2b15d-SNAPSHOT/ratis-proto-0.4.0-fe2b15d-SNAPSHOT.jar:/home/user/.m2/repository/org/apache/ratis/ratis-common/0.4.0-fe2b15d-SNAPSHOT/ratis-common-0.4.0-fe2b15d-SNAPSHOT.jar:/home/user/.m2/repository/org/apache/ratis/ratis-client/0.4.0-fe2b15d-SNAPSHOT/ratis-client-0.4.0-fe2b15d-SNAPSHOT.jar:/home/user/.m2/repository/org/apache/ratis/ratis-netty/0.4.0-fe2b15d-SNAPSHOT/ratis-netty-0.4.0-fe2b15d-SNAPSHOT.jar:/home/user/.m2/repository/org/apache/ratis/ratis-grpc/0.4.0-fe2b15d-SNAPSHOT/ratis-grpc-0.4.0-fe2b15d-SNAPSHOT.jar:/home/user/.m2/repository/org/rocksdb/rocksdbjni/5.14.2/rocksdbjni-5.14.2.jar:/home/user/.m2/repository/org/apache/logging/log4j/log4j-api/2.11.0/log4j-api-2.11.0.jar:/home/user/.m2/repository/org/apache/logging/log4j/log4j-core/2.11.0/log4j-core-2.11.0.jar:/home/user/.m2/repository/com/lmax/disruptor/3.4.2/disruptor-3.4.2.jar:/home/user/.m2/repository/org/apache/commons/commons-pool2/2.6.0/commons-pool2-2.6.0.jar:/home/user/.m2/repository/org/bouncycastle/bcpkix-jdk15on/1.60/bcpkix-jdk15on-1.60.jar:/home/user/.m2/repository/commons-validator/commons-validator/1.6/commons-validator-1.6.jar:/home/user/.m2/repository/commons-digester/commons-digester/1.8.1/commons-digester-1.8.1.jar:/home/user/.m2/repository/io/jaegertracing/jaeger-client/0.33.1/jaeger-client-0.33.1.jar:/home/user/.m2/repository/io/jaegertracing/jaeger-thrift/0.33.1/jaeger-thrift-0.33.1.jar:/home/user/.m2/repository/org/apache/thrift/libthrift/0.11.0/libthrift-0.11.0.jar:/home/user/.m2/repository/com/squareup/okhttp3/okhttp/3.9.0/okhttp-3.9.0.jar:/home/user/.m2/repository/com/squareup/okio/okio/1.13.0/okio-1.13.0.jar:/home/user/.m2/repository/io/jaegertracing/jaeger-core/0.33.1/jaeger-core-0.33.1.jar:/home/user/.m2/repository/io/jaegertracing/jaeger-tracerresolver/0.33.1/jaeger-tracerresolver-0.33.1.jar:/home/user/.m2/repository/io/opentracing/contrib/opentracing-tracerresolver/0.1.5/opentracing-tracerresolver-0.1.5.jar:/home/user/.m2/repository/io/opentracing/opentracing-util/0.31.0/opentracing-util-0.31.0.jar:/home/user/.m2/repository/io/opentracing/opentracing-api/0.31.0/opentracing-api-0.31.0.jar:/home/user/.m2/repository/io/opentracing/opentracing-noop/0.31.0/opentracing-noop-0.31.0.jar:/home/user/.m2/repository/org/yaml/snakeyaml/1.16/snakeyaml-1.16.jar:/opt/src/hadoop-hdds/server-scm/target/classes:/home/user/.m2/repository/org/hamcrest/hamcrest-all/1.3/hamcrest-all-1.3.jar:/opt/src/hadoop-hdds/container-service/target/classes:/opt/src/hadoop-hdds/client/target/classes:/opt/src/hadoop-hdds/tools/target/classes:/home/user/.m2/repository/org/xerial/sqlite-jdbc/3.25.2/sqlite-jdbc-3.25.2.jar:/opt/src/hadoop-ozone/client/target/classes:/home/user/.m2/repository/org/apache/hadoop/hadoop-ozone-filesystem/0.5.0-SNAPSHOT/hadoop-ozone-filesystem-0.5.0-SNAPSHOT.jar:/opt/src/hadoop-hdds/framework/target/classes:/home/user/.m2/repository/info/picocli/picocli/3.9.6/picocli-3.9.6.jar:/home/user/.m2/repository/com/google/protobuf/protobuf-java/2.5.0/protobuf-java-2.5.0.jar:/home/user/.m2/repository/com/google/guava/guava/11.0.2/guava-11.0.2.jar:/home/user/.m2/repository/org/apache/hadoop/hadoop-common/3.2.0/hadoop-common-3.2.0.jar:/home/user/.m2/repository/org/apache/hadoop/hadoop-annotations/3.2.0/hadoop-annotations-3.2.0.jar:/usr/lib/jvm/java-1.8-openjdk/jre/../lib/tools.jar:/home/user/.m2/repository/commons-cli/commons-cli/1.2/commons-cli-1.2.jar:/home/user/.m2/repository/org/apache/commons/commons-math3/3.1.1/commons-math3-3.1.1.jar:/home/user/.m2/repository/org/apache/httpcomponents/httpclient/4.5.2/httpclient-4.5.2.jar:/home/user/.m2/repository/org/apache/httpcomponents/httpcore/4.4.4/httpcore-4.4.4.jar:/home/user/.m2/repository/commons-codec/commons-codec/1.11/commons-codec-1.11.jar:/home/user/.m2/repository/commons-io/commons-io/2.5/commons-io-2.5.jar:/home/user/.m2/repository/commons-net/commons-net/3.6/commons-net-3.6.jar:/home/user/.m2/repository/commons-collections/commons-collections/3.2.2/commons-collections-3.2.2.jar:/home/user/.m2/repository/javax/servlet/javax.servlet-api/3.1.0/javax.servlet-api-3.1.0.jar:/home/user/.m2/repository/org/eclipse/jetty/jetty-server/9.3.24.v20180605/jetty-server-9.3.24.v20180605.jar:/home/user/.m2/repository/org/eclipse/jetty/jetty-http/9.3.24.v20180605/jetty-http-9.3.24.v20180605.jar:/home/user/.m2/repository/org/eclipse/jetty/jetty-io/9.3.24.v20180605/jetty-io-9.3.24.v20180605.jar:/home/user/.m2/repository/org/eclipse/jetty/jetty-util/9.3.24.v20180605/jetty-util-9.3.24.v20180605.jar:/home/user/.m2/repository/org/eclipse/jetty/jetty-servlet/9.3.24.v20180605/jetty-servlet-9.3.24.v20180605.jar:/home/user/.m2/repository/org/eclipse/jetty/jetty-security/9.3.24.v20180605/jetty-security-9.3.24.v20180605.jar:/home/user/.m2/repository/org/eclipse/jetty/jetty-webapp/9.3.24.v20180605/jetty-webapp-9.3.24.v20180605.jar:/home/user/.m2/repository/org/eclipse/jetty/jetty-xml/9.3.24.v20180605/jetty-xml-9.3.24.v20180605.jar:/home/user/.m2/repository/javax/servlet/jsp/jsp-api/2.1/jsp-api-2.1.jar:/home/user/.m2/repository/com/sun/jersey/jersey-core/1.19/jersey-core-1.19.jar:/home/user/.m2/repository/javax/ws/rs/jsr311-api/1.1.1/jsr311-api-1.1.1.jar:/home/user/.m2/repository/com/sun/jersey/jersey-servlet/1.19/jersey-servlet-1.19.jar:/home/user/.m2/repository/com/sun/jersey/jersey-json/1.19/jersey-json-1.19.jar:/home/user/.m2/repository/org/codehaus/jettison/jettison/1.1/jettison-1.1.jar:/home/user/.m2/repository/com/sun/xml/bind/jaxb-impl/2.3.0.1/jaxb-impl-2.3.0.1.jar:/home/user/.m2/repository/org/codehaus/jackson/jackson-core-asl/1.9.13/jackson-core-asl-1.9.13.jar:/home/user/.m2/repository/org/codehaus/jackson/jackson-mapper-asl/1.9.13/jackson-mapper-asl-1.9.13.jar:/home/user/.m2/repository/org/codehaus/jackson/jackson-jaxrs/1.9.13/jackson-jaxrs-1.9.13.jar:/home/user/.m2/repository/org/codehaus/jackson/jackson-xc/1.9.13/jackson-xc-1.9.13.jar:/home/user/.m2/repository/com/sun/jersey/jersey-server/1.19/jersey-server-1.19.jar:/home/user/.m2/repository/commons-logging/commons-logging/1.1.3/commons-logging-1.1.3.jar:/home/user/.m2/repository/log4j/log4j/1.2.17/log4j-1.2.17.jar:/home/user/.m2/repository/commons-beanutils/commons-beanutils/1.9.3/commons-beanutils-1.9.3.jar:/home/user/.m2/repository/org/apache/commons/commons-configuration2/2.1.1/commons-configuration2-2.1.1.jar:/home/user/.m2/repository/org/apache/commons/commons-lang3/3.7/commons-lang3-3.7.jar:/home/user/.m2/repository/org/apache/commons/commons-text/1.4/commons-text-1.4.jar:/home/user/.m2/repository/org/slf4j/slf4j-api/1.7.25/slf4j-api-1.7.25.jar:/home/user/.m2/repository/org/slf4j/slf4j-log4j12/1.7.25/slf4j-log4j12-1.7.25.jar:/home/user/.m2/repository/org/apache/avro/avro/1.7.7/avro-1.7.7.jar:/home/user/.m2/repository/com/thoughtworks/paranamer/paranamer/2.3/paranamer-2.3.jar:/home/user/.m2/repository/org/xerial/snappy/snappy-java/1.0.5/snappy-java-1.0.5.jar:/home/user/.m2/repository/com/google/re2j/re2j/1.1/re2j-1.1.jar:/home/user/.m2/repository/com/google/code/gson/gson/2.2.4/gson-2.2.4.jar:/home/user/.m2/repository/org/apache/hadoop/hadoop-auth/3.2.0/hadoop-auth-3.2.0.jar:/home/user/.m2/repository/com/nimbusds/nimbus-jose-jwt/4.41.1/nimbus-jose-jwt-4.41.1.jar:/home/user/.m2/repository/com/github/stephenc/jcip/jcip-annotations/1.0-1/jcip-annotations-1.0-1.jar:/home/user/.m2/repository/net/minidev/json-smart/2.3/json-smart-2.3.jar:/home/user/.m2/repository/net/minidev/accessors-smart/1.2/accessors-smart-1.2.jar:/home/user/.m2/repository/org/apache/curator/curator-framework/2.12.0/curator-framework-2.12.0.jar:/home/user/.m2/repository/com/jcraft/jsch/0.1.54/jsch-0.1.54.jar:/home/user/.m2/repository/org/apache/curator/curator-client/2.12.0/curator-client-2.12.0.jar:/home/user/.m2/repository/org/apache/curator/curator-recipes/2.12.0/curator-recipes-2.12.0.jar:/home/user/.m2/repository/com/google/code/findbugs/jsr305/3.0.0/jsr305-3.0.0.jar:/home/user/.m2/repository/org/apache/htrace/htrace-core4/4.1.0-incubating/htrace-core4-4.1.0-incubating.jar:/home/user/.m2/repository/org/apache/zookeeper/zookeeper/3.4.13/zookeeper-3.4.13.jar:/home/user/.m2/repository/org/apache/yetus/audience-annotations/0.5.0/audience-annotations-0.5.0.jar:/home/user/.m2/repository/org/apache/kerby/kerb-simplekdc/1.0.1/kerb-simplekdc-1.0.1.jar:/home/user/.m2/repository/org/apache/kerby/kerb-client/1.0.1/kerb-client-1.0.1.jar:/home/user/.m2/repository/org/apache/kerby/kerby-config/1.0.1/kerby-config-1.0.1.jar:/home/user/.m2/repository/org/apache/kerby/kerb-core/1.0.1/kerb-core-1.0.1.jar:/home/user/.m2/repository/org/apache/kerby/kerby-pkix/1.0.1/kerby-pkix-1.0.1.jar:/home/user/.m2/repository/org/apache/kerby/kerby-asn1/1.0.1/kerby-asn1-1.0.1.jar:/home/user/.m2/repository/org/apache/kerby/kerby-util/1.0.1/kerby-util-1.0.1.jar:/home/user/.m2/repository/org/apache/kerby/kerb-common/1.0.1/kerb-common-1.0.1.jar:/home/user/.m2/repository/org/apache/kerby/kerb-crypto/1.0.1/kerb-crypto-1.0.1.jar:/home/user/.m2/repository/org/apache/kerby/kerb-util/1.0.1/kerb-util-1.0.1.jar:/home/user/.m2/repository/org/apache/kerby/token-provider/1.0.1/token-provider-1.0.1.jar:/home/user/.m2/repository/org/apache/kerby/kerb-admin/1.0.1/kerb-admin-1.0.1.jar:/home/user/.m2/repository/org/apache/kerby/kerb-server/1.0.1/kerb-server-1.0.1.jar:/home/user/.m2/repository/org/apache/kerby/kerb-identity/1.0.1/kerb-identity-1.0.1.jar:/home/user/.m2/repository/org/apache/kerby/kerby-xdr/1.0.1/kerby-xdr-1.0.1.jar:/home/user/.m2/repository/com/fasterxml/jackson/core/jackson-databind/2.9.5/jackson-databind-2.9.5.jar:/home/user/.m2/repository/com/fasterxml/jackson/core/jackson-core/2.9.5/jackson-core-2.9.5.jar:/home/user/.m2/repository/org/codehaus/woodstox/stax2-api/3.1.4/stax2-api-3.1.4.jar:/home/user/.m2/repository/com/fasterxml/woodstox/woodstox-core/5.0.3/woodstox-core-5.0.3.jar:/home/user/.m2/repository/dnsjava/dnsjava/2.1.7/dnsjava-2.1.7.jar:/home/user/.m2/repository/org/apache/hadoop/hadoop-hdfs/3.2.0/hadoop-hdfs-3.2.0.jar:/home/user/.m2/repository/org/eclipse/jetty/jetty-util-ajax/9.3.24.v20180605/jetty-util-ajax-9.3.24.v20180605.jar:/home/user/.m2/repository/commons-daemon/commons-daemon/1.0.13/commons-daemon-1.0.13.jar:/home/user/.m2/repository/io/netty/netty/3.10.5.Final/netty-3.10.5.Final.jar:/home/user/.m2/repository/io/netty/netty-all/4.0.52.Final/netty-all-4.0.52.Final.jar:/home/user/.m2/repository/org/fusesource/leveldbjni/leveldbjni-all/1.8/leveldbjni-all-1.8.jar:/home/user/.m2/repository/com/sun/xml/bind/jaxb-core/2.3.0.1/jaxb-core-2.3.0.1.jar:/home/user/.m2/repository/javax/xml/bind/jaxb-api/2.3.0/jaxb-api-2.3.0.jar:/home/user/.m2/repository/javax/activation/activation/1.1.1/activation-1.1.1.jar:/home/user/.m2/repository/io/dropwizard/metrics/metrics-core/3.2.4/metrics-core-3.2.4.jar:/home/user/.m2/repository/org/openjdk/jmh/jmh-core/1.19/jmh-core-1.19.jar:/home/user/.m2/repository/net/sf/jopt-simple/jopt-simple/4.6/jopt-simple-4.6.jar:/home/user/.m2/repository/org/openjdk/jmh/jmh-generator-annprocess/1.19/jmh-generator-annprocess-1.19.jar:/home/user/.m2/repository/com/google/code/findbugs/findbugs/3.0.1/findbugs-3.0.1.jar:/home/user/.m2/repository/net/jcip/jcip-annotations/1.0/jcip-annotations-1.0.jar:/home/user/.m2/repository/com/google/code/findbugs/bcel-findbugs/6.0/bcel-findbugs-6.0.jar:/home/user/.m2/repository/com/google/code/findbugs/jFormatString/2.0.1/jFormatString-2.0.1.jar:/home/user/.m2/repository/dom4j/dom4j/1.6.1/dom4j-1.6.1.jar:/home/user/.m2/repository/xml-apis/xml-apis/1.0.b2/xml-apis-1.0.b2.jar:/home/user/.m2/repository/org/ow2/asm/asm-debug-all/5.0.2/asm-debug-all-5.0.2.jar:/home/user/.m2/repository/org/ow2/asm/asm-commons/5.0.2/asm-commons-5.0.2.jar:/home/user/.m2/repository/org/ow2/asm/asm-tree/5.0.2/asm-tree-5.0.2.jar:/home/user/.m2/repository/org/ow2/asm/asm/5.0.4/asm-5.0.4.jar:/home/user/.m2/repository/commons-lang/commons-lang/2.6/commons-lang-2.6.jar:/home/user/.m2/repository/com/apple/AppleJavaExtensions/1.4/AppleJavaExtensions-1.4.jar:/home/user/.m2/repository/jaxen/jaxen/1.1.6/jaxen-1.1.6.jar:/home/user/.m2/repository/junit/junit/4.11/junit-4.11.jar:/home/user/.m2/repository/org/hamcrest/hamcrest-core/1.3/hamcrest-core-1.3.jar:/home/user/.m2/repository/org/apache/hadoop/hadoop-common/3.2.0/hadoop-common-3.2.0-tests.jar:/home/user/.m2/repository/org/apache/hadoop/hadoop-ozone-integration-test/0.5.0-SNAPSHOT/hadoop-ozone-integration-test-0.5.0-SNAPSHOT-tests.jar:/opt/src/hadoop-ozone/objectstore-service/target/classes:/opt/src/hadoop-ozone/s3gateway/target/classes:/home/user/.m2/repository/org/jboss/weld/servlet/weld-servlet/2.4.7.Final/weld-servlet-2.4.7.Final.jar:/home/user/.m2/repository/org/glassfish/jersey/containers/jersey-container-servlet-core/2.27/jersey-container-servlet-core-2.27.jar:/home/user/.m2/repository/org/glassfish/hk2/external/javax.inject/2.5.0-b42/javax.inject-2.5.0-b42.jar:/home/user/.m2/repository/org/glassfish/jersey/core/jersey-common/2.27/jersey-common-2.27.jar:/home/user/.m2/repository/org/glassfish/hk2/osgi-resource-locator/1.0.1/osgi-resource-locator-1.0.1.jar:/home/user/.m2/repository/javax/ws/rs/javax.ws.rs-api/2.1/javax.ws.rs-api-2.1.jar:/home/user/.m2/repository/org/glassfish/jersey/ext/cdi/jersey-cdi1x/2.27/jersey-cdi1x-2.27.jar:/home/user/.m2/repository/org/glassfish/jersey/inject/jersey-hk2/2.27/jersey-hk2-2.27.jar:/home/user/.m2/repository/org/glassfish/hk2/hk2-locator/2.5.0-b42/hk2-locator-2.5.0-b42.jar:/home/user/.m2/repository/org/javassist/javassist/3.22.0-CR2/javassist-3.22.0-CR2.jar:/home/user/.m2/repository/org/glassfish/hk2/hk2-api/2.5.0/hk2-api-2.5.0.jar:/home/user/.m2/repository/org/glassfish/hk2/external/jakarta.inject/2.5.0/jakarta.inject-2.5.0.jar:/home/user/.m2/repository/org/glassfish/hk2/hk2-utils/2.5.0/hk2-utils-2.5.0.jar:/home/user/.m2/repository/jakarta/annotation/jakarta.annotation-api/1.3.4/jakarta.annotation-api-1.3.4.jar:/home/user/.m2/repository/org/glassfish/hk2/external/aopalliance-repackaged/2.5.0/aopalliance-repackaged-2.5.0.jar:/home/user/.m2/repository/com/fasterxml/jackson/dataformat/jackson-dataformat-xml/2.9.0/jackson-dataformat-xml-2.9.0.jar:/home/user/.m2/repository/com/fasterxml/jackson/module/jackson-module-jaxb-annotations/2.9.5/jackson-module-jaxb-annotations-2.9.5.jar:/home/user/.m2/repository/javax/enterprise/cdi-api/1.2/cdi-api-1.2.jar:/home/user/.m2/repository/javax/el/javax.el-api/3.0.0/javax.el-api-3.0.0.jar:/home/user/.m2/repository/javax/interceptor/javax.interceptor-api/1.2/javax.interceptor-api-1.2.jar:/home/user/.m2/repository/javax/inject/javax.inject/1/javax.inject-1.jar:/opt/src/hadoop-ozone/csi/target/classes:/home/user/.m2/repository/com/google/protobuf/protobuf-java-util/3.5.1/protobuf-java-util-3.5.1.jar:/home/user/.m2/repository/io/grpc/grpc-netty/1.17.1/grpc-netty-1.17.1.jar:/home/user/.m2/repository/io/grpc/grpc-core/1.17.1/grpc-core-1.17.1.jar:/home/user/.m2/repository/io/grpc/grpc-context/1.17.1/grpc-context-1.17.1.jar:/home/user/.m2/repository/com/google/errorprone/error_prone_annotations/2.2.0/error_prone_annotations-2.2.0.jar:/home/user/.m2/repository/org/codehaus/mojo/animal-sniffer-annotations/1.17/animal-sniffer-annotations-1.17.jar:/home/user/.m2/repository/io/opencensus/opencensus-api/0.17.0/opencensus-api-0.17.0.jar:/home/user/.m2/repository/io/opencensus/opencensus-contrib-grpc-metrics/0.17.0/opencensus-contrib-grpc-metrics-0.17.0.jar:/home/user/.m2/repository/io/netty/netty-codec-http2/4.1.30.Final/netty-codec-http2-4.1.30.Final.jar:/home/user/.m2/repository/io/netty/netty-codec-http/4.1.30.Final/netty-codec-http-4.1.30.Final.jar:/home/user/.m2/repository/io/netty/netty-codec/4.1.30.Final/netty-codec-4.1.30.Final.jar:/home/user/.m2/repository/io/netty/netty-handler/4.1.30.Final/netty-handler-4.1.30.Final.jar:/home/user/.m2/repository/io/netty/netty-handler-proxy/4.1.30.Final/netty-handler-proxy-4.1.30.Final.jar:/home/user/.m2/repository/io/netty/netty-codec-socks/4.1.30.Final/netty-codec-socks-4.1.30.Final.jar:/home/user/.m2/repository/io/netty/netty-transport-native-epoll/4.1.30.Final/netty-transport-native-epoll-4.1.30.Final.jar:/home/user/.m2/repository/io/netty/netty-common/4.1.30.Final/netty-common-4.1.30.Final.jar:/home/user/.m2/repository/io/netty/netty-buffer/4.1.30.Final/netty-buffer-4.1.30.Final.jar:/home/user/.m2/repository/io/netty/netty-transport/4.1.30.Final/netty-transport-4.1.30.Final.jar:/home/user/.m2/repository/io/netty/netty-resolver/4.1.30.Final/netty-resolver-4.1.30.Final.jar:/home/user/.m2/repository/io/netty/netty-transport-native-unix-common/4.1.30.Final/netty-transport-native-unix-common-4.1.30.Final.jar:/home/user/.m2/repository/io/grpc/grpc-protobuf/1.17.1/grpc-protobuf-1.17.1.jar:/home/user/.m2/repository/com/google/api/grpc/proto-google-common-protos/1.0.0/proto-google-common-protos-1.0.0.jar:/home/user/.m2/repository/io/grpc/grpc-protobuf-lite/1.17.1/grpc-protobuf-lite-1.17.1.jar:/home/user/.m2/repository/io/grpc/grpc-stub/1.17.1/grpc-stub-1.17.1.jar:/opt/src/hadoop-ozone/ozone-recon/target/classes:/opt/src/hadoop-ozone/ozone-recon-codegen/target/classes:/home/user/.m2/repository/com/google/inject/extensions/guice-multibindings/4.0/guice-multibindings-4.0.jar:/home/user/.m2/repository/com/google/inject/guice/4.0/guice-4.0.jar:/home/user/.m2/repository/aopalliance/aopalliance/1.0/aopalliance-1.0.jar:/home/user/.m2/repository/com/google/inject/extensions/guice-servlet/4.0/guice-servlet-4.0.jar:/home/user/.m2/repository/org/glassfish/jersey/containers/jersey-container-servlet/2.27/jersey-container-servlet-2.27.jar:/home/user/.m2/repository/org/glassfish/hk2/guice-bridge/2.5.0/guice-bridge-2.5.0.jar:/home/user/.m2/repository/org/glassfish/jersey/core/jersey-server/2.27/jersey-server-2.27.jar:/home/user/.m2/repository/org/glassfish/jersey/core/jersey-client/2.27/jersey-client-2.27.jar:/home/user/.m2/repository/org/glassfish/jersey/media/jersey-media-jaxb/2.27/jersey-media-jaxb-2.27.jar:/home/user/.m2/repository/javax/validation/validation-api/1.1.0.Final/validation-api-1.1.0.Final.jar:/home/user/.m2/repository/org/glassfish/jersey/media/jersey-media-json-jackson/2.27/jersey-media-json-jackson-2.27.jar:/home/user/.m2/repository/org/glassfish/jersey/ext/jersey-entity-filtering/2.27/jersey-entity-filtering-2.27.jar:/home/user/.m2/repository/com/google/inject/extensions/guice-assistedinject/4.0/guice-assistedinject-4.0.jar:/home/user/.m2/repository/org/jooq/jooq/3.11.10/jooq-3.11.10.jar:/home/user/.m2/repository/org/jooq/jooq-meta/3.11.10/jooq-meta-3.11.10.jar:/home/user/.m2/repository/org/jooq/jooq-codegen/3.11.10/jooq-codegen-3.11.10.jar:/home/user/.m2/repository/com/jolbox/bonecp/0.8.0.RELEASE/bonecp-0.8.0.RELEASE.jar:/home/user/.m2/repository/org/springframework/spring-jdbc/5.1.3.RELEASE/spring-jdbc-5.1.3.RELEASE.jar:/home/user/.m2/repository/org/springframework/spring-beans/5.1.3.RELEASE/spring-beans-5.1.3.RELEASE.jar:/home/user/.m2/repository/org/springframework/spring-core/5.1.3.RELEASE/spring-core-5.1.3.RELEASE.jar:/home/user/.m2/repository/org/springframework/spring-jcl/5.1.3.RELEASE/spring-jcl-5.1.3.RELEASE.jar:/home/user/.m2/repository/org/springframework/spring-tx/5.1.3.RELEASE/spring-tx-5.1.3.RELEASE.jar:/home/user/.m2/repository/org/mockito/mockito-core/2.15.0/mockito-core-2.15.0.jar:/home/user/.m2/repository/net/bytebuddy/byte-buddy/1.7.9/byte-buddy-1.7.9.jar:/home/user/.m2/repository/net/bytebuddy/byte-buddy-agent/1.7.9/byte-buddy-agent-1.7.9.jar:/home/user/.m2/repository/org/objenesis/objenesis/1.0/objenesis-1.0.jar:"/>
    <property name="java.vm.vendor" value="IcedTea"/>
    <property name="sun.arch.data.model" value="64"/>
    <property name="test.build.dir" value="/opt/src/hadoop-ozone/tools/target/test-dir"/>
    <property name="test.cache.data" value=""/>
    <property name="java.vendor.url" value="https://icedtea.classpath.org"/>
    <property name="user.timezone" value=""/>
    <property name="java.vm.specification.version" value="1.8"/>
    <property name="os.name" value="Linux"/>
    <property name="test.build.data" value="/opt/src/hadoop-ozone/tools/target/test-dir"/>
    <property name="user.country" value="US"/>
    <property name="sun.java.launcher" value="SUN_STANDARD"/>
    <property name="sun.boot.library.path" value="/usr/lib/jvm/java-1.8-openjdk/jre/lib/amd64"/>
    <property name="sun.java.command" value="/opt/src/hadoop-ozone/tools/target/surefire/surefirebooter6876311951582889589.jar /opt/src/hadoop-ozone/tools/target/surefire 2019-06-18T00-50-21_066-jvmRun1 surefire1824868813889346522tmp surefire_908003552521214569230tmp"/>
    <property name="surefire.test.class.path" value="/opt/src/hadoop-ozone/tools/target/test-classes:/opt/src/hadoop-ozone/tools/target/classes:/opt/src/hadoop-ozone/ozone-manager/target/classes:/opt/src/hadoop-hdds/docs/target/classes:/home/user/.m2/repository/org/bouncycastle/bcprov-jdk15on/1.60/bcprov-jdk15on-1.60.jar:/opt/src/hadoop-ozone/common/target/classes:/home/user/.m2/repository/org/apache/commons/commons-compress/1.4.1/commons-compress-1.4.1.jar:/home/user/.m2/repository/org/tukaani/xz/1.0/xz-1.0.jar:/home/user/.m2/repository/org/apache/hadoop/hadoop-hdfs-client/3.2.0/hadoop-hdfs-client-3.2.0.jar:/home/user/.m2/repository/com/fasterxml/jackson/core/jackson-annotations/2.9.5/jackson-annotations-2.9.5.jar:/opt/src/hadoop-hdds/common/target/classes:/opt/src/hadoop-hdds/config/target/classes:/home/user/.m2/repository/javax/annotation/javax.annotation-api/1.2/javax.annotation-api-1.2.jar:/home/user/.m2/repository/org/apache/ratis/ratis-server/0.4.0-fe2b15d-SNAPSHOT/ratis-server-0.4.0-fe2b15d-SNAPSHOT.jar:/home/user/.m2/repository/org/apache/ratis/ratis-thirdparty-misc/0.2.0/ratis-thirdparty-misc-0.2.0.jar:/home/user/.m2/repository/org/apache/ratis/ratis-proto/0.4.0-fe2b15d-SNAPSHOT/ratis-proto-0.4.0-fe2b15d-SNAPSHOT.jar:/home/user/.m2/repository/org/apache/ratis/ratis-common/0.4.0-fe2b15d-SNAPSHOT/ratis-common-0.4.0-fe2b15d-SNAPSHOT.jar:/home/user/.m2/repository/org/apache/ratis/ratis-client/0.4.0-fe2b15d-SNAPSHOT/ratis-client-0.4.0-fe2b15d-SNAPSHOT.jar:/home/user/.m2/repository/org/apache/ratis/ratis-netty/0.4.0-fe2b15d-SNAPSHOT/ratis-netty-0.4.0-fe2b15d-SNAPSHOT.jar:/home/user/.m2/repository/org/apache/ratis/ratis-grpc/0.4.0-fe2b15d-SNAPSHOT/ratis-grpc-0.4.0-fe2b15d-SNAPSHOT.jar:/home/user/.m2/repository/org/rocksdb/rocksdbjni/5.14.2/rocksdbjni-5.14.2.jar:/home/user/.m2/repository/org/apache/logging/log4j/log4j-api/2.11.0/log4j-api-2.11.0.jar:/home/user/.m2/repository/org/apache/logging/log4j/log4j-core/2.11.0/log4j-core-2.11.0.jar:/home/user/.m2/repository/com/lmax/disruptor/3.4.2/disruptor-3.4.2.jar:/home/user/.m2/repository/org/apache/commons/commons-pool2/2.6.0/commons-pool2-2.6.0.jar:/home/user/.m2/repository/org/bouncycastle/bcpkix-jdk15on/1.60/bcpkix-jdk15on-1.60.jar:/home/user/.m2/repository/commons-validator/commons-validator/1.6/commons-validator-1.6.jar:/home/user/.m2/repository/commons-digester/commons-digester/1.8.1/commons-digester-1.8.1.jar:/home/user/.m2/repository/io/jaegertracing/jaeger-client/0.33.1/jaeger-client-0.33.1.jar:/home/user/.m2/repository/io/jaegertracing/jaeger-thrift/0.33.1/jaeger-thrift-0.33.1.jar:/home/user/.m2/repository/org/apache/thrift/libthrift/0.11.0/libthrift-0.11.0.jar:/home/user/.m2/repository/com/squareup/okhttp3/okhttp/3.9.0/okhttp-3.9.0.jar:/home/user/.m2/repository/com/squareup/okio/okio/1.13.0/okio-1.13.0.jar:/home/user/.m2/repository/io/jaegertracing/jaeger-core/0.33.1/jaeger-core-0.33.1.jar:/home/user/.m2/repository/io/jaegertracing/jaeger-tracerresolver/0.33.1/jaeger-tracerresolver-0.33.1.jar:/home/user/.m2/repository/io/opentracing/contrib/opentracing-tracerresolver/0.1.5/opentracing-tracerresolver-0.1.5.jar:/home/user/.m2/repository/io/opentracing/opentracing-util/0.31.0/opentracing-util-0.31.0.jar:/home/user/.m2/repository/io/opentracing/opentracing-api/0.31.0/opentracing-api-0.31.0.jar:/home/user/.m2/repository/io/opentracing/opentracing-noop/0.31.0/opentracing-noop-0.31.0.jar:/home/user/.m2/repository/org/yaml/snakeyaml/1.16/snakeyaml-1.16.jar:/opt/src/hadoop-hdds/server-scm/target/classes:/home/user/.m2/repository/org/hamcrest/hamcrest-all/1.3/hamcrest-all-1.3.jar:/opt/src/hadoop-hdds/container-service/target/classes:/opt/src/hadoop-hdds/client/target/classes:/opt/src/hadoop-hdds/tools/target/classes:/home/user/.m2/repository/org/xerial/sqlite-jdbc/3.25.2/sqlite-jdbc-3.25.2.jar:/opt/src/hadoop-ozone/client/target/classes:/home/user/.m2/repository/org/apache/hadoop/hadoop-ozone-filesystem/0.5.0-SNAPSHOT/hadoop-ozone-filesystem-0.5.0-SNAPSHOT.jar:/opt/src/hadoop-hdds/framework/target/classes:/home/user/.m2/repository/info/picocli/picocli/3.9.6/picocli-3.9.6.jar:/home/user/.m2/repository/com/google/protobuf/protobuf-java/2.5.0/protobuf-java-2.5.0.jar:/home/user/.m2/repository/com/google/guava/guava/11.0.2/guava-11.0.2.jar:/home/user/.m2/repository/org/apache/hadoop/hadoop-common/3.2.0/hadoop-common-3.2.0.jar:/home/user/.m2/repository/org/apache/hadoop/hadoop-annotations/3.2.0/hadoop-annotations-3.2.0.jar:/usr/lib/jvm/java-1.8-openjdk/jre/../lib/tools.jar:/home/user/.m2/repository/commons-cli/commons-cli/1.2/commons-cli-1.2.jar:/home/user/.m2/repository/org/apache/commons/commons-math3/3.1.1/commons-math3-3.1.1.jar:/home/user/.m2/repository/org/apache/httpcomponents/httpclient/4.5.2/httpclient-4.5.2.jar:/home/user/.m2/repository/org/apache/httpcomponents/httpcore/4.4.4/httpcore-4.4.4.jar:/home/user/.m2/repository/commons-codec/commons-codec/1.11/commons-codec-1.11.jar:/home/user/.m2/repository/commons-io/commons-io/2.5/commons-io-2.5.jar:/home/user/.m2/repository/commons-net/commons-net/3.6/commons-net-3.6.jar:/home/user/.m2/repository/commons-collections/commons-collections/3.2.2/commons-collections-3.2.2.jar:/home/user/.m2/repository/javax/servlet/javax.servlet-api/3.1.0/javax.servlet-api-3.1.0.jar:/home/user/.m2/repository/org/eclipse/jetty/jetty-server/9.3.24.v20180605/jetty-server-9.3.24.v20180605.jar:/home/user/.m2/repository/org/eclipse/jetty/jetty-http/9.3.24.v20180605/jetty-http-9.3.24.v20180605.jar:/home/user/.m2/repository/org/eclipse/jetty/jetty-io/9.3.24.v20180605/jetty-io-9.3.24.v20180605.jar:/home/user/.m2/repository/org/eclipse/jetty/jetty-util/9.3.24.v20180605/jetty-util-9.3.24.v20180605.jar:/home/user/.m2/repository/org/eclipse/jetty/jetty-servlet/9.3.24.v20180605/jetty-servlet-9.3.24.v20180605.jar:/home/user/.m2/repository/org/eclipse/jetty/jetty-security/9.3.24.v20180605/jetty-security-9.3.24.v20180605.jar:/home/user/.m2/repository/org/eclipse/jetty/jetty-webapp/9.3.24.v20180605/jetty-webapp-9.3.24.v20180605.jar:/home/user/.m2/repository/org/eclipse/jetty/jetty-xml/9.3.24.v20180605/jetty-xml-9.3.24.v20180605.jar:/home/user/.m2/repository/javax/servlet/jsp/jsp-api/2.1/jsp-api-2.1.jar:/home/user/.m2/repository/com/sun/jersey/jersey-core/1.19/jersey-core-1.19.jar:/home/user/.m2/repository/javax/ws/rs/jsr311-api/1.1.1/jsr311-api-1.1.1.jar:/home/user/.m2/repository/com/sun/jersey/jersey-servlet/1.19/jersey-servlet-1.19.jar:/home/user/.m2/repository/com/sun/jersey/jersey-json/1.19/jersey-json-1.19.jar:/home/user/.m2/repository/org/codehaus/jettison/jettison/1.1/jettison-1.1.jar:/home/user/.m2/repository/com/sun/xml/bind/jaxb-impl/2.3.0.1/jaxb-impl-2.3.0.1.jar:/home/user/.m2/repository/org/codehaus/jackson/jackson-core-asl/1.9.13/jackson-core-asl-1.9.13.jar:/home/user/.m2/repository/org/codehaus/jackson/jackson-mapper-asl/1.9.13/jackson-mapper-asl-1.9.13.jar:/home/user/.m2/repository/org/codehaus/jackson/jackson-jaxrs/1.9.13/jackson-jaxrs-1.9.13.jar:/home/user/.m2/repository/org/codehaus/jackson/jackson-xc/1.9.13/jackson-xc-1.9.13.jar:/home/user/.m2/repository/com/sun/jersey/jersey-server/1.19/jersey-server-1.19.jar:/home/user/.m2/repository/commons-logging/commons-logging/1.1.3/commons-logging-1.1.3.jar:/home/user/.m2/repository/log4j/log4j/1.2.17/log4j-1.2.17.jar:/home/user/.m2/repository/commons-beanutils/commons-beanutils/1.9.3/commons-beanutils-1.9.3.jar:/home/user/.m2/repository/org/apache/commons/commons-configuration2/2.1.1/commons-configuration2-2.1.1.jar:/home/user/.m2/repository/org/apache/commons/commons-lang3/3.7/commons-lang3-3.7.jar:/home/user/.m2/repository/org/apache/commons/commons-text/1.4/commons-text-1.4.jar:/home/user/.m2/repository/org/slf4j/slf4j-api/1.7.25/slf4j-api-1.7.25.jar:/home/user/.m2/repository/org/slf4j/slf4j-log4j12/1.7.25/slf4j-log4j12-1.7.25.jar:/home/user/.m2/repository/org/apache/avro/avro/1.7.7/avro-1.7.7.jar:/home/user/.m2/repository/com/thoughtworks/paranamer/paranamer/2.3/paranamer-2.3.jar:/home/user/.m2/repository/org/xerial/snappy/snappy-java/1.0.5/snappy-java-1.0.5.jar:/home/user/.m2/repository/com/google/re2j/re2j/1.1/re2j-1.1.jar:/home/user/.m2/repository/com/google/code/gson/gson/2.2.4/gson-2.2.4.jar:/home/user/.m2/repository/org/apache/hadoop/hadoop-auth/3.2.0/hadoop-auth-3.2.0.jar:/home/user/.m2/repository/com/nimbusds/nimbus-jose-jwt/4.41.1/nimbus-jose-jwt-4.41.1.jar:/home/user/.m2/repository/com/github/stephenc/jcip/jcip-annotations/1.0-1/jcip-annotations-1.0-1.jar:/home/user/.m2/repository/net/minidev/json-smart/2.3/json-smart-2.3.jar:/home/user/.m2/repository/net/minidev/accessors-smart/1.2/accessors-smart-1.2.jar:/home/user/.m2/repository/org/apache/curator/curator-framework/2.12.0/curator-framework-2.12.0.jar:/home/user/.m2/repository/com/jcraft/jsch/0.1.54/jsch-0.1.54.jar:/home/user/.m2/repository/org/apache/curator/curator-client/2.12.0/curator-client-2.12.0.jar:/home/user/.m2/repository/org/apache/curator/curator-recipes/2.12.0/curator-recipes-2.12.0.jar:/home/user/.m2/repository/com/google/code/findbugs/jsr305/3.0.0/jsr305-3.0.0.jar:/home/user/.m2/repository/org/apache/htrace/htrace-core4/4.1.0-incubating/htrace-core4-4.1.0-incubating.jar:/home/user/.m2/repository/org/apache/zookeeper/zookeeper/3.4.13/zookeeper-3.4.13.jar:/home/user/.m2/repository/org/apache/yetus/audience-annotations/0.5.0/audience-annotations-0.5.0.jar:/home/user/.m2/repository/org/apache/kerby/kerb-simplekdc/1.0.1/kerb-simplekdc-1.0.1.jar:/home/user/.m2/repository/org/apache/kerby/kerb-client/1.0.1/kerb-client-1.0.1.jar:/home/user/.m2/repository/org/apache/kerby/kerby-config/1.0.1/kerby-config-1.0.1.jar:/home/user/.m2/repository/org/apache/kerby/kerb-core/1.0.1/kerb-core-1.0.1.jar:/home/user/.m2/repository/org/apache/kerby/kerby-pkix/1.0.1/kerby-pkix-1.0.1.jar:/home/user/.m2/repository/org/apache/kerby/kerby-asn1/1.0.1/kerby-asn1-1.0.1.jar:/home/user/.m2/repository/org/apache/kerby/kerby-util/1.0.1/kerby-util-1.0.1.jar:/home/user/.m2/repository/org/apache/kerby/kerb-common/1.0.1/kerb-common-1.0.1.jar:/home/user/.m2/repository/org/apache/kerby/kerb-crypto/1.0.1/kerb-crypto-1.0.1.jar:/home/user/.m2/repository/org/apache/kerby/kerb-util/1.0.1/kerb-util-1.0.1.jar:/home/user/.m2/repository/org/apache/kerby/token-provider/1.0.1/token-provider-1.0.1.jar:/home/user/.m2/repository/org/apache/kerby/kerb-admin/1.0.1/kerb-admin-1.0.1.jar:/home/user/.m2/repository/org/apache/kerby/kerb-server/1.0.1/kerb-server-1.0.1.jar:/home/user/.m2/repository/org/apache/kerby/kerb-identity/1.0.1/kerb-identity-1.0.1.jar:/home/user/.m2/repository/org/apache/kerby/kerby-xdr/1.0.1/kerby-xdr-1.0.1.jar:/home/user/.m2/repository/com/fasterxml/jackson/core/jackson-databind/2.9.5/jackson-databind-2.9.5.jar:/home/user/.m2/repository/com/fasterxml/jackson/core/jackson-core/2.9.5/jackson-core-2.9.5.jar:/home/user/.m2/repository/org/codehaus/woodstox/stax2-api/3.1.4/stax2-api-3.1.4.jar:/home/user/.m2/repository/com/fasterxml/woodstox/woodstox-core/5.0.3/woodstox-core-5.0.3.jar:/home/user/.m2/repository/dnsjava/dnsjava/2.1.7/dnsjava-2.1.7.jar:/home/user/.m2/repository/org/apache/hadoop/hadoop-hdfs/3.2.0/hadoop-hdfs-3.2.0.jar:/home/user/.m2/repository/org/eclipse/jetty/jetty-util-ajax/9.3.24.v20180605/jetty-util-ajax-9.3.24.v20180605.jar:/home/user/.m2/repository/commons-daemon/commons-daemon/1.0.13/commons-daemon-1.0.13.jar:/home/user/.m2/repository/io/netty/netty/3.10.5.Final/netty-3.10.5.Final.jar:/home/user/.m2/repository/io/netty/netty-all/4.0.52.Final/netty-all-4.0.52.Final.jar:/home/user/.m2/repository/org/fusesource/leveldbjni/leveldbjni-all/1.8/leveldbjni-all-1.8.jar:/home/user/.m2/repository/com/sun/xml/bind/jaxb-core/2.3.0.1/jaxb-core-2.3.0.1.jar:/home/user/.m2/repository/javax/xml/bind/jaxb-api/2.3.0/jaxb-api-2.3.0.jar:/home/user/.m2/repository/javax/activation/activation/1.1.1/activation-1.1.1.jar:/home/user/.m2/repository/io/dropwizard/metrics/metrics-core/3.2.4/metrics-core-3.2.4.jar:/home/user/.m2/repository/org/openjdk/jmh/jmh-core/1.19/jmh-core-1.19.jar:/home/user/.m2/repository/net/sf/jopt-simple/jopt-simple/4.6/jopt-simple-4.6.jar:/home/user/.m2/repository/org/openjdk/jmh/jmh-generator-annprocess/1.19/jmh-generator-annprocess-1.19.jar:/home/user/.m2/repository/com/google/code/findbugs/findbugs/3.0.1/findbugs-3.0.1.jar:/home/user/.m2/repository/net/jcip/jcip-annotations/1.0/jcip-annotations-1.0.jar:/home/user/.m2/repository/com/google/code/findbugs/bcel-findbugs/6.0/bcel-findbugs-6.0.jar:/home/user/.m2/repository/com/google/code/findbugs/jFormatString/2.0.1/jFormatString-2.0.1.jar:/home/user/.m2/repository/dom4j/dom4j/1.6.1/dom4j-1.6.1.jar:/home/user/.m2/repository/xml-apis/xml-apis/1.0.b2/xml-apis-1.0.b2.jar:/home/user/.m2/repository/org/ow2/asm/asm-debug-all/5.0.2/asm-debug-all-5.0.2.jar:/home/user/.m2/repository/org/ow2/asm/asm-commons/5.0.2/asm-commons-5.0.2.jar:/home/user/.m2/repository/org/ow2/asm/asm-tree/5.0.2/asm-tree-5.0.2.jar:/home/user/.m2/repository/org/ow2/asm/asm/5.0.4/asm-5.0.4.jar:/home/user/.m2/repository/commons-lang/commons-lang/2.6/commons-lang-2.6.jar:/home/user/.m2/repository/com/apple/AppleJavaExtensions/1.4/AppleJavaExtensions-1.4.jar:/home/user/.m2/repository/jaxen/jaxen/1.1.6/jaxen-1.1.6.jar:/home/user/.m2/repository/junit/junit/4.11/junit-4.11.jar:/home/user/.m2/repository/org/hamcrest/hamcrest-core/1.3/hamcrest-core-1.3.jar:/home/user/.m2/repository/org/apache/hadoop/hadoop-common/3.2.0/hadoop-common-3.2.0-tests.jar:/home/user/.m2/repository/org/apache/hadoop/hadoop-ozone-integration-test/0.5.0-SNAPSHOT/hadoop-ozone-integration-test-0.5.0-SNAPSHOT-tests.jar:/opt/src/hadoop-ozone/objectstore-service/target/classes:/opt/src/hadoop-ozone/s3gateway/target/classes:/home/user/.m2/repository/org/jboss/weld/servlet/weld-servlet/2.4.7.Final/weld-servlet-2.4.7.Final.jar:/home/user/.m2/repository/org/glassfish/jersey/containers/jersey-container-servlet-core/2.27/jersey-container-servlet-core-2.27.jar:/home/user/.m2/repository/org/glassfish/hk2/external/javax.inject/2.5.0-b42/javax.inject-2.5.0-b42.jar:/home/user/.m2/repository/org/glassfish/jersey/core/jersey-common/2.27/jersey-common-2.27.jar:/home/user/.m2/repository/org/glassfish/hk2/osgi-resource-locator/1.0.1/osgi-resource-locator-1.0.1.jar:/home/user/.m2/repository/javax/ws/rs/javax.ws.rs-api/2.1/javax.ws.rs-api-2.1.jar:/home/user/.m2/repository/org/glassfish/jersey/ext/cdi/jersey-cdi1x/2.27/jersey-cdi1x-2.27.jar:/home/user/.m2/repository/org/glassfish/jersey/inject/jersey-hk2/2.27/jersey-hk2-2.27.jar:/home/user/.m2/repository/org/glassfish/hk2/hk2-locator/2.5.0-b42/hk2-locator-2.5.0-b42.jar:/home/user/.m2/repository/org/javassist/javassist/3.22.0-CR2/javassist-3.22.0-CR2.jar:/home/user/.m2/repository/org/glassfish/hk2/hk2-api/2.5.0/hk2-api-2.5.0.jar:/home/user/.m2/repository/org/glassfish/hk2/external/jakarta.inject/2.5.0/jakarta.inject-2.5.0.jar:/home/user/.m2/repository/org/glassfish/hk2/hk2-utils/2.5.0/hk2-utils-2.5.0.jar:/home/user/.m2/repository/jakarta/annotation/jakarta.annotation-api/1.3.4/jakarta.annotation-api-1.3.4.jar:/home/user/.m2/repository/org/glassfish/hk2/external/aopalliance-repackaged/2.5.0/aopalliance-repackaged-2.5.0.jar:/home/user/.m2/repository/com/fasterxml/jackson/dataformat/jackson-dataformat-xml/2.9.0/jackson-dataformat-xml-2.9.0.jar:/home/user/.m2/repository/com/fasterxml/jackson/module/jackson-module-jaxb-annotations/2.9.5/jackson-module-jaxb-annotations-2.9.5.jar:/home/user/.m2/repository/javax/enterprise/cdi-api/1.2/cdi-api-1.2.jar:/home/user/.m2/repository/javax/el/javax.el-api/3.0.0/javax.el-api-3.0.0.jar:/home/user/.m2/repository/javax/interceptor/javax.interceptor-api/1.2/javax.interceptor-api-1.2.jar:/home/user/.m2/repository/javax/inject/javax.inject/1/javax.inject-1.jar:/opt/src/hadoop-ozone/csi/target/classes:/home/user/.m2/repository/com/google/protobuf/protobuf-java-util/3.5.1/protobuf-java-util-3.5.1.jar:/home/user/.m2/repository/io/grpc/grpc-netty/1.17.1/grpc-netty-1.17.1.jar:/home/user/.m2/repository/io/grpc/grpc-core/1.17.1/grpc-core-1.17.1.jar:/home/user/.m2/repository/io/grpc/grpc-context/1.17.1/grpc-context-1.17.1.jar:/home/user/.m2/repository/com/google/errorprone/error_prone_annotations/2.2.0/error_prone_annotations-2.2.0.jar:/home/user/.m2/repository/org/codehaus/mojo/animal-sniffer-annotations/1.17/animal-sniffer-annotations-1.17.jar:/home/user/.m2/repository/io/opencensus/opencensus-api/0.17.0/opencensus-api-0.17.0.jar:/home/user/.m2/repository/io/opencensus/opencensus-contrib-grpc-metrics/0.17.0/opencensus-contrib-grpc-metrics-0.17.0.jar:/home/user/.m2/repository/io/netty/netty-codec-http2/4.1.30.Final/netty-codec-http2-4.1.30.Final.jar:/home/user/.m2/repository/io/netty/netty-codec-http/4.1.30.Final/netty-codec-http-4.1.30.Final.jar:/home/user/.m2/repository/io/netty/netty-codec/4.1.30.Final/netty-codec-4.1.30.Final.jar:/home/user/.m2/repository/io/netty/netty-handler/4.1.30.Final/netty-handler-4.1.30.Final.jar:/home/user/.m2/repository/io/netty/netty-handler-proxy/4.1.30.Final/netty-handler-proxy-4.1.30.Final.jar:/home/user/.m2/repository/io/netty/netty-codec-socks/4.1.30.Final/netty-codec-socks-4.1.30.Final.jar:/home/user/.m2/repository/io/netty/netty-transport-native-epoll/4.1.30.Final/netty-transport-native-epoll-4.1.30.Final.jar:/home/user/.m2/repository/io/netty/netty-common/4.1.30.Final/netty-common-4.1.30.Final.jar:/home/user/.m2/repository/io/netty/netty-buffer/4.1.30.Final/netty-buffer-4.1.30.Final.jar:/home/user/.m2/repository/io/netty/netty-transport/4.1.30.Final/netty-transport-4.1.30.Final.jar:/home/user/.m2/repository/io/netty/netty-resolver/4.1.30.Final/netty-resolver-4.1.30.Final.jar:/home/user/.m2/repository/io/netty/netty-transport-native-unix-common/4.1.30.Final/netty-transport-native-unix-common-4.1.30.Final.jar:/home/user/.m2/repository/io/grpc/grpc-protobuf/1.17.1/grpc-protobuf-1.17.1.jar:/home/user/.m2/repository/com/google/api/grpc/proto-google-common-protos/1.0.0/proto-google-common-protos-1.0.0.jar:/home/user/.m2/repository/io/grpc/grpc-protobuf-lite/1.17.1/grpc-protobuf-lite-1.17.1.jar:/home/user/.m2/repository/io/grpc/grpc-stub/1.17.1/grpc-stub-1.17.1.jar:/opt/src/hadoop-ozone/ozone-recon/target/classes:/opt/src/hadoop-ozone/ozone-recon-codegen/target/classes:/home/user/.m2/repository/com/google/inject/extensions/guice-multibindings/4.0/guice-multibindings-4.0.jar:/home/user/.m2/repository/com/google/inject/guice/4.0/guice-4.0.jar:/home/user/.m2/repository/aopalliance/aopalliance/1.0/aopalliance-1.0.jar:/home/user/.m2/repository/com/google/inject/extensions/guice-servlet/4.0/guice-servlet-4.0.jar:/home/user/.m2/repository/org/glassfish/jersey/containers/jersey-container-servlet/2.27/jersey-container-servlet-2.27.jar:/home/user/.m2/repository/org/glassfish/hk2/guice-bridge/2.5.0/guice-bridge-2.5.0.jar:/home/user/.m2/repository/org/glassfish/jersey/core/jersey-server/2.27/jersey-server-2.27.jar:/home/user/.m2/repository/org/glassfish/jersey/core/jersey-client/2.27/jersey-client-2.27.jar:/home/user/.m2/repository/org/glassfish/jersey/media/jersey-media-jaxb/2.27/jersey-media-jaxb-2.27.jar:/home/user/.m2/repository/javax/validation/validation-api/1.1.0.Final/validation-api-1.1.0.Final.jar:/home/user/.m2/repository/org/glassfish/jersey/media/jersey-media-json-jackson/2.27/jersey-media-json-jackson-2.27.jar:/home/user/.m2/repository/org/glassfish/jersey/ext/jersey-entity-filtering/2.27/jersey-entity-filtering-2.27.jar:/home/user/.m2/repository/com/google/inject/extensions/guice-assistedinject/4.0/guice-assistedinject-4.0.jar:/home/user/.m2/repository/org/jooq/jooq/3.11.10/jooq-3.11.10.jar:/home/user/.m2/repository/org/jooq/jooq-meta/3.11.10/jooq-meta-3.11.10.jar:/home/user/.m2/repository/org/jooq/jooq-codegen/3.11.10/jooq-codegen-3.11.10.jar:/home/user/.m2/repository/com/jolbox/bonecp/0.8.0.RELEASE/bonecp-0.8.0.RELEASE.jar:/home/user/.m2/repository/org/springframework/spring-jdbc/5.1.3.RELEASE/spring-jdbc-5.1.3.RELEASE.jar:/home/user/.m2/repository/org/springframework/spring-beans/5.1.3.RELEASE/spring-beans-5.1.3.RELEASE.jar:/home/user/.m2/repository/org/springframework/spring-core/5.1.3.RELEASE/spring-core-5.1.3.RELEASE.jar:/home/user/.m2/repository/org/springframework/spring-jcl/5.1.3.RELEASE/spring-jcl-5.1.3.RELEASE.jar:/home/user/.m2/repository/org/springframework/spring-tx/5.1.3.RELEASE/spring-tx-5.1.3.RELEASE.jar:/home/user/.m2/repository/org/mockito/mockito-core/2.15.0/mockito-core-2.15.0.jar:/home/user/.m2/repository/net/bytebuddy/byte-buddy/1.7.9/byte-buddy-1.7.9.jar:/home/user/.m2/repository/net/bytebuddy/byte-buddy-agent/1.7.9/byte-buddy-agent-1.7.9.jar:/home/user/.m2/repository/org/objenesis/objenesis/1.0/objenesis-1.0.jar:"/>
    <property name="sun.cpu.endian" value="little"/>
    <property name="user.home" value="/home/user"/>
    <property name="user.language" value="en"/>
    <property name="java.specification.vendor" value="Oracle Corporation"/>
    <property name="java.home" value="/usr/lib/jvm/java-1.8-openjdk/jre"/>
    <property name="java.security.krb5.conf" value="/opt/src/hadoop-ozone/tools/target/test-classes/krb5.conf"/>
    <property name="basedir" value="/opt/src/hadoop-ozone/tools"/>
    <property name="file.separator" value="/"/>
    <property name="line.separator" value="&#10;"/>
    <property name="java.vm.specification.vendor" value="Oracle Corporation"/>
    <property name="java.specification.name" value="Java Platform API Specification"/>
    <property name="java.awt.graphicsenv" value="sun.awt.X11GraphicsEnvironment"/>
    <property name="surefire.real.class.path" value="/opt/src/hadoop-ozone/tools/target/surefire/surefirebooter6876311951582889589.jar"/>
    <property name="hadoop.log.dir" value="/opt/src/hadoop-ozone/tools/target/log"/>
    <property name="sun.boot.class.path" value="/usr/lib/jvm/java-1.8-openjdk/jre/lib/resources.jar:/usr/lib/jvm/java-1.8-openjdk/jre/lib/rt.jar:/usr/lib/jvm/java-1.8-openjdk/jre/lib/sunrsasign.jar:/usr/lib/jvm/java-1.8-openjdk/jre/lib/jsse.jar:/usr/lib/jvm/java-1.8-openjdk/jre/lib/jce.jar:/usr/lib/jvm/java-1.8-openjdk/jre/lib/charsets.jar:/usr/lib/jvm/java-1.8-openjdk/jre/lib/jfr.jar:/usr/lib/jvm/java-1.8-openjdk/jre/classes"/>
    <property name="sun.management.compiler" value="HotSpot 64-Bit Tiered Compilers"/>
    <property name="java.runtime.version" value="1.8.0_212-b04"/>
    <property name="java.net.preferIPv4Stack" value="true"/>
    <property name="user.name" value="jenkins1000"/>
    <property name="path.separator" value=":"/>
    <property name="java.security.egd" value="file:///dev/urandom"/>
    <property name="os.version" value="4.15.0-1021-aws"/>
    <property name="java.endorsed.dirs" value="/usr/lib/jvm/java-1.8-openjdk/jre/lib/endorsed"/>
    <property name="java.runtime.name" value="OpenJDK Runtime Environment"/>
    <property name="file.encoding" value="UTF-8"/>
    <property name="java.vm.name" value="OpenJDK 64-Bit Server VM"/>
    <property name="test.build.webapps" value=""/>
    <property name="localRepository" value="/home/user/.m2/repository"/>
    <property name="java.vendor.url.bug" value="https://icedtea.classpath.org/bugzilla"/>
    <property name="java.io.tmpdir" value="/tmp"/>
    <property name="require.test.libhadoop" value=""/>
    <property name="java.version" value="1.8.0_212"/>
    <property name="user.dir" value="/opt/src/hadoop-ozone/tools"/>
    <property name="os.arch" value="amd64"/>
    <property name="java.vm.specification.name" value="Java Virtual Machine Specification"/>
    <property name="test.build.classes" value="/opt/src/hadoop-ozone/tools/target/test-classes"/>
    <property name="java.awt.printerjob" value="sun.print.PSPrinterJob"/>
    <property name="sun.os.patch.level" value="unknown"/>
    <property name="hadoop.tmp.dir" value="/opt/src/hadoop-ozone/tools/target/tmp"/>
    <property name="java.library.path" value="/usr/lib/jvm/java-1.8-openjdk/jre/lib/amd64/server:/usr/lib/jvm/java-1.8-openjdk/jre/lib/amd64:/usr/lib/jvm/java-1.8-openjdk/jre/../lib/amd64:/opt/src/hadoop-ozone/tools/target/native/target/usr/local/lib:/opt/src/hadoop-ozone/tools/../../hadoop-common-project/hadoop-common/target/native/target/usr/local/lib:/usr/java/packages/lib/amd64:/usr/lib64:/lib64:/lib:/usr/lib"/>
    <property name="java.vm.info" value="mixed mode"/>
    <property name="java.vendor" value="IcedTea"/>
    <property name="java.vm.version" value="25.212-b04"/>
    <property name="java.ext.dirs" value="/usr/lib/jvm/java-1.8-openjdk/jre/lib/ext:/usr/java/packages/lib/ext"/>
    <property name="sun.io.unicode.encoding" value="UnicodeLittle"/>
    <property name="java.class.version" value="52.0"/>
  </properties>
  <testcase name="ratisTestLargeKey" classname="org.apache.hadoop.ozone.freon.TestDataValidateWithSafeByteOperations" time="5.581">
    <error message="Unexpected Storage Container Exception: org.apache.hadoop.hdds.scm.container.common.helpers.StorageContainerException: ContainerID 3 does not exist" type="java.io.IOException">java.io.IOException: Unexpected Storage Container Exception: org.apache.hadoop.hdds.scm.container.common.helpers.StorageContainerException: ContainerID 3 does not exist
	at org.apache.hadoop.hdds.scm.storage.BlockOutputStream.setIoException(BlockOutputStream.java:548)
	at org.apache.hadoop.hdds.scm.storage.BlockOutputStream.validateResponse(BlockOutputStream.java:539)
	at org.apache.hadoop.hdds.scm.storage.BlockOutputStream.lambda$writeChunkToContainer$2(BlockOutputStream.java:614)
	at java.util.concurrent.CompletableFuture.uniApply(CompletableFuture.java:602)
	at java.util.concurrent.CompletableFuture$UniApply.tryFire(CompletableFuture.java:577)
	at java.util.concurrent.CompletableFuture$Completion.run(CompletableFuture.java:442)
	at java.util.concurrent.ThreadPoolExecutor.runWorker(ThreadPoolExecutor.java:1149)
	at java.util.concurrent.ThreadPoolExecutor$Worker.run(ThreadPoolExecutor.java:624)
	at java.lang.Thread.run(Thread.java:748)
Caused by: org.apache.hadoop.hdds.scm.container.common.helpers.StorageContainerException: ContainerID 3 does not exist
	at org.apache.hadoop.hdds.scm.storage.ContainerProtocolCalls.validateContainerResponse(ContainerProtocolCalls.java:536)
	at org.apache.hadoop.hdds.scm.storage.BlockOutputStream.validateResponse(BlockOutputStream.java:536)
	... 7 more
</error>
    <system-out><![CDATA[2019-06-18 00:55:23,481 WARN  server.ServerUtils (ServerUtils.java:getScmDbDir(145)) - ozone.scm.db.dirs is not configured. We recommend adding this setting. Falling back to ozone.metadata.dirs instead.
2019-06-18 00:55:23,600 WARN  server.ServerUtils (ServerUtils.java:getScmDbDir(145)) - ozone.scm.db.dirs is not configured. We recommend adding this setting. Falling back to ozone.metadata.dirs instead.
2019-06-18 00:55:23,604 WARN  server.ServerUtils (ServerUtils.java:getScmDbDir(145)) - ozone.scm.db.dirs is not configured. We recommend adding this setting. Falling back to ozone.metadata.dirs instead.
2019-06-18 00:55:23,626 INFO  util.log (Log.java:initialized(192)) - Logging initialized @1047ms
2019-06-18 00:55:23,747 INFO  db.DBStoreBuilder (DBStoreBuilder.java:addTable(110)) - using custom profile for table: deletedBlocks
2019-06-18 00:55:23,748 INFO  db.DBStoreBuilder (DBStoreBuilder.java:processTables(161)) - Using default column profile:DBProfile.DISK for Table:deletedBlocks
2019-06-18 00:55:23,748 INFO  db.DBStoreBuilder (DBStoreBuilder.java:addTable(110)) - using custom profile for table: validCerts
2019-06-18 00:55:23,749 INFO  db.DBStoreBuilder (DBStoreBuilder.java:processTables(161)) - Using default column profile:DBProfile.DISK for Table:validCerts
2019-06-18 00:55:23,749 INFO  db.DBStoreBuilder (DBStoreBuilder.java:addTable(110)) - using custom profile for table: revokedCerts
2019-06-18 00:55:23,750 INFO  db.DBStoreBuilder (DBStoreBuilder.java:processTables(161)) - Using default column profile:DBProfile.DISK for Table:revokedCerts
2019-06-18 00:55:23,766 INFO  db.DBStoreBuilder (DBStoreBuilder.java:addTable(110)) - using custom profile for table: default
2019-06-18 00:55:23,766 INFO  db.DBStoreBuilder (DBStoreBuilder.java:processTables(167)) - Using default column profile:DBProfile.DISK for Table:default
2019-06-18 00:55:23,768 INFO  db.DBStoreBuilder (DBStoreBuilder.java:getDbProfile(198)) - Using default options. DBProfile.DISK
2019-06-18 00:55:23,844 INFO  net.NodeSchemaLoader (NodeSchemaLoader.java:loadSchemaFromFile(125)) - Loading file from sun.misc.CompoundEnumeration@1a04f701
2019-06-18 00:55:23,845 INFO  net.NodeSchemaLoader (NodeSchemaLoader.java:loadSchema(171)) - Loading network topology layer schema file
2019-06-18 00:55:23,915 WARN  server.ServerUtils (ServerUtils.java:sanitizeUserArgs(70)) - ozone.scm.stale.node.interval value = 300000 is larger than max = 100000 based on the key value of ozone.scm.heartbeat.thread.interval, reset to the max value 100000.
2019-06-18 00:55:23,917 WARN  server.ServerUtils (ServerUtils.java:sanitizeUserArgs(70)) - ozone.scm.stale.node.interval value = 300000 is larger than max = 100000 based on the key value of ozone.scm.heartbeat.thread.interval, reset to the max value 100000.
2019-06-18 00:55:23,922 INFO  node.SCMNodeManager (SCMNodeManager.java:<init>(119)) - Entering startup safe mode.
2019-06-18 00:55:24,018 WARN  server.ServerUtils (ServerUtils.java:getScmDbDir(145)) - ozone.scm.db.dirs is not configured. We recommend adding this setting. Falling back to ozone.metadata.dirs instead.
2019-06-18 00:55:24,041 INFO  pipeline.SCMPipelineManager (SCMPipelineManager.java:initializePipelineState(126)) - No pipeline exists in current db
2019-06-18 00:55:24,043 WARN  server.ServerUtils (ServerUtils.java:getScmDbDir(145)) - ozone.scm.db.dirs is not configured. We recommend adding this setting. Falling back to ozone.metadata.dirs instead.
2019-06-18 00:55:24,110 WARN  events.EventQueue (EventQueue.java:fireEvent(175)) - No event handler registered for event TypedEvent{payloadType=SafeModeStatus, name='SafeModeStatus'}
2019-06-18 00:55:24,552 INFO  ipc.CallQueueManager (CallQueueManager.java:<init>(84)) - Using callQueue: class java.util.concurrent.LinkedBlockingQueue, queueCapacity: 2000, scheduler: class org.apache.hadoop.ipc.DefaultRpcScheduler, ipcBackoff: false.
2019-06-18 00:55:24,586 INFO  ipc.Server (Server.java:run(1074)) - Starting Socket Reader #1 for port 37449
2019-06-18 00:55:24,614 INFO  ipc.CallQueueManager (CallQueueManager.java:<init>(84)) - Using callQueue: class java.util.concurrent.LinkedBlockingQueue, queueCapacity: 2000, scheduler: class org.apache.hadoop.ipc.DefaultRpcScheduler, ipcBackoff: false.
2019-06-18 00:55:24,615 INFO  ipc.Server (Server.java:run(1074)) - Starting Socket Reader #1 for port 42853
2019-06-18 00:55:24,622 INFO  ipc.CallQueueManager (CallQueueManager.java:<init>(84)) - Using callQueue: class java.util.concurrent.LinkedBlockingQueue, queueCapacity: 2000, scheduler: class org.apache.hadoop.ipc.DefaultRpcScheduler, ipcBackoff: false.
2019-06-18 00:55:24,623 INFO  ipc.Server (Server.java:run(1074)) - Starting Socket Reader #1 for port 44695
2019-06-18 00:55:24,684 INFO  hdfs.DFSUtil (DFSUtil.java:httpServerTemplateForNNAndJN(1641)) - Starting Web-server for scm at: http://0.0.0.0:0
2019-06-18 00:55:24,903 INFO  server.AuthenticationFilter (AuthenticationFilter.java:constructSecretProvider(240)) - Unable to initialize FileSignerSecretProvider, falling back to use random secrets.
2019-06-18 00:55:24,922 WARN  http.HttpRequestLog (HttpRequestLog.java:getRequestLog(97)) - Jetty request log can only be enabled using Log4j
2019-06-18 00:55:24,932 INFO  http.HttpServer2 (HttpServer2.java:addGlobalFilter(975)) - Added global filter 'safety' (class=org.apache.hadoop.http.HttpServer2$QuotingInputFilter)
2019-06-18 00:55:24,936 INFO  http.HttpServer2 (HttpServer2.java:addFilter(948)) - Added filter static_user_filter (class=org.apache.hadoop.http.lib.StaticUserWebFilter$StaticUserFilter) to context scm
2019-06-18 00:55:24,936 INFO  http.HttpServer2 (HttpServer2.java:addFilter(958)) - Added filter static_user_filter (class=org.apache.hadoop.http.lib.StaticUserWebFilter$StaticUserFilter) to context logs
2019-06-18 00:55:24,936 INFO  http.HttpServer2 (HttpServer2.java:addFilter(958)) - Added filter static_user_filter (class=org.apache.hadoop.http.lib.StaticUserWebFilter$StaticUserFilter) to context static
2019-06-18 00:55:24,967 INFO  server.StorageContainerManager (StorageContainerManager.java:start(753)) - StorageContainerLocationProtocol RPC server is listening at /0.0.0.0:44695
2019-06-18 00:55:25,029 WARN  impl.MetricsConfig (MetricsConfig.java:loadFirst(134)) - Cannot locate configuration: tried hadoop-metrics2-storagecontainermanager.properties,hadoop-metrics2.properties
2019-06-18 00:55:25,043 INFO  impl.MetricsSystemImpl (MetricsSystemImpl.java:startTimer(374)) - Scheduled Metric snapshot period at 10 second(s).
2019-06-18 00:55:25,044 INFO  impl.MetricsSystemImpl (MetricsSystemImpl.java:start(191)) - StorageContainerManager metrics system started
2019-06-18 00:55:25,306 INFO  server.SCMClientProtocolServer (SCMClientProtocolServer.java:start(149)) - RPC server for Client  is listening at /0.0.0.0:44695
2019-06-18 00:55:25,306 INFO  ipc.Server (Server.java:run(1314)) - IPC Server Responder: starting
2019-06-18 00:55:25,306 INFO  ipc.Server (Server.java:run(1153)) - IPC Server listener on 44695: starting
2019-06-18 00:55:25,311 INFO  server.StorageContainerManager (StorageContainerManager.java:start(762)) - ScmBlockLocationProtocol RPC server is listening at /0.0.0.0:42853
2019-06-18 00:55:25,312 INFO  server.SCMBlockProtocolServer (SCMBlockProtocolServer.java:start(137)) - RPC server for Block Protocol is listening at /0.0.0.0:42853
2019-06-18 00:55:25,312 INFO  ipc.Server (Server.java:run(1314)) - IPC Server Responder: starting
2019-06-18 00:55:25,313 INFO  ipc.Server (Server.java:run(1153)) - IPC Server listener on 42853: starting
2019-06-18 00:55:25,315 INFO  server.StorageContainerManager (StorageContainerManager.java:start(766)) - ScmDatanodeProtocl RPC server is listening at /0.0.0.0:37449
2019-06-18 00:55:25,315 INFO  server.SCMDatanodeProtocolServer (SCMDatanodeProtocolServer.java:start(191)) - RPC server for DataNodes is listening at /0.0.0.0:37449
2019-06-18 00:55:25,316 INFO  ipc.Server (Server.java:run(1314)) - IPC Server Responder: starting
2019-06-18 00:55:25,316 INFO  ipc.Server (Server.java:run(1153)) - IPC Server listener on 37449: starting
2019-06-18 00:55:25,322 INFO  http.HttpServer2 (HttpServer2.java:bindListener(1191)) - Jetty bound to port 45357
2019-06-18 00:55:25,324 INFO  server.Server (Server.java:doStart(351)) - jetty-9.3.24.v20180605, build timestamp: 2018-06-05T17:11:56Z, git hash: 84205aa28f11a4f31f2a3b86d1bba2cc8ab69827
2019-06-18 00:55:25,369 INFO  handler.ContextHandler (ContextHandler.java:doStart(781)) - Started o.e.j.s.ServletContextHandler@481ba2cf{/logs,file:///opt/src/hadoop-ozone/tools/target/log,AVAILABLE}
2019-06-18 00:55:25,374 INFO  handler.ContextHandler (ContextHandler.java:doStart(781)) - Started o.e.j.s.ServletContextHandler@2e48362c{/static,file:///opt/src/hadoop-hdds/server-scm/target/classes/webapps/static/,AVAILABLE}
2019-06-18 00:55:25,411 INFO  handler.ContextHandler (ContextHandler.java:doStart(781)) - Started o.e.j.w.WebAppContext@5b40ceb{/,file:///opt/src/hadoop-hdds/server-scm/target/classes/webapps/scm/,AVAILABLE}{/scm}
2019-06-18 00:55:25,417 INFO  server.AbstractConnector (AbstractConnector.java:doStart(278)) - Started ServerConnector@7894f09b{HTTP/1.1,[http/1.1]}{0.0.0.0:45357}
2019-06-18 00:55:25,418 INFO  server.Server (Server.java:doStart(419)) - Started @2840ms
2019-06-18 00:55:25,452 INFO  server.BaseHttpServer (BaseHttpServer.java:updateConnectorAddress(207)) - HTTP server of SCM is listening at http://0.0.0.0:45357
2019-06-18 00:55:25,460 INFO  util.JvmPauseMonitor (JvmPauseMonitor.java:run(188)) - Starting JVM pause monitor
2019-06-18 00:55:25,464 WARN  scm.ScmUtils (ScmUtils.java:getDBPath(63)) - ozone.om.db.dirs is not configured. We recommend adding this setting. Falling back to ozone.metadata.dirs instead.
2019-06-18 00:55:25,570 WARN  scm.ScmUtils (ScmUtils.java:getDBPath(63)) - ozone.om.db.dirs is not configured. We recommend adding this setting. Falling back to ozone.metadata.dirs instead.
2019-06-18 00:55:25,571 INFO  om.OzoneManager (OzoneManager.java:setOMNodeDetails(532)) - OM Service ID is not set. Setting it to the default ID: omServiceIdDefault
2019-06-18 00:55:25,572 INFO  om.OzoneManager (OzoneManager.java:setOMNodeDetails(538)) - OM Node ID is not set. Setting it to the OmStorage's OmID: 13659797-f3d0-4fbc-ae4d-2cf7f3821001
2019-06-18 00:55:25,574 WARN  scm.HddsServerUtil (HddsServerUtil.java:getDefaultRatisDirectory(354)) - Storage directory for Ratis is not configured. It is a good idea to map this to an SSD disk. Falling back to ozone.metadata.dirs
2019-06-18 00:55:25,574 WARN  scm.HddsServerUtil (HddsServerUtil.java:getDefaultRatisDirectory(354)) - Storage directory for Ratis is not configured. It is a good idea to map this to an SSD disk. Falling back to ozone.metadata.dirs
2019-06-18 00:55:25,575 INFO  om.OzoneManager (OzoneManager.java:loadOMHAConfigs(489)) - Found matching OM address with OMServiceId: null, OMNodeId: null, RPC Address: localhost:0 and Ratis port: 9872
2019-06-18 00:55:25,831 WARN  scm.ScmUtils (ScmUtils.java:getDBPath(63)) - ozone.om.db.dirs is not configured. We recommend adding this setting. Falling back to ozone.metadata.dirs instead.
2019-06-18 00:55:25,839 INFO  db.DBStoreBuilder (DBStoreBuilder.java:addTable(110)) - using custom profile for table: userTable
2019-06-18 00:55:25,839 INFO  db.DBStoreBuilder (DBStoreBuilder.java:processTables(161)) - Using default column profile:DBProfile.DISK for Table:userTable
2019-06-18 00:55:25,839 INFO  db.DBStoreBuilder (DBStoreBuilder.java:addTable(110)) - using custom profile for table: volumeTable
2019-06-18 00:55:25,840 INFO  db.DBStoreBuilder (DBStoreBuilder.java:processTables(161)) - Using default column profile:DBProfile.DISK for Table:volumeTable
2019-06-18 00:55:25,840 INFO  db.DBStoreBuilder (DBStoreBuilder.java:addTable(110)) - using custom profile for table: bucketTable
2019-06-18 00:55:25,840 INFO  db.DBStoreBuilder (DBStoreBuilder.java:processTables(161)) - Using default column profile:DBProfile.DISK for Table:bucketTable
2019-06-18 00:55:25,840 INFO  db.DBStoreBuilder (DBStoreBuilder.java:addTable(110)) - using custom profile for table: keyTable
2019-06-18 00:55:25,841 INFO  db.DBStoreBuilder (DBStoreBuilder.java:processTables(161)) - Using default column profile:DBProfile.DISK for Table:keyTable
2019-06-18 00:55:25,841 INFO  db.DBStoreBuilder (DBStoreBuilder.java:addTable(110)) - using custom profile for table: deletedTable
2019-06-18 00:55:25,841 INFO  db.DBStoreBuilder (DBStoreBuilder.java:processTables(161)) - Using default column profile:DBProfile.DISK for Table:deletedTable
2019-06-18 00:55:25,842 INFO  db.DBStoreBuilder (DBStoreBuilder.java:addTable(110)) - using custom profile for table: openKeyTable
2019-06-18 00:55:25,842 INFO  db.DBStoreBuilder (DBStoreBuilder.java:processTables(161)) - Using default column profile:DBProfile.DISK for Table:openKeyTable
2019-06-18 00:55:25,842 INFO  db.DBStoreBuilder (DBStoreBuilder.java:addTable(110)) - using custom profile for table: s3Table
2019-06-18 00:55:25,842 INFO  db.DBStoreBuilder (DBStoreBuilder.java:processTables(161)) - Using default column profile:DBProfile.DISK for Table:s3Table
2019-06-18 00:55:25,843 INFO  db.DBStoreBuilder (DBStoreBuilder.java:addTable(110)) - using custom profile for table: multipartInfoTable
2019-06-18 00:55:25,843 INFO  db.DBStoreBuilder (DBStoreBuilder.java:processTables(161)) - Using default column profile:DBProfile.DISK for Table:multipartInfoTable
2019-06-18 00:55:25,843 INFO  db.DBStoreBuilder (DBStoreBuilder.java:addTable(110)) - using custom profile for table: dTokenTable
2019-06-18 00:55:25,844 INFO  db.DBStoreBuilder (DBStoreBuilder.java:processTables(161)) - Using default column profile:DBProfile.DISK for Table:dTokenTable
2019-06-18 00:55:25,844 INFO  db.DBStoreBuilder (DBStoreBuilder.java:addTable(110)) - using custom profile for table: s3SecretTable
2019-06-18 00:55:25,844 INFO  db.DBStoreBuilder (DBStoreBuilder.java:processTables(161)) - Using default column profile:DBProfile.DISK for Table:s3SecretTable
2019-06-18 00:55:25,845 INFO  db.DBStoreBuilder (DBStoreBuilder.java:addTable(110)) - using custom profile for table: prefixTable
2019-06-18 00:55:25,845 INFO  db.DBStoreBuilder (DBStoreBuilder.java:processTables(161)) - Using default column profile:DBProfile.DISK for Table:prefixTable
2019-06-18 00:55:25,845 INFO  db.DBStoreBuilder (DBStoreBuilder.java:addTable(110)) - using custom profile for table: default
2019-06-18 00:55:25,845 INFO  db.DBStoreBuilder (DBStoreBuilder.java:processTables(167)) - Using default column profile:DBProfile.DISK for Table:default
2019-06-18 00:55:25,846 INFO  db.DBStoreBuilder (DBStoreBuilder.java:getDbProfile(198)) - Using default options. DBProfile.DISK
2019-06-18 00:55:26,451 INFO  ipc.CallQueueManager (CallQueueManager.java:<init>(84)) - Using callQueue: class java.util.concurrent.LinkedBlockingQueue, queueCapacity: 2000, scheduler: class org.apache.hadoop.ipc.DefaultRpcScheduler, ipcBackoff: false.
2019-06-18 00:55:26,452 INFO  ipc.Server (Server.java:run(1074)) - Starting Socket Reader #1 for port 40031
2019-06-18 00:55:26,487 WARN  scm.ScmUtils (ScmUtils.java:getDBPath(63)) - ozone.om.db.dirs is not configured. We recommend adding this setting. Falling back to ozone.metadata.dirs instead.
2019-06-18 00:55:26,488 INFO  om.OzoneManager (OzoneManager.java:start(1230)) - OzoneManager RPC server is listening at localhost/127.0.0.1:40031
2019-06-18 00:55:26,488 INFO  impl.MetricsSystemImpl (MetricsSystemImpl.java:init(158)) - OzoneManager metrics system started (again)
2019-06-18 00:55:26,489 INFO  ipc.Server (Server.java:run(1314)) - IPC Server Responder: starting
2019-06-18 00:55:26,490 INFO  ipc.Server (Server.java:run(1153)) - IPC Server listener on 40031: starting
2019-06-18 00:55:26,561 INFO  hdfs.DFSUtil (DFSUtil.java:httpServerTemplateForNNAndJN(1641)) - Starting Web-server for ozoneManager at: http://0.0.0.0:0
2019-06-18 00:55:26,563 INFO  server.AuthenticationFilter (AuthenticationFilter.java:constructSecretProvider(240)) - Unable to initialize FileSignerSecretProvider, falling back to use random secrets.
2019-06-18 00:55:26,564 WARN  http.HttpRequestLog (HttpRequestLog.java:getRequestLog(97)) - Jetty request log can only be enabled using Log4j
2019-06-18 00:55:26,566 INFO  http.HttpServer2 (HttpServer2.java:addGlobalFilter(975)) - Added global filter 'safety' (class=org.apache.hadoop.http.HttpServer2$QuotingInputFilter)
2019-06-18 00:55:26,566 INFO  http.HttpServer2 (HttpServer2.java:addFilter(948)) - Added filter static_user_filter (class=org.apache.hadoop.http.lib.StaticUserWebFilter$StaticUserFilter) to context ozoneManager
2019-06-18 00:55:26,567 INFO  http.HttpServer2 (HttpServer2.java:addFilter(958)) - Added filter static_user_filter (class=org.apache.hadoop.http.lib.StaticUserWebFilter$StaticUserFilter) to context logs
2019-06-18 00:55:26,567 INFO  http.HttpServer2 (HttpServer2.java:addFilter(958)) - Added filter static_user_filter (class=org.apache.hadoop.http.lib.StaticUserWebFilter$StaticUserFilter) to context static
2019-06-18 00:55:26,568 INFO  http.HttpServer2 (HttpServer2.java:bindListener(1191)) - Jetty bound to port 41611
2019-06-18 00:55:26,569 INFO  server.Server (Server.java:doStart(351)) - jetty-9.3.24.v20180605, build timestamp: 2018-06-05T17:11:56Z, git hash: 84205aa28f11a4f31f2a3b86d1bba2cc8ab69827
2019-06-18 00:55:26,594 INFO  handler.ContextHandler (ContextHandler.java:doStart(781)) - Started o.e.j.s.ServletContextHandler@66b72664{/logs,file:///opt/src/hadoop-ozone/tools/target/log,AVAILABLE}
2019-06-18 00:55:26,597 INFO  handler.ContextHandler (ContextHandler.java:doStart(781)) - Started o.e.j.s.ServletContextHandler@58cd06cb{/static,file:///opt/src/hadoop-ozone/ozone-manager/target/classes/webapps/static/,AVAILABLE}
2019-06-18 00:55:26,604 INFO  handler.ContextHandler (ContextHandler.java:doStart(781)) - Started o.e.j.w.WebAppContext@51bde877{/,file:///opt/src/hadoop-ozone/ozone-manager/target/classes/webapps/ozoneManager/,AVAILABLE}{/ozoneManager}
2019-06-18 00:55:26,605 INFO  server.AbstractConnector (AbstractConnector.java:doStart(278)) - Started ServerConnector@60b85ba1{HTTP/1.1,[http/1.1]}{0.0.0.0:41611}
2019-06-18 00:55:26,606 INFO  server.Server (Server.java:doStart(419)) - Started @4028ms
2019-06-18 00:55:26,613 INFO  server.BaseHttpServer (BaseHttpServer.java:updateConnectorAddress(207)) - HTTP server of OZONEMANAGER is listening at http://0.0.0.0:41611
2019-06-18 00:55:26,775 INFO  impl.MetricsSystemImpl (MetricsSystemImpl.java:init(158)) - HddsDatanode metrics system started (again)
2019-06-18 00:55:26,974 INFO  ozone.HddsDatanodeService (HddsDatanodeService.java:start(185)) - HddsDatanodeService host:ozone-unit-076618677d3mmbrd-1653384491 ip:192.168.46.37
2019-06-18 00:55:27,006 INFO  volume.HddsVolume (HddsVolume.java:<init>(176)) - Creating Volume: /opt/src/hadoop-ozone/tools/target/test-dir/MiniOzoneClusterImpl-6d9acd13-88f0-4110-8b50-a0007a84e3db/datanode-0/data/containers/hdds of  storage type : DISK and capacity : 104021790720
2019-06-18 00:55:27,008 INFO  volume.VolumeSet (VolumeSet.java:initializeVolumeSet(170)) - Added Volume : /opt/src/hadoop-ozone/tools/target/test-dir/MiniOzoneClusterImpl-6d9acd13-88f0-4110-8b50-a0007a84e3db/datanode-0/data/containers/hdds to VolumeSet
2019-06-18 00:55:27,011 INFO  volume.ThrottledAsyncChecker (ThrottledAsyncChecker.java:schedule(140)) - Scheduling a check for org.apache.hadoop.ozone.container.common.volume.HddsVolume@6999cd39
2019-06-18 00:55:27,041 INFO  volume.HddsVolumeChecker (HddsVolumeChecker.java:checkAllVolumes(203)) - Scheduled health check for volume org.apache.hadoop.ozone.container.common.volume.HddsVolume@6999cd39
2019-06-18 00:55:27,094 INFO  ratis.XceiverServerRatis (XceiverServerRatis.java:newXceiverServerRatis(401)) - Found a free port for the server : 35455
2019-06-18 00:55:27,180 INFO  impl.RaftServerProxy (ConfUtils.java:logGet(43)) - raft.rpc.type = GRPC (default)
2019-06-18 00:55:27,192 INFO  grpc.GrpcConfigKeys$Server (ConfUtils.java:logGet(43)) - raft.grpc.server.port = 35455 (custom)
2019-06-18 00:55:27,194 INFO  server.GrpcService (ConfUtils.java:logGet(43)) - raft.grpc.message.size.max = 33570816 (custom)
2019-06-18 00:55:27,195 INFO  server.RaftServerConfigKeys (ConfUtils.java:logGet(43)) - raft.server.log.appender.buffer.byte-limit = 33554432 (custom)
2019-06-18 00:55:27,196 INFO  server.GrpcService (ConfUtils.java:logGet(43)) - raft.grpc.flow.control.window = 1MB (=1048576) (default)
2019-06-18 00:55:27,197 INFO  server.RaftServerConfigKeys (ConfUtils.java:logGet(43)) - raft.server.rpc.request.timeout = 3000ms (default)
2019-06-18 00:55:27,389 INFO  server.RaftServerConfigKeys (ConfUtils.java:logGet(43)) - raft.server.storage.dir = [/opt/src/hadoop-ozone/tools/target/test-dir/MiniOzoneClusterImpl-6d9acd13-88f0-4110-8b50-a0007a84e3db/datanode-0/data/ratis] (custom)
2019-06-18 00:55:27,399 INFO  server.XceiverServerGrpc (XceiverServerGrpc.java:<init>(97)) - Found a free port for the server : 37673
2019-06-18 00:55:27,433 INFO  replication.SimpleContainerDownloader (SimpleContainerDownloader.java:<init>(72)) - Starting container downloader service to copy containers to replicate.
2019-06-18 00:55:27,447 INFO  hdfs.DFSUtil (DFSUtil.java:httpServerTemplateForNNAndJN(1641)) - Starting Web-server for hddsDatanode at: http://0.0.0.0:0
2019-06-18 00:55:27,449 INFO  server.AuthenticationFilter (AuthenticationFilter.java:constructSecretProvider(240)) - Unable to initialize FileSignerSecretProvider, falling back to use random secrets.
2019-06-18 00:55:27,449 WARN  http.HttpRequestLog (HttpRequestLog.java:getRequestLog(97)) - Jetty request log can only be enabled using Log4j
2019-06-18 00:55:27,451 INFO  http.HttpServer2 (HttpServer2.java:addGlobalFilter(975)) - Added global filter 'safety' (class=org.apache.hadoop.http.HttpServer2$QuotingInputFilter)
2019-06-18 00:55:27,452 INFO  http.HttpServer2 (HttpServer2.java:addFilter(948)) - Added filter static_user_filter (class=org.apache.hadoop.http.lib.StaticUserWebFilter$StaticUserFilter) to context hddsDatanode
2019-06-18 00:55:27,453 INFO  http.HttpServer2 (HttpServer2.java:addFilter(958)) - Added filter static_user_filter (class=org.apache.hadoop.http.lib.StaticUserWebFilter$StaticUserFilter) to context logs
2019-06-18 00:55:27,453 INFO  http.HttpServer2 (HttpServer2.java:addFilter(958)) - Added filter static_user_filter (class=org.apache.hadoop.http.lib.StaticUserWebFilter$StaticUserFilter) to context static
2019-06-18 00:55:27,454 INFO  http.HttpServer2 (HttpServer2.java:bindListener(1191)) - Jetty bound to port 32895
2019-06-18 00:55:27,454 INFO  server.Server (Server.java:doStart(351)) - jetty-9.3.24.v20180605, build timestamp: 2018-06-05T17:11:56Z, git hash: 84205aa28f11a4f31f2a3b86d1bba2cc8ab69827
2019-06-18 00:55:27,457 INFO  handler.ContextHandler (ContextHandler.java:doStart(781)) - Started o.e.j.s.ServletContextHandler@540a903b{/logs,file:///opt/src/hadoop-ozone/tools/target/log,AVAILABLE}
2019-06-18 00:55:27,458 INFO  handler.ContextHandler (ContextHandler.java:doStart(781)) - Started o.e.j.s.ServletContextHandler@151db587{/static,file:///opt/src/hadoop-hdds/container-service/target/classes/webapps/static,AVAILABLE}
2019-06-18 00:55:27,462 INFO  handler.ContextHandler (ContextHandler.java:doStart(781)) - Started o.e.j.w.WebAppContext@56d93692{/,file:///opt/src/hadoop-hdds/container-service/target/classes/webapps/hddsDatanode/,AVAILABLE}{/hddsDatanode}
2019-06-18 00:55:27,463 INFO  server.AbstractConnector (AbstractConnector.java:doStart(278)) - Started ServerConnector@1686f0b4{HTTP/1.1,[http/1.1]}{0.0.0.0:32895}
2019-06-18 00:55:27,463 INFO  server.Server (Server.java:doStart(419)) - Started @4885ms
2019-06-18 00:55:27,464 INFO  server.BaseHttpServer (BaseHttpServer.java:updateConnectorAddress(207)) - HTTP server of HDDSDATANODE is listening at http://0.0.0.0:32895
2019-06-18 00:55:28,742 INFO  ozone.HddsDatanodeService (HddsDatanodeService.java:startPlugins(396)) - Started plug-in org.apache.hadoop.ozone.web.OzoneHddsDatanodeService@51ab1ee3
2019-06-18 00:55:28,744 INFO  impl.MetricsSystemImpl (MetricsSystemImpl.java:init(158)) - HddsDatanode metrics system started (again)
2019-06-18 00:55:28,744 INFO  ozone.HddsDatanodeService (HddsDatanodeService.java:start(185)) - HddsDatanodeService host:ozone-unit-076618677d3mmbrd-1653384491 ip:192.168.46.37
2019-06-18 00:55:28,757 INFO  volume.HddsVolume (HddsVolume.java:<init>(176)) - Creating Volume: /opt/src/hadoop-ozone/tools/target/test-dir/MiniOzoneClusterImpl-6d9acd13-88f0-4110-8b50-a0007a84e3db/datanode-1/data/containers/hdds of  storage type : DISK and capacity : 104021790720
2019-06-18 00:55:28,760 INFO  volume.VolumeSet (VolumeSet.java:initializeVolumeSet(170)) - Added Volume : /opt/src/hadoop-ozone/tools/target/test-dir/MiniOzoneClusterImpl-6d9acd13-88f0-4110-8b50-a0007a84e3db/datanode-1/data/containers/hdds to VolumeSet
2019-06-18 00:55:28,760 INFO  volume.ThrottledAsyncChecker (ThrottledAsyncChecker.java:schedule(140)) - Scheduling a check for org.apache.hadoop.ozone.container.common.volume.HddsVolume@1945113f
2019-06-18 00:55:28,769 INFO  util.JvmPauseMonitor (JvmPauseMonitor.java:run(188)) - Starting JVM pause monitor
2019-06-18 00:55:28,774 INFO  volume.HddsVolumeChecker (HddsVolumeChecker.java:checkAllVolumes(203)) - Scheduled health check for volume org.apache.hadoop.ozone.container.common.volume.HddsVolume@1945113f
2019-06-18 00:55:28,802 INFO  ratis.XceiverServerRatis (XceiverServerRatis.java:newXceiverServerRatis(401)) - Found a free port for the server : 33245
2019-06-18 00:55:28,803 INFO  impl.RaftServerProxy (ConfUtils.java:logGet(43)) - raft.rpc.type = GRPC (default)
2019-06-18 00:55:28,804 INFO  grpc.GrpcConfigKeys$Server (ConfUtils.java:logGet(43)) - raft.grpc.server.port = 33245 (custom)
2019-06-18 00:55:28,804 INFO  server.GrpcService (ConfUtils.java:logGet(43)) - raft.grpc.message.size.max = 33570816 (custom)
2019-06-18 00:55:28,817 INFO  server.RaftServerConfigKeys (ConfUtils.java:logGet(43)) - raft.server.log.appender.buffer.byte-limit = 33554432 (custom)
2019-06-18 00:55:28,817 INFO  server.GrpcService (ConfUtils.java:logGet(43)) - raft.grpc.flow.control.window = 1MB (=1048576) (default)
2019-06-18 00:55:28,818 INFO  server.RaftServerConfigKeys (ConfUtils.java:logGet(43)) - raft.server.rpc.request.timeout = 3000ms (default)
2019-06-18 00:55:28,818 INFO  server.RaftServerConfigKeys (ConfUtils.java:logGet(43)) - raft.server.storage.dir = [/opt/src/hadoop-ozone/tools/target/test-dir/MiniOzoneClusterImpl-6d9acd13-88f0-4110-8b50-a0007a84e3db/datanode-1/data/ratis] (custom)
2019-06-18 00:55:28,819 INFO  server.XceiverServerGrpc (XceiverServerGrpc.java:<init>(97)) - Found a free port for the server : 46883
2019-06-18 00:55:28,819 INFO  replication.SimpleContainerDownloader (SimpleContainerDownloader.java:<init>(72)) - Starting container downloader service to copy containers to replicate.
2019-06-18 00:55:28,821 INFO  hdfs.DFSUtil (DFSUtil.java:httpServerTemplateForNNAndJN(1641)) - Starting Web-server for hddsDatanode at: http://0.0.0.0:0
2019-06-18 00:55:28,826 INFO  server.AuthenticationFilter (AuthenticationFilter.java:constructSecretProvider(240)) - Unable to initialize FileSignerSecretProvider, falling back to use random secrets.
2019-06-18 00:55:28,829 WARN  http.HttpRequestLog (HttpRequestLog.java:getRequestLog(97)) - Jetty request log can only be enabled using Log4j
2019-06-18 00:55:28,831 INFO  http.HttpServer2 (HttpServer2.java:addGlobalFilter(975)) - Added global filter 'safety' (class=org.apache.hadoop.http.HttpServer2$QuotingInputFilter)
2019-06-18 00:55:28,832 INFO  http.HttpServer2 (HttpServer2.java:addFilter(948)) - Added filter static_user_filter (class=org.apache.hadoop.http.lib.StaticUserWebFilter$StaticUserFilter) to context hddsDatanode
2019-06-18 00:55:28,832 INFO  http.HttpServer2 (HttpServer2.java:addFilter(958)) - Added filter static_user_filter (class=org.apache.hadoop.http.lib.StaticUserWebFilter$StaticUserFilter) to context logs
2019-06-18 00:55:28,832 INFO  http.HttpServer2 (HttpServer2.java:addFilter(958)) - Added filter static_user_filter (class=org.apache.hadoop.http.lib.StaticUserWebFilter$StaticUserFilter) to context static
2019-06-18 00:55:28,833 INFO  http.HttpServer2 (HttpServer2.java:bindListener(1191)) - Jetty bound to port 44259
2019-06-18 00:55:28,833 INFO  server.Server (Server.java:doStart(351)) - jetty-9.3.24.v20180605, build timestamp: 2018-06-05T17:11:56Z, git hash: 84205aa28f11a4f31f2a3b86d1bba2cc8ab69827
2019-06-18 00:55:28,860 INFO  handler.ContextHandler (ContextHandler.java:doStart(781)) - Started o.e.j.s.ServletContextHandler@6ba060f3{/logs,file:///opt/src/hadoop-ozone/tools/target/log,AVAILABLE}
2019-06-18 00:55:28,862 INFO  handler.ContextHandler (ContextHandler.java:doStart(781)) - Started o.e.j.s.ServletContextHandler@77bc2e16{/static,file:///opt/src/hadoop-hdds/container-service/target/classes/webapps/static,AVAILABLE}
2019-06-18 00:55:28,874 INFO  handler.ContextHandler (ContextHandler.java:doStart(781)) - Started o.e.j.w.WebAppContext@41b13f3d{/,file:///opt/src/hadoop-hdds/container-service/target/classes/webapps/hddsDatanode/,AVAILABLE}{/hddsDatanode}
2019-06-18 00:55:28,875 INFO  server.AbstractConnector (AbstractConnector.java:doStart(278)) - Started ServerConnector@7c0777b5{HTTP/1.1,[http/1.1]}{0.0.0.0:44259}
2019-06-18 00:55:28,883 INFO  server.Server (Server.java:doStart(419)) - Started @6305ms
2019-06-18 00:55:28,884 INFO  server.BaseHttpServer (BaseHttpServer.java:updateConnectorAddress(207)) - HTTP server of HDDSDATANODE is listening at http://0.0.0.0:44259
2019-06-18 00:55:28,947 INFO  datanode.InitDatanodeState (InitDatanodeState.java:persistContainerDatanodeDetails(140)) - DatanodeDetails is persisted to /opt/src/hadoop-ozone/tools/target/test-dir/MiniOzoneClusterImpl-6d9acd13-88f0-4110-8b50-a0007a84e3db/datanode-0/meta/datanode.id
2019-06-18 00:55:29,080 INFO  ozone.HddsDatanodeService (HddsDatanodeService.java:startPlugins(396)) - Started plug-in org.apache.hadoop.ozone.web.OzoneHddsDatanodeService@79d82f66
2019-06-18 00:55:29,081 INFO  impl.MetricsSystemImpl (MetricsSystemImpl.java:init(158)) - HddsDatanode metrics system started (again)
2019-06-18 00:55:29,082 INFO  ozone.HddsDatanodeService (HddsDatanodeService.java:start(185)) - HddsDatanodeService host:ozone-unit-076618677d3mmbrd-1653384491 ip:192.168.46.37
2019-06-18 00:55:29,102 INFO  util.JvmPauseMonitor (JvmPauseMonitor.java:run(188)) - Starting JVM pause monitor
2019-06-18 00:55:29,106 INFO  datanode.InitDatanodeState (InitDatanodeState.java:persistContainerDatanodeDetails(140)) - DatanodeDetails is persisted to /opt/src/hadoop-ozone/tools/target/test-dir/MiniOzoneClusterImpl-6d9acd13-88f0-4110-8b50-a0007a84e3db/datanode-1/meta/datanode.id
2019-06-18 00:55:29,110 INFO  volume.HddsVolume (HddsVolume.java:<init>(176)) - Creating Volume: /opt/src/hadoop-ozone/tools/target/test-dir/MiniOzoneClusterImpl-6d9acd13-88f0-4110-8b50-a0007a84e3db/datanode-2/data/containers/hdds of  storage type : DISK and capacity : 104021790720
2019-06-18 00:55:29,111 INFO  volume.VolumeSet (VolumeSet.java:initializeVolumeSet(170)) - Added Volume : /opt/src/hadoop-ozone/tools/target/test-dir/MiniOzoneClusterImpl-6d9acd13-88f0-4110-8b50-a0007a84e3db/datanode-2/data/containers/hdds to VolumeSet
2019-06-18 00:55:29,111 INFO  volume.ThrottledAsyncChecker (ThrottledAsyncChecker.java:schedule(140)) - Scheduling a check for org.apache.hadoop.ozone.container.common.volume.HddsVolume@bfec2f9
2019-06-18 00:55:29,113 INFO  volume.HddsVolumeChecker (HddsVolumeChecker.java:checkAllVolumes(203)) - Scheduled health check for volume org.apache.hadoop.ozone.container.common.volume.HddsVolume@bfec2f9
2019-06-18 00:55:29,163 INFO  ratis.XceiverServerRatis (XceiverServerRatis.java:newXceiverServerRatis(401)) - Found a free port for the server : 36203
2019-06-18 00:55:29,165 INFO  impl.RaftServerProxy (ConfUtils.java:logGet(43)) - raft.rpc.type = GRPC (default)
2019-06-18 00:55:29,166 INFO  grpc.GrpcConfigKeys$Server (ConfUtils.java:logGet(43)) - raft.grpc.server.port = 36203 (custom)
2019-06-18 00:55:29,166 INFO  server.GrpcService (ConfUtils.java:logGet(43)) - raft.grpc.message.size.max = 33570816 (custom)
2019-06-18 00:55:29,166 INFO  server.RaftServerConfigKeys (ConfUtils.java:logGet(43)) - raft.server.log.appender.buffer.byte-limit = 33554432 (custom)
2019-06-18 00:55:29,166 INFO  server.GrpcService (ConfUtils.java:logGet(43)) - raft.grpc.flow.control.window = 1MB (=1048576) (default)
2019-06-18 00:55:29,167 INFO  server.RaftServerConfigKeys (ConfUtils.java:logGet(43)) - raft.server.rpc.request.timeout = 3000ms (default)
2019-06-18 00:55:29,167 INFO  server.RaftServerConfigKeys (ConfUtils.java:logGet(43)) - raft.server.storage.dir = [/opt/src/hadoop-ozone/tools/target/test-dir/MiniOzoneClusterImpl-6d9acd13-88f0-4110-8b50-a0007a84e3db/datanode-2/data/ratis] (custom)
2019-06-18 00:55:29,168 INFO  server.XceiverServerGrpc (XceiverServerGrpc.java:<init>(97)) - Found a free port for the server : 35947
2019-06-18 00:55:29,169 INFO  replication.SimpleContainerDownloader (SimpleContainerDownloader.java:<init>(72)) - Starting container downloader service to copy containers to replicate.
2019-06-18 00:55:29,170 INFO  hdfs.DFSUtil (DFSUtil.java:httpServerTemplateForNNAndJN(1641)) - Starting Web-server for hddsDatanode at: http://0.0.0.0:0
2019-06-18 00:55:29,171 INFO  server.AuthenticationFilter (AuthenticationFilter.java:constructSecretProvider(240)) - Unable to initialize FileSignerSecretProvider, falling back to use random secrets.
2019-06-18 00:55:29,172 WARN  http.HttpRequestLog (HttpRequestLog.java:getRequestLog(97)) - Jetty request log can only be enabled using Log4j
2019-06-18 00:55:29,174 INFO  http.HttpServer2 (HttpServer2.java:addGlobalFilter(975)) - Added global filter 'safety' (class=org.apache.hadoop.http.HttpServer2$QuotingInputFilter)
2019-06-18 00:55:29,175 INFO  http.HttpServer2 (HttpServer2.java:addFilter(948)) - Added filter static_user_filter (class=org.apache.hadoop.http.lib.StaticUserWebFilter$StaticUserFilter) to context hddsDatanode
2019-06-18 00:55:29,176 INFO  http.HttpServer2 (HttpServer2.java:addFilter(958)) - Added filter static_user_filter (class=org.apache.hadoop.http.lib.StaticUserWebFilter$StaticUserFilter) to context logs
2019-06-18 00:55:29,176 INFO  http.HttpServer2 (HttpServer2.java:addFilter(958)) - Added filter static_user_filter (class=org.apache.hadoop.http.lib.StaticUserWebFilter$StaticUserFilter) to context static
2019-06-18 00:55:29,177 INFO  http.HttpServer2 (HttpServer2.java:bindListener(1191)) - Jetty bound to port 41785
2019-06-18 00:55:29,178 INFO  server.Server (Server.java:doStart(351)) - jetty-9.3.24.v20180605, build timestamp: 2018-06-05T17:11:56Z, git hash: 84205aa28f11a4f31f2a3b86d1bba2cc8ab69827
2019-06-18 00:55:29,198 INFO  handler.ContextHandler (ContextHandler.java:doStart(781)) - Started o.e.j.s.ServletContextHandler@10c47c79{/logs,file:///opt/src/hadoop-ozone/tools/target/log,AVAILABLE}
2019-06-18 00:55:29,200 INFO  handler.ContextHandler (ContextHandler.java:doStart(781)) - Started o.e.j.s.ServletContextHandler@753fd7a1{/static,file:///opt/src/hadoop-hdds/container-service/target/classes/webapps/static,AVAILABLE}
2019-06-18 00:55:29,213 INFO  handler.ContextHandler (ContextHandler.java:doStart(781)) - Started o.e.j.w.WebAppContext@6ef60295{/,file:///opt/src/hadoop-hdds/container-service/target/classes/webapps/hddsDatanode/,AVAILABLE}{/hddsDatanode}
2019-06-18 00:55:29,214 INFO  server.AbstractConnector (AbstractConnector.java:doStart(278)) - Started ServerConnector@3127cb44{HTTP/1.1,[http/1.1]}{0.0.0.0:41785}
2019-06-18 00:55:29,218 INFO  server.Server (Server.java:doStart(419)) - Started @6640ms
2019-06-18 00:55:29,228 INFO  server.BaseHttpServer (BaseHttpServer.java:updateConnectorAddress(207)) - HTTP server of HDDSDATANODE is listening at http://0.0.0.0:41785
2019-06-18 00:55:29,391 INFO  ozone.HddsDatanodeService (HddsDatanodeService.java:startPlugins(396)) - Started plug-in org.apache.hadoop.ozone.web.OzoneHddsDatanodeService@1290ed28
2019-06-18 00:55:29,392 INFO  impl.MetricsSystemImpl (MetricsSystemImpl.java:init(158)) - HddsDatanode metrics system started (again)
2019-06-18 00:55:29,398 INFO  ozone.HddsDatanodeService (HddsDatanodeService.java:start(185)) - HddsDatanodeService host:ozone-unit-076618677d3mmbrd-1653384491 ip:192.168.46.37
2019-06-18 00:55:29,409 INFO  util.JvmPauseMonitor (JvmPauseMonitor.java:run(188)) - Starting JVM pause monitor
2019-06-18 00:55:29,416 INFO  datanode.InitDatanodeState (InitDatanodeState.java:persistContainerDatanodeDetails(140)) - DatanodeDetails is persisted to /opt/src/hadoop-ozone/tools/target/test-dir/MiniOzoneClusterImpl-6d9acd13-88f0-4110-8b50-a0007a84e3db/datanode-2/meta/datanode.id
2019-06-18 00:55:29,437 INFO  volume.HddsVolume (HddsVolume.java:<init>(176)) - Creating Volume: /opt/src/hadoop-ozone/tools/target/test-dir/MiniOzoneClusterImpl-6d9acd13-88f0-4110-8b50-a0007a84e3db/datanode-3/data/containers/hdds of  storage type : DISK and capacity : 104021790720
2019-06-18 00:55:29,438 INFO  volume.VolumeSet (VolumeSet.java:initializeVolumeSet(170)) - Added Volume : /opt/src/hadoop-ozone/tools/target/test-dir/MiniOzoneClusterImpl-6d9acd13-88f0-4110-8b50-a0007a84e3db/datanode-3/data/containers/hdds to VolumeSet
2019-06-18 00:55:29,438 INFO  volume.ThrottledAsyncChecker (ThrottledAsyncChecker.java:schedule(140)) - Scheduling a check for org.apache.hadoop.ozone.container.common.volume.HddsVolume@3610f277
2019-06-18 00:55:29,442 INFO  volume.HddsVolumeChecker (HddsVolumeChecker.java:checkAllVolumes(203)) - Scheduled health check for volume org.apache.hadoop.ozone.container.common.volume.HddsVolume@3610f277
2019-06-18 00:55:29,458 INFO  ratis.XceiverServerRatis (XceiverServerRatis.java:newXceiverServerRatis(401)) - Found a free port for the server : 38063
2019-06-18 00:55:29,463 INFO  impl.RaftServerProxy (ConfUtils.java:logGet(43)) - raft.rpc.type = GRPC (default)
2019-06-18 00:55:29,463 INFO  grpc.GrpcConfigKeys$Server (ConfUtils.java:logGet(43)) - raft.grpc.server.port = 38063 (custom)
2019-06-18 00:55:29,464 INFO  server.GrpcService (ConfUtils.java:logGet(43)) - raft.grpc.message.size.max = 33570816 (custom)
2019-06-18 00:55:29,464 INFO  server.RaftServerConfigKeys (ConfUtils.java:logGet(43)) - raft.server.log.appender.buffer.byte-limit = 33554432 (custom)
2019-06-18 00:55:29,464 INFO  server.GrpcService (ConfUtils.java:logGet(43)) - raft.grpc.flow.control.window = 1MB (=1048576) (default)
2019-06-18 00:55:29,464 INFO  server.RaftServerConfigKeys (ConfUtils.java:logGet(43)) - raft.server.rpc.request.timeout = 3000ms (default)
2019-06-18 00:55:29,465 INFO  server.RaftServerConfigKeys (ConfUtils.java:logGet(43)) - raft.server.storage.dir = [/opt/src/hadoop-ozone/tools/target/test-dir/MiniOzoneClusterImpl-6d9acd13-88f0-4110-8b50-a0007a84e3db/datanode-3/data/ratis] (custom)
2019-06-18 00:55:29,465 INFO  server.XceiverServerGrpc (XceiverServerGrpc.java:<init>(97)) - Found a free port for the server : 39405
2019-06-18 00:55:29,466 INFO  replication.SimpleContainerDownloader (SimpleContainerDownloader.java:<init>(72)) - Starting container downloader service to copy containers to replicate.
2019-06-18 00:55:29,467 INFO  hdfs.DFSUtil (DFSUtil.java:httpServerTemplateForNNAndJN(1641)) - Starting Web-server for hddsDatanode at: http://0.0.0.0:0
2019-06-18 00:55:29,468 INFO  server.AuthenticationFilter (AuthenticationFilter.java:constructSecretProvider(240)) - Unable to initialize FileSignerSecretProvider, falling back to use random secrets.
2019-06-18 00:55:29,469 WARN  http.HttpRequestLog (HttpRequestLog.java:getRequestLog(97)) - Jetty request log can only be enabled using Log4j
2019-06-18 00:55:29,471 INFO  http.HttpServer2 (HttpServer2.java:addGlobalFilter(975)) - Added global filter 'safety' (class=org.apache.hadoop.http.HttpServer2$QuotingInputFilter)
2019-06-18 00:55:29,471 INFO  http.HttpServer2 (HttpServer2.java:addFilter(948)) - Added filter static_user_filter (class=org.apache.hadoop.http.lib.StaticUserWebFilter$StaticUserFilter) to context hddsDatanode
2019-06-18 00:55:29,472 INFO  http.HttpServer2 (HttpServer2.java:addFilter(958)) - Added filter static_user_filter (class=org.apache.hadoop.http.lib.StaticUserWebFilter$StaticUserFilter) to context logs
2019-06-18 00:55:29,472 INFO  http.HttpServer2 (HttpServer2.java:addFilter(958)) - Added filter static_user_filter (class=org.apache.hadoop.http.lib.StaticUserWebFilter$StaticUserFilter) to context static
2019-06-18 00:55:29,472 INFO  http.HttpServer2 (HttpServer2.java:bindListener(1191)) - Jetty bound to port 37883
2019-06-18 00:55:29,473 INFO  server.Server (Server.java:doStart(351)) - jetty-9.3.24.v20180605, build timestamp: 2018-06-05T17:11:56Z, git hash: 84205aa28f11a4f31f2a3b86d1bba2cc8ab69827
2019-06-18 00:55:29,511 INFO  handler.ContextHandler (ContextHandler.java:doStart(781)) - Started o.e.j.s.ServletContextHandler@1ec22831{/logs,file:///opt/src/hadoop-ozone/tools/target/log,AVAILABLE}
2019-06-18 00:55:29,518 INFO  handler.ContextHandler (ContextHandler.java:doStart(781)) - Started o.e.j.s.ServletContextHandler@516592b1{/static,file:///opt/src/hadoop-hdds/container-service/target/classes/webapps/static,AVAILABLE}
2019-06-18 00:55:29,522 INFO  handler.ContextHandler (ContextHandler.java:doStart(781)) - Started o.e.j.w.WebAppContext@7b2ccba5{/,file:///opt/src/hadoop-hdds/container-service/target/classes/webapps/hddsDatanode/,AVAILABLE}{/hddsDatanode}
2019-06-18 00:55:29,523 INFO  server.AbstractConnector (AbstractConnector.java:doStart(278)) - Started ServerConnector@4bca90da{HTTP/1.1,[http/1.1]}{0.0.0.0:37883}
2019-06-18 00:55:29,523 INFO  server.Server (Server.java:doStart(419)) - Started @6945ms
2019-06-18 00:55:29,530 INFO  server.BaseHttpServer (BaseHttpServer.java:updateConnectorAddress(207)) - HTTP server of HDDSDATANODE is listening at http://0.0.0.0:37883
2019-06-18 00:55:29,730 INFO  ozone.HddsDatanodeService (HddsDatanodeService.java:startPlugins(396)) - Started plug-in org.apache.hadoop.ozone.web.OzoneHddsDatanodeService@76d7881e
2019-06-18 00:55:29,731 INFO  impl.MetricsSystemImpl (MetricsSystemImpl.java:init(158)) - HddsDatanode metrics system started (again)
2019-06-18 00:55:29,732 INFO  ozone.HddsDatanodeService (HddsDatanodeService.java:start(185)) - HddsDatanodeService host:ozone-unit-076618677d3mmbrd-1653384491 ip:192.168.46.37
2019-06-18 00:55:29,748 INFO  util.JvmPauseMonitor (JvmPauseMonitor.java:run(188)) - Starting JVM pause monitor
2019-06-18 00:55:29,768 INFO  datanode.InitDatanodeState (InitDatanodeState.java:persistContainerDatanodeDetails(140)) - DatanodeDetails is persisted to /opt/src/hadoop-ozone/tools/target/test-dir/MiniOzoneClusterImpl-6d9acd13-88f0-4110-8b50-a0007a84e3db/datanode-3/meta/datanode.id
2019-06-18 00:55:29,761 INFO  volume.HddsVolume (HddsVolume.java:<init>(176)) - Creating Volume: /opt/src/hadoop-ozone/tools/target/test-dir/MiniOzoneClusterImpl-6d9acd13-88f0-4110-8b50-a0007a84e3db/datanode-4/data/containers/hdds of  storage type : DISK and capacity : 104021790720
2019-06-18 00:55:29,768 INFO  volume.VolumeSet (VolumeSet.java:initializeVolumeSet(170)) - Added Volume : /opt/src/hadoop-ozone/tools/target/test-dir/MiniOzoneClusterImpl-6d9acd13-88f0-4110-8b50-a0007a84e3db/datanode-4/data/containers/hdds to VolumeSet
2019-06-18 00:55:29,769 INFO  volume.ThrottledAsyncChecker (ThrottledAsyncChecker.java:schedule(140)) - Scheduling a check for org.apache.hadoop.ozone.container.common.volume.HddsVolume@4b862408
2019-06-18 00:55:29,769 INFO  volume.HddsVolumeChecker (HddsVolumeChecker.java:checkAllVolumes(203)) - Scheduled health check for volume org.apache.hadoop.ozone.container.common.volume.HddsVolume@4b862408
2019-06-18 00:55:29,784 INFO  ratis.XceiverServerRatis (XceiverServerRatis.java:newXceiverServerRatis(401)) - Found a free port for the server : 43869
2019-06-18 00:55:29,785 INFO  impl.RaftServerProxy (ConfUtils.java:logGet(43)) - raft.rpc.type = GRPC (default)
2019-06-18 00:55:29,786 INFO  grpc.GrpcConfigKeys$Server (ConfUtils.java:logGet(43)) - raft.grpc.server.port = 43869 (custom)
2019-06-18 00:55:29,786 INFO  server.GrpcService (ConfUtils.java:logGet(43)) - raft.grpc.message.size.max = 33570816 (custom)
2019-06-18 00:55:29,786 INFO  server.RaftServerConfigKeys (ConfUtils.java:logGet(43)) - raft.server.log.appender.buffer.byte-limit = 33554432 (custom)
2019-06-18 00:55:29,786 INFO  server.GrpcService (ConfUtils.java:logGet(43)) - raft.grpc.flow.control.window = 1MB (=1048576) (default)
2019-06-18 00:55:29,787 INFO  server.RaftServerConfigKeys (ConfUtils.java:logGet(43)) - raft.server.rpc.request.timeout = 3000ms (default)
2019-06-18 00:55:29,787 INFO  server.RaftServerConfigKeys (ConfUtils.java:logGet(43)) - raft.server.storage.dir = [/opt/src/hadoop-ozone/tools/target/test-dir/MiniOzoneClusterImpl-6d9acd13-88f0-4110-8b50-a0007a84e3db/datanode-4/data/ratis] (custom)
2019-06-18 00:55:29,787 INFO  server.XceiverServerGrpc (XceiverServerGrpc.java:<init>(97)) - Found a free port for the server : 36003
2019-06-18 00:55:29,788 INFO  replication.SimpleContainerDownloader (SimpleContainerDownloader.java:<init>(72)) - Starting container downloader service to copy containers to replicate.
2019-06-18 00:55:29,789 INFO  hdfs.DFSUtil (DFSUtil.java:httpServerTemplateForNNAndJN(1641)) - Starting Web-server for hddsDatanode at: http://0.0.0.0:0
2019-06-18 00:55:29,790 INFO  server.AuthenticationFilter (AuthenticationFilter.java:constructSecretProvider(240)) - Unable to initialize FileSignerSecretProvider, falling back to use random secrets.
2019-06-18 00:55:29,791 WARN  http.HttpRequestLog (HttpRequestLog.java:getRequestLog(97)) - Jetty request log can only be enabled using Log4j
2019-06-18 00:55:29,793 INFO  http.HttpServer2 (HttpServer2.java:addGlobalFilter(975)) - Added global filter 'safety' (class=org.apache.hadoop.http.HttpServer2$QuotingInputFilter)
2019-06-18 00:55:29,794 INFO  http.HttpServer2 (HttpServer2.java:addFilter(948)) - Added filter static_user_filter (class=org.apache.hadoop.http.lib.StaticUserWebFilter$StaticUserFilter) to context hddsDatanode
2019-06-18 00:55:29,794 INFO  http.HttpServer2 (HttpServer2.java:addFilter(958)) - Added filter static_user_filter (class=org.apache.hadoop.http.lib.StaticUserWebFilter$StaticUserFilter) to context static
2019-06-18 00:55:29,796 INFO  http.HttpServer2 (HttpServer2.java:addFilter(958)) - Added filter static_user_filter (class=org.apache.hadoop.http.lib.StaticUserWebFilter$StaticUserFilter) to context logs
2019-06-18 00:55:29,797 INFO  http.HttpServer2 (HttpServer2.java:bindListener(1191)) - Jetty bound to port 35713
2019-06-18 00:55:29,798 INFO  server.Server (Server.java:doStart(351)) - jetty-9.3.24.v20180605, build timestamp: 2018-06-05T17:11:56Z, git hash: 84205aa28f11a4f31f2a3b86d1bba2cc8ab69827
2019-06-18 00:55:29,823 INFO  handler.ContextHandler (ContextHandler.java:doStart(781)) - Started o.e.j.s.ServletContextHandler@709f0202{/logs,file:///opt/src/hadoop-ozone/tools/target/log,AVAILABLE}
2019-06-18 00:55:29,823 INFO  handler.ContextHandler (ContextHandler.java:doStart(781)) - Started o.e.j.s.ServletContextHandler@14168e1{/static,file:///opt/src/hadoop-hdds/container-service/target/classes/webapps/static,AVAILABLE}
2019-06-18 00:55:29,834 INFO  handler.ContextHandler (ContextHandler.java:doStart(781)) - Started o.e.j.w.WebAppContext@62b57479{/,file:///opt/src/hadoop-hdds/container-service/target/classes/webapps/hddsDatanode/,AVAILABLE}{/hddsDatanode}
2019-06-18 00:55:29,835 INFO  server.AbstractConnector (AbstractConnector.java:doStart(278)) - Started ServerConnector@522c7978{HTTP/1.1,[http/1.1]}{0.0.0.0:35713}
2019-06-18 00:55:29,836 INFO  server.Server (Server.java:doStart(419)) - Started @7257ms
2019-06-18 00:55:29,836 INFO  server.BaseHttpServer (BaseHttpServer.java:updateConnectorAddress(207)) - HTTP server of HDDSDATANODE is listening at http://0.0.0.0:35713
2019-06-18 00:55:30,010 INFO  ozone.HddsDatanodeService (HddsDatanodeService.java:startPlugins(396)) - Started plug-in org.apache.hadoop.ozone.web.OzoneHddsDatanodeService@6ad1701a
2019-06-18 00:55:30,012 INFO  ozone.MiniOzoneClusterImpl (MiniOzoneClusterImpl.java:lambda$waitForClusterToBeReady$0(142)) - Waiting for cluster to be ready. Got 0 of 5 DN Heartbeats.
2019-06-18 00:55:30,031 INFO  util.JvmPauseMonitor (JvmPauseMonitor.java:run(188)) - Starting JVM pause monitor
2019-06-18 00:55:30,032 INFO  datanode.InitDatanodeState (InitDatanodeState.java:persistContainerDatanodeDetails(140)) - DatanodeDetails is persisted to /opt/src/hadoop-ozone/tools/target/test-dir/MiniOzoneClusterImpl-6d9acd13-88f0-4110-8b50-a0007a84e3db/datanode-4/meta/datanode.id
2019-06-18 00:55:30,793 INFO  ozoneimpl.OzoneContainer (OzoneContainer.java:start(186)) - Attempting to start container services.
2019-06-18 00:55:30,795 INFO  ozoneimpl.OzoneContainer (OzoneContainer.java:startContainerScrub(160)) - Background container scrubber has been disabled by hdds.containerscrub.enabled
2019-06-18 00:55:30,795 INFO  ratis.XceiverServerRatis (XceiverServerRatis.java:start(418)) - Starting XceiverServerRatis 2d9c32cf-d138-46ed-86fe-555b0f222d66 at port 35455
2019-06-18 00:55:30,842 INFO  impl.RaftServerProxy (RaftServerProxy.java:lambda$start$3(299)) - 2d9c32cf-d138-46ed-86fe-555b0f222d66: start RPC server
2019-06-18 00:55:31,013 INFO  ozone.MiniOzoneClusterImpl (MiniOzoneClusterImpl.java:lambda$waitForClusterToBeReady$0(142)) - Waiting for cluster to be ready. Got 0 of 5 DN Heartbeats.
2019-06-18 00:55:31,033 INFO  server.GrpcService (GrpcService.java:startImpl(148)) - 2d9c32cf-d138-46ed-86fe-555b0f222d66: GrpcService started, listening on 0.0.0.0/0.0.0.0:35455
2019-06-18 00:55:31,108 INFO  ozoneimpl.OzoneContainer (OzoneContainer.java:start(186)) - Attempting to start container services.
2019-06-18 00:55:31,110 INFO  ozoneimpl.OzoneContainer (OzoneContainer.java:startContainerScrub(160)) - Background container scrubber has been disabled by hdds.containerscrub.enabled
2019-06-18 00:55:31,110 INFO  ratis.XceiverServerRatis (XceiverServerRatis.java:start(418)) - Starting XceiverServerRatis 845dac45-d65a-40db-aa8d-9123cdf470a5 at port 33245
2019-06-18 00:55:31,118 INFO  impl.RaftServerProxy (RaftServerProxy.java:lambda$start$3(299)) - 845dac45-d65a-40db-aa8d-9123cdf470a5: start RPC server
2019-06-18 00:55:31,121 INFO  server.GrpcService (GrpcService.java:startImpl(148)) - 845dac45-d65a-40db-aa8d-9123cdf470a5: GrpcService started, listening on 0.0.0.0/0.0.0.0:33245
2019-06-18 00:55:31,415 INFO  ozoneimpl.OzoneContainer (OzoneContainer.java:start(186)) - Attempting to start container services.
2019-06-18 00:55:31,417 INFO  ozoneimpl.OzoneContainer (OzoneContainer.java:startContainerScrub(160)) - Background container scrubber has been disabled by hdds.containerscrub.enabled
2019-06-18 00:55:31,417 INFO  ratis.XceiverServerRatis (XceiverServerRatis.java:start(418)) - Starting XceiverServerRatis 7d41c113-78b8-42e0-973f-a2985e127fce at port 36203
2019-06-18 00:55:31,427 INFO  impl.RaftServerProxy (RaftServerProxy.java:lambda$start$3(299)) - 7d41c113-78b8-42e0-973f-a2985e127fce: start RPC server
2019-06-18 00:55:31,431 INFO  server.GrpcService (GrpcService.java:startImpl(148)) - 7d41c113-78b8-42e0-973f-a2985e127fce: GrpcService started, listening on 0.0.0.0/0.0.0.0:36203
2019-06-18 00:55:31,753 INFO  ozoneimpl.OzoneContainer (OzoneContainer.java:start(186)) - Attempting to start container services.
2019-06-18 00:55:31,754 INFO  ozoneimpl.OzoneContainer (OzoneContainer.java:startContainerScrub(160)) - Background container scrubber has been disabled by hdds.containerscrub.enabled
2019-06-18 00:55:31,754 INFO  ratis.XceiverServerRatis (XceiverServerRatis.java:start(418)) - Starting XceiverServerRatis b6c45e7e-8e12-4ac6-9bf8-7ec84ba6b163 at port 38063
2019-06-18 00:55:31,760 INFO  impl.RaftServerProxy (RaftServerProxy.java:lambda$start$3(299)) - b6c45e7e-8e12-4ac6-9bf8-7ec84ba6b163: start RPC server
2019-06-18 00:55:31,762 INFO  server.GrpcService (GrpcService.java:startImpl(148)) - b6c45e7e-8e12-4ac6-9bf8-7ec84ba6b163: GrpcService started, listening on 0.0.0.0/0.0.0.0:38063
2019-06-18 00:55:32,013 INFO  ozone.MiniOzoneClusterImpl (MiniOzoneClusterImpl.java:lambda$waitForClusterToBeReady$0(142)) - Waiting for cluster to be ready. Got 0 of 5 DN Heartbeats.
2019-06-18 00:55:32,026 INFO  ozoneimpl.OzoneContainer (OzoneContainer.java:start(186)) - Attempting to start container services.
2019-06-18 00:55:32,028 INFO  ozoneimpl.OzoneContainer (OzoneContainer.java:startContainerScrub(160)) - Background container scrubber has been disabled by hdds.containerscrub.enabled
2019-06-18 00:55:32,028 INFO  ratis.XceiverServerRatis (XceiverServerRatis.java:start(418)) - Starting XceiverServerRatis b9b86353-4835-4c55-9d74-7fec18bbda58 at port 43869
2019-06-18 00:55:32,040 INFO  impl.RaftServerProxy (RaftServerProxy.java:lambda$start$3(299)) - b9b86353-4835-4c55-9d74-7fec18bbda58: start RPC server
2019-06-18 00:55:32,042 INFO  server.GrpcService (GrpcService.java:startImpl(148)) - b9b86353-4835-4c55-9d74-7fec18bbda58: GrpcService started, listening on 0.0.0.0/0.0.0.0:43869
2019-06-18 00:55:32,788 INFO  net.NetworkTopology (NetworkTopologyImpl.java:add(109)) - Added a new node: /default-rack/192.168.46.37
2019-06-18 00:55:32,789 INFO  node.SCMNodeManager (SCMNodeManager.java:register(269)) - Registered Data node : 2d9c32cf-d138-46ed-86fe-555b0f222d66{ip: 192.168.46.37, host: ozone-unit-076618677d3mmbrd-1653384491, networkLocation: /default-rack, certSerialId: null}
2019-06-18 00:55:32,798 INFO  safemode.SCMSafeModeManager (DataNodeSafeModeRule.java:process(71)) - SCM in safe mode. 1 DataNodes registered, 1 required.
2019-06-18 00:55:32,805 INFO  safemode.SCMSafeModeManager (SCMSafeModeManager.java:validateSafeModeExitRules(177)) - ScmSafeModeManager, all rules are successfully validated
2019-06-18 00:55:32,805 INFO  safemode.SCMSafeModeManager (SCMSafeModeManager.java:exitSafeMode(193)) - SCM exiting safe mode.
2019-06-18 00:55:33,013 INFO  ozone.MiniOzoneClusterImpl (MiniOzoneClusterImpl.java:lambda$waitForClusterToBeReady$0(142)) - Waiting for cluster to be ready. Got 1 of 5 DN Heartbeats.
2019-06-18 00:55:33,104 INFO  node.SCMNodeManager (SCMNodeManager.java:register(269)) - Registered Data node : 845dac45-d65a-40db-aa8d-9123cdf470a5{ip: 192.168.46.37, host: ozone-unit-076618677d3mmbrd-1653384491, networkLocation: /default-rack, certSerialId: null}
2019-06-18 00:55:33,327 INFO  impl.RaftServerProxy (RaftServerProxy.java:addNew(89)) - 2d9c32cf-d138-46ed-86fe-555b0f222d66: addNew group-7DD023FEFE38:[2d9c32cf-d138-46ed-86fe-555b0f222d66:192.168.46.37:35455] returns group-7DD023FEFE38:java.util.concurrent.CompletableFuture@27f42422[Not completed]
2019-06-18 00:55:33,351 INFO  impl.RaftServerImpl (RaftServerImpl.java:<init>(91)) - 2d9c32cf-d138-46ed-86fe-555b0f222d66: new RaftServerImpl for group-7DD023FEFE38:[2d9c32cf-d138-46ed-86fe-555b0f222d66:192.168.46.37:35455] with ContainerStateMachine:uninitialized
2019-06-18 00:55:33,357 INFO  server.RaftServerConfigKeys (ConfUtils.java:logGet(43)) - raft.server.rpc.timeout.min = 1s (custom)
2019-06-18 00:55:33,358 INFO  server.RaftServerConfigKeys (ConfUtils.java:logGet(43)) - raft.server.rpc.timeout.max = 1200ms (custom)
2019-06-18 00:55:33,359 INFO  server.RaftServerConfigKeys (ConfUtils.java:logGet(43)) - raft.server.rpcslowness.timeout = 120s (custom)
2019-06-18 00:55:33,366 INFO  server.RaftServerConfigKeys (ConfUtils.java:logGet(43)) - raft.server.log.appender.install.snapshot.enabled = true (default)
2019-06-18 00:55:33,374 INFO  impl.RaftServerImpl (ServerState.java:<init>(101)) - 2d9c32cf-d138-46ed-86fe-555b0f222d66:group-7DD023FEFE38 ConfigurationManager, init=-1: [2d9c32cf-d138-46ed-86fe-555b0f222d66:192.168.46.37:35455], old=null, confs=<EMPTY_MAP>
2019-06-18 00:55:33,374 INFO  server.RaftServerConfigKeys (ConfUtils.java:logGet(43)) - raft.server.storage.dir = [/opt/src/hadoop-ozone/tools/target/test-dir/MiniOzoneClusterImpl-6d9acd13-88f0-4110-8b50-a0007a84e3db/datanode-0/data/ratis] (custom)
2019-06-18 00:55:33,384 INFO  storage.RaftStorageDirectory (RaftStorageDirectory.java:analyzeStorage(246)) - The storage directory /opt/src/hadoop-ozone/tools/target/test-dir/MiniOzoneClusterImpl-6d9acd13-88f0-4110-8b50-a0007a84e3db/datanode-0/data/ratis/87ba764a-d6d8-482b-ad5a-7dd023fefe38 does not exist. Creating ...
2019-06-18 00:55:33,392 INFO  storage.RaftStorageDirectory (RaftStorageDirectory.java:tryLock(328)) - Lock on /opt/src/hadoop-ozone/tools/target/test-dir/MiniOzoneClusterImpl-6d9acd13-88f0-4110-8b50-a0007a84e3db/datanode-0/data/ratis/87ba764a-d6d8-482b-ad5a-7dd023fefe38/in_use.lock acquired by nodename 19170@ozone-unit-076618677d3mmbrd-1653384491
2019-06-18 00:55:33,396 INFO  storage.RaftStorage (RaftStorage.java:format(75)) - Storage directory /opt/src/hadoop-ozone/tools/target/test-dir/MiniOzoneClusterImpl-6d9acd13-88f0-4110-8b50-a0007a84e3db/datanode-0/data/ratis/87ba764a-d6d8-482b-ad5a-7dd023fefe38 has been successfully formatted.
2019-06-18 00:55:33,398 INFO  ratis.ContainerStateMachine (ContainerStateMachine.java:loadSnapshot(199)) - The snapshot info is null.Setting the last applied index to:(t:0, i:~)
2019-06-18 00:55:33,401 INFO  server.RaftServerConfigKeys (ConfUtils.java:logGet(43)) - raft.server.leader.election.timeout = 120s (custom)
2019-06-18 00:55:33,415 INFO  node.SCMNodeManager (SCMNodeManager.java:register(269)) - Registered Data node : 7d41c113-78b8-42e0-973f-a2985e127fce{ip: 192.168.46.37, host: ozone-unit-076618677d3mmbrd-1653384491, networkLocation: /default-rack, certSerialId: null}
2019-06-18 00:55:33,417 INFO  server.RaftServerConfigKeys (ConfUtils.java:logGet(43)) - raft.server.log.use.memory = false (default)
2019-06-18 00:55:33,420 INFO  server.RaftServerConfigKeys (ConfUtils.java:logGet(43)) - raft.server.log.appender.buffer.byte-limit = 33554432 (custom)
2019-06-18 00:55:33,423 INFO  server.RaftServerConfigKeys (ConfUtils.java:logGet(43)) - raft.server.log.segment.size.max = 16384 (custom)
2019-06-18 00:55:33,428 INFO  server.RaftServerConfigKeys (ConfUtils.java:logGet(43)) - raft.server.log.segment.cache.num.max = 2 (custom)
2019-06-18 00:55:33,431 INFO  storage.RaftLogWorker (RaftLogWorker.java:<init>(123)) - new 2d9c32cf-d138-46ed-86fe-555b0f222d66-RaftLogWorker for Storage Directory /opt/src/hadoop-ozone/tools/target/test-dir/MiniOzoneClusterImpl-6d9acd13-88f0-4110-8b50-a0007a84e3db/datanode-0/data/ratis/87ba764a-d6d8-482b-ad5a-7dd023fefe38
2019-06-18 00:55:33,432 INFO  server.RaftServerConfigKeys (ConfUtils.java:logGet(43)) - raft.server.log.queue.byte-limit = 2147483647 (custom)
2019-06-18 00:55:33,432 INFO  server.RaftServerConfigKeys (ConfUtils.java:logGet(43)) - raft.server.log.queue.element-limit = 1024 (custom)
2019-06-18 00:55:33,435 INFO  server.RaftServerConfigKeys (ConfUtils.java:logGet(43)) - raft.server.log.segment.size.max = 16384 (custom)
2019-06-18 00:55:33,435 INFO  server.RaftServerConfigKeys (ConfUtils.java:logGet(43)) - raft.server.log.preallocated.size = 16384 (custom)
2019-06-18 00:55:33,436 INFO  server.RaftServerConfigKeys (ConfUtils.java:logGet(43)) - raft.server.log.write.buffer.size = 33554432 (custom)
2019-06-18 00:55:33,436 INFO  server.RaftServerConfigKeys (ConfUtils.java:logGet(43)) - raft.server.log.force.sync.num = 128 (default)
2019-06-18 00:55:33,437 INFO  server.RaftServerConfigKeys (ConfUtils.java:logGet(43)) - raft.server.log.statemachine.data.sync = true (default)
2019-06-18 00:55:33,437 INFO  server.RaftServerConfigKeys (ConfUtils.java:logGet(43)) - raft.server.log.statemachine.data.sync.timeout = 10s (default)
2019-06-18 00:55:33,438 INFO  server.RaftServerConfigKeys (ConfUtils.java:logGet(43)) - raft.server.log.statemachine.data.sync.timeout.retry = -1 (default)
2019-06-18 00:55:33,441 INFO  server.RaftServerConfigKeys (ConfUtils.java:logGet(43)) - raft.server.log.statemachine.data.caching.enabled = true (custom)
2019-06-18 00:55:33,448 INFO  server.RaftServerConfigKeys (ConfUtils.java:logGet(43)) - raft.server.snapshot.auto.trigger.enabled = true (custom)
2019-06-18 00:55:33,448 INFO  server.RaftServerConfigKeys (ConfUtils.java:logGet(43)) - raft.server.snapshot.auto.trigger.threshold = 10000 (custom)
2019-06-18 00:55:33,449 INFO  server.RaftServerConfigKeys (ConfUtils.java:logGet(43)) - raft.server.retrycache.expirytime = 600000ms (custom)
2019-06-18 00:55:33,478 INFO  impl.RaftServerImpl (RaftServerImpl.java:start(173)) - 2d9c32cf-d138-46ed-86fe-555b0f222d66: start group-7DD023FEFE38
2019-06-18 00:55:33,479 INFO  impl.RaftServerImpl (RaftServerImpl.java:setRole(164)) - 2d9c32cf-d138-46ed-86fe-555b0f222d66:group-7DD023FEFE38 changes role from null to FOLLOWER at term 0 for startAsFollower
2019-06-18 00:55:33,480 INFO  impl.RoleInfo (RoleInfo.java:updateAndGet(143)) - 2d9c32cf-d138-46ed-86fe-555b0f222d66: start FollowerState
2019-06-18 00:55:33,482 INFO  util.JmxRegister (JmxRegister.java:tryRegister(44)) - Successfully registered JMX Bean with object name Ratis:service=RaftServer,group=group-7DD023FEFE38,id=2d9c32cf-d138-46ed-86fe-555b0f222d66
2019-06-18 00:55:33,752 INFO  node.SCMNodeManager (SCMNodeManager.java:register(269)) - Registered Data node : b6c45e7e-8e12-4ac6-9bf8-7ec84ba6b163{ip: 192.168.46.37, host: ozone-unit-076618677d3mmbrd-1653384491, networkLocation: /default-rack, certSerialId: null}
2019-06-18 00:55:33,812 INFO  pipeline.PipelineStateManager (PipelineStateManager.java:addPipeline(56)) - Created pipeline Pipeline[ Id: 87ba764a-d6d8-482b-ad5a-7dd023fefe38, Nodes: 2d9c32cf-d138-46ed-86fe-555b0f222d66{ip: 192.168.46.37, host: ozone-unit-076618677d3mmbrd-1653384491, networkLocation: /default-rack, certSerialId: null}, Type:RATIS, Factor:ONE, State:OPEN]
2019-06-18 00:55:33,829 INFO  impl.RaftServerProxy (RaftServerProxy.java:addNew(89)) - 7d41c113-78b8-42e0-973f-a2985e127fce: addNew group-60CAC3877F37:[7d41c113-78b8-42e0-973f-a2985e127fce:192.168.46.37:36203] returns group-60CAC3877F37:java.util.concurrent.CompletableFuture@1d979a0e[Not completed]
2019-06-18 00:55:33,860 INFO  impl.RaftServerImpl (RaftServerImpl.java:<init>(91)) - 7d41c113-78b8-42e0-973f-a2985e127fce: new RaftServerImpl for group-60CAC3877F37:[7d41c113-78b8-42e0-973f-a2985e127fce:192.168.46.37:36203] with ContainerStateMachine:uninitialized
2019-06-18 00:55:33,862 INFO  server.RaftServerConfigKeys (ConfUtils.java:logGet(43)) - raft.server.rpc.timeout.min = 1s (custom)
2019-06-18 00:55:33,862 INFO  server.RaftServerConfigKeys (ConfUtils.java:logGet(43)) - raft.server.rpc.timeout.max = 1200ms (custom)
2019-06-18 00:55:33,862 INFO  server.RaftServerConfigKeys (ConfUtils.java:logGet(43)) - raft.server.rpcslowness.timeout = 120s (custom)
2019-06-18 00:55:33,862 INFO  server.RaftServerConfigKeys (ConfUtils.java:logGet(43)) - raft.server.log.appender.install.snapshot.enabled = true (default)
2019-06-18 00:55:33,862 INFO  impl.RaftServerImpl (ServerState.java:<init>(101)) - 7d41c113-78b8-42e0-973f-a2985e127fce:group-60CAC3877F37 ConfigurationManager, init=-1: [7d41c113-78b8-42e0-973f-a2985e127fce:192.168.46.37:36203], old=null, confs=<EMPTY_MAP>
2019-06-18 00:55:33,862 INFO  server.RaftServerConfigKeys (ConfUtils.java:logGet(43)) - raft.server.storage.dir = [/opt/src/hadoop-ozone/tools/target/test-dir/MiniOzoneClusterImpl-6d9acd13-88f0-4110-8b50-a0007a84e3db/datanode-2/data/ratis] (custom)
2019-06-18 00:55:33,862 INFO  storage.RaftStorageDirectory (RaftStorageDirectory.java:analyzeStorage(246)) - The storage directory /opt/src/hadoop-ozone/tools/target/test-dir/MiniOzoneClusterImpl-6d9acd13-88f0-4110-8b50-a0007a84e3db/datanode-2/data/ratis/6a8fcf8a-4a98-42c2-afb1-60cac3877f37 does not exist. Creating ...
2019-06-18 00:55:33,866 INFO  storage.RaftStorageDirectory (RaftStorageDirectory.java:tryLock(328)) - Lock on /opt/src/hadoop-ozone/tools/target/test-dir/MiniOzoneClusterImpl-6d9acd13-88f0-4110-8b50-a0007a84e3db/datanode-2/data/ratis/6a8fcf8a-4a98-42c2-afb1-60cac3877f37/in_use.lock acquired by nodename 19170@ozone-unit-076618677d3mmbrd-1653384491
2019-06-18 00:55:33,868 INFO  storage.RaftStorage (RaftStorage.java:format(75)) - Storage directory /opt/src/hadoop-ozone/tools/target/test-dir/MiniOzoneClusterImpl-6d9acd13-88f0-4110-8b50-a0007a84e3db/datanode-2/data/ratis/6a8fcf8a-4a98-42c2-afb1-60cac3877f37 has been successfully formatted.
2019-06-18 00:55:33,869 INFO  ratis.ContainerStateMachine (ContainerStateMachine.java:loadSnapshot(199)) - The snapshot info is null.Setting the last applied index to:(t:0, i:~)
2019-06-18 00:55:33,870 INFO  server.RaftServerConfigKeys (ConfUtils.java:logGet(43)) - raft.server.leader.election.timeout = 120s (custom)
2019-06-18 00:55:33,870 INFO  server.RaftServerConfigKeys (ConfUtils.java:logGet(43)) - raft.server.log.use.memory = false (default)
2019-06-18 00:55:33,871 INFO  server.RaftServerConfigKeys (ConfUtils.java:logGet(43)) - raft.server.log.appender.buffer.byte-limit = 33554432 (custom)
2019-06-18 00:55:33,871 INFO  server.RaftServerConfigKeys (ConfUtils.java:logGet(43)) - raft.server.log.segment.size.max = 16384 (custom)
2019-06-18 00:55:33,871 INFO  server.RaftServerConfigKeys (ConfUtils.java:logGet(43)) - raft.server.log.segment.cache.num.max = 2 (custom)
2019-06-18 00:55:33,871 INFO  storage.RaftLogWorker (RaftLogWorker.java:<init>(123)) - new 7d41c113-78b8-42e0-973f-a2985e127fce-RaftLogWorker for Storage Directory /opt/src/hadoop-ozone/tools/target/test-dir/MiniOzoneClusterImpl-6d9acd13-88f0-4110-8b50-a0007a84e3db/datanode-2/data/ratis/6a8fcf8a-4a98-42c2-afb1-60cac3877f37
2019-06-18 00:55:33,872 INFO  server.RaftServerConfigKeys (ConfUtils.java:logGet(43)) - raft.server.log.queue.byte-limit = 2147483647 (custom)
2019-06-18 00:55:33,872 INFO  server.RaftServerConfigKeys (ConfUtils.java:logGet(43)) - raft.server.log.queue.element-limit = 1024 (custom)
2019-06-18 00:55:33,872 INFO  server.RaftServerConfigKeys (ConfUtils.java:logGet(43)) - raft.server.log.segment.size.max = 16384 (custom)
2019-06-18 00:55:33,872 INFO  server.RaftServerConfigKeys (ConfUtils.java:logGet(43)) - raft.server.log.preallocated.size = 16384 (custom)
2019-06-18 00:55:33,872 INFO  server.RaftServerConfigKeys (ConfUtils.java:logGet(43)) - raft.server.log.write.buffer.size = 33554432 (custom)
2019-06-18 00:55:33,872 INFO  server.RaftServerConfigKeys (ConfUtils.java:logGet(43)) - raft.server.log.force.sync.num = 128 (default)
2019-06-18 00:55:33,873 INFO  server.RaftServerConfigKeys (ConfUtils.java:logGet(43)) - raft.server.log.statemachine.data.sync = true (default)
2019-06-18 00:55:33,873 INFO  server.RaftServerConfigKeys (ConfUtils.java:logGet(43)) - raft.server.log.statemachine.data.sync.timeout = 10s (default)
2019-06-18 00:55:33,873 INFO  server.RaftServerConfigKeys (ConfUtils.java:logGet(43)) - raft.server.log.statemachine.data.sync.timeout.retry = -1 (default)
2019-06-18 00:55:33,873 INFO  server.RaftServerConfigKeys (ConfUtils.java:logGet(43)) - raft.server.log.statemachine.data.caching.enabled = true (custom)
2019-06-18 00:55:33,877 INFO  server.RaftServerConfigKeys (ConfUtils.java:logGet(43)) - raft.server.snapshot.auto.trigger.enabled = true (custom)
2019-06-18 00:55:33,878 INFO  server.RaftServerConfigKeys (ConfUtils.java:logGet(43)) - raft.server.snapshot.auto.trigger.threshold = 10000 (custom)
2019-06-18 00:55:33,878 INFO  server.RaftServerConfigKeys (ConfUtils.java:logGet(43)) - raft.server.retrycache.expirytime = 600000ms (custom)
2019-06-18 00:55:33,878 INFO  impl.RaftServerImpl (RaftServerImpl.java:start(173)) - 7d41c113-78b8-42e0-973f-a2985e127fce: start group-60CAC3877F37
2019-06-18 00:55:33,878 INFO  impl.RaftServerImpl (RaftServerImpl.java:setRole(164)) - 7d41c113-78b8-42e0-973f-a2985e127fce:group-60CAC3877F37 changes role from null to FOLLOWER at term 0 for startAsFollower
2019-06-18 00:55:33,878 INFO  impl.RoleInfo (RoleInfo.java:updateAndGet(143)) - 7d41c113-78b8-42e0-973f-a2985e127fce: start FollowerState
2019-06-18 00:55:33,883 INFO  util.JmxRegister (JmxRegister.java:tryRegister(44)) - Successfully registered JMX Bean with object name Ratis:service=RaftServer,group=group-60CAC3877F37,id=7d41c113-78b8-42e0-973f-a2985e127fce
2019-06-18 00:55:33,904 INFO  pipeline.PipelineStateManager (PipelineStateManager.java:addPipeline(56)) - Created pipeline Pipeline[ Id: 6a8fcf8a-4a98-42c2-afb1-60cac3877f37, Nodes: 7d41c113-78b8-42e0-973f-a2985e127fce{ip: 192.168.46.37, host: ozone-unit-076618677d3mmbrd-1653384491, networkLocation: /default-rack, certSerialId: null}, Type:RATIS, Factor:ONE, State:OPEN]
2019-06-18 00:55:33,921 INFO  impl.RaftServerProxy (RaftServerProxy.java:addNew(89)) - 845dac45-d65a-40db-aa8d-9123cdf470a5: addNew group-5E85109E995F:[845dac45-d65a-40db-aa8d-9123cdf470a5:192.168.46.37:33245] returns group-5E85109E995F:java.util.concurrent.CompletableFuture@3def0796[Not completed]
2019-06-18 00:55:33,925 INFO  impl.RaftServerImpl (RaftServerImpl.java:<init>(91)) - 845dac45-d65a-40db-aa8d-9123cdf470a5: new RaftServerImpl for group-5E85109E995F:[845dac45-d65a-40db-aa8d-9123cdf470a5:192.168.46.37:33245] with ContainerStateMachine:uninitialized
2019-06-18 00:55:33,926 INFO  server.RaftServerConfigKeys (ConfUtils.java:logGet(43)) - raft.server.rpc.timeout.min = 1s (custom)
2019-06-18 00:55:33,926 INFO  server.RaftServerConfigKeys (ConfUtils.java:logGet(43)) - raft.server.rpc.timeout.max = 1200ms (custom)
2019-06-18 00:55:33,926 INFO  server.RaftServerConfigKeys (ConfUtils.java:logGet(43)) - raft.server.rpcslowness.timeout = 120s (custom)
2019-06-18 00:55:33,926 INFO  server.RaftServerConfigKeys (ConfUtils.java:logGet(43)) - raft.server.log.appender.install.snapshot.enabled = true (default)
2019-06-18 00:55:33,926 INFO  impl.RaftServerImpl (ServerState.java:<init>(101)) - 845dac45-d65a-40db-aa8d-9123cdf470a5:group-5E85109E995F ConfigurationManager, init=-1: [845dac45-d65a-40db-aa8d-9123cdf470a5:192.168.46.37:33245], old=null, confs=<EMPTY_MAP>
2019-06-18 00:55:33,926 INFO  server.RaftServerConfigKeys (ConfUtils.java:logGet(43)) - raft.server.storage.dir = [/opt/src/hadoop-ozone/tools/target/test-dir/MiniOzoneClusterImpl-6d9acd13-88f0-4110-8b50-a0007a84e3db/datanode-1/data/ratis] (custom)
2019-06-18 00:55:33,927 INFO  storage.RaftStorageDirectory (RaftStorageDirectory.java:analyzeStorage(246)) - The storage directory /opt/src/hadoop-ozone/tools/target/test-dir/MiniOzoneClusterImpl-6d9acd13-88f0-4110-8b50-a0007a84e3db/datanode-1/data/ratis/e0786294-ed87-4b43-912e-5e85109e995f does not exist. Creating ...
2019-06-18 00:55:33,929 INFO  storage.RaftStorageDirectory (RaftStorageDirectory.java:tryLock(328)) - Lock on /opt/src/hadoop-ozone/tools/target/test-dir/MiniOzoneClusterImpl-6d9acd13-88f0-4110-8b50-a0007a84e3db/datanode-1/data/ratis/e0786294-ed87-4b43-912e-5e85109e995f/in_use.lock acquired by nodename 19170@ozone-unit-076618677d3mmbrd-1653384491
2019-06-18 00:55:33,931 INFO  storage.RaftStorage (RaftStorage.java:format(75)) - Storage directory /opt/src/hadoop-ozone/tools/target/test-dir/MiniOzoneClusterImpl-6d9acd13-88f0-4110-8b50-a0007a84e3db/datanode-1/data/ratis/e0786294-ed87-4b43-912e-5e85109e995f has been successfully formatted.
2019-06-18 00:55:33,931 INFO  ratis.ContainerStateMachine (ContainerStateMachine.java:loadSnapshot(199)) - The snapshot info is null.Setting the last applied index to:(t:0, i:~)
2019-06-18 00:55:33,931 INFO  server.RaftServerConfigKeys (ConfUtils.java:logGet(43)) - raft.server.leader.election.timeout = 120s (custom)
2019-06-18 00:55:33,931 INFO  server.RaftServerConfigKeys (ConfUtils.java:logGet(43)) - raft.server.log.use.memory = false (default)
2019-06-18 00:55:33,932 INFO  server.RaftServerConfigKeys (ConfUtils.java:logGet(43)) - raft.server.log.appender.buffer.byte-limit = 33554432 (custom)
2019-06-18 00:55:33,932 INFO  server.RaftServerConfigKeys (ConfUtils.java:logGet(43)) - raft.server.log.segment.size.max = 16384 (custom)
2019-06-18 00:55:33,932 INFO  server.RaftServerConfigKeys (ConfUtils.java:logGet(43)) - raft.server.log.segment.cache.num.max = 2 (custom)
2019-06-18 00:55:33,932 INFO  storage.RaftLogWorker (RaftLogWorker.java:<init>(123)) - new 845dac45-d65a-40db-aa8d-9123cdf470a5-RaftLogWorker for Storage Directory /opt/src/hadoop-ozone/tools/target/test-dir/MiniOzoneClusterImpl-6d9acd13-88f0-4110-8b50-a0007a84e3db/datanode-1/data/ratis/e0786294-ed87-4b43-912e-5e85109e995f
2019-06-18 00:55:33,932 INFO  server.RaftServerConfigKeys (ConfUtils.java:logGet(43)) - raft.server.log.queue.byte-limit = 2147483647 (custom)
2019-06-18 00:55:33,932 INFO  server.RaftServerConfigKeys (ConfUtils.java:logGet(43)) - raft.server.log.queue.element-limit = 1024 (custom)
2019-06-18 00:55:33,932 INFO  server.RaftServerConfigKeys (ConfUtils.java:logGet(43)) - raft.server.log.segment.size.max = 16384 (custom)
2019-06-18 00:55:33,932 INFO  server.RaftServerConfigKeys (ConfUtils.java:logGet(43)) - raft.server.log.preallocated.size = 16384 (custom)
2019-06-18 00:55:33,932 INFO  server.RaftServerConfigKeys (ConfUtils.java:logGet(43)) - raft.server.log.write.buffer.size = 33554432 (custom)
2019-06-18 00:55:33,932 INFO  server.RaftServerConfigKeys (ConfUtils.java:logGet(43)) - raft.server.log.force.sync.num = 128 (default)
2019-06-18 00:55:33,933 INFO  server.RaftServerConfigKeys (ConfUtils.java:logGet(43)) - raft.server.log.statemachine.data.sync = true (default)
2019-06-18 00:55:33,933 INFO  server.RaftServerConfigKeys (ConfUtils.java:logGet(43)) - raft.server.log.statemachine.data.sync.timeout = 10s (default)
2019-06-18 00:55:33,933 INFO  server.RaftServerConfigKeys (ConfUtils.java:logGet(43)) - raft.server.log.statemachine.data.sync.timeout.retry = -1 (default)
2019-06-18 00:55:33,933 INFO  server.RaftServerConfigKeys (ConfUtils.java:logGet(43)) - raft.server.log.statemachine.data.caching.enabled = true (custom)
2019-06-18 00:55:33,933 INFO  server.RaftServerConfigKeys (ConfUtils.java:logGet(43)) - raft.server.snapshot.auto.trigger.enabled = true (custom)
2019-06-18 00:55:33,933 INFO  server.RaftServerConfigKeys (ConfUtils.java:logGet(43)) - raft.server.snapshot.auto.trigger.threshold = 10000 (custom)
2019-06-18 00:55:33,934 INFO  server.RaftServerConfigKeys (ConfUtils.java:logGet(43)) - raft.server.retrycache.expirytime = 600000ms (custom)
2019-06-18 00:55:33,934 INFO  impl.RaftServerImpl (RaftServerImpl.java:start(173)) - 845dac45-d65a-40db-aa8d-9123cdf470a5: start group-5E85109E995F
2019-06-18 00:55:33,934 INFO  impl.RaftServerImpl (RaftServerImpl.java:setRole(164)) - 845dac45-d65a-40db-aa8d-9123cdf470a5:group-5E85109E995F changes role from null to FOLLOWER at term 0 for startAsFollower
2019-06-18 00:55:33,934 INFO  impl.RoleInfo (RoleInfo.java:updateAndGet(143)) - 845dac45-d65a-40db-aa8d-9123cdf470a5: start FollowerState
2019-06-18 00:55:33,934 INFO  util.JmxRegister (JmxRegister.java:tryRegister(44)) - Successfully registered JMX Bean with object name Ratis:service=RaftServer,group=group-5E85109E995F,id=845dac45-d65a-40db-aa8d-9123cdf470a5
2019-06-18 00:55:33,947 INFO  pipeline.PipelineStateManager (PipelineStateManager.java:addPipeline(56)) - Created pipeline Pipeline[ Id: e0786294-ed87-4b43-912e-5e85109e995f, Nodes: 845dac45-d65a-40db-aa8d-9123cdf470a5{ip: 192.168.46.37, host: ozone-unit-076618677d3mmbrd-1653384491, networkLocation: /default-rack, certSerialId: null}, Type:RATIS, Factor:ONE, State:OPEN]
2019-06-18 00:55:33,963 INFO  impl.RaftServerProxy (RaftServerProxy.java:addNew(89)) - b6c45e7e-8e12-4ac6-9bf8-7ec84ba6b163: addNew group-F9C5C399D293:[b6c45e7e-8e12-4ac6-9bf8-7ec84ba6b163:192.168.46.37:38063] returns group-F9C5C399D293:java.util.concurrent.CompletableFuture@6b1fb8b9[Not completed]
2019-06-18 00:55:33,964 INFO  impl.RaftServerImpl (RaftServerImpl.java:<init>(91)) - b6c45e7e-8e12-4ac6-9bf8-7ec84ba6b163: new RaftServerImpl for group-F9C5C399D293:[b6c45e7e-8e12-4ac6-9bf8-7ec84ba6b163:192.168.46.37:38063] with ContainerStateMachine:uninitialized
2019-06-18 00:55:33,964 INFO  server.RaftServerConfigKeys (ConfUtils.java:logGet(43)) - raft.server.rpc.timeout.min = 1s (custom)
2019-06-18 00:55:33,964 INFO  server.RaftServerConfigKeys (ConfUtils.java:logGet(43)) - raft.server.rpc.timeout.max = 1200ms (custom)
2019-06-18 00:55:33,964 INFO  server.RaftServerConfigKeys (ConfUtils.java:logGet(43)) - raft.server.rpcslowness.timeout = 120s (custom)
2019-06-18 00:55:33,964 INFO  server.RaftServerConfigKeys (ConfUtils.java:logGet(43)) - raft.server.log.appender.install.snapshot.enabled = true (default)
2019-06-18 00:55:33,964 INFO  impl.RaftServerImpl (ServerState.java:<init>(101)) - b6c45e7e-8e12-4ac6-9bf8-7ec84ba6b163:group-F9C5C399D293 ConfigurationManager, init=-1: [b6c45e7e-8e12-4ac6-9bf8-7ec84ba6b163:192.168.46.37:38063], old=null, confs=<EMPTY_MAP>
2019-06-18 00:55:33,964 INFO  server.RaftServerConfigKeys (ConfUtils.java:logGet(43)) - raft.server.storage.dir = [/opt/src/hadoop-ozone/tools/target/test-dir/MiniOzoneClusterImpl-6d9acd13-88f0-4110-8b50-a0007a84e3db/datanode-3/data/ratis] (custom)
2019-06-18 00:55:33,965 INFO  storage.RaftStorageDirectory (RaftStorageDirectory.java:analyzeStorage(246)) - The storage directory /opt/src/hadoop-ozone/tools/target/test-dir/MiniOzoneClusterImpl-6d9acd13-88f0-4110-8b50-a0007a84e3db/datanode-3/data/ratis/a32b8f02-fc89-4011-8cc8-f9c5c399d293 does not exist. Creating ...
2019-06-18 00:55:33,967 INFO  storage.RaftStorageDirectory (RaftStorageDirectory.java:tryLock(328)) - Lock on /opt/src/hadoop-ozone/tools/target/test-dir/MiniOzoneClusterImpl-6d9acd13-88f0-4110-8b50-a0007a84e3db/datanode-3/data/ratis/a32b8f02-fc89-4011-8cc8-f9c5c399d293/in_use.lock acquired by nodename 19170@ozone-unit-076618677d3mmbrd-1653384491
2019-06-18 00:55:33,969 INFO  storage.RaftStorage (RaftStorage.java:format(75)) - Storage directory /opt/src/hadoop-ozone/tools/target/test-dir/MiniOzoneClusterImpl-6d9acd13-88f0-4110-8b50-a0007a84e3db/datanode-3/data/ratis/a32b8f02-fc89-4011-8cc8-f9c5c399d293 has been successfully formatted.
2019-06-18 00:55:33,970 INFO  ratis.ContainerStateMachine (ContainerStateMachine.java:loadSnapshot(199)) - The snapshot info is null.Setting the last applied index to:(t:0, i:~)
2019-06-18 00:55:33,970 INFO  server.RaftServerConfigKeys (ConfUtils.java:logGet(43)) - raft.server.leader.election.timeout = 120s (custom)
2019-06-18 00:55:33,970 INFO  server.RaftServerConfigKeys (ConfUtils.java:logGet(43)) - raft.server.log.use.memory = false (default)
2019-06-18 00:55:33,970 INFO  server.RaftServerConfigKeys (ConfUtils.java:logGet(43)) - raft.server.log.appender.buffer.byte-limit = 33554432 (custom)
2019-06-18 00:55:33,970 INFO  server.RaftServerConfigKeys (ConfUtils.java:logGet(43)) - raft.server.log.segment.size.max = 16384 (custom)
2019-06-18 00:55:33,970 INFO  server.RaftServerConfigKeys (ConfUtils.java:logGet(43)) - raft.server.log.segment.cache.num.max = 2 (custom)
2019-06-18 00:55:33,970 INFO  storage.RaftLogWorker (RaftLogWorker.java:<init>(123)) - new b6c45e7e-8e12-4ac6-9bf8-7ec84ba6b163-RaftLogWorker for Storage Directory /opt/src/hadoop-ozone/tools/target/test-dir/MiniOzoneClusterImpl-6d9acd13-88f0-4110-8b50-a0007a84e3db/datanode-3/data/ratis/a32b8f02-fc89-4011-8cc8-f9c5c399d293
2019-06-18 00:55:33,971 INFO  server.RaftServerConfigKeys (ConfUtils.java:logGet(43)) - raft.server.log.queue.byte-limit = 2147483647 (custom)
2019-06-18 00:55:33,971 INFO  server.RaftServerConfigKeys (ConfUtils.java:logGet(43)) - raft.server.log.queue.element-limit = 1024 (custom)
2019-06-18 00:55:33,971 INFO  server.RaftServerConfigKeys (ConfUtils.java:logGet(43)) - raft.server.log.segment.size.max = 16384 (custom)
2019-06-18 00:55:33,971 INFO  server.RaftServerConfigKeys (ConfUtils.java:logGet(43)) - raft.server.log.preallocated.size = 16384 (custom)
2019-06-18 00:55:33,971 INFO  server.RaftServerConfigKeys (ConfUtils.java:logGet(43)) - raft.server.log.write.buffer.size = 33554432 (custom)
2019-06-18 00:55:33,971 INFO  server.RaftServerConfigKeys (ConfUtils.java:logGet(43)) - raft.server.log.force.sync.num = 128 (default)
2019-06-18 00:55:33,971 INFO  server.RaftServerConfigKeys (ConfUtils.java:logGet(43)) - raft.server.log.statemachine.data.sync = true (default)
2019-06-18 00:55:33,971 INFO  server.RaftServerConfigKeys (ConfUtils.java:logGet(43)) - raft.server.log.statemachine.data.sync.timeout = 10s (default)
2019-06-18 00:55:33,972 INFO  server.RaftServerConfigKeys (ConfUtils.java:logGet(43)) - raft.server.log.statemachine.data.sync.timeout.retry = -1 (default)
2019-06-18 00:55:33,972 INFO  server.RaftServerConfigKeys (ConfUtils.java:logGet(43)) - raft.server.log.statemachine.data.caching.enabled = true (custom)
2019-06-18 00:55:33,972 INFO  server.RaftServerConfigKeys (ConfUtils.java:logGet(43)) - raft.server.snapshot.auto.trigger.enabled = true (custom)
2019-06-18 00:55:33,972 INFO  server.RaftServerConfigKeys (ConfUtils.java:logGet(43)) - raft.server.snapshot.auto.trigger.threshold = 10000 (custom)
2019-06-18 00:55:33,972 INFO  server.RaftServerConfigKeys (ConfUtils.java:logGet(43)) - raft.server.retrycache.expirytime = 600000ms (custom)
2019-06-18 00:55:33,973 INFO  impl.RaftServerImpl (RaftServerImpl.java:start(173)) - b6c45e7e-8e12-4ac6-9bf8-7ec84ba6b163: start group-F9C5C399D293
2019-06-18 00:55:33,973 INFO  impl.RaftServerImpl (RaftServerImpl.java:setRole(164)) - b6c45e7e-8e12-4ac6-9bf8-7ec84ba6b163:group-F9C5C399D293 changes role from null to FOLLOWER at term 0 for startAsFollower
2019-06-18 00:55:33,973 INFO  impl.RoleInfo (RoleInfo.java:updateAndGet(143)) - b6c45e7e-8e12-4ac6-9bf8-7ec84ba6b163: start FollowerState
2019-06-18 00:55:33,973 INFO  util.JmxRegister (JmxRegister.java:tryRegister(44)) - Successfully registered JMX Bean with object name Ratis:service=RaftServer,group=group-F9C5C399D293,id=b6c45e7e-8e12-4ac6-9bf8-7ec84ba6b163
2019-06-18 00:55:33,983 INFO  pipeline.PipelineStateManager (PipelineStateManager.java:addPipeline(56)) - Created pipeline Pipeline[ Id: a32b8f02-fc89-4011-8cc8-f9c5c399d293, Nodes: b6c45e7e-8e12-4ac6-9bf8-7ec84ba6b163{ip: 192.168.46.37, host: ozone-unit-076618677d3mmbrd-1653384491, networkLocation: /default-rack, certSerialId: null}, Type:RATIS, Factor:ONE, State:OPEN]
2019-06-18 00:55:34,014 INFO  ozone.MiniOzoneClusterImpl (MiniOzoneClusterImpl.java:lambda$waitForClusterToBeReady$0(142)) - Waiting for cluster to be ready. Got 4 of 5 DN Heartbeats.
2019-06-18 00:55:34,026 INFO  node.SCMNodeManager (SCMNodeManager.java:register(269)) - Registered Data node : b9b86353-4835-4c55-9d74-7fec18bbda58{ip: 192.168.46.37, host: ozone-unit-076618677d3mmbrd-1653384491, networkLocation: /default-rack, certSerialId: null}
2019-06-18 00:55:34,034 INFO  impl.RaftServerProxy (RaftServerProxy.java:addNew(89)) - 845dac45-d65a-40db-aa8d-9123cdf470a5: addNew group-F789D1FF0E52:[2d9c32cf-d138-46ed-86fe-555b0f222d66:192.168.46.37:35455, 7d41c113-78b8-42e0-973f-a2985e127fce:192.168.46.37:36203, 845dac45-d65a-40db-aa8d-9123cdf470a5:192.168.46.37:33245] returns group-F789D1FF0E52:java.util.concurrent.CompletableFuture@6a541394[Not completed]
2019-06-18 00:55:34,036 INFO  impl.RaftServerProxy (RaftServerProxy.java:addNew(89)) - 7d41c113-78b8-42e0-973f-a2985e127fce: addNew group-F789D1FF0E52:[2d9c32cf-d138-46ed-86fe-555b0f222d66:192.168.46.37:35455, 7d41c113-78b8-42e0-973f-a2985e127fce:192.168.46.37:36203, 845dac45-d65a-40db-aa8d-9123cdf470a5:192.168.46.37:33245] returns group-F789D1FF0E52:java.util.concurrent.CompletableFuture@2451381e[Not completed]
2019-06-18 00:55:34,036 INFO  impl.RaftServerImpl (RaftServerImpl.java:<init>(91)) - 845dac45-d65a-40db-aa8d-9123cdf470a5: new RaftServerImpl for group-F789D1FF0E52:[2d9c32cf-d138-46ed-86fe-555b0f222d66:192.168.46.37:35455, 7d41c113-78b8-42e0-973f-a2985e127fce:192.168.46.37:36203, 845dac45-d65a-40db-aa8d-9123cdf470a5:192.168.46.37:33245] with ContainerStateMachine:uninitialized
2019-06-18 00:55:34,036 INFO  server.RaftServerConfigKeys (ConfUtils.java:logGet(43)) - raft.server.rpc.timeout.min = 1s (custom)
2019-06-18 00:55:34,036 INFO  server.RaftServerConfigKeys (ConfUtils.java:logGet(43)) - raft.server.rpc.timeout.max = 1200ms (custom)
2019-06-18 00:55:34,036 INFO  server.RaftServerConfigKeys (ConfUtils.java:logGet(43)) - raft.server.rpcslowness.timeout = 120s (custom)
2019-06-18 00:55:34,036 INFO  server.RaftServerConfigKeys (ConfUtils.java:logGet(43)) - raft.server.log.appender.install.snapshot.enabled = true (default)
2019-06-18 00:55:34,036 INFO  impl.RaftServerImpl (RaftServerImpl.java:<init>(91)) - 7d41c113-78b8-42e0-973f-a2985e127fce: new RaftServerImpl for group-F789D1FF0E52:[2d9c32cf-d138-46ed-86fe-555b0f222d66:192.168.46.37:35455, 7d41c113-78b8-42e0-973f-a2985e127fce:192.168.46.37:36203, 845dac45-d65a-40db-aa8d-9123cdf470a5:192.168.46.37:33245] with ContainerStateMachine:uninitialized
2019-06-18 00:55:34,037 INFO  impl.RaftServerImpl (ServerState.java:<init>(101)) - 845dac45-d65a-40db-aa8d-9123cdf470a5:group-F789D1FF0E52 ConfigurationManager, init=-1: [2d9c32cf-d138-46ed-86fe-555b0f222d66:192.168.46.37:35455, 7d41c113-78b8-42e0-973f-a2985e127fce:192.168.46.37:36203, 845dac45-d65a-40db-aa8d-9123cdf470a5:192.168.46.37:33245], old=null, confs=<EMPTY_MAP>
2019-06-18 00:55:34,037 INFO  server.RaftServerConfigKeys (ConfUtils.java:logGet(43)) - raft.server.rpc.timeout.min = 1s (custom)
2019-06-18 00:55:34,038 INFO  server.RaftServerConfigKeys (ConfUtils.java:logGet(43)) - raft.server.rpc.timeout.max = 1200ms (custom)
2019-06-18 00:55:34,038 INFO  server.RaftServerConfigKeys (ConfUtils.java:logGet(43)) - raft.server.rpcslowness.timeout = 120s (custom)
2019-06-18 00:55:34,038 INFO  server.RaftServerConfigKeys (ConfUtils.java:logGet(43)) - raft.server.log.appender.install.snapshot.enabled = true (default)
2019-06-18 00:55:34,038 INFO  impl.RaftServerImpl (ServerState.java:<init>(101)) - 7d41c113-78b8-42e0-973f-a2985e127fce:group-F789D1FF0E52 ConfigurationManager, init=-1: [2d9c32cf-d138-46ed-86fe-555b0f222d66:192.168.46.37:35455, 7d41c113-78b8-42e0-973f-a2985e127fce:192.168.46.37:36203, 845dac45-d65a-40db-aa8d-9123cdf470a5:192.168.46.37:33245], old=null, confs=<EMPTY_MAP>
2019-06-18 00:55:34,038 INFO  server.RaftServerConfigKeys (ConfUtils.java:logGet(43)) - raft.server.storage.dir = [/opt/src/hadoop-ozone/tools/target/test-dir/MiniOzoneClusterImpl-6d9acd13-88f0-4110-8b50-a0007a84e3db/datanode-2/data/ratis] (custom)
2019-06-18 00:55:34,039 INFO  storage.RaftStorageDirectory (RaftStorageDirectory.java:analyzeStorage(246)) - The storage directory /opt/src/hadoop-ozone/tools/target/test-dir/MiniOzoneClusterImpl-6d9acd13-88f0-4110-8b50-a0007a84e3db/datanode-2/data/ratis/1ee23aab-99cb-4f91-88c7-f789d1ff0e52 does not exist. Creating ...
2019-06-18 00:55:34,039 INFO  server.RaftServerConfigKeys (ConfUtils.java:logGet(43)) - raft.server.storage.dir = [/opt/src/hadoop-ozone/tools/target/test-dir/MiniOzoneClusterImpl-6d9acd13-88f0-4110-8b50-a0007a84e3db/datanode-1/data/ratis] (custom)
2019-06-18 00:55:34,039 INFO  storage.RaftStorageDirectory (RaftStorageDirectory.java:analyzeStorage(246)) - The storage directory /opt/src/hadoop-ozone/tools/target/test-dir/MiniOzoneClusterImpl-6d9acd13-88f0-4110-8b50-a0007a84e3db/datanode-1/data/ratis/1ee23aab-99cb-4f91-88c7-f789d1ff0e52 does not exist. Creating ...
2019-06-18 00:55:34,040 INFO  impl.RaftServerProxy (RaftServerProxy.java:addNew(89)) - 2d9c32cf-d138-46ed-86fe-555b0f222d66: addNew group-F789D1FF0E52:[2d9c32cf-d138-46ed-86fe-555b0f222d66:192.168.46.37:35455, 7d41c113-78b8-42e0-973f-a2985e127fce:192.168.46.37:36203, 845dac45-d65a-40db-aa8d-9123cdf470a5:192.168.46.37:33245] returns group-F789D1FF0E52:java.util.concurrent.CompletableFuture@7fbf6630[Not completed]
2019-06-18 00:55:34,040 INFO  impl.RaftServerImpl (RaftServerImpl.java:<init>(91)) - 2d9c32cf-d138-46ed-86fe-555b0f222d66: new RaftServerImpl for group-F789D1FF0E52:[2d9c32cf-d138-46ed-86fe-555b0f222d66:192.168.46.37:35455, 7d41c113-78b8-42e0-973f-a2985e127fce:192.168.46.37:36203, 845dac45-d65a-40db-aa8d-9123cdf470a5:192.168.46.37:33245] with ContainerStateMachine:uninitialized
2019-06-18 00:55:34,040 INFO  server.RaftServerConfigKeys (ConfUtils.java:logGet(43)) - raft.server.rpc.timeout.min = 1s (custom)
2019-06-18 00:55:34,040 INFO  server.RaftServerConfigKeys (ConfUtils.java:logGet(43)) - raft.server.rpc.timeout.max = 1200ms (custom)
2019-06-18 00:55:34,041 INFO  server.RaftServerConfigKeys (ConfUtils.java:logGet(43)) - raft.server.rpcslowness.timeout = 120s (custom)
2019-06-18 00:55:34,041 INFO  server.RaftServerConfigKeys (ConfUtils.java:logGet(43)) - raft.server.log.appender.install.snapshot.enabled = true (default)
2019-06-18 00:55:34,041 INFO  impl.RaftServerImpl (ServerState.java:<init>(101)) - 2d9c32cf-d138-46ed-86fe-555b0f222d66:group-F789D1FF0E52 ConfigurationManager, init=-1: [2d9c32cf-d138-46ed-86fe-555b0f222d66:192.168.46.37:35455, 7d41c113-78b8-42e0-973f-a2985e127fce:192.168.46.37:36203, 845dac45-d65a-40db-aa8d-9123cdf470a5:192.168.46.37:33245], old=null, confs=<EMPTY_MAP>
2019-06-18 00:55:34,041 INFO  server.RaftServerConfigKeys (ConfUtils.java:logGet(43)) - raft.server.storage.dir = [/opt/src/hadoop-ozone/tools/target/test-dir/MiniOzoneClusterImpl-6d9acd13-88f0-4110-8b50-a0007a84e3db/datanode-0/data/ratis] (custom)
2019-06-18 00:55:34,041 INFO  storage.RaftStorageDirectory (RaftStorageDirectory.java:analyzeStorage(246)) - The storage directory /opt/src/hadoop-ozone/tools/target/test-dir/MiniOzoneClusterImpl-6d9acd13-88f0-4110-8b50-a0007a84e3db/datanode-0/data/ratis/1ee23aab-99cb-4f91-88c7-f789d1ff0e52 does not exist. Creating ...
2019-06-18 00:55:34,041 INFO  storage.RaftStorageDirectory (RaftStorageDirectory.java:tryLock(328)) - Lock on /opt/src/hadoop-ozone/tools/target/test-dir/MiniOzoneClusterImpl-6d9acd13-88f0-4110-8b50-a0007a84e3db/datanode-2/data/ratis/1ee23aab-99cb-4f91-88c7-f789d1ff0e52/in_use.lock acquired by nodename 19170@ozone-unit-076618677d3mmbrd-1653384491
2019-06-18 00:55:34,042 INFO  storage.RaftStorageDirectory (RaftStorageDirectory.java:tryLock(328)) - Lock on /opt/src/hadoop-ozone/tools/target/test-dir/MiniOzoneClusterImpl-6d9acd13-88f0-4110-8b50-a0007a84e3db/datanode-1/data/ratis/1ee23aab-99cb-4f91-88c7-f789d1ff0e52/in_use.lock acquired by nodename 19170@ozone-unit-076618677d3mmbrd-1653384491
2019-06-18 00:55:34,044 INFO  storage.RaftStorageDirectory (RaftStorageDirectory.java:tryLock(328)) - Lock on /opt/src/hadoop-ozone/tools/target/test-dir/MiniOzoneClusterImpl-6d9acd13-88f0-4110-8b50-a0007a84e3db/datanode-0/data/ratis/1ee23aab-99cb-4f91-88c7-f789d1ff0e52/in_use.lock acquired by nodename 19170@ozone-unit-076618677d3mmbrd-1653384491
2019-06-18 00:55:34,044 INFO  storage.RaftStorage (RaftStorage.java:format(75)) - Storage directory /opt/src/hadoop-ozone/tools/target/test-dir/MiniOzoneClusterImpl-6d9acd13-88f0-4110-8b50-a0007a84e3db/datanode-2/data/ratis/1ee23aab-99cb-4f91-88c7-f789d1ff0e52 has been successfully formatted.
2019-06-18 00:55:34,044 INFO  ratis.ContainerStateMachine (ContainerStateMachine.java:loadSnapshot(199)) - The snapshot info is null.Setting the last applied index to:(t:0, i:~)
2019-06-18 00:55:34,044 INFO  server.RaftServerConfigKeys (ConfUtils.java:logGet(43)) - raft.server.leader.election.timeout = 120s (custom)
2019-06-18 00:55:34,044 INFO  server.RaftServerConfigKeys (ConfUtils.java:logGet(43)) - raft.server.log.use.memory = false (default)
2019-06-18 00:55:34,044 INFO  server.RaftServerConfigKeys (ConfUtils.java:logGet(43)) - raft.server.log.appender.buffer.byte-limit = 33554432 (custom)
2019-06-18 00:55:34,045 INFO  server.RaftServerConfigKeys (ConfUtils.java:logGet(43)) - raft.server.log.segment.size.max = 16384 (custom)
2019-06-18 00:55:34,045 INFO  server.RaftServerConfigKeys (ConfUtils.java:logGet(43)) - raft.server.log.segment.cache.num.max = 2 (custom)
2019-06-18 00:55:34,045 INFO  storage.RaftLogWorker (RaftLogWorker.java:<init>(123)) - new 7d41c113-78b8-42e0-973f-a2985e127fce-RaftLogWorker for Storage Directory /opt/src/hadoop-ozone/tools/target/test-dir/MiniOzoneClusterImpl-6d9acd13-88f0-4110-8b50-a0007a84e3db/datanode-2/data/ratis/1ee23aab-99cb-4f91-88c7-f789d1ff0e52
2019-06-18 00:55:34,045 INFO  server.RaftServerConfigKeys (ConfUtils.java:logGet(43)) - raft.server.log.queue.byte-limit = 2147483647 (custom)
2019-06-18 00:55:34,045 INFO  server.RaftServerConfigKeys (ConfUtils.java:logGet(43)) - raft.server.log.queue.element-limit = 1024 (custom)
2019-06-18 00:55:34,045 INFO  server.RaftServerConfigKeys (ConfUtils.java:logGet(43)) - raft.server.log.segment.size.max = 16384 (custom)
2019-06-18 00:55:34,045 INFO  server.RaftServerConfigKeys (ConfUtils.java:logGet(43)) - raft.server.log.preallocated.size = 16384 (custom)
2019-06-18 00:55:34,045 INFO  storage.RaftStorage (RaftStorage.java:format(75)) - Storage directory /opt/src/hadoop-ozone/tools/target/test-dir/MiniOzoneClusterImpl-6d9acd13-88f0-4110-8b50-a0007a84e3db/datanode-1/data/ratis/1ee23aab-99cb-4f91-88c7-f789d1ff0e52 has been successfully formatted.
2019-06-18 00:55:34,045 INFO  ratis.ContainerStateMachine (ContainerStateMachine.java:loadSnapshot(199)) - The snapshot info is null.Setting the last applied index to:(t:0, i:~)
2019-06-18 00:55:34,046 INFO  server.RaftServerConfigKeys (ConfUtils.java:logGet(43)) - raft.server.leader.election.timeout = 120s (custom)
2019-06-18 00:55:34,046 INFO  server.RaftServerConfigKeys (ConfUtils.java:logGet(43)) - raft.server.log.use.memory = false (default)
2019-06-18 00:55:34,046 INFO  server.RaftServerConfigKeys (ConfUtils.java:logGet(43)) - raft.server.log.appender.buffer.byte-limit = 33554432 (custom)
2019-06-18 00:55:34,046 INFO  server.RaftServerConfigKeys (ConfUtils.java:logGet(43)) - raft.server.log.segment.size.max = 16384 (custom)
2019-06-18 00:55:34,046 INFO  server.RaftServerConfigKeys (ConfUtils.java:logGet(43)) - raft.server.log.segment.cache.num.max = 2 (custom)
2019-06-18 00:55:34,046 INFO  storage.RaftLogWorker (RaftLogWorker.java:<init>(123)) - new 845dac45-d65a-40db-aa8d-9123cdf470a5-RaftLogWorker for Storage Directory /opt/src/hadoop-ozone/tools/target/test-dir/MiniOzoneClusterImpl-6d9acd13-88f0-4110-8b50-a0007a84e3db/datanode-1/data/ratis/1ee23aab-99cb-4f91-88c7-f789d1ff0e52
2019-06-18 00:55:34,046 INFO  server.RaftServerConfigKeys (ConfUtils.java:logGet(43)) - raft.server.log.queue.byte-limit = 2147483647 (custom)
2019-06-18 00:55:34,046 INFO  server.RaftServerConfigKeys (ConfUtils.java:logGet(43)) - raft.server.log.queue.element-limit = 1024 (custom)
2019-06-18 00:55:34,046 INFO  server.RaftServerConfigKeys (ConfUtils.java:logGet(43)) - raft.server.log.segment.size.max = 16384 (custom)
2019-06-18 00:55:34,047 INFO  server.RaftServerConfigKeys (ConfUtils.java:logGet(43)) - raft.server.log.preallocated.size = 16384 (custom)
2019-06-18 00:55:34,047 INFO  server.RaftServerConfigKeys (ConfUtils.java:logGet(43)) - raft.server.log.write.buffer.size = 33554432 (custom)
2019-06-18 00:55:34,047 INFO  server.RaftServerConfigKeys (ConfUtils.java:logGet(43)) - raft.server.log.force.sync.num = 128 (default)
2019-06-18 00:55:34,047 INFO  storage.RaftStorage (RaftStorage.java:format(75)) - Storage directory /opt/src/hadoop-ozone/tools/target/test-dir/MiniOzoneClusterImpl-6d9acd13-88f0-4110-8b50-a0007a84e3db/datanode-0/data/ratis/1ee23aab-99cb-4f91-88c7-f789d1ff0e52 has been successfully formatted.
2019-06-18 00:55:34,045 INFO  server.RaftServerConfigKeys (ConfUtils.java:logGet(43)) - raft.server.log.write.buffer.size = 33554432 (custom)
2019-06-18 00:55:34,047 INFO  ratis.ContainerStateMachine (ContainerStateMachine.java:loadSnapshot(199)) - The snapshot info is null.Setting the last applied index to:(t:0, i:~)
2019-06-18 00:55:34,047 INFO  server.RaftServerConfigKeys (ConfUtils.java:logGet(43)) - raft.server.log.statemachine.data.sync = true (default)
2019-06-18 00:55:34,047 INFO  server.RaftServerConfigKeys (ConfUtils.java:logGet(43)) - raft.server.log.statemachine.data.sync.timeout = 10s (default)
2019-06-18 00:55:34,047 INFO  server.RaftServerConfigKeys (ConfUtils.java:logGet(43)) - raft.server.log.statemachine.data.sync.timeout.retry = -1 (default)
2019-06-18 00:55:34,048 INFO  server.RaftServerConfigKeys (ConfUtils.java:logGet(43)) - raft.server.log.statemachine.data.caching.enabled = true (custom)
2019-06-18 00:55:34,047 INFO  server.RaftServerConfigKeys (ConfUtils.java:logGet(43)) - raft.server.leader.election.timeout = 120s (custom)
2019-06-18 00:55:34,048 INFO  server.RaftServerConfigKeys (ConfUtils.java:logGet(43)) - raft.server.log.use.memory = false (default)
2019-06-18 00:55:34,048 INFO  server.RaftServerConfigKeys (ConfUtils.java:logGet(43)) - raft.server.log.appender.buffer.byte-limit = 33554432 (custom)
2019-06-18 00:55:34,048 INFO  server.RaftServerConfigKeys (ConfUtils.java:logGet(43)) - raft.server.log.segment.size.max = 16384 (custom)
2019-06-18 00:55:34,048 INFO  server.RaftServerConfigKeys (ConfUtils.java:logGet(43)) - raft.server.log.segment.cache.num.max = 2 (custom)
2019-06-18 00:55:34,048 INFO  storage.RaftLogWorker (RaftLogWorker.java:<init>(123)) - new 2d9c32cf-d138-46ed-86fe-555b0f222d66-RaftLogWorker for Storage Directory /opt/src/hadoop-ozone/tools/target/test-dir/MiniOzoneClusterImpl-6d9acd13-88f0-4110-8b50-a0007a84e3db/datanode-0/data/ratis/1ee23aab-99cb-4f91-88c7-f789d1ff0e52
2019-06-18 00:55:34,049 INFO  server.RaftServerConfigKeys (ConfUtils.java:logGet(43)) - raft.server.log.queue.byte-limit = 2147483647 (custom)
2019-06-18 00:55:34,049 INFO  server.RaftServerConfigKeys (ConfUtils.java:logGet(43)) - raft.server.log.queue.element-limit = 1024 (custom)
2019-06-18 00:55:34,049 INFO  server.RaftServerConfigKeys (ConfUtils.java:logGet(43)) - raft.server.log.segment.size.max = 16384 (custom)
2019-06-18 00:55:34,049 INFO  server.RaftServerConfigKeys (ConfUtils.java:logGet(43)) - raft.server.log.preallocated.size = 16384 (custom)
2019-06-18 00:55:34,049 INFO  server.RaftServerConfigKeys (ConfUtils.java:logGet(43)) - raft.server.log.write.buffer.size = 33554432 (custom)
2019-06-18 00:55:34,049 INFO  server.RaftServerConfigKeys (ConfUtils.java:logGet(43)) - raft.server.log.force.sync.num = 128 (default)
2019-06-18 00:55:34,049 INFO  server.RaftServerConfigKeys (ConfUtils.java:logGet(43)) - raft.server.log.statemachine.data.sync = true (default)
2019-06-18 00:55:34,049 INFO  server.RaftServerConfigKeys (ConfUtils.java:logGet(43)) - raft.server.log.statemachine.data.sync.timeout = 10s (default)
2019-06-18 00:55:34,049 INFO  server.RaftServerConfigKeys (ConfUtils.java:logGet(43)) - raft.server.log.statemachine.data.sync.timeout.retry = -1 (default)
2019-06-18 00:55:34,047 INFO  server.RaftServerConfigKeys (ConfUtils.java:logGet(43)) - raft.server.log.force.sync.num = 128 (default)
2019-06-18 00:55:34,050 INFO  server.RaftServerConfigKeys (ConfUtils.java:logGet(43)) - raft.server.log.statemachine.data.sync = true (default)
2019-06-18 00:55:34,050 INFO  server.RaftServerConfigKeys (ConfUtils.java:logGet(43)) - raft.server.log.statemachine.data.sync.timeout = 10s (default)
2019-06-18 00:55:34,050 INFO  server.RaftServerConfigKeys (ConfUtils.java:logGet(43)) - raft.server.log.statemachine.data.sync.timeout.retry = -1 (default)
2019-06-18 00:55:34,050 INFO  server.RaftServerConfigKeys (ConfUtils.java:logGet(43)) - raft.server.snapshot.auto.trigger.enabled = true (custom)
2019-06-18 00:55:34,050 INFO  server.RaftServerConfigKeys (ConfUtils.java:logGet(43)) - raft.server.snapshot.auto.trigger.threshold = 10000 (custom)
2019-06-18 00:55:34,050 INFO  server.RaftServerConfigKeys (ConfUtils.java:logGet(43)) - raft.server.retrycache.expirytime = 600000ms (custom)
2019-06-18 00:55:34,051 INFO  impl.RaftServerImpl (RaftServerImpl.java:start(173)) - 845dac45-d65a-40db-aa8d-9123cdf470a5: start group-F789D1FF0E52
2019-06-18 00:55:34,051 INFO  impl.RaftServerImpl (RaftServerImpl.java:setRole(164)) - 845dac45-d65a-40db-aa8d-9123cdf470a5:group-F789D1FF0E52 changes role from null to FOLLOWER at term 0 for startAsFollower
2019-06-18 00:55:34,051 INFO  impl.RoleInfo (RoleInfo.java:updateAndGet(143)) - 845dac45-d65a-40db-aa8d-9123cdf470a5: start FollowerState
2019-06-18 00:55:34,051 INFO  server.RaftServerConfigKeys (ConfUtils.java:logGet(43)) - raft.server.log.statemachine.data.caching.enabled = true (custom)
2019-06-18 00:55:34,051 INFO  util.JmxRegister (JmxRegister.java:tryRegister(44)) - Successfully registered JMX Bean with object name Ratis:service=RaftServer,group=group-F789D1FF0E52,id=845dac45-d65a-40db-aa8d-9123cdf470a5
2019-06-18 00:55:34,052 INFO  server.RaftServerConfigKeys (ConfUtils.java:logGet(43)) - raft.server.snapshot.auto.trigger.enabled = true (custom)
2019-06-18 00:55:34,052 INFO  server.RaftServerConfigKeys (ConfUtils.java:logGet(43)) - raft.server.snapshot.auto.trigger.threshold = 10000 (custom)
2019-06-18 00:55:34,052 INFO  server.RaftServerConfigKeys (ConfUtils.java:logGet(43)) - raft.server.retrycache.expirytime = 600000ms (custom)
2019-06-18 00:55:34,052 INFO  impl.RaftServerImpl (RaftServerImpl.java:start(173)) - 7d41c113-78b8-42e0-973f-a2985e127fce: start group-F789D1FF0E52
2019-06-18 00:55:34,052 INFO  impl.RaftServerImpl (RaftServerImpl.java:setRole(164)) - 7d41c113-78b8-42e0-973f-a2985e127fce:group-F789D1FF0E52 changes role from null to FOLLOWER at term 0 for startAsFollower
2019-06-18 00:55:34,052 INFO  impl.RoleInfo (RoleInfo.java:updateAndGet(143)) - 7d41c113-78b8-42e0-973f-a2985e127fce: start FollowerState
2019-06-18 00:55:34,053 INFO  util.JmxRegister (JmxRegister.java:tryRegister(44)) - Successfully registered JMX Bean with object name Ratis:service=RaftServer,group=group-F789D1FF0E52,id=7d41c113-78b8-42e0-973f-a2985e127fce
2019-06-18 00:55:34,053 INFO  server.RaftServerConfigKeys (ConfUtils.java:logGet(43)) - raft.server.log.statemachine.data.caching.enabled = true (custom)
2019-06-18 00:55:34,054 INFO  server.RaftServerConfigKeys (ConfUtils.java:logGet(43)) - raft.server.snapshot.auto.trigger.enabled = true (custom)
2019-06-18 00:55:34,075 INFO  server.RaftServerConfigKeys (ConfUtils.java:logGet(43)) - raft.server.snapshot.auto.trigger.threshold = 10000 (custom)
2019-06-18 00:55:34,076 INFO  server.RaftServerConfigKeys (ConfUtils.java:logGet(43)) - raft.server.retrycache.expirytime = 600000ms (custom)
2019-06-18 00:55:34,076 INFO  impl.RaftServerImpl (RaftServerImpl.java:start(173)) - 2d9c32cf-d138-46ed-86fe-555b0f222d66: start group-F789D1FF0E52
2019-06-18 00:55:34,079 INFO  impl.RaftServerImpl (RaftServerImpl.java:setRole(164)) - 2d9c32cf-d138-46ed-86fe-555b0f222d66:group-F789D1FF0E52 changes role from null to FOLLOWER at term 0 for startAsFollower
2019-06-18 00:55:34,079 INFO  impl.RoleInfo (RoleInfo.java:updateAndGet(143)) - 2d9c32cf-d138-46ed-86fe-555b0f222d66: start FollowerState
2019-06-18 00:55:34,081 INFO  util.JmxRegister (JmxRegister.java:tryRegister(44)) - Successfully registered JMX Bean with object name Ratis:service=RaftServer,group=group-F789D1FF0E52,id=2d9c32cf-d138-46ed-86fe-555b0f222d66
2019-06-18 00:55:34,111 INFO  pipeline.PipelineStateManager (PipelineStateManager.java:addPipeline(56)) - Created pipeline Pipeline[ Id: 1ee23aab-99cb-4f91-88c7-f789d1ff0e52, Nodes: 7d41c113-78b8-42e0-973f-a2985e127fce{ip: 192.168.46.37, host: ozone-unit-076618677d3mmbrd-1653384491, networkLocation: /default-rack, certSerialId: null}845dac45-d65a-40db-aa8d-9123cdf470a5{ip: 192.168.46.37, host: ozone-unit-076618677d3mmbrd-1653384491, networkLocation: /default-rack, certSerialId: null}2d9c32cf-d138-46ed-86fe-555b0f222d66{ip: 192.168.46.37, host: ozone-unit-076618677d3mmbrd-1653384491, networkLocation: /default-rack, certSerialId: null}, Type:RATIS, Factor:THREE, State:OPEN]
2019-06-18 00:55:34,123 INFO  impl.RaftServerProxy (RaftServerProxy.java:addNew(89)) - b9b86353-4835-4c55-9d74-7fec18bbda58: addNew group-A40C6E2F7FD6:[b9b86353-4835-4c55-9d74-7fec18bbda58:192.168.46.37:43869] returns group-A40C6E2F7FD6:java.util.concurrent.CompletableFuture@2378c796[Not completed]
2019-06-18 00:55:34,124 INFO  impl.RaftServerImpl (RaftServerImpl.java:<init>(91)) - b9b86353-4835-4c55-9d74-7fec18bbda58: new RaftServerImpl for group-A40C6E2F7FD6:[b9b86353-4835-4c55-9d74-7fec18bbda58:192.168.46.37:43869] with ContainerStateMachine:uninitialized
2019-06-18 00:55:34,125 INFO  server.RaftServerConfigKeys (ConfUtils.java:logGet(43)) - raft.server.rpc.timeout.min = 1s (custom)
2019-06-18 00:55:34,125 INFO  server.RaftServerConfigKeys (ConfUtils.java:logGet(43)) - raft.server.rpc.timeout.max = 1200ms (custom)
2019-06-18 00:55:34,126 INFO  server.RaftServerConfigKeys (ConfUtils.java:logGet(43)) - raft.server.rpcslowness.timeout = 120s (custom)
2019-06-18 00:55:34,130 INFO  server.RaftServerConfigKeys (ConfUtils.java:logGet(43)) - raft.server.log.appender.install.snapshot.enabled = true (default)
2019-06-18 00:55:34,131 INFO  impl.RaftServerImpl (ServerState.java:<init>(101)) - b9b86353-4835-4c55-9d74-7fec18bbda58:group-A40C6E2F7FD6 ConfigurationManager, init=-1: [b9b86353-4835-4c55-9d74-7fec18bbda58:192.168.46.37:43869], old=null, confs=<EMPTY_MAP>
2019-06-18 00:55:34,131 INFO  server.RaftServerConfigKeys (ConfUtils.java:logGet(43)) - raft.server.storage.dir = [/opt/src/hadoop-ozone/tools/target/test-dir/MiniOzoneClusterImpl-6d9acd13-88f0-4110-8b50-a0007a84e3db/datanode-4/data/ratis] (custom)
2019-06-18 00:55:34,131 INFO  storage.RaftStorageDirectory (RaftStorageDirectory.java:analyzeStorage(246)) - The storage directory /opt/src/hadoop-ozone/tools/target/test-dir/MiniOzoneClusterImpl-6d9acd13-88f0-4110-8b50-a0007a84e3db/datanode-4/data/ratis/8b5cb9d2-4559-42ec-8008-a40c6e2f7fd6 does not exist. Creating ...
2019-06-18 00:55:34,134 INFO  storage.RaftStorageDirectory (RaftStorageDirectory.java:tryLock(328)) - Lock on /opt/src/hadoop-ozone/tools/target/test-dir/MiniOzoneClusterImpl-6d9acd13-88f0-4110-8b50-a0007a84e3db/datanode-4/data/ratis/8b5cb9d2-4559-42ec-8008-a40c6e2f7fd6/in_use.lock acquired by nodename 19170@ozone-unit-076618677d3mmbrd-1653384491
2019-06-18 00:55:34,136 INFO  storage.RaftStorage (RaftStorage.java:format(75)) - Storage directory /opt/src/hadoop-ozone/tools/target/test-dir/MiniOzoneClusterImpl-6d9acd13-88f0-4110-8b50-a0007a84e3db/datanode-4/data/ratis/8b5cb9d2-4559-42ec-8008-a40c6e2f7fd6 has been successfully formatted.
2019-06-18 00:55:34,138 INFO  ratis.ContainerStateMachine (ContainerStateMachine.java:loadSnapshot(199)) - The snapshot info is null.Setting the last applied index to:(t:0, i:~)
2019-06-18 00:55:34,138 INFO  server.RaftServerConfigKeys (ConfUtils.java:logGet(43)) - raft.server.leader.election.timeout = 120s (custom)
2019-06-18 00:55:34,138 INFO  server.RaftServerConfigKeys (ConfUtils.java:logGet(43)) - raft.server.log.use.memory = false (default)
2019-06-18 00:55:34,138 INFO  server.RaftServerConfigKeys (ConfUtils.java:logGet(43)) - raft.server.log.appender.buffer.byte-limit = 33554432 (custom)
2019-06-18 00:55:34,139 INFO  server.RaftServerConfigKeys (ConfUtils.java:logGet(43)) - raft.server.log.segment.size.max = 16384 (custom)
2019-06-18 00:55:34,139 INFO  server.RaftServerConfigKeys (ConfUtils.java:logGet(43)) - raft.server.log.segment.cache.num.max = 2 (custom)
2019-06-18 00:55:34,139 INFO  storage.RaftLogWorker (RaftLogWorker.java:<init>(123)) - new b9b86353-4835-4c55-9d74-7fec18bbda58-RaftLogWorker for Storage Directory /opt/src/hadoop-ozone/tools/target/test-dir/MiniOzoneClusterImpl-6d9acd13-88f0-4110-8b50-a0007a84e3db/datanode-4/data/ratis/8b5cb9d2-4559-42ec-8008-a40c6e2f7fd6
2019-06-18 00:55:34,139 INFO  server.RaftServerConfigKeys (ConfUtils.java:logGet(43)) - raft.server.log.queue.byte-limit = 2147483647 (custom)
2019-06-18 00:55:34,139 INFO  server.RaftServerConfigKeys (ConfUtils.java:logGet(43)) - raft.server.log.queue.element-limit = 1024 (custom)
2019-06-18 00:55:34,139 INFO  server.RaftServerConfigKeys (ConfUtils.java:logGet(43)) - raft.server.log.segment.size.max = 16384 (custom)
2019-06-18 00:55:34,139 INFO  server.RaftServerConfigKeys (ConfUtils.java:logGet(43)) - raft.server.log.preallocated.size = 16384 (custom)
2019-06-18 00:55:34,139 INFO  server.RaftServerConfigKeys (ConfUtils.java:logGet(43)) - raft.server.log.write.buffer.size = 33554432 (custom)
2019-06-18 00:55:34,140 INFO  server.RaftServerConfigKeys (ConfUtils.java:logGet(43)) - raft.server.log.force.sync.num = 128 (default)
2019-06-18 00:55:34,140 INFO  server.RaftServerConfigKeys (ConfUtils.java:logGet(43)) - raft.server.log.statemachine.data.sync = true (default)
2019-06-18 00:55:34,140 INFO  server.RaftServerConfigKeys (ConfUtils.java:logGet(43)) - raft.server.log.statemachine.data.sync.timeout = 10s (default)
2019-06-18 00:55:34,140 INFO  server.RaftServerConfigKeys (ConfUtils.java:logGet(43)) - raft.server.log.statemachine.data.sync.timeout.retry = -1 (default)
2019-06-18 00:55:34,140 INFO  server.RaftServerConfigKeys (ConfUtils.java:logGet(43)) - raft.server.log.statemachine.data.caching.enabled = true (custom)
2019-06-18 00:55:34,141 INFO  server.RaftServerConfigKeys (ConfUtils.java:logGet(43)) - raft.server.snapshot.auto.trigger.enabled = true (custom)
2019-06-18 00:55:34,142 INFO  server.RaftServerConfigKeys (ConfUtils.java:logGet(43)) - raft.server.snapshot.auto.trigger.threshold = 10000 (custom)
2019-06-18 00:55:34,142 INFO  server.RaftServerConfigKeys (ConfUtils.java:logGet(43)) - raft.server.retrycache.expirytime = 600000ms (custom)
2019-06-18 00:55:34,142 INFO  impl.RaftServerImpl (RaftServerImpl.java:start(173)) - b9b86353-4835-4c55-9d74-7fec18bbda58: start group-A40C6E2F7FD6
2019-06-18 00:55:34,142 INFO  impl.RaftServerImpl (RaftServerImpl.java:setRole(164)) - b9b86353-4835-4c55-9d74-7fec18bbda58:group-A40C6E2F7FD6 changes role from null to FOLLOWER at term 0 for startAsFollower
2019-06-18 00:55:34,142 INFO  impl.RoleInfo (RoleInfo.java:updateAndGet(143)) - b9b86353-4835-4c55-9d74-7fec18bbda58: start FollowerState
2019-06-18 00:55:34,146 INFO  util.JmxRegister (JmxRegister.java:tryRegister(44)) - Successfully registered JMX Bean with object name Ratis:service=RaftServer,group=group-A40C6E2F7FD6,id=b9b86353-4835-4c55-9d74-7fec18bbda58
2019-06-18 00:55:34,150 INFO  pipeline.PipelineStateManager (PipelineStateManager.java:addPipeline(56)) - Created pipeline Pipeline[ Id: 8b5cb9d2-4559-42ec-8008-a40c6e2f7fd6, Nodes: b9b86353-4835-4c55-9d74-7fec18bbda58{ip: 192.168.46.37, host: ozone-unit-076618677d3mmbrd-1653384491, networkLocation: /default-rack, certSerialId: null}, Type:RATIS, Factor:ONE, State:OPEN]
2019-06-18 00:55:34,565 INFO  impl.FollowerState (FollowerState.java:run(101)) - 2d9c32cf-d138-46ed-86fe-555b0f222d66:group-7DD023FEFE38 changes to CANDIDATE, lastRpcTime:1084, electionTimeout:1084ms
2019-06-18 00:55:34,565 INFO  impl.RoleInfo (RoleInfo.java:shutdownFollowerState(121)) - 2d9c32cf-d138-46ed-86fe-555b0f222d66: shutdown FollowerState
2019-06-18 00:55:34,565 INFO  impl.RaftServerImpl (RaftServerImpl.java:setRole(164)) - 2d9c32cf-d138-46ed-86fe-555b0f222d66:group-7DD023FEFE38 changes role from FOLLOWER to CANDIDATE at term 0 for changeToCandidate
2019-06-18 00:55:34,569 INFO  impl.RoleInfo (RoleInfo.java:updateAndGet(143)) - 2d9c32cf-d138-46ed-86fe-555b0f222d66: start LeaderElection
2019-06-18 00:55:34,577 INFO  impl.LeaderElection (LeaderElection.java:askForVotes(181)) - 2d9c32cf-d138-46ed-86fe-555b0f222d66:group-7DD023FEFE38:LeaderElection1: begin an election at term 1 for -1: [2d9c32cf-d138-46ed-86fe-555b0f222d66:192.168.46.37:35455], old=null
2019-06-18 00:55:34,578 INFO  impl.RoleInfo (RoleInfo.java:shutdownLeaderElection(134)) - 2d9c32cf-d138-46ed-86fe-555b0f222d66: shutdown LeaderElection
2019-06-18 00:55:34,579 INFO  impl.RaftServerImpl (RaftServerImpl.java:setRole(164)) - 2d9c32cf-d138-46ed-86fe-555b0f222d66:group-7DD023FEFE38 changes role from CANDIDATE to LEADER at term 1 for changeToLeader
2019-06-18 00:55:34,579 INFO  impl.RaftServerImpl (ServerState.java:setLeader(263)) - 2d9c32cf-d138-46ed-86fe-555b0f222d66:group-7DD023FEFE38 change Leader from null to 2d9c32cf-d138-46ed-86fe-555b0f222d66 at term 1 for becomeLeader, leader elected after 1180ms
2019-06-18 00:55:34,586 INFO  server.RaftServerConfigKeys (ConfUtils.java:logGet(43)) - raft.server.staging.catchup.gap = 1000 (default)
2019-06-18 00:55:34,586 INFO  server.RaftServerConfigKeys (ConfUtils.java:logGet(43)) - raft.server.rpc.sleep.time = 25ms (default)
2019-06-18 00:55:34,589 INFO  server.RaftServerConfigKeys (ConfUtils.java:logGet(43)) - raft.server.watch.timeout = 10s (default)
2019-06-18 00:55:34,589 INFO  server.RaftServerConfigKeys (ConfUtils.java:logGet(43)) - raft.server.watch.timeout.denomination = 1s (default)
2019-06-18 00:55:34,596 INFO  impl.RoleInfo (RoleInfo.java:updateAndGet(143)) - 2d9c32cf-d138-46ed-86fe-555b0f222d66: start LeaderState
2019-06-18 00:55:34,616 INFO  storage.RaftLogWorker (RaftLogWorker.java:startLogSegment(298)) - 2d9c32cf-d138-46ed-86fe-555b0f222d66-RaftLogWorker: Starting segment from index:0
2019-06-18 00:55:34,624 INFO  impl.RaftServerImpl (ServerState.java:setRaftConf(361)) - 2d9c32cf-d138-46ed-86fe-555b0f222d66:group-7DD023FEFE38 set configuration 0: [2d9c32cf-d138-46ed-86fe-555b0f222d66:192.168.46.37:35455], old=null at 0
2019-06-18 00:55:34,793 INFO  storage.RaftLogWorker (RaftLogWorker.java:execute(469)) - 2d9c32cf-d138-46ed-86fe-555b0f222d66-RaftLogWorker: created new log segment /opt/src/hadoop-ozone/tools/target/test-dir/MiniOzoneClusterImpl-6d9acd13-88f0-4110-8b50-a0007a84e3db/datanode-0/data/ratis/87ba764a-d6d8-482b-ad5a-7dd023fefe38/current/log_inprogress_0
2019-06-18 00:55:34,959 INFO  impl.FollowerState (FollowerState.java:run(101)) - 845dac45-d65a-40db-aa8d-9123cdf470a5:group-5E85109E995F changes to CANDIDATE, lastRpcTime:1025, electionTimeout:1025ms
2019-06-18 00:55:34,961 INFO  impl.RoleInfo (RoleInfo.java:shutdownFollowerState(121)) - 845dac45-d65a-40db-aa8d-9123cdf470a5: shutdown FollowerState
2019-06-18 00:55:34,961 INFO  impl.RaftServerImpl (RaftServerImpl.java:setRole(164)) - 845dac45-d65a-40db-aa8d-9123cdf470a5:group-5E85109E995F changes role from FOLLOWER to CANDIDATE at term 0 for changeToCandidate
2019-06-18 00:55:34,961 INFO  impl.RoleInfo (RoleInfo.java:updateAndGet(143)) - 845dac45-d65a-40db-aa8d-9123cdf470a5: start LeaderElection
2019-06-18 00:55:34,969 INFO  impl.LeaderElection (LeaderElection.java:askForVotes(181)) - 845dac45-d65a-40db-aa8d-9123cdf470a5:group-5E85109E995F:LeaderElection2: begin an election at term 1 for -1: [845dac45-d65a-40db-aa8d-9123cdf470a5:192.168.46.37:33245], old=null
2019-06-18 00:55:34,970 INFO  impl.RoleInfo (RoleInfo.java:shutdownLeaderElection(134)) - 845dac45-d65a-40db-aa8d-9123cdf470a5: shutdown LeaderElection
2019-06-18 00:55:34,970 INFO  impl.RaftServerImpl (RaftServerImpl.java:setRole(164)) - 845dac45-d65a-40db-aa8d-9123cdf470a5:group-5E85109E995F changes role from CANDIDATE to LEADER at term 1 for changeToLeader
2019-06-18 00:55:34,970 INFO  impl.RaftServerImpl (ServerState.java:setLeader(263)) - 845dac45-d65a-40db-aa8d-9123cdf470a5:group-5E85109E995F change Leader from null to 845dac45-d65a-40db-aa8d-9123cdf470a5 at term 1 for becomeLeader, leader elected after 1038ms
2019-06-18 00:55:34,971 INFO  server.RaftServerConfigKeys (ConfUtils.java:logGet(43)) - raft.server.staging.catchup.gap = 1000 (default)
2019-06-18 00:55:34,971 INFO  server.RaftServerConfigKeys (ConfUtils.java:logGet(43)) - raft.server.rpc.sleep.time = 25ms (default)
2019-06-18 00:55:34,972 INFO  server.RaftServerConfigKeys (ConfUtils.java:logGet(43)) - raft.server.watch.timeout = 10s (default)
2019-06-18 00:55:34,972 INFO  server.RaftServerConfigKeys (ConfUtils.java:logGet(43)) - raft.server.watch.timeout.denomination = 1s (default)
2019-06-18 00:55:34,972 INFO  impl.RoleInfo (RoleInfo.java:updateAndGet(143)) - 845dac45-d65a-40db-aa8d-9123cdf470a5: start LeaderState
2019-06-18 00:55:34,972 INFO  storage.RaftLogWorker (RaftLogWorker.java:startLogSegment(298)) - 845dac45-d65a-40db-aa8d-9123cdf470a5-RaftLogWorker: Starting segment from index:0
2019-06-18 00:55:34,973 INFO  impl.RaftServerImpl (ServerState.java:setRaftConf(361)) - 845dac45-d65a-40db-aa8d-9123cdf470a5:group-5E85109E995F set configuration 0: [845dac45-d65a-40db-aa8d-9123cdf470a5:192.168.46.37:33245], old=null at 0
2019-06-18 00:55:35,015 INFO  ozone.MiniOzoneClusterImpl (MiniOzoneClusterImpl.java:lambda$waitForClusterToBeReady$0(142)) - Cluster is ready. Got 5 of 5 DN Heartbeats.
2019-06-18 00:55:35,033 INFO  storage.RaftLogWorker (RaftLogWorker.java:execute(469)) - 845dac45-d65a-40db-aa8d-9123cdf470a5-RaftLogWorker: created new log segment /opt/src/hadoop-ozone/tools/target/test-dir/MiniOzoneClusterImpl-6d9acd13-88f0-4110-8b50-a0007a84e3db/datanode-1/data/ratis/e0786294-ed87-4b43-912e-5e85109e995f/current/log_inprogress_0
2019-06-18 00:55:35,044 INFO  impl.FollowerState (FollowerState.java:run(101)) - 7d41c113-78b8-42e0-973f-a2985e127fce:group-60CAC3877F37 changes to CANDIDATE, lastRpcTime:1165, electionTimeout:1151ms
2019-06-18 00:55:35,044 INFO  impl.RoleInfo (RoleInfo.java:shutdownFollowerState(121)) - 7d41c113-78b8-42e0-973f-a2985e127fce: shutdown FollowerState
2019-06-18 00:55:35,044 INFO  impl.RaftServerImpl (RaftServerImpl.java:setRole(164)) - 7d41c113-78b8-42e0-973f-a2985e127fce:group-60CAC3877F37 changes role from FOLLOWER to CANDIDATE at term 0 for changeToCandidate
2019-06-18 00:55:35,044 INFO  impl.RoleInfo (RoleInfo.java:updateAndGet(143)) - 7d41c113-78b8-42e0-973f-a2985e127fce: start LeaderElection
2019-06-18 00:55:35,078 INFO  impl.FollowerState (FollowerState.java:run(101)) - b6c45e7e-8e12-4ac6-9bf8-7ec84ba6b163:group-F9C5C399D293 changes to CANDIDATE, lastRpcTime:1105, electionTimeout:1094ms
2019-06-18 00:55:35,079 INFO  impl.RoleInfo (RoleInfo.java:shutdownFollowerState(121)) - b6c45e7e-8e12-4ac6-9bf8-7ec84ba6b163: shutdown FollowerState
2019-06-18 00:55:35,079 INFO  impl.RaftServerImpl (RaftServerImpl.java:setRole(164)) - b6c45e7e-8e12-4ac6-9bf8-7ec84ba6b163:group-F9C5C399D293 changes role from FOLLOWER to CANDIDATE at term 0 for changeToCandidate
2019-06-18 00:55:35,079 INFO  impl.RoleInfo (RoleInfo.java:updateAndGet(143)) - b6c45e7e-8e12-4ac6-9bf8-7ec84ba6b163: start LeaderElection
2019-06-18 00:55:35,084 INFO  impl.LeaderElection (LeaderElection.java:askForVotes(181)) - 7d41c113-78b8-42e0-973f-a2985e127fce:group-60CAC3877F37:LeaderElection3: begin an election at term 1 for -1: [7d41c113-78b8-42e0-973f-a2985e127fce:192.168.46.37:36203], old=null
2019-06-18 00:55:35,084 INFO  impl.RoleInfo (RoleInfo.java:shutdownLeaderElection(134)) - 7d41c113-78b8-42e0-973f-a2985e127fce: shutdown LeaderElection
2019-06-18 00:55:35,084 INFO  impl.RaftServerImpl (RaftServerImpl.java:setRole(164)) - 7d41c113-78b8-42e0-973f-a2985e127fce:group-60CAC3877F37 changes role from CANDIDATE to LEADER at term 1 for changeToLeader
2019-06-18 00:55:35,084 INFO  impl.RaftServerImpl (ServerState.java:setLeader(263)) - 7d41c113-78b8-42e0-973f-a2985e127fce:group-60CAC3877F37 change Leader from null to 7d41c113-78b8-42e0-973f-a2985e127fce at term 1 for becomeLeader, leader elected after 1213ms
2019-06-18 00:55:35,086 INFO  server.RaftServerConfigKeys (ConfUtils.java:logGet(43)) - raft.server.staging.catchup.gap = 1000 (default)
2019-06-18 00:55:35,086 INFO  server.RaftServerConfigKeys (ConfUtils.java:logGet(43)) - raft.server.rpc.sleep.time = 25ms (default)
2019-06-18 00:55:35,086 INFO  server.RaftServerConfigKeys (ConfUtils.java:logGet(43)) - raft.server.watch.timeout = 10s (default)
2019-06-18 00:55:35,086 INFO  server.RaftServerConfigKeys (ConfUtils.java:logGet(43)) - raft.server.watch.timeout.denomination = 1s (default)
2019-06-18 00:55:35,086 INFO  impl.RoleInfo (RoleInfo.java:updateAndGet(143)) - 7d41c113-78b8-42e0-973f-a2985e127fce: start LeaderState
2019-06-18 00:55:35,086 INFO  storage.RaftLogWorker (RaftLogWorker.java:startLogSegment(298)) - 7d41c113-78b8-42e0-973f-a2985e127fce-RaftLogWorker: Starting segment from index:0
2019-06-18 00:55:35,087 INFO  impl.RaftServerImpl (ServerState.java:setRaftConf(361)) - 7d41c113-78b8-42e0-973f-a2985e127fce:group-60CAC3877F37 set configuration 0: [7d41c113-78b8-42e0-973f-a2985e127fce:192.168.46.37:36203], old=null at 0
2019-06-18 00:55:35,116 INFO  impl.LeaderElection (LeaderElection.java:askForVotes(181)) - b6c45e7e-8e12-4ac6-9bf8-7ec84ba6b163:group-F9C5C399D293:LeaderElection4: begin an election at term 1 for -1: [b6c45e7e-8e12-4ac6-9bf8-7ec84ba6b163:192.168.46.37:38063], old=null
2019-06-18 00:55:35,122 INFO  impl.FollowerState (FollowerState.java:run(101)) - 2d9c32cf-d138-46ed-86fe-555b0f222d66:group-F789D1FF0E52 changes to CANDIDATE, lastRpcTime:1043, electionTimeout:1037ms
2019-06-18 00:55:35,127 INFO  impl.RoleInfo (RoleInfo.java:shutdownFollowerState(121)) - 2d9c32cf-d138-46ed-86fe-555b0f222d66: shutdown FollowerState
2019-06-18 00:55:35,127 INFO  impl.RaftServerImpl (RaftServerImpl.java:setRole(164)) - 2d9c32cf-d138-46ed-86fe-555b0f222d66:group-F789D1FF0E52 changes role from FOLLOWER to CANDIDATE at term 0 for changeToCandidate
2019-06-18 00:55:35,127 INFO  impl.RoleInfo (RoleInfo.java:updateAndGet(143)) - 2d9c32cf-d138-46ed-86fe-555b0f222d66: start LeaderElection
2019-06-18 00:55:35,125 INFO  impl.RoleInfo (RoleInfo.java:shutdownLeaderElection(134)) - b6c45e7e-8e12-4ac6-9bf8-7ec84ba6b163: shutdown LeaderElection
2019-06-18 00:55:35,138 INFO  impl.RaftServerImpl (RaftServerImpl.java:setRole(164)) - b6c45e7e-8e12-4ac6-9bf8-7ec84ba6b163:group-F9C5C399D293 changes role from CANDIDATE to LEADER at term 1 for changeToLeader
2019-06-18 00:55:35,140 INFO  impl.RaftServerImpl (ServerState.java:setLeader(263)) - b6c45e7e-8e12-4ac6-9bf8-7ec84ba6b163:group-F9C5C399D293 change Leader from null to b6c45e7e-8e12-4ac6-9bf8-7ec84ba6b163 at term 1 for becomeLeader, leader elected after 1170ms
2019-06-18 00:55:35,142 INFO  server.RaftServerConfigKeys (ConfUtils.java:logGet(43)) - raft.server.staging.catchup.gap = 1000 (default)
2019-06-18 00:55:35,142 INFO  server.RaftServerConfigKeys (ConfUtils.java:logGet(43)) - raft.server.rpc.sleep.time = 25ms (default)
2019-06-18 00:55:35,142 INFO  server.RaftServerConfigKeys (ConfUtils.java:logGet(43)) - raft.server.watch.timeout = 10s (default)
2019-06-18 00:55:35,142 INFO  server.RaftServerConfigKeys (ConfUtils.java:logGet(43)) - raft.server.watch.timeout.denomination = 1s (default)
2019-06-18 00:55:35,143 INFO  impl.RoleInfo (RoleInfo.java:updateAndGet(143)) - b6c45e7e-8e12-4ac6-9bf8-7ec84ba6b163: start LeaderState
2019-06-18 00:55:35,143 INFO  impl.LeaderElection (LeaderElection.java:askForVotes(181)) - 2d9c32cf-d138-46ed-86fe-555b0f222d66:group-F789D1FF0E52:LeaderElection5: begin an election at term 1 for -1: [2d9c32cf-d138-46ed-86fe-555b0f222d66:192.168.46.37:35455, 7d41c113-78b8-42e0-973f-a2985e127fce:192.168.46.37:36203, 845dac45-d65a-40db-aa8d-9123cdf470a5:192.168.46.37:33245], old=null
2019-06-18 00:55:35,143 INFO  storage.RaftLogWorker (RaftLogWorker.java:startLogSegment(298)) - b6c45e7e-8e12-4ac6-9bf8-7ec84ba6b163-RaftLogWorker: Starting segment from index:0
2019-06-18 00:55:35,143 INFO  impl.RaftServerImpl (ServerState.java:setRaftConf(361)) - b6c45e7e-8e12-4ac6-9bf8-7ec84ba6b163:group-F9C5C399D293 set configuration 0: [b6c45e7e-8e12-4ac6-9bf8-7ec84ba6b163:192.168.46.37:38063], old=null at 0
2019-06-18 00:55:35,170 INFO  impl.FollowerState (FollowerState.java:run(101)) - 7d41c113-78b8-42e0-973f-a2985e127fce:group-F789D1FF0E52 changes to CANDIDATE, lastRpcTime:1117, electionTimeout:1090ms
2019-06-18 00:55:35,170 INFO  impl.FollowerState (FollowerState.java:run(101)) - b9b86353-4835-4c55-9d74-7fec18bbda58:group-A40C6E2F7FD6 changes to CANDIDATE, lastRpcTime:1027, electionTimeout:1011ms
2019-06-18 00:55:35,170 INFO  impl.RoleInfo (RoleInfo.java:shutdownFollowerState(121)) - b9b86353-4835-4c55-9d74-7fec18bbda58: shutdown FollowerState
2019-06-18 00:55:35,170 INFO  impl.FollowerState (FollowerState.java:run(101)) - 845dac45-d65a-40db-aa8d-9123cdf470a5:group-F789D1FF0E52 changes to CANDIDATE, lastRpcTime:1119, electionTimeout:1100ms
2019-06-18 00:55:35,170 INFO  impl.RoleInfo (RoleInfo.java:shutdownFollowerState(121)) - 845dac45-d65a-40db-aa8d-9123cdf470a5: shutdown FollowerState
2019-06-18 00:55:35,170 INFO  impl.RaftServerImpl (RaftServerImpl.java:setRole(164)) - 845dac45-d65a-40db-aa8d-9123cdf470a5:group-F789D1FF0E52 changes role from FOLLOWER to CANDIDATE at term 0 for changeToCandidate
2019-06-18 00:55:35,171 INFO  impl.RoleInfo (RoleInfo.java:updateAndGet(143)) - 845dac45-d65a-40db-aa8d-9123cdf470a5: start LeaderElection
2019-06-18 00:55:35,170 INFO  impl.RoleInfo (RoleInfo.java:shutdownFollowerState(121)) - 7d41c113-78b8-42e0-973f-a2985e127fce: shutdown FollowerState
2019-06-18 00:55:35,170 INFO  impl.RaftServerImpl (RaftServerImpl.java:setRole(164)) - b9b86353-4835-4c55-9d74-7fec18bbda58:group-A40C6E2F7FD6 changes role from FOLLOWER to CANDIDATE at term 0 for changeToCandidate
2019-06-18 00:55:35,203 INFO  storage.RaftLogWorker (RaftLogWorker.java:execute(469)) - 7d41c113-78b8-42e0-973f-a2985e127fce-RaftLogWorker: created new log segment /opt/src/hadoop-ozone/tools/target/test-dir/MiniOzoneClusterImpl-6d9acd13-88f0-4110-8b50-a0007a84e3db/datanode-2/data/ratis/6a8fcf8a-4a98-42c2-afb1-60cac3877f37/current/log_inprogress_0
2019-06-18 00:55:35,194 INFO  storage.RaftLogWorker (RaftLogWorker.java:execute(469)) - b6c45e7e-8e12-4ac6-9bf8-7ec84ba6b163-RaftLogWorker: created new log segment /opt/src/hadoop-ozone/tools/target/test-dir/MiniOzoneClusterImpl-6d9acd13-88f0-4110-8b50-a0007a84e3db/datanode-3/data/ratis/a32b8f02-fc89-4011-8cc8-f9c5c399d293/current/log_inprogress_0
2019-06-18 00:55:35,203 INFO  impl.RoleInfo (RoleInfo.java:updateAndGet(143)) - b9b86353-4835-4c55-9d74-7fec18bbda58: start LeaderElection
2019-06-18 00:55:35,205 INFO  impl.RaftServerImpl (RaftServerImpl.java:setRole(164)) - 7d41c113-78b8-42e0-973f-a2985e127fce:group-F789D1FF0E52 changes role from FOLLOWER to CANDIDATE at term 0 for changeToCandidate
2019-06-18 00:55:35,225 INFO  impl.LeaderElection (LeaderElection.java:askForVotes(181)) - 845dac45-d65a-40db-aa8d-9123cdf470a5:group-F789D1FF0E52:LeaderElection6: begin an election at term 1 for -1: [2d9c32cf-d138-46ed-86fe-555b0f222d66:192.168.46.37:35455, 7d41c113-78b8-42e0-973f-a2985e127fce:192.168.46.37:36203, 845dac45-d65a-40db-aa8d-9123cdf470a5:192.168.46.37:33245], old=null
2019-06-18 00:55:35,229 INFO  impl.RoleInfo (RoleInfo.java:updateAndGet(143)) - 7d41c113-78b8-42e0-973f-a2985e127fce: start LeaderElection
2019-06-18 00:55:35,249 INFO  impl.LeaderElection (LeaderElection.java:askForVotes(181)) - b9b86353-4835-4c55-9d74-7fec18bbda58:group-A40C6E2F7FD6:LeaderElection7: begin an election at term 1 for -1: [b9b86353-4835-4c55-9d74-7fec18bbda58:192.168.46.37:43869], old=null
2019-06-18 00:55:35,249 INFO  impl.RoleInfo (RoleInfo.java:shutdownLeaderElection(134)) - b9b86353-4835-4c55-9d74-7fec18bbda58: shutdown LeaderElection
2019-06-18 00:55:35,250 INFO  impl.RaftServerImpl (RaftServerImpl.java:setRole(164)) - b9b86353-4835-4c55-9d74-7fec18bbda58:group-A40C6E2F7FD6 changes role from CANDIDATE to LEADER at term 1 for changeToLeader
2019-06-18 00:55:35,250 INFO  impl.RaftServerImpl (ServerState.java:setLeader(263)) - b9b86353-4835-4c55-9d74-7fec18bbda58:group-A40C6E2F7FD6 change Leader from null to b9b86353-4835-4c55-9d74-7fec18bbda58 at term 1 for becomeLeader, leader elected after 1111ms
2019-06-18 00:55:35,253 INFO  server.RaftServerConfigKeys (ConfUtils.java:logGet(43)) - raft.server.staging.catchup.gap = 1000 (default)
2019-06-18 00:55:35,253 INFO  server.RaftServerConfigKeys (ConfUtils.java:logGet(43)) - raft.server.rpc.sleep.time = 25ms (default)
2019-06-18 00:55:35,253 INFO  server.RaftServerConfigKeys (ConfUtils.java:logGet(43)) - raft.server.watch.timeout = 10s (default)
2019-06-18 00:55:35,253 INFO  server.RaftServerConfigKeys (ConfUtils.java:logGet(43)) - raft.server.watch.timeout.denomination = 1s (default)
2019-06-18 00:55:35,253 INFO  impl.RoleInfo (RoleInfo.java:updateAndGet(143)) - b9b86353-4835-4c55-9d74-7fec18bbda58: start LeaderState
2019-06-18 00:55:35,257 INFO  impl.LeaderElection (LeaderElection.java:askForVotes(181)) - 7d41c113-78b8-42e0-973f-a2985e127fce:group-F789D1FF0E52:LeaderElection8: begin an election at term 1 for -1: [2d9c32cf-d138-46ed-86fe-555b0f222d66:192.168.46.37:35455, 7d41c113-78b8-42e0-973f-a2985e127fce:192.168.46.37:36203, 845dac45-d65a-40db-aa8d-9123cdf470a5:192.168.46.37:33245], old=null
2019-06-18 00:55:35,267 INFO  storage.RaftLogWorker (RaftLogWorker.java:startLogSegment(298)) - b9b86353-4835-4c55-9d74-7fec18bbda58-RaftLogWorker: Starting segment from index:0
2019-06-18 00:55:35,276 INFO  impl.RaftServerImpl (ServerState.java:setRaftConf(361)) - b9b86353-4835-4c55-9d74-7fec18bbda58:group-A40C6E2F7FD6 set configuration 0: [b9b86353-4835-4c55-9d74-7fec18bbda58:192.168.46.37:43869], old=null at 0
2019-06-18 00:55:35,327 INFO  impl.LeaderElection (LeaderElection.java:logAndReturn(56)) - 2d9c32cf-d138-46ed-86fe-555b0f222d66:group-F789D1FF0E52:LeaderElection5: Election REJECTED; received 2 response(s) [2d9c32cf-d138-46ed-86fe-555b0f222d66->7d41c113-78b8-42e0-973f-a2985e127fce,false-t1, 2d9c32cf-d138-46ed-86fe-555b0f222d66->845dac45-d65a-40db-aa8d-9123cdf470a5,false-t1] and 0 exception(s); 2d9c32cf-d138-46ed-86fe-555b0f222d66:t1, leader=null, voted=2d9c32cf-d138-46ed-86fe-555b0f222d66, raftlog=2d9c32cf-d138-46ed-86fe-555b0f222d66-SegmentedRaftLog:OPENED:c-1,f-1,i0, conf=-1: [2d9c32cf-d138-46ed-86fe-555b0f222d66:192.168.46.37:35455, 7d41c113-78b8-42e0-973f-a2985e127fce:192.168.46.37:36203, 845dac45-d65a-40db-aa8d-9123cdf470a5:192.168.46.37:33245], old=null
2019-06-18 00:55:35,328 INFO  impl.RaftServerImpl (RaftServerImpl.java:setRole(164)) - 2d9c32cf-d138-46ed-86fe-555b0f222d66:group-F789D1FF0E52 changes role from CANDIDATE to FOLLOWER at term 1 for DISCOVERED_A_NEW_TERM
2019-06-18 00:55:35,328 INFO  impl.RoleInfo (RoleInfo.java:shutdownLeaderElection(134)) - 2d9c32cf-d138-46ed-86fe-555b0f222d66: shutdown LeaderElection
2019-06-18 00:55:35,328 INFO  impl.RoleInfo (RoleInfo.java:updateAndGet(143)) - 2d9c32cf-d138-46ed-86fe-555b0f222d66: start FollowerState
2019-06-18 00:55:35,353 INFO  storage.RaftLogWorker (RaftLogWorker.java:execute(469)) - b9b86353-4835-4c55-9d74-7fec18bbda58-RaftLogWorker: created new log segment /opt/src/hadoop-ozone/tools/target/test-dir/MiniOzoneClusterImpl-6d9acd13-88f0-4110-8b50-a0007a84e3db/datanode-4/data/ratis/8b5cb9d2-4559-42ec-8008-a40c6e2f7fd6/current/log_inprogress_0
2019-06-18 00:55:35,353 INFO  impl.LeaderElection (LeaderElection.java:logAndReturn(56)) - 845dac45-d65a-40db-aa8d-9123cdf470a5:group-F789D1FF0E52:LeaderElection6: Election REJECTED; received 2 response(s) [845dac45-d65a-40db-aa8d-9123cdf470a5->2d9c32cf-d138-46ed-86fe-555b0f222d66,false-t1, 845dac45-d65a-40db-aa8d-9123cdf470a5->7d41c113-78b8-42e0-973f-a2985e127fce,false-t1] and 0 exception(s); 845dac45-d65a-40db-aa8d-9123cdf470a5:t1, leader=null, voted=845dac45-d65a-40db-aa8d-9123cdf470a5, raftlog=845dac45-d65a-40db-aa8d-9123cdf470a5-SegmentedRaftLog:OPENED:c-1,f-1,i0, conf=-1: [2d9c32cf-d138-46ed-86fe-555b0f222d66:192.168.46.37:35455, 7d41c113-78b8-42e0-973f-a2985e127fce:192.168.46.37:36203, 845dac45-d65a-40db-aa8d-9123cdf470a5:192.168.46.37:33245], old=null
2019-06-18 00:55:35,356 INFO  impl.RaftServerImpl (RaftServerImpl.java:setRole(164)) - 845dac45-d65a-40db-aa8d-9123cdf470a5:group-F789D1FF0E52 changes role from CANDIDATE to FOLLOWER at term 1 for DISCOVERED_A_NEW_TERM
2019-06-18 00:55:35,356 INFO  impl.RoleInfo (RoleInfo.java:shutdownLeaderElection(134)) - 845dac45-d65a-40db-aa8d-9123cdf470a5: shutdown LeaderElection
2019-06-18 00:55:35,356 INFO  impl.RoleInfo (RoleInfo.java:updateAndGet(143)) - 845dac45-d65a-40db-aa8d-9123cdf470a5: start FollowerState
2019-06-18 00:55:35,393 INFO  impl.LeaderElection (LeaderElection.java:logAndReturn(56)) - 7d41c113-78b8-42e0-973f-a2985e127fce:group-F789D1FF0E52:LeaderElection8: Election REJECTED; received 2 response(s) [7d41c113-78b8-42e0-973f-a2985e127fce->2d9c32cf-d138-46ed-86fe-555b0f222d66,false-t1, 7d41c113-78b8-42e0-973f-a2985e127fce->845dac45-d65a-40db-aa8d-9123cdf470a5,false-t1] and 0 exception(s); 7d41c113-78b8-42e0-973f-a2985e127fce:t1, leader=null, voted=7d41c113-78b8-42e0-973f-a2985e127fce, raftlog=7d41c113-78b8-42e0-973f-a2985e127fce-SegmentedRaftLog:OPENED:c-1,f-1,i0, conf=-1: [2d9c32cf-d138-46ed-86fe-555b0f222d66:192.168.46.37:35455, 7d41c113-78b8-42e0-973f-a2985e127fce:192.168.46.37:36203, 845dac45-d65a-40db-aa8d-9123cdf470a5:192.168.46.37:33245], old=null
2019-06-18 00:55:35,394 INFO  impl.RaftServerImpl (RaftServerImpl.java:setRole(164)) - 7d41c113-78b8-42e0-973f-a2985e127fce:group-F789D1FF0E52 changes role from CANDIDATE to FOLLOWER at term 1 for DISCOVERED_A_NEW_TERM
2019-06-18 00:55:35,394 INFO  impl.RoleInfo (RoleInfo.java:shutdownLeaderElection(134)) - 7d41c113-78b8-42e0-973f-a2985e127fce: shutdown LeaderElection
2019-06-18 00:55:35,394 INFO  impl.RoleInfo (RoleInfo.java:updateAndGet(143)) - 7d41c113-78b8-42e0-973f-a2985e127fce: start FollowerState
2019-06-18 00:55:35,572 INFO  freon.RandomKeyGenerator (RandomKeyGenerator.java:call(261)) - Number of Threads: 10
2019-06-18 00:55:35,575 INFO  freon.RandomKeyGenerator (RandomKeyGenerator.java:call(267)) - Number of Volumes: 1.
2019-06-18 00:55:35,575 INFO  freon.RandomKeyGenerator (RandomKeyGenerator.java:call(268)) - Number of Buckets per Volume: 1.
2019-06-18 00:55:35,575 INFO  freon.RandomKeyGenerator (RandomKeyGenerator.java:call(269)) - Number of Keys per Bucket: 1.
2019-06-18 00:55:35,575 INFO  freon.RandomKeyGenerator (RandomKeyGenerator.java:call(270)) - Key size: 20971520 bytes
2019-06-18 00:55:35,575 INFO  freon.RandomKeyGenerator (RandomKeyGenerator.java:call(271)) - Buffer size: 4096 bytes
2019-06-18 00:55:35,579 INFO  freon.RandomKeyGenerator (RandomKeyGenerator.java:call(287)) - Data validation is enabled.
2019-06-18 00:55:35,580 INFO  freon.RandomKeyGenerator (RandomKeyGenerator.java:call(300)) - Starting progress bar Thread.

 0.00% |█                                                                                                    |  0/1 Time: 0:00:002019-06-18 00:55:35,610 INFO  rpc.RpcClient (RpcClient.java:createVolume(289)) - Creating Volume: vol-0-27320, with jenkins1000 as owner.
2019-06-18 00:55:35,643 INFO  rpc.RpcClient (RpcClient.java:createBucket(426)) - Creating Bucket: vol-0-27320/bucket-0-00092, with Versioning false and Storage Type set to DISK and Encryption set to false 
2019-06-18 00:55:35,895 INFO  client.GrpcClientProtocolClient (GrpcClientProtocolClient.java:onNext(254)) - client-0870655FDD19->7d41c113-78b8-42e0-973f-a2985e127fce: receive RaftClientReply:client-0870655FDD19->7d41c113-78b8-42e0-973f-a2985e127fce@group-F789D1FF0E52, cid=8, FAILED org.apache.ratis.protocol.NotLeaderException: Server 7d41c113-78b8-42e0-973f-a2985e127fce is not the leader (845dac45-d65a-40db-aa8d-9123cdf470a5:192.168.46.37:33245). Request must be sent to leader., logIndex=0, commits[7d41c113-78b8-42e0-973f-a2985e127fce:c-1]
2019-06-18 00:55:35,906 WARN  client.GrpcClientProtocolService (LogUtils.java:warn(134)) - 0-OrderedRequestStreamObserver0: onError: org.apache.ratis.thirdparty.io.grpc.StatusRuntimeException: CANCELLED: cancelled before receiving half close
2019-06-18 00:55:36,521 INFO  impl.FollowerState (FollowerState.java:run(101)) - 845dac45-d65a-40db-aa8d-9123cdf470a5:group-F789D1FF0E52 changes to CANDIDATE, lastRpcTime:1165, electionTimeout:1165ms
2019-06-18 00:55:36,524 INFO  impl.RoleInfo (RoleInfo.java:shutdownFollowerState(121)) - 845dac45-d65a-40db-aa8d-9123cdf470a5: shutdown FollowerState
2019-06-18 00:55:36,524 INFO  impl.RaftServerImpl (RaftServerImpl.java:setRole(164)) - 845dac45-d65a-40db-aa8d-9123cdf470a5:group-F789D1FF0E52 changes role from FOLLOWER to CANDIDATE at term 1 for changeToCandidate
2019-06-18 00:55:36,524 INFO  impl.RoleInfo (RoleInfo.java:updateAndGet(143)) - 845dac45-d65a-40db-aa8d-9123cdf470a5: start LeaderElection
2019-06-18 00:55:36,523 INFO  impl.FollowerState (FollowerState.java:run(101)) - 2d9c32cf-d138-46ed-86fe-555b0f222d66:group-F789D1FF0E52 changes to CANDIDATE, lastRpcTime:1193, electionTimeout:1171ms
2019-06-18 00:55:36,524 INFO  impl.RoleInfo (RoleInfo.java:shutdownFollowerState(121)) - 2d9c32cf-d138-46ed-86fe-555b0f222d66: shutdown FollowerState
2019-06-18 00:55:36,524 INFO  impl.RaftServerImpl (RaftServerImpl.java:setRole(164)) - 2d9c32cf-d138-46ed-86fe-555b0f222d66:group-F789D1FF0E52 changes role from FOLLOWER to CANDIDATE at term 1 for changeToCandidate
2019-06-18 00:55:36,525 INFO  impl.RoleInfo (RoleInfo.java:updateAndGet(143)) - 2d9c32cf-d138-46ed-86fe-555b0f222d66: start LeaderElection
2019-06-18 00:55:36,530 INFO  impl.LeaderElection (LeaderElection.java:askForVotes(181)) - 845dac45-d65a-40db-aa8d-9123cdf470a5:group-F789D1FF0E52:LeaderElection9: begin an election at term 2 for -1: [2d9c32cf-d138-46ed-86fe-555b0f222d66:192.168.46.37:35455, 7d41c113-78b8-42e0-973f-a2985e127fce:192.168.46.37:36203, 845dac45-d65a-40db-aa8d-9123cdf470a5:192.168.46.37:33245], old=null
2019-06-18 00:55:36,530 INFO  impl.LeaderElection (LeaderElection.java:askForVotes(181)) - 2d9c32cf-d138-46ed-86fe-555b0f222d66:group-F789D1FF0E52:LeaderElection10: begin an election at term 2 for -1: [2d9c32cf-d138-46ed-86fe-555b0f222d66:192.168.46.37:35455, 7d41c113-78b8-42e0-973f-a2985e127fce:192.168.46.37:36203, 845dac45-d65a-40db-aa8d-9123cdf470a5:192.168.46.37:33245], old=null
2019-06-18 00:55:36,551 INFO  impl.RaftServerImpl (RaftServerImpl.java:setRole(164)) - 7d41c113-78b8-42e0-973f-a2985e127fce:group-F789D1FF0E52 changes role from FOLLOWER to FOLLOWER at term 2 for recognizeCandidate:2d9c32cf-d138-46ed-86fe-555b0f222d66
2019-06-18 00:55:36,551 INFO  impl.RoleInfo (RoleInfo.java:shutdownFollowerState(121)) - 7d41c113-78b8-42e0-973f-a2985e127fce: shutdown FollowerState
2019-06-18 00:55:36,551 INFO  impl.RoleInfo (RoleInfo.java:updateAndGet(143)) - 7d41c113-78b8-42e0-973f-a2985e127fce: start FollowerState
2019-06-18 00:55:36,552 INFO  impl.FollowerState (FollowerState.java:run(109)) - 7d41c113-78b8-42e0-973f-a2985e127fce: FollowerState was interrupted: java.lang.InterruptedException: sleep interrupted
2019-06-18 00:55:36,575 INFO  impl.LeaderElection (LeaderElection.java:logAndReturn(56)) - 845dac45-d65a-40db-aa8d-9123cdf470a5:group-F789D1FF0E52:LeaderElection9: Election REJECTED; received 2 response(s) [845dac45-d65a-40db-aa8d-9123cdf470a5->2d9c32cf-d138-46ed-86fe-555b0f222d66,false-t2, 845dac45-d65a-40db-aa8d-9123cdf470a5->7d41c113-78b8-42e0-973f-a2985e127fce,false-t2] and 0 exception(s); 845dac45-d65a-40db-aa8d-9123cdf470a5:t2, leader=null, voted=845dac45-d65a-40db-aa8d-9123cdf470a5, raftlog=845dac45-d65a-40db-aa8d-9123cdf470a5-SegmentedRaftLog:OPENED:c-1,f-1,i0, conf=-1: [2d9c32cf-d138-46ed-86fe-555b0f222d66:192.168.46.37:35455, 7d41c113-78b8-42e0-973f-a2985e127fce:192.168.46.37:36203, 845dac45-d65a-40db-aa8d-9123cdf470a5:192.168.46.37:33245], old=null
2019-06-18 00:55:36,575 INFO  impl.RaftServerImpl (RaftServerImpl.java:setRole(164)) - 845dac45-d65a-40db-aa8d-9123cdf470a5:group-F789D1FF0E52 changes role from CANDIDATE to FOLLOWER at term 2 for DISCOVERED_A_NEW_TERM
2019-06-18 00:55:36,575 INFO  impl.RoleInfo (RoleInfo.java:shutdownLeaderElection(134)) - 845dac45-d65a-40db-aa8d-9123cdf470a5: shutdown LeaderElection
2019-06-18 00:55:36,575 INFO  impl.RoleInfo (RoleInfo.java:updateAndGet(143)) - 845dac45-d65a-40db-aa8d-9123cdf470a5: start FollowerState
2019-06-18 00:55:36,576 INFO  impl.LeaderElection (LeaderElection.java:logAndReturn(56)) - 2d9c32cf-d138-46ed-86fe-555b0f222d66:group-F789D1FF0E52:LeaderElection10: Election PASSED; received 2 response(s) [2d9c32cf-d138-46ed-86fe-555b0f222d66->7d41c113-78b8-42e0-973f-a2985e127fce,true-t2, 2d9c32cf-d138-46ed-86fe-555b0f222d66->845dac45-d65a-40db-aa8d-9123cdf470a5,false-t2] and 0 exception(s); 2d9c32cf-d138-46ed-86fe-555b0f222d66:t2, leader=null, voted=2d9c32cf-d138-46ed-86fe-555b0f222d66, raftlog=2d9c32cf-d138-46ed-86fe-555b0f222d66-SegmentedRaftLog:OPENED:c-1,f-1,i0, conf=-1: [2d9c32cf-d138-46ed-86fe-555b0f222d66:192.168.46.37:35455, 7d41c113-78b8-42e0-973f-a2985e127fce:192.168.46.37:36203, 845dac45-d65a-40db-aa8d-9123cdf470a5:192.168.46.37:33245], old=null
2019-06-18 00:55:36,578 INFO  impl.RoleInfo (RoleInfo.java:shutdownLeaderElection(134)) - 2d9c32cf-d138-46ed-86fe-555b0f222d66: shutdown LeaderElection
2019-06-18 00:55:36,579 INFO  impl.RaftServerImpl (RaftServerImpl.java:setRole(164)) - 2d9c32cf-d138-46ed-86fe-555b0f222d66:group-F789D1FF0E52 changes role from CANDIDATE to LEADER at term 2 for changeToLeader
2019-06-18 00:55:36,580 INFO  impl.RaftServerImpl (ServerState.java:setLeader(263)) - 2d9c32cf-d138-46ed-86fe-555b0f222d66:group-F789D1FF0E52 change Leader from null to 2d9c32cf-d138-46ed-86fe-555b0f222d66 at term 2 for becomeLeader, leader elected after 2533ms
2019-06-18 00:55:36,580 INFO  server.RaftServerConfigKeys (ConfUtils.java:logGet(43)) - raft.server.staging.catchup.gap = 1000 (default)
2019-06-18 00:55:36,580 INFO  server.RaftServerConfigKeys (ConfUtils.java:logGet(43)) - raft.server.rpc.sleep.time = 25ms (default)
2019-06-18 00:55:36,581 INFO  server.RaftServerConfigKeys (ConfUtils.java:logGet(43)) - raft.server.watch.timeout = 10s (default)
2019-06-18 00:55:36,581 INFO  server.RaftServerConfigKeys (ConfUtils.java:logGet(43)) - raft.server.watch.timeout.denomination = 1s (default)
 0.00% |█                                                                                                    |  0/1 Time: 0:00:012019-06-18 00:55:36,583 INFO  server.RaftServerConfigKeys (ConfUtils.java:logGet(43)) - raft.server.log.appender.snapshot.chunk.size.max = 16MB (=16777216) (default)
2019-06-18 00:55:36,583 INFO  server.RaftServerConfigKeys (ConfUtils.java:logGet(43)) - raft.server.log.appender.buffer.byte-limit = 33554432 (custom)
2019-06-18 00:55:36,583 INFO  server.RaftServerConfigKeys (ConfUtils.java:logGet(43)) - raft.server.log.appender.buffer.element-limit = 1 (custom)
2019-06-18 00:55:36,585 INFO  grpc.GrpcConfigKeys$Server (ConfUtils.java:logGet(43)) - raft.grpc.server.leader.outstanding.appends.max = 128 (default)
2019-06-18 00:55:36,586 INFO  server.RaftServerConfigKeys (ConfUtils.java:logGet(43)) - raft.server.rpc.request.timeout = 3000ms (default)
2019-06-18 00:55:36,586 INFO  server.RaftServerConfigKeys (ConfUtils.java:logGet(43)) - raft.server.log.appender.install.snapshot.enabled = true (default)
2019-06-18 00:55:36,586 INFO  server.RaftServerConfigKeys (ConfUtils.java:logGet(43)) - raft.server.log.appender.snapshot.chunk.size.max = 16MB (=16777216) (default)
2019-06-18 00:55:36,586 INFO  server.RaftServerConfigKeys (ConfUtils.java:logGet(43)) - raft.server.log.appender.buffer.byte-limit = 33554432 (custom)
2019-06-18 00:55:36,586 INFO  server.RaftServerConfigKeys (ConfUtils.java:logGet(43)) - raft.server.log.appender.buffer.element-limit = 1 (custom)
2019-06-18 00:55:36,587 INFO  grpc.GrpcConfigKeys$Server (ConfUtils.java:logGet(43)) - raft.grpc.server.leader.outstanding.appends.max = 128 (default)
2019-06-18 00:55:36,587 INFO  server.RaftServerConfigKeys (ConfUtils.java:logGet(43)) - raft.server.rpc.request.timeout = 3000ms (default)
2019-06-18 00:55:36,587 INFO  server.RaftServerConfigKeys (ConfUtils.java:logGet(43)) - raft.server.log.appender.install.snapshot.enabled = true (default)
2019-06-18 00:55:36,587 INFO  impl.RoleInfo (RoleInfo.java:updateAndGet(143)) - 2d9c32cf-d138-46ed-86fe-555b0f222d66: start LeaderState
2019-06-18 00:55:36,587 INFO  storage.RaftLogWorker (RaftLogWorker.java:startLogSegment(298)) - 2d9c32cf-d138-46ed-86fe-555b0f222d66-RaftLogWorker: Starting segment from index:0
2019-06-18 00:55:36,621 INFO  impl.RaftServerImpl (ServerState.java:setRaftConf(361)) - 2d9c32cf-d138-46ed-86fe-555b0f222d66:group-F789D1FF0E52 set configuration 0: [2d9c32cf-d138-46ed-86fe-555b0f222d66:192.168.46.37:35455, 7d41c113-78b8-42e0-973f-a2985e127fce:192.168.46.37:36203, 845dac45-d65a-40db-aa8d-9123cdf470a5:192.168.46.37:33245], old=null at 0
2019-06-18 00:55:36,647 INFO  storage.RaftLogWorker (RaftLogWorker.java:execute(469)) - 2d9c32cf-d138-46ed-86fe-555b0f222d66-RaftLogWorker: created new log segment /opt/src/hadoop-ozone/tools/target/test-dir/MiniOzoneClusterImpl-6d9acd13-88f0-4110-8b50-a0007a84e3db/datanode-0/data/ratis/1ee23aab-99cb-4f91-88c7-f789d1ff0e52/current/log_inprogress_0
2019-06-18 00:55:36,650 INFO  impl.RaftServerImpl (ServerState.java:setLeader(263)) - 7d41c113-78b8-42e0-973f-a2985e127fce:group-F789D1FF0E52 change Leader from null to 2d9c32cf-d138-46ed-86fe-555b0f222d66 at term 2 for appendEntries, leader elected after 2606ms
2019-06-18 00:55:36,649 INFO  impl.RaftServerImpl (ServerState.java:setLeader(263)) - 845dac45-d65a-40db-aa8d-9123cdf470a5:group-F789D1FF0E52 change Leader from null to 2d9c32cf-d138-46ed-86fe-555b0f222d66 at term 2 for appendEntries, leader elected after 2603ms
2019-06-18 00:55:36,675 INFO  impl.RaftServerImpl (ServerState.java:setRaftConf(361)) - 7d41c113-78b8-42e0-973f-a2985e127fce:group-F789D1FF0E52 set configuration 0: [2d9c32cf-d138-46ed-86fe-555b0f222d66:192.168.46.37:35455, 7d41c113-78b8-42e0-973f-a2985e127fce:192.168.46.37:36203, 845dac45-d65a-40db-aa8d-9123cdf470a5:192.168.46.37:33245], old=null at 0
2019-06-18 00:55:36,675 INFO  storage.RaftLogWorker (RaftLogWorker.java:startLogSegment(298)) - 7d41c113-78b8-42e0-973f-a2985e127fce-RaftLogWorker: Starting segment from index:0
2019-06-18 00:55:36,676 INFO  impl.RaftServerImpl (ServerState.java:setRaftConf(361)) - 845dac45-d65a-40db-aa8d-9123cdf470a5:group-F789D1FF0E52 set configuration 0: [2d9c32cf-d138-46ed-86fe-555b0f222d66:192.168.46.37:35455, 7d41c113-78b8-42e0-973f-a2985e127fce:192.168.46.37:36203, 845dac45-d65a-40db-aa8d-9123cdf470a5:192.168.46.37:33245], old=null at 0
2019-06-18 00:55:36,676 INFO  storage.RaftLogWorker (RaftLogWorker.java:startLogSegment(298)) - 845dac45-d65a-40db-aa8d-9123cdf470a5-RaftLogWorker: Starting segment from index:0
2019-06-18 00:55:36,720 INFO  storage.RaftLogWorker (RaftLogWorker.java:execute(469)) - 845dac45-d65a-40db-aa8d-9123cdf470a5-RaftLogWorker: created new log segment /opt/src/hadoop-ozone/tools/target/test-dir/MiniOzoneClusterImpl-6d9acd13-88f0-4110-8b50-a0007a84e3db/datanode-1/data/ratis/1ee23aab-99cb-4f91-88c7-f789d1ff0e52/current/log_inprogress_0
2019-06-18 00:55:36,730 INFO  storage.RaftLogWorker (RaftLogWorker.java:execute(469)) - 7d41c113-78b8-42e0-973f-a2985e127fce-RaftLogWorker: created new log segment /opt/src/hadoop-ozone/tools/target/test-dir/MiniOzoneClusterImpl-6d9acd13-88f0-4110-8b50-a0007a84e3db/datanode-2/data/ratis/1ee23aab-99cb-4f91-88c7-f789d1ff0e52/current/log_inprogress_0
2019-06-18 00:55:37,107 INFO  client.GrpcClientProtocolClient (GrpcClientProtocolClient.java:onNext(254)) - client-0870655FDD19->2d9c32cf-d138-46ed-86fe-555b0f222d66: receive RaftClientReply:client-0870655FDD19->2d9c32cf-d138-46ed-86fe-555b0f222d66@group-F789D1FF0E52, cid=8, SUCCESS, logIndex=1, commits[2d9c32cf-d138-46ed-86fe-555b0f222d66:c1, 7d41c113-78b8-42e0-973f-a2985e127fce:c0, 845dac45-d65a-40db-aa8d-9123cdf470a5:c0]
2019-06-18 00:55:37,185 INFO  client.GrpcClientProtocolClient (GrpcClientProtocolClient.java:onNext(254)) - client-0870655FDD19->2d9c32cf-d138-46ed-86fe-555b0f222d66: receive RaftClientReply:client-0870655FDD19->2d9c32cf-d138-46ed-86fe-555b0f222d66@group-F789D1FF0E52, cid=9, SUCCESS, logIndex=3, commits[2d9c32cf-d138-46ed-86fe-555b0f222d66:c4, 7d41c113-78b8-42e0-973f-a2985e127fce:c3, 845dac45-d65a-40db-aa8d-9123cdf470a5:c3]
2019-06-18 00:55:37,230 INFO  client.GrpcClientProtocolClient (GrpcClientProtocolClient.java:onNext(254)) - client-0870655FDD19->2d9c32cf-d138-46ed-86fe-555b0f222d66: receive RaftClientReply:client-0870655FDD19->2d9c32cf-d138-46ed-86fe-555b0f222d66@group-F789D1FF0E52, cid=10, SUCCESS, logIndex=5, commits[2d9c32cf-d138-46ed-86fe-555b0f222d66:c6, 7d41c113-78b8-42e0-973f-a2985e127fce:c4, 845dac45-d65a-40db-aa8d-9123cdf470a5:c3]
2019-06-18 00:55:37,232 INFO  client.GrpcClientProtocolClient (GrpcClientProtocolClient.java:onNext(254)) - client-0870655FDD19->2d9c32cf-d138-46ed-86fe-555b0f222d66: receive RaftClientReply:client-0870655FDD19->2d9c32cf-d138-46ed-86fe-555b0f222d66@group-F789D1FF0E52, cid=11, SUCCESS, logIndex=6, commits[2d9c32cf-d138-46ed-86fe-555b0f222d66:c6, 7d41c113-78b8-42e0-973f-a2985e127fce:c4, 845dac45-d65a-40db-aa8d-9123cdf470a5:c3]
2019-06-18 00:55:37,315 INFO  client.GrpcClientProtocolClient (GrpcClientProtocolClient.java:onNext(254)) - client-0870655FDD19->2d9c32cf-d138-46ed-86fe-555b0f222d66: receive RaftClientReply:client-0870655FDD19->2d9c32cf-d138-46ed-86fe-555b0f222d66@group-F789D1FF0E52, cid=12, SUCCESS, logIndex=9, commits[2d9c32cf-d138-46ed-86fe-555b0f222d66:c9, 7d41c113-78b8-42e0-973f-a2985e127fce:c7, 845dac45-d65a-40db-aa8d-9123cdf470a5:c7]
2019-06-18 00:55:37,323 INFO  client.GrpcClientProtocolClient (GrpcClientProtocolClient.java:onNext(254)) - client-0870655FDD19->2d9c32cf-d138-46ed-86fe-555b0f222d66: receive RaftClientReply:client-0870655FDD19->2d9c32cf-d138-46ed-86fe-555b0f222d66@group-F789D1FF0E52, cid=13, SUCCESS, logIndex=11, commits[2d9c32cf-d138-46ed-86fe-555b0f222d66:c11, 7d41c113-78b8-42e0-973f-a2985e127fce:c9, 845dac45-d65a-40db-aa8d-9123cdf470a5:c9]
2019-06-18 00:55:37,361 INFO  client.GrpcClientProtocolClient (GrpcClientProtocolClient.java:onNext(254)) - client-0870655FDD19->2d9c32cf-d138-46ed-86fe-555b0f222d66: receive RaftClientReply:client-0870655FDD19->2d9c32cf-d138-46ed-86fe-555b0f222d66@group-F789D1FF0E52, cid=14, SUCCESS, logIndex=13, commits[2d9c32cf-d138-46ed-86fe-555b0f222d66:c13, 7d41c113-78b8-42e0-973f-a2985e127fce:c11, 845dac45-d65a-40db-aa8d-9123cdf470a5:c11]
2019-06-18 00:55:37,376 INFO  client.GrpcClientProtocolClient (GrpcClientProtocolClient.java:onNext(254)) - client-0870655FDD19->2d9c32cf-d138-46ed-86fe-555b0f222d66: receive RaftClientReply:client-0870655FDD19->2d9c32cf-d138-46ed-86fe-555b0f222d66@group-F789D1FF0E52, cid=15, SUCCESS, logIndex=15, commits[2d9c32cf-d138-46ed-86fe-555b0f222d66:c15, 7d41c113-78b8-42e0-973f-a2985e127fce:c13, 845dac45-d65a-40db-aa8d-9123cdf470a5:c11]
2019-06-18 00:55:37,412 INFO  client.GrpcClientProtocolClient (GrpcClientProtocolClient.java:onNext(254)) - client-0870655FDD19->2d9c32cf-d138-46ed-86fe-555b0f222d66: receive RaftClientReply:client-0870655FDD19->2d9c32cf-d138-46ed-86fe-555b0f222d66@group-F789D1FF0E52, cid=16, SUCCESS, logIndex=0, commits[2d9c32cf-d138-46ed-86fe-555b0f222d66:c16, 7d41c113-78b8-42e0-973f-a2985e127fce:c15, 845dac45-d65a-40db-aa8d-9123cdf470a5:c15]
2019-06-18 00:55:37,487 INFO  client.GrpcClientProtocolClient (GrpcClientProtocolClient.java:onNext(254)) - client-0870655FDD19->2d9c32cf-d138-46ed-86fe-555b0f222d66: receive RaftClientReply:client-0870655FDD19->2d9c32cf-d138-46ed-86fe-555b0f222d66@group-F789D1FF0E52, cid=17, SUCCESS, logIndex=17, commits[2d9c32cf-d138-46ed-86fe-555b0f222d66:c17, 7d41c113-78b8-42e0-973f-a2985e127fce:c16, 845dac45-d65a-40db-aa8d-9123cdf470a5:c15]
2019-06-18 00:55:37,539 INFO  client.GrpcClientProtocolClient (GrpcClientProtocolClient.java:onNext(254)) - client-0870655FDD19->2d9c32cf-d138-46ed-86fe-555b0f222d66: receive RaftClientReply:client-0870655FDD19->2d9c32cf-d138-46ed-86fe-555b0f222d66@group-F789D1FF0E52, cid=18, SUCCESS, logIndex=19, commits[2d9c32cf-d138-46ed-86fe-555b0f222d66:c20, 7d41c113-78b8-42e0-973f-a2985e127fce:c18, 845dac45-d65a-40db-aa8d-9123cdf470a5:c18]
2019-06-18 00:55:37,556 INFO  client.GrpcClientProtocolClient (GrpcClientProtocolClient.java:onNext(254)) - client-0870655FDD19->2d9c32cf-d138-46ed-86fe-555b0f222d66: receive RaftClientReply:client-0870655FDD19->2d9c32cf-d138-46ed-86fe-555b0f222d66@group-F789D1FF0E52, cid=19, SUCCESS, logIndex=20, commits[2d9c32cf-d138-46ed-86fe-555b0f222d66:c20, 7d41c113-78b8-42e0-973f-a2985e127fce:c19, 845dac45-d65a-40db-aa8d-9123cdf470a5:c18]
2019-06-18 00:55:37,573 INFO  client.GrpcClientProtocolClient (GrpcClientProtocolClient.java:onNext(254)) - client-0870655FDD19->2d9c32cf-d138-46ed-86fe-555b0f222d66: receive RaftClientReply:client-0870655FDD19->2d9c32cf-d138-46ed-86fe-555b0f222d66@group-F789D1FF0E52, cid=20, SUCCESS, logIndex=21, commits[2d9c32cf-d138-46ed-86fe-555b0f222d66:c23, 7d41c113-78b8-42e0-973f-a2985e127fce:c20, 845dac45-d65a-40db-aa8d-9123cdf470a5:c20]
 0.00% |█                                                                                                    |  0/1 Time: 0:00:022019-06-18 00:55:37,602 INFO  client.GrpcClientProtocolClient (GrpcClientProtocolClient.java:onNext(254)) - client-0870655FDD19->2d9c32cf-d138-46ed-86fe-555b0f222d66: receive RaftClientReply:client-0870655FDD19->2d9c32cf-d138-46ed-86fe-555b0f222d66@group-F789D1FF0E52, cid=21, SUCCESS, logIndex=24, commits[2d9c32cf-d138-46ed-86fe-555b0f222d66:c24, 7d41c113-78b8-42e0-973f-a2985e127fce:c20, 845dac45-d65a-40db-aa8d-9123cdf470a5:c23]
2019-06-18 00:55:37,613 INFO  client.GrpcClientProtocolClient (GrpcClientProtocolClient.java:onNext(254)) - client-0870655FDD19->2d9c32cf-d138-46ed-86fe-555b0f222d66: receive RaftClientReply:client-0870655FDD19->2d9c32cf-d138-46ed-86fe-555b0f222d66@group-F789D1FF0E52, cid=22, SUCCESS, logIndex=26, commits[2d9c32cf-d138-46ed-86fe-555b0f222d66:c26, 7d41c113-78b8-42e0-973f-a2985e127fce:c24, 845dac45-d65a-40db-aa8d-9123cdf470a5:c24]
2019-06-18 00:55:37,645 INFO  client.GrpcClientProtocolClient (GrpcClientProtocolClient.java:onNext(254)) - client-0870655FDD19->2d9c32cf-d138-46ed-86fe-555b0f222d66: receive RaftClientReply:client-0870655FDD19->2d9c32cf-d138-46ed-86fe-555b0f222d66@group-F789D1FF0E52, cid=23, SUCCESS, logIndex=28, commits[2d9c32cf-d138-46ed-86fe-555b0f222d66:c28, 7d41c113-78b8-42e0-973f-a2985e127fce:c26, 845dac45-d65a-40db-aa8d-9123cdf470a5:c27]
2019-06-18 00:55:37,665 INFO  client.GrpcClientProtocolClient (GrpcClientProtocolClient.java:onNext(254)) - client-0870655FDD19->2d9c32cf-d138-46ed-86fe-555b0f222d66: receive RaftClientReply:client-0870655FDD19->2d9c32cf-d138-46ed-86fe-555b0f222d66@group-F789D1FF0E52, cid=24, SUCCESS, logIndex=30, commits[2d9c32cf-d138-46ed-86fe-555b0f222d66:c30, 7d41c113-78b8-42e0-973f-a2985e127fce:c29, 845dac45-d65a-40db-aa8d-9123cdf470a5:c29]
2019-06-18 00:55:37,673 INFO  client.GrpcClientProtocolClient (GrpcClientProtocolClient.java:onNext(254)) - client-0870655FDD19->2d9c32cf-d138-46ed-86fe-555b0f222d66: receive RaftClientReply:client-0870655FDD19->2d9c32cf-d138-46ed-86fe-555b0f222d66@group-F789D1FF0E52, cid=25, SUCCESS, logIndex=0, commits[2d9c32cf-d138-46ed-86fe-555b0f222d66:c31, 7d41c113-78b8-42e0-973f-a2985e127fce:c30, 845dac45-d65a-40db-aa8d-9123cdf470a5:c30]
2019-06-18 00:55:37,683 INFO  keyvalue.KeyValueHandler (ContainerUtils.java:logAndReturnError(146)) - Operation: CreateContainer : Trace ID: 5ad1702f537372e:5614559aae330877:3edad675d3ef7fc1:0 : Message: Container creation failed, due to disk out of space : Result: DISK_OUT_OF_SPACE
2019-06-18 00:55:37,697 INFO  keyvalue.KeyValueHandler (ContainerUtils.java:logAndReturnError(146)) - Operation: CreateContainer : Trace ID: 5ad1702f537372e:5614559aae330877:3edad675d3ef7fc1:0 : Message: Container creation failed, due to disk out of space : Result: DISK_OUT_OF_SPACE
2019-06-18 00:55:37,702 INFO  keyvalue.KeyValueHandler (ContainerUtils.java:logAndReturnError(146)) - Operation: CreateContainer : Trace ID: 5ad1702f537372e:5614559aae330877:3edad675d3ef7fc1:0 : Message: Container creation failed, due to disk out of space : Result: DISK_OUT_OF_SPACE
00:55:37.702 [pool-47-thread-10] ERROR DNAudit - user=null | ip=null | op=WRITE_CHUNK {blockData=conID: 3 locID: 102289855984762883 bcsId: 0} | ret=FAILURE
org.apache.hadoop.hdds.scm.container.common.helpers.StorageContainerException: ContainerID 3 creation failed
	at org.apache.hadoop.ozone.container.common.impl.HddsDispatcher.dispatchRequest(HddsDispatcher.java:227) ~[classes/:?]
	at org.apache.hadoop.ozone.container.common.impl.HddsDispatcher.dispatch(HddsDispatcher.java:148) ~[classes/:?]
	at org.apache.hadoop.ozone.container.common.transport.server.ratis.ContainerStateMachine.dispatchCommand(ContainerStateMachine.java:347) ~[classes/:?]
	at org.apache.hadoop.ozone.container.common.transport.server.ratis.ContainerStateMachine.runCommand(ContainerStateMachine.java:354) ~[classes/:?]
	at org.apache.hadoop.ozone.container.common.transport.server.ratis.ContainerStateMachine.lambda$handleWriteChunk$0(ContainerStateMachine.java:385) ~[classes/:?]
	at java.util.concurrent.CompletableFuture$AsyncSupply.run(CompletableFuture.java:1590) [?:1.8.0_212]
	at java.util.concurrent.ThreadPoolExecutor.runWorker(ThreadPoolExecutor.java:1149) [?:1.8.0_212]
	at java.util.concurrent.ThreadPoolExecutor$Worker.run(ThreadPoolExecutor.java:624) [?:1.8.0_212]
	at java.lang.Thread.run(Thread.java:748) [?:1.8.0_212]
00:55:37.685 [pool-26-thread-25] ERROR DNAudit - user=null | ip=null | op=WRITE_CHUNK {blockData=conID: 3 locID: 102289855984762883 bcsId: 0} | ret=FAILURE
org.apache.hadoop.hdds.scm.container.common.helpers.StorageContainerException: ContainerID 3 creation failed
	at org.apache.hadoop.ozone.container.common.impl.HddsDispatcher.dispatchRequest(HddsDispatcher.java:227) ~[classes/:?]
	at org.apache.hadoop.ozone.container.common.impl.HddsDispatcher.dispatch(HddsDispatcher.java:148) ~[classes/:?]
	at org.apache.hadoop.ozone.container.common.transport.server.ratis.ContainerStateMachine.dispatchCommand(ContainerStateMachine.java:347) ~[classes/:?]
	at org.apache.hadoop.ozone.container.common.transport.server.ratis.ContainerStateMachine.runCommand(ContainerStateMachine.java:354) ~[classes/:?]
	at org.apache.hadoop.ozone.container.common.transport.server.ratis.ContainerStateMachine.lambda$handleWriteChunk$0(ContainerStateMachine.java:385) ~[classes/:?]
	at java.util.concurrent.CompletableFuture$AsyncSupply.run(CompletableFuture.java:1590) [?:1.8.0_212]
	at java.util.concurrent.ThreadPoolExecutor.runWorker(ThreadPoolExecutor.java:1149) [?:1.8.0_212]
	at java.util.concurrent.ThreadPoolExecutor$Worker.run(ThreadPoolExecutor.java:624) [?:1.8.0_212]
	at java.lang.Thread.run(Thread.java:748) [?:1.8.0_212]
00:55:37.701 [pool-68-thread-10] ERROR DNAudit - user=null | ip=null | op=WRITE_CHUNK {blockData=conID: 3 locID: 102289855984762883 bcsId: 0} | ret=FAILURE
org.apache.hadoop.hdds.scm.container.common.helpers.StorageContainerException: ContainerID 3 creation failed
	at org.apache.hadoop.ozone.container.common.impl.HddsDispatcher.dispatchRequest(HddsDispatcher.java:227) ~[classes/:?]
	at org.apache.hadoop.ozone.container.common.impl.HddsDispatcher.dispatch(HddsDispatcher.java:148) ~[classes/:?]
	at org.apache.hadoop.ozone.container.common.transport.server.ratis.ContainerStateMachine.dispatchCommand(ContainerStateMachine.java:347) ~[classes/:?]
	at org.apache.hadoop.ozone.container.common.transport.server.ratis.ContainerStateMachine.runCommand(ContainerStateMachine.java:354) ~[classes/:?]
	at org.apache.hadoop.ozone.container.common.transport.server.ratis.ContainerStateMachine.lambda$handleWriteChunk$0(ContainerStateMachine.java:385) ~[classes/:?]
	at java.util.concurrent.CompletableFuture$AsyncSupply.run(CompletableFuture.java:1590) [?:1.8.0_212]
	at java.util.concurrent.ThreadPoolExecutor.runWorker(ThreadPoolExecutor.java:1149) [?:1.8.0_212]
	at java.util.concurrent.ThreadPoolExecutor$Worker.run(ThreadPoolExecutor.java:624) [?:1.8.0_212]
	at java.lang.Thread.run(Thread.java:748) [?:1.8.0_212]
2019-06-18 00:55:37,707 INFO  impl.HddsDispatcher (ContainerUtils.java:logAndReturnError(146)) - Operation: WriteChunk : Trace ID: 5ad1702f537372e:5614559aae330877:3edad675d3ef7fc1:0 : Message: ContainerID 3 creation failed : Result: DISK_OUT_OF_SPACE
2019-06-18 00:55:37,707 INFO  impl.HddsDispatcher (ContainerUtils.java:logAndReturnError(146)) - Operation: WriteChunk : Trace ID: 5ad1702f537372e:5614559aae330877:3edad675d3ef7fc1:0 : Message: ContainerID 3 creation failed : Result: DISK_OUT_OF_SPACE
2019-06-18 00:55:37,709 INFO  impl.HddsDispatcher (ContainerUtils.java:logAndReturnError(146)) - Operation: WriteChunk : Trace ID: 5ad1702f537372e:5614559aae330877:3edad675d3ef7fc1:0 : Message: ContainerID 3 creation failed : Result: DISK_OUT_OF_SPACE
00:55:37.712 [pool-30-thread-1] ERROR DNAudit - user=null | ip=null | op=WRITE_CHUNK {blockData=conID: 3 locID: 102289855984762883 bcsId: 0} | ret=FAILURE
org.apache.hadoop.hdds.scm.container.common.helpers.StorageContainerException: ContainerID 3 does not exist
	at org.apache.hadoop.ozone.container.common.impl.HddsDispatcher.dispatchRequest(HddsDispatcher.java:242) ~[classes/:?]
	at org.apache.hadoop.ozone.container.common.impl.HddsDispatcher.dispatch(HddsDispatcher.java:148) ~[classes/:?]
	at org.apache.hadoop.ozone.container.common.transport.server.ratis.ContainerStateMachine.dispatchCommand(ContainerStateMachine.java:347) ~[classes/:?]
	at org.apache.hadoop.ozone.container.common.transport.server.ratis.ContainerStateMachine.runCommand(ContainerStateMachine.java:354) ~[classes/:?]
	at org.apache.hadoop.ozone.container.common.transport.server.ratis.ContainerStateMachine.lambda$applyTransaction$5(ContainerStateMachine.java:621) ~[classes/:?]
	at java.util.concurrent.CompletableFuture$AsyncSupply.run(CompletableFuture.java:1590) [?:1.8.0_212]
	at java.util.concurrent.ThreadPoolExecutor.runWorker(ThreadPoolExecutor.java:1149) [?:1.8.0_212]
	at java.util.concurrent.ThreadPoolExecutor$Worker.run(ThreadPoolExecutor.java:624) [?:1.8.0_212]
	at java.lang.Thread.run(Thread.java:748) [?:1.8.0_212]
2019-06-18 00:55:37,712 INFO  impl.HddsDispatcher (ContainerUtils.java:logAndReturnError(146)) - Operation: WriteChunk : Trace ID: 5ad1702f537372e:5614559aae330877:3edad675d3ef7fc1:0 : Message: ContainerID 3 does not exist : Result: CONTAINER_NOT_FOUND
2019-06-18 00:55:37,714 INFO  client.GrpcClientProtocolClient (GrpcClientProtocolClient.java:onNext(254)) - client-0870655FDD19->2d9c32cf-d138-46ed-86fe-555b0f222d66: receive RaftClientReply:client-0870655FDD19->2d9c32cf-d138-46ed-86fe-555b0f222d66@group-F789D1FF0E52, cid=26, SUCCESS, logIndex=32, commits[2d9c32cf-d138-46ed-86fe-555b0f222d66:c32, 7d41c113-78b8-42e0-973f-a2985e127fce:c31, 845dac45-d65a-40db-aa8d-9123cdf470a5:c31]
00:55:37.716 [pool-51-thread-1] ERROR DNAudit - user=null | ip=null | op=WRITE_CHUNK {blockData=conID: 3 locID: 102289855984762883 bcsId: 0} | ret=FAILURE
org.apache.hadoop.hdds.scm.container.common.helpers.StorageContainerException: ContainerID 3 does not exist
	at org.apache.hadoop.ozone.container.common.impl.HddsDispatcher.dispatchRequest(HddsDispatcher.java:242) ~[classes/:?]
	at org.apache.hadoop.ozone.container.common.impl.HddsDispatcher.dispatch(HddsDispatcher.java:148) ~[classes/:?]
	at org.apache.hadoop.ozone.container.common.transport.server.ratis.ContainerStateMachine.dispatchCommand(ContainerStateMachine.java:347) ~[classes/:?]
	at org.apache.hadoop.ozone.container.common.transport.server.ratis.ContainerStateMachine.runCommand(ContainerStateMachine.java:354) ~[classes/:?]
	at org.apache.hadoop.ozone.container.common.transport.server.ratis.ContainerStateMachine.lambda$applyTransaction$5(ContainerStateMachine.java:621) ~[classes/:?]
	at java.util.concurrent.CompletableFuture$AsyncSupply.run(CompletableFuture.java:1590) [?:1.8.0_212]
	at java.util.concurrent.ThreadPoolExecutor.runWorker(ThreadPoolExecutor.java:1149) [?:1.8.0_212]
	at java.util.concurrent.ThreadPoolExecutor$Worker.run(ThreadPoolExecutor.java:624) [?:1.8.0_212]
	at java.lang.Thread.run(Thread.java:748) [?:1.8.0_212]
2019-06-18 00:55:37,716 INFO  impl.HddsDispatcher (ContainerUtils.java:logAndReturnError(146)) - Operation: WriteChunk : Trace ID: 5ad1702f537372e:5614559aae330877:3edad675d3ef7fc1:0 : Message: ContainerID 3 does not exist : Result: CONTAINER_NOT_FOUND
2019-06-18 00:55:37,718 INFO  keyvalue.KeyValueHandler (ContainerUtils.java:logAndReturnError(146)) - Operation: CreateContainer : Trace ID: 5ad1702f537372e:e24ede156375c6df:3edad675d3ef7fc1:0 : Message: Container creation failed, due to disk out of space : Result: DISK_OUT_OF_SPACE
00:55:37.718 [pool-26-thread-30] ERROR DNAudit - user=null | ip=null | op=WRITE_CHUNK {blockData=conID: 3 locID: 102289855984762883 bcsId: 0} | ret=FAILURE
org.apache.hadoop.hdds.scm.container.common.helpers.StorageContainerException: ContainerID 3 creation failed
	at org.apache.hadoop.ozone.container.common.impl.HddsDispatcher.dispatchRequest(HddsDispatcher.java:227) ~[classes/:?]
	at org.apache.hadoop.ozone.container.common.impl.HddsDispatcher.dispatch(HddsDispatcher.java:148) ~[classes/:?]
	at org.apache.hadoop.ozone.container.common.transport.server.ratis.ContainerStateMachine.dispatchCommand(ContainerStateMachine.java:347) ~[classes/:?]
	at org.apache.hadoop.ozone.container.common.transport.server.ratis.ContainerStateMachine.runCommand(ContainerStateMachine.java:354) ~[classes/:?]
	at org.apache.hadoop.ozone.container.common.transport.server.ratis.ContainerStateMachine.lambda$handleWriteChunk$0(ContainerStateMachine.java:385) ~[classes/:?]
	at java.util.concurrent.CompletableFuture$AsyncSupply.run(CompletableFuture.java:1590) [?:1.8.0_212]
	at java.util.concurrent.ThreadPoolExecutor.runWorker(ThreadPoolExecutor.java:1149) [?:1.8.0_212]
	at java.util.concurrent.ThreadPoolExecutor$Worker.run(ThreadPoolExecutor.java:624) [?:1.8.0_212]
	at java.lang.Thread.run(Thread.java:748) [?:1.8.0_212]
2019-06-18 00:55:37,719 ERROR storage.BlockOutputStream (BlockOutputStream.java:validateResponse(538)) - Unexpected Storage Container Exception: 
org.apache.hadoop.hdds.scm.container.common.helpers.StorageContainerException: ContainerID 3 does not exist
	at org.apache.hadoop.hdds.scm.storage.ContainerProtocolCalls.validateContainerResponse(ContainerProtocolCalls.java:536)
	at org.apache.hadoop.hdds.scm.storage.BlockOutputStream.validateResponse(BlockOutputStream.java:536)
	at org.apache.hadoop.hdds.scm.storage.BlockOutputStream.lambda$writeChunkToContainer$2(BlockOutputStream.java:614)
	at java.util.concurrent.CompletableFuture.uniApply(CompletableFuture.java:602)
	at java.util.concurrent.CompletableFuture$UniApply.tryFire(CompletableFuture.java:577)
	at java.util.concurrent.CompletableFuture$Completion.run(CompletableFuture.java:442)
	at java.util.concurrent.ThreadPoolExecutor.runWorker(ThreadPoolExecutor.java:1149)
	at java.util.concurrent.ThreadPoolExecutor$Worker.run(ThreadPoolExecutor.java:624)
	at java.lang.Thread.run(Thread.java:748)
2019-06-18 00:55:37,719 INFO  impl.HddsDispatcher (ContainerUtils.java:logAndReturnError(146)) - Operation: WriteChunk : Trace ID: 5ad1702f537372e:e24ede156375c6df:3edad675d3ef7fc1:0 : Message: ContainerID 3 creation failed : Result: DISK_OUT_OF_SPACE
2019-06-18 00:55:37,729 INFO  keyvalue.KeyValueHandler (ContainerUtils.java:logAndReturnError(146)) - Operation: CreateContainer : Trace ID: 5ad1702f537372e:e24ede156375c6df:3edad675d3ef7fc1:0 : Message: Container creation failed, due to disk out of space : Result: DISK_OUT_OF_SPACE
00:55:37.729 [pool-47-thread-11] ERROR DNAudit - user=null | ip=null | op=WRITE_CHUNK {blockData=conID: 3 locID: 102289855984762883 bcsId: 0} | ret=FAILURE
org.apache.hadoop.hdds.scm.container.common.helpers.StorageContainerException: ContainerID 3 creation failed
	at org.apache.hadoop.ozone.container.common.impl.HddsDispatcher.dispatchRequest(HddsDispatcher.java:227) ~[classes/:?]
	at org.apache.hadoop.ozone.container.common.impl.HddsDispatcher.dispatch(HddsDispatcher.java:148) ~[classes/:?]
	at org.apache.hadoop.ozone.container.common.transport.server.ratis.ContainerStateMachine.dispatchCommand(ContainerStateMachine.java:347) ~[classes/:?]
	at org.apache.hadoop.ozone.container.common.transport.server.ratis.ContainerStateMachine.runCommand(ContainerStateMachine.java:354) ~[classes/:?]
	at org.apache.hadoop.ozone.container.common.transport.server.ratis.ContainerStateMachine.lambda$handleWriteChunk$0(ContainerStateMachine.java:385) ~[classes/:?]
	at java.util.concurrent.CompletableFuture$AsyncSupply.run(CompletableFuture.java:1590) [?:1.8.0_212]
	at java.util.concurrent.ThreadPoolExecutor.runWorker(ThreadPoolExecutor.java:1149) [?:1.8.0_212]
	at java.util.concurrent.ThreadPoolExecutor$Worker.run(ThreadPoolExecutor.java:624) [?:1.8.0_212]
	at java.lang.Thread.run(Thread.java:748) [?:1.8.0_212]
2019-06-18 00:55:37,730 INFO  impl.HddsDispatcher (ContainerUtils.java:logAndReturnError(146)) - Operation: WriteChunk : Trace ID: 5ad1702f537372e:e24ede156375c6df:3edad675d3ef7fc1:0 : Message: ContainerID 3 creation failed : Result: DISK_OUT_OF_SPACE
00:55:37.743 [pool-72-thread-1] ERROR DNAudit - user=null | ip=null | op=WRITE_CHUNK {blockData=conID: 3 locID: 102289855984762883 bcsId: 0} | ret=FAILURE
org.apache.hadoop.hdds.scm.container.common.helpers.StorageContainerException: ContainerID 3 does not exist
	at org.apache.hadoop.ozone.container.common.impl.HddsDispatcher.dispatchRequest(HddsDispatcher.java:242) ~[classes/:?]
	at org.apache.hadoop.ozone.container.common.impl.HddsDispatcher.dispatch(HddsDispatcher.java:148) ~[classes/:?]
	at org.apache.hadoop.ozone.container.common.transport.server.ratis.ContainerStateMachine.dispatchCommand(ContainerStateMachine.java:347) ~[classes/:?]
	at org.apache.hadoop.ozone.container.common.transport.server.ratis.ContainerStateMachine.runCommand(ContainerStateMachine.java:354) ~[classes/:?]
	at org.apache.hadoop.ozone.container.common.transport.server.ratis.ContainerStateMachine.lambda$applyTransaction$5(ContainerStateMachine.java:621) ~[classes/:?]
	at java.util.concurrent.CompletableFuture$AsyncSupply.run(CompletableFuture.java:1590) [?:1.8.0_212]
	at java.util.concurrent.ThreadPoolExecutor.runWorker(ThreadPoolExecutor.java:1149) [?:1.8.0_212]
	at java.util.concurrent.ThreadPoolExecutor$Worker.run(ThreadPoolExecutor.java:624) [?:1.8.0_212]
	at java.lang.Thread.run(Thread.java:748) [?:1.8.0_212]
2019-06-18 00:55:37,744 INFO  impl.HddsDispatcher (ContainerUtils.java:logAndReturnError(146)) - Operation: WriteChunk : Trace ID: 5ad1702f537372e:5614559aae330877:3edad675d3ef7fc1:0 : Message: ContainerID 3 does not exist : Result: CONTAINER_NOT_FOUND
00:55:37.748 [pool-30-thread-1] ERROR DNAudit - user=null | ip=null | op=PUT_BLOCK {blockData=[blockId=conID: 3 locID: 102289855984762883 bcsId: 0,size=1048576]} | ret=FAILURE
org.apache.hadoop.hdds.scm.container.common.helpers.StorageContainerException: ContainerID 3 does not exist
	at org.apache.hadoop.ozone.container.common.impl.HddsDispatcher.dispatchRequest(HddsDispatcher.java:242) ~[classes/:?]
	at org.apache.hadoop.ozone.container.common.impl.HddsDispatcher.dispatch(HddsDispatcher.java:148) ~[classes/:?]
	at org.apache.hadoop.ozone.container.common.transport.server.ratis.ContainerStateMachine.dispatchCommand(ContainerStateMachine.java:347) ~[classes/:?]
	at org.apache.hadoop.ozone.container.common.transport.server.ratis.ContainerStateMachine.runCommand(ContainerStateMachine.java:354) ~[classes/:?]
	at org.apache.hadoop.ozone.container.common.transport.server.ratis.ContainerStateMachine.lambda$applyTransaction$5(ContainerStateMachine.java:621) ~[classes/:?]
	at java.util.concurrent.CompletableFuture$AsyncSupply.run(CompletableFuture.java:1590) [?:1.8.0_212]
	at java.util.concurrent.ThreadPoolExecutor.runWorker(ThreadPoolExecutor.java:1149) [?:1.8.0_212]
	at java.util.concurrent.ThreadPoolExecutor$Worker.run(ThreadPoolExecutor.java:624) [?:1.8.0_212]
	at java.lang.Thread.run(Thread.java:748) [?:1.8.0_212]
2019-06-18 00:55:37,748 INFO  impl.HddsDispatcher (ContainerUtils.java:logAndReturnError(146)) - Operation: PutBlock : Trace ID: 5ad1702f537372e:8bedd4bc93554a27:3edad675d3ef7fc1:0 : Message: ContainerID 3 does not exist : Result: CONTAINER_NOT_FOUND
2019-06-18 00:55:37,755 INFO  keyvalue.KeyValueHandler (ContainerUtils.java:logAndReturnError(146)) - Operation: CreateContainer : Trace ID: 5ad1702f537372e:e24ede156375c6df:3edad675d3ef7fc1:0 : Message: Container creation failed, due to disk out of space : Result: DISK_OUT_OF_SPACE
00:55:37.755 [pool-68-thread-12] ERROR DNAudit - user=null | ip=null | op=WRITE_CHUNK {blockData=conID: 3 locID: 102289855984762883 bcsId: 0} | ret=FAILURE
org.apache.hadoop.hdds.scm.container.common.helpers.StorageContainerException: ContainerID 3 creation failed
	at org.apache.hadoop.ozone.container.common.impl.HddsDispatcher.dispatchRequest(HddsDispatcher.java:227) ~[classes/:?]
	at org.apache.hadoop.ozone.container.common.impl.HddsDispatcher.dispatch(HddsDispatcher.java:148) ~[classes/:?]
	at org.apache.hadoop.ozone.container.common.transport.server.ratis.ContainerStateMachine.dispatchCommand(ContainerStateMachine.java:347) ~[classes/:?]
	at org.apache.hadoop.ozone.container.common.transport.server.ratis.ContainerStateMachine.runCommand(ContainerStateMachine.java:354) ~[classes/:?]
	at org.apache.hadoop.ozone.container.common.transport.server.ratis.ContainerStateMachine.lambda$handleWriteChunk$0(ContainerStateMachine.java:385) ~[classes/:?]
	at java.util.concurrent.CompletableFuture$AsyncSupply.run(CompletableFuture.java:1590) [?:1.8.0_212]
	at java.util.concurrent.ThreadPoolExecutor.runWorker(ThreadPoolExecutor.java:1149) [?:1.8.0_212]
	at java.util.concurrent.ThreadPoolExecutor$Worker.run(ThreadPoolExecutor.java:624) [?:1.8.0_212]
	at java.lang.Thread.run(Thread.java:748) [?:1.8.0_212]
2019-06-18 00:55:37,756 INFO  client.GrpcClientProtocolClient (GrpcClientProtocolClient.java:onNext(254)) - client-0870655FDD19->2d9c32cf-d138-46ed-86fe-555b0f222d66: receive RaftClientReply:client-0870655FDD19->2d9c32cf-d138-46ed-86fe-555b0f222d66@group-F789D1FF0E52, cid=27, SUCCESS, logIndex=34, commits[2d9c32cf-d138-46ed-86fe-555b0f222d66:c34, 7d41c113-78b8-42e0-973f-a2985e127fce:c33, 845dac45-d65a-40db-aa8d-9123cdf470a5:c33]
2019-06-18 00:55:37,756 INFO  impl.HddsDispatcher (ContainerUtils.java:logAndReturnError(146)) - Operation: WriteChunk : Trace ID: 5ad1702f537372e:e24ede156375c6df:3edad675d3ef7fc1:0 : Message: ContainerID 3 creation failed : Result: DISK_OUT_OF_SPACE
00:55:37.756 [pool-51-thread-1] ERROR DNAudit - user=null | ip=null | op=PUT_BLOCK {blockData=[blockId=conID: 3 locID: 102289855984762883 bcsId: 0,size=1048576]} | ret=FAILURE
org.apache.hadoop.hdds.scm.container.common.helpers.StorageContainerException: ContainerID 3 does not exist
	at org.apache.hadoop.ozone.container.common.impl.HddsDispatcher.dispatchRequest(HddsDispatcher.java:242) ~[classes/:?]
	at org.apache.hadoop.ozone.container.common.impl.HddsDispatcher.dispatch(HddsDispatcher.java:148) ~[classes/:?]
	at org.apache.hadoop.ozone.container.common.transport.server.ratis.ContainerStateMachine.dispatchCommand(ContainerStateMachine.java:347) ~[classes/:?]
	at org.apache.hadoop.ozone.container.common.transport.server.ratis.ContainerStateMachine.runCommand(ContainerStateMachine.java:354) ~[classes/:?]
	at org.apache.hadoop.ozone.container.common.transport.server.ratis.ContainerStateMachine.lambda$applyTransaction$5(ContainerStateMachine.java:621) ~[classes/:?]
	at java.util.concurrent.CompletableFuture$AsyncSupply.run(CompletableFuture.java:1590) [?:1.8.0_212]
	at java.util.concurrent.ThreadPoolExecutor.runWorker(ThreadPoolExecutor.java:1149) [?:1.8.0_212]
	at java.util.concurrent.ThreadPoolExecutor$Worker.run(ThreadPoolExecutor.java:624) [?:1.8.0_212]
	at java.lang.Thread.run(Thread.java:748) [?:1.8.0_212]
2019-06-18 00:55:37,756 INFO  impl.HddsDispatcher (ContainerUtils.java:logAndReturnError(146)) - Operation: PutBlock : Trace ID: 5ad1702f537372e:8bedd4bc93554a27:3edad675d3ef7fc1:0 : Message: ContainerID 3 does not exist : Result: CONTAINER_NOT_FOUND
00:55:37.757 [pool-30-thread-1] ERROR DNAudit - user=null | ip=null | op=WRITE_CHUNK {blockData=conID: 3 locID: 102289855984762883 bcsId: 0} | ret=FAILURE
org.apache.hadoop.hdds.scm.container.common.helpers.StorageContainerException: ContainerID 3 does not exist
	at org.apache.hadoop.ozone.container.common.impl.HddsDispatcher.dispatchRequest(HddsDispatcher.java:242) ~[classes/:?]
	at org.apache.hadoop.ozone.container.common.impl.HddsDispatcher.dispatch(HddsDispatcher.java:148) ~[classes/:?]
	at org.apache.hadoop.ozone.container.common.transport.server.ratis.ContainerStateMachine.dispatchCommand(ContainerStateMachine.java:347) ~[classes/:?]
	at org.apache.hadoop.ozone.container.common.transport.server.ratis.ContainerStateMachine.runCommand(ContainerStateMachine.java:354) ~[classes/:?]
	at org.apache.hadoop.ozone.container.common.transport.server.ratis.ContainerStateMachine.lambda$applyTransaction$5(ContainerStateMachine.java:621) ~[classes/:?]
	at java.util.concurrent.CompletableFuture$AsyncSupply.run(CompletableFuture.java:1590) [?:1.8.0_212]
	at java.util.concurrent.ThreadPoolExecutor.runWorker(ThreadPoolExecutor.java:1149) [?:1.8.0_212]
	at java.util.concurrent.ThreadPoolExecutor$Worker.run(ThreadPoolExecutor.java:624) [?:1.8.0_212]
	at java.lang.Thread.run(Thread.java:748) [?:1.8.0_212]
2019-06-18 00:55:37,757 INFO  impl.HddsDispatcher (ContainerUtils.java:logAndReturnError(146)) - Operation: WriteChunk : Trace ID: 5ad1702f537372e:e24ede156375c6df:3edad675d3ef7fc1:0 : Message: ContainerID 3 does not exist : Result: CONTAINER_NOT_FOUND
00:55:37.760 [pool-30-thread-1] ERROR DNAudit - user=null | ip=null | op=PUT_BLOCK {blockData=[blockId=conID: 3 locID: 102289855984762883 bcsId: 0,size=2097152]} | ret=FAILURE
org.apache.hadoop.hdds.scm.container.common.helpers.StorageContainerException: ContainerID 3 does not exist
	at org.apache.hadoop.ozone.container.common.impl.HddsDispatcher.dispatchRequest(HddsDispatcher.java:242) ~[classes/:?]
	at org.apache.hadoop.ozone.container.common.impl.HddsDispatcher.dispatch(HddsDispatcher.java:148) ~[classes/:?]
	at org.apache.hadoop.ozone.container.common.transport.server.ratis.ContainerStateMachine.dispatchCommand(ContainerStateMachine.java:347) ~[classes/:?]
	at org.apache.hadoop.ozone.container.common.transport.server.ratis.ContainerStateMachine.runCommand(ContainerStateMachine.java:354) ~[classes/:?]
	at org.apache.hadoop.ozone.container.common.transport.server.ratis.ContainerStateMachine.lambda$applyTransaction$5(ContainerStateMachine.java:621) ~[classes/:?]
	at java.util.concurrent.CompletableFuture$AsyncSupply.run(CompletableFuture.java:1590) [?:1.8.0_212]
	at java.util.concurrent.ThreadPoolExecutor.runWorker(ThreadPoolExecutor.java:1149) [?:1.8.0_212]
	at java.util.concurrent.ThreadPoolExecutor$Worker.run(ThreadPoolExecutor.java:624) [?:1.8.0_212]
	at java.lang.Thread.run(Thread.java:748) [?:1.8.0_212]
2019-06-18 00:55:37,761 INFO  impl.HddsDispatcher (ContainerUtils.java:logAndReturnError(146)) - Operation: PutBlock : Trace ID: 5ad1702f537372e:dcb63e766d0afa28:3edad675d3ef7fc1:0 : Message: ContainerID 3 does not exist : Result: CONTAINER_NOT_FOUND
2019-06-18 00:55:37,762 INFO  client.GrpcClientProtocolClient (GrpcClientProtocolClient.java:onNext(254)) - client-0870655FDD19->2d9c32cf-d138-46ed-86fe-555b0f222d66: receive RaftClientReply:client-0870655FDD19->2d9c32cf-d138-46ed-86fe-555b0f222d66@group-F789D1FF0E52, cid=28, SUCCESS, logIndex=35, commits[2d9c32cf-d138-46ed-86fe-555b0f222d66:c36, 7d41c113-78b8-42e0-973f-a2985e127fce:c33, 845dac45-d65a-40db-aa8d-9123cdf470a5:c33]
00:55:37.763 [pool-51-thread-1] ERROR DNAudit - user=null | ip=null | op=WRITE_CHUNK {blockData=conID: 3 locID: 102289855984762883 bcsId: 0} | ret=FAILURE
org.apache.hadoop.hdds.scm.container.common.helpers.StorageContainerException: ContainerID 3 does not exist
	at org.apache.hadoop.ozone.container.common.impl.HddsDispatcher.dispatchRequest(HddsDispatcher.java:242) ~[classes/:?]
	at org.apache.hadoop.ozone.container.common.impl.HddsDispatcher.dispatch(HddsDispatcher.java:148) ~[classes/:?]
	at org.apache.hadoop.ozone.container.common.transport.server.ratis.ContainerStateMachine.dispatchCommand(ContainerStateMachine.java:347) ~[classes/:?]
	at org.apache.hadoop.ozone.container.common.transport.server.ratis.ContainerStateMachine.runCommand(ContainerStateMachine.java:354) ~[classes/:?]
	at org.apache.hadoop.ozone.container.common.transport.server.ratis.ContainerStateMachine.lambda$applyTransaction$5(ContainerStateMachine.java:621) ~[classes/:?]
	at java.util.concurrent.CompletableFuture$AsyncSupply.run(CompletableFuture.java:1590) [?:1.8.0_212]
	at java.util.concurrent.ThreadPoolExecutor.runWorker(ThreadPoolExecutor.java:1149) [?:1.8.0_212]
	at java.util.concurrent.ThreadPoolExecutor$Worker.run(ThreadPoolExecutor.java:624) [?:1.8.0_212]
	at java.lang.Thread.run(Thread.java:748) [?:1.8.0_212]
00:55:37.763 [pool-72-thread-1] ERROR DNAudit - user=null | ip=null | op=PUT_BLOCK {blockData=[blockId=conID: 3 locID: 102289855984762883 bcsId: 0,size=1048576]} | ret=FAILURE
org.apache.hadoop.hdds.scm.container.common.helpers.StorageContainerException: ContainerID 3 does not exist
	at org.apache.hadoop.ozone.container.common.impl.HddsDispatcher.dispatchRequest(HddsDispatcher.java:242) ~[classes/:?]
	at org.apache.hadoop.ozone.container.common.impl.HddsDispatcher.dispatch(HddsDispatcher.java:148) ~[classes/:?]
	at org.apache.hadoop.ozone.container.common.transport.server.ratis.ContainerStateMachine.dispatchCommand(ContainerStateMachine.java:347) ~[classes/:?]
	at org.apache.hadoop.ozone.container.common.transport.server.ratis.ContainerStateMachine.runCommand(ContainerStateMachine.java:354) ~[classes/:?]
	at org.apache.hadoop.ozone.container.common.transport.server.ratis.ContainerStateMachine.lambda$applyTransaction$5(ContainerStateMachine.java:621) ~[classes/:?]
	at java.util.concurrent.CompletableFuture$AsyncSupply.run(CompletableFuture.java:1590) [?:1.8.0_212]
	at java.util.concurrent.ThreadPoolExecutor.runWorker(ThreadPoolExecutor.java:1149) [?:1.8.0_212]
	at java.util.concurrent.ThreadPoolExecutor$Worker.run(ThreadPoolExecutor.java:624) [?:1.8.0_212]
	at java.lang.Thread.run(Thread.java:748) [?:1.8.0_212]
2019-06-18 00:55:37,763 INFO  impl.HddsDispatcher (ContainerUtils.java:logAndReturnError(146)) - Operation: WriteChunk : Trace ID: 5ad1702f537372e:e24ede156375c6df:3edad675d3ef7fc1:0 : Message: ContainerID 3 does not exist : Result: CONTAINER_NOT_FOUND
2019-06-18 00:55:37,763 INFO  impl.HddsDispatcher (ContainerUtils.java:logAndReturnError(146)) - Operation: PutBlock : Trace ID: 5ad1702f537372e:8bedd4bc93554a27:3edad675d3ef7fc1:0 : Message: ContainerID 3 does not exist : Result: CONTAINER_NOT_FOUND
2019-06-18 00:55:37,764 INFO  client.GrpcClientProtocolClient (GrpcClientProtocolClient.java:onNext(254)) - client-0870655FDD19->2d9c32cf-d138-46ed-86fe-555b0f222d66: receive RaftClientReply:client-0870655FDD19->2d9c32cf-d138-46ed-86fe-555b0f222d66@group-F789D1FF0E52, cid=29, SUCCESS, logIndex=36, commits[2d9c32cf-d138-46ed-86fe-555b0f222d66:c36, 7d41c113-78b8-42e0-973f-a2985e127fce:c34, 845dac45-d65a-40db-aa8d-9123cdf470a5:c34]
00:55:37.764 [pool-72-thread-1] ERROR DNAudit - user=null | ip=null | op=WRITE_CHUNK {blockData=conID: 3 locID: 102289855984762883 bcsId: 0} | ret=FAILURE
org.apache.hadoop.hdds.scm.container.common.helpers.StorageContainerException: ContainerID 3 does not exist
	at org.apache.hadoop.ozone.container.common.impl.HddsDispatcher.dispatchRequest(HddsDispatcher.java:242) ~[classes/:?]
	at org.apache.hadoop.ozone.container.common.impl.HddsDispatcher.dispatch(HddsDispatcher.java:148) ~[classes/:?]
	at org.apache.hadoop.ozone.container.common.transport.server.ratis.ContainerStateMachine.dispatchCommand(ContainerStateMachine.java:347) ~[classes/:?]
	at org.apache.hadoop.ozone.container.common.transport.server.ratis.ContainerStateMachine.runCommand(ContainerStateMachine.java:354) ~[classes/:?]
	at org.apache.hadoop.ozone.container.common.transport.server.ratis.ContainerStateMachine.lambda$applyTransaction$5(ContainerStateMachine.java:621) ~[classes/:?]
	at java.util.concurrent.CompletableFuture$AsyncSupply.run(CompletableFuture.java:1590) [?:1.8.0_212]
	at java.util.concurrent.ThreadPoolExecutor.runWorker(ThreadPoolExecutor.java:1149) [?:1.8.0_212]
	at java.util.concurrent.ThreadPoolExecutor$Worker.run(ThreadPoolExecutor.java:624) [?:1.8.0_212]
	at java.lang.Thread.run(Thread.java:748) [?:1.8.0_212]
2019-06-18 00:55:37,764 INFO  impl.HddsDispatcher (ContainerUtils.java:logAndReturnError(146)) - Operation: WriteChunk : Trace ID: 5ad1702f537372e:e24ede156375c6df:3edad675d3ef7fc1:0 : Message: ContainerID 3 does not exist : Result: CONTAINER_NOT_FOUND
00:55:37.764 [pool-51-thread-1] ERROR DNAudit - user=null | ip=null | op=PUT_BLOCK {blockData=[blockId=conID: 3 locID: 102289855984762883 bcsId: 0,size=2097152]} | ret=FAILURE
org.apache.hadoop.hdds.scm.container.common.helpers.StorageContainerException: ContainerID 3 does not exist
	at org.apache.hadoop.ozone.container.common.impl.HddsDispatcher.dispatchRequest(HddsDispatcher.java:242) ~[classes/:?]
	at org.apache.hadoop.ozone.container.common.impl.HddsDispatcher.dispatch(HddsDispatcher.java:148) ~[classes/:?]
	at org.apache.hadoop.ozone.container.common.transport.server.ratis.ContainerStateMachine.dispatchCommand(ContainerStateMachine.java:347) ~[classes/:?]
	at org.apache.hadoop.ozone.container.common.transport.server.ratis.ContainerStateMachine.runCommand(ContainerStateMachine.java:354) ~[classes/:?]
	at org.apache.hadoop.ozone.container.common.transport.server.ratis.ContainerStateMachine.lambda$applyTransaction$5(ContainerStateMachine.java:621) ~[classes/:?]
	at java.util.concurrent.CompletableFuture$AsyncSupply.run(CompletableFuture.java:1590) [?:1.8.0_212]
	at java.util.concurrent.ThreadPoolExecutor.runWorker(ThreadPoolExecutor.java:1149) [?:1.8.0_212]
	at java.util.concurrent.ThreadPoolExecutor$Worker.run(ThreadPoolExecutor.java:624) [?:1.8.0_212]
	at java.lang.Thread.run(Thread.java:748) [?:1.8.0_212]
2019-06-18 00:55:37,764 INFO  impl.HddsDispatcher (ContainerUtils.java:logAndReturnError(146)) - Operation: PutBlock : Trace ID: 5ad1702f537372e:dcb63e766d0afa28:3edad675d3ef7fc1:0 : Message: ContainerID 3 does not exist : Result: CONTAINER_NOT_FOUND
00:55:37.779 [pool-72-thread-1] ERROR DNAudit - user=null | ip=null | op=PUT_BLOCK {blockData=[blockId=conID: 3 locID: 102289855984762883 bcsId: 0,size=2097152]} | ret=FAILURE
org.apache.hadoop.hdds.scm.container.common.helpers.StorageContainerException: ContainerID 3 does not exist
	at org.apache.hadoop.ozone.container.common.impl.HddsDispatcher.dispatchRequest(HddsDispatcher.java:242) ~[classes/:?]
	at org.apache.hadoop.ozone.container.common.impl.HddsDispatcher.dispatch(HddsDispatcher.java:148) ~[classes/:?]
	at org.apache.hadoop.ozone.container.common.transport.server.ratis.ContainerStateMachine.dispatchCommand(ContainerStateMachine.java:347) ~[classes/:?]
	at org.apache.hadoop.ozone.container.common.transport.server.ratis.ContainerStateMachine.runCommand(ContainerStateMachine.java:354) ~[classes/:?]
	at org.apache.hadoop.ozone.container.common.transport.server.ratis.ContainerStateMachine.lambda$applyTransaction$5(ContainerStateMachine.java:621) ~[classes/:?]
	at java.util.concurrent.CompletableFuture$AsyncSupply.run(CompletableFuture.java:1590) [?:1.8.0_212]
	at java.util.concurrent.ThreadPoolExecutor.runWorker(ThreadPoolExecutor.java:1149) [?:1.8.0_212]
	at java.util.concurrent.ThreadPoolExecutor$Worker.run(ThreadPoolExecutor.java:624) [?:1.8.0_212]
	at java.lang.Thread.run(Thread.java:748) [?:1.8.0_212]
2019-06-18 00:55:37,780 INFO  impl.HddsDispatcher (ContainerUtils.java:logAndReturnError(146)) - Operation: PutBlock : Trace ID: 5ad1702f537372e:dcb63e766d0afa28:3edad675d3ef7fc1:0 : Message: ContainerID 3 does not exist : Result: CONTAINER_NOT_FOUND
2019-06-18 00:55:37,780 ERROR freon.RandomKeyGenerator (RandomKeyGenerator.java:run(675)) - Exception while adding key: key-0-00528 in bucket: org.apache.hadoop.ozone.client.OzoneBucket@5495e7a2 of volume: org.apache.hadoop.ozone.client.OzoneVolume@525032f9.
java.io.IOException: Unexpected Storage Container Exception: org.apache.hadoop.hdds.scm.container.common.helpers.StorageContainerException: ContainerID 3 does not exist
	at org.apache.hadoop.hdds.scm.storage.BlockOutputStream.setIoException(BlockOutputStream.java:548)
	at org.apache.hadoop.hdds.scm.storage.BlockOutputStream.validateResponse(BlockOutputStream.java:539)
	at org.apache.hadoop.hdds.scm.storage.BlockOutputStream.lambda$writeChunkToContainer$2(BlockOutputStream.java:614)
	at java.util.concurrent.CompletableFuture.uniApply(CompletableFuture.java:602)
	at java.util.concurrent.CompletableFuture$UniApply.tryFire(CompletableFuture.java:577)
	at java.util.concurrent.CompletableFuture$Completion.run(CompletableFuture.java:442)
	at java.util.concurrent.ThreadPoolExecutor.runWorker(ThreadPoolExecutor.java:1149)
	at java.util.concurrent.ThreadPoolExecutor$Worker.run(ThreadPoolExecutor.java:624)
	at java.lang.Thread.run(Thread.java:748)
Caused by: org.apache.hadoop.hdds.scm.container.common.helpers.StorageContainerException: ContainerID 3 does not exist
	at org.apache.hadoop.hdds.scm.storage.ContainerProtocolCalls.validateContainerResponse(ContainerProtocolCalls.java:536)
	at org.apache.hadoop.hdds.scm.storage.BlockOutputStream.validateResponse(BlockOutputStream.java:536)
	... 7 more
 100.00% |█████████████████████████████████████████████████████████████████████████████████████████████████████|  1/1 Time: 0:00:03
]]></system-out>
    <system-err><![CDATA[ERROR StatusLogger No Log4j 2 configuration file found. Using default configuration (logging only errors to the console), or user programmatically provided configurations. Set system property 'log4j2.debug' to show Log4j 2 internal initialization logging. See https://logging.apache.org/log4j/2.x/manual/configuration.html for instructions on how to configure Log4j 2
Jun 18, 2019 12:55:27 AM com.sun.jersey.server.impl.application.WebApplicationImpl _initiate
INFO: Initiating Jersey application, version 'Jersey: 1.19 02/11/2015 03:25 AM'
Jun 18, 2019 12:55:28 AM com.sun.jersey.server.impl.application.WebApplicationImpl _initiate
INFO: Initiating Jersey application, version 'Jersey: 1.19 02/11/2015 03:25 AM'
Jun 18, 2019 12:55:29 AM com.sun.jersey.server.impl.application.WebApplicationImpl _initiate
INFO: Initiating Jersey application, version 'Jersey: 1.19 02/11/2015 03:25 AM'
Jun 18, 2019 12:55:29 AM com.sun.jersey.server.impl.application.WebApplicationImpl _initiate
INFO: Initiating Jersey application, version 'Jersey: 1.19 02/11/2015 03:25 AM'
Jun 18, 2019 12:55:29 AM com.sun.jersey.server.impl.application.WebApplicationImpl _initiate
INFO: Initiating Jersey application, version 'Jersey: 1.19 02/11/2015 03:25 AM'
]]></system-err>
  </testcase>
  <testcase name="standaloneTestLargeKey" classname="org.apache.hadoop.ozone.freon.TestDataValidateWithSafeByteOperations" time="5.094">
    <error message="Unexpected Storage Container Exception: org.apache.hadoop.hdds.scm.container.common.helpers.StorageContainerException: ContainerID 3 does not exist" type="java.io.IOException">java.io.IOException: Unexpected Storage Container Exception: org.apache.hadoop.hdds.scm.container.common.helpers.StorageContainerException: ContainerID 3 does not exist
	at org.apache.hadoop.hdds.scm.storage.BlockOutputStream.setIoException(BlockOutputStream.java:548)
	at org.apache.hadoop.hdds.scm.storage.BlockOutputStream.validateResponse(BlockOutputStream.java:539)
	at org.apache.hadoop.hdds.scm.storage.BlockOutputStream.lambda$writeChunkToContainer$2(BlockOutputStream.java:614)
	at java.util.concurrent.CompletableFuture.uniApply(CompletableFuture.java:602)
	at java.util.concurrent.CompletableFuture$UniApply.tryFire(CompletableFuture.java:577)
	at java.util.concurrent.CompletableFuture$Completion.run(CompletableFuture.java:442)
	at java.util.concurrent.ThreadPoolExecutor.runWorker(ThreadPoolExecutor.java:1149)
	at java.util.concurrent.ThreadPoolExecutor$Worker.run(ThreadPoolExecutor.java:624)
	at java.lang.Thread.run(Thread.java:748)
Caused by: org.apache.hadoop.hdds.scm.container.common.helpers.StorageContainerException: ContainerID 3 does not exist
	at org.apache.hadoop.hdds.scm.storage.ContainerProtocolCalls.validateContainerResponse(ContainerProtocolCalls.java:536)
	at org.apache.hadoop.hdds.scm.storage.BlockOutputStream.validateResponse(BlockOutputStream.java:536)
	... 7 more
</error>
    <system-out><![CDATA[2019-06-18 00:55:40,682 INFO  freon.RandomKeyGenerator (RandomKeyGenerator.java:call(261)) - Number of Threads: 10
2019-06-18 00:55:40,684 INFO  freon.RandomKeyGenerator (RandomKeyGenerator.java:call(267)) - Number of Volumes: 1.
2019-06-18 00:55:40,684 INFO  freon.RandomKeyGenerator (RandomKeyGenerator.java:call(268)) - Number of Buckets per Volume: 1.
2019-06-18 00:55:40,685 INFO  freon.RandomKeyGenerator (RandomKeyGenerator.java:call(269)) - Number of Keys per Bucket: 1.
2019-06-18 00:55:40,685 INFO  freon.RandomKeyGenerator (RandomKeyGenerator.java:call(270)) - Key size: 20971520 bytes
2019-06-18 00:55:40,685 INFO  freon.RandomKeyGenerator (RandomKeyGenerator.java:call(271)) - Buffer size: 4096 bytes
2019-06-18 00:55:40,685 INFO  freon.RandomKeyGenerator (RandomKeyGenerator.java:call(287)) - Data validation is enabled.
2019-06-18 00:55:40,685 INFO  freon.RandomKeyGenerator (RandomKeyGenerator.java:call(300)) - Starting progress bar Thread.

 0.00% |█                                                                                                    |  0/1 Time: 0:00:002019-06-18 00:55:40,686 INFO  rpc.RpcClient (RpcClient.java:createVolume(289)) - Creating Volume: vol-0-30979, with jenkins1000 as owner.
2019-06-18 00:55:40,700 INFO  rpc.RpcClient (RpcClient.java:createBucket(426)) - Creating Bucket: vol-0-30979/bucket-0-33341, with Versioning false and Storage Type set to DISK and Encryption set to false 
2019-06-18 00:55:40,734 INFO  client.GrpcClientProtocolClient (GrpcClientProtocolClient.java:onNext(254)) - client-928EDC95B8D9->7d41c113-78b8-42e0-973f-a2985e127fce: receive RaftClientReply:client-928EDC95B8D9->7d41c113-78b8-42e0-973f-a2985e127fce@group-F789D1FF0E52, cid=30, FAILED org.apache.ratis.protocol.NotLeaderException: Server 7d41c113-78b8-42e0-973f-a2985e127fce is not the leader (2d9c32cf-d138-46ed-86fe-555b0f222d66:192.168.46.37:35455). Request must be sent to leader., logIndex=0, commits[7d41c113-78b8-42e0-973f-a2985e127fce:c38, 2d9c32cf-d138-46ed-86fe-555b0f222d66:c38, 845dac45-d65a-40db-aa8d-9123cdf470a5:c38]
2019-06-18 00:55:40,753 WARN  client.GrpcClientProtocolService (LogUtils.java:warn(134)) - 1-OrderedRequestStreamObserver1: onError: org.apache.ratis.thirdparty.io.grpc.StatusRuntimeException: CANCELLED: cancelled before receiving half close
 0.00% |█                                                                                                    |  0/1 Time: 0:00:012019-06-18 00:55:41,772 INFO  client.GrpcClientProtocolClient (GrpcClientProtocolClient.java:onNext(254)) - client-928EDC95B8D9->845dac45-d65a-40db-aa8d-9123cdf470a5: receive RaftClientReply:client-928EDC95B8D9->845dac45-d65a-40db-aa8d-9123cdf470a5@group-F789D1FF0E52, cid=30, FAILED org.apache.ratis.protocol.NotLeaderException: Server 845dac45-d65a-40db-aa8d-9123cdf470a5 is not the leader (2d9c32cf-d138-46ed-86fe-555b0f222d66:192.168.46.37:35455). Request must be sent to leader., logIndex=0, commits[845dac45-d65a-40db-aa8d-9123cdf470a5:c38, 2d9c32cf-d138-46ed-86fe-555b0f222d66:c38, 7d41c113-78b8-42e0-973f-a2985e127fce:c38]
2019-06-18 00:55:41,775 WARN  client.GrpcClientProtocolService (LogUtils.java:warn(134)) - 0-OrderedRequestStreamObserver0: onError: org.apache.ratis.thirdparty.io.grpc.StatusRuntimeException: CANCELLED: cancelled before receiving half close
 0.00% |█                                                                                                    |  0/1 Time: 0:00:022019-06-18 00:55:42,809 INFO  client.GrpcClientProtocolClient (GrpcClientProtocolClient.java:onNext(254)) - client-928EDC95B8D9->7d41c113-78b8-42e0-973f-a2985e127fce: receive RaftClientReply:client-928EDC95B8D9->7d41c113-78b8-42e0-973f-a2985e127fce@group-F789D1FF0E52, cid=30, FAILED org.apache.ratis.protocol.NotLeaderException: Server 7d41c113-78b8-42e0-973f-a2985e127fce is not the leader (2d9c32cf-d138-46ed-86fe-555b0f222d66:192.168.46.37:35455). Request must be sent to leader., logIndex=0, commits[7d41c113-78b8-42e0-973f-a2985e127fce:c38, 2d9c32cf-d138-46ed-86fe-555b0f222d66:c38, 845dac45-d65a-40db-aa8d-9123cdf470a5:c38]
2019-06-18 00:55:42,813 WARN  client.GrpcClientProtocolService (LogUtils.java:warn(134)) - 2-OrderedRequestStreamObserver2: onError: org.apache.ratis.thirdparty.io.grpc.StatusRuntimeException: CANCELLED: cancelled before receiving half close
 0.00% |█                                                                                                    |  0/1 Time: 0:00:032019-06-18 00:55:43,839 INFO  client.GrpcClientProtocolClient (GrpcClientProtocolClient.java:onNext(254)) - client-928EDC95B8D9->845dac45-d65a-40db-aa8d-9123cdf470a5: receive RaftClientReply:client-928EDC95B8D9->845dac45-d65a-40db-aa8d-9123cdf470a5@group-F789D1FF0E52, cid=30, FAILED org.apache.ratis.protocol.NotLeaderException: Server 845dac45-d65a-40db-aa8d-9123cdf470a5 is not the leader (2d9c32cf-d138-46ed-86fe-555b0f222d66:192.168.46.37:35455). Request must be sent to leader., logIndex=0, commits[845dac45-d65a-40db-aa8d-9123cdf470a5:c38, 2d9c32cf-d138-46ed-86fe-555b0f222d66:c38, 7d41c113-78b8-42e0-973f-a2985e127fce:c38]
2019-06-18 00:55:43,845 WARN  client.GrpcClientProtocolService (LogUtils.java:warn(134)) - 1-OrderedRequestStreamObserver1: onError: org.apache.ratis.thirdparty.io.grpc.StatusRuntimeException: CANCELLED: cancelled before receiving half close
 0.00% |█                                                                                                    |  0/1 Time: 0:00:042019-06-18 00:55:44,854 INFO  keyvalue.KeyValueHandler (ContainerUtils.java:logAndReturnError(146)) - Operation: CreateContainer : Trace ID: 4dbc0d60b2320a2c:7dedea253f53d7a9:2fc816efdd657ded:0 : Message: Container creation failed, due to disk out of space : Result: DISK_OUT_OF_SPACE
00:55:44.857 [pool-26-thread-31] ERROR DNAudit - user=null | ip=null | op=WRITE_CHUNK {blockData=conID: 3 locID: 102289856312442887 bcsId: 0} | ret=FAILURE
org.apache.hadoop.hdds.scm.container.common.helpers.StorageContainerException: ContainerID 3 creation failed
	at org.apache.hadoop.ozone.container.common.impl.HddsDispatcher.dispatchRequest(HddsDispatcher.java:227) ~[classes/:?]
	at org.apache.hadoop.ozone.container.common.impl.HddsDispatcher.dispatch(HddsDispatcher.java:148) ~[classes/:?]
	at org.apache.hadoop.ozone.container.common.transport.server.ratis.ContainerStateMachine.dispatchCommand(ContainerStateMachine.java:347) ~[classes/:?]
	at org.apache.hadoop.ozone.container.common.transport.server.ratis.ContainerStateMachine.runCommand(ContainerStateMachine.java:354) ~[classes/:?]
	at org.apache.hadoop.ozone.container.common.transport.server.ratis.ContainerStateMachine.lambda$handleWriteChunk$0(ContainerStateMachine.java:385) ~[classes/:?]
	at java.util.concurrent.CompletableFuture$AsyncSupply.run(CompletableFuture.java:1590) [?:1.8.0_212]
	at java.util.concurrent.ThreadPoolExecutor.runWorker(ThreadPoolExecutor.java:1149) [?:1.8.0_212]
	at java.util.concurrent.ThreadPoolExecutor$Worker.run(ThreadPoolExecutor.java:624) [?:1.8.0_212]
	at java.lang.Thread.run(Thread.java:748) [?:1.8.0_212]
2019-06-18 00:55:44,858 INFO  impl.HddsDispatcher (ContainerUtils.java:logAndReturnError(146)) - Operation: WriteChunk : Trace ID: 4dbc0d60b2320a2c:7dedea253f53d7a9:2fc816efdd657ded:0 : Message: ContainerID 3 creation failed : Result: DISK_OUT_OF_SPACE
2019-06-18 00:55:44,861 INFO  keyvalue.KeyValueHandler (ContainerUtils.java:logAndReturnError(146)) - Operation: CreateContainer : Trace ID: 4dbc0d60b2320a2c:7dedea253f53d7a9:2fc816efdd657ded:0 : Message: Container creation failed, due to disk out of space : Result: DISK_OUT_OF_SPACE
00:55:44.861 [pool-47-thread-8] ERROR DNAudit - user=null | ip=null | op=WRITE_CHUNK {blockData=conID: 3 locID: 102289856312442887 bcsId: 0} | ret=FAILURE
org.apache.hadoop.hdds.scm.container.common.helpers.StorageContainerException: ContainerID 3 creation failed
	at org.apache.hadoop.ozone.container.common.impl.HddsDispatcher.dispatchRequest(HddsDispatcher.java:227) ~[classes/:?]
	at org.apache.hadoop.ozone.container.common.impl.HddsDispatcher.dispatch(HddsDispatcher.java:148) ~[classes/:?]
	at org.apache.hadoop.ozone.container.common.transport.server.ratis.ContainerStateMachine.dispatchCommand(ContainerStateMachine.java:347) ~[classes/:?]
	at org.apache.hadoop.ozone.container.common.transport.server.ratis.ContainerStateMachine.runCommand(ContainerStateMachine.java:354) ~[classes/:?]
	at org.apache.hadoop.ozone.container.common.transport.server.ratis.ContainerStateMachine.lambda$handleWriteChunk$0(ContainerStateMachine.java:385) ~[classes/:?]
	at java.util.concurrent.CompletableFuture$AsyncSupply.run(CompletableFuture.java:1590) [?:1.8.0_212]
	at java.util.concurrent.ThreadPoolExecutor.runWorker(ThreadPoolExecutor.java:1149) [?:1.8.0_212]
	at java.util.concurrent.ThreadPoolExecutor$Worker.run(ThreadPoolExecutor.java:624) [?:1.8.0_212]
	at java.lang.Thread.run(Thread.java:748) [?:1.8.0_212]
2019-06-18 00:55:44,862 INFO  keyvalue.KeyValueHandler (ContainerUtils.java:logAndReturnError(146)) - Operation: CreateContainer : Trace ID: 4dbc0d60b2320a2c:7dedea253f53d7a9:2fc816efdd657ded:0 : Message: Container creation failed, due to disk out of space : Result: DISK_OUT_OF_SPACE
2019-06-18 00:55:44,862 INFO  impl.HddsDispatcher (ContainerUtils.java:logAndReturnError(146)) - Operation: WriteChunk : Trace ID: 4dbc0d60b2320a2c:7dedea253f53d7a9:2fc816efdd657ded:0 : Message: ContainerID 3 creation failed : Result: DISK_OUT_OF_SPACE
00:55:44.862 [pool-68-thread-11] ERROR DNAudit - user=null | ip=null | op=WRITE_CHUNK {blockData=conID: 3 locID: 102289856312442887 bcsId: 0} | ret=FAILURE
org.apache.hadoop.hdds.scm.container.common.helpers.StorageContainerException: ContainerID 3 creation failed
	at org.apache.hadoop.ozone.container.common.impl.HddsDispatcher.dispatchRequest(HddsDispatcher.java:227) ~[classes/:?]
	at org.apache.hadoop.ozone.container.common.impl.HddsDispatcher.dispatch(HddsDispatcher.java:148) ~[classes/:?]
	at org.apache.hadoop.ozone.container.common.transport.server.ratis.ContainerStateMachine.dispatchCommand(ContainerStateMachine.java:347) ~[classes/:?]
	at org.apache.hadoop.ozone.container.common.transport.server.ratis.ContainerStateMachine.runCommand(ContainerStateMachine.java:354) ~[classes/:?]
	at org.apache.hadoop.ozone.container.common.transport.server.ratis.ContainerStateMachine.lambda$handleWriteChunk$0(ContainerStateMachine.java:385) ~[classes/:?]
	at java.util.concurrent.CompletableFuture$AsyncSupply.run(CompletableFuture.java:1590) [?:1.8.0_212]
	at java.util.concurrent.ThreadPoolExecutor.runWorker(ThreadPoolExecutor.java:1149) [?:1.8.0_212]
	at java.util.concurrent.ThreadPoolExecutor$Worker.run(ThreadPoolExecutor.java:624) [?:1.8.0_212]
	at java.lang.Thread.run(Thread.java:748) [?:1.8.0_212]
2019-06-18 00:55:44,867 INFO  impl.HddsDispatcher (ContainerUtils.java:logAndReturnError(146)) - Operation: WriteChunk : Trace ID: 4dbc0d60b2320a2c:7dedea253f53d7a9:2fc816efdd657ded:0 : Message: ContainerID 3 creation failed : Result: DISK_OUT_OF_SPACE
00:55:44.869 [pool-30-thread-1] ERROR DNAudit - user=null | ip=null | op=WRITE_CHUNK {blockData=conID: 3 locID: 102289856312442887 bcsId: 0} | ret=FAILURE
org.apache.hadoop.hdds.scm.container.common.helpers.StorageContainerException: ContainerID 3 does not exist
	at org.apache.hadoop.ozone.container.common.impl.HddsDispatcher.dispatchRequest(HddsDispatcher.java:242) ~[classes/:?]
	at org.apache.hadoop.ozone.container.common.impl.HddsDispatcher.dispatch(HddsDispatcher.java:148) ~[classes/:?]
	at org.apache.hadoop.ozone.container.common.transport.server.ratis.ContainerStateMachine.dispatchCommand(ContainerStateMachine.java:347) ~[classes/:?]
	at org.apache.hadoop.ozone.container.common.transport.server.ratis.ContainerStateMachine.runCommand(ContainerStateMachine.java:354) ~[classes/:?]
	at org.apache.hadoop.ozone.container.common.transport.server.ratis.ContainerStateMachine.lambda$applyTransaction$5(ContainerStateMachine.java:621) ~[classes/:?]
	at java.util.concurrent.CompletableFuture$AsyncSupply.run(CompletableFuture.java:1590) [?:1.8.0_212]
	at java.util.concurrent.ThreadPoolExecutor.runWorker(ThreadPoolExecutor.java:1149) [?:1.8.0_212]
	at java.util.concurrent.ThreadPoolExecutor$Worker.run(ThreadPoolExecutor.java:624) [?:1.8.0_212]
	at java.lang.Thread.run(Thread.java:748) [?:1.8.0_212]
2019-06-18 00:55:44,869 INFO  impl.HddsDispatcher (ContainerUtils.java:logAndReturnError(146)) - Operation: WriteChunk : Trace ID: 4dbc0d60b2320a2c:7dedea253f53d7a9:2fc816efdd657ded:0 : Message: ContainerID 3 does not exist : Result: CONTAINER_NOT_FOUND
00:55:44.873 [pool-51-thread-1] ERROR DNAudit - user=null | ip=null | op=WRITE_CHUNK {blockData=conID: 3 locID: 102289856312442887 bcsId: 0} | ret=FAILURE
org.apache.hadoop.hdds.scm.container.common.helpers.StorageContainerException: ContainerID 3 does not exist
	at org.apache.hadoop.ozone.container.common.impl.HddsDispatcher.dispatchRequest(HddsDispatcher.java:242) ~[classes/:?]
	at org.apache.hadoop.ozone.container.common.impl.HddsDispatcher.dispatch(HddsDispatcher.java:148) ~[classes/:?]
	at org.apache.hadoop.ozone.container.common.transport.server.ratis.ContainerStateMachine.dispatchCommand(ContainerStateMachine.java:347) ~[classes/:?]
	at org.apache.hadoop.ozone.container.common.transport.server.ratis.ContainerStateMachine.runCommand(ContainerStateMachine.java:354) ~[classes/:?]
	at org.apache.hadoop.ozone.container.common.transport.server.ratis.ContainerStateMachine.lambda$applyTransaction$5(ContainerStateMachine.java:621) ~[classes/:?]
	at java.util.concurrent.CompletableFuture$AsyncSupply.run(CompletableFuture.java:1590) [?:1.8.0_212]
	at java.util.concurrent.ThreadPoolExecutor.runWorker(ThreadPoolExecutor.java:1149) [?:1.8.0_212]
	at java.util.concurrent.ThreadPoolExecutor$Worker.run(ThreadPoolExecutor.java:624) [?:1.8.0_212]
	at java.lang.Thread.run(Thread.java:748) [?:1.8.0_212]
2019-06-18 00:55:44,874 INFO  impl.HddsDispatcher (ContainerUtils.java:logAndReturnError(146)) - Operation: WriteChunk : Trace ID: 4dbc0d60b2320a2c:7dedea253f53d7a9:2fc816efdd657ded:0 : Message: ContainerID 3 does not exist : Result: CONTAINER_NOT_FOUND
2019-06-18 00:55:44,898 INFO  client.GrpcClientProtocolClient (GrpcClientProtocolClient.java:onNext(254)) - client-928EDC95B8D9->2d9c32cf-d138-46ed-86fe-555b0f222d66: receive RaftClientReply:client-928EDC95B8D9->2d9c32cf-d138-46ed-86fe-555b0f222d66@group-F789D1FF0E52, cid=30, SUCCESS, logIndex=39, commits[2d9c32cf-d138-46ed-86fe-555b0f222d66:c39, 7d41c113-78b8-42e0-973f-a2985e127fce:c38, 845dac45-d65a-40db-aa8d-9123cdf470a5:c38]
2019-06-18 00:55:44,898 ERROR storage.BlockOutputStream (BlockOutputStream.java:validateResponse(538)) - Unexpected Storage Container Exception: 
org.apache.hadoop.hdds.scm.container.common.helpers.StorageContainerException: ContainerID 3 does not exist
	at org.apache.hadoop.hdds.scm.storage.ContainerProtocolCalls.validateContainerResponse(ContainerProtocolCalls.java:536)
	at org.apache.hadoop.hdds.scm.storage.BlockOutputStream.validateResponse(BlockOutputStream.java:536)
	at org.apache.hadoop.hdds.scm.storage.BlockOutputStream.lambda$writeChunkToContainer$2(BlockOutputStream.java:614)
	at java.util.concurrent.CompletableFuture.uniApply(CompletableFuture.java:602)
	at java.util.concurrent.CompletableFuture$UniApply.tryFire(CompletableFuture.java:577)
	at java.util.concurrent.CompletableFuture$Completion.run(CompletableFuture.java:442)
	at java.util.concurrent.ThreadPoolExecutor.runWorker(ThreadPoolExecutor.java:1149)
	at java.util.concurrent.ThreadPoolExecutor$Worker.run(ThreadPoolExecutor.java:624)
	at java.lang.Thread.run(Thread.java:748)
00:55:44.895 [pool-72-thread-1] ERROR DNAudit - user=null | ip=null | op=WRITE_CHUNK {blockData=conID: 3 locID: 102289856312442887 bcsId: 0} | ret=FAILURE
org.apache.hadoop.hdds.scm.container.common.helpers.StorageContainerException: ContainerID 3 does not exist
	at org.apache.hadoop.ozone.container.common.impl.HddsDispatcher.dispatchRequest(HddsDispatcher.java:242) ~[classes/:?]
	at org.apache.hadoop.ozone.container.common.impl.HddsDispatcher.dispatch(HddsDispatcher.java:148) ~[classes/:?]
	at org.apache.hadoop.ozone.container.common.transport.server.ratis.ContainerStateMachine.dispatchCommand(ContainerStateMachine.java:347) ~[classes/:?]
	at org.apache.hadoop.ozone.container.common.transport.server.ratis.ContainerStateMachine.runCommand(ContainerStateMachine.java:354) ~[classes/:?]
	at org.apache.hadoop.ozone.container.common.transport.server.ratis.ContainerStateMachine.lambda$applyTransaction$5(ContainerStateMachine.java:621) ~[classes/:?]
	at java.util.concurrent.CompletableFuture$AsyncSupply.run(CompletableFuture.java:1590) [?:1.8.0_212]
	at java.util.concurrent.ThreadPoolExecutor.runWorker(ThreadPoolExecutor.java:1149) [?:1.8.0_212]
	at java.util.concurrent.ThreadPoolExecutor$Worker.run(ThreadPoolExecutor.java:624) [?:1.8.0_212]
	at java.lang.Thread.run(Thread.java:748) [?:1.8.0_212]
2019-06-18 00:55:44,899 INFO  impl.HddsDispatcher (ContainerUtils.java:logAndReturnError(146)) - Operation: WriteChunk : Trace ID: 4dbc0d60b2320a2c:7dedea253f53d7a9:2fc816efdd657ded:0 : Message: ContainerID 3 does not exist : Result: CONTAINER_NOT_FOUND
00:55:44.910 [pool-30-thread-1] ERROR DNAudit - user=null | ip=null | op=PUT_BLOCK {blockData=[blockId=conID: 3 locID: 102289856312442887 bcsId: 0,size=1048576]} | ret=FAILURE
org.apache.hadoop.hdds.scm.container.common.helpers.StorageContainerException: ContainerID 3 does not exist
	at org.apache.hadoop.ozone.container.common.impl.HddsDispatcher.dispatchRequest(HddsDispatcher.java:242) ~[classes/:?]
	at org.apache.hadoop.ozone.container.common.impl.HddsDispatcher.dispatch(HddsDispatcher.java:148) ~[classes/:?]
	at org.apache.hadoop.ozone.container.common.transport.server.ratis.ContainerStateMachine.dispatchCommand(ContainerStateMachine.java:347) ~[classes/:?]
	at org.apache.hadoop.ozone.container.common.transport.server.ratis.ContainerStateMachine.runCommand(ContainerStateMachine.java:354) ~[classes/:?]
	at org.apache.hadoop.ozone.container.common.transport.server.ratis.ContainerStateMachine.lambda$applyTransaction$5(ContainerStateMachine.java:621) ~[classes/:?]
	at java.util.concurrent.CompletableFuture$AsyncSupply.run(CompletableFuture.java:1590) [?:1.8.0_212]
	at java.util.concurrent.ThreadPoolExecutor.runWorker(ThreadPoolExecutor.java:1149) [?:1.8.0_212]
	at java.util.concurrent.ThreadPoolExecutor$Worker.run(ThreadPoolExecutor.java:624) [?:1.8.0_212]
	at java.lang.Thread.run(Thread.java:748) [?:1.8.0_212]
2019-06-18 00:55:44,910 INFO  impl.HddsDispatcher (ContainerUtils.java:logAndReturnError(146)) - Operation: PutBlock : Trace ID: 4dbc0d60b2320a2c:7da6f60491cbedbb:2fc816efdd657ded:0 : Message: ContainerID 3 does not exist : Result: CONTAINER_NOT_FOUND
00:55:44.911 [pool-51-thread-1] ERROR DNAudit - user=null | ip=null | op=PUT_BLOCK {blockData=[blockId=conID: 3 locID: 102289856312442887 bcsId: 0,size=1048576]} | ret=FAILURE
org.apache.hadoop.hdds.scm.container.common.helpers.StorageContainerException: ContainerID 3 does not exist
	at org.apache.hadoop.ozone.container.common.impl.HddsDispatcher.dispatchRequest(HddsDispatcher.java:242) ~[classes/:?]
	at org.apache.hadoop.ozone.container.common.impl.HddsDispatcher.dispatch(HddsDispatcher.java:148) ~[classes/:?]
	at org.apache.hadoop.ozone.container.common.transport.server.ratis.ContainerStateMachine.dispatchCommand(ContainerStateMachine.java:347) ~[classes/:?]
	at org.apache.hadoop.ozone.container.common.transport.server.ratis.ContainerStateMachine.runCommand(ContainerStateMachine.java:354) ~[classes/:?]
	at org.apache.hadoop.ozone.container.common.transport.server.ratis.ContainerStateMachine.lambda$applyTransaction$5(ContainerStateMachine.java:621) ~[classes/:?]
	at java.util.concurrent.CompletableFuture$AsyncSupply.run(CompletableFuture.java:1590) [?:1.8.0_212]
	at java.util.concurrent.ThreadPoolExecutor.runWorker(ThreadPoolExecutor.java:1149) [?:1.8.0_212]
	at java.util.concurrent.ThreadPoolExecutor$Worker.run(ThreadPoolExecutor.java:624) [?:1.8.0_212]
	at java.lang.Thread.run(Thread.java:748) [?:1.8.0_212]
2019-06-18 00:55:44,911 INFO  impl.HddsDispatcher (ContainerUtils.java:logAndReturnError(146)) - Operation: PutBlock : Trace ID: 4dbc0d60b2320a2c:7da6f60491cbedbb:2fc816efdd657ded:0 : Message: ContainerID 3 does not exist : Result: CONTAINER_NOT_FOUND
00:55:44.912 [pool-72-thread-1] ERROR DNAudit - user=null | ip=null | op=PUT_BLOCK {blockData=[blockId=conID: 3 locID: 102289856312442887 bcsId: 0,size=1048576]} | ret=FAILURE
org.apache.hadoop.hdds.scm.container.common.helpers.StorageContainerException: ContainerID 3 does not exist
	at org.apache.hadoop.ozone.container.common.impl.HddsDispatcher.dispatchRequest(HddsDispatcher.java:242) ~[classes/:?]
	at org.apache.hadoop.ozone.container.common.impl.HddsDispatcher.dispatch(HddsDispatcher.java:148) ~[classes/:?]
	at org.apache.hadoop.ozone.container.common.transport.server.ratis.ContainerStateMachine.dispatchCommand(ContainerStateMachine.java:347) ~[classes/:?]
	at org.apache.hadoop.ozone.container.common.transport.server.ratis.ContainerStateMachine.runCommand(ContainerStateMachine.java:354) ~[classes/:?]
	at org.apache.hadoop.ozone.container.common.transport.server.ratis.ContainerStateMachine.lambda$applyTransaction$5(ContainerStateMachine.java:621) ~[classes/:?]
	at java.util.concurrent.CompletableFuture$AsyncSupply.run(CompletableFuture.java:1590) [?:1.8.0_212]
	at java.util.concurrent.ThreadPoolExecutor.runWorker(ThreadPoolExecutor.java:1149) [?:1.8.0_212]
	at java.util.concurrent.ThreadPoolExecutor$Worker.run(ThreadPoolExecutor.java:624) [?:1.8.0_212]
	at java.lang.Thread.run(Thread.java:748) [?:1.8.0_212]
2019-06-18 00:55:44,913 INFO  impl.HddsDispatcher (ContainerUtils.java:logAndReturnError(146)) - Operation: PutBlock : Trace ID: 4dbc0d60b2320a2c:7da6f60491cbedbb:2fc816efdd657ded:0 : Message: ContainerID 3 does not exist : Result: CONTAINER_NOT_FOUND
2019-06-18 00:55:44,916 INFO  client.GrpcClientProtocolClient (GrpcClientProtocolClient.java:onNext(254)) - client-928EDC95B8D9->2d9c32cf-d138-46ed-86fe-555b0f222d66: receive RaftClientReply:client-928EDC95B8D9->2d9c32cf-d138-46ed-86fe-555b0f222d66@group-F789D1FF0E52, cid=31, SUCCESS, logIndex=41, commits[2d9c32cf-d138-46ed-86fe-555b0f222d66:c41, 7d41c113-78b8-42e0-973f-a2985e127fce:c40, 845dac45-d65a-40db-aa8d-9123cdf470a5:c40]
2019-06-18 00:55:44,917 INFO  keyvalue.KeyValueHandler (ContainerUtils.java:logAndReturnError(146)) - Operation: CreateContainer : Trace ID: 4dbc0d60b2320a2c:3b409b90d98abc95:2fc816efdd657ded:0 : Message: Container creation failed, due to disk out of space : Result: DISK_OUT_OF_SPACE
00:55:44.917 [pool-26-thread-36] ERROR DNAudit - user=null | ip=null | op=WRITE_CHUNK {blockData=conID: 3 locID: 102289856312442887 bcsId: 0} | ret=FAILURE
org.apache.hadoop.hdds.scm.container.common.helpers.StorageContainerException: ContainerID 3 creation failed
	at org.apache.hadoop.ozone.container.common.impl.HddsDispatcher.dispatchRequest(HddsDispatcher.java:227) ~[classes/:?]
	at org.apache.hadoop.ozone.container.common.impl.HddsDispatcher.dispatch(HddsDispatcher.java:148) ~[classes/:?]
	at org.apache.hadoop.ozone.container.common.transport.server.ratis.ContainerStateMachine.dispatchCommand(ContainerStateMachine.java:347) ~[classes/:?]
	at org.apache.hadoop.ozone.container.common.transport.server.ratis.ContainerStateMachine.runCommand(ContainerStateMachine.java:354) ~[classes/:?]
	at org.apache.hadoop.ozone.container.common.transport.server.ratis.ContainerStateMachine.lambda$handleWriteChunk$0(ContainerStateMachine.java:385) ~[classes/:?]
	at java.util.concurrent.CompletableFuture$AsyncSupply.run(CompletableFuture.java:1590) [?:1.8.0_212]
	at java.util.concurrent.ThreadPoolExecutor.runWorker(ThreadPoolExecutor.java:1149) [?:1.8.0_212]
	at java.util.concurrent.ThreadPoolExecutor$Worker.run(ThreadPoolExecutor.java:624) [?:1.8.0_212]
	at java.lang.Thread.run(Thread.java:748) [?:1.8.0_212]
2019-06-18 00:55:44,917 INFO  impl.HddsDispatcher (ContainerUtils.java:logAndReturnError(146)) - Operation: WriteChunk : Trace ID: 4dbc0d60b2320a2c:3b409b90d98abc95:2fc816efdd657ded:0 : Message: ContainerID 3 creation failed : Result: DISK_OUT_OF_SPACE
2019-06-18 00:55:44,924 INFO  keyvalue.KeyValueHandler (ContainerUtils.java:logAndReturnError(146)) - Operation: CreateContainer : Trace ID: 4dbc0d60b2320a2c:3b409b90d98abc95:2fc816efdd657ded:0 : Message: Container creation failed, due to disk out of space : Result: DISK_OUT_OF_SPACE
00:55:44.924 [pool-68-thread-7] ERROR DNAudit - user=null | ip=null | op=WRITE_CHUNK {blockData=conID: 3 locID: 102289856312442887 bcsId: 0} | ret=FAILURE
org.apache.hadoop.hdds.scm.container.common.helpers.StorageContainerException: ContainerID 3 creation failed
	at org.apache.hadoop.ozone.container.common.impl.HddsDispatcher.dispatchRequest(HddsDispatcher.java:227) ~[classes/:?]
	at org.apache.hadoop.ozone.container.common.impl.HddsDispatcher.dispatch(HddsDispatcher.java:148) ~[classes/:?]
	at org.apache.hadoop.ozone.container.common.transport.server.ratis.ContainerStateMachine.dispatchCommand(ContainerStateMachine.java:347) ~[classes/:?]
	at org.apache.hadoop.ozone.container.common.transport.server.ratis.ContainerStateMachine.runCommand(ContainerStateMachine.java:354) ~[classes/:?]
	at org.apache.hadoop.ozone.container.common.transport.server.ratis.ContainerStateMachine.lambda$handleWriteChunk$0(ContainerStateMachine.java:385) ~[classes/:?]
	at java.util.concurrent.CompletableFuture$AsyncSupply.run(CompletableFuture.java:1590) [?:1.8.0_212]
	at java.util.concurrent.ThreadPoolExecutor.runWorker(ThreadPoolExecutor.java:1149) [?:1.8.0_212]
	at java.util.concurrent.ThreadPoolExecutor$Worker.run(ThreadPoolExecutor.java:624) [?:1.8.0_212]
	at java.lang.Thread.run(Thread.java:748) [?:1.8.0_212]
2019-06-18 00:55:44,924 INFO  impl.HddsDispatcher (ContainerUtils.java:logAndReturnError(146)) - Operation: WriteChunk : Trace ID: 4dbc0d60b2320a2c:3b409b90d98abc95:2fc816efdd657ded:0 : Message: ContainerID 3 creation failed : Result: DISK_OUT_OF_SPACE
2019-06-18 00:55:44,927 INFO  keyvalue.KeyValueHandler (ContainerUtils.java:logAndReturnError(146)) - Operation: CreateContainer : Trace ID: 4dbc0d60b2320a2c:3b409b90d98abc95:2fc816efdd657ded:0 : Message: Container creation failed, due to disk out of space : Result: DISK_OUT_OF_SPACE
00:55:44.927 [pool-47-thread-12] ERROR DNAudit - user=null | ip=null | op=WRITE_CHUNK {blockData=conID: 3 locID: 102289856312442887 bcsId: 0} | ret=FAILURE
org.apache.hadoop.hdds.scm.container.common.helpers.StorageContainerException: ContainerID 3 creation failed
	at org.apache.hadoop.ozone.container.common.impl.HddsDispatcher.dispatchRequest(HddsDispatcher.java:227) ~[classes/:?]
	at org.apache.hadoop.ozone.container.common.impl.HddsDispatcher.dispatch(HddsDispatcher.java:148) ~[classes/:?]
	at org.apache.hadoop.ozone.container.common.transport.server.ratis.ContainerStateMachine.dispatchCommand(ContainerStateMachine.java:347) ~[classes/:?]
	at org.apache.hadoop.ozone.container.common.transport.server.ratis.ContainerStateMachine.runCommand(ContainerStateMachine.java:354) ~[classes/:?]
	at org.apache.hadoop.ozone.container.common.transport.server.ratis.ContainerStateMachine.lambda$handleWriteChunk$0(ContainerStateMachine.java:385) ~[classes/:?]
	at java.util.concurrent.CompletableFuture$AsyncSupply.run(CompletableFuture.java:1590) [?:1.8.0_212]
	at java.util.concurrent.ThreadPoolExecutor.runWorker(ThreadPoolExecutor.java:1149) [?:1.8.0_212]
	at java.util.concurrent.ThreadPoolExecutor$Worker.run(ThreadPoolExecutor.java:624) [?:1.8.0_212]
	at java.lang.Thread.run(Thread.java:748) [?:1.8.0_212]
2019-06-18 00:55:44,928 INFO  impl.HddsDispatcher (ContainerUtils.java:logAndReturnError(146)) - Operation: WriteChunk : Trace ID: 4dbc0d60b2320a2c:3b409b90d98abc95:2fc816efdd657ded:0 : Message: ContainerID 3 creation failed : Result: DISK_OUT_OF_SPACE
00:55:44.928 [pool-30-thread-1] ERROR DNAudit - user=null | ip=null | op=WRITE_CHUNK {blockData=conID: 3 locID: 102289856312442887 bcsId: 0} | ret=FAILURE
org.apache.hadoop.hdds.scm.container.common.helpers.StorageContainerException: ContainerID 3 does not exist
	at org.apache.hadoop.ozone.container.common.impl.HddsDispatcher.dispatchRequest(HddsDispatcher.java:242) ~[classes/:?]
	at org.apache.hadoop.ozone.container.common.impl.HddsDispatcher.dispatch(HddsDispatcher.java:148) ~[classes/:?]
	at org.apache.hadoop.ozone.container.common.transport.server.ratis.ContainerStateMachine.dispatchCommand(ContainerStateMachine.java:347) ~[classes/:?]
	at org.apache.hadoop.ozone.container.common.transport.server.ratis.ContainerStateMachine.runCommand(ContainerStateMachine.java:354) ~[classes/:?]
	at org.apache.hadoop.ozone.container.common.transport.server.ratis.ContainerStateMachine.lambda$applyTransaction$5(ContainerStateMachine.java:621) ~[classes/:?]
	at java.util.concurrent.CompletableFuture$AsyncSupply.run(CompletableFuture.java:1590) [?:1.8.0_212]
	at java.util.concurrent.ThreadPoolExecutor.runWorker(ThreadPoolExecutor.java:1149) [?:1.8.0_212]
	at java.util.concurrent.ThreadPoolExecutor$Worker.run(ThreadPoolExecutor.java:624) [?:1.8.0_212]
	at java.lang.Thread.run(Thread.java:748) [?:1.8.0_212]
2019-06-18 00:55:44,929 INFO  impl.HddsDispatcher (ContainerUtils.java:logAndReturnError(146)) - Operation: WriteChunk : Trace ID: 4dbc0d60b2320a2c:3b409b90d98abc95:2fc816efdd657ded:0 : Message: ContainerID 3 does not exist : Result: CONTAINER_NOT_FOUND
00:55:44.937 [pool-51-thread-1] ERROR DNAudit - user=null | ip=null | op=WRITE_CHUNK {blockData=conID: 3 locID: 102289856312442887 bcsId: 0} | ret=FAILURE
org.apache.hadoop.hdds.scm.container.common.helpers.StorageContainerException: ContainerID 3 does not exist
	at org.apache.hadoop.ozone.container.common.impl.HddsDispatcher.dispatchRequest(HddsDispatcher.java:242) ~[classes/:?]
	at org.apache.hadoop.ozone.container.common.impl.HddsDispatcher.dispatch(HddsDispatcher.java:148) ~[classes/:?]
	at org.apache.hadoop.ozone.container.common.transport.server.ratis.ContainerStateMachine.dispatchCommand(ContainerStateMachine.java:347) ~[classes/:?]
	at org.apache.hadoop.ozone.container.common.transport.server.ratis.ContainerStateMachine.runCommand(ContainerStateMachine.java:354) ~[classes/:?]
	at org.apache.hadoop.ozone.container.common.transport.server.ratis.ContainerStateMachine.lambda$applyTransaction$5(ContainerStateMachine.java:621) ~[classes/:?]
	at java.util.concurrent.CompletableFuture$AsyncSupply.run(CompletableFuture.java:1590) [?:1.8.0_212]
	at java.util.concurrent.ThreadPoolExecutor.runWorker(ThreadPoolExecutor.java:1149) [?:1.8.0_212]
	at java.util.concurrent.ThreadPoolExecutor$Worker.run(ThreadPoolExecutor.java:624) [?:1.8.0_212]
	at java.lang.Thread.run(Thread.java:748) [?:1.8.0_212]
2019-06-18 00:55:44,938 INFO  impl.HddsDispatcher (ContainerUtils.java:logAndReturnError(146)) - Operation: WriteChunk : Trace ID: 4dbc0d60b2320a2c:3b409b90d98abc95:2fc816efdd657ded:0 : Message: ContainerID 3 does not exist : Result: CONTAINER_NOT_FOUND
2019-06-18 00:55:44,939 INFO  client.GrpcClientProtocolClient (GrpcClientProtocolClient.java:onNext(254)) - client-928EDC95B8D9->2d9c32cf-d138-46ed-86fe-555b0f222d66: receive RaftClientReply:client-928EDC95B8D9->2d9c32cf-d138-46ed-86fe-555b0f222d66@group-F789D1FF0E52, cid=32, SUCCESS, logIndex=43, commits[2d9c32cf-d138-46ed-86fe-555b0f222d66:c43, 7d41c113-78b8-42e0-973f-a2985e127fce:c42, 845dac45-d65a-40db-aa8d-9123cdf470a5:c41]
00:55:44.944 [pool-30-thread-1] ERROR DNAudit - user=null | ip=null | op=PUT_BLOCK {blockData=[blockId=conID: 3 locID: 102289856312442887 bcsId: 0,size=2097152]} | ret=FAILURE
org.apache.hadoop.hdds.scm.container.common.helpers.StorageContainerException: ContainerID 3 does not exist
	at org.apache.hadoop.ozone.container.common.impl.HddsDispatcher.dispatchRequest(HddsDispatcher.java:242) ~[classes/:?]
	at org.apache.hadoop.ozone.container.common.impl.HddsDispatcher.dispatch(HddsDispatcher.java:148) ~[classes/:?]
	at org.apache.hadoop.ozone.container.common.transport.server.ratis.ContainerStateMachine.dispatchCommand(ContainerStateMachine.java:347) ~[classes/:?]
	at org.apache.hadoop.ozone.container.common.transport.server.ratis.ContainerStateMachine.runCommand(ContainerStateMachine.java:354) ~[classes/:?]
	at org.apache.hadoop.ozone.container.common.transport.server.ratis.ContainerStateMachine.lambda$applyTransaction$5(ContainerStateMachine.java:621) ~[classes/:?]
	at java.util.concurrent.CompletableFuture$AsyncSupply.run(CompletableFuture.java:1590) [?:1.8.0_212]
	at java.util.concurrent.ThreadPoolExecutor.runWorker(ThreadPoolExecutor.java:1149) [?:1.8.0_212]
	at java.util.concurrent.ThreadPoolExecutor$Worker.run(ThreadPoolExecutor.java:624) [?:1.8.0_212]
	at java.lang.Thread.run(Thread.java:748) [?:1.8.0_212]
2019-06-18 00:55:44,945 INFO  impl.HddsDispatcher (ContainerUtils.java:logAndReturnError(146)) - Operation: PutBlock : Trace ID: 4dbc0d60b2320a2c:4fe210b1d5e500e7:2fc816efdd657ded:0 : Message: ContainerID 3 does not exist : Result: CONTAINER_NOT_FOUND
2019-06-18 00:55:44,946 INFO  client.GrpcClientProtocolClient (GrpcClientProtocolClient.java:onNext(254)) - client-928EDC95B8D9->2d9c32cf-d138-46ed-86fe-555b0f222d66: receive RaftClientReply:client-928EDC95B8D9->2d9c32cf-d138-46ed-86fe-555b0f222d66@group-F789D1FF0E52, cid=33, SUCCESS, logIndex=44, commits[2d9c32cf-d138-46ed-86fe-555b0f222d66:c45, 7d41c113-78b8-42e0-973f-a2985e127fce:c42, 845dac45-d65a-40db-aa8d-9123cdf470a5:c43]
2019-06-18 00:55:44,950 ERROR freon.RandomKeyGenerator (RandomKeyGenerator.java:run(675)) - Exception while adding key: key-0-62611 in bucket: org.apache.hadoop.ozone.client.OzoneBucket@6a9c96aa of volume: org.apache.hadoop.ozone.client.OzoneVolume@6c0ea9f3.
java.io.IOException: Unexpected Storage Container Exception: org.apache.hadoop.hdds.scm.container.common.helpers.StorageContainerException: ContainerID 3 does not exist
	at org.apache.hadoop.hdds.scm.storage.BlockOutputStream.setIoException(BlockOutputStream.java:548)
	at org.apache.hadoop.hdds.scm.storage.BlockOutputStream.validateResponse(BlockOutputStream.java:539)
	at org.apache.hadoop.hdds.scm.storage.BlockOutputStream.lambda$writeChunkToContainer$2(BlockOutputStream.java:614)
	at java.util.concurrent.CompletableFuture.uniApply(CompletableFuture.java:602)
	at java.util.concurrent.CompletableFuture$UniApply.tryFire(CompletableFuture.java:577)
	at java.util.concurrent.CompletableFuture$Completion.run(CompletableFuture.java:442)
	at java.util.concurrent.ThreadPoolExecutor.runWorker(ThreadPoolExecutor.java:1149)
	at java.util.concurrent.ThreadPoolExecutor$Worker.run(ThreadPoolExecutor.java:624)
	at java.lang.Thread.run(Thread.java:748)
Caused by: org.apache.hadoop.hdds.scm.container.common.helpers.StorageContainerException: ContainerID 3 does not exist
	at org.apache.hadoop.hdds.scm.storage.ContainerProtocolCalls.validateContainerResponse(ContainerProtocolCalls.java:536)
	at org.apache.hadoop.hdds.scm.storage.BlockOutputStream.validateResponse(BlockOutputStream.java:536)
	... 7 more
00:55:44.950 [pool-72-thread-1] ERROR DNAudit - user=null | ip=null | op=WRITE_CHUNK {blockData=conID: 3 locID: 102289856312442887 bcsId: 0} | ret=FAILURE
org.apache.hadoop.hdds.scm.container.common.helpers.StorageContainerException: ContainerID 3 does not exist
	at org.apache.hadoop.ozone.container.common.impl.HddsDispatcher.dispatchRequest(HddsDispatcher.java:242) ~[classes/:?]
	at org.apache.hadoop.ozone.container.common.impl.HddsDispatcher.dispatch(HddsDispatcher.java:148) ~[classes/:?]
	at org.apache.hadoop.ozone.container.common.transport.server.ratis.ContainerStateMachine.dispatchCommand(ContainerStateMachine.java:347) ~[classes/:?]
	at org.apache.hadoop.ozone.container.common.transport.server.ratis.ContainerStateMachine.runCommand(ContainerStateMachine.java:354) ~[classes/:?]
	at org.apache.hadoop.ozone.container.common.transport.server.ratis.ContainerStateMachine.lambda$applyTransaction$5(ContainerStateMachine.java:621) ~[classes/:?]
	at java.util.concurrent.CompletableFuture$AsyncSupply.run(CompletableFuture.java:1590) [?:1.8.0_212]
	at java.util.concurrent.ThreadPoolExecutor.runWorker(ThreadPoolExecutor.java:1149) [?:1.8.0_212]
	at java.util.concurrent.ThreadPoolExecutor$Worker.run(ThreadPoolExecutor.java:624) [?:1.8.0_212]
	at java.lang.Thread.run(Thread.java:748) [?:1.8.0_212]
2019-06-18 00:55:44,950 INFO  impl.HddsDispatcher (ContainerUtils.java:logAndReturnError(146)) - Operation: WriteChunk : Trace ID: 4dbc0d60b2320a2c:3b409b90d98abc95:2fc816efdd657ded:0 : Message: ContainerID 3 does not exist : Result: CONTAINER_NOT_FOUND
00:55:44.953 [pool-51-thread-1] ERROR DNAudit - user=null | ip=null | op=PUT_BLOCK {blockData=[blockId=conID: 3 locID: 102289856312442887 bcsId: 0,size=2097152]} | ret=FAILURE
org.apache.hadoop.hdds.scm.container.common.helpers.StorageContainerException: ContainerID 3 does not exist
	at org.apache.hadoop.ozone.container.common.impl.HddsDispatcher.dispatchRequest(HddsDispatcher.java:242) ~[classes/:?]
	at org.apache.hadoop.ozone.container.common.impl.HddsDispatcher.dispatch(HddsDispatcher.java:148) ~[classes/:?]
	at org.apache.hadoop.ozone.container.common.transport.server.ratis.ContainerStateMachine.dispatchCommand(ContainerStateMachine.java:347) ~[classes/:?]
	at org.apache.hadoop.ozone.container.common.transport.server.ratis.ContainerStateMachine.runCommand(ContainerStateMachine.java:354) ~[classes/:?]
	at org.apache.hadoop.ozone.container.common.transport.server.ratis.ContainerStateMachine.lambda$applyTransaction$5(ContainerStateMachine.java:621) ~[classes/:?]
	at java.util.concurrent.CompletableFuture$AsyncSupply.run(CompletableFuture.java:1590) [?:1.8.0_212]
	at java.util.concurrent.ThreadPoolExecutor.runWorker(ThreadPoolExecutor.java:1149) [?:1.8.0_212]
	at java.util.concurrent.ThreadPoolExecutor$Worker.run(ThreadPoolExecutor.java:624) [?:1.8.0_212]
	at java.lang.Thread.run(Thread.java:748) [?:1.8.0_212]
2019-06-18 00:55:44,954 INFO  impl.HddsDispatcher (ContainerUtils.java:logAndReturnError(146)) - Operation: PutBlock : Trace ID: 4dbc0d60b2320a2c:4fe210b1d5e500e7:2fc816efdd657ded:0 : Message: ContainerID 3 does not exist : Result: CONTAINER_NOT_FOUND
00:55:44.958 [pool-72-thread-1] ERROR DNAudit - user=null | ip=null | op=PUT_BLOCK {blockData=[blockId=conID: 3 locID: 102289856312442887 bcsId: 0,size=2097152]} | ret=FAILURE
org.apache.hadoop.hdds.scm.container.common.helpers.StorageContainerException: ContainerID 3 does not exist
	at org.apache.hadoop.ozone.container.common.impl.HddsDispatcher.dispatchRequest(HddsDispatcher.java:242) ~[classes/:?]
	at org.apache.hadoop.ozone.container.common.impl.HddsDispatcher.dispatch(HddsDispatcher.java:148) ~[classes/:?]
	at org.apache.hadoop.ozone.container.common.transport.server.ratis.ContainerStateMachine.dispatchCommand(ContainerStateMachine.java:347) ~[classes/:?]
	at org.apache.hadoop.ozone.container.common.transport.server.ratis.ContainerStateMachine.runCommand(ContainerStateMachine.java:354) ~[classes/:?]
	at org.apache.hadoop.ozone.container.common.transport.server.ratis.ContainerStateMachine.lambda$applyTransaction$5(ContainerStateMachine.java:621) ~[classes/:?]
	at java.util.concurrent.CompletableFuture$AsyncSupply.run(CompletableFuture.java:1590) [?:1.8.0_212]
	at java.util.concurrent.ThreadPoolExecutor.runWorker(ThreadPoolExecutor.java:1149) [?:1.8.0_212]
	at java.util.concurrent.ThreadPoolExecutor$Worker.run(ThreadPoolExecutor.java:624) [?:1.8.0_212]
	at java.lang.Thread.run(Thread.java:748) [?:1.8.0_212]
2019-06-18 00:55:44,958 INFO  impl.HddsDispatcher (ContainerUtils.java:logAndReturnError(146)) - Operation: PutBlock : Trace ID: 4dbc0d60b2320a2c:4fe210b1d5e500e7:2fc816efdd657ded:0 : Message: ContainerID 3 does not exist : Result: CONTAINER_NOT_FOUND
 100.00% |█████████████████████████████████████████████████████████████████████████████████████████████████████|  1/1 Time: 0:00:05
]]></system-out>
  </testcase>
  <testcase name="validateWriteTest" classname="org.apache.hadoop.ozone.freon.TestDataValidateWithSafeByteOperations" time="8.198">
    <error message="Unexpected Storage Container Exception: org.apache.hadoop.hdds.scm.container.common.helpers.StorageContainerException: ContainerID 3 does not exist" type="java.io.IOException">java.io.IOException: Unexpected Storage Container Exception: org.apache.hadoop.hdds.scm.container.common.helpers.StorageContainerException: ContainerID 3 does not exist
	at org.apache.hadoop.hdds.scm.storage.BlockOutputStream.setIoException(BlockOutputStream.java:548)
	at org.apache.hadoop.hdds.scm.storage.BlockOutputStream.validateResponse(BlockOutputStream.java:539)
	at org.apache.hadoop.hdds.scm.storage.BlockOutputStream.lambda$writeChunkToContainer$2(BlockOutputStream.java:614)
	at java.util.concurrent.CompletableFuture.uniApply(CompletableFuture.java:602)
	at java.util.concurrent.CompletableFuture$UniApply.tryFire(CompletableFuture.java:577)
	at java.util.concurrent.CompletableFuture$Completion.run(CompletableFuture.java:442)
	at java.util.concurrent.ThreadPoolExecutor.runWorker(ThreadPoolExecutor.java:1149)
	at java.util.concurrent.ThreadPoolExecutor$Worker.run(ThreadPoolExecutor.java:624)
	at java.lang.Thread.run(Thread.java:748)
Caused by: org.apache.hadoop.hdds.scm.container.common.helpers.StorageContainerException: ContainerID 3 does not exist
	at org.apache.hadoop.hdds.scm.storage.ContainerProtocolCalls.validateContainerResponse(ContainerProtocolCalls.java:536)
	at org.apache.hadoop.hdds.scm.storage.BlockOutputStream.validateResponse(BlockOutputStream.java:536)
	... 7 more
</error>
    <system-out><![CDATA[2019-06-18 00:55:45,700 INFO  freon.RandomKeyGenerator (RandomKeyGenerator.java:call(261)) - Number of Threads: 10
2019-06-18 00:55:45,701 INFO  freon.RandomKeyGenerator (RandomKeyGenerator.java:call(267)) - Number of Volumes: 2.
2019-06-18 00:55:45,701 INFO  freon.RandomKeyGenerator (RandomKeyGenerator.java:call(268)) - Number of Buckets per Volume: 5.
2019-06-18 00:55:45,701 INFO  freon.RandomKeyGenerator (RandomKeyGenerator.java:call(269)) - Number of Keys per Bucket: 10.
2019-06-18 00:55:45,701 INFO  freon.RandomKeyGenerator (RandomKeyGenerator.java:call(270)) - Key size: 10240 bytes
2019-06-18 00:55:45,701 INFO  freon.RandomKeyGenerator (RandomKeyGenerator.java:call(271)) - Buffer size: 4096 bytes
2019-06-18 00:55:45,702 INFO  freon.RandomKeyGenerator (RandomKeyGenerator.java:call(287)) - Data validation is enabled.
2019-06-18 00:55:45,703 INFO  freon.RandomKeyGenerator (RandomKeyGenerator.java:call(300)) - Starting progress bar Thread.
2019-06-18 00:55:45,702 INFO  rpc.RpcClient (RpcClient.java:createVolume(289)) - Creating Volume: vol-1-67285, with jenkins1000 as owner.
2019-06-18 00:55:45,703 INFO  rpc.RpcClient (RpcClient.java:createVolume(289)) - Creating Volume: vol-0-55666, with jenkins1000 as owner.

 0.00% |█                                                                                                    |  0/100 Time: 0:00:002019-06-18 00:55:45,729 INFO  rpc.RpcClient (RpcClient.java:createBucket(426)) - Creating Bucket: vol-1-67285/bucket-0-86571, with Versioning false and Storage Type set to DISK and Encryption set to false 
2019-06-18 00:55:45,729 INFO  rpc.RpcClient (RpcClient.java:createBucket(426)) - Creating Bucket: vol-0-55666/bucket-0-60800, with Versioning false and Storage Type set to DISK and Encryption set to false 
2019-06-18 00:55:45,762 INFO  client.GrpcClientProtocolClient (GrpcClientProtocolClient.java:onNext(254)) - client-7D96FB2A9EE9->7d41c113-78b8-42e0-973f-a2985e127fce: receive RaftClientReply:client-7D96FB2A9EE9->7d41c113-78b8-42e0-973f-a2985e127fce@group-F789D1FF0E52, cid=34, FAILED org.apache.ratis.protocol.NotLeaderException: Server 7d41c113-78b8-42e0-973f-a2985e127fce is not the leader (2d9c32cf-d138-46ed-86fe-555b0f222d66:192.168.46.37:35455). Request must be sent to leader., logIndex=0, commits[7d41c113-78b8-42e0-973f-a2985e127fce:c46, 2d9c32cf-d138-46ed-86fe-555b0f222d66:c46, 845dac45-d65a-40db-aa8d-9123cdf470a5:c46]
2019-06-18 00:55:45,765 WARN  client.GrpcClientProtocolService (LogUtils.java:warn(134)) - 3-OrderedRequestStreamObserver3: onError: org.apache.ratis.thirdparty.io.grpc.StatusRuntimeException: CANCELLED: cancelled before receiving half close
 0.00% |█                                                                                                    |  0/100 Time: 0:00:012019-06-18 00:55:46,791 INFO  client.GrpcClientProtocolClient (GrpcClientProtocolClient.java:onNext(254)) - client-7D96FB2A9EE9->845dac45-d65a-40db-aa8d-9123cdf470a5: receive RaftClientReply:client-7D96FB2A9EE9->845dac45-d65a-40db-aa8d-9123cdf470a5@group-F789D1FF0E52, cid=34, FAILED org.apache.ratis.protocol.NotLeaderException: Server 845dac45-d65a-40db-aa8d-9123cdf470a5 is not the leader (2d9c32cf-d138-46ed-86fe-555b0f222d66:192.168.46.37:35455). Request must be sent to leader., logIndex=0, commits[845dac45-d65a-40db-aa8d-9123cdf470a5:c46, 2d9c32cf-d138-46ed-86fe-555b0f222d66:c46, 7d41c113-78b8-42e0-973f-a2985e127fce:c46]
2019-06-18 00:55:46,795 WARN  client.GrpcClientProtocolService (LogUtils.java:warn(134)) - 2-OrderedRequestStreamObserver2: onError: org.apache.ratis.thirdparty.io.grpc.StatusRuntimeException: CANCELLED: cancelled before receiving half close
 0.00% |█                                                                                                    |  0/100 Time: 0:00:022019-06-18 00:55:47,808 INFO  client.GrpcClientProtocolClient (GrpcClientProtocolClient.java:onNext(254)) - client-7D96FB2A9EE9->7d41c113-78b8-42e0-973f-a2985e127fce: receive RaftClientReply:client-7D96FB2A9EE9->7d41c113-78b8-42e0-973f-a2985e127fce@group-F789D1FF0E52, cid=34, FAILED org.apache.ratis.protocol.NotLeaderException: Server 7d41c113-78b8-42e0-973f-a2985e127fce is not the leader (2d9c32cf-d138-46ed-86fe-555b0f222d66:192.168.46.37:35455). Request must be sent to leader., logIndex=0, commits[7d41c113-78b8-42e0-973f-a2985e127fce:c46, 2d9c32cf-d138-46ed-86fe-555b0f222d66:c46, 845dac45-d65a-40db-aa8d-9123cdf470a5:c46]
2019-06-18 00:55:47,812 WARN  client.GrpcClientProtocolService (LogUtils.java:warn(134)) - 4-OrderedRequestStreamObserver4: onError: org.apache.ratis.thirdparty.io.grpc.StatusRuntimeException: CANCELLED: cancelled before receiving half close
 0.00% |█                                                                                                    |  0/100 Time: 0:00:032019-06-18 00:55:48,833 INFO  client.GrpcClientProtocolClient (GrpcClientProtocolClient.java:onNext(254)) - client-7D96FB2A9EE9->2d9c32cf-d138-46ed-86fe-555b0f222d66: receive RaftClientReply:client-7D96FB2A9EE9->2d9c32cf-d138-46ed-86fe-555b0f222d66@group-F789D1FF0E52, cid=34, SUCCESS, logIndex=47, commits[2d9c32cf-d138-46ed-86fe-555b0f222d66:c47, 7d41c113-78b8-42e0-973f-a2985e127fce:c46, 845dac45-d65a-40db-aa8d-9123cdf470a5:c46]
2019-06-18 00:55:48,867 INFO  client.GrpcClientProtocolClient (GrpcClientProtocolClient.java:onNext(254)) - client-7D96FB2A9EE9->2d9c32cf-d138-46ed-86fe-555b0f222d66: receive RaftClientReply:client-7D96FB2A9EE9->2d9c32cf-d138-46ed-86fe-555b0f222d66@group-F789D1FF0E52, cid=35, SUCCESS, logIndex=49, commits[2d9c32cf-d138-46ed-86fe-555b0f222d66:c49, 7d41c113-78b8-42e0-973f-a2985e127fce:c48, 845dac45-d65a-40db-aa8d-9123cdf470a5:c47]
2019-06-18 00:55:48,867 INFO  keyvalue.KeyValueHandler (ContainerUtils.java:logAndReturnError(146)) - Operation: CreateContainer : Trace ID: f42514c8d3fad7c7:dd2a0475212a25fe:d6d8a993a51a38c9:0 : Message: Container creation failed, due to disk out of space : Result: DISK_OUT_OF_SPACE
00:55:48.868 [pool-26-thread-40] ERROR DNAudit - user=null | ip=null | op=WRITE_CHUNK {blockData=conID: 3 locID: 102289856642220047 bcsId: 0} | ret=FAILURE
org.apache.hadoop.hdds.scm.container.common.helpers.StorageContainerException: ContainerID 3 creation failed
	at org.apache.hadoop.ozone.container.common.impl.HddsDispatcher.dispatchRequest(HddsDispatcher.java:227) ~[classes/:?]
	at org.apache.hadoop.ozone.container.common.impl.HddsDispatcher.dispatch(HddsDispatcher.java:148) ~[classes/:?]
	at org.apache.hadoop.ozone.container.common.transport.server.ratis.ContainerStateMachine.dispatchCommand(ContainerStateMachine.java:347) ~[classes/:?]
	at org.apache.hadoop.ozone.container.common.transport.server.ratis.ContainerStateMachine.runCommand(ContainerStateMachine.java:354) ~[classes/:?]
	at org.apache.hadoop.ozone.container.common.transport.server.ratis.ContainerStateMachine.lambda$handleWriteChunk$0(ContainerStateMachine.java:385) ~[classes/:?]
	at java.util.concurrent.CompletableFuture$AsyncSupply.run(CompletableFuture.java:1590) [?:1.8.0_212]
	at java.util.concurrent.ThreadPoolExecutor.runWorker(ThreadPoolExecutor.java:1149) [?:1.8.0_212]
	at java.util.concurrent.ThreadPoolExecutor$Worker.run(ThreadPoolExecutor.java:624) [?:1.8.0_212]
	at java.lang.Thread.run(Thread.java:748) [?:1.8.0_212]
2019-06-18 00:55:48,868 INFO  impl.HddsDispatcher (ContainerUtils.java:logAndReturnError(146)) - Operation: WriteChunk : Trace ID: f42514c8d3fad7c7:dd2a0475212a25fe:d6d8a993a51a38c9:0 : Message: ContainerID 3 creation failed : Result: DISK_OUT_OF_SPACE
2019-06-18 00:55:48,870 INFO  keyvalue.KeyValueHandler (ContainerUtils.java:logAndReturnError(146)) - Operation: CreateContainer : Trace ID: f42514c8d3fad7c7:dd2a0475212a25fe:d6d8a993a51a38c9:0 : Message: Container creation failed, due to disk out of space : Result: DISK_OUT_OF_SPACE
2019-06-18 00:55:48,870 INFO  keyvalue.KeyValueHandler (ContainerUtils.java:logAndReturnError(146)) - Operation: CreateContainer : Trace ID: f42514c8d3fad7c7:dd2a0475212a25fe:d6d8a993a51a38c9:0 : Message: Container creation failed, due to disk out of space : Result: DISK_OUT_OF_SPACE
00:55:48.870 [pool-68-thread-14] ERROR DNAudit - user=null | ip=null | op=WRITE_CHUNK {blockData=conID: 3 locID: 102289856642220047 bcsId: 0} | ret=FAILURE
org.apache.hadoop.hdds.scm.container.common.helpers.StorageContainerException: ContainerID 3 creation failed
	at org.apache.hadoop.ozone.container.common.impl.HddsDispatcher.dispatchRequest(HddsDispatcher.java:227) ~[classes/:?]
	at org.apache.hadoop.ozone.container.common.impl.HddsDispatcher.dispatch(HddsDispatcher.java:148) ~[classes/:?]
	at org.apache.hadoop.ozone.container.common.transport.server.ratis.ContainerStateMachine.dispatchCommand(ContainerStateMachine.java:347) ~[classes/:?]
	at org.apache.hadoop.ozone.container.common.transport.server.ratis.ContainerStateMachine.runCommand(ContainerStateMachine.java:354) ~[classes/:?]
	at org.apache.hadoop.ozone.container.common.transport.server.ratis.ContainerStateMachine.lambda$handleWriteChunk$0(ContainerStateMachine.java:385) ~[classes/:?]
	at java.util.concurrent.CompletableFuture$AsyncSupply.run(CompletableFuture.java:1590) [?:1.8.0_212]
	at java.util.concurrent.ThreadPoolExecutor.runWorker(ThreadPoolExecutor.java:1149) [?:1.8.0_212]
	at java.util.concurrent.ThreadPoolExecutor$Worker.run(ThreadPoolExecutor.java:624) [?:1.8.0_212]
	at java.lang.Thread.run(Thread.java:748) [?:1.8.0_212]
2019-06-18 00:55:48,871 INFO  impl.HddsDispatcher (ContainerUtils.java:logAndReturnError(146)) - Operation: WriteChunk : Trace ID: f42514c8d3fad7c7:dd2a0475212a25fe:d6d8a993a51a38c9:0 : Message: ContainerID 3 creation failed : Result: DISK_OUT_OF_SPACE
00:55:48.870 [pool-47-thread-13] ERROR DNAudit - user=null | ip=null | op=WRITE_CHUNK {blockData=conID: 3 locID: 102289856642220047 bcsId: 0} | ret=FAILURE
org.apache.hadoop.hdds.scm.container.common.helpers.StorageContainerException: ContainerID 3 creation failed
	at org.apache.hadoop.ozone.container.common.impl.HddsDispatcher.dispatchRequest(HddsDispatcher.java:227) ~[classes/:?]
	at org.apache.hadoop.ozone.container.common.impl.HddsDispatcher.dispatch(HddsDispatcher.java:148) ~[classes/:?]
	at org.apache.hadoop.ozone.container.common.transport.server.ratis.ContainerStateMachine.dispatchCommand(ContainerStateMachine.java:347) ~[classes/:?]
	at org.apache.hadoop.ozone.container.common.transport.server.ratis.ContainerStateMachine.runCommand(ContainerStateMachine.java:354) ~[classes/:?]
	at org.apache.hadoop.ozone.container.common.transport.server.ratis.ContainerStateMachine.lambda$handleWriteChunk$0(ContainerStateMachine.java:385) ~[classes/:?]
	at java.util.concurrent.CompletableFuture$AsyncSupply.run(CompletableFuture.java:1590) [?:1.8.0_212]
	at java.util.concurrent.ThreadPoolExecutor.runWorker(ThreadPoolExecutor.java:1149) [?:1.8.0_212]
	at java.util.concurrent.ThreadPoolExecutor$Worker.run(ThreadPoolExecutor.java:624) [?:1.8.0_212]
	at java.lang.Thread.run(Thread.java:748) [?:1.8.0_212]
2019-06-18 00:55:48,871 INFO  impl.HddsDispatcher (ContainerUtils.java:logAndReturnError(146)) - Operation: WriteChunk : Trace ID: f42514c8d3fad7c7:dd2a0475212a25fe:d6d8a993a51a38c9:0 : Message: ContainerID 3 creation failed : Result: DISK_OUT_OF_SPACE
00:55:48.873 [pool-30-thread-1] ERROR DNAudit - user=null | ip=null | op=WRITE_CHUNK {blockData=conID: 3 locID: 102289856642220047 bcsId: 0} | ret=FAILURE
org.apache.hadoop.hdds.scm.container.common.helpers.StorageContainerException: ContainerID 3 does not exist
	at org.apache.hadoop.ozone.container.common.impl.HddsDispatcher.dispatchRequest(HddsDispatcher.java:242) ~[classes/:?]
	at org.apache.hadoop.ozone.container.common.impl.HddsDispatcher.dispatch(HddsDispatcher.java:148) ~[classes/:?]
	at org.apache.hadoop.ozone.container.common.transport.server.ratis.ContainerStateMachine.dispatchCommand(ContainerStateMachine.java:347) ~[classes/:?]
	at org.apache.hadoop.ozone.container.common.transport.server.ratis.ContainerStateMachine.runCommand(ContainerStateMachine.java:354) ~[classes/:?]
	at org.apache.hadoop.ozone.container.common.transport.server.ratis.ContainerStateMachine.lambda$applyTransaction$5(ContainerStateMachine.java:621) ~[classes/:?]
	at java.util.concurrent.CompletableFuture$AsyncSupply.run(CompletableFuture.java:1590) [?:1.8.0_212]
	at java.util.concurrent.ThreadPoolExecutor.runWorker(ThreadPoolExecutor.java:1149) [?:1.8.0_212]
	at java.util.concurrent.ThreadPoolExecutor$Worker.run(ThreadPoolExecutor.java:624) [?:1.8.0_212]
	at java.lang.Thread.run(Thread.java:748) [?:1.8.0_212]
2019-06-18 00:55:48,873 INFO  impl.HddsDispatcher (ContainerUtils.java:logAndReturnError(146)) - Operation: WriteChunk : Trace ID: f42514c8d3fad7c7:dd2a0475212a25fe:d6d8a993a51a38c9:0 : Message: ContainerID 3 does not exist : Result: CONTAINER_NOT_FOUND
2019-06-18 00:55:48,890 INFO  client.GrpcClientProtocolClient (GrpcClientProtocolClient.java:onNext(254)) - client-7D96FB2A9EE9->2d9c32cf-d138-46ed-86fe-555b0f222d66: receive RaftClientReply:client-7D96FB2A9EE9->2d9c32cf-d138-46ed-86fe-555b0f222d66@group-F789D1FF0E52, cid=36, SUCCESS, logIndex=51, commits[2d9c32cf-d138-46ed-86fe-555b0f222d66:c51, 7d41c113-78b8-42e0-973f-a2985e127fce:c50, 845dac45-d65a-40db-aa8d-9123cdf470a5:c49]
00:55:48.891 [pool-30-thread-1] ERROR DNAudit - user=null | ip=null | op=PUT_BLOCK {blockData=[blockId=conID: 3 locID: 102289856642220047 bcsId: 0,size=10240]} | ret=FAILURE
org.apache.hadoop.hdds.scm.container.common.helpers.StorageContainerException: ContainerID 3 does not exist
	at org.apache.hadoop.ozone.container.common.impl.HddsDispatcher.dispatchRequest(HddsDispatcher.java:242) ~[classes/:?]
	at org.apache.hadoop.ozone.container.common.impl.HddsDispatcher.dispatch(HddsDispatcher.java:148) ~[classes/:?]
	at org.apache.hadoop.ozone.container.common.transport.server.ratis.ContainerStateMachine.dispatchCommand(ContainerStateMachine.java:347) ~[classes/:?]
	at org.apache.hadoop.ozone.container.common.transport.server.ratis.ContainerStateMachine.runCommand(ContainerStateMachine.java:354) ~[classes/:?]
	at org.apache.hadoop.ozone.container.common.transport.server.ratis.ContainerStateMachine.lambda$applyTransaction$5(ContainerStateMachine.java:621) ~[classes/:?]
	at java.util.concurrent.CompletableFuture$AsyncSupply.run(CompletableFuture.java:1590) [?:1.8.0_212]
	at java.util.concurrent.ThreadPoolExecutor.runWorker(ThreadPoolExecutor.java:1149) [?:1.8.0_212]
	at java.util.concurrent.ThreadPoolExecutor$Worker.run(ThreadPoolExecutor.java:624) [?:1.8.0_212]
	at java.lang.Thread.run(Thread.java:748) [?:1.8.0_212]
2019-06-18 00:55:48,892 INFO  impl.HddsDispatcher (ContainerUtils.java:logAndReturnError(146)) - Operation: PutBlock : Trace ID: f42514c8d3fad7c7:375b94eb51635967:d6d8a993a51a38c9:0 : Message: ContainerID 3 does not exist : Result: CONTAINER_NOT_FOUND
00:55:48.901 [pool-72-thread-1] ERROR DNAudit - user=null | ip=null | op=WRITE_CHUNK {blockData=conID: 3 locID: 102289856642220047 bcsId: 0} | ret=FAILURE
org.apache.hadoop.hdds.scm.container.common.helpers.StorageContainerException: ContainerID 3 does not exist
	at org.apache.hadoop.ozone.container.common.impl.HddsDispatcher.dispatchRequest(HddsDispatcher.java:242) ~[classes/:?]
	at org.apache.hadoop.ozone.container.common.impl.HddsDispatcher.dispatch(HddsDispatcher.java:148) ~[classes/:?]
	at org.apache.hadoop.ozone.container.common.transport.server.ratis.ContainerStateMachine.dispatchCommand(ContainerStateMachine.java:347) ~[classes/:?]
	at org.apache.hadoop.ozone.container.common.transport.server.ratis.ContainerStateMachine.runCommand(ContainerStateMachine.java:354) ~[classes/:?]
	at org.apache.hadoop.ozone.container.common.transport.server.ratis.ContainerStateMachine.lambda$applyTransaction$5(ContainerStateMachine.java:621) ~[classes/:?]
	at java.util.concurrent.CompletableFuture$AsyncSupply.run(CompletableFuture.java:1590) [?:1.8.0_212]
	at java.util.concurrent.ThreadPoolExecutor.runWorker(ThreadPoolExecutor.java:1149) [?:1.8.0_212]
	at java.util.concurrent.ThreadPoolExecutor$Worker.run(ThreadPoolExecutor.java:624) [?:1.8.0_212]
	at java.lang.Thread.run(Thread.java:748) [?:1.8.0_212]
2019-06-18 00:55:48,901 INFO  impl.HddsDispatcher (ContainerUtils.java:logAndReturnError(146)) - Operation: WriteChunk : Trace ID: f42514c8d3fad7c7:dd2a0475212a25fe:d6d8a993a51a38c9:0 : Message: ContainerID 3 does not exist : Result: CONTAINER_NOT_FOUND
00:55:48.907 [pool-51-thread-1] ERROR DNAudit - user=null | ip=null | op=WRITE_CHUNK {blockData=conID: 3 locID: 102289856642220047 bcsId: 0} | ret=FAILURE
org.apache.hadoop.hdds.scm.container.common.helpers.StorageContainerException: ContainerID 3 does not exist
	at org.apache.hadoop.ozone.container.common.impl.HddsDispatcher.dispatchRequest(HddsDispatcher.java:242) ~[classes/:?]
	at org.apache.hadoop.ozone.container.common.impl.HddsDispatcher.dispatch(HddsDispatcher.java:148) ~[classes/:?]
	at org.apache.hadoop.ozone.container.common.transport.server.ratis.ContainerStateMachine.dispatchCommand(ContainerStateMachine.java:347) ~[classes/:?]
	at org.apache.hadoop.ozone.container.common.transport.server.ratis.ContainerStateMachine.runCommand(ContainerStateMachine.java:354) ~[classes/:?]
	at org.apache.hadoop.ozone.container.common.transport.server.ratis.ContainerStateMachine.lambda$applyTransaction$5(ContainerStateMachine.java:621) ~[classes/:?]
	at java.util.concurrent.CompletableFuture$AsyncSupply.run(CompletableFuture.java:1590) [?:1.8.0_212]
	at java.util.concurrent.ThreadPoolExecutor.runWorker(ThreadPoolExecutor.java:1149) [?:1.8.0_212]
	at java.util.concurrent.ThreadPoolExecutor$Worker.run(ThreadPoolExecutor.java:624) [?:1.8.0_212]
	at java.lang.Thread.run(Thread.java:748) [?:1.8.0_212]
2019-06-18 00:55:48,908 INFO  impl.HddsDispatcher (ContainerUtils.java:logAndReturnError(146)) - Operation: WriteChunk : Trace ID: f42514c8d3fad7c7:dd2a0475212a25fe:d6d8a993a51a38c9:0 : Message: ContainerID 3 does not exist : Result: CONTAINER_NOT_FOUND
00:55:48.908 [pool-72-thread-1] ERROR DNAudit - user=null | ip=null | op=PUT_BLOCK {blockData=[blockId=conID: 3 locID: 102289856642220047 bcsId: 0,size=10240]} | ret=FAILURE
org.apache.hadoop.hdds.scm.container.common.helpers.StorageContainerException: ContainerID 3 does not exist
	at org.apache.hadoop.ozone.container.common.impl.HddsDispatcher.dispatchRequest(HddsDispatcher.java:242) ~[classes/:?]
	at org.apache.hadoop.ozone.container.common.impl.HddsDispatcher.dispatch(HddsDispatcher.java:148) ~[classes/:?]
	at org.apache.hadoop.ozone.container.common.transport.server.ratis.ContainerStateMachine.dispatchCommand(ContainerStateMachine.java:347) ~[classes/:?]
	at org.apache.hadoop.ozone.container.common.transport.server.ratis.ContainerStateMachine.runCommand(ContainerStateMachine.java:354) ~[classes/:?]
	at org.apache.hadoop.ozone.container.common.transport.server.ratis.ContainerStateMachine.lambda$applyTransaction$5(ContainerStateMachine.java:621) ~[classes/:?]
	at java.util.concurrent.CompletableFuture$AsyncSupply.run(CompletableFuture.java:1590) [?:1.8.0_212]
	at java.util.concurrent.ThreadPoolExecutor.runWorker(ThreadPoolExecutor.java:1149) [?:1.8.0_212]
	at java.util.concurrent.ThreadPoolExecutor$Worker.run(ThreadPoolExecutor.java:624) [?:1.8.0_212]
	at java.lang.Thread.run(Thread.java:748) [?:1.8.0_212]
2019-06-18 00:55:48,909 INFO  impl.HddsDispatcher (ContainerUtils.java:logAndReturnError(146)) - Operation: PutBlock : Trace ID: f42514c8d3fad7c7:375b94eb51635967:d6d8a993a51a38c9:0 : Message: ContainerID 3 does not exist : Result: CONTAINER_NOT_FOUND
00:55:48.909 [pool-51-thread-1] ERROR DNAudit - user=null | ip=null | op=PUT_BLOCK {blockData=[blockId=conID: 3 locID: 102289856642220047 bcsId: 0,size=10240]} | ret=FAILURE
org.apache.hadoop.hdds.scm.container.common.helpers.StorageContainerException: ContainerID 3 does not exist
	at org.apache.hadoop.ozone.container.common.impl.HddsDispatcher.dispatchRequest(HddsDispatcher.java:242) ~[classes/:?]
	at org.apache.hadoop.ozone.container.common.impl.HddsDispatcher.dispatch(HddsDispatcher.java:148) ~[classes/:?]
	at org.apache.hadoop.ozone.container.common.transport.server.ratis.ContainerStateMachine.dispatchCommand(ContainerStateMachine.java:347) ~[classes/:?]
	at org.apache.hadoop.ozone.container.common.transport.server.ratis.ContainerStateMachine.runCommand(ContainerStateMachine.java:354) ~[classes/:?]
	at org.apache.hadoop.ozone.container.common.transport.server.ratis.ContainerStateMachine.lambda$applyTransaction$5(ContainerStateMachine.java:621) ~[classes/:?]
	at java.util.concurrent.CompletableFuture$AsyncSupply.run(CompletableFuture.java:1590) [?:1.8.0_212]
	at java.util.concurrent.ThreadPoolExecutor.runWorker(ThreadPoolExecutor.java:1149) [?:1.8.0_212]
	at java.util.concurrent.ThreadPoolExecutor$Worker.run(ThreadPoolExecutor.java:624) [?:1.8.0_212]
	at java.lang.Thread.run(Thread.java:748) [?:1.8.0_212]
2019-06-18 00:55:48,909 INFO  impl.HddsDispatcher (ContainerUtils.java:logAndReturnError(146)) - Operation: PutBlock : Trace ID: f42514c8d3fad7c7:375b94eb51635967:d6d8a993a51a38c9:0 : Message: ContainerID 3 does not exist : Result: CONTAINER_NOT_FOUND
2019-06-18 00:55:48,910 INFO  client.GrpcClientProtocolClient (GrpcClientProtocolClient.java:onNext(254)) - client-7D96FB2A9EE9->2d9c32cf-d138-46ed-86fe-555b0f222d66: receive RaftClientReply:client-7D96FB2A9EE9->2d9c32cf-d138-46ed-86fe-555b0f222d66@group-F789D1FF0E52, cid=37, SUCCESS, logIndex=52, commits[2d9c32cf-d138-46ed-86fe-555b0f222d66:c52, 7d41c113-78b8-42e0-973f-a2985e127fce:c50, 845dac45-d65a-40db-aa8d-9123cdf470a5:c50]
2019-06-18 00:55:48,910 ERROR storage.BlockOutputStream (BlockOutputStream.java:validateResponse(538)) - Unexpected Storage Container Exception: 
org.apache.hadoop.hdds.scm.container.common.helpers.StorageContainerException: ContainerID 3 does not exist
	at org.apache.hadoop.hdds.scm.storage.ContainerProtocolCalls.validateContainerResponse(ContainerProtocolCalls.java:536)
	at org.apache.hadoop.hdds.scm.storage.BlockOutputStream.validateResponse(BlockOutputStream.java:536)
	at org.apache.hadoop.hdds.scm.storage.BlockOutputStream.lambda$writeChunkToContainer$2(BlockOutputStream.java:614)
	at java.util.concurrent.CompletableFuture.uniApply(CompletableFuture.java:602)
	at java.util.concurrent.CompletableFuture$UniApply.tryFire(CompletableFuture.java:577)
	at java.util.concurrent.CompletableFuture$Completion.run(CompletableFuture.java:442)
	at java.util.concurrent.ThreadPoolExecutor.runWorker(ThreadPoolExecutor.java:1149)
	at java.util.concurrent.ThreadPoolExecutor$Worker.run(ThreadPoolExecutor.java:624)
	at java.lang.Thread.run(Thread.java:748)
2019-06-18 00:55:48,917 INFO  client.GrpcClientProtocolClient (GrpcClientProtocolClient.java:onNext(254)) - client-7D96FB2A9EE9->2d9c32cf-d138-46ed-86fe-555b0f222d66: receive RaftClientReply:client-7D96FB2A9EE9->2d9c32cf-d138-46ed-86fe-555b0f222d66@group-F789D1FF0E52, cid=38, SUCCESS, logIndex=0, commits[2d9c32cf-d138-46ed-86fe-555b0f222d66:c50, 7d41c113-78b8-42e0-973f-a2985e127fce:c49, 845dac45-d65a-40db-aa8d-9123cdf470a5:c49]
2019-06-18 00:55:48,926 ERROR freon.RandomKeyGenerator (RandomKeyGenerator.java:run(675)) - Exception while adding key: key-0-83769 in bucket: org.apache.hadoop.ozone.client.OzoneBucket@451dfe67 of volume: org.apache.hadoop.ozone.client.OzoneVolume@4bda18b4.
java.io.IOException: Unexpected Storage Container Exception: org.apache.hadoop.hdds.scm.container.common.helpers.StorageContainerException: ContainerID 3 does not exist
	at org.apache.hadoop.hdds.scm.storage.BlockOutputStream.setIoException(BlockOutputStream.java:548)
	at org.apache.hadoop.hdds.scm.storage.BlockOutputStream.validateResponse(BlockOutputStream.java:539)
	at org.apache.hadoop.hdds.scm.storage.BlockOutputStream.lambda$writeChunkToContainer$2(BlockOutputStream.java:614)
	at java.util.concurrent.CompletableFuture.uniApply(CompletableFuture.java:602)
	at java.util.concurrent.CompletableFuture$UniApply.tryFire(CompletableFuture.java:577)
	at java.util.concurrent.CompletableFuture$Completion.run(CompletableFuture.java:442)
	at java.util.concurrent.ThreadPoolExecutor.runWorker(ThreadPoolExecutor.java:1149)
	at java.util.concurrent.ThreadPoolExecutor$Worker.run(ThreadPoolExecutor.java:624)
	at java.lang.Thread.run(Thread.java:748)
Caused by: org.apache.hadoop.hdds.scm.container.common.helpers.StorageContainerException: ContainerID 3 does not exist
	at org.apache.hadoop.hdds.scm.storage.ContainerProtocolCalls.validateContainerResponse(ContainerProtocolCalls.java:536)
	at org.apache.hadoop.hdds.scm.storage.BlockOutputStream.validateResponse(BlockOutputStream.java:536)
	... 7 more
2019-06-18 00:55:48,950 INFO  client.GrpcClientProtocolClient (GrpcClientProtocolClient.java:onNext(254)) - client-7D96FB2A9EE9->2d9c32cf-d138-46ed-86fe-555b0f222d66: receive RaftClientReply:client-7D96FB2A9EE9->2d9c32cf-d138-46ed-86fe-555b0f222d66@group-F789D1FF0E52, cid=39, SUCCESS, logIndex=55, commits[2d9c32cf-d138-46ed-86fe-555b0f222d66:c55, 7d41c113-78b8-42e0-973f-a2985e127fce:c54, 845dac45-d65a-40db-aa8d-9123cdf470a5:c54]
2019-06-18 00:55:48,988 INFO  client.GrpcClientProtocolClient (GrpcClientProtocolClient.java:onNext(254)) - client-7D96FB2A9EE9->2d9c32cf-d138-46ed-86fe-555b0f222d66: receive RaftClientReply:client-7D96FB2A9EE9->2d9c32cf-d138-46ed-86fe-555b0f222d66@group-F789D1FF0E52, cid=40, SUCCESS, logIndex=57, commits[2d9c32cf-d138-46ed-86fe-555b0f222d66:c57, 7d41c113-78b8-42e0-973f-a2985e127fce:c55, 845dac45-d65a-40db-aa8d-9123cdf470a5:c55]
2019-06-18 00:55:48,996 INFO  client.GrpcClientProtocolClient (GrpcClientProtocolClient.java:onNext(254)) - client-7D96FB2A9EE9->2d9c32cf-d138-46ed-86fe-555b0f222d66: receive RaftClientReply:client-7D96FB2A9EE9->2d9c32cf-d138-46ed-86fe-555b0f222d66@group-F789D1FF0E52, cid=41, SUCCESS, logIndex=58, commits[2d9c32cf-d138-46ed-86fe-555b0f222d66:c58, 7d41c113-78b8-42e0-973f-a2985e127fce:c55, 845dac45-d65a-40db-aa8d-9123cdf470a5:c55]
2019-06-18 00:55:48,996 INFO  client.GrpcClientProtocolClient (GrpcClientProtocolClient.java:onNext(254)) - client-7D96FB2A9EE9->2d9c32cf-d138-46ed-86fe-555b0f222d66: receive RaftClientReply:client-7D96FB2A9EE9->2d9c32cf-d138-46ed-86fe-555b0f222d66@group-F789D1FF0E52, cid=42, SUCCESS, logIndex=59, commits[2d9c32cf-d138-46ed-86fe-555b0f222d66:c61, 7d41c113-78b8-42e0-973f-a2985e127fce:c58, 845dac45-d65a-40db-aa8d-9123cdf470a5:c57]
2019-06-18 00:55:49,014 INFO  client.GrpcClientProtocolClient (GrpcClientProtocolClient.java:onNext(254)) - client-7D96FB2A9EE9->2d9c32cf-d138-46ed-86fe-555b0f222d66: receive RaftClientReply:client-7D96FB2A9EE9->2d9c32cf-d138-46ed-86fe-555b0f222d66@group-F789D1FF0E52, cid=43, SUCCESS, logIndex=0, commits[2d9c32cf-d138-46ed-86fe-555b0f222d66:c61, 7d41c113-78b8-42e0-973f-a2985e127fce:c58, 845dac45-d65a-40db-aa8d-9123cdf470a5:c61]
2019-06-18 00:55:49,037 INFO  keyvalue.KeyValueHandler (ContainerUtils.java:logAndReturnError(146)) - Operation: CreateContainer : Trace ID: 9788b54b3af22b54:326acdf113fc0947:2e3d8bbd5de3db31:0 : Message: Container creation failed, due to disk out of space : Result: DISK_OUT_OF_SPACE
00:55:49.038 [pool-26-thread-50] ERROR DNAudit - user=null | ip=null | op=WRITE_CHUNK {blockData=conID: 3 locID: 102289856857374741 bcsId: 0} | ret=FAILURE
org.apache.hadoop.hdds.scm.container.common.helpers.StorageContainerException: ContainerID 3 creation failed
	at org.apache.hadoop.ozone.container.common.impl.HddsDispatcher.dispatchRequest(HddsDispatcher.java:227) ~[classes/:?]
	at org.apache.hadoop.ozone.container.common.impl.HddsDispatcher.dispatch(HddsDispatcher.java:148) ~[classes/:?]
	at org.apache.hadoop.ozone.container.common.transport.server.ratis.ContainerStateMachine.dispatchCommand(ContainerStateMachine.java:347) ~[classes/:?]
	at org.apache.hadoop.ozone.container.common.transport.server.ratis.ContainerStateMachine.runCommand(ContainerStateMachine.java:354) ~[classes/:?]
	at org.apache.hadoop.ozone.container.common.transport.server.ratis.ContainerStateMachine.lambda$handleWriteChunk$0(ContainerStateMachine.java:385) ~[classes/:?]
	at java.util.concurrent.CompletableFuture$AsyncSupply.run(CompletableFuture.java:1590) [?:1.8.0_212]
	at java.util.concurrent.ThreadPoolExecutor.runWorker(ThreadPoolExecutor.java:1149) [?:1.8.0_212]
	at java.util.concurrent.ThreadPoolExecutor$Worker.run(ThreadPoolExecutor.java:624) [?:1.8.0_212]
	at java.lang.Thread.run(Thread.java:748) [?:1.8.0_212]
2019-06-18 00:55:49,038 INFO  impl.HddsDispatcher (ContainerUtils.java:logAndReturnError(146)) - Operation: WriteChunk : Trace ID: 9788b54b3af22b54:326acdf113fc0947:2e3d8bbd5de3db31:0 : Message: ContainerID 3 creation failed : Result: DISK_OUT_OF_SPACE
2019-06-18 00:55:49,039 INFO  keyvalue.KeyValueHandler (ContainerUtils.java:logAndReturnError(146)) - Operation: CreateContainer : Trace ID: 9788b54b3af22b54:326acdf113fc0947:2e3d8bbd5de3db31:0 : Message: Container creation failed, due to disk out of space : Result: DISK_OUT_OF_SPACE
00:55:49.040 [pool-47-thread-15] ERROR DNAudit - user=null | ip=null | op=WRITE_CHUNK {blockData=conID: 3 locID: 102289856857374741 bcsId: 0} | ret=FAILURE
org.apache.hadoop.hdds.scm.container.common.helpers.StorageContainerException: ContainerID 3 creation failed
	at org.apache.hadoop.ozone.container.common.impl.HddsDispatcher.dispatchRequest(HddsDispatcher.java:227) ~[classes/:?]
	at org.apache.hadoop.ozone.container.common.impl.HddsDispatcher.dispatch(HddsDispatcher.java:148) ~[classes/:?]
	at org.apache.hadoop.ozone.container.common.transport.server.ratis.ContainerStateMachine.dispatchCommand(ContainerStateMachine.java:347) ~[classes/:?]
	at org.apache.hadoop.ozone.container.common.transport.server.ratis.ContainerStateMachine.runCommand(ContainerStateMachine.java:354) ~[classes/:?]
	at org.apache.hadoop.ozone.container.common.transport.server.ratis.ContainerStateMachine.lambda$handleWriteChunk$0(ContainerStateMachine.java:385) ~[classes/:?]
	at java.util.concurrent.CompletableFuture$AsyncSupply.run(CompletableFuture.java:1590) [?:1.8.0_212]
	at java.util.concurrent.ThreadPoolExecutor.runWorker(ThreadPoolExecutor.java:1149) [?:1.8.0_212]
	at java.util.concurrent.ThreadPoolExecutor$Worker.run(ThreadPoolExecutor.java:624) [?:1.8.0_212]
	at java.lang.Thread.run(Thread.java:748) [?:1.8.0_212]
2019-06-18 00:55:49,040 INFO  impl.HddsDispatcher (ContainerUtils.java:logAndReturnError(146)) - Operation: WriteChunk : Trace ID: 9788b54b3af22b54:326acdf113fc0947:2e3d8bbd5de3db31:0 : Message: ContainerID 3 creation failed : Result: DISK_OUT_OF_SPACE
2019-06-18 00:55:49,043 INFO  keyvalue.KeyValueHandler (ContainerUtils.java:logAndReturnError(146)) - Operation: CreateContainer : Trace ID: 9788b54b3af22b54:326acdf113fc0947:2e3d8bbd5de3db31:0 : Message: Container creation failed, due to disk out of space : Result: DISK_OUT_OF_SPACE
00:55:49.045 [pool-68-thread-16] ERROR DNAudit - user=null | ip=null | op=WRITE_CHUNK {blockData=conID: 3 locID: 102289856857374741 bcsId: 0} | ret=FAILURE
org.apache.hadoop.hdds.scm.container.common.helpers.StorageContainerException: ContainerID 3 creation failed
	at org.apache.hadoop.ozone.container.common.impl.HddsDispatcher.dispatchRequest(HddsDispatcher.java:227) ~[classes/:?]
	at org.apache.hadoop.ozone.container.common.impl.HddsDispatcher.dispatch(HddsDispatcher.java:148) ~[classes/:?]
	at org.apache.hadoop.ozone.container.common.transport.server.ratis.ContainerStateMachine.dispatchCommand(ContainerStateMachine.java:347) ~[classes/:?]
	at org.apache.hadoop.ozone.container.common.transport.server.ratis.ContainerStateMachine.runCommand(ContainerStateMachine.java:354) ~[classes/:?]
	at org.apache.hadoop.ozone.container.common.transport.server.ratis.ContainerStateMachine.lambda$handleWriteChunk$0(ContainerStateMachine.java:385) ~[classes/:?]
	at java.util.concurrent.CompletableFuture$AsyncSupply.run(CompletableFuture.java:1590) [?:1.8.0_212]
	at java.util.concurrent.ThreadPoolExecutor.runWorker(ThreadPoolExecutor.java:1149) [?:1.8.0_212]
	at java.util.concurrent.ThreadPoolExecutor$Worker.run(ThreadPoolExecutor.java:624) [?:1.8.0_212]
	at java.lang.Thread.run(Thread.java:748) [?:1.8.0_212]
2019-06-18 00:55:49,046 INFO  impl.HddsDispatcher (ContainerUtils.java:logAndReturnError(146)) - Operation: WriteChunk : Trace ID: 9788b54b3af22b54:326acdf113fc0947:2e3d8bbd5de3db31:0 : Message: ContainerID 3 creation failed : Result: DISK_OUT_OF_SPACE
00:55:49.046 [pool-30-thread-1] ERROR DNAudit - user=null | ip=null | op=WRITE_CHUNK {blockData=conID: 3 locID: 102289856857374741 bcsId: 0} | ret=FAILURE
org.apache.hadoop.hdds.scm.container.common.helpers.StorageContainerException: ContainerID 3 does not exist
	at org.apache.hadoop.ozone.container.common.impl.HddsDispatcher.dispatchRequest(HddsDispatcher.java:242) ~[classes/:?]
	at org.apache.hadoop.ozone.container.common.impl.HddsDispatcher.dispatch(HddsDispatcher.java:148) ~[classes/:?]
	at org.apache.hadoop.ozone.container.common.transport.server.ratis.ContainerStateMachine.dispatchCommand(ContainerStateMachine.java:347) ~[classes/:?]
	at org.apache.hadoop.ozone.container.common.transport.server.ratis.ContainerStateMachine.runCommand(ContainerStateMachine.java:354) ~[classes/:?]
	at org.apache.hadoop.ozone.container.common.transport.server.ratis.ContainerStateMachine.lambda$applyTransaction$5(ContainerStateMachine.java:621) ~[classes/:?]
	at java.util.concurrent.CompletableFuture$AsyncSupply.run(CompletableFuture.java:1590) [?:1.8.0_212]
	at java.util.concurrent.ThreadPoolExecutor.runWorker(ThreadPoolExecutor.java:1149) [?:1.8.0_212]
	at java.util.concurrent.ThreadPoolExecutor$Worker.run(ThreadPoolExecutor.java:624) [?:1.8.0_212]
	at java.lang.Thread.run(Thread.java:748) [?:1.8.0_212]
2019-06-18 00:55:49,047 INFO  impl.HddsDispatcher (ContainerUtils.java:logAndReturnError(146)) - Operation: WriteChunk : Trace ID: 9788b54b3af22b54:326acdf113fc0947:2e3d8bbd5de3db31:0 : Message: ContainerID 3 does not exist : Result: CONTAINER_NOT_FOUND
2019-06-18 00:55:49,048 INFO  client.GrpcClientProtocolClient (GrpcClientProtocolClient.java:onNext(254)) - client-7D96FB2A9EE9->2d9c32cf-d138-46ed-86fe-555b0f222d66: receive RaftClientReply:client-7D96FB2A9EE9->2d9c32cf-d138-46ed-86fe-555b0f222d66@group-F789D1FF0E52, cid=45, SUCCESS, logIndex=62, commits[2d9c32cf-d138-46ed-86fe-555b0f222d66:c62, 7d41c113-78b8-42e0-973f-a2985e127fce:c58, 845dac45-d65a-40db-aa8d-9123cdf470a5:c61]
00:55:49.049 [pool-72-thread-1] ERROR DNAudit - user=null | ip=null | op=WRITE_CHUNK {blockData=conID: 3 locID: 102289856857374741 bcsId: 0} | ret=FAILURE
org.apache.hadoop.hdds.scm.container.common.helpers.StorageContainerException: ContainerID 3 does not exist
	at org.apache.hadoop.ozone.container.common.impl.HddsDispatcher.dispatchRequest(HddsDispatcher.java:242) ~[classes/:?]
	at org.apache.hadoop.ozone.container.common.impl.HddsDispatcher.dispatch(HddsDispatcher.java:148) ~[classes/:?]
	at org.apache.hadoop.ozone.container.common.transport.server.ratis.ContainerStateMachine.dispatchCommand(ContainerStateMachine.java:347) ~[classes/:?]
	at org.apache.hadoop.ozone.container.common.transport.server.ratis.ContainerStateMachine.runCommand(ContainerStateMachine.java:354) ~[classes/:?]
	at org.apache.hadoop.ozone.container.common.transport.server.ratis.ContainerStateMachine.lambda$applyTransaction$5(ContainerStateMachine.java:621) ~[classes/:?]
	at java.util.concurrent.CompletableFuture$AsyncSupply.run(CompletableFuture.java:1590) [?:1.8.0_212]
	at java.util.concurrent.ThreadPoolExecutor.runWorker(ThreadPoolExecutor.java:1149) [?:1.8.0_212]
	at java.util.concurrent.ThreadPoolExecutor$Worker.run(ThreadPoolExecutor.java:624) [?:1.8.0_212]
	at java.lang.Thread.run(Thread.java:748) [?:1.8.0_212]
2019-06-18 00:55:49,050 INFO  impl.HddsDispatcher (ContainerUtils.java:logAndReturnError(146)) - Operation: WriteChunk : Trace ID: 9788b54b3af22b54:326acdf113fc0947:2e3d8bbd5de3db31:0 : Message: ContainerID 3 does not exist : Result: CONTAINER_NOT_FOUND
00:55:49.050 [pool-51-thread-1] ERROR DNAudit - user=null | ip=null | op=WRITE_CHUNK {blockData=conID: 3 locID: 102289856857374741 bcsId: 0} | ret=FAILURE
org.apache.hadoop.hdds.scm.container.common.helpers.StorageContainerException: ContainerID 3 does not exist
	at org.apache.hadoop.ozone.container.common.impl.HddsDispatcher.dispatchRequest(HddsDispatcher.java:242) ~[classes/:?]
	at org.apache.hadoop.ozone.container.common.impl.HddsDispatcher.dispatch(HddsDispatcher.java:148) ~[classes/:?]
	at org.apache.hadoop.ozone.container.common.transport.server.ratis.ContainerStateMachine.dispatchCommand(ContainerStateMachine.java:347) ~[classes/:?]
	at org.apache.hadoop.ozone.container.common.transport.server.ratis.ContainerStateMachine.runCommand(ContainerStateMachine.java:354) ~[classes/:?]
	at org.apache.hadoop.ozone.container.common.transport.server.ratis.ContainerStateMachine.lambda$applyTransaction$5(ContainerStateMachine.java:621) ~[classes/:?]
	at java.util.concurrent.CompletableFuture$AsyncSupply.run(CompletableFuture.java:1590) [?:1.8.0_212]
	at java.util.concurrent.ThreadPoolExecutor.runWorker(ThreadPoolExecutor.java:1149) [?:1.8.0_212]
	at java.util.concurrent.ThreadPoolExecutor$Worker.run(ThreadPoolExecutor.java:624) [?:1.8.0_212]
	at java.lang.Thread.run(Thread.java:748) [?:1.8.0_212]
2019-06-18 00:55:49,050 INFO  impl.HddsDispatcher (ContainerUtils.java:logAndReturnError(146)) - Operation: WriteChunk : Trace ID: 9788b54b3af22b54:326acdf113fc0947:2e3d8bbd5de3db31:0 : Message: ContainerID 3 does not exist : Result: CONTAINER_NOT_FOUND
2019-06-18 00:55:49,054 ERROR storage.BlockOutputStream (BlockOutputStream.java:validateResponse(538)) - Unexpected Storage Container Exception: 
org.apache.hadoop.hdds.scm.container.common.helpers.StorageContainerException: ContainerID 3 does not exist
	at org.apache.hadoop.hdds.scm.storage.ContainerProtocolCalls.validateContainerResponse(ContainerProtocolCalls.java:536)
	at org.apache.hadoop.hdds.scm.storage.BlockOutputStream.validateResponse(BlockOutputStream.java:536)
	at org.apache.hadoop.hdds.scm.storage.BlockOutputStream.lambda$writeChunkToContainer$2(BlockOutputStream.java:614)
	at java.util.concurrent.CompletableFuture.uniApply(CompletableFuture.java:602)
	at java.util.concurrent.CompletableFuture$UniApply.tryFire(CompletableFuture.java:577)
	at java.util.concurrent.CompletableFuture$Completion.run(CompletableFuture.java:442)
	at java.util.concurrent.ThreadPoolExecutor.runWorker(ThreadPoolExecutor.java:1149)
	at java.util.concurrent.ThreadPoolExecutor$Worker.run(ThreadPoolExecutor.java:624)
	at java.lang.Thread.run(Thread.java:748)
00:55:49.064 [pool-30-thread-1] ERROR DNAudit - user=null | ip=null | op=PUT_BLOCK {blockData=[blockId=conID: 3 locID: 102289856857374741 bcsId: 0,size=10240]} | ret=FAILURE
org.apache.hadoop.hdds.scm.container.common.helpers.StorageContainerException: ContainerID 3 does not exist
	at org.apache.hadoop.ozone.container.common.impl.HddsDispatcher.dispatchRequest(HddsDispatcher.java:242) ~[classes/:?]
	at org.apache.hadoop.ozone.container.common.impl.HddsDispatcher.dispatch(HddsDispatcher.java:148) ~[classes/:?]
	at org.apache.hadoop.ozone.container.common.transport.server.ratis.ContainerStateMachine.dispatchCommand(ContainerStateMachine.java:347) ~[classes/:?]
	at org.apache.hadoop.ozone.container.common.transport.server.ratis.ContainerStateMachine.runCommand(ContainerStateMachine.java:354) ~[classes/:?]
	at org.apache.hadoop.ozone.container.common.transport.server.ratis.ContainerStateMachine.lambda$applyTransaction$5(ContainerStateMachine.java:621) ~[classes/:?]
	at java.util.concurrent.CompletableFuture$AsyncSupply.run(CompletableFuture.java:1590) [?:1.8.0_212]
	at java.util.concurrent.ThreadPoolExecutor.runWorker(ThreadPoolExecutor.java:1149) [?:1.8.0_212]
	at java.util.concurrent.ThreadPoolExecutor$Worker.run(ThreadPoolExecutor.java:624) [?:1.8.0_212]
	at java.lang.Thread.run(Thread.java:748) [?:1.8.0_212]
2019-06-18 00:55:49,064 INFO  impl.HddsDispatcher (ContainerUtils.java:logAndReturnError(146)) - Operation: PutBlock : Trace ID: 9788b54b3af22b54:5699f46eadbeee41:2e3d8bbd5de3db31:0 : Message: ContainerID 3 does not exist : Result: CONTAINER_NOT_FOUND
2019-06-18 00:55:49,065 INFO  client.GrpcClientProtocolClient (GrpcClientProtocolClient.java:onNext(254)) - client-7D96FB2A9EE9->2d9c32cf-d138-46ed-86fe-555b0f222d66: receive RaftClientReply:client-7D96FB2A9EE9->2d9c32cf-d138-46ed-86fe-555b0f222d66@group-F789D1FF0E52, cid=44, SUCCESS, logIndex=0, commits[2d9c32cf-d138-46ed-86fe-555b0f222d66:c62, 7d41c113-78b8-42e0-973f-a2985e127fce:c61, 845dac45-d65a-40db-aa8d-9123cdf470a5:c61]
00:55:49.069 [pool-72-thread-1] ERROR DNAudit - user=null | ip=null | op=PUT_BLOCK {blockData=[blockId=conID: 3 locID: 102289856857374741 bcsId: 0,size=10240]} | ret=FAILURE
org.apache.hadoop.hdds.scm.container.common.helpers.StorageContainerException: ContainerID 3 does not exist
	at org.apache.hadoop.ozone.container.common.impl.HddsDispatcher.dispatchRequest(HddsDispatcher.java:242) ~[classes/:?]
	at org.apache.hadoop.ozone.container.common.impl.HddsDispatcher.dispatch(HddsDispatcher.java:148) ~[classes/:?]
	at org.apache.hadoop.ozone.container.common.transport.server.ratis.ContainerStateMachine.dispatchCommand(ContainerStateMachine.java:347) ~[classes/:?]
	at org.apache.hadoop.ozone.container.common.transport.server.ratis.ContainerStateMachine.runCommand(ContainerStateMachine.java:354) ~[classes/:?]
	at org.apache.hadoop.ozone.container.common.transport.server.ratis.ContainerStateMachine.lambda$applyTransaction$5(ContainerStateMachine.java:621) ~[classes/:?]
	at java.util.concurrent.CompletableFuture$AsyncSupply.run(CompletableFuture.java:1590) [?:1.8.0_212]
	at java.util.concurrent.ThreadPoolExecutor.runWorker(ThreadPoolExecutor.java:1149) [?:1.8.0_212]
	at java.util.concurrent.ThreadPoolExecutor$Worker.run(ThreadPoolExecutor.java:624) [?:1.8.0_212]
	at java.lang.Thread.run(Thread.java:748) [?:1.8.0_212]
2019-06-18 00:55:49,069 INFO  impl.HddsDispatcher (ContainerUtils.java:logAndReturnError(146)) - Operation: PutBlock : Trace ID: 9788b54b3af22b54:5699f46eadbeee41:2e3d8bbd5de3db31:0 : Message: ContainerID 3 does not exist : Result: CONTAINER_NOT_FOUND
2019-06-18 00:55:49,072 INFO  client.GrpcClientProtocolClient (GrpcClientProtocolClient.java:onNext(254)) - client-7D96FB2A9EE9->2d9c32cf-d138-46ed-86fe-555b0f222d66: receive RaftClientReply:client-7D96FB2A9EE9->2d9c32cf-d138-46ed-86fe-555b0f222d66@group-F789D1FF0E52, cid=46, SUCCESS, logIndex=64, commits[2d9c32cf-d138-46ed-86fe-555b0f222d66:c64, 7d41c113-78b8-42e0-973f-a2985e127fce:c62, 845dac45-d65a-40db-aa8d-9123cdf470a5:c62]
2019-06-18 00:55:49,080 ERROR freon.RandomKeyGenerator (RandomKeyGenerator.java:run(675)) - Exception while adding key: key-2-84583 in bucket: org.apache.hadoop.ozone.client.OzoneBucket@451dfe67 of volume: org.apache.hadoop.ozone.client.OzoneVolume@4bda18b4.
java.io.IOException: Unexpected Storage Container Exception: org.apache.hadoop.hdds.scm.container.common.helpers.StorageContainerException: ContainerID 3 does not exist
	at org.apache.hadoop.hdds.scm.storage.BlockOutputStream.setIoException(BlockOutputStream.java:548)
	at org.apache.hadoop.hdds.scm.storage.BlockOutputStream.validateResponse(BlockOutputStream.java:539)
	at org.apache.hadoop.hdds.scm.storage.BlockOutputStream.lambda$writeChunkToContainer$2(BlockOutputStream.java:614)
	at java.util.concurrent.CompletableFuture.uniApply(CompletableFuture.java:602)
	at java.util.concurrent.CompletableFuture$UniApply.tryFire(CompletableFuture.java:577)
	at java.util.concurrent.CompletableFuture$Completion.run(CompletableFuture.java:442)
	at java.util.concurrent.ThreadPoolExecutor.runWorker(ThreadPoolExecutor.java:1149)
	at java.util.concurrent.ThreadPoolExecutor$Worker.run(ThreadPoolExecutor.java:624)
	at java.lang.Thread.run(Thread.java:748)
Caused by: org.apache.hadoop.hdds.scm.container.common.helpers.StorageContainerException: ContainerID 3 does not exist
	at org.apache.hadoop.hdds.scm.storage.ContainerProtocolCalls.validateContainerResponse(ContainerProtocolCalls.java:536)
	at org.apache.hadoop.hdds.scm.storage.BlockOutputStream.validateResponse(BlockOutputStream.java:536)
	... 7 more
00:55:49.081 [pool-51-thread-1] ERROR DNAudit - user=null | ip=null | op=PUT_BLOCK {blockData=[blockId=conID: 3 locID: 102289856857374741 bcsId: 0,size=10240]} | ret=FAILURE
org.apache.hadoop.hdds.scm.container.common.helpers.StorageContainerException: ContainerID 3 does not exist
	at org.apache.hadoop.ozone.container.common.impl.HddsDispatcher.dispatchRequest(HddsDispatcher.java:242) ~[classes/:?]
	at org.apache.hadoop.ozone.container.common.impl.HddsDispatcher.dispatch(HddsDispatcher.java:148) ~[classes/:?]
	at org.apache.hadoop.ozone.container.common.transport.server.ratis.ContainerStateMachine.dispatchCommand(ContainerStateMachine.java:347) ~[classes/:?]
	at org.apache.hadoop.ozone.container.common.transport.server.ratis.ContainerStateMachine.runCommand(ContainerStateMachine.java:354) ~[classes/:?]
	at org.apache.hadoop.ozone.container.common.transport.server.ratis.ContainerStateMachine.lambda$applyTransaction$5(ContainerStateMachine.java:621) ~[classes/:?]
	at java.util.concurrent.CompletableFuture$AsyncSupply.run(CompletableFuture.java:1590) [?:1.8.0_212]
	at java.util.concurrent.ThreadPoolExecutor.runWorker(ThreadPoolExecutor.java:1149) [?:1.8.0_212]
	at java.util.concurrent.ThreadPoolExecutor$Worker.run(ThreadPoolExecutor.java:624) [?:1.8.0_212]
	at java.lang.Thread.run(Thread.java:748) [?:1.8.0_212]
2019-06-18 00:55:49,082 INFO  impl.HddsDispatcher (ContainerUtils.java:logAndReturnError(146)) - Operation: PutBlock : Trace ID: 9788b54b3af22b54:5699f46eadbeee41:2e3d8bbd5de3db31:0 : Message: ContainerID 3 does not exist : Result: CONTAINER_NOT_FOUND
2019-06-18 00:55:49,133 INFO  client.GrpcClientProtocolClient (GrpcClientProtocolClient.java:onNext(254)) - client-7D96FB2A9EE9->2d9c32cf-d138-46ed-86fe-555b0f222d66: receive RaftClientReply:client-7D96FB2A9EE9->2d9c32cf-d138-46ed-86fe-555b0f222d66@group-F789D1FF0E52, cid=47, SUCCESS, logIndex=66, commits[2d9c32cf-d138-46ed-86fe-555b0f222d66:c66, 7d41c113-78b8-42e0-973f-a2985e127fce:c65, 845dac45-d65a-40db-aa8d-9123cdf470a5:c64]
2019-06-18 00:55:49,193 INFO  client.GrpcClientProtocolClient (GrpcClientProtocolClient.java:onNext(254)) - client-7D96FB2A9EE9->2d9c32cf-d138-46ed-86fe-555b0f222d66: receive RaftClientReply:client-7D96FB2A9EE9->2d9c32cf-d138-46ed-86fe-555b0f222d66@group-F789D1FF0E52, cid=48, SUCCESS, logIndex=68, commits[2d9c32cf-d138-46ed-86fe-555b0f222d66:c68, 7d41c113-78b8-42e0-973f-a2985e127fce:c66, 845dac45-d65a-40db-aa8d-9123cdf470a5:c66]
2019-06-18 00:55:49,218 INFO  client.GrpcClientProtocolClient (GrpcClientProtocolClient.java:onNext(254)) - client-7D96FB2A9EE9->2d9c32cf-d138-46ed-86fe-555b0f222d66: receive RaftClientReply:client-7D96FB2A9EE9->2d9c32cf-d138-46ed-86fe-555b0f222d66@group-F789D1FF0E52, cid=49, SUCCESS, logIndex=69, commits[2d9c32cf-d138-46ed-86fe-555b0f222d66:c69, 7d41c113-78b8-42e0-973f-a2985e127fce:c66, 845dac45-d65a-40db-aa8d-9123cdf470a5:c68]
2019-06-18 00:55:49,219 INFO  client.GrpcClientProtocolClient (GrpcClientProtocolClient.java:onNext(254)) - client-7D96FB2A9EE9->2d9c32cf-d138-46ed-86fe-555b0f222d66: receive RaftClientReply:client-7D96FB2A9EE9->2d9c32cf-d138-46ed-86fe-555b0f222d66@group-F789D1FF0E52, cid=50, SUCCESS, logIndex=70, commits[2d9c32cf-d138-46ed-86fe-555b0f222d66:c72, 7d41c113-78b8-42e0-973f-a2985e127fce:c66, 845dac45-d65a-40db-aa8d-9123cdf470a5:c69]
2019-06-18 00:55:49,220 INFO  client.GrpcClientProtocolClient (GrpcClientProtocolClient.java:onNext(254)) - client-7D96FB2A9EE9->2d9c32cf-d138-46ed-86fe-555b0f222d66: receive RaftClientReply:client-7D96FB2A9EE9->2d9c32cf-d138-46ed-86fe-555b0f222d66@group-F789D1FF0E52, cid=51, SUCCESS, logIndex=0, commits[2d9c32cf-d138-46ed-86fe-555b0f222d66:c73, 7d41c113-78b8-42e0-973f-a2985e127fce:c69, 845dac45-d65a-40db-aa8d-9123cdf470a5:c70]
2019-06-18 00:55:49,263 INFO  client.GrpcClientProtocolClient (GrpcClientProtocolClient.java:onNext(254)) - client-7D96FB2A9EE9->2d9c32cf-d138-46ed-86fe-555b0f222d66: receive RaftClientReply:client-7D96FB2A9EE9->2d9c32cf-d138-46ed-86fe-555b0f222d66@group-F789D1FF0E52, cid=52, SUCCESS, logIndex=0, commits[2d9c32cf-d138-46ed-86fe-555b0f222d66:c73, 7d41c113-78b8-42e0-973f-a2985e127fce:c70, 845dac45-d65a-40db-aa8d-9123cdf470a5:c70]
2019-06-18 00:55:49,265 INFO  keyvalue.KeyValueHandler (ContainerUtils.java:logAndReturnError(146)) - Operation: CreateContainer : Trace ID: 2b1ab13d4b76fad5:909456e6b6f4af53:ab29d7dbc61e745b:0 : Message: Container creation failed, due to disk out of space : Result: DISK_OUT_OF_SPACE
00:55:49.265 [pool-26-thread-14] ERROR DNAudit - user=null | ip=null | op=WRITE_CHUNK {blockData=conID: 3 locID: 102289856872316955 bcsId: 0} | ret=FAILURE
org.apache.hadoop.hdds.scm.container.common.helpers.StorageContainerException: ContainerID 3 creation failed
	at org.apache.hadoop.ozone.container.common.impl.HddsDispatcher.dispatchRequest(HddsDispatcher.java:227) ~[classes/:?]
	at org.apache.hadoop.ozone.container.common.impl.HddsDispatcher.dispatch(HddsDispatcher.java:148) ~[classes/:?]
	at org.apache.hadoop.ozone.container.common.transport.server.ratis.ContainerStateMachine.dispatchCommand(ContainerStateMachine.java:347) ~[classes/:?]
	at org.apache.hadoop.ozone.container.common.transport.server.ratis.ContainerStateMachine.runCommand(ContainerStateMachine.java:354) ~[classes/:?]
	at org.apache.hadoop.ozone.container.common.transport.server.ratis.ContainerStateMachine.lambda$handleWriteChunk$0(ContainerStateMachine.java:385) ~[classes/:?]
	at java.util.concurrent.CompletableFuture$AsyncSupply.run(CompletableFuture.java:1590) [?:1.8.0_212]
	at java.util.concurrent.ThreadPoolExecutor.runWorker(ThreadPoolExecutor.java:1149) [?:1.8.0_212]
	at java.util.concurrent.ThreadPoolExecutor$Worker.run(ThreadPoolExecutor.java:624) [?:1.8.0_212]
	at java.lang.Thread.run(Thread.java:748) [?:1.8.0_212]
2019-06-18 00:55:49,265 INFO  impl.HddsDispatcher (ContainerUtils.java:logAndReturnError(146)) - Operation: WriteChunk : Trace ID: 2b1ab13d4b76fad5:909456e6b6f4af53:ab29d7dbc61e745b:0 : Message: ContainerID 3 creation failed : Result: DISK_OUT_OF_SPACE
2019-06-18 00:55:49,267 INFO  keyvalue.KeyValueHandler (ContainerUtils.java:logAndReturnError(146)) - Operation: CreateContainer : Trace ID: 2b1ab13d4b76fad5:909456e6b6f4af53:ab29d7dbc61e745b:0 : Message: Container creation failed, due to disk out of space : Result: DISK_OUT_OF_SPACE
00:55:49.267 [pool-47-thread-20] ERROR DNAudit - user=null | ip=null | op=WRITE_CHUNK {blockData=conID: 3 locID: 102289856872316955 bcsId: 0} | ret=FAILURE
org.apache.hadoop.hdds.scm.container.common.helpers.StorageContainerException: ContainerID 3 creation failed
	at org.apache.hadoop.ozone.container.common.impl.HddsDispatcher.dispatchRequest(HddsDispatcher.java:227) ~[classes/:?]
	at org.apache.hadoop.ozone.container.common.impl.HddsDispatcher.dispatch(HddsDispatcher.java:148) ~[classes/:?]
	at org.apache.hadoop.ozone.container.common.transport.server.ratis.ContainerStateMachine.dispatchCommand(ContainerStateMachine.java:347) ~[classes/:?]
	at org.apache.hadoop.ozone.container.common.transport.server.ratis.ContainerStateMachine.runCommand(ContainerStateMachine.java:354) ~[classes/:?]
	at org.apache.hadoop.ozone.container.common.transport.server.ratis.ContainerStateMachine.lambda$handleWriteChunk$0(ContainerStateMachine.java:385) ~[classes/:?]
	at java.util.concurrent.CompletableFuture$AsyncSupply.run(CompletableFuture.java:1590) [?:1.8.0_212]
	at java.util.concurrent.ThreadPoolExecutor.runWorker(ThreadPoolExecutor.java:1149) [?:1.8.0_212]
	at java.util.concurrent.ThreadPoolExecutor$Worker.run(ThreadPoolExecutor.java:624) [?:1.8.0_212]
	at java.lang.Thread.run(Thread.java:748) [?:1.8.0_212]
2019-06-18 00:55:49,268 INFO  impl.HddsDispatcher (ContainerUtils.java:logAndReturnError(146)) - Operation: WriteChunk : Trace ID: 2b1ab13d4b76fad5:909456e6b6f4af53:ab29d7dbc61e745b:0 : Message: ContainerID 3 creation failed : Result: DISK_OUT_OF_SPACE
00:55:49.270 [pool-30-thread-1] ERROR DNAudit - user=null | ip=null | op=WRITE_CHUNK {blockData=conID: 3 locID: 102289856872316955 bcsId: 0} | ret=FAILURE
org.apache.hadoop.hdds.scm.container.common.helpers.StorageContainerException: ContainerID 3 does not exist
	at org.apache.hadoop.ozone.container.common.impl.HddsDispatcher.dispatchRequest(HddsDispatcher.java:242) ~[classes/:?]
	at org.apache.hadoop.ozone.container.common.impl.HddsDispatcher.dispatch(HddsDispatcher.java:148) ~[classes/:?]
	at org.apache.hadoop.ozone.container.common.transport.server.ratis.ContainerStateMachine.dispatchCommand(ContainerStateMachine.java:347) ~[classes/:?]
	at org.apache.hadoop.ozone.container.common.transport.server.ratis.ContainerStateMachine.runCommand(ContainerStateMachine.java:354) ~[classes/:?]
	at org.apache.hadoop.ozone.container.common.transport.server.ratis.ContainerStateMachine.lambda$applyTransaction$5(ContainerStateMachine.java:621) ~[classes/:?]
	at java.util.concurrent.CompletableFuture$AsyncSupply.run(CompletableFuture.java:1590) [?:1.8.0_212]
	at java.util.concurrent.ThreadPoolExecutor.runWorker(ThreadPoolExecutor.java:1149) [?:1.8.0_212]
	at java.util.concurrent.ThreadPoolExecutor$Worker.run(ThreadPoolExecutor.java:624) [?:1.8.0_212]
	at java.lang.Thread.run(Thread.java:748) [?:1.8.0_212]
2019-06-18 00:55:49,270 INFO  impl.HddsDispatcher (ContainerUtils.java:logAndReturnError(146)) - Operation: WriteChunk : Trace ID: 2b1ab13d4b76fad5:909456e6b6f4af53:ab29d7dbc61e745b:0 : Message: ContainerID 3 does not exist : Result: CONTAINER_NOT_FOUND
2019-06-18 00:55:49,272 INFO  client.GrpcClientProtocolClient (GrpcClientProtocolClient.java:onNext(254)) - client-7D96FB2A9EE9->2d9c32cf-d138-46ed-86fe-555b0f222d66: receive RaftClientReply:client-7D96FB2A9EE9->2d9c32cf-d138-46ed-86fe-555b0f222d66@group-F789D1FF0E52, cid=53, SUCCESS, logIndex=74, commits[2d9c32cf-d138-46ed-86fe-555b0f222d66:c74, 7d41c113-78b8-42e0-973f-a2985e127fce:c70, 845dac45-d65a-40db-aa8d-9123cdf470a5:c73]
00:55:49.272 [pool-51-thread-1] ERROR DNAudit - user=null | ip=null | op=WRITE_CHUNK {blockData=conID: 3 locID: 102289856872316955 bcsId: 0} | ret=FAILURE
org.apache.hadoop.hdds.scm.container.common.helpers.StorageContainerException: ContainerID 3 does not exist
	at org.apache.hadoop.ozone.container.common.impl.HddsDispatcher.dispatchRequest(HddsDispatcher.java:242) ~[classes/:?]
	at org.apache.hadoop.ozone.container.common.impl.HddsDispatcher.dispatch(HddsDispatcher.java:148) ~[classes/:?]
	at org.apache.hadoop.ozone.container.common.transport.server.ratis.ContainerStateMachine.dispatchCommand(ContainerStateMachine.java:347) ~[classes/:?]
	at org.apache.hadoop.ozone.container.common.transport.server.ratis.ContainerStateMachine.runCommand(ContainerStateMachine.java:354) ~[classes/:?]
	at org.apache.hadoop.ozone.container.common.transport.server.ratis.ContainerStateMachine.lambda$applyTransaction$5(ContainerStateMachine.java:621) ~[classes/:?]
	at java.util.concurrent.CompletableFuture$AsyncSupply.run(CompletableFuture.java:1590) [?:1.8.0_212]
	at java.util.concurrent.ThreadPoolExecutor.runWorker(ThreadPoolExecutor.java:1149) [?:1.8.0_212]
	at java.util.concurrent.ThreadPoolExecutor$Worker.run(ThreadPoolExecutor.java:624) [?:1.8.0_212]
	at java.lang.Thread.run(Thread.java:748) [?:1.8.0_212]
2019-06-18 00:55:49,272 INFO  impl.HddsDispatcher (ContainerUtils.java:logAndReturnError(146)) - Operation: WriteChunk : Trace ID: 2b1ab13d4b76fad5:909456e6b6f4af53:ab29d7dbc61e745b:0 : Message: ContainerID 3 does not exist : Result: CONTAINER_NOT_FOUND
2019-06-18 00:55:49,281 INFO  keyvalue.KeyValueHandler (ContainerUtils.java:logAndReturnError(146)) - Operation: CreateContainer : Trace ID: 2b1ab13d4b76fad5:909456e6b6f4af53:ab29d7dbc61e745b:0 : Message: Container creation failed, due to disk out of space : Result: DISK_OUT_OF_SPACE
00:55:49.281 [pool-68-thread-21] ERROR DNAudit - user=null | ip=null | op=WRITE_CHUNK {blockData=conID: 3 locID: 102289856872316955 bcsId: 0} | ret=FAILURE
org.apache.hadoop.hdds.scm.container.common.helpers.StorageContainerException: ContainerID 3 creation failed
	at org.apache.hadoop.ozone.container.common.impl.HddsDispatcher.dispatchRequest(HddsDispatcher.java:227) ~[classes/:?]
	at org.apache.hadoop.ozone.container.common.impl.HddsDispatcher.dispatch(HddsDispatcher.java:148) ~[classes/:?]
	at org.apache.hadoop.ozone.container.common.transport.server.ratis.ContainerStateMachine.dispatchCommand(ContainerStateMachine.java:347) ~[classes/:?]
	at org.apache.hadoop.ozone.container.common.transport.server.ratis.ContainerStateMachine.runCommand(ContainerStateMachine.java:354) ~[classes/:?]
	at org.apache.hadoop.ozone.container.common.transport.server.ratis.ContainerStateMachine.lambda$handleWriteChunk$0(ContainerStateMachine.java:385) ~[classes/:?]
	at java.util.concurrent.CompletableFuture$AsyncSupply.run(CompletableFuture.java:1590) [?:1.8.0_212]
	at java.util.concurrent.ThreadPoolExecutor.runWorker(ThreadPoolExecutor.java:1149) [?:1.8.0_212]
	at java.util.concurrent.ThreadPoolExecutor$Worker.run(ThreadPoolExecutor.java:624) [?:1.8.0_212]
	at java.lang.Thread.run(Thread.java:748) [?:1.8.0_212]
2019-06-18 00:55:49,281 INFO  impl.HddsDispatcher (ContainerUtils.java:logAndReturnError(146)) - Operation: WriteChunk : Trace ID: 2b1ab13d4b76fad5:909456e6b6f4af53:ab29d7dbc61e745b:0 : Message: ContainerID 3 creation failed : Result: DISK_OUT_OF_SPACE
00:55:49.282 [pool-30-thread-1] ERROR DNAudit - user=null | ip=null | op=PUT_BLOCK {blockData=[blockId=conID: 3 locID: 102289856872316955 bcsId: 0,size=10240]} | ret=FAILURE
org.apache.hadoop.hdds.scm.container.common.helpers.StorageContainerException: ContainerID 3 does not exist
	at org.apache.hadoop.ozone.container.common.impl.HddsDispatcher.dispatchRequest(HddsDispatcher.java:242) ~[classes/:?]
	at org.apache.hadoop.ozone.container.common.impl.HddsDispatcher.dispatch(HddsDispatcher.java:148) ~[classes/:?]
	at org.apache.hadoop.ozone.container.common.transport.server.ratis.ContainerStateMachine.dispatchCommand(ContainerStateMachine.java:347) ~[classes/:?]
	at org.apache.hadoop.ozone.container.common.transport.server.ratis.ContainerStateMachine.runCommand(ContainerStateMachine.java:354) ~[classes/:?]
	at org.apache.hadoop.ozone.container.common.transport.server.ratis.ContainerStateMachine.lambda$applyTransaction$5(ContainerStateMachine.java:621) ~[classes/:?]
	at java.util.concurrent.CompletableFuture$AsyncSupply.run(CompletableFuture.java:1590) [?:1.8.0_212]
	at java.util.concurrent.ThreadPoolExecutor.runWorker(ThreadPoolExecutor.java:1149) [?:1.8.0_212]
	at java.util.concurrent.ThreadPoolExecutor$Worker.run(ThreadPoolExecutor.java:624) [?:1.8.0_212]
	at java.lang.Thread.run(Thread.java:748) [?:1.8.0_212]
2019-06-18 00:55:49,283 INFO  impl.HddsDispatcher (ContainerUtils.java:logAndReturnError(146)) - Operation: PutBlock : Trace ID: 2b1ab13d4b76fad5:b36ce88daff7f03a:ab29d7dbc61e745b:0 : Message: ContainerID 3 does not exist : Result: CONTAINER_NOT_FOUND
2019-06-18 00:55:49,286 ERROR storage.BlockOutputStream (BlockOutputStream.java:validateResponse(538)) - Unexpected Storage Container Exception: 
org.apache.hadoop.hdds.scm.container.common.helpers.StorageContainerException: ContainerID 3 does not exist
	at org.apache.hadoop.hdds.scm.storage.ContainerProtocolCalls.validateContainerResponse(ContainerProtocolCalls.java:536)
	at org.apache.hadoop.hdds.scm.storage.BlockOutputStream.validateResponse(BlockOutputStream.java:536)
	at org.apache.hadoop.hdds.scm.storage.BlockOutputStream.lambda$writeChunkToContainer$2(BlockOutputStream.java:614)
	at java.util.concurrent.CompletableFuture.uniApply(CompletableFuture.java:602)
	at java.util.concurrent.CompletableFuture$UniApply.tryFire(CompletableFuture.java:577)
	at java.util.concurrent.CompletableFuture$Completion.run(CompletableFuture.java:442)
	at java.util.concurrent.ThreadPoolExecutor.runWorker(ThreadPoolExecutor.java:1149)
	at java.util.concurrent.ThreadPoolExecutor$Worker.run(ThreadPoolExecutor.java:624)
	at java.lang.Thread.run(Thread.java:748)
00:55:49.311 [pool-51-thread-1] ERROR DNAudit - user=null | ip=null | op=PUT_BLOCK {blockData=[blockId=conID: 3 locID: 102289856872316955 bcsId: 0,size=10240]} | ret=FAILURE
org.apache.hadoop.hdds.scm.container.common.helpers.StorageContainerException: ContainerID 3 does not exist
	at org.apache.hadoop.ozone.container.common.impl.HddsDispatcher.dispatchRequest(HddsDispatcher.java:242) ~[classes/:?]
	at org.apache.hadoop.ozone.container.common.impl.HddsDispatcher.dispatch(HddsDispatcher.java:148) ~[classes/:?]
	at org.apache.hadoop.ozone.container.common.transport.server.ratis.ContainerStateMachine.dispatchCommand(ContainerStateMachine.java:347) ~[classes/:?]
	at org.apache.hadoop.ozone.container.common.transport.server.ratis.ContainerStateMachine.runCommand(ContainerStateMachine.java:354) ~[classes/:?]
	at org.apache.hadoop.ozone.container.common.transport.server.ratis.ContainerStateMachine.lambda$applyTransaction$5(ContainerStateMachine.java:621) ~[classes/:?]
	at java.util.concurrent.CompletableFuture$AsyncSupply.run(CompletableFuture.java:1590) [?:1.8.0_212]
	at java.util.concurrent.ThreadPoolExecutor.runWorker(ThreadPoolExecutor.java:1149) [?:1.8.0_212]
	at java.util.concurrent.ThreadPoolExecutor$Worker.run(ThreadPoolExecutor.java:624) [?:1.8.0_212]
	at java.lang.Thread.run(Thread.java:748) [?:1.8.0_212]
2019-06-18 00:55:49,311 INFO  impl.HddsDispatcher (ContainerUtils.java:logAndReturnError(146)) - Operation: PutBlock : Trace ID: 2b1ab13d4b76fad5:b36ce88daff7f03a:ab29d7dbc61e745b:0 : Message: ContainerID 3 does not exist : Result: CONTAINER_NOT_FOUND
00:55:49.312 [pool-72-thread-1] ERROR DNAudit - user=null | ip=null | op=WRITE_CHUNK {blockData=conID: 3 locID: 102289856872316955 bcsId: 0} | ret=FAILURE
org.apache.hadoop.hdds.scm.container.common.helpers.StorageContainerException: ContainerID 3 does not exist
	at org.apache.hadoop.ozone.container.common.impl.HddsDispatcher.dispatchRequest(HddsDispatcher.java:242) ~[classes/:?]
	at org.apache.hadoop.ozone.container.common.impl.HddsDispatcher.dispatch(HddsDispatcher.java:148) ~[classes/:?]
	at org.apache.hadoop.ozone.container.common.transport.server.ratis.ContainerStateMachine.dispatchCommand(ContainerStateMachine.java:347) ~[classes/:?]
	at org.apache.hadoop.ozone.container.common.transport.server.ratis.ContainerStateMachine.runCommand(ContainerStateMachine.java:354) ~[classes/:?]
	at org.apache.hadoop.ozone.container.common.transport.server.ratis.ContainerStateMachine.lambda$applyTransaction$5(ContainerStateMachine.java:621) ~[classes/:?]
	at java.util.concurrent.CompletableFuture$AsyncSupply.run(CompletableFuture.java:1590) [?:1.8.0_212]
	at java.util.concurrent.ThreadPoolExecutor.runWorker(ThreadPoolExecutor.java:1149) [?:1.8.0_212]
	at java.util.concurrent.ThreadPoolExecutor$Worker.run(ThreadPoolExecutor.java:624) [?:1.8.0_212]
	at java.lang.Thread.run(Thread.java:748) [?:1.8.0_212]
2019-06-18 00:55:49,313 INFO  impl.HddsDispatcher (ContainerUtils.java:logAndReturnError(146)) - Operation: WriteChunk : Trace ID: 2b1ab13d4b76fad5:909456e6b6f4af53:ab29d7dbc61e745b:0 : Message: ContainerID 3 does not exist : Result: CONTAINER_NOT_FOUND
00:55:49.313 [pool-72-thread-1] ERROR DNAudit - user=null | ip=null | op=PUT_BLOCK {blockData=[blockId=conID: 3 locID: 102289856872316955 bcsId: 0,size=10240]} | ret=FAILURE
org.apache.hadoop.hdds.scm.container.common.helpers.StorageContainerException: ContainerID 3 does not exist
	at org.apache.hadoop.ozone.container.common.impl.HddsDispatcher.dispatchRequest(HddsDispatcher.java:242) ~[classes/:?]
	at org.apache.hadoop.ozone.container.common.impl.HddsDispatcher.dispatch(HddsDispatcher.java:148) ~[classes/:?]
	at org.apache.hadoop.ozone.container.common.transport.server.ratis.ContainerStateMachine.dispatchCommand(ContainerStateMachine.java:347) ~[classes/:?]
	at org.apache.hadoop.ozone.container.common.transport.server.ratis.ContainerStateMachine.runCommand(ContainerStateMachine.java:354) ~[classes/:?]
	at org.apache.hadoop.ozone.container.common.transport.server.ratis.ContainerStateMachine.lambda$applyTransaction$5(ContainerStateMachine.java:621) ~[classes/:?]
	at java.util.concurrent.CompletableFuture$AsyncSupply.run(CompletableFuture.java:1590) [?:1.8.0_212]
	at java.util.concurrent.ThreadPoolExecutor.runWorker(ThreadPoolExecutor.java:1149) [?:1.8.0_212]
	at java.util.concurrent.ThreadPoolExecutor$Worker.run(ThreadPoolExecutor.java:624) [?:1.8.0_212]
	at java.lang.Thread.run(Thread.java:748) [?:1.8.0_212]
2019-06-18 00:55:49,313 INFO  impl.HddsDispatcher (ContainerUtils.java:logAndReturnError(146)) - Operation: PutBlock : Trace ID: 2b1ab13d4b76fad5:b36ce88daff7f03a:ab29d7dbc61e745b:0 : Message: ContainerID 3 does not exist : Result: CONTAINER_NOT_FOUND
2019-06-18 00:55:49,314 INFO  client.GrpcClientProtocolClient (GrpcClientProtocolClient.java:onNext(254)) - client-7D96FB2A9EE9->2d9c32cf-d138-46ed-86fe-555b0f222d66: receive RaftClientReply:client-7D96FB2A9EE9->2d9c32cf-d138-46ed-86fe-555b0f222d66@group-F789D1FF0E52, cid=54, SUCCESS, logIndex=76, commits[2d9c32cf-d138-46ed-86fe-555b0f222d66:c76, 7d41c113-78b8-42e0-973f-a2985e127fce:c73, 845dac45-d65a-40db-aa8d-9123cdf470a5:c74]
2019-06-18 00:55:49,319 ERROR freon.RandomKeyGenerator (RandomKeyGenerator.java:run(675)) - Exception while adding key: key-4-65141 in bucket: org.apache.hadoop.ozone.client.OzoneBucket@451dfe67 of volume: org.apache.hadoop.ozone.client.OzoneVolume@4bda18b4.
java.io.IOException: Unexpected Storage Container Exception: org.apache.hadoop.hdds.scm.container.common.helpers.StorageContainerException: ContainerID 3 does not exist
	at org.apache.hadoop.hdds.scm.storage.BlockOutputStream.setIoException(BlockOutputStream.java:548)
	at org.apache.hadoop.hdds.scm.storage.BlockOutputStream.validateResponse(BlockOutputStream.java:539)
	at org.apache.hadoop.hdds.scm.storage.BlockOutputStream.lambda$writeChunkToContainer$2(BlockOutputStream.java:614)
	at java.util.concurrent.CompletableFuture.uniApply(CompletableFuture.java:602)
	at java.util.concurrent.CompletableFuture$UniApply.tryFire(CompletableFuture.java:577)
	at java.util.concurrent.CompletableFuture$Completion.run(CompletableFuture.java:442)
	at java.util.concurrent.ThreadPoolExecutor.runWorker(ThreadPoolExecutor.java:1149)
	at java.util.concurrent.ThreadPoolExecutor$Worker.run(ThreadPoolExecutor.java:624)
	at java.lang.Thread.run(Thread.java:748)
Caused by: org.apache.hadoop.hdds.scm.container.common.helpers.StorageContainerException: ContainerID 3 does not exist
	at org.apache.hadoop.hdds.scm.storage.ContainerProtocolCalls.validateContainerResponse(ContainerProtocolCalls.java:536)
	at org.apache.hadoop.hdds.scm.storage.BlockOutputStream.validateResponse(BlockOutputStream.java:536)
	... 7 more
2019-06-18 00:55:49,330 INFO  client.GrpcClientProtocolClient (GrpcClientProtocolClient.java:onNext(254)) - client-7D96FB2A9EE9->2d9c32cf-d138-46ed-86fe-555b0f222d66: receive RaftClientReply:client-7D96FB2A9EE9->2d9c32cf-d138-46ed-86fe-555b0f222d66@group-F789D1FF0E52, cid=55, SUCCESS, logIndex=78, commits[2d9c32cf-d138-46ed-86fe-555b0f222d66:c78, 7d41c113-78b8-42e0-973f-a2985e127fce:c77, 845dac45-d65a-40db-aa8d-9123cdf470a5:c77]
2019-06-18 00:55:49,347 INFO  client.GrpcClientProtocolClient (GrpcClientProtocolClient.java:onNext(254)) - client-7D96FB2A9EE9->2d9c32cf-d138-46ed-86fe-555b0f222d66: receive RaftClientReply:client-7D96FB2A9EE9->2d9c32cf-d138-46ed-86fe-555b0f222d66@group-F789D1FF0E52, cid=56, SUCCESS, logIndex=80, commits[2d9c32cf-d138-46ed-86fe-555b0f222d66:c80, 7d41c113-78b8-42e0-973f-a2985e127fce:c78, 845dac45-d65a-40db-aa8d-9123cdf470a5:c78]
2019-06-18 00:55:49,362 INFO  client.GrpcClientProtocolClient (GrpcClientProtocolClient.java:onNext(254)) - client-7D96FB2A9EE9->2d9c32cf-d138-46ed-86fe-555b0f222d66: receive RaftClientReply:client-7D96FB2A9EE9->2d9c32cf-d138-46ed-86fe-555b0f222d66@group-F789D1FF0E52, cid=57, SUCCESS, logIndex=81, commits[2d9c32cf-d138-46ed-86fe-555b0f222d66:c81, 7d41c113-78b8-42e0-973f-a2985e127fce:c78, 845dac45-d65a-40db-aa8d-9123cdf470a5:c79]
2019-06-18 00:55:49,363 INFO  client.GrpcClientProtocolClient (GrpcClientProtocolClient.java:onNext(254)) - client-7D96FB2A9EE9->2d9c32cf-d138-46ed-86fe-555b0f222d66: receive RaftClientReply:client-7D96FB2A9EE9->2d9c32cf-d138-46ed-86fe-555b0f222d66@group-F789D1FF0E52, cid=59, SUCCESS, logIndex=0, commits[2d9c32cf-d138-46ed-86fe-555b0f222d66:c84, 7d41c113-78b8-42e0-973f-a2985e127fce:c81, 845dac45-d65a-40db-aa8d-9123cdf470a5:c81]
2019-06-18 00:55:49,368 INFO  client.GrpcClientProtocolClient (GrpcClientProtocolClient.java:onNext(254)) - client-7D96FB2A9EE9->2d9c32cf-d138-46ed-86fe-555b0f222d66: receive RaftClientReply:client-7D96FB2A9EE9->2d9c32cf-d138-46ed-86fe-555b0f222d66@group-F789D1FF0E52, cid=58, SUCCESS, logIndex=82, commits[2d9c32cf-d138-46ed-86fe-555b0f222d66:c84, 7d41c113-78b8-42e0-973f-a2985e127fce:c81, 845dac45-d65a-40db-aa8d-9123cdf470a5:c81]
2019-06-18 00:55:49,387 INFO  keyvalue.KeyValueHandler (ContainerUtils.java:logAndReturnError(146)) - Operation: CreateContainer : Trace ID: add9c5c1e4d8a619:a101adfee7fbe2c1:68daeb59a8173ba1:0 : Message: Container creation failed, due to disk out of space : Result: DISK_OUT_OF_SPACE
00:55:49.387 [pool-26-thread-7] ERROR DNAudit - user=null | ip=null | op=WRITE_CHUNK {blockData=conID: 3 locID: 102289856880574497 bcsId: 0} | ret=FAILURE
org.apache.hadoop.hdds.scm.container.common.helpers.StorageContainerException: ContainerID 3 creation failed
	at org.apache.hadoop.ozone.container.common.impl.HddsDispatcher.dispatchRequest(HddsDispatcher.java:227) ~[classes/:?]
	at org.apache.hadoop.ozone.container.common.impl.HddsDispatcher.dispatch(HddsDispatcher.java:148) ~[classes/:?]
	at org.apache.hadoop.ozone.container.common.transport.server.ratis.ContainerStateMachine.dispatchCommand(ContainerStateMachine.java:347) ~[classes/:?]
	at org.apache.hadoop.ozone.container.common.transport.server.ratis.ContainerStateMachine.runCommand(ContainerStateMachine.java:354) ~[classes/:?]
	at org.apache.hadoop.ozone.container.common.transport.server.ratis.ContainerStateMachine.lambda$handleWriteChunk$0(ContainerStateMachine.java:385) ~[classes/:?]
	at java.util.concurrent.CompletableFuture$AsyncSupply.run(CompletableFuture.java:1590) [?:1.8.0_212]
	at java.util.concurrent.ThreadPoolExecutor.runWorker(ThreadPoolExecutor.java:1149) [?:1.8.0_212]
	at java.util.concurrent.ThreadPoolExecutor$Worker.run(ThreadPoolExecutor.java:624) [?:1.8.0_212]
	at java.lang.Thread.run(Thread.java:748) [?:1.8.0_212]
2019-06-18 00:55:49,387 INFO  impl.HddsDispatcher (ContainerUtils.java:logAndReturnError(146)) - Operation: WriteChunk : Trace ID: add9c5c1e4d8a619:a101adfee7fbe2c1:68daeb59a8173ba1:0 : Message: ContainerID 3 creation failed : Result: DISK_OUT_OF_SPACE
2019-06-18 00:55:49,389 INFO  keyvalue.KeyValueHandler (ContainerUtils.java:logAndReturnError(146)) - Operation: CreateContainer : Trace ID: add9c5c1e4d8a619:a101adfee7fbe2c1:68daeb59a8173ba1:0 : Message: Container creation failed, due to disk out of space : Result: DISK_OUT_OF_SPACE
2019-06-18 00:55:49,389 INFO  keyvalue.KeyValueHandler (ContainerUtils.java:logAndReturnError(146)) - Operation: CreateContainer : Trace ID: add9c5c1e4d8a619:a101adfee7fbe2c1:68daeb59a8173ba1:0 : Message: Container creation failed, due to disk out of space : Result: DISK_OUT_OF_SPACE
00:55:49.389 [pool-47-thread-23] ERROR DNAudit - user=null | ip=null | op=WRITE_CHUNK {blockData=conID: 3 locID: 102289856880574497 bcsId: 0} | ret=FAILURE
org.apache.hadoop.hdds.scm.container.common.helpers.StorageContainerException: ContainerID 3 creation failed
	at org.apache.hadoop.ozone.container.common.impl.HddsDispatcher.dispatchRequest(HddsDispatcher.java:227) ~[classes/:?]
	at org.apache.hadoop.ozone.container.common.impl.HddsDispatcher.dispatch(HddsDispatcher.java:148) ~[classes/:?]
	at org.apache.hadoop.ozone.container.common.transport.server.ratis.ContainerStateMachine.dispatchCommand(ContainerStateMachine.java:347) ~[classes/:?]
	at org.apache.hadoop.ozone.container.common.transport.server.ratis.ContainerStateMachine.runCommand(ContainerStateMachine.java:354) ~[classes/:?]
	at org.apache.hadoop.ozone.container.common.transport.server.ratis.ContainerStateMachine.lambda$handleWriteChunk$0(ContainerStateMachine.java:385) ~[classes/:?]
	at java.util.concurrent.CompletableFuture$AsyncSupply.run(CompletableFuture.java:1590) [?:1.8.0_212]
	at java.util.concurrent.ThreadPoolExecutor.runWorker(ThreadPoolExecutor.java:1149) [?:1.8.0_212]
	at java.util.concurrent.ThreadPoolExecutor$Worker.run(ThreadPoolExecutor.java:624) [?:1.8.0_212]
	at java.lang.Thread.run(Thread.java:748) [?:1.8.0_212]
00:55:49.389 [pool-68-thread-22] ERROR DNAudit - user=null | ip=null | op=WRITE_CHUNK {blockData=conID: 3 locID: 102289856880574497 bcsId: 0} | ret=FAILURE
org.apache.hadoop.hdds.scm.container.common.helpers.StorageContainerException: ContainerID 3 creation failed
	at org.apache.hadoop.ozone.container.common.impl.HddsDispatcher.dispatchRequest(HddsDispatcher.java:227) ~[classes/:?]
	at org.apache.hadoop.ozone.container.common.impl.HddsDispatcher.dispatch(HddsDispatcher.java:148) ~[classes/:?]
	at org.apache.hadoop.ozone.container.common.transport.server.ratis.ContainerStateMachine.dispatchCommand(ContainerStateMachine.java:347) ~[classes/:?]
	at org.apache.hadoop.ozone.container.common.transport.server.ratis.ContainerStateMachine.runCommand(ContainerStateMachine.java:354) ~[classes/:?]
	at org.apache.hadoop.ozone.container.common.transport.server.ratis.ContainerStateMachine.lambda$handleWriteChunk$0(ContainerStateMachine.java:385) ~[classes/:?]
	at java.util.concurrent.CompletableFuture$AsyncSupply.run(CompletableFuture.java:1590) [?:1.8.0_212]
	at java.util.concurrent.ThreadPoolExecutor.runWorker(ThreadPoolExecutor.java:1149) [?:1.8.0_212]
	at java.util.concurrent.ThreadPoolExecutor$Worker.run(ThreadPoolExecutor.java:624) [?:1.8.0_212]
	at java.lang.Thread.run(Thread.java:748) [?:1.8.0_212]
2019-06-18 00:55:49,389 INFO  impl.HddsDispatcher (ContainerUtils.java:logAndReturnError(146)) - Operation: WriteChunk : Trace ID: add9c5c1e4d8a619:a101adfee7fbe2c1:68daeb59a8173ba1:0 : Message: ContainerID 3 creation failed : Result: DISK_OUT_OF_SPACE
2019-06-18 00:55:49,389 INFO  impl.HddsDispatcher (ContainerUtils.java:logAndReturnError(146)) - Operation: WriteChunk : Trace ID: add9c5c1e4d8a619:a101adfee7fbe2c1:68daeb59a8173ba1:0 : Message: ContainerID 3 creation failed : Result: DISK_OUT_OF_SPACE
00:55:49.392 [pool-30-thread-1] ERROR DNAudit - user=null | ip=null | op=WRITE_CHUNK {blockData=conID: 3 locID: 102289856880574497 bcsId: 0} | ret=FAILURE
org.apache.hadoop.hdds.scm.container.common.helpers.StorageContainerException: ContainerID 3 does not exist
	at org.apache.hadoop.ozone.container.common.impl.HddsDispatcher.dispatchRequest(HddsDispatcher.java:242) ~[classes/:?]
	at org.apache.hadoop.ozone.container.common.impl.HddsDispatcher.dispatch(HddsDispatcher.java:148) ~[classes/:?]
	at org.apache.hadoop.ozone.container.common.transport.server.ratis.ContainerStateMachine.dispatchCommand(ContainerStateMachine.java:347) ~[classes/:?]
	at org.apache.hadoop.ozone.container.common.transport.server.ratis.ContainerStateMachine.runCommand(ContainerStateMachine.java:354) ~[classes/:?]
	at org.apache.hadoop.ozone.container.common.transport.server.ratis.ContainerStateMachine.lambda$applyTransaction$5(ContainerStateMachine.java:621) ~[classes/:?]
	at java.util.concurrent.CompletableFuture$AsyncSupply.run(CompletableFuture.java:1590) [?:1.8.0_212]
	at java.util.concurrent.ThreadPoolExecutor.runWorker(ThreadPoolExecutor.java:1149) [?:1.8.0_212]
	at java.util.concurrent.ThreadPoolExecutor$Worker.run(ThreadPoolExecutor.java:624) [?:1.8.0_212]
	at java.lang.Thread.run(Thread.java:748) [?:1.8.0_212]
2019-06-18 00:55:49,392 INFO  impl.HddsDispatcher (ContainerUtils.java:logAndReturnError(146)) - Operation: WriteChunk : Trace ID: add9c5c1e4d8a619:a101adfee7fbe2c1:68daeb59a8173ba1:0 : Message: ContainerID 3 does not exist : Result: CONTAINER_NOT_FOUND
2019-06-18 00:55:49,394 INFO  client.GrpcClientProtocolClient (GrpcClientProtocolClient.java:onNext(254)) - client-7D96FB2A9EE9->2d9c32cf-d138-46ed-86fe-555b0f222d66: receive RaftClientReply:client-7D96FB2A9EE9->2d9c32cf-d138-46ed-86fe-555b0f222d66@group-F789D1FF0E52, cid=60, SUCCESS, logIndex=0, commits[2d9c32cf-d138-46ed-86fe-555b0f222d66:c85, 7d41c113-78b8-42e0-973f-a2985e127fce:c84, 845dac45-d65a-40db-aa8d-9123cdf470a5:c84]
00:55:49.394 [pool-72-thread-1] ERROR DNAudit - user=null | ip=null | op=WRITE_CHUNK {blockData=conID: 3 locID: 102289856880574497 bcsId: 0} | ret=FAILURE
org.apache.hadoop.hdds.scm.container.common.helpers.StorageContainerException: ContainerID 3 does not exist
	at org.apache.hadoop.ozone.container.common.impl.HddsDispatcher.dispatchRequest(HddsDispatcher.java:242) ~[classes/:?]
	at org.apache.hadoop.ozone.container.common.impl.HddsDispatcher.dispatch(HddsDispatcher.java:148) ~[classes/:?]
	at org.apache.hadoop.ozone.container.common.transport.server.ratis.ContainerStateMachine.dispatchCommand(ContainerStateMachine.java:347) ~[classes/:?]
	at org.apache.hadoop.ozone.container.common.transport.server.ratis.ContainerStateMachine.runCommand(ContainerStateMachine.java:354) ~[classes/:?]
	at org.apache.hadoop.ozone.container.common.transport.server.ratis.ContainerStateMachine.lambda$applyTransaction$5(ContainerStateMachine.java:621) ~[classes/:?]
	at java.util.concurrent.CompletableFuture$AsyncSupply.run(CompletableFuture.java:1590) [?:1.8.0_212]
	at java.util.concurrent.ThreadPoolExecutor.runWorker(ThreadPoolExecutor.java:1149) [?:1.8.0_212]
	at java.util.concurrent.ThreadPoolExecutor$Worker.run(ThreadPoolExecutor.java:624) [?:1.8.0_212]
	at java.lang.Thread.run(Thread.java:748) [?:1.8.0_212]
00:55:49.394 [pool-51-thread-1] ERROR DNAudit - user=null | ip=null | op=WRITE_CHUNK {blockData=conID: 3 locID: 102289856880574497 bcsId: 0} | ret=FAILURE
org.apache.hadoop.hdds.scm.container.common.helpers.StorageContainerException: ContainerID 3 does not exist
	at org.apache.hadoop.ozone.container.common.impl.HddsDispatcher.dispatchRequest(HddsDispatcher.java:242) ~[classes/:?]
	at org.apache.hadoop.ozone.container.common.impl.HddsDispatcher.dispatch(HddsDispatcher.java:148) ~[classes/:?]
	at org.apache.hadoop.ozone.container.common.transport.server.ratis.ContainerStateMachine.dispatchCommand(ContainerStateMachine.java:347) ~[classes/:?]
	at org.apache.hadoop.ozone.container.common.transport.server.ratis.ContainerStateMachine.runCommand(ContainerStateMachine.java:354) ~[classes/:?]
	at org.apache.hadoop.ozone.container.common.transport.server.ratis.ContainerStateMachine.lambda$applyTransaction$5(ContainerStateMachine.java:621) ~[classes/:?]
	at java.util.concurrent.CompletableFuture$AsyncSupply.run(CompletableFuture.java:1590) [?:1.8.0_212]
	at java.util.concurrent.ThreadPoolExecutor.runWorker(ThreadPoolExecutor.java:1149) [?:1.8.0_212]
	at java.util.concurrent.ThreadPoolExecutor$Worker.run(ThreadPoolExecutor.java:624) [?:1.8.0_212]
	at java.lang.Thread.run(Thread.java:748) [?:1.8.0_212]
2019-06-18 00:55:49,394 INFO  impl.HddsDispatcher (ContainerUtils.java:logAndReturnError(146)) - Operation: WriteChunk : Trace ID: add9c5c1e4d8a619:a101adfee7fbe2c1:68daeb59a8173ba1:0 : Message: ContainerID 3 does not exist : Result: CONTAINER_NOT_FOUND
2019-06-18 00:55:49,395 INFO  impl.HddsDispatcher (ContainerUtils.java:logAndReturnError(146)) - Operation: WriteChunk : Trace ID: add9c5c1e4d8a619:a101adfee7fbe2c1:68daeb59a8173ba1:0 : Message: ContainerID 3 does not exist : Result: CONTAINER_NOT_FOUND
2019-06-18 00:55:49,396 INFO  client.GrpcClientProtocolClient (GrpcClientProtocolClient.java:onNext(254)) - client-7D96FB2A9EE9->2d9c32cf-d138-46ed-86fe-555b0f222d66: receive RaftClientReply:client-7D96FB2A9EE9->2d9c32cf-d138-46ed-86fe-555b0f222d66@group-F789D1FF0E52, cid=61, SUCCESS, logIndex=85, commits[2d9c32cf-d138-46ed-86fe-555b0f222d66:c85, 7d41c113-78b8-42e0-973f-a2985e127fce:c81, 845dac45-d65a-40db-aa8d-9123cdf470a5:c84]
2019-06-18 00:55:49,396 ERROR storage.BlockOutputStream (BlockOutputStream.java:validateResponse(538)) - Unexpected Storage Container Exception: 
org.apache.hadoop.hdds.scm.container.common.helpers.StorageContainerException: ContainerID 3 does not exist
	at org.apache.hadoop.hdds.scm.storage.ContainerProtocolCalls.validateContainerResponse(ContainerProtocolCalls.java:536)
	at org.apache.hadoop.hdds.scm.storage.BlockOutputStream.validateResponse(BlockOutputStream.java:536)
	at org.apache.hadoop.hdds.scm.storage.BlockOutputStream.lambda$writeChunkToContainer$2(BlockOutputStream.java:614)
	at java.util.concurrent.CompletableFuture.uniApply(CompletableFuture.java:602)
	at java.util.concurrent.CompletableFuture$UniApply.tryFire(CompletableFuture.java:577)
	at java.util.concurrent.CompletableFuture$Completion.run(CompletableFuture.java:442)
	at java.util.concurrent.ThreadPoolExecutor.runWorker(ThreadPoolExecutor.java:1149)
	at java.util.concurrent.ThreadPoolExecutor$Worker.run(ThreadPoolExecutor.java:624)
	at java.lang.Thread.run(Thread.java:748)
00:55:49.408 [pool-30-thread-1] ERROR DNAudit - user=null | ip=null | op=PUT_BLOCK {blockData=[blockId=conID: 3 locID: 102289856880574497 bcsId: 0,size=10240]} | ret=FAILURE
org.apache.hadoop.hdds.scm.container.common.helpers.StorageContainerException: ContainerID 3 does not exist
	at org.apache.hadoop.ozone.container.common.impl.HddsDispatcher.dispatchRequest(HddsDispatcher.java:242) ~[classes/:?]
	at org.apache.hadoop.ozone.container.common.impl.HddsDispatcher.dispatch(HddsDispatcher.java:148) ~[classes/:?]
	at org.apache.hadoop.ozone.container.common.transport.server.ratis.ContainerStateMachine.dispatchCommand(ContainerStateMachine.java:347) ~[classes/:?]
	at org.apache.hadoop.ozone.container.common.transport.server.ratis.ContainerStateMachine.runCommand(ContainerStateMachine.java:354) ~[classes/:?]
	at org.apache.hadoop.ozone.container.common.transport.server.ratis.ContainerStateMachine.lambda$applyTransaction$5(ContainerStateMachine.java:621) ~[classes/:?]
	at java.util.concurrent.CompletableFuture$AsyncSupply.run(CompletableFuture.java:1590) [?:1.8.0_212]
	at java.util.concurrent.ThreadPoolExecutor.runWorker(ThreadPoolExecutor.java:1149) [?:1.8.0_212]
	at java.util.concurrent.ThreadPoolExecutor$Worker.run(ThreadPoolExecutor.java:624) [?:1.8.0_212]
	at java.lang.Thread.run(Thread.java:748) [?:1.8.0_212]
2019-06-18 00:55:49,408 INFO  impl.HddsDispatcher (ContainerUtils.java:logAndReturnError(146)) - Operation: PutBlock : Trace ID: add9c5c1e4d8a619:5a67a0a7d56269fa:68daeb59a8173ba1:0 : Message: ContainerID 3 does not exist : Result: CONTAINER_NOT_FOUND
2019-06-18 00:55:49,409 INFO  client.GrpcClientProtocolClient (GrpcClientProtocolClient.java:onNext(254)) - client-7D96FB2A9EE9->2d9c32cf-d138-46ed-86fe-555b0f222d66: receive RaftClientReply:client-7D96FB2A9EE9->2d9c32cf-d138-46ed-86fe-555b0f222d66@group-F789D1FF0E52, cid=62, SUCCESS, logIndex=87, commits[2d9c32cf-d138-46ed-86fe-555b0f222d66:c87, 7d41c113-78b8-42e0-973f-a2985e127fce:c86, 845dac45-d65a-40db-aa8d-9123cdf470a5:c86]
00:55:49.413 [pool-72-thread-1] ERROR DNAudit - user=null | ip=null | op=PUT_BLOCK {blockData=[blockId=conID: 3 locID: 102289856880574497 bcsId: 0,size=10240]} | ret=FAILURE
org.apache.hadoop.hdds.scm.container.common.helpers.StorageContainerException: ContainerID 3 does not exist
	at org.apache.hadoop.ozone.container.common.impl.HddsDispatcher.dispatchRequest(HddsDispatcher.java:242) ~[classes/:?]
	at org.apache.hadoop.ozone.container.common.impl.HddsDispatcher.dispatch(HddsDispatcher.java:148) ~[classes/:?]
	at org.apache.hadoop.ozone.container.common.transport.server.ratis.ContainerStateMachine.dispatchCommand(ContainerStateMachine.java:347) ~[classes/:?]
	at org.apache.hadoop.ozone.container.common.transport.server.ratis.ContainerStateMachine.runCommand(ContainerStateMachine.java:354) ~[classes/:?]
	at org.apache.hadoop.ozone.container.common.transport.server.ratis.ContainerStateMachine.lambda$applyTransaction$5(ContainerStateMachine.java:621) ~[classes/:?]
	at java.util.concurrent.CompletableFuture$AsyncSupply.run(CompletableFuture.java:1590) [?:1.8.0_212]
	at java.util.concurrent.ThreadPoolExecutor.runWorker(ThreadPoolExecutor.java:1149) [?:1.8.0_212]
	at java.util.concurrent.ThreadPoolExecutor$Worker.run(ThreadPoolExecutor.java:624) [?:1.8.0_212]
	at java.lang.Thread.run(Thread.java:748) [?:1.8.0_212]
2019-06-18 00:55:49,414 INFO  impl.HddsDispatcher (ContainerUtils.java:logAndReturnError(146)) - Operation: PutBlock : Trace ID: add9c5c1e4d8a619:5a67a0a7d56269fa:68daeb59a8173ba1:0 : Message: ContainerID 3 does not exist : Result: CONTAINER_NOT_FOUND
2019-06-18 00:55:49,424 ERROR freon.RandomKeyGenerator (RandomKeyGenerator.java:run(675)) - Exception while adding key: key-4-61662 in bucket: org.apache.hadoop.ozone.client.OzoneBucket@1ea6c095 of volume: org.apache.hadoop.ozone.client.OzoneVolume@ddbf95a.
java.io.IOException: Unexpected Storage Container Exception: org.apache.hadoop.hdds.scm.container.common.helpers.StorageContainerException: ContainerID 3 does not exist
	at org.apache.hadoop.hdds.scm.storage.BlockOutputStream.setIoException(BlockOutputStream.java:548)
	at org.apache.hadoop.hdds.scm.storage.BlockOutputStream.validateResponse(BlockOutputStream.java:539)
	at org.apache.hadoop.hdds.scm.storage.BlockOutputStream.lambda$writeChunkToContainer$2(BlockOutputStream.java:614)
	at java.util.concurrent.CompletableFuture.uniApply(CompletableFuture.java:602)
	at java.util.concurrent.CompletableFuture$UniApply.tryFire(CompletableFuture.java:577)
	at java.util.concurrent.CompletableFuture$Completion.run(CompletableFuture.java:442)
	at java.util.concurrent.ThreadPoolExecutor.runWorker(ThreadPoolExecutor.java:1149)
	at java.util.concurrent.ThreadPoolExecutor$Worker.run(ThreadPoolExecutor.java:624)
	at java.lang.Thread.run(Thread.java:748)
Caused by: org.apache.hadoop.hdds.scm.container.common.helpers.StorageContainerException: ContainerID 3 does not exist
	at org.apache.hadoop.hdds.scm.storage.ContainerProtocolCalls.validateContainerResponse(ContainerProtocolCalls.java:536)
	at org.apache.hadoop.hdds.scm.storage.BlockOutputStream.validateResponse(BlockOutputStream.java:536)
	... 7 more
00:55:49.426 [pool-51-thread-1] ERROR DNAudit - user=null | ip=null | op=PUT_BLOCK {blockData=[blockId=conID: 3 locID: 102289856880574497 bcsId: 0,size=10240]} | ret=FAILURE
org.apache.hadoop.hdds.scm.container.common.helpers.StorageContainerException: ContainerID 3 does not exist
	at org.apache.hadoop.ozone.container.common.impl.HddsDispatcher.dispatchRequest(HddsDispatcher.java:242) ~[classes/:?]
	at org.apache.hadoop.ozone.container.common.impl.HddsDispatcher.dispatch(HddsDispatcher.java:148) ~[classes/:?]
	at org.apache.hadoop.ozone.container.common.transport.server.ratis.ContainerStateMachine.dispatchCommand(ContainerStateMachine.java:347) ~[classes/:?]
	at org.apache.hadoop.ozone.container.common.transport.server.ratis.ContainerStateMachine.runCommand(ContainerStateMachine.java:354) ~[classes/:?]
	at org.apache.hadoop.ozone.container.common.transport.server.ratis.ContainerStateMachine.lambda$applyTransaction$5(ContainerStateMachine.java:621) ~[classes/:?]
	at java.util.concurrent.CompletableFuture$AsyncSupply.run(CompletableFuture.java:1590) [?:1.8.0_212]
	at java.util.concurrent.ThreadPoolExecutor.runWorker(ThreadPoolExecutor.java:1149) [?:1.8.0_212]
	at java.util.concurrent.ThreadPoolExecutor$Worker.run(ThreadPoolExecutor.java:624) [?:1.8.0_212]
	at java.lang.Thread.run(Thread.java:748) [?:1.8.0_212]
2019-06-18 00:55:49,426 INFO  impl.HddsDispatcher (ContainerUtils.java:logAndReturnError(146)) - Operation: PutBlock : Trace ID: add9c5c1e4d8a619:5a67a0a7d56269fa:68daeb59a8173ba1:0 : Message: ContainerID 3 does not exist : Result: CONTAINER_NOT_FOUND
2019-06-18 00:55:49,431 INFO  client.GrpcClientProtocolClient (GrpcClientProtocolClient.java:onNext(254)) - client-7D96FB2A9EE9->2d9c32cf-d138-46ed-86fe-555b0f222d66: receive RaftClientReply:client-7D96FB2A9EE9->2d9c32cf-d138-46ed-86fe-555b0f222d66@group-F789D1FF0E52, cid=63, SUCCESS, logIndex=89, commits[2d9c32cf-d138-46ed-86fe-555b0f222d66:c89, 7d41c113-78b8-42e0-973f-a2985e127fce:c87, 845dac45-d65a-40db-aa8d-9123cdf470a5:c87]
2019-06-18 00:55:49,446 INFO  client.GrpcClientProtocolClient (GrpcClientProtocolClient.java:onNext(254)) - client-7D96FB2A9EE9->2d9c32cf-d138-46ed-86fe-555b0f222d66: receive RaftClientReply:client-7D96FB2A9EE9->2d9c32cf-d138-46ed-86fe-555b0f222d66@group-F789D1FF0E52, cid=64, SUCCESS, logIndex=90, commits[2d9c32cf-d138-46ed-86fe-555b0f222d66:c90, 7d41c113-78b8-42e0-973f-a2985e127fce:c87, 845dac45-d65a-40db-aa8d-9123cdf470a5:c87]
2019-06-18 00:55:49,448 INFO  storage.RaftLogWorker (RaftLogWorker.java:rollLogSegment(303)) - 2d9c32cf-d138-46ed-86fe-555b0f222d66-RaftLogWorker: Rolling segment log-0_92 to index:92
2019-06-18 00:55:49,450 INFO  storage.RaftLogWorker (RaftLogWorker.java:execute(433)) - 2d9c32cf-d138-46ed-86fe-555b0f222d66-RaftLogWorker: Rolled log segment from /opt/src/hadoop-ozone/tools/target/test-dir/MiniOzoneClusterImpl-6d9acd13-88f0-4110-8b50-a0007a84e3db/datanode-0/data/ratis/1ee23aab-99cb-4f91-88c7-f789d1ff0e52/current/log_inprogress_0 to /opt/src/hadoop-ozone/tools/target/test-dir/MiniOzoneClusterImpl-6d9acd13-88f0-4110-8b50-a0007a84e3db/datanode-0/data/ratis/1ee23aab-99cb-4f91-88c7-f789d1ff0e52/current/log_0-92
2019-06-18 00:55:49,450 INFO  storage.RaftLogWorker (RaftLogWorker.java:rollLogSegment(303)) - 845dac45-d65a-40db-aa8d-9123cdf470a5-RaftLogWorker: Rolling segment log-0_92 to index:92
2019-06-18 00:55:49,451 INFO  storage.RaftLogWorker (RaftLogWorker.java:rollLogSegment(303)) - 7d41c113-78b8-42e0-973f-a2985e127fce-RaftLogWorker: Rolling segment log-0_92 to index:92
2019-06-18 00:55:49,480 INFO  storage.RaftLogWorker (RaftLogWorker.java:execute(433)) - 7d41c113-78b8-42e0-973f-a2985e127fce-RaftLogWorker: Rolled log segment from /opt/src/hadoop-ozone/tools/target/test-dir/MiniOzoneClusterImpl-6d9acd13-88f0-4110-8b50-a0007a84e3db/datanode-2/data/ratis/1ee23aab-99cb-4f91-88c7-f789d1ff0e52/current/log_inprogress_0 to /opt/src/hadoop-ozone/tools/target/test-dir/MiniOzoneClusterImpl-6d9acd13-88f0-4110-8b50-a0007a84e3db/datanode-2/data/ratis/1ee23aab-99cb-4f91-88c7-f789d1ff0e52/current/log_0-92
2019-06-18 00:55:49,455 INFO  storage.RaftLogWorker (RaftLogWorker.java:execute(433)) - 845dac45-d65a-40db-aa8d-9123cdf470a5-RaftLogWorker: Rolled log segment from /opt/src/hadoop-ozone/tools/target/test-dir/MiniOzoneClusterImpl-6d9acd13-88f0-4110-8b50-a0007a84e3db/datanode-1/data/ratis/1ee23aab-99cb-4f91-88c7-f789d1ff0e52/current/log_inprogress_0 to /opt/src/hadoop-ozone/tools/target/test-dir/MiniOzoneClusterImpl-6d9acd13-88f0-4110-8b50-a0007a84e3db/datanode-1/data/ratis/1ee23aab-99cb-4f91-88c7-f789d1ff0e52/current/log_0-92
2019-06-18 00:55:49,483 INFO  client.GrpcClientProtocolClient (GrpcClientProtocolClient.java:onNext(254)) - client-7D96FB2A9EE9->2d9c32cf-d138-46ed-86fe-555b0f222d66: receive RaftClientReply:client-7D96FB2A9EE9->2d9c32cf-d138-46ed-86fe-555b0f222d66@group-F789D1FF0E52, cid=67, SUCCESS, logIndex=0, commits[2d9c32cf-d138-46ed-86fe-555b0f222d66:c91, 7d41c113-78b8-42e0-973f-a2985e127fce:c90, 845dac45-d65a-40db-aa8d-9123cdf470a5:c90]
2019-06-18 00:55:49,516 INFO  storage.RaftLogWorker (RaftLogWorker.java:execute(469)) - 2d9c32cf-d138-46ed-86fe-555b0f222d66-RaftLogWorker: created new log segment /opt/src/hadoop-ozone/tools/target/test-dir/MiniOzoneClusterImpl-6d9acd13-88f0-4110-8b50-a0007a84e3db/datanode-0/data/ratis/1ee23aab-99cb-4f91-88c7-f789d1ff0e52/current/log_inprogress_93
2019-06-18 00:55:49,539 INFO  storage.RaftLogWorker (RaftLogWorker.java:execute(469)) - 7d41c113-78b8-42e0-973f-a2985e127fce-RaftLogWorker: created new log segment /opt/src/hadoop-ozone/tools/target/test-dir/MiniOzoneClusterImpl-6d9acd13-88f0-4110-8b50-a0007a84e3db/datanode-2/data/ratis/1ee23aab-99cb-4f91-88c7-f789d1ff0e52/current/log_inprogress_93
2019-06-18 00:55:49,539 INFO  storage.RaftLogWorker (RaftLogWorker.java:execute(469)) - 845dac45-d65a-40db-aa8d-9123cdf470a5-RaftLogWorker: created new log segment /opt/src/hadoop-ozone/tools/target/test-dir/MiniOzoneClusterImpl-6d9acd13-88f0-4110-8b50-a0007a84e3db/datanode-1/data/ratis/1ee23aab-99cb-4f91-88c7-f789d1ff0e52/current/log_inprogress_93
2019-06-18 00:55:49,565 INFO  client.GrpcClientProtocolClient (GrpcClientProtocolClient.java:onNext(254)) - client-7D96FB2A9EE9->2d9c32cf-d138-46ed-86fe-555b0f222d66: receive RaftClientReply:client-7D96FB2A9EE9->2d9c32cf-d138-46ed-86fe-555b0f222d66@group-F789D1FF0E52, cid=65, SUCCESS, logIndex=93, commits[2d9c32cf-d138-46ed-86fe-555b0f222d66:c93, 7d41c113-78b8-42e0-973f-a2985e127fce:c90, 845dac45-d65a-40db-aa8d-9123cdf470a5:c91]
2019-06-18 00:55:49,567 INFO  keyvalue.KeyValueHandler (ContainerUtils.java:logAndReturnError(146)) - Operation: CreateContainer : Trace ID: 20afd3a7263c7a38:ebaa37485975f799:6e4cc2651c9f1ab2:0 : Message: Container creation failed, due to disk out of space : Result: DISK_OUT_OF_SPACE
00:55:49.567 [pool-26-thread-17] ERROR DNAudit - user=null | ip=null | op=WRITE_CHUNK {blockData=conID: 3 locID: 102289856892502055 bcsId: 0} | ret=FAILURE
org.apache.hadoop.hdds.scm.container.common.helpers.StorageContainerException: ContainerID 3 creation failed
	at org.apache.hadoop.ozone.container.common.impl.HddsDispatcher.dispatchRequest(HddsDispatcher.java:227) ~[classes/:?]
	at org.apache.hadoop.ozone.container.common.impl.HddsDispatcher.dispatch(HddsDispatcher.java:148) ~[classes/:?]
	at org.apache.hadoop.ozone.container.common.transport.server.ratis.ContainerStateMachine.dispatchCommand(ContainerStateMachine.java:347) ~[classes/:?]
	at org.apache.hadoop.ozone.container.common.transport.server.ratis.ContainerStateMachine.runCommand(ContainerStateMachine.java:354) ~[classes/:?]
	at org.apache.hadoop.ozone.container.common.transport.server.ratis.ContainerStateMachine.lambda$handleWriteChunk$0(ContainerStateMachine.java:385) ~[classes/:?]
	at java.util.concurrent.CompletableFuture$AsyncSupply.run(CompletableFuture.java:1590) [?:1.8.0_212]
	at java.util.concurrent.ThreadPoolExecutor.runWorker(ThreadPoolExecutor.java:1149) [?:1.8.0_212]
	at java.util.concurrent.ThreadPoolExecutor$Worker.run(ThreadPoolExecutor.java:624) [?:1.8.0_212]
	at java.lang.Thread.run(Thread.java:748) [?:1.8.0_212]
2019-06-18 00:55:49,567 INFO  impl.HddsDispatcher (ContainerUtils.java:logAndReturnError(146)) - Operation: WriteChunk : Trace ID: 20afd3a7263c7a38:ebaa37485975f799:6e4cc2651c9f1ab2:0 : Message: ContainerID 3 creation failed : Result: DISK_OUT_OF_SPACE
2019-06-18 00:55:49,574 INFO  keyvalue.KeyValueHandler (ContainerUtils.java:logAndReturnError(146)) - Operation: CreateContainer : Trace ID: 20afd3a7263c7a38:ebaa37485975f799:6e4cc2651c9f1ab2:0 : Message: Container creation failed, due to disk out of space : Result: DISK_OUT_OF_SPACE
2019-06-18 00:55:49,578 INFO  keyvalue.KeyValueHandler (ContainerUtils.java:logAndReturnError(146)) - Operation: CreateContainer : Trace ID: 20afd3a7263c7a38:ebaa37485975f799:6e4cc2651c9f1ab2:0 : Message: Container creation failed, due to disk out of space : Result: DISK_OUT_OF_SPACE
00:55:49.579 [pool-68-thread-25] ERROR DNAudit - user=null | ip=null | op=WRITE_CHUNK {blockData=conID: 3 locID: 102289856892502055 bcsId: 0} | ret=FAILURE
org.apache.hadoop.hdds.scm.container.common.helpers.StorageContainerException: ContainerID 3 creation failed
	at org.apache.hadoop.ozone.container.common.impl.HddsDispatcher.dispatchRequest(HddsDispatcher.java:227) ~[classes/:?]
	at org.apache.hadoop.ozone.container.common.impl.HddsDispatcher.dispatch(HddsDispatcher.java:148) ~[classes/:?]
	at org.apache.hadoop.ozone.container.common.transport.server.ratis.ContainerStateMachine.dispatchCommand(ContainerStateMachine.java:347) ~[classes/:?]
	at org.apache.hadoop.ozone.container.common.transport.server.ratis.ContainerStateMachine.runCommand(ContainerStateMachine.java:354) ~[classes/:?]
	at org.apache.hadoop.ozone.container.common.transport.server.ratis.ContainerStateMachine.lambda$handleWriteChunk$0(ContainerStateMachine.java:385) ~[classes/:?]
	at java.util.concurrent.CompletableFuture$AsyncSupply.run(CompletableFuture.java:1590) [?:1.8.0_212]
	at java.util.concurrent.ThreadPoolExecutor.runWorker(ThreadPoolExecutor.java:1149) [?:1.8.0_212]
	at java.util.concurrent.ThreadPoolExecutor$Worker.run(ThreadPoolExecutor.java:624) [?:1.8.0_212]
	at java.lang.Thread.run(Thread.java:748) [?:1.8.0_212]
2019-06-18 00:55:49,579 INFO  impl.HddsDispatcher (ContainerUtils.java:logAndReturnError(146)) - Operation: WriteChunk : Trace ID: 20afd3a7263c7a38:ebaa37485975f799:6e4cc2651c9f1ab2:0 : Message: ContainerID 3 creation failed : Result: DISK_OUT_OF_SPACE
00:55:49.575 [pool-47-thread-26] ERROR DNAudit - user=null | ip=null | op=WRITE_CHUNK {blockData=conID: 3 locID: 102289856892502055 bcsId: 0} | ret=FAILURE
org.apache.hadoop.hdds.scm.container.common.helpers.StorageContainerException: ContainerID 3 creation failed
	at org.apache.hadoop.ozone.container.common.impl.HddsDispatcher.dispatchRequest(HddsDispatcher.java:227) ~[classes/:?]
	at org.apache.hadoop.ozone.container.common.impl.HddsDispatcher.dispatch(HddsDispatcher.java:148) ~[classes/:?]
	at org.apache.hadoop.ozone.container.common.transport.server.ratis.ContainerStateMachine.dispatchCommand(ContainerStateMachine.java:347) ~[classes/:?]
	at org.apache.hadoop.ozone.container.common.transport.server.ratis.ContainerStateMachine.runCommand(ContainerStateMachine.java:354) ~[classes/:?]
	at org.apache.hadoop.ozone.container.common.transport.server.ratis.ContainerStateMachine.lambda$handleWriteChunk$0(ContainerStateMachine.java:385) ~[classes/:?]
	at java.util.concurrent.CompletableFuture$AsyncSupply.run(CompletableFuture.java:1590) [?:1.8.0_212]
	at java.util.concurrent.ThreadPoolExecutor.runWorker(ThreadPoolExecutor.java:1149) [?:1.8.0_212]
	at java.util.concurrent.ThreadPoolExecutor$Worker.run(ThreadPoolExecutor.java:624) [?:1.8.0_212]
	at java.lang.Thread.run(Thread.java:748) [?:1.8.0_212]
2019-06-18 00:55:49,580 INFO  impl.HddsDispatcher (ContainerUtils.java:logAndReturnError(146)) - Operation: WriteChunk : Trace ID: 20afd3a7263c7a38:ebaa37485975f799:6e4cc2651c9f1ab2:0 : Message: ContainerID 3 creation failed : Result: DISK_OUT_OF_SPACE
00:55:49.585 [pool-30-thread-1] ERROR DNAudit - user=null | ip=null | op=WRITE_CHUNK {blockData=conID: 3 locID: 102289856892502055 bcsId: 0} | ret=FAILURE
org.apache.hadoop.hdds.scm.container.common.helpers.StorageContainerException: ContainerID 3 does not exist
	at org.apache.hadoop.ozone.container.common.impl.HddsDispatcher.dispatchRequest(HddsDispatcher.java:242) ~[classes/:?]
	at org.apache.hadoop.ozone.container.common.impl.HddsDispatcher.dispatch(HddsDispatcher.java:148) ~[classes/:?]
	at org.apache.hadoop.ozone.container.common.transport.server.ratis.ContainerStateMachine.dispatchCommand(ContainerStateMachine.java:347) ~[classes/:?]
	at org.apache.hadoop.ozone.container.common.transport.server.ratis.ContainerStateMachine.runCommand(ContainerStateMachine.java:354) ~[classes/:?]
	at org.apache.hadoop.ozone.container.common.transport.server.ratis.ContainerStateMachine.lambda$applyTransaction$5(ContainerStateMachine.java:621) ~[classes/:?]
	at java.util.concurrent.CompletableFuture$AsyncSupply.run(CompletableFuture.java:1590) [?:1.8.0_212]
	at java.util.concurrent.ThreadPoolExecutor.runWorker(ThreadPoolExecutor.java:1149) [?:1.8.0_212]
	at java.util.concurrent.ThreadPoolExecutor$Worker.run(ThreadPoolExecutor.java:624) [?:1.8.0_212]
	at java.lang.Thread.run(Thread.java:748) [?:1.8.0_212]
2019-06-18 00:55:49,585 INFO  impl.HddsDispatcher (ContainerUtils.java:logAndReturnError(146)) - Operation: WriteChunk : Trace ID: 20afd3a7263c7a38:ebaa37485975f799:6e4cc2651c9f1ab2:0 : Message: ContainerID 3 does not exist : Result: CONTAINER_NOT_FOUND
2019-06-18 00:55:49,586 INFO  client.GrpcClientProtocolClient (GrpcClientProtocolClient.java:onNext(254)) - client-7D96FB2A9EE9->2d9c32cf-d138-46ed-86fe-555b0f222d66: receive RaftClientReply:client-7D96FB2A9EE9->2d9c32cf-d138-46ed-86fe-555b0f222d66@group-F789D1FF0E52, cid=66, SUCCESS, logIndex=95, commits[2d9c32cf-d138-46ed-86fe-555b0f222d66:c95, 7d41c113-78b8-42e0-973f-a2985e127fce:c93, 845dac45-d65a-40db-aa8d-9123cdf470a5:c91]
00:55:49.592 [pool-30-thread-1] ERROR DNAudit - user=null | ip=null | op=PUT_BLOCK {blockData=[blockId=conID: 3 locID: 102289856892502055 bcsId: 0,size=10240]} | ret=FAILURE
org.apache.hadoop.hdds.scm.container.common.helpers.StorageContainerException: ContainerID 3 does not exist
	at org.apache.hadoop.ozone.container.common.impl.HddsDispatcher.dispatchRequest(HddsDispatcher.java:242) ~[classes/:?]
	at org.apache.hadoop.ozone.container.common.impl.HddsDispatcher.dispatch(HddsDispatcher.java:148) ~[classes/:?]
	at org.apache.hadoop.ozone.container.common.transport.server.ratis.ContainerStateMachine.dispatchCommand(ContainerStateMachine.java:347) ~[classes/:?]
	at org.apache.hadoop.ozone.container.common.transport.server.ratis.ContainerStateMachine.runCommand(ContainerStateMachine.java:354) ~[classes/:?]
	at org.apache.hadoop.ozone.container.common.transport.server.ratis.ContainerStateMachine.lambda$applyTransaction$5(ContainerStateMachine.java:621) ~[classes/:?]
	at java.util.concurrent.CompletableFuture$AsyncSupply.run(CompletableFuture.java:1590) [?:1.8.0_212]
	at java.util.concurrent.ThreadPoolExecutor.runWorker(ThreadPoolExecutor.java:1149) [?:1.8.0_212]
	at java.util.concurrent.ThreadPoolExecutor$Worker.run(ThreadPoolExecutor.java:624) [?:1.8.0_212]
	at java.lang.Thread.run(Thread.java:748) [?:1.8.0_212]
2019-06-18 00:55:49,592 INFO  impl.HddsDispatcher (ContainerUtils.java:logAndReturnError(146)) - Operation: PutBlock : Trace ID: 20afd3a7263c7a38:19bc18be5cce6e97:6e4cc2651c9f1ab2:0 : Message: ContainerID 3 does not exist : Result: CONTAINER_NOT_FOUND
00:55:49.595 [pool-72-thread-1] ERROR DNAudit - user=null | ip=null | op=WRITE_CHUNK {blockData=conID: 3 locID: 102289856892502055 bcsId: 0} | ret=FAILURE
org.apache.hadoop.hdds.scm.container.common.helpers.StorageContainerException: ContainerID 3 does not exist
	at org.apache.hadoop.ozone.container.common.impl.HddsDispatcher.dispatchRequest(HddsDispatcher.java:242) ~[classes/:?]
	at org.apache.hadoop.ozone.container.common.impl.HddsDispatcher.dispatch(HddsDispatcher.java:148) ~[classes/:?]
	at org.apache.hadoop.ozone.container.common.transport.server.ratis.ContainerStateMachine.dispatchCommand(ContainerStateMachine.java:347) ~[classes/:?]
	at org.apache.hadoop.ozone.container.common.transport.server.ratis.ContainerStateMachine.runCommand(ContainerStateMachine.java:354) ~[classes/:?]
	at org.apache.hadoop.ozone.container.common.transport.server.ratis.ContainerStateMachine.lambda$applyTransaction$5(ContainerStateMachine.java:621) ~[classes/:?]
	at java.util.concurrent.CompletableFuture$AsyncSupply.run(CompletableFuture.java:1590) [?:1.8.0_212]
	at java.util.concurrent.ThreadPoolExecutor.runWorker(ThreadPoolExecutor.java:1149) [?:1.8.0_212]
	at java.util.concurrent.ThreadPoolExecutor$Worker.run(ThreadPoolExecutor.java:624) [?:1.8.0_212]
	at java.lang.Thread.run(Thread.java:748) [?:1.8.0_212]
2019-06-18 00:55:49,596 INFO  impl.HddsDispatcher (ContainerUtils.java:logAndReturnError(146)) - Operation: WriteChunk : Trace ID: 20afd3a7263c7a38:ebaa37485975f799:6e4cc2651c9f1ab2:0 : Message: ContainerID 3 does not exist : Result: CONTAINER_NOT_FOUND
2019-06-18 00:55:49,596 INFO  client.GrpcClientProtocolClient (GrpcClientProtocolClient.java:onNext(254)) - client-7D96FB2A9EE9->2d9c32cf-d138-46ed-86fe-555b0f222d66: receive RaftClientReply:client-7D96FB2A9EE9->2d9c32cf-d138-46ed-86fe-555b0f222d66@group-F789D1FF0E52, cid=68, SUCCESS, logIndex=96, commits[2d9c32cf-d138-46ed-86fe-555b0f222d66:c97, 7d41c113-78b8-42e0-973f-a2985e127fce:c93, 845dac45-d65a-40db-aa8d-9123cdf470a5:c91]
2019-06-18 00:55:49,604 INFO  client.GrpcClientProtocolClient (GrpcClientProtocolClient.java:onNext(254)) - client-7D96FB2A9EE9->2d9c32cf-d138-46ed-86fe-555b0f222d66: receive RaftClientReply:client-7D96FB2A9EE9->2d9c32cf-d138-46ed-86fe-555b0f222d66@group-F789D1FF0E52, cid=69, SUCCESS, logIndex=97, commits[2d9c32cf-d138-46ed-86fe-555b0f222d66:c98, 7d41c113-78b8-42e0-973f-a2985e127fce:c95, 845dac45-d65a-40db-aa8d-9123cdf470a5:c93]
00:55:49.605 [pool-51-thread-1] ERROR DNAudit - user=null | ip=null | op=WRITE_CHUNK {blockData=conID: 3 locID: 102289856892502055 bcsId: 0} | ret=FAILURE
org.apache.hadoop.hdds.scm.container.common.helpers.StorageContainerException: ContainerID 3 does not exist
	at org.apache.hadoop.ozone.container.common.impl.HddsDispatcher.dispatchRequest(HddsDispatcher.java:242) ~[classes/:?]
	at org.apache.hadoop.ozone.container.common.impl.HddsDispatcher.dispatch(HddsDispatcher.java:148) ~[classes/:?]
	at org.apache.hadoop.ozone.container.common.transport.server.ratis.ContainerStateMachine.dispatchCommand(ContainerStateMachine.java:347) ~[classes/:?]
	at org.apache.hadoop.ozone.container.common.transport.server.ratis.ContainerStateMachine.runCommand(ContainerStateMachine.java:354) ~[classes/:?]
	at org.apache.hadoop.ozone.container.common.transport.server.ratis.ContainerStateMachine.lambda$applyTransaction$5(ContainerStateMachine.java:621) ~[classes/:?]
	at java.util.concurrent.CompletableFuture$AsyncSupply.run(CompletableFuture.java:1590) [?:1.8.0_212]
	at java.util.concurrent.ThreadPoolExecutor.runWorker(ThreadPoolExecutor.java:1149) [?:1.8.0_212]
	at java.util.concurrent.ThreadPoolExecutor$Worker.run(ThreadPoolExecutor.java:624) [?:1.8.0_212]
	at java.lang.Thread.run(Thread.java:748) [?:1.8.0_212]
2019-06-18 00:55:49,604 ERROR storage.BlockOutputStream (BlockOutputStream.java:validateResponse(538)) - Unexpected Storage Container Exception: 
org.apache.hadoop.hdds.scm.container.common.helpers.StorageContainerException: ContainerID 3 does not exist
	at org.apache.hadoop.hdds.scm.storage.ContainerProtocolCalls.validateContainerResponse(ContainerProtocolCalls.java:536)
	at org.apache.hadoop.hdds.scm.storage.BlockOutputStream.validateResponse(BlockOutputStream.java:536)
	at org.apache.hadoop.hdds.scm.storage.BlockOutputStream.lambda$writeChunkToContainer$2(BlockOutputStream.java:614)
	at java.util.concurrent.CompletableFuture.uniApply(CompletableFuture.java:602)
	at java.util.concurrent.CompletableFuture$UniApply.tryFire(CompletableFuture.java:577)
	at java.util.concurrent.CompletableFuture$Completion.run(CompletableFuture.java:442)
	at java.util.concurrent.ThreadPoolExecutor.runWorker(ThreadPoolExecutor.java:1149)
	at java.util.concurrent.ThreadPoolExecutor$Worker.run(ThreadPoolExecutor.java:624)
	at java.lang.Thread.run(Thread.java:748)
2019-06-18 00:55:49,605 INFO  impl.HddsDispatcher (ContainerUtils.java:logAndReturnError(146)) - Operation: WriteChunk : Trace ID: 20afd3a7263c7a38:ebaa37485975f799:6e4cc2651c9f1ab2:0 : Message: ContainerID 3 does not exist : Result: CONTAINER_NOT_FOUND
00:55:49.606 [pool-72-thread-1] ERROR DNAudit - user=null | ip=null | op=PUT_BLOCK {blockData=[blockId=conID: 3 locID: 102289856892502055 bcsId: 0,size=10240]} | ret=FAILURE
org.apache.hadoop.hdds.scm.container.common.helpers.StorageContainerException: ContainerID 3 does not exist
	at org.apache.hadoop.ozone.container.common.impl.HddsDispatcher.dispatchRequest(HddsDispatcher.java:242) ~[classes/:?]
	at org.apache.hadoop.ozone.container.common.impl.HddsDispatcher.dispatch(HddsDispatcher.java:148) ~[classes/:?]
	at org.apache.hadoop.ozone.container.common.transport.server.ratis.ContainerStateMachine.dispatchCommand(ContainerStateMachine.java:347) ~[classes/:?]
	at org.apache.hadoop.ozone.container.common.transport.server.ratis.ContainerStateMachine.runCommand(ContainerStateMachine.java:354) ~[classes/:?]
	at org.apache.hadoop.ozone.container.common.transport.server.ratis.ContainerStateMachine.lambda$applyTransaction$5(ContainerStateMachine.java:621) ~[classes/:?]
	at java.util.concurrent.CompletableFuture$AsyncSupply.run(CompletableFuture.java:1590) [?:1.8.0_212]
	at java.util.concurrent.ThreadPoolExecutor.runWorker(ThreadPoolExecutor.java:1149) [?:1.8.0_212]
	at java.util.concurrent.ThreadPoolExecutor$Worker.run(ThreadPoolExecutor.java:624) [?:1.8.0_212]
	at java.lang.Thread.run(Thread.java:748) [?:1.8.0_212]
2019-06-18 00:55:49,606 INFO  impl.HddsDispatcher (ContainerUtils.java:logAndReturnError(146)) - Operation: PutBlock : Trace ID: 20afd3a7263c7a38:19bc18be5cce6e97:6e4cc2651c9f1ab2:0 : Message: ContainerID 3 does not exist : Result: CONTAINER_NOT_FOUND
00:55:49.621 [pool-51-thread-1] ERROR DNAudit - user=null | ip=null | op=PUT_BLOCK {blockData=[blockId=conID: 3 locID: 102289856892502055 bcsId: 0,size=10240]} | ret=FAILURE
org.apache.hadoop.hdds.scm.container.common.helpers.StorageContainerException: ContainerID 3 does not exist
	at org.apache.hadoop.ozone.container.common.impl.HddsDispatcher.dispatchRequest(HddsDispatcher.java:242) ~[classes/:?]
	at org.apache.hadoop.ozone.container.common.impl.HddsDispatcher.dispatch(HddsDispatcher.java:148) ~[classes/:?]
	at org.apache.hadoop.ozone.container.common.transport.server.ratis.ContainerStateMachine.dispatchCommand(ContainerStateMachine.java:347) ~[classes/:?]
	at org.apache.hadoop.ozone.container.common.transport.server.ratis.ContainerStateMachine.runCommand(ContainerStateMachine.java:354) ~[classes/:?]
	at org.apache.hadoop.ozone.container.common.transport.server.ratis.ContainerStateMachine.lambda$applyTransaction$5(ContainerStateMachine.java:621) ~[classes/:?]
	at java.util.concurrent.CompletableFuture$AsyncSupply.run(CompletableFuture.java:1590) [?:1.8.0_212]
	at java.util.concurrent.ThreadPoolExecutor.runWorker(ThreadPoolExecutor.java:1149) [?:1.8.0_212]
	at java.util.concurrent.ThreadPoolExecutor$Worker.run(ThreadPoolExecutor.java:624) [?:1.8.0_212]
	at java.lang.Thread.run(Thread.java:748) [?:1.8.0_212]
2019-06-18 00:55:49,621 INFO  impl.HddsDispatcher (ContainerUtils.java:logAndReturnError(146)) - Operation: PutBlock : Trace ID: 20afd3a7263c7a38:19bc18be5cce6e97:6e4cc2651c9f1ab2:0 : Message: ContainerID 3 does not exist : Result: CONTAINER_NOT_FOUND
2019-06-18 00:55:49,621 INFO  client.GrpcClientProtocolClient (GrpcClientProtocolClient.java:onNext(254)) - client-7D96FB2A9EE9->2d9c32cf-d138-46ed-86fe-555b0f222d66: receive RaftClientReply:client-7D96FB2A9EE9->2d9c32cf-d138-46ed-86fe-555b0f222d66@group-F789D1FF0E52, cid=70, SUCCESS, logIndex=0, commits[2d9c32cf-d138-46ed-86fe-555b0f222d66:c98, 7d41c113-78b8-42e0-973f-a2985e127fce:c95, 845dac45-d65a-40db-aa8d-9123cdf470a5:c95]
2019-06-18 00:55:49,623 ERROR freon.RandomKeyGenerator (RandomKeyGenerator.java:run(675)) - Exception while adding key: key-7-90641 in bucket: org.apache.hadoop.ozone.client.OzoneBucket@451dfe67 of volume: org.apache.hadoop.ozone.client.OzoneVolume@4bda18b4.
java.io.IOException: Unexpected Storage Container Exception: org.apache.hadoop.hdds.scm.container.common.helpers.StorageContainerException: ContainerID 3 does not exist
	at org.apache.hadoop.hdds.scm.storage.BlockOutputStream.setIoException(BlockOutputStream.java:548)
	at org.apache.hadoop.hdds.scm.storage.BlockOutputStream.validateResponse(BlockOutputStream.java:539)
	at org.apache.hadoop.hdds.scm.storage.BlockOutputStream.lambda$writeChunkToContainer$2(BlockOutputStream.java:614)
	at java.util.concurrent.CompletableFuture.uniApply(CompletableFuture.java:602)
	at java.util.concurrent.CompletableFuture$UniApply.tryFire(CompletableFuture.java:577)
	at java.util.concurrent.CompletableFuture$Completion.run(CompletableFuture.java:442)
	at java.util.concurrent.ThreadPoolExecutor.runWorker(ThreadPoolExecutor.java:1149)
	at java.util.concurrent.ThreadPoolExecutor$Worker.run(ThreadPoolExecutor.java:624)
	at java.lang.Thread.run(Thread.java:748)
Caused by: org.apache.hadoop.hdds.scm.container.common.helpers.StorageContainerException: ContainerID 3 does not exist
	at org.apache.hadoop.hdds.scm.storage.ContainerProtocolCalls.validateContainerResponse(ContainerProtocolCalls.java:536)
	at org.apache.hadoop.hdds.scm.storage.BlockOutputStream.validateResponse(BlockOutputStream.java:536)
	... 7 more
2019-06-18 00:55:49,651 INFO  client.GrpcClientProtocolClient (GrpcClientProtocolClient.java:onNext(254)) - client-7D96FB2A9EE9->2d9c32cf-d138-46ed-86fe-555b0f222d66: receive RaftClientReply:client-7D96FB2A9EE9->2d9c32cf-d138-46ed-86fe-555b0f222d66@group-F789D1FF0E52, cid=71, SUCCESS, logIndex=101, commits[2d9c32cf-d138-46ed-86fe-555b0f222d66:c101, 7d41c113-78b8-42e0-973f-a2985e127fce:c97, 845dac45-d65a-40db-aa8d-9123cdf470a5:c100]
2019-06-18 00:55:49,657 INFO  client.GrpcClientProtocolClient (GrpcClientProtocolClient.java:onNext(254)) - client-7D96FB2A9EE9->2d9c32cf-d138-46ed-86fe-555b0f222d66: receive RaftClientReply:client-7D96FB2A9EE9->2d9c32cf-d138-46ed-86fe-555b0f222d66@group-F789D1FF0E52, cid=72, SUCCESS, logIndex=103, commits[2d9c32cf-d138-46ed-86fe-555b0f222d66:c103, 7d41c113-78b8-42e0-973f-a2985e127fce:c101, 845dac45-d65a-40db-aa8d-9123cdf470a5:c101]
2019-06-18 00:55:49,671 INFO  client.GrpcClientProtocolClient (GrpcClientProtocolClient.java:onNext(254)) - client-7D96FB2A9EE9->2d9c32cf-d138-46ed-86fe-555b0f222d66: receive RaftClientReply:client-7D96FB2A9EE9->2d9c32cf-d138-46ed-86fe-555b0f222d66@group-F789D1FF0E52, cid=73, SUCCESS, logIndex=104, commits[2d9c32cf-d138-46ed-86fe-555b0f222d66:c104, 7d41c113-78b8-42e0-973f-a2985e127fce:c102, 845dac45-d65a-40db-aa8d-9123cdf470a5:c101]
2019-06-18 00:55:49,672 INFO  client.GrpcClientProtocolClient (GrpcClientProtocolClient.java:onNext(254)) - client-7D96FB2A9EE9->2d9c32cf-d138-46ed-86fe-555b0f222d66: receive RaftClientReply:client-7D96FB2A9EE9->2d9c32cf-d138-46ed-86fe-555b0f222d66@group-F789D1FF0E52, cid=75, SUCCESS, logIndex=0, commits[2d9c32cf-d138-46ed-86fe-555b0f222d66:c104, 7d41c113-78b8-42e0-973f-a2985e127fce:c103, 845dac45-d65a-40db-aa8d-9123cdf470a5:c103]
2019-06-18 00:55:49,677 INFO  client.GrpcClientProtocolClient (GrpcClientProtocolClient.java:onNext(254)) - client-7D96FB2A9EE9->2d9c32cf-d138-46ed-86fe-555b0f222d66: receive RaftClientReply:client-7D96FB2A9EE9->2d9c32cf-d138-46ed-86fe-555b0f222d66@group-F789D1FF0E52, cid=74, SUCCESS, logIndex=106, commits[2d9c32cf-d138-46ed-86fe-555b0f222d66:c106, 7d41c113-78b8-42e0-973f-a2985e127fce:c103, 845dac45-d65a-40db-aa8d-9123cdf470a5:c103]
2019-06-18 00:55:49,685 INFO  keyvalue.KeyValueHandler (ContainerUtils.java:logAndReturnError(146)) - Operation: CreateContainer : Trace ID: 19a200ad11307bc8:f11244b01e4ab04c:ee4e66a91731f721:0 : Message: Container creation failed, due to disk out of space : Result: DISK_OUT_OF_SPACE
00:55:49.685 [pool-26-thread-28] ERROR DNAudit - user=null | ip=null | op=WRITE_CHUNK {blockData=conID: 3 locID: 102289856900562989 bcsId: 0} | ret=FAILURE
org.apache.hadoop.hdds.scm.container.common.helpers.StorageContainerException: ContainerID 3 creation failed
	at org.apache.hadoop.ozone.container.common.impl.HddsDispatcher.dispatchRequest(HddsDispatcher.java:227) ~[classes/:?]
	at org.apache.hadoop.ozone.container.common.impl.HddsDispatcher.dispatch(HddsDispatcher.java:148) ~[classes/:?]
	at org.apache.hadoop.ozone.container.common.transport.server.ratis.ContainerStateMachine.dispatchCommand(ContainerStateMachine.java:347) ~[classes/:?]
	at org.apache.hadoop.ozone.container.common.transport.server.ratis.ContainerStateMachine.runCommand(ContainerStateMachine.java:354) ~[classes/:?]
	at org.apache.hadoop.ozone.container.common.transport.server.ratis.ContainerStateMachine.lambda$handleWriteChunk$0(ContainerStateMachine.java:385) ~[classes/:?]
	at java.util.concurrent.CompletableFuture$AsyncSupply.run(CompletableFuture.java:1590) [?:1.8.0_212]
	at java.util.concurrent.ThreadPoolExecutor.runWorker(ThreadPoolExecutor.java:1149) [?:1.8.0_212]
	at java.util.concurrent.ThreadPoolExecutor$Worker.run(ThreadPoolExecutor.java:624) [?:1.8.0_212]
	at java.lang.Thread.run(Thread.java:748) [?:1.8.0_212]
2019-06-18 00:55:49,686 INFO  impl.HddsDispatcher (ContainerUtils.java:logAndReturnError(146)) - Operation: WriteChunk : Trace ID: 19a200ad11307bc8:f11244b01e4ab04c:ee4e66a91731f721:0 : Message: ContainerID 3 creation failed : Result: DISK_OUT_OF_SPACE
2019-06-18 00:55:49,688 INFO  keyvalue.KeyValueHandler (ContainerUtils.java:logAndReturnError(146)) - Operation: CreateContainer : Trace ID: 19a200ad11307bc8:f11244b01e4ab04c:ee4e66a91731f721:0 : Message: Container creation failed, due to disk out of space : Result: DISK_OUT_OF_SPACE
00:55:49.688 [pool-68-thread-29] ERROR DNAudit - user=null | ip=null | op=WRITE_CHUNK {blockData=conID: 3 locID: 102289856900562989 bcsId: 0} | ret=FAILURE
org.apache.hadoop.hdds.scm.container.common.helpers.StorageContainerException: ContainerID 3 creation failed
	at org.apache.hadoop.ozone.container.common.impl.HddsDispatcher.dispatchRequest(HddsDispatcher.java:227) ~[classes/:?]
	at org.apache.hadoop.ozone.container.common.impl.HddsDispatcher.dispatch(HddsDispatcher.java:148) ~[classes/:?]
	at org.apache.hadoop.ozone.container.common.transport.server.ratis.ContainerStateMachine.dispatchCommand(ContainerStateMachine.java:347) ~[classes/:?]
	at org.apache.hadoop.ozone.container.common.transport.server.ratis.ContainerStateMachine.runCommand(ContainerStateMachine.java:354) ~[classes/:?]
	at org.apache.hadoop.ozone.container.common.transport.server.ratis.ContainerStateMachine.lambda$handleWriteChunk$0(ContainerStateMachine.java:385) ~[classes/:?]
	at java.util.concurrent.CompletableFuture$AsyncSupply.run(CompletableFuture.java:1590) [?:1.8.0_212]
	at java.util.concurrent.ThreadPoolExecutor.runWorker(ThreadPoolExecutor.java:1149) [?:1.8.0_212]
	at java.util.concurrent.ThreadPoolExecutor$Worker.run(ThreadPoolExecutor.java:624) [?:1.8.0_212]
	at java.lang.Thread.run(Thread.java:748) [?:1.8.0_212]
2019-06-18 00:55:49,688 INFO  impl.HddsDispatcher (ContainerUtils.java:logAndReturnError(146)) - Operation: WriteChunk : Trace ID: 19a200ad11307bc8:f11244b01e4ab04c:ee4e66a91731f721:0 : Message: ContainerID 3 creation failed : Result: DISK_OUT_OF_SPACE
2019-06-18 00:55:49,689 INFO  client.GrpcClientProtocolClient (GrpcClientProtocolClient.java:onNext(254)) - client-7D96FB2A9EE9->2d9c32cf-d138-46ed-86fe-555b0f222d66: receive RaftClientReply:client-7D96FB2A9EE9->2d9c32cf-d138-46ed-86fe-555b0f222d66@group-F789D1FF0E52, cid=76, SUCCESS, logIndex=0, commits[2d9c32cf-d138-46ed-86fe-555b0f222d66:c108, 7d41c113-78b8-42e0-973f-a2985e127fce:c106, 845dac45-d65a-40db-aa8d-9123cdf470a5:c106]
00:55:49.690 [pool-30-thread-1] ERROR DNAudit - user=null | ip=null | op=WRITE_CHUNK {blockData=conID: 3 locID: 102289856900562989 bcsId: 0} | ret=FAILURE
org.apache.hadoop.hdds.scm.container.common.helpers.StorageContainerException: ContainerID 3 does not exist
	at org.apache.hadoop.ozone.container.common.impl.HddsDispatcher.dispatchRequest(HddsDispatcher.java:242) ~[classes/:?]
	at org.apache.hadoop.ozone.container.common.impl.HddsDispatcher.dispatch(HddsDispatcher.java:148) ~[classes/:?]
	at org.apache.hadoop.ozone.container.common.transport.server.ratis.ContainerStateMachine.dispatchCommand(ContainerStateMachine.java:347) ~[classes/:?]
	at org.apache.hadoop.ozone.container.common.transport.server.ratis.ContainerStateMachine.runCommand(ContainerStateMachine.java:354) ~[classes/:?]
	at org.apache.hadoop.ozone.container.common.transport.server.ratis.ContainerStateMachine.lambda$applyTransaction$5(ContainerStateMachine.java:621) ~[classes/:?]
	at java.util.concurrent.CompletableFuture$AsyncSupply.run(CompletableFuture.java:1590) [?:1.8.0_212]
	at java.util.concurrent.ThreadPoolExecutor.runWorker(ThreadPoolExecutor.java:1149) [?:1.8.0_212]
	at java.util.concurrent.ThreadPoolExecutor$Worker.run(ThreadPoolExecutor.java:624) [?:1.8.0_212]
	at java.lang.Thread.run(Thread.java:748) [?:1.8.0_212]
2019-06-18 00:55:49,690 INFO  impl.HddsDispatcher (ContainerUtils.java:logAndReturnError(146)) - Operation: WriteChunk : Trace ID: 19a200ad11307bc8:f11244b01e4ab04c:ee4e66a91731f721:0 : Message: ContainerID 3 does not exist : Result: CONTAINER_NOT_FOUND
00:55:49.707 [pool-72-thread-1] ERROR DNAudit - user=null | ip=null | op=WRITE_CHUNK {blockData=conID: 3 locID: 102289856900562989 bcsId: 0} | ret=FAILURE
org.apache.hadoop.hdds.scm.container.common.helpers.StorageContainerException: ContainerID 3 does not exist
	at org.apache.hadoop.ozone.container.common.impl.HddsDispatcher.dispatchRequest(HddsDispatcher.java:242) ~[classes/:?]
	at org.apache.hadoop.ozone.container.common.impl.HddsDispatcher.dispatch(HddsDispatcher.java:148) ~[classes/:?]
	at org.apache.hadoop.ozone.container.common.transport.server.ratis.ContainerStateMachine.dispatchCommand(ContainerStateMachine.java:347) ~[classes/:?]
	at org.apache.hadoop.ozone.container.common.transport.server.ratis.ContainerStateMachine.runCommand(ContainerStateMachine.java:354) ~[classes/:?]
	at org.apache.hadoop.ozone.container.common.transport.server.ratis.ContainerStateMachine.lambda$applyTransaction$5(ContainerStateMachine.java:621) ~[classes/:?]
	at java.util.concurrent.CompletableFuture$AsyncSupply.run(CompletableFuture.java:1590) [?:1.8.0_212]
	at java.util.concurrent.ThreadPoolExecutor.runWorker(ThreadPoolExecutor.java:1149) [?:1.8.0_212]
	at java.util.concurrent.ThreadPoolExecutor$Worker.run(ThreadPoolExecutor.java:624) [?:1.8.0_212]
	at java.lang.Thread.run(Thread.java:748) [?:1.8.0_212]
2019-06-18 00:55:49,708 INFO  impl.HddsDispatcher (ContainerUtils.java:logAndReturnError(146)) - Operation: WriteChunk : Trace ID: 19a200ad11307bc8:f11244b01e4ab04c:ee4e66a91731f721:0 : Message: ContainerID 3 does not exist : Result: CONTAINER_NOT_FOUND
2019-06-18 00:55:49,711 INFO  client.GrpcClientProtocolClient (GrpcClientProtocolClient.java:onNext(254)) - client-7D96FB2A9EE9->2d9c32cf-d138-46ed-86fe-555b0f222d66: receive RaftClientReply:client-7D96FB2A9EE9->2d9c32cf-d138-46ed-86fe-555b0f222d66@group-F789D1FF0E52, cid=77, SUCCESS, logIndex=109, commits[2d9c32cf-d138-46ed-86fe-555b0f222d66:c109, 7d41c113-78b8-42e0-973f-a2985e127fce:c108, 845dac45-d65a-40db-aa8d-9123cdf470a5:c106]
2019-06-18 00:55:49,711 INFO  keyvalue.KeyValueHandler (ContainerUtils.java:logAndReturnError(146)) - Operation: CreateContainer : Trace ID: 19a200ad11307bc8:f11244b01e4ab04c:ee4e66a91731f721:0 : Message: Container creation failed, due to disk out of space : Result: DISK_OUT_OF_SPACE
00:55:49.711 [pool-47-thread-29] ERROR DNAudit - user=null | ip=null | op=WRITE_CHUNK {blockData=conID: 3 locID: 102289856900562989 bcsId: 0} | ret=FAILURE
org.apache.hadoop.hdds.scm.container.common.helpers.StorageContainerException: ContainerID 3 creation failed
	at org.apache.hadoop.ozone.container.common.impl.HddsDispatcher.dispatchRequest(HddsDispatcher.java:227) ~[classes/:?]
	at org.apache.hadoop.ozone.container.common.impl.HddsDispatcher.dispatch(HddsDispatcher.java:148) ~[classes/:?]
	at org.apache.hadoop.ozone.container.common.transport.server.ratis.ContainerStateMachine.dispatchCommand(ContainerStateMachine.java:347) ~[classes/:?]
	at org.apache.hadoop.ozone.container.common.transport.server.ratis.ContainerStateMachine.runCommand(ContainerStateMachine.java:354) ~[classes/:?]
	at org.apache.hadoop.ozone.container.common.transport.server.ratis.ContainerStateMachine.lambda$handleWriteChunk$0(ContainerStateMachine.java:385) ~[classes/:?]
	at java.util.concurrent.CompletableFuture$AsyncSupply.run(CompletableFuture.java:1590) [?:1.8.0_212]
	at java.util.concurrent.ThreadPoolExecutor.runWorker(ThreadPoolExecutor.java:1149) [?:1.8.0_212]
	at java.util.concurrent.ThreadPoolExecutor$Worker.run(ThreadPoolExecutor.java:624) [?:1.8.0_212]
	at java.lang.Thread.run(Thread.java:748) [?:1.8.0_212]
2019-06-18 00:55:49,712 INFO  impl.HddsDispatcher (ContainerUtils.java:logAndReturnError(146)) - Operation: WriteChunk : Trace ID: 19a200ad11307bc8:f11244b01e4ab04c:ee4e66a91731f721:0 : Message: ContainerID 3 creation failed : Result: DISK_OUT_OF_SPACE
 11.00% |████████████                                                                                         |  11/100 Time: 0:00:0400:55:49.718 [pool-51-thread-1] ERROR DNAudit - user=null | ip=null | op=WRITE_CHUNK {blockData=conID: 3 locID: 102289856900562989 bcsId: 0} | ret=FAILURE
org.apache.hadoop.hdds.scm.container.common.helpers.StorageContainerException: ContainerID 3 does not exist
	at org.apache.hadoop.ozone.container.common.impl.HddsDispatcher.dispatchRequest(HddsDispatcher.java:242) ~[classes/:?]
	at org.apache.hadoop.ozone.container.common.impl.HddsDispatcher.dispatch(HddsDispatcher.java:148) ~[classes/:?]
	at org.apache.hadoop.ozone.container.common.transport.server.ratis.ContainerStateMachine.dispatchCommand(ContainerStateMachine.java:347) ~[classes/:?]
	at org.apache.hadoop.ozone.container.common.transport.server.ratis.ContainerStateMachine.runCommand(ContainerStateMachine.java:354) ~[classes/:?]
	at org.apache.hadoop.ozone.container.common.transport.server.ratis.ContainerStateMachine.lambda$applyTransaction$5(ContainerStateMachine.java:621) ~[classes/:?]
	at java.util.concurrent.CompletableFuture$AsyncSupply.run(CompletableFuture.java:1590) [?:1.8.0_212]
	at java.util.concurrent.ThreadPoolExecutor.runWorker(ThreadPoolExecutor.java:1149) [?:1.8.0_212]
	at java.util.concurrent.ThreadPoolExecutor$Worker.run(ThreadPoolExecutor.java:624) [?:1.8.0_212]
	at java.lang.Thread.run(Thread.java:748) [?:1.8.0_212]
2019-06-18 00:55:49,718 ERROR storage.BlockOutputStream (BlockOutputStream.java:validateResponse(538)) - Unexpected Storage Container Exception: 
org.apache.hadoop.hdds.scm.container.common.helpers.StorageContainerException: ContainerID 3 does not exist
	at org.apache.hadoop.hdds.scm.storage.ContainerProtocolCalls.validateContainerResponse(ContainerProtocolCalls.java:536)
	at org.apache.hadoop.hdds.scm.storage.BlockOutputStream.validateResponse(BlockOutputStream.java:536)
	at org.apache.hadoop.hdds.scm.storage.BlockOutputStream.lambda$writeChunkToContainer$2(BlockOutputStream.java:614)
	at java.util.concurrent.CompletableFuture.uniApply(CompletableFuture.java:602)
	at java.util.concurrent.CompletableFuture$UniApply.tryFire(CompletableFuture.java:577)
	at java.util.concurrent.CompletableFuture$Completion.run(CompletableFuture.java:442)
	at java.util.concurrent.ThreadPoolExecutor.runWorker(ThreadPoolExecutor.java:1149)
	at java.util.concurrent.ThreadPoolExecutor$Worker.run(ThreadPoolExecutor.java:624)
	at java.lang.Thread.run(Thread.java:748)
2019-06-18 00:55:49,726 INFO  impl.HddsDispatcher (ContainerUtils.java:logAndReturnError(146)) - Operation: WriteChunk : Trace ID: 19a200ad11307bc8:f11244b01e4ab04c:ee4e66a91731f721:0 : Message: ContainerID 3 does not exist : Result: CONTAINER_NOT_FOUND
00:55:49.748 [pool-30-thread-1] ERROR DNAudit - user=null | ip=null | op=PUT_BLOCK {blockData=[blockId=conID: 3 locID: 102289856900562989 bcsId: 0,size=10240]} | ret=FAILURE
org.apache.hadoop.hdds.scm.container.common.helpers.StorageContainerException: ContainerID 3 does not exist
	at org.apache.hadoop.ozone.container.common.impl.HddsDispatcher.dispatchRequest(HddsDispatcher.java:242) ~[classes/:?]
	at org.apache.hadoop.ozone.container.common.impl.HddsDispatcher.dispatch(HddsDispatcher.java:148) ~[classes/:?]
	at org.apache.hadoop.ozone.container.common.transport.server.ratis.ContainerStateMachine.dispatchCommand(ContainerStateMachine.java:347) ~[classes/:?]
	at org.apache.hadoop.ozone.container.common.transport.server.ratis.ContainerStateMachine.runCommand(ContainerStateMachine.java:354) ~[classes/:?]
	at org.apache.hadoop.ozone.container.common.transport.server.ratis.ContainerStateMachine.lambda$applyTransaction$5(ContainerStateMachine.java:621) ~[classes/:?]
	at java.util.concurrent.CompletableFuture$AsyncSupply.run(CompletableFuture.java:1590) [?:1.8.0_212]
	at java.util.concurrent.ThreadPoolExecutor.runWorker(ThreadPoolExecutor.java:1149) [?:1.8.0_212]
	at java.util.concurrent.ThreadPoolExecutor$Worker.run(ThreadPoolExecutor.java:624) [?:1.8.0_212]
	at java.lang.Thread.run(Thread.java:748) [?:1.8.0_212]
2019-06-18 00:55:49,748 INFO  impl.HddsDispatcher (ContainerUtils.java:logAndReturnError(146)) - Operation: PutBlock : Trace ID: 19a200ad11307bc8:4fbfdf1fa5cd3b6c:ee4e66a91731f721:0 : Message: ContainerID 3 does not exist : Result: CONTAINER_NOT_FOUND
2019-06-18 00:55:49,750 INFO  client.GrpcClientProtocolClient (GrpcClientProtocolClient.java:onNext(254)) - client-7D96FB2A9EE9->2d9c32cf-d138-46ed-86fe-555b0f222d66: receive RaftClientReply:client-7D96FB2A9EE9->2d9c32cf-d138-46ed-86fe-555b0f222d66@group-F789D1FF0E52, cid=78, SUCCESS, logIndex=111, commits[2d9c32cf-d138-46ed-86fe-555b0f222d66:c111, 7d41c113-78b8-42e0-973f-a2985e127fce:c109, 845dac45-d65a-40db-aa8d-9123cdf470a5:c109]
00:55:49.758 [pool-51-thread-1] ERROR DNAudit - user=null | ip=null | op=PUT_BLOCK {blockData=[blockId=conID: 3 locID: 102289856900562989 bcsId: 0,size=10240]} | ret=FAILURE
org.apache.hadoop.hdds.scm.container.common.helpers.StorageContainerException: ContainerID 3 does not exist
	at org.apache.hadoop.ozone.container.common.impl.HddsDispatcher.dispatchRequest(HddsDispatcher.java:242) ~[classes/:?]
	at org.apache.hadoop.ozone.container.common.impl.HddsDispatcher.dispatch(HddsDispatcher.java:148) ~[classes/:?]
	at org.apache.hadoop.ozone.container.common.transport.server.ratis.ContainerStateMachine.dispatchCommand(ContainerStateMachine.java:347) ~[classes/:?]
	at org.apache.hadoop.ozone.container.common.transport.server.ratis.ContainerStateMachine.runCommand(ContainerStateMachine.java:354) ~[classes/:?]
	at org.apache.hadoop.ozone.container.common.transport.server.ratis.ContainerStateMachine.lambda$applyTransaction$5(ContainerStateMachine.java:621) ~[classes/:?]
	at java.util.concurrent.CompletableFuture$AsyncSupply.run(CompletableFuture.java:1590) [?:1.8.0_212]
	at java.util.concurrent.ThreadPoolExecutor.runWorker(ThreadPoolExecutor.java:1149) [?:1.8.0_212]
	at java.util.concurrent.ThreadPoolExecutor$Worker.run(ThreadPoolExecutor.java:624) [?:1.8.0_212]
	at java.lang.Thread.run(Thread.java:748) [?:1.8.0_212]
2019-06-18 00:55:49,759 INFO  impl.HddsDispatcher (ContainerUtils.java:logAndReturnError(146)) - Operation: PutBlock : Trace ID: 19a200ad11307bc8:4fbfdf1fa5cd3b6c:ee4e66a91731f721:0 : Message: ContainerID 3 does not exist : Result: CONTAINER_NOT_FOUND
00:55:49.791 [pool-72-thread-1] ERROR DNAudit - user=null | ip=null | op=PUT_BLOCK {blockData=[blockId=conID: 3 locID: 102289856900562989 bcsId: 0,size=10240]} | ret=FAILURE
org.apache.hadoop.hdds.scm.container.common.helpers.StorageContainerException: ContainerID 3 does not exist
	at org.apache.hadoop.ozone.container.common.impl.HddsDispatcher.dispatchRequest(HddsDispatcher.java:242) ~[classes/:?]
	at org.apache.hadoop.ozone.container.common.impl.HddsDispatcher.dispatch(HddsDispatcher.java:148) ~[classes/:?]
	at org.apache.hadoop.ozone.container.common.transport.server.ratis.ContainerStateMachine.dispatchCommand(ContainerStateMachine.java:347) ~[classes/:?]
	at org.apache.hadoop.ozone.container.common.transport.server.ratis.ContainerStateMachine.runCommand(ContainerStateMachine.java:354) ~[classes/:?]
	at org.apache.hadoop.ozone.container.common.transport.server.ratis.ContainerStateMachine.lambda$applyTransaction$5(ContainerStateMachine.java:621) ~[classes/:?]
	at java.util.concurrent.CompletableFuture$AsyncSupply.run(CompletableFuture.java:1590) [?:1.8.0_212]
	at java.util.concurrent.ThreadPoolExecutor.runWorker(ThreadPoolExecutor.java:1149) [?:1.8.0_212]
	at java.util.concurrent.ThreadPoolExecutor$Worker.run(ThreadPoolExecutor.java:624) [?:1.8.0_212]
	at java.lang.Thread.run(Thread.java:748) [?:1.8.0_212]
2019-06-18 00:55:49,788 ERROR freon.RandomKeyGenerator (RandomKeyGenerator.java:run(675)) - Exception while adding key: key-9-22099 in bucket: org.apache.hadoop.ozone.client.OzoneBucket@451dfe67 of volume: org.apache.hadoop.ozone.client.OzoneVolume@4bda18b4.
java.io.IOException: Unexpected Storage Container Exception: org.apache.hadoop.hdds.scm.container.common.helpers.StorageContainerException: ContainerID 3 does not exist
	at org.apache.hadoop.hdds.scm.storage.BlockOutputStream.setIoException(BlockOutputStream.java:548)
	at org.apache.hadoop.hdds.scm.storage.BlockOutputStream.validateResponse(BlockOutputStream.java:539)
	at org.apache.hadoop.hdds.scm.storage.BlockOutputStream.lambda$writeChunkToContainer$2(BlockOutputStream.java:614)
	at java.util.concurrent.CompletableFuture.uniApply(CompletableFuture.java:602)
	at java.util.concurrent.CompletableFuture$UniApply.tryFire(CompletableFuture.java:577)
	at java.util.concurrent.CompletableFuture$Completion.run(CompletableFuture.java:442)
	at java.util.concurrent.ThreadPoolExecutor.runWorker(ThreadPoolExecutor.java:1149)
	at java.util.concurrent.ThreadPoolExecutor$Worker.run(ThreadPoolExecutor.java:624)
	at java.lang.Thread.run(Thread.java:748)
Caused by: org.apache.hadoop.hdds.scm.container.common.helpers.StorageContainerException: ContainerID 3 does not exist
	at org.apache.hadoop.hdds.scm.storage.ContainerProtocolCalls.validateContainerResponse(ContainerProtocolCalls.java:536)
	at org.apache.hadoop.hdds.scm.storage.BlockOutputStream.validateResponse(BlockOutputStream.java:536)
	... 7 more
2019-06-18 00:55:49,792 INFO  rpc.RpcClient (RpcClient.java:createBucket(426)) - Creating Bucket: vol-0-55666/bucket-1-30538, with Versioning false and Storage Type set to DISK and Encryption set to false 
2019-06-18 00:55:49,791 INFO  impl.HddsDispatcher (ContainerUtils.java:logAndReturnError(146)) - Operation: PutBlock : Trace ID: 19a200ad11307bc8:4fbfdf1fa5cd3b6c:ee4e66a91731f721:0 : Message: ContainerID 3 does not exist : Result: CONTAINER_NOT_FOUND
2019-06-18 00:55:49,799 INFO  client.GrpcClientProtocolClient (GrpcClientProtocolClient.java:onNext(254)) - client-7D96FB2A9EE9->2d9c32cf-d138-46ed-86fe-555b0f222d66: receive RaftClientReply:client-7D96FB2A9EE9->2d9c32cf-d138-46ed-86fe-555b0f222d66@group-F789D1FF0E52, cid=79, SUCCESS, logIndex=113, commits[2d9c32cf-d138-46ed-86fe-555b0f222d66:c113, 7d41c113-78b8-42e0-973f-a2985e127fce:c111, 845dac45-d65a-40db-aa8d-9123cdf470a5:c111]
2019-06-18 00:55:49,803 INFO  client.GrpcClientProtocolClient (GrpcClientProtocolClient.java:onNext(254)) - client-7D96FB2A9EE9->2d9c32cf-d138-46ed-86fe-555b0f222d66: receive RaftClientReply:client-7D96FB2A9EE9->2d9c32cf-d138-46ed-86fe-555b0f222d66@group-F789D1FF0E52, cid=80, SUCCESS, logIndex=114, commits[2d9c32cf-d138-46ed-86fe-555b0f222d66:c114, 7d41c113-78b8-42e0-973f-a2985e127fce:c111, 845dac45-d65a-40db-aa8d-9123cdf470a5:c111]
2019-06-18 00:55:49,815 INFO  client.GrpcClientProtocolClient (GrpcClientProtocolClient.java:onNext(254)) - client-7D96FB2A9EE9->2d9c32cf-d138-46ed-86fe-555b0f222d66: receive RaftClientReply:client-7D96FB2A9EE9->2d9c32cf-d138-46ed-86fe-555b0f222d66@group-F789D1FF0E52, cid=83, SUCCESS, logIndex=0, commits[2d9c32cf-d138-46ed-86fe-555b0f222d66:c116, 7d41c113-78b8-42e0-973f-a2985e127fce:c114, 845dac45-d65a-40db-aa8d-9123cdf470a5:c114]
2019-06-18 00:55:49,823 INFO  client.GrpcClientProtocolClient (GrpcClientProtocolClient.java:onNext(254)) - client-7D96FB2A9EE9->2d9c32cf-d138-46ed-86fe-555b0f222d66: receive RaftClientReply:client-7D96FB2A9EE9->2d9c32cf-d138-46ed-86fe-555b0f222d66@group-F789D1FF0E52, cid=81, SUCCESS, logIndex=117, commits[2d9c32cf-d138-46ed-86fe-555b0f222d66:c117, 7d41c113-78b8-42e0-973f-a2985e127fce:c115, 845dac45-d65a-40db-aa8d-9123cdf470a5:c114]
2019-06-18 00:55:49,868 INFO  client.GrpcClientProtocolClient (GrpcClientProtocolClient.java:onNext(254)) - client-7D96FB2A9EE9->2d9c32cf-d138-46ed-86fe-555b0f222d66: receive RaftClientReply:client-7D96FB2A9EE9->2d9c32cf-d138-46ed-86fe-555b0f222d66@group-F789D1FF0E52, cid=82, SUCCESS, logIndex=119, commits[2d9c32cf-d138-46ed-86fe-555b0f222d66:c119, 7d41c113-78b8-42e0-973f-a2985e127fce:c118, 845dac45-d65a-40db-aa8d-9123cdf470a5:c117]
2019-06-18 00:55:49,869 INFO  keyvalue.KeyValueHandler (ContainerUtils.java:logAndReturnError(146)) - Operation: CreateContainer : Trace ID: 10f5b6fca1bc95a6:d90ac79e0ea005d0:58dd6403847bd915:0 : Message: Container creation failed, due to disk out of space : Result: DISK_OUT_OF_SPACE
00:55:49.869 [pool-26-thread-35] ERROR DNAudit - user=null | ip=null | op=WRITE_CHUNK {blockData=conID: 3 locID: 102289856910786611 bcsId: 0} | ret=FAILURE
org.apache.hadoop.hdds.scm.container.common.helpers.StorageContainerException: ContainerID 3 creation failed
	at org.apache.hadoop.ozone.container.common.impl.HddsDispatcher.dispatchRequest(HddsDispatcher.java:227) ~[classes/:?]
	at org.apache.hadoop.ozone.container.common.impl.HddsDispatcher.dispatch(HddsDispatcher.java:148) ~[classes/:?]
	at org.apache.hadoop.ozone.container.common.transport.server.ratis.ContainerStateMachine.dispatchCommand(ContainerStateMachine.java:347) ~[classes/:?]
	at org.apache.hadoop.ozone.container.common.transport.server.ratis.ContainerStateMachine.runCommand(ContainerStateMachine.java:354) ~[classes/:?]
	at org.apache.hadoop.ozone.container.common.transport.server.ratis.ContainerStateMachine.lambda$handleWriteChunk$0(ContainerStateMachine.java:385) ~[classes/:?]
	at java.util.concurrent.CompletableFuture$AsyncSupply.run(CompletableFuture.java:1590) [?:1.8.0_212]
	at java.util.concurrent.ThreadPoolExecutor.runWorker(ThreadPoolExecutor.java:1149) [?:1.8.0_212]
	at java.util.concurrent.ThreadPoolExecutor$Worker.run(ThreadPoolExecutor.java:624) [?:1.8.0_212]
	at java.lang.Thread.run(Thread.java:748) [?:1.8.0_212]
2019-06-18 00:55:49,869 INFO  impl.HddsDispatcher (ContainerUtils.java:logAndReturnError(146)) - Operation: WriteChunk : Trace ID: 10f5b6fca1bc95a6:d90ac79e0ea005d0:58dd6403847bd915:0 : Message: ContainerID 3 creation failed : Result: DISK_OUT_OF_SPACE
2019-06-18 00:55:49,872 INFO  client.GrpcClientProtocolClient (GrpcClientProtocolClient.java:onNext(254)) - client-7D96FB2A9EE9->2d9c32cf-d138-46ed-86fe-555b0f222d66: receive RaftClientReply:client-7D96FB2A9EE9->2d9c32cf-d138-46ed-86fe-555b0f222d66@group-F789D1FF0E52, cid=86, SUCCESS, logIndex=0, commits[2d9c32cf-d138-46ed-86fe-555b0f222d66:c120, 7d41c113-78b8-42e0-973f-a2985e127fce:c119, 845dac45-d65a-40db-aa8d-9123cdf470a5:c119]
2019-06-18 00:55:49,878 INFO  keyvalue.KeyValueHandler (ContainerUtils.java:logAndReturnError(146)) - Operation: CreateContainer : Trace ID: 10f5b6fca1bc95a6:d90ac79e0ea005d0:58dd6403847bd915:0 : Message: Container creation failed, due to disk out of space : Result: DISK_OUT_OF_SPACE
00:55:49.878 [pool-68-thread-33] ERROR DNAudit - user=null | ip=null | op=WRITE_CHUNK {blockData=conID: 3 locID: 102289856910786611 bcsId: 0} | ret=FAILURE
org.apache.hadoop.hdds.scm.container.common.helpers.StorageContainerException: ContainerID 3 creation failed
	at org.apache.hadoop.ozone.container.common.impl.HddsDispatcher.dispatchRequest(HddsDispatcher.java:227) ~[classes/:?]
	at org.apache.hadoop.ozone.container.common.impl.HddsDispatcher.dispatch(HddsDispatcher.java:148) ~[classes/:?]
	at org.apache.hadoop.ozone.container.common.transport.server.ratis.ContainerStateMachine.dispatchCommand(ContainerStateMachine.java:347) ~[classes/:?]
	at org.apache.hadoop.ozone.container.common.transport.server.ratis.ContainerStateMachine.runCommand(ContainerStateMachine.java:354) ~[classes/:?]
	at org.apache.hadoop.ozone.container.common.transport.server.ratis.ContainerStateMachine.lambda$handleWriteChunk$0(ContainerStateMachine.java:385) ~[classes/:?]
	at java.util.concurrent.CompletableFuture$AsyncSupply.run(CompletableFuture.java:1590) [?:1.8.0_212]
	at java.util.concurrent.ThreadPoolExecutor.runWorker(ThreadPoolExecutor.java:1149) [?:1.8.0_212]
	at java.util.concurrent.ThreadPoolExecutor$Worker.run(ThreadPoolExecutor.java:624) [?:1.8.0_212]
	at java.lang.Thread.run(Thread.java:748) [?:1.8.0_212]
2019-06-18 00:55:49,879 INFO  impl.HddsDispatcher (ContainerUtils.java:logAndReturnError(146)) - Operation: WriteChunk : Trace ID: 10f5b6fca1bc95a6:d90ac79e0ea005d0:58dd6403847bd915:0 : Message: ContainerID 3 creation failed : Result: DISK_OUT_OF_SPACE
2019-06-18 00:55:49,879 INFO  keyvalue.KeyValueHandler (ContainerUtils.java:logAndReturnError(146)) - Operation: CreateContainer : Trace ID: 10f5b6fca1bc95a6:d90ac79e0ea005d0:58dd6403847bd915:0 : Message: Container creation failed, due to disk out of space : Result: DISK_OUT_OF_SPACE
00:55:49.879 [pool-47-thread-32] ERROR DNAudit - user=null | ip=null | op=WRITE_CHUNK {blockData=conID: 3 locID: 102289856910786611 bcsId: 0} | ret=FAILURE
org.apache.hadoop.hdds.scm.container.common.helpers.StorageContainerException: ContainerID 3 creation failed
	at org.apache.hadoop.ozone.container.common.impl.HddsDispatcher.dispatchRequest(HddsDispatcher.java:227) ~[classes/:?]
	at org.apache.hadoop.ozone.container.common.impl.HddsDispatcher.dispatch(HddsDispatcher.java:148) ~[classes/:?]
	at org.apache.hadoop.ozone.container.common.transport.server.ratis.ContainerStateMachine.dispatchCommand(ContainerStateMachine.java:347) ~[classes/:?]
	at org.apache.hadoop.ozone.container.common.transport.server.ratis.ContainerStateMachine.runCommand(ContainerStateMachine.java:354) ~[classes/:?]
	at org.apache.hadoop.ozone.container.common.transport.server.ratis.ContainerStateMachine.lambda$handleWriteChunk$0(ContainerStateMachine.java:385) ~[classes/:?]
	at java.util.concurrent.CompletableFuture$AsyncSupply.run(CompletableFuture.java:1590) [?:1.8.0_212]
	at java.util.concurrent.ThreadPoolExecutor.runWorker(ThreadPoolExecutor.java:1149) [?:1.8.0_212]
	at java.util.concurrent.ThreadPoolExecutor$Worker.run(ThreadPoolExecutor.java:624) [?:1.8.0_212]
	at java.lang.Thread.run(Thread.java:748) [?:1.8.0_212]
2019-06-18 00:55:49,879 INFO  impl.HddsDispatcher (ContainerUtils.java:logAndReturnError(146)) - Operation: WriteChunk : Trace ID: 10f5b6fca1bc95a6:d90ac79e0ea005d0:58dd6403847bd915:0 : Message: ContainerID 3 creation failed : Result: DISK_OUT_OF_SPACE
00:55:49.886 [pool-30-thread-1] ERROR DNAudit - user=null | ip=null | op=WRITE_CHUNK {blockData=conID: 3 locID: 102289856910786611 bcsId: 0} | ret=FAILURE
org.apache.hadoop.hdds.scm.container.common.helpers.StorageContainerException: ContainerID 3 does not exist
	at org.apache.hadoop.ozone.container.common.impl.HddsDispatcher.dispatchRequest(HddsDispatcher.java:242) ~[classes/:?]
	at org.apache.hadoop.ozone.container.common.impl.HddsDispatcher.dispatch(HddsDispatcher.java:148) ~[classes/:?]
	at org.apache.hadoop.ozone.container.common.transport.server.ratis.ContainerStateMachine.dispatchCommand(ContainerStateMachine.java:347) ~[classes/:?]
	at org.apache.hadoop.ozone.container.common.transport.server.ratis.ContainerStateMachine.runCommand(ContainerStateMachine.java:354) ~[classes/:?]
	at org.apache.hadoop.ozone.container.common.transport.server.ratis.ContainerStateMachine.lambda$applyTransaction$5(ContainerStateMachine.java:621) ~[classes/:?]
	at java.util.concurrent.CompletableFuture$AsyncSupply.run(CompletableFuture.java:1590) [?:1.8.0_212]
	at java.util.concurrent.ThreadPoolExecutor.runWorker(ThreadPoolExecutor.java:1149) [?:1.8.0_212]
	at java.util.concurrent.ThreadPoolExecutor$Worker.run(ThreadPoolExecutor.java:624) [?:1.8.0_212]
	at java.lang.Thread.run(Thread.java:748) [?:1.8.0_212]
2019-06-18 00:55:49,886 INFO  impl.HddsDispatcher (ContainerUtils.java:logAndReturnError(146)) - Operation: WriteChunk : Trace ID: 10f5b6fca1bc95a6:d90ac79e0ea005d0:58dd6403847bd915:0 : Message: ContainerID 3 does not exist : Result: CONTAINER_NOT_FOUND
00:55:49.894 [pool-30-thread-1] ERROR DNAudit - user=null | ip=null | op=PUT_BLOCK {blockData=[blockId=conID: 3 locID: 102289856910786611 bcsId: 0,size=10240]} | ret=FAILURE
org.apache.hadoop.hdds.scm.container.common.helpers.StorageContainerException: ContainerID 3 does not exist
	at org.apache.hadoop.ozone.container.common.impl.HddsDispatcher.dispatchRequest(HddsDispatcher.java:242) ~[classes/:?]
	at org.apache.hadoop.ozone.container.common.impl.HddsDispatcher.dispatch(HddsDispatcher.java:148) ~[classes/:?]
	at org.apache.hadoop.ozone.container.common.transport.server.ratis.ContainerStateMachine.dispatchCommand(ContainerStateMachine.java:347) ~[classes/:?]
	at org.apache.hadoop.ozone.container.common.transport.server.ratis.ContainerStateMachine.runCommand(ContainerStateMachine.java:354) ~[classes/:?]
	at org.apache.hadoop.ozone.container.common.transport.server.ratis.ContainerStateMachine.lambda$applyTransaction$5(ContainerStateMachine.java:621) ~[classes/:?]
	at java.util.concurrent.CompletableFuture$AsyncSupply.run(CompletableFuture.java:1590) [?:1.8.0_212]
	at java.util.concurrent.ThreadPoolExecutor.runWorker(ThreadPoolExecutor.java:1149) [?:1.8.0_212]
	at java.util.concurrent.ThreadPoolExecutor$Worker.run(ThreadPoolExecutor.java:624) [?:1.8.0_212]
	at java.lang.Thread.run(Thread.java:748) [?:1.8.0_212]
2019-06-18 00:55:49,894 INFO  impl.HddsDispatcher (ContainerUtils.java:logAndReturnError(146)) - Operation: PutBlock : Trace ID: 10f5b6fca1bc95a6:52222011c72d1b5f:58dd6403847bd915:0 : Message: ContainerID 3 does not exist : Result: CONTAINER_NOT_FOUND
00:55:49.894 [pool-72-thread-1] ERROR DNAudit - user=null | ip=null | op=WRITE_CHUNK {blockData=conID: 3 locID: 102289856910786611 bcsId: 0} | ret=FAILURE
org.apache.hadoop.hdds.scm.container.common.helpers.StorageContainerException: ContainerID 3 does not exist
	at org.apache.hadoop.ozone.container.common.impl.HddsDispatcher.dispatchRequest(HddsDispatcher.java:242) ~[classes/:?]
	at org.apache.hadoop.ozone.container.common.impl.HddsDispatcher.dispatch(HddsDispatcher.java:148) ~[classes/:?]
	at org.apache.hadoop.ozone.container.common.transport.server.ratis.ContainerStateMachine.dispatchCommand(ContainerStateMachine.java:347) ~[classes/:?]
	at org.apache.hadoop.ozone.container.common.transport.server.ratis.ContainerStateMachine.runCommand(ContainerStateMachine.java:354) ~[classes/:?]
	at org.apache.hadoop.ozone.container.common.transport.server.ratis.ContainerStateMachine.lambda$applyTransaction$5(ContainerStateMachine.java:621) ~[classes/:?]
	at java.util.concurrent.CompletableFuture$AsyncSupply.run(CompletableFuture.java:1590) [?:1.8.0_212]
	at java.util.concurrent.ThreadPoolExecutor.runWorker(ThreadPoolExecutor.java:1149) [?:1.8.0_212]
	at java.util.concurrent.ThreadPoolExecutor$Worker.run(ThreadPoolExecutor.java:624) [?:1.8.0_212]
	at java.lang.Thread.run(Thread.java:748) [?:1.8.0_212]
2019-06-18 00:55:49,895 INFO  impl.HddsDispatcher (ContainerUtils.java:logAndReturnError(146)) - Operation: WriteChunk : Trace ID: 10f5b6fca1bc95a6:d90ac79e0ea005d0:58dd6403847bd915:0 : Message: ContainerID 3 does not exist : Result: CONTAINER_NOT_FOUND
00:55:49.893 [pool-51-thread-1] ERROR DNAudit - user=null | ip=null | op=WRITE_CHUNK {blockData=conID: 3 locID: 102289856910786611 bcsId: 0} | ret=FAILURE
org.apache.hadoop.hdds.scm.container.common.helpers.StorageContainerException: ContainerID 3 does not exist
	at org.apache.hadoop.ozone.container.common.impl.HddsDispatcher.dispatchRequest(HddsDispatcher.java:242) ~[classes/:?]
	at org.apache.hadoop.ozone.container.common.impl.HddsDispatcher.dispatch(HddsDispatcher.java:148) ~[classes/:?]
	at org.apache.hadoop.ozone.container.common.transport.server.ratis.ContainerStateMachine.dispatchCommand(ContainerStateMachine.java:347) ~[classes/:?]
	at org.apache.hadoop.ozone.container.common.transport.server.ratis.ContainerStateMachine.runCommand(ContainerStateMachine.java:354) ~[classes/:?]
	at org.apache.hadoop.ozone.container.common.transport.server.ratis.ContainerStateMachine.lambda$applyTransaction$5(ContainerStateMachine.java:621) ~[classes/:?]
	at java.util.concurrent.CompletableFuture$AsyncSupply.run(CompletableFuture.java:1590) [?:1.8.0_212]
	at java.util.concurrent.ThreadPoolExecutor.runWorker(ThreadPoolExecutor.java:1149) [?:1.8.0_212]
	at java.util.concurrent.ThreadPoolExecutor$Worker.run(ThreadPoolExecutor.java:624) [?:1.8.0_212]
	at java.lang.Thread.run(Thread.java:748) [?:1.8.0_212]
2019-06-18 00:55:49,895 INFO  impl.HddsDispatcher (ContainerUtils.java:logAndReturnError(146)) - Operation: WriteChunk : Trace ID: 10f5b6fca1bc95a6:d90ac79e0ea005d0:58dd6403847bd915:0 : Message: ContainerID 3 does not exist : Result: CONTAINER_NOT_FOUND
00:55:49.896 [pool-51-thread-1] ERROR DNAudit - user=null | ip=null | op=PUT_BLOCK {blockData=[blockId=conID: 3 locID: 102289856910786611 bcsId: 0,size=10240]} | ret=FAILURE
org.apache.hadoop.hdds.scm.container.common.helpers.StorageContainerException: ContainerID 3 does not exist
	at org.apache.hadoop.ozone.container.common.impl.HddsDispatcher.dispatchRequest(HddsDispatcher.java:242) ~[classes/:?]
	at org.apache.hadoop.ozone.container.common.impl.HddsDispatcher.dispatch(HddsDispatcher.java:148) ~[classes/:?]
	at org.apache.hadoop.ozone.container.common.transport.server.ratis.ContainerStateMachine.dispatchCommand(ContainerStateMachine.java:347) ~[classes/:?]
	at org.apache.hadoop.ozone.container.common.transport.server.ratis.ContainerStateMachine.runCommand(ContainerStateMachine.java:354) ~[classes/:?]
	at org.apache.hadoop.ozone.container.common.transport.server.ratis.ContainerStateMachine.lambda$applyTransaction$5(ContainerStateMachine.java:621) ~[classes/:?]
	at java.util.concurrent.CompletableFuture$AsyncSupply.run(CompletableFuture.java:1590) [?:1.8.0_212]
	at java.util.concurrent.ThreadPoolExecutor.runWorker(ThreadPoolExecutor.java:1149) [?:1.8.0_212]
	at java.util.concurrent.ThreadPoolExecutor$Worker.run(ThreadPoolExecutor.java:624) [?:1.8.0_212]
	at java.lang.Thread.run(Thread.java:748) [?:1.8.0_212]
2019-06-18 00:55:49,896 INFO  impl.HddsDispatcher (ContainerUtils.java:logAndReturnError(146)) - Operation: PutBlock : Trace ID: 10f5b6fca1bc95a6:52222011c72d1b5f:58dd6403847bd915:0 : Message: ContainerID 3 does not exist : Result: CONTAINER_NOT_FOUND
2019-06-18 00:55:49,902 INFO  client.GrpcClientProtocolClient (GrpcClientProtocolClient.java:onNext(254)) - client-7D96FB2A9EE9->2d9c32cf-d138-46ed-86fe-555b0f222d66: receive RaftClientReply:client-7D96FB2A9EE9->2d9c32cf-d138-46ed-86fe-555b0f222d66@group-F789D1FF0E52, cid=84, SUCCESS, logIndex=121, commits[2d9c32cf-d138-46ed-86fe-555b0f222d66:c122, 7d41c113-78b8-42e0-973f-a2985e127fce:c120, 845dac45-d65a-40db-aa8d-9123cdf470a5:c120]
00:55:49.908 [pool-72-thread-1] ERROR DNAudit - user=null | ip=null | op=PUT_BLOCK {blockData=[blockId=conID: 3 locID: 102289856910786611 bcsId: 0,size=10240]} | ret=FAILURE
org.apache.hadoop.hdds.scm.container.common.helpers.StorageContainerException: ContainerID 3 does not exist
	at org.apache.hadoop.ozone.container.common.impl.HddsDispatcher.dispatchRequest(HddsDispatcher.java:242) ~[classes/:?]
	at org.apache.hadoop.ozone.container.common.impl.HddsDispatcher.dispatch(HddsDispatcher.java:148) ~[classes/:?]
	at org.apache.hadoop.ozone.container.common.transport.server.ratis.ContainerStateMachine.dispatchCommand(ContainerStateMachine.java:347) ~[classes/:?]
	at org.apache.hadoop.ozone.container.common.transport.server.ratis.ContainerStateMachine.runCommand(ContainerStateMachine.java:354) ~[classes/:?]
	at org.apache.hadoop.ozone.container.common.transport.server.ratis.ContainerStateMachine.lambda$applyTransaction$5(ContainerStateMachine.java:621) ~[classes/:?]
	at java.util.concurrent.CompletableFuture$AsyncSupply.run(CompletableFuture.java:1590) [?:1.8.0_212]
	at java.util.concurrent.ThreadPoolExecutor.runWorker(ThreadPoolExecutor.java:1149) [?:1.8.0_212]
	at java.util.concurrent.ThreadPoolExecutor$Worker.run(ThreadPoolExecutor.java:624) [?:1.8.0_212]
	at java.lang.Thread.run(Thread.java:748) [?:1.8.0_212]
2019-06-18 00:55:49,908 INFO  impl.HddsDispatcher (ContainerUtils.java:logAndReturnError(146)) - Operation: PutBlock : Trace ID: 10f5b6fca1bc95a6:52222011c72d1b5f:58dd6403847bd915:0 : Message: ContainerID 3 does not exist : Result: CONTAINER_NOT_FOUND
2019-06-18 00:55:49,911 INFO  client.GrpcClientProtocolClient (GrpcClientProtocolClient.java:onNext(254)) - client-7D96FB2A9EE9->2d9c32cf-d138-46ed-86fe-555b0f222d66: receive RaftClientReply:client-7D96FB2A9EE9->2d9c32cf-d138-46ed-86fe-555b0f222d66@group-F789D1FF0E52, cid=85, SUCCESS, logIndex=122, commits[2d9c32cf-d138-46ed-86fe-555b0f222d66:c122, 7d41c113-78b8-42e0-973f-a2985e127fce:c121, 845dac45-d65a-40db-aa8d-9123cdf470a5:c120]
2019-06-18 00:55:49,912 ERROR storage.BlockOutputStream (BlockOutputStream.java:validateResponse(538)) - Unexpected Storage Container Exception: 
org.apache.hadoop.hdds.scm.container.common.helpers.StorageContainerException: ContainerID 3 does not exist
	at org.apache.hadoop.hdds.scm.storage.ContainerProtocolCalls.validateContainerResponse(ContainerProtocolCalls.java:536)
	at org.apache.hadoop.hdds.scm.storage.BlockOutputStream.validateResponse(BlockOutputStream.java:536)
	at org.apache.hadoop.hdds.scm.storage.BlockOutputStream.lambda$writeChunkToContainer$2(BlockOutputStream.java:614)
	at java.util.concurrent.CompletableFuture.uniApply(CompletableFuture.java:602)
	at java.util.concurrent.CompletableFuture$UniApply.tryFire(CompletableFuture.java:577)
	at java.util.concurrent.CompletableFuture$Completion.run(CompletableFuture.java:442)
	at java.util.concurrent.ThreadPoolExecutor.runWorker(ThreadPoolExecutor.java:1149)
	at java.util.concurrent.ThreadPoolExecutor$Worker.run(ThreadPoolExecutor.java:624)
	at java.lang.Thread.run(Thread.java:748)
2019-06-18 00:55:49,918 ERROR freon.RandomKeyGenerator (RandomKeyGenerator.java:run(675)) - Exception while adding key: key-8-82409 in bucket: org.apache.hadoop.ozone.client.OzoneBucket@1ea6c095 of volume: org.apache.hadoop.ozone.client.OzoneVolume@ddbf95a.
java.io.IOException: Unexpected Storage Container Exception: org.apache.hadoop.hdds.scm.container.common.helpers.StorageContainerException: ContainerID 3 does not exist
	at org.apache.hadoop.hdds.scm.storage.BlockOutputStream.setIoException(BlockOutputStream.java:548)
	at org.apache.hadoop.hdds.scm.storage.BlockOutputStream.validateResponse(BlockOutputStream.java:539)
	at org.apache.hadoop.hdds.scm.storage.BlockOutputStream.lambda$writeChunkToContainer$2(BlockOutputStream.java:614)
	at java.util.concurrent.CompletableFuture.uniApply(CompletableFuture.java:602)
	at java.util.concurrent.CompletableFuture$UniApply.tryFire(CompletableFuture.java:577)
	at java.util.concurrent.CompletableFuture$Completion.run(CompletableFuture.java:442)
	at java.util.concurrent.ThreadPoolExecutor.runWorker(ThreadPoolExecutor.java:1149)
	at java.util.concurrent.ThreadPoolExecutor$Worker.run(ThreadPoolExecutor.java:624)
	at java.lang.Thread.run(Thread.java:748)
Caused by: org.apache.hadoop.hdds.scm.container.common.helpers.StorageContainerException: ContainerID 3 does not exist
	at org.apache.hadoop.hdds.scm.storage.ContainerProtocolCalls.validateContainerResponse(ContainerProtocolCalls.java:536)
	at org.apache.hadoop.hdds.scm.storage.BlockOutputStream.validateResponse(BlockOutputStream.java:536)
	... 7 more
2019-06-18 00:55:49,922 INFO  client.GrpcClientProtocolClient (GrpcClientProtocolClient.java:onNext(254)) - client-7D96FB2A9EE9->2d9c32cf-d138-46ed-86fe-555b0f222d66: receive RaftClientReply:client-7D96FB2A9EE9->2d9c32cf-d138-46ed-86fe-555b0f222d66@group-F789D1FF0E52, cid=87, SUCCESS, logIndex=125, commits[2d9c32cf-d138-46ed-86fe-555b0f222d66:c126, 7d41c113-78b8-42e0-973f-a2985e127fce:c124, 845dac45-d65a-40db-aa8d-9123cdf470a5:c124]
2019-06-18 00:55:49,924 INFO  client.GrpcClientProtocolClient (GrpcClientProtocolClient.java:onNext(254)) - client-7D96FB2A9EE9->2d9c32cf-d138-46ed-86fe-555b0f222d66: receive RaftClientReply:client-7D96FB2A9EE9->2d9c32cf-d138-46ed-86fe-555b0f222d66@group-F789D1FF0E52, cid=88, SUCCESS, logIndex=126, commits[2d9c32cf-d138-46ed-86fe-555b0f222d66:c126, 7d41c113-78b8-42e0-973f-a2985e127fce:c124, 845dac45-d65a-40db-aa8d-9123cdf470a5:c124]
2019-06-18 00:55:49,937 INFO  client.GrpcClientProtocolClient (GrpcClientProtocolClient.java:onNext(254)) - client-7D96FB2A9EE9->2d9c32cf-d138-46ed-86fe-555b0f222d66: receive RaftClientReply:client-7D96FB2A9EE9->2d9c32cf-d138-46ed-86fe-555b0f222d66@group-F789D1FF0E52, cid=91, SUCCESS, logIndex=0, commits[2d9c32cf-d138-46ed-86fe-555b0f222d66:c128, 7d41c113-78b8-42e0-973f-a2985e127fce:c126, 845dac45-d65a-40db-aa8d-9123cdf470a5:c126]
2019-06-18 00:55:49,943 INFO  client.GrpcClientProtocolClient (GrpcClientProtocolClient.java:onNext(254)) - client-7D96FB2A9EE9->2d9c32cf-d138-46ed-86fe-555b0f222d66: receive RaftClientReply:client-7D96FB2A9EE9->2d9c32cf-d138-46ed-86fe-555b0f222d66@group-F789D1FF0E52, cid=89, SUCCESS, logIndex=129, commits[2d9c32cf-d138-46ed-86fe-555b0f222d66:c129, 7d41c113-78b8-42e0-973f-a2985e127fce:c126, 845dac45-d65a-40db-aa8d-9123cdf470a5:c128]
2019-06-18 00:55:49,994 INFO  client.GrpcClientProtocolClient (GrpcClientProtocolClient.java:onNext(254)) - client-7D96FB2A9EE9->2d9c32cf-d138-46ed-86fe-555b0f222d66: receive RaftClientReply:client-7D96FB2A9EE9->2d9c32cf-d138-46ed-86fe-555b0f222d66@group-F789D1FF0E52, cid=90, SUCCESS, logIndex=131, commits[2d9c32cf-d138-46ed-86fe-555b0f222d66:c131, 7d41c113-78b8-42e0-973f-a2985e127fce:c130, 845dac45-d65a-40db-aa8d-9123cdf470a5:c130]
2019-06-18 00:55:49,995 INFO  keyvalue.KeyValueHandler (ContainerUtils.java:logAndReturnError(146)) - Operation: CreateContainer : Trace ID: ba638698196c69bc:8efffb00b6719827:91e5ae30b044fb61:0 : Message: Container creation failed, due to disk out of space : Result: DISK_OUT_OF_SPACE
00:55:49.995 [pool-26-thread-44] ERROR DNAudit - user=null | ip=null | op=WRITE_CHUNK {blockData=conID: 3 locID: 102289856919568441 bcsId: 0} | ret=FAILURE
org.apache.hadoop.hdds.scm.container.common.helpers.StorageContainerException: ContainerID 3 creation failed
	at org.apache.hadoop.ozone.container.common.impl.HddsDispatcher.dispatchRequest(HddsDispatcher.java:227) ~[classes/:?]
	at org.apache.hadoop.ozone.container.common.impl.HddsDispatcher.dispatch(HddsDispatcher.java:148) ~[classes/:?]
	at org.apache.hadoop.ozone.container.common.transport.server.ratis.ContainerStateMachine.dispatchCommand(ContainerStateMachine.java:347) ~[classes/:?]
	at org.apache.hadoop.ozone.container.common.transport.server.ratis.ContainerStateMachine.runCommand(ContainerStateMachine.java:354) ~[classes/:?]
	at org.apache.hadoop.ozone.container.common.transport.server.ratis.ContainerStateMachine.lambda$handleWriteChunk$0(ContainerStateMachine.java:385) ~[classes/:?]
	at java.util.concurrent.CompletableFuture$AsyncSupply.run(CompletableFuture.java:1590) [?:1.8.0_212]
	at java.util.concurrent.ThreadPoolExecutor.runWorker(ThreadPoolExecutor.java:1149) [?:1.8.0_212]
	at java.util.concurrent.ThreadPoolExecutor$Worker.run(ThreadPoolExecutor.java:624) [?:1.8.0_212]
	at java.lang.Thread.run(Thread.java:748) [?:1.8.0_212]
2019-06-18 00:55:49,996 INFO  impl.HddsDispatcher (ContainerUtils.java:logAndReturnError(146)) - Operation: WriteChunk : Trace ID: ba638698196c69bc:8efffb00b6719827:91e5ae30b044fb61:0 : Message: ContainerID 3 creation failed : Result: DISK_OUT_OF_SPACE
2019-06-18 00:55:49,996 INFO  client.GrpcClientProtocolClient (GrpcClientProtocolClient.java:onNext(254)) - client-7D96FB2A9EE9->2d9c32cf-d138-46ed-86fe-555b0f222d66: receive RaftClientReply:client-7D96FB2A9EE9->2d9c32cf-d138-46ed-86fe-555b0f222d66@group-F789D1FF0E52, cid=94, SUCCESS, logIndex=0, commits[2d9c32cf-d138-46ed-86fe-555b0f222d66:c132, 7d41c113-78b8-42e0-973f-a2985e127fce:c131, 845dac45-d65a-40db-aa8d-9123cdf470a5:c131]
2019-06-18 00:55:49,998 INFO  keyvalue.KeyValueHandler (ContainerUtils.java:logAndReturnError(146)) - Operation: CreateContainer : Trace ID: ba638698196c69bc:8efffb00b6719827:91e5ae30b044fb61:0 : Message: Container creation failed, due to disk out of space : Result: DISK_OUT_OF_SPACE
2019-06-18 00:55:49,998 INFO  keyvalue.KeyValueHandler (ContainerUtils.java:logAndReturnError(146)) - Operation: CreateContainer : Trace ID: ba638698196c69bc:8efffb00b6719827:91e5ae30b044fb61:0 : Message: Container creation failed, due to disk out of space : Result: DISK_OUT_OF_SPACE
00:55:49.999 [pool-68-thread-35] ERROR DNAudit - user=null | ip=null | op=WRITE_CHUNK {blockData=conID: 3 locID: 102289856919568441 bcsId: 0} | ret=FAILURE
org.apache.hadoop.hdds.scm.container.common.helpers.StorageContainerException: ContainerID 3 creation failed
	at org.apache.hadoop.ozone.container.common.impl.HddsDispatcher.dispatchRequest(HddsDispatcher.java:227) ~[classes/:?]
	at org.apache.hadoop.ozone.container.common.impl.HddsDispatcher.dispatch(HddsDispatcher.java:148) ~[classes/:?]
	at org.apache.hadoop.ozone.container.common.transport.server.ratis.ContainerStateMachine.dispatchCommand(ContainerStateMachine.java:347) ~[classes/:?]
	at org.apache.hadoop.ozone.container.common.transport.server.ratis.ContainerStateMachine.runCommand(ContainerStateMachine.java:354) ~[classes/:?]
	at org.apache.hadoop.ozone.container.common.transport.server.ratis.ContainerStateMachine.lambda$handleWriteChunk$0(ContainerStateMachine.java:385) ~[classes/:?]
	at java.util.concurrent.CompletableFuture$AsyncSupply.run(CompletableFuture.java:1590) [?:1.8.0_212]
	at java.util.concurrent.ThreadPoolExecutor.runWorker(ThreadPoolExecutor.java:1149) [?:1.8.0_212]
	at java.util.concurrent.ThreadPoolExecutor$Worker.run(ThreadPoolExecutor.java:624) [?:1.8.0_212]
	at java.lang.Thread.run(Thread.java:748) [?:1.8.0_212]
00:55:49.999 [pool-47-thread-35] ERROR DNAudit - user=null | ip=null | op=WRITE_CHUNK {blockData=conID: 3 locID: 102289856919568441 bcsId: 0} | ret=FAILURE
org.apache.hadoop.hdds.scm.container.common.helpers.StorageContainerException: ContainerID 3 creation failed
	at org.apache.hadoop.ozone.container.common.impl.HddsDispatcher.dispatchRequest(HddsDispatcher.java:227) ~[classes/:?]
	at org.apache.hadoop.ozone.container.common.impl.HddsDispatcher.dispatch(HddsDispatcher.java:148) ~[classes/:?]
	at org.apache.hadoop.ozone.container.common.transport.server.ratis.ContainerStateMachine.dispatchCommand(ContainerStateMachine.java:347) ~[classes/:?]
	at org.apache.hadoop.ozone.container.common.transport.server.ratis.ContainerStateMachine.runCommand(ContainerStateMachine.java:354) ~[classes/:?]
	at org.apache.hadoop.ozone.container.common.transport.server.ratis.ContainerStateMachine.lambda$handleWriteChunk$0(ContainerStateMachine.java:385) ~[classes/:?]
	at java.util.concurrent.CompletableFuture$AsyncSupply.run(CompletableFuture.java:1590) [?:1.8.0_212]
	at java.util.concurrent.ThreadPoolExecutor.runWorker(ThreadPoolExecutor.java:1149) [?:1.8.0_212]
	at java.util.concurrent.ThreadPoolExecutor$Worker.run(ThreadPoolExecutor.java:624) [?:1.8.0_212]
	at java.lang.Thread.run(Thread.java:748) [?:1.8.0_212]
2019-06-18 00:55:49,999 INFO  impl.HddsDispatcher (ContainerUtils.java:logAndReturnError(146)) - Operation: WriteChunk : Trace ID: ba638698196c69bc:8efffb00b6719827:91e5ae30b044fb61:0 : Message: ContainerID 3 creation failed : Result: DISK_OUT_OF_SPACE
2019-06-18 00:55:49,999 INFO  impl.HddsDispatcher (ContainerUtils.java:logAndReturnError(146)) - Operation: WriteChunk : Trace ID: ba638698196c69bc:8efffb00b6719827:91e5ae30b044fb61:0 : Message: ContainerID 3 creation failed : Result: DISK_OUT_OF_SPACE
2019-06-18 00:55:50,000 INFO  rpc.RpcClient (RpcClient.java:createBucket(426)) - Creating Bucket: vol-1-67285/bucket-1-24622, with Versioning false and Storage Type set to DISK and Encryption set to false 
00:55:50.003 [pool-30-thread-1] ERROR DNAudit - user=null | ip=null | op=WRITE_CHUNK {blockData=conID: 3 locID: 102289856919568441 bcsId: 0} | ret=FAILURE
org.apache.hadoop.hdds.scm.container.common.helpers.StorageContainerException: ContainerID 3 does not exist
	at org.apache.hadoop.ozone.container.common.impl.HddsDispatcher.dispatchRequest(HddsDispatcher.java:242) ~[classes/:?]
	at org.apache.hadoop.ozone.container.common.impl.HddsDispatcher.dispatch(HddsDispatcher.java:148) ~[classes/:?]
	at org.apache.hadoop.ozone.container.common.transport.server.ratis.ContainerStateMachine.dispatchCommand(ContainerStateMachine.java:347) ~[classes/:?]
	at org.apache.hadoop.ozone.container.common.transport.server.ratis.ContainerStateMachine.runCommand(ContainerStateMachine.java:354) ~[classes/:?]
	at org.apache.hadoop.ozone.container.common.transport.server.ratis.ContainerStateMachine.lambda$applyTransaction$5(ContainerStateMachine.java:621) ~[classes/:?]
	at java.util.concurrent.CompletableFuture$AsyncSupply.run(CompletableFuture.java:1590) [?:1.8.0_212]
	at java.util.concurrent.ThreadPoolExecutor.runWorker(ThreadPoolExecutor.java:1149) [?:1.8.0_212]
	at java.util.concurrent.ThreadPoolExecutor$Worker.run(ThreadPoolExecutor.java:624) [?:1.8.0_212]
	at java.lang.Thread.run(Thread.java:748) [?:1.8.0_212]
2019-06-18 00:55:50,004 INFO  impl.HddsDispatcher (ContainerUtils.java:logAndReturnError(146)) - Operation: WriteChunk : Trace ID: ba638698196c69bc:8efffb00b6719827:91e5ae30b044fb61:0 : Message: ContainerID 3 does not exist : Result: CONTAINER_NOT_FOUND
2019-06-18 00:55:50,009 INFO  client.GrpcClientProtocolClient (GrpcClientProtocolClient.java:onNext(254)) - client-7D96FB2A9EE9->2d9c32cf-d138-46ed-86fe-555b0f222d66: receive RaftClientReply:client-7D96FB2A9EE9->2d9c32cf-d138-46ed-86fe-555b0f222d66@group-F789D1FF0E52, cid=92, SUCCESS, logIndex=133, commits[2d9c32cf-d138-46ed-86fe-555b0f222d66:c133, 7d41c113-78b8-42e0-973f-a2985e127fce:c131, 845dac45-d65a-40db-aa8d-9123cdf470a5:c132]
00:55:50.011 [pool-30-thread-1] ERROR DNAudit - user=null | ip=null | op=PUT_BLOCK {blockData=[blockId=conID: 3 locID: 102289856919568441 bcsId: 0,size=10240]} | ret=FAILURE
org.apache.hadoop.hdds.scm.container.common.helpers.StorageContainerException: ContainerID 3 does not exist
	at org.apache.hadoop.ozone.container.common.impl.HddsDispatcher.dispatchRequest(HddsDispatcher.java:242) ~[classes/:?]
	at org.apache.hadoop.ozone.container.common.impl.HddsDispatcher.dispatch(HddsDispatcher.java:148) ~[classes/:?]
	at org.apache.hadoop.ozone.container.common.transport.server.ratis.ContainerStateMachine.dispatchCommand(ContainerStateMachine.java:347) ~[classes/:?]
	at org.apache.hadoop.ozone.container.common.transport.server.ratis.ContainerStateMachine.runCommand(ContainerStateMachine.java:354) ~[classes/:?]
	at org.apache.hadoop.ozone.container.common.transport.server.ratis.ContainerStateMachine.lambda$applyTransaction$5(ContainerStateMachine.java:621) ~[classes/:?]
	at java.util.concurrent.CompletableFuture$AsyncSupply.run(CompletableFuture.java:1590) [?:1.8.0_212]
	at java.util.concurrent.ThreadPoolExecutor.runWorker(ThreadPoolExecutor.java:1149) [?:1.8.0_212]
	at java.util.concurrent.ThreadPoolExecutor$Worker.run(ThreadPoolExecutor.java:624) [?:1.8.0_212]
	at java.lang.Thread.run(Thread.java:748) [?:1.8.0_212]
2019-06-18 00:55:50,011 INFO  impl.HddsDispatcher (ContainerUtils.java:logAndReturnError(146)) - Operation: PutBlock : Trace ID: ba638698196c69bc:a07ab7234c6ec217:91e5ae30b044fb61:0 : Message: ContainerID 3 does not exist : Result: CONTAINER_NOT_FOUND
2019-06-18 00:55:50,011 ERROR storage.BlockOutputStream (BlockOutputStream.java:validateResponse(538)) - Unexpected Storage Container Exception: 
org.apache.hadoop.hdds.scm.container.common.helpers.StorageContainerException: ContainerID 3 does not exist
	at org.apache.hadoop.hdds.scm.storage.ContainerProtocolCalls.validateContainerResponse(ContainerProtocolCalls.java:536)
	at org.apache.hadoop.hdds.scm.storage.BlockOutputStream.validateResponse(BlockOutputStream.java:536)
	at org.apache.hadoop.hdds.scm.storage.BlockOutputStream.lambda$writeChunkToContainer$2(BlockOutputStream.java:614)
	at java.util.concurrent.CompletableFuture.uniApply(CompletableFuture.java:602)
	at java.util.concurrent.CompletableFuture$UniApply.tryFire(CompletableFuture.java:577)
	at java.util.concurrent.CompletableFuture$Completion.run(CompletableFuture.java:442)
	at java.util.concurrent.ThreadPoolExecutor.runWorker(ThreadPoolExecutor.java:1149)
	at java.util.concurrent.ThreadPoolExecutor$Worker.run(ThreadPoolExecutor.java:624)
	at java.lang.Thread.run(Thread.java:748)
2019-06-18 00:55:50,020 INFO  client.GrpcClientProtocolClient (GrpcClientProtocolClient.java:onNext(254)) - client-7D96FB2A9EE9->2d9c32cf-d138-46ed-86fe-555b0f222d66: receive RaftClientReply:client-7D96FB2A9EE9->2d9c32cf-d138-46ed-86fe-555b0f222d66@group-F789D1FF0E52, cid=93, SUCCESS, logIndex=134, commits[2d9c32cf-d138-46ed-86fe-555b0f222d66:c134, 7d41c113-78b8-42e0-973f-a2985e127fce:c131, 845dac45-d65a-40db-aa8d-9123cdf470a5:c132]
00:55:50.017 [pool-51-thread-1] ERROR DNAudit - user=null | ip=null | op=WRITE_CHUNK {blockData=conID: 3 locID: 102289856919568441 bcsId: 0} | ret=FAILURE
org.apache.hadoop.hdds.scm.container.common.helpers.StorageContainerException: ContainerID 3 does not exist
	at org.apache.hadoop.ozone.container.common.impl.HddsDispatcher.dispatchRequest(HddsDispatcher.java:242) ~[classes/:?]
	at org.apache.hadoop.ozone.container.common.impl.HddsDispatcher.dispatch(HddsDispatcher.java:148) ~[classes/:?]
	at org.apache.hadoop.ozone.container.common.transport.server.ratis.ContainerStateMachine.dispatchCommand(ContainerStateMachine.java:347) ~[classes/:?]
	at org.apache.hadoop.ozone.container.common.transport.server.ratis.ContainerStateMachine.runCommand(ContainerStateMachine.java:354) ~[classes/:?]
	at org.apache.hadoop.ozone.container.common.transport.server.ratis.ContainerStateMachine.lambda$applyTransaction$5(ContainerStateMachine.java:621) ~[classes/:?]
	at java.util.concurrent.CompletableFuture$AsyncSupply.run(CompletableFuture.java:1590) [?:1.8.0_212]
	at java.util.concurrent.ThreadPoolExecutor.runWorker(ThreadPoolExecutor.java:1149) [?:1.8.0_212]
	at java.util.concurrent.ThreadPoolExecutor$Worker.run(ThreadPoolExecutor.java:624) [?:1.8.0_212]
	at java.lang.Thread.run(Thread.java:748) [?:1.8.0_212]
2019-06-18 00:55:50,023 INFO  impl.HddsDispatcher (ContainerUtils.java:logAndReturnError(146)) - Operation: WriteChunk : Trace ID: ba638698196c69bc:8efffb00b6719827:91e5ae30b044fb61:0 : Message: ContainerID 3 does not exist : Result: CONTAINER_NOT_FOUND
00:55:50.023 [pool-72-thread-1] ERROR DNAudit - user=null | ip=null | op=WRITE_CHUNK {blockData=conID: 3 locID: 102289856919568441 bcsId: 0} | ret=FAILURE
org.apache.hadoop.hdds.scm.container.common.helpers.StorageContainerException: ContainerID 3 does not exist
	at org.apache.hadoop.ozone.container.common.impl.HddsDispatcher.dispatchRequest(HddsDispatcher.java:242) ~[classes/:?]
	at org.apache.hadoop.ozone.container.common.impl.HddsDispatcher.dispatch(HddsDispatcher.java:148) ~[classes/:?]
	at org.apache.hadoop.ozone.container.common.transport.server.ratis.ContainerStateMachine.dispatchCommand(ContainerStateMachine.java:347) ~[classes/:?]
	at org.apache.hadoop.ozone.container.common.transport.server.ratis.ContainerStateMachine.runCommand(ContainerStateMachine.java:354) ~[classes/:?]
	at org.apache.hadoop.ozone.container.common.transport.server.ratis.ContainerStateMachine.lambda$applyTransaction$5(ContainerStateMachine.java:621) ~[classes/:?]
	at java.util.concurrent.CompletableFuture$AsyncSupply.run(CompletableFuture.java:1590) [?:1.8.0_212]
	at java.util.concurrent.ThreadPoolExecutor.runWorker(ThreadPoolExecutor.java:1149) [?:1.8.0_212]
	at java.util.concurrent.ThreadPoolExecutor$Worker.run(ThreadPoolExecutor.java:624) [?:1.8.0_212]
	at java.lang.Thread.run(Thread.java:748) [?:1.8.0_212]
2019-06-18 00:55:50,024 INFO  impl.HddsDispatcher (ContainerUtils.java:logAndReturnError(146)) - Operation: WriteChunk : Trace ID: ba638698196c69bc:8efffb00b6719827:91e5ae30b044fb61:0 : Message: ContainerID 3 does not exist : Result: CONTAINER_NOT_FOUND
00:55:50.027 [pool-51-thread-1] ERROR DNAudit - user=null | ip=null | op=PUT_BLOCK {blockData=[blockId=conID: 3 locID: 102289856919568441 bcsId: 0,size=10240]} | ret=FAILURE
org.apache.hadoop.hdds.scm.container.common.helpers.StorageContainerException: ContainerID 3 does not exist
	at org.apache.hadoop.ozone.container.common.impl.HddsDispatcher.dispatchRequest(HddsDispatcher.java:242) ~[classes/:?]
	at org.apache.hadoop.ozone.container.common.impl.HddsDispatcher.dispatch(HddsDispatcher.java:148) ~[classes/:?]
	at org.apache.hadoop.ozone.container.common.transport.server.ratis.ContainerStateMachine.dispatchCommand(ContainerStateMachine.java:347) ~[classes/:?]
	at org.apache.hadoop.ozone.container.common.transport.server.ratis.ContainerStateMachine.runCommand(ContainerStateMachine.java:354) ~[classes/:?]
	at org.apache.hadoop.ozone.container.common.transport.server.ratis.ContainerStateMachine.lambda$applyTransaction$5(ContainerStateMachine.java:621) ~[classes/:?]
	at java.util.concurrent.CompletableFuture$AsyncSupply.run(CompletableFuture.java:1590) [?:1.8.0_212]
	at java.util.concurrent.ThreadPoolExecutor.runWorker(ThreadPoolExecutor.java:1149) [?:1.8.0_212]
	at java.util.concurrent.ThreadPoolExecutor$Worker.run(ThreadPoolExecutor.java:624) [?:1.8.0_212]
	at java.lang.Thread.run(Thread.java:748) [?:1.8.0_212]
2019-06-18 00:55:50,027 INFO  impl.HddsDispatcher (ContainerUtils.java:logAndReturnError(146)) - Operation: PutBlock : Trace ID: ba638698196c69bc:a07ab7234c6ec217:91e5ae30b044fb61:0 : Message: ContainerID 3 does not exist : Result: CONTAINER_NOT_FOUND
00:55:50.027 [pool-72-thread-1] ERROR DNAudit - user=null | ip=null | op=PUT_BLOCK {blockData=[blockId=conID: 3 locID: 102289856919568441 bcsId: 0,size=10240]} | ret=FAILURE
org.apache.hadoop.hdds.scm.container.common.helpers.StorageContainerException: ContainerID 3 does not exist
	at org.apache.hadoop.ozone.container.common.impl.HddsDispatcher.dispatchRequest(HddsDispatcher.java:242) ~[classes/:?]
	at org.apache.hadoop.ozone.container.common.impl.HddsDispatcher.dispatch(HddsDispatcher.java:148) ~[classes/:?]
	at org.apache.hadoop.ozone.container.common.transport.server.ratis.ContainerStateMachine.dispatchCommand(ContainerStateMachine.java:347) ~[classes/:?]
	at org.apache.hadoop.ozone.container.common.transport.server.ratis.ContainerStateMachine.runCommand(ContainerStateMachine.java:354) ~[classes/:?]
	at org.apache.hadoop.ozone.container.common.transport.server.ratis.ContainerStateMachine.lambda$applyTransaction$5(ContainerStateMachine.java:621) ~[classes/:?]
	at java.util.concurrent.CompletableFuture$AsyncSupply.run(CompletableFuture.java:1590) [?:1.8.0_212]
	at java.util.concurrent.ThreadPoolExecutor.runWorker(ThreadPoolExecutor.java:1149) [?:1.8.0_212]
	at java.util.concurrent.ThreadPoolExecutor$Worker.run(ThreadPoolExecutor.java:624) [?:1.8.0_212]
	at java.lang.Thread.run(Thread.java:748) [?:1.8.0_212]
2019-06-18 00:55:50,027 INFO  impl.HddsDispatcher (ContainerUtils.java:logAndReturnError(146)) - Operation: PutBlock : Trace ID: ba638698196c69bc:a07ab7234c6ec217:91e5ae30b044fb61:0 : Message: ContainerID 3 does not exist : Result: CONTAINER_NOT_FOUND
2019-06-18 00:55:50,037 ERROR freon.RandomKeyGenerator (RandomKeyGenerator.java:run(675)) - Exception while adding key: key-2-25100 in bucket: org.apache.hadoop.ozone.client.OzoneBucket@6ac8edc0 of volume: org.apache.hadoop.ozone.client.OzoneVolume@4bda18b4.
java.io.IOException: Unexpected Storage Container Exception: org.apache.hadoop.hdds.scm.container.common.helpers.StorageContainerException: ContainerID 3 does not exist
	at org.apache.hadoop.hdds.scm.storage.BlockOutputStream.setIoException(BlockOutputStream.java:548)
	at org.apache.hadoop.hdds.scm.storage.BlockOutputStream.validateResponse(BlockOutputStream.java:539)
	at org.apache.hadoop.hdds.scm.storage.BlockOutputStream.lambda$writeChunkToContainer$2(BlockOutputStream.java:614)
	at java.util.concurrent.CompletableFuture.uniApply(CompletableFuture.java:602)
	at java.util.concurrent.CompletableFuture$UniApply.tryFire(CompletableFuture.java:577)
	at java.util.concurrent.CompletableFuture$Completion.run(CompletableFuture.java:442)
	at java.util.concurrent.ThreadPoolExecutor.runWorker(ThreadPoolExecutor.java:1149)
	at java.util.concurrent.ThreadPoolExecutor$Worker.run(ThreadPoolExecutor.java:624)
	at java.lang.Thread.run(Thread.java:748)
Caused by: org.apache.hadoop.hdds.scm.container.common.helpers.StorageContainerException: ContainerID 3 does not exist
	at org.apache.hadoop.hdds.scm.storage.ContainerProtocolCalls.validateContainerResponse(ContainerProtocolCalls.java:536)
	at org.apache.hadoop.hdds.scm.storage.BlockOutputStream.validateResponse(BlockOutputStream.java:536)
	... 7 more
2019-06-18 00:55:50,046 INFO  client.GrpcClientProtocolClient (GrpcClientProtocolClient.java:onNext(254)) - client-7D96FB2A9EE9->2d9c32cf-d138-46ed-86fe-555b0f222d66: receive RaftClientReply:client-7D96FB2A9EE9->2d9c32cf-d138-46ed-86fe-555b0f222d66@group-F789D1FF0E52, cid=95, SUCCESS, logIndex=137, commits[2d9c32cf-d138-46ed-86fe-555b0f222d66:c137, 7d41c113-78b8-42e0-973f-a2985e127fce:c134, 845dac45-d65a-40db-aa8d-9123cdf470a5:c135]
2019-06-18 00:55:50,058 INFO  client.GrpcClientProtocolClient (GrpcClientProtocolClient.java:onNext(254)) - client-7D96FB2A9EE9->2d9c32cf-d138-46ed-86fe-555b0f222d66: receive RaftClientReply:client-7D96FB2A9EE9->2d9c32cf-d138-46ed-86fe-555b0f222d66@group-F789D1FF0E52, cid=96, SUCCESS, logIndex=138, commits[2d9c32cf-d138-46ed-86fe-555b0f222d66:c138, 7d41c113-78b8-42e0-973f-a2985e127fce:c135, 845dac45-d65a-40db-aa8d-9123cdf470a5:c135]
2019-06-18 00:55:50,068 INFO  client.GrpcClientProtocolClient (GrpcClientProtocolClient.java:onNext(254)) - client-7D96FB2A9EE9->2d9c32cf-d138-46ed-86fe-555b0f222d66: receive RaftClientReply:client-7D96FB2A9EE9->2d9c32cf-d138-46ed-86fe-555b0f222d66@group-F789D1FF0E52, cid=99, SUCCESS, logIndex=0, commits[2d9c32cf-d138-46ed-86fe-555b0f222d66:c140, 7d41c113-78b8-42e0-973f-a2985e127fce:c138, 845dac45-d65a-40db-aa8d-9123cdf470a5:c138]
2019-06-18 00:55:50,069 INFO  client.GrpcClientProtocolClient (GrpcClientProtocolClient.java:onNext(254)) - client-7D96FB2A9EE9->2d9c32cf-d138-46ed-86fe-555b0f222d66: receive RaftClientReply:client-7D96FB2A9EE9->2d9c32cf-d138-46ed-86fe-555b0f222d66@group-F789D1FF0E52, cid=97, SUCCESS, logIndex=141, commits[2d9c32cf-d138-46ed-86fe-555b0f222d66:c141, 7d41c113-78b8-42e0-973f-a2985e127fce:c140, 845dac45-d65a-40db-aa8d-9123cdf470a5:c138]
2019-06-18 00:55:50,080 INFO  client.GrpcClientProtocolClient (GrpcClientProtocolClient.java:onNext(254)) - client-7D96FB2A9EE9->2d9c32cf-d138-46ed-86fe-555b0f222d66: receive RaftClientReply:client-7D96FB2A9EE9->2d9c32cf-d138-46ed-86fe-555b0f222d66@group-F789D1FF0E52, cid=98, SUCCESS, logIndex=143, commits[2d9c32cf-d138-46ed-86fe-555b0f222d66:c143, 7d41c113-78b8-42e0-973f-a2985e127fce:c142, 845dac45-d65a-40db-aa8d-9123cdf470a5:c140]
2019-06-18 00:55:50,091 INFO  keyvalue.KeyValueHandler (ContainerUtils.java:logAndReturnError(146)) - Operation: CreateContainer : Trace ID: dc87647560409746:cd84c0349ad94a72:c4ad46f3dcfd0d6a:0 : Message: Container creation failed, due to disk out of space : Result: DISK_OUT_OF_SPACE
00:55:50.091 [pool-26-thread-53] ERROR DNAudit - user=null | ip=null | op=WRITE_CHUNK {blockData=conID: 3 locID: 102289856927105087 bcsId: 0} | ret=FAILURE
org.apache.hadoop.hdds.scm.container.common.helpers.StorageContainerException: ContainerID 3 creation failed
	at org.apache.hadoop.ozone.container.common.impl.HddsDispatcher.dispatchRequest(HddsDispatcher.java:227) ~[classes/:?]
	at org.apache.hadoop.ozone.container.common.impl.HddsDispatcher.dispatch(HddsDispatcher.java:148) ~[classes/:?]
	at org.apache.hadoop.ozone.container.common.transport.server.ratis.ContainerStateMachine.dispatchCommand(ContainerStateMachine.java:347) ~[classes/:?]
	at org.apache.hadoop.ozone.container.common.transport.server.ratis.ContainerStateMachine.runCommand(ContainerStateMachine.java:354) ~[classes/:?]
	at org.apache.hadoop.ozone.container.common.transport.server.ratis.ContainerStateMachine.lambda$handleWriteChunk$0(ContainerStateMachine.java:385) ~[classes/:?]
	at java.util.concurrent.CompletableFuture$AsyncSupply.run(CompletableFuture.java:1590) [?:1.8.0_212]
	at java.util.concurrent.ThreadPoolExecutor.runWorker(ThreadPoolExecutor.java:1149) [?:1.8.0_212]
	at java.util.concurrent.ThreadPoolExecutor$Worker.run(ThreadPoolExecutor.java:624) [?:1.8.0_212]
	at java.lang.Thread.run(Thread.java:748) [?:1.8.0_212]
2019-06-18 00:55:50,092 INFO  impl.HddsDispatcher (ContainerUtils.java:logAndReturnError(146)) - Operation: WriteChunk : Trace ID: dc87647560409746:cd84c0349ad94a72:c4ad46f3dcfd0d6a:0 : Message: ContainerID 3 creation failed : Result: DISK_OUT_OF_SPACE
2019-06-18 00:55:50,093 INFO  keyvalue.KeyValueHandler (ContainerUtils.java:logAndReturnError(146)) - Operation: CreateContainer : Trace ID: dc87647560409746:cd84c0349ad94a72:c4ad46f3dcfd0d6a:0 : Message: Container creation failed, due to disk out of space : Result: DISK_OUT_OF_SPACE
00:55:50.093 [pool-47-thread-39] ERROR DNAudit - user=null | ip=null | op=WRITE_CHUNK {blockData=conID: 3 locID: 102289856927105087 bcsId: 0} | ret=FAILURE
org.apache.hadoop.hdds.scm.container.common.helpers.StorageContainerException: ContainerID 3 creation failed
	at org.apache.hadoop.ozone.container.common.impl.HddsDispatcher.dispatchRequest(HddsDispatcher.java:227) ~[classes/:?]
	at org.apache.hadoop.ozone.container.common.impl.HddsDispatcher.dispatch(HddsDispatcher.java:148) ~[classes/:?]
	at org.apache.hadoop.ozone.container.common.transport.server.ratis.ContainerStateMachine.dispatchCommand(ContainerStateMachine.java:347) ~[classes/:?]
	at org.apache.hadoop.ozone.container.common.transport.server.ratis.ContainerStateMachine.runCommand(ContainerStateMachine.java:354) ~[classes/:?]
	at org.apache.hadoop.ozone.container.common.transport.server.ratis.ContainerStateMachine.lambda$handleWriteChunk$0(ContainerStateMachine.java:385) ~[classes/:?]
	at java.util.concurrent.CompletableFuture$AsyncSupply.run(CompletableFuture.java:1590) [?:1.8.0_212]
	at java.util.concurrent.ThreadPoolExecutor.runWorker(ThreadPoolExecutor.java:1149) [?:1.8.0_212]
	at java.util.concurrent.ThreadPoolExecutor$Worker.run(ThreadPoolExecutor.java:624) [?:1.8.0_212]
	at java.lang.Thread.run(Thread.java:748) [?:1.8.0_212]
2019-06-18 00:55:50,094 INFO  impl.HddsDispatcher (ContainerUtils.java:logAndReturnError(146)) - Operation: WriteChunk : Trace ID: dc87647560409746:cd84c0349ad94a72:c4ad46f3dcfd0d6a:0 : Message: ContainerID 3 creation failed : Result: DISK_OUT_OF_SPACE
2019-06-18 00:55:50,096 INFO  keyvalue.KeyValueHandler (ContainerUtils.java:logAndReturnError(146)) - Operation: CreateContainer : Trace ID: dc87647560409746:cd84c0349ad94a72:c4ad46f3dcfd0d6a:0 : Message: Container creation failed, due to disk out of space : Result: DISK_OUT_OF_SPACE
00:55:50.097 [pool-68-thread-38] ERROR DNAudit - user=null | ip=null | op=WRITE_CHUNK {blockData=conID: 3 locID: 102289856927105087 bcsId: 0} | ret=FAILURE
org.apache.hadoop.hdds.scm.container.common.helpers.StorageContainerException: ContainerID 3 creation failed
	at org.apache.hadoop.ozone.container.common.impl.HddsDispatcher.dispatchRequest(HddsDispatcher.java:227) ~[classes/:?]
	at org.apache.hadoop.ozone.container.common.impl.HddsDispatcher.dispatch(HddsDispatcher.java:148) ~[classes/:?]
	at org.apache.hadoop.ozone.container.common.transport.server.ratis.ContainerStateMachine.dispatchCommand(ContainerStateMachine.java:347) ~[classes/:?]
	at org.apache.hadoop.ozone.container.common.transport.server.ratis.ContainerStateMachine.runCommand(ContainerStateMachine.java:354) ~[classes/:?]
	at org.apache.hadoop.ozone.container.common.transport.server.ratis.ContainerStateMachine.lambda$handleWriteChunk$0(ContainerStateMachine.java:385) ~[classes/:?]
	at java.util.concurrent.CompletableFuture$AsyncSupply.run(CompletableFuture.java:1590) [?:1.8.0_212]
	at java.util.concurrent.ThreadPoolExecutor.runWorker(ThreadPoolExecutor.java:1149) [?:1.8.0_212]
	at java.util.concurrent.ThreadPoolExecutor$Worker.run(ThreadPoolExecutor.java:624) [?:1.8.0_212]
	at java.lang.Thread.run(Thread.java:748) [?:1.8.0_212]
2019-06-18 00:55:50,097 INFO  impl.HddsDispatcher (ContainerUtils.java:logAndReturnError(146)) - Operation: WriteChunk : Trace ID: dc87647560409746:cd84c0349ad94a72:c4ad46f3dcfd0d6a:0 : Message: ContainerID 3 creation failed : Result: DISK_OUT_OF_SPACE
00:55:50.114 [pool-30-thread-1] ERROR DNAudit - user=null | ip=null | op=WRITE_CHUNK {blockData=conID: 3 locID: 102289856927105087 bcsId: 0} | ret=FAILURE
org.apache.hadoop.hdds.scm.container.common.helpers.StorageContainerException: ContainerID 3 does not exist
	at org.apache.hadoop.ozone.container.common.impl.HddsDispatcher.dispatchRequest(HddsDispatcher.java:242) ~[classes/:?]
	at org.apache.hadoop.ozone.container.common.impl.HddsDispatcher.dispatch(HddsDispatcher.java:148) ~[classes/:?]
	at org.apache.hadoop.ozone.container.common.transport.server.ratis.ContainerStateMachine.dispatchCommand(ContainerStateMachine.java:347) ~[classes/:?]
	at org.apache.hadoop.ozone.container.common.transport.server.ratis.ContainerStateMachine.runCommand(ContainerStateMachine.java:354) ~[classes/:?]
	at org.apache.hadoop.ozone.container.common.transport.server.ratis.ContainerStateMachine.lambda$applyTransaction$5(ContainerStateMachine.java:621) ~[classes/:?]
	at java.util.concurrent.CompletableFuture$AsyncSupply.run(CompletableFuture.java:1590) [?:1.8.0_212]
	at java.util.concurrent.ThreadPoolExecutor.runWorker(ThreadPoolExecutor.java:1149) [?:1.8.0_212]
	at java.util.concurrent.ThreadPoolExecutor$Worker.run(ThreadPoolExecutor.java:624) [?:1.8.0_212]
	at java.lang.Thread.run(Thread.java:748) [?:1.8.0_212]
2019-06-18 00:55:50,114 INFO  impl.HddsDispatcher (ContainerUtils.java:logAndReturnError(146)) - Operation: WriteChunk : Trace ID: dc87647560409746:cd84c0349ad94a72:c4ad46f3dcfd0d6a:0 : Message: ContainerID 3 does not exist : Result: CONTAINER_NOT_FOUND
2019-06-18 00:55:50,114 INFO  client.GrpcClientProtocolClient (GrpcClientProtocolClient.java:onNext(254)) - client-7D96FB2A9EE9->2d9c32cf-d138-46ed-86fe-555b0f222d66: receive RaftClientReply:client-7D96FB2A9EE9->2d9c32cf-d138-46ed-86fe-555b0f222d66@group-F789D1FF0E52, cid=100, SUCCESS, logIndex=0, commits[2d9c32cf-d138-46ed-86fe-555b0f222d66:c144, 7d41c113-78b8-42e0-973f-a2985e127fce:c143, 845dac45-d65a-40db-aa8d-9123cdf470a5:c143]
00:55:50.122 [pool-72-thread-1] ERROR DNAudit - user=null | ip=null | op=WRITE_CHUNK {blockData=conID: 3 locID: 102289856927105087 bcsId: 0} | ret=FAILURE
org.apache.hadoop.hdds.scm.container.common.helpers.StorageContainerException: ContainerID 3 does not exist
	at org.apache.hadoop.ozone.container.common.impl.HddsDispatcher.dispatchRequest(HddsDispatcher.java:242) ~[classes/:?]
	at org.apache.hadoop.ozone.container.common.impl.HddsDispatcher.dispatch(HddsDispatcher.java:148) ~[classes/:?]
	at org.apache.hadoop.ozone.container.common.transport.server.ratis.ContainerStateMachine.dispatchCommand(ContainerStateMachine.java:347) ~[classes/:?]
	at org.apache.hadoop.ozone.container.common.transport.server.ratis.ContainerStateMachine.runCommand(ContainerStateMachine.java:354) ~[classes/:?]
	at org.apache.hadoop.ozone.container.common.transport.server.ratis.ContainerStateMachine.lambda$applyTransaction$5(ContainerStateMachine.java:621) ~[classes/:?]
	at java.util.concurrent.CompletableFuture$AsyncSupply.run(CompletableFuture.java:1590) [?:1.8.0_212]
	at java.util.concurrent.ThreadPoolExecutor.runWorker(ThreadPoolExecutor.java:1149) [?:1.8.0_212]
	at java.util.concurrent.ThreadPoolExecutor$Worker.run(ThreadPoolExecutor.java:624) [?:1.8.0_212]
	at java.lang.Thread.run(Thread.java:748) [?:1.8.0_212]
2019-06-18 00:55:50,122 INFO  impl.HddsDispatcher (ContainerUtils.java:logAndReturnError(146)) - Operation: WriteChunk : Trace ID: dc87647560409746:cd84c0349ad94a72:c4ad46f3dcfd0d6a:0 : Message: ContainerID 3 does not exist : Result: CONTAINER_NOT_FOUND
00:55:50.123 [pool-51-thread-1] ERROR DNAudit - user=null | ip=null | op=WRITE_CHUNK {blockData=conID: 3 locID: 102289856927105087 bcsId: 0} | ret=FAILURE
org.apache.hadoop.hdds.scm.container.common.helpers.StorageContainerException: ContainerID 3 does not exist
	at org.apache.hadoop.ozone.container.common.impl.HddsDispatcher.dispatchRequest(HddsDispatcher.java:242) ~[classes/:?]
	at org.apache.hadoop.ozone.container.common.impl.HddsDispatcher.dispatch(HddsDispatcher.java:148) ~[classes/:?]
	at org.apache.hadoop.ozone.container.common.transport.server.ratis.ContainerStateMachine.dispatchCommand(ContainerStateMachine.java:347) ~[classes/:?]
	at org.apache.hadoop.ozone.container.common.transport.server.ratis.ContainerStateMachine.runCommand(ContainerStateMachine.java:354) ~[classes/:?]
	at org.apache.hadoop.ozone.container.common.transport.server.ratis.ContainerStateMachine.lambda$applyTransaction$5(ContainerStateMachine.java:621) ~[classes/:?]
	at java.util.concurrent.CompletableFuture$AsyncSupply.run(CompletableFuture.java:1590) [?:1.8.0_212]
	at java.util.concurrent.ThreadPoolExecutor.runWorker(ThreadPoolExecutor.java:1149) [?:1.8.0_212]
	at java.util.concurrent.ThreadPoolExecutor$Worker.run(ThreadPoolExecutor.java:624) [?:1.8.0_212]
	at java.lang.Thread.run(Thread.java:748) [?:1.8.0_212]
2019-06-18 00:55:50,124 INFO  impl.HddsDispatcher (ContainerUtils.java:logAndReturnError(146)) - Operation: WriteChunk : Trace ID: dc87647560409746:cd84c0349ad94a72:c4ad46f3dcfd0d6a:0 : Message: ContainerID 3 does not exist : Result: CONTAINER_NOT_FOUND
2019-06-18 00:55:50,124 INFO  client.GrpcClientProtocolClient (GrpcClientProtocolClient.java:onNext(254)) - client-7D96FB2A9EE9->2d9c32cf-d138-46ed-86fe-555b0f222d66: receive RaftClientReply:client-7D96FB2A9EE9->2d9c32cf-d138-46ed-86fe-555b0f222d66@group-F789D1FF0E52, cid=101, SUCCESS, logIndex=145, commits[2d9c32cf-d138-46ed-86fe-555b0f222d66:c145, 7d41c113-78b8-42e0-973f-a2985e127fce:c143, 845dac45-d65a-40db-aa8d-9123cdf470a5:c144]
2019-06-18 00:55:50,125 ERROR storage.BlockOutputStream (BlockOutputStream.java:validateResponse(538)) - Unexpected Storage Container Exception: 
org.apache.hadoop.hdds.scm.container.common.helpers.StorageContainerException: ContainerID 3 does not exist
	at org.apache.hadoop.hdds.scm.storage.ContainerProtocolCalls.validateContainerResponse(ContainerProtocolCalls.java:536)
	at org.apache.hadoop.hdds.scm.storage.BlockOutputStream.validateResponse(BlockOutputStream.java:536)
	at org.apache.hadoop.hdds.scm.storage.BlockOutputStream.lambda$writeChunkToContainer$2(BlockOutputStream.java:614)
	at java.util.concurrent.CompletableFuture.uniApply(CompletableFuture.java:602)
	at java.util.concurrent.CompletableFuture$UniApply.tryFire(CompletableFuture.java:577)
	at java.util.concurrent.CompletableFuture$Completion.run(CompletableFuture.java:442)
	at java.util.concurrent.ThreadPoolExecutor.runWorker(ThreadPoolExecutor.java:1149)
	at java.util.concurrent.ThreadPoolExecutor$Worker.run(ThreadPoolExecutor.java:624)
	at java.lang.Thread.run(Thread.java:748)
00:55:50.125 [pool-30-thread-1] ERROR DNAudit - user=null | ip=null | op=PUT_BLOCK {blockData=[blockId=conID: 3 locID: 102289856927105087 bcsId: 0,size=10240]} | ret=FAILURE
org.apache.hadoop.hdds.scm.container.common.helpers.StorageContainerException: ContainerID 3 does not exist
	at org.apache.hadoop.ozone.container.common.impl.HddsDispatcher.dispatchRequest(HddsDispatcher.java:242) ~[classes/:?]
	at org.apache.hadoop.ozone.container.common.impl.HddsDispatcher.dispatch(HddsDispatcher.java:148) ~[classes/:?]
	at org.apache.hadoop.ozone.container.common.transport.server.ratis.ContainerStateMachine.dispatchCommand(ContainerStateMachine.java:347) ~[classes/:?]
	at org.apache.hadoop.ozone.container.common.transport.server.ratis.ContainerStateMachine.runCommand(ContainerStateMachine.java:354) ~[classes/:?]
	at org.apache.hadoop.ozone.container.common.transport.server.ratis.ContainerStateMachine.lambda$applyTransaction$5(ContainerStateMachine.java:621) ~[classes/:?]
	at java.util.concurrent.CompletableFuture$AsyncSupply.run(CompletableFuture.java:1590) [?:1.8.0_212]
	at java.util.concurrent.ThreadPoolExecutor.runWorker(ThreadPoolExecutor.java:1149) [?:1.8.0_212]
	at java.util.concurrent.ThreadPoolExecutor$Worker.run(ThreadPoolExecutor.java:624) [?:1.8.0_212]
	at java.lang.Thread.run(Thread.java:748) [?:1.8.0_212]
2019-06-18 00:55:50,126 INFO  impl.HddsDispatcher (ContainerUtils.java:logAndReturnError(146)) - Operation: PutBlock : Trace ID: dc87647560409746:d12735bb7e25f9d8:c4ad46f3dcfd0d6a:0 : Message: ContainerID 3 does not exist : Result: CONTAINER_NOT_FOUND
00:55:50.127 [pool-51-thread-1] ERROR DNAudit - user=null | ip=null | op=PUT_BLOCK {blockData=[blockId=conID: 3 locID: 102289856927105087 bcsId: 0,size=10240]} | ret=FAILURE
org.apache.hadoop.hdds.scm.container.common.helpers.StorageContainerException: ContainerID 3 does not exist
	at org.apache.hadoop.ozone.container.common.impl.HddsDispatcher.dispatchRequest(HddsDispatcher.java:242) ~[classes/:?]
	at org.apache.hadoop.ozone.container.common.impl.HddsDispatcher.dispatch(HddsDispatcher.java:148) ~[classes/:?]
	at org.apache.hadoop.ozone.container.common.transport.server.ratis.ContainerStateMachine.dispatchCommand(ContainerStateMachine.java:347) ~[classes/:?]
	at org.apache.hadoop.ozone.container.common.transport.server.ratis.ContainerStateMachine.runCommand(ContainerStateMachine.java:354) ~[classes/:?]
	at org.apache.hadoop.ozone.container.common.transport.server.ratis.ContainerStateMachine.lambda$applyTransaction$5(ContainerStateMachine.java:621) ~[classes/:?]
	at java.util.concurrent.CompletableFuture$AsyncSupply.run(CompletableFuture.java:1590) [?:1.8.0_212]
	at java.util.concurrent.ThreadPoolExecutor.runWorker(ThreadPoolExecutor.java:1149) [?:1.8.0_212]
	at java.util.concurrent.ThreadPoolExecutor$Worker.run(ThreadPoolExecutor.java:624) [?:1.8.0_212]
	at java.lang.Thread.run(Thread.java:748) [?:1.8.0_212]
2019-06-18 00:55:50,128 INFO  client.GrpcClientProtocolClient (GrpcClientProtocolClient.java:onNext(254)) - client-7D96FB2A9EE9->2d9c32cf-d138-46ed-86fe-555b0f222d66: receive RaftClientReply:client-7D96FB2A9EE9->2d9c32cf-d138-46ed-86fe-555b0f222d66@group-F789D1FF0E52, cid=102, SUCCESS, logIndex=147, commits[2d9c32cf-d138-46ed-86fe-555b0f222d66:c147, 7d41c113-78b8-42e0-973f-a2985e127fce:c145, 845dac45-d65a-40db-aa8d-9123cdf470a5:c145]
2019-06-18 00:55:50,128 INFO  impl.HddsDispatcher (ContainerUtils.java:logAndReturnError(146)) - Operation: PutBlock : Trace ID: dc87647560409746:d12735bb7e25f9d8:c4ad46f3dcfd0d6a:0 : Message: ContainerID 3 does not exist : Result: CONTAINER_NOT_FOUND
00:55:50.129 [pool-72-thread-1] ERROR DNAudit - user=null | ip=null | op=PUT_BLOCK {blockData=[blockId=conID: 3 locID: 102289856927105087 bcsId: 0,size=10240]} | ret=FAILURE
org.apache.hadoop.hdds.scm.container.common.helpers.StorageContainerException: ContainerID 3 does not exist
	at org.apache.hadoop.ozone.container.common.impl.HddsDispatcher.dispatchRequest(HddsDispatcher.java:242) ~[classes/:?]
	at org.apache.hadoop.ozone.container.common.impl.HddsDispatcher.dispatch(HddsDispatcher.java:148) ~[classes/:?]
	at org.apache.hadoop.ozone.container.common.transport.server.ratis.ContainerStateMachine.dispatchCommand(ContainerStateMachine.java:347) ~[classes/:?]
	at org.apache.hadoop.ozone.container.common.transport.server.ratis.ContainerStateMachine.runCommand(ContainerStateMachine.java:354) ~[classes/:?]
	at org.apache.hadoop.ozone.container.common.transport.server.ratis.ContainerStateMachine.lambda$applyTransaction$5(ContainerStateMachine.java:621) ~[classes/:?]
	at java.util.concurrent.CompletableFuture$AsyncSupply.run(CompletableFuture.java:1590) [?:1.8.0_212]
	at java.util.concurrent.ThreadPoolExecutor.runWorker(ThreadPoolExecutor.java:1149) [?:1.8.0_212]
	at java.util.concurrent.ThreadPoolExecutor$Worker.run(ThreadPoolExecutor.java:624) [?:1.8.0_212]
	at java.lang.Thread.run(Thread.java:748) [?:1.8.0_212]
2019-06-18 00:55:50,129 INFO  impl.HddsDispatcher (ContainerUtils.java:logAndReturnError(146)) - Operation: PutBlock : Trace ID: dc87647560409746:d12735bb7e25f9d8:c4ad46f3dcfd0d6a:0 : Message: ContainerID 3 does not exist : Result: CONTAINER_NOT_FOUND
2019-06-18 00:55:50,132 ERROR freon.RandomKeyGenerator (RandomKeyGenerator.java:run(675)) - Exception while adding key: key-1-35221 in bucket: org.apache.hadoop.ozone.client.OzoneBucket@7a50412d of volume: org.apache.hadoop.ozone.client.OzoneVolume@ddbf95a.
java.io.IOException: Unexpected Storage Container Exception: org.apache.hadoop.hdds.scm.container.common.helpers.StorageContainerException: ContainerID 3 does not exist
	at org.apache.hadoop.hdds.scm.storage.BlockOutputStream.setIoException(BlockOutputStream.java:548)
	at org.apache.hadoop.hdds.scm.storage.BlockOutputStream.validateResponse(BlockOutputStream.java:539)
	at org.apache.hadoop.hdds.scm.storage.BlockOutputStream.lambda$writeChunkToContainer$2(BlockOutputStream.java:614)
	at java.util.concurrent.CompletableFuture.uniApply(CompletableFuture.java:602)
	at java.util.concurrent.CompletableFuture$UniApply.tryFire(CompletableFuture.java:577)
	at java.util.concurrent.CompletableFuture$Completion.run(CompletableFuture.java:442)
	at java.util.concurrent.ThreadPoolExecutor.runWorker(ThreadPoolExecutor.java:1149)
	at java.util.concurrent.ThreadPoolExecutor$Worker.run(ThreadPoolExecutor.java:624)
	at java.lang.Thread.run(Thread.java:748)
Caused by: org.apache.hadoop.hdds.scm.container.common.helpers.StorageContainerException: ContainerID 3 does not exist
	at org.apache.hadoop.hdds.scm.storage.ContainerProtocolCalls.validateContainerResponse(ContainerProtocolCalls.java:536)
	at org.apache.hadoop.hdds.scm.storage.BlockOutputStream.validateResponse(BlockOutputStream.java:536)
	... 7 more
2019-06-18 00:55:50,160 INFO  client.GrpcClientProtocolClient (GrpcClientProtocolClient.java:onNext(254)) - client-7D96FB2A9EE9->2d9c32cf-d138-46ed-86fe-555b0f222d66: receive RaftClientReply:client-7D96FB2A9EE9->2d9c32cf-d138-46ed-86fe-555b0f222d66@group-F789D1FF0E52, cid=103, SUCCESS, logIndex=149, commits[2d9c32cf-d138-46ed-86fe-555b0f222d66:c149, 7d41c113-78b8-42e0-973f-a2985e127fce:c148, 845dac45-d65a-40db-aa8d-9123cdf470a5:c147]
2019-06-18 00:55:50,190 INFO  client.GrpcClientProtocolClient (GrpcClientProtocolClient.java:onNext(254)) - client-7D96FB2A9EE9->2d9c32cf-d138-46ed-86fe-555b0f222d66: receive RaftClientReply:client-7D96FB2A9EE9->2d9c32cf-d138-46ed-86fe-555b0f222d66@group-F789D1FF0E52, cid=104, SUCCESS, logIndex=151, commits[2d9c32cf-d138-46ed-86fe-555b0f222d66:c151, 7d41c113-78b8-42e0-973f-a2985e127fce:c149, 845dac45-d65a-40db-aa8d-9123cdf470a5:c148]
2019-06-18 00:55:50,202 INFO  client.GrpcClientProtocolClient (GrpcClientProtocolClient.java:onNext(254)) - client-7D96FB2A9EE9->2d9c32cf-d138-46ed-86fe-555b0f222d66: receive RaftClientReply:client-7D96FB2A9EE9->2d9c32cf-d138-46ed-86fe-555b0f222d66@group-F789D1FF0E52, cid=107, SUCCESS, logIndex=0, commits[2d9c32cf-d138-46ed-86fe-555b0f222d66:c152, 7d41c113-78b8-42e0-973f-a2985e127fce:c151, 845dac45-d65a-40db-aa8d-9123cdf470a5:c151]
2019-06-18 00:55:50,210 INFO  client.GrpcClientProtocolClient (GrpcClientProtocolClient.java:onNext(254)) - client-7D96FB2A9EE9->2d9c32cf-d138-46ed-86fe-555b0f222d66: receive RaftClientReply:client-7D96FB2A9EE9->2d9c32cf-d138-46ed-86fe-555b0f222d66@group-F789D1FF0E52, cid=105, SUCCESS, logIndex=153, commits[2d9c32cf-d138-46ed-86fe-555b0f222d66:c153, 7d41c113-78b8-42e0-973f-a2985e127fce:c151, 845dac45-d65a-40db-aa8d-9123cdf470a5:c152]
2019-06-18 00:55:50,233 INFO  client.GrpcClientProtocolClient (GrpcClientProtocolClient.java:onNext(254)) - client-7D96FB2A9EE9->2d9c32cf-d138-46ed-86fe-555b0f222d66: receive RaftClientReply:client-7D96FB2A9EE9->2d9c32cf-d138-46ed-86fe-555b0f222d66@group-F789D1FF0E52, cid=106, SUCCESS, logIndex=154, commits[2d9c32cf-d138-46ed-86fe-555b0f222d66:c155, 7d41c113-78b8-42e0-973f-a2985e127fce:c152, 845dac45-d65a-40db-aa8d-9123cdf470a5:c153]
2019-06-18 00:55:50,236 INFO  keyvalue.KeyValueHandler (ContainerUtils.java:logAndReturnError(146)) - Operation: CreateContainer : Trace ID: 711ad9193df8f418:adea6ba61bab1f40:2b44136eb991601c:0 : Message: Container creation failed, due to disk out of space : Result: DISK_OUT_OF_SPACE
2019-06-18 00:55:50,237 INFO  keyvalue.KeyValueHandler (ContainerUtils.java:logAndReturnError(146)) - Operation: CreateContainer : Trace ID: 711ad9193df8f418:adea6ba61bab1f40:2b44136eb991601c:0 : Message: Container creation failed, due to disk out of space : Result: DISK_OUT_OF_SPACE
00:55:50.237 [pool-47-thread-41] ERROR DNAudit - user=null | ip=null | op=WRITE_CHUNK {blockData=conID: 3 locID: 102289856936607813 bcsId: 0} | ret=FAILURE
org.apache.hadoop.hdds.scm.container.common.helpers.StorageContainerException: ContainerID 3 creation failed
	at org.apache.hadoop.ozone.container.common.impl.HddsDispatcher.dispatchRequest(HddsDispatcher.java:227) ~[classes/:?]
	at org.apache.hadoop.ozone.container.common.impl.HddsDispatcher.dispatch(HddsDispatcher.java:148) ~[classes/:?]
	at org.apache.hadoop.ozone.container.common.transport.server.ratis.ContainerStateMachine.dispatchCommand(ContainerStateMachine.java:347) ~[classes/:?]
	at org.apache.hadoop.ozone.container.common.transport.server.ratis.ContainerStateMachine.runCommand(ContainerStateMachine.java:354) ~[classes/:?]
	at org.apache.hadoop.ozone.container.common.transport.server.ratis.ContainerStateMachine.lambda$handleWriteChunk$0(ContainerStateMachine.java:385) ~[classes/:?]
	at java.util.concurrent.CompletableFuture$AsyncSupply.run(CompletableFuture.java:1590) [?:1.8.0_212]
	at java.util.concurrent.ThreadPoolExecutor.runWorker(ThreadPoolExecutor.java:1149) [?:1.8.0_212]
	at java.util.concurrent.ThreadPoolExecutor$Worker.run(ThreadPoolExecutor.java:624) [?:1.8.0_212]
	at java.lang.Thread.run(Thread.java:748) [?:1.8.0_212]
2019-06-18 00:55:50,238 INFO  impl.HddsDispatcher (ContainerUtils.java:logAndReturnError(146)) - Operation: WriteChunk : Trace ID: 711ad9193df8f418:adea6ba61bab1f40:2b44136eb991601c:0 : Message: ContainerID 3 creation failed : Result: DISK_OUT_OF_SPACE
00:55:50.237 [pool-26-thread-3] ERROR DNAudit - user=null | ip=null | op=WRITE_CHUNK {blockData=conID: 3 locID: 102289856936607813 bcsId: 0} | ret=FAILURE
org.apache.hadoop.hdds.scm.container.common.helpers.StorageContainerException: ContainerID 3 creation failed
	at org.apache.hadoop.ozone.container.common.impl.HddsDispatcher.dispatchRequest(HddsDispatcher.java:227) ~[classes/:?]
	at org.apache.hadoop.ozone.container.common.impl.HddsDispatcher.dispatch(HddsDispatcher.java:148) ~[classes/:?]
	at org.apache.hadoop.ozone.container.common.transport.server.ratis.ContainerStateMachine.dispatchCommand(ContainerStateMachine.java:347) ~[classes/:?]
	at org.apache.hadoop.ozone.container.common.transport.server.ratis.ContainerStateMachine.runCommand(ContainerStateMachine.java:354) ~[classes/:?]
	at org.apache.hadoop.ozone.container.common.transport.server.ratis.ContainerStateMachine.lambda$handleWriteChunk$0(ContainerStateMachine.java:385) ~[classes/:?]
	at java.util.concurrent.CompletableFuture$AsyncSupply.run(CompletableFuture.java:1590) [?:1.8.0_212]
	at java.util.concurrent.ThreadPoolExecutor.runWorker(ThreadPoolExecutor.java:1149) [?:1.8.0_212]
	at java.util.concurrent.ThreadPoolExecutor$Worker.run(ThreadPoolExecutor.java:624) [?:1.8.0_212]
	at java.lang.Thread.run(Thread.java:748) [?:1.8.0_212]
2019-06-18 00:55:50,238 INFO  impl.HddsDispatcher (ContainerUtils.java:logAndReturnError(146)) - Operation: WriteChunk : Trace ID: 711ad9193df8f418:adea6ba61bab1f40:2b44136eb991601c:0 : Message: ContainerID 3 creation failed : Result: DISK_OUT_OF_SPACE
2019-06-18 00:55:50,238 INFO  keyvalue.KeyValueHandler (ContainerUtils.java:logAndReturnError(146)) - Operation: CreateContainer : Trace ID: 711ad9193df8f418:adea6ba61bab1f40:2b44136eb991601c:0 : Message: Container creation failed, due to disk out of space : Result: DISK_OUT_OF_SPACE
00:55:50.240 [pool-68-thread-41] ERROR DNAudit - user=null | ip=null | op=WRITE_CHUNK {blockData=conID: 3 locID: 102289856936607813 bcsId: 0} | ret=FAILURE
org.apache.hadoop.hdds.scm.container.common.helpers.StorageContainerException: ContainerID 3 creation failed
	at org.apache.hadoop.ozone.container.common.impl.HddsDispatcher.dispatchRequest(HddsDispatcher.java:227) ~[classes/:?]
	at org.apache.hadoop.ozone.container.common.impl.HddsDispatcher.dispatch(HddsDispatcher.java:148) ~[classes/:?]
	at org.apache.hadoop.ozone.container.common.transport.server.ratis.ContainerStateMachine.dispatchCommand(ContainerStateMachine.java:347) ~[classes/:?]
	at org.apache.hadoop.ozone.container.common.transport.server.ratis.ContainerStateMachine.runCommand(ContainerStateMachine.java:354) ~[classes/:?]
	at org.apache.hadoop.ozone.container.common.transport.server.ratis.ContainerStateMachine.lambda$handleWriteChunk$0(ContainerStateMachine.java:385) ~[classes/:?]
	at java.util.concurrent.CompletableFuture$AsyncSupply.run(CompletableFuture.java:1590) [?:1.8.0_212]
	at java.util.concurrent.ThreadPoolExecutor.runWorker(ThreadPoolExecutor.java:1149) [?:1.8.0_212]
	at java.util.concurrent.ThreadPoolExecutor$Worker.run(ThreadPoolExecutor.java:624) [?:1.8.0_212]
	at java.lang.Thread.run(Thread.java:748) [?:1.8.0_212]
2019-06-18 00:55:50,243 INFO  impl.HddsDispatcher (ContainerUtils.java:logAndReturnError(146)) - Operation: WriteChunk : Trace ID: 711ad9193df8f418:adea6ba61bab1f40:2b44136eb991601c:0 : Message: ContainerID 3 creation failed : Result: DISK_OUT_OF_SPACE
00:55:50.248 [pool-30-thread-1] ERROR DNAudit - user=null | ip=null | op=WRITE_CHUNK {blockData=conID: 3 locID: 102289856936607813 bcsId: 0} | ret=FAILURE
org.apache.hadoop.hdds.scm.container.common.helpers.StorageContainerException: ContainerID 3 does not exist
	at org.apache.hadoop.ozone.container.common.impl.HddsDispatcher.dispatchRequest(HddsDispatcher.java:242) ~[classes/:?]
	at org.apache.hadoop.ozone.container.common.impl.HddsDispatcher.dispatch(HddsDispatcher.java:148) ~[classes/:?]
	at org.apache.hadoop.ozone.container.common.transport.server.ratis.ContainerStateMachine.dispatchCommand(ContainerStateMachine.java:347) ~[classes/:?]
	at org.apache.hadoop.ozone.container.common.transport.server.ratis.ContainerStateMachine.runCommand(ContainerStateMachine.java:354) ~[classes/:?]
	at org.apache.hadoop.ozone.container.common.transport.server.ratis.ContainerStateMachine.lambda$applyTransaction$5(ContainerStateMachine.java:621) ~[classes/:?]
	at java.util.concurrent.CompletableFuture$AsyncSupply.run(CompletableFuture.java:1590) [?:1.8.0_212]
	at java.util.concurrent.ThreadPoolExecutor.runWorker(ThreadPoolExecutor.java:1149) [?:1.8.0_212]
	at java.util.concurrent.ThreadPoolExecutor$Worker.run(ThreadPoolExecutor.java:624) [?:1.8.0_212]
	at java.lang.Thread.run(Thread.java:748) [?:1.8.0_212]
2019-06-18 00:55:50,248 INFO  impl.HddsDispatcher (ContainerUtils.java:logAndReturnError(146)) - Operation: WriteChunk : Trace ID: 711ad9193df8f418:adea6ba61bab1f40:2b44136eb991601c:0 : Message: ContainerID 3 does not exist : Result: CONTAINER_NOT_FOUND
2019-06-18 00:55:50,248 INFO  client.GrpcClientProtocolClient (GrpcClientProtocolClient.java:onNext(254)) - client-7D96FB2A9EE9->2d9c32cf-d138-46ed-86fe-555b0f222d66: receive RaftClientReply:client-7D96FB2A9EE9->2d9c32cf-d138-46ed-86fe-555b0f222d66@group-F789D1FF0E52, cid=110, SUCCESS, logIndex=0, commits[2d9c32cf-d138-46ed-86fe-555b0f222d66:c156, 7d41c113-78b8-42e0-973f-a2985e127fce:c154, 845dac45-d65a-40db-aa8d-9123cdf470a5:c154]
2019-06-18 00:55:50,249 INFO  client.GrpcClientProtocolClient (GrpcClientProtocolClient.java:onNext(254)) - client-7D96FB2A9EE9->2d9c32cf-d138-46ed-86fe-555b0f222d66: receive RaftClientReply:client-7D96FB2A9EE9->2d9c32cf-d138-46ed-86fe-555b0f222d66@group-F789D1FF0E52, cid=108, SUCCESS, logIndex=157, commits[2d9c32cf-d138-46ed-86fe-555b0f222d66:c157, 7d41c113-78b8-42e0-973f-a2985e127fce:c155, 845dac45-d65a-40db-aa8d-9123cdf470a5:c155]
2019-06-18 00:55:50,266 ERROR storage.BlockOutputStream (BlockOutputStream.java:validateResponse(538)) - Unexpected Storage Container Exception: 
org.apache.hadoop.hdds.scm.container.common.helpers.StorageContainerException: ContainerID 3 does not exist
	at org.apache.hadoop.hdds.scm.storage.ContainerProtocolCalls.validateContainerResponse(ContainerProtocolCalls.java:536)
	at org.apache.hadoop.hdds.scm.storage.BlockOutputStream.validateResponse(BlockOutputStream.java:536)
	at org.apache.hadoop.hdds.scm.storage.BlockOutputStream.lambda$writeChunkToContainer$2(BlockOutputStream.java:614)
	at java.util.concurrent.CompletableFuture.uniApply(CompletableFuture.java:602)
	at java.util.concurrent.CompletableFuture$UniApply.tryFire(CompletableFuture.java:577)
	at java.util.concurrent.CompletableFuture$Completion.run(CompletableFuture.java:442)
	at java.util.concurrent.ThreadPoolExecutor.runWorker(ThreadPoolExecutor.java:1149)
	at java.util.concurrent.ThreadPoolExecutor$Worker.run(ThreadPoolExecutor.java:624)
	at java.lang.Thread.run(Thread.java:748)
00:55:50.274 [pool-51-thread-1] ERROR DNAudit - user=null | ip=null | op=WRITE_CHUNK {blockData=conID: 3 locID: 102289856936607813 bcsId: 0} | ret=FAILURE
org.apache.hadoop.hdds.scm.container.common.helpers.StorageContainerException: ContainerID 3 does not exist
	at org.apache.hadoop.ozone.container.common.impl.HddsDispatcher.dispatchRequest(HddsDispatcher.java:242) ~[classes/:?]
	at org.apache.hadoop.ozone.container.common.impl.HddsDispatcher.dispatch(HddsDispatcher.java:148) ~[classes/:?]
	at org.apache.hadoop.ozone.container.common.transport.server.ratis.ContainerStateMachine.dispatchCommand(ContainerStateMachine.java:347) ~[classes/:?]
	at org.apache.hadoop.ozone.container.common.transport.server.ratis.ContainerStateMachine.runCommand(ContainerStateMachine.java:354) ~[classes/:?]
	at org.apache.hadoop.ozone.container.common.transport.server.ratis.ContainerStateMachine.lambda$applyTransaction$5(ContainerStateMachine.java:621) ~[classes/:?]
	at java.util.concurrent.CompletableFuture$AsyncSupply.run(CompletableFuture.java:1590) [?:1.8.0_212]
	at java.util.concurrent.ThreadPoolExecutor.runWorker(ThreadPoolExecutor.java:1149) [?:1.8.0_212]
	at java.util.concurrent.ThreadPoolExecutor$Worker.run(ThreadPoolExecutor.java:624) [?:1.8.0_212]
	at java.lang.Thread.run(Thread.java:748) [?:1.8.0_212]
2019-06-18 00:55:50,274 INFO  impl.HddsDispatcher (ContainerUtils.java:logAndReturnError(146)) - Operation: WriteChunk : Trace ID: 711ad9193df8f418:adea6ba61bab1f40:2b44136eb991601c:0 : Message: ContainerID 3 does not exist : Result: CONTAINER_NOT_FOUND
00:55:50.267 [pool-72-thread-1] ERROR DNAudit - user=null | ip=null | op=WRITE_CHUNK {blockData=conID: 3 locID: 102289856936607813 bcsId: 0} | ret=FAILURE
org.apache.hadoop.hdds.scm.container.common.helpers.StorageContainerException: ContainerID 3 does not exist
	at org.apache.hadoop.ozone.container.common.impl.HddsDispatcher.dispatchRequest(HddsDispatcher.java:242) ~[classes/:?]
	at org.apache.hadoop.ozone.container.common.impl.HddsDispatcher.dispatch(HddsDispatcher.java:148) ~[classes/:?]
	at org.apache.hadoop.ozone.container.common.transport.server.ratis.ContainerStateMachine.dispatchCommand(ContainerStateMachine.java:347) ~[classes/:?]
	at org.apache.hadoop.ozone.container.common.transport.server.ratis.ContainerStateMachine.runCommand(ContainerStateMachine.java:354) ~[classes/:?]
	at org.apache.hadoop.ozone.container.common.transport.server.ratis.ContainerStateMachine.lambda$applyTransaction$5(ContainerStateMachine.java:621) ~[classes/:?]
	at java.util.concurrent.CompletableFuture$AsyncSupply.run(CompletableFuture.java:1590) [?:1.8.0_212]
	at java.util.concurrent.ThreadPoolExecutor.runWorker(ThreadPoolExecutor.java:1149) [?:1.8.0_212]
	at java.util.concurrent.ThreadPoolExecutor$Worker.run(ThreadPoolExecutor.java:624) [?:1.8.0_212]
	at java.lang.Thread.run(Thread.java:748) [?:1.8.0_212]
2019-06-18 00:55:50,275 INFO  impl.HddsDispatcher (ContainerUtils.java:logAndReturnError(146)) - Operation: WriteChunk : Trace ID: 711ad9193df8f418:adea6ba61bab1f40:2b44136eb991601c:0 : Message: ContainerID 3 does not exist : Result: CONTAINER_NOT_FOUND
00:55:50.278 [pool-30-thread-1] ERROR DNAudit - user=null | ip=null | op=PUT_BLOCK {blockData=[blockId=conID: 3 locID: 102289856936607813 bcsId: 0,size=10240]} | ret=FAILURE
org.apache.hadoop.hdds.scm.container.common.helpers.StorageContainerException: ContainerID 3 does not exist
	at org.apache.hadoop.ozone.container.common.impl.HddsDispatcher.dispatchRequest(HddsDispatcher.java:242) ~[classes/:?]
	at org.apache.hadoop.ozone.container.common.impl.HddsDispatcher.dispatch(HddsDispatcher.java:148) ~[classes/:?]
	at org.apache.hadoop.ozone.container.common.transport.server.ratis.ContainerStateMachine.dispatchCommand(ContainerStateMachine.java:347) ~[classes/:?]
	at org.apache.hadoop.ozone.container.common.transport.server.ratis.ContainerStateMachine.runCommand(ContainerStateMachine.java:354) ~[classes/:?]
	at org.apache.hadoop.ozone.container.common.transport.server.ratis.ContainerStateMachine.lambda$applyTransaction$5(ContainerStateMachine.java:621) ~[classes/:?]
	at java.util.concurrent.CompletableFuture$AsyncSupply.run(CompletableFuture.java:1590) [?:1.8.0_212]
	at java.util.concurrent.ThreadPoolExecutor.runWorker(ThreadPoolExecutor.java:1149) [?:1.8.0_212]
	at java.util.concurrent.ThreadPoolExecutor$Worker.run(ThreadPoolExecutor.java:624) [?:1.8.0_212]
	at java.lang.Thread.run(Thread.java:748) [?:1.8.0_212]
2019-06-18 00:55:50,278 INFO  impl.HddsDispatcher (ContainerUtils.java:logAndReturnError(146)) - Operation: PutBlock : Trace ID: 711ad9193df8f418:96e4cc3796458b01:2b44136eb991601c:0 : Message: ContainerID 3 does not exist : Result: CONTAINER_NOT_FOUND
2019-06-18 00:55:50,280 INFO  client.GrpcClientProtocolClient (GrpcClientProtocolClient.java:onNext(254)) - client-7D96FB2A9EE9->2d9c32cf-d138-46ed-86fe-555b0f222d66: receive RaftClientReply:client-7D96FB2A9EE9->2d9c32cf-d138-46ed-86fe-555b0f222d66@group-F789D1FF0E52, cid=109, SUCCESS, logIndex=159, commits[2d9c32cf-d138-46ed-86fe-555b0f222d66:c159, 7d41c113-78b8-42e0-973f-a2985e127fce:c157, 845dac45-d65a-40db-aa8d-9123cdf470a5:c157]
2019-06-18 00:55:50,283 ERROR freon.RandomKeyGenerator (RandomKeyGenerator.java:run(675)) - Exception while adding key: key-5-80014 in bucket: org.apache.hadoop.ozone.client.OzoneBucket@6ac8edc0 of volume: org.apache.hadoop.ozone.client.OzoneVolume@4bda18b4.
java.io.IOException: Unexpected Storage Container Exception: org.apache.hadoop.hdds.scm.container.common.helpers.StorageContainerException: ContainerID 3 does not exist
	at org.apache.hadoop.hdds.scm.storage.BlockOutputStream.setIoException(BlockOutputStream.java:548)
	at org.apache.hadoop.hdds.scm.storage.BlockOutputStream.validateResponse(BlockOutputStream.java:539)
	at org.apache.hadoop.hdds.scm.storage.BlockOutputStream.lambda$writeChunkToContainer$2(BlockOutputStream.java:614)
	at java.util.concurrent.CompletableFuture.uniApply(CompletableFuture.java:602)
	at java.util.concurrent.CompletableFuture$UniApply.tryFire(CompletableFuture.java:577)
	at java.util.concurrent.CompletableFuture$Completion.run(CompletableFuture.java:442)
	at java.util.concurrent.ThreadPoolExecutor.runWorker(ThreadPoolExecutor.java:1149)
	at java.util.concurrent.ThreadPoolExecutor$Worker.run(ThreadPoolExecutor.java:624)
	at java.lang.Thread.run(Thread.java:748)
Caused by: org.apache.hadoop.hdds.scm.container.common.helpers.StorageContainerException: ContainerID 3 does not exist
	at org.apache.hadoop.hdds.scm.storage.ContainerProtocolCalls.validateContainerResponse(ContainerProtocolCalls.java:536)
	at org.apache.hadoop.hdds.scm.storage.BlockOutputStream.validateResponse(BlockOutputStream.java:536)
	... 7 more
00:55:50.291 [pool-51-thread-1] ERROR DNAudit - user=null | ip=null | op=PUT_BLOCK {blockData=[blockId=conID: 3 locID: 102289856936607813 bcsId: 0,size=10240]} | ret=FAILURE
org.apache.hadoop.hdds.scm.container.common.helpers.StorageContainerException: ContainerID 3 does not exist
	at org.apache.hadoop.ozone.container.common.impl.HddsDispatcher.dispatchRequest(HddsDispatcher.java:242) ~[classes/:?]
	at org.apache.hadoop.ozone.container.common.impl.HddsDispatcher.dispatch(HddsDispatcher.java:148) ~[classes/:?]
	at org.apache.hadoop.ozone.container.common.transport.server.ratis.ContainerStateMachine.dispatchCommand(ContainerStateMachine.java:347) ~[classes/:?]
	at org.apache.hadoop.ozone.container.common.transport.server.ratis.ContainerStateMachine.runCommand(ContainerStateMachine.java:354) ~[classes/:?]
	at org.apache.hadoop.ozone.container.common.transport.server.ratis.ContainerStateMachine.lambda$applyTransaction$5(ContainerStateMachine.java:621) ~[classes/:?]
	at java.util.concurrent.CompletableFuture$AsyncSupply.run(CompletableFuture.java:1590) [?:1.8.0_212]
	at java.util.concurrent.ThreadPoolExecutor.runWorker(ThreadPoolExecutor.java:1149) [?:1.8.0_212]
	at java.util.concurrent.ThreadPoolExecutor$Worker.run(ThreadPoolExecutor.java:624) [?:1.8.0_212]
	at java.lang.Thread.run(Thread.java:748) [?:1.8.0_212]
2019-06-18 00:55:50,291 INFO  impl.HddsDispatcher (ContainerUtils.java:logAndReturnError(146)) - Operation: PutBlock : Trace ID: 711ad9193df8f418:96e4cc3796458b01:2b44136eb991601c:0 : Message: ContainerID 3 does not exist : Result: CONTAINER_NOT_FOUND
00:55:50.293 [pool-72-thread-1] ERROR DNAudit - user=null | ip=null | op=PUT_BLOCK {blockData=[blockId=conID: 3 locID: 102289856936607813 bcsId: 0,size=10240]} | ret=FAILURE
org.apache.hadoop.hdds.scm.container.common.helpers.StorageContainerException: ContainerID 3 does not exist
	at org.apache.hadoop.ozone.container.common.impl.HddsDispatcher.dispatchRequest(HddsDispatcher.java:242) ~[classes/:?]
	at org.apache.hadoop.ozone.container.common.impl.HddsDispatcher.dispatch(HddsDispatcher.java:148) ~[classes/:?]
	at org.apache.hadoop.ozone.container.common.transport.server.ratis.ContainerStateMachine.dispatchCommand(ContainerStateMachine.java:347) ~[classes/:?]
	at org.apache.hadoop.ozone.container.common.transport.server.ratis.ContainerStateMachine.runCommand(ContainerStateMachine.java:354) ~[classes/:?]
	at org.apache.hadoop.ozone.container.common.transport.server.ratis.ContainerStateMachine.lambda$applyTransaction$5(ContainerStateMachine.java:621) ~[classes/:?]
	at java.util.concurrent.CompletableFuture$AsyncSupply.run(CompletableFuture.java:1590) [?:1.8.0_212]
	at java.util.concurrent.ThreadPoolExecutor.runWorker(ThreadPoolExecutor.java:1149) [?:1.8.0_212]
	at java.util.concurrent.ThreadPoolExecutor$Worker.run(ThreadPoolExecutor.java:624) [?:1.8.0_212]
	at java.lang.Thread.run(Thread.java:748) [?:1.8.0_212]
2019-06-18 00:55:50,293 INFO  impl.HddsDispatcher (ContainerUtils.java:logAndReturnError(146)) - Operation: PutBlock : Trace ID: 711ad9193df8f418:96e4cc3796458b01:2b44136eb991601c:0 : Message: ContainerID 3 does not exist : Result: CONTAINER_NOT_FOUND
2019-06-18 00:55:50,324 INFO  client.GrpcClientProtocolClient (GrpcClientProtocolClient.java:onNext(254)) - client-7D96FB2A9EE9->2d9c32cf-d138-46ed-86fe-555b0f222d66: receive RaftClientReply:client-7D96FB2A9EE9->2d9c32cf-d138-46ed-86fe-555b0f222d66@group-F789D1FF0E52, cid=111, SUCCESS, logIndex=161, commits[2d9c32cf-d138-46ed-86fe-555b0f222d66:c161, 7d41c113-78b8-42e0-973f-a2985e127fce:c159, 845dac45-d65a-40db-aa8d-9123cdf470a5:c159]
2019-06-18 00:55:50,364 INFO  client.GrpcClientProtocolClient (GrpcClientProtocolClient.java:onNext(254)) - client-7D96FB2A9EE9->2d9c32cf-d138-46ed-86fe-555b0f222d66: receive RaftClientReply:client-7D96FB2A9EE9->2d9c32cf-d138-46ed-86fe-555b0f222d66@group-F789D1FF0E52, cid=112, SUCCESS, logIndex=163, commits[2d9c32cf-d138-46ed-86fe-555b0f222d66:c163, 7d41c113-78b8-42e0-973f-a2985e127fce:c161, 845dac45-d65a-40db-aa8d-9123cdf470a5:c161]
2019-06-18 00:55:50,367 INFO  client.GrpcClientProtocolClient (GrpcClientProtocolClient.java:onNext(254)) - client-7D96FB2A9EE9->2d9c32cf-d138-46ed-86fe-555b0f222d66: receive RaftClientReply:client-7D96FB2A9EE9->2d9c32cf-d138-46ed-86fe-555b0f222d66@group-F789D1FF0E52, cid=113, SUCCESS, logIndex=164, commits[2d9c32cf-d138-46ed-86fe-555b0f222d66:c166, 7d41c113-78b8-42e0-973f-a2985e127fce:c163, 845dac45-d65a-40db-aa8d-9123cdf470a5:c163]
2019-06-18 00:55:50,370 INFO  client.GrpcClientProtocolClient (GrpcClientProtocolClient.java:onNext(254)) - client-7D96FB2A9EE9->2d9c32cf-d138-46ed-86fe-555b0f222d66: receive RaftClientReply:client-7D96FB2A9EE9->2d9c32cf-d138-46ed-86fe-555b0f222d66@group-F789D1FF0E52, cid=114, SUCCESS, logIndex=165, commits[2d9c32cf-d138-46ed-86fe-555b0f222d66:c166, 7d41c113-78b8-42e0-973f-a2985e127fce:c163, 845dac45-d65a-40db-aa8d-9123cdf470a5:c163]
2019-06-18 00:55:50,371 INFO  client.GrpcClientProtocolClient (GrpcClientProtocolClient.java:onNext(254)) - client-7D96FB2A9EE9->2d9c32cf-d138-46ed-86fe-555b0f222d66: receive RaftClientReply:client-7D96FB2A9EE9->2d9c32cf-d138-46ed-86fe-555b0f222d66@group-F789D1FF0E52, cid=115, SUCCESS, logIndex=0, commits[2d9c32cf-d138-46ed-86fe-555b0f222d66:c166, 7d41c113-78b8-42e0-973f-a2985e127fce:c163, 845dac45-d65a-40db-aa8d-9123cdf470a5:c163]
2019-06-18 00:55:50,381 INFO  keyvalue.KeyValueHandler (ContainerUtils.java:logAndReturnError(146)) - Operation: CreateContainer : Trace ID: 8654de88a4fe153e:e89af7078d8ea12e:2f987819b2c58dbf:0 : Message: Container creation failed, due to disk out of space : Result: DISK_OUT_OF_SPACE
00:55:50.381 [pool-26-thread-12] ERROR DNAudit - user=null | ip=null | op=WRITE_CHUNK {blockData=conID: 3 locID: 102289856946241611 bcsId: 0} | ret=FAILURE
org.apache.hadoop.hdds.scm.container.common.helpers.StorageContainerException: ContainerID 3 creation failed
	at org.apache.hadoop.ozone.container.common.impl.HddsDispatcher.dispatchRequest(HddsDispatcher.java:227) ~[classes/:?]
	at org.apache.hadoop.ozone.container.common.impl.HddsDispatcher.dispatch(HddsDispatcher.java:148) ~[classes/:?]
	at org.apache.hadoop.ozone.container.common.transport.server.ratis.ContainerStateMachine.dispatchCommand(ContainerStateMachine.java:347) ~[classes/:?]
	at org.apache.hadoop.ozone.container.common.transport.server.ratis.ContainerStateMachine.runCommand(ContainerStateMachine.java:354) ~[classes/:?]
	at org.apache.hadoop.ozone.container.common.transport.server.ratis.ContainerStateMachine.lambda$handleWriteChunk$0(ContainerStateMachine.java:385) ~[classes/:?]
	at java.util.concurrent.CompletableFuture$AsyncSupply.run(CompletableFuture.java:1590) [?:1.8.0_212]
	at java.util.concurrent.ThreadPoolExecutor.runWorker(ThreadPoolExecutor.java:1149) [?:1.8.0_212]
	at java.util.concurrent.ThreadPoolExecutor$Worker.run(ThreadPoolExecutor.java:624) [?:1.8.0_212]
	at java.lang.Thread.run(Thread.java:748) [?:1.8.0_212]
2019-06-18 00:55:50,381 INFO  impl.HddsDispatcher (ContainerUtils.java:logAndReturnError(146)) - Operation: WriteChunk : Trace ID: 8654de88a4fe153e:e89af7078d8ea12e:2f987819b2c58dbf:0 : Message: ContainerID 3 creation failed : Result: DISK_OUT_OF_SPACE
2019-06-18 00:55:50,384 INFO  keyvalue.KeyValueHandler (ContainerUtils.java:logAndReturnError(146)) - Operation: CreateContainer : Trace ID: 8654de88a4fe153e:e89af7078d8ea12e:2f987819b2c58dbf:0 : Message: Container creation failed, due to disk out of space : Result: DISK_OUT_OF_SPACE
00:55:50.384 [pool-68-thread-45] ERROR DNAudit - user=null | ip=null | op=WRITE_CHUNK {blockData=conID: 3 locID: 102289856946241611 bcsId: 0} | ret=FAILURE
org.apache.hadoop.hdds.scm.container.common.helpers.StorageContainerException: ContainerID 3 creation failed
	at org.apache.hadoop.ozone.container.common.impl.HddsDispatcher.dispatchRequest(HddsDispatcher.java:227) ~[classes/:?]
	at org.apache.hadoop.ozone.container.common.impl.HddsDispatcher.dispatch(HddsDispatcher.java:148) ~[classes/:?]
	at org.apache.hadoop.ozone.container.common.transport.server.ratis.ContainerStateMachine.dispatchCommand(ContainerStateMachine.java:347) ~[classes/:?]
	at org.apache.hadoop.ozone.container.common.transport.server.ratis.ContainerStateMachine.runCommand(ContainerStateMachine.java:354) ~[classes/:?]
	at org.apache.hadoop.ozone.container.common.transport.server.ratis.ContainerStateMachine.lambda$handleWriteChunk$0(ContainerStateMachine.java:385) ~[classes/:?]
	at java.util.concurrent.CompletableFuture$AsyncSupply.run(CompletableFuture.java:1590) [?:1.8.0_212]
	at java.util.concurrent.ThreadPoolExecutor.runWorker(ThreadPoolExecutor.java:1149) [?:1.8.0_212]
	at java.util.concurrent.ThreadPoolExecutor$Worker.run(ThreadPoolExecutor.java:624) [?:1.8.0_212]
	at java.lang.Thread.run(Thread.java:748) [?:1.8.0_212]
2019-06-18 00:55:50,384 INFO  impl.HddsDispatcher (ContainerUtils.java:logAndReturnError(146)) - Operation: WriteChunk : Trace ID: 8654de88a4fe153e:e89af7078d8ea12e:2f987819b2c58dbf:0 : Message: ContainerID 3 creation failed : Result: DISK_OUT_OF_SPACE
2019-06-18 00:55:50,390 INFO  keyvalue.KeyValueHandler (ContainerUtils.java:logAndReturnError(146)) - Operation: CreateContainer : Trace ID: 8654de88a4fe153e:e89af7078d8ea12e:2f987819b2c58dbf:0 : Message: Container creation failed, due to disk out of space : Result: DISK_OUT_OF_SPACE
00:55:50.391 [pool-47-thread-44] ERROR DNAudit - user=null | ip=null | op=WRITE_CHUNK {blockData=conID: 3 locID: 102289856946241611 bcsId: 0} | ret=FAILURE
org.apache.hadoop.hdds.scm.container.common.helpers.StorageContainerException: ContainerID 3 creation failed
	at org.apache.hadoop.ozone.container.common.impl.HddsDispatcher.dispatchRequest(HddsDispatcher.java:227) ~[classes/:?]
	at org.apache.hadoop.ozone.container.common.impl.HddsDispatcher.dispatch(HddsDispatcher.java:148) ~[classes/:?]
	at org.apache.hadoop.ozone.container.common.transport.server.ratis.ContainerStateMachine.dispatchCommand(ContainerStateMachine.java:347) ~[classes/:?]
	at org.apache.hadoop.ozone.container.common.transport.server.ratis.ContainerStateMachine.runCommand(ContainerStateMachine.java:354) ~[classes/:?]
	at org.apache.hadoop.ozone.container.common.transport.server.ratis.ContainerStateMachine.lambda$handleWriteChunk$0(ContainerStateMachine.java:385) ~[classes/:?]
	at java.util.concurrent.CompletableFuture$AsyncSupply.run(CompletableFuture.java:1590) [?:1.8.0_212]
	at java.util.concurrent.ThreadPoolExecutor.runWorker(ThreadPoolExecutor.java:1149) [?:1.8.0_212]
	at java.util.concurrent.ThreadPoolExecutor$Worker.run(ThreadPoolExecutor.java:624) [?:1.8.0_212]
	at java.lang.Thread.run(Thread.java:748) [?:1.8.0_212]
2019-06-18 00:55:50,391 INFO  impl.HddsDispatcher (ContainerUtils.java:logAndReturnError(146)) - Operation: WriteChunk : Trace ID: 8654de88a4fe153e:e89af7078d8ea12e:2f987819b2c58dbf:0 : Message: ContainerID 3 creation failed : Result: DISK_OUT_OF_SPACE
00:55:50.393 [pool-30-thread-1] ERROR DNAudit - user=null | ip=null | op=WRITE_CHUNK {blockData=conID: 3 locID: 102289856946241611 bcsId: 0} | ret=FAILURE
org.apache.hadoop.hdds.scm.container.common.helpers.StorageContainerException: ContainerID 3 does not exist
	at org.apache.hadoop.ozone.container.common.impl.HddsDispatcher.dispatchRequest(HddsDispatcher.java:242) ~[classes/:?]
	at org.apache.hadoop.ozone.container.common.impl.HddsDispatcher.dispatch(HddsDispatcher.java:148) ~[classes/:?]
	at org.apache.hadoop.ozone.container.common.transport.server.ratis.ContainerStateMachine.dispatchCommand(ContainerStateMachine.java:347) ~[classes/:?]
	at org.apache.hadoop.ozone.container.common.transport.server.ratis.ContainerStateMachine.runCommand(ContainerStateMachine.java:354) ~[classes/:?]
	at org.apache.hadoop.ozone.container.common.transport.server.ratis.ContainerStateMachine.lambda$applyTransaction$5(ContainerStateMachine.java:621) ~[classes/:?]
	at java.util.concurrent.CompletableFuture$AsyncSupply.run(CompletableFuture.java:1590) [?:1.8.0_212]
	at java.util.concurrent.ThreadPoolExecutor.runWorker(ThreadPoolExecutor.java:1149) [?:1.8.0_212]
	at java.util.concurrent.ThreadPoolExecutor$Worker.run(ThreadPoolExecutor.java:624) [?:1.8.0_212]
	at java.lang.Thread.run(Thread.java:748) [?:1.8.0_212]
2019-06-18 00:55:50,394 INFO  impl.HddsDispatcher (ContainerUtils.java:logAndReturnError(146)) - Operation: WriteChunk : Trace ID: 8654de88a4fe153e:e89af7078d8ea12e:2f987819b2c58dbf:0 : Message: ContainerID 3 does not exist : Result: CONTAINER_NOT_FOUND
00:55:50.401 [pool-51-thread-1] ERROR DNAudit - user=null | ip=null | op=WRITE_CHUNK {blockData=conID: 3 locID: 102289856946241611 bcsId: 0} | ret=FAILURE
org.apache.hadoop.hdds.scm.container.common.helpers.StorageContainerException: ContainerID 3 does not exist
	at org.apache.hadoop.ozone.container.common.impl.HddsDispatcher.dispatchRequest(HddsDispatcher.java:242) ~[classes/:?]
	at org.apache.hadoop.ozone.container.common.impl.HddsDispatcher.dispatch(HddsDispatcher.java:148) ~[classes/:?]
	at org.apache.hadoop.ozone.container.common.transport.server.ratis.ContainerStateMachine.dispatchCommand(ContainerStateMachine.java:347) ~[classes/:?]
	at org.apache.hadoop.ozone.container.common.transport.server.ratis.ContainerStateMachine.runCommand(ContainerStateMachine.java:354) ~[classes/:?]
	at org.apache.hadoop.ozone.container.common.transport.server.ratis.ContainerStateMachine.lambda$applyTransaction$5(ContainerStateMachine.java:621) ~[classes/:?]
	at java.util.concurrent.CompletableFuture$AsyncSupply.run(CompletableFuture.java:1590) [?:1.8.0_212]
	at java.util.concurrent.ThreadPoolExecutor.runWorker(ThreadPoolExecutor.java:1149) [?:1.8.0_212]
	at java.util.concurrent.ThreadPoolExecutor$Worker.run(ThreadPoolExecutor.java:624) [?:1.8.0_212]
	at java.lang.Thread.run(Thread.java:748) [?:1.8.0_212]
2019-06-18 00:55:50,402 INFO  client.GrpcClientProtocolClient (GrpcClientProtocolClient.java:onNext(254)) - client-7D96FB2A9EE9->2d9c32cf-d138-46ed-86fe-555b0f222d66: receive RaftClientReply:client-7D96FB2A9EE9->2d9c32cf-d138-46ed-86fe-555b0f222d66@group-F789D1FF0E52, cid=117, SUCCESS, logIndex=167, commits[2d9c32cf-d138-46ed-86fe-555b0f222d66:c167, 7d41c113-78b8-42e0-973f-a2985e127fce:c166, 845dac45-d65a-40db-aa8d-9123cdf470a5:c163]
2019-06-18 00:55:50,402 INFO  impl.HddsDispatcher (ContainerUtils.java:logAndReturnError(146)) - Operation: WriteChunk : Trace ID: 8654de88a4fe153e:e89af7078d8ea12e:2f987819b2c58dbf:0 : Message: ContainerID 3 does not exist : Result: CONTAINER_NOT_FOUND
00:55:50.402 [pool-72-thread-1] ERROR DNAudit - user=null | ip=null | op=WRITE_CHUNK {blockData=conID: 3 locID: 102289856946241611 bcsId: 0} | ret=FAILURE
org.apache.hadoop.hdds.scm.container.common.helpers.StorageContainerException: ContainerID 3 does not exist
	at org.apache.hadoop.ozone.container.common.impl.HddsDispatcher.dispatchRequest(HddsDispatcher.java:242) ~[classes/:?]
	at org.apache.hadoop.ozone.container.common.impl.HddsDispatcher.dispatch(HddsDispatcher.java:148) ~[classes/:?]
	at org.apache.hadoop.ozone.container.common.transport.server.ratis.ContainerStateMachine.dispatchCommand(ContainerStateMachine.java:347) ~[classes/:?]
	at org.apache.hadoop.ozone.container.common.transport.server.ratis.ContainerStateMachine.runCommand(ContainerStateMachine.java:354) ~[classes/:?]
	at org.apache.hadoop.ozone.container.common.transport.server.ratis.ContainerStateMachine.lambda$applyTransaction$5(ContainerStateMachine.java:621) ~[classes/:?]
	at java.util.concurrent.CompletableFuture$AsyncSupply.run(CompletableFuture.java:1590) [?:1.8.0_212]
	at java.util.concurrent.ThreadPoolExecutor.runWorker(ThreadPoolExecutor.java:1149) [?:1.8.0_212]
	at java.util.concurrent.ThreadPoolExecutor$Worker.run(ThreadPoolExecutor.java:624) [?:1.8.0_212]
	at java.lang.Thread.run(Thread.java:748) [?:1.8.0_212]
2019-06-18 00:55:50,403 INFO  impl.HddsDispatcher (ContainerUtils.java:logAndReturnError(146)) - Operation: WriteChunk : Trace ID: 8654de88a4fe153e:e89af7078d8ea12e:2f987819b2c58dbf:0 : Message: ContainerID 3 does not exist : Result: CONTAINER_NOT_FOUND
2019-06-18 00:55:50,405 ERROR storage.BlockOutputStream (BlockOutputStream.java:validateResponse(538)) - Unexpected Storage Container Exception: 
org.apache.hadoop.hdds.scm.container.common.helpers.StorageContainerException: ContainerID 3 does not exist
	at org.apache.hadoop.hdds.scm.storage.ContainerProtocolCalls.validateContainerResponse(ContainerProtocolCalls.java:536)
	at org.apache.hadoop.hdds.scm.storage.BlockOutputStream.validateResponse(BlockOutputStream.java:536)
	at org.apache.hadoop.hdds.scm.storage.BlockOutputStream.lambda$writeChunkToContainer$2(BlockOutputStream.java:614)
	at java.util.concurrent.CompletableFuture.uniApply(CompletableFuture.java:602)
	at java.util.concurrent.CompletableFuture$UniApply.tryFire(CompletableFuture.java:577)
	at java.util.concurrent.CompletableFuture$Completion.run(CompletableFuture.java:442)
	at java.util.concurrent.ThreadPoolExecutor.runWorker(ThreadPoolExecutor.java:1149)
	at java.util.concurrent.ThreadPoolExecutor$Worker.run(ThreadPoolExecutor.java:624)
	at java.lang.Thread.run(Thread.java:748)
2019-06-18 00:55:50,414 INFO  client.GrpcClientProtocolClient (GrpcClientProtocolClient.java:onNext(254)) - client-7D96FB2A9EE9->2d9c32cf-d138-46ed-86fe-555b0f222d66: receive RaftClientReply:client-7D96FB2A9EE9->2d9c32cf-d138-46ed-86fe-555b0f222d66@group-F789D1FF0E52, cid=116, SUCCESS, logIndex=0, commits[2d9c32cf-d138-46ed-86fe-555b0f222d66:c167, 7d41c113-78b8-42e0-973f-a2985e127fce:c166, 845dac45-d65a-40db-aa8d-9123cdf470a5:c166]
00:55:50.416 [pool-30-thread-1] ERROR DNAudit - user=null | ip=null | op=PUT_BLOCK {blockData=[blockId=conID: 3 locID: 102289856946241611 bcsId: 0,size=10240]} | ret=FAILURE
org.apache.hadoop.hdds.scm.container.common.helpers.StorageContainerException: ContainerID 3 does not exist
	at org.apache.hadoop.ozone.container.common.impl.HddsDispatcher.dispatchRequest(HddsDispatcher.java:242) ~[classes/:?]
	at org.apache.hadoop.ozone.container.common.impl.HddsDispatcher.dispatch(HddsDispatcher.java:148) ~[classes/:?]
	at org.apache.hadoop.ozone.container.common.transport.server.ratis.ContainerStateMachine.dispatchCommand(ContainerStateMachine.java:347) ~[classes/:?]
	at org.apache.hadoop.ozone.container.common.transport.server.ratis.ContainerStateMachine.runCommand(ContainerStateMachine.java:354) ~[classes/:?]
	at org.apache.hadoop.ozone.container.common.transport.server.ratis.ContainerStateMachine.lambda$applyTransaction$5(ContainerStateMachine.java:621) ~[classes/:?]
	at java.util.concurrent.CompletableFuture$AsyncSupply.run(CompletableFuture.java:1590) [?:1.8.0_212]
	at java.util.concurrent.ThreadPoolExecutor.runWorker(ThreadPoolExecutor.java:1149) [?:1.8.0_212]
	at java.util.concurrent.ThreadPoolExecutor$Worker.run(ThreadPoolExecutor.java:624) [?:1.8.0_212]
	at java.lang.Thread.run(Thread.java:748) [?:1.8.0_212]
2019-06-18 00:55:50,416 INFO  impl.HddsDispatcher (ContainerUtils.java:logAndReturnError(146)) - Operation: PutBlock : Trace ID: 8654de88a4fe153e:a90604bebb8e5dea:2f987819b2c58dbf:0 : Message: ContainerID 3 does not exist : Result: CONTAINER_NOT_FOUND
00:55:50.426 [pool-72-thread-1] ERROR DNAudit - user=null | ip=null | op=PUT_BLOCK {blockData=[blockId=conID: 3 locID: 102289856946241611 bcsId: 0,size=10240]} | ret=FAILURE
org.apache.hadoop.hdds.scm.container.common.helpers.StorageContainerException: ContainerID 3 does not exist
	at org.apache.hadoop.ozone.container.common.impl.HddsDispatcher.dispatchRequest(HddsDispatcher.java:242) ~[classes/:?]
	at org.apache.hadoop.ozone.container.common.impl.HddsDispatcher.dispatch(HddsDispatcher.java:148) ~[classes/:?]
	at org.apache.hadoop.ozone.container.common.transport.server.ratis.ContainerStateMachine.dispatchCommand(ContainerStateMachine.java:347) ~[classes/:?]
	at org.apache.hadoop.ozone.container.common.transport.server.ratis.ContainerStateMachine.runCommand(ContainerStateMachine.java:354) ~[classes/:?]
	at org.apache.hadoop.ozone.container.common.transport.server.ratis.ContainerStateMachine.lambda$applyTransaction$5(ContainerStateMachine.java:621) ~[classes/:?]
	at java.util.concurrent.CompletableFuture$AsyncSupply.run(CompletableFuture.java:1590) [?:1.8.0_212]
	at java.util.concurrent.ThreadPoolExecutor.runWorker(ThreadPoolExecutor.java:1149) [?:1.8.0_212]
	at java.util.concurrent.ThreadPoolExecutor$Worker.run(ThreadPoolExecutor.java:624) [?:1.8.0_212]
	at java.lang.Thread.run(Thread.java:748) [?:1.8.0_212]
2019-06-18 00:55:50,426 INFO  impl.HddsDispatcher (ContainerUtils.java:logAndReturnError(146)) - Operation: PutBlock : Trace ID: 8654de88a4fe153e:a90604bebb8e5dea:2f987819b2c58dbf:0 : Message: ContainerID 3 does not exist : Result: CONTAINER_NOT_FOUND
2019-06-18 00:55:50,433 INFO  client.GrpcClientProtocolClient (GrpcClientProtocolClient.java:onNext(254)) - client-7D96FB2A9EE9->2d9c32cf-d138-46ed-86fe-555b0f222d66: receive RaftClientReply:client-7D96FB2A9EE9->2d9c32cf-d138-46ed-86fe-555b0f222d66@group-F789D1FF0E52, cid=118, SUCCESS, logIndex=169, commits[2d9c32cf-d138-46ed-86fe-555b0f222d66:c169, 7d41c113-78b8-42e0-973f-a2985e127fce:c167, 845dac45-d65a-40db-aa8d-9123cdf470a5:c167]
00:55:50.433 [pool-51-thread-1] ERROR DNAudit - user=null | ip=null | op=PUT_BLOCK {blockData=[blockId=conID: 3 locID: 102289856946241611 bcsId: 0,size=10240]} | ret=FAILURE
org.apache.hadoop.hdds.scm.container.common.helpers.StorageContainerException: ContainerID 3 does not exist
	at org.apache.hadoop.ozone.container.common.impl.HddsDispatcher.dispatchRequest(HddsDispatcher.java:242) ~[classes/:?]
	at org.apache.hadoop.ozone.container.common.impl.HddsDispatcher.dispatch(HddsDispatcher.java:148) ~[classes/:?]
	at org.apache.hadoop.ozone.container.common.transport.server.ratis.ContainerStateMachine.dispatchCommand(ContainerStateMachine.java:347) ~[classes/:?]
	at org.apache.hadoop.ozone.container.common.transport.server.ratis.ContainerStateMachine.runCommand(ContainerStateMachine.java:354) ~[classes/:?]
	at org.apache.hadoop.ozone.container.common.transport.server.ratis.ContainerStateMachine.lambda$applyTransaction$5(ContainerStateMachine.java:621) ~[classes/:?]
	at java.util.concurrent.CompletableFuture$AsyncSupply.run(CompletableFuture.java:1590) [?:1.8.0_212]
	at java.util.concurrent.ThreadPoolExecutor.runWorker(ThreadPoolExecutor.java:1149) [?:1.8.0_212]
	at java.util.concurrent.ThreadPoolExecutor$Worker.run(ThreadPoolExecutor.java:624) [?:1.8.0_212]
	at java.lang.Thread.run(Thread.java:748) [?:1.8.0_212]
2019-06-18 00:55:50,433 INFO  impl.HddsDispatcher (ContainerUtils.java:logAndReturnError(146)) - Operation: PutBlock : Trace ID: 8654de88a4fe153e:a90604bebb8e5dea:2f987819b2c58dbf:0 : Message: ContainerID 3 does not exist : Result: CONTAINER_NOT_FOUND
2019-06-18 00:55:50,438 ERROR freon.RandomKeyGenerator (RandomKeyGenerator.java:run(675)) - Exception while adding key: key-4-55122 in bucket: org.apache.hadoop.ozone.client.OzoneBucket@7a50412d of volume: org.apache.hadoop.ozone.client.OzoneVolume@ddbf95a.
java.io.IOException: Unexpected Storage Container Exception: org.apache.hadoop.hdds.scm.container.common.helpers.StorageContainerException: ContainerID 3 does not exist
	at org.apache.hadoop.hdds.scm.storage.BlockOutputStream.setIoException(BlockOutputStream.java:548)
	at org.apache.hadoop.hdds.scm.storage.BlockOutputStream.validateResponse(BlockOutputStream.java:539)
	at org.apache.hadoop.hdds.scm.storage.BlockOutputStream.lambda$writeChunkToContainer$2(BlockOutputStream.java:614)
	at java.util.concurrent.CompletableFuture.uniApply(CompletableFuture.java:602)
	at java.util.concurrent.CompletableFuture$UniApply.tryFire(CompletableFuture.java:577)
	at java.util.concurrent.CompletableFuture$Completion.run(CompletableFuture.java:442)
	at java.util.concurrent.ThreadPoolExecutor.runWorker(ThreadPoolExecutor.java:1149)
	at java.util.concurrent.ThreadPoolExecutor$Worker.run(ThreadPoolExecutor.java:624)
	at java.lang.Thread.run(Thread.java:748)
Caused by: org.apache.hadoop.hdds.scm.container.common.helpers.StorageContainerException: ContainerID 3 does not exist
	at org.apache.hadoop.hdds.scm.storage.ContainerProtocolCalls.validateContainerResponse(ContainerProtocolCalls.java:536)
	at org.apache.hadoop.hdds.scm.storage.BlockOutputStream.validateResponse(BlockOutputStream.java:536)
	... 7 more
2019-06-18 00:55:50,471 INFO  client.GrpcClientProtocolClient (GrpcClientProtocolClient.java:onNext(254)) - client-7D96FB2A9EE9->2d9c32cf-d138-46ed-86fe-555b0f222d66: receive RaftClientReply:client-7D96FB2A9EE9->2d9c32cf-d138-46ed-86fe-555b0f222d66@group-F789D1FF0E52, cid=119, SUCCESS, logIndex=171, commits[2d9c32cf-d138-46ed-86fe-555b0f222d66:c171, 7d41c113-78b8-42e0-973f-a2985e127fce:c169, 845dac45-d65a-40db-aa8d-9123cdf470a5:c170]
2019-06-18 00:55:50,492 INFO  client.GrpcClientProtocolClient (GrpcClientProtocolClient.java:onNext(254)) - client-7D96FB2A9EE9->2d9c32cf-d138-46ed-86fe-555b0f222d66: receive RaftClientReply:client-7D96FB2A9EE9->2d9c32cf-d138-46ed-86fe-555b0f222d66@group-F789D1FF0E52, cid=120, SUCCESS, logIndex=173, commits[2d9c32cf-d138-46ed-86fe-555b0f222d66:c173, 7d41c113-78b8-42e0-973f-a2985e127fce:c171, 845dac45-d65a-40db-aa8d-9123cdf470a5:c171]
2019-06-18 00:55:50,495 INFO  client.GrpcClientProtocolClient (GrpcClientProtocolClient.java:onNext(254)) - client-7D96FB2A9EE9->2d9c32cf-d138-46ed-86fe-555b0f222d66: receive RaftClientReply:client-7D96FB2A9EE9->2d9c32cf-d138-46ed-86fe-555b0f222d66@group-F789D1FF0E52, cid=121, SUCCESS, logIndex=174, commits[2d9c32cf-d138-46ed-86fe-555b0f222d66:c174, 7d41c113-78b8-42e0-973f-a2985e127fce:c171, 845dac45-d65a-40db-aa8d-9123cdf470a5:c171]
2019-06-18 00:55:50,499 INFO  client.GrpcClientProtocolClient (GrpcClientProtocolClient.java:onNext(254)) - client-7D96FB2A9EE9->2d9c32cf-d138-46ed-86fe-555b0f222d66: receive RaftClientReply:client-7D96FB2A9EE9->2d9c32cf-d138-46ed-86fe-555b0f222d66@group-F789D1FF0E52, cid=123, SUCCESS, logIndex=0, commits[2d9c32cf-d138-46ed-86fe-555b0f222d66:c178, 7d41c113-78b8-42e0-973f-a2985e127fce:c175, 845dac45-d65a-40db-aa8d-9123cdf470a5:c174]
2019-06-18 00:55:50,499 INFO  client.GrpcClientProtocolClient (GrpcClientProtocolClient.java:onNext(254)) - client-7D96FB2A9EE9->2d9c32cf-d138-46ed-86fe-555b0f222d66: receive RaftClientReply:client-7D96FB2A9EE9->2d9c32cf-d138-46ed-86fe-555b0f222d66@group-F789D1FF0E52, cid=122, SUCCESS, logIndex=175, commits[2d9c32cf-d138-46ed-86fe-555b0f222d66:c175, 7d41c113-78b8-42e0-973f-a2985e127fce:c173, 845dac45-d65a-40db-aa8d-9123cdf470a5:c171]
2019-06-18 00:55:50,504 INFO  client.GrpcClientProtocolClient (GrpcClientProtocolClient.java:onNext(254)) - client-7D96FB2A9EE9->2d9c32cf-d138-46ed-86fe-555b0f222d66: receive RaftClientReply:client-7D96FB2A9EE9->2d9c32cf-d138-46ed-86fe-555b0f222d66@group-F789D1FF0E52, cid=124, SUCCESS, logIndex=0, commits[2d9c32cf-d138-46ed-86fe-555b0f222d66:c178, 7d41c113-78b8-42e0-973f-a2985e127fce:c175, 845dac45-d65a-40db-aa8d-9123cdf470a5:c175]
2019-06-18 00:55:50,511 INFO  keyvalue.KeyValueHandler (ContainerUtils.java:logAndReturnError(146)) - Operation: CreateContainer : Trace ID: 517f0fb89ff08fea:1350334c735dca69:a210da6eff0e3c74:0 : Message: Container creation failed, due to disk out of space : Result: DISK_OUT_OF_SPACE
00:55:50.511 [pool-26-thread-21] ERROR DNAudit - user=null | ip=null | op=WRITE_CHUNK {blockData=conID: 3 locID: 102289856954695761 bcsId: 0} | ret=FAILURE
org.apache.hadoop.hdds.scm.container.common.helpers.StorageContainerException: ContainerID 3 creation failed
	at org.apache.hadoop.ozone.container.common.impl.HddsDispatcher.dispatchRequest(HddsDispatcher.java:227) ~[classes/:?]
	at org.apache.hadoop.ozone.container.common.impl.HddsDispatcher.dispatch(HddsDispatcher.java:148) ~[classes/:?]
	at org.apache.hadoop.ozone.container.common.transport.server.ratis.ContainerStateMachine.dispatchCommand(ContainerStateMachine.java:347) ~[classes/:?]
	at org.apache.hadoop.ozone.container.common.transport.server.ratis.ContainerStateMachine.runCommand(ContainerStateMachine.java:354) ~[classes/:?]
	at org.apache.hadoop.ozone.container.common.transport.server.ratis.ContainerStateMachine.lambda$handleWriteChunk$0(ContainerStateMachine.java:385) ~[classes/:?]
	at java.util.concurrent.CompletableFuture$AsyncSupply.run(CompletableFuture.java:1590) [?:1.8.0_212]
	at java.util.concurrent.ThreadPoolExecutor.runWorker(ThreadPoolExecutor.java:1149) [?:1.8.0_212]
	at java.util.concurrent.ThreadPoolExecutor$Worker.run(ThreadPoolExecutor.java:624) [?:1.8.0_212]
	at java.lang.Thread.run(Thread.java:748) [?:1.8.0_212]
2019-06-18 00:55:50,511 INFO  impl.HddsDispatcher (ContainerUtils.java:logAndReturnError(146)) - Operation: WriteChunk : Trace ID: 517f0fb89ff08fea:1350334c735dca69:a210da6eff0e3c74:0 : Message: ContainerID 3 creation failed : Result: DISK_OUT_OF_SPACE
2019-06-18 00:55:50,518 INFO  keyvalue.KeyValueHandler (ContainerUtils.java:logAndReturnError(146)) - Operation: CreateContainer : Trace ID: 517f0fb89ff08fea:1350334c735dca69:a210da6eff0e3c74:0 : Message: Container creation failed, due to disk out of space : Result: DISK_OUT_OF_SPACE
00:55:50.518 [pool-68-thread-46] ERROR DNAudit - user=null | ip=null | op=WRITE_CHUNK {blockData=conID: 3 locID: 102289856954695761 bcsId: 0} | ret=FAILURE
org.apache.hadoop.hdds.scm.container.common.helpers.StorageContainerException: ContainerID 3 creation failed
	at org.apache.hadoop.ozone.container.common.impl.HddsDispatcher.dispatchRequest(HddsDispatcher.java:227) ~[classes/:?]
	at org.apache.hadoop.ozone.container.common.impl.HddsDispatcher.dispatch(HddsDispatcher.java:148) ~[classes/:?]
	at org.apache.hadoop.ozone.container.common.transport.server.ratis.ContainerStateMachine.dispatchCommand(ContainerStateMachine.java:347) ~[classes/:?]
	at org.apache.hadoop.ozone.container.common.transport.server.ratis.ContainerStateMachine.runCommand(ContainerStateMachine.java:354) ~[classes/:?]
	at org.apache.hadoop.ozone.container.common.transport.server.ratis.ContainerStateMachine.lambda$handleWriteChunk$0(ContainerStateMachine.java:385) ~[classes/:?]
	at java.util.concurrent.CompletableFuture$AsyncSupply.run(CompletableFuture.java:1590) [?:1.8.0_212]
	at java.util.concurrent.ThreadPoolExecutor.runWorker(ThreadPoolExecutor.java:1149) [?:1.8.0_212]
	at java.util.concurrent.ThreadPoolExecutor$Worker.run(ThreadPoolExecutor.java:624) [?:1.8.0_212]
	at java.lang.Thread.run(Thread.java:748) [?:1.8.0_212]
2019-06-18 00:55:50,519 INFO  impl.HddsDispatcher (ContainerUtils.java:logAndReturnError(146)) - Operation: WriteChunk : Trace ID: 517f0fb89ff08fea:1350334c735dca69:a210da6eff0e3c74:0 : Message: ContainerID 3 creation failed : Result: DISK_OUT_OF_SPACE
2019-06-18 00:55:50,519 INFO  keyvalue.KeyValueHandler (ContainerUtils.java:logAndReturnError(146)) - Operation: CreateContainer : Trace ID: 517f0fb89ff08fea:1350334c735dca69:a210da6eff0e3c74:0 : Message: Container creation failed, due to disk out of space : Result: DISK_OUT_OF_SPACE
00:55:50.520 [pool-47-thread-48] ERROR DNAudit - user=null | ip=null | op=WRITE_CHUNK {blockData=conID: 3 locID: 102289856954695761 bcsId: 0} | ret=FAILURE
org.apache.hadoop.hdds.scm.container.common.helpers.StorageContainerException: ContainerID 3 creation failed
	at org.apache.hadoop.ozone.container.common.impl.HddsDispatcher.dispatchRequest(HddsDispatcher.java:227) ~[classes/:?]
	at org.apache.hadoop.ozone.container.common.impl.HddsDispatcher.dispatch(HddsDispatcher.java:148) ~[classes/:?]
	at org.apache.hadoop.ozone.container.common.transport.server.ratis.ContainerStateMachine.dispatchCommand(ContainerStateMachine.java:347) ~[classes/:?]
	at org.apache.hadoop.ozone.container.common.transport.server.ratis.ContainerStateMachine.runCommand(ContainerStateMachine.java:354) ~[classes/:?]
	at org.apache.hadoop.ozone.container.common.transport.server.ratis.ContainerStateMachine.lambda$handleWriteChunk$0(ContainerStateMachine.java:385) ~[classes/:?]
	at java.util.concurrent.CompletableFuture$AsyncSupply.run(CompletableFuture.java:1590) [?:1.8.0_212]
	at java.util.concurrent.ThreadPoolExecutor.runWorker(ThreadPoolExecutor.java:1149) [?:1.8.0_212]
	at java.util.concurrent.ThreadPoolExecutor$Worker.run(ThreadPoolExecutor.java:624) [?:1.8.0_212]
	at java.lang.Thread.run(Thread.java:748) [?:1.8.0_212]
2019-06-18 00:55:50,520 INFO  impl.HddsDispatcher (ContainerUtils.java:logAndReturnError(146)) - Operation: WriteChunk : Trace ID: 517f0fb89ff08fea:1350334c735dca69:a210da6eff0e3c74:0 : Message: ContainerID 3 creation failed : Result: DISK_OUT_OF_SPACE
00:55:50.522 [pool-30-thread-1] ERROR DNAudit - user=null | ip=null | op=WRITE_CHUNK {blockData=conID: 3 locID: 102289856954695761 bcsId: 0} | ret=FAILURE
org.apache.hadoop.hdds.scm.container.common.helpers.StorageContainerException: ContainerID 3 does not exist
	at org.apache.hadoop.ozone.container.common.impl.HddsDispatcher.dispatchRequest(HddsDispatcher.java:242) ~[classes/:?]
	at org.apache.hadoop.ozone.container.common.impl.HddsDispatcher.dispatch(HddsDispatcher.java:148) ~[classes/:?]
	at org.apache.hadoop.ozone.container.common.transport.server.ratis.ContainerStateMachine.dispatchCommand(ContainerStateMachine.java:347) ~[classes/:?]
	at org.apache.hadoop.ozone.container.common.transport.server.ratis.ContainerStateMachine.runCommand(ContainerStateMachine.java:354) ~[classes/:?]
	at org.apache.hadoop.ozone.container.common.transport.server.ratis.ContainerStateMachine.lambda$applyTransaction$5(ContainerStateMachine.java:621) ~[classes/:?]
	at java.util.concurrent.CompletableFuture$AsyncSupply.run(CompletableFuture.java:1590) [?:1.8.0_212]
	at java.util.concurrent.ThreadPoolExecutor.runWorker(ThreadPoolExecutor.java:1149) [?:1.8.0_212]
	at java.util.concurrent.ThreadPoolExecutor$Worker.run(ThreadPoolExecutor.java:624) [?:1.8.0_212]
	at java.lang.Thread.run(Thread.java:748) [?:1.8.0_212]
2019-06-18 00:55:50,522 INFO  impl.HddsDispatcher (ContainerUtils.java:logAndReturnError(146)) - Operation: WriteChunk : Trace ID: 517f0fb89ff08fea:1350334c735dca69:a210da6eff0e3c74:0 : Message: ContainerID 3 does not exist : Result: CONTAINER_NOT_FOUND
00:55:50.545 [pool-51-thread-1] ERROR DNAudit - user=null | ip=null | op=WRITE_CHUNK {blockData=conID: 3 locID: 102289856954695761 bcsId: 0} | ret=FAILURE
org.apache.hadoop.hdds.scm.container.common.helpers.StorageContainerException: ContainerID 3 does not exist
	at org.apache.hadoop.ozone.container.common.impl.HddsDispatcher.dispatchRequest(HddsDispatcher.java:242) ~[classes/:?]
	at org.apache.hadoop.ozone.container.common.impl.HddsDispatcher.dispatch(HddsDispatcher.java:148) ~[classes/:?]
	at org.apache.hadoop.ozone.container.common.transport.server.ratis.ContainerStateMachine.dispatchCommand(ContainerStateMachine.java:347) ~[classes/:?]
	at org.apache.hadoop.ozone.container.common.transport.server.ratis.ContainerStateMachine.runCommand(ContainerStateMachine.java:354) ~[classes/:?]
	at org.apache.hadoop.ozone.container.common.transport.server.ratis.ContainerStateMachine.lambda$applyTransaction$5(ContainerStateMachine.java:621) ~[classes/:?]
	at java.util.concurrent.CompletableFuture$AsyncSupply.run(CompletableFuture.java:1590) [?:1.8.0_212]
	at java.util.concurrent.ThreadPoolExecutor.runWorker(ThreadPoolExecutor.java:1149) [?:1.8.0_212]
	at java.util.concurrent.ThreadPoolExecutor$Worker.run(ThreadPoolExecutor.java:624) [?:1.8.0_212]
	at java.lang.Thread.run(Thread.java:748) [?:1.8.0_212]
2019-06-18 00:55:50,545 INFO  impl.HddsDispatcher (ContainerUtils.java:logAndReturnError(146)) - Operation: WriteChunk : Trace ID: 517f0fb89ff08fea:1350334c735dca69:a210da6eff0e3c74:0 : Message: ContainerID 3 does not exist : Result: CONTAINER_NOT_FOUND
00:55:50.551 [pool-72-thread-1] ERROR DNAudit - user=null | ip=null | op=WRITE_CHUNK {blockData=conID: 3 locID: 102289856954695761 bcsId: 0} | ret=FAILURE
org.apache.hadoop.hdds.scm.container.common.helpers.StorageContainerException: ContainerID 3 does not exist
	at org.apache.hadoop.ozone.container.common.impl.HddsDispatcher.dispatchRequest(HddsDispatcher.java:242) ~[classes/:?]
	at org.apache.hadoop.ozone.container.common.impl.HddsDispatcher.dispatch(HddsDispatcher.java:148) ~[classes/:?]
	at org.apache.hadoop.ozone.container.common.transport.server.ratis.ContainerStateMachine.dispatchCommand(ContainerStateMachine.java:347) ~[classes/:?]
	at org.apache.hadoop.ozone.container.common.transport.server.ratis.ContainerStateMachine.runCommand(ContainerStateMachine.java:354) ~[classes/:?]
	at org.apache.hadoop.ozone.container.common.transport.server.ratis.ContainerStateMachine.lambda$applyTransaction$5(ContainerStateMachine.java:621) ~[classes/:?]
	at java.util.concurrent.CompletableFuture$AsyncSupply.run(CompletableFuture.java:1590) [?:1.8.0_212]
	at java.util.concurrent.ThreadPoolExecutor.runWorker(ThreadPoolExecutor.java:1149) [?:1.8.0_212]
	at java.util.concurrent.ThreadPoolExecutor$Worker.run(ThreadPoolExecutor.java:624) [?:1.8.0_212]
	at java.lang.Thread.run(Thread.java:748) [?:1.8.0_212]
2019-06-18 00:55:50,551 INFO  impl.HddsDispatcher (ContainerUtils.java:logAndReturnError(146)) - Operation: WriteChunk : Trace ID: 517f0fb89ff08fea:1350334c735dca69:a210da6eff0e3c74:0 : Message: ContainerID 3 does not exist : Result: CONTAINER_NOT_FOUND
2019-06-18 00:55:50,555 INFO  client.GrpcClientProtocolClient (GrpcClientProtocolClient.java:onNext(254)) - client-7D96FB2A9EE9->2d9c32cf-d138-46ed-86fe-555b0f222d66: receive RaftClientReply:client-7D96FB2A9EE9->2d9c32cf-d138-46ed-86fe-555b0f222d66@group-F789D1FF0E52, cid=125, SUCCESS, logIndex=179, commits[2d9c32cf-d138-46ed-86fe-555b0f222d66:c179, 7d41c113-78b8-42e0-973f-a2985e127fce:c178, 845dac45-d65a-40db-aa8d-9123cdf470a5:c175]
2019-06-18 00:55:50,556 ERROR storage.BlockOutputStream (BlockOutputStream.java:validateResponse(538)) - Unexpected Storage Container Exception: 
org.apache.hadoop.hdds.scm.container.common.helpers.StorageContainerException: ContainerID 3 does not exist
	at org.apache.hadoop.hdds.scm.storage.ContainerProtocolCalls.validateContainerResponse(ContainerProtocolCalls.java:536)
	at org.apache.hadoop.hdds.scm.storage.BlockOutputStream.validateResponse(BlockOutputStream.java:536)
	at org.apache.hadoop.hdds.scm.storage.BlockOutputStream.lambda$writeChunkToContainer$2(BlockOutputStream.java:614)
	at java.util.concurrent.CompletableFuture.uniApply(CompletableFuture.java:602)
	at java.util.concurrent.CompletableFuture$UniApply.tryFire(CompletableFuture.java:577)
	at java.util.concurrent.CompletableFuture$Completion.run(CompletableFuture.java:442)
	at java.util.concurrent.ThreadPoolExecutor.runWorker(ThreadPoolExecutor.java:1149)
	at java.util.concurrent.ThreadPoolExecutor$Worker.run(ThreadPoolExecutor.java:624)
	at java.lang.Thread.run(Thread.java:748)
00:55:50.558 [pool-30-thread-1] ERROR DNAudit - user=null | ip=null | op=PUT_BLOCK {blockData=[blockId=conID: 3 locID: 102289856954695761 bcsId: 0,size=10240]} | ret=FAILURE
org.apache.hadoop.hdds.scm.container.common.helpers.StorageContainerException: ContainerID 3 does not exist
	at org.apache.hadoop.ozone.container.common.impl.HddsDispatcher.dispatchRequest(HddsDispatcher.java:242) ~[classes/:?]
	at org.apache.hadoop.ozone.container.common.impl.HddsDispatcher.dispatch(HddsDispatcher.java:148) ~[classes/:?]
	at org.apache.hadoop.ozone.container.common.transport.server.ratis.ContainerStateMachine.dispatchCommand(ContainerStateMachine.java:347) ~[classes/:?]
	at org.apache.hadoop.ozone.container.common.transport.server.ratis.ContainerStateMachine.runCommand(ContainerStateMachine.java:354) ~[classes/:?]
	at org.apache.hadoop.ozone.container.common.transport.server.ratis.ContainerStateMachine.lambda$applyTransaction$5(ContainerStateMachine.java:621) ~[classes/:?]
	at java.util.concurrent.CompletableFuture$AsyncSupply.run(CompletableFuture.java:1590) [?:1.8.0_212]
	at java.util.concurrent.ThreadPoolExecutor.runWorker(ThreadPoolExecutor.java:1149) [?:1.8.0_212]
	at java.util.concurrent.ThreadPoolExecutor$Worker.run(ThreadPoolExecutor.java:624) [?:1.8.0_212]
	at java.lang.Thread.run(Thread.java:748) [?:1.8.0_212]
2019-06-18 00:55:50,558 INFO  impl.HddsDispatcher (ContainerUtils.java:logAndReturnError(146)) - Operation: PutBlock : Trace ID: 517f0fb89ff08fea:a2dc67c113a02a11:a210da6eff0e3c74:0 : Message: ContainerID 3 does not exist : Result: CONTAINER_NOT_FOUND
2019-06-18 00:55:50,560 INFO  client.GrpcClientProtocolClient (GrpcClientProtocolClient.java:onNext(254)) - client-7D96FB2A9EE9->2d9c32cf-d138-46ed-86fe-555b0f222d66: receive RaftClientReply:client-7D96FB2A9EE9->2d9c32cf-d138-46ed-86fe-555b0f222d66@group-F789D1FF0E52, cid=126, SUCCESS, logIndex=181, commits[2d9c32cf-d138-46ed-86fe-555b0f222d66:c181, 7d41c113-78b8-42e0-973f-a2985e127fce:c179, 845dac45-d65a-40db-aa8d-9123cdf470a5:c180]
2019-06-18 00:55:50,564 INFO  client.GrpcClientProtocolClient (GrpcClientProtocolClient.java:onNext(254)) - client-7D96FB2A9EE9->2d9c32cf-d138-46ed-86fe-555b0f222d66: receive RaftClientReply:client-7D96FB2A9EE9->2d9c32cf-d138-46ed-86fe-555b0f222d66@group-F789D1FF0E52, cid=127, SUCCESS, logIndex=182, commits[2d9c32cf-d138-46ed-86fe-555b0f222d66:c182, 7d41c113-78b8-42e0-973f-a2985e127fce:c179, 845dac45-d65a-40db-aa8d-9123cdf470a5:c180]
00:55:50.588 [pool-72-thread-1] ERROR DNAudit - user=null | ip=null | op=PUT_BLOCK {blockData=[blockId=conID: 3 locID: 102289856954695761 bcsId: 0,size=10240]} | ret=FAILURE
org.apache.hadoop.hdds.scm.container.common.helpers.StorageContainerException: ContainerID 3 does not exist
	at org.apache.hadoop.ozone.container.common.impl.HddsDispatcher.dispatchRequest(HddsDispatcher.java:242) ~[classes/:?]
	at org.apache.hadoop.ozone.container.common.impl.HddsDispatcher.dispatch(HddsDispatcher.java:148) ~[classes/:?]
	at org.apache.hadoop.ozone.container.common.transport.server.ratis.ContainerStateMachine.dispatchCommand(ContainerStateMachine.java:347) ~[classes/:?]
	at org.apache.hadoop.ozone.container.common.transport.server.ratis.ContainerStateMachine.runCommand(ContainerStateMachine.java:354) ~[classes/:?]
	at org.apache.hadoop.ozone.container.common.transport.server.ratis.ContainerStateMachine.lambda$applyTransaction$5(ContainerStateMachine.java:621) ~[classes/:?]
	at java.util.concurrent.CompletableFuture$AsyncSupply.run(CompletableFuture.java:1590) [?:1.8.0_212]
	at java.util.concurrent.ThreadPoolExecutor.runWorker(ThreadPoolExecutor.java:1149) [?:1.8.0_212]
	at java.util.concurrent.ThreadPoolExecutor$Worker.run(ThreadPoolExecutor.java:624) [?:1.8.0_212]
	at java.lang.Thread.run(Thread.java:748) [?:1.8.0_212]
2019-06-18 00:55:50,591 INFO  impl.HddsDispatcher (ContainerUtils.java:logAndReturnError(146)) - Operation: PutBlock : Trace ID: 517f0fb89ff08fea:a2dc67c113a02a11:a210da6eff0e3c74:0 : Message: ContainerID 3 does not exist : Result: CONTAINER_NOT_FOUND
00:55:50.592 [pool-51-thread-1] ERROR DNAudit - user=null | ip=null | op=PUT_BLOCK {blockData=[blockId=conID: 3 locID: 102289856954695761 bcsId: 0,size=10240]} | ret=FAILURE
org.apache.hadoop.hdds.scm.container.common.helpers.StorageContainerException: ContainerID 3 does not exist
	at org.apache.hadoop.ozone.container.common.impl.HddsDispatcher.dispatchRequest(HddsDispatcher.java:242) ~[classes/:?]
	at org.apache.hadoop.ozone.container.common.impl.HddsDispatcher.dispatch(HddsDispatcher.java:148) ~[classes/:?]
	at org.apache.hadoop.ozone.container.common.transport.server.ratis.ContainerStateMachine.dispatchCommand(ContainerStateMachine.java:347) ~[classes/:?]
	at org.apache.hadoop.ozone.container.common.transport.server.ratis.ContainerStateMachine.runCommand(ContainerStateMachine.java:354) ~[classes/:?]
	at org.apache.hadoop.ozone.container.common.transport.server.ratis.ContainerStateMachine.lambda$applyTransaction$5(ContainerStateMachine.java:621) ~[classes/:?]
	at java.util.concurrent.CompletableFuture$AsyncSupply.run(CompletableFuture.java:1590) [?:1.8.0_212]
	at java.util.concurrent.ThreadPoolExecutor.runWorker(ThreadPoolExecutor.java:1149) [?:1.8.0_212]
	at java.util.concurrent.ThreadPoolExecutor$Worker.run(ThreadPoolExecutor.java:624) [?:1.8.0_212]
	at java.lang.Thread.run(Thread.java:748) [?:1.8.0_212]
2019-06-18 00:55:50,594 INFO  impl.HddsDispatcher (ContainerUtils.java:logAndReturnError(146)) - Operation: PutBlock : Trace ID: 517f0fb89ff08fea:a2dc67c113a02a11:a210da6eff0e3c74:0 : Message: ContainerID 3 does not exist : Result: CONTAINER_NOT_FOUND
2019-06-18 00:55:50,602 INFO  client.GrpcClientProtocolClient (GrpcClientProtocolClient.java:onNext(254)) - client-7D96FB2A9EE9->2d9c32cf-d138-46ed-86fe-555b0f222d66: receive RaftClientReply:client-7D96FB2A9EE9->2d9c32cf-d138-46ed-86fe-555b0f222d66@group-F789D1FF0E52, cid=128, SUCCESS, logIndex=183, commits[2d9c32cf-d138-46ed-86fe-555b0f222d66:c184, 7d41c113-78b8-42e0-973f-a2985e127fce:c182, 845dac45-d65a-40db-aa8d-9123cdf470a5:c180]
2019-06-18 00:55:50,611 ERROR freon.RandomKeyGenerator (RandomKeyGenerator.java:run(675)) - Exception while adding key: key-8-52060 in bucket: org.apache.hadoop.ozone.client.OzoneBucket@6ac8edc0 of volume: org.apache.hadoop.ozone.client.OzoneVolume@4bda18b4.
java.io.IOException: Unexpected Storage Container Exception: org.apache.hadoop.hdds.scm.container.common.helpers.StorageContainerException: ContainerID 3 does not exist
	at org.apache.hadoop.hdds.scm.storage.BlockOutputStream.setIoException(BlockOutputStream.java:548)
	at org.apache.hadoop.hdds.scm.storage.BlockOutputStream.validateResponse(BlockOutputStream.java:539)
	at org.apache.hadoop.hdds.scm.storage.BlockOutputStream.lambda$writeChunkToContainer$2(BlockOutputStream.java:614)
	at java.util.concurrent.CompletableFuture.uniApply(CompletableFuture.java:602)
	at java.util.concurrent.CompletableFuture$UniApply.tryFire(CompletableFuture.java:577)
	at java.util.concurrent.CompletableFuture$Completion.run(CompletableFuture.java:442)
	at java.util.concurrent.ThreadPoolExecutor.runWorker(ThreadPoolExecutor.java:1149)
	at java.util.concurrent.ThreadPoolExecutor$Worker.run(ThreadPoolExecutor.java:624)
	at java.lang.Thread.run(Thread.java:748)
Caused by: org.apache.hadoop.hdds.scm.container.common.helpers.StorageContainerException: ContainerID 3 does not exist
	at org.apache.hadoop.hdds.scm.storage.ContainerProtocolCalls.validateContainerResponse(ContainerProtocolCalls.java:536)
	at org.apache.hadoop.hdds.scm.storage.BlockOutputStream.validateResponse(BlockOutputStream.java:536)
	... 7 more
2019-06-18 00:55:50,617 INFO  client.GrpcClientProtocolClient (GrpcClientProtocolClient.java:onNext(254)) - client-7D96FB2A9EE9->2d9c32cf-d138-46ed-86fe-555b0f222d66: receive RaftClientReply:client-7D96FB2A9EE9->2d9c32cf-d138-46ed-86fe-555b0f222d66@group-F789D1FF0E52, cid=129, SUCCESS, logIndex=0, commits[2d9c32cf-d138-46ed-86fe-555b0f222d66:c186, 7d41c113-78b8-42e0-973f-a2985e127fce:c184, 845dac45-d65a-40db-aa8d-9123cdf470a5:c184]
2019-06-18 00:55:50,637 INFO  client.GrpcClientProtocolClient (GrpcClientProtocolClient.java:onNext(254)) - client-7D96FB2A9EE9->2d9c32cf-d138-46ed-86fe-555b0f222d66: receive RaftClientReply:client-7D96FB2A9EE9->2d9c32cf-d138-46ed-86fe-555b0f222d66@group-F789D1FF0E52, cid=130, SUCCESS, logIndex=187, commits[2d9c32cf-d138-46ed-86fe-555b0f222d66:c187, 7d41c113-78b8-42e0-973f-a2985e127fce:c184, 845dac45-d65a-40db-aa8d-9123cdf470a5:c186]
2019-06-18 00:55:50,637 INFO  keyvalue.KeyValueHandler (ContainerUtils.java:logAndReturnError(146)) - Operation: CreateContainer : Trace ID: ad07c517a0dbb792:1dc6efa52fc5707d:c465df756283d892:0 : Message: Container creation failed, due to disk out of space : Result: DISK_OUT_OF_SPACE
00:55:50.638 [pool-26-thread-33] ERROR DNAudit - user=null | ip=null | op=WRITE_CHUNK {blockData=conID: 3 locID: 102289856962560087 bcsId: 0} | ret=FAILURE
org.apache.hadoop.hdds.scm.container.common.helpers.StorageContainerException: ContainerID 3 creation failed
	at org.apache.hadoop.ozone.container.common.impl.HddsDispatcher.dispatchRequest(HddsDispatcher.java:227) ~[classes/:?]
	at org.apache.hadoop.ozone.container.common.impl.HddsDispatcher.dispatch(HddsDispatcher.java:148) ~[classes/:?]
	at org.apache.hadoop.ozone.container.common.transport.server.ratis.ContainerStateMachine.dispatchCommand(ContainerStateMachine.java:347) ~[classes/:?]
	at org.apache.hadoop.ozone.container.common.transport.server.ratis.ContainerStateMachine.runCommand(ContainerStateMachine.java:354) ~[classes/:?]
	at org.apache.hadoop.ozone.container.common.transport.server.ratis.ContainerStateMachine.lambda$handleWriteChunk$0(ContainerStateMachine.java:385) ~[classes/:?]
	at java.util.concurrent.CompletableFuture$AsyncSupply.run(CompletableFuture.java:1590) [?:1.8.0_212]
	at java.util.concurrent.ThreadPoolExecutor.runWorker(ThreadPoolExecutor.java:1149) [?:1.8.0_212]
	at java.util.concurrent.ThreadPoolExecutor$Worker.run(ThreadPoolExecutor.java:624) [?:1.8.0_212]
	at java.lang.Thread.run(Thread.java:748) [?:1.8.0_212]
2019-06-18 00:55:50,638 INFO  impl.HddsDispatcher (ContainerUtils.java:logAndReturnError(146)) - Operation: WriteChunk : Trace ID: ad07c517a0dbb792:1dc6efa52fc5707d:c465df756283d892:0 : Message: ContainerID 3 creation failed : Result: DISK_OUT_OF_SPACE
2019-06-18 00:55:50,641 INFO  keyvalue.KeyValueHandler (ContainerUtils.java:logAndReturnError(146)) - Operation: CreateContainer : Trace ID: ad07c517a0dbb792:1dc6efa52fc5707d:c465df756283d892:0 : Message: Container creation failed, due to disk out of space : Result: DISK_OUT_OF_SPACE
2019-06-18 00:55:50,642 INFO  keyvalue.KeyValueHandler (ContainerUtils.java:logAndReturnError(146)) - Operation: CreateContainer : Trace ID: ad07c517a0dbb792:1dc6efa52fc5707d:c465df756283d892:0 : Message: Container creation failed, due to disk out of space : Result: DISK_OUT_OF_SPACE
00:55:50.642 [pool-68-thread-50] ERROR DNAudit - user=null | ip=null | op=WRITE_CHUNK {blockData=conID: 3 locID: 102289856962560087 bcsId: 0} | ret=FAILURE
org.apache.hadoop.hdds.scm.container.common.helpers.StorageContainerException: ContainerID 3 creation failed
	at org.apache.hadoop.ozone.container.common.impl.HddsDispatcher.dispatchRequest(HddsDispatcher.java:227) ~[classes/:?]
	at org.apache.hadoop.ozone.container.common.impl.HddsDispatcher.dispatch(HddsDispatcher.java:148) ~[classes/:?]
	at org.apache.hadoop.ozone.container.common.transport.server.ratis.ContainerStateMachine.dispatchCommand(ContainerStateMachine.java:347) ~[classes/:?]
	at org.apache.hadoop.ozone.container.common.transport.server.ratis.ContainerStateMachine.runCommand(ContainerStateMachine.java:354) ~[classes/:?]
	at org.apache.hadoop.ozone.container.common.transport.server.ratis.ContainerStateMachine.lambda$handleWriteChunk$0(ContainerStateMachine.java:385) ~[classes/:?]
	at java.util.concurrent.CompletableFuture$AsyncSupply.run(CompletableFuture.java:1590) [?:1.8.0_212]
	at java.util.concurrent.ThreadPoolExecutor.runWorker(ThreadPoolExecutor.java:1149) [?:1.8.0_212]
	at java.util.concurrent.ThreadPoolExecutor$Worker.run(ThreadPoolExecutor.java:624) [?:1.8.0_212]
	at java.lang.Thread.run(Thread.java:748) [?:1.8.0_212]
2019-06-18 00:55:50,642 INFO  impl.HddsDispatcher (ContainerUtils.java:logAndReturnError(146)) - Operation: WriteChunk : Trace ID: ad07c517a0dbb792:1dc6efa52fc5707d:c465df756283d892:0 : Message: ContainerID 3 creation failed : Result: DISK_OUT_OF_SPACE
00:55:50.642 [pool-47-thread-50] ERROR DNAudit - user=null | ip=null | op=WRITE_CHUNK {blockData=conID: 3 locID: 102289856962560087 bcsId: 0} | ret=FAILURE
org.apache.hadoop.hdds.scm.container.common.helpers.StorageContainerException: ContainerID 3 creation failed
	at org.apache.hadoop.ozone.container.common.impl.HddsDispatcher.dispatchRequest(HddsDispatcher.java:227) ~[classes/:?]
	at org.apache.hadoop.ozone.container.common.impl.HddsDispatcher.dispatch(HddsDispatcher.java:148) ~[classes/:?]
	at org.apache.hadoop.ozone.container.common.transport.server.ratis.ContainerStateMachine.dispatchCommand(ContainerStateMachine.java:347) ~[classes/:?]
	at org.apache.hadoop.ozone.container.common.transport.server.ratis.ContainerStateMachine.runCommand(ContainerStateMachine.java:354) ~[classes/:?]
	at org.apache.hadoop.ozone.container.common.transport.server.ratis.ContainerStateMachine.lambda$handleWriteChunk$0(ContainerStateMachine.java:385) ~[classes/:?]
	at java.util.concurrent.CompletableFuture$AsyncSupply.run(CompletableFuture.java:1590) [?:1.8.0_212]
	at java.util.concurrent.ThreadPoolExecutor.runWorker(ThreadPoolExecutor.java:1149) [?:1.8.0_212]
	at java.util.concurrent.ThreadPoolExecutor$Worker.run(ThreadPoolExecutor.java:624) [?:1.8.0_212]
	at java.lang.Thread.run(Thread.java:748) [?:1.8.0_212]
2019-06-18 00:55:50,642 INFO  impl.HddsDispatcher (ContainerUtils.java:logAndReturnError(146)) - Operation: WriteChunk : Trace ID: ad07c517a0dbb792:1dc6efa52fc5707d:c465df756283d892:0 : Message: ContainerID 3 creation failed : Result: DISK_OUT_OF_SPACE
00:55:50.654 [pool-30-thread-1] ERROR DNAudit - user=null | ip=null | op=WRITE_CHUNK {blockData=conID: 3 locID: 102289856962560087 bcsId: 0} | ret=FAILURE
org.apache.hadoop.hdds.scm.container.common.helpers.StorageContainerException: ContainerID 3 does not exist
	at org.apache.hadoop.ozone.container.common.impl.HddsDispatcher.dispatchRequest(HddsDispatcher.java:242) ~[classes/:?]
	at org.apache.hadoop.ozone.container.common.impl.HddsDispatcher.dispatch(HddsDispatcher.java:148) ~[classes/:?]
	at org.apache.hadoop.ozone.container.common.transport.server.ratis.ContainerStateMachine.dispatchCommand(ContainerStateMachine.java:347) ~[classes/:?]
	at org.apache.hadoop.ozone.container.common.transport.server.ratis.ContainerStateMachine.runCommand(ContainerStateMachine.java:354) ~[classes/:?]
	at org.apache.hadoop.ozone.container.common.transport.server.ratis.ContainerStateMachine.lambda$applyTransaction$5(ContainerStateMachine.java:621) ~[classes/:?]
	at java.util.concurrent.CompletableFuture$AsyncSupply.run(CompletableFuture.java:1590) [?:1.8.0_212]
	at java.util.concurrent.ThreadPoolExecutor.runWorker(ThreadPoolExecutor.java:1149) [?:1.8.0_212]
	at java.util.concurrent.ThreadPoolExecutor$Worker.run(ThreadPoolExecutor.java:624) [?:1.8.0_212]
	at java.lang.Thread.run(Thread.java:748) [?:1.8.0_212]
2019-06-18 00:55:50,654 INFO  impl.HddsDispatcher (ContainerUtils.java:logAndReturnError(146)) - Operation: WriteChunk : Trace ID: ad07c517a0dbb792:1dc6efa52fc5707d:c465df756283d892:0 : Message: ContainerID 3 does not exist : Result: CONTAINER_NOT_FOUND
2019-06-18 00:55:50,655 INFO  client.GrpcClientProtocolClient (GrpcClientProtocolClient.java:onNext(254)) - client-7D96FB2A9EE9->2d9c32cf-d138-46ed-86fe-555b0f222d66: receive RaftClientReply:client-7D96FB2A9EE9->2d9c32cf-d138-46ed-86fe-555b0f222d66@group-F789D1FF0E52, cid=131, SUCCESS, logIndex=189, commits[2d9c32cf-d138-46ed-86fe-555b0f222d66:c190, 7d41c113-78b8-42e0-973f-a2985e127fce:c187, 845dac45-d65a-40db-aa8d-9123cdf470a5:c187]
00:55:50.665 [pool-72-thread-1] ERROR DNAudit - user=null | ip=null | op=WRITE_CHUNK {blockData=conID: 3 locID: 102289856962560087 bcsId: 0} | ret=FAILURE
org.apache.hadoop.hdds.scm.container.common.helpers.StorageContainerException: ContainerID 3 does not exist
	at org.apache.hadoop.ozone.container.common.impl.HddsDispatcher.dispatchRequest(HddsDispatcher.java:242) ~[classes/:?]
	at org.apache.hadoop.ozone.container.common.impl.HddsDispatcher.dispatch(HddsDispatcher.java:148) ~[classes/:?]
	at org.apache.hadoop.ozone.container.common.transport.server.ratis.ContainerStateMachine.dispatchCommand(ContainerStateMachine.java:347) ~[classes/:?]
	at org.apache.hadoop.ozone.container.common.transport.server.ratis.ContainerStateMachine.runCommand(ContainerStateMachine.java:354) ~[classes/:?]
	at org.apache.hadoop.ozone.container.common.transport.server.ratis.ContainerStateMachine.lambda$applyTransaction$5(ContainerStateMachine.java:621) ~[classes/:?]
	at java.util.concurrent.CompletableFuture$AsyncSupply.run(CompletableFuture.java:1590) [?:1.8.0_212]
	at java.util.concurrent.ThreadPoolExecutor.runWorker(ThreadPoolExecutor.java:1149) [?:1.8.0_212]
	at java.util.concurrent.ThreadPoolExecutor$Worker.run(ThreadPoolExecutor.java:624) [?:1.8.0_212]
	at java.lang.Thread.run(Thread.java:748) [?:1.8.0_212]
2019-06-18 00:55:50,665 INFO  impl.HddsDispatcher (ContainerUtils.java:logAndReturnError(146)) - Operation: WriteChunk : Trace ID: ad07c517a0dbb792:1dc6efa52fc5707d:c465df756283d892:0 : Message: ContainerID 3 does not exist : Result: CONTAINER_NOT_FOUND
00:55:50.667 [pool-51-thread-1] ERROR DNAudit - user=null | ip=null | op=WRITE_CHUNK {blockData=conID: 3 locID: 102289856962560087 bcsId: 0} | ret=FAILURE
org.apache.hadoop.hdds.scm.container.common.helpers.StorageContainerException: ContainerID 3 does not exist
	at org.apache.hadoop.ozone.container.common.impl.HddsDispatcher.dispatchRequest(HddsDispatcher.java:242) ~[classes/:?]
	at org.apache.hadoop.ozone.container.common.impl.HddsDispatcher.dispatch(HddsDispatcher.java:148) ~[classes/:?]
	at org.apache.hadoop.ozone.container.common.transport.server.ratis.ContainerStateMachine.dispatchCommand(ContainerStateMachine.java:347) ~[classes/:?]
	at org.apache.hadoop.ozone.container.common.transport.server.ratis.ContainerStateMachine.runCommand(ContainerStateMachine.java:354) ~[classes/:?]
	at org.apache.hadoop.ozone.container.common.transport.server.ratis.ContainerStateMachine.lambda$applyTransaction$5(ContainerStateMachine.java:621) ~[classes/:?]
	at java.util.concurrent.CompletableFuture$AsyncSupply.run(CompletableFuture.java:1590) [?:1.8.0_212]
	at java.util.concurrent.ThreadPoolExecutor.runWorker(ThreadPoolExecutor.java:1149) [?:1.8.0_212]
	at java.util.concurrent.ThreadPoolExecutor$Worker.run(ThreadPoolExecutor.java:624) [?:1.8.0_212]
	at java.lang.Thread.run(Thread.java:748) [?:1.8.0_212]
2019-06-18 00:55:50,667 INFO  impl.HddsDispatcher (ContainerUtils.java:logAndReturnError(146)) - Operation: WriteChunk : Trace ID: ad07c517a0dbb792:1dc6efa52fc5707d:c465df756283d892:0 : Message: ContainerID 3 does not exist : Result: CONTAINER_NOT_FOUND
2019-06-18 00:55:50,668 INFO  client.GrpcClientProtocolClient (GrpcClientProtocolClient.java:onNext(254)) - client-7D96FB2A9EE9->2d9c32cf-d138-46ed-86fe-555b0f222d66: receive RaftClientReply:client-7D96FB2A9EE9->2d9c32cf-d138-46ed-86fe-555b0f222d66@group-F789D1FF0E52, cid=134, SUCCESS, logIndex=0, commits[2d9c32cf-d138-46ed-86fe-555b0f222d66:c193, 7d41c113-78b8-42e0-973f-a2985e127fce:c190, 845dac45-d65a-40db-aa8d-9123cdf470a5:c189]
00:55:50.669 [pool-30-thread-1] ERROR DNAudit - user=null | ip=null | op=PUT_BLOCK {blockData=[blockId=conID: 3 locID: 102289856962560087 bcsId: 0,size=10240]} | ret=FAILURE
org.apache.hadoop.hdds.scm.container.common.helpers.StorageContainerException: ContainerID 3 does not exist
	at org.apache.hadoop.ozone.container.common.impl.HddsDispatcher.dispatchRequest(HddsDispatcher.java:242) ~[classes/:?]
	at org.apache.hadoop.ozone.container.common.impl.HddsDispatcher.dispatch(HddsDispatcher.java:148) ~[classes/:?]
	at org.apache.hadoop.ozone.container.common.transport.server.ratis.ContainerStateMachine.dispatchCommand(ContainerStateMachine.java:347) ~[classes/:?]
	at org.apache.hadoop.ozone.container.common.transport.server.ratis.ContainerStateMachine.runCommand(ContainerStateMachine.java:354) ~[classes/:?]
	at org.apache.hadoop.ozone.container.common.transport.server.ratis.ContainerStateMachine.lambda$applyTransaction$5(ContainerStateMachine.java:621) ~[classes/:?]
	at java.util.concurrent.CompletableFuture$AsyncSupply.run(CompletableFuture.java:1590) [?:1.8.0_212]
	at java.util.concurrent.ThreadPoolExecutor.runWorker(ThreadPoolExecutor.java:1149) [?:1.8.0_212]
	at java.util.concurrent.ThreadPoolExecutor$Worker.run(ThreadPoolExecutor.java:624) [?:1.8.0_212]
	at java.lang.Thread.run(Thread.java:748) [?:1.8.0_212]
2019-06-18 00:55:50,670 INFO  impl.HddsDispatcher (ContainerUtils.java:logAndReturnError(146)) - Operation: PutBlock : Trace ID: ad07c517a0dbb792:aeaf498831cc9419:c465df756283d892:0 : Message: ContainerID 3 does not exist : Result: CONTAINER_NOT_FOUND
2019-06-18 00:55:50,672 INFO  rpc.RpcClient (RpcClient.java:createBucket(426)) - Creating Bucket: vol-0-55666/bucket-2-73629, with Versioning false and Storage Type set to DISK and Encryption set to false 
2019-06-18 00:55:50,673 INFO  client.GrpcClientProtocolClient (GrpcClientProtocolClient.java:onNext(254)) - client-7D96FB2A9EE9->2d9c32cf-d138-46ed-86fe-555b0f222d66: receive RaftClientReply:client-7D96FB2A9EE9->2d9c32cf-d138-46ed-86fe-555b0f222d66@group-F789D1FF0E52, cid=132, SUCCESS, logIndex=190, commits[2d9c32cf-d138-46ed-86fe-555b0f222d66:c190, 7d41c113-78b8-42e0-973f-a2985e127fce:c187, 845dac45-d65a-40db-aa8d-9123cdf470a5:c187]
2019-06-18 00:55:50,684 ERROR storage.BlockOutputStream (BlockOutputStream.java:validateResponse(538)) - Unexpected Storage Container Exception: 
org.apache.hadoop.hdds.scm.container.common.helpers.StorageContainerException: ContainerID 3 does not exist
	at org.apache.hadoop.hdds.scm.storage.ContainerProtocolCalls.validateContainerResponse(ContainerProtocolCalls.java:536)
	at org.apache.hadoop.hdds.scm.storage.BlockOutputStream.validateResponse(BlockOutputStream.java:536)
	at org.apache.hadoop.hdds.scm.storage.BlockOutputStream.lambda$writeChunkToContainer$2(BlockOutputStream.java:614)
	at java.util.concurrent.CompletableFuture.uniApply(CompletableFuture.java:602)
	at java.util.concurrent.CompletableFuture$UniApply.tryFire(CompletableFuture.java:577)
	at java.util.concurrent.CompletableFuture$Completion.run(CompletableFuture.java:442)
	at java.util.concurrent.ThreadPoolExecutor.runWorker(ThreadPoolExecutor.java:1149)
	at java.util.concurrent.ThreadPoolExecutor$Worker.run(ThreadPoolExecutor.java:624)
	at java.lang.Thread.run(Thread.java:748)
2019-06-18 00:55:50,685 INFO  client.GrpcClientProtocolClient (GrpcClientProtocolClient.java:onNext(254)) - client-7D96FB2A9EE9->2d9c32cf-d138-46ed-86fe-555b0f222d66: receive RaftClientReply:client-7D96FB2A9EE9->2d9c32cf-d138-46ed-86fe-555b0f222d66@group-F789D1FF0E52, cid=133, SUCCESS, logIndex=191, commits[2d9c32cf-d138-46ed-86fe-555b0f222d66:c193, 7d41c113-78b8-42e0-973f-a2985e127fce:c190, 845dac45-d65a-40db-aa8d-9123cdf470a5:c190]
2019-06-18 00:55:50,692 ERROR freon.RandomKeyGenerator (RandomKeyGenerator.java:run(675)) - Exception while adding key: key-7-83723 in bucket: org.apache.hadoop.ozone.client.OzoneBucket@7a50412d of volume: org.apache.hadoop.ozone.client.OzoneVolume@ddbf95a.
java.io.IOException: Unexpected Storage Container Exception: org.apache.hadoop.hdds.scm.container.common.helpers.StorageContainerException: ContainerID 3 does not exist
	at org.apache.hadoop.hdds.scm.storage.BlockOutputStream.setIoException(BlockOutputStream.java:548)
	at org.apache.hadoop.hdds.scm.storage.BlockOutputStream.validateResponse(BlockOutputStream.java:539)
	at org.apache.hadoop.hdds.scm.storage.BlockOutputStream.lambda$writeChunkToContainer$2(BlockOutputStream.java:614)
	at java.util.concurrent.CompletableFuture.uniApply(CompletableFuture.java:602)
	at java.util.concurrent.CompletableFuture$UniApply.tryFire(CompletableFuture.java:577)
	at java.util.concurrent.CompletableFuture$Completion.run(CompletableFuture.java:442)
	at java.util.concurrent.ThreadPoolExecutor.runWorker(ThreadPoolExecutor.java:1149)
	at java.util.concurrent.ThreadPoolExecutor$Worker.run(ThreadPoolExecutor.java:624)
	at java.lang.Thread.run(Thread.java:748)
Caused by: org.apache.hadoop.hdds.scm.container.common.helpers.StorageContainerException: ContainerID 3 does not exist
	at org.apache.hadoop.hdds.scm.storage.ContainerProtocolCalls.validateContainerResponse(ContainerProtocolCalls.java:536)
	at org.apache.hadoop.hdds.scm.storage.BlockOutputStream.validateResponse(BlockOutputStream.java:536)
	... 7 more
00:55:50.704 [pool-51-thread-1] ERROR DNAudit - user=null | ip=null | op=PUT_BLOCK {blockData=[blockId=conID: 3 locID: 102289856962560087 bcsId: 0,size=10240]} | ret=FAILURE
org.apache.hadoop.hdds.scm.container.common.helpers.StorageContainerException: ContainerID 3 does not exist
	at org.apache.hadoop.ozone.container.common.impl.HddsDispatcher.dispatchRequest(HddsDispatcher.java:242) ~[classes/:?]
	at org.apache.hadoop.ozone.container.common.impl.HddsDispatcher.dispatch(HddsDispatcher.java:148) ~[classes/:?]
	at org.apache.hadoop.ozone.container.common.transport.server.ratis.ContainerStateMachine.dispatchCommand(ContainerStateMachine.java:347) ~[classes/:?]
	at org.apache.hadoop.ozone.container.common.transport.server.ratis.ContainerStateMachine.runCommand(ContainerStateMachine.java:354) ~[classes/:?]
	at org.apache.hadoop.ozone.container.common.transport.server.ratis.ContainerStateMachine.lambda$applyTransaction$5(ContainerStateMachine.java:621) ~[classes/:?]
	at java.util.concurrent.CompletableFuture$AsyncSupply.run(CompletableFuture.java:1590) [?:1.8.0_212]
	at java.util.concurrent.ThreadPoolExecutor.runWorker(ThreadPoolExecutor.java:1149) [?:1.8.0_212]
	at java.util.concurrent.ThreadPoolExecutor$Worker.run(ThreadPoolExecutor.java:624) [?:1.8.0_212]
	at java.lang.Thread.run(Thread.java:748) [?:1.8.0_212]
2019-06-18 00:55:50,705 INFO  impl.HddsDispatcher (ContainerUtils.java:logAndReturnError(146)) - Operation: PutBlock : Trace ID: ad07c517a0dbb792:aeaf498831cc9419:c465df756283d892:0 : Message: ContainerID 3 does not exist : Result: CONTAINER_NOT_FOUND
00:55:50.706 [pool-72-thread-1] ERROR DNAudit - user=null | ip=null | op=PUT_BLOCK {blockData=[blockId=conID: 3 locID: 102289856962560087 bcsId: 0,size=10240]} | ret=FAILURE
org.apache.hadoop.hdds.scm.container.common.helpers.StorageContainerException: ContainerID 3 does not exist
	at org.apache.hadoop.ozone.container.common.impl.HddsDispatcher.dispatchRequest(HddsDispatcher.java:242) ~[classes/:?]
	at org.apache.hadoop.ozone.container.common.impl.HddsDispatcher.dispatch(HddsDispatcher.java:148) ~[classes/:?]
	at org.apache.hadoop.ozone.container.common.transport.server.ratis.ContainerStateMachine.dispatchCommand(ContainerStateMachine.java:347) ~[classes/:?]
	at org.apache.hadoop.ozone.container.common.transport.server.ratis.ContainerStateMachine.runCommand(ContainerStateMachine.java:354) ~[classes/:?]
	at org.apache.hadoop.ozone.container.common.transport.server.ratis.ContainerStateMachine.lambda$applyTransaction$5(ContainerStateMachine.java:621) ~[classes/:?]
	at java.util.concurrent.CompletableFuture$AsyncSupply.run(CompletableFuture.java:1590) [?:1.8.0_212]
	at java.util.concurrent.ThreadPoolExecutor.runWorker(ThreadPoolExecutor.java:1149) [?:1.8.0_212]
	at java.util.concurrent.ThreadPoolExecutor$Worker.run(ThreadPoolExecutor.java:624) [?:1.8.0_212]
	at java.lang.Thread.run(Thread.java:748) [?:1.8.0_212]
2019-06-18 00:55:50,706 INFO  impl.HddsDispatcher (ContainerUtils.java:logAndReturnError(146)) - Operation: PutBlock : Trace ID: ad07c517a0dbb792:aeaf498831cc9419:c465df756283d892:0 : Message: ContainerID 3 does not exist : Result: CONTAINER_NOT_FOUND
2019-06-18 00:55:50,707 INFO  client.GrpcClientProtocolClient (GrpcClientProtocolClient.java:onNext(254)) - client-7D96FB2A9EE9->2d9c32cf-d138-46ed-86fe-555b0f222d66: receive RaftClientReply:client-7D96FB2A9EE9->2d9c32cf-d138-46ed-86fe-555b0f222d66@group-F789D1FF0E52, cid=135, SUCCESS, logIndex=194, commits[2d9c32cf-d138-46ed-86fe-555b0f222d66:c194, 7d41c113-78b8-42e0-973f-a2985e127fce:c190, 845dac45-d65a-40db-aa8d-9123cdf470a5:c193]
2019-06-18 00:55:50,707 INFO  storage.RaftLogWorker (RaftLogWorker.java:rollLogSegment(303)) - 2d9c32cf-d138-46ed-86fe-555b0f222d66-RaftLogWorker: Rolling segment log-93_195 to index:195
2019-06-18 00:55:50,708 INFO  storage.RaftLogWorker (RaftLogWorker.java:execute(433)) - 2d9c32cf-d138-46ed-86fe-555b0f222d66-RaftLogWorker: Rolled log segment from /opt/src/hadoop-ozone/tools/target/test-dir/MiniOzoneClusterImpl-6d9acd13-88f0-4110-8b50-a0007a84e3db/datanode-0/data/ratis/1ee23aab-99cb-4f91-88c7-f789d1ff0e52/current/log_inprogress_93 to /opt/src/hadoop-ozone/tools/target/test-dir/MiniOzoneClusterImpl-6d9acd13-88f0-4110-8b50-a0007a84e3db/datanode-0/data/ratis/1ee23aab-99cb-4f91-88c7-f789d1ff0e52/current/log_93-195
2019-06-18 00:55:50,708 INFO  storage.RaftLogWorker (RaftLogWorker.java:rollLogSegment(303)) - 7d41c113-78b8-42e0-973f-a2985e127fce-RaftLogWorker: Rolling segment log-93_195 to index:195
2019-06-18 00:55:50,709 INFO  storage.RaftLogWorker (RaftLogWorker.java:rollLogSegment(303)) - 845dac45-d65a-40db-aa8d-9123cdf470a5-RaftLogWorker: Rolling segment log-93_195 to index:195
2019-06-18 00:55:50,731 INFO  storage.RaftLogWorker (RaftLogWorker.java:execute(433)) - 845dac45-d65a-40db-aa8d-9123cdf470a5-RaftLogWorker: Rolled log segment from /opt/src/hadoop-ozone/tools/target/test-dir/MiniOzoneClusterImpl-6d9acd13-88f0-4110-8b50-a0007a84e3db/datanode-1/data/ratis/1ee23aab-99cb-4f91-88c7-f789d1ff0e52/current/log_inprogress_93 to /opt/src/hadoop-ozone/tools/target/test-dir/MiniOzoneClusterImpl-6d9acd13-88f0-4110-8b50-a0007a84e3db/datanode-1/data/ratis/1ee23aab-99cb-4f91-88c7-f789d1ff0e52/current/log_93-195
 25.00% |██████████████████████████                                                                           |  25/100 Time: 0:00:052019-06-18 00:55:50,734 INFO  storage.RaftLogWorker (RaftLogWorker.java:execute(433)) - 7d41c113-78b8-42e0-973f-a2985e127fce-RaftLogWorker: Rolled log segment from /opt/src/hadoop-ozone/tools/target/test-dir/MiniOzoneClusterImpl-6d9acd13-88f0-4110-8b50-a0007a84e3db/datanode-2/data/ratis/1ee23aab-99cb-4f91-88c7-f789d1ff0e52/current/log_inprogress_93 to /opt/src/hadoop-ozone/tools/target/test-dir/MiniOzoneClusterImpl-6d9acd13-88f0-4110-8b50-a0007a84e3db/datanode-2/data/ratis/1ee23aab-99cb-4f91-88c7-f789d1ff0e52/current/log_93-195
2019-06-18 00:55:51,045 INFO  storage.RaftLogWorker (RaftLogWorker.java:execute(469)) - 2d9c32cf-d138-46ed-86fe-555b0f222d66-RaftLogWorker: created new log segment /opt/src/hadoop-ozone/tools/target/test-dir/MiniOzoneClusterImpl-6d9acd13-88f0-4110-8b50-a0007a84e3db/datanode-0/data/ratis/1ee23aab-99cb-4f91-88c7-f789d1ff0e52/current/log_inprogress_196
2019-06-18 00:55:51,051 INFO  storage.RaftLogWorker (RaftLogWorker.java:execute(469)) - 7d41c113-78b8-42e0-973f-a2985e127fce-RaftLogWorker: created new log segment /opt/src/hadoop-ozone/tools/target/test-dir/MiniOzoneClusterImpl-6d9acd13-88f0-4110-8b50-a0007a84e3db/datanode-2/data/ratis/1ee23aab-99cb-4f91-88c7-f789d1ff0e52/current/log_inprogress_196
2019-06-18 00:55:51,051 INFO  storage.RaftLogWorker (RaftLogWorker.java:execute(469)) - 845dac45-d65a-40db-aa8d-9123cdf470a5-RaftLogWorker: created new log segment /opt/src/hadoop-ozone/tools/target/test-dir/MiniOzoneClusterImpl-6d9acd13-88f0-4110-8b50-a0007a84e3db/datanode-1/data/ratis/1ee23aab-99cb-4f91-88c7-f789d1ff0e52/current/log_inprogress_196
2019-06-18 00:55:51,062 INFO  client.GrpcClientProtocolClient (GrpcClientProtocolClient.java:onNext(254)) - client-7D96FB2A9EE9->2d9c32cf-d138-46ed-86fe-555b0f222d66: receive RaftClientReply:client-7D96FB2A9EE9->2d9c32cf-d138-46ed-86fe-555b0f222d66@group-F789D1FF0E52, cid=136, SUCCESS, logIndex=196, commits[2d9c32cf-d138-46ed-86fe-555b0f222d66:c198, 7d41c113-78b8-42e0-973f-a2985e127fce:c194, 845dac45-d65a-40db-aa8d-9123cdf470a5:c194]
2019-06-18 00:55:51,068 INFO  client.GrpcClientProtocolClient (GrpcClientProtocolClient.java:onNext(254)) - client-7D96FB2A9EE9->2d9c32cf-d138-46ed-86fe-555b0f222d66: receive RaftClientReply:client-7D96FB2A9EE9->2d9c32cf-d138-46ed-86fe-555b0f222d66@group-F789D1FF0E52, cid=137, SUCCESS, logIndex=197, commits[2d9c32cf-d138-46ed-86fe-555b0f222d66:c198, 7d41c113-78b8-42e0-973f-a2985e127fce:c194, 845dac45-d65a-40db-aa8d-9123cdf470a5:c194]
2019-06-18 00:55:51,070 INFO  client.GrpcClientProtocolClient (GrpcClientProtocolClient.java:onNext(254)) - client-7D96FB2A9EE9->2d9c32cf-d138-46ed-86fe-555b0f222d66: receive RaftClientReply:client-7D96FB2A9EE9->2d9c32cf-d138-46ed-86fe-555b0f222d66@group-F789D1FF0E52, cid=139, SUCCESS, logIndex=0, commits[2d9c32cf-d138-46ed-86fe-555b0f222d66:c198, 7d41c113-78b8-42e0-973f-a2985e127fce:c198, 845dac45-d65a-40db-aa8d-9123cdf470a5:c198]
2019-06-18 00:55:51,078 INFO  client.GrpcClientProtocolClient (GrpcClientProtocolClient.java:onNext(254)) - client-7D96FB2A9EE9->2d9c32cf-d138-46ed-86fe-555b0f222d66: receive RaftClientReply:client-7D96FB2A9EE9->2d9c32cf-d138-46ed-86fe-555b0f222d66@group-F789D1FF0E52, cid=138, SUCCESS, logIndex=198, commits[2d9c32cf-d138-46ed-86fe-555b0f222d66:c198, 7d41c113-78b8-42e0-973f-a2985e127fce:c194, 845dac45-d65a-40db-aa8d-9123cdf470a5:c194]
2019-06-18 00:55:51,081 INFO  client.GrpcClientProtocolClient (GrpcClientProtocolClient.java:onNext(254)) - client-7D96FB2A9EE9->2d9c32cf-d138-46ed-86fe-555b0f222d66: receive RaftClientReply:client-7D96FB2A9EE9->2d9c32cf-d138-46ed-86fe-555b0f222d66@group-F789D1FF0E52, cid=140, SUCCESS, logIndex=0, commits[2d9c32cf-d138-46ed-86fe-555b0f222d66:c199, 7d41c113-78b8-42e0-973f-a2985e127fce:c198, 845dac45-d65a-40db-aa8d-9123cdf470a5:c198]
2019-06-18 00:55:51,090 INFO  keyvalue.KeyValueHandler (ContainerUtils.java:logAndReturnError(146)) - Operation: CreateContainer : Trace ID: 2bfeb4557d48ad4a:dc61967df1c8e780:d344ad51a9f31938:0 : Message: Container creation failed, due to disk out of space : Result: DISK_OUT_OF_SPACE
00:55:51.090 [pool-26-thread-42] ERROR DNAudit - user=null | ip=null | op=WRITE_CHUNK {blockData=conID: 3 locID: 102289856992772190 bcsId: 0} | ret=FAILURE
org.apache.hadoop.hdds.scm.container.common.helpers.StorageContainerException: ContainerID 3 creation failed
	at org.apache.hadoop.ozone.container.common.impl.HddsDispatcher.dispatchRequest(HddsDispatcher.java:227) ~[classes/:?]
	at org.apache.hadoop.ozone.container.common.impl.HddsDispatcher.dispatch(HddsDispatcher.java:148) ~[classes/:?]
	at org.apache.hadoop.ozone.container.common.transport.server.ratis.ContainerStateMachine.dispatchCommand(ContainerStateMachine.java:347) ~[classes/:?]
	at org.apache.hadoop.ozone.container.common.transport.server.ratis.ContainerStateMachine.runCommand(ContainerStateMachine.java:354) ~[classes/:?]
	at org.apache.hadoop.ozone.container.common.transport.server.ratis.ContainerStateMachine.lambda$handleWriteChunk$0(ContainerStateMachine.java:385) ~[classes/:?]
	at java.util.concurrent.CompletableFuture$AsyncSupply.run(CompletableFuture.java:1590) [?:1.8.0_212]
	at java.util.concurrent.ThreadPoolExecutor.runWorker(ThreadPoolExecutor.java:1149) [?:1.8.0_212]
	at java.util.concurrent.ThreadPoolExecutor$Worker.run(ThreadPoolExecutor.java:624) [?:1.8.0_212]
	at java.lang.Thread.run(Thread.java:748) [?:1.8.0_212]
2019-06-18 00:55:51,091 INFO  impl.HddsDispatcher (ContainerUtils.java:logAndReturnError(146)) - Operation: WriteChunk : Trace ID: 2bfeb4557d48ad4a:dc61967df1c8e780:d344ad51a9f31938:0 : Message: ContainerID 3 creation failed : Result: DISK_OUT_OF_SPACE
2019-06-18 00:55:51,093 INFO  keyvalue.KeyValueHandler (ContainerUtils.java:logAndReturnError(146)) - Operation: CreateContainer : Trace ID: 2bfeb4557d48ad4a:dc61967df1c8e780:d344ad51a9f31938:0 : Message: Container creation failed, due to disk out of space : Result: DISK_OUT_OF_SPACE
00:55:51.093 [pool-68-thread-52] ERROR DNAudit - user=null | ip=null | op=WRITE_CHUNK {blockData=conID: 3 locID: 102289856992772190 bcsId: 0} | ret=FAILURE
org.apache.hadoop.hdds.scm.container.common.helpers.StorageContainerException: ContainerID 3 creation failed
	at org.apache.hadoop.ozone.container.common.impl.HddsDispatcher.dispatchRequest(HddsDispatcher.java:227) ~[classes/:?]
	at org.apache.hadoop.ozone.container.common.impl.HddsDispatcher.dispatch(HddsDispatcher.java:148) ~[classes/:?]
	at org.apache.hadoop.ozone.container.common.transport.server.ratis.ContainerStateMachine.dispatchCommand(ContainerStateMachine.java:347) ~[classes/:?]
	at org.apache.hadoop.ozone.container.common.transport.server.ratis.ContainerStateMachine.runCommand(ContainerStateMachine.java:354) ~[classes/:?]
	at org.apache.hadoop.ozone.container.common.transport.server.ratis.ContainerStateMachine.lambda$handleWriteChunk$0(ContainerStateMachine.java:385) ~[classes/:?]
	at java.util.concurrent.CompletableFuture$AsyncSupply.run(CompletableFuture.java:1590) [?:1.8.0_212]
	at java.util.concurrent.ThreadPoolExecutor.runWorker(ThreadPoolExecutor.java:1149) [?:1.8.0_212]
	at java.util.concurrent.ThreadPoolExecutor$Worker.run(ThreadPoolExecutor.java:624) [?:1.8.0_212]
	at java.lang.Thread.run(Thread.java:748) [?:1.8.0_212]
2019-06-18 00:55:51,093 INFO  impl.HddsDispatcher (ContainerUtils.java:logAndReturnError(146)) - Operation: WriteChunk : Trace ID: 2bfeb4557d48ad4a:dc61967df1c8e780:d344ad51a9f31938:0 : Message: ContainerID 3 creation failed : Result: DISK_OUT_OF_SPACE
2019-06-18 00:55:51,094 INFO  keyvalue.KeyValueHandler (ContainerUtils.java:logAndReturnError(146)) - Operation: CreateContainer : Trace ID: 2bfeb4557d48ad4a:dc61967df1c8e780:d344ad51a9f31938:0 : Message: Container creation failed, due to disk out of space : Result: DISK_OUT_OF_SPACE
00:55:51.094 [pool-47-thread-53] ERROR DNAudit - user=null | ip=null | op=WRITE_CHUNK {blockData=conID: 3 locID: 102289856992772190 bcsId: 0} | ret=FAILURE
org.apache.hadoop.hdds.scm.container.common.helpers.StorageContainerException: ContainerID 3 creation failed
	at org.apache.hadoop.ozone.container.common.impl.HddsDispatcher.dispatchRequest(HddsDispatcher.java:227) ~[classes/:?]
	at org.apache.hadoop.ozone.container.common.impl.HddsDispatcher.dispatch(HddsDispatcher.java:148) ~[classes/:?]
	at org.apache.hadoop.ozone.container.common.transport.server.ratis.ContainerStateMachine.dispatchCommand(ContainerStateMachine.java:347) ~[classes/:?]
	at org.apache.hadoop.ozone.container.common.transport.server.ratis.ContainerStateMachine.runCommand(ContainerStateMachine.java:354) ~[classes/:?]
	at org.apache.hadoop.ozone.container.common.transport.server.ratis.ContainerStateMachine.lambda$handleWriteChunk$0(ContainerStateMachine.java:385) ~[classes/:?]
	at java.util.concurrent.CompletableFuture$AsyncSupply.run(CompletableFuture.java:1590) [?:1.8.0_212]
	at java.util.concurrent.ThreadPoolExecutor.runWorker(ThreadPoolExecutor.java:1149) [?:1.8.0_212]
	at java.util.concurrent.ThreadPoolExecutor$Worker.run(ThreadPoolExecutor.java:624) [?:1.8.0_212]
	at java.lang.Thread.run(Thread.java:748) [?:1.8.0_212]
2019-06-18 00:55:51,094 INFO  impl.HddsDispatcher (ContainerUtils.java:logAndReturnError(146)) - Operation: WriteChunk : Trace ID: 2bfeb4557d48ad4a:dc61967df1c8e780:d344ad51a9f31938:0 : Message: ContainerID 3 creation failed : Result: DISK_OUT_OF_SPACE
00:55:51.099 [pool-30-thread-1] ERROR DNAudit - user=null | ip=null | op=WRITE_CHUNK {blockData=conID: 3 locID: 102289856992772190 bcsId: 0} | ret=FAILURE
org.apache.hadoop.hdds.scm.container.common.helpers.StorageContainerException: ContainerID 3 does not exist
	at org.apache.hadoop.ozone.container.common.impl.HddsDispatcher.dispatchRequest(HddsDispatcher.java:242) ~[classes/:?]
	at org.apache.hadoop.ozone.container.common.impl.HddsDispatcher.dispatch(HddsDispatcher.java:148) ~[classes/:?]
	at org.apache.hadoop.ozone.container.common.transport.server.ratis.ContainerStateMachine.dispatchCommand(ContainerStateMachine.java:347) ~[classes/:?]
	at org.apache.hadoop.ozone.container.common.transport.server.ratis.ContainerStateMachine.runCommand(ContainerStateMachine.java:354) ~[classes/:?]
	at org.apache.hadoop.ozone.container.common.transport.server.ratis.ContainerStateMachine.lambda$applyTransaction$5(ContainerStateMachine.java:621) ~[classes/:?]
	at java.util.concurrent.CompletableFuture$AsyncSupply.run(CompletableFuture.java:1590) [?:1.8.0_212]
	at java.util.concurrent.ThreadPoolExecutor.runWorker(ThreadPoolExecutor.java:1149) [?:1.8.0_212]
	at java.util.concurrent.ThreadPoolExecutor$Worker.run(ThreadPoolExecutor.java:624) [?:1.8.0_212]
	at java.lang.Thread.run(Thread.java:748) [?:1.8.0_212]
2019-06-18 00:55:51,100 INFO  impl.HddsDispatcher (ContainerUtils.java:logAndReturnError(146)) - Operation: WriteChunk : Trace ID: 2bfeb4557d48ad4a:dc61967df1c8e780:d344ad51a9f31938:0 : Message: ContainerID 3 does not exist : Result: CONTAINER_NOT_FOUND
00:55:51.119 [pool-72-thread-1] ERROR DNAudit - user=null | ip=null | op=WRITE_CHUNK {blockData=conID: 3 locID: 102289856992772190 bcsId: 0} | ret=FAILURE
org.apache.hadoop.hdds.scm.container.common.helpers.StorageContainerException: ContainerID 3 does not exist
	at org.apache.hadoop.ozone.container.common.impl.HddsDispatcher.dispatchRequest(HddsDispatcher.java:242) ~[classes/:?]
	at org.apache.hadoop.ozone.container.common.impl.HddsDispatcher.dispatch(HddsDispatcher.java:148) ~[classes/:?]
	at org.apache.hadoop.ozone.container.common.transport.server.ratis.ContainerStateMachine.dispatchCommand(ContainerStateMachine.java:347) ~[classes/:?]
	at org.apache.hadoop.ozone.container.common.transport.server.ratis.ContainerStateMachine.runCommand(ContainerStateMachine.java:354) ~[classes/:?]
	at org.apache.hadoop.ozone.container.common.transport.server.ratis.ContainerStateMachine.lambda$applyTransaction$5(ContainerStateMachine.java:621) ~[classes/:?]
	at java.util.concurrent.CompletableFuture$AsyncSupply.run(CompletableFuture.java:1590) [?:1.8.0_212]
	at java.util.concurrent.ThreadPoolExecutor.runWorker(ThreadPoolExecutor.java:1149) [?:1.8.0_212]
	at java.util.concurrent.ThreadPoolExecutor$Worker.run(ThreadPoolExecutor.java:624) [?:1.8.0_212]
	at java.lang.Thread.run(Thread.java:748) [?:1.8.0_212]
2019-06-18 00:55:51,121 INFO  impl.HddsDispatcher (ContainerUtils.java:logAndReturnError(146)) - Operation: WriteChunk : Trace ID: 2bfeb4557d48ad4a:dc61967df1c8e780:d344ad51a9f31938:0 : Message: ContainerID 3 does not exist : Result: CONTAINER_NOT_FOUND
2019-06-18 00:55:51,125 INFO  client.GrpcClientProtocolClient (GrpcClientProtocolClient.java:onNext(254)) - client-7D96FB2A9EE9->2d9c32cf-d138-46ed-86fe-555b0f222d66: receive RaftClientReply:client-7D96FB2A9EE9->2d9c32cf-d138-46ed-86fe-555b0f222d66@group-F789D1FF0E52, cid=141, SUCCESS, logIndex=200, commits[2d9c32cf-d138-46ed-86fe-555b0f222d66:c200, 7d41c113-78b8-42e0-973f-a2985e127fce:c199, 845dac45-d65a-40db-aa8d-9123cdf470a5:c198]
00:55:51.131 [pool-51-thread-1] ERROR DNAudit - user=null | ip=null | op=WRITE_CHUNK {blockData=conID: 3 locID: 102289856992772190 bcsId: 0} | ret=FAILURE
org.apache.hadoop.hdds.scm.container.common.helpers.StorageContainerException: ContainerID 3 does not exist
	at org.apache.hadoop.ozone.container.common.impl.HddsDispatcher.dispatchRequest(HddsDispatcher.java:242) ~[classes/:?]
	at org.apache.hadoop.ozone.container.common.impl.HddsDispatcher.dispatch(HddsDispatcher.java:148) ~[classes/:?]
	at org.apache.hadoop.ozone.container.common.transport.server.ratis.ContainerStateMachine.dispatchCommand(ContainerStateMachine.java:347) ~[classes/:?]
	at org.apache.hadoop.ozone.container.common.transport.server.ratis.ContainerStateMachine.runCommand(ContainerStateMachine.java:354) ~[classes/:?]
	at org.apache.hadoop.ozone.container.common.transport.server.ratis.ContainerStateMachine.lambda$applyTransaction$5(ContainerStateMachine.java:621) ~[classes/:?]
	at java.util.concurrent.CompletableFuture$AsyncSupply.run(CompletableFuture.java:1590) [?:1.8.0_212]
	at java.util.concurrent.ThreadPoolExecutor.runWorker(ThreadPoolExecutor.java:1149) [?:1.8.0_212]
	at java.util.concurrent.ThreadPoolExecutor$Worker.run(ThreadPoolExecutor.java:624) [?:1.8.0_212]
	at java.lang.Thread.run(Thread.java:748) [?:1.8.0_212]
2019-06-18 00:55:51,131 INFO  impl.HddsDispatcher (ContainerUtils.java:logAndReturnError(146)) - Operation: WriteChunk : Trace ID: 2bfeb4557d48ad4a:dc61967df1c8e780:d344ad51a9f31938:0 : Message: ContainerID 3 does not exist : Result: CONTAINER_NOT_FOUND
00:55:51.132 [pool-30-thread-1] ERROR DNAudit - user=null | ip=null | op=PUT_BLOCK {blockData=[blockId=conID: 3 locID: 102289856992772190 bcsId: 0,size=10240]} | ret=FAILURE
org.apache.hadoop.hdds.scm.container.common.helpers.StorageContainerException: ContainerID 3 does not exist
	at org.apache.hadoop.ozone.container.common.impl.HddsDispatcher.dispatchRequest(HddsDispatcher.java:242) ~[classes/:?]
	at org.apache.hadoop.ozone.container.common.impl.HddsDispatcher.dispatch(HddsDispatcher.java:148) ~[classes/:?]
	at org.apache.hadoop.ozone.container.common.transport.server.ratis.ContainerStateMachine.dispatchCommand(ContainerStateMachine.java:347) ~[classes/:?]
	at org.apache.hadoop.ozone.container.common.transport.server.ratis.ContainerStateMachine.runCommand(ContainerStateMachine.java:354) ~[classes/:?]
	at org.apache.hadoop.ozone.container.common.transport.server.ratis.ContainerStateMachine.lambda$applyTransaction$5(ContainerStateMachine.java:621) ~[classes/:?]
	at java.util.concurrent.CompletableFuture$AsyncSupply.run(CompletableFuture.java:1590) [?:1.8.0_212]
	at java.util.concurrent.ThreadPoolExecutor.runWorker(ThreadPoolExecutor.java:1149) [?:1.8.0_212]
	at java.util.concurrent.ThreadPoolExecutor$Worker.run(ThreadPoolExecutor.java:624) [?:1.8.0_212]
	at java.lang.Thread.run(Thread.java:748) [?:1.8.0_212]
2019-06-18 00:55:51,134 INFO  impl.HddsDispatcher (ContainerUtils.java:logAndReturnError(146)) - Operation: PutBlock : Trace ID: 2bfeb4557d48ad4a:fa7cc53f322bc01a:d344ad51a9f31938:0 : Message: ContainerID 3 does not exist : Result: CONTAINER_NOT_FOUND
2019-06-18 00:55:51,134 ERROR storage.BlockOutputStream (BlockOutputStream.java:validateResponse(538)) - Unexpected Storage Container Exception: 
org.apache.hadoop.hdds.scm.container.common.helpers.StorageContainerException: ContainerID 3 does not exist
	at org.apache.hadoop.hdds.scm.storage.ContainerProtocolCalls.validateContainerResponse(ContainerProtocolCalls.java:536)
	at org.apache.hadoop.hdds.scm.storage.BlockOutputStream.validateResponse(BlockOutputStream.java:536)
	at org.apache.hadoop.hdds.scm.storage.BlockOutputStream.lambda$writeChunkToContainer$2(BlockOutputStream.java:614)
	at java.util.concurrent.CompletableFuture.uniApply(CompletableFuture.java:602)
	at java.util.concurrent.CompletableFuture$UniApply.tryFire(CompletableFuture.java:577)
	at java.util.concurrent.CompletableFuture$Completion.run(CompletableFuture.java:442)
	at java.util.concurrent.ThreadPoolExecutor.runWorker(ThreadPoolExecutor.java:1149)
	at java.util.concurrent.ThreadPoolExecutor$Worker.run(ThreadPoolExecutor.java:624)
	at java.lang.Thread.run(Thread.java:748)
2019-06-18 00:55:51,137 INFO  client.GrpcClientProtocolClient (GrpcClientProtocolClient.java:onNext(254)) - client-7D96FB2A9EE9->2d9c32cf-d138-46ed-86fe-555b0f222d66: receive RaftClientReply:client-7D96FB2A9EE9->2d9c32cf-d138-46ed-86fe-555b0f222d66@group-F789D1FF0E52, cid=142, SUCCESS, logIndex=202, commits[2d9c32cf-d138-46ed-86fe-555b0f222d66:c202, 7d41c113-78b8-42e0-973f-a2985e127fce:c201, 845dac45-d65a-40db-aa8d-9123cdf470a5:c201]
00:55:51.147 [pool-72-thread-1] ERROR DNAudit - user=null | ip=null | op=PUT_BLOCK {blockData=[blockId=conID: 3 locID: 102289856992772190 bcsId: 0,size=10240]} | ret=FAILURE
org.apache.hadoop.hdds.scm.container.common.helpers.StorageContainerException: ContainerID 3 does not exist
	at org.apache.hadoop.ozone.container.common.impl.HddsDispatcher.dispatchRequest(HddsDispatcher.java:242) ~[classes/:?]
	at org.apache.hadoop.ozone.container.common.impl.HddsDispatcher.dispatch(HddsDispatcher.java:148) ~[classes/:?]
	at org.apache.hadoop.ozone.container.common.transport.server.ratis.ContainerStateMachine.dispatchCommand(ContainerStateMachine.java:347) ~[classes/:?]
	at org.apache.hadoop.ozone.container.common.transport.server.ratis.ContainerStateMachine.runCommand(ContainerStateMachine.java:354) ~[classes/:?]
	at org.apache.hadoop.ozone.container.common.transport.server.ratis.ContainerStateMachine.lambda$applyTransaction$5(ContainerStateMachine.java:621) ~[classes/:?]
	at java.util.concurrent.CompletableFuture$AsyncSupply.run(CompletableFuture.java:1590) [?:1.8.0_212]
	at java.util.concurrent.ThreadPoolExecutor.runWorker(ThreadPoolExecutor.java:1149) [?:1.8.0_212]
	at java.util.concurrent.ThreadPoolExecutor$Worker.run(ThreadPoolExecutor.java:624) [?:1.8.0_212]
	at java.lang.Thread.run(Thread.java:748) [?:1.8.0_212]
2019-06-18 00:55:51,147 INFO  impl.HddsDispatcher (ContainerUtils.java:logAndReturnError(146)) - Operation: PutBlock : Trace ID: 2bfeb4557d48ad4a:fa7cc53f322bc01a:d344ad51a9f31938:0 : Message: ContainerID 3 does not exist : Result: CONTAINER_NOT_FOUND
00:55:51.151 [pool-51-thread-1] ERROR DNAudit - user=null | ip=null | op=PUT_BLOCK {blockData=[blockId=conID: 3 locID: 102289856992772190 bcsId: 0,size=10240]} | ret=FAILURE
org.apache.hadoop.hdds.scm.container.common.helpers.StorageContainerException: ContainerID 3 does not exist
	at org.apache.hadoop.ozone.container.common.impl.HddsDispatcher.dispatchRequest(HddsDispatcher.java:242) ~[classes/:?]
	at org.apache.hadoop.ozone.container.common.impl.HddsDispatcher.dispatch(HddsDispatcher.java:148) ~[classes/:?]
	at org.apache.hadoop.ozone.container.common.transport.server.ratis.ContainerStateMachine.dispatchCommand(ContainerStateMachine.java:347) ~[classes/:?]
	at org.apache.hadoop.ozone.container.common.transport.server.ratis.ContainerStateMachine.runCommand(ContainerStateMachine.java:354) ~[classes/:?]
	at org.apache.hadoop.ozone.container.common.transport.server.ratis.ContainerStateMachine.lambda$applyTransaction$5(ContainerStateMachine.java:621) ~[classes/:?]
	at java.util.concurrent.CompletableFuture$AsyncSupply.run(CompletableFuture.java:1590) [?:1.8.0_212]
	at java.util.concurrent.ThreadPoolExecutor.runWorker(ThreadPoolExecutor.java:1149) [?:1.8.0_212]
	at java.util.concurrent.ThreadPoolExecutor$Worker.run(ThreadPoolExecutor.java:624) [?:1.8.0_212]
	at java.lang.Thread.run(Thread.java:748) [?:1.8.0_212]
2019-06-18 00:55:51,152 INFO  impl.HddsDispatcher (ContainerUtils.java:logAndReturnError(146)) - Operation: PutBlock : Trace ID: 2bfeb4557d48ad4a:fa7cc53f322bc01a:d344ad51a9f31938:0 : Message: ContainerID 3 does not exist : Result: CONTAINER_NOT_FOUND
2019-06-18 00:55:51,170 ERROR freon.RandomKeyGenerator (RandomKeyGenerator.java:run(675)) - Exception while adding key: key-9-08389 in bucket: org.apache.hadoop.ozone.client.OzoneBucket@7a50412d of volume: org.apache.hadoop.ozone.client.OzoneVolume@ddbf95a.
java.io.IOException: Unexpected Storage Container Exception: org.apache.hadoop.hdds.scm.container.common.helpers.StorageContainerException: ContainerID 3 does not exist
	at org.apache.hadoop.hdds.scm.storage.BlockOutputStream.setIoException(BlockOutputStream.java:548)
	at org.apache.hadoop.hdds.scm.storage.BlockOutputStream.validateResponse(BlockOutputStream.java:539)
	at org.apache.hadoop.hdds.scm.storage.BlockOutputStream.lambda$writeChunkToContainer$2(BlockOutputStream.java:614)
	at java.util.concurrent.CompletableFuture.uniApply(CompletableFuture.java:602)
	at java.util.concurrent.CompletableFuture$UniApply.tryFire(CompletableFuture.java:577)
	at java.util.concurrent.CompletableFuture$Completion.run(CompletableFuture.java:442)
	at java.util.concurrent.ThreadPoolExecutor.runWorker(ThreadPoolExecutor.java:1149)
	at java.util.concurrent.ThreadPoolExecutor$Worker.run(ThreadPoolExecutor.java:624)
	at java.lang.Thread.run(Thread.java:748)
Caused by: org.apache.hadoop.hdds.scm.container.common.helpers.StorageContainerException: ContainerID 3 does not exist
	at org.apache.hadoop.hdds.scm.storage.ContainerProtocolCalls.validateContainerResponse(ContainerProtocolCalls.java:536)
	at org.apache.hadoop.hdds.scm.storage.BlockOutputStream.validateResponse(BlockOutputStream.java:536)
	... 7 more
2019-06-18 00:55:51,170 INFO  rpc.RpcClient (RpcClient.java:createBucket(426)) - Creating Bucket: vol-1-67285/bucket-2-04564, with Versioning false and Storage Type set to DISK and Encryption set to false 
2019-06-18 00:55:51,170 INFO  client.GrpcClientProtocolClient (GrpcClientProtocolClient.java:onNext(254)) - client-7D96FB2A9EE9->2d9c32cf-d138-46ed-86fe-555b0f222d66: receive RaftClientReply:client-7D96FB2A9EE9->2d9c32cf-d138-46ed-86fe-555b0f222d66@group-F789D1FF0E52, cid=143, SUCCESS, logIndex=203, commits[2d9c32cf-d138-46ed-86fe-555b0f222d66:c203, 7d41c113-78b8-42e0-973f-a2985e127fce:c201, 845dac45-d65a-40db-aa8d-9123cdf470a5:c201]
2019-06-18 00:55:51,176 INFO  client.GrpcClientProtocolClient (GrpcClientProtocolClient.java:onNext(254)) - client-7D96FB2A9EE9->2d9c32cf-d138-46ed-86fe-555b0f222d66: receive RaftClientReply:client-7D96FB2A9EE9->2d9c32cf-d138-46ed-86fe-555b0f222d66@group-F789D1FF0E52, cid=144, SUCCESS, logIndex=204, commits[2d9c32cf-d138-46ed-86fe-555b0f222d66:c206, 7d41c113-78b8-42e0-973f-a2985e127fce:c202, 845dac45-d65a-40db-aa8d-9123cdf470a5:c203]
2019-06-18 00:55:51,184 INFO  client.GrpcClientProtocolClient (GrpcClientProtocolClient.java:onNext(254)) - client-7D96FB2A9EE9->2d9c32cf-d138-46ed-86fe-555b0f222d66: receive RaftClientReply:client-7D96FB2A9EE9->2d9c32cf-d138-46ed-86fe-555b0f222d66@group-F789D1FF0E52, cid=145, SUCCESS, logIndex=207, commits[2d9c32cf-d138-46ed-86fe-555b0f222d66:c207, 7d41c113-78b8-42e0-973f-a2985e127fce:c203, 845dac45-d65a-40db-aa8d-9123cdf470a5:c206]
2019-06-18 00:55:51,186 INFO  client.GrpcClientProtocolClient (GrpcClientProtocolClient.java:onNext(254)) - client-7D96FB2A9EE9->2d9c32cf-d138-46ed-86fe-555b0f222d66: receive RaftClientReply:client-7D96FB2A9EE9->2d9c32cf-d138-46ed-86fe-555b0f222d66@group-F789D1FF0E52, cid=147, SUCCESS, logIndex=0, commits[2d9c32cf-d138-46ed-86fe-555b0f222d66:c207, 7d41c113-78b8-42e0-973f-a2985e127fce:c206, 845dac45-d65a-40db-aa8d-9123cdf470a5:c206]
2019-06-18 00:55:51,214 INFO  client.GrpcClientProtocolClient (GrpcClientProtocolClient.java:onNext(254)) - client-7D96FB2A9EE9->2d9c32cf-d138-46ed-86fe-555b0f222d66: receive RaftClientReply:client-7D96FB2A9EE9->2d9c32cf-d138-46ed-86fe-555b0f222d66@group-F789D1FF0E52, cid=146, SUCCESS, logIndex=209, commits[2d9c32cf-d138-46ed-86fe-555b0f222d66:c209, 7d41c113-78b8-42e0-973f-a2985e127fce:c206, 845dac45-d65a-40db-aa8d-9123cdf470a5:c207]
2019-06-18 00:55:51,217 INFO  client.GrpcClientProtocolClient (GrpcClientProtocolClient.java:onNext(254)) - client-7D96FB2A9EE9->2d9c32cf-d138-46ed-86fe-555b0f222d66: receive RaftClientReply:client-7D96FB2A9EE9->2d9c32cf-d138-46ed-86fe-555b0f222d66@group-F789D1FF0E52, cid=148, SUCCESS, logIndex=0, commits[2d9c32cf-d138-46ed-86fe-555b0f222d66:c210, 7d41c113-78b8-42e0-973f-a2985e127fce:c209, 845dac45-d65a-40db-aa8d-9123cdf470a5:c209]
2019-06-18 00:55:51,226 INFO  keyvalue.KeyValueHandler (ContainerUtils.java:logAndReturnError(146)) - Operation: CreateContainer : Trace ID: ee3209b912d4e0d0:bab52b7d54104797:58e02796a210e6ee:0 : Message: Container creation failed, due to disk out of space : Result: DISK_OUT_OF_SPACE
00:55:51.226 [pool-26-thread-50] ERROR DNAudit - user=null | ip=null | op=WRITE_CHUNK {blockData=conID: 3 locID: 102289857001554019 bcsId: 0} | ret=FAILURE
org.apache.hadoop.hdds.scm.container.common.helpers.StorageContainerException: ContainerID 3 creation failed
	at org.apache.hadoop.ozone.container.common.impl.HddsDispatcher.dispatchRequest(HddsDispatcher.java:227) ~[classes/:?]
	at org.apache.hadoop.ozone.container.common.impl.HddsDispatcher.dispatch(HddsDispatcher.java:148) ~[classes/:?]
	at org.apache.hadoop.ozone.container.common.transport.server.ratis.ContainerStateMachine.dispatchCommand(ContainerStateMachine.java:347) ~[classes/:?]
	at org.apache.hadoop.ozone.container.common.transport.server.ratis.ContainerStateMachine.runCommand(ContainerStateMachine.java:354) ~[classes/:?]
	at org.apache.hadoop.ozone.container.common.transport.server.ratis.ContainerStateMachine.lambda$handleWriteChunk$0(ContainerStateMachine.java:385) ~[classes/:?]
	at java.util.concurrent.CompletableFuture$AsyncSupply.run(CompletableFuture.java:1590) [?:1.8.0_212]
	at java.util.concurrent.ThreadPoolExecutor.runWorker(ThreadPoolExecutor.java:1149) [?:1.8.0_212]
	at java.util.concurrent.ThreadPoolExecutor$Worker.run(ThreadPoolExecutor.java:624) [?:1.8.0_212]
	at java.lang.Thread.run(Thread.java:748) [?:1.8.0_212]
2019-06-18 00:55:51,227 INFO  impl.HddsDispatcher (ContainerUtils.java:logAndReturnError(146)) - Operation: WriteChunk : Trace ID: ee3209b912d4e0d0:bab52b7d54104797:58e02796a210e6ee:0 : Message: ContainerID 3 creation failed : Result: DISK_OUT_OF_SPACE
2019-06-18 00:55:51,227 INFO  keyvalue.KeyValueHandler (ContainerUtils.java:logAndReturnError(146)) - Operation: CreateContainer : Trace ID: ee3209b912d4e0d0:bab52b7d54104797:58e02796a210e6ee:0 : Message: Container creation failed, due to disk out of space : Result: DISK_OUT_OF_SPACE
00:55:51.227 [pool-47-thread-56] ERROR DNAudit - user=null | ip=null | op=WRITE_CHUNK {blockData=conID: 3 locID: 102289857001554019 bcsId: 0} | ret=FAILURE
org.apache.hadoop.hdds.scm.container.common.helpers.StorageContainerException: ContainerID 3 creation failed
	at org.apache.hadoop.ozone.container.common.impl.HddsDispatcher.dispatchRequest(HddsDispatcher.java:227) ~[classes/:?]
	at org.apache.hadoop.ozone.container.common.impl.HddsDispatcher.dispatch(HddsDispatcher.java:148) ~[classes/:?]
	at org.apache.hadoop.ozone.container.common.transport.server.ratis.ContainerStateMachine.dispatchCommand(ContainerStateMachine.java:347) ~[classes/:?]
	at org.apache.hadoop.ozone.container.common.transport.server.ratis.ContainerStateMachine.runCommand(ContainerStateMachine.java:354) ~[classes/:?]
	at org.apache.hadoop.ozone.container.common.transport.server.ratis.ContainerStateMachine.lambda$handleWriteChunk$0(ContainerStateMachine.java:385) ~[classes/:?]
	at java.util.concurrent.CompletableFuture$AsyncSupply.run(CompletableFuture.java:1590) [?:1.8.0_212]
	at java.util.concurrent.ThreadPoolExecutor.runWorker(ThreadPoolExecutor.java:1149) [?:1.8.0_212]
	at java.util.concurrent.ThreadPoolExecutor$Worker.run(ThreadPoolExecutor.java:624) [?:1.8.0_212]
	at java.lang.Thread.run(Thread.java:748) [?:1.8.0_212]
2019-06-18 00:55:51,228 INFO  impl.HddsDispatcher (ContainerUtils.java:logAndReturnError(146)) - Operation: WriteChunk : Trace ID: ee3209b912d4e0d0:bab52b7d54104797:58e02796a210e6ee:0 : Message: ContainerID 3 creation failed : Result: DISK_OUT_OF_SPACE
2019-06-18 00:55:51,228 INFO  keyvalue.KeyValueHandler (ContainerUtils.java:logAndReturnError(146)) - Operation: CreateContainer : Trace ID: ee3209b912d4e0d0:bab52b7d54104797:58e02796a210e6ee:0 : Message: Container creation failed, due to disk out of space : Result: DISK_OUT_OF_SPACE
00:55:51.229 [pool-68-thread-56] ERROR DNAudit - user=null | ip=null | op=WRITE_CHUNK {blockData=conID: 3 locID: 102289857001554019 bcsId: 0} | ret=FAILURE
org.apache.hadoop.hdds.scm.container.common.helpers.StorageContainerException: ContainerID 3 creation failed
	at org.apache.hadoop.ozone.container.common.impl.HddsDispatcher.dispatchRequest(HddsDispatcher.java:227) ~[classes/:?]
	at org.apache.hadoop.ozone.container.common.impl.HddsDispatcher.dispatch(HddsDispatcher.java:148) ~[classes/:?]
	at org.apache.hadoop.ozone.container.common.transport.server.ratis.ContainerStateMachine.dispatchCommand(ContainerStateMachine.java:347) ~[classes/:?]
	at org.apache.hadoop.ozone.container.common.transport.server.ratis.ContainerStateMachine.runCommand(ContainerStateMachine.java:354) ~[classes/:?]
	at org.apache.hadoop.ozone.container.common.transport.server.ratis.ContainerStateMachine.lambda$handleWriteChunk$0(ContainerStateMachine.java:385) ~[classes/:?]
	at java.util.concurrent.CompletableFuture$AsyncSupply.run(CompletableFuture.java:1590) [?:1.8.0_212]
	at java.util.concurrent.ThreadPoolExecutor.runWorker(ThreadPoolExecutor.java:1149) [?:1.8.0_212]
	at java.util.concurrent.ThreadPoolExecutor$Worker.run(ThreadPoolExecutor.java:624) [?:1.8.0_212]
	at java.lang.Thread.run(Thread.java:748) [?:1.8.0_212]
2019-06-18 00:55:51,229 INFO  impl.HddsDispatcher (ContainerUtils.java:logAndReturnError(146)) - Operation: WriteChunk : Trace ID: ee3209b912d4e0d0:bab52b7d54104797:58e02796a210e6ee:0 : Message: ContainerID 3 creation failed : Result: DISK_OUT_OF_SPACE
00:55:51.231 [pool-30-thread-1] ERROR DNAudit - user=null | ip=null | op=WRITE_CHUNK {blockData=conID: 3 locID: 102289857001554019 bcsId: 0} | ret=FAILURE
org.apache.hadoop.hdds.scm.container.common.helpers.StorageContainerException: ContainerID 3 does not exist
	at org.apache.hadoop.ozone.container.common.impl.HddsDispatcher.dispatchRequest(HddsDispatcher.java:242) ~[classes/:?]
	at org.apache.hadoop.ozone.container.common.impl.HddsDispatcher.dispatch(HddsDispatcher.java:148) ~[classes/:?]
	at org.apache.hadoop.ozone.container.common.transport.server.ratis.ContainerStateMachine.dispatchCommand(ContainerStateMachine.java:347) ~[classes/:?]
	at org.apache.hadoop.ozone.container.common.transport.server.ratis.ContainerStateMachine.runCommand(ContainerStateMachine.java:354) ~[classes/:?]
	at org.apache.hadoop.ozone.container.common.transport.server.ratis.ContainerStateMachine.lambda$applyTransaction$5(ContainerStateMachine.java:621) ~[classes/:?]
	at java.util.concurrent.CompletableFuture$AsyncSupply.run(CompletableFuture.java:1590) [?:1.8.0_212]
	at java.util.concurrent.ThreadPoolExecutor.runWorker(ThreadPoolExecutor.java:1149) [?:1.8.0_212]
	at java.util.concurrent.ThreadPoolExecutor$Worker.run(ThreadPoolExecutor.java:624) [?:1.8.0_212]
	at java.lang.Thread.run(Thread.java:748) [?:1.8.0_212]
2019-06-18 00:55:51,231 INFO  impl.HddsDispatcher (ContainerUtils.java:logAndReturnError(146)) - Operation: WriteChunk : Trace ID: ee3209b912d4e0d0:bab52b7d54104797:58e02796a210e6ee:0 : Message: ContainerID 3 does not exist : Result: CONTAINER_NOT_FOUND
2019-06-18 00:55:51,235 INFO  client.GrpcClientProtocolClient (GrpcClientProtocolClient.java:onNext(254)) - client-7D96FB2A9EE9->2d9c32cf-d138-46ed-86fe-555b0f222d66: receive RaftClientReply:client-7D96FB2A9EE9->2d9c32cf-d138-46ed-86fe-555b0f222d66@group-F789D1FF0E52, cid=149, SUCCESS, logIndex=211, commits[2d9c32cf-d138-46ed-86fe-555b0f222d66:c211, 7d41c113-78b8-42e0-973f-a2985e127fce:c210, 845dac45-d65a-40db-aa8d-9123cdf470a5:c210]
00:55:51.242 [pool-72-thread-1] ERROR DNAudit - user=null | ip=null | op=WRITE_CHUNK {blockData=conID: 3 locID: 102289857001554019 bcsId: 0} | ret=FAILURE
org.apache.hadoop.hdds.scm.container.common.helpers.StorageContainerException: ContainerID 3 does not exist
	at org.apache.hadoop.ozone.container.common.impl.HddsDispatcher.dispatchRequest(HddsDispatcher.java:242) ~[classes/:?]
	at org.apache.hadoop.ozone.container.common.impl.HddsDispatcher.dispatch(HddsDispatcher.java:148) ~[classes/:?]
	at org.apache.hadoop.ozone.container.common.transport.server.ratis.ContainerStateMachine.dispatchCommand(ContainerStateMachine.java:347) ~[classes/:?]
	at org.apache.hadoop.ozone.container.common.transport.server.ratis.ContainerStateMachine.runCommand(ContainerStateMachine.java:354) ~[classes/:?]
	at org.apache.hadoop.ozone.container.common.transport.server.ratis.ContainerStateMachine.lambda$applyTransaction$5(ContainerStateMachine.java:621) ~[classes/:?]
	at java.util.concurrent.CompletableFuture$AsyncSupply.run(CompletableFuture.java:1590) [?:1.8.0_212]
	at java.util.concurrent.ThreadPoolExecutor.runWorker(ThreadPoolExecutor.java:1149) [?:1.8.0_212]
	at java.util.concurrent.ThreadPoolExecutor$Worker.run(ThreadPoolExecutor.java:624) [?:1.8.0_212]
	at java.lang.Thread.run(Thread.java:748) [?:1.8.0_212]
2019-06-18 00:55:51,242 INFO  impl.HddsDispatcher (ContainerUtils.java:logAndReturnError(146)) - Operation: WriteChunk : Trace ID: ee3209b912d4e0d0:bab52b7d54104797:58e02796a210e6ee:0 : Message: ContainerID 3 does not exist : Result: CONTAINER_NOT_FOUND
2019-06-18 00:55:51,243 ERROR storage.BlockOutputStream (BlockOutputStream.java:validateResponse(538)) - Unexpected Storage Container Exception: 
org.apache.hadoop.hdds.scm.container.common.helpers.StorageContainerException: ContainerID 3 does not exist
	at org.apache.hadoop.hdds.scm.storage.ContainerProtocolCalls.validateContainerResponse(ContainerProtocolCalls.java:536)
	at org.apache.hadoop.hdds.scm.storage.BlockOutputStream.validateResponse(BlockOutputStream.java:536)
	at org.apache.hadoop.hdds.scm.storage.BlockOutputStream.lambda$writeChunkToContainer$2(BlockOutputStream.java:614)
	at java.util.concurrent.CompletableFuture.uniApply(CompletableFuture.java:602)
	at java.util.concurrent.CompletableFuture$UniApply.tryFire(CompletableFuture.java:577)
	at java.util.concurrent.CompletableFuture$Completion.run(CompletableFuture.java:442)
	at java.util.concurrent.ThreadPoolExecutor.runWorker(ThreadPoolExecutor.java:1149)
	at java.util.concurrent.ThreadPoolExecutor$Worker.run(ThreadPoolExecutor.java:624)
	at java.lang.Thread.run(Thread.java:748)
00:55:51.243 [pool-30-thread-1] ERROR DNAudit - user=null | ip=null | op=PUT_BLOCK {blockData=[blockId=conID: 3 locID: 102289857001554019 bcsId: 0,size=10240]} | ret=FAILURE
org.apache.hadoop.hdds.scm.container.common.helpers.StorageContainerException: ContainerID 3 does not exist
	at org.apache.hadoop.ozone.container.common.impl.HddsDispatcher.dispatchRequest(HddsDispatcher.java:242) ~[classes/:?]
	at org.apache.hadoop.ozone.container.common.impl.HddsDispatcher.dispatch(HddsDispatcher.java:148) ~[classes/:?]
	at org.apache.hadoop.ozone.container.common.transport.server.ratis.ContainerStateMachine.dispatchCommand(ContainerStateMachine.java:347) ~[classes/:?]
	at org.apache.hadoop.ozone.container.common.transport.server.ratis.ContainerStateMachine.runCommand(ContainerStateMachine.java:354) ~[classes/:?]
	at org.apache.hadoop.ozone.container.common.transport.server.ratis.ContainerStateMachine.lambda$applyTransaction$5(ContainerStateMachine.java:621) ~[classes/:?]
	at java.util.concurrent.CompletableFuture$AsyncSupply.run(CompletableFuture.java:1590) [?:1.8.0_212]
	at java.util.concurrent.ThreadPoolExecutor.runWorker(ThreadPoolExecutor.java:1149) [?:1.8.0_212]
	at java.util.concurrent.ThreadPoolExecutor$Worker.run(ThreadPoolExecutor.java:624) [?:1.8.0_212]
	at java.lang.Thread.run(Thread.java:748) [?:1.8.0_212]
2019-06-18 00:55:51,243 INFO  impl.HddsDispatcher (ContainerUtils.java:logAndReturnError(146)) - Operation: PutBlock : Trace ID: ee3209b912d4e0d0:a963c6a1e31bf1db:58e02796a210e6ee:0 : Message: ContainerID 3 does not exist : Result: CONTAINER_NOT_FOUND
00:55:51.245 [pool-51-thread-1] ERROR DNAudit - user=null | ip=null | op=WRITE_CHUNK {blockData=conID: 3 locID: 102289857001554019 bcsId: 0} | ret=FAILURE
org.apache.hadoop.hdds.scm.container.common.helpers.StorageContainerException: ContainerID 3 does not exist
	at org.apache.hadoop.ozone.container.common.impl.HddsDispatcher.dispatchRequest(HddsDispatcher.java:242) ~[classes/:?]
	at org.apache.hadoop.ozone.container.common.impl.HddsDispatcher.dispatch(HddsDispatcher.java:148) ~[classes/:?]
	at org.apache.hadoop.ozone.container.common.transport.server.ratis.ContainerStateMachine.dispatchCommand(ContainerStateMachine.java:347) ~[classes/:?]
	at org.apache.hadoop.ozone.container.common.transport.server.ratis.ContainerStateMachine.runCommand(ContainerStateMachine.java:354) ~[classes/:?]
	at org.apache.hadoop.ozone.container.common.transport.server.ratis.ContainerStateMachine.lambda$applyTransaction$5(ContainerStateMachine.java:621) ~[classes/:?]
	at java.util.concurrent.CompletableFuture$AsyncSupply.run(CompletableFuture.java:1590) [?:1.8.0_212]
	at java.util.concurrent.ThreadPoolExecutor.runWorker(ThreadPoolExecutor.java:1149) [?:1.8.0_212]
	at java.util.concurrent.ThreadPoolExecutor$Worker.run(ThreadPoolExecutor.java:624) [?:1.8.0_212]
	at java.lang.Thread.run(Thread.java:748) [?:1.8.0_212]
2019-06-18 00:55:51,245 INFO  impl.HddsDispatcher (ContainerUtils.java:logAndReturnError(146)) - Operation: WriteChunk : Trace ID: ee3209b912d4e0d0:bab52b7d54104797:58e02796a210e6ee:0 : Message: ContainerID 3 does not exist : Result: CONTAINER_NOT_FOUND
00:55:51.252 [pool-72-thread-1] ERROR DNAudit - user=null | ip=null | op=PUT_BLOCK {blockData=[blockId=conID: 3 locID: 102289857001554019 bcsId: 0,size=10240]} | ret=FAILURE
org.apache.hadoop.hdds.scm.container.common.helpers.StorageContainerException: ContainerID 3 does not exist
	at org.apache.hadoop.ozone.container.common.impl.HddsDispatcher.dispatchRequest(HddsDispatcher.java:242) ~[classes/:?]
	at org.apache.hadoop.ozone.container.common.impl.HddsDispatcher.dispatch(HddsDispatcher.java:148) ~[classes/:?]
	at org.apache.hadoop.ozone.container.common.transport.server.ratis.ContainerStateMachine.dispatchCommand(ContainerStateMachine.java:347) ~[classes/:?]
	at org.apache.hadoop.ozone.container.common.transport.server.ratis.ContainerStateMachine.runCommand(ContainerStateMachine.java:354) ~[classes/:?]
	at org.apache.hadoop.ozone.container.common.transport.server.ratis.ContainerStateMachine.lambda$applyTransaction$5(ContainerStateMachine.java:621) ~[classes/:?]
	at java.util.concurrent.CompletableFuture$AsyncSupply.run(CompletableFuture.java:1590) [?:1.8.0_212]
	at java.util.concurrent.ThreadPoolExecutor.runWorker(ThreadPoolExecutor.java:1149) [?:1.8.0_212]
	at java.util.concurrent.ThreadPoolExecutor$Worker.run(ThreadPoolExecutor.java:624) [?:1.8.0_212]
	at java.lang.Thread.run(Thread.java:748) [?:1.8.0_212]
2019-06-18 00:55:51,253 INFO  impl.HddsDispatcher (ContainerUtils.java:logAndReturnError(146)) - Operation: PutBlock : Trace ID: ee3209b912d4e0d0:a963c6a1e31bf1db:58e02796a210e6ee:0 : Message: ContainerID 3 does not exist : Result: CONTAINER_NOT_FOUND
2019-06-18 00:55:51,263 INFO  client.GrpcClientProtocolClient (GrpcClientProtocolClient.java:onNext(254)) - client-7D96FB2A9EE9->2d9c32cf-d138-46ed-86fe-555b0f222d66: receive RaftClientReply:client-7D96FB2A9EE9->2d9c32cf-d138-46ed-86fe-555b0f222d66@group-F789D1FF0E52, cid=150, SUCCESS, logIndex=213, commits[2d9c32cf-d138-46ed-86fe-555b0f222d66:c213, 7d41c113-78b8-42e0-973f-a2985e127fce:c211, 845dac45-d65a-40db-aa8d-9123cdf470a5:c210]
00:55:51.264 [pool-51-thread-1] ERROR DNAudit - user=null | ip=null | op=PUT_BLOCK {blockData=[blockId=conID: 3 locID: 102289857001554019 bcsId: 0,size=10240]} | ret=FAILURE
org.apache.hadoop.hdds.scm.container.common.helpers.StorageContainerException: ContainerID 3 does not exist
	at org.apache.hadoop.ozone.container.common.impl.HddsDispatcher.dispatchRequest(HddsDispatcher.java:242) ~[classes/:?]
	at org.apache.hadoop.ozone.container.common.impl.HddsDispatcher.dispatch(HddsDispatcher.java:148) ~[classes/:?]
	at org.apache.hadoop.ozone.container.common.transport.server.ratis.ContainerStateMachine.dispatchCommand(ContainerStateMachine.java:347) ~[classes/:?]
	at org.apache.hadoop.ozone.container.common.transport.server.ratis.ContainerStateMachine.runCommand(ContainerStateMachine.java:354) ~[classes/:?]
	at org.apache.hadoop.ozone.container.common.transport.server.ratis.ContainerStateMachine.lambda$applyTransaction$5(ContainerStateMachine.java:621) ~[classes/:?]
	at java.util.concurrent.CompletableFuture$AsyncSupply.run(CompletableFuture.java:1590) [?:1.8.0_212]
	at java.util.concurrent.ThreadPoolExecutor.runWorker(ThreadPoolExecutor.java:1149) [?:1.8.0_212]
	at java.util.concurrent.ThreadPoolExecutor$Worker.run(ThreadPoolExecutor.java:624) [?:1.8.0_212]
	at java.lang.Thread.run(Thread.java:748) [?:1.8.0_212]
2019-06-18 00:55:51,264 INFO  impl.HddsDispatcher (ContainerUtils.java:logAndReturnError(146)) - Operation: PutBlock : Trace ID: ee3209b912d4e0d0:a963c6a1e31bf1db:58e02796a210e6ee:0 : Message: ContainerID 3 does not exist : Result: CONTAINER_NOT_FOUND
2019-06-18 00:55:51,270 ERROR freon.RandomKeyGenerator (RandomKeyGenerator.java:run(675)) - Exception while adding key: key-2-48174 in bucket: org.apache.hadoop.ozone.client.OzoneBucket@6e8673a9 of volume: org.apache.hadoop.ozone.client.OzoneVolume@4bda18b4.
java.io.IOException: Unexpected Storage Container Exception: org.apache.hadoop.hdds.scm.container.common.helpers.StorageContainerException: ContainerID 3 does not exist
	at org.apache.hadoop.hdds.scm.storage.BlockOutputStream.setIoException(BlockOutputStream.java:548)
	at org.apache.hadoop.hdds.scm.storage.BlockOutputStream.validateResponse(BlockOutputStream.java:539)
	at org.apache.hadoop.hdds.scm.storage.BlockOutputStream.lambda$writeChunkToContainer$2(BlockOutputStream.java:614)
	at java.util.concurrent.CompletableFuture.uniApply(CompletableFuture.java:602)
	at java.util.concurrent.CompletableFuture$UniApply.tryFire(CompletableFuture.java:577)
	at java.util.concurrent.CompletableFuture$Completion.run(CompletableFuture.java:442)
	at java.util.concurrent.ThreadPoolExecutor.runWorker(ThreadPoolExecutor.java:1149)
	at java.util.concurrent.ThreadPoolExecutor$Worker.run(ThreadPoolExecutor.java:624)
	at java.lang.Thread.run(Thread.java:748)
Caused by: org.apache.hadoop.hdds.scm.container.common.helpers.StorageContainerException: ContainerID 3 does not exist
	at org.apache.hadoop.hdds.scm.storage.ContainerProtocolCalls.validateContainerResponse(ContainerProtocolCalls.java:536)
	at org.apache.hadoop.hdds.scm.storage.BlockOutputStream.validateResponse(BlockOutputStream.java:536)
	... 7 more
2019-06-18 00:55:51,271 INFO  client.GrpcClientProtocolClient (GrpcClientProtocolClient.java:onNext(254)) - client-7D96FB2A9EE9->2d9c32cf-d138-46ed-86fe-555b0f222d66: receive RaftClientReply:client-7D96FB2A9EE9->2d9c32cf-d138-46ed-86fe-555b0f222d66@group-F789D1FF0E52, cid=151, SUCCESS, logIndex=214, commits[2d9c32cf-d138-46ed-86fe-555b0f222d66:c215, 7d41c113-78b8-42e0-973f-a2985e127fce:c211, 845dac45-d65a-40db-aa8d-9123cdf470a5:c211]
2019-06-18 00:55:51,275 INFO  client.GrpcClientProtocolClient (GrpcClientProtocolClient.java:onNext(254)) - client-7D96FB2A9EE9->2d9c32cf-d138-46ed-86fe-555b0f222d66: receive RaftClientReply:client-7D96FB2A9EE9->2d9c32cf-d138-46ed-86fe-555b0f222d66@group-F789D1FF0E52, cid=152, SUCCESS, logIndex=215, commits[2d9c32cf-d138-46ed-86fe-555b0f222d66:c215, 7d41c113-78b8-42e0-973f-a2985e127fce:c213, 845dac45-d65a-40db-aa8d-9123cdf470a5:c213]
2019-06-18 00:55:51,279 INFO  client.GrpcClientProtocolClient (GrpcClientProtocolClient.java:onNext(254)) - client-7D96FB2A9EE9->2d9c32cf-d138-46ed-86fe-555b0f222d66: receive RaftClientReply:client-7D96FB2A9EE9->2d9c32cf-d138-46ed-86fe-555b0f222d66@group-F789D1FF0E52, cid=153, SUCCESS, logIndex=0, commits[2d9c32cf-d138-46ed-86fe-555b0f222d66:c217, 7d41c113-78b8-42e0-973f-a2985e127fce:c215, 845dac45-d65a-40db-aa8d-9123cdf470a5:c215]
2019-06-18 00:55:51,283 INFO  client.GrpcClientProtocolClient (GrpcClientProtocolClient.java:onNext(254)) - client-7D96FB2A9EE9->2d9c32cf-d138-46ed-86fe-555b0f222d66: receive RaftClientReply:client-7D96FB2A9EE9->2d9c32cf-d138-46ed-86fe-555b0f222d66@group-F789D1FF0E52, cid=154, SUCCESS, logIndex=218, commits[2d9c32cf-d138-46ed-86fe-555b0f222d66:c218, 7d41c113-78b8-42e0-973f-a2985e127fce:c217, 845dac45-d65a-40db-aa8d-9123cdf470a5:c215]
2019-06-18 00:55:51,298 INFO  client.GrpcClientProtocolClient (GrpcClientProtocolClient.java:onNext(254)) - client-7D96FB2A9EE9->2d9c32cf-d138-46ed-86fe-555b0f222d66: receive RaftClientReply:client-7D96FB2A9EE9->2d9c32cf-d138-46ed-86fe-555b0f222d66@group-F789D1FF0E52, cid=155, SUCCESS, logIndex=220, commits[2d9c32cf-d138-46ed-86fe-555b0f222d66:c220, 7d41c113-78b8-42e0-973f-a2985e127fce:c218, 845dac45-d65a-40db-aa8d-9123cdf470a5:c218]
2019-06-18 00:55:51,299 INFO  keyvalue.KeyValueHandler (ContainerUtils.java:logAndReturnError(146)) - Operation: CreateContainer : Trace ID: 920237d5a7cb7c4b:6ad7bae14a328a87:de0682a0e0d6f833:0 : Message: Container creation failed, due to disk out of space : Result: DISK_OUT_OF_SPACE
00:55:51.299 [pool-26-thread-14] ERROR DNAudit - user=null | ip=null | op=WRITE_CHUNK {blockData=conID: 3 locID: 102289857005748329 bcsId: 0} | ret=FAILURE
org.apache.hadoop.hdds.scm.container.common.helpers.StorageContainerException: ContainerID 3 creation failed
	at org.apache.hadoop.ozone.container.common.impl.HddsDispatcher.dispatchRequest(HddsDispatcher.java:227) ~[classes/:?]
	at org.apache.hadoop.ozone.container.common.impl.HddsDispatcher.dispatch(HddsDispatcher.java:148) ~[classes/:?]
	at org.apache.hadoop.ozone.container.common.transport.server.ratis.ContainerStateMachine.dispatchCommand(ContainerStateMachine.java:347) ~[classes/:?]
	at org.apache.hadoop.ozone.container.common.transport.server.ratis.ContainerStateMachine.runCommand(ContainerStateMachine.java:354) ~[classes/:?]
	at org.apache.hadoop.ozone.container.common.transport.server.ratis.ContainerStateMachine.lambda$handleWriteChunk$0(ContainerStateMachine.java:385) ~[classes/:?]
	at java.util.concurrent.CompletableFuture$AsyncSupply.run(CompletableFuture.java:1590) [?:1.8.0_212]
	at java.util.concurrent.ThreadPoolExecutor.runWorker(ThreadPoolExecutor.java:1149) [?:1.8.0_212]
	at java.util.concurrent.ThreadPoolExecutor$Worker.run(ThreadPoolExecutor.java:624) [?:1.8.0_212]
	at java.lang.Thread.run(Thread.java:748) [?:1.8.0_212]
2019-06-18 00:55:51,299 INFO  impl.HddsDispatcher (ContainerUtils.java:logAndReturnError(146)) - Operation: WriteChunk : Trace ID: 920237d5a7cb7c4b:6ad7bae14a328a87:de0682a0e0d6f833:0 : Message: ContainerID 3 creation failed : Result: DISK_OUT_OF_SPACE
2019-06-18 00:55:51,302 INFO  keyvalue.KeyValueHandler (ContainerUtils.java:logAndReturnError(146)) - Operation: CreateContainer : Trace ID: 920237d5a7cb7c4b:6ad7bae14a328a87:de0682a0e0d6f833:0 : Message: Container creation failed, due to disk out of space : Result: DISK_OUT_OF_SPACE
00:55:51.302 [pool-68-thread-59] ERROR DNAudit - user=null | ip=null | op=WRITE_CHUNK {blockData=conID: 3 locID: 102289857005748329 bcsId: 0} | ret=FAILURE
org.apache.hadoop.hdds.scm.container.common.helpers.StorageContainerException: ContainerID 3 creation failed
	at org.apache.hadoop.ozone.container.common.impl.HddsDispatcher.dispatchRequest(HddsDispatcher.java:227) ~[classes/:?]
	at org.apache.hadoop.ozone.container.common.impl.HddsDispatcher.dispatch(HddsDispatcher.java:148) ~[classes/:?]
	at org.apache.hadoop.ozone.container.common.transport.server.ratis.ContainerStateMachine.dispatchCommand(ContainerStateMachine.java:347) ~[classes/:?]
	at org.apache.hadoop.ozone.container.common.transport.server.ratis.ContainerStateMachine.runCommand(ContainerStateMachine.java:354) ~[classes/:?]
	at org.apache.hadoop.ozone.container.common.transport.server.ratis.ContainerStateMachine.lambda$handleWriteChunk$0(ContainerStateMachine.java:385) ~[classes/:?]
	at java.util.concurrent.CompletableFuture$AsyncSupply.run(CompletableFuture.java:1590) [?:1.8.0_212]
	at java.util.concurrent.ThreadPoolExecutor.runWorker(ThreadPoolExecutor.java:1149) [?:1.8.0_212]
	at java.util.concurrent.ThreadPoolExecutor$Worker.run(ThreadPoolExecutor.java:624) [?:1.8.0_212]
	at java.lang.Thread.run(Thread.java:748) [?:1.8.0_212]
2019-06-18 00:55:51,302 INFO  impl.HddsDispatcher (ContainerUtils.java:logAndReturnError(146)) - Operation: WriteChunk : Trace ID: 920237d5a7cb7c4b:6ad7bae14a328a87:de0682a0e0d6f833:0 : Message: ContainerID 3 creation failed : Result: DISK_OUT_OF_SPACE
2019-06-18 00:55:51,303 INFO  keyvalue.KeyValueHandler (ContainerUtils.java:logAndReturnError(146)) - Operation: CreateContainer : Trace ID: 920237d5a7cb7c4b:6ad7bae14a328a87:de0682a0e0d6f833:0 : Message: Container creation failed, due to disk out of space : Result: DISK_OUT_OF_SPACE
00:55:51.303 [pool-47-thread-59] ERROR DNAudit - user=null | ip=null | op=WRITE_CHUNK {blockData=conID: 3 locID: 102289857005748329 bcsId: 0} | ret=FAILURE
org.apache.hadoop.hdds.scm.container.common.helpers.StorageContainerException: ContainerID 3 creation failed
	at org.apache.hadoop.ozone.container.common.impl.HddsDispatcher.dispatchRequest(HddsDispatcher.java:227) ~[classes/:?]
	at org.apache.hadoop.ozone.container.common.impl.HddsDispatcher.dispatch(HddsDispatcher.java:148) ~[classes/:?]
	at org.apache.hadoop.ozone.container.common.transport.server.ratis.ContainerStateMachine.dispatchCommand(ContainerStateMachine.java:347) ~[classes/:?]
	at org.apache.hadoop.ozone.container.common.transport.server.ratis.ContainerStateMachine.runCommand(ContainerStateMachine.java:354) ~[classes/:?]
	at org.apache.hadoop.ozone.container.common.transport.server.ratis.ContainerStateMachine.lambda$handleWriteChunk$0(ContainerStateMachine.java:385) ~[classes/:?]
	at java.util.concurrent.CompletableFuture$AsyncSupply.run(CompletableFuture.java:1590) [?:1.8.0_212]
	at java.util.concurrent.ThreadPoolExecutor.runWorker(ThreadPoolExecutor.java:1149) [?:1.8.0_212]
	at java.util.concurrent.ThreadPoolExecutor$Worker.run(ThreadPoolExecutor.java:624) [?:1.8.0_212]
	at java.lang.Thread.run(Thread.java:748) [?:1.8.0_212]
2019-06-18 00:55:51,304 INFO  impl.HddsDispatcher (ContainerUtils.java:logAndReturnError(146)) - Operation: WriteChunk : Trace ID: 920237d5a7cb7c4b:6ad7bae14a328a87:de0682a0e0d6f833:0 : Message: ContainerID 3 creation failed : Result: DISK_OUT_OF_SPACE
00:55:51.305 [pool-30-thread-1] ERROR DNAudit - user=null | ip=null | op=WRITE_CHUNK {blockData=conID: 3 locID: 102289857005748329 bcsId: 0} | ret=FAILURE
org.apache.hadoop.hdds.scm.container.common.helpers.StorageContainerException: ContainerID 3 does not exist
	at org.apache.hadoop.ozone.container.common.impl.HddsDispatcher.dispatchRequest(HddsDispatcher.java:242) ~[classes/:?]
	at org.apache.hadoop.ozone.container.common.impl.HddsDispatcher.dispatch(HddsDispatcher.java:148) ~[classes/:?]
	at org.apache.hadoop.ozone.container.common.transport.server.ratis.ContainerStateMachine.dispatchCommand(ContainerStateMachine.java:347) ~[classes/:?]
	at org.apache.hadoop.ozone.container.common.transport.server.ratis.ContainerStateMachine.runCommand(ContainerStateMachine.java:354) ~[classes/:?]
	at org.apache.hadoop.ozone.container.common.transport.server.ratis.ContainerStateMachine.lambda$applyTransaction$5(ContainerStateMachine.java:621) ~[classes/:?]
	at java.util.concurrent.CompletableFuture$AsyncSupply.run(CompletableFuture.java:1590) [?:1.8.0_212]
	at java.util.concurrent.ThreadPoolExecutor.runWorker(ThreadPoolExecutor.java:1149) [?:1.8.0_212]
	at java.util.concurrent.ThreadPoolExecutor$Worker.run(ThreadPoolExecutor.java:624) [?:1.8.0_212]
	at java.lang.Thread.run(Thread.java:748) [?:1.8.0_212]
2019-06-18 00:55:51,306 INFO  impl.HddsDispatcher (ContainerUtils.java:logAndReturnError(146)) - Operation: WriteChunk : Trace ID: 920237d5a7cb7c4b:6ad7bae14a328a87:de0682a0e0d6f833:0 : Message: ContainerID 3 does not exist : Result: CONTAINER_NOT_FOUND
2019-06-18 00:55:51,307 INFO  client.GrpcClientProtocolClient (GrpcClientProtocolClient.java:onNext(254)) - client-7D96FB2A9EE9->2d9c32cf-d138-46ed-86fe-555b0f222d66: receive RaftClientReply:client-7D96FB2A9EE9->2d9c32cf-d138-46ed-86fe-555b0f222d66@group-F789D1FF0E52, cid=158, SUCCESS, logIndex=0, commits[2d9c32cf-d138-46ed-86fe-555b0f222d66:c221, 7d41c113-78b8-42e0-973f-a2985e127fce:c220, 845dac45-d65a-40db-aa8d-9123cdf470a5:c220]
2019-06-18 00:55:51,323 INFO  client.GrpcClientProtocolClient (GrpcClientProtocolClient.java:onNext(254)) - client-7D96FB2A9EE9->2d9c32cf-d138-46ed-86fe-555b0f222d66: receive RaftClientReply:client-7D96FB2A9EE9->2d9c32cf-d138-46ed-86fe-555b0f222d66@group-F789D1FF0E52, cid=156, SUCCESS, logIndex=222, commits[2d9c32cf-d138-46ed-86fe-555b0f222d66:c222, 7d41c113-78b8-42e0-973f-a2985e127fce:c220, 845dac45-d65a-40db-aa8d-9123cdf470a5:c220]
00:55:51.323 [pool-72-thread-1] ERROR DNAudit - user=null | ip=null | op=WRITE_CHUNK {blockData=conID: 3 locID: 102289857005748329 bcsId: 0} | ret=FAILURE
org.apache.hadoop.hdds.scm.container.common.helpers.StorageContainerException: ContainerID 3 does not exist
	at org.apache.hadoop.ozone.container.common.impl.HddsDispatcher.dispatchRequest(HddsDispatcher.java:242) ~[classes/:?]
	at org.apache.hadoop.ozone.container.common.impl.HddsDispatcher.dispatch(HddsDispatcher.java:148) ~[classes/:?]
	at org.apache.hadoop.ozone.container.common.transport.server.ratis.ContainerStateMachine.dispatchCommand(ContainerStateMachine.java:347) ~[classes/:?]
	at org.apache.hadoop.ozone.container.common.transport.server.ratis.ContainerStateMachine.runCommand(ContainerStateMachine.java:354) ~[classes/:?]
	at org.apache.hadoop.ozone.container.common.transport.server.ratis.ContainerStateMachine.lambda$applyTransaction$5(ContainerStateMachine.java:621) ~[classes/:?]
	at java.util.concurrent.CompletableFuture$AsyncSupply.run(CompletableFuture.java:1590) [?:1.8.0_212]
	at java.util.concurrent.ThreadPoolExecutor.runWorker(ThreadPoolExecutor.java:1149) [?:1.8.0_212]
	at java.util.concurrent.ThreadPoolExecutor$Worker.run(ThreadPoolExecutor.java:624) [?:1.8.0_212]
	at java.lang.Thread.run(Thread.java:748) [?:1.8.0_212]
2019-06-18 00:55:51,324 INFO  impl.HddsDispatcher (ContainerUtils.java:logAndReturnError(146)) - Operation: WriteChunk : Trace ID: 920237d5a7cb7c4b:6ad7bae14a328a87:de0682a0e0d6f833:0 : Message: ContainerID 3 does not exist : Result: CONTAINER_NOT_FOUND
2019-06-18 00:55:51,326 ERROR storage.BlockOutputStream (BlockOutputStream.java:validateResponse(538)) - Unexpected Storage Container Exception: 
org.apache.hadoop.hdds.scm.container.common.helpers.StorageContainerException: ContainerID 3 does not exist
	at org.apache.hadoop.hdds.scm.storage.ContainerProtocolCalls.validateContainerResponse(ContainerProtocolCalls.java:536)
	at org.apache.hadoop.hdds.scm.storage.BlockOutputStream.validateResponse(BlockOutputStream.java:536)
	at org.apache.hadoop.hdds.scm.storage.BlockOutputStream.lambda$writeChunkToContainer$2(BlockOutputStream.java:614)
	at java.util.concurrent.CompletableFuture.uniApply(CompletableFuture.java:602)
	at java.util.concurrent.CompletableFuture$UniApply.tryFire(CompletableFuture.java:577)
	at java.util.concurrent.CompletableFuture$Completion.run(CompletableFuture.java:442)
	at java.util.concurrent.ThreadPoolExecutor.runWorker(ThreadPoolExecutor.java:1149)
	at java.util.concurrent.ThreadPoolExecutor$Worker.run(ThreadPoolExecutor.java:624)
	at java.lang.Thread.run(Thread.java:748)
00:55:51.327 [pool-51-thread-1] ERROR DNAudit - user=null | ip=null | op=WRITE_CHUNK {blockData=conID: 3 locID: 102289857005748329 bcsId: 0} | ret=FAILURE
org.apache.hadoop.hdds.scm.container.common.helpers.StorageContainerException: ContainerID 3 does not exist
	at org.apache.hadoop.ozone.container.common.impl.HddsDispatcher.dispatchRequest(HddsDispatcher.java:242) ~[classes/:?]
	at org.apache.hadoop.ozone.container.common.impl.HddsDispatcher.dispatch(HddsDispatcher.java:148) ~[classes/:?]
	at org.apache.hadoop.ozone.container.common.transport.server.ratis.ContainerStateMachine.dispatchCommand(ContainerStateMachine.java:347) ~[classes/:?]
	at org.apache.hadoop.ozone.container.common.transport.server.ratis.ContainerStateMachine.runCommand(ContainerStateMachine.java:354) ~[classes/:?]
	at org.apache.hadoop.ozone.container.common.transport.server.ratis.ContainerStateMachine.lambda$applyTransaction$5(ContainerStateMachine.java:621) ~[classes/:?]
	at java.util.concurrent.CompletableFuture$AsyncSupply.run(CompletableFuture.java:1590) [?:1.8.0_212]
	at java.util.concurrent.ThreadPoolExecutor.runWorker(ThreadPoolExecutor.java:1149) [?:1.8.0_212]
	at java.util.concurrent.ThreadPoolExecutor$Worker.run(ThreadPoolExecutor.java:624) [?:1.8.0_212]
	at java.lang.Thread.run(Thread.java:748) [?:1.8.0_212]
2019-06-18 00:55:51,327 INFO  impl.HddsDispatcher (ContainerUtils.java:logAndReturnError(146)) - Operation: WriteChunk : Trace ID: 920237d5a7cb7c4b:6ad7bae14a328a87:de0682a0e0d6f833:0 : Message: ContainerID 3 does not exist : Result: CONTAINER_NOT_FOUND
00:55:51.334 [pool-30-thread-1] ERROR DNAudit - user=null | ip=null | op=PUT_BLOCK {blockData=[blockId=conID: 3 locID: 102289857005748329 bcsId: 0,size=10240]} | ret=FAILURE
org.apache.hadoop.hdds.scm.container.common.helpers.StorageContainerException: ContainerID 3 does not exist
	at org.apache.hadoop.ozone.container.common.impl.HddsDispatcher.dispatchRequest(HddsDispatcher.java:242) ~[classes/:?]
	at org.apache.hadoop.ozone.container.common.impl.HddsDispatcher.dispatch(HddsDispatcher.java:148) ~[classes/:?]
	at org.apache.hadoop.ozone.container.common.transport.server.ratis.ContainerStateMachine.dispatchCommand(ContainerStateMachine.java:347) ~[classes/:?]
	at org.apache.hadoop.ozone.container.common.transport.server.ratis.ContainerStateMachine.runCommand(ContainerStateMachine.java:354) ~[classes/:?]
	at org.apache.hadoop.ozone.container.common.transport.server.ratis.ContainerStateMachine.lambda$applyTransaction$5(ContainerStateMachine.java:621) ~[classes/:?]
	at java.util.concurrent.CompletableFuture$AsyncSupply.run(CompletableFuture.java:1590) [?:1.8.0_212]
	at java.util.concurrent.ThreadPoolExecutor.runWorker(ThreadPoolExecutor.java:1149) [?:1.8.0_212]
	at java.util.concurrent.ThreadPoolExecutor$Worker.run(ThreadPoolExecutor.java:624) [?:1.8.0_212]
	at java.lang.Thread.run(Thread.java:748) [?:1.8.0_212]
2019-06-18 00:55:51,334 INFO  impl.HddsDispatcher (ContainerUtils.java:logAndReturnError(146)) - Operation: PutBlock : Trace ID: 920237d5a7cb7c4b:e705834223f44ecc:de0682a0e0d6f833:0 : Message: ContainerID 3 does not exist : Result: CONTAINER_NOT_FOUND
00:55:51.339 [pool-51-thread-1] ERROR DNAudit - user=null | ip=null | op=PUT_BLOCK {blockData=[blockId=conID: 3 locID: 102289857005748329 bcsId: 0,size=10240]} | ret=FAILURE
org.apache.hadoop.hdds.scm.container.common.helpers.StorageContainerException: ContainerID 3 does not exist
	at org.apache.hadoop.ozone.container.common.impl.HddsDispatcher.dispatchRequest(HddsDispatcher.java:242) ~[classes/:?]
	at org.apache.hadoop.ozone.container.common.impl.HddsDispatcher.dispatch(HddsDispatcher.java:148) ~[classes/:?]
	at org.apache.hadoop.ozone.container.common.transport.server.ratis.ContainerStateMachine.dispatchCommand(ContainerStateMachine.java:347) ~[classes/:?]
	at org.apache.hadoop.ozone.container.common.transport.server.ratis.ContainerStateMachine.runCommand(ContainerStateMachine.java:354) ~[classes/:?]
	at org.apache.hadoop.ozone.container.common.transport.server.ratis.ContainerStateMachine.lambda$applyTransaction$5(ContainerStateMachine.java:621) ~[classes/:?]
	at java.util.concurrent.CompletableFuture$AsyncSupply.run(CompletableFuture.java:1590) [?:1.8.0_212]
	at java.util.concurrent.ThreadPoolExecutor.runWorker(ThreadPoolExecutor.java:1149) [?:1.8.0_212]
	at java.util.concurrent.ThreadPoolExecutor$Worker.run(ThreadPoolExecutor.java:624) [?:1.8.0_212]
	at java.lang.Thread.run(Thread.java:748) [?:1.8.0_212]
2019-06-18 00:55:51,347 INFO  impl.HddsDispatcher (ContainerUtils.java:logAndReturnError(146)) - Operation: PutBlock : Trace ID: 920237d5a7cb7c4b:e705834223f44ecc:de0682a0e0d6f833:0 : Message: ContainerID 3 does not exist : Result: CONTAINER_NOT_FOUND
2019-06-18 00:55:51,348 INFO  client.GrpcClientProtocolClient (GrpcClientProtocolClient.java:onNext(254)) - client-7D96FB2A9EE9->2d9c32cf-d138-46ed-86fe-555b0f222d66: receive RaftClientReply:client-7D96FB2A9EE9->2d9c32cf-d138-46ed-86fe-555b0f222d66@group-F789D1FF0E52, cid=157, SUCCESS, logIndex=224, commits[2d9c32cf-d138-46ed-86fe-555b0f222d66:c224, 7d41c113-78b8-42e0-973f-a2985e127fce:c222, 845dac45-d65a-40db-aa8d-9123cdf470a5:c222]
00:55:51.348 [pool-72-thread-1] ERROR DNAudit - user=null | ip=null | op=PUT_BLOCK {blockData=[blockId=conID: 3 locID: 102289857005748329 bcsId: 0,size=10240]} | ret=FAILURE
org.apache.hadoop.hdds.scm.container.common.helpers.StorageContainerException: ContainerID 3 does not exist
	at org.apache.hadoop.ozone.container.common.impl.HddsDispatcher.dispatchRequest(HddsDispatcher.java:242) ~[classes/:?]
	at org.apache.hadoop.ozone.container.common.impl.HddsDispatcher.dispatch(HddsDispatcher.java:148) ~[classes/:?]
	at org.apache.hadoop.ozone.container.common.transport.server.ratis.ContainerStateMachine.dispatchCommand(ContainerStateMachine.java:347) ~[classes/:?]
	at org.apache.hadoop.ozone.container.common.transport.server.ratis.ContainerStateMachine.runCommand(ContainerStateMachine.java:354) ~[classes/:?]
	at org.apache.hadoop.ozone.container.common.transport.server.ratis.ContainerStateMachine.lambda$applyTransaction$5(ContainerStateMachine.java:621) ~[classes/:?]
	at java.util.concurrent.CompletableFuture$AsyncSupply.run(CompletableFuture.java:1590) [?:1.8.0_212]
	at java.util.concurrent.ThreadPoolExecutor.runWorker(ThreadPoolExecutor.java:1149) [?:1.8.0_212]
	at java.util.concurrent.ThreadPoolExecutor$Worker.run(ThreadPoolExecutor.java:624) [?:1.8.0_212]
	at java.lang.Thread.run(Thread.java:748) [?:1.8.0_212]
2019-06-18 00:55:51,349 INFO  impl.HddsDispatcher (ContainerUtils.java:logAndReturnError(146)) - Operation: PutBlock : Trace ID: 920237d5a7cb7c4b:e705834223f44ecc:de0682a0e0d6f833:0 : Message: ContainerID 3 does not exist : Result: CONTAINER_NOT_FOUND
2019-06-18 00:55:51,354 ERROR freon.RandomKeyGenerator (RandomKeyGenerator.java:run(675)) - Exception while adding key: key-2-20314 in bucket: org.apache.hadoop.ozone.client.OzoneBucket@250a6197 of volume: org.apache.hadoop.ozone.client.OzoneVolume@ddbf95a.
java.io.IOException: Unexpected Storage Container Exception: org.apache.hadoop.hdds.scm.container.common.helpers.StorageContainerException: ContainerID 3 does not exist
	at org.apache.hadoop.hdds.scm.storage.BlockOutputStream.setIoException(BlockOutputStream.java:548)
	at org.apache.hadoop.hdds.scm.storage.BlockOutputStream.validateResponse(BlockOutputStream.java:539)
	at org.apache.hadoop.hdds.scm.storage.BlockOutputStream.lambda$writeChunkToContainer$2(BlockOutputStream.java:614)
	at java.util.concurrent.CompletableFuture.uniApply(CompletableFuture.java:602)
	at java.util.concurrent.CompletableFuture$UniApply.tryFire(CompletableFuture.java:577)
	at java.util.concurrent.CompletableFuture$Completion.run(CompletableFuture.java:442)
	at java.util.concurrent.ThreadPoolExecutor.runWorker(ThreadPoolExecutor.java:1149)
	at java.util.concurrent.ThreadPoolExecutor$Worker.run(ThreadPoolExecutor.java:624)
	at java.lang.Thread.run(Thread.java:748)
Caused by: org.apache.hadoop.hdds.scm.container.common.helpers.StorageContainerException: ContainerID 3 does not exist
	at org.apache.hadoop.hdds.scm.storage.ContainerProtocolCalls.validateContainerResponse(ContainerProtocolCalls.java:536)
	at org.apache.hadoop.hdds.scm.storage.BlockOutputStream.validateResponse(BlockOutputStream.java:536)
	... 7 more
2019-06-18 00:55:51,358 INFO  client.GrpcClientProtocolClient (GrpcClientProtocolClient.java:onNext(254)) - client-7D96FB2A9EE9->2d9c32cf-d138-46ed-86fe-555b0f222d66: receive RaftClientReply:client-7D96FB2A9EE9->2d9c32cf-d138-46ed-86fe-555b0f222d66@group-F789D1FF0E52, cid=159, SUCCESS, logIndex=226, commits[2d9c32cf-d138-46ed-86fe-555b0f222d66:c227, 7d41c113-78b8-42e0-973f-a2985e127fce:c224, 845dac45-d65a-40db-aa8d-9123cdf470a5:c225]
2019-06-18 00:55:51,376 INFO  client.GrpcClientProtocolClient (GrpcClientProtocolClient.java:onNext(254)) - client-7D96FB2A9EE9->2d9c32cf-d138-46ed-86fe-555b0f222d66: receive RaftClientReply:client-7D96FB2A9EE9->2d9c32cf-d138-46ed-86fe-555b0f222d66@group-F789D1FF0E52, cid=160, SUCCESS, logIndex=227, commits[2d9c32cf-d138-46ed-86fe-555b0f222d66:c227, 7d41c113-78b8-42e0-973f-a2985e127fce:c224, 845dac45-d65a-40db-aa8d-9123cdf470a5:c225]
2019-06-18 00:55:51,391 INFO  client.GrpcClientProtocolClient (GrpcClientProtocolClient.java:onNext(254)) - client-7D96FB2A9EE9->2d9c32cf-d138-46ed-86fe-555b0f222d66: receive RaftClientReply:client-7D96FB2A9EE9->2d9c32cf-d138-46ed-86fe-555b0f222d66@group-F789D1FF0E52, cid=163, SUCCESS, logIndex=0, commits[2d9c32cf-d138-46ed-86fe-555b0f222d66:c228, 7d41c113-78b8-42e0-973f-a2985e127fce:c227, 845dac45-d65a-40db-aa8d-9123cdf470a5:c227]
2019-06-18 00:55:51,439 INFO  client.GrpcClientProtocolClient (GrpcClientProtocolClient.java:onNext(254)) - client-7D96FB2A9EE9->2d9c32cf-d138-46ed-86fe-555b0f222d66: receive RaftClientReply:client-7D96FB2A9EE9->2d9c32cf-d138-46ed-86fe-555b0f222d66@group-F789D1FF0E52, cid=161, SUCCESS, logIndex=230, commits[2d9c32cf-d138-46ed-86fe-555b0f222d66:c230, 7d41c113-78b8-42e0-973f-a2985e127fce:c228, 845dac45-d65a-40db-aa8d-9123cdf470a5:c227]
2019-06-18 00:55:51,440 INFO  client.GrpcClientProtocolClient (GrpcClientProtocolClient.java:onNext(254)) - client-7D96FB2A9EE9->2d9c32cf-d138-46ed-86fe-555b0f222d66: receive RaftClientReply:client-7D96FB2A9EE9->2d9c32cf-d138-46ed-86fe-555b0f222d66@group-F789D1FF0E52, cid=162, SUCCESS, logIndex=231, commits[2d9c32cf-d138-46ed-86fe-555b0f222d66:c232, 7d41c113-78b8-42e0-973f-a2985e127fce:c230, 845dac45-d65a-40db-aa8d-9123cdf470a5:c230]
2019-06-18 00:55:51,440 INFO  keyvalue.KeyValueHandler (ContainerUtils.java:logAndReturnError(146)) - Operation: CreateContainer : Trace ID: 61fce6f1a7024cc9:154b67258cf68454:c2b3ff0c53a7af60:0 : Message: Container creation failed, due to disk out of space : Result: DISK_OUT_OF_SPACE
00:55:51.440 [pool-26-thread-9] ERROR DNAudit - user=null | ip=null | op=WRITE_CHUNK {blockData=conID: 3 locID: 102289857014333551 bcsId: 0} | ret=FAILURE
org.apache.hadoop.hdds.scm.container.common.helpers.StorageContainerException: ContainerID 3 creation failed
	at org.apache.hadoop.ozone.container.common.impl.HddsDispatcher.dispatchRequest(HddsDispatcher.java:227) ~[classes/:?]
	at org.apache.hadoop.ozone.container.common.impl.HddsDispatcher.dispatch(HddsDispatcher.java:148) ~[classes/:?]
	at org.apache.hadoop.ozone.container.common.transport.server.ratis.ContainerStateMachine.dispatchCommand(ContainerStateMachine.java:347) ~[classes/:?]
	at org.apache.hadoop.ozone.container.common.transport.server.ratis.ContainerStateMachine.runCommand(ContainerStateMachine.java:354) ~[classes/:?]
	at org.apache.hadoop.ozone.container.common.transport.server.ratis.ContainerStateMachine.lambda$handleWriteChunk$0(ContainerStateMachine.java:385) ~[classes/:?]
	at java.util.concurrent.CompletableFuture$AsyncSupply.run(CompletableFuture.java:1590) [?:1.8.0_212]
	at java.util.concurrent.ThreadPoolExecutor.runWorker(ThreadPoolExecutor.java:1149) [?:1.8.0_212]
	at java.util.concurrent.ThreadPoolExecutor$Worker.run(ThreadPoolExecutor.java:624) [?:1.8.0_212]
	at java.lang.Thread.run(Thread.java:748) [?:1.8.0_212]
2019-06-18 00:55:51,440 INFO  impl.HddsDispatcher (ContainerUtils.java:logAndReturnError(146)) - Operation: WriteChunk : Trace ID: 61fce6f1a7024cc9:154b67258cf68454:c2b3ff0c53a7af60:0 : Message: ContainerID 3 creation failed : Result: DISK_OUT_OF_SPACE
2019-06-18 00:55:51,442 INFO  keyvalue.KeyValueHandler (ContainerUtils.java:logAndReturnError(146)) - Operation: CreateContainer : Trace ID: 61fce6f1a7024cc9:154b67258cf68454:c2b3ff0c53a7af60:0 : Message: Container creation failed, due to disk out of space : Result: DISK_OUT_OF_SPACE
2019-06-18 00:55:51,442 INFO  keyvalue.KeyValueHandler (ContainerUtils.java:logAndReturnError(146)) - Operation: CreateContainer : Trace ID: 61fce6f1a7024cc9:154b67258cf68454:c2b3ff0c53a7af60:0 : Message: Container creation failed, due to disk out of space : Result: DISK_OUT_OF_SPACE
00:55:51.442 [pool-68-thread-2] ERROR DNAudit - user=null | ip=null | op=WRITE_CHUNK {blockData=conID: 3 locID: 102289857014333551 bcsId: 0} | ret=FAILURE
org.apache.hadoop.hdds.scm.container.common.helpers.StorageContainerException: ContainerID 3 creation failed
	at org.apache.hadoop.ozone.container.common.impl.HddsDispatcher.dispatchRequest(HddsDispatcher.java:227) ~[classes/:?]
	at org.apache.hadoop.ozone.container.common.impl.HddsDispatcher.dispatch(HddsDispatcher.java:148) ~[classes/:?]
	at org.apache.hadoop.ozone.container.common.transport.server.ratis.ContainerStateMachine.dispatchCommand(ContainerStateMachine.java:347) ~[classes/:?]
	at org.apache.hadoop.ozone.container.common.transport.server.ratis.ContainerStateMachine.runCommand(ContainerStateMachine.java:354) ~[classes/:?]
	at org.apache.hadoop.ozone.container.common.transport.server.ratis.ContainerStateMachine.lambda$handleWriteChunk$0(ContainerStateMachine.java:385) ~[classes/:?]
	at java.util.concurrent.CompletableFuture$AsyncSupply.run(CompletableFuture.java:1590) [?:1.8.0_212]
	at java.util.concurrent.ThreadPoolExecutor.runWorker(ThreadPoolExecutor.java:1149) [?:1.8.0_212]
	at java.util.concurrent.ThreadPoolExecutor$Worker.run(ThreadPoolExecutor.java:624) [?:1.8.0_212]
	at java.lang.Thread.run(Thread.java:748) [?:1.8.0_212]
00:55:51.442 [pool-47-thread-2] ERROR DNAudit - user=null | ip=null | op=WRITE_CHUNK {blockData=conID: 3 locID: 102289857014333551 bcsId: 0} | ret=FAILURE
org.apache.hadoop.hdds.scm.container.common.helpers.StorageContainerException: ContainerID 3 creation failed
	at org.apache.hadoop.ozone.container.common.impl.HddsDispatcher.dispatchRequest(HddsDispatcher.java:227) ~[classes/:?]
	at org.apache.hadoop.ozone.container.common.impl.HddsDispatcher.dispatch(HddsDispatcher.java:148) ~[classes/:?]
	at org.apache.hadoop.ozone.container.common.transport.server.ratis.ContainerStateMachine.dispatchCommand(ContainerStateMachine.java:347) ~[classes/:?]
	at org.apache.hadoop.ozone.container.common.transport.server.ratis.ContainerStateMachine.runCommand(ContainerStateMachine.java:354) ~[classes/:?]
	at org.apache.hadoop.ozone.container.common.transport.server.ratis.ContainerStateMachine.lambda$handleWriteChunk$0(ContainerStateMachine.java:385) ~[classes/:?]
	at java.util.concurrent.CompletableFuture$AsyncSupply.run(CompletableFuture.java:1590) [?:1.8.0_212]
	at java.util.concurrent.ThreadPoolExecutor.runWorker(ThreadPoolExecutor.java:1149) [?:1.8.0_212]
	at java.util.concurrent.ThreadPoolExecutor$Worker.run(ThreadPoolExecutor.java:624) [?:1.8.0_212]
	at java.lang.Thread.run(Thread.java:748) [?:1.8.0_212]
2019-06-18 00:55:51,443 INFO  impl.HddsDispatcher (ContainerUtils.java:logAndReturnError(146)) - Operation: WriteChunk : Trace ID: 61fce6f1a7024cc9:154b67258cf68454:c2b3ff0c53a7af60:0 : Message: ContainerID 3 creation failed : Result: DISK_OUT_OF_SPACE
2019-06-18 00:55:51,443 INFO  impl.HddsDispatcher (ContainerUtils.java:logAndReturnError(146)) - Operation: WriteChunk : Trace ID: 61fce6f1a7024cc9:154b67258cf68454:c2b3ff0c53a7af60:0 : Message: ContainerID 3 creation failed : Result: DISK_OUT_OF_SPACE
00:55:51.444 [pool-30-thread-1] ERROR DNAudit - user=null | ip=null | op=WRITE_CHUNK {blockData=conID: 3 locID: 102289857014333551 bcsId: 0} | ret=FAILURE
org.apache.hadoop.hdds.scm.container.common.helpers.StorageContainerException: ContainerID 3 does not exist
	at org.apache.hadoop.ozone.container.common.impl.HddsDispatcher.dispatchRequest(HddsDispatcher.java:242) ~[classes/:?]
	at org.apache.hadoop.ozone.container.common.impl.HddsDispatcher.dispatch(HddsDispatcher.java:148) ~[classes/:?]
	at org.apache.hadoop.ozone.container.common.transport.server.ratis.ContainerStateMachine.dispatchCommand(ContainerStateMachine.java:347) ~[classes/:?]
	at org.apache.hadoop.ozone.container.common.transport.server.ratis.ContainerStateMachine.runCommand(ContainerStateMachine.java:354) ~[classes/:?]
	at org.apache.hadoop.ozone.container.common.transport.server.ratis.ContainerStateMachine.lambda$applyTransaction$5(ContainerStateMachine.java:621) ~[classes/:?]
	at java.util.concurrent.CompletableFuture$AsyncSupply.run(CompletableFuture.java:1590) [?:1.8.0_212]
	at java.util.concurrent.ThreadPoolExecutor.runWorker(ThreadPoolExecutor.java:1149) [?:1.8.0_212]
	at java.util.concurrent.ThreadPoolExecutor$Worker.run(ThreadPoolExecutor.java:624) [?:1.8.0_212]
	at java.lang.Thread.run(Thread.java:748) [?:1.8.0_212]
2019-06-18 00:55:51,444 INFO  impl.HddsDispatcher (ContainerUtils.java:logAndReturnError(146)) - Operation: WriteChunk : Trace ID: 61fce6f1a7024cc9:154b67258cf68454:c2b3ff0c53a7af60:0 : Message: ContainerID 3 does not exist : Result: CONTAINER_NOT_FOUND
2019-06-18 00:55:51,447 INFO  client.GrpcClientProtocolClient (GrpcClientProtocolClient.java:onNext(254)) - client-7D96FB2A9EE9->2d9c32cf-d138-46ed-86fe-555b0f222d66: receive RaftClientReply:client-7D96FB2A9EE9->2d9c32cf-d138-46ed-86fe-555b0f222d66@group-F789D1FF0E52, cid=166, SUCCESS, logIndex=0, commits[2d9c32cf-d138-46ed-86fe-555b0f222d66:c233, 7d41c113-78b8-42e0-973f-a2985e127fce:c232, 845dac45-d65a-40db-aa8d-9123cdf470a5:c232]
00:55:51.452 [pool-30-thread-1] ERROR DNAudit - user=null | ip=null | op=PUT_BLOCK {blockData=[blockId=conID: 3 locID: 102289857014333551 bcsId: 0,size=10240]} | ret=FAILURE
org.apache.hadoop.hdds.scm.container.common.helpers.StorageContainerException: ContainerID 3 does not exist
	at org.apache.hadoop.ozone.container.common.impl.HddsDispatcher.dispatchRequest(HddsDispatcher.java:242) ~[classes/:?]
	at org.apache.hadoop.ozone.container.common.impl.HddsDispatcher.dispatch(HddsDispatcher.java:148) ~[classes/:?]
	at org.apache.hadoop.ozone.container.common.transport.server.ratis.ContainerStateMachine.dispatchCommand(ContainerStateMachine.java:347) ~[classes/:?]
	at org.apache.hadoop.ozone.container.common.transport.server.ratis.ContainerStateMachine.runCommand(ContainerStateMachine.java:354) ~[classes/:?]
	at org.apache.hadoop.ozone.container.common.transport.server.ratis.ContainerStateMachine.lambda$applyTransaction$5(ContainerStateMachine.java:621) ~[classes/:?]
	at java.util.concurrent.CompletableFuture$AsyncSupply.run(CompletableFuture.java:1590) [?:1.8.0_212]
	at java.util.concurrent.ThreadPoolExecutor.runWorker(ThreadPoolExecutor.java:1149) [?:1.8.0_212]
	at java.util.concurrent.ThreadPoolExecutor$Worker.run(ThreadPoolExecutor.java:624) [?:1.8.0_212]
	at java.lang.Thread.run(Thread.java:748) [?:1.8.0_212]
2019-06-18 00:55:51,453 INFO  impl.HddsDispatcher (ContainerUtils.java:logAndReturnError(146)) - Operation: PutBlock : Trace ID: 61fce6f1a7024cc9:68a53facd8696620:c2b3ff0c53a7af60:0 : Message: ContainerID 3 does not exist : Result: CONTAINER_NOT_FOUND
2019-06-18 00:55:51,454 INFO  client.GrpcClientProtocolClient (GrpcClientProtocolClient.java:onNext(254)) - client-7D96FB2A9EE9->2d9c32cf-d138-46ed-86fe-555b0f222d66: receive RaftClientReply:client-7D96FB2A9EE9->2d9c32cf-d138-46ed-86fe-555b0f222d66@group-F789D1FF0E52, cid=164, SUCCESS, logIndex=233, commits[2d9c32cf-d138-46ed-86fe-555b0f222d66:c233, 7d41c113-78b8-42e0-973f-a2985e127fce:c232, 845dac45-d65a-40db-aa8d-9123cdf470a5:c230]
2019-06-18 00:55:51,460 INFO  client.GrpcClientProtocolClient (GrpcClientProtocolClient.java:onNext(254)) - client-7D96FB2A9EE9->2d9c32cf-d138-46ed-86fe-555b0f222d66: receive RaftClientReply:client-7D96FB2A9EE9->2d9c32cf-d138-46ed-86fe-555b0f222d66@group-F789D1FF0E52, cid=165, SUCCESS, logIndex=234, commits[2d9c32cf-d138-46ed-86fe-555b0f222d66:c234, 7d41c113-78b8-42e0-973f-a2985e127fce:c232, 845dac45-d65a-40db-aa8d-9123cdf470a5:c232]
2019-06-18 00:55:51,460 ERROR storage.BlockOutputStream (BlockOutputStream.java:validateResponse(538)) - Unexpected Storage Container Exception: 
org.apache.hadoop.hdds.scm.container.common.helpers.StorageContainerException: ContainerID 3 does not exist
	at org.apache.hadoop.hdds.scm.storage.ContainerProtocolCalls.validateContainerResponse(ContainerProtocolCalls.java:536)
	at org.apache.hadoop.hdds.scm.storage.BlockOutputStream.validateResponse(BlockOutputStream.java:536)
	at org.apache.hadoop.hdds.scm.storage.BlockOutputStream.lambda$writeChunkToContainer$2(BlockOutputStream.java:614)
	at java.util.concurrent.CompletableFuture.uniApply(CompletableFuture.java:602)
	at java.util.concurrent.CompletableFuture$UniApply.tryFire(CompletableFuture.java:577)
	at java.util.concurrent.CompletableFuture$Completion.run(CompletableFuture.java:442)
	at java.util.concurrent.ThreadPoolExecutor.runWorker(ThreadPoolExecutor.java:1149)
	at java.util.concurrent.ThreadPoolExecutor$Worker.run(ThreadPoolExecutor.java:624)
	at java.lang.Thread.run(Thread.java:748)
00:55:51.461 [pool-51-thread-1] ERROR DNAudit - user=null | ip=null | op=WRITE_CHUNK {blockData=conID: 3 locID: 102289857014333551 bcsId: 0} | ret=FAILURE
org.apache.hadoop.hdds.scm.container.common.helpers.StorageContainerException: ContainerID 3 does not exist
	at org.apache.hadoop.ozone.container.common.impl.HddsDispatcher.dispatchRequest(HddsDispatcher.java:242) ~[classes/:?]
	at org.apache.hadoop.ozone.container.common.impl.HddsDispatcher.dispatch(HddsDispatcher.java:148) ~[classes/:?]
	at org.apache.hadoop.ozone.container.common.transport.server.ratis.ContainerStateMachine.dispatchCommand(ContainerStateMachine.java:347) ~[classes/:?]
	at org.apache.hadoop.ozone.container.common.transport.server.ratis.ContainerStateMachine.runCommand(ContainerStateMachine.java:354) ~[classes/:?]
	at org.apache.hadoop.ozone.container.common.transport.server.ratis.ContainerStateMachine.lambda$applyTransaction$5(ContainerStateMachine.java:621) ~[classes/:?]
	at java.util.concurrent.CompletableFuture$AsyncSupply.run(CompletableFuture.java:1590) [?:1.8.0_212]
	at java.util.concurrent.ThreadPoolExecutor.runWorker(ThreadPoolExecutor.java:1149) [?:1.8.0_212]
	at java.util.concurrent.ThreadPoolExecutor$Worker.run(ThreadPoolExecutor.java:624) [?:1.8.0_212]
	at java.lang.Thread.run(Thread.java:748) [?:1.8.0_212]
2019-06-18 00:55:51,461 INFO  impl.HddsDispatcher (ContainerUtils.java:logAndReturnError(146)) - Operation: WriteChunk : Trace ID: 61fce6f1a7024cc9:154b67258cf68454:c2b3ff0c53a7af60:0 : Message: ContainerID 3 does not exist : Result: CONTAINER_NOT_FOUND
2019-06-18 00:55:51,467 ERROR freon.RandomKeyGenerator (RandomKeyGenerator.java:run(675)) - Exception while adding key: key-5-72505 in bucket: org.apache.hadoop.ozone.client.OzoneBucket@6e8673a9 of volume: org.apache.hadoop.ozone.client.OzoneVolume@4bda18b4.
java.io.IOException: Unexpected Storage Container Exception: org.apache.hadoop.hdds.scm.container.common.helpers.StorageContainerException: ContainerID 3 does not exist
	at org.apache.hadoop.hdds.scm.storage.BlockOutputStream.setIoException(BlockOutputStream.java:548)
	at org.apache.hadoop.hdds.scm.storage.BlockOutputStream.validateResponse(BlockOutputStream.java:539)
	at org.apache.hadoop.hdds.scm.storage.BlockOutputStream.lambda$writeChunkToContainer$2(BlockOutputStream.java:614)
	at java.util.concurrent.CompletableFuture.uniApply(CompletableFuture.java:602)
	at java.util.concurrent.CompletableFuture$UniApply.tryFire(CompletableFuture.java:577)
	at java.util.concurrent.CompletableFuture$Completion.run(CompletableFuture.java:442)
	at java.util.concurrent.ThreadPoolExecutor.runWorker(ThreadPoolExecutor.java:1149)
	at java.util.concurrent.ThreadPoolExecutor$Worker.run(ThreadPoolExecutor.java:624)
	at java.lang.Thread.run(Thread.java:748)
Caused by: org.apache.hadoop.hdds.scm.container.common.helpers.StorageContainerException: ContainerID 3 does not exist
	at org.apache.hadoop.hdds.scm.storage.ContainerProtocolCalls.validateContainerResponse(ContainerProtocolCalls.java:536)
	at org.apache.hadoop.hdds.scm.storage.BlockOutputStream.validateResponse(BlockOutputStream.java:536)
	... 7 more
00:55:51.464 [pool-72-thread-1] ERROR DNAudit - user=null | ip=null | op=WRITE_CHUNK {blockData=conID: 3 locID: 102289857014333551 bcsId: 0} | ret=FAILURE
org.apache.hadoop.hdds.scm.container.common.helpers.StorageContainerException: ContainerID 3 does not exist
	at org.apache.hadoop.ozone.container.common.impl.HddsDispatcher.dispatchRequest(HddsDispatcher.java:242) ~[classes/:?]
	at org.apache.hadoop.ozone.container.common.impl.HddsDispatcher.dispatch(HddsDispatcher.java:148) ~[classes/:?]
	at org.apache.hadoop.ozone.container.common.transport.server.ratis.ContainerStateMachine.dispatchCommand(ContainerStateMachine.java:347) ~[classes/:?]
	at org.apache.hadoop.ozone.container.common.transport.server.ratis.ContainerStateMachine.runCommand(ContainerStateMachine.java:354) ~[classes/:?]
	at org.apache.hadoop.ozone.container.common.transport.server.ratis.ContainerStateMachine.lambda$applyTransaction$5(ContainerStateMachine.java:621) ~[classes/:?]
	at java.util.concurrent.CompletableFuture$AsyncSupply.run(CompletableFuture.java:1590) [?:1.8.0_212]
	at java.util.concurrent.ThreadPoolExecutor.runWorker(ThreadPoolExecutor.java:1149) [?:1.8.0_212]
	at java.util.concurrent.ThreadPoolExecutor$Worker.run(ThreadPoolExecutor.java:624) [?:1.8.0_212]
	at java.lang.Thread.run(Thread.java:748) [?:1.8.0_212]
2019-06-18 00:55:51,469 INFO  impl.HddsDispatcher (ContainerUtils.java:logAndReturnError(146)) - Operation: WriteChunk : Trace ID: 61fce6f1a7024cc9:154b67258cf68454:c2b3ff0c53a7af60:0 : Message: ContainerID 3 does not exist : Result: CONTAINER_NOT_FOUND
00:55:51.471 [pool-51-thread-1] ERROR DNAudit - user=null | ip=null | op=PUT_BLOCK {blockData=[blockId=conID: 3 locID: 102289857014333551 bcsId: 0,size=10240]} | ret=FAILURE
org.apache.hadoop.hdds.scm.container.common.helpers.StorageContainerException: ContainerID 3 does not exist
	at org.apache.hadoop.ozone.container.common.impl.HddsDispatcher.dispatchRequest(HddsDispatcher.java:242) ~[classes/:?]
	at org.apache.hadoop.ozone.container.common.impl.HddsDispatcher.dispatch(HddsDispatcher.java:148) ~[classes/:?]
	at org.apache.hadoop.ozone.container.common.transport.server.ratis.ContainerStateMachine.dispatchCommand(ContainerStateMachine.java:347) ~[classes/:?]
	at org.apache.hadoop.ozone.container.common.transport.server.ratis.ContainerStateMachine.runCommand(ContainerStateMachine.java:354) ~[classes/:?]
	at org.apache.hadoop.ozone.container.common.transport.server.ratis.ContainerStateMachine.lambda$applyTransaction$5(ContainerStateMachine.java:621) ~[classes/:?]
	at java.util.concurrent.CompletableFuture$AsyncSupply.run(CompletableFuture.java:1590) [?:1.8.0_212]
	at java.util.concurrent.ThreadPoolExecutor.runWorker(ThreadPoolExecutor.java:1149) [?:1.8.0_212]
	at java.util.concurrent.ThreadPoolExecutor$Worker.run(ThreadPoolExecutor.java:624) [?:1.8.0_212]
	at java.lang.Thread.run(Thread.java:748) [?:1.8.0_212]
2019-06-18 00:55:51,471 INFO  impl.HddsDispatcher (ContainerUtils.java:logAndReturnError(146)) - Operation: PutBlock : Trace ID: 61fce6f1a7024cc9:68a53facd8696620:c2b3ff0c53a7af60:0 : Message: ContainerID 3 does not exist : Result: CONTAINER_NOT_FOUND
00:55:51.471 [pool-72-thread-1] ERROR DNAudit - user=null | ip=null | op=PUT_BLOCK {blockData=[blockId=conID: 3 locID: 102289857014333551 bcsId: 0,size=10240]} | ret=FAILURE
org.apache.hadoop.hdds.scm.container.common.helpers.StorageContainerException: ContainerID 3 does not exist
	at org.apache.hadoop.ozone.container.common.impl.HddsDispatcher.dispatchRequest(HddsDispatcher.java:242) ~[classes/:?]
	at org.apache.hadoop.ozone.container.common.impl.HddsDispatcher.dispatch(HddsDispatcher.java:148) ~[classes/:?]
	at org.apache.hadoop.ozone.container.common.transport.server.ratis.ContainerStateMachine.dispatchCommand(ContainerStateMachine.java:347) ~[classes/:?]
	at org.apache.hadoop.ozone.container.common.transport.server.ratis.ContainerStateMachine.runCommand(ContainerStateMachine.java:354) ~[classes/:?]
	at org.apache.hadoop.ozone.container.common.transport.server.ratis.ContainerStateMachine.lambda$applyTransaction$5(ContainerStateMachine.java:621) ~[classes/:?]
	at java.util.concurrent.CompletableFuture$AsyncSupply.run(CompletableFuture.java:1590) [?:1.8.0_212]
	at java.util.concurrent.ThreadPoolExecutor.runWorker(ThreadPoolExecutor.java:1149) [?:1.8.0_212]
	at java.util.concurrent.ThreadPoolExecutor$Worker.run(ThreadPoolExecutor.java:624) [?:1.8.0_212]
	at java.lang.Thread.run(Thread.java:748) [?:1.8.0_212]
2019-06-18 00:55:51,472 INFO  impl.HddsDispatcher (ContainerUtils.java:logAndReturnError(146)) - Operation: PutBlock : Trace ID: 61fce6f1a7024cc9:68a53facd8696620:c2b3ff0c53a7af60:0 : Message: ContainerID 3 does not exist : Result: CONTAINER_NOT_FOUND
2019-06-18 00:55:51,498 INFO  client.GrpcClientProtocolClient (GrpcClientProtocolClient.java:onNext(254)) - client-7D96FB2A9EE9->2d9c32cf-d138-46ed-86fe-555b0f222d66: receive RaftClientReply:client-7D96FB2A9EE9->2d9c32cf-d138-46ed-86fe-555b0f222d66@group-F789D1FF0E52, cid=167, SUCCESS, logIndex=237, commits[2d9c32cf-d138-46ed-86fe-555b0f222d66:c237, 7d41c113-78b8-42e0-973f-a2985e127fce:c234, 845dac45-d65a-40db-aa8d-9123cdf470a5:c236]
2019-06-18 00:55:51,517 INFO  client.GrpcClientProtocolClient (GrpcClientProtocolClient.java:onNext(254)) - client-7D96FB2A9EE9->2d9c32cf-d138-46ed-86fe-555b0f222d66: receive RaftClientReply:client-7D96FB2A9EE9->2d9c32cf-d138-46ed-86fe-555b0f222d66@group-F789D1FF0E52, cid=168, SUCCESS, logIndex=239, commits[2d9c32cf-d138-46ed-86fe-555b0f222d66:c239, 7d41c113-78b8-42e0-973f-a2985e127fce:c238, 845dac45-d65a-40db-aa8d-9123cdf470a5:c238]
2019-06-18 00:55:51,529 INFO  client.GrpcClientProtocolClient (GrpcClientProtocolClient.java:onNext(254)) - client-7D96FB2A9EE9->2d9c32cf-d138-46ed-86fe-555b0f222d66: receive RaftClientReply:client-7D96FB2A9EE9->2d9c32cf-d138-46ed-86fe-555b0f222d66@group-F789D1FF0E52, cid=169, SUCCESS, logIndex=240, commits[2d9c32cf-d138-46ed-86fe-555b0f222d66:c240, 7d41c113-78b8-42e0-973f-a2985e127fce:c238, 845dac45-d65a-40db-aa8d-9123cdf470a5:c238]
2019-06-18 00:55:51,531 INFO  client.GrpcClientProtocolClient (GrpcClientProtocolClient.java:onNext(254)) - client-7D96FB2A9EE9->2d9c32cf-d138-46ed-86fe-555b0f222d66: receive RaftClientReply:client-7D96FB2A9EE9->2d9c32cf-d138-46ed-86fe-555b0f222d66@group-F789D1FF0E52, cid=170, SUCCESS, logIndex=241, commits[2d9c32cf-d138-46ed-86fe-555b0f222d66:c242, 7d41c113-78b8-42e0-973f-a2985e127fce:c238, 845dac45-d65a-40db-aa8d-9123cdf470a5:c239]
2019-06-18 00:55:51,532 INFO  client.GrpcClientProtocolClient (GrpcClientProtocolClient.java:onNext(254)) - client-7D96FB2A9EE9->2d9c32cf-d138-46ed-86fe-555b0f222d66: receive RaftClientReply:client-7D96FB2A9EE9->2d9c32cf-d138-46ed-86fe-555b0f222d66@group-F789D1FF0E52, cid=171, SUCCESS, logIndex=0, commits[2d9c32cf-d138-46ed-86fe-555b0f222d66:c242, 7d41c113-78b8-42e0-973f-a2985e127fce:c239, 845dac45-d65a-40db-aa8d-9123cdf470a5:c239]
2019-06-18 00:55:51,553 INFO  keyvalue.KeyValueHandler (ContainerUtils.java:logAndReturnError(146)) - Operation: CreateContainer : Trace ID: df064679bb5e2865:9920f62b5b6af33b:bee43abf3a67af38:0 : Message: Container creation failed, due to disk out of space : Result: DISK_OUT_OF_SPACE
00:55:51.554 [pool-26-thread-18] ERROR DNAudit - user=null | ip=null | op=WRITE_CHUNK {blockData=conID: 3 locID: 102289857022918773 bcsId: 0} | ret=FAILURE
org.apache.hadoop.hdds.scm.container.common.helpers.StorageContainerException: ContainerID 3 creation failed
	at org.apache.hadoop.ozone.container.common.impl.HddsDispatcher.dispatchRequest(HddsDispatcher.java:227) ~[classes/:?]
	at org.apache.hadoop.ozone.container.common.impl.HddsDispatcher.dispatch(HddsDispatcher.java:148) ~[classes/:?]
	at org.apache.hadoop.ozone.container.common.transport.server.ratis.ContainerStateMachine.dispatchCommand(ContainerStateMachine.java:347) ~[classes/:?]
	at org.apache.hadoop.ozone.container.common.transport.server.ratis.ContainerStateMachine.runCommand(ContainerStateMachine.java:354) ~[classes/:?]
	at org.apache.hadoop.ozone.container.common.transport.server.ratis.ContainerStateMachine.lambda$handleWriteChunk$0(ContainerStateMachine.java:385) ~[classes/:?]
	at java.util.concurrent.CompletableFuture$AsyncSupply.run(CompletableFuture.java:1590) [?:1.8.0_212]
	at java.util.concurrent.ThreadPoolExecutor.runWorker(ThreadPoolExecutor.java:1149) [?:1.8.0_212]
	at java.util.concurrent.ThreadPoolExecutor$Worker.run(ThreadPoolExecutor.java:624) [?:1.8.0_212]
	at java.lang.Thread.run(Thread.java:748) [?:1.8.0_212]
2019-06-18 00:55:51,554 INFO  impl.HddsDispatcher (ContainerUtils.java:logAndReturnError(146)) - Operation: WriteChunk : Trace ID: df064679bb5e2865:9920f62b5b6af33b:bee43abf3a67af38:0 : Message: ContainerID 3 creation failed : Result: DISK_OUT_OF_SPACE
2019-06-18 00:55:51,555 INFO  keyvalue.KeyValueHandler (ContainerUtils.java:logAndReturnError(146)) - Operation: CreateContainer : Trace ID: df064679bb5e2865:9920f62b5b6af33b:bee43abf3a67af38:0 : Message: Container creation failed, due to disk out of space : Result: DISK_OUT_OF_SPACE
00:55:51.555 [pool-47-thread-5] ERROR DNAudit - user=null | ip=null | op=WRITE_CHUNK {blockData=conID: 3 locID: 102289857022918773 bcsId: 0} | ret=FAILURE
org.apache.hadoop.hdds.scm.container.common.helpers.StorageContainerException: ContainerID 3 creation failed
	at org.apache.hadoop.ozone.container.common.impl.HddsDispatcher.dispatchRequest(HddsDispatcher.java:227) ~[classes/:?]
	at org.apache.hadoop.ozone.container.common.impl.HddsDispatcher.dispatch(HddsDispatcher.java:148) ~[classes/:?]
	at org.apache.hadoop.ozone.container.common.transport.server.ratis.ContainerStateMachine.dispatchCommand(ContainerStateMachine.java:347) ~[classes/:?]
	at org.apache.hadoop.ozone.container.common.transport.server.ratis.ContainerStateMachine.runCommand(ContainerStateMachine.java:354) ~[classes/:?]
	at org.apache.hadoop.ozone.container.common.transport.server.ratis.ContainerStateMachine.lambda$handleWriteChunk$0(ContainerStateMachine.java:385) ~[classes/:?]
	at java.util.concurrent.CompletableFuture$AsyncSupply.run(CompletableFuture.java:1590) [?:1.8.0_212]
	at java.util.concurrent.ThreadPoolExecutor.runWorker(ThreadPoolExecutor.java:1149) [?:1.8.0_212]
	at java.util.concurrent.ThreadPoolExecutor$Worker.run(ThreadPoolExecutor.java:624) [?:1.8.0_212]
	at java.lang.Thread.run(Thread.java:748) [?:1.8.0_212]
2019-06-18 00:55:51,555 INFO  keyvalue.KeyValueHandler (ContainerUtils.java:logAndReturnError(146)) - Operation: CreateContainer : Trace ID: df064679bb5e2865:9920f62b5b6af33b:bee43abf3a67af38:0 : Message: Container creation failed, due to disk out of space : Result: DISK_OUT_OF_SPACE
2019-06-18 00:55:51,555 INFO  impl.HddsDispatcher (ContainerUtils.java:logAndReturnError(146)) - Operation: WriteChunk : Trace ID: df064679bb5e2865:9920f62b5b6af33b:bee43abf3a67af38:0 : Message: ContainerID 3 creation failed : Result: DISK_OUT_OF_SPACE
00:55:51.556 [pool-68-thread-5] ERROR DNAudit - user=null | ip=null | op=WRITE_CHUNK {blockData=conID: 3 locID: 102289857022918773 bcsId: 0} | ret=FAILURE
org.apache.hadoop.hdds.scm.container.common.helpers.StorageContainerException: ContainerID 3 creation failed
	at org.apache.hadoop.ozone.container.common.impl.HddsDispatcher.dispatchRequest(HddsDispatcher.java:227) ~[classes/:?]
	at org.apache.hadoop.ozone.container.common.impl.HddsDispatcher.dispatch(HddsDispatcher.java:148) ~[classes/:?]
	at org.apache.hadoop.ozone.container.common.transport.server.ratis.ContainerStateMachine.dispatchCommand(ContainerStateMachine.java:347) ~[classes/:?]
	at org.apache.hadoop.ozone.container.common.transport.server.ratis.ContainerStateMachine.runCommand(ContainerStateMachine.java:354) ~[classes/:?]
	at org.apache.hadoop.ozone.container.common.transport.server.ratis.ContainerStateMachine.lambda$handleWriteChunk$0(ContainerStateMachine.java:385) ~[classes/:?]
	at java.util.concurrent.CompletableFuture$AsyncSupply.run(CompletableFuture.java:1590) [?:1.8.0_212]
	at java.util.concurrent.ThreadPoolExecutor.runWorker(ThreadPoolExecutor.java:1149) [?:1.8.0_212]
	at java.util.concurrent.ThreadPoolExecutor$Worker.run(ThreadPoolExecutor.java:624) [?:1.8.0_212]
	at java.lang.Thread.run(Thread.java:748) [?:1.8.0_212]
2019-06-18 00:55:51,556 INFO  impl.HddsDispatcher (ContainerUtils.java:logAndReturnError(146)) - Operation: WriteChunk : Trace ID: df064679bb5e2865:9920f62b5b6af33b:bee43abf3a67af38:0 : Message: ContainerID 3 creation failed : Result: DISK_OUT_OF_SPACE
00:55:51.582 [pool-30-thread-1] ERROR DNAudit - user=null | ip=null | op=WRITE_CHUNK {blockData=conID: 3 locID: 102289857022918773 bcsId: 0} | ret=FAILURE
org.apache.hadoop.hdds.scm.container.common.helpers.StorageContainerException: ContainerID 3 does not exist
	at org.apache.hadoop.ozone.container.common.impl.HddsDispatcher.dispatchRequest(HddsDispatcher.java:242) ~[classes/:?]
	at org.apache.hadoop.ozone.container.common.impl.HddsDispatcher.dispatch(HddsDispatcher.java:148) ~[classes/:?]
	at org.apache.hadoop.ozone.container.common.transport.server.ratis.ContainerStateMachine.dispatchCommand(ContainerStateMachine.java:347) ~[classes/:?]
	at org.apache.hadoop.ozone.container.common.transport.server.ratis.ContainerStateMachine.runCommand(ContainerStateMachine.java:354) ~[classes/:?]
	at org.apache.hadoop.ozone.container.common.transport.server.ratis.ContainerStateMachine.lambda$applyTransaction$5(ContainerStateMachine.java:621) ~[classes/:?]
	at java.util.concurrent.CompletableFuture$AsyncSupply.run(CompletableFuture.java:1590) [?:1.8.0_212]
	at java.util.concurrent.ThreadPoolExecutor.runWorker(ThreadPoolExecutor.java:1149) [?:1.8.0_212]
	at java.util.concurrent.ThreadPoolExecutor$Worker.run(ThreadPoolExecutor.java:624) [?:1.8.0_212]
	at java.lang.Thread.run(Thread.java:748) [?:1.8.0_212]
2019-06-18 00:55:51,583 INFO  impl.HddsDispatcher (ContainerUtils.java:logAndReturnError(146)) - Operation: WriteChunk : Trace ID: df064679bb5e2865:9920f62b5b6af33b:bee43abf3a67af38:0 : Message: ContainerID 3 does not exist : Result: CONTAINER_NOT_FOUND
2019-06-18 00:55:51,583 INFO  client.GrpcClientProtocolClient (GrpcClientProtocolClient.java:onNext(254)) - client-7D96FB2A9EE9->2d9c32cf-d138-46ed-86fe-555b0f222d66: receive RaftClientReply:client-7D96FB2A9EE9->2d9c32cf-d138-46ed-86fe-555b0f222d66@group-F789D1FF0E52, cid=172, SUCCESS, logIndex=0, commits[2d9c32cf-d138-46ed-86fe-555b0f222d66:c243, 7d41c113-78b8-42e0-973f-a2985e127fce:c243, 845dac45-d65a-40db-aa8d-9123cdf470a5:c243]
2019-06-18 00:55:51,585 INFO  client.GrpcClientProtocolClient (GrpcClientProtocolClient.java:onNext(254)) - client-7D96FB2A9EE9->2d9c32cf-d138-46ed-86fe-555b0f222d66: receive RaftClientReply:client-7D96FB2A9EE9->2d9c32cf-d138-46ed-86fe-555b0f222d66@group-F789D1FF0E52, cid=173, SUCCESS, logIndex=244, commits[2d9c32cf-d138-46ed-86fe-555b0f222d66:c244, 7d41c113-78b8-42e0-973f-a2985e127fce:c243, 845dac45-d65a-40db-aa8d-9123cdf470a5:c243]
00:55:51.585 [pool-72-thread-1] ERROR DNAudit - user=null | ip=null | op=WRITE_CHUNK {blockData=conID: 3 locID: 102289857022918773 bcsId: 0} | ret=FAILURE
org.apache.hadoop.hdds.scm.container.common.helpers.StorageContainerException: ContainerID 3 does not exist
	at org.apache.hadoop.ozone.container.common.impl.HddsDispatcher.dispatchRequest(HddsDispatcher.java:242) ~[classes/:?]
	at org.apache.hadoop.ozone.container.common.impl.HddsDispatcher.dispatch(HddsDispatcher.java:148) ~[classes/:?]
	at org.apache.hadoop.ozone.container.common.transport.server.ratis.ContainerStateMachine.dispatchCommand(ContainerStateMachine.java:347) ~[classes/:?]
	at org.apache.hadoop.ozone.container.common.transport.server.ratis.ContainerStateMachine.runCommand(ContainerStateMachine.java:354) ~[classes/:?]
	at org.apache.hadoop.ozone.container.common.transport.server.ratis.ContainerStateMachine.lambda$applyTransaction$5(ContainerStateMachine.java:621) ~[classes/:?]
	at java.util.concurrent.CompletableFuture$AsyncSupply.run(CompletableFuture.java:1590) [?:1.8.0_212]
	at java.util.concurrent.ThreadPoolExecutor.runWorker(ThreadPoolExecutor.java:1149) [?:1.8.0_212]
	at java.util.concurrent.ThreadPoolExecutor$Worker.run(ThreadPoolExecutor.java:624) [?:1.8.0_212]
	at java.lang.Thread.run(Thread.java:748) [?:1.8.0_212]
2019-06-18 00:55:51,585 ERROR storage.BlockOutputStream (BlockOutputStream.java:validateResponse(538)) - Unexpected Storage Container Exception: 
org.apache.hadoop.hdds.scm.container.common.helpers.StorageContainerException: ContainerID 3 does not exist
	at org.apache.hadoop.hdds.scm.storage.ContainerProtocolCalls.validateContainerResponse(ContainerProtocolCalls.java:536)
	at org.apache.hadoop.hdds.scm.storage.BlockOutputStream.validateResponse(BlockOutputStream.java:536)
	at org.apache.hadoop.hdds.scm.storage.BlockOutputStream.lambda$writeChunkToContainer$2(BlockOutputStream.java:614)
	at java.util.concurrent.CompletableFuture.uniApply(CompletableFuture.java:602)
	at java.util.concurrent.CompletableFuture$UniApply.tryFire(CompletableFuture.java:577)
	at java.util.concurrent.CompletableFuture$Completion.run(CompletableFuture.java:442)
	at java.util.concurrent.ThreadPoolExecutor.runWorker(ThreadPoolExecutor.java:1149)
	at java.util.concurrent.ThreadPoolExecutor$Worker.run(ThreadPoolExecutor.java:624)
	at java.lang.Thread.run(Thread.java:748)
00:55:51.591 [pool-51-thread-1] ERROR DNAudit - user=null | ip=null | op=WRITE_CHUNK {blockData=conID: 3 locID: 102289857022918773 bcsId: 0} | ret=FAILURE
org.apache.hadoop.hdds.scm.container.common.helpers.StorageContainerException: ContainerID 3 does not exist
	at org.apache.hadoop.ozone.container.common.impl.HddsDispatcher.dispatchRequest(HddsDispatcher.java:242) ~[classes/:?]
	at org.apache.hadoop.ozone.container.common.impl.HddsDispatcher.dispatch(HddsDispatcher.java:148) ~[classes/:?]
	at org.apache.hadoop.ozone.container.common.transport.server.ratis.ContainerStateMachine.dispatchCommand(ContainerStateMachine.java:347) ~[classes/:?]
	at org.apache.hadoop.ozone.container.common.transport.server.ratis.ContainerStateMachine.runCommand(ContainerStateMachine.java:354) ~[classes/:?]
	at org.apache.hadoop.ozone.container.common.transport.server.ratis.ContainerStateMachine.lambda$applyTransaction$5(ContainerStateMachine.java:621) ~[classes/:?]
	at java.util.concurrent.CompletableFuture$AsyncSupply.run(CompletableFuture.java:1590) [?:1.8.0_212]
	at java.util.concurrent.ThreadPoolExecutor.runWorker(ThreadPoolExecutor.java:1149) [?:1.8.0_212]
	at java.util.concurrent.ThreadPoolExecutor$Worker.run(ThreadPoolExecutor.java:624) [?:1.8.0_212]
	at java.lang.Thread.run(Thread.java:748) [?:1.8.0_212]
2019-06-18 00:55:51,591 INFO  impl.HddsDispatcher (ContainerUtils.java:logAndReturnError(146)) - Operation: WriteChunk : Trace ID: df064679bb5e2865:9920f62b5b6af33b:bee43abf3a67af38:0 : Message: ContainerID 3 does not exist : Result: CONTAINER_NOT_FOUND
2019-06-18 00:55:51,591 INFO  impl.HddsDispatcher (ContainerUtils.java:logAndReturnError(146)) - Operation: WriteChunk : Trace ID: df064679bb5e2865:9920f62b5b6af33b:bee43abf3a67af38:0 : Message: ContainerID 3 does not exist : Result: CONTAINER_NOT_FOUND
00:55:51.598 [pool-30-thread-1] ERROR DNAudit - user=null | ip=null | op=PUT_BLOCK {blockData=[blockId=conID: 3 locID: 102289857022918773 bcsId: 0,size=10240]} | ret=FAILURE
org.apache.hadoop.hdds.scm.container.common.helpers.StorageContainerException: ContainerID 3 does not exist
	at org.apache.hadoop.ozone.container.common.impl.HddsDispatcher.dispatchRequest(HddsDispatcher.java:242) ~[classes/:?]
	at org.apache.hadoop.ozone.container.common.impl.HddsDispatcher.dispatch(HddsDispatcher.java:148) ~[classes/:?]
	at org.apache.hadoop.ozone.container.common.transport.server.ratis.ContainerStateMachine.dispatchCommand(ContainerStateMachine.java:347) ~[classes/:?]
	at org.apache.hadoop.ozone.container.common.transport.server.ratis.ContainerStateMachine.runCommand(ContainerStateMachine.java:354) ~[classes/:?]
	at org.apache.hadoop.ozone.container.common.transport.server.ratis.ContainerStateMachine.lambda$applyTransaction$5(ContainerStateMachine.java:621) ~[classes/:?]
	at java.util.concurrent.CompletableFuture$AsyncSupply.run(CompletableFuture.java:1590) [?:1.8.0_212]
	at java.util.concurrent.ThreadPoolExecutor.runWorker(ThreadPoolExecutor.java:1149) [?:1.8.0_212]
	at java.util.concurrent.ThreadPoolExecutor$Worker.run(ThreadPoolExecutor.java:624) [?:1.8.0_212]
	at java.lang.Thread.run(Thread.java:748) [?:1.8.0_212]
2019-06-18 00:55:51,598 INFO  impl.HddsDispatcher (ContainerUtils.java:logAndReturnError(146)) - Operation: PutBlock : Trace ID: df064679bb5e2865:ce604b2ee5ee20a5:bee43abf3a67af38:0 : Message: ContainerID 3 does not exist : Result: CONTAINER_NOT_FOUND
2019-06-18 00:55:51,601 INFO  client.GrpcClientProtocolClient (GrpcClientProtocolClient.java:onNext(254)) - client-7D96FB2A9EE9->2d9c32cf-d138-46ed-86fe-555b0f222d66: receive RaftClientReply:client-7D96FB2A9EE9->2d9c32cf-d138-46ed-86fe-555b0f222d66@group-F789D1FF0E52, cid=174, SUCCESS, logIndex=246, commits[2d9c32cf-d138-46ed-86fe-555b0f222d66:c246, 7d41c113-78b8-42e0-973f-a2985e127fce:c244, 845dac45-d65a-40db-aa8d-9123cdf470a5:c245]
00:55:51.618 [pool-72-thread-1] ERROR DNAudit - user=null | ip=null | op=PUT_BLOCK {blockData=[blockId=conID: 3 locID: 102289857022918773 bcsId: 0,size=10240]} | ret=FAILURE
org.apache.hadoop.hdds.scm.container.common.helpers.StorageContainerException: ContainerID 3 does not exist
	at org.apache.hadoop.ozone.container.common.impl.HddsDispatcher.dispatchRequest(HddsDispatcher.java:242) ~[classes/:?]
	at org.apache.hadoop.ozone.container.common.impl.HddsDispatcher.dispatch(HddsDispatcher.java:148) ~[classes/:?]
	at org.apache.hadoop.ozone.container.common.transport.server.ratis.ContainerStateMachine.dispatchCommand(ContainerStateMachine.java:347) ~[classes/:?]
	at org.apache.hadoop.ozone.container.common.transport.server.ratis.ContainerStateMachine.runCommand(ContainerStateMachine.java:354) ~[classes/:?]
	at org.apache.hadoop.ozone.container.common.transport.server.ratis.ContainerStateMachine.lambda$applyTransaction$5(ContainerStateMachine.java:621) ~[classes/:?]
	at java.util.concurrent.CompletableFuture$AsyncSupply.run(CompletableFuture.java:1590) [?:1.8.0_212]
	at java.util.concurrent.ThreadPoolExecutor.runWorker(ThreadPoolExecutor.java:1149) [?:1.8.0_212]
	at java.util.concurrent.ThreadPoolExecutor$Worker.run(ThreadPoolExecutor.java:624) [?:1.8.0_212]
	at java.lang.Thread.run(Thread.java:748) [?:1.8.0_212]
2019-06-18 00:55:51,618 INFO  impl.HddsDispatcher (ContainerUtils.java:logAndReturnError(146)) - Operation: PutBlock : Trace ID: df064679bb5e2865:ce604b2ee5ee20a5:bee43abf3a67af38:0 : Message: ContainerID 3 does not exist : Result: CONTAINER_NOT_FOUND
00:55:51.618 [pool-51-thread-1] ERROR DNAudit - user=null | ip=null | op=PUT_BLOCK {blockData=[blockId=conID: 3 locID: 102289857022918773 bcsId: 0,size=10240]} | ret=FAILURE
org.apache.hadoop.hdds.scm.container.common.helpers.StorageContainerException: ContainerID 3 does not exist
	at org.apache.hadoop.ozone.container.common.impl.HddsDispatcher.dispatchRequest(HddsDispatcher.java:242) ~[classes/:?]
	at org.apache.hadoop.ozone.container.common.impl.HddsDispatcher.dispatch(HddsDispatcher.java:148) ~[classes/:?]
	at org.apache.hadoop.ozone.container.common.transport.server.ratis.ContainerStateMachine.dispatchCommand(ContainerStateMachine.java:347) ~[classes/:?]
	at org.apache.hadoop.ozone.container.common.transport.server.ratis.ContainerStateMachine.runCommand(ContainerStateMachine.java:354) ~[classes/:?]
	at org.apache.hadoop.ozone.container.common.transport.server.ratis.ContainerStateMachine.lambda$applyTransaction$5(ContainerStateMachine.java:621) ~[classes/:?]
	at java.util.concurrent.CompletableFuture$AsyncSupply.run(CompletableFuture.java:1590) [?:1.8.0_212]
	at java.util.concurrent.ThreadPoolExecutor.runWorker(ThreadPoolExecutor.java:1149) [?:1.8.0_212]
	at java.util.concurrent.ThreadPoolExecutor$Worker.run(ThreadPoolExecutor.java:624) [?:1.8.0_212]
	at java.lang.Thread.run(Thread.java:748) [?:1.8.0_212]
2019-06-18 00:55:51,618 INFO  impl.HddsDispatcher (ContainerUtils.java:logAndReturnError(146)) - Operation: PutBlock : Trace ID: df064679bb5e2865:ce604b2ee5ee20a5:bee43abf3a67af38:0 : Message: ContainerID 3 does not exist : Result: CONTAINER_NOT_FOUND
2019-06-18 00:55:51,628 ERROR freon.RandomKeyGenerator (RandomKeyGenerator.java:run(675)) - Exception while adding key: key-7-45234 in bucket: org.apache.hadoop.ozone.client.OzoneBucket@6e8673a9 of volume: org.apache.hadoop.ozone.client.OzoneVolume@4bda18b4.
java.io.IOException: Unexpected Storage Container Exception: org.apache.hadoop.hdds.scm.container.common.helpers.StorageContainerException: ContainerID 3 does not exist
	at org.apache.hadoop.hdds.scm.storage.BlockOutputStream.setIoException(BlockOutputStream.java:548)
	at org.apache.hadoop.hdds.scm.storage.BlockOutputStream.validateResponse(BlockOutputStream.java:539)
	at org.apache.hadoop.hdds.scm.storage.BlockOutputStream.lambda$writeChunkToContainer$2(BlockOutputStream.java:614)
	at java.util.concurrent.CompletableFuture.uniApply(CompletableFuture.java:602)
	at java.util.concurrent.CompletableFuture$UniApply.tryFire(CompletableFuture.java:577)
	at java.util.concurrent.CompletableFuture$Completion.run(CompletableFuture.java:442)
	at java.util.concurrent.ThreadPoolExecutor.runWorker(ThreadPoolExecutor.java:1149)
	at java.util.concurrent.ThreadPoolExecutor$Worker.run(ThreadPoolExecutor.java:624)
	at java.lang.Thread.run(Thread.java:748)
Caused by: org.apache.hadoop.hdds.scm.container.common.helpers.StorageContainerException: ContainerID 3 does not exist
	at org.apache.hadoop.hdds.scm.storage.ContainerProtocolCalls.validateContainerResponse(ContainerProtocolCalls.java:536)
	at org.apache.hadoop.hdds.scm.storage.BlockOutputStream.validateResponse(BlockOutputStream.java:536)
	... 7 more
2019-06-18 00:55:51,633 INFO  client.GrpcClientProtocolClient (GrpcClientProtocolClient.java:onNext(254)) - client-7D96FB2A9EE9->2d9c32cf-d138-46ed-86fe-555b0f222d66: receive RaftClientReply:client-7D96FB2A9EE9->2d9c32cf-d138-46ed-86fe-555b0f222d66@group-F789D1FF0E52, cid=175, SUCCESS, logIndex=248, commits[2d9c32cf-d138-46ed-86fe-555b0f222d66:c248, 7d41c113-78b8-42e0-973f-a2985e127fce:c246, 845dac45-d65a-40db-aa8d-9123cdf470a5:c246]
 35.00% |████████████████████████████████████                                                                 |  35/100 Time: 0:00:062019-06-18 00:55:51,904 INFO  client.GrpcClientProtocolClient (GrpcClientProtocolClient.java:onNext(254)) - client-7D96FB2A9EE9->2d9c32cf-d138-46ed-86fe-555b0f222d66: receive RaftClientReply:client-7D96FB2A9EE9->2d9c32cf-d138-46ed-86fe-555b0f222d66@group-F789D1FF0E52, cid=176, SUCCESS, logIndex=250, commits[2d9c32cf-d138-46ed-86fe-555b0f222d66:c250, 7d41c113-78b8-42e0-973f-a2985e127fce:c248, 845dac45-d65a-40db-aa8d-9123cdf470a5:c248]
2019-06-18 00:55:51,936 INFO  client.GrpcClientProtocolClient (GrpcClientProtocolClient.java:onNext(254)) - client-7D96FB2A9EE9->2d9c32cf-d138-46ed-86fe-555b0f222d66: receive RaftClientReply:client-7D96FB2A9EE9->2d9c32cf-d138-46ed-86fe-555b0f222d66@group-F789D1FF0E52, cid=177, SUCCESS, logIndex=252, commits[2d9c32cf-d138-46ed-86fe-555b0f222d66:c252, 7d41c113-78b8-42e0-973f-a2985e127fce:c250, 845dac45-d65a-40db-aa8d-9123cdf470a5:c250]
2019-06-18 00:55:51,937 INFO  client.GrpcClientProtocolClient (GrpcClientProtocolClient.java:onNext(254)) - client-7D96FB2A9EE9->2d9c32cf-d138-46ed-86fe-555b0f222d66: receive RaftClientReply:client-7D96FB2A9EE9->2d9c32cf-d138-46ed-86fe-555b0f222d66@group-F789D1FF0E52, cid=179, SUCCESS, logIndex=0, commits[2d9c32cf-d138-46ed-86fe-555b0f222d66:c251, 7d41c113-78b8-42e0-973f-a2985e127fce:c250, 845dac45-d65a-40db-aa8d-9123cdf470a5:c250]
2019-06-18 00:55:51,952 INFO  client.GrpcClientProtocolClient (GrpcClientProtocolClient.java:onNext(254)) - client-7D96FB2A9EE9->2d9c32cf-d138-46ed-86fe-555b0f222d66: receive RaftClientReply:client-7D96FB2A9EE9->2d9c32cf-d138-46ed-86fe-555b0f222d66@group-F789D1FF0E52, cid=178, SUCCESS, logIndex=253, commits[2d9c32cf-d138-46ed-86fe-555b0f222d66:c253, 7d41c113-78b8-42e0-973f-a2985e127fce:c250, 845dac45-d65a-40db-aa8d-9123cdf470a5:c250]
2019-06-18 00:55:51,978 INFO  keyvalue.KeyValueHandler (ContainerUtils.java:logAndReturnError(146)) - Operation: CreateContainer : Trace ID: 55cb96403523d26c:119a26dbe37f4977:71b26ff02116997:0 : Message: Container creation failed, due to disk out of space : Result: DISK_OUT_OF_SPACE
2019-06-18 00:55:51,978 INFO  keyvalue.KeyValueHandler (ContainerUtils.java:logAndReturnError(146)) - Operation: CreateContainer : Trace ID: 55cb96403523d26c:119a26dbe37f4977:71b26ff02116997:0 : Message: Container creation failed, due to disk out of space : Result: DISK_OUT_OF_SPACE
00:55:51.978 [pool-26-thread-27] ERROR DNAudit - user=null | ip=null | op=WRITE_CHUNK {blockData=conID: 3 locID: 102289857050837115 bcsId: 0} | ret=FAILURE
org.apache.hadoop.hdds.scm.container.common.helpers.StorageContainerException: ContainerID 3 creation failed
	at org.apache.hadoop.ozone.container.common.impl.HddsDispatcher.dispatchRequest(HddsDispatcher.java:227) ~[classes/:?]
	at org.apache.hadoop.ozone.container.common.impl.HddsDispatcher.dispatch(HddsDispatcher.java:148) ~[classes/:?]
	at org.apache.hadoop.ozone.container.common.transport.server.ratis.ContainerStateMachine.dispatchCommand(ContainerStateMachine.java:347) ~[classes/:?]
	at org.apache.hadoop.ozone.container.common.transport.server.ratis.ContainerStateMachine.runCommand(ContainerStateMachine.java:354) ~[classes/:?]
	at org.apache.hadoop.ozone.container.common.transport.server.ratis.ContainerStateMachine.lambda$handleWriteChunk$0(ContainerStateMachine.java:385) ~[classes/:?]
	at java.util.concurrent.CompletableFuture$AsyncSupply.run(CompletableFuture.java:1590) [?:1.8.0_212]
	at java.util.concurrent.ThreadPoolExecutor.runWorker(ThreadPoolExecutor.java:1149) [?:1.8.0_212]
	at java.util.concurrent.ThreadPoolExecutor$Worker.run(ThreadPoolExecutor.java:624) [?:1.8.0_212]
	at java.lang.Thread.run(Thread.java:748) [?:1.8.0_212]
2019-06-18 00:55:51,978 INFO  impl.HddsDispatcher (ContainerUtils.java:logAndReturnError(146)) - Operation: WriteChunk : Trace ID: 55cb96403523d26c:119a26dbe37f4977:71b26ff02116997:0 : Message: ContainerID 3 creation failed : Result: DISK_OUT_OF_SPACE
00:55:51.978 [pool-68-thread-9] ERROR DNAudit - user=null | ip=null | op=WRITE_CHUNK {blockData=conID: 3 locID: 102289857050837115 bcsId: 0} | ret=FAILURE
org.apache.hadoop.hdds.scm.container.common.helpers.StorageContainerException: ContainerID 3 creation failed
	at org.apache.hadoop.ozone.container.common.impl.HddsDispatcher.dispatchRequest(HddsDispatcher.java:227) ~[classes/:?]
	at org.apache.hadoop.ozone.container.common.impl.HddsDispatcher.dispatch(HddsDispatcher.java:148) ~[classes/:?]
	at org.apache.hadoop.ozone.container.common.transport.server.ratis.ContainerStateMachine.dispatchCommand(ContainerStateMachine.java:347) ~[classes/:?]
	at org.apache.hadoop.ozone.container.common.transport.server.ratis.ContainerStateMachine.runCommand(ContainerStateMachine.java:354) ~[classes/:?]
	at org.apache.hadoop.ozone.container.common.transport.server.ratis.ContainerStateMachine.lambda$handleWriteChunk$0(ContainerStateMachine.java:385) ~[classes/:?]
	at java.util.concurrent.CompletableFuture$AsyncSupply.run(CompletableFuture.java:1590) [?:1.8.0_212]
	at java.util.concurrent.ThreadPoolExecutor.runWorker(ThreadPoolExecutor.java:1149) [?:1.8.0_212]
	at java.util.concurrent.ThreadPoolExecutor$Worker.run(ThreadPoolExecutor.java:624) [?:1.8.0_212]
	at java.lang.Thread.run(Thread.java:748) [?:1.8.0_212]
2019-06-18 00:55:51,979 INFO  impl.HddsDispatcher (ContainerUtils.java:logAndReturnError(146)) - Operation: WriteChunk : Trace ID: 55cb96403523d26c:119a26dbe37f4977:71b26ff02116997:0 : Message: ContainerID 3 creation failed : Result: DISK_OUT_OF_SPACE
2019-06-18 00:55:51,994 INFO  client.GrpcClientProtocolClient (GrpcClientProtocolClient.java:onNext(254)) - client-7D96FB2A9EE9->2d9c32cf-d138-46ed-86fe-555b0f222d66: receive RaftClientReply:client-7D96FB2A9EE9->2d9c32cf-d138-46ed-86fe-555b0f222d66@group-F789D1FF0E52, cid=180, SUCCESS, logIndex=0, commits[2d9c32cf-d138-46ed-86fe-555b0f222d66:c255, 7d41c113-78b8-42e0-973f-a2985e127fce:c253, 845dac45-d65a-40db-aa8d-9123cdf470a5:c253]
2019-06-18 00:55:51,998 INFO  keyvalue.KeyValueHandler (ContainerUtils.java:logAndReturnError(146)) - Operation: CreateContainer : Trace ID: 55cb96403523d26c:119a26dbe37f4977:71b26ff02116997:0 : Message: Container creation failed, due to disk out of space : Result: DISK_OUT_OF_SPACE
00:55:51.998 [pool-47-thread-9] ERROR DNAudit - user=null | ip=null | op=WRITE_CHUNK {blockData=conID: 3 locID: 102289857050837115 bcsId: 0} | ret=FAILURE
org.apache.hadoop.hdds.scm.container.common.helpers.StorageContainerException: ContainerID 3 creation failed
	at org.apache.hadoop.ozone.container.common.impl.HddsDispatcher.dispatchRequest(HddsDispatcher.java:227) ~[classes/:?]
	at org.apache.hadoop.ozone.container.common.impl.HddsDispatcher.dispatch(HddsDispatcher.java:148) ~[classes/:?]
	at org.apache.hadoop.ozone.container.common.transport.server.ratis.ContainerStateMachine.dispatchCommand(ContainerStateMachine.java:347) ~[classes/:?]
	at org.apache.hadoop.ozone.container.common.transport.server.ratis.ContainerStateMachine.runCommand(ContainerStateMachine.java:354) ~[classes/:?]
	at org.apache.hadoop.ozone.container.common.transport.server.ratis.ContainerStateMachine.lambda$handleWriteChunk$0(ContainerStateMachine.java:385) ~[classes/:?]
	at java.util.concurrent.CompletableFuture$AsyncSupply.run(CompletableFuture.java:1590) [?:1.8.0_212]
	at java.util.concurrent.ThreadPoolExecutor.runWorker(ThreadPoolExecutor.java:1149) [?:1.8.0_212]
	at java.util.concurrent.ThreadPoolExecutor$Worker.run(ThreadPoolExecutor.java:624) [?:1.8.0_212]
	at java.lang.Thread.run(Thread.java:748) [?:1.8.0_212]
2019-06-18 00:55:51,998 INFO  impl.HddsDispatcher (ContainerUtils.java:logAndReturnError(146)) - Operation: WriteChunk : Trace ID: 55cb96403523d26c:119a26dbe37f4977:71b26ff02116997:0 : Message: ContainerID 3 creation failed : Result: DISK_OUT_OF_SPACE
00:55:52.000 [pool-30-thread-1] ERROR DNAudit - user=null | ip=null | op=WRITE_CHUNK {blockData=conID: 3 locID: 102289857050837115 bcsId: 0} | ret=FAILURE
org.apache.hadoop.hdds.scm.container.common.helpers.StorageContainerException: ContainerID 3 does not exist
	at org.apache.hadoop.ozone.container.common.impl.HddsDispatcher.dispatchRequest(HddsDispatcher.java:242) ~[classes/:?]
	at org.apache.hadoop.ozone.container.common.impl.HddsDispatcher.dispatch(HddsDispatcher.java:148) ~[classes/:?]
	at org.apache.hadoop.ozone.container.common.transport.server.ratis.ContainerStateMachine.dispatchCommand(ContainerStateMachine.java:347) ~[classes/:?]
	at org.apache.hadoop.ozone.container.common.transport.server.ratis.ContainerStateMachine.runCommand(ContainerStateMachine.java:354) ~[classes/:?]
	at org.apache.hadoop.ozone.container.common.transport.server.ratis.ContainerStateMachine.lambda$applyTransaction$5(ContainerStateMachine.java:621) ~[classes/:?]
	at java.util.concurrent.CompletableFuture$AsyncSupply.run(CompletableFuture.java:1590) [?:1.8.0_212]
	at java.util.concurrent.ThreadPoolExecutor.runWorker(ThreadPoolExecutor.java:1149) [?:1.8.0_212]
	at java.util.concurrent.ThreadPoolExecutor$Worker.run(ThreadPoolExecutor.java:624) [?:1.8.0_212]
	at java.lang.Thread.run(Thread.java:748) [?:1.8.0_212]
2019-06-18 00:55:52,000 INFO  impl.HddsDispatcher (ContainerUtils.java:logAndReturnError(146)) - Operation: WriteChunk : Trace ID: 55cb96403523d26c:119a26dbe37f4977:71b26ff02116997:0 : Message: ContainerID 3 does not exist : Result: CONTAINER_NOT_FOUND
00:55:52.010 [pool-51-thread-1] ERROR DNAudit - user=null | ip=null | op=WRITE_CHUNK {blockData=conID: 3 locID: 102289857050837115 bcsId: 0} | ret=FAILURE
org.apache.hadoop.hdds.scm.container.common.helpers.StorageContainerException: ContainerID 3 does not exist
	at org.apache.hadoop.ozone.container.common.impl.HddsDispatcher.dispatchRequest(HddsDispatcher.java:242) ~[classes/:?]
	at org.apache.hadoop.ozone.container.common.impl.HddsDispatcher.dispatch(HddsDispatcher.java:148) ~[classes/:?]
	at org.apache.hadoop.ozone.container.common.transport.server.ratis.ContainerStateMachine.dispatchCommand(ContainerStateMachine.java:347) ~[classes/:?]
	at org.apache.hadoop.ozone.container.common.transport.server.ratis.ContainerStateMachine.runCommand(ContainerStateMachine.java:354) ~[classes/:?]
	at org.apache.hadoop.ozone.container.common.transport.server.ratis.ContainerStateMachine.lambda$applyTransaction$5(ContainerStateMachine.java:621) ~[classes/:?]
	at java.util.concurrent.CompletableFuture$AsyncSupply.run(CompletableFuture.java:1590) [?:1.8.0_212]
	at java.util.concurrent.ThreadPoolExecutor.runWorker(ThreadPoolExecutor.java:1149) [?:1.8.0_212]
	at java.util.concurrent.ThreadPoolExecutor$Worker.run(ThreadPoolExecutor.java:624) [?:1.8.0_212]
	at java.lang.Thread.run(Thread.java:748) [?:1.8.0_212]
2019-06-18 00:55:52,010 INFO  impl.HddsDispatcher (ContainerUtils.java:logAndReturnError(146)) - Operation: WriteChunk : Trace ID: 55cb96403523d26c:119a26dbe37f4977:71b26ff02116997:0 : Message: ContainerID 3 does not exist : Result: CONTAINER_NOT_FOUND
00:55:52.010 [pool-72-thread-1] ERROR DNAudit - user=null | ip=null | op=WRITE_CHUNK {blockData=conID: 3 locID: 102289857050837115 bcsId: 0} | ret=FAILURE
org.apache.hadoop.hdds.scm.container.common.helpers.StorageContainerException: ContainerID 3 does not exist
	at org.apache.hadoop.ozone.container.common.impl.HddsDispatcher.dispatchRequest(HddsDispatcher.java:242) ~[classes/:?]
	at org.apache.hadoop.ozone.container.common.impl.HddsDispatcher.dispatch(HddsDispatcher.java:148) ~[classes/:?]
	at org.apache.hadoop.ozone.container.common.transport.server.ratis.ContainerStateMachine.dispatchCommand(ContainerStateMachine.java:347) ~[classes/:?]
	at org.apache.hadoop.ozone.container.common.transport.server.ratis.ContainerStateMachine.runCommand(ContainerStateMachine.java:354) ~[classes/:?]
	at org.apache.hadoop.ozone.container.common.transport.server.ratis.ContainerStateMachine.lambda$applyTransaction$5(ContainerStateMachine.java:621) ~[classes/:?]
	at java.util.concurrent.CompletableFuture$AsyncSupply.run(CompletableFuture.java:1590) [?:1.8.0_212]
	at java.util.concurrent.ThreadPoolExecutor.runWorker(ThreadPoolExecutor.java:1149) [?:1.8.0_212]
	at java.util.concurrent.ThreadPoolExecutor$Worker.run(ThreadPoolExecutor.java:624) [?:1.8.0_212]
	at java.lang.Thread.run(Thread.java:748) [?:1.8.0_212]
2019-06-18 00:55:52,011 INFO  impl.HddsDispatcher (ContainerUtils.java:logAndReturnError(146)) - Operation: WriteChunk : Trace ID: 55cb96403523d26c:119a26dbe37f4977:71b26ff02116997:0 : Message: ContainerID 3 does not exist : Result: CONTAINER_NOT_FOUND
2019-06-18 00:55:52,012 INFO  client.GrpcClientProtocolClient (GrpcClientProtocolClient.java:onNext(254)) - client-7D96FB2A9EE9->2d9c32cf-d138-46ed-86fe-555b0f222d66: receive RaftClientReply:client-7D96FB2A9EE9->2d9c32cf-d138-46ed-86fe-555b0f222d66@group-F789D1FF0E52, cid=181, SUCCESS, logIndex=256, commits[2d9c32cf-d138-46ed-86fe-555b0f222d66:c256, 7d41c113-78b8-42e0-973f-a2985e127fce:c255, 845dac45-d65a-40db-aa8d-9123cdf470a5:c253]
2019-06-18 00:55:52,012 ERROR storage.BlockOutputStream (BlockOutputStream.java:validateResponse(538)) - Unexpected Storage Container Exception: 
org.apache.hadoop.hdds.scm.container.common.helpers.StorageContainerException: ContainerID 3 does not exist
	at org.apache.hadoop.hdds.scm.storage.ContainerProtocolCalls.validateContainerResponse(ContainerProtocolCalls.java:536)
	at org.apache.hadoop.hdds.scm.storage.BlockOutputStream.validateResponse(BlockOutputStream.java:536)
	at org.apache.hadoop.hdds.scm.storage.BlockOutputStream.lambda$writeChunkToContainer$2(BlockOutputStream.java:614)
	at java.util.concurrent.CompletableFuture.uniApply(CompletableFuture.java:602)
	at java.util.concurrent.CompletableFuture$UniApply.tryFire(CompletableFuture.java:577)
	at java.util.concurrent.CompletableFuture$Completion.run(CompletableFuture.java:442)
	at java.util.concurrent.ThreadPoolExecutor.runWorker(ThreadPoolExecutor.java:1149)
	at java.util.concurrent.ThreadPoolExecutor$Worker.run(ThreadPoolExecutor.java:624)
	at java.lang.Thread.run(Thread.java:748)
00:55:52.017 [pool-30-thread-1] ERROR DNAudit - user=null | ip=null | op=PUT_BLOCK {blockData=[blockId=conID: 3 locID: 102289857050837115 bcsId: 0,size=10240]} | ret=FAILURE
org.apache.hadoop.hdds.scm.container.common.helpers.StorageContainerException: ContainerID 3 does not exist
	at org.apache.hadoop.ozone.container.common.impl.HddsDispatcher.dispatchRequest(HddsDispatcher.java:242) ~[classes/:?]
	at org.apache.hadoop.ozone.container.common.impl.HddsDispatcher.dispatch(HddsDispatcher.java:148) ~[classes/:?]
	at org.apache.hadoop.ozone.container.common.transport.server.ratis.ContainerStateMachine.dispatchCommand(ContainerStateMachine.java:347) ~[classes/:?]
	at org.apache.hadoop.ozone.container.common.transport.server.ratis.ContainerStateMachine.runCommand(ContainerStateMachine.java:354) ~[classes/:?]
	at org.apache.hadoop.ozone.container.common.transport.server.ratis.ContainerStateMachine.lambda$applyTransaction$5(ContainerStateMachine.java:621) ~[classes/:?]
	at java.util.concurrent.CompletableFuture$AsyncSupply.run(CompletableFuture.java:1590) [?:1.8.0_212]
	at java.util.concurrent.ThreadPoolExecutor.runWorker(ThreadPoolExecutor.java:1149) [?:1.8.0_212]
	at java.util.concurrent.ThreadPoolExecutor$Worker.run(ThreadPoolExecutor.java:624) [?:1.8.0_212]
	at java.lang.Thread.run(Thread.java:748) [?:1.8.0_212]
2019-06-18 00:55:52,018 INFO  impl.HddsDispatcher (ContainerUtils.java:logAndReturnError(146)) - Operation: PutBlock : Trace ID: 55cb96403523d26c:b0d1f0b6e64d0186:71b26ff02116997:0 : Message: ContainerID 3 does not exist : Result: CONTAINER_NOT_FOUND
2019-06-18 00:55:52,019 INFO  client.GrpcClientProtocolClient (GrpcClientProtocolClient.java:onNext(254)) - client-7D96FB2A9EE9->2d9c32cf-d138-46ed-86fe-555b0f222d66: receive RaftClientReply:client-7D96FB2A9EE9->2d9c32cf-d138-46ed-86fe-555b0f222d66@group-F789D1FF0E52, cid=182, SUCCESS, logIndex=258, commits[2d9c32cf-d138-46ed-86fe-555b0f222d66:c258, 7d41c113-78b8-42e0-973f-a2985e127fce:c257, 845dac45-d65a-40db-aa8d-9123cdf470a5:c256]
00:55:52.026 [pool-51-thread-1] ERROR DNAudit - user=null | ip=null | op=PUT_BLOCK {blockData=[blockId=conID: 3 locID: 102289857050837115 bcsId: 0,size=10240]} | ret=FAILURE
org.apache.hadoop.hdds.scm.container.common.helpers.StorageContainerException: ContainerID 3 does not exist
	at org.apache.hadoop.ozone.container.common.impl.HddsDispatcher.dispatchRequest(HddsDispatcher.java:242) ~[classes/:?]
	at org.apache.hadoop.ozone.container.common.impl.HddsDispatcher.dispatch(HddsDispatcher.java:148) ~[classes/:?]
	at org.apache.hadoop.ozone.container.common.transport.server.ratis.ContainerStateMachine.dispatchCommand(ContainerStateMachine.java:347) ~[classes/:?]
	at org.apache.hadoop.ozone.container.common.transport.server.ratis.ContainerStateMachine.runCommand(ContainerStateMachine.java:354) ~[classes/:?]
	at org.apache.hadoop.ozone.container.common.transport.server.ratis.ContainerStateMachine.lambda$applyTransaction$5(ContainerStateMachine.java:621) ~[classes/:?]
	at java.util.concurrent.CompletableFuture$AsyncSupply.run(CompletableFuture.java:1590) [?:1.8.0_212]
	at java.util.concurrent.ThreadPoolExecutor.runWorker(ThreadPoolExecutor.java:1149) [?:1.8.0_212]
	at java.util.concurrent.ThreadPoolExecutor$Worker.run(ThreadPoolExecutor.java:624) [?:1.8.0_212]
	at java.lang.Thread.run(Thread.java:748) [?:1.8.0_212]
2019-06-18 00:55:52,026 INFO  impl.HddsDispatcher (ContainerUtils.java:logAndReturnError(146)) - Operation: PutBlock : Trace ID: 55cb96403523d26c:b0d1f0b6e64d0186:71b26ff02116997:0 : Message: ContainerID 3 does not exist : Result: CONTAINER_NOT_FOUND
2019-06-18 00:55:52,026 INFO  client.GrpcClientProtocolClient (GrpcClientProtocolClient.java:onNext(254)) - client-7D96FB2A9EE9->2d9c32cf-d138-46ed-86fe-555b0f222d66: receive RaftClientReply:client-7D96FB2A9EE9->2d9c32cf-d138-46ed-86fe-555b0f222d66@group-F789D1FF0E52, cid=183, SUCCESS, logIndex=259, commits[2d9c32cf-d138-46ed-86fe-555b0f222d66:c260, 7d41c113-78b8-42e0-973f-a2985e127fce:c257, 845dac45-d65a-40db-aa8d-9123cdf470a5:c257]
00:55:52.022 [pool-72-thread-1] ERROR DNAudit - user=null | ip=null | op=PUT_BLOCK {blockData=[blockId=conID: 3 locID: 102289857050837115 bcsId: 0,size=10240]} | ret=FAILURE
org.apache.hadoop.hdds.scm.container.common.helpers.StorageContainerException: ContainerID 3 does not exist
	at org.apache.hadoop.ozone.container.common.impl.HddsDispatcher.dispatchRequest(HddsDispatcher.java:242) ~[classes/:?]
	at org.apache.hadoop.ozone.container.common.impl.HddsDispatcher.dispatch(HddsDispatcher.java:148) ~[classes/:?]
	at org.apache.hadoop.ozone.container.common.transport.server.ratis.ContainerStateMachine.dispatchCommand(ContainerStateMachine.java:347) ~[classes/:?]
	at org.apache.hadoop.ozone.container.common.transport.server.ratis.ContainerStateMachine.runCommand(ContainerStateMachine.java:354) ~[classes/:?]
	at org.apache.hadoop.ozone.container.common.transport.server.ratis.ContainerStateMachine.lambda$applyTransaction$5(ContainerStateMachine.java:621) ~[classes/:?]
	at java.util.concurrent.CompletableFuture$AsyncSupply.run(CompletableFuture.java:1590) [?:1.8.0_212]
	at java.util.concurrent.ThreadPoolExecutor.runWorker(ThreadPoolExecutor.java:1149) [?:1.8.0_212]
	at java.util.concurrent.ThreadPoolExecutor$Worker.run(ThreadPoolExecutor.java:624) [?:1.8.0_212]
	at java.lang.Thread.run(Thread.java:748) [?:1.8.0_212]
2019-06-18 00:55:52,028 ERROR freon.RandomKeyGenerator (RandomKeyGenerator.java:run(675)) - Exception while adding key: key-6-95092 in bucket: org.apache.hadoop.ozone.client.OzoneBucket@250a6197 of volume: org.apache.hadoop.ozone.client.OzoneVolume@ddbf95a.
java.io.IOException: Unexpected Storage Container Exception: org.apache.hadoop.hdds.scm.container.common.helpers.StorageContainerException: ContainerID 3 does not exist
	at org.apache.hadoop.hdds.scm.storage.BlockOutputStream.setIoException(BlockOutputStream.java:548)
	at org.apache.hadoop.hdds.scm.storage.BlockOutputStream.validateResponse(BlockOutputStream.java:539)
	at org.apache.hadoop.hdds.scm.storage.BlockOutputStream.lambda$writeChunkToContainer$2(BlockOutputStream.java:614)
	at java.util.concurrent.CompletableFuture.uniApply(CompletableFuture.java:602)
	at java.util.concurrent.CompletableFuture$UniApply.tryFire(CompletableFuture.java:577)
	at java.util.concurrent.CompletableFuture$Completion.run(CompletableFuture.java:442)
	at java.util.concurrent.ThreadPoolExecutor.runWorker(ThreadPoolExecutor.java:1149)
	at java.util.concurrent.ThreadPoolExecutor$Worker.run(ThreadPoolExecutor.java:624)
	at java.lang.Thread.run(Thread.java:748)
Caused by: org.apache.hadoop.hdds.scm.container.common.helpers.StorageContainerException: ContainerID 3 does not exist
	at org.apache.hadoop.hdds.scm.storage.ContainerProtocolCalls.validateContainerResponse(ContainerProtocolCalls.java:536)
	at org.apache.hadoop.hdds.scm.storage.BlockOutputStream.validateResponse(BlockOutputStream.java:536)
	... 7 more
2019-06-18 00:55:52,039 INFO  impl.HddsDispatcher (ContainerUtils.java:logAndReturnError(146)) - Operation: PutBlock : Trace ID: 55cb96403523d26c:b0d1f0b6e64d0186:71b26ff02116997:0 : Message: ContainerID 3 does not exist : Result: CONTAINER_NOT_FOUND
2019-06-18 00:55:52,042 INFO  client.GrpcClientProtocolClient (GrpcClientProtocolClient.java:onNext(254)) - client-7D96FB2A9EE9->2d9c32cf-d138-46ed-86fe-555b0f222d66: receive RaftClientReply:client-7D96FB2A9EE9->2d9c32cf-d138-46ed-86fe-555b0f222d66@group-F789D1FF0E52, cid=184, SUCCESS, logIndex=260, commits[2d9c32cf-d138-46ed-86fe-555b0f222d66:c261, 7d41c113-78b8-42e0-973f-a2985e127fce:c258, 845dac45-d65a-40db-aa8d-9123cdf470a5:c257]
2019-06-18 00:55:52,061 INFO  client.GrpcClientProtocolClient (GrpcClientProtocolClient.java:onNext(254)) - client-7D96FB2A9EE9->2d9c32cf-d138-46ed-86fe-555b0f222d66: receive RaftClientReply:client-7D96FB2A9EE9->2d9c32cf-d138-46ed-86fe-555b0f222d66@group-F789D1FF0E52, cid=187, SUCCESS, logIndex=0, commits[2d9c32cf-d138-46ed-86fe-555b0f222d66:c264, 7d41c113-78b8-42e0-973f-a2985e127fce:c263, 845dac45-d65a-40db-aa8d-9123cdf470a5:c260]
2019-06-18 00:55:52,061 INFO  client.GrpcClientProtocolClient (GrpcClientProtocolClient.java:onNext(254)) - client-7D96FB2A9EE9->2d9c32cf-d138-46ed-86fe-555b0f222d66: receive RaftClientReply:client-7D96FB2A9EE9->2d9c32cf-d138-46ed-86fe-555b0f222d66@group-F789D1FF0E52, cid=185, SUCCESS, logIndex=264, commits[2d9c32cf-d138-46ed-86fe-555b0f222d66:c264, 7d41c113-78b8-42e0-973f-a2985e127fce:c263, 845dac45-d65a-40db-aa8d-9123cdf470a5:c258]
2019-06-18 00:55:52,068 INFO  rpc.RpcClient (RpcClient.java:createBucket(426)) - Creating Bucket: vol-0-55666/bucket-3-64636, with Versioning false and Storage Type set to DISK and Encryption set to false 
2019-06-18 00:55:52,086 INFO  client.GrpcClientProtocolClient (GrpcClientProtocolClient.java:onNext(254)) - client-7D96FB2A9EE9->2d9c32cf-d138-46ed-86fe-555b0f222d66: receive RaftClientReply:client-7D96FB2A9EE9->2d9c32cf-d138-46ed-86fe-555b0f222d66@group-F789D1FF0E52, cid=186, SUCCESS, logIndex=266, commits[2d9c32cf-d138-46ed-86fe-555b0f222d66:c266, 7d41c113-78b8-42e0-973f-a2985e127fce:c264, 845dac45-d65a-40db-aa8d-9123cdf470a5:c262]
2019-06-18 00:55:52,087 INFO  keyvalue.KeyValueHandler (ContainerUtils.java:logAndReturnError(146)) - Operation: CreateContainer : Trace ID: d3c9b085b4112fbb:4d64b291777cd067:8820a4febaeac7cf:0 : Message: Container creation failed, due to disk out of space : Result: DISK_OUT_OF_SPACE
2019-06-18 00:55:52,088 INFO  client.GrpcClientProtocolClient (GrpcClientProtocolClient.java:onNext(254)) - client-7D96FB2A9EE9->2d9c32cf-d138-46ed-86fe-555b0f222d66: receive RaftClientReply:client-7D96FB2A9EE9->2d9c32cf-d138-46ed-86fe-555b0f222d66@group-F789D1FF0E52, cid=190, SUCCESS, logIndex=0, commits[2d9c32cf-d138-46ed-86fe-555b0f222d66:c267, 7d41c113-78b8-42e0-973f-a2985e127fce:c266, 845dac45-d65a-40db-aa8d-9123cdf470a5:c266]
00:55:52.088 [pool-26-thread-37] ERROR DNAudit - user=null | ip=null | op=WRITE_CHUNK {blockData=conID: 3 locID: 102289857057521793 bcsId: 0} | ret=FAILURE
org.apache.hadoop.hdds.scm.container.common.helpers.StorageContainerException: ContainerID 3 creation failed
	at org.apache.hadoop.ozone.container.common.impl.HddsDispatcher.dispatchRequest(HddsDispatcher.java:227) ~[classes/:?]
	at org.apache.hadoop.ozone.container.common.impl.HddsDispatcher.dispatch(HddsDispatcher.java:148) ~[classes/:?]
	at org.apache.hadoop.ozone.container.common.transport.server.ratis.ContainerStateMachine.dispatchCommand(ContainerStateMachine.java:347) ~[classes/:?]
	at org.apache.hadoop.ozone.container.common.transport.server.ratis.ContainerStateMachine.runCommand(ContainerStateMachine.java:354) ~[classes/:?]
	at org.apache.hadoop.ozone.container.common.transport.server.ratis.ContainerStateMachine.lambda$handleWriteChunk$0(ContainerStateMachine.java:385) ~[classes/:?]
	at java.util.concurrent.CompletableFuture$AsyncSupply.run(CompletableFuture.java:1590) [?:1.8.0_212]
	at java.util.concurrent.ThreadPoolExecutor.runWorker(ThreadPoolExecutor.java:1149) [?:1.8.0_212]
	at java.util.concurrent.ThreadPoolExecutor$Worker.run(ThreadPoolExecutor.java:624) [?:1.8.0_212]
	at java.lang.Thread.run(Thread.java:748) [?:1.8.0_212]
2019-06-18 00:55:52,088 INFO  impl.HddsDispatcher (ContainerUtils.java:logAndReturnError(146)) - Operation: WriteChunk : Trace ID: d3c9b085b4112fbb:4d64b291777cd067:8820a4febaeac7cf:0 : Message: ContainerID 3 creation failed : Result: DISK_OUT_OF_SPACE
2019-06-18 00:55:52,089 INFO  keyvalue.KeyValueHandler (ContainerUtils.java:logAndReturnError(146)) - Operation: CreateContainer : Trace ID: d3c9b085b4112fbb:4d64b291777cd067:8820a4febaeac7cf:0 : Message: Container creation failed, due to disk out of space : Result: DISK_OUT_OF_SPACE
00:55:52.089 [pool-68-thread-11] ERROR DNAudit - user=null | ip=null | op=WRITE_CHUNK {blockData=conID: 3 locID: 102289857057521793 bcsId: 0} | ret=FAILURE
org.apache.hadoop.hdds.scm.container.common.helpers.StorageContainerException: ContainerID 3 creation failed
	at org.apache.hadoop.ozone.container.common.impl.HddsDispatcher.dispatchRequest(HddsDispatcher.java:227) ~[classes/:?]
	at org.apache.hadoop.ozone.container.common.impl.HddsDispatcher.dispatch(HddsDispatcher.java:148) ~[classes/:?]
	at org.apache.hadoop.ozone.container.common.transport.server.ratis.ContainerStateMachine.dispatchCommand(ContainerStateMachine.java:347) ~[classes/:?]
	at org.apache.hadoop.ozone.container.common.transport.server.ratis.ContainerStateMachine.runCommand(ContainerStateMachine.java:354) ~[classes/:?]
	at org.apache.hadoop.ozone.container.common.transport.server.ratis.ContainerStateMachine.lambda$handleWriteChunk$0(ContainerStateMachine.java:385) ~[classes/:?]
	at java.util.concurrent.CompletableFuture$AsyncSupply.run(CompletableFuture.java:1590) [?:1.8.0_212]
	at java.util.concurrent.ThreadPoolExecutor.runWorker(ThreadPoolExecutor.java:1149) [?:1.8.0_212]
	at java.util.concurrent.ThreadPoolExecutor$Worker.run(ThreadPoolExecutor.java:624) [?:1.8.0_212]
	at java.lang.Thread.run(Thread.java:748) [?:1.8.0_212]
2019-06-18 00:55:52,090 INFO  impl.HddsDispatcher (ContainerUtils.java:logAndReturnError(146)) - Operation: WriteChunk : Trace ID: d3c9b085b4112fbb:4d64b291777cd067:8820a4febaeac7cf:0 : Message: ContainerID 3 creation failed : Result: DISK_OUT_OF_SPACE
2019-06-18 00:55:52,090 INFO  keyvalue.KeyValueHandler (ContainerUtils.java:logAndReturnError(146)) - Operation: CreateContainer : Trace ID: d3c9b085b4112fbb:4d64b291777cd067:8820a4febaeac7cf:0 : Message: Container creation failed, due to disk out of space : Result: DISK_OUT_OF_SPACE
00:55:52.090 [pool-47-thread-8] ERROR DNAudit - user=null | ip=null | op=WRITE_CHUNK {blockData=conID: 3 locID: 102289857057521793 bcsId: 0} | ret=FAILURE
org.apache.hadoop.hdds.scm.container.common.helpers.StorageContainerException: ContainerID 3 creation failed
	at org.apache.hadoop.ozone.container.common.impl.HddsDispatcher.dispatchRequest(HddsDispatcher.java:227) ~[classes/:?]
	at org.apache.hadoop.ozone.container.common.impl.HddsDispatcher.dispatch(HddsDispatcher.java:148) ~[classes/:?]
	at org.apache.hadoop.ozone.container.common.transport.server.ratis.ContainerStateMachine.dispatchCommand(ContainerStateMachine.java:347) ~[classes/:?]
	at org.apache.hadoop.ozone.container.common.transport.server.ratis.ContainerStateMachine.runCommand(ContainerStateMachine.java:354) ~[classes/:?]
	at org.apache.hadoop.ozone.container.common.transport.server.ratis.ContainerStateMachine.lambda$handleWriteChunk$0(ContainerStateMachine.java:385) ~[classes/:?]
	at java.util.concurrent.CompletableFuture$AsyncSupply.run(CompletableFuture.java:1590) [?:1.8.0_212]
	at java.util.concurrent.ThreadPoolExecutor.runWorker(ThreadPoolExecutor.java:1149) [?:1.8.0_212]
	at java.util.concurrent.ThreadPoolExecutor$Worker.run(ThreadPoolExecutor.java:624) [?:1.8.0_212]
	at java.lang.Thread.run(Thread.java:748) [?:1.8.0_212]
2019-06-18 00:55:52,091 INFO  impl.HddsDispatcher (ContainerUtils.java:logAndReturnError(146)) - Operation: WriteChunk : Trace ID: d3c9b085b4112fbb:4d64b291777cd067:8820a4febaeac7cf:0 : Message: ContainerID 3 creation failed : Result: DISK_OUT_OF_SPACE
00:55:52.095 [pool-30-thread-1] ERROR DNAudit - user=null | ip=null | op=WRITE_CHUNK {blockData=conID: 3 locID: 102289857057521793 bcsId: 0} | ret=FAILURE
org.apache.hadoop.hdds.scm.container.common.helpers.StorageContainerException: ContainerID 3 does not exist
	at org.apache.hadoop.ozone.container.common.impl.HddsDispatcher.dispatchRequest(HddsDispatcher.java:242) ~[classes/:?]
	at org.apache.hadoop.ozone.container.common.impl.HddsDispatcher.dispatch(HddsDispatcher.java:148) ~[classes/:?]
	at org.apache.hadoop.ozone.container.common.transport.server.ratis.ContainerStateMachine.dispatchCommand(ContainerStateMachine.java:347) ~[classes/:?]
	at org.apache.hadoop.ozone.container.common.transport.server.ratis.ContainerStateMachine.runCommand(ContainerStateMachine.java:354) ~[classes/:?]
	at org.apache.hadoop.ozone.container.common.transport.server.ratis.ContainerStateMachine.lambda$applyTransaction$5(ContainerStateMachine.java:621) ~[classes/:?]
	at java.util.concurrent.CompletableFuture$AsyncSupply.run(CompletableFuture.java:1590) [?:1.8.0_212]
	at java.util.concurrent.ThreadPoolExecutor.runWorker(ThreadPoolExecutor.java:1149) [?:1.8.0_212]
	at java.util.concurrent.ThreadPoolExecutor$Worker.run(ThreadPoolExecutor.java:624) [?:1.8.0_212]
	at java.lang.Thread.run(Thread.java:748) [?:1.8.0_212]
2019-06-18 00:55:52,096 INFO  impl.HddsDispatcher (ContainerUtils.java:logAndReturnError(146)) - Operation: WriteChunk : Trace ID: d3c9b085b4112fbb:4d64b291777cd067:8820a4febaeac7cf:0 : Message: ContainerID 3 does not exist : Result: CONTAINER_NOT_FOUND
00:55:52.099 [pool-30-thread-1] ERROR DNAudit - user=null | ip=null | op=PUT_BLOCK {blockData=[blockId=conID: 3 locID: 102289857057521793 bcsId: 0,size=10240]} | ret=FAILURE
org.apache.hadoop.hdds.scm.container.common.helpers.StorageContainerException: ContainerID 3 does not exist
	at org.apache.hadoop.ozone.container.common.impl.HddsDispatcher.dispatchRequest(HddsDispatcher.java:242) ~[classes/:?]
	at org.apache.hadoop.ozone.container.common.impl.HddsDispatcher.dispatch(HddsDispatcher.java:148) ~[classes/:?]
	at org.apache.hadoop.ozone.container.common.transport.server.ratis.ContainerStateMachine.dispatchCommand(ContainerStateMachine.java:347) ~[classes/:?]
	at org.apache.hadoop.ozone.container.common.transport.server.ratis.ContainerStateMachine.runCommand(ContainerStateMachine.java:354) ~[classes/:?]
	at org.apache.hadoop.ozone.container.common.transport.server.ratis.ContainerStateMachine.lambda$applyTransaction$5(ContainerStateMachine.java:621) ~[classes/:?]
	at java.util.concurrent.CompletableFuture$AsyncSupply.run(CompletableFuture.java:1590) [?:1.8.0_212]
	at java.util.concurrent.ThreadPoolExecutor.runWorker(ThreadPoolExecutor.java:1149) [?:1.8.0_212]
	at java.util.concurrent.ThreadPoolExecutor$Worker.run(ThreadPoolExecutor.java:624) [?:1.8.0_212]
	at java.lang.Thread.run(Thread.java:748) [?:1.8.0_212]
2019-06-18 00:55:52,099 INFO  client.GrpcClientProtocolClient (GrpcClientProtocolClient.java:onNext(254)) - client-7D96FB2A9EE9->2d9c32cf-d138-46ed-86fe-555b0f222d66: receive RaftClientReply:client-7D96FB2A9EE9->2d9c32cf-d138-46ed-86fe-555b0f222d66@group-F789D1FF0E52, cid=188, SUCCESS, logIndex=268, commits[2d9c32cf-d138-46ed-86fe-555b0f222d66:c268, 7d41c113-78b8-42e0-973f-a2985e127fce:c267, 845dac45-d65a-40db-aa8d-9123cdf470a5:c266]
2019-06-18 00:55:52,099 INFO  impl.HddsDispatcher (ContainerUtils.java:logAndReturnError(146)) - Operation: PutBlock : Trace ID: d3c9b085b4112fbb:230e2b3a39e675df:8820a4febaeac7cf:0 : Message: ContainerID 3 does not exist : Result: CONTAINER_NOT_FOUND
00:55:52.105 [pool-51-thread-1] ERROR DNAudit - user=null | ip=null | op=WRITE_CHUNK {blockData=conID: 3 locID: 102289857057521793 bcsId: 0} | ret=FAILURE
org.apache.hadoop.hdds.scm.container.common.helpers.StorageContainerException: ContainerID 3 does not exist
	at org.apache.hadoop.ozone.container.common.impl.HddsDispatcher.dispatchRequest(HddsDispatcher.java:242) ~[classes/:?]
	at org.apache.hadoop.ozone.container.common.impl.HddsDispatcher.dispatch(HddsDispatcher.java:148) ~[classes/:?]
	at org.apache.hadoop.ozone.container.common.transport.server.ratis.ContainerStateMachine.dispatchCommand(ContainerStateMachine.java:347) ~[classes/:?]
	at org.apache.hadoop.ozone.container.common.transport.server.ratis.ContainerStateMachine.runCommand(ContainerStateMachine.java:354) ~[classes/:?]
	at org.apache.hadoop.ozone.container.common.transport.server.ratis.ContainerStateMachine.lambda$applyTransaction$5(ContainerStateMachine.java:621) ~[classes/:?]
	at java.util.concurrent.CompletableFuture$AsyncSupply.run(CompletableFuture.java:1590) [?:1.8.0_212]
	at java.util.concurrent.ThreadPoolExecutor.runWorker(ThreadPoolExecutor.java:1149) [?:1.8.0_212]
	at java.util.concurrent.ThreadPoolExecutor$Worker.run(ThreadPoolExecutor.java:624) [?:1.8.0_212]
	at java.lang.Thread.run(Thread.java:748) [?:1.8.0_212]
2019-06-18 00:55:52,105 INFO  impl.HddsDispatcher (ContainerUtils.java:logAndReturnError(146)) - Operation: WriteChunk : Trace ID: d3c9b085b4112fbb:4d64b291777cd067:8820a4febaeac7cf:0 : Message: ContainerID 3 does not exist : Result: CONTAINER_NOT_FOUND
2019-06-18 00:55:52,109 ERROR storage.BlockOutputStream (BlockOutputStream.java:validateResponse(538)) - Unexpected Storage Container Exception: 
org.apache.hadoop.hdds.scm.container.common.helpers.StorageContainerException: ContainerID 3 does not exist
	at org.apache.hadoop.hdds.scm.storage.ContainerProtocolCalls.validateContainerResponse(ContainerProtocolCalls.java:536)
	at org.apache.hadoop.hdds.scm.storage.BlockOutputStream.validateResponse(BlockOutputStream.java:536)
	at org.apache.hadoop.hdds.scm.storage.BlockOutputStream.lambda$writeChunkToContainer$2(BlockOutputStream.java:614)
	at java.util.concurrent.CompletableFuture.uniApply(CompletableFuture.java:602)
	at java.util.concurrent.CompletableFuture$UniApply.tryFire(CompletableFuture.java:577)
	at java.util.concurrent.CompletableFuture$Completion.run(CompletableFuture.java:442)
	at java.util.concurrent.ThreadPoolExecutor.runWorker(ThreadPoolExecutor.java:1149)
	at java.util.concurrent.ThreadPoolExecutor$Worker.run(ThreadPoolExecutor.java:624)
	at java.lang.Thread.run(Thread.java:748)
00:55:52.115 [pool-51-thread-1] ERROR DNAudit - user=null | ip=null | op=PUT_BLOCK {blockData=[blockId=conID: 3 locID: 102289857057521793 bcsId: 0,size=10240]} | ret=FAILURE
org.apache.hadoop.hdds.scm.container.common.helpers.StorageContainerException: ContainerID 3 does not exist
	at org.apache.hadoop.ozone.container.common.impl.HddsDispatcher.dispatchRequest(HddsDispatcher.java:242) ~[classes/:?]
	at org.apache.hadoop.ozone.container.common.impl.HddsDispatcher.dispatch(HddsDispatcher.java:148) ~[classes/:?]
	at org.apache.hadoop.ozone.container.common.transport.server.ratis.ContainerStateMachine.dispatchCommand(ContainerStateMachine.java:347) ~[classes/:?]
	at org.apache.hadoop.ozone.container.common.transport.server.ratis.ContainerStateMachine.runCommand(ContainerStateMachine.java:354) ~[classes/:?]
	at org.apache.hadoop.ozone.container.common.transport.server.ratis.ContainerStateMachine.lambda$applyTransaction$5(ContainerStateMachine.java:621) ~[classes/:?]
	at java.util.concurrent.CompletableFuture$AsyncSupply.run(CompletableFuture.java:1590) [?:1.8.0_212]
	at java.util.concurrent.ThreadPoolExecutor.runWorker(ThreadPoolExecutor.java:1149) [?:1.8.0_212]
	at java.util.concurrent.ThreadPoolExecutor$Worker.run(ThreadPoolExecutor.java:624) [?:1.8.0_212]
	at java.lang.Thread.run(Thread.java:748) [?:1.8.0_212]
2019-06-18 00:55:52,116 INFO  impl.HddsDispatcher (ContainerUtils.java:logAndReturnError(146)) - Operation: PutBlock : Trace ID: d3c9b085b4112fbb:230e2b3a39e675df:8820a4febaeac7cf:0 : Message: ContainerID 3 does not exist : Result: CONTAINER_NOT_FOUND
2019-06-18 00:55:52,117 INFO  client.GrpcClientProtocolClient (GrpcClientProtocolClient.java:onNext(254)) - client-7D96FB2A9EE9->2d9c32cf-d138-46ed-86fe-555b0f222d66: receive RaftClientReply:client-7D96FB2A9EE9->2d9c32cf-d138-46ed-86fe-555b0f222d66@group-F789D1FF0E52, cid=189, SUCCESS, logIndex=269, commits[2d9c32cf-d138-46ed-86fe-555b0f222d66:c269, 7d41c113-78b8-42e0-973f-a2985e127fce:c267, 845dac45-d65a-40db-aa8d-9123cdf470a5:c267]
00:55:52.129 [pool-72-thread-1] ERROR DNAudit - user=null | ip=null | op=WRITE_CHUNK {blockData=conID: 3 locID: 102289857057521793 bcsId: 0} | ret=FAILURE
org.apache.hadoop.hdds.scm.container.common.helpers.StorageContainerException: ContainerID 3 does not exist
	at org.apache.hadoop.ozone.container.common.impl.HddsDispatcher.dispatchRequest(HddsDispatcher.java:242) ~[classes/:?]
	at org.apache.hadoop.ozone.container.common.impl.HddsDispatcher.dispatch(HddsDispatcher.java:148) ~[classes/:?]
	at org.apache.hadoop.ozone.container.common.transport.server.ratis.ContainerStateMachine.dispatchCommand(ContainerStateMachine.java:347) ~[classes/:?]
	at org.apache.hadoop.ozone.container.common.transport.server.ratis.ContainerStateMachine.runCommand(ContainerStateMachine.java:354) ~[classes/:?]
	at org.apache.hadoop.ozone.container.common.transport.server.ratis.ContainerStateMachine.lambda$applyTransaction$5(ContainerStateMachine.java:621) ~[classes/:?]
	at java.util.concurrent.CompletableFuture$AsyncSupply.run(CompletableFuture.java:1590) [?:1.8.0_212]
	at java.util.concurrent.ThreadPoolExecutor.runWorker(ThreadPoolExecutor.java:1149) [?:1.8.0_212]
	at java.util.concurrent.ThreadPoolExecutor$Worker.run(ThreadPoolExecutor.java:624) [?:1.8.0_212]
	at java.lang.Thread.run(Thread.java:748) [?:1.8.0_212]
2019-06-18 00:55:52,130 INFO  impl.HddsDispatcher (ContainerUtils.java:logAndReturnError(146)) - Operation: WriteChunk : Trace ID: d3c9b085b4112fbb:4d64b291777cd067:8820a4febaeac7cf:0 : Message: ContainerID 3 does not exist : Result: CONTAINER_NOT_FOUND
00:55:52.131 [pool-72-thread-1] ERROR DNAudit - user=null | ip=null | op=PUT_BLOCK {blockData=[blockId=conID: 3 locID: 102289857057521793 bcsId: 0,size=10240]} | ret=FAILURE
org.apache.hadoop.hdds.scm.container.common.helpers.StorageContainerException: ContainerID 3 does not exist
	at org.apache.hadoop.ozone.container.common.impl.HddsDispatcher.dispatchRequest(HddsDispatcher.java:242) ~[classes/:?]
	at org.apache.hadoop.ozone.container.common.impl.HddsDispatcher.dispatch(HddsDispatcher.java:148) ~[classes/:?]
	at org.apache.hadoop.ozone.container.common.transport.server.ratis.ContainerStateMachine.dispatchCommand(ContainerStateMachine.java:347) ~[classes/:?]
	at org.apache.hadoop.ozone.container.common.transport.server.ratis.ContainerStateMachine.runCommand(ContainerStateMachine.java:354) ~[classes/:?]
	at org.apache.hadoop.ozone.container.common.transport.server.ratis.ContainerStateMachine.lambda$applyTransaction$5(ContainerStateMachine.java:621) ~[classes/:?]
	at java.util.concurrent.CompletableFuture$AsyncSupply.run(CompletableFuture.java:1590) [?:1.8.0_212]
	at java.util.concurrent.ThreadPoolExecutor.runWorker(ThreadPoolExecutor.java:1149) [?:1.8.0_212]
	at java.util.concurrent.ThreadPoolExecutor$Worker.run(ThreadPoolExecutor.java:624) [?:1.8.0_212]
	at java.lang.Thread.run(Thread.java:748) [?:1.8.0_212]
2019-06-18 00:55:52,131 INFO  impl.HddsDispatcher (ContainerUtils.java:logAndReturnError(146)) - Operation: PutBlock : Trace ID: d3c9b085b4112fbb:230e2b3a39e675df:8820a4febaeac7cf:0 : Message: ContainerID 3 does not exist : Result: CONTAINER_NOT_FOUND
2019-06-18 00:55:52,149 ERROR freon.RandomKeyGenerator (RandomKeyGenerator.java:run(675)) - Exception while adding key: key-0-93436 in bucket: org.apache.hadoop.ozone.client.OzoneBucket@72fa82e of volume: org.apache.hadoop.ozone.client.OzoneVolume@4bda18b4.
java.io.IOException: Unexpected Storage Container Exception: org.apache.hadoop.hdds.scm.container.common.helpers.StorageContainerException: ContainerID 3 does not exist
	at org.apache.hadoop.hdds.scm.storage.BlockOutputStream.setIoException(BlockOutputStream.java:548)
	at org.apache.hadoop.hdds.scm.storage.BlockOutputStream.validateResponse(BlockOutputStream.java:539)
	at org.apache.hadoop.hdds.scm.storage.BlockOutputStream.lambda$writeChunkToContainer$2(BlockOutputStream.java:614)
	at java.util.concurrent.CompletableFuture.uniApply(CompletableFuture.java:602)
	at java.util.concurrent.CompletableFuture$UniApply.tryFire(CompletableFuture.java:577)
	at java.util.concurrent.CompletableFuture$Completion.run(CompletableFuture.java:442)
	at java.util.concurrent.ThreadPoolExecutor.runWorker(ThreadPoolExecutor.java:1149)
	at java.util.concurrent.ThreadPoolExecutor$Worker.run(ThreadPoolExecutor.java:624)
	at java.lang.Thread.run(Thread.java:748)
Caused by: org.apache.hadoop.hdds.scm.container.common.helpers.StorageContainerException: ContainerID 3 does not exist
	at org.apache.hadoop.hdds.scm.storage.ContainerProtocolCalls.validateContainerResponse(ContainerProtocolCalls.java:536)
	at org.apache.hadoop.hdds.scm.storage.BlockOutputStream.validateResponse(BlockOutputStream.java:536)
	... 7 more
2019-06-18 00:55:52,149 INFO  client.GrpcClientProtocolClient (GrpcClientProtocolClient.java:onNext(254)) - client-7D96FB2A9EE9->2d9c32cf-d138-46ed-86fe-555b0f222d66: receive RaftClientReply:client-7D96FB2A9EE9->2d9c32cf-d138-46ed-86fe-555b0f222d66@group-F789D1FF0E52, cid=191, SUCCESS, logIndex=272, commits[2d9c32cf-d138-46ed-86fe-555b0f222d66:c272, 7d41c113-78b8-42e0-973f-a2985e127fce:c270, 845dac45-d65a-40db-aa8d-9123cdf470a5:c269]
2019-06-18 00:55:52,153 INFO  client.GrpcClientProtocolClient (GrpcClientProtocolClient.java:onNext(254)) - client-7D96FB2A9EE9->2d9c32cf-d138-46ed-86fe-555b0f222d66: receive RaftClientReply:client-7D96FB2A9EE9->2d9c32cf-d138-46ed-86fe-555b0f222d66@group-F789D1FF0E52, cid=192, SUCCESS, logIndex=273, commits[2d9c32cf-d138-46ed-86fe-555b0f222d66:c273, 7d41c113-78b8-42e0-973f-a2985e127fce:c270, 845dac45-d65a-40db-aa8d-9123cdf470a5:c269]
2019-06-18 00:55:52,170 INFO  client.GrpcClientProtocolClient (GrpcClientProtocolClient.java:onNext(254)) - client-7D96FB2A9EE9->2d9c32cf-d138-46ed-86fe-555b0f222d66: receive RaftClientReply:client-7D96FB2A9EE9->2d9c32cf-d138-46ed-86fe-555b0f222d66@group-F789D1FF0E52, cid=194, SUCCESS, logIndex=0, commits[2d9c32cf-d138-46ed-86fe-555b0f222d66:c275, 7d41c113-78b8-42e0-973f-a2985e127fce:c273, 845dac45-d65a-40db-aa8d-9123cdf470a5:c273]
2019-06-18 00:55:52,171 INFO  client.GrpcClientProtocolClient (GrpcClientProtocolClient.java:onNext(254)) - client-7D96FB2A9EE9->2d9c32cf-d138-46ed-86fe-555b0f222d66: receive RaftClientReply:client-7D96FB2A9EE9->2d9c32cf-d138-46ed-86fe-555b0f222d66@group-F789D1FF0E52, cid=193, SUCCESS, logIndex=276, commits[2d9c32cf-d138-46ed-86fe-555b0f222d66:c276, 7d41c113-78b8-42e0-973f-a2985e127fce:c273, 845dac45-d65a-40db-aa8d-9123cdf470a5:c274]
2019-06-18 00:55:52,197 INFO  client.GrpcClientProtocolClient (GrpcClientProtocolClient.java:onNext(254)) - client-7D96FB2A9EE9->2d9c32cf-d138-46ed-86fe-555b0f222d66: receive RaftClientReply:client-7D96FB2A9EE9->2d9c32cf-d138-46ed-86fe-555b0f222d66@group-F789D1FF0E52, cid=195, SUCCESS, logIndex=278, commits[2d9c32cf-d138-46ed-86fe-555b0f222d66:c278, 7d41c113-78b8-42e0-973f-a2985e127fce:c276, 845dac45-d65a-40db-aa8d-9123cdf470a5:c276]
2019-06-18 00:55:52,201 INFO  keyvalue.KeyValueHandler (ContainerUtils.java:logAndReturnError(146)) - Operation: CreateContainer : Trace ID: 61957c05621e9813:1ba9e71c917efe48:10bdddbfed56f2bf:0 : Message: Container creation failed, due to disk out of space : Result: DISK_OUT_OF_SPACE
00:55:52.201 [pool-26-thread-45] ERROR DNAudit - user=null | ip=null | op=WRITE_CHUNK {blockData=conID: 3 locID: 102289857065517191 bcsId: 0} | ret=FAILURE
org.apache.hadoop.hdds.scm.container.common.helpers.StorageContainerException: ContainerID 3 creation failed
	at org.apache.hadoop.ozone.container.common.impl.HddsDispatcher.dispatchRequest(HddsDispatcher.java:227) ~[classes/:?]
	at org.apache.hadoop.ozone.container.common.impl.HddsDispatcher.dispatch(HddsDispatcher.java:148) ~[classes/:?]
	at org.apache.hadoop.ozone.container.common.transport.server.ratis.ContainerStateMachine.dispatchCommand(ContainerStateMachine.java:347) ~[classes/:?]
	at org.apache.hadoop.ozone.container.common.transport.server.ratis.ContainerStateMachine.runCommand(ContainerStateMachine.java:354) ~[classes/:?]
	at org.apache.hadoop.ozone.container.common.transport.server.ratis.ContainerStateMachine.lambda$handleWriteChunk$0(ContainerStateMachine.java:385) ~[classes/:?]
	at java.util.concurrent.CompletableFuture$AsyncSupply.run(CompletableFuture.java:1590) [?:1.8.0_212]
	at java.util.concurrent.ThreadPoolExecutor.runWorker(ThreadPoolExecutor.java:1149) [?:1.8.0_212]
	at java.util.concurrent.ThreadPoolExecutor$Worker.run(ThreadPoolExecutor.java:624) [?:1.8.0_212]
	at java.lang.Thread.run(Thread.java:748) [?:1.8.0_212]
2019-06-18 00:55:52,205 INFO  impl.HddsDispatcher (ContainerUtils.java:logAndReturnError(146)) - Operation: WriteChunk : Trace ID: 61957c05621e9813:1ba9e71c917efe48:10bdddbfed56f2bf:0 : Message: ContainerID 3 creation failed : Result: DISK_OUT_OF_SPACE
2019-06-18 00:55:52,206 INFO  keyvalue.KeyValueHandler (ContainerUtils.java:logAndReturnError(146)) - Operation: CreateContainer : Trace ID: 61957c05621e9813:1ba9e71c917efe48:10bdddbfed56f2bf:0 : Message: Container creation failed, due to disk out of space : Result: DISK_OUT_OF_SPACE
00:55:52.206 [pool-68-thread-14] ERROR DNAudit - user=null | ip=null | op=WRITE_CHUNK {blockData=conID: 3 locID: 102289857065517191 bcsId: 0} | ret=FAILURE
org.apache.hadoop.hdds.scm.container.common.helpers.StorageContainerException: ContainerID 3 creation failed
	at org.apache.hadoop.ozone.container.common.impl.HddsDispatcher.dispatchRequest(HddsDispatcher.java:227) ~[classes/:?]
	at org.apache.hadoop.ozone.container.common.impl.HddsDispatcher.dispatch(HddsDispatcher.java:148) ~[classes/:?]
	at org.apache.hadoop.ozone.container.common.transport.server.ratis.ContainerStateMachine.dispatchCommand(ContainerStateMachine.java:347) ~[classes/:?]
	at org.apache.hadoop.ozone.container.common.transport.server.ratis.ContainerStateMachine.runCommand(ContainerStateMachine.java:354) ~[classes/:?]
	at org.apache.hadoop.ozone.container.common.transport.server.ratis.ContainerStateMachine.lambda$handleWriteChunk$0(ContainerStateMachine.java:385) ~[classes/:?]
	at java.util.concurrent.CompletableFuture$AsyncSupply.run(CompletableFuture.java:1590) [?:1.8.0_212]
	at java.util.concurrent.ThreadPoolExecutor.runWorker(ThreadPoolExecutor.java:1149) [?:1.8.0_212]
	at java.util.concurrent.ThreadPoolExecutor$Worker.run(ThreadPoolExecutor.java:624) [?:1.8.0_212]
	at java.lang.Thread.run(Thread.java:748) [?:1.8.0_212]
2019-06-18 00:55:52,207 INFO  impl.HddsDispatcher (ContainerUtils.java:logAndReturnError(146)) - Operation: WriteChunk : Trace ID: 61957c05621e9813:1ba9e71c917efe48:10bdddbfed56f2bf:0 : Message: ContainerID 3 creation failed : Result: DISK_OUT_OF_SPACE
2019-06-18 00:55:52,207 INFO  keyvalue.KeyValueHandler (ContainerUtils.java:logAndReturnError(146)) - Operation: CreateContainer : Trace ID: 61957c05621e9813:1ba9e71c917efe48:10bdddbfed56f2bf:0 : Message: Container creation failed, due to disk out of space : Result: DISK_OUT_OF_SPACE
00:55:52.207 [pool-47-thread-13] ERROR DNAudit - user=null | ip=null | op=WRITE_CHUNK {blockData=conID: 3 locID: 102289857065517191 bcsId: 0} | ret=FAILURE
org.apache.hadoop.hdds.scm.container.common.helpers.StorageContainerException: ContainerID 3 creation failed
	at org.apache.hadoop.ozone.container.common.impl.HddsDispatcher.dispatchRequest(HddsDispatcher.java:227) ~[classes/:?]
	at org.apache.hadoop.ozone.container.common.impl.HddsDispatcher.dispatch(HddsDispatcher.java:148) ~[classes/:?]
	at org.apache.hadoop.ozone.container.common.transport.server.ratis.ContainerStateMachine.dispatchCommand(ContainerStateMachine.java:347) ~[classes/:?]
	at org.apache.hadoop.ozone.container.common.transport.server.ratis.ContainerStateMachine.runCommand(ContainerStateMachine.java:354) ~[classes/:?]
	at org.apache.hadoop.ozone.container.common.transport.server.ratis.ContainerStateMachine.lambda$handleWriteChunk$0(ContainerStateMachine.java:385) ~[classes/:?]
	at java.util.concurrent.CompletableFuture$AsyncSupply.run(CompletableFuture.java:1590) [?:1.8.0_212]
	at java.util.concurrent.ThreadPoolExecutor.runWorker(ThreadPoolExecutor.java:1149) [?:1.8.0_212]
	at java.util.concurrent.ThreadPoolExecutor$Worker.run(ThreadPoolExecutor.java:624) [?:1.8.0_212]
	at java.lang.Thread.run(Thread.java:748) [?:1.8.0_212]
2019-06-18 00:55:52,208 INFO  impl.HddsDispatcher (ContainerUtils.java:logAndReturnError(146)) - Operation: WriteChunk : Trace ID: 61957c05621e9813:1ba9e71c917efe48:10bdddbfed56f2bf:0 : Message: ContainerID 3 creation failed : Result: DISK_OUT_OF_SPACE
2019-06-18 00:55:52,208 INFO  client.GrpcClientProtocolClient (GrpcClientProtocolClient.java:onNext(254)) - client-7D96FB2A9EE9->2d9c32cf-d138-46ed-86fe-555b0f222d66: receive RaftClientReply:client-7D96FB2A9EE9->2d9c32cf-d138-46ed-86fe-555b0f222d66@group-F789D1FF0E52, cid=198, SUCCESS, logIndex=0, commits[2d9c32cf-d138-46ed-86fe-555b0f222d66:c279, 7d41c113-78b8-42e0-973f-a2985e127fce:c278, 845dac45-d65a-40db-aa8d-9123cdf470a5:c278]
00:55:52.208 [pool-30-thread-1] ERROR DNAudit - user=null | ip=null | op=WRITE_CHUNK {blockData=conID: 3 locID: 102289857065517191 bcsId: 0} | ret=FAILURE
org.apache.hadoop.hdds.scm.container.common.helpers.StorageContainerException: ContainerID 3 does not exist
	at org.apache.hadoop.ozone.container.common.impl.HddsDispatcher.dispatchRequest(HddsDispatcher.java:242) ~[classes/:?]
	at org.apache.hadoop.ozone.container.common.impl.HddsDispatcher.dispatch(HddsDispatcher.java:148) ~[classes/:?]
	at org.apache.hadoop.ozone.container.common.transport.server.ratis.ContainerStateMachine.dispatchCommand(ContainerStateMachine.java:347) ~[classes/:?]
	at org.apache.hadoop.ozone.container.common.transport.server.ratis.ContainerStateMachine.runCommand(ContainerStateMachine.java:354) ~[classes/:?]
	at org.apache.hadoop.ozone.container.common.transport.server.ratis.ContainerStateMachine.lambda$applyTransaction$5(ContainerStateMachine.java:621) ~[classes/:?]
	at java.util.concurrent.CompletableFuture$AsyncSupply.run(CompletableFuture.java:1590) [?:1.8.0_212]
	at java.util.concurrent.ThreadPoolExecutor.runWorker(ThreadPoolExecutor.java:1149) [?:1.8.0_212]
	at java.util.concurrent.ThreadPoolExecutor$Worker.run(ThreadPoolExecutor.java:624) [?:1.8.0_212]
	at java.lang.Thread.run(Thread.java:748) [?:1.8.0_212]
2019-06-18 00:55:52,209 INFO  impl.HddsDispatcher (ContainerUtils.java:logAndReturnError(146)) - Operation: WriteChunk : Trace ID: 61957c05621e9813:1ba9e71c917efe48:10bdddbfed56f2bf:0 : Message: ContainerID 3 does not exist : Result: CONTAINER_NOT_FOUND
00:55:52.211 [pool-51-thread-1] ERROR DNAudit - user=null | ip=null | op=WRITE_CHUNK {blockData=conID: 3 locID: 102289857065517191 bcsId: 0} | ret=FAILURE
org.apache.hadoop.hdds.scm.container.common.helpers.StorageContainerException: ContainerID 3 does not exist
	at org.apache.hadoop.ozone.container.common.impl.HddsDispatcher.dispatchRequest(HddsDispatcher.java:242) ~[classes/:?]
	at org.apache.hadoop.ozone.container.common.impl.HddsDispatcher.dispatch(HddsDispatcher.java:148) ~[classes/:?]
	at org.apache.hadoop.ozone.container.common.transport.server.ratis.ContainerStateMachine.dispatchCommand(ContainerStateMachine.java:347) ~[classes/:?]
	at org.apache.hadoop.ozone.container.common.transport.server.ratis.ContainerStateMachine.runCommand(ContainerStateMachine.java:354) ~[classes/:?]
	at org.apache.hadoop.ozone.container.common.transport.server.ratis.ContainerStateMachine.lambda$applyTransaction$5(ContainerStateMachine.java:621) ~[classes/:?]
	at java.util.concurrent.CompletableFuture$AsyncSupply.run(CompletableFuture.java:1590) [?:1.8.0_212]
	at java.util.concurrent.ThreadPoolExecutor.runWorker(ThreadPoolExecutor.java:1149) [?:1.8.0_212]
	at java.util.concurrent.ThreadPoolExecutor$Worker.run(ThreadPoolExecutor.java:624) [?:1.8.0_212]
	at java.lang.Thread.run(Thread.java:748) [?:1.8.0_212]
2019-06-18 00:55:52,211 INFO  impl.HddsDispatcher (ContainerUtils.java:logAndReturnError(146)) - Operation: WriteChunk : Trace ID: 61957c05621e9813:1ba9e71c917efe48:10bdddbfed56f2bf:0 : Message: ContainerID 3 does not exist : Result: CONTAINER_NOT_FOUND
2019-06-18 00:55:52,213 INFO  client.GrpcClientProtocolClient (GrpcClientProtocolClient.java:onNext(254)) - client-7D96FB2A9EE9->2d9c32cf-d138-46ed-86fe-555b0f222d66: receive RaftClientReply:client-7D96FB2A9EE9->2d9c32cf-d138-46ed-86fe-555b0f222d66@group-F789D1FF0E52, cid=196, SUCCESS, logIndex=280, commits[2d9c32cf-d138-46ed-86fe-555b0f222d66:c280, 7d41c113-78b8-42e0-973f-a2985e127fce:c279, 845dac45-d65a-40db-aa8d-9123cdf470a5:c278]
00:55:52.214 [pool-72-thread-1] ERROR DNAudit - user=null | ip=null | op=WRITE_CHUNK {blockData=conID: 3 locID: 102289857065517191 bcsId: 0} | ret=FAILURE
org.apache.hadoop.hdds.scm.container.common.helpers.StorageContainerException: ContainerID 3 does not exist
	at org.apache.hadoop.ozone.container.common.impl.HddsDispatcher.dispatchRequest(HddsDispatcher.java:242) ~[classes/:?]
	at org.apache.hadoop.ozone.container.common.impl.HddsDispatcher.dispatch(HddsDispatcher.java:148) ~[classes/:?]
	at org.apache.hadoop.ozone.container.common.transport.server.ratis.ContainerStateMachine.dispatchCommand(ContainerStateMachine.java:347) ~[classes/:?]
	at org.apache.hadoop.ozone.container.common.transport.server.ratis.ContainerStateMachine.runCommand(ContainerStateMachine.java:354) ~[classes/:?]
	at org.apache.hadoop.ozone.container.common.transport.server.ratis.ContainerStateMachine.lambda$applyTransaction$5(ContainerStateMachine.java:621) ~[classes/:?]
	at java.util.concurrent.CompletableFuture$AsyncSupply.run(CompletableFuture.java:1590) [?:1.8.0_212]
	at java.util.concurrent.ThreadPoolExecutor.runWorker(ThreadPoolExecutor.java:1149) [?:1.8.0_212]
	at java.util.concurrent.ThreadPoolExecutor$Worker.run(ThreadPoolExecutor.java:624) [?:1.8.0_212]
	at java.lang.Thread.run(Thread.java:748) [?:1.8.0_212]
2019-06-18 00:55:52,215 INFO  impl.HddsDispatcher (ContainerUtils.java:logAndReturnError(146)) - Operation: WriteChunk : Trace ID: 61957c05621e9813:1ba9e71c917efe48:10bdddbfed56f2bf:0 : Message: ContainerID 3 does not exist : Result: CONTAINER_NOT_FOUND
2019-06-18 00:55:52,216 ERROR storage.BlockOutputStream (BlockOutputStream.java:validateResponse(538)) - Unexpected Storage Container Exception: 
org.apache.hadoop.hdds.scm.container.common.helpers.StorageContainerException: ContainerID 3 does not exist
	at org.apache.hadoop.hdds.scm.storage.ContainerProtocolCalls.validateContainerResponse(ContainerProtocolCalls.java:536)
	at org.apache.hadoop.hdds.scm.storage.BlockOutputStream.validateResponse(BlockOutputStream.java:536)
	at org.apache.hadoop.hdds.scm.storage.BlockOutputStream.lambda$writeChunkToContainer$2(BlockOutputStream.java:614)
	at java.util.concurrent.CompletableFuture.uniApply(CompletableFuture.java:602)
	at java.util.concurrent.CompletableFuture$UniApply.tryFire(CompletableFuture.java:577)
	at java.util.concurrent.CompletableFuture$Completion.run(CompletableFuture.java:442)
	at java.util.concurrent.ThreadPoolExecutor.runWorker(ThreadPoolExecutor.java:1149)
	at java.util.concurrent.ThreadPoolExecutor$Worker.run(ThreadPoolExecutor.java:624)
	at java.lang.Thread.run(Thread.java:748)
00:55:52.217 [pool-30-thread-1] ERROR DNAudit - user=null | ip=null | op=PUT_BLOCK {blockData=[blockId=conID: 3 locID: 102289857065517191 bcsId: 0,size=10240]} | ret=FAILURE
org.apache.hadoop.hdds.scm.container.common.helpers.StorageContainerException: ContainerID 3 does not exist
	at org.apache.hadoop.ozone.container.common.impl.HddsDispatcher.dispatchRequest(HddsDispatcher.java:242) ~[classes/:?]
	at org.apache.hadoop.ozone.container.common.impl.HddsDispatcher.dispatch(HddsDispatcher.java:148) ~[classes/:?]
	at org.apache.hadoop.ozone.container.common.transport.server.ratis.ContainerStateMachine.dispatchCommand(ContainerStateMachine.java:347) ~[classes/:?]
	at org.apache.hadoop.ozone.container.common.transport.server.ratis.ContainerStateMachine.runCommand(ContainerStateMachine.java:354) ~[classes/:?]
	at org.apache.hadoop.ozone.container.common.transport.server.ratis.ContainerStateMachine.lambda$applyTransaction$5(ContainerStateMachine.java:621) ~[classes/:?]
	at java.util.concurrent.CompletableFuture$AsyncSupply.run(CompletableFuture.java:1590) [?:1.8.0_212]
	at java.util.concurrent.ThreadPoolExecutor.runWorker(ThreadPoolExecutor.java:1149) [?:1.8.0_212]
	at java.util.concurrent.ThreadPoolExecutor$Worker.run(ThreadPoolExecutor.java:624) [?:1.8.0_212]
	at java.lang.Thread.run(Thread.java:748) [?:1.8.0_212]
2019-06-18 00:55:52,217 INFO  impl.HddsDispatcher (ContainerUtils.java:logAndReturnError(146)) - Operation: PutBlock : Trace ID: 61957c05621e9813:61ed45df50bfb04:10bdddbfed56f2bf:0 : Message: ContainerID 3 does not exist : Result: CONTAINER_NOT_FOUND
2019-06-18 00:55:52,218 INFO  client.GrpcClientProtocolClient (GrpcClientProtocolClient.java:onNext(254)) - client-7D96FB2A9EE9->2d9c32cf-d138-46ed-86fe-555b0f222d66: receive RaftClientReply:client-7D96FB2A9EE9->2d9c32cf-d138-46ed-86fe-555b0f222d66@group-F789D1FF0E52, cid=197, SUCCESS, logIndex=282, commits[2d9c32cf-d138-46ed-86fe-555b0f222d66:c282, 7d41c113-78b8-42e0-973f-a2985e127fce:c280, 845dac45-d65a-40db-aa8d-9123cdf470a5:c281]
2019-06-18 00:55:52,221 ERROR freon.RandomKeyGenerator (RandomKeyGenerator.java:run(675)) - Exception while adding key: key-9-16270 in bucket: org.apache.hadoop.ozone.client.OzoneBucket@250a6197 of volume: org.apache.hadoop.ozone.client.OzoneVolume@ddbf95a.
java.io.IOException: Unexpected Storage Container Exception: org.apache.hadoop.hdds.scm.container.common.helpers.StorageContainerException: ContainerID 3 does not exist
	at org.apache.hadoop.hdds.scm.storage.BlockOutputStream.setIoException(BlockOutputStream.java:548)
	at org.apache.hadoop.hdds.scm.storage.BlockOutputStream.validateResponse(BlockOutputStream.java:539)
	at org.apache.hadoop.hdds.scm.storage.BlockOutputStream.lambda$writeChunkToContainer$2(BlockOutputStream.java:614)
	at java.util.concurrent.CompletableFuture.uniApply(CompletableFuture.java:602)
	at java.util.concurrent.CompletableFuture$UniApply.tryFire(CompletableFuture.java:577)
	at java.util.concurrent.CompletableFuture$Completion.run(CompletableFuture.java:442)
	at java.util.concurrent.ThreadPoolExecutor.runWorker(ThreadPoolExecutor.java:1149)
	at java.util.concurrent.ThreadPoolExecutor$Worker.run(ThreadPoolExecutor.java:624)
	at java.lang.Thread.run(Thread.java:748)
Caused by: org.apache.hadoop.hdds.scm.container.common.helpers.StorageContainerException: ContainerID 3 does not exist
	at org.apache.hadoop.hdds.scm.storage.ContainerProtocolCalls.validateContainerResponse(ContainerProtocolCalls.java:536)
	at org.apache.hadoop.hdds.scm.storage.BlockOutputStream.validateResponse(BlockOutputStream.java:536)
	... 7 more
2019-06-18 00:55:52,222 INFO  rpc.RpcClient (RpcClient.java:createBucket(426)) - Creating Bucket: vol-1-67285/bucket-3-89062, with Versioning false and Storage Type set to DISK and Encryption set to false 
00:55:52.222 [pool-72-thread-1] ERROR DNAudit - user=null | ip=null | op=PUT_BLOCK {blockData=[blockId=conID: 3 locID: 102289857065517191 bcsId: 0,size=10240]} | ret=FAILURE
org.apache.hadoop.hdds.scm.container.common.helpers.StorageContainerException: ContainerID 3 does not exist
	at org.apache.hadoop.ozone.container.common.impl.HddsDispatcher.dispatchRequest(HddsDispatcher.java:242) ~[classes/:?]
	at org.apache.hadoop.ozone.container.common.impl.HddsDispatcher.dispatch(HddsDispatcher.java:148) ~[classes/:?]
	at org.apache.hadoop.ozone.container.common.transport.server.ratis.ContainerStateMachine.dispatchCommand(ContainerStateMachine.java:347) ~[classes/:?]
	at org.apache.hadoop.ozone.container.common.transport.server.ratis.ContainerStateMachine.runCommand(ContainerStateMachine.java:354) ~[classes/:?]
	at org.apache.hadoop.ozone.container.common.transport.server.ratis.ContainerStateMachine.lambda$applyTransaction$5(ContainerStateMachine.java:621) ~[classes/:?]
	at java.util.concurrent.CompletableFuture$AsyncSupply.run(CompletableFuture.java:1590) [?:1.8.0_212]
	at java.util.concurrent.ThreadPoolExecutor.runWorker(ThreadPoolExecutor.java:1149) [?:1.8.0_212]
	at java.util.concurrent.ThreadPoolExecutor$Worker.run(ThreadPoolExecutor.java:624) [?:1.8.0_212]
	at java.lang.Thread.run(Thread.java:748) [?:1.8.0_212]
2019-06-18 00:55:52,222 INFO  impl.HddsDispatcher (ContainerUtils.java:logAndReturnError(146)) - Operation: PutBlock : Trace ID: 61957c05621e9813:61ed45df50bfb04:10bdddbfed56f2bf:0 : Message: ContainerID 3 does not exist : Result: CONTAINER_NOT_FOUND
00:55:52.224 [pool-51-thread-1] ERROR DNAudit - user=null | ip=null | op=PUT_BLOCK {blockData=[blockId=conID: 3 locID: 102289857065517191 bcsId: 0,size=10240]} | ret=FAILURE
org.apache.hadoop.hdds.scm.container.common.helpers.StorageContainerException: ContainerID 3 does not exist
	at org.apache.hadoop.ozone.container.common.impl.HddsDispatcher.dispatchRequest(HddsDispatcher.java:242) ~[classes/:?]
	at org.apache.hadoop.ozone.container.common.impl.HddsDispatcher.dispatch(HddsDispatcher.java:148) ~[classes/:?]
	at org.apache.hadoop.ozone.container.common.transport.server.ratis.ContainerStateMachine.dispatchCommand(ContainerStateMachine.java:347) ~[classes/:?]
	at org.apache.hadoop.ozone.container.common.transport.server.ratis.ContainerStateMachine.runCommand(ContainerStateMachine.java:354) ~[classes/:?]
	at org.apache.hadoop.ozone.container.common.transport.server.ratis.ContainerStateMachine.lambda$applyTransaction$5(ContainerStateMachine.java:621) ~[classes/:?]
	at java.util.concurrent.CompletableFuture$AsyncSupply.run(CompletableFuture.java:1590) [?:1.8.0_212]
	at java.util.concurrent.ThreadPoolExecutor.runWorker(ThreadPoolExecutor.java:1149) [?:1.8.0_212]
	at java.util.concurrent.ThreadPoolExecutor$Worker.run(ThreadPoolExecutor.java:624) [?:1.8.0_212]
	at java.lang.Thread.run(Thread.java:748) [?:1.8.0_212]
2019-06-18 00:55:52,224 INFO  impl.HddsDispatcher (ContainerUtils.java:logAndReturnError(146)) - Operation: PutBlock : Trace ID: 61957c05621e9813:61ed45df50bfb04:10bdddbfed56f2bf:0 : Message: ContainerID 3 does not exist : Result: CONTAINER_NOT_FOUND
2019-06-18 00:55:52,230 INFO  client.GrpcClientProtocolClient (GrpcClientProtocolClient.java:onNext(254)) - client-7D96FB2A9EE9->2d9c32cf-d138-46ed-86fe-555b0f222d66: receive RaftClientReply:client-7D96FB2A9EE9->2d9c32cf-d138-46ed-86fe-555b0f222d66@group-F789D1FF0E52, cid=199, SUCCESS, logIndex=284, commits[2d9c32cf-d138-46ed-86fe-555b0f222d66:c284, 7d41c113-78b8-42e0-973f-a2985e127fce:c282, 845dac45-d65a-40db-aa8d-9123cdf470a5:c282]
2019-06-18 00:55:52,232 INFO  client.GrpcClientProtocolClient (GrpcClientProtocolClient.java:onNext(254)) - client-7D96FB2A9EE9->2d9c32cf-d138-46ed-86fe-555b0f222d66: receive RaftClientReply:client-7D96FB2A9EE9->2d9c32cf-d138-46ed-86fe-555b0f222d66@group-F789D1FF0E52, cid=200, SUCCESS, logIndex=285, commits[2d9c32cf-d138-46ed-86fe-555b0f222d66:c286, 7d41c113-78b8-42e0-973f-a2985e127fce:c284, 845dac45-d65a-40db-aa8d-9123cdf470a5:c284]
2019-06-18 00:55:52,235 INFO  client.GrpcClientProtocolClient (GrpcClientProtocolClient.java:onNext(254)) - client-7D96FB2A9EE9->2d9c32cf-d138-46ed-86fe-555b0f222d66: receive RaftClientReply:client-7D96FB2A9EE9->2d9c32cf-d138-46ed-86fe-555b0f222d66@group-F789D1FF0E52, cid=201, SUCCESS, logIndex=287, commits[2d9c32cf-d138-46ed-86fe-555b0f222d66:c287, 7d41c113-78b8-42e0-973f-a2985e127fce:c284, 845dac45-d65a-40db-aa8d-9123cdf470a5:c286]
2019-06-18 00:55:52,238 INFO  client.GrpcClientProtocolClient (GrpcClientProtocolClient.java:onNext(254)) - client-7D96FB2A9EE9->2d9c32cf-d138-46ed-86fe-555b0f222d66: receive RaftClientReply:client-7D96FB2A9EE9->2d9c32cf-d138-46ed-86fe-555b0f222d66@group-F789D1FF0E52, cid=202, SUCCESS, logIndex=288, commits[2d9c32cf-d138-46ed-86fe-555b0f222d66:c288, 7d41c113-78b8-42e0-973f-a2985e127fce:c286, 845dac45-d65a-40db-aa8d-9123cdf470a5:c286]
2019-06-18 00:55:52,240 INFO  client.GrpcClientProtocolClient (GrpcClientProtocolClient.java:onNext(254)) - client-7D96FB2A9EE9->2d9c32cf-d138-46ed-86fe-555b0f222d66: receive RaftClientReply:client-7D96FB2A9EE9->2d9c32cf-d138-46ed-86fe-555b0f222d66@group-F789D1FF0E52, cid=203, SUCCESS, logIndex=0, commits[2d9c32cf-d138-46ed-86fe-555b0f222d66:c287, 7d41c113-78b8-42e0-973f-a2985e127fce:c286, 845dac45-d65a-40db-aa8d-9123cdf470a5:c286]
2019-06-18 00:55:52,241 INFO  client.GrpcClientProtocolClient (GrpcClientProtocolClient.java:onNext(254)) - client-7D96FB2A9EE9->2d9c32cf-d138-46ed-86fe-555b0f222d66: receive RaftClientReply:client-7D96FB2A9EE9->2d9c32cf-d138-46ed-86fe-555b0f222d66@group-F789D1FF0E52, cid=204, SUCCESS, logIndex=0, commits[2d9c32cf-d138-46ed-86fe-555b0f222d66:c290, 7d41c113-78b8-42e0-973f-a2985e127fce:c288, 845dac45-d65a-40db-aa8d-9123cdf470a5:c288]
2019-06-18 00:55:52,250 INFO  keyvalue.KeyValueHandler (ContainerUtils.java:logAndReturnError(146)) - Operation: CreateContainer : Trace ID: 220c136f3cfeaaf4:2b19eb6309e1722c:efa293ae5bc20941:0 : Message: Container creation failed, due to disk out of space : Result: DISK_OUT_OF_SPACE
00:55:52.250 [pool-26-thread-53] ERROR DNAudit - user=null | ip=null | op=WRITE_CHUNK {blockData=conID: 3 locID: 102289857068662925 bcsId: 0} | ret=FAILURE
org.apache.hadoop.hdds.scm.container.common.helpers.StorageContainerException: ContainerID 3 creation failed
	at org.apache.hadoop.ozone.container.common.impl.HddsDispatcher.dispatchRequest(HddsDispatcher.java:227) ~[classes/:?]
	at org.apache.hadoop.ozone.container.common.impl.HddsDispatcher.dispatch(HddsDispatcher.java:148) ~[classes/:?]
	at org.apache.hadoop.ozone.container.common.transport.server.ratis.ContainerStateMachine.dispatchCommand(ContainerStateMachine.java:347) ~[classes/:?]
	at org.apache.hadoop.ozone.container.common.transport.server.ratis.ContainerStateMachine.runCommand(ContainerStateMachine.java:354) ~[classes/:?]
	at org.apache.hadoop.ozone.container.common.transport.server.ratis.ContainerStateMachine.lambda$handleWriteChunk$0(ContainerStateMachine.java:385) ~[classes/:?]
	at java.util.concurrent.CompletableFuture$AsyncSupply.run(CompletableFuture.java:1590) [?:1.8.0_212]
	at java.util.concurrent.ThreadPoolExecutor.runWorker(ThreadPoolExecutor.java:1149) [?:1.8.0_212]
	at java.util.concurrent.ThreadPoolExecutor$Worker.run(ThreadPoolExecutor.java:624) [?:1.8.0_212]
	at java.lang.Thread.run(Thread.java:748) [?:1.8.0_212]
2019-06-18 00:55:52,250 INFO  impl.HddsDispatcher (ContainerUtils.java:logAndReturnError(146)) - Operation: WriteChunk : Trace ID: 220c136f3cfeaaf4:2b19eb6309e1722c:efa293ae5bc20941:0 : Message: ContainerID 3 creation failed : Result: DISK_OUT_OF_SPACE
2019-06-18 00:55:52,251 INFO  keyvalue.KeyValueHandler (ContainerUtils.java:logAndReturnError(146)) - Operation: CreateContainer : Trace ID: 220c136f3cfeaaf4:2b19eb6309e1722c:efa293ae5bc20941:0 : Message: Container creation failed, due to disk out of space : Result: DISK_OUT_OF_SPACE
00:55:52.251 [pool-68-thread-16] ERROR DNAudit - user=null | ip=null | op=WRITE_CHUNK {blockData=conID: 3 locID: 102289857068662925 bcsId: 0} | ret=FAILURE
org.apache.hadoop.hdds.scm.container.common.helpers.StorageContainerException: ContainerID 3 creation failed
	at org.apache.hadoop.ozone.container.common.impl.HddsDispatcher.dispatchRequest(HddsDispatcher.java:227) ~[classes/:?]
	at org.apache.hadoop.ozone.container.common.impl.HddsDispatcher.dispatch(HddsDispatcher.java:148) ~[classes/:?]
	at org.apache.hadoop.ozone.container.common.transport.server.ratis.ContainerStateMachine.dispatchCommand(ContainerStateMachine.java:347) ~[classes/:?]
	at org.apache.hadoop.ozone.container.common.transport.server.ratis.ContainerStateMachine.runCommand(ContainerStateMachine.java:354) ~[classes/:?]
	at org.apache.hadoop.ozone.container.common.transport.server.ratis.ContainerStateMachine.lambda$handleWriteChunk$0(ContainerStateMachine.java:385) ~[classes/:?]
	at java.util.concurrent.CompletableFuture$AsyncSupply.run(CompletableFuture.java:1590) [?:1.8.0_212]
	at java.util.concurrent.ThreadPoolExecutor.runWorker(ThreadPoolExecutor.java:1149) [?:1.8.0_212]
	at java.util.concurrent.ThreadPoolExecutor$Worker.run(ThreadPoolExecutor.java:624) [?:1.8.0_212]
	at java.lang.Thread.run(Thread.java:748) [?:1.8.0_212]
2019-06-18 00:55:52,252 INFO  impl.HddsDispatcher (ContainerUtils.java:logAndReturnError(146)) - Operation: WriteChunk : Trace ID: 220c136f3cfeaaf4:2b19eb6309e1722c:efa293ae5bc20941:0 : Message: ContainerID 3 creation failed : Result: DISK_OUT_OF_SPACE
2019-06-18 00:55:52,252 INFO  keyvalue.KeyValueHandler (ContainerUtils.java:logAndReturnError(146)) - Operation: CreateContainer : Trace ID: 220c136f3cfeaaf4:2b19eb6309e1722c:efa293ae5bc20941:0 : Message: Container creation failed, due to disk out of space : Result: DISK_OUT_OF_SPACE
00:55:52.253 [pool-47-thread-15] ERROR DNAudit - user=null | ip=null | op=WRITE_CHUNK {blockData=conID: 3 locID: 102289857068662925 bcsId: 0} | ret=FAILURE
org.apache.hadoop.hdds.scm.container.common.helpers.StorageContainerException: ContainerID 3 creation failed
	at org.apache.hadoop.ozone.container.common.impl.HddsDispatcher.dispatchRequest(HddsDispatcher.java:227) ~[classes/:?]
	at org.apache.hadoop.ozone.container.common.impl.HddsDispatcher.dispatch(HddsDispatcher.java:148) ~[classes/:?]
	at org.apache.hadoop.ozone.container.common.transport.server.ratis.ContainerStateMachine.dispatchCommand(ContainerStateMachine.java:347) ~[classes/:?]
	at org.apache.hadoop.ozone.container.common.transport.server.ratis.ContainerStateMachine.runCommand(ContainerStateMachine.java:354) ~[classes/:?]
	at org.apache.hadoop.ozone.container.common.transport.server.ratis.ContainerStateMachine.lambda$handleWriteChunk$0(ContainerStateMachine.java:385) ~[classes/:?]
	at java.util.concurrent.CompletableFuture$AsyncSupply.run(CompletableFuture.java:1590) [?:1.8.0_212]
	at java.util.concurrent.ThreadPoolExecutor.runWorker(ThreadPoolExecutor.java:1149) [?:1.8.0_212]
	at java.util.concurrent.ThreadPoolExecutor$Worker.run(ThreadPoolExecutor.java:624) [?:1.8.0_212]
	at java.lang.Thread.run(Thread.java:748) [?:1.8.0_212]
2019-06-18 00:55:52,253 INFO  impl.HddsDispatcher (ContainerUtils.java:logAndReturnError(146)) - Operation: WriteChunk : Trace ID: 220c136f3cfeaaf4:2b19eb6309e1722c:efa293ae5bc20941:0 : Message: ContainerID 3 creation failed : Result: DISK_OUT_OF_SPACE
00:55:52.256 [pool-30-thread-1] ERROR DNAudit - user=null | ip=null | op=WRITE_CHUNK {blockData=conID: 3 locID: 102289857068662925 bcsId: 0} | ret=FAILURE
org.apache.hadoop.hdds.scm.container.common.helpers.StorageContainerException: ContainerID 3 does not exist
	at org.apache.hadoop.ozone.container.common.impl.HddsDispatcher.dispatchRequest(HddsDispatcher.java:242) ~[classes/:?]
	at org.apache.hadoop.ozone.container.common.impl.HddsDispatcher.dispatch(HddsDispatcher.java:148) ~[classes/:?]
	at org.apache.hadoop.ozone.container.common.transport.server.ratis.ContainerStateMachine.dispatchCommand(ContainerStateMachine.java:347) ~[classes/:?]
	at org.apache.hadoop.ozone.container.common.transport.server.ratis.ContainerStateMachine.runCommand(ContainerStateMachine.java:354) ~[classes/:?]
	at org.apache.hadoop.ozone.container.common.transport.server.ratis.ContainerStateMachine.lambda$applyTransaction$5(ContainerStateMachine.java:621) ~[classes/:?]
	at java.util.concurrent.CompletableFuture$AsyncSupply.run(CompletableFuture.java:1590) [?:1.8.0_212]
	at java.util.concurrent.ThreadPoolExecutor.runWorker(ThreadPoolExecutor.java:1149) [?:1.8.0_212]
	at java.util.concurrent.ThreadPoolExecutor$Worker.run(ThreadPoolExecutor.java:624) [?:1.8.0_212]
	at java.lang.Thread.run(Thread.java:748) [?:1.8.0_212]
2019-06-18 00:55:52,256 INFO  impl.HddsDispatcher (ContainerUtils.java:logAndReturnError(146)) - Operation: WriteChunk : Trace ID: 220c136f3cfeaaf4:2b19eb6309e1722c:efa293ae5bc20941:0 : Message: ContainerID 3 does not exist : Result: CONTAINER_NOT_FOUND
2019-06-18 00:55:52,257 INFO  client.GrpcClientProtocolClient (GrpcClientProtocolClient.java:onNext(254)) - client-7D96FB2A9EE9->2d9c32cf-d138-46ed-86fe-555b0f222d66: receive RaftClientReply:client-7D96FB2A9EE9->2d9c32cf-d138-46ed-86fe-555b0f222d66@group-F789D1FF0E52, cid=205, SUCCESS, logIndex=291, commits[2d9c32cf-d138-46ed-86fe-555b0f222d66:c291, 7d41c113-78b8-42e0-973f-a2985e127fce:c288, 845dac45-d65a-40db-aa8d-9123cdf470a5:c290]
00:55:52.257 [pool-72-thread-1] ERROR DNAudit - user=null | ip=null | op=WRITE_CHUNK {blockData=conID: 3 locID: 102289857068662925 bcsId: 0} | ret=FAILURE
org.apache.hadoop.hdds.scm.container.common.helpers.StorageContainerException: ContainerID 3 does not exist
	at org.apache.hadoop.ozone.container.common.impl.HddsDispatcher.dispatchRequest(HddsDispatcher.java:242) ~[classes/:?]
	at org.apache.hadoop.ozone.container.common.impl.HddsDispatcher.dispatch(HddsDispatcher.java:148) ~[classes/:?]
	at org.apache.hadoop.ozone.container.common.transport.server.ratis.ContainerStateMachine.dispatchCommand(ContainerStateMachine.java:347) ~[classes/:?]
	at org.apache.hadoop.ozone.container.common.transport.server.ratis.ContainerStateMachine.runCommand(ContainerStateMachine.java:354) ~[classes/:?]
	at org.apache.hadoop.ozone.container.common.transport.server.ratis.ContainerStateMachine.lambda$applyTransaction$5(ContainerStateMachine.java:621) ~[classes/:?]
	at java.util.concurrent.CompletableFuture$AsyncSupply.run(CompletableFuture.java:1590) [?:1.8.0_212]
	at java.util.concurrent.ThreadPoolExecutor.runWorker(ThreadPoolExecutor.java:1149) [?:1.8.0_212]
	at java.util.concurrent.ThreadPoolExecutor$Worker.run(ThreadPoolExecutor.java:624) [?:1.8.0_212]
	at java.lang.Thread.run(Thread.java:748) [?:1.8.0_212]
2019-06-18 00:55:52,258 INFO  impl.HddsDispatcher (ContainerUtils.java:logAndReturnError(146)) - Operation: WriteChunk : Trace ID: 220c136f3cfeaaf4:2b19eb6309e1722c:efa293ae5bc20941:0 : Message: ContainerID 3 does not exist : Result: CONTAINER_NOT_FOUND
00:55:52.259 [pool-51-thread-1] ERROR DNAudit - user=null | ip=null | op=WRITE_CHUNK {blockData=conID: 3 locID: 102289857068662925 bcsId: 0} | ret=FAILURE
org.apache.hadoop.hdds.scm.container.common.helpers.StorageContainerException: ContainerID 3 does not exist
	at org.apache.hadoop.ozone.container.common.impl.HddsDispatcher.dispatchRequest(HddsDispatcher.java:242) ~[classes/:?]
	at org.apache.hadoop.ozone.container.common.impl.HddsDispatcher.dispatch(HddsDispatcher.java:148) ~[classes/:?]
	at org.apache.hadoop.ozone.container.common.transport.server.ratis.ContainerStateMachine.dispatchCommand(ContainerStateMachine.java:347) ~[classes/:?]
	at org.apache.hadoop.ozone.container.common.transport.server.ratis.ContainerStateMachine.runCommand(ContainerStateMachine.java:354) ~[classes/:?]
	at org.apache.hadoop.ozone.container.common.transport.server.ratis.ContainerStateMachine.lambda$applyTransaction$5(ContainerStateMachine.java:621) ~[classes/:?]
	at java.util.concurrent.CompletableFuture$AsyncSupply.run(CompletableFuture.java:1590) [?:1.8.0_212]
	at java.util.concurrent.ThreadPoolExecutor.runWorker(ThreadPoolExecutor.java:1149) [?:1.8.0_212]
	at java.util.concurrent.ThreadPoolExecutor$Worker.run(ThreadPoolExecutor.java:624) [?:1.8.0_212]
	at java.lang.Thread.run(Thread.java:748) [?:1.8.0_212]
2019-06-18 00:55:52,259 INFO  storage.RaftLogWorker (RaftLogWorker.java:rollLogSegment(303)) - 2d9c32cf-d138-46ed-86fe-555b0f222d66-RaftLogWorker: Rolling segment log-196_293 to index:293
2019-06-18 00:55:52,259 INFO  impl.HddsDispatcher (ContainerUtils.java:logAndReturnError(146)) - Operation: WriteChunk : Trace ID: 220c136f3cfeaaf4:2b19eb6309e1722c:efa293ae5bc20941:0 : Message: ContainerID 3 does not exist : Result: CONTAINER_NOT_FOUND
2019-06-18 00:55:52,260 INFO  storage.RaftLogWorker (RaftLogWorker.java:execute(433)) - 2d9c32cf-d138-46ed-86fe-555b0f222d66-RaftLogWorker: Rolled log segment from /opt/src/hadoop-ozone/tools/target/test-dir/MiniOzoneClusterImpl-6d9acd13-88f0-4110-8b50-a0007a84e3db/datanode-0/data/ratis/1ee23aab-99cb-4f91-88c7-f789d1ff0e52/current/log_inprogress_196 to /opt/src/hadoop-ozone/tools/target/test-dir/MiniOzoneClusterImpl-6d9acd13-88f0-4110-8b50-a0007a84e3db/datanode-0/data/ratis/1ee23aab-99cb-4f91-88c7-f789d1ff0e52/current/log_196-293
2019-06-18 00:55:52,261 ERROR storage.BlockOutputStream (BlockOutputStream.java:validateResponse(538)) - Unexpected Storage Container Exception: 
org.apache.hadoop.hdds.scm.container.common.helpers.StorageContainerException: ContainerID 3 does not exist
	at org.apache.hadoop.hdds.scm.storage.ContainerProtocolCalls.validateContainerResponse(ContainerProtocolCalls.java:536)
	at org.apache.hadoop.hdds.scm.storage.BlockOutputStream.validateResponse(BlockOutputStream.java:536)
	at org.apache.hadoop.hdds.scm.storage.BlockOutputStream.lambda$writeChunkToContainer$2(BlockOutputStream.java:614)
	at java.util.concurrent.CompletableFuture.uniApply(CompletableFuture.java:602)
	at java.util.concurrent.CompletableFuture$UniApply.tryFire(CompletableFuture.java:577)
	at java.util.concurrent.CompletableFuture$Completion.run(CompletableFuture.java:442)
	at java.util.concurrent.ThreadPoolExecutor.runWorker(ThreadPoolExecutor.java:1149)
	at java.util.concurrent.ThreadPoolExecutor$Worker.run(ThreadPoolExecutor.java:624)
	at java.lang.Thread.run(Thread.java:748)
00:55:52.272 [pool-30-thread-1] ERROR DNAudit - user=null | ip=null | op=PUT_BLOCK {blockData=[blockId=conID: 3 locID: 102289857068662925 bcsId: 0,size=10240]} | ret=FAILURE
org.apache.hadoop.hdds.scm.container.common.helpers.StorageContainerException: ContainerID 3 does not exist
	at org.apache.hadoop.ozone.container.common.impl.HddsDispatcher.dispatchRequest(HddsDispatcher.java:242) ~[classes/:?]
	at org.apache.hadoop.ozone.container.common.impl.HddsDispatcher.dispatch(HddsDispatcher.java:148) ~[classes/:?]
	at org.apache.hadoop.ozone.container.common.transport.server.ratis.ContainerStateMachine.dispatchCommand(ContainerStateMachine.java:347) ~[classes/:?]
	at org.apache.hadoop.ozone.container.common.transport.server.ratis.ContainerStateMachine.runCommand(ContainerStateMachine.java:354) ~[classes/:?]
	at org.apache.hadoop.ozone.container.common.transport.server.ratis.ContainerStateMachine.lambda$applyTransaction$5(ContainerStateMachine.java:621) ~[classes/:?]
	at java.util.concurrent.CompletableFuture$AsyncSupply.run(CompletableFuture.java:1590) [?:1.8.0_212]
	at java.util.concurrent.ThreadPoolExecutor.runWorker(ThreadPoolExecutor.java:1149) [?:1.8.0_212]
	at java.util.concurrent.ThreadPoolExecutor$Worker.run(ThreadPoolExecutor.java:624) [?:1.8.0_212]
	at java.lang.Thread.run(Thread.java:748) [?:1.8.0_212]
2019-06-18 00:55:52,272 INFO  storage.RaftLogWorker (RaftLogWorker.java:rollLogSegment(303)) - 845dac45-d65a-40db-aa8d-9123cdf470a5-RaftLogWorker: Rolling segment log-196_293 to index:293
2019-06-18 00:55:52,308 INFO  storage.RaftLogWorker (RaftLogWorker.java:execute(433)) - 845dac45-d65a-40db-aa8d-9123cdf470a5-RaftLogWorker: Rolled log segment from /opt/src/hadoop-ozone/tools/target/test-dir/MiniOzoneClusterImpl-6d9acd13-88f0-4110-8b50-a0007a84e3db/datanode-1/data/ratis/1ee23aab-99cb-4f91-88c7-f789d1ff0e52/current/log_inprogress_196 to /opt/src/hadoop-ozone/tools/target/test-dir/MiniOzoneClusterImpl-6d9acd13-88f0-4110-8b50-a0007a84e3db/datanode-1/data/ratis/1ee23aab-99cb-4f91-88c7-f789d1ff0e52/current/log_196-293
2019-06-18 00:55:52,272 INFO  impl.HddsDispatcher (ContainerUtils.java:logAndReturnError(146)) - Operation: PutBlock : Trace ID: 220c136f3cfeaaf4:6d17b4d66952c649:efa293ae5bc20941:0 : Message: ContainerID 3 does not exist : Result: CONTAINER_NOT_FOUND
2019-06-18 00:55:52,272 INFO  storage.RaftLogWorker (RaftLogWorker.java:rollLogSegment(303)) - 7d41c113-78b8-42e0-973f-a2985e127fce-RaftLogWorker: Rolling segment log-196_293 to index:293
2019-06-18 00:55:52,352 INFO  storage.RaftLogWorker (RaftLogWorker.java:execute(433)) - 7d41c113-78b8-42e0-973f-a2985e127fce-RaftLogWorker: Rolled log segment from /opt/src/hadoop-ozone/tools/target/test-dir/MiniOzoneClusterImpl-6d9acd13-88f0-4110-8b50-a0007a84e3db/datanode-2/data/ratis/1ee23aab-99cb-4f91-88c7-f789d1ff0e52/current/log_inprogress_196 to /opt/src/hadoop-ozone/tools/target/test-dir/MiniOzoneClusterImpl-6d9acd13-88f0-4110-8b50-a0007a84e3db/datanode-2/data/ratis/1ee23aab-99cb-4f91-88c7-f789d1ff0e52/current/log_196-293
2019-06-18 00:55:52,352 INFO  storage.RaftLogWorker (RaftLogWorker.java:execute(469)) - 2d9c32cf-d138-46ed-86fe-555b0f222d66-RaftLogWorker: created new log segment /opt/src/hadoop-ozone/tools/target/test-dir/MiniOzoneClusterImpl-6d9acd13-88f0-4110-8b50-a0007a84e3db/datanode-0/data/ratis/1ee23aab-99cb-4f91-88c7-f789d1ff0e52/current/log_inprogress_294
2019-06-18 00:55:52,370 INFO  client.GrpcClientProtocolClient (GrpcClientProtocolClient.java:onNext(254)) - client-7D96FB2A9EE9->2d9c32cf-d138-46ed-86fe-555b0f222d66: receive RaftClientReply:client-7D96FB2A9EE9->2d9c32cf-d138-46ed-86fe-555b0f222d66@group-F789D1FF0E52, cid=206, SUCCESS, logIndex=293, commits[2d9c32cf-d138-46ed-86fe-555b0f222d66:c293, 7d41c113-78b8-42e0-973f-a2985e127fce:c291, 845dac45-d65a-40db-aa8d-9123cdf470a5:c291]
2019-06-18 00:55:52,411 ERROR freon.RandomKeyGenerator (RandomKeyGenerator.java:run(675)) - Exception while adding key: key-3-09422 in bucket: org.apache.hadoop.ozone.client.OzoneBucket@72fa82e of volume: org.apache.hadoop.ozone.client.OzoneVolume@4bda18b4.
java.io.IOException: Unexpected Storage Container Exception: org.apache.hadoop.hdds.scm.container.common.helpers.StorageContainerException: ContainerID 3 does not exist
	at org.apache.hadoop.hdds.scm.storage.BlockOutputStream.setIoException(BlockOutputStream.java:548)
	at org.apache.hadoop.hdds.scm.storage.BlockOutputStream.validateResponse(BlockOutputStream.java:539)
	at org.apache.hadoop.hdds.scm.storage.BlockOutputStream.lambda$writeChunkToContainer$2(BlockOutputStream.java:614)
	at java.util.concurrent.CompletableFuture.uniApply(CompletableFuture.java:602)
	at java.util.concurrent.CompletableFuture$UniApply.tryFire(CompletableFuture.java:577)
	at java.util.concurrent.CompletableFuture$Completion.run(CompletableFuture.java:442)
	at java.util.concurrent.ThreadPoolExecutor.runWorker(ThreadPoolExecutor.java:1149)
	at java.util.concurrent.ThreadPoolExecutor$Worker.run(ThreadPoolExecutor.java:624)
	at java.lang.Thread.run(Thread.java:748)
Caused by: org.apache.hadoop.hdds.scm.container.common.helpers.StorageContainerException: ContainerID 3 does not exist
	at org.apache.hadoop.hdds.scm.storage.ContainerProtocolCalls.validateContainerResponse(ContainerProtocolCalls.java:536)
	at org.apache.hadoop.hdds.scm.storage.BlockOutputStream.validateResponse(BlockOutputStream.java:536)
	... 7 more
2019-06-18 00:55:52,414 INFO  storage.RaftLogWorker (RaftLogWorker.java:execute(469)) - 845dac45-d65a-40db-aa8d-9123cdf470a5-RaftLogWorker: created new log segment /opt/src/hadoop-ozone/tools/target/test-dir/MiniOzoneClusterImpl-6d9acd13-88f0-4110-8b50-a0007a84e3db/datanode-1/data/ratis/1ee23aab-99cb-4f91-88c7-f789d1ff0e52/current/log_inprogress_294
2019-06-18 00:55:52,415 INFO  storage.RaftLogWorker (RaftLogWorker.java:execute(469)) - 7d41c113-78b8-42e0-973f-a2985e127fce-RaftLogWorker: created new log segment /opt/src/hadoop-ozone/tools/target/test-dir/MiniOzoneClusterImpl-6d9acd13-88f0-4110-8b50-a0007a84e3db/datanode-2/data/ratis/1ee23aab-99cb-4f91-88c7-f789d1ff0e52/current/log_inprogress_294
00:55:52.416 [pool-51-thread-1] ERROR DNAudit - user=null | ip=null | op=PUT_BLOCK {blockData=[blockId=conID: 3 locID: 102289857068662925 bcsId: 0,size=10240]} | ret=FAILURE
org.apache.hadoop.hdds.scm.container.common.helpers.StorageContainerException: ContainerID 3 does not exist
	at org.apache.hadoop.ozone.container.common.impl.HddsDispatcher.dispatchRequest(HddsDispatcher.java:242) ~[classes/:?]
	at org.apache.hadoop.ozone.container.common.impl.HddsDispatcher.dispatch(HddsDispatcher.java:148) ~[classes/:?]
	at org.apache.hadoop.ozone.container.common.transport.server.ratis.ContainerStateMachine.dispatchCommand(ContainerStateMachine.java:347) ~[classes/:?]
	at org.apache.hadoop.ozone.container.common.transport.server.ratis.ContainerStateMachine.runCommand(ContainerStateMachine.java:354) ~[classes/:?]
	at org.apache.hadoop.ozone.container.common.transport.server.ratis.ContainerStateMachine.lambda$applyTransaction$5(ContainerStateMachine.java:621) ~[classes/:?]
	at java.util.concurrent.CompletableFuture$AsyncSupply.run(CompletableFuture.java:1590) [?:1.8.0_212]
	at java.util.concurrent.ThreadPoolExecutor.runWorker(ThreadPoolExecutor.java:1149) [?:1.8.0_212]
	at java.util.concurrent.ThreadPoolExecutor$Worker.run(ThreadPoolExecutor.java:624) [?:1.8.0_212]
	at java.lang.Thread.run(Thread.java:748) [?:1.8.0_212]
2019-06-18 00:55:52,416 INFO  impl.HddsDispatcher (ContainerUtils.java:logAndReturnError(146)) - Operation: PutBlock : Trace ID: 220c136f3cfeaaf4:6d17b4d66952c649:efa293ae5bc20941:0 : Message: ContainerID 3 does not exist : Result: CONTAINER_NOT_FOUND
00:55:52.427 [pool-72-thread-1] ERROR DNAudit - user=null | ip=null | op=PUT_BLOCK {blockData=[blockId=conID: 3 locID: 102289857068662925 bcsId: 0,size=10240]} | ret=FAILURE
org.apache.hadoop.hdds.scm.container.common.helpers.StorageContainerException: ContainerID 3 does not exist
	at org.apache.hadoop.ozone.container.common.impl.HddsDispatcher.dispatchRequest(HddsDispatcher.java:242) ~[classes/:?]
	at org.apache.hadoop.ozone.container.common.impl.HddsDispatcher.dispatch(HddsDispatcher.java:148) ~[classes/:?]
	at org.apache.hadoop.ozone.container.common.transport.server.ratis.ContainerStateMachine.dispatchCommand(ContainerStateMachine.java:347) ~[classes/:?]
	at org.apache.hadoop.ozone.container.common.transport.server.ratis.ContainerStateMachine.runCommand(ContainerStateMachine.java:354) ~[classes/:?]
	at org.apache.hadoop.ozone.container.common.transport.server.ratis.ContainerStateMachine.lambda$applyTransaction$5(ContainerStateMachine.java:621) ~[classes/:?]
	at java.util.concurrent.CompletableFuture$AsyncSupply.run(CompletableFuture.java:1590) [?:1.8.0_212]
	at java.util.concurrent.ThreadPoolExecutor.runWorker(ThreadPoolExecutor.java:1149) [?:1.8.0_212]
	at java.util.concurrent.ThreadPoolExecutor$Worker.run(ThreadPoolExecutor.java:624) [?:1.8.0_212]
	at java.lang.Thread.run(Thread.java:748) [?:1.8.0_212]
2019-06-18 00:55:52,428 INFO  impl.HddsDispatcher (ContainerUtils.java:logAndReturnError(146)) - Operation: PutBlock : Trace ID: 220c136f3cfeaaf4:6d17b4d66952c649:efa293ae5bc20941:0 : Message: ContainerID 3 does not exist : Result: CONTAINER_NOT_FOUND
2019-06-18 00:55:52,428 INFO  client.GrpcClientProtocolClient (GrpcClientProtocolClient.java:onNext(254)) - client-7D96FB2A9EE9->2d9c32cf-d138-46ed-86fe-555b0f222d66: receive RaftClientReply:client-7D96FB2A9EE9->2d9c32cf-d138-46ed-86fe-555b0f222d66@group-F789D1FF0E52, cid=207, SUCCESS, logIndex=294, commits[2d9c32cf-d138-46ed-86fe-555b0f222d66:c294, 7d41c113-78b8-42e0-973f-a2985e127fce:c291, 845dac45-d65a-40db-aa8d-9123cdf470a5:c292]
2019-06-18 00:55:52,428 INFO  client.GrpcClientProtocolClient (GrpcClientProtocolClient.java:onNext(254)) - client-7D96FB2A9EE9->2d9c32cf-d138-46ed-86fe-555b0f222d66: receive RaftClientReply:client-7D96FB2A9EE9->2d9c32cf-d138-46ed-86fe-555b0f222d66@group-F789D1FF0E52, cid=208, SUCCESS, logIndex=296, commits[2d9c32cf-d138-46ed-86fe-555b0f222d66:c296, 7d41c113-78b8-42e0-973f-a2985e127fce:c291, 845dac45-d65a-40db-aa8d-9123cdf470a5:c293]
2019-06-18 00:55:52,441 INFO  client.GrpcClientProtocolClient (GrpcClientProtocolClient.java:onNext(254)) - client-7D96FB2A9EE9->2d9c32cf-d138-46ed-86fe-555b0f222d66: receive RaftClientReply:client-7D96FB2A9EE9->2d9c32cf-d138-46ed-86fe-555b0f222d66@group-F789D1FF0E52, cid=209, SUCCESS, logIndex=299, commits[2d9c32cf-d138-46ed-86fe-555b0f222d66:c299, 7d41c113-78b8-42e0-973f-a2985e127fce:c293, 845dac45-d65a-40db-aa8d-9123cdf470a5:c296]
2019-06-18 00:55:52,444 INFO  client.GrpcClientProtocolClient (GrpcClientProtocolClient.java:onNext(254)) - client-7D96FB2A9EE9->2d9c32cf-d138-46ed-86fe-555b0f222d66: receive RaftClientReply:client-7D96FB2A9EE9->2d9c32cf-d138-46ed-86fe-555b0f222d66@group-F789D1FF0E52, cid=210, SUCCESS, logIndex=300, commits[2d9c32cf-d138-46ed-86fe-555b0f222d66:c300, 7d41c113-78b8-42e0-973f-a2985e127fce:c293, 845dac45-d65a-40db-aa8d-9123cdf470a5:c296]
2019-06-18 00:55:52,454 INFO  client.GrpcClientProtocolClient (GrpcClientProtocolClient.java:onNext(254)) - client-7D96FB2A9EE9->2d9c32cf-d138-46ed-86fe-555b0f222d66: receive RaftClientReply:client-7D96FB2A9EE9->2d9c32cf-d138-46ed-86fe-555b0f222d66@group-F789D1FF0E52, cid=211, SUCCESS, logIndex=0, commits[2d9c32cf-d138-46ed-86fe-555b0f222d66:c302, 7d41c113-78b8-42e0-973f-a2985e127fce:c300, 845dac45-d65a-40db-aa8d-9123cdf470a5:c300]
2019-06-18 00:55:52,454 INFO  client.GrpcClientProtocolClient (GrpcClientProtocolClient.java:onNext(254)) - client-7D96FB2A9EE9->2d9c32cf-d138-46ed-86fe-555b0f222d66: receive RaftClientReply:client-7D96FB2A9EE9->2d9c32cf-d138-46ed-86fe-555b0f222d66@group-F789D1FF0E52, cid=212, SUCCESS, logIndex=0, commits[2d9c32cf-d138-46ed-86fe-555b0f222d66:c302, 7d41c113-78b8-42e0-973f-a2985e127fce:c300, 845dac45-d65a-40db-aa8d-9123cdf470a5:c300]
2019-06-18 00:55:52,474 INFO  keyvalue.KeyValueHandler (ContainerUtils.java:logAndReturnError(146)) - Operation: CreateContainer : Trace ID: 9203cc7ca71a8b40:979ed5ba3de5667a:cac801d0201eb54c:0 : Message: Container creation failed, due to disk out of space : Result: DISK_OUT_OF_SPACE
00:55:52.475 [pool-26-thread-1] ERROR DNAudit - user=null | ip=null | op=WRITE_CHUNK {blockData=conID: 3 locID: 102289857083015316 bcsId: 0} | ret=FAILURE
org.apache.hadoop.hdds.scm.container.common.helpers.StorageContainerException: ContainerID 3 creation failed
	at org.apache.hadoop.ozone.container.common.impl.HddsDispatcher.dispatchRequest(HddsDispatcher.java:227) ~[classes/:?]
	at org.apache.hadoop.ozone.container.common.impl.HddsDispatcher.dispatch(HddsDispatcher.java:148) ~[classes/:?]
	at org.apache.hadoop.ozone.container.common.transport.server.ratis.ContainerStateMachine.dispatchCommand(ContainerStateMachine.java:347) ~[classes/:?]
	at org.apache.hadoop.ozone.container.common.transport.server.ratis.ContainerStateMachine.runCommand(ContainerStateMachine.java:354) ~[classes/:?]
	at org.apache.hadoop.ozone.container.common.transport.server.ratis.ContainerStateMachine.lambda$handleWriteChunk$0(ContainerStateMachine.java:385) ~[classes/:?]
	at java.util.concurrent.CompletableFuture$AsyncSupply.run(CompletableFuture.java:1590) [?:1.8.0_212]
	at java.util.concurrent.ThreadPoolExecutor.runWorker(ThreadPoolExecutor.java:1149) [?:1.8.0_212]
	at java.util.concurrent.ThreadPoolExecutor$Worker.run(ThreadPoolExecutor.java:624) [?:1.8.0_212]
	at java.lang.Thread.run(Thread.java:748) [?:1.8.0_212]
2019-06-18 00:55:52,475 INFO  impl.HddsDispatcher (ContainerUtils.java:logAndReturnError(146)) - Operation: WriteChunk : Trace ID: 9203cc7ca71a8b40:979ed5ba3de5667a:cac801d0201eb54c:0 : Message: ContainerID 3 creation failed : Result: DISK_OUT_OF_SPACE
2019-06-18 00:55:52,475 INFO  keyvalue.KeyValueHandler (ContainerUtils.java:logAndReturnError(146)) - Operation: CreateContainer : Trace ID: 9203cc7ca71a8b40:979ed5ba3de5667a:cac801d0201eb54c:0 : Message: Container creation failed, due to disk out of space : Result: DISK_OUT_OF_SPACE
00:55:52.475 [pool-47-thread-20] ERROR DNAudit - user=null | ip=null | op=WRITE_CHUNK {blockData=conID: 3 locID: 102289857083015316 bcsId: 0} | ret=FAILURE
org.apache.hadoop.hdds.scm.container.common.helpers.StorageContainerException: ContainerID 3 creation failed
	at org.apache.hadoop.ozone.container.common.impl.HddsDispatcher.dispatchRequest(HddsDispatcher.java:227) ~[classes/:?]
	at org.apache.hadoop.ozone.container.common.impl.HddsDispatcher.dispatch(HddsDispatcher.java:148) ~[classes/:?]
	at org.apache.hadoop.ozone.container.common.transport.server.ratis.ContainerStateMachine.dispatchCommand(ContainerStateMachine.java:347) ~[classes/:?]
	at org.apache.hadoop.ozone.container.common.transport.server.ratis.ContainerStateMachine.runCommand(ContainerStateMachine.java:354) ~[classes/:?]
	at org.apache.hadoop.ozone.container.common.transport.server.ratis.ContainerStateMachine.lambda$handleWriteChunk$0(ContainerStateMachine.java:385) ~[classes/:?]
	at java.util.concurrent.CompletableFuture$AsyncSupply.run(CompletableFuture.java:1590) [?:1.8.0_212]
	at java.util.concurrent.ThreadPoolExecutor.runWorker(ThreadPoolExecutor.java:1149) [?:1.8.0_212]
	at java.util.concurrent.ThreadPoolExecutor$Worker.run(ThreadPoolExecutor.java:624) [?:1.8.0_212]
	at java.lang.Thread.run(Thread.java:748) [?:1.8.0_212]
2019-06-18 00:55:52,476 INFO  impl.HddsDispatcher (ContainerUtils.java:logAndReturnError(146)) - Operation: WriteChunk : Trace ID: 9203cc7ca71a8b40:979ed5ba3de5667a:cac801d0201eb54c:0 : Message: ContainerID 3 creation failed : Result: DISK_OUT_OF_SPACE
2019-06-18 00:55:52,476 INFO  keyvalue.KeyValueHandler (ContainerUtils.java:logAndReturnError(146)) - Operation: CreateContainer : Trace ID: 9203cc7ca71a8b40:979ed5ba3de5667a:cac801d0201eb54c:0 : Message: Container creation failed, due to disk out of space : Result: DISK_OUT_OF_SPACE
00:55:52.476 [pool-68-thread-21] ERROR DNAudit - user=null | ip=null | op=WRITE_CHUNK {blockData=conID: 3 locID: 102289857083015316 bcsId: 0} | ret=FAILURE
org.apache.hadoop.hdds.scm.container.common.helpers.StorageContainerException: ContainerID 3 creation failed
	at org.apache.hadoop.ozone.container.common.impl.HddsDispatcher.dispatchRequest(HddsDispatcher.java:227) ~[classes/:?]
	at org.apache.hadoop.ozone.container.common.impl.HddsDispatcher.dispatch(HddsDispatcher.java:148) ~[classes/:?]
	at org.apache.hadoop.ozone.container.common.transport.server.ratis.ContainerStateMachine.dispatchCommand(ContainerStateMachine.java:347) ~[classes/:?]
	at org.apache.hadoop.ozone.container.common.transport.server.ratis.ContainerStateMachine.runCommand(ContainerStateMachine.java:354) ~[classes/:?]
	at org.apache.hadoop.ozone.container.common.transport.server.ratis.ContainerStateMachine.lambda$handleWriteChunk$0(ContainerStateMachine.java:385) ~[classes/:?]
	at java.util.concurrent.CompletableFuture$AsyncSupply.run(CompletableFuture.java:1590) [?:1.8.0_212]
	at java.util.concurrent.ThreadPoolExecutor.runWorker(ThreadPoolExecutor.java:1149) [?:1.8.0_212]
	at java.util.concurrent.ThreadPoolExecutor$Worker.run(ThreadPoolExecutor.java:624) [?:1.8.0_212]
	at java.lang.Thread.run(Thread.java:748) [?:1.8.0_212]
2019-06-18 00:55:52,476 INFO  impl.HddsDispatcher (ContainerUtils.java:logAndReturnError(146)) - Operation: WriteChunk : Trace ID: 9203cc7ca71a8b40:979ed5ba3de5667a:cac801d0201eb54c:0 : Message: ContainerID 3 creation failed : Result: DISK_OUT_OF_SPACE
00:55:52.478 [pool-30-thread-1] ERROR DNAudit - user=null | ip=null | op=WRITE_CHUNK {blockData=conID: 3 locID: 102289857083015316 bcsId: 0} | ret=FAILURE
org.apache.hadoop.hdds.scm.container.common.helpers.StorageContainerException: ContainerID 3 does not exist
	at org.apache.hadoop.ozone.container.common.impl.HddsDispatcher.dispatchRequest(HddsDispatcher.java:242) ~[classes/:?]
	at org.apache.hadoop.ozone.container.common.impl.HddsDispatcher.dispatch(HddsDispatcher.java:148) ~[classes/:?]
	at org.apache.hadoop.ozone.container.common.transport.server.ratis.ContainerStateMachine.dispatchCommand(ContainerStateMachine.java:347) ~[classes/:?]
	at org.apache.hadoop.ozone.container.common.transport.server.ratis.ContainerStateMachine.runCommand(ContainerStateMachine.java:354) ~[classes/:?]
	at org.apache.hadoop.ozone.container.common.transport.server.ratis.ContainerStateMachine.lambda$applyTransaction$5(ContainerStateMachine.java:621) ~[classes/:?]
	at java.util.concurrent.CompletableFuture$AsyncSupply.run(CompletableFuture.java:1590) [?:1.8.0_212]
	at java.util.concurrent.ThreadPoolExecutor.runWorker(ThreadPoolExecutor.java:1149) [?:1.8.0_212]
	at java.util.concurrent.ThreadPoolExecutor$Worker.run(ThreadPoolExecutor.java:624) [?:1.8.0_212]
	at java.lang.Thread.run(Thread.java:748) [?:1.8.0_212]
2019-06-18 00:55:52,478 INFO  impl.HddsDispatcher (ContainerUtils.java:logAndReturnError(146)) - Operation: WriteChunk : Trace ID: 9203cc7ca71a8b40:979ed5ba3de5667a:cac801d0201eb54c:0 : Message: ContainerID 3 does not exist : Result: CONTAINER_NOT_FOUND
2019-06-18 00:55:52,480 INFO  client.GrpcClientProtocolClient (GrpcClientProtocolClient.java:onNext(254)) - client-7D96FB2A9EE9->2d9c32cf-d138-46ed-86fe-555b0f222d66: receive RaftClientReply:client-7D96FB2A9EE9->2d9c32cf-d138-46ed-86fe-555b0f222d66@group-F789D1FF0E52, cid=213, SUCCESS, logIndex=303, commits[2d9c32cf-d138-46ed-86fe-555b0f222d66:c303, 7d41c113-78b8-42e0-973f-a2985e127fce:c300, 845dac45-d65a-40db-aa8d-9123cdf470a5:c302]
00:55:52.486 [pool-72-thread-1] ERROR DNAudit - user=null | ip=null | op=WRITE_CHUNK {blockData=conID: 3 locID: 102289857083015316 bcsId: 0} | ret=FAILURE
org.apache.hadoop.hdds.scm.container.common.helpers.StorageContainerException: ContainerID 3 does not exist
	at org.apache.hadoop.ozone.container.common.impl.HddsDispatcher.dispatchRequest(HddsDispatcher.java:242) ~[classes/:?]
	at org.apache.hadoop.ozone.container.common.impl.HddsDispatcher.dispatch(HddsDispatcher.java:148) ~[classes/:?]
	at org.apache.hadoop.ozone.container.common.transport.server.ratis.ContainerStateMachine.dispatchCommand(ContainerStateMachine.java:347) ~[classes/:?]
	at org.apache.hadoop.ozone.container.common.transport.server.ratis.ContainerStateMachine.runCommand(ContainerStateMachine.java:354) ~[classes/:?]
	at org.apache.hadoop.ozone.container.common.transport.server.ratis.ContainerStateMachine.lambda$applyTransaction$5(ContainerStateMachine.java:621) ~[classes/:?]
	at java.util.concurrent.CompletableFuture$AsyncSupply.run(CompletableFuture.java:1590) [?:1.8.0_212]
	at java.util.concurrent.ThreadPoolExecutor.runWorker(ThreadPoolExecutor.java:1149) [?:1.8.0_212]
	at java.util.concurrent.ThreadPoolExecutor$Worker.run(ThreadPoolExecutor.java:624) [?:1.8.0_212]
	at java.lang.Thread.run(Thread.java:748) [?:1.8.0_212]
2019-06-18 00:55:52,491 ERROR storage.BlockOutputStream (BlockOutputStream.java:validateResponse(538)) - Unexpected Storage Container Exception: 
org.apache.hadoop.hdds.scm.container.common.helpers.StorageContainerException: ContainerID 3 does not exist
	at org.apache.hadoop.hdds.scm.storage.ContainerProtocolCalls.validateContainerResponse(ContainerProtocolCalls.java:536)
	at org.apache.hadoop.hdds.scm.storage.BlockOutputStream.validateResponse(BlockOutputStream.java:536)
	at org.apache.hadoop.hdds.scm.storage.BlockOutputStream.lambda$writeChunkToContainer$2(BlockOutputStream.java:614)
	at java.util.concurrent.CompletableFuture.uniApply(CompletableFuture.java:602)
	at java.util.concurrent.CompletableFuture$UniApply.tryFire(CompletableFuture.java:577)
	at java.util.concurrent.CompletableFuture$Completion.run(CompletableFuture.java:442)
	at java.util.concurrent.ThreadPoolExecutor.runWorker(ThreadPoolExecutor.java:1149)
	at java.util.concurrent.ThreadPoolExecutor$Worker.run(ThreadPoolExecutor.java:624)
	at java.lang.Thread.run(Thread.java:748)
2019-06-18 00:55:52,491 INFO  impl.HddsDispatcher (ContainerUtils.java:logAndReturnError(146)) - Operation: WriteChunk : Trace ID: 9203cc7ca71a8b40:979ed5ba3de5667a:cac801d0201eb54c:0 : Message: ContainerID 3 does not exist : Result: CONTAINER_NOT_FOUND
00:55:52.489 [pool-51-thread-1] ERROR DNAudit - user=null | ip=null | op=WRITE_CHUNK {blockData=conID: 3 locID: 102289857083015316 bcsId: 0} | ret=FAILURE
org.apache.hadoop.hdds.scm.container.common.helpers.StorageContainerException: ContainerID 3 does not exist
	at org.apache.hadoop.ozone.container.common.impl.HddsDispatcher.dispatchRequest(HddsDispatcher.java:242) ~[classes/:?]
	at org.apache.hadoop.ozone.container.common.impl.HddsDispatcher.dispatch(HddsDispatcher.java:148) ~[classes/:?]
	at org.apache.hadoop.ozone.container.common.transport.server.ratis.ContainerStateMachine.dispatchCommand(ContainerStateMachine.java:347) ~[classes/:?]
	at org.apache.hadoop.ozone.container.common.transport.server.ratis.ContainerStateMachine.runCommand(ContainerStateMachine.java:354) ~[classes/:?]
	at org.apache.hadoop.ozone.container.common.transport.server.ratis.ContainerStateMachine.lambda$applyTransaction$5(ContainerStateMachine.java:621) ~[classes/:?]
	at java.util.concurrent.CompletableFuture$AsyncSupply.run(CompletableFuture.java:1590) [?:1.8.0_212]
	at java.util.concurrent.ThreadPoolExecutor.runWorker(ThreadPoolExecutor.java:1149) [?:1.8.0_212]
	at java.util.concurrent.ThreadPoolExecutor$Worker.run(ThreadPoolExecutor.java:624) [?:1.8.0_212]
	at java.lang.Thread.run(Thread.java:748) [?:1.8.0_212]
00:55:52.492 [pool-30-thread-1] ERROR DNAudit - user=null | ip=null | op=PUT_BLOCK {blockData=[blockId=conID: 3 locID: 102289857083015316 bcsId: 0,size=10240]} | ret=FAILURE
org.apache.hadoop.hdds.scm.container.common.helpers.StorageContainerException: ContainerID 3 does not exist
	at org.apache.hadoop.ozone.container.common.impl.HddsDispatcher.dispatchRequest(HddsDispatcher.java:242) ~[classes/:?]
	at org.apache.hadoop.ozone.container.common.impl.HddsDispatcher.dispatch(HddsDispatcher.java:148) ~[classes/:?]
	at org.apache.hadoop.ozone.container.common.transport.server.ratis.ContainerStateMachine.dispatchCommand(ContainerStateMachine.java:347) ~[classes/:?]
	at org.apache.hadoop.ozone.container.common.transport.server.ratis.ContainerStateMachine.runCommand(ContainerStateMachine.java:354) ~[classes/:?]
	at org.apache.hadoop.ozone.container.common.transport.server.ratis.ContainerStateMachine.lambda$applyTransaction$5(ContainerStateMachine.java:621) ~[classes/:?]
	at java.util.concurrent.CompletableFuture$AsyncSupply.run(CompletableFuture.java:1590) [?:1.8.0_212]
	at java.util.concurrent.ThreadPoolExecutor.runWorker(ThreadPoolExecutor.java:1149) [?:1.8.0_212]
	at java.util.concurrent.ThreadPoolExecutor$Worker.run(ThreadPoolExecutor.java:624) [?:1.8.0_212]
	at java.lang.Thread.run(Thread.java:748) [?:1.8.0_212]
2019-06-18 00:55:52,493 INFO  impl.HddsDispatcher (ContainerUtils.java:logAndReturnError(146)) - Operation: WriteChunk : Trace ID: 9203cc7ca71a8b40:979ed5ba3de5667a:cac801d0201eb54c:0 : Message: ContainerID 3 does not exist : Result: CONTAINER_NOT_FOUND
2019-06-18 00:55:52,493 INFO  impl.HddsDispatcher (ContainerUtils.java:logAndReturnError(146)) - Operation: PutBlock : Trace ID: 9203cc7ca71a8b40:d88a44f8d180e1f4:cac801d0201eb54c:0 : Message: ContainerID 3 does not exist : Result: CONTAINER_NOT_FOUND
00:55:52.499 [pool-51-thread-1] ERROR DNAudit - user=null | ip=null | op=PUT_BLOCK {blockData=[blockId=conID: 3 locID: 102289857083015316 bcsId: 0,size=10240]} | ret=FAILURE
org.apache.hadoop.hdds.scm.container.common.helpers.StorageContainerException: ContainerID 3 does not exist
	at org.apache.hadoop.ozone.container.common.impl.HddsDispatcher.dispatchRequest(HddsDispatcher.java:242) ~[classes/:?]
	at org.apache.hadoop.ozone.container.common.impl.HddsDispatcher.dispatch(HddsDispatcher.java:148) ~[classes/:?]
	at org.apache.hadoop.ozone.container.common.transport.server.ratis.ContainerStateMachine.dispatchCommand(ContainerStateMachine.java:347) ~[classes/:?]
	at org.apache.hadoop.ozone.container.common.transport.server.ratis.ContainerStateMachine.runCommand(ContainerStateMachine.java:354) ~[classes/:?]
	at org.apache.hadoop.ozone.container.common.transport.server.ratis.ContainerStateMachine.lambda$applyTransaction$5(ContainerStateMachine.java:621) ~[classes/:?]
	at java.util.concurrent.CompletableFuture$AsyncSupply.run(CompletableFuture.java:1590) [?:1.8.0_212]
	at java.util.concurrent.ThreadPoolExecutor.runWorker(ThreadPoolExecutor.java:1149) [?:1.8.0_212]
	at java.util.concurrent.ThreadPoolExecutor$Worker.run(ThreadPoolExecutor.java:624) [?:1.8.0_212]
	at java.lang.Thread.run(Thread.java:748) [?:1.8.0_212]
2019-06-18 00:55:52,499 INFO  impl.HddsDispatcher (ContainerUtils.java:logAndReturnError(146)) - Operation: PutBlock : Trace ID: 9203cc7ca71a8b40:d88a44f8d180e1f4:cac801d0201eb54c:0 : Message: ContainerID 3 does not exist : Result: CONTAINER_NOT_FOUND
2019-06-18 00:55:52,500 INFO  client.GrpcClientProtocolClient (GrpcClientProtocolClient.java:onNext(254)) - client-7D96FB2A9EE9->2d9c32cf-d138-46ed-86fe-555b0f222d66: receive RaftClientReply:client-7D96FB2A9EE9->2d9c32cf-d138-46ed-86fe-555b0f222d66@group-F789D1FF0E52, cid=214, SUCCESS, logIndex=305, commits[2d9c32cf-d138-46ed-86fe-555b0f222d66:c305, 7d41c113-78b8-42e0-973f-a2985e127fce:c303, 845dac45-d65a-40db-aa8d-9123cdf470a5:c303]
00:55:52.500 [pool-72-thread-1] ERROR DNAudit - user=null | ip=null | op=PUT_BLOCK {blockData=[blockId=conID: 3 locID: 102289857083015316 bcsId: 0,size=10240]} | ret=FAILURE
org.apache.hadoop.hdds.scm.container.common.helpers.StorageContainerException: ContainerID 3 does not exist
	at org.apache.hadoop.ozone.container.common.impl.HddsDispatcher.dispatchRequest(HddsDispatcher.java:242) ~[classes/:?]
	at org.apache.hadoop.ozone.container.common.impl.HddsDispatcher.dispatch(HddsDispatcher.java:148) ~[classes/:?]
	at org.apache.hadoop.ozone.container.common.transport.server.ratis.ContainerStateMachine.dispatchCommand(ContainerStateMachine.java:347) ~[classes/:?]
	at org.apache.hadoop.ozone.container.common.transport.server.ratis.ContainerStateMachine.runCommand(ContainerStateMachine.java:354) ~[classes/:?]
	at org.apache.hadoop.ozone.container.common.transport.server.ratis.ContainerStateMachine.lambda$applyTransaction$5(ContainerStateMachine.java:621) ~[classes/:?]
	at java.util.concurrent.CompletableFuture$AsyncSupply.run(CompletableFuture.java:1590) [?:1.8.0_212]
	at java.util.concurrent.ThreadPoolExecutor.runWorker(ThreadPoolExecutor.java:1149) [?:1.8.0_212]
	at java.util.concurrent.ThreadPoolExecutor$Worker.run(ThreadPoolExecutor.java:624) [?:1.8.0_212]
	at java.lang.Thread.run(Thread.java:748) [?:1.8.0_212]
2019-06-18 00:55:52,500 INFO  impl.HddsDispatcher (ContainerUtils.java:logAndReturnError(146)) - Operation: PutBlock : Trace ID: 9203cc7ca71a8b40:d88a44f8d180e1f4:cac801d0201eb54c:0 : Message: ContainerID 3 does not exist : Result: CONTAINER_NOT_FOUND
2019-06-18 00:55:52,504 INFO  client.GrpcClientProtocolClient (GrpcClientProtocolClient.java:onNext(254)) - client-7D96FB2A9EE9->2d9c32cf-d138-46ed-86fe-555b0f222d66: receive RaftClientReply:client-7D96FB2A9EE9->2d9c32cf-d138-46ed-86fe-555b0f222d66@group-F789D1FF0E52, cid=215, SUCCESS, logIndex=306, commits[2d9c32cf-d138-46ed-86fe-555b0f222d66:c306, 7d41c113-78b8-42e0-973f-a2985e127fce:c303, 845dac45-d65a-40db-aa8d-9123cdf470a5:c304]
2019-06-18 00:55:52,512 ERROR freon.RandomKeyGenerator (RandomKeyGenerator.java:run(675)) - Exception while adding key: key-5-11619 in bucket: org.apache.hadoop.ozone.client.OzoneBucket@72fa82e of volume: org.apache.hadoop.ozone.client.OzoneVolume@4bda18b4.
java.io.IOException: Unexpected Storage Container Exception: org.apache.hadoop.hdds.scm.container.common.helpers.StorageContainerException: ContainerID 3 does not exist
	at org.apache.hadoop.hdds.scm.storage.BlockOutputStream.setIoException(BlockOutputStream.java:548)
	at org.apache.hadoop.hdds.scm.storage.BlockOutputStream.validateResponse(BlockOutputStream.java:539)
	at org.apache.hadoop.hdds.scm.storage.BlockOutputStream.lambda$writeChunkToContainer$2(BlockOutputStream.java:614)
	at java.util.concurrent.CompletableFuture.uniApply(CompletableFuture.java:602)
	at java.util.concurrent.CompletableFuture$UniApply.tryFire(CompletableFuture.java:577)
	at java.util.concurrent.CompletableFuture$Completion.run(CompletableFuture.java:442)
	at java.util.concurrent.ThreadPoolExecutor.runWorker(ThreadPoolExecutor.java:1149)
	at java.util.concurrent.ThreadPoolExecutor$Worker.run(ThreadPoolExecutor.java:624)
	at java.lang.Thread.run(Thread.java:748)
Caused by: org.apache.hadoop.hdds.scm.container.common.helpers.StorageContainerException: ContainerID 3 does not exist
	at org.apache.hadoop.hdds.scm.storage.ContainerProtocolCalls.validateContainerResponse(ContainerProtocolCalls.java:536)
	at org.apache.hadoop.hdds.scm.storage.BlockOutputStream.validateResponse(BlockOutputStream.java:536)
	... 7 more
2019-06-18 00:55:52,514 INFO  client.GrpcClientProtocolClient (GrpcClientProtocolClient.java:onNext(254)) - client-7D96FB2A9EE9->2d9c32cf-d138-46ed-86fe-555b0f222d66: receive RaftClientReply:client-7D96FB2A9EE9->2d9c32cf-d138-46ed-86fe-555b0f222d66@group-F789D1FF0E52, cid=216, SUCCESS, logIndex=307, commits[2d9c32cf-d138-46ed-86fe-555b0f222d66:c308, 7d41c113-78b8-42e0-973f-a2985e127fce:c305, 845dac45-d65a-40db-aa8d-9123cdf470a5:c305]
2019-06-18 00:55:52,525 INFO  client.GrpcClientProtocolClient (GrpcClientProtocolClient.java:onNext(254)) - client-7D96FB2A9EE9->2d9c32cf-d138-46ed-86fe-555b0f222d66: receive RaftClientReply:client-7D96FB2A9EE9->2d9c32cf-d138-46ed-86fe-555b0f222d66@group-F789D1FF0E52, cid=217, SUCCESS, logIndex=0, commits[2d9c32cf-d138-46ed-86fe-555b0f222d66:c310, 7d41c113-78b8-42e0-973f-a2985e127fce:c309, 845dac45-d65a-40db-aa8d-9123cdf470a5:c309]
2019-06-18 00:55:52,525 INFO  client.GrpcClientProtocolClient (GrpcClientProtocolClient.java:onNext(254)) - client-7D96FB2A9EE9->2d9c32cf-d138-46ed-86fe-555b0f222d66: receive RaftClientReply:client-7D96FB2A9EE9->2d9c32cf-d138-46ed-86fe-555b0f222d66@group-F789D1FF0E52, cid=218, SUCCESS, logIndex=310, commits[2d9c32cf-d138-46ed-86fe-555b0f222d66:c310, 7d41c113-78b8-42e0-973f-a2985e127fce:c309, 845dac45-d65a-40db-aa8d-9123cdf470a5:c309]
2019-06-18 00:55:52,533 INFO  client.GrpcClientProtocolClient (GrpcClientProtocolClient.java:onNext(254)) - client-7D96FB2A9EE9->2d9c32cf-d138-46ed-86fe-555b0f222d66: receive RaftClientReply:client-7D96FB2A9EE9->2d9c32cf-d138-46ed-86fe-555b0f222d66@group-F789D1FF0E52, cid=219, SUCCESS, logIndex=312, commits[2d9c32cf-d138-46ed-86fe-555b0f222d66:c312, 7d41c113-78b8-42e0-973f-a2985e127fce:c310, 845dac45-d65a-40db-aa8d-9123cdf470a5:c310]
2019-06-18 00:55:52,542 INFO  keyvalue.KeyValueHandler (ContainerUtils.java:logAndReturnError(146)) - Operation: CreateContainer : Trace ID: 5be58356a8795756:ad8c5bc9f44dc4e:15d3d52e893ef401:0 : Message: Container creation failed, due to disk out of space : Result: DISK_OUT_OF_SPACE
00:55:52.542 [pool-26-thread-11] ERROR DNAudit - user=null | ip=null | op=WRITE_CHUNK {blockData=conID: 3 locID: 102289857087733913 bcsId: 0} | ret=FAILURE
org.apache.hadoop.hdds.scm.container.common.helpers.StorageContainerException: ContainerID 3 creation failed
	at org.apache.hadoop.ozone.container.common.impl.HddsDispatcher.dispatchRequest(HddsDispatcher.java:227) ~[classes/:?]
	at org.apache.hadoop.ozone.container.common.impl.HddsDispatcher.dispatch(HddsDispatcher.java:148) ~[classes/:?]
	at org.apache.hadoop.ozone.container.common.transport.server.ratis.ContainerStateMachine.dispatchCommand(ContainerStateMachine.java:347) ~[classes/:?]
	at org.apache.hadoop.ozone.container.common.transport.server.ratis.ContainerStateMachine.runCommand(ContainerStateMachine.java:354) ~[classes/:?]
	at org.apache.hadoop.ozone.container.common.transport.server.ratis.ContainerStateMachine.lambda$handleWriteChunk$0(ContainerStateMachine.java:385) ~[classes/:?]
	at java.util.concurrent.CompletableFuture$AsyncSupply.run(CompletableFuture.java:1590) [?:1.8.0_212]
	at java.util.concurrent.ThreadPoolExecutor.runWorker(ThreadPoolExecutor.java:1149) [?:1.8.0_212]
	at java.util.concurrent.ThreadPoolExecutor$Worker.run(ThreadPoolExecutor.java:624) [?:1.8.0_212]
	at java.lang.Thread.run(Thread.java:748) [?:1.8.0_212]
2019-06-18 00:55:52,543 INFO  impl.HddsDispatcher (ContainerUtils.java:logAndReturnError(146)) - Operation: WriteChunk : Trace ID: 5be58356a8795756:ad8c5bc9f44dc4e:15d3d52e893ef401:0 : Message: ContainerID 3 creation failed : Result: DISK_OUT_OF_SPACE
2019-06-18 00:55:52,543 INFO  keyvalue.KeyValueHandler (ContainerUtils.java:logAndReturnError(146)) - Operation: CreateContainer : Trace ID: 5be58356a8795756:ad8c5bc9f44dc4e:15d3d52e893ef401:0 : Message: Container creation failed, due to disk out of space : Result: DISK_OUT_OF_SPACE
2019-06-18 00:55:52,544 INFO  keyvalue.KeyValueHandler (ContainerUtils.java:logAndReturnError(146)) - Operation: CreateContainer : Trace ID: 5be58356a8795756:ad8c5bc9f44dc4e:15d3d52e893ef401:0 : Message: Container creation failed, due to disk out of space : Result: DISK_OUT_OF_SPACE
00:55:52.544 [pool-68-thread-22] ERROR DNAudit - user=null | ip=null | op=WRITE_CHUNK {blockData=conID: 3 locID: 102289857087733913 bcsId: 0} | ret=FAILURE
org.apache.hadoop.hdds.scm.container.common.helpers.StorageContainerException: ContainerID 3 creation failed
	at org.apache.hadoop.ozone.container.common.impl.HddsDispatcher.dispatchRequest(HddsDispatcher.java:227) ~[classes/:?]
	at org.apache.hadoop.ozone.container.common.impl.HddsDispatcher.dispatch(HddsDispatcher.java:148) ~[classes/:?]
	at org.apache.hadoop.ozone.container.common.transport.server.ratis.ContainerStateMachine.dispatchCommand(ContainerStateMachine.java:347) ~[classes/:?]
	at org.apache.hadoop.ozone.container.common.transport.server.ratis.ContainerStateMachine.runCommand(ContainerStateMachine.java:354) ~[classes/:?]
	at org.apache.hadoop.ozone.container.common.transport.server.ratis.ContainerStateMachine.lambda$handleWriteChunk$0(ContainerStateMachine.java:385) ~[classes/:?]
	at java.util.concurrent.CompletableFuture$AsyncSupply.run(CompletableFuture.java:1590) [?:1.8.0_212]
	at java.util.concurrent.ThreadPoolExecutor.runWorker(ThreadPoolExecutor.java:1149) [?:1.8.0_212]
	at java.util.concurrent.ThreadPoolExecutor$Worker.run(ThreadPoolExecutor.java:624) [?:1.8.0_212]
	at java.lang.Thread.run(Thread.java:748) [?:1.8.0_212]
2019-06-18 00:55:52,544 INFO  impl.HddsDispatcher (ContainerUtils.java:logAndReturnError(146)) - Operation: WriteChunk : Trace ID: 5be58356a8795756:ad8c5bc9f44dc4e:15d3d52e893ef401:0 : Message: ContainerID 3 creation failed : Result: DISK_OUT_OF_SPACE
00:55:52.544 [pool-47-thread-23] ERROR DNAudit - user=null | ip=null | op=WRITE_CHUNK {blockData=conID: 3 locID: 102289857087733913 bcsId: 0} | ret=FAILURE
org.apache.hadoop.hdds.scm.container.common.helpers.StorageContainerException: ContainerID 3 creation failed
	at org.apache.hadoop.ozone.container.common.impl.HddsDispatcher.dispatchRequest(HddsDispatcher.java:227) ~[classes/:?]
	at org.apache.hadoop.ozone.container.common.impl.HddsDispatcher.dispatch(HddsDispatcher.java:148) ~[classes/:?]
	at org.apache.hadoop.ozone.container.common.transport.server.ratis.ContainerStateMachine.dispatchCommand(ContainerStateMachine.java:347) ~[classes/:?]
	at org.apache.hadoop.ozone.container.common.transport.server.ratis.ContainerStateMachine.runCommand(ContainerStateMachine.java:354) ~[classes/:?]
	at org.apache.hadoop.ozone.container.common.transport.server.ratis.ContainerStateMachine.lambda$handleWriteChunk$0(ContainerStateMachine.java:385) ~[classes/:?]
	at java.util.concurrent.CompletableFuture$AsyncSupply.run(CompletableFuture.java:1590) [?:1.8.0_212]
	at java.util.concurrent.ThreadPoolExecutor.runWorker(ThreadPoolExecutor.java:1149) [?:1.8.0_212]
	at java.util.concurrent.ThreadPoolExecutor$Worker.run(ThreadPoolExecutor.java:624) [?:1.8.0_212]
	at java.lang.Thread.run(Thread.java:748) [?:1.8.0_212]
2019-06-18 00:55:52,545 INFO  impl.HddsDispatcher (ContainerUtils.java:logAndReturnError(146)) - Operation: WriteChunk : Trace ID: 5be58356a8795756:ad8c5bc9f44dc4e:15d3d52e893ef401:0 : Message: ContainerID 3 creation failed : Result: DISK_OUT_OF_SPACE
2019-06-18 00:55:52,546 INFO  client.GrpcClientProtocolClient (GrpcClientProtocolClient.java:onNext(254)) - client-7D96FB2A9EE9->2d9c32cf-d138-46ed-86fe-555b0f222d66: receive RaftClientReply:client-7D96FB2A9EE9->2d9c32cf-d138-46ed-86fe-555b0f222d66@group-F789D1FF0E52, cid=220, SUCCESS, logIndex=0, commits[2d9c32cf-d138-46ed-86fe-555b0f222d66:c313, 7d41c113-78b8-42e0-973f-a2985e127fce:c312, 845dac45-d65a-40db-aa8d-9123cdf470a5:c312]
00:55:52.546 [pool-30-thread-1] ERROR DNAudit - user=null | ip=null | op=WRITE_CHUNK {blockData=conID: 3 locID: 102289857087733913 bcsId: 0} | ret=FAILURE
org.apache.hadoop.hdds.scm.container.common.helpers.StorageContainerException: ContainerID 3 does not exist
	at org.apache.hadoop.ozone.container.common.impl.HddsDispatcher.dispatchRequest(HddsDispatcher.java:242) ~[classes/:?]
	at org.apache.hadoop.ozone.container.common.impl.HddsDispatcher.dispatch(HddsDispatcher.java:148) ~[classes/:?]
	at org.apache.hadoop.ozone.container.common.transport.server.ratis.ContainerStateMachine.dispatchCommand(ContainerStateMachine.java:347) ~[classes/:?]
	at org.apache.hadoop.ozone.container.common.transport.server.ratis.ContainerStateMachine.runCommand(ContainerStateMachine.java:354) ~[classes/:?]
	at org.apache.hadoop.ozone.container.common.transport.server.ratis.ContainerStateMachine.lambda$applyTransaction$5(ContainerStateMachine.java:621) ~[classes/:?]
	at java.util.concurrent.CompletableFuture$AsyncSupply.run(CompletableFuture.java:1590) [?:1.8.0_212]
	at java.util.concurrent.ThreadPoolExecutor.runWorker(ThreadPoolExecutor.java:1149) [?:1.8.0_212]
	at java.util.concurrent.ThreadPoolExecutor$Worker.run(ThreadPoolExecutor.java:624) [?:1.8.0_212]
	at java.lang.Thread.run(Thread.java:748) [?:1.8.0_212]
2019-06-18 00:55:52,546 INFO  impl.HddsDispatcher (ContainerUtils.java:logAndReturnError(146)) - Operation: WriteChunk : Trace ID: 5be58356a8795756:ad8c5bc9f44dc4e:15d3d52e893ef401:0 : Message: ContainerID 3 does not exist : Result: CONTAINER_NOT_FOUND
2019-06-18 00:55:52,549 INFO  client.GrpcClientProtocolClient (GrpcClientProtocolClient.java:onNext(254)) - client-7D96FB2A9EE9->2d9c32cf-d138-46ed-86fe-555b0f222d66: receive RaftClientReply:client-7D96FB2A9EE9->2d9c32cf-d138-46ed-86fe-555b0f222d66@group-F789D1FF0E52, cid=221, SUCCESS, logIndex=314, commits[2d9c32cf-d138-46ed-86fe-555b0f222d66:c314, 7d41c113-78b8-42e0-973f-a2985e127fce:c313, 845dac45-d65a-40db-aa8d-9123cdf470a5:c312]
00:55:52.550 [pool-72-thread-1] ERROR DNAudit - user=null | ip=null | op=WRITE_CHUNK {blockData=conID: 3 locID: 102289857087733913 bcsId: 0} | ret=FAILURE
org.apache.hadoop.hdds.scm.container.common.helpers.StorageContainerException: ContainerID 3 does not exist
	at org.apache.hadoop.ozone.container.common.impl.HddsDispatcher.dispatchRequest(HddsDispatcher.java:242) ~[classes/:?]
	at org.apache.hadoop.ozone.container.common.impl.HddsDispatcher.dispatch(HddsDispatcher.java:148) ~[classes/:?]
	at org.apache.hadoop.ozone.container.common.transport.server.ratis.ContainerStateMachine.dispatchCommand(ContainerStateMachine.java:347) ~[classes/:?]
	at org.apache.hadoop.ozone.container.common.transport.server.ratis.ContainerStateMachine.runCommand(ContainerStateMachine.java:354) ~[classes/:?]
	at org.apache.hadoop.ozone.container.common.transport.server.ratis.ContainerStateMachine.lambda$applyTransaction$5(ContainerStateMachine.java:621) ~[classes/:?]
	at java.util.concurrent.CompletableFuture$AsyncSupply.run(CompletableFuture.java:1590) [?:1.8.0_212]
	at java.util.concurrent.ThreadPoolExecutor.runWorker(ThreadPoolExecutor.java:1149) [?:1.8.0_212]
	at java.util.concurrent.ThreadPoolExecutor$Worker.run(ThreadPoolExecutor.java:624) [?:1.8.0_212]
	at java.lang.Thread.run(Thread.java:748) [?:1.8.0_212]
2019-06-18 00:55:52,550 INFO  impl.HddsDispatcher (ContainerUtils.java:logAndReturnError(146)) - Operation: WriteChunk : Trace ID: 5be58356a8795756:ad8c5bc9f44dc4e:15d3d52e893ef401:0 : Message: ContainerID 3 does not exist : Result: CONTAINER_NOT_FOUND
00:55:52.550 [pool-51-thread-1] ERROR DNAudit - user=null | ip=null | op=WRITE_CHUNK {blockData=conID: 3 locID: 102289857087733913 bcsId: 0} | ret=FAILURE
org.apache.hadoop.hdds.scm.container.common.helpers.StorageContainerException: ContainerID 3 does not exist
	at org.apache.hadoop.ozone.container.common.impl.HddsDispatcher.dispatchRequest(HddsDispatcher.java:242) ~[classes/:?]
	at org.apache.hadoop.ozone.container.common.impl.HddsDispatcher.dispatch(HddsDispatcher.java:148) ~[classes/:?]
	at org.apache.hadoop.ozone.container.common.transport.server.ratis.ContainerStateMachine.dispatchCommand(ContainerStateMachine.java:347) ~[classes/:?]
	at org.apache.hadoop.ozone.container.common.transport.server.ratis.ContainerStateMachine.runCommand(ContainerStateMachine.java:354) ~[classes/:?]
	at org.apache.hadoop.ozone.container.common.transport.server.ratis.ContainerStateMachine.lambda$applyTransaction$5(ContainerStateMachine.java:621) ~[classes/:?]
	at java.util.concurrent.CompletableFuture$AsyncSupply.run(CompletableFuture.java:1590) [?:1.8.0_212]
	at java.util.concurrent.ThreadPoolExecutor.runWorker(ThreadPoolExecutor.java:1149) [?:1.8.0_212]
	at java.util.concurrent.ThreadPoolExecutor$Worker.run(ThreadPoolExecutor.java:624) [?:1.8.0_212]
	at java.lang.Thread.run(Thread.java:748) [?:1.8.0_212]
2019-06-18 00:55:52,551 INFO  impl.HddsDispatcher (ContainerUtils.java:logAndReturnError(146)) - Operation: WriteChunk : Trace ID: 5be58356a8795756:ad8c5bc9f44dc4e:15d3d52e893ef401:0 : Message: ContainerID 3 does not exist : Result: CONTAINER_NOT_FOUND
2019-06-18 00:55:52,553 ERROR storage.BlockOutputStream (BlockOutputStream.java:validateResponse(538)) - Unexpected Storage Container Exception: 
org.apache.hadoop.hdds.scm.container.common.helpers.StorageContainerException: ContainerID 3 does not exist
	at org.apache.hadoop.hdds.scm.storage.ContainerProtocolCalls.validateContainerResponse(ContainerProtocolCalls.java:536)
	at org.apache.hadoop.hdds.scm.storage.BlockOutputStream.validateResponse(BlockOutputStream.java:536)
	at org.apache.hadoop.hdds.scm.storage.BlockOutputStream.lambda$writeChunkToContainer$2(BlockOutputStream.java:614)
	at java.util.concurrent.CompletableFuture.uniApply(CompletableFuture.java:602)
	at java.util.concurrent.CompletableFuture$UniApply.tryFire(CompletableFuture.java:577)
	at java.util.concurrent.CompletableFuture$Completion.run(CompletableFuture.java:442)
	at java.util.concurrent.ThreadPoolExecutor.runWorker(ThreadPoolExecutor.java:1149)
	at java.util.concurrent.ThreadPoolExecutor$Worker.run(ThreadPoolExecutor.java:624)
	at java.lang.Thread.run(Thread.java:748)
00:55:52.556 [pool-30-thread-1] ERROR DNAudit - user=null | ip=null | op=PUT_BLOCK {blockData=[blockId=conID: 3 locID: 102289857087733913 bcsId: 0,size=10240]} | ret=FAILURE
org.apache.hadoop.hdds.scm.container.common.helpers.StorageContainerException: ContainerID 3 does not exist
	at org.apache.hadoop.ozone.container.common.impl.HddsDispatcher.dispatchRequest(HddsDispatcher.java:242) ~[classes/:?]
	at org.apache.hadoop.ozone.container.common.impl.HddsDispatcher.dispatch(HddsDispatcher.java:148) ~[classes/:?]
	at org.apache.hadoop.ozone.container.common.transport.server.ratis.ContainerStateMachine.dispatchCommand(ContainerStateMachine.java:347) ~[classes/:?]
	at org.apache.hadoop.ozone.container.common.transport.server.ratis.ContainerStateMachine.runCommand(ContainerStateMachine.java:354) ~[classes/:?]
	at org.apache.hadoop.ozone.container.common.transport.server.ratis.ContainerStateMachine.lambda$applyTransaction$5(ContainerStateMachine.java:621) ~[classes/:?]
	at java.util.concurrent.CompletableFuture$AsyncSupply.run(CompletableFuture.java:1590) [?:1.8.0_212]
	at java.util.concurrent.ThreadPoolExecutor.runWorker(ThreadPoolExecutor.java:1149) [?:1.8.0_212]
	at java.util.concurrent.ThreadPoolExecutor$Worker.run(ThreadPoolExecutor.java:624) [?:1.8.0_212]
	at java.lang.Thread.run(Thread.java:748) [?:1.8.0_212]
2019-06-18 00:55:52,556 INFO  impl.HddsDispatcher (ContainerUtils.java:logAndReturnError(146)) - Operation: PutBlock : Trace ID: 5be58356a8795756:6dcb791143cb1a7:15d3d52e893ef401:0 : Message: ContainerID 3 does not exist : Result: CONTAINER_NOT_FOUND
00:55:52.560 [pool-51-thread-1] ERROR DNAudit - user=null | ip=null | op=PUT_BLOCK {blockData=[blockId=conID: 3 locID: 102289857087733913 bcsId: 0,size=10240]} | ret=FAILURE
org.apache.hadoop.hdds.scm.container.common.helpers.StorageContainerException: ContainerID 3 does not exist
	at org.apache.hadoop.ozone.container.common.impl.HddsDispatcher.dispatchRequest(HddsDispatcher.java:242) ~[classes/:?]
	at org.apache.hadoop.ozone.container.common.impl.HddsDispatcher.dispatch(HddsDispatcher.java:148) ~[classes/:?]
	at org.apache.hadoop.ozone.container.common.transport.server.ratis.ContainerStateMachine.dispatchCommand(ContainerStateMachine.java:347) ~[classes/:?]
	at org.apache.hadoop.ozone.container.common.transport.server.ratis.ContainerStateMachine.runCommand(ContainerStateMachine.java:354) ~[classes/:?]
	at org.apache.hadoop.ozone.container.common.transport.server.ratis.ContainerStateMachine.lambda$applyTransaction$5(ContainerStateMachine.java:621) ~[classes/:?]
	at java.util.concurrent.CompletableFuture$AsyncSupply.run(CompletableFuture.java:1590) [?:1.8.0_212]
	at java.util.concurrent.ThreadPoolExecutor.runWorker(ThreadPoolExecutor.java:1149) [?:1.8.0_212]
	at java.util.concurrent.ThreadPoolExecutor$Worker.run(ThreadPoolExecutor.java:624) [?:1.8.0_212]
	at java.lang.Thread.run(Thread.java:748) [?:1.8.0_212]
2019-06-18 00:55:52,560 INFO  impl.HddsDispatcher (ContainerUtils.java:logAndReturnError(146)) - Operation: PutBlock : Trace ID: 5be58356a8795756:6dcb791143cb1a7:15d3d52e893ef401:0 : Message: ContainerID 3 does not exist : Result: CONTAINER_NOT_FOUND
00:55:52.562 [pool-72-thread-1] ERROR DNAudit - user=null | ip=null | op=PUT_BLOCK {blockData=[blockId=conID: 3 locID: 102289857087733913 bcsId: 0,size=10240]} | ret=FAILURE
org.apache.hadoop.hdds.scm.container.common.helpers.StorageContainerException: ContainerID 3 does not exist
	at org.apache.hadoop.ozone.container.common.impl.HddsDispatcher.dispatchRequest(HddsDispatcher.java:242) ~[classes/:?]
	at org.apache.hadoop.ozone.container.common.impl.HddsDispatcher.dispatch(HddsDispatcher.java:148) ~[classes/:?]
	at org.apache.hadoop.ozone.container.common.transport.server.ratis.ContainerStateMachine.dispatchCommand(ContainerStateMachine.java:347) ~[classes/:?]
	at org.apache.hadoop.ozone.container.common.transport.server.ratis.ContainerStateMachine.runCommand(ContainerStateMachine.java:354) ~[classes/:?]
	at org.apache.hadoop.ozone.container.common.transport.server.ratis.ContainerStateMachine.lambda$applyTransaction$5(ContainerStateMachine.java:621) ~[classes/:?]
	at java.util.concurrent.CompletableFuture$AsyncSupply.run(CompletableFuture.java:1590) [?:1.8.0_212]
	at java.util.concurrent.ThreadPoolExecutor.runWorker(ThreadPoolExecutor.java:1149) [?:1.8.0_212]
	at java.util.concurrent.ThreadPoolExecutor$Worker.run(ThreadPoolExecutor.java:624) [?:1.8.0_212]
	at java.lang.Thread.run(Thread.java:748) [?:1.8.0_212]
2019-06-18 00:55:52,563 INFO  impl.HddsDispatcher (ContainerUtils.java:logAndReturnError(146)) - Operation: PutBlock : Trace ID: 5be58356a8795756:6dcb791143cb1a7:15d3d52e893ef401:0 : Message: ContainerID 3 does not exist : Result: CONTAINER_NOT_FOUND
2019-06-18 00:55:52,565 INFO  client.GrpcClientProtocolClient (GrpcClientProtocolClient.java:onNext(254)) - client-7D96FB2A9EE9->2d9c32cf-d138-46ed-86fe-555b0f222d66: receive RaftClientReply:client-7D96FB2A9EE9->2d9c32cf-d138-46ed-86fe-555b0f222d66@group-F789D1FF0E52, cid=222, SUCCESS, logIndex=316, commits[2d9c32cf-d138-46ed-86fe-555b0f222d66:c316, 7d41c113-78b8-42e0-973f-a2985e127fce:c314, 845dac45-d65a-40db-aa8d-9123cdf470a5:c314]
2019-06-18 00:55:52,604 INFO  client.GrpcClientProtocolClient (GrpcClientProtocolClient.java:onNext(254)) - client-7D96FB2A9EE9->2d9c32cf-d138-46ed-86fe-555b0f222d66: receive RaftClientReply:client-7D96FB2A9EE9->2d9c32cf-d138-46ed-86fe-555b0f222d66@group-F789D1FF0E52, cid=223, SUCCESS, logIndex=318, commits[2d9c32cf-d138-46ed-86fe-555b0f222d66:c318, 7d41c113-78b8-42e0-973f-a2985e127fce:c316, 845dac45-d65a-40db-aa8d-9123cdf470a5:c316]
2019-06-18 00:55:52,605 ERROR freon.RandomKeyGenerator (RandomKeyGenerator.java:run(675)) - Exception while adding key: key-3-57840 in bucket: org.apache.hadoop.ozone.client.OzoneBucket@394d28e of volume: org.apache.hadoop.ozone.client.OzoneVolume@ddbf95a.
java.io.IOException: Unexpected Storage Container Exception: org.apache.hadoop.hdds.scm.container.common.helpers.StorageContainerException: ContainerID 3 does not exist
	at org.apache.hadoop.hdds.scm.storage.BlockOutputStream.setIoException(BlockOutputStream.java:548)
	at org.apache.hadoop.hdds.scm.storage.BlockOutputStream.validateResponse(BlockOutputStream.java:539)
	at org.apache.hadoop.hdds.scm.storage.BlockOutputStream.lambda$writeChunkToContainer$2(BlockOutputStream.java:614)
	at java.util.concurrent.CompletableFuture.uniApply(CompletableFuture.java:602)
	at java.util.concurrent.CompletableFuture$UniApply.tryFire(CompletableFuture.java:577)
	at java.util.concurrent.CompletableFuture$Completion.run(CompletableFuture.java:442)
	at java.util.concurrent.ThreadPoolExecutor.runWorker(ThreadPoolExecutor.java:1149)
	at java.util.concurrent.ThreadPoolExecutor$Worker.run(ThreadPoolExecutor.java:624)
	at java.lang.Thread.run(Thread.java:748)
Caused by: org.apache.hadoop.hdds.scm.container.common.helpers.StorageContainerException: ContainerID 3 does not exist
	at org.apache.hadoop.hdds.scm.storage.ContainerProtocolCalls.validateContainerResponse(ContainerProtocolCalls.java:536)
	at org.apache.hadoop.hdds.scm.storage.BlockOutputStream.validateResponse(BlockOutputStream.java:536)
	... 7 more
2019-06-18 00:55:52,610 INFO  client.GrpcClientProtocolClient (GrpcClientProtocolClient.java:onNext(254)) - client-7D96FB2A9EE9->2d9c32cf-d138-46ed-86fe-555b0f222d66: receive RaftClientReply:client-7D96FB2A9EE9->2d9c32cf-d138-46ed-86fe-555b0f222d66@group-F789D1FF0E52, cid=224, SUCCESS, logIndex=319, commits[2d9c32cf-d138-46ed-86fe-555b0f222d66:c320, 7d41c113-78b8-42e0-973f-a2985e127fce:c316, 845dac45-d65a-40db-aa8d-9123cdf470a5:c318]
2019-06-18 00:55:52,635 INFO  client.GrpcClientProtocolClient (GrpcClientProtocolClient.java:onNext(254)) - client-7D96FB2A9EE9->2d9c32cf-d138-46ed-86fe-555b0f222d66: receive RaftClientReply:client-7D96FB2A9EE9->2d9c32cf-d138-46ed-86fe-555b0f222d66@group-F789D1FF0E52, cid=225, SUCCESS, logIndex=322, commits[2d9c32cf-d138-46ed-86fe-555b0f222d66:c322, 7d41c113-78b8-42e0-973f-a2985e127fce:c320, 845dac45-d65a-40db-aa8d-9123cdf470a5:c320]
2019-06-18 00:55:52,643 INFO  client.GrpcClientProtocolClient (GrpcClientProtocolClient.java:onNext(254)) - client-7D96FB2A9EE9->2d9c32cf-d138-46ed-86fe-555b0f222d66: receive RaftClientReply:client-7D96FB2A9EE9->2d9c32cf-d138-46ed-86fe-555b0f222d66@group-F789D1FF0E52, cid=227, SUCCESS, logIndex=0, commits[2d9c32cf-d138-46ed-86fe-555b0f222d66:c321, 7d41c113-78b8-42e0-973f-a2985e127fce:c320, 845dac45-d65a-40db-aa8d-9123cdf470a5:c320]
2019-06-18 00:55:52,647 INFO  client.GrpcClientProtocolClient (GrpcClientProtocolClient.java:onNext(254)) - client-7D96FB2A9EE9->2d9c32cf-d138-46ed-86fe-555b0f222d66: receive RaftClientReply:client-7D96FB2A9EE9->2d9c32cf-d138-46ed-86fe-555b0f222d66@group-F789D1FF0E52, cid=226, SUCCESS, logIndex=324, commits[2d9c32cf-d138-46ed-86fe-555b0f222d66:c324, 7d41c113-78b8-42e0-973f-a2985e127fce:c322, 845dac45-d65a-40db-aa8d-9123cdf470a5:c322]
2019-06-18 00:55:52,656 INFO  client.GrpcClientProtocolClient (GrpcClientProtocolClient.java:onNext(254)) - client-7D96FB2A9EE9->2d9c32cf-d138-46ed-86fe-555b0f222d66: receive RaftClientReply:client-7D96FB2A9EE9->2d9c32cf-d138-46ed-86fe-555b0f222d66@group-F789D1FF0E52, cid=228, SUCCESS, logIndex=0, commits[2d9c32cf-d138-46ed-86fe-555b0f222d66:c325, 7d41c113-78b8-42e0-973f-a2985e127fce:c324, 845dac45-d65a-40db-aa8d-9123cdf470a5:c324]
2019-06-18 00:55:52,662 INFO  keyvalue.KeyValueHandler (ContainerUtils.java:logAndReturnError(146)) - Operation: CreateContainer : Trace ID: 3f3dc4314449b818:cde22835e5245c90:98a19f168ecd0c86:0 : Message: Container creation failed, due to disk out of space : Result: DISK_OUT_OF_SPACE
00:55:52.663 [pool-26-thread-22] ERROR DNAudit - user=null | ip=null | op=WRITE_CHUNK {blockData=conID: 3 locID: 102289857095860383 bcsId: 0} | ret=FAILURE
org.apache.hadoop.hdds.scm.container.common.helpers.StorageContainerException: ContainerID 3 creation failed
	at org.apache.hadoop.ozone.container.common.impl.HddsDispatcher.dispatchRequest(HddsDispatcher.java:227) ~[classes/:?]
	at org.apache.hadoop.ozone.container.common.impl.HddsDispatcher.dispatch(HddsDispatcher.java:148) ~[classes/:?]
	at org.apache.hadoop.ozone.container.common.transport.server.ratis.ContainerStateMachine.dispatchCommand(ContainerStateMachine.java:347) ~[classes/:?]
	at org.apache.hadoop.ozone.container.common.transport.server.ratis.ContainerStateMachine.runCommand(ContainerStateMachine.java:354) ~[classes/:?]
	at org.apache.hadoop.ozone.container.common.transport.server.ratis.ContainerStateMachine.lambda$handleWriteChunk$0(ContainerStateMachine.java:385) ~[classes/:?]
	at java.util.concurrent.CompletableFuture$AsyncSupply.run(CompletableFuture.java:1590) [?:1.8.0_212]
	at java.util.concurrent.ThreadPoolExecutor.runWorker(ThreadPoolExecutor.java:1149) [?:1.8.0_212]
	at java.util.concurrent.ThreadPoolExecutor$Worker.run(ThreadPoolExecutor.java:624) [?:1.8.0_212]
	at java.lang.Thread.run(Thread.java:748) [?:1.8.0_212]
2019-06-18 00:55:52,663 INFO  impl.HddsDispatcher (ContainerUtils.java:logAndReturnError(146)) - Operation: WriteChunk : Trace ID: 3f3dc4314449b818:cde22835e5245c90:98a19f168ecd0c86:0 : Message: ContainerID 3 creation failed : Result: DISK_OUT_OF_SPACE
2019-06-18 00:55:52,664 INFO  keyvalue.KeyValueHandler (ContainerUtils.java:logAndReturnError(146)) - Operation: CreateContainer : Trace ID: 3f3dc4314449b818:cde22835e5245c90:98a19f168ecd0c86:0 : Message: Container creation failed, due to disk out of space : Result: DISK_OUT_OF_SPACE
00:55:52.664 [pool-68-thread-25] ERROR DNAudit - user=null | ip=null | op=WRITE_CHUNK {blockData=conID: 3 locID: 102289857095860383 bcsId: 0} | ret=FAILURE
org.apache.hadoop.hdds.scm.container.common.helpers.StorageContainerException: ContainerID 3 creation failed
	at org.apache.hadoop.ozone.container.common.impl.HddsDispatcher.dispatchRequest(HddsDispatcher.java:227) ~[classes/:?]
	at org.apache.hadoop.ozone.container.common.impl.HddsDispatcher.dispatch(HddsDispatcher.java:148) ~[classes/:?]
	at org.apache.hadoop.ozone.container.common.transport.server.ratis.ContainerStateMachine.dispatchCommand(ContainerStateMachine.java:347) ~[classes/:?]
	at org.apache.hadoop.ozone.container.common.transport.server.ratis.ContainerStateMachine.runCommand(ContainerStateMachine.java:354) ~[classes/:?]
	at org.apache.hadoop.ozone.container.common.transport.server.ratis.ContainerStateMachine.lambda$handleWriteChunk$0(ContainerStateMachine.java:385) ~[classes/:?]
	at java.util.concurrent.CompletableFuture$AsyncSupply.run(CompletableFuture.java:1590) [?:1.8.0_212]
	at java.util.concurrent.ThreadPoolExecutor.runWorker(ThreadPoolExecutor.java:1149) [?:1.8.0_212]
	at java.util.concurrent.ThreadPoolExecutor$Worker.run(ThreadPoolExecutor.java:624) [?:1.8.0_212]
	at java.lang.Thread.run(Thread.java:748) [?:1.8.0_212]
2019-06-18 00:55:52,664 INFO  impl.HddsDispatcher (ContainerUtils.java:logAndReturnError(146)) - Operation: WriteChunk : Trace ID: 3f3dc4314449b818:cde22835e5245c90:98a19f168ecd0c86:0 : Message: ContainerID 3 creation failed : Result: DISK_OUT_OF_SPACE
00:55:52.666 [pool-30-thread-1] ERROR DNAudit - user=null | ip=null | op=WRITE_CHUNK {blockData=conID: 3 locID: 102289857095860383 bcsId: 0} | ret=FAILURE
org.apache.hadoop.hdds.scm.container.common.helpers.StorageContainerException: ContainerID 3 does not exist
	at org.apache.hadoop.ozone.container.common.impl.HddsDispatcher.dispatchRequest(HddsDispatcher.java:242) ~[classes/:?]
	at org.apache.hadoop.ozone.container.common.impl.HddsDispatcher.dispatch(HddsDispatcher.java:148) ~[classes/:?]
	at org.apache.hadoop.ozone.container.common.transport.server.ratis.ContainerStateMachine.dispatchCommand(ContainerStateMachine.java:347) ~[classes/:?]
	at org.apache.hadoop.ozone.container.common.transport.server.ratis.ContainerStateMachine.runCommand(ContainerStateMachine.java:354) ~[classes/:?]
	at org.apache.hadoop.ozone.container.common.transport.server.ratis.ContainerStateMachine.lambda$applyTransaction$5(ContainerStateMachine.java:621) ~[classes/:?]
	at java.util.concurrent.CompletableFuture$AsyncSupply.run(CompletableFuture.java:1590) [?:1.8.0_212]
	at java.util.concurrent.ThreadPoolExecutor.runWorker(ThreadPoolExecutor.java:1149) [?:1.8.0_212]
	at java.util.concurrent.ThreadPoolExecutor$Worker.run(ThreadPoolExecutor.java:624) [?:1.8.0_212]
	at java.lang.Thread.run(Thread.java:748) [?:1.8.0_212]
2019-06-18 00:55:52,666 INFO  impl.HddsDispatcher (ContainerUtils.java:logAndReturnError(146)) - Operation: WriteChunk : Trace ID: 3f3dc4314449b818:cde22835e5245c90:98a19f168ecd0c86:0 : Message: ContainerID 3 does not exist : Result: CONTAINER_NOT_FOUND
2019-06-18 00:55:52,667 INFO  keyvalue.KeyValueHandler (ContainerUtils.java:logAndReturnError(146)) - Operation: CreateContainer : Trace ID: 3f3dc4314449b818:cde22835e5245c90:98a19f168ecd0c86:0 : Message: Container creation failed, due to disk out of space : Result: DISK_OUT_OF_SPACE
00:55:52.667 [pool-47-thread-26] ERROR DNAudit - user=null | ip=null | op=WRITE_CHUNK {blockData=conID: 3 locID: 102289857095860383 bcsId: 0} | ret=FAILURE
org.apache.hadoop.hdds.scm.container.common.helpers.StorageContainerException: ContainerID 3 creation failed
	at org.apache.hadoop.ozone.container.common.impl.HddsDispatcher.dispatchRequest(HddsDispatcher.java:227) ~[classes/:?]
	at org.apache.hadoop.ozone.container.common.impl.HddsDispatcher.dispatch(HddsDispatcher.java:148) ~[classes/:?]
	at org.apache.hadoop.ozone.container.common.transport.server.ratis.ContainerStateMachine.dispatchCommand(ContainerStateMachine.java:347) ~[classes/:?]
	at org.apache.hadoop.ozone.container.common.transport.server.ratis.ContainerStateMachine.runCommand(ContainerStateMachine.java:354) ~[classes/:?]
	at org.apache.hadoop.ozone.container.common.transport.server.ratis.ContainerStateMachine.lambda$handleWriteChunk$0(ContainerStateMachine.java:385) ~[classes/:?]
	at java.util.concurrent.CompletableFuture$AsyncSupply.run(CompletableFuture.java:1590) [?:1.8.0_212]
	at java.util.concurrent.ThreadPoolExecutor.runWorker(ThreadPoolExecutor.java:1149) [?:1.8.0_212]
	at java.util.concurrent.ThreadPoolExecutor$Worker.run(ThreadPoolExecutor.java:624) [?:1.8.0_212]
	at java.lang.Thread.run(Thread.java:748) [?:1.8.0_212]
2019-06-18 00:55:52,668 INFO  impl.HddsDispatcher (ContainerUtils.java:logAndReturnError(146)) - Operation: WriteChunk : Trace ID: 3f3dc4314449b818:cde22835e5245c90:98a19f168ecd0c86:0 : Message: ContainerID 3 creation failed : Result: DISK_OUT_OF_SPACE
2019-06-18 00:55:52,670 INFO  client.GrpcClientProtocolClient (GrpcClientProtocolClient.java:onNext(254)) - client-7D96FB2A9EE9->2d9c32cf-d138-46ed-86fe-555b0f222d66: receive RaftClientReply:client-7D96FB2A9EE9->2d9c32cf-d138-46ed-86fe-555b0f222d66@group-F789D1FF0E52, cid=229, SUCCESS, logIndex=326, commits[2d9c32cf-d138-46ed-86fe-555b0f222d66:c326, 7d41c113-78b8-42e0-973f-a2985e127fce:c325, 845dac45-d65a-40db-aa8d-9123cdf470a5:c324]
00:55:52.674 [pool-72-thread-1] ERROR DNAudit - user=null | ip=null | op=WRITE_CHUNK {blockData=conID: 3 locID: 102289857095860383 bcsId: 0} | ret=FAILURE
org.apache.hadoop.hdds.scm.container.common.helpers.StorageContainerException: ContainerID 3 does not exist
	at org.apache.hadoop.ozone.container.common.impl.HddsDispatcher.dispatchRequest(HddsDispatcher.java:242) ~[classes/:?]
	at org.apache.hadoop.ozone.container.common.impl.HddsDispatcher.dispatch(HddsDispatcher.java:148) ~[classes/:?]
	at org.apache.hadoop.ozone.container.common.transport.server.ratis.ContainerStateMachine.dispatchCommand(ContainerStateMachine.java:347) ~[classes/:?]
	at org.apache.hadoop.ozone.container.common.transport.server.ratis.ContainerStateMachine.runCommand(ContainerStateMachine.java:354) ~[classes/:?]
	at org.apache.hadoop.ozone.container.common.transport.server.ratis.ContainerStateMachine.lambda$applyTransaction$5(ContainerStateMachine.java:621) ~[classes/:?]
	at java.util.concurrent.CompletableFuture$AsyncSupply.run(CompletableFuture.java:1590) [?:1.8.0_212]
	at java.util.concurrent.ThreadPoolExecutor.runWorker(ThreadPoolExecutor.java:1149) [?:1.8.0_212]
	at java.util.concurrent.ThreadPoolExecutor$Worker.run(ThreadPoolExecutor.java:624) [?:1.8.0_212]
	at java.lang.Thread.run(Thread.java:748) [?:1.8.0_212]
2019-06-18 00:55:52,674 INFO  impl.HddsDispatcher (ContainerUtils.java:logAndReturnError(146)) - Operation: WriteChunk : Trace ID: 3f3dc4314449b818:cde22835e5245c90:98a19f168ecd0c86:0 : Message: ContainerID 3 does not exist : Result: CONTAINER_NOT_FOUND
00:55:52.684 [pool-30-thread-1] ERROR DNAudit - user=null | ip=null | op=PUT_BLOCK {blockData=[blockId=conID: 3 locID: 102289857095860383 bcsId: 0,size=10240]} | ret=FAILURE
org.apache.hadoop.hdds.scm.container.common.helpers.StorageContainerException: ContainerID 3 does not exist
	at org.apache.hadoop.ozone.container.common.impl.HddsDispatcher.dispatchRequest(HddsDispatcher.java:242) ~[classes/:?]
	at org.apache.hadoop.ozone.container.common.impl.HddsDispatcher.dispatch(HddsDispatcher.java:148) ~[classes/:?]
	at org.apache.hadoop.ozone.container.common.transport.server.ratis.ContainerStateMachine.dispatchCommand(ContainerStateMachine.java:347) ~[classes/:?]
	at org.apache.hadoop.ozone.container.common.transport.server.ratis.ContainerStateMachine.runCommand(ContainerStateMachine.java:354) ~[classes/:?]
	at org.apache.hadoop.ozone.container.common.transport.server.ratis.ContainerStateMachine.lambda$applyTransaction$5(ContainerStateMachine.java:621) ~[classes/:?]
	at java.util.concurrent.CompletableFuture$AsyncSupply.run(CompletableFuture.java:1590) [?:1.8.0_212]
	at java.util.concurrent.ThreadPoolExecutor.runWorker(ThreadPoolExecutor.java:1149) [?:1.8.0_212]
	at java.util.concurrent.ThreadPoolExecutor$Worker.run(ThreadPoolExecutor.java:624) [?:1.8.0_212]
	at java.lang.Thread.run(Thread.java:748) [?:1.8.0_212]
2019-06-18 00:55:52,684 INFO  impl.HddsDispatcher (ContainerUtils.java:logAndReturnError(146)) - Operation: PutBlock : Trace ID: 3f3dc4314449b818:d3bb7abe9df0a6c6:98a19f168ecd0c86:0 : Message: ContainerID 3 does not exist : Result: CONTAINER_NOT_FOUND
00:55:52.684 [pool-51-thread-1] ERROR DNAudit - user=null | ip=null | op=WRITE_CHUNK {blockData=conID: 3 locID: 102289857095860383 bcsId: 0} | ret=FAILURE
org.apache.hadoop.hdds.scm.container.common.helpers.StorageContainerException: ContainerID 3 does not exist
	at org.apache.hadoop.ozone.container.common.impl.HddsDispatcher.dispatchRequest(HddsDispatcher.java:242) ~[classes/:?]
	at org.apache.hadoop.ozone.container.common.impl.HddsDispatcher.dispatch(HddsDispatcher.java:148) ~[classes/:?]
	at org.apache.hadoop.ozone.container.common.transport.server.ratis.ContainerStateMachine.dispatchCommand(ContainerStateMachine.java:347) ~[classes/:?]
	at org.apache.hadoop.ozone.container.common.transport.server.ratis.ContainerStateMachine.runCommand(ContainerStateMachine.java:354) ~[classes/:?]
	at org.apache.hadoop.ozone.container.common.transport.server.ratis.ContainerStateMachine.lambda$applyTransaction$5(ContainerStateMachine.java:621) ~[classes/:?]
	at java.util.concurrent.CompletableFuture$AsyncSupply.run(CompletableFuture.java:1590) [?:1.8.0_212]
	at java.util.concurrent.ThreadPoolExecutor.runWorker(ThreadPoolExecutor.java:1149) [?:1.8.0_212]
	at java.util.concurrent.ThreadPoolExecutor$Worker.run(ThreadPoolExecutor.java:624) [?:1.8.0_212]
	at java.lang.Thread.run(Thread.java:748) [?:1.8.0_212]
2019-06-18 00:55:52,685 INFO  impl.HddsDispatcher (ContainerUtils.java:logAndReturnError(146)) - Operation: WriteChunk : Trace ID: 3f3dc4314449b818:cde22835e5245c90:98a19f168ecd0c86:0 : Message: ContainerID 3 does not exist : Result: CONTAINER_NOT_FOUND
2019-06-18 00:55:52,689 ERROR storage.BlockOutputStream (BlockOutputStream.java:validateResponse(538)) - Unexpected Storage Container Exception: 
org.apache.hadoop.hdds.scm.container.common.helpers.StorageContainerException: ContainerID 3 does not exist
	at org.apache.hadoop.hdds.scm.storage.ContainerProtocolCalls.validateContainerResponse(ContainerProtocolCalls.java:536)
	at org.apache.hadoop.hdds.scm.storage.BlockOutputStream.validateResponse(BlockOutputStream.java:536)
	at org.apache.hadoop.hdds.scm.storage.BlockOutputStream.lambda$writeChunkToContainer$2(BlockOutputStream.java:614)
	at java.util.concurrent.CompletableFuture.uniApply(CompletableFuture.java:602)
	at java.util.concurrent.CompletableFuture$UniApply.tryFire(CompletableFuture.java:577)
	at java.util.concurrent.CompletableFuture$Completion.run(CompletableFuture.java:442)
	at java.util.concurrent.ThreadPoolExecutor.runWorker(ThreadPoolExecutor.java:1149)
	at java.util.concurrent.ThreadPoolExecutor$Worker.run(ThreadPoolExecutor.java:624)
	at java.lang.Thread.run(Thread.java:748)
2019-06-18 00:55:52,693 INFO  client.GrpcClientProtocolClient (GrpcClientProtocolClient.java:onNext(254)) - client-7D96FB2A9EE9->2d9c32cf-d138-46ed-86fe-555b0f222d66: receive RaftClientReply:client-7D96FB2A9EE9->2d9c32cf-d138-46ed-86fe-555b0f222d66@group-F789D1FF0E52, cid=230, SUCCESS, logIndex=328, commits[2d9c32cf-d138-46ed-86fe-555b0f222d66:c329, 7d41c113-78b8-42e0-973f-a2985e127fce:c326, 845dac45-d65a-40db-aa8d-9123cdf470a5:c325]
00:55:52.699 [pool-51-thread-1] ERROR DNAudit - user=null | ip=null | op=PUT_BLOCK {blockData=[blockId=conID: 3 locID: 102289857095860383 bcsId: 0,size=10240]} | ret=FAILURE
org.apache.hadoop.hdds.scm.container.common.helpers.StorageContainerException: ContainerID 3 does not exist
	at org.apache.hadoop.ozone.container.common.impl.HddsDispatcher.dispatchRequest(HddsDispatcher.java:242) ~[classes/:?]
	at org.apache.hadoop.ozone.container.common.impl.HddsDispatcher.dispatch(HddsDispatcher.java:148) ~[classes/:?]
	at org.apache.hadoop.ozone.container.common.transport.server.ratis.ContainerStateMachine.dispatchCommand(ContainerStateMachine.java:347) ~[classes/:?]
	at org.apache.hadoop.ozone.container.common.transport.server.ratis.ContainerStateMachine.runCommand(ContainerStateMachine.java:354) ~[classes/:?]
	at org.apache.hadoop.ozone.container.common.transport.server.ratis.ContainerStateMachine.lambda$applyTransaction$5(ContainerStateMachine.java:621) ~[classes/:?]
	at java.util.concurrent.CompletableFuture$AsyncSupply.run(CompletableFuture.java:1590) [?:1.8.0_212]
	at java.util.concurrent.ThreadPoolExecutor.runWorker(ThreadPoolExecutor.java:1149) [?:1.8.0_212]
	at java.util.concurrent.ThreadPoolExecutor$Worker.run(ThreadPoolExecutor.java:624) [?:1.8.0_212]
	at java.lang.Thread.run(Thread.java:748) [?:1.8.0_212]
00:55:52.700 [pool-72-thread-1] ERROR DNAudit - user=null | ip=null | op=PUT_BLOCK {blockData=[blockId=conID: 3 locID: 102289857095860383 bcsId: 0,size=10240]} | ret=FAILURE
org.apache.hadoop.hdds.scm.container.common.helpers.StorageContainerException: ContainerID 3 does not exist
	at org.apache.hadoop.ozone.container.common.impl.HddsDispatcher.dispatchRequest(HddsDispatcher.java:242) ~[classes/:?]
	at org.apache.hadoop.ozone.container.common.impl.HddsDispatcher.dispatch(HddsDispatcher.java:148) ~[classes/:?]
	at org.apache.hadoop.ozone.container.common.transport.server.ratis.ContainerStateMachine.dispatchCommand(ContainerStateMachine.java:347) ~[classes/:?]
	at org.apache.hadoop.ozone.container.common.transport.server.ratis.ContainerStateMachine.runCommand(ContainerStateMachine.java:354) ~[classes/:?]
	at org.apache.hadoop.ozone.container.common.transport.server.ratis.ContainerStateMachine.lambda$applyTransaction$5(ContainerStateMachine.java:621) ~[classes/:?]
	at java.util.concurrent.CompletableFuture$AsyncSupply.run(CompletableFuture.java:1590) [?:1.8.0_212]
	at java.util.concurrent.ThreadPoolExecutor.runWorker(ThreadPoolExecutor.java:1149) [?:1.8.0_212]
	at java.util.concurrent.ThreadPoolExecutor$Worker.run(ThreadPoolExecutor.java:624) [?:1.8.0_212]
	at java.lang.Thread.run(Thread.java:748) [?:1.8.0_212]
2019-06-18 00:55:52,700 INFO  impl.HddsDispatcher (ContainerUtils.java:logAndReturnError(146)) - Operation: PutBlock : Trace ID: 3f3dc4314449b818:d3bb7abe9df0a6c6:98a19f168ecd0c86:0 : Message: ContainerID 3 does not exist : Result: CONTAINER_NOT_FOUND
2019-06-18 00:55:52,700 INFO  impl.HddsDispatcher (ContainerUtils.java:logAndReturnError(146)) - Operation: PutBlock : Trace ID: 3f3dc4314449b818:d3bb7abe9df0a6c6:98a19f168ecd0c86:0 : Message: ContainerID 3 does not exist : Result: CONTAINER_NOT_FOUND
2019-06-18 00:55:52,700 INFO  client.GrpcClientProtocolClient (GrpcClientProtocolClient.java:onNext(254)) - client-7D96FB2A9EE9->2d9c32cf-d138-46ed-86fe-555b0f222d66: receive RaftClientReply:client-7D96FB2A9EE9->2d9c32cf-d138-46ed-86fe-555b0f222d66@group-F789D1FF0E52, cid=231, SUCCESS, logIndex=329, commits[2d9c32cf-d138-46ed-86fe-555b0f222d66:c329, 7d41c113-78b8-42e0-973f-a2985e127fce:c326, 845dac45-d65a-40db-aa8d-9123cdf470a5:c325]
2019-06-18 00:55:52,709 ERROR freon.RandomKeyGenerator (RandomKeyGenerator.java:run(675)) - Exception while adding key: key-8-19592 in bucket: org.apache.hadoop.ozone.client.OzoneBucket@72fa82e of volume: org.apache.hadoop.ozone.client.OzoneVolume@4bda18b4.
java.io.IOException: Unexpected Storage Container Exception: org.apache.hadoop.hdds.scm.container.common.helpers.StorageContainerException: ContainerID 3 does not exist
	at org.apache.hadoop.hdds.scm.storage.BlockOutputStream.setIoException(BlockOutputStream.java:548)
	at org.apache.hadoop.hdds.scm.storage.BlockOutputStream.validateResponse(BlockOutputStream.java:539)
	at org.apache.hadoop.hdds.scm.storage.BlockOutputStream.lambda$writeChunkToContainer$2(BlockOutputStream.java:614)
	at java.util.concurrent.CompletableFuture.uniApply(CompletableFuture.java:602)
	at java.util.concurrent.CompletableFuture$UniApply.tryFire(CompletableFuture.java:577)
	at java.util.concurrent.CompletableFuture$Completion.run(CompletableFuture.java:442)
	at java.util.concurrent.ThreadPoolExecutor.runWorker(ThreadPoolExecutor.java:1149)
	at java.util.concurrent.ThreadPoolExecutor$Worker.run(ThreadPoolExecutor.java:624)
	at java.lang.Thread.run(Thread.java:748)
Caused by: org.apache.hadoop.hdds.scm.container.common.helpers.StorageContainerException: ContainerID 3 does not exist
	at org.apache.hadoop.hdds.scm.storage.ContainerProtocolCalls.validateContainerResponse(ContainerProtocolCalls.java:536)
	at org.apache.hadoop.hdds.scm.storage.BlockOutputStream.validateResponse(BlockOutputStream.java:536)
	... 7 more
2019-06-18 00:55:52,711 INFO  client.GrpcClientProtocolClient (GrpcClientProtocolClient.java:onNext(254)) - client-7D96FB2A9EE9->2d9c32cf-d138-46ed-86fe-555b0f222d66: receive RaftClientReply:client-7D96FB2A9EE9->2d9c32cf-d138-46ed-86fe-555b0f222d66@group-F789D1FF0E52, cid=232, SUCCESS, logIndex=330, commits[2d9c32cf-d138-46ed-86fe-555b0f222d66:c330, 7d41c113-78b8-42e0-973f-a2985e127fce:c326, 845dac45-d65a-40db-aa8d-9123cdf470a5:c326]
2019-06-18 00:55:52,714 INFO  client.GrpcClientProtocolClient (GrpcClientProtocolClient.java:onNext(254)) - client-7D96FB2A9EE9->2d9c32cf-d138-46ed-86fe-555b0f222d66: receive RaftClientReply:client-7D96FB2A9EE9->2d9c32cf-d138-46ed-86fe-555b0f222d66@group-F789D1FF0E52, cid=233, SUCCESS, logIndex=0, commits[2d9c32cf-d138-46ed-86fe-555b0f222d66:c333, 7d41c113-78b8-42e0-973f-a2985e127fce:c330, 845dac45-d65a-40db-aa8d-9123cdf470a5:c330]
2019-06-18 00:55:52,720 INFO  client.GrpcClientProtocolClient (GrpcClientProtocolClient.java:onNext(254)) - client-7D96FB2A9EE9->2d9c32cf-d138-46ed-86fe-555b0f222d66: receive RaftClientReply:client-7D96FB2A9EE9->2d9c32cf-d138-46ed-86fe-555b0f222d66@group-F789D1FF0E52, cid=234, SUCCESS, logIndex=334, commits[2d9c32cf-d138-46ed-86fe-555b0f222d66:c335, 7d41c113-78b8-42e0-973f-a2985e127fce:c334, 845dac45-d65a-40db-aa8d-9123cdf470a5:c334]
2019-06-18 00:55:52,736 INFO  client.GrpcClientProtocolClient (GrpcClientProtocolClient.java:onNext(254)) - client-7D96FB2A9EE9->2d9c32cf-d138-46ed-86fe-555b0f222d66: receive RaftClientReply:client-7D96FB2A9EE9->2d9c32cf-d138-46ed-86fe-555b0f222d66@group-F789D1FF0E52, cid=235, SUCCESS, logIndex=336, commits[2d9c32cf-d138-46ed-86fe-555b0f222d66:c336, 7d41c113-78b8-42e0-973f-a2985e127fce:c335, 845dac45-d65a-40db-aa8d-9123cdf470a5:c334]
2019-06-18 00:55:52,736 INFO  keyvalue.KeyValueHandler (ContainerUtils.java:logAndReturnError(146)) - Operation: CreateContainer : Trace ID: 1d5bb3af203b0590:7fa8ce7b7bc20e86:8792881b29f85903:0 : Message: Container creation failed, due to disk out of space : Result: DISK_OUT_OF_SPACE
00:55:52.736 [pool-26-thread-30] ERROR DNAudit - user=null | ip=null | op=WRITE_CHUNK {blockData=conID: 3 locID: 102289857100054693 bcsId: 0} | ret=FAILURE
org.apache.hadoop.hdds.scm.container.common.helpers.StorageContainerException: ContainerID 3 creation failed
	at org.apache.hadoop.ozone.container.common.impl.HddsDispatcher.dispatchRequest(HddsDispatcher.java:227) ~[classes/:?]
	at org.apache.hadoop.ozone.container.common.impl.HddsDispatcher.dispatch(HddsDispatcher.java:148) ~[classes/:?]
	at org.apache.hadoop.ozone.container.common.transport.server.ratis.ContainerStateMachine.dispatchCommand(ContainerStateMachine.java:347) ~[classes/:?]
	at org.apache.hadoop.ozone.container.common.transport.server.ratis.ContainerStateMachine.runCommand(ContainerStateMachine.java:354) ~[classes/:?]
	at org.apache.hadoop.ozone.container.common.transport.server.ratis.ContainerStateMachine.lambda$handleWriteChunk$0(ContainerStateMachine.java:385) ~[classes/:?]
	at java.util.concurrent.CompletableFuture$AsyncSupply.run(CompletableFuture.java:1590) [?:1.8.0_212]
	at java.util.concurrent.ThreadPoolExecutor.runWorker(ThreadPoolExecutor.java:1149) [?:1.8.0_212]
	at java.util.concurrent.ThreadPoolExecutor$Worker.run(ThreadPoolExecutor.java:624) [?:1.8.0_212]
	at java.lang.Thread.run(Thread.java:748) [?:1.8.0_212]
2019-06-18 00:55:52,736 INFO  impl.HddsDispatcher (ContainerUtils.java:logAndReturnError(146)) - Operation: WriteChunk : Trace ID: 1d5bb3af203b0590:7fa8ce7b7bc20e86:8792881b29f85903:0 : Message: ContainerID 3 creation failed : Result: DISK_OUT_OF_SPACE
2019-06-18 00:55:52,738 INFO  keyvalue.KeyValueHandler (ContainerUtils.java:logAndReturnError(146)) - Operation: CreateContainer : Trace ID: 1d5bb3af203b0590:7fa8ce7b7bc20e86:8792881b29f85903:0 : Message: Container creation failed, due to disk out of space : Result: DISK_OUT_OF_SPACE
00:55:52.738 [pool-47-thread-29] ERROR DNAudit - user=null | ip=null | op=WRITE_CHUNK {blockData=conID: 3 locID: 102289857100054693 bcsId: 0} | ret=FAILURE
org.apache.hadoop.hdds.scm.container.common.helpers.StorageContainerException: ContainerID 3 creation failed
	at org.apache.hadoop.ozone.container.common.impl.HddsDispatcher.dispatchRequest(HddsDispatcher.java:227) ~[classes/:?]
	at org.apache.hadoop.ozone.container.common.impl.HddsDispatcher.dispatch(HddsDispatcher.java:148) ~[classes/:?]
	at org.apache.hadoop.ozone.container.common.transport.server.ratis.ContainerStateMachine.dispatchCommand(ContainerStateMachine.java:347) ~[classes/:?]
	at org.apache.hadoop.ozone.container.common.transport.server.ratis.ContainerStateMachine.runCommand(ContainerStateMachine.java:354) ~[classes/:?]
	at org.apache.hadoop.ozone.container.common.transport.server.ratis.ContainerStateMachine.lambda$handleWriteChunk$0(ContainerStateMachine.java:385) ~[classes/:?]
	at java.util.concurrent.CompletableFuture$AsyncSupply.run(CompletableFuture.java:1590) [?:1.8.0_212]
	at java.util.concurrent.ThreadPoolExecutor.runWorker(ThreadPoolExecutor.java:1149) [?:1.8.0_212]
	at java.util.concurrent.ThreadPoolExecutor$Worker.run(ThreadPoolExecutor.java:624) [?:1.8.0_212]
	at java.lang.Thread.run(Thread.java:748) [?:1.8.0_212]
2019-06-18 00:55:52,739 INFO  impl.HddsDispatcher (ContainerUtils.java:logAndReturnError(146)) - Operation: WriteChunk : Trace ID: 1d5bb3af203b0590:7fa8ce7b7bc20e86:8792881b29f85903:0 : Message: ContainerID 3 creation failed : Result: DISK_OUT_OF_SPACE
2019-06-18 00:55:52,739 INFO  client.GrpcClientProtocolClient (GrpcClientProtocolClient.java:onNext(254)) - client-7D96FB2A9EE9->2d9c32cf-d138-46ed-86fe-555b0f222d66: receive RaftClientReply:client-7D96FB2A9EE9->2d9c32cf-d138-46ed-86fe-555b0f222d66@group-F789D1FF0E52, cid=238, SUCCESS, logIndex=0, commits[2d9c32cf-d138-46ed-86fe-555b0f222d66:c337, 7d41c113-78b8-42e0-973f-a2985e127fce:c336, 845dac45-d65a-40db-aa8d-9123cdf470a5:c336]
2019-06-18 00:55:52,739 INFO  keyvalue.KeyValueHandler (ContainerUtils.java:logAndReturnError(146)) - Operation: CreateContainer : Trace ID: 1d5bb3af203b0590:7fa8ce7b7bc20e86:8792881b29f85903:0 : Message: Container creation failed, due to disk out of space : Result: DISK_OUT_OF_SPACE
00:55:52.740 [pool-68-thread-29] ERROR DNAudit - user=null | ip=null | op=WRITE_CHUNK {blockData=conID: 3 locID: 102289857100054693 bcsId: 0} | ret=FAILURE
org.apache.hadoop.hdds.scm.container.common.helpers.StorageContainerException: ContainerID 3 creation failed
	at org.apache.hadoop.ozone.container.common.impl.HddsDispatcher.dispatchRequest(HddsDispatcher.java:227) ~[classes/:?]
	at org.apache.hadoop.ozone.container.common.impl.HddsDispatcher.dispatch(HddsDispatcher.java:148) ~[classes/:?]
	at org.apache.hadoop.ozone.container.common.transport.server.ratis.ContainerStateMachine.dispatchCommand(ContainerStateMachine.java:347) ~[classes/:?]
	at org.apache.hadoop.ozone.container.common.transport.server.ratis.ContainerStateMachine.runCommand(ContainerStateMachine.java:354) ~[classes/:?]
	at org.apache.hadoop.ozone.container.common.transport.server.ratis.ContainerStateMachine.lambda$handleWriteChunk$0(ContainerStateMachine.java:385) ~[classes/:?]
	at java.util.concurrent.CompletableFuture$AsyncSupply.run(CompletableFuture.java:1590) [?:1.8.0_212]
	at java.util.concurrent.ThreadPoolExecutor.runWorker(ThreadPoolExecutor.java:1149) [?:1.8.0_212]
	at java.util.concurrent.ThreadPoolExecutor$Worker.run(ThreadPoolExecutor.java:624) [?:1.8.0_212]
	at java.lang.Thread.run(Thread.java:748) [?:1.8.0_212]
2019-06-18 00:55:52,740 INFO  impl.HddsDispatcher (ContainerUtils.java:logAndReturnError(146)) - Operation: WriteChunk : Trace ID: 1d5bb3af203b0590:7fa8ce7b7bc20e86:8792881b29f85903:0 : Message: ContainerID 3 creation failed : Result: DISK_OUT_OF_SPACE
00:55:52.742 [pool-30-thread-1] ERROR DNAudit - user=null | ip=null | op=WRITE_CHUNK {blockData=conID: 3 locID: 102289857100054693 bcsId: 0} | ret=FAILURE
org.apache.hadoop.hdds.scm.container.common.helpers.StorageContainerException: ContainerID 3 does not exist
	at org.apache.hadoop.ozone.container.common.impl.HddsDispatcher.dispatchRequest(HddsDispatcher.java:242) ~[classes/:?]
	at org.apache.hadoop.ozone.container.common.impl.HddsDispatcher.dispatch(HddsDispatcher.java:148) ~[classes/:?]
	at org.apache.hadoop.ozone.container.common.transport.server.ratis.ContainerStateMachine.dispatchCommand(ContainerStateMachine.java:347) ~[classes/:?]
	at org.apache.hadoop.ozone.container.common.transport.server.ratis.ContainerStateMachine.runCommand(ContainerStateMachine.java:354) ~[classes/:?]
	at org.apache.hadoop.ozone.container.common.transport.server.ratis.ContainerStateMachine.lambda$applyTransaction$5(ContainerStateMachine.java:621) ~[classes/:?]
	at java.util.concurrent.CompletableFuture$AsyncSupply.run(CompletableFuture.java:1590) [?:1.8.0_212]
	at java.util.concurrent.ThreadPoolExecutor.runWorker(ThreadPoolExecutor.java:1149) [?:1.8.0_212]
	at java.util.concurrent.ThreadPoolExecutor$Worker.run(ThreadPoolExecutor.java:624) [?:1.8.0_212]
	at java.lang.Thread.run(Thread.java:748) [?:1.8.0_212]
2019-06-18 00:55:52,743 INFO  impl.HddsDispatcher (ContainerUtils.java:logAndReturnError(146)) - Operation: WriteChunk : Trace ID: 1d5bb3af203b0590:7fa8ce7b7bc20e86:8792881b29f85903:0 : Message: ContainerID 3 does not exist : Result: CONTAINER_NOT_FOUND
2019-06-18 00:55:52,743 INFO  rpc.RpcClient (RpcClient.java:createBucket(426)) - Creating Bucket: vol-0-55666/bucket-4-82935, with Versioning false and Storage Type set to DISK and Encryption set to false 
2019-06-18 00:55:52,746 INFO  client.GrpcClientProtocolClient (GrpcClientProtocolClient.java:onNext(254)) - client-7D96FB2A9EE9->2d9c32cf-d138-46ed-86fe-555b0f222d66: receive RaftClientReply:client-7D96FB2A9EE9->2d9c32cf-d138-46ed-86fe-555b0f222d66@group-F789D1FF0E52, cid=236, SUCCESS, logIndex=338, commits[2d9c32cf-d138-46ed-86fe-555b0f222d66:c338, 7d41c113-78b8-42e0-973f-a2985e127fce:c337, 845dac45-d65a-40db-aa8d-9123cdf470a5:c337]
00:55:52.751 [pool-30-thread-1] ERROR DNAudit - user=null | ip=null | op=PUT_BLOCK {blockData=[blockId=conID: 3 locID: 102289857100054693 bcsId: 0,size=10240]} | ret=FAILURE
org.apache.hadoop.hdds.scm.container.common.helpers.StorageContainerException: ContainerID 3 does not exist
	at org.apache.hadoop.ozone.container.common.impl.HddsDispatcher.dispatchRequest(HddsDispatcher.java:242) ~[classes/:?]
	at org.apache.hadoop.ozone.container.common.impl.HddsDispatcher.dispatch(HddsDispatcher.java:148) ~[classes/:?]
	at org.apache.hadoop.ozone.container.common.transport.server.ratis.ContainerStateMachine.dispatchCommand(ContainerStateMachine.java:347) ~[classes/:?]
	at org.apache.hadoop.ozone.container.common.transport.server.ratis.ContainerStateMachine.runCommand(ContainerStateMachine.java:354) ~[classes/:?]
	at org.apache.hadoop.ozone.container.common.transport.server.ratis.ContainerStateMachine.lambda$applyTransaction$5(ContainerStateMachine.java:621) ~[classes/:?]
	at java.util.concurrent.CompletableFuture$AsyncSupply.run(CompletableFuture.java:1590) [?:1.8.0_212]
	at java.util.concurrent.ThreadPoolExecutor.runWorker(ThreadPoolExecutor.java:1149) [?:1.8.0_212]
	at java.util.concurrent.ThreadPoolExecutor$Worker.run(ThreadPoolExecutor.java:624) [?:1.8.0_212]
	at java.lang.Thread.run(Thread.java:748) [?:1.8.0_212]
2019-06-18 00:55:52,751 INFO  impl.HddsDispatcher (ContainerUtils.java:logAndReturnError(146)) - Operation: PutBlock : Trace ID: 1d5bb3af203b0590:12ea8489ab28c8eb:8792881b29f85903:0 : Message: ContainerID 3 does not exist : Result: CONTAINER_NOT_FOUND
2019-06-18 00:55:52,753 ERROR storage.BlockOutputStream (BlockOutputStream.java:validateResponse(538)) - Unexpected Storage Container Exception: 
org.apache.hadoop.hdds.scm.container.common.helpers.StorageContainerException: ContainerID 3 does not exist
	at org.apache.hadoop.hdds.scm.storage.ContainerProtocolCalls.validateContainerResponse(ContainerProtocolCalls.java:536)
	at org.apache.hadoop.hdds.scm.storage.BlockOutputStream.validateResponse(BlockOutputStream.java:536)
	at org.apache.hadoop.hdds.scm.storage.BlockOutputStream.lambda$writeChunkToContainer$2(BlockOutputStream.java:614)
	at java.util.concurrent.CompletableFuture.uniApply(CompletableFuture.java:602)
	at java.util.concurrent.CompletableFuture$UniApply.tryFire(CompletableFuture.java:577)
	at java.util.concurrent.CompletableFuture$Completion.run(CompletableFuture.java:442)
	at java.util.concurrent.ThreadPoolExecutor.runWorker(ThreadPoolExecutor.java:1149)
	at java.util.concurrent.ThreadPoolExecutor$Worker.run(ThreadPoolExecutor.java:624)
	at java.lang.Thread.run(Thread.java:748)
00:55:52.754 [pool-51-thread-1] ERROR DNAudit - user=null | ip=null | op=WRITE_CHUNK {blockData=conID: 3 locID: 102289857100054693 bcsId: 0} | ret=FAILURE
org.apache.hadoop.hdds.scm.container.common.helpers.StorageContainerException: ContainerID 3 does not exist
	at org.apache.hadoop.ozone.container.common.impl.HddsDispatcher.dispatchRequest(HddsDispatcher.java:242) ~[classes/:?]
	at org.apache.hadoop.ozone.container.common.impl.HddsDispatcher.dispatch(HddsDispatcher.java:148) ~[classes/:?]
	at org.apache.hadoop.ozone.container.common.transport.server.ratis.ContainerStateMachine.dispatchCommand(ContainerStateMachine.java:347) ~[classes/:?]
	at org.apache.hadoop.ozone.container.common.transport.server.ratis.ContainerStateMachine.runCommand(ContainerStateMachine.java:354) ~[classes/:?]
	at org.apache.hadoop.ozone.container.common.transport.server.ratis.ContainerStateMachine.lambda$applyTransaction$5(ContainerStateMachine.java:621) ~[classes/:?]
	at java.util.concurrent.CompletableFuture$AsyncSupply.run(CompletableFuture.java:1590) [?:1.8.0_212]
	at java.util.concurrent.ThreadPoolExecutor.runWorker(ThreadPoolExecutor.java:1149) [?:1.8.0_212]
	at java.util.concurrent.ThreadPoolExecutor$Worker.run(ThreadPoolExecutor.java:624) [?:1.8.0_212]
	at java.lang.Thread.run(Thread.java:748) [?:1.8.0_212]
2019-06-18 00:55:52,754 INFO  impl.HddsDispatcher (ContainerUtils.java:logAndReturnError(146)) - Operation: WriteChunk : Trace ID: 1d5bb3af203b0590:7fa8ce7b7bc20e86:8792881b29f85903:0 : Message: ContainerID 3 does not exist : Result: CONTAINER_NOT_FOUND
00:55:52.754 [pool-72-thread-1] ERROR DNAudit - user=null | ip=null | op=WRITE_CHUNK {blockData=conID: 3 locID: 102289857100054693 bcsId: 0} | ret=FAILURE
org.apache.hadoop.hdds.scm.container.common.helpers.StorageContainerException: ContainerID 3 does not exist
	at org.apache.hadoop.ozone.container.common.impl.HddsDispatcher.dispatchRequest(HddsDispatcher.java:242) ~[classes/:?]
	at org.apache.hadoop.ozone.container.common.impl.HddsDispatcher.dispatch(HddsDispatcher.java:148) ~[classes/:?]
	at org.apache.hadoop.ozone.container.common.transport.server.ratis.ContainerStateMachine.dispatchCommand(ContainerStateMachine.java:347) ~[classes/:?]
	at org.apache.hadoop.ozone.container.common.transport.server.ratis.ContainerStateMachine.runCommand(ContainerStateMachine.java:354) ~[classes/:?]
	at org.apache.hadoop.ozone.container.common.transport.server.ratis.ContainerStateMachine.lambda$applyTransaction$5(ContainerStateMachine.java:621) ~[classes/:?]
	at java.util.concurrent.CompletableFuture$AsyncSupply.run(CompletableFuture.java:1590) [?:1.8.0_212]
	at java.util.concurrent.ThreadPoolExecutor.runWorker(ThreadPoolExecutor.java:1149) [?:1.8.0_212]
	at java.util.concurrent.ThreadPoolExecutor$Worker.run(ThreadPoolExecutor.java:624) [?:1.8.0_212]
	at java.lang.Thread.run(Thread.java:748) [?:1.8.0_212]
2019-06-18 00:55:52,755 INFO  impl.HddsDispatcher (ContainerUtils.java:logAndReturnError(146)) - Operation: WriteChunk : Trace ID: 1d5bb3af203b0590:7fa8ce7b7bc20e86:8792881b29f85903:0 : Message: ContainerID 3 does not exist : Result: CONTAINER_NOT_FOUND
2019-06-18 00:55:52,755 INFO  client.GrpcClientProtocolClient (GrpcClientProtocolClient.java:onNext(254)) - client-7D96FB2A9EE9->2d9c32cf-d138-46ed-86fe-555b0f222d66: receive RaftClientReply:client-7D96FB2A9EE9->2d9c32cf-d138-46ed-86fe-555b0f222d66@group-F789D1FF0E52, cid=237, SUCCESS, logIndex=339, commits[2d9c32cf-d138-46ed-86fe-555b0f222d66:c339, 7d41c113-78b8-42e0-973f-a2985e127fce:c337, 845dac45-d65a-40db-aa8d-9123cdf470a5:c337]
00:55:52.764 [pool-51-thread-1] ERROR DNAudit - user=null | ip=null | op=PUT_BLOCK {blockData=[blockId=conID: 3 locID: 102289857100054693 bcsId: 0,size=10240]} | ret=FAILURE
org.apache.hadoop.hdds.scm.container.common.helpers.StorageContainerException: ContainerID 3 does not exist
	at org.apache.hadoop.ozone.container.common.impl.HddsDispatcher.dispatchRequest(HddsDispatcher.java:242) ~[classes/:?]
	at org.apache.hadoop.ozone.container.common.impl.HddsDispatcher.dispatch(HddsDispatcher.java:148) ~[classes/:?]
	at org.apache.hadoop.ozone.container.common.transport.server.ratis.ContainerStateMachine.dispatchCommand(ContainerStateMachine.java:347) ~[classes/:?]
	at org.apache.hadoop.ozone.container.common.transport.server.ratis.ContainerStateMachine.runCommand(ContainerStateMachine.java:354) ~[classes/:?]
	at org.apache.hadoop.ozone.container.common.transport.server.ratis.ContainerStateMachine.lambda$applyTransaction$5(ContainerStateMachine.java:621) ~[classes/:?]
	at java.util.concurrent.CompletableFuture$AsyncSupply.run(CompletableFuture.java:1590) [?:1.8.0_212]
	at java.util.concurrent.ThreadPoolExecutor.runWorker(ThreadPoolExecutor.java:1149) [?:1.8.0_212]
	at java.util.concurrent.ThreadPoolExecutor$Worker.run(ThreadPoolExecutor.java:624) [?:1.8.0_212]
	at java.lang.Thread.run(Thread.java:748) [?:1.8.0_212]
2019-06-18 00:55:52,764 INFO  impl.HddsDispatcher (ContainerUtils.java:logAndReturnError(146)) - Operation: PutBlock : Trace ID: 1d5bb3af203b0590:12ea8489ab28c8eb:8792881b29f85903:0 : Message: ContainerID 3 does not exist : Result: CONTAINER_NOT_FOUND
00:55:52.770 [pool-72-thread-1] ERROR DNAudit - user=null | ip=null | op=PUT_BLOCK {blockData=[blockId=conID: 3 locID: 102289857100054693 bcsId: 0,size=10240]} | ret=FAILURE
org.apache.hadoop.hdds.scm.container.common.helpers.StorageContainerException: ContainerID 3 does not exist
	at org.apache.hadoop.ozone.container.common.impl.HddsDispatcher.dispatchRequest(HddsDispatcher.java:242) ~[classes/:?]
	at org.apache.hadoop.ozone.container.common.impl.HddsDispatcher.dispatch(HddsDispatcher.java:148) ~[classes/:?]
	at org.apache.hadoop.ozone.container.common.transport.server.ratis.ContainerStateMachine.dispatchCommand(ContainerStateMachine.java:347) ~[classes/:?]
	at org.apache.hadoop.ozone.container.common.transport.server.ratis.ContainerStateMachine.runCommand(ContainerStateMachine.java:354) ~[classes/:?]
	at org.apache.hadoop.ozone.container.common.transport.server.ratis.ContainerStateMachine.lambda$applyTransaction$5(ContainerStateMachine.java:621) ~[classes/:?]
	at java.util.concurrent.CompletableFuture$AsyncSupply.run(CompletableFuture.java:1590) [?:1.8.0_212]
	at java.util.concurrent.ThreadPoolExecutor.runWorker(ThreadPoolExecutor.java:1149) [?:1.8.0_212]
	at java.util.concurrent.ThreadPoolExecutor$Worker.run(ThreadPoolExecutor.java:624) [?:1.8.0_212]
	at java.lang.Thread.run(Thread.java:748) [?:1.8.0_212]
2019-06-18 00:55:52,770 INFO  impl.HddsDispatcher (ContainerUtils.java:logAndReturnError(146)) - Operation: PutBlock : Trace ID: 1d5bb3af203b0590:12ea8489ab28c8eb:8792881b29f85903:0 : Message: ContainerID 3 does not exist : Result: CONTAINER_NOT_FOUND
2019-06-18 00:55:52,771 INFO  client.GrpcClientProtocolClient (GrpcClientProtocolClient.java:onNext(254)) - client-7D96FB2A9EE9->2d9c32cf-d138-46ed-86fe-555b0f222d66: receive RaftClientReply:client-7D96FB2A9EE9->2d9c32cf-d138-46ed-86fe-555b0f222d66@group-F789D1FF0E52, cid=239, SUCCESS, logIndex=342, commits[2d9c32cf-d138-46ed-86fe-555b0f222d66:c342, 7d41c113-78b8-42e0-973f-a2985e127fce:c338, 845dac45-d65a-40db-aa8d-9123cdf470a5:c340]
2019-06-18 00:55:52,791 ERROR freon.RandomKeyGenerator (RandomKeyGenerator.java:run(675)) - Exception while adding key: key-6-69022 in bucket: org.apache.hadoop.ozone.client.OzoneBucket@394d28e of volume: org.apache.hadoop.ozone.client.OzoneVolume@ddbf95a.
java.io.IOException: Unexpected Storage Container Exception: org.apache.hadoop.hdds.scm.container.common.helpers.StorageContainerException: ContainerID 3 does not exist
	at org.apache.hadoop.hdds.scm.storage.BlockOutputStream.setIoException(BlockOutputStream.java:548)
	at org.apache.hadoop.hdds.scm.storage.BlockOutputStream.validateResponse(BlockOutputStream.java:539)
	at org.apache.hadoop.hdds.scm.storage.BlockOutputStream.lambda$writeChunkToContainer$2(BlockOutputStream.java:614)
	at java.util.concurrent.CompletableFuture.uniApply(CompletableFuture.java:602)
	at java.util.concurrent.CompletableFuture$UniApply.tryFire(CompletableFuture.java:577)
	at java.util.concurrent.CompletableFuture$Completion.run(CompletableFuture.java:442)
	at java.util.concurrent.ThreadPoolExecutor.runWorker(ThreadPoolExecutor.java:1149)
	at java.util.concurrent.ThreadPoolExecutor$Worker.run(ThreadPoolExecutor.java:624)
	at java.lang.Thread.run(Thread.java:748)
Caused by: org.apache.hadoop.hdds.scm.container.common.helpers.StorageContainerException: ContainerID 3 does not exist
	at org.apache.hadoop.hdds.scm.storage.ContainerProtocolCalls.validateContainerResponse(ContainerProtocolCalls.java:536)
	at org.apache.hadoop.hdds.scm.storage.BlockOutputStream.validateResponse(BlockOutputStream.java:536)
	... 7 more
2019-06-18 00:55:52,793 INFO  client.GrpcClientProtocolClient (GrpcClientProtocolClient.java:onNext(254)) - client-7D96FB2A9EE9->2d9c32cf-d138-46ed-86fe-555b0f222d66: receive RaftClientReply:client-7D96FB2A9EE9->2d9c32cf-d138-46ed-86fe-555b0f222d66@group-F789D1FF0E52, cid=240, SUCCESS, logIndex=343, commits[2d9c32cf-d138-46ed-86fe-555b0f222d66:c343, 7d41c113-78b8-42e0-973f-a2985e127fce:c339, 845dac45-d65a-40db-aa8d-9123cdf470a5:c340]
2019-06-18 00:55:52,800 INFO  client.GrpcClientProtocolClient (GrpcClientProtocolClient.java:onNext(254)) - client-7D96FB2A9EE9->2d9c32cf-d138-46ed-86fe-555b0f222d66: receive RaftClientReply:client-7D96FB2A9EE9->2d9c32cf-d138-46ed-86fe-555b0f222d66@group-F789D1FF0E52, cid=243, SUCCESS, logIndex=0, commits[2d9c32cf-d138-46ed-86fe-555b0f222d66:c345, 7d41c113-78b8-42e0-973f-a2985e127fce:c343, 845dac45-d65a-40db-aa8d-9123cdf470a5:c343]
2019-06-18 00:55:52,801 INFO  client.GrpcClientProtocolClient (GrpcClientProtocolClient.java:onNext(254)) - client-7D96FB2A9EE9->2d9c32cf-d138-46ed-86fe-555b0f222d66: receive RaftClientReply:client-7D96FB2A9EE9->2d9c32cf-d138-46ed-86fe-555b0f222d66@group-F789D1FF0E52, cid=241, SUCCESS, logIndex=346, commits[2d9c32cf-d138-46ed-86fe-555b0f222d66:c346, 7d41c113-78b8-42e0-973f-a2985e127fce:c343, 845dac45-d65a-40db-aa8d-9123cdf470a5:c345]
2019-06-18 00:55:52,819 INFO  client.GrpcClientProtocolClient (GrpcClientProtocolClient.java:onNext(254)) - client-7D96FB2A9EE9->2d9c32cf-d138-46ed-86fe-555b0f222d66: receive RaftClientReply:client-7D96FB2A9EE9->2d9c32cf-d138-46ed-86fe-555b0f222d66@group-F789D1FF0E52, cid=242, SUCCESS, logIndex=348, commits[2d9c32cf-d138-46ed-86fe-555b0f222d66:c348, 7d41c113-78b8-42e0-973f-a2985e127fce:c346, 845dac45-d65a-40db-aa8d-9123cdf470a5:c345]
2019-06-18 00:55:52,825 INFO  client.GrpcClientProtocolClient (GrpcClientProtocolClient.java:onNext(254)) - client-7D96FB2A9EE9->2d9c32cf-d138-46ed-86fe-555b0f222d66: receive RaftClientReply:client-7D96FB2A9EE9->2d9c32cf-d138-46ed-86fe-555b0f222d66@group-F789D1FF0E52, cid=244, SUCCESS, logIndex=0, commits[2d9c32cf-d138-46ed-86fe-555b0f222d66:c349, 7d41c113-78b8-42e0-973f-a2985e127fce:c348, 845dac45-d65a-40db-aa8d-9123cdf470a5:c348]
2019-06-18 00:55:52,828 INFO  keyvalue.KeyValueHandler (ContainerUtils.java:logAndReturnError(146)) - Operation: CreateContainer : Trace ID: 1f24cb57ea9d21eb:7cef41eac41a663c:4105e73a7f8e884b:0 : Message: Container creation failed, due to disk out of space : Result: DISK_OUT_OF_SPACE
00:55:52.828 [pool-26-thread-38] ERROR DNAudit - user=null | ip=null | op=WRITE_CHUNK {blockData=conID: 3 locID: 102289857106608299 bcsId: 0} | ret=FAILURE
org.apache.hadoop.hdds.scm.container.common.helpers.StorageContainerException: ContainerID 3 creation failed
	at org.apache.hadoop.ozone.container.common.impl.HddsDispatcher.dispatchRequest(HddsDispatcher.java:227) ~[classes/:?]
	at org.apache.hadoop.ozone.container.common.impl.HddsDispatcher.dispatch(HddsDispatcher.java:148) ~[classes/:?]
	at org.apache.hadoop.ozone.container.common.transport.server.ratis.ContainerStateMachine.dispatchCommand(ContainerStateMachine.java:347) ~[classes/:?]
	at org.apache.hadoop.ozone.container.common.transport.server.ratis.ContainerStateMachine.runCommand(ContainerStateMachine.java:354) ~[classes/:?]
	at org.apache.hadoop.ozone.container.common.transport.server.ratis.ContainerStateMachine.lambda$handleWriteChunk$0(ContainerStateMachine.java:385) ~[classes/:?]
	at java.util.concurrent.CompletableFuture$AsyncSupply.run(CompletableFuture.java:1590) [?:1.8.0_212]
	at java.util.concurrent.ThreadPoolExecutor.runWorker(ThreadPoolExecutor.java:1149) [?:1.8.0_212]
	at java.util.concurrent.ThreadPoolExecutor$Worker.run(ThreadPoolExecutor.java:624) [?:1.8.0_212]
	at java.lang.Thread.run(Thread.java:748) [?:1.8.0_212]
2019-06-18 00:55:52,828 INFO  impl.HddsDispatcher (ContainerUtils.java:logAndReturnError(146)) - Operation: WriteChunk : Trace ID: 1f24cb57ea9d21eb:7cef41eac41a663c:4105e73a7f8e884b:0 : Message: ContainerID 3 creation failed : Result: DISK_OUT_OF_SPACE
2019-06-18 00:55:52,829 INFO  keyvalue.KeyValueHandler (ContainerUtils.java:logAndReturnError(146)) - Operation: CreateContainer : Trace ID: 1f24cb57ea9d21eb:7cef41eac41a663c:4105e73a7f8e884b:0 : Message: Container creation failed, due to disk out of space : Result: DISK_OUT_OF_SPACE
2019-06-18 00:55:52,829 INFO  keyvalue.KeyValueHandler (ContainerUtils.java:logAndReturnError(146)) - Operation: CreateContainer : Trace ID: 1f24cb57ea9d21eb:7cef41eac41a663c:4105e73a7f8e884b:0 : Message: Container creation failed, due to disk out of space : Result: DISK_OUT_OF_SPACE
00:55:52.829 [pool-68-thread-33] ERROR DNAudit - user=null | ip=null | op=WRITE_CHUNK {blockData=conID: 3 locID: 102289857106608299 bcsId: 0} | ret=FAILURE
org.apache.hadoop.hdds.scm.container.common.helpers.StorageContainerException: ContainerID 3 creation failed
	at org.apache.hadoop.ozone.container.common.impl.HddsDispatcher.dispatchRequest(HddsDispatcher.java:227) ~[classes/:?]
	at org.apache.hadoop.ozone.container.common.impl.HddsDispatcher.dispatch(HddsDispatcher.java:148) ~[classes/:?]
	at org.apache.hadoop.ozone.container.common.transport.server.ratis.ContainerStateMachine.dispatchCommand(ContainerStateMachine.java:347) ~[classes/:?]
	at org.apache.hadoop.ozone.container.common.transport.server.ratis.ContainerStateMachine.runCommand(ContainerStateMachine.java:354) ~[classes/:?]
	at org.apache.hadoop.ozone.container.common.transport.server.ratis.ContainerStateMachine.lambda$handleWriteChunk$0(ContainerStateMachine.java:385) ~[classes/:?]
	at java.util.concurrent.CompletableFuture$AsyncSupply.run(CompletableFuture.java:1590) [?:1.8.0_212]
	at java.util.concurrent.ThreadPoolExecutor.runWorker(ThreadPoolExecutor.java:1149) [?:1.8.0_212]
	at java.util.concurrent.ThreadPoolExecutor$Worker.run(ThreadPoolExecutor.java:624) [?:1.8.0_212]
	at java.lang.Thread.run(Thread.java:748) [?:1.8.0_212]
2019-06-18 00:55:52,829 INFO  impl.HddsDispatcher (ContainerUtils.java:logAndReturnError(146)) - Operation: WriteChunk : Trace ID: 1f24cb57ea9d21eb:7cef41eac41a663c:4105e73a7f8e884b:0 : Message: ContainerID 3 creation failed : Result: DISK_OUT_OF_SPACE
00:55:52.829 [pool-47-thread-32] ERROR DNAudit - user=null | ip=null | op=WRITE_CHUNK {blockData=conID: 3 locID: 102289857106608299 bcsId: 0} | ret=FAILURE
org.apache.hadoop.hdds.scm.container.common.helpers.StorageContainerException: ContainerID 3 creation failed
	at org.apache.hadoop.ozone.container.common.impl.HddsDispatcher.dispatchRequest(HddsDispatcher.java:227) ~[classes/:?]
	at org.apache.hadoop.ozone.container.common.impl.HddsDispatcher.dispatch(HddsDispatcher.java:148) ~[classes/:?]
	at org.apache.hadoop.ozone.container.common.transport.server.ratis.ContainerStateMachine.dispatchCommand(ContainerStateMachine.java:347) ~[classes/:?]
	at org.apache.hadoop.ozone.container.common.transport.server.ratis.ContainerStateMachine.runCommand(ContainerStateMachine.java:354) ~[classes/:?]
	at org.apache.hadoop.ozone.container.common.transport.server.ratis.ContainerStateMachine.lambda$handleWriteChunk$0(ContainerStateMachine.java:385) ~[classes/:?]
	at java.util.concurrent.CompletableFuture$AsyncSupply.run(CompletableFuture.java:1590) [?:1.8.0_212]
	at java.util.concurrent.ThreadPoolExecutor.runWorker(ThreadPoolExecutor.java:1149) [?:1.8.0_212]
	at java.util.concurrent.ThreadPoolExecutor$Worker.run(ThreadPoolExecutor.java:624) [?:1.8.0_212]
	at java.lang.Thread.run(Thread.java:748) [?:1.8.0_212]
2019-06-18 00:55:52,831 INFO  impl.HddsDispatcher (ContainerUtils.java:logAndReturnError(146)) - Operation: WriteChunk : Trace ID: 1f24cb57ea9d21eb:7cef41eac41a663c:4105e73a7f8e884b:0 : Message: ContainerID 3 creation failed : Result: DISK_OUT_OF_SPACE
00:55:52.832 [pool-30-thread-1] ERROR DNAudit - user=null | ip=null | op=WRITE_CHUNK {blockData=conID: 3 locID: 102289857106608299 bcsId: 0} | ret=FAILURE
org.apache.hadoop.hdds.scm.container.common.helpers.StorageContainerException: ContainerID 3 does not exist
	at org.apache.hadoop.ozone.container.common.impl.HddsDispatcher.dispatchRequest(HddsDispatcher.java:242) ~[classes/:?]
	at org.apache.hadoop.ozone.container.common.impl.HddsDispatcher.dispatch(HddsDispatcher.java:148) ~[classes/:?]
	at org.apache.hadoop.ozone.container.common.transport.server.ratis.ContainerStateMachine.dispatchCommand(ContainerStateMachine.java:347) ~[classes/:?]
	at org.apache.hadoop.ozone.container.common.transport.server.ratis.ContainerStateMachine.runCommand(ContainerStateMachine.java:354) ~[classes/:?]
	at org.apache.hadoop.ozone.container.common.transport.server.ratis.ContainerStateMachine.lambda$applyTransaction$5(ContainerStateMachine.java:621) ~[classes/:?]
	at java.util.concurrent.CompletableFuture$AsyncSupply.run(CompletableFuture.java:1590) [?:1.8.0_212]
	at java.util.concurrent.ThreadPoolExecutor.runWorker(ThreadPoolExecutor.java:1149) [?:1.8.0_212]
	at java.util.concurrent.ThreadPoolExecutor$Worker.run(ThreadPoolExecutor.java:624) [?:1.8.0_212]
	at java.lang.Thread.run(Thread.java:748) [?:1.8.0_212]
2019-06-18 00:55:52,832 INFO  impl.HddsDispatcher (ContainerUtils.java:logAndReturnError(146)) - Operation: WriteChunk : Trace ID: 1f24cb57ea9d21eb:7cef41eac41a663c:4105e73a7f8e884b:0 : Message: ContainerID 3 does not exist : Result: CONTAINER_NOT_FOUND
2019-06-18 00:55:52,835 INFO  client.GrpcClientProtocolClient (GrpcClientProtocolClient.java:onNext(254)) - client-7D96FB2A9EE9->2d9c32cf-d138-46ed-86fe-555b0f222d66: receive RaftClientReply:client-7D96FB2A9EE9->2d9c32cf-d138-46ed-86fe-555b0f222d66@group-F789D1FF0E52, cid=245, SUCCESS, logIndex=350, commits[2d9c32cf-d138-46ed-86fe-555b0f222d66:c350, 7d41c113-78b8-42e0-973f-a2985e127fce:c349, 845dac45-d65a-40db-aa8d-9123cdf470a5:c348]
2019-06-18 00:55:52,835 ERROR storage.BlockOutputStream (BlockOutputStream.java:validateResponse(538)) - Unexpected Storage Container Exception: 
org.apache.hadoop.hdds.scm.container.common.helpers.StorageContainerException: ContainerID 3 does not exist
	at org.apache.hadoop.hdds.scm.storage.ContainerProtocolCalls.validateContainerResponse(ContainerProtocolCalls.java:536)
	at org.apache.hadoop.hdds.scm.storage.BlockOutputStream.validateResponse(BlockOutputStream.java:536)
	at org.apache.hadoop.hdds.scm.storage.BlockOutputStream.lambda$writeChunkToContainer$2(BlockOutputStream.java:614)
	at java.util.concurrent.CompletableFuture.uniApply(CompletableFuture.java:602)
	at java.util.concurrent.CompletableFuture$UniApply.tryFire(CompletableFuture.java:577)
	at java.util.concurrent.CompletableFuture$Completion.run(CompletableFuture.java:442)
	at java.util.concurrent.ThreadPoolExecutor.runWorker(ThreadPoolExecutor.java:1149)
	at java.util.concurrent.ThreadPoolExecutor$Worker.run(ThreadPoolExecutor.java:624)
	at java.lang.Thread.run(Thread.java:748)
00:55:52.837 [pool-72-thread-1] ERROR DNAudit - user=null | ip=null | op=WRITE_CHUNK {blockData=conID: 3 locID: 102289857106608299 bcsId: 0} | ret=FAILURE
org.apache.hadoop.hdds.scm.container.common.helpers.StorageContainerException: ContainerID 3 does not exist
	at org.apache.hadoop.ozone.container.common.impl.HddsDispatcher.dispatchRequest(HddsDispatcher.java:242) ~[classes/:?]
	at org.apache.hadoop.ozone.container.common.impl.HddsDispatcher.dispatch(HddsDispatcher.java:148) ~[classes/:?]
	at org.apache.hadoop.ozone.container.common.transport.server.ratis.ContainerStateMachine.dispatchCommand(ContainerStateMachine.java:347) ~[classes/:?]
	at org.apache.hadoop.ozone.container.common.transport.server.ratis.ContainerStateMachine.runCommand(ContainerStateMachine.java:354) ~[classes/:?]
	at org.apache.hadoop.ozone.container.common.transport.server.ratis.ContainerStateMachine.lambda$applyTransaction$5(ContainerStateMachine.java:621) ~[classes/:?]
	at java.util.concurrent.CompletableFuture$AsyncSupply.run(CompletableFuture.java:1590) [?:1.8.0_212]
	at java.util.concurrent.ThreadPoolExecutor.runWorker(ThreadPoolExecutor.java:1149) [?:1.8.0_212]
	at java.util.concurrent.ThreadPoolExecutor$Worker.run(ThreadPoolExecutor.java:624) [?:1.8.0_212]
	at java.lang.Thread.run(Thread.java:748) [?:1.8.0_212]
2019-06-18 00:55:52,837 INFO  impl.HddsDispatcher (ContainerUtils.java:logAndReturnError(146)) - Operation: WriteChunk : Trace ID: 1f24cb57ea9d21eb:7cef41eac41a663c:4105e73a7f8e884b:0 : Message: ContainerID 3 does not exist : Result: CONTAINER_NOT_FOUND
00:55:52.846 [pool-51-thread-1] ERROR DNAudit - user=null | ip=null | op=WRITE_CHUNK {blockData=conID: 3 locID: 102289857106608299 bcsId: 0} | ret=FAILURE
org.apache.hadoop.hdds.scm.container.common.helpers.StorageContainerException: ContainerID 3 does not exist
	at org.apache.hadoop.ozone.container.common.impl.HddsDispatcher.dispatchRequest(HddsDispatcher.java:242) ~[classes/:?]
	at org.apache.hadoop.ozone.container.common.impl.HddsDispatcher.dispatch(HddsDispatcher.java:148) ~[classes/:?]
	at org.apache.hadoop.ozone.container.common.transport.server.ratis.ContainerStateMachine.dispatchCommand(ContainerStateMachine.java:347) ~[classes/:?]
	at org.apache.hadoop.ozone.container.common.transport.server.ratis.ContainerStateMachine.runCommand(ContainerStateMachine.java:354) ~[classes/:?]
	at org.apache.hadoop.ozone.container.common.transport.server.ratis.ContainerStateMachine.lambda$applyTransaction$5(ContainerStateMachine.java:621) ~[classes/:?]
	at java.util.concurrent.CompletableFuture$AsyncSupply.run(CompletableFuture.java:1590) [?:1.8.0_212]
	at java.util.concurrent.ThreadPoolExecutor.runWorker(ThreadPoolExecutor.java:1149) [?:1.8.0_212]
	at java.util.concurrent.ThreadPoolExecutor$Worker.run(ThreadPoolExecutor.java:624) [?:1.8.0_212]
	at java.lang.Thread.run(Thread.java:748) [?:1.8.0_212]
2019-06-18 00:55:52,847 INFO  impl.HddsDispatcher (ContainerUtils.java:logAndReturnError(146)) - Operation: WriteChunk : Trace ID: 1f24cb57ea9d21eb:7cef41eac41a663c:4105e73a7f8e884b:0 : Message: ContainerID 3 does not exist : Result: CONTAINER_NOT_FOUND
00:55:52.849 [pool-30-thread-1] ERROR DNAudit - user=null | ip=null | op=PUT_BLOCK {blockData=[blockId=conID: 3 locID: 102289857106608299 bcsId: 0,size=10240]} | ret=FAILURE
org.apache.hadoop.hdds.scm.container.common.helpers.StorageContainerException: ContainerID 3 does not exist
	at org.apache.hadoop.ozone.container.common.impl.HddsDispatcher.dispatchRequest(HddsDispatcher.java:242) ~[classes/:?]
	at org.apache.hadoop.ozone.container.common.impl.HddsDispatcher.dispatch(HddsDispatcher.java:148) ~[classes/:?]
	at org.apache.hadoop.ozone.container.common.transport.server.ratis.ContainerStateMachine.dispatchCommand(ContainerStateMachine.java:347) ~[classes/:?]
	at org.apache.hadoop.ozone.container.common.transport.server.ratis.ContainerStateMachine.runCommand(ContainerStateMachine.java:354) ~[classes/:?]
	at org.apache.hadoop.ozone.container.common.transport.server.ratis.ContainerStateMachine.lambda$applyTransaction$5(ContainerStateMachine.java:621) ~[classes/:?]
	at java.util.concurrent.CompletableFuture$AsyncSupply.run(CompletableFuture.java:1590) [?:1.8.0_212]
	at java.util.concurrent.ThreadPoolExecutor.runWorker(ThreadPoolExecutor.java:1149) [?:1.8.0_212]
	at java.util.concurrent.ThreadPoolExecutor$Worker.run(ThreadPoolExecutor.java:624) [?:1.8.0_212]
	at java.lang.Thread.run(Thread.java:748) [?:1.8.0_212]
2019-06-18 00:55:52,850 INFO  impl.HddsDispatcher (ContainerUtils.java:logAndReturnError(146)) - Operation: PutBlock : Trace ID: 1f24cb57ea9d21eb:1f7323f3ef1a14cc:4105e73a7f8e884b:0 : Message: ContainerID 3 does not exist : Result: CONTAINER_NOT_FOUND
2019-06-18 00:55:52,851 INFO  client.GrpcClientProtocolClient (GrpcClientProtocolClient.java:onNext(254)) - client-7D96FB2A9EE9->2d9c32cf-d138-46ed-86fe-555b0f222d66: receive RaftClientReply:client-7D96FB2A9EE9->2d9c32cf-d138-46ed-86fe-555b0f222d66@group-F789D1FF0E52, cid=246, SUCCESS, logIndex=352, commits[2d9c32cf-d138-46ed-86fe-555b0f222d66:c352, 7d41c113-78b8-42e0-973f-a2985e127fce:c350, 845dac45-d65a-40db-aa8d-9123cdf470a5:c350]
00:55:52.853 [pool-51-thread-1] ERROR DNAudit - user=null | ip=null | op=PUT_BLOCK {blockData=[blockId=conID: 3 locID: 102289857106608299 bcsId: 0,size=10240]} | ret=FAILURE
org.apache.hadoop.hdds.scm.container.common.helpers.StorageContainerException: ContainerID 3 does not exist
	at org.apache.hadoop.ozone.container.common.impl.HddsDispatcher.dispatchRequest(HddsDispatcher.java:242) ~[classes/:?]
	at org.apache.hadoop.ozone.container.common.impl.HddsDispatcher.dispatch(HddsDispatcher.java:148) ~[classes/:?]
	at org.apache.hadoop.ozone.container.common.transport.server.ratis.ContainerStateMachine.dispatchCommand(ContainerStateMachine.java:347) ~[classes/:?]
	at org.apache.hadoop.ozone.container.common.transport.server.ratis.ContainerStateMachine.runCommand(ContainerStateMachine.java:354) ~[classes/:?]
	at org.apache.hadoop.ozone.container.common.transport.server.ratis.ContainerStateMachine.lambda$applyTransaction$5(ContainerStateMachine.java:621) ~[classes/:?]
	at java.util.concurrent.CompletableFuture$AsyncSupply.run(CompletableFuture.java:1590) [?:1.8.0_212]
	at java.util.concurrent.ThreadPoolExecutor.runWorker(ThreadPoolExecutor.java:1149) [?:1.8.0_212]
	at java.util.concurrent.ThreadPoolExecutor$Worker.run(ThreadPoolExecutor.java:624) [?:1.8.0_212]
	at java.lang.Thread.run(Thread.java:748) [?:1.8.0_212]
2019-06-18 00:55:52,853 INFO  impl.HddsDispatcher (ContainerUtils.java:logAndReturnError(146)) - Operation: PutBlock : Trace ID: 1f24cb57ea9d21eb:1f7323f3ef1a14cc:4105e73a7f8e884b:0 : Message: ContainerID 3 does not exist : Result: CONTAINER_NOT_FOUND
00:55:52.868 [pool-72-thread-1] ERROR DNAudit - user=null | ip=null | op=PUT_BLOCK {blockData=[blockId=conID: 3 locID: 102289857106608299 bcsId: 0,size=10240]} | ret=FAILURE
org.apache.hadoop.hdds.scm.container.common.helpers.StorageContainerException: ContainerID 3 does not exist
	at org.apache.hadoop.ozone.container.common.impl.HddsDispatcher.dispatchRequest(HddsDispatcher.java:242) ~[classes/:?]
	at org.apache.hadoop.ozone.container.common.impl.HddsDispatcher.dispatch(HddsDispatcher.java:148) ~[classes/:?]
	at org.apache.hadoop.ozone.container.common.transport.server.ratis.ContainerStateMachine.dispatchCommand(ContainerStateMachine.java:347) ~[classes/:?]
	at org.apache.hadoop.ozone.container.common.transport.server.ratis.ContainerStateMachine.runCommand(ContainerStateMachine.java:354) ~[classes/:?]
	at org.apache.hadoop.ozone.container.common.transport.server.ratis.ContainerStateMachine.lambda$applyTransaction$5(ContainerStateMachine.java:621) ~[classes/:?]
	at java.util.concurrent.CompletableFuture$AsyncSupply.run(CompletableFuture.java:1590) [?:1.8.0_212]
	at java.util.concurrent.ThreadPoolExecutor.runWorker(ThreadPoolExecutor.java:1149) [?:1.8.0_212]
	at java.util.concurrent.ThreadPoolExecutor$Worker.run(ThreadPoolExecutor.java:624) [?:1.8.0_212]
	at java.lang.Thread.run(Thread.java:748) [?:1.8.0_212]
2019-06-18 00:55:52,869 INFO  impl.HddsDispatcher (ContainerUtils.java:logAndReturnError(146)) - Operation: PutBlock : Trace ID: 1f24cb57ea9d21eb:1f7323f3ef1a14cc:4105e73a7f8e884b:0 : Message: ContainerID 3 does not exist : Result: CONTAINER_NOT_FOUND
2019-06-18 00:55:52,871 ERROR freon.RandomKeyGenerator (RandomKeyGenerator.java:run(675)) - Exception while adding key: key-1-05217 in bucket: org.apache.hadoop.ozone.client.OzoneBucket@26681d4c of volume: org.apache.hadoop.ozone.client.OzoneVolume@4bda18b4.
java.io.IOException: Unexpected Storage Container Exception: org.apache.hadoop.hdds.scm.container.common.helpers.StorageContainerException: ContainerID 3 does not exist
	at org.apache.hadoop.hdds.scm.storage.BlockOutputStream.setIoException(BlockOutputStream.java:548)
	at org.apache.hadoop.hdds.scm.storage.BlockOutputStream.validateResponse(BlockOutputStream.java:539)
	at org.apache.hadoop.hdds.scm.storage.BlockOutputStream.lambda$writeChunkToContainer$2(BlockOutputStream.java:614)
	at java.util.concurrent.CompletableFuture.uniApply(CompletableFuture.java:602)
	at java.util.concurrent.CompletableFuture$UniApply.tryFire(CompletableFuture.java:577)
	at java.util.concurrent.CompletableFuture$Completion.run(CompletableFuture.java:442)
	at java.util.concurrent.ThreadPoolExecutor.runWorker(ThreadPoolExecutor.java:1149)
	at java.util.concurrent.ThreadPoolExecutor$Worker.run(ThreadPoolExecutor.java:624)
	at java.lang.Thread.run(Thread.java:748)
Caused by: org.apache.hadoop.hdds.scm.container.common.helpers.StorageContainerException: ContainerID 3 does not exist
	at org.apache.hadoop.hdds.scm.storage.ContainerProtocolCalls.validateContainerResponse(ContainerProtocolCalls.java:536)
	at org.apache.hadoop.hdds.scm.storage.BlockOutputStream.validateResponse(BlockOutputStream.java:536)
	... 7 more
 53.00% |██████████████████████████████████████████████████████                                               |  53/100 Time: 0:00:072019-06-18 00:55:52,890 INFO  client.GrpcClientProtocolClient (GrpcClientProtocolClient.java:onNext(254)) - client-7D96FB2A9EE9->2d9c32cf-d138-46ed-86fe-555b0f222d66: receive RaftClientReply:client-7D96FB2A9EE9->2d9c32cf-d138-46ed-86fe-555b0f222d66@group-F789D1FF0E52, cid=247, SUCCESS, logIndex=354, commits[2d9c32cf-d138-46ed-86fe-555b0f222d66:c354, 7d41c113-78b8-42e0-973f-a2985e127fce:c352, 845dac45-d65a-40db-aa8d-9123cdf470a5:c352]
2019-06-18 00:55:52,891 INFO  client.GrpcClientProtocolClient (GrpcClientProtocolClient.java:onNext(254)) - client-7D96FB2A9EE9->2d9c32cf-d138-46ed-86fe-555b0f222d66: receive RaftClientReply:client-7D96FB2A9EE9->2d9c32cf-d138-46ed-86fe-555b0f222d66@group-F789D1FF0E52, cid=248, SUCCESS, logIndex=355, commits[2d9c32cf-d138-46ed-86fe-555b0f222d66:c355, 7d41c113-78b8-42e0-973f-a2985e127fce:c352, 845dac45-d65a-40db-aa8d-9123cdf470a5:c352]
2019-06-18 00:55:52,893 INFO  client.GrpcClientProtocolClient (GrpcClientProtocolClient.java:onNext(254)) - client-7D96FB2A9EE9->2d9c32cf-d138-46ed-86fe-555b0f222d66: receive RaftClientReply:client-7D96FB2A9EE9->2d9c32cf-d138-46ed-86fe-555b0f222d66@group-F789D1FF0E52, cid=251, SUCCESS, logIndex=0, commits[2d9c32cf-d138-46ed-86fe-555b0f222d66:c357, 7d41c113-78b8-42e0-973f-a2985e127fce:c355, 845dac45-d65a-40db-aa8d-9123cdf470a5:c355]
2019-06-18 00:55:52,895 INFO  client.GrpcClientProtocolClient (GrpcClientProtocolClient.java:onNext(254)) - client-7D96FB2A9EE9->2d9c32cf-d138-46ed-86fe-555b0f222d66: receive RaftClientReply:client-7D96FB2A9EE9->2d9c32cf-d138-46ed-86fe-555b0f222d66@group-F789D1FF0E52, cid=249, SUCCESS, logIndex=358, commits[2d9c32cf-d138-46ed-86fe-555b0f222d66:c358, 7d41c113-78b8-42e0-973f-a2985e127fce:c355, 845dac45-d65a-40db-aa8d-9123cdf470a5:c357]
2019-06-18 00:55:52,910 INFO  client.GrpcClientProtocolClient (GrpcClientProtocolClient.java:onNext(254)) - client-7D96FB2A9EE9->2d9c32cf-d138-46ed-86fe-555b0f222d66: receive RaftClientReply:client-7D96FB2A9EE9->2d9c32cf-d138-46ed-86fe-555b0f222d66@group-F789D1FF0E52, cid=250, SUCCESS, logIndex=360, commits[2d9c32cf-d138-46ed-86fe-555b0f222d66:c360, 7d41c113-78b8-42e0-973f-a2985e127fce:c358, 845dac45-d65a-40db-aa8d-9123cdf470a5:c358]
2019-06-18 00:55:52,910 INFO  keyvalue.KeyValueHandler (ContainerUtils.java:logAndReturnError(146)) - Operation: CreateContainer : Trace ID: 59e6bde8a400e6a2:14b3eb2794539358:a2cd558d299e049c:0 : Message: Container creation failed, due to disk out of space : Result: DISK_OUT_OF_SPACE
00:55:52.910 [pool-26-thread-49] ERROR DNAudit - user=null | ip=null | op=WRITE_CHUNK {blockData=conID: 3 locID: 102289857111589041 bcsId: 0} | ret=FAILURE
org.apache.hadoop.hdds.scm.container.common.helpers.StorageContainerException: ContainerID 3 creation failed
	at org.apache.hadoop.ozone.container.common.impl.HddsDispatcher.dispatchRequest(HddsDispatcher.java:227) ~[classes/:?]
	at org.apache.hadoop.ozone.container.common.impl.HddsDispatcher.dispatch(HddsDispatcher.java:148) ~[classes/:?]
	at org.apache.hadoop.ozone.container.common.transport.server.ratis.ContainerStateMachine.dispatchCommand(ContainerStateMachine.java:347) ~[classes/:?]
	at org.apache.hadoop.ozone.container.common.transport.server.ratis.ContainerStateMachine.runCommand(ContainerStateMachine.java:354) ~[classes/:?]
	at org.apache.hadoop.ozone.container.common.transport.server.ratis.ContainerStateMachine.lambda$handleWriteChunk$0(ContainerStateMachine.java:385) ~[classes/:?]
	at java.util.concurrent.CompletableFuture$AsyncSupply.run(CompletableFuture.java:1590) [?:1.8.0_212]
	at java.util.concurrent.ThreadPoolExecutor.runWorker(ThreadPoolExecutor.java:1149) [?:1.8.0_212]
	at java.util.concurrent.ThreadPoolExecutor$Worker.run(ThreadPoolExecutor.java:624) [?:1.8.0_212]
	at java.lang.Thread.run(Thread.java:748) [?:1.8.0_212]
2019-06-18 00:55:52,911 INFO  impl.HddsDispatcher (ContainerUtils.java:logAndReturnError(146)) - Operation: WriteChunk : Trace ID: 59e6bde8a400e6a2:14b3eb2794539358:a2cd558d299e049c:0 : Message: ContainerID 3 creation failed : Result: DISK_OUT_OF_SPACE
2019-06-18 00:55:52,911 INFO  keyvalue.KeyValueHandler (ContainerUtils.java:logAndReturnError(146)) - Operation: CreateContainer : Trace ID: 59e6bde8a400e6a2:14b3eb2794539358:a2cd558d299e049c:0 : Message: Container creation failed, due to disk out of space : Result: DISK_OUT_OF_SPACE
00:55:52.911 [pool-68-thread-35] ERROR DNAudit - user=null | ip=null | op=WRITE_CHUNK {blockData=conID: 3 locID: 102289857111589041 bcsId: 0} | ret=FAILURE
org.apache.hadoop.hdds.scm.container.common.helpers.StorageContainerException: ContainerID 3 creation failed
	at org.apache.hadoop.ozone.container.common.impl.HddsDispatcher.dispatchRequest(HddsDispatcher.java:227) ~[classes/:?]
	at org.apache.hadoop.ozone.container.common.impl.HddsDispatcher.dispatch(HddsDispatcher.java:148) ~[classes/:?]
	at org.apache.hadoop.ozone.container.common.transport.server.ratis.ContainerStateMachine.dispatchCommand(ContainerStateMachine.java:347) ~[classes/:?]
	at org.apache.hadoop.ozone.container.common.transport.server.ratis.ContainerStateMachine.runCommand(ContainerStateMachine.java:354) ~[classes/:?]
	at org.apache.hadoop.ozone.container.common.transport.server.ratis.ContainerStateMachine.lambda$handleWriteChunk$0(ContainerStateMachine.java:385) ~[classes/:?]
	at java.util.concurrent.CompletableFuture$AsyncSupply.run(CompletableFuture.java:1590) [?:1.8.0_212]
	at java.util.concurrent.ThreadPoolExecutor.runWorker(ThreadPoolExecutor.java:1149) [?:1.8.0_212]
	at java.util.concurrent.ThreadPoolExecutor$Worker.run(ThreadPoolExecutor.java:624) [?:1.8.0_212]
	at java.lang.Thread.run(Thread.java:748) [?:1.8.0_212]
2019-06-18 00:55:52,911 INFO  impl.HddsDispatcher (ContainerUtils.java:logAndReturnError(146)) - Operation: WriteChunk : Trace ID: 59e6bde8a400e6a2:14b3eb2794539358:a2cd558d299e049c:0 : Message: ContainerID 3 creation failed : Result: DISK_OUT_OF_SPACE
2019-06-18 00:55:52,912 INFO  keyvalue.KeyValueHandler (ContainerUtils.java:logAndReturnError(146)) - Operation: CreateContainer : Trace ID: 59e6bde8a400e6a2:14b3eb2794539358:a2cd558d299e049c:0 : Message: Container creation failed, due to disk out of space : Result: DISK_OUT_OF_SPACE
00:55:52.913 [pool-47-thread-35] ERROR DNAudit - user=null | ip=null | op=WRITE_CHUNK {blockData=conID: 3 locID: 102289857111589041 bcsId: 0} | ret=FAILURE
org.apache.hadoop.hdds.scm.container.common.helpers.StorageContainerException: ContainerID 3 creation failed
	at org.apache.hadoop.ozone.container.common.impl.HddsDispatcher.dispatchRequest(HddsDispatcher.java:227) ~[classes/:?]
	at org.apache.hadoop.ozone.container.common.impl.HddsDispatcher.dispatch(HddsDispatcher.java:148) ~[classes/:?]
	at org.apache.hadoop.ozone.container.common.transport.server.ratis.ContainerStateMachine.dispatchCommand(ContainerStateMachine.java:347) ~[classes/:?]
	at org.apache.hadoop.ozone.container.common.transport.server.ratis.ContainerStateMachine.runCommand(ContainerStateMachine.java:354) ~[classes/:?]
	at org.apache.hadoop.ozone.container.common.transport.server.ratis.ContainerStateMachine.lambda$handleWriteChunk$0(ContainerStateMachine.java:385) ~[classes/:?]
	at java.util.concurrent.CompletableFuture$AsyncSupply.run(CompletableFuture.java:1590) [?:1.8.0_212]
	at java.util.concurrent.ThreadPoolExecutor.runWorker(ThreadPoolExecutor.java:1149) [?:1.8.0_212]
	at java.util.concurrent.ThreadPoolExecutor$Worker.run(ThreadPoolExecutor.java:624) [?:1.8.0_212]
	at java.lang.Thread.run(Thread.java:748) [?:1.8.0_212]
2019-06-18 00:55:52,913 INFO  impl.HddsDispatcher (ContainerUtils.java:logAndReturnError(146)) - Operation: WriteChunk : Trace ID: 59e6bde8a400e6a2:14b3eb2794539358:a2cd558d299e049c:0 : Message: ContainerID 3 creation failed : Result: DISK_OUT_OF_SPACE
00:55:52.923 [pool-30-thread-1] ERROR DNAudit - user=null | ip=null | op=WRITE_CHUNK {blockData=conID: 3 locID: 102289857111589041 bcsId: 0} | ret=FAILURE
org.apache.hadoop.hdds.scm.container.common.helpers.StorageContainerException: ContainerID 3 does not exist
	at org.apache.hadoop.ozone.container.common.impl.HddsDispatcher.dispatchRequest(HddsDispatcher.java:242) ~[classes/:?]
	at org.apache.hadoop.ozone.container.common.impl.HddsDispatcher.dispatch(HddsDispatcher.java:148) ~[classes/:?]
	at org.apache.hadoop.ozone.container.common.transport.server.ratis.ContainerStateMachine.dispatchCommand(ContainerStateMachine.java:347) ~[classes/:?]
	at org.apache.hadoop.ozone.container.common.transport.server.ratis.ContainerStateMachine.runCommand(ContainerStateMachine.java:354) ~[classes/:?]
	at org.apache.hadoop.ozone.container.common.transport.server.ratis.ContainerStateMachine.lambda$applyTransaction$5(ContainerStateMachine.java:621) ~[classes/:?]
	at java.util.concurrent.CompletableFuture$AsyncSupply.run(CompletableFuture.java:1590) [?:1.8.0_212]
	at java.util.concurrent.ThreadPoolExecutor.runWorker(ThreadPoolExecutor.java:1149) [?:1.8.0_212]
	at java.util.concurrent.ThreadPoolExecutor$Worker.run(ThreadPoolExecutor.java:624) [?:1.8.0_212]
	at java.lang.Thread.run(Thread.java:748) [?:1.8.0_212]
2019-06-18 00:55:52,923 INFO  impl.HddsDispatcher (ContainerUtils.java:logAndReturnError(146)) - Operation: WriteChunk : Trace ID: 59e6bde8a400e6a2:14b3eb2794539358:a2cd558d299e049c:0 : Message: ContainerID 3 does not exist : Result: CONTAINER_NOT_FOUND
00:55:52.925 [pool-30-thread-1] ERROR DNAudit - user=null | ip=null | op=PUT_BLOCK {blockData=[blockId=conID: 3 locID: 102289857111589041 bcsId: 0,size=10240]} | ret=FAILURE
org.apache.hadoop.hdds.scm.container.common.helpers.StorageContainerException: ContainerID 3 does not exist
	at org.apache.hadoop.ozone.container.common.impl.HddsDispatcher.dispatchRequest(HddsDispatcher.java:242) ~[classes/:?]
	at org.apache.hadoop.ozone.container.common.impl.HddsDispatcher.dispatch(HddsDispatcher.java:148) ~[classes/:?]
	at org.apache.hadoop.ozone.container.common.transport.server.ratis.ContainerStateMachine.dispatchCommand(ContainerStateMachine.java:347) ~[classes/:?]
	at org.apache.hadoop.ozone.container.common.transport.server.ratis.ContainerStateMachine.runCommand(ContainerStateMachine.java:354) ~[classes/:?]
	at org.apache.hadoop.ozone.container.common.transport.server.ratis.ContainerStateMachine.lambda$applyTransaction$5(ContainerStateMachine.java:621) ~[classes/:?]
	at java.util.concurrent.CompletableFuture$AsyncSupply.run(CompletableFuture.java:1590) [?:1.8.0_212]
	at java.util.concurrent.ThreadPoolExecutor.runWorker(ThreadPoolExecutor.java:1149) [?:1.8.0_212]
	at java.util.concurrent.ThreadPoolExecutor$Worker.run(ThreadPoolExecutor.java:624) [?:1.8.0_212]
	at java.lang.Thread.run(Thread.java:748) [?:1.8.0_212]
2019-06-18 00:55:52,925 INFO  impl.HddsDispatcher (ContainerUtils.java:logAndReturnError(146)) - Operation: PutBlock : Trace ID: 59e6bde8a400e6a2:d9ac04bbc65c38f4:a2cd558d299e049c:0 : Message: ContainerID 3 does not exist : Result: CONTAINER_NOT_FOUND
2019-06-18 00:55:52,925 INFO  client.GrpcClientProtocolClient (GrpcClientProtocolClient.java:onNext(254)) - client-7D96FB2A9EE9->2d9c32cf-d138-46ed-86fe-555b0f222d66: receive RaftClientReply:client-7D96FB2A9EE9->2d9c32cf-d138-46ed-86fe-555b0f222d66@group-F789D1FF0E52, cid=254, SUCCESS, logIndex=0, commits[2d9c32cf-d138-46ed-86fe-555b0f222d66:c361, 7d41c113-78b8-42e0-973f-a2985e127fce:c360, 845dac45-d65a-40db-aa8d-9123cdf470a5:c360]
2019-06-18 00:55:52,926 INFO  client.GrpcClientProtocolClient (GrpcClientProtocolClient.java:onNext(254)) - client-7D96FB2A9EE9->2d9c32cf-d138-46ed-86fe-555b0f222d66: receive RaftClientReply:client-7D96FB2A9EE9->2d9c32cf-d138-46ed-86fe-555b0f222d66@group-F789D1FF0E52, cid=252, SUCCESS, logIndex=362, commits[2d9c32cf-d138-46ed-86fe-555b0f222d66:c362, 7d41c113-78b8-42e0-973f-a2985e127fce:c360, 845dac45-d65a-40db-aa8d-9123cdf470a5:c360]
00:55:52.938 [pool-51-thread-1] ERROR DNAudit - user=null | ip=null | op=WRITE_CHUNK {blockData=conID: 3 locID: 102289857111589041 bcsId: 0} | ret=FAILURE
org.apache.hadoop.hdds.scm.container.common.helpers.StorageContainerException: ContainerID 3 does not exist
	at org.apache.hadoop.ozone.container.common.impl.HddsDispatcher.dispatchRequest(HddsDispatcher.java:242) ~[classes/:?]
	at org.apache.hadoop.ozone.container.common.impl.HddsDispatcher.dispatch(HddsDispatcher.java:148) ~[classes/:?]
	at org.apache.hadoop.ozone.container.common.transport.server.ratis.ContainerStateMachine.dispatchCommand(ContainerStateMachine.java:347) ~[classes/:?]
	at org.apache.hadoop.ozone.container.common.transport.server.ratis.ContainerStateMachine.runCommand(ContainerStateMachine.java:354) ~[classes/:?]
	at org.apache.hadoop.ozone.container.common.transport.server.ratis.ContainerStateMachine.lambda$applyTransaction$5(ContainerStateMachine.java:621) ~[classes/:?]
	at java.util.concurrent.CompletableFuture$AsyncSupply.run(CompletableFuture.java:1590) [?:1.8.0_212]
	at java.util.concurrent.ThreadPoolExecutor.runWorker(ThreadPoolExecutor.java:1149) [?:1.8.0_212]
	at java.util.concurrent.ThreadPoolExecutor$Worker.run(ThreadPoolExecutor.java:624) [?:1.8.0_212]
	at java.lang.Thread.run(Thread.java:748) [?:1.8.0_212]
2019-06-18 00:55:52,938 INFO  impl.HddsDispatcher (ContainerUtils.java:logAndReturnError(146)) - Operation: WriteChunk : Trace ID: 59e6bde8a400e6a2:14b3eb2794539358:a2cd558d299e049c:0 : Message: ContainerID 3 does not exist : Result: CONTAINER_NOT_FOUND
2019-06-18 00:55:52,939 ERROR storage.BlockOutputStream (BlockOutputStream.java:validateResponse(538)) - Unexpected Storage Container Exception: 
org.apache.hadoop.hdds.scm.container.common.helpers.StorageContainerException: ContainerID 3 does not exist
	at org.apache.hadoop.hdds.scm.storage.ContainerProtocolCalls.validateContainerResponse(ContainerProtocolCalls.java:536)
	at org.apache.hadoop.hdds.scm.storage.BlockOutputStream.validateResponse(BlockOutputStream.java:536)
	at org.apache.hadoop.hdds.scm.storage.BlockOutputStream.lambda$writeChunkToContainer$2(BlockOutputStream.java:614)
	at java.util.concurrent.CompletableFuture.uniApply(CompletableFuture.java:602)
	at java.util.concurrent.CompletableFuture$UniApply.tryFire(CompletableFuture.java:577)
	at java.util.concurrent.CompletableFuture$Completion.run(CompletableFuture.java:442)
	at java.util.concurrent.ThreadPoolExecutor.runWorker(ThreadPoolExecutor.java:1149)
	at java.util.concurrent.ThreadPoolExecutor$Worker.run(ThreadPoolExecutor.java:624)
	at java.lang.Thread.run(Thread.java:748)
00:55:52.939 [pool-72-thread-1] ERROR DNAudit - user=null | ip=null | op=WRITE_CHUNK {blockData=conID: 3 locID: 102289857111589041 bcsId: 0} | ret=FAILURE
org.apache.hadoop.hdds.scm.container.common.helpers.StorageContainerException: ContainerID 3 does not exist
	at org.apache.hadoop.ozone.container.common.impl.HddsDispatcher.dispatchRequest(HddsDispatcher.java:242) ~[classes/:?]
	at org.apache.hadoop.ozone.container.common.impl.HddsDispatcher.dispatch(HddsDispatcher.java:148) ~[classes/:?]
	at org.apache.hadoop.ozone.container.common.transport.server.ratis.ContainerStateMachine.dispatchCommand(ContainerStateMachine.java:347) ~[classes/:?]
	at org.apache.hadoop.ozone.container.common.transport.server.ratis.ContainerStateMachine.runCommand(ContainerStateMachine.java:354) ~[classes/:?]
	at org.apache.hadoop.ozone.container.common.transport.server.ratis.ContainerStateMachine.lambda$applyTransaction$5(ContainerStateMachine.java:621) ~[classes/:?]
	at java.util.concurrent.CompletableFuture$AsyncSupply.run(CompletableFuture.java:1590) [?:1.8.0_212]
	at java.util.concurrent.ThreadPoolExecutor.runWorker(ThreadPoolExecutor.java:1149) [?:1.8.0_212]
	at java.util.concurrent.ThreadPoolExecutor$Worker.run(ThreadPoolExecutor.java:624) [?:1.8.0_212]
	at java.lang.Thread.run(Thread.java:748) [?:1.8.0_212]
2019-06-18 00:55:52,939 INFO  impl.HddsDispatcher (ContainerUtils.java:logAndReturnError(146)) - Operation: WriteChunk : Trace ID: 59e6bde8a400e6a2:14b3eb2794539358:a2cd558d299e049c:0 : Message: ContainerID 3 does not exist : Result: CONTAINER_NOT_FOUND
00:55:52.946 [pool-51-thread-1] ERROR DNAudit - user=null | ip=null | op=PUT_BLOCK {blockData=[blockId=conID: 3 locID: 102289857111589041 bcsId: 0,size=10240]} | ret=FAILURE
org.apache.hadoop.hdds.scm.container.common.helpers.StorageContainerException: ContainerID 3 does not exist
	at org.apache.hadoop.ozone.container.common.impl.HddsDispatcher.dispatchRequest(HddsDispatcher.java:242) ~[classes/:?]
	at org.apache.hadoop.ozone.container.common.impl.HddsDispatcher.dispatch(HddsDispatcher.java:148) ~[classes/:?]
	at org.apache.hadoop.ozone.container.common.transport.server.ratis.ContainerStateMachine.dispatchCommand(ContainerStateMachine.java:347) ~[classes/:?]
	at org.apache.hadoop.ozone.container.common.transport.server.ratis.ContainerStateMachine.runCommand(ContainerStateMachine.java:354) ~[classes/:?]
	at org.apache.hadoop.ozone.container.common.transport.server.ratis.ContainerStateMachine.lambda$applyTransaction$5(ContainerStateMachine.java:621) ~[classes/:?]
	at java.util.concurrent.CompletableFuture$AsyncSupply.run(CompletableFuture.java:1590) [?:1.8.0_212]
	at java.util.concurrent.ThreadPoolExecutor.runWorker(ThreadPoolExecutor.java:1149) [?:1.8.0_212]
	at java.util.concurrent.ThreadPoolExecutor$Worker.run(ThreadPoolExecutor.java:624) [?:1.8.0_212]
	at java.lang.Thread.run(Thread.java:748) [?:1.8.0_212]
2019-06-18 00:55:52,946 INFO  impl.HddsDispatcher (ContainerUtils.java:logAndReturnError(146)) - Operation: PutBlock : Trace ID: 59e6bde8a400e6a2:d9ac04bbc65c38f4:a2cd558d299e049c:0 : Message: ContainerID 3 does not exist : Result: CONTAINER_NOT_FOUND
2019-06-18 00:55:52,948 INFO  client.GrpcClientProtocolClient (GrpcClientProtocolClient.java:onNext(254)) - client-7D96FB2A9EE9->2d9c32cf-d138-46ed-86fe-555b0f222d66: receive RaftClientReply:client-7D96FB2A9EE9->2d9c32cf-d138-46ed-86fe-555b0f222d66@group-F789D1FF0E52, cid=253, SUCCESS, logIndex=363, commits[2d9c32cf-d138-46ed-86fe-555b0f222d66:c363, 7d41c113-78b8-42e0-973f-a2985e127fce:c360, 845dac45-d65a-40db-aa8d-9123cdf470a5:c360]
2019-06-18 00:55:52,952 ERROR freon.RandomKeyGenerator (RandomKeyGenerator.java:run(675)) - Exception while adding key: key-9-15968 in bucket: org.apache.hadoop.ozone.client.OzoneBucket@394d28e of volume: org.apache.hadoop.ozone.client.OzoneVolume@ddbf95a.
java.io.IOException: Unexpected Storage Container Exception: org.apache.hadoop.hdds.scm.container.common.helpers.StorageContainerException: ContainerID 3 does not exist
	at org.apache.hadoop.hdds.scm.storage.BlockOutputStream.setIoException(BlockOutputStream.java:548)
	at org.apache.hadoop.hdds.scm.storage.BlockOutputStream.validateResponse(BlockOutputStream.java:539)
	at org.apache.hadoop.hdds.scm.storage.BlockOutputStream.lambda$writeChunkToContainer$2(BlockOutputStream.java:614)
	at java.util.concurrent.CompletableFuture.uniApply(CompletableFuture.java:602)
	at java.util.concurrent.CompletableFuture$UniApply.tryFire(CompletableFuture.java:577)
	at java.util.concurrent.CompletableFuture$Completion.run(CompletableFuture.java:442)
	at java.util.concurrent.ThreadPoolExecutor.runWorker(ThreadPoolExecutor.java:1149)
	at java.util.concurrent.ThreadPoolExecutor$Worker.run(ThreadPoolExecutor.java:624)
	at java.lang.Thread.run(Thread.java:748)
Caused by: org.apache.hadoop.hdds.scm.container.common.helpers.StorageContainerException: ContainerID 3 does not exist
	at org.apache.hadoop.hdds.scm.storage.ContainerProtocolCalls.validateContainerResponse(ContainerProtocolCalls.java:536)
	at org.apache.hadoop.hdds.scm.storage.BlockOutputStream.validateResponse(BlockOutputStream.java:536)
	... 7 more
00:55:52.953 [pool-72-thread-1] ERROR DNAudit - user=null | ip=null | op=PUT_BLOCK {blockData=[blockId=conID: 3 locID: 102289857111589041 bcsId: 0,size=10240]} | ret=FAILURE
org.apache.hadoop.hdds.scm.container.common.helpers.StorageContainerException: ContainerID 3 does not exist
	at org.apache.hadoop.ozone.container.common.impl.HddsDispatcher.dispatchRequest(HddsDispatcher.java:242) ~[classes/:?]
	at org.apache.hadoop.ozone.container.common.impl.HddsDispatcher.dispatch(HddsDispatcher.java:148) ~[classes/:?]
	at org.apache.hadoop.ozone.container.common.transport.server.ratis.ContainerStateMachine.dispatchCommand(ContainerStateMachine.java:347) ~[classes/:?]
	at org.apache.hadoop.ozone.container.common.transport.server.ratis.ContainerStateMachine.runCommand(ContainerStateMachine.java:354) ~[classes/:?]
	at org.apache.hadoop.ozone.container.common.transport.server.ratis.ContainerStateMachine.lambda$applyTransaction$5(ContainerStateMachine.java:621) ~[classes/:?]
	at java.util.concurrent.CompletableFuture$AsyncSupply.run(CompletableFuture.java:1590) [?:1.8.0_212]
	at java.util.concurrent.ThreadPoolExecutor.runWorker(ThreadPoolExecutor.java:1149) [?:1.8.0_212]
	at java.util.concurrent.ThreadPoolExecutor$Worker.run(ThreadPoolExecutor.java:624) [?:1.8.0_212]
	at java.lang.Thread.run(Thread.java:748) [?:1.8.0_212]
2019-06-18 00:55:52,953 INFO  impl.HddsDispatcher (ContainerUtils.java:logAndReturnError(146)) - Operation: PutBlock : Trace ID: 59e6bde8a400e6a2:d9ac04bbc65c38f4:a2cd558d299e049c:0 : Message: ContainerID 3 does not exist : Result: CONTAINER_NOT_FOUND
2019-06-18 00:55:52,953 INFO  rpc.RpcClient (RpcClient.java:createBucket(426)) - Creating Bucket: vol-1-67285/bucket-4-79951, with Versioning false and Storage Type set to DISK and Encryption set to false 
2019-06-18 00:55:52,971 INFO  client.GrpcClientProtocolClient (GrpcClientProtocolClient.java:onNext(254)) - client-7D96FB2A9EE9->2d9c32cf-d138-46ed-86fe-555b0f222d66: receive RaftClientReply:client-7D96FB2A9EE9->2d9c32cf-d138-46ed-86fe-555b0f222d66@group-F789D1FF0E52, cid=255, SUCCESS, logIndex=366, commits[2d9c32cf-d138-46ed-86fe-555b0f222d66:c366, 7d41c113-78b8-42e0-973f-a2985e127fce:c365, 845dac45-d65a-40db-aa8d-9123cdf470a5:c363]
2019-06-18 00:55:52,995 INFO  client.GrpcClientProtocolClient (GrpcClientProtocolClient.java:onNext(254)) - client-7D96FB2A9EE9->2d9c32cf-d138-46ed-86fe-555b0f222d66: receive RaftClientReply:client-7D96FB2A9EE9->2d9c32cf-d138-46ed-86fe-555b0f222d66@group-F789D1FF0E52, cid=256, SUCCESS, logIndex=368, commits[2d9c32cf-d138-46ed-86fe-555b0f222d66:c369, 7d41c113-78b8-42e0-973f-a2985e127fce:c367, 845dac45-d65a-40db-aa8d-9123cdf470a5:c366]
2019-06-18 00:55:53,011 INFO  client.GrpcClientProtocolClient (GrpcClientProtocolClient.java:onNext(254)) - client-7D96FB2A9EE9->2d9c32cf-d138-46ed-86fe-555b0f222d66: receive RaftClientReply:client-7D96FB2A9EE9->2d9c32cf-d138-46ed-86fe-555b0f222d66@group-F789D1FF0E52, cid=257, SUCCESS, logIndex=369, commits[2d9c32cf-d138-46ed-86fe-555b0f222d66:c369, 7d41c113-78b8-42e0-973f-a2985e127fce:c367, 845dac45-d65a-40db-aa8d-9123cdf470a5:c366]
2019-06-18 00:55:53,025 INFO  client.GrpcClientProtocolClient (GrpcClientProtocolClient.java:onNext(254)) - client-7D96FB2A9EE9->2d9c32cf-d138-46ed-86fe-555b0f222d66: receive RaftClientReply:client-7D96FB2A9EE9->2d9c32cf-d138-46ed-86fe-555b0f222d66@group-F789D1FF0E52, cid=258, SUCCESS, logIndex=370, commits[2d9c32cf-d138-46ed-86fe-555b0f222d66:c370, 7d41c113-78b8-42e0-973f-a2985e127fce:c367, 845dac45-d65a-40db-aa8d-9123cdf470a5:c368]
2019-06-18 00:55:53,028 INFO  client.GrpcClientProtocolClient (GrpcClientProtocolClient.java:onNext(254)) - client-7D96FB2A9EE9->2d9c32cf-d138-46ed-86fe-555b0f222d66: receive RaftClientReply:client-7D96FB2A9EE9->2d9c32cf-d138-46ed-86fe-555b0f222d66@group-F789D1FF0E52, cid=259, SUCCESS, logIndex=0, commits[2d9c32cf-d138-46ed-86fe-555b0f222d66:c370, 7d41c113-78b8-42e0-973f-a2985e127fce:c368, 845dac45-d65a-40db-aa8d-9123cdf470a5:c368]
2019-06-18 00:55:53,035 INFO  client.GrpcClientProtocolClient (GrpcClientProtocolClient.java:onNext(254)) - client-7D96FB2A9EE9->2d9c32cf-d138-46ed-86fe-555b0f222d66: receive RaftClientReply:client-7D96FB2A9EE9->2d9c32cf-d138-46ed-86fe-555b0f222d66@group-F789D1FF0E52, cid=260, SUCCESS, logIndex=0, commits[2d9c32cf-d138-46ed-86fe-555b0f222d66:c373, 7d41c113-78b8-42e0-973f-a2985e127fce:c370, 845dac45-d65a-40db-aa8d-9123cdf470a5:c370]
2019-06-18 00:55:53,038 INFO  keyvalue.KeyValueHandler (ContainerUtils.java:logAndReturnError(146)) - Operation: CreateContainer : Trace ID: fb9c130b146453ef:1570f356eb1a7700:be02b0b073c9d589:0 : Message: Container creation failed, due to disk out of space : Result: DISK_OUT_OF_SPACE
00:55:53.038 [pool-26-thread-14] ERROR DNAudit - user=null | ip=null | op=WRITE_CHUNK {blockData=conID: 3 locID: 102289857120370871 bcsId: 0} | ret=FAILURE
org.apache.hadoop.hdds.scm.container.common.helpers.StorageContainerException: ContainerID 3 creation failed
	at org.apache.hadoop.ozone.container.common.impl.HddsDispatcher.dispatchRequest(HddsDispatcher.java:227) ~[classes/:?]
	at org.apache.hadoop.ozone.container.common.impl.HddsDispatcher.dispatch(HddsDispatcher.java:148) ~[classes/:?]
	at org.apache.hadoop.ozone.container.common.transport.server.ratis.ContainerStateMachine.dispatchCommand(ContainerStateMachine.java:347) ~[classes/:?]
	at org.apache.hadoop.ozone.container.common.transport.server.ratis.ContainerStateMachine.runCommand(ContainerStateMachine.java:354) ~[classes/:?]
	at org.apache.hadoop.ozone.container.common.transport.server.ratis.ContainerStateMachine.lambda$handleWriteChunk$0(ContainerStateMachine.java:385) ~[classes/:?]
	at java.util.concurrent.CompletableFuture$AsyncSupply.run(CompletableFuture.java:1590) [?:1.8.0_212]
	at java.util.concurrent.ThreadPoolExecutor.runWorker(ThreadPoolExecutor.java:1149) [?:1.8.0_212]
	at java.util.concurrent.ThreadPoolExecutor$Worker.run(ThreadPoolExecutor.java:624) [?:1.8.0_212]
	at java.lang.Thread.run(Thread.java:748) [?:1.8.0_212]
2019-06-18 00:55:53,038 INFO  impl.HddsDispatcher (ContainerUtils.java:logAndReturnError(146)) - Operation: WriteChunk : Trace ID: fb9c130b146453ef:1570f356eb1a7700:be02b0b073c9d589:0 : Message: ContainerID 3 creation failed : Result: DISK_OUT_OF_SPACE
2019-06-18 00:55:53,039 INFO  keyvalue.KeyValueHandler (ContainerUtils.java:logAndReturnError(146)) - Operation: CreateContainer : Trace ID: fb9c130b146453ef:1570f356eb1a7700:be02b0b073c9d589:0 : Message: Container creation failed, due to disk out of space : Result: DISK_OUT_OF_SPACE
00:55:53.040 [pool-68-thread-38] ERROR DNAudit - user=null | ip=null | op=WRITE_CHUNK {blockData=conID: 3 locID: 102289857120370871 bcsId: 0} | ret=FAILURE
org.apache.hadoop.hdds.scm.container.common.helpers.StorageContainerException: ContainerID 3 creation failed
	at org.apache.hadoop.ozone.container.common.impl.HddsDispatcher.dispatchRequest(HddsDispatcher.java:227) ~[classes/:?]
	at org.apache.hadoop.ozone.container.common.impl.HddsDispatcher.dispatch(HddsDispatcher.java:148) ~[classes/:?]
	at org.apache.hadoop.ozone.container.common.transport.server.ratis.ContainerStateMachine.dispatchCommand(ContainerStateMachine.java:347) ~[classes/:?]
	at org.apache.hadoop.ozone.container.common.transport.server.ratis.ContainerStateMachine.runCommand(ContainerStateMachine.java:354) ~[classes/:?]
	at org.apache.hadoop.ozone.container.common.transport.server.ratis.ContainerStateMachine.lambda$handleWriteChunk$0(ContainerStateMachine.java:385) ~[classes/:?]
	at java.util.concurrent.CompletableFuture$AsyncSupply.run(CompletableFuture.java:1590) [?:1.8.0_212]
	at java.util.concurrent.ThreadPoolExecutor.runWorker(ThreadPoolExecutor.java:1149) [?:1.8.0_212]
	at java.util.concurrent.ThreadPoolExecutor$Worker.run(ThreadPoolExecutor.java:624) [?:1.8.0_212]
	at java.lang.Thread.run(Thread.java:748) [?:1.8.0_212]
2019-06-18 00:55:53,040 INFO  impl.HddsDispatcher (ContainerUtils.java:logAndReturnError(146)) - Operation: WriteChunk : Trace ID: fb9c130b146453ef:1570f356eb1a7700:be02b0b073c9d589:0 : Message: ContainerID 3 creation failed : Result: DISK_OUT_OF_SPACE
2019-06-18 00:55:53,040 INFO  keyvalue.KeyValueHandler (ContainerUtils.java:logAndReturnError(146)) - Operation: CreateContainer : Trace ID: fb9c130b146453ef:1570f356eb1a7700:be02b0b073c9d589:0 : Message: Container creation failed, due to disk out of space : Result: DISK_OUT_OF_SPACE
00:55:53.041 [pool-47-thread-39] ERROR DNAudit - user=null | ip=null | op=WRITE_CHUNK {blockData=conID: 3 locID: 102289857120370871 bcsId: 0} | ret=FAILURE
org.apache.hadoop.hdds.scm.container.common.helpers.StorageContainerException: ContainerID 3 creation failed
	at org.apache.hadoop.ozone.container.common.impl.HddsDispatcher.dispatchRequest(HddsDispatcher.java:227) ~[classes/:?]
	at org.apache.hadoop.ozone.container.common.impl.HddsDispatcher.dispatch(HddsDispatcher.java:148) ~[classes/:?]
	at org.apache.hadoop.ozone.container.common.transport.server.ratis.ContainerStateMachine.dispatchCommand(ContainerStateMachine.java:347) ~[classes/:?]
	at org.apache.hadoop.ozone.container.common.transport.server.ratis.ContainerStateMachine.runCommand(ContainerStateMachine.java:354) ~[classes/:?]
	at org.apache.hadoop.ozone.container.common.transport.server.ratis.ContainerStateMachine.lambda$handleWriteChunk$0(ContainerStateMachine.java:385) ~[classes/:?]
	at java.util.concurrent.CompletableFuture$AsyncSupply.run(CompletableFuture.java:1590) [?:1.8.0_212]
	at java.util.concurrent.ThreadPoolExecutor.runWorker(ThreadPoolExecutor.java:1149) [?:1.8.0_212]
	at java.util.concurrent.ThreadPoolExecutor$Worker.run(ThreadPoolExecutor.java:624) [?:1.8.0_212]
	at java.lang.Thread.run(Thread.java:748) [?:1.8.0_212]
2019-06-18 00:55:53,041 INFO  impl.HddsDispatcher (ContainerUtils.java:logAndReturnError(146)) - Operation: WriteChunk : Trace ID: fb9c130b146453ef:1570f356eb1a7700:be02b0b073c9d589:0 : Message: ContainerID 3 creation failed : Result: DISK_OUT_OF_SPACE
00:55:53.045 [pool-30-thread-1] ERROR DNAudit - user=null | ip=null | op=WRITE_CHUNK {blockData=conID: 3 locID: 102289857120370871 bcsId: 0} | ret=FAILURE
org.apache.hadoop.hdds.scm.container.common.helpers.StorageContainerException: ContainerID 3 does not exist
	at org.apache.hadoop.ozone.container.common.impl.HddsDispatcher.dispatchRequest(HddsDispatcher.java:242) ~[classes/:?]
	at org.apache.hadoop.ozone.container.common.impl.HddsDispatcher.dispatch(HddsDispatcher.java:148) ~[classes/:?]
	at org.apache.hadoop.ozone.container.common.transport.server.ratis.ContainerStateMachine.dispatchCommand(ContainerStateMachine.java:347) ~[classes/:?]
	at org.apache.hadoop.ozone.container.common.transport.server.ratis.ContainerStateMachine.runCommand(ContainerStateMachine.java:354) ~[classes/:?]
	at org.apache.hadoop.ozone.container.common.transport.server.ratis.ContainerStateMachine.lambda$applyTransaction$5(ContainerStateMachine.java:621) ~[classes/:?]
	at java.util.concurrent.CompletableFuture$AsyncSupply.run(CompletableFuture.java:1590) [?:1.8.0_212]
	at java.util.concurrent.ThreadPoolExecutor.runWorker(ThreadPoolExecutor.java:1149) [?:1.8.0_212]
	at java.util.concurrent.ThreadPoolExecutor$Worker.run(ThreadPoolExecutor.java:624) [?:1.8.0_212]
	at java.lang.Thread.run(Thread.java:748) [?:1.8.0_212]
2019-06-18 00:55:53,046 INFO  impl.HddsDispatcher (ContainerUtils.java:logAndReturnError(146)) - Operation: WriteChunk : Trace ID: fb9c130b146453ef:1570f356eb1a7700:be02b0b073c9d589:0 : Message: ContainerID 3 does not exist : Result: CONTAINER_NOT_FOUND
00:55:53.050 [pool-72-thread-1] ERROR DNAudit - user=null | ip=null | op=WRITE_CHUNK {blockData=conID: 3 locID: 102289857120370871 bcsId: 0} | ret=FAILURE
org.apache.hadoop.hdds.scm.container.common.helpers.StorageContainerException: ContainerID 3 does not exist
	at org.apache.hadoop.ozone.container.common.impl.HddsDispatcher.dispatchRequest(HddsDispatcher.java:242) ~[classes/:?]
	at org.apache.hadoop.ozone.container.common.impl.HddsDispatcher.dispatch(HddsDispatcher.java:148) ~[classes/:?]
	at org.apache.hadoop.ozone.container.common.transport.server.ratis.ContainerStateMachine.dispatchCommand(ContainerStateMachine.java:347) ~[classes/:?]
	at org.apache.hadoop.ozone.container.common.transport.server.ratis.ContainerStateMachine.runCommand(ContainerStateMachine.java:354) ~[classes/:?]
	at org.apache.hadoop.ozone.container.common.transport.server.ratis.ContainerStateMachine.lambda$applyTransaction$5(ContainerStateMachine.java:621) ~[classes/:?]
	at java.util.concurrent.CompletableFuture$AsyncSupply.run(CompletableFuture.java:1590) [?:1.8.0_212]
	at java.util.concurrent.ThreadPoolExecutor.runWorker(ThreadPoolExecutor.java:1149) [?:1.8.0_212]
	at java.util.concurrent.ThreadPoolExecutor$Worker.run(ThreadPoolExecutor.java:624) [?:1.8.0_212]
	at java.lang.Thread.run(Thread.java:748) [?:1.8.0_212]
2019-06-18 00:55:53,050 INFO  impl.HddsDispatcher (ContainerUtils.java:logAndReturnError(146)) - Operation: WriteChunk : Trace ID: fb9c130b146453ef:1570f356eb1a7700:be02b0b073c9d589:0 : Message: ContainerID 3 does not exist : Result: CONTAINER_NOT_FOUND
00:55:53.057 [pool-51-thread-1] ERROR DNAudit - user=null | ip=null | op=WRITE_CHUNK {blockData=conID: 3 locID: 102289857120370871 bcsId: 0} | ret=FAILURE
org.apache.hadoop.hdds.scm.container.common.helpers.StorageContainerException: ContainerID 3 does not exist
	at org.apache.hadoop.ozone.container.common.impl.HddsDispatcher.dispatchRequest(HddsDispatcher.java:242) ~[classes/:?]
	at org.apache.hadoop.ozone.container.common.impl.HddsDispatcher.dispatch(HddsDispatcher.java:148) ~[classes/:?]
	at org.apache.hadoop.ozone.container.common.transport.server.ratis.ContainerStateMachine.dispatchCommand(ContainerStateMachine.java:347) ~[classes/:?]
	at org.apache.hadoop.ozone.container.common.transport.server.ratis.ContainerStateMachine.runCommand(ContainerStateMachine.java:354) ~[classes/:?]
	at org.apache.hadoop.ozone.container.common.transport.server.ratis.ContainerStateMachine.lambda$applyTransaction$5(ContainerStateMachine.java:621) ~[classes/:?]
	at java.util.concurrent.CompletableFuture$AsyncSupply.run(CompletableFuture.java:1590) [?:1.8.0_212]
	at java.util.concurrent.ThreadPoolExecutor.runWorker(ThreadPoolExecutor.java:1149) [?:1.8.0_212]
	at java.util.concurrent.ThreadPoolExecutor$Worker.run(ThreadPoolExecutor.java:624) [?:1.8.0_212]
	at java.lang.Thread.run(Thread.java:748) [?:1.8.0_212]
2019-06-18 00:55:53,057 INFO  impl.HddsDispatcher (ContainerUtils.java:logAndReturnError(146)) - Operation: WriteChunk : Trace ID: fb9c130b146453ef:1570f356eb1a7700:be02b0b073c9d589:0 : Message: ContainerID 3 does not exist : Result: CONTAINER_NOT_FOUND
2019-06-18 00:55:53,059 INFO  client.GrpcClientProtocolClient (GrpcClientProtocolClient.java:onNext(254)) - client-7D96FB2A9EE9->2d9c32cf-d138-46ed-86fe-555b0f222d66: receive RaftClientReply:client-7D96FB2A9EE9->2d9c32cf-d138-46ed-86fe-555b0f222d66@group-F789D1FF0E52, cid=261, SUCCESS, logIndex=374, commits[2d9c32cf-d138-46ed-86fe-555b0f222d66:c374, 7d41c113-78b8-42e0-973f-a2985e127fce:c373, 845dac45-d65a-40db-aa8d-9123cdf470a5:c370]
2019-06-18 00:55:53,061 ERROR storage.BlockOutputStream (BlockOutputStream.java:validateResponse(538)) - Unexpected Storage Container Exception: 
org.apache.hadoop.hdds.scm.container.common.helpers.StorageContainerException: ContainerID 3 does not exist
	at org.apache.hadoop.hdds.scm.storage.ContainerProtocolCalls.validateContainerResponse(ContainerProtocolCalls.java:536)
	at org.apache.hadoop.hdds.scm.storage.BlockOutputStream.validateResponse(BlockOutputStream.java:536)
	at org.apache.hadoop.hdds.scm.storage.BlockOutputStream.lambda$writeChunkToContainer$2(BlockOutputStream.java:614)
	at java.util.concurrent.CompletableFuture.uniApply(CompletableFuture.java:602)
	at java.util.concurrent.CompletableFuture$UniApply.tryFire(CompletableFuture.java:577)
	at java.util.concurrent.CompletableFuture$Completion.run(CompletableFuture.java:442)
	at java.util.concurrent.ThreadPoolExecutor.runWorker(ThreadPoolExecutor.java:1149)
	at java.util.concurrent.ThreadPoolExecutor$Worker.run(ThreadPoolExecutor.java:624)
	at java.lang.Thread.run(Thread.java:748)
00:55:53.063 [pool-30-thread-1] ERROR DNAudit - user=null | ip=null | op=PUT_BLOCK {blockData=[blockId=conID: 3 locID: 102289857120370871 bcsId: 0,size=10240]} | ret=FAILURE
org.apache.hadoop.hdds.scm.container.common.helpers.StorageContainerException: ContainerID 3 does not exist
	at org.apache.hadoop.ozone.container.common.impl.HddsDispatcher.dispatchRequest(HddsDispatcher.java:242) ~[classes/:?]
	at org.apache.hadoop.ozone.container.common.impl.HddsDispatcher.dispatch(HddsDispatcher.java:148) ~[classes/:?]
	at org.apache.hadoop.ozone.container.common.transport.server.ratis.ContainerStateMachine.dispatchCommand(ContainerStateMachine.java:347) ~[classes/:?]
	at org.apache.hadoop.ozone.container.common.transport.server.ratis.ContainerStateMachine.runCommand(ContainerStateMachine.java:354) ~[classes/:?]
	at org.apache.hadoop.ozone.container.common.transport.server.ratis.ContainerStateMachine.lambda$applyTransaction$5(ContainerStateMachine.java:621) ~[classes/:?]
	at java.util.concurrent.CompletableFuture$AsyncSupply.run(CompletableFuture.java:1590) [?:1.8.0_212]
	at java.util.concurrent.ThreadPoolExecutor.runWorker(ThreadPoolExecutor.java:1149) [?:1.8.0_212]
	at java.util.concurrent.ThreadPoolExecutor$Worker.run(ThreadPoolExecutor.java:624) [?:1.8.0_212]
	at java.lang.Thread.run(Thread.java:748) [?:1.8.0_212]
2019-06-18 00:55:53,063 INFO  impl.HddsDispatcher (ContainerUtils.java:logAndReturnError(146)) - Operation: PutBlock : Trace ID: fb9c130b146453ef:be1440d8bd15699f:be02b0b073c9d589:0 : Message: ContainerID 3 does not exist : Result: CONTAINER_NOT_FOUND
2019-06-18 00:55:53,070 INFO  client.GrpcClientProtocolClient (GrpcClientProtocolClient.java:onNext(254)) - client-7D96FB2A9EE9->2d9c32cf-d138-46ed-86fe-555b0f222d66: receive RaftClientReply:client-7D96FB2A9EE9->2d9c32cf-d138-46ed-86fe-555b0f222d66@group-F789D1FF0E52, cid=262, SUCCESS, logIndex=376, commits[2d9c32cf-d138-46ed-86fe-555b0f222d66:c376, 7d41c113-78b8-42e0-973f-a2985e127fce:c374, 845dac45-d65a-40db-aa8d-9123cdf470a5:c375]
00:55:53.072 [pool-72-thread-1] ERROR DNAudit - user=null | ip=null | op=PUT_BLOCK {blockData=[blockId=conID: 3 locID: 102289857120370871 bcsId: 0,size=10240]} | ret=FAILURE
org.apache.hadoop.hdds.scm.container.common.helpers.StorageContainerException: ContainerID 3 does not exist
	at org.apache.hadoop.ozone.container.common.impl.HddsDispatcher.dispatchRequest(HddsDispatcher.java:242) ~[classes/:?]
	at org.apache.hadoop.ozone.container.common.impl.HddsDispatcher.dispatch(HddsDispatcher.java:148) ~[classes/:?]
	at org.apache.hadoop.ozone.container.common.transport.server.ratis.ContainerStateMachine.dispatchCommand(ContainerStateMachine.java:347) ~[classes/:?]
	at org.apache.hadoop.ozone.container.common.transport.server.ratis.ContainerStateMachine.runCommand(ContainerStateMachine.java:354) ~[classes/:?]
	at org.apache.hadoop.ozone.container.common.transport.server.ratis.ContainerStateMachine.lambda$applyTransaction$5(ContainerStateMachine.java:621) ~[classes/:?]
	at java.util.concurrent.CompletableFuture$AsyncSupply.run(CompletableFuture.java:1590) [?:1.8.0_212]
	at java.util.concurrent.ThreadPoolExecutor.runWorker(ThreadPoolExecutor.java:1149) [?:1.8.0_212]
	at java.util.concurrent.ThreadPoolExecutor$Worker.run(ThreadPoolExecutor.java:624) [?:1.8.0_212]
	at java.lang.Thread.run(Thread.java:748) [?:1.8.0_212]
2019-06-18 00:55:53,073 INFO  impl.HddsDispatcher (ContainerUtils.java:logAndReturnError(146)) - Operation: PutBlock : Trace ID: fb9c130b146453ef:be1440d8bd15699f:be02b0b073c9d589:0 : Message: ContainerID 3 does not exist : Result: CONTAINER_NOT_FOUND
2019-06-18 00:55:53,080 INFO  client.GrpcClientProtocolClient (GrpcClientProtocolClient.java:onNext(254)) - client-7D96FB2A9EE9->2d9c32cf-d138-46ed-86fe-555b0f222d66: receive RaftClientReply:client-7D96FB2A9EE9->2d9c32cf-d138-46ed-86fe-555b0f222d66@group-F789D1FF0E52, cid=263, SUCCESS, logIndex=377, commits[2d9c32cf-d138-46ed-86fe-555b0f222d66:c377, 7d41c113-78b8-42e0-973f-a2985e127fce:c375, 845dac45-d65a-40db-aa8d-9123cdf470a5:c375]
2019-06-18 00:55:53,084 ERROR freon.RandomKeyGenerator (RandomKeyGenerator.java:run(675)) - Exception while adding key: key-1-05903 in bucket: org.apache.hadoop.ozone.client.OzoneBucket@83b3dc4 of volume: org.apache.hadoop.ozone.client.OzoneVolume@ddbf95a.
java.io.IOException: Unexpected Storage Container Exception: org.apache.hadoop.hdds.scm.container.common.helpers.StorageContainerException: ContainerID 3 does not exist
	at org.apache.hadoop.hdds.scm.storage.BlockOutputStream.setIoException(BlockOutputStream.java:548)
	at org.apache.hadoop.hdds.scm.storage.BlockOutputStream.validateResponse(BlockOutputStream.java:539)
	at org.apache.hadoop.hdds.scm.storage.BlockOutputStream.lambda$writeChunkToContainer$2(BlockOutputStream.java:614)
	at java.util.concurrent.CompletableFuture.uniApply(CompletableFuture.java:602)
	at java.util.concurrent.CompletableFuture$UniApply.tryFire(CompletableFuture.java:577)
	at java.util.concurrent.CompletableFuture$Completion.run(CompletableFuture.java:442)
	at java.util.concurrent.ThreadPoolExecutor.runWorker(ThreadPoolExecutor.java:1149)
	at java.util.concurrent.ThreadPoolExecutor$Worker.run(ThreadPoolExecutor.java:624)
	at java.lang.Thread.run(Thread.java:748)
Caused by: org.apache.hadoop.hdds.scm.container.common.helpers.StorageContainerException: ContainerID 3 does not exist
	at org.apache.hadoop.hdds.scm.storage.ContainerProtocolCalls.validateContainerResponse(ContainerProtocolCalls.java:536)
	at org.apache.hadoop.hdds.scm.storage.BlockOutputStream.validateResponse(BlockOutputStream.java:536)
	... 7 more
00:55:53.085 [pool-51-thread-1] ERROR DNAudit - user=null | ip=null | op=PUT_BLOCK {blockData=[blockId=conID: 3 locID: 102289857120370871 bcsId: 0,size=10240]} | ret=FAILURE
org.apache.hadoop.hdds.scm.container.common.helpers.StorageContainerException: ContainerID 3 does not exist
	at org.apache.hadoop.ozone.container.common.impl.HddsDispatcher.dispatchRequest(HddsDispatcher.java:242) ~[classes/:?]
	at org.apache.hadoop.ozone.container.common.impl.HddsDispatcher.dispatch(HddsDispatcher.java:148) ~[classes/:?]
	at org.apache.hadoop.ozone.container.common.transport.server.ratis.ContainerStateMachine.dispatchCommand(ContainerStateMachine.java:347) ~[classes/:?]
	at org.apache.hadoop.ozone.container.common.transport.server.ratis.ContainerStateMachine.runCommand(ContainerStateMachine.java:354) ~[classes/:?]
	at org.apache.hadoop.ozone.container.common.transport.server.ratis.ContainerStateMachine.lambda$applyTransaction$5(ContainerStateMachine.java:621) ~[classes/:?]
	at java.util.concurrent.CompletableFuture$AsyncSupply.run(CompletableFuture.java:1590) [?:1.8.0_212]
	at java.util.concurrent.ThreadPoolExecutor.runWorker(ThreadPoolExecutor.java:1149) [?:1.8.0_212]
	at java.util.concurrent.ThreadPoolExecutor$Worker.run(ThreadPoolExecutor.java:624) [?:1.8.0_212]
	at java.lang.Thread.run(Thread.java:748) [?:1.8.0_212]
2019-06-18 00:55:53,086 INFO  impl.HddsDispatcher (ContainerUtils.java:logAndReturnError(146)) - Operation: PutBlock : Trace ID: fb9c130b146453ef:be1440d8bd15699f:be02b0b073c9d589:0 : Message: ContainerID 3 does not exist : Result: CONTAINER_NOT_FOUND
2019-06-18 00:55:53,091 INFO  client.GrpcClientProtocolClient (GrpcClientProtocolClient.java:onNext(254)) - client-7D96FB2A9EE9->2d9c32cf-d138-46ed-86fe-555b0f222d66: receive RaftClientReply:client-7D96FB2A9EE9->2d9c32cf-d138-46ed-86fe-555b0f222d66@group-F789D1FF0E52, cid=264, SUCCESS, logIndex=378, commits[2d9c32cf-d138-46ed-86fe-555b0f222d66:c378, 7d41c113-78b8-42e0-973f-a2985e127fce:c378, 845dac45-d65a-40db-aa8d-9123cdf470a5:c375]
2019-06-18 00:55:53,108 INFO  client.GrpcClientProtocolClient (GrpcClientProtocolClient.java:onNext(254)) - client-7D96FB2A9EE9->2d9c32cf-d138-46ed-86fe-555b0f222d66: receive RaftClientReply:client-7D96FB2A9EE9->2d9c32cf-d138-46ed-86fe-555b0f222d66@group-F789D1FF0E52, cid=267, SUCCESS, logIndex=0, commits[2d9c32cf-d138-46ed-86fe-555b0f222d66:c381, 7d41c113-78b8-42e0-973f-a2985e127fce:c378, 845dac45-d65a-40db-aa8d-9123cdf470a5:c378]
2019-06-18 00:55:53,109 INFO  client.GrpcClientProtocolClient (GrpcClientProtocolClient.java:onNext(254)) - client-7D96FB2A9EE9->2d9c32cf-d138-46ed-86fe-555b0f222d66: receive RaftClientReply:client-7D96FB2A9EE9->2d9c32cf-d138-46ed-86fe-555b0f222d66@group-F789D1FF0E52, cid=265, SUCCESS, logIndex=382, commits[2d9c32cf-d138-46ed-86fe-555b0f222d66:c382, 7d41c113-78b8-42e0-973f-a2985e127fce:c380, 845dac45-d65a-40db-aa8d-9123cdf470a5:c378]
2019-06-18 00:55:53,129 INFO  client.GrpcClientProtocolClient (GrpcClientProtocolClient.java:onNext(254)) - client-7D96FB2A9EE9->2d9c32cf-d138-46ed-86fe-555b0f222d66: receive RaftClientReply:client-7D96FB2A9EE9->2d9c32cf-d138-46ed-86fe-555b0f222d66@group-F789D1FF0E52, cid=266, SUCCESS, logIndex=384, commits[2d9c32cf-d138-46ed-86fe-555b0f222d66:c384, 7d41c113-78b8-42e0-973f-a2985e127fce:c383, 845dac45-d65a-40db-aa8d-9123cdf470a5:c382]
2019-06-18 00:55:53,129 INFO  keyvalue.KeyValueHandler (ContainerUtils.java:logAndReturnError(146)) - Operation: CreateContainer : Trace ID: 9609e4e2c56b6cec:1ace6109e9ee2b7b:2b6415df63336e09:0 : Message: Container creation failed, due to disk out of space : Result: DISK_OUT_OF_SPACE
00:55:53.130 [pool-26-thread-9] ERROR DNAudit - user=null | ip=null | op=WRITE_CHUNK {blockData=conID: 3 locID: 102289857126269117 bcsId: 0} | ret=FAILURE
org.apache.hadoop.hdds.scm.container.common.helpers.StorageContainerException: ContainerID 3 creation failed
	at org.apache.hadoop.ozone.container.common.impl.HddsDispatcher.dispatchRequest(HddsDispatcher.java:227) ~[classes/:?]
	at org.apache.hadoop.ozone.container.common.impl.HddsDispatcher.dispatch(HddsDispatcher.java:148) ~[classes/:?]
	at org.apache.hadoop.ozone.container.common.transport.server.ratis.ContainerStateMachine.dispatchCommand(ContainerStateMachine.java:347) ~[classes/:?]
	at org.apache.hadoop.ozone.container.common.transport.server.ratis.ContainerStateMachine.runCommand(ContainerStateMachine.java:354) ~[classes/:?]
	at org.apache.hadoop.ozone.container.common.transport.server.ratis.ContainerStateMachine.lambda$handleWriteChunk$0(ContainerStateMachine.java:385) ~[classes/:?]
	at java.util.concurrent.CompletableFuture$AsyncSupply.run(CompletableFuture.java:1590) [?:1.8.0_212]
	at java.util.concurrent.ThreadPoolExecutor.runWorker(ThreadPoolExecutor.java:1149) [?:1.8.0_212]
	at java.util.concurrent.ThreadPoolExecutor$Worker.run(ThreadPoolExecutor.java:624) [?:1.8.0_212]
	at java.lang.Thread.run(Thread.java:748) [?:1.8.0_212]
2019-06-18 00:55:53,130 INFO  impl.HddsDispatcher (ContainerUtils.java:logAndReturnError(146)) - Operation: WriteChunk : Trace ID: 9609e4e2c56b6cec:1ace6109e9ee2b7b:2b6415df63336e09:0 : Message: ContainerID 3 creation failed : Result: DISK_OUT_OF_SPACE
2019-06-18 00:55:53,131 INFO  keyvalue.KeyValueHandler (ContainerUtils.java:logAndReturnError(146)) - Operation: CreateContainer : Trace ID: 9609e4e2c56b6cec:1ace6109e9ee2b7b:2b6415df63336e09:0 : Message: Container creation failed, due to disk out of space : Result: DISK_OUT_OF_SPACE
00:55:53.131 [pool-68-thread-41] ERROR DNAudit - user=null | ip=null | op=WRITE_CHUNK {blockData=conID: 3 locID: 102289857126269117 bcsId: 0} | ret=FAILURE
org.apache.hadoop.hdds.scm.container.common.helpers.StorageContainerException: ContainerID 3 creation failed
	at org.apache.hadoop.ozone.container.common.impl.HddsDispatcher.dispatchRequest(HddsDispatcher.java:227) ~[classes/:?]
	at org.apache.hadoop.ozone.container.common.impl.HddsDispatcher.dispatch(HddsDispatcher.java:148) ~[classes/:?]
	at org.apache.hadoop.ozone.container.common.transport.server.ratis.ContainerStateMachine.dispatchCommand(ContainerStateMachine.java:347) ~[classes/:?]
	at org.apache.hadoop.ozone.container.common.transport.server.ratis.ContainerStateMachine.runCommand(ContainerStateMachine.java:354) ~[classes/:?]
	at org.apache.hadoop.ozone.container.common.transport.server.ratis.ContainerStateMachine.lambda$handleWriteChunk$0(ContainerStateMachine.java:385) ~[classes/:?]
	at java.util.concurrent.CompletableFuture$AsyncSupply.run(CompletableFuture.java:1590) [?:1.8.0_212]
	at java.util.concurrent.ThreadPoolExecutor.runWorker(ThreadPoolExecutor.java:1149) [?:1.8.0_212]
	at java.util.concurrent.ThreadPoolExecutor$Worker.run(ThreadPoolExecutor.java:624) [?:1.8.0_212]
	at java.lang.Thread.run(Thread.java:748) [?:1.8.0_212]
2019-06-18 00:55:53,132 INFO  impl.HddsDispatcher (ContainerUtils.java:logAndReturnError(146)) - Operation: WriteChunk : Trace ID: 9609e4e2c56b6cec:1ace6109e9ee2b7b:2b6415df63336e09:0 : Message: ContainerID 3 creation failed : Result: DISK_OUT_OF_SPACE
2019-06-18 00:55:53,132 INFO  keyvalue.KeyValueHandler (ContainerUtils.java:logAndReturnError(146)) - Operation: CreateContainer : Trace ID: 9609e4e2c56b6cec:1ace6109e9ee2b7b:2b6415df63336e09:0 : Message: Container creation failed, due to disk out of space : Result: DISK_OUT_OF_SPACE
00:55:53.132 [pool-47-thread-41] ERROR DNAudit - user=null | ip=null | op=WRITE_CHUNK {blockData=conID: 3 locID: 102289857126269117 bcsId: 0} | ret=FAILURE
org.apache.hadoop.hdds.scm.container.common.helpers.StorageContainerException: ContainerID 3 creation failed
	at org.apache.hadoop.ozone.container.common.impl.HddsDispatcher.dispatchRequest(HddsDispatcher.java:227) ~[classes/:?]
	at org.apache.hadoop.ozone.container.common.impl.HddsDispatcher.dispatch(HddsDispatcher.java:148) ~[classes/:?]
	at org.apache.hadoop.ozone.container.common.transport.server.ratis.ContainerStateMachine.dispatchCommand(ContainerStateMachine.java:347) ~[classes/:?]
	at org.apache.hadoop.ozone.container.common.transport.server.ratis.ContainerStateMachine.runCommand(ContainerStateMachine.java:354) ~[classes/:?]
	at org.apache.hadoop.ozone.container.common.transport.server.ratis.ContainerStateMachine.lambda$handleWriteChunk$0(ContainerStateMachine.java:385) ~[classes/:?]
	at java.util.concurrent.CompletableFuture$AsyncSupply.run(CompletableFuture.java:1590) [?:1.8.0_212]
	at java.util.concurrent.ThreadPoolExecutor.runWorker(ThreadPoolExecutor.java:1149) [?:1.8.0_212]
	at java.util.concurrent.ThreadPoolExecutor$Worker.run(ThreadPoolExecutor.java:624) [?:1.8.0_212]
	at java.lang.Thread.run(Thread.java:748) [?:1.8.0_212]
2019-06-18 00:55:53,133 INFO  impl.HddsDispatcher (ContainerUtils.java:logAndReturnError(146)) - Operation: WriteChunk : Trace ID: 9609e4e2c56b6cec:1ace6109e9ee2b7b:2b6415df63336e09:0 : Message: ContainerID 3 creation failed : Result: DISK_OUT_OF_SPACE
2019-06-18 00:55:53,134 INFO  client.GrpcClientProtocolClient (GrpcClientProtocolClient.java:onNext(254)) - client-7D96FB2A9EE9->2d9c32cf-d138-46ed-86fe-555b0f222d66: receive RaftClientReply:client-7D96FB2A9EE9->2d9c32cf-d138-46ed-86fe-555b0f222d66@group-F789D1FF0E52, cid=270, SUCCESS, logIndex=0, commits[2d9c32cf-d138-46ed-86fe-555b0f222d66:c385, 7d41c113-78b8-42e0-973f-a2985e127fce:c384, 845dac45-d65a-40db-aa8d-9123cdf470a5:c384]
00:55:53.142 [pool-30-thread-1] ERROR DNAudit - user=null | ip=null | op=WRITE_CHUNK {blockData=conID: 3 locID: 102289857126269117 bcsId: 0} | ret=FAILURE
org.apache.hadoop.hdds.scm.container.common.helpers.StorageContainerException: ContainerID 3 does not exist
	at org.apache.hadoop.ozone.container.common.impl.HddsDispatcher.dispatchRequest(HddsDispatcher.java:242) ~[classes/:?]
	at org.apache.hadoop.ozone.container.common.impl.HddsDispatcher.dispatch(HddsDispatcher.java:148) ~[classes/:?]
	at org.apache.hadoop.ozone.container.common.transport.server.ratis.ContainerStateMachine.dispatchCommand(ContainerStateMachine.java:347) ~[classes/:?]
	at org.apache.hadoop.ozone.container.common.transport.server.ratis.ContainerStateMachine.runCommand(ContainerStateMachine.java:354) ~[classes/:?]
	at org.apache.hadoop.ozone.container.common.transport.server.ratis.ContainerStateMachine.lambda$applyTransaction$5(ContainerStateMachine.java:621) ~[classes/:?]
	at java.util.concurrent.CompletableFuture$AsyncSupply.run(CompletableFuture.java:1590) [?:1.8.0_212]
	at java.util.concurrent.ThreadPoolExecutor.runWorker(ThreadPoolExecutor.java:1149) [?:1.8.0_212]
	at java.util.concurrent.ThreadPoolExecutor$Worker.run(ThreadPoolExecutor.java:624) [?:1.8.0_212]
	at java.lang.Thread.run(Thread.java:748) [?:1.8.0_212]
2019-06-18 00:55:53,143 INFO  impl.HddsDispatcher (ContainerUtils.java:logAndReturnError(146)) - Operation: WriteChunk : Trace ID: 9609e4e2c56b6cec:1ace6109e9ee2b7b:2b6415df63336e09:0 : Message: ContainerID 3 does not exist : Result: CONTAINER_NOT_FOUND
00:55:53.152 [pool-30-thread-1] ERROR DNAudit - user=null | ip=null | op=PUT_BLOCK {blockData=[blockId=conID: 3 locID: 102289857126269117 bcsId: 0,size=10240]} | ret=FAILURE
org.apache.hadoop.hdds.scm.container.common.helpers.StorageContainerException: ContainerID 3 does not exist
	at org.apache.hadoop.ozone.container.common.impl.HddsDispatcher.dispatchRequest(HddsDispatcher.java:242) ~[classes/:?]
	at org.apache.hadoop.ozone.container.common.impl.HddsDispatcher.dispatch(HddsDispatcher.java:148) ~[classes/:?]
	at org.apache.hadoop.ozone.container.common.transport.server.ratis.ContainerStateMachine.dispatchCommand(ContainerStateMachine.java:347) ~[classes/:?]
	at org.apache.hadoop.ozone.container.common.transport.server.ratis.ContainerStateMachine.runCommand(ContainerStateMachine.java:354) ~[classes/:?]
	at org.apache.hadoop.ozone.container.common.transport.server.ratis.ContainerStateMachine.lambda$applyTransaction$5(ContainerStateMachine.java:621) ~[classes/:?]
	at java.util.concurrent.CompletableFuture$AsyncSupply.run(CompletableFuture.java:1590) [?:1.8.0_212]
	at java.util.concurrent.ThreadPoolExecutor.runWorker(ThreadPoolExecutor.java:1149) [?:1.8.0_212]
	at java.util.concurrent.ThreadPoolExecutor$Worker.run(ThreadPoolExecutor.java:624) [?:1.8.0_212]
	at java.lang.Thread.run(Thread.java:748) [?:1.8.0_212]
2019-06-18 00:55:53,153 INFO  impl.HddsDispatcher (ContainerUtils.java:logAndReturnError(146)) - Operation: PutBlock : Trace ID: 9609e4e2c56b6cec:85e1a083e6e97bdb:2b6415df63336e09:0 : Message: ContainerID 3 does not exist : Result: CONTAINER_NOT_FOUND
2019-06-18 00:55:53,153 INFO  client.GrpcClientProtocolClient (GrpcClientProtocolClient.java:onNext(254)) - client-7D96FB2A9EE9->2d9c32cf-d138-46ed-86fe-555b0f222d66: receive RaftClientReply:client-7D96FB2A9EE9->2d9c32cf-d138-46ed-86fe-555b0f222d66@group-F789D1FF0E52, cid=268, SUCCESS, logIndex=386, commits[2d9c32cf-d138-46ed-86fe-555b0f222d66:c386, 7d41c113-78b8-42e0-973f-a2985e127fce:c384, 845dac45-d65a-40db-aa8d-9123cdf470a5:c385]
00:55:53.155 [pool-72-thread-1] ERROR DNAudit - user=null | ip=null | op=WRITE_CHUNK {blockData=conID: 3 locID: 102289857126269117 bcsId: 0} | ret=FAILURE
org.apache.hadoop.hdds.scm.container.common.helpers.StorageContainerException: ContainerID 3 does not exist
	at org.apache.hadoop.ozone.container.common.impl.HddsDispatcher.dispatchRequest(HddsDispatcher.java:242) ~[classes/:?]
	at org.apache.hadoop.ozone.container.common.impl.HddsDispatcher.dispatch(HddsDispatcher.java:148) ~[classes/:?]
	at org.apache.hadoop.ozone.container.common.transport.server.ratis.ContainerStateMachine.dispatchCommand(ContainerStateMachine.java:347) ~[classes/:?]
	at org.apache.hadoop.ozone.container.common.transport.server.ratis.ContainerStateMachine.runCommand(ContainerStateMachine.java:354) ~[classes/:?]
	at org.apache.hadoop.ozone.container.common.transport.server.ratis.ContainerStateMachine.lambda$applyTransaction$5(ContainerStateMachine.java:621) ~[classes/:?]
	at java.util.concurrent.CompletableFuture$AsyncSupply.run(CompletableFuture.java:1590) [?:1.8.0_212]
	at java.util.concurrent.ThreadPoolExecutor.runWorker(ThreadPoolExecutor.java:1149) [?:1.8.0_212]
	at java.util.concurrent.ThreadPoolExecutor$Worker.run(ThreadPoolExecutor.java:624) [?:1.8.0_212]
	at java.lang.Thread.run(Thread.java:748) [?:1.8.0_212]
2019-06-18 00:55:53,155 INFO  impl.HddsDispatcher (ContainerUtils.java:logAndReturnError(146)) - Operation: WriteChunk : Trace ID: 9609e4e2c56b6cec:1ace6109e9ee2b7b:2b6415df63336e09:0 : Message: ContainerID 3 does not exist : Result: CONTAINER_NOT_FOUND
00:55:53.158 [pool-72-thread-1] ERROR DNAudit - user=null | ip=null | op=PUT_BLOCK {blockData=[blockId=conID: 3 locID: 102289857126269117 bcsId: 0,size=10240]} | ret=FAILURE
org.apache.hadoop.hdds.scm.container.common.helpers.StorageContainerException: ContainerID 3 does not exist
	at org.apache.hadoop.ozone.container.common.impl.HddsDispatcher.dispatchRequest(HddsDispatcher.java:242) ~[classes/:?]
	at org.apache.hadoop.ozone.container.common.impl.HddsDispatcher.dispatch(HddsDispatcher.java:148) ~[classes/:?]
	at org.apache.hadoop.ozone.container.common.transport.server.ratis.ContainerStateMachine.dispatchCommand(ContainerStateMachine.java:347) ~[classes/:?]
	at org.apache.hadoop.ozone.container.common.transport.server.ratis.ContainerStateMachine.runCommand(ContainerStateMachine.java:354) ~[classes/:?]
	at org.apache.hadoop.ozone.container.common.transport.server.ratis.ContainerStateMachine.lambda$applyTransaction$5(ContainerStateMachine.java:621) ~[classes/:?]
	at java.util.concurrent.CompletableFuture$AsyncSupply.run(CompletableFuture.java:1590) [?:1.8.0_212]
	at java.util.concurrent.ThreadPoolExecutor.runWorker(ThreadPoolExecutor.java:1149) [?:1.8.0_212]
	at java.util.concurrent.ThreadPoolExecutor$Worker.run(ThreadPoolExecutor.java:624) [?:1.8.0_212]
	at java.lang.Thread.run(Thread.java:748) [?:1.8.0_212]
2019-06-18 00:55:53,158 INFO  impl.HddsDispatcher (ContainerUtils.java:logAndReturnError(146)) - Operation: PutBlock : Trace ID: 9609e4e2c56b6cec:85e1a083e6e97bdb:2b6415df63336e09:0 : Message: ContainerID 3 does not exist : Result: CONTAINER_NOT_FOUND
2019-06-18 00:55:53,160 ERROR storage.BlockOutputStream (BlockOutputStream.java:validateResponse(538)) - Unexpected Storage Container Exception: 
org.apache.hadoop.hdds.scm.container.common.helpers.StorageContainerException: ContainerID 3 does not exist
	at org.apache.hadoop.hdds.scm.storage.ContainerProtocolCalls.validateContainerResponse(ContainerProtocolCalls.java:536)
	at org.apache.hadoop.hdds.scm.storage.BlockOutputStream.validateResponse(BlockOutputStream.java:536)
	at org.apache.hadoop.hdds.scm.storage.BlockOutputStream.lambda$writeChunkToContainer$2(BlockOutputStream.java:614)
	at java.util.concurrent.CompletableFuture.uniApply(CompletableFuture.java:602)
	at java.util.concurrent.CompletableFuture$UniApply.tryFire(CompletableFuture.java:577)
	at java.util.concurrent.CompletableFuture$Completion.run(CompletableFuture.java:442)
	at java.util.concurrent.ThreadPoolExecutor.runWorker(ThreadPoolExecutor.java:1149)
	at java.util.concurrent.ThreadPoolExecutor$Worker.run(ThreadPoolExecutor.java:624)
	at java.lang.Thread.run(Thread.java:748)
00:55:53.160 [pool-51-thread-1] ERROR DNAudit - user=null | ip=null | op=WRITE_CHUNK {blockData=conID: 3 locID: 102289857126269117 bcsId: 0} | ret=FAILURE
org.apache.hadoop.hdds.scm.container.common.helpers.StorageContainerException: ContainerID 3 does not exist
	at org.apache.hadoop.ozone.container.common.impl.HddsDispatcher.dispatchRequest(HddsDispatcher.java:242) ~[classes/:?]
	at org.apache.hadoop.ozone.container.common.impl.HddsDispatcher.dispatch(HddsDispatcher.java:148) ~[classes/:?]
	at org.apache.hadoop.ozone.container.common.transport.server.ratis.ContainerStateMachine.dispatchCommand(ContainerStateMachine.java:347) ~[classes/:?]
	at org.apache.hadoop.ozone.container.common.transport.server.ratis.ContainerStateMachine.runCommand(ContainerStateMachine.java:354) ~[classes/:?]
	at org.apache.hadoop.ozone.container.common.transport.server.ratis.ContainerStateMachine.lambda$applyTransaction$5(ContainerStateMachine.java:621) ~[classes/:?]
	at java.util.concurrent.CompletableFuture$AsyncSupply.run(CompletableFuture.java:1590) [?:1.8.0_212]
	at java.util.concurrent.ThreadPoolExecutor.runWorker(ThreadPoolExecutor.java:1149) [?:1.8.0_212]
	at java.util.concurrent.ThreadPoolExecutor$Worker.run(ThreadPoolExecutor.java:624) [?:1.8.0_212]
	at java.lang.Thread.run(Thread.java:748) [?:1.8.0_212]
2019-06-18 00:55:53,161 INFO  impl.HddsDispatcher (ContainerUtils.java:logAndReturnError(146)) - Operation: WriteChunk : Trace ID: 9609e4e2c56b6cec:1ace6109e9ee2b7b:2b6415df63336e09:0 : Message: ContainerID 3 does not exist : Result: CONTAINER_NOT_FOUND
2019-06-18 00:55:53,161 INFO  client.GrpcClientProtocolClient (GrpcClientProtocolClient.java:onNext(254)) - client-7D96FB2A9EE9->2d9c32cf-d138-46ed-86fe-555b0f222d66: receive RaftClientReply:client-7D96FB2A9EE9->2d9c32cf-d138-46ed-86fe-555b0f222d66@group-F789D1FF0E52, cid=269, SUCCESS, logIndex=387, commits[2d9c32cf-d138-46ed-86fe-555b0f222d66:c387, 7d41c113-78b8-42e0-973f-a2985e127fce:c385, 845dac45-d65a-40db-aa8d-9123cdf470a5:c385]
2019-06-18 00:55:53,175 ERROR freon.RandomKeyGenerator (RandomKeyGenerator.java:run(675)) - Exception while adding key: key-5-91206 in bucket: org.apache.hadoop.ozone.client.OzoneBucket@26681d4c of volume: org.apache.hadoop.ozone.client.OzoneVolume@4bda18b4.
java.io.IOException: Unexpected Storage Container Exception: org.apache.hadoop.hdds.scm.container.common.helpers.StorageContainerException: ContainerID 3 does not exist
	at org.apache.hadoop.hdds.scm.storage.BlockOutputStream.setIoException(BlockOutputStream.java:548)
	at org.apache.hadoop.hdds.scm.storage.BlockOutputStream.validateResponse(BlockOutputStream.java:539)
	at org.apache.hadoop.hdds.scm.storage.BlockOutputStream.lambda$writeChunkToContainer$2(BlockOutputStream.java:614)
	at java.util.concurrent.CompletableFuture.uniApply(CompletableFuture.java:602)
	at java.util.concurrent.CompletableFuture$UniApply.tryFire(CompletableFuture.java:577)
	at java.util.concurrent.CompletableFuture$Completion.run(CompletableFuture.java:442)
	at java.util.concurrent.ThreadPoolExecutor.runWorker(ThreadPoolExecutor.java:1149)
	at java.util.concurrent.ThreadPoolExecutor$Worker.run(ThreadPoolExecutor.java:624)
	at java.lang.Thread.run(Thread.java:748)
Caused by: org.apache.hadoop.hdds.scm.container.common.helpers.StorageContainerException: ContainerID 3 does not exist
	at org.apache.hadoop.hdds.scm.storage.ContainerProtocolCalls.validateContainerResponse(ContainerProtocolCalls.java:536)
	at org.apache.hadoop.hdds.scm.storage.BlockOutputStream.validateResponse(BlockOutputStream.java:536)
	... 7 more
00:55:53.175 [pool-51-thread-1] ERROR DNAudit - user=null | ip=null | op=PUT_BLOCK {blockData=[blockId=conID: 3 locID: 102289857126269117 bcsId: 0,size=10240]} | ret=FAILURE
org.apache.hadoop.hdds.scm.container.common.helpers.StorageContainerException: ContainerID 3 does not exist
	at org.apache.hadoop.ozone.container.common.impl.HddsDispatcher.dispatchRequest(HddsDispatcher.java:242) ~[classes/:?]
	at org.apache.hadoop.ozone.container.common.impl.HddsDispatcher.dispatch(HddsDispatcher.java:148) ~[classes/:?]
	at org.apache.hadoop.ozone.container.common.transport.server.ratis.ContainerStateMachine.dispatchCommand(ContainerStateMachine.java:347) ~[classes/:?]
	at org.apache.hadoop.ozone.container.common.transport.server.ratis.ContainerStateMachine.runCommand(ContainerStateMachine.java:354) ~[classes/:?]
	at org.apache.hadoop.ozone.container.common.transport.server.ratis.ContainerStateMachine.lambda$applyTransaction$5(ContainerStateMachine.java:621) ~[classes/:?]
	at java.util.concurrent.CompletableFuture$AsyncSupply.run(CompletableFuture.java:1590) [?:1.8.0_212]
	at java.util.concurrent.ThreadPoolExecutor.runWorker(ThreadPoolExecutor.java:1149) [?:1.8.0_212]
	at java.util.concurrent.ThreadPoolExecutor$Worker.run(ThreadPoolExecutor.java:624) [?:1.8.0_212]
	at java.lang.Thread.run(Thread.java:748) [?:1.8.0_212]
2019-06-18 00:55:53,175 INFO  impl.HddsDispatcher (ContainerUtils.java:logAndReturnError(146)) - Operation: PutBlock : Trace ID: 9609e4e2c56b6cec:85e1a083e6e97bdb:2b6415df63336e09:0 : Message: ContainerID 3 does not exist : Result: CONTAINER_NOT_FOUND
2019-06-18 00:55:53,181 INFO  client.GrpcClientProtocolClient (GrpcClientProtocolClient.java:onNext(254)) - client-7D96FB2A9EE9->2d9c32cf-d138-46ed-86fe-555b0f222d66: receive RaftClientReply:client-7D96FB2A9EE9->2d9c32cf-d138-46ed-86fe-555b0f222d66@group-F789D1FF0E52, cid=271, SUCCESS, logIndex=390, commits[2d9c32cf-d138-46ed-86fe-555b0f222d66:c390, 7d41c113-78b8-42e0-973f-a2985e127fce:c389, 845dac45-d65a-40db-aa8d-9123cdf470a5:c387]
2019-06-18 00:55:53,192 INFO  client.GrpcClientProtocolClient (GrpcClientProtocolClient.java:onNext(254)) - client-7D96FB2A9EE9->2d9c32cf-d138-46ed-86fe-555b0f222d66: receive RaftClientReply:client-7D96FB2A9EE9->2d9c32cf-d138-46ed-86fe-555b0f222d66@group-F789D1FF0E52, cid=272, SUCCESS, logIndex=391, commits[2d9c32cf-d138-46ed-86fe-555b0f222d66:c391, 7d41c113-78b8-42e0-973f-a2985e127fce:c389, 845dac45-d65a-40db-aa8d-9123cdf470a5:c389]
2019-06-18 00:55:53,202 INFO  client.GrpcClientProtocolClient (GrpcClientProtocolClient.java:onNext(254)) - client-7D96FB2A9EE9->2d9c32cf-d138-46ed-86fe-555b0f222d66: receive RaftClientReply:client-7D96FB2A9EE9->2d9c32cf-d138-46ed-86fe-555b0f222d66@group-F789D1FF0E52, cid=275, SUCCESS, logIndex=0, commits[2d9c32cf-d138-46ed-86fe-555b0f222d66:c393, 7d41c113-78b8-42e0-973f-a2985e127fce:c391, 845dac45-d65a-40db-aa8d-9123cdf470a5:c391]
2019-06-18 00:55:53,204 INFO  client.GrpcClientProtocolClient (GrpcClientProtocolClient.java:onNext(254)) - client-7D96FB2A9EE9->2d9c32cf-d138-46ed-86fe-555b0f222d66: receive RaftClientReply:client-7D96FB2A9EE9->2d9c32cf-d138-46ed-86fe-555b0f222d66@group-F789D1FF0E52, cid=273, SUCCESS, logIndex=394, commits[2d9c32cf-d138-46ed-86fe-555b0f222d66:c394, 7d41c113-78b8-42e0-973f-a2985e127fce:c392, 845dac45-d65a-40db-aa8d-9123cdf470a5:c391]
2019-06-18 00:55:53,222 INFO  keyvalue.KeyValueHandler (ContainerUtils.java:logAndReturnError(146)) - Operation: CreateContainer : Trace ID: ac5f843c9c1ea376:7e1906c122106479:e7d34f1ccd9f13f5:0 : Message: Container creation failed, due to disk out of space : Result: DISK_OUT_OF_SPACE
2019-06-18 00:55:53,222 INFO  storage.RaftLogWorker (RaftLogWorker.java:rollLogSegment(303)) - 2d9c32cf-d138-46ed-86fe-555b0f222d66-RaftLogWorker: Rolling segment log-294_398 to index:398
00:55:53.222 [pool-26-thread-15] ERROR DNAudit - user=null | ip=null | op=WRITE_CHUNK {blockData=conID: 3 locID: 102289857131839683 bcsId: 0} | ret=FAILURE
org.apache.hadoop.hdds.scm.container.common.helpers.StorageContainerException: ContainerID 3 creation failed
	at org.apache.hadoop.ozone.container.common.impl.HddsDispatcher.dispatchRequest(HddsDispatcher.java:227) ~[classes/:?]
	at org.apache.hadoop.ozone.container.common.impl.HddsDispatcher.dispatch(HddsDispatcher.java:148) ~[classes/:?]
	at org.apache.hadoop.ozone.container.common.transport.server.ratis.ContainerStateMachine.dispatchCommand(ContainerStateMachine.java:347) ~[classes/:?]
	at org.apache.hadoop.ozone.container.common.transport.server.ratis.ContainerStateMachine.runCommand(ContainerStateMachine.java:354) ~[classes/:?]
	at org.apache.hadoop.ozone.container.common.transport.server.ratis.ContainerStateMachine.lambda$handleWriteChunk$0(ContainerStateMachine.java:385) ~[classes/:?]
	at java.util.concurrent.CompletableFuture$AsyncSupply.run(CompletableFuture.java:1590) [?:1.8.0_212]
	at java.util.concurrent.ThreadPoolExecutor.runWorker(ThreadPoolExecutor.java:1149) [?:1.8.0_212]
	at java.util.concurrent.ThreadPoolExecutor$Worker.run(ThreadPoolExecutor.java:624) [?:1.8.0_212]
	at java.lang.Thread.run(Thread.java:748) [?:1.8.0_212]
2019-06-18 00:55:53,222 INFO  impl.HddsDispatcher (ContainerUtils.java:logAndReturnError(146)) - Operation: WriteChunk : Trace ID: ac5f843c9c1ea376:7e1906c122106479:e7d34f1ccd9f13f5:0 : Message: ContainerID 3 creation failed : Result: DISK_OUT_OF_SPACE
2019-06-18 00:55:53,223 INFO  storage.RaftLogWorker (RaftLogWorker.java:execute(433)) - 2d9c32cf-d138-46ed-86fe-555b0f222d66-RaftLogWorker: Rolled log segment from /opt/src/hadoop-ozone/tools/target/test-dir/MiniOzoneClusterImpl-6d9acd13-88f0-4110-8b50-a0007a84e3db/datanode-0/data/ratis/1ee23aab-99cb-4f91-88c7-f789d1ff0e52/current/log_inprogress_294 to /opt/src/hadoop-ozone/tools/target/test-dir/MiniOzoneClusterImpl-6d9acd13-88f0-4110-8b50-a0007a84e3db/datanode-0/data/ratis/1ee23aab-99cb-4f91-88c7-f789d1ff0e52/current/log_294-398
2019-06-18 00:55:53,223 INFO  keyvalue.KeyValueHandler (ContainerUtils.java:logAndReturnError(146)) - Operation: CreateContainer : Trace ID: ac5f843c9c1ea376:7e1906c122106479:e7d34f1ccd9f13f5:0 : Message: Container creation failed, due to disk out of space : Result: DISK_OUT_OF_SPACE
00:55:53.223 [pool-68-thread-45] ERROR DNAudit - user=null | ip=null | op=WRITE_CHUNK {blockData=conID: 3 locID: 102289857131839683 bcsId: 0} | ret=FAILURE
org.apache.hadoop.hdds.scm.container.common.helpers.StorageContainerException: ContainerID 3 creation failed
	at org.apache.hadoop.ozone.container.common.impl.HddsDispatcher.dispatchRequest(HddsDispatcher.java:227) ~[classes/:?]
	at org.apache.hadoop.ozone.container.common.impl.HddsDispatcher.dispatch(HddsDispatcher.java:148) ~[classes/:?]
	at org.apache.hadoop.ozone.container.common.transport.server.ratis.ContainerStateMachine.dispatchCommand(ContainerStateMachine.java:347) ~[classes/:?]
	at org.apache.hadoop.ozone.container.common.transport.server.ratis.ContainerStateMachine.runCommand(ContainerStateMachine.java:354) ~[classes/:?]
	at org.apache.hadoop.ozone.container.common.transport.server.ratis.ContainerStateMachine.lambda$handleWriteChunk$0(ContainerStateMachine.java:385) ~[classes/:?]
	at java.util.concurrent.CompletableFuture$AsyncSupply.run(CompletableFuture.java:1590) [?:1.8.0_212]
	at java.util.concurrent.ThreadPoolExecutor.runWorker(ThreadPoolExecutor.java:1149) [?:1.8.0_212]
	at java.util.concurrent.ThreadPoolExecutor$Worker.run(ThreadPoolExecutor.java:624) [?:1.8.0_212]
	at java.lang.Thread.run(Thread.java:748) [?:1.8.0_212]
2019-06-18 00:55:53,224 INFO  impl.HddsDispatcher (ContainerUtils.java:logAndReturnError(146)) - Operation: WriteChunk : Trace ID: ac5f843c9c1ea376:7e1906c122106479:e7d34f1ccd9f13f5:0 : Message: ContainerID 3 creation failed : Result: DISK_OUT_OF_SPACE
2019-06-18 00:55:53,224 INFO  storage.RaftLogWorker (RaftLogWorker.java:rollLogSegment(303)) - 7d41c113-78b8-42e0-973f-a2985e127fce-RaftLogWorker: Rolling segment log-294_398 to index:398
2019-06-18 00:55:53,225 INFO  client.GrpcClientProtocolClient (GrpcClientProtocolClient.java:onNext(254)) - client-7D96FB2A9EE9->2d9c32cf-d138-46ed-86fe-555b0f222d66: receive RaftClientReply:client-7D96FB2A9EE9->2d9c32cf-d138-46ed-86fe-555b0f222d66@group-F789D1FF0E52, cid=274, SUCCESS, logIndex=396, commits[2d9c32cf-d138-46ed-86fe-555b0f222d66:c396, 7d41c113-78b8-42e0-973f-a2985e127fce:c395, 845dac45-d65a-40db-aa8d-9123cdf470a5:c395]
2019-06-18 00:55:53,225 INFO  storage.RaftLogWorker (RaftLogWorker.java:rollLogSegment(303)) - 845dac45-d65a-40db-aa8d-9123cdf470a5-RaftLogWorker: Rolling segment log-294_398 to index:398
2019-06-18 00:55:53,225 INFO  keyvalue.KeyValueHandler (ContainerUtils.java:logAndReturnError(146)) - Operation: CreateContainer : Trace ID: ac5f843c9c1ea376:7e1906c122106479:e7d34f1ccd9f13f5:0 : Message: Container creation failed, due to disk out of space : Result: DISK_OUT_OF_SPACE
00:55:53.247 [pool-47-thread-44] ERROR DNAudit - user=null | ip=null | op=WRITE_CHUNK {blockData=conID: 3 locID: 102289857131839683 bcsId: 0} | ret=FAILURE
org.apache.hadoop.hdds.scm.container.common.helpers.StorageContainerException: ContainerID 3 creation failed
	at org.apache.hadoop.ozone.container.common.impl.HddsDispatcher.dispatchRequest(HddsDispatcher.java:227) ~[classes/:?]
	at org.apache.hadoop.ozone.container.common.impl.HddsDispatcher.dispatch(HddsDispatcher.java:148) ~[classes/:?]
	at org.apache.hadoop.ozone.container.common.transport.server.ratis.ContainerStateMachine.dispatchCommand(ContainerStateMachine.java:347) ~[classes/:?]
	at org.apache.hadoop.ozone.container.common.transport.server.ratis.ContainerStateMachine.runCommand(ContainerStateMachine.java:354) ~[classes/:?]
	at org.apache.hadoop.ozone.container.common.transport.server.ratis.ContainerStateMachine.lambda$handleWriteChunk$0(ContainerStateMachine.java:385) ~[classes/:?]
	at java.util.concurrent.CompletableFuture$AsyncSupply.run(CompletableFuture.java:1590) [?:1.8.0_212]
	at java.util.concurrent.ThreadPoolExecutor.runWorker(ThreadPoolExecutor.java:1149) [?:1.8.0_212]
	at java.util.concurrent.ThreadPoolExecutor$Worker.run(ThreadPoolExecutor.java:624) [?:1.8.0_212]
	at java.lang.Thread.run(Thread.java:748) [?:1.8.0_212]
2019-06-18 00:55:53,247 INFO  impl.HddsDispatcher (ContainerUtils.java:logAndReturnError(146)) - Operation: WriteChunk : Trace ID: ac5f843c9c1ea376:7e1906c122106479:e7d34f1ccd9f13f5:0 : Message: ContainerID 3 creation failed : Result: DISK_OUT_OF_SPACE
2019-06-18 00:55:53,248 INFO  storage.RaftLogWorker (RaftLogWorker.java:execute(433)) - 845dac45-d65a-40db-aa8d-9123cdf470a5-RaftLogWorker: Rolled log segment from /opt/src/hadoop-ozone/tools/target/test-dir/MiniOzoneClusterImpl-6d9acd13-88f0-4110-8b50-a0007a84e3db/datanode-1/data/ratis/1ee23aab-99cb-4f91-88c7-f789d1ff0e52/current/log_inprogress_294 to /opt/src/hadoop-ozone/tools/target/test-dir/MiniOzoneClusterImpl-6d9acd13-88f0-4110-8b50-a0007a84e3db/datanode-1/data/ratis/1ee23aab-99cb-4f91-88c7-f789d1ff0e52/current/log_294-398
2019-06-18 00:55:53,249 INFO  storage.RaftLogWorker (RaftLogWorker.java:execute(433)) - 7d41c113-78b8-42e0-973f-a2985e127fce-RaftLogWorker: Rolled log segment from /opt/src/hadoop-ozone/tools/target/test-dir/MiniOzoneClusterImpl-6d9acd13-88f0-4110-8b50-a0007a84e3db/datanode-2/data/ratis/1ee23aab-99cb-4f91-88c7-f789d1ff0e52/current/log_inprogress_294 to /opt/src/hadoop-ozone/tools/target/test-dir/MiniOzoneClusterImpl-6d9acd13-88f0-4110-8b50-a0007a84e3db/datanode-2/data/ratis/1ee23aab-99cb-4f91-88c7-f789d1ff0e52/current/log_294-398
00:55:53.250 [pool-30-thread-1] ERROR DNAudit - user=null | ip=null | op=WRITE_CHUNK {blockData=conID: 3 locID: 102289857131839683 bcsId: 0} | ret=FAILURE
org.apache.hadoop.hdds.scm.container.common.helpers.StorageContainerException: ContainerID 3 does not exist
	at org.apache.hadoop.ozone.container.common.impl.HddsDispatcher.dispatchRequest(HddsDispatcher.java:242) ~[classes/:?]
	at org.apache.hadoop.ozone.container.common.impl.HddsDispatcher.dispatch(HddsDispatcher.java:148) ~[classes/:?]
	at org.apache.hadoop.ozone.container.common.transport.server.ratis.ContainerStateMachine.dispatchCommand(ContainerStateMachine.java:347) ~[classes/:?]
	at org.apache.hadoop.ozone.container.common.transport.server.ratis.ContainerStateMachine.runCommand(ContainerStateMachine.java:354) ~[classes/:?]
	at org.apache.hadoop.ozone.container.common.transport.server.ratis.ContainerStateMachine.lambda$applyTransaction$5(ContainerStateMachine.java:621) ~[classes/:?]
	at java.util.concurrent.CompletableFuture$AsyncSupply.run(CompletableFuture.java:1590) [?:1.8.0_212]
	at java.util.concurrent.ThreadPoolExecutor.runWorker(ThreadPoolExecutor.java:1149) [?:1.8.0_212]
	at java.util.concurrent.ThreadPoolExecutor$Worker.run(ThreadPoolExecutor.java:624) [?:1.8.0_212]
	at java.lang.Thread.run(Thread.java:748) [?:1.8.0_212]
2019-06-18 00:55:53,250 INFO  impl.HddsDispatcher (ContainerUtils.java:logAndReturnError(146)) - Operation: WriteChunk : Trace ID: ac5f843c9c1ea376:7e1906c122106479:e7d34f1ccd9f13f5:0 : Message: ContainerID 3 does not exist : Result: CONTAINER_NOT_FOUND
2019-06-18 00:55:53,297 INFO  client.GrpcClientProtocolClient (GrpcClientProtocolClient.java:onNext(254)) - client-7D96FB2A9EE9->2d9c32cf-d138-46ed-86fe-555b0f222d66: receive RaftClientReply:client-7D96FB2A9EE9->2d9c32cf-d138-46ed-86fe-555b0f222d66@group-F789D1FF0E52, cid=278, SUCCESS, logIndex=0, commits[2d9c32cf-d138-46ed-86fe-555b0f222d66:c397, 7d41c113-78b8-42e0-973f-a2985e127fce:c396, 845dac45-d65a-40db-aa8d-9123cdf470a5:c396]
2019-06-18 00:55:53,328 INFO  storage.RaftLogWorker (RaftLogWorker.java:execute(469)) - 2d9c32cf-d138-46ed-86fe-555b0f222d66-RaftLogWorker: created new log segment /opt/src/hadoop-ozone/tools/target/test-dir/MiniOzoneClusterImpl-6d9acd13-88f0-4110-8b50-a0007a84e3db/datanode-0/data/ratis/1ee23aab-99cb-4f91-88c7-f789d1ff0e52/current/log_inprogress_399
2019-06-18 00:55:53,330 INFO  storage.RaftLogWorker (RaftLogWorker.java:execute(469)) - 845dac45-d65a-40db-aa8d-9123cdf470a5-RaftLogWorker: created new log segment /opt/src/hadoop-ozone/tools/target/test-dir/MiniOzoneClusterImpl-6d9acd13-88f0-4110-8b50-a0007a84e3db/datanode-1/data/ratis/1ee23aab-99cb-4f91-88c7-f789d1ff0e52/current/log_inprogress_399
00:55:53.333 [pool-51-thread-1] ERROR DNAudit - user=null | ip=null | op=WRITE_CHUNK {blockData=conID: 3 locID: 102289857131839683 bcsId: 0} | ret=FAILURE
org.apache.hadoop.hdds.scm.container.common.helpers.StorageContainerException: ContainerID 3 does not exist
	at org.apache.hadoop.ozone.container.common.impl.HddsDispatcher.dispatchRequest(HddsDispatcher.java:242) ~[classes/:?]
	at org.apache.hadoop.ozone.container.common.impl.HddsDispatcher.dispatch(HddsDispatcher.java:148) ~[classes/:?]
	at org.apache.hadoop.ozone.container.common.transport.server.ratis.ContainerStateMachine.dispatchCommand(ContainerStateMachine.java:347) ~[classes/:?]
	at org.apache.hadoop.ozone.container.common.transport.server.ratis.ContainerStateMachine.runCommand(ContainerStateMachine.java:354) ~[classes/:?]
	at org.apache.hadoop.ozone.container.common.transport.server.ratis.ContainerStateMachine.lambda$applyTransaction$5(ContainerStateMachine.java:621) ~[classes/:?]
	at java.util.concurrent.CompletableFuture$AsyncSupply.run(CompletableFuture.java:1590) [?:1.8.0_212]
	at java.util.concurrent.ThreadPoolExecutor.runWorker(ThreadPoolExecutor.java:1149) [?:1.8.0_212]
	at java.util.concurrent.ThreadPoolExecutor$Worker.run(ThreadPoolExecutor.java:624) [?:1.8.0_212]
	at java.lang.Thread.run(Thread.java:748) [?:1.8.0_212]
00:55:53.334 [pool-30-thread-1] ERROR DNAudit - user=null | ip=null | op=PUT_BLOCK {blockData=[blockId=conID: 3 locID: 102289857131839683 bcsId: 0,size=10240]} | ret=FAILURE
org.apache.hadoop.hdds.scm.container.common.helpers.StorageContainerException: ContainerID 3 does not exist
	at org.apache.hadoop.ozone.container.common.impl.HddsDispatcher.dispatchRequest(HddsDispatcher.java:242) ~[classes/:?]
	at org.apache.hadoop.ozone.container.common.impl.HddsDispatcher.dispatch(HddsDispatcher.java:148) ~[classes/:?]
	at org.apache.hadoop.ozone.container.common.transport.server.ratis.ContainerStateMachine.dispatchCommand(ContainerStateMachine.java:347) ~[classes/:?]
	at org.apache.hadoop.ozone.container.common.transport.server.ratis.ContainerStateMachine.runCommand(ContainerStateMachine.java:354) ~[classes/:?]
	at org.apache.hadoop.ozone.container.common.transport.server.ratis.ContainerStateMachine.lambda$applyTransaction$5(ContainerStateMachine.java:621) ~[classes/:?]
	at java.util.concurrent.CompletableFuture$AsyncSupply.run(CompletableFuture.java:1590) [?:1.8.0_212]
	at java.util.concurrent.ThreadPoolExecutor.runWorker(ThreadPoolExecutor.java:1149) [?:1.8.0_212]
	at java.util.concurrent.ThreadPoolExecutor$Worker.run(ThreadPoolExecutor.java:624) [?:1.8.0_212]
	at java.lang.Thread.run(Thread.java:748) [?:1.8.0_212]
2019-06-18 00:55:53,331 INFO  storage.RaftLogWorker (RaftLogWorker.java:execute(469)) - 7d41c113-78b8-42e0-973f-a2985e127fce-RaftLogWorker: created new log segment /opt/src/hadoop-ozone/tools/target/test-dir/MiniOzoneClusterImpl-6d9acd13-88f0-4110-8b50-a0007a84e3db/datanode-2/data/ratis/1ee23aab-99cb-4f91-88c7-f789d1ff0e52/current/log_inprogress_399
2019-06-18 00:55:53,336 INFO  client.GrpcClientProtocolClient (GrpcClientProtocolClient.java:onNext(254)) - client-7D96FB2A9EE9->2d9c32cf-d138-46ed-86fe-555b0f222d66: receive RaftClientReply:client-7D96FB2A9EE9->2d9c32cf-d138-46ed-86fe-555b0f222d66@group-F789D1FF0E52, cid=276, SUCCESS, logIndex=398, commits[2d9c32cf-d138-46ed-86fe-555b0f222d66:c398, 7d41c113-78b8-42e0-973f-a2985e127fce:c396, 845dac45-d65a-40db-aa8d-9123cdf470a5:c396]
2019-06-18 00:55:53,334 INFO  impl.HddsDispatcher (ContainerUtils.java:logAndReturnError(146)) - Operation: PutBlock : Trace ID: ac5f843c9c1ea376:3e5cf5af4bd5548e:e7d34f1ccd9f13f5:0 : Message: ContainerID 3 does not exist : Result: CONTAINER_NOT_FOUND
2019-06-18 00:55:53,334 INFO  impl.HddsDispatcher (ContainerUtils.java:logAndReturnError(146)) - Operation: WriteChunk : Trace ID: ac5f843c9c1ea376:7e1906c122106479:e7d34f1ccd9f13f5:0 : Message: ContainerID 3 does not exist : Result: CONTAINER_NOT_FOUND
2019-06-18 00:55:53,350 INFO  client.GrpcClientProtocolClient (GrpcClientProtocolClient.java:onNext(254)) - client-7D96FB2A9EE9->2d9c32cf-d138-46ed-86fe-555b0f222d66: receive RaftClientReply:client-7D96FB2A9EE9->2d9c32cf-d138-46ed-86fe-555b0f222d66@group-F789D1FF0E52, cid=277, SUCCESS, logIndex=399, commits[2d9c32cf-d138-46ed-86fe-555b0f222d66:c400, 7d41c113-78b8-42e0-973f-a2985e127fce:c396, 845dac45-d65a-40db-aa8d-9123cdf470a5:c398]
2019-06-18 00:55:53,351 ERROR storage.BlockOutputStream (BlockOutputStream.java:validateResponse(538)) - Unexpected Storage Container Exception: 
org.apache.hadoop.hdds.scm.container.common.helpers.StorageContainerException: ContainerID 3 does not exist
	at org.apache.hadoop.hdds.scm.storage.ContainerProtocolCalls.validateContainerResponse(ContainerProtocolCalls.java:536)
	at org.apache.hadoop.hdds.scm.storage.BlockOutputStream.validateResponse(BlockOutputStream.java:536)
	at org.apache.hadoop.hdds.scm.storage.BlockOutputStream.lambda$writeChunkToContainer$2(BlockOutputStream.java:614)
	at java.util.concurrent.CompletableFuture.uniApply(CompletableFuture.java:602)
	at java.util.concurrent.CompletableFuture$UniApply.tryFire(CompletableFuture.java:577)
	at java.util.concurrent.CompletableFuture$Completion.run(CompletableFuture.java:442)
	at java.util.concurrent.ThreadPoolExecutor.runWorker(ThreadPoolExecutor.java:1149)
	at java.util.concurrent.ThreadPoolExecutor$Worker.run(ThreadPoolExecutor.java:624)
	at java.lang.Thread.run(Thread.java:748)
2019-06-18 00:55:53,357 ERROR freon.RandomKeyGenerator (RandomKeyGenerator.java:run(675)) - Exception while adding key: key-4-12695 in bucket: org.apache.hadoop.ozone.client.OzoneBucket@83b3dc4 of volume: org.apache.hadoop.ozone.client.OzoneVolume@ddbf95a.
java.io.IOException: Unexpected Storage Container Exception: org.apache.hadoop.hdds.scm.container.common.helpers.StorageContainerException: ContainerID 3 does not exist
	at org.apache.hadoop.hdds.scm.storage.BlockOutputStream.setIoException(BlockOutputStream.java:548)
	at org.apache.hadoop.hdds.scm.storage.BlockOutputStream.validateResponse(BlockOutputStream.java:539)
	at org.apache.hadoop.hdds.scm.storage.BlockOutputStream.lambda$writeChunkToContainer$2(BlockOutputStream.java:614)
	at java.util.concurrent.CompletableFuture.uniApply(CompletableFuture.java:602)
	at java.util.concurrent.CompletableFuture$UniApply.tryFire(CompletableFuture.java:577)
	at java.util.concurrent.CompletableFuture$Completion.run(CompletableFuture.java:442)
	at java.util.concurrent.ThreadPoolExecutor.runWorker(ThreadPoolExecutor.java:1149)
	at java.util.concurrent.ThreadPoolExecutor$Worker.run(ThreadPoolExecutor.java:624)
	at java.lang.Thread.run(Thread.java:748)
Caused by: org.apache.hadoop.hdds.scm.container.common.helpers.StorageContainerException: ContainerID 3 does not exist
	at org.apache.hadoop.hdds.scm.storage.ContainerProtocolCalls.validateContainerResponse(ContainerProtocolCalls.java:536)
	at org.apache.hadoop.hdds.scm.storage.BlockOutputStream.validateResponse(BlockOutputStream.java:536)
	... 7 more
00:55:53.357 [pool-72-thread-1] ERROR DNAudit - user=null | ip=null | op=WRITE_CHUNK {blockData=conID: 3 locID: 102289857131839683 bcsId: 0} | ret=FAILURE
org.apache.hadoop.hdds.scm.container.common.helpers.StorageContainerException: ContainerID 3 does not exist
	at org.apache.hadoop.ozone.container.common.impl.HddsDispatcher.dispatchRequest(HddsDispatcher.java:242) ~[classes/:?]
	at org.apache.hadoop.ozone.container.common.impl.HddsDispatcher.dispatch(HddsDispatcher.java:148) ~[classes/:?]
	at org.apache.hadoop.ozone.container.common.transport.server.ratis.ContainerStateMachine.dispatchCommand(ContainerStateMachine.java:347) ~[classes/:?]
	at org.apache.hadoop.ozone.container.common.transport.server.ratis.ContainerStateMachine.runCommand(ContainerStateMachine.java:354) ~[classes/:?]
	at org.apache.hadoop.ozone.container.common.transport.server.ratis.ContainerStateMachine.lambda$applyTransaction$5(ContainerStateMachine.java:621) ~[classes/:?]
	at java.util.concurrent.CompletableFuture$AsyncSupply.run(CompletableFuture.java:1590) [?:1.8.0_212]
	at java.util.concurrent.ThreadPoolExecutor.runWorker(ThreadPoolExecutor.java:1149) [?:1.8.0_212]
	at java.util.concurrent.ThreadPoolExecutor$Worker.run(ThreadPoolExecutor.java:624) [?:1.8.0_212]
	at java.lang.Thread.run(Thread.java:748) [?:1.8.0_212]
2019-06-18 00:55:53,357 INFO  impl.HddsDispatcher (ContainerUtils.java:logAndReturnError(146)) - Operation: WriteChunk : Trace ID: ac5f843c9c1ea376:7e1906c122106479:e7d34f1ccd9f13f5:0 : Message: ContainerID 3 does not exist : Result: CONTAINER_NOT_FOUND
00:55:53.360 [pool-72-thread-1] ERROR DNAudit - user=null | ip=null | op=PUT_BLOCK {blockData=[blockId=conID: 3 locID: 102289857131839683 bcsId: 0,size=10240]} | ret=FAILURE
org.apache.hadoop.hdds.scm.container.common.helpers.StorageContainerException: ContainerID 3 does not exist
	at org.apache.hadoop.ozone.container.common.impl.HddsDispatcher.dispatchRequest(HddsDispatcher.java:242) ~[classes/:?]
	at org.apache.hadoop.ozone.container.common.impl.HddsDispatcher.dispatch(HddsDispatcher.java:148) ~[classes/:?]
	at org.apache.hadoop.ozone.container.common.transport.server.ratis.ContainerStateMachine.dispatchCommand(ContainerStateMachine.java:347) ~[classes/:?]
	at org.apache.hadoop.ozone.container.common.transport.server.ratis.ContainerStateMachine.runCommand(ContainerStateMachine.java:354) ~[classes/:?]
	at org.apache.hadoop.ozone.container.common.transport.server.ratis.ContainerStateMachine.lambda$applyTransaction$5(ContainerStateMachine.java:621) ~[classes/:?]
	at java.util.concurrent.CompletableFuture$AsyncSupply.run(CompletableFuture.java:1590) [?:1.8.0_212]
	at java.util.concurrent.ThreadPoolExecutor.runWorker(ThreadPoolExecutor.java:1149) [?:1.8.0_212]
	at java.util.concurrent.ThreadPoolExecutor$Worker.run(ThreadPoolExecutor.java:624) [?:1.8.0_212]
	at java.lang.Thread.run(Thread.java:748) [?:1.8.0_212]
2019-06-18 00:55:53,360 INFO  impl.HddsDispatcher (ContainerUtils.java:logAndReturnError(146)) - Operation: PutBlock : Trace ID: ac5f843c9c1ea376:3e5cf5af4bd5548e:e7d34f1ccd9f13f5:0 : Message: ContainerID 3 does not exist : Result: CONTAINER_NOT_FOUND
00:55:53.360 [pool-51-thread-1] ERROR DNAudit - user=null | ip=null | op=PUT_BLOCK {blockData=[blockId=conID: 3 locID: 102289857131839683 bcsId: 0,size=10240]} | ret=FAILURE
org.apache.hadoop.hdds.scm.container.common.helpers.StorageContainerException: ContainerID 3 does not exist
	at org.apache.hadoop.ozone.container.common.impl.HddsDispatcher.dispatchRequest(HddsDispatcher.java:242) ~[classes/:?]
	at org.apache.hadoop.ozone.container.common.impl.HddsDispatcher.dispatch(HddsDispatcher.java:148) ~[classes/:?]
	at org.apache.hadoop.ozone.container.common.transport.server.ratis.ContainerStateMachine.dispatchCommand(ContainerStateMachine.java:347) ~[classes/:?]
	at org.apache.hadoop.ozone.container.common.transport.server.ratis.ContainerStateMachine.runCommand(ContainerStateMachine.java:354) ~[classes/:?]
	at org.apache.hadoop.ozone.container.common.transport.server.ratis.ContainerStateMachine.lambda$applyTransaction$5(ContainerStateMachine.java:621) ~[classes/:?]
	at java.util.concurrent.CompletableFuture$AsyncSupply.run(CompletableFuture.java:1590) [?:1.8.0_212]
	at java.util.concurrent.ThreadPoolExecutor.runWorker(ThreadPoolExecutor.java:1149) [?:1.8.0_212]
	at java.util.concurrent.ThreadPoolExecutor$Worker.run(ThreadPoolExecutor.java:624) [?:1.8.0_212]
	at java.lang.Thread.run(Thread.java:748) [?:1.8.0_212]
2019-06-18 00:55:53,361 INFO  impl.HddsDispatcher (ContainerUtils.java:logAndReturnError(146)) - Operation: PutBlock : Trace ID: ac5f843c9c1ea376:3e5cf5af4bd5548e:e7d34f1ccd9f13f5:0 : Message: ContainerID 3 does not exist : Result: CONTAINER_NOT_FOUND
2019-06-18 00:55:53,379 INFO  client.GrpcClientProtocolClient (GrpcClientProtocolClient.java:onNext(254)) - client-7D96FB2A9EE9->2d9c32cf-d138-46ed-86fe-555b0f222d66: receive RaftClientReply:client-7D96FB2A9EE9->2d9c32cf-d138-46ed-86fe-555b0f222d66@group-F789D1FF0E52, cid=279, SUCCESS, logIndex=401, commits[2d9c32cf-d138-46ed-86fe-555b0f222d66:c401, 7d41c113-78b8-42e0-973f-a2985e127fce:c400, 845dac45-d65a-40db-aa8d-9123cdf470a5:c400]
2019-06-18 00:55:53,394 INFO  client.GrpcClientProtocolClient (GrpcClientProtocolClient.java:onNext(254)) - client-7D96FB2A9EE9->2d9c32cf-d138-46ed-86fe-555b0f222d66: receive RaftClientReply:client-7D96FB2A9EE9->2d9c32cf-d138-46ed-86fe-555b0f222d66@group-F789D1FF0E52, cid=280, SUCCESS, logIndex=403, commits[2d9c32cf-d138-46ed-86fe-555b0f222d66:c403, 7d41c113-78b8-42e0-973f-a2985e127fce:c401, 845dac45-d65a-40db-aa8d-9123cdf470a5:c402]
2019-06-18 00:55:53,398 INFO  client.GrpcClientProtocolClient (GrpcClientProtocolClient.java:onNext(254)) - client-7D96FB2A9EE9->2d9c32cf-d138-46ed-86fe-555b0f222d66: receive RaftClientReply:client-7D96FB2A9EE9->2d9c32cf-d138-46ed-86fe-555b0f222d66@group-F789D1FF0E52, cid=281, SUCCESS, logIndex=404, commits[2d9c32cf-d138-46ed-86fe-555b0f222d66:c405, 7d41c113-78b8-42e0-973f-a2985e127fce:c402, 845dac45-d65a-40db-aa8d-9123cdf470a5:c402]
2019-06-18 00:55:53,400 INFO  client.GrpcClientProtocolClient (GrpcClientProtocolClient.java:onNext(254)) - client-7D96FB2A9EE9->2d9c32cf-d138-46ed-86fe-555b0f222d66: receive RaftClientReply:client-7D96FB2A9EE9->2d9c32cf-d138-46ed-86fe-555b0f222d66@group-F789D1FF0E52, cid=282, SUCCESS, logIndex=405, commits[2d9c32cf-d138-46ed-86fe-555b0f222d66:c405, 7d41c113-78b8-42e0-973f-a2985e127fce:c402, 845dac45-d65a-40db-aa8d-9123cdf470a5:c402]
2019-06-18 00:55:53,409 INFO  client.GrpcClientProtocolClient (GrpcClientProtocolClient.java:onNext(254)) - client-7D96FB2A9EE9->2d9c32cf-d138-46ed-86fe-555b0f222d66: receive RaftClientReply:client-7D96FB2A9EE9->2d9c32cf-d138-46ed-86fe-555b0f222d66@group-F789D1FF0E52, cid=283, SUCCESS, logIndex=0, commits[2d9c32cf-d138-46ed-86fe-555b0f222d66:c406, 7d41c113-78b8-42e0-973f-a2985e127fce:c403, 845dac45-d65a-40db-aa8d-9123cdf470a5:c403]
2019-06-18 00:55:53,410 INFO  client.GrpcClientProtocolClient (GrpcClientProtocolClient.java:onNext(254)) - client-7D96FB2A9EE9->2d9c32cf-d138-46ed-86fe-555b0f222d66: receive RaftClientReply:client-7D96FB2A9EE9->2d9c32cf-d138-46ed-86fe-555b0f222d66@group-F789D1FF0E52, cid=284, SUCCESS, logIndex=0, commits[2d9c32cf-d138-46ed-86fe-555b0f222d66:c407, 7d41c113-78b8-42e0-973f-a2985e127fce:c405, 845dac45-d65a-40db-aa8d-9123cdf470a5:c405]
2019-06-18 00:55:53,417 INFO  keyvalue.KeyValueHandler (ContainerUtils.java:logAndReturnError(146)) - Operation: CreateContainer : Trace ID: 3974d5b1880a6a5c:311b5dd01402ca1d:58f8532e89f57ae6:0 : Message: Container creation failed, due to disk out of space : Result: DISK_OUT_OF_SPACE
00:55:53.417 [pool-26-thread-27] ERROR DNAudit - user=null | ip=null | op=WRITE_CHUNK {blockData=conID: 3 locID: 102289857145274570 bcsId: 0} | ret=FAILURE
org.apache.hadoop.hdds.scm.container.common.helpers.StorageContainerException: ContainerID 3 creation failed
	at org.apache.hadoop.ozone.container.common.impl.HddsDispatcher.dispatchRequest(HddsDispatcher.java:227) ~[classes/:?]
	at org.apache.hadoop.ozone.container.common.impl.HddsDispatcher.dispatch(HddsDispatcher.java:148) ~[classes/:?]
	at org.apache.hadoop.ozone.container.common.transport.server.ratis.ContainerStateMachine.dispatchCommand(ContainerStateMachine.java:347) ~[classes/:?]
	at org.apache.hadoop.ozone.container.common.transport.server.ratis.ContainerStateMachine.runCommand(ContainerStateMachine.java:354) ~[classes/:?]
	at org.apache.hadoop.ozone.container.common.transport.server.ratis.ContainerStateMachine.lambda$handleWriteChunk$0(ContainerStateMachine.java:385) ~[classes/:?]
	at java.util.concurrent.CompletableFuture$AsyncSupply.run(CompletableFuture.java:1590) [?:1.8.0_212]
	at java.util.concurrent.ThreadPoolExecutor.runWorker(ThreadPoolExecutor.java:1149) [?:1.8.0_212]
	at java.util.concurrent.ThreadPoolExecutor$Worker.run(ThreadPoolExecutor.java:624) [?:1.8.0_212]
	at java.lang.Thread.run(Thread.java:748) [?:1.8.0_212]
2019-06-18 00:55:53,418 INFO  impl.HddsDispatcher (ContainerUtils.java:logAndReturnError(146)) - Operation: WriteChunk : Trace ID: 3974d5b1880a6a5c:311b5dd01402ca1d:58f8532e89f57ae6:0 : Message: ContainerID 3 creation failed : Result: DISK_OUT_OF_SPACE
2019-06-18 00:55:53,418 INFO  keyvalue.KeyValueHandler (ContainerUtils.java:logAndReturnError(146)) - Operation: CreateContainer : Trace ID: 3974d5b1880a6a5c:311b5dd01402ca1d:58f8532e89f57ae6:0 : Message: Container creation failed, due to disk out of space : Result: DISK_OUT_OF_SPACE
2019-06-18 00:55:53,418 INFO  keyvalue.KeyValueHandler (ContainerUtils.java:logAndReturnError(146)) - Operation: CreateContainer : Trace ID: 3974d5b1880a6a5c:311b5dd01402ca1d:58f8532e89f57ae6:0 : Message: Container creation failed, due to disk out of space : Result: DISK_OUT_OF_SPACE
00:55:53.418 [pool-68-thread-46] ERROR DNAudit - user=null | ip=null | op=WRITE_CHUNK {blockData=conID: 3 locID: 102289857145274570 bcsId: 0} | ret=FAILURE
org.apache.hadoop.hdds.scm.container.common.helpers.StorageContainerException: ContainerID 3 creation failed
	at org.apache.hadoop.ozone.container.common.impl.HddsDispatcher.dispatchRequest(HddsDispatcher.java:227) ~[classes/:?]
	at org.apache.hadoop.ozone.container.common.impl.HddsDispatcher.dispatch(HddsDispatcher.java:148) ~[classes/:?]
	at org.apache.hadoop.ozone.container.common.transport.server.ratis.ContainerStateMachine.dispatchCommand(ContainerStateMachine.java:347) ~[classes/:?]
	at org.apache.hadoop.ozone.container.common.transport.server.ratis.ContainerStateMachine.runCommand(ContainerStateMachine.java:354) ~[classes/:?]
	at org.apache.hadoop.ozone.container.common.transport.server.ratis.ContainerStateMachine.lambda$handleWriteChunk$0(ContainerStateMachine.java:385) ~[classes/:?]
	at java.util.concurrent.CompletableFuture$AsyncSupply.run(CompletableFuture.java:1590) [?:1.8.0_212]
	at java.util.concurrent.ThreadPoolExecutor.runWorker(ThreadPoolExecutor.java:1149) [?:1.8.0_212]
	at java.util.concurrent.ThreadPoolExecutor$Worker.run(ThreadPoolExecutor.java:624) [?:1.8.0_212]
	at java.lang.Thread.run(Thread.java:748) [?:1.8.0_212]
00:55:53.418 [pool-47-thread-48] ERROR DNAudit - user=null | ip=null | op=WRITE_CHUNK {blockData=conID: 3 locID: 102289857145274570 bcsId: 0} | ret=FAILURE
org.apache.hadoop.hdds.scm.container.common.helpers.StorageContainerException: ContainerID 3 creation failed
	at org.apache.hadoop.ozone.container.common.impl.HddsDispatcher.dispatchRequest(HddsDispatcher.java:227) ~[classes/:?]
	at org.apache.hadoop.ozone.container.common.impl.HddsDispatcher.dispatch(HddsDispatcher.java:148) ~[classes/:?]
	at org.apache.hadoop.ozone.container.common.transport.server.ratis.ContainerStateMachine.dispatchCommand(ContainerStateMachine.java:347) ~[classes/:?]
	at org.apache.hadoop.ozone.container.common.transport.server.ratis.ContainerStateMachine.runCommand(ContainerStateMachine.java:354) ~[classes/:?]
	at org.apache.hadoop.ozone.container.common.transport.server.ratis.ContainerStateMachine.lambda$handleWriteChunk$0(ContainerStateMachine.java:385) ~[classes/:?]
	at java.util.concurrent.CompletableFuture$AsyncSupply.run(CompletableFuture.java:1590) [?:1.8.0_212]
	at java.util.concurrent.ThreadPoolExecutor.runWorker(ThreadPoolExecutor.java:1149) [?:1.8.0_212]
	at java.util.concurrent.ThreadPoolExecutor$Worker.run(ThreadPoolExecutor.java:624) [?:1.8.0_212]
	at java.lang.Thread.run(Thread.java:748) [?:1.8.0_212]
2019-06-18 00:55:53,418 INFO  impl.HddsDispatcher (ContainerUtils.java:logAndReturnError(146)) - Operation: WriteChunk : Trace ID: 3974d5b1880a6a5c:311b5dd01402ca1d:58f8532e89f57ae6:0 : Message: ContainerID 3 creation failed : Result: DISK_OUT_OF_SPACE
2019-06-18 00:55:53,418 INFO  impl.HddsDispatcher (ContainerUtils.java:logAndReturnError(146)) - Operation: WriteChunk : Trace ID: 3974d5b1880a6a5c:311b5dd01402ca1d:58f8532e89f57ae6:0 : Message: ContainerID 3 creation failed : Result: DISK_OUT_OF_SPACE
00:55:53.424 [pool-30-thread-1] ERROR DNAudit - user=null | ip=null | op=WRITE_CHUNK {blockData=conID: 3 locID: 102289857145274570 bcsId: 0} | ret=FAILURE
org.apache.hadoop.hdds.scm.container.common.helpers.StorageContainerException: ContainerID 3 does not exist
	at org.apache.hadoop.ozone.container.common.impl.HddsDispatcher.dispatchRequest(HddsDispatcher.java:242) ~[classes/:?]
	at org.apache.hadoop.ozone.container.common.impl.HddsDispatcher.dispatch(HddsDispatcher.java:148) ~[classes/:?]
	at org.apache.hadoop.ozone.container.common.transport.server.ratis.ContainerStateMachine.dispatchCommand(ContainerStateMachine.java:347) ~[classes/:?]
	at org.apache.hadoop.ozone.container.common.transport.server.ratis.ContainerStateMachine.runCommand(ContainerStateMachine.java:354) ~[classes/:?]
	at org.apache.hadoop.ozone.container.common.transport.server.ratis.ContainerStateMachine.lambda$applyTransaction$5(ContainerStateMachine.java:621) ~[classes/:?]
	at java.util.concurrent.CompletableFuture$AsyncSupply.run(CompletableFuture.java:1590) [?:1.8.0_212]
	at java.util.concurrent.ThreadPoolExecutor.runWorker(ThreadPoolExecutor.java:1149) [?:1.8.0_212]
	at java.util.concurrent.ThreadPoolExecutor$Worker.run(ThreadPoolExecutor.java:624) [?:1.8.0_212]
	at java.lang.Thread.run(Thread.java:748) [?:1.8.0_212]
2019-06-18 00:55:53,424 INFO  impl.HddsDispatcher (ContainerUtils.java:logAndReturnError(146)) - Operation: WriteChunk : Trace ID: 3974d5b1880a6a5c:311b5dd01402ca1d:58f8532e89f57ae6:0 : Message: ContainerID 3 does not exist : Result: CONTAINER_NOT_FOUND
00:55:53.432 [pool-72-thread-1] ERROR DNAudit - user=null | ip=null | op=WRITE_CHUNK {blockData=conID: 3 locID: 102289857145274570 bcsId: 0} | ret=FAILURE
org.apache.hadoop.hdds.scm.container.common.helpers.StorageContainerException: ContainerID 3 does not exist
	at org.apache.hadoop.ozone.container.common.impl.HddsDispatcher.dispatchRequest(HddsDispatcher.java:242) ~[classes/:?]
	at org.apache.hadoop.ozone.container.common.impl.HddsDispatcher.dispatch(HddsDispatcher.java:148) ~[classes/:?]
	at org.apache.hadoop.ozone.container.common.transport.server.ratis.ContainerStateMachine.dispatchCommand(ContainerStateMachine.java:347) ~[classes/:?]
	at org.apache.hadoop.ozone.container.common.transport.server.ratis.ContainerStateMachine.runCommand(ContainerStateMachine.java:354) ~[classes/:?]
	at org.apache.hadoop.ozone.container.common.transport.server.ratis.ContainerStateMachine.lambda$applyTransaction$5(ContainerStateMachine.java:621) ~[classes/:?]
	at java.util.concurrent.CompletableFuture$AsyncSupply.run(CompletableFuture.java:1590) [?:1.8.0_212]
	at java.util.concurrent.ThreadPoolExecutor.runWorker(ThreadPoolExecutor.java:1149) [?:1.8.0_212]
	at java.util.concurrent.ThreadPoolExecutor$Worker.run(ThreadPoolExecutor.java:624) [?:1.8.0_212]
	at java.lang.Thread.run(Thread.java:748) [?:1.8.0_212]
2019-06-18 00:55:53,433 INFO  impl.HddsDispatcher (ContainerUtils.java:logAndReturnError(146)) - Operation: WriteChunk : Trace ID: 3974d5b1880a6a5c:311b5dd01402ca1d:58f8532e89f57ae6:0 : Message: ContainerID 3 does not exist : Result: CONTAINER_NOT_FOUND
2019-06-18 00:55:53,433 INFO  client.GrpcClientProtocolClient (GrpcClientProtocolClient.java:onNext(254)) - client-7D96FB2A9EE9->2d9c32cf-d138-46ed-86fe-555b0f222d66: receive RaftClientReply:client-7D96FB2A9EE9->2d9c32cf-d138-46ed-86fe-555b0f222d66@group-F789D1FF0E52, cid=285, SUCCESS, logIndex=408, commits[2d9c32cf-d138-46ed-86fe-555b0f222d66:c408, 7d41c113-78b8-42e0-973f-a2985e127fce:c407, 845dac45-d65a-40db-aa8d-9123cdf470a5:c405]
00:55:53.435 [pool-51-thread-1] ERROR DNAudit - user=null | ip=null | op=WRITE_CHUNK {blockData=conID: 3 locID: 102289857145274570 bcsId: 0} | ret=FAILURE
org.apache.hadoop.hdds.scm.container.common.helpers.StorageContainerException: ContainerID 3 does not exist
	at org.apache.hadoop.ozone.container.common.impl.HddsDispatcher.dispatchRequest(HddsDispatcher.java:242) ~[classes/:?]
	at org.apache.hadoop.ozone.container.common.impl.HddsDispatcher.dispatch(HddsDispatcher.java:148) ~[classes/:?]
	at org.apache.hadoop.ozone.container.common.transport.server.ratis.ContainerStateMachine.dispatchCommand(ContainerStateMachine.java:347) ~[classes/:?]
	at org.apache.hadoop.ozone.container.common.transport.server.ratis.ContainerStateMachine.runCommand(ContainerStateMachine.java:354) ~[classes/:?]
	at org.apache.hadoop.ozone.container.common.transport.server.ratis.ContainerStateMachine.lambda$applyTransaction$5(ContainerStateMachine.java:621) ~[classes/:?]
	at java.util.concurrent.CompletableFuture$AsyncSupply.run(CompletableFuture.java:1590) [?:1.8.0_212]
	at java.util.concurrent.ThreadPoolExecutor.runWorker(ThreadPoolExecutor.java:1149) [?:1.8.0_212]
	at java.util.concurrent.ThreadPoolExecutor$Worker.run(ThreadPoolExecutor.java:624) [?:1.8.0_212]
	at java.lang.Thread.run(Thread.java:748) [?:1.8.0_212]
2019-06-18 00:55:53,435 INFO  impl.HddsDispatcher (ContainerUtils.java:logAndReturnError(146)) - Operation: WriteChunk : Trace ID: 3974d5b1880a6a5c:311b5dd01402ca1d:58f8532e89f57ae6:0 : Message: ContainerID 3 does not exist : Result: CONTAINER_NOT_FOUND
2019-06-18 00:55:53,441 ERROR storage.BlockOutputStream (BlockOutputStream.java:validateResponse(538)) - Unexpected Storage Container Exception: 
org.apache.hadoop.hdds.scm.container.common.helpers.StorageContainerException: ContainerID 3 does not exist
	at org.apache.hadoop.hdds.scm.storage.ContainerProtocolCalls.validateContainerResponse(ContainerProtocolCalls.java:536)
	at org.apache.hadoop.hdds.scm.storage.BlockOutputStream.validateResponse(BlockOutputStream.java:536)
	at org.apache.hadoop.hdds.scm.storage.BlockOutputStream.lambda$writeChunkToContainer$2(BlockOutputStream.java:614)
	at java.util.concurrent.CompletableFuture.uniApply(CompletableFuture.java:602)
	at java.util.concurrent.CompletableFuture$UniApply.tryFire(CompletableFuture.java:577)
	at java.util.concurrent.CompletableFuture$Completion.run(CompletableFuture.java:442)
	at java.util.concurrent.ThreadPoolExecutor.runWorker(ThreadPoolExecutor.java:1149)
	at java.util.concurrent.ThreadPoolExecutor$Worker.run(ThreadPoolExecutor.java:624)
	at java.lang.Thread.run(Thread.java:748)
00:55:53.442 [pool-30-thread-1] ERROR DNAudit - user=null | ip=null | op=PUT_BLOCK {blockData=[blockId=conID: 3 locID: 102289857145274570 bcsId: 0,size=10240]} | ret=FAILURE
org.apache.hadoop.hdds.scm.container.common.helpers.StorageContainerException: ContainerID 3 does not exist
	at org.apache.hadoop.ozone.container.common.impl.HddsDispatcher.dispatchRequest(HddsDispatcher.java:242) ~[classes/:?]
	at org.apache.hadoop.ozone.container.common.impl.HddsDispatcher.dispatch(HddsDispatcher.java:148) ~[classes/:?]
	at org.apache.hadoop.ozone.container.common.transport.server.ratis.ContainerStateMachine.dispatchCommand(ContainerStateMachine.java:347) ~[classes/:?]
	at org.apache.hadoop.ozone.container.common.transport.server.ratis.ContainerStateMachine.runCommand(ContainerStateMachine.java:354) ~[classes/:?]
	at org.apache.hadoop.ozone.container.common.transport.server.ratis.ContainerStateMachine.lambda$applyTransaction$5(ContainerStateMachine.java:621) ~[classes/:?]
	at java.util.concurrent.CompletableFuture$AsyncSupply.run(CompletableFuture.java:1590) [?:1.8.0_212]
	at java.util.concurrent.ThreadPoolExecutor.runWorker(ThreadPoolExecutor.java:1149) [?:1.8.0_212]
	at java.util.concurrent.ThreadPoolExecutor$Worker.run(ThreadPoolExecutor.java:624) [?:1.8.0_212]
	at java.lang.Thread.run(Thread.java:748) [?:1.8.0_212]
2019-06-18 00:55:53,442 INFO  impl.HddsDispatcher (ContainerUtils.java:logAndReturnError(146)) - Operation: PutBlock : Trace ID: 3974d5b1880a6a5c:23cae299d8a2fc1:58f8532e89f57ae6:0 : Message: ContainerID 3 does not exist : Result: CONTAINER_NOT_FOUND
00:55:53.450 [pool-51-thread-1] ERROR DNAudit - user=null | ip=null | op=PUT_BLOCK {blockData=[blockId=conID: 3 locID: 102289857145274570 bcsId: 0,size=10240]} | ret=FAILURE
org.apache.hadoop.hdds.scm.container.common.helpers.StorageContainerException: ContainerID 3 does not exist
	at org.apache.hadoop.ozone.container.common.impl.HddsDispatcher.dispatchRequest(HddsDispatcher.java:242) ~[classes/:?]
	at org.apache.hadoop.ozone.container.common.impl.HddsDispatcher.dispatch(HddsDispatcher.java:148) ~[classes/:?]
	at org.apache.hadoop.ozone.container.common.transport.server.ratis.ContainerStateMachine.dispatchCommand(ContainerStateMachine.java:347) ~[classes/:?]
	at org.apache.hadoop.ozone.container.common.transport.server.ratis.ContainerStateMachine.runCommand(ContainerStateMachine.java:354) ~[classes/:?]
	at org.apache.hadoop.ozone.container.common.transport.server.ratis.ContainerStateMachine.lambda$applyTransaction$5(ContainerStateMachine.java:621) ~[classes/:?]
	at java.util.concurrent.CompletableFuture$AsyncSupply.run(CompletableFuture.java:1590) [?:1.8.0_212]
	at java.util.concurrent.ThreadPoolExecutor.runWorker(ThreadPoolExecutor.java:1149) [?:1.8.0_212]
	at java.util.concurrent.ThreadPoolExecutor$Worker.run(ThreadPoolExecutor.java:624) [?:1.8.0_212]
	at java.lang.Thread.run(Thread.java:748) [?:1.8.0_212]
2019-06-18 00:55:53,450 INFO  impl.HddsDispatcher (ContainerUtils.java:logAndReturnError(146)) - Operation: PutBlock : Trace ID: 3974d5b1880a6a5c:23cae299d8a2fc1:58f8532e89f57ae6:0 : Message: ContainerID 3 does not exist : Result: CONTAINER_NOT_FOUND
2019-06-18 00:55:53,451 INFO  client.GrpcClientProtocolClient (GrpcClientProtocolClient.java:onNext(254)) - client-7D96FB2A9EE9->2d9c32cf-d138-46ed-86fe-555b0f222d66: receive RaftClientReply:client-7D96FB2A9EE9->2d9c32cf-d138-46ed-86fe-555b0f222d66@group-F789D1FF0E52, cid=286, SUCCESS, logIndex=410, commits[2d9c32cf-d138-46ed-86fe-555b0f222d66:c410, 7d41c113-78b8-42e0-973f-a2985e127fce:c408, 845dac45-d65a-40db-aa8d-9123cdf470a5:c409]
2019-06-18 00:55:53,473 INFO  client.GrpcClientProtocolClient (GrpcClientProtocolClient.java:onNext(254)) - client-7D96FB2A9EE9->2d9c32cf-d138-46ed-86fe-555b0f222d66: receive RaftClientReply:client-7D96FB2A9EE9->2d9c32cf-d138-46ed-86fe-555b0f222d66@group-F789D1FF0E52, cid=287, SUCCESS, logIndex=411, commits[2d9c32cf-d138-46ed-86fe-555b0f222d66:c412, 7d41c113-78b8-42e0-973f-a2985e127fce:c409, 845dac45-d65a-40db-aa8d-9123cdf470a5:c409]
00:55:53.474 [pool-72-thread-1] ERROR DNAudit - user=null | ip=null | op=PUT_BLOCK {blockData=[blockId=conID: 3 locID: 102289857145274570 bcsId: 0,size=10240]} | ret=FAILURE
org.apache.hadoop.hdds.scm.container.common.helpers.StorageContainerException: ContainerID 3 does not exist
	at org.apache.hadoop.ozone.container.common.impl.HddsDispatcher.dispatchRequest(HddsDispatcher.java:242) ~[classes/:?]
	at org.apache.hadoop.ozone.container.common.impl.HddsDispatcher.dispatch(HddsDispatcher.java:148) ~[classes/:?]
	at org.apache.hadoop.ozone.container.common.transport.server.ratis.ContainerStateMachine.dispatchCommand(ContainerStateMachine.java:347) ~[classes/:?]
	at org.apache.hadoop.ozone.container.common.transport.server.ratis.ContainerStateMachine.runCommand(ContainerStateMachine.java:354) ~[classes/:?]
	at org.apache.hadoop.ozone.container.common.transport.server.ratis.ContainerStateMachine.lambda$applyTransaction$5(ContainerStateMachine.java:621) ~[classes/:?]
	at java.util.concurrent.CompletableFuture$AsyncSupply.run(CompletableFuture.java:1590) [?:1.8.0_212]
	at java.util.concurrent.ThreadPoolExecutor.runWorker(ThreadPoolExecutor.java:1149) [?:1.8.0_212]
	at java.util.concurrent.ThreadPoolExecutor$Worker.run(ThreadPoolExecutor.java:624) [?:1.8.0_212]
	at java.lang.Thread.run(Thread.java:748) [?:1.8.0_212]
2019-06-18 00:55:53,474 INFO  impl.HddsDispatcher (ContainerUtils.java:logAndReturnError(146)) - Operation: PutBlock : Trace ID: 3974d5b1880a6a5c:23cae299d8a2fc1:58f8532e89f57ae6:0 : Message: ContainerID 3 does not exist : Result: CONTAINER_NOT_FOUND
2019-06-18 00:55:53,475 INFO  client.GrpcClientProtocolClient (GrpcClientProtocolClient.java:onNext(254)) - client-7D96FB2A9EE9->2d9c32cf-d138-46ed-86fe-555b0f222d66: receive RaftClientReply:client-7D96FB2A9EE9->2d9c32cf-d138-46ed-86fe-555b0f222d66@group-F789D1FF0E52, cid=288, SUCCESS, logIndex=412, commits[2d9c32cf-d138-46ed-86fe-555b0f222d66:c414, 7d41c113-78b8-42e0-973f-a2985e127fce:c409, 845dac45-d65a-40db-aa8d-9123cdf470a5:c412]
2019-06-18 00:55:53,480 ERROR freon.RandomKeyGenerator (RandomKeyGenerator.java:run(675)) - Exception while adding key: key-6-08778 in bucket: org.apache.hadoop.ozone.client.OzoneBucket@83b3dc4 of volume: org.apache.hadoop.ozone.client.OzoneVolume@ddbf95a.
java.io.IOException: Unexpected Storage Container Exception: org.apache.hadoop.hdds.scm.container.common.helpers.StorageContainerException: ContainerID 3 does not exist
	at org.apache.hadoop.hdds.scm.storage.BlockOutputStream.setIoException(BlockOutputStream.java:548)
	at org.apache.hadoop.hdds.scm.storage.BlockOutputStream.validateResponse(BlockOutputStream.java:539)
	at org.apache.hadoop.hdds.scm.storage.BlockOutputStream.lambda$writeChunkToContainer$2(BlockOutputStream.java:614)
	at java.util.concurrent.CompletableFuture.uniApply(CompletableFuture.java:602)
	at java.util.concurrent.CompletableFuture$UniApply.tryFire(CompletableFuture.java:577)
	at java.util.concurrent.CompletableFuture$Completion.run(CompletableFuture.java:442)
	at java.util.concurrent.ThreadPoolExecutor.runWorker(ThreadPoolExecutor.java:1149)
	at java.util.concurrent.ThreadPoolExecutor$Worker.run(ThreadPoolExecutor.java:624)
	at java.lang.Thread.run(Thread.java:748)
Caused by: org.apache.hadoop.hdds.scm.container.common.helpers.StorageContainerException: ContainerID 3 does not exist
	at org.apache.hadoop.hdds.scm.storage.ContainerProtocolCalls.validateContainerResponse(ContainerProtocolCalls.java:536)
	at org.apache.hadoop.hdds.scm.storage.BlockOutputStream.validateResponse(BlockOutputStream.java:536)
	... 7 more
2019-06-18 00:55:53,484 INFO  client.GrpcClientProtocolClient (GrpcClientProtocolClient.java:onNext(254)) - client-7D96FB2A9EE9->2d9c32cf-d138-46ed-86fe-555b0f222d66: receive RaftClientReply:client-7D96FB2A9EE9->2d9c32cf-d138-46ed-86fe-555b0f222d66@group-F789D1FF0E52, cid=289, SUCCESS, logIndex=0, commits[2d9c32cf-d138-46ed-86fe-555b0f222d66:c414, 7d41c113-78b8-42e0-973f-a2985e127fce:c412, 845dac45-d65a-40db-aa8d-9123cdf470a5:c412]
2019-06-18 00:55:53,491 INFO  client.GrpcClientProtocolClient (GrpcClientProtocolClient.java:onNext(254)) - client-7D96FB2A9EE9->2d9c32cf-d138-46ed-86fe-555b0f222d66: receive RaftClientReply:client-7D96FB2A9EE9->2d9c32cf-d138-46ed-86fe-555b0f222d66@group-F789D1FF0E52, cid=290, SUCCESS, logIndex=415, commits[2d9c32cf-d138-46ed-86fe-555b0f222d66:c415, 7d41c113-78b8-42e0-973f-a2985e127fce:c412, 845dac45-d65a-40db-aa8d-9123cdf470a5:c414]
2019-06-18 00:55:53,496 INFO  client.GrpcClientProtocolClient (GrpcClientProtocolClient.java:onNext(254)) - client-7D96FB2A9EE9->2d9c32cf-d138-46ed-86fe-555b0f222d66: receive RaftClientReply:client-7D96FB2A9EE9->2d9c32cf-d138-46ed-86fe-555b0f222d66@group-F789D1FF0E52, cid=291, SUCCESS, logIndex=417, commits[2d9c32cf-d138-46ed-86fe-555b0f222d66:c417, 7d41c113-78b8-42e0-973f-a2985e127fce:c415, 845dac45-d65a-40db-aa8d-9123cdf470a5:c414]
2019-06-18 00:55:53,498 INFO  keyvalue.KeyValueHandler (ContainerUtils.java:logAndReturnError(146)) - Operation: CreateContainer : Trace ID: 25204b9bcde0d01c:ee01d2c2450460e4:ec26c90a527af46:0 : Message: Container creation failed, due to disk out of space : Result: DISK_OUT_OF_SPACE
00:55:53.498 [pool-26-thread-37] ERROR DNAudit - user=null | ip=null | op=WRITE_CHUNK {blockData=conID: 3 locID: 102289857150648527 bcsId: 0} | ret=FAILURE
org.apache.hadoop.hdds.scm.container.common.helpers.StorageContainerException: ContainerID 3 creation failed
	at org.apache.hadoop.ozone.container.common.impl.HddsDispatcher.dispatchRequest(HddsDispatcher.java:227) ~[classes/:?]
	at org.apache.hadoop.ozone.container.common.impl.HddsDispatcher.dispatch(HddsDispatcher.java:148) ~[classes/:?]
	at org.apache.hadoop.ozone.container.common.transport.server.ratis.ContainerStateMachine.dispatchCommand(ContainerStateMachine.java:347) ~[classes/:?]
	at org.apache.hadoop.ozone.container.common.transport.server.ratis.ContainerStateMachine.runCommand(ContainerStateMachine.java:354) ~[classes/:?]
	at org.apache.hadoop.ozone.container.common.transport.server.ratis.ContainerStateMachine.lambda$handleWriteChunk$0(ContainerStateMachine.java:385) ~[classes/:?]
	at java.util.concurrent.CompletableFuture$AsyncSupply.run(CompletableFuture.java:1590) [?:1.8.0_212]
	at java.util.concurrent.ThreadPoolExecutor.runWorker(ThreadPoolExecutor.java:1149) [?:1.8.0_212]
	at java.util.concurrent.ThreadPoolExecutor$Worker.run(ThreadPoolExecutor.java:624) [?:1.8.0_212]
	at java.lang.Thread.run(Thread.java:748) [?:1.8.0_212]
2019-06-18 00:55:53,498 INFO  impl.HddsDispatcher (ContainerUtils.java:logAndReturnError(146)) - Operation: WriteChunk : Trace ID: 25204b9bcde0d01c:ee01d2c2450460e4:ec26c90a527af46:0 : Message: ContainerID 3 creation failed : Result: DISK_OUT_OF_SPACE
2019-06-18 00:55:53,499 INFO  keyvalue.KeyValueHandler (ContainerUtils.java:logAndReturnError(146)) - Operation: CreateContainer : Trace ID: 25204b9bcde0d01c:ee01d2c2450460e4:ec26c90a527af46:0 : Message: Container creation failed, due to disk out of space : Result: DISK_OUT_OF_SPACE
00:55:53.499 [pool-68-thread-50] ERROR DNAudit - user=null | ip=null | op=WRITE_CHUNK {blockData=conID: 3 locID: 102289857150648527 bcsId: 0} | ret=FAILURE
org.apache.hadoop.hdds.scm.container.common.helpers.StorageContainerException: ContainerID 3 creation failed
	at org.apache.hadoop.ozone.container.common.impl.HddsDispatcher.dispatchRequest(HddsDispatcher.java:227) ~[classes/:?]
	at org.apache.hadoop.ozone.container.common.impl.HddsDispatcher.dispatch(HddsDispatcher.java:148) ~[classes/:?]
	at org.apache.hadoop.ozone.container.common.transport.server.ratis.ContainerStateMachine.dispatchCommand(ContainerStateMachine.java:347) ~[classes/:?]
	at org.apache.hadoop.ozone.container.common.transport.server.ratis.ContainerStateMachine.runCommand(ContainerStateMachine.java:354) ~[classes/:?]
	at org.apache.hadoop.ozone.container.common.transport.server.ratis.ContainerStateMachine.lambda$handleWriteChunk$0(ContainerStateMachine.java:385) ~[classes/:?]
	at java.util.concurrent.CompletableFuture$AsyncSupply.run(CompletableFuture.java:1590) [?:1.8.0_212]
	at java.util.concurrent.ThreadPoolExecutor.runWorker(ThreadPoolExecutor.java:1149) [?:1.8.0_212]
	at java.util.concurrent.ThreadPoolExecutor$Worker.run(ThreadPoolExecutor.java:624) [?:1.8.0_212]
	at java.lang.Thread.run(Thread.java:748) [?:1.8.0_212]
2019-06-18 00:55:53,500 INFO  impl.HddsDispatcher (ContainerUtils.java:logAndReturnError(146)) - Operation: WriteChunk : Trace ID: 25204b9bcde0d01c:ee01d2c2450460e4:ec26c90a527af46:0 : Message: ContainerID 3 creation failed : Result: DISK_OUT_OF_SPACE
2019-06-18 00:55:53,500 INFO  keyvalue.KeyValueHandler (ContainerUtils.java:logAndReturnError(146)) - Operation: CreateContainer : Trace ID: 25204b9bcde0d01c:ee01d2c2450460e4:ec26c90a527af46:0 : Message: Container creation failed, due to disk out of space : Result: DISK_OUT_OF_SPACE
00:55:53.500 [pool-47-thread-50] ERROR DNAudit - user=null | ip=null | op=WRITE_CHUNK {blockData=conID: 3 locID: 102289857150648527 bcsId: 0} | ret=FAILURE
org.apache.hadoop.hdds.scm.container.common.helpers.StorageContainerException: ContainerID 3 creation failed
	at org.apache.hadoop.ozone.container.common.impl.HddsDispatcher.dispatchRequest(HddsDispatcher.java:227) ~[classes/:?]
	at org.apache.hadoop.ozone.container.common.impl.HddsDispatcher.dispatch(HddsDispatcher.java:148) ~[classes/:?]
	at org.apache.hadoop.ozone.container.common.transport.server.ratis.ContainerStateMachine.dispatchCommand(ContainerStateMachine.java:347) ~[classes/:?]
	at org.apache.hadoop.ozone.container.common.transport.server.ratis.ContainerStateMachine.runCommand(ContainerStateMachine.java:354) ~[classes/:?]
	at org.apache.hadoop.ozone.container.common.transport.server.ratis.ContainerStateMachine.lambda$handleWriteChunk$0(ContainerStateMachine.java:385) ~[classes/:?]
	at java.util.concurrent.CompletableFuture$AsyncSupply.run(CompletableFuture.java:1590) [?:1.8.0_212]
	at java.util.concurrent.ThreadPoolExecutor.runWorker(ThreadPoolExecutor.java:1149) [?:1.8.0_212]
	at java.util.concurrent.ThreadPoolExecutor$Worker.run(ThreadPoolExecutor.java:624) [?:1.8.0_212]
	at java.lang.Thread.run(Thread.java:748) [?:1.8.0_212]
2019-06-18 00:55:53,501 INFO  impl.HddsDispatcher (ContainerUtils.java:logAndReturnError(146)) - Operation: WriteChunk : Trace ID: 25204b9bcde0d01c:ee01d2c2450460e4:ec26c90a527af46:0 : Message: ContainerID 3 creation failed : Result: DISK_OUT_OF_SPACE
2019-06-18 00:55:53,505 INFO  client.GrpcClientProtocolClient (GrpcClientProtocolClient.java:onNext(254)) - client-7D96FB2A9EE9->2d9c32cf-d138-46ed-86fe-555b0f222d66: receive RaftClientReply:client-7D96FB2A9EE9->2d9c32cf-d138-46ed-86fe-555b0f222d66@group-F789D1FF0E52, cid=292, SUCCESS, logIndex=0, commits[2d9c32cf-d138-46ed-86fe-555b0f222d66:c418, 7d41c113-78b8-42e0-973f-a2985e127fce:c417, 845dac45-d65a-40db-aa8d-9123cdf470a5:c417]
00:55:53.505 [pool-30-thread-1] ERROR DNAudit - user=null | ip=null | op=WRITE_CHUNK {blockData=conID: 3 locID: 102289857150648527 bcsId: 0} | ret=FAILURE
org.apache.hadoop.hdds.scm.container.common.helpers.StorageContainerException: ContainerID 3 does not exist
	at org.apache.hadoop.ozone.container.common.impl.HddsDispatcher.dispatchRequest(HddsDispatcher.java:242) ~[classes/:?]
	at org.apache.hadoop.ozone.container.common.impl.HddsDispatcher.dispatch(HddsDispatcher.java:148) ~[classes/:?]
	at org.apache.hadoop.ozone.container.common.transport.server.ratis.ContainerStateMachine.dispatchCommand(ContainerStateMachine.java:347) ~[classes/:?]
	at org.apache.hadoop.ozone.container.common.transport.server.ratis.ContainerStateMachine.runCommand(ContainerStateMachine.java:354) ~[classes/:?]
	at org.apache.hadoop.ozone.container.common.transport.server.ratis.ContainerStateMachine.lambda$applyTransaction$5(ContainerStateMachine.java:621) ~[classes/:?]
	at java.util.concurrent.CompletableFuture$AsyncSupply.run(CompletableFuture.java:1590) [?:1.8.0_212]
	at java.util.concurrent.ThreadPoolExecutor.runWorker(ThreadPoolExecutor.java:1149) [?:1.8.0_212]
	at java.util.concurrent.ThreadPoolExecutor$Worker.run(ThreadPoolExecutor.java:624) [?:1.8.0_212]
	at java.lang.Thread.run(Thread.java:748) [?:1.8.0_212]
2019-06-18 00:55:53,505 INFO  impl.HddsDispatcher (ContainerUtils.java:logAndReturnError(146)) - Operation: WriteChunk : Trace ID: 25204b9bcde0d01c:ee01d2c2450460e4:ec26c90a527af46:0 : Message: ContainerID 3 does not exist : Result: CONTAINER_NOT_FOUND
00:55:53.506 [pool-72-thread-1] ERROR DNAudit - user=null | ip=null | op=WRITE_CHUNK {blockData=conID: 3 locID: 102289857150648527 bcsId: 0} | ret=FAILURE
org.apache.hadoop.hdds.scm.container.common.helpers.StorageContainerException: ContainerID 3 does not exist
	at org.apache.hadoop.ozone.container.common.impl.HddsDispatcher.dispatchRequest(HddsDispatcher.java:242) ~[classes/:?]
	at org.apache.hadoop.ozone.container.common.impl.HddsDispatcher.dispatch(HddsDispatcher.java:148) ~[classes/:?]
	at org.apache.hadoop.ozone.container.common.transport.server.ratis.ContainerStateMachine.dispatchCommand(ContainerStateMachine.java:347) ~[classes/:?]
	at org.apache.hadoop.ozone.container.common.transport.server.ratis.ContainerStateMachine.runCommand(ContainerStateMachine.java:354) ~[classes/:?]
	at org.apache.hadoop.ozone.container.common.transport.server.ratis.ContainerStateMachine.lambda$applyTransaction$5(ContainerStateMachine.java:621) ~[classes/:?]
	at java.util.concurrent.CompletableFuture$AsyncSupply.run(CompletableFuture.java:1590) [?:1.8.0_212]
	at java.util.concurrent.ThreadPoolExecutor.runWorker(ThreadPoolExecutor.java:1149) [?:1.8.0_212]
	at java.util.concurrent.ThreadPoolExecutor$Worker.run(ThreadPoolExecutor.java:624) [?:1.8.0_212]
	at java.lang.Thread.run(Thread.java:748) [?:1.8.0_212]
2019-06-18 00:55:53,506 INFO  impl.HddsDispatcher (ContainerUtils.java:logAndReturnError(146)) - Operation: WriteChunk : Trace ID: 25204b9bcde0d01c:ee01d2c2450460e4:ec26c90a527af46:0 : Message: ContainerID 3 does not exist : Result: CONTAINER_NOT_FOUND
00:55:53.506 [pool-51-thread-1] ERROR DNAudit - user=null | ip=null | op=WRITE_CHUNK {blockData=conID: 3 locID: 102289857150648527 bcsId: 0} | ret=FAILURE
org.apache.hadoop.hdds.scm.container.common.helpers.StorageContainerException: ContainerID 3 does not exist
	at org.apache.hadoop.ozone.container.common.impl.HddsDispatcher.dispatchRequest(HddsDispatcher.java:242) ~[classes/:?]
	at org.apache.hadoop.ozone.container.common.impl.HddsDispatcher.dispatch(HddsDispatcher.java:148) ~[classes/:?]
	at org.apache.hadoop.ozone.container.common.transport.server.ratis.ContainerStateMachine.dispatchCommand(ContainerStateMachine.java:347) ~[classes/:?]
	at org.apache.hadoop.ozone.container.common.transport.server.ratis.ContainerStateMachine.runCommand(ContainerStateMachine.java:354) ~[classes/:?]
	at org.apache.hadoop.ozone.container.common.transport.server.ratis.ContainerStateMachine.lambda$applyTransaction$5(ContainerStateMachine.java:621) ~[classes/:?]
	at java.util.concurrent.CompletableFuture$AsyncSupply.run(CompletableFuture.java:1590) [?:1.8.0_212]
	at java.util.concurrent.ThreadPoolExecutor.runWorker(ThreadPoolExecutor.java:1149) [?:1.8.0_212]
	at java.util.concurrent.ThreadPoolExecutor$Worker.run(ThreadPoolExecutor.java:624) [?:1.8.0_212]
	at java.lang.Thread.run(Thread.java:748) [?:1.8.0_212]
2019-06-18 00:55:53,506 INFO  impl.HddsDispatcher (ContainerUtils.java:logAndReturnError(146)) - Operation: WriteChunk : Trace ID: 25204b9bcde0d01c:ee01d2c2450460e4:ec26c90a527af46:0 : Message: ContainerID 3 does not exist : Result: CONTAINER_NOT_FOUND
2019-06-18 00:55:53,507 INFO  client.GrpcClientProtocolClient (GrpcClientProtocolClient.java:onNext(254)) - client-7D96FB2A9EE9->2d9c32cf-d138-46ed-86fe-555b0f222d66: receive RaftClientReply:client-7D96FB2A9EE9->2d9c32cf-d138-46ed-86fe-555b0f222d66@group-F789D1FF0E52, cid=293, SUCCESS, logIndex=419, commits[2d9c32cf-d138-46ed-86fe-555b0f222d66:c419, 7d41c113-78b8-42e0-973f-a2985e127fce:c418, 845dac45-d65a-40db-aa8d-9123cdf470a5:c418]
2019-06-18 00:55:53,507 ERROR storage.BlockOutputStream (BlockOutputStream.java:validateResponse(538)) - Unexpected Storage Container Exception: 
org.apache.hadoop.hdds.scm.container.common.helpers.StorageContainerException: ContainerID 3 does not exist
	at org.apache.hadoop.hdds.scm.storage.ContainerProtocolCalls.validateContainerResponse(ContainerProtocolCalls.java:536)
	at org.apache.hadoop.hdds.scm.storage.BlockOutputStream.validateResponse(BlockOutputStream.java:536)
	at org.apache.hadoop.hdds.scm.storage.BlockOutputStream.lambda$writeChunkToContainer$2(BlockOutputStream.java:614)
	at java.util.concurrent.CompletableFuture.uniApply(CompletableFuture.java:602)
	at java.util.concurrent.CompletableFuture$UniApply.tryFire(CompletableFuture.java:577)
	at java.util.concurrent.CompletableFuture$Completion.run(CompletableFuture.java:442)
	at java.util.concurrent.ThreadPoolExecutor.runWorker(ThreadPoolExecutor.java:1149)
	at java.util.concurrent.ThreadPoolExecutor$Worker.run(ThreadPoolExecutor.java:624)
	at java.lang.Thread.run(Thread.java:748)
00:55:53.511 [pool-30-thread-1] ERROR DNAudit - user=null | ip=null | op=PUT_BLOCK {blockData=[blockId=conID: 3 locID: 102289857150648527 bcsId: 0,size=10240]} | ret=FAILURE
org.apache.hadoop.hdds.scm.container.common.helpers.StorageContainerException: ContainerID 3 does not exist
	at org.apache.hadoop.ozone.container.common.impl.HddsDispatcher.dispatchRequest(HddsDispatcher.java:242) ~[classes/:?]
	at org.apache.hadoop.ozone.container.common.impl.HddsDispatcher.dispatch(HddsDispatcher.java:148) ~[classes/:?]
	at org.apache.hadoop.ozone.container.common.transport.server.ratis.ContainerStateMachine.dispatchCommand(ContainerStateMachine.java:347) ~[classes/:?]
	at org.apache.hadoop.ozone.container.common.transport.server.ratis.ContainerStateMachine.runCommand(ContainerStateMachine.java:354) ~[classes/:?]
	at org.apache.hadoop.ozone.container.common.transport.server.ratis.ContainerStateMachine.lambda$applyTransaction$5(ContainerStateMachine.java:621) ~[classes/:?]
	at java.util.concurrent.CompletableFuture$AsyncSupply.run(CompletableFuture.java:1590) [?:1.8.0_212]
	at java.util.concurrent.ThreadPoolExecutor.runWorker(ThreadPoolExecutor.java:1149) [?:1.8.0_212]
	at java.util.concurrent.ThreadPoolExecutor$Worker.run(ThreadPoolExecutor.java:624) [?:1.8.0_212]
	at java.lang.Thread.run(Thread.java:748) [?:1.8.0_212]
2019-06-18 00:55:53,511 INFO  impl.HddsDispatcher (ContainerUtils.java:logAndReturnError(146)) - Operation: PutBlock : Trace ID: 25204b9bcde0d01c:693d6936f3682125:ec26c90a527af46:0 : Message: ContainerID 3 does not exist : Result: CONTAINER_NOT_FOUND
00:55:53.518 [pool-72-thread-1] ERROR DNAudit - user=null | ip=null | op=PUT_BLOCK {blockData=[blockId=conID: 3 locID: 102289857150648527 bcsId: 0,size=10240]} | ret=FAILURE
org.apache.hadoop.hdds.scm.container.common.helpers.StorageContainerException: ContainerID 3 does not exist
	at org.apache.hadoop.ozone.container.common.impl.HddsDispatcher.dispatchRequest(HddsDispatcher.java:242) ~[classes/:?]
	at org.apache.hadoop.ozone.container.common.impl.HddsDispatcher.dispatch(HddsDispatcher.java:148) ~[classes/:?]
	at org.apache.hadoop.ozone.container.common.transport.server.ratis.ContainerStateMachine.dispatchCommand(ContainerStateMachine.java:347) ~[classes/:?]
	at org.apache.hadoop.ozone.container.common.transport.server.ratis.ContainerStateMachine.runCommand(ContainerStateMachine.java:354) ~[classes/:?]
	at org.apache.hadoop.ozone.container.common.transport.server.ratis.ContainerStateMachine.lambda$applyTransaction$5(ContainerStateMachine.java:621) ~[classes/:?]
	at java.util.concurrent.CompletableFuture$AsyncSupply.run(CompletableFuture.java:1590) [?:1.8.0_212]
	at java.util.concurrent.ThreadPoolExecutor.runWorker(ThreadPoolExecutor.java:1149) [?:1.8.0_212]
	at java.util.concurrent.ThreadPoolExecutor$Worker.run(ThreadPoolExecutor.java:624) [?:1.8.0_212]
	at java.lang.Thread.run(Thread.java:748) [?:1.8.0_212]
2019-06-18 00:55:53,518 INFO  impl.HddsDispatcher (ContainerUtils.java:logAndReturnError(146)) - Operation: PutBlock : Trace ID: 25204b9bcde0d01c:693d6936f3682125:ec26c90a527af46:0 : Message: ContainerID 3 does not exist : Result: CONTAINER_NOT_FOUND
2019-06-18 00:55:53,524 INFO  client.GrpcClientProtocolClient (GrpcClientProtocolClient.java:onNext(254)) - client-7D96FB2A9EE9->2d9c32cf-d138-46ed-86fe-555b0f222d66: receive RaftClientReply:client-7D96FB2A9EE9->2d9c32cf-d138-46ed-86fe-555b0f222d66@group-F789D1FF0E52, cid=294, SUCCESS, logIndex=421, commits[2d9c32cf-d138-46ed-86fe-555b0f222d66:c421, 7d41c113-78b8-42e0-973f-a2985e127fce:c419, 845dac45-d65a-40db-aa8d-9123cdf470a5:c419]
00:55:53.525 [pool-51-thread-1] ERROR DNAudit - user=null | ip=null | op=PUT_BLOCK {blockData=[blockId=conID: 3 locID: 102289857150648527 bcsId: 0,size=10240]} | ret=FAILURE
org.apache.hadoop.hdds.scm.container.common.helpers.StorageContainerException: ContainerID 3 does not exist
	at org.apache.hadoop.ozone.container.common.impl.HddsDispatcher.dispatchRequest(HddsDispatcher.java:242) ~[classes/:?]
	at org.apache.hadoop.ozone.container.common.impl.HddsDispatcher.dispatch(HddsDispatcher.java:148) ~[classes/:?]
	at org.apache.hadoop.ozone.container.common.transport.server.ratis.ContainerStateMachine.dispatchCommand(ContainerStateMachine.java:347) ~[classes/:?]
	at org.apache.hadoop.ozone.container.common.transport.server.ratis.ContainerStateMachine.runCommand(ContainerStateMachine.java:354) ~[classes/:?]
	at org.apache.hadoop.ozone.container.common.transport.server.ratis.ContainerStateMachine.lambda$applyTransaction$5(ContainerStateMachine.java:621) ~[classes/:?]
	at java.util.concurrent.CompletableFuture$AsyncSupply.run(CompletableFuture.java:1590) [?:1.8.0_212]
	at java.util.concurrent.ThreadPoolExecutor.runWorker(ThreadPoolExecutor.java:1149) [?:1.8.0_212]
	at java.util.concurrent.ThreadPoolExecutor$Worker.run(ThreadPoolExecutor.java:624) [?:1.8.0_212]
	at java.lang.Thread.run(Thread.java:748) [?:1.8.0_212]
2019-06-18 00:55:53,526 INFO  impl.HddsDispatcher (ContainerUtils.java:logAndReturnError(146)) - Operation: PutBlock : Trace ID: 25204b9bcde0d01c:693d6936f3682125:ec26c90a527af46:0 : Message: ContainerID 3 does not exist : Result: CONTAINER_NOT_FOUND
2019-06-18 00:55:53,531 ERROR freon.RandomKeyGenerator (RandomKeyGenerator.java:run(675)) - Exception while adding key: key-9-95209 in bucket: org.apache.hadoop.ozone.client.OzoneBucket@26681d4c of volume: org.apache.hadoop.ozone.client.OzoneVolume@4bda18b4.
java.io.IOException: Unexpected Storage Container Exception: org.apache.hadoop.hdds.scm.container.common.helpers.StorageContainerException: ContainerID 3 does not exist
	at org.apache.hadoop.hdds.scm.storage.BlockOutputStream.setIoException(BlockOutputStream.java:548)
	at org.apache.hadoop.hdds.scm.storage.BlockOutputStream.validateResponse(BlockOutputStream.java:539)
	at org.apache.hadoop.hdds.scm.storage.BlockOutputStream.lambda$writeChunkToContainer$2(BlockOutputStream.java:614)
	at java.util.concurrent.CompletableFuture.uniApply(CompletableFuture.java:602)
	at java.util.concurrent.CompletableFuture$UniApply.tryFire(CompletableFuture.java:577)
	at java.util.concurrent.CompletableFuture$Completion.run(CompletableFuture.java:442)
	at java.util.concurrent.ThreadPoolExecutor.runWorker(ThreadPoolExecutor.java:1149)
	at java.util.concurrent.ThreadPoolExecutor$Worker.run(ThreadPoolExecutor.java:624)
	at java.lang.Thread.run(Thread.java:748)
Caused by: org.apache.hadoop.hdds.scm.container.common.helpers.StorageContainerException: ContainerID 3 does not exist
	at org.apache.hadoop.hdds.scm.storage.ContainerProtocolCalls.validateContainerResponse(ContainerProtocolCalls.java:536)
	at org.apache.hadoop.hdds.scm.storage.BlockOutputStream.validateResponse(BlockOutputStream.java:536)
	... 7 more
2019-06-18 00:55:53,567 INFO  client.GrpcClientProtocolClient (GrpcClientProtocolClient.java:onNext(254)) - client-7D96FB2A9EE9->2d9c32cf-d138-46ed-86fe-555b0f222d66: receive RaftClientReply:client-7D96FB2A9EE9->2d9c32cf-d138-46ed-86fe-555b0f222d66@group-F789D1FF0E52, cid=295, SUCCESS, logIndex=423, commits[2d9c32cf-d138-46ed-86fe-555b0f222d66:c423, 7d41c113-78b8-42e0-973f-a2985e127fce:c422, 845dac45-d65a-40db-aa8d-9123cdf470a5:c422]
2019-06-18 00:55:53,573 INFO  client.GrpcClientProtocolClient (GrpcClientProtocolClient.java:onNext(254)) - client-7D96FB2A9EE9->2d9c32cf-d138-46ed-86fe-555b0f222d66: receive RaftClientReply:client-7D96FB2A9EE9->2d9c32cf-d138-46ed-86fe-555b0f222d66@group-F789D1FF0E52, cid=296, SUCCESS, logIndex=425, commits[2d9c32cf-d138-46ed-86fe-555b0f222d66:c425, 7d41c113-78b8-42e0-973f-a2985e127fce:c423, 845dac45-d65a-40db-aa8d-9123cdf470a5:c422]
2019-06-18 00:55:53,582 INFO  client.GrpcClientProtocolClient (GrpcClientProtocolClient.java:onNext(254)) - client-7D96FB2A9EE9->2d9c32cf-d138-46ed-86fe-555b0f222d66: receive RaftClientReply:client-7D96FB2A9EE9->2d9c32cf-d138-46ed-86fe-555b0f222d66@group-F789D1FF0E52, cid=297, SUCCESS, logIndex=0, commits[2d9c32cf-d138-46ed-86fe-555b0f222d66:c426, 7d41c113-78b8-42e0-973f-a2985e127fce:c425, 845dac45-d65a-40db-aa8d-9123cdf470a5:c425]
2019-06-18 00:55:53,605 INFO  client.GrpcClientProtocolClient (GrpcClientProtocolClient.java:onNext(254)) - client-7D96FB2A9EE9->2d9c32cf-d138-46ed-86fe-555b0f222d66: receive RaftClientReply:client-7D96FB2A9EE9->2d9c32cf-d138-46ed-86fe-555b0f222d66@group-F789D1FF0E52, cid=298, SUCCESS, logIndex=427, commits[2d9c32cf-d138-46ed-86fe-555b0f222d66:c427, 7d41c113-78b8-42e0-973f-a2985e127fce:c425, 845dac45-d65a-40db-aa8d-9123cdf470a5:c426]
2019-06-18 00:55:53,611 INFO  client.GrpcClientProtocolClient (GrpcClientProtocolClient.java:onNext(254)) - client-7D96FB2A9EE9->2d9c32cf-d138-46ed-86fe-555b0f222d66: receive RaftClientReply:client-7D96FB2A9EE9->2d9c32cf-d138-46ed-86fe-555b0f222d66@group-F789D1FF0E52, cid=299, SUCCESS, logIndex=429, commits[2d9c32cf-d138-46ed-86fe-555b0f222d66:c429, 7d41c113-78b8-42e0-973f-a2985e127fce:c426, 845dac45-d65a-40db-aa8d-9123cdf470a5:c427]
2019-06-18 00:55:53,616 INFO  client.GrpcClientProtocolClient (GrpcClientProtocolClient.java:onNext(254)) - client-7D96FB2A9EE9->2d9c32cf-d138-46ed-86fe-555b0f222d66: receive RaftClientReply:client-7D96FB2A9EE9->2d9c32cf-d138-46ed-86fe-555b0f222d66@group-F789D1FF0E52, cid=300, SUCCESS, logIndex=0, commits[2d9c32cf-d138-46ed-86fe-555b0f222d66:c430, 7d41c113-78b8-42e0-973f-a2985e127fce:c429, 845dac45-d65a-40db-aa8d-9123cdf470a5:c429]
 100.00% |█████████████████████████████████████████████████████████████████████████████████████████████████████|  100/100 Time: 0:00:08
]]></system-out>
  </testcase>
</testsuite>