<?xml version="1.0" encoding="UTF-8"?>
<testsuite xmlns:xsi="http://www.w3.org/2001/XMLSchema-instance" xsi:noNamespaceSchemaLocation="https://maven.apache.org/surefire/maven-surefire-plugin/xsd/surefire-test-report.xsd" name="org.apache.hadoop.ozone.freon.TestFreonWithPipelineDestroy" time="17.598" tests="1" errors="1" skipped="0" failures="0">
  <properties>
    <property name="awt.toolkit" value="sun.awt.X11.XToolkit"/>
    <property name="file.encoding.pkg" value="sun.io"/>
    <property name="java.specification.version" value="1.8"/>
    <property name="sun.cpu.isalist" value=""/>
    <property name="sun.jnu.encoding" value="UTF-8"/>
    <property name="java.class.path" value="/opt/src/hadoop-ozone/tools/target/test-classes:/opt/src/hadoop-ozone/tools/target/classes:/opt/src/hadoop-ozone/ozone-manager/target/classes:/opt/src/hadoop-hdds/docs/target/classes:/home/user/.m2/repository/org/bouncycastle/bcprov-jdk15on/1.60/bcprov-jdk15on-1.60.jar:/opt/src/hadoop-ozone/common/target/classes:/home/user/.m2/repository/org/apache/commons/commons-compress/1.4.1/commons-compress-1.4.1.jar:/home/user/.m2/repository/org/tukaani/xz/1.0/xz-1.0.jar:/home/user/.m2/repository/org/apache/hadoop/hadoop-hdfs-client/3.2.0/hadoop-hdfs-client-3.2.0.jar:/home/user/.m2/repository/com/fasterxml/jackson/core/jackson-annotations/2.9.5/jackson-annotations-2.9.5.jar:/opt/src/hadoop-hdds/common/target/classes:/opt/src/hadoop-hdds/config/target/classes:/home/user/.m2/repository/javax/annotation/javax.annotation-api/1.2/javax.annotation-api-1.2.jar:/home/user/.m2/repository/org/apache/ratis/ratis-server/0.4.0-fe2b15d-SNAPSHOT/ratis-server-0.4.0-fe2b15d-SNAPSHOT.jar:/home/user/.m2/repository/org/apache/ratis/ratis-thirdparty-misc/0.2.0/ratis-thirdparty-misc-0.2.0.jar:/home/user/.m2/repository/org/apache/ratis/ratis-proto/0.4.0-fe2b15d-SNAPSHOT/ratis-proto-0.4.0-fe2b15d-SNAPSHOT.jar:/home/user/.m2/repository/org/apache/ratis/ratis-common/0.4.0-fe2b15d-SNAPSHOT/ratis-common-0.4.0-fe2b15d-SNAPSHOT.jar:/home/user/.m2/repository/org/apache/ratis/ratis-client/0.4.0-fe2b15d-SNAPSHOT/ratis-client-0.4.0-fe2b15d-SNAPSHOT.jar:/home/user/.m2/repository/org/apache/ratis/ratis-netty/0.4.0-fe2b15d-SNAPSHOT/ratis-netty-0.4.0-fe2b15d-SNAPSHOT.jar:/home/user/.m2/repository/org/apache/ratis/ratis-grpc/0.4.0-fe2b15d-SNAPSHOT/ratis-grpc-0.4.0-fe2b15d-SNAPSHOT.jar:/home/user/.m2/repository/org/rocksdb/rocksdbjni/5.14.2/rocksdbjni-5.14.2.jar:/home/user/.m2/repository/org/apache/logging/log4j/log4j-api/2.11.0/log4j-api-2.11.0.jar:/home/user/.m2/repository/org/apache/logging/log4j/log4j-core/2.11.0/log4j-core-2.11.0.jar:/home/user/.m2/repository/com/lmax/disruptor/3.4.2/disruptor-3.4.2.jar:/home/user/.m2/repository/org/apache/commons/commons-pool2/2.6.0/commons-pool2-2.6.0.jar:/home/user/.m2/repository/org/bouncycastle/bcpkix-jdk15on/1.60/bcpkix-jdk15on-1.60.jar:/home/user/.m2/repository/commons-validator/commons-validator/1.6/commons-validator-1.6.jar:/home/user/.m2/repository/commons-digester/commons-digester/1.8.1/commons-digester-1.8.1.jar:/home/user/.m2/repository/io/jaegertracing/jaeger-client/0.33.1/jaeger-client-0.33.1.jar:/home/user/.m2/repository/io/jaegertracing/jaeger-thrift/0.33.1/jaeger-thrift-0.33.1.jar:/home/user/.m2/repository/org/apache/thrift/libthrift/0.11.0/libthrift-0.11.0.jar:/home/user/.m2/repository/com/squareup/okhttp3/okhttp/3.9.0/okhttp-3.9.0.jar:/home/user/.m2/repository/com/squareup/okio/okio/1.13.0/okio-1.13.0.jar:/home/user/.m2/repository/io/jaegertracing/jaeger-core/0.33.1/jaeger-core-0.33.1.jar:/home/user/.m2/repository/io/jaegertracing/jaeger-tracerresolver/0.33.1/jaeger-tracerresolver-0.33.1.jar:/home/user/.m2/repository/io/opentracing/contrib/opentracing-tracerresolver/0.1.5/opentracing-tracerresolver-0.1.5.jar:/home/user/.m2/repository/io/opentracing/opentracing-util/0.31.0/opentracing-util-0.31.0.jar:/home/user/.m2/repository/io/opentracing/opentracing-api/0.31.0/opentracing-api-0.31.0.jar:/home/user/.m2/repository/io/opentracing/opentracing-noop/0.31.0/opentracing-noop-0.31.0.jar:/home/user/.m2/repository/org/yaml/snakeyaml/1.16/snakeyaml-1.16.jar:/opt/src/hadoop-hdds/server-scm/target/classes:/home/user/.m2/repository/org/hamcrest/hamcrest-all/1.3/hamcrest-all-1.3.jar:/opt/src/hadoop-hdds/container-service/target/classes:/opt/src/hadoop-hdds/client/target/classes:/opt/src/hadoop-hdds/tools/target/classes:/home/user/.m2/repository/org/xerial/sqlite-jdbc/3.25.2/sqlite-jdbc-3.25.2.jar:/opt/src/hadoop-ozone/client/target/classes:/home/user/.m2/repository/org/apache/hadoop/hadoop-ozone-filesystem/0.5.0-SNAPSHOT/hadoop-ozone-filesystem-0.5.0-SNAPSHOT.jar:/opt/src/hadoop-hdds/framework/target/classes:/home/user/.m2/repository/info/picocli/picocli/3.9.6/picocli-3.9.6.jar:/home/user/.m2/repository/com/google/protobuf/protobuf-java/2.5.0/protobuf-java-2.5.0.jar:/home/user/.m2/repository/com/google/guava/guava/11.0.2/guava-11.0.2.jar:/home/user/.m2/repository/org/apache/hadoop/hadoop-common/3.2.0/hadoop-common-3.2.0.jar:/home/user/.m2/repository/org/apache/hadoop/hadoop-annotations/3.2.0/hadoop-annotations-3.2.0.jar:/usr/lib/jvm/java-1.8-openjdk/jre/../lib/tools.jar:/home/user/.m2/repository/commons-cli/commons-cli/1.2/commons-cli-1.2.jar:/home/user/.m2/repository/org/apache/commons/commons-math3/3.1.1/commons-math3-3.1.1.jar:/home/user/.m2/repository/org/apache/httpcomponents/httpclient/4.5.2/httpclient-4.5.2.jar:/home/user/.m2/repository/org/apache/httpcomponents/httpcore/4.4.4/httpcore-4.4.4.jar:/home/user/.m2/repository/commons-codec/commons-codec/1.11/commons-codec-1.11.jar:/home/user/.m2/repository/commons-io/commons-io/2.5/commons-io-2.5.jar:/home/user/.m2/repository/commons-net/commons-net/3.6/commons-net-3.6.jar:/home/user/.m2/repository/commons-collections/commons-collections/3.2.2/commons-collections-3.2.2.jar:/home/user/.m2/repository/javax/servlet/javax.servlet-api/3.1.0/javax.servlet-api-3.1.0.jar:/home/user/.m2/repository/org/eclipse/jetty/jetty-server/9.3.24.v20180605/jetty-server-9.3.24.v20180605.jar:/home/user/.m2/repository/org/eclipse/jetty/jetty-http/9.3.24.v20180605/jetty-http-9.3.24.v20180605.jar:/home/user/.m2/repository/org/eclipse/jetty/jetty-io/9.3.24.v20180605/jetty-io-9.3.24.v20180605.jar:/home/user/.m2/repository/org/eclipse/jetty/jetty-util/9.3.24.v20180605/jetty-util-9.3.24.v20180605.jar:/home/user/.m2/repository/org/eclipse/jetty/jetty-servlet/9.3.24.v20180605/jetty-servlet-9.3.24.v20180605.jar:/home/user/.m2/repository/org/eclipse/jetty/jetty-security/9.3.24.v20180605/jetty-security-9.3.24.v20180605.jar:/home/user/.m2/repository/org/eclipse/jetty/jetty-webapp/9.3.24.v20180605/jetty-webapp-9.3.24.v20180605.jar:/home/user/.m2/repository/org/eclipse/jetty/jetty-xml/9.3.24.v20180605/jetty-xml-9.3.24.v20180605.jar:/home/user/.m2/repository/javax/servlet/jsp/jsp-api/2.1/jsp-api-2.1.jar:/home/user/.m2/repository/com/sun/jersey/jersey-core/1.19/jersey-core-1.19.jar:/home/user/.m2/repository/javax/ws/rs/jsr311-api/1.1.1/jsr311-api-1.1.1.jar:/home/user/.m2/repository/com/sun/jersey/jersey-servlet/1.19/jersey-servlet-1.19.jar:/home/user/.m2/repository/com/sun/jersey/jersey-json/1.19/jersey-json-1.19.jar:/home/user/.m2/repository/org/codehaus/jettison/jettison/1.1/jettison-1.1.jar:/home/user/.m2/repository/com/sun/xml/bind/jaxb-impl/2.3.0.1/jaxb-impl-2.3.0.1.jar:/home/user/.m2/repository/org/codehaus/jackson/jackson-core-asl/1.9.13/jackson-core-asl-1.9.13.jar:/home/user/.m2/repository/org/codehaus/jackson/jackson-mapper-asl/1.9.13/jackson-mapper-asl-1.9.13.jar:/home/user/.m2/repository/org/codehaus/jackson/jackson-jaxrs/1.9.13/jackson-jaxrs-1.9.13.jar:/home/user/.m2/repository/org/codehaus/jackson/jackson-xc/1.9.13/jackson-xc-1.9.13.jar:/home/user/.m2/repository/com/sun/jersey/jersey-server/1.19/jersey-server-1.19.jar:/home/user/.m2/repository/commons-logging/commons-logging/1.1.3/commons-logging-1.1.3.jar:/home/user/.m2/repository/log4j/log4j/1.2.17/log4j-1.2.17.jar:/home/user/.m2/repository/commons-beanutils/commons-beanutils/1.9.3/commons-beanutils-1.9.3.jar:/home/user/.m2/repository/org/apache/commons/commons-configuration2/2.1.1/commons-configuration2-2.1.1.jar:/home/user/.m2/repository/org/apache/commons/commons-lang3/3.7/commons-lang3-3.7.jar:/home/user/.m2/repository/org/apache/commons/commons-text/1.4/commons-text-1.4.jar:/home/user/.m2/repository/org/slf4j/slf4j-api/1.7.25/slf4j-api-1.7.25.jar:/home/user/.m2/repository/org/slf4j/slf4j-log4j12/1.7.25/slf4j-log4j12-1.7.25.jar:/home/user/.m2/repository/org/apache/avro/avro/1.7.7/avro-1.7.7.jar:/home/user/.m2/repository/com/thoughtworks/paranamer/paranamer/2.3/paranamer-2.3.jar:/home/user/.m2/repository/org/xerial/snappy/snappy-java/1.0.5/snappy-java-1.0.5.jar:/home/user/.m2/repository/com/google/re2j/re2j/1.1/re2j-1.1.jar:/home/user/.m2/repository/com/google/code/gson/gson/2.2.4/gson-2.2.4.jar:/home/user/.m2/repository/org/apache/hadoop/hadoop-auth/3.2.0/hadoop-auth-3.2.0.jar:/home/user/.m2/repository/com/nimbusds/nimbus-jose-jwt/4.41.1/nimbus-jose-jwt-4.41.1.jar:/home/user/.m2/repository/com/github/stephenc/jcip/jcip-annotations/1.0-1/jcip-annotations-1.0-1.jar:/home/user/.m2/repository/net/minidev/json-smart/2.3/json-smart-2.3.jar:/home/user/.m2/repository/net/minidev/accessors-smart/1.2/accessors-smart-1.2.jar:/home/user/.m2/repository/org/apache/curator/curator-framework/2.12.0/curator-framework-2.12.0.jar:/home/user/.m2/repository/com/jcraft/jsch/0.1.54/jsch-0.1.54.jar:/home/user/.m2/repository/org/apache/curator/curator-client/2.12.0/curator-client-2.12.0.jar:/home/user/.m2/repository/org/apache/curator/curator-recipes/2.12.0/curator-recipes-2.12.0.jar:/home/user/.m2/repository/com/google/code/findbugs/jsr305/3.0.0/jsr305-3.0.0.jar:/home/user/.m2/repository/org/apache/htrace/htrace-core4/4.1.0-incubating/htrace-core4-4.1.0-incubating.jar:/home/user/.m2/repository/org/apache/zookeeper/zookeeper/3.4.13/zookeeper-3.4.13.jar:/home/user/.m2/repository/org/apache/yetus/audience-annotations/0.5.0/audience-annotations-0.5.0.jar:/home/user/.m2/repository/org/apache/kerby/kerb-simplekdc/1.0.1/kerb-simplekdc-1.0.1.jar:/home/user/.m2/repository/org/apache/kerby/kerb-client/1.0.1/kerb-client-1.0.1.jar:/home/user/.m2/repository/org/apache/kerby/kerby-config/1.0.1/kerby-config-1.0.1.jar:/home/user/.m2/repository/org/apache/kerby/kerb-core/1.0.1/kerb-core-1.0.1.jar:/home/user/.m2/repository/org/apache/kerby/kerby-pkix/1.0.1/kerby-pkix-1.0.1.jar:/home/user/.m2/repository/org/apache/kerby/kerby-asn1/1.0.1/kerby-asn1-1.0.1.jar:/home/user/.m2/repository/org/apache/kerby/kerby-util/1.0.1/kerby-util-1.0.1.jar:/home/user/.m2/repository/org/apache/kerby/kerb-common/1.0.1/kerb-common-1.0.1.jar:/home/user/.m2/repository/org/apache/kerby/kerb-crypto/1.0.1/kerb-crypto-1.0.1.jar:/home/user/.m2/repository/org/apache/kerby/kerb-util/1.0.1/kerb-util-1.0.1.jar:/home/user/.m2/repository/org/apache/kerby/token-provider/1.0.1/token-provider-1.0.1.jar:/home/user/.m2/repository/org/apache/kerby/kerb-admin/1.0.1/kerb-admin-1.0.1.jar:/home/user/.m2/repository/org/apache/kerby/kerb-server/1.0.1/kerb-server-1.0.1.jar:/home/user/.m2/repository/org/apache/kerby/kerb-identity/1.0.1/kerb-identity-1.0.1.jar:/home/user/.m2/repository/org/apache/kerby/kerby-xdr/1.0.1/kerby-xdr-1.0.1.jar:/home/user/.m2/repository/com/fasterxml/jackson/core/jackson-databind/2.9.5/jackson-databind-2.9.5.jar:/home/user/.m2/repository/com/fasterxml/jackson/core/jackson-core/2.9.5/jackson-core-2.9.5.jar:/home/user/.m2/repository/org/codehaus/woodstox/stax2-api/3.1.4/stax2-api-3.1.4.jar:/home/user/.m2/repository/com/fasterxml/woodstox/woodstox-core/5.0.3/woodstox-core-5.0.3.jar:/home/user/.m2/repository/dnsjava/dnsjava/2.1.7/dnsjava-2.1.7.jar:/home/user/.m2/repository/org/apache/hadoop/hadoop-hdfs/3.2.0/hadoop-hdfs-3.2.0.jar:/home/user/.m2/repository/org/eclipse/jetty/jetty-util-ajax/9.3.24.v20180605/jetty-util-ajax-9.3.24.v20180605.jar:/home/user/.m2/repository/commons-daemon/commons-daemon/1.0.13/commons-daemon-1.0.13.jar:/home/user/.m2/repository/io/netty/netty/3.10.5.Final/netty-3.10.5.Final.jar:/home/user/.m2/repository/io/netty/netty-all/4.0.52.Final/netty-all-4.0.52.Final.jar:/home/user/.m2/repository/org/fusesource/leveldbjni/leveldbjni-all/1.8/leveldbjni-all-1.8.jar:/home/user/.m2/repository/com/sun/xml/bind/jaxb-core/2.3.0.1/jaxb-core-2.3.0.1.jar:/home/user/.m2/repository/javax/xml/bind/jaxb-api/2.3.0/jaxb-api-2.3.0.jar:/home/user/.m2/repository/javax/activation/activation/1.1.1/activation-1.1.1.jar:/home/user/.m2/repository/io/dropwizard/metrics/metrics-core/3.2.4/metrics-core-3.2.4.jar:/home/user/.m2/repository/org/openjdk/jmh/jmh-core/1.19/jmh-core-1.19.jar:/home/user/.m2/repository/net/sf/jopt-simple/jopt-simple/4.6/jopt-simple-4.6.jar:/home/user/.m2/repository/org/openjdk/jmh/jmh-generator-annprocess/1.19/jmh-generator-annprocess-1.19.jar:/home/user/.m2/repository/com/google/code/findbugs/findbugs/3.0.1/findbugs-3.0.1.jar:/home/user/.m2/repository/net/jcip/jcip-annotations/1.0/jcip-annotations-1.0.jar:/home/user/.m2/repository/com/google/code/findbugs/bcel-findbugs/6.0/bcel-findbugs-6.0.jar:/home/user/.m2/repository/com/google/code/findbugs/jFormatString/2.0.1/jFormatString-2.0.1.jar:/home/user/.m2/repository/dom4j/dom4j/1.6.1/dom4j-1.6.1.jar:/home/user/.m2/repository/xml-apis/xml-apis/1.0.b2/xml-apis-1.0.b2.jar:/home/user/.m2/repository/org/ow2/asm/asm-debug-all/5.0.2/asm-debug-all-5.0.2.jar:/home/user/.m2/repository/org/ow2/asm/asm-commons/5.0.2/asm-commons-5.0.2.jar:/home/user/.m2/repository/org/ow2/asm/asm-tree/5.0.2/asm-tree-5.0.2.jar:/home/user/.m2/repository/org/ow2/asm/asm/5.0.4/asm-5.0.4.jar:/home/user/.m2/repository/commons-lang/commons-lang/2.6/commons-lang-2.6.jar:/home/user/.m2/repository/com/apple/AppleJavaExtensions/1.4/AppleJavaExtensions-1.4.jar:/home/user/.m2/repository/jaxen/jaxen/1.1.6/jaxen-1.1.6.jar:/home/user/.m2/repository/junit/junit/4.11/junit-4.11.jar:/home/user/.m2/repository/org/hamcrest/hamcrest-core/1.3/hamcrest-core-1.3.jar:/home/user/.m2/repository/org/apache/hadoop/hadoop-common/3.2.0/hadoop-common-3.2.0-tests.jar:/home/user/.m2/repository/org/apache/hadoop/hadoop-ozone-integration-test/0.5.0-SNAPSHOT/hadoop-ozone-integration-test-0.5.0-SNAPSHOT-tests.jar:/opt/src/hadoop-ozone/objectstore-service/target/classes:/opt/src/hadoop-ozone/s3gateway/target/classes:/home/user/.m2/repository/org/jboss/weld/servlet/weld-servlet/2.4.7.Final/weld-servlet-2.4.7.Final.jar:/home/user/.m2/repository/org/glassfish/jersey/containers/jersey-container-servlet-core/2.27/jersey-container-servlet-core-2.27.jar:/home/user/.m2/repository/org/glassfish/hk2/external/javax.inject/2.5.0-b42/javax.inject-2.5.0-b42.jar:/home/user/.m2/repository/org/glassfish/jersey/core/jersey-common/2.27/jersey-common-2.27.jar:/home/user/.m2/repository/org/glassfish/hk2/osgi-resource-locator/1.0.1/osgi-resource-locator-1.0.1.jar:/home/user/.m2/repository/javax/ws/rs/javax.ws.rs-api/2.1/javax.ws.rs-api-2.1.jar:/home/user/.m2/repository/org/glassfish/jersey/ext/cdi/jersey-cdi1x/2.27/jersey-cdi1x-2.27.jar:/home/user/.m2/repository/org/glassfish/jersey/inject/jersey-hk2/2.27/jersey-hk2-2.27.jar:/home/user/.m2/repository/org/glassfish/hk2/hk2-locator/2.5.0-b42/hk2-locator-2.5.0-b42.jar:/home/user/.m2/repository/org/javassist/javassist/3.22.0-CR2/javassist-3.22.0-CR2.jar:/home/user/.m2/repository/org/glassfish/hk2/hk2-api/2.5.0/hk2-api-2.5.0.jar:/home/user/.m2/repository/org/glassfish/hk2/external/jakarta.inject/2.5.0/jakarta.inject-2.5.0.jar:/home/user/.m2/repository/org/glassfish/hk2/hk2-utils/2.5.0/hk2-utils-2.5.0.jar:/home/user/.m2/repository/jakarta/annotation/jakarta.annotation-api/1.3.4/jakarta.annotation-api-1.3.4.jar:/home/user/.m2/repository/org/glassfish/hk2/external/aopalliance-repackaged/2.5.0/aopalliance-repackaged-2.5.0.jar:/home/user/.m2/repository/com/fasterxml/jackson/dataformat/jackson-dataformat-xml/2.9.0/jackson-dataformat-xml-2.9.0.jar:/home/user/.m2/repository/com/fasterxml/jackson/module/jackson-module-jaxb-annotations/2.9.5/jackson-module-jaxb-annotations-2.9.5.jar:/home/user/.m2/repository/javax/enterprise/cdi-api/1.2/cdi-api-1.2.jar:/home/user/.m2/repository/javax/el/javax.el-api/3.0.0/javax.el-api-3.0.0.jar:/home/user/.m2/repository/javax/interceptor/javax.interceptor-api/1.2/javax.interceptor-api-1.2.jar:/home/user/.m2/repository/javax/inject/javax.inject/1/javax.inject-1.jar:/opt/src/hadoop-ozone/csi/target/classes:/home/user/.m2/repository/com/google/protobuf/protobuf-java-util/3.5.1/protobuf-java-util-3.5.1.jar:/home/user/.m2/repository/io/grpc/grpc-netty/1.17.1/grpc-netty-1.17.1.jar:/home/user/.m2/repository/io/grpc/grpc-core/1.17.1/grpc-core-1.17.1.jar:/home/user/.m2/repository/io/grpc/grpc-context/1.17.1/grpc-context-1.17.1.jar:/home/user/.m2/repository/com/google/errorprone/error_prone_annotations/2.2.0/error_prone_annotations-2.2.0.jar:/home/user/.m2/repository/org/codehaus/mojo/animal-sniffer-annotations/1.17/animal-sniffer-annotations-1.17.jar:/home/user/.m2/repository/io/opencensus/opencensus-api/0.17.0/opencensus-api-0.17.0.jar:/home/user/.m2/repository/io/opencensus/opencensus-contrib-grpc-metrics/0.17.0/opencensus-contrib-grpc-metrics-0.17.0.jar:/home/user/.m2/repository/io/netty/netty-codec-http2/4.1.30.Final/netty-codec-http2-4.1.30.Final.jar:/home/user/.m2/repository/io/netty/netty-codec-http/4.1.30.Final/netty-codec-http-4.1.30.Final.jar:/home/user/.m2/repository/io/netty/netty-codec/4.1.30.Final/netty-codec-4.1.30.Final.jar:/home/user/.m2/repository/io/netty/netty-handler/4.1.30.Final/netty-handler-4.1.30.Final.jar:/home/user/.m2/repository/io/netty/netty-handler-proxy/4.1.30.Final/netty-handler-proxy-4.1.30.Final.jar:/home/user/.m2/repository/io/netty/netty-codec-socks/4.1.30.Final/netty-codec-socks-4.1.30.Final.jar:/home/user/.m2/repository/io/netty/netty-transport-native-epoll/4.1.30.Final/netty-transport-native-epoll-4.1.30.Final.jar:/home/user/.m2/repository/io/netty/netty-common/4.1.30.Final/netty-common-4.1.30.Final.jar:/home/user/.m2/repository/io/netty/netty-buffer/4.1.30.Final/netty-buffer-4.1.30.Final.jar:/home/user/.m2/repository/io/netty/netty-transport/4.1.30.Final/netty-transport-4.1.30.Final.jar:/home/user/.m2/repository/io/netty/netty-resolver/4.1.30.Final/netty-resolver-4.1.30.Final.jar:/home/user/.m2/repository/io/netty/netty-transport-native-unix-common/4.1.30.Final/netty-transport-native-unix-common-4.1.30.Final.jar:/home/user/.m2/repository/io/grpc/grpc-protobuf/1.17.1/grpc-protobuf-1.17.1.jar:/home/user/.m2/repository/com/google/api/grpc/proto-google-common-protos/1.0.0/proto-google-common-protos-1.0.0.jar:/home/user/.m2/repository/io/grpc/grpc-protobuf-lite/1.17.1/grpc-protobuf-lite-1.17.1.jar:/home/user/.m2/repository/io/grpc/grpc-stub/1.17.1/grpc-stub-1.17.1.jar:/opt/src/hadoop-ozone/ozone-recon/target/classes:/opt/src/hadoop-ozone/ozone-recon-codegen/target/classes:/home/user/.m2/repository/com/google/inject/extensions/guice-multibindings/4.0/guice-multibindings-4.0.jar:/home/user/.m2/repository/com/google/inject/guice/4.0/guice-4.0.jar:/home/user/.m2/repository/aopalliance/aopalliance/1.0/aopalliance-1.0.jar:/home/user/.m2/repository/com/google/inject/extensions/guice-servlet/4.0/guice-servlet-4.0.jar:/home/user/.m2/repository/org/glassfish/jersey/containers/jersey-container-servlet/2.27/jersey-container-servlet-2.27.jar:/home/user/.m2/repository/org/glassfish/hk2/guice-bridge/2.5.0/guice-bridge-2.5.0.jar:/home/user/.m2/repository/org/glassfish/jersey/core/jersey-server/2.27/jersey-server-2.27.jar:/home/user/.m2/repository/org/glassfish/jersey/core/jersey-client/2.27/jersey-client-2.27.jar:/home/user/.m2/repository/org/glassfish/jersey/media/jersey-media-jaxb/2.27/jersey-media-jaxb-2.27.jar:/home/user/.m2/repository/javax/validation/validation-api/1.1.0.Final/validation-api-1.1.0.Final.jar:/home/user/.m2/repository/org/glassfish/jersey/media/jersey-media-json-jackson/2.27/jersey-media-json-jackson-2.27.jar:/home/user/.m2/repository/org/glassfish/jersey/ext/jersey-entity-filtering/2.27/jersey-entity-filtering-2.27.jar:/home/user/.m2/repository/com/google/inject/extensions/guice-assistedinject/4.0/guice-assistedinject-4.0.jar:/home/user/.m2/repository/org/jooq/jooq/3.11.10/jooq-3.11.10.jar:/home/user/.m2/repository/org/jooq/jooq-meta/3.11.10/jooq-meta-3.11.10.jar:/home/user/.m2/repository/org/jooq/jooq-codegen/3.11.10/jooq-codegen-3.11.10.jar:/home/user/.m2/repository/com/jolbox/bonecp/0.8.0.RELEASE/bonecp-0.8.0.RELEASE.jar:/home/user/.m2/repository/org/springframework/spring-jdbc/5.1.3.RELEASE/spring-jdbc-5.1.3.RELEASE.jar:/home/user/.m2/repository/org/springframework/spring-beans/5.1.3.RELEASE/spring-beans-5.1.3.RELEASE.jar:/home/user/.m2/repository/org/springframework/spring-core/5.1.3.RELEASE/spring-core-5.1.3.RELEASE.jar:/home/user/.m2/repository/org/springframework/spring-jcl/5.1.3.RELEASE/spring-jcl-5.1.3.RELEASE.jar:/home/user/.m2/repository/org/springframework/spring-tx/5.1.3.RELEASE/spring-tx-5.1.3.RELEASE.jar:/home/user/.m2/repository/org/mockito/mockito-core/2.15.0/mockito-core-2.15.0.jar:/home/user/.m2/repository/net/bytebuddy/byte-buddy/1.7.9/byte-buddy-1.7.9.jar:/home/user/.m2/repository/net/bytebuddy/byte-buddy-agent/1.7.9/byte-buddy-agent-1.7.9.jar:/home/user/.m2/repository/org/objenesis/objenesis/1.0/objenesis-1.0.jar:"/>
    <property name="java.vm.vendor" value="IcedTea"/>
    <property name="sun.arch.data.model" value="64"/>
    <property name="test.build.dir" value="/opt/src/hadoop-ozone/tools/target/test-dir"/>
    <property name="test.cache.data" value=""/>
    <property name="java.vendor.url" value="https://icedtea.classpath.org"/>
    <property name="user.timezone" value=""/>
    <property name="java.vm.specification.version" value="1.8"/>
    <property name="os.name" value="Linux"/>
    <property name="test.build.data" value="/opt/src/hadoop-ozone/tools/target/test-dir"/>
    <property name="user.country" value="US"/>
    <property name="sun.java.launcher" value="SUN_STANDARD"/>
    <property name="sun.boot.library.path" value="/usr/lib/jvm/java-1.8-openjdk/jre/lib/amd64"/>
    <property name="sun.java.command" value="/opt/src/hadoop-ozone/tools/target/surefire/surefirebooter8697769064514323382.jar /opt/src/hadoop-ozone/tools/target/surefire 2019-06-18T00-50-21_066-jvmRun1 surefire7078474129815256920tmp surefire_89677612340413438054tmp"/>
    <property name="surefire.test.class.path" value="/opt/src/hadoop-ozone/tools/target/test-classes:/opt/src/hadoop-ozone/tools/target/classes:/opt/src/hadoop-ozone/ozone-manager/target/classes:/opt/src/hadoop-hdds/docs/target/classes:/home/user/.m2/repository/org/bouncycastle/bcprov-jdk15on/1.60/bcprov-jdk15on-1.60.jar:/opt/src/hadoop-ozone/common/target/classes:/home/user/.m2/repository/org/apache/commons/commons-compress/1.4.1/commons-compress-1.4.1.jar:/home/user/.m2/repository/org/tukaani/xz/1.0/xz-1.0.jar:/home/user/.m2/repository/org/apache/hadoop/hadoop-hdfs-client/3.2.0/hadoop-hdfs-client-3.2.0.jar:/home/user/.m2/repository/com/fasterxml/jackson/core/jackson-annotations/2.9.5/jackson-annotations-2.9.5.jar:/opt/src/hadoop-hdds/common/target/classes:/opt/src/hadoop-hdds/config/target/classes:/home/user/.m2/repository/javax/annotation/javax.annotation-api/1.2/javax.annotation-api-1.2.jar:/home/user/.m2/repository/org/apache/ratis/ratis-server/0.4.0-fe2b15d-SNAPSHOT/ratis-server-0.4.0-fe2b15d-SNAPSHOT.jar:/home/user/.m2/repository/org/apache/ratis/ratis-thirdparty-misc/0.2.0/ratis-thirdparty-misc-0.2.0.jar:/home/user/.m2/repository/org/apache/ratis/ratis-proto/0.4.0-fe2b15d-SNAPSHOT/ratis-proto-0.4.0-fe2b15d-SNAPSHOT.jar:/home/user/.m2/repository/org/apache/ratis/ratis-common/0.4.0-fe2b15d-SNAPSHOT/ratis-common-0.4.0-fe2b15d-SNAPSHOT.jar:/home/user/.m2/repository/org/apache/ratis/ratis-client/0.4.0-fe2b15d-SNAPSHOT/ratis-client-0.4.0-fe2b15d-SNAPSHOT.jar:/home/user/.m2/repository/org/apache/ratis/ratis-netty/0.4.0-fe2b15d-SNAPSHOT/ratis-netty-0.4.0-fe2b15d-SNAPSHOT.jar:/home/user/.m2/repository/org/apache/ratis/ratis-grpc/0.4.0-fe2b15d-SNAPSHOT/ratis-grpc-0.4.0-fe2b15d-SNAPSHOT.jar:/home/user/.m2/repository/org/rocksdb/rocksdbjni/5.14.2/rocksdbjni-5.14.2.jar:/home/user/.m2/repository/org/apache/logging/log4j/log4j-api/2.11.0/log4j-api-2.11.0.jar:/home/user/.m2/repository/org/apache/logging/log4j/log4j-core/2.11.0/log4j-core-2.11.0.jar:/home/user/.m2/repository/com/lmax/disruptor/3.4.2/disruptor-3.4.2.jar:/home/user/.m2/repository/org/apache/commons/commons-pool2/2.6.0/commons-pool2-2.6.0.jar:/home/user/.m2/repository/org/bouncycastle/bcpkix-jdk15on/1.60/bcpkix-jdk15on-1.60.jar:/home/user/.m2/repository/commons-validator/commons-validator/1.6/commons-validator-1.6.jar:/home/user/.m2/repository/commons-digester/commons-digester/1.8.1/commons-digester-1.8.1.jar:/home/user/.m2/repository/io/jaegertracing/jaeger-client/0.33.1/jaeger-client-0.33.1.jar:/home/user/.m2/repository/io/jaegertracing/jaeger-thrift/0.33.1/jaeger-thrift-0.33.1.jar:/home/user/.m2/repository/org/apache/thrift/libthrift/0.11.0/libthrift-0.11.0.jar:/home/user/.m2/repository/com/squareup/okhttp3/okhttp/3.9.0/okhttp-3.9.0.jar:/home/user/.m2/repository/com/squareup/okio/okio/1.13.0/okio-1.13.0.jar:/home/user/.m2/repository/io/jaegertracing/jaeger-core/0.33.1/jaeger-core-0.33.1.jar:/home/user/.m2/repository/io/jaegertracing/jaeger-tracerresolver/0.33.1/jaeger-tracerresolver-0.33.1.jar:/home/user/.m2/repository/io/opentracing/contrib/opentracing-tracerresolver/0.1.5/opentracing-tracerresolver-0.1.5.jar:/home/user/.m2/repository/io/opentracing/opentracing-util/0.31.0/opentracing-util-0.31.0.jar:/home/user/.m2/repository/io/opentracing/opentracing-api/0.31.0/opentracing-api-0.31.0.jar:/home/user/.m2/repository/io/opentracing/opentracing-noop/0.31.0/opentracing-noop-0.31.0.jar:/home/user/.m2/repository/org/yaml/snakeyaml/1.16/snakeyaml-1.16.jar:/opt/src/hadoop-hdds/server-scm/target/classes:/home/user/.m2/repository/org/hamcrest/hamcrest-all/1.3/hamcrest-all-1.3.jar:/opt/src/hadoop-hdds/container-service/target/classes:/opt/src/hadoop-hdds/client/target/classes:/opt/src/hadoop-hdds/tools/target/classes:/home/user/.m2/repository/org/xerial/sqlite-jdbc/3.25.2/sqlite-jdbc-3.25.2.jar:/opt/src/hadoop-ozone/client/target/classes:/home/user/.m2/repository/org/apache/hadoop/hadoop-ozone-filesystem/0.5.0-SNAPSHOT/hadoop-ozone-filesystem-0.5.0-SNAPSHOT.jar:/opt/src/hadoop-hdds/framework/target/classes:/home/user/.m2/repository/info/picocli/picocli/3.9.6/picocli-3.9.6.jar:/home/user/.m2/repository/com/google/protobuf/protobuf-java/2.5.0/protobuf-java-2.5.0.jar:/home/user/.m2/repository/com/google/guava/guava/11.0.2/guava-11.0.2.jar:/home/user/.m2/repository/org/apache/hadoop/hadoop-common/3.2.0/hadoop-common-3.2.0.jar:/home/user/.m2/repository/org/apache/hadoop/hadoop-annotations/3.2.0/hadoop-annotations-3.2.0.jar:/usr/lib/jvm/java-1.8-openjdk/jre/../lib/tools.jar:/home/user/.m2/repository/commons-cli/commons-cli/1.2/commons-cli-1.2.jar:/home/user/.m2/repository/org/apache/commons/commons-math3/3.1.1/commons-math3-3.1.1.jar:/home/user/.m2/repository/org/apache/httpcomponents/httpclient/4.5.2/httpclient-4.5.2.jar:/home/user/.m2/repository/org/apache/httpcomponents/httpcore/4.4.4/httpcore-4.4.4.jar:/home/user/.m2/repository/commons-codec/commons-codec/1.11/commons-codec-1.11.jar:/home/user/.m2/repository/commons-io/commons-io/2.5/commons-io-2.5.jar:/home/user/.m2/repository/commons-net/commons-net/3.6/commons-net-3.6.jar:/home/user/.m2/repository/commons-collections/commons-collections/3.2.2/commons-collections-3.2.2.jar:/home/user/.m2/repository/javax/servlet/javax.servlet-api/3.1.0/javax.servlet-api-3.1.0.jar:/home/user/.m2/repository/org/eclipse/jetty/jetty-server/9.3.24.v20180605/jetty-server-9.3.24.v20180605.jar:/home/user/.m2/repository/org/eclipse/jetty/jetty-http/9.3.24.v20180605/jetty-http-9.3.24.v20180605.jar:/home/user/.m2/repository/org/eclipse/jetty/jetty-io/9.3.24.v20180605/jetty-io-9.3.24.v20180605.jar:/home/user/.m2/repository/org/eclipse/jetty/jetty-util/9.3.24.v20180605/jetty-util-9.3.24.v20180605.jar:/home/user/.m2/repository/org/eclipse/jetty/jetty-servlet/9.3.24.v20180605/jetty-servlet-9.3.24.v20180605.jar:/home/user/.m2/repository/org/eclipse/jetty/jetty-security/9.3.24.v20180605/jetty-security-9.3.24.v20180605.jar:/home/user/.m2/repository/org/eclipse/jetty/jetty-webapp/9.3.24.v20180605/jetty-webapp-9.3.24.v20180605.jar:/home/user/.m2/repository/org/eclipse/jetty/jetty-xml/9.3.24.v20180605/jetty-xml-9.3.24.v20180605.jar:/home/user/.m2/repository/javax/servlet/jsp/jsp-api/2.1/jsp-api-2.1.jar:/home/user/.m2/repository/com/sun/jersey/jersey-core/1.19/jersey-core-1.19.jar:/home/user/.m2/repository/javax/ws/rs/jsr311-api/1.1.1/jsr311-api-1.1.1.jar:/home/user/.m2/repository/com/sun/jersey/jersey-servlet/1.19/jersey-servlet-1.19.jar:/home/user/.m2/repository/com/sun/jersey/jersey-json/1.19/jersey-json-1.19.jar:/home/user/.m2/repository/org/codehaus/jettison/jettison/1.1/jettison-1.1.jar:/home/user/.m2/repository/com/sun/xml/bind/jaxb-impl/2.3.0.1/jaxb-impl-2.3.0.1.jar:/home/user/.m2/repository/org/codehaus/jackson/jackson-core-asl/1.9.13/jackson-core-asl-1.9.13.jar:/home/user/.m2/repository/org/codehaus/jackson/jackson-mapper-asl/1.9.13/jackson-mapper-asl-1.9.13.jar:/home/user/.m2/repository/org/codehaus/jackson/jackson-jaxrs/1.9.13/jackson-jaxrs-1.9.13.jar:/home/user/.m2/repository/org/codehaus/jackson/jackson-xc/1.9.13/jackson-xc-1.9.13.jar:/home/user/.m2/repository/com/sun/jersey/jersey-server/1.19/jersey-server-1.19.jar:/home/user/.m2/repository/commons-logging/commons-logging/1.1.3/commons-logging-1.1.3.jar:/home/user/.m2/repository/log4j/log4j/1.2.17/log4j-1.2.17.jar:/home/user/.m2/repository/commons-beanutils/commons-beanutils/1.9.3/commons-beanutils-1.9.3.jar:/home/user/.m2/repository/org/apache/commons/commons-configuration2/2.1.1/commons-configuration2-2.1.1.jar:/home/user/.m2/repository/org/apache/commons/commons-lang3/3.7/commons-lang3-3.7.jar:/home/user/.m2/repository/org/apache/commons/commons-text/1.4/commons-text-1.4.jar:/home/user/.m2/repository/org/slf4j/slf4j-api/1.7.25/slf4j-api-1.7.25.jar:/home/user/.m2/repository/org/slf4j/slf4j-log4j12/1.7.25/slf4j-log4j12-1.7.25.jar:/home/user/.m2/repository/org/apache/avro/avro/1.7.7/avro-1.7.7.jar:/home/user/.m2/repository/com/thoughtworks/paranamer/paranamer/2.3/paranamer-2.3.jar:/home/user/.m2/repository/org/xerial/snappy/snappy-java/1.0.5/snappy-java-1.0.5.jar:/home/user/.m2/repository/com/google/re2j/re2j/1.1/re2j-1.1.jar:/home/user/.m2/repository/com/google/code/gson/gson/2.2.4/gson-2.2.4.jar:/home/user/.m2/repository/org/apache/hadoop/hadoop-auth/3.2.0/hadoop-auth-3.2.0.jar:/home/user/.m2/repository/com/nimbusds/nimbus-jose-jwt/4.41.1/nimbus-jose-jwt-4.41.1.jar:/home/user/.m2/repository/com/github/stephenc/jcip/jcip-annotations/1.0-1/jcip-annotations-1.0-1.jar:/home/user/.m2/repository/net/minidev/json-smart/2.3/json-smart-2.3.jar:/home/user/.m2/repository/net/minidev/accessors-smart/1.2/accessors-smart-1.2.jar:/home/user/.m2/repository/org/apache/curator/curator-framework/2.12.0/curator-framework-2.12.0.jar:/home/user/.m2/repository/com/jcraft/jsch/0.1.54/jsch-0.1.54.jar:/home/user/.m2/repository/org/apache/curator/curator-client/2.12.0/curator-client-2.12.0.jar:/home/user/.m2/repository/org/apache/curator/curator-recipes/2.12.0/curator-recipes-2.12.0.jar:/home/user/.m2/repository/com/google/code/findbugs/jsr305/3.0.0/jsr305-3.0.0.jar:/home/user/.m2/repository/org/apache/htrace/htrace-core4/4.1.0-incubating/htrace-core4-4.1.0-incubating.jar:/home/user/.m2/repository/org/apache/zookeeper/zookeeper/3.4.13/zookeeper-3.4.13.jar:/home/user/.m2/repository/org/apache/yetus/audience-annotations/0.5.0/audience-annotations-0.5.0.jar:/home/user/.m2/repository/org/apache/kerby/kerb-simplekdc/1.0.1/kerb-simplekdc-1.0.1.jar:/home/user/.m2/repository/org/apache/kerby/kerb-client/1.0.1/kerb-client-1.0.1.jar:/home/user/.m2/repository/org/apache/kerby/kerby-config/1.0.1/kerby-config-1.0.1.jar:/home/user/.m2/repository/org/apache/kerby/kerb-core/1.0.1/kerb-core-1.0.1.jar:/home/user/.m2/repository/org/apache/kerby/kerby-pkix/1.0.1/kerby-pkix-1.0.1.jar:/home/user/.m2/repository/org/apache/kerby/kerby-asn1/1.0.1/kerby-asn1-1.0.1.jar:/home/user/.m2/repository/org/apache/kerby/kerby-util/1.0.1/kerby-util-1.0.1.jar:/home/user/.m2/repository/org/apache/kerby/kerb-common/1.0.1/kerb-common-1.0.1.jar:/home/user/.m2/repository/org/apache/kerby/kerb-crypto/1.0.1/kerb-crypto-1.0.1.jar:/home/user/.m2/repository/org/apache/kerby/kerb-util/1.0.1/kerb-util-1.0.1.jar:/home/user/.m2/repository/org/apache/kerby/token-provider/1.0.1/token-provider-1.0.1.jar:/home/user/.m2/repository/org/apache/kerby/kerb-admin/1.0.1/kerb-admin-1.0.1.jar:/home/user/.m2/repository/org/apache/kerby/kerb-server/1.0.1/kerb-server-1.0.1.jar:/home/user/.m2/repository/org/apache/kerby/kerb-identity/1.0.1/kerb-identity-1.0.1.jar:/home/user/.m2/repository/org/apache/kerby/kerby-xdr/1.0.1/kerby-xdr-1.0.1.jar:/home/user/.m2/repository/com/fasterxml/jackson/core/jackson-databind/2.9.5/jackson-databind-2.9.5.jar:/home/user/.m2/repository/com/fasterxml/jackson/core/jackson-core/2.9.5/jackson-core-2.9.5.jar:/home/user/.m2/repository/org/codehaus/woodstox/stax2-api/3.1.4/stax2-api-3.1.4.jar:/home/user/.m2/repository/com/fasterxml/woodstox/woodstox-core/5.0.3/woodstox-core-5.0.3.jar:/home/user/.m2/repository/dnsjava/dnsjava/2.1.7/dnsjava-2.1.7.jar:/home/user/.m2/repository/org/apache/hadoop/hadoop-hdfs/3.2.0/hadoop-hdfs-3.2.0.jar:/home/user/.m2/repository/org/eclipse/jetty/jetty-util-ajax/9.3.24.v20180605/jetty-util-ajax-9.3.24.v20180605.jar:/home/user/.m2/repository/commons-daemon/commons-daemon/1.0.13/commons-daemon-1.0.13.jar:/home/user/.m2/repository/io/netty/netty/3.10.5.Final/netty-3.10.5.Final.jar:/home/user/.m2/repository/io/netty/netty-all/4.0.52.Final/netty-all-4.0.52.Final.jar:/home/user/.m2/repository/org/fusesource/leveldbjni/leveldbjni-all/1.8/leveldbjni-all-1.8.jar:/home/user/.m2/repository/com/sun/xml/bind/jaxb-core/2.3.0.1/jaxb-core-2.3.0.1.jar:/home/user/.m2/repository/javax/xml/bind/jaxb-api/2.3.0/jaxb-api-2.3.0.jar:/home/user/.m2/repository/javax/activation/activation/1.1.1/activation-1.1.1.jar:/home/user/.m2/repository/io/dropwizard/metrics/metrics-core/3.2.4/metrics-core-3.2.4.jar:/home/user/.m2/repository/org/openjdk/jmh/jmh-core/1.19/jmh-core-1.19.jar:/home/user/.m2/repository/net/sf/jopt-simple/jopt-simple/4.6/jopt-simple-4.6.jar:/home/user/.m2/repository/org/openjdk/jmh/jmh-generator-annprocess/1.19/jmh-generator-annprocess-1.19.jar:/home/user/.m2/repository/com/google/code/findbugs/findbugs/3.0.1/findbugs-3.0.1.jar:/home/user/.m2/repository/net/jcip/jcip-annotations/1.0/jcip-annotations-1.0.jar:/home/user/.m2/repository/com/google/code/findbugs/bcel-findbugs/6.0/bcel-findbugs-6.0.jar:/home/user/.m2/repository/com/google/code/findbugs/jFormatString/2.0.1/jFormatString-2.0.1.jar:/home/user/.m2/repository/dom4j/dom4j/1.6.1/dom4j-1.6.1.jar:/home/user/.m2/repository/xml-apis/xml-apis/1.0.b2/xml-apis-1.0.b2.jar:/home/user/.m2/repository/org/ow2/asm/asm-debug-all/5.0.2/asm-debug-all-5.0.2.jar:/home/user/.m2/repository/org/ow2/asm/asm-commons/5.0.2/asm-commons-5.0.2.jar:/home/user/.m2/repository/org/ow2/asm/asm-tree/5.0.2/asm-tree-5.0.2.jar:/home/user/.m2/repository/org/ow2/asm/asm/5.0.4/asm-5.0.4.jar:/home/user/.m2/repository/commons-lang/commons-lang/2.6/commons-lang-2.6.jar:/home/user/.m2/repository/com/apple/AppleJavaExtensions/1.4/AppleJavaExtensions-1.4.jar:/home/user/.m2/repository/jaxen/jaxen/1.1.6/jaxen-1.1.6.jar:/home/user/.m2/repository/junit/junit/4.11/junit-4.11.jar:/home/user/.m2/repository/org/hamcrest/hamcrest-core/1.3/hamcrest-core-1.3.jar:/home/user/.m2/repository/org/apache/hadoop/hadoop-common/3.2.0/hadoop-common-3.2.0-tests.jar:/home/user/.m2/repository/org/apache/hadoop/hadoop-ozone-integration-test/0.5.0-SNAPSHOT/hadoop-ozone-integration-test-0.5.0-SNAPSHOT-tests.jar:/opt/src/hadoop-ozone/objectstore-service/target/classes:/opt/src/hadoop-ozone/s3gateway/target/classes:/home/user/.m2/repository/org/jboss/weld/servlet/weld-servlet/2.4.7.Final/weld-servlet-2.4.7.Final.jar:/home/user/.m2/repository/org/glassfish/jersey/containers/jersey-container-servlet-core/2.27/jersey-container-servlet-core-2.27.jar:/home/user/.m2/repository/org/glassfish/hk2/external/javax.inject/2.5.0-b42/javax.inject-2.5.0-b42.jar:/home/user/.m2/repository/org/glassfish/jersey/core/jersey-common/2.27/jersey-common-2.27.jar:/home/user/.m2/repository/org/glassfish/hk2/osgi-resource-locator/1.0.1/osgi-resource-locator-1.0.1.jar:/home/user/.m2/repository/javax/ws/rs/javax.ws.rs-api/2.1/javax.ws.rs-api-2.1.jar:/home/user/.m2/repository/org/glassfish/jersey/ext/cdi/jersey-cdi1x/2.27/jersey-cdi1x-2.27.jar:/home/user/.m2/repository/org/glassfish/jersey/inject/jersey-hk2/2.27/jersey-hk2-2.27.jar:/home/user/.m2/repository/org/glassfish/hk2/hk2-locator/2.5.0-b42/hk2-locator-2.5.0-b42.jar:/home/user/.m2/repository/org/javassist/javassist/3.22.0-CR2/javassist-3.22.0-CR2.jar:/home/user/.m2/repository/org/glassfish/hk2/hk2-api/2.5.0/hk2-api-2.5.0.jar:/home/user/.m2/repository/org/glassfish/hk2/external/jakarta.inject/2.5.0/jakarta.inject-2.5.0.jar:/home/user/.m2/repository/org/glassfish/hk2/hk2-utils/2.5.0/hk2-utils-2.5.0.jar:/home/user/.m2/repository/jakarta/annotation/jakarta.annotation-api/1.3.4/jakarta.annotation-api-1.3.4.jar:/home/user/.m2/repository/org/glassfish/hk2/external/aopalliance-repackaged/2.5.0/aopalliance-repackaged-2.5.0.jar:/home/user/.m2/repository/com/fasterxml/jackson/dataformat/jackson-dataformat-xml/2.9.0/jackson-dataformat-xml-2.9.0.jar:/home/user/.m2/repository/com/fasterxml/jackson/module/jackson-module-jaxb-annotations/2.9.5/jackson-module-jaxb-annotations-2.9.5.jar:/home/user/.m2/repository/javax/enterprise/cdi-api/1.2/cdi-api-1.2.jar:/home/user/.m2/repository/javax/el/javax.el-api/3.0.0/javax.el-api-3.0.0.jar:/home/user/.m2/repository/javax/interceptor/javax.interceptor-api/1.2/javax.interceptor-api-1.2.jar:/home/user/.m2/repository/javax/inject/javax.inject/1/javax.inject-1.jar:/opt/src/hadoop-ozone/csi/target/classes:/home/user/.m2/repository/com/google/protobuf/protobuf-java-util/3.5.1/protobuf-java-util-3.5.1.jar:/home/user/.m2/repository/io/grpc/grpc-netty/1.17.1/grpc-netty-1.17.1.jar:/home/user/.m2/repository/io/grpc/grpc-core/1.17.1/grpc-core-1.17.1.jar:/home/user/.m2/repository/io/grpc/grpc-context/1.17.1/grpc-context-1.17.1.jar:/home/user/.m2/repository/com/google/errorprone/error_prone_annotations/2.2.0/error_prone_annotations-2.2.0.jar:/home/user/.m2/repository/org/codehaus/mojo/animal-sniffer-annotations/1.17/animal-sniffer-annotations-1.17.jar:/home/user/.m2/repository/io/opencensus/opencensus-api/0.17.0/opencensus-api-0.17.0.jar:/home/user/.m2/repository/io/opencensus/opencensus-contrib-grpc-metrics/0.17.0/opencensus-contrib-grpc-metrics-0.17.0.jar:/home/user/.m2/repository/io/netty/netty-codec-http2/4.1.30.Final/netty-codec-http2-4.1.30.Final.jar:/home/user/.m2/repository/io/netty/netty-codec-http/4.1.30.Final/netty-codec-http-4.1.30.Final.jar:/home/user/.m2/repository/io/netty/netty-codec/4.1.30.Final/netty-codec-4.1.30.Final.jar:/home/user/.m2/repository/io/netty/netty-handler/4.1.30.Final/netty-handler-4.1.30.Final.jar:/home/user/.m2/repository/io/netty/netty-handler-proxy/4.1.30.Final/netty-handler-proxy-4.1.30.Final.jar:/home/user/.m2/repository/io/netty/netty-codec-socks/4.1.30.Final/netty-codec-socks-4.1.30.Final.jar:/home/user/.m2/repository/io/netty/netty-transport-native-epoll/4.1.30.Final/netty-transport-native-epoll-4.1.30.Final.jar:/home/user/.m2/repository/io/netty/netty-common/4.1.30.Final/netty-common-4.1.30.Final.jar:/home/user/.m2/repository/io/netty/netty-buffer/4.1.30.Final/netty-buffer-4.1.30.Final.jar:/home/user/.m2/repository/io/netty/netty-transport/4.1.30.Final/netty-transport-4.1.30.Final.jar:/home/user/.m2/repository/io/netty/netty-resolver/4.1.30.Final/netty-resolver-4.1.30.Final.jar:/home/user/.m2/repository/io/netty/netty-transport-native-unix-common/4.1.30.Final/netty-transport-native-unix-common-4.1.30.Final.jar:/home/user/.m2/repository/io/grpc/grpc-protobuf/1.17.1/grpc-protobuf-1.17.1.jar:/home/user/.m2/repository/com/google/api/grpc/proto-google-common-protos/1.0.0/proto-google-common-protos-1.0.0.jar:/home/user/.m2/repository/io/grpc/grpc-protobuf-lite/1.17.1/grpc-protobuf-lite-1.17.1.jar:/home/user/.m2/repository/io/grpc/grpc-stub/1.17.1/grpc-stub-1.17.1.jar:/opt/src/hadoop-ozone/ozone-recon/target/classes:/opt/src/hadoop-ozone/ozone-recon-codegen/target/classes:/home/user/.m2/repository/com/google/inject/extensions/guice-multibindings/4.0/guice-multibindings-4.0.jar:/home/user/.m2/repository/com/google/inject/guice/4.0/guice-4.0.jar:/home/user/.m2/repository/aopalliance/aopalliance/1.0/aopalliance-1.0.jar:/home/user/.m2/repository/com/google/inject/extensions/guice-servlet/4.0/guice-servlet-4.0.jar:/home/user/.m2/repository/org/glassfish/jersey/containers/jersey-container-servlet/2.27/jersey-container-servlet-2.27.jar:/home/user/.m2/repository/org/glassfish/hk2/guice-bridge/2.5.0/guice-bridge-2.5.0.jar:/home/user/.m2/repository/org/glassfish/jersey/core/jersey-server/2.27/jersey-server-2.27.jar:/home/user/.m2/repository/org/glassfish/jersey/core/jersey-client/2.27/jersey-client-2.27.jar:/home/user/.m2/repository/org/glassfish/jersey/media/jersey-media-jaxb/2.27/jersey-media-jaxb-2.27.jar:/home/user/.m2/repository/javax/validation/validation-api/1.1.0.Final/validation-api-1.1.0.Final.jar:/home/user/.m2/repository/org/glassfish/jersey/media/jersey-media-json-jackson/2.27/jersey-media-json-jackson-2.27.jar:/home/user/.m2/repository/org/glassfish/jersey/ext/jersey-entity-filtering/2.27/jersey-entity-filtering-2.27.jar:/home/user/.m2/repository/com/google/inject/extensions/guice-assistedinject/4.0/guice-assistedinject-4.0.jar:/home/user/.m2/repository/org/jooq/jooq/3.11.10/jooq-3.11.10.jar:/home/user/.m2/repository/org/jooq/jooq-meta/3.11.10/jooq-meta-3.11.10.jar:/home/user/.m2/repository/org/jooq/jooq-codegen/3.11.10/jooq-codegen-3.11.10.jar:/home/user/.m2/repository/com/jolbox/bonecp/0.8.0.RELEASE/bonecp-0.8.0.RELEASE.jar:/home/user/.m2/repository/org/springframework/spring-jdbc/5.1.3.RELEASE/spring-jdbc-5.1.3.RELEASE.jar:/home/user/.m2/repository/org/springframework/spring-beans/5.1.3.RELEASE/spring-beans-5.1.3.RELEASE.jar:/home/user/.m2/repository/org/springframework/spring-core/5.1.3.RELEASE/spring-core-5.1.3.RELEASE.jar:/home/user/.m2/repository/org/springframework/spring-jcl/5.1.3.RELEASE/spring-jcl-5.1.3.RELEASE.jar:/home/user/.m2/repository/org/springframework/spring-tx/5.1.3.RELEASE/spring-tx-5.1.3.RELEASE.jar:/home/user/.m2/repository/org/mockito/mockito-core/2.15.0/mockito-core-2.15.0.jar:/home/user/.m2/repository/net/bytebuddy/byte-buddy/1.7.9/byte-buddy-1.7.9.jar:/home/user/.m2/repository/net/bytebuddy/byte-buddy-agent/1.7.9/byte-buddy-agent-1.7.9.jar:/home/user/.m2/repository/org/objenesis/objenesis/1.0/objenesis-1.0.jar:"/>
    <property name="sun.cpu.endian" value="little"/>
    <property name="user.home" value="/home/user"/>
    <property name="user.language" value="en"/>
    <property name="java.specification.vendor" value="Oracle Corporation"/>
    <property name="java.home" value="/usr/lib/jvm/java-1.8-openjdk/jre"/>
    <property name="java.security.krb5.conf" value="/opt/src/hadoop-ozone/tools/target/test-classes/krb5.conf"/>
    <property name="basedir" value="/opt/src/hadoop-ozone/tools"/>
    <property name="file.separator" value="/"/>
    <property name="line.separator" value="&#10;"/>
    <property name="java.vm.specification.vendor" value="Oracle Corporation"/>
    <property name="java.specification.name" value="Java Platform API Specification"/>
    <property name="java.awt.graphicsenv" value="sun.awt.X11GraphicsEnvironment"/>
    <property name="surefire.real.class.path" value="/opt/src/hadoop-ozone/tools/target/surefire/surefirebooter8697769064514323382.jar"/>
    <property name="hadoop.log.dir" value="/opt/src/hadoop-ozone/tools/target/log"/>
    <property name="sun.boot.class.path" value="/usr/lib/jvm/java-1.8-openjdk/jre/lib/resources.jar:/usr/lib/jvm/java-1.8-openjdk/jre/lib/rt.jar:/usr/lib/jvm/java-1.8-openjdk/jre/lib/sunrsasign.jar:/usr/lib/jvm/java-1.8-openjdk/jre/lib/jsse.jar:/usr/lib/jvm/java-1.8-openjdk/jre/lib/jce.jar:/usr/lib/jvm/java-1.8-openjdk/jre/lib/charsets.jar:/usr/lib/jvm/java-1.8-openjdk/jre/lib/jfr.jar:/usr/lib/jvm/java-1.8-openjdk/jre/classes"/>
    <property name="sun.management.compiler" value="HotSpot 64-Bit Tiered Compilers"/>
    <property name="java.runtime.version" value="1.8.0_212-b04"/>
    <property name="java.net.preferIPv4Stack" value="true"/>
    <property name="user.name" value="jenkins1000"/>
    <property name="path.separator" value=":"/>
    <property name="java.security.egd" value="file:///dev/urandom"/>
    <property name="os.version" value="4.15.0-1021-aws"/>
    <property name="java.endorsed.dirs" value="/usr/lib/jvm/java-1.8-openjdk/jre/lib/endorsed"/>
    <property name="java.runtime.name" value="OpenJDK Runtime Environment"/>
    <property name="file.encoding" value="UTF-8"/>
    <property name="java.vm.name" value="OpenJDK 64-Bit Server VM"/>
    <property name="test.build.webapps" value=""/>
    <property name="localRepository" value="/home/user/.m2/repository"/>
    <property name="java.vendor.url.bug" value="https://icedtea.classpath.org/bugzilla"/>
    <property name="java.io.tmpdir" value="/tmp"/>
    <property name="require.test.libhadoop" value=""/>
    <property name="java.version" value="1.8.0_212"/>
    <property name="user.dir" value="/opt/src/hadoop-ozone/tools"/>
    <property name="os.arch" value="amd64"/>
    <property name="java.vm.specification.name" value="Java Virtual Machine Specification"/>
    <property name="test.build.classes" value="/opt/src/hadoop-ozone/tools/target/test-classes"/>
    <property name="java.awt.printerjob" value="sun.print.PSPrinterJob"/>
    <property name="sun.os.patch.level" value="unknown"/>
    <property name="hadoop.tmp.dir" value="/opt/src/hadoop-ozone/tools/target/tmp"/>
    <property name="java.library.path" value="/usr/lib/jvm/java-1.8-openjdk/jre/lib/amd64/server:/usr/lib/jvm/java-1.8-openjdk/jre/lib/amd64:/usr/lib/jvm/java-1.8-openjdk/jre/../lib/amd64:/opt/src/hadoop-ozone/tools/target/native/target/usr/local/lib:/opt/src/hadoop-ozone/tools/../../hadoop-common-project/hadoop-common/target/native/target/usr/local/lib:/usr/java/packages/lib/amd64:/usr/lib64:/lib64:/lib:/usr/lib"/>
    <property name="java.vm.info" value="mixed mode"/>
    <property name="java.vendor" value="IcedTea"/>
    <property name="java.vm.version" value="25.212-b04"/>
    <property name="java.ext.dirs" value="/usr/lib/jvm/java-1.8-openjdk/jre/lib/ext:/usr/java/packages/lib/ext"/>
    <property name="sun.io.unicode.encoding" value="UnicodeLittle"/>
    <property name="java.class.version" value="52.0"/>
  </properties>
  <testcase name="testRestart" classname="org.apache.hadoop.ozone.freon.TestFreonWithPipelineDestroy" time="5.661">
    <error message="Unexpected Storage Container Exception: org.apache.hadoop.hdds.scm.container.common.helpers.StorageContainerException: ContainerID 3 does not exist" type="java.io.IOException">java.io.IOException: Unexpected Storage Container Exception: org.apache.hadoop.hdds.scm.container.common.helpers.StorageContainerException: ContainerID 3 does not exist
	at org.apache.hadoop.hdds.scm.storage.BlockOutputStream.setIoException(BlockOutputStream.java:548)
	at org.apache.hadoop.hdds.scm.storage.BlockOutputStream.validateResponse(BlockOutputStream.java:539)
	at org.apache.hadoop.hdds.scm.storage.BlockOutputStream.lambda$writeChunkToContainer$2(BlockOutputStream.java:614)
	at java.util.concurrent.CompletableFuture.uniApply(CompletableFuture.java:602)
	at java.util.concurrent.CompletableFuture$UniApply.tryFire(CompletableFuture.java:577)
	at java.util.concurrent.CompletableFuture$Completion.run(CompletableFuture.java:442)
	at java.util.concurrent.ThreadPoolExecutor.runWorker(ThreadPoolExecutor.java:1149)
	at java.util.concurrent.ThreadPoolExecutor$Worker.run(ThreadPoolExecutor.java:624)
	at java.lang.Thread.run(Thread.java:748)
Caused by: org.apache.hadoop.hdds.scm.container.common.helpers.StorageContainerException: ContainerID 3 does not exist
	at org.apache.hadoop.hdds.scm.storage.ContainerProtocolCalls.validateContainerResponse(ContainerProtocolCalls.java:536)
	at org.apache.hadoop.hdds.scm.storage.BlockOutputStream.validateResponse(BlockOutputStream.java:536)
	... 7 more
</error>
    <system-out><![CDATA[2019-06-18 00:55:05,004 WARN  server.ServerUtils (ServerUtils.java:getScmDbDir(145)) - ozone.scm.db.dirs is not configured. We recommend adding this setting. Falling back to ozone.metadata.dirs instead.
2019-06-18 00:55:05,129 WARN  server.ServerUtils (ServerUtils.java:getScmDbDir(145)) - ozone.scm.db.dirs is not configured. We recommend adding this setting. Falling back to ozone.metadata.dirs instead.
2019-06-18 00:55:05,133 WARN  server.ServerUtils (ServerUtils.java:getScmDbDir(145)) - ozone.scm.db.dirs is not configured. We recommend adding this setting. Falling back to ozone.metadata.dirs instead.
2019-06-18 00:55:05,155 INFO  util.log (Log.java:initialized(192)) - Logging initialized @1022ms
2019-06-18 00:55:05,279 INFO  db.DBStoreBuilder (DBStoreBuilder.java:addTable(110)) - using custom profile for table: deletedBlocks
2019-06-18 00:55:05,280 INFO  db.DBStoreBuilder (DBStoreBuilder.java:processTables(161)) - Using default column profile:DBProfile.DISK for Table:deletedBlocks
2019-06-18 00:55:05,280 INFO  db.DBStoreBuilder (DBStoreBuilder.java:addTable(110)) - using custom profile for table: validCerts
2019-06-18 00:55:05,281 INFO  db.DBStoreBuilder (DBStoreBuilder.java:processTables(161)) - Using default column profile:DBProfile.DISK for Table:validCerts
2019-06-18 00:55:05,281 INFO  db.DBStoreBuilder (DBStoreBuilder.java:addTable(110)) - using custom profile for table: revokedCerts
2019-06-18 00:55:05,281 INFO  db.DBStoreBuilder (DBStoreBuilder.java:processTables(161)) - Using default column profile:DBProfile.DISK for Table:revokedCerts
2019-06-18 00:55:05,296 INFO  db.DBStoreBuilder (DBStoreBuilder.java:addTable(110)) - using custom profile for table: default
2019-06-18 00:55:05,297 INFO  db.DBStoreBuilder (DBStoreBuilder.java:processTables(167)) - Using default column profile:DBProfile.DISK for Table:default
2019-06-18 00:55:05,299 INFO  db.DBStoreBuilder (DBStoreBuilder.java:getDbProfile(198)) - Using default options. DBProfile.DISK
2019-06-18 00:55:05,366 INFO  net.NodeSchemaLoader (NodeSchemaLoader.java:loadSchemaFromFile(125)) - Loading file from sun.misc.CompoundEnumeration@2f112965
2019-06-18 00:55:05,368 INFO  net.NodeSchemaLoader (NodeSchemaLoader.java:loadSchema(171)) - Loading network topology layer schema file
2019-06-18 00:55:05,447 INFO  node.SCMNodeManager (SCMNodeManager.java:<init>(119)) - Entering startup safe mode.
2019-06-18 00:55:05,545 WARN  server.ServerUtils (ServerUtils.java:getScmDbDir(145)) - ozone.scm.db.dirs is not configured. We recommend adding this setting. Falling back to ozone.metadata.dirs instead.
2019-06-18 00:55:05,570 INFO  pipeline.SCMPipelineManager (SCMPipelineManager.java:initializePipelineState(126)) - No pipeline exists in current db
2019-06-18 00:55:05,572 WARN  server.ServerUtils (ServerUtils.java:getScmDbDir(145)) - ozone.scm.db.dirs is not configured. We recommend adding this setting. Falling back to ozone.metadata.dirs instead.
2019-06-18 00:55:05,640 WARN  events.EventQueue (EventQueue.java:fireEvent(175)) - No event handler registered for event TypedEvent{payloadType=SafeModeStatus, name='SafeModeStatus'}
2019-06-18 00:55:06,099 INFO  ipc.CallQueueManager (CallQueueManager.java:<init>(84)) - Using callQueue: class java.util.concurrent.LinkedBlockingQueue, queueCapacity: 2000, scheduler: class org.apache.hadoop.ipc.DefaultRpcScheduler, ipcBackoff: false.
2019-06-18 00:55:06,132 INFO  ipc.Server (Server.java:run(1074)) - Starting Socket Reader #1 for port 35583
2019-06-18 00:55:06,161 INFO  ipc.CallQueueManager (CallQueueManager.java:<init>(84)) - Using callQueue: class java.util.concurrent.LinkedBlockingQueue, queueCapacity: 2000, scheduler: class org.apache.hadoop.ipc.DefaultRpcScheduler, ipcBackoff: false.
2019-06-18 00:55:06,162 INFO  ipc.Server (Server.java:run(1074)) - Starting Socket Reader #1 for port 36983
2019-06-18 00:55:06,170 INFO  ipc.CallQueueManager (CallQueueManager.java:<init>(84)) - Using callQueue: class java.util.concurrent.LinkedBlockingQueue, queueCapacity: 2000, scheduler: class org.apache.hadoop.ipc.DefaultRpcScheduler, ipcBackoff: false.
2019-06-18 00:55:06,170 INFO  ipc.Server (Server.java:run(1074)) - Starting Socket Reader #1 for port 43627
2019-06-18 00:55:06,196 INFO  hdfs.DFSUtil (DFSUtil.java:httpServerTemplateForNNAndJN(1641)) - Starting Web-server for scm at: http://0.0.0.0:0
2019-06-18 00:55:06,393 INFO  server.AuthenticationFilter (AuthenticationFilter.java:constructSecretProvider(240)) - Unable to initialize FileSignerSecretProvider, falling back to use random secrets.
2019-06-18 00:55:06,410 WARN  http.HttpRequestLog (HttpRequestLog.java:getRequestLog(97)) - Jetty request log can only be enabled using Log4j
2019-06-18 00:55:06,419 INFO  http.HttpServer2 (HttpServer2.java:addGlobalFilter(975)) - Added global filter 'safety' (class=org.apache.hadoop.http.HttpServer2$QuotingInputFilter)
2019-06-18 00:55:06,421 INFO  http.HttpServer2 (HttpServer2.java:addFilter(948)) - Added filter static_user_filter (class=org.apache.hadoop.http.lib.StaticUserWebFilter$StaticUserFilter) to context scm
2019-06-18 00:55:06,422 INFO  http.HttpServer2 (HttpServer2.java:addFilter(958)) - Added filter static_user_filter (class=org.apache.hadoop.http.lib.StaticUserWebFilter$StaticUserFilter) to context logs
2019-06-18 00:55:06,422 INFO  http.HttpServer2 (HttpServer2.java:addFilter(958)) - Added filter static_user_filter (class=org.apache.hadoop.http.lib.StaticUserWebFilter$StaticUserFilter) to context static
2019-06-18 00:55:06,448 INFO  server.StorageContainerManager (StorageContainerManager.java:start(753)) - StorageContainerLocationProtocol RPC server is listening at /0.0.0.0:43627
2019-06-18 00:55:06,507 WARN  impl.MetricsConfig (MetricsConfig.java:loadFirst(134)) - Cannot locate configuration: tried hadoop-metrics2-storagecontainermanager.properties,hadoop-metrics2.properties
2019-06-18 00:55:06,522 INFO  impl.MetricsSystemImpl (MetricsSystemImpl.java:startTimer(374)) - Scheduled Metric snapshot period at 10 second(s).
2019-06-18 00:55:06,522 INFO  impl.MetricsSystemImpl (MetricsSystemImpl.java:start(191)) - StorageContainerManager metrics system started
2019-06-18 00:55:06,770 INFO  server.SCMClientProtocolServer (SCMClientProtocolServer.java:start(149)) - RPC server for Client  is listening at /0.0.0.0:43627
2019-06-18 00:55:06,770 INFO  ipc.Server (Server.java:run(1314)) - IPC Server Responder: starting
2019-06-18 00:55:06,770 INFO  ipc.Server (Server.java:run(1153)) - IPC Server listener on 43627: starting
2019-06-18 00:55:06,778 INFO  server.StorageContainerManager (StorageContainerManager.java:start(762)) - ScmBlockLocationProtocol RPC server is listening at /0.0.0.0:36983
2019-06-18 00:55:06,779 INFO  server.SCMBlockProtocolServer (SCMBlockProtocolServer.java:start(137)) - RPC server for Block Protocol is listening at /0.0.0.0:36983
2019-06-18 00:55:06,779 INFO  ipc.Server (Server.java:run(1314)) - IPC Server Responder: starting
2019-06-18 00:55:06,779 INFO  ipc.Server (Server.java:run(1153)) - IPC Server listener on 36983: starting
2019-06-18 00:55:06,785 INFO  server.StorageContainerManager (StorageContainerManager.java:start(766)) - ScmDatanodeProtocl RPC server is listening at /0.0.0.0:35583
2019-06-18 00:55:06,785 INFO  server.SCMDatanodeProtocolServer (SCMDatanodeProtocolServer.java:start(191)) - RPC server for DataNodes is listening at /0.0.0.0:35583
2019-06-18 00:55:06,785 INFO  ipc.Server (Server.java:run(1314)) - IPC Server Responder: starting
2019-06-18 00:55:06,786 INFO  ipc.Server (Server.java:run(1153)) - IPC Server listener on 35583: starting
2019-06-18 00:55:06,790 INFO  http.HttpServer2 (HttpServer2.java:bindListener(1191)) - Jetty bound to port 37059
2019-06-18 00:55:06,791 INFO  server.Server (Server.java:doStart(351)) - jetty-9.3.24.v20180605, build timestamp: 2018-06-05T17:11:56Z, git hash: 84205aa28f11a4f31f2a3b86d1bba2cc8ab69827
2019-06-18 00:55:06,829 INFO  handler.ContextHandler (ContextHandler.java:doStart(781)) - Started o.e.j.s.ServletContextHandler@481ba2cf{/logs,file:///opt/src/hadoop-ozone/tools/target/log,AVAILABLE}
2019-06-18 00:55:06,830 INFO  handler.ContextHandler (ContextHandler.java:doStart(781)) - Started o.e.j.s.ServletContextHandler@2e48362c{/static,file:///opt/src/hadoop-hdds/server-scm/target/classes/webapps/static/,AVAILABLE}
2019-06-18 00:55:06,864 INFO  handler.ContextHandler (ContextHandler.java:doStart(781)) - Started o.e.j.w.WebAppContext@5b40ceb{/,file:///opt/src/hadoop-hdds/server-scm/target/classes/webapps/scm/,AVAILABLE}{/scm}
2019-06-18 00:55:06,870 INFO  server.AbstractConnector (AbstractConnector.java:doStart(278)) - Started ServerConnector@7894f09b{HTTP/1.1,[http/1.1]}{0.0.0.0:37059}
2019-06-18 00:55:06,871 INFO  server.Server (Server.java:doStart(419)) - Started @2738ms
2019-06-18 00:55:06,872 INFO  server.BaseHttpServer (BaseHttpServer.java:updateConnectorAddress(207)) - HTTP server of SCM is listening at http://0.0.0.0:37059
2019-06-18 00:55:06,885 WARN  scm.ScmUtils (ScmUtils.java:getDBPath(63)) - ozone.om.db.dirs is not configured. We recommend adding this setting. Falling back to ozone.metadata.dirs instead.
2019-06-18 00:55:06,888 INFO  util.JvmPauseMonitor (JvmPauseMonitor.java:run(188)) - Starting JVM pause monitor
2019-06-18 00:55:06,983 WARN  scm.ScmUtils (ScmUtils.java:getDBPath(63)) - ozone.om.db.dirs is not configured. We recommend adding this setting. Falling back to ozone.metadata.dirs instead.
2019-06-18 00:55:06,984 INFO  om.OzoneManager (OzoneManager.java:setOMNodeDetails(532)) - OM Service ID is not set. Setting it to the default ID: omServiceIdDefault
2019-06-18 00:55:06,985 INFO  om.OzoneManager (OzoneManager.java:setOMNodeDetails(538)) - OM Node ID is not set. Setting it to the OmStorage's OmID: a544ad99-4897-4757-9c53-9a16cb1598e4
2019-06-18 00:55:06,986 WARN  scm.HddsServerUtil (HddsServerUtil.java:getDefaultRatisDirectory(354)) - Storage directory for Ratis is not configured. It is a good idea to map this to an SSD disk. Falling back to ozone.metadata.dirs
2019-06-18 00:55:06,986 WARN  scm.HddsServerUtil (HddsServerUtil.java:getDefaultRatisDirectory(354)) - Storage directory for Ratis is not configured. It is a good idea to map this to an SSD disk. Falling back to ozone.metadata.dirs
2019-06-18 00:55:06,987 INFO  om.OzoneManager (OzoneManager.java:loadOMHAConfigs(489)) - Found matching OM address with OMServiceId: null, OMNodeId: null, RPC Address: localhost:0 and Ratis port: 9872
2019-06-18 00:55:07,242 WARN  scm.ScmUtils (ScmUtils.java:getDBPath(63)) - ozone.om.db.dirs is not configured. We recommend adding this setting. Falling back to ozone.metadata.dirs instead.
2019-06-18 00:55:07,249 INFO  db.DBStoreBuilder (DBStoreBuilder.java:addTable(110)) - using custom profile for table: userTable
2019-06-18 00:55:07,250 INFO  db.DBStoreBuilder (DBStoreBuilder.java:processTables(161)) - Using default column profile:DBProfile.DISK for Table:userTable
2019-06-18 00:55:07,250 INFO  db.DBStoreBuilder (DBStoreBuilder.java:addTable(110)) - using custom profile for table: volumeTable
2019-06-18 00:55:07,250 INFO  db.DBStoreBuilder (DBStoreBuilder.java:processTables(161)) - Using default column profile:DBProfile.DISK for Table:volumeTable
2019-06-18 00:55:07,251 INFO  db.DBStoreBuilder (DBStoreBuilder.java:addTable(110)) - using custom profile for table: bucketTable
2019-06-18 00:55:07,251 INFO  db.DBStoreBuilder (DBStoreBuilder.java:processTables(161)) - Using default column profile:DBProfile.DISK for Table:bucketTable
2019-06-18 00:55:07,251 INFO  db.DBStoreBuilder (DBStoreBuilder.java:addTable(110)) - using custom profile for table: keyTable
2019-06-18 00:55:07,251 INFO  db.DBStoreBuilder (DBStoreBuilder.java:processTables(161)) - Using default column profile:DBProfile.DISK for Table:keyTable
2019-06-18 00:55:07,252 INFO  db.DBStoreBuilder (DBStoreBuilder.java:addTable(110)) - using custom profile for table: deletedTable
2019-06-18 00:55:07,252 INFO  db.DBStoreBuilder (DBStoreBuilder.java:processTables(161)) - Using default column profile:DBProfile.DISK for Table:deletedTable
2019-06-18 00:55:07,252 INFO  db.DBStoreBuilder (DBStoreBuilder.java:addTable(110)) - using custom profile for table: openKeyTable
2019-06-18 00:55:07,252 INFO  db.DBStoreBuilder (DBStoreBuilder.java:processTables(161)) - Using default column profile:DBProfile.DISK for Table:openKeyTable
2019-06-18 00:55:07,253 INFO  db.DBStoreBuilder (DBStoreBuilder.java:addTable(110)) - using custom profile for table: s3Table
2019-06-18 00:55:07,253 INFO  db.DBStoreBuilder (DBStoreBuilder.java:processTables(161)) - Using default column profile:DBProfile.DISK for Table:s3Table
2019-06-18 00:55:07,253 INFO  db.DBStoreBuilder (DBStoreBuilder.java:addTable(110)) - using custom profile for table: multipartInfoTable
2019-06-18 00:55:07,253 INFO  db.DBStoreBuilder (DBStoreBuilder.java:processTables(161)) - Using default column profile:DBProfile.DISK for Table:multipartInfoTable
2019-06-18 00:55:07,254 INFO  db.DBStoreBuilder (DBStoreBuilder.java:addTable(110)) - using custom profile for table: dTokenTable
2019-06-18 00:55:07,254 INFO  db.DBStoreBuilder (DBStoreBuilder.java:processTables(161)) - Using default column profile:DBProfile.DISK for Table:dTokenTable
2019-06-18 00:55:07,254 INFO  db.DBStoreBuilder (DBStoreBuilder.java:addTable(110)) - using custom profile for table: s3SecretTable
2019-06-18 00:55:07,254 INFO  db.DBStoreBuilder (DBStoreBuilder.java:processTables(161)) - Using default column profile:DBProfile.DISK for Table:s3SecretTable
2019-06-18 00:55:07,255 INFO  db.DBStoreBuilder (DBStoreBuilder.java:addTable(110)) - using custom profile for table: prefixTable
2019-06-18 00:55:07,255 INFO  db.DBStoreBuilder (DBStoreBuilder.java:processTables(161)) - Using default column profile:DBProfile.DISK for Table:prefixTable
2019-06-18 00:55:07,255 INFO  db.DBStoreBuilder (DBStoreBuilder.java:addTable(110)) - using custom profile for table: default
2019-06-18 00:55:07,256 INFO  db.DBStoreBuilder (DBStoreBuilder.java:processTables(167)) - Using default column profile:DBProfile.DISK for Table:default
2019-06-18 00:55:07,256 INFO  db.DBStoreBuilder (DBStoreBuilder.java:getDbProfile(198)) - Using default options. DBProfile.DISK
2019-06-18 00:55:07,953 INFO  ipc.CallQueueManager (CallQueueManager.java:<init>(84)) - Using callQueue: class java.util.concurrent.LinkedBlockingQueue, queueCapacity: 2000, scheduler: class org.apache.hadoop.ipc.DefaultRpcScheduler, ipcBackoff: false.
2019-06-18 00:55:07,954 INFO  ipc.Server (Server.java:run(1074)) - Starting Socket Reader #1 for port 34401
2019-06-18 00:55:07,987 WARN  scm.ScmUtils (ScmUtils.java:getDBPath(63)) - ozone.om.db.dirs is not configured. We recommend adding this setting. Falling back to ozone.metadata.dirs instead.
2019-06-18 00:55:07,988 INFO  om.OzoneManager (OzoneManager.java:start(1230)) - OzoneManager RPC server is listening at localhost/127.0.0.1:34401
2019-06-18 00:55:07,988 INFO  impl.MetricsSystemImpl (MetricsSystemImpl.java:init(158)) - OzoneManager metrics system started (again)
2019-06-18 00:55:07,989 INFO  ipc.Server (Server.java:run(1314)) - IPC Server Responder: starting
2019-06-18 00:55:08,003 INFO  ipc.Server (Server.java:run(1153)) - IPC Server listener on 34401: starting
2019-06-18 00:55:08,023 INFO  hdfs.DFSUtil (DFSUtil.java:httpServerTemplateForNNAndJN(1641)) - Starting Web-server for ozoneManager at: http://0.0.0.0:0
2019-06-18 00:55:08,024 INFO  server.AuthenticationFilter (AuthenticationFilter.java:constructSecretProvider(240)) - Unable to initialize FileSignerSecretProvider, falling back to use random secrets.
2019-06-18 00:55:08,025 WARN  http.HttpRequestLog (HttpRequestLog.java:getRequestLog(97)) - Jetty request log can only be enabled using Log4j
2019-06-18 00:55:08,027 INFO  http.HttpServer2 (HttpServer2.java:addGlobalFilter(975)) - Added global filter 'safety' (class=org.apache.hadoop.http.HttpServer2$QuotingInputFilter)
2019-06-18 00:55:08,027 INFO  http.HttpServer2 (HttpServer2.java:addFilter(948)) - Added filter static_user_filter (class=org.apache.hadoop.http.lib.StaticUserWebFilter$StaticUserFilter) to context ozoneManager
2019-06-18 00:55:08,028 INFO  http.HttpServer2 (HttpServer2.java:addFilter(958)) - Added filter static_user_filter (class=org.apache.hadoop.http.lib.StaticUserWebFilter$StaticUserFilter) to context logs
2019-06-18 00:55:08,028 INFO  http.HttpServer2 (HttpServer2.java:addFilter(958)) - Added filter static_user_filter (class=org.apache.hadoop.http.lib.StaticUserWebFilter$StaticUserFilter) to context static
2019-06-18 00:55:08,029 INFO  http.HttpServer2 (HttpServer2.java:bindListener(1191)) - Jetty bound to port 46391
2019-06-18 00:55:08,030 INFO  server.Server (Server.java:doStart(351)) - jetty-9.3.24.v20180605, build timestamp: 2018-06-05T17:11:56Z, git hash: 84205aa28f11a4f31f2a3b86d1bba2cc8ab69827
2019-06-18 00:55:08,043 INFO  handler.ContextHandler (ContextHandler.java:doStart(781)) - Started o.e.j.s.ServletContextHandler@66b72664{/logs,file:///opt/src/hadoop-ozone/tools/target/log,AVAILABLE}
2019-06-18 00:55:08,043 INFO  handler.ContextHandler (ContextHandler.java:doStart(781)) - Started o.e.j.s.ServletContextHandler@58cd06cb{/static,file:///opt/src/hadoop-ozone/ozone-manager/target/classes/webapps/static/,AVAILABLE}
2019-06-18 00:55:08,048 INFO  handler.ContextHandler (ContextHandler.java:doStart(781)) - Started o.e.j.w.WebAppContext@51bde877{/,file:///opt/src/hadoop-ozone/ozone-manager/target/classes/webapps/ozoneManager/,AVAILABLE}{/ozoneManager}
2019-06-18 00:55:08,048 INFO  server.AbstractConnector (AbstractConnector.java:doStart(278)) - Started ServerConnector@60b85ba1{HTTP/1.1,[http/1.1]}{0.0.0.0:46391}
2019-06-18 00:55:08,048 INFO  server.Server (Server.java:doStart(419)) - Started @3915ms
2019-06-18 00:55:08,049 INFO  server.BaseHttpServer (BaseHttpServer.java:updateConnectorAddress(207)) - HTTP server of OZONEMANAGER is listening at http://0.0.0.0:46391
2019-06-18 00:55:08,194 INFO  impl.MetricsSystemImpl (MetricsSystemImpl.java:init(158)) - HddsDatanode metrics system started (again)
2019-06-18 00:55:08,425 INFO  ozone.HddsDatanodeService (HddsDatanodeService.java:start(185)) - HddsDatanodeService host:ozone-unit-076618677d3mmbrd-1653384491 ip:192.168.46.37
2019-06-18 00:55:08,464 INFO  volume.HddsVolume (HddsVolume.java:<init>(176)) - Creating Volume: /opt/src/hadoop-ozone/tools/target/test-dir/MiniOzoneClusterImpl-5399a750-1773-41f9-b05e-c325236988da/datanode-0/data/containers/hdds of  storage type : DISK and capacity : 104021790720
2019-06-18 00:55:08,466 INFO  volume.VolumeSet (VolumeSet.java:initializeVolumeSet(170)) - Added Volume : /opt/src/hadoop-ozone/tools/target/test-dir/MiniOzoneClusterImpl-5399a750-1773-41f9-b05e-c325236988da/datanode-0/data/containers/hdds to VolumeSet
2019-06-18 00:55:08,469 INFO  volume.ThrottledAsyncChecker (ThrottledAsyncChecker.java:schedule(140)) - Scheduling a check for org.apache.hadoop.ozone.container.common.volume.HddsVolume@64e1dd11
2019-06-18 00:55:08,490 INFO  volume.HddsVolumeChecker (HddsVolumeChecker.java:checkAllVolumes(203)) - Scheduled health check for volume org.apache.hadoop.ozone.container.common.volume.HddsVolume@64e1dd11
2019-06-18 00:55:08,541 INFO  ratis.XceiverServerRatis (XceiverServerRatis.java:newXceiverServerRatis(401)) - Found a free port for the server : 41187
2019-06-18 00:55:08,622 INFO  impl.RaftServerProxy (ConfUtils.java:logGet(43)) - raft.rpc.type = GRPC (default)
2019-06-18 00:55:08,636 INFO  grpc.GrpcConfigKeys$Server (ConfUtils.java:logGet(43)) - raft.grpc.server.port = 41187 (custom)
2019-06-18 00:55:08,637 INFO  server.GrpcService (ConfUtils.java:logGet(43)) - raft.grpc.message.size.max = 33570816 (custom)
2019-06-18 00:55:08,639 INFO  server.RaftServerConfigKeys (ConfUtils.java:logGet(43)) - raft.server.log.appender.buffer.byte-limit = 33554432 (custom)
2019-06-18 00:55:08,639 INFO  server.GrpcService (ConfUtils.java:logGet(43)) - raft.grpc.flow.control.window = 1MB (=1048576) (default)
2019-06-18 00:55:08,640 INFO  server.RaftServerConfigKeys (ConfUtils.java:logGet(43)) - raft.server.rpc.request.timeout = 3000ms (default)
2019-06-18 00:55:08,839 INFO  server.RaftServerConfigKeys (ConfUtils.java:logGet(43)) - raft.server.storage.dir = [/opt/src/hadoop-ozone/tools/target/test-dir/MiniOzoneClusterImpl-5399a750-1773-41f9-b05e-c325236988da/datanode-0/data/ratis] (custom)
2019-06-18 00:55:08,846 INFO  server.XceiverServerGrpc (XceiverServerGrpc.java:<init>(97)) - Found a free port for the server : 42607
2019-06-18 00:55:08,883 INFO  replication.SimpleContainerDownloader (SimpleContainerDownloader.java:<init>(72)) - Starting container downloader service to copy containers to replicate.
2019-06-18 00:55:08,897 INFO  hdfs.DFSUtil (DFSUtil.java:httpServerTemplateForNNAndJN(1641)) - Starting Web-server for hddsDatanode at: http://0.0.0.0:0
2019-06-18 00:55:08,899 INFO  server.AuthenticationFilter (AuthenticationFilter.java:constructSecretProvider(240)) - Unable to initialize FileSignerSecretProvider, falling back to use random secrets.
2019-06-18 00:55:08,899 WARN  http.HttpRequestLog (HttpRequestLog.java:getRequestLog(97)) - Jetty request log can only be enabled using Log4j
2019-06-18 00:55:08,902 INFO  http.HttpServer2 (HttpServer2.java:addGlobalFilter(975)) - Added global filter 'safety' (class=org.apache.hadoop.http.HttpServer2$QuotingInputFilter)
2019-06-18 00:55:08,903 INFO  http.HttpServer2 (HttpServer2.java:addFilter(948)) - Added filter static_user_filter (class=org.apache.hadoop.http.lib.StaticUserWebFilter$StaticUserFilter) to context hddsDatanode
2019-06-18 00:55:08,903 INFO  http.HttpServer2 (HttpServer2.java:addFilter(958)) - Added filter static_user_filter (class=org.apache.hadoop.http.lib.StaticUserWebFilter$StaticUserFilter) to context static
2019-06-18 00:55:08,903 INFO  http.HttpServer2 (HttpServer2.java:addFilter(958)) - Added filter static_user_filter (class=org.apache.hadoop.http.lib.StaticUserWebFilter$StaticUserFilter) to context logs
2019-06-18 00:55:08,904 INFO  http.HttpServer2 (HttpServer2.java:bindListener(1191)) - Jetty bound to port 33317
2019-06-18 00:55:08,904 INFO  server.Server (Server.java:doStart(351)) - jetty-9.3.24.v20180605, build timestamp: 2018-06-05T17:11:56Z, git hash: 84205aa28f11a4f31f2a3b86d1bba2cc8ab69827
2019-06-18 00:55:08,918 INFO  handler.ContextHandler (ContextHandler.java:doStart(781)) - Started o.e.j.s.ServletContextHandler@6d9fb2d1{/logs,file:///opt/src/hadoop-ozone/tools/target/log,AVAILABLE}
2019-06-18 00:55:08,918 INFO  handler.ContextHandler (ContextHandler.java:doStart(781)) - Started o.e.j.s.ServletContextHandler@540a903b{/static,file:///opt/src/hadoop-hdds/container-service/target/classes/webapps/static,AVAILABLE}
2019-06-18 00:55:08,930 INFO  handler.ContextHandler (ContextHandler.java:doStart(781)) - Started o.e.j.w.WebAppContext@692fd26{/,file:///opt/src/hadoop-hdds/container-service/target/classes/webapps/hddsDatanode/,AVAILABLE}{/hddsDatanode}
2019-06-18 00:55:08,932 INFO  server.AbstractConnector (AbstractConnector.java:doStart(278)) - Started ServerConnector@6cba88e8{HTTP/1.1,[http/1.1]}{0.0.0.0:33317}
2019-06-18 00:55:08,932 INFO  server.Server (Server.java:doStart(419)) - Started @4799ms
2019-06-18 00:55:08,933 INFO  server.BaseHttpServer (BaseHttpServer.java:updateConnectorAddress(207)) - HTTP server of HDDSDATANODE is listening at http://0.0.0.0:33317
2019-06-18 00:55:10,252 INFO  ozone.HddsDatanodeService (HddsDatanodeService.java:startPlugins(396)) - Started plug-in org.apache.hadoop.ozone.web.OzoneHddsDatanodeService@67531e3a
2019-06-18 00:55:10,254 INFO  impl.MetricsSystemImpl (MetricsSystemImpl.java:init(158)) - HddsDatanode metrics system started (again)
2019-06-18 00:55:10,254 INFO  ozone.HddsDatanodeService (HddsDatanodeService.java:start(185)) - HddsDatanodeService host:ozone-unit-076618677d3mmbrd-1653384491 ip:192.168.46.37
2019-06-18 00:55:10,282 INFO  util.JvmPauseMonitor (JvmPauseMonitor.java:run(188)) - Starting JVM pause monitor
2019-06-18 00:55:10,285 INFO  volume.HddsVolume (HddsVolume.java:<init>(176)) - Creating Volume: /opt/src/hadoop-ozone/tools/target/test-dir/MiniOzoneClusterImpl-5399a750-1773-41f9-b05e-c325236988da/datanode-1/data/containers/hdds of  storage type : DISK and capacity : 104021790720
2019-06-18 00:55:10,286 INFO  volume.VolumeSet (VolumeSet.java:initializeVolumeSet(170)) - Added Volume : /opt/src/hadoop-ozone/tools/target/test-dir/MiniOzoneClusterImpl-5399a750-1773-41f9-b05e-c325236988da/datanode-1/data/containers/hdds to VolumeSet
2019-06-18 00:55:10,286 INFO  volume.ThrottledAsyncChecker (ThrottledAsyncChecker.java:schedule(140)) - Scheduling a check for org.apache.hadoop.ozone.container.common.volume.HddsVolume@10a98392
2019-06-18 00:55:10,309 INFO  volume.HddsVolumeChecker (HddsVolumeChecker.java:checkAllVolumes(203)) - Scheduled health check for volume org.apache.hadoop.ozone.container.common.volume.HddsVolume@10a98392
2019-06-18 00:55:10,352 INFO  ratis.XceiverServerRatis (XceiverServerRatis.java:newXceiverServerRatis(401)) - Found a free port for the server : 37881
2019-06-18 00:55:10,356 INFO  impl.RaftServerProxy (ConfUtils.java:logGet(43)) - raft.rpc.type = GRPC (default)
2019-06-18 00:55:10,356 INFO  grpc.GrpcConfigKeys$Server (ConfUtils.java:logGet(43)) - raft.grpc.server.port = 37881 (custom)
2019-06-18 00:55:10,356 INFO  server.GrpcService (ConfUtils.java:logGet(43)) - raft.grpc.message.size.max = 33570816 (custom)
2019-06-18 00:55:10,357 INFO  server.RaftServerConfigKeys (ConfUtils.java:logGet(43)) - raft.server.log.appender.buffer.byte-limit = 33554432 (custom)
2019-06-18 00:55:10,357 INFO  server.GrpcService (ConfUtils.java:logGet(43)) - raft.grpc.flow.control.window = 1MB (=1048576) (default)
2019-06-18 00:55:10,357 INFO  server.RaftServerConfigKeys (ConfUtils.java:logGet(43)) - raft.server.rpc.request.timeout = 3000ms (default)
2019-06-18 00:55:10,359 INFO  server.RaftServerConfigKeys (ConfUtils.java:logGet(43)) - raft.server.storage.dir = [/opt/src/hadoop-ozone/tools/target/test-dir/MiniOzoneClusterImpl-5399a750-1773-41f9-b05e-c325236988da/datanode-1/data/ratis] (custom)
2019-06-18 00:55:10,359 INFO  server.XceiverServerGrpc (XceiverServerGrpc.java:<init>(97)) - Found a free port for the server : 43135
2019-06-18 00:55:10,360 INFO  replication.SimpleContainerDownloader (SimpleContainerDownloader.java:<init>(72)) - Starting container downloader service to copy containers to replicate.
2019-06-18 00:55:10,367 INFO  hdfs.DFSUtil (DFSUtil.java:httpServerTemplateForNNAndJN(1641)) - Starting Web-server for hddsDatanode at: http://0.0.0.0:0
2019-06-18 00:55:10,368 INFO  server.AuthenticationFilter (AuthenticationFilter.java:constructSecretProvider(240)) - Unable to initialize FileSignerSecretProvider, falling back to use random secrets.
2019-06-18 00:55:10,377 WARN  http.HttpRequestLog (HttpRequestLog.java:getRequestLog(97)) - Jetty request log can only be enabled using Log4j
2019-06-18 00:55:10,380 INFO  http.HttpServer2 (HttpServer2.java:addGlobalFilter(975)) - Added global filter 'safety' (class=org.apache.hadoop.http.HttpServer2$QuotingInputFilter)
2019-06-18 00:55:10,380 INFO  http.HttpServer2 (HttpServer2.java:addFilter(948)) - Added filter static_user_filter (class=org.apache.hadoop.http.lib.StaticUserWebFilter$StaticUserFilter) to context hddsDatanode
2019-06-18 00:55:10,380 INFO  http.HttpServer2 (HttpServer2.java:addFilter(958)) - Added filter static_user_filter (class=org.apache.hadoop.http.lib.StaticUserWebFilter$StaticUserFilter) to context logs
2019-06-18 00:55:10,381 INFO  http.HttpServer2 (HttpServer2.java:addFilter(958)) - Added filter static_user_filter (class=org.apache.hadoop.http.lib.StaticUserWebFilter$StaticUserFilter) to context static
2019-06-18 00:55:10,381 INFO  http.HttpServer2 (HttpServer2.java:bindListener(1191)) - Jetty bound to port 34043
2019-06-18 00:55:10,382 INFO  server.Server (Server.java:doStart(351)) - jetty-9.3.24.v20180605, build timestamp: 2018-06-05T17:11:56Z, git hash: 84205aa28f11a4f31f2a3b86d1bba2cc8ab69827
2019-06-18 00:55:10,399 INFO  handler.ContextHandler (ContextHandler.java:doStart(781)) - Started o.e.j.s.ServletContextHandler@56382bc9{/logs,file:///opt/src/hadoop-ozone/tools/target/log,AVAILABLE}
2019-06-18 00:55:10,401 INFO  handler.ContextHandler (ContextHandler.java:doStart(781)) - Started o.e.j.s.ServletContextHandler@53ed80d3{/static,file:///opt/src/hadoop-hdds/container-service/target/classes/webapps/static,AVAILABLE}
2019-06-18 00:55:10,421 INFO  handler.ContextHandler (ContextHandler.java:doStart(781)) - Started o.e.j.w.WebAppContext@3e906375{/,file:///opt/src/hadoop-hdds/container-service/target/classes/webapps/hddsDatanode/,AVAILABLE}{/hddsDatanode}
2019-06-18 00:55:10,422 INFO  server.AbstractConnector (AbstractConnector.java:doStart(278)) - Started ServerConnector@40230eb9{HTTP/1.1,[http/1.1]}{0.0.0.0:34043}
2019-06-18 00:55:10,422 INFO  server.Server (Server.java:doStart(419)) - Started @6289ms
2019-06-18 00:55:10,423 INFO  server.BaseHttpServer (BaseHttpServer.java:updateConnectorAddress(207)) - HTTP server of HDDSDATANODE is listening at http://0.0.0.0:34043
2019-06-18 00:55:10,466 INFO  datanode.InitDatanodeState (InitDatanodeState.java:persistContainerDatanodeDetails(140)) - DatanodeDetails is persisted to /opt/src/hadoop-ozone/tools/target/test-dir/MiniOzoneClusterImpl-5399a750-1773-41f9-b05e-c325236988da/datanode-0/meta/datanode.id
2019-06-18 00:55:10,667 INFO  ozone.HddsDatanodeService (HddsDatanodeService.java:startPlugins(396)) - Started plug-in org.apache.hadoop.ozone.web.OzoneHddsDatanodeService@16aed49f
2019-06-18 00:55:10,667 INFO  impl.MetricsSystemImpl (MetricsSystemImpl.java:init(158)) - HddsDatanode metrics system started (again)
2019-06-18 00:55:10,668 INFO  ozone.HddsDatanodeService (HddsDatanodeService.java:start(185)) - HddsDatanodeService host:ozone-unit-076618677d3mmbrd-1653384491 ip:192.168.46.37
2019-06-18 00:55:10,673 INFO  util.JvmPauseMonitor (JvmPauseMonitor.java:run(188)) - Starting JVM pause monitor
2019-06-18 00:55:10,690 INFO  volume.HddsVolume (HddsVolume.java:<init>(176)) - Creating Volume: /opt/src/hadoop-ozone/tools/target/test-dir/MiniOzoneClusterImpl-5399a750-1773-41f9-b05e-c325236988da/datanode-2/data/containers/hdds of  storage type : DISK and capacity : 104021790720
2019-06-18 00:55:10,690 INFO  volume.VolumeSet (VolumeSet.java:initializeVolumeSet(170)) - Added Volume : /opt/src/hadoop-ozone/tools/target/test-dir/MiniOzoneClusterImpl-5399a750-1773-41f9-b05e-c325236988da/datanode-2/data/containers/hdds to VolumeSet
2019-06-18 00:55:10,690 INFO  volume.ThrottledAsyncChecker (ThrottledAsyncChecker.java:schedule(140)) - Scheduling a check for org.apache.hadoop.ozone.container.common.volume.HddsVolume@5f1483fd
2019-06-18 00:55:10,691 INFO  datanode.InitDatanodeState (InitDatanodeState.java:persistContainerDatanodeDetails(140)) - DatanodeDetails is persisted to /opt/src/hadoop-ozone/tools/target/test-dir/MiniOzoneClusterImpl-5399a750-1773-41f9-b05e-c325236988da/datanode-1/meta/datanode.id
2019-06-18 00:55:10,693 INFO  volume.HddsVolumeChecker (HddsVolumeChecker.java:checkAllVolumes(203)) - Scheduled health check for volume org.apache.hadoop.ozone.container.common.volume.HddsVolume@5f1483fd
2019-06-18 00:55:10,708 INFO  ratis.XceiverServerRatis (XceiverServerRatis.java:newXceiverServerRatis(401)) - Found a free port for the server : 45581
2019-06-18 00:55:10,709 INFO  impl.RaftServerProxy (ConfUtils.java:logGet(43)) - raft.rpc.type = GRPC (default)
2019-06-18 00:55:10,709 INFO  grpc.GrpcConfigKeys$Server (ConfUtils.java:logGet(43)) - raft.grpc.server.port = 45581 (custom)
2019-06-18 00:55:10,710 INFO  server.GrpcService (ConfUtils.java:logGet(43)) - raft.grpc.message.size.max = 33570816 (custom)
2019-06-18 00:55:10,710 INFO  server.RaftServerConfigKeys (ConfUtils.java:logGet(43)) - raft.server.log.appender.buffer.byte-limit = 33554432 (custom)
2019-06-18 00:55:10,710 INFO  server.GrpcService (ConfUtils.java:logGet(43)) - raft.grpc.flow.control.window = 1MB (=1048576) (default)
2019-06-18 00:55:10,711 INFO  server.RaftServerConfigKeys (ConfUtils.java:logGet(43)) - raft.server.rpc.request.timeout = 3000ms (default)
2019-06-18 00:55:10,711 INFO  server.RaftServerConfigKeys (ConfUtils.java:logGet(43)) - raft.server.storage.dir = [/opt/src/hadoop-ozone/tools/target/test-dir/MiniOzoneClusterImpl-5399a750-1773-41f9-b05e-c325236988da/datanode-2/data/ratis] (custom)
2019-06-18 00:55:10,712 INFO  server.XceiverServerGrpc (XceiverServerGrpc.java:<init>(97)) - Found a free port for the server : 44093
2019-06-18 00:55:10,712 INFO  replication.SimpleContainerDownloader (SimpleContainerDownloader.java:<init>(72)) - Starting container downloader service to copy containers to replicate.
2019-06-18 00:55:10,714 INFO  hdfs.DFSUtil (DFSUtil.java:httpServerTemplateForNNAndJN(1641)) - Starting Web-server for hddsDatanode at: http://0.0.0.0:0
2019-06-18 00:55:10,715 INFO  server.AuthenticationFilter (AuthenticationFilter.java:constructSecretProvider(240)) - Unable to initialize FileSignerSecretProvider, falling back to use random secrets.
2019-06-18 00:55:10,722 WARN  http.HttpRequestLog (HttpRequestLog.java:getRequestLog(97)) - Jetty request log can only be enabled using Log4j
2019-06-18 00:55:10,723 INFO  http.HttpServer2 (HttpServer2.java:addGlobalFilter(975)) - Added global filter 'safety' (class=org.apache.hadoop.http.HttpServer2$QuotingInputFilter)
2019-06-18 00:55:10,724 INFO  http.HttpServer2 (HttpServer2.java:addFilter(948)) - Added filter static_user_filter (class=org.apache.hadoop.http.lib.StaticUserWebFilter$StaticUserFilter) to context hddsDatanode
2019-06-18 00:55:10,724 INFO  http.HttpServer2 (HttpServer2.java:addFilter(958)) - Added filter static_user_filter (class=org.apache.hadoop.http.lib.StaticUserWebFilter$StaticUserFilter) to context static
2019-06-18 00:55:10,724 INFO  http.HttpServer2 (HttpServer2.java:addFilter(958)) - Added filter static_user_filter (class=org.apache.hadoop.http.lib.StaticUserWebFilter$StaticUserFilter) to context logs
2019-06-18 00:55:10,725 INFO  http.HttpServer2 (HttpServer2.java:bindListener(1191)) - Jetty bound to port 45579
2019-06-18 00:55:10,725 INFO  server.Server (Server.java:doStart(351)) - jetty-9.3.24.v20180605, build timestamp: 2018-06-05T17:11:56Z, git hash: 84205aa28f11a4f31f2a3b86d1bba2cc8ab69827
2019-06-18 00:55:10,733 INFO  handler.ContextHandler (ContextHandler.java:doStart(781)) - Started o.e.j.s.ServletContextHandler@fb49fdf{/logs,file:///opt/src/hadoop-ozone/tools/target/log,AVAILABLE}
2019-06-18 00:55:10,734 INFO  handler.ContextHandler (ContextHandler.java:doStart(781)) - Started o.e.j.s.ServletContextHandler@7da34b26{/static,file:///opt/src/hadoop-hdds/container-service/target/classes/webapps/static,AVAILABLE}
2019-06-18 00:55:10,738 INFO  handler.ContextHandler (ContextHandler.java:doStart(781)) - Started o.e.j.w.WebAppContext@3c9c6245{/,file:///opt/src/hadoop-hdds/container-service/target/classes/webapps/hddsDatanode/,AVAILABLE}{/hddsDatanode}
2019-06-18 00:55:10,739 INFO  server.AbstractConnector (AbstractConnector.java:doStart(278)) - Started ServerConnector@6d0be7ab{HTTP/1.1,[http/1.1]}{0.0.0.0:45579}
2019-06-18 00:55:10,739 INFO  server.Server (Server.java:doStart(419)) - Started @6606ms
2019-06-18 00:55:10,740 INFO  server.BaseHttpServer (BaseHttpServer.java:updateConnectorAddress(207)) - HTTP server of HDDSDATANODE is listening at http://0.0.0.0:45579
2019-06-18 00:55:11,010 INFO  ozone.HddsDatanodeService (HddsDatanodeService.java:startPlugins(396)) - Started plug-in org.apache.hadoop.ozone.web.OzoneHddsDatanodeService@a6c54c3
2019-06-18 00:55:11,011 INFO  ozone.MiniOzoneClusterImpl (MiniOzoneClusterImpl.java:lambda$waitForClusterToBeReady$0(142)) - Waiting for cluster to be ready. Got 0 of 3 DN Heartbeats.
2019-06-18 00:55:11,030 INFO  util.JvmPauseMonitor (JvmPauseMonitor.java:run(188)) - Starting JVM pause monitor
2019-06-18 00:55:11,032 INFO  datanode.InitDatanodeState (InitDatanodeState.java:persistContainerDatanodeDetails(140)) - DatanodeDetails is persisted to /opt/src/hadoop-ozone/tools/target/test-dir/MiniOzoneClusterImpl-5399a750-1773-41f9-b05e-c325236988da/datanode-2/meta/datanode.id
2019-06-18 00:55:12,012 INFO  ozone.MiniOzoneClusterImpl (MiniOzoneClusterImpl.java:lambda$waitForClusterToBeReady$0(142)) - Waiting for cluster to be ready. Got 0 of 3 DN Heartbeats.
2019-06-18 00:55:12,309 INFO  ozoneimpl.OzoneContainer (OzoneContainer.java:start(186)) - Attempting to start container services.
2019-06-18 00:55:12,310 INFO  ozoneimpl.OzoneContainer (OzoneContainer.java:startContainerScrub(160)) - Background container scrubber has been disabled by hdds.containerscrub.enabled
2019-06-18 00:55:12,310 INFO  ratis.XceiverServerRatis (XceiverServerRatis.java:start(418)) - Starting XceiverServerRatis bc1de2a2-9f8c-4685-9b1c-ce74acee7d55 at port 41187
2019-06-18 00:55:12,330 INFO  impl.RaftServerProxy (RaftServerProxy.java:lambda$start$3(299)) - bc1de2a2-9f8c-4685-9b1c-ce74acee7d55: start RPC server
2019-06-18 00:55:12,531 INFO  server.GrpcService (GrpcService.java:startImpl(148)) - bc1de2a2-9f8c-4685-9b1c-ce74acee7d55: GrpcService started, listening on 0.0.0.0/0.0.0.0:41187
2019-06-18 00:55:12,682 INFO  ozoneimpl.OzoneContainer (OzoneContainer.java:start(186)) - Attempting to start container services.
2019-06-18 00:55:12,684 INFO  ozoneimpl.OzoneContainer (OzoneContainer.java:startContainerScrub(160)) - Background container scrubber has been disabled by hdds.containerscrub.enabled
2019-06-18 00:55:12,685 INFO  ratis.XceiverServerRatis (XceiverServerRatis.java:start(418)) - Starting XceiverServerRatis 649ea7bc-3e95-4016-bff1-2e07edbf4dd7 at port 37881
2019-06-18 00:55:12,692 INFO  impl.RaftServerProxy (RaftServerProxy.java:lambda$start$3(299)) - 649ea7bc-3e95-4016-bff1-2e07edbf4dd7: start RPC server
2019-06-18 00:55:12,694 INFO  server.GrpcService (GrpcService.java:startImpl(148)) - 649ea7bc-3e95-4016-bff1-2e07edbf4dd7: GrpcService started, listening on 0.0.0.0/0.0.0.0:37881
2019-06-18 00:55:13,012 INFO  ozone.MiniOzoneClusterImpl (MiniOzoneClusterImpl.java:lambda$waitForClusterToBeReady$0(142)) - Waiting for cluster to be ready. Got 0 of 3 DN Heartbeats.
2019-06-18 00:55:13,035 INFO  ozoneimpl.OzoneContainer (OzoneContainer.java:start(186)) - Attempting to start container services.
2019-06-18 00:55:13,037 INFO  ozoneimpl.OzoneContainer (OzoneContainer.java:startContainerScrub(160)) - Background container scrubber has been disabled by hdds.containerscrub.enabled
2019-06-18 00:55:13,037 INFO  ratis.XceiverServerRatis (XceiverServerRatis.java:start(418)) - Starting XceiverServerRatis 0f6e5a47-07d4-4501-8367-2982b3ed382e at port 45581
2019-06-18 00:55:13,065 INFO  impl.RaftServerProxy (RaftServerProxy.java:lambda$start$3(299)) - 0f6e5a47-07d4-4501-8367-2982b3ed382e: start RPC server
2019-06-18 00:55:13,067 INFO  server.GrpcService (GrpcService.java:startImpl(148)) - 0f6e5a47-07d4-4501-8367-2982b3ed382e: GrpcService started, listening on 0.0.0.0/0.0.0.0:45581
2019-06-18 00:55:14,013 INFO  ozone.MiniOzoneClusterImpl (MiniOzoneClusterImpl.java:lambda$waitForClusterToBeReady$0(142)) - Waiting for cluster to be ready. Got 0 of 3 DN Heartbeats.
2019-06-18 00:55:14,310 INFO  net.NetworkTopology (NetworkTopologyImpl.java:add(109)) - Added a new node: /default-rack/192.168.46.37
2019-06-18 00:55:14,311 INFO  node.SCMNodeManager (SCMNodeManager.java:register(269)) - Registered Data node : bc1de2a2-9f8c-4685-9b1c-ce74acee7d55{ip: 192.168.46.37, host: ozone-unit-076618677d3mmbrd-1653384491, networkLocation: /default-rack, certSerialId: null}
2019-06-18 00:55:14,334 INFO  safemode.SCMSafeModeManager (DataNodeSafeModeRule.java:process(71)) - SCM in safe mode. 1 DataNodes registered, 1 required.
2019-06-18 00:55:14,349 INFO  safemode.SCMSafeModeManager (SCMSafeModeManager.java:validateSafeModeExitRules(177)) - ScmSafeModeManager, all rules are successfully validated
2019-06-18 00:55:14,350 INFO  safemode.SCMSafeModeManager (SCMSafeModeManager.java:exitSafeMode(193)) - SCM exiting safe mode.
2019-06-18 00:55:14,675 INFO  node.SCMNodeManager (SCMNodeManager.java:register(269)) - Registered Data node : 649ea7bc-3e95-4016-bff1-2e07edbf4dd7{ip: 192.168.46.37, host: ozone-unit-076618677d3mmbrd-1653384491, networkLocation: /default-rack, certSerialId: null}
2019-06-18 00:55:14,830 INFO  impl.RaftServerProxy (RaftServerProxy.java:addNew(89)) - bc1de2a2-9f8c-4685-9b1c-ce74acee7d55: addNew group-C3E6A463AA28:[bc1de2a2-9f8c-4685-9b1c-ce74acee7d55:192.168.46.37:41187] returns group-C3E6A463AA28:java.util.concurrent.CompletableFuture@5b5bf48f[Not completed]
2019-06-18 00:55:14,841 INFO  impl.RaftServerImpl (RaftServerImpl.java:<init>(91)) - bc1de2a2-9f8c-4685-9b1c-ce74acee7d55: new RaftServerImpl for group-C3E6A463AA28:[bc1de2a2-9f8c-4685-9b1c-ce74acee7d55:192.168.46.37:41187] with ContainerStateMachine:uninitialized
2019-06-18 00:55:14,843 INFO  server.RaftServerConfigKeys (ConfUtils.java:logGet(43)) - raft.server.rpc.timeout.min = 1s (custom)
2019-06-18 00:55:14,844 INFO  server.RaftServerConfigKeys (ConfUtils.java:logGet(43)) - raft.server.rpc.timeout.max = 1200ms (custom)
2019-06-18 00:55:14,844 INFO  server.RaftServerConfigKeys (ConfUtils.java:logGet(43)) - raft.server.rpcslowness.timeout = 120s (custom)
2019-06-18 00:55:14,845 INFO  server.RaftServerConfigKeys (ConfUtils.java:logGet(43)) - raft.server.log.appender.install.snapshot.enabled = true (default)
2019-06-18 00:55:14,852 INFO  impl.RaftServerImpl (ServerState.java:<init>(101)) - bc1de2a2-9f8c-4685-9b1c-ce74acee7d55:group-C3E6A463AA28 ConfigurationManager, init=-1: [bc1de2a2-9f8c-4685-9b1c-ce74acee7d55:192.168.46.37:41187], old=null, confs=<EMPTY_MAP>
2019-06-18 00:55:14,852 INFO  server.RaftServerConfigKeys (ConfUtils.java:logGet(43)) - raft.server.storage.dir = [/opt/src/hadoop-ozone/tools/target/test-dir/MiniOzoneClusterImpl-5399a750-1773-41f9-b05e-c325236988da/datanode-0/data/ratis] (custom)
2019-06-18 00:55:14,859 INFO  storage.RaftStorageDirectory (RaftStorageDirectory.java:analyzeStorage(246)) - The storage directory /opt/src/hadoop-ozone/tools/target/test-dir/MiniOzoneClusterImpl-5399a750-1773-41f9-b05e-c325236988da/datanode-0/data/ratis/27664144-1817-450d-a0ed-c3e6a463aa28 does not exist. Creating ...
2019-06-18 00:55:14,865 INFO  storage.RaftStorageDirectory (RaftStorageDirectory.java:tryLock(328)) - Lock on /opt/src/hadoop-ozone/tools/target/test-dir/MiniOzoneClusterImpl-5399a750-1773-41f9-b05e-c325236988da/datanode-0/data/ratis/27664144-1817-450d-a0ed-c3e6a463aa28/in_use.lock acquired by nodename 18222@ozone-unit-076618677d3mmbrd-1653384491
2019-06-18 00:55:14,869 INFO  storage.RaftStorage (RaftStorage.java:format(75)) - Storage directory /opt/src/hadoop-ozone/tools/target/test-dir/MiniOzoneClusterImpl-5399a750-1773-41f9-b05e-c325236988da/datanode-0/data/ratis/27664144-1817-450d-a0ed-c3e6a463aa28 has been successfully formatted.
2019-06-18 00:55:14,871 INFO  ratis.ContainerStateMachine (ContainerStateMachine.java:loadSnapshot(199)) - The snapshot info is null.Setting the last applied index to:(t:0, i:~)
2019-06-18 00:55:14,871 INFO  server.RaftServerConfigKeys (ConfUtils.java:logGet(43)) - raft.server.leader.election.timeout = 120s (custom)
2019-06-18 00:55:14,873 INFO  server.RaftServerConfigKeys (ConfUtils.java:logGet(43)) - raft.server.log.use.memory = false (default)
2019-06-18 00:55:14,876 INFO  server.RaftServerConfigKeys (ConfUtils.java:logGet(43)) - raft.server.log.appender.buffer.byte-limit = 33554432 (custom)
2019-06-18 00:55:14,879 INFO  server.RaftServerConfigKeys (ConfUtils.java:logGet(43)) - raft.server.log.segment.size.max = 16384 (custom)
2019-06-18 00:55:14,884 INFO  server.RaftServerConfigKeys (ConfUtils.java:logGet(43)) - raft.server.log.segment.cache.num.max = 2 (custom)
2019-06-18 00:55:14,891 INFO  storage.RaftLogWorker (RaftLogWorker.java:<init>(123)) - new bc1de2a2-9f8c-4685-9b1c-ce74acee7d55-RaftLogWorker for Storage Directory /opt/src/hadoop-ozone/tools/target/test-dir/MiniOzoneClusterImpl-5399a750-1773-41f9-b05e-c325236988da/datanode-0/data/ratis/27664144-1817-450d-a0ed-c3e6a463aa28
2019-06-18 00:55:14,892 INFO  server.RaftServerConfigKeys (ConfUtils.java:logGet(43)) - raft.server.log.queue.byte-limit = 2147483647 (custom)
2019-06-18 00:55:14,892 INFO  server.RaftServerConfigKeys (ConfUtils.java:logGet(43)) - raft.server.log.queue.element-limit = 1024 (custom)
2019-06-18 00:55:14,894 INFO  server.RaftServerConfigKeys (ConfUtils.java:logGet(43)) - raft.server.log.segment.size.max = 16384 (custom)
2019-06-18 00:55:14,895 INFO  server.RaftServerConfigKeys (ConfUtils.java:logGet(43)) - raft.server.log.preallocated.size = 16384 (custom)
2019-06-18 00:55:14,895 INFO  server.RaftServerConfigKeys (ConfUtils.java:logGet(43)) - raft.server.log.write.buffer.size = 33554432 (custom)
2019-06-18 00:55:14,896 INFO  server.RaftServerConfigKeys (ConfUtils.java:logGet(43)) - raft.server.log.force.sync.num = 128 (default)
2019-06-18 00:55:14,897 INFO  server.RaftServerConfigKeys (ConfUtils.java:logGet(43)) - raft.server.log.statemachine.data.sync = true (default)
2019-06-18 00:55:14,897 INFO  server.RaftServerConfigKeys (ConfUtils.java:logGet(43)) - raft.server.log.statemachine.data.sync.timeout = 10s (default)
2019-06-18 00:55:14,898 INFO  server.RaftServerConfigKeys (ConfUtils.java:logGet(43)) - raft.server.log.statemachine.data.sync.timeout.retry = -1 (default)
2019-06-18 00:55:14,901 INFO  server.RaftServerConfigKeys (ConfUtils.java:logGet(43)) - raft.server.log.statemachine.data.caching.enabled = true (custom)
2019-06-18 00:55:14,907 INFO  server.RaftServerConfigKeys (ConfUtils.java:logGet(43)) - raft.server.snapshot.auto.trigger.enabled = true (custom)
2019-06-18 00:55:14,908 INFO  server.RaftServerConfigKeys (ConfUtils.java:logGet(43)) - raft.server.snapshot.auto.trigger.threshold = 10000 (custom)
2019-06-18 00:55:14,909 INFO  server.RaftServerConfigKeys (ConfUtils.java:logGet(43)) - raft.server.retrycache.expirytime = 600000ms (custom)
2019-06-18 00:55:14,930 INFO  impl.RaftServerImpl (RaftServerImpl.java:start(173)) - bc1de2a2-9f8c-4685-9b1c-ce74acee7d55: start group-C3E6A463AA28
2019-06-18 00:55:14,932 INFO  impl.RaftServerImpl (RaftServerImpl.java:setRole(164)) - bc1de2a2-9f8c-4685-9b1c-ce74acee7d55:group-C3E6A463AA28 changes role from null to FOLLOWER at term 0 for startAsFollower
2019-06-18 00:55:14,933 INFO  impl.RoleInfo (RoleInfo.java:updateAndGet(143)) - bc1de2a2-9f8c-4685-9b1c-ce74acee7d55: start FollowerState
2019-06-18 00:55:14,935 INFO  util.JmxRegister (JmxRegister.java:tryRegister(44)) - Successfully registered JMX Bean with object name Ratis:service=RaftServer,group=group-C3E6A463AA28,id=bc1de2a2-9f8c-4685-9b1c-ce74acee7d55
2019-06-18 00:55:15,198 INFO  ozone.MiniOzoneClusterImpl (MiniOzoneClusterImpl.java:lambda$waitForClusterToBeReady$0(142)) - Waiting for cluster to be ready. Got 2 of 3 DN Heartbeats.
2019-06-18 00:55:15,202 INFO  node.SCMNodeManager (SCMNodeManager.java:register(269)) - Registered Data node : 0f6e5a47-07d4-4501-8367-2982b3ed382e{ip: 192.168.46.37, host: ozone-unit-076618677d3mmbrd-1653384491, networkLocation: /default-rack, certSerialId: null}
2019-06-18 00:55:15,244 INFO  pipeline.PipelineStateManager (PipelineStateManager.java:addPipeline(56)) - Created pipeline Pipeline[ Id: 27664144-1817-450d-a0ed-c3e6a463aa28, Nodes: bc1de2a2-9f8c-4685-9b1c-ce74acee7d55{ip: 192.168.46.37, host: ozone-unit-076618677d3mmbrd-1653384491, networkLocation: /default-rack, certSerialId: null}, Type:RATIS, Factor:ONE, State:OPEN]
2019-06-18 00:55:15,261 INFO  impl.RaftServerProxy (RaftServerProxy.java:addNew(89)) - 0f6e5a47-07d4-4501-8367-2982b3ed382e: addNew group-F6FC2E9EEEE5:[0f6e5a47-07d4-4501-8367-2982b3ed382e:192.168.46.37:45581] returns group-F6FC2E9EEEE5:java.util.concurrent.CompletableFuture@40d49271[Not completed]
2019-06-18 00:55:15,285 INFO  impl.RaftServerImpl (RaftServerImpl.java:<init>(91)) - 0f6e5a47-07d4-4501-8367-2982b3ed382e: new RaftServerImpl for group-F6FC2E9EEEE5:[0f6e5a47-07d4-4501-8367-2982b3ed382e:192.168.46.37:45581] with ContainerStateMachine:uninitialized
2019-06-18 00:55:15,287 INFO  server.RaftServerConfigKeys (ConfUtils.java:logGet(43)) - raft.server.rpc.timeout.min = 1s (custom)
2019-06-18 00:55:15,287 INFO  server.RaftServerConfigKeys (ConfUtils.java:logGet(43)) - raft.server.rpc.timeout.max = 1200ms (custom)
2019-06-18 00:55:15,287 INFO  server.RaftServerConfigKeys (ConfUtils.java:logGet(43)) - raft.server.rpcslowness.timeout = 120s (custom)
2019-06-18 00:55:15,287 INFO  server.RaftServerConfigKeys (ConfUtils.java:logGet(43)) - raft.server.log.appender.install.snapshot.enabled = true (default)
2019-06-18 00:55:15,287 INFO  impl.RaftServerImpl (ServerState.java:<init>(101)) - 0f6e5a47-07d4-4501-8367-2982b3ed382e:group-F6FC2E9EEEE5 ConfigurationManager, init=-1: [0f6e5a47-07d4-4501-8367-2982b3ed382e:192.168.46.37:45581], old=null, confs=<EMPTY_MAP>
2019-06-18 00:55:15,288 INFO  server.RaftServerConfigKeys (ConfUtils.java:logGet(43)) - raft.server.storage.dir = [/opt/src/hadoop-ozone/tools/target/test-dir/MiniOzoneClusterImpl-5399a750-1773-41f9-b05e-c325236988da/datanode-2/data/ratis] (custom)
2019-06-18 00:55:15,288 INFO  storage.RaftStorageDirectory (RaftStorageDirectory.java:analyzeStorage(246)) - The storage directory /opt/src/hadoop-ozone/tools/target/test-dir/MiniOzoneClusterImpl-5399a750-1773-41f9-b05e-c325236988da/datanode-2/data/ratis/237d1759-bad3-4e03-9431-f6fc2e9eeee5 does not exist. Creating ...
2019-06-18 00:55:15,291 INFO  storage.RaftStorageDirectory (RaftStorageDirectory.java:tryLock(328)) - Lock on /opt/src/hadoop-ozone/tools/target/test-dir/MiniOzoneClusterImpl-5399a750-1773-41f9-b05e-c325236988da/datanode-2/data/ratis/237d1759-bad3-4e03-9431-f6fc2e9eeee5/in_use.lock acquired by nodename 18222@ozone-unit-076618677d3mmbrd-1653384491
2019-06-18 00:55:15,293 INFO  storage.RaftStorage (RaftStorage.java:format(75)) - Storage directory /opt/src/hadoop-ozone/tools/target/test-dir/MiniOzoneClusterImpl-5399a750-1773-41f9-b05e-c325236988da/datanode-2/data/ratis/237d1759-bad3-4e03-9431-f6fc2e9eeee5 has been successfully formatted.
2019-06-18 00:55:15,294 INFO  ratis.ContainerStateMachine (ContainerStateMachine.java:loadSnapshot(199)) - The snapshot info is null.Setting the last applied index to:(t:0, i:~)
2019-06-18 00:55:15,295 INFO  server.RaftServerConfigKeys (ConfUtils.java:logGet(43)) - raft.server.leader.election.timeout = 120s (custom)
2019-06-18 00:55:15,295 INFO  server.RaftServerConfigKeys (ConfUtils.java:logGet(43)) - raft.server.log.use.memory = false (default)
2019-06-18 00:55:15,295 INFO  server.RaftServerConfigKeys (ConfUtils.java:logGet(43)) - raft.server.log.appender.buffer.byte-limit = 33554432 (custom)
2019-06-18 00:55:15,295 INFO  server.RaftServerConfigKeys (ConfUtils.java:logGet(43)) - raft.server.log.segment.size.max = 16384 (custom)
2019-06-18 00:55:15,295 INFO  server.RaftServerConfigKeys (ConfUtils.java:logGet(43)) - raft.server.log.segment.cache.num.max = 2 (custom)
2019-06-18 00:55:15,295 INFO  storage.RaftLogWorker (RaftLogWorker.java:<init>(123)) - new 0f6e5a47-07d4-4501-8367-2982b3ed382e-RaftLogWorker for Storage Directory /opt/src/hadoop-ozone/tools/target/test-dir/MiniOzoneClusterImpl-5399a750-1773-41f9-b05e-c325236988da/datanode-2/data/ratis/237d1759-bad3-4e03-9431-f6fc2e9eeee5
2019-06-18 00:55:15,296 INFO  server.RaftServerConfigKeys (ConfUtils.java:logGet(43)) - raft.server.log.queue.byte-limit = 2147483647 (custom)
2019-06-18 00:55:15,296 INFO  server.RaftServerConfigKeys (ConfUtils.java:logGet(43)) - raft.server.log.queue.element-limit = 1024 (custom)
2019-06-18 00:55:15,296 INFO  server.RaftServerConfigKeys (ConfUtils.java:logGet(43)) - raft.server.log.segment.size.max = 16384 (custom)
2019-06-18 00:55:15,297 INFO  server.RaftServerConfigKeys (ConfUtils.java:logGet(43)) - raft.server.log.preallocated.size = 16384 (custom)
2019-06-18 00:55:15,297 INFO  server.RaftServerConfigKeys (ConfUtils.java:logGet(43)) - raft.server.log.write.buffer.size = 33554432 (custom)
2019-06-18 00:55:15,297 INFO  server.RaftServerConfigKeys (ConfUtils.java:logGet(43)) - raft.server.log.force.sync.num = 128 (default)
2019-06-18 00:55:15,297 INFO  server.RaftServerConfigKeys (ConfUtils.java:logGet(43)) - raft.server.log.statemachine.data.sync = true (default)
2019-06-18 00:55:15,297 INFO  server.RaftServerConfigKeys (ConfUtils.java:logGet(43)) - raft.server.log.statemachine.data.sync.timeout = 10s (default)
2019-06-18 00:55:15,297 INFO  server.RaftServerConfigKeys (ConfUtils.java:logGet(43)) - raft.server.log.statemachine.data.sync.timeout.retry = -1 (default)
2019-06-18 00:55:15,298 INFO  server.RaftServerConfigKeys (ConfUtils.java:logGet(43)) - raft.server.log.statemachine.data.caching.enabled = true (custom)
2019-06-18 00:55:15,298 INFO  server.RaftServerConfigKeys (ConfUtils.java:logGet(43)) - raft.server.snapshot.auto.trigger.enabled = true (custom)
2019-06-18 00:55:15,298 INFO  server.RaftServerConfigKeys (ConfUtils.java:logGet(43)) - raft.server.snapshot.auto.trigger.threshold = 10000 (custom)
2019-06-18 00:55:15,299 INFO  server.RaftServerConfigKeys (ConfUtils.java:logGet(43)) - raft.server.retrycache.expirytime = 600000ms (custom)
2019-06-18 00:55:15,299 INFO  impl.RaftServerImpl (RaftServerImpl.java:start(173)) - 0f6e5a47-07d4-4501-8367-2982b3ed382e: start group-F6FC2E9EEEE5
2019-06-18 00:55:15,299 INFO  impl.RaftServerImpl (RaftServerImpl.java:setRole(164)) - 0f6e5a47-07d4-4501-8367-2982b3ed382e:group-F6FC2E9EEEE5 changes role from null to FOLLOWER at term 0 for startAsFollower
2019-06-18 00:55:15,299 INFO  impl.RoleInfo (RoleInfo.java:updateAndGet(143)) - 0f6e5a47-07d4-4501-8367-2982b3ed382e: start FollowerState
2019-06-18 00:55:15,300 INFO  util.JmxRegister (JmxRegister.java:tryRegister(44)) - Successfully registered JMX Bean with object name Ratis:service=RaftServer,group=group-F6FC2E9EEEE5,id=0f6e5a47-07d4-4501-8367-2982b3ed382e
2019-06-18 00:55:15,319 INFO  pipeline.PipelineStateManager (PipelineStateManager.java:addPipeline(56)) - Created pipeline Pipeline[ Id: 237d1759-bad3-4e03-9431-f6fc2e9eeee5, Nodes: 0f6e5a47-07d4-4501-8367-2982b3ed382e{ip: 192.168.46.37, host: ozone-unit-076618677d3mmbrd-1653384491, networkLocation: /default-rack, certSerialId: null}, Type:RATIS, Factor:ONE, State:OPEN]
2019-06-18 00:55:15,338 INFO  impl.RaftServerProxy (RaftServerProxy.java:addNew(89)) - 649ea7bc-3e95-4016-bff1-2e07edbf4dd7: addNew group-D65BB80D6526:[649ea7bc-3e95-4016-bff1-2e07edbf4dd7:192.168.46.37:37881] returns group-D65BB80D6526:java.util.concurrent.CompletableFuture@12b84f63[Not completed]
2019-06-18 00:55:15,342 INFO  impl.RaftServerImpl (RaftServerImpl.java:<init>(91)) - 649ea7bc-3e95-4016-bff1-2e07edbf4dd7: new RaftServerImpl for group-D65BB80D6526:[649ea7bc-3e95-4016-bff1-2e07edbf4dd7:192.168.46.37:37881] with ContainerStateMachine:uninitialized
2019-06-18 00:55:15,343 INFO  server.RaftServerConfigKeys (ConfUtils.java:logGet(43)) - raft.server.rpc.timeout.min = 1s (custom)
2019-06-18 00:55:15,343 INFO  server.RaftServerConfigKeys (ConfUtils.java:logGet(43)) - raft.server.rpc.timeout.max = 1200ms (custom)
2019-06-18 00:55:15,343 INFO  server.RaftServerConfigKeys (ConfUtils.java:logGet(43)) - raft.server.rpcslowness.timeout = 120s (custom)
2019-06-18 00:55:15,343 INFO  server.RaftServerConfigKeys (ConfUtils.java:logGet(43)) - raft.server.log.appender.install.snapshot.enabled = true (default)
2019-06-18 00:55:15,344 INFO  impl.RaftServerImpl (ServerState.java:<init>(101)) - 649ea7bc-3e95-4016-bff1-2e07edbf4dd7:group-D65BB80D6526 ConfigurationManager, init=-1: [649ea7bc-3e95-4016-bff1-2e07edbf4dd7:192.168.46.37:37881], old=null, confs=<EMPTY_MAP>
2019-06-18 00:55:15,344 INFO  server.RaftServerConfigKeys (ConfUtils.java:logGet(43)) - raft.server.storage.dir = [/opt/src/hadoop-ozone/tools/target/test-dir/MiniOzoneClusterImpl-5399a750-1773-41f9-b05e-c325236988da/datanode-1/data/ratis] (custom)
2019-06-18 00:55:15,344 INFO  storage.RaftStorageDirectory (RaftStorageDirectory.java:analyzeStorage(246)) - The storage directory /opt/src/hadoop-ozone/tools/target/test-dir/MiniOzoneClusterImpl-5399a750-1773-41f9-b05e-c325236988da/datanode-1/data/ratis/79a99f5b-0a27-49a4-bb9e-d65bb80d6526 does not exist. Creating ...
2019-06-18 00:55:15,346 INFO  storage.RaftStorageDirectory (RaftStorageDirectory.java:tryLock(328)) - Lock on /opt/src/hadoop-ozone/tools/target/test-dir/MiniOzoneClusterImpl-5399a750-1773-41f9-b05e-c325236988da/datanode-1/data/ratis/79a99f5b-0a27-49a4-bb9e-d65bb80d6526/in_use.lock acquired by nodename 18222@ozone-unit-076618677d3mmbrd-1653384491
2019-06-18 00:55:15,349 INFO  storage.RaftStorage (RaftStorage.java:format(75)) - Storage directory /opt/src/hadoop-ozone/tools/target/test-dir/MiniOzoneClusterImpl-5399a750-1773-41f9-b05e-c325236988da/datanode-1/data/ratis/79a99f5b-0a27-49a4-bb9e-d65bb80d6526 has been successfully formatted.
2019-06-18 00:55:15,349 INFO  ratis.ContainerStateMachine (ContainerStateMachine.java:loadSnapshot(199)) - The snapshot info is null.Setting the last applied index to:(t:0, i:~)
2019-06-18 00:55:15,349 INFO  server.RaftServerConfigKeys (ConfUtils.java:logGet(43)) - raft.server.leader.election.timeout = 120s (custom)
2019-06-18 00:55:15,350 INFO  server.RaftServerConfigKeys (ConfUtils.java:logGet(43)) - raft.server.log.use.memory = false (default)
2019-06-18 00:55:15,350 INFO  server.RaftServerConfigKeys (ConfUtils.java:logGet(43)) - raft.server.log.appender.buffer.byte-limit = 33554432 (custom)
2019-06-18 00:55:15,350 INFO  server.RaftServerConfigKeys (ConfUtils.java:logGet(43)) - raft.server.log.segment.size.max = 16384 (custom)
2019-06-18 00:55:15,350 INFO  server.RaftServerConfigKeys (ConfUtils.java:logGet(43)) - raft.server.log.segment.cache.num.max = 2 (custom)
2019-06-18 00:55:15,350 INFO  storage.RaftLogWorker (RaftLogWorker.java:<init>(123)) - new 649ea7bc-3e95-4016-bff1-2e07edbf4dd7-RaftLogWorker for Storage Directory /opt/src/hadoop-ozone/tools/target/test-dir/MiniOzoneClusterImpl-5399a750-1773-41f9-b05e-c325236988da/datanode-1/data/ratis/79a99f5b-0a27-49a4-bb9e-d65bb80d6526
2019-06-18 00:55:15,350 INFO  server.RaftServerConfigKeys (ConfUtils.java:logGet(43)) - raft.server.log.queue.byte-limit = 2147483647 (custom)
2019-06-18 00:55:15,351 INFO  server.RaftServerConfigKeys (ConfUtils.java:logGet(43)) - raft.server.log.queue.element-limit = 1024 (custom)
2019-06-18 00:55:15,351 INFO  server.RaftServerConfigKeys (ConfUtils.java:logGet(43)) - raft.server.log.segment.size.max = 16384 (custom)
2019-06-18 00:55:15,351 INFO  server.RaftServerConfigKeys (ConfUtils.java:logGet(43)) - raft.server.log.preallocated.size = 16384 (custom)
2019-06-18 00:55:15,351 INFO  server.RaftServerConfigKeys (ConfUtils.java:logGet(43)) - raft.server.log.write.buffer.size = 33554432 (custom)
2019-06-18 00:55:15,351 INFO  server.RaftServerConfigKeys (ConfUtils.java:logGet(43)) - raft.server.log.force.sync.num = 128 (default)
2019-06-18 00:55:15,351 INFO  server.RaftServerConfigKeys (ConfUtils.java:logGet(43)) - raft.server.log.statemachine.data.sync = true (default)
2019-06-18 00:55:15,351 INFO  server.RaftServerConfigKeys (ConfUtils.java:logGet(43)) - raft.server.log.statemachine.data.sync.timeout = 10s (default)
2019-06-18 00:55:15,352 INFO  server.RaftServerConfigKeys (ConfUtils.java:logGet(43)) - raft.server.log.statemachine.data.sync.timeout.retry = -1 (default)
2019-06-18 00:55:15,352 INFO  server.RaftServerConfigKeys (ConfUtils.java:logGet(43)) - raft.server.log.statemachine.data.caching.enabled = true (custom)
2019-06-18 00:55:15,352 INFO  server.RaftServerConfigKeys (ConfUtils.java:logGet(43)) - raft.server.snapshot.auto.trigger.enabled = true (custom)
2019-06-18 00:55:15,352 INFO  server.RaftServerConfigKeys (ConfUtils.java:logGet(43)) - raft.server.snapshot.auto.trigger.threshold = 10000 (custom)
2019-06-18 00:55:15,353 INFO  server.RaftServerConfigKeys (ConfUtils.java:logGet(43)) - raft.server.retrycache.expirytime = 600000ms (custom)
2019-06-18 00:55:15,353 INFO  impl.RaftServerImpl (RaftServerImpl.java:start(173)) - 649ea7bc-3e95-4016-bff1-2e07edbf4dd7: start group-D65BB80D6526
2019-06-18 00:55:15,353 INFO  impl.RaftServerImpl (RaftServerImpl.java:setRole(164)) - 649ea7bc-3e95-4016-bff1-2e07edbf4dd7:group-D65BB80D6526 changes role from null to FOLLOWER at term 0 for startAsFollower
2019-06-18 00:55:15,353 INFO  impl.RoleInfo (RoleInfo.java:updateAndGet(143)) - 649ea7bc-3e95-4016-bff1-2e07edbf4dd7: start FollowerState
2019-06-18 00:55:15,354 INFO  util.JmxRegister (JmxRegister.java:tryRegister(44)) - Successfully registered JMX Bean with object name Ratis:service=RaftServer,group=group-D65BB80D6526,id=649ea7bc-3e95-4016-bff1-2e07edbf4dd7
2019-06-18 00:55:15,381 INFO  pipeline.PipelineStateManager (PipelineStateManager.java:addPipeline(56)) - Created pipeline Pipeline[ Id: 79a99f5b-0a27-49a4-bb9e-d65bb80d6526, Nodes: 649ea7bc-3e95-4016-bff1-2e07edbf4dd7{ip: 192.168.46.37, host: ozone-unit-076618677d3mmbrd-1653384491, networkLocation: /default-rack, certSerialId: null}, Type:RATIS, Factor:ONE, State:OPEN]
2019-06-18 00:55:15,434 INFO  impl.RaftServerProxy (RaftServerProxy.java:addNew(89)) - 649ea7bc-3e95-4016-bff1-2e07edbf4dd7: addNew group-71B53C89E572:[0f6e5a47-07d4-4501-8367-2982b3ed382e:192.168.46.37:45581, 649ea7bc-3e95-4016-bff1-2e07edbf4dd7:192.168.46.37:37881, bc1de2a2-9f8c-4685-9b1c-ce74acee7d55:192.168.46.37:41187] returns group-71B53C89E572:java.util.concurrent.CompletableFuture@7fca6ede[Not completed]
2019-06-18 00:55:15,435 INFO  impl.RaftServerProxy (RaftServerProxy.java:addNew(89)) - bc1de2a2-9f8c-4685-9b1c-ce74acee7d55: addNew group-71B53C89E572:[0f6e5a47-07d4-4501-8367-2982b3ed382e:192.168.46.37:45581, 649ea7bc-3e95-4016-bff1-2e07edbf4dd7:192.168.46.37:37881, bc1de2a2-9f8c-4685-9b1c-ce74acee7d55:192.168.46.37:41187] returns group-71B53C89E572:java.util.concurrent.CompletableFuture@26ed677f[Not completed]
2019-06-18 00:55:15,435 INFO  impl.RaftServerImpl (RaftServerImpl.java:<init>(91)) - 649ea7bc-3e95-4016-bff1-2e07edbf4dd7: new RaftServerImpl for group-71B53C89E572:[0f6e5a47-07d4-4501-8367-2982b3ed382e:192.168.46.37:45581, 649ea7bc-3e95-4016-bff1-2e07edbf4dd7:192.168.46.37:37881, bc1de2a2-9f8c-4685-9b1c-ce74acee7d55:192.168.46.37:41187] with ContainerStateMachine:uninitialized
2019-06-18 00:55:15,436 INFO  server.RaftServerConfigKeys (ConfUtils.java:logGet(43)) - raft.server.rpc.timeout.min = 1s (custom)
2019-06-18 00:55:15,436 INFO  server.RaftServerConfigKeys (ConfUtils.java:logGet(43)) - raft.server.rpc.timeout.max = 1200ms (custom)
2019-06-18 00:55:15,436 INFO  impl.RaftServerImpl (RaftServerImpl.java:<init>(91)) - bc1de2a2-9f8c-4685-9b1c-ce74acee7d55: new RaftServerImpl for group-71B53C89E572:[0f6e5a47-07d4-4501-8367-2982b3ed382e:192.168.46.37:45581, 649ea7bc-3e95-4016-bff1-2e07edbf4dd7:192.168.46.37:37881, bc1de2a2-9f8c-4685-9b1c-ce74acee7d55:192.168.46.37:41187] with ContainerStateMachine:uninitialized
2019-06-18 00:55:15,437 INFO  server.RaftServerConfigKeys (ConfUtils.java:logGet(43)) - raft.server.rpc.timeout.min = 1s (custom)
2019-06-18 00:55:15,437 INFO  server.RaftServerConfigKeys (ConfUtils.java:logGet(43)) - raft.server.rpc.timeout.max = 1200ms (custom)
2019-06-18 00:55:15,437 INFO  server.RaftServerConfigKeys (ConfUtils.java:logGet(43)) - raft.server.rpcslowness.timeout = 120s (custom)
2019-06-18 00:55:15,437 INFO  server.RaftServerConfigKeys (ConfUtils.java:logGet(43)) - raft.server.log.appender.install.snapshot.enabled = true (default)
2019-06-18 00:55:15,437 INFO  impl.RaftServerImpl (ServerState.java:<init>(101)) - bc1de2a2-9f8c-4685-9b1c-ce74acee7d55:group-71B53C89E572 ConfigurationManager, init=-1: [0f6e5a47-07d4-4501-8367-2982b3ed382e:192.168.46.37:45581, 649ea7bc-3e95-4016-bff1-2e07edbf4dd7:192.168.46.37:37881, bc1de2a2-9f8c-4685-9b1c-ce74acee7d55:192.168.46.37:41187], old=null, confs=<EMPTY_MAP>
2019-06-18 00:55:15,437 INFO  server.RaftServerConfigKeys (ConfUtils.java:logGet(43)) - raft.server.storage.dir = [/opt/src/hadoop-ozone/tools/target/test-dir/MiniOzoneClusterImpl-5399a750-1773-41f9-b05e-c325236988da/datanode-0/data/ratis] (custom)
2019-06-18 00:55:15,438 INFO  storage.RaftStorageDirectory (RaftStorageDirectory.java:analyzeStorage(246)) - The storage directory /opt/src/hadoop-ozone/tools/target/test-dir/MiniOzoneClusterImpl-5399a750-1773-41f9-b05e-c325236988da/datanode-0/data/ratis/a0c1a11d-5389-4d9a-8858-71b53c89e572 does not exist. Creating ...
2019-06-18 00:55:15,436 INFO  server.RaftServerConfigKeys (ConfUtils.java:logGet(43)) - raft.server.rpcslowness.timeout = 120s (custom)
2019-06-18 00:55:15,438 INFO  server.RaftServerConfigKeys (ConfUtils.java:logGet(43)) - raft.server.log.appender.install.snapshot.enabled = true (default)
2019-06-18 00:55:15,438 INFO  impl.RaftServerImpl (ServerState.java:<init>(101)) - 649ea7bc-3e95-4016-bff1-2e07edbf4dd7:group-71B53C89E572 ConfigurationManager, init=-1: [0f6e5a47-07d4-4501-8367-2982b3ed382e:192.168.46.37:45581, 649ea7bc-3e95-4016-bff1-2e07edbf4dd7:192.168.46.37:37881, bc1de2a2-9f8c-4685-9b1c-ce74acee7d55:192.168.46.37:41187], old=null, confs=<EMPTY_MAP>
2019-06-18 00:55:15,439 INFO  server.RaftServerConfigKeys (ConfUtils.java:logGet(43)) - raft.server.storage.dir = [/opt/src/hadoop-ozone/tools/target/test-dir/MiniOzoneClusterImpl-5399a750-1773-41f9-b05e-c325236988da/datanode-1/data/ratis] (custom)
2019-06-18 00:55:15,439 INFO  storage.RaftStorageDirectory (RaftStorageDirectory.java:analyzeStorage(246)) - The storage directory /opt/src/hadoop-ozone/tools/target/test-dir/MiniOzoneClusterImpl-5399a750-1773-41f9-b05e-c325236988da/datanode-1/data/ratis/a0c1a11d-5389-4d9a-8858-71b53c89e572 does not exist. Creating ...
2019-06-18 00:55:15,440 INFO  impl.RaftServerProxy (RaftServerProxy.java:addNew(89)) - 0f6e5a47-07d4-4501-8367-2982b3ed382e: addNew group-71B53C89E572:[0f6e5a47-07d4-4501-8367-2982b3ed382e:192.168.46.37:45581, 649ea7bc-3e95-4016-bff1-2e07edbf4dd7:192.168.46.37:37881, bc1de2a2-9f8c-4685-9b1c-ce74acee7d55:192.168.46.37:41187] returns group-71B53C89E572:java.util.concurrent.CompletableFuture@7bf5e5ff[Not completed]
2019-06-18 00:55:15,440 INFO  impl.RaftServerImpl (RaftServerImpl.java:<init>(91)) - 0f6e5a47-07d4-4501-8367-2982b3ed382e: new RaftServerImpl for group-71B53C89E572:[0f6e5a47-07d4-4501-8367-2982b3ed382e:192.168.46.37:45581, 649ea7bc-3e95-4016-bff1-2e07edbf4dd7:192.168.46.37:37881, bc1de2a2-9f8c-4685-9b1c-ce74acee7d55:192.168.46.37:41187] with ContainerStateMachine:uninitialized
2019-06-18 00:55:15,441 INFO  server.RaftServerConfigKeys (ConfUtils.java:logGet(43)) - raft.server.rpc.timeout.min = 1s (custom)
2019-06-18 00:55:15,441 INFO  server.RaftServerConfigKeys (ConfUtils.java:logGet(43)) - raft.server.rpc.timeout.max = 1200ms (custom)
2019-06-18 00:55:15,441 INFO  server.RaftServerConfigKeys (ConfUtils.java:logGet(43)) - raft.server.rpcslowness.timeout = 120s (custom)
2019-06-18 00:55:15,441 INFO  server.RaftServerConfigKeys (ConfUtils.java:logGet(43)) - raft.server.log.appender.install.snapshot.enabled = true (default)
2019-06-18 00:55:15,441 INFO  impl.RaftServerImpl (ServerState.java:<init>(101)) - 0f6e5a47-07d4-4501-8367-2982b3ed382e:group-71B53C89E572 ConfigurationManager, init=-1: [0f6e5a47-07d4-4501-8367-2982b3ed382e:192.168.46.37:45581, 649ea7bc-3e95-4016-bff1-2e07edbf4dd7:192.168.46.37:37881, bc1de2a2-9f8c-4685-9b1c-ce74acee7d55:192.168.46.37:41187], old=null, confs=<EMPTY_MAP>
2019-06-18 00:55:15,441 INFO  storage.RaftStorageDirectory (RaftStorageDirectory.java:tryLock(328)) - Lock on /opt/src/hadoop-ozone/tools/target/test-dir/MiniOzoneClusterImpl-5399a750-1773-41f9-b05e-c325236988da/datanode-1/data/ratis/a0c1a11d-5389-4d9a-8858-71b53c89e572/in_use.lock acquired by nodename 18222@ozone-unit-076618677d3mmbrd-1653384491
2019-06-18 00:55:15,441 INFO  server.RaftServerConfigKeys (ConfUtils.java:logGet(43)) - raft.server.storage.dir = [/opt/src/hadoop-ozone/tools/target/test-dir/MiniOzoneClusterImpl-5399a750-1773-41f9-b05e-c325236988da/datanode-2/data/ratis] (custom)
2019-06-18 00:55:15,442 INFO  storage.RaftStorageDirectory (RaftStorageDirectory.java:analyzeStorage(246)) - The storage directory /opt/src/hadoop-ozone/tools/target/test-dir/MiniOzoneClusterImpl-5399a750-1773-41f9-b05e-c325236988da/datanode-2/data/ratis/a0c1a11d-5389-4d9a-8858-71b53c89e572 does not exist. Creating ...
2019-06-18 00:55:15,441 INFO  storage.RaftStorageDirectory (RaftStorageDirectory.java:tryLock(328)) - Lock on /opt/src/hadoop-ozone/tools/target/test-dir/MiniOzoneClusterImpl-5399a750-1773-41f9-b05e-c325236988da/datanode-0/data/ratis/a0c1a11d-5389-4d9a-8858-71b53c89e572/in_use.lock acquired by nodename 18222@ozone-unit-076618677d3mmbrd-1653384491
2019-06-18 00:55:15,444 INFO  storage.RaftStorageDirectory (RaftStorageDirectory.java:tryLock(328)) - Lock on /opt/src/hadoop-ozone/tools/target/test-dir/MiniOzoneClusterImpl-5399a750-1773-41f9-b05e-c325236988da/datanode-2/data/ratis/a0c1a11d-5389-4d9a-8858-71b53c89e572/in_use.lock acquired by nodename 18222@ozone-unit-076618677d3mmbrd-1653384491
2019-06-18 00:55:15,449 INFO  storage.RaftStorage (RaftStorage.java:format(75)) - Storage directory /opt/src/hadoop-ozone/tools/target/test-dir/MiniOzoneClusterImpl-5399a750-1773-41f9-b05e-c325236988da/datanode-2/data/ratis/a0c1a11d-5389-4d9a-8858-71b53c89e572 has been successfully formatted.
2019-06-18 00:55:15,450 INFO  ratis.ContainerStateMachine (ContainerStateMachine.java:loadSnapshot(199)) - The snapshot info is null.Setting the last applied index to:(t:0, i:~)
2019-06-18 00:55:15,450 INFO  server.RaftServerConfigKeys (ConfUtils.java:logGet(43)) - raft.server.leader.election.timeout = 120s (custom)
2019-06-18 00:55:15,450 INFO  server.RaftServerConfigKeys (ConfUtils.java:logGet(43)) - raft.server.log.use.memory = false (default)
2019-06-18 00:55:15,450 INFO  server.RaftServerConfigKeys (ConfUtils.java:logGet(43)) - raft.server.log.appender.buffer.byte-limit = 33554432 (custom)
2019-06-18 00:55:15,450 INFO  server.RaftServerConfigKeys (ConfUtils.java:logGet(43)) - raft.server.log.segment.size.max = 16384 (custom)
2019-06-18 00:55:15,450 INFO  server.RaftServerConfigKeys (ConfUtils.java:logGet(43)) - raft.server.log.segment.cache.num.max = 2 (custom)
2019-06-18 00:55:15,451 INFO  storage.RaftLogWorker (RaftLogWorker.java:<init>(123)) - new 0f6e5a47-07d4-4501-8367-2982b3ed382e-RaftLogWorker for Storage Directory /opt/src/hadoop-ozone/tools/target/test-dir/MiniOzoneClusterImpl-5399a750-1773-41f9-b05e-c325236988da/datanode-2/data/ratis/a0c1a11d-5389-4d9a-8858-71b53c89e572
2019-06-18 00:55:15,451 INFO  server.RaftServerConfigKeys (ConfUtils.java:logGet(43)) - raft.server.log.queue.byte-limit = 2147483647 (custom)
2019-06-18 00:55:15,451 INFO  server.RaftServerConfigKeys (ConfUtils.java:logGet(43)) - raft.server.log.queue.element-limit = 1024 (custom)
2019-06-18 00:55:15,451 INFO  server.RaftServerConfigKeys (ConfUtils.java:logGet(43)) - raft.server.log.segment.size.max = 16384 (custom)
2019-06-18 00:55:15,451 INFO  server.RaftServerConfigKeys (ConfUtils.java:logGet(43)) - raft.server.log.preallocated.size = 16384 (custom)
2019-06-18 00:55:15,451 INFO  server.RaftServerConfigKeys (ConfUtils.java:logGet(43)) - raft.server.log.write.buffer.size = 33554432 (custom)
2019-06-18 00:55:15,451 INFO  server.RaftServerConfigKeys (ConfUtils.java:logGet(43)) - raft.server.log.force.sync.num = 128 (default)
2019-06-18 00:55:15,451 INFO  server.RaftServerConfigKeys (ConfUtils.java:logGet(43)) - raft.server.log.statemachine.data.sync = true (default)
2019-06-18 00:55:15,451 INFO  server.RaftServerConfigKeys (ConfUtils.java:logGet(43)) - raft.server.log.statemachine.data.sync.timeout = 10s (default)
2019-06-18 00:55:15,452 INFO  server.RaftServerConfigKeys (ConfUtils.java:logGet(43)) - raft.server.log.statemachine.data.sync.timeout.retry = -1 (default)
2019-06-18 00:55:15,451 INFO  storage.RaftStorage (RaftStorage.java:format(75)) - Storage directory /opt/src/hadoop-ozone/tools/target/test-dir/MiniOzoneClusterImpl-5399a750-1773-41f9-b05e-c325236988da/datanode-1/data/ratis/a0c1a11d-5389-4d9a-8858-71b53c89e572 has been successfully formatted.
2019-06-18 00:55:15,452 INFO  ratis.ContainerStateMachine (ContainerStateMachine.java:loadSnapshot(199)) - The snapshot info is null.Setting the last applied index to:(t:0, i:~)
2019-06-18 00:55:15,452 INFO  server.RaftServerConfigKeys (ConfUtils.java:logGet(43)) - raft.server.leader.election.timeout = 120s (custom)
2019-06-18 00:55:15,452 INFO  server.RaftServerConfigKeys (ConfUtils.java:logGet(43)) - raft.server.log.use.memory = false (default)
2019-06-18 00:55:15,452 INFO  server.RaftServerConfigKeys (ConfUtils.java:logGet(43)) - raft.server.log.appender.buffer.byte-limit = 33554432 (custom)
2019-06-18 00:55:15,453 INFO  server.RaftServerConfigKeys (ConfUtils.java:logGet(43)) - raft.server.log.segment.size.max = 16384 (custom)
2019-06-18 00:55:15,453 INFO  server.RaftServerConfigKeys (ConfUtils.java:logGet(43)) - raft.server.log.segment.cache.num.max = 2 (custom)
2019-06-18 00:55:15,453 INFO  storage.RaftLogWorker (RaftLogWorker.java:<init>(123)) - new 649ea7bc-3e95-4016-bff1-2e07edbf4dd7-RaftLogWorker for Storage Directory /opt/src/hadoop-ozone/tools/target/test-dir/MiniOzoneClusterImpl-5399a750-1773-41f9-b05e-c325236988da/datanode-1/data/ratis/a0c1a11d-5389-4d9a-8858-71b53c89e572
2019-06-18 00:55:15,453 INFO  server.RaftServerConfigKeys (ConfUtils.java:logGet(43)) - raft.server.log.queue.byte-limit = 2147483647 (custom)
2019-06-18 00:55:15,453 INFO  server.RaftServerConfigKeys (ConfUtils.java:logGet(43)) - raft.server.log.queue.element-limit = 1024 (custom)
2019-06-18 00:55:15,453 INFO  server.RaftServerConfigKeys (ConfUtils.java:logGet(43)) - raft.server.log.segment.size.max = 16384 (custom)
2019-06-18 00:55:15,453 INFO  server.RaftServerConfigKeys (ConfUtils.java:logGet(43)) - raft.server.log.preallocated.size = 16384 (custom)
2019-06-18 00:55:15,454 INFO  server.RaftServerConfigKeys (ConfUtils.java:logGet(43)) - raft.server.log.write.buffer.size = 33554432 (custom)
2019-06-18 00:55:15,454 INFO  server.RaftServerConfigKeys (ConfUtils.java:logGet(43)) - raft.server.log.force.sync.num = 128 (default)
2019-06-18 00:55:15,454 INFO  server.RaftServerConfigKeys (ConfUtils.java:logGet(43)) - raft.server.log.statemachine.data.sync = true (default)
2019-06-18 00:55:15,454 INFO  server.RaftServerConfigKeys (ConfUtils.java:logGet(43)) - raft.server.log.statemachine.data.sync.timeout = 10s (default)
2019-06-18 00:55:15,454 INFO  server.RaftServerConfigKeys (ConfUtils.java:logGet(43)) - raft.server.log.statemachine.data.sync.timeout.retry = -1 (default)
2019-06-18 00:55:15,454 INFO  server.RaftServerConfigKeys (ConfUtils.java:logGet(43)) - raft.server.log.statemachine.data.caching.enabled = true (custom)
2019-06-18 00:55:15,451 INFO  storage.RaftStorage (RaftStorage.java:format(75)) - Storage directory /opt/src/hadoop-ozone/tools/target/test-dir/MiniOzoneClusterImpl-5399a750-1773-41f9-b05e-c325236988da/datanode-0/data/ratis/a0c1a11d-5389-4d9a-8858-71b53c89e572 has been successfully formatted.
2019-06-18 00:55:15,455 INFO  server.RaftServerConfigKeys (ConfUtils.java:logGet(43)) - raft.server.snapshot.auto.trigger.enabled = true (custom)
2019-06-18 00:55:15,452 INFO  server.RaftServerConfigKeys (ConfUtils.java:logGet(43)) - raft.server.log.statemachine.data.caching.enabled = true (custom)
2019-06-18 00:55:15,455 INFO  server.RaftServerConfigKeys (ConfUtils.java:logGet(43)) - raft.server.snapshot.auto.trigger.threshold = 10000 (custom)
2019-06-18 00:55:15,455 INFO  ratis.ContainerStateMachine (ContainerStateMachine.java:loadSnapshot(199)) - The snapshot info is null.Setting the last applied index to:(t:0, i:~)
2019-06-18 00:55:15,455 INFO  server.RaftServerConfigKeys (ConfUtils.java:logGet(43)) - raft.server.leader.election.timeout = 120s (custom)
2019-06-18 00:55:15,455 INFO  server.RaftServerConfigKeys (ConfUtils.java:logGet(43)) - raft.server.retrycache.expirytime = 600000ms (custom)
2019-06-18 00:55:15,455 INFO  server.RaftServerConfigKeys (ConfUtils.java:logGet(43)) - raft.server.snapshot.auto.trigger.enabled = true (custom)
2019-06-18 00:55:15,456 INFO  impl.RaftServerImpl (RaftServerImpl.java:start(173)) - 649ea7bc-3e95-4016-bff1-2e07edbf4dd7: start group-71B53C89E572
2019-06-18 00:55:15,455 INFO  server.RaftServerConfigKeys (ConfUtils.java:logGet(43)) - raft.server.log.use.memory = false (default)
2019-06-18 00:55:15,456 INFO  impl.RaftServerImpl (RaftServerImpl.java:setRole(164)) - 649ea7bc-3e95-4016-bff1-2e07edbf4dd7:group-71B53C89E572 changes role from null to FOLLOWER at term 0 for startAsFollower
2019-06-18 00:55:15,456 INFO  server.RaftServerConfigKeys (ConfUtils.java:logGet(43)) - raft.server.snapshot.auto.trigger.threshold = 10000 (custom)
2019-06-18 00:55:15,456 INFO  server.RaftServerConfigKeys (ConfUtils.java:logGet(43)) - raft.server.retrycache.expirytime = 600000ms (custom)
2019-06-18 00:55:15,456 INFO  impl.RaftServerImpl (RaftServerImpl.java:start(173)) - 0f6e5a47-07d4-4501-8367-2982b3ed382e: start group-71B53C89E572
2019-06-18 00:55:15,456 INFO  impl.RaftServerImpl (RaftServerImpl.java:setRole(164)) - 0f6e5a47-07d4-4501-8367-2982b3ed382e:group-71B53C89E572 changes role from null to FOLLOWER at term 0 for startAsFollower
2019-06-18 00:55:15,457 INFO  impl.RoleInfo (RoleInfo.java:updateAndGet(143)) - 0f6e5a47-07d4-4501-8367-2982b3ed382e: start FollowerState
2019-06-18 00:55:15,456 INFO  impl.RoleInfo (RoleInfo.java:updateAndGet(143)) - 649ea7bc-3e95-4016-bff1-2e07edbf4dd7: start FollowerState
2019-06-18 00:55:15,456 INFO  server.RaftServerConfigKeys (ConfUtils.java:logGet(43)) - raft.server.log.appender.buffer.byte-limit = 33554432 (custom)
2019-06-18 00:55:15,457 INFO  util.JmxRegister (JmxRegister.java:tryRegister(44)) - Successfully registered JMX Bean with object name Ratis:service=RaftServer,group=group-71B53C89E572,id=0f6e5a47-07d4-4501-8367-2982b3ed382e
2019-06-18 00:55:15,457 INFO  server.RaftServerConfigKeys (ConfUtils.java:logGet(43)) - raft.server.log.segment.size.max = 16384 (custom)
2019-06-18 00:55:15,457 INFO  server.RaftServerConfigKeys (ConfUtils.java:logGet(43)) - raft.server.log.segment.cache.num.max = 2 (custom)
2019-06-18 00:55:15,457 INFO  storage.RaftLogWorker (RaftLogWorker.java:<init>(123)) - new bc1de2a2-9f8c-4685-9b1c-ce74acee7d55-RaftLogWorker for Storage Directory /opt/src/hadoop-ozone/tools/target/test-dir/MiniOzoneClusterImpl-5399a750-1773-41f9-b05e-c325236988da/datanode-0/data/ratis/a0c1a11d-5389-4d9a-8858-71b53c89e572
2019-06-18 00:55:15,458 INFO  server.RaftServerConfigKeys (ConfUtils.java:logGet(43)) - raft.server.log.queue.byte-limit = 2147483647 (custom)
2019-06-18 00:55:15,458 INFO  server.RaftServerConfigKeys (ConfUtils.java:logGet(43)) - raft.server.log.queue.element-limit = 1024 (custom)
2019-06-18 00:55:15,458 INFO  server.RaftServerConfigKeys (ConfUtils.java:logGet(43)) - raft.server.log.segment.size.max = 16384 (custom)
2019-06-18 00:55:15,458 INFO  server.RaftServerConfigKeys (ConfUtils.java:logGet(43)) - raft.server.log.preallocated.size = 16384 (custom)
2019-06-18 00:55:15,458 INFO  server.RaftServerConfigKeys (ConfUtils.java:logGet(43)) - raft.server.log.write.buffer.size = 33554432 (custom)
2019-06-18 00:55:15,458 INFO  server.RaftServerConfigKeys (ConfUtils.java:logGet(43)) - raft.server.log.force.sync.num = 128 (default)
2019-06-18 00:55:15,458 INFO  server.RaftServerConfigKeys (ConfUtils.java:logGet(43)) - raft.server.log.statemachine.data.sync = true (default)
2019-06-18 00:55:15,459 INFO  server.RaftServerConfigKeys (ConfUtils.java:logGet(43)) - raft.server.log.statemachine.data.sync.timeout = 10s (default)
2019-06-18 00:55:15,459 INFO  server.RaftServerConfigKeys (ConfUtils.java:logGet(43)) - raft.server.log.statemachine.data.sync.timeout.retry = -1 (default)
2019-06-18 00:55:15,466 INFO  server.RaftServerConfigKeys (ConfUtils.java:logGet(43)) - raft.server.log.statemachine.data.caching.enabled = true (custom)
2019-06-18 00:55:15,466 INFO  util.JmxRegister (JmxRegister.java:tryRegister(44)) - Successfully registered JMX Bean with object name Ratis:service=RaftServer,group=group-71B53C89E572,id=649ea7bc-3e95-4016-bff1-2e07edbf4dd7
2019-06-18 00:55:15,478 INFO  server.RaftServerConfigKeys (ConfUtils.java:logGet(43)) - raft.server.snapshot.auto.trigger.enabled = true (custom)
2019-06-18 00:55:15,479 INFO  server.RaftServerConfigKeys (ConfUtils.java:logGet(43)) - raft.server.snapshot.auto.trigger.threshold = 10000 (custom)
2019-06-18 00:55:15,480 INFO  server.RaftServerConfigKeys (ConfUtils.java:logGet(43)) - raft.server.retrycache.expirytime = 600000ms (custom)
2019-06-18 00:55:15,480 INFO  impl.RaftServerImpl (RaftServerImpl.java:start(173)) - bc1de2a2-9f8c-4685-9b1c-ce74acee7d55: start group-71B53C89E572
2019-06-18 00:55:15,480 INFO  impl.RaftServerImpl (RaftServerImpl.java:setRole(164)) - bc1de2a2-9f8c-4685-9b1c-ce74acee7d55:group-71B53C89E572 changes role from null to FOLLOWER at term 0 for startAsFollower
2019-06-18 00:55:15,480 INFO  impl.RoleInfo (RoleInfo.java:updateAndGet(143)) - bc1de2a2-9f8c-4685-9b1c-ce74acee7d55: start FollowerState
2019-06-18 00:55:15,480 INFO  util.JmxRegister (JmxRegister.java:tryRegister(44)) - Successfully registered JMX Bean with object name Ratis:service=RaftServer,group=group-71B53C89E572,id=bc1de2a2-9f8c-4685-9b1c-ce74acee7d55
2019-06-18 00:55:15,517 INFO  pipeline.PipelineStateManager (PipelineStateManager.java:addPipeline(56)) - Created pipeline Pipeline[ Id: a0c1a11d-5389-4d9a-8858-71b53c89e572, Nodes: bc1de2a2-9f8c-4685-9b1c-ce74acee7d55{ip: 192.168.46.37, host: ozone-unit-076618677d3mmbrd-1653384491, networkLocation: /default-rack, certSerialId: null}0f6e5a47-07d4-4501-8367-2982b3ed382e{ip: 192.168.46.37, host: ozone-unit-076618677d3mmbrd-1653384491, networkLocation: /default-rack, certSerialId: null}649ea7bc-3e95-4016-bff1-2e07edbf4dd7{ip: 192.168.46.37, host: ozone-unit-076618677d3mmbrd-1653384491, networkLocation: /default-rack, certSerialId: null}, Type:RATIS, Factor:THREE, State:OPEN]
2019-06-18 00:55:16,101 INFO  impl.FollowerState (FollowerState.java:run(101)) - bc1de2a2-9f8c-4685-9b1c-ce74acee7d55:group-C3E6A463AA28 changes to CANDIDATE, lastRpcTime:1168, electionTimeout:1167ms
2019-06-18 00:55:16,101 INFO  impl.RoleInfo (RoleInfo.java:shutdownFollowerState(121)) - bc1de2a2-9f8c-4685-9b1c-ce74acee7d55: shutdown FollowerState
2019-06-18 00:55:16,101 INFO  impl.RaftServerImpl (RaftServerImpl.java:setRole(164)) - bc1de2a2-9f8c-4685-9b1c-ce74acee7d55:group-C3E6A463AA28 changes role from FOLLOWER to CANDIDATE at term 0 for changeToCandidate
2019-06-18 00:55:16,104 INFO  impl.RoleInfo (RoleInfo.java:updateAndGet(143)) - bc1de2a2-9f8c-4685-9b1c-ce74acee7d55: start LeaderElection
2019-06-18 00:55:16,110 INFO  impl.LeaderElection (LeaderElection.java:askForVotes(181)) - bc1de2a2-9f8c-4685-9b1c-ce74acee7d55:group-C3E6A463AA28:LeaderElection1: begin an election at term 1 for -1: [bc1de2a2-9f8c-4685-9b1c-ce74acee7d55:192.168.46.37:41187], old=null
2019-06-18 00:55:16,112 INFO  impl.RoleInfo (RoleInfo.java:shutdownLeaderElection(134)) - bc1de2a2-9f8c-4685-9b1c-ce74acee7d55: shutdown LeaderElection
2019-06-18 00:55:16,113 INFO  impl.RaftServerImpl (RaftServerImpl.java:setRole(164)) - bc1de2a2-9f8c-4685-9b1c-ce74acee7d55:group-C3E6A463AA28 changes role from CANDIDATE to LEADER at term 1 for changeToLeader
2019-06-18 00:55:16,113 INFO  impl.RaftServerImpl (ServerState.java:setLeader(263)) - bc1de2a2-9f8c-4685-9b1c-ce74acee7d55:group-C3E6A463AA28 change Leader from null to bc1de2a2-9f8c-4685-9b1c-ce74acee7d55 at term 1 for becomeLeader, leader elected after 1241ms
2019-06-18 00:55:16,118 INFO  server.RaftServerConfigKeys (ConfUtils.java:logGet(43)) - raft.server.staging.catchup.gap = 1000 (default)
2019-06-18 00:55:16,118 INFO  server.RaftServerConfigKeys (ConfUtils.java:logGet(43)) - raft.server.rpc.sleep.time = 25ms (default)
2019-06-18 00:55:16,121 INFO  server.RaftServerConfigKeys (ConfUtils.java:logGet(43)) - raft.server.watch.timeout = 10s (default)
2019-06-18 00:55:16,122 INFO  server.RaftServerConfigKeys (ConfUtils.java:logGet(43)) - raft.server.watch.timeout.denomination = 1s (default)
2019-06-18 00:55:16,129 INFO  impl.RoleInfo (RoleInfo.java:updateAndGet(143)) - bc1de2a2-9f8c-4685-9b1c-ce74acee7d55: start LeaderState
2019-06-18 00:55:16,148 INFO  storage.RaftLogWorker (RaftLogWorker.java:startLogSegment(298)) - bc1de2a2-9f8c-4685-9b1c-ce74acee7d55-RaftLogWorker: Starting segment from index:0
2019-06-18 00:55:16,160 INFO  impl.RaftServerImpl (ServerState.java:setRaftConf(361)) - bc1de2a2-9f8c-4685-9b1c-ce74acee7d55:group-C3E6A463AA28 set configuration 0: [bc1de2a2-9f8c-4685-9b1c-ce74acee7d55:192.168.46.37:41187], old=null at 0
2019-06-18 00:55:16,198 INFO  ozone.MiniOzoneClusterImpl (MiniOzoneClusterImpl.java:lambda$waitForClusterToBeReady$0(142)) - Cluster is ready. Got 3 of 3 DN Heartbeats.
2019-06-18 00:55:16,334 INFO  impl.FollowerState (FollowerState.java:run(101)) - 0f6e5a47-07d4-4501-8367-2982b3ed382e:group-F6FC2E9EEEE5 changes to CANDIDATE, lastRpcTime:1034, electionTimeout:1034ms
2019-06-18 00:55:16,349 INFO  impl.RoleInfo (RoleInfo.java:shutdownFollowerState(121)) - 0f6e5a47-07d4-4501-8367-2982b3ed382e: shutdown FollowerState
2019-06-18 00:55:16,349 INFO  impl.RaftServerImpl (RaftServerImpl.java:setRole(164)) - 0f6e5a47-07d4-4501-8367-2982b3ed382e:group-F6FC2E9EEEE5 changes role from FOLLOWER to CANDIDATE at term 0 for changeToCandidate
2019-06-18 00:55:16,349 INFO  impl.RoleInfo (RoleInfo.java:updateAndGet(143)) - 0f6e5a47-07d4-4501-8367-2982b3ed382e: start LeaderElection
2019-06-18 00:55:16,360 INFO  storage.RaftLogWorker (RaftLogWorker.java:execute(469)) - bc1de2a2-9f8c-4685-9b1c-ce74acee7d55-RaftLogWorker: created new log segment /opt/src/hadoop-ozone/tools/target/test-dir/MiniOzoneClusterImpl-5399a750-1773-41f9-b05e-c325236988da/datanode-0/data/ratis/27664144-1817-450d-a0ed-c3e6a463aa28/current/log_inprogress_0
2019-06-18 00:55:16,361 INFO  impl.LeaderElection (LeaderElection.java:askForVotes(181)) - 0f6e5a47-07d4-4501-8367-2982b3ed382e:group-F6FC2E9EEEE5:LeaderElection2: begin an election at term 1 for -1: [0f6e5a47-07d4-4501-8367-2982b3ed382e:192.168.46.37:45581], old=null
2019-06-18 00:55:16,362 INFO  impl.RoleInfo (RoleInfo.java:shutdownLeaderElection(134)) - 0f6e5a47-07d4-4501-8367-2982b3ed382e: shutdown LeaderElection
2019-06-18 00:55:16,362 INFO  impl.RaftServerImpl (RaftServerImpl.java:setRole(164)) - 0f6e5a47-07d4-4501-8367-2982b3ed382e:group-F6FC2E9EEEE5 changes role from CANDIDATE to LEADER at term 1 for changeToLeader
2019-06-18 00:55:16,362 INFO  impl.RaftServerImpl (ServerState.java:setLeader(263)) - 0f6e5a47-07d4-4501-8367-2982b3ed382e:group-F6FC2E9EEEE5 change Leader from null to 0f6e5a47-07d4-4501-8367-2982b3ed382e at term 1 for becomeLeader, leader elected after 1067ms
2019-06-18 00:55:16,363 INFO  server.RaftServerConfigKeys (ConfUtils.java:logGet(43)) - raft.server.staging.catchup.gap = 1000 (default)
2019-06-18 00:55:16,363 INFO  server.RaftServerConfigKeys (ConfUtils.java:logGet(43)) - raft.server.rpc.sleep.time = 25ms (default)
2019-06-18 00:55:16,363 INFO  server.RaftServerConfigKeys (ConfUtils.java:logGet(43)) - raft.server.watch.timeout = 10s (default)
2019-06-18 00:55:16,363 INFO  server.RaftServerConfigKeys (ConfUtils.java:logGet(43)) - raft.server.watch.timeout.denomination = 1s (default)
2019-06-18 00:55:16,363 INFO  impl.RoleInfo (RoleInfo.java:updateAndGet(143)) - 0f6e5a47-07d4-4501-8367-2982b3ed382e: start LeaderState
2019-06-18 00:55:16,370 INFO  storage.RaftLogWorker (RaftLogWorker.java:startLogSegment(298)) - 0f6e5a47-07d4-4501-8367-2982b3ed382e-RaftLogWorker: Starting segment from index:0
2019-06-18 00:55:16,373 INFO  impl.RaftServerImpl (ServerState.java:setRaftConf(361)) - 0f6e5a47-07d4-4501-8367-2982b3ed382e:group-F6FC2E9EEEE5 set configuration 0: [0f6e5a47-07d4-4501-8367-2982b3ed382e:192.168.46.37:45581], old=null at 0
2019-06-18 00:55:16,459 INFO  storage.RaftLogWorker (RaftLogWorker.java:execute(469)) - 0f6e5a47-07d4-4501-8367-2982b3ed382e-RaftLogWorker: created new log segment /opt/src/hadoop-ozone/tools/target/test-dir/MiniOzoneClusterImpl-5399a750-1773-41f9-b05e-c325236988da/datanode-2/data/ratis/237d1759-bad3-4e03-9431-f6fc2e9eeee5/current/log_inprogress_0
2019-06-18 00:55:16,491 INFO  impl.FollowerState (FollowerState.java:run(101)) - 0f6e5a47-07d4-4501-8367-2982b3ed382e:group-71B53C89E572 changes to CANDIDATE, lastRpcTime:1034, electionTimeout:1034ms
2019-06-18 00:55:16,491 INFO  impl.RoleInfo (RoleInfo.java:shutdownFollowerState(121)) - 0f6e5a47-07d4-4501-8367-2982b3ed382e: shutdown FollowerState
2019-06-18 00:55:16,492 INFO  impl.RaftServerImpl (RaftServerImpl.java:setRole(164)) - 0f6e5a47-07d4-4501-8367-2982b3ed382e:group-71B53C89E572 changes role from FOLLOWER to CANDIDATE at term 0 for changeToCandidate
2019-06-18 00:55:16,492 INFO  impl.RoleInfo (RoleInfo.java:updateAndGet(143)) - 0f6e5a47-07d4-4501-8367-2982b3ed382e: start LeaderElection
2019-06-18 00:55:16,501 INFO  impl.LeaderElection (LeaderElection.java:askForVotes(181)) - 0f6e5a47-07d4-4501-8367-2982b3ed382e:group-71B53C89E572:LeaderElection3: begin an election at term 1 for -1: [0f6e5a47-07d4-4501-8367-2982b3ed382e:192.168.46.37:45581, 649ea7bc-3e95-4016-bff1-2e07edbf4dd7:192.168.46.37:37881, bc1de2a2-9f8c-4685-9b1c-ce74acee7d55:192.168.46.37:41187], old=null
2019-06-18 00:55:16,501 INFO  impl.FollowerState (FollowerState.java:run(101)) - bc1de2a2-9f8c-4685-9b1c-ce74acee7d55:group-71B53C89E572 changes to CANDIDATE, lastRpcTime:1021, electionTimeout:1021ms
2019-06-18 00:55:16,502 INFO  impl.RoleInfo (RoleInfo.java:shutdownFollowerState(121)) - bc1de2a2-9f8c-4685-9b1c-ce74acee7d55: shutdown FollowerState
2019-06-18 00:55:16,502 INFO  impl.RaftServerImpl (RaftServerImpl.java:setRole(164)) - bc1de2a2-9f8c-4685-9b1c-ce74acee7d55:group-71B53C89E572 changes role from FOLLOWER to CANDIDATE at term 0 for changeToCandidate
2019-06-18 00:55:16,502 INFO  impl.RoleInfo (RoleInfo.java:updateAndGet(143)) - bc1de2a2-9f8c-4685-9b1c-ce74acee7d55: start LeaderElection
2019-06-18 00:55:16,537 INFO  impl.FollowerState (FollowerState.java:run(101)) - 649ea7bc-3e95-4016-bff1-2e07edbf4dd7:group-D65BB80D6526 changes to CANDIDATE, lastRpcTime:1183, electionTimeout:1183ms
2019-06-18 00:55:16,537 INFO  impl.RoleInfo (RoleInfo.java:shutdownFollowerState(121)) - 649ea7bc-3e95-4016-bff1-2e07edbf4dd7: shutdown FollowerState
2019-06-18 00:55:16,537 INFO  impl.RaftServerImpl (RaftServerImpl.java:setRole(164)) - 649ea7bc-3e95-4016-bff1-2e07edbf4dd7:group-D65BB80D6526 changes role from FOLLOWER to CANDIDATE at term 0 for changeToCandidate
2019-06-18 00:55:16,554 INFO  impl.RoleInfo (RoleInfo.java:updateAndGet(143)) - 649ea7bc-3e95-4016-bff1-2e07edbf4dd7: start LeaderElection
2019-06-18 00:55:16,567 INFO  impl.FollowerState (FollowerState.java:run(101)) - 649ea7bc-3e95-4016-bff1-2e07edbf4dd7:group-71B53C89E572 changes to CANDIDATE, lastRpcTime:1111, electionTimeout:1100ms
2019-06-18 00:55:16,568 INFO  impl.RoleInfo (RoleInfo.java:shutdownFollowerState(121)) - 649ea7bc-3e95-4016-bff1-2e07edbf4dd7: shutdown FollowerState
2019-06-18 00:55:16,568 INFO  impl.RaftServerImpl (RaftServerImpl.java:setRole(164)) - 649ea7bc-3e95-4016-bff1-2e07edbf4dd7:group-71B53C89E572 changes role from FOLLOWER to CANDIDATE at term 0 for changeToCandidate
2019-06-18 00:55:16,568 INFO  impl.RoleInfo (RoleInfo.java:updateAndGet(143)) - 649ea7bc-3e95-4016-bff1-2e07edbf4dd7: start LeaderElection
2019-06-18 00:55:16,656 INFO  impl.LeaderElection (LeaderElection.java:askForVotes(181)) - 649ea7bc-3e95-4016-bff1-2e07edbf4dd7:group-D65BB80D6526:LeaderElection5: begin an election at term 1 for -1: [649ea7bc-3e95-4016-bff1-2e07edbf4dd7:192.168.46.37:37881], old=null
2019-06-18 00:55:16,657 INFO  impl.RoleInfo (RoleInfo.java:shutdownLeaderElection(134)) - 649ea7bc-3e95-4016-bff1-2e07edbf4dd7: shutdown LeaderElection
2019-06-18 00:55:16,657 INFO  impl.RaftServerImpl (RaftServerImpl.java:setRole(164)) - 649ea7bc-3e95-4016-bff1-2e07edbf4dd7:group-D65BB80D6526 changes role from CANDIDATE to LEADER at term 1 for changeToLeader
2019-06-18 00:55:16,657 INFO  impl.RaftServerImpl (ServerState.java:setLeader(263)) - 649ea7bc-3e95-4016-bff1-2e07edbf4dd7:group-D65BB80D6526 change Leader from null to 649ea7bc-3e95-4016-bff1-2e07edbf4dd7 at term 1 for becomeLeader, leader elected after 1307ms
2019-06-18 00:55:16,657 INFO  server.RaftServerConfigKeys (ConfUtils.java:logGet(43)) - raft.server.staging.catchup.gap = 1000 (default)
2019-06-18 00:55:16,657 INFO  server.RaftServerConfigKeys (ConfUtils.java:logGet(43)) - raft.server.rpc.sleep.time = 25ms (default)
2019-06-18 00:55:16,657 INFO  server.RaftServerConfigKeys (ConfUtils.java:logGet(43)) - raft.server.watch.timeout = 10s (default)
2019-06-18 00:55:16,658 INFO  server.RaftServerConfigKeys (ConfUtils.java:logGet(43)) - raft.server.watch.timeout.denomination = 1s (default)
2019-06-18 00:55:16,658 INFO  impl.RoleInfo (RoleInfo.java:updateAndGet(143)) - 649ea7bc-3e95-4016-bff1-2e07edbf4dd7: start LeaderState
2019-06-18 00:55:16,658 INFO  storage.RaftLogWorker (RaftLogWorker.java:startLogSegment(298)) - 649ea7bc-3e95-4016-bff1-2e07edbf4dd7-RaftLogWorker: Starting segment from index:0
2019-06-18 00:55:16,657 INFO  impl.LeaderElection (LeaderElection.java:askForVotes(181)) - bc1de2a2-9f8c-4685-9b1c-ce74acee7d55:group-71B53C89E572:LeaderElection4: begin an election at term 1 for -1: [0f6e5a47-07d4-4501-8367-2982b3ed382e:192.168.46.37:45581, 649ea7bc-3e95-4016-bff1-2e07edbf4dd7:192.168.46.37:37881, bc1de2a2-9f8c-4685-9b1c-ce74acee7d55:192.168.46.37:41187], old=null
2019-06-18 00:55:16,661 INFO  impl.LeaderElection (LeaderElection.java:askForVotes(181)) - 649ea7bc-3e95-4016-bff1-2e07edbf4dd7:group-71B53C89E572:LeaderElection6: begin an election at term 1 for -1: [0f6e5a47-07d4-4501-8367-2982b3ed382e:192.168.46.37:45581, 649ea7bc-3e95-4016-bff1-2e07edbf4dd7:192.168.46.37:37881, bc1de2a2-9f8c-4685-9b1c-ce74acee7d55:192.168.46.37:41187], old=null
2019-06-18 00:55:16,661 INFO  impl.RaftServerImpl (ServerState.java:setRaftConf(361)) - 649ea7bc-3e95-4016-bff1-2e07edbf4dd7:group-D65BB80D6526 set configuration 0: [649ea7bc-3e95-4016-bff1-2e07edbf4dd7:192.168.46.37:37881], old=null at 0
2019-06-18 00:55:16,730 INFO  storage.RaftLogWorker (RaftLogWorker.java:execute(469)) - 649ea7bc-3e95-4016-bff1-2e07edbf4dd7-RaftLogWorker: created new log segment /opt/src/hadoop-ozone/tools/target/test-dir/MiniOzoneClusterImpl-5399a750-1773-41f9-b05e-c325236988da/datanode-1/data/ratis/79a99f5b-0a27-49a4-bb9e-d65bb80d6526/current/log_inprogress_0
2019-06-18 00:55:16,777 INFO  impl.LeaderElection (LeaderElection.java:logAndReturn(56)) - 0f6e5a47-07d4-4501-8367-2982b3ed382e:group-71B53C89E572:LeaderElection3: Election REJECTED; received 2 response(s) [0f6e5a47-07d4-4501-8367-2982b3ed382e->649ea7bc-3e95-4016-bff1-2e07edbf4dd7,false-t1, 0f6e5a47-07d4-4501-8367-2982b3ed382e->bc1de2a2-9f8c-4685-9b1c-ce74acee7d55,false-t1] and 0 exception(s); 0f6e5a47-07d4-4501-8367-2982b3ed382e:t1, leader=null, voted=0f6e5a47-07d4-4501-8367-2982b3ed382e, raftlog=0f6e5a47-07d4-4501-8367-2982b3ed382e-SegmentedRaftLog:OPENED:c-1,f-1,i0, conf=-1: [0f6e5a47-07d4-4501-8367-2982b3ed382e:192.168.46.37:45581, 649ea7bc-3e95-4016-bff1-2e07edbf4dd7:192.168.46.37:37881, bc1de2a2-9f8c-4685-9b1c-ce74acee7d55:192.168.46.37:41187], old=null
2019-06-18 00:55:16,777 INFO  impl.RaftServerImpl (RaftServerImpl.java:setRole(164)) - 0f6e5a47-07d4-4501-8367-2982b3ed382e:group-71B53C89E572 changes role from CANDIDATE to FOLLOWER at term 1 for DISCOVERED_A_NEW_TERM
2019-06-18 00:55:16,777 INFO  impl.RoleInfo (RoleInfo.java:shutdownLeaderElection(134)) - 0f6e5a47-07d4-4501-8367-2982b3ed382e: shutdown LeaderElection
2019-06-18 00:55:16,778 INFO  impl.RoleInfo (RoleInfo.java:updateAndGet(143)) - 0f6e5a47-07d4-4501-8367-2982b3ed382e: start FollowerState
2019-06-18 00:55:16,825 INFO  impl.LeaderElection (LeaderElection.java:logAndReturn(56)) - bc1de2a2-9f8c-4685-9b1c-ce74acee7d55:group-71B53C89E572:LeaderElection4: Election REJECTED; received 2 response(s) [bc1de2a2-9f8c-4685-9b1c-ce74acee7d55->0f6e5a47-07d4-4501-8367-2982b3ed382e,false-t1, bc1de2a2-9f8c-4685-9b1c-ce74acee7d55->649ea7bc-3e95-4016-bff1-2e07edbf4dd7,false-t1] and 0 exception(s); bc1de2a2-9f8c-4685-9b1c-ce74acee7d55:t1, leader=null, voted=bc1de2a2-9f8c-4685-9b1c-ce74acee7d55, raftlog=bc1de2a2-9f8c-4685-9b1c-ce74acee7d55-SegmentedRaftLog:OPENED:c-1,f-1,i0, conf=-1: [0f6e5a47-07d4-4501-8367-2982b3ed382e:192.168.46.37:45581, 649ea7bc-3e95-4016-bff1-2e07edbf4dd7:192.168.46.37:37881, bc1de2a2-9f8c-4685-9b1c-ce74acee7d55:192.168.46.37:41187], old=null
2019-06-18 00:55:16,829 INFO  impl.RaftServerImpl (RaftServerImpl.java:setRole(164)) - bc1de2a2-9f8c-4685-9b1c-ce74acee7d55:group-71B53C89E572 changes role from CANDIDATE to FOLLOWER at term 1 for DISCOVERED_A_NEW_TERM
2019-06-18 00:55:16,829 INFO  impl.RoleInfo (RoleInfo.java:shutdownLeaderElection(134)) - bc1de2a2-9f8c-4685-9b1c-ce74acee7d55: shutdown LeaderElection
2019-06-18 00:55:16,830 INFO  impl.RoleInfo (RoleInfo.java:updateAndGet(143)) - bc1de2a2-9f8c-4685-9b1c-ce74acee7d55: start FollowerState
2019-06-18 00:55:16,829 INFO  impl.LeaderElection (LeaderElection.java:logAndReturn(56)) - 649ea7bc-3e95-4016-bff1-2e07edbf4dd7:group-71B53C89E572:LeaderElection6: Election REJECTED; received 2 response(s) [649ea7bc-3e95-4016-bff1-2e07edbf4dd7->0f6e5a47-07d4-4501-8367-2982b3ed382e,false-t1, 649ea7bc-3e95-4016-bff1-2e07edbf4dd7->bc1de2a2-9f8c-4685-9b1c-ce74acee7d55,false-t1] and 0 exception(s); 649ea7bc-3e95-4016-bff1-2e07edbf4dd7:t1, leader=null, voted=649ea7bc-3e95-4016-bff1-2e07edbf4dd7, raftlog=649ea7bc-3e95-4016-bff1-2e07edbf4dd7-SegmentedRaftLog:OPENED:c-1,f-1,i0, conf=-1: [0f6e5a47-07d4-4501-8367-2982b3ed382e:192.168.46.37:45581, 649ea7bc-3e95-4016-bff1-2e07edbf4dd7:192.168.46.37:37881, bc1de2a2-9f8c-4685-9b1c-ce74acee7d55:192.168.46.37:41187], old=null
2019-06-18 00:55:16,836 INFO  freon.RandomKeyGenerator (RandomKeyGenerator.java:call(261)) - Number of Threads: 10
2019-06-18 00:55:16,838 INFO  impl.RaftServerImpl (RaftServerImpl.java:setRole(164)) - 649ea7bc-3e95-4016-bff1-2e07edbf4dd7:group-71B53C89E572 changes role from CANDIDATE to FOLLOWER at term 1 for DISCOVERED_A_NEW_TERM
2019-06-18 00:55:16,840 INFO  impl.RoleInfo (RoleInfo.java:shutdownLeaderElection(134)) - 649ea7bc-3e95-4016-bff1-2e07edbf4dd7: shutdown LeaderElection
2019-06-18 00:55:16,840 INFO  impl.RoleInfo (RoleInfo.java:updateAndGet(143)) - 649ea7bc-3e95-4016-bff1-2e07edbf4dd7: start FollowerState
2019-06-18 00:55:16,840 INFO  freon.RandomKeyGenerator (RandomKeyGenerator.java:call(267)) - Number of Volumes: 1.
2019-06-18 00:55:16,840 INFO  freon.RandomKeyGenerator (RandomKeyGenerator.java:call(268)) - Number of Buckets per Volume: 1.
2019-06-18 00:55:16,840 INFO  freon.RandomKeyGenerator (RandomKeyGenerator.java:call(269)) - Number of Keys per Bucket: 1.
2019-06-18 00:55:16,840 INFO  freon.RandomKeyGenerator (RandomKeyGenerator.java:call(270)) - Key size: 20971520 bytes
2019-06-18 00:55:16,840 INFO  freon.RandomKeyGenerator (RandomKeyGenerator.java:call(271)) - Buffer size: 4096 bytes
2019-06-18 00:55:16,846 INFO  freon.RandomKeyGenerator (RandomKeyGenerator.java:call(287)) - Data validation is enabled.
2019-06-18 00:55:16,847 INFO  freon.RandomKeyGenerator (RandomKeyGenerator.java:call(300)) - Starting progress bar Thread.

 0.00% |█                                                                                                    |  0/1 Time: 0:00:002019-06-18 00:55:16,867 INFO  rpc.RpcClient (RpcClient.java:createVolume(289)) - Creating Volume: vol-0-30092, with jenkins1000 as owner.
2019-06-18 00:55:16,891 INFO  rpc.RpcClient (RpcClient.java:createBucket(426)) - Creating Bucket: vol-0-30092/bucket-0-06944, with Versioning false and Storage Type set to DISK and Encryption set to false 
2019-06-18 00:55:17,116 INFO  client.GrpcClientProtocolClient (GrpcClientProtocolClient.java:onNext(254)) - client-2441834134F0->bc1de2a2-9f8c-4685-9b1c-ce74acee7d55: receive RaftClientReply:client-2441834134F0->bc1de2a2-9f8c-4685-9b1c-ce74acee7d55@group-71B53C89E572, cid=6, FAILED org.apache.ratis.protocol.NotLeaderException: Server bc1de2a2-9f8c-4685-9b1c-ce74acee7d55 is not the leader (649ea7bc-3e95-4016-bff1-2e07edbf4dd7:192.168.46.37:37881). Request must be sent to leader., logIndex=0, commits[bc1de2a2-9f8c-4685-9b1c-ce74acee7d55:c-1]
2019-06-18 00:55:17,129 WARN  client.GrpcClientProtocolService (LogUtils.java:warn(134)) - 0-OrderedRequestStreamObserver0: onError: org.apache.ratis.thirdparty.io.grpc.StatusRuntimeException: CANCELLED: cancelled before receiving half close
2019-06-18 00:55:17,843 INFO  impl.FollowerState (FollowerState.java:run(101)) - bc1de2a2-9f8c-4685-9b1c-ce74acee7d55:group-71B53C89E572 changes to CANDIDATE, lastRpcTime:1012, electionTimeout:1006ms
2019-06-18 00:55:17,844 INFO  impl.RoleInfo (RoleInfo.java:shutdownFollowerState(121)) - bc1de2a2-9f8c-4685-9b1c-ce74acee7d55: shutdown FollowerState
2019-06-18 00:55:17,844 INFO  impl.RaftServerImpl (RaftServerImpl.java:setRole(164)) - bc1de2a2-9f8c-4685-9b1c-ce74acee7d55:group-71B53C89E572 changes role from FOLLOWER to CANDIDATE at term 1 for changeToCandidate
2019-06-18 00:55:17,845 INFO  impl.RoleInfo (RoleInfo.java:updateAndGet(143)) - bc1de2a2-9f8c-4685-9b1c-ce74acee7d55: start LeaderElection
 0.00% |█                                                                                                    |  0/1 Time: 0:00:012019-06-18 00:55:17,850 INFO  impl.LeaderElection (LeaderElection.java:askForVotes(181)) - bc1de2a2-9f8c-4685-9b1c-ce74acee7d55:group-71B53C89E572:LeaderElection7: begin an election at term 2 for -1: [0f6e5a47-07d4-4501-8367-2982b3ed382e:192.168.46.37:45581, 649ea7bc-3e95-4016-bff1-2e07edbf4dd7:192.168.46.37:37881, bc1de2a2-9f8c-4685-9b1c-ce74acee7d55:192.168.46.37:41187], old=null
2019-06-18 00:55:17,856 INFO  impl.RaftServerImpl (RaftServerImpl.java:setRole(164)) - 0f6e5a47-07d4-4501-8367-2982b3ed382e:group-71B53C89E572 changes role from FOLLOWER to FOLLOWER at term 2 for recognizeCandidate:bc1de2a2-9f8c-4685-9b1c-ce74acee7d55
2019-06-18 00:55:17,856 INFO  impl.RoleInfo (RoleInfo.java:shutdownFollowerState(121)) - 0f6e5a47-07d4-4501-8367-2982b3ed382e: shutdown FollowerState
2019-06-18 00:55:17,856 INFO  impl.RoleInfo (RoleInfo.java:updateAndGet(143)) - 0f6e5a47-07d4-4501-8367-2982b3ed382e: start FollowerState
2019-06-18 00:55:17,856 INFO  impl.RaftServerImpl (RaftServerImpl.java:setRole(164)) - 649ea7bc-3e95-4016-bff1-2e07edbf4dd7:group-71B53C89E572 changes role from FOLLOWER to FOLLOWER at term 2 for recognizeCandidate:bc1de2a2-9f8c-4685-9b1c-ce74acee7d55
2019-06-18 00:55:17,856 INFO  impl.RoleInfo (RoleInfo.java:shutdownFollowerState(121)) - 649ea7bc-3e95-4016-bff1-2e07edbf4dd7: shutdown FollowerState
2019-06-18 00:55:17,856 INFO  impl.RoleInfo (RoleInfo.java:updateAndGet(143)) - 649ea7bc-3e95-4016-bff1-2e07edbf4dd7: start FollowerState
2019-06-18 00:55:17,857 INFO  impl.FollowerState (FollowerState.java:run(109)) - 649ea7bc-3e95-4016-bff1-2e07edbf4dd7: FollowerState was interrupted: java.lang.InterruptedException: sleep interrupted
2019-06-18 00:55:17,856 INFO  impl.FollowerState (FollowerState.java:run(109)) - 0f6e5a47-07d4-4501-8367-2982b3ed382e: FollowerState was interrupted: java.lang.InterruptedException: sleep interrupted
2019-06-18 00:55:17,865 INFO  impl.LeaderElection (LeaderElection.java:logAndReturn(56)) - bc1de2a2-9f8c-4685-9b1c-ce74acee7d55:group-71B53C89E572:LeaderElection7: Election PASSED; received 1 response(s) [bc1de2a2-9f8c-4685-9b1c-ce74acee7d55->649ea7bc-3e95-4016-bff1-2e07edbf4dd7,true-t2] and 0 exception(s); bc1de2a2-9f8c-4685-9b1c-ce74acee7d55:t2, leader=null, voted=bc1de2a2-9f8c-4685-9b1c-ce74acee7d55, raftlog=bc1de2a2-9f8c-4685-9b1c-ce74acee7d55-SegmentedRaftLog:OPENED:c-1,f-1,i0, conf=-1: [0f6e5a47-07d4-4501-8367-2982b3ed382e:192.168.46.37:45581, 649ea7bc-3e95-4016-bff1-2e07edbf4dd7:192.168.46.37:37881, bc1de2a2-9f8c-4685-9b1c-ce74acee7d55:192.168.46.37:41187], old=null
2019-06-18 00:55:17,865 INFO  impl.RoleInfo (RoleInfo.java:shutdownLeaderElection(134)) - bc1de2a2-9f8c-4685-9b1c-ce74acee7d55: shutdown LeaderElection
2019-06-18 00:55:17,865 INFO  impl.RaftServerImpl (RaftServerImpl.java:setRole(164)) - bc1de2a2-9f8c-4685-9b1c-ce74acee7d55:group-71B53C89E572 changes role from CANDIDATE to LEADER at term 2 for changeToLeader
2019-06-18 00:55:17,865 INFO  impl.RaftServerImpl (ServerState.java:setLeader(263)) - bc1de2a2-9f8c-4685-9b1c-ce74acee7d55:group-71B53C89E572 change Leader from null to bc1de2a2-9f8c-4685-9b1c-ce74acee7d55 at term 2 for becomeLeader, leader elected after 2409ms
2019-06-18 00:55:17,865 INFO  server.RaftServerConfigKeys (ConfUtils.java:logGet(43)) - raft.server.staging.catchup.gap = 1000 (default)
2019-06-18 00:55:17,865 INFO  server.RaftServerConfigKeys (ConfUtils.java:logGet(43)) - raft.server.rpc.sleep.time = 25ms (default)
2019-06-18 00:55:17,866 INFO  server.RaftServerConfigKeys (ConfUtils.java:logGet(43)) - raft.server.watch.timeout = 10s (default)
2019-06-18 00:55:17,874 INFO  server.RaftServerConfigKeys (ConfUtils.java:logGet(43)) - raft.server.watch.timeout.denomination = 1s (default)
2019-06-18 00:55:17,877 INFO  server.RaftServerConfigKeys (ConfUtils.java:logGet(43)) - raft.server.log.appender.snapshot.chunk.size.max = 16MB (=16777216) (default)
2019-06-18 00:55:17,877 INFO  server.RaftServerConfigKeys (ConfUtils.java:logGet(43)) - raft.server.log.appender.buffer.byte-limit = 33554432 (custom)
2019-06-18 00:55:17,878 INFO  server.RaftServerConfigKeys (ConfUtils.java:logGet(43)) - raft.server.log.appender.buffer.element-limit = 1 (custom)
2019-06-18 00:55:17,879 INFO  grpc.GrpcConfigKeys$Server (ConfUtils.java:logGet(43)) - raft.grpc.server.leader.outstanding.appends.max = 128 (default)
2019-06-18 00:55:17,880 INFO  server.RaftServerConfigKeys (ConfUtils.java:logGet(43)) - raft.server.rpc.request.timeout = 3000ms (default)
2019-06-18 00:55:17,880 INFO  server.RaftServerConfigKeys (ConfUtils.java:logGet(43)) - raft.server.log.appender.install.snapshot.enabled = true (default)
2019-06-18 00:55:17,880 INFO  server.RaftServerConfigKeys (ConfUtils.java:logGet(43)) - raft.server.log.appender.snapshot.chunk.size.max = 16MB (=16777216) (default)
2019-06-18 00:55:17,881 INFO  server.RaftServerConfigKeys (ConfUtils.java:logGet(43)) - raft.server.log.appender.buffer.byte-limit = 33554432 (custom)
2019-06-18 00:55:17,881 INFO  server.RaftServerConfigKeys (ConfUtils.java:logGet(43)) - raft.server.log.appender.buffer.element-limit = 1 (custom)
2019-06-18 00:55:17,882 INFO  grpc.GrpcConfigKeys$Server (ConfUtils.java:logGet(43)) - raft.grpc.server.leader.outstanding.appends.max = 128 (default)
2019-06-18 00:55:17,882 INFO  server.RaftServerConfigKeys (ConfUtils.java:logGet(43)) - raft.server.rpc.request.timeout = 3000ms (default)
2019-06-18 00:55:17,882 INFO  server.RaftServerConfigKeys (ConfUtils.java:logGet(43)) - raft.server.log.appender.install.snapshot.enabled = true (default)
2019-06-18 00:55:17,882 INFO  impl.RoleInfo (RoleInfo.java:updateAndGet(143)) - bc1de2a2-9f8c-4685-9b1c-ce74acee7d55: start LeaderState
2019-06-18 00:55:17,883 INFO  storage.RaftLogWorker (RaftLogWorker.java:startLogSegment(298)) - bc1de2a2-9f8c-4685-9b1c-ce74acee7d55-RaftLogWorker: Starting segment from index:0
2019-06-18 00:55:17,912 INFO  impl.RaftServerImpl (ServerState.java:setRaftConf(361)) - bc1de2a2-9f8c-4685-9b1c-ce74acee7d55:group-71B53C89E572 set configuration 0: [0f6e5a47-07d4-4501-8367-2982b3ed382e:192.168.46.37:45581, 649ea7bc-3e95-4016-bff1-2e07edbf4dd7:192.168.46.37:37881, bc1de2a2-9f8c-4685-9b1c-ce74acee7d55:192.168.46.37:41187], old=null at 0
2019-06-18 00:55:17,913 INFO  impl.RaftServerImpl (ServerState.java:setLeader(263)) - 0f6e5a47-07d4-4501-8367-2982b3ed382e:group-71B53C89E572 change Leader from null to bc1de2a2-9f8c-4685-9b1c-ce74acee7d55 at term 2 for appendEntries, leader elected after 2463ms
2019-06-18 00:55:17,914 INFO  impl.RaftServerImpl (ServerState.java:setLeader(263)) - 649ea7bc-3e95-4016-bff1-2e07edbf4dd7:group-71B53C89E572 change Leader from null to bc1de2a2-9f8c-4685-9b1c-ce74acee7d55 at term 2 for appendEntries, leader elected after 2462ms
2019-06-18 00:55:17,948 INFO  storage.RaftLogWorker (RaftLogWorker.java:execute(469)) - bc1de2a2-9f8c-4685-9b1c-ce74acee7d55-RaftLogWorker: created new log segment /opt/src/hadoop-ozone/tools/target/test-dir/MiniOzoneClusterImpl-5399a750-1773-41f9-b05e-c325236988da/datanode-0/data/ratis/a0c1a11d-5389-4d9a-8858-71b53c89e572/current/log_inprogress_0
2019-06-18 00:55:17,957 INFO  impl.RaftServerImpl (ServerState.java:setRaftConf(361)) - 0f6e5a47-07d4-4501-8367-2982b3ed382e:group-71B53C89E572 set configuration 0: [0f6e5a47-07d4-4501-8367-2982b3ed382e:192.168.46.37:45581, 649ea7bc-3e95-4016-bff1-2e07edbf4dd7:192.168.46.37:37881, bc1de2a2-9f8c-4685-9b1c-ce74acee7d55:192.168.46.37:41187], old=null at 0
2019-06-18 00:55:17,957 INFO  storage.RaftLogWorker (RaftLogWorker.java:startLogSegment(298)) - 0f6e5a47-07d4-4501-8367-2982b3ed382e-RaftLogWorker: Starting segment from index:0
2019-06-18 00:55:17,971 INFO  impl.RaftServerImpl (ServerState.java:setRaftConf(361)) - 649ea7bc-3e95-4016-bff1-2e07edbf4dd7:group-71B53C89E572 set configuration 0: [0f6e5a47-07d4-4501-8367-2982b3ed382e:192.168.46.37:45581, 649ea7bc-3e95-4016-bff1-2e07edbf4dd7:192.168.46.37:37881, bc1de2a2-9f8c-4685-9b1c-ce74acee7d55:192.168.46.37:41187], old=null at 0
2019-06-18 00:55:17,972 INFO  storage.RaftLogWorker (RaftLogWorker.java:startLogSegment(298)) - 649ea7bc-3e95-4016-bff1-2e07edbf4dd7-RaftLogWorker: Starting segment from index:0
2019-06-18 00:55:18,007 INFO  storage.RaftLogWorker (RaftLogWorker.java:execute(469)) - 0f6e5a47-07d4-4501-8367-2982b3ed382e-RaftLogWorker: created new log segment /opt/src/hadoop-ozone/tools/target/test-dir/MiniOzoneClusterImpl-5399a750-1773-41f9-b05e-c325236988da/datanode-2/data/ratis/a0c1a11d-5389-4d9a-8858-71b53c89e572/current/log_inprogress_0
2019-06-18 00:55:18,023 INFO  storage.RaftLogWorker (RaftLogWorker.java:execute(469)) - 649ea7bc-3e95-4016-bff1-2e07edbf4dd7-RaftLogWorker: created new log segment /opt/src/hadoop-ozone/tools/target/test-dir/MiniOzoneClusterImpl-5399a750-1773-41f9-b05e-c325236988da/datanode-1/data/ratis/a0c1a11d-5389-4d9a-8858-71b53c89e572/current/log_inprogress_0
2019-06-18 00:55:18,156 INFO  client.GrpcClientProtocolClient (GrpcClientProtocolClient.java:onNext(254)) - client-2441834134F0->0f6e5a47-07d4-4501-8367-2982b3ed382e: receive RaftClientReply:client-2441834134F0->0f6e5a47-07d4-4501-8367-2982b3ed382e@group-71B53C89E572, cid=6, FAILED org.apache.ratis.protocol.NotLeaderException: Server 0f6e5a47-07d4-4501-8367-2982b3ed382e is not the leader (bc1de2a2-9f8c-4685-9b1c-ce74acee7d55:192.168.46.37:41187). Request must be sent to leader., logIndex=0, commits[0f6e5a47-07d4-4501-8367-2982b3ed382e:c0, 649ea7bc-3e95-4016-bff1-2e07edbf4dd7:c-1, bc1de2a2-9f8c-4685-9b1c-ce74acee7d55:c0]
2019-06-18 00:55:18,159 WARN  client.GrpcClientProtocolService (LogUtils.java:warn(134)) - 0-OrderedRequestStreamObserver0: onError: org.apache.ratis.thirdparty.io.grpc.StatusRuntimeException: CANCELLED: cancelled before receiving half close
 0.00% |█                                                                                                    |  0/1 Time: 0:00:022019-06-18 00:55:19,393 INFO  client.GrpcClientProtocolClient (GrpcClientProtocolClient.java:onNext(254)) - client-2441834134F0->bc1de2a2-9f8c-4685-9b1c-ce74acee7d55: receive RaftClientReply:client-2441834134F0->bc1de2a2-9f8c-4685-9b1c-ce74acee7d55@group-71B53C89E572, cid=6, SUCCESS, logIndex=1, commits[bc1de2a2-9f8c-4685-9b1c-ce74acee7d55:c2, 0f6e5a47-07d4-4501-8367-2982b3ed382e:c1, 649ea7bc-3e95-4016-bff1-2e07edbf4dd7:c1]
2019-06-18 00:55:19,477 INFO  client.GrpcClientProtocolClient (GrpcClientProtocolClient.java:onNext(254)) - client-2441834134F0->bc1de2a2-9f8c-4685-9b1c-ce74acee7d55: receive RaftClientReply:client-2441834134F0->bc1de2a2-9f8c-4685-9b1c-ce74acee7d55@group-71B53C89E572, cid=7, SUCCESS, logIndex=3, commits[bc1de2a2-9f8c-4685-9b1c-ce74acee7d55:c4, 0f6e5a47-07d4-4501-8367-2982b3ed382e:c3, 649ea7bc-3e95-4016-bff1-2e07edbf4dd7:c3]
2019-06-18 00:55:19,505 INFO  client.GrpcClientProtocolClient (GrpcClientProtocolClient.java:onNext(254)) - client-2441834134F0->bc1de2a2-9f8c-4685-9b1c-ce74acee7d55: receive RaftClientReply:client-2441834134F0->bc1de2a2-9f8c-4685-9b1c-ce74acee7d55@group-71B53C89E572, cid=8, SUCCESS, logIndex=5, commits[bc1de2a2-9f8c-4685-9b1c-ce74acee7d55:c5, 0f6e5a47-07d4-4501-8367-2982b3ed382e:c4, 649ea7bc-3e95-4016-bff1-2e07edbf4dd7:c4]
2019-06-18 00:55:19,506 INFO  client.GrpcClientProtocolClient (GrpcClientProtocolClient.java:onNext(254)) - client-2441834134F0->bc1de2a2-9f8c-4685-9b1c-ce74acee7d55: receive RaftClientReply:client-2441834134F0->bc1de2a2-9f8c-4685-9b1c-ce74acee7d55@group-71B53C89E572, cid=9, SUCCESS, logIndex=6, commits[bc1de2a2-9f8c-4685-9b1c-ce74acee7d55:c6, 0f6e5a47-07d4-4501-8367-2982b3ed382e:c4, 649ea7bc-3e95-4016-bff1-2e07edbf4dd7:c4]
2019-06-18 00:55:19,545 INFO  client.GrpcClientProtocolClient (GrpcClientProtocolClient.java:onNext(254)) - client-2441834134F0->bc1de2a2-9f8c-4685-9b1c-ce74acee7d55: receive RaftClientReply:client-2441834134F0->bc1de2a2-9f8c-4685-9b1c-ce74acee7d55@group-71B53C89E572, cid=10, SUCCESS, logIndex=9, commits[bc1de2a2-9f8c-4685-9b1c-ce74acee7d55:c9, 0f6e5a47-07d4-4501-8367-2982b3ed382e:c8, 649ea7bc-3e95-4016-bff1-2e07edbf4dd7:c8]
2019-06-18 00:55:19,559 INFO  client.GrpcClientProtocolClient (GrpcClientProtocolClient.java:onNext(254)) - client-2441834134F0->bc1de2a2-9f8c-4685-9b1c-ce74acee7d55: receive RaftClientReply:client-2441834134F0->bc1de2a2-9f8c-4685-9b1c-ce74acee7d55@group-71B53C89E572, cid=11, SUCCESS, logIndex=11, commits[bc1de2a2-9f8c-4685-9b1c-ce74acee7d55:c11, 0f6e5a47-07d4-4501-8367-2982b3ed382e:c9, 649ea7bc-3e95-4016-bff1-2e07edbf4dd7:c9]
2019-06-18 00:55:19,591 INFO  client.GrpcClientProtocolClient (GrpcClientProtocolClient.java:onNext(254)) - client-2441834134F0->bc1de2a2-9f8c-4685-9b1c-ce74acee7d55: receive RaftClientReply:client-2441834134F0->bc1de2a2-9f8c-4685-9b1c-ce74acee7d55@group-71B53C89E572, cid=12, SUCCESS, logIndex=13, commits[bc1de2a2-9f8c-4685-9b1c-ce74acee7d55:c13, 0f6e5a47-07d4-4501-8367-2982b3ed382e:c11, 649ea7bc-3e95-4016-bff1-2e07edbf4dd7:c12]
2019-06-18 00:55:19,603 INFO  client.GrpcClientProtocolClient (GrpcClientProtocolClient.java:onNext(254)) - client-2441834134F0->bc1de2a2-9f8c-4685-9b1c-ce74acee7d55: receive RaftClientReply:client-2441834134F0->bc1de2a2-9f8c-4685-9b1c-ce74acee7d55@group-71B53C89E572, cid=13, SUCCESS, logIndex=15, commits[bc1de2a2-9f8c-4685-9b1c-ce74acee7d55:c15, 0f6e5a47-07d4-4501-8367-2982b3ed382e:c11, 649ea7bc-3e95-4016-bff1-2e07edbf4dd7:c13]
2019-06-18 00:55:19,618 INFO  client.GrpcClientProtocolClient (GrpcClientProtocolClient.java:onNext(254)) - client-2441834134F0->bc1de2a2-9f8c-4685-9b1c-ce74acee7d55: receive RaftClientReply:client-2441834134F0->bc1de2a2-9f8c-4685-9b1c-ce74acee7d55@group-71B53C89E572, cid=14, SUCCESS, logIndex=0, commits[bc1de2a2-9f8c-4685-9b1c-ce74acee7d55:c16, 0f6e5a47-07d4-4501-8367-2982b3ed382e:c15, 649ea7bc-3e95-4016-bff1-2e07edbf4dd7:c15]
2019-06-18 00:55:19,731 INFO  client.GrpcClientProtocolClient (GrpcClientProtocolClient.java:onNext(254)) - client-2441834134F0->bc1de2a2-9f8c-4685-9b1c-ce74acee7d55: receive RaftClientReply:client-2441834134F0->bc1de2a2-9f8c-4685-9b1c-ce74acee7d55@group-71B53C89E572, cid=15, SUCCESS, logIndex=17, commits[bc1de2a2-9f8c-4685-9b1c-ce74acee7d55:c18, 0f6e5a47-07d4-4501-8367-2982b3ed382e:c17, 649ea7bc-3e95-4016-bff1-2e07edbf4dd7:c16]
2019-06-18 00:55:19,776 INFO  client.GrpcClientProtocolClient (GrpcClientProtocolClient.java:onNext(254)) - client-2441834134F0->bc1de2a2-9f8c-4685-9b1c-ce74acee7d55: receive RaftClientReply:client-2441834134F0->bc1de2a2-9f8c-4685-9b1c-ce74acee7d55@group-71B53C89E572, cid=16, SUCCESS, logIndex=19, commits[bc1de2a2-9f8c-4685-9b1c-ce74acee7d55:c24, 0f6e5a47-07d4-4501-8367-2982b3ed382e:c21, 649ea7bc-3e95-4016-bff1-2e07edbf4dd7:c18]
2019-06-18 00:55:19,776 INFO  client.GrpcClientProtocolClient (GrpcClientProtocolClient.java:onNext(254)) - client-2441834134F0->bc1de2a2-9f8c-4685-9b1c-ce74acee7d55: receive RaftClientReply:client-2441834134F0->bc1de2a2-9f8c-4685-9b1c-ce74acee7d55@group-71B53C89E572, cid=17, SUCCESS, logIndex=20, commits[bc1de2a2-9f8c-4685-9b1c-ce74acee7d55:c24, 0f6e5a47-07d4-4501-8367-2982b3ed382e:c21, 649ea7bc-3e95-4016-bff1-2e07edbf4dd7:c18]
2019-06-18 00:55:19,801 INFO  client.GrpcClientProtocolClient (GrpcClientProtocolClient.java:onNext(254)) - client-2441834134F0->bc1de2a2-9f8c-4685-9b1c-ce74acee7d55: receive RaftClientReply:client-2441834134F0->bc1de2a2-9f8c-4685-9b1c-ce74acee7d55@group-71B53C89E572, cid=18, SUCCESS, logIndex=21, commits[bc1de2a2-9f8c-4685-9b1c-ce74acee7d55:c24, 0f6e5a47-07d4-4501-8367-2982b3ed382e:c21, 649ea7bc-3e95-4016-bff1-2e07edbf4dd7:c21]
2019-06-18 00:55:19,827 INFO  client.GrpcClientProtocolClient (GrpcClientProtocolClient.java:onNext(254)) - client-2441834134F0->bc1de2a2-9f8c-4685-9b1c-ce74acee7d55: receive RaftClientReply:client-2441834134F0->bc1de2a2-9f8c-4685-9b1c-ce74acee7d55@group-71B53C89E572, cid=19, SUCCESS, logIndex=25, commits[bc1de2a2-9f8c-4685-9b1c-ce74acee7d55:c25, 0f6e5a47-07d4-4501-8367-2982b3ed382e:c21, 649ea7bc-3e95-4016-bff1-2e07edbf4dd7:c24]
 0.00% |█                                                                                                    |  0/1 Time: 0:00:032019-06-18 00:55:19,851 INFO  client.GrpcClientProtocolClient (GrpcClientProtocolClient.java:onNext(254)) - client-2441834134F0->bc1de2a2-9f8c-4685-9b1c-ce74acee7d55: receive RaftClientReply:client-2441834134F0->bc1de2a2-9f8c-4685-9b1c-ce74acee7d55@group-71B53C89E572, cid=20, SUCCESS, logIndex=27, commits[bc1de2a2-9f8c-4685-9b1c-ce74acee7d55:c27, 0f6e5a47-07d4-4501-8367-2982b3ed382e:c25, 649ea7bc-3e95-4016-bff1-2e07edbf4dd7:c25]
2019-06-18 00:55:19,856 INFO  client.GrpcClientProtocolClient (GrpcClientProtocolClient.java:onNext(254)) - client-2441834134F0->bc1de2a2-9f8c-4685-9b1c-ce74acee7d55: receive RaftClientReply:client-2441834134F0->bc1de2a2-9f8c-4685-9b1c-ce74acee7d55@group-71B53C89E572, cid=21, SUCCESS, logIndex=28, commits[bc1de2a2-9f8c-4685-9b1c-ce74acee7d55:c28, 0f6e5a47-07d4-4501-8367-2982b3ed382e:c25, 649ea7bc-3e95-4016-bff1-2e07edbf4dd7:c25]
2019-06-18 00:55:19,862 INFO  client.GrpcClientProtocolClient (GrpcClientProtocolClient.java:onNext(254)) - client-2441834134F0->bc1de2a2-9f8c-4685-9b1c-ce74acee7d55: receive RaftClientReply:client-2441834134F0->bc1de2a2-9f8c-4685-9b1c-ce74acee7d55@group-71B53C89E572, cid=22, SUCCESS, logIndex=29, commits[bc1de2a2-9f8c-4685-9b1c-ce74acee7d55:c29, 0f6e5a47-07d4-4501-8367-2982b3ed382e:c25, 649ea7bc-3e95-4016-bff1-2e07edbf4dd7:c25]
2019-06-18 00:55:19,866 INFO  client.GrpcClientProtocolClient (GrpcClientProtocolClient.java:onNext(254)) - client-2441834134F0->bc1de2a2-9f8c-4685-9b1c-ce74acee7d55: receive RaftClientReply:client-2441834134F0->bc1de2a2-9f8c-4685-9b1c-ce74acee7d55@group-71B53C89E572, cid=23, SUCCESS, logIndex=0, commits[bc1de2a2-9f8c-4685-9b1c-ce74acee7d55:c32, 0f6e5a47-07d4-4501-8367-2982b3ed382e:c28, 649ea7bc-3e95-4016-bff1-2e07edbf4dd7:c29]
2019-06-18 00:55:19,888 INFO  client.GrpcClientProtocolClient (GrpcClientProtocolClient.java:onNext(254)) - client-2441834134F0->bc1de2a2-9f8c-4685-9b1c-ce74acee7d55: receive RaftClientReply:client-2441834134F0->bc1de2a2-9f8c-4685-9b1c-ce74acee7d55@group-71B53C89E572, cid=24, SUCCESS, logIndex=0, commits[bc1de2a2-9f8c-4685-9b1c-ce74acee7d55:c32, 0f6e5a47-07d4-4501-8367-2982b3ed382e:c29, 649ea7bc-3e95-4016-bff1-2e07edbf4dd7:c29]
2019-06-18 00:55:19,896 INFO  keyvalue.KeyValueHandler (ContainerUtils.java:logAndReturnError(146)) - Operation: CreateContainer : Trace ID: 22f2113c5e2c0671:ac13f358172a6c01:d546aa1809adf292:0 : Message: Container creation failed, due to disk out of space : Result: DISK_OUT_OF_SPACE
00:55:19.898 [pool-26-thread-25] ERROR DNAudit - user=null | ip=null | op=WRITE_CHUNK {blockData=conID: 3 locID: 102289854755176451 bcsId: 0} | ret=FAILURE
org.apache.hadoop.hdds.scm.container.common.helpers.StorageContainerException: ContainerID 3 creation failed
	at org.apache.hadoop.ozone.container.common.impl.HddsDispatcher.dispatchRequest(HddsDispatcher.java:227) ~[classes/:?]
	at org.apache.hadoop.ozone.container.common.impl.HddsDispatcher.dispatch(HddsDispatcher.java:148) ~[classes/:?]
	at org.apache.hadoop.ozone.container.common.transport.server.ratis.ContainerStateMachine.dispatchCommand(ContainerStateMachine.java:347) ~[classes/:?]
	at org.apache.hadoop.ozone.container.common.transport.server.ratis.ContainerStateMachine.runCommand(ContainerStateMachine.java:354) ~[classes/:?]
	at org.apache.hadoop.ozone.container.common.transport.server.ratis.ContainerStateMachine.lambda$handleWriteChunk$0(ContainerStateMachine.java:385) ~[classes/:?]
	at java.util.concurrent.CompletableFuture$AsyncSupply.run(CompletableFuture.java:1590) [?:1.8.0_212]
	at java.util.concurrent.ThreadPoolExecutor.runWorker(ThreadPoolExecutor.java:1149) [?:1.8.0_212]
	at java.util.concurrent.ThreadPoolExecutor$Worker.run(ThreadPoolExecutor.java:624) [?:1.8.0_212]
	at java.lang.Thread.run(Thread.java:748) [?:1.8.0_212]
2019-06-18 00:55:19,911 INFO  impl.HddsDispatcher (ContainerUtils.java:logAndReturnError(146)) - Operation: WriteChunk : Trace ID: 22f2113c5e2c0671:ac13f358172a6c01:d546aa1809adf292:0 : Message: ContainerID 3 creation failed : Result: DISK_OUT_OF_SPACE
2019-06-18 00:55:19,913 INFO  keyvalue.KeyValueHandler (ContainerUtils.java:logAndReturnError(146)) - Operation: CreateContainer : Trace ID: 22f2113c5e2c0671:ac13f358172a6c01:d546aa1809adf292:0 : Message: Container creation failed, due to disk out of space : Result: DISK_OUT_OF_SPACE
00:55:19.915 [pool-47-thread-10] ERROR DNAudit - user=null | ip=null | op=WRITE_CHUNK {blockData=conID: 3 locID: 102289854755176451 bcsId: 0} | ret=FAILURE
org.apache.hadoop.hdds.scm.container.common.helpers.StorageContainerException: ContainerID 3 creation failed
	at org.apache.hadoop.ozone.container.common.impl.HddsDispatcher.dispatchRequest(HddsDispatcher.java:227) ~[classes/:?]
	at org.apache.hadoop.ozone.container.common.impl.HddsDispatcher.dispatch(HddsDispatcher.java:148) ~[classes/:?]
	at org.apache.hadoop.ozone.container.common.transport.server.ratis.ContainerStateMachine.dispatchCommand(ContainerStateMachine.java:347) ~[classes/:?]
	at org.apache.hadoop.ozone.container.common.transport.server.ratis.ContainerStateMachine.runCommand(ContainerStateMachine.java:354) ~[classes/:?]
	at org.apache.hadoop.ozone.container.common.transport.server.ratis.ContainerStateMachine.lambda$handleWriteChunk$0(ContainerStateMachine.java:385) ~[classes/:?]
	at java.util.concurrent.CompletableFuture$AsyncSupply.run(CompletableFuture.java:1590) [?:1.8.0_212]
	at java.util.concurrent.ThreadPoolExecutor.runWorker(ThreadPoolExecutor.java:1149) [?:1.8.0_212]
	at java.util.concurrent.ThreadPoolExecutor$Worker.run(ThreadPoolExecutor.java:624) [?:1.8.0_212]
	at java.lang.Thread.run(Thread.java:748) [?:1.8.0_212]
2019-06-18 00:55:19,916 INFO  impl.HddsDispatcher (ContainerUtils.java:logAndReturnError(146)) - Operation: WriteChunk : Trace ID: 22f2113c5e2c0671:ac13f358172a6c01:d546aa1809adf292:0 : Message: ContainerID 3 creation failed : Result: DISK_OUT_OF_SPACE
2019-06-18 00:55:19,920 INFO  keyvalue.KeyValueHandler (ContainerUtils.java:logAndReturnError(146)) - Operation: CreateContainer : Trace ID: 22f2113c5e2c0671:ac13f358172a6c01:d546aa1809adf292:0 : Message: Container creation failed, due to disk out of space : Result: DISK_OUT_OF_SPACE
00:55:19.920 [pool-68-thread-10] ERROR DNAudit - user=null | ip=null | op=WRITE_CHUNK {blockData=conID: 3 locID: 102289854755176451 bcsId: 0} | ret=FAILURE
org.apache.hadoop.hdds.scm.container.common.helpers.StorageContainerException: ContainerID 3 creation failed
	at org.apache.hadoop.ozone.container.common.impl.HddsDispatcher.dispatchRequest(HddsDispatcher.java:227) ~[classes/:?]
	at org.apache.hadoop.ozone.container.common.impl.HddsDispatcher.dispatch(HddsDispatcher.java:148) ~[classes/:?]
	at org.apache.hadoop.ozone.container.common.transport.server.ratis.ContainerStateMachine.dispatchCommand(ContainerStateMachine.java:347) ~[classes/:?]
	at org.apache.hadoop.ozone.container.common.transport.server.ratis.ContainerStateMachine.runCommand(ContainerStateMachine.java:354) ~[classes/:?]
	at org.apache.hadoop.ozone.container.common.transport.server.ratis.ContainerStateMachine.lambda$handleWriteChunk$0(ContainerStateMachine.java:385) ~[classes/:?]
	at java.util.concurrent.CompletableFuture$AsyncSupply.run(CompletableFuture.java:1590) [?:1.8.0_212]
	at java.util.concurrent.ThreadPoolExecutor.runWorker(ThreadPoolExecutor.java:1149) [?:1.8.0_212]
	at java.util.concurrent.ThreadPoolExecutor$Worker.run(ThreadPoolExecutor.java:624) [?:1.8.0_212]
	at java.lang.Thread.run(Thread.java:748) [?:1.8.0_212]
2019-06-18 00:55:19,921 INFO  impl.HddsDispatcher (ContainerUtils.java:logAndReturnError(146)) - Operation: WriteChunk : Trace ID: 22f2113c5e2c0671:ac13f358172a6c01:d546aa1809adf292:0 : Message: ContainerID 3 creation failed : Result: DISK_OUT_OF_SPACE
00:55:19.924 [pool-30-thread-1] ERROR DNAudit - user=null | ip=null | op=WRITE_CHUNK {blockData=conID: 3 locID: 102289854755176451 bcsId: 0} | ret=FAILURE
org.apache.hadoop.hdds.scm.container.common.helpers.StorageContainerException: ContainerID 3 does not exist
	at org.apache.hadoop.ozone.container.common.impl.HddsDispatcher.dispatchRequest(HddsDispatcher.java:242) ~[classes/:?]
	at org.apache.hadoop.ozone.container.common.impl.HddsDispatcher.dispatch(HddsDispatcher.java:148) ~[classes/:?]
	at org.apache.hadoop.ozone.container.common.transport.server.ratis.ContainerStateMachine.dispatchCommand(ContainerStateMachine.java:347) ~[classes/:?]
	at org.apache.hadoop.ozone.container.common.transport.server.ratis.ContainerStateMachine.runCommand(ContainerStateMachine.java:354) ~[classes/:?]
	at org.apache.hadoop.ozone.container.common.transport.server.ratis.ContainerStateMachine.lambda$applyTransaction$5(ContainerStateMachine.java:621) ~[classes/:?]
	at java.util.concurrent.CompletableFuture$AsyncSupply.run(CompletableFuture.java:1590) [?:1.8.0_212]
	at java.util.concurrent.ThreadPoolExecutor.runWorker(ThreadPoolExecutor.java:1149) [?:1.8.0_212]
	at java.util.concurrent.ThreadPoolExecutor$Worker.run(ThreadPoolExecutor.java:624) [?:1.8.0_212]
	at java.lang.Thread.run(Thread.java:748) [?:1.8.0_212]
2019-06-18 00:55:19,925 INFO  impl.HddsDispatcher (ContainerUtils.java:logAndReturnError(146)) - Operation: WriteChunk : Trace ID: 22f2113c5e2c0671:ac13f358172a6c01:d546aa1809adf292:0 : Message: ContainerID 3 does not exist : Result: CONTAINER_NOT_FOUND
2019-06-18 00:55:19,927 INFO  client.GrpcClientProtocolClient (GrpcClientProtocolClient.java:onNext(254)) - client-2441834134F0->bc1de2a2-9f8c-4685-9b1c-ce74acee7d55: receive RaftClientReply:client-2441834134F0->bc1de2a2-9f8c-4685-9b1c-ce74acee7d55@group-71B53C89E572, cid=25, SUCCESS, logIndex=33, commits[bc1de2a2-9f8c-4685-9b1c-ce74acee7d55:c33, 0f6e5a47-07d4-4501-8367-2982b3ed382e:c32, 649ea7bc-3e95-4016-bff1-2e07edbf4dd7:c32]
2019-06-18 00:55:19,929 INFO  keyvalue.KeyValueHandler (ContainerUtils.java:logAndReturnError(146)) - Operation: CreateContainer : Trace ID: 22f2113c5e2c0671:e4c10b5e718189c8:d546aa1809adf292:0 : Message: Container creation failed, due to disk out of space : Result: DISK_OUT_OF_SPACE
00:55:19.929 [pool-26-thread-28] ERROR DNAudit - user=null | ip=null | op=WRITE_CHUNK {blockData=conID: 3 locID: 102289854755176451 bcsId: 0} | ret=FAILURE
org.apache.hadoop.hdds.scm.container.common.helpers.StorageContainerException: ContainerID 3 creation failed
	at org.apache.hadoop.ozone.container.common.impl.HddsDispatcher.dispatchRequest(HddsDispatcher.java:227) ~[classes/:?]
	at org.apache.hadoop.ozone.container.common.impl.HddsDispatcher.dispatch(HddsDispatcher.java:148) ~[classes/:?]
	at org.apache.hadoop.ozone.container.common.transport.server.ratis.ContainerStateMachine.dispatchCommand(ContainerStateMachine.java:347) ~[classes/:?]
	at org.apache.hadoop.ozone.container.common.transport.server.ratis.ContainerStateMachine.runCommand(ContainerStateMachine.java:354) ~[classes/:?]
	at org.apache.hadoop.ozone.container.common.transport.server.ratis.ContainerStateMachine.lambda$handleWriteChunk$0(ContainerStateMachine.java:385) ~[classes/:?]
	at java.util.concurrent.CompletableFuture$AsyncSupply.run(CompletableFuture.java:1590) [?:1.8.0_212]
	at java.util.concurrent.ThreadPoolExecutor.runWorker(ThreadPoolExecutor.java:1149) [?:1.8.0_212]
	at java.util.concurrent.ThreadPoolExecutor$Worker.run(ThreadPoolExecutor.java:624) [?:1.8.0_212]
	at java.lang.Thread.run(Thread.java:748) [?:1.8.0_212]
2019-06-18 00:55:19,930 INFO  impl.HddsDispatcher (ContainerUtils.java:logAndReturnError(146)) - Operation: WriteChunk : Trace ID: 22f2113c5e2c0671:e4c10b5e718189c8:d546aa1809adf292:0 : Message: ContainerID 3 creation failed : Result: DISK_OUT_OF_SPACE
00:55:19.930 [pool-72-thread-1] ERROR DNAudit - user=null | ip=null | op=WRITE_CHUNK {blockData=conID: 3 locID: 102289854755176451 bcsId: 0} | ret=FAILURE
org.apache.hadoop.hdds.scm.container.common.helpers.StorageContainerException: ContainerID 3 does not exist
	at org.apache.hadoop.ozone.container.common.impl.HddsDispatcher.dispatchRequest(HddsDispatcher.java:242) ~[classes/:?]
	at org.apache.hadoop.ozone.container.common.impl.HddsDispatcher.dispatch(HddsDispatcher.java:148) ~[classes/:?]
	at org.apache.hadoop.ozone.container.common.transport.server.ratis.ContainerStateMachine.dispatchCommand(ContainerStateMachine.java:347) ~[classes/:?]
	at org.apache.hadoop.ozone.container.common.transport.server.ratis.ContainerStateMachine.runCommand(ContainerStateMachine.java:354) ~[classes/:?]
	at org.apache.hadoop.ozone.container.common.transport.server.ratis.ContainerStateMachine.lambda$applyTransaction$5(ContainerStateMachine.java:621) ~[classes/:?]
	at java.util.concurrent.CompletableFuture$AsyncSupply.run(CompletableFuture.java:1590) [?:1.8.0_212]
	at java.util.concurrent.ThreadPoolExecutor.runWorker(ThreadPoolExecutor.java:1149) [?:1.8.0_212]
	at java.util.concurrent.ThreadPoolExecutor$Worker.run(ThreadPoolExecutor.java:624) [?:1.8.0_212]
	at java.lang.Thread.run(Thread.java:748) [?:1.8.0_212]
2019-06-18 00:55:19,931 INFO  impl.HddsDispatcher (ContainerUtils.java:logAndReturnError(146)) - Operation: WriteChunk : Trace ID: 22f2113c5e2c0671:ac13f358172a6c01:d546aa1809adf292:0 : Message: ContainerID 3 does not exist : Result: CONTAINER_NOT_FOUND
00:55:19.939 [pool-51-thread-1] ERROR DNAudit - user=null | ip=null | op=WRITE_CHUNK {blockData=conID: 3 locID: 102289854755176451 bcsId: 0} | ret=FAILURE
org.apache.hadoop.hdds.scm.container.common.helpers.StorageContainerException: ContainerID 3 does not exist
	at org.apache.hadoop.ozone.container.common.impl.HddsDispatcher.dispatchRequest(HddsDispatcher.java:242) ~[classes/:?]
	at org.apache.hadoop.ozone.container.common.impl.HddsDispatcher.dispatch(HddsDispatcher.java:148) ~[classes/:?]
	at org.apache.hadoop.ozone.container.common.transport.server.ratis.ContainerStateMachine.dispatchCommand(ContainerStateMachine.java:347) ~[classes/:?]
	at org.apache.hadoop.ozone.container.common.transport.server.ratis.ContainerStateMachine.runCommand(ContainerStateMachine.java:354) ~[classes/:?]
	at org.apache.hadoop.ozone.container.common.transport.server.ratis.ContainerStateMachine.lambda$applyTransaction$5(ContainerStateMachine.java:621) ~[classes/:?]
	at java.util.concurrent.CompletableFuture$AsyncSupply.run(CompletableFuture.java:1590) [?:1.8.0_212]
	at java.util.concurrent.ThreadPoolExecutor.runWorker(ThreadPoolExecutor.java:1149) [?:1.8.0_212]
	at java.util.concurrent.ThreadPoolExecutor$Worker.run(ThreadPoolExecutor.java:624) [?:1.8.0_212]
	at java.lang.Thread.run(Thread.java:748) [?:1.8.0_212]
2019-06-18 00:55:19,938 ERROR storage.BlockOutputStream (BlockOutputStream.java:validateResponse(538)) - Unexpected Storage Container Exception: 
org.apache.hadoop.hdds.scm.container.common.helpers.StorageContainerException: ContainerID 3 does not exist
	at org.apache.hadoop.hdds.scm.storage.ContainerProtocolCalls.validateContainerResponse(ContainerProtocolCalls.java:536)
	at org.apache.hadoop.hdds.scm.storage.BlockOutputStream.validateResponse(BlockOutputStream.java:536)
	at org.apache.hadoop.hdds.scm.storage.BlockOutputStream.lambda$writeChunkToContainer$2(BlockOutputStream.java:614)
	at java.util.concurrent.CompletableFuture.uniApply(CompletableFuture.java:602)
	at java.util.concurrent.CompletableFuture$UniApply.tryFire(CompletableFuture.java:577)
	at java.util.concurrent.CompletableFuture$Completion.run(CompletableFuture.java:442)
	at java.util.concurrent.ThreadPoolExecutor.runWorker(ThreadPoolExecutor.java:1149)
	at java.util.concurrent.ThreadPoolExecutor$Worker.run(ThreadPoolExecutor.java:624)
	at java.lang.Thread.run(Thread.java:748)
2019-06-18 00:55:19,939 INFO  impl.HddsDispatcher (ContainerUtils.java:logAndReturnError(146)) - Operation: WriteChunk : Trace ID: 22f2113c5e2c0671:ac13f358172a6c01:d546aa1809adf292:0 : Message: ContainerID 3 does not exist : Result: CONTAINER_NOT_FOUND
2019-06-18 00:55:19,939 INFO  keyvalue.KeyValueHandler (ContainerUtils.java:logAndReturnError(146)) - Operation: CreateContainer : Trace ID: 22f2113c5e2c0671:e4c10b5e718189c8:d546aa1809adf292:0 : Message: Container creation failed, due to disk out of space : Result: DISK_OUT_OF_SPACE
00:55:19.940 [pool-68-thread-11] ERROR DNAudit - user=null | ip=null | op=WRITE_CHUNK {blockData=conID: 3 locID: 102289854755176451 bcsId: 0} | ret=FAILURE
org.apache.hadoop.hdds.scm.container.common.helpers.StorageContainerException: ContainerID 3 creation failed
	at org.apache.hadoop.ozone.container.common.impl.HddsDispatcher.dispatchRequest(HddsDispatcher.java:227) ~[classes/:?]
	at org.apache.hadoop.ozone.container.common.impl.HddsDispatcher.dispatch(HddsDispatcher.java:148) ~[classes/:?]
	at org.apache.hadoop.ozone.container.common.transport.server.ratis.ContainerStateMachine.dispatchCommand(ContainerStateMachine.java:347) ~[classes/:?]
	at org.apache.hadoop.ozone.container.common.transport.server.ratis.ContainerStateMachine.runCommand(ContainerStateMachine.java:354) ~[classes/:?]
	at org.apache.hadoop.ozone.container.common.transport.server.ratis.ContainerStateMachine.lambda$handleWriteChunk$0(ContainerStateMachine.java:385) ~[classes/:?]
	at java.util.concurrent.CompletableFuture$AsyncSupply.run(CompletableFuture.java:1590) [?:1.8.0_212]
	at java.util.concurrent.ThreadPoolExecutor.runWorker(ThreadPoolExecutor.java:1149) [?:1.8.0_212]
	at java.util.concurrent.ThreadPoolExecutor$Worker.run(ThreadPoolExecutor.java:624) [?:1.8.0_212]
	at java.lang.Thread.run(Thread.java:748) [?:1.8.0_212]
2019-06-18 00:55:19,941 INFO  impl.HddsDispatcher (ContainerUtils.java:logAndReturnError(146)) - Operation: WriteChunk : Trace ID: 22f2113c5e2c0671:e4c10b5e718189c8:d546aa1809adf292:0 : Message: ContainerID 3 creation failed : Result: DISK_OUT_OF_SPACE
00:55:19.944 [pool-30-thread-1] ERROR DNAudit - user=null | ip=null | op=PUT_BLOCK {blockData=[blockId=conID: 3 locID: 102289854755176451 bcsId: 0,size=1048576]} | ret=FAILURE
org.apache.hadoop.hdds.scm.container.common.helpers.StorageContainerException: ContainerID 3 does not exist
	at org.apache.hadoop.ozone.container.common.impl.HddsDispatcher.dispatchRequest(HddsDispatcher.java:242) ~[classes/:?]
	at org.apache.hadoop.ozone.container.common.impl.HddsDispatcher.dispatch(HddsDispatcher.java:148) ~[classes/:?]
	at org.apache.hadoop.ozone.container.common.transport.server.ratis.ContainerStateMachine.dispatchCommand(ContainerStateMachine.java:347) ~[classes/:?]
	at org.apache.hadoop.ozone.container.common.transport.server.ratis.ContainerStateMachine.runCommand(ContainerStateMachine.java:354) ~[classes/:?]
	at org.apache.hadoop.ozone.container.common.transport.server.ratis.ContainerStateMachine.lambda$applyTransaction$5(ContainerStateMachine.java:621) ~[classes/:?]
	at java.util.concurrent.CompletableFuture$AsyncSupply.run(CompletableFuture.java:1590) [?:1.8.0_212]
	at java.util.concurrent.ThreadPoolExecutor.runWorker(ThreadPoolExecutor.java:1149) [?:1.8.0_212]
	at java.util.concurrent.ThreadPoolExecutor$Worker.run(ThreadPoolExecutor.java:624) [?:1.8.0_212]
	at java.lang.Thread.run(Thread.java:748) [?:1.8.0_212]
2019-06-18 00:55:19,944 INFO  impl.HddsDispatcher (ContainerUtils.java:logAndReturnError(146)) - Operation: PutBlock : Trace ID: 22f2113c5e2c0671:161527be2a9d8678:d546aa1809adf292:0 : Message: ContainerID 3 does not exist : Result: CONTAINER_NOT_FOUND
2019-06-18 00:55:19,945 INFO  keyvalue.KeyValueHandler (ContainerUtils.java:logAndReturnError(146)) - Operation: CreateContainer : Trace ID: 22f2113c5e2c0671:e4c10b5e718189c8:d546aa1809adf292:0 : Message: Container creation failed, due to disk out of space : Result: DISK_OUT_OF_SPACE
00:55:19.945 [pool-47-thread-11] ERROR DNAudit - user=null | ip=null | op=WRITE_CHUNK {blockData=conID: 3 locID: 102289854755176451 bcsId: 0} | ret=FAILURE
org.apache.hadoop.hdds.scm.container.common.helpers.StorageContainerException: ContainerID 3 creation failed
	at org.apache.hadoop.ozone.container.common.impl.HddsDispatcher.dispatchRequest(HddsDispatcher.java:227) ~[classes/:?]
	at org.apache.hadoop.ozone.container.common.impl.HddsDispatcher.dispatch(HddsDispatcher.java:148) ~[classes/:?]
	at org.apache.hadoop.ozone.container.common.transport.server.ratis.ContainerStateMachine.dispatchCommand(ContainerStateMachine.java:347) ~[classes/:?]
	at org.apache.hadoop.ozone.container.common.transport.server.ratis.ContainerStateMachine.runCommand(ContainerStateMachine.java:354) ~[classes/:?]
	at org.apache.hadoop.ozone.container.common.transport.server.ratis.ContainerStateMachine.lambda$handleWriteChunk$0(ContainerStateMachine.java:385) ~[classes/:?]
	at java.util.concurrent.CompletableFuture$AsyncSupply.run(CompletableFuture.java:1590) [?:1.8.0_212]
	at java.util.concurrent.ThreadPoolExecutor.runWorker(ThreadPoolExecutor.java:1149) [?:1.8.0_212]
	at java.util.concurrent.ThreadPoolExecutor$Worker.run(ThreadPoolExecutor.java:624) [?:1.8.0_212]
	at java.lang.Thread.run(Thread.java:748) [?:1.8.0_212]
2019-06-18 00:55:19,945 INFO  impl.HddsDispatcher (ContainerUtils.java:logAndReturnError(146)) - Operation: WriteChunk : Trace ID: 22f2113c5e2c0671:e4c10b5e718189c8:d546aa1809adf292:0 : Message: ContainerID 3 creation failed : Result: DISK_OUT_OF_SPACE
2019-06-18 00:55:19,946 INFO  client.GrpcClientProtocolClient (GrpcClientProtocolClient.java:onNext(254)) - client-2441834134F0->bc1de2a2-9f8c-4685-9b1c-ce74acee7d55: receive RaftClientReply:client-2441834134F0->bc1de2a2-9f8c-4685-9b1c-ce74acee7d55@group-71B53C89E572, cid=26, SUCCESS, logIndex=35, commits[bc1de2a2-9f8c-4685-9b1c-ce74acee7d55:c35, 0f6e5a47-07d4-4501-8367-2982b3ed382e:c33, 649ea7bc-3e95-4016-bff1-2e07edbf4dd7:c33]
00:55:19.948 [pool-30-thread-1] ERROR DNAudit - user=null | ip=null | op=WRITE_CHUNK {blockData=conID: 3 locID: 102289854755176451 bcsId: 0} | ret=FAILURE
org.apache.hadoop.hdds.scm.container.common.helpers.StorageContainerException: ContainerID 3 does not exist
	at org.apache.hadoop.ozone.container.common.impl.HddsDispatcher.dispatchRequest(HddsDispatcher.java:242) ~[classes/:?]
	at org.apache.hadoop.ozone.container.common.impl.HddsDispatcher.dispatch(HddsDispatcher.java:148) ~[classes/:?]
	at org.apache.hadoop.ozone.container.common.transport.server.ratis.ContainerStateMachine.dispatchCommand(ContainerStateMachine.java:347) ~[classes/:?]
	at org.apache.hadoop.ozone.container.common.transport.server.ratis.ContainerStateMachine.runCommand(ContainerStateMachine.java:354) ~[classes/:?]
	at org.apache.hadoop.ozone.container.common.transport.server.ratis.ContainerStateMachine.lambda$applyTransaction$5(ContainerStateMachine.java:621) ~[classes/:?]
	at java.util.concurrent.CompletableFuture$AsyncSupply.run(CompletableFuture.java:1590) [?:1.8.0_212]
	at java.util.concurrent.ThreadPoolExecutor.runWorker(ThreadPoolExecutor.java:1149) [?:1.8.0_212]
	at java.util.concurrent.ThreadPoolExecutor$Worker.run(ThreadPoolExecutor.java:624) [?:1.8.0_212]
	at java.lang.Thread.run(Thread.java:748) [?:1.8.0_212]
2019-06-18 00:55:19,948 INFO  impl.HddsDispatcher (ContainerUtils.java:logAndReturnError(146)) - Operation: WriteChunk : Trace ID: 22f2113c5e2c0671:e4c10b5e718189c8:d546aa1809adf292:0 : Message: ContainerID 3 does not exist : Result: CONTAINER_NOT_FOUND
00:55:19.960 [pool-51-thread-1] ERROR DNAudit - user=null | ip=null | op=PUT_BLOCK {blockData=[blockId=conID: 3 locID: 102289854755176451 bcsId: 0,size=1048576]} | ret=FAILURE
org.apache.hadoop.hdds.scm.container.common.helpers.StorageContainerException: ContainerID 3 does not exist
	at org.apache.hadoop.ozone.container.common.impl.HddsDispatcher.dispatchRequest(HddsDispatcher.java:242) ~[classes/:?]
	at org.apache.hadoop.ozone.container.common.impl.HddsDispatcher.dispatch(HddsDispatcher.java:148) ~[classes/:?]
	at org.apache.hadoop.ozone.container.common.transport.server.ratis.ContainerStateMachine.dispatchCommand(ContainerStateMachine.java:347) ~[classes/:?]
	at org.apache.hadoop.ozone.container.common.transport.server.ratis.ContainerStateMachine.runCommand(ContainerStateMachine.java:354) ~[classes/:?]
	at org.apache.hadoop.ozone.container.common.transport.server.ratis.ContainerStateMachine.lambda$applyTransaction$5(ContainerStateMachine.java:621) ~[classes/:?]
	at java.util.concurrent.CompletableFuture$AsyncSupply.run(CompletableFuture.java:1590) [?:1.8.0_212]
	at java.util.concurrent.ThreadPoolExecutor.runWorker(ThreadPoolExecutor.java:1149) [?:1.8.0_212]
	at java.util.concurrent.ThreadPoolExecutor$Worker.run(ThreadPoolExecutor.java:624) [?:1.8.0_212]
	at java.lang.Thread.run(Thread.java:748) [?:1.8.0_212]
2019-06-18 00:55:19,961 INFO  impl.HddsDispatcher (ContainerUtils.java:logAndReturnError(146)) - Operation: PutBlock : Trace ID: 22f2113c5e2c0671:161527be2a9d8678:d546aa1809adf292:0 : Message: ContainerID 3 does not exist : Result: CONTAINER_NOT_FOUND
00:55:19.960 [pool-72-thread-1] ERROR DNAudit - user=null | ip=null | op=PUT_BLOCK {blockData=[blockId=conID: 3 locID: 102289854755176451 bcsId: 0,size=1048576]} | ret=FAILURE
org.apache.hadoop.hdds.scm.container.common.helpers.StorageContainerException: ContainerID 3 does not exist
	at org.apache.hadoop.ozone.container.common.impl.HddsDispatcher.dispatchRequest(HddsDispatcher.java:242) ~[classes/:?]
	at org.apache.hadoop.ozone.container.common.impl.HddsDispatcher.dispatch(HddsDispatcher.java:148) ~[classes/:?]
	at org.apache.hadoop.ozone.container.common.transport.server.ratis.ContainerStateMachine.dispatchCommand(ContainerStateMachine.java:347) ~[classes/:?]
	at org.apache.hadoop.ozone.container.common.transport.server.ratis.ContainerStateMachine.runCommand(ContainerStateMachine.java:354) ~[classes/:?]
	at org.apache.hadoop.ozone.container.common.transport.server.ratis.ContainerStateMachine.lambda$applyTransaction$5(ContainerStateMachine.java:621) ~[classes/:?]
	at java.util.concurrent.CompletableFuture$AsyncSupply.run(CompletableFuture.java:1590) [?:1.8.0_212]
	at java.util.concurrent.ThreadPoolExecutor.runWorker(ThreadPoolExecutor.java:1149) [?:1.8.0_212]
	at java.util.concurrent.ThreadPoolExecutor$Worker.run(ThreadPoolExecutor.java:624) [?:1.8.0_212]
	at java.lang.Thread.run(Thread.java:748) [?:1.8.0_212]
2019-06-18 00:55:19,961 INFO  client.GrpcClientProtocolClient (GrpcClientProtocolClient.java:onNext(254)) - client-2441834134F0->bc1de2a2-9f8c-4685-9b1c-ce74acee7d55: receive RaftClientReply:client-2441834134F0->bc1de2a2-9f8c-4685-9b1c-ce74acee7d55@group-71B53C89E572, cid=27, SUCCESS, logIndex=36, commits[bc1de2a2-9f8c-4685-9b1c-ce74acee7d55:c36, 0f6e5a47-07d4-4501-8367-2982b3ed382e:c34, 649ea7bc-3e95-4016-bff1-2e07edbf4dd7:c34]
00:55:19.961 [pool-30-thread-1] ERROR DNAudit - user=null | ip=null | op=PUT_BLOCK {blockData=[blockId=conID: 3 locID: 102289854755176451 bcsId: 0,size=2097152]} | ret=FAILURE
org.apache.hadoop.hdds.scm.container.common.helpers.StorageContainerException: ContainerID 3 does not exist
	at org.apache.hadoop.ozone.container.common.impl.HddsDispatcher.dispatchRequest(HddsDispatcher.java:242) ~[classes/:?]
	at org.apache.hadoop.ozone.container.common.impl.HddsDispatcher.dispatch(HddsDispatcher.java:148) ~[classes/:?]
	at org.apache.hadoop.ozone.container.common.transport.server.ratis.ContainerStateMachine.dispatchCommand(ContainerStateMachine.java:347) ~[classes/:?]
	at org.apache.hadoop.ozone.container.common.transport.server.ratis.ContainerStateMachine.runCommand(ContainerStateMachine.java:354) ~[classes/:?]
	at org.apache.hadoop.ozone.container.common.transport.server.ratis.ContainerStateMachine.lambda$applyTransaction$5(ContainerStateMachine.java:621) ~[classes/:?]
	at java.util.concurrent.CompletableFuture$AsyncSupply.run(CompletableFuture.java:1590) [?:1.8.0_212]
	at java.util.concurrent.ThreadPoolExecutor.runWorker(ThreadPoolExecutor.java:1149) [?:1.8.0_212]
	at java.util.concurrent.ThreadPoolExecutor$Worker.run(ThreadPoolExecutor.java:624) [?:1.8.0_212]
	at java.lang.Thread.run(Thread.java:748) [?:1.8.0_212]
2019-06-18 00:55:19,962 INFO  impl.HddsDispatcher (ContainerUtils.java:logAndReturnError(146)) - Operation: PutBlock : Trace ID: 22f2113c5e2c0671:161527be2a9d8678:d546aa1809adf292:0 : Message: ContainerID 3 does not exist : Result: CONTAINER_NOT_FOUND
2019-06-18 00:55:19,962 INFO  impl.HddsDispatcher (ContainerUtils.java:logAndReturnError(146)) - Operation: PutBlock : Trace ID: 22f2113c5e2c0671:8e95ce506c7b34fd:d546aa1809adf292:0 : Message: ContainerID 3 does not exist : Result: CONTAINER_NOT_FOUND
00:55:19.963 [pool-72-thread-1] ERROR DNAudit - user=null | ip=null | op=WRITE_CHUNK {blockData=conID: 3 locID: 102289854755176451 bcsId: 0} | ret=FAILURE
org.apache.hadoop.hdds.scm.container.common.helpers.StorageContainerException: ContainerID 3 does not exist
	at org.apache.hadoop.ozone.container.common.impl.HddsDispatcher.dispatchRequest(HddsDispatcher.java:242) ~[classes/:?]
	at org.apache.hadoop.ozone.container.common.impl.HddsDispatcher.dispatch(HddsDispatcher.java:148) ~[classes/:?]
	at org.apache.hadoop.ozone.container.common.transport.server.ratis.ContainerStateMachine.dispatchCommand(ContainerStateMachine.java:347) ~[classes/:?]
	at org.apache.hadoop.ozone.container.common.transport.server.ratis.ContainerStateMachine.runCommand(ContainerStateMachine.java:354) ~[classes/:?]
	at org.apache.hadoop.ozone.container.common.transport.server.ratis.ContainerStateMachine.lambda$applyTransaction$5(ContainerStateMachine.java:621) ~[classes/:?]
	at java.util.concurrent.CompletableFuture$AsyncSupply.run(CompletableFuture.java:1590) [?:1.8.0_212]
	at java.util.concurrent.ThreadPoolExecutor.runWorker(ThreadPoolExecutor.java:1149) [?:1.8.0_212]
	at java.util.concurrent.ThreadPoolExecutor$Worker.run(ThreadPoolExecutor.java:624) [?:1.8.0_212]
	at java.lang.Thread.run(Thread.java:748) [?:1.8.0_212]
2019-06-18 00:55:19,963 INFO  impl.HddsDispatcher (ContainerUtils.java:logAndReturnError(146)) - Operation: WriteChunk : Trace ID: 22f2113c5e2c0671:e4c10b5e718189c8:d546aa1809adf292:0 : Message: ContainerID 3 does not exist : Result: CONTAINER_NOT_FOUND
00:55:19.965 [pool-51-thread-1] ERROR DNAudit - user=null | ip=null | op=WRITE_CHUNK {blockData=conID: 3 locID: 102289854755176451 bcsId: 0} | ret=FAILURE
org.apache.hadoop.hdds.scm.container.common.helpers.StorageContainerException: ContainerID 3 does not exist
	at org.apache.hadoop.ozone.container.common.impl.HddsDispatcher.dispatchRequest(HddsDispatcher.java:242) ~[classes/:?]
	at org.apache.hadoop.ozone.container.common.impl.HddsDispatcher.dispatch(HddsDispatcher.java:148) ~[classes/:?]
	at org.apache.hadoop.ozone.container.common.transport.server.ratis.ContainerStateMachine.dispatchCommand(ContainerStateMachine.java:347) ~[classes/:?]
	at org.apache.hadoop.ozone.container.common.transport.server.ratis.ContainerStateMachine.runCommand(ContainerStateMachine.java:354) ~[classes/:?]
	at org.apache.hadoop.ozone.container.common.transport.server.ratis.ContainerStateMachine.lambda$applyTransaction$5(ContainerStateMachine.java:621) ~[classes/:?]
	at java.util.concurrent.CompletableFuture$AsyncSupply.run(CompletableFuture.java:1590) [?:1.8.0_212]
	at java.util.concurrent.ThreadPoolExecutor.runWorker(ThreadPoolExecutor.java:1149) [?:1.8.0_212]
	at java.util.concurrent.ThreadPoolExecutor$Worker.run(ThreadPoolExecutor.java:624) [?:1.8.0_212]
	at java.lang.Thread.run(Thread.java:748) [?:1.8.0_212]
2019-06-18 00:55:19,965 INFO  impl.HddsDispatcher (ContainerUtils.java:logAndReturnError(146)) - Operation: WriteChunk : Trace ID: 22f2113c5e2c0671:e4c10b5e718189c8:d546aa1809adf292:0 : Message: ContainerID 3 does not exist : Result: CONTAINER_NOT_FOUND
2019-06-18 00:55:19,966 INFO  client.GrpcClientProtocolClient (GrpcClientProtocolClient.java:onNext(254)) - client-2441834134F0->bc1de2a2-9f8c-4685-9b1c-ce74acee7d55: receive RaftClientReply:client-2441834134F0->bc1de2a2-9f8c-4685-9b1c-ce74acee7d55@group-71B53C89E572, cid=28, SUCCESS, logIndex=37, commits[bc1de2a2-9f8c-4685-9b1c-ce74acee7d55:c39, 0f6e5a47-07d4-4501-8367-2982b3ed382e:c36, 649ea7bc-3e95-4016-bff1-2e07edbf4dd7:c35]
2019-06-18 00:55:19,970 ERROR freon.RandomKeyGenerator (RandomKeyGenerator.java:run(675)) - Exception while adding key: key-0-27265 in bucket: org.apache.hadoop.ozone.client.OzoneBucket@730d1b31 of volume: org.apache.hadoop.ozone.client.OzoneVolume@1e9036a.
java.io.IOException: Unexpected Storage Container Exception: org.apache.hadoop.hdds.scm.container.common.helpers.StorageContainerException: ContainerID 3 does not exist
	at org.apache.hadoop.hdds.scm.storage.BlockOutputStream.setIoException(BlockOutputStream.java:548)
	at org.apache.hadoop.hdds.scm.storage.BlockOutputStream.validateResponse(BlockOutputStream.java:539)
	at org.apache.hadoop.hdds.scm.storage.BlockOutputStream.lambda$writeChunkToContainer$2(BlockOutputStream.java:614)
	at java.util.concurrent.CompletableFuture.uniApply(CompletableFuture.java:602)
	at java.util.concurrent.CompletableFuture$UniApply.tryFire(CompletableFuture.java:577)
	at java.util.concurrent.CompletableFuture$Completion.run(CompletableFuture.java:442)
	at java.util.concurrent.ThreadPoolExecutor.runWorker(ThreadPoolExecutor.java:1149)
	at java.util.concurrent.ThreadPoolExecutor$Worker.run(ThreadPoolExecutor.java:624)
	at java.lang.Thread.run(Thread.java:748)
Caused by: org.apache.hadoop.hdds.scm.container.common.helpers.StorageContainerException: ContainerID 3 does not exist
	at org.apache.hadoop.hdds.scm.storage.ContainerProtocolCalls.validateContainerResponse(ContainerProtocolCalls.java:536)
	at org.apache.hadoop.hdds.scm.storage.BlockOutputStream.validateResponse(BlockOutputStream.java:536)
	... 7 more
00:55:20.464 [pool-72-thread-1] ERROR DNAudit - user=null | ip=null | op=PUT_BLOCK {blockData=[blockId=conID: 3 locID: 102289854755176451 bcsId: 0,size=2097152]} | ret=FAILURE
org.apache.hadoop.hdds.scm.container.common.helpers.StorageContainerException: ContainerID 3 does not exist
	at org.apache.hadoop.ozone.container.common.impl.HddsDispatcher.dispatchRequest(HddsDispatcher.java:242) ~[classes/:?]
	at org.apache.hadoop.ozone.container.common.impl.HddsDispatcher.dispatch(HddsDispatcher.java:148) ~[classes/:?]
	at org.apache.hadoop.ozone.container.common.transport.server.ratis.ContainerStateMachine.dispatchCommand(ContainerStateMachine.java:347) ~[classes/:?]
	at org.apache.hadoop.ozone.container.common.transport.server.ratis.ContainerStateMachine.runCommand(ContainerStateMachine.java:354) ~[classes/:?]
	at org.apache.hadoop.ozone.container.common.transport.server.ratis.ContainerStateMachine.lambda$applyTransaction$5(ContainerStateMachine.java:621) ~[classes/:?]
	at java.util.concurrent.CompletableFuture$AsyncSupply.run(CompletableFuture.java:1590) [?:1.8.0_212]
	at java.util.concurrent.ThreadPoolExecutor.runWorker(ThreadPoolExecutor.java:1149) [?:1.8.0_212]
	at java.util.concurrent.ThreadPoolExecutor$Worker.run(ThreadPoolExecutor.java:624) [?:1.8.0_212]
	at java.lang.Thread.run(Thread.java:748) [?:1.8.0_212]
2019-06-18 00:55:20,464 INFO  impl.HddsDispatcher (ContainerUtils.java:logAndReturnError(146)) - Operation: PutBlock : Trace ID: 22f2113c5e2c0671:8e95ce506c7b34fd:d546aa1809adf292:0 : Message: ContainerID 3 does not exist : Result: CONTAINER_NOT_FOUND
00:55:20.474 [pool-51-thread-1] ERROR DNAudit - user=null | ip=null | op=PUT_BLOCK {blockData=[blockId=conID: 3 locID: 102289854755176451 bcsId: 0,size=2097152]} | ret=FAILURE
org.apache.hadoop.hdds.scm.container.common.helpers.StorageContainerException: ContainerID 3 does not exist
	at org.apache.hadoop.ozone.container.common.impl.HddsDispatcher.dispatchRequest(HddsDispatcher.java:242) ~[classes/:?]
	at org.apache.hadoop.ozone.container.common.impl.HddsDispatcher.dispatch(HddsDispatcher.java:148) ~[classes/:?]
	at org.apache.hadoop.ozone.container.common.transport.server.ratis.ContainerStateMachine.dispatchCommand(ContainerStateMachine.java:347) ~[classes/:?]
	at org.apache.hadoop.ozone.container.common.transport.server.ratis.ContainerStateMachine.runCommand(ContainerStateMachine.java:354) ~[classes/:?]
	at org.apache.hadoop.ozone.container.common.transport.server.ratis.ContainerStateMachine.lambda$applyTransaction$5(ContainerStateMachine.java:621) ~[classes/:?]
	at java.util.concurrent.CompletableFuture$AsyncSupply.run(CompletableFuture.java:1590) [?:1.8.0_212]
	at java.util.concurrent.ThreadPoolExecutor.runWorker(ThreadPoolExecutor.java:1149) [?:1.8.0_212]
	at java.util.concurrent.ThreadPoolExecutor$Worker.run(ThreadPoolExecutor.java:624) [?:1.8.0_212]
	at java.lang.Thread.run(Thread.java:748) [?:1.8.0_212]
2019-06-18 00:55:20,474 INFO  impl.HddsDispatcher (ContainerUtils.java:logAndReturnError(146)) - Operation: PutBlock : Trace ID: 22f2113c5e2c0671:8e95ce506c7b34fd:d546aa1809adf292:0 : Message: ContainerID 3 does not exist : Result: CONTAINER_NOT_FOUND
 100.00% |█████████████████████████████████████████████████████████████████████████████████████████████████████|  1/1 Time: 0:00:04
]]></system-out>
    <system-err><![CDATA[ERROR StatusLogger No Log4j 2 configuration file found. Using default configuration (logging only errors to the console), or user programmatically provided configurations. Set system property 'log4j2.debug' to show Log4j 2 internal initialization logging. See https://logging.apache.org/log4j/2.x/manual/configuration.html for instructions on how to configure Log4j 2
Jun 18, 2019 12:55:09 AM com.sun.jersey.server.impl.application.WebApplicationImpl _initiate
INFO: Initiating Jersey application, version 'Jersey: 1.19 02/11/2015 03:25 AM'
Jun 18, 2019 12:55:10 AM com.sun.jersey.server.impl.application.WebApplicationImpl _initiate
INFO: Initiating Jersey application, version 'Jersey: 1.19 02/11/2015 03:25 AM'
Jun 18, 2019 12:55:10 AM com.sun.jersey.server.impl.application.WebApplicationImpl _initiate
INFO: Initiating Jersey application, version 'Jersey: 1.19 02/11/2015 03:25 AM'
]]></system-err>
  </testcase>
</testsuite>