<?xml version="1.0" encoding="UTF-8"?>
<testsuite xmlns:xsi="http://www.w3.org/2001/XMLSchema-instance" xsi:noNamespaceSchemaLocation="https://maven.apache.org/surefire/maven-surefire-plugin/xsd/surefire-test-report.xsd" name="org.apache.hadoop.hdds.scm.pipeline.TestNodeFailure" time="10.209" tests="1" errors="0" skipped="1" failures="0">
  <properties>
    <property name="awt.toolkit" value="sun.awt.X11.XToolkit"/>
    <property name="file.encoding.pkg" value="sun.io"/>
    <property name="java.specification.version" value="1.8"/>
    <property name="sun.cpu.isalist" value=""/>
    <property name="sun.jnu.encoding" value="UTF-8"/>
    <property name="java.class.path" value="/opt/src/hadoop-ozone/integration-test/target/test-classes:/opt/src/hadoop-ozone/integration-test/target/classes:/root/.m2/repository/org/apache/hadoop/hadoop-ozone-common/0.5.0-SNAPSHOT/hadoop-ozone-common-0.5.0-SNAPSHOT.jar:/root/.m2/repository/org/apache/commons/commons-compress/1.4.1/commons-compress-1.4.1.jar:/root/.m2/repository/org/tukaani/xz/1.0/xz-1.0.jar:/root/.m2/repository/org/apache/hadoop/hadoop-common/3.2.0/hadoop-common-3.2.0.jar:/root/.m2/repository/org/apache/hadoop/hadoop-hdfs/3.2.0/hadoop-hdfs-3.2.0.jar:/root/.m2/repository/org/apache/hadoop/hadoop-hdfs-client/3.2.0/hadoop-hdfs-client-3.2.0.jar:/root/.m2/repository/com/fasterxml/jackson/core/jackson-annotations/2.9.5/jackson-annotations-2.9.5.jar:/root/.m2/repository/org/apache/hadoop/hadoop-hdds-common/0.5.0-SNAPSHOT/hadoop-hdds-common-0.5.0-SNAPSHOT.jar:/root/.m2/repository/javax/annotation/javax.annotation-api/1.2/javax.annotation-api-1.2.jar:/root/.m2/repository/org/apache/ratis/ratis-server/0.4.0-fe2b15d-SNAPSHOT/ratis-server-0.4.0-fe2b15d-SNAPSHOT.jar:/root/.m2/repository/org/apache/ratis/ratis-thirdparty-misc/0.2.0/ratis-thirdparty-misc-0.2.0.jar:/root/.m2/repository/org/apache/ratis/ratis-proto/0.4.0-fe2b15d-SNAPSHOT/ratis-proto-0.4.0-fe2b15d-SNAPSHOT.jar:/root/.m2/repository/org/apache/ratis/ratis-common/0.4.0-fe2b15d-SNAPSHOT/ratis-common-0.4.0-fe2b15d-SNAPSHOT.jar:/root/.m2/repository/org/apache/ratis/ratis-client/0.4.0-fe2b15d-SNAPSHOT/ratis-client-0.4.0-fe2b15d-SNAPSHOT.jar:/root/.m2/repository/org/apache/ratis/ratis-netty/0.4.0-fe2b15d-SNAPSHOT/ratis-netty-0.4.0-fe2b15d-SNAPSHOT.jar:/root/.m2/repository/org/apache/ratis/ratis-grpc/0.4.0-fe2b15d-SNAPSHOT/ratis-grpc-0.4.0-fe2b15d-SNAPSHOT.jar:/root/.m2/repository/org/rocksdb/rocksdbjni/5.14.2/rocksdbjni-5.14.2.jar:/root/.m2/repository/org/apache/logging/log4j/log4j-api/2.11.0/log4j-api-2.11.0.jar:/root/.m2/repository/org/apache/logging/log4j/log4j-core/2.11.0/log4j-core-2.11.0.jar:/root/.m2/repository/com/lmax/disruptor/3.4.2/disruptor-3.4.2.jar:/root/.m2/repository/org/apache/commons/commons-pool2/2.6.0/commons-pool2-2.6.0.jar:/root/.m2/repository/org/bouncycastle/bcpkix-jdk15on/1.60/bcpkix-jdk15on-1.60.jar:/root/.m2/repository/commons-validator/commons-validator/1.6/commons-validator-1.6.jar:/root/.m2/repository/commons-digester/commons-digester/1.8.1/commons-digester-1.8.1.jar:/root/.m2/repository/io/jaegertracing/jaeger-client/0.33.1/jaeger-client-0.33.1.jar:/root/.m2/repository/io/jaegertracing/jaeger-thrift/0.33.1/jaeger-thrift-0.33.1.jar:/root/.m2/repository/org/apache/thrift/libthrift/0.11.0/libthrift-0.11.0.jar:/root/.m2/repository/com/squareup/okhttp3/okhttp/3.9.0/okhttp-3.9.0.jar:/root/.m2/repository/com/squareup/okio/okio/1.13.0/okio-1.13.0.jar:/root/.m2/repository/io/jaegertracing/jaeger-core/0.33.1/jaeger-core-0.33.1.jar:/root/.m2/repository/io/jaegertracing/jaeger-tracerresolver/0.33.1/jaeger-tracerresolver-0.33.1.jar:/root/.m2/repository/io/opentracing/contrib/opentracing-tracerresolver/0.1.5/opentracing-tracerresolver-0.1.5.jar:/root/.m2/repository/io/opentracing/opentracing-util/0.31.0/opentracing-util-0.31.0.jar:/root/.m2/repository/io/opentracing/opentracing-api/0.31.0/opentracing-api-0.31.0.jar:/root/.m2/repository/io/opentracing/opentracing-noop/0.31.0/opentracing-noop-0.31.0.jar:/root/.m2/repository/org/apache/hadoop/hadoop-hdds-server-framework/0.5.0-SNAPSHOT/hadoop-hdds-server-framework-0.5.0-SNAPSHOT.jar:/root/.m2/repository/org/apache/hadoop/hadoop-hdds-server-scm/0.5.0-SNAPSHOT/hadoop-hdds-server-scm-0.5.0-SNAPSHOT.jar:/root/.m2/repository/org/apache/hadoop/hadoop-hdds-container-service/0.5.0-SNAPSHOT/hadoop-hdds-container-service-0.5.0-SNAPSHOT.jar:/root/.m2/repository/org/apache/hadoop/hadoop-hdds-client/0.5.0-SNAPSHOT/hadoop-hdds-client-0.5.0-SNAPSHOT.jar:/root/.m2/repository/org/apache/hadoop/hadoop-hdds-tools/0.5.0-SNAPSHOT/hadoop-hdds-tools-0.5.0-SNAPSHOT.jar:/root/.m2/repository/org/apache/hadoop/hadoop-ozone-ozone-manager/0.5.0-SNAPSHOT/hadoop-ozone-ozone-manager-0.5.0-SNAPSHOT.jar:/root/.m2/repository/org/apache/hadoop/hadoop-hdds-docs/0.5.0-SNAPSHOT/hadoop-hdds-docs-0.5.0-SNAPSHOT.jar:/root/.m2/repository/org/bouncycastle/bcprov-jdk15on/1.60/bcprov-jdk15on-1.60.jar:/root/.m2/repository/org/apache/hadoop/hadoop-minikdc/3.2.0/hadoop-minikdc-3.2.0.jar:/root/.m2/repository/commons-io/commons-io/2.5/commons-io-2.5.jar:/root/.m2/repository/org/apache/kerby/kerb-simplekdc/1.0.1/kerb-simplekdc-1.0.1.jar:/root/.m2/repository/org/apache/kerby/kerb-client/1.0.1/kerb-client-1.0.1.jar:/root/.m2/repository/org/apache/kerby/kerby-config/1.0.1/kerby-config-1.0.1.jar:/root/.m2/repository/org/apache/kerby/kerb-core/1.0.1/kerb-core-1.0.1.jar:/root/.m2/repository/org/apache/kerby/kerby-pkix/1.0.1/kerby-pkix-1.0.1.jar:/root/.m2/repository/org/apache/kerby/kerby-asn1/1.0.1/kerby-asn1-1.0.1.jar:/root/.m2/repository/org/apache/kerby/kerby-util/1.0.1/kerby-util-1.0.1.jar:/root/.m2/repository/org/apache/kerby/kerb-common/1.0.1/kerb-common-1.0.1.jar:/root/.m2/repository/org/apache/kerby/kerb-crypto/1.0.1/kerb-crypto-1.0.1.jar:/root/.m2/repository/org/apache/kerby/kerb-util/1.0.1/kerb-util-1.0.1.jar:/root/.m2/repository/org/apache/kerby/token-provider/1.0.1/token-provider-1.0.1.jar:/root/.m2/repository/org/apache/kerby/kerb-admin/1.0.1/kerb-admin-1.0.1.jar:/root/.m2/repository/org/apache/kerby/kerb-server/1.0.1/kerb-server-1.0.1.jar:/root/.m2/repository/org/apache/kerby/kerb-identity/1.0.1/kerb-identity-1.0.1.jar:/root/.m2/repository/org/apache/kerby/kerby-xdr/1.0.1/kerby-xdr-1.0.1.jar:/root/.m2/repository/org/slf4j/slf4j-log4j12/1.7.25/slf4j-log4j12-1.7.25.jar:/root/.m2/repository/org/apache/hadoop/hadoop-ozone-objectstore-service/0.5.0-SNAPSHOT/hadoop-ozone-objectstore-service-0.5.0-SNAPSHOT.jar:/root/.m2/repository/org/apache/hadoop/hadoop-ozone-s3gateway/0.5.0-SNAPSHOT/hadoop-ozone-s3gateway-0.5.0-SNAPSHOT.jar:/root/.m2/repository/org/jboss/weld/servlet/weld-servlet/2.4.7.Final/weld-servlet-2.4.7.Final.jar:/root/.m2/repository/org/glassfish/jersey/containers/jersey-container-servlet-core/2.27/jersey-container-servlet-core-2.27.jar:/root/.m2/repository/org/glassfish/hk2/external/javax.inject/2.5.0-b42/javax.inject-2.5.0-b42.jar:/root/.m2/repository/org/glassfish/jersey/core/jersey-common/2.27/jersey-common-2.27.jar:/root/.m2/repository/org/glassfish/hk2/osgi-resource-locator/1.0.1/osgi-resource-locator-1.0.1.jar:/root/.m2/repository/javax/ws/rs/javax.ws.rs-api/2.1/javax.ws.rs-api-2.1.jar:/root/.m2/repository/org/glassfish/jersey/ext/cdi/jersey-cdi1x/2.27/jersey-cdi1x-2.27.jar:/root/.m2/repository/org/glassfish/jersey/inject/jersey-hk2/2.27/jersey-hk2-2.27.jar:/root/.m2/repository/org/glassfish/hk2/hk2-locator/2.5.0-b42/hk2-locator-2.5.0-b42.jar:/root/.m2/repository/org/javassist/javassist/3.22.0-CR2/javassist-3.22.0-CR2.jar:/root/.m2/repository/org/glassfish/hk2/hk2-api/2.5.0/hk2-api-2.5.0.jar:/root/.m2/repository/org/glassfish/hk2/external/jakarta.inject/2.5.0/jakarta.inject-2.5.0.jar:/root/.m2/repository/org/glassfish/hk2/hk2-utils/2.5.0/hk2-utils-2.5.0.jar:/root/.m2/repository/jakarta/annotation/jakarta.annotation-api/1.3.4/jakarta.annotation-api-1.3.4.jar:/root/.m2/repository/org/glassfish/hk2/external/aopalliance-repackaged/2.5.0/aopalliance-repackaged-2.5.0.jar:/root/.m2/repository/com/fasterxml/jackson/dataformat/jackson-dataformat-xml/2.9.0/jackson-dataformat-xml-2.9.0.jar:/root/.m2/repository/com/fasterxml/jackson/core/jackson-core/2.9.5/jackson-core-2.9.5.jar:/root/.m2/repository/com/fasterxml/jackson/module/jackson-module-jaxb-annotations/2.9.5/jackson-module-jaxb-annotations-2.9.5.jar:/root/.m2/repository/javax/enterprise/cdi-api/1.2/cdi-api-1.2.jar:/root/.m2/repository/javax/el/javax.el-api/3.0.0/javax.el-api-3.0.0.jar:/root/.m2/repository/javax/interceptor/javax.interceptor-api/1.2/javax.interceptor-api-1.2.jar:/root/.m2/repository/javax/inject/javax.inject/1/javax.inject-1.jar:/root/.m2/repository/com/sun/xml/bind/jaxb-impl/2.3.0.1/jaxb-impl-2.3.0.1.jar:/root/.m2/repository/com/sun/xml/bind/jaxb-core/2.3.0.1/jaxb-core-2.3.0.1.jar:/root/.m2/repository/javax/xml/bind/jaxb-api/2.3.0/jaxb-api-2.3.0.jar:/root/.m2/repository/javax/activation/activation/1.1.1/activation-1.1.1.jar:/root/.m2/repository/org/apache/hadoop/hadoop-ozone-csi/0.5.0-SNAPSHOT/hadoop-ozone-csi-0.5.0-SNAPSHOT.jar:/root/.m2/repository/com/google/protobuf/protobuf-java-util/3.5.1/protobuf-java-util-3.5.1.jar:/root/.m2/repository/org/apache/hadoop/hadoop-hdds-config/0.5.0-SNAPSHOT/hadoop-hdds-config-0.5.0-SNAPSHOT.jar:/root/.m2/repository/com/google/guava/guava/11.0.2/guava-11.0.2.jar:/root/.m2/repository/com/google/protobuf/protobuf-java/2.5.0/protobuf-java-2.5.0.jar:/root/.m2/repository/io/grpc/grpc-netty/1.17.1/grpc-netty-1.17.1.jar:/root/.m2/repository/io/grpc/grpc-core/1.17.1/grpc-core-1.17.1.jar:/root/.m2/repository/io/grpc/grpc-context/1.17.1/grpc-context-1.17.1.jar:/root/.m2/repository/com/google/errorprone/error_prone_annotations/2.2.0/error_prone_annotations-2.2.0.jar:/root/.m2/repository/org/codehaus/mojo/animal-sniffer-annotations/1.17/animal-sniffer-annotations-1.17.jar:/root/.m2/repository/io/opencensus/opencensus-api/0.17.0/opencensus-api-0.17.0.jar:/root/.m2/repository/io/opencensus/opencensus-contrib-grpc-metrics/0.17.0/opencensus-contrib-grpc-metrics-0.17.0.jar:/root/.m2/repository/io/netty/netty-codec-http2/4.1.30.Final/netty-codec-http2-4.1.30.Final.jar:/root/.m2/repository/io/netty/netty-codec-http/4.1.30.Final/netty-codec-http-4.1.30.Final.jar:/root/.m2/repository/io/netty/netty-codec/4.1.30.Final/netty-codec-4.1.30.Final.jar:/root/.m2/repository/io/netty/netty-handler/4.1.30.Final/netty-handler-4.1.30.Final.jar:/root/.m2/repository/io/netty/netty-handler-proxy/4.1.30.Final/netty-handler-proxy-4.1.30.Final.jar:/root/.m2/repository/io/netty/netty-codec-socks/4.1.30.Final/netty-codec-socks-4.1.30.Final.jar:/root/.m2/repository/io/netty/netty-transport-native-epoll/4.1.30.Final/netty-transport-native-epoll-4.1.30.Final.jar:/root/.m2/repository/io/netty/netty-common/4.1.30.Final/netty-common-4.1.30.Final.jar:/root/.m2/repository/io/netty/netty-buffer/4.1.30.Final/netty-buffer-4.1.30.Final.jar:/root/.m2/repository/io/netty/netty-transport/4.1.30.Final/netty-transport-4.1.30.Final.jar:/root/.m2/repository/io/netty/netty-resolver/4.1.30.Final/netty-resolver-4.1.30.Final.jar:/root/.m2/repository/io/netty/netty-transport-native-unix-common/4.1.30.Final/netty-transport-native-unix-common-4.1.30.Final.jar:/root/.m2/repository/io/grpc/grpc-protobuf/1.17.1/grpc-protobuf-1.17.1.jar:/root/.m2/repository/com/google/api/grpc/proto-google-common-protos/1.0.0/proto-google-common-protos-1.0.0.jar:/root/.m2/repository/io/grpc/grpc-protobuf-lite/1.17.1/grpc-protobuf-lite-1.17.1.jar:/root/.m2/repository/io/grpc/grpc-stub/1.17.1/grpc-stub-1.17.1.jar:/root/.m2/repository/org/apache/hadoop/hadoop-ozone-recon/0.5.0-SNAPSHOT/hadoop-ozone-recon-0.5.0-SNAPSHOT.jar:/root/.m2/repository/org/apache/hadoop/hadoop-ozone-reconcodegen/0.5.0-SNAPSHOT/hadoop-ozone-reconcodegen-0.5.0-SNAPSHOT.jar:/root/.m2/repository/com/google/inject/extensions/guice-multibindings/4.0/guice-multibindings-4.0.jar:/root/.m2/repository/com/google/inject/guice/4.0/guice-4.0.jar:/root/.m2/repository/aopalliance/aopalliance/1.0/aopalliance-1.0.jar:/root/.m2/repository/com/google/inject/extensions/guice-servlet/4.0/guice-servlet-4.0.jar:/root/.m2/repository/org/glassfish/jersey/containers/jersey-container-servlet/2.27/jersey-container-servlet-2.27.jar:/root/.m2/repository/org/glassfish/hk2/guice-bridge/2.5.0/guice-bridge-2.5.0.jar:/root/.m2/repository/org/glassfish/jersey/core/jersey-server/2.27/jersey-server-2.27.jar:/root/.m2/repository/org/glassfish/jersey/core/jersey-client/2.27/jersey-client-2.27.jar:/root/.m2/repository/org/glassfish/jersey/media/jersey-media-jaxb/2.27/jersey-media-jaxb-2.27.jar:/root/.m2/repository/javax/validation/validation-api/1.1.0.Final/validation-api-1.1.0.Final.jar:/root/.m2/repository/org/glassfish/jersey/media/jersey-media-json-jackson/2.27/jersey-media-json-jackson-2.27.jar:/root/.m2/repository/org/glassfish/jersey/ext/jersey-entity-filtering/2.27/jersey-entity-filtering-2.27.jar:/root/.m2/repository/com/google/inject/extensions/guice-assistedinject/4.0/guice-assistedinject-4.0.jar:/root/.m2/repository/org/jooq/jooq/3.11.10/jooq-3.11.10.jar:/root/.m2/repository/org/jooq/jooq-meta/3.11.10/jooq-meta-3.11.10.jar:/root/.m2/repository/org/jooq/jooq-codegen/3.11.10/jooq-codegen-3.11.10.jar:/root/.m2/repository/com/jolbox/bonecp/0.8.0.RELEASE/bonecp-0.8.0.RELEASE.jar:/root/.m2/repository/org/xerial/sqlite-jdbc/3.25.2/sqlite-jdbc-3.25.2.jar:/root/.m2/repository/org/springframework/spring-jdbc/5.1.3.RELEASE/spring-jdbc-5.1.3.RELEASE.jar:/root/.m2/repository/org/springframework/spring-beans/5.1.3.RELEASE/spring-beans-5.1.3.RELEASE.jar:/root/.m2/repository/org/springframework/spring-core/5.1.3.RELEASE/spring-core-5.1.3.RELEASE.jar:/root/.m2/repository/org/springframework/spring-jcl/5.1.3.RELEASE/spring-jcl-5.1.3.RELEASE.jar:/root/.m2/repository/org/springframework/spring-tx/5.1.3.RELEASE/spring-tx-5.1.3.RELEASE.jar:/root/.m2/repository/org/apache/hadoop/hadoop-ozone-client/0.5.0-SNAPSHOT/hadoop-ozone-client-0.5.0-SNAPSHOT.jar:/root/.m2/repository/org/apache/hadoop/hadoop-ozone-ozone-manager/0.5.0-SNAPSHOT/hadoop-ozone-ozone-manager-0.5.0-SNAPSHOT-tests.jar:/root/.m2/repository/junit/junit/4.11/junit-4.11.jar:/root/.m2/repository/org/hamcrest/hamcrest-core/1.3/hamcrest-core-1.3.jar:/root/.m2/repository/org/openjdk/jmh/jmh-core/1.19/jmh-core-1.19.jar:/root/.m2/repository/net/sf/jopt-simple/jopt-simple/4.6/jopt-simple-4.6.jar:/root/.m2/repository/org/apache/commons/commons-math3/3.1.1/commons-math3-3.1.1.jar:/root/.m2/repository/org/openjdk/jmh/jmh-generator-annprocess/1.19/jmh-generator-annprocess-1.19.jar:/root/.m2/repository/org/mockito/mockito-all/1.8.5/mockito-all-1.8.5.jar:/root/.m2/repository/org/apache/hadoop/hadoop-kms/3.2.0/hadoop-kms-3.2.0.jar:/root/.m2/repository/org/apache/hadoop/hadoop-auth/3.2.0/hadoop-auth-3.2.0.jar:/root/.m2/repository/com/nimbusds/nimbus-jose-jwt/4.41.1/nimbus-jose-jwt-4.41.1.jar:/root/.m2/repository/com/github/stephenc/jcip/jcip-annotations/1.0-1/jcip-annotations-1.0-1.jar:/root/.m2/repository/net/minidev/json-smart/2.3/json-smart-2.3.jar:/root/.m2/repository/net/minidev/accessors-smart/1.2/accessors-smart-1.2.jar:/root/.m2/repository/org/ow2/asm/asm/5.0.4/asm-5.0.4.jar:/root/.m2/repository/org/apache/curator/curator-framework/2.12.0/curator-framework-2.12.0.jar:/root/.m2/repository/com/sun/jersey/jersey-core/1.19/jersey-core-1.19.jar:/root/.m2/repository/javax/ws/rs/jsr311-api/1.1.1/jsr311-api-1.1.1.jar:/root/.m2/repository/com/sun/jersey/jersey-server/1.19/jersey-server-1.19.jar:/root/.m2/repository/javax/servlet/javax.servlet-api/3.1.0/javax.servlet-api-3.1.0.jar:/root/.m2/repository/org/eclipse/jetty/jetty-server/9.3.24.v20180605/jetty-server-9.3.24.v20180605.jar:/root/.m2/repository/org/eclipse/jetty/jetty-http/9.3.24.v20180605/jetty-http-9.3.24.v20180605.jar:/root/.m2/repository/org/eclipse/jetty/jetty-io/9.3.24.v20180605/jetty-io-9.3.24.v20180605.jar:/root/.m2/repository/org/eclipse/jetty/jetty-webapp/9.3.24.v20180605/jetty-webapp-9.3.24.v20180605.jar:/root/.m2/repository/org/eclipse/jetty/jetty-xml/9.3.24.v20180605/jetty-xml-9.3.24.v20180605.jar:/root/.m2/repository/log4j/log4j/1.2.17/log4j-1.2.17.jar:/root/.m2/repository/org/slf4j/slf4j-api/1.7.25/slf4j-api-1.7.25.jar:/root/.m2/repository/org/slf4j/jul-to-slf4j/1.7.25/jul-to-slf4j-1.7.25.jar:/root/.m2/repository/org/eclipse/jetty/jetty-util/9.3.24.v20180605/jetty-util-9.3.24.v20180605.jar:/root/.m2/repository/io/dropwizard/metrics/metrics-core/3.2.4/metrics-core-3.2.4.jar:/root/.m2/repository/com/fasterxml/jackson/core/jackson-databind/2.9.5/jackson-databind-2.9.5.jar:/root/.m2/repository/org/apache/hadoop/hadoop-kms/3.2.0/hadoop-kms-3.2.0-tests.jar:/root/.m2/repository/org/apache/hadoop/hadoop-hdds-server-scm/0.5.0-SNAPSHOT/hadoop-hdds-server-scm-0.5.0-SNAPSHOT-tests.jar:/root/.m2/repository/org/hamcrest/hamcrest-all/1.3/hamcrest-all-1.3.jar:/root/.m2/repository/info/picocli/picocli/3.9.6/picocli-3.9.6.jar:/root/.m2/repository/org/apache/hadoop/hadoop-hdds-container-service/0.5.0-SNAPSHOT/hadoop-hdds-container-service-0.5.0-SNAPSHOT-tests.jar:/root/.m2/repository/org/yaml/snakeyaml/1.16/snakeyaml-1.16.jar:/root/.m2/repository/org/apache/hadoop/hadoop-common/3.2.0/hadoop-common-3.2.0-tests.jar:/root/.m2/repository/org/apache/hadoop/hadoop-annotations/3.2.0/hadoop-annotations-3.2.0.jar:/usr/lib/jvm/java-1.8-openjdk/jre/../lib/tools.jar:/root/.m2/repository/commons-cli/commons-cli/1.2/commons-cli-1.2.jar:/root/.m2/repository/org/apache/httpcomponents/httpclient/4.5.2/httpclient-4.5.2.jar:/root/.m2/repository/org/apache/httpcomponents/httpcore/4.4.4/httpcore-4.4.4.jar:/root/.m2/repository/commons-codec/commons-codec/1.11/commons-codec-1.11.jar:/root/.m2/repository/commons-net/commons-net/3.6/commons-net-3.6.jar:/root/.m2/repository/commons-collections/commons-collections/3.2.2/commons-collections-3.2.2.jar:/root/.m2/repository/org/eclipse/jetty/jetty-servlet/9.3.24.v20180605/jetty-servlet-9.3.24.v20180605.jar:/root/.m2/repository/org/eclipse/jetty/jetty-security/9.3.24.v20180605/jetty-security-9.3.24.v20180605.jar:/root/.m2/repository/javax/servlet/jsp/jsp-api/2.1/jsp-api-2.1.jar:/root/.m2/repository/com/sun/jersey/jersey-servlet/1.19/jersey-servlet-1.19.jar:/root/.m2/repository/com/sun/jersey/jersey-json/1.19/jersey-json-1.19.jar:/root/.m2/repository/org/codehaus/jettison/jettison/1.1/jettison-1.1.jar:/root/.m2/repository/org/codehaus/jackson/jackson-core-asl/1.9.13/jackson-core-asl-1.9.13.jar:/root/.m2/repository/org/codehaus/jackson/jackson-mapper-asl/1.9.13/jackson-mapper-asl-1.9.13.jar:/root/.m2/repository/org/codehaus/jackson/jackson-jaxrs/1.9.13/jackson-jaxrs-1.9.13.jar:/root/.m2/repository/org/codehaus/jackson/jackson-xc/1.9.13/jackson-xc-1.9.13.jar:/root/.m2/repository/commons-logging/commons-logging/1.1.3/commons-logging-1.1.3.jar:/root/.m2/repository/commons-beanutils/commons-beanutils/1.9.3/commons-beanutils-1.9.3.jar:/root/.m2/repository/org/apache/commons/commons-configuration2/2.1.1/commons-configuration2-2.1.1.jar:/root/.m2/repository/org/apache/commons/commons-lang3/3.7/commons-lang3-3.7.jar:/root/.m2/repository/org/apache/commons/commons-text/1.4/commons-text-1.4.jar:/root/.m2/repository/org/apache/avro/avro/1.7.7/avro-1.7.7.jar:/root/.m2/repository/com/thoughtworks/paranamer/paranamer/2.3/paranamer-2.3.jar:/root/.m2/repository/org/xerial/snappy/snappy-java/1.0.5/snappy-java-1.0.5.jar:/root/.m2/repository/com/google/re2j/re2j/1.1/re2j-1.1.jar:/root/.m2/repository/com/google/code/gson/gson/2.2.4/gson-2.2.4.jar:/root/.m2/repository/com/jcraft/jsch/0.1.54/jsch-0.1.54.jar:/root/.m2/repository/org/apache/curator/curator-client/2.12.0/curator-client-2.12.0.jar:/root/.m2/repository/org/apache/curator/curator-recipes/2.12.0/curator-recipes-2.12.0.jar:/root/.m2/repository/com/google/code/findbugs/jsr305/3.0.0/jsr305-3.0.0.jar:/root/.m2/repository/org/apache/htrace/htrace-core4/4.1.0-incubating/htrace-core4-4.1.0-incubating.jar:/root/.m2/repository/org/apache/zookeeper/zookeeper/3.4.13/zookeeper-3.4.13.jar:/root/.m2/repository/org/apache/yetus/audience-annotations/0.5.0/audience-annotations-0.5.0.jar:/root/.m2/repository/org/codehaus/woodstox/stax2-api/3.1.4/stax2-api-3.1.4.jar:/root/.m2/repository/com/fasterxml/woodstox/woodstox-core/5.0.3/woodstox-core-5.0.3.jar:/root/.m2/repository/dnsjava/dnsjava/2.1.7/dnsjava-2.1.7.jar:/root/.m2/repository/org/apache/hadoop/hadoop-hdfs/3.2.0/hadoop-hdfs-3.2.0-tests.jar:/root/.m2/repository/org/eclipse/jetty/jetty-util-ajax/9.3.24.v20180605/jetty-util-ajax-9.3.24.v20180605.jar:/root/.m2/repository/commons-daemon/commons-daemon/1.0.13/commons-daemon-1.0.13.jar:/root/.m2/repository/io/netty/netty/3.10.5.Final/netty-3.10.5.Final.jar:/root/.m2/repository/io/netty/netty-all/4.0.52.Final/netty-all-4.0.52.Final.jar:/root/.m2/repository/org/fusesource/leveldbjni/leveldbjni-all/1.8/leveldbjni-all-1.8.jar:"/>
    <property name="java.vm.vendor" value="IcedTea"/>
    <property name="sun.arch.data.model" value="64"/>
    <property name="test.build.dir" value="/opt/src/hadoop-ozone/integration-test/target/test-dir"/>
    <property name="test.cache.data" value=""/>
    <property name="java.vendor.url" value="https://icedtea.classpath.org"/>
    <property name="user.timezone" value=""/>
    <property name="java.vm.specification.version" value="1.8"/>
    <property name="os.name" value="Linux"/>
    <property name="test.build.data" value="/opt/src/hadoop-ozone/integration-test/target/test-dir"/>
    <property name="user.country" value="US"/>
    <property name="sun.java.launcher" value="SUN_STANDARD"/>
    <property name="sun.boot.library.path" value="/usr/lib/jvm/java-1.8-openjdk/jre/lib/amd64"/>
    <property name="sun.java.command" value="/opt/src/hadoop-ozone/integration-test/target/surefire/surefirebooter6107007182765637722.jar /opt/src/hadoop-ozone/integration-test/target/surefire 2019-06-13T09-29-57_430-jvmRun1 surefire2399827280636465308tmp surefire_83848144541687343666tmp"/>
    <property name="surefire.test.class.path" value="/opt/src/hadoop-ozone/integration-test/target/test-classes:/opt/src/hadoop-ozone/integration-test/target/classes:/root/.m2/repository/org/apache/hadoop/hadoop-ozone-common/0.5.0-SNAPSHOT/hadoop-ozone-common-0.5.0-SNAPSHOT.jar:/root/.m2/repository/org/apache/commons/commons-compress/1.4.1/commons-compress-1.4.1.jar:/root/.m2/repository/org/tukaani/xz/1.0/xz-1.0.jar:/root/.m2/repository/org/apache/hadoop/hadoop-common/3.2.0/hadoop-common-3.2.0.jar:/root/.m2/repository/org/apache/hadoop/hadoop-hdfs/3.2.0/hadoop-hdfs-3.2.0.jar:/root/.m2/repository/org/apache/hadoop/hadoop-hdfs-client/3.2.0/hadoop-hdfs-client-3.2.0.jar:/root/.m2/repository/com/fasterxml/jackson/core/jackson-annotations/2.9.5/jackson-annotations-2.9.5.jar:/root/.m2/repository/org/apache/hadoop/hadoop-hdds-common/0.5.0-SNAPSHOT/hadoop-hdds-common-0.5.0-SNAPSHOT.jar:/root/.m2/repository/javax/annotation/javax.annotation-api/1.2/javax.annotation-api-1.2.jar:/root/.m2/repository/org/apache/ratis/ratis-server/0.4.0-fe2b15d-SNAPSHOT/ratis-server-0.4.0-fe2b15d-SNAPSHOT.jar:/root/.m2/repository/org/apache/ratis/ratis-thirdparty-misc/0.2.0/ratis-thirdparty-misc-0.2.0.jar:/root/.m2/repository/org/apache/ratis/ratis-proto/0.4.0-fe2b15d-SNAPSHOT/ratis-proto-0.4.0-fe2b15d-SNAPSHOT.jar:/root/.m2/repository/org/apache/ratis/ratis-common/0.4.0-fe2b15d-SNAPSHOT/ratis-common-0.4.0-fe2b15d-SNAPSHOT.jar:/root/.m2/repository/org/apache/ratis/ratis-client/0.4.0-fe2b15d-SNAPSHOT/ratis-client-0.4.0-fe2b15d-SNAPSHOT.jar:/root/.m2/repository/org/apache/ratis/ratis-netty/0.4.0-fe2b15d-SNAPSHOT/ratis-netty-0.4.0-fe2b15d-SNAPSHOT.jar:/root/.m2/repository/org/apache/ratis/ratis-grpc/0.4.0-fe2b15d-SNAPSHOT/ratis-grpc-0.4.0-fe2b15d-SNAPSHOT.jar:/root/.m2/repository/org/rocksdb/rocksdbjni/5.14.2/rocksdbjni-5.14.2.jar:/root/.m2/repository/org/apache/logging/log4j/log4j-api/2.11.0/log4j-api-2.11.0.jar:/root/.m2/repository/org/apache/logging/log4j/log4j-core/2.11.0/log4j-core-2.11.0.jar:/root/.m2/repository/com/lmax/disruptor/3.4.2/disruptor-3.4.2.jar:/root/.m2/repository/org/apache/commons/commons-pool2/2.6.0/commons-pool2-2.6.0.jar:/root/.m2/repository/org/bouncycastle/bcpkix-jdk15on/1.60/bcpkix-jdk15on-1.60.jar:/root/.m2/repository/commons-validator/commons-validator/1.6/commons-validator-1.6.jar:/root/.m2/repository/commons-digester/commons-digester/1.8.1/commons-digester-1.8.1.jar:/root/.m2/repository/io/jaegertracing/jaeger-client/0.33.1/jaeger-client-0.33.1.jar:/root/.m2/repository/io/jaegertracing/jaeger-thrift/0.33.1/jaeger-thrift-0.33.1.jar:/root/.m2/repository/org/apache/thrift/libthrift/0.11.0/libthrift-0.11.0.jar:/root/.m2/repository/com/squareup/okhttp3/okhttp/3.9.0/okhttp-3.9.0.jar:/root/.m2/repository/com/squareup/okio/okio/1.13.0/okio-1.13.0.jar:/root/.m2/repository/io/jaegertracing/jaeger-core/0.33.1/jaeger-core-0.33.1.jar:/root/.m2/repository/io/jaegertracing/jaeger-tracerresolver/0.33.1/jaeger-tracerresolver-0.33.1.jar:/root/.m2/repository/io/opentracing/contrib/opentracing-tracerresolver/0.1.5/opentracing-tracerresolver-0.1.5.jar:/root/.m2/repository/io/opentracing/opentracing-util/0.31.0/opentracing-util-0.31.0.jar:/root/.m2/repository/io/opentracing/opentracing-api/0.31.0/opentracing-api-0.31.0.jar:/root/.m2/repository/io/opentracing/opentracing-noop/0.31.0/opentracing-noop-0.31.0.jar:/root/.m2/repository/org/apache/hadoop/hadoop-hdds-server-framework/0.5.0-SNAPSHOT/hadoop-hdds-server-framework-0.5.0-SNAPSHOT.jar:/root/.m2/repository/org/apache/hadoop/hadoop-hdds-server-scm/0.5.0-SNAPSHOT/hadoop-hdds-server-scm-0.5.0-SNAPSHOT.jar:/root/.m2/repository/org/apache/hadoop/hadoop-hdds-container-service/0.5.0-SNAPSHOT/hadoop-hdds-container-service-0.5.0-SNAPSHOT.jar:/root/.m2/repository/org/apache/hadoop/hadoop-hdds-client/0.5.0-SNAPSHOT/hadoop-hdds-client-0.5.0-SNAPSHOT.jar:/root/.m2/repository/org/apache/hadoop/hadoop-hdds-tools/0.5.0-SNAPSHOT/hadoop-hdds-tools-0.5.0-SNAPSHOT.jar:/root/.m2/repository/org/apache/hadoop/hadoop-ozone-ozone-manager/0.5.0-SNAPSHOT/hadoop-ozone-ozone-manager-0.5.0-SNAPSHOT.jar:/root/.m2/repository/org/apache/hadoop/hadoop-hdds-docs/0.5.0-SNAPSHOT/hadoop-hdds-docs-0.5.0-SNAPSHOT.jar:/root/.m2/repository/org/bouncycastle/bcprov-jdk15on/1.60/bcprov-jdk15on-1.60.jar:/root/.m2/repository/org/apache/hadoop/hadoop-minikdc/3.2.0/hadoop-minikdc-3.2.0.jar:/root/.m2/repository/commons-io/commons-io/2.5/commons-io-2.5.jar:/root/.m2/repository/org/apache/kerby/kerb-simplekdc/1.0.1/kerb-simplekdc-1.0.1.jar:/root/.m2/repository/org/apache/kerby/kerb-client/1.0.1/kerb-client-1.0.1.jar:/root/.m2/repository/org/apache/kerby/kerby-config/1.0.1/kerby-config-1.0.1.jar:/root/.m2/repository/org/apache/kerby/kerb-core/1.0.1/kerb-core-1.0.1.jar:/root/.m2/repository/org/apache/kerby/kerby-pkix/1.0.1/kerby-pkix-1.0.1.jar:/root/.m2/repository/org/apache/kerby/kerby-asn1/1.0.1/kerby-asn1-1.0.1.jar:/root/.m2/repository/org/apache/kerby/kerby-util/1.0.1/kerby-util-1.0.1.jar:/root/.m2/repository/org/apache/kerby/kerb-common/1.0.1/kerb-common-1.0.1.jar:/root/.m2/repository/org/apache/kerby/kerb-crypto/1.0.1/kerb-crypto-1.0.1.jar:/root/.m2/repository/org/apache/kerby/kerb-util/1.0.1/kerb-util-1.0.1.jar:/root/.m2/repository/org/apache/kerby/token-provider/1.0.1/token-provider-1.0.1.jar:/root/.m2/repository/org/apache/kerby/kerb-admin/1.0.1/kerb-admin-1.0.1.jar:/root/.m2/repository/org/apache/kerby/kerb-server/1.0.1/kerb-server-1.0.1.jar:/root/.m2/repository/org/apache/kerby/kerb-identity/1.0.1/kerb-identity-1.0.1.jar:/root/.m2/repository/org/apache/kerby/kerby-xdr/1.0.1/kerby-xdr-1.0.1.jar:/root/.m2/repository/org/slf4j/slf4j-log4j12/1.7.25/slf4j-log4j12-1.7.25.jar:/root/.m2/repository/org/apache/hadoop/hadoop-ozone-objectstore-service/0.5.0-SNAPSHOT/hadoop-ozone-objectstore-service-0.5.0-SNAPSHOT.jar:/root/.m2/repository/org/apache/hadoop/hadoop-ozone-s3gateway/0.5.0-SNAPSHOT/hadoop-ozone-s3gateway-0.5.0-SNAPSHOT.jar:/root/.m2/repository/org/jboss/weld/servlet/weld-servlet/2.4.7.Final/weld-servlet-2.4.7.Final.jar:/root/.m2/repository/org/glassfish/jersey/containers/jersey-container-servlet-core/2.27/jersey-container-servlet-core-2.27.jar:/root/.m2/repository/org/glassfish/hk2/external/javax.inject/2.5.0-b42/javax.inject-2.5.0-b42.jar:/root/.m2/repository/org/glassfish/jersey/core/jersey-common/2.27/jersey-common-2.27.jar:/root/.m2/repository/org/glassfish/hk2/osgi-resource-locator/1.0.1/osgi-resource-locator-1.0.1.jar:/root/.m2/repository/javax/ws/rs/javax.ws.rs-api/2.1/javax.ws.rs-api-2.1.jar:/root/.m2/repository/org/glassfish/jersey/ext/cdi/jersey-cdi1x/2.27/jersey-cdi1x-2.27.jar:/root/.m2/repository/org/glassfish/jersey/inject/jersey-hk2/2.27/jersey-hk2-2.27.jar:/root/.m2/repository/org/glassfish/hk2/hk2-locator/2.5.0-b42/hk2-locator-2.5.0-b42.jar:/root/.m2/repository/org/javassist/javassist/3.22.0-CR2/javassist-3.22.0-CR2.jar:/root/.m2/repository/org/glassfish/hk2/hk2-api/2.5.0/hk2-api-2.5.0.jar:/root/.m2/repository/org/glassfish/hk2/external/jakarta.inject/2.5.0/jakarta.inject-2.5.0.jar:/root/.m2/repository/org/glassfish/hk2/hk2-utils/2.5.0/hk2-utils-2.5.0.jar:/root/.m2/repository/jakarta/annotation/jakarta.annotation-api/1.3.4/jakarta.annotation-api-1.3.4.jar:/root/.m2/repository/org/glassfish/hk2/external/aopalliance-repackaged/2.5.0/aopalliance-repackaged-2.5.0.jar:/root/.m2/repository/com/fasterxml/jackson/dataformat/jackson-dataformat-xml/2.9.0/jackson-dataformat-xml-2.9.0.jar:/root/.m2/repository/com/fasterxml/jackson/core/jackson-core/2.9.5/jackson-core-2.9.5.jar:/root/.m2/repository/com/fasterxml/jackson/module/jackson-module-jaxb-annotations/2.9.5/jackson-module-jaxb-annotations-2.9.5.jar:/root/.m2/repository/javax/enterprise/cdi-api/1.2/cdi-api-1.2.jar:/root/.m2/repository/javax/el/javax.el-api/3.0.0/javax.el-api-3.0.0.jar:/root/.m2/repository/javax/interceptor/javax.interceptor-api/1.2/javax.interceptor-api-1.2.jar:/root/.m2/repository/javax/inject/javax.inject/1/javax.inject-1.jar:/root/.m2/repository/com/sun/xml/bind/jaxb-impl/2.3.0.1/jaxb-impl-2.3.0.1.jar:/root/.m2/repository/com/sun/xml/bind/jaxb-core/2.3.0.1/jaxb-core-2.3.0.1.jar:/root/.m2/repository/javax/xml/bind/jaxb-api/2.3.0/jaxb-api-2.3.0.jar:/root/.m2/repository/javax/activation/activation/1.1.1/activation-1.1.1.jar:/root/.m2/repository/org/apache/hadoop/hadoop-ozone-csi/0.5.0-SNAPSHOT/hadoop-ozone-csi-0.5.0-SNAPSHOT.jar:/root/.m2/repository/com/google/protobuf/protobuf-java-util/3.5.1/protobuf-java-util-3.5.1.jar:/root/.m2/repository/org/apache/hadoop/hadoop-hdds-config/0.5.0-SNAPSHOT/hadoop-hdds-config-0.5.0-SNAPSHOT.jar:/root/.m2/repository/com/google/guava/guava/11.0.2/guava-11.0.2.jar:/root/.m2/repository/com/google/protobuf/protobuf-java/2.5.0/protobuf-java-2.5.0.jar:/root/.m2/repository/io/grpc/grpc-netty/1.17.1/grpc-netty-1.17.1.jar:/root/.m2/repository/io/grpc/grpc-core/1.17.1/grpc-core-1.17.1.jar:/root/.m2/repository/io/grpc/grpc-context/1.17.1/grpc-context-1.17.1.jar:/root/.m2/repository/com/google/errorprone/error_prone_annotations/2.2.0/error_prone_annotations-2.2.0.jar:/root/.m2/repository/org/codehaus/mojo/animal-sniffer-annotations/1.17/animal-sniffer-annotations-1.17.jar:/root/.m2/repository/io/opencensus/opencensus-api/0.17.0/opencensus-api-0.17.0.jar:/root/.m2/repository/io/opencensus/opencensus-contrib-grpc-metrics/0.17.0/opencensus-contrib-grpc-metrics-0.17.0.jar:/root/.m2/repository/io/netty/netty-codec-http2/4.1.30.Final/netty-codec-http2-4.1.30.Final.jar:/root/.m2/repository/io/netty/netty-codec-http/4.1.30.Final/netty-codec-http-4.1.30.Final.jar:/root/.m2/repository/io/netty/netty-codec/4.1.30.Final/netty-codec-4.1.30.Final.jar:/root/.m2/repository/io/netty/netty-handler/4.1.30.Final/netty-handler-4.1.30.Final.jar:/root/.m2/repository/io/netty/netty-handler-proxy/4.1.30.Final/netty-handler-proxy-4.1.30.Final.jar:/root/.m2/repository/io/netty/netty-codec-socks/4.1.30.Final/netty-codec-socks-4.1.30.Final.jar:/root/.m2/repository/io/netty/netty-transport-native-epoll/4.1.30.Final/netty-transport-native-epoll-4.1.30.Final.jar:/root/.m2/repository/io/netty/netty-common/4.1.30.Final/netty-common-4.1.30.Final.jar:/root/.m2/repository/io/netty/netty-buffer/4.1.30.Final/netty-buffer-4.1.30.Final.jar:/root/.m2/repository/io/netty/netty-transport/4.1.30.Final/netty-transport-4.1.30.Final.jar:/root/.m2/repository/io/netty/netty-resolver/4.1.30.Final/netty-resolver-4.1.30.Final.jar:/root/.m2/repository/io/netty/netty-transport-native-unix-common/4.1.30.Final/netty-transport-native-unix-common-4.1.30.Final.jar:/root/.m2/repository/io/grpc/grpc-protobuf/1.17.1/grpc-protobuf-1.17.1.jar:/root/.m2/repository/com/google/api/grpc/proto-google-common-protos/1.0.0/proto-google-common-protos-1.0.0.jar:/root/.m2/repository/io/grpc/grpc-protobuf-lite/1.17.1/grpc-protobuf-lite-1.17.1.jar:/root/.m2/repository/io/grpc/grpc-stub/1.17.1/grpc-stub-1.17.1.jar:/root/.m2/repository/org/apache/hadoop/hadoop-ozone-recon/0.5.0-SNAPSHOT/hadoop-ozone-recon-0.5.0-SNAPSHOT.jar:/root/.m2/repository/org/apache/hadoop/hadoop-ozone-reconcodegen/0.5.0-SNAPSHOT/hadoop-ozone-reconcodegen-0.5.0-SNAPSHOT.jar:/root/.m2/repository/com/google/inject/extensions/guice-multibindings/4.0/guice-multibindings-4.0.jar:/root/.m2/repository/com/google/inject/guice/4.0/guice-4.0.jar:/root/.m2/repository/aopalliance/aopalliance/1.0/aopalliance-1.0.jar:/root/.m2/repository/com/google/inject/extensions/guice-servlet/4.0/guice-servlet-4.0.jar:/root/.m2/repository/org/glassfish/jersey/containers/jersey-container-servlet/2.27/jersey-container-servlet-2.27.jar:/root/.m2/repository/org/glassfish/hk2/guice-bridge/2.5.0/guice-bridge-2.5.0.jar:/root/.m2/repository/org/glassfish/jersey/core/jersey-server/2.27/jersey-server-2.27.jar:/root/.m2/repository/org/glassfish/jersey/core/jersey-client/2.27/jersey-client-2.27.jar:/root/.m2/repository/org/glassfish/jersey/media/jersey-media-jaxb/2.27/jersey-media-jaxb-2.27.jar:/root/.m2/repository/javax/validation/validation-api/1.1.0.Final/validation-api-1.1.0.Final.jar:/root/.m2/repository/org/glassfish/jersey/media/jersey-media-json-jackson/2.27/jersey-media-json-jackson-2.27.jar:/root/.m2/repository/org/glassfish/jersey/ext/jersey-entity-filtering/2.27/jersey-entity-filtering-2.27.jar:/root/.m2/repository/com/google/inject/extensions/guice-assistedinject/4.0/guice-assistedinject-4.0.jar:/root/.m2/repository/org/jooq/jooq/3.11.10/jooq-3.11.10.jar:/root/.m2/repository/org/jooq/jooq-meta/3.11.10/jooq-meta-3.11.10.jar:/root/.m2/repository/org/jooq/jooq-codegen/3.11.10/jooq-codegen-3.11.10.jar:/root/.m2/repository/com/jolbox/bonecp/0.8.0.RELEASE/bonecp-0.8.0.RELEASE.jar:/root/.m2/repository/org/xerial/sqlite-jdbc/3.25.2/sqlite-jdbc-3.25.2.jar:/root/.m2/repository/org/springframework/spring-jdbc/5.1.3.RELEASE/spring-jdbc-5.1.3.RELEASE.jar:/root/.m2/repository/org/springframework/spring-beans/5.1.3.RELEASE/spring-beans-5.1.3.RELEASE.jar:/root/.m2/repository/org/springframework/spring-core/5.1.3.RELEASE/spring-core-5.1.3.RELEASE.jar:/root/.m2/repository/org/springframework/spring-jcl/5.1.3.RELEASE/spring-jcl-5.1.3.RELEASE.jar:/root/.m2/repository/org/springframework/spring-tx/5.1.3.RELEASE/spring-tx-5.1.3.RELEASE.jar:/root/.m2/repository/org/apache/hadoop/hadoop-ozone-client/0.5.0-SNAPSHOT/hadoop-ozone-client-0.5.0-SNAPSHOT.jar:/root/.m2/repository/org/apache/hadoop/hadoop-ozone-ozone-manager/0.5.0-SNAPSHOT/hadoop-ozone-ozone-manager-0.5.0-SNAPSHOT-tests.jar:/root/.m2/repository/junit/junit/4.11/junit-4.11.jar:/root/.m2/repository/org/hamcrest/hamcrest-core/1.3/hamcrest-core-1.3.jar:/root/.m2/repository/org/openjdk/jmh/jmh-core/1.19/jmh-core-1.19.jar:/root/.m2/repository/net/sf/jopt-simple/jopt-simple/4.6/jopt-simple-4.6.jar:/root/.m2/repository/org/apache/commons/commons-math3/3.1.1/commons-math3-3.1.1.jar:/root/.m2/repository/org/openjdk/jmh/jmh-generator-annprocess/1.19/jmh-generator-annprocess-1.19.jar:/root/.m2/repository/org/mockito/mockito-all/1.8.5/mockito-all-1.8.5.jar:/root/.m2/repository/org/apache/hadoop/hadoop-kms/3.2.0/hadoop-kms-3.2.0.jar:/root/.m2/repository/org/apache/hadoop/hadoop-auth/3.2.0/hadoop-auth-3.2.0.jar:/root/.m2/repository/com/nimbusds/nimbus-jose-jwt/4.41.1/nimbus-jose-jwt-4.41.1.jar:/root/.m2/repository/com/github/stephenc/jcip/jcip-annotations/1.0-1/jcip-annotations-1.0-1.jar:/root/.m2/repository/net/minidev/json-smart/2.3/json-smart-2.3.jar:/root/.m2/repository/net/minidev/accessors-smart/1.2/accessors-smart-1.2.jar:/root/.m2/repository/org/ow2/asm/asm/5.0.4/asm-5.0.4.jar:/root/.m2/repository/org/apache/curator/curator-framework/2.12.0/curator-framework-2.12.0.jar:/root/.m2/repository/com/sun/jersey/jersey-core/1.19/jersey-core-1.19.jar:/root/.m2/repository/javax/ws/rs/jsr311-api/1.1.1/jsr311-api-1.1.1.jar:/root/.m2/repository/com/sun/jersey/jersey-server/1.19/jersey-server-1.19.jar:/root/.m2/repository/javax/servlet/javax.servlet-api/3.1.0/javax.servlet-api-3.1.0.jar:/root/.m2/repository/org/eclipse/jetty/jetty-server/9.3.24.v20180605/jetty-server-9.3.24.v20180605.jar:/root/.m2/repository/org/eclipse/jetty/jetty-http/9.3.24.v20180605/jetty-http-9.3.24.v20180605.jar:/root/.m2/repository/org/eclipse/jetty/jetty-io/9.3.24.v20180605/jetty-io-9.3.24.v20180605.jar:/root/.m2/repository/org/eclipse/jetty/jetty-webapp/9.3.24.v20180605/jetty-webapp-9.3.24.v20180605.jar:/root/.m2/repository/org/eclipse/jetty/jetty-xml/9.3.24.v20180605/jetty-xml-9.3.24.v20180605.jar:/root/.m2/repository/log4j/log4j/1.2.17/log4j-1.2.17.jar:/root/.m2/repository/org/slf4j/slf4j-api/1.7.25/slf4j-api-1.7.25.jar:/root/.m2/repository/org/slf4j/jul-to-slf4j/1.7.25/jul-to-slf4j-1.7.25.jar:/root/.m2/repository/org/eclipse/jetty/jetty-util/9.3.24.v20180605/jetty-util-9.3.24.v20180605.jar:/root/.m2/repository/io/dropwizard/metrics/metrics-core/3.2.4/metrics-core-3.2.4.jar:/root/.m2/repository/com/fasterxml/jackson/core/jackson-databind/2.9.5/jackson-databind-2.9.5.jar:/root/.m2/repository/org/apache/hadoop/hadoop-kms/3.2.0/hadoop-kms-3.2.0-tests.jar:/root/.m2/repository/org/apache/hadoop/hadoop-hdds-server-scm/0.5.0-SNAPSHOT/hadoop-hdds-server-scm-0.5.0-SNAPSHOT-tests.jar:/root/.m2/repository/org/hamcrest/hamcrest-all/1.3/hamcrest-all-1.3.jar:/root/.m2/repository/info/picocli/picocli/3.9.6/picocli-3.9.6.jar:/root/.m2/repository/org/apache/hadoop/hadoop-hdds-container-service/0.5.0-SNAPSHOT/hadoop-hdds-container-service-0.5.0-SNAPSHOT-tests.jar:/root/.m2/repository/org/yaml/snakeyaml/1.16/snakeyaml-1.16.jar:/root/.m2/repository/org/apache/hadoop/hadoop-common/3.2.0/hadoop-common-3.2.0-tests.jar:/root/.m2/repository/org/apache/hadoop/hadoop-annotations/3.2.0/hadoop-annotations-3.2.0.jar:/usr/lib/jvm/java-1.8-openjdk/jre/../lib/tools.jar:/root/.m2/repository/commons-cli/commons-cli/1.2/commons-cli-1.2.jar:/root/.m2/repository/org/apache/httpcomponents/httpclient/4.5.2/httpclient-4.5.2.jar:/root/.m2/repository/org/apache/httpcomponents/httpcore/4.4.4/httpcore-4.4.4.jar:/root/.m2/repository/commons-codec/commons-codec/1.11/commons-codec-1.11.jar:/root/.m2/repository/commons-net/commons-net/3.6/commons-net-3.6.jar:/root/.m2/repository/commons-collections/commons-collections/3.2.2/commons-collections-3.2.2.jar:/root/.m2/repository/org/eclipse/jetty/jetty-servlet/9.3.24.v20180605/jetty-servlet-9.3.24.v20180605.jar:/root/.m2/repository/org/eclipse/jetty/jetty-security/9.3.24.v20180605/jetty-security-9.3.24.v20180605.jar:/root/.m2/repository/javax/servlet/jsp/jsp-api/2.1/jsp-api-2.1.jar:/root/.m2/repository/com/sun/jersey/jersey-servlet/1.19/jersey-servlet-1.19.jar:/root/.m2/repository/com/sun/jersey/jersey-json/1.19/jersey-json-1.19.jar:/root/.m2/repository/org/codehaus/jettison/jettison/1.1/jettison-1.1.jar:/root/.m2/repository/org/codehaus/jackson/jackson-core-asl/1.9.13/jackson-core-asl-1.9.13.jar:/root/.m2/repository/org/codehaus/jackson/jackson-mapper-asl/1.9.13/jackson-mapper-asl-1.9.13.jar:/root/.m2/repository/org/codehaus/jackson/jackson-jaxrs/1.9.13/jackson-jaxrs-1.9.13.jar:/root/.m2/repository/org/codehaus/jackson/jackson-xc/1.9.13/jackson-xc-1.9.13.jar:/root/.m2/repository/commons-logging/commons-logging/1.1.3/commons-logging-1.1.3.jar:/root/.m2/repository/commons-beanutils/commons-beanutils/1.9.3/commons-beanutils-1.9.3.jar:/root/.m2/repository/org/apache/commons/commons-configuration2/2.1.1/commons-configuration2-2.1.1.jar:/root/.m2/repository/org/apache/commons/commons-lang3/3.7/commons-lang3-3.7.jar:/root/.m2/repository/org/apache/commons/commons-text/1.4/commons-text-1.4.jar:/root/.m2/repository/org/apache/avro/avro/1.7.7/avro-1.7.7.jar:/root/.m2/repository/com/thoughtworks/paranamer/paranamer/2.3/paranamer-2.3.jar:/root/.m2/repository/org/xerial/snappy/snappy-java/1.0.5/snappy-java-1.0.5.jar:/root/.m2/repository/com/google/re2j/re2j/1.1/re2j-1.1.jar:/root/.m2/repository/com/google/code/gson/gson/2.2.4/gson-2.2.4.jar:/root/.m2/repository/com/jcraft/jsch/0.1.54/jsch-0.1.54.jar:/root/.m2/repository/org/apache/curator/curator-client/2.12.0/curator-client-2.12.0.jar:/root/.m2/repository/org/apache/curator/curator-recipes/2.12.0/curator-recipes-2.12.0.jar:/root/.m2/repository/com/google/code/findbugs/jsr305/3.0.0/jsr305-3.0.0.jar:/root/.m2/repository/org/apache/htrace/htrace-core4/4.1.0-incubating/htrace-core4-4.1.0-incubating.jar:/root/.m2/repository/org/apache/zookeeper/zookeeper/3.4.13/zookeeper-3.4.13.jar:/root/.m2/repository/org/apache/yetus/audience-annotations/0.5.0/audience-annotations-0.5.0.jar:/root/.m2/repository/org/codehaus/woodstox/stax2-api/3.1.4/stax2-api-3.1.4.jar:/root/.m2/repository/com/fasterxml/woodstox/woodstox-core/5.0.3/woodstox-core-5.0.3.jar:/root/.m2/repository/dnsjava/dnsjava/2.1.7/dnsjava-2.1.7.jar:/root/.m2/repository/org/apache/hadoop/hadoop-hdfs/3.2.0/hadoop-hdfs-3.2.0-tests.jar:/root/.m2/repository/org/eclipse/jetty/jetty-util-ajax/9.3.24.v20180605/jetty-util-ajax-9.3.24.v20180605.jar:/root/.m2/repository/commons-daemon/commons-daemon/1.0.13/commons-daemon-1.0.13.jar:/root/.m2/repository/io/netty/netty/3.10.5.Final/netty-3.10.5.Final.jar:/root/.m2/repository/io/netty/netty-all/4.0.52.Final/netty-all-4.0.52.Final.jar:/root/.m2/repository/org/fusesource/leveldbjni/leveldbjni-all/1.8/leveldbjni-all-1.8.jar:"/>
    <property name="sun.cpu.endian" value="little"/>
    <property name="user.home" value="/root"/>
    <property name="user.language" value="en"/>
    <property name="java.specification.vendor" value="Oracle Corporation"/>
    <property name="java.home" value="/usr/lib/jvm/java-1.8-openjdk/jre"/>
    <property name="java.security.krb5.conf" value="/opt/src/hadoop-ozone/integration-test/target/test-classes/krb5.conf"/>
    <property name="basedir" value="/opt/src/hadoop-ozone/integration-test"/>
    <property name="file.separator" value="/"/>
    <property name="line.separator" value="&#10;"/>
    <property name="java.vm.specification.vendor" value="Oracle Corporation"/>
    <property name="java.specification.name" value="Java Platform API Specification"/>
    <property name="java.awt.graphicsenv" value="sun.awt.X11GraphicsEnvironment"/>
    <property name="surefire.real.class.path" value="/opt/src/hadoop-ozone/integration-test/target/surefire/surefirebooter6107007182765637722.jar"/>
    <property name="hadoop.log.dir" value="/opt/src/hadoop-ozone/integration-test/target/log"/>
    <property name="sun.boot.class.path" value="/usr/lib/jvm/java-1.8-openjdk/jre/lib/resources.jar:/usr/lib/jvm/java-1.8-openjdk/jre/lib/rt.jar:/usr/lib/jvm/java-1.8-openjdk/jre/lib/sunrsasign.jar:/usr/lib/jvm/java-1.8-openjdk/jre/lib/jsse.jar:/usr/lib/jvm/java-1.8-openjdk/jre/lib/jce.jar:/usr/lib/jvm/java-1.8-openjdk/jre/lib/charsets.jar:/usr/lib/jvm/java-1.8-openjdk/jre/lib/jfr.jar:/usr/lib/jvm/java-1.8-openjdk/jre/classes"/>
    <property name="sun.management.compiler" value="HotSpot 64-Bit Tiered Compilers"/>
    <property name="java.runtime.version" value="1.8.0_212-b04"/>
    <property name="java.net.preferIPv4Stack" value="true"/>
    <property name="user.name" value="root"/>
    <property name="path.separator" value=":"/>
    <property name="java.security.egd" value="file:///dev/urandom"/>
    <property name="os.version" value="4.15.0-1021-aws"/>
    <property name="java.endorsed.dirs" value="/usr/lib/jvm/java-1.8-openjdk/jre/lib/endorsed"/>
    <property name="java.runtime.name" value="OpenJDK Runtime Environment"/>
    <property name="file.encoding" value="UTF-8"/>
    <property name="java.vm.name" value="OpenJDK 64-Bit Server VM"/>
    <property name="test.build.webapps" value=""/>
    <property name="localRepository" value="/root/.m2/repository"/>
    <property name="java.vendor.url.bug" value="https://icedtea.classpath.org/bugzilla"/>
    <property name="java.io.tmpdir" value="/tmp"/>
    <property name="require.test.libhadoop" value=""/>
    <property name="java.version" value="1.8.0_212"/>
    <property name="user.dir" value="/opt/src/hadoop-ozone/integration-test"/>
    <property name="os.arch" value="amd64"/>
    <property name="java.vm.specification.name" value="Java Virtual Machine Specification"/>
    <property name="test.build.classes" value="/opt/src/hadoop-ozone/integration-test/target/test-classes"/>
    <property name="java.awt.printerjob" value="sun.print.PSPrinterJob"/>
    <property name="sun.os.patch.level" value="unknown"/>
    <property name="hadoop.tmp.dir" value="/opt/src/hadoop-ozone/integration-test/target/tmp"/>
    <property name="java.library.path" value="/usr/lib/jvm/java-1.8-openjdk/jre/lib/amd64/server:/usr/lib/jvm/java-1.8-openjdk/jre/lib/amd64:/usr/lib/jvm/java-1.8-openjdk/jre/../lib/amd64:/opt/src/hadoop-ozone/integration-test/target/native/target/usr/local/lib:/opt/src/hadoop-ozone/integration-test/../../hadoop-common-project/hadoop-common/target/native/target/usr/local/lib:/usr/java/packages/lib/amd64:/usr/lib64:/lib64:/lib:/usr/lib"/>
    <property name="java.vm.info" value="mixed mode"/>
    <property name="java.vendor" value="IcedTea"/>
    <property name="java.vm.version" value="25.212-b04"/>
    <property name="java.ext.dirs" value="/usr/lib/jvm/java-1.8-openjdk/jre/lib/ext:/usr/java/packages/lib/ext"/>
    <property name="sun.io.unicode.encoding" value="UnicodeLittle"/>
    <property name="java.class.version" value="52.0"/>
  </properties>
  <testcase name="testPipelineFail" classname="org.apache.hadoop.hdds.scm.pipeline.TestNodeFailure" time="0">
    <skipped/>
    <system-out><![CDATA[2019-06-13 09:33:43,307 WARN  server.ServerUtils (ServerUtils.java:getScmDbDir(145)) - ozone.scm.db.dirs is not configured. We recommend adding this setting. Falling back to ozone.metadata.dirs instead.
2019-06-13 09:33:43,374 WARN  server.ServerUtils (ServerUtils.java:getScmDbDir(145)) - ozone.scm.db.dirs is not configured. We recommend adding this setting. Falling back to ozone.metadata.dirs instead.
2019-06-13 09:33:43,377 WARN  server.ServerUtils (ServerUtils.java:getScmDbDir(145)) - ozone.scm.db.dirs is not configured. We recommend adding this setting. Falling back to ozone.metadata.dirs instead.
2019-06-13 09:33:43,393 INFO  util.log (Log.java:initialized(192)) - Logging initialized @650ms
2019-06-13 09:33:43,475 INFO  db.DBStoreBuilder (DBStoreBuilder.java:addTable(110)) - using custom profile for table: deletedBlocks
2019-06-13 09:33:43,476 INFO  db.DBStoreBuilder (DBStoreBuilder.java:processTables(161)) - Using default column profile:DBProfile.DISK for Table:deletedBlocks
2019-06-13 09:33:43,476 INFO  db.DBStoreBuilder (DBStoreBuilder.java:addTable(110)) - using custom profile for table: validCerts
2019-06-13 09:33:43,476 INFO  db.DBStoreBuilder (DBStoreBuilder.java:processTables(161)) - Using default column profile:DBProfile.DISK for Table:validCerts
2019-06-13 09:33:43,476 INFO  db.DBStoreBuilder (DBStoreBuilder.java:addTable(110)) - using custom profile for table: revokedCerts
2019-06-13 09:33:43,477 INFO  db.DBStoreBuilder (DBStoreBuilder.java:processTables(161)) - Using default column profile:DBProfile.DISK for Table:revokedCerts
2019-06-13 09:33:43,486 INFO  db.DBStoreBuilder (DBStoreBuilder.java:addTable(110)) - using custom profile for table: default
2019-06-13 09:33:43,486 INFO  db.DBStoreBuilder (DBStoreBuilder.java:processTables(167)) - Using default column profile:DBProfile.DISK for Table:default
2019-06-13 09:33:43,488 INFO  db.DBStoreBuilder (DBStoreBuilder.java:getDbProfile(198)) - Using default options. DBProfile.DISK
2019-06-13 09:33:43,553 INFO  node.SCMNodeManager (SCMNodeManager.java:<init>(108)) - Entering startup safe mode.
2019-06-13 09:33:43,615 INFO  net.NodeSchemaLoader (NodeSchemaLoader.java:loadSchemaFromFile(125)) - Loading file from sun.misc.CompoundEnumeration@443118b0
2019-06-13 09:33:43,616 INFO  net.NodeSchemaLoader (NodeSchemaLoader.java:loadSchema(171)) - Loading network topology layer schema file
2019-06-13 09:33:43,666 WARN  server.ServerUtils (ServerUtils.java:getScmDbDir(145)) - ozone.scm.db.dirs is not configured. We recommend adding this setting. Falling back to ozone.metadata.dirs instead.
2019-06-13 09:33:43,684 INFO  pipeline.SCMPipelineManager (SCMPipelineManager.java:initializePipelineState(126)) - No pipeline exists in current db
2019-06-13 09:33:43,686 WARN  server.ServerUtils (ServerUtils.java:getScmDbDir(145)) - ozone.scm.db.dirs is not configured. We recommend adding this setting. Falling back to ozone.metadata.dirs instead.
2019-06-13 09:33:43,735 WARN  events.EventQueue (EventQueue.java:fireEvent(175)) - No event handler registered for event TypedEvent{payloadType=SafeModeStatus, name='SafeModeStatus'}
2019-06-13 09:33:44,002 INFO  ipc.CallQueueManager (CallQueueManager.java:<init>(84)) - Using callQueue: class java.util.concurrent.LinkedBlockingQueue, queueCapacity: 2000, scheduler: class org.apache.hadoop.ipc.DefaultRpcScheduler, ipcBackoff: false.
2019-06-13 09:33:44,023 INFO  ipc.Server (Server.java:run(1074)) - Starting Socket Reader #1 for port 38383
2019-06-13 09:33:44,043 INFO  ipc.CallQueueManager (CallQueueManager.java:<init>(84)) - Using callQueue: class java.util.concurrent.LinkedBlockingQueue, queueCapacity: 2000, scheduler: class org.apache.hadoop.ipc.DefaultRpcScheduler, ipcBackoff: false.
2019-06-13 09:33:44,044 INFO  ipc.Server (Server.java:run(1074)) - Starting Socket Reader #1 for port 33995
2019-06-13 09:33:44,050 INFO  ipc.CallQueueManager (CallQueueManager.java:<init>(84)) - Using callQueue: class java.util.concurrent.LinkedBlockingQueue, queueCapacity: 2000, scheduler: class org.apache.hadoop.ipc.DefaultRpcScheduler, ipcBackoff: false.
2019-06-13 09:33:44,077 INFO  ipc.Server (Server.java:run(1074)) - Starting Socket Reader #1 for port 40819
2019-06-13 09:33:44,122 INFO  hdfs.DFSUtil (DFSUtil.java:httpServerTemplateForNNAndJN(1641)) - Starting Web-server for scm at: http://0.0.0.0:0
2019-06-13 09:33:44,266 INFO  server.AuthenticationFilter (AuthenticationFilter.java:constructSecretProvider(240)) - Unable to initialize FileSignerSecretProvider, falling back to use random secrets.
2019-06-13 09:33:44,272 WARN  http.HttpRequestLog (HttpRequestLog.java:getRequestLog(97)) - Jetty request log can only be enabled using Log4j
2019-06-13 09:33:44,278 INFO  http.HttpServer2 (HttpServer2.java:addGlobalFilter(975)) - Added global filter 'safety' (class=org.apache.hadoop.http.HttpServer2$QuotingInputFilter)
2019-06-13 09:33:44,281 INFO  http.HttpServer2 (HttpServer2.java:addFilter(948)) - Added filter static_user_filter (class=org.apache.hadoop.http.lib.StaticUserWebFilter$StaticUserFilter) to context scm
2019-06-13 09:33:44,281 INFO  http.HttpServer2 (HttpServer2.java:addFilter(958)) - Added filter static_user_filter (class=org.apache.hadoop.http.lib.StaticUserWebFilter$StaticUserFilter) to context logs
2019-06-13 09:33:44,281 INFO  http.HttpServer2 (HttpServer2.java:addFilter(958)) - Added filter static_user_filter (class=org.apache.hadoop.http.lib.StaticUserWebFilter$StaticUserFilter) to context static
2019-06-13 09:33:44,304 INFO  server.StorageContainerManager (StorageContainerManager.java:start(752)) - StorageContainerLocationProtocol RPC server is listening at /0.0.0.0:40819
2019-06-13 09:33:44,345 WARN  impl.MetricsConfig (MetricsConfig.java:loadFirst(134)) - Cannot locate configuration: tried hadoop-metrics2-storagecontainermanager.properties,hadoop-metrics2.properties
2019-06-13 09:33:44,355 INFO  impl.MetricsSystemImpl (MetricsSystemImpl.java:startTimer(374)) - Scheduled Metric snapshot period at 10 second(s).
2019-06-13 09:33:44,355 INFO  impl.MetricsSystemImpl (MetricsSystemImpl.java:start(191)) - StorageContainerManager metrics system started
2019-06-13 09:33:44,515 INFO  server.SCMClientProtocolServer (SCMClientProtocolServer.java:start(149)) - RPC server for Client  is listening at /0.0.0.0:40819
2019-06-13 09:33:44,515 INFO  ipc.Server (Server.java:run(1314)) - IPC Server Responder: starting
2019-06-13 09:33:44,516 INFO  ipc.Server (Server.java:run(1153)) - IPC Server listener on 40819: starting
2019-06-13 09:33:44,526 INFO  server.StorageContainerManager (StorageContainerManager.java:start(761)) - ScmBlockLocationProtocol RPC server is listening at /0.0.0.0:33995
2019-06-13 09:33:44,527 INFO  server.SCMBlockProtocolServer (SCMBlockProtocolServer.java:start(137)) - RPC server for Block Protocol is listening at /0.0.0.0:33995
2019-06-13 09:33:44,527 INFO  ipc.Server (Server.java:run(1314)) - IPC Server Responder: starting
2019-06-13 09:33:44,527 INFO  ipc.Server (Server.java:run(1153)) - IPC Server listener on 33995: starting
2019-06-13 09:33:44,529 INFO  server.StorageContainerManager (StorageContainerManager.java:start(765)) - ScmDatanodeProtocl RPC server is listening at /0.0.0.0:38383
2019-06-13 09:33:44,529 INFO  server.SCMDatanodeProtocolServer (SCMDatanodeProtocolServer.java:start(191)) - RPC server for DataNodes is listening at /0.0.0.0:38383
2019-06-13 09:33:44,529 INFO  ipc.Server (Server.java:run(1314)) - IPC Server Responder: starting
2019-06-13 09:33:44,529 INFO  ipc.Server (Server.java:run(1153)) - IPC Server listener on 38383: starting
2019-06-13 09:33:44,532 INFO  http.HttpServer2 (HttpServer2.java:bindListener(1191)) - Jetty bound to port 36643
2019-06-13 09:33:44,533 INFO  server.Server (Server.java:doStart(351)) - jetty-9.3.24.v20180605, build timestamp: 2018-06-05T17:11:56Z, git hash: 84205aa28f11a4f31f2a3b86d1bba2cc8ab69827
2019-06-13 09:33:44,567 INFO  handler.ContextHandler (ContextHandler.java:doStart(781)) - Started o.e.j.s.ServletContextHandler@2df6226d{/logs,file:///opt/src/hadoop-ozone/integration-test/target/log,AVAILABLE}
2019-06-13 09:33:44,568 INFO  handler.ContextHandler (ContextHandler.java:doStart(781)) - Started o.e.j.s.ServletContextHandler@4ff4357f{/static,file:///opt/src/hadoop-ozone/integration-test/target/test-classes/webapps/static,AVAILABLE}
2019-06-13 09:33:44,597 INFO  handler.ContextHandler (ContextHandler.java:doStart(781)) - Started o.e.j.w.WebAppContext@2484f433{/,file:///opt/src/hadoop-ozone/integration-test/target/test-classes/webapps/scm/,AVAILABLE}{/scm}
2019-06-13 09:33:44,602 INFO  server.AbstractConnector (AbstractConnector.java:doStart(278)) - Started ServerConnector@841e575{HTTP/1.1,[http/1.1]}{0.0.0.0:36643}
2019-06-13 09:33:44,602 INFO  server.Server (Server.java:doStart(419)) - Started @1859ms
2019-06-13 09:33:44,603 INFO  server.BaseHttpServer (BaseHttpServer.java:updateConnectorAddress(207)) - HTTP server of SCM is listening at http://0.0.0.0:36643
2019-06-13 09:33:44,609 INFO  util.JvmPauseMonitor (JvmPauseMonitor.java:run(188)) - Starting JVM pause monitor
2019-06-13 09:33:44,611 WARN  scm.ScmUtils (ScmUtils.java:getDBPath(63)) - ozone.om.db.dirs is not configured. We recommend adding this setting. Falling back to ozone.metadata.dirs instead.
2019-06-13 09:33:44,684 WARN  scm.ScmUtils (ScmUtils.java:getDBPath(63)) - ozone.om.db.dirs is not configured. We recommend adding this setting. Falling back to ozone.metadata.dirs instead.
2019-06-13 09:33:44,685 INFO  om.OzoneManager (OzoneManager.java:setOMNodeDetails(519)) - OM Service ID is not set. Setting it to the default ID: omServiceIdDefault
2019-06-13 09:33:44,685 INFO  om.OzoneManager (OzoneManager.java:setOMNodeDetails(525)) - OM Node ID is not set. Setting it to the OmStorage's OmID: 25f47745-6980-46c1-b9c8-121a7fb6979e
2019-06-13 09:33:44,687 WARN  scm.HddsServerUtil (HddsServerUtil.java:getDefaultRatisDirectory(354)) - Storage directory for Ratis is not configured. It is a good idea to map this to an SSD disk. Falling back to ozone.metadata.dirs
2019-06-13 09:33:44,687 WARN  scm.HddsServerUtil (HddsServerUtil.java:getDefaultRatisDirectory(354)) - Storage directory for Ratis is not configured. It is a good idea to map this to an SSD disk. Falling back to ozone.metadata.dirs
2019-06-13 09:33:44,687 INFO  om.OzoneManager (OzoneManager.java:loadOMHAConfigs(476)) - Found matching OM address with OMServiceId: null, OMNodeId: null, RPC Address: localhost:0 and Ratis port: 9872
2019-06-13 09:33:44,886 WARN  scm.ScmUtils (ScmUtils.java:getDBPath(63)) - ozone.om.db.dirs is not configured. We recommend adding this setting. Falling back to ozone.metadata.dirs instead.
2019-06-13 09:33:44,893 INFO  db.DBStoreBuilder (DBStoreBuilder.java:addTable(110)) - using custom profile for table: userTable
2019-06-13 09:33:44,893 INFO  db.DBStoreBuilder (DBStoreBuilder.java:processTables(161)) - Using default column profile:DBProfile.DISK for Table:userTable
2019-06-13 09:33:44,893 INFO  db.DBStoreBuilder (DBStoreBuilder.java:addTable(110)) - using custom profile for table: volumeTable
2019-06-13 09:33:44,894 INFO  db.DBStoreBuilder (DBStoreBuilder.java:processTables(161)) - Using default column profile:DBProfile.DISK for Table:volumeTable
2019-06-13 09:33:44,894 INFO  db.DBStoreBuilder (DBStoreBuilder.java:addTable(110)) - using custom profile for table: bucketTable
2019-06-13 09:33:44,894 INFO  db.DBStoreBuilder (DBStoreBuilder.java:processTables(161)) - Using default column profile:DBProfile.DISK for Table:bucketTable
2019-06-13 09:33:44,894 INFO  db.DBStoreBuilder (DBStoreBuilder.java:addTable(110)) - using custom profile for table: keyTable
2019-06-13 09:33:44,895 INFO  db.DBStoreBuilder (DBStoreBuilder.java:processTables(161)) - Using default column profile:DBProfile.DISK for Table:keyTable
2019-06-13 09:33:44,895 INFO  db.DBStoreBuilder (DBStoreBuilder.java:addTable(110)) - using custom profile for table: deletedTable
2019-06-13 09:33:44,895 INFO  db.DBStoreBuilder (DBStoreBuilder.java:processTables(161)) - Using default column profile:DBProfile.DISK for Table:deletedTable
2019-06-13 09:33:44,895 INFO  db.DBStoreBuilder (DBStoreBuilder.java:addTable(110)) - using custom profile for table: openKeyTable
2019-06-13 09:33:44,896 INFO  db.DBStoreBuilder (DBStoreBuilder.java:processTables(161)) - Using default column profile:DBProfile.DISK for Table:openKeyTable
2019-06-13 09:33:44,896 INFO  db.DBStoreBuilder (DBStoreBuilder.java:addTable(110)) - using custom profile for table: s3Table
2019-06-13 09:33:44,896 INFO  db.DBStoreBuilder (DBStoreBuilder.java:processTables(161)) - Using default column profile:DBProfile.DISK for Table:s3Table
2019-06-13 09:33:44,896 INFO  db.DBStoreBuilder (DBStoreBuilder.java:addTable(110)) - using custom profile for table: multipartInfoTable
2019-06-13 09:33:44,897 INFO  db.DBStoreBuilder (DBStoreBuilder.java:processTables(161)) - Using default column profile:DBProfile.DISK for Table:multipartInfoTable
2019-06-13 09:33:44,897 INFO  db.DBStoreBuilder (DBStoreBuilder.java:addTable(110)) - using custom profile for table: dTokenTable
2019-06-13 09:33:44,897 INFO  db.DBStoreBuilder (DBStoreBuilder.java:processTables(161)) - Using default column profile:DBProfile.DISK for Table:dTokenTable
2019-06-13 09:33:44,897 INFO  db.DBStoreBuilder (DBStoreBuilder.java:addTable(110)) - using custom profile for table: s3SecretTable
2019-06-13 09:33:44,898 INFO  db.DBStoreBuilder (DBStoreBuilder.java:processTables(161)) - Using default column profile:DBProfile.DISK for Table:s3SecretTable
2019-06-13 09:33:44,898 INFO  db.DBStoreBuilder (DBStoreBuilder.java:addTable(110)) - using custom profile for table: prefixTable
2019-06-13 09:33:44,898 INFO  db.DBStoreBuilder (DBStoreBuilder.java:processTables(161)) - Using default column profile:DBProfile.DISK for Table:prefixTable
2019-06-13 09:33:44,898 INFO  db.DBStoreBuilder (DBStoreBuilder.java:addTable(110)) - using custom profile for table: default
2019-06-13 09:33:44,899 INFO  db.DBStoreBuilder (DBStoreBuilder.java:processTables(167)) - Using default column profile:DBProfile.DISK for Table:default
2019-06-13 09:33:44,899 INFO  db.DBStoreBuilder (DBStoreBuilder.java:getDbProfile(198)) - Using default options. DBProfile.DISK
2019-06-13 09:33:45,338 INFO  ipc.CallQueueManager (CallQueueManager.java:<init>(84)) - Using callQueue: class java.util.concurrent.LinkedBlockingQueue, queueCapacity: 2000, scheduler: class org.apache.hadoop.ipc.DefaultRpcScheduler, ipcBackoff: false.
2019-06-13 09:33:45,338 INFO  ipc.Server (Server.java:run(1074)) - Starting Socket Reader #1 for port 36953
2019-06-13 09:33:45,359 WARN  scm.ScmUtils (ScmUtils.java:getDBPath(63)) - ozone.om.db.dirs is not configured. We recommend adding this setting. Falling back to ozone.metadata.dirs instead.
2019-06-13 09:33:45,359 INFO  om.OzoneManager (OzoneManager.java:start(1217)) - OzoneManager RPC server is listening at localhost/127.0.0.1:36953
2019-06-13 09:33:45,359 INFO  impl.MetricsSystemImpl (MetricsSystemImpl.java:init(158)) - OzoneManager metrics system started (again)
2019-06-13 09:33:45,360 INFO  ipc.Server (Server.java:run(1314)) - IPC Server Responder: starting
2019-06-13 09:33:45,360 INFO  ipc.Server (Server.java:run(1153)) - IPC Server listener on 36953: starting
2019-06-13 09:33:45,386 INFO  hdfs.DFSUtil (DFSUtil.java:httpServerTemplateForNNAndJN(1641)) - Starting Web-server for ozoneManager at: http://0.0.0.0:0
2019-06-13 09:33:45,387 INFO  server.AuthenticationFilter (AuthenticationFilter.java:constructSecretProvider(240)) - Unable to initialize FileSignerSecretProvider, falling back to use random secrets.
2019-06-13 09:33:45,389 WARN  http.HttpRequestLog (HttpRequestLog.java:getRequestLog(97)) - Jetty request log can only be enabled using Log4j
2019-06-13 09:33:45,391 INFO  http.HttpServer2 (HttpServer2.java:addGlobalFilter(975)) - Added global filter 'safety' (class=org.apache.hadoop.http.HttpServer2$QuotingInputFilter)
2019-06-13 09:33:45,391 INFO  http.HttpServer2 (HttpServer2.java:addFilter(948)) - Added filter static_user_filter (class=org.apache.hadoop.http.lib.StaticUserWebFilter$StaticUserFilter) to context ozoneManager
2019-06-13 09:33:45,392 INFO  http.HttpServer2 (HttpServer2.java:addFilter(958)) - Added filter static_user_filter (class=org.apache.hadoop.http.lib.StaticUserWebFilter$StaticUserFilter) to context logs
2019-06-13 09:33:45,392 INFO  http.HttpServer2 (HttpServer2.java:addFilter(958)) - Added filter static_user_filter (class=org.apache.hadoop.http.lib.StaticUserWebFilter$StaticUserFilter) to context static
2019-06-13 09:33:45,393 INFO  http.HttpServer2 (HttpServer2.java:bindListener(1191)) - Jetty bound to port 45643
2019-06-13 09:33:45,393 INFO  server.Server (Server.java:doStart(351)) - jetty-9.3.24.v20180605, build timestamp: 2018-06-05T17:11:56Z, git hash: 84205aa28f11a4f31f2a3b86d1bba2cc8ab69827
2019-06-13 09:33:45,395 INFO  handler.ContextHandler (ContextHandler.java:doStart(781)) - Started o.e.j.s.ServletContextHandler@7c2a69b4{/logs,file:///opt/src/hadoop-ozone/integration-test/target/log,AVAILABLE}
2019-06-13 09:33:45,395 INFO  handler.ContextHandler (ContextHandler.java:doStart(781)) - Started o.e.j.s.ServletContextHandler@648ee871{/static,file:///opt/src/hadoop-ozone/integration-test/target/test-classes/webapps/static,AVAILABLE}
2019-06-13 09:33:45,398 INFO  handler.ContextHandler (ContextHandler.java:doStart(781)) - Started o.e.j.w.WebAppContext@6f012914{/,file:///opt/src/hadoop-ozone/integration-test/target/test-classes/webapps/ozoneManager/,AVAILABLE}{/ozoneManager}
2019-06-13 09:33:45,399 INFO  server.AbstractConnector (AbstractConnector.java:doStart(278)) - Started ServerConnector@18fdb6cf{HTTP/1.1,[http/1.1]}{0.0.0.0:45643}
2019-06-13 09:33:45,399 INFO  server.Server (Server.java:doStart(419)) - Started @2656ms
2019-06-13 09:33:45,400 INFO  server.BaseHttpServer (BaseHttpServer.java:updateConnectorAddress(207)) - HTTP server of OZONEMANAGER is listening at http://0.0.0.0:45643
2019-06-13 09:33:45,529 INFO  impl.MetricsSystemImpl (MetricsSystemImpl.java:init(158)) - HddsDatanode metrics system started (again)
2019-06-13 09:33:45,660 INFO  ozone.HddsDatanodeService (HddsDatanodeService.java:start(185)) - HddsDatanodeService host:ozone-klxsl-4228770323 ip:192.168.46.32
2019-06-13 09:33:45,687 INFO  volume.HddsVolume (HddsVolume.java:<init>(176)) - Creating Volume: /opt/src/hadoop-ozone/integration-test/target/test-dir/MiniOzoneClusterImpl-f391319c-fd39-4aec-940e-c1a5352b15d7/datanode-0/data/containers/hdds of  storage type : DISK and capacity : 104021790720
2019-06-13 09:33:45,689 INFO  volume.VolumeSet (VolumeSet.java:initializeVolumeSet(170)) - Added Volume : /opt/src/hadoop-ozone/integration-test/target/test-dir/MiniOzoneClusterImpl-f391319c-fd39-4aec-940e-c1a5352b15d7/datanode-0/data/containers/hdds to VolumeSet
2019-06-13 09:33:45,691 INFO  volume.ThrottledAsyncChecker (ThrottledAsyncChecker.java:schedule(140)) - Scheduling a check for org.apache.hadoop.ozone.container.common.volume.HddsVolume@4a6c18ad
2019-06-13 09:33:45,704 INFO  volume.HddsVolumeChecker (HddsVolumeChecker.java:checkAllVolumes(203)) - Scheduled health check for volume org.apache.hadoop.ozone.container.common.volume.HddsVolume@4a6c18ad
2019-06-13 09:33:45,740 INFO  ratis.XceiverServerRatis (XceiverServerRatis.java:newXceiverServerRatis(401)) - Found a free port for the server : 38405
2019-06-13 09:33:45,795 INFO  impl.RaftServerProxy (ConfUtils.java:logGet(43)) - raft.rpc.type = GRPC (default)
2019-06-13 09:33:45,803 INFO  grpc.GrpcConfigKeys$Server (ConfUtils.java:logGet(43)) - raft.grpc.server.port = 38405 (custom)
2019-06-13 09:33:45,804 INFO  server.GrpcService (ConfUtils.java:logGet(43)) - raft.grpc.message.size.max = 33570816 (custom)
2019-06-13 09:33:45,805 INFO  server.RaftServerConfigKeys (ConfUtils.java:logGet(43)) - raft.server.log.appender.buffer.byte-limit = 33554432 (custom)
2019-06-13 09:33:45,806 INFO  server.GrpcService (ConfUtils.java:logGet(43)) - raft.grpc.flow.control.window = 1MB (=1048576) (default)
2019-06-13 09:33:45,807 INFO  server.RaftServerConfigKeys (ConfUtils.java:logGet(43)) - raft.server.rpc.request.timeout = 3000ms (default)
2019-06-13 09:33:45,918 INFO  server.RaftServerConfigKeys (ConfUtils.java:logGet(43)) - raft.server.storage.dir = [/opt/src/hadoop-ozone/integration-test/target/test-dir/MiniOzoneClusterImpl-f391319c-fd39-4aec-940e-c1a5352b15d7/datanode-0/data/ratis] (custom)
2019-06-13 09:33:45,924 INFO  server.XceiverServerGrpc (XceiverServerGrpc.java:<init>(97)) - Found a free port for the server : 39091
2019-06-13 09:33:45,947 INFO  replication.SimpleContainerDownloader (SimpleContainerDownloader.java:<init>(72)) - Starting container downloader service to copy containers to replicate.
2019-06-13 09:33:45,957 INFO  hdfs.DFSUtil (DFSUtil.java:httpServerTemplateForNNAndJN(1641)) - Starting Web-server for hddsDatanode at: http://0.0.0.0:0
2019-06-13 09:33:45,958 INFO  server.AuthenticationFilter (AuthenticationFilter.java:constructSecretProvider(240)) - Unable to initialize FileSignerSecretProvider, falling back to use random secrets.
2019-06-13 09:33:45,959 WARN  http.HttpRequestLog (HttpRequestLog.java:getRequestLog(97)) - Jetty request log can only be enabled using Log4j
2019-06-13 09:33:45,960 INFO  http.HttpServer2 (HttpServer2.java:addGlobalFilter(975)) - Added global filter 'safety' (class=org.apache.hadoop.http.HttpServer2$QuotingInputFilter)
2019-06-13 09:33:45,961 INFO  http.HttpServer2 (HttpServer2.java:addFilter(948)) - Added filter static_user_filter (class=org.apache.hadoop.http.lib.StaticUserWebFilter$StaticUserFilter) to context hddsDatanode
2019-06-13 09:33:45,961 INFO  http.HttpServer2 (HttpServer2.java:addFilter(958)) - Added filter static_user_filter (class=org.apache.hadoop.http.lib.StaticUserWebFilter$StaticUserFilter) to context logs
2019-06-13 09:33:45,962 INFO  http.HttpServer2 (HttpServer2.java:addFilter(958)) - Added filter static_user_filter (class=org.apache.hadoop.http.lib.StaticUserWebFilter$StaticUserFilter) to context static
2019-06-13 09:33:45,962 INFO  http.HttpServer2 (HttpServer2.java:bindListener(1191)) - Jetty bound to port 45291
2019-06-13 09:33:45,963 INFO  server.Server (Server.java:doStart(351)) - jetty-9.3.24.v20180605, build timestamp: 2018-06-05T17:11:56Z, git hash: 84205aa28f11a4f31f2a3b86d1bba2cc8ab69827
2019-06-13 09:33:45,964 INFO  handler.ContextHandler (ContextHandler.java:doStart(781)) - Started o.e.j.s.ServletContextHandler@2e51d054{/logs,file:///opt/src/hadoop-ozone/integration-test/target/log,AVAILABLE}
2019-06-13 09:33:45,965 INFO  handler.ContextHandler (ContextHandler.java:doStart(781)) - Started o.e.j.s.ServletContextHandler@615e3f51{/static,jar:file:/root/.m2/repository/org/apache/hadoop/hadoop-hdds-container-service/0.5.0-SNAPSHOT/hadoop-hdds-container-service-0.5.0-SNAPSHOT.jar!/webapps/static,AVAILABLE}
2019-06-13 09:33:45,999 INFO  handler.ContextHandler (ContextHandler.java:doStart(781)) - Started o.e.j.w.WebAppContext@5e1fc2aa{/,file:///tmp/jetty-0.0.0.0-45291-hddsDatanode-_-any-520605360405454874.dir/webapp/,AVAILABLE}{/hddsDatanode}
2019-06-13 09:33:46,000 INFO  server.AbstractConnector (AbstractConnector.java:doStart(278)) - Started ServerConnector@688d411b{HTTP/1.1,[http/1.1]}{0.0.0.0:45291}
2019-06-13 09:33:46,000 INFO  server.Server (Server.java:doStart(419)) - Started @3257ms
2019-06-13 09:33:46,001 INFO  server.BaseHttpServer (BaseHttpServer.java:updateConnectorAddress(207)) - HTTP server of HDDSDATANODE is listening at http://0.0.0.0:45291
2019-06-13 09:33:46,789 INFO  ozone.HddsDatanodeService (HddsDatanodeService.java:startPlugins(396)) - Started plug-in org.apache.hadoop.ozone.web.OzoneHddsDatanodeService@30bf26df
2019-06-13 09:33:46,790 INFO  impl.MetricsSystemImpl (MetricsSystemImpl.java:init(158)) - HddsDatanode metrics system started (again)
2019-06-13 09:33:46,791 INFO  ozone.HddsDatanodeService (HddsDatanodeService.java:start(185)) - HddsDatanodeService host:ozone-klxsl-4228770323 ip:192.168.46.32
2019-06-13 09:33:46,794 INFO  util.JvmPauseMonitor (JvmPauseMonitor.java:run(188)) - Starting JVM pause monitor
2019-06-13 09:33:46,801 INFO  volume.HddsVolume (HddsVolume.java:<init>(176)) - Creating Volume: /opt/src/hadoop-ozone/integration-test/target/test-dir/MiniOzoneClusterImpl-f391319c-fd39-4aec-940e-c1a5352b15d7/datanode-1/data/containers/hdds of  storage type : DISK and capacity : 104021790720
2019-06-13 09:33:46,802 INFO  volume.VolumeSet (VolumeSet.java:initializeVolumeSet(170)) - Added Volume : /opt/src/hadoop-ozone/integration-test/target/test-dir/MiniOzoneClusterImpl-f391319c-fd39-4aec-940e-c1a5352b15d7/datanode-1/data/containers/hdds to VolumeSet
2019-06-13 09:33:46,802 INFO  volume.ThrottledAsyncChecker (ThrottledAsyncChecker.java:schedule(140)) - Scheduling a check for org.apache.hadoop.ozone.container.common.volume.HddsVolume@f171912
2019-06-13 09:33:46,802 INFO  volume.HddsVolumeChecker (HddsVolumeChecker.java:checkAllVolumes(203)) - Scheduled health check for volume org.apache.hadoop.ozone.container.common.volume.HddsVolume@f171912
2019-06-13 09:33:46,815 INFO  ratis.XceiverServerRatis (XceiverServerRatis.java:newXceiverServerRatis(401)) - Found a free port for the server : 45149
2019-06-13 09:33:46,816 INFO  impl.RaftServerProxy (ConfUtils.java:logGet(43)) - raft.rpc.type = GRPC (default)
2019-06-13 09:33:46,817 INFO  grpc.GrpcConfigKeys$Server (ConfUtils.java:logGet(43)) - raft.grpc.server.port = 45149 (custom)
2019-06-13 09:33:46,817 INFO  server.GrpcService (ConfUtils.java:logGet(43)) - raft.grpc.message.size.max = 33570816 (custom)
2019-06-13 09:33:46,817 INFO  server.RaftServerConfigKeys (ConfUtils.java:logGet(43)) - raft.server.log.appender.buffer.byte-limit = 33554432 (custom)
2019-06-13 09:33:46,817 INFO  server.GrpcService (ConfUtils.java:logGet(43)) - raft.grpc.flow.control.window = 1MB (=1048576) (default)
2019-06-13 09:33:46,818 INFO  server.RaftServerConfigKeys (ConfUtils.java:logGet(43)) - raft.server.rpc.request.timeout = 3000ms (default)
2019-06-13 09:33:46,818 INFO  server.RaftServerConfigKeys (ConfUtils.java:logGet(43)) - raft.server.storage.dir = [/opt/src/hadoop-ozone/integration-test/target/test-dir/MiniOzoneClusterImpl-f391319c-fd39-4aec-940e-c1a5352b15d7/datanode-1/data/ratis] (custom)
2019-06-13 09:33:46,819 INFO  server.XceiverServerGrpc (XceiverServerGrpc.java:<init>(97)) - Found a free port for the server : 38063
2019-06-13 09:33:46,819 INFO  replication.SimpleContainerDownloader (SimpleContainerDownloader.java:<init>(72)) - Starting container downloader service to copy containers to replicate.
2019-06-13 09:33:46,852 INFO  hdfs.DFSUtil (DFSUtil.java:httpServerTemplateForNNAndJN(1641)) - Starting Web-server for hddsDatanode at: http://0.0.0.0:0
2019-06-13 09:33:46,854 INFO  server.AuthenticationFilter (AuthenticationFilter.java:constructSecretProvider(240)) - Unable to initialize FileSignerSecretProvider, falling back to use random secrets.
2019-06-13 09:33:46,855 WARN  http.HttpRequestLog (HttpRequestLog.java:getRequestLog(97)) - Jetty request log can only be enabled using Log4j
2019-06-13 09:33:46,856 INFO  http.HttpServer2 (HttpServer2.java:addGlobalFilter(975)) - Added global filter 'safety' (class=org.apache.hadoop.http.HttpServer2$QuotingInputFilter)
2019-06-13 09:33:46,857 INFO  http.HttpServer2 (HttpServer2.java:addFilter(948)) - Added filter static_user_filter (class=org.apache.hadoop.http.lib.StaticUserWebFilter$StaticUserFilter) to context hddsDatanode
2019-06-13 09:33:46,857 INFO  http.HttpServer2 (HttpServer2.java:addFilter(958)) - Added filter static_user_filter (class=org.apache.hadoop.http.lib.StaticUserWebFilter$StaticUserFilter) to context logs
2019-06-13 09:33:46,857 INFO  http.HttpServer2 (HttpServer2.java:addFilter(958)) - Added filter static_user_filter (class=org.apache.hadoop.http.lib.StaticUserWebFilter$StaticUserFilter) to context static
2019-06-13 09:33:46,858 INFO  http.HttpServer2 (HttpServer2.java:bindListener(1191)) - Jetty bound to port 40579
2019-06-13 09:33:46,858 INFO  server.Server (Server.java:doStart(351)) - jetty-9.3.24.v20180605, build timestamp: 2018-06-05T17:11:56Z, git hash: 84205aa28f11a4f31f2a3b86d1bba2cc8ab69827
2019-06-13 09:33:46,860 INFO  handler.ContextHandler (ContextHandler.java:doStart(781)) - Started o.e.j.s.ServletContextHandler@18b6d3c1{/logs,file:///opt/src/hadoop-ozone/integration-test/target/log,AVAILABLE}
2019-06-13 09:33:46,862 INFO  handler.ContextHandler (ContextHandler.java:doStart(781)) - Started o.e.j.s.ServletContextHandler@3fe512d2{/static,jar:file:/root/.m2/repository/org/apache/hadoop/hadoop-hdds-container-service/0.5.0-SNAPSHOT/hadoop-hdds-container-service-0.5.0-SNAPSHOT.jar!/webapps/static,AVAILABLE}
2019-06-13 09:33:46,879 INFO  datanode.InitDatanodeState (InitDatanodeState.java:persistContainerDatanodeDetails(140)) - DatanodeDetails is persisted to /opt/src/hadoop-ozone/integration-test/target/test-dir/MiniOzoneClusterImpl-f391319c-fd39-4aec-940e-c1a5352b15d7/datanode-0/meta/datanode.id
2019-06-13 09:33:46,892 INFO  handler.ContextHandler (ContextHandler.java:doStart(781)) - Started o.e.j.w.WebAppContext@e7b265e{/,file:///tmp/jetty-0.0.0.0-40579-hddsDatanode-_-any-6724878362092146692.dir/webapp/,AVAILABLE}{/hddsDatanode}
2019-06-13 09:33:46,893 INFO  server.AbstractConnector (AbstractConnector.java:doStart(278)) - Started ServerConnector@17b81dbd{HTTP/1.1,[http/1.1]}{0.0.0.0:40579}
2019-06-13 09:33:46,894 INFO  server.Server (Server.java:doStart(419)) - Started @4151ms
2019-06-13 09:33:46,895 INFO  server.BaseHttpServer (BaseHttpServer.java:updateConnectorAddress(207)) - HTTP server of HDDSDATANODE is listening at http://0.0.0.0:40579
2019-06-13 09:33:46,985 INFO  ozone.HddsDatanodeService (HddsDatanodeService.java:startPlugins(396)) - Started plug-in org.apache.hadoop.ozone.web.OzoneHddsDatanodeService@63fd4dda
2019-06-13 09:33:46,986 INFO  impl.MetricsSystemImpl (MetricsSystemImpl.java:init(158)) - HddsDatanode metrics system started (again)
2019-06-13 09:33:46,986 INFO  ozone.HddsDatanodeService (HddsDatanodeService.java:start(185)) - HddsDatanodeService host:ozone-klxsl-4228770323 ip:192.168.46.32
2019-06-13 09:33:46,993 INFO  util.JvmPauseMonitor (JvmPauseMonitor.java:run(188)) - Starting JVM pause monitor
2019-06-13 09:33:46,997 INFO  datanode.InitDatanodeState (InitDatanodeState.java:persistContainerDatanodeDetails(140)) - DatanodeDetails is persisted to /opt/src/hadoop-ozone/integration-test/target/test-dir/MiniOzoneClusterImpl-f391319c-fd39-4aec-940e-c1a5352b15d7/datanode-1/meta/datanode.id
2019-06-13 09:33:46,997 INFO  volume.HddsVolume (HddsVolume.java:<init>(176)) - Creating Volume: /opt/src/hadoop-ozone/integration-test/target/test-dir/MiniOzoneClusterImpl-f391319c-fd39-4aec-940e-c1a5352b15d7/datanode-2/data/containers/hdds of  storage type : DISK and capacity : 104021790720
2019-06-13 09:33:46,998 INFO  volume.VolumeSet (VolumeSet.java:initializeVolumeSet(170)) - Added Volume : /opt/src/hadoop-ozone/integration-test/target/test-dir/MiniOzoneClusterImpl-f391319c-fd39-4aec-940e-c1a5352b15d7/datanode-2/data/containers/hdds to VolumeSet
2019-06-13 09:33:46,998 INFO  volume.ThrottledAsyncChecker (ThrottledAsyncChecker.java:schedule(140)) - Scheduling a check for org.apache.hadoop.ozone.container.common.volume.HddsVolume@4b56b031
2019-06-13 09:33:47,002 INFO  volume.HddsVolumeChecker (HddsVolumeChecker.java:checkAllVolumes(203)) - Scheduled health check for volume org.apache.hadoop.ozone.container.common.volume.HddsVolume@4b56b031
2019-06-13 09:33:47,013 INFO  ratis.XceiverServerRatis (XceiverServerRatis.java:newXceiverServerRatis(401)) - Found a free port for the server : 43743
2019-06-13 09:33:47,014 INFO  impl.RaftServerProxy (ConfUtils.java:logGet(43)) - raft.rpc.type = GRPC (default)
2019-06-13 09:33:47,015 INFO  grpc.GrpcConfigKeys$Server (ConfUtils.java:logGet(43)) - raft.grpc.server.port = 43743 (custom)
2019-06-13 09:33:47,015 INFO  server.GrpcService (ConfUtils.java:logGet(43)) - raft.grpc.message.size.max = 33570816 (custom)
2019-06-13 09:33:47,015 INFO  server.RaftServerConfigKeys (ConfUtils.java:logGet(43)) - raft.server.log.appender.buffer.byte-limit = 33554432 (custom)
2019-06-13 09:33:47,015 INFO  server.GrpcService (ConfUtils.java:logGet(43)) - raft.grpc.flow.control.window = 1MB (=1048576) (default)
2019-06-13 09:33:47,016 INFO  server.RaftServerConfigKeys (ConfUtils.java:logGet(43)) - raft.server.rpc.request.timeout = 3000ms (default)
2019-06-13 09:33:47,016 INFO  server.RaftServerConfigKeys (ConfUtils.java:logGet(43)) - raft.server.storage.dir = [/opt/src/hadoop-ozone/integration-test/target/test-dir/MiniOzoneClusterImpl-f391319c-fd39-4aec-940e-c1a5352b15d7/datanode-2/data/ratis] (custom)
2019-06-13 09:33:47,017 INFO  server.XceiverServerGrpc (XceiverServerGrpc.java:<init>(97)) - Found a free port for the server : 36783
2019-06-13 09:33:47,017 INFO  replication.SimpleContainerDownloader (SimpleContainerDownloader.java:<init>(72)) - Starting container downloader service to copy containers to replicate.
2019-06-13 09:33:47,018 INFO  hdfs.DFSUtil (DFSUtil.java:httpServerTemplateForNNAndJN(1641)) - Starting Web-server for hddsDatanode at: http://0.0.0.0:0
2019-06-13 09:33:47,019 INFO  server.AuthenticationFilter (AuthenticationFilter.java:constructSecretProvider(240)) - Unable to initialize FileSignerSecretProvider, falling back to use random secrets.
2019-06-13 09:33:47,020 WARN  http.HttpRequestLog (HttpRequestLog.java:getRequestLog(97)) - Jetty request log can only be enabled using Log4j
2019-06-13 09:33:47,021 INFO  http.HttpServer2 (HttpServer2.java:addGlobalFilter(975)) - Added global filter 'safety' (class=org.apache.hadoop.http.HttpServer2$QuotingInputFilter)
2019-06-13 09:33:47,022 INFO  http.HttpServer2 (HttpServer2.java:addFilter(948)) - Added filter static_user_filter (class=org.apache.hadoop.http.lib.StaticUserWebFilter$StaticUserFilter) to context hddsDatanode
2019-06-13 09:33:47,022 INFO  http.HttpServer2 (HttpServer2.java:addFilter(958)) - Added filter static_user_filter (class=org.apache.hadoop.http.lib.StaticUserWebFilter$StaticUserFilter) to context logs
2019-06-13 09:33:47,022 INFO  http.HttpServer2 (HttpServer2.java:addFilter(958)) - Added filter static_user_filter (class=org.apache.hadoop.http.lib.StaticUserWebFilter$StaticUserFilter) to context static
2019-06-13 09:33:47,022 INFO  http.HttpServer2 (HttpServer2.java:bindListener(1191)) - Jetty bound to port 40403
2019-06-13 09:33:47,023 INFO  server.Server (Server.java:doStart(351)) - jetty-9.3.24.v20180605, build timestamp: 2018-06-05T17:11:56Z, git hash: 84205aa28f11a4f31f2a3b86d1bba2cc8ab69827
2019-06-13 09:33:47,024 INFO  handler.ContextHandler (ContextHandler.java:doStart(781)) - Started o.e.j.s.ServletContextHandler@2443abd6{/logs,file:///opt/src/hadoop-ozone/integration-test/target/log,AVAILABLE}
2019-06-13 09:33:47,025 INFO  handler.ContextHandler (ContextHandler.java:doStart(781)) - Started o.e.j.s.ServletContextHandler@bd3eff4{/static,jar:file:/root/.m2/repository/org/apache/hadoop/hadoop-hdds-container-service/0.5.0-SNAPSHOT/hadoop-hdds-container-service-0.5.0-SNAPSHOT.jar!/webapps/static,AVAILABLE}
2019-06-13 09:33:47,048 INFO  handler.ContextHandler (ContextHandler.java:doStart(781)) - Started o.e.j.w.WebAppContext@4e80a001{/,file:///tmp/jetty-0.0.0.0-40403-hddsDatanode-_-any-7380329508333685787.dir/webapp/,AVAILABLE}{/hddsDatanode}
2019-06-13 09:33:47,048 INFO  server.AbstractConnector (AbstractConnector.java:doStart(278)) - Started ServerConnector@624b523{HTTP/1.1,[http/1.1]}{0.0.0.0:40403}
2019-06-13 09:33:47,049 INFO  server.Server (Server.java:doStart(419)) - Started @4306ms
2019-06-13 09:33:47,050 INFO  server.BaseHttpServer (BaseHttpServer.java:updateConnectorAddress(207)) - HTTP server of HDDSDATANODE is listening at http://0.0.0.0:40403
2019-06-13 09:33:47,201 INFO  ozone.HddsDatanodeService (HddsDatanodeService.java:startPlugins(396)) - Started plug-in org.apache.hadoop.ozone.web.OzoneHddsDatanodeService@11c78080
2019-06-13 09:33:47,201 INFO  impl.MetricsSystemImpl (MetricsSystemImpl.java:init(158)) - HddsDatanode metrics system started (again)
2019-06-13 09:33:47,202 INFO  ozone.HddsDatanodeService (HddsDatanodeService.java:start(185)) - HddsDatanodeService host:ozone-klxsl-4228770323 ip:192.168.46.32
2019-06-13 09:33:47,205 INFO  util.JvmPauseMonitor (JvmPauseMonitor.java:run(188)) - Starting JVM pause monitor
2019-06-13 09:33:47,207 INFO  datanode.InitDatanodeState (InitDatanodeState.java:persistContainerDatanodeDetails(140)) - DatanodeDetails is persisted to /opt/src/hadoop-ozone/integration-test/target/test-dir/MiniOzoneClusterImpl-f391319c-fd39-4aec-940e-c1a5352b15d7/datanode-2/meta/datanode.id
2019-06-13 09:33:47,215 INFO  volume.HddsVolume (HddsVolume.java:<init>(176)) - Creating Volume: /opt/src/hadoop-ozone/integration-test/target/test-dir/MiniOzoneClusterImpl-f391319c-fd39-4aec-940e-c1a5352b15d7/datanode-3/data/containers/hdds of  storage type : DISK and capacity : 104021790720
2019-06-13 09:33:47,216 INFO  volume.VolumeSet (VolumeSet.java:initializeVolumeSet(170)) - Added Volume : /opt/src/hadoop-ozone/integration-test/target/test-dir/MiniOzoneClusterImpl-f391319c-fd39-4aec-940e-c1a5352b15d7/datanode-3/data/containers/hdds to VolumeSet
2019-06-13 09:33:47,216 INFO  volume.ThrottledAsyncChecker (ThrottledAsyncChecker.java:schedule(140)) - Scheduling a check for org.apache.hadoop.ozone.container.common.volume.HddsVolume@7c11d32
2019-06-13 09:33:47,218 INFO  volume.HddsVolumeChecker (HddsVolumeChecker.java:checkAllVolumes(203)) - Scheduled health check for volume org.apache.hadoop.ozone.container.common.volume.HddsVolume@7c11d32
2019-06-13 09:33:47,228 INFO  ratis.XceiverServerRatis (XceiverServerRatis.java:newXceiverServerRatis(401)) - Found a free port for the server : 45007
2019-06-13 09:33:47,230 INFO  impl.RaftServerProxy (ConfUtils.java:logGet(43)) - raft.rpc.type = GRPC (default)
2019-06-13 09:33:47,230 INFO  grpc.GrpcConfigKeys$Server (ConfUtils.java:logGet(43)) - raft.grpc.server.port = 45007 (custom)
2019-06-13 09:33:47,230 INFO  server.GrpcService (ConfUtils.java:logGet(43)) - raft.grpc.message.size.max = 33570816 (custom)
2019-06-13 09:33:47,231 INFO  server.RaftServerConfigKeys (ConfUtils.java:logGet(43)) - raft.server.log.appender.buffer.byte-limit = 33554432 (custom)
2019-06-13 09:33:47,231 INFO  server.GrpcService (ConfUtils.java:logGet(43)) - raft.grpc.flow.control.window = 1MB (=1048576) (default)
2019-06-13 09:33:47,231 INFO  server.RaftServerConfigKeys (ConfUtils.java:logGet(43)) - raft.server.rpc.request.timeout = 3000ms (default)
2019-06-13 09:33:47,231 INFO  server.RaftServerConfigKeys (ConfUtils.java:logGet(43)) - raft.server.storage.dir = [/opt/src/hadoop-ozone/integration-test/target/test-dir/MiniOzoneClusterImpl-f391319c-fd39-4aec-940e-c1a5352b15d7/datanode-3/data/ratis] (custom)
2019-06-13 09:33:47,232 INFO  server.XceiverServerGrpc (XceiverServerGrpc.java:<init>(97)) - Found a free port for the server : 36845
2019-06-13 09:33:47,232 INFO  replication.SimpleContainerDownloader (SimpleContainerDownloader.java:<init>(72)) - Starting container downloader service to copy containers to replicate.
2019-06-13 09:33:47,233 INFO  hdfs.DFSUtil (DFSUtil.java:httpServerTemplateForNNAndJN(1641)) - Starting Web-server for hddsDatanode at: http://0.0.0.0:0
2019-06-13 09:33:47,234 INFO  server.AuthenticationFilter (AuthenticationFilter.java:constructSecretProvider(240)) - Unable to initialize FileSignerSecretProvider, falling back to use random secrets.
2019-06-13 09:33:47,235 WARN  http.HttpRequestLog (HttpRequestLog.java:getRequestLog(97)) - Jetty request log can only be enabled using Log4j
2019-06-13 09:33:47,236 INFO  http.HttpServer2 (HttpServer2.java:addGlobalFilter(975)) - Added global filter 'safety' (class=org.apache.hadoop.http.HttpServer2$QuotingInputFilter)
2019-06-13 09:33:47,237 INFO  http.HttpServer2 (HttpServer2.java:addFilter(948)) - Added filter static_user_filter (class=org.apache.hadoop.http.lib.StaticUserWebFilter$StaticUserFilter) to context hddsDatanode
2019-06-13 09:33:47,237 INFO  http.HttpServer2 (HttpServer2.java:addFilter(958)) - Added filter static_user_filter (class=org.apache.hadoop.http.lib.StaticUserWebFilter$StaticUserFilter) to context logs
2019-06-13 09:33:47,237 INFO  http.HttpServer2 (HttpServer2.java:addFilter(958)) - Added filter static_user_filter (class=org.apache.hadoop.http.lib.StaticUserWebFilter$StaticUserFilter) to context static
2019-06-13 09:33:47,238 INFO  http.HttpServer2 (HttpServer2.java:bindListener(1191)) - Jetty bound to port 40595
2019-06-13 09:33:47,238 INFO  server.Server (Server.java:doStart(351)) - jetty-9.3.24.v20180605, build timestamp: 2018-06-05T17:11:56Z, git hash: 84205aa28f11a4f31f2a3b86d1bba2cc8ab69827
2019-06-13 09:33:47,242 INFO  handler.ContextHandler (ContextHandler.java:doStart(781)) - Started o.e.j.s.ServletContextHandler@25974207{/logs,file:///opt/src/hadoop-ozone/integration-test/target/log,AVAILABLE}
2019-06-13 09:33:47,242 INFO  handler.ContextHandler (ContextHandler.java:doStart(781)) - Started o.e.j.s.ServletContextHandler@195113de{/static,jar:file:/root/.m2/repository/org/apache/hadoop/hadoop-hdds-container-service/0.5.0-SNAPSHOT/hadoop-hdds-container-service-0.5.0-SNAPSHOT.jar!/webapps/static,AVAILABLE}
2019-06-13 09:33:47,264 INFO  handler.ContextHandler (ContextHandler.java:doStart(781)) - Started o.e.j.w.WebAppContext@74c9e11{/,file:///tmp/jetty-0.0.0.0-40595-hddsDatanode-_-any-7568409520564391028.dir/webapp/,AVAILABLE}{/hddsDatanode}
2019-06-13 09:33:47,265 INFO  server.AbstractConnector (AbstractConnector.java:doStart(278)) - Started ServerConnector@9fe720a{HTTP/1.1,[http/1.1]}{0.0.0.0:40595}
2019-06-13 09:33:47,266 INFO  server.Server (Server.java:doStart(419)) - Started @4523ms
2019-06-13 09:33:47,267 INFO  server.BaseHttpServer (BaseHttpServer.java:updateConnectorAddress(207)) - HTTP server of HDDSDATANODE is listening at http://0.0.0.0:40595
2019-06-13 09:33:47,386 INFO  ozone.HddsDatanodeService (HddsDatanodeService.java:startPlugins(396)) - Started plug-in org.apache.hadoop.ozone.web.OzoneHddsDatanodeService@76216830
2019-06-13 09:33:47,387 INFO  impl.MetricsSystemImpl (MetricsSystemImpl.java:init(158)) - HddsDatanode metrics system started (again)
2019-06-13 09:33:47,387 INFO  ozone.HddsDatanodeService (HddsDatanodeService.java:start(185)) - HddsDatanodeService host:ozone-klxsl-4228770323 ip:192.168.46.32
2019-06-13 09:33:47,406 INFO  util.JvmPauseMonitor (JvmPauseMonitor.java:run(188)) - Starting JVM pause monitor
2019-06-13 09:33:47,409 INFO  datanode.InitDatanodeState (InitDatanodeState.java:persistContainerDatanodeDetails(140)) - DatanodeDetails is persisted to /opt/src/hadoop-ozone/integration-test/target/test-dir/MiniOzoneClusterImpl-f391319c-fd39-4aec-940e-c1a5352b15d7/datanode-3/meta/datanode.id
2019-06-13 09:33:47,409 INFO  volume.HddsVolume (HddsVolume.java:<init>(176)) - Creating Volume: /opt/src/hadoop-ozone/integration-test/target/test-dir/MiniOzoneClusterImpl-f391319c-fd39-4aec-940e-c1a5352b15d7/datanode-4/data/containers/hdds of  storage type : DISK and capacity : 104021790720
2019-06-13 09:33:47,410 INFO  volume.VolumeSet (VolumeSet.java:initializeVolumeSet(170)) - Added Volume : /opt/src/hadoop-ozone/integration-test/target/test-dir/MiniOzoneClusterImpl-f391319c-fd39-4aec-940e-c1a5352b15d7/datanode-4/data/containers/hdds to VolumeSet
2019-06-13 09:33:47,410 INFO  volume.ThrottledAsyncChecker (ThrottledAsyncChecker.java:schedule(140)) - Scheduling a check for org.apache.hadoop.ozone.container.common.volume.HddsVolume@391d1e33
2019-06-13 09:33:47,410 INFO  volume.HddsVolumeChecker (HddsVolumeChecker.java:checkAllVolumes(203)) - Scheduled health check for volume org.apache.hadoop.ozone.container.common.volume.HddsVolume@391d1e33
2019-06-13 09:33:47,420 INFO  ratis.XceiverServerRatis (XceiverServerRatis.java:newXceiverServerRatis(401)) - Found a free port for the server : 39567
2019-06-13 09:33:47,421 INFO  impl.RaftServerProxy (ConfUtils.java:logGet(43)) - raft.rpc.type = GRPC (default)
2019-06-13 09:33:47,422 INFO  grpc.GrpcConfigKeys$Server (ConfUtils.java:logGet(43)) - raft.grpc.server.port = 39567 (custom)
2019-06-13 09:33:47,422 INFO  server.GrpcService (ConfUtils.java:logGet(43)) - raft.grpc.message.size.max = 33570816 (custom)
2019-06-13 09:33:47,422 INFO  server.RaftServerConfigKeys (ConfUtils.java:logGet(43)) - raft.server.log.appender.buffer.byte-limit = 33554432 (custom)
2019-06-13 09:33:47,422 INFO  server.GrpcService (ConfUtils.java:logGet(43)) - raft.grpc.flow.control.window = 1MB (=1048576) (default)
2019-06-13 09:33:47,422 INFO  server.RaftServerConfigKeys (ConfUtils.java:logGet(43)) - raft.server.rpc.request.timeout = 3000ms (default)
2019-06-13 09:33:47,423 INFO  server.RaftServerConfigKeys (ConfUtils.java:logGet(43)) - raft.server.storage.dir = [/opt/src/hadoop-ozone/integration-test/target/test-dir/MiniOzoneClusterImpl-f391319c-fd39-4aec-940e-c1a5352b15d7/datanode-4/data/ratis] (custom)
2019-06-13 09:33:47,423 INFO  server.XceiverServerGrpc (XceiverServerGrpc.java:<init>(97)) - Found a free port for the server : 41755
2019-06-13 09:33:47,423 INFO  replication.SimpleContainerDownloader (SimpleContainerDownloader.java:<init>(72)) - Starting container downloader service to copy containers to replicate.
2019-06-13 09:33:47,424 INFO  hdfs.DFSUtil (DFSUtil.java:httpServerTemplateForNNAndJN(1641)) - Starting Web-server for hddsDatanode at: http://0.0.0.0:0
2019-06-13 09:33:47,425 INFO  server.AuthenticationFilter (AuthenticationFilter.java:constructSecretProvider(240)) - Unable to initialize FileSignerSecretProvider, falling back to use random secrets.
2019-06-13 09:33:47,425 WARN  http.HttpRequestLog (HttpRequestLog.java:getRequestLog(97)) - Jetty request log can only be enabled using Log4j
2019-06-13 09:33:47,426 INFO  http.HttpServer2 (HttpServer2.java:addGlobalFilter(975)) - Added global filter 'safety' (class=org.apache.hadoop.http.HttpServer2$QuotingInputFilter)
2019-06-13 09:33:47,427 INFO  http.HttpServer2 (HttpServer2.java:addFilter(948)) - Added filter static_user_filter (class=org.apache.hadoop.http.lib.StaticUserWebFilter$StaticUserFilter) to context hddsDatanode
2019-06-13 09:33:47,427 INFO  http.HttpServer2 (HttpServer2.java:addFilter(958)) - Added filter static_user_filter (class=org.apache.hadoop.http.lib.StaticUserWebFilter$StaticUserFilter) to context static
2019-06-13 09:33:47,427 INFO  http.HttpServer2 (HttpServer2.java:addFilter(958)) - Added filter static_user_filter (class=org.apache.hadoop.http.lib.StaticUserWebFilter$StaticUserFilter) to context logs
2019-06-13 09:33:47,427 INFO  http.HttpServer2 (HttpServer2.java:bindListener(1191)) - Jetty bound to port 36801
2019-06-13 09:33:47,428 INFO  server.Server (Server.java:doStart(351)) - jetty-9.3.24.v20180605, build timestamp: 2018-06-05T17:11:56Z, git hash: 84205aa28f11a4f31f2a3b86d1bba2cc8ab69827
2019-06-13 09:33:47,431 INFO  handler.ContextHandler (ContextHandler.java:doStart(781)) - Started o.e.j.s.ServletContextHandler@6f38f084{/logs,file:///opt/src/hadoop-ozone/integration-test/target/log,AVAILABLE}
2019-06-13 09:33:47,431 INFO  handler.ContextHandler (ContextHandler.java:doStart(781)) - Started o.e.j.s.ServletContextHandler@372f0a99{/static,jar:file:/root/.m2/repository/org/apache/hadoop/hadoop-hdds-container-service/0.5.0-SNAPSHOT/hadoop-hdds-container-service-0.5.0-SNAPSHOT.jar!/webapps/static,AVAILABLE}
2019-06-13 09:33:47,459 INFO  handler.ContextHandler (ContextHandler.java:doStart(781)) - Started o.e.j.w.WebAppContext@6b2fdffc{/,file:///tmp/jetty-0.0.0.0-36801-hddsDatanode-_-any-700835295038620391.dir/webapp/,AVAILABLE}{/hddsDatanode}
2019-06-13 09:33:47,461 INFO  server.AbstractConnector (AbstractConnector.java:doStart(278)) - Started ServerConnector@2ca3d826{HTTP/1.1,[http/1.1]}{0.0.0.0:36801}
2019-06-13 09:33:47,461 INFO  server.Server (Server.java:doStart(419)) - Started @4718ms
2019-06-13 09:33:47,462 INFO  server.BaseHttpServer (BaseHttpServer.java:updateConnectorAddress(207)) - HTTP server of HDDSDATANODE is listening at http://0.0.0.0:36801
2019-06-13 09:33:47,558 INFO  ozone.HddsDatanodeService (HddsDatanodeService.java:startPlugins(396)) - Started plug-in org.apache.hadoop.ozone.web.OzoneHddsDatanodeService@624b3544
2019-06-13 09:33:47,559 INFO  impl.MetricsSystemImpl (MetricsSystemImpl.java:init(158)) - HddsDatanode metrics system started (again)
2019-06-13 09:33:47,559 INFO  ozone.HddsDatanodeService (HddsDatanodeService.java:start(185)) - HddsDatanodeService host:ozone-klxsl-4228770323 ip:192.168.46.32
2019-06-13 09:33:47,570 INFO  util.JvmPauseMonitor (JvmPauseMonitor.java:run(188)) - Starting JVM pause monitor
2019-06-13 09:33:47,572 INFO  volume.HddsVolume (HddsVolume.java:<init>(176)) - Creating Volume: /opt/src/hadoop-ozone/integration-test/target/test-dir/MiniOzoneClusterImpl-f391319c-fd39-4aec-940e-c1a5352b15d7/datanode-5/data/containers/hdds of  storage type : DISK and capacity : 104021790720
2019-06-13 09:33:47,573 INFO  volume.VolumeSet (VolumeSet.java:initializeVolumeSet(170)) - Added Volume : /opt/src/hadoop-ozone/integration-test/target/test-dir/MiniOzoneClusterImpl-f391319c-fd39-4aec-940e-c1a5352b15d7/datanode-5/data/containers/hdds to VolumeSet
2019-06-13 09:33:47,573 INFO  volume.ThrottledAsyncChecker (ThrottledAsyncChecker.java:schedule(140)) - Scheduling a check for org.apache.hadoop.ozone.container.common.volume.HddsVolume@55a0f011
2019-06-13 09:33:47,574 INFO  datanode.InitDatanodeState (InitDatanodeState.java:persistContainerDatanodeDetails(140)) - DatanodeDetails is persisted to /opt/src/hadoop-ozone/integration-test/target/test-dir/MiniOzoneClusterImpl-f391319c-fd39-4aec-940e-c1a5352b15d7/datanode-4/meta/datanode.id
2019-06-13 09:33:47,575 INFO  volume.HddsVolumeChecker (HddsVolumeChecker.java:checkAllVolumes(203)) - Scheduled health check for volume org.apache.hadoop.ozone.container.common.volume.HddsVolume@55a0f011
2019-06-13 09:33:47,583 INFO  ratis.XceiverServerRatis (XceiverServerRatis.java:newXceiverServerRatis(401)) - Found a free port for the server : 34681
2019-06-13 09:33:47,586 INFO  impl.RaftServerProxy (ConfUtils.java:logGet(43)) - raft.rpc.type = GRPC (default)
2019-06-13 09:33:47,586 INFO  grpc.GrpcConfigKeys$Server (ConfUtils.java:logGet(43)) - raft.grpc.server.port = 34681 (custom)
2019-06-13 09:33:47,586 INFO  server.GrpcService (ConfUtils.java:logGet(43)) - raft.grpc.message.size.max = 33570816 (custom)
2019-06-13 09:33:47,587 INFO  server.RaftServerConfigKeys (ConfUtils.java:logGet(43)) - raft.server.log.appender.buffer.byte-limit = 33554432 (custom)
2019-06-13 09:33:47,587 INFO  server.GrpcService (ConfUtils.java:logGet(43)) - raft.grpc.flow.control.window = 1MB (=1048576) (default)
2019-06-13 09:33:47,587 INFO  server.RaftServerConfigKeys (ConfUtils.java:logGet(43)) - raft.server.rpc.request.timeout = 3000ms (default)
2019-06-13 09:33:47,587 INFO  server.RaftServerConfigKeys (ConfUtils.java:logGet(43)) - raft.server.storage.dir = [/opt/src/hadoop-ozone/integration-test/target/test-dir/MiniOzoneClusterImpl-f391319c-fd39-4aec-940e-c1a5352b15d7/datanode-5/data/ratis] (custom)
2019-06-13 09:33:47,588 INFO  server.XceiverServerGrpc (XceiverServerGrpc.java:<init>(97)) - Found a free port for the server : 36491
2019-06-13 09:33:47,588 INFO  replication.SimpleContainerDownloader (SimpleContainerDownloader.java:<init>(72)) - Starting container downloader service to copy containers to replicate.
2019-06-13 09:33:47,589 INFO  hdfs.DFSUtil (DFSUtil.java:httpServerTemplateForNNAndJN(1641)) - Starting Web-server for hddsDatanode at: http://0.0.0.0:0
2019-06-13 09:33:47,590 INFO  server.AuthenticationFilter (AuthenticationFilter.java:constructSecretProvider(240)) - Unable to initialize FileSignerSecretProvider, falling back to use random secrets.
2019-06-13 09:33:47,590 WARN  http.HttpRequestLog (HttpRequestLog.java:getRequestLog(97)) - Jetty request log can only be enabled using Log4j
2019-06-13 09:33:47,591 INFO  http.HttpServer2 (HttpServer2.java:addGlobalFilter(975)) - Added global filter 'safety' (class=org.apache.hadoop.http.HttpServer2$QuotingInputFilter)
2019-06-13 09:33:47,592 INFO  http.HttpServer2 (HttpServer2.java:addFilter(948)) - Added filter static_user_filter (class=org.apache.hadoop.http.lib.StaticUserWebFilter$StaticUserFilter) to context hddsDatanode
2019-06-13 09:33:47,592 INFO  http.HttpServer2 (HttpServer2.java:addFilter(958)) - Added filter static_user_filter (class=org.apache.hadoop.http.lib.StaticUserWebFilter$StaticUserFilter) to context logs
2019-06-13 09:33:47,592 INFO  http.HttpServer2 (HttpServer2.java:addFilter(958)) - Added filter static_user_filter (class=org.apache.hadoop.http.lib.StaticUserWebFilter$StaticUserFilter) to context static
2019-06-13 09:33:47,592 INFO  http.HttpServer2 (HttpServer2.java:bindListener(1191)) - Jetty bound to port 45745
2019-06-13 09:33:47,592 INFO  server.Server (Server.java:doStart(351)) - jetty-9.3.24.v20180605, build timestamp: 2018-06-05T17:11:56Z, git hash: 84205aa28f11a4f31f2a3b86d1bba2cc8ab69827
2019-06-13 09:33:47,606 INFO  handler.ContextHandler (ContextHandler.java:doStart(781)) - Started o.e.j.s.ServletContextHandler@23e61112{/logs,file:///opt/src/hadoop-ozone/integration-test/target/log,AVAILABLE}
2019-06-13 09:33:47,606 INFO  handler.ContextHandler (ContextHandler.java:doStart(781)) - Started o.e.j.s.ServletContextHandler@61b60600{/static,jar:file:/root/.m2/repository/org/apache/hadoop/hadoop-hdds-container-service/0.5.0-SNAPSHOT/hadoop-hdds-container-service-0.5.0-SNAPSHOT.jar!/webapps/static,AVAILABLE}
2019-06-13 09:33:47,630 INFO  handler.ContextHandler (ContextHandler.java:doStart(781)) - Started o.e.j.w.WebAppContext@245cb8df{/,file:///tmp/jetty-0.0.0.0-45745-hddsDatanode-_-any-1516390987053809951.dir/webapp/,AVAILABLE}{/hddsDatanode}
2019-06-13 09:33:47,631 INFO  server.AbstractConnector (AbstractConnector.java:doStart(278)) - Started ServerConnector@26b3c9a2{HTTP/1.1,[http/1.1]}{0.0.0.0:45745}
2019-06-13 09:33:47,631 INFO  server.Server (Server.java:doStart(419)) - Started @4888ms
2019-06-13 09:33:47,632 INFO  server.BaseHttpServer (BaseHttpServer.java:updateConnectorAddress(207)) - HTTP server of HDDSDATANODE is listening at http://0.0.0.0:45745
2019-06-13 09:33:47,767 INFO  ozone.HddsDatanodeService (HddsDatanodeService.java:startPlugins(396)) - Started plug-in org.apache.hadoop.ozone.web.OzoneHddsDatanodeService@4662752a
2019-06-13 09:33:47,768 INFO  ozone.MiniOzoneClusterImpl (MiniOzoneClusterImpl.java:lambda$waitForClusterToBeReady$0(142)) - Waiting for cluster to be ready. Got 0 of 6 DN Heartbeats.
2019-06-13 09:33:47,770 INFO  util.JvmPauseMonitor (JvmPauseMonitor.java:run(188)) - Starting JVM pause monitor
2019-06-13 09:33:47,772 INFO  datanode.InitDatanodeState (InitDatanodeState.java:persistContainerDatanodeDetails(140)) - DatanodeDetails is persisted to /opt/src/hadoop-ozone/integration-test/target/test-dir/MiniOzoneClusterImpl-f391319c-fd39-4aec-940e-c1a5352b15d7/datanode-5/meta/datanode.id
2019-06-13 09:33:48,768 INFO  ozone.MiniOzoneClusterImpl (MiniOzoneClusterImpl.java:lambda$waitForClusterToBeReady$0(142)) - Waiting for cluster to be ready. Got 0 of 6 DN Heartbeats.
2019-06-13 09:33:48,814 INFO  ozoneimpl.OzoneContainer (OzoneContainer.java:start(186)) - Attempting to start container services.
2019-06-13 09:33:48,814 INFO  ozoneimpl.OzoneContainer (OzoneContainer.java:startContainerScrub(160)) - Background container scrubber has been disabled by hdds.containerscrub.enabled
2019-06-13 09:33:48,815 INFO  ratis.XceiverServerRatis (XceiverServerRatis.java:start(418)) - Starting XceiverServerRatis 87157fdf-aa89-4c1e-bd64-951a415bebc0 at port 38405
2019-06-13 09:33:48,827 INFO  impl.RaftServerProxy (RaftServerProxy.java:lambda$start$3(299)) - 87157fdf-aa89-4c1e-bd64-951a415bebc0: start RPC server
2019-06-13 09:33:48,937 INFO  server.GrpcService (GrpcService.java:startImpl(148)) - 87157fdf-aa89-4c1e-bd64-951a415bebc0: GrpcService started, listening on 0.0.0.0/0.0.0.0:38405
2019-06-13 09:33:48,997 INFO  ozoneimpl.OzoneContainer (OzoneContainer.java:start(186)) - Attempting to start container services.
2019-06-13 09:33:48,997 INFO  ozoneimpl.OzoneContainer (OzoneContainer.java:startContainerScrub(160)) - Background container scrubber has been disabled by hdds.containerscrub.enabled
2019-06-13 09:33:48,997 INFO  ratis.XceiverServerRatis (XceiverServerRatis.java:start(418)) - Starting XceiverServerRatis 5ddc816c-6562-4154-9025-2f9f2b0347fc at port 45149
2019-06-13 09:33:49,003 INFO  impl.RaftServerProxy (RaftServerProxy.java:lambda$start$3(299)) - 5ddc816c-6562-4154-9025-2f9f2b0347fc: start RPC server
2019-06-13 09:33:49,006 INFO  server.GrpcService (GrpcService.java:startImpl(148)) - 5ddc816c-6562-4154-9025-2f9f2b0347fc: GrpcService started, listening on 0.0.0.0/0.0.0.0:45149
2019-06-13 09:33:49,211 INFO  ozoneimpl.OzoneContainer (OzoneContainer.java:start(186)) - Attempting to start container services.
2019-06-13 09:33:49,212 INFO  ozoneimpl.OzoneContainer (OzoneContainer.java:startContainerScrub(160)) - Background container scrubber has been disabled by hdds.containerscrub.enabled
2019-06-13 09:33:49,212 INFO  ratis.XceiverServerRatis (XceiverServerRatis.java:start(418)) - Starting XceiverServerRatis 4b3fc15d-0c96-4d11-b908-36ab74ff70c3 at port 43743
2019-06-13 09:33:49,220 INFO  impl.RaftServerProxy (RaftServerProxy.java:lambda$start$3(299)) - 4b3fc15d-0c96-4d11-b908-36ab74ff70c3: start RPC server
2019-06-13 09:33:49,222 INFO  server.GrpcService (GrpcService.java:startImpl(148)) - 4b3fc15d-0c96-4d11-b908-36ab74ff70c3: GrpcService started, listening on 0.0.0.0/0.0.0.0:43743
2019-06-13 09:33:49,406 INFO  ozoneimpl.OzoneContainer (OzoneContainer.java:start(186)) - Attempting to start container services.
2019-06-13 09:33:49,408 INFO  ozoneimpl.OzoneContainer (OzoneContainer.java:startContainerScrub(160)) - Background container scrubber has been disabled by hdds.containerscrub.enabled
2019-06-13 09:33:49,408 INFO  ratis.XceiverServerRatis (XceiverServerRatis.java:start(418)) - Starting XceiverServerRatis 9775cc78-2c89-4a13-92bf-b6c7d1412791 at port 45007
2019-06-13 09:33:49,414 INFO  impl.RaftServerProxy (RaftServerProxy.java:lambda$start$3(299)) - 9775cc78-2c89-4a13-92bf-b6c7d1412791: start RPC server
2019-06-13 09:33:49,416 INFO  server.GrpcService (GrpcService.java:startImpl(148)) - 9775cc78-2c89-4a13-92bf-b6c7d1412791: GrpcService started, listening on 0.0.0.0/0.0.0.0:45007
2019-06-13 09:33:49,573 INFO  ozoneimpl.OzoneContainer (OzoneContainer.java:start(186)) - Attempting to start container services.
2019-06-13 09:33:49,575 INFO  ozoneimpl.OzoneContainer (OzoneContainer.java:startContainerScrub(160)) - Background container scrubber has been disabled by hdds.containerscrub.enabled
2019-06-13 09:33:49,575 INFO  ratis.XceiverServerRatis (XceiverServerRatis.java:start(418)) - Starting XceiverServerRatis a9fd369b-06d9-4c8a-a227-7b28544dbd10 at port 39567
2019-06-13 09:33:49,578 INFO  impl.RaftServerProxy (RaftServerProxy.java:lambda$start$3(299)) - a9fd369b-06d9-4c8a-a227-7b28544dbd10: start RPC server
2019-06-13 09:33:49,580 INFO  server.GrpcService (GrpcService.java:startImpl(148)) - a9fd369b-06d9-4c8a-a227-7b28544dbd10: GrpcService started, listening on 0.0.0.0/0.0.0.0:39567
2019-06-13 09:33:49,768 INFO  ozone.MiniOzoneClusterImpl (MiniOzoneClusterImpl.java:lambda$waitForClusterToBeReady$0(142)) - Waiting for cluster to be ready. Got 0 of 6 DN Heartbeats.
2019-06-13 09:33:49,774 INFO  ozoneimpl.OzoneContainer (OzoneContainer.java:start(186)) - Attempting to start container services.
2019-06-13 09:33:49,776 INFO  ozoneimpl.OzoneContainer (OzoneContainer.java:startContainerScrub(160)) - Background container scrubber has been disabled by hdds.containerscrub.enabled
2019-06-13 09:33:49,776 INFO  ratis.XceiverServerRatis (XceiverServerRatis.java:start(418)) - Starting XceiverServerRatis 04e16cb4-262b-4cb6-9b48-233a353eed6a at port 34681
2019-06-13 09:33:49,780 INFO  impl.RaftServerProxy (RaftServerProxy.java:lambda$start$3(299)) - 04e16cb4-262b-4cb6-9b48-233a353eed6a: start RPC server
2019-06-13 09:33:49,782 INFO  server.GrpcService (GrpcService.java:startImpl(148)) - 04e16cb4-262b-4cb6-9b48-233a353eed6a: GrpcService started, listening on 0.0.0.0/0.0.0.0:34681
2019-06-13 09:33:50,769 INFO  ozone.MiniOzoneClusterImpl (MiniOzoneClusterImpl.java:lambda$waitForClusterToBeReady$0(142)) - Waiting for cluster to be ready. Got 0 of 6 DN Heartbeats.
2019-06-13 09:33:50,816 INFO  node.SCMNodeManager (SCMNodeManager.java:register(234)) - Registered Data node : 87157fdf-aa89-4c1e-bd64-951a415bebc0{ip: 192.168.46.32, host: ozone-klxsl-4228770323, networkLocation: /default-rack, certSerialId: null}
2019-06-13 09:33:50,819 INFO  safemode.SCMSafeModeManager (DataNodeSafeModeRule.java:process(71)) - SCM in safe mode. 1 DataNodes registered, 1 required.
2019-06-13 09:33:50,819 INFO  safemode.SCMSafeModeManager (SCMSafeModeManager.java:validateSafeModeExitRules(177)) - ScmSafeModeManager, all rules are successfully validated
2019-06-13 09:33:50,819 INFO  safemode.SCMSafeModeManager (SCMSafeModeManager.java:exitSafeMode(193)) - SCM exiting safe mode.
2019-06-13 09:33:50,994 INFO  node.SCMNodeManager (SCMNodeManager.java:register(234)) - Registered Data node : 5ddc816c-6562-4154-9025-2f9f2b0347fc{ip: 192.168.46.32, host: ozone-klxsl-4228770323, networkLocation: /default-rack, certSerialId: null}
2019-06-13 09:33:51,162 INFO  impl.RaftServerProxy (RaftServerProxy.java:addNew(89)) - 87157fdf-aa89-4c1e-bd64-951a415bebc0: addNew group-17DEEA1AF299:[87157fdf-aa89-4c1e-bd64-951a415bebc0:192.168.46.32:38405] returns group-17DEEA1AF299:java.util.concurrent.CompletableFuture@7778cdae[Not completed]
2019-06-13 09:33:51,167 INFO  impl.RaftServerImpl (RaftServerImpl.java:<init>(91)) - 87157fdf-aa89-4c1e-bd64-951a415bebc0: new RaftServerImpl for group-17DEEA1AF299:[87157fdf-aa89-4c1e-bd64-951a415bebc0:192.168.46.32:38405] with ContainerStateMachine:uninitialized
2019-06-13 09:33:51,168 INFO  server.RaftServerConfigKeys (ConfUtils.java:logGet(43)) - raft.server.rpc.timeout.min = 1s (custom)
2019-06-13 09:33:51,168 INFO  server.RaftServerConfigKeys (ConfUtils.java:logGet(43)) - raft.server.rpc.timeout.max = 1200ms (custom)
2019-06-13 09:33:51,168 INFO  server.RaftServerConfigKeys (ConfUtils.java:logGet(43)) - raft.server.rpcslowness.timeout = 10s (custom)
2019-06-13 09:33:51,169 INFO  server.RaftServerConfigKeys (ConfUtils.java:logGet(43)) - raft.server.log.appender.install.snapshot.enabled = true (default)
2019-06-13 09:33:51,173 INFO  impl.RaftServerImpl (ServerState.java:<init>(101)) - 87157fdf-aa89-4c1e-bd64-951a415bebc0:group-17DEEA1AF299 ConfigurationManager, init=-1: [87157fdf-aa89-4c1e-bd64-951a415bebc0:192.168.46.32:38405], old=null, confs=<EMPTY_MAP>
2019-06-13 09:33:51,174 INFO  server.RaftServerConfigKeys (ConfUtils.java:logGet(43)) - raft.server.storage.dir = [/opt/src/hadoop-ozone/integration-test/target/test-dir/MiniOzoneClusterImpl-f391319c-fd39-4aec-940e-c1a5352b15d7/datanode-0/data/ratis] (custom)
2019-06-13 09:33:51,178 INFO  storage.RaftStorageDirectory (RaftStorageDirectory.java:analyzeStorage(246)) - The storage directory /opt/src/hadoop-ozone/integration-test/target/test-dir/MiniOzoneClusterImpl-f391319c-fd39-4aec-940e-c1a5352b15d7/datanode-0/data/ratis/f4939b67-9d47-4ed5-88e6-17deea1af299 does not exist. Creating ...
2019-06-13 09:33:51,183 INFO  storage.RaftStorageDirectory (RaftStorageDirectory.java:tryLock(328)) - Lock on /opt/src/hadoop-ozone/integration-test/target/test-dir/MiniOzoneClusterImpl-f391319c-fd39-4aec-940e-c1a5352b15d7/datanode-0/data/ratis/f4939b67-9d47-4ed5-88e6-17deea1af299/in_use.lock acquired by nodename 10120@ozone-klxsl-4228770323
2019-06-13 09:33:51,186 INFO  storage.RaftStorage (RaftStorage.java:format(75)) - Storage directory /opt/src/hadoop-ozone/integration-test/target/test-dir/MiniOzoneClusterImpl-f391319c-fd39-4aec-940e-c1a5352b15d7/datanode-0/data/ratis/f4939b67-9d47-4ed5-88e6-17deea1af299 has been successfully formatted.
2019-06-13 09:33:51,187 INFO  ratis.ContainerStateMachine (ContainerStateMachine.java:loadSnapshot(199)) - The snapshot info is null.Setting the last applied index to:(t:0, i:~)
2019-06-13 09:33:51,187 INFO  server.RaftServerConfigKeys (ConfUtils.java:logGet(43)) - raft.server.leader.election.timeout = 10s (custom)
2019-06-13 09:33:51,312 INFO  server.RaftServerConfigKeys (ConfUtils.java:logGet(43)) - raft.server.log.use.memory = false (default)
2019-06-13 09:33:51,314 INFO  node.SCMNodeManager (SCMNodeManager.java:register(234)) - Registered Data node : 4b3fc15d-0c96-4d11-b908-36ab74ff70c3{ip: 192.168.46.32, host: ozone-klxsl-4228770323, networkLocation: /default-rack, certSerialId: null}
2019-06-13 09:33:51,315 INFO  server.RaftServerConfigKeys (ConfUtils.java:logGet(43)) - raft.server.log.appender.buffer.byte-limit = 33554432 (custom)
2019-06-13 09:33:51,318 INFO  server.RaftServerConfigKeys (ConfUtils.java:logGet(43)) - raft.server.log.segment.size.max = 16384 (custom)
2019-06-13 09:33:51,321 INFO  server.RaftServerConfigKeys (ConfUtils.java:logGet(43)) - raft.server.log.segment.cache.num.max = 2 (custom)
2019-06-13 09:33:51,324 INFO  storage.RaftLogWorker (RaftLogWorker.java:<init>(123)) - new 87157fdf-aa89-4c1e-bd64-951a415bebc0-RaftLogWorker for Storage Directory /opt/src/hadoop-ozone/integration-test/target/test-dir/MiniOzoneClusterImpl-f391319c-fd39-4aec-940e-c1a5352b15d7/datanode-0/data/ratis/f4939b67-9d47-4ed5-88e6-17deea1af299
2019-06-13 09:33:51,324 INFO  server.RaftServerConfigKeys (ConfUtils.java:logGet(43)) - raft.server.log.queue.byte-limit = 2147483647 (custom)
2019-06-13 09:33:51,324 INFO  server.RaftServerConfigKeys (ConfUtils.java:logGet(43)) - raft.server.log.queue.element-limit = 1024 (custom)
2019-06-13 09:33:51,326 INFO  server.RaftServerConfigKeys (ConfUtils.java:logGet(43)) - raft.server.log.segment.size.max = 16384 (custom)
2019-06-13 09:33:51,326 INFO  server.RaftServerConfigKeys (ConfUtils.java:logGet(43)) - raft.server.log.preallocated.size = 16384 (custom)
2019-06-13 09:33:51,327 INFO  server.RaftServerConfigKeys (ConfUtils.java:logGet(43)) - raft.server.log.write.buffer.size = 33554432 (custom)
2019-06-13 09:33:51,327 INFO  server.RaftServerConfigKeys (ConfUtils.java:logGet(43)) - raft.server.log.force.sync.num = 128 (default)
2019-06-13 09:33:51,328 INFO  server.RaftServerConfigKeys (ConfUtils.java:logGet(43)) - raft.server.log.statemachine.data.sync = true (default)
2019-06-13 09:33:51,328 INFO  server.RaftServerConfigKeys (ConfUtils.java:logGet(43)) - raft.server.log.statemachine.data.sync.timeout = 10s (default)
2019-06-13 09:33:51,328 INFO  server.RaftServerConfigKeys (ConfUtils.java:logGet(43)) - raft.server.log.statemachine.data.sync.timeout.retry = -1 (default)
2019-06-13 09:33:51,330 INFO  server.RaftServerConfigKeys (ConfUtils.java:logGet(43)) - raft.server.log.statemachine.data.caching.enabled = true (custom)
2019-06-13 09:33:51,338 INFO  server.RaftServerConfigKeys (ConfUtils.java:logGet(43)) - raft.server.snapshot.auto.trigger.enabled = true (custom)
2019-06-13 09:33:51,338 INFO  server.RaftServerConfigKeys (ConfUtils.java:logGet(43)) - raft.server.snapshot.auto.trigger.threshold = 10000 (custom)
2019-06-13 09:33:51,339 INFO  server.RaftServerConfigKeys (ConfUtils.java:logGet(43)) - raft.server.retrycache.expirytime = 600000ms (custom)
2019-06-13 09:33:51,352 INFO  impl.RaftServerImpl (RaftServerImpl.java:start(173)) - 87157fdf-aa89-4c1e-bd64-951a415bebc0: start group-17DEEA1AF299
2019-06-13 09:33:51,353 INFO  impl.RaftServerImpl (RaftServerImpl.java:setRole(164)) - 87157fdf-aa89-4c1e-bd64-951a415bebc0:group-17DEEA1AF299 changes role from null to FOLLOWER at term 0 for startAsFollower
2019-06-13 09:33:51,354 INFO  impl.RoleInfo (RoleInfo.java:updateAndGet(143)) - 87157fdf-aa89-4c1e-bd64-951a415bebc0: start FollowerState
2019-06-13 09:33:51,356 INFO  util.JmxRegister (JmxRegister.java:tryRegister(44)) - Successfully registered JMX Bean with object name Ratis:service=RaftServer,group=group-17DEEA1AF299,id=87157fdf-aa89-4c1e-bd64-951a415bebc0
2019-06-13 09:33:51,398 INFO  pipeline.PipelineStateManager (PipelineStateManager.java:addPipeline(56)) - Created pipeline Pipeline[ Id: f4939b67-9d47-4ed5-88e6-17deea1af299, Nodes: 87157fdf-aa89-4c1e-bd64-951a415bebc0{ip: 192.168.46.32, host: ozone-klxsl-4228770323, networkLocation: /default-rack, certSerialId: null}, Type:RATIS, Factor:ONE, State:OPEN]
2019-06-13 09:33:51,407 INFO  node.SCMNodeManager (SCMNodeManager.java:register(234)) - Registered Data node : 9775cc78-2c89-4a13-92bf-b6c7d1412791{ip: 192.168.46.32, host: ozone-klxsl-4228770323, networkLocation: /default-rack, certSerialId: null}
2019-06-13 09:33:51,416 INFO  impl.RaftServerProxy (RaftServerProxy.java:addNew(89)) - 5ddc816c-6562-4154-9025-2f9f2b0347fc: addNew group-2F79D0E9BD57:[5ddc816c-6562-4154-9025-2f9f2b0347fc:192.168.46.32:45149] returns group-2F79D0E9BD57:java.util.concurrent.CompletableFuture@329fce32[Not completed]
2019-06-13 09:33:51,417 INFO  impl.RaftServerImpl (RaftServerImpl.java:<init>(91)) - 5ddc816c-6562-4154-9025-2f9f2b0347fc: new RaftServerImpl for group-2F79D0E9BD57:[5ddc816c-6562-4154-9025-2f9f2b0347fc:192.168.46.32:45149] with ContainerStateMachine:uninitialized
2019-06-13 09:33:51,418 INFO  server.RaftServerConfigKeys (ConfUtils.java:logGet(43)) - raft.server.rpc.timeout.min = 1s (custom)
2019-06-13 09:33:51,418 INFO  server.RaftServerConfigKeys (ConfUtils.java:logGet(43)) - raft.server.rpc.timeout.max = 1200ms (custom)
2019-06-13 09:33:51,418 INFO  server.RaftServerConfigKeys (ConfUtils.java:logGet(43)) - raft.server.rpcslowness.timeout = 10s (custom)
2019-06-13 09:33:51,418 INFO  server.RaftServerConfigKeys (ConfUtils.java:logGet(43)) - raft.server.log.appender.install.snapshot.enabled = true (default)
2019-06-13 09:33:51,418 INFO  impl.RaftServerImpl (ServerState.java:<init>(101)) - 5ddc816c-6562-4154-9025-2f9f2b0347fc:group-2F79D0E9BD57 ConfigurationManager, init=-1: [5ddc816c-6562-4154-9025-2f9f2b0347fc:192.168.46.32:45149], old=null, confs=<EMPTY_MAP>
2019-06-13 09:33:51,418 INFO  server.RaftServerConfigKeys (ConfUtils.java:logGet(43)) - raft.server.storage.dir = [/opt/src/hadoop-ozone/integration-test/target/test-dir/MiniOzoneClusterImpl-f391319c-fd39-4aec-940e-c1a5352b15d7/datanode-1/data/ratis] (custom)
2019-06-13 09:33:51,419 INFO  storage.RaftStorageDirectory (RaftStorageDirectory.java:analyzeStorage(246)) - The storage directory /opt/src/hadoop-ozone/integration-test/target/test-dir/MiniOzoneClusterImpl-f391319c-fd39-4aec-940e-c1a5352b15d7/datanode-1/data/ratis/f5df36e5-e7b1-4d28-8581-2f79d0e9bd57 does not exist. Creating ...
2019-06-13 09:33:51,421 INFO  storage.RaftStorageDirectory (RaftStorageDirectory.java:tryLock(328)) - Lock on /opt/src/hadoop-ozone/integration-test/target/test-dir/MiniOzoneClusterImpl-f391319c-fd39-4aec-940e-c1a5352b15d7/datanode-1/data/ratis/f5df36e5-e7b1-4d28-8581-2f79d0e9bd57/in_use.lock acquired by nodename 10120@ozone-klxsl-4228770323
2019-06-13 09:33:51,423 INFO  storage.RaftStorage (RaftStorage.java:format(75)) - Storage directory /opt/src/hadoop-ozone/integration-test/target/test-dir/MiniOzoneClusterImpl-f391319c-fd39-4aec-940e-c1a5352b15d7/datanode-1/data/ratis/f5df36e5-e7b1-4d28-8581-2f79d0e9bd57 has been successfully formatted.
2019-06-13 09:33:51,423 INFO  ratis.ContainerStateMachine (ContainerStateMachine.java:loadSnapshot(199)) - The snapshot info is null.Setting the last applied index to:(t:0, i:~)
2019-06-13 09:33:51,423 INFO  server.RaftServerConfigKeys (ConfUtils.java:logGet(43)) - raft.server.leader.election.timeout = 10s (custom)
2019-06-13 09:33:51,423 INFO  server.RaftServerConfigKeys (ConfUtils.java:logGet(43)) - raft.server.log.use.memory = false (default)
2019-06-13 09:33:51,423 INFO  server.RaftServerConfigKeys (ConfUtils.java:logGet(43)) - raft.server.log.appender.buffer.byte-limit = 33554432 (custom)
2019-06-13 09:33:51,423 INFO  server.RaftServerConfigKeys (ConfUtils.java:logGet(43)) - raft.server.log.segment.size.max = 16384 (custom)
2019-06-13 09:33:51,424 INFO  server.RaftServerConfigKeys (ConfUtils.java:logGet(43)) - raft.server.log.segment.cache.num.max = 2 (custom)
2019-06-13 09:33:51,424 INFO  storage.RaftLogWorker (RaftLogWorker.java:<init>(123)) - new 5ddc816c-6562-4154-9025-2f9f2b0347fc-RaftLogWorker for Storage Directory /opt/src/hadoop-ozone/integration-test/target/test-dir/MiniOzoneClusterImpl-f391319c-fd39-4aec-940e-c1a5352b15d7/datanode-1/data/ratis/f5df36e5-e7b1-4d28-8581-2f79d0e9bd57
2019-06-13 09:33:51,425 INFO  server.RaftServerConfigKeys (ConfUtils.java:logGet(43)) - raft.server.log.queue.byte-limit = 2147483647 (custom)
2019-06-13 09:33:51,425 INFO  server.RaftServerConfigKeys (ConfUtils.java:logGet(43)) - raft.server.log.queue.element-limit = 1024 (custom)
2019-06-13 09:33:51,425 INFO  server.RaftServerConfigKeys (ConfUtils.java:logGet(43)) - raft.server.log.segment.size.max = 16384 (custom)
2019-06-13 09:33:51,425 INFO  server.RaftServerConfigKeys (ConfUtils.java:logGet(43)) - raft.server.log.preallocated.size = 16384 (custom)
2019-06-13 09:33:51,425 INFO  server.RaftServerConfigKeys (ConfUtils.java:logGet(43)) - raft.server.log.write.buffer.size = 33554432 (custom)
2019-06-13 09:33:51,425 INFO  server.RaftServerConfigKeys (ConfUtils.java:logGet(43)) - raft.server.log.force.sync.num = 128 (default)
2019-06-13 09:33:51,425 INFO  server.RaftServerConfigKeys (ConfUtils.java:logGet(43)) - raft.server.log.statemachine.data.sync = true (default)
2019-06-13 09:33:51,425 INFO  server.RaftServerConfigKeys (ConfUtils.java:logGet(43)) - raft.server.log.statemachine.data.sync.timeout = 10s (default)
2019-06-13 09:33:51,425 INFO  server.RaftServerConfigKeys (ConfUtils.java:logGet(43)) - raft.server.log.statemachine.data.sync.timeout.retry = -1 (default)
2019-06-13 09:33:51,425 INFO  server.RaftServerConfigKeys (ConfUtils.java:logGet(43)) - raft.server.log.statemachine.data.caching.enabled = true (custom)
2019-06-13 09:33:51,426 INFO  server.RaftServerConfigKeys (ConfUtils.java:logGet(43)) - raft.server.snapshot.auto.trigger.enabled = true (custom)
2019-06-13 09:33:51,426 INFO  server.RaftServerConfigKeys (ConfUtils.java:logGet(43)) - raft.server.snapshot.auto.trigger.threshold = 10000 (custom)
2019-06-13 09:33:51,426 INFO  server.RaftServerConfigKeys (ConfUtils.java:logGet(43)) - raft.server.retrycache.expirytime = 600000ms (custom)
2019-06-13 09:33:51,426 INFO  impl.RaftServerImpl (RaftServerImpl.java:start(173)) - 5ddc816c-6562-4154-9025-2f9f2b0347fc: start group-2F79D0E9BD57
2019-06-13 09:33:51,427 INFO  impl.RaftServerImpl (RaftServerImpl.java:setRole(164)) - 5ddc816c-6562-4154-9025-2f9f2b0347fc:group-2F79D0E9BD57 changes role from null to FOLLOWER at term 0 for startAsFollower
2019-06-13 09:33:51,427 INFO  impl.RoleInfo (RoleInfo.java:updateAndGet(143)) - 5ddc816c-6562-4154-9025-2f9f2b0347fc: start FollowerState
2019-06-13 09:33:51,428 INFO  util.JmxRegister (JmxRegister.java:tryRegister(44)) - Successfully registered JMX Bean with object name Ratis:service=RaftServer,group=group-2F79D0E9BD57,id=5ddc816c-6562-4154-9025-2f9f2b0347fc
2019-06-13 09:33:51,438 INFO  pipeline.PipelineStateManager (PipelineStateManager.java:addPipeline(56)) - Created pipeline Pipeline[ Id: f5df36e5-e7b1-4d28-8581-2f79d0e9bd57, Nodes: 5ddc816c-6562-4154-9025-2f9f2b0347fc{ip: 192.168.46.32, host: ozone-klxsl-4228770323, networkLocation: /default-rack, certSerialId: null}, Type:RATIS, Factor:ONE, State:OPEN]
2019-06-13 09:33:51,451 INFO  impl.RaftServerProxy (RaftServerProxy.java:addNew(89)) - 4b3fc15d-0c96-4d11-b908-36ab74ff70c3: addNew group-5EBA785E521D:[4b3fc15d-0c96-4d11-b908-36ab74ff70c3:192.168.46.32:43743] returns group-5EBA785E521D:java.util.concurrent.CompletableFuture@21792bad[Not completed]
2019-06-13 09:33:51,474 INFO  impl.RaftServerImpl (RaftServerImpl.java:<init>(91)) - 4b3fc15d-0c96-4d11-b908-36ab74ff70c3: new RaftServerImpl for group-5EBA785E521D:[4b3fc15d-0c96-4d11-b908-36ab74ff70c3:192.168.46.32:43743] with ContainerStateMachine:uninitialized
2019-06-13 09:33:51,474 INFO  server.RaftServerConfigKeys (ConfUtils.java:logGet(43)) - raft.server.rpc.timeout.min = 1s (custom)
2019-06-13 09:33:51,475 INFO  server.RaftServerConfigKeys (ConfUtils.java:logGet(43)) - raft.server.rpc.timeout.max = 1200ms (custom)
2019-06-13 09:33:51,475 INFO  server.RaftServerConfigKeys (ConfUtils.java:logGet(43)) - raft.server.rpcslowness.timeout = 10s (custom)
2019-06-13 09:33:51,475 INFO  server.RaftServerConfigKeys (ConfUtils.java:logGet(43)) - raft.server.log.appender.install.snapshot.enabled = true (default)
2019-06-13 09:33:51,475 INFO  impl.RaftServerImpl (ServerState.java:<init>(101)) - 4b3fc15d-0c96-4d11-b908-36ab74ff70c3:group-5EBA785E521D ConfigurationManager, init=-1: [4b3fc15d-0c96-4d11-b908-36ab74ff70c3:192.168.46.32:43743], old=null, confs=<EMPTY_MAP>
2019-06-13 09:33:51,475 INFO  server.RaftServerConfigKeys (ConfUtils.java:logGet(43)) - raft.server.storage.dir = [/opt/src/hadoop-ozone/integration-test/target/test-dir/MiniOzoneClusterImpl-f391319c-fd39-4aec-940e-c1a5352b15d7/datanode-2/data/ratis] (custom)
2019-06-13 09:33:51,475 INFO  storage.RaftStorageDirectory (RaftStorageDirectory.java:analyzeStorage(246)) - The storage directory /opt/src/hadoop-ozone/integration-test/target/test-dir/MiniOzoneClusterImpl-f391319c-fd39-4aec-940e-c1a5352b15d7/datanode-2/data/ratis/6f9693ea-8d4c-4684-8d0f-5eba785e521d does not exist. Creating ...
2019-06-13 09:33:51,478 INFO  storage.RaftStorageDirectory (RaftStorageDirectory.java:tryLock(328)) - Lock on /opt/src/hadoop-ozone/integration-test/target/test-dir/MiniOzoneClusterImpl-f391319c-fd39-4aec-940e-c1a5352b15d7/datanode-2/data/ratis/6f9693ea-8d4c-4684-8d0f-5eba785e521d/in_use.lock acquired by nodename 10120@ozone-klxsl-4228770323
2019-06-13 09:33:51,480 INFO  storage.RaftStorage (RaftStorage.java:format(75)) - Storage directory /opt/src/hadoop-ozone/integration-test/target/test-dir/MiniOzoneClusterImpl-f391319c-fd39-4aec-940e-c1a5352b15d7/datanode-2/data/ratis/6f9693ea-8d4c-4684-8d0f-5eba785e521d has been successfully formatted.
2019-06-13 09:33:51,481 INFO  ratis.ContainerStateMachine (ContainerStateMachine.java:loadSnapshot(199)) - The snapshot info is null.Setting the last applied index to:(t:0, i:~)
2019-06-13 09:33:51,482 INFO  server.RaftServerConfigKeys (ConfUtils.java:logGet(43)) - raft.server.leader.election.timeout = 10s (custom)
2019-06-13 09:33:51,482 INFO  server.RaftServerConfigKeys (ConfUtils.java:logGet(43)) - raft.server.log.use.memory = false (default)
2019-06-13 09:33:51,482 INFO  server.RaftServerConfigKeys (ConfUtils.java:logGet(43)) - raft.server.log.appender.buffer.byte-limit = 33554432 (custom)
2019-06-13 09:33:51,482 INFO  server.RaftServerConfigKeys (ConfUtils.java:logGet(43)) - raft.server.log.segment.size.max = 16384 (custom)
2019-06-13 09:33:51,482 INFO  server.RaftServerConfigKeys (ConfUtils.java:logGet(43)) - raft.server.log.segment.cache.num.max = 2 (custom)
2019-06-13 09:33:51,482 INFO  storage.RaftLogWorker (RaftLogWorker.java:<init>(123)) - new 4b3fc15d-0c96-4d11-b908-36ab74ff70c3-RaftLogWorker for Storage Directory /opt/src/hadoop-ozone/integration-test/target/test-dir/MiniOzoneClusterImpl-f391319c-fd39-4aec-940e-c1a5352b15d7/datanode-2/data/ratis/6f9693ea-8d4c-4684-8d0f-5eba785e521d
2019-06-13 09:33:51,483 INFO  server.RaftServerConfigKeys (ConfUtils.java:logGet(43)) - raft.server.log.queue.byte-limit = 2147483647 (custom)
2019-06-13 09:33:51,483 INFO  server.RaftServerConfigKeys (ConfUtils.java:logGet(43)) - raft.server.log.queue.element-limit = 1024 (custom)
2019-06-13 09:33:51,483 INFO  server.RaftServerConfigKeys (ConfUtils.java:logGet(43)) - raft.server.log.segment.size.max = 16384 (custom)
2019-06-13 09:33:51,483 INFO  server.RaftServerConfigKeys (ConfUtils.java:logGet(43)) - raft.server.log.preallocated.size = 16384 (custom)
2019-06-13 09:33:51,483 INFO  server.RaftServerConfigKeys (ConfUtils.java:logGet(43)) - raft.server.log.write.buffer.size = 33554432 (custom)
2019-06-13 09:33:51,483 INFO  server.RaftServerConfigKeys (ConfUtils.java:logGet(43)) - raft.server.log.force.sync.num = 128 (default)
2019-06-13 09:33:51,483 INFO  server.RaftServerConfigKeys (ConfUtils.java:logGet(43)) - raft.server.log.statemachine.data.sync = true (default)
2019-06-13 09:33:51,483 INFO  server.RaftServerConfigKeys (ConfUtils.java:logGet(43)) - raft.server.log.statemachine.data.sync.timeout = 10s (default)
2019-06-13 09:33:51,483 INFO  server.RaftServerConfigKeys (ConfUtils.java:logGet(43)) - raft.server.log.statemachine.data.sync.timeout.retry = -1 (default)
2019-06-13 09:33:51,483 INFO  server.RaftServerConfigKeys (ConfUtils.java:logGet(43)) - raft.server.log.statemachine.data.caching.enabled = true (custom)
2019-06-13 09:33:51,484 INFO  server.RaftServerConfigKeys (ConfUtils.java:logGet(43)) - raft.server.snapshot.auto.trigger.enabled = true (custom)
2019-06-13 09:33:51,484 INFO  server.RaftServerConfigKeys (ConfUtils.java:logGet(43)) - raft.server.snapshot.auto.trigger.threshold = 10000 (custom)
2019-06-13 09:33:51,484 INFO  server.RaftServerConfigKeys (ConfUtils.java:logGet(43)) - raft.server.retrycache.expirytime = 600000ms (custom)
2019-06-13 09:33:51,484 INFO  impl.RaftServerImpl (RaftServerImpl.java:start(173)) - 4b3fc15d-0c96-4d11-b908-36ab74ff70c3: start group-5EBA785E521D
2019-06-13 09:33:51,484 INFO  impl.RaftServerImpl (RaftServerImpl.java:setRole(164)) - 4b3fc15d-0c96-4d11-b908-36ab74ff70c3:group-5EBA785E521D changes role from null to FOLLOWER at term 0 for startAsFollower
2019-06-13 09:33:51,484 INFO  impl.RoleInfo (RoleInfo.java:updateAndGet(143)) - 4b3fc15d-0c96-4d11-b908-36ab74ff70c3: start FollowerState
2019-06-13 09:33:51,484 INFO  util.JmxRegister (JmxRegister.java:tryRegister(44)) - Successfully registered JMX Bean with object name Ratis:service=RaftServer,group=group-5EBA785E521D,id=4b3fc15d-0c96-4d11-b908-36ab74ff70c3
2019-06-13 09:33:51,491 INFO  pipeline.PipelineStateManager (PipelineStateManager.java:addPipeline(56)) - Created pipeline Pipeline[ Id: 6f9693ea-8d4c-4684-8d0f-5eba785e521d, Nodes: 4b3fc15d-0c96-4d11-b908-36ab74ff70c3{ip: 192.168.46.32, host: ozone-klxsl-4228770323, networkLocation: /default-rack, certSerialId: null}, Type:RATIS, Factor:ONE, State:OPEN]
2019-06-13 09:33:51,505 INFO  impl.RaftServerProxy (RaftServerProxy.java:addNew(89)) - 9775cc78-2c89-4a13-92bf-b6c7d1412791: addNew group-FC03E5839E96:[9775cc78-2c89-4a13-92bf-b6c7d1412791:192.168.46.32:45007] returns group-FC03E5839E96:java.util.concurrent.CompletableFuture@7929acee[Not completed]
2019-06-13 09:33:51,510 INFO  impl.RaftServerImpl (RaftServerImpl.java:<init>(91)) - 9775cc78-2c89-4a13-92bf-b6c7d1412791: new RaftServerImpl for group-FC03E5839E96:[9775cc78-2c89-4a13-92bf-b6c7d1412791:192.168.46.32:45007] with ContainerStateMachine:uninitialized
2019-06-13 09:33:51,510 INFO  server.RaftServerConfigKeys (ConfUtils.java:logGet(43)) - raft.server.rpc.timeout.min = 1s (custom)
2019-06-13 09:33:51,510 INFO  server.RaftServerConfigKeys (ConfUtils.java:logGet(43)) - raft.server.rpc.timeout.max = 1200ms (custom)
2019-06-13 09:33:51,510 INFO  server.RaftServerConfigKeys (ConfUtils.java:logGet(43)) - raft.server.rpcslowness.timeout = 10s (custom)
2019-06-13 09:33:51,510 INFO  server.RaftServerConfigKeys (ConfUtils.java:logGet(43)) - raft.server.log.appender.install.snapshot.enabled = true (default)
2019-06-13 09:33:51,510 INFO  impl.RaftServerImpl (ServerState.java:<init>(101)) - 9775cc78-2c89-4a13-92bf-b6c7d1412791:group-FC03E5839E96 ConfigurationManager, init=-1: [9775cc78-2c89-4a13-92bf-b6c7d1412791:192.168.46.32:45007], old=null, confs=<EMPTY_MAP>
2019-06-13 09:33:51,511 INFO  server.RaftServerConfigKeys (ConfUtils.java:logGet(43)) - raft.server.storage.dir = [/opt/src/hadoop-ozone/integration-test/target/test-dir/MiniOzoneClusterImpl-f391319c-fd39-4aec-940e-c1a5352b15d7/datanode-3/data/ratis] (custom)
2019-06-13 09:33:51,511 INFO  storage.RaftStorageDirectory (RaftStorageDirectory.java:analyzeStorage(246)) - The storage directory /opt/src/hadoop-ozone/integration-test/target/test-dir/MiniOzoneClusterImpl-f391319c-fd39-4aec-940e-c1a5352b15d7/datanode-3/data/ratis/f79464ce-ed27-40c6-be37-fc03e5839e96 does not exist. Creating ...
2019-06-13 09:33:51,513 INFO  storage.RaftStorageDirectory (RaftStorageDirectory.java:tryLock(328)) - Lock on /opt/src/hadoop-ozone/integration-test/target/test-dir/MiniOzoneClusterImpl-f391319c-fd39-4aec-940e-c1a5352b15d7/datanode-3/data/ratis/f79464ce-ed27-40c6-be37-fc03e5839e96/in_use.lock acquired by nodename 10120@ozone-klxsl-4228770323
2019-06-13 09:33:51,516 INFO  storage.RaftStorage (RaftStorage.java:format(75)) - Storage directory /opt/src/hadoop-ozone/integration-test/target/test-dir/MiniOzoneClusterImpl-f391319c-fd39-4aec-940e-c1a5352b15d7/datanode-3/data/ratis/f79464ce-ed27-40c6-be37-fc03e5839e96 has been successfully formatted.
2019-06-13 09:33:51,516 INFO  ratis.ContainerStateMachine (ContainerStateMachine.java:loadSnapshot(199)) - The snapshot info is null.Setting the last applied index to:(t:0, i:~)
2019-06-13 09:33:51,516 INFO  server.RaftServerConfigKeys (ConfUtils.java:logGet(43)) - raft.server.leader.election.timeout = 10s (custom)
2019-06-13 09:33:51,516 INFO  server.RaftServerConfigKeys (ConfUtils.java:logGet(43)) - raft.server.log.use.memory = false (default)
2019-06-13 09:33:51,516 INFO  server.RaftServerConfigKeys (ConfUtils.java:logGet(43)) - raft.server.log.appender.buffer.byte-limit = 33554432 (custom)
2019-06-13 09:33:51,516 INFO  server.RaftServerConfigKeys (ConfUtils.java:logGet(43)) - raft.server.log.segment.size.max = 16384 (custom)
2019-06-13 09:33:51,517 INFO  server.RaftServerConfigKeys (ConfUtils.java:logGet(43)) - raft.server.log.segment.cache.num.max = 2 (custom)
2019-06-13 09:33:51,517 INFO  storage.RaftLogWorker (RaftLogWorker.java:<init>(123)) - new 9775cc78-2c89-4a13-92bf-b6c7d1412791-RaftLogWorker for Storage Directory /opt/src/hadoop-ozone/integration-test/target/test-dir/MiniOzoneClusterImpl-f391319c-fd39-4aec-940e-c1a5352b15d7/datanode-3/data/ratis/f79464ce-ed27-40c6-be37-fc03e5839e96
2019-06-13 09:33:51,517 INFO  server.RaftServerConfigKeys (ConfUtils.java:logGet(43)) - raft.server.log.queue.byte-limit = 2147483647 (custom)
2019-06-13 09:33:51,517 INFO  server.RaftServerConfigKeys (ConfUtils.java:logGet(43)) - raft.server.log.queue.element-limit = 1024 (custom)
2019-06-13 09:33:51,517 INFO  server.RaftServerConfigKeys (ConfUtils.java:logGet(43)) - raft.server.log.segment.size.max = 16384 (custom)
2019-06-13 09:33:51,517 INFO  server.RaftServerConfigKeys (ConfUtils.java:logGet(43)) - raft.server.log.preallocated.size = 16384 (custom)
2019-06-13 09:33:51,517 INFO  server.RaftServerConfigKeys (ConfUtils.java:logGet(43)) - raft.server.log.write.buffer.size = 33554432 (custom)
2019-06-13 09:33:51,517 INFO  server.RaftServerConfigKeys (ConfUtils.java:logGet(43)) - raft.server.log.force.sync.num = 128 (default)
2019-06-13 09:33:51,518 INFO  server.RaftServerConfigKeys (ConfUtils.java:logGet(43)) - raft.server.log.statemachine.data.sync = true (default)
2019-06-13 09:33:51,518 INFO  server.RaftServerConfigKeys (ConfUtils.java:logGet(43)) - raft.server.log.statemachine.data.sync.timeout = 10s (default)
2019-06-13 09:33:51,518 INFO  server.RaftServerConfigKeys (ConfUtils.java:logGet(43)) - raft.server.log.statemachine.data.sync.timeout.retry = -1 (default)
2019-06-13 09:33:51,518 INFO  server.RaftServerConfigKeys (ConfUtils.java:logGet(43)) - raft.server.log.statemachine.data.caching.enabled = true (custom)
2019-06-13 09:33:51,518 INFO  server.RaftServerConfigKeys (ConfUtils.java:logGet(43)) - raft.server.snapshot.auto.trigger.enabled = true (custom)
2019-06-13 09:33:51,518 INFO  server.RaftServerConfigKeys (ConfUtils.java:logGet(43)) - raft.server.snapshot.auto.trigger.threshold = 10000 (custom)
2019-06-13 09:33:51,519 INFO  server.RaftServerConfigKeys (ConfUtils.java:logGet(43)) - raft.server.retrycache.expirytime = 600000ms (custom)
2019-06-13 09:33:51,519 INFO  impl.RaftServerImpl (RaftServerImpl.java:start(173)) - 9775cc78-2c89-4a13-92bf-b6c7d1412791: start group-FC03E5839E96
2019-06-13 09:33:51,519 INFO  impl.RaftServerImpl (RaftServerImpl.java:setRole(164)) - 9775cc78-2c89-4a13-92bf-b6c7d1412791:group-FC03E5839E96 changes role from null to FOLLOWER at term 0 for startAsFollower
2019-06-13 09:33:51,519 INFO  impl.RoleInfo (RoleInfo.java:updateAndGet(143)) - 9775cc78-2c89-4a13-92bf-b6c7d1412791: start FollowerState
2019-06-13 09:33:51,519 INFO  util.JmxRegister (JmxRegister.java:tryRegister(44)) - Successfully registered JMX Bean with object name Ratis:service=RaftServer,group=group-FC03E5839E96,id=9775cc78-2c89-4a13-92bf-b6c7d1412791
2019-06-13 09:33:51,528 INFO  pipeline.PipelineStateManager (PipelineStateManager.java:addPipeline(56)) - Created pipeline Pipeline[ Id: f79464ce-ed27-40c6-be37-fc03e5839e96, Nodes: 9775cc78-2c89-4a13-92bf-b6c7d1412791{ip: 192.168.46.32, host: ozone-klxsl-4228770323, networkLocation: /default-rack, certSerialId: null}, Type:RATIS, Factor:ONE, State:OPEN]
2019-06-13 09:33:51,561 INFO  impl.RaftServerProxy (RaftServerProxy.java:addNew(89)) - 4b3fc15d-0c96-4d11-b908-36ab74ff70c3: addNew group-2545846EA9CD:[87157fdf-aa89-4c1e-bd64-951a415bebc0:192.168.46.32:38405, 4b3fc15d-0c96-4d11-b908-36ab74ff70c3:192.168.46.32:43743, 5ddc816c-6562-4154-9025-2f9f2b0347fc:192.168.46.32:45149] returns group-2545846EA9CD:java.util.concurrent.CompletableFuture@745b84f9[Not completed]
2019-06-13 09:33:51,562 INFO  impl.RaftServerImpl (RaftServerImpl.java:<init>(91)) - 4b3fc15d-0c96-4d11-b908-36ab74ff70c3: new RaftServerImpl for group-2545846EA9CD:[87157fdf-aa89-4c1e-bd64-951a415bebc0:192.168.46.32:38405, 4b3fc15d-0c96-4d11-b908-36ab74ff70c3:192.168.46.32:43743, 5ddc816c-6562-4154-9025-2f9f2b0347fc:192.168.46.32:45149] with ContainerStateMachine:uninitialized
2019-06-13 09:33:51,562 INFO  server.RaftServerConfigKeys (ConfUtils.java:logGet(43)) - raft.server.rpc.timeout.min = 1s (custom)
2019-06-13 09:33:51,562 INFO  server.RaftServerConfigKeys (ConfUtils.java:logGet(43)) - raft.server.rpc.timeout.max = 1200ms (custom)
2019-06-13 09:33:51,562 INFO  server.RaftServerConfigKeys (ConfUtils.java:logGet(43)) - raft.server.rpcslowness.timeout = 10s (custom)
2019-06-13 09:33:51,562 INFO  server.RaftServerConfigKeys (ConfUtils.java:logGet(43)) - raft.server.log.appender.install.snapshot.enabled = true (default)
2019-06-13 09:33:51,562 INFO  impl.RaftServerImpl (ServerState.java:<init>(101)) - 4b3fc15d-0c96-4d11-b908-36ab74ff70c3:group-2545846EA9CD ConfigurationManager, init=-1: [87157fdf-aa89-4c1e-bd64-951a415bebc0:192.168.46.32:38405, 4b3fc15d-0c96-4d11-b908-36ab74ff70c3:192.168.46.32:43743, 5ddc816c-6562-4154-9025-2f9f2b0347fc:192.168.46.32:45149], old=null, confs=<EMPTY_MAP>
2019-06-13 09:33:51,562 INFO  server.RaftServerConfigKeys (ConfUtils.java:logGet(43)) - raft.server.storage.dir = [/opt/src/hadoop-ozone/integration-test/target/test-dir/MiniOzoneClusterImpl-f391319c-fd39-4aec-940e-c1a5352b15d7/datanode-2/data/ratis] (custom)
2019-06-13 09:33:51,563 INFO  storage.RaftStorageDirectory (RaftStorageDirectory.java:analyzeStorage(246)) - The storage directory /opt/src/hadoop-ozone/integration-test/target/test-dir/MiniOzoneClusterImpl-f391319c-fd39-4aec-940e-c1a5352b15d7/datanode-2/data/ratis/185e83d5-19d2-4b2c-933a-2545846ea9cd does not exist. Creating ...
2019-06-13 09:33:51,561 INFO  impl.RaftServerProxy (RaftServerProxy.java:addNew(89)) - 87157fdf-aa89-4c1e-bd64-951a415bebc0: addNew group-2545846EA9CD:[87157fdf-aa89-4c1e-bd64-951a415bebc0:192.168.46.32:38405, 4b3fc15d-0c96-4d11-b908-36ab74ff70c3:192.168.46.32:43743, 5ddc816c-6562-4154-9025-2f9f2b0347fc:192.168.46.32:45149] returns group-2545846EA9CD:java.util.concurrent.CompletableFuture@f19bb09[Not completed]
2019-06-13 09:33:51,562 INFO  impl.RaftServerImpl (RaftServerImpl.java:<init>(91)) - 87157fdf-aa89-4c1e-bd64-951a415bebc0: new RaftServerImpl for group-2545846EA9CD:[87157fdf-aa89-4c1e-bd64-951a415bebc0:192.168.46.32:38405, 4b3fc15d-0c96-4d11-b908-36ab74ff70c3:192.168.46.32:43743, 5ddc816c-6562-4154-9025-2f9f2b0347fc:192.168.46.32:45149] with ContainerStateMachine:uninitialized
2019-06-13 09:33:51,564 INFO  impl.RaftServerProxy (RaftServerProxy.java:addNew(89)) - 5ddc816c-6562-4154-9025-2f9f2b0347fc: addNew group-2545846EA9CD:[87157fdf-aa89-4c1e-bd64-951a415bebc0:192.168.46.32:38405, 4b3fc15d-0c96-4d11-b908-36ab74ff70c3:192.168.46.32:43743, 5ddc816c-6562-4154-9025-2f9f2b0347fc:192.168.46.32:45149] returns group-2545846EA9CD:java.util.concurrent.CompletableFuture@40a10840[Not completed]
2019-06-13 09:33:51,564 INFO  server.RaftServerConfigKeys (ConfUtils.java:logGet(43)) - raft.server.rpc.timeout.min = 1s (custom)
2019-06-13 09:33:51,564 INFO  server.RaftServerConfigKeys (ConfUtils.java:logGet(43)) - raft.server.rpc.timeout.max = 1200ms (custom)
2019-06-13 09:33:51,564 INFO  server.RaftServerConfigKeys (ConfUtils.java:logGet(43)) - raft.server.rpcslowness.timeout = 10s (custom)
2019-06-13 09:33:51,565 INFO  server.RaftServerConfigKeys (ConfUtils.java:logGet(43)) - raft.server.log.appender.install.snapshot.enabled = true (default)
2019-06-13 09:33:51,565 INFO  impl.RaftServerImpl (ServerState.java:<init>(101)) - 87157fdf-aa89-4c1e-bd64-951a415bebc0:group-2545846EA9CD ConfigurationManager, init=-1: [87157fdf-aa89-4c1e-bd64-951a415bebc0:192.168.46.32:38405, 4b3fc15d-0c96-4d11-b908-36ab74ff70c3:192.168.46.32:43743, 5ddc816c-6562-4154-9025-2f9f2b0347fc:192.168.46.32:45149], old=null, confs=<EMPTY_MAP>
2019-06-13 09:33:51,565 INFO  storage.RaftStorageDirectory (RaftStorageDirectory.java:tryLock(328)) - Lock on /opt/src/hadoop-ozone/integration-test/target/test-dir/MiniOzoneClusterImpl-f391319c-fd39-4aec-940e-c1a5352b15d7/datanode-2/data/ratis/185e83d5-19d2-4b2c-933a-2545846ea9cd/in_use.lock acquired by nodename 10120@ozone-klxsl-4228770323
2019-06-13 09:33:51,565 INFO  impl.RaftServerImpl (RaftServerImpl.java:<init>(91)) - 5ddc816c-6562-4154-9025-2f9f2b0347fc: new RaftServerImpl for group-2545846EA9CD:[87157fdf-aa89-4c1e-bd64-951a415bebc0:192.168.46.32:38405, 4b3fc15d-0c96-4d11-b908-36ab74ff70c3:192.168.46.32:43743, 5ddc816c-6562-4154-9025-2f9f2b0347fc:192.168.46.32:45149] with ContainerStateMachine:uninitialized
2019-06-13 09:33:51,565 INFO  server.RaftServerConfigKeys (ConfUtils.java:logGet(43)) - raft.server.rpc.timeout.min = 1s (custom)
2019-06-13 09:33:51,565 INFO  server.RaftServerConfigKeys (ConfUtils.java:logGet(43)) - raft.server.rpc.timeout.max = 1200ms (custom)
2019-06-13 09:33:51,565 INFO  server.RaftServerConfigKeys (ConfUtils.java:logGet(43)) - raft.server.rpcslowness.timeout = 10s (custom)
2019-06-13 09:33:51,566 INFO  server.RaftServerConfigKeys (ConfUtils.java:logGet(43)) - raft.server.log.appender.install.snapshot.enabled = true (default)
2019-06-13 09:33:51,566 INFO  impl.RaftServerImpl (ServerState.java:<init>(101)) - 5ddc816c-6562-4154-9025-2f9f2b0347fc:group-2545846EA9CD ConfigurationManager, init=-1: [87157fdf-aa89-4c1e-bd64-951a415bebc0:192.168.46.32:38405, 4b3fc15d-0c96-4d11-b908-36ab74ff70c3:192.168.46.32:43743, 5ddc816c-6562-4154-9025-2f9f2b0347fc:192.168.46.32:45149], old=null, confs=<EMPTY_MAP>
2019-06-13 09:33:51,566 INFO  server.RaftServerConfigKeys (ConfUtils.java:logGet(43)) - raft.server.storage.dir = [/opt/src/hadoop-ozone/integration-test/target/test-dir/MiniOzoneClusterImpl-f391319c-fd39-4aec-940e-c1a5352b15d7/datanode-1/data/ratis] (custom)
2019-06-13 09:33:51,566 INFO  storage.RaftStorageDirectory (RaftStorageDirectory.java:analyzeStorage(246)) - The storage directory /opt/src/hadoop-ozone/integration-test/target/test-dir/MiniOzoneClusterImpl-f391319c-fd39-4aec-940e-c1a5352b15d7/datanode-1/data/ratis/185e83d5-19d2-4b2c-933a-2545846ea9cd does not exist. Creating ...
2019-06-13 09:33:51,565 INFO  server.RaftServerConfigKeys (ConfUtils.java:logGet(43)) - raft.server.storage.dir = [/opt/src/hadoop-ozone/integration-test/target/test-dir/MiniOzoneClusterImpl-f391319c-fd39-4aec-940e-c1a5352b15d7/datanode-0/data/ratis] (custom)
2019-06-13 09:33:51,566 INFO  storage.RaftStorageDirectory (RaftStorageDirectory.java:analyzeStorage(246)) - The storage directory /opt/src/hadoop-ozone/integration-test/target/test-dir/MiniOzoneClusterImpl-f391319c-fd39-4aec-940e-c1a5352b15d7/datanode-0/data/ratis/185e83d5-19d2-4b2c-933a-2545846ea9cd does not exist. Creating ...
2019-06-13 09:33:51,567 INFO  storage.RaftStorage (RaftStorage.java:format(75)) - Storage directory /opt/src/hadoop-ozone/integration-test/target/test-dir/MiniOzoneClusterImpl-f391319c-fd39-4aec-940e-c1a5352b15d7/datanode-2/data/ratis/185e83d5-19d2-4b2c-933a-2545846ea9cd has been successfully formatted.
2019-06-13 09:33:51,567 INFO  ratis.ContainerStateMachine (ContainerStateMachine.java:loadSnapshot(199)) - The snapshot info is null.Setting the last applied index to:(t:0, i:~)
2019-06-13 09:33:51,567 INFO  server.RaftServerConfigKeys (ConfUtils.java:logGet(43)) - raft.server.leader.election.timeout = 10s (custom)
2019-06-13 09:33:51,567 INFO  server.RaftServerConfigKeys (ConfUtils.java:logGet(43)) - raft.server.log.use.memory = false (default)
2019-06-13 09:33:51,568 INFO  server.RaftServerConfigKeys (ConfUtils.java:logGet(43)) - raft.server.log.appender.buffer.byte-limit = 33554432 (custom)
2019-06-13 09:33:51,568 INFO  server.RaftServerConfigKeys (ConfUtils.java:logGet(43)) - raft.server.log.segment.size.max = 16384 (custom)
2019-06-13 09:33:51,568 INFO  server.RaftServerConfigKeys (ConfUtils.java:logGet(43)) - raft.server.log.segment.cache.num.max = 2 (custom)
2019-06-13 09:33:51,568 INFO  storage.RaftLogWorker (RaftLogWorker.java:<init>(123)) - new 4b3fc15d-0c96-4d11-b908-36ab74ff70c3-RaftLogWorker for Storage Directory /opt/src/hadoop-ozone/integration-test/target/test-dir/MiniOzoneClusterImpl-f391319c-fd39-4aec-940e-c1a5352b15d7/datanode-2/data/ratis/185e83d5-19d2-4b2c-933a-2545846ea9cd
2019-06-13 09:33:51,568 INFO  server.RaftServerConfigKeys (ConfUtils.java:logGet(43)) - raft.server.log.queue.byte-limit = 2147483647 (custom)
2019-06-13 09:33:51,568 INFO  server.RaftServerConfigKeys (ConfUtils.java:logGet(43)) - raft.server.log.queue.element-limit = 1024 (custom)
2019-06-13 09:33:51,568 INFO  server.RaftServerConfigKeys (ConfUtils.java:logGet(43)) - raft.server.log.segment.size.max = 16384 (custom)
2019-06-13 09:33:51,568 INFO  storage.RaftStorageDirectory (RaftStorageDirectory.java:tryLock(328)) - Lock on /opt/src/hadoop-ozone/integration-test/target/test-dir/MiniOzoneClusterImpl-f391319c-fd39-4aec-940e-c1a5352b15d7/datanode-1/data/ratis/185e83d5-19d2-4b2c-933a-2545846ea9cd/in_use.lock acquired by nodename 10120@ozone-klxsl-4228770323
2019-06-13 09:33:51,569 INFO  storage.RaftStorageDirectory (RaftStorageDirectory.java:tryLock(328)) - Lock on /opt/src/hadoop-ozone/integration-test/target/test-dir/MiniOzoneClusterImpl-f391319c-fd39-4aec-940e-c1a5352b15d7/datanode-0/data/ratis/185e83d5-19d2-4b2c-933a-2545846ea9cd/in_use.lock acquired by nodename 10120@ozone-klxsl-4228770323
2019-06-13 09:33:51,568 INFO  server.RaftServerConfigKeys (ConfUtils.java:logGet(43)) - raft.server.log.preallocated.size = 16384 (custom)
2019-06-13 09:33:51,571 INFO  storage.RaftStorage (RaftStorage.java:format(75)) - Storage directory /opt/src/hadoop-ozone/integration-test/target/test-dir/MiniOzoneClusterImpl-f391319c-fd39-4aec-940e-c1a5352b15d7/datanode-1/data/ratis/185e83d5-19d2-4b2c-933a-2545846ea9cd has been successfully formatted.
2019-06-13 09:33:51,572 INFO  ratis.ContainerStateMachine (ContainerStateMachine.java:loadSnapshot(199)) - The snapshot info is null.Setting the last applied index to:(t:0, i:~)
2019-06-13 09:33:51,572 INFO  node.SCMNodeManager (SCMNodeManager.java:register(234)) - Registered Data node : a9fd369b-06d9-4c8a-a227-7b28544dbd10{ip: 192.168.46.32, host: ozone-klxsl-4228770323, networkLocation: /default-rack, certSerialId: null}
2019-06-13 09:33:51,572 INFO  server.RaftServerConfigKeys (ConfUtils.java:logGet(43)) - raft.server.log.write.buffer.size = 33554432 (custom)
2019-06-13 09:33:51,572 INFO  server.RaftServerConfigKeys (ConfUtils.java:logGet(43)) - raft.server.leader.election.timeout = 10s (custom)
2019-06-13 09:33:51,573 INFO  server.RaftServerConfigKeys (ConfUtils.java:logGet(43)) - raft.server.log.use.memory = false (default)
2019-06-13 09:33:51,573 INFO  server.RaftServerConfigKeys (ConfUtils.java:logGet(43)) - raft.server.log.appender.buffer.byte-limit = 33554432 (custom)
2019-06-13 09:33:51,573 INFO  server.RaftServerConfigKeys (ConfUtils.java:logGet(43)) - raft.server.log.segment.size.max = 16384 (custom)
2019-06-13 09:33:51,573 INFO  server.RaftServerConfigKeys (ConfUtils.java:logGet(43)) - raft.server.log.segment.cache.num.max = 2 (custom)
2019-06-13 09:33:51,573 INFO  storage.RaftLogWorker (RaftLogWorker.java:<init>(123)) - new 5ddc816c-6562-4154-9025-2f9f2b0347fc-RaftLogWorker for Storage Directory /opt/src/hadoop-ozone/integration-test/target/test-dir/MiniOzoneClusterImpl-f391319c-fd39-4aec-940e-c1a5352b15d7/datanode-1/data/ratis/185e83d5-19d2-4b2c-933a-2545846ea9cd
2019-06-13 09:33:51,573 INFO  server.RaftServerConfigKeys (ConfUtils.java:logGet(43)) - raft.server.log.queue.byte-limit = 2147483647 (custom)
2019-06-13 09:33:51,573 INFO  server.RaftServerConfigKeys (ConfUtils.java:logGet(43)) - raft.server.log.queue.element-limit = 1024 (custom)
2019-06-13 09:33:51,574 INFO  server.RaftServerConfigKeys (ConfUtils.java:logGet(43)) - raft.server.log.segment.size.max = 16384 (custom)
2019-06-13 09:33:51,574 INFO  server.RaftServerConfigKeys (ConfUtils.java:logGet(43)) - raft.server.log.preallocated.size = 16384 (custom)
2019-06-13 09:33:51,574 INFO  server.RaftServerConfigKeys (ConfUtils.java:logGet(43)) - raft.server.log.write.buffer.size = 33554432 (custom)
2019-06-13 09:33:51,574 INFO  server.RaftServerConfigKeys (ConfUtils.java:logGet(43)) - raft.server.log.force.sync.num = 128 (default)
2019-06-13 09:33:51,574 INFO  server.RaftServerConfigKeys (ConfUtils.java:logGet(43)) - raft.server.log.statemachine.data.sync = true (default)
2019-06-13 09:33:51,574 INFO  server.RaftServerConfigKeys (ConfUtils.java:logGet(43)) - raft.server.log.statemachine.data.sync.timeout = 10s (default)
2019-06-13 09:33:51,574 INFO  server.RaftServerConfigKeys (ConfUtils.java:logGet(43)) - raft.server.log.statemachine.data.sync.timeout.retry = -1 (default)
2019-06-13 09:33:51,574 INFO  server.RaftServerConfigKeys (ConfUtils.java:logGet(43)) - raft.server.log.statemachine.data.caching.enabled = true (custom)
2019-06-13 09:33:51,575 INFO  server.RaftServerConfigKeys (ConfUtils.java:logGet(43)) - raft.server.snapshot.auto.trigger.enabled = true (custom)
2019-06-13 09:33:51,573 INFO  storage.RaftStorage (RaftStorage.java:format(75)) - Storage directory /opt/src/hadoop-ozone/integration-test/target/test-dir/MiniOzoneClusterImpl-f391319c-fd39-4aec-940e-c1a5352b15d7/datanode-0/data/ratis/185e83d5-19d2-4b2c-933a-2545846ea9cd has been successfully formatted.
2019-06-13 09:33:51,575 INFO  ratis.ContainerStateMachine (ContainerStateMachine.java:loadSnapshot(199)) - The snapshot info is null.Setting the last applied index to:(t:0, i:~)
2019-06-13 09:33:51,575 INFO  server.RaftServerConfigKeys (ConfUtils.java:logGet(43)) - raft.server.leader.election.timeout = 10s (custom)
2019-06-13 09:33:51,575 INFO  server.RaftServerConfigKeys (ConfUtils.java:logGet(43)) - raft.server.log.use.memory = false (default)
2019-06-13 09:33:51,575 INFO  server.RaftServerConfigKeys (ConfUtils.java:logGet(43)) - raft.server.log.appender.buffer.byte-limit = 33554432 (custom)
2019-06-13 09:33:51,576 INFO  server.RaftServerConfigKeys (ConfUtils.java:logGet(43)) - raft.server.log.segment.size.max = 16384 (custom)
2019-06-13 09:33:51,576 INFO  server.RaftServerConfigKeys (ConfUtils.java:logGet(43)) - raft.server.log.segment.cache.num.max = 2 (custom)
2019-06-13 09:33:51,576 INFO  storage.RaftLogWorker (RaftLogWorker.java:<init>(123)) - new 87157fdf-aa89-4c1e-bd64-951a415bebc0-RaftLogWorker for Storage Directory /opt/src/hadoop-ozone/integration-test/target/test-dir/MiniOzoneClusterImpl-f391319c-fd39-4aec-940e-c1a5352b15d7/datanode-0/data/ratis/185e83d5-19d2-4b2c-933a-2545846ea9cd
2019-06-13 09:33:51,576 INFO  server.RaftServerConfigKeys (ConfUtils.java:logGet(43)) - raft.server.log.queue.byte-limit = 2147483647 (custom)
2019-06-13 09:33:51,576 INFO  server.RaftServerConfigKeys (ConfUtils.java:logGet(43)) - raft.server.log.queue.element-limit = 1024 (custom)
2019-06-13 09:33:51,576 INFO  server.RaftServerConfigKeys (ConfUtils.java:logGet(43)) - raft.server.log.segment.size.max = 16384 (custom)
2019-06-13 09:33:51,576 INFO  server.RaftServerConfigKeys (ConfUtils.java:logGet(43)) - raft.server.log.preallocated.size = 16384 (custom)
2019-06-13 09:33:51,576 INFO  server.RaftServerConfigKeys (ConfUtils.java:logGet(43)) - raft.server.log.write.buffer.size = 33554432 (custom)
2019-06-13 09:33:51,576 INFO  server.RaftServerConfigKeys (ConfUtils.java:logGet(43)) - raft.server.log.force.sync.num = 128 (default)
2019-06-13 09:33:51,577 INFO  server.RaftServerConfigKeys (ConfUtils.java:logGet(43)) - raft.server.log.statemachine.data.sync = true (default)
2019-06-13 09:33:51,577 INFO  server.RaftServerConfigKeys (ConfUtils.java:logGet(43)) - raft.server.log.statemachine.data.sync.timeout = 10s (default)
2019-06-13 09:33:51,577 INFO  server.RaftServerConfigKeys (ConfUtils.java:logGet(43)) - raft.server.log.statemachine.data.sync.timeout.retry = -1 (default)
2019-06-13 09:33:51,577 INFO  server.RaftServerConfigKeys (ConfUtils.java:logGet(43)) - raft.server.log.statemachine.data.caching.enabled = true (custom)
2019-06-13 09:33:51,575 INFO  server.RaftServerConfigKeys (ConfUtils.java:logGet(43)) - raft.server.snapshot.auto.trigger.threshold = 10000 (custom)
2019-06-13 09:33:51,577 INFO  server.RaftServerConfigKeys (ConfUtils.java:logGet(43)) - raft.server.retrycache.expirytime = 600000ms (custom)
2019-06-13 09:33:51,578 INFO  impl.RaftServerImpl (RaftServerImpl.java:start(173)) - 5ddc816c-6562-4154-9025-2f9f2b0347fc: start group-2545846EA9CD
2019-06-13 09:33:51,578 INFO  impl.RaftServerImpl (RaftServerImpl.java:setRole(164)) - 5ddc816c-6562-4154-9025-2f9f2b0347fc:group-2545846EA9CD changes role from null to FOLLOWER at term 0 for startAsFollower
2019-06-13 09:33:51,578 INFO  impl.RoleInfo (RoleInfo.java:updateAndGet(143)) - 5ddc816c-6562-4154-9025-2f9f2b0347fc: start FollowerState
2019-06-13 09:33:51,575 INFO  server.RaftServerConfigKeys (ConfUtils.java:logGet(43)) - raft.server.log.force.sync.num = 128 (default)
2019-06-13 09:33:51,577 INFO  server.RaftServerConfigKeys (ConfUtils.java:logGet(43)) - raft.server.snapshot.auto.trigger.enabled = true (custom)
2019-06-13 09:33:51,578 INFO  server.RaftServerConfigKeys (ConfUtils.java:logGet(43)) - raft.server.snapshot.auto.trigger.threshold = 10000 (custom)
2019-06-13 09:33:51,578 INFO  util.JmxRegister (JmxRegister.java:tryRegister(44)) - Successfully registered JMX Bean with object name Ratis:service=RaftServer,group=group-2545846EA9CD,id=5ddc816c-6562-4154-9025-2f9f2b0347fc
2019-06-13 09:33:51,578 INFO  server.RaftServerConfigKeys (ConfUtils.java:logGet(43)) - raft.server.log.statemachine.data.sync = true (default)
2019-06-13 09:33:51,578 INFO  server.RaftServerConfigKeys (ConfUtils.java:logGet(43)) - raft.server.retrycache.expirytime = 600000ms (custom)
2019-06-13 09:33:51,579 INFO  impl.RaftServerImpl (RaftServerImpl.java:start(173)) - 87157fdf-aa89-4c1e-bd64-951a415bebc0: start group-2545846EA9CD
2019-06-13 09:33:51,579 INFO  impl.RaftServerImpl (RaftServerImpl.java:setRole(164)) - 87157fdf-aa89-4c1e-bd64-951a415bebc0:group-2545846EA9CD changes role from null to FOLLOWER at term 0 for startAsFollower
2019-06-13 09:33:51,579 INFO  impl.RoleInfo (RoleInfo.java:updateAndGet(143)) - 87157fdf-aa89-4c1e-bd64-951a415bebc0: start FollowerState
2019-06-13 09:33:51,579 INFO  server.RaftServerConfigKeys (ConfUtils.java:logGet(43)) - raft.server.log.statemachine.data.sync.timeout = 10s (default)
2019-06-13 09:33:51,579 INFO  server.RaftServerConfigKeys (ConfUtils.java:logGet(43)) - raft.server.log.statemachine.data.sync.timeout.retry = -1 (default)
2019-06-13 09:33:51,580 INFO  util.JmxRegister (JmxRegister.java:tryRegister(44)) - Successfully registered JMX Bean with object name Ratis:service=RaftServer,group=group-2545846EA9CD,id=87157fdf-aa89-4c1e-bd64-951a415bebc0
2019-06-13 09:33:51,580 INFO  server.RaftServerConfigKeys (ConfUtils.java:logGet(43)) - raft.server.log.statemachine.data.caching.enabled = true (custom)
2019-06-13 09:33:51,580 INFO  server.RaftServerConfigKeys (ConfUtils.java:logGet(43)) - raft.server.snapshot.auto.trigger.enabled = true (custom)
2019-06-13 09:33:51,580 INFO  server.RaftServerConfigKeys (ConfUtils.java:logGet(43)) - raft.server.snapshot.auto.trigger.threshold = 10000 (custom)
2019-06-13 09:33:51,580 INFO  server.RaftServerConfigKeys (ConfUtils.java:logGet(43)) - raft.server.retrycache.expirytime = 600000ms (custom)
2019-06-13 09:33:51,580 INFO  impl.RaftServerImpl (RaftServerImpl.java:start(173)) - 4b3fc15d-0c96-4d11-b908-36ab74ff70c3: start group-2545846EA9CD
2019-06-13 09:33:51,582 INFO  impl.RaftServerImpl (RaftServerImpl.java:setRole(164)) - 4b3fc15d-0c96-4d11-b908-36ab74ff70c3:group-2545846EA9CD changes role from null to FOLLOWER at term 0 for startAsFollower
2019-06-13 09:33:51,583 INFO  impl.RoleInfo (RoleInfo.java:updateAndGet(143)) - 4b3fc15d-0c96-4d11-b908-36ab74ff70c3: start FollowerState
2019-06-13 09:33:51,584 INFO  util.JmxRegister (JmxRegister.java:tryRegister(44)) - Successfully registered JMX Bean with object name Ratis:service=RaftServer,group=group-2545846EA9CD,id=4b3fc15d-0c96-4d11-b908-36ab74ff70c3
2019-06-13 09:33:51,593 INFO  pipeline.PipelineStateManager (PipelineStateManager.java:addPipeline(56)) - Created pipeline Pipeline[ Id: 185e83d5-19d2-4b2c-933a-2545846ea9cd, Nodes: 5ddc816c-6562-4154-9025-2f9f2b0347fc{ip: 192.168.46.32, host: ozone-klxsl-4228770323, networkLocation: /default-rack, certSerialId: null}87157fdf-aa89-4c1e-bd64-951a415bebc0{ip: 192.168.46.32, host: ozone-klxsl-4228770323, networkLocation: /default-rack, certSerialId: null}4b3fc15d-0c96-4d11-b908-36ab74ff70c3{ip: 192.168.46.32, host: ozone-klxsl-4228770323, networkLocation: /default-rack, certSerialId: null}, Type:RATIS, Factor:THREE, State:OPEN]
2019-06-13 09:33:51,610 INFO  impl.RaftServerProxy (RaftServerProxy.java:addNew(89)) - a9fd369b-06d9-4c8a-a227-7b28544dbd10: addNew group-A02B2DA1731C:[a9fd369b-06d9-4c8a-a227-7b28544dbd10:192.168.46.32:39567] returns group-A02B2DA1731C:java.util.concurrent.CompletableFuture@73b259fa[Not completed]
2019-06-13 09:33:51,611 INFO  impl.RaftServerImpl (RaftServerImpl.java:<init>(91)) - a9fd369b-06d9-4c8a-a227-7b28544dbd10: new RaftServerImpl for group-A02B2DA1731C:[a9fd369b-06d9-4c8a-a227-7b28544dbd10:192.168.46.32:39567] with ContainerStateMachine:uninitialized
2019-06-13 09:33:51,612 INFO  server.RaftServerConfigKeys (ConfUtils.java:logGet(43)) - raft.server.rpc.timeout.min = 1s (custom)
2019-06-13 09:33:51,612 INFO  server.RaftServerConfigKeys (ConfUtils.java:logGet(43)) - raft.server.rpc.timeout.max = 1200ms (custom)
2019-06-13 09:33:51,612 INFO  server.RaftServerConfigKeys (ConfUtils.java:logGet(43)) - raft.server.rpcslowness.timeout = 10s (custom)
2019-06-13 09:33:51,612 INFO  server.RaftServerConfigKeys (ConfUtils.java:logGet(43)) - raft.server.log.appender.install.snapshot.enabled = true (default)
2019-06-13 09:33:51,612 INFO  impl.RaftServerImpl (ServerState.java:<init>(101)) - a9fd369b-06d9-4c8a-a227-7b28544dbd10:group-A02B2DA1731C ConfigurationManager, init=-1: [a9fd369b-06d9-4c8a-a227-7b28544dbd10:192.168.46.32:39567], old=null, confs=<EMPTY_MAP>
2019-06-13 09:33:51,612 INFO  server.RaftServerConfigKeys (ConfUtils.java:logGet(43)) - raft.server.storage.dir = [/opt/src/hadoop-ozone/integration-test/target/test-dir/MiniOzoneClusterImpl-f391319c-fd39-4aec-940e-c1a5352b15d7/datanode-4/data/ratis] (custom)
2019-06-13 09:33:51,613 INFO  storage.RaftStorageDirectory (RaftStorageDirectory.java:analyzeStorage(246)) - The storage directory /opt/src/hadoop-ozone/integration-test/target/test-dir/MiniOzoneClusterImpl-f391319c-fd39-4aec-940e-c1a5352b15d7/datanode-4/data/ratis/fee60393-2198-4862-815f-a02b2da1731c does not exist. Creating ...
2019-06-13 09:33:51,615 INFO  storage.RaftStorageDirectory (RaftStorageDirectory.java:tryLock(328)) - Lock on /opt/src/hadoop-ozone/integration-test/target/test-dir/MiniOzoneClusterImpl-f391319c-fd39-4aec-940e-c1a5352b15d7/datanode-4/data/ratis/fee60393-2198-4862-815f-a02b2da1731c/in_use.lock acquired by nodename 10120@ozone-klxsl-4228770323
2019-06-13 09:33:51,617 INFO  storage.RaftStorage (RaftStorage.java:format(75)) - Storage directory /opt/src/hadoop-ozone/integration-test/target/test-dir/MiniOzoneClusterImpl-f391319c-fd39-4aec-940e-c1a5352b15d7/datanode-4/data/ratis/fee60393-2198-4862-815f-a02b2da1731c has been successfully formatted.
2019-06-13 09:33:51,617 INFO  ratis.ContainerStateMachine (ContainerStateMachine.java:loadSnapshot(199)) - The snapshot info is null.Setting the last applied index to:(t:0, i:~)
2019-06-13 09:33:51,617 INFO  server.RaftServerConfigKeys (ConfUtils.java:logGet(43)) - raft.server.leader.election.timeout = 10s (custom)
2019-06-13 09:33:51,617 INFO  server.RaftServerConfigKeys (ConfUtils.java:logGet(43)) - raft.server.log.use.memory = false (default)
2019-06-13 09:33:51,617 INFO  server.RaftServerConfigKeys (ConfUtils.java:logGet(43)) - raft.server.log.appender.buffer.byte-limit = 33554432 (custom)
2019-06-13 09:33:51,617 INFO  server.RaftServerConfigKeys (ConfUtils.java:logGet(43)) - raft.server.log.segment.size.max = 16384 (custom)
2019-06-13 09:33:51,617 INFO  server.RaftServerConfigKeys (ConfUtils.java:logGet(43)) - raft.server.log.segment.cache.num.max = 2 (custom)
2019-06-13 09:33:51,617 INFO  storage.RaftLogWorker (RaftLogWorker.java:<init>(123)) - new a9fd369b-06d9-4c8a-a227-7b28544dbd10-RaftLogWorker for Storage Directory /opt/src/hadoop-ozone/integration-test/target/test-dir/MiniOzoneClusterImpl-f391319c-fd39-4aec-940e-c1a5352b15d7/datanode-4/data/ratis/fee60393-2198-4862-815f-a02b2da1731c
2019-06-13 09:33:51,617 INFO  server.RaftServerConfigKeys (ConfUtils.java:logGet(43)) - raft.server.log.queue.byte-limit = 2147483647 (custom)
2019-06-13 09:33:51,617 INFO  server.RaftServerConfigKeys (ConfUtils.java:logGet(43)) - raft.server.log.queue.element-limit = 1024 (custom)
2019-06-13 09:33:51,618 INFO  server.RaftServerConfigKeys (ConfUtils.java:logGet(43)) - raft.server.log.segment.size.max = 16384 (custom)
2019-06-13 09:33:51,618 INFO  server.RaftServerConfigKeys (ConfUtils.java:logGet(43)) - raft.server.log.preallocated.size = 16384 (custom)
2019-06-13 09:33:51,618 INFO  server.RaftServerConfigKeys (ConfUtils.java:logGet(43)) - raft.server.log.write.buffer.size = 33554432 (custom)
2019-06-13 09:33:51,618 INFO  server.RaftServerConfigKeys (ConfUtils.java:logGet(43)) - raft.server.log.force.sync.num = 128 (default)
2019-06-13 09:33:51,618 INFO  server.RaftServerConfigKeys (ConfUtils.java:logGet(43)) - raft.server.log.statemachine.data.sync = true (default)
2019-06-13 09:33:51,618 INFO  server.RaftServerConfigKeys (ConfUtils.java:logGet(43)) - raft.server.log.statemachine.data.sync.timeout = 10s (default)
2019-06-13 09:33:51,618 INFO  server.RaftServerConfigKeys (ConfUtils.java:logGet(43)) - raft.server.log.statemachine.data.sync.timeout.retry = -1 (default)
2019-06-13 09:33:51,618 INFO  server.RaftServerConfigKeys (ConfUtils.java:logGet(43)) - raft.server.log.statemachine.data.caching.enabled = true (custom)
2019-06-13 09:33:51,619 INFO  server.RaftServerConfigKeys (ConfUtils.java:logGet(43)) - raft.server.snapshot.auto.trigger.enabled = true (custom)
2019-06-13 09:33:51,619 INFO  server.RaftServerConfigKeys (ConfUtils.java:logGet(43)) - raft.server.snapshot.auto.trigger.threshold = 10000 (custom)
2019-06-13 09:33:51,619 INFO  server.RaftServerConfigKeys (ConfUtils.java:logGet(43)) - raft.server.retrycache.expirytime = 600000ms (custom)
2019-06-13 09:33:51,619 INFO  impl.RaftServerImpl (RaftServerImpl.java:start(173)) - a9fd369b-06d9-4c8a-a227-7b28544dbd10: start group-A02B2DA1731C
2019-06-13 09:33:51,619 INFO  impl.RaftServerImpl (RaftServerImpl.java:setRole(164)) - a9fd369b-06d9-4c8a-a227-7b28544dbd10:group-A02B2DA1731C changes role from null to FOLLOWER at term 0 for startAsFollower
2019-06-13 09:33:51,619 INFO  impl.RoleInfo (RoleInfo.java:updateAndGet(143)) - a9fd369b-06d9-4c8a-a227-7b28544dbd10: start FollowerState
2019-06-13 09:33:51,620 INFO  util.JmxRegister (JmxRegister.java:tryRegister(44)) - Successfully registered JMX Bean with object name Ratis:service=RaftServer,group=group-A02B2DA1731C,id=a9fd369b-06d9-4c8a-a227-7b28544dbd10
2019-06-13 09:33:51,625 INFO  pipeline.PipelineStateManager (PipelineStateManager.java:addPipeline(56)) - Created pipeline Pipeline[ Id: fee60393-2198-4862-815f-a02b2da1731c, Nodes: a9fd369b-06d9-4c8a-a227-7b28544dbd10{ip: 192.168.46.32, host: ozone-klxsl-4228770323, networkLocation: /default-rack, certSerialId: null}, Type:RATIS, Factor:ONE, State:OPEN]
2019-06-13 09:33:51,769 INFO  ozone.MiniOzoneClusterImpl (MiniOzoneClusterImpl.java:lambda$waitForClusterToBeReady$0(142)) - Waiting for cluster to be ready. Got 5 of 6 DN Heartbeats.
2019-06-13 09:33:51,772 INFO  node.SCMNodeManager (SCMNodeManager.java:register(234)) - Registered Data node : 04e16cb4-262b-4cb6-9b48-233a353eed6a{ip: 192.168.46.32, host: ozone-klxsl-4228770323, networkLocation: /default-rack, certSerialId: null}
2019-06-13 09:33:51,783 INFO  impl.RaftServerProxy (RaftServerProxy.java:addNew(89)) - 04e16cb4-262b-4cb6-9b48-233a353eed6a: addNew group-E213E30E68CA:[04e16cb4-262b-4cb6-9b48-233a353eed6a:192.168.46.32:34681] returns group-E213E30E68CA:java.util.concurrent.CompletableFuture@7932ea16[Not completed]
2019-06-13 09:33:51,783 INFO  impl.RaftServerImpl (RaftServerImpl.java:<init>(91)) - 04e16cb4-262b-4cb6-9b48-233a353eed6a: new RaftServerImpl for group-E213E30E68CA:[04e16cb4-262b-4cb6-9b48-233a353eed6a:192.168.46.32:34681] with ContainerStateMachine:uninitialized
2019-06-13 09:33:51,784 INFO  server.RaftServerConfigKeys (ConfUtils.java:logGet(43)) - raft.server.rpc.timeout.min = 1s (custom)
2019-06-13 09:33:51,784 INFO  server.RaftServerConfigKeys (ConfUtils.java:logGet(43)) - raft.server.rpc.timeout.max = 1200ms (custom)
2019-06-13 09:33:51,784 INFO  server.RaftServerConfigKeys (ConfUtils.java:logGet(43)) - raft.server.rpcslowness.timeout = 10s (custom)
2019-06-13 09:33:51,784 INFO  server.RaftServerConfigKeys (ConfUtils.java:logGet(43)) - raft.server.log.appender.install.snapshot.enabled = true (default)
2019-06-13 09:33:51,784 INFO  impl.RaftServerImpl (ServerState.java:<init>(101)) - 04e16cb4-262b-4cb6-9b48-233a353eed6a:group-E213E30E68CA ConfigurationManager, init=-1: [04e16cb4-262b-4cb6-9b48-233a353eed6a:192.168.46.32:34681], old=null, confs=<EMPTY_MAP>
2019-06-13 09:33:51,784 INFO  server.RaftServerConfigKeys (ConfUtils.java:logGet(43)) - raft.server.storage.dir = [/opt/src/hadoop-ozone/integration-test/target/test-dir/MiniOzoneClusterImpl-f391319c-fd39-4aec-940e-c1a5352b15d7/datanode-5/data/ratis] (custom)
2019-06-13 09:33:51,784 INFO  storage.RaftStorageDirectory (RaftStorageDirectory.java:analyzeStorage(246)) - The storage directory /opt/src/hadoop-ozone/integration-test/target/test-dir/MiniOzoneClusterImpl-f391319c-fd39-4aec-940e-c1a5352b15d7/datanode-5/data/ratis/51c27da6-5a62-48af-b6a7-e213e30e68ca does not exist. Creating ...
2019-06-13 09:33:51,786 INFO  storage.RaftStorageDirectory (RaftStorageDirectory.java:tryLock(328)) - Lock on /opt/src/hadoop-ozone/integration-test/target/test-dir/MiniOzoneClusterImpl-f391319c-fd39-4aec-940e-c1a5352b15d7/datanode-5/data/ratis/51c27da6-5a62-48af-b6a7-e213e30e68ca/in_use.lock acquired by nodename 10120@ozone-klxsl-4228770323
2019-06-13 09:33:51,788 INFO  storage.RaftStorage (RaftStorage.java:format(75)) - Storage directory /opt/src/hadoop-ozone/integration-test/target/test-dir/MiniOzoneClusterImpl-f391319c-fd39-4aec-940e-c1a5352b15d7/datanode-5/data/ratis/51c27da6-5a62-48af-b6a7-e213e30e68ca has been successfully formatted.
2019-06-13 09:33:51,789 INFO  ratis.ContainerStateMachine (ContainerStateMachine.java:loadSnapshot(199)) - The snapshot info is null.Setting the last applied index to:(t:0, i:~)
2019-06-13 09:33:51,789 INFO  server.RaftServerConfigKeys (ConfUtils.java:logGet(43)) - raft.server.leader.election.timeout = 10s (custom)
2019-06-13 09:33:51,789 INFO  server.RaftServerConfigKeys (ConfUtils.java:logGet(43)) - raft.server.log.use.memory = false (default)
2019-06-13 09:33:51,789 INFO  server.RaftServerConfigKeys (ConfUtils.java:logGet(43)) - raft.server.log.appender.buffer.byte-limit = 33554432 (custom)
2019-06-13 09:33:51,789 INFO  server.RaftServerConfigKeys (ConfUtils.java:logGet(43)) - raft.server.log.segment.size.max = 16384 (custom)
2019-06-13 09:33:51,789 INFO  server.RaftServerConfigKeys (ConfUtils.java:logGet(43)) - raft.server.log.segment.cache.num.max = 2 (custom)
2019-06-13 09:33:51,789 INFO  storage.RaftLogWorker (RaftLogWorker.java:<init>(123)) - new 04e16cb4-262b-4cb6-9b48-233a353eed6a-RaftLogWorker for Storage Directory /opt/src/hadoop-ozone/integration-test/target/test-dir/MiniOzoneClusterImpl-f391319c-fd39-4aec-940e-c1a5352b15d7/datanode-5/data/ratis/51c27da6-5a62-48af-b6a7-e213e30e68ca
2019-06-13 09:33:51,789 INFO  server.RaftServerConfigKeys (ConfUtils.java:logGet(43)) - raft.server.log.queue.byte-limit = 2147483647 (custom)
2019-06-13 09:33:51,789 INFO  server.RaftServerConfigKeys (ConfUtils.java:logGet(43)) - raft.server.log.queue.element-limit = 1024 (custom)
2019-06-13 09:33:51,789 INFO  server.RaftServerConfigKeys (ConfUtils.java:logGet(43)) - raft.server.log.segment.size.max = 16384 (custom)
2019-06-13 09:33:51,789 INFO  server.RaftServerConfigKeys (ConfUtils.java:logGet(43)) - raft.server.log.preallocated.size = 16384 (custom)
2019-06-13 09:33:51,790 INFO  server.RaftServerConfigKeys (ConfUtils.java:logGet(43)) - raft.server.log.write.buffer.size = 33554432 (custom)
2019-06-13 09:33:51,790 INFO  server.RaftServerConfigKeys (ConfUtils.java:logGet(43)) - raft.server.log.force.sync.num = 128 (default)
2019-06-13 09:33:51,790 INFO  server.RaftServerConfigKeys (ConfUtils.java:logGet(43)) - raft.server.log.statemachine.data.sync = true (default)
2019-06-13 09:33:51,790 INFO  server.RaftServerConfigKeys (ConfUtils.java:logGet(43)) - raft.server.log.statemachine.data.sync.timeout = 10s (default)
2019-06-13 09:33:51,790 INFO  server.RaftServerConfigKeys (ConfUtils.java:logGet(43)) - raft.server.log.statemachine.data.sync.timeout.retry = -1 (default)
2019-06-13 09:33:51,790 INFO  server.RaftServerConfigKeys (ConfUtils.java:logGet(43)) - raft.server.log.statemachine.data.caching.enabled = true (custom)
2019-06-13 09:33:51,790 INFO  server.RaftServerConfigKeys (ConfUtils.java:logGet(43)) - raft.server.snapshot.auto.trigger.enabled = true (custom)
2019-06-13 09:33:51,790 INFO  server.RaftServerConfigKeys (ConfUtils.java:logGet(43)) - raft.server.snapshot.auto.trigger.threshold = 10000 (custom)
2019-06-13 09:33:51,791 INFO  server.RaftServerConfigKeys (ConfUtils.java:logGet(43)) - raft.server.retrycache.expirytime = 600000ms (custom)
2019-06-13 09:33:51,791 INFO  impl.RaftServerImpl (RaftServerImpl.java:start(173)) - 04e16cb4-262b-4cb6-9b48-233a353eed6a: start group-E213E30E68CA
2019-06-13 09:33:51,791 INFO  impl.RaftServerImpl (RaftServerImpl.java:setRole(164)) - 04e16cb4-262b-4cb6-9b48-233a353eed6a:group-E213E30E68CA changes role from null to FOLLOWER at term 0 for startAsFollower
2019-06-13 09:33:51,791 INFO  impl.RoleInfo (RoleInfo.java:updateAndGet(143)) - 04e16cb4-262b-4cb6-9b48-233a353eed6a: start FollowerState
2019-06-13 09:33:51,791 INFO  util.JmxRegister (JmxRegister.java:tryRegister(44)) - Successfully registered JMX Bean with object name Ratis:service=RaftServer,group=group-E213E30E68CA,id=04e16cb4-262b-4cb6-9b48-233a353eed6a
2019-06-13 09:33:51,798 INFO  pipeline.PipelineStateManager (PipelineStateManager.java:addPipeline(56)) - Created pipeline Pipeline[ Id: 51c27da6-5a62-48af-b6a7-e213e30e68ca, Nodes: 04e16cb4-262b-4cb6-9b48-233a353eed6a{ip: 192.168.46.32, host: ozone-klxsl-4228770323, networkLocation: /default-rack, certSerialId: null}, Type:RATIS, Factor:ONE, State:OPEN]
2019-06-13 09:33:51,812 INFO  impl.RaftServerProxy (RaftServerProxy.java:addNew(89)) - 04e16cb4-262b-4cb6-9b48-233a353eed6a: addNew group-F22ED29C7DD3:[9775cc78-2c89-4a13-92bf-b6c7d1412791:192.168.46.32:45007, a9fd369b-06d9-4c8a-a227-7b28544dbd10:192.168.46.32:39567, 04e16cb4-262b-4cb6-9b48-233a353eed6a:192.168.46.32:34681] returns group-F22ED29C7DD3:java.util.concurrent.CompletableFuture@30cf4828[Not completed]
2019-06-13 09:33:51,813 INFO  impl.RaftServerImpl (RaftServerImpl.java:<init>(91)) - 04e16cb4-262b-4cb6-9b48-233a353eed6a: new RaftServerImpl for group-F22ED29C7DD3:[9775cc78-2c89-4a13-92bf-b6c7d1412791:192.168.46.32:45007, a9fd369b-06d9-4c8a-a227-7b28544dbd10:192.168.46.32:39567, 04e16cb4-262b-4cb6-9b48-233a353eed6a:192.168.46.32:34681] with ContainerStateMachine:uninitialized
2019-06-13 09:33:51,813 INFO  server.RaftServerConfigKeys (ConfUtils.java:logGet(43)) - raft.server.rpc.timeout.min = 1s (custom)
2019-06-13 09:33:51,814 INFO  server.RaftServerConfigKeys (ConfUtils.java:logGet(43)) - raft.server.rpc.timeout.max = 1200ms (custom)
2019-06-13 09:33:51,814 INFO  server.RaftServerConfigKeys (ConfUtils.java:logGet(43)) - raft.server.rpcslowness.timeout = 10s (custom)
2019-06-13 09:33:51,814 INFO  server.RaftServerConfigKeys (ConfUtils.java:logGet(43)) - raft.server.log.appender.install.snapshot.enabled = true (default)
2019-06-13 09:33:51,814 INFO  impl.RaftServerImpl (ServerState.java:<init>(101)) - 04e16cb4-262b-4cb6-9b48-233a353eed6a:group-F22ED29C7DD3 ConfigurationManager, init=-1: [9775cc78-2c89-4a13-92bf-b6c7d1412791:192.168.46.32:45007, a9fd369b-06d9-4c8a-a227-7b28544dbd10:192.168.46.32:39567, 04e16cb4-262b-4cb6-9b48-233a353eed6a:192.168.46.32:34681], old=null, confs=<EMPTY_MAP>
2019-06-13 09:33:51,814 INFO  server.RaftServerConfigKeys (ConfUtils.java:logGet(43)) - raft.server.storage.dir = [/opt/src/hadoop-ozone/integration-test/target/test-dir/MiniOzoneClusterImpl-f391319c-fd39-4aec-940e-c1a5352b15d7/datanode-5/data/ratis] (custom)
2019-06-13 09:33:51,814 INFO  storage.RaftStorageDirectory (RaftStorageDirectory.java:analyzeStorage(246)) - The storage directory /opt/src/hadoop-ozone/integration-test/target/test-dir/MiniOzoneClusterImpl-f391319c-fd39-4aec-940e-c1a5352b15d7/datanode-5/data/ratis/7ec67c73-0b5a-40d1-a74e-f22ed29c7dd3 does not exist. Creating ...
2019-06-13 09:33:51,816 INFO  storage.RaftStorageDirectory (RaftStorageDirectory.java:tryLock(328)) - Lock on /opt/src/hadoop-ozone/integration-test/target/test-dir/MiniOzoneClusterImpl-f391319c-fd39-4aec-940e-c1a5352b15d7/datanode-5/data/ratis/7ec67c73-0b5a-40d1-a74e-f22ed29c7dd3/in_use.lock acquired by nodename 10120@ozone-klxsl-4228770323
2019-06-13 09:33:51,818 INFO  storage.RaftStorage (RaftStorage.java:format(75)) - Storage directory /opt/src/hadoop-ozone/integration-test/target/test-dir/MiniOzoneClusterImpl-f391319c-fd39-4aec-940e-c1a5352b15d7/datanode-5/data/ratis/7ec67c73-0b5a-40d1-a74e-f22ed29c7dd3 has been successfully formatted.
2019-06-13 09:33:51,819 INFO  ratis.ContainerStateMachine (ContainerStateMachine.java:loadSnapshot(199)) - The snapshot info is null.Setting the last applied index to:(t:0, i:~)
2019-06-13 09:33:51,819 INFO  server.RaftServerConfigKeys (ConfUtils.java:logGet(43)) - raft.server.leader.election.timeout = 10s (custom)
2019-06-13 09:33:51,819 INFO  server.RaftServerConfigKeys (ConfUtils.java:logGet(43)) - raft.server.log.use.memory = false (default)
2019-06-13 09:33:51,819 INFO  server.RaftServerConfigKeys (ConfUtils.java:logGet(43)) - raft.server.log.appender.buffer.byte-limit = 33554432 (custom)
2019-06-13 09:33:51,819 INFO  server.RaftServerConfigKeys (ConfUtils.java:logGet(43)) - raft.server.log.segment.size.max = 16384 (custom)
2019-06-13 09:33:51,819 INFO  server.RaftServerConfigKeys (ConfUtils.java:logGet(43)) - raft.server.log.segment.cache.num.max = 2 (custom)
2019-06-13 09:33:51,819 INFO  storage.RaftLogWorker (RaftLogWorker.java:<init>(123)) - new 04e16cb4-262b-4cb6-9b48-233a353eed6a-RaftLogWorker for Storage Directory /opt/src/hadoop-ozone/integration-test/target/test-dir/MiniOzoneClusterImpl-f391319c-fd39-4aec-940e-c1a5352b15d7/datanode-5/data/ratis/7ec67c73-0b5a-40d1-a74e-f22ed29c7dd3
2019-06-13 09:33:51,819 INFO  server.RaftServerConfigKeys (ConfUtils.java:logGet(43)) - raft.server.log.queue.byte-limit = 2147483647 (custom)
2019-06-13 09:33:51,819 INFO  server.RaftServerConfigKeys (ConfUtils.java:logGet(43)) - raft.server.log.queue.element-limit = 1024 (custom)
2019-06-13 09:33:51,820 INFO  server.RaftServerConfigKeys (ConfUtils.java:logGet(43)) - raft.server.log.segment.size.max = 16384 (custom)
2019-06-13 09:33:51,820 INFO  server.RaftServerConfigKeys (ConfUtils.java:logGet(43)) - raft.server.log.preallocated.size = 16384 (custom)
2019-06-13 09:33:51,820 INFO  server.RaftServerConfigKeys (ConfUtils.java:logGet(43)) - raft.server.log.write.buffer.size = 33554432 (custom)
2019-06-13 09:33:51,820 INFO  server.RaftServerConfigKeys (ConfUtils.java:logGet(43)) - raft.server.log.force.sync.num = 128 (default)
2019-06-13 09:33:51,820 INFO  server.RaftServerConfigKeys (ConfUtils.java:logGet(43)) - raft.server.log.statemachine.data.sync = true (default)
2019-06-13 09:33:51,820 INFO  server.RaftServerConfigKeys (ConfUtils.java:logGet(43)) - raft.server.log.statemachine.data.sync.timeout = 10s (default)
2019-06-13 09:33:51,820 INFO  server.RaftServerConfigKeys (ConfUtils.java:logGet(43)) - raft.server.log.statemachine.data.sync.timeout.retry = -1 (default)
2019-06-13 09:33:51,820 INFO  server.RaftServerConfigKeys (ConfUtils.java:logGet(43)) - raft.server.log.statemachine.data.caching.enabled = true (custom)
2019-06-13 09:33:51,821 INFO  server.RaftServerConfigKeys (ConfUtils.java:logGet(43)) - raft.server.snapshot.auto.trigger.enabled = true (custom)
2019-06-13 09:33:51,821 INFO  server.RaftServerConfigKeys (ConfUtils.java:logGet(43)) - raft.server.snapshot.auto.trigger.threshold = 10000 (custom)
2019-06-13 09:33:51,821 INFO  server.RaftServerConfigKeys (ConfUtils.java:logGet(43)) - raft.server.retrycache.expirytime = 600000ms (custom)
2019-06-13 09:33:51,821 INFO  impl.RaftServerImpl (RaftServerImpl.java:start(173)) - 04e16cb4-262b-4cb6-9b48-233a353eed6a: start group-F22ED29C7DD3
2019-06-13 09:33:51,821 INFO  impl.RaftServerImpl (RaftServerImpl.java:setRole(164)) - 04e16cb4-262b-4cb6-9b48-233a353eed6a:group-F22ED29C7DD3 changes role from null to FOLLOWER at term 0 for startAsFollower
2019-06-13 09:33:51,821 INFO  impl.RoleInfo (RoleInfo.java:updateAndGet(143)) - 04e16cb4-262b-4cb6-9b48-233a353eed6a: start FollowerState
2019-06-13 09:33:51,822 INFO  util.JmxRegister (JmxRegister.java:tryRegister(44)) - Successfully registered JMX Bean with object name Ratis:service=RaftServer,group=group-F22ED29C7DD3,id=04e16cb4-262b-4cb6-9b48-233a353eed6a
2019-06-13 09:33:51,827 INFO  impl.RaftServerProxy (RaftServerProxy.java:addNew(89)) - a9fd369b-06d9-4c8a-a227-7b28544dbd10: addNew group-F22ED29C7DD3:[9775cc78-2c89-4a13-92bf-b6c7d1412791:192.168.46.32:45007, a9fd369b-06d9-4c8a-a227-7b28544dbd10:192.168.46.32:39567, 04e16cb4-262b-4cb6-9b48-233a353eed6a:192.168.46.32:34681] returns group-F22ED29C7DD3:java.util.concurrent.CompletableFuture@34f0cae9[Not completed]
2019-06-13 09:33:51,827 INFO  impl.RaftServerProxy (RaftServerProxy.java:addNew(89)) - 9775cc78-2c89-4a13-92bf-b6c7d1412791: addNew group-F22ED29C7DD3:[9775cc78-2c89-4a13-92bf-b6c7d1412791:192.168.46.32:45007, a9fd369b-06d9-4c8a-a227-7b28544dbd10:192.168.46.32:39567, 04e16cb4-262b-4cb6-9b48-233a353eed6a:192.168.46.32:34681] returns group-F22ED29C7DD3:java.util.concurrent.CompletableFuture@4e24b132[Not completed]
2019-06-13 09:33:51,828 INFO  impl.RaftServerImpl (RaftServerImpl.java:<init>(91)) - 9775cc78-2c89-4a13-92bf-b6c7d1412791: new RaftServerImpl for group-F22ED29C7DD3:[9775cc78-2c89-4a13-92bf-b6c7d1412791:192.168.46.32:45007, a9fd369b-06d9-4c8a-a227-7b28544dbd10:192.168.46.32:39567, 04e16cb4-262b-4cb6-9b48-233a353eed6a:192.168.46.32:34681] with ContainerStateMachine:uninitialized
2019-06-13 09:33:51,828 INFO  server.RaftServerConfigKeys (ConfUtils.java:logGet(43)) - raft.server.rpc.timeout.min = 1s (custom)
2019-06-13 09:33:51,828 INFO  server.RaftServerConfigKeys (ConfUtils.java:logGet(43)) - raft.server.rpc.timeout.max = 1200ms (custom)
2019-06-13 09:33:51,828 INFO  server.RaftServerConfigKeys (ConfUtils.java:logGet(43)) - raft.server.rpcslowness.timeout = 10s (custom)
2019-06-13 09:33:51,828 INFO  server.RaftServerConfigKeys (ConfUtils.java:logGet(43)) - raft.server.log.appender.install.snapshot.enabled = true (default)
2019-06-13 09:33:51,828 INFO  impl.RaftServerImpl (ServerState.java:<init>(101)) - 9775cc78-2c89-4a13-92bf-b6c7d1412791:group-F22ED29C7DD3 ConfigurationManager, init=-1: [9775cc78-2c89-4a13-92bf-b6c7d1412791:192.168.46.32:45007, a9fd369b-06d9-4c8a-a227-7b28544dbd10:192.168.46.32:39567, 04e16cb4-262b-4cb6-9b48-233a353eed6a:192.168.46.32:34681], old=null, confs=<EMPTY_MAP>
2019-06-13 09:33:51,829 INFO  server.RaftServerConfigKeys (ConfUtils.java:logGet(43)) - raft.server.storage.dir = [/opt/src/hadoop-ozone/integration-test/target/test-dir/MiniOzoneClusterImpl-f391319c-fd39-4aec-940e-c1a5352b15d7/datanode-3/data/ratis] (custom)
2019-06-13 09:33:51,829 INFO  impl.RaftServerImpl (RaftServerImpl.java:<init>(91)) - a9fd369b-06d9-4c8a-a227-7b28544dbd10: new RaftServerImpl for group-F22ED29C7DD3:[9775cc78-2c89-4a13-92bf-b6c7d1412791:192.168.46.32:45007, a9fd369b-06d9-4c8a-a227-7b28544dbd10:192.168.46.32:39567, 04e16cb4-262b-4cb6-9b48-233a353eed6a:192.168.46.32:34681] with ContainerStateMachine:uninitialized
2019-06-13 09:33:51,829 INFO  server.RaftServerConfigKeys (ConfUtils.java:logGet(43)) - raft.server.rpc.timeout.min = 1s (custom)
2019-06-13 09:33:51,829 INFO  server.RaftServerConfigKeys (ConfUtils.java:logGet(43)) - raft.server.rpc.timeout.max = 1200ms (custom)
2019-06-13 09:33:51,831 INFO  server.RaftServerConfigKeys (ConfUtils.java:logGet(43)) - raft.server.rpcslowness.timeout = 10s (custom)
2019-06-13 09:33:51,829 INFO  storage.RaftStorageDirectory (RaftStorageDirectory.java:analyzeStorage(246)) - The storage directory /opt/src/hadoop-ozone/integration-test/target/test-dir/MiniOzoneClusterImpl-f391319c-fd39-4aec-940e-c1a5352b15d7/datanode-3/data/ratis/7ec67c73-0b5a-40d1-a74e-f22ed29c7dd3 does not exist. Creating ...
2019-06-13 09:33:51,832 INFO  server.RaftServerConfigKeys (ConfUtils.java:logGet(43)) - raft.server.log.appender.install.snapshot.enabled = true (default)
2019-06-13 09:33:51,832 INFO  impl.RaftServerImpl (ServerState.java:<init>(101)) - a9fd369b-06d9-4c8a-a227-7b28544dbd10:group-F22ED29C7DD3 ConfigurationManager, init=-1: [9775cc78-2c89-4a13-92bf-b6c7d1412791:192.168.46.32:45007, a9fd369b-06d9-4c8a-a227-7b28544dbd10:192.168.46.32:39567, 04e16cb4-262b-4cb6-9b48-233a353eed6a:192.168.46.32:34681], old=null, confs=<EMPTY_MAP>
2019-06-13 09:33:51,832 INFO  server.RaftServerConfigKeys (ConfUtils.java:logGet(43)) - raft.server.storage.dir = [/opt/src/hadoop-ozone/integration-test/target/test-dir/MiniOzoneClusterImpl-f391319c-fd39-4aec-940e-c1a5352b15d7/datanode-4/data/ratis] (custom)
2019-06-13 09:33:51,832 INFO  storage.RaftStorageDirectory (RaftStorageDirectory.java:analyzeStorage(246)) - The storage directory /opt/src/hadoop-ozone/integration-test/target/test-dir/MiniOzoneClusterImpl-f391319c-fd39-4aec-940e-c1a5352b15d7/datanode-4/data/ratis/7ec67c73-0b5a-40d1-a74e-f22ed29c7dd3 does not exist. Creating ...
2019-06-13 09:33:51,834 INFO  storage.RaftStorageDirectory (RaftStorageDirectory.java:tryLock(328)) - Lock on /opt/src/hadoop-ozone/integration-test/target/test-dir/MiniOzoneClusterImpl-f391319c-fd39-4aec-940e-c1a5352b15d7/datanode-3/data/ratis/7ec67c73-0b5a-40d1-a74e-f22ed29c7dd3/in_use.lock acquired by nodename 10120@ozone-klxsl-4228770323
2019-06-13 09:33:51,836 INFO  storage.RaftStorageDirectory (RaftStorageDirectory.java:tryLock(328)) - Lock on /opt/src/hadoop-ozone/integration-test/target/test-dir/MiniOzoneClusterImpl-f391319c-fd39-4aec-940e-c1a5352b15d7/datanode-4/data/ratis/7ec67c73-0b5a-40d1-a74e-f22ed29c7dd3/in_use.lock acquired by nodename 10120@ozone-klxsl-4228770323
2019-06-13 09:33:51,836 INFO  storage.RaftStorage (RaftStorage.java:format(75)) - Storage directory /opt/src/hadoop-ozone/integration-test/target/test-dir/MiniOzoneClusterImpl-f391319c-fd39-4aec-940e-c1a5352b15d7/datanode-3/data/ratis/7ec67c73-0b5a-40d1-a74e-f22ed29c7dd3 has been successfully formatted.
2019-06-13 09:33:51,836 INFO  ratis.ContainerStateMachine (ContainerStateMachine.java:loadSnapshot(199)) - The snapshot info is null.Setting the last applied index to:(t:0, i:~)
2019-06-13 09:33:51,836 INFO  server.RaftServerConfigKeys (ConfUtils.java:logGet(43)) - raft.server.leader.election.timeout = 10s (custom)
2019-06-13 09:33:51,837 INFO  server.RaftServerConfigKeys (ConfUtils.java:logGet(43)) - raft.server.log.use.memory = false (default)
2019-06-13 09:33:51,837 INFO  server.RaftServerConfigKeys (ConfUtils.java:logGet(43)) - raft.server.log.appender.buffer.byte-limit = 33554432 (custom)
2019-06-13 09:33:51,837 INFO  server.RaftServerConfigKeys (ConfUtils.java:logGet(43)) - raft.server.log.segment.size.max = 16384 (custom)
2019-06-13 09:33:51,837 INFO  server.RaftServerConfigKeys (ConfUtils.java:logGet(43)) - raft.server.log.segment.cache.num.max = 2 (custom)
2019-06-13 09:33:51,837 INFO  storage.RaftLogWorker (RaftLogWorker.java:<init>(123)) - new 9775cc78-2c89-4a13-92bf-b6c7d1412791-RaftLogWorker for Storage Directory /opt/src/hadoop-ozone/integration-test/target/test-dir/MiniOzoneClusterImpl-f391319c-fd39-4aec-940e-c1a5352b15d7/datanode-3/data/ratis/7ec67c73-0b5a-40d1-a74e-f22ed29c7dd3
2019-06-13 09:33:51,837 INFO  server.RaftServerConfigKeys (ConfUtils.java:logGet(43)) - raft.server.log.queue.byte-limit = 2147483647 (custom)
2019-06-13 09:33:51,837 INFO  server.RaftServerConfigKeys (ConfUtils.java:logGet(43)) - raft.server.log.queue.element-limit = 1024 (custom)
2019-06-13 09:33:51,837 INFO  server.RaftServerConfigKeys (ConfUtils.java:logGet(43)) - raft.server.log.segment.size.max = 16384 (custom)
2019-06-13 09:33:51,837 INFO  server.RaftServerConfigKeys (ConfUtils.java:logGet(43)) - raft.server.log.preallocated.size = 16384 (custom)
2019-06-13 09:33:51,837 INFO  server.RaftServerConfigKeys (ConfUtils.java:logGet(43)) - raft.server.log.write.buffer.size = 33554432 (custom)
2019-06-13 09:33:51,837 INFO  server.RaftServerConfigKeys (ConfUtils.java:logGet(43)) - raft.server.log.force.sync.num = 128 (default)
2019-06-13 09:33:51,838 INFO  server.RaftServerConfigKeys (ConfUtils.java:logGet(43)) - raft.server.log.statemachine.data.sync = true (default)
2019-06-13 09:33:51,838 INFO  server.RaftServerConfigKeys (ConfUtils.java:logGet(43)) - raft.server.log.statemachine.data.sync.timeout = 10s (default)
2019-06-13 09:33:51,838 INFO  server.RaftServerConfigKeys (ConfUtils.java:logGet(43)) - raft.server.log.statemachine.data.sync.timeout.retry = -1 (default)
2019-06-13 09:33:51,838 INFO  server.RaftServerConfigKeys (ConfUtils.java:logGet(43)) - raft.server.log.statemachine.data.caching.enabled = true (custom)
2019-06-13 09:33:51,838 INFO  server.RaftServerConfigKeys (ConfUtils.java:logGet(43)) - raft.server.snapshot.auto.trigger.enabled = true (custom)
2019-06-13 09:33:51,838 INFO  server.RaftServerConfigKeys (ConfUtils.java:logGet(43)) - raft.server.snapshot.auto.trigger.threshold = 10000 (custom)
2019-06-13 09:33:51,838 INFO  storage.RaftStorage (RaftStorage.java:format(75)) - Storage directory /opt/src/hadoop-ozone/integration-test/target/test-dir/MiniOzoneClusterImpl-f391319c-fd39-4aec-940e-c1a5352b15d7/datanode-4/data/ratis/7ec67c73-0b5a-40d1-a74e-f22ed29c7dd3 has been successfully formatted.
2019-06-13 09:33:51,838 INFO  server.RaftServerConfigKeys (ConfUtils.java:logGet(43)) - raft.server.retrycache.expirytime = 600000ms (custom)
2019-06-13 09:33:51,838 INFO  ratis.ContainerStateMachine (ContainerStateMachine.java:loadSnapshot(199)) - The snapshot info is null.Setting the last applied index to:(t:0, i:~)
2019-06-13 09:33:51,838 INFO  impl.RaftServerImpl (RaftServerImpl.java:start(173)) - 9775cc78-2c89-4a13-92bf-b6c7d1412791: start group-F22ED29C7DD3
2019-06-13 09:33:51,839 INFO  server.RaftServerConfigKeys (ConfUtils.java:logGet(43)) - raft.server.leader.election.timeout = 10s (custom)
2019-06-13 09:33:51,839 INFO  impl.RaftServerImpl (RaftServerImpl.java:setRole(164)) - 9775cc78-2c89-4a13-92bf-b6c7d1412791:group-F22ED29C7DD3 changes role from null to FOLLOWER at term 0 for startAsFollower
2019-06-13 09:33:51,839 INFO  server.RaftServerConfigKeys (ConfUtils.java:logGet(43)) - raft.server.log.use.memory = false (default)
2019-06-13 09:33:51,839 INFO  impl.RoleInfo (RoleInfo.java:updateAndGet(143)) - 9775cc78-2c89-4a13-92bf-b6c7d1412791: start FollowerState
2019-06-13 09:33:51,839 INFO  server.RaftServerConfigKeys (ConfUtils.java:logGet(43)) - raft.server.log.appender.buffer.byte-limit = 33554432 (custom)
2019-06-13 09:33:51,839 INFO  server.RaftServerConfigKeys (ConfUtils.java:logGet(43)) - raft.server.log.segment.size.max = 16384 (custom)
2019-06-13 09:33:51,839 INFO  server.RaftServerConfigKeys (ConfUtils.java:logGet(43)) - raft.server.log.segment.cache.num.max = 2 (custom)
2019-06-13 09:33:51,839 INFO  storage.RaftLogWorker (RaftLogWorker.java:<init>(123)) - new a9fd369b-06d9-4c8a-a227-7b28544dbd10-RaftLogWorker for Storage Directory /opt/src/hadoop-ozone/integration-test/target/test-dir/MiniOzoneClusterImpl-f391319c-fd39-4aec-940e-c1a5352b15d7/datanode-4/data/ratis/7ec67c73-0b5a-40d1-a74e-f22ed29c7dd3
2019-06-13 09:33:51,839 INFO  server.RaftServerConfigKeys (ConfUtils.java:logGet(43)) - raft.server.log.queue.byte-limit = 2147483647 (custom)
2019-06-13 09:33:51,839 INFO  server.RaftServerConfigKeys (ConfUtils.java:logGet(43)) - raft.server.log.queue.element-limit = 1024 (custom)
2019-06-13 09:33:51,839 INFO  server.RaftServerConfigKeys (ConfUtils.java:logGet(43)) - raft.server.log.segment.size.max = 16384 (custom)
2019-06-13 09:33:51,840 INFO  server.RaftServerConfigKeys (ConfUtils.java:logGet(43)) - raft.server.log.preallocated.size = 16384 (custom)
2019-06-13 09:33:51,840 INFO  server.RaftServerConfigKeys (ConfUtils.java:logGet(43)) - raft.server.log.write.buffer.size = 33554432 (custom)
2019-06-13 09:33:51,840 INFO  server.RaftServerConfigKeys (ConfUtils.java:logGet(43)) - raft.server.log.force.sync.num = 128 (default)
2019-06-13 09:33:51,840 INFO  server.RaftServerConfigKeys (ConfUtils.java:logGet(43)) - raft.server.log.statemachine.data.sync = true (default)
2019-06-13 09:33:51,840 INFO  server.RaftServerConfigKeys (ConfUtils.java:logGet(43)) - raft.server.log.statemachine.data.sync.timeout = 10s (default)
2019-06-13 09:33:51,840 INFO  server.RaftServerConfigKeys (ConfUtils.java:logGet(43)) - raft.server.log.statemachine.data.sync.timeout.retry = -1 (default)
2019-06-13 09:33:51,840 INFO  server.RaftServerConfigKeys (ConfUtils.java:logGet(43)) - raft.server.log.statemachine.data.caching.enabled = true (custom)
2019-06-13 09:33:51,840 INFO  util.JmxRegister (JmxRegister.java:tryRegister(44)) - Successfully registered JMX Bean with object name Ratis:service=RaftServer,group=group-F22ED29C7DD3,id=9775cc78-2c89-4a13-92bf-b6c7d1412791
2019-06-13 09:33:51,840 INFO  server.RaftServerConfigKeys (ConfUtils.java:logGet(43)) - raft.server.snapshot.auto.trigger.enabled = true (custom)
2019-06-13 09:33:51,841 INFO  server.RaftServerConfigKeys (ConfUtils.java:logGet(43)) - raft.server.snapshot.auto.trigger.threshold = 10000 (custom)
2019-06-13 09:33:51,841 INFO  server.RaftServerConfigKeys (ConfUtils.java:logGet(43)) - raft.server.retrycache.expirytime = 600000ms (custom)
2019-06-13 09:33:51,841 INFO  impl.RaftServerImpl (RaftServerImpl.java:start(173)) - a9fd369b-06d9-4c8a-a227-7b28544dbd10: start group-F22ED29C7DD3
2019-06-13 09:33:51,841 INFO  impl.RaftServerImpl (RaftServerImpl.java:setRole(164)) - a9fd369b-06d9-4c8a-a227-7b28544dbd10:group-F22ED29C7DD3 changes role from null to FOLLOWER at term 0 for startAsFollower
2019-06-13 09:33:51,841 INFO  impl.RoleInfo (RoleInfo.java:updateAndGet(143)) - a9fd369b-06d9-4c8a-a227-7b28544dbd10: start FollowerState
2019-06-13 09:33:51,841 INFO  util.JmxRegister (JmxRegister.java:tryRegister(44)) - Successfully registered JMX Bean with object name Ratis:service=RaftServer,group=group-F22ED29C7DD3,id=a9fd369b-06d9-4c8a-a227-7b28544dbd10
2019-06-13 09:33:51,856 INFO  pipeline.PipelineStateManager (PipelineStateManager.java:addPipeline(56)) - Created pipeline Pipeline[ Id: 7ec67c73-0b5a-40d1-a74e-f22ed29c7dd3, Nodes: a9fd369b-06d9-4c8a-a227-7b28544dbd10{ip: 192.168.46.32, host: ozone-klxsl-4228770323, networkLocation: /default-rack, certSerialId: null}04e16cb4-262b-4cb6-9b48-233a353eed6a{ip: 192.168.46.32, host: ozone-klxsl-4228770323, networkLocation: /default-rack, certSerialId: null}9775cc78-2c89-4a13-92bf-b6c7d1412791{ip: 192.168.46.32, host: ozone-klxsl-4228770323, networkLocation: /default-rack, certSerialId: null}, Type:RATIS, Factor:THREE, State:OPEN]
2019-06-13 09:33:52,445 INFO  impl.FollowerState (FollowerState.java:run(101)) - 5ddc816c-6562-4154-9025-2f9f2b0347fc:group-2F79D0E9BD57 changes to CANDIDATE, lastRpcTime:1018, electionTimeout:1017ms
2019-06-13 09:33:52,445 INFO  impl.RoleInfo (RoleInfo.java:shutdownFollowerState(121)) - 5ddc816c-6562-4154-9025-2f9f2b0347fc: shutdown FollowerState
2019-06-13 09:33:52,445 INFO  impl.RaftServerImpl (RaftServerImpl.java:setRole(164)) - 5ddc816c-6562-4154-9025-2f9f2b0347fc:group-2F79D0E9BD57 changes role from FOLLOWER to CANDIDATE at term 0 for changeToCandidate
2019-06-13 09:33:52,447 INFO  impl.RoleInfo (RoleInfo.java:updateAndGet(143)) - 5ddc816c-6562-4154-9025-2f9f2b0347fc: start LeaderElection
2019-06-13 09:33:52,454 INFO  impl.LeaderElection (LeaderElection.java:askForVotes(181)) - 5ddc816c-6562-4154-9025-2f9f2b0347fc:group-2F79D0E9BD57:LeaderElection1: begin an election at term 1 for -1: [5ddc816c-6562-4154-9025-2f9f2b0347fc:192.168.46.32:45149], old=null
2019-06-13 09:33:52,456 INFO  impl.RoleInfo (RoleInfo.java:shutdownLeaderElection(134)) - 5ddc816c-6562-4154-9025-2f9f2b0347fc: shutdown LeaderElection
2019-06-13 09:33:52,456 INFO  impl.RaftServerImpl (RaftServerImpl.java:setRole(164)) - 5ddc816c-6562-4154-9025-2f9f2b0347fc:group-2F79D0E9BD57 changes role from CANDIDATE to LEADER at term 1 for changeToLeader
2019-06-13 09:33:52,456 INFO  impl.RaftServerImpl (ServerState.java:setLeader(263)) - 5ddc816c-6562-4154-9025-2f9f2b0347fc:group-2F79D0E9BD57 change Leader from null to 5ddc816c-6562-4154-9025-2f9f2b0347fc at term 1 for becomeLeader, leader elected after 1033ms
2019-06-13 09:33:52,462 INFO  server.RaftServerConfigKeys (ConfUtils.java:logGet(43)) - raft.server.staging.catchup.gap = 1000 (default)
2019-06-13 09:33:52,462 INFO  server.RaftServerConfigKeys (ConfUtils.java:logGet(43)) - raft.server.rpc.sleep.time = 25ms (default)
2019-06-13 09:33:52,464 INFO  server.RaftServerConfigKeys (ConfUtils.java:logGet(43)) - raft.server.watch.timeout = 10s (default)
2019-06-13 09:33:52,464 INFO  server.RaftServerConfigKeys (ConfUtils.java:logGet(43)) - raft.server.watch.timeout.denomination = 1s (default)
2019-06-13 09:33:52,470 INFO  impl.RoleInfo (RoleInfo.java:updateAndGet(143)) - 5ddc816c-6562-4154-9025-2f9f2b0347fc: start LeaderState
2019-06-13 09:33:52,487 INFO  impl.FollowerState (FollowerState.java:run(101)) - 87157fdf-aa89-4c1e-bd64-951a415bebc0:group-17DEEA1AF299 changes to CANDIDATE, lastRpcTime:1133, electionTimeout:1131ms
2019-06-13 09:33:52,489 INFO  impl.RoleInfo (RoleInfo.java:shutdownFollowerState(121)) - 87157fdf-aa89-4c1e-bd64-951a415bebc0: shutdown FollowerState
2019-06-13 09:33:52,489 INFO  impl.RaftServerImpl (RaftServerImpl.java:setRole(164)) - 87157fdf-aa89-4c1e-bd64-951a415bebc0:group-17DEEA1AF299 changes role from FOLLOWER to CANDIDATE at term 0 for changeToCandidate
2019-06-13 09:33:52,489 INFO  impl.RoleInfo (RoleInfo.java:updateAndGet(143)) - 87157fdf-aa89-4c1e-bd64-951a415bebc0: start LeaderElection
2019-06-13 09:33:52,491 INFO  storage.RaftLogWorker (RaftLogWorker.java:startLogSegment(298)) - 5ddc816c-6562-4154-9025-2f9f2b0347fc-RaftLogWorker: Starting segment from index:0
2019-06-13 09:33:52,495 INFO  impl.LeaderElection (LeaderElection.java:askForVotes(181)) - 87157fdf-aa89-4c1e-bd64-951a415bebc0:group-17DEEA1AF299:LeaderElection2: begin an election at term 1 for -1: [87157fdf-aa89-4c1e-bd64-951a415bebc0:192.168.46.32:38405], old=null
2019-06-13 09:33:52,497 INFO  impl.RoleInfo (RoleInfo.java:shutdownLeaderElection(134)) - 87157fdf-aa89-4c1e-bd64-951a415bebc0: shutdown LeaderElection
2019-06-13 09:33:52,497 INFO  impl.RaftServerImpl (RaftServerImpl.java:setRole(164)) - 87157fdf-aa89-4c1e-bd64-951a415bebc0:group-17DEEA1AF299 changes role from CANDIDATE to LEADER at term 1 for changeToLeader
2019-06-13 09:33:52,497 INFO  impl.RaftServerImpl (ServerState.java:setLeader(263)) - 87157fdf-aa89-4c1e-bd64-951a415bebc0:group-17DEEA1AF299 change Leader from null to 87157fdf-aa89-4c1e-bd64-951a415bebc0 at term 1 for becomeLeader, leader elected after 1309ms
2019-06-13 09:33:52,497 INFO  server.RaftServerConfigKeys (ConfUtils.java:logGet(43)) - raft.server.staging.catchup.gap = 1000 (default)
2019-06-13 09:33:52,497 INFO  server.RaftServerConfigKeys (ConfUtils.java:logGet(43)) - raft.server.rpc.sleep.time = 25ms (default)
2019-06-13 09:33:52,497 INFO  server.RaftServerConfigKeys (ConfUtils.java:logGet(43)) - raft.server.watch.timeout = 10s (default)
2019-06-13 09:33:52,499 INFO  server.RaftServerConfigKeys (ConfUtils.java:logGet(43)) - raft.server.watch.timeout.denomination = 1s (default)
2019-06-13 09:33:52,500 INFO  impl.RoleInfo (RoleInfo.java:updateAndGet(143)) - 87157fdf-aa89-4c1e-bd64-951a415bebc0: start LeaderState
2019-06-13 09:33:52,500 INFO  storage.RaftLogWorker (RaftLogWorker.java:startLogSegment(298)) - 87157fdf-aa89-4c1e-bd64-951a415bebc0-RaftLogWorker: Starting segment from index:0
2019-06-13 09:33:52,512 INFO  impl.RaftServerImpl (ServerState.java:setRaftConf(361)) - 5ddc816c-6562-4154-9025-2f9f2b0347fc:group-2F79D0E9BD57 set configuration 0: [5ddc816c-6562-4154-9025-2f9f2b0347fc:192.168.46.32:45149], old=null at 0
2019-06-13 09:33:52,514 INFO  impl.RaftServerImpl (ServerState.java:setRaftConf(361)) - 87157fdf-aa89-4c1e-bd64-951a415bebc0:group-17DEEA1AF299 set configuration 0: [87157fdf-aa89-4c1e-bd64-951a415bebc0:192.168.46.32:38405], old=null at 0
2019-06-13 09:33:52,568 INFO  impl.FollowerState (FollowerState.java:run(101)) - 4b3fc15d-0c96-4d11-b908-36ab74ff70c3:group-5EBA785E521D changes to CANDIDATE, lastRpcTime:1084, electionTimeout:1084ms
2019-06-13 09:33:52,569 INFO  impl.RoleInfo (RoleInfo.java:shutdownFollowerState(121)) - 4b3fc15d-0c96-4d11-b908-36ab74ff70c3: shutdown FollowerState
2019-06-13 09:33:52,569 INFO  impl.RaftServerImpl (RaftServerImpl.java:setRole(164)) - 4b3fc15d-0c96-4d11-b908-36ab74ff70c3:group-5EBA785E521D changes role from FOLLOWER to CANDIDATE at term 0 for changeToCandidate
2019-06-13 09:33:52,569 INFO  impl.RoleInfo (RoleInfo.java:updateAndGet(143)) - 4b3fc15d-0c96-4d11-b908-36ab74ff70c3: start LeaderElection
2019-06-13 09:33:52,575 INFO  impl.LeaderElection (LeaderElection.java:askForVotes(181)) - 4b3fc15d-0c96-4d11-b908-36ab74ff70c3:group-5EBA785E521D:LeaderElection3: begin an election at term 1 for -1: [4b3fc15d-0c96-4d11-b908-36ab74ff70c3:192.168.46.32:43743], old=null
2019-06-13 09:33:52,575 INFO  impl.RoleInfo (RoleInfo.java:shutdownLeaderElection(134)) - 4b3fc15d-0c96-4d11-b908-36ab74ff70c3: shutdown LeaderElection
2019-06-13 09:33:52,575 INFO  impl.RaftServerImpl (RaftServerImpl.java:setRole(164)) - 4b3fc15d-0c96-4d11-b908-36ab74ff70c3:group-5EBA785E521D changes role from CANDIDATE to LEADER at term 1 for changeToLeader
2019-06-13 09:33:52,575 INFO  impl.RaftServerImpl (ServerState.java:setLeader(263)) - 4b3fc15d-0c96-4d11-b908-36ab74ff70c3:group-5EBA785E521D change Leader from null to 4b3fc15d-0c96-4d11-b908-36ab74ff70c3 at term 1 for becomeLeader, leader elected after 1092ms
2019-06-13 09:33:52,576 INFO  server.RaftServerConfigKeys (ConfUtils.java:logGet(43)) - raft.server.staging.catchup.gap = 1000 (default)
2019-06-13 09:33:52,576 INFO  server.RaftServerConfigKeys (ConfUtils.java:logGet(43)) - raft.server.rpc.sleep.time = 25ms (default)
2019-06-13 09:33:52,576 INFO  server.RaftServerConfigKeys (ConfUtils.java:logGet(43)) - raft.server.watch.timeout = 10s (default)
2019-06-13 09:33:52,576 INFO  server.RaftServerConfigKeys (ConfUtils.java:logGet(43)) - raft.server.watch.timeout.denomination = 1s (default)
2019-06-13 09:33:52,576 INFO  impl.RoleInfo (RoleInfo.java:updateAndGet(143)) - 4b3fc15d-0c96-4d11-b908-36ab74ff70c3: start LeaderState
2019-06-13 09:33:52,577 INFO  storage.RaftLogWorker (RaftLogWorker.java:startLogSegment(298)) - 4b3fc15d-0c96-4d11-b908-36ab74ff70c3-RaftLogWorker: Starting segment from index:0
2019-06-13 09:33:52,577 INFO  impl.RaftServerImpl (ServerState.java:setRaftConf(361)) - 4b3fc15d-0c96-4d11-b908-36ab74ff70c3:group-5EBA785E521D set configuration 0: [4b3fc15d-0c96-4d11-b908-36ab74ff70c3:192.168.46.32:43743], old=null at 0
2019-06-13 09:33:52,618 INFO  impl.FollowerState (FollowerState.java:run(101)) - 9775cc78-2c89-4a13-92bf-b6c7d1412791:group-FC03E5839E96 changes to CANDIDATE, lastRpcTime:1099, electionTimeout:1099ms
2019-06-13 09:33:52,619 INFO  impl.RoleInfo (RoleInfo.java:shutdownFollowerState(121)) - 9775cc78-2c89-4a13-92bf-b6c7d1412791: shutdown FollowerState
2019-06-13 09:33:52,619 INFO  impl.RaftServerImpl (RaftServerImpl.java:setRole(164)) - 9775cc78-2c89-4a13-92bf-b6c7d1412791:group-FC03E5839E96 changes role from FOLLOWER to CANDIDATE at term 0 for changeToCandidate
2019-06-13 09:33:52,619 INFO  impl.RoleInfo (RoleInfo.java:updateAndGet(143)) - 9775cc78-2c89-4a13-92bf-b6c7d1412791: start LeaderElection
2019-06-13 09:33:52,660 INFO  impl.LeaderElection (LeaderElection.java:askForVotes(181)) - 9775cc78-2c89-4a13-92bf-b6c7d1412791:group-FC03E5839E96:LeaderElection4: begin an election at term 1 for -1: [9775cc78-2c89-4a13-92bf-b6c7d1412791:192.168.46.32:45007], old=null
2019-06-13 09:33:52,660 INFO  impl.RoleInfo (RoleInfo.java:shutdownLeaderElection(134)) - 9775cc78-2c89-4a13-92bf-b6c7d1412791: shutdown LeaderElection
2019-06-13 09:33:52,661 INFO  impl.RaftServerImpl (RaftServerImpl.java:setRole(164)) - 9775cc78-2c89-4a13-92bf-b6c7d1412791:group-FC03E5839E96 changes role from CANDIDATE to LEADER at term 1 for changeToLeader
2019-06-13 09:33:52,662 INFO  impl.RaftServerImpl (ServerState.java:setLeader(263)) - 9775cc78-2c89-4a13-92bf-b6c7d1412791:group-FC03E5839E96 change Leader from null to 9775cc78-2c89-4a13-92bf-b6c7d1412791 at term 1 for becomeLeader, leader elected after 1146ms
2019-06-13 09:33:52,663 INFO  impl.FollowerState (FollowerState.java:run(101)) - 4b3fc15d-0c96-4d11-b908-36ab74ff70c3:group-2545846EA9CD changes to CANDIDATE, lastRpcTime:1080, electionTimeout:1079ms
2019-06-13 09:33:52,664 INFO  server.RaftServerConfigKeys (ConfUtils.java:logGet(43)) - raft.server.staging.catchup.gap = 1000 (default)
2019-06-13 09:33:52,664 INFO  impl.RoleInfo (RoleInfo.java:shutdownFollowerState(121)) - 4b3fc15d-0c96-4d11-b908-36ab74ff70c3: shutdown FollowerState
2019-06-13 09:33:52,664 INFO  server.RaftServerConfigKeys (ConfUtils.java:logGet(43)) - raft.server.rpc.sleep.time = 25ms (default)
2019-06-13 09:33:52,664 INFO  impl.RaftServerImpl (RaftServerImpl.java:setRole(164)) - 4b3fc15d-0c96-4d11-b908-36ab74ff70c3:group-2545846EA9CD changes role from FOLLOWER to CANDIDATE at term 0 for changeToCandidate
2019-06-13 09:33:52,664 INFO  server.RaftServerConfigKeys (ConfUtils.java:logGet(43)) - raft.server.watch.timeout = 10s (default)
2019-06-13 09:33:52,664 INFO  impl.FollowerState (FollowerState.java:run(101)) - 87157fdf-aa89-4c1e-bd64-951a415bebc0:group-2545846EA9CD changes to CANDIDATE, lastRpcTime:1085, electionTimeout:1084ms
2019-06-13 09:33:52,664 INFO  server.RaftServerConfigKeys (ConfUtils.java:logGet(43)) - raft.server.watch.timeout.denomination = 1s (default)
2019-06-13 09:33:52,664 INFO  impl.RoleInfo (RoleInfo.java:updateAndGet(143)) - 4b3fc15d-0c96-4d11-b908-36ab74ff70c3: start LeaderElection
2019-06-13 09:33:52,664 INFO  impl.RoleInfo (RoleInfo.java:shutdownFollowerState(121)) - 87157fdf-aa89-4c1e-bd64-951a415bebc0: shutdown FollowerState
2019-06-13 09:33:52,664 INFO  impl.RoleInfo (RoleInfo.java:updateAndGet(143)) - 9775cc78-2c89-4a13-92bf-b6c7d1412791: start LeaderState
2019-06-13 09:33:52,665 INFO  storage.RaftLogWorker (RaftLogWorker.java:execute(469)) - 4b3fc15d-0c96-4d11-b908-36ab74ff70c3-RaftLogWorker: created new log segment /opt/src/hadoop-ozone/integration-test/target/test-dir/MiniOzoneClusterImpl-f391319c-fd39-4aec-940e-c1a5352b15d7/datanode-2/data/ratis/6f9693ea-8d4c-4684-8d0f-5eba785e521d/current/log_inprogress_0
2019-06-13 09:33:52,665 INFO  storage.RaftLogWorker (RaftLogWorker.java:execute(469)) - 5ddc816c-6562-4154-9025-2f9f2b0347fc-RaftLogWorker: created new log segment /opt/src/hadoop-ozone/integration-test/target/test-dir/MiniOzoneClusterImpl-f391319c-fd39-4aec-940e-c1a5352b15d7/datanode-1/data/ratis/f5df36e5-e7b1-4d28-8581-2f79d0e9bd57/current/log_inprogress_0
2019-06-13 09:33:52,666 INFO  storage.RaftLogWorker (RaftLogWorker.java:startLogSegment(298)) - 9775cc78-2c89-4a13-92bf-b6c7d1412791-RaftLogWorker: Starting segment from index:0
2019-06-13 09:33:52,665 INFO  storage.RaftLogWorker (RaftLogWorker.java:execute(469)) - 87157fdf-aa89-4c1e-bd64-951a415bebc0-RaftLogWorker: created new log segment /opt/src/hadoop-ozone/integration-test/target/test-dir/MiniOzoneClusterImpl-f391319c-fd39-4aec-940e-c1a5352b15d7/datanode-0/data/ratis/f4939b67-9d47-4ed5-88e6-17deea1af299/current/log_inprogress_0
2019-06-13 09:33:52,664 INFO  impl.RaftServerImpl (RaftServerImpl.java:setRole(164)) - 87157fdf-aa89-4c1e-bd64-951a415bebc0:group-2545846EA9CD changes role from FOLLOWER to CANDIDATE at term 0 for changeToCandidate
2019-06-13 09:33:52,689 INFO  impl.RaftServerImpl (ServerState.java:setRaftConf(361)) - 9775cc78-2c89-4a13-92bf-b6c7d1412791:group-FC03E5839E96 set configuration 0: [9775cc78-2c89-4a13-92bf-b6c7d1412791:192.168.46.32:45007], old=null at 0
2019-06-13 09:33:52,690 INFO  impl.RoleInfo (RoleInfo.java:updateAndGet(143)) - 87157fdf-aa89-4c1e-bd64-951a415bebc0: start LeaderElection
2019-06-13 09:33:52,685 INFO  impl.FollowerState (FollowerState.java:run(101)) - 5ddc816c-6562-4154-9025-2f9f2b0347fc:group-2545846EA9CD changes to CANDIDATE, lastRpcTime:1107, electionTimeout:1107ms
2019-06-13 09:33:52,707 INFO  impl.RoleInfo (RoleInfo.java:shutdownFollowerState(121)) - 5ddc816c-6562-4154-9025-2f9f2b0347fc: shutdown FollowerState
2019-06-13 09:33:52,707 INFO  impl.RaftServerImpl (RaftServerImpl.java:setRole(164)) - 5ddc816c-6562-4154-9025-2f9f2b0347fc:group-2545846EA9CD changes role from FOLLOWER to CANDIDATE at term 0 for changeToCandidate
2019-06-13 09:33:52,708 INFO  storage.RaftLogWorker (RaftLogWorker.java:execute(469)) - 9775cc78-2c89-4a13-92bf-b6c7d1412791-RaftLogWorker: created new log segment /opt/src/hadoop-ozone/integration-test/target/test-dir/MiniOzoneClusterImpl-f391319c-fd39-4aec-940e-c1a5352b15d7/datanode-3/data/ratis/f79464ce-ed27-40c6-be37-fc03e5839e96/current/log_inprogress_0
2019-06-13 09:33:52,709 INFO  impl.RoleInfo (RoleInfo.java:updateAndGet(143)) - 5ddc816c-6562-4154-9025-2f9f2b0347fc: start LeaderElection
2019-06-13 09:33:52,710 INFO  impl.LeaderElection (LeaderElection.java:askForVotes(181)) - 4b3fc15d-0c96-4d11-b908-36ab74ff70c3:group-2545846EA9CD:LeaderElection5: begin an election at term 1 for -1: [87157fdf-aa89-4c1e-bd64-951a415bebc0:192.168.46.32:38405, 4b3fc15d-0c96-4d11-b908-36ab74ff70c3:192.168.46.32:43743, 5ddc816c-6562-4154-9025-2f9f2b0347fc:192.168.46.32:45149], old=null
2019-06-13 09:33:52,726 INFO  impl.LeaderElection (LeaderElection.java:askForVotes(181)) - 87157fdf-aa89-4c1e-bd64-951a415bebc0:group-2545846EA9CD:LeaderElection6: begin an election at term 1 for -1: [87157fdf-aa89-4c1e-bd64-951a415bebc0:192.168.46.32:38405, 4b3fc15d-0c96-4d11-b908-36ab74ff70c3:192.168.46.32:43743, 5ddc816c-6562-4154-9025-2f9f2b0347fc:192.168.46.32:45149], old=null
2019-06-13 09:33:52,727 INFO  impl.LeaderElection (LeaderElection.java:askForVotes(181)) - 5ddc816c-6562-4154-9025-2f9f2b0347fc:group-2545846EA9CD:LeaderElection7: begin an election at term 1 for -1: [87157fdf-aa89-4c1e-bd64-951a415bebc0:192.168.46.32:38405, 4b3fc15d-0c96-4d11-b908-36ab74ff70c3:192.168.46.32:43743, 5ddc816c-6562-4154-9025-2f9f2b0347fc:192.168.46.32:45149], old=null
2019-06-13 09:33:52,752 INFO  impl.FollowerState (FollowerState.java:run(101)) - a9fd369b-06d9-4c8a-a227-7b28544dbd10:group-A02B2DA1731C changes to CANDIDATE, lastRpcTime:1133, electionTimeout:1132ms
2019-06-13 09:33:52,752 INFO  impl.RoleInfo (RoleInfo.java:shutdownFollowerState(121)) - a9fd369b-06d9-4c8a-a227-7b28544dbd10: shutdown FollowerState
2019-06-13 09:33:52,752 INFO  impl.RaftServerImpl (RaftServerImpl.java:setRole(164)) - a9fd369b-06d9-4c8a-a227-7b28544dbd10:group-A02B2DA1731C changes role from FOLLOWER to CANDIDATE at term 0 for changeToCandidate
2019-06-13 09:33:52,753 INFO  impl.RoleInfo (RoleInfo.java:updateAndGet(143)) - a9fd369b-06d9-4c8a-a227-7b28544dbd10: start LeaderElection
2019-06-13 09:33:52,763 INFO  impl.LeaderElection (LeaderElection.java:askForVotes(181)) - a9fd369b-06d9-4c8a-a227-7b28544dbd10:group-A02B2DA1731C:LeaderElection8: begin an election at term 1 for -1: [a9fd369b-06d9-4c8a-a227-7b28544dbd10:192.168.46.32:39567], old=null
2019-06-13 09:33:52,764 INFO  impl.RoleInfo (RoleInfo.java:shutdownLeaderElection(134)) - a9fd369b-06d9-4c8a-a227-7b28544dbd10: shutdown LeaderElection
2019-06-13 09:33:52,764 INFO  impl.RaftServerImpl (RaftServerImpl.java:setRole(164)) - a9fd369b-06d9-4c8a-a227-7b28544dbd10:group-A02B2DA1731C changes role from CANDIDATE to LEADER at term 1 for changeToLeader
2019-06-13 09:33:52,764 INFO  impl.RaftServerImpl (ServerState.java:setLeader(263)) - a9fd369b-06d9-4c8a-a227-7b28544dbd10:group-A02B2DA1731C change Leader from null to a9fd369b-06d9-4c8a-a227-7b28544dbd10 at term 1 for becomeLeader, leader elected after 1146ms
2019-06-13 09:33:52,766 INFO  server.RaftServerConfigKeys (ConfUtils.java:logGet(43)) - raft.server.staging.catchup.gap = 1000 (default)
2019-06-13 09:33:52,766 INFO  server.RaftServerConfigKeys (ConfUtils.java:logGet(43)) - raft.server.rpc.sleep.time = 25ms (default)
2019-06-13 09:33:52,771 INFO  ozone.MiniOzoneClusterImpl (MiniOzoneClusterImpl.java:lambda$waitForClusterToBeReady$0(142)) - Cluster is ready. Got 6 of 6 DN Heartbeats.
2019-06-13 09:33:52,772 INFO  impl.LeaderElection (LeaderElection.java:logAndReturn(56)) - 87157fdf-aa89-4c1e-bd64-951a415bebc0:group-2545846EA9CD:LeaderElection6: Election REJECTED; received 2 response(s) [87157fdf-aa89-4c1e-bd64-951a415bebc0->4b3fc15d-0c96-4d11-b908-36ab74ff70c3,false-t1, 87157fdf-aa89-4c1e-bd64-951a415bebc0->5ddc816c-6562-4154-9025-2f9f2b0347fc,false-t1] and 0 exception(s); 87157fdf-aa89-4c1e-bd64-951a415bebc0:t1, leader=null, voted=87157fdf-aa89-4c1e-bd64-951a415bebc0, raftlog=87157fdf-aa89-4c1e-bd64-951a415bebc0-SegmentedRaftLog:OPENED:c-1,f-1,i0, conf=-1: [87157fdf-aa89-4c1e-bd64-951a415bebc0:192.168.46.32:38405, 4b3fc15d-0c96-4d11-b908-36ab74ff70c3:192.168.46.32:43743, 5ddc816c-6562-4154-9025-2f9f2b0347fc:192.168.46.32:45149], old=null
2019-06-13 09:33:52,773 INFO  impl.LeaderElection (LeaderElection.java:logAndReturn(56)) - 4b3fc15d-0c96-4d11-b908-36ab74ff70c3:group-2545846EA9CD:LeaderElection5: Election REJECTED; received 2 response(s) [4b3fc15d-0c96-4d11-b908-36ab74ff70c3->87157fdf-aa89-4c1e-bd64-951a415bebc0,false-t1, 4b3fc15d-0c96-4d11-b908-36ab74ff70c3->5ddc816c-6562-4154-9025-2f9f2b0347fc,false-t1] and 0 exception(s); 4b3fc15d-0c96-4d11-b908-36ab74ff70c3:t1, leader=null, voted=4b3fc15d-0c96-4d11-b908-36ab74ff70c3, raftlog=4b3fc15d-0c96-4d11-b908-36ab74ff70c3-SegmentedRaftLog:OPENED:c-1,f-1,i0, conf=-1: [87157fdf-aa89-4c1e-bd64-951a415bebc0:192.168.46.32:38405, 4b3fc15d-0c96-4d11-b908-36ab74ff70c3:192.168.46.32:43743, 5ddc816c-6562-4154-9025-2f9f2b0347fc:192.168.46.32:45149], old=null
2019-06-13 09:33:52,774 INFO  impl.RaftServerImpl (RaftServerImpl.java:setRole(164)) - 4b3fc15d-0c96-4d11-b908-36ab74ff70c3:group-2545846EA9CD changes role from CANDIDATE to FOLLOWER at term 1 for DISCOVERED_A_NEW_TERM
2019-06-13 09:33:52,774 INFO  impl.RoleInfo (RoleInfo.java:shutdownLeaderElection(134)) - 4b3fc15d-0c96-4d11-b908-36ab74ff70c3: shutdown LeaderElection
2019-06-13 09:33:52,774 INFO  impl.RaftServerImpl (RaftServerImpl.java:setRole(164)) - 87157fdf-aa89-4c1e-bd64-951a415bebc0:group-2545846EA9CD changes role from CANDIDATE to FOLLOWER at term 1 for DISCOVERED_A_NEW_TERM
2019-06-13 09:33:52,776 INFO  impl.RoleInfo (RoleInfo.java:shutdownLeaderElection(134)) - 87157fdf-aa89-4c1e-bd64-951a415bebc0: shutdown LeaderElection
2019-06-13 09:33:52,774 INFO  server.RaftServerConfigKeys (ConfUtils.java:logGet(43)) - raft.server.watch.timeout = 10s (default)
2019-06-13 09:33:52,774 INFO  impl.RoleInfo (RoleInfo.java:updateAndGet(143)) - 4b3fc15d-0c96-4d11-b908-36ab74ff70c3: start FollowerState
2019-06-13 09:33:52,776 INFO  server.RaftServerConfigKeys (ConfUtils.java:logGet(43)) - raft.server.watch.timeout.denomination = 1s (default)
2019-06-13 09:33:52,776 INFO  impl.RoleInfo (RoleInfo.java:updateAndGet(143)) - 87157fdf-aa89-4c1e-bd64-951a415bebc0: start FollowerState
2019-06-13 09:33:52,776 INFO  impl.RoleInfo (RoleInfo.java:updateAndGet(143)) - a9fd369b-06d9-4c8a-a227-7b28544dbd10: start LeaderState
2019-06-13 09:33:52,776 INFO  storage.RaftLogWorker (RaftLogWorker.java:startLogSegment(298)) - a9fd369b-06d9-4c8a-a227-7b28544dbd10-RaftLogWorker: Starting segment from index:0
2019-06-13 09:33:52,801 INFO  impl.RaftServerImpl (ServerState.java:setRaftConf(361)) - a9fd369b-06d9-4c8a-a227-7b28544dbd10:group-A02B2DA1731C set configuration 0: [a9fd369b-06d9-4c8a-a227-7b28544dbd10:192.168.46.32:39567], old=null at 0
2019-06-13 09:33:52,802 INFO  impl.LeaderElection (LeaderElection.java:logAndReturn(56)) - 5ddc816c-6562-4154-9025-2f9f2b0347fc:group-2545846EA9CD:LeaderElection7: Election REJECTED; received 2 response(s) [5ddc816c-6562-4154-9025-2f9f2b0347fc->87157fdf-aa89-4c1e-bd64-951a415bebc0,false-t1, 5ddc816c-6562-4154-9025-2f9f2b0347fc->4b3fc15d-0c96-4d11-b908-36ab74ff70c3,false-t1] and 0 exception(s); 5ddc816c-6562-4154-9025-2f9f2b0347fc:t1, leader=null, voted=5ddc816c-6562-4154-9025-2f9f2b0347fc, raftlog=5ddc816c-6562-4154-9025-2f9f2b0347fc-SegmentedRaftLog:OPENED:c-1,f-1,i0, conf=-1: [87157fdf-aa89-4c1e-bd64-951a415bebc0:192.168.46.32:38405, 4b3fc15d-0c96-4d11-b908-36ab74ff70c3:192.168.46.32:43743, 5ddc816c-6562-4154-9025-2f9f2b0347fc:192.168.46.32:45149], old=null
2019-06-13 09:33:52,802 INFO  impl.RaftServerImpl (RaftServerImpl.java:setRole(164)) - 5ddc816c-6562-4154-9025-2f9f2b0347fc:group-2545846EA9CD changes role from CANDIDATE to FOLLOWER at term 1 for DISCOVERED_A_NEW_TERM
2019-06-13 09:33:52,802 INFO  impl.RoleInfo (RoleInfo.java:shutdownLeaderElection(134)) - 5ddc816c-6562-4154-9025-2f9f2b0347fc: shutdown LeaderElection
2019-06-13 09:33:52,802 INFO  impl.RoleInfo (RoleInfo.java:updateAndGet(143)) - 5ddc816c-6562-4154-9025-2f9f2b0347fc: start FollowerState
]]></system-out>
    <system-err><![CDATA[ERROR StatusLogger No Log4j 2 configuration file found. Using default configuration (logging only errors to the console), or user programmatically provided configurations. Set system property 'log4j2.debug' to show Log4j 2 internal initialization logging. See https://logging.apache.org/log4j/2.x/manual/configuration.html for instructions on how to configure Log4j 2
Jun 13, 2019 9:33:46 AM com.sun.jersey.server.impl.application.WebApplicationImpl _initiate
INFO: Initiating Jersey application, version 'Jersey: 1.19 02/11/2015 03:25 AM'
Jun 13, 2019 9:33:46 AM com.sun.jersey.server.impl.application.WebApplicationImpl _initiate
INFO: Initiating Jersey application, version 'Jersey: 1.19 02/11/2015 03:25 AM'
Jun 13, 2019 9:33:47 AM com.sun.jersey.server.impl.application.WebApplicationImpl _initiate
INFO: Initiating Jersey application, version 'Jersey: 1.19 02/11/2015 03:25 AM'
Jun 13, 2019 9:33:47 AM com.sun.jersey.server.impl.application.WebApplicationImpl _initiate
INFO: Initiating Jersey application, version 'Jersey: 1.19 02/11/2015 03:25 AM'
Jun 13, 2019 9:33:47 AM com.sun.jersey.server.impl.application.WebApplicationImpl _initiate
INFO: Initiating Jersey application, version 'Jersey: 1.19 02/11/2015 03:25 AM'
Jun 13, 2019 9:33:47 AM com.sun.jersey.server.impl.application.WebApplicationImpl _initiate
INFO: Initiating Jersey application, version 'Jersey: 1.19 02/11/2015 03:25 AM'
]]></system-err>
  </testcase>
</testsuite>