<?xml version="1.0" encoding="UTF-8"?>
<testsuite xmlns:xsi="http://www.w3.org/2001/XMLSchema-instance" xsi:noNamespaceSchemaLocation="https://maven.apache.org/surefire/maven-surefire-plugin/xsd/surefire-test-report.xsd" name="org.apache.hadoop.ozone.client.rpc.TestFailureHandlingByClient" time="126.899" tests="7" errors="0" skipped="0" failures="1">
  <properties>
    <property name="awt.toolkit" value="sun.awt.X11.XToolkit"/>
    <property name="file.encoding.pkg" value="sun.io"/>
    <property name="java.specification.version" value="1.8"/>
    <property name="sun.cpu.isalist" value=""/>
    <property name="sun.jnu.encoding" value="UTF-8"/>
    <property name="java.class.path" value="/opt/src/hadoop-ozone/integration-test/target/test-classes:/opt/src/hadoop-ozone/integration-test/target/classes:/root/.m2/repository/org/apache/hadoop/hadoop-ozone-common/0.5.0-SNAPSHOT/hadoop-ozone-common-0.5.0-SNAPSHOT.jar:/root/.m2/repository/org/apache/commons/commons-compress/1.4.1/commons-compress-1.4.1.jar:/root/.m2/repository/org/tukaani/xz/1.0/xz-1.0.jar:/root/.m2/repository/org/apache/hadoop/hadoop-common/3.2.0/hadoop-common-3.2.0.jar:/root/.m2/repository/org/apache/hadoop/hadoop-hdfs/3.2.0/hadoop-hdfs-3.2.0.jar:/root/.m2/repository/org/apache/hadoop/hadoop-hdfs-client/3.2.0/hadoop-hdfs-client-3.2.0.jar:/root/.m2/repository/com/fasterxml/jackson/core/jackson-annotations/2.9.5/jackson-annotations-2.9.5.jar:/root/.m2/repository/org/apache/hadoop/hadoop-hdds-common/0.5.0-SNAPSHOT/hadoop-hdds-common-0.5.0-SNAPSHOT.jar:/root/.m2/repository/javax/annotation/javax.annotation-api/1.2/javax.annotation-api-1.2.jar:/root/.m2/repository/org/apache/ratis/ratis-server/0.4.0-fe2b15d-SNAPSHOT/ratis-server-0.4.0-fe2b15d-SNAPSHOT.jar:/root/.m2/repository/org/apache/ratis/ratis-thirdparty-misc/0.2.0/ratis-thirdparty-misc-0.2.0.jar:/root/.m2/repository/org/apache/ratis/ratis-proto/0.4.0-fe2b15d-SNAPSHOT/ratis-proto-0.4.0-fe2b15d-SNAPSHOT.jar:/root/.m2/repository/org/apache/ratis/ratis-common/0.4.0-fe2b15d-SNAPSHOT/ratis-common-0.4.0-fe2b15d-SNAPSHOT.jar:/root/.m2/repository/org/apache/ratis/ratis-client/0.4.0-fe2b15d-SNAPSHOT/ratis-client-0.4.0-fe2b15d-SNAPSHOT.jar:/root/.m2/repository/org/apache/ratis/ratis-netty/0.4.0-fe2b15d-SNAPSHOT/ratis-netty-0.4.0-fe2b15d-SNAPSHOT.jar:/root/.m2/repository/org/apache/ratis/ratis-grpc/0.4.0-fe2b15d-SNAPSHOT/ratis-grpc-0.4.0-fe2b15d-SNAPSHOT.jar:/root/.m2/repository/org/rocksdb/rocksdbjni/5.14.2/rocksdbjni-5.14.2.jar:/root/.m2/repository/org/apache/logging/log4j/log4j-api/2.11.0/log4j-api-2.11.0.jar:/root/.m2/repository/org/apache/logging/log4j/log4j-core/2.11.0/log4j-core-2.11.0.jar:/root/.m2/repository/com/lmax/disruptor/3.4.2/disruptor-3.4.2.jar:/root/.m2/repository/org/apache/commons/commons-pool2/2.6.0/commons-pool2-2.6.0.jar:/root/.m2/repository/org/bouncycastle/bcpkix-jdk15on/1.60/bcpkix-jdk15on-1.60.jar:/root/.m2/repository/commons-validator/commons-validator/1.6/commons-validator-1.6.jar:/root/.m2/repository/commons-digester/commons-digester/1.8.1/commons-digester-1.8.1.jar:/root/.m2/repository/io/jaegertracing/jaeger-client/0.33.1/jaeger-client-0.33.1.jar:/root/.m2/repository/io/jaegertracing/jaeger-thrift/0.33.1/jaeger-thrift-0.33.1.jar:/root/.m2/repository/org/apache/thrift/libthrift/0.11.0/libthrift-0.11.0.jar:/root/.m2/repository/com/squareup/okhttp3/okhttp/3.9.0/okhttp-3.9.0.jar:/root/.m2/repository/com/squareup/okio/okio/1.13.0/okio-1.13.0.jar:/root/.m2/repository/io/jaegertracing/jaeger-core/0.33.1/jaeger-core-0.33.1.jar:/root/.m2/repository/io/jaegertracing/jaeger-tracerresolver/0.33.1/jaeger-tracerresolver-0.33.1.jar:/root/.m2/repository/io/opentracing/contrib/opentracing-tracerresolver/0.1.5/opentracing-tracerresolver-0.1.5.jar:/root/.m2/repository/io/opentracing/opentracing-util/0.31.0/opentracing-util-0.31.0.jar:/root/.m2/repository/io/opentracing/opentracing-api/0.31.0/opentracing-api-0.31.0.jar:/root/.m2/repository/io/opentracing/opentracing-noop/0.31.0/opentracing-noop-0.31.0.jar:/root/.m2/repository/org/apache/hadoop/hadoop-hdds-server-framework/0.5.0-SNAPSHOT/hadoop-hdds-server-framework-0.5.0-SNAPSHOT.jar:/root/.m2/repository/org/apache/hadoop/hadoop-hdds-server-scm/0.5.0-SNAPSHOT/hadoop-hdds-server-scm-0.5.0-SNAPSHOT.jar:/root/.m2/repository/org/apache/hadoop/hadoop-hdds-container-service/0.5.0-SNAPSHOT/hadoop-hdds-container-service-0.5.0-SNAPSHOT.jar:/root/.m2/repository/org/apache/hadoop/hadoop-hdds-client/0.5.0-SNAPSHOT/hadoop-hdds-client-0.5.0-SNAPSHOT.jar:/root/.m2/repository/org/apache/hadoop/hadoop-hdds-tools/0.5.0-SNAPSHOT/hadoop-hdds-tools-0.5.0-SNAPSHOT.jar:/root/.m2/repository/org/apache/hadoop/hadoop-ozone-ozone-manager/0.5.0-SNAPSHOT/hadoop-ozone-ozone-manager-0.5.0-SNAPSHOT.jar:/root/.m2/repository/org/apache/hadoop/hadoop-hdds-docs/0.5.0-SNAPSHOT/hadoop-hdds-docs-0.5.0-SNAPSHOT.jar:/root/.m2/repository/org/bouncycastle/bcprov-jdk15on/1.60/bcprov-jdk15on-1.60.jar:/root/.m2/repository/org/apache/hadoop/hadoop-minikdc/3.2.0/hadoop-minikdc-3.2.0.jar:/root/.m2/repository/commons-io/commons-io/2.5/commons-io-2.5.jar:/root/.m2/repository/org/apache/kerby/kerb-simplekdc/1.0.1/kerb-simplekdc-1.0.1.jar:/root/.m2/repository/org/apache/kerby/kerb-client/1.0.1/kerb-client-1.0.1.jar:/root/.m2/repository/org/apache/kerby/kerby-config/1.0.1/kerby-config-1.0.1.jar:/root/.m2/repository/org/apache/kerby/kerb-core/1.0.1/kerb-core-1.0.1.jar:/root/.m2/repository/org/apache/kerby/kerby-pkix/1.0.1/kerby-pkix-1.0.1.jar:/root/.m2/repository/org/apache/kerby/kerby-asn1/1.0.1/kerby-asn1-1.0.1.jar:/root/.m2/repository/org/apache/kerby/kerby-util/1.0.1/kerby-util-1.0.1.jar:/root/.m2/repository/org/apache/kerby/kerb-common/1.0.1/kerb-common-1.0.1.jar:/root/.m2/repository/org/apache/kerby/kerb-crypto/1.0.1/kerb-crypto-1.0.1.jar:/root/.m2/repository/org/apache/kerby/kerb-util/1.0.1/kerb-util-1.0.1.jar:/root/.m2/repository/org/apache/kerby/token-provider/1.0.1/token-provider-1.0.1.jar:/root/.m2/repository/org/apache/kerby/kerb-admin/1.0.1/kerb-admin-1.0.1.jar:/root/.m2/repository/org/apache/kerby/kerb-server/1.0.1/kerb-server-1.0.1.jar:/root/.m2/repository/org/apache/kerby/kerb-identity/1.0.1/kerb-identity-1.0.1.jar:/root/.m2/repository/org/apache/kerby/kerby-xdr/1.0.1/kerby-xdr-1.0.1.jar:/root/.m2/repository/org/slf4j/slf4j-log4j12/1.7.25/slf4j-log4j12-1.7.25.jar:/root/.m2/repository/org/apache/hadoop/hadoop-ozone-objectstore-service/0.5.0-SNAPSHOT/hadoop-ozone-objectstore-service-0.5.0-SNAPSHOT.jar:/root/.m2/repository/org/apache/hadoop/hadoop-ozone-s3gateway/0.5.0-SNAPSHOT/hadoop-ozone-s3gateway-0.5.0-SNAPSHOT.jar:/root/.m2/repository/org/jboss/weld/servlet/weld-servlet/2.4.7.Final/weld-servlet-2.4.7.Final.jar:/root/.m2/repository/org/glassfish/jersey/containers/jersey-container-servlet-core/2.27/jersey-container-servlet-core-2.27.jar:/root/.m2/repository/org/glassfish/hk2/external/javax.inject/2.5.0-b42/javax.inject-2.5.0-b42.jar:/root/.m2/repository/org/glassfish/jersey/core/jersey-common/2.27/jersey-common-2.27.jar:/root/.m2/repository/org/glassfish/hk2/osgi-resource-locator/1.0.1/osgi-resource-locator-1.0.1.jar:/root/.m2/repository/javax/ws/rs/javax.ws.rs-api/2.1/javax.ws.rs-api-2.1.jar:/root/.m2/repository/org/glassfish/jersey/ext/cdi/jersey-cdi1x/2.27/jersey-cdi1x-2.27.jar:/root/.m2/repository/org/glassfish/jersey/inject/jersey-hk2/2.27/jersey-hk2-2.27.jar:/root/.m2/repository/org/glassfish/hk2/hk2-locator/2.5.0-b42/hk2-locator-2.5.0-b42.jar:/root/.m2/repository/org/javassist/javassist/3.22.0-CR2/javassist-3.22.0-CR2.jar:/root/.m2/repository/org/glassfish/hk2/hk2-api/2.5.0/hk2-api-2.5.0.jar:/root/.m2/repository/org/glassfish/hk2/external/jakarta.inject/2.5.0/jakarta.inject-2.5.0.jar:/root/.m2/repository/org/glassfish/hk2/hk2-utils/2.5.0/hk2-utils-2.5.0.jar:/root/.m2/repository/jakarta/annotation/jakarta.annotation-api/1.3.4/jakarta.annotation-api-1.3.4.jar:/root/.m2/repository/org/glassfish/hk2/external/aopalliance-repackaged/2.5.0/aopalliance-repackaged-2.5.0.jar:/root/.m2/repository/com/fasterxml/jackson/dataformat/jackson-dataformat-xml/2.9.0/jackson-dataformat-xml-2.9.0.jar:/root/.m2/repository/com/fasterxml/jackson/core/jackson-core/2.9.5/jackson-core-2.9.5.jar:/root/.m2/repository/com/fasterxml/jackson/module/jackson-module-jaxb-annotations/2.9.5/jackson-module-jaxb-annotations-2.9.5.jar:/root/.m2/repository/javax/enterprise/cdi-api/1.2/cdi-api-1.2.jar:/root/.m2/repository/javax/el/javax.el-api/3.0.0/javax.el-api-3.0.0.jar:/root/.m2/repository/javax/interceptor/javax.interceptor-api/1.2/javax.interceptor-api-1.2.jar:/root/.m2/repository/javax/inject/javax.inject/1/javax.inject-1.jar:/root/.m2/repository/com/sun/xml/bind/jaxb-impl/2.3.0.1/jaxb-impl-2.3.0.1.jar:/root/.m2/repository/com/sun/xml/bind/jaxb-core/2.3.0.1/jaxb-core-2.3.0.1.jar:/root/.m2/repository/javax/xml/bind/jaxb-api/2.3.0/jaxb-api-2.3.0.jar:/root/.m2/repository/javax/activation/activation/1.1.1/activation-1.1.1.jar:/root/.m2/repository/org/apache/hadoop/hadoop-ozone-csi/0.5.0-SNAPSHOT/hadoop-ozone-csi-0.5.0-SNAPSHOT.jar:/root/.m2/repository/com/google/protobuf/protobuf-java-util/3.5.1/protobuf-java-util-3.5.1.jar:/root/.m2/repository/org/apache/hadoop/hadoop-hdds-config/0.5.0-SNAPSHOT/hadoop-hdds-config-0.5.0-SNAPSHOT.jar:/root/.m2/repository/com/google/guava/guava/11.0.2/guava-11.0.2.jar:/root/.m2/repository/com/google/protobuf/protobuf-java/2.5.0/protobuf-java-2.5.0.jar:/root/.m2/repository/io/grpc/grpc-netty/1.17.1/grpc-netty-1.17.1.jar:/root/.m2/repository/io/grpc/grpc-core/1.17.1/grpc-core-1.17.1.jar:/root/.m2/repository/io/grpc/grpc-context/1.17.1/grpc-context-1.17.1.jar:/root/.m2/repository/com/google/errorprone/error_prone_annotations/2.2.0/error_prone_annotations-2.2.0.jar:/root/.m2/repository/org/codehaus/mojo/animal-sniffer-annotations/1.17/animal-sniffer-annotations-1.17.jar:/root/.m2/repository/io/opencensus/opencensus-api/0.17.0/opencensus-api-0.17.0.jar:/root/.m2/repository/io/opencensus/opencensus-contrib-grpc-metrics/0.17.0/opencensus-contrib-grpc-metrics-0.17.0.jar:/root/.m2/repository/io/netty/netty-codec-http2/4.1.30.Final/netty-codec-http2-4.1.30.Final.jar:/root/.m2/repository/io/netty/netty-codec-http/4.1.30.Final/netty-codec-http-4.1.30.Final.jar:/root/.m2/repository/io/netty/netty-codec/4.1.30.Final/netty-codec-4.1.30.Final.jar:/root/.m2/repository/io/netty/netty-handler/4.1.30.Final/netty-handler-4.1.30.Final.jar:/root/.m2/repository/io/netty/netty-handler-proxy/4.1.30.Final/netty-handler-proxy-4.1.30.Final.jar:/root/.m2/repository/io/netty/netty-codec-socks/4.1.30.Final/netty-codec-socks-4.1.30.Final.jar:/root/.m2/repository/io/netty/netty-transport-native-epoll/4.1.30.Final/netty-transport-native-epoll-4.1.30.Final.jar:/root/.m2/repository/io/netty/netty-common/4.1.30.Final/netty-common-4.1.30.Final.jar:/root/.m2/repository/io/netty/netty-buffer/4.1.30.Final/netty-buffer-4.1.30.Final.jar:/root/.m2/repository/io/netty/netty-transport/4.1.30.Final/netty-transport-4.1.30.Final.jar:/root/.m2/repository/io/netty/netty-resolver/4.1.30.Final/netty-resolver-4.1.30.Final.jar:/root/.m2/repository/io/netty/netty-transport-native-unix-common/4.1.30.Final/netty-transport-native-unix-common-4.1.30.Final.jar:/root/.m2/repository/io/grpc/grpc-protobuf/1.17.1/grpc-protobuf-1.17.1.jar:/root/.m2/repository/com/google/api/grpc/proto-google-common-protos/1.0.0/proto-google-common-protos-1.0.0.jar:/root/.m2/repository/io/grpc/grpc-protobuf-lite/1.17.1/grpc-protobuf-lite-1.17.1.jar:/root/.m2/repository/io/grpc/grpc-stub/1.17.1/grpc-stub-1.17.1.jar:/root/.m2/repository/org/apache/hadoop/hadoop-ozone-recon/0.5.0-SNAPSHOT/hadoop-ozone-recon-0.5.0-SNAPSHOT.jar:/root/.m2/repository/org/apache/hadoop/hadoop-ozone-reconcodegen/0.5.0-SNAPSHOT/hadoop-ozone-reconcodegen-0.5.0-SNAPSHOT.jar:/root/.m2/repository/com/google/inject/extensions/guice-multibindings/4.0/guice-multibindings-4.0.jar:/root/.m2/repository/com/google/inject/guice/4.0/guice-4.0.jar:/root/.m2/repository/aopalliance/aopalliance/1.0/aopalliance-1.0.jar:/root/.m2/repository/com/google/inject/extensions/guice-servlet/4.0/guice-servlet-4.0.jar:/root/.m2/repository/org/glassfish/jersey/containers/jersey-container-servlet/2.27/jersey-container-servlet-2.27.jar:/root/.m2/repository/org/glassfish/hk2/guice-bridge/2.5.0/guice-bridge-2.5.0.jar:/root/.m2/repository/org/glassfish/jersey/core/jersey-server/2.27/jersey-server-2.27.jar:/root/.m2/repository/org/glassfish/jersey/core/jersey-client/2.27/jersey-client-2.27.jar:/root/.m2/repository/org/glassfish/jersey/media/jersey-media-jaxb/2.27/jersey-media-jaxb-2.27.jar:/root/.m2/repository/javax/validation/validation-api/1.1.0.Final/validation-api-1.1.0.Final.jar:/root/.m2/repository/org/glassfish/jersey/media/jersey-media-json-jackson/2.27/jersey-media-json-jackson-2.27.jar:/root/.m2/repository/org/glassfish/jersey/ext/jersey-entity-filtering/2.27/jersey-entity-filtering-2.27.jar:/root/.m2/repository/com/google/inject/extensions/guice-assistedinject/4.0/guice-assistedinject-4.0.jar:/root/.m2/repository/org/jooq/jooq/3.11.10/jooq-3.11.10.jar:/root/.m2/repository/org/jooq/jooq-meta/3.11.10/jooq-meta-3.11.10.jar:/root/.m2/repository/org/jooq/jooq-codegen/3.11.10/jooq-codegen-3.11.10.jar:/root/.m2/repository/com/jolbox/bonecp/0.8.0.RELEASE/bonecp-0.8.0.RELEASE.jar:/root/.m2/repository/org/xerial/sqlite-jdbc/3.25.2/sqlite-jdbc-3.25.2.jar:/root/.m2/repository/org/springframework/spring-jdbc/5.1.3.RELEASE/spring-jdbc-5.1.3.RELEASE.jar:/root/.m2/repository/org/springframework/spring-beans/5.1.3.RELEASE/spring-beans-5.1.3.RELEASE.jar:/root/.m2/repository/org/springframework/spring-core/5.1.3.RELEASE/spring-core-5.1.3.RELEASE.jar:/root/.m2/repository/org/springframework/spring-jcl/5.1.3.RELEASE/spring-jcl-5.1.3.RELEASE.jar:/root/.m2/repository/org/springframework/spring-tx/5.1.3.RELEASE/spring-tx-5.1.3.RELEASE.jar:/root/.m2/repository/org/apache/hadoop/hadoop-ozone-client/0.5.0-SNAPSHOT/hadoop-ozone-client-0.5.0-SNAPSHOT.jar:/root/.m2/repository/org/apache/hadoop/hadoop-ozone-ozone-manager/0.5.0-SNAPSHOT/hadoop-ozone-ozone-manager-0.5.0-SNAPSHOT-tests.jar:/root/.m2/repository/junit/junit/4.11/junit-4.11.jar:/root/.m2/repository/org/hamcrest/hamcrest-core/1.3/hamcrest-core-1.3.jar:/root/.m2/repository/org/openjdk/jmh/jmh-core/1.19/jmh-core-1.19.jar:/root/.m2/repository/net/sf/jopt-simple/jopt-simple/4.6/jopt-simple-4.6.jar:/root/.m2/repository/org/apache/commons/commons-math3/3.1.1/commons-math3-3.1.1.jar:/root/.m2/repository/org/openjdk/jmh/jmh-generator-annprocess/1.19/jmh-generator-annprocess-1.19.jar:/root/.m2/repository/org/mockito/mockito-all/1.8.5/mockito-all-1.8.5.jar:/root/.m2/repository/org/apache/hadoop/hadoop-kms/3.2.0/hadoop-kms-3.2.0.jar:/root/.m2/repository/org/apache/hadoop/hadoop-auth/3.2.0/hadoop-auth-3.2.0.jar:/root/.m2/repository/com/nimbusds/nimbus-jose-jwt/4.41.1/nimbus-jose-jwt-4.41.1.jar:/root/.m2/repository/com/github/stephenc/jcip/jcip-annotations/1.0-1/jcip-annotations-1.0-1.jar:/root/.m2/repository/net/minidev/json-smart/2.3/json-smart-2.3.jar:/root/.m2/repository/net/minidev/accessors-smart/1.2/accessors-smart-1.2.jar:/root/.m2/repository/org/ow2/asm/asm/5.0.4/asm-5.0.4.jar:/root/.m2/repository/org/apache/curator/curator-framework/2.12.0/curator-framework-2.12.0.jar:/root/.m2/repository/com/sun/jersey/jersey-core/1.19/jersey-core-1.19.jar:/root/.m2/repository/javax/ws/rs/jsr311-api/1.1.1/jsr311-api-1.1.1.jar:/root/.m2/repository/com/sun/jersey/jersey-server/1.19/jersey-server-1.19.jar:/root/.m2/repository/javax/servlet/javax.servlet-api/3.1.0/javax.servlet-api-3.1.0.jar:/root/.m2/repository/org/eclipse/jetty/jetty-server/9.3.24.v20180605/jetty-server-9.3.24.v20180605.jar:/root/.m2/repository/org/eclipse/jetty/jetty-http/9.3.24.v20180605/jetty-http-9.3.24.v20180605.jar:/root/.m2/repository/org/eclipse/jetty/jetty-io/9.3.24.v20180605/jetty-io-9.3.24.v20180605.jar:/root/.m2/repository/org/eclipse/jetty/jetty-webapp/9.3.24.v20180605/jetty-webapp-9.3.24.v20180605.jar:/root/.m2/repository/org/eclipse/jetty/jetty-xml/9.3.24.v20180605/jetty-xml-9.3.24.v20180605.jar:/root/.m2/repository/log4j/log4j/1.2.17/log4j-1.2.17.jar:/root/.m2/repository/org/slf4j/slf4j-api/1.7.25/slf4j-api-1.7.25.jar:/root/.m2/repository/org/slf4j/jul-to-slf4j/1.7.25/jul-to-slf4j-1.7.25.jar:/root/.m2/repository/org/eclipse/jetty/jetty-util/9.3.24.v20180605/jetty-util-9.3.24.v20180605.jar:/root/.m2/repository/io/dropwizard/metrics/metrics-core/3.2.4/metrics-core-3.2.4.jar:/root/.m2/repository/com/fasterxml/jackson/core/jackson-databind/2.9.5/jackson-databind-2.9.5.jar:/root/.m2/repository/org/apache/hadoop/hadoop-kms/3.2.0/hadoop-kms-3.2.0-tests.jar:/root/.m2/repository/org/apache/hadoop/hadoop-hdds-server-scm/0.5.0-SNAPSHOT/hadoop-hdds-server-scm-0.5.0-SNAPSHOT-tests.jar:/root/.m2/repository/org/hamcrest/hamcrest-all/1.3/hamcrest-all-1.3.jar:/root/.m2/repository/info/picocli/picocli/3.9.6/picocli-3.9.6.jar:/root/.m2/repository/org/apache/hadoop/hadoop-hdds-container-service/0.5.0-SNAPSHOT/hadoop-hdds-container-service-0.5.0-SNAPSHOT-tests.jar:/root/.m2/repository/org/yaml/snakeyaml/1.16/snakeyaml-1.16.jar:/root/.m2/repository/org/apache/hadoop/hadoop-common/3.2.0/hadoop-common-3.2.0-tests.jar:/root/.m2/repository/org/apache/hadoop/hadoop-annotations/3.2.0/hadoop-annotations-3.2.0.jar:/usr/lib/jvm/java-1.8-openjdk/jre/../lib/tools.jar:/root/.m2/repository/commons-cli/commons-cli/1.2/commons-cli-1.2.jar:/root/.m2/repository/org/apache/httpcomponents/httpclient/4.5.2/httpclient-4.5.2.jar:/root/.m2/repository/org/apache/httpcomponents/httpcore/4.4.4/httpcore-4.4.4.jar:/root/.m2/repository/commons-codec/commons-codec/1.11/commons-codec-1.11.jar:/root/.m2/repository/commons-net/commons-net/3.6/commons-net-3.6.jar:/root/.m2/repository/commons-collections/commons-collections/3.2.2/commons-collections-3.2.2.jar:/root/.m2/repository/org/eclipse/jetty/jetty-servlet/9.3.24.v20180605/jetty-servlet-9.3.24.v20180605.jar:/root/.m2/repository/org/eclipse/jetty/jetty-security/9.3.24.v20180605/jetty-security-9.3.24.v20180605.jar:/root/.m2/repository/javax/servlet/jsp/jsp-api/2.1/jsp-api-2.1.jar:/root/.m2/repository/com/sun/jersey/jersey-servlet/1.19/jersey-servlet-1.19.jar:/root/.m2/repository/com/sun/jersey/jersey-json/1.19/jersey-json-1.19.jar:/root/.m2/repository/org/codehaus/jettison/jettison/1.1/jettison-1.1.jar:/root/.m2/repository/org/codehaus/jackson/jackson-core-asl/1.9.13/jackson-core-asl-1.9.13.jar:/root/.m2/repository/org/codehaus/jackson/jackson-mapper-asl/1.9.13/jackson-mapper-asl-1.9.13.jar:/root/.m2/repository/org/codehaus/jackson/jackson-jaxrs/1.9.13/jackson-jaxrs-1.9.13.jar:/root/.m2/repository/org/codehaus/jackson/jackson-xc/1.9.13/jackson-xc-1.9.13.jar:/root/.m2/repository/commons-logging/commons-logging/1.1.3/commons-logging-1.1.3.jar:/root/.m2/repository/commons-beanutils/commons-beanutils/1.9.3/commons-beanutils-1.9.3.jar:/root/.m2/repository/org/apache/commons/commons-configuration2/2.1.1/commons-configuration2-2.1.1.jar:/root/.m2/repository/org/apache/commons/commons-lang3/3.7/commons-lang3-3.7.jar:/root/.m2/repository/org/apache/commons/commons-text/1.4/commons-text-1.4.jar:/root/.m2/repository/org/apache/avro/avro/1.7.7/avro-1.7.7.jar:/root/.m2/repository/com/thoughtworks/paranamer/paranamer/2.3/paranamer-2.3.jar:/root/.m2/repository/org/xerial/snappy/snappy-java/1.0.5/snappy-java-1.0.5.jar:/root/.m2/repository/com/google/re2j/re2j/1.1/re2j-1.1.jar:/root/.m2/repository/com/google/code/gson/gson/2.2.4/gson-2.2.4.jar:/root/.m2/repository/com/jcraft/jsch/0.1.54/jsch-0.1.54.jar:/root/.m2/repository/org/apache/curator/curator-client/2.12.0/curator-client-2.12.0.jar:/root/.m2/repository/org/apache/curator/curator-recipes/2.12.0/curator-recipes-2.12.0.jar:/root/.m2/repository/com/google/code/findbugs/jsr305/3.0.0/jsr305-3.0.0.jar:/root/.m2/repository/org/apache/htrace/htrace-core4/4.1.0-incubating/htrace-core4-4.1.0-incubating.jar:/root/.m2/repository/org/apache/zookeeper/zookeeper/3.4.13/zookeeper-3.4.13.jar:/root/.m2/repository/org/apache/yetus/audience-annotations/0.5.0/audience-annotations-0.5.0.jar:/root/.m2/repository/org/codehaus/woodstox/stax2-api/3.1.4/stax2-api-3.1.4.jar:/root/.m2/repository/com/fasterxml/woodstox/woodstox-core/5.0.3/woodstox-core-5.0.3.jar:/root/.m2/repository/dnsjava/dnsjava/2.1.7/dnsjava-2.1.7.jar:/root/.m2/repository/org/apache/hadoop/hadoop-hdfs/3.2.0/hadoop-hdfs-3.2.0-tests.jar:/root/.m2/repository/org/eclipse/jetty/jetty-util-ajax/9.3.24.v20180605/jetty-util-ajax-9.3.24.v20180605.jar:/root/.m2/repository/commons-daemon/commons-daemon/1.0.13/commons-daemon-1.0.13.jar:/root/.m2/repository/io/netty/netty/3.10.5.Final/netty-3.10.5.Final.jar:/root/.m2/repository/io/netty/netty-all/4.0.52.Final/netty-all-4.0.52.Final.jar:/root/.m2/repository/org/fusesource/leveldbjni/leveldbjni-all/1.8/leveldbjni-all-1.8.jar:"/>
    <property name="java.vm.vendor" value="IcedTea"/>
    <property name="sun.arch.data.model" value="64"/>
    <property name="test.build.dir" value="/opt/src/hadoop-ozone/integration-test/target/test-dir"/>
    <property name="test.cache.data" value=""/>
    <property name="java.vendor.url" value="https://icedtea.classpath.org"/>
    <property name="user.timezone" value=""/>
    <property name="java.vm.specification.version" value="1.8"/>
    <property name="os.name" value="Linux"/>
    <property name="test.build.data" value="/opt/src/hadoop-ozone/integration-test/target/test-dir"/>
    <property name="user.country" value="US"/>
    <property name="sun.java.launcher" value="SUN_STANDARD"/>
    <property name="sun.boot.library.path" value="/usr/lib/jvm/java-1.8-openjdk/jre/lib/amd64"/>
    <property name="sun.java.command" value="/opt/src/hadoop-ozone/integration-test/target/surefire/surefirebooter3667241725747000811.jar /opt/src/hadoop-ozone/integration-test/target/surefire 2019-06-14T00-32-52_167-jvmRun1 surefire8284091833016704637tmp surefire_125759660316393240906tmp"/>
    <property name="surefire.test.class.path" value="/opt/src/hadoop-ozone/integration-test/target/test-classes:/opt/src/hadoop-ozone/integration-test/target/classes:/root/.m2/repository/org/apache/hadoop/hadoop-ozone-common/0.5.0-SNAPSHOT/hadoop-ozone-common-0.5.0-SNAPSHOT.jar:/root/.m2/repository/org/apache/commons/commons-compress/1.4.1/commons-compress-1.4.1.jar:/root/.m2/repository/org/tukaani/xz/1.0/xz-1.0.jar:/root/.m2/repository/org/apache/hadoop/hadoop-common/3.2.0/hadoop-common-3.2.0.jar:/root/.m2/repository/org/apache/hadoop/hadoop-hdfs/3.2.0/hadoop-hdfs-3.2.0.jar:/root/.m2/repository/org/apache/hadoop/hadoop-hdfs-client/3.2.0/hadoop-hdfs-client-3.2.0.jar:/root/.m2/repository/com/fasterxml/jackson/core/jackson-annotations/2.9.5/jackson-annotations-2.9.5.jar:/root/.m2/repository/org/apache/hadoop/hadoop-hdds-common/0.5.0-SNAPSHOT/hadoop-hdds-common-0.5.0-SNAPSHOT.jar:/root/.m2/repository/javax/annotation/javax.annotation-api/1.2/javax.annotation-api-1.2.jar:/root/.m2/repository/org/apache/ratis/ratis-server/0.4.0-fe2b15d-SNAPSHOT/ratis-server-0.4.0-fe2b15d-SNAPSHOT.jar:/root/.m2/repository/org/apache/ratis/ratis-thirdparty-misc/0.2.0/ratis-thirdparty-misc-0.2.0.jar:/root/.m2/repository/org/apache/ratis/ratis-proto/0.4.0-fe2b15d-SNAPSHOT/ratis-proto-0.4.0-fe2b15d-SNAPSHOT.jar:/root/.m2/repository/org/apache/ratis/ratis-common/0.4.0-fe2b15d-SNAPSHOT/ratis-common-0.4.0-fe2b15d-SNAPSHOT.jar:/root/.m2/repository/org/apache/ratis/ratis-client/0.4.0-fe2b15d-SNAPSHOT/ratis-client-0.4.0-fe2b15d-SNAPSHOT.jar:/root/.m2/repository/org/apache/ratis/ratis-netty/0.4.0-fe2b15d-SNAPSHOT/ratis-netty-0.4.0-fe2b15d-SNAPSHOT.jar:/root/.m2/repository/org/apache/ratis/ratis-grpc/0.4.0-fe2b15d-SNAPSHOT/ratis-grpc-0.4.0-fe2b15d-SNAPSHOT.jar:/root/.m2/repository/org/rocksdb/rocksdbjni/5.14.2/rocksdbjni-5.14.2.jar:/root/.m2/repository/org/apache/logging/log4j/log4j-api/2.11.0/log4j-api-2.11.0.jar:/root/.m2/repository/org/apache/logging/log4j/log4j-core/2.11.0/log4j-core-2.11.0.jar:/root/.m2/repository/com/lmax/disruptor/3.4.2/disruptor-3.4.2.jar:/root/.m2/repository/org/apache/commons/commons-pool2/2.6.0/commons-pool2-2.6.0.jar:/root/.m2/repository/org/bouncycastle/bcpkix-jdk15on/1.60/bcpkix-jdk15on-1.60.jar:/root/.m2/repository/commons-validator/commons-validator/1.6/commons-validator-1.6.jar:/root/.m2/repository/commons-digester/commons-digester/1.8.1/commons-digester-1.8.1.jar:/root/.m2/repository/io/jaegertracing/jaeger-client/0.33.1/jaeger-client-0.33.1.jar:/root/.m2/repository/io/jaegertracing/jaeger-thrift/0.33.1/jaeger-thrift-0.33.1.jar:/root/.m2/repository/org/apache/thrift/libthrift/0.11.0/libthrift-0.11.0.jar:/root/.m2/repository/com/squareup/okhttp3/okhttp/3.9.0/okhttp-3.9.0.jar:/root/.m2/repository/com/squareup/okio/okio/1.13.0/okio-1.13.0.jar:/root/.m2/repository/io/jaegertracing/jaeger-core/0.33.1/jaeger-core-0.33.1.jar:/root/.m2/repository/io/jaegertracing/jaeger-tracerresolver/0.33.1/jaeger-tracerresolver-0.33.1.jar:/root/.m2/repository/io/opentracing/contrib/opentracing-tracerresolver/0.1.5/opentracing-tracerresolver-0.1.5.jar:/root/.m2/repository/io/opentracing/opentracing-util/0.31.0/opentracing-util-0.31.0.jar:/root/.m2/repository/io/opentracing/opentracing-api/0.31.0/opentracing-api-0.31.0.jar:/root/.m2/repository/io/opentracing/opentracing-noop/0.31.0/opentracing-noop-0.31.0.jar:/root/.m2/repository/org/apache/hadoop/hadoop-hdds-server-framework/0.5.0-SNAPSHOT/hadoop-hdds-server-framework-0.5.0-SNAPSHOT.jar:/root/.m2/repository/org/apache/hadoop/hadoop-hdds-server-scm/0.5.0-SNAPSHOT/hadoop-hdds-server-scm-0.5.0-SNAPSHOT.jar:/root/.m2/repository/org/apache/hadoop/hadoop-hdds-container-service/0.5.0-SNAPSHOT/hadoop-hdds-container-service-0.5.0-SNAPSHOT.jar:/root/.m2/repository/org/apache/hadoop/hadoop-hdds-client/0.5.0-SNAPSHOT/hadoop-hdds-client-0.5.0-SNAPSHOT.jar:/root/.m2/repository/org/apache/hadoop/hadoop-hdds-tools/0.5.0-SNAPSHOT/hadoop-hdds-tools-0.5.0-SNAPSHOT.jar:/root/.m2/repository/org/apache/hadoop/hadoop-ozone-ozone-manager/0.5.0-SNAPSHOT/hadoop-ozone-ozone-manager-0.5.0-SNAPSHOT.jar:/root/.m2/repository/org/apache/hadoop/hadoop-hdds-docs/0.5.0-SNAPSHOT/hadoop-hdds-docs-0.5.0-SNAPSHOT.jar:/root/.m2/repository/org/bouncycastle/bcprov-jdk15on/1.60/bcprov-jdk15on-1.60.jar:/root/.m2/repository/org/apache/hadoop/hadoop-minikdc/3.2.0/hadoop-minikdc-3.2.0.jar:/root/.m2/repository/commons-io/commons-io/2.5/commons-io-2.5.jar:/root/.m2/repository/org/apache/kerby/kerb-simplekdc/1.0.1/kerb-simplekdc-1.0.1.jar:/root/.m2/repository/org/apache/kerby/kerb-client/1.0.1/kerb-client-1.0.1.jar:/root/.m2/repository/org/apache/kerby/kerby-config/1.0.1/kerby-config-1.0.1.jar:/root/.m2/repository/org/apache/kerby/kerb-core/1.0.1/kerb-core-1.0.1.jar:/root/.m2/repository/org/apache/kerby/kerby-pkix/1.0.1/kerby-pkix-1.0.1.jar:/root/.m2/repository/org/apache/kerby/kerby-asn1/1.0.1/kerby-asn1-1.0.1.jar:/root/.m2/repository/org/apache/kerby/kerby-util/1.0.1/kerby-util-1.0.1.jar:/root/.m2/repository/org/apache/kerby/kerb-common/1.0.1/kerb-common-1.0.1.jar:/root/.m2/repository/org/apache/kerby/kerb-crypto/1.0.1/kerb-crypto-1.0.1.jar:/root/.m2/repository/org/apache/kerby/kerb-util/1.0.1/kerb-util-1.0.1.jar:/root/.m2/repository/org/apache/kerby/token-provider/1.0.1/token-provider-1.0.1.jar:/root/.m2/repository/org/apache/kerby/kerb-admin/1.0.1/kerb-admin-1.0.1.jar:/root/.m2/repository/org/apache/kerby/kerb-server/1.0.1/kerb-server-1.0.1.jar:/root/.m2/repository/org/apache/kerby/kerb-identity/1.0.1/kerb-identity-1.0.1.jar:/root/.m2/repository/org/apache/kerby/kerby-xdr/1.0.1/kerby-xdr-1.0.1.jar:/root/.m2/repository/org/slf4j/slf4j-log4j12/1.7.25/slf4j-log4j12-1.7.25.jar:/root/.m2/repository/org/apache/hadoop/hadoop-ozone-objectstore-service/0.5.0-SNAPSHOT/hadoop-ozone-objectstore-service-0.5.0-SNAPSHOT.jar:/root/.m2/repository/org/apache/hadoop/hadoop-ozone-s3gateway/0.5.0-SNAPSHOT/hadoop-ozone-s3gateway-0.5.0-SNAPSHOT.jar:/root/.m2/repository/org/jboss/weld/servlet/weld-servlet/2.4.7.Final/weld-servlet-2.4.7.Final.jar:/root/.m2/repository/org/glassfish/jersey/containers/jersey-container-servlet-core/2.27/jersey-container-servlet-core-2.27.jar:/root/.m2/repository/org/glassfish/hk2/external/javax.inject/2.5.0-b42/javax.inject-2.5.0-b42.jar:/root/.m2/repository/org/glassfish/jersey/core/jersey-common/2.27/jersey-common-2.27.jar:/root/.m2/repository/org/glassfish/hk2/osgi-resource-locator/1.0.1/osgi-resource-locator-1.0.1.jar:/root/.m2/repository/javax/ws/rs/javax.ws.rs-api/2.1/javax.ws.rs-api-2.1.jar:/root/.m2/repository/org/glassfish/jersey/ext/cdi/jersey-cdi1x/2.27/jersey-cdi1x-2.27.jar:/root/.m2/repository/org/glassfish/jersey/inject/jersey-hk2/2.27/jersey-hk2-2.27.jar:/root/.m2/repository/org/glassfish/hk2/hk2-locator/2.5.0-b42/hk2-locator-2.5.0-b42.jar:/root/.m2/repository/org/javassist/javassist/3.22.0-CR2/javassist-3.22.0-CR2.jar:/root/.m2/repository/org/glassfish/hk2/hk2-api/2.5.0/hk2-api-2.5.0.jar:/root/.m2/repository/org/glassfish/hk2/external/jakarta.inject/2.5.0/jakarta.inject-2.5.0.jar:/root/.m2/repository/org/glassfish/hk2/hk2-utils/2.5.0/hk2-utils-2.5.0.jar:/root/.m2/repository/jakarta/annotation/jakarta.annotation-api/1.3.4/jakarta.annotation-api-1.3.4.jar:/root/.m2/repository/org/glassfish/hk2/external/aopalliance-repackaged/2.5.0/aopalliance-repackaged-2.5.0.jar:/root/.m2/repository/com/fasterxml/jackson/dataformat/jackson-dataformat-xml/2.9.0/jackson-dataformat-xml-2.9.0.jar:/root/.m2/repository/com/fasterxml/jackson/core/jackson-core/2.9.5/jackson-core-2.9.5.jar:/root/.m2/repository/com/fasterxml/jackson/module/jackson-module-jaxb-annotations/2.9.5/jackson-module-jaxb-annotations-2.9.5.jar:/root/.m2/repository/javax/enterprise/cdi-api/1.2/cdi-api-1.2.jar:/root/.m2/repository/javax/el/javax.el-api/3.0.0/javax.el-api-3.0.0.jar:/root/.m2/repository/javax/interceptor/javax.interceptor-api/1.2/javax.interceptor-api-1.2.jar:/root/.m2/repository/javax/inject/javax.inject/1/javax.inject-1.jar:/root/.m2/repository/com/sun/xml/bind/jaxb-impl/2.3.0.1/jaxb-impl-2.3.0.1.jar:/root/.m2/repository/com/sun/xml/bind/jaxb-core/2.3.0.1/jaxb-core-2.3.0.1.jar:/root/.m2/repository/javax/xml/bind/jaxb-api/2.3.0/jaxb-api-2.3.0.jar:/root/.m2/repository/javax/activation/activation/1.1.1/activation-1.1.1.jar:/root/.m2/repository/org/apache/hadoop/hadoop-ozone-csi/0.5.0-SNAPSHOT/hadoop-ozone-csi-0.5.0-SNAPSHOT.jar:/root/.m2/repository/com/google/protobuf/protobuf-java-util/3.5.1/protobuf-java-util-3.5.1.jar:/root/.m2/repository/org/apache/hadoop/hadoop-hdds-config/0.5.0-SNAPSHOT/hadoop-hdds-config-0.5.0-SNAPSHOT.jar:/root/.m2/repository/com/google/guava/guava/11.0.2/guava-11.0.2.jar:/root/.m2/repository/com/google/protobuf/protobuf-java/2.5.0/protobuf-java-2.5.0.jar:/root/.m2/repository/io/grpc/grpc-netty/1.17.1/grpc-netty-1.17.1.jar:/root/.m2/repository/io/grpc/grpc-core/1.17.1/grpc-core-1.17.1.jar:/root/.m2/repository/io/grpc/grpc-context/1.17.1/grpc-context-1.17.1.jar:/root/.m2/repository/com/google/errorprone/error_prone_annotations/2.2.0/error_prone_annotations-2.2.0.jar:/root/.m2/repository/org/codehaus/mojo/animal-sniffer-annotations/1.17/animal-sniffer-annotations-1.17.jar:/root/.m2/repository/io/opencensus/opencensus-api/0.17.0/opencensus-api-0.17.0.jar:/root/.m2/repository/io/opencensus/opencensus-contrib-grpc-metrics/0.17.0/opencensus-contrib-grpc-metrics-0.17.0.jar:/root/.m2/repository/io/netty/netty-codec-http2/4.1.30.Final/netty-codec-http2-4.1.30.Final.jar:/root/.m2/repository/io/netty/netty-codec-http/4.1.30.Final/netty-codec-http-4.1.30.Final.jar:/root/.m2/repository/io/netty/netty-codec/4.1.30.Final/netty-codec-4.1.30.Final.jar:/root/.m2/repository/io/netty/netty-handler/4.1.30.Final/netty-handler-4.1.30.Final.jar:/root/.m2/repository/io/netty/netty-handler-proxy/4.1.30.Final/netty-handler-proxy-4.1.30.Final.jar:/root/.m2/repository/io/netty/netty-codec-socks/4.1.30.Final/netty-codec-socks-4.1.30.Final.jar:/root/.m2/repository/io/netty/netty-transport-native-epoll/4.1.30.Final/netty-transport-native-epoll-4.1.30.Final.jar:/root/.m2/repository/io/netty/netty-common/4.1.30.Final/netty-common-4.1.30.Final.jar:/root/.m2/repository/io/netty/netty-buffer/4.1.30.Final/netty-buffer-4.1.30.Final.jar:/root/.m2/repository/io/netty/netty-transport/4.1.30.Final/netty-transport-4.1.30.Final.jar:/root/.m2/repository/io/netty/netty-resolver/4.1.30.Final/netty-resolver-4.1.30.Final.jar:/root/.m2/repository/io/netty/netty-transport-native-unix-common/4.1.30.Final/netty-transport-native-unix-common-4.1.30.Final.jar:/root/.m2/repository/io/grpc/grpc-protobuf/1.17.1/grpc-protobuf-1.17.1.jar:/root/.m2/repository/com/google/api/grpc/proto-google-common-protos/1.0.0/proto-google-common-protos-1.0.0.jar:/root/.m2/repository/io/grpc/grpc-protobuf-lite/1.17.1/grpc-protobuf-lite-1.17.1.jar:/root/.m2/repository/io/grpc/grpc-stub/1.17.1/grpc-stub-1.17.1.jar:/root/.m2/repository/org/apache/hadoop/hadoop-ozone-recon/0.5.0-SNAPSHOT/hadoop-ozone-recon-0.5.0-SNAPSHOT.jar:/root/.m2/repository/org/apache/hadoop/hadoop-ozone-reconcodegen/0.5.0-SNAPSHOT/hadoop-ozone-reconcodegen-0.5.0-SNAPSHOT.jar:/root/.m2/repository/com/google/inject/extensions/guice-multibindings/4.0/guice-multibindings-4.0.jar:/root/.m2/repository/com/google/inject/guice/4.0/guice-4.0.jar:/root/.m2/repository/aopalliance/aopalliance/1.0/aopalliance-1.0.jar:/root/.m2/repository/com/google/inject/extensions/guice-servlet/4.0/guice-servlet-4.0.jar:/root/.m2/repository/org/glassfish/jersey/containers/jersey-container-servlet/2.27/jersey-container-servlet-2.27.jar:/root/.m2/repository/org/glassfish/hk2/guice-bridge/2.5.0/guice-bridge-2.5.0.jar:/root/.m2/repository/org/glassfish/jersey/core/jersey-server/2.27/jersey-server-2.27.jar:/root/.m2/repository/org/glassfish/jersey/core/jersey-client/2.27/jersey-client-2.27.jar:/root/.m2/repository/org/glassfish/jersey/media/jersey-media-jaxb/2.27/jersey-media-jaxb-2.27.jar:/root/.m2/repository/javax/validation/validation-api/1.1.0.Final/validation-api-1.1.0.Final.jar:/root/.m2/repository/org/glassfish/jersey/media/jersey-media-json-jackson/2.27/jersey-media-json-jackson-2.27.jar:/root/.m2/repository/org/glassfish/jersey/ext/jersey-entity-filtering/2.27/jersey-entity-filtering-2.27.jar:/root/.m2/repository/com/google/inject/extensions/guice-assistedinject/4.0/guice-assistedinject-4.0.jar:/root/.m2/repository/org/jooq/jooq/3.11.10/jooq-3.11.10.jar:/root/.m2/repository/org/jooq/jooq-meta/3.11.10/jooq-meta-3.11.10.jar:/root/.m2/repository/org/jooq/jooq-codegen/3.11.10/jooq-codegen-3.11.10.jar:/root/.m2/repository/com/jolbox/bonecp/0.8.0.RELEASE/bonecp-0.8.0.RELEASE.jar:/root/.m2/repository/org/xerial/sqlite-jdbc/3.25.2/sqlite-jdbc-3.25.2.jar:/root/.m2/repository/org/springframework/spring-jdbc/5.1.3.RELEASE/spring-jdbc-5.1.3.RELEASE.jar:/root/.m2/repository/org/springframework/spring-beans/5.1.3.RELEASE/spring-beans-5.1.3.RELEASE.jar:/root/.m2/repository/org/springframework/spring-core/5.1.3.RELEASE/spring-core-5.1.3.RELEASE.jar:/root/.m2/repository/org/springframework/spring-jcl/5.1.3.RELEASE/spring-jcl-5.1.3.RELEASE.jar:/root/.m2/repository/org/springframework/spring-tx/5.1.3.RELEASE/spring-tx-5.1.3.RELEASE.jar:/root/.m2/repository/org/apache/hadoop/hadoop-ozone-client/0.5.0-SNAPSHOT/hadoop-ozone-client-0.5.0-SNAPSHOT.jar:/root/.m2/repository/org/apache/hadoop/hadoop-ozone-ozone-manager/0.5.0-SNAPSHOT/hadoop-ozone-ozone-manager-0.5.0-SNAPSHOT-tests.jar:/root/.m2/repository/junit/junit/4.11/junit-4.11.jar:/root/.m2/repository/org/hamcrest/hamcrest-core/1.3/hamcrest-core-1.3.jar:/root/.m2/repository/org/openjdk/jmh/jmh-core/1.19/jmh-core-1.19.jar:/root/.m2/repository/net/sf/jopt-simple/jopt-simple/4.6/jopt-simple-4.6.jar:/root/.m2/repository/org/apache/commons/commons-math3/3.1.1/commons-math3-3.1.1.jar:/root/.m2/repository/org/openjdk/jmh/jmh-generator-annprocess/1.19/jmh-generator-annprocess-1.19.jar:/root/.m2/repository/org/mockito/mockito-all/1.8.5/mockito-all-1.8.5.jar:/root/.m2/repository/org/apache/hadoop/hadoop-kms/3.2.0/hadoop-kms-3.2.0.jar:/root/.m2/repository/org/apache/hadoop/hadoop-auth/3.2.0/hadoop-auth-3.2.0.jar:/root/.m2/repository/com/nimbusds/nimbus-jose-jwt/4.41.1/nimbus-jose-jwt-4.41.1.jar:/root/.m2/repository/com/github/stephenc/jcip/jcip-annotations/1.0-1/jcip-annotations-1.0-1.jar:/root/.m2/repository/net/minidev/json-smart/2.3/json-smart-2.3.jar:/root/.m2/repository/net/minidev/accessors-smart/1.2/accessors-smart-1.2.jar:/root/.m2/repository/org/ow2/asm/asm/5.0.4/asm-5.0.4.jar:/root/.m2/repository/org/apache/curator/curator-framework/2.12.0/curator-framework-2.12.0.jar:/root/.m2/repository/com/sun/jersey/jersey-core/1.19/jersey-core-1.19.jar:/root/.m2/repository/javax/ws/rs/jsr311-api/1.1.1/jsr311-api-1.1.1.jar:/root/.m2/repository/com/sun/jersey/jersey-server/1.19/jersey-server-1.19.jar:/root/.m2/repository/javax/servlet/javax.servlet-api/3.1.0/javax.servlet-api-3.1.0.jar:/root/.m2/repository/org/eclipse/jetty/jetty-server/9.3.24.v20180605/jetty-server-9.3.24.v20180605.jar:/root/.m2/repository/org/eclipse/jetty/jetty-http/9.3.24.v20180605/jetty-http-9.3.24.v20180605.jar:/root/.m2/repository/org/eclipse/jetty/jetty-io/9.3.24.v20180605/jetty-io-9.3.24.v20180605.jar:/root/.m2/repository/org/eclipse/jetty/jetty-webapp/9.3.24.v20180605/jetty-webapp-9.3.24.v20180605.jar:/root/.m2/repository/org/eclipse/jetty/jetty-xml/9.3.24.v20180605/jetty-xml-9.3.24.v20180605.jar:/root/.m2/repository/log4j/log4j/1.2.17/log4j-1.2.17.jar:/root/.m2/repository/org/slf4j/slf4j-api/1.7.25/slf4j-api-1.7.25.jar:/root/.m2/repository/org/slf4j/jul-to-slf4j/1.7.25/jul-to-slf4j-1.7.25.jar:/root/.m2/repository/org/eclipse/jetty/jetty-util/9.3.24.v20180605/jetty-util-9.3.24.v20180605.jar:/root/.m2/repository/io/dropwizard/metrics/metrics-core/3.2.4/metrics-core-3.2.4.jar:/root/.m2/repository/com/fasterxml/jackson/core/jackson-databind/2.9.5/jackson-databind-2.9.5.jar:/root/.m2/repository/org/apache/hadoop/hadoop-kms/3.2.0/hadoop-kms-3.2.0-tests.jar:/root/.m2/repository/org/apache/hadoop/hadoop-hdds-server-scm/0.5.0-SNAPSHOT/hadoop-hdds-server-scm-0.5.0-SNAPSHOT-tests.jar:/root/.m2/repository/org/hamcrest/hamcrest-all/1.3/hamcrest-all-1.3.jar:/root/.m2/repository/info/picocli/picocli/3.9.6/picocli-3.9.6.jar:/root/.m2/repository/org/apache/hadoop/hadoop-hdds-container-service/0.5.0-SNAPSHOT/hadoop-hdds-container-service-0.5.0-SNAPSHOT-tests.jar:/root/.m2/repository/org/yaml/snakeyaml/1.16/snakeyaml-1.16.jar:/root/.m2/repository/org/apache/hadoop/hadoop-common/3.2.0/hadoop-common-3.2.0-tests.jar:/root/.m2/repository/org/apache/hadoop/hadoop-annotations/3.2.0/hadoop-annotations-3.2.0.jar:/usr/lib/jvm/java-1.8-openjdk/jre/../lib/tools.jar:/root/.m2/repository/commons-cli/commons-cli/1.2/commons-cli-1.2.jar:/root/.m2/repository/org/apache/httpcomponents/httpclient/4.5.2/httpclient-4.5.2.jar:/root/.m2/repository/org/apache/httpcomponents/httpcore/4.4.4/httpcore-4.4.4.jar:/root/.m2/repository/commons-codec/commons-codec/1.11/commons-codec-1.11.jar:/root/.m2/repository/commons-net/commons-net/3.6/commons-net-3.6.jar:/root/.m2/repository/commons-collections/commons-collections/3.2.2/commons-collections-3.2.2.jar:/root/.m2/repository/org/eclipse/jetty/jetty-servlet/9.3.24.v20180605/jetty-servlet-9.3.24.v20180605.jar:/root/.m2/repository/org/eclipse/jetty/jetty-security/9.3.24.v20180605/jetty-security-9.3.24.v20180605.jar:/root/.m2/repository/javax/servlet/jsp/jsp-api/2.1/jsp-api-2.1.jar:/root/.m2/repository/com/sun/jersey/jersey-servlet/1.19/jersey-servlet-1.19.jar:/root/.m2/repository/com/sun/jersey/jersey-json/1.19/jersey-json-1.19.jar:/root/.m2/repository/org/codehaus/jettison/jettison/1.1/jettison-1.1.jar:/root/.m2/repository/org/codehaus/jackson/jackson-core-asl/1.9.13/jackson-core-asl-1.9.13.jar:/root/.m2/repository/org/codehaus/jackson/jackson-mapper-asl/1.9.13/jackson-mapper-asl-1.9.13.jar:/root/.m2/repository/org/codehaus/jackson/jackson-jaxrs/1.9.13/jackson-jaxrs-1.9.13.jar:/root/.m2/repository/org/codehaus/jackson/jackson-xc/1.9.13/jackson-xc-1.9.13.jar:/root/.m2/repository/commons-logging/commons-logging/1.1.3/commons-logging-1.1.3.jar:/root/.m2/repository/commons-beanutils/commons-beanutils/1.9.3/commons-beanutils-1.9.3.jar:/root/.m2/repository/org/apache/commons/commons-configuration2/2.1.1/commons-configuration2-2.1.1.jar:/root/.m2/repository/org/apache/commons/commons-lang3/3.7/commons-lang3-3.7.jar:/root/.m2/repository/org/apache/commons/commons-text/1.4/commons-text-1.4.jar:/root/.m2/repository/org/apache/avro/avro/1.7.7/avro-1.7.7.jar:/root/.m2/repository/com/thoughtworks/paranamer/paranamer/2.3/paranamer-2.3.jar:/root/.m2/repository/org/xerial/snappy/snappy-java/1.0.5/snappy-java-1.0.5.jar:/root/.m2/repository/com/google/re2j/re2j/1.1/re2j-1.1.jar:/root/.m2/repository/com/google/code/gson/gson/2.2.4/gson-2.2.4.jar:/root/.m2/repository/com/jcraft/jsch/0.1.54/jsch-0.1.54.jar:/root/.m2/repository/org/apache/curator/curator-client/2.12.0/curator-client-2.12.0.jar:/root/.m2/repository/org/apache/curator/curator-recipes/2.12.0/curator-recipes-2.12.0.jar:/root/.m2/repository/com/google/code/findbugs/jsr305/3.0.0/jsr305-3.0.0.jar:/root/.m2/repository/org/apache/htrace/htrace-core4/4.1.0-incubating/htrace-core4-4.1.0-incubating.jar:/root/.m2/repository/org/apache/zookeeper/zookeeper/3.4.13/zookeeper-3.4.13.jar:/root/.m2/repository/org/apache/yetus/audience-annotations/0.5.0/audience-annotations-0.5.0.jar:/root/.m2/repository/org/codehaus/woodstox/stax2-api/3.1.4/stax2-api-3.1.4.jar:/root/.m2/repository/com/fasterxml/woodstox/woodstox-core/5.0.3/woodstox-core-5.0.3.jar:/root/.m2/repository/dnsjava/dnsjava/2.1.7/dnsjava-2.1.7.jar:/root/.m2/repository/org/apache/hadoop/hadoop-hdfs/3.2.0/hadoop-hdfs-3.2.0-tests.jar:/root/.m2/repository/org/eclipse/jetty/jetty-util-ajax/9.3.24.v20180605/jetty-util-ajax-9.3.24.v20180605.jar:/root/.m2/repository/commons-daemon/commons-daemon/1.0.13/commons-daemon-1.0.13.jar:/root/.m2/repository/io/netty/netty/3.10.5.Final/netty-3.10.5.Final.jar:/root/.m2/repository/io/netty/netty-all/4.0.52.Final/netty-all-4.0.52.Final.jar:/root/.m2/repository/org/fusesource/leveldbjni/leveldbjni-all/1.8/leveldbjni-all-1.8.jar:"/>
    <property name="sun.cpu.endian" value="little"/>
    <property name="user.home" value="/root"/>
    <property name="user.language" value="en"/>
    <property name="java.specification.vendor" value="Oracle Corporation"/>
    <property name="java.home" value="/usr/lib/jvm/java-1.8-openjdk/jre"/>
    <property name="java.security.krb5.conf" value="/opt/src/hadoop-ozone/integration-test/target/test-classes/krb5.conf"/>
    <property name="basedir" value="/opt/src/hadoop-ozone/integration-test"/>
    <property name="file.separator" value="/"/>
    <property name="line.separator" value="&#10;"/>
    <property name="java.vm.specification.vendor" value="Oracle Corporation"/>
    <property name="java.specification.name" value="Java Platform API Specification"/>
    <property name="java.awt.graphicsenv" value="sun.awt.X11GraphicsEnvironment"/>
    <property name="surefire.real.class.path" value="/opt/src/hadoop-ozone/integration-test/target/surefire/surefirebooter3667241725747000811.jar"/>
    <property name="hadoop.log.dir" value="/opt/src/hadoop-ozone/integration-test/target/log"/>
    <property name="sun.boot.class.path" value="/usr/lib/jvm/java-1.8-openjdk/jre/lib/resources.jar:/usr/lib/jvm/java-1.8-openjdk/jre/lib/rt.jar:/usr/lib/jvm/java-1.8-openjdk/jre/lib/sunrsasign.jar:/usr/lib/jvm/java-1.8-openjdk/jre/lib/jsse.jar:/usr/lib/jvm/java-1.8-openjdk/jre/lib/jce.jar:/usr/lib/jvm/java-1.8-openjdk/jre/lib/charsets.jar:/usr/lib/jvm/java-1.8-openjdk/jre/lib/jfr.jar:/usr/lib/jvm/java-1.8-openjdk/jre/classes"/>
    <property name="sun.management.compiler" value="HotSpot 64-Bit Tiered Compilers"/>
    <property name="java.runtime.version" value="1.8.0_212-b04"/>
    <property name="java.net.preferIPv4Stack" value="true"/>
    <property name="user.name" value="root"/>
    <property name="path.separator" value=":"/>
    <property name="java.security.egd" value="file:///dev/urandom"/>
    <property name="os.version" value="4.15.0-1021-aws"/>
    <property name="java.endorsed.dirs" value="/usr/lib/jvm/java-1.8-openjdk/jre/lib/endorsed"/>
    <property name="java.runtime.name" value="OpenJDK Runtime Environment"/>
    <property name="file.encoding" value="UTF-8"/>
    <property name="java.vm.name" value="OpenJDK 64-Bit Server VM"/>
    <property name="test.build.webapps" value=""/>
    <property name="localRepository" value="/root/.m2/repository"/>
    <property name="java.vendor.url.bug" value="https://icedtea.classpath.org/bugzilla"/>
    <property name="java.io.tmpdir" value="/tmp"/>
    <property name="require.test.libhadoop" value=""/>
    <property name="java.version" value="1.8.0_212"/>
    <property name="user.dir" value="/opt/src/hadoop-ozone/integration-test"/>
    <property name="os.arch" value="amd64"/>
    <property name="java.vm.specification.name" value="Java Virtual Machine Specification"/>
    <property name="test.build.classes" value="/opt/src/hadoop-ozone/integration-test/target/test-classes"/>
    <property name="java.awt.printerjob" value="sun.print.PSPrinterJob"/>
    <property name="sun.os.patch.level" value="unknown"/>
    <property name="hadoop.tmp.dir" value="/opt/src/hadoop-ozone/integration-test/target/tmp"/>
    <property name="java.library.path" value="/usr/lib/jvm/java-1.8-openjdk/jre/lib/amd64/server:/usr/lib/jvm/java-1.8-openjdk/jre/lib/amd64:/usr/lib/jvm/java-1.8-openjdk/jre/../lib/amd64:/opt/src/hadoop-ozone/integration-test/target/native/target/usr/local/lib:/opt/src/hadoop-ozone/integration-test/../../hadoop-common-project/hadoop-common/target/native/target/usr/local/lib:/usr/java/packages/lib/amd64:/usr/lib64:/lib64:/lib:/usr/lib"/>
    <property name="java.vm.info" value="mixed mode"/>
    <property name="java.vendor" value="IcedTea"/>
    <property name="java.vm.version" value="25.212-b04"/>
    <property name="java.ext.dirs" value="/usr/lib/jvm/java-1.8-openjdk/jre/lib/ext:/usr/java/packages/lib/ext"/>
    <property name="sun.io.unicode.encoding" value="UnicodeLittle"/>
    <property name="java.class.version" value="52.0"/>
  </properties>
  <testcase name="testPipelineExclusionWithPipelineFailure" classname="org.apache.hadoop.ozone.client.rpc.TestFailureHandlingByClient" time="16.609"/>
  <testcase name="testContainerExclusionWithClosedContainerException" classname="org.apache.hadoop.ozone.client.rpc.TestFailureHandlingByClient" time="14.288"/>
  <testcase name="testWriteSmallFile" classname="org.apache.hadoop.ozone.client.rpc.TestFailureHandlingByClient" time="16.878"/>
  <testcase name="testMultiBlockWritesWithIntermittentDnFailures" classname="org.apache.hadoop.ozone.client.rpc.TestFailureHandlingByClient" time="39.005"/>
  <testcase name="testBlockWritesWithDnFailures" classname="org.apache.hadoop.ozone.client.rpc.TestFailureHandlingByClient" time="11.623"/>
  <testcase name="testDatanodeExclusionWithMajorityCommit" classname="org.apache.hadoop.ozone.client.rpc.TestFailureHandlingByClient" time="11.835">
    <failure type="java.lang.AssertionError">java.lang.AssertionError
	at org.junit.Assert.fail(Assert.java:86)
	at org.junit.Assert.assertTrue(Assert.java:41)
	at org.junit.Assert.assertTrue(Assert.java:52)
	at org.apache.hadoop.ozone.client.rpc.TestFailureHandlingByClient.testDatanodeExclusionWithMajorityCommit(TestFailureHandlingByClient.java:400)
	at sun.reflect.NativeMethodAccessorImpl.invoke0(Native Method)
	at sun.reflect.NativeMethodAccessorImpl.invoke(NativeMethodAccessorImpl.java:62)
	at sun.reflect.DelegatingMethodAccessorImpl.invoke(DelegatingMethodAccessorImpl.java:43)
	at java.lang.reflect.Method.invoke(Method.java:498)
	at org.junit.runners.model.FrameworkMethod$1.runReflectiveCall(FrameworkMethod.java:47)
	at org.junit.internal.runners.model.ReflectiveCallable.run(ReflectiveCallable.java:12)
	at org.junit.runners.model.FrameworkMethod.invokeExplosively(FrameworkMethod.java:44)
	at org.junit.internal.runners.statements.InvokeMethod.evaluate(InvokeMethod.java:17)
	at org.junit.runners.ParentRunner.runLeaf(ParentRunner.java:271)
	at org.junit.runners.BlockJUnit4ClassRunner.runChild(BlockJUnit4ClassRunner.java:70)
	at org.junit.runners.BlockJUnit4ClassRunner.runChild(BlockJUnit4ClassRunner.java:50)
	at org.junit.runners.ParentRunner$3.run(ParentRunner.java:238)
	at org.junit.runners.ParentRunner$1.schedule(ParentRunner.java:63)
	at org.junit.runners.ParentRunner.runChildren(ParentRunner.java:236)
	at org.junit.runners.ParentRunner.access$000(ParentRunner.java:53)
	at org.junit.runners.ParentRunner$2.evaluate(ParentRunner.java:229)
	at org.junit.runners.ParentRunner.run(ParentRunner.java:309)
	at org.apache.maven.surefire.junit4.JUnit4Provider.execute(JUnit4Provider.java:365)
	at org.apache.maven.surefire.junit4.JUnit4Provider.executeWithRerun(JUnit4Provider.java:273)
	at org.apache.maven.surefire.junit4.JUnit4Provider.executeTestSet(JUnit4Provider.java:238)
	at org.apache.maven.surefire.junit4.JUnit4Provider.invoke(JUnit4Provider.java:159)
	at org.apache.maven.surefire.booter.ForkedBooter.invokeProviderInSameClassLoader(ForkedBooter.java:384)
	at org.apache.maven.surefire.booter.ForkedBooter.runSuitesInProcess(ForkedBooter.java:345)
	at org.apache.maven.surefire.booter.ForkedBooter.execute(ForkedBooter.java:126)
	at org.apache.maven.surefire.booter.ForkedBooter.main(ForkedBooter.java:418)
</failure>
    <system-out><![CDATA[2019-06-14 00:43:53,795 WARN  server.ServerUtils (ServerUtils.java:getScmDbDir(145)) - ozone.scm.db.dirs is not configured. We recommend adding this setting. Falling back to ozone.metadata.dirs instead.
2019-06-14 00:43:53,799 WARN  server.ServerUtils (ServerUtils.java:getScmDbDir(145)) - ozone.scm.db.dirs is not configured. We recommend adding this setting. Falling back to ozone.metadata.dirs instead.
2019-06-14 00:43:53,799 WARN  server.ServerUtils (ServerUtils.java:getScmDbDir(145)) - ozone.scm.db.dirs is not configured. We recommend adding this setting. Falling back to ozone.metadata.dirs instead.
2019-06-14 00:43:53,799 INFO  db.DBStoreBuilder (DBStoreBuilder.java:addTable(110)) - using custom profile for table: deletedBlocks
2019-06-14 00:43:53,799 INFO  db.DBStoreBuilder (DBStoreBuilder.java:processTables(161)) - Using default column profile:DBProfile.DISK for Table:deletedBlocks
2019-06-14 00:43:53,800 INFO  db.DBStoreBuilder (DBStoreBuilder.java:addTable(110)) - using custom profile for table: validCerts
2019-06-14 00:43:53,800 INFO  db.DBStoreBuilder (DBStoreBuilder.java:processTables(161)) - Using default column profile:DBProfile.DISK for Table:validCerts
2019-06-14 00:43:53,800 INFO  db.DBStoreBuilder (DBStoreBuilder.java:addTable(110)) - using custom profile for table: revokedCerts
2019-06-14 00:43:53,800 INFO  db.DBStoreBuilder (DBStoreBuilder.java:processTables(161)) - Using default column profile:DBProfile.DISK for Table:revokedCerts
2019-06-14 00:43:53,801 INFO  db.DBStoreBuilder (DBStoreBuilder.java:addTable(110)) - using custom profile for table: default
2019-06-14 00:43:53,801 INFO  db.DBStoreBuilder (DBStoreBuilder.java:processTables(167)) - Using default column profile:DBProfile.DISK for Table:default
2019-06-14 00:43:53,801 INFO  db.DBStoreBuilder (DBStoreBuilder.java:getDbProfile(198)) - Using default options. DBProfile.DISK
2019-06-14 00:43:53,847 INFO  node.SCMNodeManager (SCMNodeManager.java:<init>(108)) - Entering startup safe mode.
2019-06-14 00:43:53,848 INFO  net.NodeSchemaLoader (NodeSchemaLoader.java:loadSchemaFromFile(125)) - Loading file from sun.misc.CompoundEnumeration@a6924ad
2019-06-14 00:43:53,848 INFO  net.NodeSchemaLoader (NodeSchemaLoader.java:loadSchema(171)) - Loading network topology layer schema file
2019-06-14 00:43:53,850 WARN  server.ServerUtils (ServerUtils.java:getScmDbDir(145)) - ozone.scm.db.dirs is not configured. We recommend adding this setting. Falling back to ozone.metadata.dirs instead.
2019-06-14 00:43:53,866 INFO  pipeline.SCMPipelineManager (SCMPipelineManager.java:initializePipelineState(126)) - No pipeline exists in current db
2019-06-14 00:43:53,866 WARN  server.ServerUtils (ServerUtils.java:getScmDbDir(145)) - ozone.scm.db.dirs is not configured. We recommend adding this setting. Falling back to ozone.metadata.dirs instead.
2019-06-14 00:43:53,884 WARN  events.EventQueue (EventQueue.java:fireEvent(175)) - No event handler registered for event TypedEvent{payloadType=SafeModeStatus, name='SafeModeStatus'}
2019-06-14 00:43:53,885 INFO  ipc.CallQueueManager (CallQueueManager.java:<init>(84)) - Using callQueue: class java.util.concurrent.LinkedBlockingQueue, queueCapacity: 2000, scheduler: class org.apache.hadoop.ipc.DefaultRpcScheduler, ipcBackoff: false.
2019-06-14 00:43:53,890 INFO  ipc.Server (Server.java:run(1074)) - Starting Socket Reader #1 for port 42625
2019-06-14 00:43:53,907 INFO  ipc.CallQueueManager (CallQueueManager.java:<init>(84)) - Using callQueue: class java.util.concurrent.LinkedBlockingQueue, queueCapacity: 2000, scheduler: class org.apache.hadoop.ipc.DefaultRpcScheduler, ipcBackoff: false.
2019-06-14 00:43:53,909 INFO  ipc.Server (Server.java:run(1074)) - Starting Socket Reader #1 for port 42675
2019-06-14 00:43:53,912 INFO  ipc.CallQueueManager (CallQueueManager.java:<init>(84)) - Using callQueue: class java.util.concurrent.LinkedBlockingQueue, queueCapacity: 2000, scheduler: class org.apache.hadoop.ipc.DefaultRpcScheduler, ipcBackoff: false.
2019-06-14 00:43:53,912 INFO  ipc.Server (Server.java:run(1074)) - Starting Socket Reader #1 for port 34851
2019-06-14 00:43:53,916 INFO  hdfs.DFSUtil (DFSUtil.java:httpServerTemplateForNNAndJN(1641)) - Starting Web-server for scm at: http://0.0.0.0:0
2019-06-14 00:43:53,917 INFO  server.AuthenticationFilter (AuthenticationFilter.java:constructSecretProvider(240)) - Unable to initialize FileSignerSecretProvider, falling back to use random secrets.
2019-06-14 00:43:53,921 WARN  http.HttpRequestLog (HttpRequestLog.java:getRequestLog(97)) - Jetty request log can only be enabled using Log4j
2019-06-14 00:43:53,923 INFO  http.HttpServer2 (HttpServer2.java:addGlobalFilter(975)) - Added global filter 'safety' (class=org.apache.hadoop.http.HttpServer2$QuotingInputFilter)
2019-06-14 00:43:53,923 INFO  http.HttpServer2 (HttpServer2.java:addFilter(948)) - Added filter static_user_filter (class=org.apache.hadoop.http.lib.StaticUserWebFilter$StaticUserFilter) to context scm
2019-06-14 00:43:53,923 INFO  http.HttpServer2 (HttpServer2.java:addFilter(958)) - Added filter static_user_filter (class=org.apache.hadoop.http.lib.StaticUserWebFilter$StaticUserFilter) to context logs
2019-06-14 00:43:53,924 INFO  http.HttpServer2 (HttpServer2.java:addFilter(958)) - Added filter static_user_filter (class=org.apache.hadoop.http.lib.StaticUserWebFilter$StaticUserFilter) to context static
2019-06-14 00:43:53,926 INFO  server.StorageContainerManager (StorageContainerManager.java:start(752)) - StorageContainerLocationProtocol RPC server is listening at /0.0.0.0:34851
2019-06-14 00:43:53,927 INFO  impl.MetricsSystemImpl (MetricsSystemImpl.java:init(158)) - StorageContainerManager metrics system started (again)
2019-06-14 00:43:53,927 INFO  server.SCMClientProtocolServer (SCMClientProtocolServer.java:start(149)) - RPC server for Client  is listening at /0.0.0.0:34851
2019-06-14 00:43:53,927 INFO  ipc.Server (Server.java:run(1314)) - IPC Server Responder: starting
2019-06-14 00:43:53,930 INFO  ipc.Server (Server.java:run(1153)) - IPC Server listener on 34851: starting
2019-06-14 00:43:53,966 INFO  server.StorageContainerManager (StorageContainerManager.java:start(761)) - ScmBlockLocationProtocol RPC server is listening at /0.0.0.0:42675
2019-06-14 00:43:53,966 INFO  server.SCMBlockProtocolServer (SCMBlockProtocolServer.java:start(137)) - RPC server for Block Protocol is listening at /0.0.0.0:42675
2019-06-14 00:43:53,966 INFO  ipc.Server (Server.java:run(1314)) - IPC Server Responder: starting
2019-06-14 00:43:53,966 INFO  ipc.Server (Server.java:run(1153)) - IPC Server listener on 42675: starting
2019-06-14 00:43:53,972 INFO  server.StorageContainerManager (StorageContainerManager.java:start(765)) - ScmDatanodeProtocl RPC server is listening at /0.0.0.0:42625
2019-06-14 00:43:53,973 INFO  server.SCMDatanodeProtocolServer (SCMDatanodeProtocolServer.java:start(191)) - RPC server for DataNodes is listening at /0.0.0.0:42625
2019-06-14 00:43:53,973 INFO  ipc.Server (Server.java:run(1314)) - IPC Server Responder: starting
2019-06-14 00:43:53,973 INFO  ipc.Server (Server.java:run(1153)) - IPC Server listener on 42625: starting
2019-06-14 00:43:53,996 INFO  http.HttpServer2 (HttpServer2.java:bindListener(1191)) - Jetty bound to port 33953
2019-06-14 00:43:53,996 INFO  server.Server (Server.java:doStart(351)) - jetty-9.3.24.v20180605, build timestamp: 2018-06-05T17:11:56Z, git hash: 84205aa28f11a4f31f2a3b86d1bba2cc8ab69827
2019-06-14 00:43:54,014 INFO  handler.ContextHandler (ContextHandler.java:doStart(781)) - Started o.e.j.s.ServletContextHandler@5482b32a{/logs,file:///opt/src/hadoop-ozone/integration-test/target/log,AVAILABLE}
2019-06-14 00:43:54,014 INFO  handler.ContextHandler (ContextHandler.java:doStart(781)) - Started o.e.j.s.ServletContextHandler@1300112e{/static,file:///opt/src/hadoop-ozone/integration-test/target/test-classes/webapps/static,AVAILABLE}
2019-06-14 00:43:54,017 INFO  handler.ContextHandler (ContextHandler.java:doStart(781)) - Started o.e.j.w.WebAppContext@8e100e7{/,file:///opt/src/hadoop-ozone/integration-test/target/test-classes/webapps/scm/,AVAILABLE}{/scm}
2019-06-14 00:43:54,017 INFO  server.AbstractConnector (AbstractConnector.java:doStart(278)) - Started ServerConnector@420dde28{HTTP/1.1,[http/1.1]}{0.0.0.0:33953}
2019-06-14 00:43:54,018 INFO  server.Server (Server.java:doStart(419)) - Started @98963ms
2019-06-14 00:43:54,019 INFO  server.BaseHttpServer (BaseHttpServer.java:updateConnectorAddress(207)) - HTTP server of SCM is listening at http://0.0.0.0:33953
2019-06-14 00:43:54,022 WARN  scm.ScmUtils (ScmUtils.java:getDBPath(63)) - ozone.om.db.dirs is not configured. We recommend adding this setting. Falling back to ozone.metadata.dirs instead.
2019-06-14 00:43:54,022 INFO  util.JvmPauseMonitor (JvmPauseMonitor.java:run(188)) - Starting JVM pause monitor
2019-06-14 00:43:54,025 WARN  scm.ScmUtils (ScmUtils.java:getDBPath(63)) - ozone.om.db.dirs is not configured. We recommend adding this setting. Falling back to ozone.metadata.dirs instead.
2019-06-14 00:43:54,025 INFO  om.OzoneManager (OzoneManager.java:setOMNodeDetails(519)) - OM Service ID is not set. Setting it to the default ID: omServiceIdDefault
2019-06-14 00:43:54,025 INFO  om.OzoneManager (OzoneManager.java:setOMNodeDetails(525)) - OM Node ID is not set. Setting it to the OmStorage's OmID: 55798c6a-47ca-481f-8130-5d35c347bed1
2019-06-14 00:43:54,025 WARN  scm.HddsServerUtil (HddsServerUtil.java:getDefaultRatisDirectory(354)) - Storage directory for Ratis is not configured. It is a good idea to map this to an SSD disk. Falling back to ozone.metadata.dirs
2019-06-14 00:43:54,025 WARN  scm.HddsServerUtil (HddsServerUtil.java:getDefaultRatisDirectory(354)) - Storage directory for Ratis is not configured. It is a good idea to map this to an SSD disk. Falling back to ozone.metadata.dirs
2019-06-14 00:43:54,026 INFO  om.OzoneManager (OzoneManager.java:loadOMHAConfigs(476)) - Found matching OM address with OMServiceId: null, OMNodeId: null, RPC Address: localhost:0 and Ratis port: 9872
2019-06-14 00:43:54,036 WARN  scm.ScmUtils (ScmUtils.java:getDBPath(63)) - ozone.om.db.dirs is not configured. We recommend adding this setting. Falling back to ozone.metadata.dirs instead.
2019-06-14 00:43:54,036 INFO  db.DBStoreBuilder (DBStoreBuilder.java:addTable(110)) - using custom profile for table: userTable
2019-06-14 00:43:54,037 INFO  db.DBStoreBuilder (DBStoreBuilder.java:processTables(161)) - Using default column profile:DBProfile.DISK for Table:userTable
2019-06-14 00:43:54,037 INFO  db.DBStoreBuilder (DBStoreBuilder.java:addTable(110)) - using custom profile for table: volumeTable
2019-06-14 00:43:54,037 INFO  db.DBStoreBuilder (DBStoreBuilder.java:processTables(161)) - Using default column profile:DBProfile.DISK for Table:volumeTable
2019-06-14 00:43:54,037 INFO  db.DBStoreBuilder (DBStoreBuilder.java:addTable(110)) - using custom profile for table: bucketTable
2019-06-14 00:43:54,037 INFO  db.DBStoreBuilder (DBStoreBuilder.java:processTables(161)) - Using default column profile:DBProfile.DISK for Table:bucketTable
2019-06-14 00:43:54,037 INFO  db.DBStoreBuilder (DBStoreBuilder.java:addTable(110)) - using custom profile for table: keyTable
2019-06-14 00:43:54,037 INFO  db.DBStoreBuilder (DBStoreBuilder.java:processTables(161)) - Using default column profile:DBProfile.DISK for Table:keyTable
2019-06-14 00:43:54,038 INFO  db.DBStoreBuilder (DBStoreBuilder.java:addTable(110)) - using custom profile for table: deletedTable
2019-06-14 00:43:54,038 INFO  db.DBStoreBuilder (DBStoreBuilder.java:processTables(161)) - Using default column profile:DBProfile.DISK for Table:deletedTable
2019-06-14 00:43:54,038 INFO  db.DBStoreBuilder (DBStoreBuilder.java:addTable(110)) - using custom profile for table: openKeyTable
2019-06-14 00:43:54,038 INFO  db.DBStoreBuilder (DBStoreBuilder.java:processTables(161)) - Using default column profile:DBProfile.DISK for Table:openKeyTable
2019-06-14 00:43:54,038 INFO  db.DBStoreBuilder (DBStoreBuilder.java:addTable(110)) - using custom profile for table: s3Table
2019-06-14 00:43:54,038 INFO  db.DBStoreBuilder (DBStoreBuilder.java:processTables(161)) - Using default column profile:DBProfile.DISK for Table:s3Table
2019-06-14 00:43:54,038 INFO  db.DBStoreBuilder (DBStoreBuilder.java:addTable(110)) - using custom profile for table: multipartInfoTable
2019-06-14 00:43:54,038 INFO  db.DBStoreBuilder (DBStoreBuilder.java:processTables(161)) - Using default column profile:DBProfile.DISK for Table:multipartInfoTable
2019-06-14 00:43:54,039 INFO  db.DBStoreBuilder (DBStoreBuilder.java:addTable(110)) - using custom profile for table: dTokenTable
2019-06-14 00:43:54,039 INFO  db.DBStoreBuilder (DBStoreBuilder.java:processTables(161)) - Using default column profile:DBProfile.DISK for Table:dTokenTable
2019-06-14 00:43:54,039 INFO  db.DBStoreBuilder (DBStoreBuilder.java:addTable(110)) - using custom profile for table: s3SecretTable
2019-06-14 00:43:54,039 INFO  db.DBStoreBuilder (DBStoreBuilder.java:processTables(161)) - Using default column profile:DBProfile.DISK for Table:s3SecretTable
2019-06-14 00:43:54,039 INFO  db.DBStoreBuilder (DBStoreBuilder.java:addTable(110)) - using custom profile for table: prefixTable
2019-06-14 00:43:54,039 INFO  db.DBStoreBuilder (DBStoreBuilder.java:processTables(161)) - Using default column profile:DBProfile.DISK for Table:prefixTable
2019-06-14 00:43:54,039 INFO  db.DBStoreBuilder (DBStoreBuilder.java:addTable(110)) - using custom profile for table: default
2019-06-14 00:43:54,039 INFO  db.DBStoreBuilder (DBStoreBuilder.java:processTables(167)) - Using default column profile:DBProfile.DISK for Table:default
2019-06-14 00:43:54,039 INFO  db.DBStoreBuilder (DBStoreBuilder.java:getDbProfile(198)) - Using default options. DBProfile.DISK
2019-06-14 00:43:54,178 INFO  ipc.CallQueueManager (CallQueueManager.java:<init>(84)) - Using callQueue: class java.util.concurrent.LinkedBlockingQueue, queueCapacity: 2000, scheduler: class org.apache.hadoop.ipc.DefaultRpcScheduler, ipcBackoff: false.
2019-06-14 00:43:54,179 INFO  ipc.Server (Server.java:run(1074)) - Starting Socket Reader #1 for port 44501
2019-06-14 00:43:54,195 WARN  scm.ScmUtils (ScmUtils.java:getDBPath(63)) - ozone.om.db.dirs is not configured. We recommend adding this setting. Falling back to ozone.metadata.dirs instead.
2019-06-14 00:43:54,195 INFO  om.OzoneManager (OzoneManager.java:start(1217)) - OzoneManager RPC server is listening at localhost/127.0.0.1:44501
2019-06-14 00:43:54,195 INFO  impl.MetricsSystemImpl (MetricsSystemImpl.java:init(158)) - OzoneManager metrics system started (again)
2019-06-14 00:43:54,196 INFO  ipc.Server (Server.java:run(1314)) - IPC Server Responder: starting
2019-06-14 00:43:54,200 INFO  ipc.Server (Server.java:run(1153)) - IPC Server listener on 44501: starting
2019-06-14 00:43:54,207 INFO  hdfs.DFSUtil (DFSUtil.java:httpServerTemplateForNNAndJN(1641)) - Starting Web-server for ozoneManager at: http://0.0.0.0:0
2019-06-14 00:43:54,208 INFO  server.AuthenticationFilter (AuthenticationFilter.java:constructSecretProvider(240)) - Unable to initialize FileSignerSecretProvider, falling back to use random secrets.
2019-06-14 00:43:54,209 WARN  http.HttpRequestLog (HttpRequestLog.java:getRequestLog(97)) - Jetty request log can only be enabled using Log4j
2019-06-14 00:43:54,210 INFO  http.HttpServer2 (HttpServer2.java:addGlobalFilter(975)) - Added global filter 'safety' (class=org.apache.hadoop.http.HttpServer2$QuotingInputFilter)
2019-06-14 00:43:54,210 INFO  http.HttpServer2 (HttpServer2.java:addFilter(948)) - Added filter static_user_filter (class=org.apache.hadoop.http.lib.StaticUserWebFilter$StaticUserFilter) to context ozoneManager
2019-06-14 00:43:54,210 INFO  http.HttpServer2 (HttpServer2.java:addFilter(958)) - Added filter static_user_filter (class=org.apache.hadoop.http.lib.StaticUserWebFilter$StaticUserFilter) to context logs
2019-06-14 00:43:54,211 INFO  http.HttpServer2 (HttpServer2.java:addFilter(958)) - Added filter static_user_filter (class=org.apache.hadoop.http.lib.StaticUserWebFilter$StaticUserFilter) to context static
2019-06-14 00:43:54,211 INFO  http.HttpServer2 (HttpServer2.java:bindListener(1191)) - Jetty bound to port 36729
2019-06-14 00:43:54,211 INFO  server.Server (Server.java:doStart(351)) - jetty-9.3.24.v20180605, build timestamp: 2018-06-05T17:11:56Z, git hash: 84205aa28f11a4f31f2a3b86d1bba2cc8ab69827
2019-06-14 00:43:54,212 INFO  handler.ContextHandler (ContextHandler.java:doStart(781)) - Started o.e.j.s.ServletContextHandler@cf82c58{/logs,file:///opt/src/hadoop-ozone/integration-test/target/log,AVAILABLE}
2019-06-14 00:43:54,212 INFO  handler.ContextHandler (ContextHandler.java:doStart(781)) - Started o.e.j.s.ServletContextHandler@5aff8207{/static,file:///opt/src/hadoop-ozone/integration-test/target/test-classes/webapps/static,AVAILABLE}
2019-06-14 00:43:54,215 INFO  handler.ContextHandler (ContextHandler.java:doStart(781)) - Started o.e.j.w.WebAppContext@69b436a7{/,file:///opt/src/hadoop-ozone/integration-test/target/test-classes/webapps/ozoneManager/,AVAILABLE}{/ozoneManager}
2019-06-14 00:43:54,215 INFO  server.AbstractConnector (AbstractConnector.java:doStart(278)) - Started ServerConnector@5dfd4fac{HTTP/1.1,[http/1.1]}{0.0.0.0:36729}
2019-06-14 00:43:54,216 INFO  server.Server (Server.java:doStart(419)) - Started @99161ms
2019-06-14 00:43:54,216 INFO  server.BaseHttpServer (BaseHttpServer.java:updateConnectorAddress(207)) - HTTP server of OZONEMANAGER is listening at http://0.0.0.0:36729
2019-06-14 00:43:54,224 INFO  impl.MetricsSystemImpl (MetricsSystemImpl.java:init(158)) - HddsDatanode metrics system started (again)
2019-06-14 00:43:54,224 INFO  ozone.HddsDatanodeService (HddsDatanodeService.java:start(185)) - HddsDatanodeService host:ozone-csdnw-1345654644 ip:192.168.46.62
2019-06-14 00:43:54,229 INFO  volume.HddsVolume (HddsVolume.java:<init>(176)) - Creating Volume: /opt/src/hadoop-ozone/integration-test/target/test-dir/MiniOzoneClusterImpl-705e936e-8192-4db7-ae5d-93542663a72d/datanode-0/data/containers/hdds of  storage type : DISK and capacity : 104021790720
2019-06-14 00:43:54,229 INFO  volume.VolumeSet (VolumeSet.java:initializeVolumeSet(170)) - Added Volume : /opt/src/hadoop-ozone/integration-test/target/test-dir/MiniOzoneClusterImpl-705e936e-8192-4db7-ae5d-93542663a72d/datanode-0/data/containers/hdds to VolumeSet
2019-06-14 00:43:54,229 INFO  volume.ThrottledAsyncChecker (ThrottledAsyncChecker.java:schedule(140)) - Scheduling a check for org.apache.hadoop.ozone.container.common.volume.HddsVolume@70e07ef8
2019-06-14 00:43:54,229 INFO  volume.HddsVolumeChecker (HddsVolumeChecker.java:checkAllVolumes(203)) - Scheduled health check for volume org.apache.hadoop.ozone.container.common.volume.HddsVolume@70e07ef8
2019-06-14 00:43:54,237 INFO  ratis.XceiverServerRatis (XceiverServerRatis.java:newXceiverServerRatis(401)) - Found a free port for the server : 44753
2019-06-14 00:43:54,238 INFO  impl.RaftServerProxy (ConfUtils.java:logGet(43)) - raft.rpc.type = GRPC (default)
2019-06-14 00:43:54,238 INFO  grpc.GrpcConfigKeys$Server (ConfUtils.java:logGet(43)) - raft.grpc.server.port = 44753 (custom)
2019-06-14 00:43:54,238 INFO  server.GrpcService (ConfUtils.java:logGet(43)) - raft.grpc.message.size.max = 33570816 (custom)
2019-06-14 00:43:54,238 INFO  server.RaftServerConfigKeys (ConfUtils.java:logGet(43)) - raft.server.log.appender.buffer.byte-limit = 33554432 (custom)
2019-06-14 00:43:54,239 INFO  server.GrpcService (ConfUtils.java:logGet(43)) - raft.grpc.flow.control.window = 1MB (=1048576) (default)
2019-06-14 00:43:54,239 INFO  server.RaftServerConfigKeys (ConfUtils.java:logGet(43)) - raft.server.rpc.request.timeout = 3000ms (default)
2019-06-14 00:43:54,239 INFO  server.RaftServerConfigKeys (ConfUtils.java:logGet(43)) - raft.server.storage.dir = [/opt/src/hadoop-ozone/integration-test/target/test-dir/MiniOzoneClusterImpl-705e936e-8192-4db7-ae5d-93542663a72d/datanode-0/data/ratis] (custom)
2019-06-14 00:43:54,239 INFO  server.XceiverServerGrpc (XceiverServerGrpc.java:<init>(97)) - Found a free port for the server : 35689
2019-06-14 00:43:54,239 INFO  replication.SimpleContainerDownloader (SimpleContainerDownloader.java:<init>(72)) - Starting container downloader service to copy containers to replicate.
2019-06-14 00:43:54,243 INFO  hdfs.DFSUtil (DFSUtil.java:httpServerTemplateForNNAndJN(1641)) - Starting Web-server for hddsDatanode at: http://0.0.0.0:0
2019-06-14 00:43:54,244 INFO  server.AuthenticationFilter (AuthenticationFilter.java:constructSecretProvider(240)) - Unable to initialize FileSignerSecretProvider, falling back to use random secrets.
2019-06-14 00:43:54,244 WARN  http.HttpRequestLog (HttpRequestLog.java:getRequestLog(97)) - Jetty request log can only be enabled using Log4j
2019-06-14 00:43:54,245 INFO  http.HttpServer2 (HttpServer2.java:addGlobalFilter(975)) - Added global filter 'safety' (class=org.apache.hadoop.http.HttpServer2$QuotingInputFilter)
2019-06-14 00:43:54,246 INFO  http.HttpServer2 (HttpServer2.java:addFilter(948)) - Added filter static_user_filter (class=org.apache.hadoop.http.lib.StaticUserWebFilter$StaticUserFilter) to context hddsDatanode
2019-06-14 00:43:54,246 INFO  http.HttpServer2 (HttpServer2.java:addFilter(958)) - Added filter static_user_filter (class=org.apache.hadoop.http.lib.StaticUserWebFilter$StaticUserFilter) to context logs
2019-06-14 00:43:54,246 INFO  http.HttpServer2 (HttpServer2.java:addFilter(958)) - Added filter static_user_filter (class=org.apache.hadoop.http.lib.StaticUserWebFilter$StaticUserFilter) to context static
2019-06-14 00:43:54,246 INFO  http.HttpServer2 (HttpServer2.java:bindListener(1191)) - Jetty bound to port 46311
2019-06-14 00:43:54,246 INFO  server.Server (Server.java:doStart(351)) - jetty-9.3.24.v20180605, build timestamp: 2018-06-05T17:11:56Z, git hash: 84205aa28f11a4f31f2a3b86d1bba2cc8ab69827
2019-06-14 00:43:54,247 INFO  handler.ContextHandler (ContextHandler.java:doStart(781)) - Started o.e.j.s.ServletContextHandler@59f56892{/logs,file:///opt/src/hadoop-ozone/integration-test/target/log,AVAILABLE}
2019-06-14 00:43:54,248 INFO  handler.ContextHandler (ContextHandler.java:doStart(781)) - Started o.e.j.s.ServletContextHandler@5d72da0b{/static,jar:file:/root/.m2/repository/org/apache/hadoop/hadoop-hdds-container-service/0.5.0-SNAPSHOT/hadoop-hdds-container-service-0.5.0-SNAPSHOT.jar!/webapps/static,AVAILABLE}
2019-06-14 00:43:54,268 INFO  handler.ContextHandler (ContextHandler.java:doStart(781)) - Started o.e.j.w.WebAppContext@7c08461b{/,file:///tmp/jetty-0.0.0.0-46311-hddsDatanode-_-any-2858446344323961091.dir/webapp/,AVAILABLE}{/hddsDatanode}
2019-06-14 00:43:54,268 INFO  server.AbstractConnector (AbstractConnector.java:doStart(278)) - Started ServerConnector@6c37c36{HTTP/1.1,[http/1.1]}{0.0.0.0:46311}
2019-06-14 00:43:54,269 INFO  server.Server (Server.java:doStart(419)) - Started @99214ms
2019-06-14 00:43:54,270 INFO  server.BaseHttpServer (BaseHttpServer.java:updateConnectorAddress(207)) - HTTP server of HDDSDATANODE is listening at http://0.0.0.0:46311
2019-06-14 00:43:54,344 INFO  ozone.HddsDatanodeService (HddsDatanodeService.java:startPlugins(396)) - Started plug-in org.apache.hadoop.ozone.web.OzoneHddsDatanodeService@3fbf66e7
2019-06-14 00:43:54,344 INFO  impl.MetricsSystemImpl (MetricsSystemImpl.java:init(158)) - HddsDatanode metrics system started (again)
2019-06-14 00:43:54,344 INFO  ozone.HddsDatanodeService (HddsDatanodeService.java:start(185)) - HddsDatanodeService host:ozone-csdnw-1345654644 ip:192.168.46.62
2019-06-14 00:43:54,345 INFO  util.JvmPauseMonitor (JvmPauseMonitor.java:run(188)) - Starting JVM pause monitor
2019-06-14 00:43:54,345 INFO  datanode.InitDatanodeState (InitDatanodeState.java:persistContainerDatanodeDetails(140)) - DatanodeDetails is persisted to /opt/src/hadoop-ozone/integration-test/target/test-dir/MiniOzoneClusterImpl-705e936e-8192-4db7-ae5d-93542663a72d/datanode-0/meta/datanode.id
2019-06-14 00:43:54,349 INFO  volume.HddsVolume (HddsVolume.java:<init>(176)) - Creating Volume: /opt/src/hadoop-ozone/integration-test/target/test-dir/MiniOzoneClusterImpl-705e936e-8192-4db7-ae5d-93542663a72d/datanode-1/data/containers/hdds of  storage type : DISK and capacity : 104021790720
2019-06-14 00:43:54,349 INFO  volume.VolumeSet (VolumeSet.java:initializeVolumeSet(170)) - Added Volume : /opt/src/hadoop-ozone/integration-test/target/test-dir/MiniOzoneClusterImpl-705e936e-8192-4db7-ae5d-93542663a72d/datanode-1/data/containers/hdds to VolumeSet
2019-06-14 00:43:54,349 INFO  volume.ThrottledAsyncChecker (ThrottledAsyncChecker.java:schedule(140)) - Scheduling a check for org.apache.hadoop.ozone.container.common.volume.HddsVolume@70d24586
2019-06-14 00:43:54,349 INFO  volume.HddsVolumeChecker (HddsVolumeChecker.java:checkAllVolumes(203)) - Scheduled health check for volume org.apache.hadoop.ozone.container.common.volume.HddsVolume@70d24586
2019-06-14 00:43:54,357 INFO  ratis.XceiverServerRatis (XceiverServerRatis.java:newXceiverServerRatis(401)) - Found a free port for the server : 34251
2019-06-14 00:43:54,358 INFO  impl.RaftServerProxy (ConfUtils.java:logGet(43)) - raft.rpc.type = GRPC (default)
2019-06-14 00:43:54,358 INFO  grpc.GrpcConfigKeys$Server (ConfUtils.java:logGet(43)) - raft.grpc.server.port = 34251 (custom)
2019-06-14 00:43:54,358 INFO  server.GrpcService (ConfUtils.java:logGet(43)) - raft.grpc.message.size.max = 33570816 (custom)
2019-06-14 00:43:54,359 INFO  server.RaftServerConfigKeys (ConfUtils.java:logGet(43)) - raft.server.log.appender.buffer.byte-limit = 33554432 (custom)
2019-06-14 00:43:54,359 INFO  server.GrpcService (ConfUtils.java:logGet(43)) - raft.grpc.flow.control.window = 1MB (=1048576) (default)
2019-06-14 00:43:54,359 INFO  server.RaftServerConfigKeys (ConfUtils.java:logGet(43)) - raft.server.rpc.request.timeout = 3000ms (default)
2019-06-14 00:43:54,359 INFO  server.RaftServerConfigKeys (ConfUtils.java:logGet(43)) - raft.server.storage.dir = [/opt/src/hadoop-ozone/integration-test/target/test-dir/MiniOzoneClusterImpl-705e936e-8192-4db7-ae5d-93542663a72d/datanode-1/data/ratis] (custom)
2019-06-14 00:43:54,360 INFO  server.XceiverServerGrpc (XceiverServerGrpc.java:<init>(97)) - Found a free port for the server : 36033
2019-06-14 00:43:54,360 INFO  replication.SimpleContainerDownloader (SimpleContainerDownloader.java:<init>(72)) - Starting container downloader service to copy containers to replicate.
2019-06-14 00:43:54,361 INFO  hdfs.DFSUtil (DFSUtil.java:httpServerTemplateForNNAndJN(1641)) - Starting Web-server for hddsDatanode at: http://0.0.0.0:0
2019-06-14 00:43:54,362 INFO  server.AuthenticationFilter (AuthenticationFilter.java:constructSecretProvider(240)) - Unable to initialize FileSignerSecretProvider, falling back to use random secrets.
2019-06-14 00:43:54,362 WARN  http.HttpRequestLog (HttpRequestLog.java:getRequestLog(97)) - Jetty request log can only be enabled using Log4j
2019-06-14 00:43:54,363 INFO  http.HttpServer2 (HttpServer2.java:addGlobalFilter(975)) - Added global filter 'safety' (class=org.apache.hadoop.http.HttpServer2$QuotingInputFilter)
2019-06-14 00:43:54,364 INFO  http.HttpServer2 (HttpServer2.java:addFilter(948)) - Added filter static_user_filter (class=org.apache.hadoop.http.lib.StaticUserWebFilter$StaticUserFilter) to context hddsDatanode
2019-06-14 00:43:54,364 INFO  http.HttpServer2 (HttpServer2.java:addFilter(958)) - Added filter static_user_filter (class=org.apache.hadoop.http.lib.StaticUserWebFilter$StaticUserFilter) to context static
2019-06-14 00:43:54,364 INFO  http.HttpServer2 (HttpServer2.java:addFilter(958)) - Added filter static_user_filter (class=org.apache.hadoop.http.lib.StaticUserWebFilter$StaticUserFilter) to context logs
2019-06-14 00:43:54,364 INFO  http.HttpServer2 (HttpServer2.java:bindListener(1191)) - Jetty bound to port 43897
2019-06-14 00:43:54,365 INFO  server.Server (Server.java:doStart(351)) - jetty-9.3.24.v20180605, build timestamp: 2018-06-05T17:11:56Z, git hash: 84205aa28f11a4f31f2a3b86d1bba2cc8ab69827
2019-06-14 00:43:54,370 INFO  handler.ContextHandler (ContextHandler.java:doStart(781)) - Started o.e.j.s.ServletContextHandler@76a86677{/logs,file:///opt/src/hadoop-ozone/integration-test/target/log,AVAILABLE}
2019-06-14 00:43:54,370 INFO  handler.ContextHandler (ContextHandler.java:doStart(781)) - Started o.e.j.s.ServletContextHandler@2524f9bf{/static,jar:file:/root/.m2/repository/org/apache/hadoop/hadoop-hdds-container-service/0.5.0-SNAPSHOT/hadoop-hdds-container-service-0.5.0-SNAPSHOT.jar!/webapps/static,AVAILABLE}
2019-06-14 00:43:54,390 INFO  handler.ContextHandler (ContextHandler.java:doStart(781)) - Started o.e.j.w.WebAppContext@611ffa8d{/,file:///tmp/jetty-0.0.0.0-43897-hddsDatanode-_-any-311699534402617651.dir/webapp/,AVAILABLE}{/hddsDatanode}
2019-06-14 00:43:54,390 INFO  server.AbstractConnector (AbstractConnector.java:doStart(278)) - Started ServerConnector@45f32b12{HTTP/1.1,[http/1.1]}{0.0.0.0:43897}
2019-06-14 00:43:54,390 INFO  server.Server (Server.java:doStart(419)) - Started @99336ms
2019-06-14 00:43:54,392 INFO  server.BaseHttpServer (BaseHttpServer.java:updateConnectorAddress(207)) - HTTP server of HDDSDATANODE is listening at http://0.0.0.0:43897
2019-06-14 00:43:54,498 INFO  ozone.HddsDatanodeService (HddsDatanodeService.java:startPlugins(396)) - Started plug-in org.apache.hadoop.ozone.web.OzoneHddsDatanodeService@52b2713a
2019-06-14 00:43:54,499 INFO  impl.MetricsSystemImpl (MetricsSystemImpl.java:init(158)) - HddsDatanode metrics system started (again)
2019-06-14 00:43:54,499 INFO  ozone.HddsDatanodeService (HddsDatanodeService.java:start(185)) - HddsDatanodeService host:ozone-csdnw-1345654644 ip:192.168.46.62
2019-06-14 00:43:54,500 INFO  util.JvmPauseMonitor (JvmPauseMonitor.java:run(188)) - Starting JVM pause monitor
2019-06-14 00:43:54,501 INFO  datanode.InitDatanodeState (InitDatanodeState.java:persistContainerDatanodeDetails(140)) - DatanodeDetails is persisted to /opt/src/hadoop-ozone/integration-test/target/test-dir/MiniOzoneClusterImpl-705e936e-8192-4db7-ae5d-93542663a72d/datanode-1/meta/datanode.id
2019-06-14 00:43:54,505 INFO  volume.HddsVolume (HddsVolume.java:<init>(176)) - Creating Volume: /opt/src/hadoop-ozone/integration-test/target/test-dir/MiniOzoneClusterImpl-705e936e-8192-4db7-ae5d-93542663a72d/datanode-2/data/containers/hdds of  storage type : DISK and capacity : 104021790720
2019-06-14 00:43:54,505 INFO  volume.VolumeSet (VolumeSet.java:initializeVolumeSet(170)) - Added Volume : /opt/src/hadoop-ozone/integration-test/target/test-dir/MiniOzoneClusterImpl-705e936e-8192-4db7-ae5d-93542663a72d/datanode-2/data/containers/hdds to VolumeSet
2019-06-14 00:43:54,505 INFO  volume.ThrottledAsyncChecker (ThrottledAsyncChecker.java:schedule(140)) - Scheduling a check for org.apache.hadoop.ozone.container.common.volume.HddsVolume@4ab959e8
2019-06-14 00:43:54,509 INFO  volume.HddsVolumeChecker (HddsVolumeChecker.java:checkAllVolumes(203)) - Scheduled health check for volume org.apache.hadoop.ozone.container.common.volume.HddsVolume@4ab959e8
2019-06-14 00:43:54,517 INFO  ratis.XceiverServerRatis (XceiverServerRatis.java:newXceiverServerRatis(401)) - Found a free port for the server : 45163
2019-06-14 00:43:54,519 INFO  impl.RaftServerProxy (ConfUtils.java:logGet(43)) - raft.rpc.type = GRPC (default)
2019-06-14 00:43:54,519 INFO  grpc.GrpcConfigKeys$Server (ConfUtils.java:logGet(43)) - raft.grpc.server.port = 45163 (custom)
2019-06-14 00:43:54,519 INFO  server.GrpcService (ConfUtils.java:logGet(43)) - raft.grpc.message.size.max = 33570816 (custom)
2019-06-14 00:43:54,520 INFO  server.RaftServerConfigKeys (ConfUtils.java:logGet(43)) - raft.server.log.appender.buffer.byte-limit = 33554432 (custom)
2019-06-14 00:43:54,520 INFO  server.GrpcService (ConfUtils.java:logGet(43)) - raft.grpc.flow.control.window = 1MB (=1048576) (default)
2019-06-14 00:43:54,520 INFO  server.RaftServerConfigKeys (ConfUtils.java:logGet(43)) - raft.server.rpc.request.timeout = 3000ms (default)
2019-06-14 00:43:54,520 INFO  server.RaftServerConfigKeys (ConfUtils.java:logGet(43)) - raft.server.storage.dir = [/opt/src/hadoop-ozone/integration-test/target/test-dir/MiniOzoneClusterImpl-705e936e-8192-4db7-ae5d-93542663a72d/datanode-2/data/ratis] (custom)
2019-06-14 00:43:54,520 INFO  server.XceiverServerGrpc (XceiverServerGrpc.java:<init>(97)) - Found a free port for the server : 38511
2019-06-14 00:43:54,521 INFO  replication.SimpleContainerDownloader (SimpleContainerDownloader.java:<init>(72)) - Starting container downloader service to copy containers to replicate.
2019-06-14 00:43:54,521 INFO  hdfs.DFSUtil (DFSUtil.java:httpServerTemplateForNNAndJN(1641)) - Starting Web-server for hddsDatanode at: http://0.0.0.0:0
2019-06-14 00:43:54,522 INFO  server.AuthenticationFilter (AuthenticationFilter.java:constructSecretProvider(240)) - Unable to initialize FileSignerSecretProvider, falling back to use random secrets.
2019-06-14 00:43:54,523 WARN  http.HttpRequestLog (HttpRequestLog.java:getRequestLog(97)) - Jetty request log can only be enabled using Log4j
2019-06-14 00:43:54,524 INFO  http.HttpServer2 (HttpServer2.java:addGlobalFilter(975)) - Added global filter 'safety' (class=org.apache.hadoop.http.HttpServer2$QuotingInputFilter)
2019-06-14 00:43:54,524 INFO  http.HttpServer2 (HttpServer2.java:addFilter(948)) - Added filter static_user_filter (class=org.apache.hadoop.http.lib.StaticUserWebFilter$StaticUserFilter) to context hddsDatanode
2019-06-14 00:43:54,524 INFO  http.HttpServer2 (HttpServer2.java:addFilter(958)) - Added filter static_user_filter (class=org.apache.hadoop.http.lib.StaticUserWebFilter$StaticUserFilter) to context logs
2019-06-14 00:43:54,524 INFO  http.HttpServer2 (HttpServer2.java:addFilter(958)) - Added filter static_user_filter (class=org.apache.hadoop.http.lib.StaticUserWebFilter$StaticUserFilter) to context static
2019-06-14 00:43:54,525 INFO  http.HttpServer2 (HttpServer2.java:bindListener(1191)) - Jetty bound to port 33369
2019-06-14 00:43:54,525 INFO  server.Server (Server.java:doStart(351)) - jetty-9.3.24.v20180605, build timestamp: 2018-06-05T17:11:56Z, git hash: 84205aa28f11a4f31f2a3b86d1bba2cc8ab69827
2019-06-14 00:43:54,526 INFO  handler.ContextHandler (ContextHandler.java:doStart(781)) - Started o.e.j.s.ServletContextHandler@e417628{/logs,file:///opt/src/hadoop-ozone/integration-test/target/log,AVAILABLE}
2019-06-14 00:43:54,527 INFO  handler.ContextHandler (ContextHandler.java:doStart(781)) - Started o.e.j.s.ServletContextHandler@592fbd8{/static,jar:file:/root/.m2/repository/org/apache/hadoop/hadoop-hdds-container-service/0.5.0-SNAPSHOT/hadoop-hdds-container-service-0.5.0-SNAPSHOT.jar!/webapps/static,AVAILABLE}
2019-06-14 00:43:54,554 INFO  handler.ContextHandler (ContextHandler.java:doStart(781)) - Started o.e.j.w.WebAppContext@4f0381cd{/,file:///tmp/jetty-0.0.0.0-33369-hddsDatanode-_-any-589942761173054517.dir/webapp/,AVAILABLE}{/hddsDatanode}
2019-06-14 00:43:54,555 INFO  server.AbstractConnector (AbstractConnector.java:doStart(278)) - Started ServerConnector@7eb006bd{HTTP/1.1,[http/1.1]}{0.0.0.0:33369}
2019-06-14 00:43:54,555 INFO  server.Server (Server.java:doStart(419)) - Started @99500ms
2019-06-14 00:43:54,556 INFO  server.BaseHttpServer (BaseHttpServer.java:updateConnectorAddress(207)) - HTTP server of HDDSDATANODE is listening at http://0.0.0.0:33369
2019-06-14 00:43:54,702 INFO  ozone.HddsDatanodeService (HddsDatanodeService.java:startPlugins(396)) - Started plug-in org.apache.hadoop.ozone.web.OzoneHddsDatanodeService@36b86248
2019-06-14 00:43:54,703 INFO  impl.MetricsSystemImpl (MetricsSystemImpl.java:init(158)) - HddsDatanode metrics system started (again)
2019-06-14 00:43:54,703 INFO  ozone.HddsDatanodeService (HddsDatanodeService.java:start(185)) - HddsDatanodeService host:ozone-csdnw-1345654644 ip:192.168.46.62
2019-06-14 00:43:54,704 INFO  util.JvmPauseMonitor (JvmPauseMonitor.java:run(188)) - Starting JVM pause monitor
2019-06-14 00:43:54,705 INFO  datanode.InitDatanodeState (InitDatanodeState.java:persistContainerDatanodeDetails(140)) - DatanodeDetails is persisted to /opt/src/hadoop-ozone/integration-test/target/test-dir/MiniOzoneClusterImpl-705e936e-8192-4db7-ae5d-93542663a72d/datanode-2/meta/datanode.id
2019-06-14 00:43:54,709 INFO  volume.HddsVolume (HddsVolume.java:<init>(176)) - Creating Volume: /opt/src/hadoop-ozone/integration-test/target/test-dir/MiniOzoneClusterImpl-705e936e-8192-4db7-ae5d-93542663a72d/datanode-3/data/containers/hdds of  storage type : DISK and capacity : 104021790720
2019-06-14 00:43:54,709 INFO  volume.VolumeSet (VolumeSet.java:initializeVolumeSet(170)) - Added Volume : /opt/src/hadoop-ozone/integration-test/target/test-dir/MiniOzoneClusterImpl-705e936e-8192-4db7-ae5d-93542663a72d/datanode-3/data/containers/hdds to VolumeSet
2019-06-14 00:43:54,709 INFO  volume.ThrottledAsyncChecker (ThrottledAsyncChecker.java:schedule(140)) - Scheduling a check for org.apache.hadoop.ozone.container.common.volume.HddsVolume@4578d654
2019-06-14 00:43:54,717 INFO  volume.HddsVolumeChecker (HddsVolumeChecker.java:checkAllVolumes(203)) - Scheduled health check for volume org.apache.hadoop.ozone.container.common.volume.HddsVolume@4578d654
2019-06-14 00:43:54,727 INFO  ratis.XceiverServerRatis (XceiverServerRatis.java:newXceiverServerRatis(401)) - Found a free port for the server : 40741
2019-06-14 00:43:54,727 INFO  impl.RaftServerProxy (ConfUtils.java:logGet(43)) - raft.rpc.type = GRPC (default)
2019-06-14 00:43:54,727 INFO  grpc.GrpcConfigKeys$Server (ConfUtils.java:logGet(43)) - raft.grpc.server.port = 40741 (custom)
2019-06-14 00:43:54,728 INFO  server.GrpcService (ConfUtils.java:logGet(43)) - raft.grpc.message.size.max = 33570816 (custom)
2019-06-14 00:43:54,728 INFO  server.RaftServerConfigKeys (ConfUtils.java:logGet(43)) - raft.server.log.appender.buffer.byte-limit = 33554432 (custom)
2019-06-14 00:43:54,728 INFO  server.GrpcService (ConfUtils.java:logGet(43)) - raft.grpc.flow.control.window = 1MB (=1048576) (default)
2019-06-14 00:43:54,728 INFO  server.RaftServerConfigKeys (ConfUtils.java:logGet(43)) - raft.server.rpc.request.timeout = 3000ms (default)
2019-06-14 00:43:54,728 INFO  server.RaftServerConfigKeys (ConfUtils.java:logGet(43)) - raft.server.storage.dir = [/opt/src/hadoop-ozone/integration-test/target/test-dir/MiniOzoneClusterImpl-705e936e-8192-4db7-ae5d-93542663a72d/datanode-3/data/ratis] (custom)
2019-06-14 00:43:54,729 INFO  server.XceiverServerGrpc (XceiverServerGrpc.java:<init>(97)) - Found a free port for the server : 45639
2019-06-14 00:43:54,729 INFO  replication.SimpleContainerDownloader (SimpleContainerDownloader.java:<init>(72)) - Starting container downloader service to copy containers to replicate.
2019-06-14 00:43:54,730 INFO  hdfs.DFSUtil (DFSUtil.java:httpServerTemplateForNNAndJN(1641)) - Starting Web-server for hddsDatanode at: http://0.0.0.0:0
2019-06-14 00:43:54,730 INFO  server.AuthenticationFilter (AuthenticationFilter.java:constructSecretProvider(240)) - Unable to initialize FileSignerSecretProvider, falling back to use random secrets.
2019-06-14 00:43:54,733 WARN  http.HttpRequestLog (HttpRequestLog.java:getRequestLog(97)) - Jetty request log can only be enabled using Log4j
2019-06-14 00:43:54,734 INFO  http.HttpServer2 (HttpServer2.java:addGlobalFilter(975)) - Added global filter 'safety' (class=org.apache.hadoop.http.HttpServer2$QuotingInputFilter)
2019-06-14 00:43:54,735 INFO  http.HttpServer2 (HttpServer2.java:addFilter(948)) - Added filter static_user_filter (class=org.apache.hadoop.http.lib.StaticUserWebFilter$StaticUserFilter) to context hddsDatanode
2019-06-14 00:43:54,735 INFO  http.HttpServer2 (HttpServer2.java:addFilter(958)) - Added filter static_user_filter (class=org.apache.hadoop.http.lib.StaticUserWebFilter$StaticUserFilter) to context logs
2019-06-14 00:43:54,735 INFO  http.HttpServer2 (HttpServer2.java:addFilter(958)) - Added filter static_user_filter (class=org.apache.hadoop.http.lib.StaticUserWebFilter$StaticUserFilter) to context static
2019-06-14 00:43:54,735 INFO  http.HttpServer2 (HttpServer2.java:bindListener(1191)) - Jetty bound to port 38435
2019-06-14 00:43:54,735 INFO  server.Server (Server.java:doStart(351)) - jetty-9.3.24.v20180605, build timestamp: 2018-06-05T17:11:56Z, git hash: 84205aa28f11a4f31f2a3b86d1bba2cc8ab69827
2019-06-14 00:43:54,737 INFO  handler.ContextHandler (ContextHandler.java:doStart(781)) - Started o.e.j.s.ServletContextHandler@44a25dc7{/logs,file:///opt/src/hadoop-ozone/integration-test/target/log,AVAILABLE}
2019-06-14 00:43:54,737 INFO  handler.ContextHandler (ContextHandler.java:doStart(781)) - Started o.e.j.s.ServletContextHandler@4bacabc4{/static,jar:file:/root/.m2/repository/org/apache/hadoop/hadoop-hdds-container-service/0.5.0-SNAPSHOT/hadoop-hdds-container-service-0.5.0-SNAPSHOT.jar!/webapps/static,AVAILABLE}
2019-06-14 00:43:54,757 INFO  handler.ContextHandler (ContextHandler.java:doStart(781)) - Started o.e.j.w.WebAppContext@41a6ab50{/,file:///tmp/jetty-0.0.0.0-38435-hddsDatanode-_-any-4131232234936162198.dir/webapp/,AVAILABLE}{/hddsDatanode}
2019-06-14 00:43:54,757 INFO  server.AbstractConnector (AbstractConnector.java:doStart(278)) - Started ServerConnector@6dc98c02{HTTP/1.1,[http/1.1]}{0.0.0.0:38435}
2019-06-14 00:43:54,758 INFO  server.Server (Server.java:doStart(419)) - Started @99704ms
2019-06-14 00:43:54,759 INFO  server.BaseHttpServer (BaseHttpServer.java:updateConnectorAddress(207)) - HTTP server of HDDSDATANODE is listening at http://0.0.0.0:38435
2019-06-14 00:43:54,852 INFO  ozone.HddsDatanodeService (HddsDatanodeService.java:startPlugins(396)) - Started plug-in org.apache.hadoop.ozone.web.OzoneHddsDatanodeService@489e1887
2019-06-14 00:43:54,852 INFO  impl.MetricsSystemImpl (MetricsSystemImpl.java:init(158)) - HddsDatanode metrics system started (again)
2019-06-14 00:43:54,852 INFO  ozone.HddsDatanodeService (HddsDatanodeService.java:start(185)) - HddsDatanodeService host:ozone-csdnw-1345654644 ip:192.168.46.62
2019-06-14 00:43:54,861 INFO  util.JvmPauseMonitor (JvmPauseMonitor.java:run(188)) - Starting JVM pause monitor
2019-06-14 00:43:54,863 INFO  volume.HddsVolume (HddsVolume.java:<init>(176)) - Creating Volume: /opt/src/hadoop-ozone/integration-test/target/test-dir/MiniOzoneClusterImpl-705e936e-8192-4db7-ae5d-93542663a72d/datanode-4/data/containers/hdds of  storage type : DISK and capacity : 104021790720
2019-06-14 00:43:54,863 INFO  volume.VolumeSet (VolumeSet.java:initializeVolumeSet(170)) - Added Volume : /opt/src/hadoop-ozone/integration-test/target/test-dir/MiniOzoneClusterImpl-705e936e-8192-4db7-ae5d-93542663a72d/datanode-4/data/containers/hdds to VolumeSet
2019-06-14 00:43:54,863 INFO  volume.ThrottledAsyncChecker (ThrottledAsyncChecker.java:schedule(140)) - Scheduling a check for org.apache.hadoop.ozone.container.common.volume.HddsVolume@56d189d0
2019-06-14 00:43:54,863 INFO  datanode.InitDatanodeState (InitDatanodeState.java:persistContainerDatanodeDetails(140)) - DatanodeDetails is persisted to /opt/src/hadoop-ozone/integration-test/target/test-dir/MiniOzoneClusterImpl-705e936e-8192-4db7-ae5d-93542663a72d/datanode-3/meta/datanode.id
2019-06-14 00:43:54,864 INFO  volume.HddsVolumeChecker (HddsVolumeChecker.java:checkAllVolumes(203)) - Scheduled health check for volume org.apache.hadoop.ozone.container.common.volume.HddsVolume@56d189d0
2019-06-14 00:43:54,871 INFO  ratis.XceiverServerRatis (XceiverServerRatis.java:newXceiverServerRatis(401)) - Found a free port for the server : 38949
2019-06-14 00:43:54,873 INFO  impl.RaftServerProxy (ConfUtils.java:logGet(43)) - raft.rpc.type = GRPC (default)
2019-06-14 00:43:54,873 INFO  grpc.GrpcConfigKeys$Server (ConfUtils.java:logGet(43)) - raft.grpc.server.port = 38949 (custom)
2019-06-14 00:43:54,873 INFO  server.GrpcService (ConfUtils.java:logGet(43)) - raft.grpc.message.size.max = 33570816 (custom)
2019-06-14 00:43:54,873 INFO  server.RaftServerConfigKeys (ConfUtils.java:logGet(43)) - raft.server.log.appender.buffer.byte-limit = 33554432 (custom)
2019-06-14 00:43:54,874 INFO  server.GrpcService (ConfUtils.java:logGet(43)) - raft.grpc.flow.control.window = 1MB (=1048576) (default)
2019-06-14 00:43:54,874 INFO  server.RaftServerConfigKeys (ConfUtils.java:logGet(43)) - raft.server.rpc.request.timeout = 3000ms (default)
2019-06-14 00:43:54,874 INFO  server.RaftServerConfigKeys (ConfUtils.java:logGet(43)) - raft.server.storage.dir = [/opt/src/hadoop-ozone/integration-test/target/test-dir/MiniOzoneClusterImpl-705e936e-8192-4db7-ae5d-93542663a72d/datanode-4/data/ratis] (custom)
2019-06-14 00:43:54,874 INFO  server.XceiverServerGrpc (XceiverServerGrpc.java:<init>(97)) - Found a free port for the server : 39579
2019-06-14 00:43:54,874 INFO  replication.SimpleContainerDownloader (SimpleContainerDownloader.java:<init>(72)) - Starting container downloader service to copy containers to replicate.
2019-06-14 00:43:54,875 INFO  hdfs.DFSUtil (DFSUtil.java:httpServerTemplateForNNAndJN(1641)) - Starting Web-server for hddsDatanode at: http://0.0.0.0:0
2019-06-14 00:43:54,876 INFO  server.AuthenticationFilter (AuthenticationFilter.java:constructSecretProvider(240)) - Unable to initialize FileSignerSecretProvider, falling back to use random secrets.
2019-06-14 00:43:54,876 WARN  http.HttpRequestLog (HttpRequestLog.java:getRequestLog(97)) - Jetty request log can only be enabled using Log4j
2019-06-14 00:43:54,877 INFO  http.HttpServer2 (HttpServer2.java:addGlobalFilter(975)) - Added global filter 'safety' (class=org.apache.hadoop.http.HttpServer2$QuotingInputFilter)
2019-06-14 00:43:54,878 INFO  http.HttpServer2 (HttpServer2.java:addFilter(948)) - Added filter static_user_filter (class=org.apache.hadoop.http.lib.StaticUserWebFilter$StaticUserFilter) to context hddsDatanode
2019-06-14 00:43:54,878 INFO  http.HttpServer2 (HttpServer2.java:addFilter(958)) - Added filter static_user_filter (class=org.apache.hadoop.http.lib.StaticUserWebFilter$StaticUserFilter) to context logs
2019-06-14 00:43:54,878 INFO  http.HttpServer2 (HttpServer2.java:addFilter(958)) - Added filter static_user_filter (class=org.apache.hadoop.http.lib.StaticUserWebFilter$StaticUserFilter) to context static
2019-06-14 00:43:54,878 INFO  http.HttpServer2 (HttpServer2.java:bindListener(1191)) - Jetty bound to port 38355
2019-06-14 00:43:54,879 INFO  server.Server (Server.java:doStart(351)) - jetty-9.3.24.v20180605, build timestamp: 2018-06-05T17:11:56Z, git hash: 84205aa28f11a4f31f2a3b86d1bba2cc8ab69827
2019-06-14 00:43:54,880 INFO  handler.ContextHandler (ContextHandler.java:doStart(781)) - Started o.e.j.s.ServletContextHandler@555454c7{/logs,file:///opt/src/hadoop-ozone/integration-test/target/log,AVAILABLE}
2019-06-14 00:43:54,880 INFO  handler.ContextHandler (ContextHandler.java:doStart(781)) - Started o.e.j.s.ServletContextHandler@56a63c28{/static,jar:file:/root/.m2/repository/org/apache/hadoop/hadoop-hdds-container-service/0.5.0-SNAPSHOT/hadoop-hdds-container-service-0.5.0-SNAPSHOT.jar!/webapps/static,AVAILABLE}
2019-06-14 00:43:54,901 INFO  handler.ContextHandler (ContextHandler.java:doStart(781)) - Started o.e.j.w.WebAppContext@79177bc{/,file:///tmp/jetty-0.0.0.0-38355-hddsDatanode-_-any-5193012725304323902.dir/webapp/,AVAILABLE}{/hddsDatanode}
2019-06-14 00:43:54,901 INFO  server.AbstractConnector (AbstractConnector.java:doStart(278)) - Started ServerConnector@3fe33c59{HTTP/1.1,[http/1.1]}{0.0.0.0:38355}
2019-06-14 00:43:54,902 INFO  server.Server (Server.java:doStart(419)) - Started @99848ms
2019-06-14 00:43:54,903 INFO  server.BaseHttpServer (BaseHttpServer.java:updateConnectorAddress(207)) - HTTP server of HDDSDATANODE is listening at http://0.0.0.0:38355
2019-06-14 00:43:54,987 INFO  ozone.HddsDatanodeService (HddsDatanodeService.java:startPlugins(396)) - Started plug-in org.apache.hadoop.ozone.web.OzoneHddsDatanodeService@834529e
2019-06-14 00:43:54,988 INFO  impl.MetricsSystemImpl (MetricsSystemImpl.java:init(158)) - HddsDatanode metrics system started (again)
2019-06-14 00:43:54,988 INFO  ozone.HddsDatanodeService (HddsDatanodeService.java:start(185)) - HddsDatanodeService host:ozone-csdnw-1345654644 ip:192.168.46.62
2019-06-14 00:43:55,006 INFO  util.JvmPauseMonitor (JvmPauseMonitor.java:run(188)) - Starting JVM pause monitor
2019-06-14 00:43:55,006 INFO  datanode.InitDatanodeState (InitDatanodeState.java:persistContainerDatanodeDetails(140)) - DatanodeDetails is persisted to /opt/src/hadoop-ozone/integration-test/target/test-dir/MiniOzoneClusterImpl-705e936e-8192-4db7-ae5d-93542663a72d/datanode-4/meta/datanode.id
2019-06-14 00:43:55,008 INFO  volume.HddsVolume (HddsVolume.java:<init>(176)) - Creating Volume: /opt/src/hadoop-ozone/integration-test/target/test-dir/MiniOzoneClusterImpl-705e936e-8192-4db7-ae5d-93542663a72d/datanode-5/data/containers/hdds of  storage type : DISK and capacity : 104021790720
2019-06-14 00:43:55,008 INFO  volume.VolumeSet (VolumeSet.java:initializeVolumeSet(170)) - Added Volume : /opt/src/hadoop-ozone/integration-test/target/test-dir/MiniOzoneClusterImpl-705e936e-8192-4db7-ae5d-93542663a72d/datanode-5/data/containers/hdds to VolumeSet
2019-06-14 00:43:55,008 INFO  volume.ThrottledAsyncChecker (ThrottledAsyncChecker.java:schedule(140)) - Scheduling a check for org.apache.hadoop.ozone.container.common.volume.HddsVolume@3533b614
2019-06-14 00:43:55,009 INFO  volume.HddsVolumeChecker (HddsVolumeChecker.java:checkAllVolumes(203)) - Scheduled health check for volume org.apache.hadoop.ozone.container.common.volume.HddsVolume@3533b614
2019-06-14 00:43:55,019 INFO  ratis.XceiverServerRatis (XceiverServerRatis.java:newXceiverServerRatis(401)) - Found a free port for the server : 36247
2019-06-14 00:43:55,021 INFO  impl.RaftServerProxy (ConfUtils.java:logGet(43)) - raft.rpc.type = GRPC (default)
2019-06-14 00:43:55,021 INFO  grpc.GrpcConfigKeys$Server (ConfUtils.java:logGet(43)) - raft.grpc.server.port = 36247 (custom)
2019-06-14 00:43:55,021 INFO  server.GrpcService (ConfUtils.java:logGet(43)) - raft.grpc.message.size.max = 33570816 (custom)
2019-06-14 00:43:55,022 INFO  server.RaftServerConfigKeys (ConfUtils.java:logGet(43)) - raft.server.log.appender.buffer.byte-limit = 33554432 (custom)
2019-06-14 00:43:55,022 INFO  server.GrpcService (ConfUtils.java:logGet(43)) - raft.grpc.flow.control.window = 1MB (=1048576) (default)
2019-06-14 00:43:55,022 INFO  server.RaftServerConfigKeys (ConfUtils.java:logGet(43)) - raft.server.rpc.request.timeout = 3000ms (default)
2019-06-14 00:43:55,022 INFO  server.RaftServerConfigKeys (ConfUtils.java:logGet(43)) - raft.server.storage.dir = [/opt/src/hadoop-ozone/integration-test/target/test-dir/MiniOzoneClusterImpl-705e936e-8192-4db7-ae5d-93542663a72d/datanode-5/data/ratis] (custom)
2019-06-14 00:43:55,023 INFO  server.XceiverServerGrpc (XceiverServerGrpc.java:<init>(97)) - Found a free port for the server : 38893
2019-06-14 00:43:55,023 INFO  replication.SimpleContainerDownloader (SimpleContainerDownloader.java:<init>(72)) - Starting container downloader service to copy containers to replicate.
2019-06-14 00:43:55,024 INFO  hdfs.DFSUtil (DFSUtil.java:httpServerTemplateForNNAndJN(1641)) - Starting Web-server for hddsDatanode at: http://0.0.0.0:0
2019-06-14 00:43:55,025 INFO  server.AuthenticationFilter (AuthenticationFilter.java:constructSecretProvider(240)) - Unable to initialize FileSignerSecretProvider, falling back to use random secrets.
2019-06-14 00:43:55,025 WARN  http.HttpRequestLog (HttpRequestLog.java:getRequestLog(97)) - Jetty request log can only be enabled using Log4j
2019-06-14 00:43:55,026 INFO  http.HttpServer2 (HttpServer2.java:addGlobalFilter(975)) - Added global filter 'safety' (class=org.apache.hadoop.http.HttpServer2$QuotingInputFilter)
2019-06-14 00:43:55,026 INFO  http.HttpServer2 (HttpServer2.java:addFilter(948)) - Added filter static_user_filter (class=org.apache.hadoop.http.lib.StaticUserWebFilter$StaticUserFilter) to context hddsDatanode
2019-06-14 00:43:55,027 INFO  http.HttpServer2 (HttpServer2.java:addFilter(958)) - Added filter static_user_filter (class=org.apache.hadoop.http.lib.StaticUserWebFilter$StaticUserFilter) to context logs
2019-06-14 00:43:55,027 INFO  http.HttpServer2 (HttpServer2.java:addFilter(958)) - Added filter static_user_filter (class=org.apache.hadoop.http.lib.StaticUserWebFilter$StaticUserFilter) to context static
2019-06-14 00:43:55,027 INFO  http.HttpServer2 (HttpServer2.java:bindListener(1191)) - Jetty bound to port 33011
2019-06-14 00:43:55,027 INFO  server.Server (Server.java:doStart(351)) - jetty-9.3.24.v20180605, build timestamp: 2018-06-05T17:11:56Z, git hash: 84205aa28f11a4f31f2a3b86d1bba2cc8ab69827
2019-06-14 00:43:55,042 INFO  handler.ContextHandler (ContextHandler.java:doStart(781)) - Started o.e.j.s.ServletContextHandler@1f5aac08{/logs,file:///opt/src/hadoop-ozone/integration-test/target/log,AVAILABLE}
2019-06-14 00:43:55,042 INFO  handler.ContextHandler (ContextHandler.java:doStart(781)) - Started o.e.j.s.ServletContextHandler@86abdbd{/static,jar:file:/root/.m2/repository/org/apache/hadoop/hadoop-hdds-container-service/0.5.0-SNAPSHOT/hadoop-hdds-container-service-0.5.0-SNAPSHOT.jar!/webapps/static,AVAILABLE}
2019-06-14 00:43:55,062 INFO  handler.ContextHandler (ContextHandler.java:doStart(781)) - Started o.e.j.w.WebAppContext@27ca8a5a{/,file:///tmp/jetty-0.0.0.0-33011-hddsDatanode-_-any-8478749372013362852.dir/webapp/,AVAILABLE}{/hddsDatanode}
2019-06-14 00:43:55,063 INFO  server.AbstractConnector (AbstractConnector.java:doStart(278)) - Started ServerConnector@62604ed4{HTTP/1.1,[http/1.1]}{0.0.0.0:33011}
2019-06-14 00:43:55,063 INFO  server.Server (Server.java:doStart(419)) - Started @100008ms
2019-06-14 00:43:55,064 INFO  server.BaseHttpServer (BaseHttpServer.java:updateConnectorAddress(207)) - HTTP server of HDDSDATANODE is listening at http://0.0.0.0:33011
2019-06-14 00:43:55,141 INFO  ozone.HddsDatanodeService (HddsDatanodeService.java:startPlugins(396)) - Started plug-in org.apache.hadoop.ozone.web.OzoneHddsDatanodeService@3ae5cbb9
2019-06-14 00:43:55,141 INFO  ozone.MiniOzoneClusterImpl (MiniOzoneClusterImpl.java:lambda$waitForClusterToBeReady$0(142)) - Waiting for cluster to be ready. Got 0 of 6 DN Heartbeats.
2019-06-14 00:43:55,142 INFO  util.JvmPauseMonitor (JvmPauseMonitor.java:run(188)) - Starting JVM pause monitor
2019-06-14 00:43:55,142 INFO  datanode.InitDatanodeState (InitDatanodeState.java:persistContainerDatanodeDetails(140)) - DatanodeDetails is persisted to /opt/src/hadoop-ozone/integration-test/target/test-dir/MiniOzoneClusterImpl-705e936e-8192-4db7-ae5d-93542663a72d/datanode-5/meta/datanode.id
2019-06-14 00:43:56,142 INFO  ozone.MiniOzoneClusterImpl (MiniOzoneClusterImpl.java:lambda$waitForClusterToBeReady$0(142)) - Waiting for cluster to be ready. Got 0 of 6 DN Heartbeats.
2019-06-14 00:43:56,336 WARN  events.EventQueue (EventQueue.java:fireEvent(147)) - Processing of TypedEvent{payloadType=DatanodeDetails, name='Stale_Node'} is skipped, EventQueue is not running
2019-06-14 00:43:56,352 INFO  ozoneimpl.OzoneContainer (OzoneContainer.java:start(186)) - Attempting to start container services.
2019-06-14 00:43:56,353 INFO  ozoneimpl.OzoneContainer (OzoneContainer.java:startContainerScrub(160)) - Background container scrubber has been disabled by hdds.containerscrub.enabled
2019-06-14 00:43:56,353 INFO  ratis.XceiverServerRatis (XceiverServerRatis.java:start(418)) - Starting XceiverServerRatis abc44974-d782-4732-ab16-5d42f2b3f597 at port 44753
2019-06-14 00:43:56,356 INFO  impl.RaftServerProxy (RaftServerProxy.java:lambda$start$3(299)) - abc44974-d782-4732-ab16-5d42f2b3f597: start RPC server
2019-06-14 00:43:56,357 INFO  server.GrpcService (GrpcService.java:startImpl(148)) - abc44974-d782-4732-ab16-5d42f2b3f597: GrpcService started, listening on 0.0.0.0/0.0.0.0:44753
2019-06-14 00:43:56,503 INFO  ozoneimpl.OzoneContainer (OzoneContainer.java:start(186)) - Attempting to start container services.
2019-06-14 00:43:56,503 INFO  ozoneimpl.OzoneContainer (OzoneContainer.java:startContainerScrub(160)) - Background container scrubber has been disabled by hdds.containerscrub.enabled
2019-06-14 00:43:56,503 INFO  ratis.XceiverServerRatis (XceiverServerRatis.java:start(418)) - Starting XceiverServerRatis 24c56207-646a-40ee-9f83-2124ea0a39a1 at port 34251
2019-06-14 00:43:56,506 INFO  impl.RaftServerProxy (RaftServerProxy.java:lambda$start$3(299)) - 24c56207-646a-40ee-9f83-2124ea0a39a1: start RPC server
2019-06-14 00:43:56,506 INFO  server.GrpcService (GrpcService.java:startImpl(148)) - 24c56207-646a-40ee-9f83-2124ea0a39a1: GrpcService started, listening on 0.0.0.0/0.0.0.0:34251
2019-06-14 00:43:56,536 WARN  events.EventQueue (EventQueue.java:fireEvent(147)) - Processing of TypedEvent{payloadType=DatanodeDetails, name='Stale_Node'} is skipped, EventQueue is not running
2019-06-14 00:43:56,636 WARN  events.EventQueue (EventQueue.java:fireEvent(147)) - Processing of TypedEvent{payloadType=DatanodeDetails, name='Stale_Node'} is skipped, EventQueue is not running
2019-06-14 00:43:56,636 WARN  events.EventQueue (EventQueue.java:fireEvent(147)) - Processing of TypedEvent{payloadType=DatanodeDetails, name='Stale_Node'} is skipped, EventQueue is not running
2019-06-14 00:43:56,707 INFO  ozoneimpl.OzoneContainer (OzoneContainer.java:start(186)) - Attempting to start container services.
2019-06-14 00:43:56,707 INFO  ozoneimpl.OzoneContainer (OzoneContainer.java:startContainerScrub(160)) - Background container scrubber has been disabled by hdds.containerscrub.enabled
2019-06-14 00:43:56,707 INFO  ratis.XceiverServerRatis (XceiverServerRatis.java:start(418)) - Starting XceiverServerRatis b8e61050-64aa-4c23-9ba4-a757cf131562 at port 45163
2019-06-14 00:43:56,710 INFO  impl.RaftServerProxy (RaftServerProxy.java:lambda$start$3(299)) - b8e61050-64aa-4c23-9ba4-a757cf131562: start RPC server
2019-06-14 00:43:56,710 INFO  server.GrpcService (GrpcService.java:startImpl(148)) - b8e61050-64aa-4c23-9ba4-a757cf131562: GrpcService started, listening on 0.0.0.0/0.0.0.0:45163
2019-06-14 00:43:56,864 INFO  ozoneimpl.OzoneContainer (OzoneContainer.java:start(186)) - Attempting to start container services.
2019-06-14 00:43:56,864 INFO  ozoneimpl.OzoneContainer (OzoneContainer.java:startContainerScrub(160)) - Background container scrubber has been disabled by hdds.containerscrub.enabled
2019-06-14 00:43:56,864 INFO  ratis.XceiverServerRatis (XceiverServerRatis.java:start(418)) - Starting XceiverServerRatis 7fd70fa4-9832-4670-bdcb-c3bbf385cbc7 at port 40741
2019-06-14 00:43:56,868 INFO  impl.RaftServerProxy (RaftServerProxy.java:lambda$start$3(299)) - 7fd70fa4-9832-4670-bdcb-c3bbf385cbc7: start RPC server
2019-06-14 00:43:56,868 INFO  server.GrpcService (GrpcService.java:startImpl(148)) - 7fd70fa4-9832-4670-bdcb-c3bbf385cbc7: GrpcService started, listening on 0.0.0.0/0.0.0.0:40741
2019-06-14 00:43:57,008 INFO  ozoneimpl.OzoneContainer (OzoneContainer.java:start(186)) - Attempting to start container services.
2019-06-14 00:43:57,008 INFO  ozoneimpl.OzoneContainer (OzoneContainer.java:startContainerScrub(160)) - Background container scrubber has been disabled by hdds.containerscrub.enabled
2019-06-14 00:43:57,008 INFO  ratis.XceiverServerRatis (XceiverServerRatis.java:start(418)) - Starting XceiverServerRatis c6dcb17e-1bb4-4ed9-aa04-c6fca4338654 at port 38949
2019-06-14 00:43:57,012 INFO  impl.RaftServerProxy (RaftServerProxy.java:lambda$start$3(299)) - c6dcb17e-1bb4-4ed9-aa04-c6fca4338654: start RPC server
2019-06-14 00:43:57,012 INFO  server.GrpcService (GrpcService.java:startImpl(148)) - c6dcb17e-1bb4-4ed9-aa04-c6fca4338654: GrpcService started, listening on 0.0.0.0/0.0.0.0:38949
2019-06-14 00:43:57,142 INFO  ozone.MiniOzoneClusterImpl (MiniOzoneClusterImpl.java:lambda$waitForClusterToBeReady$0(142)) - Waiting for cluster to be ready. Got 0 of 6 DN Heartbeats.
2019-06-14 00:43:57,144 INFO  ozoneimpl.OzoneContainer (OzoneContainer.java:start(186)) - Attempting to start container services.
2019-06-14 00:43:57,144 INFO  ozoneimpl.OzoneContainer (OzoneContainer.java:startContainerScrub(160)) - Background container scrubber has been disabled by hdds.containerscrub.enabled
2019-06-14 00:43:57,144 INFO  ratis.XceiverServerRatis (XceiverServerRatis.java:start(418)) - Starting XceiverServerRatis 9c4c8826-f4e3-4143-aedc-b7c873dfe072 at port 36247
2019-06-14 00:43:57,148 INFO  impl.RaftServerProxy (RaftServerProxy.java:lambda$start$3(299)) - 9c4c8826-f4e3-4143-aedc-b7c873dfe072: start RPC server
2019-06-14 00:43:57,149 INFO  server.GrpcService (GrpcService.java:startImpl(148)) - 9c4c8826-f4e3-4143-aedc-b7c873dfe072: GrpcService started, listening on 0.0.0.0/0.0.0.0:36247
2019-06-14 00:43:58,142 INFO  ozone.MiniOzoneClusterImpl (MiniOzoneClusterImpl.java:lambda$waitForClusterToBeReady$0(142)) - Waiting for cluster to be ready. Got 0 of 6 DN Heartbeats.
2019-06-14 00:43:58,349 INFO  node.SCMNodeManager (SCMNodeManager.java:register(234)) - Registered Data node : abc44974-d782-4732-ab16-5d42f2b3f597{ip: 192.168.46.62, host: ozone-csdnw-1345654644, networkLocation: /default-rack, certSerialId: null}
2019-06-14 00:43:58,351 INFO  safemode.SCMSafeModeManager (DataNodeSafeModeRule.java:process(71)) - SCM in safe mode. 1 DataNodes registered, 1 required.
2019-06-14 00:43:58,353 INFO  safemode.SCMSafeModeManager (SCMSafeModeManager.java:validateSafeModeExitRules(177)) - ScmSafeModeManager, all rules are successfully validated
2019-06-14 00:43:58,353 INFO  safemode.SCMSafeModeManager (SCMSafeModeManager.java:exitSafeMode(193)) - SCM exiting safe mode.
2019-06-14 00:43:58,363 INFO  impl.RaftServerProxy (RaftServerProxy.java:addNew(89)) - abc44974-d782-4732-ab16-5d42f2b3f597: addNew group-DDC503BD1D2E:[abc44974-d782-4732-ab16-5d42f2b3f597:192.168.46.62:44753] returns group-DDC503BD1D2E:java.util.concurrent.CompletableFuture@20e19757[Not completed]
2019-06-14 00:43:58,363 INFO  impl.RaftServerImpl (RaftServerImpl.java:<init>(91)) - abc44974-d782-4732-ab16-5d42f2b3f597: new RaftServerImpl for group-DDC503BD1D2E:[abc44974-d782-4732-ab16-5d42f2b3f597:192.168.46.62:44753] with ContainerStateMachine:uninitialized
2019-06-14 00:43:58,363 INFO  server.RaftServerConfigKeys (ConfUtils.java:logGet(43)) - raft.server.rpc.timeout.min = 1s (custom)
2019-06-14 00:43:58,363 INFO  server.RaftServerConfigKeys (ConfUtils.java:logGet(43)) - raft.server.rpc.timeout.max = 1200ms (custom)
2019-06-14 00:43:58,363 INFO  server.RaftServerConfigKeys (ConfUtils.java:logGet(43)) - raft.server.rpcslowness.timeout = 120s (custom)
2019-06-14 00:43:58,364 INFO  server.RaftServerConfigKeys (ConfUtils.java:logGet(43)) - raft.server.log.appender.install.snapshot.enabled = true (default)
2019-06-14 00:43:58,364 INFO  impl.RaftServerImpl (ServerState.java:<init>(101)) - abc44974-d782-4732-ab16-5d42f2b3f597:group-DDC503BD1D2E ConfigurationManager, init=-1: [abc44974-d782-4732-ab16-5d42f2b3f597:192.168.46.62:44753], old=null, confs=<EMPTY_MAP>
2019-06-14 00:43:58,364 INFO  server.RaftServerConfigKeys (ConfUtils.java:logGet(43)) - raft.server.storage.dir = [/opt/src/hadoop-ozone/integration-test/target/test-dir/MiniOzoneClusterImpl-705e936e-8192-4db7-ae5d-93542663a72d/datanode-0/data/ratis] (custom)
2019-06-14 00:43:58,364 INFO  storage.RaftStorageDirectory (RaftStorageDirectory.java:analyzeStorage(246)) - The storage directory /opt/src/hadoop-ozone/integration-test/target/test-dir/MiniOzoneClusterImpl-705e936e-8192-4db7-ae5d-93542663a72d/datanode-0/data/ratis/00101156-5a31-41d2-bd11-ddc503bd1d2e does not exist. Creating ...
2019-06-14 00:43:58,366 INFO  storage.RaftStorageDirectory (RaftStorageDirectory.java:tryLock(328)) - Lock on /opt/src/hadoop-ozone/integration-test/target/test-dir/MiniOzoneClusterImpl-705e936e-8192-4db7-ae5d-93542663a72d/datanode-0/data/ratis/00101156-5a31-41d2-bd11-ddc503bd1d2e/in_use.lock acquired by nodename 17697@ozone-csdnw-1345654644
2019-06-14 00:43:58,369 INFO  storage.RaftStorage (RaftStorage.java:format(75)) - Storage directory /opt/src/hadoop-ozone/integration-test/target/test-dir/MiniOzoneClusterImpl-705e936e-8192-4db7-ae5d-93542663a72d/datanode-0/data/ratis/00101156-5a31-41d2-bd11-ddc503bd1d2e has been successfully formatted.
2019-06-14 00:43:58,370 INFO  ratis.ContainerStateMachine (ContainerStateMachine.java:loadSnapshot(199)) - The snapshot info is null.Setting the last applied index to:(t:0, i:~)
2019-06-14 00:43:58,370 INFO  server.RaftServerConfigKeys (ConfUtils.java:logGet(43)) - raft.server.leader.election.timeout = 120s (custom)
2019-06-14 00:43:58,370 INFO  server.RaftServerConfigKeys (ConfUtils.java:logGet(43)) - raft.server.log.use.memory = false (default)
2019-06-14 00:43:58,370 INFO  server.RaftServerConfigKeys (ConfUtils.java:logGet(43)) - raft.server.log.appender.buffer.byte-limit = 33554432 (custom)
2019-06-14 00:43:58,370 INFO  server.RaftServerConfigKeys (ConfUtils.java:logGet(43)) - raft.server.log.segment.size.max = 16384 (custom)
2019-06-14 00:43:58,370 INFO  server.RaftServerConfigKeys (ConfUtils.java:logGet(43)) - raft.server.log.segment.cache.num.max = 2 (custom)
2019-06-14 00:43:58,370 INFO  storage.RaftLogWorker (RaftLogWorker.java:<init>(123)) - new abc44974-d782-4732-ab16-5d42f2b3f597-RaftLogWorker for Storage Directory /opt/src/hadoop-ozone/integration-test/target/test-dir/MiniOzoneClusterImpl-705e936e-8192-4db7-ae5d-93542663a72d/datanode-0/data/ratis/00101156-5a31-41d2-bd11-ddc503bd1d2e
2019-06-14 00:43:58,370 INFO  server.RaftServerConfigKeys (ConfUtils.java:logGet(43)) - raft.server.log.queue.byte-limit = 2147483647 (custom)
2019-06-14 00:43:58,370 INFO  server.RaftServerConfigKeys (ConfUtils.java:logGet(43)) - raft.server.log.queue.element-limit = 1024 (custom)
2019-06-14 00:43:58,370 INFO  server.RaftServerConfigKeys (ConfUtils.java:logGet(43)) - raft.server.log.segment.size.max = 16384 (custom)
2019-06-14 00:43:58,370 INFO  server.RaftServerConfigKeys (ConfUtils.java:logGet(43)) - raft.server.log.preallocated.size = 16384 (custom)
2019-06-14 00:43:58,370 INFO  server.RaftServerConfigKeys (ConfUtils.java:logGet(43)) - raft.server.log.write.buffer.size = 33554432 (custom)
2019-06-14 00:43:58,370 INFO  server.RaftServerConfigKeys (ConfUtils.java:logGet(43)) - raft.server.log.force.sync.num = 128 (default)
2019-06-14 00:43:58,370 INFO  server.RaftServerConfigKeys (ConfUtils.java:logGet(43)) - raft.server.log.statemachine.data.sync = true (default)
2019-06-14 00:43:58,371 INFO  server.RaftServerConfigKeys (ConfUtils.java:logGet(43)) - raft.server.log.statemachine.data.sync.timeout = 10s (default)
2019-06-14 00:43:58,371 INFO  server.RaftServerConfigKeys (ConfUtils.java:logGet(43)) - raft.server.log.statemachine.data.sync.timeout.retry = -1 (default)
2019-06-14 00:43:58,371 INFO  server.RaftServerConfigKeys (ConfUtils.java:logGet(43)) - raft.server.log.statemachine.data.caching.enabled = true (custom)
2019-06-14 00:43:58,371 INFO  server.RaftServerConfigKeys (ConfUtils.java:logGet(43)) - raft.server.snapshot.auto.trigger.enabled = true (custom)
2019-06-14 00:43:58,371 INFO  server.RaftServerConfigKeys (ConfUtils.java:logGet(43)) - raft.server.snapshot.auto.trigger.threshold = 10000 (custom)
2019-06-14 00:43:58,371 INFO  server.RaftServerConfigKeys (ConfUtils.java:logGet(43)) - raft.server.retrycache.expirytime = 600000ms (custom)
2019-06-14 00:43:58,371 INFO  impl.RaftServerImpl (RaftServerImpl.java:start(173)) - abc44974-d782-4732-ab16-5d42f2b3f597: start group-DDC503BD1D2E
2019-06-14 00:43:58,371 INFO  impl.RaftServerImpl (RaftServerImpl.java:setRole(164)) - abc44974-d782-4732-ab16-5d42f2b3f597:group-DDC503BD1D2E changes role from null to FOLLOWER at term 0 for startAsFollower
2019-06-14 00:43:58,371 INFO  impl.RoleInfo (RoleInfo.java:updateAndGet(143)) - abc44974-d782-4732-ab16-5d42f2b3f597: start FollowerState
2019-06-14 00:43:58,372 INFO  util.JmxRegister (JmxRegister.java:tryRegister(44)) - Successfully registered JMX Bean with object name Ratis:service=RaftServer,group=group-DDC503BD1D2E,id=abc44974-d782-4732-ab16-5d42f2b3f597
2019-06-14 00:43:58,373 INFO  pipeline.PipelineStateManager (PipelineStateManager.java:addPipeline(56)) - Created pipeline Pipeline[ Id: 00101156-5a31-41d2-bd11-ddc503bd1d2e, Nodes: abc44974-d782-4732-ab16-5d42f2b3f597{ip: 192.168.46.62, host: ozone-csdnw-1345654644, networkLocation: /default-rack, certSerialId: null}, Type:RATIS, Factor:ONE, State:OPEN]
2019-06-14 00:43:58,501 INFO  node.SCMNodeManager (SCMNodeManager.java:register(234)) - Registered Data node : 24c56207-646a-40ee-9f83-2124ea0a39a1{ip: 192.168.46.62, host: ozone-csdnw-1345654644, networkLocation: /default-rack, certSerialId: null}
2019-06-14 00:43:58,506 INFO  impl.RaftServerProxy (RaftServerProxy.java:addNew(89)) - 24c56207-646a-40ee-9f83-2124ea0a39a1: addNew group-73D5CBDDAD39:[24c56207-646a-40ee-9f83-2124ea0a39a1:192.168.46.62:34251] returns group-73D5CBDDAD39:java.util.concurrent.CompletableFuture@2eef5599[Not completed]
2019-06-14 00:43:58,507 INFO  impl.RaftServerImpl (RaftServerImpl.java:<init>(91)) - 24c56207-646a-40ee-9f83-2124ea0a39a1: new RaftServerImpl for group-73D5CBDDAD39:[24c56207-646a-40ee-9f83-2124ea0a39a1:192.168.46.62:34251] with ContainerStateMachine:uninitialized
2019-06-14 00:43:58,507 INFO  server.RaftServerConfigKeys (ConfUtils.java:logGet(43)) - raft.server.rpc.timeout.min = 1s (custom)
2019-06-14 00:43:58,507 INFO  server.RaftServerConfigKeys (ConfUtils.java:logGet(43)) - raft.server.rpc.timeout.max = 1200ms (custom)
2019-06-14 00:43:58,507 INFO  server.RaftServerConfigKeys (ConfUtils.java:logGet(43)) - raft.server.rpcslowness.timeout = 120s (custom)
2019-06-14 00:43:58,507 INFO  server.RaftServerConfigKeys (ConfUtils.java:logGet(43)) - raft.server.log.appender.install.snapshot.enabled = true (default)
2019-06-14 00:43:58,507 INFO  impl.RaftServerImpl (ServerState.java:<init>(101)) - 24c56207-646a-40ee-9f83-2124ea0a39a1:group-73D5CBDDAD39 ConfigurationManager, init=-1: [24c56207-646a-40ee-9f83-2124ea0a39a1:192.168.46.62:34251], old=null, confs=<EMPTY_MAP>
2019-06-14 00:43:58,507 INFO  server.RaftServerConfigKeys (ConfUtils.java:logGet(43)) - raft.server.storage.dir = [/opt/src/hadoop-ozone/integration-test/target/test-dir/MiniOzoneClusterImpl-705e936e-8192-4db7-ae5d-93542663a72d/datanode-1/data/ratis] (custom)
2019-06-14 00:43:58,507 INFO  storage.RaftStorageDirectory (RaftStorageDirectory.java:analyzeStorage(246)) - The storage directory /opt/src/hadoop-ozone/integration-test/target/test-dir/MiniOzoneClusterImpl-705e936e-8192-4db7-ae5d-93542663a72d/datanode-1/data/ratis/20922f29-54ab-4f69-a34c-73d5cbddad39 does not exist. Creating ...
2019-06-14 00:43:58,510 INFO  storage.RaftStorageDirectory (RaftStorageDirectory.java:tryLock(328)) - Lock on /opt/src/hadoop-ozone/integration-test/target/test-dir/MiniOzoneClusterImpl-705e936e-8192-4db7-ae5d-93542663a72d/datanode-1/data/ratis/20922f29-54ab-4f69-a34c-73d5cbddad39/in_use.lock acquired by nodename 17697@ozone-csdnw-1345654644
2019-06-14 00:43:58,512 INFO  storage.RaftStorage (RaftStorage.java:format(75)) - Storage directory /opt/src/hadoop-ozone/integration-test/target/test-dir/MiniOzoneClusterImpl-705e936e-8192-4db7-ae5d-93542663a72d/datanode-1/data/ratis/20922f29-54ab-4f69-a34c-73d5cbddad39 has been successfully formatted.
2019-06-14 00:43:58,512 INFO  ratis.ContainerStateMachine (ContainerStateMachine.java:loadSnapshot(199)) - The snapshot info is null.Setting the last applied index to:(t:0, i:~)
2019-06-14 00:43:58,512 INFO  server.RaftServerConfigKeys (ConfUtils.java:logGet(43)) - raft.server.leader.election.timeout = 120s (custom)
2019-06-14 00:43:58,512 INFO  server.RaftServerConfigKeys (ConfUtils.java:logGet(43)) - raft.server.log.use.memory = false (default)
2019-06-14 00:43:58,512 INFO  server.RaftServerConfigKeys (ConfUtils.java:logGet(43)) - raft.server.log.appender.buffer.byte-limit = 33554432 (custom)
2019-06-14 00:43:58,512 INFO  server.RaftServerConfigKeys (ConfUtils.java:logGet(43)) - raft.server.log.segment.size.max = 16384 (custom)
2019-06-14 00:43:58,512 INFO  server.RaftServerConfigKeys (ConfUtils.java:logGet(43)) - raft.server.log.segment.cache.num.max = 2 (custom)
2019-06-14 00:43:58,512 INFO  storage.RaftLogWorker (RaftLogWorker.java:<init>(123)) - new 24c56207-646a-40ee-9f83-2124ea0a39a1-RaftLogWorker for Storage Directory /opt/src/hadoop-ozone/integration-test/target/test-dir/MiniOzoneClusterImpl-705e936e-8192-4db7-ae5d-93542663a72d/datanode-1/data/ratis/20922f29-54ab-4f69-a34c-73d5cbddad39
2019-06-14 00:43:58,512 INFO  server.RaftServerConfigKeys (ConfUtils.java:logGet(43)) - raft.server.log.queue.byte-limit = 2147483647 (custom)
2019-06-14 00:43:58,512 INFO  server.RaftServerConfigKeys (ConfUtils.java:logGet(43)) - raft.server.log.queue.element-limit = 1024 (custom)
2019-06-14 00:43:58,513 INFO  server.RaftServerConfigKeys (ConfUtils.java:logGet(43)) - raft.server.log.segment.size.max = 16384 (custom)
2019-06-14 00:43:58,513 INFO  server.RaftServerConfigKeys (ConfUtils.java:logGet(43)) - raft.server.log.preallocated.size = 16384 (custom)
2019-06-14 00:43:58,513 INFO  server.RaftServerConfigKeys (ConfUtils.java:logGet(43)) - raft.server.log.write.buffer.size = 33554432 (custom)
2019-06-14 00:43:58,513 INFO  server.RaftServerConfigKeys (ConfUtils.java:logGet(43)) - raft.server.log.force.sync.num = 128 (default)
2019-06-14 00:43:58,513 INFO  server.RaftServerConfigKeys (ConfUtils.java:logGet(43)) - raft.server.log.statemachine.data.sync = true (default)
2019-06-14 00:43:58,513 INFO  server.RaftServerConfigKeys (ConfUtils.java:logGet(43)) - raft.server.log.statemachine.data.sync.timeout = 10s (default)
2019-06-14 00:43:58,513 INFO  server.RaftServerConfigKeys (ConfUtils.java:logGet(43)) - raft.server.log.statemachine.data.sync.timeout.retry = -1 (default)
2019-06-14 00:43:58,513 INFO  server.RaftServerConfigKeys (ConfUtils.java:logGet(43)) - raft.server.log.statemachine.data.caching.enabled = true (custom)
2019-06-14 00:43:58,513 INFO  server.RaftServerConfigKeys (ConfUtils.java:logGet(43)) - raft.server.snapshot.auto.trigger.enabled = true (custom)
2019-06-14 00:43:58,513 INFO  server.RaftServerConfigKeys (ConfUtils.java:logGet(43)) - raft.server.snapshot.auto.trigger.threshold = 10000 (custom)
2019-06-14 00:43:58,513 INFO  server.RaftServerConfigKeys (ConfUtils.java:logGet(43)) - raft.server.retrycache.expirytime = 600000ms (custom)
2019-06-14 00:43:58,513 INFO  impl.RaftServerImpl (RaftServerImpl.java:start(173)) - 24c56207-646a-40ee-9f83-2124ea0a39a1: start group-73D5CBDDAD39
2019-06-14 00:43:58,513 INFO  impl.RaftServerImpl (RaftServerImpl.java:setRole(164)) - 24c56207-646a-40ee-9f83-2124ea0a39a1:group-73D5CBDDAD39 changes role from null to FOLLOWER at term 0 for startAsFollower
2019-06-14 00:43:58,514 INFO  impl.RoleInfo (RoleInfo.java:updateAndGet(143)) - 24c56207-646a-40ee-9f83-2124ea0a39a1: start FollowerState
2019-06-14 00:43:58,514 INFO  util.JmxRegister (JmxRegister.java:tryRegister(44)) - Successfully registered JMX Bean with object name Ratis:service=RaftServer,group=group-73D5CBDDAD39,id=24c56207-646a-40ee-9f83-2124ea0a39a1
2019-06-14 00:43:58,515 INFO  pipeline.PipelineStateManager (PipelineStateManager.java:addPipeline(56)) - Created pipeline Pipeline[ Id: 20922f29-54ab-4f69-a34c-73d5cbddad39, Nodes: 24c56207-646a-40ee-9f83-2124ea0a39a1{ip: 192.168.46.62, host: ozone-csdnw-1345654644, networkLocation: /default-rack, certSerialId: null}, Type:RATIS, Factor:ONE, State:OPEN]
2019-06-14 00:43:58,704 INFO  node.SCMNodeManager (SCMNodeManager.java:register(234)) - Registered Data node : b8e61050-64aa-4c23-9ba4-a757cf131562{ip: 192.168.46.62, host: ozone-csdnw-1345654644, networkLocation: /default-rack, certSerialId: null}
2019-06-14 00:43:58,710 INFO  impl.RaftServerProxy (RaftServerProxy.java:addNew(89)) - b8e61050-64aa-4c23-9ba4-a757cf131562: addNew group-B520C5ABC3B2:[b8e61050-64aa-4c23-9ba4-a757cf131562:192.168.46.62:45163] returns group-B520C5ABC3B2:java.util.concurrent.CompletableFuture@5be3e31f[Not completed]
2019-06-14 00:43:58,711 INFO  impl.RaftServerImpl (RaftServerImpl.java:<init>(91)) - b8e61050-64aa-4c23-9ba4-a757cf131562: new RaftServerImpl for group-B520C5ABC3B2:[b8e61050-64aa-4c23-9ba4-a757cf131562:192.168.46.62:45163] with ContainerStateMachine:uninitialized
2019-06-14 00:43:58,711 INFO  server.RaftServerConfigKeys (ConfUtils.java:logGet(43)) - raft.server.rpc.timeout.min = 1s (custom)
2019-06-14 00:43:58,711 INFO  server.RaftServerConfigKeys (ConfUtils.java:logGet(43)) - raft.server.rpc.timeout.max = 1200ms (custom)
2019-06-14 00:43:58,711 INFO  server.RaftServerConfigKeys (ConfUtils.java:logGet(43)) - raft.server.rpcslowness.timeout = 120s (custom)
2019-06-14 00:43:58,711 INFO  server.RaftServerConfigKeys (ConfUtils.java:logGet(43)) - raft.server.log.appender.install.snapshot.enabled = true (default)
2019-06-14 00:43:58,711 INFO  impl.RaftServerImpl (ServerState.java:<init>(101)) - b8e61050-64aa-4c23-9ba4-a757cf131562:group-B520C5ABC3B2 ConfigurationManager, init=-1: [b8e61050-64aa-4c23-9ba4-a757cf131562:192.168.46.62:45163], old=null, confs=<EMPTY_MAP>
2019-06-14 00:43:58,711 INFO  server.RaftServerConfigKeys (ConfUtils.java:logGet(43)) - raft.server.storage.dir = [/opt/src/hadoop-ozone/integration-test/target/test-dir/MiniOzoneClusterImpl-705e936e-8192-4db7-ae5d-93542663a72d/datanode-2/data/ratis] (custom)
2019-06-14 00:43:58,711 INFO  storage.RaftStorageDirectory (RaftStorageDirectory.java:analyzeStorage(246)) - The storage directory /opt/src/hadoop-ozone/integration-test/target/test-dir/MiniOzoneClusterImpl-705e936e-8192-4db7-ae5d-93542663a72d/datanode-2/data/ratis/8001e5b2-18b6-4b0e-a28d-b520c5abc3b2 does not exist. Creating ...
2019-06-14 00:43:58,714 INFO  storage.RaftStorageDirectory (RaftStorageDirectory.java:tryLock(328)) - Lock on /opt/src/hadoop-ozone/integration-test/target/test-dir/MiniOzoneClusterImpl-705e936e-8192-4db7-ae5d-93542663a72d/datanode-2/data/ratis/8001e5b2-18b6-4b0e-a28d-b520c5abc3b2/in_use.lock acquired by nodename 17697@ozone-csdnw-1345654644
2019-06-14 00:43:58,715 INFO  storage.RaftStorage (RaftStorage.java:format(75)) - Storage directory /opt/src/hadoop-ozone/integration-test/target/test-dir/MiniOzoneClusterImpl-705e936e-8192-4db7-ae5d-93542663a72d/datanode-2/data/ratis/8001e5b2-18b6-4b0e-a28d-b520c5abc3b2 has been successfully formatted.
2019-06-14 00:43:58,716 INFO  ratis.ContainerStateMachine (ContainerStateMachine.java:loadSnapshot(199)) - The snapshot info is null.Setting the last applied index to:(t:0, i:~)
2019-06-14 00:43:58,716 INFO  server.RaftServerConfigKeys (ConfUtils.java:logGet(43)) - raft.server.leader.election.timeout = 120s (custom)
2019-06-14 00:43:58,716 INFO  server.RaftServerConfigKeys (ConfUtils.java:logGet(43)) - raft.server.log.use.memory = false (default)
2019-06-14 00:43:58,716 INFO  server.RaftServerConfigKeys (ConfUtils.java:logGet(43)) - raft.server.log.appender.buffer.byte-limit = 33554432 (custom)
2019-06-14 00:43:58,716 INFO  server.RaftServerConfigKeys (ConfUtils.java:logGet(43)) - raft.server.log.segment.size.max = 16384 (custom)
2019-06-14 00:43:58,716 INFO  server.RaftServerConfigKeys (ConfUtils.java:logGet(43)) - raft.server.log.segment.cache.num.max = 2 (custom)
2019-06-14 00:43:58,716 INFO  storage.RaftLogWorker (RaftLogWorker.java:<init>(123)) - new b8e61050-64aa-4c23-9ba4-a757cf131562-RaftLogWorker for Storage Directory /opt/src/hadoop-ozone/integration-test/target/test-dir/MiniOzoneClusterImpl-705e936e-8192-4db7-ae5d-93542663a72d/datanode-2/data/ratis/8001e5b2-18b6-4b0e-a28d-b520c5abc3b2
2019-06-14 00:43:58,716 INFO  server.RaftServerConfigKeys (ConfUtils.java:logGet(43)) - raft.server.log.queue.byte-limit = 2147483647 (custom)
2019-06-14 00:43:58,716 INFO  server.RaftServerConfigKeys (ConfUtils.java:logGet(43)) - raft.server.log.queue.element-limit = 1024 (custom)
2019-06-14 00:43:58,716 INFO  server.RaftServerConfigKeys (ConfUtils.java:logGet(43)) - raft.server.log.segment.size.max = 16384 (custom)
2019-06-14 00:43:58,716 INFO  server.RaftServerConfigKeys (ConfUtils.java:logGet(43)) - raft.server.log.preallocated.size = 16384 (custom)
2019-06-14 00:43:58,716 INFO  server.RaftServerConfigKeys (ConfUtils.java:logGet(43)) - raft.server.log.write.buffer.size = 33554432 (custom)
2019-06-14 00:43:58,716 INFO  server.RaftServerConfigKeys (ConfUtils.java:logGet(43)) - raft.server.log.force.sync.num = 128 (default)
2019-06-14 00:43:58,716 INFO  server.RaftServerConfigKeys (ConfUtils.java:logGet(43)) - raft.server.log.statemachine.data.sync = true (default)
2019-06-14 00:43:58,717 INFO  server.RaftServerConfigKeys (ConfUtils.java:logGet(43)) - raft.server.log.statemachine.data.sync.timeout = 10s (default)
2019-06-14 00:43:58,717 INFO  server.RaftServerConfigKeys (ConfUtils.java:logGet(43)) - raft.server.log.statemachine.data.sync.timeout.retry = -1 (default)
2019-06-14 00:43:58,717 INFO  server.RaftServerConfigKeys (ConfUtils.java:logGet(43)) - raft.server.log.statemachine.data.caching.enabled = true (custom)
2019-06-14 00:43:58,717 INFO  server.RaftServerConfigKeys (ConfUtils.java:logGet(43)) - raft.server.snapshot.auto.trigger.enabled = true (custom)
2019-06-14 00:43:58,717 INFO  server.RaftServerConfigKeys (ConfUtils.java:logGet(43)) - raft.server.snapshot.auto.trigger.threshold = 10000 (custom)
2019-06-14 00:43:58,717 INFO  server.RaftServerConfigKeys (ConfUtils.java:logGet(43)) - raft.server.retrycache.expirytime = 600000ms (custom)
2019-06-14 00:43:58,717 INFO  impl.RaftServerImpl (RaftServerImpl.java:start(173)) - b8e61050-64aa-4c23-9ba4-a757cf131562: start group-B520C5ABC3B2
2019-06-14 00:43:58,717 INFO  impl.RaftServerImpl (RaftServerImpl.java:setRole(164)) - b8e61050-64aa-4c23-9ba4-a757cf131562:group-B520C5ABC3B2 changes role from null to FOLLOWER at term 0 for startAsFollower
2019-06-14 00:43:58,717 INFO  impl.RoleInfo (RoleInfo.java:updateAndGet(143)) - b8e61050-64aa-4c23-9ba4-a757cf131562: start FollowerState
2019-06-14 00:43:58,718 INFO  util.JmxRegister (JmxRegister.java:tryRegister(44)) - Successfully registered JMX Bean with object name Ratis:service=RaftServer,group=group-B520C5ABC3B2,id=b8e61050-64aa-4c23-9ba4-a757cf131562
2019-06-14 00:43:58,719 INFO  pipeline.PipelineStateManager (PipelineStateManager.java:addPipeline(56)) - Created pipeline Pipeline[ Id: 8001e5b2-18b6-4b0e-a28d-b520c5abc3b2, Nodes: b8e61050-64aa-4c23-9ba4-a757cf131562{ip: 192.168.46.62, host: ozone-csdnw-1345654644, networkLocation: /default-rack, certSerialId: null}, Type:RATIS, Factor:ONE, State:OPEN]
2019-06-14 00:43:58,727 INFO  impl.RaftServerProxy (RaftServerProxy.java:addNew(89)) - 24c56207-646a-40ee-9f83-2124ea0a39a1: addNew group-C35E1803A7B5:[24c56207-646a-40ee-9f83-2124ea0a39a1:192.168.46.62:34251, abc44974-d782-4732-ab16-5d42f2b3f597:192.168.46.62:44753, b8e61050-64aa-4c23-9ba4-a757cf131562:192.168.46.62:45163] returns group-C35E1803A7B5:java.util.concurrent.CompletableFuture@7bd0d693[Not completed]
2019-06-14 00:43:58,727 INFO  impl.RaftServerImpl (RaftServerImpl.java:<init>(91)) - 24c56207-646a-40ee-9f83-2124ea0a39a1: new RaftServerImpl for group-C35E1803A7B5:[24c56207-646a-40ee-9f83-2124ea0a39a1:192.168.46.62:34251, abc44974-d782-4732-ab16-5d42f2b3f597:192.168.46.62:44753, b8e61050-64aa-4c23-9ba4-a757cf131562:192.168.46.62:45163] with ContainerStateMachine:uninitialized
2019-06-14 00:43:58,753 INFO  server.RaftServerConfigKeys (ConfUtils.java:logGet(43)) - raft.server.rpc.timeout.min = 1s (custom)
2019-06-14 00:43:58,753 INFO  server.RaftServerConfigKeys (ConfUtils.java:logGet(43)) - raft.server.rpc.timeout.max = 1200ms (custom)
2019-06-14 00:43:58,753 INFO  server.RaftServerConfigKeys (ConfUtils.java:logGet(43)) - raft.server.rpcslowness.timeout = 120s (custom)
2019-06-14 00:43:58,753 INFO  server.RaftServerConfigKeys (ConfUtils.java:logGet(43)) - raft.server.log.appender.install.snapshot.enabled = true (default)
2019-06-14 00:43:58,755 INFO  impl.RaftServerImpl (ServerState.java:<init>(101)) - 24c56207-646a-40ee-9f83-2124ea0a39a1:group-C35E1803A7B5 ConfigurationManager, init=-1: [24c56207-646a-40ee-9f83-2124ea0a39a1:192.168.46.62:34251, abc44974-d782-4732-ab16-5d42f2b3f597:192.168.46.62:44753, b8e61050-64aa-4c23-9ba4-a757cf131562:192.168.46.62:45163], old=null, confs=<EMPTY_MAP>
2019-06-14 00:43:58,758 INFO  server.RaftServerConfigKeys (ConfUtils.java:logGet(43)) - raft.server.storage.dir = [/opt/src/hadoop-ozone/integration-test/target/test-dir/MiniOzoneClusterImpl-705e936e-8192-4db7-ae5d-93542663a72d/datanode-1/data/ratis] (custom)
2019-06-14 00:43:58,758 INFO  storage.RaftStorageDirectory (RaftStorageDirectory.java:analyzeStorage(246)) - The storage directory /opt/src/hadoop-ozone/integration-test/target/test-dir/MiniOzoneClusterImpl-705e936e-8192-4db7-ae5d-93542663a72d/datanode-1/data/ratis/c814483d-4915-4d9e-9290-c35e1803a7b5 does not exist. Creating ...
2019-06-14 00:43:58,760 INFO  impl.RaftServerProxy (RaftServerProxy.java:addNew(89)) - abc44974-d782-4732-ab16-5d42f2b3f597: addNew group-C35E1803A7B5:[24c56207-646a-40ee-9f83-2124ea0a39a1:192.168.46.62:34251, abc44974-d782-4732-ab16-5d42f2b3f597:192.168.46.62:44753, b8e61050-64aa-4c23-9ba4-a757cf131562:192.168.46.62:45163] returns group-C35E1803A7B5:java.util.concurrent.CompletableFuture@2c017043[Not completed]
2019-06-14 00:43:58,760 INFO  impl.RaftServerProxy (RaftServerProxy.java:addNew(89)) - b8e61050-64aa-4c23-9ba4-a757cf131562: addNew group-C35E1803A7B5:[24c56207-646a-40ee-9f83-2124ea0a39a1:192.168.46.62:34251, abc44974-d782-4732-ab16-5d42f2b3f597:192.168.46.62:44753, b8e61050-64aa-4c23-9ba4-a757cf131562:192.168.46.62:45163] returns group-C35E1803A7B5:java.util.concurrent.CompletableFuture@4c8eca61[Not completed]
2019-06-14 00:43:58,760 INFO  impl.RaftServerImpl (RaftServerImpl.java:<init>(91)) - abc44974-d782-4732-ab16-5d42f2b3f597: new RaftServerImpl for group-C35E1803A7B5:[24c56207-646a-40ee-9f83-2124ea0a39a1:192.168.46.62:34251, abc44974-d782-4732-ab16-5d42f2b3f597:192.168.46.62:44753, b8e61050-64aa-4c23-9ba4-a757cf131562:192.168.46.62:45163] with ContainerStateMachine:uninitialized
2019-06-14 00:43:58,760 INFO  storage.RaftStorageDirectory (RaftStorageDirectory.java:tryLock(328)) - Lock on /opt/src/hadoop-ozone/integration-test/target/test-dir/MiniOzoneClusterImpl-705e936e-8192-4db7-ae5d-93542663a72d/datanode-1/data/ratis/c814483d-4915-4d9e-9290-c35e1803a7b5/in_use.lock acquired by nodename 17697@ozone-csdnw-1345654644
2019-06-14 00:43:58,761 INFO  impl.RaftServerImpl (RaftServerImpl.java:<init>(91)) - b8e61050-64aa-4c23-9ba4-a757cf131562: new RaftServerImpl for group-C35E1803A7B5:[24c56207-646a-40ee-9f83-2124ea0a39a1:192.168.46.62:34251, abc44974-d782-4732-ab16-5d42f2b3f597:192.168.46.62:44753, b8e61050-64aa-4c23-9ba4-a757cf131562:192.168.46.62:45163] with ContainerStateMachine:uninitialized
2019-06-14 00:43:58,760 INFO  server.RaftServerConfigKeys (ConfUtils.java:logGet(43)) - raft.server.rpc.timeout.min = 1s (custom)
2019-06-14 00:43:58,761 INFO  server.RaftServerConfigKeys (ConfUtils.java:logGet(43)) - raft.server.rpc.timeout.min = 1s (custom)
2019-06-14 00:43:58,761 INFO  server.RaftServerConfigKeys (ConfUtils.java:logGet(43)) - raft.server.rpc.timeout.max = 1200ms (custom)
2019-06-14 00:43:58,761 INFO  server.RaftServerConfigKeys (ConfUtils.java:logGet(43)) - raft.server.rpc.timeout.max = 1200ms (custom)
2019-06-14 00:43:58,761 INFO  server.RaftServerConfigKeys (ConfUtils.java:logGet(43)) - raft.server.rpcslowness.timeout = 120s (custom)
2019-06-14 00:43:58,761 INFO  server.RaftServerConfigKeys (ConfUtils.java:logGet(43)) - raft.server.rpcslowness.timeout = 120s (custom)
2019-06-14 00:43:58,761 INFO  server.RaftServerConfigKeys (ConfUtils.java:logGet(43)) - raft.server.log.appender.install.snapshot.enabled = true (default)
2019-06-14 00:43:58,761 INFO  server.RaftServerConfigKeys (ConfUtils.java:logGet(43)) - raft.server.log.appender.install.snapshot.enabled = true (default)
2019-06-14 00:43:58,761 INFO  impl.RaftServerImpl (ServerState.java:<init>(101)) - abc44974-d782-4732-ab16-5d42f2b3f597:group-C35E1803A7B5 ConfigurationManager, init=-1: [24c56207-646a-40ee-9f83-2124ea0a39a1:192.168.46.62:34251, abc44974-d782-4732-ab16-5d42f2b3f597:192.168.46.62:44753, b8e61050-64aa-4c23-9ba4-a757cf131562:192.168.46.62:45163], old=null, confs=<EMPTY_MAP>
2019-06-14 00:43:58,761 INFO  server.RaftServerConfigKeys (ConfUtils.java:logGet(43)) - raft.server.storage.dir = [/opt/src/hadoop-ozone/integration-test/target/test-dir/MiniOzoneClusterImpl-705e936e-8192-4db7-ae5d-93542663a72d/datanode-0/data/ratis] (custom)
2019-06-14 00:43:58,761 INFO  impl.RaftServerImpl (ServerState.java:<init>(101)) - b8e61050-64aa-4c23-9ba4-a757cf131562:group-C35E1803A7B5 ConfigurationManager, init=-1: [24c56207-646a-40ee-9f83-2124ea0a39a1:192.168.46.62:34251, abc44974-d782-4732-ab16-5d42f2b3f597:192.168.46.62:44753, b8e61050-64aa-4c23-9ba4-a757cf131562:192.168.46.62:45163], old=null, confs=<EMPTY_MAP>
2019-06-14 00:43:58,761 INFO  server.RaftServerConfigKeys (ConfUtils.java:logGet(43)) - raft.server.storage.dir = [/opt/src/hadoop-ozone/integration-test/target/test-dir/MiniOzoneClusterImpl-705e936e-8192-4db7-ae5d-93542663a72d/datanode-2/data/ratis] (custom)
2019-06-14 00:43:58,762 INFO  storage.RaftStorageDirectory (RaftStorageDirectory.java:analyzeStorage(246)) - The storage directory /opt/src/hadoop-ozone/integration-test/target/test-dir/MiniOzoneClusterImpl-705e936e-8192-4db7-ae5d-93542663a72d/datanode-0/data/ratis/c814483d-4915-4d9e-9290-c35e1803a7b5 does not exist. Creating ...
2019-06-14 00:43:58,762 INFO  storage.RaftStorageDirectory (RaftStorageDirectory.java:analyzeStorage(246)) - The storage directory /opt/src/hadoop-ozone/integration-test/target/test-dir/MiniOzoneClusterImpl-705e936e-8192-4db7-ae5d-93542663a72d/datanode-2/data/ratis/c814483d-4915-4d9e-9290-c35e1803a7b5 does not exist. Creating ...
2019-06-14 00:43:58,763 INFO  storage.RaftStorage (RaftStorage.java:format(75)) - Storage directory /opt/src/hadoop-ozone/integration-test/target/test-dir/MiniOzoneClusterImpl-705e936e-8192-4db7-ae5d-93542663a72d/datanode-1/data/ratis/c814483d-4915-4d9e-9290-c35e1803a7b5 has been successfully formatted.
2019-06-14 00:43:58,763 INFO  ratis.ContainerStateMachine (ContainerStateMachine.java:loadSnapshot(199)) - The snapshot info is null.Setting the last applied index to:(t:0, i:~)
2019-06-14 00:43:58,763 INFO  server.RaftServerConfigKeys (ConfUtils.java:logGet(43)) - raft.server.leader.election.timeout = 120s (custom)
2019-06-14 00:43:58,763 INFO  server.RaftServerConfigKeys (ConfUtils.java:logGet(43)) - raft.server.log.use.memory = false (default)
2019-06-14 00:43:58,764 INFO  server.RaftServerConfigKeys (ConfUtils.java:logGet(43)) - raft.server.log.appender.buffer.byte-limit = 33554432 (custom)
2019-06-14 00:43:58,764 INFO  server.RaftServerConfigKeys (ConfUtils.java:logGet(43)) - raft.server.log.segment.size.max = 16384 (custom)
2019-06-14 00:43:58,764 INFO  storage.RaftStorageDirectory (RaftStorageDirectory.java:tryLock(328)) - Lock on /opt/src/hadoop-ozone/integration-test/target/test-dir/MiniOzoneClusterImpl-705e936e-8192-4db7-ae5d-93542663a72d/datanode-0/data/ratis/c814483d-4915-4d9e-9290-c35e1803a7b5/in_use.lock acquired by nodename 17697@ozone-csdnw-1345654644
2019-06-14 00:43:58,764 INFO  server.RaftServerConfigKeys (ConfUtils.java:logGet(43)) - raft.server.log.segment.cache.num.max = 2 (custom)
2019-06-14 00:43:58,764 INFO  storage.RaftLogWorker (RaftLogWorker.java:<init>(123)) - new 24c56207-646a-40ee-9f83-2124ea0a39a1-RaftLogWorker for Storage Directory /opt/src/hadoop-ozone/integration-test/target/test-dir/MiniOzoneClusterImpl-705e936e-8192-4db7-ae5d-93542663a72d/datanode-1/data/ratis/c814483d-4915-4d9e-9290-c35e1803a7b5
2019-06-14 00:43:58,764 INFO  server.RaftServerConfigKeys (ConfUtils.java:logGet(43)) - raft.server.log.queue.byte-limit = 2147483647 (custom)
2019-06-14 00:43:58,764 INFO  server.RaftServerConfigKeys (ConfUtils.java:logGet(43)) - raft.server.log.queue.element-limit = 1024 (custom)
2019-06-14 00:43:58,764 INFO  server.RaftServerConfigKeys (ConfUtils.java:logGet(43)) - raft.server.log.segment.size.max = 16384 (custom)
2019-06-14 00:43:58,764 INFO  server.RaftServerConfigKeys (ConfUtils.java:logGet(43)) - raft.server.log.preallocated.size = 16384 (custom)
2019-06-14 00:43:58,764 INFO  server.RaftServerConfigKeys (ConfUtils.java:logGet(43)) - raft.server.log.write.buffer.size = 33554432 (custom)
2019-06-14 00:43:58,765 INFO  server.RaftServerConfigKeys (ConfUtils.java:logGet(43)) - raft.server.log.force.sync.num = 128 (default)
2019-06-14 00:43:58,765 INFO  server.RaftServerConfigKeys (ConfUtils.java:logGet(43)) - raft.server.log.statemachine.data.sync = true (default)
2019-06-14 00:43:58,765 INFO  server.RaftServerConfigKeys (ConfUtils.java:logGet(43)) - raft.server.log.statemachine.data.sync.timeout = 10s (default)
2019-06-14 00:43:58,765 INFO  server.RaftServerConfigKeys (ConfUtils.java:logGet(43)) - raft.server.log.statemachine.data.sync.timeout.retry = -1 (default)
2019-06-14 00:43:58,765 INFO  server.RaftServerConfigKeys (ConfUtils.java:logGet(43)) - raft.server.log.statemachine.data.caching.enabled = true (custom)
2019-06-14 00:43:58,764 INFO  storage.RaftStorageDirectory (RaftStorageDirectory.java:tryLock(328)) - Lock on /opt/src/hadoop-ozone/integration-test/target/test-dir/MiniOzoneClusterImpl-705e936e-8192-4db7-ae5d-93542663a72d/datanode-2/data/ratis/c814483d-4915-4d9e-9290-c35e1803a7b5/in_use.lock acquired by nodename 17697@ozone-csdnw-1345654644
2019-06-14 00:43:58,766 INFO  server.RaftServerConfigKeys (ConfUtils.java:logGet(43)) - raft.server.snapshot.auto.trigger.enabled = true (custom)
2019-06-14 00:43:58,766 INFO  server.RaftServerConfigKeys (ConfUtils.java:logGet(43)) - raft.server.snapshot.auto.trigger.threshold = 10000 (custom)
2019-06-14 00:43:58,766 INFO  server.RaftServerConfigKeys (ConfUtils.java:logGet(43)) - raft.server.retrycache.expirytime = 600000ms (custom)
2019-06-14 00:43:58,766 INFO  storage.RaftStorage (RaftStorage.java:format(75)) - Storage directory /opt/src/hadoop-ozone/integration-test/target/test-dir/MiniOzoneClusterImpl-705e936e-8192-4db7-ae5d-93542663a72d/datanode-0/data/ratis/c814483d-4915-4d9e-9290-c35e1803a7b5 has been successfully formatted.
2019-06-14 00:43:58,766 INFO  impl.RaftServerImpl (RaftServerImpl.java:start(173)) - 24c56207-646a-40ee-9f83-2124ea0a39a1: start group-C35E1803A7B5
2019-06-14 00:43:58,766 INFO  impl.RaftServerImpl (RaftServerImpl.java:setRole(164)) - 24c56207-646a-40ee-9f83-2124ea0a39a1:group-C35E1803A7B5 changes role from null to FOLLOWER at term 0 for startAsFollower
2019-06-14 00:43:58,766 INFO  ratis.ContainerStateMachine (ContainerStateMachine.java:loadSnapshot(199)) - The snapshot info is null.Setting the last applied index to:(t:0, i:~)
2019-06-14 00:43:58,766 INFO  impl.RoleInfo (RoleInfo.java:updateAndGet(143)) - 24c56207-646a-40ee-9f83-2124ea0a39a1: start FollowerState
2019-06-14 00:43:58,767 INFO  server.RaftServerConfigKeys (ConfUtils.java:logGet(43)) - raft.server.leader.election.timeout = 120s (custom)
2019-06-14 00:43:58,767 INFO  server.RaftServerConfigKeys (ConfUtils.java:logGet(43)) - raft.server.log.use.memory = false (default)
2019-06-14 00:43:58,767 INFO  server.RaftServerConfigKeys (ConfUtils.java:logGet(43)) - raft.server.log.appender.buffer.byte-limit = 33554432 (custom)
2019-06-14 00:43:58,767 INFO  util.JmxRegister (JmxRegister.java:tryRegister(44)) - Successfully registered JMX Bean with object name Ratis:service=RaftServer,group=group-C35E1803A7B5,id=24c56207-646a-40ee-9f83-2124ea0a39a1
2019-06-14 00:43:58,767 INFO  server.RaftServerConfigKeys (ConfUtils.java:logGet(43)) - raft.server.log.segment.size.max = 16384 (custom)
2019-06-14 00:43:58,767 INFO  server.RaftServerConfigKeys (ConfUtils.java:logGet(43)) - raft.server.log.segment.cache.num.max = 2 (custom)
2019-06-14 00:43:58,767 INFO  storage.RaftLogWorker (RaftLogWorker.java:<init>(123)) - new abc44974-d782-4732-ab16-5d42f2b3f597-RaftLogWorker for Storage Directory /opt/src/hadoop-ozone/integration-test/target/test-dir/MiniOzoneClusterImpl-705e936e-8192-4db7-ae5d-93542663a72d/datanode-0/data/ratis/c814483d-4915-4d9e-9290-c35e1803a7b5
2019-06-14 00:43:58,767 INFO  server.RaftServerConfigKeys (ConfUtils.java:logGet(43)) - raft.server.log.queue.byte-limit = 2147483647 (custom)
2019-06-14 00:43:58,767 INFO  server.RaftServerConfigKeys (ConfUtils.java:logGet(43)) - raft.server.log.queue.element-limit = 1024 (custom)
2019-06-14 00:43:58,767 INFO  server.RaftServerConfigKeys (ConfUtils.java:logGet(43)) - raft.server.log.segment.size.max = 16384 (custom)
2019-06-14 00:43:58,767 INFO  server.RaftServerConfigKeys (ConfUtils.java:logGet(43)) - raft.server.log.preallocated.size = 16384 (custom)
2019-06-14 00:43:58,767 INFO  server.RaftServerConfigKeys (ConfUtils.java:logGet(43)) - raft.server.log.write.buffer.size = 33554432 (custom)
2019-06-14 00:43:58,768 INFO  server.RaftServerConfigKeys (ConfUtils.java:logGet(43)) - raft.server.log.force.sync.num = 128 (default)
2019-06-14 00:43:58,768 INFO  server.RaftServerConfigKeys (ConfUtils.java:logGet(43)) - raft.server.log.statemachine.data.sync = true (default)
2019-06-14 00:43:58,768 INFO  server.RaftServerConfigKeys (ConfUtils.java:logGet(43)) - raft.server.log.statemachine.data.sync.timeout = 10s (default)
2019-06-14 00:43:58,768 INFO  server.RaftServerConfigKeys (ConfUtils.java:logGet(43)) - raft.server.log.statemachine.data.sync.timeout.retry = -1 (default)
2019-06-14 00:43:58,768 INFO  storage.RaftStorage (RaftStorage.java:format(75)) - Storage directory /opt/src/hadoop-ozone/integration-test/target/test-dir/MiniOzoneClusterImpl-705e936e-8192-4db7-ae5d-93542663a72d/datanode-2/data/ratis/c814483d-4915-4d9e-9290-c35e1803a7b5 has been successfully formatted.
2019-06-14 00:43:58,768 INFO  ratis.ContainerStateMachine (ContainerStateMachine.java:loadSnapshot(199)) - The snapshot info is null.Setting the last applied index to:(t:0, i:~)
2019-06-14 00:43:58,768 INFO  server.RaftServerConfigKeys (ConfUtils.java:logGet(43)) - raft.server.log.statemachine.data.caching.enabled = true (custom)
2019-06-14 00:43:58,768 INFO  server.RaftServerConfigKeys (ConfUtils.java:logGet(43)) - raft.server.leader.election.timeout = 120s (custom)
2019-06-14 00:43:58,768 INFO  server.RaftServerConfigKeys (ConfUtils.java:logGet(43)) - raft.server.log.use.memory = false (default)
2019-06-14 00:43:58,768 INFO  server.RaftServerConfigKeys (ConfUtils.java:logGet(43)) - raft.server.snapshot.auto.trigger.enabled = true (custom)
2019-06-14 00:43:58,769 INFO  server.RaftServerConfigKeys (ConfUtils.java:logGet(43)) - raft.server.snapshot.auto.trigger.threshold = 10000 (custom)
2019-06-14 00:43:58,769 INFO  server.RaftServerConfigKeys (ConfUtils.java:logGet(43)) - raft.server.log.appender.buffer.byte-limit = 33554432 (custom)
2019-06-14 00:43:58,769 INFO  server.RaftServerConfigKeys (ConfUtils.java:logGet(43)) - raft.server.log.segment.size.max = 16384 (custom)
2019-06-14 00:43:58,769 INFO  server.RaftServerConfigKeys (ConfUtils.java:logGet(43)) - raft.server.log.segment.cache.num.max = 2 (custom)
2019-06-14 00:43:58,769 INFO  storage.RaftLogWorker (RaftLogWorker.java:<init>(123)) - new b8e61050-64aa-4c23-9ba4-a757cf131562-RaftLogWorker for Storage Directory /opt/src/hadoop-ozone/integration-test/target/test-dir/MiniOzoneClusterImpl-705e936e-8192-4db7-ae5d-93542663a72d/datanode-2/data/ratis/c814483d-4915-4d9e-9290-c35e1803a7b5
2019-06-14 00:43:58,769 INFO  server.RaftServerConfigKeys (ConfUtils.java:logGet(43)) - raft.server.log.queue.byte-limit = 2147483647 (custom)
2019-06-14 00:43:58,769 INFO  server.RaftServerConfigKeys (ConfUtils.java:logGet(43)) - raft.server.log.queue.element-limit = 1024 (custom)
2019-06-14 00:43:58,769 INFO  server.RaftServerConfigKeys (ConfUtils.java:logGet(43)) - raft.server.log.segment.size.max = 16384 (custom)
2019-06-14 00:43:58,769 INFO  server.RaftServerConfigKeys (ConfUtils.java:logGet(43)) - raft.server.log.preallocated.size = 16384 (custom)
2019-06-14 00:43:58,769 INFO  server.RaftServerConfigKeys (ConfUtils.java:logGet(43)) - raft.server.log.write.buffer.size = 33554432 (custom)
2019-06-14 00:43:58,770 INFO  server.RaftServerConfigKeys (ConfUtils.java:logGet(43)) - raft.server.log.force.sync.num = 128 (default)
2019-06-14 00:43:58,770 INFO  server.RaftServerConfigKeys (ConfUtils.java:logGet(43)) - raft.server.log.statemachine.data.sync = true (default)
2019-06-14 00:43:58,770 INFO  server.RaftServerConfigKeys (ConfUtils.java:logGet(43)) - raft.server.log.statemachine.data.sync.timeout = 10s (default)
2019-06-14 00:43:58,770 INFO  server.RaftServerConfigKeys (ConfUtils.java:logGet(43)) - raft.server.log.statemachine.data.sync.timeout.retry = -1 (default)
2019-06-14 00:43:58,770 INFO  server.RaftServerConfigKeys (ConfUtils.java:logGet(43)) - raft.server.log.statemachine.data.caching.enabled = true (custom)
2019-06-14 00:43:58,769 INFO  server.RaftServerConfigKeys (ConfUtils.java:logGet(43)) - raft.server.retrycache.expirytime = 600000ms (custom)
2019-06-14 00:43:58,770 INFO  server.RaftServerConfigKeys (ConfUtils.java:logGet(43)) - raft.server.snapshot.auto.trigger.enabled = true (custom)
2019-06-14 00:43:58,770 INFO  impl.RaftServerImpl (RaftServerImpl.java:start(173)) - abc44974-d782-4732-ab16-5d42f2b3f597: start group-C35E1803A7B5
2019-06-14 00:43:58,770 INFO  server.RaftServerConfigKeys (ConfUtils.java:logGet(43)) - raft.server.snapshot.auto.trigger.threshold = 10000 (custom)
2019-06-14 00:43:58,770 INFO  impl.RaftServerImpl (RaftServerImpl.java:setRole(164)) - abc44974-d782-4732-ab16-5d42f2b3f597:group-C35E1803A7B5 changes role from null to FOLLOWER at term 0 for startAsFollower
2019-06-14 00:43:58,770 INFO  server.RaftServerConfigKeys (ConfUtils.java:logGet(43)) - raft.server.retrycache.expirytime = 600000ms (custom)
2019-06-14 00:43:58,770 INFO  impl.RoleInfo (RoleInfo.java:updateAndGet(143)) - abc44974-d782-4732-ab16-5d42f2b3f597: start FollowerState
2019-06-14 00:43:58,770 INFO  impl.RaftServerImpl (RaftServerImpl.java:start(173)) - b8e61050-64aa-4c23-9ba4-a757cf131562: start group-C35E1803A7B5
2019-06-14 00:43:58,771 INFO  impl.RaftServerImpl (RaftServerImpl.java:setRole(164)) - b8e61050-64aa-4c23-9ba4-a757cf131562:group-C35E1803A7B5 changes role from null to FOLLOWER at term 0 for startAsFollower
2019-06-14 00:43:58,771 INFO  impl.RoleInfo (RoleInfo.java:updateAndGet(143)) - b8e61050-64aa-4c23-9ba4-a757cf131562: start FollowerState
2019-06-14 00:43:58,771 INFO  util.JmxRegister (JmxRegister.java:tryRegister(44)) - Successfully registered JMX Bean with object name Ratis:service=RaftServer,group=group-C35E1803A7B5,id=abc44974-d782-4732-ab16-5d42f2b3f597
2019-06-14 00:43:58,771 INFO  util.JmxRegister (JmxRegister.java:tryRegister(44)) - Successfully registered JMX Bean with object name Ratis:service=RaftServer,group=group-C35E1803A7B5,id=b8e61050-64aa-4c23-9ba4-a757cf131562
2019-06-14 00:43:58,772 INFO  pipeline.PipelineStateManager (PipelineStateManager.java:addPipeline(56)) - Created pipeline Pipeline[ Id: c814483d-4915-4d9e-9290-c35e1803a7b5, Nodes: abc44974-d782-4732-ab16-5d42f2b3f597{ip: 192.168.46.62, host: ozone-csdnw-1345654644, networkLocation: /default-rack, certSerialId: null}24c56207-646a-40ee-9f83-2124ea0a39a1{ip: 192.168.46.62, host: ozone-csdnw-1345654644, networkLocation: /default-rack, certSerialId: null}b8e61050-64aa-4c23-9ba4-a757cf131562{ip: 192.168.46.62, host: ozone-csdnw-1345654644, networkLocation: /default-rack, certSerialId: null}, Type:RATIS, Factor:THREE, State:OPEN]
2019-06-14 00:43:58,863 INFO  node.SCMNodeManager (SCMNodeManager.java:register(234)) - Registered Data node : 7fd70fa4-9832-4670-bdcb-c3bbf385cbc7{ip: 192.168.46.62, host: ozone-csdnw-1345654644, networkLocation: /default-rack, certSerialId: null}
2019-06-14 00:43:58,873 INFO  impl.RaftServerProxy (RaftServerProxy.java:addNew(89)) - 7fd70fa4-9832-4670-bdcb-c3bbf385cbc7: addNew group-892824C1F83A:[7fd70fa4-9832-4670-bdcb-c3bbf385cbc7:192.168.46.62:40741] returns group-892824C1F83A:java.util.concurrent.CompletableFuture@1420db98[Not completed]
2019-06-14 00:43:58,874 INFO  impl.RaftServerImpl (RaftServerImpl.java:<init>(91)) - 7fd70fa4-9832-4670-bdcb-c3bbf385cbc7: new RaftServerImpl for group-892824C1F83A:[7fd70fa4-9832-4670-bdcb-c3bbf385cbc7:192.168.46.62:40741] with ContainerStateMachine:uninitialized
2019-06-14 00:43:58,874 INFO  server.RaftServerConfigKeys (ConfUtils.java:logGet(43)) - raft.server.rpc.timeout.min = 1s (custom)
2019-06-14 00:43:58,874 INFO  server.RaftServerConfigKeys (ConfUtils.java:logGet(43)) - raft.server.rpc.timeout.max = 1200ms (custom)
2019-06-14 00:43:58,874 INFO  server.RaftServerConfigKeys (ConfUtils.java:logGet(43)) - raft.server.rpcslowness.timeout = 120s (custom)
2019-06-14 00:43:58,874 INFO  server.RaftServerConfigKeys (ConfUtils.java:logGet(43)) - raft.server.log.appender.install.snapshot.enabled = true (default)
2019-06-14 00:43:58,874 INFO  impl.RaftServerImpl (ServerState.java:<init>(101)) - 7fd70fa4-9832-4670-bdcb-c3bbf385cbc7:group-892824C1F83A ConfigurationManager, init=-1: [7fd70fa4-9832-4670-bdcb-c3bbf385cbc7:192.168.46.62:40741], old=null, confs=<EMPTY_MAP>
2019-06-14 00:43:58,874 INFO  server.RaftServerConfigKeys (ConfUtils.java:logGet(43)) - raft.server.storage.dir = [/opt/src/hadoop-ozone/integration-test/target/test-dir/MiniOzoneClusterImpl-705e936e-8192-4db7-ae5d-93542663a72d/datanode-3/data/ratis] (custom)
2019-06-14 00:43:58,875 INFO  storage.RaftStorageDirectory (RaftStorageDirectory.java:analyzeStorage(246)) - The storage directory /opt/src/hadoop-ozone/integration-test/target/test-dir/MiniOzoneClusterImpl-705e936e-8192-4db7-ae5d-93542663a72d/datanode-3/data/ratis/dc099631-46fa-4212-89ca-892824c1f83a does not exist. Creating ...
2019-06-14 00:43:58,877 INFO  storage.RaftStorageDirectory (RaftStorageDirectory.java:tryLock(328)) - Lock on /opt/src/hadoop-ozone/integration-test/target/test-dir/MiniOzoneClusterImpl-705e936e-8192-4db7-ae5d-93542663a72d/datanode-3/data/ratis/dc099631-46fa-4212-89ca-892824c1f83a/in_use.lock acquired by nodename 17697@ozone-csdnw-1345654644
2019-06-14 00:43:58,879 INFO  storage.RaftStorage (RaftStorage.java:format(75)) - Storage directory /opt/src/hadoop-ozone/integration-test/target/test-dir/MiniOzoneClusterImpl-705e936e-8192-4db7-ae5d-93542663a72d/datanode-3/data/ratis/dc099631-46fa-4212-89ca-892824c1f83a has been successfully formatted.
2019-06-14 00:43:58,879 INFO  ratis.ContainerStateMachine (ContainerStateMachine.java:loadSnapshot(199)) - The snapshot info is null.Setting the last applied index to:(t:0, i:~)
2019-06-14 00:43:58,879 INFO  server.RaftServerConfigKeys (ConfUtils.java:logGet(43)) - raft.server.leader.election.timeout = 120s (custom)
2019-06-14 00:43:58,879 INFO  server.RaftServerConfigKeys (ConfUtils.java:logGet(43)) - raft.server.log.use.memory = false (default)
2019-06-14 00:43:58,879 INFO  server.RaftServerConfigKeys (ConfUtils.java:logGet(43)) - raft.server.log.appender.buffer.byte-limit = 33554432 (custom)
2019-06-14 00:43:58,879 INFO  server.RaftServerConfigKeys (ConfUtils.java:logGet(43)) - raft.server.log.segment.size.max = 16384 (custom)
2019-06-14 00:43:58,879 INFO  server.RaftServerConfigKeys (ConfUtils.java:logGet(43)) - raft.server.log.segment.cache.num.max = 2 (custom)
2019-06-14 00:43:58,879 INFO  storage.RaftLogWorker (RaftLogWorker.java:<init>(123)) - new 7fd70fa4-9832-4670-bdcb-c3bbf385cbc7-RaftLogWorker for Storage Directory /opt/src/hadoop-ozone/integration-test/target/test-dir/MiniOzoneClusterImpl-705e936e-8192-4db7-ae5d-93542663a72d/datanode-3/data/ratis/dc099631-46fa-4212-89ca-892824c1f83a
2019-06-14 00:43:58,879 INFO  server.RaftServerConfigKeys (ConfUtils.java:logGet(43)) - raft.server.log.queue.byte-limit = 2147483647 (custom)
2019-06-14 00:43:58,880 INFO  server.RaftServerConfigKeys (ConfUtils.java:logGet(43)) - raft.server.log.queue.element-limit = 1024 (custom)
2019-06-14 00:43:58,880 INFO  server.RaftServerConfigKeys (ConfUtils.java:logGet(43)) - raft.server.log.segment.size.max = 16384 (custom)
2019-06-14 00:43:58,880 INFO  server.RaftServerConfigKeys (ConfUtils.java:logGet(43)) - raft.server.log.preallocated.size = 16384 (custom)
2019-06-14 00:43:58,880 INFO  server.RaftServerConfigKeys (ConfUtils.java:logGet(43)) - raft.server.log.write.buffer.size = 33554432 (custom)
2019-06-14 00:43:58,880 INFO  server.RaftServerConfigKeys (ConfUtils.java:logGet(43)) - raft.server.log.force.sync.num = 128 (default)
2019-06-14 00:43:58,880 INFO  server.RaftServerConfigKeys (ConfUtils.java:logGet(43)) - raft.server.log.statemachine.data.sync = true (default)
2019-06-14 00:43:58,880 INFO  server.RaftServerConfigKeys (ConfUtils.java:logGet(43)) - raft.server.log.statemachine.data.sync.timeout = 10s (default)
2019-06-14 00:43:58,880 INFO  server.RaftServerConfigKeys (ConfUtils.java:logGet(43)) - raft.server.log.statemachine.data.sync.timeout.retry = -1 (default)
2019-06-14 00:43:58,880 INFO  server.RaftServerConfigKeys (ConfUtils.java:logGet(43)) - raft.server.log.statemachine.data.caching.enabled = true (custom)
2019-06-14 00:43:58,880 INFO  server.RaftServerConfigKeys (ConfUtils.java:logGet(43)) - raft.server.snapshot.auto.trigger.enabled = true (custom)
2019-06-14 00:43:58,881 INFO  server.RaftServerConfigKeys (ConfUtils.java:logGet(43)) - raft.server.snapshot.auto.trigger.threshold = 10000 (custom)
2019-06-14 00:43:58,881 INFO  server.RaftServerConfigKeys (ConfUtils.java:logGet(43)) - raft.server.retrycache.expirytime = 600000ms (custom)
2019-06-14 00:43:58,881 INFO  impl.RaftServerImpl (RaftServerImpl.java:start(173)) - 7fd70fa4-9832-4670-bdcb-c3bbf385cbc7: start group-892824C1F83A
2019-06-14 00:43:58,881 INFO  impl.RaftServerImpl (RaftServerImpl.java:setRole(164)) - 7fd70fa4-9832-4670-bdcb-c3bbf385cbc7:group-892824C1F83A changes role from null to FOLLOWER at term 0 for startAsFollower
2019-06-14 00:43:58,881 INFO  impl.RoleInfo (RoleInfo.java:updateAndGet(143)) - 7fd70fa4-9832-4670-bdcb-c3bbf385cbc7: start FollowerState
2019-06-14 00:43:58,885 INFO  util.JmxRegister (JmxRegister.java:tryRegister(44)) - Successfully registered JMX Bean with object name Ratis:service=RaftServer,group=group-892824C1F83A,id=7fd70fa4-9832-4670-bdcb-c3bbf385cbc7
2019-06-14 00:43:58,898 INFO  pipeline.PipelineStateManager (PipelineStateManager.java:addPipeline(56)) - Created pipeline Pipeline[ Id: dc099631-46fa-4212-89ca-892824c1f83a, Nodes: 7fd70fa4-9832-4670-bdcb-c3bbf385cbc7{ip: 192.168.46.62, host: ozone-csdnw-1345654644, networkLocation: /default-rack, certSerialId: null}, Type:RATIS, Factor:ONE, State:OPEN]
2019-06-14 00:43:59,007 INFO  node.SCMNodeManager (SCMNodeManager.java:register(234)) - Registered Data node : c6dcb17e-1bb4-4ed9-aa04-c6fca4338654{ip: 192.168.46.62, host: ozone-csdnw-1345654644, networkLocation: /default-rack, certSerialId: null}
2019-06-14 00:43:59,012 INFO  impl.RaftServerProxy (RaftServerProxy.java:addNew(89)) - c6dcb17e-1bb4-4ed9-aa04-c6fca4338654: addNew group-ED9E6D22817B:[c6dcb17e-1bb4-4ed9-aa04-c6fca4338654:192.168.46.62:38949] returns group-ED9E6D22817B:java.util.concurrent.CompletableFuture@15bdb167[Not completed]
2019-06-14 00:43:59,012 INFO  impl.RaftServerImpl (RaftServerImpl.java:<init>(91)) - c6dcb17e-1bb4-4ed9-aa04-c6fca4338654: new RaftServerImpl for group-ED9E6D22817B:[c6dcb17e-1bb4-4ed9-aa04-c6fca4338654:192.168.46.62:38949] with ContainerStateMachine:uninitialized
2019-06-14 00:43:59,013 INFO  server.RaftServerConfigKeys (ConfUtils.java:logGet(43)) - raft.server.rpc.timeout.min = 1s (custom)
2019-06-14 00:43:59,013 INFO  server.RaftServerConfigKeys (ConfUtils.java:logGet(43)) - raft.server.rpc.timeout.max = 1200ms (custom)
2019-06-14 00:43:59,013 INFO  server.RaftServerConfigKeys (ConfUtils.java:logGet(43)) - raft.server.rpcslowness.timeout = 120s (custom)
2019-06-14 00:43:59,013 INFO  server.RaftServerConfigKeys (ConfUtils.java:logGet(43)) - raft.server.log.appender.install.snapshot.enabled = true (default)
2019-06-14 00:43:59,013 INFO  impl.RaftServerImpl (ServerState.java:<init>(101)) - c6dcb17e-1bb4-4ed9-aa04-c6fca4338654:group-ED9E6D22817B ConfigurationManager, init=-1: [c6dcb17e-1bb4-4ed9-aa04-c6fca4338654:192.168.46.62:38949], old=null, confs=<EMPTY_MAP>
2019-06-14 00:43:59,013 INFO  server.RaftServerConfigKeys (ConfUtils.java:logGet(43)) - raft.server.storage.dir = [/opt/src/hadoop-ozone/integration-test/target/test-dir/MiniOzoneClusterImpl-705e936e-8192-4db7-ae5d-93542663a72d/datanode-4/data/ratis] (custom)
2019-06-14 00:43:59,013 INFO  storage.RaftStorageDirectory (RaftStorageDirectory.java:analyzeStorage(246)) - The storage directory /opt/src/hadoop-ozone/integration-test/target/test-dir/MiniOzoneClusterImpl-705e936e-8192-4db7-ae5d-93542663a72d/datanode-4/data/ratis/3b4c1557-b534-4951-a4d8-ed9e6d22817b does not exist. Creating ...
2019-06-14 00:43:59,015 INFO  storage.RaftStorageDirectory (RaftStorageDirectory.java:tryLock(328)) - Lock on /opt/src/hadoop-ozone/integration-test/target/test-dir/MiniOzoneClusterImpl-705e936e-8192-4db7-ae5d-93542663a72d/datanode-4/data/ratis/3b4c1557-b534-4951-a4d8-ed9e6d22817b/in_use.lock acquired by nodename 17697@ozone-csdnw-1345654644
2019-06-14 00:43:59,017 INFO  storage.RaftStorage (RaftStorage.java:format(75)) - Storage directory /opt/src/hadoop-ozone/integration-test/target/test-dir/MiniOzoneClusterImpl-705e936e-8192-4db7-ae5d-93542663a72d/datanode-4/data/ratis/3b4c1557-b534-4951-a4d8-ed9e6d22817b has been successfully formatted.
2019-06-14 00:43:59,017 INFO  ratis.ContainerStateMachine (ContainerStateMachine.java:loadSnapshot(199)) - The snapshot info is null.Setting the last applied index to:(t:0, i:~)
2019-06-14 00:43:59,018 INFO  server.RaftServerConfigKeys (ConfUtils.java:logGet(43)) - raft.server.leader.election.timeout = 120s (custom)
2019-06-14 00:43:59,018 INFO  server.RaftServerConfigKeys (ConfUtils.java:logGet(43)) - raft.server.log.use.memory = false (default)
2019-06-14 00:43:59,018 INFO  server.RaftServerConfigKeys (ConfUtils.java:logGet(43)) - raft.server.log.appender.buffer.byte-limit = 33554432 (custom)
2019-06-14 00:43:59,018 INFO  server.RaftServerConfigKeys (ConfUtils.java:logGet(43)) - raft.server.log.segment.size.max = 16384 (custom)
2019-06-14 00:43:59,018 INFO  server.RaftServerConfigKeys (ConfUtils.java:logGet(43)) - raft.server.log.segment.cache.num.max = 2 (custom)
2019-06-14 00:43:59,018 INFO  storage.RaftLogWorker (RaftLogWorker.java:<init>(123)) - new c6dcb17e-1bb4-4ed9-aa04-c6fca4338654-RaftLogWorker for Storage Directory /opt/src/hadoop-ozone/integration-test/target/test-dir/MiniOzoneClusterImpl-705e936e-8192-4db7-ae5d-93542663a72d/datanode-4/data/ratis/3b4c1557-b534-4951-a4d8-ed9e6d22817b
2019-06-14 00:43:59,018 INFO  server.RaftServerConfigKeys (ConfUtils.java:logGet(43)) - raft.server.log.queue.byte-limit = 2147483647 (custom)
2019-06-14 00:43:59,018 INFO  server.RaftServerConfigKeys (ConfUtils.java:logGet(43)) - raft.server.log.queue.element-limit = 1024 (custom)
2019-06-14 00:43:59,018 INFO  server.RaftServerConfigKeys (ConfUtils.java:logGet(43)) - raft.server.log.segment.size.max = 16384 (custom)
2019-06-14 00:43:59,018 INFO  server.RaftServerConfigKeys (ConfUtils.java:logGet(43)) - raft.server.log.preallocated.size = 16384 (custom)
2019-06-14 00:43:59,018 INFO  server.RaftServerConfigKeys (ConfUtils.java:logGet(43)) - raft.server.log.write.buffer.size = 33554432 (custom)
2019-06-14 00:43:59,018 INFO  server.RaftServerConfigKeys (ConfUtils.java:logGet(43)) - raft.server.log.force.sync.num = 128 (default)
2019-06-14 00:43:59,018 INFO  server.RaftServerConfigKeys (ConfUtils.java:logGet(43)) - raft.server.log.statemachine.data.sync = true (default)
2019-06-14 00:43:59,018 INFO  server.RaftServerConfigKeys (ConfUtils.java:logGet(43)) - raft.server.log.statemachine.data.sync.timeout = 10s (default)
2019-06-14 00:43:59,018 INFO  server.RaftServerConfigKeys (ConfUtils.java:logGet(43)) - raft.server.log.statemachine.data.sync.timeout.retry = -1 (default)
2019-06-14 00:43:59,019 INFO  server.RaftServerConfigKeys (ConfUtils.java:logGet(43)) - raft.server.log.statemachine.data.caching.enabled = true (custom)
2019-06-14 00:43:59,021 INFO  server.RaftServerConfigKeys (ConfUtils.java:logGet(43)) - raft.server.snapshot.auto.trigger.enabled = true (custom)
2019-06-14 00:43:59,021 INFO  server.RaftServerConfigKeys (ConfUtils.java:logGet(43)) - raft.server.snapshot.auto.trigger.threshold = 10000 (custom)
2019-06-14 00:43:59,021 INFO  server.RaftServerConfigKeys (ConfUtils.java:logGet(43)) - raft.server.retrycache.expirytime = 600000ms (custom)
2019-06-14 00:43:59,021 INFO  impl.RaftServerImpl (RaftServerImpl.java:start(173)) - c6dcb17e-1bb4-4ed9-aa04-c6fca4338654: start group-ED9E6D22817B
2019-06-14 00:43:59,022 INFO  impl.RaftServerImpl (RaftServerImpl.java:setRole(164)) - c6dcb17e-1bb4-4ed9-aa04-c6fca4338654:group-ED9E6D22817B changes role from null to FOLLOWER at term 0 for startAsFollower
2019-06-14 00:43:59,022 INFO  impl.RoleInfo (RoleInfo.java:updateAndGet(143)) - c6dcb17e-1bb4-4ed9-aa04-c6fca4338654: start FollowerState
2019-06-14 00:43:59,022 INFO  util.JmxRegister (JmxRegister.java:tryRegister(44)) - Successfully registered JMX Bean with object name Ratis:service=RaftServer,group=group-ED9E6D22817B,id=c6dcb17e-1bb4-4ed9-aa04-c6fca4338654
2019-06-14 00:43:59,025 INFO  pipeline.PipelineStateManager (PipelineStateManager.java:addPipeline(56)) - Created pipeline Pipeline[ Id: 3b4c1557-b534-4951-a4d8-ed9e6d22817b, Nodes: c6dcb17e-1bb4-4ed9-aa04-c6fca4338654{ip: 192.168.46.62, host: ozone-csdnw-1345654644, networkLocation: /default-rack, certSerialId: null}, Type:RATIS, Factor:ONE, State:OPEN]
2019-06-14 00:43:59,142 INFO  ozone.MiniOzoneClusterImpl (MiniOzoneClusterImpl.java:lambda$waitForClusterToBeReady$0(142)) - Waiting for cluster to be ready. Got 5 of 6 DN Heartbeats.
2019-06-14 00:43:59,143 INFO  node.SCMNodeManager (SCMNodeManager.java:register(234)) - Registered Data node : 9c4c8826-f4e3-4143-aedc-b7c873dfe072{ip: 192.168.46.62, host: ozone-csdnw-1345654644, networkLocation: /default-rack, certSerialId: null}
2019-06-14 00:43:59,149 INFO  impl.RaftServerProxy (RaftServerProxy.java:addNew(89)) - 9c4c8826-f4e3-4143-aedc-b7c873dfe072: addNew group-C8D1D30947C7:[9c4c8826-f4e3-4143-aedc-b7c873dfe072:192.168.46.62:36247] returns group-C8D1D30947C7:java.util.concurrent.CompletableFuture@ce6a2c5[Not completed]
2019-06-14 00:43:59,149 INFO  impl.RaftServerImpl (RaftServerImpl.java:<init>(91)) - 9c4c8826-f4e3-4143-aedc-b7c873dfe072: new RaftServerImpl for group-C8D1D30947C7:[9c4c8826-f4e3-4143-aedc-b7c873dfe072:192.168.46.62:36247] with ContainerStateMachine:uninitialized
2019-06-14 00:43:59,149 INFO  server.RaftServerConfigKeys (ConfUtils.java:logGet(43)) - raft.server.rpc.timeout.min = 1s (custom)
2019-06-14 00:43:59,149 INFO  server.RaftServerConfigKeys (ConfUtils.java:logGet(43)) - raft.server.rpc.timeout.max = 1200ms (custom)
2019-06-14 00:43:59,149 INFO  server.RaftServerConfigKeys (ConfUtils.java:logGet(43)) - raft.server.rpcslowness.timeout = 120s (custom)
2019-06-14 00:43:59,149 INFO  server.RaftServerConfigKeys (ConfUtils.java:logGet(43)) - raft.server.log.appender.install.snapshot.enabled = true (default)
2019-06-14 00:43:59,150 INFO  impl.RaftServerImpl (ServerState.java:<init>(101)) - 9c4c8826-f4e3-4143-aedc-b7c873dfe072:group-C8D1D30947C7 ConfigurationManager, init=-1: [9c4c8826-f4e3-4143-aedc-b7c873dfe072:192.168.46.62:36247], old=null, confs=<EMPTY_MAP>
2019-06-14 00:43:59,150 INFO  server.RaftServerConfigKeys (ConfUtils.java:logGet(43)) - raft.server.storage.dir = [/opt/src/hadoop-ozone/integration-test/target/test-dir/MiniOzoneClusterImpl-705e936e-8192-4db7-ae5d-93542663a72d/datanode-5/data/ratis] (custom)
2019-06-14 00:43:59,150 INFO  storage.RaftStorageDirectory (RaftStorageDirectory.java:analyzeStorage(246)) - The storage directory /opt/src/hadoop-ozone/integration-test/target/test-dir/MiniOzoneClusterImpl-705e936e-8192-4db7-ae5d-93542663a72d/datanode-5/data/ratis/03382721-9fce-4333-89cf-c8d1d30947c7 does not exist. Creating ...
2019-06-14 00:43:59,152 INFO  storage.RaftStorageDirectory (RaftStorageDirectory.java:tryLock(328)) - Lock on /opt/src/hadoop-ozone/integration-test/target/test-dir/MiniOzoneClusterImpl-705e936e-8192-4db7-ae5d-93542663a72d/datanode-5/data/ratis/03382721-9fce-4333-89cf-c8d1d30947c7/in_use.lock acquired by nodename 17697@ozone-csdnw-1345654644
2019-06-14 00:43:59,154 INFO  storage.RaftStorage (RaftStorage.java:format(75)) - Storage directory /opt/src/hadoop-ozone/integration-test/target/test-dir/MiniOzoneClusterImpl-705e936e-8192-4db7-ae5d-93542663a72d/datanode-5/data/ratis/03382721-9fce-4333-89cf-c8d1d30947c7 has been successfully formatted.
2019-06-14 00:43:59,154 INFO  ratis.ContainerStateMachine (ContainerStateMachine.java:loadSnapshot(199)) - The snapshot info is null.Setting the last applied index to:(t:0, i:~)
2019-06-14 00:43:59,154 INFO  server.RaftServerConfigKeys (ConfUtils.java:logGet(43)) - raft.server.leader.election.timeout = 120s (custom)
2019-06-14 00:43:59,154 INFO  server.RaftServerConfigKeys (ConfUtils.java:logGet(43)) - raft.server.log.use.memory = false (default)
2019-06-14 00:43:59,154 INFO  server.RaftServerConfigKeys (ConfUtils.java:logGet(43)) - raft.server.log.appender.buffer.byte-limit = 33554432 (custom)
2019-06-14 00:43:59,154 INFO  server.RaftServerConfigKeys (ConfUtils.java:logGet(43)) - raft.server.log.segment.size.max = 16384 (custom)
2019-06-14 00:43:59,154 INFO  server.RaftServerConfigKeys (ConfUtils.java:logGet(43)) - raft.server.log.segment.cache.num.max = 2 (custom)
2019-06-14 00:43:59,155 INFO  storage.RaftLogWorker (RaftLogWorker.java:<init>(123)) - new 9c4c8826-f4e3-4143-aedc-b7c873dfe072-RaftLogWorker for Storage Directory /opt/src/hadoop-ozone/integration-test/target/test-dir/MiniOzoneClusterImpl-705e936e-8192-4db7-ae5d-93542663a72d/datanode-5/data/ratis/03382721-9fce-4333-89cf-c8d1d30947c7
2019-06-14 00:43:59,155 INFO  server.RaftServerConfigKeys (ConfUtils.java:logGet(43)) - raft.server.log.queue.byte-limit = 2147483647 (custom)
2019-06-14 00:43:59,155 INFO  server.RaftServerConfigKeys (ConfUtils.java:logGet(43)) - raft.server.log.queue.element-limit = 1024 (custom)
2019-06-14 00:43:59,155 INFO  server.RaftServerConfigKeys (ConfUtils.java:logGet(43)) - raft.server.log.segment.size.max = 16384 (custom)
2019-06-14 00:43:59,155 INFO  server.RaftServerConfigKeys (ConfUtils.java:logGet(43)) - raft.server.log.preallocated.size = 16384 (custom)
2019-06-14 00:43:59,155 INFO  server.RaftServerConfigKeys (ConfUtils.java:logGet(43)) - raft.server.log.write.buffer.size = 33554432 (custom)
2019-06-14 00:43:59,155 INFO  server.RaftServerConfigKeys (ConfUtils.java:logGet(43)) - raft.server.log.force.sync.num = 128 (default)
2019-06-14 00:43:59,155 INFO  server.RaftServerConfigKeys (ConfUtils.java:logGet(43)) - raft.server.log.statemachine.data.sync = true (default)
2019-06-14 00:43:59,155 INFO  server.RaftServerConfigKeys (ConfUtils.java:logGet(43)) - raft.server.log.statemachine.data.sync.timeout = 10s (default)
2019-06-14 00:43:59,155 INFO  server.RaftServerConfigKeys (ConfUtils.java:logGet(43)) - raft.server.log.statemachine.data.sync.timeout.retry = -1 (default)
2019-06-14 00:43:59,155 INFO  server.RaftServerConfigKeys (ConfUtils.java:logGet(43)) - raft.server.log.statemachine.data.caching.enabled = true (custom)
2019-06-14 00:43:59,155 INFO  server.RaftServerConfigKeys (ConfUtils.java:logGet(43)) - raft.server.snapshot.auto.trigger.enabled = true (custom)
2019-06-14 00:43:59,156 INFO  server.RaftServerConfigKeys (ConfUtils.java:logGet(43)) - raft.server.snapshot.auto.trigger.threshold = 10000 (custom)
2019-06-14 00:43:59,156 INFO  server.RaftServerConfigKeys (ConfUtils.java:logGet(43)) - raft.server.retrycache.expirytime = 600000ms (custom)
2019-06-14 00:43:59,156 INFO  impl.RaftServerImpl (RaftServerImpl.java:start(173)) - 9c4c8826-f4e3-4143-aedc-b7c873dfe072: start group-C8D1D30947C7
2019-06-14 00:43:59,156 INFO  impl.RaftServerImpl (RaftServerImpl.java:setRole(164)) - 9c4c8826-f4e3-4143-aedc-b7c873dfe072:group-C8D1D30947C7 changes role from null to FOLLOWER at term 0 for startAsFollower
2019-06-14 00:43:59,156 INFO  impl.RoleInfo (RoleInfo.java:updateAndGet(143)) - 9c4c8826-f4e3-4143-aedc-b7c873dfe072: start FollowerState
2019-06-14 00:43:59,156 INFO  util.JmxRegister (JmxRegister.java:tryRegister(44)) - Successfully registered JMX Bean with object name Ratis:service=RaftServer,group=group-C8D1D30947C7,id=9c4c8826-f4e3-4143-aedc-b7c873dfe072
2019-06-14 00:43:59,158 INFO  pipeline.PipelineStateManager (PipelineStateManager.java:addPipeline(56)) - Created pipeline Pipeline[ Id: 03382721-9fce-4333-89cf-c8d1d30947c7, Nodes: 9c4c8826-f4e3-4143-aedc-b7c873dfe072{ip: 192.168.46.62, host: ozone-csdnw-1345654644, networkLocation: /default-rack, certSerialId: null}, Type:RATIS, Factor:ONE, State:OPEN]
2019-06-14 00:43:59,167 INFO  impl.RaftServerProxy (RaftServerProxy.java:addNew(89)) - 9c4c8826-f4e3-4143-aedc-b7c873dfe072: addNew group-909B5E129076:[c6dcb17e-1bb4-4ed9-aa04-c6fca4338654:192.168.46.62:38949, 7fd70fa4-9832-4670-bdcb-c3bbf385cbc7:192.168.46.62:40741, 9c4c8826-f4e3-4143-aedc-b7c873dfe072:192.168.46.62:36247] returns group-909B5E129076:java.util.concurrent.CompletableFuture@762b8a65[Not completed]
2019-06-14 00:43:59,167 INFO  impl.RaftServerImpl (RaftServerImpl.java:<init>(91)) - 9c4c8826-f4e3-4143-aedc-b7c873dfe072: new RaftServerImpl for group-909B5E129076:[c6dcb17e-1bb4-4ed9-aa04-c6fca4338654:192.168.46.62:38949, 7fd70fa4-9832-4670-bdcb-c3bbf385cbc7:192.168.46.62:40741, 9c4c8826-f4e3-4143-aedc-b7c873dfe072:192.168.46.62:36247] with ContainerStateMachine:uninitialized
2019-06-14 00:43:59,168 INFO  server.RaftServerConfigKeys (ConfUtils.java:logGet(43)) - raft.server.rpc.timeout.min = 1s (custom)
2019-06-14 00:43:59,168 INFO  server.RaftServerConfigKeys (ConfUtils.java:logGet(43)) - raft.server.rpc.timeout.max = 1200ms (custom)
2019-06-14 00:43:59,168 INFO  server.RaftServerConfigKeys (ConfUtils.java:logGet(43)) - raft.server.rpcslowness.timeout = 120s (custom)
2019-06-14 00:43:59,168 INFO  server.RaftServerConfigKeys (ConfUtils.java:logGet(43)) - raft.server.log.appender.install.snapshot.enabled = true (default)
2019-06-14 00:43:59,168 INFO  impl.RaftServerProxy (RaftServerProxy.java:addNew(89)) - c6dcb17e-1bb4-4ed9-aa04-c6fca4338654: addNew group-909B5E129076:[c6dcb17e-1bb4-4ed9-aa04-c6fca4338654:192.168.46.62:38949, 7fd70fa4-9832-4670-bdcb-c3bbf385cbc7:192.168.46.62:40741, 9c4c8826-f4e3-4143-aedc-b7c873dfe072:192.168.46.62:36247] returns group-909B5E129076:java.util.concurrent.CompletableFuture@4fe2feef[Not completed]
2019-06-14 00:43:59,168 INFO  impl.RaftServerProxy (RaftServerProxy.java:addNew(89)) - 7fd70fa4-9832-4670-bdcb-c3bbf385cbc7: addNew group-909B5E129076:[c6dcb17e-1bb4-4ed9-aa04-c6fca4338654:192.168.46.62:38949, 7fd70fa4-9832-4670-bdcb-c3bbf385cbc7:192.168.46.62:40741, 9c4c8826-f4e3-4143-aedc-b7c873dfe072:192.168.46.62:36247] returns group-909B5E129076:java.util.concurrent.CompletableFuture@1589cd45[Not completed]
2019-06-14 00:43:59,168 INFO  impl.RaftServerImpl (ServerState.java:<init>(101)) - 9c4c8826-f4e3-4143-aedc-b7c873dfe072:group-909B5E129076 ConfigurationManager, init=-1: [c6dcb17e-1bb4-4ed9-aa04-c6fca4338654:192.168.46.62:38949, 7fd70fa4-9832-4670-bdcb-c3bbf385cbc7:192.168.46.62:40741, 9c4c8826-f4e3-4143-aedc-b7c873dfe072:192.168.46.62:36247], old=null, confs=<EMPTY_MAP>
2019-06-14 00:43:59,169 INFO  impl.RaftServerImpl (RaftServerImpl.java:<init>(91)) - 7fd70fa4-9832-4670-bdcb-c3bbf385cbc7: new RaftServerImpl for group-909B5E129076:[c6dcb17e-1bb4-4ed9-aa04-c6fca4338654:192.168.46.62:38949, 7fd70fa4-9832-4670-bdcb-c3bbf385cbc7:192.168.46.62:40741, 9c4c8826-f4e3-4143-aedc-b7c873dfe072:192.168.46.62:36247] with ContainerStateMachine:uninitialized
2019-06-14 00:43:59,169 INFO  server.RaftServerConfigKeys (ConfUtils.java:logGet(43)) - raft.server.rpc.timeout.min = 1s (custom)
2019-06-14 00:43:59,169 INFO  server.RaftServerConfigKeys (ConfUtils.java:logGet(43)) - raft.server.rpc.timeout.max = 1200ms (custom)
2019-06-14 00:43:59,169 INFO  server.RaftServerConfigKeys (ConfUtils.java:logGet(43)) - raft.server.rpcslowness.timeout = 120s (custom)
2019-06-14 00:43:59,169 INFO  server.RaftServerConfigKeys (ConfUtils.java:logGet(43)) - raft.server.log.appender.install.snapshot.enabled = true (default)
2019-06-14 00:43:59,169 INFO  impl.RaftServerImpl (ServerState.java:<init>(101)) - 7fd70fa4-9832-4670-bdcb-c3bbf385cbc7:group-909B5E129076 ConfigurationManager, init=-1: [c6dcb17e-1bb4-4ed9-aa04-c6fca4338654:192.168.46.62:38949, 7fd70fa4-9832-4670-bdcb-c3bbf385cbc7:192.168.46.62:40741, 9c4c8826-f4e3-4143-aedc-b7c873dfe072:192.168.46.62:36247], old=null, confs=<EMPTY_MAP>
2019-06-14 00:43:59,169 INFO  server.RaftServerConfigKeys (ConfUtils.java:logGet(43)) - raft.server.storage.dir = [/opt/src/hadoop-ozone/integration-test/target/test-dir/MiniOzoneClusterImpl-705e936e-8192-4db7-ae5d-93542663a72d/datanode-3/data/ratis] (custom)
2019-06-14 00:43:59,170 INFO  storage.RaftStorageDirectory (RaftStorageDirectory.java:analyzeStorage(246)) - The storage directory /opt/src/hadoop-ozone/integration-test/target/test-dir/MiniOzoneClusterImpl-705e936e-8192-4db7-ae5d-93542663a72d/datanode-3/data/ratis/81fef9ed-6631-48b4-b2fa-909b5e129076 does not exist. Creating ...
2019-06-14 00:43:59,170 INFO  server.RaftServerConfigKeys (ConfUtils.java:logGet(43)) - raft.server.storage.dir = [/opt/src/hadoop-ozone/integration-test/target/test-dir/MiniOzoneClusterImpl-705e936e-8192-4db7-ae5d-93542663a72d/datanode-5/data/ratis] (custom)
2019-06-14 00:43:59,170 INFO  storage.RaftStorageDirectory (RaftStorageDirectory.java:analyzeStorage(246)) - The storage directory /opt/src/hadoop-ozone/integration-test/target/test-dir/MiniOzoneClusterImpl-705e936e-8192-4db7-ae5d-93542663a72d/datanode-5/data/ratis/81fef9ed-6631-48b4-b2fa-909b5e129076 does not exist. Creating ...
2019-06-14 00:43:59,171 INFO  impl.RaftServerImpl (RaftServerImpl.java:<init>(91)) - c6dcb17e-1bb4-4ed9-aa04-c6fca4338654: new RaftServerImpl for group-909B5E129076:[c6dcb17e-1bb4-4ed9-aa04-c6fca4338654:192.168.46.62:38949, 7fd70fa4-9832-4670-bdcb-c3bbf385cbc7:192.168.46.62:40741, 9c4c8826-f4e3-4143-aedc-b7c873dfe072:192.168.46.62:36247] with ContainerStateMachine:uninitialized
2019-06-14 00:43:59,171 INFO  server.RaftServerConfigKeys (ConfUtils.java:logGet(43)) - raft.server.rpc.timeout.min = 1s (custom)
2019-06-14 00:43:59,171 INFO  server.RaftServerConfigKeys (ConfUtils.java:logGet(43)) - raft.server.rpc.timeout.max = 1200ms (custom)
2019-06-14 00:43:59,171 INFO  server.RaftServerConfigKeys (ConfUtils.java:logGet(43)) - raft.server.rpcslowness.timeout = 120s (custom)
2019-06-14 00:43:59,171 INFO  server.RaftServerConfigKeys (ConfUtils.java:logGet(43)) - raft.server.log.appender.install.snapshot.enabled = true (default)
2019-06-14 00:43:59,171 INFO  impl.RaftServerImpl (ServerState.java:<init>(101)) - c6dcb17e-1bb4-4ed9-aa04-c6fca4338654:group-909B5E129076 ConfigurationManager, init=-1: [c6dcb17e-1bb4-4ed9-aa04-c6fca4338654:192.168.46.62:38949, 7fd70fa4-9832-4670-bdcb-c3bbf385cbc7:192.168.46.62:40741, 9c4c8826-f4e3-4143-aedc-b7c873dfe072:192.168.46.62:36247], old=null, confs=<EMPTY_MAP>
2019-06-14 00:43:59,171 INFO  server.RaftServerConfigKeys (ConfUtils.java:logGet(43)) - raft.server.storage.dir = [/opt/src/hadoop-ozone/integration-test/target/test-dir/MiniOzoneClusterImpl-705e936e-8192-4db7-ae5d-93542663a72d/datanode-4/data/ratis] (custom)
2019-06-14 00:43:59,172 INFO  storage.RaftStorageDirectory (RaftStorageDirectory.java:tryLock(328)) - Lock on /opt/src/hadoop-ozone/integration-test/target/test-dir/MiniOzoneClusterImpl-705e936e-8192-4db7-ae5d-93542663a72d/datanode-3/data/ratis/81fef9ed-6631-48b4-b2fa-909b5e129076/in_use.lock acquired by nodename 17697@ozone-csdnw-1345654644
2019-06-14 00:43:59,172 INFO  storage.RaftStorageDirectory (RaftStorageDirectory.java:analyzeStorage(246)) - The storage directory /opt/src/hadoop-ozone/integration-test/target/test-dir/MiniOzoneClusterImpl-705e936e-8192-4db7-ae5d-93542663a72d/datanode-4/data/ratis/81fef9ed-6631-48b4-b2fa-909b5e129076 does not exist. Creating ...
2019-06-14 00:43:59,173 INFO  storage.RaftStorageDirectory (RaftStorageDirectory.java:tryLock(328)) - Lock on /opt/src/hadoop-ozone/integration-test/target/test-dir/MiniOzoneClusterImpl-705e936e-8192-4db7-ae5d-93542663a72d/datanode-5/data/ratis/81fef9ed-6631-48b4-b2fa-909b5e129076/in_use.lock acquired by nodename 17697@ozone-csdnw-1345654644
2019-06-14 00:43:59,173 INFO  storage.RaftStorage (RaftStorage.java:format(75)) - Storage directory /opt/src/hadoop-ozone/integration-test/target/test-dir/MiniOzoneClusterImpl-705e936e-8192-4db7-ae5d-93542663a72d/datanode-3/data/ratis/81fef9ed-6631-48b4-b2fa-909b5e129076 has been successfully formatted.
2019-06-14 00:43:59,174 INFO  ratis.ContainerStateMachine (ContainerStateMachine.java:loadSnapshot(199)) - The snapshot info is null.Setting the last applied index to:(t:0, i:~)
2019-06-14 00:43:59,174 INFO  server.RaftServerConfigKeys (ConfUtils.java:logGet(43)) - raft.server.leader.election.timeout = 120s (custom)
2019-06-14 00:43:59,174 INFO  server.RaftServerConfigKeys (ConfUtils.java:logGet(43)) - raft.server.log.use.memory = false (default)
2019-06-14 00:43:59,174 INFO  server.RaftServerConfigKeys (ConfUtils.java:logGet(43)) - raft.server.log.appender.buffer.byte-limit = 33554432 (custom)
2019-06-14 00:43:59,174 INFO  server.RaftServerConfigKeys (ConfUtils.java:logGet(43)) - raft.server.log.segment.size.max = 16384 (custom)
2019-06-14 00:43:59,174 INFO  server.RaftServerConfigKeys (ConfUtils.java:logGet(43)) - raft.server.log.segment.cache.num.max = 2 (custom)
2019-06-14 00:43:59,174 INFO  storage.RaftLogWorker (RaftLogWorker.java:<init>(123)) - new 7fd70fa4-9832-4670-bdcb-c3bbf385cbc7-RaftLogWorker for Storage Directory /opt/src/hadoop-ozone/integration-test/target/test-dir/MiniOzoneClusterImpl-705e936e-8192-4db7-ae5d-93542663a72d/datanode-3/data/ratis/81fef9ed-6631-48b4-b2fa-909b5e129076
2019-06-14 00:43:59,174 INFO  server.RaftServerConfigKeys (ConfUtils.java:logGet(43)) - raft.server.log.queue.byte-limit = 2147483647 (custom)
2019-06-14 00:43:59,174 INFO  server.RaftServerConfigKeys (ConfUtils.java:logGet(43)) - raft.server.log.queue.element-limit = 1024 (custom)
2019-06-14 00:43:59,175 INFO  server.RaftServerConfigKeys (ConfUtils.java:logGet(43)) - raft.server.log.segment.size.max = 16384 (custom)
2019-06-14 00:43:59,175 INFO  server.RaftServerConfigKeys (ConfUtils.java:logGet(43)) - raft.server.log.preallocated.size = 16384 (custom)
2019-06-14 00:43:59,175 INFO  server.RaftServerConfigKeys (ConfUtils.java:logGet(43)) - raft.server.log.write.buffer.size = 33554432 (custom)
2019-06-14 00:43:59,175 INFO  server.RaftServerConfigKeys (ConfUtils.java:logGet(43)) - raft.server.log.force.sync.num = 128 (default)
2019-06-14 00:43:59,175 INFO  server.RaftServerConfigKeys (ConfUtils.java:logGet(43)) - raft.server.log.statemachine.data.sync = true (default)
2019-06-14 00:43:59,175 INFO  server.RaftServerConfigKeys (ConfUtils.java:logGet(43)) - raft.server.log.statemachine.data.sync.timeout = 10s (default)
2019-06-14 00:43:59,175 INFO  server.RaftServerConfigKeys (ConfUtils.java:logGet(43)) - raft.server.log.statemachine.data.sync.timeout.retry = -1 (default)
2019-06-14 00:43:59,175 INFO  server.RaftServerConfigKeys (ConfUtils.java:logGet(43)) - raft.server.log.statemachine.data.caching.enabled = true (custom)
2019-06-14 00:43:59,175 INFO  storage.RaftStorage (RaftStorage.java:format(75)) - Storage directory /opt/src/hadoop-ozone/integration-test/target/test-dir/MiniOzoneClusterImpl-705e936e-8192-4db7-ae5d-93542663a72d/datanode-5/data/ratis/81fef9ed-6631-48b4-b2fa-909b5e129076 has been successfully formatted.
2019-06-14 00:43:59,173 INFO  storage.RaftStorageDirectory (RaftStorageDirectory.java:tryLock(328)) - Lock on /opt/src/hadoop-ozone/integration-test/target/test-dir/MiniOzoneClusterImpl-705e936e-8192-4db7-ae5d-93542663a72d/datanode-4/data/ratis/81fef9ed-6631-48b4-b2fa-909b5e129076/in_use.lock acquired by nodename 17697@ozone-csdnw-1345654644
2019-06-14 00:43:59,176 INFO  ratis.ContainerStateMachine (ContainerStateMachine.java:loadSnapshot(199)) - The snapshot info is null.Setting the last applied index to:(t:0, i:~)
2019-06-14 00:43:59,176 INFO  server.RaftServerConfigKeys (ConfUtils.java:logGet(43)) - raft.server.leader.election.timeout = 120s (custom)
2019-06-14 00:43:59,176 INFO  server.RaftServerConfigKeys (ConfUtils.java:logGet(43)) - raft.server.log.use.memory = false (default)
2019-06-14 00:43:59,176 INFO  server.RaftServerConfigKeys (ConfUtils.java:logGet(43)) - raft.server.log.appender.buffer.byte-limit = 33554432 (custom)
2019-06-14 00:43:59,176 INFO  server.RaftServerConfigKeys (ConfUtils.java:logGet(43)) - raft.server.log.segment.size.max = 16384 (custom)
2019-06-14 00:43:59,176 INFO  server.RaftServerConfigKeys (ConfUtils.java:logGet(43)) - raft.server.log.segment.cache.num.max = 2 (custom)
2019-06-14 00:43:59,176 INFO  storage.RaftLogWorker (RaftLogWorker.java:<init>(123)) - new 9c4c8826-f4e3-4143-aedc-b7c873dfe072-RaftLogWorker for Storage Directory /opt/src/hadoop-ozone/integration-test/target/test-dir/MiniOzoneClusterImpl-705e936e-8192-4db7-ae5d-93542663a72d/datanode-5/data/ratis/81fef9ed-6631-48b4-b2fa-909b5e129076
2019-06-14 00:43:59,176 INFO  server.RaftServerConfigKeys (ConfUtils.java:logGet(43)) - raft.server.log.queue.byte-limit = 2147483647 (custom)
2019-06-14 00:43:59,176 INFO  server.RaftServerConfigKeys (ConfUtils.java:logGet(43)) - raft.server.log.queue.element-limit = 1024 (custom)
2019-06-14 00:43:59,176 INFO  server.RaftServerConfigKeys (ConfUtils.java:logGet(43)) - raft.server.log.segment.size.max = 16384 (custom)
2019-06-14 00:43:59,175 INFO  server.RaftServerConfigKeys (ConfUtils.java:logGet(43)) - raft.server.snapshot.auto.trigger.enabled = true (custom)
2019-06-14 00:43:59,176 INFO  server.RaftServerConfigKeys (ConfUtils.java:logGet(43)) - raft.server.log.preallocated.size = 16384 (custom)
2019-06-14 00:43:59,176 INFO  server.RaftServerConfigKeys (ConfUtils.java:logGet(43)) - raft.server.snapshot.auto.trigger.threshold = 10000 (custom)
2019-06-14 00:43:59,176 INFO  server.RaftServerConfigKeys (ConfUtils.java:logGet(43)) - raft.server.log.write.buffer.size = 33554432 (custom)
2019-06-14 00:43:59,177 INFO  server.RaftServerConfigKeys (ConfUtils.java:logGet(43)) - raft.server.retrycache.expirytime = 600000ms (custom)
2019-06-14 00:43:59,177 INFO  server.RaftServerConfigKeys (ConfUtils.java:logGet(43)) - raft.server.log.force.sync.num = 128 (default)
2019-06-14 00:43:59,177 INFO  impl.RaftServerImpl (RaftServerImpl.java:start(173)) - 7fd70fa4-9832-4670-bdcb-c3bbf385cbc7: start group-909B5E129076
2019-06-14 00:43:59,177 INFO  server.RaftServerConfigKeys (ConfUtils.java:logGet(43)) - raft.server.log.statemachine.data.sync = true (default)
2019-06-14 00:43:59,177 INFO  impl.RaftServerImpl (RaftServerImpl.java:setRole(164)) - 7fd70fa4-9832-4670-bdcb-c3bbf385cbc7:group-909B5E129076 changes role from null to FOLLOWER at term 0 for startAsFollower
2019-06-14 00:43:59,177 INFO  server.RaftServerConfigKeys (ConfUtils.java:logGet(43)) - raft.server.log.statemachine.data.sync.timeout = 10s (default)
2019-06-14 00:43:59,177 INFO  server.RaftServerConfigKeys (ConfUtils.java:logGet(43)) - raft.server.log.statemachine.data.sync.timeout.retry = -1 (default)
2019-06-14 00:43:59,177 INFO  impl.RoleInfo (RoleInfo.java:updateAndGet(143)) - 7fd70fa4-9832-4670-bdcb-c3bbf385cbc7: start FollowerState
2019-06-14 00:43:59,177 INFO  storage.RaftStorage (RaftStorage.java:format(75)) - Storage directory /opt/src/hadoop-ozone/integration-test/target/test-dir/MiniOzoneClusterImpl-705e936e-8192-4db7-ae5d-93542663a72d/datanode-4/data/ratis/81fef9ed-6631-48b4-b2fa-909b5e129076 has been successfully formatted.
2019-06-14 00:43:59,177 INFO  server.RaftServerConfigKeys (ConfUtils.java:logGet(43)) - raft.server.log.statemachine.data.caching.enabled = true (custom)
2019-06-14 00:43:59,177 INFO  util.JmxRegister (JmxRegister.java:tryRegister(44)) - Successfully registered JMX Bean with object name Ratis:service=RaftServer,group=group-909B5E129076,id=7fd70fa4-9832-4670-bdcb-c3bbf385cbc7
2019-06-14 00:43:59,178 INFO  ratis.ContainerStateMachine (ContainerStateMachine.java:loadSnapshot(199)) - The snapshot info is null.Setting the last applied index to:(t:0, i:~)
2019-06-14 00:43:59,178 INFO  server.RaftServerConfigKeys (ConfUtils.java:logGet(43)) - raft.server.leader.election.timeout = 120s (custom)
2019-06-14 00:43:59,178 INFO  server.RaftServerConfigKeys (ConfUtils.java:logGet(43)) - raft.server.log.use.memory = false (default)
2019-06-14 00:43:59,178 INFO  server.RaftServerConfigKeys (ConfUtils.java:logGet(43)) - raft.server.log.appender.buffer.byte-limit = 33554432 (custom)
2019-06-14 00:43:59,178 INFO  server.RaftServerConfigKeys (ConfUtils.java:logGet(43)) - raft.server.log.segment.size.max = 16384 (custom)
2019-06-14 00:43:59,178 INFO  server.RaftServerConfigKeys (ConfUtils.java:logGet(43)) - raft.server.snapshot.auto.trigger.enabled = true (custom)
2019-06-14 00:43:59,178 INFO  server.RaftServerConfigKeys (ConfUtils.java:logGet(43)) - raft.server.snapshot.auto.trigger.threshold = 10000 (custom)
2019-06-14 00:43:59,179 INFO  server.RaftServerConfigKeys (ConfUtils.java:logGet(43)) - raft.server.retrycache.expirytime = 600000ms (custom)
2019-06-14 00:43:59,179 INFO  impl.RaftServerImpl (RaftServerImpl.java:start(173)) - 9c4c8826-f4e3-4143-aedc-b7c873dfe072: start group-909B5E129076
2019-06-14 00:43:59,179 INFO  impl.RaftServerImpl (RaftServerImpl.java:setRole(164)) - 9c4c8826-f4e3-4143-aedc-b7c873dfe072:group-909B5E129076 changes role from null to FOLLOWER at term 0 for startAsFollower
2019-06-14 00:43:59,179 INFO  impl.RoleInfo (RoleInfo.java:updateAndGet(143)) - 9c4c8826-f4e3-4143-aedc-b7c873dfe072: start FollowerState
2019-06-14 00:43:59,179 INFO  util.JmxRegister (JmxRegister.java:tryRegister(44)) - Successfully registered JMX Bean with object name Ratis:service=RaftServer,group=group-909B5E129076,id=9c4c8826-f4e3-4143-aedc-b7c873dfe072
2019-06-14 00:43:59,178 INFO  server.RaftServerConfigKeys (ConfUtils.java:logGet(43)) - raft.server.log.segment.cache.num.max = 2 (custom)
2019-06-14 00:43:59,181 INFO  storage.RaftLogWorker (RaftLogWorker.java:<init>(123)) - new c6dcb17e-1bb4-4ed9-aa04-c6fca4338654-RaftLogWorker for Storage Directory /opt/src/hadoop-ozone/integration-test/target/test-dir/MiniOzoneClusterImpl-705e936e-8192-4db7-ae5d-93542663a72d/datanode-4/data/ratis/81fef9ed-6631-48b4-b2fa-909b5e129076
2019-06-14 00:43:59,182 INFO  server.RaftServerConfigKeys (ConfUtils.java:logGet(43)) - raft.server.log.queue.byte-limit = 2147483647 (custom)
2019-06-14 00:43:59,182 INFO  server.RaftServerConfigKeys (ConfUtils.java:logGet(43)) - raft.server.log.queue.element-limit = 1024 (custom)
2019-06-14 00:43:59,182 INFO  server.RaftServerConfigKeys (ConfUtils.java:logGet(43)) - raft.server.log.segment.size.max = 16384 (custom)
2019-06-14 00:43:59,182 INFO  server.RaftServerConfigKeys (ConfUtils.java:logGet(43)) - raft.server.log.preallocated.size = 16384 (custom)
2019-06-14 00:43:59,182 INFO  server.RaftServerConfigKeys (ConfUtils.java:logGet(43)) - raft.server.log.write.buffer.size = 33554432 (custom)
2019-06-14 00:43:59,182 INFO  server.RaftServerConfigKeys (ConfUtils.java:logGet(43)) - raft.server.log.force.sync.num = 128 (default)
2019-06-14 00:43:59,182 INFO  server.RaftServerConfigKeys (ConfUtils.java:logGet(43)) - raft.server.log.statemachine.data.sync = true (default)
2019-06-14 00:43:59,182 INFO  server.RaftServerConfigKeys (ConfUtils.java:logGet(43)) - raft.server.log.statemachine.data.sync.timeout = 10s (default)
2019-06-14 00:43:59,182 INFO  server.RaftServerConfigKeys (ConfUtils.java:logGet(43)) - raft.server.log.statemachine.data.sync.timeout.retry = -1 (default)
2019-06-14 00:43:59,182 INFO  server.RaftServerConfigKeys (ConfUtils.java:logGet(43)) - raft.server.log.statemachine.data.caching.enabled = true (custom)
2019-06-14 00:43:59,182 INFO  server.RaftServerConfigKeys (ConfUtils.java:logGet(43)) - raft.server.snapshot.auto.trigger.enabled = true (custom)
2019-06-14 00:43:59,183 INFO  server.RaftServerConfigKeys (ConfUtils.java:logGet(43)) - raft.server.snapshot.auto.trigger.threshold = 10000 (custom)
2019-06-14 00:43:59,183 INFO  server.RaftServerConfigKeys (ConfUtils.java:logGet(43)) - raft.server.retrycache.expirytime = 600000ms (custom)
2019-06-14 00:43:59,183 INFO  impl.RaftServerImpl (RaftServerImpl.java:start(173)) - c6dcb17e-1bb4-4ed9-aa04-c6fca4338654: start group-909B5E129076
2019-06-14 00:43:59,183 INFO  impl.RaftServerImpl (RaftServerImpl.java:setRole(164)) - c6dcb17e-1bb4-4ed9-aa04-c6fca4338654:group-909B5E129076 changes role from null to FOLLOWER at term 0 for startAsFollower
2019-06-14 00:43:59,183 INFO  impl.RoleInfo (RoleInfo.java:updateAndGet(143)) - c6dcb17e-1bb4-4ed9-aa04-c6fca4338654: start FollowerState
2019-06-14 00:43:59,183 INFO  util.JmxRegister (JmxRegister.java:tryRegister(44)) - Successfully registered JMX Bean with object name Ratis:service=RaftServer,group=group-909B5E129076,id=c6dcb17e-1bb4-4ed9-aa04-c6fca4338654
2019-06-14 00:43:59,184 INFO  pipeline.PipelineStateManager (PipelineStateManager.java:addPipeline(56)) - Created pipeline Pipeline[ Id: 81fef9ed-6631-48b4-b2fa-909b5e129076, Nodes: c6dcb17e-1bb4-4ed9-aa04-c6fca4338654{ip: 192.168.46.62, host: ozone-csdnw-1345654644, networkLocation: /default-rack, certSerialId: null}7fd70fa4-9832-4670-bdcb-c3bbf385cbc7{ip: 192.168.46.62, host: ozone-csdnw-1345654644, networkLocation: /default-rack, certSerialId: null}9c4c8826-f4e3-4143-aedc-b7c873dfe072{ip: 192.168.46.62, host: ozone-csdnw-1345654644, networkLocation: /default-rack, certSerialId: null}, Type:RATIS, Factor:THREE, State:OPEN]
2019-06-14 00:43:59,382 INFO  impl.FollowerState (FollowerState.java:run(101)) - abc44974-d782-4732-ab16-5d42f2b3f597:group-DDC503BD1D2E changes to CANDIDATE, lastRpcTime:1010, electionTimeout:1010ms
2019-06-14 00:43:59,382 INFO  impl.RoleInfo (RoleInfo.java:shutdownFollowerState(121)) - abc44974-d782-4732-ab16-5d42f2b3f597: shutdown FollowerState
2019-06-14 00:43:59,382 INFO  impl.RaftServerImpl (RaftServerImpl.java:setRole(164)) - abc44974-d782-4732-ab16-5d42f2b3f597:group-DDC503BD1D2E changes role from FOLLOWER to CANDIDATE at term 0 for changeToCandidate
2019-06-14 00:43:59,382 INFO  impl.RoleInfo (RoleInfo.java:updateAndGet(143)) - abc44974-d782-4732-ab16-5d42f2b3f597: start LeaderElection
2019-06-14 00:43:59,388 INFO  impl.LeaderElection (LeaderElection.java:askForVotes(181)) - abc44974-d782-4732-ab16-5d42f2b3f597:group-DDC503BD1D2E:LeaderElection57: begin an election at term 1 for -1: [abc44974-d782-4732-ab16-5d42f2b3f597:192.168.46.62:44753], old=null
2019-06-14 00:43:59,388 INFO  impl.RoleInfo (RoleInfo.java:shutdownLeaderElection(134)) - abc44974-d782-4732-ab16-5d42f2b3f597: shutdown LeaderElection
2019-06-14 00:43:59,388 INFO  impl.RaftServerImpl (RaftServerImpl.java:setRole(164)) - abc44974-d782-4732-ab16-5d42f2b3f597:group-DDC503BD1D2E changes role from CANDIDATE to LEADER at term 1 for changeToLeader
2019-06-14 00:43:59,388 INFO  impl.RaftServerImpl (ServerState.java:setLeader(263)) - abc44974-d782-4732-ab16-5d42f2b3f597:group-DDC503BD1D2E change Leader from null to abc44974-d782-4732-ab16-5d42f2b3f597 at term 1 for becomeLeader, leader elected after 1018ms
2019-06-14 00:43:59,388 INFO  server.RaftServerConfigKeys (ConfUtils.java:logGet(43)) - raft.server.staging.catchup.gap = 1000 (default)
2019-06-14 00:43:59,388 INFO  server.RaftServerConfigKeys (ConfUtils.java:logGet(43)) - raft.server.rpc.sleep.time = 25ms (default)
2019-06-14 00:43:59,389 INFO  server.RaftServerConfigKeys (ConfUtils.java:logGet(43)) - raft.server.watch.timeout = 10s (default)
2019-06-14 00:43:59,389 INFO  server.RaftServerConfigKeys (ConfUtils.java:logGet(43)) - raft.server.watch.timeout.denomination = 1s (default)
2019-06-14 00:43:59,389 INFO  impl.RoleInfo (RoleInfo.java:updateAndGet(143)) - abc44974-d782-4732-ab16-5d42f2b3f597: start LeaderState
2019-06-14 00:43:59,389 INFO  storage.RaftLogWorker (RaftLogWorker.java:startLogSegment(298)) - abc44974-d782-4732-ab16-5d42f2b3f597-RaftLogWorker: Starting segment from index:0
2019-06-14 00:43:59,389 INFO  impl.RaftServerImpl (ServerState.java:setRaftConf(361)) - abc44974-d782-4732-ab16-5d42f2b3f597:group-DDC503BD1D2E set configuration 0: [abc44974-d782-4732-ab16-5d42f2b3f597:192.168.46.62:44753], old=null at 0
2019-06-14 00:43:59,425 INFO  storage.RaftLogWorker (RaftLogWorker.java:execute(469)) - abc44974-d782-4732-ab16-5d42f2b3f597-RaftLogWorker: created new log segment /opt/src/hadoop-ozone/integration-test/target/test-dir/MiniOzoneClusterImpl-705e936e-8192-4db7-ae5d-93542663a72d/datanode-0/data/ratis/00101156-5a31-41d2-bd11-ddc503bd1d2e/current/log_inprogress_0
2019-06-14 00:43:59,528 INFO  impl.FollowerState (FollowerState.java:run(101)) - 24c56207-646a-40ee-9f83-2124ea0a39a1:group-73D5CBDDAD39 changes to CANDIDATE, lastRpcTime:1014, electionTimeout:1014ms
2019-06-14 00:43:59,528 INFO  impl.RoleInfo (RoleInfo.java:shutdownFollowerState(121)) - 24c56207-646a-40ee-9f83-2124ea0a39a1: shutdown FollowerState
2019-06-14 00:43:59,528 INFO  impl.RaftServerImpl (RaftServerImpl.java:setRole(164)) - 24c56207-646a-40ee-9f83-2124ea0a39a1:group-73D5CBDDAD39 changes role from FOLLOWER to CANDIDATE at term 0 for changeToCandidate
2019-06-14 00:43:59,528 INFO  impl.RoleInfo (RoleInfo.java:updateAndGet(143)) - 24c56207-646a-40ee-9f83-2124ea0a39a1: start LeaderElection
2019-06-14 00:43:59,534 INFO  impl.LeaderElection (LeaderElection.java:askForVotes(181)) - 24c56207-646a-40ee-9f83-2124ea0a39a1:group-73D5CBDDAD39:LeaderElection58: begin an election at term 1 for -1: [24c56207-646a-40ee-9f83-2124ea0a39a1:192.168.46.62:34251], old=null
2019-06-14 00:43:59,534 INFO  impl.RoleInfo (RoleInfo.java:shutdownLeaderElection(134)) - 24c56207-646a-40ee-9f83-2124ea0a39a1: shutdown LeaderElection
2019-06-14 00:43:59,534 INFO  impl.RaftServerImpl (RaftServerImpl.java:setRole(164)) - 24c56207-646a-40ee-9f83-2124ea0a39a1:group-73D5CBDDAD39 changes role from CANDIDATE to LEADER at term 1 for changeToLeader
2019-06-14 00:43:59,534 INFO  impl.RaftServerImpl (ServerState.java:setLeader(263)) - 24c56207-646a-40ee-9f83-2124ea0a39a1:group-73D5CBDDAD39 change Leader from null to 24c56207-646a-40ee-9f83-2124ea0a39a1 at term 1 for becomeLeader, leader elected after 1022ms
2019-06-14 00:43:59,534 INFO  server.RaftServerConfigKeys (ConfUtils.java:logGet(43)) - raft.server.staging.catchup.gap = 1000 (default)
2019-06-14 00:43:59,535 INFO  server.RaftServerConfigKeys (ConfUtils.java:logGet(43)) - raft.server.rpc.sleep.time = 25ms (default)
2019-06-14 00:43:59,535 INFO  server.RaftServerConfigKeys (ConfUtils.java:logGet(43)) - raft.server.watch.timeout = 10s (default)
2019-06-14 00:43:59,535 INFO  server.RaftServerConfigKeys (ConfUtils.java:logGet(43)) - raft.server.watch.timeout.denomination = 1s (default)
2019-06-14 00:43:59,535 INFO  impl.RoleInfo (RoleInfo.java:updateAndGet(143)) - 24c56207-646a-40ee-9f83-2124ea0a39a1: start LeaderState
2019-06-14 00:43:59,535 INFO  storage.RaftLogWorker (RaftLogWorker.java:startLogSegment(298)) - 24c56207-646a-40ee-9f83-2124ea0a39a1-RaftLogWorker: Starting segment from index:0
2019-06-14 00:43:59,535 INFO  impl.RaftServerImpl (ServerState.java:setRaftConf(361)) - 24c56207-646a-40ee-9f83-2124ea0a39a1:group-73D5CBDDAD39 set configuration 0: [24c56207-646a-40ee-9f83-2124ea0a39a1:192.168.46.62:34251], old=null at 0
2019-06-14 00:43:59,570 INFO  storage.RaftLogWorker (RaftLogWorker.java:execute(469)) - 24c56207-646a-40ee-9f83-2124ea0a39a1-RaftLogWorker: created new log segment /opt/src/hadoop-ozone/integration-test/target/test-dir/MiniOzoneClusterImpl-705e936e-8192-4db7-ae5d-93542663a72d/datanode-1/data/ratis/20922f29-54ab-4f69-a34c-73d5cbddad39/current/log_inprogress_0
2019-06-14 00:43:59,791 INFO  impl.FollowerState (FollowerState.java:run(101)) - abc44974-d782-4732-ab16-5d42f2b3f597:group-C35E1803A7B5 changes to CANDIDATE, lastRpcTime:1020, electionTimeout:1020ms
2019-06-14 00:43:59,791 INFO  impl.RoleInfo (RoleInfo.java:shutdownFollowerState(121)) - abc44974-d782-4732-ab16-5d42f2b3f597: shutdown FollowerState
2019-06-14 00:43:59,791 INFO  impl.RaftServerImpl (RaftServerImpl.java:setRole(164)) - abc44974-d782-4732-ab16-5d42f2b3f597:group-C35E1803A7B5 changes role from FOLLOWER to CANDIDATE at term 0 for changeToCandidate
2019-06-14 00:43:59,791 INFO  impl.RoleInfo (RoleInfo.java:updateAndGet(143)) - abc44974-d782-4732-ab16-5d42f2b3f597: start LeaderElection
2019-06-14 00:43:59,797 INFO  impl.LeaderElection (LeaderElection.java:askForVotes(181)) - abc44974-d782-4732-ab16-5d42f2b3f597:group-C35E1803A7B5:LeaderElection59: begin an election at term 1 for -1: [24c56207-646a-40ee-9f83-2124ea0a39a1:192.168.46.62:34251, abc44974-d782-4732-ab16-5d42f2b3f597:192.168.46.62:44753, b8e61050-64aa-4c23-9ba4-a757cf131562:192.168.46.62:45163], old=null
2019-06-14 00:43:59,802 INFO  impl.RaftServerImpl (RaftServerImpl.java:setRole(164)) - b8e61050-64aa-4c23-9ba4-a757cf131562:group-C35E1803A7B5 changes role from FOLLOWER to FOLLOWER at term 1 for recognizeCandidate:abc44974-d782-4732-ab16-5d42f2b3f597
2019-06-14 00:43:59,802 INFO  impl.RoleInfo (RoleInfo.java:shutdownFollowerState(121)) - b8e61050-64aa-4c23-9ba4-a757cf131562: shutdown FollowerState
2019-06-14 00:43:59,803 INFO  impl.RoleInfo (RoleInfo.java:updateAndGet(143)) - b8e61050-64aa-4c23-9ba4-a757cf131562: start FollowerState
2019-06-14 00:43:59,805 INFO  impl.RaftServerImpl (RaftServerImpl.java:setRole(164)) - 24c56207-646a-40ee-9f83-2124ea0a39a1:group-C35E1803A7B5 changes role from FOLLOWER to FOLLOWER at term 1 for recognizeCandidate:abc44974-d782-4732-ab16-5d42f2b3f597
2019-06-14 00:43:59,805 INFO  impl.RoleInfo (RoleInfo.java:shutdownFollowerState(121)) - 24c56207-646a-40ee-9f83-2124ea0a39a1: shutdown FollowerState
2019-06-14 00:43:59,805 INFO  impl.RoleInfo (RoleInfo.java:updateAndGet(143)) - 24c56207-646a-40ee-9f83-2124ea0a39a1: start FollowerState
2019-06-14 00:43:59,805 INFO  impl.FollowerState (FollowerState.java:run(109)) - 24c56207-646a-40ee-9f83-2124ea0a39a1: FollowerState was interrupted: java.lang.InterruptedException: sleep interrupted
2019-06-14 00:43:59,806 INFO  impl.LeaderElection (LeaderElection.java:logAndReturn(56)) - abc44974-d782-4732-ab16-5d42f2b3f597:group-C35E1803A7B5:LeaderElection59: Election PASSED; received 1 response(s) [abc44974-d782-4732-ab16-5d42f2b3f597->b8e61050-64aa-4c23-9ba4-a757cf131562,true-t1] and 0 exception(s); abc44974-d782-4732-ab16-5d42f2b3f597:t1, leader=null, voted=abc44974-d782-4732-ab16-5d42f2b3f597, raftlog=abc44974-d782-4732-ab16-5d42f2b3f597-SegmentedRaftLog:OPENED:c-1,f-1,i0, conf=-1: [24c56207-646a-40ee-9f83-2124ea0a39a1:192.168.46.62:34251, abc44974-d782-4732-ab16-5d42f2b3f597:192.168.46.62:44753, b8e61050-64aa-4c23-9ba4-a757cf131562:192.168.46.62:45163], old=null
2019-06-14 00:43:59,806 INFO  impl.RoleInfo (RoleInfo.java:shutdownLeaderElection(134)) - abc44974-d782-4732-ab16-5d42f2b3f597: shutdown LeaderElection
2019-06-14 00:43:59,806 INFO  impl.RaftServerImpl (RaftServerImpl.java:setRole(164)) - abc44974-d782-4732-ab16-5d42f2b3f597:group-C35E1803A7B5 changes role from CANDIDATE to LEADER at term 1 for changeToLeader
2019-06-14 00:43:59,806 INFO  impl.RaftServerImpl (ServerState.java:setLeader(263)) - abc44974-d782-4732-ab16-5d42f2b3f597:group-C35E1803A7B5 change Leader from null to abc44974-d782-4732-ab16-5d42f2b3f597 at term 1 for becomeLeader, leader elected after 1039ms
2019-06-14 00:43:59,806 INFO  server.RaftServerConfigKeys (ConfUtils.java:logGet(43)) - raft.server.staging.catchup.gap = 1000 (default)
2019-06-14 00:43:59,806 INFO  server.RaftServerConfigKeys (ConfUtils.java:logGet(43)) - raft.server.rpc.sleep.time = 25ms (default)
2019-06-14 00:43:59,806 INFO  server.RaftServerConfigKeys (ConfUtils.java:logGet(43)) - raft.server.watch.timeout = 10s (default)
2019-06-14 00:43:59,806 INFO  server.RaftServerConfigKeys (ConfUtils.java:logGet(43)) - raft.server.watch.timeout.denomination = 1s (default)
2019-06-14 00:43:59,806 INFO  server.RaftServerConfigKeys (ConfUtils.java:logGet(43)) - raft.server.log.appender.snapshot.chunk.size.max = 16MB (=16777216) (default)
2019-06-14 00:43:59,806 INFO  server.RaftServerConfigKeys (ConfUtils.java:logGet(43)) - raft.server.log.appender.buffer.byte-limit = 33554432 (custom)
2019-06-14 00:43:59,807 INFO  server.RaftServerConfigKeys (ConfUtils.java:logGet(43)) - raft.server.log.appender.buffer.element-limit = 1 (custom)
2019-06-14 00:43:59,807 INFO  grpc.GrpcConfigKeys$Server (ConfUtils.java:logGet(43)) - raft.grpc.server.leader.outstanding.appends.max = 128 (default)
2019-06-14 00:43:59,807 INFO  server.RaftServerConfigKeys (ConfUtils.java:logGet(43)) - raft.server.rpc.request.timeout = 3000ms (default)
2019-06-14 00:43:59,807 INFO  server.RaftServerConfigKeys (ConfUtils.java:logGet(43)) - raft.server.log.appender.install.snapshot.enabled = true (default)
2019-06-14 00:43:59,807 INFO  server.RaftServerConfigKeys (ConfUtils.java:logGet(43)) - raft.server.log.appender.snapshot.chunk.size.max = 16MB (=16777216) (default)
2019-06-14 00:43:59,807 INFO  server.RaftServerConfigKeys (ConfUtils.java:logGet(43)) - raft.server.log.appender.buffer.byte-limit = 33554432 (custom)
2019-06-14 00:43:59,807 INFO  server.RaftServerConfigKeys (ConfUtils.java:logGet(43)) - raft.server.log.appender.buffer.element-limit = 1 (custom)
2019-06-14 00:43:59,807 INFO  grpc.GrpcConfigKeys$Server (ConfUtils.java:logGet(43)) - raft.grpc.server.leader.outstanding.appends.max = 128 (default)
2019-06-14 00:43:59,807 INFO  server.RaftServerConfigKeys (ConfUtils.java:logGet(43)) - raft.server.rpc.request.timeout = 3000ms (default)
2019-06-14 00:43:59,808 INFO  server.RaftServerConfigKeys (ConfUtils.java:logGet(43)) - raft.server.log.appender.install.snapshot.enabled = true (default)
2019-06-14 00:43:59,808 INFO  impl.RoleInfo (RoleInfo.java:updateAndGet(143)) - abc44974-d782-4732-ab16-5d42f2b3f597: start LeaderState
2019-06-14 00:43:59,808 INFO  storage.RaftLogWorker (RaftLogWorker.java:startLogSegment(298)) - abc44974-d782-4732-ab16-5d42f2b3f597-RaftLogWorker: Starting segment from index:0
2019-06-14 00:43:59,827 INFO  impl.RaftServerImpl (ServerState.java:setLeader(263)) - 24c56207-646a-40ee-9f83-2124ea0a39a1:group-C35E1803A7B5 change Leader from null to abc44974-d782-4732-ab16-5d42f2b3f597 at term 1 for appendEntries, leader elected after 1063ms
2019-06-14 00:43:59,849 INFO  impl.RaftServerImpl (ServerState.java:setRaftConf(361)) - abc44974-d782-4732-ab16-5d42f2b3f597:group-C35E1803A7B5 set configuration 0: [24c56207-646a-40ee-9f83-2124ea0a39a1:192.168.46.62:34251, abc44974-d782-4732-ab16-5d42f2b3f597:192.168.46.62:44753, b8e61050-64aa-4c23-9ba4-a757cf131562:192.168.46.62:45163], old=null at 0
2019-06-14 00:43:59,849 INFO  impl.FollowerState (FollowerState.java:run(101)) - b8e61050-64aa-4c23-9ba4-a757cf131562:group-B520C5ABC3B2 changes to CANDIDATE, lastRpcTime:1131, electionTimeout:1131ms
2019-06-14 00:43:59,849 INFO  impl.RoleInfo (RoleInfo.java:shutdownFollowerState(121)) - b8e61050-64aa-4c23-9ba4-a757cf131562: shutdown FollowerState
2019-06-14 00:43:59,850 INFO  impl.RaftServerImpl (RaftServerImpl.java:setRole(164)) - b8e61050-64aa-4c23-9ba4-a757cf131562:group-B520C5ABC3B2 changes role from FOLLOWER to CANDIDATE at term 0 for changeToCandidate
2019-06-14 00:43:59,850 INFO  impl.RoleInfo (RoleInfo.java:updateAndGet(143)) - b8e61050-64aa-4c23-9ba4-a757cf131562: start LeaderElection
2019-06-14 00:43:59,850 INFO  impl.RaftServerImpl (ServerState.java:setLeader(263)) - b8e61050-64aa-4c23-9ba4-a757cf131562:group-C35E1803A7B5 change Leader from null to abc44974-d782-4732-ab16-5d42f2b3f597 at term 1 for appendEntries, leader elected after 1081ms
2019-06-14 00:43:59,852 INFO  storage.RaftLogWorker (RaftLogWorker.java:execute(469)) - abc44974-d782-4732-ab16-5d42f2b3f597-RaftLogWorker: created new log segment /opt/src/hadoop-ozone/integration-test/target/test-dir/MiniOzoneClusterImpl-705e936e-8192-4db7-ae5d-93542663a72d/datanode-0/data/ratis/c814483d-4915-4d9e-9290-c35e1803a7b5/current/log_inprogress_0
2019-06-14 00:43:59,854 INFO  impl.RaftServerImpl (ServerState.java:setRaftConf(361)) - 24c56207-646a-40ee-9f83-2124ea0a39a1:group-C35E1803A7B5 set configuration 0: [24c56207-646a-40ee-9f83-2124ea0a39a1:192.168.46.62:34251, abc44974-d782-4732-ab16-5d42f2b3f597:192.168.46.62:44753, b8e61050-64aa-4c23-9ba4-a757cf131562:192.168.46.62:45163], old=null at 0
2019-06-14 00:43:59,854 INFO  storage.RaftLogWorker (RaftLogWorker.java:startLogSegment(298)) - 24c56207-646a-40ee-9f83-2124ea0a39a1-RaftLogWorker: Starting segment from index:0
2019-06-14 00:43:59,855 INFO  impl.LeaderElection (LeaderElection.java:askForVotes(181)) - b8e61050-64aa-4c23-9ba4-a757cf131562:group-B520C5ABC3B2:LeaderElection60: begin an election at term 1 for -1: [b8e61050-64aa-4c23-9ba4-a757cf131562:192.168.46.62:45163], old=null
2019-06-14 00:43:59,855 INFO  impl.RoleInfo (RoleInfo.java:shutdownLeaderElection(134)) - b8e61050-64aa-4c23-9ba4-a757cf131562: shutdown LeaderElection
2019-06-14 00:43:59,855 INFO  impl.RaftServerImpl (RaftServerImpl.java:setRole(164)) - b8e61050-64aa-4c23-9ba4-a757cf131562:group-B520C5ABC3B2 changes role from CANDIDATE to LEADER at term 1 for changeToLeader
2019-06-14 00:43:59,855 INFO  impl.RaftServerImpl (ServerState.java:setLeader(263)) - b8e61050-64aa-4c23-9ba4-a757cf131562:group-B520C5ABC3B2 change Leader from null to b8e61050-64aa-4c23-9ba4-a757cf131562 at term 1 for becomeLeader, leader elected after 1139ms
2019-06-14 00:43:59,856 INFO  server.RaftServerConfigKeys (ConfUtils.java:logGet(43)) - raft.server.staging.catchup.gap = 1000 (default)
2019-06-14 00:43:59,856 INFO  server.RaftServerConfigKeys (ConfUtils.java:logGet(43)) - raft.server.rpc.sleep.time = 25ms (default)
2019-06-14 00:43:59,856 INFO  server.RaftServerConfigKeys (ConfUtils.java:logGet(43)) - raft.server.watch.timeout = 10s (default)
2019-06-14 00:43:59,856 INFO  server.RaftServerConfigKeys (ConfUtils.java:logGet(43)) - raft.server.watch.timeout.denomination = 1s (default)
2019-06-14 00:43:59,856 INFO  impl.RoleInfo (RoleInfo.java:updateAndGet(143)) - b8e61050-64aa-4c23-9ba4-a757cf131562: start LeaderState
2019-06-14 00:43:59,856 INFO  storage.RaftLogWorker (RaftLogWorker.java:startLogSegment(298)) - b8e61050-64aa-4c23-9ba4-a757cf131562-RaftLogWorker: Starting segment from index:0
2019-06-14 00:43:59,856 INFO  impl.RaftServerImpl (ServerState.java:setRaftConf(361)) - b8e61050-64aa-4c23-9ba4-a757cf131562:group-B520C5ABC3B2 set configuration 0: [b8e61050-64aa-4c23-9ba4-a757cf131562:192.168.46.62:45163], old=null at 0
2019-06-14 00:43:59,858 INFO  impl.RaftServerImpl (ServerState.java:setRaftConf(361)) - b8e61050-64aa-4c23-9ba4-a757cf131562:group-C35E1803A7B5 set configuration 0: [24c56207-646a-40ee-9f83-2124ea0a39a1:192.168.46.62:34251, abc44974-d782-4732-ab16-5d42f2b3f597:192.168.46.62:44753, b8e61050-64aa-4c23-9ba4-a757cf131562:192.168.46.62:45163], old=null at 0
2019-06-14 00:43:59,858 INFO  storage.RaftLogWorker (RaftLogWorker.java:startLogSegment(298)) - b8e61050-64aa-4c23-9ba4-a757cf131562-RaftLogWorker: Starting segment from index:0
2019-06-14 00:43:59,896 INFO  storage.RaftLogWorker (RaftLogWorker.java:execute(469)) - b8e61050-64aa-4c23-9ba4-a757cf131562-RaftLogWorker: created new log segment /opt/src/hadoop-ozone/integration-test/target/test-dir/MiniOzoneClusterImpl-705e936e-8192-4db7-ae5d-93542663a72d/datanode-2/data/ratis/c814483d-4915-4d9e-9290-c35e1803a7b5/current/log_inprogress_0
2019-06-14 00:43:59,902 INFO  storage.RaftLogWorker (RaftLogWorker.java:execute(469)) - 24c56207-646a-40ee-9f83-2124ea0a39a1-RaftLogWorker: created new log segment /opt/src/hadoop-ozone/integration-test/target/test-dir/MiniOzoneClusterImpl-705e936e-8192-4db7-ae5d-93542663a72d/datanode-1/data/ratis/c814483d-4915-4d9e-9290-c35e1803a7b5/current/log_inprogress_0
2019-06-14 00:43:59,903 INFO  storage.RaftLogWorker (RaftLogWorker.java:execute(469)) - b8e61050-64aa-4c23-9ba4-a757cf131562-RaftLogWorker: created new log segment /opt/src/hadoop-ozone/integration-test/target/test-dir/MiniOzoneClusterImpl-705e936e-8192-4db7-ae5d-93542663a72d/datanode-2/data/ratis/8001e5b2-18b6-4b0e-a28d-b520c5abc3b2/current/log_inprogress_0
2019-06-14 00:43:59,938 INFO  impl.FollowerState (FollowerState.java:run(101)) - 7fd70fa4-9832-4670-bdcb-c3bbf385cbc7:group-892824C1F83A changes to CANDIDATE, lastRpcTime:1057, electionTimeout:1053ms
2019-06-14 00:43:59,938 INFO  impl.RoleInfo (RoleInfo.java:shutdownFollowerState(121)) - 7fd70fa4-9832-4670-bdcb-c3bbf385cbc7: shutdown FollowerState
2019-06-14 00:43:59,938 INFO  impl.RaftServerImpl (RaftServerImpl.java:setRole(164)) - 7fd70fa4-9832-4670-bdcb-c3bbf385cbc7:group-892824C1F83A changes role from FOLLOWER to CANDIDATE at term 0 for changeToCandidate
2019-06-14 00:43:59,938 INFO  impl.RoleInfo (RoleInfo.java:updateAndGet(143)) - 7fd70fa4-9832-4670-bdcb-c3bbf385cbc7: start LeaderElection
2019-06-14 00:43:59,945 INFO  impl.LeaderElection (LeaderElection.java:askForVotes(181)) - 7fd70fa4-9832-4670-bdcb-c3bbf385cbc7:group-892824C1F83A:LeaderElection61: begin an election at term 1 for -1: [7fd70fa4-9832-4670-bdcb-c3bbf385cbc7:192.168.46.62:40741], old=null
2019-06-14 00:43:59,945 INFO  impl.RoleInfo (RoleInfo.java:shutdownLeaderElection(134)) - 7fd70fa4-9832-4670-bdcb-c3bbf385cbc7: shutdown LeaderElection
2019-06-14 00:43:59,945 INFO  impl.RaftServerImpl (RaftServerImpl.java:setRole(164)) - 7fd70fa4-9832-4670-bdcb-c3bbf385cbc7:group-892824C1F83A changes role from CANDIDATE to LEADER at term 1 for changeToLeader
2019-06-14 00:43:59,945 INFO  impl.RaftServerImpl (ServerState.java:setLeader(263)) - 7fd70fa4-9832-4670-bdcb-c3bbf385cbc7:group-892824C1F83A change Leader from null to 7fd70fa4-9832-4670-bdcb-c3bbf385cbc7 at term 1 for becomeLeader, leader elected after 1065ms
2019-06-14 00:43:59,945 INFO  server.RaftServerConfigKeys (ConfUtils.java:logGet(43)) - raft.server.staging.catchup.gap = 1000 (default)
2019-06-14 00:43:59,945 INFO  server.RaftServerConfigKeys (ConfUtils.java:logGet(43)) - raft.server.rpc.sleep.time = 25ms (default)
2019-06-14 00:43:59,945 INFO  server.RaftServerConfigKeys (ConfUtils.java:logGet(43)) - raft.server.watch.timeout = 10s (default)
2019-06-14 00:43:59,945 INFO  server.RaftServerConfigKeys (ConfUtils.java:logGet(43)) - raft.server.watch.timeout.denomination = 1s (default)
2019-06-14 00:43:59,945 INFO  impl.RoleInfo (RoleInfo.java:updateAndGet(143)) - 7fd70fa4-9832-4670-bdcb-c3bbf385cbc7: start LeaderState
2019-06-14 00:43:59,945 INFO  storage.RaftLogWorker (RaftLogWorker.java:startLogSegment(298)) - 7fd70fa4-9832-4670-bdcb-c3bbf385cbc7-RaftLogWorker: Starting segment from index:0
2019-06-14 00:43:59,946 INFO  impl.RaftServerImpl (ServerState.java:setRaftConf(361)) - 7fd70fa4-9832-4670-bdcb-c3bbf385cbc7:group-892824C1F83A set configuration 0: [7fd70fa4-9832-4670-bdcb-c3bbf385cbc7:192.168.46.62:40741], old=null at 0
2019-06-14 00:43:59,980 INFO  storage.RaftLogWorker (RaftLogWorker.java:execute(469)) - 7fd70fa4-9832-4670-bdcb-c3bbf385cbc7-RaftLogWorker: created new log segment /opt/src/hadoop-ozone/integration-test/target/test-dir/MiniOzoneClusterImpl-705e936e-8192-4db7-ae5d-93542663a72d/datanode-3/data/ratis/dc099631-46fa-4212-89ca-892824c1f83a/current/log_inprogress_0
2019-06-14 00:44:00,105 INFO  impl.FollowerState (FollowerState.java:run(101)) - c6dcb17e-1bb4-4ed9-aa04-c6fca4338654:group-ED9E6D22817B changes to CANDIDATE, lastRpcTime:1083, electionTimeout:1083ms
2019-06-14 00:44:00,105 INFO  impl.RoleInfo (RoleInfo.java:shutdownFollowerState(121)) - c6dcb17e-1bb4-4ed9-aa04-c6fca4338654: shutdown FollowerState
2019-06-14 00:44:00,105 INFO  impl.RaftServerImpl (RaftServerImpl.java:setRole(164)) - c6dcb17e-1bb4-4ed9-aa04-c6fca4338654:group-ED9E6D22817B changes role from FOLLOWER to CANDIDATE at term 0 for changeToCandidate
2019-06-14 00:44:00,105 INFO  impl.RoleInfo (RoleInfo.java:updateAndGet(143)) - c6dcb17e-1bb4-4ed9-aa04-c6fca4338654: start LeaderElection
2019-06-14 00:44:00,111 INFO  impl.LeaderElection (LeaderElection.java:askForVotes(181)) - c6dcb17e-1bb4-4ed9-aa04-c6fca4338654:group-ED9E6D22817B:LeaderElection62: begin an election at term 1 for -1: [c6dcb17e-1bb4-4ed9-aa04-c6fca4338654:192.168.46.62:38949], old=null
2019-06-14 00:44:00,111 INFO  impl.RoleInfo (RoleInfo.java:shutdownLeaderElection(134)) - c6dcb17e-1bb4-4ed9-aa04-c6fca4338654: shutdown LeaderElection
2019-06-14 00:44:00,111 INFO  impl.RaftServerImpl (RaftServerImpl.java:setRole(164)) - c6dcb17e-1bb4-4ed9-aa04-c6fca4338654:group-ED9E6D22817B changes role from CANDIDATE to LEADER at term 1 for changeToLeader
2019-06-14 00:44:00,112 INFO  impl.RaftServerImpl (ServerState.java:setLeader(263)) - c6dcb17e-1bb4-4ed9-aa04-c6fca4338654:group-ED9E6D22817B change Leader from null to c6dcb17e-1bb4-4ed9-aa04-c6fca4338654 at term 1 for becomeLeader, leader elected after 1094ms
2019-06-14 00:44:00,112 INFO  server.RaftServerConfigKeys (ConfUtils.java:logGet(43)) - raft.server.staging.catchup.gap = 1000 (default)
2019-06-14 00:44:00,112 INFO  server.RaftServerConfigKeys (ConfUtils.java:logGet(43)) - raft.server.rpc.sleep.time = 25ms (default)
2019-06-14 00:44:00,112 INFO  server.RaftServerConfigKeys (ConfUtils.java:logGet(43)) - raft.server.watch.timeout = 10s (default)
2019-06-14 00:44:00,112 INFO  server.RaftServerConfigKeys (ConfUtils.java:logGet(43)) - raft.server.watch.timeout.denomination = 1s (default)
2019-06-14 00:44:00,112 INFO  impl.RoleInfo (RoleInfo.java:updateAndGet(143)) - c6dcb17e-1bb4-4ed9-aa04-c6fca4338654: start LeaderState
2019-06-14 00:44:00,112 INFO  storage.RaftLogWorker (RaftLogWorker.java:startLogSegment(298)) - c6dcb17e-1bb4-4ed9-aa04-c6fca4338654-RaftLogWorker: Starting segment from index:0
2019-06-14 00:44:00,112 INFO  impl.RaftServerImpl (ServerState.java:setRaftConf(361)) - c6dcb17e-1bb4-4ed9-aa04-c6fca4338654:group-ED9E6D22817B set configuration 0: [c6dcb17e-1bb4-4ed9-aa04-c6fca4338654:192.168.46.62:38949], old=null at 0
2019-06-14 00:44:00,143 INFO  ozone.MiniOzoneClusterImpl (MiniOzoneClusterImpl.java:lambda$waitForClusterToBeReady$0(142)) - Cluster is ready. Got 6 of 6 DN Heartbeats.
2019-06-14 00:44:00,147 INFO  storage.RaftLogWorker (RaftLogWorker.java:execute(469)) - c6dcb17e-1bb4-4ed9-aa04-c6fca4338654-RaftLogWorker: created new log segment /opt/src/hadoop-ozone/integration-test/target/test-dir/MiniOzoneClusterImpl-705e936e-8192-4db7-ae5d-93542663a72d/datanode-4/data/ratis/3b4c1557-b534-4951-a4d8-ed9e6d22817b/current/log_inprogress_0
2019-06-14 00:44:00,166 INFO  rpc.RpcClient (RpcClient.java:createVolume(289)) - Creating Volume: datanodefailurehandlingtest, with root as owner.
2019-06-14 00:44:00,175 INFO  rpc.RpcClient (RpcClient.java:createBucket(426)) - Creating Bucket: datanodefailurehandlingtest/datanodefailurehandlingtest, with Versioning false and Storage Type set to DISK and Encryption set to false 
2019-06-14 00:44:00,229 INFO  impl.FollowerState (FollowerState.java:run(101)) - 9c4c8826-f4e3-4143-aedc-b7c873dfe072:group-C8D1D30947C7 changes to CANDIDATE, lastRpcTime:1073, electionTimeout:1073ms
2019-06-14 00:44:00,230 INFO  impl.RoleInfo (RoleInfo.java:shutdownFollowerState(121)) - 9c4c8826-f4e3-4143-aedc-b7c873dfe072: shutdown FollowerState
2019-06-14 00:44:00,230 INFO  impl.RaftServerImpl (RaftServerImpl.java:setRole(164)) - 9c4c8826-f4e3-4143-aedc-b7c873dfe072:group-C8D1D30947C7 changes role from FOLLOWER to CANDIDATE at term 0 for changeToCandidate
2019-06-14 00:44:00,230 INFO  impl.RoleInfo (RoleInfo.java:updateAndGet(143)) - 9c4c8826-f4e3-4143-aedc-b7c873dfe072: start LeaderElection
2019-06-14 00:44:00,243 INFO  impl.FollowerState (FollowerState.java:run(101)) - c6dcb17e-1bb4-4ed9-aa04-c6fca4338654:group-909B5E129076 changes to CANDIDATE, lastRpcTime:1059, electionTimeout:1059ms
2019-06-14 00:44:00,243 INFO  impl.RoleInfo (RoleInfo.java:shutdownFollowerState(121)) - c6dcb17e-1bb4-4ed9-aa04-c6fca4338654: shutdown FollowerState
2019-06-14 00:44:00,243 INFO  impl.RaftServerImpl (RaftServerImpl.java:setRole(164)) - c6dcb17e-1bb4-4ed9-aa04-c6fca4338654:group-909B5E129076 changes role from FOLLOWER to CANDIDATE at term 0 for changeToCandidate
2019-06-14 00:44:00,243 INFO  impl.RoleInfo (RoleInfo.java:updateAndGet(143)) - c6dcb17e-1bb4-4ed9-aa04-c6fca4338654: start LeaderElection
2019-06-14 00:44:00,243 INFO  client.GrpcClientProtocolClient (GrpcClientProtocolClient.java:onNext(254)) - client-74E8EF118D83->abc44974-d782-4732-ab16-5d42f2b3f597: receive RaftClientReply:client-74E8EF118D83->abc44974-d782-4732-ab16-5d42f2b3f597@group-C35E1803A7B5, cid=155, SUCCESS, logIndex=1, commits[abc44974-d782-4732-ab16-5d42f2b3f597:c1, 24c56207-646a-40ee-9f83-2124ea0a39a1:c-1, b8e61050-64aa-4c23-9ba4-a757cf131562:c0]
2019-06-14 00:44:00,247 INFO  impl.LeaderElection (LeaderElection.java:askForVotes(181)) - 9c4c8826-f4e3-4143-aedc-b7c873dfe072:group-C8D1D30947C7:LeaderElection63: begin an election at term 1 for -1: [9c4c8826-f4e3-4143-aedc-b7c873dfe072:192.168.46.62:36247], old=null
2019-06-14 00:44:00,248 INFO  impl.RoleInfo (RoleInfo.java:shutdownLeaderElection(134)) - 9c4c8826-f4e3-4143-aedc-b7c873dfe072: shutdown LeaderElection
2019-06-14 00:44:00,248 INFO  impl.RaftServerImpl (RaftServerImpl.java:setRole(164)) - 9c4c8826-f4e3-4143-aedc-b7c873dfe072:group-C8D1D30947C7 changes role from CANDIDATE to LEADER at term 1 for changeToLeader
2019-06-14 00:44:00,249 INFO  impl.RaftServerImpl (ServerState.java:setLeader(263)) - 9c4c8826-f4e3-4143-aedc-b7c873dfe072:group-C8D1D30947C7 change Leader from null to 9c4c8826-f4e3-4143-aedc-b7c873dfe072 at term 1 for becomeLeader, leader elected after 1094ms
2019-06-14 00:44:00,249 INFO  server.RaftServerConfigKeys (ConfUtils.java:logGet(43)) - raft.server.staging.catchup.gap = 1000 (default)
2019-06-14 00:44:00,249 INFO  server.RaftServerConfigKeys (ConfUtils.java:logGet(43)) - raft.server.rpc.sleep.time = 25ms (default)
2019-06-14 00:44:00,249 INFO  server.RaftServerConfigKeys (ConfUtils.java:logGet(43)) - raft.server.watch.timeout = 10s (default)
2019-06-14 00:44:00,249 INFO  server.RaftServerConfigKeys (ConfUtils.java:logGet(43)) - raft.server.watch.timeout.denomination = 1s (default)
2019-06-14 00:44:00,249 INFO  impl.RoleInfo (RoleInfo.java:updateAndGet(143)) - 9c4c8826-f4e3-4143-aedc-b7c873dfe072: start LeaderState
2019-06-14 00:44:00,249 INFO  storage.RaftLogWorker (RaftLogWorker.java:startLogSegment(298)) - 9c4c8826-f4e3-4143-aedc-b7c873dfe072-RaftLogWorker: Starting segment from index:0
2019-06-14 00:44:00,251 INFO  impl.LeaderElection (LeaderElection.java:askForVotes(181)) - c6dcb17e-1bb4-4ed9-aa04-c6fca4338654:group-909B5E129076:LeaderElection64: begin an election at term 1 for -1: [c6dcb17e-1bb4-4ed9-aa04-c6fca4338654:192.168.46.62:38949, 7fd70fa4-9832-4670-bdcb-c3bbf385cbc7:192.168.46.62:40741, 9c4c8826-f4e3-4143-aedc-b7c873dfe072:192.168.46.62:36247], old=null
2019-06-14 00:44:00,253 INFO  impl.RaftServerImpl (ServerState.java:setRaftConf(361)) - 9c4c8826-f4e3-4143-aedc-b7c873dfe072:group-C8D1D30947C7 set configuration 0: [9c4c8826-f4e3-4143-aedc-b7c873dfe072:192.168.46.62:36247], old=null at 0
2019-06-14 00:44:00,299 INFO  impl.RaftServerImpl (RaftServerImpl.java:setRole(164)) - 7fd70fa4-9832-4670-bdcb-c3bbf385cbc7:group-909B5E129076 changes role from FOLLOWER to FOLLOWER at term 1 for recognizeCandidate:c6dcb17e-1bb4-4ed9-aa04-c6fca4338654
2019-06-14 00:44:00,299 INFO  impl.RoleInfo (RoleInfo.java:shutdownFollowerState(121)) - 7fd70fa4-9832-4670-bdcb-c3bbf385cbc7: shutdown FollowerState
2019-06-14 00:44:00,299 INFO  impl.RoleInfo (RoleInfo.java:updateAndGet(143)) - 7fd70fa4-9832-4670-bdcb-c3bbf385cbc7: start FollowerState
2019-06-14 00:44:00,303 INFO  storage.RaftLogWorker (RaftLogWorker.java:execute(469)) - 9c4c8826-f4e3-4143-aedc-b7c873dfe072-RaftLogWorker: created new log segment /opt/src/hadoop-ozone/integration-test/target/test-dir/MiniOzoneClusterImpl-705e936e-8192-4db7-ae5d-93542663a72d/datanode-5/data/ratis/03382721-9fce-4333-89cf-c8d1d30947c7/current/log_inprogress_0
2019-06-14 00:44:00,307 INFO  impl.RaftServerImpl (RaftServerImpl.java:setRole(164)) - 9c4c8826-f4e3-4143-aedc-b7c873dfe072:group-909B5E129076 changes role from FOLLOWER to FOLLOWER at term 1 for recognizeCandidate:c6dcb17e-1bb4-4ed9-aa04-c6fca4338654
2019-06-14 00:44:00,307 INFO  impl.RoleInfo (RoleInfo.java:shutdownFollowerState(121)) - 9c4c8826-f4e3-4143-aedc-b7c873dfe072: shutdown FollowerState
2019-06-14 00:44:00,307 INFO  impl.RoleInfo (RoleInfo.java:updateAndGet(143)) - 9c4c8826-f4e3-4143-aedc-b7c873dfe072: start FollowerState
2019-06-14 00:44:00,307 INFO  impl.FollowerState (FollowerState.java:run(109)) - 9c4c8826-f4e3-4143-aedc-b7c873dfe072: FollowerState was interrupted: java.lang.InterruptedException: sleep interrupted
2019-06-14 00:44:00,308 INFO  client.GrpcClientProtocolClient (GrpcClientProtocolClient.java:onNext(254)) - client-74E8EF118D83->abc44974-d782-4732-ab16-5d42f2b3f597: receive RaftClientReply:client-74E8EF118D83->abc44974-d782-4732-ab16-5d42f2b3f597@group-C35E1803A7B5, cid=156, SUCCESS, logIndex=3, commits[abc44974-d782-4732-ab16-5d42f2b3f597:c3, 24c56207-646a-40ee-9f83-2124ea0a39a1:c2, b8e61050-64aa-4c23-9ba4-a757cf131562:c1]
2019-06-14 00:44:00,308 INFO  impl.LeaderElection (LeaderElection.java:logAndReturn(56)) - c6dcb17e-1bb4-4ed9-aa04-c6fca4338654:group-909B5E129076:LeaderElection64: Election PASSED; received 1 response(s) [c6dcb17e-1bb4-4ed9-aa04-c6fca4338654->7fd70fa4-9832-4670-bdcb-c3bbf385cbc7,true-t1] and 0 exception(s); c6dcb17e-1bb4-4ed9-aa04-c6fca4338654:t1, leader=null, voted=c6dcb17e-1bb4-4ed9-aa04-c6fca4338654, raftlog=c6dcb17e-1bb4-4ed9-aa04-c6fca4338654-SegmentedRaftLog:OPENED:c-1,f-1,i0, conf=-1: [c6dcb17e-1bb4-4ed9-aa04-c6fca4338654:192.168.46.62:38949, 7fd70fa4-9832-4670-bdcb-c3bbf385cbc7:192.168.46.62:40741, 9c4c8826-f4e3-4143-aedc-b7c873dfe072:192.168.46.62:36247], old=null
2019-06-14 00:44:00,308 INFO  impl.RoleInfo (RoleInfo.java:shutdownLeaderElection(134)) - c6dcb17e-1bb4-4ed9-aa04-c6fca4338654: shutdown LeaderElection
2019-06-14 00:44:00,308 INFO  impl.RaftServerImpl (RaftServerImpl.java:setRole(164)) - c6dcb17e-1bb4-4ed9-aa04-c6fca4338654:group-909B5E129076 changes role from CANDIDATE to LEADER at term 1 for changeToLeader
2019-06-14 00:44:00,308 INFO  impl.RaftServerImpl (ServerState.java:setLeader(263)) - c6dcb17e-1bb4-4ed9-aa04-c6fca4338654:group-909B5E129076 change Leader from null to c6dcb17e-1bb4-4ed9-aa04-c6fca4338654 at term 1 for becomeLeader, leader elected after 1130ms
2019-06-14 00:44:00,308 INFO  server.RaftServerConfigKeys (ConfUtils.java:logGet(43)) - raft.server.staging.catchup.gap = 1000 (default)
2019-06-14 00:44:00,309 INFO  server.RaftServerConfigKeys (ConfUtils.java:logGet(43)) - raft.server.rpc.sleep.time = 25ms (default)
2019-06-14 00:44:00,309 INFO  server.RaftServerConfigKeys (ConfUtils.java:logGet(43)) - raft.server.watch.timeout = 10s (default)
2019-06-14 00:44:00,309 INFO  server.RaftServerConfigKeys (ConfUtils.java:logGet(43)) - raft.server.watch.timeout.denomination = 1s (default)
2019-06-14 00:44:00,309 INFO  server.RaftServerConfigKeys (ConfUtils.java:logGet(43)) - raft.server.log.appender.snapshot.chunk.size.max = 16MB (=16777216) (default)
2019-06-14 00:44:00,310 INFO  server.RaftServerConfigKeys (ConfUtils.java:logGet(43)) - raft.server.log.appender.buffer.byte-limit = 33554432 (custom)
2019-06-14 00:44:00,310 INFO  server.RaftServerConfigKeys (ConfUtils.java:logGet(43)) - raft.server.log.appender.buffer.element-limit = 1 (custom)
2019-06-14 00:44:00,310 INFO  grpc.GrpcConfigKeys$Server (ConfUtils.java:logGet(43)) - raft.grpc.server.leader.outstanding.appends.max = 128 (default)
2019-06-14 00:44:00,310 INFO  server.RaftServerConfigKeys (ConfUtils.java:logGet(43)) - raft.server.rpc.request.timeout = 3000ms (default)
2019-06-14 00:44:00,310 INFO  server.RaftServerConfigKeys (ConfUtils.java:logGet(43)) - raft.server.log.appender.install.snapshot.enabled = true (default)
2019-06-14 00:44:00,310 INFO  server.RaftServerConfigKeys (ConfUtils.java:logGet(43)) - raft.server.log.appender.snapshot.chunk.size.max = 16MB (=16777216) (default)
2019-06-14 00:44:00,310 INFO  server.RaftServerConfigKeys (ConfUtils.java:logGet(43)) - raft.server.log.appender.buffer.byte-limit = 33554432 (custom)
2019-06-14 00:44:00,310 INFO  server.RaftServerConfigKeys (ConfUtils.java:logGet(43)) - raft.server.log.appender.buffer.element-limit = 1 (custom)
2019-06-14 00:44:00,310 INFO  grpc.GrpcConfigKeys$Server (ConfUtils.java:logGet(43)) - raft.grpc.server.leader.outstanding.appends.max = 128 (default)
2019-06-14 00:44:00,310 INFO  server.RaftServerConfigKeys (ConfUtils.java:logGet(43)) - raft.server.rpc.request.timeout = 3000ms (default)
2019-06-14 00:44:00,310 INFO  server.RaftServerConfigKeys (ConfUtils.java:logGet(43)) - raft.server.log.appender.install.snapshot.enabled = true (default)
2019-06-14 00:44:00,311 INFO  impl.RoleInfo (RoleInfo.java:updateAndGet(143)) - c6dcb17e-1bb4-4ed9-aa04-c6fca4338654: start LeaderState
2019-06-14 00:44:00,311 INFO  storage.RaftLogWorker (RaftLogWorker.java:startLogSegment(298)) - c6dcb17e-1bb4-4ed9-aa04-c6fca4338654-RaftLogWorker: Starting segment from index:0
2019-06-14 00:44:00,318 INFO  impl.RaftServerImpl (ServerState.java:setRaftConf(361)) - c6dcb17e-1bb4-4ed9-aa04-c6fca4338654:group-909B5E129076 set configuration 0: [c6dcb17e-1bb4-4ed9-aa04-c6fca4338654:192.168.46.62:38949, 7fd70fa4-9832-4670-bdcb-c3bbf385cbc7:192.168.46.62:40741, 9c4c8826-f4e3-4143-aedc-b7c873dfe072:192.168.46.62:36247], old=null at 0
2019-06-14 00:44:00,319 INFO  impl.RaftServerImpl (ServerState.java:setLeader(263)) - 7fd70fa4-9832-4670-bdcb-c3bbf385cbc7:group-909B5E129076 change Leader from null to c6dcb17e-1bb4-4ed9-aa04-c6fca4338654 at term 1 for appendEntries, leader elected after 1144ms
2019-06-14 00:44:00,319 INFO  impl.RaftServerImpl (ServerState.java:setLeader(263)) - 9c4c8826-f4e3-4143-aedc-b7c873dfe072:group-909B5E129076 change Leader from null to c6dcb17e-1bb4-4ed9-aa04-c6fca4338654 at term 1 for appendEntries, leader elected after 1143ms
2019-06-14 00:44:00,333 INFO  client.GrpcClientProtocolClient (GrpcClientProtocolClient.java:onNext(254)) - client-74E8EF118D83->abc44974-d782-4732-ab16-5d42f2b3f597: receive RaftClientReply:client-74E8EF118D83->abc44974-d782-4732-ab16-5d42f2b3f597@group-C35E1803A7B5, cid=157, SUCCESS, logIndex=0, commits[abc44974-d782-4732-ab16-5d42f2b3f597:c4, 24c56207-646a-40ee-9f83-2124ea0a39a1:c3, b8e61050-64aa-4c23-9ba4-a757cf131562:c3]
2019-06-14 00:44:00,334 INFO  datanode.ObjectStoreHandler (ObjectStoreHandler.java:close(155)) - Closing ObjectStoreHandler.
2019-06-14 00:44:00,334 INFO  ozone.HddsDatanodeService (HddsDatanodeService.java:stop(452)) - Stopped plug-in org.apache.hadoop.ozone.web.OzoneHddsDatanodeService@3fbf66e7
2019-06-14 00:44:00,352 INFO  statemachine.DatanodeStateMachine (DatanodeStateMachine.java:lambda$startDaemon$0(350)) - Ozone container server started.
2019-06-14 00:44:00,352 INFO  ozoneimpl.OzoneContainer (OzoneContainer.java:stop(199)) - Attempting to stop container services.
2019-06-14 00:44:00,352 INFO  impl.RaftServerProxy (RaftServerProxy.java:lambda$close$4(314)) - abc44974-d782-4732-ab16-5d42f2b3f597: close
2019-06-14 00:44:00,353 INFO  impl.RaftServerImpl (RaftServerImpl.java:lambda$shutdown$3(238)) - abc44974-d782-4732-ab16-5d42f2b3f597: shutdown group-DDC503BD1D2E
2019-06-14 00:44:00,353 INFO  impl.RaftServerImpl (RaftServerImpl.java:lambda$shutdown$3(238)) - abc44974-d782-4732-ab16-5d42f2b3f597: shutdown group-C35E1803A7B5
2019-06-14 00:44:00,353 INFO  util.JmxRegister (JmxRegister.java:unregister(73)) - Successfully un-registered JMX Bean with object name Ratis:service=RaftServer,group=group-C35E1803A7B5,id=abc44974-d782-4732-ab16-5d42f2b3f597
2019-06-14 00:44:00,353 INFO  impl.RoleInfo (RoleInfo.java:shutdownLeaderState(104)) - abc44974-d782-4732-ab16-5d42f2b3f597: shutdown LeaderState
2019-06-14 00:44:00,353 INFO  impl.PendingRequests (PendingRequests.java:sendNotLeaderResponses(140)) - abc44974-d782-4732-ab16-5d42f2b3f597-PendingRequests: sendNotLeaderResponses
2019-06-14 00:44:00,353 WARN  server.GrpcLogAppender (GrpcLogAppender.java:mayWait(142)) - GrpcLogAppender(abc44974-d782-4732-ab16-5d42f2b3f597 -> 24c56207-646a-40ee-9f83-2124ea0a39a1): Wait interrupted by java.lang.InterruptedException
2019-06-14 00:44:00,353 INFO  util.JmxRegister (JmxRegister.java:unregister(73)) - Successfully un-registered JMX Bean with object name Ratis:service=RaftServer,group=group-DDC503BD1D2E,id=abc44974-d782-4732-ab16-5d42f2b3f597
2019-06-14 00:44:00,360 INFO  storage.RaftLogWorker (RaftLogWorker.java:execute(469)) - c6dcb17e-1bb4-4ed9-aa04-c6fca4338654-RaftLogWorker: created new log segment /opt/src/hadoop-ozone/integration-test/target/test-dir/MiniOzoneClusterImpl-705e936e-8192-4db7-ae5d-93542663a72d/datanode-4/data/ratis/81fef9ed-6631-48b4-b2fa-909b5e129076/current/log_inprogress_0
2019-06-14 00:44:00,360 INFO  ratis.ContainerStateMachine (ContainerStateMachine.java:takeSnapshot(245)) - Taking snapshot at termIndex:(t:1, i:3)
2019-06-14 00:44:00,361 INFO  ratis.ContainerStateMachine (ContainerStateMachine.java:takeSnapshot(249)) - Taking a snapshot to file /opt/src/hadoop-ozone/integration-test/target/test-dir/MiniOzoneClusterImpl-705e936e-8192-4db7-ae5d-93542663a72d/datanode-0/data/ratis/c814483d-4915-4d9e-9290-c35e1803a7b5/sm/snapshot.1_3
2019-06-14 00:44:00,361 INFO  impl.RaftServerImpl (ServerState.java:setRaftConf(361)) - 7fd70fa4-9832-4670-bdcb-c3bbf385cbc7:group-909B5E129076 set configuration 0: [c6dcb17e-1bb4-4ed9-aa04-c6fca4338654:192.168.46.62:38949, 7fd70fa4-9832-4670-bdcb-c3bbf385cbc7:192.168.46.62:40741, 9c4c8826-f4e3-4143-aedc-b7c873dfe072:192.168.46.62:36247], old=null at 0
2019-06-14 00:44:00,361 INFO  storage.RaftLogWorker (RaftLogWorker.java:startLogSegment(298)) - 7fd70fa4-9832-4670-bdcb-c3bbf385cbc7-RaftLogWorker: Starting segment from index:0
2019-06-14 00:44:00,360 INFO  impl.StateMachineUpdater (StateMachineUpdater.java:stopAndJoin(109)) - StateMachineUpdater-abc44974-d782-4732-ab16-5d42f2b3f597-group-C35E1803A7B5: set stopIndex = 4
2019-06-14 00:44:00,361 INFO  impl.RaftServerImpl (ServerState.java:close(394)) - abc44974-d782-4732-ab16-5d42f2b3f597:group-C35E1803A7B5 closes. The last applied log index is 4
2019-06-14 00:44:00,360 INFO  impl.RaftServerImpl (ServerState.java:setRaftConf(361)) - 9c4c8826-f4e3-4143-aedc-b7c873dfe072:group-909B5E129076 set configuration 0: [c6dcb17e-1bb4-4ed9-aa04-c6fca4338654:192.168.46.62:38949, 7fd70fa4-9832-4670-bdcb-c3bbf385cbc7:192.168.46.62:40741, 9c4c8826-f4e3-4143-aedc-b7c873dfe072:192.168.46.62:36247], old=null at 0
2019-06-14 00:44:00,362 INFO  storage.RaftLogWorker (RaftLogWorker.java:run(236)) - abc44974-d782-4732-ab16-5d42f2b3f597-RaftLogWorker was interrupted, exiting. There are 0 tasks remaining in the queue.
2019-06-14 00:44:00,361 INFO  server.GrpcServerProtocolService (GrpcServerProtocolService.java:onCompleted(104)) - 24c56207-646a-40ee-9f83-2124ea0a39a1: appendEntries completed
2019-06-14 00:44:00,381 INFO  storage.RaftLogWorker (RaftLogWorker.java:close(168)) - abc44974-d782-4732-ab16-5d42f2b3f597-RaftLogWorker close()
2019-06-14 00:44:00,361 WARN  server.GrpcLogAppender (GrpcLogAppender.java:mayWait(142)) - GrpcLogAppender(abc44974-d782-4732-ab16-5d42f2b3f597 -> b8e61050-64aa-4c23-9ba4-a757cf131562): Wait interrupted by java.lang.InterruptedException
2019-06-14 00:44:00,361 INFO  impl.RoleInfo (RoleInfo.java:shutdownLeaderState(104)) - abc44974-d782-4732-ab16-5d42f2b3f597: shutdown LeaderState
2019-06-14 00:44:00,382 INFO  impl.PendingRequests (PendingRequests.java:sendNotLeaderResponses(140)) - abc44974-d782-4732-ab16-5d42f2b3f597-PendingRequests: sendNotLeaderResponses
2019-06-14 00:44:00,382 INFO  impl.StateMachineUpdater (StateMachineUpdater.java:stopAndJoin(109)) - StateMachineUpdater-abc44974-d782-4732-ab16-5d42f2b3f597-group-DDC503BD1D2E: set stopIndex = 0
2019-06-14 00:44:00,382 INFO  server.GrpcLogAppender (GrpcLogAppender.java:onCompleted(277)) - abc44974-d782-4732-ab16-5d42f2b3f597: follower abc44974-d782-4732-ab16-5d42f2b3f597->24c56207-646a-40ee-9f83-2124ea0a39a1(c3,m4,n5, attendVote=true, lastRpcSendTime=111, lastRpcResponseTime=74) response Completed
2019-06-14 00:44:00,383 INFO  impl.FollowerInfo (FollowerInfo.java:lambda$new$0(50)) - abc44974-d782-4732-ab16-5d42f2b3f597->24c56207-646a-40ee-9f83-2124ea0a39a1: nextIndex: updateUnconditionally 5 -> -1
2019-06-14 00:44:00,382 INFO  server.GrpcServerProtocolService (GrpcServerProtocolService.java:onCompleted(104)) - b8e61050-64aa-4c23-9ba4-a757cf131562: appendEntries completed
2019-06-14 00:44:00,383 INFO  ratis.ContainerStateMachine (ContainerStateMachine.java:takeSnapshot(245)) - Taking snapshot at termIndex:(t:0, i:~)
2019-06-14 00:44:00,362 INFO  storage.RaftLogWorker (RaftLogWorker.java:startLogSegment(298)) - 9c4c8826-f4e3-4143-aedc-b7c873dfe072-RaftLogWorker: Starting segment from index:0
2019-06-14 00:44:00,383 INFO  impl.RaftServerImpl (ServerState.java:close(394)) - abc44974-d782-4732-ab16-5d42f2b3f597:group-DDC503BD1D2E closes. The last applied log index is 0
2019-06-14 00:44:00,383 INFO  storage.RaftLogWorker (RaftLogWorker.java:run(236)) - abc44974-d782-4732-ab16-5d42f2b3f597-RaftLogWorker was interrupted, exiting. There are 0 tasks remaining in the queue.
2019-06-14 00:44:00,384 INFO  server.GrpcLogAppender (GrpcLogAppender.java:onCompleted(277)) - abc44974-d782-4732-ab16-5d42f2b3f597: follower abc44974-d782-4732-ab16-5d42f2b3f597->b8e61050-64aa-4c23-9ba4-a757cf131562(c3,m4,n5, attendVote=true, lastRpcSendTime=113, lastRpcResponseTime=79) response Completed
2019-06-14 00:44:00,384 INFO  impl.FollowerInfo (FollowerInfo.java:lambda$new$0(50)) - abc44974-d782-4732-ab16-5d42f2b3f597->b8e61050-64aa-4c23-9ba4-a757cf131562: nextIndex: updateUnconditionally 5 -> -1
2019-06-14 00:44:00,404 INFO  storage.RaftLogWorker (RaftLogWorker.java:close(168)) - abc44974-d782-4732-ab16-5d42f2b3f597-RaftLogWorker close()
2019-06-14 00:44:00,423 INFO  storage.RaftLogWorker (RaftLogWorker.java:execute(469)) - 7fd70fa4-9832-4670-bdcb-c3bbf385cbc7-RaftLogWorker: created new log segment /opt/src/hadoop-ozone/integration-test/target/test-dir/MiniOzoneClusterImpl-705e936e-8192-4db7-ae5d-93542663a72d/datanode-3/data/ratis/81fef9ed-6631-48b4-b2fa-909b5e129076/current/log_inprogress_0
2019-06-14 00:44:00,423 INFO  server.GrpcService (GrpcService.java:closeImpl(154)) - abc44974-d782-4732-ab16-5d42f2b3f597: shutdown server with port 44753 now
2019-06-14 00:44:00,424 WARN  client.GrpcClientProtocolService (LogUtils.java:warn(134)) - 1-UnorderedRequestStreamObserver1: onError: org.apache.ratis.thirdparty.io.grpc.StatusRuntimeException: CANCELLED: cancelled before receiving half close
2019-06-14 00:44:00,424 INFO  server.GrpcService (GrpcService.java:closeImpl(162)) - abc44974-d782-4732-ab16-5d42f2b3f597: shutdown server with port 44753 successfully
2019-06-14 00:44:00,425 INFO  storage.RaftLogWorker (RaftLogWorker.java:execute(469)) - 9c4c8826-f4e3-4143-aedc-b7c873dfe072-RaftLogWorker: created new log segment /opt/src/hadoop-ozone/integration-test/target/test-dir/MiniOzoneClusterImpl-705e936e-8192-4db7-ae5d-93542663a72d/datanode-5/data/ratis/81fef9ed-6631-48b4-b2fa-909b5e129076/current/log_inprogress_0
2019-06-14 00:44:00,425 WARN  fs.CachingGetSpaceUsed (CachingGetSpaceUsed.java:run(183)) - Thread Interrupted waiting to refresh disk information: sleep interrupted
2019-06-14 00:44:00,439 INFO  statemachine.DatanodeStateMachine (DatanodeStateMachine.java:stopDaemon(395)) - Ozone container server stopped.
2019-06-14 00:44:00,439 INFO  handler.ContextHandler (ContextHandler.java:doStop(910)) - Stopped o.e.j.w.WebAppContext@7c08461b{/,null,UNAVAILABLE}{/hddsDatanode}
2019-06-14 00:44:00,440 INFO  server.AbstractConnector (AbstractConnector.java:doStop(318)) - Stopped ServerConnector@6c37c36{HTTP/1.1,[http/1.1]}{0.0.0.0:0}
2019-06-14 00:44:00,440 INFO  handler.ContextHandler (ContextHandler.java:doStop(910)) - Stopped o.e.j.s.ServletContextHandler@5d72da0b{/static,jar:file:/root/.m2/repository/org/apache/hadoop/hadoop-hdds-container-service/0.5.0-SNAPSHOT/hadoop-hdds-container-service-0.5.0-SNAPSHOT.jar!/webapps/static,UNAVAILABLE}
2019-06-14 00:44:00,440 INFO  handler.ContextHandler (ContextHandler.java:doStop(910)) - Stopped o.e.j.s.ServletContextHandler@59f56892{/logs,file:///opt/src/hadoop-ozone/integration-test/target/log,UNAVAILABLE}
2019-06-14 00:44:01,451 INFO  client.GrpcClientProtocolClient (GrpcClientProtocolClient.java:onNext(254)) - client-74E8EF118D83->b8e61050-64aa-4c23-9ba4-a757cf131562: receive RaftClientReply:client-74E8EF118D83->b8e61050-64aa-4c23-9ba4-a757cf131562@group-C35E1803A7B5, cid=158, FAILED org.apache.ratis.protocol.NotLeaderException: Server b8e61050-64aa-4c23-9ba4-a757cf131562 is not the leader (abc44974-d782-4732-ab16-5d42f2b3f597:192.168.46.62:44753). Request must be sent to leader., logIndex=0, commits[b8e61050-64aa-4c23-9ba4-a757cf131562:c3, 24c56207-646a-40ee-9f83-2124ea0a39a1:c2, abc44974-d782-4732-ab16-5d42f2b3f597:c3]
2019-06-14 00:44:01,452 WARN  client.GrpcClientProtocolService (LogUtils.java:warn(134)) - 0-OrderedRequestStreamObserver0: onError: org.apache.ratis.thirdparty.io.grpc.StatusRuntimeException: CANCELLED: cancelled before receiving half close
2019-06-14 00:44:01,980 INFO  impl.FollowerState (FollowerState.java:run(101)) - b8e61050-64aa-4c23-9ba4-a757cf131562:group-C35E1803A7B5 changes to CANDIDATE, lastRpcTime:1704, electionTimeout:1082ms
2019-06-14 00:44:01,980 INFO  impl.RoleInfo (RoleInfo.java:shutdownFollowerState(121)) - b8e61050-64aa-4c23-9ba4-a757cf131562: shutdown FollowerState
2019-06-14 00:44:01,980 INFO  impl.RaftServerImpl (RaftServerImpl.java:setRole(164)) - b8e61050-64aa-4c23-9ba4-a757cf131562:group-C35E1803A7B5 changes role from FOLLOWER to CANDIDATE at term 1 for changeToCandidate
2019-06-14 00:44:01,980 INFO  impl.RoleInfo (RoleInfo.java:updateAndGet(143)) - b8e61050-64aa-4c23-9ba4-a757cf131562: start LeaderElection
2019-06-14 00:44:01,980 INFO  impl.RaftServerImpl (ServerState.java:setLeader(263)) - b8e61050-64aa-4c23-9ba4-a757cf131562:group-C35E1803A7B5 change Leader from abc44974-d782-4732-ab16-5d42f2b3f597 to null at term 1 for initElection
2019-06-14 00:44:01,983 INFO  impl.LeaderElection (LeaderElection.java:askForVotes(181)) - b8e61050-64aa-4c23-9ba4-a757cf131562:group-C35E1803A7B5:LeaderElection65: begin an election at term 2 for 0: [24c56207-646a-40ee-9f83-2124ea0a39a1:192.168.46.62:34251, abc44974-d782-4732-ab16-5d42f2b3f597:192.168.46.62:44753, b8e61050-64aa-4c23-9ba4-a757cf131562:192.168.46.62:45163], old=null
2019-06-14 00:44:01,986 INFO  impl.LeaderElection (LogUtils.java:infoOrTrace(149)) - b8e61050-64aa-4c23-9ba4-a757cf131562:group-C35E1803A7B5:LeaderElection65 got exception when requesting votes: {}
java.util.concurrent.ExecutionException: org.apache.ratis.thirdparty.io.grpc.StatusRuntimeException: UNAVAILABLE: io exception
	at java.util.concurrent.FutureTask.report(FutureTask.java:122)
	at java.util.concurrent.FutureTask.get(FutureTask.java:192)
	at org.apache.ratis.server.impl.LeaderElection.waitForResults(LeaderElection.java:262)
	at org.apache.ratis.server.impl.LeaderElection.askForVotes(LeaderElection.java:200)
	at org.apache.ratis.server.impl.LeaderElection.run(LeaderElection.java:130)
	at java.lang.Thread.run(Thread.java:748)
Caused by: org.apache.ratis.thirdparty.io.grpc.StatusRuntimeException: UNAVAILABLE: io exception
	at org.apache.ratis.thirdparty.io.grpc.stub.ClientCalls.toStatusRuntimeException(ClientCalls.java:233)
	at org.apache.ratis.thirdparty.io.grpc.stub.ClientCalls.getUnchecked(ClientCalls.java:214)
	at org.apache.ratis.thirdparty.io.grpc.stub.ClientCalls.blockingUnaryCall(ClientCalls.java:139)
	at org.apache.ratis.proto.grpc.RaftServerProtocolServiceGrpc$RaftServerProtocolServiceBlockingStub.requestVote(RaftServerProtocolServiceGrpc.java:265)
	at org.apache.ratis.grpc.server.GrpcServerProtocolClient.requestVote(GrpcServerProtocolClient.java:83)
	at org.apache.ratis.grpc.server.GrpcService.requestVote(GrpcService.java:194)
	at org.apache.ratis.server.impl.LeaderElection.lambda$submitRequests$1(LeaderElection.java:237)
	at java.util.concurrent.FutureTask.run(FutureTask.java:266)
	at java.util.concurrent.Executors$RunnableAdapter.call(Executors.java:511)
	at java.util.concurrent.FutureTask.run(FutureTask.java:266)
	at java.util.concurrent.ThreadPoolExecutor.runWorker(ThreadPoolExecutor.java:1149)
	at java.util.concurrent.ThreadPoolExecutor$Worker.run(ThreadPoolExecutor.java:624)
	... 1 more
Caused by: org.apache.ratis.thirdparty.io.netty.channel.AbstractChannel$AnnotatedConnectException: Connection refused: /192.168.46.62:44753
	at sun.nio.ch.SocketChannelImpl.checkConnect(Native Method)
	at sun.nio.ch.SocketChannelImpl.finishConnect(SocketChannelImpl.java:717)
	at org.apache.ratis.thirdparty.io.netty.channel.socket.nio.NioSocketChannel.doFinishConnect(NioSocketChannel.java:327)
	at org.apache.ratis.thirdparty.io.netty.channel.nio.AbstractNioChannel$AbstractNioUnsafe.finishConnect(AbstractNioChannel.java:340)
	at org.apache.ratis.thirdparty.io.netty.channel.nio.NioEventLoop.processSelectedKey(NioEventLoop.java:632)
	at org.apache.ratis.thirdparty.io.netty.channel.nio.NioEventLoop.processSelectedKeysOptimized(NioEventLoop.java:579)
	at org.apache.ratis.thirdparty.io.netty.channel.nio.NioEventLoop.processSelectedKeys(NioEventLoop.java:496)
	at org.apache.ratis.thirdparty.io.netty.channel.nio.NioEventLoop.run(NioEventLoop.java:458)
	at org.apache.ratis.thirdparty.io.netty.util.concurrent.SingleThreadEventExecutor$5.run(SingleThreadEventExecutor.java:897)
	at org.apache.ratis.thirdparty.io.netty.util.concurrent.FastThreadLocalRunnable.run(FastThreadLocalRunnable.java:30)
	... 1 more
Caused by: java.net.ConnectException: Connection refused
	... 11 more
2019-06-14 00:44:01,990 INFO  impl.RaftServerImpl (ServerState.java:setLeader(263)) - 24c56207-646a-40ee-9f83-2124ea0a39a1:group-C35E1803A7B5 change Leader from abc44974-d782-4732-ab16-5d42f2b3f597 to null at term 2 for updateCurrentTerm
2019-06-14 00:44:01,990 INFO  impl.RaftServerImpl (RaftServerImpl.java:setRole(164)) - 24c56207-646a-40ee-9f83-2124ea0a39a1:group-C35E1803A7B5 changes role from FOLLOWER to FOLLOWER at term 2 for recognizeCandidate:b8e61050-64aa-4c23-9ba4-a757cf131562
2019-06-14 00:44:01,990 INFO  impl.RoleInfo (RoleInfo.java:shutdownFollowerState(121)) - 24c56207-646a-40ee-9f83-2124ea0a39a1: shutdown FollowerState
2019-06-14 00:44:01,990 INFO  impl.RoleInfo (RoleInfo.java:updateAndGet(143)) - 24c56207-646a-40ee-9f83-2124ea0a39a1: start FollowerState
2019-06-14 00:44:01,990 INFO  impl.FollowerState (FollowerState.java:run(109)) - 24c56207-646a-40ee-9f83-2124ea0a39a1: FollowerState was interrupted: java.lang.InterruptedException: sleep interrupted
2019-06-14 00:44:01,993 INFO  impl.LeaderElection (LeaderElection.java:logAndReturn(56)) - b8e61050-64aa-4c23-9ba4-a757cf131562:group-C35E1803A7B5:LeaderElection65: Election PASSED; received 1 response(s) [b8e61050-64aa-4c23-9ba4-a757cf131562->24c56207-646a-40ee-9f83-2124ea0a39a1,true-t2] and 1 exception(s); b8e61050-64aa-4c23-9ba4-a757cf131562:t2, leader=null, voted=b8e61050-64aa-4c23-9ba4-a757cf131562, raftlog=b8e61050-64aa-4c23-9ba4-a757cf131562-SegmentedRaftLog:OPENED:c3,f4,i4, conf=0: [24c56207-646a-40ee-9f83-2124ea0a39a1:192.168.46.62:34251, abc44974-d782-4732-ab16-5d42f2b3f597:192.168.46.62:44753, b8e61050-64aa-4c23-9ba4-a757cf131562:192.168.46.62:45163], old=null
2019-06-14 00:44:01,993 INFO  impl.LeaderElection (LogUtils.java:infoOrTrace(149)) -   Exception 0: {}
java.util.concurrent.ExecutionException: org.apache.ratis.thirdparty.io.grpc.StatusRuntimeException: UNAVAILABLE: io exception
	at java.util.concurrent.FutureTask.report(FutureTask.java:122)
	at java.util.concurrent.FutureTask.get(FutureTask.java:192)
	at org.apache.ratis.server.impl.LeaderElection.waitForResults(LeaderElection.java:262)
	at org.apache.ratis.server.impl.LeaderElection.askForVotes(LeaderElection.java:200)
	at org.apache.ratis.server.impl.LeaderElection.run(LeaderElection.java:130)
	at java.lang.Thread.run(Thread.java:748)
Caused by: org.apache.ratis.thirdparty.io.grpc.StatusRuntimeException: UNAVAILABLE: io exception
	at org.apache.ratis.thirdparty.io.grpc.stub.ClientCalls.toStatusRuntimeException(ClientCalls.java:233)
	at org.apache.ratis.thirdparty.io.grpc.stub.ClientCalls.getUnchecked(ClientCalls.java:214)
	at org.apache.ratis.thirdparty.io.grpc.stub.ClientCalls.blockingUnaryCall(ClientCalls.java:139)
	at org.apache.ratis.proto.grpc.RaftServerProtocolServiceGrpc$RaftServerProtocolServiceBlockingStub.requestVote(RaftServerProtocolServiceGrpc.java:265)
	at org.apache.ratis.grpc.server.GrpcServerProtocolClient.requestVote(GrpcServerProtocolClient.java:83)
	at org.apache.ratis.grpc.server.GrpcService.requestVote(GrpcService.java:194)
	at org.apache.ratis.server.impl.LeaderElection.lambda$submitRequests$1(LeaderElection.java:237)
	at java.util.concurrent.FutureTask.run(FutureTask.java:266)
	at java.util.concurrent.Executors$RunnableAdapter.call(Executors.java:511)
	at java.util.concurrent.FutureTask.run(FutureTask.java:266)
	at java.util.concurrent.ThreadPoolExecutor.runWorker(ThreadPoolExecutor.java:1149)
	at java.util.concurrent.ThreadPoolExecutor$Worker.run(ThreadPoolExecutor.java:624)
	... 1 more
Caused by: org.apache.ratis.thirdparty.io.netty.channel.AbstractChannel$AnnotatedConnectException: Connection refused: /192.168.46.62:44753
	at sun.nio.ch.SocketChannelImpl.checkConnect(Native Method)
	at sun.nio.ch.SocketChannelImpl.finishConnect(SocketChannelImpl.java:717)
	at org.apache.ratis.thirdparty.io.netty.channel.socket.nio.NioSocketChannel.doFinishConnect(NioSocketChannel.java:327)
	at org.apache.ratis.thirdparty.io.netty.channel.nio.AbstractNioChannel$AbstractNioUnsafe.finishConnect(AbstractNioChannel.java:340)
	at org.apache.ratis.thirdparty.io.netty.channel.nio.NioEventLoop.processSelectedKey(NioEventLoop.java:632)
	at org.apache.ratis.thirdparty.io.netty.channel.nio.NioEventLoop.processSelectedKeysOptimized(NioEventLoop.java:579)
	at org.apache.ratis.thirdparty.io.netty.channel.nio.NioEventLoop.processSelectedKeys(NioEventLoop.java:496)
	at org.apache.ratis.thirdparty.io.netty.channel.nio.NioEventLoop.run(NioEventLoop.java:458)
	at org.apache.ratis.thirdparty.io.netty.util.concurrent.SingleThreadEventExecutor$5.run(SingleThreadEventExecutor.java:897)
	at org.apache.ratis.thirdparty.io.netty.util.concurrent.FastThreadLocalRunnable.run(FastThreadLocalRunnable.java:30)
	... 1 more
Caused by: java.net.ConnectException: Connection refused
	... 11 more
2019-06-14 00:44:01,993 INFO  impl.RoleInfo (RoleInfo.java:shutdownLeaderElection(134)) - b8e61050-64aa-4c23-9ba4-a757cf131562: shutdown LeaderElection
2019-06-14 00:44:01,993 INFO  impl.RaftServerImpl (RaftServerImpl.java:setRole(164)) - b8e61050-64aa-4c23-9ba4-a757cf131562:group-C35E1803A7B5 changes role from CANDIDATE to LEADER at term 2 for changeToLeader
2019-06-14 00:44:01,993 INFO  impl.RaftServerImpl (ServerState.java:setLeader(263)) - b8e61050-64aa-4c23-9ba4-a757cf131562:group-C35E1803A7B5 change Leader from null to b8e61050-64aa-4c23-9ba4-a757cf131562 at term 2 for becomeLeader, leader elected after 12ms
2019-06-14 00:44:01,993 INFO  server.RaftServerConfigKeys (ConfUtils.java:logGet(43)) - raft.server.staging.catchup.gap = 1000 (default)
2019-06-14 00:44:01,993 INFO  server.RaftServerConfigKeys (ConfUtils.java:logGet(43)) - raft.server.rpc.sleep.time = 25ms (default)
2019-06-14 00:44:01,993 INFO  server.RaftServerConfigKeys (ConfUtils.java:logGet(43)) - raft.server.watch.timeout = 10s (default)
2019-06-14 00:44:01,993 INFO  server.RaftServerConfigKeys (ConfUtils.java:logGet(43)) - raft.server.watch.timeout.denomination = 1s (default)
2019-06-14 00:44:01,994 INFO  server.RaftServerConfigKeys (ConfUtils.java:logGet(43)) - raft.server.log.appender.snapshot.chunk.size.max = 16MB (=16777216) (default)
2019-06-14 00:44:01,994 INFO  server.RaftServerConfigKeys (ConfUtils.java:logGet(43)) - raft.server.log.appender.buffer.byte-limit = 33554432 (custom)
2019-06-14 00:44:01,994 INFO  server.RaftServerConfigKeys (ConfUtils.java:logGet(43)) - raft.server.log.appender.buffer.element-limit = 1 (custom)
2019-06-14 00:44:01,994 INFO  grpc.GrpcConfigKeys$Server (ConfUtils.java:logGet(43)) - raft.grpc.server.leader.outstanding.appends.max = 128 (default)
2019-06-14 00:44:01,994 INFO  server.RaftServerConfigKeys (ConfUtils.java:logGet(43)) - raft.server.rpc.request.timeout = 3000ms (default)
2019-06-14 00:44:01,994 INFO  server.RaftServerConfigKeys (ConfUtils.java:logGet(43)) - raft.server.log.appender.install.snapshot.enabled = true (default)
2019-06-14 00:44:01,994 INFO  server.RaftServerConfigKeys (ConfUtils.java:logGet(43)) - raft.server.log.appender.snapshot.chunk.size.max = 16MB (=16777216) (default)
2019-06-14 00:44:01,994 INFO  server.RaftServerConfigKeys (ConfUtils.java:logGet(43)) - raft.server.log.appender.buffer.byte-limit = 33554432 (custom)
2019-06-14 00:44:01,994 INFO  server.RaftServerConfigKeys (ConfUtils.java:logGet(43)) - raft.server.log.appender.buffer.element-limit = 1 (custom)
2019-06-14 00:44:01,994 INFO  grpc.GrpcConfigKeys$Server (ConfUtils.java:logGet(43)) - raft.grpc.server.leader.outstanding.appends.max = 128 (default)
2019-06-14 00:44:01,994 INFO  server.RaftServerConfigKeys (ConfUtils.java:logGet(43)) - raft.server.rpc.request.timeout = 3000ms (default)
2019-06-14 00:44:01,994 INFO  server.RaftServerConfigKeys (ConfUtils.java:logGet(43)) - raft.server.log.appender.install.snapshot.enabled = true (default)
2019-06-14 00:44:01,995 INFO  impl.RoleInfo (RoleInfo.java:updateAndGet(143)) - b8e61050-64aa-4c23-9ba4-a757cf131562: start LeaderState
2019-06-14 00:44:01,995 INFO  storage.RaftLogWorker (RaftLogWorker.java:rollLogSegment(303)) - b8e61050-64aa-4c23-9ba4-a757cf131562-RaftLogWorker: Rolling segment log-0_4 to index:4
2019-06-14 00:44:01,996 INFO  storage.RaftLogWorker (RaftLogWorker.java:execute(433)) - b8e61050-64aa-4c23-9ba4-a757cf131562-RaftLogWorker: Rolled log segment from /opt/src/hadoop-ozone/integration-test/target/test-dir/MiniOzoneClusterImpl-705e936e-8192-4db7-ae5d-93542663a72d/datanode-2/data/ratis/c814483d-4915-4d9e-9290-c35e1803a7b5/current/log_inprogress_0 to /opt/src/hadoop-ozone/integration-test/target/test-dir/MiniOzoneClusterImpl-705e936e-8192-4db7-ae5d-93542663a72d/datanode-2/data/ratis/c814483d-4915-4d9e-9290-c35e1803a7b5/current/log_0-4
2019-06-14 00:44:01,997 INFO  impl.RaftServerImpl (ServerState.java:setLeader(263)) - 24c56207-646a-40ee-9f83-2124ea0a39a1:group-C35E1803A7B5 change Leader from null to b8e61050-64aa-4c23-9ba4-a757cf131562 at term 2 for appendEntries, leader elected after 6ms
2019-06-14 00:44:01,997 INFO  impl.RaftServerImpl (ServerState.java:setRaftConf(361)) - b8e61050-64aa-4c23-9ba4-a757cf131562:group-C35E1803A7B5 set configuration 5: [24c56207-646a-40ee-9f83-2124ea0a39a1:192.168.46.62:34251, abc44974-d782-4732-ab16-5d42f2b3f597:192.168.46.62:44753, b8e61050-64aa-4c23-9ba4-a757cf131562:192.168.46.62:45163], old=null at 5
2019-06-14 00:44:01,998 WARN  server.GrpcLogAppender (LogUtils.java:warn(134)) - b8e61050-64aa-4c23-9ba4-a757cf131562: Failed appendEntries to abc44974-d782-4732-ab16-5d42f2b3f597:192.168.46.62:44753: org.apache.ratis.thirdparty.io.grpc.StatusRuntimeException: UNAVAILABLE: io exception
2019-06-14 00:44:02,015 INFO  impl.FollowerInfo (FollowerInfo.java:lambda$new$0(50)) - b8e61050-64aa-4c23-9ba4-a757cf131562->abc44974-d782-4732-ab16-5d42f2b3f597: nextIndex: updateUnconditionally 5 -> 0
2019-06-14 00:44:02,016 INFO  impl.RaftServerImpl (ServerState.java:setRaftConf(361)) - 24c56207-646a-40ee-9f83-2124ea0a39a1:group-C35E1803A7B5 set configuration 5: [24c56207-646a-40ee-9f83-2124ea0a39a1:192.168.46.62:34251, abc44974-d782-4732-ab16-5d42f2b3f597:192.168.46.62:44753, b8e61050-64aa-4c23-9ba4-a757cf131562:192.168.46.62:45163], old=null at 5
2019-06-14 00:44:02,016 INFO  storage.RaftLogWorker (RaftLogWorker.java:rollLogSegment(303)) - 24c56207-646a-40ee-9f83-2124ea0a39a1-RaftLogWorker: Rolling segment log-0_4 to index:4
2019-06-14 00:44:02,017 INFO  storage.RaftLogWorker (RaftLogWorker.java:execute(433)) - 24c56207-646a-40ee-9f83-2124ea0a39a1-RaftLogWorker: Rolled log segment from /opt/src/hadoop-ozone/integration-test/target/test-dir/MiniOzoneClusterImpl-705e936e-8192-4db7-ae5d-93542663a72d/datanode-1/data/ratis/c814483d-4915-4d9e-9290-c35e1803a7b5/current/log_inprogress_0 to /opt/src/hadoop-ozone/integration-test/target/test-dir/MiniOzoneClusterImpl-705e936e-8192-4db7-ae5d-93542663a72d/datanode-1/data/ratis/c814483d-4915-4d9e-9290-c35e1803a7b5/current/log_0-4
2019-06-14 00:44:02,035 INFO  storage.RaftLogWorker (RaftLogWorker.java:execute(469)) - b8e61050-64aa-4c23-9ba4-a757cf131562-RaftLogWorker: created new log segment /opt/src/hadoop-ozone/integration-test/target/test-dir/MiniOzoneClusterImpl-705e936e-8192-4db7-ae5d-93542663a72d/datanode-2/data/ratis/c814483d-4915-4d9e-9290-c35e1803a7b5/current/log_inprogress_5
2019-06-14 00:44:02,052 INFO  storage.RaftLogWorker (RaftLogWorker.java:execute(469)) - 24c56207-646a-40ee-9f83-2124ea0a39a1-RaftLogWorker: created new log segment /opt/src/hadoop-ozone/integration-test/target/test-dir/MiniOzoneClusterImpl-705e936e-8192-4db7-ae5d-93542663a72d/datanode-1/data/ratis/c814483d-4915-4d9e-9290-c35e1803a7b5/current/log_inprogress_5
2019-06-14 00:44:02,059 WARN  server.GrpcLogAppender (LogUtils.java:warn(134)) - b8e61050-64aa-4c23-9ba4-a757cf131562: Failed appendEntries to abc44974-d782-4732-ab16-5d42f2b3f597:192.168.46.62:44753: org.apache.ratis.thirdparty.io.grpc.StatusRuntimeException: UNAVAILABLE: io exception
2019-06-14 00:44:02,060 INFO  impl.FollowerInfo (FollowerInfo.java:lambda$new$0(50)) - b8e61050-64aa-4c23-9ba4-a757cf131562->abc44974-d782-4732-ab16-5d42f2b3f597: nextIndex: updateUnconditionally 1 -> 0
2019-06-14 00:44:02,561 WARN  server.GrpcLogAppender (LogUtils.java:warn(134)) - b8e61050-64aa-4c23-9ba4-a757cf131562: Failed appendEntries to abc44974-d782-4732-ab16-5d42f2b3f597:192.168.46.62:44753: org.apache.ratis.thirdparty.io.grpc.StatusRuntimeException: UNAVAILABLE: io exception
2019-06-14 00:44:02,561 INFO  impl.FollowerInfo (FollowerInfo.java:lambda$new$0(50)) - b8e61050-64aa-4c23-9ba4-a757cf131562->abc44974-d782-4732-ab16-5d42f2b3f597: nextIndex: updateUnconditionally 0 -> 0
2019-06-14 00:44:03,061 WARN  server.GrpcLogAppender (LogUtils.java:warn(134)) - b8e61050-64aa-4c23-9ba4-a757cf131562: Failed appendEntries to abc44974-d782-4732-ab16-5d42f2b3f597:192.168.46.62:44753: org.apache.ratis.thirdparty.io.grpc.StatusRuntimeException: UNAVAILABLE: io exception
2019-06-14 00:44:03,061 INFO  impl.FollowerInfo (FollowerInfo.java:lambda$new$0(50)) - b8e61050-64aa-4c23-9ba4-a757cf131562->abc44974-d782-4732-ab16-5d42f2b3f597: nextIndex: updateUnconditionally 0 -> 0
2019-06-14 00:44:03,263 INFO  node.StaleNodeHandler (StaleNodeHandler.java:onMessage(58)) - Datanode abc44974-d782-4732-ab16-5d42f2b3f597{ip: 192.168.46.62, host: ozone-csdnw-1345654644, networkLocation: /default-rack, certSerialId: null} moved to stale state. Finalizing its pipelines [PipelineID=00101156-5a31-41d2-bd11-ddc503bd1d2e, PipelineID=c814483d-4915-4d9e-9290-c35e1803a7b5]
2019-06-14 00:44:03,263 INFO  pipeline.SCMPipelineManager (SCMPipelineManager.java:finalizeAndDestroyPipeline(307)) - destroying pipeline:Pipeline[ Id: 00101156-5a31-41d2-bd11-ddc503bd1d2e, Nodes: abc44974-d782-4732-ab16-5d42f2b3f597{ip: 192.168.46.62, host: ozone-csdnw-1345654644, networkLocation: /default-rack, certSerialId: null}, Type:RATIS, Factor:ONE, State:OPEN]
2019-06-14 00:44:03,263 INFO  pipeline.PipelineStateManager (PipelineStateManager.java:finalizePipeline(123)) - Pipeline Pipeline[ Id: 00101156-5a31-41d2-bd11-ddc503bd1d2e, Nodes: abc44974-d782-4732-ab16-5d42f2b3f597{ip: 192.168.46.62, host: ozone-csdnw-1345654644, networkLocation: /default-rack, certSerialId: null}, Type:RATIS, Factor:ONE, State:CLOSED] moved to CLOSED state
2019-06-14 00:44:03,263 INFO  pipeline.SCMPipelineManager (SCMPipelineManager.java:finalizeAndDestroyPipeline(307)) - destroying pipeline:Pipeline[ Id: c814483d-4915-4d9e-9290-c35e1803a7b5, Nodes: abc44974-d782-4732-ab16-5d42f2b3f597{ip: 192.168.46.62, host: ozone-csdnw-1345654644, networkLocation: /default-rack, certSerialId: null}24c56207-646a-40ee-9f83-2124ea0a39a1{ip: 192.168.46.62, host: ozone-csdnw-1345654644, networkLocation: /default-rack, certSerialId: null}b8e61050-64aa-4c23-9ba4-a757cf131562{ip: 192.168.46.62, host: ozone-csdnw-1345654644, networkLocation: /default-rack, certSerialId: null}, Type:RATIS, Factor:THREE, State:OPEN]
2019-06-14 00:44:03,263 INFO  pipeline.PipelineStateManager (PipelineStateManager.java:finalizePipeline(123)) - Pipeline Pipeline[ Id: c814483d-4915-4d9e-9290-c35e1803a7b5, Nodes: abc44974-d782-4732-ab16-5d42f2b3f597{ip: 192.168.46.62, host: ozone-csdnw-1345654644, networkLocation: /default-rack, certSerialId: null}24c56207-646a-40ee-9f83-2124ea0a39a1{ip: 192.168.46.62, host: ozone-csdnw-1345654644, networkLocation: /default-rack, certSerialId: null}b8e61050-64aa-4c23-9ba4-a757cf131562{ip: 192.168.46.62, host: ozone-csdnw-1345654644, networkLocation: /default-rack, certSerialId: null}, Type:RATIS, Factor:THREE, State:CLOSED] moved to CLOSED state
2019-06-14 00:44:03,263 INFO  container.CloseContainerEventHandler (CloseContainerEventHandler.java:onMessage(61)) - Close container Event triggered for container : #1
2019-06-14 00:44:03,459 INFO  client.GrpcClientProtocolClient (GrpcClientProtocolClient.java:onNext(254)) - client-74E8EF118D83->24c56207-646a-40ee-9f83-2124ea0a39a1: receive RaftClientReply:client-74E8EF118D83->24c56207-646a-40ee-9f83-2124ea0a39a1@group-C35E1803A7B5, cid=158, FAILED org.apache.ratis.protocol.NotLeaderException: Server 24c56207-646a-40ee-9f83-2124ea0a39a1 is not the leader (b8e61050-64aa-4c23-9ba4-a757cf131562:192.168.46.62:45163). Request must be sent to leader., logIndex=0, commits[24c56207-646a-40ee-9f83-2124ea0a39a1:c6, abc44974-d782-4732-ab16-5d42f2b3f597:c3, b8e61050-64aa-4c23-9ba4-a757cf131562:c6]
2019-06-14 00:44:03,459 WARN  client.GrpcClientProtocolService (LogUtils.java:warn(134)) - 0-OrderedRequestStreamObserver0: onError: org.apache.ratis.thirdparty.io.grpc.StatusRuntimeException: CANCELLED: cancelled before receiving half close
2019-06-14 00:44:03,561 WARN  server.GrpcLogAppender (LogUtils.java:warn(134)) - b8e61050-64aa-4c23-9ba4-a757cf131562: Failed appendEntries to abc44974-d782-4732-ab16-5d42f2b3f597:192.168.46.62:44753: org.apache.ratis.thirdparty.io.grpc.StatusRuntimeException: UNAVAILABLE: io exception
2019-06-14 00:44:03,561 INFO  impl.FollowerInfo (FollowerInfo.java:lambda$new$0(50)) - b8e61050-64aa-4c23-9ba4-a757cf131562->abc44974-d782-4732-ab16-5d42f2b3f597: nextIndex: updateUnconditionally 0 -> 0
2019-06-14 00:44:04,062 WARN  server.GrpcLogAppender (LogUtils.java:warn(134)) - b8e61050-64aa-4c23-9ba4-a757cf131562: Failed appendEntries to abc44974-d782-4732-ab16-5d42f2b3f597:192.168.46.62:44753: org.apache.ratis.thirdparty.io.grpc.StatusRuntimeException: UNAVAILABLE: io exception
2019-06-14 00:44:04,062 INFO  impl.FollowerInfo (FollowerInfo.java:lambda$new$0(50)) - b8e61050-64aa-4c23-9ba4-a757cf131562->abc44974-d782-4732-ab16-5d42f2b3f597: nextIndex: updateUnconditionally 0 -> 0
2019-06-14 00:44:04,562 WARN  server.GrpcLogAppender (LogUtils.java:warn(134)) - b8e61050-64aa-4c23-9ba4-a757cf131562: Failed appendEntries to abc44974-d782-4732-ab16-5d42f2b3f597:192.168.46.62:44753: org.apache.ratis.thirdparty.io.grpc.StatusRuntimeException: UNAVAILABLE: io exception
2019-06-14 00:44:04,562 INFO  impl.FollowerInfo (FollowerInfo.java:lambda$new$0(50)) - b8e61050-64aa-4c23-9ba4-a757cf131562->abc44974-d782-4732-ab16-5d42f2b3f597: nextIndex: updateUnconditionally 0 -> 0
2019-06-14 00:44:05,063 WARN  server.GrpcLogAppender (LogUtils.java:warn(134)) - b8e61050-64aa-4c23-9ba4-a757cf131562: Failed appendEntries to abc44974-d782-4732-ab16-5d42f2b3f597:192.168.46.62:44753: org.apache.ratis.thirdparty.io.grpc.StatusRuntimeException: UNAVAILABLE: io exception
2019-06-14 00:44:05,063 INFO  impl.FollowerInfo (FollowerInfo.java:lambda$new$0(50)) - b8e61050-64aa-4c23-9ba4-a757cf131562->abc44974-d782-4732-ab16-5d42f2b3f597: nextIndex: updateUnconditionally 0 -> 0
2019-06-14 00:44:05,225 WARN  server.GrpcLogAppender (LogUtils.java:warn(134)) - b8e61050-64aa-4c23-9ba4-a757cf131562: Failed appendEntries to abc44974-d782-4732-ab16-5d42f2b3f597:192.168.46.62:44753: org.apache.ratis.thirdparty.io.grpc.StatusRuntimeException: UNAVAILABLE: io exception
2019-06-14 00:44:05,225 INFO  impl.FollowerInfo (FollowerInfo.java:lambda$new$0(50)) - b8e61050-64aa-4c23-9ba4-a757cf131562->abc44974-d782-4732-ab16-5d42f2b3f597: nextIndex: updateUnconditionally 1 -> 0
2019-06-14 00:44:05,228 WARN  server.GrpcLogAppender (LogUtils.java:warn(134)) - b8e61050-64aa-4c23-9ba4-a757cf131562: Failed appendEntries to abc44974-d782-4732-ab16-5d42f2b3f597:192.168.46.62:44753: org.apache.ratis.thirdparty.io.grpc.StatusRuntimeException: UNAVAILABLE: io exception
2019-06-14 00:44:05,228 INFO  impl.FollowerInfo (FollowerInfo.java:lambda$new$0(50)) - b8e61050-64aa-4c23-9ba4-a757cf131562->abc44974-d782-4732-ab16-5d42f2b3f597: nextIndex: updateUnconditionally 1 -> 0
2019-06-14 00:44:05,229 WARN  server.GrpcLogAppender (LogUtils.java:warn(134)) - b8e61050-64aa-4c23-9ba4-a757cf131562: Failed appendEntries to abc44974-d782-4732-ab16-5d42f2b3f597:192.168.46.62:44753: org.apache.ratis.thirdparty.io.grpc.StatusRuntimeException: UNAVAILABLE: io exception
2019-06-14 00:44:05,230 INFO  impl.FollowerInfo (FollowerInfo.java:lambda$new$0(50)) - b8e61050-64aa-4c23-9ba4-a757cf131562->abc44974-d782-4732-ab16-5d42f2b3f597: nextIndex: updateUnconditionally 1 -> 0
2019-06-14 00:44:05,238 INFO  interfaces.Container (KeyValueContainer.java:compactDB(356)) - Container 1 is closed with bcsId 3.
2019-06-14 00:44:05,238 INFO  interfaces.Container (KeyValueContainer.java:compactDB(356)) - Container 1 is closed with bcsId 3.
00:44:05.465 [grpc-default-executor-0] ERROR DNAudit - user=null | ip=null | op=WRITE_CHUNK {blockData=conID: 1 locID: 102267161161236502 bcsId: 3} | ret=FAILURE
org.apache.hadoop.hdds.scm.container.common.helpers.ContainerNotOpenException: Container 1 in CLOSED state
	at org.apache.hadoop.ozone.container.common.impl.HddsDispatcher.validateContainerCommand(HddsDispatcher.java:408) ~[hadoop-hdds-container-service-0.5.0-SNAPSHOT.jar:?]
	at org.apache.hadoop.ozone.container.common.transport.server.ratis.ContainerStateMachine.startTransaction(ContainerStateMachine.java:269) ~[hadoop-hdds-container-service-0.5.0-SNAPSHOT.jar:?]
	at org.apache.ratis.server.impl.RaftServerImpl.submitClientRequestAsync(RaftServerImpl.java:550) ~[ratis-server-0.4.0-fe2b15d-SNAPSHOT.jar:0.4.0-fe2b15d-SNAPSHOT]
	at org.apache.ratis.server.impl.RaftServerProxy.lambda$submitClientRequestAsync$7(RaftServerProxy.java:333) ~[ratis-server-0.4.0-fe2b15d-SNAPSHOT.jar:0.4.0-fe2b15d-SNAPSHOT]
	at org.apache.ratis.server.impl.RaftServerProxy.lambda$null$5(RaftServerProxy.java:328) ~[ratis-server-0.4.0-fe2b15d-SNAPSHOT.jar:0.4.0-fe2b15d-SNAPSHOT]
	at org.apache.ratis.util.JavaUtils.callAsUnchecked(JavaUtils.java:109) ~[ratis-common-0.4.0-fe2b15d-SNAPSHOT.jar:0.4.0-fe2b15d-SNAPSHOT]
	at org.apache.ratis.server.impl.RaftServerProxy.lambda$submitRequest$6(RaftServerProxy.java:328) ~[ratis-server-0.4.0-fe2b15d-SNAPSHOT.jar:0.4.0-fe2b15d-SNAPSHOT]
	at java.util.concurrent.CompletableFuture.uniComposeStage(CompletableFuture.java:981) ~[?:1.8.0_212]
	at java.util.concurrent.CompletableFuture.thenCompose(CompletableFuture.java:2124) ~[?:1.8.0_212]
	at org.apache.ratis.server.impl.RaftServerProxy.submitRequest(RaftServerProxy.java:327) ~[ratis-server-0.4.0-fe2b15d-SNAPSHOT.jar:0.4.0-fe2b15d-SNAPSHOT]
	at org.apache.ratis.server.impl.RaftServerProxy.submitClientRequestAsync(RaftServerProxy.java:333) ~[ratis-server-0.4.0-fe2b15d-SNAPSHOT.jar:0.4.0-fe2b15d-SNAPSHOT]
	at org.apache.ratis.grpc.client.GrpcClientProtocolService$RequestStreamObserver.processClientRequest(GrpcClientProtocolService.java:206) ~[ratis-grpc-0.4.0-fe2b15d-SNAPSHOT.jar:0.4.0-fe2b15d-SNAPSHOT]
	at org.apache.ratis.grpc.client.GrpcClientProtocolService$OrderedRequestStreamObserver.processClientRequest(GrpcClientProtocolService.java:306) ~[ratis-grpc-0.4.0-fe2b15d-SNAPSHOT.jar:0.4.0-fe2b15d-SNAPSHOT]
	at org.apache.ratis.util.SlidingWindow$Server.processRequestsFromHead(SlidingWindow.java:399) [ratis-common-0.4.0-fe2b15d-SNAPSHOT.jar:0.4.0-fe2b15d-SNAPSHOT]
	at org.apache.ratis.util.SlidingWindow$Server.receivedRequest(SlidingWindow.java:391) [ratis-common-0.4.0-fe2b15d-SNAPSHOT.jar:0.4.0-fe2b15d-SNAPSHOT]
	at org.apache.ratis.grpc.client.GrpcClientProtocolService$OrderedRequestStreamObserver.processClientRequest(GrpcClientProtocolService.java:312) [ratis-grpc-0.4.0-fe2b15d-SNAPSHOT.jar:0.4.0-fe2b15d-SNAPSHOT]
	at org.apache.ratis.grpc.client.GrpcClientProtocolService$RequestStreamObserver.onNext(GrpcClientProtocolService.java:226) [ratis-grpc-0.4.0-fe2b15d-SNAPSHOT.jar:0.4.0-fe2b15d-SNAPSHOT]
	at org.apache.ratis.grpc.client.GrpcClientProtocolService$RequestStreamObserver.onNext(GrpcClientProtocolService.java:154) [ratis-grpc-0.4.0-fe2b15d-SNAPSHOT.jar:0.4.0-fe2b15d-SNAPSHOT]
	at org.apache.ratis.thirdparty.io.grpc.stub.ServerCalls$StreamingServerCallHandler$StreamingServerCallListener.onMessage(ServerCalls.java:248) [ratis-thirdparty-misc-0.2.0.jar:0.2.0]
	at org.apache.ratis.thirdparty.io.grpc.internal.ServerCallImpl$ServerStreamListenerImpl.messagesAvailable(ServerCallImpl.java:263) [ratis-thirdparty-misc-0.2.0.jar:0.2.0]
	at org.apache.ratis.thirdparty.io.grpc.internal.ServerImpl$JumpToApplicationThreadServerStreamListener$1MessagesAvailable.runInContext(ServerImpl.java:686) [ratis-thirdparty-misc-0.2.0.jar:0.2.0]
	at org.apache.ratis.thirdparty.io.grpc.internal.ContextRunnable.run(ContextRunnable.java:37) [ratis-thirdparty-misc-0.2.0.jar:0.2.0]
	at org.apache.ratis.thirdparty.io.grpc.internal.SerializingExecutor.run(SerializingExecutor.java:123) [ratis-thirdparty-misc-0.2.0.jar:0.2.0]
	at java.util.concurrent.ThreadPoolExecutor.runWorker(ThreadPoolExecutor.java:1149) [?:1.8.0_212]
	at java.util.concurrent.ThreadPoolExecutor$Worker.run(ThreadPoolExecutor.java:624) [?:1.8.0_212]
	at java.lang.Thread.run(Thread.java:748) [?:1.8.0_212]
2019-06-14 00:44:05,472 INFO  client.GrpcClientProtocolClient (GrpcClientProtocolClient.java:onNext(254)) - client-74E8EF118D83->b8e61050-64aa-4c23-9ba4-a757cf131562: receive RaftClientReply:client-74E8EF118D83->b8e61050-64aa-4c23-9ba4-a757cf131562@group-C35E1803A7B5, cid=158, FAILED org.apache.ratis.protocol.StateMachineException: org.apache.hadoop.hdds.scm.container.common.helpers.ContainerNotOpenException from Server b8e61050-64aa-4c23-9ba4-a757cf131562: Container 1 in CLOSED state, logIndex=0, commits[b8e61050-64aa-4c23-9ba4-a757cf131562:c8, 24c56207-646a-40ee-9f83-2124ea0a39a1:c7, abc44974-d782-4732-ab16-5d42f2b3f597:c3]
00:44:05.474 [grpc-default-executor-5] ERROR DNAudit - user=null | ip=null | op=PUT_BLOCK {blockData=[blockId=conID: 1 locID: 102267161161236502 bcsId: 0,size=2097152]} | ret=FAILURE
org.apache.hadoop.hdds.scm.container.common.helpers.ContainerNotOpenException: Container 1 in CLOSED state
	at org.apache.hadoop.ozone.container.common.impl.HddsDispatcher.validateContainerCommand(HddsDispatcher.java:408) ~[hadoop-hdds-container-service-0.5.0-SNAPSHOT.jar:?]
	at org.apache.hadoop.ozone.container.common.transport.server.ratis.ContainerStateMachine.startTransaction(ContainerStateMachine.java:269) ~[hadoop-hdds-container-service-0.5.0-SNAPSHOT.jar:?]
	at org.apache.ratis.server.impl.RaftServerImpl.submitClientRequestAsync(RaftServerImpl.java:550) ~[ratis-server-0.4.0-fe2b15d-SNAPSHOT.jar:0.4.0-fe2b15d-SNAPSHOT]
	at org.apache.ratis.server.impl.RaftServerProxy.lambda$submitClientRequestAsync$7(RaftServerProxy.java:333) ~[ratis-server-0.4.0-fe2b15d-SNAPSHOT.jar:0.4.0-fe2b15d-SNAPSHOT]
	at org.apache.ratis.server.impl.RaftServerProxy.lambda$null$5(RaftServerProxy.java:328) ~[ratis-server-0.4.0-fe2b15d-SNAPSHOT.jar:0.4.0-fe2b15d-SNAPSHOT]
	at org.apache.ratis.util.JavaUtils.callAsUnchecked(JavaUtils.java:109) ~[ratis-common-0.4.0-fe2b15d-SNAPSHOT.jar:0.4.0-fe2b15d-SNAPSHOT]
	at org.apache.ratis.server.impl.RaftServerProxy.lambda$submitRequest$6(RaftServerProxy.java:328) ~[ratis-server-0.4.0-fe2b15d-SNAPSHOT.jar:0.4.0-fe2b15d-SNAPSHOT]
	at java.util.concurrent.CompletableFuture.uniComposeStage(CompletableFuture.java:981) ~[?:1.8.0_212]
	at java.util.concurrent.CompletableFuture.thenCompose(CompletableFuture.java:2124) ~[?:1.8.0_212]
	at org.apache.ratis.server.impl.RaftServerProxy.submitRequest(RaftServerProxy.java:327) ~[ratis-server-0.4.0-fe2b15d-SNAPSHOT.jar:0.4.0-fe2b15d-SNAPSHOT]
	at org.apache.ratis.server.impl.RaftServerProxy.submitClientRequestAsync(RaftServerProxy.java:333) ~[ratis-server-0.4.0-fe2b15d-SNAPSHOT.jar:0.4.0-fe2b15d-SNAPSHOT]
	at org.apache.ratis.grpc.client.GrpcClientProtocolService$RequestStreamObserver.processClientRequest(GrpcClientProtocolService.java:206) ~[ratis-grpc-0.4.0-fe2b15d-SNAPSHOT.jar:0.4.0-fe2b15d-SNAPSHOT]
	at org.apache.ratis.grpc.client.GrpcClientProtocolService$OrderedRequestStreamObserver.processClientRequest(GrpcClientProtocolService.java:306) ~[ratis-grpc-0.4.0-fe2b15d-SNAPSHOT.jar:0.4.0-fe2b15d-SNAPSHOT]
	at org.apache.ratis.util.SlidingWindow$Server.processRequestsFromHead(SlidingWindow.java:399) [ratis-common-0.4.0-fe2b15d-SNAPSHOT.jar:0.4.0-fe2b15d-SNAPSHOT]
	at org.apache.ratis.util.SlidingWindow$Server.receivedRequest(SlidingWindow.java:391) [ratis-common-0.4.0-fe2b15d-SNAPSHOT.jar:0.4.0-fe2b15d-SNAPSHOT]
	at org.apache.ratis.grpc.client.GrpcClientProtocolService$OrderedRequestStreamObserver.processClientRequest(GrpcClientProtocolService.java:312) [ratis-grpc-0.4.0-fe2b15d-SNAPSHOT.jar:0.4.0-fe2b15d-SNAPSHOT]
	at org.apache.ratis.grpc.client.GrpcClientProtocolService$RequestStreamObserver.onNext(GrpcClientProtocolService.java:226) [ratis-grpc-0.4.0-fe2b15d-SNAPSHOT.jar:0.4.0-fe2b15d-SNAPSHOT]
	at org.apache.ratis.grpc.client.GrpcClientProtocolService$RequestStreamObserver.onNext(GrpcClientProtocolService.java:154) [ratis-grpc-0.4.0-fe2b15d-SNAPSHOT.jar:0.4.0-fe2b15d-SNAPSHOT]
	at org.apache.ratis.thirdparty.io.grpc.stub.ServerCalls$StreamingServerCallHandler$StreamingServerCallListener.onMessage(ServerCalls.java:248) [ratis-thirdparty-misc-0.2.0.jar:0.2.0]
	at org.apache.ratis.thirdparty.io.grpc.internal.ServerCallImpl$ServerStreamListenerImpl.messagesAvailable(ServerCallImpl.java:263) [ratis-thirdparty-misc-0.2.0.jar:0.2.0]
	at org.apache.ratis.thirdparty.io.grpc.internal.ServerImpl$JumpToApplicationThreadServerStreamListener$1MessagesAvailable.runInContext(ServerImpl.java:686) [ratis-thirdparty-misc-0.2.0.jar:0.2.0]
	at org.apache.ratis.thirdparty.io.grpc.internal.ContextRunnable.run(ContextRunnable.java:37) [ratis-thirdparty-misc-0.2.0.jar:0.2.0]
	at org.apache.ratis.thirdparty.io.grpc.internal.SerializingExecutor.run(SerializingExecutor.java:123) [ratis-thirdparty-misc-0.2.0.jar:0.2.0]
	at java.util.concurrent.ThreadPoolExecutor.runWorker(ThreadPoolExecutor.java:1149) [?:1.8.0_212]
	at java.util.concurrent.ThreadPoolExecutor$Worker.run(ThreadPoolExecutor.java:624) [?:1.8.0_212]
	at java.lang.Thread.run(Thread.java:748) [?:1.8.0_212]
00:44:05.480 [grpc-default-executor-0] ERROR DNAudit - user=null | ip=null | op=WRITE_CHUNK {blockData=conID: 1 locID: 102267161161236502 bcsId: 3} | ret=FAILURE
org.apache.hadoop.hdds.scm.container.common.helpers.ContainerNotOpenException: Container 1 in CLOSED state
	at org.apache.hadoop.ozone.container.common.impl.HddsDispatcher.validateContainerCommand(HddsDispatcher.java:408) ~[hadoop-hdds-container-service-0.5.0-SNAPSHOT.jar:?]
	at org.apache.hadoop.ozone.container.common.transport.server.ratis.ContainerStateMachine.startTransaction(ContainerStateMachine.java:269) ~[hadoop-hdds-container-service-0.5.0-SNAPSHOT.jar:?]
	at org.apache.ratis.server.impl.RaftServerImpl.submitClientRequestAsync(RaftServerImpl.java:550) ~[ratis-server-0.4.0-fe2b15d-SNAPSHOT.jar:0.4.0-fe2b15d-SNAPSHOT]
	at org.apache.ratis.server.impl.RaftServerProxy.lambda$submitClientRequestAsync$7(RaftServerProxy.java:333) ~[ratis-server-0.4.0-fe2b15d-SNAPSHOT.jar:0.4.0-fe2b15d-SNAPSHOT]
	at org.apache.ratis.server.impl.RaftServerProxy.lambda$null$5(RaftServerProxy.java:328) ~[ratis-server-0.4.0-fe2b15d-SNAPSHOT.jar:0.4.0-fe2b15d-SNAPSHOT]
	at org.apache.ratis.util.JavaUtils.callAsUnchecked(JavaUtils.java:109) ~[ratis-common-0.4.0-fe2b15d-SNAPSHOT.jar:0.4.0-fe2b15d-SNAPSHOT]
	at org.apache.ratis.server.impl.RaftServerProxy.lambda$submitRequest$6(RaftServerProxy.java:328) ~[ratis-server-0.4.0-fe2b15d-SNAPSHOT.jar:0.4.0-fe2b15d-SNAPSHOT]
	at java.util.concurrent.CompletableFuture.uniComposeStage(CompletableFuture.java:981) ~[?:1.8.0_212]
	at java.util.concurrent.CompletableFuture.thenCompose(CompletableFuture.java:2124) ~[?:1.8.0_212]
	at org.apache.ratis.server.impl.RaftServerProxy.submitRequest(RaftServerProxy.java:327) ~[ratis-server-0.4.0-fe2b15d-SNAPSHOT.jar:0.4.0-fe2b15d-SNAPSHOT]
	at org.apache.ratis.server.impl.RaftServerProxy.submitClientRequestAsync(RaftServerProxy.java:333) ~[ratis-server-0.4.0-fe2b15d-SNAPSHOT.jar:0.4.0-fe2b15d-SNAPSHOT]
	at org.apache.ratis.grpc.client.GrpcClientProtocolService$RequestStreamObserver.processClientRequest(GrpcClientProtocolService.java:206) ~[ratis-grpc-0.4.0-fe2b15d-SNAPSHOT.jar:0.4.0-fe2b15d-SNAPSHOT]
	at org.apache.ratis.grpc.client.GrpcClientProtocolService$OrderedRequestStreamObserver.processClientRequest(GrpcClientProtocolService.java:306) ~[ratis-grpc-0.4.0-fe2b15d-SNAPSHOT.jar:0.4.0-fe2b15d-SNAPSHOT]
	at org.apache.ratis.util.SlidingWindow$Server.processRequestsFromHead(SlidingWindow.java:399) [ratis-common-0.4.0-fe2b15d-SNAPSHOT.jar:0.4.0-fe2b15d-SNAPSHOT]
	at org.apache.ratis.util.SlidingWindow$Server.receivedRequest(SlidingWindow.java:391) [ratis-common-0.4.0-fe2b15d-SNAPSHOT.jar:0.4.0-fe2b15d-SNAPSHOT]
	at org.apache.ratis.grpc.client.GrpcClientProtocolService$OrderedRequestStreamObserver.processClientRequest(GrpcClientProtocolService.java:312) [ratis-grpc-0.4.0-fe2b15d-SNAPSHOT.jar:0.4.0-fe2b15d-SNAPSHOT]
	at org.apache.ratis.grpc.client.GrpcClientProtocolService$RequestStreamObserver.onNext(GrpcClientProtocolService.java:226) [ratis-grpc-0.4.0-fe2b15d-SNAPSHOT.jar:0.4.0-fe2b15d-SNAPSHOT]
	at org.apache.ratis.grpc.client.GrpcClientProtocolService$RequestStreamObserver.onNext(GrpcClientProtocolService.java:154) [ratis-grpc-0.4.0-fe2b15d-SNAPSHOT.jar:0.4.0-fe2b15d-SNAPSHOT]
	at org.apache.ratis.thirdparty.io.grpc.stub.ServerCalls$StreamingServerCallHandler$StreamingServerCallListener.onMessage(ServerCalls.java:248) [ratis-thirdparty-misc-0.2.0.jar:0.2.0]
	at org.apache.ratis.thirdparty.io.grpc.internal.ServerCallImpl$ServerStreamListenerImpl.messagesAvailable(ServerCallImpl.java:263) [ratis-thirdparty-misc-0.2.0.jar:0.2.0]
	at org.apache.ratis.thirdparty.io.grpc.internal.ServerImpl$JumpToApplicationThreadServerStreamListener$1MessagesAvailable.runInContext(ServerImpl.java:686) [ratis-thirdparty-misc-0.2.0.jar:0.2.0]
	at org.apache.ratis.thirdparty.io.grpc.internal.ContextRunnable.run(ContextRunnable.java:37) [ratis-thirdparty-misc-0.2.0.jar:0.2.0]
	at org.apache.ratis.thirdparty.io.grpc.internal.SerializingExecutor.run(SerializingExecutor.java:123) [ratis-thirdparty-misc-0.2.0.jar:0.2.0]
	at java.util.concurrent.ThreadPoolExecutor.runWorker(ThreadPoolExecutor.java:1149) [?:1.8.0_212]
	at java.util.concurrent.ThreadPoolExecutor$Worker.run(ThreadPoolExecutor.java:624) [?:1.8.0_212]
	at java.lang.Thread.run(Thread.java:748) [?:1.8.0_212]
2019-06-14 00:44:05,483 INFO  client.GrpcClientProtocolClient (GrpcClientProtocolClient.java:onNext(254)) - client-74E8EF118D83->b8e61050-64aa-4c23-9ba4-a757cf131562: receive RaftClientReply:client-74E8EF118D83->b8e61050-64aa-4c23-9ba4-a757cf131562@group-C35E1803A7B5, cid=159, FAILED org.apache.ratis.protocol.StateMachineException: org.apache.hadoop.hdds.scm.container.common.helpers.ContainerNotOpenException from Server b8e61050-64aa-4c23-9ba4-a757cf131562: Container 1 in CLOSED state, logIndex=0, commits[b8e61050-64aa-4c23-9ba4-a757cf131562:c8, 24c56207-646a-40ee-9f83-2124ea0a39a1:c7, abc44974-d782-4732-ab16-5d42f2b3f597:c3]
00:44:05.487 [Thread-2753] ERROR DNAudit - user=null | ip=null | op=PUT_BLOCK {blockData=[blockId=conID: 1 locID: 102267161161236502 bcsId: 0,size=3145728]} | ret=FAILURE
org.apache.hadoop.hdds.scm.container.common.helpers.ContainerNotOpenException: Container 1 in CLOSED state
	at org.apache.hadoop.ozone.container.common.impl.HddsDispatcher.validateContainerCommand(HddsDispatcher.java:408) ~[hadoop-hdds-container-service-0.5.0-SNAPSHOT.jar:?]
	at org.apache.hadoop.ozone.container.common.transport.server.ratis.ContainerStateMachine.startTransaction(ContainerStateMachine.java:269) ~[hadoop-hdds-container-service-0.5.0-SNAPSHOT.jar:?]
	at org.apache.ratis.server.impl.RaftServerImpl.submitClientRequestAsync(RaftServerImpl.java:550) ~[ratis-server-0.4.0-fe2b15d-SNAPSHOT.jar:0.4.0-fe2b15d-SNAPSHOT]
	at org.apache.ratis.server.impl.RaftServerProxy.lambda$submitClientRequestAsync$7(RaftServerProxy.java:333) ~[ratis-server-0.4.0-fe2b15d-SNAPSHOT.jar:0.4.0-fe2b15d-SNAPSHOT]
	at org.apache.ratis.server.impl.RaftServerProxy.lambda$null$5(RaftServerProxy.java:328) ~[ratis-server-0.4.0-fe2b15d-SNAPSHOT.jar:0.4.0-fe2b15d-SNAPSHOT]
	at org.apache.ratis.util.JavaUtils.callAsUnchecked(JavaUtils.java:109) ~[ratis-common-0.4.0-fe2b15d-SNAPSHOT.jar:0.4.0-fe2b15d-SNAPSHOT]
	at org.apache.ratis.server.impl.RaftServerProxy.lambda$submitRequest$6(RaftServerProxy.java:328) ~[ratis-server-0.4.0-fe2b15d-SNAPSHOT.jar:0.4.0-fe2b15d-SNAPSHOT]
	at java.util.concurrent.CompletableFuture.uniComposeStage(CompletableFuture.java:981) ~[?:1.8.0_212]
	at java.util.concurrent.CompletableFuture.thenCompose(CompletableFuture.java:2124) ~[?:1.8.0_212]
	at org.apache.ratis.server.impl.RaftServerProxy.submitRequest(RaftServerProxy.java:327) ~[ratis-server-0.4.0-fe2b15d-SNAPSHOT.jar:0.4.0-fe2b15d-SNAPSHOT]
	at org.apache.ratis.server.impl.RaftServerProxy.submitClientRequestAsync(RaftServerProxy.java:333) ~[ratis-server-0.4.0-fe2b15d-SNAPSHOT.jar:0.4.0-fe2b15d-SNAPSHOT]
	at org.apache.ratis.grpc.client.GrpcClientProtocolService$RequestStreamObserver.processClientRequest(GrpcClientProtocolService.java:206) ~[ratis-grpc-0.4.0-fe2b15d-SNAPSHOT.jar:0.4.0-fe2b15d-SNAPSHOT]
	at org.apache.ratis.grpc.client.GrpcClientProtocolService$OrderedRequestStreamObserver.processClientRequest(GrpcClientProtocolService.java:306) ~[ratis-grpc-0.4.0-fe2b15d-SNAPSHOT.jar:0.4.0-fe2b15d-SNAPSHOT]
	at org.apache.ratis.util.SlidingWindow$Server.processRequestsFromHead(SlidingWindow.java:399) ~[ratis-common-0.4.0-fe2b15d-SNAPSHOT.jar:0.4.0-fe2b15d-SNAPSHOT]
	at org.apache.ratis.util.SlidingWindow$Server.receiveReply(SlidingWindow.java:414) ~[ratis-common-0.4.0-fe2b15d-SNAPSHOT.jar:0.4.0-fe2b15d-SNAPSHOT]
	at org.apache.ratis.grpc.client.GrpcClientProtocolService$OrderedRequestStreamObserver.lambda$processClientRequest$0(GrpcClientProtocolService.java:307) ~[ratis-grpc-0.4.0-fe2b15d-SNAPSHOT.jar:0.4.0-fe2b15d-SNAPSHOT]
	at java.util.concurrent.CompletableFuture.uniAccept(CompletableFuture.java:656) [?:1.8.0_212]
	at java.util.concurrent.CompletableFuture$UniAccept.tryFire(CompletableFuture.java:632) [?:1.8.0_212]
	at java.util.concurrent.CompletableFuture$Completion.run(CompletableFuture.java:442) [?:1.8.0_212]
	at java.lang.Thread.run(Thread.java:748) [?:1.8.0_212]
2019-06-14 00:44:05,488 INFO  client.GrpcClientProtocolClient (GrpcClientProtocolClient.java:onNext(254)) - client-74E8EF118D83->b8e61050-64aa-4c23-9ba4-a757cf131562: receive RaftClientReply:client-74E8EF118D83->b8e61050-64aa-4c23-9ba4-a757cf131562@group-C35E1803A7B5, cid=160, FAILED org.apache.ratis.protocol.StateMachineException: org.apache.hadoop.hdds.scm.container.common.helpers.ContainerNotOpenException from Server b8e61050-64aa-4c23-9ba4-a757cf131562: Container 1 in CLOSED state, logIndex=0, commits[b8e61050-64aa-4c23-9ba4-a757cf131562:c8, 24c56207-646a-40ee-9f83-2124ea0a39a1:c7, abc44974-d782-4732-ab16-5d42f2b3f597:c3]
2019-06-14 00:44:05,492 INFO  client.GrpcClientProtocolClient (GrpcClientProtocolClient.java:onNext(254)) - client-74E8EF118D83->b8e61050-64aa-4c23-9ba4-a757cf131562: receive RaftClientReply:client-74E8EF118D83->b8e61050-64aa-4c23-9ba4-a757cf131562@group-C35E1803A7B5, cid=161, FAILED org.apache.ratis.protocol.StateMachineException: org.apache.hadoop.hdds.scm.container.common.helpers.ContainerNotOpenException from Server b8e61050-64aa-4c23-9ba4-a757cf131562: Container 1 in CLOSED state, logIndex=0, commits[b8e61050-64aa-4c23-9ba4-a757cf131562:c8, 24c56207-646a-40ee-9f83-2124ea0a39a1:c7, abc44974-d782-4732-ab16-5d42f2b3f597:c3]
2019-06-14 00:44:05,539 INFO  client.GrpcClientProtocolClient (GrpcClientProtocolClient.java:onNext(254)) - client-47829D9AB7C3->c6dcb17e-1bb4-4ed9-aa04-c6fca4338654: receive RaftClientReply:client-47829D9AB7C3->c6dcb17e-1bb4-4ed9-aa04-c6fca4338654@group-909B5E129076, cid=162, SUCCESS, logIndex=1, commits[c6dcb17e-1bb4-4ed9-aa04-c6fca4338654:c1, 7fd70fa4-9832-4670-bdcb-c3bbf385cbc7:c0, 9c4c8826-f4e3-4143-aedc-b7c873dfe072:c0]
2019-06-14 00:44:05,573 INFO  client.GrpcClientProtocolClient (GrpcClientProtocolClient.java:onNext(254)) - client-47829D9AB7C3->c6dcb17e-1bb4-4ed9-aa04-c6fca4338654: receive RaftClientReply:client-47829D9AB7C3->c6dcb17e-1bb4-4ed9-aa04-c6fca4338654@group-909B5E129076, cid=163, SUCCESS, logIndex=3, commits[c6dcb17e-1bb4-4ed9-aa04-c6fca4338654:c4, 7fd70fa4-9832-4670-bdcb-c3bbf385cbc7:c3, 9c4c8826-f4e3-4143-aedc-b7c873dfe072:c3]
2019-06-14 00:44:05,587 INFO  client.GrpcClientProtocolClient (GrpcClientProtocolClient.java:onNext(254)) - client-47829D9AB7C3->c6dcb17e-1bb4-4ed9-aa04-c6fca4338654: receive RaftClientReply:client-47829D9AB7C3->c6dcb17e-1bb4-4ed9-aa04-c6fca4338654@group-909B5E129076, cid=164, SUCCESS, logIndex=5, commits[c6dcb17e-1bb4-4ed9-aa04-c6fca4338654:c5, 7fd70fa4-9832-4670-bdcb-c3bbf385cbc7:c4, 9c4c8826-f4e3-4143-aedc-b7c873dfe072:c3]
2019-06-14 00:44:05,614 INFO  client.GrpcClientProtocolClient (GrpcClientProtocolClient.java:onNext(254)) - client-47829D9AB7C3->c6dcb17e-1bb4-4ed9-aa04-c6fca4338654: receive RaftClientReply:client-47829D9AB7C3->c6dcb17e-1bb4-4ed9-aa04-c6fca4338654@group-909B5E129076, cid=165, SUCCESS, logIndex=6, commits[c6dcb17e-1bb4-4ed9-aa04-c6fca4338654:c8, 7fd70fa4-9832-4670-bdcb-c3bbf385cbc7:c6, 9c4c8826-f4e3-4143-aedc-b7c873dfe072:c6]
]]></system-out>
    <system-err><![CDATA[Jun 14, 2019 12:43:54 AM com.sun.jersey.server.impl.application.WebApplicationImpl _initiate
INFO: Initiating Jersey application, version 'Jersey: 1.19 02/11/2015 03:25 AM'
Jun 14, 2019 12:43:54 AM com.sun.jersey.server.impl.application.WebApplicationImpl _initiate
INFO: Initiating Jersey application, version 'Jersey: 1.19 02/11/2015 03:25 AM'
Jun 14, 2019 12:43:54 AM com.sun.jersey.server.impl.application.WebApplicationImpl _initiate
INFO: Initiating Jersey application, version 'Jersey: 1.19 02/11/2015 03:25 AM'
Jun 14, 2019 12:43:54 AM com.sun.jersey.server.impl.application.WebApplicationImpl _initiate
INFO: Initiating Jersey application, version 'Jersey: 1.19 02/11/2015 03:25 AM'
Jun 14, 2019 12:43:54 AM com.sun.jersey.server.impl.application.WebApplicationImpl _initiate
INFO: Initiating Jersey application, version 'Jersey: 1.19 02/11/2015 03:25 AM'
Jun 14, 2019 12:43:55 AM com.sun.jersey.server.impl.application.WebApplicationImpl _initiate
INFO: Initiating Jersey application, version 'Jersey: 1.19 02/11/2015 03:25 AM'
Jun 14, 2019 12:43:58 AM org.apache.ratis.thirdparty.io.grpc.internal.ManagedChannelOrphanWrapper$ManagedChannelReference cleanQueue
SEVERE: *~*~*~ Channel ManagedChannelImpl{logId=1454, target=192.168.46.62:45099} was not shutdown properly!!! ~*~*~*
    Make sure to call shutdown()/shutdownNow() and wait until awaitTermination() returns true.
java.lang.RuntimeException: ManagedChannel allocation site
	at org.apache.ratis.thirdparty.io.grpc.internal.ManagedChannelOrphanWrapper$ManagedChannelReference.<init>(ManagedChannelOrphanWrapper.java:103)
	at org.apache.ratis.thirdparty.io.grpc.internal.ManagedChannelOrphanWrapper.<init>(ManagedChannelOrphanWrapper.java:53)
	at org.apache.ratis.thirdparty.io.grpc.internal.ManagedChannelOrphanWrapper.<init>(ManagedChannelOrphanWrapper.java:44)
	at org.apache.ratis.thirdparty.io.grpc.internal.AbstractManagedChannelImplBuilder.build(AbstractManagedChannelImplBuilder.java:411)
	at org.apache.hadoop.hdds.scm.XceiverClientGrpc.connectToDatanode(XceiverClientGrpc.java:163)
	at org.apache.hadoop.hdds.scm.XceiverClientGrpc.reconnect(XceiverClientGrpc.java:398)
	at org.apache.hadoop.hdds.scm.XceiverClientGrpc.sendCommandAsync(XceiverClientGrpc.java:349)
	at org.apache.hadoop.hdds.scm.XceiverClientGrpc.sendCommandWithRetry(XceiverClientGrpc.java:262)
	at org.apache.hadoop.hdds.scm.XceiverClientGrpc.sendCommandWithTraceIDAndRetry(XceiverClientGrpc.java:239)
	at org.apache.hadoop.hdds.scm.XceiverClientGrpc.sendCommand(XceiverClientGrpc.java:222)
	at org.apache.hadoop.hdds.scm.storage.ContainerProtocolCalls.getBlock(ContainerProtocolCalls.java:118)
	at org.apache.hadoop.hdds.scm.storage.BlockInputStream.getChunkInfos(BlockInputStream.java:167)
	at org.apache.hadoop.hdds.scm.storage.BlockInputStream.initialize(BlockInputStream.java:118)
	at org.apache.hadoop.hdds.scm.storage.BlockInputStream.read(BlockInputStream.java:222)
	at org.apache.hadoop.ozone.client.io.KeyInputStream.read(KeyInputStream.java:171)
	at org.apache.hadoop.ozone.client.io.OzoneInputStream.read(OzoneInputStream.java:47)
	at java.io.InputStream.read(InputStream.java:101)
	at org.apache.hadoop.ozone.container.ContainerTestHelper.validateData(ContainerTestHelper.java:709)
	at org.apache.hadoop.ozone.client.rpc.TestFailureHandlingByClient.validateData(TestFailureHandlingByClient.java:497)
	at org.apache.hadoop.ozone.client.rpc.TestFailureHandlingByClient.testBlockWritesWithDnFailures(TestFailureHandlingByClient.java:155)
	at sun.reflect.NativeMethodAccessorImpl.invoke0(Native Method)
	at sun.reflect.NativeMethodAccessorImpl.invoke(NativeMethodAccessorImpl.java:62)
	at sun.reflect.DelegatingMethodAccessorImpl.invoke(DelegatingMethodAccessorImpl.java:43)
	at java.lang.reflect.Method.invoke(Method.java:498)
	at org.junit.runners.model.FrameworkMethod$1.runReflectiveCall(FrameworkMethod.java:47)
	at org.junit.internal.runners.model.ReflectiveCallable.run(ReflectiveCallable.java:12)
	at org.junit.runners.model.FrameworkMethod.invokeExplosively(FrameworkMethod.java:44)
	at org.junit.internal.runners.statements.InvokeMethod.evaluate(InvokeMethod.java:17)
	at org.junit.runners.ParentRunner.runLeaf(ParentRunner.java:271)
	at org.junit.runners.BlockJUnit4ClassRunner.runChild(BlockJUnit4ClassRunner.java:70)
	at org.junit.runners.BlockJUnit4ClassRunner.runChild(BlockJUnit4ClassRunner.java:50)
	at org.junit.runners.ParentRunner$3.run(ParentRunner.java:238)
	at org.junit.runners.ParentRunner$1.schedule(ParentRunner.java:63)
	at org.junit.runners.ParentRunner.runChildren(ParentRunner.java:236)
	at org.junit.runners.ParentRunner.access$000(ParentRunner.java:53)
	at org.junit.runners.ParentRunner$2.evaluate(ParentRunner.java:229)
	at org.junit.runners.ParentRunner.run(ParentRunner.java:309)
	at org.apache.maven.surefire.junit4.JUnit4Provider.execute(JUnit4Provider.java:365)
	at org.apache.maven.surefire.junit4.JUnit4Provider.executeWithRerun(JUnit4Provider.java:273)
	at org.apache.maven.surefire.junit4.JUnit4Provider.executeTestSet(JUnit4Provider.java:238)
	at org.apache.maven.surefire.junit4.JUnit4Provider.invoke(JUnit4Provider.java:159)
	at org.apache.maven.surefire.booter.ForkedBooter.invokeProviderInSameClassLoader(ForkedBooter.java:384)
	at org.apache.maven.surefire.booter.ForkedBooter.runSuitesInProcess(ForkedBooter.java:345)
	at org.apache.maven.surefire.booter.ForkedBooter.execute(ForkedBooter.java:126)
	at org.apache.maven.surefire.booter.ForkedBooter.main(ForkedBooter.java:418)

]]></system-err>
  </testcase>
  <testcase name="testMultiBlockWritesWithDnFailures" classname="org.apache.hadoop.ozone.client.rpc.TestFailureHandlingByClient" time="16.582"/>
</testsuite>