<?xml version="1.0" encoding="UTF-8"?>
<testsuite xmlns:xsi="http://www.w3.org/2001/XMLSchema-instance" xsi:noNamespaceSchemaLocation="https://maven.apache.org/surefire/maven-surefire-plugin/xsd/surefire-test-report.xsd" name="org.apache.hadoop.hdds.scm.pipeline.TestNodeFailure" time="13.43" tests="1" errors="0" skipped="1" failures="0">
  <properties>
    <property name="awt.toolkit" value="sun.awt.X11.XToolkit"/>
    <property name="file.encoding.pkg" value="sun.io"/>
    <property name="java.specification.version" value="1.8"/>
    <property name="sun.cpu.isalist" value=""/>
    <property name="sun.jnu.encoding" value="UTF-8"/>
    <property name="java.class.path" value="/opt/src/hadoop-ozone/integration-test/target/test-classes:/opt/src/hadoop-ozone/integration-test/target/classes:/root/.m2/repository/org/apache/hadoop/hadoop-ozone-common/0.5.0-SNAPSHOT/hadoop-ozone-common-0.5.0-SNAPSHOT.jar:/root/.m2/repository/org/apache/commons/commons-compress/1.4.1/commons-compress-1.4.1.jar:/root/.m2/repository/org/tukaani/xz/1.0/xz-1.0.jar:/root/.m2/repository/org/apache/hadoop/hadoop-common/3.2.0/hadoop-common-3.2.0.jar:/root/.m2/repository/org/apache/hadoop/hadoop-hdfs/3.2.0/hadoop-hdfs-3.2.0.jar:/root/.m2/repository/org/apache/hadoop/hadoop-hdfs-client/3.2.0/hadoop-hdfs-client-3.2.0.jar:/root/.m2/repository/com/fasterxml/jackson/core/jackson-annotations/2.9.5/jackson-annotations-2.9.5.jar:/root/.m2/repository/org/apache/hadoop/hadoop-hdds-common/0.5.0-SNAPSHOT/hadoop-hdds-common-0.5.0-SNAPSHOT.jar:/root/.m2/repository/javax/annotation/javax.annotation-api/1.2/javax.annotation-api-1.2.jar:/root/.m2/repository/org/apache/ratis/ratis-server/0.4.0-fe2b15d-SNAPSHOT/ratis-server-0.4.0-fe2b15d-SNAPSHOT.jar:/root/.m2/repository/org/apache/ratis/ratis-thirdparty-misc/0.2.0/ratis-thirdparty-misc-0.2.0.jar:/root/.m2/repository/org/apache/ratis/ratis-proto/0.4.0-fe2b15d-SNAPSHOT/ratis-proto-0.4.0-fe2b15d-SNAPSHOT.jar:/root/.m2/repository/org/apache/ratis/ratis-common/0.4.0-fe2b15d-SNAPSHOT/ratis-common-0.4.0-fe2b15d-SNAPSHOT.jar:/root/.m2/repository/org/apache/ratis/ratis-client/0.4.0-fe2b15d-SNAPSHOT/ratis-client-0.4.0-fe2b15d-SNAPSHOT.jar:/root/.m2/repository/org/apache/ratis/ratis-netty/0.4.0-fe2b15d-SNAPSHOT/ratis-netty-0.4.0-fe2b15d-SNAPSHOT.jar:/root/.m2/repository/org/apache/ratis/ratis-grpc/0.4.0-fe2b15d-SNAPSHOT/ratis-grpc-0.4.0-fe2b15d-SNAPSHOT.jar:/root/.m2/repository/org/rocksdb/rocksdbjni/5.14.2/rocksdbjni-5.14.2.jar:/root/.m2/repository/org/apache/logging/log4j/log4j-api/2.11.0/log4j-api-2.11.0.jar:/root/.m2/repository/org/apache/logging/log4j/log4j-core/2.11.0/log4j-core-2.11.0.jar:/root/.m2/repository/com/lmax/disruptor/3.4.2/disruptor-3.4.2.jar:/root/.m2/repository/org/apache/commons/commons-pool2/2.6.0/commons-pool2-2.6.0.jar:/root/.m2/repository/org/bouncycastle/bcpkix-jdk15on/1.60/bcpkix-jdk15on-1.60.jar:/root/.m2/repository/commons-validator/commons-validator/1.6/commons-validator-1.6.jar:/root/.m2/repository/commons-digester/commons-digester/1.8.1/commons-digester-1.8.1.jar:/root/.m2/repository/io/jaegertracing/jaeger-client/0.33.1/jaeger-client-0.33.1.jar:/root/.m2/repository/io/jaegertracing/jaeger-thrift/0.33.1/jaeger-thrift-0.33.1.jar:/root/.m2/repository/org/apache/thrift/libthrift/0.11.0/libthrift-0.11.0.jar:/root/.m2/repository/com/squareup/okhttp3/okhttp/3.9.0/okhttp-3.9.0.jar:/root/.m2/repository/com/squareup/okio/okio/1.13.0/okio-1.13.0.jar:/root/.m2/repository/io/jaegertracing/jaeger-core/0.33.1/jaeger-core-0.33.1.jar:/root/.m2/repository/io/jaegertracing/jaeger-tracerresolver/0.33.1/jaeger-tracerresolver-0.33.1.jar:/root/.m2/repository/io/opentracing/contrib/opentracing-tracerresolver/0.1.5/opentracing-tracerresolver-0.1.5.jar:/root/.m2/repository/io/opentracing/opentracing-util/0.31.0/opentracing-util-0.31.0.jar:/root/.m2/repository/io/opentracing/opentracing-api/0.31.0/opentracing-api-0.31.0.jar:/root/.m2/repository/io/opentracing/opentracing-noop/0.31.0/opentracing-noop-0.31.0.jar:/root/.m2/repository/org/apache/hadoop/hadoop-hdds-server-framework/0.5.0-SNAPSHOT/hadoop-hdds-server-framework-0.5.0-SNAPSHOT.jar:/root/.m2/repository/org/apache/hadoop/hadoop-hdds-server-scm/0.5.0-SNAPSHOT/hadoop-hdds-server-scm-0.5.0-SNAPSHOT.jar:/root/.m2/repository/org/apache/hadoop/hadoop-hdds-container-service/0.5.0-SNAPSHOT/hadoop-hdds-container-service-0.5.0-SNAPSHOT.jar:/root/.m2/repository/org/apache/hadoop/hadoop-hdds-client/0.5.0-SNAPSHOT/hadoop-hdds-client-0.5.0-SNAPSHOT.jar:/root/.m2/repository/org/apache/hadoop/hadoop-hdds-tools/0.5.0-SNAPSHOT/hadoop-hdds-tools-0.5.0-SNAPSHOT.jar:/root/.m2/repository/org/apache/hadoop/hadoop-ozone-ozone-manager/0.5.0-SNAPSHOT/hadoop-ozone-ozone-manager-0.5.0-SNAPSHOT.jar:/root/.m2/repository/org/apache/hadoop/hadoop-hdds-docs/0.5.0-SNAPSHOT/hadoop-hdds-docs-0.5.0-SNAPSHOT.jar:/root/.m2/repository/org/bouncycastle/bcprov-jdk15on/1.60/bcprov-jdk15on-1.60.jar:/root/.m2/repository/org/apache/hadoop/hadoop-minikdc/3.2.0/hadoop-minikdc-3.2.0.jar:/root/.m2/repository/commons-io/commons-io/2.5/commons-io-2.5.jar:/root/.m2/repository/org/apache/kerby/kerb-simplekdc/1.0.1/kerb-simplekdc-1.0.1.jar:/root/.m2/repository/org/apache/kerby/kerb-client/1.0.1/kerb-client-1.0.1.jar:/root/.m2/repository/org/apache/kerby/kerby-config/1.0.1/kerby-config-1.0.1.jar:/root/.m2/repository/org/apache/kerby/kerb-core/1.0.1/kerb-core-1.0.1.jar:/root/.m2/repository/org/apache/kerby/kerby-pkix/1.0.1/kerby-pkix-1.0.1.jar:/root/.m2/repository/org/apache/kerby/kerby-asn1/1.0.1/kerby-asn1-1.0.1.jar:/root/.m2/repository/org/apache/kerby/kerby-util/1.0.1/kerby-util-1.0.1.jar:/root/.m2/repository/org/apache/kerby/kerb-common/1.0.1/kerb-common-1.0.1.jar:/root/.m2/repository/org/apache/kerby/kerb-crypto/1.0.1/kerb-crypto-1.0.1.jar:/root/.m2/repository/org/apache/kerby/kerb-util/1.0.1/kerb-util-1.0.1.jar:/root/.m2/repository/org/apache/kerby/token-provider/1.0.1/token-provider-1.0.1.jar:/root/.m2/repository/org/apache/kerby/kerb-admin/1.0.1/kerb-admin-1.0.1.jar:/root/.m2/repository/org/apache/kerby/kerb-server/1.0.1/kerb-server-1.0.1.jar:/root/.m2/repository/org/apache/kerby/kerb-identity/1.0.1/kerb-identity-1.0.1.jar:/root/.m2/repository/org/apache/kerby/kerby-xdr/1.0.1/kerby-xdr-1.0.1.jar:/root/.m2/repository/org/slf4j/slf4j-log4j12/1.7.25/slf4j-log4j12-1.7.25.jar:/root/.m2/repository/org/apache/hadoop/hadoop-ozone-objectstore-service/0.5.0-SNAPSHOT/hadoop-ozone-objectstore-service-0.5.0-SNAPSHOT.jar:/root/.m2/repository/org/apache/hadoop/hadoop-ozone-s3gateway/0.5.0-SNAPSHOT/hadoop-ozone-s3gateway-0.5.0-SNAPSHOT.jar:/root/.m2/repository/org/jboss/weld/servlet/weld-servlet/2.4.7.Final/weld-servlet-2.4.7.Final.jar:/root/.m2/repository/org/glassfish/jersey/containers/jersey-container-servlet-core/2.27/jersey-container-servlet-core-2.27.jar:/root/.m2/repository/org/glassfish/hk2/external/javax.inject/2.5.0-b42/javax.inject-2.5.0-b42.jar:/root/.m2/repository/org/glassfish/jersey/core/jersey-common/2.27/jersey-common-2.27.jar:/root/.m2/repository/org/glassfish/hk2/osgi-resource-locator/1.0.1/osgi-resource-locator-1.0.1.jar:/root/.m2/repository/javax/ws/rs/javax.ws.rs-api/2.1/javax.ws.rs-api-2.1.jar:/root/.m2/repository/org/glassfish/jersey/ext/cdi/jersey-cdi1x/2.27/jersey-cdi1x-2.27.jar:/root/.m2/repository/org/glassfish/jersey/inject/jersey-hk2/2.27/jersey-hk2-2.27.jar:/root/.m2/repository/org/glassfish/hk2/hk2-locator/2.5.0-b42/hk2-locator-2.5.0-b42.jar:/root/.m2/repository/org/javassist/javassist/3.22.0-CR2/javassist-3.22.0-CR2.jar:/root/.m2/repository/org/glassfish/hk2/hk2-api/2.5.0/hk2-api-2.5.0.jar:/root/.m2/repository/org/glassfish/hk2/external/jakarta.inject/2.5.0/jakarta.inject-2.5.0.jar:/root/.m2/repository/org/glassfish/hk2/hk2-utils/2.5.0/hk2-utils-2.5.0.jar:/root/.m2/repository/jakarta/annotation/jakarta.annotation-api/1.3.4/jakarta.annotation-api-1.3.4.jar:/root/.m2/repository/org/glassfish/hk2/external/aopalliance-repackaged/2.5.0/aopalliance-repackaged-2.5.0.jar:/root/.m2/repository/com/fasterxml/jackson/dataformat/jackson-dataformat-xml/2.9.0/jackson-dataformat-xml-2.9.0.jar:/root/.m2/repository/com/fasterxml/jackson/core/jackson-core/2.9.5/jackson-core-2.9.5.jar:/root/.m2/repository/com/fasterxml/jackson/module/jackson-module-jaxb-annotations/2.9.5/jackson-module-jaxb-annotations-2.9.5.jar:/root/.m2/repository/javax/enterprise/cdi-api/1.2/cdi-api-1.2.jar:/root/.m2/repository/javax/el/javax.el-api/3.0.0/javax.el-api-3.0.0.jar:/root/.m2/repository/javax/interceptor/javax.interceptor-api/1.2/javax.interceptor-api-1.2.jar:/root/.m2/repository/javax/inject/javax.inject/1/javax.inject-1.jar:/root/.m2/repository/com/sun/xml/bind/jaxb-impl/2.3.0.1/jaxb-impl-2.3.0.1.jar:/root/.m2/repository/com/sun/xml/bind/jaxb-core/2.3.0.1/jaxb-core-2.3.0.1.jar:/root/.m2/repository/javax/xml/bind/jaxb-api/2.3.0/jaxb-api-2.3.0.jar:/root/.m2/repository/javax/activation/activation/1.1.1/activation-1.1.1.jar:/root/.m2/repository/org/apache/hadoop/hadoop-ozone-csi/0.5.0-SNAPSHOT/hadoop-ozone-csi-0.5.0-SNAPSHOT.jar:/root/.m2/repository/com/google/protobuf/protobuf-java-util/3.5.1/protobuf-java-util-3.5.1.jar:/root/.m2/repository/org/apache/hadoop/hadoop-hdds-config/0.5.0-SNAPSHOT/hadoop-hdds-config-0.5.0-SNAPSHOT.jar:/root/.m2/repository/com/google/guava/guava/11.0.2/guava-11.0.2.jar:/root/.m2/repository/com/google/protobuf/protobuf-java/2.5.0/protobuf-java-2.5.0.jar:/root/.m2/repository/io/grpc/grpc-netty/1.17.1/grpc-netty-1.17.1.jar:/root/.m2/repository/io/grpc/grpc-core/1.17.1/grpc-core-1.17.1.jar:/root/.m2/repository/io/grpc/grpc-context/1.17.1/grpc-context-1.17.1.jar:/root/.m2/repository/com/google/errorprone/error_prone_annotations/2.2.0/error_prone_annotations-2.2.0.jar:/root/.m2/repository/org/codehaus/mojo/animal-sniffer-annotations/1.17/animal-sniffer-annotations-1.17.jar:/root/.m2/repository/io/opencensus/opencensus-api/0.17.0/opencensus-api-0.17.0.jar:/root/.m2/repository/io/opencensus/opencensus-contrib-grpc-metrics/0.17.0/opencensus-contrib-grpc-metrics-0.17.0.jar:/root/.m2/repository/io/netty/netty-codec-http2/4.1.30.Final/netty-codec-http2-4.1.30.Final.jar:/root/.m2/repository/io/netty/netty-codec-http/4.1.30.Final/netty-codec-http-4.1.30.Final.jar:/root/.m2/repository/io/netty/netty-codec/4.1.30.Final/netty-codec-4.1.30.Final.jar:/root/.m2/repository/io/netty/netty-handler/4.1.30.Final/netty-handler-4.1.30.Final.jar:/root/.m2/repository/io/netty/netty-handler-proxy/4.1.30.Final/netty-handler-proxy-4.1.30.Final.jar:/root/.m2/repository/io/netty/netty-codec-socks/4.1.30.Final/netty-codec-socks-4.1.30.Final.jar:/root/.m2/repository/io/netty/netty-transport-native-epoll/4.1.30.Final/netty-transport-native-epoll-4.1.30.Final.jar:/root/.m2/repository/io/netty/netty-common/4.1.30.Final/netty-common-4.1.30.Final.jar:/root/.m2/repository/io/netty/netty-buffer/4.1.30.Final/netty-buffer-4.1.30.Final.jar:/root/.m2/repository/io/netty/netty-transport/4.1.30.Final/netty-transport-4.1.30.Final.jar:/root/.m2/repository/io/netty/netty-resolver/4.1.30.Final/netty-resolver-4.1.30.Final.jar:/root/.m2/repository/io/netty/netty-transport-native-unix-common/4.1.30.Final/netty-transport-native-unix-common-4.1.30.Final.jar:/root/.m2/repository/io/grpc/grpc-protobuf/1.17.1/grpc-protobuf-1.17.1.jar:/root/.m2/repository/com/google/api/grpc/proto-google-common-protos/1.0.0/proto-google-common-protos-1.0.0.jar:/root/.m2/repository/io/grpc/grpc-protobuf-lite/1.17.1/grpc-protobuf-lite-1.17.1.jar:/root/.m2/repository/io/grpc/grpc-stub/1.17.1/grpc-stub-1.17.1.jar:/root/.m2/repository/org/apache/hadoop/hadoop-ozone-recon/0.5.0-SNAPSHOT/hadoop-ozone-recon-0.5.0-SNAPSHOT.jar:/root/.m2/repository/org/apache/hadoop/hadoop-ozone-reconcodegen/0.5.0-SNAPSHOT/hadoop-ozone-reconcodegen-0.5.0-SNAPSHOT.jar:/root/.m2/repository/com/google/inject/extensions/guice-multibindings/4.0/guice-multibindings-4.0.jar:/root/.m2/repository/com/google/inject/guice/4.0/guice-4.0.jar:/root/.m2/repository/aopalliance/aopalliance/1.0/aopalliance-1.0.jar:/root/.m2/repository/com/google/inject/extensions/guice-servlet/4.0/guice-servlet-4.0.jar:/root/.m2/repository/org/glassfish/jersey/containers/jersey-container-servlet/2.27/jersey-container-servlet-2.27.jar:/root/.m2/repository/org/glassfish/hk2/guice-bridge/2.5.0/guice-bridge-2.5.0.jar:/root/.m2/repository/org/glassfish/jersey/core/jersey-server/2.27/jersey-server-2.27.jar:/root/.m2/repository/org/glassfish/jersey/core/jersey-client/2.27/jersey-client-2.27.jar:/root/.m2/repository/org/glassfish/jersey/media/jersey-media-jaxb/2.27/jersey-media-jaxb-2.27.jar:/root/.m2/repository/javax/validation/validation-api/1.1.0.Final/validation-api-1.1.0.Final.jar:/root/.m2/repository/org/glassfish/jersey/media/jersey-media-json-jackson/2.27/jersey-media-json-jackson-2.27.jar:/root/.m2/repository/org/glassfish/jersey/ext/jersey-entity-filtering/2.27/jersey-entity-filtering-2.27.jar:/root/.m2/repository/com/google/inject/extensions/guice-assistedinject/4.0/guice-assistedinject-4.0.jar:/root/.m2/repository/org/jooq/jooq/3.11.10/jooq-3.11.10.jar:/root/.m2/repository/org/jooq/jooq-meta/3.11.10/jooq-meta-3.11.10.jar:/root/.m2/repository/org/jooq/jooq-codegen/3.11.10/jooq-codegen-3.11.10.jar:/root/.m2/repository/com/jolbox/bonecp/0.8.0.RELEASE/bonecp-0.8.0.RELEASE.jar:/root/.m2/repository/org/xerial/sqlite-jdbc/3.25.2/sqlite-jdbc-3.25.2.jar:/root/.m2/repository/org/springframework/spring-jdbc/5.1.3.RELEASE/spring-jdbc-5.1.3.RELEASE.jar:/root/.m2/repository/org/springframework/spring-beans/5.1.3.RELEASE/spring-beans-5.1.3.RELEASE.jar:/root/.m2/repository/org/springframework/spring-core/5.1.3.RELEASE/spring-core-5.1.3.RELEASE.jar:/root/.m2/repository/org/springframework/spring-jcl/5.1.3.RELEASE/spring-jcl-5.1.3.RELEASE.jar:/root/.m2/repository/org/springframework/spring-tx/5.1.3.RELEASE/spring-tx-5.1.3.RELEASE.jar:/root/.m2/repository/org/apache/hadoop/hadoop-ozone-client/0.5.0-SNAPSHOT/hadoop-ozone-client-0.5.0-SNAPSHOT.jar:/root/.m2/repository/org/apache/hadoop/hadoop-ozone-ozone-manager/0.5.0-SNAPSHOT/hadoop-ozone-ozone-manager-0.5.0-SNAPSHOT-tests.jar:/root/.m2/repository/junit/junit/4.11/junit-4.11.jar:/root/.m2/repository/org/hamcrest/hamcrest-core/1.3/hamcrest-core-1.3.jar:/root/.m2/repository/org/openjdk/jmh/jmh-core/1.19/jmh-core-1.19.jar:/root/.m2/repository/net/sf/jopt-simple/jopt-simple/4.6/jopt-simple-4.6.jar:/root/.m2/repository/org/apache/commons/commons-math3/3.1.1/commons-math3-3.1.1.jar:/root/.m2/repository/org/openjdk/jmh/jmh-generator-annprocess/1.19/jmh-generator-annprocess-1.19.jar:/root/.m2/repository/org/mockito/mockito-all/1.8.5/mockito-all-1.8.5.jar:/root/.m2/repository/org/apache/hadoop/hadoop-kms/3.2.0/hadoop-kms-3.2.0.jar:/root/.m2/repository/org/apache/hadoop/hadoop-auth/3.2.0/hadoop-auth-3.2.0.jar:/root/.m2/repository/com/nimbusds/nimbus-jose-jwt/4.41.1/nimbus-jose-jwt-4.41.1.jar:/root/.m2/repository/com/github/stephenc/jcip/jcip-annotations/1.0-1/jcip-annotations-1.0-1.jar:/root/.m2/repository/net/minidev/json-smart/2.3/json-smart-2.3.jar:/root/.m2/repository/net/minidev/accessors-smart/1.2/accessors-smart-1.2.jar:/root/.m2/repository/org/ow2/asm/asm/5.0.4/asm-5.0.4.jar:/root/.m2/repository/org/apache/curator/curator-framework/2.12.0/curator-framework-2.12.0.jar:/root/.m2/repository/com/sun/jersey/jersey-core/1.19/jersey-core-1.19.jar:/root/.m2/repository/javax/ws/rs/jsr311-api/1.1.1/jsr311-api-1.1.1.jar:/root/.m2/repository/com/sun/jersey/jersey-server/1.19/jersey-server-1.19.jar:/root/.m2/repository/javax/servlet/javax.servlet-api/3.1.0/javax.servlet-api-3.1.0.jar:/root/.m2/repository/org/eclipse/jetty/jetty-server/9.3.24.v20180605/jetty-server-9.3.24.v20180605.jar:/root/.m2/repository/org/eclipse/jetty/jetty-http/9.3.24.v20180605/jetty-http-9.3.24.v20180605.jar:/root/.m2/repository/org/eclipse/jetty/jetty-io/9.3.24.v20180605/jetty-io-9.3.24.v20180605.jar:/root/.m2/repository/org/eclipse/jetty/jetty-webapp/9.3.24.v20180605/jetty-webapp-9.3.24.v20180605.jar:/root/.m2/repository/org/eclipse/jetty/jetty-xml/9.3.24.v20180605/jetty-xml-9.3.24.v20180605.jar:/root/.m2/repository/log4j/log4j/1.2.17/log4j-1.2.17.jar:/root/.m2/repository/org/slf4j/slf4j-api/1.7.25/slf4j-api-1.7.25.jar:/root/.m2/repository/org/slf4j/jul-to-slf4j/1.7.25/jul-to-slf4j-1.7.25.jar:/root/.m2/repository/org/eclipse/jetty/jetty-util/9.3.24.v20180605/jetty-util-9.3.24.v20180605.jar:/root/.m2/repository/io/dropwizard/metrics/metrics-core/3.2.4/metrics-core-3.2.4.jar:/root/.m2/repository/com/fasterxml/jackson/core/jackson-databind/2.9.5/jackson-databind-2.9.5.jar:/root/.m2/repository/org/apache/hadoop/hadoop-kms/3.2.0/hadoop-kms-3.2.0-tests.jar:/root/.m2/repository/org/apache/hadoop/hadoop-hdds-server-scm/0.5.0-SNAPSHOT/hadoop-hdds-server-scm-0.5.0-SNAPSHOT-tests.jar:/root/.m2/repository/org/hamcrest/hamcrest-all/1.3/hamcrest-all-1.3.jar:/root/.m2/repository/info/picocli/picocli/3.9.6/picocli-3.9.6.jar:/root/.m2/repository/org/apache/hadoop/hadoop-hdds-container-service/0.5.0-SNAPSHOT/hadoop-hdds-container-service-0.5.0-SNAPSHOT-tests.jar:/root/.m2/repository/org/yaml/snakeyaml/1.16/snakeyaml-1.16.jar:/root/.m2/repository/org/apache/hadoop/hadoop-common/3.2.0/hadoop-common-3.2.0-tests.jar:/root/.m2/repository/org/apache/hadoop/hadoop-annotations/3.2.0/hadoop-annotations-3.2.0.jar:/usr/lib/jvm/java-1.8-openjdk/jre/../lib/tools.jar:/root/.m2/repository/commons-cli/commons-cli/1.2/commons-cli-1.2.jar:/root/.m2/repository/org/apache/httpcomponents/httpclient/4.5.2/httpclient-4.5.2.jar:/root/.m2/repository/org/apache/httpcomponents/httpcore/4.4.4/httpcore-4.4.4.jar:/root/.m2/repository/commons-codec/commons-codec/1.11/commons-codec-1.11.jar:/root/.m2/repository/commons-net/commons-net/3.6/commons-net-3.6.jar:/root/.m2/repository/commons-collections/commons-collections/3.2.2/commons-collections-3.2.2.jar:/root/.m2/repository/org/eclipse/jetty/jetty-servlet/9.3.24.v20180605/jetty-servlet-9.3.24.v20180605.jar:/root/.m2/repository/org/eclipse/jetty/jetty-security/9.3.24.v20180605/jetty-security-9.3.24.v20180605.jar:/root/.m2/repository/javax/servlet/jsp/jsp-api/2.1/jsp-api-2.1.jar:/root/.m2/repository/com/sun/jersey/jersey-servlet/1.19/jersey-servlet-1.19.jar:/root/.m2/repository/com/sun/jersey/jersey-json/1.19/jersey-json-1.19.jar:/root/.m2/repository/org/codehaus/jettison/jettison/1.1/jettison-1.1.jar:/root/.m2/repository/org/codehaus/jackson/jackson-core-asl/1.9.13/jackson-core-asl-1.9.13.jar:/root/.m2/repository/org/codehaus/jackson/jackson-mapper-asl/1.9.13/jackson-mapper-asl-1.9.13.jar:/root/.m2/repository/org/codehaus/jackson/jackson-jaxrs/1.9.13/jackson-jaxrs-1.9.13.jar:/root/.m2/repository/org/codehaus/jackson/jackson-xc/1.9.13/jackson-xc-1.9.13.jar:/root/.m2/repository/commons-logging/commons-logging/1.1.3/commons-logging-1.1.3.jar:/root/.m2/repository/commons-beanutils/commons-beanutils/1.9.3/commons-beanutils-1.9.3.jar:/root/.m2/repository/org/apache/commons/commons-configuration2/2.1.1/commons-configuration2-2.1.1.jar:/root/.m2/repository/org/apache/commons/commons-lang3/3.7/commons-lang3-3.7.jar:/root/.m2/repository/org/apache/commons/commons-text/1.4/commons-text-1.4.jar:/root/.m2/repository/org/apache/avro/avro/1.7.7/avro-1.7.7.jar:/root/.m2/repository/com/thoughtworks/paranamer/paranamer/2.3/paranamer-2.3.jar:/root/.m2/repository/org/xerial/snappy/snappy-java/1.0.5/snappy-java-1.0.5.jar:/root/.m2/repository/com/google/re2j/re2j/1.1/re2j-1.1.jar:/root/.m2/repository/com/google/code/gson/gson/2.2.4/gson-2.2.4.jar:/root/.m2/repository/com/jcraft/jsch/0.1.54/jsch-0.1.54.jar:/root/.m2/repository/org/apache/curator/curator-client/2.12.0/curator-client-2.12.0.jar:/root/.m2/repository/org/apache/curator/curator-recipes/2.12.0/curator-recipes-2.12.0.jar:/root/.m2/repository/com/google/code/findbugs/jsr305/3.0.0/jsr305-3.0.0.jar:/root/.m2/repository/org/apache/htrace/htrace-core4/4.1.0-incubating/htrace-core4-4.1.0-incubating.jar:/root/.m2/repository/org/apache/zookeeper/zookeeper/3.4.13/zookeeper-3.4.13.jar:/root/.m2/repository/org/apache/yetus/audience-annotations/0.5.0/audience-annotations-0.5.0.jar:/root/.m2/repository/org/codehaus/woodstox/stax2-api/3.1.4/stax2-api-3.1.4.jar:/root/.m2/repository/com/fasterxml/woodstox/woodstox-core/5.0.3/woodstox-core-5.0.3.jar:/root/.m2/repository/dnsjava/dnsjava/2.1.7/dnsjava-2.1.7.jar:/root/.m2/repository/org/apache/hadoop/hadoop-hdfs/3.2.0/hadoop-hdfs-3.2.0-tests.jar:/root/.m2/repository/org/eclipse/jetty/jetty-util-ajax/9.3.24.v20180605/jetty-util-ajax-9.3.24.v20180605.jar:/root/.m2/repository/commons-daemon/commons-daemon/1.0.13/commons-daemon-1.0.13.jar:/root/.m2/repository/io/netty/netty/3.10.5.Final/netty-3.10.5.Final.jar:/root/.m2/repository/io/netty/netty-all/4.0.52.Final/netty-all-4.0.52.Final.jar:/root/.m2/repository/org/fusesource/leveldbjni/leveldbjni-all/1.8/leveldbjni-all-1.8.jar:"/>
    <property name="java.vm.vendor" value="IcedTea"/>
    <property name="sun.arch.data.model" value="64"/>
    <property name="test.build.dir" value="/opt/src/hadoop-ozone/integration-test/target/test-dir"/>
    <property name="test.cache.data" value=""/>
    <property name="java.vendor.url" value="https://icedtea.classpath.org"/>
    <property name="user.timezone" value=""/>
    <property name="java.vm.specification.version" value="1.8"/>
    <property name="os.name" value="Linux"/>
    <property name="test.build.data" value="/opt/src/hadoop-ozone/integration-test/target/test-dir"/>
    <property name="user.country" value="US"/>
    <property name="sun.java.launcher" value="SUN_STANDARD"/>
    <property name="sun.boot.library.path" value="/usr/lib/jvm/java-1.8-openjdk/jre/lib/amd64"/>
    <property name="sun.java.command" value="/opt/src/hadoop-ozone/integration-test/target/surefire/surefirebooter6952265724391388737.jar /opt/src/hadoop-ozone/integration-test/target/surefire 2019-06-14T00-32-52_167-jvmRun1 surefire4573233268024820259tmp surefire_82772945174773438189tmp"/>
    <property name="surefire.test.class.path" value="/opt/src/hadoop-ozone/integration-test/target/test-classes:/opt/src/hadoop-ozone/integration-test/target/classes:/root/.m2/repository/org/apache/hadoop/hadoop-ozone-common/0.5.0-SNAPSHOT/hadoop-ozone-common-0.5.0-SNAPSHOT.jar:/root/.m2/repository/org/apache/commons/commons-compress/1.4.1/commons-compress-1.4.1.jar:/root/.m2/repository/org/tukaani/xz/1.0/xz-1.0.jar:/root/.m2/repository/org/apache/hadoop/hadoop-common/3.2.0/hadoop-common-3.2.0.jar:/root/.m2/repository/org/apache/hadoop/hadoop-hdfs/3.2.0/hadoop-hdfs-3.2.0.jar:/root/.m2/repository/org/apache/hadoop/hadoop-hdfs-client/3.2.0/hadoop-hdfs-client-3.2.0.jar:/root/.m2/repository/com/fasterxml/jackson/core/jackson-annotations/2.9.5/jackson-annotations-2.9.5.jar:/root/.m2/repository/org/apache/hadoop/hadoop-hdds-common/0.5.0-SNAPSHOT/hadoop-hdds-common-0.5.0-SNAPSHOT.jar:/root/.m2/repository/javax/annotation/javax.annotation-api/1.2/javax.annotation-api-1.2.jar:/root/.m2/repository/org/apache/ratis/ratis-server/0.4.0-fe2b15d-SNAPSHOT/ratis-server-0.4.0-fe2b15d-SNAPSHOT.jar:/root/.m2/repository/org/apache/ratis/ratis-thirdparty-misc/0.2.0/ratis-thirdparty-misc-0.2.0.jar:/root/.m2/repository/org/apache/ratis/ratis-proto/0.4.0-fe2b15d-SNAPSHOT/ratis-proto-0.4.0-fe2b15d-SNAPSHOT.jar:/root/.m2/repository/org/apache/ratis/ratis-common/0.4.0-fe2b15d-SNAPSHOT/ratis-common-0.4.0-fe2b15d-SNAPSHOT.jar:/root/.m2/repository/org/apache/ratis/ratis-client/0.4.0-fe2b15d-SNAPSHOT/ratis-client-0.4.0-fe2b15d-SNAPSHOT.jar:/root/.m2/repository/org/apache/ratis/ratis-netty/0.4.0-fe2b15d-SNAPSHOT/ratis-netty-0.4.0-fe2b15d-SNAPSHOT.jar:/root/.m2/repository/org/apache/ratis/ratis-grpc/0.4.0-fe2b15d-SNAPSHOT/ratis-grpc-0.4.0-fe2b15d-SNAPSHOT.jar:/root/.m2/repository/org/rocksdb/rocksdbjni/5.14.2/rocksdbjni-5.14.2.jar:/root/.m2/repository/org/apache/logging/log4j/log4j-api/2.11.0/log4j-api-2.11.0.jar:/root/.m2/repository/org/apache/logging/log4j/log4j-core/2.11.0/log4j-core-2.11.0.jar:/root/.m2/repository/com/lmax/disruptor/3.4.2/disruptor-3.4.2.jar:/root/.m2/repository/org/apache/commons/commons-pool2/2.6.0/commons-pool2-2.6.0.jar:/root/.m2/repository/org/bouncycastle/bcpkix-jdk15on/1.60/bcpkix-jdk15on-1.60.jar:/root/.m2/repository/commons-validator/commons-validator/1.6/commons-validator-1.6.jar:/root/.m2/repository/commons-digester/commons-digester/1.8.1/commons-digester-1.8.1.jar:/root/.m2/repository/io/jaegertracing/jaeger-client/0.33.1/jaeger-client-0.33.1.jar:/root/.m2/repository/io/jaegertracing/jaeger-thrift/0.33.1/jaeger-thrift-0.33.1.jar:/root/.m2/repository/org/apache/thrift/libthrift/0.11.0/libthrift-0.11.0.jar:/root/.m2/repository/com/squareup/okhttp3/okhttp/3.9.0/okhttp-3.9.0.jar:/root/.m2/repository/com/squareup/okio/okio/1.13.0/okio-1.13.0.jar:/root/.m2/repository/io/jaegertracing/jaeger-core/0.33.1/jaeger-core-0.33.1.jar:/root/.m2/repository/io/jaegertracing/jaeger-tracerresolver/0.33.1/jaeger-tracerresolver-0.33.1.jar:/root/.m2/repository/io/opentracing/contrib/opentracing-tracerresolver/0.1.5/opentracing-tracerresolver-0.1.5.jar:/root/.m2/repository/io/opentracing/opentracing-util/0.31.0/opentracing-util-0.31.0.jar:/root/.m2/repository/io/opentracing/opentracing-api/0.31.0/opentracing-api-0.31.0.jar:/root/.m2/repository/io/opentracing/opentracing-noop/0.31.0/opentracing-noop-0.31.0.jar:/root/.m2/repository/org/apache/hadoop/hadoop-hdds-server-framework/0.5.0-SNAPSHOT/hadoop-hdds-server-framework-0.5.0-SNAPSHOT.jar:/root/.m2/repository/org/apache/hadoop/hadoop-hdds-server-scm/0.5.0-SNAPSHOT/hadoop-hdds-server-scm-0.5.0-SNAPSHOT.jar:/root/.m2/repository/org/apache/hadoop/hadoop-hdds-container-service/0.5.0-SNAPSHOT/hadoop-hdds-container-service-0.5.0-SNAPSHOT.jar:/root/.m2/repository/org/apache/hadoop/hadoop-hdds-client/0.5.0-SNAPSHOT/hadoop-hdds-client-0.5.0-SNAPSHOT.jar:/root/.m2/repository/org/apache/hadoop/hadoop-hdds-tools/0.5.0-SNAPSHOT/hadoop-hdds-tools-0.5.0-SNAPSHOT.jar:/root/.m2/repository/org/apache/hadoop/hadoop-ozone-ozone-manager/0.5.0-SNAPSHOT/hadoop-ozone-ozone-manager-0.5.0-SNAPSHOT.jar:/root/.m2/repository/org/apache/hadoop/hadoop-hdds-docs/0.5.0-SNAPSHOT/hadoop-hdds-docs-0.5.0-SNAPSHOT.jar:/root/.m2/repository/org/bouncycastle/bcprov-jdk15on/1.60/bcprov-jdk15on-1.60.jar:/root/.m2/repository/org/apache/hadoop/hadoop-minikdc/3.2.0/hadoop-minikdc-3.2.0.jar:/root/.m2/repository/commons-io/commons-io/2.5/commons-io-2.5.jar:/root/.m2/repository/org/apache/kerby/kerb-simplekdc/1.0.1/kerb-simplekdc-1.0.1.jar:/root/.m2/repository/org/apache/kerby/kerb-client/1.0.1/kerb-client-1.0.1.jar:/root/.m2/repository/org/apache/kerby/kerby-config/1.0.1/kerby-config-1.0.1.jar:/root/.m2/repository/org/apache/kerby/kerb-core/1.0.1/kerb-core-1.0.1.jar:/root/.m2/repository/org/apache/kerby/kerby-pkix/1.0.1/kerby-pkix-1.0.1.jar:/root/.m2/repository/org/apache/kerby/kerby-asn1/1.0.1/kerby-asn1-1.0.1.jar:/root/.m2/repository/org/apache/kerby/kerby-util/1.0.1/kerby-util-1.0.1.jar:/root/.m2/repository/org/apache/kerby/kerb-common/1.0.1/kerb-common-1.0.1.jar:/root/.m2/repository/org/apache/kerby/kerb-crypto/1.0.1/kerb-crypto-1.0.1.jar:/root/.m2/repository/org/apache/kerby/kerb-util/1.0.1/kerb-util-1.0.1.jar:/root/.m2/repository/org/apache/kerby/token-provider/1.0.1/token-provider-1.0.1.jar:/root/.m2/repository/org/apache/kerby/kerb-admin/1.0.1/kerb-admin-1.0.1.jar:/root/.m2/repository/org/apache/kerby/kerb-server/1.0.1/kerb-server-1.0.1.jar:/root/.m2/repository/org/apache/kerby/kerb-identity/1.0.1/kerb-identity-1.0.1.jar:/root/.m2/repository/org/apache/kerby/kerby-xdr/1.0.1/kerby-xdr-1.0.1.jar:/root/.m2/repository/org/slf4j/slf4j-log4j12/1.7.25/slf4j-log4j12-1.7.25.jar:/root/.m2/repository/org/apache/hadoop/hadoop-ozone-objectstore-service/0.5.0-SNAPSHOT/hadoop-ozone-objectstore-service-0.5.0-SNAPSHOT.jar:/root/.m2/repository/org/apache/hadoop/hadoop-ozone-s3gateway/0.5.0-SNAPSHOT/hadoop-ozone-s3gateway-0.5.0-SNAPSHOT.jar:/root/.m2/repository/org/jboss/weld/servlet/weld-servlet/2.4.7.Final/weld-servlet-2.4.7.Final.jar:/root/.m2/repository/org/glassfish/jersey/containers/jersey-container-servlet-core/2.27/jersey-container-servlet-core-2.27.jar:/root/.m2/repository/org/glassfish/hk2/external/javax.inject/2.5.0-b42/javax.inject-2.5.0-b42.jar:/root/.m2/repository/org/glassfish/jersey/core/jersey-common/2.27/jersey-common-2.27.jar:/root/.m2/repository/org/glassfish/hk2/osgi-resource-locator/1.0.1/osgi-resource-locator-1.0.1.jar:/root/.m2/repository/javax/ws/rs/javax.ws.rs-api/2.1/javax.ws.rs-api-2.1.jar:/root/.m2/repository/org/glassfish/jersey/ext/cdi/jersey-cdi1x/2.27/jersey-cdi1x-2.27.jar:/root/.m2/repository/org/glassfish/jersey/inject/jersey-hk2/2.27/jersey-hk2-2.27.jar:/root/.m2/repository/org/glassfish/hk2/hk2-locator/2.5.0-b42/hk2-locator-2.5.0-b42.jar:/root/.m2/repository/org/javassist/javassist/3.22.0-CR2/javassist-3.22.0-CR2.jar:/root/.m2/repository/org/glassfish/hk2/hk2-api/2.5.0/hk2-api-2.5.0.jar:/root/.m2/repository/org/glassfish/hk2/external/jakarta.inject/2.5.0/jakarta.inject-2.5.0.jar:/root/.m2/repository/org/glassfish/hk2/hk2-utils/2.5.0/hk2-utils-2.5.0.jar:/root/.m2/repository/jakarta/annotation/jakarta.annotation-api/1.3.4/jakarta.annotation-api-1.3.4.jar:/root/.m2/repository/org/glassfish/hk2/external/aopalliance-repackaged/2.5.0/aopalliance-repackaged-2.5.0.jar:/root/.m2/repository/com/fasterxml/jackson/dataformat/jackson-dataformat-xml/2.9.0/jackson-dataformat-xml-2.9.0.jar:/root/.m2/repository/com/fasterxml/jackson/core/jackson-core/2.9.5/jackson-core-2.9.5.jar:/root/.m2/repository/com/fasterxml/jackson/module/jackson-module-jaxb-annotations/2.9.5/jackson-module-jaxb-annotations-2.9.5.jar:/root/.m2/repository/javax/enterprise/cdi-api/1.2/cdi-api-1.2.jar:/root/.m2/repository/javax/el/javax.el-api/3.0.0/javax.el-api-3.0.0.jar:/root/.m2/repository/javax/interceptor/javax.interceptor-api/1.2/javax.interceptor-api-1.2.jar:/root/.m2/repository/javax/inject/javax.inject/1/javax.inject-1.jar:/root/.m2/repository/com/sun/xml/bind/jaxb-impl/2.3.0.1/jaxb-impl-2.3.0.1.jar:/root/.m2/repository/com/sun/xml/bind/jaxb-core/2.3.0.1/jaxb-core-2.3.0.1.jar:/root/.m2/repository/javax/xml/bind/jaxb-api/2.3.0/jaxb-api-2.3.0.jar:/root/.m2/repository/javax/activation/activation/1.1.1/activation-1.1.1.jar:/root/.m2/repository/org/apache/hadoop/hadoop-ozone-csi/0.5.0-SNAPSHOT/hadoop-ozone-csi-0.5.0-SNAPSHOT.jar:/root/.m2/repository/com/google/protobuf/protobuf-java-util/3.5.1/protobuf-java-util-3.5.1.jar:/root/.m2/repository/org/apache/hadoop/hadoop-hdds-config/0.5.0-SNAPSHOT/hadoop-hdds-config-0.5.0-SNAPSHOT.jar:/root/.m2/repository/com/google/guava/guava/11.0.2/guava-11.0.2.jar:/root/.m2/repository/com/google/protobuf/protobuf-java/2.5.0/protobuf-java-2.5.0.jar:/root/.m2/repository/io/grpc/grpc-netty/1.17.1/grpc-netty-1.17.1.jar:/root/.m2/repository/io/grpc/grpc-core/1.17.1/grpc-core-1.17.1.jar:/root/.m2/repository/io/grpc/grpc-context/1.17.1/grpc-context-1.17.1.jar:/root/.m2/repository/com/google/errorprone/error_prone_annotations/2.2.0/error_prone_annotations-2.2.0.jar:/root/.m2/repository/org/codehaus/mojo/animal-sniffer-annotations/1.17/animal-sniffer-annotations-1.17.jar:/root/.m2/repository/io/opencensus/opencensus-api/0.17.0/opencensus-api-0.17.0.jar:/root/.m2/repository/io/opencensus/opencensus-contrib-grpc-metrics/0.17.0/opencensus-contrib-grpc-metrics-0.17.0.jar:/root/.m2/repository/io/netty/netty-codec-http2/4.1.30.Final/netty-codec-http2-4.1.30.Final.jar:/root/.m2/repository/io/netty/netty-codec-http/4.1.30.Final/netty-codec-http-4.1.30.Final.jar:/root/.m2/repository/io/netty/netty-codec/4.1.30.Final/netty-codec-4.1.30.Final.jar:/root/.m2/repository/io/netty/netty-handler/4.1.30.Final/netty-handler-4.1.30.Final.jar:/root/.m2/repository/io/netty/netty-handler-proxy/4.1.30.Final/netty-handler-proxy-4.1.30.Final.jar:/root/.m2/repository/io/netty/netty-codec-socks/4.1.30.Final/netty-codec-socks-4.1.30.Final.jar:/root/.m2/repository/io/netty/netty-transport-native-epoll/4.1.30.Final/netty-transport-native-epoll-4.1.30.Final.jar:/root/.m2/repository/io/netty/netty-common/4.1.30.Final/netty-common-4.1.30.Final.jar:/root/.m2/repository/io/netty/netty-buffer/4.1.30.Final/netty-buffer-4.1.30.Final.jar:/root/.m2/repository/io/netty/netty-transport/4.1.30.Final/netty-transport-4.1.30.Final.jar:/root/.m2/repository/io/netty/netty-resolver/4.1.30.Final/netty-resolver-4.1.30.Final.jar:/root/.m2/repository/io/netty/netty-transport-native-unix-common/4.1.30.Final/netty-transport-native-unix-common-4.1.30.Final.jar:/root/.m2/repository/io/grpc/grpc-protobuf/1.17.1/grpc-protobuf-1.17.1.jar:/root/.m2/repository/com/google/api/grpc/proto-google-common-protos/1.0.0/proto-google-common-protos-1.0.0.jar:/root/.m2/repository/io/grpc/grpc-protobuf-lite/1.17.1/grpc-protobuf-lite-1.17.1.jar:/root/.m2/repository/io/grpc/grpc-stub/1.17.1/grpc-stub-1.17.1.jar:/root/.m2/repository/org/apache/hadoop/hadoop-ozone-recon/0.5.0-SNAPSHOT/hadoop-ozone-recon-0.5.0-SNAPSHOT.jar:/root/.m2/repository/org/apache/hadoop/hadoop-ozone-reconcodegen/0.5.0-SNAPSHOT/hadoop-ozone-reconcodegen-0.5.0-SNAPSHOT.jar:/root/.m2/repository/com/google/inject/extensions/guice-multibindings/4.0/guice-multibindings-4.0.jar:/root/.m2/repository/com/google/inject/guice/4.0/guice-4.0.jar:/root/.m2/repository/aopalliance/aopalliance/1.0/aopalliance-1.0.jar:/root/.m2/repository/com/google/inject/extensions/guice-servlet/4.0/guice-servlet-4.0.jar:/root/.m2/repository/org/glassfish/jersey/containers/jersey-container-servlet/2.27/jersey-container-servlet-2.27.jar:/root/.m2/repository/org/glassfish/hk2/guice-bridge/2.5.0/guice-bridge-2.5.0.jar:/root/.m2/repository/org/glassfish/jersey/core/jersey-server/2.27/jersey-server-2.27.jar:/root/.m2/repository/org/glassfish/jersey/core/jersey-client/2.27/jersey-client-2.27.jar:/root/.m2/repository/org/glassfish/jersey/media/jersey-media-jaxb/2.27/jersey-media-jaxb-2.27.jar:/root/.m2/repository/javax/validation/validation-api/1.1.0.Final/validation-api-1.1.0.Final.jar:/root/.m2/repository/org/glassfish/jersey/media/jersey-media-json-jackson/2.27/jersey-media-json-jackson-2.27.jar:/root/.m2/repository/org/glassfish/jersey/ext/jersey-entity-filtering/2.27/jersey-entity-filtering-2.27.jar:/root/.m2/repository/com/google/inject/extensions/guice-assistedinject/4.0/guice-assistedinject-4.0.jar:/root/.m2/repository/org/jooq/jooq/3.11.10/jooq-3.11.10.jar:/root/.m2/repository/org/jooq/jooq-meta/3.11.10/jooq-meta-3.11.10.jar:/root/.m2/repository/org/jooq/jooq-codegen/3.11.10/jooq-codegen-3.11.10.jar:/root/.m2/repository/com/jolbox/bonecp/0.8.0.RELEASE/bonecp-0.8.0.RELEASE.jar:/root/.m2/repository/org/xerial/sqlite-jdbc/3.25.2/sqlite-jdbc-3.25.2.jar:/root/.m2/repository/org/springframework/spring-jdbc/5.1.3.RELEASE/spring-jdbc-5.1.3.RELEASE.jar:/root/.m2/repository/org/springframework/spring-beans/5.1.3.RELEASE/spring-beans-5.1.3.RELEASE.jar:/root/.m2/repository/org/springframework/spring-core/5.1.3.RELEASE/spring-core-5.1.3.RELEASE.jar:/root/.m2/repository/org/springframework/spring-jcl/5.1.3.RELEASE/spring-jcl-5.1.3.RELEASE.jar:/root/.m2/repository/org/springframework/spring-tx/5.1.3.RELEASE/spring-tx-5.1.3.RELEASE.jar:/root/.m2/repository/org/apache/hadoop/hadoop-ozone-client/0.5.0-SNAPSHOT/hadoop-ozone-client-0.5.0-SNAPSHOT.jar:/root/.m2/repository/org/apache/hadoop/hadoop-ozone-ozone-manager/0.5.0-SNAPSHOT/hadoop-ozone-ozone-manager-0.5.0-SNAPSHOT-tests.jar:/root/.m2/repository/junit/junit/4.11/junit-4.11.jar:/root/.m2/repository/org/hamcrest/hamcrest-core/1.3/hamcrest-core-1.3.jar:/root/.m2/repository/org/openjdk/jmh/jmh-core/1.19/jmh-core-1.19.jar:/root/.m2/repository/net/sf/jopt-simple/jopt-simple/4.6/jopt-simple-4.6.jar:/root/.m2/repository/org/apache/commons/commons-math3/3.1.1/commons-math3-3.1.1.jar:/root/.m2/repository/org/openjdk/jmh/jmh-generator-annprocess/1.19/jmh-generator-annprocess-1.19.jar:/root/.m2/repository/org/mockito/mockito-all/1.8.5/mockito-all-1.8.5.jar:/root/.m2/repository/org/apache/hadoop/hadoop-kms/3.2.0/hadoop-kms-3.2.0.jar:/root/.m2/repository/org/apache/hadoop/hadoop-auth/3.2.0/hadoop-auth-3.2.0.jar:/root/.m2/repository/com/nimbusds/nimbus-jose-jwt/4.41.1/nimbus-jose-jwt-4.41.1.jar:/root/.m2/repository/com/github/stephenc/jcip/jcip-annotations/1.0-1/jcip-annotations-1.0-1.jar:/root/.m2/repository/net/minidev/json-smart/2.3/json-smart-2.3.jar:/root/.m2/repository/net/minidev/accessors-smart/1.2/accessors-smart-1.2.jar:/root/.m2/repository/org/ow2/asm/asm/5.0.4/asm-5.0.4.jar:/root/.m2/repository/org/apache/curator/curator-framework/2.12.0/curator-framework-2.12.0.jar:/root/.m2/repository/com/sun/jersey/jersey-core/1.19/jersey-core-1.19.jar:/root/.m2/repository/javax/ws/rs/jsr311-api/1.1.1/jsr311-api-1.1.1.jar:/root/.m2/repository/com/sun/jersey/jersey-server/1.19/jersey-server-1.19.jar:/root/.m2/repository/javax/servlet/javax.servlet-api/3.1.0/javax.servlet-api-3.1.0.jar:/root/.m2/repository/org/eclipse/jetty/jetty-server/9.3.24.v20180605/jetty-server-9.3.24.v20180605.jar:/root/.m2/repository/org/eclipse/jetty/jetty-http/9.3.24.v20180605/jetty-http-9.3.24.v20180605.jar:/root/.m2/repository/org/eclipse/jetty/jetty-io/9.3.24.v20180605/jetty-io-9.3.24.v20180605.jar:/root/.m2/repository/org/eclipse/jetty/jetty-webapp/9.3.24.v20180605/jetty-webapp-9.3.24.v20180605.jar:/root/.m2/repository/org/eclipse/jetty/jetty-xml/9.3.24.v20180605/jetty-xml-9.3.24.v20180605.jar:/root/.m2/repository/log4j/log4j/1.2.17/log4j-1.2.17.jar:/root/.m2/repository/org/slf4j/slf4j-api/1.7.25/slf4j-api-1.7.25.jar:/root/.m2/repository/org/slf4j/jul-to-slf4j/1.7.25/jul-to-slf4j-1.7.25.jar:/root/.m2/repository/org/eclipse/jetty/jetty-util/9.3.24.v20180605/jetty-util-9.3.24.v20180605.jar:/root/.m2/repository/io/dropwizard/metrics/metrics-core/3.2.4/metrics-core-3.2.4.jar:/root/.m2/repository/com/fasterxml/jackson/core/jackson-databind/2.9.5/jackson-databind-2.9.5.jar:/root/.m2/repository/org/apache/hadoop/hadoop-kms/3.2.0/hadoop-kms-3.2.0-tests.jar:/root/.m2/repository/org/apache/hadoop/hadoop-hdds-server-scm/0.5.0-SNAPSHOT/hadoop-hdds-server-scm-0.5.0-SNAPSHOT-tests.jar:/root/.m2/repository/org/hamcrest/hamcrest-all/1.3/hamcrest-all-1.3.jar:/root/.m2/repository/info/picocli/picocli/3.9.6/picocli-3.9.6.jar:/root/.m2/repository/org/apache/hadoop/hadoop-hdds-container-service/0.5.0-SNAPSHOT/hadoop-hdds-container-service-0.5.0-SNAPSHOT-tests.jar:/root/.m2/repository/org/yaml/snakeyaml/1.16/snakeyaml-1.16.jar:/root/.m2/repository/org/apache/hadoop/hadoop-common/3.2.0/hadoop-common-3.2.0-tests.jar:/root/.m2/repository/org/apache/hadoop/hadoop-annotations/3.2.0/hadoop-annotations-3.2.0.jar:/usr/lib/jvm/java-1.8-openjdk/jre/../lib/tools.jar:/root/.m2/repository/commons-cli/commons-cli/1.2/commons-cli-1.2.jar:/root/.m2/repository/org/apache/httpcomponents/httpclient/4.5.2/httpclient-4.5.2.jar:/root/.m2/repository/org/apache/httpcomponents/httpcore/4.4.4/httpcore-4.4.4.jar:/root/.m2/repository/commons-codec/commons-codec/1.11/commons-codec-1.11.jar:/root/.m2/repository/commons-net/commons-net/3.6/commons-net-3.6.jar:/root/.m2/repository/commons-collections/commons-collections/3.2.2/commons-collections-3.2.2.jar:/root/.m2/repository/org/eclipse/jetty/jetty-servlet/9.3.24.v20180605/jetty-servlet-9.3.24.v20180605.jar:/root/.m2/repository/org/eclipse/jetty/jetty-security/9.3.24.v20180605/jetty-security-9.3.24.v20180605.jar:/root/.m2/repository/javax/servlet/jsp/jsp-api/2.1/jsp-api-2.1.jar:/root/.m2/repository/com/sun/jersey/jersey-servlet/1.19/jersey-servlet-1.19.jar:/root/.m2/repository/com/sun/jersey/jersey-json/1.19/jersey-json-1.19.jar:/root/.m2/repository/org/codehaus/jettison/jettison/1.1/jettison-1.1.jar:/root/.m2/repository/org/codehaus/jackson/jackson-core-asl/1.9.13/jackson-core-asl-1.9.13.jar:/root/.m2/repository/org/codehaus/jackson/jackson-mapper-asl/1.9.13/jackson-mapper-asl-1.9.13.jar:/root/.m2/repository/org/codehaus/jackson/jackson-jaxrs/1.9.13/jackson-jaxrs-1.9.13.jar:/root/.m2/repository/org/codehaus/jackson/jackson-xc/1.9.13/jackson-xc-1.9.13.jar:/root/.m2/repository/commons-logging/commons-logging/1.1.3/commons-logging-1.1.3.jar:/root/.m2/repository/commons-beanutils/commons-beanutils/1.9.3/commons-beanutils-1.9.3.jar:/root/.m2/repository/org/apache/commons/commons-configuration2/2.1.1/commons-configuration2-2.1.1.jar:/root/.m2/repository/org/apache/commons/commons-lang3/3.7/commons-lang3-3.7.jar:/root/.m2/repository/org/apache/commons/commons-text/1.4/commons-text-1.4.jar:/root/.m2/repository/org/apache/avro/avro/1.7.7/avro-1.7.7.jar:/root/.m2/repository/com/thoughtworks/paranamer/paranamer/2.3/paranamer-2.3.jar:/root/.m2/repository/org/xerial/snappy/snappy-java/1.0.5/snappy-java-1.0.5.jar:/root/.m2/repository/com/google/re2j/re2j/1.1/re2j-1.1.jar:/root/.m2/repository/com/google/code/gson/gson/2.2.4/gson-2.2.4.jar:/root/.m2/repository/com/jcraft/jsch/0.1.54/jsch-0.1.54.jar:/root/.m2/repository/org/apache/curator/curator-client/2.12.0/curator-client-2.12.0.jar:/root/.m2/repository/org/apache/curator/curator-recipes/2.12.0/curator-recipes-2.12.0.jar:/root/.m2/repository/com/google/code/findbugs/jsr305/3.0.0/jsr305-3.0.0.jar:/root/.m2/repository/org/apache/htrace/htrace-core4/4.1.0-incubating/htrace-core4-4.1.0-incubating.jar:/root/.m2/repository/org/apache/zookeeper/zookeeper/3.4.13/zookeeper-3.4.13.jar:/root/.m2/repository/org/apache/yetus/audience-annotations/0.5.0/audience-annotations-0.5.0.jar:/root/.m2/repository/org/codehaus/woodstox/stax2-api/3.1.4/stax2-api-3.1.4.jar:/root/.m2/repository/com/fasterxml/woodstox/woodstox-core/5.0.3/woodstox-core-5.0.3.jar:/root/.m2/repository/dnsjava/dnsjava/2.1.7/dnsjava-2.1.7.jar:/root/.m2/repository/org/apache/hadoop/hadoop-hdfs/3.2.0/hadoop-hdfs-3.2.0-tests.jar:/root/.m2/repository/org/eclipse/jetty/jetty-util-ajax/9.3.24.v20180605/jetty-util-ajax-9.3.24.v20180605.jar:/root/.m2/repository/commons-daemon/commons-daemon/1.0.13/commons-daemon-1.0.13.jar:/root/.m2/repository/io/netty/netty/3.10.5.Final/netty-3.10.5.Final.jar:/root/.m2/repository/io/netty/netty-all/4.0.52.Final/netty-all-4.0.52.Final.jar:/root/.m2/repository/org/fusesource/leveldbjni/leveldbjni-all/1.8/leveldbjni-all-1.8.jar:"/>
    <property name="sun.cpu.endian" value="little"/>
    <property name="user.home" value="/root"/>
    <property name="user.language" value="en"/>
    <property name="java.specification.vendor" value="Oracle Corporation"/>
    <property name="java.home" value="/usr/lib/jvm/java-1.8-openjdk/jre"/>
    <property name="java.security.krb5.conf" value="/opt/src/hadoop-ozone/integration-test/target/test-classes/krb5.conf"/>
    <property name="basedir" value="/opt/src/hadoop-ozone/integration-test"/>
    <property name="file.separator" value="/"/>
    <property name="line.separator" value="&#10;"/>
    <property name="java.vm.specification.vendor" value="Oracle Corporation"/>
    <property name="java.specification.name" value="Java Platform API Specification"/>
    <property name="java.awt.graphicsenv" value="sun.awt.X11GraphicsEnvironment"/>
    <property name="surefire.real.class.path" value="/opt/src/hadoop-ozone/integration-test/target/surefire/surefirebooter6952265724391388737.jar"/>
    <property name="hadoop.log.dir" value="/opt/src/hadoop-ozone/integration-test/target/log"/>
    <property name="sun.boot.class.path" value="/usr/lib/jvm/java-1.8-openjdk/jre/lib/resources.jar:/usr/lib/jvm/java-1.8-openjdk/jre/lib/rt.jar:/usr/lib/jvm/java-1.8-openjdk/jre/lib/sunrsasign.jar:/usr/lib/jvm/java-1.8-openjdk/jre/lib/jsse.jar:/usr/lib/jvm/java-1.8-openjdk/jre/lib/jce.jar:/usr/lib/jvm/java-1.8-openjdk/jre/lib/charsets.jar:/usr/lib/jvm/java-1.8-openjdk/jre/lib/jfr.jar:/usr/lib/jvm/java-1.8-openjdk/jre/classes"/>
    <property name="sun.management.compiler" value="HotSpot 64-Bit Tiered Compilers"/>
    <property name="java.runtime.version" value="1.8.0_212-b04"/>
    <property name="java.net.preferIPv4Stack" value="true"/>
    <property name="user.name" value="root"/>
    <property name="path.separator" value=":"/>
    <property name="java.security.egd" value="file:///dev/urandom"/>
    <property name="os.version" value="4.15.0-1021-aws"/>
    <property name="java.endorsed.dirs" value="/usr/lib/jvm/java-1.8-openjdk/jre/lib/endorsed"/>
    <property name="java.runtime.name" value="OpenJDK Runtime Environment"/>
    <property name="file.encoding" value="UTF-8"/>
    <property name="java.vm.name" value="OpenJDK 64-Bit Server VM"/>
    <property name="test.build.webapps" value=""/>
    <property name="localRepository" value="/root/.m2/repository"/>
    <property name="java.vendor.url.bug" value="https://icedtea.classpath.org/bugzilla"/>
    <property name="java.io.tmpdir" value="/tmp"/>
    <property name="require.test.libhadoop" value=""/>
    <property name="java.version" value="1.8.0_212"/>
    <property name="user.dir" value="/opt/src/hadoop-ozone/integration-test"/>
    <property name="os.arch" value="amd64"/>
    <property name="java.vm.specification.name" value="Java Virtual Machine Specification"/>
    <property name="test.build.classes" value="/opt/src/hadoop-ozone/integration-test/target/test-classes"/>
    <property name="java.awt.printerjob" value="sun.print.PSPrinterJob"/>
    <property name="sun.os.patch.level" value="unknown"/>
    <property name="hadoop.tmp.dir" value="/opt/src/hadoop-ozone/integration-test/target/tmp"/>
    <property name="java.library.path" value="/usr/lib/jvm/java-1.8-openjdk/jre/lib/amd64/server:/usr/lib/jvm/java-1.8-openjdk/jre/lib/amd64:/usr/lib/jvm/java-1.8-openjdk/jre/../lib/amd64:/opt/src/hadoop-ozone/integration-test/target/native/target/usr/local/lib:/opt/src/hadoop-ozone/integration-test/../../hadoop-common-project/hadoop-common/target/native/target/usr/local/lib:/usr/java/packages/lib/amd64:/usr/lib64:/lib64:/lib:/usr/lib"/>
    <property name="java.vm.info" value="mixed mode"/>
    <property name="java.vendor" value="IcedTea"/>
    <property name="java.vm.version" value="25.212-b04"/>
    <property name="java.ext.dirs" value="/usr/lib/jvm/java-1.8-openjdk/jre/lib/ext:/usr/java/packages/lib/ext"/>
    <property name="sun.io.unicode.encoding" value="UnicodeLittle"/>
    <property name="java.class.version" value="52.0"/>
  </properties>
  <testcase name="testPipelineFail" classname="org.apache.hadoop.hdds.scm.pipeline.TestNodeFailure" time="0">
    <skipped/>
    <system-out><![CDATA[2019-06-14 00:37:34,115 WARN  server.ServerUtils (ServerUtils.java:getScmDbDir(145)) - ozone.scm.db.dirs is not configured. We recommend adding this setting. Falling back to ozone.metadata.dirs instead.
2019-06-14 00:37:34,236 WARN  server.ServerUtils (ServerUtils.java:getScmDbDir(145)) - ozone.scm.db.dirs is not configured. We recommend adding this setting. Falling back to ozone.metadata.dirs instead.
2019-06-14 00:37:34,239 WARN  server.ServerUtils (ServerUtils.java:getScmDbDir(145)) - ozone.scm.db.dirs is not configured. We recommend adding this setting. Falling back to ozone.metadata.dirs instead.
2019-06-14 00:37:34,262 INFO  util.log (Log.java:initialized(192)) - Logging initialized @897ms
2019-06-14 00:37:34,381 INFO  db.DBStoreBuilder (DBStoreBuilder.java:addTable(110)) - using custom profile for table: deletedBlocks
2019-06-14 00:37:34,381 INFO  db.DBStoreBuilder (DBStoreBuilder.java:processTables(161)) - Using default column profile:DBProfile.DISK for Table:deletedBlocks
2019-06-14 00:37:34,382 INFO  db.DBStoreBuilder (DBStoreBuilder.java:addTable(110)) - using custom profile for table: validCerts
2019-06-14 00:37:34,382 INFO  db.DBStoreBuilder (DBStoreBuilder.java:processTables(161)) - Using default column profile:DBProfile.DISK for Table:validCerts
2019-06-14 00:37:34,382 INFO  db.DBStoreBuilder (DBStoreBuilder.java:addTable(110)) - using custom profile for table: revokedCerts
2019-06-14 00:37:34,382 INFO  db.DBStoreBuilder (DBStoreBuilder.java:processTables(161)) - Using default column profile:DBProfile.DISK for Table:revokedCerts
2019-06-14 00:37:34,395 INFO  db.DBStoreBuilder (DBStoreBuilder.java:addTable(110)) - using custom profile for table: default
2019-06-14 00:37:34,395 INFO  db.DBStoreBuilder (DBStoreBuilder.java:processTables(167)) - Using default column profile:DBProfile.DISK for Table:default
2019-06-14 00:37:34,397 INFO  db.DBStoreBuilder (DBStoreBuilder.java:getDbProfile(198)) - Using default options. DBProfile.DISK
2019-06-14 00:37:34,516 INFO  node.SCMNodeManager (SCMNodeManager.java:<init>(108)) - Entering startup safe mode.
2019-06-14 00:37:34,590 INFO  net.NodeSchemaLoader (NodeSchemaLoader.java:loadSchemaFromFile(125)) - Loading file from sun.misc.CompoundEnumeration@443118b0
2019-06-14 00:37:34,591 INFO  net.NodeSchemaLoader (NodeSchemaLoader.java:loadSchema(171)) - Loading network topology layer schema file
2019-06-14 00:37:34,658 WARN  server.ServerUtils (ServerUtils.java:getScmDbDir(145)) - ozone.scm.db.dirs is not configured. We recommend adding this setting. Falling back to ozone.metadata.dirs instead.
2019-06-14 00:37:34,681 INFO  pipeline.SCMPipelineManager (SCMPipelineManager.java:initializePipelineState(126)) - No pipeline exists in current db
2019-06-14 00:37:34,683 WARN  server.ServerUtils (ServerUtils.java:getScmDbDir(145)) - ozone.scm.db.dirs is not configured. We recommend adding this setting. Falling back to ozone.metadata.dirs instead.
2019-06-14 00:37:34,769 WARN  events.EventQueue (EventQueue.java:fireEvent(175)) - No event handler registered for event TypedEvent{payloadType=SafeModeStatus, name='SafeModeStatus'}
2019-06-14 00:37:35,182 INFO  ipc.CallQueueManager (CallQueueManager.java:<init>(84)) - Using callQueue: class java.util.concurrent.LinkedBlockingQueue, queueCapacity: 2000, scheduler: class org.apache.hadoop.ipc.DefaultRpcScheduler, ipcBackoff: false.
2019-06-14 00:37:35,247 INFO  ipc.Server (Server.java:run(1074)) - Starting Socket Reader #1 for port 36189
2019-06-14 00:37:35,272 INFO  ipc.CallQueueManager (CallQueueManager.java:<init>(84)) - Using callQueue: class java.util.concurrent.LinkedBlockingQueue, queueCapacity: 2000, scheduler: class org.apache.hadoop.ipc.DefaultRpcScheduler, ipcBackoff: false.
2019-06-14 00:37:35,273 INFO  ipc.Server (Server.java:run(1074)) - Starting Socket Reader #1 for port 38421
2019-06-14 00:37:35,281 INFO  ipc.CallQueueManager (CallQueueManager.java:<init>(84)) - Using callQueue: class java.util.concurrent.LinkedBlockingQueue, queueCapacity: 2000, scheduler: class org.apache.hadoop.ipc.DefaultRpcScheduler, ipcBackoff: false.
2019-06-14 00:37:35,361 INFO  ipc.Server (Server.java:run(1074)) - Starting Socket Reader #1 for port 36115
2019-06-14 00:37:35,415 INFO  hdfs.DFSUtil (DFSUtil.java:httpServerTemplateForNNAndJN(1641)) - Starting Web-server for scm at: http://0.0.0.0:0
2019-06-14 00:37:35,614 INFO  server.AuthenticationFilter (AuthenticationFilter.java:constructSecretProvider(240)) - Unable to initialize FileSignerSecretProvider, falling back to use random secrets.
2019-06-14 00:37:35,623 WARN  http.HttpRequestLog (HttpRequestLog.java:getRequestLog(97)) - Jetty request log can only be enabled using Log4j
2019-06-14 00:37:35,631 INFO  http.HttpServer2 (HttpServer2.java:addGlobalFilter(975)) - Added global filter 'safety' (class=org.apache.hadoop.http.HttpServer2$QuotingInputFilter)
2019-06-14 00:37:35,634 INFO  http.HttpServer2 (HttpServer2.java:addFilter(948)) - Added filter static_user_filter (class=org.apache.hadoop.http.lib.StaticUserWebFilter$StaticUserFilter) to context scm
2019-06-14 00:37:35,634 INFO  http.HttpServer2 (HttpServer2.java:addFilter(958)) - Added filter static_user_filter (class=org.apache.hadoop.http.lib.StaticUserWebFilter$StaticUserFilter) to context logs
2019-06-14 00:37:35,634 INFO  http.HttpServer2 (HttpServer2.java:addFilter(958)) - Added filter static_user_filter (class=org.apache.hadoop.http.lib.StaticUserWebFilter$StaticUserFilter) to context static
2019-06-14 00:37:35,659 INFO  server.StorageContainerManager (StorageContainerManager.java:start(752)) - StorageContainerLocationProtocol RPC server is listening at /0.0.0.0:36115
2019-06-14 00:37:35,715 WARN  impl.MetricsConfig (MetricsConfig.java:loadFirst(134)) - Cannot locate configuration: tried hadoop-metrics2-storagecontainermanager.properties,hadoop-metrics2.properties
2019-06-14 00:37:35,732 INFO  impl.MetricsSystemImpl (MetricsSystemImpl.java:startTimer(374)) - Scheduled Metric snapshot period at 10 second(s).
2019-06-14 00:37:35,732 INFO  impl.MetricsSystemImpl (MetricsSystemImpl.java:start(191)) - StorageContainerManager metrics system started
2019-06-14 00:37:35,965 INFO  server.SCMClientProtocolServer (SCMClientProtocolServer.java:start(149)) - RPC server for Client  is listening at /0.0.0.0:36115
2019-06-14 00:37:35,969 INFO  ipc.Server (Server.java:run(1314)) - IPC Server Responder: starting
2019-06-14 00:37:35,973 INFO  ipc.Server (Server.java:run(1153)) - IPC Server listener on 36115: starting
2019-06-14 00:37:35,978 INFO  server.StorageContainerManager (StorageContainerManager.java:start(761)) - ScmBlockLocationProtocol RPC server is listening at /0.0.0.0:38421
2019-06-14 00:37:35,979 INFO  server.SCMBlockProtocolServer (SCMBlockProtocolServer.java:start(137)) - RPC server for Block Protocol is listening at /0.0.0.0:38421
2019-06-14 00:37:35,979 INFO  ipc.Server (Server.java:run(1314)) - IPC Server Responder: starting
2019-06-14 00:37:35,979 INFO  ipc.Server (Server.java:run(1153)) - IPC Server listener on 38421: starting
2019-06-14 00:37:35,982 INFO  server.StorageContainerManager (StorageContainerManager.java:start(765)) - ScmDatanodeProtocl RPC server is listening at /0.0.0.0:36189
2019-06-14 00:37:35,983 INFO  server.SCMDatanodeProtocolServer (SCMDatanodeProtocolServer.java:start(191)) - RPC server for DataNodes is listening at /0.0.0.0:36189
2019-06-14 00:37:35,983 INFO  ipc.Server (Server.java:run(1314)) - IPC Server Responder: starting
2019-06-14 00:37:35,983 INFO  ipc.Server (Server.java:run(1153)) - IPC Server listener on 36189: starting
2019-06-14 00:37:35,995 INFO  http.HttpServer2 (HttpServer2.java:bindListener(1191)) - Jetty bound to port 35317
2019-06-14 00:37:35,997 INFO  server.Server (Server.java:doStart(351)) - jetty-9.3.24.v20180605, build timestamp: 2018-06-05T17:11:56Z, git hash: 84205aa28f11a4f31f2a3b86d1bba2cc8ab69827
2019-06-14 00:37:36,050 INFO  handler.ContextHandler (ContextHandler.java:doStart(781)) - Started o.e.j.s.ServletContextHandler@2df6226d{/logs,file:///opt/src/hadoop-ozone/integration-test/target/log,AVAILABLE}
2019-06-14 00:37:36,055 INFO  handler.ContextHandler (ContextHandler.java:doStart(781)) - Started o.e.j.s.ServletContextHandler@4ff4357f{/static,file:///opt/src/hadoop-ozone/integration-test/target/test-classes/webapps/static,AVAILABLE}
2019-06-14 00:37:36,094 INFO  handler.ContextHandler (ContextHandler.java:doStart(781)) - Started o.e.j.w.WebAppContext@34645867{/,file:///opt/src/hadoop-ozone/integration-test/target/test-classes/webapps/scm/,AVAILABLE}{/scm}
2019-06-14 00:37:36,101 INFO  server.AbstractConnector (AbstractConnector.java:doStart(278)) - Started ServerConnector@dc70301{HTTP/1.1,[http/1.1]}{0.0.0.0:35317}
2019-06-14 00:37:36,101 INFO  server.Server (Server.java:doStart(419)) - Started @2736ms
2019-06-14 00:37:36,102 INFO  server.BaseHttpServer (BaseHttpServer.java:updateConnectorAddress(207)) - HTTP server of SCM is listening at http://0.0.0.0:35317
2019-06-14 00:37:36,114 WARN  scm.ScmUtils (ScmUtils.java:getDBPath(63)) - ozone.om.db.dirs is not configured. We recommend adding this setting. Falling back to ozone.metadata.dirs instead.
2019-06-14 00:37:36,116 INFO  util.JvmPauseMonitor (JvmPauseMonitor.java:run(188)) - Starting JVM pause monitor
2019-06-14 00:37:36,224 WARN  scm.ScmUtils (ScmUtils.java:getDBPath(63)) - ozone.om.db.dirs is not configured. We recommend adding this setting. Falling back to ozone.metadata.dirs instead.
2019-06-14 00:37:36,226 INFO  om.OzoneManager (OzoneManager.java:setOMNodeDetails(519)) - OM Service ID is not set. Setting it to the default ID: omServiceIdDefault
2019-06-14 00:37:36,226 INFO  om.OzoneManager (OzoneManager.java:setOMNodeDetails(525)) - OM Node ID is not set. Setting it to the OmStorage's OmID: c6783221-8db4-4f33-bc57-31bbedb52c3a
2019-06-14 00:37:36,228 WARN  scm.HddsServerUtil (HddsServerUtil.java:getDefaultRatisDirectory(354)) - Storage directory for Ratis is not configured. It is a good idea to map this to an SSD disk. Falling back to ozone.metadata.dirs
2019-06-14 00:37:36,228 WARN  scm.HddsServerUtil (HddsServerUtil.java:getDefaultRatisDirectory(354)) - Storage directory for Ratis is not configured. It is a good idea to map this to an SSD disk. Falling back to ozone.metadata.dirs
2019-06-14 00:37:36,229 INFO  om.OzoneManager (OzoneManager.java:loadOMHAConfigs(476)) - Found matching OM address with OMServiceId: null, OMNodeId: null, RPC Address: localhost:0 and Ratis port: 9872
2019-06-14 00:37:36,448 WARN  scm.ScmUtils (ScmUtils.java:getDBPath(63)) - ozone.om.db.dirs is not configured. We recommend adding this setting. Falling back to ozone.metadata.dirs instead.
2019-06-14 00:37:36,455 INFO  db.DBStoreBuilder (DBStoreBuilder.java:addTable(110)) - using custom profile for table: userTable
2019-06-14 00:37:36,455 INFO  db.DBStoreBuilder (DBStoreBuilder.java:processTables(161)) - Using default column profile:DBProfile.DISK for Table:userTable
2019-06-14 00:37:36,455 INFO  db.DBStoreBuilder (DBStoreBuilder.java:addTable(110)) - using custom profile for table: volumeTable
2019-06-14 00:37:36,455 INFO  db.DBStoreBuilder (DBStoreBuilder.java:processTables(161)) - Using default column profile:DBProfile.DISK for Table:volumeTable
2019-06-14 00:37:36,457 INFO  db.DBStoreBuilder (DBStoreBuilder.java:addTable(110)) - using custom profile for table: bucketTable
2019-06-14 00:37:36,457 INFO  db.DBStoreBuilder (DBStoreBuilder.java:processTables(161)) - Using default column profile:DBProfile.DISK for Table:bucketTable
2019-06-14 00:37:36,458 INFO  db.DBStoreBuilder (DBStoreBuilder.java:addTable(110)) - using custom profile for table: keyTable
2019-06-14 00:37:36,458 INFO  db.DBStoreBuilder (DBStoreBuilder.java:processTables(161)) - Using default column profile:DBProfile.DISK for Table:keyTable
2019-06-14 00:37:36,459 INFO  db.DBStoreBuilder (DBStoreBuilder.java:addTable(110)) - using custom profile for table: deletedTable
2019-06-14 00:37:36,459 INFO  db.DBStoreBuilder (DBStoreBuilder.java:processTables(161)) - Using default column profile:DBProfile.DISK for Table:deletedTable
2019-06-14 00:37:36,459 INFO  db.DBStoreBuilder (DBStoreBuilder.java:addTable(110)) - using custom profile for table: openKeyTable
2019-06-14 00:37:36,459 INFO  db.DBStoreBuilder (DBStoreBuilder.java:processTables(161)) - Using default column profile:DBProfile.DISK for Table:openKeyTable
2019-06-14 00:37:36,460 INFO  db.DBStoreBuilder (DBStoreBuilder.java:addTable(110)) - using custom profile for table: s3Table
2019-06-14 00:37:36,460 INFO  db.DBStoreBuilder (DBStoreBuilder.java:processTables(161)) - Using default column profile:DBProfile.DISK for Table:s3Table
2019-06-14 00:37:36,460 INFO  db.DBStoreBuilder (DBStoreBuilder.java:addTable(110)) - using custom profile for table: multipartInfoTable
2019-06-14 00:37:36,460 INFO  db.DBStoreBuilder (DBStoreBuilder.java:processTables(161)) - Using default column profile:DBProfile.DISK for Table:multipartInfoTable
2019-06-14 00:37:36,463 INFO  db.DBStoreBuilder (DBStoreBuilder.java:addTable(110)) - using custom profile for table: dTokenTable
2019-06-14 00:37:36,463 INFO  db.DBStoreBuilder (DBStoreBuilder.java:processTables(161)) - Using default column profile:DBProfile.DISK for Table:dTokenTable
2019-06-14 00:37:36,464 INFO  db.DBStoreBuilder (DBStoreBuilder.java:addTable(110)) - using custom profile for table: s3SecretTable
2019-06-14 00:37:36,464 INFO  db.DBStoreBuilder (DBStoreBuilder.java:processTables(161)) - Using default column profile:DBProfile.DISK for Table:s3SecretTable
2019-06-14 00:37:36,464 INFO  db.DBStoreBuilder (DBStoreBuilder.java:addTable(110)) - using custom profile for table: prefixTable
2019-06-14 00:37:36,465 INFO  db.DBStoreBuilder (DBStoreBuilder.java:processTables(161)) - Using default column profile:DBProfile.DISK for Table:prefixTable
2019-06-14 00:37:36,465 INFO  db.DBStoreBuilder (DBStoreBuilder.java:addTable(110)) - using custom profile for table: default
2019-06-14 00:37:36,469 INFO  db.DBStoreBuilder (DBStoreBuilder.java:processTables(167)) - Using default column profile:DBProfile.DISK for Table:default
2019-06-14 00:37:36,469 INFO  db.DBStoreBuilder (DBStoreBuilder.java:getDbProfile(198)) - Using default options. DBProfile.DISK
2019-06-14 00:37:37,099 INFO  ipc.CallQueueManager (CallQueueManager.java:<init>(84)) - Using callQueue: class java.util.concurrent.LinkedBlockingQueue, queueCapacity: 2000, scheduler: class org.apache.hadoop.ipc.DefaultRpcScheduler, ipcBackoff: false.
2019-06-14 00:37:37,100 INFO  ipc.Server (Server.java:run(1074)) - Starting Socket Reader #1 for port 34763
2019-06-14 00:37:37,130 WARN  scm.ScmUtils (ScmUtils.java:getDBPath(63)) - ozone.om.db.dirs is not configured. We recommend adding this setting. Falling back to ozone.metadata.dirs instead.
2019-06-14 00:37:37,131 INFO  om.OzoneManager (OzoneManager.java:start(1217)) - OzoneManager RPC server is listening at localhost/127.0.0.1:34763
2019-06-14 00:37:37,131 INFO  impl.MetricsSystemImpl (MetricsSystemImpl.java:init(158)) - OzoneManager metrics system started (again)
2019-06-14 00:37:37,133 INFO  ipc.Server (Server.java:run(1314)) - IPC Server Responder: starting
2019-06-14 00:37:37,145 INFO  ipc.Server (Server.java:run(1153)) - IPC Server listener on 34763: starting
2019-06-14 00:37:37,184 INFO  hdfs.DFSUtil (DFSUtil.java:httpServerTemplateForNNAndJN(1641)) - Starting Web-server for ozoneManager at: http://0.0.0.0:0
2019-06-14 00:37:37,186 INFO  server.AuthenticationFilter (AuthenticationFilter.java:constructSecretProvider(240)) - Unable to initialize FileSignerSecretProvider, falling back to use random secrets.
2019-06-14 00:37:37,189 WARN  http.HttpRequestLog (HttpRequestLog.java:getRequestLog(97)) - Jetty request log can only be enabled using Log4j
2019-06-14 00:37:37,191 INFO  http.HttpServer2 (HttpServer2.java:addGlobalFilter(975)) - Added global filter 'safety' (class=org.apache.hadoop.http.HttpServer2$QuotingInputFilter)
2019-06-14 00:37:37,192 INFO  http.HttpServer2 (HttpServer2.java:addFilter(948)) - Added filter static_user_filter (class=org.apache.hadoop.http.lib.StaticUserWebFilter$StaticUserFilter) to context ozoneManager
2019-06-14 00:37:37,193 INFO  http.HttpServer2 (HttpServer2.java:addFilter(958)) - Added filter static_user_filter (class=org.apache.hadoop.http.lib.StaticUserWebFilter$StaticUserFilter) to context logs
2019-06-14 00:37:37,193 INFO  http.HttpServer2 (HttpServer2.java:addFilter(958)) - Added filter static_user_filter (class=org.apache.hadoop.http.lib.StaticUserWebFilter$StaticUserFilter) to context static
2019-06-14 00:37:37,195 INFO  http.HttpServer2 (HttpServer2.java:bindListener(1191)) - Jetty bound to port 44887
2019-06-14 00:37:37,195 INFO  server.Server (Server.java:doStart(351)) - jetty-9.3.24.v20180605, build timestamp: 2018-06-05T17:11:56Z, git hash: 84205aa28f11a4f31f2a3b86d1bba2cc8ab69827
2019-06-14 00:37:37,198 INFO  handler.ContextHandler (ContextHandler.java:doStart(781)) - Started o.e.j.s.ServletContextHandler@67207d8a{/logs,file:///opt/src/hadoop-ozone/integration-test/target/log,AVAILABLE}
2019-06-14 00:37:37,199 INFO  handler.ContextHandler (ContextHandler.java:doStart(781)) - Started o.e.j.s.ServletContextHandler@7c2a69b4{/static,file:///opt/src/hadoop-ozone/integration-test/target/test-classes/webapps/static,AVAILABLE}
2019-06-14 00:37:37,203 INFO  handler.ContextHandler (ContextHandler.java:doStart(781)) - Started o.e.j.w.WebAppContext@69ce2f62{/,file:///opt/src/hadoop-ozone/integration-test/target/test-classes/webapps/ozoneManager/,AVAILABLE}{/ozoneManager}
2019-06-14 00:37:37,203 INFO  server.AbstractConnector (AbstractConnector.java:doStart(278)) - Started ServerConnector@c9d82f9{HTTP/1.1,[http/1.1]}{0.0.0.0:44887}
2019-06-14 00:37:37,203 INFO  server.Server (Server.java:doStart(419)) - Started @3839ms
2019-06-14 00:37:37,204 INFO  server.BaseHttpServer (BaseHttpServer.java:updateConnectorAddress(207)) - HTTP server of OZONEMANAGER is listening at http://0.0.0.0:44887
2019-06-14 00:37:37,367 INFO  impl.MetricsSystemImpl (MetricsSystemImpl.java:init(158)) - HddsDatanode metrics system started (again)
2019-06-14 00:37:37,555 INFO  ozone.HddsDatanodeService (HddsDatanodeService.java:start(185)) - HddsDatanodeService host:ozone-csdnw-1345654644 ip:192.168.46.62
2019-06-14 00:37:37,594 INFO  volume.HddsVolume (HddsVolume.java:<init>(176)) - Creating Volume: /opt/src/hadoop-ozone/integration-test/target/test-dir/MiniOzoneClusterImpl-bbb5c0a1-9de6-4623-8d23-cb06fc8159d2/datanode-0/data/containers/hdds of  storage type : DISK and capacity : 104021790720
2019-06-14 00:37:37,596 INFO  volume.VolumeSet (VolumeSet.java:initializeVolumeSet(170)) - Added Volume : /opt/src/hadoop-ozone/integration-test/target/test-dir/MiniOzoneClusterImpl-bbb5c0a1-9de6-4623-8d23-cb06fc8159d2/datanode-0/data/containers/hdds to VolumeSet
2019-06-14 00:37:37,600 INFO  volume.ThrottledAsyncChecker (ThrottledAsyncChecker.java:schedule(140)) - Scheduling a check for org.apache.hadoop.ozone.container.common.volume.HddsVolume@6892cc6f
2019-06-14 00:37:37,620 INFO  volume.HddsVolumeChecker (HddsVolumeChecker.java:checkAllVolumes(203)) - Scheduled health check for volume org.apache.hadoop.ozone.container.common.volume.HddsVolume@6892cc6f
2019-06-14 00:37:37,662 INFO  ratis.XceiverServerRatis (XceiverServerRatis.java:newXceiverServerRatis(401)) - Found a free port for the server : 37031
2019-06-14 00:37:37,723 INFO  impl.RaftServerProxy (ConfUtils.java:logGet(43)) - raft.rpc.type = GRPC (default)
2019-06-14 00:37:37,738 INFO  grpc.GrpcConfigKeys$Server (ConfUtils.java:logGet(43)) - raft.grpc.server.port = 37031 (custom)
2019-06-14 00:37:37,739 INFO  server.GrpcService (ConfUtils.java:logGet(43)) - raft.grpc.message.size.max = 33570816 (custom)
2019-06-14 00:37:37,748 INFO  server.RaftServerConfigKeys (ConfUtils.java:logGet(43)) - raft.server.log.appender.buffer.byte-limit = 33554432 (custom)
2019-06-14 00:37:37,752 INFO  server.GrpcService (ConfUtils.java:logGet(43)) - raft.grpc.flow.control.window = 1MB (=1048576) (default)
2019-06-14 00:37:37,753 INFO  server.RaftServerConfigKeys (ConfUtils.java:logGet(43)) - raft.server.rpc.request.timeout = 3000ms (default)
2019-06-14 00:37:37,901 INFO  server.RaftServerConfigKeys (ConfUtils.java:logGet(43)) - raft.server.storage.dir = [/opt/src/hadoop-ozone/integration-test/target/test-dir/MiniOzoneClusterImpl-bbb5c0a1-9de6-4623-8d23-cb06fc8159d2/datanode-0/data/ratis] (custom)
2019-06-14 00:37:37,908 INFO  server.XceiverServerGrpc (XceiverServerGrpc.java:<init>(97)) - Found a free port for the server : 40221
2019-06-14 00:37:37,939 INFO  replication.SimpleContainerDownloader (SimpleContainerDownloader.java:<init>(72)) - Starting container downloader service to copy containers to replicate.
2019-06-14 00:37:37,954 INFO  hdfs.DFSUtil (DFSUtil.java:httpServerTemplateForNNAndJN(1641)) - Starting Web-server for hddsDatanode at: http://0.0.0.0:0
2019-06-14 00:37:37,956 INFO  server.AuthenticationFilter (AuthenticationFilter.java:constructSecretProvider(240)) - Unable to initialize FileSignerSecretProvider, falling back to use random secrets.
2019-06-14 00:37:37,957 WARN  http.HttpRequestLog (HttpRequestLog.java:getRequestLog(97)) - Jetty request log can only be enabled using Log4j
2019-06-14 00:37:37,958 INFO  http.HttpServer2 (HttpServer2.java:addGlobalFilter(975)) - Added global filter 'safety' (class=org.apache.hadoop.http.HttpServer2$QuotingInputFilter)
2019-06-14 00:37:37,959 INFO  http.HttpServer2 (HttpServer2.java:addFilter(948)) - Added filter static_user_filter (class=org.apache.hadoop.http.lib.StaticUserWebFilter$StaticUserFilter) to context hddsDatanode
2019-06-14 00:37:37,960 INFO  http.HttpServer2 (HttpServer2.java:addFilter(958)) - Added filter static_user_filter (class=org.apache.hadoop.http.lib.StaticUserWebFilter$StaticUserFilter) to context static
2019-06-14 00:37:37,960 INFO  http.HttpServer2 (HttpServer2.java:addFilter(958)) - Added filter static_user_filter (class=org.apache.hadoop.http.lib.StaticUserWebFilter$StaticUserFilter) to context logs
2019-06-14 00:37:37,961 INFO  http.HttpServer2 (HttpServer2.java:bindListener(1191)) - Jetty bound to port 40385
2019-06-14 00:37:37,961 INFO  server.Server (Server.java:doStart(351)) - jetty-9.3.24.v20180605, build timestamp: 2018-06-05T17:11:56Z, git hash: 84205aa28f11a4f31f2a3b86d1bba2cc8ab69827
2019-06-14 00:37:37,991 INFO  handler.ContextHandler (ContextHandler.java:doStart(781)) - Started o.e.j.s.ServletContextHandler@1317b708{/logs,file:///opt/src/hadoop-ozone/integration-test/target/log,AVAILABLE}
2019-06-14 00:37:37,992 INFO  handler.ContextHandler (ContextHandler.java:doStart(781)) - Started o.e.j.s.ServletContextHandler@2e51d054{/static,jar:file:/root/.m2/repository/org/apache/hadoop/hadoop-hdds-container-service/0.5.0-SNAPSHOT/hadoop-hdds-container-service-0.5.0-SNAPSHOT.jar!/webapps/static,AVAILABLE}
2019-06-14 00:37:38,029 INFO  handler.ContextHandler (ContextHandler.java:doStart(781)) - Started o.e.j.w.WebAppContext@20de05e5{/,file:///tmp/jetty-0.0.0.0-40385-hddsDatanode-_-any-3806256886891957979.dir/webapp/,AVAILABLE}{/hddsDatanode}
2019-06-14 00:37:38,030 INFO  server.AbstractConnector (AbstractConnector.java:doStart(278)) - Started ServerConnector@36c0d0bd{HTTP/1.1,[http/1.1]}{0.0.0.0:40385}
2019-06-14 00:37:38,030 INFO  server.Server (Server.java:doStart(419)) - Started @4666ms
2019-06-14 00:37:38,031 INFO  server.BaseHttpServer (BaseHttpServer.java:updateConnectorAddress(207)) - HTTP server of HDDSDATANODE is listening at http://0.0.0.0:40385
2019-06-14 00:37:39,228 INFO  ozone.HddsDatanodeService (HddsDatanodeService.java:startPlugins(396)) - Started plug-in org.apache.hadoop.ozone.web.OzoneHddsDatanodeService@2da81754
2019-06-14 00:37:39,233 INFO  impl.MetricsSystemImpl (MetricsSystemImpl.java:init(158)) - HddsDatanode metrics system started (again)
2019-06-14 00:37:39,234 INFO  ozone.HddsDatanodeService (HddsDatanodeService.java:start(185)) - HddsDatanodeService host:ozone-csdnw-1345654644 ip:192.168.46.62
2019-06-14 00:37:39,278 INFO  util.JvmPauseMonitor (JvmPauseMonitor.java:run(188)) - Starting JVM pause monitor
2019-06-14 00:37:39,301 INFO  volume.HddsVolume (HddsVolume.java:<init>(176)) - Creating Volume: /opt/src/hadoop-ozone/integration-test/target/test-dir/MiniOzoneClusterImpl-bbb5c0a1-9de6-4623-8d23-cb06fc8159d2/datanode-1/data/containers/hdds of  storage type : DISK and capacity : 104021790720
2019-06-14 00:37:39,302 INFO  volume.VolumeSet (VolumeSet.java:initializeVolumeSet(170)) - Added Volume : /opt/src/hadoop-ozone/integration-test/target/test-dir/MiniOzoneClusterImpl-bbb5c0a1-9de6-4623-8d23-cb06fc8159d2/datanode-1/data/containers/hdds to VolumeSet
2019-06-14 00:37:39,302 INFO  volume.ThrottledAsyncChecker (ThrottledAsyncChecker.java:schedule(140)) - Scheduling a check for org.apache.hadoop.ozone.container.common.volume.HddsVolume@2b08772d
2019-06-14 00:37:39,310 INFO  volume.HddsVolumeChecker (HddsVolumeChecker.java:checkAllVolumes(203)) - Scheduled health check for volume org.apache.hadoop.ozone.container.common.volume.HddsVolume@2b08772d
2019-06-14 00:37:39,377 INFO  ratis.XceiverServerRatis (XceiverServerRatis.java:newXceiverServerRatis(401)) - Found a free port for the server : 41009
2019-06-14 00:37:39,378 INFO  impl.RaftServerProxy (ConfUtils.java:logGet(43)) - raft.rpc.type = GRPC (default)
2019-06-14 00:37:39,378 INFO  grpc.GrpcConfigKeys$Server (ConfUtils.java:logGet(43)) - raft.grpc.server.port = 41009 (custom)
2019-06-14 00:37:39,378 INFO  server.GrpcService (ConfUtils.java:logGet(43)) - raft.grpc.message.size.max = 33570816 (custom)
2019-06-14 00:37:39,379 INFO  server.RaftServerConfigKeys (ConfUtils.java:logGet(43)) - raft.server.log.appender.buffer.byte-limit = 33554432 (custom)
2019-06-14 00:37:39,379 INFO  server.GrpcService (ConfUtils.java:logGet(43)) - raft.grpc.flow.control.window = 1MB (=1048576) (default)
2019-06-14 00:37:39,379 INFO  server.RaftServerConfigKeys (ConfUtils.java:logGet(43)) - raft.server.rpc.request.timeout = 3000ms (default)
2019-06-14 00:37:39,380 INFO  server.RaftServerConfigKeys (ConfUtils.java:logGet(43)) - raft.server.storage.dir = [/opt/src/hadoop-ozone/integration-test/target/test-dir/MiniOzoneClusterImpl-bbb5c0a1-9de6-4623-8d23-cb06fc8159d2/datanode-1/data/ratis] (custom)
2019-06-14 00:37:39,380 INFO  server.XceiverServerGrpc (XceiverServerGrpc.java:<init>(97)) - Found a free port for the server : 42305
2019-06-14 00:37:39,381 INFO  replication.SimpleContainerDownloader (SimpleContainerDownloader.java:<init>(72)) - Starting container downloader service to copy containers to replicate.
2019-06-14 00:37:39,385 INFO  hdfs.DFSUtil (DFSUtil.java:httpServerTemplateForNNAndJN(1641)) - Starting Web-server for hddsDatanode at: http://0.0.0.0:0
2019-06-14 00:37:39,390 INFO  server.AuthenticationFilter (AuthenticationFilter.java:constructSecretProvider(240)) - Unable to initialize FileSignerSecretProvider, falling back to use random secrets.
2019-06-14 00:37:39,394 WARN  http.HttpRequestLog (HttpRequestLog.java:getRequestLog(97)) - Jetty request log can only be enabled using Log4j
2019-06-14 00:37:39,396 INFO  http.HttpServer2 (HttpServer2.java:addGlobalFilter(975)) - Added global filter 'safety' (class=org.apache.hadoop.http.HttpServer2$QuotingInputFilter)
2019-06-14 00:37:39,396 INFO  http.HttpServer2 (HttpServer2.java:addFilter(948)) - Added filter static_user_filter (class=org.apache.hadoop.http.lib.StaticUserWebFilter$StaticUserFilter) to context hddsDatanode
2019-06-14 00:37:39,397 INFO  http.HttpServer2 (HttpServer2.java:addFilter(958)) - Added filter static_user_filter (class=org.apache.hadoop.http.lib.StaticUserWebFilter$StaticUserFilter) to context logs
2019-06-14 00:37:39,397 INFO  http.HttpServer2 (HttpServer2.java:addFilter(958)) - Added filter static_user_filter (class=org.apache.hadoop.http.lib.StaticUserWebFilter$StaticUserFilter) to context static
2019-06-14 00:37:39,397 INFO  http.HttpServer2 (HttpServer2.java:bindListener(1191)) - Jetty bound to port 43329
2019-06-14 00:37:39,398 INFO  server.Server (Server.java:doStart(351)) - jetty-9.3.24.v20180605, build timestamp: 2018-06-05T17:11:56Z, git hash: 84205aa28f11a4f31f2a3b86d1bba2cc8ab69827
2019-06-14 00:37:39,409 INFO  handler.ContextHandler (ContextHandler.java:doStart(781)) - Started o.e.j.s.ServletContextHandler@60f77af{/logs,file:///opt/src/hadoop-ozone/integration-test/target/log,AVAILABLE}
2019-06-14 00:37:39,410 INFO  handler.ContextHandler (ContextHandler.java:doStart(781)) - Started o.e.j.s.ServletContextHandler@18b6d3c1{/static,jar:file:/root/.m2/repository/org/apache/hadoop/hadoop-hdds-container-service/0.5.0-SNAPSHOT/hadoop-hdds-container-service-0.5.0-SNAPSHOT.jar!/webapps/static,AVAILABLE}
2019-06-14 00:37:39,486 INFO  handler.ContextHandler (ContextHandler.java:doStart(781)) - Started o.e.j.w.WebAppContext@6b4125ed{/,file:///tmp/jetty-0.0.0.0-43329-hddsDatanode-_-any-6204146415067956866.dir/webapp/,AVAILABLE}{/hddsDatanode}
2019-06-14 00:37:39,489 INFO  server.AbstractConnector (AbstractConnector.java:doStart(278)) - Started ServerConnector@78da899f{HTTP/1.1,[http/1.1]}{0.0.0.0:43329}
2019-06-14 00:37:39,490 INFO  server.Server (Server.java:doStart(419)) - Started @6125ms
2019-06-14 00:37:39,493 INFO  server.BaseHttpServer (BaseHttpServer.java:updateConnectorAddress(207)) - HTTP server of HDDSDATANODE is listening at http://0.0.0.0:43329
2019-06-14 00:37:39,571 INFO  datanode.InitDatanodeState (InitDatanodeState.java:persistContainerDatanodeDetails(140)) - DatanodeDetails is persisted to /opt/src/hadoop-ozone/integration-test/target/test-dir/MiniOzoneClusterImpl-bbb5c0a1-9de6-4623-8d23-cb06fc8159d2/datanode-0/meta/datanode.id
2019-06-14 00:37:39,741 INFO  ozone.HddsDatanodeService (HddsDatanodeService.java:startPlugins(396)) - Started plug-in org.apache.hadoop.ozone.web.OzoneHddsDatanodeService@335f5c69
2019-06-14 00:37:39,745 INFO  impl.MetricsSystemImpl (MetricsSystemImpl.java:init(158)) - HddsDatanode metrics system started (again)
2019-06-14 00:37:39,746 INFO  ozone.HddsDatanodeService (HddsDatanodeService.java:start(185)) - HddsDatanodeService host:ozone-csdnw-1345654644 ip:192.168.46.62
2019-06-14 00:37:39,774 INFO  volume.HddsVolume (HddsVolume.java:<init>(176)) - Creating Volume: /opt/src/hadoop-ozone/integration-test/target/test-dir/MiniOzoneClusterImpl-bbb5c0a1-9de6-4623-8d23-cb06fc8159d2/datanode-2/data/containers/hdds of  storage type : DISK and capacity : 104021790720
2019-06-14 00:37:39,775 INFO  volume.VolumeSet (VolumeSet.java:initializeVolumeSet(170)) - Added Volume : /opt/src/hadoop-ozone/integration-test/target/test-dir/MiniOzoneClusterImpl-bbb5c0a1-9de6-4623-8d23-cb06fc8159d2/datanode-2/data/containers/hdds to VolumeSet
2019-06-14 00:37:39,775 INFO  volume.ThrottledAsyncChecker (ThrottledAsyncChecker.java:schedule(140)) - Scheduling a check for org.apache.hadoop.ozone.container.common.volume.HddsVolume@4a058df8
2019-06-14 00:37:39,777 INFO  util.JvmPauseMonitor (JvmPauseMonitor.java:run(188)) - Starting JVM pause monitor
2019-06-14 00:37:39,783 INFO  volume.HddsVolumeChecker (HddsVolumeChecker.java:checkAllVolumes(203)) - Scheduled health check for volume org.apache.hadoop.ozone.container.common.volume.HddsVolume@4a058df8
2019-06-14 00:37:39,838 INFO  ratis.XceiverServerRatis (XceiverServerRatis.java:newXceiverServerRatis(401)) - Found a free port for the server : 38283
2019-06-14 00:37:39,839 INFO  impl.RaftServerProxy (ConfUtils.java:logGet(43)) - raft.rpc.type = GRPC (default)
2019-06-14 00:37:39,839 INFO  grpc.GrpcConfigKeys$Server (ConfUtils.java:logGet(43)) - raft.grpc.server.port = 38283 (custom)
2019-06-14 00:37:39,839 INFO  server.GrpcService (ConfUtils.java:logGet(43)) - raft.grpc.message.size.max = 33570816 (custom)
2019-06-14 00:37:39,840 INFO  server.RaftServerConfigKeys (ConfUtils.java:logGet(43)) - raft.server.log.appender.buffer.byte-limit = 33554432 (custom)
2019-06-14 00:37:39,840 INFO  server.GrpcService (ConfUtils.java:logGet(43)) - raft.grpc.flow.control.window = 1MB (=1048576) (default)
2019-06-14 00:37:39,840 INFO  server.RaftServerConfigKeys (ConfUtils.java:logGet(43)) - raft.server.rpc.request.timeout = 3000ms (default)
2019-06-14 00:37:39,841 INFO  server.RaftServerConfigKeys (ConfUtils.java:logGet(43)) - raft.server.storage.dir = [/opt/src/hadoop-ozone/integration-test/target/test-dir/MiniOzoneClusterImpl-bbb5c0a1-9de6-4623-8d23-cb06fc8159d2/datanode-2/data/ratis] (custom)
2019-06-14 00:37:39,841 INFO  server.XceiverServerGrpc (XceiverServerGrpc.java:<init>(97)) - Found a free port for the server : 42713
2019-06-14 00:37:39,842 INFO  replication.SimpleContainerDownloader (SimpleContainerDownloader.java:<init>(72)) - Starting container downloader service to copy containers to replicate.
2019-06-14 00:37:39,847 INFO  hdfs.DFSUtil (DFSUtil.java:httpServerTemplateForNNAndJN(1641)) - Starting Web-server for hddsDatanode at: http://0.0.0.0:0
2019-06-14 00:37:39,849 INFO  server.AuthenticationFilter (AuthenticationFilter.java:constructSecretProvider(240)) - Unable to initialize FileSignerSecretProvider, falling back to use random secrets.
2019-06-14 00:37:39,858 INFO  datanode.InitDatanodeState (InitDatanodeState.java:persistContainerDatanodeDetails(140)) - DatanodeDetails is persisted to /opt/src/hadoop-ozone/integration-test/target/test-dir/MiniOzoneClusterImpl-bbb5c0a1-9de6-4623-8d23-cb06fc8159d2/datanode-1/meta/datanode.id
2019-06-14 00:37:39,862 WARN  http.HttpRequestLog (HttpRequestLog.java:getRequestLog(97)) - Jetty request log can only be enabled using Log4j
2019-06-14 00:37:39,864 INFO  http.HttpServer2 (HttpServer2.java:addGlobalFilter(975)) - Added global filter 'safety' (class=org.apache.hadoop.http.HttpServer2$QuotingInputFilter)
2019-06-14 00:37:39,865 INFO  http.HttpServer2 (HttpServer2.java:addFilter(948)) - Added filter static_user_filter (class=org.apache.hadoop.http.lib.StaticUserWebFilter$StaticUserFilter) to context hddsDatanode
2019-06-14 00:37:39,865 INFO  http.HttpServer2 (HttpServer2.java:addFilter(958)) - Added filter static_user_filter (class=org.apache.hadoop.http.lib.StaticUserWebFilter$StaticUserFilter) to context logs
2019-06-14 00:37:39,865 INFO  http.HttpServer2 (HttpServer2.java:addFilter(958)) - Added filter static_user_filter (class=org.apache.hadoop.http.lib.StaticUserWebFilter$StaticUserFilter) to context static
2019-06-14 00:37:39,872 INFO  http.HttpServer2 (HttpServer2.java:bindListener(1191)) - Jetty bound to port 43653
2019-06-14 00:37:39,872 INFO  server.Server (Server.java:doStart(351)) - jetty-9.3.24.v20180605, build timestamp: 2018-06-05T17:11:56Z, git hash: 84205aa28f11a4f31f2a3b86d1bba2cc8ab69827
2019-06-14 00:37:39,918 INFO  handler.ContextHandler (ContextHandler.java:doStart(781)) - Started o.e.j.s.ServletContextHandler@39da5e49{/logs,file:///opt/src/hadoop-ozone/integration-test/target/log,AVAILABLE}
2019-06-14 00:37:39,920 INFO  handler.ContextHandler (ContextHandler.java:doStart(781)) - Started o.e.j.s.ServletContextHandler@674da77b{/static,jar:file:/root/.m2/repository/org/apache/hadoop/hadoop-hdds-container-service/0.5.0-SNAPSHOT/hadoop-hdds-container-service-0.5.0-SNAPSHOT.jar!/webapps/static,AVAILABLE}
2019-06-14 00:37:39,950 INFO  handler.ContextHandler (ContextHandler.java:doStart(781)) - Started o.e.j.w.WebAppContext@5f726750{/,file:///tmp/jetty-0.0.0.0-43653-hddsDatanode-_-any-4509119513744571894.dir/webapp/,AVAILABLE}{/hddsDatanode}
2019-06-14 00:37:39,950 INFO  server.AbstractConnector (AbstractConnector.java:doStart(278)) - Started ServerConnector@4e80a001{HTTP/1.1,[http/1.1]}{0.0.0.0:43653}
2019-06-14 00:37:39,950 INFO  server.Server (Server.java:doStart(419)) - Started @6586ms
2019-06-14 00:37:39,951 INFO  server.BaseHttpServer (BaseHttpServer.java:updateConnectorAddress(207)) - HTTP server of HDDSDATANODE is listening at http://0.0.0.0:43653
2019-06-14 00:37:40,173 INFO  ozone.HddsDatanodeService (HddsDatanodeService.java:startPlugins(396)) - Started plug-in org.apache.hadoop.ozone.web.OzoneHddsDatanodeService@7fbf26fc
2019-06-14 00:37:40,175 INFO  impl.MetricsSystemImpl (MetricsSystemImpl.java:init(158)) - HddsDatanode metrics system started (again)
2019-06-14 00:37:40,175 INFO  ozone.HddsDatanodeService (HddsDatanodeService.java:start(185)) - HddsDatanodeService host:ozone-csdnw-1345654644 ip:192.168.46.62
2019-06-14 00:37:40,201 INFO  util.JvmPauseMonitor (JvmPauseMonitor.java:run(188)) - Starting JVM pause monitor
2019-06-14 00:37:40,207 INFO  datanode.InitDatanodeState (InitDatanodeState.java:persistContainerDatanodeDetails(140)) - DatanodeDetails is persisted to /opt/src/hadoop-ozone/integration-test/target/test-dir/MiniOzoneClusterImpl-bbb5c0a1-9de6-4623-8d23-cb06fc8159d2/datanode-2/meta/datanode.id
2019-06-14 00:37:40,221 INFO  volume.HddsVolume (HddsVolume.java:<init>(176)) - Creating Volume: /opt/src/hadoop-ozone/integration-test/target/test-dir/MiniOzoneClusterImpl-bbb5c0a1-9de6-4623-8d23-cb06fc8159d2/datanode-3/data/containers/hdds of  storage type : DISK and capacity : 104021790720
2019-06-14 00:37:40,222 INFO  volume.VolumeSet (VolumeSet.java:initializeVolumeSet(170)) - Added Volume : /opt/src/hadoop-ozone/integration-test/target/test-dir/MiniOzoneClusterImpl-bbb5c0a1-9de6-4623-8d23-cb06fc8159d2/datanode-3/data/containers/hdds to VolumeSet
2019-06-14 00:37:40,222 INFO  volume.ThrottledAsyncChecker (ThrottledAsyncChecker.java:schedule(140)) - Scheduling a check for org.apache.hadoop.ozone.container.common.volume.HddsVolume@5b5f9003
2019-06-14 00:37:40,241 INFO  volume.HddsVolumeChecker (HddsVolumeChecker.java:checkAllVolumes(203)) - Scheduled health check for volume org.apache.hadoop.ozone.container.common.volume.HddsVolume@5b5f9003
2019-06-14 00:37:40,254 INFO  ratis.XceiverServerRatis (XceiverServerRatis.java:newXceiverServerRatis(401)) - Found a free port for the server : 43339
2019-06-14 00:37:40,254 INFO  impl.RaftServerProxy (ConfUtils.java:logGet(43)) - raft.rpc.type = GRPC (default)
2019-06-14 00:37:40,255 INFO  grpc.GrpcConfigKeys$Server (ConfUtils.java:logGet(43)) - raft.grpc.server.port = 43339 (custom)
2019-06-14 00:37:40,255 INFO  server.GrpcService (ConfUtils.java:logGet(43)) - raft.grpc.message.size.max = 33570816 (custom)
2019-06-14 00:37:40,255 INFO  server.RaftServerConfigKeys (ConfUtils.java:logGet(43)) - raft.server.log.appender.buffer.byte-limit = 33554432 (custom)
2019-06-14 00:37:40,256 INFO  server.GrpcService (ConfUtils.java:logGet(43)) - raft.grpc.flow.control.window = 1MB (=1048576) (default)
2019-06-14 00:37:40,256 INFO  server.RaftServerConfigKeys (ConfUtils.java:logGet(43)) - raft.server.rpc.request.timeout = 3000ms (default)
2019-06-14 00:37:40,256 INFO  server.RaftServerConfigKeys (ConfUtils.java:logGet(43)) - raft.server.storage.dir = [/opt/src/hadoop-ozone/integration-test/target/test-dir/MiniOzoneClusterImpl-bbb5c0a1-9de6-4623-8d23-cb06fc8159d2/datanode-3/data/ratis] (custom)
2019-06-14 00:37:40,258 INFO  server.XceiverServerGrpc (XceiverServerGrpc.java:<init>(97)) - Found a free port for the server : 35665
2019-06-14 00:37:40,258 INFO  replication.SimpleContainerDownloader (SimpleContainerDownloader.java:<init>(72)) - Starting container downloader service to copy containers to replicate.
2019-06-14 00:37:40,259 INFO  hdfs.DFSUtil (DFSUtil.java:httpServerTemplateForNNAndJN(1641)) - Starting Web-server for hddsDatanode at: http://0.0.0.0:0
2019-06-14 00:37:40,260 INFO  server.AuthenticationFilter (AuthenticationFilter.java:constructSecretProvider(240)) - Unable to initialize FileSignerSecretProvider, falling back to use random secrets.
2019-06-14 00:37:40,261 WARN  http.HttpRequestLog (HttpRequestLog.java:getRequestLog(97)) - Jetty request log can only be enabled using Log4j
2019-06-14 00:37:40,262 INFO  http.HttpServer2 (HttpServer2.java:addGlobalFilter(975)) - Added global filter 'safety' (class=org.apache.hadoop.http.HttpServer2$QuotingInputFilter)
2019-06-14 00:37:40,263 INFO  http.HttpServer2 (HttpServer2.java:addFilter(948)) - Added filter static_user_filter (class=org.apache.hadoop.http.lib.StaticUserWebFilter$StaticUserFilter) to context hddsDatanode
2019-06-14 00:37:40,263 INFO  http.HttpServer2 (HttpServer2.java:addFilter(958)) - Added filter static_user_filter (class=org.apache.hadoop.http.lib.StaticUserWebFilter$StaticUserFilter) to context logs
2019-06-14 00:37:40,263 INFO  http.HttpServer2 (HttpServer2.java:addFilter(958)) - Added filter static_user_filter (class=org.apache.hadoop.http.lib.StaticUserWebFilter$StaticUserFilter) to context static
2019-06-14 00:37:40,264 INFO  http.HttpServer2 (HttpServer2.java:bindListener(1191)) - Jetty bound to port 46497
2019-06-14 00:37:40,264 INFO  server.Server (Server.java:doStart(351)) - jetty-9.3.24.v20180605, build timestamp: 2018-06-05T17:11:56Z, git hash: 84205aa28f11a4f31f2a3b86d1bba2cc8ab69827
2019-06-14 00:37:40,270 INFO  handler.ContextHandler (ContextHandler.java:doStart(781)) - Started o.e.j.s.ServletContextHandler@2db15f70{/logs,file:///opt/src/hadoop-ozone/integration-test/target/log,AVAILABLE}
2019-06-14 00:37:40,272 INFO  handler.ContextHandler (ContextHandler.java:doStart(781)) - Started o.e.j.s.ServletContextHandler@1f15e689{/static,jar:file:/root/.m2/repository/org/apache/hadoop/hadoop-hdds-container-service/0.5.0-SNAPSHOT/hadoop-hdds-container-service-0.5.0-SNAPSHOT.jar!/webapps/static,AVAILABLE}
2019-06-14 00:37:40,306 INFO  handler.ContextHandler (ContextHandler.java:doStart(781)) - Started o.e.j.w.WebAppContext@6ffd4c0d{/,file:///tmp/jetty-0.0.0.0-46497-hddsDatanode-_-any-4925128551454539857.dir/webapp/,AVAILABLE}{/hddsDatanode}
2019-06-14 00:37:40,306 INFO  server.AbstractConnector (AbstractConnector.java:doStart(278)) - Started ServerConnector@74c9e11{HTTP/1.1,[http/1.1]}{0.0.0.0:46497}
2019-06-14 00:37:40,306 INFO  server.Server (Server.java:doStart(419)) - Started @6942ms
2019-06-14 00:37:40,308 INFO  server.BaseHttpServer (BaseHttpServer.java:updateConnectorAddress(207)) - HTTP server of HDDSDATANODE is listening at http://0.0.0.0:46497
2019-06-14 00:37:40,519 INFO  ozone.HddsDatanodeService (HddsDatanodeService.java:startPlugins(396)) - Started plug-in org.apache.hadoop.ozone.web.OzoneHddsDatanodeService@601d6622
2019-06-14 00:37:40,522 INFO  impl.MetricsSystemImpl (MetricsSystemImpl.java:init(158)) - HddsDatanode metrics system started (again)
2019-06-14 00:37:40,522 INFO  ozone.HddsDatanodeService (HddsDatanodeService.java:start(185)) - HddsDatanodeService host:ozone-csdnw-1345654644 ip:192.168.46.62
2019-06-14 00:37:40,590 INFO  volume.HddsVolume (HddsVolume.java:<init>(176)) - Creating Volume: /opt/src/hadoop-ozone/integration-test/target/test-dir/MiniOzoneClusterImpl-bbb5c0a1-9de6-4623-8d23-cb06fc8159d2/datanode-4/data/containers/hdds of  storage type : DISK and capacity : 104021790720
2019-06-14 00:37:40,591 INFO  volume.VolumeSet (VolumeSet.java:initializeVolumeSet(170)) - Added Volume : /opt/src/hadoop-ozone/integration-test/target/test-dir/MiniOzoneClusterImpl-bbb5c0a1-9de6-4623-8d23-cb06fc8159d2/datanode-4/data/containers/hdds to VolumeSet
2019-06-14 00:37:40,591 INFO  volume.ThrottledAsyncChecker (ThrottledAsyncChecker.java:schedule(140)) - Scheduling a check for org.apache.hadoop.ozone.container.common.volume.HddsVolume@57186526
2019-06-14 00:37:40,610 INFO  volume.HddsVolumeChecker (HddsVolumeChecker.java:checkAllVolumes(203)) - Scheduled health check for volume org.apache.hadoop.ozone.container.common.volume.HddsVolume@57186526
2019-06-14 00:37:40,622 INFO  util.JvmPauseMonitor (JvmPauseMonitor.java:run(188)) - Starting JVM pause monitor
2019-06-14 00:37:40,626 INFO  datanode.InitDatanodeState (InitDatanodeState.java:persistContainerDatanodeDetails(140)) - DatanodeDetails is persisted to /opt/src/hadoop-ozone/integration-test/target/test-dir/MiniOzoneClusterImpl-bbb5c0a1-9de6-4623-8d23-cb06fc8159d2/datanode-3/meta/datanode.id
2019-06-14 00:37:40,633 INFO  ratis.XceiverServerRatis (XceiverServerRatis.java:newXceiverServerRatis(401)) - Found a free port for the server : 41483
2019-06-14 00:37:40,634 INFO  impl.RaftServerProxy (ConfUtils.java:logGet(43)) - raft.rpc.type = GRPC (default)
2019-06-14 00:37:40,634 INFO  grpc.GrpcConfigKeys$Server (ConfUtils.java:logGet(43)) - raft.grpc.server.port = 41483 (custom)
2019-06-14 00:37:40,634 INFO  server.GrpcService (ConfUtils.java:logGet(43)) - raft.grpc.message.size.max = 33570816 (custom)
2019-06-14 00:37:40,635 INFO  server.RaftServerConfigKeys (ConfUtils.java:logGet(43)) - raft.server.log.appender.buffer.byte-limit = 33554432 (custom)
2019-06-14 00:37:40,635 INFO  server.GrpcService (ConfUtils.java:logGet(43)) - raft.grpc.flow.control.window = 1MB (=1048576) (default)
2019-06-14 00:37:40,635 INFO  server.RaftServerConfigKeys (ConfUtils.java:logGet(43)) - raft.server.rpc.request.timeout = 3000ms (default)
2019-06-14 00:37:40,636 INFO  server.RaftServerConfigKeys (ConfUtils.java:logGet(43)) - raft.server.storage.dir = [/opt/src/hadoop-ozone/integration-test/target/test-dir/MiniOzoneClusterImpl-bbb5c0a1-9de6-4623-8d23-cb06fc8159d2/datanode-4/data/ratis] (custom)
2019-06-14 00:37:40,636 INFO  server.XceiverServerGrpc (XceiverServerGrpc.java:<init>(97)) - Found a free port for the server : 35993
2019-06-14 00:37:40,638 INFO  replication.SimpleContainerDownloader (SimpleContainerDownloader.java:<init>(72)) - Starting container downloader service to copy containers to replicate.
2019-06-14 00:37:40,645 INFO  hdfs.DFSUtil (DFSUtil.java:httpServerTemplateForNNAndJN(1641)) - Starting Web-server for hddsDatanode at: http://0.0.0.0:0
2019-06-14 00:37:40,647 INFO  server.AuthenticationFilter (AuthenticationFilter.java:constructSecretProvider(240)) - Unable to initialize FileSignerSecretProvider, falling back to use random secrets.
2019-06-14 00:37:40,657 WARN  http.HttpRequestLog (HttpRequestLog.java:getRequestLog(97)) - Jetty request log can only be enabled using Log4j
2019-06-14 00:37:40,661 INFO  http.HttpServer2 (HttpServer2.java:addGlobalFilter(975)) - Added global filter 'safety' (class=org.apache.hadoop.http.HttpServer2$QuotingInputFilter)
2019-06-14 00:37:40,661 INFO  http.HttpServer2 (HttpServer2.java:addFilter(948)) - Added filter static_user_filter (class=org.apache.hadoop.http.lib.StaticUserWebFilter$StaticUserFilter) to context hddsDatanode
2019-06-14 00:37:40,662 INFO  http.HttpServer2 (HttpServer2.java:addFilter(958)) - Added filter static_user_filter (class=org.apache.hadoop.http.lib.StaticUserWebFilter$StaticUserFilter) to context logs
2019-06-14 00:37:40,662 INFO  http.HttpServer2 (HttpServer2.java:addFilter(958)) - Added filter static_user_filter (class=org.apache.hadoop.http.lib.StaticUserWebFilter$StaticUserFilter) to context static
2019-06-14 00:37:40,663 INFO  http.HttpServer2 (HttpServer2.java:bindListener(1191)) - Jetty bound to port 37335
2019-06-14 00:37:40,666 INFO  server.Server (Server.java:doStart(351)) - jetty-9.3.24.v20180605, build timestamp: 2018-06-05T17:11:56Z, git hash: 84205aa28f11a4f31f2a3b86d1bba2cc8ab69827
2019-06-14 00:37:40,693 INFO  handler.ContextHandler (ContextHandler.java:doStart(781)) - Started o.e.j.s.ServletContextHandler@48cd319d{/logs,file:///opt/src/hadoop-ozone/integration-test/target/log,AVAILABLE}
2019-06-14 00:37:40,694 INFO  handler.ContextHandler (ContextHandler.java:doStart(781)) - Started o.e.j.s.ServletContextHandler@4ef18604{/static,jar:file:/root/.m2/repository/org/apache/hadoop/hadoop-hdds-container-service/0.5.0-SNAPSHOT/hadoop-hdds-container-service-0.5.0-SNAPSHOT.jar!/webapps/static,AVAILABLE}
2019-06-14 00:37:40,747 INFO  handler.ContextHandler (ContextHandler.java:doStart(781)) - Started o.e.j.w.WebAppContext@543fe698{/,file:///tmp/jetty-0.0.0.0-37335-hddsDatanode-_-any-6529004947509177256.dir/webapp/,AVAILABLE}{/hddsDatanode}
2019-06-14 00:37:40,750 INFO  server.AbstractConnector (AbstractConnector.java:doStart(278)) - Started ServerConnector@4c36ec6f{HTTP/1.1,[http/1.1]}{0.0.0.0:37335}
2019-06-14 00:37:40,750 INFO  server.Server (Server.java:doStart(419)) - Started @7386ms
2019-06-14 00:37:40,751 INFO  server.BaseHttpServer (BaseHttpServer.java:updateConnectorAddress(207)) - HTTP server of HDDSDATANODE is listening at http://0.0.0.0:37335
2019-06-14 00:37:40,954 INFO  ozone.HddsDatanodeService (HddsDatanodeService.java:startPlugins(396)) - Started plug-in org.apache.hadoop.ozone.web.OzoneHddsDatanodeService@71531dd7
2019-06-14 00:37:40,956 INFO  impl.MetricsSystemImpl (MetricsSystemImpl.java:init(158)) - HddsDatanode metrics system started (again)
2019-06-14 00:37:40,958 INFO  ozone.HddsDatanodeService (HddsDatanodeService.java:start(185)) - HddsDatanodeService host:ozone-csdnw-1345654644 ip:192.168.46.62
2019-06-14 00:37:41,027 INFO  util.JvmPauseMonitor (JvmPauseMonitor.java:run(188)) - Starting JVM pause monitor
2019-06-14 00:37:41,040 INFO  datanode.InitDatanodeState (InitDatanodeState.java:persistContainerDatanodeDetails(140)) - DatanodeDetails is persisted to /opt/src/hadoop-ozone/integration-test/target/test-dir/MiniOzoneClusterImpl-bbb5c0a1-9de6-4623-8d23-cb06fc8159d2/datanode-4/meta/datanode.id
2019-06-14 00:37:41,045 INFO  volume.HddsVolume (HddsVolume.java:<init>(176)) - Creating Volume: /opt/src/hadoop-ozone/integration-test/target/test-dir/MiniOzoneClusterImpl-bbb5c0a1-9de6-4623-8d23-cb06fc8159d2/datanode-5/data/containers/hdds of  storage type : DISK and capacity : 104021790720
2019-06-14 00:37:41,046 INFO  volume.VolumeSet (VolumeSet.java:initializeVolumeSet(170)) - Added Volume : /opt/src/hadoop-ozone/integration-test/target/test-dir/MiniOzoneClusterImpl-bbb5c0a1-9de6-4623-8d23-cb06fc8159d2/datanode-5/data/containers/hdds to VolumeSet
2019-06-14 00:37:41,046 INFO  volume.ThrottledAsyncChecker (ThrottledAsyncChecker.java:schedule(140)) - Scheduling a check for org.apache.hadoop.ozone.container.common.volume.HddsVolume@1c3b6963
2019-06-14 00:37:41,054 INFO  volume.HddsVolumeChecker (HddsVolumeChecker.java:checkAllVolumes(203)) - Scheduled health check for volume org.apache.hadoop.ozone.container.common.volume.HddsVolume@1c3b6963
2019-06-14 00:37:41,075 INFO  ratis.XceiverServerRatis (XceiverServerRatis.java:newXceiverServerRatis(401)) - Found a free port for the server : 33709
2019-06-14 00:37:41,087 INFO  impl.RaftServerProxy (ConfUtils.java:logGet(43)) - raft.rpc.type = GRPC (default)
2019-06-14 00:37:41,088 INFO  grpc.GrpcConfigKeys$Server (ConfUtils.java:logGet(43)) - raft.grpc.server.port = 33709 (custom)
2019-06-14 00:37:41,088 INFO  server.GrpcService (ConfUtils.java:logGet(43)) - raft.grpc.message.size.max = 33570816 (custom)
2019-06-14 00:37:41,089 INFO  server.RaftServerConfigKeys (ConfUtils.java:logGet(43)) - raft.server.log.appender.buffer.byte-limit = 33554432 (custom)
2019-06-14 00:37:41,089 INFO  server.GrpcService (ConfUtils.java:logGet(43)) - raft.grpc.flow.control.window = 1MB (=1048576) (default)
2019-06-14 00:37:41,089 INFO  server.RaftServerConfigKeys (ConfUtils.java:logGet(43)) - raft.server.rpc.request.timeout = 3000ms (default)
2019-06-14 00:37:41,091 INFO  server.RaftServerConfigKeys (ConfUtils.java:logGet(43)) - raft.server.storage.dir = [/opt/src/hadoop-ozone/integration-test/target/test-dir/MiniOzoneClusterImpl-bbb5c0a1-9de6-4623-8d23-cb06fc8159d2/datanode-5/data/ratis] (custom)
2019-06-14 00:37:41,091 INFO  server.XceiverServerGrpc (XceiverServerGrpc.java:<init>(97)) - Found a free port for the server : 38479
2019-06-14 00:37:41,092 INFO  replication.SimpleContainerDownloader (SimpleContainerDownloader.java:<init>(72)) - Starting container downloader service to copy containers to replicate.
2019-06-14 00:37:41,097 INFO  hdfs.DFSUtil (DFSUtil.java:httpServerTemplateForNNAndJN(1641)) - Starting Web-server for hddsDatanode at: http://0.0.0.0:0
2019-06-14 00:37:41,099 INFO  server.AuthenticationFilter (AuthenticationFilter.java:constructSecretProvider(240)) - Unable to initialize FileSignerSecretProvider, falling back to use random secrets.
2019-06-14 00:37:41,105 WARN  http.HttpRequestLog (HttpRequestLog.java:getRequestLog(97)) - Jetty request log can only be enabled using Log4j
2019-06-14 00:37:41,107 INFO  http.HttpServer2 (HttpServer2.java:addGlobalFilter(975)) - Added global filter 'safety' (class=org.apache.hadoop.http.HttpServer2$QuotingInputFilter)
2019-06-14 00:37:41,108 INFO  http.HttpServer2 (HttpServer2.java:addFilter(948)) - Added filter static_user_filter (class=org.apache.hadoop.http.lib.StaticUserWebFilter$StaticUserFilter) to context hddsDatanode
2019-06-14 00:37:41,108 INFO  http.HttpServer2 (HttpServer2.java:addFilter(958)) - Added filter static_user_filter (class=org.apache.hadoop.http.lib.StaticUserWebFilter$StaticUserFilter) to context logs
2019-06-14 00:37:41,108 INFO  http.HttpServer2 (HttpServer2.java:addFilter(958)) - Added filter static_user_filter (class=org.apache.hadoop.http.lib.StaticUserWebFilter$StaticUserFilter) to context static
2019-06-14 00:37:41,109 INFO  http.HttpServer2 (HttpServer2.java:bindListener(1191)) - Jetty bound to port 34335
2019-06-14 00:37:41,109 INFO  server.Server (Server.java:doStart(351)) - jetty-9.3.24.v20180605, build timestamp: 2018-06-05T17:11:56Z, git hash: 84205aa28f11a4f31f2a3b86d1bba2cc8ab69827
2019-06-14 00:37:41,154 INFO  handler.ContextHandler (ContextHandler.java:doStart(781)) - Started o.e.j.s.ServletContextHandler@70c29356{/logs,file:///opt/src/hadoop-ozone/integration-test/target/log,AVAILABLE}
2019-06-14 00:37:41,162 INFO  handler.ContextHandler (ContextHandler.java:doStart(781)) - Started o.e.j.s.ServletContextHandler@23e61112{/static,jar:file:/root/.m2/repository/org/apache/hadoop/hadoop-hdds-container-service/0.5.0-SNAPSHOT/hadoop-hdds-container-service-0.5.0-SNAPSHOT.jar!/webapps/static,AVAILABLE}
2019-06-14 00:37:41,207 INFO  handler.ContextHandler (ContextHandler.java:doStart(781)) - Started o.e.j.w.WebAppContext@53ea380b{/,file:///tmp/jetty-0.0.0.0-34335-hddsDatanode-_-any-1991749358552277245.dir/webapp/,AVAILABLE}{/hddsDatanode}
2019-06-14 00:37:41,209 INFO  server.AbstractConnector (AbstractConnector.java:doStart(278)) - Started ServerConnector@578c3fd9{HTTP/1.1,[http/1.1]}{0.0.0.0:34335}
2019-06-14 00:37:41,209 INFO  server.Server (Server.java:doStart(419)) - Started @7844ms
2019-06-14 00:37:41,217 INFO  server.BaseHttpServer (BaseHttpServer.java:updateConnectorAddress(207)) - HTTP server of HDDSDATANODE is listening at http://0.0.0.0:34335
2019-06-14 00:37:41,402 INFO  ozoneimpl.OzoneContainer (OzoneContainer.java:start(186)) - Attempting to start container services.
2019-06-14 00:37:41,417 INFO  ozoneimpl.OzoneContainer (OzoneContainer.java:startContainerScrub(160)) - Background container scrubber has been disabled by hdds.containerscrub.enabled
2019-06-14 00:37:41,418 INFO  ratis.XceiverServerRatis (XceiverServerRatis.java:start(418)) - Starting XceiverServerRatis 450963c2-4296-4dc3-9ab0-2fb3556c67d2 at port 37031
2019-06-14 00:37:41,479 INFO  ozone.HddsDatanodeService (HddsDatanodeService.java:startPlugins(396)) - Started plug-in org.apache.hadoop.ozone.web.OzoneHddsDatanodeService@9263c54
2019-06-14 00:37:41,484 INFO  ozone.MiniOzoneClusterImpl (MiniOzoneClusterImpl.java:lambda$waitForClusterToBeReady$0(142)) - Waiting for cluster to be ready. Got 0 of 6 DN Heartbeats.
2019-06-14 00:37:41,512 INFO  datanode.InitDatanodeState (InitDatanodeState.java:persistContainerDatanodeDetails(140)) - DatanodeDetails is persisted to /opt/src/hadoop-ozone/integration-test/target/test-dir/MiniOzoneClusterImpl-bbb5c0a1-9de6-4623-8d23-cb06fc8159d2/datanode-5/meta/datanode.id
2019-06-14 00:37:41,517 INFO  util.JvmPauseMonitor (JvmPauseMonitor.java:run(188)) - Starting JVM pause monitor
2019-06-14 00:37:41,626 INFO  impl.RaftServerProxy (RaftServerProxy.java:lambda$start$3(299)) - 450963c2-4296-4dc3-9ab0-2fb3556c67d2: start RPC server
2019-06-14 00:37:41,791 INFO  ozoneimpl.OzoneContainer (OzoneContainer.java:start(186)) - Attempting to start container services.
2019-06-14 00:37:41,804 INFO  ozoneimpl.OzoneContainer (OzoneContainer.java:startContainerScrub(160)) - Background container scrubber has been disabled by hdds.containerscrub.enabled
2019-06-14 00:37:41,804 INFO  ratis.XceiverServerRatis (XceiverServerRatis.java:start(418)) - Starting XceiverServerRatis 519e452a-cf07-4e62-b469-609a00bf083f at port 41009
2019-06-14 00:37:42,032 INFO  impl.RaftServerProxy (RaftServerProxy.java:lambda$start$3(299)) - 519e452a-cf07-4e62-b469-609a00bf083f: start RPC server
2019-06-14 00:37:42,054 INFO  server.GrpcService (GrpcService.java:startImpl(148)) - 450963c2-4296-4dc3-9ab0-2fb3556c67d2: GrpcService started, listening on 0.0.0.0/0.0.0.0:37031
2019-06-14 00:37:42,055 INFO  server.GrpcService (GrpcService.java:startImpl(148)) - 519e452a-cf07-4e62-b469-609a00bf083f: GrpcService started, listening on 0.0.0.0/0.0.0.0:41009
2019-06-14 00:37:42,200 INFO  ozoneimpl.OzoneContainer (OzoneContainer.java:start(186)) - Attempting to start container services.
2019-06-14 00:37:42,201 INFO  ozoneimpl.OzoneContainer (OzoneContainer.java:startContainerScrub(160)) - Background container scrubber has been disabled by hdds.containerscrub.enabled
2019-06-14 00:37:42,201 INFO  ratis.XceiverServerRatis (XceiverServerRatis.java:start(418)) - Starting XceiverServerRatis e13f430b-c3cf-405d-a8fb-591dcec396a6 at port 38283
2019-06-14 00:37:42,213 INFO  impl.RaftServerProxy (RaftServerProxy.java:lambda$start$3(299)) - e13f430b-c3cf-405d-a8fb-591dcec396a6: start RPC server
2019-06-14 00:37:42,219 INFO  server.GrpcService (GrpcService.java:startImpl(148)) - e13f430b-c3cf-405d-a8fb-591dcec396a6: GrpcService started, listening on 0.0.0.0/0.0.0.0:38283
2019-06-14 00:37:42,485 INFO  ozone.MiniOzoneClusterImpl (MiniOzoneClusterImpl.java:lambda$waitForClusterToBeReady$0(142)) - Waiting for cluster to be ready. Got 0 of 6 DN Heartbeats.
2019-06-14 00:37:42,628 INFO  ozoneimpl.OzoneContainer (OzoneContainer.java:start(186)) - Attempting to start container services.
2019-06-14 00:37:42,631 INFO  ozoneimpl.OzoneContainer (OzoneContainer.java:startContainerScrub(160)) - Background container scrubber has been disabled by hdds.containerscrub.enabled
2019-06-14 00:37:42,631 INFO  ratis.XceiverServerRatis (XceiverServerRatis.java:start(418)) - Starting XceiverServerRatis b04aef24-9ee8-4748-a635-2f71c0daaa87 at port 43339
2019-06-14 00:37:42,670 INFO  impl.RaftServerProxy (RaftServerProxy.java:lambda$start$3(299)) - b04aef24-9ee8-4748-a635-2f71c0daaa87: start RPC server
2019-06-14 00:37:42,686 INFO  server.GrpcService (GrpcService.java:startImpl(148)) - b04aef24-9ee8-4748-a635-2f71c0daaa87: GrpcService started, listening on 0.0.0.0/0.0.0.0:43339
2019-06-14 00:37:43,033 INFO  ozoneimpl.OzoneContainer (OzoneContainer.java:start(186)) - Attempting to start container services.
2019-06-14 00:37:43,035 INFO  ozoneimpl.OzoneContainer (OzoneContainer.java:startContainerScrub(160)) - Background container scrubber has been disabled by hdds.containerscrub.enabled
2019-06-14 00:37:43,035 INFO  ratis.XceiverServerRatis (XceiverServerRatis.java:start(418)) - Starting XceiverServerRatis a8c489c1-45f6-4fc8-8c40-4b6a01f1080c at port 41483
2019-06-14 00:37:43,063 INFO  impl.RaftServerProxy (RaftServerProxy.java:lambda$start$3(299)) - a8c489c1-45f6-4fc8-8c40-4b6a01f1080c: start RPC server
2019-06-14 00:37:43,080 INFO  server.GrpcService (GrpcService.java:startImpl(148)) - a8c489c1-45f6-4fc8-8c40-4b6a01f1080c: GrpcService started, listening on 0.0.0.0/0.0.0.0:41483
2019-06-14 00:37:43,313 INFO  node.SCMNodeManager (SCMNodeManager.java:register(234)) - Registered Data node : 450963c2-4296-4dc3-9ab0-2fb3556c67d2{ip: 192.168.46.62, host: ozone-csdnw-1345654644, networkLocation: /default-rack, certSerialId: null}
2019-06-14 00:37:43,335 INFO  safemode.SCMSafeModeManager (DataNodeSafeModeRule.java:process(71)) - SCM in safe mode. 1 DataNodes registered, 1 required.
2019-06-14 00:37:43,337 INFO  safemode.SCMSafeModeManager (SCMSafeModeManager.java:validateSafeModeExitRules(177)) - ScmSafeModeManager, all rules are successfully validated
2019-06-14 00:37:43,338 INFO  safemode.SCMSafeModeManager (SCMSafeModeManager.java:exitSafeMode(193)) - SCM exiting safe mode.
2019-06-14 00:37:43,485 INFO  ozone.MiniOzoneClusterImpl (MiniOzoneClusterImpl.java:lambda$waitForClusterToBeReady$0(142)) - Waiting for cluster to be ready. Got 1 of 6 DN Heartbeats.
2019-06-14 00:37:43,513 INFO  ozoneimpl.OzoneContainer (OzoneContainer.java:start(186)) - Attempting to start container services.
2019-06-14 00:37:43,516 INFO  ozoneimpl.OzoneContainer (OzoneContainer.java:startContainerScrub(160)) - Background container scrubber has been disabled by hdds.containerscrub.enabled
2019-06-14 00:37:43,516 INFO  ratis.XceiverServerRatis (XceiverServerRatis.java:start(418)) - Starting XceiverServerRatis 6255d568-6fca-471a-a234-c1c8c7ba830a at port 33709
2019-06-14 00:37:43,595 INFO  impl.RaftServerProxy (RaftServerProxy.java:lambda$start$3(299)) - 6255d568-6fca-471a-a234-c1c8c7ba830a: start RPC server
2019-06-14 00:37:43,600 INFO  server.GrpcService (GrpcService.java:startImpl(148)) - 6255d568-6fca-471a-a234-c1c8c7ba830a: GrpcService started, listening on 0.0.0.0/0.0.0.0:33709
2019-06-14 00:37:43,786 INFO  node.SCMNodeManager (SCMNodeManager.java:register(234)) - Registered Data node : 519e452a-cf07-4e62-b469-609a00bf083f{ip: 192.168.46.62, host: ozone-csdnw-1345654644, networkLocation: /default-rack, certSerialId: null}
2019-06-14 00:37:43,954 INFO  impl.RaftServerProxy (RaftServerProxy.java:addNew(89)) - 450963c2-4296-4dc3-9ab0-2fb3556c67d2: addNew group-FC9EC72487E4:[450963c2-4296-4dc3-9ab0-2fb3556c67d2:192.168.46.62:37031] returns group-FC9EC72487E4:java.util.concurrent.CompletableFuture@7190b359[Not completed]
2019-06-14 00:37:43,986 INFO  impl.RaftServerImpl (RaftServerImpl.java:<init>(91)) - 450963c2-4296-4dc3-9ab0-2fb3556c67d2: new RaftServerImpl for group-FC9EC72487E4:[450963c2-4296-4dc3-9ab0-2fb3556c67d2:192.168.46.62:37031] with ContainerStateMachine:uninitialized
2019-06-14 00:37:43,989 INFO  server.RaftServerConfigKeys (ConfUtils.java:logGet(43)) - raft.server.rpc.timeout.min = 1s (custom)
2019-06-14 00:37:43,990 INFO  server.RaftServerConfigKeys (ConfUtils.java:logGet(43)) - raft.server.rpc.timeout.max = 1200ms (custom)
2019-06-14 00:37:43,990 INFO  server.RaftServerConfigKeys (ConfUtils.java:logGet(43)) - raft.server.rpcslowness.timeout = 10s (custom)
2019-06-14 00:37:43,996 INFO  server.RaftServerConfigKeys (ConfUtils.java:logGet(43)) - raft.server.log.appender.install.snapshot.enabled = true (default)
2019-06-14 00:37:44,003 INFO  impl.RaftServerImpl (ServerState.java:<init>(101)) - 450963c2-4296-4dc3-9ab0-2fb3556c67d2:group-FC9EC72487E4 ConfigurationManager, init=-1: [450963c2-4296-4dc3-9ab0-2fb3556c67d2:192.168.46.62:37031], old=null, confs=<EMPTY_MAP>
2019-06-14 00:37:44,003 INFO  server.RaftServerConfigKeys (ConfUtils.java:logGet(43)) - raft.server.storage.dir = [/opt/src/hadoop-ozone/integration-test/target/test-dir/MiniOzoneClusterImpl-bbb5c0a1-9de6-4623-8d23-cb06fc8159d2/datanode-0/data/ratis] (custom)
2019-06-14 00:37:44,011 INFO  storage.RaftStorageDirectory (RaftStorageDirectory.java:analyzeStorage(246)) - The storage directory /opt/src/hadoop-ozone/integration-test/target/test-dir/MiniOzoneClusterImpl-bbb5c0a1-9de6-4623-8d23-cb06fc8159d2/datanode-0/data/ratis/ad2ce61f-acef-4b53-a02e-fc9ec72487e4 does not exist. Creating ...
2019-06-14 00:37:44,184 INFO  storage.RaftStorageDirectory (RaftStorageDirectory.java:tryLock(328)) - Lock on /opt/src/hadoop-ozone/integration-test/target/test-dir/MiniOzoneClusterImpl-bbb5c0a1-9de6-4623-8d23-cb06fc8159d2/datanode-0/data/ratis/ad2ce61f-acef-4b53-a02e-fc9ec72487e4/in_use.lock acquired by nodename 10248@ozone-csdnw-1345654644
2019-06-14 00:37:44,189 INFO  storage.RaftStorage (RaftStorage.java:format(75)) - Storage directory /opt/src/hadoop-ozone/integration-test/target/test-dir/MiniOzoneClusterImpl-bbb5c0a1-9de6-4623-8d23-cb06fc8159d2/datanode-0/data/ratis/ad2ce61f-acef-4b53-a02e-fc9ec72487e4 has been successfully formatted.
2019-06-14 00:37:44,191 INFO  ratis.ContainerStateMachine (ContainerStateMachine.java:loadSnapshot(199)) - The snapshot info is null.Setting the last applied index to:(t:0, i:~)
2019-06-14 00:37:44,191 INFO  server.RaftServerConfigKeys (ConfUtils.java:logGet(43)) - raft.server.leader.election.timeout = 10s (custom)
2019-06-14 00:37:44,193 INFO  server.RaftServerConfigKeys (ConfUtils.java:logGet(43)) - raft.server.log.use.memory = false (default)
2019-06-14 00:37:44,196 INFO  server.RaftServerConfigKeys (ConfUtils.java:logGet(43)) - raft.server.log.appender.buffer.byte-limit = 33554432 (custom)
2019-06-14 00:37:44,201 INFO  node.SCMNodeManager (SCMNodeManager.java:register(234)) - Registered Data node : e13f430b-c3cf-405d-a8fb-591dcec396a6{ip: 192.168.46.62, host: ozone-csdnw-1345654644, networkLocation: /default-rack, certSerialId: null}
2019-06-14 00:37:44,202 INFO  server.RaftServerConfigKeys (ConfUtils.java:logGet(43)) - raft.server.log.segment.size.max = 16384 (custom)
2019-06-14 00:37:44,206 INFO  server.RaftServerConfigKeys (ConfUtils.java:logGet(43)) - raft.server.log.segment.cache.num.max = 2 (custom)
2019-06-14 00:37:44,209 INFO  storage.RaftLogWorker (RaftLogWorker.java:<init>(123)) - new 450963c2-4296-4dc3-9ab0-2fb3556c67d2-RaftLogWorker for Storage Directory /opt/src/hadoop-ozone/integration-test/target/test-dir/MiniOzoneClusterImpl-bbb5c0a1-9de6-4623-8d23-cb06fc8159d2/datanode-0/data/ratis/ad2ce61f-acef-4b53-a02e-fc9ec72487e4
2019-06-14 00:37:44,210 INFO  server.RaftServerConfigKeys (ConfUtils.java:logGet(43)) - raft.server.log.queue.byte-limit = 2147483647 (custom)
2019-06-14 00:37:44,210 INFO  server.RaftServerConfigKeys (ConfUtils.java:logGet(43)) - raft.server.log.queue.element-limit = 1024 (custom)
2019-06-14 00:37:44,212 INFO  server.RaftServerConfigKeys (ConfUtils.java:logGet(43)) - raft.server.log.segment.size.max = 16384 (custom)
2019-06-14 00:37:44,212 INFO  server.RaftServerConfigKeys (ConfUtils.java:logGet(43)) - raft.server.log.preallocated.size = 16384 (custom)
2019-06-14 00:37:44,213 INFO  server.RaftServerConfigKeys (ConfUtils.java:logGet(43)) - raft.server.log.write.buffer.size = 33554432 (custom)
2019-06-14 00:37:44,213 INFO  server.RaftServerConfigKeys (ConfUtils.java:logGet(43)) - raft.server.log.force.sync.num = 128 (default)
2019-06-14 00:37:44,214 INFO  server.RaftServerConfigKeys (ConfUtils.java:logGet(43)) - raft.server.log.statemachine.data.sync = true (default)
2019-06-14 00:37:44,214 INFO  server.RaftServerConfigKeys (ConfUtils.java:logGet(43)) - raft.server.log.statemachine.data.sync.timeout = 10s (default)
2019-06-14 00:37:44,215 INFO  server.RaftServerConfigKeys (ConfUtils.java:logGet(43)) - raft.server.log.statemachine.data.sync.timeout.retry = -1 (default)
2019-06-14 00:37:44,218 INFO  server.RaftServerConfigKeys (ConfUtils.java:logGet(43)) - raft.server.log.statemachine.data.caching.enabled = true (custom)
2019-06-14 00:37:44,224 INFO  server.RaftServerConfigKeys (ConfUtils.java:logGet(43)) - raft.server.snapshot.auto.trigger.enabled = true (custom)
2019-06-14 00:37:44,225 INFO  server.RaftServerConfigKeys (ConfUtils.java:logGet(43)) - raft.server.snapshot.auto.trigger.threshold = 10000 (custom)
2019-06-14 00:37:44,225 INFO  server.RaftServerConfigKeys (ConfUtils.java:logGet(43)) - raft.server.retrycache.expirytime = 600000ms (custom)
2019-06-14 00:37:44,251 INFO  impl.RaftServerImpl (RaftServerImpl.java:start(173)) - 450963c2-4296-4dc3-9ab0-2fb3556c67d2: start group-FC9EC72487E4
2019-06-14 00:37:44,252 INFO  impl.RaftServerImpl (RaftServerImpl.java:setRole(164)) - 450963c2-4296-4dc3-9ab0-2fb3556c67d2:group-FC9EC72487E4 changes role from null to FOLLOWER at term 0 for startAsFollower
2019-06-14 00:37:44,253 INFO  impl.RoleInfo (RoleInfo.java:updateAndGet(143)) - 450963c2-4296-4dc3-9ab0-2fb3556c67d2: start FollowerState
2019-06-14 00:37:44,258 INFO  util.JmxRegister (JmxRegister.java:tryRegister(44)) - Successfully registered JMX Bean with object name Ratis:service=RaftServer,group=group-FC9EC72487E4,id=450963c2-4296-4dc3-9ab0-2fb3556c67d2
2019-06-14 00:37:44,350 INFO  pipeline.PipelineStateManager (PipelineStateManager.java:addPipeline(56)) - Created pipeline Pipeline[ Id: ad2ce61f-acef-4b53-a02e-fc9ec72487e4, Nodes: 450963c2-4296-4dc3-9ab0-2fb3556c67d2{ip: 192.168.46.62, host: ozone-csdnw-1345654644, networkLocation: /default-rack, certSerialId: null}, Type:RATIS, Factor:ONE, State:OPEN]
2019-06-14 00:37:44,377 INFO  impl.RaftServerProxy (RaftServerProxy.java:addNew(89)) - 519e452a-cf07-4e62-b469-609a00bf083f: addNew group-8C004D11D422:[519e452a-cf07-4e62-b469-609a00bf083f:192.168.46.62:41009] returns group-8C004D11D422:java.util.concurrent.CompletableFuture@5994793c[Not completed]
2019-06-14 00:37:44,382 INFO  impl.RaftServerImpl (RaftServerImpl.java:<init>(91)) - 519e452a-cf07-4e62-b469-609a00bf083f: new RaftServerImpl for group-8C004D11D422:[519e452a-cf07-4e62-b469-609a00bf083f:192.168.46.62:41009] with ContainerStateMachine:uninitialized
2019-06-14 00:37:44,384 INFO  server.RaftServerConfigKeys (ConfUtils.java:logGet(43)) - raft.server.rpc.timeout.min = 1s (custom)
2019-06-14 00:37:44,384 INFO  server.RaftServerConfigKeys (ConfUtils.java:logGet(43)) - raft.server.rpc.timeout.max = 1200ms (custom)
2019-06-14 00:37:44,384 INFO  server.RaftServerConfigKeys (ConfUtils.java:logGet(43)) - raft.server.rpcslowness.timeout = 10s (custom)
2019-06-14 00:37:44,384 INFO  server.RaftServerConfigKeys (ConfUtils.java:logGet(43)) - raft.server.log.appender.install.snapshot.enabled = true (default)
2019-06-14 00:37:44,385 INFO  impl.RaftServerImpl (ServerState.java:<init>(101)) - 519e452a-cf07-4e62-b469-609a00bf083f:group-8C004D11D422 ConfigurationManager, init=-1: [519e452a-cf07-4e62-b469-609a00bf083f:192.168.46.62:41009], old=null, confs=<EMPTY_MAP>
2019-06-14 00:37:44,385 INFO  server.RaftServerConfigKeys (ConfUtils.java:logGet(43)) - raft.server.storage.dir = [/opt/src/hadoop-ozone/integration-test/target/test-dir/MiniOzoneClusterImpl-bbb5c0a1-9de6-4623-8d23-cb06fc8159d2/datanode-1/data/ratis] (custom)
2019-06-14 00:37:44,385 INFO  storage.RaftStorageDirectory (RaftStorageDirectory.java:analyzeStorage(246)) - The storage directory /opt/src/hadoop-ozone/integration-test/target/test-dir/MiniOzoneClusterImpl-bbb5c0a1-9de6-4623-8d23-cb06fc8159d2/datanode-1/data/ratis/28320ddd-b71c-45f0-bbe7-8c004d11d422 does not exist. Creating ...
2019-06-14 00:37:44,397 INFO  storage.RaftStorageDirectory (RaftStorageDirectory.java:tryLock(328)) - Lock on /opt/src/hadoop-ozone/integration-test/target/test-dir/MiniOzoneClusterImpl-bbb5c0a1-9de6-4623-8d23-cb06fc8159d2/datanode-1/data/ratis/28320ddd-b71c-45f0-bbe7-8c004d11d422/in_use.lock acquired by nodename 10248@ozone-csdnw-1345654644
2019-06-14 00:37:44,405 INFO  storage.RaftStorage (RaftStorage.java:format(75)) - Storage directory /opt/src/hadoop-ozone/integration-test/target/test-dir/MiniOzoneClusterImpl-bbb5c0a1-9de6-4623-8d23-cb06fc8159d2/datanode-1/data/ratis/28320ddd-b71c-45f0-bbe7-8c004d11d422 has been successfully formatted.
2019-06-14 00:37:44,407 INFO  ratis.ContainerStateMachine (ContainerStateMachine.java:loadSnapshot(199)) - The snapshot info is null.Setting the last applied index to:(t:0, i:~)
2019-06-14 00:37:44,408 INFO  server.RaftServerConfigKeys (ConfUtils.java:logGet(43)) - raft.server.leader.election.timeout = 10s (custom)
2019-06-14 00:37:44,408 INFO  server.RaftServerConfigKeys (ConfUtils.java:logGet(43)) - raft.server.log.use.memory = false (default)
2019-06-14 00:37:44,408 INFO  server.RaftServerConfigKeys (ConfUtils.java:logGet(43)) - raft.server.log.appender.buffer.byte-limit = 33554432 (custom)
2019-06-14 00:37:44,409 INFO  server.RaftServerConfigKeys (ConfUtils.java:logGet(43)) - raft.server.log.segment.size.max = 16384 (custom)
2019-06-14 00:37:44,409 INFO  server.RaftServerConfigKeys (ConfUtils.java:logGet(43)) - raft.server.log.segment.cache.num.max = 2 (custom)
2019-06-14 00:37:44,409 INFO  storage.RaftLogWorker (RaftLogWorker.java:<init>(123)) - new 519e452a-cf07-4e62-b469-609a00bf083f-RaftLogWorker for Storage Directory /opt/src/hadoop-ozone/integration-test/target/test-dir/MiniOzoneClusterImpl-bbb5c0a1-9de6-4623-8d23-cb06fc8159d2/datanode-1/data/ratis/28320ddd-b71c-45f0-bbe7-8c004d11d422
2019-06-14 00:37:44,411 INFO  server.RaftServerConfigKeys (ConfUtils.java:logGet(43)) - raft.server.log.queue.byte-limit = 2147483647 (custom)
2019-06-14 00:37:44,412 INFO  server.RaftServerConfigKeys (ConfUtils.java:logGet(43)) - raft.server.log.queue.element-limit = 1024 (custom)
2019-06-14 00:37:44,412 INFO  server.RaftServerConfigKeys (ConfUtils.java:logGet(43)) - raft.server.log.segment.size.max = 16384 (custom)
2019-06-14 00:37:44,413 INFO  server.RaftServerConfigKeys (ConfUtils.java:logGet(43)) - raft.server.log.preallocated.size = 16384 (custom)
2019-06-14 00:37:44,413 INFO  server.RaftServerConfigKeys (ConfUtils.java:logGet(43)) - raft.server.log.write.buffer.size = 33554432 (custom)
2019-06-14 00:37:44,413 INFO  server.RaftServerConfigKeys (ConfUtils.java:logGet(43)) - raft.server.log.force.sync.num = 128 (default)
2019-06-14 00:37:44,415 INFO  server.RaftServerConfigKeys (ConfUtils.java:logGet(43)) - raft.server.log.statemachine.data.sync = true (default)
2019-06-14 00:37:44,416 INFO  server.RaftServerConfigKeys (ConfUtils.java:logGet(43)) - raft.server.log.statemachine.data.sync.timeout = 10s (default)
2019-06-14 00:37:44,416 INFO  server.RaftServerConfigKeys (ConfUtils.java:logGet(43)) - raft.server.log.statemachine.data.sync.timeout.retry = -1 (default)
2019-06-14 00:37:44,416 INFO  server.RaftServerConfigKeys (ConfUtils.java:logGet(43)) - raft.server.log.statemachine.data.caching.enabled = true (custom)
2019-06-14 00:37:44,418 INFO  server.RaftServerConfigKeys (ConfUtils.java:logGet(43)) - raft.server.snapshot.auto.trigger.enabled = true (custom)
2019-06-14 00:37:44,418 INFO  server.RaftServerConfigKeys (ConfUtils.java:logGet(43)) - raft.server.snapshot.auto.trigger.threshold = 10000 (custom)
2019-06-14 00:37:44,418 INFO  server.RaftServerConfigKeys (ConfUtils.java:logGet(43)) - raft.server.retrycache.expirytime = 600000ms (custom)
2019-06-14 00:37:44,418 INFO  impl.RaftServerImpl (RaftServerImpl.java:start(173)) - 519e452a-cf07-4e62-b469-609a00bf083f: start group-8C004D11D422
2019-06-14 00:37:44,418 INFO  impl.RaftServerImpl (RaftServerImpl.java:setRole(164)) - 519e452a-cf07-4e62-b469-609a00bf083f:group-8C004D11D422 changes role from null to FOLLOWER at term 0 for startAsFollower
2019-06-14 00:37:44,419 INFO  impl.RoleInfo (RoleInfo.java:updateAndGet(143)) - 519e452a-cf07-4e62-b469-609a00bf083f: start FollowerState
2019-06-14 00:37:44,430 INFO  util.JmxRegister (JmxRegister.java:tryRegister(44)) - Successfully registered JMX Bean with object name Ratis:service=RaftServer,group=group-8C004D11D422,id=519e452a-cf07-4e62-b469-609a00bf083f
2019-06-14 00:37:44,450 INFO  pipeline.PipelineStateManager (PipelineStateManager.java:addPipeline(56)) - Created pipeline Pipeline[ Id: 28320ddd-b71c-45f0-bbe7-8c004d11d422, Nodes: 519e452a-cf07-4e62-b469-609a00bf083f{ip: 192.168.46.62, host: ozone-csdnw-1345654644, networkLocation: /default-rack, certSerialId: null}, Type:RATIS, Factor:ONE, State:OPEN]
2019-06-14 00:37:44,477 INFO  impl.RaftServerProxy (RaftServerProxy.java:addNew(89)) - e13f430b-c3cf-405d-a8fb-591dcec396a6: addNew group-7EB2BF02B7DC:[e13f430b-c3cf-405d-a8fb-591dcec396a6:192.168.46.62:38283] returns group-7EB2BF02B7DC:java.util.concurrent.CompletableFuture@6ef9a1c6[Not completed]
2019-06-14 00:37:44,487 INFO  ozone.MiniOzoneClusterImpl (MiniOzoneClusterImpl.java:lambda$waitForClusterToBeReady$0(142)) - Waiting for cluster to be ready. Got 3 of 6 DN Heartbeats.
2019-06-14 00:37:44,505 INFO  impl.RaftServerImpl (RaftServerImpl.java:<init>(91)) - e13f430b-c3cf-405d-a8fb-591dcec396a6: new RaftServerImpl for group-7EB2BF02B7DC:[e13f430b-c3cf-405d-a8fb-591dcec396a6:192.168.46.62:38283] with ContainerStateMachine:uninitialized
2019-06-14 00:37:44,505 INFO  server.RaftServerConfigKeys (ConfUtils.java:logGet(43)) - raft.server.rpc.timeout.min = 1s (custom)
2019-06-14 00:37:44,505 INFO  server.RaftServerConfigKeys (ConfUtils.java:logGet(43)) - raft.server.rpc.timeout.max = 1200ms (custom)
2019-06-14 00:37:44,505 INFO  server.RaftServerConfigKeys (ConfUtils.java:logGet(43)) - raft.server.rpcslowness.timeout = 10s (custom)
2019-06-14 00:37:44,505 INFO  server.RaftServerConfigKeys (ConfUtils.java:logGet(43)) - raft.server.log.appender.install.snapshot.enabled = true (default)
2019-06-14 00:37:44,505 INFO  impl.RaftServerImpl (ServerState.java:<init>(101)) - e13f430b-c3cf-405d-a8fb-591dcec396a6:group-7EB2BF02B7DC ConfigurationManager, init=-1: [e13f430b-c3cf-405d-a8fb-591dcec396a6:192.168.46.62:38283], old=null, confs=<EMPTY_MAP>
2019-06-14 00:37:44,505 INFO  server.RaftServerConfigKeys (ConfUtils.java:logGet(43)) - raft.server.storage.dir = [/opt/src/hadoop-ozone/integration-test/target/test-dir/MiniOzoneClusterImpl-bbb5c0a1-9de6-4623-8d23-cb06fc8159d2/datanode-2/data/ratis] (custom)
2019-06-14 00:37:44,509 INFO  storage.RaftStorageDirectory (RaftStorageDirectory.java:analyzeStorage(246)) - The storage directory /opt/src/hadoop-ozone/integration-test/target/test-dir/MiniOzoneClusterImpl-bbb5c0a1-9de6-4623-8d23-cb06fc8159d2/datanode-2/data/ratis/3b95ef8b-44ac-42b9-8e1a-7eb2bf02b7dc does not exist. Creating ...
2019-06-14 00:37:44,511 INFO  storage.RaftStorageDirectory (RaftStorageDirectory.java:tryLock(328)) - Lock on /opt/src/hadoop-ozone/integration-test/target/test-dir/MiniOzoneClusterImpl-bbb5c0a1-9de6-4623-8d23-cb06fc8159d2/datanode-2/data/ratis/3b95ef8b-44ac-42b9-8e1a-7eb2bf02b7dc/in_use.lock acquired by nodename 10248@ozone-csdnw-1345654644
2019-06-14 00:37:44,513 INFO  storage.RaftStorage (RaftStorage.java:format(75)) - Storage directory /opt/src/hadoop-ozone/integration-test/target/test-dir/MiniOzoneClusterImpl-bbb5c0a1-9de6-4623-8d23-cb06fc8159d2/datanode-2/data/ratis/3b95ef8b-44ac-42b9-8e1a-7eb2bf02b7dc has been successfully formatted.
2019-06-14 00:37:44,514 INFO  ratis.ContainerStateMachine (ContainerStateMachine.java:loadSnapshot(199)) - The snapshot info is null.Setting the last applied index to:(t:0, i:~)
2019-06-14 00:37:44,514 INFO  server.RaftServerConfigKeys (ConfUtils.java:logGet(43)) - raft.server.leader.election.timeout = 10s (custom)
2019-06-14 00:37:44,514 INFO  server.RaftServerConfigKeys (ConfUtils.java:logGet(43)) - raft.server.log.use.memory = false (default)
2019-06-14 00:37:44,514 INFO  server.RaftServerConfigKeys (ConfUtils.java:logGet(43)) - raft.server.log.appender.buffer.byte-limit = 33554432 (custom)
2019-06-14 00:37:44,514 INFO  server.RaftServerConfigKeys (ConfUtils.java:logGet(43)) - raft.server.log.segment.size.max = 16384 (custom)
2019-06-14 00:37:44,514 INFO  server.RaftServerConfigKeys (ConfUtils.java:logGet(43)) - raft.server.log.segment.cache.num.max = 2 (custom)
2019-06-14 00:37:44,514 INFO  storage.RaftLogWorker (RaftLogWorker.java:<init>(123)) - new e13f430b-c3cf-405d-a8fb-591dcec396a6-RaftLogWorker for Storage Directory /opt/src/hadoop-ozone/integration-test/target/test-dir/MiniOzoneClusterImpl-bbb5c0a1-9de6-4623-8d23-cb06fc8159d2/datanode-2/data/ratis/3b95ef8b-44ac-42b9-8e1a-7eb2bf02b7dc
2019-06-14 00:37:44,514 INFO  server.RaftServerConfigKeys (ConfUtils.java:logGet(43)) - raft.server.log.queue.byte-limit = 2147483647 (custom)
2019-06-14 00:37:44,514 INFO  server.RaftServerConfigKeys (ConfUtils.java:logGet(43)) - raft.server.log.queue.element-limit = 1024 (custom)
2019-06-14 00:37:44,514 INFO  server.RaftServerConfigKeys (ConfUtils.java:logGet(43)) - raft.server.log.segment.size.max = 16384 (custom)
2019-06-14 00:37:44,514 INFO  server.RaftServerConfigKeys (ConfUtils.java:logGet(43)) - raft.server.log.preallocated.size = 16384 (custom)
2019-06-14 00:37:44,514 INFO  server.RaftServerConfigKeys (ConfUtils.java:logGet(43)) - raft.server.log.write.buffer.size = 33554432 (custom)
2019-06-14 00:37:44,514 INFO  server.RaftServerConfigKeys (ConfUtils.java:logGet(43)) - raft.server.log.force.sync.num = 128 (default)
2019-06-14 00:37:44,514 INFO  server.RaftServerConfigKeys (ConfUtils.java:logGet(43)) - raft.server.log.statemachine.data.sync = true (default)
2019-06-14 00:37:44,515 INFO  server.RaftServerConfigKeys (ConfUtils.java:logGet(43)) - raft.server.log.statemachine.data.sync.timeout = 10s (default)
2019-06-14 00:37:44,515 INFO  server.RaftServerConfigKeys (ConfUtils.java:logGet(43)) - raft.server.log.statemachine.data.sync.timeout.retry = -1 (default)
2019-06-14 00:37:44,515 INFO  server.RaftServerConfigKeys (ConfUtils.java:logGet(43)) - raft.server.log.statemachine.data.caching.enabled = true (custom)
2019-06-14 00:37:44,516 INFO  server.RaftServerConfigKeys (ConfUtils.java:logGet(43)) - raft.server.snapshot.auto.trigger.enabled = true (custom)
2019-06-14 00:37:44,516 INFO  server.RaftServerConfigKeys (ConfUtils.java:logGet(43)) - raft.server.snapshot.auto.trigger.threshold = 10000 (custom)
2019-06-14 00:37:44,516 INFO  server.RaftServerConfigKeys (ConfUtils.java:logGet(43)) - raft.server.retrycache.expirytime = 600000ms (custom)
2019-06-14 00:37:44,516 INFO  impl.RaftServerImpl (RaftServerImpl.java:start(173)) - e13f430b-c3cf-405d-a8fb-591dcec396a6: start group-7EB2BF02B7DC
2019-06-14 00:37:44,516 INFO  impl.RaftServerImpl (RaftServerImpl.java:setRole(164)) - e13f430b-c3cf-405d-a8fb-591dcec396a6:group-7EB2BF02B7DC changes role from null to FOLLOWER at term 0 for startAsFollower
2019-06-14 00:37:44,516 INFO  impl.RoleInfo (RoleInfo.java:updateAndGet(143)) - e13f430b-c3cf-405d-a8fb-591dcec396a6: start FollowerState
2019-06-14 00:37:44,517 INFO  util.JmxRegister (JmxRegister.java:tryRegister(44)) - Successfully registered JMX Bean with object name Ratis:service=RaftServer,group=group-7EB2BF02B7DC,id=e13f430b-c3cf-405d-a8fb-591dcec396a6
2019-06-14 00:37:44,527 INFO  pipeline.PipelineStateManager (PipelineStateManager.java:addPipeline(56)) - Created pipeline Pipeline[ Id: 3b95ef8b-44ac-42b9-8e1a-7eb2bf02b7dc, Nodes: e13f430b-c3cf-405d-a8fb-591dcec396a6{ip: 192.168.46.62, host: ozone-csdnw-1345654644, networkLocation: /default-rack, certSerialId: null}, Type:RATIS, Factor:ONE, State:OPEN]
2019-06-14 00:37:44,562 INFO  impl.RaftServerProxy (RaftServerProxy.java:addNew(89)) - 519e452a-cf07-4e62-b469-609a00bf083f: addNew group-8EB3AA838D4B:[450963c2-4296-4dc3-9ab0-2fb3556c67d2:192.168.46.62:37031, 519e452a-cf07-4e62-b469-609a00bf083f:192.168.46.62:41009, e13f430b-c3cf-405d-a8fb-591dcec396a6:192.168.46.62:38283] returns group-8EB3AA838D4B:java.util.concurrent.CompletableFuture@4679d584[Not completed]
2019-06-14 00:37:44,570 INFO  impl.RaftServerImpl (RaftServerImpl.java:<init>(91)) - 519e452a-cf07-4e62-b469-609a00bf083f: new RaftServerImpl for group-8EB3AA838D4B:[450963c2-4296-4dc3-9ab0-2fb3556c67d2:192.168.46.62:37031, 519e452a-cf07-4e62-b469-609a00bf083f:192.168.46.62:41009, e13f430b-c3cf-405d-a8fb-591dcec396a6:192.168.46.62:38283] with ContainerStateMachine:uninitialized
2019-06-14 00:37:44,570 INFO  server.RaftServerConfigKeys (ConfUtils.java:logGet(43)) - raft.server.rpc.timeout.min = 1s (custom)
2019-06-14 00:37:44,571 INFO  server.RaftServerConfigKeys (ConfUtils.java:logGet(43)) - raft.server.rpc.timeout.max = 1200ms (custom)
2019-06-14 00:37:44,571 INFO  server.RaftServerConfigKeys (ConfUtils.java:logGet(43)) - raft.server.rpcslowness.timeout = 10s (custom)
2019-06-14 00:37:44,571 INFO  server.RaftServerConfigKeys (ConfUtils.java:logGet(43)) - raft.server.log.appender.install.snapshot.enabled = true (default)
2019-06-14 00:37:44,571 INFO  impl.RaftServerImpl (ServerState.java:<init>(101)) - 519e452a-cf07-4e62-b469-609a00bf083f:group-8EB3AA838D4B ConfigurationManager, init=-1: [450963c2-4296-4dc3-9ab0-2fb3556c67d2:192.168.46.62:37031, 519e452a-cf07-4e62-b469-609a00bf083f:192.168.46.62:41009, e13f430b-c3cf-405d-a8fb-591dcec396a6:192.168.46.62:38283], old=null, confs=<EMPTY_MAP>
2019-06-14 00:37:44,571 INFO  server.RaftServerConfigKeys (ConfUtils.java:logGet(43)) - raft.server.storage.dir = [/opt/src/hadoop-ozone/integration-test/target/test-dir/MiniOzoneClusterImpl-bbb5c0a1-9de6-4623-8d23-cb06fc8159d2/datanode-1/data/ratis] (custom)
2019-06-14 00:37:44,571 INFO  impl.RaftServerProxy (RaftServerProxy.java:addNew(89)) - 450963c2-4296-4dc3-9ab0-2fb3556c67d2: addNew group-8EB3AA838D4B:[450963c2-4296-4dc3-9ab0-2fb3556c67d2:192.168.46.62:37031, 519e452a-cf07-4e62-b469-609a00bf083f:192.168.46.62:41009, e13f430b-c3cf-405d-a8fb-591dcec396a6:192.168.46.62:38283] returns group-8EB3AA838D4B:java.util.concurrent.CompletableFuture@2105de7f[Not completed]
2019-06-14 00:37:44,571 INFO  storage.RaftStorageDirectory (RaftStorageDirectory.java:analyzeStorage(246)) - The storage directory /opt/src/hadoop-ozone/integration-test/target/test-dir/MiniOzoneClusterImpl-bbb5c0a1-9de6-4623-8d23-cb06fc8159d2/datanode-1/data/ratis/4323a5b0-4813-4898-bc8c-8eb3aa838d4b does not exist. Creating ...
2019-06-14 00:37:44,574 INFO  storage.RaftStorageDirectory (RaftStorageDirectory.java:tryLock(328)) - Lock on /opt/src/hadoop-ozone/integration-test/target/test-dir/MiniOzoneClusterImpl-bbb5c0a1-9de6-4623-8d23-cb06fc8159d2/datanode-1/data/ratis/4323a5b0-4813-4898-bc8c-8eb3aa838d4b/in_use.lock acquired by nodename 10248@ozone-csdnw-1345654644
2019-06-14 00:37:44,574 INFO  impl.RaftServerImpl (RaftServerImpl.java:<init>(91)) - 450963c2-4296-4dc3-9ab0-2fb3556c67d2: new RaftServerImpl for group-8EB3AA838D4B:[450963c2-4296-4dc3-9ab0-2fb3556c67d2:192.168.46.62:37031, 519e452a-cf07-4e62-b469-609a00bf083f:192.168.46.62:41009, e13f430b-c3cf-405d-a8fb-591dcec396a6:192.168.46.62:38283] with ContainerStateMachine:uninitialized
2019-06-14 00:37:44,574 INFO  server.RaftServerConfigKeys (ConfUtils.java:logGet(43)) - raft.server.rpc.timeout.min = 1s (custom)
2019-06-14 00:37:44,574 INFO  server.RaftServerConfigKeys (ConfUtils.java:logGet(43)) - raft.server.rpc.timeout.max = 1200ms (custom)
2019-06-14 00:37:44,575 INFO  server.RaftServerConfigKeys (ConfUtils.java:logGet(43)) - raft.server.rpcslowness.timeout = 10s (custom)
2019-06-14 00:37:44,575 INFO  server.RaftServerConfigKeys (ConfUtils.java:logGet(43)) - raft.server.log.appender.install.snapshot.enabled = true (default)
2019-06-14 00:37:44,575 INFO  impl.RaftServerImpl (ServerState.java:<init>(101)) - 450963c2-4296-4dc3-9ab0-2fb3556c67d2:group-8EB3AA838D4B ConfigurationManager, init=-1: [450963c2-4296-4dc3-9ab0-2fb3556c67d2:192.168.46.62:37031, 519e452a-cf07-4e62-b469-609a00bf083f:192.168.46.62:41009, e13f430b-c3cf-405d-a8fb-591dcec396a6:192.168.46.62:38283], old=null, confs=<EMPTY_MAP>
2019-06-14 00:37:44,575 INFO  server.RaftServerConfigKeys (ConfUtils.java:logGet(43)) - raft.server.storage.dir = [/opt/src/hadoop-ozone/integration-test/target/test-dir/MiniOzoneClusterImpl-bbb5c0a1-9de6-4623-8d23-cb06fc8159d2/datanode-0/data/ratis] (custom)
2019-06-14 00:37:44,575 INFO  storage.RaftStorageDirectory (RaftStorageDirectory.java:analyzeStorage(246)) - The storage directory /opt/src/hadoop-ozone/integration-test/target/test-dir/MiniOzoneClusterImpl-bbb5c0a1-9de6-4623-8d23-cb06fc8159d2/datanode-0/data/ratis/4323a5b0-4813-4898-bc8c-8eb3aa838d4b does not exist. Creating ...
2019-06-14 00:37:44,575 INFO  impl.RaftServerProxy (RaftServerProxy.java:addNew(89)) - e13f430b-c3cf-405d-a8fb-591dcec396a6: addNew group-8EB3AA838D4B:[450963c2-4296-4dc3-9ab0-2fb3556c67d2:192.168.46.62:37031, 519e452a-cf07-4e62-b469-609a00bf083f:192.168.46.62:41009, e13f430b-c3cf-405d-a8fb-591dcec396a6:192.168.46.62:38283] returns group-8EB3AA838D4B:java.util.concurrent.CompletableFuture@4a2559f2[Not completed]
2019-06-14 00:37:44,576 INFO  impl.RaftServerImpl (RaftServerImpl.java:<init>(91)) - e13f430b-c3cf-405d-a8fb-591dcec396a6: new RaftServerImpl for group-8EB3AA838D4B:[450963c2-4296-4dc3-9ab0-2fb3556c67d2:192.168.46.62:37031, 519e452a-cf07-4e62-b469-609a00bf083f:192.168.46.62:41009, e13f430b-c3cf-405d-a8fb-591dcec396a6:192.168.46.62:38283] with ContainerStateMachine:uninitialized
2019-06-14 00:37:44,576 INFO  server.RaftServerConfigKeys (ConfUtils.java:logGet(43)) - raft.server.rpc.timeout.min = 1s (custom)
2019-06-14 00:37:44,576 INFO  server.RaftServerConfigKeys (ConfUtils.java:logGet(43)) - raft.server.rpc.timeout.max = 1200ms (custom)
2019-06-14 00:37:44,577 INFO  server.RaftServerConfigKeys (ConfUtils.java:logGet(43)) - raft.server.rpcslowness.timeout = 10s (custom)
2019-06-14 00:37:44,577 INFO  server.RaftServerConfigKeys (ConfUtils.java:logGet(43)) - raft.server.log.appender.install.snapshot.enabled = true (default)
2019-06-14 00:37:44,577 INFO  impl.RaftServerImpl (ServerState.java:<init>(101)) - e13f430b-c3cf-405d-a8fb-591dcec396a6:group-8EB3AA838D4B ConfigurationManager, init=-1: [450963c2-4296-4dc3-9ab0-2fb3556c67d2:192.168.46.62:37031, 519e452a-cf07-4e62-b469-609a00bf083f:192.168.46.62:41009, e13f430b-c3cf-405d-a8fb-591dcec396a6:192.168.46.62:38283], old=null, confs=<EMPTY_MAP>
2019-06-14 00:37:44,577 INFO  server.RaftServerConfigKeys (ConfUtils.java:logGet(43)) - raft.server.storage.dir = [/opt/src/hadoop-ozone/integration-test/target/test-dir/MiniOzoneClusterImpl-bbb5c0a1-9de6-4623-8d23-cb06fc8159d2/datanode-2/data/ratis] (custom)
2019-06-14 00:37:44,577 INFO  storage.RaftStorageDirectory (RaftStorageDirectory.java:analyzeStorage(246)) - The storage directory /opt/src/hadoop-ozone/integration-test/target/test-dir/MiniOzoneClusterImpl-bbb5c0a1-9de6-4623-8d23-cb06fc8159d2/datanode-2/data/ratis/4323a5b0-4813-4898-bc8c-8eb3aa838d4b does not exist. Creating ...
2019-06-14 00:37:44,578 INFO  storage.RaftStorage (RaftStorage.java:format(75)) - Storage directory /opt/src/hadoop-ozone/integration-test/target/test-dir/MiniOzoneClusterImpl-bbb5c0a1-9de6-4623-8d23-cb06fc8159d2/datanode-1/data/ratis/4323a5b0-4813-4898-bc8c-8eb3aa838d4b has been successfully formatted.
2019-06-14 00:37:44,578 INFO  ratis.ContainerStateMachine (ContainerStateMachine.java:loadSnapshot(199)) - The snapshot info is null.Setting the last applied index to:(t:0, i:~)
2019-06-14 00:37:44,578 INFO  server.RaftServerConfigKeys (ConfUtils.java:logGet(43)) - raft.server.leader.election.timeout = 10s (custom)
2019-06-14 00:37:44,578 INFO  server.RaftServerConfigKeys (ConfUtils.java:logGet(43)) - raft.server.log.use.memory = false (default)
2019-06-14 00:37:44,578 INFO  server.RaftServerConfigKeys (ConfUtils.java:logGet(43)) - raft.server.log.appender.buffer.byte-limit = 33554432 (custom)
2019-06-14 00:37:44,579 INFO  server.RaftServerConfigKeys (ConfUtils.java:logGet(43)) - raft.server.log.segment.size.max = 16384 (custom)
2019-06-14 00:37:44,579 INFO  server.RaftServerConfigKeys (ConfUtils.java:logGet(43)) - raft.server.log.segment.cache.num.max = 2 (custom)
2019-06-14 00:37:44,579 INFO  storage.RaftLogWorker (RaftLogWorker.java:<init>(123)) - new 519e452a-cf07-4e62-b469-609a00bf083f-RaftLogWorker for Storage Directory /opt/src/hadoop-ozone/integration-test/target/test-dir/MiniOzoneClusterImpl-bbb5c0a1-9de6-4623-8d23-cb06fc8159d2/datanode-1/data/ratis/4323a5b0-4813-4898-bc8c-8eb3aa838d4b
2019-06-14 00:37:44,579 INFO  server.RaftServerConfigKeys (ConfUtils.java:logGet(43)) - raft.server.log.queue.byte-limit = 2147483647 (custom)
2019-06-14 00:37:44,579 INFO  server.RaftServerConfigKeys (ConfUtils.java:logGet(43)) - raft.server.log.queue.element-limit = 1024 (custom)
2019-06-14 00:37:44,579 INFO  server.RaftServerConfigKeys (ConfUtils.java:logGet(43)) - raft.server.log.segment.size.max = 16384 (custom)
2019-06-14 00:37:44,579 INFO  server.RaftServerConfigKeys (ConfUtils.java:logGet(43)) - raft.server.log.preallocated.size = 16384 (custom)
2019-06-14 00:37:44,579 INFO  server.RaftServerConfigKeys (ConfUtils.java:logGet(43)) - raft.server.log.write.buffer.size = 33554432 (custom)
2019-06-14 00:37:44,579 INFO  server.RaftServerConfigKeys (ConfUtils.java:logGet(43)) - raft.server.log.force.sync.num = 128 (default)
2019-06-14 00:37:44,579 INFO  server.RaftServerConfigKeys (ConfUtils.java:logGet(43)) - raft.server.log.statemachine.data.sync = true (default)
2019-06-14 00:37:44,580 INFO  server.RaftServerConfigKeys (ConfUtils.java:logGet(43)) - raft.server.log.statemachine.data.sync.timeout = 10s (default)
2019-06-14 00:37:44,580 INFO  server.RaftServerConfigKeys (ConfUtils.java:logGet(43)) - raft.server.log.statemachine.data.sync.timeout.retry = -1 (default)
2019-06-14 00:37:44,580 INFO  server.RaftServerConfigKeys (ConfUtils.java:logGet(43)) - raft.server.log.statemachine.data.caching.enabled = true (custom)
2019-06-14 00:37:44,581 INFO  storage.RaftStorageDirectory (RaftStorageDirectory.java:tryLock(328)) - Lock on /opt/src/hadoop-ozone/integration-test/target/test-dir/MiniOzoneClusterImpl-bbb5c0a1-9de6-4623-8d23-cb06fc8159d2/datanode-0/data/ratis/4323a5b0-4813-4898-bc8c-8eb3aa838d4b/in_use.lock acquired by nodename 10248@ozone-csdnw-1345654644
2019-06-14 00:37:44,582 INFO  storage.RaftStorageDirectory (RaftStorageDirectory.java:tryLock(328)) - Lock on /opt/src/hadoop-ozone/integration-test/target/test-dir/MiniOzoneClusterImpl-bbb5c0a1-9de6-4623-8d23-cb06fc8159d2/datanode-2/data/ratis/4323a5b0-4813-4898-bc8c-8eb3aa838d4b/in_use.lock acquired by nodename 10248@ozone-csdnw-1345654644
2019-06-14 00:37:44,583 INFO  server.RaftServerConfigKeys (ConfUtils.java:logGet(43)) - raft.server.snapshot.auto.trigger.enabled = true (custom)
2019-06-14 00:37:44,583 INFO  server.RaftServerConfigKeys (ConfUtils.java:logGet(43)) - raft.server.snapshot.auto.trigger.threshold = 10000 (custom)
2019-06-14 00:37:44,583 INFO  server.RaftServerConfigKeys (ConfUtils.java:logGet(43)) - raft.server.retrycache.expirytime = 600000ms (custom)
2019-06-14 00:37:44,583 INFO  impl.RaftServerImpl (RaftServerImpl.java:start(173)) - 519e452a-cf07-4e62-b469-609a00bf083f: start group-8EB3AA838D4B
2019-06-14 00:37:44,584 INFO  impl.RaftServerImpl (RaftServerImpl.java:setRole(164)) - 519e452a-cf07-4e62-b469-609a00bf083f:group-8EB3AA838D4B changes role from null to FOLLOWER at term 0 for startAsFollower
2019-06-14 00:37:44,584 INFO  impl.RoleInfo (RoleInfo.java:updateAndGet(143)) - 519e452a-cf07-4e62-b469-609a00bf083f: start FollowerState
2019-06-14 00:37:44,584 INFO  storage.RaftStorage (RaftStorage.java:format(75)) - Storage directory /opt/src/hadoop-ozone/integration-test/target/test-dir/MiniOzoneClusterImpl-bbb5c0a1-9de6-4623-8d23-cb06fc8159d2/datanode-2/data/ratis/4323a5b0-4813-4898-bc8c-8eb3aa838d4b has been successfully formatted.
2019-06-14 00:37:44,584 INFO  ratis.ContainerStateMachine (ContainerStateMachine.java:loadSnapshot(199)) - The snapshot info is null.Setting the last applied index to:(t:0, i:~)
2019-06-14 00:37:44,584 INFO  server.RaftServerConfigKeys (ConfUtils.java:logGet(43)) - raft.server.leader.election.timeout = 10s (custom)
2019-06-14 00:37:44,585 INFO  server.RaftServerConfigKeys (ConfUtils.java:logGet(43)) - raft.server.log.use.memory = false (default)
2019-06-14 00:37:44,585 INFO  server.RaftServerConfigKeys (ConfUtils.java:logGet(43)) - raft.server.log.appender.buffer.byte-limit = 33554432 (custom)
2019-06-14 00:37:44,585 INFO  server.RaftServerConfigKeys (ConfUtils.java:logGet(43)) - raft.server.log.segment.size.max = 16384 (custom)
2019-06-14 00:37:44,585 INFO  server.RaftServerConfigKeys (ConfUtils.java:logGet(43)) - raft.server.log.segment.cache.num.max = 2 (custom)
2019-06-14 00:37:44,585 INFO  storage.RaftLogWorker (RaftLogWorker.java:<init>(123)) - new e13f430b-c3cf-405d-a8fb-591dcec396a6-RaftLogWorker for Storage Directory /opt/src/hadoop-ozone/integration-test/target/test-dir/MiniOzoneClusterImpl-bbb5c0a1-9de6-4623-8d23-cb06fc8159d2/datanode-2/data/ratis/4323a5b0-4813-4898-bc8c-8eb3aa838d4b
2019-06-14 00:37:44,585 INFO  server.RaftServerConfigKeys (ConfUtils.java:logGet(43)) - raft.server.log.queue.byte-limit = 2147483647 (custom)
2019-06-14 00:37:44,585 INFO  server.RaftServerConfigKeys (ConfUtils.java:logGet(43)) - raft.server.log.queue.element-limit = 1024 (custom)
2019-06-14 00:37:44,585 INFO  server.RaftServerConfigKeys (ConfUtils.java:logGet(43)) - raft.server.log.segment.size.max = 16384 (custom)
2019-06-14 00:37:44,585 INFO  server.RaftServerConfigKeys (ConfUtils.java:logGet(43)) - raft.server.log.preallocated.size = 16384 (custom)
2019-06-14 00:37:44,585 INFO  server.RaftServerConfigKeys (ConfUtils.java:logGet(43)) - raft.server.log.write.buffer.size = 33554432 (custom)
2019-06-14 00:37:44,586 INFO  server.RaftServerConfigKeys (ConfUtils.java:logGet(43)) - raft.server.log.force.sync.num = 128 (default)
2019-06-14 00:37:44,586 INFO  server.RaftServerConfigKeys (ConfUtils.java:logGet(43)) - raft.server.log.statemachine.data.sync = true (default)
2019-06-14 00:37:44,586 INFO  server.RaftServerConfigKeys (ConfUtils.java:logGet(43)) - raft.server.log.statemachine.data.sync.timeout = 10s (default)
2019-06-14 00:37:44,586 INFO  server.RaftServerConfigKeys (ConfUtils.java:logGet(43)) - raft.server.log.statemachine.data.sync.timeout.retry = -1 (default)
2019-06-14 00:37:44,584 INFO  storage.RaftStorage (RaftStorage.java:format(75)) - Storage directory /opt/src/hadoop-ozone/integration-test/target/test-dir/MiniOzoneClusterImpl-bbb5c0a1-9de6-4623-8d23-cb06fc8159d2/datanode-0/data/ratis/4323a5b0-4813-4898-bc8c-8eb3aa838d4b has been successfully formatted.
2019-06-14 00:37:44,586 INFO  ratis.ContainerStateMachine (ContainerStateMachine.java:loadSnapshot(199)) - The snapshot info is null.Setting the last applied index to:(t:0, i:~)
2019-06-14 00:37:44,586 INFO  server.RaftServerConfigKeys (ConfUtils.java:logGet(43)) - raft.server.leader.election.timeout = 10s (custom)
2019-06-14 00:37:44,587 INFO  server.RaftServerConfigKeys (ConfUtils.java:logGet(43)) - raft.server.log.use.memory = false (default)
2019-06-14 00:37:44,587 INFO  server.RaftServerConfigKeys (ConfUtils.java:logGet(43)) - raft.server.log.appender.buffer.byte-limit = 33554432 (custom)
2019-06-14 00:37:44,587 INFO  server.RaftServerConfigKeys (ConfUtils.java:logGet(43)) - raft.server.log.segment.size.max = 16384 (custom)
2019-06-14 00:37:44,587 INFO  server.RaftServerConfigKeys (ConfUtils.java:logGet(43)) - raft.server.log.segment.cache.num.max = 2 (custom)
2019-06-14 00:37:44,587 INFO  storage.RaftLogWorker (RaftLogWorker.java:<init>(123)) - new 450963c2-4296-4dc3-9ab0-2fb3556c67d2-RaftLogWorker for Storage Directory /opt/src/hadoop-ozone/integration-test/target/test-dir/MiniOzoneClusterImpl-bbb5c0a1-9de6-4623-8d23-cb06fc8159d2/datanode-0/data/ratis/4323a5b0-4813-4898-bc8c-8eb3aa838d4b
2019-06-14 00:37:44,587 INFO  server.RaftServerConfigKeys (ConfUtils.java:logGet(43)) - raft.server.log.queue.byte-limit = 2147483647 (custom)
2019-06-14 00:37:44,587 INFO  server.RaftServerConfigKeys (ConfUtils.java:logGet(43)) - raft.server.log.queue.element-limit = 1024 (custom)
2019-06-14 00:37:44,587 INFO  server.RaftServerConfigKeys (ConfUtils.java:logGet(43)) - raft.server.log.segment.size.max = 16384 (custom)
2019-06-14 00:37:44,587 INFO  server.RaftServerConfigKeys (ConfUtils.java:logGet(43)) - raft.server.log.preallocated.size = 16384 (custom)
2019-06-14 00:37:44,587 INFO  server.RaftServerConfigKeys (ConfUtils.java:logGet(43)) - raft.server.log.write.buffer.size = 33554432 (custom)
2019-06-14 00:37:44,587 INFO  server.RaftServerConfigKeys (ConfUtils.java:logGet(43)) - raft.server.log.force.sync.num = 128 (default)
2019-06-14 00:37:44,588 INFO  server.RaftServerConfigKeys (ConfUtils.java:logGet(43)) - raft.server.log.statemachine.data.sync = true (default)
2019-06-14 00:37:44,588 INFO  server.RaftServerConfigKeys (ConfUtils.java:logGet(43)) - raft.server.log.statemachine.data.sync.timeout = 10s (default)
2019-06-14 00:37:44,588 INFO  server.RaftServerConfigKeys (ConfUtils.java:logGet(43)) - raft.server.log.statemachine.data.sync.timeout.retry = -1 (default)
2019-06-14 00:37:44,590 INFO  util.JmxRegister (JmxRegister.java:tryRegister(44)) - Successfully registered JMX Bean with object name Ratis:service=RaftServer,group=group-8EB3AA838D4B,id=519e452a-cf07-4e62-b469-609a00bf083f
2019-06-14 00:37:44,602 INFO  server.RaftServerConfigKeys (ConfUtils.java:logGet(43)) - raft.server.log.statemachine.data.caching.enabled = true (custom)
2019-06-14 00:37:44,603 INFO  server.RaftServerConfigKeys (ConfUtils.java:logGet(43)) - raft.server.snapshot.auto.trigger.enabled = true (custom)
2019-06-14 00:37:44,603 INFO  server.RaftServerConfigKeys (ConfUtils.java:logGet(43)) - raft.server.log.statemachine.data.caching.enabled = true (custom)
2019-06-14 00:37:44,603 INFO  server.RaftServerConfigKeys (ConfUtils.java:logGet(43)) - raft.server.snapshot.auto.trigger.threshold = 10000 (custom)
2019-06-14 00:37:44,610 INFO  server.RaftServerConfigKeys (ConfUtils.java:logGet(43)) - raft.server.retrycache.expirytime = 600000ms (custom)
2019-06-14 00:37:44,611 INFO  impl.RaftServerImpl (RaftServerImpl.java:start(173)) - 450963c2-4296-4dc3-9ab0-2fb3556c67d2: start group-8EB3AA838D4B
2019-06-14 00:37:44,611 INFO  impl.RaftServerImpl (RaftServerImpl.java:setRole(164)) - 450963c2-4296-4dc3-9ab0-2fb3556c67d2:group-8EB3AA838D4B changes role from null to FOLLOWER at term 0 for startAsFollower
2019-06-14 00:37:44,611 INFO  impl.RoleInfo (RoleInfo.java:updateAndGet(143)) - 450963c2-4296-4dc3-9ab0-2fb3556c67d2: start FollowerState
2019-06-14 00:37:44,611 INFO  util.JmxRegister (JmxRegister.java:tryRegister(44)) - Successfully registered JMX Bean with object name Ratis:service=RaftServer,group=group-8EB3AA838D4B,id=450963c2-4296-4dc3-9ab0-2fb3556c67d2
2019-06-14 00:37:44,613 INFO  server.RaftServerConfigKeys (ConfUtils.java:logGet(43)) - raft.server.snapshot.auto.trigger.enabled = true (custom)
2019-06-14 00:37:44,614 INFO  server.RaftServerConfigKeys (ConfUtils.java:logGet(43)) - raft.server.snapshot.auto.trigger.threshold = 10000 (custom)
2019-06-14 00:37:44,614 INFO  server.RaftServerConfigKeys (ConfUtils.java:logGet(43)) - raft.server.retrycache.expirytime = 600000ms (custom)
2019-06-14 00:37:44,614 INFO  impl.RaftServerImpl (RaftServerImpl.java:start(173)) - e13f430b-c3cf-405d-a8fb-591dcec396a6: start group-8EB3AA838D4B
2019-06-14 00:37:44,614 INFO  impl.RaftServerImpl (RaftServerImpl.java:setRole(164)) - e13f430b-c3cf-405d-a8fb-591dcec396a6:group-8EB3AA838D4B changes role from null to FOLLOWER at term 0 for startAsFollower
2019-06-14 00:37:44,614 INFO  impl.RoleInfo (RoleInfo.java:updateAndGet(143)) - e13f430b-c3cf-405d-a8fb-591dcec396a6: start FollowerState
2019-06-14 00:37:44,616 INFO  util.JmxRegister (JmxRegister.java:tryRegister(44)) - Successfully registered JMX Bean with object name Ratis:service=RaftServer,group=group-8EB3AA838D4B,id=e13f430b-c3cf-405d-a8fb-591dcec396a6
2019-06-14 00:37:44,630 INFO  node.SCMNodeManager (SCMNodeManager.java:register(234)) - Registered Data node : b04aef24-9ee8-4748-a635-2f71c0daaa87{ip: 192.168.46.62, host: ozone-csdnw-1345654644, networkLocation: /default-rack, certSerialId: null}
2019-06-14 00:37:44,649 INFO  pipeline.PipelineStateManager (PipelineStateManager.java:addPipeline(56)) - Created pipeline Pipeline[ Id: 4323a5b0-4813-4898-bc8c-8eb3aa838d4b, Nodes: 519e452a-cf07-4e62-b469-609a00bf083f{ip: 192.168.46.62, host: ozone-csdnw-1345654644, networkLocation: /default-rack, certSerialId: null}450963c2-4296-4dc3-9ab0-2fb3556c67d2{ip: 192.168.46.62, host: ozone-csdnw-1345654644, networkLocation: /default-rack, certSerialId: null}e13f430b-c3cf-405d-a8fb-591dcec396a6{ip: 192.168.46.62, host: ozone-csdnw-1345654644, networkLocation: /default-rack, certSerialId: null}, Type:RATIS, Factor:THREE, State:OPEN]
2019-06-14 00:37:44,672 INFO  impl.RaftServerProxy (RaftServerProxy.java:addNew(89)) - b04aef24-9ee8-4748-a635-2f71c0daaa87: addNew group-44037EFDB880:[b04aef24-9ee8-4748-a635-2f71c0daaa87:192.168.46.62:43339] returns group-44037EFDB880:java.util.concurrent.CompletableFuture@45df68fc[Not completed]
2019-06-14 00:37:44,673 INFO  impl.RaftServerImpl (RaftServerImpl.java:<init>(91)) - b04aef24-9ee8-4748-a635-2f71c0daaa87: new RaftServerImpl for group-44037EFDB880:[b04aef24-9ee8-4748-a635-2f71c0daaa87:192.168.46.62:43339] with ContainerStateMachine:uninitialized
2019-06-14 00:37:44,674 INFO  server.RaftServerConfigKeys (ConfUtils.java:logGet(43)) - raft.server.rpc.timeout.min = 1s (custom)
2019-06-14 00:37:44,674 INFO  server.RaftServerConfigKeys (ConfUtils.java:logGet(43)) - raft.server.rpc.timeout.max = 1200ms (custom)
2019-06-14 00:37:44,674 INFO  server.RaftServerConfigKeys (ConfUtils.java:logGet(43)) - raft.server.rpcslowness.timeout = 10s (custom)
2019-06-14 00:37:44,675 INFO  server.RaftServerConfigKeys (ConfUtils.java:logGet(43)) - raft.server.log.appender.install.snapshot.enabled = true (default)
2019-06-14 00:37:44,675 INFO  impl.RaftServerImpl (ServerState.java:<init>(101)) - b04aef24-9ee8-4748-a635-2f71c0daaa87:group-44037EFDB880 ConfigurationManager, init=-1: [b04aef24-9ee8-4748-a635-2f71c0daaa87:192.168.46.62:43339], old=null, confs=<EMPTY_MAP>
2019-06-14 00:37:44,675 INFO  server.RaftServerConfigKeys (ConfUtils.java:logGet(43)) - raft.server.storage.dir = [/opt/src/hadoop-ozone/integration-test/target/test-dir/MiniOzoneClusterImpl-bbb5c0a1-9de6-4623-8d23-cb06fc8159d2/datanode-3/data/ratis] (custom)
2019-06-14 00:37:44,675 INFO  storage.RaftStorageDirectory (RaftStorageDirectory.java:analyzeStorage(246)) - The storage directory /opt/src/hadoop-ozone/integration-test/target/test-dir/MiniOzoneClusterImpl-bbb5c0a1-9de6-4623-8d23-cb06fc8159d2/datanode-3/data/ratis/68fac4cc-ae6b-4d75-ae47-44037efdb880 does not exist. Creating ...
2019-06-14 00:37:44,677 INFO  storage.RaftStorageDirectory (RaftStorageDirectory.java:tryLock(328)) - Lock on /opt/src/hadoop-ozone/integration-test/target/test-dir/MiniOzoneClusterImpl-bbb5c0a1-9de6-4623-8d23-cb06fc8159d2/datanode-3/data/ratis/68fac4cc-ae6b-4d75-ae47-44037efdb880/in_use.lock acquired by nodename 10248@ozone-csdnw-1345654644
2019-06-14 00:37:44,679 INFO  storage.RaftStorage (RaftStorage.java:format(75)) - Storage directory /opt/src/hadoop-ozone/integration-test/target/test-dir/MiniOzoneClusterImpl-bbb5c0a1-9de6-4623-8d23-cb06fc8159d2/datanode-3/data/ratis/68fac4cc-ae6b-4d75-ae47-44037efdb880 has been successfully formatted.
2019-06-14 00:37:44,680 INFO  ratis.ContainerStateMachine (ContainerStateMachine.java:loadSnapshot(199)) - The snapshot info is null.Setting the last applied index to:(t:0, i:~)
2019-06-14 00:37:44,680 INFO  server.RaftServerConfigKeys (ConfUtils.java:logGet(43)) - raft.server.leader.election.timeout = 10s (custom)
2019-06-14 00:37:44,680 INFO  server.RaftServerConfigKeys (ConfUtils.java:logGet(43)) - raft.server.log.use.memory = false (default)
2019-06-14 00:37:44,680 INFO  server.RaftServerConfigKeys (ConfUtils.java:logGet(43)) - raft.server.log.appender.buffer.byte-limit = 33554432 (custom)
2019-06-14 00:37:44,680 INFO  server.RaftServerConfigKeys (ConfUtils.java:logGet(43)) - raft.server.log.segment.size.max = 16384 (custom)
2019-06-14 00:37:44,680 INFO  server.RaftServerConfigKeys (ConfUtils.java:logGet(43)) - raft.server.log.segment.cache.num.max = 2 (custom)
2019-06-14 00:37:44,680 INFO  storage.RaftLogWorker (RaftLogWorker.java:<init>(123)) - new b04aef24-9ee8-4748-a635-2f71c0daaa87-RaftLogWorker for Storage Directory /opt/src/hadoop-ozone/integration-test/target/test-dir/MiniOzoneClusterImpl-bbb5c0a1-9de6-4623-8d23-cb06fc8159d2/datanode-3/data/ratis/68fac4cc-ae6b-4d75-ae47-44037efdb880
2019-06-14 00:37:44,681 INFO  server.RaftServerConfigKeys (ConfUtils.java:logGet(43)) - raft.server.log.queue.byte-limit = 2147483647 (custom)
2019-06-14 00:37:44,681 INFO  server.RaftServerConfigKeys (ConfUtils.java:logGet(43)) - raft.server.log.queue.element-limit = 1024 (custom)
2019-06-14 00:37:44,681 INFO  server.RaftServerConfigKeys (ConfUtils.java:logGet(43)) - raft.server.log.segment.size.max = 16384 (custom)
2019-06-14 00:37:44,681 INFO  server.RaftServerConfigKeys (ConfUtils.java:logGet(43)) - raft.server.log.preallocated.size = 16384 (custom)
2019-06-14 00:37:44,681 INFO  server.RaftServerConfigKeys (ConfUtils.java:logGet(43)) - raft.server.log.write.buffer.size = 33554432 (custom)
2019-06-14 00:37:44,681 INFO  server.RaftServerConfigKeys (ConfUtils.java:logGet(43)) - raft.server.log.force.sync.num = 128 (default)
2019-06-14 00:37:44,681 INFO  server.RaftServerConfigKeys (ConfUtils.java:logGet(43)) - raft.server.log.statemachine.data.sync = true (default)
2019-06-14 00:37:44,682 INFO  server.RaftServerConfigKeys (ConfUtils.java:logGet(43)) - raft.server.log.statemachine.data.sync.timeout = 10s (default)
2019-06-14 00:37:44,682 INFO  server.RaftServerConfigKeys (ConfUtils.java:logGet(43)) - raft.server.log.statemachine.data.sync.timeout.retry = -1 (default)
2019-06-14 00:37:44,682 INFO  server.RaftServerConfigKeys (ConfUtils.java:logGet(43)) - raft.server.log.statemachine.data.caching.enabled = true (custom)
2019-06-14 00:37:44,685 INFO  server.RaftServerConfigKeys (ConfUtils.java:logGet(43)) - raft.server.snapshot.auto.trigger.enabled = true (custom)
2019-06-14 00:37:44,685 INFO  server.RaftServerConfigKeys (ConfUtils.java:logGet(43)) - raft.server.snapshot.auto.trigger.threshold = 10000 (custom)
2019-06-14 00:37:44,686 INFO  server.RaftServerConfigKeys (ConfUtils.java:logGet(43)) - raft.server.retrycache.expirytime = 600000ms (custom)
2019-06-14 00:37:44,686 INFO  impl.RaftServerImpl (RaftServerImpl.java:start(173)) - b04aef24-9ee8-4748-a635-2f71c0daaa87: start group-44037EFDB880
2019-06-14 00:37:44,686 INFO  impl.RaftServerImpl (RaftServerImpl.java:setRole(164)) - b04aef24-9ee8-4748-a635-2f71c0daaa87:group-44037EFDB880 changes role from null to FOLLOWER at term 0 for startAsFollower
2019-06-14 00:37:44,686 INFO  impl.RoleInfo (RoleInfo.java:updateAndGet(143)) - b04aef24-9ee8-4748-a635-2f71c0daaa87: start FollowerState
2019-06-14 00:37:44,690 INFO  util.JmxRegister (JmxRegister.java:tryRegister(44)) - Successfully registered JMX Bean with object name Ratis:service=RaftServer,group=group-44037EFDB880,id=b04aef24-9ee8-4748-a635-2f71c0daaa87
2019-06-14 00:37:44,700 INFO  pipeline.PipelineStateManager (PipelineStateManager.java:addPipeline(56)) - Created pipeline Pipeline[ Id: 68fac4cc-ae6b-4d75-ae47-44037efdb880, Nodes: b04aef24-9ee8-4748-a635-2f71c0daaa87{ip: 192.168.46.62, host: ozone-csdnw-1345654644, networkLocation: /default-rack, certSerialId: null}, Type:RATIS, Factor:ONE, State:OPEN]
2019-06-14 00:37:45,030 INFO  node.SCMNodeManager (SCMNodeManager.java:register(234)) - Registered Data node : a8c489c1-45f6-4fc8-8c40-4b6a01f1080c{ip: 192.168.46.62, host: ozone-csdnw-1345654644, networkLocation: /default-rack, certSerialId: null}
2019-06-14 00:37:45,044 INFO  impl.RaftServerProxy (RaftServerProxy.java:addNew(89)) - a8c489c1-45f6-4fc8-8c40-4b6a01f1080c: addNew group-1B8EC316B312:[a8c489c1-45f6-4fc8-8c40-4b6a01f1080c:192.168.46.62:41483] returns group-1B8EC316B312:java.util.concurrent.CompletableFuture@442804df[Not completed]
2019-06-14 00:37:45,046 INFO  impl.RaftServerImpl (RaftServerImpl.java:<init>(91)) - a8c489c1-45f6-4fc8-8c40-4b6a01f1080c: new RaftServerImpl for group-1B8EC316B312:[a8c489c1-45f6-4fc8-8c40-4b6a01f1080c:192.168.46.62:41483] with ContainerStateMachine:uninitialized
2019-06-14 00:37:45,046 INFO  server.RaftServerConfigKeys (ConfUtils.java:logGet(43)) - raft.server.rpc.timeout.min = 1s (custom)
2019-06-14 00:37:45,046 INFO  server.RaftServerConfigKeys (ConfUtils.java:logGet(43)) - raft.server.rpc.timeout.max = 1200ms (custom)
2019-06-14 00:37:45,046 INFO  server.RaftServerConfigKeys (ConfUtils.java:logGet(43)) - raft.server.rpcslowness.timeout = 10s (custom)
2019-06-14 00:37:45,046 INFO  server.RaftServerConfigKeys (ConfUtils.java:logGet(43)) - raft.server.log.appender.install.snapshot.enabled = true (default)
2019-06-14 00:37:45,046 INFO  impl.RaftServerImpl (ServerState.java:<init>(101)) - a8c489c1-45f6-4fc8-8c40-4b6a01f1080c:group-1B8EC316B312 ConfigurationManager, init=-1: [a8c489c1-45f6-4fc8-8c40-4b6a01f1080c:192.168.46.62:41483], old=null, confs=<EMPTY_MAP>
2019-06-14 00:37:45,046 INFO  server.RaftServerConfigKeys (ConfUtils.java:logGet(43)) - raft.server.storage.dir = [/opt/src/hadoop-ozone/integration-test/target/test-dir/MiniOzoneClusterImpl-bbb5c0a1-9de6-4623-8d23-cb06fc8159d2/datanode-4/data/ratis] (custom)
2019-06-14 00:37:45,047 INFO  storage.RaftStorageDirectory (RaftStorageDirectory.java:analyzeStorage(246)) - The storage directory /opt/src/hadoop-ozone/integration-test/target/test-dir/MiniOzoneClusterImpl-bbb5c0a1-9de6-4623-8d23-cb06fc8159d2/datanode-4/data/ratis/bf0ab5bb-35a6-424e-8639-1b8ec316b312 does not exist. Creating ...
2019-06-14 00:37:45,049 INFO  storage.RaftStorageDirectory (RaftStorageDirectory.java:tryLock(328)) - Lock on /opt/src/hadoop-ozone/integration-test/target/test-dir/MiniOzoneClusterImpl-bbb5c0a1-9de6-4623-8d23-cb06fc8159d2/datanode-4/data/ratis/bf0ab5bb-35a6-424e-8639-1b8ec316b312/in_use.lock acquired by nodename 10248@ozone-csdnw-1345654644
2019-06-14 00:37:45,051 INFO  storage.RaftStorage (RaftStorage.java:format(75)) - Storage directory /opt/src/hadoop-ozone/integration-test/target/test-dir/MiniOzoneClusterImpl-bbb5c0a1-9de6-4623-8d23-cb06fc8159d2/datanode-4/data/ratis/bf0ab5bb-35a6-424e-8639-1b8ec316b312 has been successfully formatted.
2019-06-14 00:37:45,051 INFO  ratis.ContainerStateMachine (ContainerStateMachine.java:loadSnapshot(199)) - The snapshot info is null.Setting the last applied index to:(t:0, i:~)
2019-06-14 00:37:45,051 INFO  server.RaftServerConfigKeys (ConfUtils.java:logGet(43)) - raft.server.leader.election.timeout = 10s (custom)
2019-06-14 00:37:45,051 INFO  server.RaftServerConfigKeys (ConfUtils.java:logGet(43)) - raft.server.log.use.memory = false (default)
2019-06-14 00:37:45,052 INFO  server.RaftServerConfigKeys (ConfUtils.java:logGet(43)) - raft.server.log.appender.buffer.byte-limit = 33554432 (custom)
2019-06-14 00:37:45,052 INFO  server.RaftServerConfigKeys (ConfUtils.java:logGet(43)) - raft.server.log.segment.size.max = 16384 (custom)
2019-06-14 00:37:45,052 INFO  server.RaftServerConfigKeys (ConfUtils.java:logGet(43)) - raft.server.log.segment.cache.num.max = 2 (custom)
2019-06-14 00:37:45,052 INFO  storage.RaftLogWorker (RaftLogWorker.java:<init>(123)) - new a8c489c1-45f6-4fc8-8c40-4b6a01f1080c-RaftLogWorker for Storage Directory /opt/src/hadoop-ozone/integration-test/target/test-dir/MiniOzoneClusterImpl-bbb5c0a1-9de6-4623-8d23-cb06fc8159d2/datanode-4/data/ratis/bf0ab5bb-35a6-424e-8639-1b8ec316b312
2019-06-14 00:37:45,052 INFO  server.RaftServerConfigKeys (ConfUtils.java:logGet(43)) - raft.server.log.queue.byte-limit = 2147483647 (custom)
2019-06-14 00:37:45,052 INFO  server.RaftServerConfigKeys (ConfUtils.java:logGet(43)) - raft.server.log.queue.element-limit = 1024 (custom)
2019-06-14 00:37:45,052 INFO  server.RaftServerConfigKeys (ConfUtils.java:logGet(43)) - raft.server.log.segment.size.max = 16384 (custom)
2019-06-14 00:37:45,052 INFO  server.RaftServerConfigKeys (ConfUtils.java:logGet(43)) - raft.server.log.preallocated.size = 16384 (custom)
2019-06-14 00:37:45,052 INFO  server.RaftServerConfigKeys (ConfUtils.java:logGet(43)) - raft.server.log.write.buffer.size = 33554432 (custom)
2019-06-14 00:37:45,053 INFO  server.RaftServerConfigKeys (ConfUtils.java:logGet(43)) - raft.server.log.force.sync.num = 128 (default)
2019-06-14 00:37:45,053 INFO  server.RaftServerConfigKeys (ConfUtils.java:logGet(43)) - raft.server.log.statemachine.data.sync = true (default)
2019-06-14 00:37:45,053 INFO  server.RaftServerConfigKeys (ConfUtils.java:logGet(43)) - raft.server.log.statemachine.data.sync.timeout = 10s (default)
2019-06-14 00:37:45,053 INFO  server.RaftServerConfigKeys (ConfUtils.java:logGet(43)) - raft.server.log.statemachine.data.sync.timeout.retry = -1 (default)
2019-06-14 00:37:45,053 INFO  server.RaftServerConfigKeys (ConfUtils.java:logGet(43)) - raft.server.log.statemachine.data.caching.enabled = true (custom)
2019-06-14 00:37:45,057 INFO  server.RaftServerConfigKeys (ConfUtils.java:logGet(43)) - raft.server.snapshot.auto.trigger.enabled = true (custom)
2019-06-14 00:37:45,058 INFO  server.RaftServerConfigKeys (ConfUtils.java:logGet(43)) - raft.server.snapshot.auto.trigger.threshold = 10000 (custom)
2019-06-14 00:37:45,058 INFO  server.RaftServerConfigKeys (ConfUtils.java:logGet(43)) - raft.server.retrycache.expirytime = 600000ms (custom)
2019-06-14 00:37:45,058 INFO  impl.RaftServerImpl (RaftServerImpl.java:start(173)) - a8c489c1-45f6-4fc8-8c40-4b6a01f1080c: start group-1B8EC316B312
2019-06-14 00:37:45,058 INFO  impl.RaftServerImpl (RaftServerImpl.java:setRole(164)) - a8c489c1-45f6-4fc8-8c40-4b6a01f1080c:group-1B8EC316B312 changes role from null to FOLLOWER at term 0 for startAsFollower
2019-06-14 00:37:45,058 INFO  impl.RoleInfo (RoleInfo.java:updateAndGet(143)) - a8c489c1-45f6-4fc8-8c40-4b6a01f1080c: start FollowerState
2019-06-14 00:37:45,062 INFO  util.JmxRegister (JmxRegister.java:tryRegister(44)) - Successfully registered JMX Bean with object name Ratis:service=RaftServer,group=group-1B8EC316B312,id=a8c489c1-45f6-4fc8-8c40-4b6a01f1080c
2019-06-14 00:37:45,072 INFO  pipeline.PipelineStateManager (PipelineStateManager.java:addPipeline(56)) - Created pipeline Pipeline[ Id: bf0ab5bb-35a6-424e-8639-1b8ec316b312, Nodes: a8c489c1-45f6-4fc8-8c40-4b6a01f1080c{ip: 192.168.46.62, host: ozone-csdnw-1345654644, networkLocation: /default-rack, certSerialId: null}, Type:RATIS, Factor:ONE, State:OPEN]
2019-06-14 00:37:45,378 INFO  impl.FollowerState (FollowerState.java:run(101)) - 450963c2-4296-4dc3-9ab0-2fb3556c67d2:group-FC9EC72487E4 changes to CANDIDATE, lastRpcTime:1124, electionTimeout:1119ms
2019-06-14 00:37:45,378 INFO  impl.RoleInfo (RoleInfo.java:shutdownFollowerState(121)) - 450963c2-4296-4dc3-9ab0-2fb3556c67d2: shutdown FollowerState
2019-06-14 00:37:45,378 INFO  impl.RaftServerImpl (RaftServerImpl.java:setRole(164)) - 450963c2-4296-4dc3-9ab0-2fb3556c67d2:group-FC9EC72487E4 changes role from FOLLOWER to CANDIDATE at term 0 for changeToCandidate
2019-06-14 00:37:45,385 INFO  impl.RoleInfo (RoleInfo.java:updateAndGet(143)) - 450963c2-4296-4dc3-9ab0-2fb3556c67d2: start LeaderElection
2019-06-14 00:37:45,395 INFO  impl.LeaderElection (LeaderElection.java:askForVotes(181)) - 450963c2-4296-4dc3-9ab0-2fb3556c67d2:group-FC9EC72487E4:LeaderElection1: begin an election at term 1 for -1: [450963c2-4296-4dc3-9ab0-2fb3556c67d2:192.168.46.62:37031], old=null
2019-06-14 00:37:45,396 INFO  impl.RoleInfo (RoleInfo.java:shutdownLeaderElection(134)) - 450963c2-4296-4dc3-9ab0-2fb3556c67d2: shutdown LeaderElection
2019-06-14 00:37:45,397 INFO  impl.RaftServerImpl (RaftServerImpl.java:setRole(164)) - 450963c2-4296-4dc3-9ab0-2fb3556c67d2:group-FC9EC72487E4 changes role from CANDIDATE to LEADER at term 1 for changeToLeader
2019-06-14 00:37:45,397 INFO  impl.RaftServerImpl (ServerState.java:setLeader(263)) - 450963c2-4296-4dc3-9ab0-2fb3556c67d2:group-FC9EC72487E4 change Leader from null to 450963c2-4296-4dc3-9ab0-2fb3556c67d2 at term 1 for becomeLeader, leader elected after 1205ms
2019-06-14 00:37:45,402 INFO  server.RaftServerConfigKeys (ConfUtils.java:logGet(43)) - raft.server.staging.catchup.gap = 1000 (default)
2019-06-14 00:37:45,402 INFO  server.RaftServerConfigKeys (ConfUtils.java:logGet(43)) - raft.server.rpc.sleep.time = 25ms (default)
2019-06-14 00:37:45,407 INFO  server.RaftServerConfigKeys (ConfUtils.java:logGet(43)) - raft.server.watch.timeout = 10s (default)
2019-06-14 00:37:45,407 INFO  server.RaftServerConfigKeys (ConfUtils.java:logGet(43)) - raft.server.watch.timeout.denomination = 1s (default)
2019-06-14 00:37:45,414 INFO  impl.RoleInfo (RoleInfo.java:updateAndGet(143)) - 450963c2-4296-4dc3-9ab0-2fb3556c67d2: start LeaderState
2019-06-14 00:37:45,433 INFO  storage.RaftLogWorker (RaftLogWorker.java:startLogSegment(298)) - 450963c2-4296-4dc3-9ab0-2fb3556c67d2-RaftLogWorker: Starting segment from index:0
2019-06-14 00:37:45,442 INFO  impl.RaftServerImpl (ServerState.java:setRaftConf(361)) - 450963c2-4296-4dc3-9ab0-2fb3556c67d2:group-FC9EC72487E4 set configuration 0: [450963c2-4296-4dc3-9ab0-2fb3556c67d2:192.168.46.62:37031], old=null at 0
2019-06-14 00:37:45,489 INFO  ozone.MiniOzoneClusterImpl (MiniOzoneClusterImpl.java:lambda$waitForClusterToBeReady$0(142)) - Waiting for cluster to be ready. Got 5 of 6 DN Heartbeats.
2019-06-14 00:37:45,485 INFO  impl.FollowerState (FollowerState.java:run(101)) - 519e452a-cf07-4e62-b469-609a00bf083f:group-8C004D11D422 changes to CANDIDATE, lastRpcTime:1066, electionTimeout:1050ms
2019-06-14 00:37:45,489 INFO  impl.RoleInfo (RoleInfo.java:shutdownFollowerState(121)) - 519e452a-cf07-4e62-b469-609a00bf083f: shutdown FollowerState
2019-06-14 00:37:45,489 INFO  impl.RaftServerImpl (RaftServerImpl.java:setRole(164)) - 519e452a-cf07-4e62-b469-609a00bf083f:group-8C004D11D422 changes role from FOLLOWER to CANDIDATE at term 0 for changeToCandidate
2019-06-14 00:37:45,490 INFO  impl.RoleInfo (RoleInfo.java:updateAndGet(143)) - 519e452a-cf07-4e62-b469-609a00bf083f: start LeaderElection
2019-06-14 00:37:45,524 INFO  node.SCMNodeManager (SCMNodeManager.java:register(234)) - Registered Data node : 6255d568-6fca-471a-a234-c1c8c7ba830a{ip: 192.168.46.62, host: ozone-csdnw-1345654644, networkLocation: /default-rack, certSerialId: null}
2019-06-14 00:37:45,536 INFO  impl.LeaderElection (LeaderElection.java:askForVotes(181)) - 519e452a-cf07-4e62-b469-609a00bf083f:group-8C004D11D422:LeaderElection2: begin an election at term 1 for -1: [519e452a-cf07-4e62-b469-609a00bf083f:192.168.46.62:41009], old=null
2019-06-14 00:37:45,536 INFO  impl.RoleInfo (RoleInfo.java:shutdownLeaderElection(134)) - 519e452a-cf07-4e62-b469-609a00bf083f: shutdown LeaderElection
2019-06-14 00:37:45,536 INFO  impl.RaftServerImpl (RaftServerImpl.java:setRole(164)) - 519e452a-cf07-4e62-b469-609a00bf083f:group-8C004D11D422 changes role from CANDIDATE to LEADER at term 1 for changeToLeader
2019-06-14 00:37:45,536 INFO  impl.RaftServerImpl (ServerState.java:setLeader(263)) - 519e452a-cf07-4e62-b469-609a00bf083f:group-8C004D11D422 change Leader from null to 519e452a-cf07-4e62-b469-609a00bf083f at term 1 for becomeLeader, leader elected after 1128ms
2019-06-14 00:37:45,539 INFO  server.RaftServerConfigKeys (ConfUtils.java:logGet(43)) - raft.server.staging.catchup.gap = 1000 (default)
2019-06-14 00:37:45,539 INFO  server.RaftServerConfigKeys (ConfUtils.java:logGet(43)) - raft.server.rpc.sleep.time = 25ms (default)
2019-06-14 00:37:45,540 INFO  server.RaftServerConfigKeys (ConfUtils.java:logGet(43)) - raft.server.watch.timeout = 10s (default)
2019-06-14 00:37:45,540 INFO  server.RaftServerConfigKeys (ConfUtils.java:logGet(43)) - raft.server.watch.timeout.denomination = 1s (default)
2019-06-14 00:37:45,540 INFO  impl.RoleInfo (RoleInfo.java:updateAndGet(143)) - 519e452a-cf07-4e62-b469-609a00bf083f: start LeaderState
2019-06-14 00:37:45,540 INFO  storage.RaftLogWorker (RaftLogWorker.java:startLogSegment(298)) - 519e452a-cf07-4e62-b469-609a00bf083f-RaftLogWorker: Starting segment from index:0
2019-06-14 00:37:45,542 INFO  impl.RaftServerImpl (ServerState.java:setRaftConf(361)) - 519e452a-cf07-4e62-b469-609a00bf083f:group-8C004D11D422 set configuration 0: [519e452a-cf07-4e62-b469-609a00bf083f:192.168.46.62:41009], old=null at 0
2019-06-14 00:37:45,562 INFO  impl.RaftServerProxy (RaftServerProxy.java:addNew(89)) - 6255d568-6fca-471a-a234-c1c8c7ba830a: addNew group-F7365C759552:[6255d568-6fca-471a-a234-c1c8c7ba830a:192.168.46.62:33709] returns group-F7365C759552:java.util.concurrent.CompletableFuture@3a61c232[Not completed]
2019-06-14 00:37:45,570 INFO  impl.RaftServerImpl (RaftServerImpl.java:<init>(91)) - 6255d568-6fca-471a-a234-c1c8c7ba830a: new RaftServerImpl for group-F7365C759552:[6255d568-6fca-471a-a234-c1c8c7ba830a:192.168.46.62:33709] with ContainerStateMachine:uninitialized
2019-06-14 00:37:45,570 INFO  server.RaftServerConfigKeys (ConfUtils.java:logGet(43)) - raft.server.rpc.timeout.min = 1s (custom)
2019-06-14 00:37:45,570 INFO  server.RaftServerConfigKeys (ConfUtils.java:logGet(43)) - raft.server.rpc.timeout.max = 1200ms (custom)
2019-06-14 00:37:45,570 INFO  server.RaftServerConfigKeys (ConfUtils.java:logGet(43)) - raft.server.rpcslowness.timeout = 10s (custom)
2019-06-14 00:37:45,570 INFO  server.RaftServerConfigKeys (ConfUtils.java:logGet(43)) - raft.server.log.appender.install.snapshot.enabled = true (default)
2019-06-14 00:37:45,571 INFO  impl.RaftServerImpl (ServerState.java:<init>(101)) - 6255d568-6fca-471a-a234-c1c8c7ba830a:group-F7365C759552 ConfigurationManager, init=-1: [6255d568-6fca-471a-a234-c1c8c7ba830a:192.168.46.62:33709], old=null, confs=<EMPTY_MAP>
2019-06-14 00:37:45,571 INFO  server.RaftServerConfigKeys (ConfUtils.java:logGet(43)) - raft.server.storage.dir = [/opt/src/hadoop-ozone/integration-test/target/test-dir/MiniOzoneClusterImpl-bbb5c0a1-9de6-4623-8d23-cb06fc8159d2/datanode-5/data/ratis] (custom)
2019-06-14 00:37:45,571 INFO  storage.RaftStorageDirectory (RaftStorageDirectory.java:analyzeStorage(246)) - The storage directory /opt/src/hadoop-ozone/integration-test/target/test-dir/MiniOzoneClusterImpl-bbb5c0a1-9de6-4623-8d23-cb06fc8159d2/datanode-5/data/ratis/4a006fcf-1f84-450f-a099-f7365c759552 does not exist. Creating ...
2019-06-14 00:37:45,581 INFO  storage.RaftStorageDirectory (RaftStorageDirectory.java:tryLock(328)) - Lock on /opt/src/hadoop-ozone/integration-test/target/test-dir/MiniOzoneClusterImpl-bbb5c0a1-9de6-4623-8d23-cb06fc8159d2/datanode-5/data/ratis/4a006fcf-1f84-450f-a099-f7365c759552/in_use.lock acquired by nodename 10248@ozone-csdnw-1345654644
2019-06-14 00:37:45,589 INFO  storage.RaftStorage (RaftStorage.java:format(75)) - Storage directory /opt/src/hadoop-ozone/integration-test/target/test-dir/MiniOzoneClusterImpl-bbb5c0a1-9de6-4623-8d23-cb06fc8159d2/datanode-5/data/ratis/4a006fcf-1f84-450f-a099-f7365c759552 has been successfully formatted.
2019-06-14 00:37:45,590 INFO  ratis.ContainerStateMachine (ContainerStateMachine.java:loadSnapshot(199)) - The snapshot info is null.Setting the last applied index to:(t:0, i:~)
2019-06-14 00:37:45,590 INFO  server.RaftServerConfigKeys (ConfUtils.java:logGet(43)) - raft.server.leader.election.timeout = 10s (custom)
2019-06-14 00:37:45,590 INFO  server.RaftServerConfigKeys (ConfUtils.java:logGet(43)) - raft.server.log.use.memory = false (default)
2019-06-14 00:37:45,590 INFO  server.RaftServerConfigKeys (ConfUtils.java:logGet(43)) - raft.server.log.appender.buffer.byte-limit = 33554432 (custom)
2019-06-14 00:37:45,590 INFO  server.RaftServerConfigKeys (ConfUtils.java:logGet(43)) - raft.server.log.segment.size.max = 16384 (custom)
2019-06-14 00:37:45,590 INFO  server.RaftServerConfigKeys (ConfUtils.java:logGet(43)) - raft.server.log.segment.cache.num.max = 2 (custom)
2019-06-14 00:37:45,590 INFO  storage.RaftLogWorker (RaftLogWorker.java:<init>(123)) - new 6255d568-6fca-471a-a234-c1c8c7ba830a-RaftLogWorker for Storage Directory /opt/src/hadoop-ozone/integration-test/target/test-dir/MiniOzoneClusterImpl-bbb5c0a1-9de6-4623-8d23-cb06fc8159d2/datanode-5/data/ratis/4a006fcf-1f84-450f-a099-f7365c759552
2019-06-14 00:37:45,590 INFO  server.RaftServerConfigKeys (ConfUtils.java:logGet(43)) - raft.server.log.queue.byte-limit = 2147483647 (custom)
2019-06-14 00:37:45,591 INFO  server.RaftServerConfigKeys (ConfUtils.java:logGet(43)) - raft.server.log.queue.element-limit = 1024 (custom)
2019-06-14 00:37:45,591 INFO  server.RaftServerConfigKeys (ConfUtils.java:logGet(43)) - raft.server.log.segment.size.max = 16384 (custom)
2019-06-14 00:37:45,591 INFO  server.RaftServerConfigKeys (ConfUtils.java:logGet(43)) - raft.server.log.preallocated.size = 16384 (custom)
2019-06-14 00:37:45,591 INFO  server.RaftServerConfigKeys (ConfUtils.java:logGet(43)) - raft.server.log.write.buffer.size = 33554432 (custom)
2019-06-14 00:37:45,591 INFO  server.RaftServerConfigKeys (ConfUtils.java:logGet(43)) - raft.server.log.force.sync.num = 128 (default)
2019-06-14 00:37:45,591 INFO  server.RaftServerConfigKeys (ConfUtils.java:logGet(43)) - raft.server.log.statemachine.data.sync = true (default)
2019-06-14 00:37:45,591 INFO  server.RaftServerConfigKeys (ConfUtils.java:logGet(43)) - raft.server.log.statemachine.data.sync.timeout = 10s (default)
2019-06-14 00:37:45,591 INFO  server.RaftServerConfigKeys (ConfUtils.java:logGet(43)) - raft.server.log.statemachine.data.sync.timeout.retry = -1 (default)
2019-06-14 00:37:45,591 INFO  server.RaftServerConfigKeys (ConfUtils.java:logGet(43)) - raft.server.log.statemachine.data.caching.enabled = true (custom)
2019-06-14 00:37:45,597 INFO  server.RaftServerConfigKeys (ConfUtils.java:logGet(43)) - raft.server.snapshot.auto.trigger.enabled = true (custom)
2019-06-14 00:37:45,598 INFO  server.RaftServerConfigKeys (ConfUtils.java:logGet(43)) - raft.server.snapshot.auto.trigger.threshold = 10000 (custom)
2019-06-14 00:37:45,598 INFO  server.RaftServerConfigKeys (ConfUtils.java:logGet(43)) - raft.server.retrycache.expirytime = 600000ms (custom)
2019-06-14 00:37:45,598 INFO  impl.RaftServerImpl (RaftServerImpl.java:start(173)) - 6255d568-6fca-471a-a234-c1c8c7ba830a: start group-F7365C759552
2019-06-14 00:37:45,598 INFO  impl.RaftServerImpl (RaftServerImpl.java:setRole(164)) - 6255d568-6fca-471a-a234-c1c8c7ba830a:group-F7365C759552 changes role from null to FOLLOWER at term 0 for startAsFollower
2019-06-14 00:37:45,598 INFO  impl.RoleInfo (RoleInfo.java:updateAndGet(143)) - 6255d568-6fca-471a-a234-c1c8c7ba830a: start FollowerState
2019-06-14 00:37:45,610 INFO  util.JmxRegister (JmxRegister.java:tryRegister(44)) - Successfully registered JMX Bean with object name Ratis:service=RaftServer,group=group-F7365C759552,id=6255d568-6fca-471a-a234-c1c8c7ba830a
2019-06-14 00:37:45,634 INFO  impl.FollowerState (FollowerState.java:run(101)) - e13f430b-c3cf-405d-a8fb-591dcec396a6:group-8EB3AA838D4B changes to CANDIDATE, lastRpcTime:1020, electionTimeout:1015ms
2019-06-14 00:37:45,634 INFO  impl.RoleInfo (RoleInfo.java:shutdownFollowerState(121)) - e13f430b-c3cf-405d-a8fb-591dcec396a6: shutdown FollowerState
2019-06-14 00:37:45,634 INFO  impl.RaftServerImpl (RaftServerImpl.java:setRole(164)) - e13f430b-c3cf-405d-a8fb-591dcec396a6:group-8EB3AA838D4B changes role from FOLLOWER to CANDIDATE at term 0 for changeToCandidate
2019-06-14 00:37:45,635 INFO  impl.RoleInfo (RoleInfo.java:updateAndGet(143)) - e13f430b-c3cf-405d-a8fb-591dcec396a6: start LeaderElection
2019-06-14 00:37:45,669 INFO  pipeline.PipelineStateManager (PipelineStateManager.java:addPipeline(56)) - Created pipeline Pipeline[ Id: 4a006fcf-1f84-450f-a099-f7365c759552, Nodes: 6255d568-6fca-471a-a234-c1c8c7ba830a{ip: 192.168.46.62, host: ozone-csdnw-1345654644, networkLocation: /default-rack, certSerialId: null}, Type:RATIS, Factor:ONE, State:OPEN]
2019-06-14 00:37:45,673 INFO  impl.FollowerState (FollowerState.java:run(101)) - 450963c2-4296-4dc3-9ab0-2fb3556c67d2:group-8EB3AA838D4B changes to CANDIDATE, lastRpcTime:1062, electionTimeout:1033ms
2019-06-14 00:37:45,673 INFO  impl.FollowerState (FollowerState.java:run(101)) - 519e452a-cf07-4e62-b469-609a00bf083f:group-8EB3AA838D4B changes to CANDIDATE, lastRpcTime:1089, electionTimeout:1077ms
2019-06-14 00:37:45,674 INFO  impl.RoleInfo (RoleInfo.java:shutdownFollowerState(121)) - 450963c2-4296-4dc3-9ab0-2fb3556c67d2: shutdown FollowerState
2019-06-14 00:37:45,674 INFO  impl.RaftServerImpl (RaftServerImpl.java:setRole(164)) - 450963c2-4296-4dc3-9ab0-2fb3556c67d2:group-8EB3AA838D4B changes role from FOLLOWER to CANDIDATE at term 0 for changeToCandidate
2019-06-14 00:37:45,674 INFO  impl.RoleInfo (RoleInfo.java:updateAndGet(143)) - 450963c2-4296-4dc3-9ab0-2fb3556c67d2: start LeaderElection
2019-06-14 00:37:45,674 INFO  impl.RoleInfo (RoleInfo.java:shutdownFollowerState(121)) - 519e452a-cf07-4e62-b469-609a00bf083f: shutdown FollowerState
2019-06-14 00:37:45,674 INFO  impl.RaftServerImpl (RaftServerImpl.java:setRole(164)) - 519e452a-cf07-4e62-b469-609a00bf083f:group-8EB3AA838D4B changes role from FOLLOWER to CANDIDATE at term 0 for changeToCandidate
2019-06-14 00:37:45,679 INFO  impl.FollowerState (FollowerState.java:run(101)) - e13f430b-c3cf-405d-a8fb-591dcec396a6:group-7EB2BF02B7DC changes to CANDIDATE, lastRpcTime:1162, electionTimeout:1161ms
2019-06-14 00:37:45,679 INFO  impl.RoleInfo (RoleInfo.java:shutdownFollowerState(121)) - e13f430b-c3cf-405d-a8fb-591dcec396a6: shutdown FollowerState
2019-06-14 00:37:45,679 INFO  impl.RaftServerImpl (RaftServerImpl.java:setRole(164)) - e13f430b-c3cf-405d-a8fb-591dcec396a6:group-7EB2BF02B7DC changes role from FOLLOWER to CANDIDATE at term 0 for changeToCandidate
2019-06-14 00:37:45,691 INFO  impl.RoleInfo (RoleInfo.java:updateAndGet(143)) - e13f430b-c3cf-405d-a8fb-591dcec396a6: start LeaderElection
2019-06-14 00:37:45,692 INFO  impl.RoleInfo (RoleInfo.java:updateAndGet(143)) - 519e452a-cf07-4e62-b469-609a00bf083f: start LeaderElection
2019-06-14 00:37:45,729 INFO  impl.FollowerState (FollowerState.java:run(101)) - b04aef24-9ee8-4748-a635-2f71c0daaa87:group-44037EFDB880 changes to CANDIDATE, lastRpcTime:1043, electionTimeout:1029ms
2019-06-14 00:37:45,729 INFO  impl.RoleInfo (RoleInfo.java:shutdownFollowerState(121)) - b04aef24-9ee8-4748-a635-2f71c0daaa87: shutdown FollowerState
2019-06-14 00:37:45,730 INFO  impl.RaftServerImpl (RaftServerImpl.java:setRole(164)) - b04aef24-9ee8-4748-a635-2f71c0daaa87:group-44037EFDB880 changes role from FOLLOWER to CANDIDATE at term 0 for changeToCandidate
2019-06-14 00:37:45,730 INFO  impl.RoleInfo (RoleInfo.java:updateAndGet(143)) - b04aef24-9ee8-4748-a635-2f71c0daaa87: start LeaderElection
2019-06-14 00:37:45,804 INFO  storage.RaftLogWorker (RaftLogWorker.java:execute(469)) - 519e452a-cf07-4e62-b469-609a00bf083f-RaftLogWorker: created new log segment /opt/src/hadoop-ozone/integration-test/target/test-dir/MiniOzoneClusterImpl-bbb5c0a1-9de6-4623-8d23-cb06fc8159d2/datanode-1/data/ratis/28320ddd-b71c-45f0-bbe7-8c004d11d422/current/log_inprogress_0
2019-06-14 00:37:45,715 INFO  impl.LeaderElection (LeaderElection.java:askForVotes(181)) - 450963c2-4296-4dc3-9ab0-2fb3556c67d2:group-8EB3AA838D4B:LeaderElection4: begin an election at term 1 for -1: [450963c2-4296-4dc3-9ab0-2fb3556c67d2:192.168.46.62:37031, 519e452a-cf07-4e62-b469-609a00bf083f:192.168.46.62:41009, e13f430b-c3cf-405d-a8fb-591dcec396a6:192.168.46.62:38283], old=null
2019-06-14 00:37:45,715 INFO  impl.LeaderElection (LeaderElection.java:askForVotes(181)) - e13f430b-c3cf-405d-a8fb-591dcec396a6:group-8EB3AA838D4B:LeaderElection3: begin an election at term 1 for -1: [450963c2-4296-4dc3-9ab0-2fb3556c67d2:192.168.46.62:37031, 519e452a-cf07-4e62-b469-609a00bf083f:192.168.46.62:41009, e13f430b-c3cf-405d-a8fb-591dcec396a6:192.168.46.62:38283], old=null
2019-06-14 00:37:45,805 INFO  impl.LeaderElection (LeaderElection.java:askForVotes(181)) - e13f430b-c3cf-405d-a8fb-591dcec396a6:group-7EB2BF02B7DC:LeaderElection6: begin an election at term 1 for -1: [e13f430b-c3cf-405d-a8fb-591dcec396a6:192.168.46.62:38283], old=null
2019-06-14 00:37:45,805 INFO  impl.LeaderElection (LeaderElection.java:askForVotes(181)) - 519e452a-cf07-4e62-b469-609a00bf083f:group-8EB3AA838D4B:LeaderElection5: begin an election at term 1 for -1: [450963c2-4296-4dc3-9ab0-2fb3556c67d2:192.168.46.62:37031, 519e452a-cf07-4e62-b469-609a00bf083f:192.168.46.62:41009, e13f430b-c3cf-405d-a8fb-591dcec396a6:192.168.46.62:38283], old=null
2019-06-14 00:37:45,806 INFO  impl.RoleInfo (RoleInfo.java:shutdownLeaderElection(134)) - e13f430b-c3cf-405d-a8fb-591dcec396a6: shutdown LeaderElection
2019-06-14 00:37:45,806 INFO  impl.RaftServerImpl (RaftServerImpl.java:setRole(164)) - e13f430b-c3cf-405d-a8fb-591dcec396a6:group-7EB2BF02B7DC changes role from CANDIDATE to LEADER at term 1 for changeToLeader
2019-06-14 00:37:45,806 INFO  impl.RaftServerImpl (ServerState.java:setLeader(263)) - e13f430b-c3cf-405d-a8fb-591dcec396a6:group-7EB2BF02B7DC change Leader from null to e13f430b-c3cf-405d-a8fb-591dcec396a6 at term 1 for becomeLeader, leader elected after 1292ms
2019-06-14 00:37:45,830 INFO  server.RaftServerConfigKeys (ConfUtils.java:logGet(43)) - raft.server.staging.catchup.gap = 1000 (default)
2019-06-14 00:37:45,830 INFO  server.RaftServerConfigKeys (ConfUtils.java:logGet(43)) - raft.server.rpc.sleep.time = 25ms (default)
2019-06-14 00:37:45,849 INFO  storage.RaftLogWorker (RaftLogWorker.java:execute(469)) - 450963c2-4296-4dc3-9ab0-2fb3556c67d2-RaftLogWorker: created new log segment /opt/src/hadoop-ozone/integration-test/target/test-dir/MiniOzoneClusterImpl-bbb5c0a1-9de6-4623-8d23-cb06fc8159d2/datanode-0/data/ratis/ad2ce61f-acef-4b53-a02e-fc9ec72487e4/current/log_inprogress_0
2019-06-14 00:37:45,867 INFO  server.RaftServerConfigKeys (ConfUtils.java:logGet(43)) - raft.server.watch.timeout = 10s (default)
2019-06-14 00:37:45,867 INFO  server.RaftServerConfigKeys (ConfUtils.java:logGet(43)) - raft.server.watch.timeout.denomination = 1s (default)
2019-06-14 00:37:45,867 INFO  impl.RoleInfo (RoleInfo.java:updateAndGet(143)) - e13f430b-c3cf-405d-a8fb-591dcec396a6: start LeaderState
2019-06-14 00:37:45,867 INFO  storage.RaftLogWorker (RaftLogWorker.java:startLogSegment(298)) - e13f430b-c3cf-405d-a8fb-591dcec396a6-RaftLogWorker: Starting segment from index:0
2019-06-14 00:37:45,870 INFO  impl.RaftServerImpl (ServerState.java:setRaftConf(361)) - e13f430b-c3cf-405d-a8fb-591dcec396a6:group-7EB2BF02B7DC set configuration 0: [e13f430b-c3cf-405d-a8fb-591dcec396a6:192.168.46.62:38283], old=null at 0
2019-06-14 00:37:45,906 INFO  impl.LeaderElection (LeaderElection.java:askForVotes(181)) - b04aef24-9ee8-4748-a635-2f71c0daaa87:group-44037EFDB880:LeaderElection7: begin an election at term 1 for -1: [b04aef24-9ee8-4748-a635-2f71c0daaa87:192.168.46.62:43339], old=null
2019-06-14 00:37:45,906 INFO  impl.RoleInfo (RoleInfo.java:shutdownLeaderElection(134)) - b04aef24-9ee8-4748-a635-2f71c0daaa87: shutdown LeaderElection
2019-06-14 00:37:45,906 INFO  impl.RaftServerImpl (RaftServerImpl.java:setRole(164)) - b04aef24-9ee8-4748-a635-2f71c0daaa87:group-44037EFDB880 changes role from CANDIDATE to LEADER at term 1 for changeToLeader
2019-06-14 00:37:45,906 INFO  impl.RaftServerImpl (ServerState.java:setLeader(263)) - b04aef24-9ee8-4748-a635-2f71c0daaa87:group-44037EFDB880 change Leader from null to b04aef24-9ee8-4748-a635-2f71c0daaa87 at term 1 for becomeLeader, leader elected after 1226ms
2019-06-14 00:37:45,916 INFO  impl.RaftServerProxy (RaftServerProxy.java:addNew(89)) - b04aef24-9ee8-4748-a635-2f71c0daaa87: addNew group-E4A7E188BECE:[a8c489c1-45f6-4fc8-8c40-4b6a01f1080c:192.168.46.62:41483, b04aef24-9ee8-4748-a635-2f71c0daaa87:192.168.46.62:43339, 6255d568-6fca-471a-a234-c1c8c7ba830a:192.168.46.62:33709] returns group-E4A7E188BECE:java.util.concurrent.CompletableFuture@348eb3d2[Not completed]
2019-06-14 00:37:45,922 INFO  impl.RaftServerImpl (RaftServerImpl.java:<init>(91)) - b04aef24-9ee8-4748-a635-2f71c0daaa87: new RaftServerImpl for group-E4A7E188BECE:[a8c489c1-45f6-4fc8-8c40-4b6a01f1080c:192.168.46.62:41483, b04aef24-9ee8-4748-a635-2f71c0daaa87:192.168.46.62:43339, 6255d568-6fca-471a-a234-c1c8c7ba830a:192.168.46.62:33709] with ContainerStateMachine:uninitialized
2019-06-14 00:37:45,922 INFO  server.RaftServerConfigKeys (ConfUtils.java:logGet(43)) - raft.server.rpc.timeout.min = 1s (custom)
2019-06-14 00:37:45,922 INFO  server.RaftServerConfigKeys (ConfUtils.java:logGet(43)) - raft.server.rpc.timeout.max = 1200ms (custom)
2019-06-14 00:37:45,922 INFO  server.RaftServerConfigKeys (ConfUtils.java:logGet(43)) - raft.server.rpcslowness.timeout = 10s (custom)
2019-06-14 00:37:45,923 INFO  server.RaftServerConfigKeys (ConfUtils.java:logGet(43)) - raft.server.log.appender.install.snapshot.enabled = true (default)
2019-06-14 00:37:45,923 INFO  impl.RaftServerImpl (ServerState.java:<init>(101)) - b04aef24-9ee8-4748-a635-2f71c0daaa87:group-E4A7E188BECE ConfigurationManager, init=-1: [a8c489c1-45f6-4fc8-8c40-4b6a01f1080c:192.168.46.62:41483, b04aef24-9ee8-4748-a635-2f71c0daaa87:192.168.46.62:43339, 6255d568-6fca-471a-a234-c1c8c7ba830a:192.168.46.62:33709], old=null, confs=<EMPTY_MAP>
2019-06-14 00:37:45,923 INFO  server.RaftServerConfigKeys (ConfUtils.java:logGet(43)) - raft.server.storage.dir = [/opt/src/hadoop-ozone/integration-test/target/test-dir/MiniOzoneClusterImpl-bbb5c0a1-9de6-4623-8d23-cb06fc8159d2/datanode-3/data/ratis] (custom)
2019-06-14 00:37:45,923 INFO  storage.RaftStorageDirectory (RaftStorageDirectory.java:analyzeStorage(246)) - The storage directory /opt/src/hadoop-ozone/integration-test/target/test-dir/MiniOzoneClusterImpl-bbb5c0a1-9de6-4623-8d23-cb06fc8159d2/datanode-3/data/ratis/24d37c9b-b865-4d63-851f-e4a7e188bece does not exist. Creating ...
2019-06-14 00:37:45,929 INFO  storage.RaftStorageDirectory (RaftStorageDirectory.java:tryLock(328)) - Lock on /opt/src/hadoop-ozone/integration-test/target/test-dir/MiniOzoneClusterImpl-bbb5c0a1-9de6-4623-8d23-cb06fc8159d2/datanode-3/data/ratis/24d37c9b-b865-4d63-851f-e4a7e188bece/in_use.lock acquired by nodename 10248@ozone-csdnw-1345654644
2019-06-14 00:37:45,944 INFO  server.RaftServerConfigKeys (ConfUtils.java:logGet(43)) - raft.server.staging.catchup.gap = 1000 (default)
2019-06-14 00:37:45,944 INFO  server.RaftServerConfigKeys (ConfUtils.java:logGet(43)) - raft.server.rpc.sleep.time = 25ms (default)
2019-06-14 00:37:45,944 INFO  server.RaftServerConfigKeys (ConfUtils.java:logGet(43)) - raft.server.watch.timeout = 10s (default)
2019-06-14 00:37:45,944 INFO  server.RaftServerConfigKeys (ConfUtils.java:logGet(43)) - raft.server.watch.timeout.denomination = 1s (default)
2019-06-14 00:37:45,945 INFO  impl.RoleInfo (RoleInfo.java:updateAndGet(143)) - b04aef24-9ee8-4748-a635-2f71c0daaa87: start LeaderState
2019-06-14 00:37:45,945 INFO  storage.RaftLogWorker (RaftLogWorker.java:startLogSegment(298)) - b04aef24-9ee8-4748-a635-2f71c0daaa87-RaftLogWorker: Starting segment from index:0
2019-06-14 00:37:45,947 INFO  storage.RaftLogWorker (RaftLogWorker.java:execute(469)) - e13f430b-c3cf-405d-a8fb-591dcec396a6-RaftLogWorker: created new log segment /opt/src/hadoop-ozone/integration-test/target/test-dir/MiniOzoneClusterImpl-bbb5c0a1-9de6-4623-8d23-cb06fc8159d2/datanode-2/data/ratis/3b95ef8b-44ac-42b9-8e1a-7eb2bf02b7dc/current/log_inprogress_0
2019-06-14 00:37:45,953 INFO  impl.RaftServerImpl (ServerState.java:setRaftConf(361)) - b04aef24-9ee8-4748-a635-2f71c0daaa87:group-44037EFDB880 set configuration 0: [b04aef24-9ee8-4748-a635-2f71c0daaa87:192.168.46.62:43339], old=null at 0
2019-06-14 00:37:45,970 INFO  storage.RaftStorage (RaftStorage.java:format(75)) - Storage directory /opt/src/hadoop-ozone/integration-test/target/test-dir/MiniOzoneClusterImpl-bbb5c0a1-9de6-4623-8d23-cb06fc8159d2/datanode-3/data/ratis/24d37c9b-b865-4d63-851f-e4a7e188bece has been successfully formatted.
2019-06-14 00:37:45,975 INFO  ratis.ContainerStateMachine (ContainerStateMachine.java:loadSnapshot(199)) - The snapshot info is null.Setting the last applied index to:(t:0, i:~)
2019-06-14 00:37:45,975 INFO  server.RaftServerConfigKeys (ConfUtils.java:logGet(43)) - raft.server.leader.election.timeout = 10s (custom)
2019-06-14 00:37:45,975 INFO  server.RaftServerConfigKeys (ConfUtils.java:logGet(43)) - raft.server.log.use.memory = false (default)
2019-06-14 00:37:45,975 INFO  server.RaftServerConfigKeys (ConfUtils.java:logGet(43)) - raft.server.log.appender.buffer.byte-limit = 33554432 (custom)
2019-06-14 00:37:45,975 INFO  server.RaftServerConfigKeys (ConfUtils.java:logGet(43)) - raft.server.log.segment.size.max = 16384 (custom)
2019-06-14 00:37:45,976 INFO  server.RaftServerConfigKeys (ConfUtils.java:logGet(43)) - raft.server.log.segment.cache.num.max = 2 (custom)
2019-06-14 00:37:45,976 INFO  storage.RaftLogWorker (RaftLogWorker.java:<init>(123)) - new b04aef24-9ee8-4748-a635-2f71c0daaa87-RaftLogWorker for Storage Directory /opt/src/hadoop-ozone/integration-test/target/test-dir/MiniOzoneClusterImpl-bbb5c0a1-9de6-4623-8d23-cb06fc8159d2/datanode-3/data/ratis/24d37c9b-b865-4d63-851f-e4a7e188bece
2019-06-14 00:37:45,976 INFO  server.RaftServerConfigKeys (ConfUtils.java:logGet(43)) - raft.server.log.queue.byte-limit = 2147483647 (custom)
2019-06-14 00:37:45,976 INFO  server.RaftServerConfigKeys (ConfUtils.java:logGet(43)) - raft.server.log.queue.element-limit = 1024 (custom)
2019-06-14 00:37:45,976 INFO  server.RaftServerConfigKeys (ConfUtils.java:logGet(43)) - raft.server.log.segment.size.max = 16384 (custom)
2019-06-14 00:37:45,976 INFO  server.RaftServerConfigKeys (ConfUtils.java:logGet(43)) - raft.server.log.preallocated.size = 16384 (custom)
2019-06-14 00:37:45,976 INFO  server.RaftServerConfigKeys (ConfUtils.java:logGet(43)) - raft.server.log.write.buffer.size = 33554432 (custom)
2019-06-14 00:37:45,976 INFO  server.RaftServerConfigKeys (ConfUtils.java:logGet(43)) - raft.server.log.force.sync.num = 128 (default)
2019-06-14 00:37:45,976 INFO  server.RaftServerConfigKeys (ConfUtils.java:logGet(43)) - raft.server.log.statemachine.data.sync = true (default)
2019-06-14 00:37:45,976 INFO  server.RaftServerConfigKeys (ConfUtils.java:logGet(43)) - raft.server.log.statemachine.data.sync.timeout = 10s (default)
2019-06-14 00:37:45,976 INFO  server.RaftServerConfigKeys (ConfUtils.java:logGet(43)) - raft.server.log.statemachine.data.sync.timeout.retry = -1 (default)
2019-06-14 00:37:45,977 INFO  server.RaftServerConfigKeys (ConfUtils.java:logGet(43)) - raft.server.log.statemachine.data.caching.enabled = true (custom)
2019-06-14 00:37:45,977 INFO  server.RaftServerConfigKeys (ConfUtils.java:logGet(43)) - raft.server.snapshot.auto.trigger.enabled = true (custom)
2019-06-14 00:37:45,978 INFO  server.RaftServerConfigKeys (ConfUtils.java:logGet(43)) - raft.server.snapshot.auto.trigger.threshold = 10000 (custom)
2019-06-14 00:37:45,978 INFO  server.RaftServerConfigKeys (ConfUtils.java:logGet(43)) - raft.server.retrycache.expirytime = 600000ms (custom)
2019-06-14 00:37:45,978 INFO  impl.RaftServerImpl (RaftServerImpl.java:start(173)) - b04aef24-9ee8-4748-a635-2f71c0daaa87: start group-E4A7E188BECE
2019-06-14 00:37:45,978 INFO  impl.RaftServerImpl (RaftServerImpl.java:setRole(164)) - b04aef24-9ee8-4748-a635-2f71c0daaa87:group-E4A7E188BECE changes role from null to FOLLOWER at term 0 for startAsFollower
2019-06-14 00:37:45,978 INFO  impl.RoleInfo (RoleInfo.java:updateAndGet(143)) - b04aef24-9ee8-4748-a635-2f71c0daaa87: start FollowerState
2019-06-14 00:37:45,979 INFO  util.JmxRegister (JmxRegister.java:tryRegister(44)) - Successfully registered JMX Bean with object name Ratis:service=RaftServer,group=group-E4A7E188BECE,id=b04aef24-9ee8-4748-a635-2f71c0daaa87
2019-06-14 00:37:45,986 INFO  impl.RaftServerProxy (RaftServerProxy.java:addNew(89)) - 6255d568-6fca-471a-a234-c1c8c7ba830a: addNew group-E4A7E188BECE:[a8c489c1-45f6-4fc8-8c40-4b6a01f1080c:192.168.46.62:41483, b04aef24-9ee8-4748-a635-2f71c0daaa87:192.168.46.62:43339, 6255d568-6fca-471a-a234-c1c8c7ba830a:192.168.46.62:33709] returns group-E4A7E188BECE:java.util.concurrent.CompletableFuture@4bcb736f[Not completed]
2019-06-14 00:37:45,986 INFO  impl.RaftServerProxy (RaftServerProxy.java:addNew(89)) - a8c489c1-45f6-4fc8-8c40-4b6a01f1080c: addNew group-E4A7E188BECE:[a8c489c1-45f6-4fc8-8c40-4b6a01f1080c:192.168.46.62:41483, b04aef24-9ee8-4748-a635-2f71c0daaa87:192.168.46.62:43339, 6255d568-6fca-471a-a234-c1c8c7ba830a:192.168.46.62:33709] returns group-E4A7E188BECE:java.util.concurrent.CompletableFuture@789ded64[Not completed]
2019-06-14 00:37:46,018 INFO  impl.RaftServerImpl (RaftServerImpl.java:<init>(91)) - a8c489c1-45f6-4fc8-8c40-4b6a01f1080c: new RaftServerImpl for group-E4A7E188BECE:[a8c489c1-45f6-4fc8-8c40-4b6a01f1080c:192.168.46.62:41483, b04aef24-9ee8-4748-a635-2f71c0daaa87:192.168.46.62:43339, 6255d568-6fca-471a-a234-c1c8c7ba830a:192.168.46.62:33709] with ContainerStateMachine:uninitialized
2019-06-14 00:37:46,018 INFO  server.RaftServerConfigKeys (ConfUtils.java:logGet(43)) - raft.server.rpc.timeout.min = 1s (custom)
2019-06-14 00:37:46,019 INFO  server.RaftServerConfigKeys (ConfUtils.java:logGet(43)) - raft.server.rpc.timeout.max = 1200ms (custom)
2019-06-14 00:37:46,019 INFO  server.RaftServerConfigKeys (ConfUtils.java:logGet(43)) - raft.server.rpcslowness.timeout = 10s (custom)
2019-06-14 00:37:46,019 INFO  server.RaftServerConfigKeys (ConfUtils.java:logGet(43)) - raft.server.log.appender.install.snapshot.enabled = true (default)
2019-06-14 00:37:46,019 INFO  impl.RaftServerImpl (ServerState.java:<init>(101)) - a8c489c1-45f6-4fc8-8c40-4b6a01f1080c:group-E4A7E188BECE ConfigurationManager, init=-1: [a8c489c1-45f6-4fc8-8c40-4b6a01f1080c:192.168.46.62:41483, b04aef24-9ee8-4748-a635-2f71c0daaa87:192.168.46.62:43339, 6255d568-6fca-471a-a234-c1c8c7ba830a:192.168.46.62:33709], old=null, confs=<EMPTY_MAP>
2019-06-14 00:37:46,019 INFO  server.RaftServerConfigKeys (ConfUtils.java:logGet(43)) - raft.server.storage.dir = [/opt/src/hadoop-ozone/integration-test/target/test-dir/MiniOzoneClusterImpl-bbb5c0a1-9de6-4623-8d23-cb06fc8159d2/datanode-4/data/ratis] (custom)
2019-06-14 00:37:46,019 INFO  storage.RaftStorageDirectory (RaftStorageDirectory.java:analyzeStorage(246)) - The storage directory /opt/src/hadoop-ozone/integration-test/target/test-dir/MiniOzoneClusterImpl-bbb5c0a1-9de6-4623-8d23-cb06fc8159d2/datanode-4/data/ratis/24d37c9b-b865-4d63-851f-e4a7e188bece does not exist. Creating ...
2019-06-14 00:37:46,023 INFO  impl.RaftServerImpl (RaftServerImpl.java:<init>(91)) - 6255d568-6fca-471a-a234-c1c8c7ba830a: new RaftServerImpl for group-E4A7E188BECE:[a8c489c1-45f6-4fc8-8c40-4b6a01f1080c:192.168.46.62:41483, b04aef24-9ee8-4748-a635-2f71c0daaa87:192.168.46.62:43339, 6255d568-6fca-471a-a234-c1c8c7ba830a:192.168.46.62:33709] with ContainerStateMachine:uninitialized
2019-06-14 00:37:46,024 INFO  server.RaftServerConfigKeys (ConfUtils.java:logGet(43)) - raft.server.rpc.timeout.min = 1s (custom)
2019-06-14 00:37:46,024 INFO  server.RaftServerConfigKeys (ConfUtils.java:logGet(43)) - raft.server.rpc.timeout.max = 1200ms (custom)
2019-06-14 00:37:46,024 INFO  server.RaftServerConfigKeys (ConfUtils.java:logGet(43)) - raft.server.rpcslowness.timeout = 10s (custom)
2019-06-14 00:37:46,024 INFO  server.RaftServerConfigKeys (ConfUtils.java:logGet(43)) - raft.server.log.appender.install.snapshot.enabled = true (default)
2019-06-14 00:37:46,024 INFO  impl.RaftServerImpl (ServerState.java:<init>(101)) - 6255d568-6fca-471a-a234-c1c8c7ba830a:group-E4A7E188BECE ConfigurationManager, init=-1: [a8c489c1-45f6-4fc8-8c40-4b6a01f1080c:192.168.46.62:41483, b04aef24-9ee8-4748-a635-2f71c0daaa87:192.168.46.62:43339, 6255d568-6fca-471a-a234-c1c8c7ba830a:192.168.46.62:33709], old=null, confs=<EMPTY_MAP>
2019-06-14 00:37:46,024 INFO  server.RaftServerConfigKeys (ConfUtils.java:logGet(43)) - raft.server.storage.dir = [/opt/src/hadoop-ozone/integration-test/target/test-dir/MiniOzoneClusterImpl-bbb5c0a1-9de6-4623-8d23-cb06fc8159d2/datanode-5/data/ratis] (custom)
2019-06-14 00:37:46,025 INFO  storage.RaftLogWorker (RaftLogWorker.java:execute(469)) - b04aef24-9ee8-4748-a635-2f71c0daaa87-RaftLogWorker: created new log segment /opt/src/hadoop-ozone/integration-test/target/test-dir/MiniOzoneClusterImpl-bbb5c0a1-9de6-4623-8d23-cb06fc8159d2/datanode-3/data/ratis/68fac4cc-ae6b-4d75-ae47-44037efdb880/current/log_inprogress_0
2019-06-14 00:37:46,029 INFO  storage.RaftStorageDirectory (RaftStorageDirectory.java:tryLock(328)) - Lock on /opt/src/hadoop-ozone/integration-test/target/test-dir/MiniOzoneClusterImpl-bbb5c0a1-9de6-4623-8d23-cb06fc8159d2/datanode-4/data/ratis/24d37c9b-b865-4d63-851f-e4a7e188bece/in_use.lock acquired by nodename 10248@ozone-csdnw-1345654644
2019-06-14 00:37:46,041 INFO  storage.RaftStorageDirectory (RaftStorageDirectory.java:analyzeStorage(246)) - The storage directory /opt/src/hadoop-ozone/integration-test/target/test-dir/MiniOzoneClusterImpl-bbb5c0a1-9de6-4623-8d23-cb06fc8159d2/datanode-5/data/ratis/24d37c9b-b865-4d63-851f-e4a7e188bece does not exist. Creating ...
2019-06-14 00:37:46,044 INFO  storage.RaftStorageDirectory (RaftStorageDirectory.java:tryLock(328)) - Lock on /opt/src/hadoop-ozone/integration-test/target/test-dir/MiniOzoneClusterImpl-bbb5c0a1-9de6-4623-8d23-cb06fc8159d2/datanode-5/data/ratis/24d37c9b-b865-4d63-851f-e4a7e188bece/in_use.lock acquired by nodename 10248@ozone-csdnw-1345654644
2019-06-14 00:37:46,044 INFO  storage.RaftStorage (RaftStorage.java:format(75)) - Storage directory /opt/src/hadoop-ozone/integration-test/target/test-dir/MiniOzoneClusterImpl-bbb5c0a1-9de6-4623-8d23-cb06fc8159d2/datanode-4/data/ratis/24d37c9b-b865-4d63-851f-e4a7e188bece has been successfully formatted.
2019-06-14 00:37:46,044 INFO  ratis.ContainerStateMachine (ContainerStateMachine.java:loadSnapshot(199)) - The snapshot info is null.Setting the last applied index to:(t:0, i:~)
2019-06-14 00:37:46,045 INFO  server.RaftServerConfigKeys (ConfUtils.java:logGet(43)) - raft.server.leader.election.timeout = 10s (custom)
2019-06-14 00:37:46,045 INFO  server.RaftServerConfigKeys (ConfUtils.java:logGet(43)) - raft.server.log.use.memory = false (default)
2019-06-14 00:37:46,045 INFO  server.RaftServerConfigKeys (ConfUtils.java:logGet(43)) - raft.server.log.appender.buffer.byte-limit = 33554432 (custom)
2019-06-14 00:37:46,045 INFO  server.RaftServerConfigKeys (ConfUtils.java:logGet(43)) - raft.server.log.segment.size.max = 16384 (custom)
2019-06-14 00:37:46,045 INFO  server.RaftServerConfigKeys (ConfUtils.java:logGet(43)) - raft.server.log.segment.cache.num.max = 2 (custom)
2019-06-14 00:37:46,045 INFO  storage.RaftLogWorker (RaftLogWorker.java:<init>(123)) - new a8c489c1-45f6-4fc8-8c40-4b6a01f1080c-RaftLogWorker for Storage Directory /opt/src/hadoop-ozone/integration-test/target/test-dir/MiniOzoneClusterImpl-bbb5c0a1-9de6-4623-8d23-cb06fc8159d2/datanode-4/data/ratis/24d37c9b-b865-4d63-851f-e4a7e188bece
2019-06-14 00:37:46,046 INFO  server.RaftServerConfigKeys (ConfUtils.java:logGet(43)) - raft.server.log.queue.byte-limit = 2147483647 (custom)
2019-06-14 00:37:46,046 INFO  server.RaftServerConfigKeys (ConfUtils.java:logGet(43)) - raft.server.log.queue.element-limit = 1024 (custom)
2019-06-14 00:37:46,046 INFO  server.RaftServerConfigKeys (ConfUtils.java:logGet(43)) - raft.server.log.segment.size.max = 16384 (custom)
2019-06-14 00:37:46,046 INFO  server.RaftServerConfigKeys (ConfUtils.java:logGet(43)) - raft.server.log.preallocated.size = 16384 (custom)
2019-06-14 00:37:46,047 INFO  server.RaftServerConfigKeys (ConfUtils.java:logGet(43)) - raft.server.log.write.buffer.size = 33554432 (custom)
2019-06-14 00:37:46,047 INFO  server.RaftServerConfigKeys (ConfUtils.java:logGet(43)) - raft.server.log.force.sync.num = 128 (default)
2019-06-14 00:37:46,047 INFO  server.RaftServerConfigKeys (ConfUtils.java:logGet(43)) - raft.server.log.statemachine.data.sync = true (default)
2019-06-14 00:37:46,048 INFO  server.RaftServerConfigKeys (ConfUtils.java:logGet(43)) - raft.server.log.statemachine.data.sync.timeout = 10s (default)
2019-06-14 00:37:46,048 INFO  server.RaftServerConfigKeys (ConfUtils.java:logGet(43)) - raft.server.log.statemachine.data.sync.timeout.retry = -1 (default)
2019-06-14 00:37:46,048 INFO  server.RaftServerConfigKeys (ConfUtils.java:logGet(43)) - raft.server.log.statemachine.data.caching.enabled = true (custom)
2019-06-14 00:37:46,047 INFO  storage.RaftStorage (RaftStorage.java:format(75)) - Storage directory /opt/src/hadoop-ozone/integration-test/target/test-dir/MiniOzoneClusterImpl-bbb5c0a1-9de6-4623-8d23-cb06fc8159d2/datanode-5/data/ratis/24d37c9b-b865-4d63-851f-e4a7e188bece has been successfully formatted.
2019-06-14 00:37:46,048 INFO  ratis.ContainerStateMachine (ContainerStateMachine.java:loadSnapshot(199)) - The snapshot info is null.Setting the last applied index to:(t:0, i:~)
2019-06-14 00:37:46,049 INFO  server.RaftServerConfigKeys (ConfUtils.java:logGet(43)) - raft.server.leader.election.timeout = 10s (custom)
2019-06-14 00:37:46,049 INFO  server.RaftServerConfigKeys (ConfUtils.java:logGet(43)) - raft.server.log.use.memory = false (default)
2019-06-14 00:37:46,049 INFO  server.RaftServerConfigKeys (ConfUtils.java:logGet(43)) - raft.server.log.appender.buffer.byte-limit = 33554432 (custom)
2019-06-14 00:37:46,049 INFO  server.RaftServerConfigKeys (ConfUtils.java:logGet(43)) - raft.server.log.segment.size.max = 16384 (custom)
2019-06-14 00:37:46,049 INFO  server.RaftServerConfigKeys (ConfUtils.java:logGet(43)) - raft.server.log.segment.cache.num.max = 2 (custom)
2019-06-14 00:37:46,049 INFO  storage.RaftLogWorker (RaftLogWorker.java:<init>(123)) - new 6255d568-6fca-471a-a234-c1c8c7ba830a-RaftLogWorker for Storage Directory /opt/src/hadoop-ozone/integration-test/target/test-dir/MiniOzoneClusterImpl-bbb5c0a1-9de6-4623-8d23-cb06fc8159d2/datanode-5/data/ratis/24d37c9b-b865-4d63-851f-e4a7e188bece
2019-06-14 00:37:46,049 INFO  server.RaftServerConfigKeys (ConfUtils.java:logGet(43)) - raft.server.log.queue.byte-limit = 2147483647 (custom)
2019-06-14 00:37:46,049 INFO  server.RaftServerConfigKeys (ConfUtils.java:logGet(43)) - raft.server.log.queue.element-limit = 1024 (custom)
2019-06-14 00:37:46,049 INFO  server.RaftServerConfigKeys (ConfUtils.java:logGet(43)) - raft.server.log.segment.size.max = 16384 (custom)
2019-06-14 00:37:46,049 INFO  server.RaftServerConfigKeys (ConfUtils.java:logGet(43)) - raft.server.log.preallocated.size = 16384 (custom)
2019-06-14 00:37:46,050 INFO  server.RaftServerConfigKeys (ConfUtils.java:logGet(43)) - raft.server.log.write.buffer.size = 33554432 (custom)
2019-06-14 00:37:46,050 INFO  server.RaftServerConfigKeys (ConfUtils.java:logGet(43)) - raft.server.log.force.sync.num = 128 (default)
2019-06-14 00:37:46,050 INFO  server.RaftServerConfigKeys (ConfUtils.java:logGet(43)) - raft.server.log.statemachine.data.sync = true (default)
2019-06-14 00:37:46,050 INFO  server.RaftServerConfigKeys (ConfUtils.java:logGet(43)) - raft.server.log.statemachine.data.sync.timeout = 10s (default)
2019-06-14 00:37:46,050 INFO  server.RaftServerConfigKeys (ConfUtils.java:logGet(43)) - raft.server.log.statemachine.data.sync.timeout.retry = -1 (default)
2019-06-14 00:37:46,051 INFO  server.RaftServerConfigKeys (ConfUtils.java:logGet(43)) - raft.server.snapshot.auto.trigger.enabled = true (custom)
2019-06-14 00:37:46,051 INFO  server.RaftServerConfigKeys (ConfUtils.java:logGet(43)) - raft.server.snapshot.auto.trigger.threshold = 10000 (custom)
2019-06-14 00:37:46,051 INFO  server.RaftServerConfigKeys (ConfUtils.java:logGet(43)) - raft.server.retrycache.expirytime = 600000ms (custom)
2019-06-14 00:37:46,051 INFO  impl.RaftServerImpl (RaftServerImpl.java:start(173)) - a8c489c1-45f6-4fc8-8c40-4b6a01f1080c: start group-E4A7E188BECE
2019-06-14 00:37:46,051 INFO  impl.RaftServerImpl (RaftServerImpl.java:setRole(164)) - a8c489c1-45f6-4fc8-8c40-4b6a01f1080c:group-E4A7E188BECE changes role from null to FOLLOWER at term 0 for startAsFollower
2019-06-14 00:37:46,051 INFO  impl.RoleInfo (RoleInfo.java:updateAndGet(143)) - a8c489c1-45f6-4fc8-8c40-4b6a01f1080c: start FollowerState
2019-06-14 00:37:46,051 INFO  server.RaftServerConfigKeys (ConfUtils.java:logGet(43)) - raft.server.log.statemachine.data.caching.enabled = true (custom)
2019-06-14 00:37:46,055 INFO  util.JmxRegister (JmxRegister.java:tryRegister(44)) - Successfully registered JMX Bean with object name Ratis:service=RaftServer,group=group-E4A7E188BECE,id=a8c489c1-45f6-4fc8-8c40-4b6a01f1080c
2019-06-14 00:37:46,076 INFO  server.RaftServerConfigKeys (ConfUtils.java:logGet(43)) - raft.server.snapshot.auto.trigger.enabled = true (custom)
2019-06-14 00:37:46,076 INFO  server.RaftServerConfigKeys (ConfUtils.java:logGet(43)) - raft.server.snapshot.auto.trigger.threshold = 10000 (custom)
2019-06-14 00:37:46,077 INFO  server.RaftServerConfigKeys (ConfUtils.java:logGet(43)) - raft.server.retrycache.expirytime = 600000ms (custom)
2019-06-14 00:37:46,077 INFO  impl.RaftServerImpl (RaftServerImpl.java:start(173)) - 6255d568-6fca-471a-a234-c1c8c7ba830a: start group-E4A7E188BECE
2019-06-14 00:37:46,077 INFO  impl.RaftServerImpl (RaftServerImpl.java:setRole(164)) - 6255d568-6fca-471a-a234-c1c8c7ba830a:group-E4A7E188BECE changes role from null to FOLLOWER at term 0 for startAsFollower
2019-06-14 00:37:46,077 INFO  impl.RoleInfo (RoleInfo.java:updateAndGet(143)) - 6255d568-6fca-471a-a234-c1c8c7ba830a: start FollowerState
2019-06-14 00:37:46,083 INFO  util.JmxRegister (JmxRegister.java:tryRegister(44)) - Successfully registered JMX Bean with object name Ratis:service=RaftServer,group=group-E4A7E188BECE,id=6255d568-6fca-471a-a234-c1c8c7ba830a
2019-06-14 00:37:46,122 INFO  impl.LeaderElection (LeaderElection.java:logAndReturn(56)) - 519e452a-cf07-4e62-b469-609a00bf083f:group-8EB3AA838D4B:LeaderElection5: Election REJECTED; received 2 response(s) [519e452a-cf07-4e62-b469-609a00bf083f->450963c2-4296-4dc3-9ab0-2fb3556c67d2,false-t1, 519e452a-cf07-4e62-b469-609a00bf083f->e13f430b-c3cf-405d-a8fb-591dcec396a6,false-t1] and 0 exception(s); 519e452a-cf07-4e62-b469-609a00bf083f:t1, leader=null, voted=519e452a-cf07-4e62-b469-609a00bf083f, raftlog=519e452a-cf07-4e62-b469-609a00bf083f-SegmentedRaftLog:OPENED:c-1,f-1,i0, conf=-1: [450963c2-4296-4dc3-9ab0-2fb3556c67d2:192.168.46.62:37031, 519e452a-cf07-4e62-b469-609a00bf083f:192.168.46.62:41009, e13f430b-c3cf-405d-a8fb-591dcec396a6:192.168.46.62:38283], old=null
2019-06-14 00:37:46,123 INFO  impl.RaftServerImpl (RaftServerImpl.java:setRole(164)) - 519e452a-cf07-4e62-b469-609a00bf083f:group-8EB3AA838D4B changes role from CANDIDATE to FOLLOWER at term 1 for DISCOVERED_A_NEW_TERM
2019-06-14 00:37:46,123 INFO  impl.RoleInfo (RoleInfo.java:shutdownLeaderElection(134)) - 519e452a-cf07-4e62-b469-609a00bf083f: shutdown LeaderElection
2019-06-14 00:37:46,123 INFO  impl.RoleInfo (RoleInfo.java:updateAndGet(143)) - 519e452a-cf07-4e62-b469-609a00bf083f: start FollowerState
2019-06-14 00:37:46,128 INFO  impl.LeaderElection (LeaderElection.java:logAndReturn(56)) - e13f430b-c3cf-405d-a8fb-591dcec396a6:group-8EB3AA838D4B:LeaderElection3: Election REJECTED; received 2 response(s) [e13f430b-c3cf-405d-a8fb-591dcec396a6->450963c2-4296-4dc3-9ab0-2fb3556c67d2,false-t1, e13f430b-c3cf-405d-a8fb-591dcec396a6->519e452a-cf07-4e62-b469-609a00bf083f,false-t1] and 0 exception(s); e13f430b-c3cf-405d-a8fb-591dcec396a6:t1, leader=null, voted=e13f430b-c3cf-405d-a8fb-591dcec396a6, raftlog=e13f430b-c3cf-405d-a8fb-591dcec396a6-SegmentedRaftLog:OPENED:c-1,f-1,i0, conf=-1: [450963c2-4296-4dc3-9ab0-2fb3556c67d2:192.168.46.62:37031, 519e452a-cf07-4e62-b469-609a00bf083f:192.168.46.62:41009, e13f430b-c3cf-405d-a8fb-591dcec396a6:192.168.46.62:38283], old=null
2019-06-14 00:37:46,132 INFO  impl.RaftServerImpl (RaftServerImpl.java:setRole(164)) - e13f430b-c3cf-405d-a8fb-591dcec396a6:group-8EB3AA838D4B changes role from CANDIDATE to FOLLOWER at term 1 for DISCOVERED_A_NEW_TERM
2019-06-14 00:37:46,132 INFO  impl.RoleInfo (RoleInfo.java:shutdownLeaderElection(134)) - e13f430b-c3cf-405d-a8fb-591dcec396a6: shutdown LeaderElection
2019-06-14 00:37:46,132 INFO  impl.RoleInfo (RoleInfo.java:updateAndGet(143)) - e13f430b-c3cf-405d-a8fb-591dcec396a6: start FollowerState
2019-06-14 00:37:46,133 INFO  impl.LeaderElection (LeaderElection.java:logAndReturn(56)) - 450963c2-4296-4dc3-9ab0-2fb3556c67d2:group-8EB3AA838D4B:LeaderElection4: Election REJECTED; received 2 response(s) [450963c2-4296-4dc3-9ab0-2fb3556c67d2->519e452a-cf07-4e62-b469-609a00bf083f,false-t1, 450963c2-4296-4dc3-9ab0-2fb3556c67d2->e13f430b-c3cf-405d-a8fb-591dcec396a6,false-t1] and 0 exception(s); 450963c2-4296-4dc3-9ab0-2fb3556c67d2:t1, leader=null, voted=450963c2-4296-4dc3-9ab0-2fb3556c67d2, raftlog=450963c2-4296-4dc3-9ab0-2fb3556c67d2-SegmentedRaftLog:OPENED:c-1,f-1,i0, conf=-1: [450963c2-4296-4dc3-9ab0-2fb3556c67d2:192.168.46.62:37031, 519e452a-cf07-4e62-b469-609a00bf083f:192.168.46.62:41009, e13f430b-c3cf-405d-a8fb-591dcec396a6:192.168.46.62:38283], old=null
2019-06-14 00:37:46,134 INFO  impl.FollowerState (FollowerState.java:run(101)) - a8c489c1-45f6-4fc8-8c40-4b6a01f1080c:group-1B8EC316B312 changes to CANDIDATE, lastRpcTime:1075, electionTimeout:1068ms
2019-06-14 00:37:46,134 INFO  impl.RoleInfo (RoleInfo.java:shutdownFollowerState(121)) - a8c489c1-45f6-4fc8-8c40-4b6a01f1080c: shutdown FollowerState
2019-06-14 00:37:46,134 INFO  impl.RaftServerImpl (RaftServerImpl.java:setRole(164)) - a8c489c1-45f6-4fc8-8c40-4b6a01f1080c:group-1B8EC316B312 changes role from FOLLOWER to CANDIDATE at term 0 for changeToCandidate
2019-06-14 00:37:46,135 INFO  impl.RoleInfo (RoleInfo.java:updateAndGet(143)) - a8c489c1-45f6-4fc8-8c40-4b6a01f1080c: start LeaderElection
2019-06-14 00:37:46,134 INFO  impl.RaftServerImpl (RaftServerImpl.java:setRole(164)) - 450963c2-4296-4dc3-9ab0-2fb3556c67d2:group-8EB3AA838D4B changes role from CANDIDATE to FOLLOWER at term 1 for DISCOVERED_A_NEW_TERM
2019-06-14 00:37:46,139 INFO  impl.RoleInfo (RoleInfo.java:shutdownLeaderElection(134)) - 450963c2-4296-4dc3-9ab0-2fb3556c67d2: shutdown LeaderElection
2019-06-14 00:37:46,139 INFO  impl.RoleInfo (RoleInfo.java:updateAndGet(143)) - 450963c2-4296-4dc3-9ab0-2fb3556c67d2: start FollowerState
2019-06-14 00:37:46,138 INFO  pipeline.PipelineStateManager (PipelineStateManager.java:addPipeline(56)) - Created pipeline Pipeline[ Id: 24d37c9b-b865-4d63-851f-e4a7e188bece, Nodes: 6255d568-6fca-471a-a234-c1c8c7ba830a{ip: 192.168.46.62, host: ozone-csdnw-1345654644, networkLocation: /default-rack, certSerialId: null}b04aef24-9ee8-4748-a635-2f71c0daaa87{ip: 192.168.46.62, host: ozone-csdnw-1345654644, networkLocation: /default-rack, certSerialId: null}a8c489c1-45f6-4fc8-8c40-4b6a01f1080c{ip: 192.168.46.62, host: ozone-csdnw-1345654644, networkLocation: /default-rack, certSerialId: null}, Type:RATIS, Factor:THREE, State:OPEN]
2019-06-14 00:37:46,145 INFO  impl.LeaderElection (LeaderElection.java:askForVotes(181)) - a8c489c1-45f6-4fc8-8c40-4b6a01f1080c:group-1B8EC316B312:LeaderElection8: begin an election at term 1 for -1: [a8c489c1-45f6-4fc8-8c40-4b6a01f1080c:192.168.46.62:41483], old=null
2019-06-14 00:37:46,145 INFO  impl.RoleInfo (RoleInfo.java:shutdownLeaderElection(134)) - a8c489c1-45f6-4fc8-8c40-4b6a01f1080c: shutdown LeaderElection
2019-06-14 00:37:46,145 INFO  impl.RaftServerImpl (RaftServerImpl.java:setRole(164)) - a8c489c1-45f6-4fc8-8c40-4b6a01f1080c:group-1B8EC316B312 changes role from CANDIDATE to LEADER at term 1 for changeToLeader
2019-06-14 00:37:46,145 INFO  impl.RaftServerImpl (ServerState.java:setLeader(263)) - a8c489c1-45f6-4fc8-8c40-4b6a01f1080c:group-1B8EC316B312 change Leader from null to a8c489c1-45f6-4fc8-8c40-4b6a01f1080c at term 1 for becomeLeader, leader elected after 1093ms
2019-06-14 00:37:46,146 INFO  server.RaftServerConfigKeys (ConfUtils.java:logGet(43)) - raft.server.staging.catchup.gap = 1000 (default)
2019-06-14 00:37:46,146 INFO  server.RaftServerConfigKeys (ConfUtils.java:logGet(43)) - raft.server.rpc.sleep.time = 25ms (default)
2019-06-14 00:37:46,146 INFO  server.RaftServerConfigKeys (ConfUtils.java:logGet(43)) - raft.server.watch.timeout = 10s (default)
2019-06-14 00:37:46,146 INFO  server.RaftServerConfigKeys (ConfUtils.java:logGet(43)) - raft.server.watch.timeout.denomination = 1s (default)
2019-06-14 00:37:46,146 INFO  impl.RoleInfo (RoleInfo.java:updateAndGet(143)) - a8c489c1-45f6-4fc8-8c40-4b6a01f1080c: start LeaderState
2019-06-14 00:37:46,146 INFO  storage.RaftLogWorker (RaftLogWorker.java:startLogSegment(298)) - a8c489c1-45f6-4fc8-8c40-4b6a01f1080c-RaftLogWorker: Starting segment from index:0
2019-06-14 00:37:46,147 INFO  impl.RaftServerImpl (ServerState.java:setRaftConf(361)) - a8c489c1-45f6-4fc8-8c40-4b6a01f1080c:group-1B8EC316B312 set configuration 0: [a8c489c1-45f6-4fc8-8c40-4b6a01f1080c:192.168.46.62:41483], old=null at 0
2019-06-14 00:37:46,184 INFO  storage.RaftLogWorker (RaftLogWorker.java:execute(469)) - a8c489c1-45f6-4fc8-8c40-4b6a01f1080c-RaftLogWorker: created new log segment /opt/src/hadoop-ozone/integration-test/target/test-dir/MiniOzoneClusterImpl-bbb5c0a1-9de6-4623-8d23-cb06fc8159d2/datanode-4/data/ratis/bf0ab5bb-35a6-424e-8639-1b8ec316b312/current/log_inprogress_0
2019-06-14 00:37:46,489 INFO  ozone.MiniOzoneClusterImpl (MiniOzoneClusterImpl.java:lambda$waitForClusterToBeReady$0(142)) - Cluster is ready. Got 6 of 6 DN Heartbeats.
]]></system-out>
    <system-err><![CDATA[ERROR StatusLogger No Log4j 2 configuration file found. Using default configuration (logging only errors to the console), or user programmatically provided configurations. Set system property 'log4j2.debug' to show Log4j 2 internal initialization logging. See https://logging.apache.org/log4j/2.x/manual/configuration.html for instructions on how to configure Log4j 2
Jun 14, 2019 12:37:38 AM com.sun.jersey.server.impl.application.WebApplicationImpl _initiate
INFO: Initiating Jersey application, version 'Jersey: 1.19 02/11/2015 03:25 AM'
Jun 14, 2019 12:37:39 AM com.sun.jersey.server.impl.application.WebApplicationImpl _initiate
INFO: Initiating Jersey application, version 'Jersey: 1.19 02/11/2015 03:25 AM'
Jun 14, 2019 12:37:39 AM com.sun.jersey.server.impl.application.WebApplicationImpl _initiate
INFO: Initiating Jersey application, version 'Jersey: 1.19 02/11/2015 03:25 AM'
Jun 14, 2019 12:37:40 AM com.sun.jersey.server.impl.application.WebApplicationImpl _initiate
INFO: Initiating Jersey application, version 'Jersey: 1.19 02/11/2015 03:25 AM'
Jun 14, 2019 12:37:40 AM com.sun.jersey.server.impl.application.WebApplicationImpl _initiate
INFO: Initiating Jersey application, version 'Jersey: 1.19 02/11/2015 03:25 AM'
Jun 14, 2019 12:37:41 AM com.sun.jersey.server.impl.application.WebApplicationImpl _initiate
INFO: Initiating Jersey application, version 'Jersey: 1.19 02/11/2015 03:25 AM'
]]></system-err>
  </testcase>
</testsuite>