<?xml version="1.0" encoding="UTF-8"?>
<testsuite xmlns:xsi="http://www.w3.org/2001/XMLSchema-instance" xsi:noNamespaceSchemaLocation="https://maven.apache.org/surefire/maven-surefire-plugin/xsd/surefire-test-report.xsd" name="org.apache.hadoop.ozone.freon.TestFreonWithPipelineDestroy" time="21.765" tests="1" errors="1" skipped="0" failures="0">
  <properties>
    <property name="awt.toolkit" value="sun.awt.X11.XToolkit"/>
    <property name="file.encoding.pkg" value="sun.io"/>
    <property name="java.specification.version" value="1.8"/>
    <property name="sun.cpu.isalist" value=""/>
    <property name="sun.jnu.encoding" value="UTF-8"/>
    <property name="java.class.path" value="/opt/src/hadoop-ozone/tools/target/test-classes:/opt/src/hadoop-ozone/tools/target/classes:/opt/src/hadoop-ozone/ozone-manager/target/classes:/opt/src/hadoop-hdds/docs/target/classes:/root/.m2/repository/org/bouncycastle/bcprov-jdk15on/1.60/bcprov-jdk15on-1.60.jar:/opt/src/hadoop-ozone/common/target/classes:/root/.m2/repository/org/apache/commons/commons-compress/1.4.1/commons-compress-1.4.1.jar:/root/.m2/repository/org/tukaani/xz/1.0/xz-1.0.jar:/root/.m2/repository/org/apache/hadoop/hadoop-hdfs-client/3.2.0/hadoop-hdfs-client-3.2.0.jar:/root/.m2/repository/com/fasterxml/jackson/core/jackson-annotations/2.9.5/jackson-annotations-2.9.5.jar:/opt/src/hadoop-hdds/common/target/classes:/opt/src/hadoop-hdds/config/target/classes:/root/.m2/repository/javax/annotation/javax.annotation-api/1.2/javax.annotation-api-1.2.jar:/root/.m2/repository/org/apache/ratis/ratis-server/0.4.0-fe2b15d-SNAPSHOT/ratis-server-0.4.0-fe2b15d-SNAPSHOT.jar:/root/.m2/repository/org/apache/ratis/ratis-thirdparty-misc/0.2.0/ratis-thirdparty-misc-0.2.0.jar:/root/.m2/repository/org/apache/ratis/ratis-proto/0.4.0-fe2b15d-SNAPSHOT/ratis-proto-0.4.0-fe2b15d-SNAPSHOT.jar:/root/.m2/repository/org/apache/ratis/ratis-common/0.4.0-fe2b15d-SNAPSHOT/ratis-common-0.4.0-fe2b15d-SNAPSHOT.jar:/root/.m2/repository/org/apache/ratis/ratis-client/0.4.0-fe2b15d-SNAPSHOT/ratis-client-0.4.0-fe2b15d-SNAPSHOT.jar:/root/.m2/repository/org/apache/ratis/ratis-netty/0.4.0-fe2b15d-SNAPSHOT/ratis-netty-0.4.0-fe2b15d-SNAPSHOT.jar:/root/.m2/repository/org/apache/ratis/ratis-grpc/0.4.0-fe2b15d-SNAPSHOT/ratis-grpc-0.4.0-fe2b15d-SNAPSHOT.jar:/root/.m2/repository/org/rocksdb/rocksdbjni/5.14.2/rocksdbjni-5.14.2.jar:/root/.m2/repository/org/apache/logging/log4j/log4j-api/2.11.0/log4j-api-2.11.0.jar:/root/.m2/repository/org/apache/logging/log4j/log4j-core/2.11.0/log4j-core-2.11.0.jar:/root/.m2/repository/com/lmax/disruptor/3.4.2/disruptor-3.4.2.jar:/root/.m2/repository/org/apache/commons/commons-pool2/2.6.0/commons-pool2-2.6.0.jar:/root/.m2/repository/org/bouncycastle/bcpkix-jdk15on/1.60/bcpkix-jdk15on-1.60.jar:/root/.m2/repository/commons-validator/commons-validator/1.6/commons-validator-1.6.jar:/root/.m2/repository/commons-digester/commons-digester/1.8.1/commons-digester-1.8.1.jar:/root/.m2/repository/io/jaegertracing/jaeger-client/0.33.1/jaeger-client-0.33.1.jar:/root/.m2/repository/io/jaegertracing/jaeger-thrift/0.33.1/jaeger-thrift-0.33.1.jar:/root/.m2/repository/org/apache/thrift/libthrift/0.11.0/libthrift-0.11.0.jar:/root/.m2/repository/com/squareup/okhttp3/okhttp/3.9.0/okhttp-3.9.0.jar:/root/.m2/repository/com/squareup/okio/okio/1.13.0/okio-1.13.0.jar:/root/.m2/repository/io/jaegertracing/jaeger-core/0.33.1/jaeger-core-0.33.1.jar:/root/.m2/repository/io/jaegertracing/jaeger-tracerresolver/0.33.1/jaeger-tracerresolver-0.33.1.jar:/root/.m2/repository/io/opentracing/contrib/opentracing-tracerresolver/0.1.5/opentracing-tracerresolver-0.1.5.jar:/root/.m2/repository/io/opentracing/opentracing-util/0.31.0/opentracing-util-0.31.0.jar:/root/.m2/repository/io/opentracing/opentracing-api/0.31.0/opentracing-api-0.31.0.jar:/root/.m2/repository/io/opentracing/opentracing-noop/0.31.0/opentracing-noop-0.31.0.jar:/root/.m2/repository/org/yaml/snakeyaml/1.16/snakeyaml-1.16.jar:/opt/src/hadoop-hdds/server-scm/target/classes:/root/.m2/repository/org/hamcrest/hamcrest-all/1.3/hamcrest-all-1.3.jar:/opt/src/hadoop-hdds/container-service/target/classes:/opt/src/hadoop-hdds/client/target/classes:/opt/src/hadoop-hdds/tools/target/classes:/root/.m2/repository/org/xerial/sqlite-jdbc/3.25.2/sqlite-jdbc-3.25.2.jar:/opt/src/hadoop-ozone/client/target/classes:/opt/src/hadoop-ozone/ozonefs/target/classes:/opt/src/hadoop-hdds/framework/target/classes:/root/.m2/repository/info/picocli/picocli/3.9.6/picocli-3.9.6.jar:/root/.m2/repository/com/google/protobuf/protobuf-java/2.5.0/protobuf-java-2.5.0.jar:/root/.m2/repository/com/google/guava/guava/11.0.2/guava-11.0.2.jar:/root/.m2/repository/org/apache/hadoop/hadoop-common/3.2.0/hadoop-common-3.2.0.jar:/root/.m2/repository/org/apache/hadoop/hadoop-annotations/3.2.0/hadoop-annotations-3.2.0.jar:/usr/lib/jvm/java-1.8-openjdk/jre/../lib/tools.jar:/root/.m2/repository/commons-cli/commons-cli/1.2/commons-cli-1.2.jar:/root/.m2/repository/org/apache/commons/commons-math3/3.1.1/commons-math3-3.1.1.jar:/root/.m2/repository/org/apache/httpcomponents/httpclient/4.5.2/httpclient-4.5.2.jar:/root/.m2/repository/org/apache/httpcomponents/httpcore/4.4.4/httpcore-4.4.4.jar:/root/.m2/repository/commons-codec/commons-codec/1.11/commons-codec-1.11.jar:/root/.m2/repository/commons-io/commons-io/2.5/commons-io-2.5.jar:/root/.m2/repository/commons-net/commons-net/3.6/commons-net-3.6.jar:/root/.m2/repository/commons-collections/commons-collections/3.2.2/commons-collections-3.2.2.jar:/root/.m2/repository/javax/servlet/javax.servlet-api/3.1.0/javax.servlet-api-3.1.0.jar:/root/.m2/repository/org/eclipse/jetty/jetty-server/9.3.24.v20180605/jetty-server-9.3.24.v20180605.jar:/root/.m2/repository/org/eclipse/jetty/jetty-http/9.3.24.v20180605/jetty-http-9.3.24.v20180605.jar:/root/.m2/repository/org/eclipse/jetty/jetty-io/9.3.24.v20180605/jetty-io-9.3.24.v20180605.jar:/root/.m2/repository/org/eclipse/jetty/jetty-util/9.3.24.v20180605/jetty-util-9.3.24.v20180605.jar:/root/.m2/repository/org/eclipse/jetty/jetty-servlet/9.3.24.v20180605/jetty-servlet-9.3.24.v20180605.jar:/root/.m2/repository/org/eclipse/jetty/jetty-security/9.3.24.v20180605/jetty-security-9.3.24.v20180605.jar:/root/.m2/repository/org/eclipse/jetty/jetty-webapp/9.3.24.v20180605/jetty-webapp-9.3.24.v20180605.jar:/root/.m2/repository/org/eclipse/jetty/jetty-xml/9.3.24.v20180605/jetty-xml-9.3.24.v20180605.jar:/root/.m2/repository/javax/servlet/jsp/jsp-api/2.1/jsp-api-2.1.jar:/root/.m2/repository/com/sun/jersey/jersey-core/1.19/jersey-core-1.19.jar:/root/.m2/repository/javax/ws/rs/jsr311-api/1.1.1/jsr311-api-1.1.1.jar:/root/.m2/repository/com/sun/jersey/jersey-servlet/1.19/jersey-servlet-1.19.jar:/root/.m2/repository/com/sun/jersey/jersey-json/1.19/jersey-json-1.19.jar:/root/.m2/repository/org/codehaus/jettison/jettison/1.1/jettison-1.1.jar:/root/.m2/repository/com/sun/xml/bind/jaxb-impl/2.3.0.1/jaxb-impl-2.3.0.1.jar:/root/.m2/repository/org/codehaus/jackson/jackson-core-asl/1.9.13/jackson-core-asl-1.9.13.jar:/root/.m2/repository/org/codehaus/jackson/jackson-mapper-asl/1.9.13/jackson-mapper-asl-1.9.13.jar:/root/.m2/repository/org/codehaus/jackson/jackson-jaxrs/1.9.13/jackson-jaxrs-1.9.13.jar:/root/.m2/repository/org/codehaus/jackson/jackson-xc/1.9.13/jackson-xc-1.9.13.jar:/root/.m2/repository/com/sun/jersey/jersey-server/1.19/jersey-server-1.19.jar:/root/.m2/repository/commons-logging/commons-logging/1.1.3/commons-logging-1.1.3.jar:/root/.m2/repository/log4j/log4j/1.2.17/log4j-1.2.17.jar:/root/.m2/repository/commons-beanutils/commons-beanutils/1.9.3/commons-beanutils-1.9.3.jar:/root/.m2/repository/org/apache/commons/commons-configuration2/2.1.1/commons-configuration2-2.1.1.jar:/root/.m2/repository/org/apache/commons/commons-lang3/3.7/commons-lang3-3.7.jar:/root/.m2/repository/org/apache/commons/commons-text/1.4/commons-text-1.4.jar:/root/.m2/repository/org/slf4j/slf4j-api/1.7.25/slf4j-api-1.7.25.jar:/root/.m2/repository/org/slf4j/slf4j-log4j12/1.7.25/slf4j-log4j12-1.7.25.jar:/root/.m2/repository/org/apache/avro/avro/1.7.7/avro-1.7.7.jar:/root/.m2/repository/com/thoughtworks/paranamer/paranamer/2.3/paranamer-2.3.jar:/root/.m2/repository/org/xerial/snappy/snappy-java/1.0.5/snappy-java-1.0.5.jar:/root/.m2/repository/com/google/re2j/re2j/1.1/re2j-1.1.jar:/root/.m2/repository/com/google/code/gson/gson/2.2.4/gson-2.2.4.jar:/root/.m2/repository/org/apache/hadoop/hadoop-auth/3.2.0/hadoop-auth-3.2.0.jar:/root/.m2/repository/com/nimbusds/nimbus-jose-jwt/4.41.1/nimbus-jose-jwt-4.41.1.jar:/root/.m2/repository/com/github/stephenc/jcip/jcip-annotations/1.0-1/jcip-annotations-1.0-1.jar:/root/.m2/repository/net/minidev/json-smart/2.3/json-smart-2.3.jar:/root/.m2/repository/net/minidev/accessors-smart/1.2/accessors-smart-1.2.jar:/root/.m2/repository/org/apache/curator/curator-framework/2.12.0/curator-framework-2.12.0.jar:/root/.m2/repository/com/jcraft/jsch/0.1.54/jsch-0.1.54.jar:/root/.m2/repository/org/apache/curator/curator-client/2.12.0/curator-client-2.12.0.jar:/root/.m2/repository/org/apache/curator/curator-recipes/2.12.0/curator-recipes-2.12.0.jar:/root/.m2/repository/com/google/code/findbugs/jsr305/3.0.0/jsr305-3.0.0.jar:/root/.m2/repository/org/apache/htrace/htrace-core4/4.1.0-incubating/htrace-core4-4.1.0-incubating.jar:/root/.m2/repository/org/apache/zookeeper/zookeeper/3.4.13/zookeeper-3.4.13.jar:/root/.m2/repository/org/apache/yetus/audience-annotations/0.5.0/audience-annotations-0.5.0.jar:/root/.m2/repository/org/apache/kerby/kerb-simplekdc/1.0.1/kerb-simplekdc-1.0.1.jar:/root/.m2/repository/org/apache/kerby/kerb-client/1.0.1/kerb-client-1.0.1.jar:/root/.m2/repository/org/apache/kerby/kerby-config/1.0.1/kerby-config-1.0.1.jar:/root/.m2/repository/org/apache/kerby/kerb-core/1.0.1/kerb-core-1.0.1.jar:/root/.m2/repository/org/apache/kerby/kerby-pkix/1.0.1/kerby-pkix-1.0.1.jar:/root/.m2/repository/org/apache/kerby/kerby-asn1/1.0.1/kerby-asn1-1.0.1.jar:/root/.m2/repository/org/apache/kerby/kerby-util/1.0.1/kerby-util-1.0.1.jar:/root/.m2/repository/org/apache/kerby/kerb-common/1.0.1/kerb-common-1.0.1.jar:/root/.m2/repository/org/apache/kerby/kerb-crypto/1.0.1/kerb-crypto-1.0.1.jar:/root/.m2/repository/org/apache/kerby/kerb-util/1.0.1/kerb-util-1.0.1.jar:/root/.m2/repository/org/apache/kerby/token-provider/1.0.1/token-provider-1.0.1.jar:/root/.m2/repository/org/apache/kerby/kerb-admin/1.0.1/kerb-admin-1.0.1.jar:/root/.m2/repository/org/apache/kerby/kerb-server/1.0.1/kerb-server-1.0.1.jar:/root/.m2/repository/org/apache/kerby/kerb-identity/1.0.1/kerb-identity-1.0.1.jar:/root/.m2/repository/org/apache/kerby/kerby-xdr/1.0.1/kerby-xdr-1.0.1.jar:/root/.m2/repository/com/fasterxml/jackson/core/jackson-databind/2.9.5/jackson-databind-2.9.5.jar:/root/.m2/repository/com/fasterxml/jackson/core/jackson-core/2.9.5/jackson-core-2.9.5.jar:/root/.m2/repository/org/codehaus/woodstox/stax2-api/3.1.4/stax2-api-3.1.4.jar:/root/.m2/repository/com/fasterxml/woodstox/woodstox-core/5.0.3/woodstox-core-5.0.3.jar:/root/.m2/repository/dnsjava/dnsjava/2.1.7/dnsjava-2.1.7.jar:/root/.m2/repository/org/apache/hadoop/hadoop-hdfs/3.2.0/hadoop-hdfs-3.2.0.jar:/root/.m2/repository/org/eclipse/jetty/jetty-util-ajax/9.3.24.v20180605/jetty-util-ajax-9.3.24.v20180605.jar:/root/.m2/repository/commons-daemon/commons-daemon/1.0.13/commons-daemon-1.0.13.jar:/root/.m2/repository/io/netty/netty/3.10.5.Final/netty-3.10.5.Final.jar:/root/.m2/repository/io/netty/netty-all/4.0.52.Final/netty-all-4.0.52.Final.jar:/root/.m2/repository/org/fusesource/leveldbjni/leveldbjni-all/1.8/leveldbjni-all-1.8.jar:/root/.m2/repository/com/sun/xml/bind/jaxb-core/2.3.0.1/jaxb-core-2.3.0.1.jar:/root/.m2/repository/javax/xml/bind/jaxb-api/2.3.0/jaxb-api-2.3.0.jar:/root/.m2/repository/javax/activation/activation/1.1.1/activation-1.1.1.jar:/root/.m2/repository/io/dropwizard/metrics/metrics-core/3.2.4/metrics-core-3.2.4.jar:/root/.m2/repository/org/openjdk/jmh/jmh-core/1.19/jmh-core-1.19.jar:/root/.m2/repository/net/sf/jopt-simple/jopt-simple/4.6/jopt-simple-4.6.jar:/root/.m2/repository/org/openjdk/jmh/jmh-generator-annprocess/1.19/jmh-generator-annprocess-1.19.jar:/root/.m2/repository/com/google/code/findbugs/findbugs/3.0.1/findbugs-3.0.1.jar:/root/.m2/repository/net/jcip/jcip-annotations/1.0/jcip-annotations-1.0.jar:/root/.m2/repository/com/google/code/findbugs/bcel-findbugs/6.0/bcel-findbugs-6.0.jar:/root/.m2/repository/com/google/code/findbugs/jFormatString/2.0.1/jFormatString-2.0.1.jar:/root/.m2/repository/dom4j/dom4j/1.6.1/dom4j-1.6.1.jar:/root/.m2/repository/xml-apis/xml-apis/1.0.b2/xml-apis-1.0.b2.jar:/root/.m2/repository/org/ow2/asm/asm-debug-all/5.0.2/asm-debug-all-5.0.2.jar:/root/.m2/repository/org/ow2/asm/asm-commons/5.0.2/asm-commons-5.0.2.jar:/root/.m2/repository/org/ow2/asm/asm-tree/5.0.2/asm-tree-5.0.2.jar:/root/.m2/repository/org/ow2/asm/asm/5.0.4/asm-5.0.4.jar:/root/.m2/repository/commons-lang/commons-lang/2.6/commons-lang-2.6.jar:/root/.m2/repository/com/apple/AppleJavaExtensions/1.4/AppleJavaExtensions-1.4.jar:/root/.m2/repository/jaxen/jaxen/1.1.6/jaxen-1.1.6.jar:/root/.m2/repository/junit/junit/4.11/junit-4.11.jar:/root/.m2/repository/org/hamcrest/hamcrest-core/1.3/hamcrest-core-1.3.jar:/root/.m2/repository/org/apache/hadoop/hadoop-common/3.2.0/hadoop-common-3.2.0-tests.jar:/root/.m2/repository/org/apache/hadoop/hadoop-ozone-integration-test/0.5.0-SNAPSHOT/hadoop-ozone-integration-test-0.5.0-SNAPSHOT-tests.jar:/opt/src/hadoop-ozone/objectstore-service/target/classes:/opt/src/hadoop-ozone/s3gateway/target/classes:/root/.m2/repository/org/jboss/weld/servlet/weld-servlet/2.4.7.Final/weld-servlet-2.4.7.Final.jar:/root/.m2/repository/org/glassfish/jersey/containers/jersey-container-servlet-core/2.27/jersey-container-servlet-core-2.27.jar:/root/.m2/repository/org/glassfish/hk2/external/javax.inject/2.5.0-b42/javax.inject-2.5.0-b42.jar:/root/.m2/repository/org/glassfish/jersey/core/jersey-common/2.27/jersey-common-2.27.jar:/root/.m2/repository/org/glassfish/hk2/osgi-resource-locator/1.0.1/osgi-resource-locator-1.0.1.jar:/root/.m2/repository/javax/ws/rs/javax.ws.rs-api/2.1/javax.ws.rs-api-2.1.jar:/root/.m2/repository/org/glassfish/jersey/ext/cdi/jersey-cdi1x/2.27/jersey-cdi1x-2.27.jar:/root/.m2/repository/org/glassfish/jersey/inject/jersey-hk2/2.27/jersey-hk2-2.27.jar:/root/.m2/repository/org/glassfish/hk2/hk2-locator/2.5.0-b42/hk2-locator-2.5.0-b42.jar:/root/.m2/repository/org/javassist/javassist/3.22.0-CR2/javassist-3.22.0-CR2.jar:/root/.m2/repository/org/glassfish/hk2/hk2-api/2.5.0/hk2-api-2.5.0.jar:/root/.m2/repository/org/glassfish/hk2/external/jakarta.inject/2.5.0/jakarta.inject-2.5.0.jar:/root/.m2/repository/org/glassfish/hk2/hk2-utils/2.5.0/hk2-utils-2.5.0.jar:/root/.m2/repository/jakarta/annotation/jakarta.annotation-api/1.3.4/jakarta.annotation-api-1.3.4.jar:/root/.m2/repository/org/glassfish/hk2/external/aopalliance-repackaged/2.5.0/aopalliance-repackaged-2.5.0.jar:/root/.m2/repository/com/fasterxml/jackson/dataformat/jackson-dataformat-xml/2.9.0/jackson-dataformat-xml-2.9.0.jar:/root/.m2/repository/com/fasterxml/jackson/module/jackson-module-jaxb-annotations/2.9.5/jackson-module-jaxb-annotations-2.9.5.jar:/root/.m2/repository/javax/enterprise/cdi-api/1.2/cdi-api-1.2.jar:/root/.m2/repository/javax/el/javax.el-api/3.0.0/javax.el-api-3.0.0.jar:/root/.m2/repository/javax/interceptor/javax.interceptor-api/1.2/javax.interceptor-api-1.2.jar:/root/.m2/repository/javax/inject/javax.inject/1/javax.inject-1.jar:/opt/src/hadoop-ozone/csi/target/classes:/root/.m2/repository/com/google/protobuf/protobuf-java-util/3.5.1/protobuf-java-util-3.5.1.jar:/root/.m2/repository/io/grpc/grpc-netty/1.17.1/grpc-netty-1.17.1.jar:/root/.m2/repository/io/grpc/grpc-core/1.17.1/grpc-core-1.17.1.jar:/root/.m2/repository/io/grpc/grpc-context/1.17.1/grpc-context-1.17.1.jar:/root/.m2/repository/com/google/errorprone/error_prone_annotations/2.2.0/error_prone_annotations-2.2.0.jar:/root/.m2/repository/org/codehaus/mojo/animal-sniffer-annotations/1.17/animal-sniffer-annotations-1.17.jar:/root/.m2/repository/io/opencensus/opencensus-api/0.17.0/opencensus-api-0.17.0.jar:/root/.m2/repository/io/opencensus/opencensus-contrib-grpc-metrics/0.17.0/opencensus-contrib-grpc-metrics-0.17.0.jar:/root/.m2/repository/io/netty/netty-codec-http2/4.1.30.Final/netty-codec-http2-4.1.30.Final.jar:/root/.m2/repository/io/netty/netty-codec-http/4.1.30.Final/netty-codec-http-4.1.30.Final.jar:/root/.m2/repository/io/netty/netty-codec/4.1.30.Final/netty-codec-4.1.30.Final.jar:/root/.m2/repository/io/netty/netty-handler/4.1.30.Final/netty-handler-4.1.30.Final.jar:/root/.m2/repository/io/netty/netty-handler-proxy/4.1.30.Final/netty-handler-proxy-4.1.30.Final.jar:/root/.m2/repository/io/netty/netty-codec-socks/4.1.30.Final/netty-codec-socks-4.1.30.Final.jar:/root/.m2/repository/io/netty/netty-transport-native-epoll/4.1.30.Final/netty-transport-native-epoll-4.1.30.Final.jar:/root/.m2/repository/io/netty/netty-common/4.1.30.Final/netty-common-4.1.30.Final.jar:/root/.m2/repository/io/netty/netty-buffer/4.1.30.Final/netty-buffer-4.1.30.Final.jar:/root/.m2/repository/io/netty/netty-transport/4.1.30.Final/netty-transport-4.1.30.Final.jar:/root/.m2/repository/io/netty/netty-resolver/4.1.30.Final/netty-resolver-4.1.30.Final.jar:/root/.m2/repository/io/netty/netty-transport-native-unix-common/4.1.30.Final/netty-transport-native-unix-common-4.1.30.Final.jar:/root/.m2/repository/io/grpc/grpc-protobuf/1.17.1/grpc-protobuf-1.17.1.jar:/root/.m2/repository/com/google/api/grpc/proto-google-common-protos/1.0.0/proto-google-common-protos-1.0.0.jar:/root/.m2/repository/io/grpc/grpc-protobuf-lite/1.17.1/grpc-protobuf-lite-1.17.1.jar:/root/.m2/repository/io/grpc/grpc-stub/1.17.1/grpc-stub-1.17.1.jar:/opt/src/hadoop-ozone/ozone-recon/target/classes:/opt/src/hadoop-ozone/ozone-recon-codegen/target/classes:/root/.m2/repository/com/google/inject/extensions/guice-multibindings/4.0/guice-multibindings-4.0.jar:/root/.m2/repository/com/google/inject/guice/4.0/guice-4.0.jar:/root/.m2/repository/aopalliance/aopalliance/1.0/aopalliance-1.0.jar:/root/.m2/repository/com/google/inject/extensions/guice-servlet/4.0/guice-servlet-4.0.jar:/root/.m2/repository/org/glassfish/jersey/containers/jersey-container-servlet/2.27/jersey-container-servlet-2.27.jar:/root/.m2/repository/org/glassfish/hk2/guice-bridge/2.5.0/guice-bridge-2.5.0.jar:/root/.m2/repository/org/glassfish/jersey/core/jersey-server/2.27/jersey-server-2.27.jar:/root/.m2/repository/org/glassfish/jersey/core/jersey-client/2.27/jersey-client-2.27.jar:/root/.m2/repository/org/glassfish/jersey/media/jersey-media-jaxb/2.27/jersey-media-jaxb-2.27.jar:/root/.m2/repository/javax/validation/validation-api/1.1.0.Final/validation-api-1.1.0.Final.jar:/root/.m2/repository/org/glassfish/jersey/media/jersey-media-json-jackson/2.27/jersey-media-json-jackson-2.27.jar:/root/.m2/repository/org/glassfish/jersey/ext/jersey-entity-filtering/2.27/jersey-entity-filtering-2.27.jar:/root/.m2/repository/com/google/inject/extensions/guice-assistedinject/4.0/guice-assistedinject-4.0.jar:/root/.m2/repository/org/jooq/jooq/3.11.10/jooq-3.11.10.jar:/root/.m2/repository/org/jooq/jooq-meta/3.11.10/jooq-meta-3.11.10.jar:/root/.m2/repository/org/jooq/jooq-codegen/3.11.10/jooq-codegen-3.11.10.jar:/root/.m2/repository/com/jolbox/bonecp/0.8.0.RELEASE/bonecp-0.8.0.RELEASE.jar:/root/.m2/repository/org/springframework/spring-jdbc/5.1.3.RELEASE/spring-jdbc-5.1.3.RELEASE.jar:/root/.m2/repository/org/springframework/spring-beans/5.1.3.RELEASE/spring-beans-5.1.3.RELEASE.jar:/root/.m2/repository/org/springframework/spring-core/5.1.3.RELEASE/spring-core-5.1.3.RELEASE.jar:/root/.m2/repository/org/springframework/spring-jcl/5.1.3.RELEASE/spring-jcl-5.1.3.RELEASE.jar:/root/.m2/repository/org/springframework/spring-tx/5.1.3.RELEASE/spring-tx-5.1.3.RELEASE.jar:/root/.m2/repository/org/mockito/mockito-core/2.15.0/mockito-core-2.15.0.jar:/root/.m2/repository/net/bytebuddy/byte-buddy/1.7.9/byte-buddy-1.7.9.jar:/root/.m2/repository/net/bytebuddy/byte-buddy-agent/1.7.9/byte-buddy-agent-1.7.9.jar:/root/.m2/repository/org/objenesis/objenesis/1.0/objenesis-1.0.jar:"/>
    <property name="java.vm.vendor" value="IcedTea"/>
    <property name="sun.arch.data.model" value="64"/>
    <property name="test.build.dir" value="/opt/src/hadoop-ozone/tools/target/test-dir"/>
    <property name="test.cache.data" value=""/>
    <property name="java.vendor.url" value="https://icedtea.classpath.org"/>
    <property name="user.timezone" value=""/>
    <property name="java.vm.specification.version" value="1.8"/>
    <property name="os.name" value="Linux"/>
    <property name="test.build.data" value="/opt/src/hadoop-ozone/tools/target/test-dir"/>
    <property name="user.country" value="US"/>
    <property name="sun.java.launcher" value="SUN_STANDARD"/>
    <property name="sun.boot.library.path" value="/usr/lib/jvm/java-1.8-openjdk/jre/lib/amd64"/>
    <property name="sun.java.command" value="/opt/src/hadoop-ozone/tools/target/surefire/surefirebooter213849147993484307.jar /opt/src/hadoop-ozone/tools/target/surefire 2019-06-14T07-26-37_582-jvmRun1 surefire1888276169004825795tmp surefire_906834707636367204827tmp"/>
    <property name="surefire.test.class.path" value="/opt/src/hadoop-ozone/tools/target/test-classes:/opt/src/hadoop-ozone/tools/target/classes:/opt/src/hadoop-ozone/ozone-manager/target/classes:/opt/src/hadoop-hdds/docs/target/classes:/root/.m2/repository/org/bouncycastle/bcprov-jdk15on/1.60/bcprov-jdk15on-1.60.jar:/opt/src/hadoop-ozone/common/target/classes:/root/.m2/repository/org/apache/commons/commons-compress/1.4.1/commons-compress-1.4.1.jar:/root/.m2/repository/org/tukaani/xz/1.0/xz-1.0.jar:/root/.m2/repository/org/apache/hadoop/hadoop-hdfs-client/3.2.0/hadoop-hdfs-client-3.2.0.jar:/root/.m2/repository/com/fasterxml/jackson/core/jackson-annotations/2.9.5/jackson-annotations-2.9.5.jar:/opt/src/hadoop-hdds/common/target/classes:/opt/src/hadoop-hdds/config/target/classes:/root/.m2/repository/javax/annotation/javax.annotation-api/1.2/javax.annotation-api-1.2.jar:/root/.m2/repository/org/apache/ratis/ratis-server/0.4.0-fe2b15d-SNAPSHOT/ratis-server-0.4.0-fe2b15d-SNAPSHOT.jar:/root/.m2/repository/org/apache/ratis/ratis-thirdparty-misc/0.2.0/ratis-thirdparty-misc-0.2.0.jar:/root/.m2/repository/org/apache/ratis/ratis-proto/0.4.0-fe2b15d-SNAPSHOT/ratis-proto-0.4.0-fe2b15d-SNAPSHOT.jar:/root/.m2/repository/org/apache/ratis/ratis-common/0.4.0-fe2b15d-SNAPSHOT/ratis-common-0.4.0-fe2b15d-SNAPSHOT.jar:/root/.m2/repository/org/apache/ratis/ratis-client/0.4.0-fe2b15d-SNAPSHOT/ratis-client-0.4.0-fe2b15d-SNAPSHOT.jar:/root/.m2/repository/org/apache/ratis/ratis-netty/0.4.0-fe2b15d-SNAPSHOT/ratis-netty-0.4.0-fe2b15d-SNAPSHOT.jar:/root/.m2/repository/org/apache/ratis/ratis-grpc/0.4.0-fe2b15d-SNAPSHOT/ratis-grpc-0.4.0-fe2b15d-SNAPSHOT.jar:/root/.m2/repository/org/rocksdb/rocksdbjni/5.14.2/rocksdbjni-5.14.2.jar:/root/.m2/repository/org/apache/logging/log4j/log4j-api/2.11.0/log4j-api-2.11.0.jar:/root/.m2/repository/org/apache/logging/log4j/log4j-core/2.11.0/log4j-core-2.11.0.jar:/root/.m2/repository/com/lmax/disruptor/3.4.2/disruptor-3.4.2.jar:/root/.m2/repository/org/apache/commons/commons-pool2/2.6.0/commons-pool2-2.6.0.jar:/root/.m2/repository/org/bouncycastle/bcpkix-jdk15on/1.60/bcpkix-jdk15on-1.60.jar:/root/.m2/repository/commons-validator/commons-validator/1.6/commons-validator-1.6.jar:/root/.m2/repository/commons-digester/commons-digester/1.8.1/commons-digester-1.8.1.jar:/root/.m2/repository/io/jaegertracing/jaeger-client/0.33.1/jaeger-client-0.33.1.jar:/root/.m2/repository/io/jaegertracing/jaeger-thrift/0.33.1/jaeger-thrift-0.33.1.jar:/root/.m2/repository/org/apache/thrift/libthrift/0.11.0/libthrift-0.11.0.jar:/root/.m2/repository/com/squareup/okhttp3/okhttp/3.9.0/okhttp-3.9.0.jar:/root/.m2/repository/com/squareup/okio/okio/1.13.0/okio-1.13.0.jar:/root/.m2/repository/io/jaegertracing/jaeger-core/0.33.1/jaeger-core-0.33.1.jar:/root/.m2/repository/io/jaegertracing/jaeger-tracerresolver/0.33.1/jaeger-tracerresolver-0.33.1.jar:/root/.m2/repository/io/opentracing/contrib/opentracing-tracerresolver/0.1.5/opentracing-tracerresolver-0.1.5.jar:/root/.m2/repository/io/opentracing/opentracing-util/0.31.0/opentracing-util-0.31.0.jar:/root/.m2/repository/io/opentracing/opentracing-api/0.31.0/opentracing-api-0.31.0.jar:/root/.m2/repository/io/opentracing/opentracing-noop/0.31.0/opentracing-noop-0.31.0.jar:/root/.m2/repository/org/yaml/snakeyaml/1.16/snakeyaml-1.16.jar:/opt/src/hadoop-hdds/server-scm/target/classes:/root/.m2/repository/org/hamcrest/hamcrest-all/1.3/hamcrest-all-1.3.jar:/opt/src/hadoop-hdds/container-service/target/classes:/opt/src/hadoop-hdds/client/target/classes:/opt/src/hadoop-hdds/tools/target/classes:/root/.m2/repository/org/xerial/sqlite-jdbc/3.25.2/sqlite-jdbc-3.25.2.jar:/opt/src/hadoop-ozone/client/target/classes:/opt/src/hadoop-ozone/ozonefs/target/classes:/opt/src/hadoop-hdds/framework/target/classes:/root/.m2/repository/info/picocli/picocli/3.9.6/picocli-3.9.6.jar:/root/.m2/repository/com/google/protobuf/protobuf-java/2.5.0/protobuf-java-2.5.0.jar:/root/.m2/repository/com/google/guava/guava/11.0.2/guava-11.0.2.jar:/root/.m2/repository/org/apache/hadoop/hadoop-common/3.2.0/hadoop-common-3.2.0.jar:/root/.m2/repository/org/apache/hadoop/hadoop-annotations/3.2.0/hadoop-annotations-3.2.0.jar:/usr/lib/jvm/java-1.8-openjdk/jre/../lib/tools.jar:/root/.m2/repository/commons-cli/commons-cli/1.2/commons-cli-1.2.jar:/root/.m2/repository/org/apache/commons/commons-math3/3.1.1/commons-math3-3.1.1.jar:/root/.m2/repository/org/apache/httpcomponents/httpclient/4.5.2/httpclient-4.5.2.jar:/root/.m2/repository/org/apache/httpcomponents/httpcore/4.4.4/httpcore-4.4.4.jar:/root/.m2/repository/commons-codec/commons-codec/1.11/commons-codec-1.11.jar:/root/.m2/repository/commons-io/commons-io/2.5/commons-io-2.5.jar:/root/.m2/repository/commons-net/commons-net/3.6/commons-net-3.6.jar:/root/.m2/repository/commons-collections/commons-collections/3.2.2/commons-collections-3.2.2.jar:/root/.m2/repository/javax/servlet/javax.servlet-api/3.1.0/javax.servlet-api-3.1.0.jar:/root/.m2/repository/org/eclipse/jetty/jetty-server/9.3.24.v20180605/jetty-server-9.3.24.v20180605.jar:/root/.m2/repository/org/eclipse/jetty/jetty-http/9.3.24.v20180605/jetty-http-9.3.24.v20180605.jar:/root/.m2/repository/org/eclipse/jetty/jetty-io/9.3.24.v20180605/jetty-io-9.3.24.v20180605.jar:/root/.m2/repository/org/eclipse/jetty/jetty-util/9.3.24.v20180605/jetty-util-9.3.24.v20180605.jar:/root/.m2/repository/org/eclipse/jetty/jetty-servlet/9.3.24.v20180605/jetty-servlet-9.3.24.v20180605.jar:/root/.m2/repository/org/eclipse/jetty/jetty-security/9.3.24.v20180605/jetty-security-9.3.24.v20180605.jar:/root/.m2/repository/org/eclipse/jetty/jetty-webapp/9.3.24.v20180605/jetty-webapp-9.3.24.v20180605.jar:/root/.m2/repository/org/eclipse/jetty/jetty-xml/9.3.24.v20180605/jetty-xml-9.3.24.v20180605.jar:/root/.m2/repository/javax/servlet/jsp/jsp-api/2.1/jsp-api-2.1.jar:/root/.m2/repository/com/sun/jersey/jersey-core/1.19/jersey-core-1.19.jar:/root/.m2/repository/javax/ws/rs/jsr311-api/1.1.1/jsr311-api-1.1.1.jar:/root/.m2/repository/com/sun/jersey/jersey-servlet/1.19/jersey-servlet-1.19.jar:/root/.m2/repository/com/sun/jersey/jersey-json/1.19/jersey-json-1.19.jar:/root/.m2/repository/org/codehaus/jettison/jettison/1.1/jettison-1.1.jar:/root/.m2/repository/com/sun/xml/bind/jaxb-impl/2.3.0.1/jaxb-impl-2.3.0.1.jar:/root/.m2/repository/org/codehaus/jackson/jackson-core-asl/1.9.13/jackson-core-asl-1.9.13.jar:/root/.m2/repository/org/codehaus/jackson/jackson-mapper-asl/1.9.13/jackson-mapper-asl-1.9.13.jar:/root/.m2/repository/org/codehaus/jackson/jackson-jaxrs/1.9.13/jackson-jaxrs-1.9.13.jar:/root/.m2/repository/org/codehaus/jackson/jackson-xc/1.9.13/jackson-xc-1.9.13.jar:/root/.m2/repository/com/sun/jersey/jersey-server/1.19/jersey-server-1.19.jar:/root/.m2/repository/commons-logging/commons-logging/1.1.3/commons-logging-1.1.3.jar:/root/.m2/repository/log4j/log4j/1.2.17/log4j-1.2.17.jar:/root/.m2/repository/commons-beanutils/commons-beanutils/1.9.3/commons-beanutils-1.9.3.jar:/root/.m2/repository/org/apache/commons/commons-configuration2/2.1.1/commons-configuration2-2.1.1.jar:/root/.m2/repository/org/apache/commons/commons-lang3/3.7/commons-lang3-3.7.jar:/root/.m2/repository/org/apache/commons/commons-text/1.4/commons-text-1.4.jar:/root/.m2/repository/org/slf4j/slf4j-api/1.7.25/slf4j-api-1.7.25.jar:/root/.m2/repository/org/slf4j/slf4j-log4j12/1.7.25/slf4j-log4j12-1.7.25.jar:/root/.m2/repository/org/apache/avro/avro/1.7.7/avro-1.7.7.jar:/root/.m2/repository/com/thoughtworks/paranamer/paranamer/2.3/paranamer-2.3.jar:/root/.m2/repository/org/xerial/snappy/snappy-java/1.0.5/snappy-java-1.0.5.jar:/root/.m2/repository/com/google/re2j/re2j/1.1/re2j-1.1.jar:/root/.m2/repository/com/google/code/gson/gson/2.2.4/gson-2.2.4.jar:/root/.m2/repository/org/apache/hadoop/hadoop-auth/3.2.0/hadoop-auth-3.2.0.jar:/root/.m2/repository/com/nimbusds/nimbus-jose-jwt/4.41.1/nimbus-jose-jwt-4.41.1.jar:/root/.m2/repository/com/github/stephenc/jcip/jcip-annotations/1.0-1/jcip-annotations-1.0-1.jar:/root/.m2/repository/net/minidev/json-smart/2.3/json-smart-2.3.jar:/root/.m2/repository/net/minidev/accessors-smart/1.2/accessors-smart-1.2.jar:/root/.m2/repository/org/apache/curator/curator-framework/2.12.0/curator-framework-2.12.0.jar:/root/.m2/repository/com/jcraft/jsch/0.1.54/jsch-0.1.54.jar:/root/.m2/repository/org/apache/curator/curator-client/2.12.0/curator-client-2.12.0.jar:/root/.m2/repository/org/apache/curator/curator-recipes/2.12.0/curator-recipes-2.12.0.jar:/root/.m2/repository/com/google/code/findbugs/jsr305/3.0.0/jsr305-3.0.0.jar:/root/.m2/repository/org/apache/htrace/htrace-core4/4.1.0-incubating/htrace-core4-4.1.0-incubating.jar:/root/.m2/repository/org/apache/zookeeper/zookeeper/3.4.13/zookeeper-3.4.13.jar:/root/.m2/repository/org/apache/yetus/audience-annotations/0.5.0/audience-annotations-0.5.0.jar:/root/.m2/repository/org/apache/kerby/kerb-simplekdc/1.0.1/kerb-simplekdc-1.0.1.jar:/root/.m2/repository/org/apache/kerby/kerb-client/1.0.1/kerb-client-1.0.1.jar:/root/.m2/repository/org/apache/kerby/kerby-config/1.0.1/kerby-config-1.0.1.jar:/root/.m2/repository/org/apache/kerby/kerb-core/1.0.1/kerb-core-1.0.1.jar:/root/.m2/repository/org/apache/kerby/kerby-pkix/1.0.1/kerby-pkix-1.0.1.jar:/root/.m2/repository/org/apache/kerby/kerby-asn1/1.0.1/kerby-asn1-1.0.1.jar:/root/.m2/repository/org/apache/kerby/kerby-util/1.0.1/kerby-util-1.0.1.jar:/root/.m2/repository/org/apache/kerby/kerb-common/1.0.1/kerb-common-1.0.1.jar:/root/.m2/repository/org/apache/kerby/kerb-crypto/1.0.1/kerb-crypto-1.0.1.jar:/root/.m2/repository/org/apache/kerby/kerb-util/1.0.1/kerb-util-1.0.1.jar:/root/.m2/repository/org/apache/kerby/token-provider/1.0.1/token-provider-1.0.1.jar:/root/.m2/repository/org/apache/kerby/kerb-admin/1.0.1/kerb-admin-1.0.1.jar:/root/.m2/repository/org/apache/kerby/kerb-server/1.0.1/kerb-server-1.0.1.jar:/root/.m2/repository/org/apache/kerby/kerb-identity/1.0.1/kerb-identity-1.0.1.jar:/root/.m2/repository/org/apache/kerby/kerby-xdr/1.0.1/kerby-xdr-1.0.1.jar:/root/.m2/repository/com/fasterxml/jackson/core/jackson-databind/2.9.5/jackson-databind-2.9.5.jar:/root/.m2/repository/com/fasterxml/jackson/core/jackson-core/2.9.5/jackson-core-2.9.5.jar:/root/.m2/repository/org/codehaus/woodstox/stax2-api/3.1.4/stax2-api-3.1.4.jar:/root/.m2/repository/com/fasterxml/woodstox/woodstox-core/5.0.3/woodstox-core-5.0.3.jar:/root/.m2/repository/dnsjava/dnsjava/2.1.7/dnsjava-2.1.7.jar:/root/.m2/repository/org/apache/hadoop/hadoop-hdfs/3.2.0/hadoop-hdfs-3.2.0.jar:/root/.m2/repository/org/eclipse/jetty/jetty-util-ajax/9.3.24.v20180605/jetty-util-ajax-9.3.24.v20180605.jar:/root/.m2/repository/commons-daemon/commons-daemon/1.0.13/commons-daemon-1.0.13.jar:/root/.m2/repository/io/netty/netty/3.10.5.Final/netty-3.10.5.Final.jar:/root/.m2/repository/io/netty/netty-all/4.0.52.Final/netty-all-4.0.52.Final.jar:/root/.m2/repository/org/fusesource/leveldbjni/leveldbjni-all/1.8/leveldbjni-all-1.8.jar:/root/.m2/repository/com/sun/xml/bind/jaxb-core/2.3.0.1/jaxb-core-2.3.0.1.jar:/root/.m2/repository/javax/xml/bind/jaxb-api/2.3.0/jaxb-api-2.3.0.jar:/root/.m2/repository/javax/activation/activation/1.1.1/activation-1.1.1.jar:/root/.m2/repository/io/dropwizard/metrics/metrics-core/3.2.4/metrics-core-3.2.4.jar:/root/.m2/repository/org/openjdk/jmh/jmh-core/1.19/jmh-core-1.19.jar:/root/.m2/repository/net/sf/jopt-simple/jopt-simple/4.6/jopt-simple-4.6.jar:/root/.m2/repository/org/openjdk/jmh/jmh-generator-annprocess/1.19/jmh-generator-annprocess-1.19.jar:/root/.m2/repository/com/google/code/findbugs/findbugs/3.0.1/findbugs-3.0.1.jar:/root/.m2/repository/net/jcip/jcip-annotations/1.0/jcip-annotations-1.0.jar:/root/.m2/repository/com/google/code/findbugs/bcel-findbugs/6.0/bcel-findbugs-6.0.jar:/root/.m2/repository/com/google/code/findbugs/jFormatString/2.0.1/jFormatString-2.0.1.jar:/root/.m2/repository/dom4j/dom4j/1.6.1/dom4j-1.6.1.jar:/root/.m2/repository/xml-apis/xml-apis/1.0.b2/xml-apis-1.0.b2.jar:/root/.m2/repository/org/ow2/asm/asm-debug-all/5.0.2/asm-debug-all-5.0.2.jar:/root/.m2/repository/org/ow2/asm/asm-commons/5.0.2/asm-commons-5.0.2.jar:/root/.m2/repository/org/ow2/asm/asm-tree/5.0.2/asm-tree-5.0.2.jar:/root/.m2/repository/org/ow2/asm/asm/5.0.4/asm-5.0.4.jar:/root/.m2/repository/commons-lang/commons-lang/2.6/commons-lang-2.6.jar:/root/.m2/repository/com/apple/AppleJavaExtensions/1.4/AppleJavaExtensions-1.4.jar:/root/.m2/repository/jaxen/jaxen/1.1.6/jaxen-1.1.6.jar:/root/.m2/repository/junit/junit/4.11/junit-4.11.jar:/root/.m2/repository/org/hamcrest/hamcrest-core/1.3/hamcrest-core-1.3.jar:/root/.m2/repository/org/apache/hadoop/hadoop-common/3.2.0/hadoop-common-3.2.0-tests.jar:/root/.m2/repository/org/apache/hadoop/hadoop-ozone-integration-test/0.5.0-SNAPSHOT/hadoop-ozone-integration-test-0.5.0-SNAPSHOT-tests.jar:/opt/src/hadoop-ozone/objectstore-service/target/classes:/opt/src/hadoop-ozone/s3gateway/target/classes:/root/.m2/repository/org/jboss/weld/servlet/weld-servlet/2.4.7.Final/weld-servlet-2.4.7.Final.jar:/root/.m2/repository/org/glassfish/jersey/containers/jersey-container-servlet-core/2.27/jersey-container-servlet-core-2.27.jar:/root/.m2/repository/org/glassfish/hk2/external/javax.inject/2.5.0-b42/javax.inject-2.5.0-b42.jar:/root/.m2/repository/org/glassfish/jersey/core/jersey-common/2.27/jersey-common-2.27.jar:/root/.m2/repository/org/glassfish/hk2/osgi-resource-locator/1.0.1/osgi-resource-locator-1.0.1.jar:/root/.m2/repository/javax/ws/rs/javax.ws.rs-api/2.1/javax.ws.rs-api-2.1.jar:/root/.m2/repository/org/glassfish/jersey/ext/cdi/jersey-cdi1x/2.27/jersey-cdi1x-2.27.jar:/root/.m2/repository/org/glassfish/jersey/inject/jersey-hk2/2.27/jersey-hk2-2.27.jar:/root/.m2/repository/org/glassfish/hk2/hk2-locator/2.5.0-b42/hk2-locator-2.5.0-b42.jar:/root/.m2/repository/org/javassist/javassist/3.22.0-CR2/javassist-3.22.0-CR2.jar:/root/.m2/repository/org/glassfish/hk2/hk2-api/2.5.0/hk2-api-2.5.0.jar:/root/.m2/repository/org/glassfish/hk2/external/jakarta.inject/2.5.0/jakarta.inject-2.5.0.jar:/root/.m2/repository/org/glassfish/hk2/hk2-utils/2.5.0/hk2-utils-2.5.0.jar:/root/.m2/repository/jakarta/annotation/jakarta.annotation-api/1.3.4/jakarta.annotation-api-1.3.4.jar:/root/.m2/repository/org/glassfish/hk2/external/aopalliance-repackaged/2.5.0/aopalliance-repackaged-2.5.0.jar:/root/.m2/repository/com/fasterxml/jackson/dataformat/jackson-dataformat-xml/2.9.0/jackson-dataformat-xml-2.9.0.jar:/root/.m2/repository/com/fasterxml/jackson/module/jackson-module-jaxb-annotations/2.9.5/jackson-module-jaxb-annotations-2.9.5.jar:/root/.m2/repository/javax/enterprise/cdi-api/1.2/cdi-api-1.2.jar:/root/.m2/repository/javax/el/javax.el-api/3.0.0/javax.el-api-3.0.0.jar:/root/.m2/repository/javax/interceptor/javax.interceptor-api/1.2/javax.interceptor-api-1.2.jar:/root/.m2/repository/javax/inject/javax.inject/1/javax.inject-1.jar:/opt/src/hadoop-ozone/csi/target/classes:/root/.m2/repository/com/google/protobuf/protobuf-java-util/3.5.1/protobuf-java-util-3.5.1.jar:/root/.m2/repository/io/grpc/grpc-netty/1.17.1/grpc-netty-1.17.1.jar:/root/.m2/repository/io/grpc/grpc-core/1.17.1/grpc-core-1.17.1.jar:/root/.m2/repository/io/grpc/grpc-context/1.17.1/grpc-context-1.17.1.jar:/root/.m2/repository/com/google/errorprone/error_prone_annotations/2.2.0/error_prone_annotations-2.2.0.jar:/root/.m2/repository/org/codehaus/mojo/animal-sniffer-annotations/1.17/animal-sniffer-annotations-1.17.jar:/root/.m2/repository/io/opencensus/opencensus-api/0.17.0/opencensus-api-0.17.0.jar:/root/.m2/repository/io/opencensus/opencensus-contrib-grpc-metrics/0.17.0/opencensus-contrib-grpc-metrics-0.17.0.jar:/root/.m2/repository/io/netty/netty-codec-http2/4.1.30.Final/netty-codec-http2-4.1.30.Final.jar:/root/.m2/repository/io/netty/netty-codec-http/4.1.30.Final/netty-codec-http-4.1.30.Final.jar:/root/.m2/repository/io/netty/netty-codec/4.1.30.Final/netty-codec-4.1.30.Final.jar:/root/.m2/repository/io/netty/netty-handler/4.1.30.Final/netty-handler-4.1.30.Final.jar:/root/.m2/repository/io/netty/netty-handler-proxy/4.1.30.Final/netty-handler-proxy-4.1.30.Final.jar:/root/.m2/repository/io/netty/netty-codec-socks/4.1.30.Final/netty-codec-socks-4.1.30.Final.jar:/root/.m2/repository/io/netty/netty-transport-native-epoll/4.1.30.Final/netty-transport-native-epoll-4.1.30.Final.jar:/root/.m2/repository/io/netty/netty-common/4.1.30.Final/netty-common-4.1.30.Final.jar:/root/.m2/repository/io/netty/netty-buffer/4.1.30.Final/netty-buffer-4.1.30.Final.jar:/root/.m2/repository/io/netty/netty-transport/4.1.30.Final/netty-transport-4.1.30.Final.jar:/root/.m2/repository/io/netty/netty-resolver/4.1.30.Final/netty-resolver-4.1.30.Final.jar:/root/.m2/repository/io/netty/netty-transport-native-unix-common/4.1.30.Final/netty-transport-native-unix-common-4.1.30.Final.jar:/root/.m2/repository/io/grpc/grpc-protobuf/1.17.1/grpc-protobuf-1.17.1.jar:/root/.m2/repository/com/google/api/grpc/proto-google-common-protos/1.0.0/proto-google-common-protos-1.0.0.jar:/root/.m2/repository/io/grpc/grpc-protobuf-lite/1.17.1/grpc-protobuf-lite-1.17.1.jar:/root/.m2/repository/io/grpc/grpc-stub/1.17.1/grpc-stub-1.17.1.jar:/opt/src/hadoop-ozone/ozone-recon/target/classes:/opt/src/hadoop-ozone/ozone-recon-codegen/target/classes:/root/.m2/repository/com/google/inject/extensions/guice-multibindings/4.0/guice-multibindings-4.0.jar:/root/.m2/repository/com/google/inject/guice/4.0/guice-4.0.jar:/root/.m2/repository/aopalliance/aopalliance/1.0/aopalliance-1.0.jar:/root/.m2/repository/com/google/inject/extensions/guice-servlet/4.0/guice-servlet-4.0.jar:/root/.m2/repository/org/glassfish/jersey/containers/jersey-container-servlet/2.27/jersey-container-servlet-2.27.jar:/root/.m2/repository/org/glassfish/hk2/guice-bridge/2.5.0/guice-bridge-2.5.0.jar:/root/.m2/repository/org/glassfish/jersey/core/jersey-server/2.27/jersey-server-2.27.jar:/root/.m2/repository/org/glassfish/jersey/core/jersey-client/2.27/jersey-client-2.27.jar:/root/.m2/repository/org/glassfish/jersey/media/jersey-media-jaxb/2.27/jersey-media-jaxb-2.27.jar:/root/.m2/repository/javax/validation/validation-api/1.1.0.Final/validation-api-1.1.0.Final.jar:/root/.m2/repository/org/glassfish/jersey/media/jersey-media-json-jackson/2.27/jersey-media-json-jackson-2.27.jar:/root/.m2/repository/org/glassfish/jersey/ext/jersey-entity-filtering/2.27/jersey-entity-filtering-2.27.jar:/root/.m2/repository/com/google/inject/extensions/guice-assistedinject/4.0/guice-assistedinject-4.0.jar:/root/.m2/repository/org/jooq/jooq/3.11.10/jooq-3.11.10.jar:/root/.m2/repository/org/jooq/jooq-meta/3.11.10/jooq-meta-3.11.10.jar:/root/.m2/repository/org/jooq/jooq-codegen/3.11.10/jooq-codegen-3.11.10.jar:/root/.m2/repository/com/jolbox/bonecp/0.8.0.RELEASE/bonecp-0.8.0.RELEASE.jar:/root/.m2/repository/org/springframework/spring-jdbc/5.1.3.RELEASE/spring-jdbc-5.1.3.RELEASE.jar:/root/.m2/repository/org/springframework/spring-beans/5.1.3.RELEASE/spring-beans-5.1.3.RELEASE.jar:/root/.m2/repository/org/springframework/spring-core/5.1.3.RELEASE/spring-core-5.1.3.RELEASE.jar:/root/.m2/repository/org/springframework/spring-jcl/5.1.3.RELEASE/spring-jcl-5.1.3.RELEASE.jar:/root/.m2/repository/org/springframework/spring-tx/5.1.3.RELEASE/spring-tx-5.1.3.RELEASE.jar:/root/.m2/repository/org/mockito/mockito-core/2.15.0/mockito-core-2.15.0.jar:/root/.m2/repository/net/bytebuddy/byte-buddy/1.7.9/byte-buddy-1.7.9.jar:/root/.m2/repository/net/bytebuddy/byte-buddy-agent/1.7.9/byte-buddy-agent-1.7.9.jar:/root/.m2/repository/org/objenesis/objenesis/1.0/objenesis-1.0.jar:"/>
    <property name="sun.cpu.endian" value="little"/>
    <property name="user.home" value="/root"/>
    <property name="user.language" value="en"/>
    <property name="java.specification.vendor" value="Oracle Corporation"/>
    <property name="java.home" value="/usr/lib/jvm/java-1.8-openjdk/jre"/>
    <property name="java.security.krb5.conf" value="/opt/src/hadoop-ozone/tools/target/test-classes/krb5.conf"/>
    <property name="basedir" value="/opt/src/hadoop-ozone/tools"/>
    <property name="file.separator" value="/"/>
    <property name="line.separator" value="&#10;"/>
    <property name="java.vm.specification.vendor" value="Oracle Corporation"/>
    <property name="java.specification.name" value="Java Platform API Specification"/>
    <property name="java.awt.graphicsenv" value="sun.awt.X11GraphicsEnvironment"/>
    <property name="surefire.real.class.path" value="/opt/src/hadoop-ozone/tools/target/surefire/surefirebooter213849147993484307.jar"/>
    <property name="hadoop.log.dir" value="/opt/src/hadoop-ozone/tools/target/log"/>
    <property name="sun.boot.class.path" value="/usr/lib/jvm/java-1.8-openjdk/jre/lib/resources.jar:/usr/lib/jvm/java-1.8-openjdk/jre/lib/rt.jar:/usr/lib/jvm/java-1.8-openjdk/jre/lib/sunrsasign.jar:/usr/lib/jvm/java-1.8-openjdk/jre/lib/jsse.jar:/usr/lib/jvm/java-1.8-openjdk/jre/lib/jce.jar:/usr/lib/jvm/java-1.8-openjdk/jre/lib/charsets.jar:/usr/lib/jvm/java-1.8-openjdk/jre/lib/jfr.jar:/usr/lib/jvm/java-1.8-openjdk/jre/classes"/>
    <property name="sun.management.compiler" value="HotSpot 64-Bit Tiered Compilers"/>
    <property name="java.runtime.version" value="1.8.0_212-b04"/>
    <property name="java.net.preferIPv4Stack" value="true"/>
    <property name="user.name" value="root"/>
    <property name="path.separator" value=":"/>
    <property name="java.security.egd" value="file:///dev/urandom"/>
    <property name="os.version" value="4.15.0-1021-aws"/>
    <property name="java.endorsed.dirs" value="/usr/lib/jvm/java-1.8-openjdk/jre/lib/endorsed"/>
    <property name="java.runtime.name" value="OpenJDK Runtime Environment"/>
    <property name="file.encoding" value="UTF-8"/>
    <property name="java.vm.name" value="OpenJDK 64-Bit Server VM"/>
    <property name="test.build.webapps" value=""/>
    <property name="localRepository" value="/root/.m2/repository"/>
    <property name="java.vendor.url.bug" value="https://icedtea.classpath.org/bugzilla"/>
    <property name="java.io.tmpdir" value="/tmp"/>
    <property name="require.test.libhadoop" value=""/>
    <property name="java.version" value="1.8.0_212"/>
    <property name="user.dir" value="/opt/src/hadoop-ozone/tools"/>
    <property name="os.arch" value="amd64"/>
    <property name="java.vm.specification.name" value="Java Virtual Machine Specification"/>
    <property name="test.build.classes" value="/opt/src/hadoop-ozone/tools/target/test-classes"/>
    <property name="java.awt.printerjob" value="sun.print.PSPrinterJob"/>
    <property name="sun.os.patch.level" value="unknown"/>
    <property name="hadoop.tmp.dir" value="/opt/src/hadoop-ozone/tools/target/tmp"/>
    <property name="java.library.path" value="/usr/lib/jvm/java-1.8-openjdk/jre/lib/amd64/server:/usr/lib/jvm/java-1.8-openjdk/jre/lib/amd64:/usr/lib/jvm/java-1.8-openjdk/jre/../lib/amd64:/opt/src/hadoop-ozone/tools/target/native/target/usr/local/lib:/opt/src/hadoop-ozone/tools/../../hadoop-common-project/hadoop-common/target/native/target/usr/local/lib:/usr/java/packages/lib/amd64:/usr/lib64:/lib64:/lib:/usr/lib"/>
    <property name="java.vm.info" value="mixed mode"/>
    <property name="java.vendor" value="IcedTea"/>
    <property name="java.vm.version" value="25.212-b04"/>
    <property name="java.ext.dirs" value="/usr/lib/jvm/java-1.8-openjdk/jre/lib/ext:/usr/java/packages/lib/ext"/>
    <property name="sun.io.unicode.encoding" value="UnicodeLittle"/>
    <property name="java.class.version" value="52.0"/>
  </properties>
  <testcase name="testRestart" classname="org.apache.hadoop.ozone.freon.TestFreonWithPipelineDestroy" time="12.406">
    <error message="Unexpected Storage Container Exception: org.apache.hadoop.hdds.scm.container.common.helpers.StorageContainerException: ContainerID 4 does not exist" type="java.io.IOException">java.io.IOException: Unexpected Storage Container Exception: org.apache.hadoop.hdds.scm.container.common.helpers.StorageContainerException: ContainerID 4 does not exist
	at org.apache.hadoop.hdds.scm.storage.BlockOutputStream.setIoException(BlockOutputStream.java:548)
	at org.apache.hadoop.hdds.scm.storage.BlockOutputStream.validateResponse(BlockOutputStream.java:539)
	at org.apache.hadoop.hdds.scm.storage.BlockOutputStream.lambda$writeChunkToContainer$2(BlockOutputStream.java:614)
	at java.util.concurrent.CompletableFuture.uniApply(CompletableFuture.java:602)
	at java.util.concurrent.CompletableFuture$UniApply.tryFire(CompletableFuture.java:577)
	at java.util.concurrent.CompletableFuture$Completion.run(CompletableFuture.java:442)
	at java.util.concurrent.ThreadPoolExecutor.runWorker(ThreadPoolExecutor.java:1149)
	at java.util.concurrent.ThreadPoolExecutor$Worker.run(ThreadPoolExecutor.java:624)
	at java.lang.Thread.run(Thread.java:748)
Caused by: org.apache.hadoop.hdds.scm.container.common.helpers.StorageContainerException: ContainerID 4 does not exist
	at org.apache.hadoop.hdds.scm.storage.ContainerProtocolCalls.validateContainerResponse(ContainerProtocolCalls.java:536)
	at org.apache.hadoop.hdds.scm.storage.BlockOutputStream.validateResponse(BlockOutputStream.java:536)
	... 7 more
</error>
    <system-out><![CDATA[2019-06-14 07:34:21,701 WARN  server.ServerUtils (ServerUtils.java:getScmDbDir(145)) - ozone.scm.db.dirs is not configured. We recommend adding this setting. Falling back to ozone.metadata.dirs instead.
2019-06-14 07:34:21,787 WARN  server.ServerUtils (ServerUtils.java:getScmDbDir(145)) - ozone.scm.db.dirs is not configured. We recommend adding this setting. Falling back to ozone.metadata.dirs instead.
2019-06-14 07:34:21,790 WARN  server.ServerUtils (ServerUtils.java:getScmDbDir(145)) - ozone.scm.db.dirs is not configured. We recommend adding this setting. Falling back to ozone.metadata.dirs instead.
2019-06-14 07:34:21,804 INFO  util.log (Log.java:initialized(192)) - Logging initialized @758ms
2019-06-14 07:34:21,881 INFO  db.DBStoreBuilder (DBStoreBuilder.java:addTable(110)) - using custom profile for table: deletedBlocks
2019-06-14 07:34:21,881 INFO  db.DBStoreBuilder (DBStoreBuilder.java:processTables(161)) - Using default column profile:DBProfile.DISK for Table:deletedBlocks
2019-06-14 07:34:21,881 INFO  db.DBStoreBuilder (DBStoreBuilder.java:addTable(110)) - using custom profile for table: validCerts
2019-06-14 07:34:21,881 INFO  db.DBStoreBuilder (DBStoreBuilder.java:processTables(161)) - Using default column profile:DBProfile.DISK for Table:validCerts
2019-06-14 07:34:21,882 INFO  db.DBStoreBuilder (DBStoreBuilder.java:addTable(110)) - using custom profile for table: revokedCerts
2019-06-14 07:34:21,882 INFO  db.DBStoreBuilder (DBStoreBuilder.java:processTables(161)) - Using default column profile:DBProfile.DISK for Table:revokedCerts
2019-06-14 07:34:21,891 INFO  db.DBStoreBuilder (DBStoreBuilder.java:addTable(110)) - using custom profile for table: default
2019-06-14 07:34:21,891 INFO  db.DBStoreBuilder (DBStoreBuilder.java:processTables(167)) - Using default column profile:DBProfile.DISK for Table:default
2019-06-14 07:34:21,893 INFO  db.DBStoreBuilder (DBStoreBuilder.java:getDbProfile(198)) - Using default options. DBProfile.DISK
2019-06-14 07:34:21,958 INFO  node.SCMNodeManager (SCMNodeManager.java:<init>(108)) - Entering startup safe mode.
2019-06-14 07:34:22,017 INFO  net.NodeSchemaLoader (NodeSchemaLoader.java:loadSchemaFromFile(125)) - Loading file from sun.misc.CompoundEnumeration@3daa422a
2019-06-14 07:34:22,018 INFO  net.NodeSchemaLoader (NodeSchemaLoader.java:loadSchema(171)) - Loading network topology layer schema file
2019-06-14 07:34:22,067 WARN  server.ServerUtils (ServerUtils.java:getScmDbDir(145)) - ozone.scm.db.dirs is not configured. We recommend adding this setting. Falling back to ozone.metadata.dirs instead.
2019-06-14 07:34:22,089 INFO  pipeline.SCMPipelineManager (SCMPipelineManager.java:initializePipelineState(126)) - No pipeline exists in current db
2019-06-14 07:34:22,090 WARN  server.ServerUtils (ServerUtils.java:getScmDbDir(145)) - ozone.scm.db.dirs is not configured. We recommend adding this setting. Falling back to ozone.metadata.dirs instead.
2019-06-14 07:34:22,139 WARN  events.EventQueue (EventQueue.java:fireEvent(175)) - No event handler registered for event TypedEvent{payloadType=SafeModeStatus, name='SafeModeStatus'}
2019-06-14 07:34:22,417 INFO  ipc.CallQueueManager (CallQueueManager.java:<init>(84)) - Using callQueue: class java.util.concurrent.LinkedBlockingQueue, queueCapacity: 2000, scheduler: class org.apache.hadoop.ipc.DefaultRpcScheduler, ipcBackoff: false.
2019-06-14 07:34:22,437 INFO  ipc.Server (Server.java:run(1074)) - Starting Socket Reader #1 for port 36037
2019-06-14 07:34:22,457 INFO  ipc.CallQueueManager (CallQueueManager.java:<init>(84)) - Using callQueue: class java.util.concurrent.LinkedBlockingQueue, queueCapacity: 2000, scheduler: class org.apache.hadoop.ipc.DefaultRpcScheduler, ipcBackoff: false.
2019-06-14 07:34:22,458 INFO  ipc.Server (Server.java:run(1074)) - Starting Socket Reader #1 for port 42499
2019-06-14 07:34:22,463 INFO  ipc.CallQueueManager (CallQueueManager.java:<init>(84)) - Using callQueue: class java.util.concurrent.LinkedBlockingQueue, queueCapacity: 2000, scheduler: class org.apache.hadoop.ipc.DefaultRpcScheduler, ipcBackoff: false.
2019-06-14 07:34:22,463 INFO  ipc.Server (Server.java:run(1074)) - Starting Socket Reader #1 for port 42451
2019-06-14 07:34:22,479 INFO  hdfs.DFSUtil (DFSUtil.java:httpServerTemplateForNNAndJN(1641)) - Starting Web-server for scm at: http://0.0.0.0:0
2019-06-14 07:34:22,600 INFO  server.AuthenticationFilter (AuthenticationFilter.java:constructSecretProvider(240)) - Unable to initialize FileSignerSecretProvider, falling back to use random secrets.
2019-06-14 07:34:22,612 WARN  http.HttpRequestLog (HttpRequestLog.java:getRequestLog(97)) - Jetty request log can only be enabled using Log4j
2019-06-14 07:34:22,618 INFO  http.HttpServer2 (HttpServer2.java:addGlobalFilter(975)) - Added global filter 'safety' (class=org.apache.hadoop.http.HttpServer2$QuotingInputFilter)
2019-06-14 07:34:22,620 INFO  http.HttpServer2 (HttpServer2.java:addFilter(948)) - Added filter static_user_filter (class=org.apache.hadoop.http.lib.StaticUserWebFilter$StaticUserFilter) to context scm
2019-06-14 07:34:22,620 INFO  http.HttpServer2 (HttpServer2.java:addFilter(958)) - Added filter static_user_filter (class=org.apache.hadoop.http.lib.StaticUserWebFilter$StaticUserFilter) to context static
2019-06-14 07:34:22,621 INFO  http.HttpServer2 (HttpServer2.java:addFilter(958)) - Added filter static_user_filter (class=org.apache.hadoop.http.lib.StaticUserWebFilter$StaticUserFilter) to context logs
2019-06-14 07:34:22,638 INFO  server.StorageContainerManager (StorageContainerManager.java:start(752)) - StorageContainerLocationProtocol RPC server is listening at /0.0.0.0:42451
2019-06-14 07:34:22,675 WARN  impl.MetricsConfig (MetricsConfig.java:loadFirst(134)) - Cannot locate configuration: tried hadoop-metrics2-storagecontainermanager.properties,hadoop-metrics2.properties
2019-06-14 07:34:22,684 INFO  impl.MetricsSystemImpl (MetricsSystemImpl.java:startTimer(374)) - Scheduled Metric snapshot period at 10 second(s).
2019-06-14 07:34:22,684 INFO  impl.MetricsSystemImpl (MetricsSystemImpl.java:start(191)) - StorageContainerManager metrics system started
2019-06-14 07:34:22,839 INFO  server.SCMClientProtocolServer (SCMClientProtocolServer.java:start(149)) - RPC server for Client  is listening at /0.0.0.0:42451
2019-06-14 07:34:22,840 INFO  ipc.Server (Server.java:run(1314)) - IPC Server Responder: starting
2019-06-14 07:34:22,840 INFO  ipc.Server (Server.java:run(1153)) - IPC Server listener on 42451: starting
2019-06-14 07:34:22,843 INFO  server.StorageContainerManager (StorageContainerManager.java:start(761)) - ScmBlockLocationProtocol RPC server is listening at /0.0.0.0:42499
2019-06-14 07:34:22,843 INFO  server.SCMBlockProtocolServer (SCMBlockProtocolServer.java:start(137)) - RPC server for Block Protocol is listening at /0.0.0.0:42499
2019-06-14 07:34:22,843 INFO  ipc.Server (Server.java:run(1314)) - IPC Server Responder: starting
2019-06-14 07:34:22,843 INFO  ipc.Server (Server.java:run(1153)) - IPC Server listener on 42499: starting
2019-06-14 07:34:22,845 INFO  server.StorageContainerManager (StorageContainerManager.java:start(765)) - ScmDatanodeProtocl RPC server is listening at /0.0.0.0:36037
2019-06-14 07:34:22,845 INFO  server.SCMDatanodeProtocolServer (SCMDatanodeProtocolServer.java:start(191)) - RPC server for DataNodes is listening at /0.0.0.0:36037
2019-06-14 07:34:22,845 INFO  ipc.Server (Server.java:run(1314)) - IPC Server Responder: starting
2019-06-14 07:34:22,845 INFO  ipc.Server (Server.java:run(1153)) - IPC Server listener on 36037: starting
2019-06-14 07:34:22,848 INFO  http.HttpServer2 (HttpServer2.java:bindListener(1191)) - Jetty bound to port 33349
2019-06-14 07:34:22,849 INFO  server.Server (Server.java:doStart(351)) - jetty-9.3.24.v20180605, build timestamp: 2018-06-05T17:11:56Z, git hash: 84205aa28f11a4f31f2a3b86d1bba2cc8ab69827
2019-06-14 07:34:22,876 INFO  handler.ContextHandler (ContextHandler.java:doStart(781)) - Started o.e.j.s.ServletContextHandler@6f44a157{/logs,file:///opt/src/hadoop-ozone/tools/target/log,AVAILABLE}
2019-06-14 07:34:22,877 INFO  handler.ContextHandler (ContextHandler.java:doStart(781)) - Started o.e.j.s.ServletContextHandler@291f18{/static,file:///opt/src/hadoop-hdds/server-scm/target/classes/webapps/static/,AVAILABLE}
2019-06-14 07:34:22,900 INFO  handler.ContextHandler (ContextHandler.java:doStart(781)) - Started o.e.j.w.WebAppContext@efde75f{/,file:///opt/src/hadoop-hdds/server-scm/target/classes/webapps/scm/,AVAILABLE}{/scm}
2019-06-14 07:34:22,904 INFO  server.AbstractConnector (AbstractConnector.java:doStart(278)) - Started ServerConnector@13c3c1e1{HTTP/1.1,[http/1.1]}{0.0.0.0:33349}
2019-06-14 07:34:22,904 INFO  server.Server (Server.java:doStart(419)) - Started @1858ms
2019-06-14 07:34:22,905 INFO  server.BaseHttpServer (BaseHttpServer.java:updateConnectorAddress(207)) - HTTP server of SCM is listening at http://0.0.0.0:33349
2019-06-14 07:34:22,911 INFO  util.JvmPauseMonitor (JvmPauseMonitor.java:run(188)) - Starting JVM pause monitor
2019-06-14 07:34:22,912 WARN  scm.ScmUtils (ScmUtils.java:getDBPath(63)) - ozone.om.db.dirs is not configured. We recommend adding this setting. Falling back to ozone.metadata.dirs instead.
2019-06-14 07:34:22,991 WARN  scm.ScmUtils (ScmUtils.java:getDBPath(63)) - ozone.om.db.dirs is not configured. We recommend adding this setting. Falling back to ozone.metadata.dirs instead.
2019-06-14 07:34:22,992 INFO  om.OzoneManager (OzoneManager.java:setOMNodeDetails(519)) - OM Service ID is not set. Setting it to the default ID: omServiceIdDefault
2019-06-14 07:34:22,992 INFO  om.OzoneManager (OzoneManager.java:setOMNodeDetails(525)) - OM Node ID is not set. Setting it to the OmStorage's OmID: 2adb42b9-1dd3-4811-ba80-1e2d7f629d31
2019-06-14 07:34:22,993 WARN  scm.HddsServerUtil (HddsServerUtil.java:getDefaultRatisDirectory(354)) - Storage directory for Ratis is not configured. It is a good idea to map this to an SSD disk. Falling back to ozone.metadata.dirs
2019-06-14 07:34:22,994 WARN  scm.HddsServerUtil (HddsServerUtil.java:getDefaultRatisDirectory(354)) - Storage directory for Ratis is not configured. It is a good idea to map this to an SSD disk. Falling back to ozone.metadata.dirs
2019-06-14 07:34:22,994 INFO  om.OzoneManager (OzoneManager.java:loadOMHAConfigs(476)) - Found matching OM address with OMServiceId: null, OMNodeId: null, RPC Address: localhost:0 and Ratis port: 9872
2019-06-14 07:34:23,190 WARN  scm.ScmUtils (ScmUtils.java:getDBPath(63)) - ozone.om.db.dirs is not configured. We recommend adding this setting. Falling back to ozone.metadata.dirs instead.
2019-06-14 07:34:23,195 INFO  db.DBStoreBuilder (DBStoreBuilder.java:addTable(110)) - using custom profile for table: userTable
2019-06-14 07:34:23,195 INFO  db.DBStoreBuilder (DBStoreBuilder.java:processTables(161)) - Using default column profile:DBProfile.DISK for Table:userTable
2019-06-14 07:34:23,195 INFO  db.DBStoreBuilder (DBStoreBuilder.java:addTable(110)) - using custom profile for table: volumeTable
2019-06-14 07:34:23,196 INFO  db.DBStoreBuilder (DBStoreBuilder.java:processTables(161)) - Using default column profile:DBProfile.DISK for Table:volumeTable
2019-06-14 07:34:23,196 INFO  db.DBStoreBuilder (DBStoreBuilder.java:addTable(110)) - using custom profile for table: bucketTable
2019-06-14 07:34:23,196 INFO  db.DBStoreBuilder (DBStoreBuilder.java:processTables(161)) - Using default column profile:DBProfile.DISK for Table:bucketTable
2019-06-14 07:34:23,196 INFO  db.DBStoreBuilder (DBStoreBuilder.java:addTable(110)) - using custom profile for table: keyTable
2019-06-14 07:34:23,196 INFO  db.DBStoreBuilder (DBStoreBuilder.java:processTables(161)) - Using default column profile:DBProfile.DISK for Table:keyTable
2019-06-14 07:34:23,197 INFO  db.DBStoreBuilder (DBStoreBuilder.java:addTable(110)) - using custom profile for table: deletedTable
2019-06-14 07:34:23,197 INFO  db.DBStoreBuilder (DBStoreBuilder.java:processTables(161)) - Using default column profile:DBProfile.DISK for Table:deletedTable
2019-06-14 07:34:23,197 INFO  db.DBStoreBuilder (DBStoreBuilder.java:addTable(110)) - using custom profile for table: openKeyTable
2019-06-14 07:34:23,198 INFO  db.DBStoreBuilder (DBStoreBuilder.java:processTables(161)) - Using default column profile:DBProfile.DISK for Table:openKeyTable
2019-06-14 07:34:23,198 INFO  db.DBStoreBuilder (DBStoreBuilder.java:addTable(110)) - using custom profile for table: s3Table
2019-06-14 07:34:23,198 INFO  db.DBStoreBuilder (DBStoreBuilder.java:processTables(161)) - Using default column profile:DBProfile.DISK for Table:s3Table
2019-06-14 07:34:23,198 INFO  db.DBStoreBuilder (DBStoreBuilder.java:addTable(110)) - using custom profile for table: multipartInfoTable
2019-06-14 07:34:23,198 INFO  db.DBStoreBuilder (DBStoreBuilder.java:processTables(161)) - Using default column profile:DBProfile.DISK for Table:multipartInfoTable
2019-06-14 07:34:23,199 INFO  db.DBStoreBuilder (DBStoreBuilder.java:addTable(110)) - using custom profile for table: dTokenTable
2019-06-14 07:34:23,199 INFO  db.DBStoreBuilder (DBStoreBuilder.java:processTables(161)) - Using default column profile:DBProfile.DISK for Table:dTokenTable
2019-06-14 07:34:23,199 INFO  db.DBStoreBuilder (DBStoreBuilder.java:addTable(110)) - using custom profile for table: s3SecretTable
2019-06-14 07:34:23,199 INFO  db.DBStoreBuilder (DBStoreBuilder.java:processTables(161)) - Using default column profile:DBProfile.DISK for Table:s3SecretTable
2019-06-14 07:34:23,200 INFO  db.DBStoreBuilder (DBStoreBuilder.java:addTable(110)) - using custom profile for table: prefixTable
2019-06-14 07:34:23,200 INFO  db.DBStoreBuilder (DBStoreBuilder.java:processTables(161)) - Using default column profile:DBProfile.DISK for Table:prefixTable
2019-06-14 07:34:23,200 INFO  db.DBStoreBuilder (DBStoreBuilder.java:addTable(110)) - using custom profile for table: default
2019-06-14 07:34:23,201 INFO  db.DBStoreBuilder (DBStoreBuilder.java:processTables(167)) - Using default column profile:DBProfile.DISK for Table:default
2019-06-14 07:34:23,201 INFO  db.DBStoreBuilder (DBStoreBuilder.java:getDbProfile(198)) - Using default options. DBProfile.DISK
2019-06-14 07:34:23,668 INFO  ipc.CallQueueManager (CallQueueManager.java:<init>(84)) - Using callQueue: class java.util.concurrent.LinkedBlockingQueue, queueCapacity: 2000, scheduler: class org.apache.hadoop.ipc.DefaultRpcScheduler, ipcBackoff: false.
2019-06-14 07:34:23,668 INFO  ipc.Server (Server.java:run(1074)) - Starting Socket Reader #1 for port 36221
2019-06-14 07:34:23,696 WARN  scm.ScmUtils (ScmUtils.java:getDBPath(63)) - ozone.om.db.dirs is not configured. We recommend adding this setting. Falling back to ozone.metadata.dirs instead.
2019-06-14 07:34:23,696 INFO  om.OzoneManager (OzoneManager.java:start(1217)) - OzoneManager RPC server is listening at localhost/127.0.0.1:36221
2019-06-14 07:34:23,697 INFO  impl.MetricsSystemImpl (MetricsSystemImpl.java:init(158)) - OzoneManager metrics system started (again)
2019-06-14 07:34:23,697 INFO  ipc.Server (Server.java:run(1314)) - IPC Server Responder: starting
2019-06-14 07:34:23,698 INFO  ipc.Server (Server.java:run(1153)) - IPC Server listener on 36221: starting
2019-06-14 07:34:23,714 INFO  hdfs.DFSUtil (DFSUtil.java:httpServerTemplateForNNAndJN(1641)) - Starting Web-server for ozoneManager at: http://0.0.0.0:0
2019-06-14 07:34:23,715 INFO  server.AuthenticationFilter (AuthenticationFilter.java:constructSecretProvider(240)) - Unable to initialize FileSignerSecretProvider, falling back to use random secrets.
2019-06-14 07:34:23,716 WARN  http.HttpRequestLog (HttpRequestLog.java:getRequestLog(97)) - Jetty request log can only be enabled using Log4j
2019-06-14 07:34:23,717 INFO  http.HttpServer2 (HttpServer2.java:addGlobalFilter(975)) - Added global filter 'safety' (class=org.apache.hadoop.http.HttpServer2$QuotingInputFilter)
2019-06-14 07:34:23,718 INFO  http.HttpServer2 (HttpServer2.java:addFilter(948)) - Added filter static_user_filter (class=org.apache.hadoop.http.lib.StaticUserWebFilter$StaticUserFilter) to context ozoneManager
2019-06-14 07:34:23,718 INFO  http.HttpServer2 (HttpServer2.java:addFilter(958)) - Added filter static_user_filter (class=org.apache.hadoop.http.lib.StaticUserWebFilter$StaticUserFilter) to context logs
2019-06-14 07:34:23,718 INFO  http.HttpServer2 (HttpServer2.java:addFilter(958)) - Added filter static_user_filter (class=org.apache.hadoop.http.lib.StaticUserWebFilter$StaticUserFilter) to context static
2019-06-14 07:34:23,720 INFO  http.HttpServer2 (HttpServer2.java:bindListener(1191)) - Jetty bound to port 40425
2019-06-14 07:34:23,720 INFO  server.Server (Server.java:doStart(351)) - jetty-9.3.24.v20180605, build timestamp: 2018-06-05T17:11:56Z, git hash: 84205aa28f11a4f31f2a3b86d1bba2cc8ab69827
2019-06-14 07:34:23,733 INFO  handler.ContextHandler (ContextHandler.java:doStart(781)) - Started o.e.j.s.ServletContextHandler@4d4d48a6{/logs,file:///opt/src/hadoop-ozone/tools/target/log,AVAILABLE}
2019-06-14 07:34:23,733 INFO  handler.ContextHandler (ContextHandler.java:doStart(781)) - Started o.e.j.s.ServletContextHandler@3fc08eec{/static,file:///opt/src/hadoop-ozone/ozone-manager/target/classes/webapps/static/,AVAILABLE}
2019-06-14 07:34:23,737 INFO  handler.ContextHandler (ContextHandler.java:doStart(781)) - Started o.e.j.w.WebAppContext@6548bb7d{/,file:///opt/src/hadoop-ozone/ozone-manager/target/classes/webapps/ozoneManager/,AVAILABLE}{/ozoneManager}
2019-06-14 07:34:23,738 INFO  server.AbstractConnector (AbstractConnector.java:doStart(278)) - Started ServerConnector@e27ba81{HTTP/1.1,[http/1.1]}{0.0.0.0:40425}
2019-06-14 07:34:23,738 INFO  server.Server (Server.java:doStart(419)) - Started @2692ms
2019-06-14 07:34:23,738 INFO  server.BaseHttpServer (BaseHttpServer.java:updateConnectorAddress(207)) - HTTP server of OZONEMANAGER is listening at http://0.0.0.0:40425
2019-06-14 07:34:23,839 INFO  impl.MetricsSystemImpl (MetricsSystemImpl.java:init(158)) - HddsDatanode metrics system started (again)
2019-06-14 07:34:23,988 INFO  ozone.HddsDatanodeService (HddsDatanodeService.java:start(185)) - HddsDatanodeService host:ozone-tm9qp-1671232062 ip:192.168.105.150
2019-06-14 07:34:24,010 INFO  volume.HddsVolume (HddsVolume.java:<init>(176)) - Creating Volume: /opt/src/hadoop-ozone/tools/target/test-dir/MiniOzoneClusterImpl-b4061317-5e40-4fbf-a180-6f94f226641f/datanode-0/data/containers/hdds of  storage type : DISK and capacity : 104021790720
2019-06-14 07:34:24,011 INFO  volume.VolumeSet (VolumeSet.java:initializeVolumeSet(170)) - Added Volume : /opt/src/hadoop-ozone/tools/target/test-dir/MiniOzoneClusterImpl-b4061317-5e40-4fbf-a180-6f94f226641f/datanode-0/data/containers/hdds to VolumeSet
2019-06-14 07:34:24,013 INFO  volume.ThrottledAsyncChecker (ThrottledAsyncChecker.java:schedule(140)) - Scheduling a check for org.apache.hadoop.ozone.container.common.volume.HddsVolume@1450078a
2019-06-14 07:34:24,032 INFO  volume.HddsVolumeChecker (HddsVolumeChecker.java:checkAllVolumes(203)) - Scheduled health check for volume org.apache.hadoop.ozone.container.common.volume.HddsVolume@1450078a
2019-06-14 07:34:24,071 INFO  ratis.XceiverServerRatis (XceiverServerRatis.java:newXceiverServerRatis(401)) - Found a free port for the server : 41007
2019-06-14 07:34:24,123 INFO  impl.RaftServerProxy (ConfUtils.java:logGet(43)) - raft.rpc.type = GRPC (default)
2019-06-14 07:34:24,131 INFO  grpc.GrpcConfigKeys$Server (ConfUtils.java:logGet(43)) - raft.grpc.server.port = 41007 (custom)
2019-06-14 07:34:24,131 INFO  server.GrpcService (ConfUtils.java:logGet(43)) - raft.grpc.message.size.max = 33570816 (custom)
2019-06-14 07:34:24,132 INFO  server.RaftServerConfigKeys (ConfUtils.java:logGet(43)) - raft.server.log.appender.buffer.byte-limit = 33554432 (custom)
2019-06-14 07:34:24,133 INFO  server.GrpcService (ConfUtils.java:logGet(43)) - raft.grpc.flow.control.window = 1MB (=1048576) (default)
2019-06-14 07:34:24,133 INFO  server.RaftServerConfigKeys (ConfUtils.java:logGet(43)) - raft.server.rpc.request.timeout = 3000ms (default)
2019-06-14 07:34:24,252 INFO  server.RaftServerConfigKeys (ConfUtils.java:logGet(43)) - raft.server.storage.dir = [/opt/src/hadoop-ozone/tools/target/test-dir/MiniOzoneClusterImpl-b4061317-5e40-4fbf-a180-6f94f226641f/datanode-0/data/ratis] (custom)
2019-06-14 07:34:24,256 INFO  server.XceiverServerGrpc (XceiverServerGrpc.java:<init>(97)) - Found a free port for the server : 37121
2019-06-14 07:34:24,277 INFO  replication.SimpleContainerDownloader (SimpleContainerDownloader.java:<init>(72)) - Starting container downloader service to copy containers to replicate.
2019-06-14 07:34:24,286 INFO  hdfs.DFSUtil (DFSUtil.java:httpServerTemplateForNNAndJN(1641)) - Starting Web-server for hddsDatanode at: http://0.0.0.0:0
2019-06-14 07:34:24,287 INFO  server.AuthenticationFilter (AuthenticationFilter.java:constructSecretProvider(240)) - Unable to initialize FileSignerSecretProvider, falling back to use random secrets.
2019-06-14 07:34:24,288 WARN  http.HttpRequestLog (HttpRequestLog.java:getRequestLog(97)) - Jetty request log can only be enabled using Log4j
2019-06-14 07:34:24,289 INFO  http.HttpServer2 (HttpServer2.java:addGlobalFilter(975)) - Added global filter 'safety' (class=org.apache.hadoop.http.HttpServer2$QuotingInputFilter)
2019-06-14 07:34:24,290 INFO  http.HttpServer2 (HttpServer2.java:addFilter(948)) - Added filter static_user_filter (class=org.apache.hadoop.http.lib.StaticUserWebFilter$StaticUserFilter) to context hddsDatanode
2019-06-14 07:34:24,290 INFO  http.HttpServer2 (HttpServer2.java:addFilter(958)) - Added filter static_user_filter (class=org.apache.hadoop.http.lib.StaticUserWebFilter$StaticUserFilter) to context logs
2019-06-14 07:34:24,290 INFO  http.HttpServer2 (HttpServer2.java:addFilter(958)) - Added filter static_user_filter (class=org.apache.hadoop.http.lib.StaticUserWebFilter$StaticUserFilter) to context static
2019-06-14 07:34:24,290 INFO  http.HttpServer2 (HttpServer2.java:bindListener(1191)) - Jetty bound to port 38325
2019-06-14 07:34:24,291 INFO  server.Server (Server.java:doStart(351)) - jetty-9.3.24.v20180605, build timestamp: 2018-06-05T17:11:56Z, git hash: 84205aa28f11a4f31f2a3b86d1bba2cc8ab69827
2019-06-14 07:34:24,292 INFO  handler.ContextHandler (ContextHandler.java:doStart(781)) - Started o.e.j.s.ServletContextHandler@252f626c{/logs,file:///opt/src/hadoop-ozone/tools/target/log,AVAILABLE}
2019-06-14 07:34:24,292 INFO  handler.ContextHandler (ContextHandler.java:doStart(781)) - Started o.e.j.s.ServletContextHandler@48284d0e{/static,file:///opt/src/hadoop-hdds/container-service/target/classes/webapps/static,AVAILABLE}
2019-06-14 07:34:24,295 INFO  handler.ContextHandler (ContextHandler.java:doStart(781)) - Started o.e.j.w.WebAppContext@3d98d138{/,file:///opt/src/hadoop-hdds/container-service/target/classes/webapps/hddsDatanode/,AVAILABLE}{/hddsDatanode}
2019-06-14 07:34:24,295 INFO  server.AbstractConnector (AbstractConnector.java:doStart(278)) - Started ServerConnector@2f2d52ef{HTTP/1.1,[http/1.1]}{0.0.0.0:38325}
2019-06-14 07:34:24,296 INFO  server.Server (Server.java:doStart(419)) - Started @3250ms
2019-06-14 07:34:24,296 INFO  server.BaseHttpServer (BaseHttpServer.java:updateConnectorAddress(207)) - HTTP server of HDDSDATANODE is listening at http://0.0.0.0:38325
2019-06-14 07:34:25,074 INFO  ozone.HddsDatanodeService (HddsDatanodeService.java:startPlugins(396)) - Started plug-in org.apache.hadoop.ozone.web.OzoneHddsDatanodeService@794366a5
2019-06-14 07:34:25,075 INFO  impl.MetricsSystemImpl (MetricsSystemImpl.java:init(158)) - HddsDatanode metrics system started (again)
2019-06-14 07:34:25,076 INFO  ozone.HddsDatanodeService (HddsDatanodeService.java:start(185)) - HddsDatanodeService host:ozone-tm9qp-1671232062 ip:192.168.105.150
2019-06-14 07:34:25,080 INFO  util.JvmPauseMonitor (JvmPauseMonitor.java:run(188)) - Starting JVM pause monitor
2019-06-14 07:34:25,081 INFO  volume.HddsVolume (HddsVolume.java:<init>(176)) - Creating Volume: /opt/src/hadoop-ozone/tools/target/test-dir/MiniOzoneClusterImpl-b4061317-5e40-4fbf-a180-6f94f226641f/datanode-1/data/containers/hdds of  storage type : DISK and capacity : 104021790720
2019-06-14 07:34:25,081 INFO  volume.VolumeSet (VolumeSet.java:initializeVolumeSet(170)) - Added Volume : /opt/src/hadoop-ozone/tools/target/test-dir/MiniOzoneClusterImpl-b4061317-5e40-4fbf-a180-6f94f226641f/datanode-1/data/containers/hdds to VolumeSet
2019-06-14 07:34:25,082 INFO  volume.ThrottledAsyncChecker (ThrottledAsyncChecker.java:schedule(140)) - Scheduling a check for org.apache.hadoop.ozone.container.common.volume.HddsVolume@59a79443
2019-06-14 07:34:25,085 INFO  volume.HddsVolumeChecker (HddsVolumeChecker.java:checkAllVolumes(203)) - Scheduled health check for volume org.apache.hadoop.ozone.container.common.volume.HddsVolume@59a79443
2019-06-14 07:34:25,104 INFO  ratis.XceiverServerRatis (XceiverServerRatis.java:newXceiverServerRatis(401)) - Found a free port for the server : 42501
2019-06-14 07:34:25,104 INFO  impl.RaftServerProxy (ConfUtils.java:logGet(43)) - raft.rpc.type = GRPC (default)
2019-06-14 07:34:25,105 INFO  grpc.GrpcConfigKeys$Server (ConfUtils.java:logGet(43)) - raft.grpc.server.port = 42501 (custom)
2019-06-14 07:34:25,105 INFO  server.GrpcService (ConfUtils.java:logGet(43)) - raft.grpc.message.size.max = 33570816 (custom)
2019-06-14 07:34:25,105 INFO  server.RaftServerConfigKeys (ConfUtils.java:logGet(43)) - raft.server.log.appender.buffer.byte-limit = 33554432 (custom)
2019-06-14 07:34:25,106 INFO  server.GrpcService (ConfUtils.java:logGet(43)) - raft.grpc.flow.control.window = 1MB (=1048576) (default)
2019-06-14 07:34:25,106 INFO  server.RaftServerConfigKeys (ConfUtils.java:logGet(43)) - raft.server.rpc.request.timeout = 3000ms (default)
2019-06-14 07:34:25,106 INFO  server.RaftServerConfigKeys (ConfUtils.java:logGet(43)) - raft.server.storage.dir = [/opt/src/hadoop-ozone/tools/target/test-dir/MiniOzoneClusterImpl-b4061317-5e40-4fbf-a180-6f94f226641f/datanode-1/data/ratis] (custom)
2019-06-14 07:34:25,107 INFO  server.XceiverServerGrpc (XceiverServerGrpc.java:<init>(97)) - Found a free port for the server : 42457
2019-06-14 07:34:25,107 INFO  replication.SimpleContainerDownloader (SimpleContainerDownloader.java:<init>(72)) - Starting container downloader service to copy containers to replicate.
2019-06-14 07:34:25,109 INFO  hdfs.DFSUtil (DFSUtil.java:httpServerTemplateForNNAndJN(1641)) - Starting Web-server for hddsDatanode at: http://0.0.0.0:0
2019-06-14 07:34:25,110 INFO  server.AuthenticationFilter (AuthenticationFilter.java:constructSecretProvider(240)) - Unable to initialize FileSignerSecretProvider, falling back to use random secrets.
2019-06-14 07:34:25,113 WARN  http.HttpRequestLog (HttpRequestLog.java:getRequestLog(97)) - Jetty request log can only be enabled using Log4j
2019-06-14 07:34:25,115 INFO  http.HttpServer2 (HttpServer2.java:addGlobalFilter(975)) - Added global filter 'safety' (class=org.apache.hadoop.http.HttpServer2$QuotingInputFilter)
2019-06-14 07:34:25,116 INFO  http.HttpServer2 (HttpServer2.java:addFilter(948)) - Added filter static_user_filter (class=org.apache.hadoop.http.lib.StaticUserWebFilter$StaticUserFilter) to context hddsDatanode
2019-06-14 07:34:25,116 INFO  http.HttpServer2 (HttpServer2.java:addFilter(958)) - Added filter static_user_filter (class=org.apache.hadoop.http.lib.StaticUserWebFilter$StaticUserFilter) to context logs
2019-06-14 07:34:25,116 INFO  http.HttpServer2 (HttpServer2.java:addFilter(958)) - Added filter static_user_filter (class=org.apache.hadoop.http.lib.StaticUserWebFilter$StaticUserFilter) to context static
2019-06-14 07:34:25,117 INFO  http.HttpServer2 (HttpServer2.java:bindListener(1191)) - Jetty bound to port 42287
2019-06-14 07:34:25,117 INFO  server.Server (Server.java:doStart(351)) - jetty-9.3.24.v20180605, build timestamp: 2018-06-05T17:11:56Z, git hash: 84205aa28f11a4f31f2a3b86d1bba2cc8ab69827
2019-06-14 07:34:25,119 INFO  handler.ContextHandler (ContextHandler.java:doStart(781)) - Started o.e.j.s.ServletContextHandler@7978e022{/logs,file:///opt/src/hadoop-ozone/tools/target/log,AVAILABLE}
2019-06-14 07:34:25,119 INFO  handler.ContextHandler (ContextHandler.java:doStart(781)) - Started o.e.j.s.ServletContextHandler@5afbd567{/static,file:///opt/src/hadoop-hdds/container-service/target/classes/webapps/static,AVAILABLE}
2019-06-14 07:34:25,124 INFO  handler.ContextHandler (ContextHandler.java:doStart(781)) - Started o.e.j.w.WebAppContext@1ee27d73{/,file:///opt/src/hadoop-hdds/container-service/target/classes/webapps/hddsDatanode/,AVAILABLE}{/hddsDatanode}
2019-06-14 07:34:25,126 INFO  server.AbstractConnector (AbstractConnector.java:doStart(278)) - Started ServerConnector@58ba1463{HTTP/1.1,[http/1.1]}{0.0.0.0:42287}
2019-06-14 07:34:25,127 INFO  server.Server (Server.java:doStart(419)) - Started @4081ms
2019-06-14 07:34:25,127 INFO  server.BaseHttpServer (BaseHttpServer.java:updateConnectorAddress(207)) - HTTP server of HDDSDATANODE is listening at http://0.0.0.0:42287
2019-06-14 07:34:25,158 INFO  datanode.InitDatanodeState (InitDatanodeState.java:persistContainerDatanodeDetails(140)) - DatanodeDetails is persisted to /opt/src/hadoop-ozone/tools/target/test-dir/MiniOzoneClusterImpl-b4061317-5e40-4fbf-a180-6f94f226641f/datanode-0/meta/datanode.id
2019-06-14 07:34:25,288 INFO  ozone.HddsDatanodeService (HddsDatanodeService.java:startPlugins(396)) - Started plug-in org.apache.hadoop.ozone.web.OzoneHddsDatanodeService@7cac93fe
2019-06-14 07:34:25,288 INFO  impl.MetricsSystemImpl (MetricsSystemImpl.java:init(158)) - HddsDatanode metrics system started (again)
2019-06-14 07:34:25,289 INFO  ozone.HddsDatanodeService (HddsDatanodeService.java:start(185)) - HddsDatanodeService host:ozone-tm9qp-1671232062 ip:192.168.105.150
2019-06-14 07:34:25,298 INFO  util.JvmPauseMonitor (JvmPauseMonitor.java:run(188)) - Starting JVM pause monitor
2019-06-14 07:34:25,309 INFO  datanode.InitDatanodeState (InitDatanodeState.java:persistContainerDatanodeDetails(140)) - DatanodeDetails is persisted to /opt/src/hadoop-ozone/tools/target/test-dir/MiniOzoneClusterImpl-b4061317-5e40-4fbf-a180-6f94f226641f/datanode-1/meta/datanode.id
2019-06-14 07:34:25,309 INFO  volume.HddsVolume (HddsVolume.java:<init>(176)) - Creating Volume: /opt/src/hadoop-ozone/tools/target/test-dir/MiniOzoneClusterImpl-b4061317-5e40-4fbf-a180-6f94f226641f/datanode-2/data/containers/hdds of  storage type : DISK and capacity : 104021790720
2019-06-14 07:34:25,310 INFO  volume.VolumeSet (VolumeSet.java:initializeVolumeSet(170)) - Added Volume : /opt/src/hadoop-ozone/tools/target/test-dir/MiniOzoneClusterImpl-b4061317-5e40-4fbf-a180-6f94f226641f/datanode-2/data/containers/hdds to VolumeSet
2019-06-14 07:34:25,310 INFO  volume.ThrottledAsyncChecker (ThrottledAsyncChecker.java:schedule(140)) - Scheduling a check for org.apache.hadoop.ozone.container.common.volume.HddsVolume@3f5156a6
2019-06-14 07:34:25,311 INFO  volume.HddsVolumeChecker (HddsVolumeChecker.java:checkAllVolumes(203)) - Scheduled health check for volume org.apache.hadoop.ozone.container.common.volume.HddsVolume@3f5156a6
2019-06-14 07:34:25,324 INFO  ratis.XceiverServerRatis (XceiverServerRatis.java:newXceiverServerRatis(401)) - Found a free port for the server : 41795
2019-06-14 07:34:25,326 INFO  impl.RaftServerProxy (ConfUtils.java:logGet(43)) - raft.rpc.type = GRPC (default)
2019-06-14 07:34:25,326 INFO  grpc.GrpcConfigKeys$Server (ConfUtils.java:logGet(43)) - raft.grpc.server.port = 41795 (custom)
2019-06-14 07:34:25,326 INFO  server.GrpcService (ConfUtils.java:logGet(43)) - raft.grpc.message.size.max = 33570816 (custom)
2019-06-14 07:34:25,326 INFO  server.RaftServerConfigKeys (ConfUtils.java:logGet(43)) - raft.server.log.appender.buffer.byte-limit = 33554432 (custom)
2019-06-14 07:34:25,327 INFO  server.GrpcService (ConfUtils.java:logGet(43)) - raft.grpc.flow.control.window = 1MB (=1048576) (default)
2019-06-14 07:34:25,327 INFO  server.RaftServerConfigKeys (ConfUtils.java:logGet(43)) - raft.server.rpc.request.timeout = 3000ms (default)
2019-06-14 07:34:25,327 INFO  server.RaftServerConfigKeys (ConfUtils.java:logGet(43)) - raft.server.storage.dir = [/opt/src/hadoop-ozone/tools/target/test-dir/MiniOzoneClusterImpl-b4061317-5e40-4fbf-a180-6f94f226641f/datanode-2/data/ratis] (custom)
2019-06-14 07:34:25,328 INFO  server.XceiverServerGrpc (XceiverServerGrpc.java:<init>(97)) - Found a free port for the server : 39541
2019-06-14 07:34:25,328 INFO  replication.SimpleContainerDownloader (SimpleContainerDownloader.java:<init>(72)) - Starting container downloader service to copy containers to replicate.
2019-06-14 07:34:25,329 INFO  hdfs.DFSUtil (DFSUtil.java:httpServerTemplateForNNAndJN(1641)) - Starting Web-server for hddsDatanode at: http://0.0.0.0:0
2019-06-14 07:34:25,330 INFO  server.AuthenticationFilter (AuthenticationFilter.java:constructSecretProvider(240)) - Unable to initialize FileSignerSecretProvider, falling back to use random secrets.
2019-06-14 07:34:25,331 WARN  http.HttpRequestLog (HttpRequestLog.java:getRequestLog(97)) - Jetty request log can only be enabled using Log4j
2019-06-14 07:34:25,332 INFO  http.HttpServer2 (HttpServer2.java:addGlobalFilter(975)) - Added global filter 'safety' (class=org.apache.hadoop.http.HttpServer2$QuotingInputFilter)
2019-06-14 07:34:25,333 INFO  http.HttpServer2 (HttpServer2.java:addFilter(948)) - Added filter static_user_filter (class=org.apache.hadoop.http.lib.StaticUserWebFilter$StaticUserFilter) to context hddsDatanode
2019-06-14 07:34:25,333 INFO  http.HttpServer2 (HttpServer2.java:addFilter(958)) - Added filter static_user_filter (class=org.apache.hadoop.http.lib.StaticUserWebFilter$StaticUserFilter) to context logs
2019-06-14 07:34:25,333 INFO  http.HttpServer2 (HttpServer2.java:addFilter(958)) - Added filter static_user_filter (class=org.apache.hadoop.http.lib.StaticUserWebFilter$StaticUserFilter) to context static
2019-06-14 07:34:25,334 INFO  http.HttpServer2 (HttpServer2.java:bindListener(1191)) - Jetty bound to port 33611
2019-06-14 07:34:25,334 INFO  server.Server (Server.java:doStart(351)) - jetty-9.3.24.v20180605, build timestamp: 2018-06-05T17:11:56Z, git hash: 84205aa28f11a4f31f2a3b86d1bba2cc8ab69827
2019-06-14 07:34:25,345 INFO  handler.ContextHandler (ContextHandler.java:doStart(781)) - Started o.e.j.s.ServletContextHandler@36c2d629{/logs,file:///opt/src/hadoop-ozone/tools/target/log,AVAILABLE}
2019-06-14 07:34:25,345 INFO  handler.ContextHandler (ContextHandler.java:doStart(781)) - Started o.e.j.s.ServletContextHandler@54089484{/static,file:///opt/src/hadoop-hdds/container-service/target/classes/webapps/static,AVAILABLE}
2019-06-14 07:34:25,350 INFO  handler.ContextHandler (ContextHandler.java:doStart(781)) - Started o.e.j.w.WebAppContext@1e692555{/,file:///opt/src/hadoop-hdds/container-service/target/classes/webapps/hddsDatanode/,AVAILABLE}{/hddsDatanode}
2019-06-14 07:34:25,352 INFO  server.AbstractConnector (AbstractConnector.java:doStart(278)) - Started ServerConnector@3ba0ae41{HTTP/1.1,[http/1.1]}{0.0.0.0:33611}
2019-06-14 07:34:25,352 INFO  server.Server (Server.java:doStart(419)) - Started @4307ms
2019-06-14 07:34:25,353 INFO  server.BaseHttpServer (BaseHttpServer.java:updateConnectorAddress(207)) - HTTP server of HDDSDATANODE is listening at http://0.0.0.0:33611
2019-06-14 07:34:25,477 INFO  ozone.HddsDatanodeService (HddsDatanodeService.java:startPlugins(396)) - Started plug-in org.apache.hadoop.ozone.web.OzoneHddsDatanodeService@65bb6275
2019-06-14 07:34:25,478 INFO  ozone.MiniOzoneClusterImpl (MiniOzoneClusterImpl.java:lambda$waitForClusterToBeReady$0(142)) - Waiting for cluster to be ready. Got 0 of 3 DN Heartbeats.
2019-06-14 07:34:25,481 INFO  util.JvmPauseMonitor (JvmPauseMonitor.java:run(188)) - Starting JVM pause monitor
2019-06-14 07:34:25,483 INFO  datanode.InitDatanodeState (InitDatanodeState.java:persistContainerDatanodeDetails(140)) - DatanodeDetails is persisted to /opt/src/hadoop-ozone/tools/target/test-dir/MiniOzoneClusterImpl-b4061317-5e40-4fbf-a180-6f94f226641f/datanode-2/meta/datanode.id
2019-06-14 07:34:26,478 INFO  ozone.MiniOzoneClusterImpl (MiniOzoneClusterImpl.java:lambda$waitForClusterToBeReady$0(142)) - Waiting for cluster to be ready. Got 0 of 3 DN Heartbeats.
2019-06-14 07:34:27,101 INFO  ozoneimpl.OzoneContainer (OzoneContainer.java:start(186)) - Attempting to start container services.
2019-06-14 07:34:27,102 INFO  ozoneimpl.OzoneContainer (OzoneContainer.java:startContainerScrub(160)) - Background container scrubber has been disabled by hdds.containerscrub.enabled
2019-06-14 07:34:27,102 INFO  ratis.XceiverServerRatis (XceiverServerRatis.java:start(418)) - Starting XceiverServerRatis dc812fab-4b14-4703-99f7-04a025612d1b at port 41007
2019-06-14 07:34:27,114 INFO  impl.RaftServerProxy (RaftServerProxy.java:lambda$start$3(299)) - dc812fab-4b14-4703-99f7-04a025612d1b: start RPC server
2019-06-14 07:34:27,233 INFO  server.GrpcService (GrpcService.java:startImpl(148)) - dc812fab-4b14-4703-99f7-04a025612d1b: GrpcService started, listening on 0.0.0.0/0.0.0.0:41007
2019-06-14 07:34:27,302 INFO  ozoneimpl.OzoneContainer (OzoneContainer.java:start(186)) - Attempting to start container services.
2019-06-14 07:34:27,303 INFO  ozoneimpl.OzoneContainer (OzoneContainer.java:startContainerScrub(160)) - Background container scrubber has been disabled by hdds.containerscrub.enabled
2019-06-14 07:34:27,303 INFO  ratis.XceiverServerRatis (XceiverServerRatis.java:start(418)) - Starting XceiverServerRatis aeb9ce9c-02d3-4818-bf0d-2e37d7c0a0af at port 42501
2019-06-14 07:34:27,307 INFO  impl.RaftServerProxy (RaftServerProxy.java:lambda$start$3(299)) - aeb9ce9c-02d3-4818-bf0d-2e37d7c0a0af: start RPC server
2019-06-14 07:34:27,310 INFO  server.GrpcService (GrpcService.java:startImpl(148)) - aeb9ce9c-02d3-4818-bf0d-2e37d7c0a0af: GrpcService started, listening on 0.0.0.0/0.0.0.0:42501
2019-06-14 07:34:27,479 INFO  ozone.MiniOzoneClusterImpl (MiniOzoneClusterImpl.java:lambda$waitForClusterToBeReady$0(142)) - Waiting for cluster to be ready. Got 0 of 3 DN Heartbeats.
2019-06-14 07:34:27,486 INFO  ozoneimpl.OzoneContainer (OzoneContainer.java:start(186)) - Attempting to start container services.
2019-06-14 07:34:27,487 INFO  ozoneimpl.OzoneContainer (OzoneContainer.java:startContainerScrub(160)) - Background container scrubber has been disabled by hdds.containerscrub.enabled
2019-06-14 07:34:27,487 INFO  ratis.XceiverServerRatis (XceiverServerRatis.java:start(418)) - Starting XceiverServerRatis 448bf03a-4449-4010-a269-be6ed7112c43 at port 41795
2019-06-14 07:34:27,492 INFO  impl.RaftServerProxy (RaftServerProxy.java:lambda$start$3(299)) - 448bf03a-4449-4010-a269-be6ed7112c43: start RPC server
2019-06-14 07:34:27,493 INFO  server.GrpcService (GrpcService.java:startImpl(148)) - 448bf03a-4449-4010-a269-be6ed7112c43: GrpcService started, listening on 0.0.0.0/0.0.0.0:41795
2019-06-14 07:34:28,479 INFO  ozone.MiniOzoneClusterImpl (MiniOzoneClusterImpl.java:lambda$waitForClusterToBeReady$0(142)) - Waiting for cluster to be ready. Got 0 of 3 DN Heartbeats.
2019-06-14 07:34:29,114 INFO  node.SCMNodeManager (SCMNodeManager.java:register(234)) - Registered Data node : dc812fab-4b14-4703-99f7-04a025612d1b{ip: 192.168.105.150, host: ozone-tm9qp-1671232062, networkLocation: /default-rack, certSerialId: null}
2019-06-14 07:34:29,128 INFO  safemode.SCMSafeModeManager (DataNodeSafeModeRule.java:process(71)) - SCM in safe mode. 1 DataNodes registered, 1 required.
2019-06-14 07:34:29,129 INFO  safemode.SCMSafeModeManager (SCMSafeModeManager.java:validateSafeModeExitRules(177)) - ScmSafeModeManager, all rules are successfully validated
2019-06-14 07:34:29,129 INFO  safemode.SCMSafeModeManager (SCMSafeModeManager.java:exitSafeMode(193)) - SCM exiting safe mode.
2019-06-14 07:34:29,306 INFO  node.SCMNodeManager (SCMNodeManager.java:register(234)) - Registered Data node : aeb9ce9c-02d3-4818-bf0d-2e37d7c0a0af{ip: 192.168.105.150, host: ozone-tm9qp-1671232062, networkLocation: /default-rack, certSerialId: null}
2019-06-14 07:34:29,479 INFO  ozone.MiniOzoneClusterImpl (MiniOzoneClusterImpl.java:lambda$waitForClusterToBeReady$0(142)) - Waiting for cluster to be ready. Got 2 of 3 DN Heartbeats.
2019-06-14 07:34:29,488 INFO  node.SCMNodeManager (SCMNodeManager.java:register(234)) - Registered Data node : 448bf03a-4449-4010-a269-be6ed7112c43{ip: 192.168.105.150, host: ozone-tm9qp-1671232062, networkLocation: /default-rack, certSerialId: null}
2019-06-14 07:34:29,597 INFO  impl.RaftServerProxy (RaftServerProxy.java:addNew(89)) - dc812fab-4b14-4703-99f7-04a025612d1b: addNew group-7D43130ED005:[dc812fab-4b14-4703-99f7-04a025612d1b:192.168.105.150:41007] returns group-7D43130ED005:java.util.concurrent.CompletableFuture@3898d67[Not completed]
2019-06-14 07:34:29,606 INFO  impl.RaftServerImpl (RaftServerImpl.java:<init>(91)) - dc812fab-4b14-4703-99f7-04a025612d1b: new RaftServerImpl for group-7D43130ED005:[dc812fab-4b14-4703-99f7-04a025612d1b:192.168.105.150:41007] with ContainerStateMachine:uninitialized
2019-06-14 07:34:29,607 INFO  server.RaftServerConfigKeys (ConfUtils.java:logGet(43)) - raft.server.rpc.timeout.min = 1s (custom)
2019-06-14 07:34:29,608 INFO  server.RaftServerConfigKeys (ConfUtils.java:logGet(43)) - raft.server.rpc.timeout.max = 1200ms (custom)
2019-06-14 07:34:29,608 INFO  server.RaftServerConfigKeys (ConfUtils.java:logGet(43)) - raft.server.rpcslowness.timeout = 120s (custom)
2019-06-14 07:34:29,609 INFO  server.RaftServerConfigKeys (ConfUtils.java:logGet(43)) - raft.server.log.appender.install.snapshot.enabled = true (default)
2019-06-14 07:34:29,615 INFO  impl.RaftServerImpl (ServerState.java:<init>(101)) - dc812fab-4b14-4703-99f7-04a025612d1b:group-7D43130ED005 ConfigurationManager, init=-1: [dc812fab-4b14-4703-99f7-04a025612d1b:192.168.105.150:41007], old=null, confs=<EMPTY_MAP>
2019-06-14 07:34:29,615 INFO  server.RaftServerConfigKeys (ConfUtils.java:logGet(43)) - raft.server.storage.dir = [/opt/src/hadoop-ozone/tools/target/test-dir/MiniOzoneClusterImpl-b4061317-5e40-4fbf-a180-6f94f226641f/datanode-0/data/ratis] (custom)
2019-06-14 07:34:29,621 INFO  storage.RaftStorageDirectory (RaftStorageDirectory.java:analyzeStorage(246)) - The storage directory /opt/src/hadoop-ozone/tools/target/test-dir/MiniOzoneClusterImpl-b4061317-5e40-4fbf-a180-6f94f226641f/datanode-0/data/ratis/2965d4ef-8024-4046-9c9b-7d43130ed005 does not exist. Creating ...
2019-06-14 07:34:29,627 INFO  storage.RaftStorageDirectory (RaftStorageDirectory.java:tryLock(328)) - Lock on /opt/src/hadoop-ozone/tools/target/test-dir/MiniOzoneClusterImpl-b4061317-5e40-4fbf-a180-6f94f226641f/datanode-0/data/ratis/2965d4ef-8024-4046-9c9b-7d43130ed005/in_use.lock acquired by nodename 30674@ozone-tm9qp-1671232062
2019-06-14 07:34:29,632 INFO  storage.RaftStorage (RaftStorage.java:format(75)) - Storage directory /opt/src/hadoop-ozone/tools/target/test-dir/MiniOzoneClusterImpl-b4061317-5e40-4fbf-a180-6f94f226641f/datanode-0/data/ratis/2965d4ef-8024-4046-9c9b-7d43130ed005 has been successfully formatted.
2019-06-14 07:34:29,633 INFO  ratis.ContainerStateMachine (ContainerStateMachine.java:loadSnapshot(199)) - The snapshot info is null.Setting the last applied index to:(t:0, i:~)
2019-06-14 07:34:29,634 INFO  server.RaftServerConfigKeys (ConfUtils.java:logGet(43)) - raft.server.leader.election.timeout = 120s (custom)
2019-06-14 07:34:29,635 INFO  server.RaftServerConfigKeys (ConfUtils.java:logGet(43)) - raft.server.log.use.memory = false (default)
2019-06-14 07:34:29,638 INFO  server.RaftServerConfigKeys (ConfUtils.java:logGet(43)) - raft.server.log.appender.buffer.byte-limit = 33554432 (custom)
2019-06-14 07:34:29,641 INFO  server.RaftServerConfigKeys (ConfUtils.java:logGet(43)) - raft.server.log.segment.size.max = 16384 (custom)
2019-06-14 07:34:29,645 INFO  server.RaftServerConfigKeys (ConfUtils.java:logGet(43)) - raft.server.log.segment.cache.num.max = 2 (custom)
2019-06-14 07:34:29,648 INFO  storage.RaftLogWorker (RaftLogWorker.java:<init>(123)) - new dc812fab-4b14-4703-99f7-04a025612d1b-RaftLogWorker for Storage Directory /opt/src/hadoop-ozone/tools/target/test-dir/MiniOzoneClusterImpl-b4061317-5e40-4fbf-a180-6f94f226641f/datanode-0/data/ratis/2965d4ef-8024-4046-9c9b-7d43130ed005
2019-06-14 07:34:29,649 INFO  server.RaftServerConfigKeys (ConfUtils.java:logGet(43)) - raft.server.log.queue.byte-limit = 2147483647 (custom)
2019-06-14 07:34:29,649 INFO  server.RaftServerConfigKeys (ConfUtils.java:logGet(43)) - raft.server.log.queue.element-limit = 1024 (custom)
2019-06-14 07:34:29,651 INFO  server.RaftServerConfigKeys (ConfUtils.java:logGet(43)) - raft.server.log.segment.size.max = 16384 (custom)
2019-06-14 07:34:29,652 INFO  server.RaftServerConfigKeys (ConfUtils.java:logGet(43)) - raft.server.log.preallocated.size = 16384 (custom)
2019-06-14 07:34:29,652 INFO  server.RaftServerConfigKeys (ConfUtils.java:logGet(43)) - raft.server.log.write.buffer.size = 33554432 (custom)
2019-06-14 07:34:29,653 INFO  server.RaftServerConfigKeys (ConfUtils.java:logGet(43)) - raft.server.log.force.sync.num = 128 (default)
2019-06-14 07:34:29,654 INFO  server.RaftServerConfigKeys (ConfUtils.java:logGet(43)) - raft.server.log.statemachine.data.sync = true (default)
2019-06-14 07:34:29,655 INFO  server.RaftServerConfigKeys (ConfUtils.java:logGet(43)) - raft.server.log.statemachine.data.sync.timeout = 10s (default)
2019-06-14 07:34:29,655 INFO  server.RaftServerConfigKeys (ConfUtils.java:logGet(43)) - raft.server.log.statemachine.data.sync.timeout.retry = -1 (default)
2019-06-14 07:34:29,658 INFO  server.RaftServerConfigKeys (ConfUtils.java:logGet(43)) - raft.server.log.statemachine.data.caching.enabled = true (custom)
2019-06-14 07:34:29,668 INFO  server.RaftServerConfigKeys (ConfUtils.java:logGet(43)) - raft.server.snapshot.auto.trigger.enabled = true (custom)
2019-06-14 07:34:29,669 INFO  server.RaftServerConfigKeys (ConfUtils.java:logGet(43)) - raft.server.snapshot.auto.trigger.threshold = 10000 (custom)
2019-06-14 07:34:29,670 INFO  server.RaftServerConfigKeys (ConfUtils.java:logGet(43)) - raft.server.retrycache.expirytime = 600000ms (custom)
2019-06-14 07:34:29,685 INFO  impl.RaftServerImpl (RaftServerImpl.java:start(173)) - dc812fab-4b14-4703-99f7-04a025612d1b: start group-7D43130ED005
2019-06-14 07:34:29,686 INFO  impl.RaftServerImpl (RaftServerImpl.java:setRole(164)) - dc812fab-4b14-4703-99f7-04a025612d1b:group-7D43130ED005 changes role from null to FOLLOWER at term 0 for startAsFollower
2019-06-14 07:34:29,687 INFO  impl.RoleInfo (RoleInfo.java:updateAndGet(143)) - dc812fab-4b14-4703-99f7-04a025612d1b: start FollowerState
2019-06-14 07:34:29,690 INFO  util.JmxRegister (JmxRegister.java:tryRegister(44)) - Successfully registered JMX Bean with object name Ratis:service=RaftServer,group=group-7D43130ED005,id=dc812fab-4b14-4703-99f7-04a025612d1b
2019-06-14 07:34:29,725 INFO  pipeline.PipelineStateManager (PipelineStateManager.java:addPipeline(56)) - Created pipeline Pipeline[ Id: 2965d4ef-8024-4046-9c9b-7d43130ed005, Nodes: dc812fab-4b14-4703-99f7-04a025612d1b{ip: 192.168.105.150, host: ozone-tm9qp-1671232062, networkLocation: /default-rack, certSerialId: null}, Type:RATIS, Factor:ONE, State:OPEN]
2019-06-14 07:34:29,736 INFO  impl.RaftServerProxy (RaftServerProxy.java:addNew(89)) - aeb9ce9c-02d3-4818-bf0d-2e37d7c0a0af: addNew group-7316C7C21FE2:[aeb9ce9c-02d3-4818-bf0d-2e37d7c0a0af:192.168.105.150:42501] returns group-7316C7C21FE2:java.util.concurrent.CompletableFuture@6b3bc2ef[Not completed]
2019-06-14 07:34:29,750 INFO  impl.RaftServerImpl (RaftServerImpl.java:<init>(91)) - aeb9ce9c-02d3-4818-bf0d-2e37d7c0a0af: new RaftServerImpl for group-7316C7C21FE2:[aeb9ce9c-02d3-4818-bf0d-2e37d7c0a0af:192.168.105.150:42501] with ContainerStateMachine:uninitialized
2019-06-14 07:34:29,750 INFO  server.RaftServerConfigKeys (ConfUtils.java:logGet(43)) - raft.server.rpc.timeout.min = 1s (custom)
2019-06-14 07:34:29,750 INFO  server.RaftServerConfigKeys (ConfUtils.java:logGet(43)) - raft.server.rpc.timeout.max = 1200ms (custom)
2019-06-14 07:34:29,751 INFO  server.RaftServerConfigKeys (ConfUtils.java:logGet(43)) - raft.server.rpcslowness.timeout = 120s (custom)
2019-06-14 07:34:29,751 INFO  server.RaftServerConfigKeys (ConfUtils.java:logGet(43)) - raft.server.log.appender.install.snapshot.enabled = true (default)
2019-06-14 07:34:29,751 INFO  impl.RaftServerImpl (ServerState.java:<init>(101)) - aeb9ce9c-02d3-4818-bf0d-2e37d7c0a0af:group-7316C7C21FE2 ConfigurationManager, init=-1: [aeb9ce9c-02d3-4818-bf0d-2e37d7c0a0af:192.168.105.150:42501], old=null, confs=<EMPTY_MAP>
2019-06-14 07:34:29,751 INFO  server.RaftServerConfigKeys (ConfUtils.java:logGet(43)) - raft.server.storage.dir = [/opt/src/hadoop-ozone/tools/target/test-dir/MiniOzoneClusterImpl-b4061317-5e40-4fbf-a180-6f94f226641f/datanode-1/data/ratis] (custom)
2019-06-14 07:34:29,751 INFO  storage.RaftStorageDirectory (RaftStorageDirectory.java:analyzeStorage(246)) - The storage directory /opt/src/hadoop-ozone/tools/target/test-dir/MiniOzoneClusterImpl-b4061317-5e40-4fbf-a180-6f94f226641f/datanode-1/data/ratis/c86be0cd-bd73-4b43-b00b-7316c7c21fe2 does not exist. Creating ...
2019-06-14 07:34:29,754 INFO  storage.RaftStorageDirectory (RaftStorageDirectory.java:tryLock(328)) - Lock on /opt/src/hadoop-ozone/tools/target/test-dir/MiniOzoneClusterImpl-b4061317-5e40-4fbf-a180-6f94f226641f/datanode-1/data/ratis/c86be0cd-bd73-4b43-b00b-7316c7c21fe2/in_use.lock acquired by nodename 30674@ozone-tm9qp-1671232062
2019-06-14 07:34:29,756 INFO  storage.RaftStorage (RaftStorage.java:format(75)) - Storage directory /opt/src/hadoop-ozone/tools/target/test-dir/MiniOzoneClusterImpl-b4061317-5e40-4fbf-a180-6f94f226641f/datanode-1/data/ratis/c86be0cd-bd73-4b43-b00b-7316c7c21fe2 has been successfully formatted.
2019-06-14 07:34:29,757 INFO  ratis.ContainerStateMachine (ContainerStateMachine.java:loadSnapshot(199)) - The snapshot info is null.Setting the last applied index to:(t:0, i:~)
2019-06-14 07:34:29,757 INFO  server.RaftServerConfigKeys (ConfUtils.java:logGet(43)) - raft.server.leader.election.timeout = 120s (custom)
2019-06-14 07:34:29,757 INFO  server.RaftServerConfigKeys (ConfUtils.java:logGet(43)) - raft.server.log.use.memory = false (default)
2019-06-14 07:34:29,758 INFO  server.RaftServerConfigKeys (ConfUtils.java:logGet(43)) - raft.server.log.appender.buffer.byte-limit = 33554432 (custom)
2019-06-14 07:34:29,758 INFO  server.RaftServerConfigKeys (ConfUtils.java:logGet(43)) - raft.server.log.segment.size.max = 16384 (custom)
2019-06-14 07:34:29,758 INFO  server.RaftServerConfigKeys (ConfUtils.java:logGet(43)) - raft.server.log.segment.cache.num.max = 2 (custom)
2019-06-14 07:34:29,758 INFO  storage.RaftLogWorker (RaftLogWorker.java:<init>(123)) - new aeb9ce9c-02d3-4818-bf0d-2e37d7c0a0af-RaftLogWorker for Storage Directory /opt/src/hadoop-ozone/tools/target/test-dir/MiniOzoneClusterImpl-b4061317-5e40-4fbf-a180-6f94f226641f/datanode-1/data/ratis/c86be0cd-bd73-4b43-b00b-7316c7c21fe2
2019-06-14 07:34:29,759 INFO  server.RaftServerConfigKeys (ConfUtils.java:logGet(43)) - raft.server.log.queue.byte-limit = 2147483647 (custom)
2019-06-14 07:34:29,759 INFO  server.RaftServerConfigKeys (ConfUtils.java:logGet(43)) - raft.server.log.queue.element-limit = 1024 (custom)
2019-06-14 07:34:29,759 INFO  server.RaftServerConfigKeys (ConfUtils.java:logGet(43)) - raft.server.log.segment.size.max = 16384 (custom)
2019-06-14 07:34:29,759 INFO  server.RaftServerConfigKeys (ConfUtils.java:logGet(43)) - raft.server.log.preallocated.size = 16384 (custom)
2019-06-14 07:34:29,759 INFO  server.RaftServerConfigKeys (ConfUtils.java:logGet(43)) - raft.server.log.write.buffer.size = 33554432 (custom)
2019-06-14 07:34:29,759 INFO  server.RaftServerConfigKeys (ConfUtils.java:logGet(43)) - raft.server.log.force.sync.num = 128 (default)
2019-06-14 07:34:29,759 INFO  server.RaftServerConfigKeys (ConfUtils.java:logGet(43)) - raft.server.log.statemachine.data.sync = true (default)
2019-06-14 07:34:29,760 INFO  server.RaftServerConfigKeys (ConfUtils.java:logGet(43)) - raft.server.log.statemachine.data.sync.timeout = 10s (default)
2019-06-14 07:34:29,760 INFO  server.RaftServerConfigKeys (ConfUtils.java:logGet(43)) - raft.server.log.statemachine.data.sync.timeout.retry = -1 (default)
2019-06-14 07:34:29,760 INFO  server.RaftServerConfigKeys (ConfUtils.java:logGet(43)) - raft.server.log.statemachine.data.caching.enabled = true (custom)
2019-06-14 07:34:29,760 INFO  server.RaftServerConfigKeys (ConfUtils.java:logGet(43)) - raft.server.snapshot.auto.trigger.enabled = true (custom)
2019-06-14 07:34:29,760 INFO  server.RaftServerConfigKeys (ConfUtils.java:logGet(43)) - raft.server.snapshot.auto.trigger.threshold = 10000 (custom)
2019-06-14 07:34:29,761 INFO  server.RaftServerConfigKeys (ConfUtils.java:logGet(43)) - raft.server.retrycache.expirytime = 600000ms (custom)
2019-06-14 07:34:29,761 INFO  impl.RaftServerImpl (RaftServerImpl.java:start(173)) - aeb9ce9c-02d3-4818-bf0d-2e37d7c0a0af: start group-7316C7C21FE2
2019-06-14 07:34:29,761 INFO  impl.RaftServerImpl (RaftServerImpl.java:setRole(164)) - aeb9ce9c-02d3-4818-bf0d-2e37d7c0a0af:group-7316C7C21FE2 changes role from null to FOLLOWER at term 0 for startAsFollower
2019-06-14 07:34:29,761 INFO  impl.RoleInfo (RoleInfo.java:updateAndGet(143)) - aeb9ce9c-02d3-4818-bf0d-2e37d7c0a0af: start FollowerState
2019-06-14 07:34:29,762 INFO  util.JmxRegister (JmxRegister.java:tryRegister(44)) - Successfully registered JMX Bean with object name Ratis:service=RaftServer,group=group-7316C7C21FE2,id=aeb9ce9c-02d3-4818-bf0d-2e37d7c0a0af
2019-06-14 07:34:29,768 INFO  pipeline.PipelineStateManager (PipelineStateManager.java:addPipeline(56)) - Created pipeline Pipeline[ Id: c86be0cd-bd73-4b43-b00b-7316c7c21fe2, Nodes: aeb9ce9c-02d3-4818-bf0d-2e37d7c0a0af{ip: 192.168.105.150, host: ozone-tm9qp-1671232062, networkLocation: /default-rack, certSerialId: null}, Type:RATIS, Factor:ONE, State:OPEN]
2019-06-14 07:34:29,780 INFO  impl.RaftServerProxy (RaftServerProxy.java:addNew(89)) - 448bf03a-4449-4010-a269-be6ed7112c43: addNew group-D88C2C4D15B6:[448bf03a-4449-4010-a269-be6ed7112c43:192.168.105.150:41795] returns group-D88C2C4D15B6:java.util.concurrent.CompletableFuture@29408b3c[Not completed]
2019-06-14 07:34:29,782 INFO  impl.RaftServerImpl (RaftServerImpl.java:<init>(91)) - 448bf03a-4449-4010-a269-be6ed7112c43: new RaftServerImpl for group-D88C2C4D15B6:[448bf03a-4449-4010-a269-be6ed7112c43:192.168.105.150:41795] with ContainerStateMachine:uninitialized
2019-06-14 07:34:29,782 INFO  server.RaftServerConfigKeys (ConfUtils.java:logGet(43)) - raft.server.rpc.timeout.min = 1s (custom)
2019-06-14 07:34:29,783 INFO  server.RaftServerConfigKeys (ConfUtils.java:logGet(43)) - raft.server.rpc.timeout.max = 1200ms (custom)
2019-06-14 07:34:29,783 INFO  server.RaftServerConfigKeys (ConfUtils.java:logGet(43)) - raft.server.rpcslowness.timeout = 120s (custom)
2019-06-14 07:34:29,783 INFO  server.RaftServerConfigKeys (ConfUtils.java:logGet(43)) - raft.server.log.appender.install.snapshot.enabled = true (default)
2019-06-14 07:34:29,783 INFO  impl.RaftServerImpl (ServerState.java:<init>(101)) - 448bf03a-4449-4010-a269-be6ed7112c43:group-D88C2C4D15B6 ConfigurationManager, init=-1: [448bf03a-4449-4010-a269-be6ed7112c43:192.168.105.150:41795], old=null, confs=<EMPTY_MAP>
2019-06-14 07:34:29,783 INFO  server.RaftServerConfigKeys (ConfUtils.java:logGet(43)) - raft.server.storage.dir = [/opt/src/hadoop-ozone/tools/target/test-dir/MiniOzoneClusterImpl-b4061317-5e40-4fbf-a180-6f94f226641f/datanode-2/data/ratis] (custom)
2019-06-14 07:34:29,783 INFO  storage.RaftStorageDirectory (RaftStorageDirectory.java:analyzeStorage(246)) - The storage directory /opt/src/hadoop-ozone/tools/target/test-dir/MiniOzoneClusterImpl-b4061317-5e40-4fbf-a180-6f94f226641f/datanode-2/data/ratis/9eb19b13-d8e7-413f-9e92-d88c2c4d15b6 does not exist. Creating ...
2019-06-14 07:34:29,785 INFO  storage.RaftStorageDirectory (RaftStorageDirectory.java:tryLock(328)) - Lock on /opt/src/hadoop-ozone/tools/target/test-dir/MiniOzoneClusterImpl-b4061317-5e40-4fbf-a180-6f94f226641f/datanode-2/data/ratis/9eb19b13-d8e7-413f-9e92-d88c2c4d15b6/in_use.lock acquired by nodename 30674@ozone-tm9qp-1671232062
2019-06-14 07:34:29,789 INFO  storage.RaftStorage (RaftStorage.java:format(75)) - Storage directory /opt/src/hadoop-ozone/tools/target/test-dir/MiniOzoneClusterImpl-b4061317-5e40-4fbf-a180-6f94f226641f/datanode-2/data/ratis/9eb19b13-d8e7-413f-9e92-d88c2c4d15b6 has been successfully formatted.
2019-06-14 07:34:29,789 INFO  ratis.ContainerStateMachine (ContainerStateMachine.java:loadSnapshot(199)) - The snapshot info is null.Setting the last applied index to:(t:0, i:~)
2019-06-14 07:34:29,790 INFO  server.RaftServerConfigKeys (ConfUtils.java:logGet(43)) - raft.server.leader.election.timeout = 120s (custom)
2019-06-14 07:34:29,790 INFO  server.RaftServerConfigKeys (ConfUtils.java:logGet(43)) - raft.server.log.use.memory = false (default)
2019-06-14 07:34:29,790 INFO  server.RaftServerConfigKeys (ConfUtils.java:logGet(43)) - raft.server.log.appender.buffer.byte-limit = 33554432 (custom)
2019-06-14 07:34:29,790 INFO  server.RaftServerConfigKeys (ConfUtils.java:logGet(43)) - raft.server.log.segment.size.max = 16384 (custom)
2019-06-14 07:34:29,790 INFO  server.RaftServerConfigKeys (ConfUtils.java:logGet(43)) - raft.server.log.segment.cache.num.max = 2 (custom)
2019-06-14 07:34:29,790 INFO  storage.RaftLogWorker (RaftLogWorker.java:<init>(123)) - new 448bf03a-4449-4010-a269-be6ed7112c43-RaftLogWorker for Storage Directory /opt/src/hadoop-ozone/tools/target/test-dir/MiniOzoneClusterImpl-b4061317-5e40-4fbf-a180-6f94f226641f/datanode-2/data/ratis/9eb19b13-d8e7-413f-9e92-d88c2c4d15b6
2019-06-14 07:34:29,790 INFO  server.RaftServerConfigKeys (ConfUtils.java:logGet(43)) - raft.server.log.queue.byte-limit = 2147483647 (custom)
2019-06-14 07:34:29,791 INFO  server.RaftServerConfigKeys (ConfUtils.java:logGet(43)) - raft.server.log.queue.element-limit = 1024 (custom)
2019-06-14 07:34:29,791 INFO  server.RaftServerConfigKeys (ConfUtils.java:logGet(43)) - raft.server.log.segment.size.max = 16384 (custom)
2019-06-14 07:34:29,791 INFO  server.RaftServerConfigKeys (ConfUtils.java:logGet(43)) - raft.server.log.preallocated.size = 16384 (custom)
2019-06-14 07:34:29,791 INFO  server.RaftServerConfigKeys (ConfUtils.java:logGet(43)) - raft.server.log.write.buffer.size = 33554432 (custom)
2019-06-14 07:34:29,791 INFO  server.RaftServerConfigKeys (ConfUtils.java:logGet(43)) - raft.server.log.force.sync.num = 128 (default)
2019-06-14 07:34:29,791 INFO  server.RaftServerConfigKeys (ConfUtils.java:logGet(43)) - raft.server.log.statemachine.data.sync = true (default)
2019-06-14 07:34:29,791 INFO  server.RaftServerConfigKeys (ConfUtils.java:logGet(43)) - raft.server.log.statemachine.data.sync.timeout = 10s (default)
2019-06-14 07:34:29,791 INFO  server.RaftServerConfigKeys (ConfUtils.java:logGet(43)) - raft.server.log.statemachine.data.sync.timeout.retry = -1 (default)
2019-06-14 07:34:29,791 INFO  server.RaftServerConfigKeys (ConfUtils.java:logGet(43)) - raft.server.log.statemachine.data.caching.enabled = true (custom)
2019-06-14 07:34:29,792 INFO  server.RaftServerConfigKeys (ConfUtils.java:logGet(43)) - raft.server.snapshot.auto.trigger.enabled = true (custom)
2019-06-14 07:34:29,792 INFO  server.RaftServerConfigKeys (ConfUtils.java:logGet(43)) - raft.server.snapshot.auto.trigger.threshold = 10000 (custom)
2019-06-14 07:34:29,792 INFO  server.RaftServerConfigKeys (ConfUtils.java:logGet(43)) - raft.server.retrycache.expirytime = 600000ms (custom)
2019-06-14 07:34:29,792 INFO  impl.RaftServerImpl (RaftServerImpl.java:start(173)) - 448bf03a-4449-4010-a269-be6ed7112c43: start group-D88C2C4D15B6
2019-06-14 07:34:29,792 INFO  impl.RaftServerImpl (RaftServerImpl.java:setRole(164)) - 448bf03a-4449-4010-a269-be6ed7112c43:group-D88C2C4D15B6 changes role from null to FOLLOWER at term 0 for startAsFollower
2019-06-14 07:34:29,792 INFO  impl.RoleInfo (RoleInfo.java:updateAndGet(143)) - 448bf03a-4449-4010-a269-be6ed7112c43: start FollowerState
2019-06-14 07:34:29,793 INFO  util.JmxRegister (JmxRegister.java:tryRegister(44)) - Successfully registered JMX Bean with object name Ratis:service=RaftServer,group=group-D88C2C4D15B6,id=448bf03a-4449-4010-a269-be6ed7112c43
2019-06-14 07:34:29,893 INFO  pipeline.PipelineStateManager (PipelineStateManager.java:addPipeline(56)) - Created pipeline Pipeline[ Id: 9eb19b13-d8e7-413f-9e92-d88c2c4d15b6, Nodes: 448bf03a-4449-4010-a269-be6ed7112c43{ip: 192.168.105.150, host: ozone-tm9qp-1671232062, networkLocation: /default-rack, certSerialId: null}, Type:RATIS, Factor:ONE, State:OPEN]
2019-06-14 07:34:29,919 INFO  impl.RaftServerProxy (RaftServerProxy.java:addNew(89)) - 448bf03a-4449-4010-a269-be6ed7112c43: addNew group-DA691C5BEC63:[aeb9ce9c-02d3-4818-bf0d-2e37d7c0a0af:192.168.105.150:42501, 448bf03a-4449-4010-a269-be6ed7112c43:192.168.105.150:41795, dc812fab-4b14-4703-99f7-04a025612d1b:192.168.105.150:41007] returns group-DA691C5BEC63:java.util.concurrent.CompletableFuture@7478153d[Not completed]
2019-06-14 07:34:29,919 INFO  impl.RaftServerProxy (RaftServerProxy.java:addNew(89)) - aeb9ce9c-02d3-4818-bf0d-2e37d7c0a0af: addNew group-DA691C5BEC63:[aeb9ce9c-02d3-4818-bf0d-2e37d7c0a0af:192.168.105.150:42501, 448bf03a-4449-4010-a269-be6ed7112c43:192.168.105.150:41795, dc812fab-4b14-4703-99f7-04a025612d1b:192.168.105.150:41007] returns group-DA691C5BEC63:java.util.concurrent.CompletableFuture@7de95c12[Not completed]
2019-06-14 07:34:29,919 INFO  impl.RaftServerImpl (RaftServerImpl.java:<init>(91)) - aeb9ce9c-02d3-4818-bf0d-2e37d7c0a0af: new RaftServerImpl for group-DA691C5BEC63:[aeb9ce9c-02d3-4818-bf0d-2e37d7c0a0af:192.168.105.150:42501, 448bf03a-4449-4010-a269-be6ed7112c43:192.168.105.150:41795, dc812fab-4b14-4703-99f7-04a025612d1b:192.168.105.150:41007] with ContainerStateMachine:uninitialized
2019-06-14 07:34:29,920 INFO  server.RaftServerConfigKeys (ConfUtils.java:logGet(43)) - raft.server.rpc.timeout.min = 1s (custom)
2019-06-14 07:34:29,920 INFO  server.RaftServerConfigKeys (ConfUtils.java:logGet(43)) - raft.server.rpc.timeout.max = 1200ms (custom)
2019-06-14 07:34:29,920 INFO  impl.RaftServerImpl (RaftServerImpl.java:<init>(91)) - 448bf03a-4449-4010-a269-be6ed7112c43: new RaftServerImpl for group-DA691C5BEC63:[aeb9ce9c-02d3-4818-bf0d-2e37d7c0a0af:192.168.105.150:42501, 448bf03a-4449-4010-a269-be6ed7112c43:192.168.105.150:41795, dc812fab-4b14-4703-99f7-04a025612d1b:192.168.105.150:41007] with ContainerStateMachine:uninitialized
2019-06-14 07:34:29,920 INFO  server.RaftServerConfigKeys (ConfUtils.java:logGet(43)) - raft.server.rpcslowness.timeout = 120s (custom)
2019-06-14 07:34:29,920 INFO  server.RaftServerConfigKeys (ConfUtils.java:logGet(43)) - raft.server.log.appender.install.snapshot.enabled = true (default)
2019-06-14 07:34:29,920 INFO  impl.RaftServerImpl (ServerState.java:<init>(101)) - aeb9ce9c-02d3-4818-bf0d-2e37d7c0a0af:group-DA691C5BEC63 ConfigurationManager, init=-1: [aeb9ce9c-02d3-4818-bf0d-2e37d7c0a0af:192.168.105.150:42501, 448bf03a-4449-4010-a269-be6ed7112c43:192.168.105.150:41795, dc812fab-4b14-4703-99f7-04a025612d1b:192.168.105.150:41007], old=null, confs=<EMPTY_MAP>
2019-06-14 07:34:29,920 INFO  server.RaftServerConfigKeys (ConfUtils.java:logGet(43)) - raft.server.storage.dir = [/opt/src/hadoop-ozone/tools/target/test-dir/MiniOzoneClusterImpl-b4061317-5e40-4fbf-a180-6f94f226641f/datanode-1/data/ratis] (custom)
2019-06-14 07:34:29,921 INFO  impl.RaftServerProxy (RaftServerProxy.java:addNew(89)) - dc812fab-4b14-4703-99f7-04a025612d1b: addNew group-DA691C5BEC63:[aeb9ce9c-02d3-4818-bf0d-2e37d7c0a0af:192.168.105.150:42501, 448bf03a-4449-4010-a269-be6ed7112c43:192.168.105.150:41795, dc812fab-4b14-4703-99f7-04a025612d1b:192.168.105.150:41007] returns group-DA691C5BEC63:java.util.concurrent.CompletableFuture@669a223f[Not completed]
2019-06-14 07:34:29,920 INFO  server.RaftServerConfigKeys (ConfUtils.java:logGet(43)) - raft.server.rpc.timeout.min = 1s (custom)
2019-06-14 07:34:29,921 INFO  server.RaftServerConfigKeys (ConfUtils.java:logGet(43)) - raft.server.rpc.timeout.max = 1200ms (custom)
2019-06-14 07:34:29,921 INFO  server.RaftServerConfigKeys (ConfUtils.java:logGet(43)) - raft.server.rpcslowness.timeout = 120s (custom)
2019-06-14 07:34:29,921 INFO  storage.RaftStorageDirectory (RaftStorageDirectory.java:analyzeStorage(246)) - The storage directory /opt/src/hadoop-ozone/tools/target/test-dir/MiniOzoneClusterImpl-b4061317-5e40-4fbf-a180-6f94f226641f/datanode-1/data/ratis/0398d8d2-2b3a-4e4f-aea4-da691c5bec63 does not exist. Creating ...
2019-06-14 07:34:29,921 INFO  impl.RaftServerImpl (RaftServerImpl.java:<init>(91)) - dc812fab-4b14-4703-99f7-04a025612d1b: new RaftServerImpl for group-DA691C5BEC63:[aeb9ce9c-02d3-4818-bf0d-2e37d7c0a0af:192.168.105.150:42501, 448bf03a-4449-4010-a269-be6ed7112c43:192.168.105.150:41795, dc812fab-4b14-4703-99f7-04a025612d1b:192.168.105.150:41007] with ContainerStateMachine:uninitialized
2019-06-14 07:34:29,922 INFO  server.RaftServerConfigKeys (ConfUtils.java:logGet(43)) - raft.server.rpc.timeout.min = 1s (custom)
2019-06-14 07:34:29,922 INFO  server.RaftServerConfigKeys (ConfUtils.java:logGet(43)) - raft.server.rpc.timeout.max = 1200ms (custom)
2019-06-14 07:34:29,922 INFO  server.RaftServerConfigKeys (ConfUtils.java:logGet(43)) - raft.server.rpcslowness.timeout = 120s (custom)
2019-06-14 07:34:29,922 INFO  server.RaftServerConfigKeys (ConfUtils.java:logGet(43)) - raft.server.log.appender.install.snapshot.enabled = true (default)
2019-06-14 07:34:29,922 INFO  impl.RaftServerImpl (ServerState.java:<init>(101)) - dc812fab-4b14-4703-99f7-04a025612d1b:group-DA691C5BEC63 ConfigurationManager, init=-1: [aeb9ce9c-02d3-4818-bf0d-2e37d7c0a0af:192.168.105.150:42501, 448bf03a-4449-4010-a269-be6ed7112c43:192.168.105.150:41795, dc812fab-4b14-4703-99f7-04a025612d1b:192.168.105.150:41007], old=null, confs=<EMPTY_MAP>
2019-06-14 07:34:29,922 INFO  server.RaftServerConfigKeys (ConfUtils.java:logGet(43)) - raft.server.storage.dir = [/opt/src/hadoop-ozone/tools/target/test-dir/MiniOzoneClusterImpl-b4061317-5e40-4fbf-a180-6f94f226641f/datanode-0/data/ratis] (custom)
2019-06-14 07:34:29,922 INFO  storage.RaftStorageDirectory (RaftStorageDirectory.java:analyzeStorage(246)) - The storage directory /opt/src/hadoop-ozone/tools/target/test-dir/MiniOzoneClusterImpl-b4061317-5e40-4fbf-a180-6f94f226641f/datanode-0/data/ratis/0398d8d2-2b3a-4e4f-aea4-da691c5bec63 does not exist. Creating ...
2019-06-14 07:34:29,923 INFO  server.RaftServerConfigKeys (ConfUtils.java:logGet(43)) - raft.server.log.appender.install.snapshot.enabled = true (default)
2019-06-14 07:34:29,923 INFO  impl.RaftServerImpl (ServerState.java:<init>(101)) - 448bf03a-4449-4010-a269-be6ed7112c43:group-DA691C5BEC63 ConfigurationManager, init=-1: [aeb9ce9c-02d3-4818-bf0d-2e37d7c0a0af:192.168.105.150:42501, 448bf03a-4449-4010-a269-be6ed7112c43:192.168.105.150:41795, dc812fab-4b14-4703-99f7-04a025612d1b:192.168.105.150:41007], old=null, confs=<EMPTY_MAP>
2019-06-14 07:34:29,923 INFO  server.RaftServerConfigKeys (ConfUtils.java:logGet(43)) - raft.server.storage.dir = [/opt/src/hadoop-ozone/tools/target/test-dir/MiniOzoneClusterImpl-b4061317-5e40-4fbf-a180-6f94f226641f/datanode-2/data/ratis] (custom)
2019-06-14 07:34:29,923 INFO  storage.RaftStorageDirectory (RaftStorageDirectory.java:analyzeStorage(246)) - The storage directory /opt/src/hadoop-ozone/tools/target/test-dir/MiniOzoneClusterImpl-b4061317-5e40-4fbf-a180-6f94f226641f/datanode-2/data/ratis/0398d8d2-2b3a-4e4f-aea4-da691c5bec63 does not exist. Creating ...
2019-06-14 07:34:29,923 INFO  storage.RaftStorageDirectory (RaftStorageDirectory.java:tryLock(328)) - Lock on /opt/src/hadoop-ozone/tools/target/test-dir/MiniOzoneClusterImpl-b4061317-5e40-4fbf-a180-6f94f226641f/datanode-1/data/ratis/0398d8d2-2b3a-4e4f-aea4-da691c5bec63/in_use.lock acquired by nodename 30674@ozone-tm9qp-1671232062
2019-06-14 07:34:29,925 INFO  storage.RaftStorageDirectory (RaftStorageDirectory.java:tryLock(328)) - Lock on /opt/src/hadoop-ozone/tools/target/test-dir/MiniOzoneClusterImpl-b4061317-5e40-4fbf-a180-6f94f226641f/datanode-2/data/ratis/0398d8d2-2b3a-4e4f-aea4-da691c5bec63/in_use.lock acquired by nodename 30674@ozone-tm9qp-1671232062
2019-06-14 07:34:29,925 INFO  storage.RaftStorageDirectory (RaftStorageDirectory.java:tryLock(328)) - Lock on /opt/src/hadoop-ozone/tools/target/test-dir/MiniOzoneClusterImpl-b4061317-5e40-4fbf-a180-6f94f226641f/datanode-0/data/ratis/0398d8d2-2b3a-4e4f-aea4-da691c5bec63/in_use.lock acquired by nodename 30674@ozone-tm9qp-1671232062
2019-06-14 07:34:29,927 INFO  storage.RaftStorage (RaftStorage.java:format(75)) - Storage directory /opt/src/hadoop-ozone/tools/target/test-dir/MiniOzoneClusterImpl-b4061317-5e40-4fbf-a180-6f94f226641f/datanode-1/data/ratis/0398d8d2-2b3a-4e4f-aea4-da691c5bec63 has been successfully formatted.
2019-06-14 07:34:29,927 INFO  ratis.ContainerStateMachine (ContainerStateMachine.java:loadSnapshot(199)) - The snapshot info is null.Setting the last applied index to:(t:0, i:~)
2019-06-14 07:34:29,927 INFO  server.RaftServerConfigKeys (ConfUtils.java:logGet(43)) - raft.server.leader.election.timeout = 120s (custom)
2019-06-14 07:34:29,927 INFO  server.RaftServerConfigKeys (ConfUtils.java:logGet(43)) - raft.server.log.use.memory = false (default)
2019-06-14 07:34:29,927 INFO  server.RaftServerConfigKeys (ConfUtils.java:logGet(43)) - raft.server.log.appender.buffer.byte-limit = 33554432 (custom)
2019-06-14 07:34:29,927 INFO  server.RaftServerConfigKeys (ConfUtils.java:logGet(43)) - raft.server.log.segment.size.max = 16384 (custom)
2019-06-14 07:34:29,927 INFO  server.RaftServerConfigKeys (ConfUtils.java:logGet(43)) - raft.server.log.segment.cache.num.max = 2 (custom)
2019-06-14 07:34:29,927 INFO  storage.RaftLogWorker (RaftLogWorker.java:<init>(123)) - new aeb9ce9c-02d3-4818-bf0d-2e37d7c0a0af-RaftLogWorker for Storage Directory /opt/src/hadoop-ozone/tools/target/test-dir/MiniOzoneClusterImpl-b4061317-5e40-4fbf-a180-6f94f226641f/datanode-1/data/ratis/0398d8d2-2b3a-4e4f-aea4-da691c5bec63
2019-06-14 07:34:29,927 INFO  server.RaftServerConfigKeys (ConfUtils.java:logGet(43)) - raft.server.log.queue.byte-limit = 2147483647 (custom)
2019-06-14 07:34:29,928 INFO  server.RaftServerConfigKeys (ConfUtils.java:logGet(43)) - raft.server.log.queue.element-limit = 1024 (custom)
2019-06-14 07:34:29,928 INFO  server.RaftServerConfigKeys (ConfUtils.java:logGet(43)) - raft.server.log.segment.size.max = 16384 (custom)
2019-06-14 07:34:29,928 INFO  server.RaftServerConfigKeys (ConfUtils.java:logGet(43)) - raft.server.log.preallocated.size = 16384 (custom)
2019-06-14 07:34:29,928 INFO  server.RaftServerConfigKeys (ConfUtils.java:logGet(43)) - raft.server.log.write.buffer.size = 33554432 (custom)
2019-06-14 07:34:29,928 INFO  server.RaftServerConfigKeys (ConfUtils.java:logGet(43)) - raft.server.log.force.sync.num = 128 (default)
2019-06-14 07:34:29,928 INFO  server.RaftServerConfigKeys (ConfUtils.java:logGet(43)) - raft.server.log.statemachine.data.sync = true (default)
2019-06-14 07:34:29,928 INFO  server.RaftServerConfigKeys (ConfUtils.java:logGet(43)) - raft.server.log.statemachine.data.sync.timeout = 10s (default)
2019-06-14 07:34:29,928 INFO  server.RaftServerConfigKeys (ConfUtils.java:logGet(43)) - raft.server.log.statemachine.data.sync.timeout.retry = -1 (default)
2019-06-14 07:34:29,928 INFO  server.RaftServerConfigKeys (ConfUtils.java:logGet(43)) - raft.server.log.statemachine.data.caching.enabled = true (custom)
2019-06-14 07:34:29,929 INFO  server.RaftServerConfigKeys (ConfUtils.java:logGet(43)) - raft.server.snapshot.auto.trigger.enabled = true (custom)
2019-06-14 07:34:29,929 INFO  server.RaftServerConfigKeys (ConfUtils.java:logGet(43)) - raft.server.snapshot.auto.trigger.threshold = 10000 (custom)
2019-06-14 07:34:29,929 INFO  server.RaftServerConfigKeys (ConfUtils.java:logGet(43)) - raft.server.retrycache.expirytime = 600000ms (custom)
2019-06-14 07:34:29,929 INFO  impl.RaftServerImpl (RaftServerImpl.java:start(173)) - aeb9ce9c-02d3-4818-bf0d-2e37d7c0a0af: start group-DA691C5BEC63
2019-06-14 07:34:29,929 INFO  impl.RaftServerImpl (RaftServerImpl.java:setRole(164)) - aeb9ce9c-02d3-4818-bf0d-2e37d7c0a0af:group-DA691C5BEC63 changes role from null to FOLLOWER at term 0 for startAsFollower
2019-06-14 07:34:29,929 INFO  impl.RoleInfo (RoleInfo.java:updateAndGet(143)) - aeb9ce9c-02d3-4818-bf0d-2e37d7c0a0af: start FollowerState
2019-06-14 07:34:29,929 INFO  storage.RaftStorage (RaftStorage.java:format(75)) - Storage directory /opt/src/hadoop-ozone/tools/target/test-dir/MiniOzoneClusterImpl-b4061317-5e40-4fbf-a180-6f94f226641f/datanode-0/data/ratis/0398d8d2-2b3a-4e4f-aea4-da691c5bec63 has been successfully formatted.
2019-06-14 07:34:29,930 INFO  ratis.ContainerStateMachine (ContainerStateMachine.java:loadSnapshot(199)) - The snapshot info is null.Setting the last applied index to:(t:0, i:~)
2019-06-14 07:34:29,930 INFO  server.RaftServerConfigKeys (ConfUtils.java:logGet(43)) - raft.server.leader.election.timeout = 120s (custom)
2019-06-14 07:34:29,930 INFO  server.RaftServerConfigKeys (ConfUtils.java:logGet(43)) - raft.server.log.use.memory = false (default)
2019-06-14 07:34:29,930 INFO  server.RaftServerConfigKeys (ConfUtils.java:logGet(43)) - raft.server.log.appender.buffer.byte-limit = 33554432 (custom)
2019-06-14 07:34:29,930 INFO  server.RaftServerConfigKeys (ConfUtils.java:logGet(43)) - raft.server.log.segment.size.max = 16384 (custom)
2019-06-14 07:34:29,930 INFO  server.RaftServerConfigKeys (ConfUtils.java:logGet(43)) - raft.server.log.segment.cache.num.max = 2 (custom)
2019-06-14 07:34:29,930 INFO  storage.RaftLogWorker (RaftLogWorker.java:<init>(123)) - new dc812fab-4b14-4703-99f7-04a025612d1b-RaftLogWorker for Storage Directory /opt/src/hadoop-ozone/tools/target/test-dir/MiniOzoneClusterImpl-b4061317-5e40-4fbf-a180-6f94f226641f/datanode-0/data/ratis/0398d8d2-2b3a-4e4f-aea4-da691c5bec63
2019-06-14 07:34:29,930 INFO  server.RaftServerConfigKeys (ConfUtils.java:logGet(43)) - raft.server.log.queue.byte-limit = 2147483647 (custom)
2019-06-14 07:34:29,930 INFO  server.RaftServerConfigKeys (ConfUtils.java:logGet(43)) - raft.server.log.queue.element-limit = 1024 (custom)
2019-06-14 07:34:29,930 INFO  server.RaftServerConfigKeys (ConfUtils.java:logGet(43)) - raft.server.log.segment.size.max = 16384 (custom)
2019-06-14 07:34:29,930 INFO  server.RaftServerConfigKeys (ConfUtils.java:logGet(43)) - raft.server.log.preallocated.size = 16384 (custom)
2019-06-14 07:34:29,931 INFO  server.RaftServerConfigKeys (ConfUtils.java:logGet(43)) - raft.server.log.write.buffer.size = 33554432 (custom)
2019-06-14 07:34:29,931 INFO  server.RaftServerConfigKeys (ConfUtils.java:logGet(43)) - raft.server.log.force.sync.num = 128 (default)
2019-06-14 07:34:29,931 INFO  server.RaftServerConfigKeys (ConfUtils.java:logGet(43)) - raft.server.log.statemachine.data.sync = true (default)
2019-06-14 07:34:29,931 INFO  server.RaftServerConfigKeys (ConfUtils.java:logGet(43)) - raft.server.log.statemachine.data.sync.timeout = 10s (default)
2019-06-14 07:34:29,931 INFO  server.RaftServerConfigKeys (ConfUtils.java:logGet(43)) - raft.server.log.statemachine.data.sync.timeout.retry = -1 (default)
2019-06-14 07:34:29,928 INFO  storage.RaftStorage (RaftStorage.java:format(75)) - Storage directory /opt/src/hadoop-ozone/tools/target/test-dir/MiniOzoneClusterImpl-b4061317-5e40-4fbf-a180-6f94f226641f/datanode-2/data/ratis/0398d8d2-2b3a-4e4f-aea4-da691c5bec63 has been successfully formatted.
2019-06-14 07:34:29,931 INFO  ratis.ContainerStateMachine (ContainerStateMachine.java:loadSnapshot(199)) - The snapshot info is null.Setting the last applied index to:(t:0, i:~)
2019-06-14 07:34:29,931 INFO  server.RaftServerConfigKeys (ConfUtils.java:logGet(43)) - raft.server.leader.election.timeout = 120s (custom)
2019-06-14 07:34:29,931 INFO  server.RaftServerConfigKeys (ConfUtils.java:logGet(43)) - raft.server.log.use.memory = false (default)
2019-06-14 07:34:29,931 INFO  server.RaftServerConfigKeys (ConfUtils.java:logGet(43)) - raft.server.log.appender.buffer.byte-limit = 33554432 (custom)
2019-06-14 07:34:29,931 INFO  server.RaftServerConfigKeys (ConfUtils.java:logGet(43)) - raft.server.log.segment.size.max = 16384 (custom)
2019-06-14 07:34:29,932 INFO  server.RaftServerConfigKeys (ConfUtils.java:logGet(43)) - raft.server.log.segment.cache.num.max = 2 (custom)
2019-06-14 07:34:29,932 INFO  storage.RaftLogWorker (RaftLogWorker.java:<init>(123)) - new 448bf03a-4449-4010-a269-be6ed7112c43-RaftLogWorker for Storage Directory /opt/src/hadoop-ozone/tools/target/test-dir/MiniOzoneClusterImpl-b4061317-5e40-4fbf-a180-6f94f226641f/datanode-2/data/ratis/0398d8d2-2b3a-4e4f-aea4-da691c5bec63
2019-06-14 07:34:29,932 INFO  server.RaftServerConfigKeys (ConfUtils.java:logGet(43)) - raft.server.log.queue.byte-limit = 2147483647 (custom)
2019-06-14 07:34:29,932 INFO  server.RaftServerConfigKeys (ConfUtils.java:logGet(43)) - raft.server.log.queue.element-limit = 1024 (custom)
2019-06-14 07:34:29,932 INFO  server.RaftServerConfigKeys (ConfUtils.java:logGet(43)) - raft.server.log.segment.size.max = 16384 (custom)
2019-06-14 07:34:29,932 INFO  server.RaftServerConfigKeys (ConfUtils.java:logGet(43)) - raft.server.log.preallocated.size = 16384 (custom)
2019-06-14 07:34:29,932 INFO  server.RaftServerConfigKeys (ConfUtils.java:logGet(43)) - raft.server.log.write.buffer.size = 33554432 (custom)
2019-06-14 07:34:29,932 INFO  server.RaftServerConfigKeys (ConfUtils.java:logGet(43)) - raft.server.log.force.sync.num = 128 (default)
2019-06-14 07:34:29,932 INFO  server.RaftServerConfigKeys (ConfUtils.java:logGet(43)) - raft.server.log.statemachine.data.sync = true (default)
2019-06-14 07:34:29,932 INFO  server.RaftServerConfigKeys (ConfUtils.java:logGet(43)) - raft.server.log.statemachine.data.sync.timeout = 10s (default)
2019-06-14 07:34:29,932 INFO  server.RaftServerConfigKeys (ConfUtils.java:logGet(43)) - raft.server.log.statemachine.data.sync.timeout.retry = -1 (default)
2019-06-14 07:34:29,932 INFO  server.RaftServerConfigKeys (ConfUtils.java:logGet(43)) - raft.server.log.statemachine.data.caching.enabled = true (custom)
2019-06-14 07:34:29,933 INFO  server.RaftServerConfigKeys (ConfUtils.java:logGet(43)) - raft.server.log.statemachine.data.caching.enabled = true (custom)
2019-06-14 07:34:29,933 INFO  util.JmxRegister (JmxRegister.java:tryRegister(44)) - Successfully registered JMX Bean with object name Ratis:service=RaftServer,group=group-DA691C5BEC63,id=aeb9ce9c-02d3-4818-bf0d-2e37d7c0a0af
2019-06-14 07:34:29,933 INFO  server.RaftServerConfigKeys (ConfUtils.java:logGet(43)) - raft.server.snapshot.auto.trigger.enabled = true (custom)
2019-06-14 07:34:29,933 INFO  server.RaftServerConfigKeys (ConfUtils.java:logGet(43)) - raft.server.snapshot.auto.trigger.threshold = 10000 (custom)
2019-06-14 07:34:29,933 INFO  server.RaftServerConfigKeys (ConfUtils.java:logGet(43)) - raft.server.snapshot.auto.trigger.enabled = true (custom)
2019-06-14 07:34:29,933 INFO  server.RaftServerConfigKeys (ConfUtils.java:logGet(43)) - raft.server.retrycache.expirytime = 600000ms (custom)
2019-06-14 07:34:29,934 INFO  impl.RaftServerImpl (RaftServerImpl.java:start(173)) - 448bf03a-4449-4010-a269-be6ed7112c43: start group-DA691C5BEC63
2019-06-14 07:34:29,934 INFO  impl.RaftServerImpl (RaftServerImpl.java:setRole(164)) - 448bf03a-4449-4010-a269-be6ed7112c43:group-DA691C5BEC63 changes role from null to FOLLOWER at term 0 for startAsFollower
2019-06-14 07:34:29,934 INFO  impl.RoleInfo (RoleInfo.java:updateAndGet(143)) - 448bf03a-4449-4010-a269-be6ed7112c43: start FollowerState
2019-06-14 07:34:29,933 INFO  server.RaftServerConfigKeys (ConfUtils.java:logGet(43)) - raft.server.snapshot.auto.trigger.threshold = 10000 (custom)
2019-06-14 07:34:29,935 INFO  server.RaftServerConfigKeys (ConfUtils.java:logGet(43)) - raft.server.retrycache.expirytime = 600000ms (custom)
2019-06-14 07:34:29,935 INFO  util.JmxRegister (JmxRegister.java:tryRegister(44)) - Successfully registered JMX Bean with object name Ratis:service=RaftServer,group=group-DA691C5BEC63,id=448bf03a-4449-4010-a269-be6ed7112c43
2019-06-14 07:34:29,936 INFO  impl.RaftServerImpl (RaftServerImpl.java:start(173)) - dc812fab-4b14-4703-99f7-04a025612d1b: start group-DA691C5BEC63
2019-06-14 07:34:29,936 INFO  impl.RaftServerImpl (RaftServerImpl.java:setRole(164)) - dc812fab-4b14-4703-99f7-04a025612d1b:group-DA691C5BEC63 changes role from null to FOLLOWER at term 0 for startAsFollower
2019-06-14 07:34:29,936 INFO  impl.RoleInfo (RoleInfo.java:updateAndGet(143)) - dc812fab-4b14-4703-99f7-04a025612d1b: start FollowerState
2019-06-14 07:34:29,938 INFO  util.JmxRegister (JmxRegister.java:tryRegister(44)) - Successfully registered JMX Bean with object name Ratis:service=RaftServer,group=group-DA691C5BEC63,id=dc812fab-4b14-4703-99f7-04a025612d1b
2019-06-14 07:34:29,945 INFO  pipeline.PipelineStateManager (PipelineStateManager.java:addPipeline(56)) - Created pipeline Pipeline[ Id: 0398d8d2-2b3a-4e4f-aea4-da691c5bec63, Nodes: dc812fab-4b14-4703-99f7-04a025612d1b{ip: 192.168.105.150, host: ozone-tm9qp-1671232062, networkLocation: /default-rack, certSerialId: null}aeb9ce9c-02d3-4818-bf0d-2e37d7c0a0af{ip: 192.168.105.150, host: ozone-tm9qp-1671232062, networkLocation: /default-rack, certSerialId: null}448bf03a-4449-4010-a269-be6ed7112c43{ip: 192.168.105.150, host: ozone-tm9qp-1671232062, networkLocation: /default-rack, certSerialId: null}, Type:RATIS, Factor:THREE, State:OPEN]
2019-06-14 07:34:30,480 INFO  ozone.MiniOzoneClusterImpl (MiniOzoneClusterImpl.java:lambda$waitForClusterToBeReady$0(142)) - Cluster is ready. Got 3 of 3 DN Heartbeats.
2019-06-14 07:34:30,705 INFO  freon.RandomKeyGenerator (RandomKeyGenerator.java:call(261)) - Number of Threads: 10
2019-06-14 07:34:30,705 INFO  freon.RandomKeyGenerator (RandomKeyGenerator.java:call(267)) - Number of Volumes: 1.
2019-06-14 07:34:30,705 INFO  freon.RandomKeyGenerator (RandomKeyGenerator.java:call(268)) - Number of Buckets per Volume: 1.
2019-06-14 07:34:30,706 INFO  freon.RandomKeyGenerator (RandomKeyGenerator.java:call(269)) - Number of Keys per Bucket: 1.
2019-06-14 07:34:30,706 INFO  freon.RandomKeyGenerator (RandomKeyGenerator.java:call(270)) - Key size: 20971520 bytes
2019-06-14 07:34:30,706 INFO  freon.RandomKeyGenerator (RandomKeyGenerator.java:call(271)) - Buffer size: 4096 bytes
2019-06-14 07:34:30,709 INFO  freon.RandomKeyGenerator (RandomKeyGenerator.java:call(287)) - Data validation is enabled.
2019-06-14 07:34:30,710 INFO  freon.RandomKeyGenerator (RandomKeyGenerator.java:call(300)) - Starting progress bar Thread.

 0.00% |█                                                                                                    |  0/1 Time: 0:00:002019-06-14 07:34:30,725 INFO  rpc.RpcClient (RpcClient.java:createVolume(289)) - Creating Volume: vol-0-60414, with root as owner.
2019-06-14 07:34:30,747 INFO  rpc.RpcClient (RpcClient.java:createBucket(426)) - Creating Bucket: vol-0-60414/bucket-0-07208, with Versioning false and Storage Type set to DISK and Encryption set to false 
2019-06-14 07:34:30,808 INFO  impl.FollowerState (FollowerState.java:run(101)) - aeb9ce9c-02d3-4818-bf0d-2e37d7c0a0af:group-7316C7C21FE2 changes to CANDIDATE, lastRpcTime:1046, electionTimeout:1046ms
2019-06-14 07:34:30,808 INFO  impl.RoleInfo (RoleInfo.java:shutdownFollowerState(121)) - aeb9ce9c-02d3-4818-bf0d-2e37d7c0a0af: shutdown FollowerState
2019-06-14 07:34:30,808 INFO  impl.RaftServerImpl (RaftServerImpl.java:setRole(164)) - aeb9ce9c-02d3-4818-bf0d-2e37d7c0a0af:group-7316C7C21FE2 changes role from FOLLOWER to CANDIDATE at term 0 for changeToCandidate
2019-06-14 07:34:30,809 INFO  impl.RoleInfo (RoleInfo.java:updateAndGet(143)) - aeb9ce9c-02d3-4818-bf0d-2e37d7c0a0af: start LeaderElection
2019-06-14 07:34:30,814 INFO  impl.LeaderElection (LeaderElection.java:askForVotes(181)) - aeb9ce9c-02d3-4818-bf0d-2e37d7c0a0af:group-7316C7C21FE2:LeaderElection1: begin an election at term 1 for -1: [aeb9ce9c-02d3-4818-bf0d-2e37d7c0a0af:192.168.105.150:42501], old=null
2019-06-14 07:34:30,814 INFO  impl.RoleInfo (RoleInfo.java:shutdownLeaderElection(134)) - aeb9ce9c-02d3-4818-bf0d-2e37d7c0a0af: shutdown LeaderElection
2019-06-14 07:34:30,815 INFO  impl.RaftServerImpl (RaftServerImpl.java:setRole(164)) - aeb9ce9c-02d3-4818-bf0d-2e37d7c0a0af:group-7316C7C21FE2 changes role from CANDIDATE to LEADER at term 1 for changeToLeader
2019-06-14 07:34:30,815 INFO  impl.RaftServerImpl (ServerState.java:setLeader(263)) - aeb9ce9c-02d3-4818-bf0d-2e37d7c0a0af:group-7316C7C21FE2 change Leader from null to aeb9ce9c-02d3-4818-bf0d-2e37d7c0a0af at term 1 for becomeLeader, leader elected after 1057ms
2019-06-14 07:34:30,818 INFO  server.RaftServerConfigKeys (ConfUtils.java:logGet(43)) - raft.server.staging.catchup.gap = 1000 (default)
2019-06-14 07:34:30,818 INFO  server.RaftServerConfigKeys (ConfUtils.java:logGet(43)) - raft.server.rpc.sleep.time = 25ms (default)
2019-06-14 07:34:30,820 INFO  server.RaftServerConfigKeys (ConfUtils.java:logGet(43)) - raft.server.watch.timeout = 10s (default)
2019-06-14 07:34:30,820 INFO  server.RaftServerConfigKeys (ConfUtils.java:logGet(43)) - raft.server.watch.timeout.denomination = 1s (default)
2019-06-14 07:34:30,830 INFO  impl.RoleInfo (RoleInfo.java:updateAndGet(143)) - aeb9ce9c-02d3-4818-bf0d-2e37d7c0a0af: start LeaderState
2019-06-14 07:34:30,845 INFO  impl.FollowerState (FollowerState.java:run(101)) - dc812fab-4b14-4703-99f7-04a025612d1b:group-7D43130ED005 changes to CANDIDATE, lastRpcTime:1157, electionTimeout:1157ms
2019-06-14 07:34:30,845 INFO  impl.RoleInfo (RoleInfo.java:shutdownFollowerState(121)) - dc812fab-4b14-4703-99f7-04a025612d1b: shutdown FollowerState
2019-06-14 07:34:30,845 INFO  impl.RaftServerImpl (RaftServerImpl.java:setRole(164)) - dc812fab-4b14-4703-99f7-04a025612d1b:group-7D43130ED005 changes role from FOLLOWER to CANDIDATE at term 0 for changeToCandidate
2019-06-14 07:34:30,846 INFO  impl.RoleInfo (RoleInfo.java:updateAndGet(143)) - dc812fab-4b14-4703-99f7-04a025612d1b: start LeaderElection
2019-06-14 07:34:30,847 INFO  storage.RaftLogWorker (RaftLogWorker.java:startLogSegment(298)) - aeb9ce9c-02d3-4818-bf0d-2e37d7c0a0af-RaftLogWorker: Starting segment from index:0
2019-06-14 07:34:30,854 INFO  impl.FollowerState (FollowerState.java:run(101)) - 448bf03a-4449-4010-a269-be6ed7112c43:group-D88C2C4D15B6 changes to CANDIDATE, lastRpcTime:1061, electionTimeout:1059ms
2019-06-14 07:34:30,854 INFO  impl.RoleInfo (RoleInfo.java:shutdownFollowerState(121)) - 448bf03a-4449-4010-a269-be6ed7112c43: shutdown FollowerState
2019-06-14 07:34:30,854 INFO  impl.RaftServerImpl (RaftServerImpl.java:setRole(164)) - 448bf03a-4449-4010-a269-be6ed7112c43:group-D88C2C4D15B6 changes role from FOLLOWER to CANDIDATE at term 0 for changeToCandidate
2019-06-14 07:34:30,854 INFO  impl.RoleInfo (RoleInfo.java:updateAndGet(143)) - 448bf03a-4449-4010-a269-be6ed7112c43: start LeaderElection
2019-06-14 07:34:30,867 INFO  impl.RaftServerImpl (ServerState.java:setRaftConf(361)) - aeb9ce9c-02d3-4818-bf0d-2e37d7c0a0af:group-7316C7C21FE2 set configuration 0: [aeb9ce9c-02d3-4818-bf0d-2e37d7c0a0af:192.168.105.150:42501], old=null at 0
2019-06-14 07:34:30,859 INFO  impl.LeaderElection (LeaderElection.java:askForVotes(181)) - dc812fab-4b14-4703-99f7-04a025612d1b:group-7D43130ED005:LeaderElection2: begin an election at term 1 for -1: [dc812fab-4b14-4703-99f7-04a025612d1b:192.168.105.150:41007], old=null
2019-06-14 07:34:30,868 INFO  impl.RoleInfo (RoleInfo.java:shutdownLeaderElection(134)) - dc812fab-4b14-4703-99f7-04a025612d1b: shutdown LeaderElection
2019-06-14 07:34:30,868 INFO  impl.RaftServerImpl (RaftServerImpl.java:setRole(164)) - dc812fab-4b14-4703-99f7-04a025612d1b:group-7D43130ED005 changes role from CANDIDATE to LEADER at term 1 for changeToLeader
2019-06-14 07:34:30,868 INFO  impl.RaftServerImpl (ServerState.java:setLeader(263)) - dc812fab-4b14-4703-99f7-04a025612d1b:group-7D43130ED005 change Leader from null to dc812fab-4b14-4703-99f7-04a025612d1b at term 1 for becomeLeader, leader elected after 1234ms
2019-06-14 07:34:30,868 INFO  server.RaftServerConfigKeys (ConfUtils.java:logGet(43)) - raft.server.staging.catchup.gap = 1000 (default)
2019-06-14 07:34:30,868 INFO  server.RaftServerConfigKeys (ConfUtils.java:logGet(43)) - raft.server.rpc.sleep.time = 25ms (default)
2019-06-14 07:34:30,868 INFO  server.RaftServerConfigKeys (ConfUtils.java:logGet(43)) - raft.server.watch.timeout = 10s (default)
2019-06-14 07:34:30,869 INFO  server.RaftServerConfigKeys (ConfUtils.java:logGet(43)) - raft.server.watch.timeout.denomination = 1s (default)
2019-06-14 07:34:30,869 INFO  impl.RoleInfo (RoleInfo.java:updateAndGet(143)) - dc812fab-4b14-4703-99f7-04a025612d1b: start LeaderState
2019-06-14 07:34:30,869 INFO  storage.RaftLogWorker (RaftLogWorker.java:startLogSegment(298)) - dc812fab-4b14-4703-99f7-04a025612d1b-RaftLogWorker: Starting segment from index:0
2019-06-14 07:34:30,881 INFO  impl.RaftServerImpl (ServerState.java:setRaftConf(361)) - dc812fab-4b14-4703-99f7-04a025612d1b:group-7D43130ED005 set configuration 0: [dc812fab-4b14-4703-99f7-04a025612d1b:192.168.105.150:41007], old=null at 0
2019-06-14 07:34:30,883 INFO  impl.LeaderElection (LeaderElection.java:askForVotes(181)) - 448bf03a-4449-4010-a269-be6ed7112c43:group-D88C2C4D15B6:LeaderElection3: begin an election at term 1 for -1: [448bf03a-4449-4010-a269-be6ed7112c43:192.168.105.150:41795], old=null
2019-06-14 07:34:30,883 INFO  impl.RoleInfo (RoleInfo.java:shutdownLeaderElection(134)) - 448bf03a-4449-4010-a269-be6ed7112c43: shutdown LeaderElection
2019-06-14 07:34:30,885 INFO  impl.RaftServerImpl (RaftServerImpl.java:setRole(164)) - 448bf03a-4449-4010-a269-be6ed7112c43:group-D88C2C4D15B6 changes role from CANDIDATE to LEADER at term 1 for changeToLeader
2019-06-14 07:34:30,885 INFO  impl.RaftServerImpl (ServerState.java:setLeader(263)) - 448bf03a-4449-4010-a269-be6ed7112c43:group-D88C2C4D15B6 change Leader from null to 448bf03a-4449-4010-a269-be6ed7112c43 at term 1 for becomeLeader, leader elected after 1095ms
2019-06-14 07:34:30,886 INFO  server.RaftServerConfigKeys (ConfUtils.java:logGet(43)) - raft.server.staging.catchup.gap = 1000 (default)
2019-06-14 07:34:30,886 INFO  server.RaftServerConfigKeys (ConfUtils.java:logGet(43)) - raft.server.rpc.sleep.time = 25ms (default)
2019-06-14 07:34:30,886 INFO  server.RaftServerConfigKeys (ConfUtils.java:logGet(43)) - raft.server.watch.timeout = 10s (default)
2019-06-14 07:34:30,886 INFO  server.RaftServerConfigKeys (ConfUtils.java:logGet(43)) - raft.server.watch.timeout.denomination = 1s (default)
2019-06-14 07:34:30,886 INFO  impl.RoleInfo (RoleInfo.java:updateAndGet(143)) - 448bf03a-4449-4010-a269-be6ed7112c43: start LeaderState
2019-06-14 07:34:30,886 INFO  storage.RaftLogWorker (RaftLogWorker.java:startLogSegment(298)) - 448bf03a-4449-4010-a269-be6ed7112c43-RaftLogWorker: Starting segment from index:0
2019-06-14 07:34:30,890 INFO  impl.RaftServerImpl (ServerState.java:setRaftConf(361)) - 448bf03a-4449-4010-a269-be6ed7112c43:group-D88C2C4D15B6 set configuration 0: [448bf03a-4449-4010-a269-be6ed7112c43:192.168.105.150:41795], old=null at 0
2019-06-14 07:34:30,968 INFO  client.GrpcClientProtocolClient (GrpcClientProtocolClient.java:onNext(254)) - client-72F884BE3BA7->dc812fab-4b14-4703-99f7-04a025612d1b: receive RaftClientReply:client-72F884BE3BA7->dc812fab-4b14-4703-99f7-04a025612d1b@group-DA691C5BEC63, cid=6, FAILED org.apache.ratis.protocol.NotLeaderException: Server dc812fab-4b14-4703-99f7-04a025612d1b is not the leader (448bf03a-4449-4010-a269-be6ed7112c43:192.168.105.150:41795). Request must be sent to leader., logIndex=0, commits[dc812fab-4b14-4703-99f7-04a025612d1b:c-1]
2019-06-14 07:34:30,980 WARN  client.GrpcClientProtocolService (LogUtils.java:warn(134)) - 0-OrderedRequestStreamObserver0: onError: org.apache.ratis.thirdparty.io.grpc.StatusRuntimeException: CANCELLED: cancelled before receiving half close
2019-06-14 07:34:31,003 INFO  impl.FollowerState (FollowerState.java:run(101)) - dc812fab-4b14-4703-99f7-04a025612d1b:group-DA691C5BEC63 changes to CANDIDATE, lastRpcTime:1067, electionTimeout:1064ms
2019-06-14 07:34:31,004 INFO  impl.RoleInfo (RoleInfo.java:shutdownFollowerState(121)) - dc812fab-4b14-4703-99f7-04a025612d1b: shutdown FollowerState
2019-06-14 07:34:31,004 INFO  impl.RaftServerImpl (RaftServerImpl.java:setRole(164)) - dc812fab-4b14-4703-99f7-04a025612d1b:group-DA691C5BEC63 changes role from FOLLOWER to CANDIDATE at term 0 for changeToCandidate
2019-06-14 07:34:31,004 INFO  impl.RoleInfo (RoleInfo.java:updateAndGet(143)) - dc812fab-4b14-4703-99f7-04a025612d1b: start LeaderElection
2019-06-14 07:34:31,049 INFO  impl.FollowerState (FollowerState.java:run(101)) - aeb9ce9c-02d3-4818-bf0d-2e37d7c0a0af:group-DA691C5BEC63 changes to CANDIDATE, lastRpcTime:1119, electionTimeout:1096ms
2019-06-14 07:34:31,049 INFO  impl.RoleInfo (RoleInfo.java:shutdownFollowerState(121)) - aeb9ce9c-02d3-4818-bf0d-2e37d7c0a0af: shutdown FollowerState
2019-06-14 07:34:31,049 INFO  impl.RaftServerImpl (RaftServerImpl.java:setRole(164)) - aeb9ce9c-02d3-4818-bf0d-2e37d7c0a0af:group-DA691C5BEC63 changes role from FOLLOWER to CANDIDATE at term 0 for changeToCandidate
2019-06-14 07:34:31,049 INFO  impl.RoleInfo (RoleInfo.java:updateAndGet(143)) - aeb9ce9c-02d3-4818-bf0d-2e37d7c0a0af: start LeaderElection
2019-06-14 07:34:31,051 INFO  impl.LeaderElection (LeaderElection.java:askForVotes(181)) - dc812fab-4b14-4703-99f7-04a025612d1b:group-DA691C5BEC63:LeaderElection4: begin an election at term 1 for -1: [aeb9ce9c-02d3-4818-bf0d-2e37d7c0a0af:192.168.105.150:42501, 448bf03a-4449-4010-a269-be6ed7112c43:192.168.105.150:41795, dc812fab-4b14-4703-99f7-04a025612d1b:192.168.105.150:41007], old=null
2019-06-14 07:34:31,056 INFO  storage.RaftLogWorker (RaftLogWorker.java:execute(469)) - 448bf03a-4449-4010-a269-be6ed7112c43-RaftLogWorker: created new log segment /opt/src/hadoop-ozone/tools/target/test-dir/MiniOzoneClusterImpl-b4061317-5e40-4fbf-a180-6f94f226641f/datanode-2/data/ratis/9eb19b13-d8e7-413f-9e92-d88c2c4d15b6/current/log_inprogress_0
2019-06-14 07:34:31,056 INFO  storage.RaftLogWorker (RaftLogWorker.java:execute(469)) - dc812fab-4b14-4703-99f7-04a025612d1b-RaftLogWorker: created new log segment /opt/src/hadoop-ozone/tools/target/test-dir/MiniOzoneClusterImpl-b4061317-5e40-4fbf-a180-6f94f226641f/datanode-0/data/ratis/2965d4ef-8024-4046-9c9b-7d43130ed005/current/log_inprogress_0
2019-06-14 07:34:31,056 INFO  storage.RaftLogWorker (RaftLogWorker.java:execute(469)) - aeb9ce9c-02d3-4818-bf0d-2e37d7c0a0af-RaftLogWorker: created new log segment /opt/src/hadoop-ozone/tools/target/test-dir/MiniOzoneClusterImpl-b4061317-5e40-4fbf-a180-6f94f226641f/datanode-1/data/ratis/c86be0cd-bd73-4b43-b00b-7316c7c21fe2/current/log_inprogress_0
2019-06-14 07:34:31,057 INFO  impl.LeaderElection (LeaderElection.java:askForVotes(181)) - aeb9ce9c-02d3-4818-bf0d-2e37d7c0a0af:group-DA691C5BEC63:LeaderElection5: begin an election at term 1 for -1: [aeb9ce9c-02d3-4818-bf0d-2e37d7c0a0af:192.168.105.150:42501, 448bf03a-4449-4010-a269-be6ed7112c43:192.168.105.150:41795, dc812fab-4b14-4703-99f7-04a025612d1b:192.168.105.150:41007], old=null
2019-06-14 07:34:31,092 INFO  impl.RaftServerImpl (RaftServerImpl.java:setRole(164)) - 448bf03a-4449-4010-a269-be6ed7112c43:group-DA691C5BEC63 changes role from FOLLOWER to FOLLOWER at term 1 for recognizeCandidate:dc812fab-4b14-4703-99f7-04a025612d1b
2019-06-14 07:34:31,093 INFO  impl.RoleInfo (RoleInfo.java:shutdownFollowerState(121)) - 448bf03a-4449-4010-a269-be6ed7112c43: shutdown FollowerState
2019-06-14 07:34:31,093 INFO  impl.RoleInfo (RoleInfo.java:updateAndGet(143)) - 448bf03a-4449-4010-a269-be6ed7112c43: start FollowerState
2019-06-14 07:34:31,093 INFO  impl.FollowerState (FollowerState.java:run(109)) - 448bf03a-4449-4010-a269-be6ed7112c43: FollowerState was interrupted: java.lang.InterruptedException: sleep interrupted
2019-06-14 07:34:31,110 INFO  impl.LeaderElection (LeaderElection.java:logAndReturn(56)) - aeb9ce9c-02d3-4818-bf0d-2e37d7c0a0af:group-DA691C5BEC63:LeaderElection5: Election REJECTED; received 2 response(s) [aeb9ce9c-02d3-4818-bf0d-2e37d7c0a0af->448bf03a-4449-4010-a269-be6ed7112c43,false-t1, aeb9ce9c-02d3-4818-bf0d-2e37d7c0a0af->dc812fab-4b14-4703-99f7-04a025612d1b,false-t1] and 0 exception(s); aeb9ce9c-02d3-4818-bf0d-2e37d7c0a0af:t1, leader=null, voted=aeb9ce9c-02d3-4818-bf0d-2e37d7c0a0af, raftlog=aeb9ce9c-02d3-4818-bf0d-2e37d7c0a0af-SegmentedRaftLog:OPENED:c-1,f-1,i0, conf=-1: [aeb9ce9c-02d3-4818-bf0d-2e37d7c0a0af:192.168.105.150:42501, 448bf03a-4449-4010-a269-be6ed7112c43:192.168.105.150:41795, dc812fab-4b14-4703-99f7-04a025612d1b:192.168.105.150:41007], old=null
2019-06-14 07:34:31,110 INFO  impl.RaftServerImpl (RaftServerImpl.java:setRole(164)) - aeb9ce9c-02d3-4818-bf0d-2e37d7c0a0af:group-DA691C5BEC63 changes role from CANDIDATE to FOLLOWER at term 1 for DISCOVERED_A_NEW_TERM
2019-06-14 07:34:31,110 INFO  impl.RoleInfo (RoleInfo.java:shutdownLeaderElection(134)) - aeb9ce9c-02d3-4818-bf0d-2e37d7c0a0af: shutdown LeaderElection
2019-06-14 07:34:31,110 INFO  impl.RoleInfo (RoleInfo.java:updateAndGet(143)) - aeb9ce9c-02d3-4818-bf0d-2e37d7c0a0af: start FollowerState
2019-06-14 07:34:31,112 INFO  impl.LeaderElection (LeaderElection.java:logAndReturn(56)) - dc812fab-4b14-4703-99f7-04a025612d1b:group-DA691C5BEC63:LeaderElection4: Election PASSED; received 2 response(s) [dc812fab-4b14-4703-99f7-04a025612d1b->aeb9ce9c-02d3-4818-bf0d-2e37d7c0a0af,false-t1, dc812fab-4b14-4703-99f7-04a025612d1b->448bf03a-4449-4010-a269-be6ed7112c43,true-t1] and 0 exception(s); dc812fab-4b14-4703-99f7-04a025612d1b:t1, leader=null, voted=dc812fab-4b14-4703-99f7-04a025612d1b, raftlog=dc812fab-4b14-4703-99f7-04a025612d1b-SegmentedRaftLog:OPENED:c-1,f-1,i0, conf=-1: [aeb9ce9c-02d3-4818-bf0d-2e37d7c0a0af:192.168.105.150:42501, 448bf03a-4449-4010-a269-be6ed7112c43:192.168.105.150:41795, dc812fab-4b14-4703-99f7-04a025612d1b:192.168.105.150:41007], old=null
2019-06-14 07:34:31,114 INFO  impl.RoleInfo (RoleInfo.java:shutdownLeaderElection(134)) - dc812fab-4b14-4703-99f7-04a025612d1b: shutdown LeaderElection
2019-06-14 07:34:31,114 INFO  impl.RaftServerImpl (RaftServerImpl.java:setRole(164)) - dc812fab-4b14-4703-99f7-04a025612d1b:group-DA691C5BEC63 changes role from CANDIDATE to LEADER at term 1 for changeToLeader
2019-06-14 07:34:31,114 INFO  impl.RaftServerImpl (ServerState.java:setLeader(263)) - dc812fab-4b14-4703-99f7-04a025612d1b:group-DA691C5BEC63 change Leader from null to dc812fab-4b14-4703-99f7-04a025612d1b at term 1 for becomeLeader, leader elected after 1184ms
2019-06-14 07:34:31,114 INFO  server.RaftServerConfigKeys (ConfUtils.java:logGet(43)) - raft.server.staging.catchup.gap = 1000 (default)
2019-06-14 07:34:31,114 INFO  server.RaftServerConfigKeys (ConfUtils.java:logGet(43)) - raft.server.rpc.sleep.time = 25ms (default)
2019-06-14 07:34:31,114 INFO  server.RaftServerConfigKeys (ConfUtils.java:logGet(43)) - raft.server.watch.timeout = 10s (default)
2019-06-14 07:34:31,115 INFO  server.RaftServerConfigKeys (ConfUtils.java:logGet(43)) - raft.server.watch.timeout.denomination = 1s (default)
2019-06-14 07:34:31,117 INFO  server.RaftServerConfigKeys (ConfUtils.java:logGet(43)) - raft.server.log.appender.snapshot.chunk.size.max = 16MB (=16777216) (default)
2019-06-14 07:34:31,117 INFO  server.RaftServerConfigKeys (ConfUtils.java:logGet(43)) - raft.server.log.appender.buffer.byte-limit = 33554432 (custom)
2019-06-14 07:34:31,118 INFO  server.RaftServerConfigKeys (ConfUtils.java:logGet(43)) - raft.server.log.appender.buffer.element-limit = 1 (custom)
2019-06-14 07:34:31,119 INFO  grpc.GrpcConfigKeys$Server (ConfUtils.java:logGet(43)) - raft.grpc.server.leader.outstanding.appends.max = 128 (default)
2019-06-14 07:34:31,119 INFO  server.RaftServerConfigKeys (ConfUtils.java:logGet(43)) - raft.server.rpc.request.timeout = 3000ms (default)
2019-06-14 07:34:31,119 INFO  server.RaftServerConfigKeys (ConfUtils.java:logGet(43)) - raft.server.log.appender.install.snapshot.enabled = true (default)
2019-06-14 07:34:31,119 INFO  server.RaftServerConfigKeys (ConfUtils.java:logGet(43)) - raft.server.log.appender.snapshot.chunk.size.max = 16MB (=16777216) (default)
2019-06-14 07:34:31,120 INFO  server.RaftServerConfigKeys (ConfUtils.java:logGet(43)) - raft.server.log.appender.buffer.byte-limit = 33554432 (custom)
2019-06-14 07:34:31,120 INFO  server.RaftServerConfigKeys (ConfUtils.java:logGet(43)) - raft.server.log.appender.buffer.element-limit = 1 (custom)
2019-06-14 07:34:31,120 INFO  grpc.GrpcConfigKeys$Server (ConfUtils.java:logGet(43)) - raft.grpc.server.leader.outstanding.appends.max = 128 (default)
2019-06-14 07:34:31,120 INFO  server.RaftServerConfigKeys (ConfUtils.java:logGet(43)) - raft.server.rpc.request.timeout = 3000ms (default)
2019-06-14 07:34:31,120 INFO  server.RaftServerConfigKeys (ConfUtils.java:logGet(43)) - raft.server.log.appender.install.snapshot.enabled = true (default)
2019-06-14 07:34:31,120 INFO  impl.RoleInfo (RoleInfo.java:updateAndGet(143)) - dc812fab-4b14-4703-99f7-04a025612d1b: start LeaderState
2019-06-14 07:34:31,120 INFO  storage.RaftLogWorker (RaftLogWorker.java:startLogSegment(298)) - dc812fab-4b14-4703-99f7-04a025612d1b-RaftLogWorker: Starting segment from index:0
2019-06-14 07:34:31,142 INFO  impl.RaftServerImpl (ServerState.java:setRaftConf(361)) - dc812fab-4b14-4703-99f7-04a025612d1b:group-DA691C5BEC63 set configuration 0: [aeb9ce9c-02d3-4818-bf0d-2e37d7c0a0af:192.168.105.150:42501, 448bf03a-4449-4010-a269-be6ed7112c43:192.168.105.150:41795, dc812fab-4b14-4703-99f7-04a025612d1b:192.168.105.150:41007], old=null at 0
2019-06-14 07:34:31,160 INFO  storage.RaftLogWorker (RaftLogWorker.java:execute(469)) - dc812fab-4b14-4703-99f7-04a025612d1b-RaftLogWorker: created new log segment /opt/src/hadoop-ozone/tools/target/test-dir/MiniOzoneClusterImpl-b4061317-5e40-4fbf-a180-6f94f226641f/datanode-0/data/ratis/0398d8d2-2b3a-4e4f-aea4-da691c5bec63/current/log_inprogress_0
2019-06-14 07:34:31,168 INFO  impl.RaftServerImpl (ServerState.java:setLeader(263)) - aeb9ce9c-02d3-4818-bf0d-2e37d7c0a0af:group-DA691C5BEC63 change Leader from null to dc812fab-4b14-4703-99f7-04a025612d1b at term 1 for appendEntries, leader elected after 1240ms
2019-06-14 07:34:31,169 INFO  impl.RaftServerImpl (ServerState.java:setLeader(263)) - 448bf03a-4449-4010-a269-be6ed7112c43:group-DA691C5BEC63 change Leader from null to dc812fab-4b14-4703-99f7-04a025612d1b at term 1 for appendEntries, leader elected after 1238ms
2019-06-14 07:34:31,196 INFO  impl.RaftServerImpl (ServerState.java:setRaftConf(361)) - 448bf03a-4449-4010-a269-be6ed7112c43:group-DA691C5BEC63 set configuration 0: [aeb9ce9c-02d3-4818-bf0d-2e37d7c0a0af:192.168.105.150:42501, 448bf03a-4449-4010-a269-be6ed7112c43:192.168.105.150:41795, dc812fab-4b14-4703-99f7-04a025612d1b:192.168.105.150:41007], old=null at 0
2019-06-14 07:34:31,196 INFO  storage.RaftLogWorker (RaftLogWorker.java:startLogSegment(298)) - 448bf03a-4449-4010-a269-be6ed7112c43-RaftLogWorker: Starting segment from index:0
2019-06-14 07:34:31,197 INFO  impl.RaftServerImpl (ServerState.java:setRaftConf(361)) - aeb9ce9c-02d3-4818-bf0d-2e37d7c0a0af:group-DA691C5BEC63 set configuration 0: [aeb9ce9c-02d3-4818-bf0d-2e37d7c0a0af:192.168.105.150:42501, 448bf03a-4449-4010-a269-be6ed7112c43:192.168.105.150:41795, dc812fab-4b14-4703-99f7-04a025612d1b:192.168.105.150:41007], old=null at 0
2019-06-14 07:34:31,197 INFO  storage.RaftLogWorker (RaftLogWorker.java:startLogSegment(298)) - aeb9ce9c-02d3-4818-bf0d-2e37d7c0a0af-RaftLogWorker: Starting segment from index:0
2019-06-14 07:34:31,241 INFO  storage.RaftLogWorker (RaftLogWorker.java:execute(469)) - aeb9ce9c-02d3-4818-bf0d-2e37d7c0a0af-RaftLogWorker: created new log segment /opt/src/hadoop-ozone/tools/target/test-dir/MiniOzoneClusterImpl-b4061317-5e40-4fbf-a180-6f94f226641f/datanode-1/data/ratis/0398d8d2-2b3a-4e4f-aea4-da691c5bec63/current/log_inprogress_0
2019-06-14 07:34:31,242 INFO  storage.RaftLogWorker (RaftLogWorker.java:execute(469)) - 448bf03a-4449-4010-a269-be6ed7112c43-RaftLogWorker: created new log segment /opt/src/hadoop-ozone/tools/target/test-dir/MiniOzoneClusterImpl-b4061317-5e40-4fbf-a180-6f94f226641f/datanode-2/data/ratis/0398d8d2-2b3a-4e4f-aea4-da691c5bec63/current/log_inprogress_0
 0.00% |█                                                                                                    |  0/1 Time: 0:00:012019-06-14 07:34:31,989 INFO  client.GrpcClientProtocolClient (GrpcClientProtocolClient.java:onNext(254)) - client-72F884BE3BA7->448bf03a-4449-4010-a269-be6ed7112c43: receive RaftClientReply:client-72F884BE3BA7->448bf03a-4449-4010-a269-be6ed7112c43@group-DA691C5BEC63, cid=6, FAILED org.apache.ratis.protocol.NotLeaderException: Server 448bf03a-4449-4010-a269-be6ed7112c43 is not the leader (dc812fab-4b14-4703-99f7-04a025612d1b:192.168.105.150:41007). Request must be sent to leader., logIndex=0, commits[448bf03a-4449-4010-a269-be6ed7112c43:c0, aeb9ce9c-02d3-4818-bf0d-2e37d7c0a0af:c0, dc812fab-4b14-4703-99f7-04a025612d1b:c0]
2019-06-14 07:34:31,991 WARN  client.GrpcClientProtocolService (LogUtils.java:warn(134)) - 0-OrderedRequestStreamObserver0: onError: org.apache.ratis.thirdparty.io.grpc.StatusRuntimeException: CANCELLED: cancelled before receiving half close
 0.00% |█                                                                                                    |  0/1 Time: 0:00:022019-06-14 07:34:33,006 INFO  client.GrpcClientProtocolClient (GrpcClientProtocolClient.java:onNext(254)) - client-72F884BE3BA7->aeb9ce9c-02d3-4818-bf0d-2e37d7c0a0af: receive RaftClientReply:client-72F884BE3BA7->aeb9ce9c-02d3-4818-bf0d-2e37d7c0a0af@group-DA691C5BEC63, cid=6, FAILED org.apache.ratis.protocol.NotLeaderException: Server aeb9ce9c-02d3-4818-bf0d-2e37d7c0a0af is not the leader (dc812fab-4b14-4703-99f7-04a025612d1b:192.168.105.150:41007). Request must be sent to leader., logIndex=0, commits[aeb9ce9c-02d3-4818-bf0d-2e37d7c0a0af:c0, 448bf03a-4449-4010-a269-be6ed7112c43:c0, dc812fab-4b14-4703-99f7-04a025612d1b:c0]
2019-06-14 07:34:33,010 WARN  client.GrpcClientProtocolService (LogUtils.java:warn(134)) - 0-OrderedRequestStreamObserver0: onError: org.apache.ratis.thirdparty.io.grpc.StatusRuntimeException: CANCELLED: cancelled before receiving half close
 0.00% |█                                                                                                    |  0/1 Time: 0:00:032019-06-14 07:34:34,022 INFO  client.GrpcClientProtocolClient (GrpcClientProtocolClient.java:onNext(254)) - client-72F884BE3BA7->448bf03a-4449-4010-a269-be6ed7112c43: receive RaftClientReply:client-72F884BE3BA7->448bf03a-4449-4010-a269-be6ed7112c43@group-DA691C5BEC63, cid=6, FAILED org.apache.ratis.protocol.NotLeaderException: Server 448bf03a-4449-4010-a269-be6ed7112c43 is not the leader (dc812fab-4b14-4703-99f7-04a025612d1b:192.168.105.150:41007). Request must be sent to leader., logIndex=0, commits[448bf03a-4449-4010-a269-be6ed7112c43:c0, aeb9ce9c-02d3-4818-bf0d-2e37d7c0a0af:c0, dc812fab-4b14-4703-99f7-04a025612d1b:c0]
2019-06-14 07:34:34,025 WARN  client.GrpcClientProtocolService (LogUtils.java:warn(134)) - 1-OrderedRequestStreamObserver1: onError: org.apache.ratis.thirdparty.io.grpc.StatusRuntimeException: CANCELLED: cancelled before receiving half close
 0.00% |█                                                                                                    |  0/1 Time: 0:00:042019-06-14 07:34:35,038 INFO  client.GrpcClientProtocolClient (GrpcClientProtocolClient.java:onNext(254)) - client-72F884BE3BA7->aeb9ce9c-02d3-4818-bf0d-2e37d7c0a0af: receive RaftClientReply:client-72F884BE3BA7->aeb9ce9c-02d3-4818-bf0d-2e37d7c0a0af@group-DA691C5BEC63, cid=6, FAILED org.apache.ratis.protocol.NotLeaderException: Server aeb9ce9c-02d3-4818-bf0d-2e37d7c0a0af is not the leader (dc812fab-4b14-4703-99f7-04a025612d1b:192.168.105.150:41007). Request must be sent to leader., logIndex=0, commits[aeb9ce9c-02d3-4818-bf0d-2e37d7c0a0af:c0, 448bf03a-4449-4010-a269-be6ed7112c43:c0, dc812fab-4b14-4703-99f7-04a025612d1b:c0]
2019-06-14 07:34:35,047 WARN  client.GrpcClientProtocolService (LogUtils.java:warn(134)) - 1-OrderedRequestStreamObserver1: onError: org.apache.ratis.thirdparty.io.grpc.StatusRuntimeException: CANCELLED: cancelled before receiving half close
 0.00% |█                                                                                                    |  0/1 Time: 0:00:052019-06-14 07:34:36,174 INFO  client.GrpcClientProtocolClient (GrpcClientProtocolClient.java:onNext(254)) - client-72F884BE3BA7->dc812fab-4b14-4703-99f7-04a025612d1b: receive RaftClientReply:client-72F884BE3BA7->dc812fab-4b14-4703-99f7-04a025612d1b@group-DA691C5BEC63, cid=6, SUCCESS, logIndex=1, commits[dc812fab-4b14-4703-99f7-04a025612d1b:c1, aeb9ce9c-02d3-4818-bf0d-2e37d7c0a0af:c0, 448bf03a-4449-4010-a269-be6ed7112c43:c0]
2019-06-14 07:34:36,223 INFO  client.GrpcClientProtocolClient (GrpcClientProtocolClient.java:onNext(254)) - client-72F884BE3BA7->dc812fab-4b14-4703-99f7-04a025612d1b: receive RaftClientReply:client-72F884BE3BA7->dc812fab-4b14-4703-99f7-04a025612d1b@group-DA691C5BEC63, cid=7, SUCCESS, logIndex=3, commits[dc812fab-4b14-4703-99f7-04a025612d1b:c4, aeb9ce9c-02d3-4818-bf0d-2e37d7c0a0af:c3, 448bf03a-4449-4010-a269-be6ed7112c43:c3]
2019-06-14 07:34:36,251 INFO  client.GrpcClientProtocolClient (GrpcClientProtocolClient.java:onNext(254)) - client-72F884BE3BA7->dc812fab-4b14-4703-99f7-04a025612d1b: receive RaftClientReply:client-72F884BE3BA7->dc812fab-4b14-4703-99f7-04a025612d1b@group-DA691C5BEC63, cid=8, SUCCESS, logIndex=5, commits[dc812fab-4b14-4703-99f7-04a025612d1b:c5, aeb9ce9c-02d3-4818-bf0d-2e37d7c0a0af:c4, 448bf03a-4449-4010-a269-be6ed7112c43:c3]
2019-06-14 07:34:36,261 INFO  client.GrpcClientProtocolClient (GrpcClientProtocolClient.java:onNext(254)) - client-72F884BE3BA7->dc812fab-4b14-4703-99f7-04a025612d1b: receive RaftClientReply:client-72F884BE3BA7->dc812fab-4b14-4703-99f7-04a025612d1b@group-DA691C5BEC63, cid=9, SUCCESS, logIndex=6, commits[dc812fab-4b14-4703-99f7-04a025612d1b:c6, aeb9ce9c-02d3-4818-bf0d-2e37d7c0a0af:c4, 448bf03a-4449-4010-a269-be6ed7112c43:c4]
2019-06-14 07:34:36,286 INFO  client.GrpcClientProtocolClient (GrpcClientProtocolClient.java:onNext(254)) - client-72F884BE3BA7->dc812fab-4b14-4703-99f7-04a025612d1b: receive RaftClientReply:client-72F884BE3BA7->dc812fab-4b14-4703-99f7-04a025612d1b@group-DA691C5BEC63, cid=10, SUCCESS, logIndex=9, commits[dc812fab-4b14-4703-99f7-04a025612d1b:c9, aeb9ce9c-02d3-4818-bf0d-2e37d7c0a0af:c8, 448bf03a-4449-4010-a269-be6ed7112c43:c8]
2019-06-14 07:34:36,292 INFO  client.GrpcClientProtocolClient (GrpcClientProtocolClient.java:onNext(254)) - client-72F884BE3BA7->dc812fab-4b14-4703-99f7-04a025612d1b: receive RaftClientReply:client-72F884BE3BA7->dc812fab-4b14-4703-99f7-04a025612d1b@group-DA691C5BEC63, cid=11, SUCCESS, logIndex=11, commits[dc812fab-4b14-4703-99f7-04a025612d1b:c11, aeb9ce9c-02d3-4818-bf0d-2e37d7c0a0af:c10, 448bf03a-4449-4010-a269-be6ed7112c43:c10]
2019-06-14 07:34:36,317 INFO  client.GrpcClientProtocolClient (GrpcClientProtocolClient.java:onNext(254)) - client-72F884BE3BA7->dc812fab-4b14-4703-99f7-04a025612d1b: receive RaftClientReply:client-72F884BE3BA7->dc812fab-4b14-4703-99f7-04a025612d1b@group-DA691C5BEC63, cid=12, SUCCESS, logIndex=13, commits[dc812fab-4b14-4703-99f7-04a025612d1b:c13, aeb9ce9c-02d3-4818-bf0d-2e37d7c0a0af:c12, 448bf03a-4449-4010-a269-be6ed7112c43:c12]
2019-06-14 07:34:36,325 INFO  client.GrpcClientProtocolClient (GrpcClientProtocolClient.java:onNext(254)) - client-72F884BE3BA7->dc812fab-4b14-4703-99f7-04a025612d1b: receive RaftClientReply:client-72F884BE3BA7->dc812fab-4b14-4703-99f7-04a025612d1b@group-DA691C5BEC63, cid=13, SUCCESS, logIndex=15, commits[dc812fab-4b14-4703-99f7-04a025612d1b:c15, aeb9ce9c-02d3-4818-bf0d-2e37d7c0a0af:c13, 448bf03a-4449-4010-a269-be6ed7112c43:c13]
2019-06-14 07:34:36,339 INFO  client.GrpcClientProtocolClient (GrpcClientProtocolClient.java:onNext(254)) - client-72F884BE3BA7->dc812fab-4b14-4703-99f7-04a025612d1b: receive RaftClientReply:client-72F884BE3BA7->dc812fab-4b14-4703-99f7-04a025612d1b@group-DA691C5BEC63, cid=14, SUCCESS, logIndex=0, commits[dc812fab-4b14-4703-99f7-04a025612d1b:c16, aeb9ce9c-02d3-4818-bf0d-2e37d7c0a0af:c15, 448bf03a-4449-4010-a269-be6ed7112c43:c15]
2019-06-14 07:34:36,442 INFO  client.GrpcClientProtocolClient (GrpcClientProtocolClient.java:onNext(254)) - client-72F884BE3BA7->dc812fab-4b14-4703-99f7-04a025612d1b: receive RaftClientReply:client-72F884BE3BA7->dc812fab-4b14-4703-99f7-04a025612d1b@group-DA691C5BEC63, cid=15, SUCCESS, logIndex=17, commits[dc812fab-4b14-4703-99f7-04a025612d1b:c17, aeb9ce9c-02d3-4818-bf0d-2e37d7c0a0af:c16, 448bf03a-4449-4010-a269-be6ed7112c43:c15]
2019-06-14 07:34:36,472 INFO  client.GrpcClientProtocolClient (GrpcClientProtocolClient.java:onNext(254)) - client-72F884BE3BA7->dc812fab-4b14-4703-99f7-04a025612d1b: receive RaftClientReply:client-72F884BE3BA7->dc812fab-4b14-4703-99f7-04a025612d1b@group-DA691C5BEC63, cid=16, SUCCESS, logIndex=19, commits[dc812fab-4b14-4703-99f7-04a025612d1b:c22, aeb9ce9c-02d3-4818-bf0d-2e37d7c0a0af:c19, 448bf03a-4449-4010-a269-be6ed7112c43:c19]
2019-06-14 07:34:36,473 INFO  client.GrpcClientProtocolClient (GrpcClientProtocolClient.java:onNext(254)) - client-72F884BE3BA7->dc812fab-4b14-4703-99f7-04a025612d1b: receive RaftClientReply:client-72F884BE3BA7->dc812fab-4b14-4703-99f7-04a025612d1b@group-DA691C5BEC63, cid=17, SUCCESS, logIndex=20, commits[dc812fab-4b14-4703-99f7-04a025612d1b:c22, aeb9ce9c-02d3-4818-bf0d-2e37d7c0a0af:c19, 448bf03a-4449-4010-a269-be6ed7112c43:c19]
2019-06-14 07:34:36,490 INFO  client.GrpcClientProtocolClient (GrpcClientProtocolClient.java:onNext(254)) - client-72F884BE3BA7->dc812fab-4b14-4703-99f7-04a025612d1b: receive RaftClientReply:client-72F884BE3BA7->dc812fab-4b14-4703-99f7-04a025612d1b@group-DA691C5BEC63, cid=18, SUCCESS, logIndex=21, commits[dc812fab-4b14-4703-99f7-04a025612d1b:c22, aeb9ce9c-02d3-4818-bf0d-2e37d7c0a0af:c19, 448bf03a-4449-4010-a269-be6ed7112c43:c19]
2019-06-14 07:34:36,514 INFO  client.GrpcClientProtocolClient (GrpcClientProtocolClient.java:onNext(254)) - client-72F884BE3BA7->dc812fab-4b14-4703-99f7-04a025612d1b: receive RaftClientReply:client-72F884BE3BA7->dc812fab-4b14-4703-99f7-04a025612d1b@group-DA691C5BEC63, cid=19, SUCCESS, logIndex=23, commits[dc812fab-4b14-4703-99f7-04a025612d1b:c23, aeb9ce9c-02d3-4818-bf0d-2e37d7c0a0af:c22, 448bf03a-4449-4010-a269-be6ed7112c43:c22]
2019-06-14 07:34:36,520 INFO  client.GrpcClientProtocolClient (GrpcClientProtocolClient.java:onNext(254)) - client-72F884BE3BA7->dc812fab-4b14-4703-99f7-04a025612d1b: receive RaftClientReply:client-72F884BE3BA7->dc812fab-4b14-4703-99f7-04a025612d1b@group-DA691C5BEC63, cid=20, SUCCESS, logIndex=25, commits[dc812fab-4b14-4703-99f7-04a025612d1b:c25, aeb9ce9c-02d3-4818-bf0d-2e37d7c0a0af:c23, 448bf03a-4449-4010-a269-be6ed7112c43:c23]
2019-06-14 07:34:36,537 INFO  client.GrpcClientProtocolClient (GrpcClientProtocolClient.java:onNext(254)) - client-72F884BE3BA7->dc812fab-4b14-4703-99f7-04a025612d1b: receive RaftClientReply:client-72F884BE3BA7->dc812fab-4b14-4703-99f7-04a025612d1b@group-DA691C5BEC63, cid=21, SUCCESS, logIndex=27, commits[dc812fab-4b14-4703-99f7-04a025612d1b:c27, aeb9ce9c-02d3-4818-bf0d-2e37d7c0a0af:c25, 448bf03a-4449-4010-a269-be6ed7112c43:c26]
2019-06-14 07:34:36,541 INFO  client.GrpcClientProtocolClient (GrpcClientProtocolClient.java:onNext(254)) - client-72F884BE3BA7->dc812fab-4b14-4703-99f7-04a025612d1b: receive RaftClientReply:client-72F884BE3BA7->dc812fab-4b14-4703-99f7-04a025612d1b@group-DA691C5BEC63, cid=22, SUCCESS, logIndex=29, commits[dc812fab-4b14-4703-99f7-04a025612d1b:c29, aeb9ce9c-02d3-4818-bf0d-2e37d7c0a0af:c27, 448bf03a-4449-4010-a269-be6ed7112c43:c27]
2019-06-14 07:34:36,547 INFO  client.GrpcClientProtocolClient (GrpcClientProtocolClient.java:onNext(254)) - client-72F884BE3BA7->dc812fab-4b14-4703-99f7-04a025612d1b: receive RaftClientReply:client-72F884BE3BA7->dc812fab-4b14-4703-99f7-04a025612d1b@group-DA691C5BEC63, cid=23, SUCCESS, logIndex=0, commits[dc812fab-4b14-4703-99f7-04a025612d1b:c30, aeb9ce9c-02d3-4818-bf0d-2e37d7c0a0af:c29, 448bf03a-4449-4010-a269-be6ed7112c43:c29]
2019-06-14 07:34:36,592 INFO  client.GrpcClientProtocolClient (GrpcClientProtocolClient.java:onNext(254)) - client-72F884BE3BA7->dc812fab-4b14-4703-99f7-04a025612d1b: receive RaftClientReply:client-72F884BE3BA7->dc812fab-4b14-4703-99f7-04a025612d1b@group-DA691C5BEC63, cid=24, SUCCESS, logIndex=31, commits[dc812fab-4b14-4703-99f7-04a025612d1b:c31, aeb9ce9c-02d3-4818-bf0d-2e37d7c0a0af:c30, 448bf03a-4449-4010-a269-be6ed7112c43:c30]
2019-06-14 07:34:36,632 INFO  client.GrpcClientProtocolClient (GrpcClientProtocolClient.java:onNext(254)) - client-72F884BE3BA7->dc812fab-4b14-4703-99f7-04a025612d1b: receive RaftClientReply:client-72F884BE3BA7->dc812fab-4b14-4703-99f7-04a025612d1b@group-DA691C5BEC63, cid=25, SUCCESS, logIndex=33, commits[dc812fab-4b14-4703-99f7-04a025612d1b:c38, aeb9ce9c-02d3-4818-bf0d-2e37d7c0a0af:c35, 448bf03a-4449-4010-a269-be6ed7112c43:c35]
2019-06-14 07:34:36,634 INFO  client.GrpcClientProtocolClient (GrpcClientProtocolClient.java:onNext(254)) - client-72F884BE3BA7->dc812fab-4b14-4703-99f7-04a025612d1b: receive RaftClientReply:client-72F884BE3BA7->dc812fab-4b14-4703-99f7-04a025612d1b@group-DA691C5BEC63, cid=26, SUCCESS, logIndex=34, commits[dc812fab-4b14-4703-99f7-04a025612d1b:c38, aeb9ce9c-02d3-4818-bf0d-2e37d7c0a0af:c35, 448bf03a-4449-4010-a269-be6ed7112c43:c35]
2019-06-14 07:34:36,652 INFO  client.GrpcClientProtocolClient (GrpcClientProtocolClient.java:onNext(254)) - client-72F884BE3BA7->dc812fab-4b14-4703-99f7-04a025612d1b: receive RaftClientReply:client-72F884BE3BA7->dc812fab-4b14-4703-99f7-04a025612d1b@group-DA691C5BEC63, cid=27, SUCCESS, logIndex=35, commits[dc812fab-4b14-4703-99f7-04a025612d1b:c38, aeb9ce9c-02d3-4818-bf0d-2e37d7c0a0af:c35, 448bf03a-4449-4010-a269-be6ed7112c43:c35]
2019-06-14 07:34:36,671 INFO  client.GrpcClientProtocolClient (GrpcClientProtocolClient.java:onNext(254)) - client-72F884BE3BA7->dc812fab-4b14-4703-99f7-04a025612d1b: receive RaftClientReply:client-72F884BE3BA7->dc812fab-4b14-4703-99f7-04a025612d1b@group-DA691C5BEC63, cid=28, SUCCESS, logIndex=39, commits[dc812fab-4b14-4703-99f7-04a025612d1b:c39, aeb9ce9c-02d3-4818-bf0d-2e37d7c0a0af:c38, 448bf03a-4449-4010-a269-be6ed7112c43:c35]
2019-06-14 07:34:36,681 INFO  client.GrpcClientProtocolClient (GrpcClientProtocolClient.java:onNext(254)) - client-72F884BE3BA7->dc812fab-4b14-4703-99f7-04a025612d1b: receive RaftClientReply:client-72F884BE3BA7->dc812fab-4b14-4703-99f7-04a025612d1b@group-DA691C5BEC63, cid=29, SUCCESS, logIndex=41, commits[dc812fab-4b14-4703-99f7-04a025612d1b:c41, aeb9ce9c-02d3-4818-bf0d-2e37d7c0a0af:c40, 448bf03a-4449-4010-a269-be6ed7112c43:c39]
2019-06-14 07:34:36,685 INFO  client.GrpcClientProtocolClient (GrpcClientProtocolClient.java:onNext(254)) - client-72F884BE3BA7->dc812fab-4b14-4703-99f7-04a025612d1b: receive RaftClientReply:client-72F884BE3BA7->dc812fab-4b14-4703-99f7-04a025612d1b@group-DA691C5BEC63, cid=30, SUCCESS, logIndex=42, commits[dc812fab-4b14-4703-99f7-04a025612d1b:c42, aeb9ce9c-02d3-4818-bf0d-2e37d7c0a0af:c40, 448bf03a-4449-4010-a269-be6ed7112c43:c40]
2019-06-14 07:34:36,693 INFO  client.GrpcClientProtocolClient (GrpcClientProtocolClient.java:onNext(254)) - client-72F884BE3BA7->dc812fab-4b14-4703-99f7-04a025612d1b: receive RaftClientReply:client-72F884BE3BA7->dc812fab-4b14-4703-99f7-04a025612d1b@group-DA691C5BEC63, cid=31, SUCCESS, logIndex=43, commits[dc812fab-4b14-4703-99f7-04a025612d1b:c43, aeb9ce9c-02d3-4818-bf0d-2e37d7c0a0af:c40, 448bf03a-4449-4010-a269-be6ed7112c43:c40]
2019-06-14 07:34:36,696 INFO  client.GrpcClientProtocolClient (GrpcClientProtocolClient.java:onNext(254)) - client-72F884BE3BA7->dc812fab-4b14-4703-99f7-04a025612d1b: receive RaftClientReply:client-72F884BE3BA7->dc812fab-4b14-4703-99f7-04a025612d1b@group-DA691C5BEC63, cid=32, SUCCESS, logIndex=0, commits[dc812fab-4b14-4703-99f7-04a025612d1b:c46, aeb9ce9c-02d3-4818-bf0d-2e37d7c0a0af:c42, 448bf03a-4449-4010-a269-be6ed7112c43:c43]
2019-06-14 07:34:36,698 INFO  client.GrpcClientProtocolClient (GrpcClientProtocolClient.java:onNext(254)) - client-72F884BE3BA7->dc812fab-4b14-4703-99f7-04a025612d1b: receive RaftClientReply:client-72F884BE3BA7->dc812fab-4b14-4703-99f7-04a025612d1b@group-DA691C5BEC63, cid=33, SUCCESS, logIndex=0, commits[dc812fab-4b14-4703-99f7-04a025612d1b:c46, aeb9ce9c-02d3-4818-bf0d-2e37d7c0a0af:c43, 448bf03a-4449-4010-a269-be6ed7112c43:c43]
 0.00% |█                                                                                                    |  0/1 Time: 0:00:062019-06-14 07:34:36,716 INFO  client.GrpcClientProtocolClient (GrpcClientProtocolClient.java:onNext(254)) - client-72F884BE3BA7->dc812fab-4b14-4703-99f7-04a025612d1b: receive RaftClientReply:client-72F884BE3BA7->dc812fab-4b14-4703-99f7-04a025612d1b@group-DA691C5BEC63, cid=34, SUCCESS, logIndex=47, commits[dc812fab-4b14-4703-99f7-04a025612d1b:c47, aeb9ce9c-02d3-4818-bf0d-2e37d7c0a0af:c46, 448bf03a-4449-4010-a269-be6ed7112c43:c43]
2019-06-14 07:34:36,737 INFO  client.GrpcClientProtocolClient (GrpcClientProtocolClient.java:onNext(254)) - client-72F884BE3BA7->dc812fab-4b14-4703-99f7-04a025612d1b: receive RaftClientReply:client-72F884BE3BA7->dc812fab-4b14-4703-99f7-04a025612d1b@group-DA691C5BEC63, cid=35, SUCCESS, logIndex=49, commits[dc812fab-4b14-4703-99f7-04a025612d1b:c49, aeb9ce9c-02d3-4818-bf0d-2e37d7c0a0af:c47, 448bf03a-4449-4010-a269-be6ed7112c43:c47]
2019-06-14 07:34:36,740 INFO  client.GrpcClientProtocolClient (GrpcClientProtocolClient.java:onNext(254)) - client-72F884BE3BA7->dc812fab-4b14-4703-99f7-04a025612d1b: receive RaftClientReply:client-72F884BE3BA7->dc812fab-4b14-4703-99f7-04a025612d1b@group-DA691C5BEC63, cid=36, SUCCESS, logIndex=50, commits[dc812fab-4b14-4703-99f7-04a025612d1b:c50, aeb9ce9c-02d3-4818-bf0d-2e37d7c0a0af:c47, 448bf03a-4449-4010-a269-be6ed7112c43:c47]
2019-06-14 07:34:36,742 INFO  client.GrpcClientProtocolClient (GrpcClientProtocolClient.java:onNext(254)) - client-72F884BE3BA7->dc812fab-4b14-4703-99f7-04a025612d1b: receive RaftClientReply:client-72F884BE3BA7->dc812fab-4b14-4703-99f7-04a025612d1b@group-DA691C5BEC63, cid=37, SUCCESS, logIndex=51, commits[dc812fab-4b14-4703-99f7-04a025612d1b:c52, aeb9ce9c-02d3-4818-bf0d-2e37d7c0a0af:c47, 448bf03a-4449-4010-a269-be6ed7112c43:c49]
2019-06-14 07:34:36,768 INFO  client.GrpcClientProtocolClient (GrpcClientProtocolClient.java:onNext(254)) - client-72F884BE3BA7->dc812fab-4b14-4703-99f7-04a025612d1b: receive RaftClientReply:client-72F884BE3BA7->dc812fab-4b14-4703-99f7-04a025612d1b@group-DA691C5BEC63, cid=38, SUCCESS, logIndex=0, commits[dc812fab-4b14-4703-99f7-04a025612d1b:c53, aeb9ce9c-02d3-4818-bf0d-2e37d7c0a0af:c49, 448bf03a-4449-4010-a269-be6ed7112c43:c50]
2019-06-14 07:34:36,810 INFO  client.GrpcClientProtocolClient (GrpcClientProtocolClient.java:onNext(254)) - client-72F884BE3BA7->dc812fab-4b14-4703-99f7-04a025612d1b: receive RaftClientReply:client-72F884BE3BA7->dc812fab-4b14-4703-99f7-04a025612d1b@group-DA691C5BEC63, cid=39, SUCCESS, logIndex=54, commits[dc812fab-4b14-4703-99f7-04a025612d1b:c54, aeb9ce9c-02d3-4818-bf0d-2e37d7c0a0af:c53, 448bf03a-4449-4010-a269-be6ed7112c43:c53]
2019-06-14 07:34:36,816 INFO  client.GrpcClientProtocolClient (GrpcClientProtocolClient.java:onNext(254)) - client-72F884BE3BA7->dc812fab-4b14-4703-99f7-04a025612d1b: receive RaftClientReply:client-72F884BE3BA7->dc812fab-4b14-4703-99f7-04a025612d1b@group-DA691C5BEC63, cid=40, SUCCESS, logIndex=56, commits[dc812fab-4b14-4703-99f7-04a025612d1b:c56, aeb9ce9c-02d3-4818-bf0d-2e37d7c0a0af:c54, 448bf03a-4449-4010-a269-be6ed7112c43:c53]
2019-06-14 07:34:36,831 INFO  client.GrpcClientProtocolClient (GrpcClientProtocolClient.java:onNext(254)) - client-72F884BE3BA7->dc812fab-4b14-4703-99f7-04a025612d1b: receive RaftClientReply:client-72F884BE3BA7->dc812fab-4b14-4703-99f7-04a025612d1b@group-DA691C5BEC63, cid=41, SUCCESS, logIndex=58, commits[dc812fab-4b14-4703-99f7-04a025612d1b:c58, aeb9ce9c-02d3-4818-bf0d-2e37d7c0a0af:c56, 448bf03a-4449-4010-a269-be6ed7112c43:c57]
2019-06-14 07:34:36,838 INFO  client.GrpcClientProtocolClient (GrpcClientProtocolClient.java:onNext(254)) - client-72F884BE3BA7->dc812fab-4b14-4703-99f7-04a025612d1b: receive RaftClientReply:client-72F884BE3BA7->dc812fab-4b14-4703-99f7-04a025612d1b@group-DA691C5BEC63, cid=42, SUCCESS, logIndex=60, commits[dc812fab-4b14-4703-99f7-04a025612d1b:c60, aeb9ce9c-02d3-4818-bf0d-2e37d7c0a0af:c58, 448bf03a-4449-4010-a269-be6ed7112c43:c58]
2019-06-14 07:34:36,848 INFO  client.GrpcClientProtocolClient (GrpcClientProtocolClient.java:onNext(254)) - client-72F884BE3BA7->dc812fab-4b14-4703-99f7-04a025612d1b: receive RaftClientReply:client-72F884BE3BA7->dc812fab-4b14-4703-99f7-04a025612d1b@group-DA691C5BEC63, cid=43, SUCCESS, logIndex=0, commits[dc812fab-4b14-4703-99f7-04a025612d1b:c61, aeb9ce9c-02d3-4818-bf0d-2e37d7c0a0af:c60, 448bf03a-4449-4010-a269-be6ed7112c43:c60]
2019-06-14 07:34:36,865 INFO  client.GrpcClientProtocolClient (GrpcClientProtocolClient.java:onNext(254)) - client-72F884BE3BA7->dc812fab-4b14-4703-99f7-04a025612d1b: receive RaftClientReply:client-72F884BE3BA7->dc812fab-4b14-4703-99f7-04a025612d1b@group-DA691C5BEC63, cid=44, SUCCESS, logIndex=62, commits[dc812fab-4b14-4703-99f7-04a025612d1b:c62, aeb9ce9c-02d3-4818-bf0d-2e37d7c0a0af:c61, 448bf03a-4449-4010-a269-be6ed7112c43:c60]
2019-06-14 07:34:36,885 INFO  client.GrpcClientProtocolClient (GrpcClientProtocolClient.java:onNext(254)) - client-72F884BE3BA7->dc812fab-4b14-4703-99f7-04a025612d1b: receive RaftClientReply:client-72F884BE3BA7->dc812fab-4b14-4703-99f7-04a025612d1b@group-DA691C5BEC63, cid=45, SUCCESS, logIndex=64, commits[dc812fab-4b14-4703-99f7-04a025612d1b:c64, aeb9ce9c-02d3-4818-bf0d-2e37d7c0a0af:c63, 448bf03a-4449-4010-a269-be6ed7112c43:c63]
2019-06-14 07:34:36,887 INFO  client.GrpcClientProtocolClient (GrpcClientProtocolClient.java:onNext(254)) - client-72F884BE3BA7->dc812fab-4b14-4703-99f7-04a025612d1b: receive RaftClientReply:client-72F884BE3BA7->dc812fab-4b14-4703-99f7-04a025612d1b@group-DA691C5BEC63, cid=46, SUCCESS, logIndex=65, commits[dc812fab-4b14-4703-99f7-04a025612d1b:c65, aeb9ce9c-02d3-4818-bf0d-2e37d7c0a0af:c63, 448bf03a-4449-4010-a269-be6ed7112c43:c63]
2019-06-14 07:34:36,893 INFO  client.GrpcClientProtocolClient (GrpcClientProtocolClient.java:onNext(254)) - client-72F884BE3BA7->dc812fab-4b14-4703-99f7-04a025612d1b: receive RaftClientReply:client-72F884BE3BA7->dc812fab-4b14-4703-99f7-04a025612d1b@group-DA691C5BEC63, cid=47, SUCCESS, logIndex=66, commits[dc812fab-4b14-4703-99f7-04a025612d1b:c68, aeb9ce9c-02d3-4818-bf0d-2e37d7c0a0af:c65, 448bf03a-4449-4010-a269-be6ed7112c43:c65]
2019-06-14 07:34:36,915 INFO  client.GrpcClientProtocolClient (GrpcClientProtocolClient.java:onNext(254)) - client-72F884BE3BA7->dc812fab-4b14-4703-99f7-04a025612d1b: receive RaftClientReply:client-72F884BE3BA7->dc812fab-4b14-4703-99f7-04a025612d1b@group-DA691C5BEC63, cid=48, SUCCESS, logIndex=70, commits[dc812fab-4b14-4703-99f7-04a025612d1b:c70, aeb9ce9c-02d3-4818-bf0d-2e37d7c0a0af:c68, 448bf03a-4449-4010-a269-be6ed7112c43:c69]
2019-06-14 07:34:36,929 INFO  client.GrpcClientProtocolClient (GrpcClientProtocolClient.java:onNext(254)) - client-72F884BE3BA7->dc812fab-4b14-4703-99f7-04a025612d1b: receive RaftClientReply:client-72F884BE3BA7->dc812fab-4b14-4703-99f7-04a025612d1b@group-DA691C5BEC63, cid=49, SUCCESS, logIndex=72, commits[dc812fab-4b14-4703-99f7-04a025612d1b:c72, aeb9ce9c-02d3-4818-bf0d-2e37d7c0a0af:c70, 448bf03a-4449-4010-a269-be6ed7112c43:c70]
2019-06-14 07:34:37,023 INFO  client.GrpcClientProtocolClient (GrpcClientProtocolClient.java:onNext(254)) - client-72F884BE3BA7->dc812fab-4b14-4703-99f7-04a025612d1b: receive RaftClientReply:client-72F884BE3BA7->dc812fab-4b14-4703-99f7-04a025612d1b@group-DA691C5BEC63, cid=50, SUCCESS, logIndex=74, commits[dc812fab-4b14-4703-99f7-04a025612d1b:c74, aeb9ce9c-02d3-4818-bf0d-2e37d7c0a0af:c73, 448bf03a-4449-4010-a269-be6ed7112c43:c72]
2019-06-14 07:34:37,032 INFO  client.GrpcClientProtocolClient (GrpcClientProtocolClient.java:onNext(254)) - client-72F884BE3BA7->dc812fab-4b14-4703-99f7-04a025612d1b: receive RaftClientReply:client-72F884BE3BA7->dc812fab-4b14-4703-99f7-04a025612d1b@group-DA691C5BEC63, cid=51, SUCCESS, logIndex=76, commits[dc812fab-4b14-4703-99f7-04a025612d1b:c76, aeb9ce9c-02d3-4818-bf0d-2e37d7c0a0af:c74, 448bf03a-4449-4010-a269-be6ed7112c43:c74]
2019-06-14 07:34:37,036 INFO  client.GrpcClientProtocolClient (GrpcClientProtocolClient.java:onNext(254)) - client-72F884BE3BA7->dc812fab-4b14-4703-99f7-04a025612d1b: receive RaftClientReply:client-72F884BE3BA7->dc812fab-4b14-4703-99f7-04a025612d1b@group-DA691C5BEC63, cid=52, SUCCESS, logIndex=0, commits[dc812fab-4b14-4703-99f7-04a025612d1b:c77, aeb9ce9c-02d3-4818-bf0d-2e37d7c0a0af:c76, 448bf03a-4449-4010-a269-be6ed7112c43:c76]
 100.00% |█████████████████████████████████████████████████████████████████████████████████████████████████████|  1/1 Time: 0:00:07
2019-06-14 07:34:37,725 INFO  pipeline.SCMPipelineManager (SCMPipelineManager.java:finalizeAndDestroyPipeline(307)) - destroying pipeline:Pipeline[ Id: 0398d8d2-2b3a-4e4f-aea4-da691c5bec63, Nodes: dc812fab-4b14-4703-99f7-04a025612d1b{ip: 192.168.105.150, host: ozone-tm9qp-1671232062, networkLocation: /default-rack, certSerialId: null}aeb9ce9c-02d3-4818-bf0d-2e37d7c0a0af{ip: 192.168.105.150, host: ozone-tm9qp-1671232062, networkLocation: /default-rack, certSerialId: null}448bf03a-4449-4010-a269-be6ed7112c43{ip: 192.168.105.150, host: ozone-tm9qp-1671232062, networkLocation: /default-rack, certSerialId: null}, Type:RATIS, Factor:THREE, State:OPEN]
2019-06-14 07:34:37,725 INFO  pipeline.PipelineStateManager (PipelineStateManager.java:finalizePipeline(123)) - Pipeline Pipeline[ Id: 0398d8d2-2b3a-4e4f-aea4-da691c5bec63, Nodes: dc812fab-4b14-4703-99f7-04a025612d1b{ip: 192.168.105.150, host: ozone-tm9qp-1671232062, networkLocation: /default-rack, certSerialId: null}aeb9ce9c-02d3-4818-bf0d-2e37d7c0a0af{ip: 192.168.105.150, host: ozone-tm9qp-1671232062, networkLocation: /default-rack, certSerialId: null}448bf03a-4449-4010-a269-be6ed7112c43{ip: 192.168.105.150, host: ozone-tm9qp-1671232062, networkLocation: /default-rack, certSerialId: null}, Type:RATIS, Factor:THREE, State:CLOSED] moved to CLOSED state
2019-06-14 07:34:37,726 INFO  container.CloseContainerEventHandler (CloseContainerEventHandler.java:onMessage(61)) - Close container Event triggered for container : #1
2019-06-14 07:34:37,729 INFO  container.CloseContainerEventHandler (CloseContainerEventHandler.java:onMessage(61)) - Close container Event triggered for container : #2
2019-06-14 07:34:37,730 INFO  container.CloseContainerEventHandler (CloseContainerEventHandler.java:onMessage(61)) - Close container Event triggered for container : #3
2019-06-14 07:34:37,737 INFO  impl.RaftServerProxy (RaftServerProxy.java:remove(95)) - dc812fab-4b14-4703-99f7-04a025612d1b: remove   LEADER group-DA691C5BEC63 dc812fab-4b14-4703-99f7-04a025612d1b:t1, leader=dc812fab-4b14-4703-99f7-04a025612d1b, voted=dc812fab-4b14-4703-99f7-04a025612d1b, raftlog=dc812fab-4b14-4703-99f7-04a025612d1b-SegmentedRaftLog:OPENED:c77,f77,i77, conf=0: [aeb9ce9c-02d3-4818-bf0d-2e37d7c0a0af:192.168.105.150:42501, 448bf03a-4449-4010-a269-be6ed7112c43:192.168.105.150:41795, dc812fab-4b14-4703-99f7-04a025612d1b:192.168.105.150:41007], old=null RUNNING
2019-06-14 07:34:37,738 INFO  impl.RaftServerImpl (RaftServerImpl.java:lambda$shutdown$3(238)) - dc812fab-4b14-4703-99f7-04a025612d1b: shutdown group-DA691C5BEC63
2019-06-14 07:34:37,739 INFO  util.JmxRegister (JmxRegister.java:unregister(73)) - Successfully un-registered JMX Bean with object name Ratis:service=RaftServer,group=group-DA691C5BEC63,id=dc812fab-4b14-4703-99f7-04a025612d1b
2019-06-14 07:34:37,739 INFO  impl.RoleInfo (RoleInfo.java:shutdownLeaderState(104)) - dc812fab-4b14-4703-99f7-04a025612d1b: shutdown LeaderState
2019-06-14 07:34:37,739 INFO  impl.PendingRequests (PendingRequests.java:sendNotLeaderResponses(140)) - dc812fab-4b14-4703-99f7-04a025612d1b-PendingRequests: sendNotLeaderResponses
2019-06-14 07:34:37,739 WARN  server.GrpcLogAppender (GrpcLogAppender.java:mayWait(142)) - GrpcLogAppender(dc812fab-4b14-4703-99f7-04a025612d1b -> 448bf03a-4449-4010-a269-be6ed7112c43): Wait interrupted by java.lang.InterruptedException
2019-06-14 07:34:37,739 WARN  server.GrpcLogAppender (GrpcLogAppender.java:mayWait(142)) - GrpcLogAppender(dc812fab-4b14-4703-99f7-04a025612d1b -> aeb9ce9c-02d3-4818-bf0d-2e37d7c0a0af): Wait interrupted by java.lang.InterruptedException
2019-06-14 07:34:37,742 INFO  server.GrpcServerProtocolService (GrpcServerProtocolService.java:onCompleted(104)) - 448bf03a-4449-4010-a269-be6ed7112c43: appendEntries completed
2019-06-14 07:34:37,742 INFO  server.GrpcServerProtocolService (GrpcServerProtocolService.java:onCompleted(104)) - aeb9ce9c-02d3-4818-bf0d-2e37d7c0a0af: appendEntries completed
2019-06-14 07:34:37,742 INFO  server.GrpcLogAppender (GrpcLogAppender.java:onCompleted(277)) - dc812fab-4b14-4703-99f7-04a025612d1b: follower dc812fab-4b14-4703-99f7-04a025612d1b->448bf03a-4449-4010-a269-be6ed7112c43(c77,m77,n78, attendVote=true, lastRpcSendTime=207, lastRpcResponseTime=206) response Completed
2019-06-14 07:34:37,742 INFO  server.GrpcLogAppender (GrpcLogAppender.java:onCompleted(277)) - dc812fab-4b14-4703-99f7-04a025612d1b: follower dc812fab-4b14-4703-99f7-04a025612d1b->aeb9ce9c-02d3-4818-bf0d-2e37d7c0a0af(c77,m77,n78, attendVote=true, lastRpcSendTime=206, lastRpcResponseTime=205) response Completed
2019-06-14 07:34:37,743 INFO  impl.FollowerInfo (FollowerInfo.java:lambda$new$0(50)) - dc812fab-4b14-4703-99f7-04a025612d1b->448bf03a-4449-4010-a269-be6ed7112c43: nextIndex: updateUnconditionally 78 -> 0
2019-06-14 07:34:37,746 INFO  impl.StateMachineUpdater (StateMachineUpdater.java:stopAndJoin(109)) - StateMachineUpdater-dc812fab-4b14-4703-99f7-04a025612d1b-group-DA691C5BEC63: set stopIndex = 77
2019-06-14 07:34:37,746 INFO  ratis.ContainerStateMachine (ContainerStateMachine.java:takeSnapshot(245)) - Taking snapshot at termIndex:(t:1, i:76)
2019-06-14 07:34:37,746 INFO  ratis.ContainerStateMachine (ContainerStateMachine.java:takeSnapshot(249)) - Taking a snapshot to file /opt/src/hadoop-ozone/tools/target/test-dir/MiniOzoneClusterImpl-b4061317-5e40-4fbf-a180-6f94f226641f/datanode-0/data/ratis/0398d8d2-2b3a-4e4f-aea4-da691c5bec63/sm/snapshot.1_76
2019-06-14 07:34:37,745 INFO  impl.FollowerInfo (FollowerInfo.java:lambda$new$0(50)) - dc812fab-4b14-4703-99f7-04a025612d1b->aeb9ce9c-02d3-4818-bf0d-2e37d7c0a0af: nextIndex: updateUnconditionally 78 -> 0
2019-06-14 07:34:37,752 INFO  impl.RaftServerImpl (ServerState.java:close(394)) - dc812fab-4b14-4703-99f7-04a025612d1b:group-DA691C5BEC63 closes. The last applied log index is 77
2019-06-14 07:34:37,753 INFO  storage.RaftLogWorker (RaftLogWorker.java:run(236)) - dc812fab-4b14-4703-99f7-04a025612d1b-RaftLogWorker was interrupted, exiting. There are 0 tasks remaining in the queue.
2019-06-14 07:34:37,755 INFO  storage.RaftLogWorker (RaftLogWorker.java:close(168)) - dc812fab-4b14-4703-99f7-04a025612d1b-RaftLogWorker close()
2019-06-14 07:34:37,771 INFO  impl.RaftServerProxy (RaftServerProxy.java:remove(95)) - aeb9ce9c-02d3-4818-bf0d-2e37d7c0a0af: remove FOLLOWER group-DA691C5BEC63 aeb9ce9c-02d3-4818-bf0d-2e37d7c0a0af:t1, leader=dc812fab-4b14-4703-99f7-04a025612d1b, voted=aeb9ce9c-02d3-4818-bf0d-2e37d7c0a0af, raftlog=aeb9ce9c-02d3-4818-bf0d-2e37d7c0a0af-SegmentedRaftLog:OPENED:c77,f77,i77, conf=0: [aeb9ce9c-02d3-4818-bf0d-2e37d7c0a0af:192.168.105.150:42501, 448bf03a-4449-4010-a269-be6ed7112c43:192.168.105.150:41795, dc812fab-4b14-4703-99f7-04a025612d1b:192.168.105.150:41007], old=null RUNNING
2019-06-14 07:34:37,771 INFO  impl.RaftServerImpl (RaftServerImpl.java:lambda$shutdown$3(238)) - aeb9ce9c-02d3-4818-bf0d-2e37d7c0a0af: shutdown group-DA691C5BEC63
2019-06-14 07:34:37,771 INFO  util.JmxRegister (JmxRegister.java:unregister(73)) - Successfully un-registered JMX Bean with object name Ratis:service=RaftServer,group=group-DA691C5BEC63,id=aeb9ce9c-02d3-4818-bf0d-2e37d7c0a0af
2019-06-14 07:34:37,771 INFO  impl.RoleInfo (RoleInfo.java:shutdownFollowerState(121)) - aeb9ce9c-02d3-4818-bf0d-2e37d7c0a0af: shutdown FollowerState
2019-06-14 07:34:37,771 INFO  impl.StateMachineUpdater (StateMachineUpdater.java:stopAndJoin(109)) - StateMachineUpdater-aeb9ce9c-02d3-4818-bf0d-2e37d7c0a0af-group-DA691C5BEC63: set stopIndex = 77
2019-06-14 07:34:37,771 INFO  ratis.ContainerStateMachine (ContainerStateMachine.java:takeSnapshot(245)) - Taking snapshot at termIndex:(t:1, i:76)
2019-06-14 07:34:37,772 INFO  ratis.ContainerStateMachine (ContainerStateMachine.java:takeSnapshot(249)) - Taking a snapshot to file /opt/src/hadoop-ozone/tools/target/test-dir/MiniOzoneClusterImpl-b4061317-5e40-4fbf-a180-6f94f226641f/datanode-1/data/ratis/0398d8d2-2b3a-4e4f-aea4-da691c5bec63/sm/snapshot.1_76
2019-06-14 07:34:37,772 INFO  impl.RaftServerImpl (ServerState.java:close(394)) - aeb9ce9c-02d3-4818-bf0d-2e37d7c0a0af:group-DA691C5BEC63 closes. The last applied log index is 77
2019-06-14 07:34:37,771 INFO  impl.FollowerState (FollowerState.java:run(109)) - aeb9ce9c-02d3-4818-bf0d-2e37d7c0a0af: FollowerState was interrupted: java.lang.InterruptedException: sleep interrupted
2019-06-14 07:34:37,772 INFO  storage.RaftLogWorker (RaftLogWorker.java:run(236)) - aeb9ce9c-02d3-4818-bf0d-2e37d7c0a0af-RaftLogWorker was interrupted, exiting. There are 0 tasks remaining in the queue.
2019-06-14 07:34:37,774 INFO  storage.RaftLogWorker (RaftLogWorker.java:close(168)) - aeb9ce9c-02d3-4818-bf0d-2e37d7c0a0af-RaftLogWorker close()
2019-06-14 07:34:37,786 INFO  impl.RaftServerProxy (RaftServerProxy.java:remove(95)) - 448bf03a-4449-4010-a269-be6ed7112c43: remove FOLLOWER group-DA691C5BEC63 448bf03a-4449-4010-a269-be6ed7112c43:t1, leader=dc812fab-4b14-4703-99f7-04a025612d1b, voted=dc812fab-4b14-4703-99f7-04a025612d1b, raftlog=448bf03a-4449-4010-a269-be6ed7112c43-SegmentedRaftLog:OPENED:c77,f77,i77, conf=0: [aeb9ce9c-02d3-4818-bf0d-2e37d7c0a0af:192.168.105.150:42501, 448bf03a-4449-4010-a269-be6ed7112c43:192.168.105.150:41795, dc812fab-4b14-4703-99f7-04a025612d1b:192.168.105.150:41007], old=null RUNNING
2019-06-14 07:34:37,786 INFO  impl.RaftServerImpl (RaftServerImpl.java:lambda$shutdown$3(238)) - 448bf03a-4449-4010-a269-be6ed7112c43: shutdown group-DA691C5BEC63
2019-06-14 07:34:37,786 INFO  util.JmxRegister (JmxRegister.java:unregister(73)) - Successfully un-registered JMX Bean with object name Ratis:service=RaftServer,group=group-DA691C5BEC63,id=448bf03a-4449-4010-a269-be6ed7112c43
2019-06-14 07:34:37,786 INFO  impl.RoleInfo (RoleInfo.java:shutdownFollowerState(121)) - 448bf03a-4449-4010-a269-be6ed7112c43: shutdown FollowerState
2019-06-14 07:34:37,786 INFO  impl.StateMachineUpdater (StateMachineUpdater.java:stopAndJoin(109)) - StateMachineUpdater-448bf03a-4449-4010-a269-be6ed7112c43-group-DA691C5BEC63: set stopIndex = 77
2019-06-14 07:34:37,786 INFO  ratis.ContainerStateMachine (ContainerStateMachine.java:takeSnapshot(245)) - Taking snapshot at termIndex:(t:1, i:76)
2019-06-14 07:34:37,786 INFO  impl.FollowerState (FollowerState.java:run(109)) - 448bf03a-4449-4010-a269-be6ed7112c43: FollowerState was interrupted: java.lang.InterruptedException: sleep interrupted
2019-06-14 07:34:37,787 INFO  ratis.ContainerStateMachine (ContainerStateMachine.java:takeSnapshot(249)) - Taking a snapshot to file /opt/src/hadoop-ozone/tools/target/test-dir/MiniOzoneClusterImpl-b4061317-5e40-4fbf-a180-6f94f226641f/datanode-2/data/ratis/0398d8d2-2b3a-4e4f-aea4-da691c5bec63/sm/snapshot.1_76
2019-06-14 07:34:37,788 INFO  impl.RaftServerImpl (ServerState.java:close(394)) - 448bf03a-4449-4010-a269-be6ed7112c43:group-DA691C5BEC63 closes. The last applied log index is 77
2019-06-14 07:34:37,788 INFO  storage.RaftLogWorker (RaftLogWorker.java:run(236)) - 448bf03a-4449-4010-a269-be6ed7112c43-RaftLogWorker was interrupted, exiting. There are 0 tasks remaining in the queue.
2019-06-14 07:34:37,790 INFO  storage.RaftLogWorker (RaftLogWorker.java:close(168)) - 448bf03a-4449-4010-a269-be6ed7112c43-RaftLogWorker close()
2019-06-14 07:34:37,798 INFO  pipeline.PipelineStateManager (PipelineStateManager.java:removePipeline(108)) - Pipeline Pipeline[ Id: 0398d8d2-2b3a-4e4f-aea4-da691c5bec63, Nodes: dc812fab-4b14-4703-99f7-04a025612d1b{ip: 192.168.105.150, host: ozone-tm9qp-1671232062, networkLocation: /default-rack, certSerialId: null}aeb9ce9c-02d3-4818-bf0d-2e37d7c0a0af{ip: 192.168.105.150, host: ozone-tm9qp-1671232062, networkLocation: /default-rack, certSerialId: null}448bf03a-4449-4010-a269-be6ed7112c43{ip: 192.168.105.150, host: ozone-tm9qp-1671232062, networkLocation: /default-rack, certSerialId: null}, Type:RATIS, Factor:THREE, State:CLOSED] removed from db
2019-06-14 07:34:37,811 INFO  impl.RaftServerProxy (RaftServerProxy.java:addNew(89)) - aeb9ce9c-02d3-4818-bf0d-2e37d7c0a0af: addNew group-3B7511B71DA6:[aeb9ce9c-02d3-4818-bf0d-2e37d7c0a0af:192.168.105.150:42501, 448bf03a-4449-4010-a269-be6ed7112c43:192.168.105.150:41795, dc812fab-4b14-4703-99f7-04a025612d1b:192.168.105.150:41007] returns group-3B7511B71DA6:java.util.concurrent.CompletableFuture@745c13bc[Not completed]
2019-06-14 07:34:37,812 INFO  impl.RaftServerImpl (RaftServerImpl.java:<init>(91)) - aeb9ce9c-02d3-4818-bf0d-2e37d7c0a0af: new RaftServerImpl for group-3B7511B71DA6:[aeb9ce9c-02d3-4818-bf0d-2e37d7c0a0af:192.168.105.150:42501, 448bf03a-4449-4010-a269-be6ed7112c43:192.168.105.150:41795, dc812fab-4b14-4703-99f7-04a025612d1b:192.168.105.150:41007] with ContainerStateMachine:uninitialized
2019-06-14 07:34:37,813 INFO  server.RaftServerConfigKeys (ConfUtils.java:logGet(43)) - raft.server.rpc.timeout.min = 1s (custom)
2019-06-14 07:34:37,813 INFO  server.RaftServerConfigKeys (ConfUtils.java:logGet(43)) - raft.server.rpc.timeout.max = 1200ms (custom)
2019-06-14 07:34:37,813 INFO  server.RaftServerConfigKeys (ConfUtils.java:logGet(43)) - raft.server.rpcslowness.timeout = 120s (custom)
2019-06-14 07:34:37,813 INFO  server.RaftServerConfigKeys (ConfUtils.java:logGet(43)) - raft.server.log.appender.install.snapshot.enabled = true (default)
2019-06-14 07:34:37,813 INFO  impl.RaftServerImpl (ServerState.java:<init>(101)) - aeb9ce9c-02d3-4818-bf0d-2e37d7c0a0af:group-3B7511B71DA6 ConfigurationManager, init=-1: [aeb9ce9c-02d3-4818-bf0d-2e37d7c0a0af:192.168.105.150:42501, 448bf03a-4449-4010-a269-be6ed7112c43:192.168.105.150:41795, dc812fab-4b14-4703-99f7-04a025612d1b:192.168.105.150:41007], old=null, confs=<EMPTY_MAP>
2019-06-14 07:34:37,814 INFO  server.RaftServerConfigKeys (ConfUtils.java:logGet(43)) - raft.server.storage.dir = [/opt/src/hadoop-ozone/tools/target/test-dir/MiniOzoneClusterImpl-b4061317-5e40-4fbf-a180-6f94f226641f/datanode-1/data/ratis] (custom)
2019-06-14 07:34:37,814 INFO  storage.RaftStorageDirectory (RaftStorageDirectory.java:analyzeStorage(246)) - The storage directory /opt/src/hadoop-ozone/tools/target/test-dir/MiniOzoneClusterImpl-b4061317-5e40-4fbf-a180-6f94f226641f/datanode-1/data/ratis/096a9a0e-f1fe-4706-9f13-3b7511b71da6 does not exist. Creating ...
2019-06-14 07:34:37,816 INFO  impl.RaftServerProxy (RaftServerProxy.java:addNew(89)) - dc812fab-4b14-4703-99f7-04a025612d1b: addNew group-3B7511B71DA6:[aeb9ce9c-02d3-4818-bf0d-2e37d7c0a0af:192.168.105.150:42501, 448bf03a-4449-4010-a269-be6ed7112c43:192.168.105.150:41795, dc812fab-4b14-4703-99f7-04a025612d1b:192.168.105.150:41007] returns group-3B7511B71DA6:java.util.concurrent.CompletableFuture@39e4986d[Not completed]
2019-06-14 07:34:37,817 INFO  storage.RaftStorageDirectory (RaftStorageDirectory.java:tryLock(328)) - Lock on /opt/src/hadoop-ozone/tools/target/test-dir/MiniOzoneClusterImpl-b4061317-5e40-4fbf-a180-6f94f226641f/datanode-1/data/ratis/096a9a0e-f1fe-4706-9f13-3b7511b71da6/in_use.lock acquired by nodename 30674@ozone-tm9qp-1671232062
2019-06-14 07:34:37,817 INFO  impl.RaftServerProxy (RaftServerProxy.java:addNew(89)) - 448bf03a-4449-4010-a269-be6ed7112c43: addNew group-3B7511B71DA6:[aeb9ce9c-02d3-4818-bf0d-2e37d7c0a0af:192.168.105.150:42501, 448bf03a-4449-4010-a269-be6ed7112c43:192.168.105.150:41795, dc812fab-4b14-4703-99f7-04a025612d1b:192.168.105.150:41007] returns group-3B7511B71DA6:java.util.concurrent.CompletableFuture@1f611763[Not completed]
2019-06-14 07:34:37,818 INFO  impl.RaftServerImpl (RaftServerImpl.java:<init>(91)) - dc812fab-4b14-4703-99f7-04a025612d1b: new RaftServerImpl for group-3B7511B71DA6:[aeb9ce9c-02d3-4818-bf0d-2e37d7c0a0af:192.168.105.150:42501, 448bf03a-4449-4010-a269-be6ed7112c43:192.168.105.150:41795, dc812fab-4b14-4703-99f7-04a025612d1b:192.168.105.150:41007] with ContainerStateMachine:uninitialized
2019-06-14 07:34:37,818 INFO  server.RaftServerConfigKeys (ConfUtils.java:logGet(43)) - raft.server.rpc.timeout.min = 1s (custom)
2019-06-14 07:34:37,818 INFO  server.RaftServerConfigKeys (ConfUtils.java:logGet(43)) - raft.server.rpc.timeout.max = 1200ms (custom)
2019-06-14 07:34:37,818 INFO  server.RaftServerConfigKeys (ConfUtils.java:logGet(43)) - raft.server.rpcslowness.timeout = 120s (custom)
2019-06-14 07:34:37,818 INFO  server.RaftServerConfigKeys (ConfUtils.java:logGet(43)) - raft.server.log.appender.install.snapshot.enabled = true (default)
2019-06-14 07:34:37,818 INFO  impl.RaftServerImpl (ServerState.java:<init>(101)) - dc812fab-4b14-4703-99f7-04a025612d1b:group-3B7511B71DA6 ConfigurationManager, init=-1: [aeb9ce9c-02d3-4818-bf0d-2e37d7c0a0af:192.168.105.150:42501, 448bf03a-4449-4010-a269-be6ed7112c43:192.168.105.150:41795, dc812fab-4b14-4703-99f7-04a025612d1b:192.168.105.150:41007], old=null, confs=<EMPTY_MAP>
2019-06-14 07:34:37,818 INFO  server.RaftServerConfigKeys (ConfUtils.java:logGet(43)) - raft.server.storage.dir = [/opt/src/hadoop-ozone/tools/target/test-dir/MiniOzoneClusterImpl-b4061317-5e40-4fbf-a180-6f94f226641f/datanode-0/data/ratis] (custom)
2019-06-14 07:34:37,819 INFO  storage.RaftStorage (RaftStorage.java:format(75)) - Storage directory /opt/src/hadoop-ozone/tools/target/test-dir/MiniOzoneClusterImpl-b4061317-5e40-4fbf-a180-6f94f226641f/datanode-1/data/ratis/096a9a0e-f1fe-4706-9f13-3b7511b71da6 has been successfully formatted.
2019-06-14 07:34:37,819 INFO  storage.RaftStorageDirectory (RaftStorageDirectory.java:analyzeStorage(246)) - The storage directory /opt/src/hadoop-ozone/tools/target/test-dir/MiniOzoneClusterImpl-b4061317-5e40-4fbf-a180-6f94f226641f/datanode-0/data/ratis/096a9a0e-f1fe-4706-9f13-3b7511b71da6 does not exist. Creating ...
2019-06-14 07:34:37,820 INFO  impl.RaftServerImpl (RaftServerImpl.java:<init>(91)) - 448bf03a-4449-4010-a269-be6ed7112c43: new RaftServerImpl for group-3B7511B71DA6:[aeb9ce9c-02d3-4818-bf0d-2e37d7c0a0af:192.168.105.150:42501, 448bf03a-4449-4010-a269-be6ed7112c43:192.168.105.150:41795, dc812fab-4b14-4703-99f7-04a025612d1b:192.168.105.150:41007] with ContainerStateMachine:uninitialized
2019-06-14 07:34:37,820 INFO  server.RaftServerConfigKeys (ConfUtils.java:logGet(43)) - raft.server.rpc.timeout.min = 1s (custom)
2019-06-14 07:34:37,820 INFO  server.RaftServerConfigKeys (ConfUtils.java:logGet(43)) - raft.server.rpc.timeout.max = 1200ms (custom)
2019-06-14 07:34:37,820 INFO  server.RaftServerConfigKeys (ConfUtils.java:logGet(43)) - raft.server.rpcslowness.timeout = 120s (custom)
2019-06-14 07:34:37,820 INFO  server.RaftServerConfigKeys (ConfUtils.java:logGet(43)) - raft.server.log.appender.install.snapshot.enabled = true (default)
2019-06-14 07:34:37,820 INFO  impl.RaftServerImpl (ServerState.java:<init>(101)) - 448bf03a-4449-4010-a269-be6ed7112c43:group-3B7511B71DA6 ConfigurationManager, init=-1: [aeb9ce9c-02d3-4818-bf0d-2e37d7c0a0af:192.168.105.150:42501, 448bf03a-4449-4010-a269-be6ed7112c43:192.168.105.150:41795, dc812fab-4b14-4703-99f7-04a025612d1b:192.168.105.150:41007], old=null, confs=<EMPTY_MAP>
2019-06-14 07:34:37,821 INFO  server.RaftServerConfigKeys (ConfUtils.java:logGet(43)) - raft.server.storage.dir = [/opt/src/hadoop-ozone/tools/target/test-dir/MiniOzoneClusterImpl-b4061317-5e40-4fbf-a180-6f94f226641f/datanode-2/data/ratis] (custom)
2019-06-14 07:34:37,821 INFO  storage.RaftStorageDirectory (RaftStorageDirectory.java:analyzeStorage(246)) - The storage directory /opt/src/hadoop-ozone/tools/target/test-dir/MiniOzoneClusterImpl-b4061317-5e40-4fbf-a180-6f94f226641f/datanode-2/data/ratis/096a9a0e-f1fe-4706-9f13-3b7511b71da6 does not exist. Creating ...
2019-06-14 07:34:37,819 INFO  ratis.ContainerStateMachine (ContainerStateMachine.java:loadSnapshot(199)) - The snapshot info is null.Setting the last applied index to:(t:0, i:~)
2019-06-14 07:34:37,821 INFO  server.RaftServerConfigKeys (ConfUtils.java:logGet(43)) - raft.server.leader.election.timeout = 120s (custom)
2019-06-14 07:34:37,821 INFO  server.RaftServerConfigKeys (ConfUtils.java:logGet(43)) - raft.server.log.use.memory = false (default)
2019-06-14 07:34:37,821 INFO  server.RaftServerConfigKeys (ConfUtils.java:logGet(43)) - raft.server.log.appender.buffer.byte-limit = 33554432 (custom)
2019-06-14 07:34:37,822 INFO  server.RaftServerConfigKeys (ConfUtils.java:logGet(43)) - raft.server.log.segment.size.max = 16384 (custom)
2019-06-14 07:34:37,822 INFO  server.RaftServerConfigKeys (ConfUtils.java:logGet(43)) - raft.server.log.segment.cache.num.max = 2 (custom)
2019-06-14 07:34:37,822 INFO  storage.RaftLogWorker (RaftLogWorker.java:<init>(123)) - new aeb9ce9c-02d3-4818-bf0d-2e37d7c0a0af-RaftLogWorker for Storage Directory /opt/src/hadoop-ozone/tools/target/test-dir/MiniOzoneClusterImpl-b4061317-5e40-4fbf-a180-6f94f226641f/datanode-1/data/ratis/096a9a0e-f1fe-4706-9f13-3b7511b71da6
2019-06-14 07:34:37,822 INFO  server.RaftServerConfigKeys (ConfUtils.java:logGet(43)) - raft.server.log.queue.byte-limit = 2147483647 (custom)
2019-06-14 07:34:37,822 INFO  server.RaftServerConfigKeys (ConfUtils.java:logGet(43)) - raft.server.log.queue.element-limit = 1024 (custom)
2019-06-14 07:34:37,822 INFO  server.RaftServerConfigKeys (ConfUtils.java:logGet(43)) - raft.server.log.segment.size.max = 16384 (custom)
2019-06-14 07:34:37,822 INFO  server.RaftServerConfigKeys (ConfUtils.java:logGet(43)) - raft.server.log.preallocated.size = 16384 (custom)
2019-06-14 07:34:37,822 INFO  server.RaftServerConfigKeys (ConfUtils.java:logGet(43)) - raft.server.log.write.buffer.size = 33554432 (custom)
2019-06-14 07:34:37,822 INFO  server.RaftServerConfigKeys (ConfUtils.java:logGet(43)) - raft.server.log.force.sync.num = 128 (default)
2019-06-14 07:34:37,823 INFO  server.RaftServerConfigKeys (ConfUtils.java:logGet(43)) - raft.server.log.statemachine.data.sync = true (default)
2019-06-14 07:34:37,823 INFO  server.RaftServerConfigKeys (ConfUtils.java:logGet(43)) - raft.server.log.statemachine.data.sync.timeout = 10s (default)
2019-06-14 07:34:37,823 INFO  server.RaftServerConfigKeys (ConfUtils.java:logGet(43)) - raft.server.log.statemachine.data.sync.timeout.retry = -1 (default)
2019-06-14 07:34:37,823 INFO  server.RaftServerConfigKeys (ConfUtils.java:logGet(43)) - raft.server.log.statemachine.data.caching.enabled = true (custom)
2019-06-14 07:34:37,825 INFO  storage.RaftStorageDirectory (RaftStorageDirectory.java:tryLock(328)) - Lock on /opt/src/hadoop-ozone/tools/target/test-dir/MiniOzoneClusterImpl-b4061317-5e40-4fbf-a180-6f94f226641f/datanode-2/data/ratis/096a9a0e-f1fe-4706-9f13-3b7511b71da6/in_use.lock acquired by nodename 30674@ozone-tm9qp-1671232062
2019-06-14 07:34:37,825 INFO  storage.RaftStorageDirectory (RaftStorageDirectory.java:tryLock(328)) - Lock on /opt/src/hadoop-ozone/tools/target/test-dir/MiniOzoneClusterImpl-b4061317-5e40-4fbf-a180-6f94f226641f/datanode-0/data/ratis/096a9a0e-f1fe-4706-9f13-3b7511b71da6/in_use.lock acquired by nodename 30674@ozone-tm9qp-1671232062
2019-06-14 07:34:37,827 INFO  storage.RaftStorage (RaftStorage.java:format(75)) - Storage directory /opt/src/hadoop-ozone/tools/target/test-dir/MiniOzoneClusterImpl-b4061317-5e40-4fbf-a180-6f94f226641f/datanode-0/data/ratis/096a9a0e-f1fe-4706-9f13-3b7511b71da6 has been successfully formatted.
2019-06-14 07:34:37,827 INFO  storage.RaftStorage (RaftStorage.java:format(75)) - Storage directory /opt/src/hadoop-ozone/tools/target/test-dir/MiniOzoneClusterImpl-b4061317-5e40-4fbf-a180-6f94f226641f/datanode-2/data/ratis/096a9a0e-f1fe-4706-9f13-3b7511b71da6 has been successfully formatted.
2019-06-14 07:34:37,827 INFO  ratis.ContainerStateMachine (ContainerStateMachine.java:loadSnapshot(199)) - The snapshot info is null.Setting the last applied index to:(t:0, i:~)
2019-06-14 07:34:37,827 INFO  ratis.ContainerStateMachine (ContainerStateMachine.java:loadSnapshot(199)) - The snapshot info is null.Setting the last applied index to:(t:0, i:~)
2019-06-14 07:34:37,827 INFO  server.RaftServerConfigKeys (ConfUtils.java:logGet(43)) - raft.server.leader.election.timeout = 120s (custom)
2019-06-14 07:34:37,827 INFO  server.RaftServerConfigKeys (ConfUtils.java:logGet(43)) - raft.server.log.use.memory = false (default)
2019-06-14 07:34:37,828 INFO  server.RaftServerConfigKeys (ConfUtils.java:logGet(43)) - raft.server.log.appender.buffer.byte-limit = 33554432 (custom)
2019-06-14 07:34:37,828 INFO  server.RaftServerConfigKeys (ConfUtils.java:logGet(43)) - raft.server.log.segment.size.max = 16384 (custom)
2019-06-14 07:34:37,828 INFO  server.RaftServerConfigKeys (ConfUtils.java:logGet(43)) - raft.server.log.segment.cache.num.max = 2 (custom)
2019-06-14 07:34:37,828 INFO  storage.RaftLogWorker (RaftLogWorker.java:<init>(123)) - new 448bf03a-4449-4010-a269-be6ed7112c43-RaftLogWorker for Storage Directory /opt/src/hadoop-ozone/tools/target/test-dir/MiniOzoneClusterImpl-b4061317-5e40-4fbf-a180-6f94f226641f/datanode-2/data/ratis/096a9a0e-f1fe-4706-9f13-3b7511b71da6
2019-06-14 07:34:37,828 INFO  server.RaftServerConfigKeys (ConfUtils.java:logGet(43)) - raft.server.log.queue.byte-limit = 2147483647 (custom)
2019-06-14 07:34:37,828 INFO  server.RaftServerConfigKeys (ConfUtils.java:logGet(43)) - raft.server.log.queue.element-limit = 1024 (custom)
2019-06-14 07:34:37,828 INFO  server.RaftServerConfigKeys (ConfUtils.java:logGet(43)) - raft.server.log.segment.size.max = 16384 (custom)
2019-06-14 07:34:37,828 INFO  server.RaftServerConfigKeys (ConfUtils.java:logGet(43)) - raft.server.log.preallocated.size = 16384 (custom)
2019-06-14 07:34:37,828 INFO  server.RaftServerConfigKeys (ConfUtils.java:logGet(43)) - raft.server.log.write.buffer.size = 33554432 (custom)
2019-06-14 07:34:37,828 INFO  server.RaftServerConfigKeys (ConfUtils.java:logGet(43)) - raft.server.log.force.sync.num = 128 (default)
2019-06-14 07:34:37,828 INFO  server.RaftServerConfigKeys (ConfUtils.java:logGet(43)) - raft.server.log.statemachine.data.sync = true (default)
2019-06-14 07:34:37,828 INFO  server.RaftServerConfigKeys (ConfUtils.java:logGet(43)) - raft.server.log.statemachine.data.sync.timeout = 10s (default)
2019-06-14 07:34:37,829 INFO  server.RaftServerConfigKeys (ConfUtils.java:logGet(43)) - raft.server.log.statemachine.data.sync.timeout.retry = -1 (default)
2019-06-14 07:34:37,827 INFO  server.RaftServerConfigKeys (ConfUtils.java:logGet(43)) - raft.server.leader.election.timeout = 120s (custom)
2019-06-14 07:34:37,829 INFO  server.RaftServerConfigKeys (ConfUtils.java:logGet(43)) - raft.server.log.use.memory = false (default)
2019-06-14 07:34:37,829 INFO  server.RaftServerConfigKeys (ConfUtils.java:logGet(43)) - raft.server.log.appender.buffer.byte-limit = 33554432 (custom)
2019-06-14 07:34:37,829 INFO  server.RaftServerConfigKeys (ConfUtils.java:logGet(43)) - raft.server.log.segment.size.max = 16384 (custom)
2019-06-14 07:34:37,829 INFO  server.RaftServerConfigKeys (ConfUtils.java:logGet(43)) - raft.server.log.segment.cache.num.max = 2 (custom)
2019-06-14 07:34:37,829 INFO  storage.RaftLogWorker (RaftLogWorker.java:<init>(123)) - new dc812fab-4b14-4703-99f7-04a025612d1b-RaftLogWorker for Storage Directory /opt/src/hadoop-ozone/tools/target/test-dir/MiniOzoneClusterImpl-b4061317-5e40-4fbf-a180-6f94f226641f/datanode-0/data/ratis/096a9a0e-f1fe-4706-9f13-3b7511b71da6
2019-06-14 07:34:37,829 INFO  server.RaftServerConfigKeys (ConfUtils.java:logGet(43)) - raft.server.log.queue.byte-limit = 2147483647 (custom)
2019-06-14 07:34:37,829 INFO  server.RaftServerConfigKeys (ConfUtils.java:logGet(43)) - raft.server.log.queue.element-limit = 1024 (custom)
2019-06-14 07:34:37,829 INFO  server.RaftServerConfigKeys (ConfUtils.java:logGet(43)) - raft.server.log.segment.size.max = 16384 (custom)
2019-06-14 07:34:37,829 INFO  server.RaftServerConfigKeys (ConfUtils.java:logGet(43)) - raft.server.log.preallocated.size = 16384 (custom)
2019-06-14 07:34:37,830 INFO  server.RaftServerConfigKeys (ConfUtils.java:logGet(43)) - raft.server.log.write.buffer.size = 33554432 (custom)
2019-06-14 07:34:37,830 INFO  server.RaftServerConfigKeys (ConfUtils.java:logGet(43)) - raft.server.log.force.sync.num = 128 (default)
2019-06-14 07:34:37,830 INFO  server.RaftServerConfigKeys (ConfUtils.java:logGet(43)) - raft.server.log.statemachine.data.sync = true (default)
2019-06-14 07:34:37,830 INFO  server.RaftServerConfigKeys (ConfUtils.java:logGet(43)) - raft.server.log.statemachine.data.sync.timeout = 10s (default)
2019-06-14 07:34:37,830 INFO  server.RaftServerConfigKeys (ConfUtils.java:logGet(43)) - raft.server.log.statemachine.data.sync.timeout.retry = -1 (default)
2019-06-14 07:34:37,833 INFO  server.RaftServerConfigKeys (ConfUtils.java:logGet(43)) - raft.server.log.statemachine.data.caching.enabled = true (custom)
2019-06-14 07:34:37,833 INFO  server.RaftServerConfigKeys (ConfUtils.java:logGet(43)) - raft.server.snapshot.auto.trigger.enabled = true (custom)
2019-06-14 07:34:37,833 INFO  server.RaftServerConfigKeys (ConfUtils.java:logGet(43)) - raft.server.snapshot.auto.trigger.threshold = 10000 (custom)
2019-06-14 07:34:37,833 INFO  server.RaftServerConfigKeys (ConfUtils.java:logGet(43)) - raft.server.snapshot.auto.trigger.enabled = true (custom)
2019-06-14 07:34:37,833 INFO  server.RaftServerConfigKeys (ConfUtils.java:logGet(43)) - raft.server.snapshot.auto.trigger.threshold = 10000 (custom)
2019-06-14 07:34:37,833 INFO  server.RaftServerConfigKeys (ConfUtils.java:logGet(43)) - raft.server.retrycache.expirytime = 600000ms (custom)
2019-06-14 07:34:37,833 INFO  impl.RaftServerImpl (RaftServerImpl.java:start(173)) - dc812fab-4b14-4703-99f7-04a025612d1b: start group-3B7511B71DA6
2019-06-14 07:34:37,833 INFO  impl.RaftServerImpl (RaftServerImpl.java:setRole(164)) - dc812fab-4b14-4703-99f7-04a025612d1b:group-3B7511B71DA6 changes role from null to FOLLOWER at term 0 for startAsFollower
2019-06-14 07:34:37,834 INFO  impl.RoleInfo (RoleInfo.java:updateAndGet(143)) - dc812fab-4b14-4703-99f7-04a025612d1b: start FollowerState
2019-06-14 07:34:37,834 INFO  server.RaftServerConfigKeys (ConfUtils.java:logGet(43)) - raft.server.retrycache.expirytime = 600000ms (custom)
2019-06-14 07:34:37,834 INFO  impl.RaftServerImpl (RaftServerImpl.java:start(173)) - aeb9ce9c-02d3-4818-bf0d-2e37d7c0a0af: start group-3B7511B71DA6
2019-06-14 07:34:37,834 INFO  impl.RaftServerImpl (RaftServerImpl.java:setRole(164)) - aeb9ce9c-02d3-4818-bf0d-2e37d7c0a0af:group-3B7511B71DA6 changes role from null to FOLLOWER at term 0 for startAsFollower
2019-06-14 07:34:37,834 INFO  impl.RoleInfo (RoleInfo.java:updateAndGet(143)) - aeb9ce9c-02d3-4818-bf0d-2e37d7c0a0af: start FollowerState
2019-06-14 07:34:37,834 INFO  server.RaftServerConfigKeys (ConfUtils.java:logGet(43)) - raft.server.log.statemachine.data.caching.enabled = true (custom)
2019-06-14 07:34:37,840 INFO  util.JmxRegister (JmxRegister.java:tryRegister(44)) - Successfully registered JMX Bean with object name Ratis:service=RaftServer,group=group-3B7511B71DA6,id=dc812fab-4b14-4703-99f7-04a025612d1b
2019-06-14 07:34:37,841 INFO  util.JmxRegister (JmxRegister.java:tryRegister(44)) - Successfully registered JMX Bean with object name Ratis:service=RaftServer,group=group-3B7511B71DA6,id=aeb9ce9c-02d3-4818-bf0d-2e37d7c0a0af
2019-06-14 07:34:37,841 INFO  server.RaftServerConfigKeys (ConfUtils.java:logGet(43)) - raft.server.snapshot.auto.trigger.enabled = true (custom)
2019-06-14 07:34:37,841 INFO  server.RaftServerConfigKeys (ConfUtils.java:logGet(43)) - raft.server.snapshot.auto.trigger.threshold = 10000 (custom)
2019-06-14 07:34:37,844 INFO  server.RaftServerConfigKeys (ConfUtils.java:logGet(43)) - raft.server.retrycache.expirytime = 600000ms (custom)
2019-06-14 07:34:37,844 INFO  impl.RaftServerImpl (RaftServerImpl.java:start(173)) - 448bf03a-4449-4010-a269-be6ed7112c43: start group-3B7511B71DA6
2019-06-14 07:34:37,844 INFO  impl.RaftServerImpl (RaftServerImpl.java:setRole(164)) - 448bf03a-4449-4010-a269-be6ed7112c43:group-3B7511B71DA6 changes role from null to FOLLOWER at term 0 for startAsFollower
2019-06-14 07:34:37,844 INFO  impl.RoleInfo (RoleInfo.java:updateAndGet(143)) - 448bf03a-4449-4010-a269-be6ed7112c43: start FollowerState
2019-06-14 07:34:37,844 INFO  util.JmxRegister (JmxRegister.java:tryRegister(44)) - Successfully registered JMX Bean with object name Ratis:service=RaftServer,group=group-3B7511B71DA6,id=448bf03a-4449-4010-a269-be6ed7112c43
2019-06-14 07:34:37,854 INFO  pipeline.PipelineStateManager (PipelineStateManager.java:addPipeline(56)) - Created pipeline Pipeline[ Id: 096a9a0e-f1fe-4706-9f13-3b7511b71da6, Nodes: dc812fab-4b14-4703-99f7-04a025612d1b{ip: 192.168.105.150, host: ozone-tm9qp-1671232062, networkLocation: /default-rack, certSerialId: null}aeb9ce9c-02d3-4818-bf0d-2e37d7c0a0af{ip: 192.168.105.150, host: ozone-tm9qp-1671232062, networkLocation: /default-rack, certSerialId: null}448bf03a-4449-4010-a269-be6ed7112c43{ip: 192.168.105.150, host: ozone-tm9qp-1671232062, networkLocation: /default-rack, certSerialId: null}, Type:RATIS, Factor:THREE, State:OPEN]
2019-06-14 07:34:37,878 INFO  freon.RandomKeyGenerator (RandomKeyGenerator.java:call(261)) - Number of Threads: 10
2019-06-14 07:34:37,878 INFO  freon.RandomKeyGenerator (RandomKeyGenerator.java:call(267)) - Number of Volumes: 1.
2019-06-14 07:34:37,878 INFO  freon.RandomKeyGenerator (RandomKeyGenerator.java:call(268)) - Number of Buckets per Volume: 1.
2019-06-14 07:34:37,878 INFO  freon.RandomKeyGenerator (RandomKeyGenerator.java:call(269)) - Number of Keys per Bucket: 1.
2019-06-14 07:34:37,878 INFO  freon.RandomKeyGenerator (RandomKeyGenerator.java:call(270)) - Key size: 20971520 bytes
2019-06-14 07:34:37,878 INFO  freon.RandomKeyGenerator (RandomKeyGenerator.java:call(271)) - Buffer size: 4096 bytes
2019-06-14 07:34:37,879 INFO  freon.RandomKeyGenerator (RandomKeyGenerator.java:call(287)) - Data validation is enabled.
2019-06-14 07:34:37,879 INFO  freon.RandomKeyGenerator (RandomKeyGenerator.java:call(300)) - Starting progress bar Thread.

2019-06-14 07:34:37,879 INFO  rpc.RpcClient (RpcClient.java:createVolume(289)) - Creating Volume: vol-0-07212, with root as owner.
 0.00% |█                                                                                                    |  0/1 Time: 0:00:002019-06-14 07:34:37,887 INFO  rpc.RpcClient (RpcClient.java:createBucket(426)) - Creating Bucket: vol-0-07212/bucket-0-59553, with Versioning false and Storage Type set to DISK and Encryption set to false 
2019-06-14 07:34:37,909 INFO  client.GrpcClientProtocolClient (GrpcClientProtocolClient.java:onNext(254)) - client-F7A919484FCE->dc812fab-4b14-4703-99f7-04a025612d1b: receive RaftClientReply:client-F7A919484FCE->dc812fab-4b14-4703-99f7-04a025612d1b@group-3B7511B71DA6, cid=59, FAILED org.apache.ratis.protocol.NotLeaderException: Server dc812fab-4b14-4703-99f7-04a025612d1b is not the leader (aeb9ce9c-02d3-4818-bf0d-2e37d7c0a0af:192.168.105.150:42501). Request must be sent to leader., logIndex=0, commits[dc812fab-4b14-4703-99f7-04a025612d1b:c-1]
2019-06-14 07:34:37,911 WARN  client.GrpcClientProtocolService (LogUtils.java:warn(134)) - 3-OrderedRequestStreamObserver3: onError: org.apache.ratis.thirdparty.io.grpc.StatusRuntimeException: CANCELLED: cancelled before receiving half close
 0.00% |█                                                                                                    |  0/1 Time: 0:00:012019-06-14 07:34:38,889 INFO  impl.FollowerState (FollowerState.java:run(101)) - 448bf03a-4449-4010-a269-be6ed7112c43:group-3B7511B71DA6 changes to CANDIDATE, lastRpcTime:1045, electionTimeout:1040ms
2019-06-14 07:34:38,891 INFO  impl.RoleInfo (RoleInfo.java:shutdownFollowerState(121)) - 448bf03a-4449-4010-a269-be6ed7112c43: shutdown FollowerState
2019-06-14 07:34:38,891 INFO  impl.RaftServerImpl (RaftServerImpl.java:setRole(164)) - 448bf03a-4449-4010-a269-be6ed7112c43:group-3B7511B71DA6 changes role from FOLLOWER to CANDIDATE at term 0 for changeToCandidate
2019-06-14 07:34:38,891 INFO  impl.RoleInfo (RoleInfo.java:updateAndGet(143)) - 448bf03a-4449-4010-a269-be6ed7112c43: start LeaderElection
2019-06-14 07:34:38,895 INFO  impl.LeaderElection (LeaderElection.java:askForVotes(181)) - 448bf03a-4449-4010-a269-be6ed7112c43:group-3B7511B71DA6:LeaderElection6: begin an election at term 1 for -1: [aeb9ce9c-02d3-4818-bf0d-2e37d7c0a0af:192.168.105.150:42501, 448bf03a-4449-4010-a269-be6ed7112c43:192.168.105.150:41795, dc812fab-4b14-4703-99f7-04a025612d1b:192.168.105.150:41007], old=null
2019-06-14 07:34:38,903 INFO  impl.RaftServerImpl (RaftServerImpl.java:setRole(164)) - dc812fab-4b14-4703-99f7-04a025612d1b:group-3B7511B71DA6 changes role from FOLLOWER to FOLLOWER at term 1 for recognizeCandidate:448bf03a-4449-4010-a269-be6ed7112c43
2019-06-14 07:34:38,903 INFO  impl.RoleInfo (RoleInfo.java:shutdownFollowerState(121)) - dc812fab-4b14-4703-99f7-04a025612d1b: shutdown FollowerState
2019-06-14 07:34:38,903 INFO  impl.RoleInfo (RoleInfo.java:updateAndGet(143)) - dc812fab-4b14-4703-99f7-04a025612d1b: start FollowerState
2019-06-14 07:34:38,903 INFO  impl.FollowerState (FollowerState.java:run(109)) - dc812fab-4b14-4703-99f7-04a025612d1b: FollowerState was interrupted: java.lang.InterruptedException: sleep interrupted
2019-06-14 07:34:38,903 INFO  impl.RaftServerImpl (RaftServerImpl.java:setRole(164)) - aeb9ce9c-02d3-4818-bf0d-2e37d7c0a0af:group-3B7511B71DA6 changes role from FOLLOWER to FOLLOWER at term 1 for recognizeCandidate:448bf03a-4449-4010-a269-be6ed7112c43
2019-06-14 07:34:38,903 INFO  impl.RoleInfo (RoleInfo.java:shutdownFollowerState(121)) - aeb9ce9c-02d3-4818-bf0d-2e37d7c0a0af: shutdown FollowerState
2019-06-14 07:34:38,903 INFO  impl.RoleInfo (RoleInfo.java:updateAndGet(143)) - aeb9ce9c-02d3-4818-bf0d-2e37d7c0a0af: start FollowerState
2019-06-14 07:34:38,903 INFO  impl.FollowerState (FollowerState.java:run(109)) - aeb9ce9c-02d3-4818-bf0d-2e37d7c0a0af: FollowerState was interrupted: java.lang.InterruptedException: sleep interrupted
2019-06-14 07:34:38,908 INFO  impl.LeaderElection (LeaderElection.java:logAndReturn(56)) - 448bf03a-4449-4010-a269-be6ed7112c43:group-3B7511B71DA6:LeaderElection6: Election PASSED; received 1 response(s) [448bf03a-4449-4010-a269-be6ed7112c43->dc812fab-4b14-4703-99f7-04a025612d1b,true-t1] and 0 exception(s); 448bf03a-4449-4010-a269-be6ed7112c43:t1, leader=null, voted=448bf03a-4449-4010-a269-be6ed7112c43, raftlog=448bf03a-4449-4010-a269-be6ed7112c43-SegmentedRaftLog:OPENED:c-1,f-1,i0, conf=-1: [aeb9ce9c-02d3-4818-bf0d-2e37d7c0a0af:192.168.105.150:42501, 448bf03a-4449-4010-a269-be6ed7112c43:192.168.105.150:41795, dc812fab-4b14-4703-99f7-04a025612d1b:192.168.105.150:41007], old=null
2019-06-14 07:34:38,908 INFO  impl.RoleInfo (RoleInfo.java:shutdownLeaderElection(134)) - 448bf03a-4449-4010-a269-be6ed7112c43: shutdown LeaderElection
2019-06-14 07:34:38,908 INFO  impl.RaftServerImpl (RaftServerImpl.java:setRole(164)) - 448bf03a-4449-4010-a269-be6ed7112c43:group-3B7511B71DA6 changes role from CANDIDATE to LEADER at term 1 for changeToLeader
2019-06-14 07:34:38,908 INFO  impl.RaftServerImpl (ServerState.java:setLeader(263)) - 448bf03a-4449-4010-a269-be6ed7112c43:group-3B7511B71DA6 change Leader from null to 448bf03a-4449-4010-a269-be6ed7112c43 at term 1 for becomeLeader, leader elected after 1080ms
2019-06-14 07:34:38,908 INFO  server.RaftServerConfigKeys (ConfUtils.java:logGet(43)) - raft.server.staging.catchup.gap = 1000 (default)
2019-06-14 07:34:38,908 INFO  server.RaftServerConfigKeys (ConfUtils.java:logGet(43)) - raft.server.rpc.sleep.time = 25ms (default)
2019-06-14 07:34:38,909 INFO  server.RaftServerConfigKeys (ConfUtils.java:logGet(43)) - raft.server.watch.timeout = 10s (default)
2019-06-14 07:34:38,909 INFO  server.RaftServerConfigKeys (ConfUtils.java:logGet(43)) - raft.server.watch.timeout.denomination = 1s (default)
2019-06-14 07:34:38,909 INFO  server.RaftServerConfigKeys (ConfUtils.java:logGet(43)) - raft.server.log.appender.snapshot.chunk.size.max = 16MB (=16777216) (default)
2019-06-14 07:34:38,909 INFO  server.RaftServerConfigKeys (ConfUtils.java:logGet(43)) - raft.server.log.appender.buffer.byte-limit = 33554432 (custom)
2019-06-14 07:34:38,909 INFO  server.RaftServerConfigKeys (ConfUtils.java:logGet(43)) - raft.server.log.appender.buffer.element-limit = 1 (custom)
2019-06-14 07:34:38,909 INFO  grpc.GrpcConfigKeys$Server (ConfUtils.java:logGet(43)) - raft.grpc.server.leader.outstanding.appends.max = 128 (default)
2019-06-14 07:34:38,909 INFO  server.RaftServerConfigKeys (ConfUtils.java:logGet(43)) - raft.server.rpc.request.timeout = 3000ms (default)
2019-06-14 07:34:38,910 INFO  server.RaftServerConfigKeys (ConfUtils.java:logGet(43)) - raft.server.log.appender.install.snapshot.enabled = true (default)
2019-06-14 07:34:38,910 INFO  server.RaftServerConfigKeys (ConfUtils.java:logGet(43)) - raft.server.log.appender.snapshot.chunk.size.max = 16MB (=16777216) (default)
2019-06-14 07:34:38,910 INFO  server.RaftServerConfigKeys (ConfUtils.java:logGet(43)) - raft.server.log.appender.buffer.byte-limit = 33554432 (custom)
2019-06-14 07:34:38,910 INFO  server.RaftServerConfigKeys (ConfUtils.java:logGet(43)) - raft.server.log.appender.buffer.element-limit = 1 (custom)
2019-06-14 07:34:38,910 INFO  grpc.GrpcConfigKeys$Server (ConfUtils.java:logGet(43)) - raft.grpc.server.leader.outstanding.appends.max = 128 (default)
2019-06-14 07:34:38,910 INFO  server.RaftServerConfigKeys (ConfUtils.java:logGet(43)) - raft.server.rpc.request.timeout = 3000ms (default)
2019-06-14 07:34:38,911 INFO  server.RaftServerConfigKeys (ConfUtils.java:logGet(43)) - raft.server.log.appender.install.snapshot.enabled = true (default)
2019-06-14 07:34:38,911 INFO  impl.RoleInfo (RoleInfo.java:updateAndGet(143)) - 448bf03a-4449-4010-a269-be6ed7112c43: start LeaderState
2019-06-14 07:34:38,911 INFO  storage.RaftLogWorker (RaftLogWorker.java:startLogSegment(298)) - 448bf03a-4449-4010-a269-be6ed7112c43-RaftLogWorker: Starting segment from index:0
2019-06-14 07:34:38,914 INFO  impl.RaftServerImpl (ServerState.java:setRaftConf(361)) - 448bf03a-4449-4010-a269-be6ed7112c43:group-3B7511B71DA6 set configuration 0: [aeb9ce9c-02d3-4818-bf0d-2e37d7c0a0af:192.168.105.150:42501, 448bf03a-4449-4010-a269-be6ed7112c43:192.168.105.150:41795, dc812fab-4b14-4703-99f7-04a025612d1b:192.168.105.150:41007], old=null at 0
2019-06-14 07:34:38,947 INFO  impl.RaftServerImpl (ServerState.java:setLeader(263)) - dc812fab-4b14-4703-99f7-04a025612d1b:group-3B7511B71DA6 change Leader from null to 448bf03a-4449-4010-a269-be6ed7112c43 at term 1 for appendEntries, leader elected after 1119ms
2019-06-14 07:34:38,947 INFO  impl.RaftServerImpl (ServerState.java:setLeader(263)) - aeb9ce9c-02d3-4818-bf0d-2e37d7c0a0af:group-3B7511B71DA6 change Leader from null to 448bf03a-4449-4010-a269-be6ed7112c43 at term 1 for appendEntries, leader elected after 1125ms
2019-06-14 07:34:38,950 INFO  storage.RaftLogWorker (RaftLogWorker.java:execute(469)) - 448bf03a-4449-4010-a269-be6ed7112c43-RaftLogWorker: created new log segment /opt/src/hadoop-ozone/tools/target/test-dir/MiniOzoneClusterImpl-b4061317-5e40-4fbf-a180-6f94f226641f/datanode-2/data/ratis/096a9a0e-f1fe-4706-9f13-3b7511b71da6/current/log_inprogress_0
2019-06-14 07:34:38,953 INFO  impl.RaftServerImpl (ServerState.java:setRaftConf(361)) - dc812fab-4b14-4703-99f7-04a025612d1b:group-3B7511B71DA6 set configuration 0: [aeb9ce9c-02d3-4818-bf0d-2e37d7c0a0af:192.168.105.150:42501, 448bf03a-4449-4010-a269-be6ed7112c43:192.168.105.150:41795, dc812fab-4b14-4703-99f7-04a025612d1b:192.168.105.150:41007], old=null at 0
2019-06-14 07:34:38,953 INFO  impl.RaftServerImpl (ServerState.java:setRaftConf(361)) - aeb9ce9c-02d3-4818-bf0d-2e37d7c0a0af:group-3B7511B71DA6 set configuration 0: [aeb9ce9c-02d3-4818-bf0d-2e37d7c0a0af:192.168.105.150:42501, 448bf03a-4449-4010-a269-be6ed7112c43:192.168.105.150:41795, dc812fab-4b14-4703-99f7-04a025612d1b:192.168.105.150:41007], old=null at 0
2019-06-14 07:34:38,953 INFO  storage.RaftLogWorker (RaftLogWorker.java:startLogSegment(298)) - aeb9ce9c-02d3-4818-bf0d-2e37d7c0a0af-RaftLogWorker: Starting segment from index:0
2019-06-14 07:34:38,954 INFO  keyvalue.KeyValueHandler (ContainerUtils.java:logAndReturnError(146)) - Operation: CreateContainer : Trace ID: 3a0922536bfbfd6d:1759e0300895f10c:61879a54ebf9323b:0 : Message: Container creation failed, due to disk out of space : Result: DISK_OUT_OF_SPACE
2019-06-14 07:34:38,953 INFO  storage.RaftLogWorker (RaftLogWorker.java:startLogSegment(298)) - dc812fab-4b14-4703-99f7-04a025612d1b-RaftLogWorker: Starting segment from index:0
2019-06-14 07:34:38,961 INFO  keyvalue.KeyValueHandler (ContainerUtils.java:logAndReturnError(146)) - Operation: CreateContainer : Trace ID: 3a0922536bfbfd6d:1759e0300895f10c:61879a54ebf9323b:0 : Message: Container creation failed, due to disk out of space : Result: DISK_OUT_OF_SPACE
07:34:38.961 [pool-26-thread-2] ERROR DNAudit - user=null | ip=null | op=WRITE_CHUNK {blockData=conID: 4 locID: 102268775818395655 bcsId: 0} | ret=FAILURE
org.apache.hadoop.hdds.scm.container.common.helpers.StorageContainerException: ContainerID 4 creation failed
	at org.apache.hadoop.ozone.container.common.impl.HddsDispatcher.dispatchRequest(HddsDispatcher.java:227) ~[classes/:?]
	at org.apache.hadoop.ozone.container.common.impl.HddsDispatcher.dispatch(HddsDispatcher.java:148) ~[classes/:?]
	at org.apache.hadoop.ozone.container.common.transport.server.ratis.ContainerStateMachine.dispatchCommand(ContainerStateMachine.java:347) ~[classes/:?]
	at org.apache.hadoop.ozone.container.common.transport.server.ratis.ContainerStateMachine.runCommand(ContainerStateMachine.java:354) ~[classes/:?]
	at org.apache.hadoop.ozone.container.common.transport.server.ratis.ContainerStateMachine.lambda$handleWriteChunk$0(ContainerStateMachine.java:385) ~[classes/:?]
	at java.util.concurrent.CompletableFuture$AsyncSupply.run(CompletableFuture.java:1590) [?:1.8.0_212]
	at java.util.concurrent.ThreadPoolExecutor.runWorker(ThreadPoolExecutor.java:1149) [?:1.8.0_212]
	at java.util.concurrent.ThreadPoolExecutor$Worker.run(ThreadPoolExecutor.java:624) [?:1.8.0_212]
	at java.lang.Thread.run(Thread.java:748) [?:1.8.0_212]
2019-06-14 07:34:38,968 INFO  impl.HddsDispatcher (ContainerUtils.java:logAndReturnError(146)) - Operation: WriteChunk : Trace ID: 3a0922536bfbfd6d:1759e0300895f10c:61879a54ebf9323b:0 : Message: ContainerID 4 creation failed : Result: DISK_OUT_OF_SPACE
07:34:38.956 [pool-68-thread-21] ERROR DNAudit - user=null | ip=null | op=WRITE_CHUNK {blockData=conID: 4 locID: 102268775818395655 bcsId: 0} | ret=FAILURE
org.apache.hadoop.hdds.scm.container.common.helpers.StorageContainerException: ContainerID 4 creation failed
	at org.apache.hadoop.ozone.container.common.impl.HddsDispatcher.dispatchRequest(HddsDispatcher.java:227) ~[classes/:?]
	at org.apache.hadoop.ozone.container.common.impl.HddsDispatcher.dispatch(HddsDispatcher.java:148) ~[classes/:?]
	at org.apache.hadoop.ozone.container.common.transport.server.ratis.ContainerStateMachine.dispatchCommand(ContainerStateMachine.java:347) ~[classes/:?]
	at org.apache.hadoop.ozone.container.common.transport.server.ratis.ContainerStateMachine.runCommand(ContainerStateMachine.java:354) ~[classes/:?]
	at org.apache.hadoop.ozone.container.common.transport.server.ratis.ContainerStateMachine.lambda$handleWriteChunk$0(ContainerStateMachine.java:385) ~[classes/:?]
	at java.util.concurrent.CompletableFuture$AsyncSupply.run(CompletableFuture.java:1590) [?:1.8.0_212]
	at java.util.concurrent.ThreadPoolExecutor.runWorker(ThreadPoolExecutor.java:1149) [?:1.8.0_212]
	at java.util.concurrent.ThreadPoolExecutor$Worker.run(ThreadPoolExecutor.java:624) [?:1.8.0_212]
	at java.lang.Thread.run(Thread.java:748) [?:1.8.0_212]
2019-06-14 07:34:38,969 INFO  impl.HddsDispatcher (ContainerUtils.java:logAndReturnError(146)) - Operation: WriteChunk : Trace ID: 3a0922536bfbfd6d:1759e0300895f10c:61879a54ebf9323b:0 : Message: ContainerID 4 creation failed : Result: DISK_OUT_OF_SPACE
2019-06-14 07:34:38,970 INFO  keyvalue.KeyValueHandler (ContainerUtils.java:logAndReturnError(146)) - Operation: CreateContainer : Trace ID: 3a0922536bfbfd6d:1759e0300895f10c:61879a54ebf9323b:0 : Message: Container creation failed, due to disk out of space : Result: DISK_OUT_OF_SPACE
07:34:38.970 [pool-47-thread-21] ERROR DNAudit - user=null | ip=null | op=WRITE_CHUNK {blockData=conID: 4 locID: 102268775818395655 bcsId: 0} | ret=FAILURE
org.apache.hadoop.hdds.scm.container.common.helpers.StorageContainerException: ContainerID 4 creation failed
	at org.apache.hadoop.ozone.container.common.impl.HddsDispatcher.dispatchRequest(HddsDispatcher.java:227) ~[classes/:?]
	at org.apache.hadoop.ozone.container.common.impl.HddsDispatcher.dispatch(HddsDispatcher.java:148) ~[classes/:?]
	at org.apache.hadoop.ozone.container.common.transport.server.ratis.ContainerStateMachine.dispatchCommand(ContainerStateMachine.java:347) ~[classes/:?]
	at org.apache.hadoop.ozone.container.common.transport.server.ratis.ContainerStateMachine.runCommand(ContainerStateMachine.java:354) ~[classes/:?]
	at org.apache.hadoop.ozone.container.common.transport.server.ratis.ContainerStateMachine.lambda$handleWriteChunk$0(ContainerStateMachine.java:385) ~[classes/:?]
	at java.util.concurrent.CompletableFuture$AsyncSupply.run(CompletableFuture.java:1590) [?:1.8.0_212]
	at java.util.concurrent.ThreadPoolExecutor.runWorker(ThreadPoolExecutor.java:1149) [?:1.8.0_212]
	at java.util.concurrent.ThreadPoolExecutor$Worker.run(ThreadPoolExecutor.java:624) [?:1.8.0_212]
	at java.lang.Thread.run(Thread.java:748) [?:1.8.0_212]
2019-06-14 07:34:38,971 INFO  impl.HddsDispatcher (ContainerUtils.java:logAndReturnError(146)) - Operation: WriteChunk : Trace ID: 3a0922536bfbfd6d:1759e0300895f10c:61879a54ebf9323b:0 : Message: ContainerID 4 creation failed : Result: DISK_OUT_OF_SPACE
2019-06-14 07:34:39,035 INFO  storage.RaftLogWorker (RaftLogWorker.java:execute(469)) - aeb9ce9c-02d3-4818-bf0d-2e37d7c0a0af-RaftLogWorker: created new log segment /opt/src/hadoop-ozone/tools/target/test-dir/MiniOzoneClusterImpl-b4061317-5e40-4fbf-a180-6f94f226641f/datanode-1/data/ratis/096a9a0e-f1fe-4706-9f13-3b7511b71da6/current/log_inprogress_0
2019-06-14 07:34:39,036 INFO  storage.RaftLogWorker (RaftLogWorker.java:execute(469)) - dc812fab-4b14-4703-99f7-04a025612d1b-RaftLogWorker: created new log segment /opt/src/hadoop-ozone/tools/target/test-dir/MiniOzoneClusterImpl-b4061317-5e40-4fbf-a180-6f94f226641f/datanode-0/data/ratis/096a9a0e-f1fe-4706-9f13-3b7511b71da6/current/log_inprogress_0
07:34:39.039 [pool-73-thread-1] ERROR DNAudit - user=null | ip=null | op=WRITE_CHUNK {blockData=conID: 4 locID: 102268775818395655 bcsId: 0} | ret=FAILURE
org.apache.hadoop.hdds.scm.container.common.helpers.StorageContainerException: ContainerID 4 does not exist
	at org.apache.hadoop.ozone.container.common.impl.HddsDispatcher.dispatchRequest(HddsDispatcher.java:242) ~[classes/:?]
	at org.apache.hadoop.ozone.container.common.impl.HddsDispatcher.dispatch(HddsDispatcher.java:148) ~[classes/:?]
	at org.apache.hadoop.ozone.container.common.transport.server.ratis.ContainerStateMachine.dispatchCommand(ContainerStateMachine.java:347) ~[classes/:?]
	at org.apache.hadoop.ozone.container.common.transport.server.ratis.ContainerStateMachine.runCommand(ContainerStateMachine.java:354) ~[classes/:?]
	at org.apache.hadoop.ozone.container.common.transport.server.ratis.ContainerStateMachine.lambda$applyTransaction$5(ContainerStateMachine.java:621) ~[classes/:?]
	at java.util.concurrent.CompletableFuture$AsyncSupply.run(CompletableFuture.java:1590) [?:1.8.0_212]
	at java.util.concurrent.ThreadPoolExecutor.runWorker(ThreadPoolExecutor.java:1149) [?:1.8.0_212]
	at java.util.concurrent.ThreadPoolExecutor$Worker.run(ThreadPoolExecutor.java:624) [?:1.8.0_212]
	at java.lang.Thread.run(Thread.java:748) [?:1.8.0_212]
2019-06-14 07:34:39,040 INFO  impl.HddsDispatcher (ContainerUtils.java:logAndReturnError(146)) - Operation: WriteChunk : Trace ID: 3a0922536bfbfd6d:1759e0300895f10c:61879a54ebf9323b:0 : Message: ContainerID 4 does not exist : Result: CONTAINER_NOT_FOUND
2019-06-14 07:34:39,049 INFO  client.GrpcClientProtocolClient (GrpcClientProtocolClient.java:onNext(254)) - client-F7A919484FCE->448bf03a-4449-4010-a269-be6ed7112c43: receive RaftClientReply:client-F7A919484FCE->448bf03a-4449-4010-a269-be6ed7112c43@group-3B7511B71DA6, cid=59, SUCCESS, logIndex=1, commits[448bf03a-4449-4010-a269-be6ed7112c43:c1, aeb9ce9c-02d3-4818-bf0d-2e37d7c0a0af:c0, dc812fab-4b14-4703-99f7-04a025612d1b:c-1]
07:34:39.050 [pool-52-thread-1] ERROR DNAudit - user=null | ip=null | op=WRITE_CHUNK {blockData=conID: 4 locID: 102268775818395655 bcsId: 0} | ret=FAILURE
org.apache.hadoop.hdds.scm.container.common.helpers.StorageContainerException: ContainerID 4 does not exist
	at org.apache.hadoop.ozone.container.common.impl.HddsDispatcher.dispatchRequest(HddsDispatcher.java:242) ~[classes/:?]
	at org.apache.hadoop.ozone.container.common.impl.HddsDispatcher.dispatch(HddsDispatcher.java:148) ~[classes/:?]
	at org.apache.hadoop.ozone.container.common.transport.server.ratis.ContainerStateMachine.dispatchCommand(ContainerStateMachine.java:347) ~[classes/:?]
	at org.apache.hadoop.ozone.container.common.transport.server.ratis.ContainerStateMachine.runCommand(ContainerStateMachine.java:354) ~[classes/:?]
	at org.apache.hadoop.ozone.container.common.transport.server.ratis.ContainerStateMachine.lambda$applyTransaction$5(ContainerStateMachine.java:621) ~[classes/:?]
	at java.util.concurrent.CompletableFuture$AsyncSupply.run(CompletableFuture.java:1590) [?:1.8.0_212]
	at java.util.concurrent.ThreadPoolExecutor.runWorker(ThreadPoolExecutor.java:1149) [?:1.8.0_212]
	at java.util.concurrent.ThreadPoolExecutor$Worker.run(ThreadPoolExecutor.java:624) [?:1.8.0_212]
	at java.lang.Thread.run(Thread.java:748) [?:1.8.0_212]
2019-06-14 07:34:39,050 INFO  impl.HddsDispatcher (ContainerUtils.java:logAndReturnError(146)) - Operation: WriteChunk : Trace ID: 3a0922536bfbfd6d:1759e0300895f10c:61879a54ebf9323b:0 : Message: ContainerID 4 does not exist : Result: CONTAINER_NOT_FOUND
07:34:39.055 [pool-31-thread-1] ERROR DNAudit - user=null | ip=null | op=WRITE_CHUNK {blockData=conID: 4 locID: 102268775818395655 bcsId: 0} | ret=FAILURE
org.apache.hadoop.hdds.scm.container.common.helpers.StorageContainerException: ContainerID 4 does not exist
	at org.apache.hadoop.ozone.container.common.impl.HddsDispatcher.dispatchRequest(HddsDispatcher.java:242) ~[classes/:?]
	at org.apache.hadoop.ozone.container.common.impl.HddsDispatcher.dispatch(HddsDispatcher.java:148) ~[classes/:?]
	at org.apache.hadoop.ozone.container.common.transport.server.ratis.ContainerStateMachine.dispatchCommand(ContainerStateMachine.java:347) ~[classes/:?]
	at org.apache.hadoop.ozone.container.common.transport.server.ratis.ContainerStateMachine.runCommand(ContainerStateMachine.java:354) ~[classes/:?]
	at org.apache.hadoop.ozone.container.common.transport.server.ratis.ContainerStateMachine.lambda$applyTransaction$5(ContainerStateMachine.java:621) ~[classes/:?]
	at java.util.concurrent.CompletableFuture$AsyncSupply.run(CompletableFuture.java:1590) [?:1.8.0_212]
	at java.util.concurrent.ThreadPoolExecutor.runWorker(ThreadPoolExecutor.java:1149) [?:1.8.0_212]
	at java.util.concurrent.ThreadPoolExecutor$Worker.run(ThreadPoolExecutor.java:624) [?:1.8.0_212]
	at java.lang.Thread.run(Thread.java:748) [?:1.8.0_212]
2019-06-14 07:34:39,056 INFO  impl.HddsDispatcher (ContainerUtils.java:logAndReturnError(146)) - Operation: WriteChunk : Trace ID: 3a0922536bfbfd6d:1759e0300895f10c:61879a54ebf9323b:0 : Message: ContainerID 4 does not exist : Result: CONTAINER_NOT_FOUND
07:34:39.061 [pool-73-thread-1] ERROR DNAudit - user=null | ip=null | op=PUT_BLOCK {blockData=[blockId=conID: 4 locID: 102268775818395655 bcsId: 0,size=1048576]} | ret=FAILURE
org.apache.hadoop.hdds.scm.container.common.helpers.StorageContainerException: ContainerID 4 does not exist
	at org.apache.hadoop.ozone.container.common.impl.HddsDispatcher.dispatchRequest(HddsDispatcher.java:242) ~[classes/:?]
	at org.apache.hadoop.ozone.container.common.impl.HddsDispatcher.dispatch(HddsDispatcher.java:148) ~[classes/:?]
	at org.apache.hadoop.ozone.container.common.transport.server.ratis.ContainerStateMachine.dispatchCommand(ContainerStateMachine.java:347) ~[classes/:?]
	at org.apache.hadoop.ozone.container.common.transport.server.ratis.ContainerStateMachine.runCommand(ContainerStateMachine.java:354) ~[classes/:?]
	at org.apache.hadoop.ozone.container.common.transport.server.ratis.ContainerStateMachine.lambda$applyTransaction$5(ContainerStateMachine.java:621) ~[classes/:?]
	at java.util.concurrent.CompletableFuture$AsyncSupply.run(CompletableFuture.java:1590) [?:1.8.0_212]
	at java.util.concurrent.ThreadPoolExecutor.runWorker(ThreadPoolExecutor.java:1149) [?:1.8.0_212]
	at java.util.concurrent.ThreadPoolExecutor$Worker.run(ThreadPoolExecutor.java:624) [?:1.8.0_212]
	at java.lang.Thread.run(Thread.java:748) [?:1.8.0_212]
2019-06-14 07:34:39,056 ERROR storage.BlockOutputStream (BlockOutputStream.java:validateResponse(538)) - Unexpected Storage Container Exception: 
org.apache.hadoop.hdds.scm.container.common.helpers.StorageContainerException: ContainerID 4 does not exist
	at org.apache.hadoop.hdds.scm.storage.ContainerProtocolCalls.validateContainerResponse(ContainerProtocolCalls.java:536)
	at org.apache.hadoop.hdds.scm.storage.BlockOutputStream.validateResponse(BlockOutputStream.java:536)
	at org.apache.hadoop.hdds.scm.storage.BlockOutputStream.lambda$writeChunkToContainer$2(BlockOutputStream.java:614)
	at java.util.concurrent.CompletableFuture.uniApply(CompletableFuture.java:602)
	at java.util.concurrent.CompletableFuture$UniApply.tryFire(CompletableFuture.java:577)
	at java.util.concurrent.CompletableFuture$Completion.run(CompletableFuture.java:442)
	at java.util.concurrent.ThreadPoolExecutor.runWorker(ThreadPoolExecutor.java:1149)
	at java.util.concurrent.ThreadPoolExecutor$Worker.run(ThreadPoolExecutor.java:624)
	at java.lang.Thread.run(Thread.java:748)
07:34:39.062 [pool-52-thread-1] ERROR DNAudit - user=null | ip=null | op=PUT_BLOCK {blockData=[blockId=conID: 4 locID: 102268775818395655 bcsId: 0,size=1048576]} | ret=FAILURE
org.apache.hadoop.hdds.scm.container.common.helpers.StorageContainerException: ContainerID 4 does not exist
	at org.apache.hadoop.ozone.container.common.impl.HddsDispatcher.dispatchRequest(HddsDispatcher.java:242) ~[classes/:?]
	at org.apache.hadoop.ozone.container.common.impl.HddsDispatcher.dispatch(HddsDispatcher.java:148) ~[classes/:?]
	at org.apache.hadoop.ozone.container.common.transport.server.ratis.ContainerStateMachine.dispatchCommand(ContainerStateMachine.java:347) ~[classes/:?]
	at org.apache.hadoop.ozone.container.common.transport.server.ratis.ContainerStateMachine.runCommand(ContainerStateMachine.java:354) ~[classes/:?]
	at org.apache.hadoop.ozone.container.common.transport.server.ratis.ContainerStateMachine.lambda$applyTransaction$5(ContainerStateMachine.java:621) ~[classes/:?]
	at java.util.concurrent.CompletableFuture$AsyncSupply.run(CompletableFuture.java:1590) [?:1.8.0_212]
	at java.util.concurrent.ThreadPoolExecutor.runWorker(ThreadPoolExecutor.java:1149) [?:1.8.0_212]
	at java.util.concurrent.ThreadPoolExecutor$Worker.run(ThreadPoolExecutor.java:624) [?:1.8.0_212]
	at java.lang.Thread.run(Thread.java:748) [?:1.8.0_212]
2019-06-14 07:34:39,061 INFO  impl.HddsDispatcher (ContainerUtils.java:logAndReturnError(146)) - Operation: PutBlock : Trace ID: 3a0922536bfbfd6d:dcb526f6e919c2e0:61879a54ebf9323b:0 : Message: ContainerID 4 does not exist : Result: CONTAINER_NOT_FOUND
2019-06-14 07:34:39,063 INFO  impl.HddsDispatcher (ContainerUtils.java:logAndReturnError(146)) - Operation: PutBlock : Trace ID: 3a0922536bfbfd6d:dcb526f6e919c2e0:61879a54ebf9323b:0 : Message: ContainerID 4 does not exist : Result: CONTAINER_NOT_FOUND
2019-06-14 07:34:39,082 INFO  client.GrpcClientProtocolClient (GrpcClientProtocolClient.java:onNext(254)) - client-F7A919484FCE->448bf03a-4449-4010-a269-be6ed7112c43: receive RaftClientReply:client-F7A919484FCE->448bf03a-4449-4010-a269-be6ed7112c43@group-3B7511B71DA6, cid=60, SUCCESS, logIndex=3, commits[448bf03a-4449-4010-a269-be6ed7112c43:c3, aeb9ce9c-02d3-4818-bf0d-2e37d7c0a0af:c2, dc812fab-4b14-4703-99f7-04a025612d1b:c1]
07:34:39.083 [pool-31-thread-1] ERROR DNAudit - user=null | ip=null | op=PUT_BLOCK {blockData=[blockId=conID: 4 locID: 102268775818395655 bcsId: 0,size=1048576]} | ret=FAILURE
org.apache.hadoop.hdds.scm.container.common.helpers.StorageContainerException: ContainerID 4 does not exist
	at org.apache.hadoop.ozone.container.common.impl.HddsDispatcher.dispatchRequest(HddsDispatcher.java:242) ~[classes/:?]
	at org.apache.hadoop.ozone.container.common.impl.HddsDispatcher.dispatch(HddsDispatcher.java:148) ~[classes/:?]
	at org.apache.hadoop.ozone.container.common.transport.server.ratis.ContainerStateMachine.dispatchCommand(ContainerStateMachine.java:347) ~[classes/:?]
	at org.apache.hadoop.ozone.container.common.transport.server.ratis.ContainerStateMachine.runCommand(ContainerStateMachine.java:354) ~[classes/:?]
	at org.apache.hadoop.ozone.container.common.transport.server.ratis.ContainerStateMachine.lambda$applyTransaction$5(ContainerStateMachine.java:621) ~[classes/:?]
	at java.util.concurrent.CompletableFuture$AsyncSupply.run(CompletableFuture.java:1590) [?:1.8.0_212]
	at java.util.concurrent.ThreadPoolExecutor.runWorker(ThreadPoolExecutor.java:1149) [?:1.8.0_212]
	at java.util.concurrent.ThreadPoolExecutor$Worker.run(ThreadPoolExecutor.java:624) [?:1.8.0_212]
	at java.lang.Thread.run(Thread.java:748) [?:1.8.0_212]
2019-06-14 07:34:39,083 INFO  impl.HddsDispatcher (ContainerUtils.java:logAndReturnError(146)) - Operation: PutBlock : Trace ID: 3a0922536bfbfd6d:dcb526f6e919c2e0:61879a54ebf9323b:0 : Message: ContainerID 4 does not exist : Result: CONTAINER_NOT_FOUND
2019-06-14 07:34:39,084 INFO  keyvalue.KeyValueHandler (ContainerUtils.java:logAndReturnError(146)) - Operation: CreateContainer : Trace ID: 3a0922536bfbfd6d:a6e3427478899020:61879a54ebf9323b:0 : Message: Container creation failed, due to disk out of space : Result: DISK_OUT_OF_SPACE
07:34:39.084 [pool-68-thread-24] ERROR DNAudit - user=null | ip=null | op=WRITE_CHUNK {blockData=conID: 4 locID: 102268775818395655 bcsId: 0} | ret=FAILURE
org.apache.hadoop.hdds.scm.container.common.helpers.StorageContainerException: ContainerID 4 creation failed
	at org.apache.hadoop.ozone.container.common.impl.HddsDispatcher.dispatchRequest(HddsDispatcher.java:227) ~[classes/:?]
	at org.apache.hadoop.ozone.container.common.impl.HddsDispatcher.dispatch(HddsDispatcher.java:148) ~[classes/:?]
	at org.apache.hadoop.ozone.container.common.transport.server.ratis.ContainerStateMachine.dispatchCommand(ContainerStateMachine.java:347) ~[classes/:?]
	at org.apache.hadoop.ozone.container.common.transport.server.ratis.ContainerStateMachine.runCommand(ContainerStateMachine.java:354) ~[classes/:?]
	at org.apache.hadoop.ozone.container.common.transport.server.ratis.ContainerStateMachine.lambda$handleWriteChunk$0(ContainerStateMachine.java:385) ~[classes/:?]
	at java.util.concurrent.CompletableFuture$AsyncSupply.run(CompletableFuture.java:1590) [?:1.8.0_212]
	at java.util.concurrent.ThreadPoolExecutor.runWorker(ThreadPoolExecutor.java:1149) [?:1.8.0_212]
	at java.util.concurrent.ThreadPoolExecutor$Worker.run(ThreadPoolExecutor.java:624) [?:1.8.0_212]
	at java.lang.Thread.run(Thread.java:748) [?:1.8.0_212]
2019-06-14 07:34:39,084 INFO  impl.HddsDispatcher (ContainerUtils.java:logAndReturnError(146)) - Operation: WriteChunk : Trace ID: 3a0922536bfbfd6d:a6e3427478899020:61879a54ebf9323b:0 : Message: ContainerID 4 creation failed : Result: DISK_OUT_OF_SPACE
2019-06-14 07:34:39,089 INFO  keyvalue.KeyValueHandler (ContainerUtils.java:logAndReturnError(146)) - Operation: CreateContainer : Trace ID: 3a0922536bfbfd6d:a6e3427478899020:61879a54ebf9323b:0 : Message: Container creation failed, due to disk out of space : Result: DISK_OUT_OF_SPACE
07:34:39.089 [pool-47-thread-22] ERROR DNAudit - user=null | ip=null | op=WRITE_CHUNK {blockData=conID: 4 locID: 102268775818395655 bcsId: 0} | ret=FAILURE
org.apache.hadoop.hdds.scm.container.common.helpers.StorageContainerException: ContainerID 4 creation failed
	at org.apache.hadoop.ozone.container.common.impl.HddsDispatcher.dispatchRequest(HddsDispatcher.java:227) ~[classes/:?]
	at org.apache.hadoop.ozone.container.common.impl.HddsDispatcher.dispatch(HddsDispatcher.java:148) ~[classes/:?]
	at org.apache.hadoop.ozone.container.common.transport.server.ratis.ContainerStateMachine.dispatchCommand(ContainerStateMachine.java:347) ~[classes/:?]
	at org.apache.hadoop.ozone.container.common.transport.server.ratis.ContainerStateMachine.runCommand(ContainerStateMachine.java:354) ~[classes/:?]
	at org.apache.hadoop.ozone.container.common.transport.server.ratis.ContainerStateMachine.lambda$handleWriteChunk$0(ContainerStateMachine.java:385) ~[classes/:?]
	at java.util.concurrent.CompletableFuture$AsyncSupply.run(CompletableFuture.java:1590) [?:1.8.0_212]
	at java.util.concurrent.ThreadPoolExecutor.runWorker(ThreadPoolExecutor.java:1149) [?:1.8.0_212]
	at java.util.concurrent.ThreadPoolExecutor$Worker.run(ThreadPoolExecutor.java:624) [?:1.8.0_212]
	at java.lang.Thread.run(Thread.java:748) [?:1.8.0_212]
2019-06-14 07:34:39,089 INFO  impl.HddsDispatcher (ContainerUtils.java:logAndReturnError(146)) - Operation: WriteChunk : Trace ID: 3a0922536bfbfd6d:a6e3427478899020:61879a54ebf9323b:0 : Message: ContainerID 4 creation failed : Result: DISK_OUT_OF_SPACE
2019-06-14 07:34:39,090 INFO  keyvalue.KeyValueHandler (ContainerUtils.java:logAndReturnError(146)) - Operation: CreateContainer : Trace ID: 3a0922536bfbfd6d:a6e3427478899020:61879a54ebf9323b:0 : Message: Container creation failed, due to disk out of space : Result: DISK_OUT_OF_SPACE
07:34:39.090 [pool-26-thread-1] ERROR DNAudit - user=null | ip=null | op=WRITE_CHUNK {blockData=conID: 4 locID: 102268775818395655 bcsId: 0} | ret=FAILURE
org.apache.hadoop.hdds.scm.container.common.helpers.StorageContainerException: ContainerID 4 creation failed
	at org.apache.hadoop.ozone.container.common.impl.HddsDispatcher.dispatchRequest(HddsDispatcher.java:227) ~[classes/:?]
	at org.apache.hadoop.ozone.container.common.impl.HddsDispatcher.dispatch(HddsDispatcher.java:148) ~[classes/:?]
	at org.apache.hadoop.ozone.container.common.transport.server.ratis.ContainerStateMachine.dispatchCommand(ContainerStateMachine.java:347) ~[classes/:?]
	at org.apache.hadoop.ozone.container.common.transport.server.ratis.ContainerStateMachine.runCommand(ContainerStateMachine.java:354) ~[classes/:?]
	at org.apache.hadoop.ozone.container.common.transport.server.ratis.ContainerStateMachine.lambda$handleWriteChunk$0(ContainerStateMachine.java:385) ~[classes/:?]
	at java.util.concurrent.CompletableFuture$AsyncSupply.run(CompletableFuture.java:1590) [?:1.8.0_212]
	at java.util.concurrent.ThreadPoolExecutor.runWorker(ThreadPoolExecutor.java:1149) [?:1.8.0_212]
	at java.util.concurrent.ThreadPoolExecutor$Worker.run(ThreadPoolExecutor.java:624) [?:1.8.0_212]
	at java.lang.Thread.run(Thread.java:748) [?:1.8.0_212]
2019-06-14 07:34:39,090 INFO  impl.HddsDispatcher (ContainerUtils.java:logAndReturnError(146)) - Operation: WriteChunk : Trace ID: 3a0922536bfbfd6d:a6e3427478899020:61879a54ebf9323b:0 : Message: ContainerID 4 creation failed : Result: DISK_OUT_OF_SPACE
07:34:39.092 [pool-73-thread-1] ERROR DNAudit - user=null | ip=null | op=WRITE_CHUNK {blockData=conID: 4 locID: 102268775818395655 bcsId: 0} | ret=FAILURE
org.apache.hadoop.hdds.scm.container.common.helpers.StorageContainerException: ContainerID 4 does not exist
	at org.apache.hadoop.ozone.container.common.impl.HddsDispatcher.dispatchRequest(HddsDispatcher.java:242) ~[classes/:?]
	at org.apache.hadoop.ozone.container.common.impl.HddsDispatcher.dispatch(HddsDispatcher.java:148) ~[classes/:?]
	at org.apache.hadoop.ozone.container.common.transport.server.ratis.ContainerStateMachine.dispatchCommand(ContainerStateMachine.java:347) ~[classes/:?]
	at org.apache.hadoop.ozone.container.common.transport.server.ratis.ContainerStateMachine.runCommand(ContainerStateMachine.java:354) ~[classes/:?]
	at org.apache.hadoop.ozone.container.common.transport.server.ratis.ContainerStateMachine.lambda$applyTransaction$5(ContainerStateMachine.java:621) ~[classes/:?]
	at java.util.concurrent.CompletableFuture$AsyncSupply.run(CompletableFuture.java:1590) [?:1.8.0_212]
	at java.util.concurrent.ThreadPoolExecutor.runWorker(ThreadPoolExecutor.java:1149) [?:1.8.0_212]
	at java.util.concurrent.ThreadPoolExecutor$Worker.run(ThreadPoolExecutor.java:624) [?:1.8.0_212]
	at java.lang.Thread.run(Thread.java:748) [?:1.8.0_212]
2019-06-14 07:34:39,092 INFO  impl.HddsDispatcher (ContainerUtils.java:logAndReturnError(146)) - Operation: WriteChunk : Trace ID: 3a0922536bfbfd6d:a6e3427478899020:61879a54ebf9323b:0 : Message: ContainerID 4 does not exist : Result: CONTAINER_NOT_FOUND
2019-06-14 07:34:39,100 INFO  client.GrpcClientProtocolClient (GrpcClientProtocolClient.java:onNext(254)) - client-F7A919484FCE->448bf03a-4449-4010-a269-be6ed7112c43: receive RaftClientReply:client-F7A919484FCE->448bf03a-4449-4010-a269-be6ed7112c43@group-3B7511B71DA6, cid=61, SUCCESS, logIndex=5, commits[448bf03a-4449-4010-a269-be6ed7112c43:c5, aeb9ce9c-02d3-4818-bf0d-2e37d7c0a0af:c4, dc812fab-4b14-4703-99f7-04a025612d1b:c4]
07:34:39.100 [pool-73-thread-1] ERROR DNAudit - user=null | ip=null | op=PUT_BLOCK {blockData=[blockId=conID: 4 locID: 102268775818395655 bcsId: 0,size=2097152]} | ret=FAILURE
org.apache.hadoop.hdds.scm.container.common.helpers.StorageContainerException: ContainerID 4 does not exist
	at org.apache.hadoop.ozone.container.common.impl.HddsDispatcher.dispatchRequest(HddsDispatcher.java:242) ~[classes/:?]
	at org.apache.hadoop.ozone.container.common.impl.HddsDispatcher.dispatch(HddsDispatcher.java:148) ~[classes/:?]
	at org.apache.hadoop.ozone.container.common.transport.server.ratis.ContainerStateMachine.dispatchCommand(ContainerStateMachine.java:347) ~[classes/:?]
	at org.apache.hadoop.ozone.container.common.transport.server.ratis.ContainerStateMachine.runCommand(ContainerStateMachine.java:354) ~[classes/:?]
	at org.apache.hadoop.ozone.container.common.transport.server.ratis.ContainerStateMachine.lambda$applyTransaction$5(ContainerStateMachine.java:621) ~[classes/:?]
	at java.util.concurrent.CompletableFuture$AsyncSupply.run(CompletableFuture.java:1590) [?:1.8.0_212]
	at java.util.concurrent.ThreadPoolExecutor.runWorker(ThreadPoolExecutor.java:1149) [?:1.8.0_212]
	at java.util.concurrent.ThreadPoolExecutor$Worker.run(ThreadPoolExecutor.java:624) [?:1.8.0_212]
	at java.lang.Thread.run(Thread.java:748) [?:1.8.0_212]
2019-06-14 07:34:39,101 INFO  impl.HddsDispatcher (ContainerUtils.java:logAndReturnError(146)) - Operation: PutBlock : Trace ID: 3a0922536bfbfd6d:ec4d76bd3af0cc88:61879a54ebf9323b:0 : Message: ContainerID 4 does not exist : Result: CONTAINER_NOT_FOUND
07:34:39.101 [pool-52-thread-1] ERROR DNAudit - user=null | ip=null | op=WRITE_CHUNK {blockData=conID: 4 locID: 102268775818395655 bcsId: 0} | ret=FAILURE
org.apache.hadoop.hdds.scm.container.common.helpers.StorageContainerException: ContainerID 4 does not exist
	at org.apache.hadoop.ozone.container.common.impl.HddsDispatcher.dispatchRequest(HddsDispatcher.java:242) ~[classes/:?]
	at org.apache.hadoop.ozone.container.common.impl.HddsDispatcher.dispatch(HddsDispatcher.java:148) ~[classes/:?]
	at org.apache.hadoop.ozone.container.common.transport.server.ratis.ContainerStateMachine.dispatchCommand(ContainerStateMachine.java:347) ~[classes/:?]
	at org.apache.hadoop.ozone.container.common.transport.server.ratis.ContainerStateMachine.runCommand(ContainerStateMachine.java:354) ~[classes/:?]
	at org.apache.hadoop.ozone.container.common.transport.server.ratis.ContainerStateMachine.lambda$applyTransaction$5(ContainerStateMachine.java:621) ~[classes/:?]
	at java.util.concurrent.CompletableFuture$AsyncSupply.run(CompletableFuture.java:1590) [?:1.8.0_212]
	at java.util.concurrent.ThreadPoolExecutor.runWorker(ThreadPoolExecutor.java:1149) [?:1.8.0_212]
	at java.util.concurrent.ThreadPoolExecutor$Worker.run(ThreadPoolExecutor.java:624) [?:1.8.0_212]
	at java.lang.Thread.run(Thread.java:748) [?:1.8.0_212]
2019-06-14 07:34:39,102 INFO  impl.HddsDispatcher (ContainerUtils.java:logAndReturnError(146)) - Operation: WriteChunk : Trace ID: 3a0922536bfbfd6d:a6e3427478899020:61879a54ebf9323b:0 : Message: ContainerID 4 does not exist : Result: CONTAINER_NOT_FOUND
2019-06-14 07:34:39,102 INFO  client.GrpcClientProtocolClient (GrpcClientProtocolClient.java:onNext(254)) - client-F7A919484FCE->448bf03a-4449-4010-a269-be6ed7112c43: receive RaftClientReply:client-F7A919484FCE->448bf03a-4449-4010-a269-be6ed7112c43@group-3B7511B71DA6, cid=62, SUCCESS, logIndex=6, commits[448bf03a-4449-4010-a269-be6ed7112c43:c6, aeb9ce9c-02d3-4818-bf0d-2e37d7c0a0af:c4, dc812fab-4b14-4703-99f7-04a025612d1b:c4]
2019-06-14 07:34:39,104 ERROR freon.RandomKeyGenerator (RandomKeyGenerator.java:run(675)) - Exception while adding key: key-0-04546 in bucket: org.apache.hadoop.ozone.client.OzoneBucket@48ec4a2c of volume: org.apache.hadoop.ozone.client.OzoneVolume@1c3108ea.
java.io.IOException: Unexpected Storage Container Exception: org.apache.hadoop.hdds.scm.container.common.helpers.StorageContainerException: ContainerID 4 does not exist
	at org.apache.hadoop.hdds.scm.storage.BlockOutputStream.setIoException(BlockOutputStream.java:548)
	at org.apache.hadoop.hdds.scm.storage.BlockOutputStream.validateResponse(BlockOutputStream.java:539)
	at org.apache.hadoop.hdds.scm.storage.BlockOutputStream.lambda$writeChunkToContainer$2(BlockOutputStream.java:614)
	at java.util.concurrent.CompletableFuture.uniApply(CompletableFuture.java:602)
	at java.util.concurrent.CompletableFuture$UniApply.tryFire(CompletableFuture.java:577)
	at java.util.concurrent.CompletableFuture$Completion.run(CompletableFuture.java:442)
	at java.util.concurrent.ThreadPoolExecutor.runWorker(ThreadPoolExecutor.java:1149)
	at java.util.concurrent.ThreadPoolExecutor$Worker.run(ThreadPoolExecutor.java:624)
	at java.lang.Thread.run(Thread.java:748)
Caused by: org.apache.hadoop.hdds.scm.container.common.helpers.StorageContainerException: ContainerID 4 does not exist
	at org.apache.hadoop.hdds.scm.storage.ContainerProtocolCalls.validateContainerResponse(ContainerProtocolCalls.java:536)
	at org.apache.hadoop.hdds.scm.storage.BlockOutputStream.validateResponse(BlockOutputStream.java:536)
	... 7 more
07:34:39.106 [pool-52-thread-1] ERROR DNAudit - user=null | ip=null | op=PUT_BLOCK {blockData=[blockId=conID: 4 locID: 102268775818395655 bcsId: 0,size=2097152]} | ret=FAILURE
org.apache.hadoop.hdds.scm.container.common.helpers.StorageContainerException: ContainerID 4 does not exist
	at org.apache.hadoop.ozone.container.common.impl.HddsDispatcher.dispatchRequest(HddsDispatcher.java:242) ~[classes/:?]
	at org.apache.hadoop.ozone.container.common.impl.HddsDispatcher.dispatch(HddsDispatcher.java:148) ~[classes/:?]
	at org.apache.hadoop.ozone.container.common.transport.server.ratis.ContainerStateMachine.dispatchCommand(ContainerStateMachine.java:347) ~[classes/:?]
	at org.apache.hadoop.ozone.container.common.transport.server.ratis.ContainerStateMachine.runCommand(ContainerStateMachine.java:354) ~[classes/:?]
	at org.apache.hadoop.ozone.container.common.transport.server.ratis.ContainerStateMachine.lambda$applyTransaction$5(ContainerStateMachine.java:621) ~[classes/:?]
	at java.util.concurrent.CompletableFuture$AsyncSupply.run(CompletableFuture.java:1590) [?:1.8.0_212]
	at java.util.concurrent.ThreadPoolExecutor.runWorker(ThreadPoolExecutor.java:1149) [?:1.8.0_212]
	at java.util.concurrent.ThreadPoolExecutor$Worker.run(ThreadPoolExecutor.java:624) [?:1.8.0_212]
	at java.lang.Thread.run(Thread.java:748) [?:1.8.0_212]
2019-06-14 07:34:39,107 INFO  impl.HddsDispatcher (ContainerUtils.java:logAndReturnError(146)) - Operation: PutBlock : Trace ID: 3a0922536bfbfd6d:ec4d76bd3af0cc88:61879a54ebf9323b:0 : Message: ContainerID 4 does not exist : Result: CONTAINER_NOT_FOUND
07:34:39.107 [pool-31-thread-1] ERROR DNAudit - user=null | ip=null | op=WRITE_CHUNK {blockData=conID: 4 locID: 102268775818395655 bcsId: 0} | ret=FAILURE
org.apache.hadoop.hdds.scm.container.common.helpers.StorageContainerException: ContainerID 4 does not exist
	at org.apache.hadoop.ozone.container.common.impl.HddsDispatcher.dispatchRequest(HddsDispatcher.java:242) ~[classes/:?]
	at org.apache.hadoop.ozone.container.common.impl.HddsDispatcher.dispatch(HddsDispatcher.java:148) ~[classes/:?]
	at org.apache.hadoop.ozone.container.common.transport.server.ratis.ContainerStateMachine.dispatchCommand(ContainerStateMachine.java:347) ~[classes/:?]
	at org.apache.hadoop.ozone.container.common.transport.server.ratis.ContainerStateMachine.runCommand(ContainerStateMachine.java:354) ~[classes/:?]
	at org.apache.hadoop.ozone.container.common.transport.server.ratis.ContainerStateMachine.lambda$applyTransaction$5(ContainerStateMachine.java:621) ~[classes/:?]
	at java.util.concurrent.CompletableFuture$AsyncSupply.run(CompletableFuture.java:1590) [?:1.8.0_212]
	at java.util.concurrent.ThreadPoolExecutor.runWorker(ThreadPoolExecutor.java:1149) [?:1.8.0_212]
	at java.util.concurrent.ThreadPoolExecutor$Worker.run(ThreadPoolExecutor.java:624) [?:1.8.0_212]
	at java.lang.Thread.run(Thread.java:748) [?:1.8.0_212]
2019-06-14 07:34:39,108 INFO  impl.HddsDispatcher (ContainerUtils.java:logAndReturnError(146)) - Operation: WriteChunk : Trace ID: 3a0922536bfbfd6d:a6e3427478899020:61879a54ebf9323b:0 : Message: ContainerID 4 does not exist : Result: CONTAINER_NOT_FOUND
07:34:39.108 [pool-31-thread-1] ERROR DNAudit - user=null | ip=null | op=PUT_BLOCK {blockData=[blockId=conID: 4 locID: 102268775818395655 bcsId: 0,size=2097152]} | ret=FAILURE
org.apache.hadoop.hdds.scm.container.common.helpers.StorageContainerException: ContainerID 4 does not exist
	at org.apache.hadoop.ozone.container.common.impl.HddsDispatcher.dispatchRequest(HddsDispatcher.java:242) ~[classes/:?]
	at org.apache.hadoop.ozone.container.common.impl.HddsDispatcher.dispatch(HddsDispatcher.java:148) ~[classes/:?]
	at org.apache.hadoop.ozone.container.common.transport.server.ratis.ContainerStateMachine.dispatchCommand(ContainerStateMachine.java:347) ~[classes/:?]
	at org.apache.hadoop.ozone.container.common.transport.server.ratis.ContainerStateMachine.runCommand(ContainerStateMachine.java:354) ~[classes/:?]
	at org.apache.hadoop.ozone.container.common.transport.server.ratis.ContainerStateMachine.lambda$applyTransaction$5(ContainerStateMachine.java:621) ~[classes/:?]
	at java.util.concurrent.CompletableFuture$AsyncSupply.run(CompletableFuture.java:1590) [?:1.8.0_212]
	at java.util.concurrent.ThreadPoolExecutor.runWorker(ThreadPoolExecutor.java:1149) [?:1.8.0_212]
	at java.util.concurrent.ThreadPoolExecutor$Worker.run(ThreadPoolExecutor.java:624) [?:1.8.0_212]
	at java.lang.Thread.run(Thread.java:748) [?:1.8.0_212]
2019-06-14 07:34:39,109 INFO  impl.HddsDispatcher (ContainerUtils.java:logAndReturnError(146)) - Operation: PutBlock : Trace ID: 3a0922536bfbfd6d:ec4d76bd3af0cc88:61879a54ebf9323b:0 : Message: ContainerID 4 does not exist : Result: CONTAINER_NOT_FOUND
 100.00% |█████████████████████████████████████████████████████████████████████████████████████████████████████|  1/1 Time: 0:00:02
]]></system-out>
    <system-err><![CDATA[ERROR StatusLogger No Log4j 2 configuration file found. Using default configuration (logging only errors to the console), or user programmatically provided configurations. Set system property 'log4j2.debug' to show Log4j 2 internal initialization logging. See https://logging.apache.org/log4j/2.x/manual/configuration.html for instructions on how to configure Log4j 2
Jun 14, 2019 7:34:24 AM com.sun.jersey.server.impl.application.WebApplicationImpl _initiate
INFO: Initiating Jersey application, version 'Jersey: 1.19 02/11/2015 03:25 AM'
Jun 14, 2019 7:34:25 AM com.sun.jersey.server.impl.application.WebApplicationImpl _initiate
INFO: Initiating Jersey application, version 'Jersey: 1.19 02/11/2015 03:25 AM'
Jun 14, 2019 7:34:25 AM com.sun.jersey.server.impl.application.WebApplicationImpl _initiate
INFO: Initiating Jersey application, version 'Jersey: 1.19 02/11/2015 03:25 AM'
]]></system-err>
  </testcase>
</testsuite>