<?xml version="1.0" encoding="UTF-8"?>
<testsuite xmlns:xsi="http://www.w3.org/2001/XMLSchema-instance" xsi:noNamespaceSchemaLocation="https://maven.apache.org/surefire/maven-surefire-plugin/xsd/surefire-test-report.xsd" name="org.apache.hadoop.hdds.scm.pipeline.TestNodeFailure" time="10.348" tests="1" errors="0" skipped="1" failures="0">
  <properties>
    <property name="awt.toolkit" value="sun.awt.X11.XToolkit"/>
    <property name="file.encoding.pkg" value="sun.io"/>
    <property name="java.specification.version" value="1.8"/>
    <property name="sun.cpu.isalist" value=""/>
    <property name="sun.jnu.encoding" value="UTF-8"/>
    <property name="java.class.path" value="/opt/src/hadoop-ozone/integration-test/target/test-classes:/opt/src/hadoop-ozone/integration-test/target/classes:/root/.m2/repository/org/apache/hadoop/hadoop-ozone-common/0.5.0-SNAPSHOT/hadoop-ozone-common-0.5.0-SNAPSHOT.jar:/root/.m2/repository/org/apache/commons/commons-compress/1.4.1/commons-compress-1.4.1.jar:/root/.m2/repository/org/tukaani/xz/1.0/xz-1.0.jar:/root/.m2/repository/org/apache/hadoop/hadoop-common/3.2.0/hadoop-common-3.2.0.jar:/root/.m2/repository/org/apache/hadoop/hadoop-hdfs/3.2.0/hadoop-hdfs-3.2.0.jar:/root/.m2/repository/org/apache/hadoop/hadoop-hdfs-client/3.2.0/hadoop-hdfs-client-3.2.0.jar:/root/.m2/repository/com/fasterxml/jackson/core/jackson-annotations/2.9.5/jackson-annotations-2.9.5.jar:/root/.m2/repository/org/apache/hadoop/hadoop-hdds-common/0.5.0-SNAPSHOT/hadoop-hdds-common-0.5.0-SNAPSHOT.jar:/root/.m2/repository/javax/annotation/javax.annotation-api/1.2/javax.annotation-api-1.2.jar:/root/.m2/repository/org/apache/ratis/ratis-server/0.4.0-fe2b15d-SNAPSHOT/ratis-server-0.4.0-fe2b15d-SNAPSHOT.jar:/root/.m2/repository/org/apache/ratis/ratis-thirdparty-misc/0.2.0/ratis-thirdparty-misc-0.2.0.jar:/root/.m2/repository/org/apache/ratis/ratis-proto/0.4.0-fe2b15d-SNAPSHOT/ratis-proto-0.4.0-fe2b15d-SNAPSHOT.jar:/root/.m2/repository/org/apache/ratis/ratis-common/0.4.0-fe2b15d-SNAPSHOT/ratis-common-0.4.0-fe2b15d-SNAPSHOT.jar:/root/.m2/repository/org/apache/ratis/ratis-client/0.4.0-fe2b15d-SNAPSHOT/ratis-client-0.4.0-fe2b15d-SNAPSHOT.jar:/root/.m2/repository/org/apache/ratis/ratis-netty/0.4.0-fe2b15d-SNAPSHOT/ratis-netty-0.4.0-fe2b15d-SNAPSHOT.jar:/root/.m2/repository/org/apache/ratis/ratis-grpc/0.4.0-fe2b15d-SNAPSHOT/ratis-grpc-0.4.0-fe2b15d-SNAPSHOT.jar:/root/.m2/repository/org/rocksdb/rocksdbjni/5.14.2/rocksdbjni-5.14.2.jar:/root/.m2/repository/org/apache/logging/log4j/log4j-api/2.11.0/log4j-api-2.11.0.jar:/root/.m2/repository/org/apache/logging/log4j/log4j-core/2.11.0/log4j-core-2.11.0.jar:/root/.m2/repository/com/lmax/disruptor/3.4.2/disruptor-3.4.2.jar:/root/.m2/repository/org/apache/commons/commons-pool2/2.6.0/commons-pool2-2.6.0.jar:/root/.m2/repository/org/bouncycastle/bcpkix-jdk15on/1.60/bcpkix-jdk15on-1.60.jar:/root/.m2/repository/commons-validator/commons-validator/1.6/commons-validator-1.6.jar:/root/.m2/repository/commons-digester/commons-digester/1.8.1/commons-digester-1.8.1.jar:/root/.m2/repository/io/jaegertracing/jaeger-client/0.33.1/jaeger-client-0.33.1.jar:/root/.m2/repository/io/jaegertracing/jaeger-thrift/0.33.1/jaeger-thrift-0.33.1.jar:/root/.m2/repository/org/apache/thrift/libthrift/0.11.0/libthrift-0.11.0.jar:/root/.m2/repository/com/squareup/okhttp3/okhttp/3.9.0/okhttp-3.9.0.jar:/root/.m2/repository/com/squareup/okio/okio/1.13.0/okio-1.13.0.jar:/root/.m2/repository/io/jaegertracing/jaeger-core/0.33.1/jaeger-core-0.33.1.jar:/root/.m2/repository/io/jaegertracing/jaeger-tracerresolver/0.33.1/jaeger-tracerresolver-0.33.1.jar:/root/.m2/repository/io/opentracing/contrib/opentracing-tracerresolver/0.1.5/opentracing-tracerresolver-0.1.5.jar:/root/.m2/repository/io/opentracing/opentracing-util/0.31.0/opentracing-util-0.31.0.jar:/root/.m2/repository/io/opentracing/opentracing-api/0.31.0/opentracing-api-0.31.0.jar:/root/.m2/repository/io/opentracing/opentracing-noop/0.31.0/opentracing-noop-0.31.0.jar:/root/.m2/repository/org/apache/hadoop/hadoop-hdds-server-framework/0.5.0-SNAPSHOT/hadoop-hdds-server-framework-0.5.0-SNAPSHOT.jar:/root/.m2/repository/org/apache/hadoop/hadoop-hdds-server-scm/0.5.0-SNAPSHOT/hadoop-hdds-server-scm-0.5.0-SNAPSHOT.jar:/root/.m2/repository/org/apache/hadoop/hadoop-hdds-container-service/0.5.0-SNAPSHOT/hadoop-hdds-container-service-0.5.0-SNAPSHOT.jar:/root/.m2/repository/org/apache/hadoop/hadoop-hdds-client/0.5.0-SNAPSHOT/hadoop-hdds-client-0.5.0-SNAPSHOT.jar:/root/.m2/repository/org/apache/hadoop/hadoop-hdds-tools/0.5.0-SNAPSHOT/hadoop-hdds-tools-0.5.0-SNAPSHOT.jar:/root/.m2/repository/org/apache/hadoop/hadoop-ozone-ozone-manager/0.5.0-SNAPSHOT/hadoop-ozone-ozone-manager-0.5.0-SNAPSHOT.jar:/root/.m2/repository/org/apache/hadoop/hadoop-hdds-docs/0.5.0-SNAPSHOT/hadoop-hdds-docs-0.5.0-SNAPSHOT.jar:/root/.m2/repository/org/bouncycastle/bcprov-jdk15on/1.60/bcprov-jdk15on-1.60.jar:/root/.m2/repository/org/apache/hadoop/hadoop-minikdc/3.2.0/hadoop-minikdc-3.2.0.jar:/root/.m2/repository/commons-io/commons-io/2.5/commons-io-2.5.jar:/root/.m2/repository/org/apache/kerby/kerb-simplekdc/1.0.1/kerb-simplekdc-1.0.1.jar:/root/.m2/repository/org/apache/kerby/kerb-client/1.0.1/kerb-client-1.0.1.jar:/root/.m2/repository/org/apache/kerby/kerby-config/1.0.1/kerby-config-1.0.1.jar:/root/.m2/repository/org/apache/kerby/kerb-core/1.0.1/kerb-core-1.0.1.jar:/root/.m2/repository/org/apache/kerby/kerby-pkix/1.0.1/kerby-pkix-1.0.1.jar:/root/.m2/repository/org/apache/kerby/kerby-asn1/1.0.1/kerby-asn1-1.0.1.jar:/root/.m2/repository/org/apache/kerby/kerby-util/1.0.1/kerby-util-1.0.1.jar:/root/.m2/repository/org/apache/kerby/kerb-common/1.0.1/kerb-common-1.0.1.jar:/root/.m2/repository/org/apache/kerby/kerb-crypto/1.0.1/kerb-crypto-1.0.1.jar:/root/.m2/repository/org/apache/kerby/kerb-util/1.0.1/kerb-util-1.0.1.jar:/root/.m2/repository/org/apache/kerby/token-provider/1.0.1/token-provider-1.0.1.jar:/root/.m2/repository/org/apache/kerby/kerb-admin/1.0.1/kerb-admin-1.0.1.jar:/root/.m2/repository/org/apache/kerby/kerb-server/1.0.1/kerb-server-1.0.1.jar:/root/.m2/repository/org/apache/kerby/kerb-identity/1.0.1/kerb-identity-1.0.1.jar:/root/.m2/repository/org/apache/kerby/kerby-xdr/1.0.1/kerby-xdr-1.0.1.jar:/root/.m2/repository/org/slf4j/slf4j-log4j12/1.7.25/slf4j-log4j12-1.7.25.jar:/root/.m2/repository/org/apache/hadoop/hadoop-ozone-objectstore-service/0.5.0-SNAPSHOT/hadoop-ozone-objectstore-service-0.5.0-SNAPSHOT.jar:/root/.m2/repository/org/apache/hadoop/hadoop-ozone-s3gateway/0.5.0-SNAPSHOT/hadoop-ozone-s3gateway-0.5.0-SNAPSHOT.jar:/root/.m2/repository/org/jboss/weld/servlet/weld-servlet/2.4.7.Final/weld-servlet-2.4.7.Final.jar:/root/.m2/repository/org/glassfish/jersey/containers/jersey-container-servlet-core/2.27/jersey-container-servlet-core-2.27.jar:/root/.m2/repository/org/glassfish/hk2/external/javax.inject/2.5.0-b42/javax.inject-2.5.0-b42.jar:/root/.m2/repository/org/glassfish/jersey/core/jersey-common/2.27/jersey-common-2.27.jar:/root/.m2/repository/org/glassfish/hk2/osgi-resource-locator/1.0.1/osgi-resource-locator-1.0.1.jar:/root/.m2/repository/javax/ws/rs/javax.ws.rs-api/2.1/javax.ws.rs-api-2.1.jar:/root/.m2/repository/org/glassfish/jersey/ext/cdi/jersey-cdi1x/2.27/jersey-cdi1x-2.27.jar:/root/.m2/repository/org/glassfish/jersey/inject/jersey-hk2/2.27/jersey-hk2-2.27.jar:/root/.m2/repository/org/glassfish/hk2/hk2-locator/2.5.0-b42/hk2-locator-2.5.0-b42.jar:/root/.m2/repository/org/javassist/javassist/3.22.0-CR2/javassist-3.22.0-CR2.jar:/root/.m2/repository/org/glassfish/hk2/hk2-api/2.5.0/hk2-api-2.5.0.jar:/root/.m2/repository/org/glassfish/hk2/external/jakarta.inject/2.5.0/jakarta.inject-2.5.0.jar:/root/.m2/repository/org/glassfish/hk2/hk2-utils/2.5.0/hk2-utils-2.5.0.jar:/root/.m2/repository/jakarta/annotation/jakarta.annotation-api/1.3.4/jakarta.annotation-api-1.3.4.jar:/root/.m2/repository/org/glassfish/hk2/external/aopalliance-repackaged/2.5.0/aopalliance-repackaged-2.5.0.jar:/root/.m2/repository/com/fasterxml/jackson/dataformat/jackson-dataformat-xml/2.9.0/jackson-dataformat-xml-2.9.0.jar:/root/.m2/repository/com/fasterxml/jackson/core/jackson-core/2.9.5/jackson-core-2.9.5.jar:/root/.m2/repository/com/fasterxml/jackson/module/jackson-module-jaxb-annotations/2.9.5/jackson-module-jaxb-annotations-2.9.5.jar:/root/.m2/repository/javax/enterprise/cdi-api/1.2/cdi-api-1.2.jar:/root/.m2/repository/javax/el/javax.el-api/3.0.0/javax.el-api-3.0.0.jar:/root/.m2/repository/javax/interceptor/javax.interceptor-api/1.2/javax.interceptor-api-1.2.jar:/root/.m2/repository/javax/inject/javax.inject/1/javax.inject-1.jar:/root/.m2/repository/com/sun/xml/bind/jaxb-impl/2.3.0.1/jaxb-impl-2.3.0.1.jar:/root/.m2/repository/com/sun/xml/bind/jaxb-core/2.3.0.1/jaxb-core-2.3.0.1.jar:/root/.m2/repository/javax/xml/bind/jaxb-api/2.3.0/jaxb-api-2.3.0.jar:/root/.m2/repository/javax/activation/activation/1.1.1/activation-1.1.1.jar:/root/.m2/repository/org/apache/hadoop/hadoop-ozone-csi/0.5.0-SNAPSHOT/hadoop-ozone-csi-0.5.0-SNAPSHOT.jar:/root/.m2/repository/com/google/protobuf/protobuf-java-util/3.5.1/protobuf-java-util-3.5.1.jar:/root/.m2/repository/org/apache/hadoop/hadoop-hdds-config/0.5.0-SNAPSHOT/hadoop-hdds-config-0.5.0-SNAPSHOT.jar:/root/.m2/repository/com/google/guava/guava/11.0.2/guava-11.0.2.jar:/root/.m2/repository/com/google/protobuf/protobuf-java/2.5.0/protobuf-java-2.5.0.jar:/root/.m2/repository/io/grpc/grpc-netty/1.17.1/grpc-netty-1.17.1.jar:/root/.m2/repository/io/grpc/grpc-core/1.17.1/grpc-core-1.17.1.jar:/root/.m2/repository/io/grpc/grpc-context/1.17.1/grpc-context-1.17.1.jar:/root/.m2/repository/com/google/errorprone/error_prone_annotations/2.2.0/error_prone_annotations-2.2.0.jar:/root/.m2/repository/org/codehaus/mojo/animal-sniffer-annotations/1.17/animal-sniffer-annotations-1.17.jar:/root/.m2/repository/io/opencensus/opencensus-api/0.17.0/opencensus-api-0.17.0.jar:/root/.m2/repository/io/opencensus/opencensus-contrib-grpc-metrics/0.17.0/opencensus-contrib-grpc-metrics-0.17.0.jar:/root/.m2/repository/io/netty/netty-codec-http2/4.1.30.Final/netty-codec-http2-4.1.30.Final.jar:/root/.m2/repository/io/netty/netty-codec-http/4.1.30.Final/netty-codec-http-4.1.30.Final.jar:/root/.m2/repository/io/netty/netty-codec/4.1.30.Final/netty-codec-4.1.30.Final.jar:/root/.m2/repository/io/netty/netty-handler/4.1.30.Final/netty-handler-4.1.30.Final.jar:/root/.m2/repository/io/netty/netty-handler-proxy/4.1.30.Final/netty-handler-proxy-4.1.30.Final.jar:/root/.m2/repository/io/netty/netty-codec-socks/4.1.30.Final/netty-codec-socks-4.1.30.Final.jar:/root/.m2/repository/io/netty/netty-transport-native-epoll/4.1.30.Final/netty-transport-native-epoll-4.1.30.Final.jar:/root/.m2/repository/io/netty/netty-common/4.1.30.Final/netty-common-4.1.30.Final.jar:/root/.m2/repository/io/netty/netty-buffer/4.1.30.Final/netty-buffer-4.1.30.Final.jar:/root/.m2/repository/io/netty/netty-transport/4.1.30.Final/netty-transport-4.1.30.Final.jar:/root/.m2/repository/io/netty/netty-resolver/4.1.30.Final/netty-resolver-4.1.30.Final.jar:/root/.m2/repository/io/netty/netty-transport-native-unix-common/4.1.30.Final/netty-transport-native-unix-common-4.1.30.Final.jar:/root/.m2/repository/io/grpc/grpc-protobuf/1.17.1/grpc-protobuf-1.17.1.jar:/root/.m2/repository/com/google/api/grpc/proto-google-common-protos/1.0.0/proto-google-common-protos-1.0.0.jar:/root/.m2/repository/io/grpc/grpc-protobuf-lite/1.17.1/grpc-protobuf-lite-1.17.1.jar:/root/.m2/repository/io/grpc/grpc-stub/1.17.1/grpc-stub-1.17.1.jar:/root/.m2/repository/org/apache/hadoop/hadoop-ozone-recon/0.5.0-SNAPSHOT/hadoop-ozone-recon-0.5.0-SNAPSHOT.jar:/root/.m2/repository/org/apache/hadoop/hadoop-ozone-reconcodegen/0.5.0-SNAPSHOT/hadoop-ozone-reconcodegen-0.5.0-SNAPSHOT.jar:/root/.m2/repository/com/google/inject/extensions/guice-multibindings/4.0/guice-multibindings-4.0.jar:/root/.m2/repository/com/google/inject/guice/4.0/guice-4.0.jar:/root/.m2/repository/aopalliance/aopalliance/1.0/aopalliance-1.0.jar:/root/.m2/repository/com/google/inject/extensions/guice-servlet/4.0/guice-servlet-4.0.jar:/root/.m2/repository/org/glassfish/jersey/containers/jersey-container-servlet/2.27/jersey-container-servlet-2.27.jar:/root/.m2/repository/org/glassfish/hk2/guice-bridge/2.5.0/guice-bridge-2.5.0.jar:/root/.m2/repository/org/glassfish/jersey/core/jersey-server/2.27/jersey-server-2.27.jar:/root/.m2/repository/org/glassfish/jersey/core/jersey-client/2.27/jersey-client-2.27.jar:/root/.m2/repository/org/glassfish/jersey/media/jersey-media-jaxb/2.27/jersey-media-jaxb-2.27.jar:/root/.m2/repository/javax/validation/validation-api/1.1.0.Final/validation-api-1.1.0.Final.jar:/root/.m2/repository/org/glassfish/jersey/media/jersey-media-json-jackson/2.27/jersey-media-json-jackson-2.27.jar:/root/.m2/repository/org/glassfish/jersey/ext/jersey-entity-filtering/2.27/jersey-entity-filtering-2.27.jar:/root/.m2/repository/com/google/inject/extensions/guice-assistedinject/4.0/guice-assistedinject-4.0.jar:/root/.m2/repository/org/jooq/jooq/3.11.10/jooq-3.11.10.jar:/root/.m2/repository/org/jooq/jooq-meta/3.11.10/jooq-meta-3.11.10.jar:/root/.m2/repository/org/jooq/jooq-codegen/3.11.10/jooq-codegen-3.11.10.jar:/root/.m2/repository/com/jolbox/bonecp/0.8.0.RELEASE/bonecp-0.8.0.RELEASE.jar:/root/.m2/repository/org/xerial/sqlite-jdbc/3.25.2/sqlite-jdbc-3.25.2.jar:/root/.m2/repository/org/springframework/spring-jdbc/5.1.3.RELEASE/spring-jdbc-5.1.3.RELEASE.jar:/root/.m2/repository/org/springframework/spring-beans/5.1.3.RELEASE/spring-beans-5.1.3.RELEASE.jar:/root/.m2/repository/org/springframework/spring-core/5.1.3.RELEASE/spring-core-5.1.3.RELEASE.jar:/root/.m2/repository/org/springframework/spring-jcl/5.1.3.RELEASE/spring-jcl-5.1.3.RELEASE.jar:/root/.m2/repository/org/springframework/spring-tx/5.1.3.RELEASE/spring-tx-5.1.3.RELEASE.jar:/root/.m2/repository/org/apache/hadoop/hadoop-ozone-client/0.5.0-SNAPSHOT/hadoop-ozone-client-0.5.0-SNAPSHOT.jar:/root/.m2/repository/org/apache/hadoop/hadoop-ozone-ozone-manager/0.5.0-SNAPSHOT/hadoop-ozone-ozone-manager-0.5.0-SNAPSHOT-tests.jar:/root/.m2/repository/junit/junit/4.11/junit-4.11.jar:/root/.m2/repository/org/hamcrest/hamcrest-core/1.3/hamcrest-core-1.3.jar:/root/.m2/repository/org/openjdk/jmh/jmh-core/1.19/jmh-core-1.19.jar:/root/.m2/repository/net/sf/jopt-simple/jopt-simple/4.6/jopt-simple-4.6.jar:/root/.m2/repository/org/apache/commons/commons-math3/3.1.1/commons-math3-3.1.1.jar:/root/.m2/repository/org/openjdk/jmh/jmh-generator-annprocess/1.19/jmh-generator-annprocess-1.19.jar:/root/.m2/repository/org/mockito/mockito-all/1.8.5/mockito-all-1.8.5.jar:/root/.m2/repository/org/apache/hadoop/hadoop-kms/3.2.0/hadoop-kms-3.2.0.jar:/root/.m2/repository/org/apache/hadoop/hadoop-auth/3.2.0/hadoop-auth-3.2.0.jar:/root/.m2/repository/com/nimbusds/nimbus-jose-jwt/4.41.1/nimbus-jose-jwt-4.41.1.jar:/root/.m2/repository/com/github/stephenc/jcip/jcip-annotations/1.0-1/jcip-annotations-1.0-1.jar:/root/.m2/repository/net/minidev/json-smart/2.3/json-smart-2.3.jar:/root/.m2/repository/net/minidev/accessors-smart/1.2/accessors-smart-1.2.jar:/root/.m2/repository/org/ow2/asm/asm/5.0.4/asm-5.0.4.jar:/root/.m2/repository/org/apache/curator/curator-framework/2.12.0/curator-framework-2.12.0.jar:/root/.m2/repository/com/sun/jersey/jersey-core/1.19/jersey-core-1.19.jar:/root/.m2/repository/javax/ws/rs/jsr311-api/1.1.1/jsr311-api-1.1.1.jar:/root/.m2/repository/com/sun/jersey/jersey-server/1.19/jersey-server-1.19.jar:/root/.m2/repository/javax/servlet/javax.servlet-api/3.1.0/javax.servlet-api-3.1.0.jar:/root/.m2/repository/org/eclipse/jetty/jetty-server/9.3.24.v20180605/jetty-server-9.3.24.v20180605.jar:/root/.m2/repository/org/eclipse/jetty/jetty-http/9.3.24.v20180605/jetty-http-9.3.24.v20180605.jar:/root/.m2/repository/org/eclipse/jetty/jetty-io/9.3.24.v20180605/jetty-io-9.3.24.v20180605.jar:/root/.m2/repository/org/eclipse/jetty/jetty-webapp/9.3.24.v20180605/jetty-webapp-9.3.24.v20180605.jar:/root/.m2/repository/org/eclipse/jetty/jetty-xml/9.3.24.v20180605/jetty-xml-9.3.24.v20180605.jar:/root/.m2/repository/log4j/log4j/1.2.17/log4j-1.2.17.jar:/root/.m2/repository/org/slf4j/slf4j-api/1.7.25/slf4j-api-1.7.25.jar:/root/.m2/repository/org/slf4j/jul-to-slf4j/1.7.25/jul-to-slf4j-1.7.25.jar:/root/.m2/repository/org/eclipse/jetty/jetty-util/9.3.24.v20180605/jetty-util-9.3.24.v20180605.jar:/root/.m2/repository/io/dropwizard/metrics/metrics-core/3.2.4/metrics-core-3.2.4.jar:/root/.m2/repository/com/fasterxml/jackson/core/jackson-databind/2.9.5/jackson-databind-2.9.5.jar:/root/.m2/repository/org/apache/hadoop/hadoop-kms/3.2.0/hadoop-kms-3.2.0-tests.jar:/root/.m2/repository/org/apache/hadoop/hadoop-hdds-server-scm/0.5.0-SNAPSHOT/hadoop-hdds-server-scm-0.5.0-SNAPSHOT-tests.jar:/root/.m2/repository/org/hamcrest/hamcrest-all/1.3/hamcrest-all-1.3.jar:/root/.m2/repository/info/picocli/picocli/3.9.6/picocli-3.9.6.jar:/root/.m2/repository/org/apache/hadoop/hadoop-hdds-container-service/0.5.0-SNAPSHOT/hadoop-hdds-container-service-0.5.0-SNAPSHOT-tests.jar:/root/.m2/repository/org/yaml/snakeyaml/1.16/snakeyaml-1.16.jar:/root/.m2/repository/org/apache/hadoop/hadoop-common/3.2.0/hadoop-common-3.2.0-tests.jar:/root/.m2/repository/org/apache/hadoop/hadoop-annotations/3.2.0/hadoop-annotations-3.2.0.jar:/usr/lib/jvm/java-1.8-openjdk/jre/../lib/tools.jar:/root/.m2/repository/commons-cli/commons-cli/1.2/commons-cli-1.2.jar:/root/.m2/repository/org/apache/httpcomponents/httpclient/4.5.2/httpclient-4.5.2.jar:/root/.m2/repository/org/apache/httpcomponents/httpcore/4.4.4/httpcore-4.4.4.jar:/root/.m2/repository/commons-codec/commons-codec/1.11/commons-codec-1.11.jar:/root/.m2/repository/commons-net/commons-net/3.6/commons-net-3.6.jar:/root/.m2/repository/commons-collections/commons-collections/3.2.2/commons-collections-3.2.2.jar:/root/.m2/repository/org/eclipse/jetty/jetty-servlet/9.3.24.v20180605/jetty-servlet-9.3.24.v20180605.jar:/root/.m2/repository/org/eclipse/jetty/jetty-security/9.3.24.v20180605/jetty-security-9.3.24.v20180605.jar:/root/.m2/repository/javax/servlet/jsp/jsp-api/2.1/jsp-api-2.1.jar:/root/.m2/repository/com/sun/jersey/jersey-servlet/1.19/jersey-servlet-1.19.jar:/root/.m2/repository/com/sun/jersey/jersey-json/1.19/jersey-json-1.19.jar:/root/.m2/repository/org/codehaus/jettison/jettison/1.1/jettison-1.1.jar:/root/.m2/repository/org/codehaus/jackson/jackson-core-asl/1.9.13/jackson-core-asl-1.9.13.jar:/root/.m2/repository/org/codehaus/jackson/jackson-mapper-asl/1.9.13/jackson-mapper-asl-1.9.13.jar:/root/.m2/repository/org/codehaus/jackson/jackson-jaxrs/1.9.13/jackson-jaxrs-1.9.13.jar:/root/.m2/repository/org/codehaus/jackson/jackson-xc/1.9.13/jackson-xc-1.9.13.jar:/root/.m2/repository/commons-logging/commons-logging/1.1.3/commons-logging-1.1.3.jar:/root/.m2/repository/commons-beanutils/commons-beanutils/1.9.3/commons-beanutils-1.9.3.jar:/root/.m2/repository/org/apache/commons/commons-configuration2/2.1.1/commons-configuration2-2.1.1.jar:/root/.m2/repository/org/apache/commons/commons-lang3/3.7/commons-lang3-3.7.jar:/root/.m2/repository/org/apache/commons/commons-text/1.4/commons-text-1.4.jar:/root/.m2/repository/org/apache/avro/avro/1.7.7/avro-1.7.7.jar:/root/.m2/repository/com/thoughtworks/paranamer/paranamer/2.3/paranamer-2.3.jar:/root/.m2/repository/org/xerial/snappy/snappy-java/1.0.5/snappy-java-1.0.5.jar:/root/.m2/repository/com/google/re2j/re2j/1.1/re2j-1.1.jar:/root/.m2/repository/com/google/code/gson/gson/2.2.4/gson-2.2.4.jar:/root/.m2/repository/com/jcraft/jsch/0.1.54/jsch-0.1.54.jar:/root/.m2/repository/org/apache/curator/curator-client/2.12.0/curator-client-2.12.0.jar:/root/.m2/repository/org/apache/curator/curator-recipes/2.12.0/curator-recipes-2.12.0.jar:/root/.m2/repository/com/google/code/findbugs/jsr305/3.0.0/jsr305-3.0.0.jar:/root/.m2/repository/org/apache/htrace/htrace-core4/4.1.0-incubating/htrace-core4-4.1.0-incubating.jar:/root/.m2/repository/org/apache/zookeeper/zookeeper/3.4.13/zookeeper-3.4.13.jar:/root/.m2/repository/org/apache/yetus/audience-annotations/0.5.0/audience-annotations-0.5.0.jar:/root/.m2/repository/org/codehaus/woodstox/stax2-api/3.1.4/stax2-api-3.1.4.jar:/root/.m2/repository/com/fasterxml/woodstox/woodstox-core/5.0.3/woodstox-core-5.0.3.jar:/root/.m2/repository/dnsjava/dnsjava/2.1.7/dnsjava-2.1.7.jar:/root/.m2/repository/org/apache/hadoop/hadoop-hdfs/3.2.0/hadoop-hdfs-3.2.0-tests.jar:/root/.m2/repository/org/eclipse/jetty/jetty-util-ajax/9.3.24.v20180605/jetty-util-ajax-9.3.24.v20180605.jar:/root/.m2/repository/commons-daemon/commons-daemon/1.0.13/commons-daemon-1.0.13.jar:/root/.m2/repository/io/netty/netty/3.10.5.Final/netty-3.10.5.Final.jar:/root/.m2/repository/io/netty/netty-all/4.0.52.Final/netty-all-4.0.52.Final.jar:/root/.m2/repository/org/fusesource/leveldbjni/leveldbjni-all/1.8/leveldbjni-all-1.8.jar:"/>
    <property name="java.vm.vendor" value="IcedTea"/>
    <property name="sun.arch.data.model" value="64"/>
    <property name="test.build.dir" value="/opt/src/hadoop-ozone/integration-test/target/test-dir"/>
    <property name="test.cache.data" value=""/>
    <property name="java.vendor.url" value="https://icedtea.classpath.org"/>
    <property name="user.timezone" value=""/>
    <property name="java.vm.specification.version" value="1.8"/>
    <property name="os.name" value="Linux"/>
    <property name="test.build.data" value="/opt/src/hadoop-ozone/integration-test/target/test-dir"/>
    <property name="user.country" value="US"/>
    <property name="sun.java.launcher" value="SUN_STANDARD"/>
    <property name="sun.boot.library.path" value="/usr/lib/jvm/java-1.8-openjdk/jre/lib/amd64"/>
    <property name="sun.java.command" value="/opt/src/hadoop-ozone/integration-test/target/surefire/surefirebooter1221765388720861251.jar /opt/src/hadoop-ozone/integration-test/target/surefire 2019-06-14T09-53-48_201-jvmRun1 surefire8573510626122433954tmp surefire_84879044863748194933tmp"/>
    <property name="surefire.test.class.path" value="/opt/src/hadoop-ozone/integration-test/target/test-classes:/opt/src/hadoop-ozone/integration-test/target/classes:/root/.m2/repository/org/apache/hadoop/hadoop-ozone-common/0.5.0-SNAPSHOT/hadoop-ozone-common-0.5.0-SNAPSHOT.jar:/root/.m2/repository/org/apache/commons/commons-compress/1.4.1/commons-compress-1.4.1.jar:/root/.m2/repository/org/tukaani/xz/1.0/xz-1.0.jar:/root/.m2/repository/org/apache/hadoop/hadoop-common/3.2.0/hadoop-common-3.2.0.jar:/root/.m2/repository/org/apache/hadoop/hadoop-hdfs/3.2.0/hadoop-hdfs-3.2.0.jar:/root/.m2/repository/org/apache/hadoop/hadoop-hdfs-client/3.2.0/hadoop-hdfs-client-3.2.0.jar:/root/.m2/repository/com/fasterxml/jackson/core/jackson-annotations/2.9.5/jackson-annotations-2.9.5.jar:/root/.m2/repository/org/apache/hadoop/hadoop-hdds-common/0.5.0-SNAPSHOT/hadoop-hdds-common-0.5.0-SNAPSHOT.jar:/root/.m2/repository/javax/annotation/javax.annotation-api/1.2/javax.annotation-api-1.2.jar:/root/.m2/repository/org/apache/ratis/ratis-server/0.4.0-fe2b15d-SNAPSHOT/ratis-server-0.4.0-fe2b15d-SNAPSHOT.jar:/root/.m2/repository/org/apache/ratis/ratis-thirdparty-misc/0.2.0/ratis-thirdparty-misc-0.2.0.jar:/root/.m2/repository/org/apache/ratis/ratis-proto/0.4.0-fe2b15d-SNAPSHOT/ratis-proto-0.4.0-fe2b15d-SNAPSHOT.jar:/root/.m2/repository/org/apache/ratis/ratis-common/0.4.0-fe2b15d-SNAPSHOT/ratis-common-0.4.0-fe2b15d-SNAPSHOT.jar:/root/.m2/repository/org/apache/ratis/ratis-client/0.4.0-fe2b15d-SNAPSHOT/ratis-client-0.4.0-fe2b15d-SNAPSHOT.jar:/root/.m2/repository/org/apache/ratis/ratis-netty/0.4.0-fe2b15d-SNAPSHOT/ratis-netty-0.4.0-fe2b15d-SNAPSHOT.jar:/root/.m2/repository/org/apache/ratis/ratis-grpc/0.4.0-fe2b15d-SNAPSHOT/ratis-grpc-0.4.0-fe2b15d-SNAPSHOT.jar:/root/.m2/repository/org/rocksdb/rocksdbjni/5.14.2/rocksdbjni-5.14.2.jar:/root/.m2/repository/org/apache/logging/log4j/log4j-api/2.11.0/log4j-api-2.11.0.jar:/root/.m2/repository/org/apache/logging/log4j/log4j-core/2.11.0/log4j-core-2.11.0.jar:/root/.m2/repository/com/lmax/disruptor/3.4.2/disruptor-3.4.2.jar:/root/.m2/repository/org/apache/commons/commons-pool2/2.6.0/commons-pool2-2.6.0.jar:/root/.m2/repository/org/bouncycastle/bcpkix-jdk15on/1.60/bcpkix-jdk15on-1.60.jar:/root/.m2/repository/commons-validator/commons-validator/1.6/commons-validator-1.6.jar:/root/.m2/repository/commons-digester/commons-digester/1.8.1/commons-digester-1.8.1.jar:/root/.m2/repository/io/jaegertracing/jaeger-client/0.33.1/jaeger-client-0.33.1.jar:/root/.m2/repository/io/jaegertracing/jaeger-thrift/0.33.1/jaeger-thrift-0.33.1.jar:/root/.m2/repository/org/apache/thrift/libthrift/0.11.0/libthrift-0.11.0.jar:/root/.m2/repository/com/squareup/okhttp3/okhttp/3.9.0/okhttp-3.9.0.jar:/root/.m2/repository/com/squareup/okio/okio/1.13.0/okio-1.13.0.jar:/root/.m2/repository/io/jaegertracing/jaeger-core/0.33.1/jaeger-core-0.33.1.jar:/root/.m2/repository/io/jaegertracing/jaeger-tracerresolver/0.33.1/jaeger-tracerresolver-0.33.1.jar:/root/.m2/repository/io/opentracing/contrib/opentracing-tracerresolver/0.1.5/opentracing-tracerresolver-0.1.5.jar:/root/.m2/repository/io/opentracing/opentracing-util/0.31.0/opentracing-util-0.31.0.jar:/root/.m2/repository/io/opentracing/opentracing-api/0.31.0/opentracing-api-0.31.0.jar:/root/.m2/repository/io/opentracing/opentracing-noop/0.31.0/opentracing-noop-0.31.0.jar:/root/.m2/repository/org/apache/hadoop/hadoop-hdds-server-framework/0.5.0-SNAPSHOT/hadoop-hdds-server-framework-0.5.0-SNAPSHOT.jar:/root/.m2/repository/org/apache/hadoop/hadoop-hdds-server-scm/0.5.0-SNAPSHOT/hadoop-hdds-server-scm-0.5.0-SNAPSHOT.jar:/root/.m2/repository/org/apache/hadoop/hadoop-hdds-container-service/0.5.0-SNAPSHOT/hadoop-hdds-container-service-0.5.0-SNAPSHOT.jar:/root/.m2/repository/org/apache/hadoop/hadoop-hdds-client/0.5.0-SNAPSHOT/hadoop-hdds-client-0.5.0-SNAPSHOT.jar:/root/.m2/repository/org/apache/hadoop/hadoop-hdds-tools/0.5.0-SNAPSHOT/hadoop-hdds-tools-0.5.0-SNAPSHOT.jar:/root/.m2/repository/org/apache/hadoop/hadoop-ozone-ozone-manager/0.5.0-SNAPSHOT/hadoop-ozone-ozone-manager-0.5.0-SNAPSHOT.jar:/root/.m2/repository/org/apache/hadoop/hadoop-hdds-docs/0.5.0-SNAPSHOT/hadoop-hdds-docs-0.5.0-SNAPSHOT.jar:/root/.m2/repository/org/bouncycastle/bcprov-jdk15on/1.60/bcprov-jdk15on-1.60.jar:/root/.m2/repository/org/apache/hadoop/hadoop-minikdc/3.2.0/hadoop-minikdc-3.2.0.jar:/root/.m2/repository/commons-io/commons-io/2.5/commons-io-2.5.jar:/root/.m2/repository/org/apache/kerby/kerb-simplekdc/1.0.1/kerb-simplekdc-1.0.1.jar:/root/.m2/repository/org/apache/kerby/kerb-client/1.0.1/kerb-client-1.0.1.jar:/root/.m2/repository/org/apache/kerby/kerby-config/1.0.1/kerby-config-1.0.1.jar:/root/.m2/repository/org/apache/kerby/kerb-core/1.0.1/kerb-core-1.0.1.jar:/root/.m2/repository/org/apache/kerby/kerby-pkix/1.0.1/kerby-pkix-1.0.1.jar:/root/.m2/repository/org/apache/kerby/kerby-asn1/1.0.1/kerby-asn1-1.0.1.jar:/root/.m2/repository/org/apache/kerby/kerby-util/1.0.1/kerby-util-1.0.1.jar:/root/.m2/repository/org/apache/kerby/kerb-common/1.0.1/kerb-common-1.0.1.jar:/root/.m2/repository/org/apache/kerby/kerb-crypto/1.0.1/kerb-crypto-1.0.1.jar:/root/.m2/repository/org/apache/kerby/kerb-util/1.0.1/kerb-util-1.0.1.jar:/root/.m2/repository/org/apache/kerby/token-provider/1.0.1/token-provider-1.0.1.jar:/root/.m2/repository/org/apache/kerby/kerb-admin/1.0.1/kerb-admin-1.0.1.jar:/root/.m2/repository/org/apache/kerby/kerb-server/1.0.1/kerb-server-1.0.1.jar:/root/.m2/repository/org/apache/kerby/kerb-identity/1.0.1/kerb-identity-1.0.1.jar:/root/.m2/repository/org/apache/kerby/kerby-xdr/1.0.1/kerby-xdr-1.0.1.jar:/root/.m2/repository/org/slf4j/slf4j-log4j12/1.7.25/slf4j-log4j12-1.7.25.jar:/root/.m2/repository/org/apache/hadoop/hadoop-ozone-objectstore-service/0.5.0-SNAPSHOT/hadoop-ozone-objectstore-service-0.5.0-SNAPSHOT.jar:/root/.m2/repository/org/apache/hadoop/hadoop-ozone-s3gateway/0.5.0-SNAPSHOT/hadoop-ozone-s3gateway-0.5.0-SNAPSHOT.jar:/root/.m2/repository/org/jboss/weld/servlet/weld-servlet/2.4.7.Final/weld-servlet-2.4.7.Final.jar:/root/.m2/repository/org/glassfish/jersey/containers/jersey-container-servlet-core/2.27/jersey-container-servlet-core-2.27.jar:/root/.m2/repository/org/glassfish/hk2/external/javax.inject/2.5.0-b42/javax.inject-2.5.0-b42.jar:/root/.m2/repository/org/glassfish/jersey/core/jersey-common/2.27/jersey-common-2.27.jar:/root/.m2/repository/org/glassfish/hk2/osgi-resource-locator/1.0.1/osgi-resource-locator-1.0.1.jar:/root/.m2/repository/javax/ws/rs/javax.ws.rs-api/2.1/javax.ws.rs-api-2.1.jar:/root/.m2/repository/org/glassfish/jersey/ext/cdi/jersey-cdi1x/2.27/jersey-cdi1x-2.27.jar:/root/.m2/repository/org/glassfish/jersey/inject/jersey-hk2/2.27/jersey-hk2-2.27.jar:/root/.m2/repository/org/glassfish/hk2/hk2-locator/2.5.0-b42/hk2-locator-2.5.0-b42.jar:/root/.m2/repository/org/javassist/javassist/3.22.0-CR2/javassist-3.22.0-CR2.jar:/root/.m2/repository/org/glassfish/hk2/hk2-api/2.5.0/hk2-api-2.5.0.jar:/root/.m2/repository/org/glassfish/hk2/external/jakarta.inject/2.5.0/jakarta.inject-2.5.0.jar:/root/.m2/repository/org/glassfish/hk2/hk2-utils/2.5.0/hk2-utils-2.5.0.jar:/root/.m2/repository/jakarta/annotation/jakarta.annotation-api/1.3.4/jakarta.annotation-api-1.3.4.jar:/root/.m2/repository/org/glassfish/hk2/external/aopalliance-repackaged/2.5.0/aopalliance-repackaged-2.5.0.jar:/root/.m2/repository/com/fasterxml/jackson/dataformat/jackson-dataformat-xml/2.9.0/jackson-dataformat-xml-2.9.0.jar:/root/.m2/repository/com/fasterxml/jackson/core/jackson-core/2.9.5/jackson-core-2.9.5.jar:/root/.m2/repository/com/fasterxml/jackson/module/jackson-module-jaxb-annotations/2.9.5/jackson-module-jaxb-annotations-2.9.5.jar:/root/.m2/repository/javax/enterprise/cdi-api/1.2/cdi-api-1.2.jar:/root/.m2/repository/javax/el/javax.el-api/3.0.0/javax.el-api-3.0.0.jar:/root/.m2/repository/javax/interceptor/javax.interceptor-api/1.2/javax.interceptor-api-1.2.jar:/root/.m2/repository/javax/inject/javax.inject/1/javax.inject-1.jar:/root/.m2/repository/com/sun/xml/bind/jaxb-impl/2.3.0.1/jaxb-impl-2.3.0.1.jar:/root/.m2/repository/com/sun/xml/bind/jaxb-core/2.3.0.1/jaxb-core-2.3.0.1.jar:/root/.m2/repository/javax/xml/bind/jaxb-api/2.3.0/jaxb-api-2.3.0.jar:/root/.m2/repository/javax/activation/activation/1.1.1/activation-1.1.1.jar:/root/.m2/repository/org/apache/hadoop/hadoop-ozone-csi/0.5.0-SNAPSHOT/hadoop-ozone-csi-0.5.0-SNAPSHOT.jar:/root/.m2/repository/com/google/protobuf/protobuf-java-util/3.5.1/protobuf-java-util-3.5.1.jar:/root/.m2/repository/org/apache/hadoop/hadoop-hdds-config/0.5.0-SNAPSHOT/hadoop-hdds-config-0.5.0-SNAPSHOT.jar:/root/.m2/repository/com/google/guava/guava/11.0.2/guava-11.0.2.jar:/root/.m2/repository/com/google/protobuf/protobuf-java/2.5.0/protobuf-java-2.5.0.jar:/root/.m2/repository/io/grpc/grpc-netty/1.17.1/grpc-netty-1.17.1.jar:/root/.m2/repository/io/grpc/grpc-core/1.17.1/grpc-core-1.17.1.jar:/root/.m2/repository/io/grpc/grpc-context/1.17.1/grpc-context-1.17.1.jar:/root/.m2/repository/com/google/errorprone/error_prone_annotations/2.2.0/error_prone_annotations-2.2.0.jar:/root/.m2/repository/org/codehaus/mojo/animal-sniffer-annotations/1.17/animal-sniffer-annotations-1.17.jar:/root/.m2/repository/io/opencensus/opencensus-api/0.17.0/opencensus-api-0.17.0.jar:/root/.m2/repository/io/opencensus/opencensus-contrib-grpc-metrics/0.17.0/opencensus-contrib-grpc-metrics-0.17.0.jar:/root/.m2/repository/io/netty/netty-codec-http2/4.1.30.Final/netty-codec-http2-4.1.30.Final.jar:/root/.m2/repository/io/netty/netty-codec-http/4.1.30.Final/netty-codec-http-4.1.30.Final.jar:/root/.m2/repository/io/netty/netty-codec/4.1.30.Final/netty-codec-4.1.30.Final.jar:/root/.m2/repository/io/netty/netty-handler/4.1.30.Final/netty-handler-4.1.30.Final.jar:/root/.m2/repository/io/netty/netty-handler-proxy/4.1.30.Final/netty-handler-proxy-4.1.30.Final.jar:/root/.m2/repository/io/netty/netty-codec-socks/4.1.30.Final/netty-codec-socks-4.1.30.Final.jar:/root/.m2/repository/io/netty/netty-transport-native-epoll/4.1.30.Final/netty-transport-native-epoll-4.1.30.Final.jar:/root/.m2/repository/io/netty/netty-common/4.1.30.Final/netty-common-4.1.30.Final.jar:/root/.m2/repository/io/netty/netty-buffer/4.1.30.Final/netty-buffer-4.1.30.Final.jar:/root/.m2/repository/io/netty/netty-transport/4.1.30.Final/netty-transport-4.1.30.Final.jar:/root/.m2/repository/io/netty/netty-resolver/4.1.30.Final/netty-resolver-4.1.30.Final.jar:/root/.m2/repository/io/netty/netty-transport-native-unix-common/4.1.30.Final/netty-transport-native-unix-common-4.1.30.Final.jar:/root/.m2/repository/io/grpc/grpc-protobuf/1.17.1/grpc-protobuf-1.17.1.jar:/root/.m2/repository/com/google/api/grpc/proto-google-common-protos/1.0.0/proto-google-common-protos-1.0.0.jar:/root/.m2/repository/io/grpc/grpc-protobuf-lite/1.17.1/grpc-protobuf-lite-1.17.1.jar:/root/.m2/repository/io/grpc/grpc-stub/1.17.1/grpc-stub-1.17.1.jar:/root/.m2/repository/org/apache/hadoop/hadoop-ozone-recon/0.5.0-SNAPSHOT/hadoop-ozone-recon-0.5.0-SNAPSHOT.jar:/root/.m2/repository/org/apache/hadoop/hadoop-ozone-reconcodegen/0.5.0-SNAPSHOT/hadoop-ozone-reconcodegen-0.5.0-SNAPSHOT.jar:/root/.m2/repository/com/google/inject/extensions/guice-multibindings/4.0/guice-multibindings-4.0.jar:/root/.m2/repository/com/google/inject/guice/4.0/guice-4.0.jar:/root/.m2/repository/aopalliance/aopalliance/1.0/aopalliance-1.0.jar:/root/.m2/repository/com/google/inject/extensions/guice-servlet/4.0/guice-servlet-4.0.jar:/root/.m2/repository/org/glassfish/jersey/containers/jersey-container-servlet/2.27/jersey-container-servlet-2.27.jar:/root/.m2/repository/org/glassfish/hk2/guice-bridge/2.5.0/guice-bridge-2.5.0.jar:/root/.m2/repository/org/glassfish/jersey/core/jersey-server/2.27/jersey-server-2.27.jar:/root/.m2/repository/org/glassfish/jersey/core/jersey-client/2.27/jersey-client-2.27.jar:/root/.m2/repository/org/glassfish/jersey/media/jersey-media-jaxb/2.27/jersey-media-jaxb-2.27.jar:/root/.m2/repository/javax/validation/validation-api/1.1.0.Final/validation-api-1.1.0.Final.jar:/root/.m2/repository/org/glassfish/jersey/media/jersey-media-json-jackson/2.27/jersey-media-json-jackson-2.27.jar:/root/.m2/repository/org/glassfish/jersey/ext/jersey-entity-filtering/2.27/jersey-entity-filtering-2.27.jar:/root/.m2/repository/com/google/inject/extensions/guice-assistedinject/4.0/guice-assistedinject-4.0.jar:/root/.m2/repository/org/jooq/jooq/3.11.10/jooq-3.11.10.jar:/root/.m2/repository/org/jooq/jooq-meta/3.11.10/jooq-meta-3.11.10.jar:/root/.m2/repository/org/jooq/jooq-codegen/3.11.10/jooq-codegen-3.11.10.jar:/root/.m2/repository/com/jolbox/bonecp/0.8.0.RELEASE/bonecp-0.8.0.RELEASE.jar:/root/.m2/repository/org/xerial/sqlite-jdbc/3.25.2/sqlite-jdbc-3.25.2.jar:/root/.m2/repository/org/springframework/spring-jdbc/5.1.3.RELEASE/spring-jdbc-5.1.3.RELEASE.jar:/root/.m2/repository/org/springframework/spring-beans/5.1.3.RELEASE/spring-beans-5.1.3.RELEASE.jar:/root/.m2/repository/org/springframework/spring-core/5.1.3.RELEASE/spring-core-5.1.3.RELEASE.jar:/root/.m2/repository/org/springframework/spring-jcl/5.1.3.RELEASE/spring-jcl-5.1.3.RELEASE.jar:/root/.m2/repository/org/springframework/spring-tx/5.1.3.RELEASE/spring-tx-5.1.3.RELEASE.jar:/root/.m2/repository/org/apache/hadoop/hadoop-ozone-client/0.5.0-SNAPSHOT/hadoop-ozone-client-0.5.0-SNAPSHOT.jar:/root/.m2/repository/org/apache/hadoop/hadoop-ozone-ozone-manager/0.5.0-SNAPSHOT/hadoop-ozone-ozone-manager-0.5.0-SNAPSHOT-tests.jar:/root/.m2/repository/junit/junit/4.11/junit-4.11.jar:/root/.m2/repository/org/hamcrest/hamcrest-core/1.3/hamcrest-core-1.3.jar:/root/.m2/repository/org/openjdk/jmh/jmh-core/1.19/jmh-core-1.19.jar:/root/.m2/repository/net/sf/jopt-simple/jopt-simple/4.6/jopt-simple-4.6.jar:/root/.m2/repository/org/apache/commons/commons-math3/3.1.1/commons-math3-3.1.1.jar:/root/.m2/repository/org/openjdk/jmh/jmh-generator-annprocess/1.19/jmh-generator-annprocess-1.19.jar:/root/.m2/repository/org/mockito/mockito-all/1.8.5/mockito-all-1.8.5.jar:/root/.m2/repository/org/apache/hadoop/hadoop-kms/3.2.0/hadoop-kms-3.2.0.jar:/root/.m2/repository/org/apache/hadoop/hadoop-auth/3.2.0/hadoop-auth-3.2.0.jar:/root/.m2/repository/com/nimbusds/nimbus-jose-jwt/4.41.1/nimbus-jose-jwt-4.41.1.jar:/root/.m2/repository/com/github/stephenc/jcip/jcip-annotations/1.0-1/jcip-annotations-1.0-1.jar:/root/.m2/repository/net/minidev/json-smart/2.3/json-smart-2.3.jar:/root/.m2/repository/net/minidev/accessors-smart/1.2/accessors-smart-1.2.jar:/root/.m2/repository/org/ow2/asm/asm/5.0.4/asm-5.0.4.jar:/root/.m2/repository/org/apache/curator/curator-framework/2.12.0/curator-framework-2.12.0.jar:/root/.m2/repository/com/sun/jersey/jersey-core/1.19/jersey-core-1.19.jar:/root/.m2/repository/javax/ws/rs/jsr311-api/1.1.1/jsr311-api-1.1.1.jar:/root/.m2/repository/com/sun/jersey/jersey-server/1.19/jersey-server-1.19.jar:/root/.m2/repository/javax/servlet/javax.servlet-api/3.1.0/javax.servlet-api-3.1.0.jar:/root/.m2/repository/org/eclipse/jetty/jetty-server/9.3.24.v20180605/jetty-server-9.3.24.v20180605.jar:/root/.m2/repository/org/eclipse/jetty/jetty-http/9.3.24.v20180605/jetty-http-9.3.24.v20180605.jar:/root/.m2/repository/org/eclipse/jetty/jetty-io/9.3.24.v20180605/jetty-io-9.3.24.v20180605.jar:/root/.m2/repository/org/eclipse/jetty/jetty-webapp/9.3.24.v20180605/jetty-webapp-9.3.24.v20180605.jar:/root/.m2/repository/org/eclipse/jetty/jetty-xml/9.3.24.v20180605/jetty-xml-9.3.24.v20180605.jar:/root/.m2/repository/log4j/log4j/1.2.17/log4j-1.2.17.jar:/root/.m2/repository/org/slf4j/slf4j-api/1.7.25/slf4j-api-1.7.25.jar:/root/.m2/repository/org/slf4j/jul-to-slf4j/1.7.25/jul-to-slf4j-1.7.25.jar:/root/.m2/repository/org/eclipse/jetty/jetty-util/9.3.24.v20180605/jetty-util-9.3.24.v20180605.jar:/root/.m2/repository/io/dropwizard/metrics/metrics-core/3.2.4/metrics-core-3.2.4.jar:/root/.m2/repository/com/fasterxml/jackson/core/jackson-databind/2.9.5/jackson-databind-2.9.5.jar:/root/.m2/repository/org/apache/hadoop/hadoop-kms/3.2.0/hadoop-kms-3.2.0-tests.jar:/root/.m2/repository/org/apache/hadoop/hadoop-hdds-server-scm/0.5.0-SNAPSHOT/hadoop-hdds-server-scm-0.5.0-SNAPSHOT-tests.jar:/root/.m2/repository/org/hamcrest/hamcrest-all/1.3/hamcrest-all-1.3.jar:/root/.m2/repository/info/picocli/picocli/3.9.6/picocli-3.9.6.jar:/root/.m2/repository/org/apache/hadoop/hadoop-hdds-container-service/0.5.0-SNAPSHOT/hadoop-hdds-container-service-0.5.0-SNAPSHOT-tests.jar:/root/.m2/repository/org/yaml/snakeyaml/1.16/snakeyaml-1.16.jar:/root/.m2/repository/org/apache/hadoop/hadoop-common/3.2.0/hadoop-common-3.2.0-tests.jar:/root/.m2/repository/org/apache/hadoop/hadoop-annotations/3.2.0/hadoop-annotations-3.2.0.jar:/usr/lib/jvm/java-1.8-openjdk/jre/../lib/tools.jar:/root/.m2/repository/commons-cli/commons-cli/1.2/commons-cli-1.2.jar:/root/.m2/repository/org/apache/httpcomponents/httpclient/4.5.2/httpclient-4.5.2.jar:/root/.m2/repository/org/apache/httpcomponents/httpcore/4.4.4/httpcore-4.4.4.jar:/root/.m2/repository/commons-codec/commons-codec/1.11/commons-codec-1.11.jar:/root/.m2/repository/commons-net/commons-net/3.6/commons-net-3.6.jar:/root/.m2/repository/commons-collections/commons-collections/3.2.2/commons-collections-3.2.2.jar:/root/.m2/repository/org/eclipse/jetty/jetty-servlet/9.3.24.v20180605/jetty-servlet-9.3.24.v20180605.jar:/root/.m2/repository/org/eclipse/jetty/jetty-security/9.3.24.v20180605/jetty-security-9.3.24.v20180605.jar:/root/.m2/repository/javax/servlet/jsp/jsp-api/2.1/jsp-api-2.1.jar:/root/.m2/repository/com/sun/jersey/jersey-servlet/1.19/jersey-servlet-1.19.jar:/root/.m2/repository/com/sun/jersey/jersey-json/1.19/jersey-json-1.19.jar:/root/.m2/repository/org/codehaus/jettison/jettison/1.1/jettison-1.1.jar:/root/.m2/repository/org/codehaus/jackson/jackson-core-asl/1.9.13/jackson-core-asl-1.9.13.jar:/root/.m2/repository/org/codehaus/jackson/jackson-mapper-asl/1.9.13/jackson-mapper-asl-1.9.13.jar:/root/.m2/repository/org/codehaus/jackson/jackson-jaxrs/1.9.13/jackson-jaxrs-1.9.13.jar:/root/.m2/repository/org/codehaus/jackson/jackson-xc/1.9.13/jackson-xc-1.9.13.jar:/root/.m2/repository/commons-logging/commons-logging/1.1.3/commons-logging-1.1.3.jar:/root/.m2/repository/commons-beanutils/commons-beanutils/1.9.3/commons-beanutils-1.9.3.jar:/root/.m2/repository/org/apache/commons/commons-configuration2/2.1.1/commons-configuration2-2.1.1.jar:/root/.m2/repository/org/apache/commons/commons-lang3/3.7/commons-lang3-3.7.jar:/root/.m2/repository/org/apache/commons/commons-text/1.4/commons-text-1.4.jar:/root/.m2/repository/org/apache/avro/avro/1.7.7/avro-1.7.7.jar:/root/.m2/repository/com/thoughtworks/paranamer/paranamer/2.3/paranamer-2.3.jar:/root/.m2/repository/org/xerial/snappy/snappy-java/1.0.5/snappy-java-1.0.5.jar:/root/.m2/repository/com/google/re2j/re2j/1.1/re2j-1.1.jar:/root/.m2/repository/com/google/code/gson/gson/2.2.4/gson-2.2.4.jar:/root/.m2/repository/com/jcraft/jsch/0.1.54/jsch-0.1.54.jar:/root/.m2/repository/org/apache/curator/curator-client/2.12.0/curator-client-2.12.0.jar:/root/.m2/repository/org/apache/curator/curator-recipes/2.12.0/curator-recipes-2.12.0.jar:/root/.m2/repository/com/google/code/findbugs/jsr305/3.0.0/jsr305-3.0.0.jar:/root/.m2/repository/org/apache/htrace/htrace-core4/4.1.0-incubating/htrace-core4-4.1.0-incubating.jar:/root/.m2/repository/org/apache/zookeeper/zookeeper/3.4.13/zookeeper-3.4.13.jar:/root/.m2/repository/org/apache/yetus/audience-annotations/0.5.0/audience-annotations-0.5.0.jar:/root/.m2/repository/org/codehaus/woodstox/stax2-api/3.1.4/stax2-api-3.1.4.jar:/root/.m2/repository/com/fasterxml/woodstox/woodstox-core/5.0.3/woodstox-core-5.0.3.jar:/root/.m2/repository/dnsjava/dnsjava/2.1.7/dnsjava-2.1.7.jar:/root/.m2/repository/org/apache/hadoop/hadoop-hdfs/3.2.0/hadoop-hdfs-3.2.0-tests.jar:/root/.m2/repository/org/eclipse/jetty/jetty-util-ajax/9.3.24.v20180605/jetty-util-ajax-9.3.24.v20180605.jar:/root/.m2/repository/commons-daemon/commons-daemon/1.0.13/commons-daemon-1.0.13.jar:/root/.m2/repository/io/netty/netty/3.10.5.Final/netty-3.10.5.Final.jar:/root/.m2/repository/io/netty/netty-all/4.0.52.Final/netty-all-4.0.52.Final.jar:/root/.m2/repository/org/fusesource/leveldbjni/leveldbjni-all/1.8/leveldbjni-all-1.8.jar:"/>
    <property name="sun.cpu.endian" value="little"/>
    <property name="user.home" value="/root"/>
    <property name="user.language" value="en"/>
    <property name="java.specification.vendor" value="Oracle Corporation"/>
    <property name="java.home" value="/usr/lib/jvm/java-1.8-openjdk/jre"/>
    <property name="java.security.krb5.conf" value="/opt/src/hadoop-ozone/integration-test/target/test-classes/krb5.conf"/>
    <property name="basedir" value="/opt/src/hadoop-ozone/integration-test"/>
    <property name="file.separator" value="/"/>
    <property name="line.separator" value="&#10;"/>
    <property name="java.vm.specification.vendor" value="Oracle Corporation"/>
    <property name="java.specification.name" value="Java Platform API Specification"/>
    <property name="java.awt.graphicsenv" value="sun.awt.X11GraphicsEnvironment"/>
    <property name="surefire.real.class.path" value="/opt/src/hadoop-ozone/integration-test/target/surefire/surefirebooter1221765388720861251.jar"/>
    <property name="hadoop.log.dir" value="/opt/src/hadoop-ozone/integration-test/target/log"/>
    <property name="sun.boot.class.path" value="/usr/lib/jvm/java-1.8-openjdk/jre/lib/resources.jar:/usr/lib/jvm/java-1.8-openjdk/jre/lib/rt.jar:/usr/lib/jvm/java-1.8-openjdk/jre/lib/sunrsasign.jar:/usr/lib/jvm/java-1.8-openjdk/jre/lib/jsse.jar:/usr/lib/jvm/java-1.8-openjdk/jre/lib/jce.jar:/usr/lib/jvm/java-1.8-openjdk/jre/lib/charsets.jar:/usr/lib/jvm/java-1.8-openjdk/jre/lib/jfr.jar:/usr/lib/jvm/java-1.8-openjdk/jre/classes"/>
    <property name="sun.management.compiler" value="HotSpot 64-Bit Tiered Compilers"/>
    <property name="java.runtime.version" value="1.8.0_212-b04"/>
    <property name="java.net.preferIPv4Stack" value="true"/>
    <property name="user.name" value="root"/>
    <property name="path.separator" value=":"/>
    <property name="java.security.egd" value="file:///dev/urandom"/>
    <property name="os.version" value="4.15.0-1021-aws"/>
    <property name="java.endorsed.dirs" value="/usr/lib/jvm/java-1.8-openjdk/jre/lib/endorsed"/>
    <property name="java.runtime.name" value="OpenJDK Runtime Environment"/>
    <property name="file.encoding" value="UTF-8"/>
    <property name="java.vm.name" value="OpenJDK 64-Bit Server VM"/>
    <property name="test.build.webapps" value=""/>
    <property name="localRepository" value="/root/.m2/repository"/>
    <property name="java.vendor.url.bug" value="https://icedtea.classpath.org/bugzilla"/>
    <property name="java.io.tmpdir" value="/tmp"/>
    <property name="require.test.libhadoop" value=""/>
    <property name="java.version" value="1.8.0_212"/>
    <property name="user.dir" value="/opt/src/hadoop-ozone/integration-test"/>
    <property name="os.arch" value="amd64"/>
    <property name="java.vm.specification.name" value="Java Virtual Machine Specification"/>
    <property name="test.build.classes" value="/opt/src/hadoop-ozone/integration-test/target/test-classes"/>
    <property name="java.awt.printerjob" value="sun.print.PSPrinterJob"/>
    <property name="sun.os.patch.level" value="unknown"/>
    <property name="hadoop.tmp.dir" value="/opt/src/hadoop-ozone/integration-test/target/tmp"/>
    <property name="java.library.path" value="/usr/lib/jvm/java-1.8-openjdk/jre/lib/amd64/server:/usr/lib/jvm/java-1.8-openjdk/jre/lib/amd64:/usr/lib/jvm/java-1.8-openjdk/jre/../lib/amd64:/opt/src/hadoop-ozone/integration-test/target/native/target/usr/local/lib:/opt/src/hadoop-ozone/integration-test/../../hadoop-common-project/hadoop-common/target/native/target/usr/local/lib:/usr/java/packages/lib/amd64:/usr/lib64:/lib64:/lib:/usr/lib"/>
    <property name="java.vm.info" value="mixed mode"/>
    <property name="java.vendor" value="IcedTea"/>
    <property name="java.vm.version" value="25.212-b04"/>
    <property name="java.ext.dirs" value="/usr/lib/jvm/java-1.8-openjdk/jre/lib/ext:/usr/java/packages/lib/ext"/>
    <property name="sun.io.unicode.encoding" value="UnicodeLittle"/>
    <property name="java.class.version" value="52.0"/>
  </properties>
  <testcase name="testPipelineFail" classname="org.apache.hadoop.hdds.scm.pipeline.TestNodeFailure" time="0">
    <skipped/>
    <system-out><![CDATA[2019-06-14 09:58:08,255 WARN  server.ServerUtils (ServerUtils.java:getScmDbDir(145)) - ozone.scm.db.dirs is not configured. We recommend adding this setting. Falling back to ozone.metadata.dirs instead.
2019-06-14 09:58:08,346 WARN  server.ServerUtils (ServerUtils.java:getScmDbDir(145)) - ozone.scm.db.dirs is not configured. We recommend adding this setting. Falling back to ozone.metadata.dirs instead.
2019-06-14 09:58:08,349 WARN  server.ServerUtils (ServerUtils.java:getScmDbDir(145)) - ozone.scm.db.dirs is not configured. We recommend adding this setting. Falling back to ozone.metadata.dirs instead.
2019-06-14 09:58:08,368 INFO  util.log (Log.java:initialized(192)) - Logging initialized @727ms
2019-06-14 09:58:08,474 INFO  db.DBStoreBuilder (DBStoreBuilder.java:addTable(110)) - using custom profile for table: deletedBlocks
2019-06-14 09:58:08,474 INFO  db.DBStoreBuilder (DBStoreBuilder.java:processTables(161)) - Using default column profile:DBProfile.DISK for Table:deletedBlocks
2019-06-14 09:58:08,475 INFO  db.DBStoreBuilder (DBStoreBuilder.java:addTable(110)) - using custom profile for table: validCerts
2019-06-14 09:58:08,475 INFO  db.DBStoreBuilder (DBStoreBuilder.java:processTables(161)) - Using default column profile:DBProfile.DISK for Table:validCerts
2019-06-14 09:58:08,475 INFO  db.DBStoreBuilder (DBStoreBuilder.java:addTable(110)) - using custom profile for table: revokedCerts
2019-06-14 09:58:08,476 INFO  db.DBStoreBuilder (DBStoreBuilder.java:processTables(161)) - Using default column profile:DBProfile.DISK for Table:revokedCerts
2019-06-14 09:58:08,488 INFO  db.DBStoreBuilder (DBStoreBuilder.java:addTable(110)) - using custom profile for table: default
2019-06-14 09:58:08,489 INFO  db.DBStoreBuilder (DBStoreBuilder.java:processTables(167)) - Using default column profile:DBProfile.DISK for Table:default
2019-06-14 09:58:08,490 INFO  db.DBStoreBuilder (DBStoreBuilder.java:getDbProfile(198)) - Using default options. DBProfile.DISK
2019-06-14 09:58:08,558 INFO  node.SCMNodeManager (SCMNodeManager.java:<init>(108)) - Entering startup safe mode.
2019-06-14 09:58:08,605 INFO  net.NodeSchemaLoader (NodeSchemaLoader.java:loadSchemaFromFile(125)) - Loading file from sun.misc.CompoundEnumeration@443118b0
2019-06-14 09:58:08,606 INFO  net.NodeSchemaLoader (NodeSchemaLoader.java:loadSchema(171)) - Loading network topology layer schema file
2019-06-14 09:58:08,651 WARN  server.ServerUtils (ServerUtils.java:getScmDbDir(145)) - ozone.scm.db.dirs is not configured. We recommend adding this setting. Falling back to ozone.metadata.dirs instead.
2019-06-14 09:58:08,670 INFO  pipeline.SCMPipelineManager (SCMPipelineManager.java:initializePipelineState(126)) - No pipeline exists in current db
2019-06-14 09:58:08,671 WARN  server.ServerUtils (ServerUtils.java:getScmDbDir(145)) - ozone.scm.db.dirs is not configured. We recommend adding this setting. Falling back to ozone.metadata.dirs instead.
2019-06-14 09:58:08,721 WARN  events.EventQueue (EventQueue.java:fireEvent(175)) - No event handler registered for event TypedEvent{payloadType=SafeModeStatus, name='SafeModeStatus'}
2019-06-14 09:58:09,013 INFO  ipc.CallQueueManager (CallQueueManager.java:<init>(84)) - Using callQueue: class java.util.concurrent.LinkedBlockingQueue, queueCapacity: 2000, scheduler: class org.apache.hadoop.ipc.DefaultRpcScheduler, ipcBackoff: false.
2019-06-14 09:58:09,034 INFO  ipc.Server (Server.java:run(1074)) - Starting Socket Reader #1 for port 40215
2019-06-14 09:58:09,052 INFO  ipc.CallQueueManager (CallQueueManager.java:<init>(84)) - Using callQueue: class java.util.concurrent.LinkedBlockingQueue, queueCapacity: 2000, scheduler: class org.apache.hadoop.ipc.DefaultRpcScheduler, ipcBackoff: false.
2019-06-14 09:58:09,052 INFO  ipc.Server (Server.java:run(1074)) - Starting Socket Reader #1 for port 40729
2019-06-14 09:58:09,058 INFO  ipc.CallQueueManager (CallQueueManager.java:<init>(84)) - Using callQueue: class java.util.concurrent.LinkedBlockingQueue, queueCapacity: 2000, scheduler: class org.apache.hadoop.ipc.DefaultRpcScheduler, ipcBackoff: false.
2019-06-14 09:58:09,082 INFO  ipc.Server (Server.java:run(1074)) - Starting Socket Reader #1 for port 36883
2019-06-14 09:58:09,126 INFO  hdfs.DFSUtil (DFSUtil.java:httpServerTemplateForNNAndJN(1641)) - Starting Web-server for scm at: http://0.0.0.0:0
2019-06-14 09:58:09,251 INFO  server.AuthenticationFilter (AuthenticationFilter.java:constructSecretProvider(240)) - Unable to initialize FileSignerSecretProvider, falling back to use random secrets.
2019-06-14 09:58:09,256 WARN  http.HttpRequestLog (HttpRequestLog.java:getRequestLog(97)) - Jetty request log can only be enabled using Log4j
2019-06-14 09:58:09,263 INFO  http.HttpServer2 (HttpServer2.java:addGlobalFilter(975)) - Added global filter 'safety' (class=org.apache.hadoop.http.HttpServer2$QuotingInputFilter)
2019-06-14 09:58:09,265 INFO  http.HttpServer2 (HttpServer2.java:addFilter(948)) - Added filter static_user_filter (class=org.apache.hadoop.http.lib.StaticUserWebFilter$StaticUserFilter) to context scm
2019-06-14 09:58:09,266 INFO  http.HttpServer2 (HttpServer2.java:addFilter(958)) - Added filter static_user_filter (class=org.apache.hadoop.http.lib.StaticUserWebFilter$StaticUserFilter) to context logs
2019-06-14 09:58:09,266 INFO  http.HttpServer2 (HttpServer2.java:addFilter(958)) - Added filter static_user_filter (class=org.apache.hadoop.http.lib.StaticUserWebFilter$StaticUserFilter) to context static
2019-06-14 09:58:09,289 INFO  server.StorageContainerManager (StorageContainerManager.java:start(752)) - StorageContainerLocationProtocol RPC server is listening at /0.0.0.0:36883
2019-06-14 09:58:09,335 WARN  impl.MetricsConfig (MetricsConfig.java:loadFirst(134)) - Cannot locate configuration: tried hadoop-metrics2-storagecontainermanager.properties,hadoop-metrics2.properties
2019-06-14 09:58:09,344 INFO  impl.MetricsSystemImpl (MetricsSystemImpl.java:startTimer(374)) - Scheduled Metric snapshot period at 10 second(s).
2019-06-14 09:58:09,344 INFO  impl.MetricsSystemImpl (MetricsSystemImpl.java:start(191)) - StorageContainerManager metrics system started
2019-06-14 09:58:09,501 INFO  server.SCMClientProtocolServer (SCMClientProtocolServer.java:start(149)) - RPC server for Client  is listening at /0.0.0.0:36883
2019-06-14 09:58:09,501 INFO  ipc.Server (Server.java:run(1314)) - IPC Server Responder: starting
2019-06-14 09:58:09,501 INFO  ipc.Server (Server.java:run(1153)) - IPC Server listener on 36883: starting
2019-06-14 09:58:09,504 INFO  server.StorageContainerManager (StorageContainerManager.java:start(761)) - ScmBlockLocationProtocol RPC server is listening at /0.0.0.0:40729
2019-06-14 09:58:09,504 INFO  server.SCMBlockProtocolServer (SCMBlockProtocolServer.java:start(137)) - RPC server for Block Protocol is listening at /0.0.0.0:40729
2019-06-14 09:58:09,505 INFO  ipc.Server (Server.java:run(1314)) - IPC Server Responder: starting
2019-06-14 09:58:09,505 INFO  ipc.Server (Server.java:run(1153)) - IPC Server listener on 40729: starting
2019-06-14 09:58:09,507 INFO  server.StorageContainerManager (StorageContainerManager.java:start(765)) - ScmDatanodeProtocl RPC server is listening at /0.0.0.0:40215
2019-06-14 09:58:09,507 INFO  server.SCMDatanodeProtocolServer (SCMDatanodeProtocolServer.java:start(191)) - RPC server for DataNodes is listening at /0.0.0.0:40215
2019-06-14 09:58:09,507 INFO  ipc.Server (Server.java:run(1314)) - IPC Server Responder: starting
2019-06-14 09:58:09,507 INFO  ipc.Server (Server.java:run(1153)) - IPC Server listener on 40215: starting
2019-06-14 09:58:09,511 INFO  http.HttpServer2 (HttpServer2.java:bindListener(1191)) - Jetty bound to port 35495
2019-06-14 09:58:09,512 INFO  server.Server (Server.java:doStart(351)) - jetty-9.3.24.v20180605, build timestamp: 2018-06-05T17:11:56Z, git hash: 84205aa28f11a4f31f2a3b86d1bba2cc8ab69827
2019-06-14 09:58:09,540 INFO  handler.ContextHandler (ContextHandler.java:doStart(781)) - Started o.e.j.s.ServletContextHandler@2df6226d{/logs,file:///opt/src/hadoop-ozone/integration-test/target/log,AVAILABLE}
2019-06-14 09:58:09,540 INFO  handler.ContextHandler (ContextHandler.java:doStart(781)) - Started o.e.j.s.ServletContextHandler@4ff4357f{/static,file:///opt/src/hadoop-ozone/integration-test/target/test-classes/webapps/static,AVAILABLE}
2019-06-14 09:58:09,566 INFO  handler.ContextHandler (ContextHandler.java:doStart(781)) - Started o.e.j.w.WebAppContext@2484f433{/,file:///opt/src/hadoop-ozone/integration-test/target/test-classes/webapps/scm/,AVAILABLE}{/scm}
2019-06-14 09:58:09,570 INFO  server.AbstractConnector (AbstractConnector.java:doStart(278)) - Started ServerConnector@841e575{HTTP/1.1,[http/1.1]}{0.0.0.0:35495}
2019-06-14 09:58:09,570 INFO  server.Server (Server.java:doStart(419)) - Started @1928ms
2019-06-14 09:58:09,572 INFO  server.BaseHttpServer (BaseHttpServer.java:updateConnectorAddress(207)) - HTTP server of SCM is listening at http://0.0.0.0:35495
2019-06-14 09:58:09,579 WARN  scm.ScmUtils (ScmUtils.java:getDBPath(63)) - ozone.om.db.dirs is not configured. We recommend adding this setting. Falling back to ozone.metadata.dirs instead.
2019-06-14 09:58:09,591 INFO  util.JvmPauseMonitor (JvmPauseMonitor.java:run(188)) - Starting JVM pause monitor
2019-06-14 09:58:09,664 WARN  scm.ScmUtils (ScmUtils.java:getDBPath(63)) - ozone.om.db.dirs is not configured. We recommend adding this setting. Falling back to ozone.metadata.dirs instead.
2019-06-14 09:58:09,665 INFO  om.OzoneManager (OzoneManager.java:setOMNodeDetails(519)) - OM Service ID is not set. Setting it to the default ID: omServiceIdDefault
2019-06-14 09:58:09,665 INFO  om.OzoneManager (OzoneManager.java:setOMNodeDetails(525)) - OM Node ID is not set. Setting it to the OmStorage's OmID: 571ec6cd-1239-49db-8697-debd7d83775a
2019-06-14 09:58:09,666 WARN  scm.HddsServerUtil (HddsServerUtil.java:getDefaultRatisDirectory(354)) - Storage directory for Ratis is not configured. It is a good idea to map this to an SSD disk. Falling back to ozone.metadata.dirs
2019-06-14 09:58:09,667 WARN  scm.HddsServerUtil (HddsServerUtil.java:getDefaultRatisDirectory(354)) - Storage directory for Ratis is not configured. It is a good idea to map this to an SSD disk. Falling back to ozone.metadata.dirs
2019-06-14 09:58:09,667 INFO  om.OzoneManager (OzoneManager.java:loadOMHAConfigs(476)) - Found matching OM address with OMServiceId: null, OMNodeId: null, RPC Address: localhost:0 and Ratis port: 9872
2019-06-14 09:58:09,822 WARN  scm.ScmUtils (ScmUtils.java:getDBPath(63)) - ozone.om.db.dirs is not configured. We recommend adding this setting. Falling back to ozone.metadata.dirs instead.
2019-06-14 09:58:09,828 INFO  db.DBStoreBuilder (DBStoreBuilder.java:addTable(110)) - using custom profile for table: userTable
2019-06-14 09:58:09,829 INFO  db.DBStoreBuilder (DBStoreBuilder.java:processTables(161)) - Using default column profile:DBProfile.DISK for Table:userTable
2019-06-14 09:58:09,829 INFO  db.DBStoreBuilder (DBStoreBuilder.java:addTable(110)) - using custom profile for table: volumeTable
2019-06-14 09:58:09,829 INFO  db.DBStoreBuilder (DBStoreBuilder.java:processTables(161)) - Using default column profile:DBProfile.DISK for Table:volumeTable
2019-06-14 09:58:09,830 INFO  db.DBStoreBuilder (DBStoreBuilder.java:addTable(110)) - using custom profile for table: bucketTable
2019-06-14 09:58:09,830 INFO  db.DBStoreBuilder (DBStoreBuilder.java:processTables(161)) - Using default column profile:DBProfile.DISK for Table:bucketTable
2019-06-14 09:58:09,830 INFO  db.DBStoreBuilder (DBStoreBuilder.java:addTable(110)) - using custom profile for table: keyTable
2019-06-14 09:58:09,830 INFO  db.DBStoreBuilder (DBStoreBuilder.java:processTables(161)) - Using default column profile:DBProfile.DISK for Table:keyTable
2019-06-14 09:58:09,831 INFO  db.DBStoreBuilder (DBStoreBuilder.java:addTable(110)) - using custom profile for table: deletedTable
2019-06-14 09:58:09,831 INFO  db.DBStoreBuilder (DBStoreBuilder.java:processTables(161)) - Using default column profile:DBProfile.DISK for Table:deletedTable
2019-06-14 09:58:09,831 INFO  db.DBStoreBuilder (DBStoreBuilder.java:addTable(110)) - using custom profile for table: openKeyTable
2019-06-14 09:58:09,831 INFO  db.DBStoreBuilder (DBStoreBuilder.java:processTables(161)) - Using default column profile:DBProfile.DISK for Table:openKeyTable
2019-06-14 09:58:09,832 INFO  db.DBStoreBuilder (DBStoreBuilder.java:addTable(110)) - using custom profile for table: s3Table
2019-06-14 09:58:09,832 INFO  db.DBStoreBuilder (DBStoreBuilder.java:processTables(161)) - Using default column profile:DBProfile.DISK for Table:s3Table
2019-06-14 09:58:09,832 INFO  db.DBStoreBuilder (DBStoreBuilder.java:addTable(110)) - using custom profile for table: multipartInfoTable
2019-06-14 09:58:09,832 INFO  db.DBStoreBuilder (DBStoreBuilder.java:processTables(161)) - Using default column profile:DBProfile.DISK for Table:multipartInfoTable
2019-06-14 09:58:09,833 INFO  db.DBStoreBuilder (DBStoreBuilder.java:addTable(110)) - using custom profile for table: dTokenTable
2019-06-14 09:58:09,833 INFO  db.DBStoreBuilder (DBStoreBuilder.java:processTables(161)) - Using default column profile:DBProfile.DISK for Table:dTokenTable
2019-06-14 09:58:09,833 INFO  db.DBStoreBuilder (DBStoreBuilder.java:addTable(110)) - using custom profile for table: s3SecretTable
2019-06-14 09:58:09,834 INFO  db.DBStoreBuilder (DBStoreBuilder.java:processTables(161)) - Using default column profile:DBProfile.DISK for Table:s3SecretTable
2019-06-14 09:58:09,834 INFO  db.DBStoreBuilder (DBStoreBuilder.java:addTable(110)) - using custom profile for table: prefixTable
2019-06-14 09:58:09,834 INFO  db.DBStoreBuilder (DBStoreBuilder.java:processTables(161)) - Using default column profile:DBProfile.DISK for Table:prefixTable
2019-06-14 09:58:09,834 INFO  db.DBStoreBuilder (DBStoreBuilder.java:addTable(110)) - using custom profile for table: default
2019-06-14 09:58:09,834 INFO  db.DBStoreBuilder (DBStoreBuilder.java:processTables(167)) - Using default column profile:DBProfile.DISK for Table:default
2019-06-14 09:58:09,835 INFO  db.DBStoreBuilder (DBStoreBuilder.java:getDbProfile(198)) - Using default options. DBProfile.DISK
2019-06-14 09:58:10,269 INFO  ipc.CallQueueManager (CallQueueManager.java:<init>(84)) - Using callQueue: class java.util.concurrent.LinkedBlockingQueue, queueCapacity: 2000, scheduler: class org.apache.hadoop.ipc.DefaultRpcScheduler, ipcBackoff: false.
2019-06-14 09:58:10,270 INFO  ipc.Server (Server.java:run(1074)) - Starting Socket Reader #1 for port 35071
2019-06-14 09:58:10,289 WARN  scm.ScmUtils (ScmUtils.java:getDBPath(63)) - ozone.om.db.dirs is not configured. We recommend adding this setting. Falling back to ozone.metadata.dirs instead.
2019-06-14 09:58:10,290 INFO  om.OzoneManager (OzoneManager.java:start(1217)) - OzoneManager RPC server is listening at localhost/127.0.0.1:35071
2019-06-14 09:58:10,290 INFO  impl.MetricsSystemImpl (MetricsSystemImpl.java:init(158)) - OzoneManager metrics system started (again)
2019-06-14 09:58:10,290 INFO  ipc.Server (Server.java:run(1314)) - IPC Server Responder: starting
2019-06-14 09:58:10,291 INFO  ipc.Server (Server.java:run(1153)) - IPC Server listener on 35071: starting
2019-06-14 09:58:10,308 INFO  hdfs.DFSUtil (DFSUtil.java:httpServerTemplateForNNAndJN(1641)) - Starting Web-server for ozoneManager at: http://0.0.0.0:0
2019-06-14 09:58:10,309 INFO  server.AuthenticationFilter (AuthenticationFilter.java:constructSecretProvider(240)) - Unable to initialize FileSignerSecretProvider, falling back to use random secrets.
2019-06-14 09:58:10,310 WARN  http.HttpRequestLog (HttpRequestLog.java:getRequestLog(97)) - Jetty request log can only be enabled using Log4j
2019-06-14 09:58:10,311 INFO  http.HttpServer2 (HttpServer2.java:addGlobalFilter(975)) - Added global filter 'safety' (class=org.apache.hadoop.http.HttpServer2$QuotingInputFilter)
2019-06-14 09:58:10,312 INFO  http.HttpServer2 (HttpServer2.java:addFilter(948)) - Added filter static_user_filter (class=org.apache.hadoop.http.lib.StaticUserWebFilter$StaticUserFilter) to context ozoneManager
2019-06-14 09:58:10,312 INFO  http.HttpServer2 (HttpServer2.java:addFilter(958)) - Added filter static_user_filter (class=org.apache.hadoop.http.lib.StaticUserWebFilter$StaticUserFilter) to context logs
2019-06-14 09:58:10,312 INFO  http.HttpServer2 (HttpServer2.java:addFilter(958)) - Added filter static_user_filter (class=org.apache.hadoop.http.lib.StaticUserWebFilter$StaticUserFilter) to context static
2019-06-14 09:58:10,314 INFO  http.HttpServer2 (HttpServer2.java:bindListener(1191)) - Jetty bound to port 33321
2019-06-14 09:58:10,314 INFO  server.Server (Server.java:doStart(351)) - jetty-9.3.24.v20180605, build timestamp: 2018-06-05T17:11:56Z, git hash: 84205aa28f11a4f31f2a3b86d1bba2cc8ab69827
2019-06-14 09:58:10,323 INFO  handler.ContextHandler (ContextHandler.java:doStart(781)) - Started o.e.j.s.ServletContextHandler@7c2a69b4{/logs,file:///opt/src/hadoop-ozone/integration-test/target/log,AVAILABLE}
2019-06-14 09:58:10,324 INFO  handler.ContextHandler (ContextHandler.java:doStart(781)) - Started o.e.j.s.ServletContextHandler@648ee871{/static,file:///opt/src/hadoop-ozone/integration-test/target/test-classes/webapps/static,AVAILABLE}
2019-06-14 09:58:10,328 INFO  handler.ContextHandler (ContextHandler.java:doStart(781)) - Started o.e.j.w.WebAppContext@6f012914{/,file:///opt/src/hadoop-ozone/integration-test/target/test-classes/webapps/ozoneManager/,AVAILABLE}{/ozoneManager}
2019-06-14 09:58:10,328 INFO  server.AbstractConnector (AbstractConnector.java:doStart(278)) - Started ServerConnector@18fdb6cf{HTTP/1.1,[http/1.1]}{0.0.0.0:33321}
2019-06-14 09:58:10,328 INFO  server.Server (Server.java:doStart(419)) - Started @2687ms
2019-06-14 09:58:10,329 INFO  server.BaseHttpServer (BaseHttpServer.java:updateConnectorAddress(207)) - HTTP server of OZONEMANAGER is listening at http://0.0.0.0:33321
2019-06-14 09:58:10,441 INFO  impl.MetricsSystemImpl (MetricsSystemImpl.java:init(158)) - HddsDatanode metrics system started (again)
2019-06-14 09:58:10,591 INFO  ozone.HddsDatanodeService (HddsDatanodeService.java:start(185)) - HddsDatanodeService host:ozone-mm759-2607770056 ip:192.168.105.157
2019-06-14 09:58:10,614 INFO  volume.HddsVolume (HddsVolume.java:<init>(176)) - Creating Volume: /opt/src/hadoop-ozone/integration-test/target/test-dir/MiniOzoneClusterImpl-98c1beae-8051-46cc-b74d-379f02bafea9/datanode-0/data/containers/hdds of  storage type : DISK and capacity : 104021790720
2019-06-14 09:58:10,615 INFO  volume.VolumeSet (VolumeSet.java:initializeVolumeSet(170)) - Added Volume : /opt/src/hadoop-ozone/integration-test/target/test-dir/MiniOzoneClusterImpl-98c1beae-8051-46cc-b74d-379f02bafea9/datanode-0/data/containers/hdds to VolumeSet
2019-06-14 09:58:10,617 INFO  volume.ThrottledAsyncChecker (ThrottledAsyncChecker.java:schedule(140)) - Scheduling a check for org.apache.hadoop.ozone.container.common.volume.HddsVolume@4a6c18ad
2019-06-14 09:58:10,631 INFO  volume.HddsVolumeChecker (HddsVolumeChecker.java:checkAllVolumes(203)) - Scheduled health check for volume org.apache.hadoop.ozone.container.common.volume.HddsVolume@4a6c18ad
2019-06-14 09:58:10,667 INFO  ratis.XceiverServerRatis (XceiverServerRatis.java:newXceiverServerRatis(401)) - Found a free port for the server : 39841
2019-06-14 09:58:10,724 INFO  impl.RaftServerProxy (ConfUtils.java:logGet(43)) - raft.rpc.type = GRPC (default)
2019-06-14 09:58:10,732 INFO  grpc.GrpcConfigKeys$Server (ConfUtils.java:logGet(43)) - raft.grpc.server.port = 39841 (custom)
2019-06-14 09:58:10,733 INFO  server.GrpcService (ConfUtils.java:logGet(43)) - raft.grpc.message.size.max = 33570816 (custom)
2019-06-14 09:58:10,734 INFO  server.RaftServerConfigKeys (ConfUtils.java:logGet(43)) - raft.server.log.appender.buffer.byte-limit = 33554432 (custom)
2019-06-14 09:58:10,735 INFO  server.GrpcService (ConfUtils.java:logGet(43)) - raft.grpc.flow.control.window = 1MB (=1048576) (default)
2019-06-14 09:58:10,736 INFO  server.RaftServerConfigKeys (ConfUtils.java:logGet(43)) - raft.server.rpc.request.timeout = 3000ms (default)
2019-06-14 09:58:10,845 INFO  server.RaftServerConfigKeys (ConfUtils.java:logGet(43)) - raft.server.storage.dir = [/opt/src/hadoop-ozone/integration-test/target/test-dir/MiniOzoneClusterImpl-98c1beae-8051-46cc-b74d-379f02bafea9/datanode-0/data/ratis] (custom)
2019-06-14 09:58:10,851 INFO  server.XceiverServerGrpc (XceiverServerGrpc.java:<init>(97)) - Found a free port for the server : 42109
2019-06-14 09:58:10,872 INFO  replication.SimpleContainerDownloader (SimpleContainerDownloader.java:<init>(72)) - Starting container downloader service to copy containers to replicate.
2019-06-14 09:58:10,885 INFO  hdfs.DFSUtil (DFSUtil.java:httpServerTemplateForNNAndJN(1641)) - Starting Web-server for hddsDatanode at: http://0.0.0.0:0
2019-06-14 09:58:10,886 INFO  server.AuthenticationFilter (AuthenticationFilter.java:constructSecretProvider(240)) - Unable to initialize FileSignerSecretProvider, falling back to use random secrets.
2019-06-14 09:58:10,889 WARN  http.HttpRequestLog (HttpRequestLog.java:getRequestLog(97)) - Jetty request log can only be enabled using Log4j
2019-06-14 09:58:10,891 INFO  http.HttpServer2 (HttpServer2.java:addGlobalFilter(975)) - Added global filter 'safety' (class=org.apache.hadoop.http.HttpServer2$QuotingInputFilter)
2019-06-14 09:58:10,892 INFO  http.HttpServer2 (HttpServer2.java:addFilter(948)) - Added filter static_user_filter (class=org.apache.hadoop.http.lib.StaticUserWebFilter$StaticUserFilter) to context hddsDatanode
2019-06-14 09:58:10,892 INFO  http.HttpServer2 (HttpServer2.java:addFilter(958)) - Added filter static_user_filter (class=org.apache.hadoop.http.lib.StaticUserWebFilter$StaticUserFilter) to context logs
2019-06-14 09:58:10,892 INFO  http.HttpServer2 (HttpServer2.java:addFilter(958)) - Added filter static_user_filter (class=org.apache.hadoop.http.lib.StaticUserWebFilter$StaticUserFilter) to context static
2019-06-14 09:58:10,893 INFO  http.HttpServer2 (HttpServer2.java:bindListener(1191)) - Jetty bound to port 36697
2019-06-14 09:58:10,893 INFO  server.Server (Server.java:doStart(351)) - jetty-9.3.24.v20180605, build timestamp: 2018-06-05T17:11:56Z, git hash: 84205aa28f11a4f31f2a3b86d1bba2cc8ab69827
2019-06-14 09:58:10,910 INFO  handler.ContextHandler (ContextHandler.java:doStart(781)) - Started o.e.j.s.ServletContextHandler@2e51d054{/logs,file:///opt/src/hadoop-ozone/integration-test/target/log,AVAILABLE}
2019-06-14 09:58:10,913 INFO  handler.ContextHandler (ContextHandler.java:doStart(781)) - Started o.e.j.s.ServletContextHandler@615e3f51{/static,jar:file:/root/.m2/repository/org/apache/hadoop/hadoop-hdds-container-service/0.5.0-SNAPSHOT/hadoop-hdds-container-service-0.5.0-SNAPSHOT.jar!/webapps/static,AVAILABLE}
2019-06-14 09:58:10,947 INFO  handler.ContextHandler (ContextHandler.java:doStart(781)) - Started o.e.j.w.WebAppContext@5e1fc2aa{/,file:///tmp/jetty-0.0.0.0-36697-hddsDatanode-_-any-1744012979946622606.dir/webapp/,AVAILABLE}{/hddsDatanode}
2019-06-14 09:58:10,948 INFO  server.AbstractConnector (AbstractConnector.java:doStart(278)) - Started ServerConnector@688d411b{HTTP/1.1,[http/1.1]}{0.0.0.0:36697}
2019-06-14 09:58:10,948 INFO  server.Server (Server.java:doStart(419)) - Started @3307ms
2019-06-14 09:58:10,949 INFO  server.BaseHttpServer (BaseHttpServer.java:updateConnectorAddress(207)) - HTTP server of HDDSDATANODE is listening at http://0.0.0.0:36697
2019-06-14 09:58:11,754 INFO  ozone.HddsDatanodeService (HddsDatanodeService.java:startPlugins(396)) - Started plug-in org.apache.hadoop.ozone.web.OzoneHddsDatanodeService@30bf26df
2019-06-14 09:58:11,754 INFO  impl.MetricsSystemImpl (MetricsSystemImpl.java:init(158)) - HddsDatanode metrics system started (again)
2019-06-14 09:58:11,755 INFO  ozone.HddsDatanodeService (HddsDatanodeService.java:start(185)) - HddsDatanodeService host:ozone-mm759-2607770056 ip:192.168.105.157
2019-06-14 09:58:11,765 INFO  util.JvmPauseMonitor (JvmPauseMonitor.java:run(188)) - Starting JVM pause monitor
2019-06-14 09:58:11,777 INFO  volume.HddsVolume (HddsVolume.java:<init>(176)) - Creating Volume: /opt/src/hadoop-ozone/integration-test/target/test-dir/MiniOzoneClusterImpl-98c1beae-8051-46cc-b74d-379f02bafea9/datanode-1/data/containers/hdds of  storage type : DISK and capacity : 104021790720
2019-06-14 09:58:11,778 INFO  volume.VolumeSet (VolumeSet.java:initializeVolumeSet(170)) - Added Volume : /opt/src/hadoop-ozone/integration-test/target/test-dir/MiniOzoneClusterImpl-98c1beae-8051-46cc-b74d-379f02bafea9/datanode-1/data/containers/hdds to VolumeSet
2019-06-14 09:58:11,778 INFO  volume.ThrottledAsyncChecker (ThrottledAsyncChecker.java:schedule(140)) - Scheduling a check for org.apache.hadoop.ozone.container.common.volume.HddsVolume@f171912
2019-06-14 09:58:11,781 INFO  volume.HddsVolumeChecker (HddsVolumeChecker.java:checkAllVolumes(203)) - Scheduled health check for volume org.apache.hadoop.ozone.container.common.volume.HddsVolume@f171912
2019-06-14 09:58:11,802 INFO  ratis.XceiverServerRatis (XceiverServerRatis.java:newXceiverServerRatis(401)) - Found a free port for the server : 46723
2019-06-14 09:58:11,803 INFO  impl.RaftServerProxy (ConfUtils.java:logGet(43)) - raft.rpc.type = GRPC (default)
2019-06-14 09:58:11,803 INFO  grpc.GrpcConfigKeys$Server (ConfUtils.java:logGet(43)) - raft.grpc.server.port = 46723 (custom)
2019-06-14 09:58:11,803 INFO  server.GrpcService (ConfUtils.java:logGet(43)) - raft.grpc.message.size.max = 33570816 (custom)
2019-06-14 09:58:11,803 INFO  server.RaftServerConfigKeys (ConfUtils.java:logGet(43)) - raft.server.log.appender.buffer.byte-limit = 33554432 (custom)
2019-06-14 09:58:11,804 INFO  server.GrpcService (ConfUtils.java:logGet(43)) - raft.grpc.flow.control.window = 1MB (=1048576) (default)
2019-06-14 09:58:11,804 INFO  server.RaftServerConfigKeys (ConfUtils.java:logGet(43)) - raft.server.rpc.request.timeout = 3000ms (default)
2019-06-14 09:58:11,805 INFO  server.RaftServerConfigKeys (ConfUtils.java:logGet(43)) - raft.server.storage.dir = [/opt/src/hadoop-ozone/integration-test/target/test-dir/MiniOzoneClusterImpl-98c1beae-8051-46cc-b74d-379f02bafea9/datanode-1/data/ratis] (custom)
2019-06-14 09:58:11,805 INFO  server.XceiverServerGrpc (XceiverServerGrpc.java:<init>(97)) - Found a free port for the server : 42791
2019-06-14 09:58:11,806 INFO  replication.SimpleContainerDownloader (SimpleContainerDownloader.java:<init>(72)) - Starting container downloader service to copy containers to replicate.
2019-06-14 09:58:11,809 INFO  hdfs.DFSUtil (DFSUtil.java:httpServerTemplateForNNAndJN(1641)) - Starting Web-server for hddsDatanode at: http://0.0.0.0:0
2019-06-14 09:58:11,810 INFO  server.AuthenticationFilter (AuthenticationFilter.java:constructSecretProvider(240)) - Unable to initialize FileSignerSecretProvider, falling back to use random secrets.
2019-06-14 09:58:11,814 WARN  http.HttpRequestLog (HttpRequestLog.java:getRequestLog(97)) - Jetty request log can only be enabled using Log4j
2019-06-14 09:58:11,815 INFO  http.HttpServer2 (HttpServer2.java:addGlobalFilter(975)) - Added global filter 'safety' (class=org.apache.hadoop.http.HttpServer2$QuotingInputFilter)
2019-06-14 09:58:11,815 INFO  http.HttpServer2 (HttpServer2.java:addFilter(948)) - Added filter static_user_filter (class=org.apache.hadoop.http.lib.StaticUserWebFilter$StaticUserFilter) to context hddsDatanode
2019-06-14 09:58:11,816 INFO  http.HttpServer2 (HttpServer2.java:addFilter(958)) - Added filter static_user_filter (class=org.apache.hadoop.http.lib.StaticUserWebFilter$StaticUserFilter) to context logs
2019-06-14 09:58:11,816 INFO  http.HttpServer2 (HttpServer2.java:addFilter(958)) - Added filter static_user_filter (class=org.apache.hadoop.http.lib.StaticUserWebFilter$StaticUserFilter) to context static
2019-06-14 09:58:11,816 INFO  http.HttpServer2 (HttpServer2.java:bindListener(1191)) - Jetty bound to port 42681
2019-06-14 09:58:11,817 INFO  server.Server (Server.java:doStart(351)) - jetty-9.3.24.v20180605, build timestamp: 2018-06-05T17:11:56Z, git hash: 84205aa28f11a4f31f2a3b86d1bba2cc8ab69827
2019-06-14 09:58:11,838 INFO  handler.ContextHandler (ContextHandler.java:doStart(781)) - Started o.e.j.s.ServletContextHandler@18b6d3c1{/logs,file:///opt/src/hadoop-ozone/integration-test/target/log,AVAILABLE}
2019-06-14 09:58:11,845 INFO  handler.ContextHandler (ContextHandler.java:doStart(781)) - Started o.e.j.s.ServletContextHandler@3fe512d2{/static,jar:file:/root/.m2/repository/org/apache/hadoop/hadoop-hdds-container-service/0.5.0-SNAPSHOT/hadoop-hdds-container-service-0.5.0-SNAPSHOT.jar!/webapps/static,AVAILABLE}
2019-06-14 09:58:11,860 INFO  datanode.InitDatanodeState (InitDatanodeState.java:persistContainerDatanodeDetails(140)) - DatanodeDetails is persisted to /opt/src/hadoop-ozone/integration-test/target/test-dir/MiniOzoneClusterImpl-98c1beae-8051-46cc-b74d-379f02bafea9/datanode-0/meta/datanode.id
2019-06-14 09:58:11,867 INFO  handler.ContextHandler (ContextHandler.java:doStart(781)) - Started o.e.j.w.WebAppContext@e7b265e{/,file:///tmp/jetty-0.0.0.0-42681-hddsDatanode-_-any-3819879317519066023.dir/webapp/,AVAILABLE}{/hddsDatanode}
2019-06-14 09:58:11,869 INFO  server.AbstractConnector (AbstractConnector.java:doStart(278)) - Started ServerConnector@7b70a89{HTTP/1.1,[http/1.1]}{0.0.0.0:42681}
2019-06-14 09:58:11,869 INFO  server.Server (Server.java:doStart(419)) - Started @4228ms
2019-06-14 09:58:11,870 INFO  server.BaseHttpServer (BaseHttpServer.java:updateConnectorAddress(207)) - HTTP server of HDDSDATANODE is listening at http://0.0.0.0:42681
2019-06-14 09:58:11,967 INFO  ozone.HddsDatanodeService (HddsDatanodeService.java:startPlugins(396)) - Started plug-in org.apache.hadoop.ozone.web.OzoneHddsDatanodeService@63fd4dda
2019-06-14 09:58:11,968 INFO  impl.MetricsSystemImpl (MetricsSystemImpl.java:init(158)) - HddsDatanode metrics system started (again)
2019-06-14 09:58:11,968 INFO  ozone.HddsDatanodeService (HddsDatanodeService.java:start(185)) - HddsDatanodeService host:ozone-mm759-2607770056 ip:192.168.105.157
2019-06-14 09:58:11,973 INFO  util.JvmPauseMonitor (JvmPauseMonitor.java:run(188)) - Starting JVM pause monitor
2019-06-14 09:58:11,980 INFO  volume.HddsVolume (HddsVolume.java:<init>(176)) - Creating Volume: /opt/src/hadoop-ozone/integration-test/target/test-dir/MiniOzoneClusterImpl-98c1beae-8051-46cc-b74d-379f02bafea9/datanode-2/data/containers/hdds of  storage type : DISK and capacity : 104021790720
2019-06-14 09:58:11,985 INFO  volume.VolumeSet (VolumeSet.java:initializeVolumeSet(170)) - Added Volume : /opt/src/hadoop-ozone/integration-test/target/test-dir/MiniOzoneClusterImpl-98c1beae-8051-46cc-b74d-379f02bafea9/datanode-2/data/containers/hdds to VolumeSet
2019-06-14 09:58:11,986 INFO  volume.ThrottledAsyncChecker (ThrottledAsyncChecker.java:schedule(140)) - Scheduling a check for org.apache.hadoop.ozone.container.common.volume.HddsVolume@4b56b031
2019-06-14 09:58:11,986 INFO  datanode.InitDatanodeState (InitDatanodeState.java:persistContainerDatanodeDetails(140)) - DatanodeDetails is persisted to /opt/src/hadoop-ozone/integration-test/target/test-dir/MiniOzoneClusterImpl-98c1beae-8051-46cc-b74d-379f02bafea9/datanode-1/meta/datanode.id
2019-06-14 09:58:11,991 INFO  volume.HddsVolumeChecker (HddsVolumeChecker.java:checkAllVolumes(203)) - Scheduled health check for volume org.apache.hadoop.ozone.container.common.volume.HddsVolume@4b56b031
2019-06-14 09:58:12,001 INFO  ratis.XceiverServerRatis (XceiverServerRatis.java:newXceiverServerRatis(401)) - Found a free port for the server : 36699
2019-06-14 09:58:12,002 INFO  impl.RaftServerProxy (ConfUtils.java:logGet(43)) - raft.rpc.type = GRPC (default)
2019-06-14 09:58:12,003 INFO  grpc.GrpcConfigKeys$Server (ConfUtils.java:logGet(43)) - raft.grpc.server.port = 36699 (custom)
2019-06-14 09:58:12,003 INFO  server.GrpcService (ConfUtils.java:logGet(43)) - raft.grpc.message.size.max = 33570816 (custom)
2019-06-14 09:58:12,003 INFO  server.RaftServerConfigKeys (ConfUtils.java:logGet(43)) - raft.server.log.appender.buffer.byte-limit = 33554432 (custom)
2019-06-14 09:58:12,003 INFO  server.GrpcService (ConfUtils.java:logGet(43)) - raft.grpc.flow.control.window = 1MB (=1048576) (default)
2019-06-14 09:58:12,003 INFO  server.RaftServerConfigKeys (ConfUtils.java:logGet(43)) - raft.server.rpc.request.timeout = 3000ms (default)
2019-06-14 09:58:12,004 INFO  server.RaftServerConfigKeys (ConfUtils.java:logGet(43)) - raft.server.storage.dir = [/opt/src/hadoop-ozone/integration-test/target/test-dir/MiniOzoneClusterImpl-98c1beae-8051-46cc-b74d-379f02bafea9/datanode-2/data/ratis] (custom)
2019-06-14 09:58:12,004 INFO  server.XceiverServerGrpc (XceiverServerGrpc.java:<init>(97)) - Found a free port for the server : 38649
2019-06-14 09:58:12,005 INFO  replication.SimpleContainerDownloader (SimpleContainerDownloader.java:<init>(72)) - Starting container downloader service to copy containers to replicate.
2019-06-14 09:58:12,005 INFO  hdfs.DFSUtil (DFSUtil.java:httpServerTemplateForNNAndJN(1641)) - Starting Web-server for hddsDatanode at: http://0.0.0.0:0
2019-06-14 09:58:12,006 INFO  server.AuthenticationFilter (AuthenticationFilter.java:constructSecretProvider(240)) - Unable to initialize FileSignerSecretProvider, falling back to use random secrets.
2019-06-14 09:58:12,007 WARN  http.HttpRequestLog (HttpRequestLog.java:getRequestLog(97)) - Jetty request log can only be enabled using Log4j
2019-06-14 09:58:12,008 INFO  http.HttpServer2 (HttpServer2.java:addGlobalFilter(975)) - Added global filter 'safety' (class=org.apache.hadoop.http.HttpServer2$QuotingInputFilter)
2019-06-14 09:58:12,008 INFO  http.HttpServer2 (HttpServer2.java:addFilter(948)) - Added filter static_user_filter (class=org.apache.hadoop.http.lib.StaticUserWebFilter$StaticUserFilter) to context hddsDatanode
2019-06-14 09:58:12,008 INFO  http.HttpServer2 (HttpServer2.java:addFilter(958)) - Added filter static_user_filter (class=org.apache.hadoop.http.lib.StaticUserWebFilter$StaticUserFilter) to context logs
2019-06-14 09:58:12,008 INFO  http.HttpServer2 (HttpServer2.java:addFilter(958)) - Added filter static_user_filter (class=org.apache.hadoop.http.lib.StaticUserWebFilter$StaticUserFilter) to context static
2019-06-14 09:58:12,009 INFO  http.HttpServer2 (HttpServer2.java:bindListener(1191)) - Jetty bound to port 42063
2019-06-14 09:58:12,009 INFO  server.Server (Server.java:doStart(351)) - jetty-9.3.24.v20180605, build timestamp: 2018-06-05T17:11:56Z, git hash: 84205aa28f11a4f31f2a3b86d1bba2cc8ab69827
2019-06-14 09:58:12,014 INFO  handler.ContextHandler (ContextHandler.java:doStart(781)) - Started o.e.j.s.ServletContextHandler@2443abd6{/logs,file:///opt/src/hadoop-ozone/integration-test/target/log,AVAILABLE}
2019-06-14 09:58:12,015 INFO  handler.ContextHandler (ContextHandler.java:doStart(781)) - Started o.e.j.s.ServletContextHandler@bd3eff4{/static,jar:file:/root/.m2/repository/org/apache/hadoop/hadoop-hdds-container-service/0.5.0-SNAPSHOT/hadoop-hdds-container-service-0.5.0-SNAPSHOT.jar!/webapps/static,AVAILABLE}
2019-06-14 09:58:12,043 INFO  handler.ContextHandler (ContextHandler.java:doStart(781)) - Started o.e.j.w.WebAppContext@4e80a001{/,file:///tmp/jetty-0.0.0.0-42063-hddsDatanode-_-any-4573455609515245663.dir/webapp/,AVAILABLE}{/hddsDatanode}
2019-06-14 09:58:12,044 INFO  server.AbstractConnector (AbstractConnector.java:doStart(278)) - Started ServerConnector@624b523{HTTP/1.1,[http/1.1]}{0.0.0.0:42063}
2019-06-14 09:58:12,044 INFO  server.Server (Server.java:doStart(419)) - Started @4403ms
2019-06-14 09:58:12,045 INFO  server.BaseHttpServer (BaseHttpServer.java:updateConnectorAddress(207)) - HTTP server of HDDSDATANODE is listening at http://0.0.0.0:42063
2019-06-14 09:58:12,207 INFO  ozone.HddsDatanodeService (HddsDatanodeService.java:startPlugins(396)) - Started plug-in org.apache.hadoop.ozone.web.OzoneHddsDatanodeService@11c78080
2019-06-14 09:58:12,207 INFO  impl.MetricsSystemImpl (MetricsSystemImpl.java:init(158)) - HddsDatanode metrics system started (again)
2019-06-14 09:58:12,208 INFO  ozone.HddsDatanodeService (HddsDatanodeService.java:start(185)) - HddsDatanodeService host:ozone-mm759-2607770056 ip:192.168.105.157
2019-06-14 09:58:12,209 INFO  util.JvmPauseMonitor (JvmPauseMonitor.java:run(188)) - Starting JVM pause monitor
2019-06-14 09:58:12,211 INFO  datanode.InitDatanodeState (InitDatanodeState.java:persistContainerDatanodeDetails(140)) - DatanodeDetails is persisted to /opt/src/hadoop-ozone/integration-test/target/test-dir/MiniOzoneClusterImpl-98c1beae-8051-46cc-b74d-379f02bafea9/datanode-2/meta/datanode.id
2019-06-14 09:58:12,214 INFO  volume.HddsVolume (HddsVolume.java:<init>(176)) - Creating Volume: /opt/src/hadoop-ozone/integration-test/target/test-dir/MiniOzoneClusterImpl-98c1beae-8051-46cc-b74d-379f02bafea9/datanode-3/data/containers/hdds of  storage type : DISK and capacity : 104021790720
2019-06-14 09:58:12,214 INFO  volume.VolumeSet (VolumeSet.java:initializeVolumeSet(170)) - Added Volume : /opt/src/hadoop-ozone/integration-test/target/test-dir/MiniOzoneClusterImpl-98c1beae-8051-46cc-b74d-379f02bafea9/datanode-3/data/containers/hdds to VolumeSet
2019-06-14 09:58:12,215 INFO  volume.ThrottledAsyncChecker (ThrottledAsyncChecker.java:schedule(140)) - Scheduling a check for org.apache.hadoop.ozone.container.common.volume.HddsVolume@7c11d32
2019-06-14 09:58:12,215 INFO  volume.HddsVolumeChecker (HddsVolumeChecker.java:checkAllVolumes(203)) - Scheduled health check for volume org.apache.hadoop.ozone.container.common.volume.HddsVolume@7c11d32
2019-06-14 09:58:12,228 INFO  ratis.XceiverServerRatis (XceiverServerRatis.java:newXceiverServerRatis(401)) - Found a free port for the server : 45473
2019-06-14 09:58:12,229 INFO  impl.RaftServerProxy (ConfUtils.java:logGet(43)) - raft.rpc.type = GRPC (default)
2019-06-14 09:58:12,229 INFO  grpc.GrpcConfigKeys$Server (ConfUtils.java:logGet(43)) - raft.grpc.server.port = 45473 (custom)
2019-06-14 09:58:12,229 INFO  server.GrpcService (ConfUtils.java:logGet(43)) - raft.grpc.message.size.max = 33570816 (custom)
2019-06-14 09:58:12,230 INFO  server.RaftServerConfigKeys (ConfUtils.java:logGet(43)) - raft.server.log.appender.buffer.byte-limit = 33554432 (custom)
2019-06-14 09:58:12,230 INFO  server.GrpcService (ConfUtils.java:logGet(43)) - raft.grpc.flow.control.window = 1MB (=1048576) (default)
2019-06-14 09:58:12,230 INFO  server.RaftServerConfigKeys (ConfUtils.java:logGet(43)) - raft.server.rpc.request.timeout = 3000ms (default)
2019-06-14 09:58:12,231 INFO  server.RaftServerConfigKeys (ConfUtils.java:logGet(43)) - raft.server.storage.dir = [/opt/src/hadoop-ozone/integration-test/target/test-dir/MiniOzoneClusterImpl-98c1beae-8051-46cc-b74d-379f02bafea9/datanode-3/data/ratis] (custom)
2019-06-14 09:58:12,231 INFO  server.XceiverServerGrpc (XceiverServerGrpc.java:<init>(97)) - Found a free port for the server : 34583
2019-06-14 09:58:12,231 INFO  replication.SimpleContainerDownloader (SimpleContainerDownloader.java:<init>(72)) - Starting container downloader service to copy containers to replicate.
2019-06-14 09:58:12,232 INFO  hdfs.DFSUtil (DFSUtil.java:httpServerTemplateForNNAndJN(1641)) - Starting Web-server for hddsDatanode at: http://0.0.0.0:0
2019-06-14 09:58:12,234 INFO  server.AuthenticationFilter (AuthenticationFilter.java:constructSecretProvider(240)) - Unable to initialize FileSignerSecretProvider, falling back to use random secrets.
2019-06-14 09:58:12,234 WARN  http.HttpRequestLog (HttpRequestLog.java:getRequestLog(97)) - Jetty request log can only be enabled using Log4j
2019-06-14 09:58:12,235 INFO  http.HttpServer2 (HttpServer2.java:addGlobalFilter(975)) - Added global filter 'safety' (class=org.apache.hadoop.http.HttpServer2$QuotingInputFilter)
2019-06-14 09:58:12,236 INFO  http.HttpServer2 (HttpServer2.java:addFilter(948)) - Added filter static_user_filter (class=org.apache.hadoop.http.lib.StaticUserWebFilter$StaticUserFilter) to context hddsDatanode
2019-06-14 09:58:12,236 INFO  http.HttpServer2 (HttpServer2.java:addFilter(958)) - Added filter static_user_filter (class=org.apache.hadoop.http.lib.StaticUserWebFilter$StaticUserFilter) to context logs
2019-06-14 09:58:12,236 INFO  http.HttpServer2 (HttpServer2.java:addFilter(958)) - Added filter static_user_filter (class=org.apache.hadoop.http.lib.StaticUserWebFilter$StaticUserFilter) to context static
2019-06-14 09:58:12,237 INFO  http.HttpServer2 (HttpServer2.java:bindListener(1191)) - Jetty bound to port 39607
2019-06-14 09:58:12,237 INFO  server.Server (Server.java:doStart(351)) - jetty-9.3.24.v20180605, build timestamp: 2018-06-05T17:11:56Z, git hash: 84205aa28f11a4f31f2a3b86d1bba2cc8ab69827
2019-06-14 09:58:12,241 INFO  handler.ContextHandler (ContextHandler.java:doStart(781)) - Started o.e.j.s.ServletContextHandler@25974207{/logs,file:///opt/src/hadoop-ozone/integration-test/target/log,AVAILABLE}
2019-06-14 09:58:12,241 INFO  handler.ContextHandler (ContextHandler.java:doStart(781)) - Started o.e.j.s.ServletContextHandler@195113de{/static,jar:file:/root/.m2/repository/org/apache/hadoop/hadoop-hdds-container-service/0.5.0-SNAPSHOT/hadoop-hdds-container-service-0.5.0-SNAPSHOT.jar!/webapps/static,AVAILABLE}
2019-06-14 09:58:12,269 INFO  handler.ContextHandler (ContextHandler.java:doStart(781)) - Started o.e.j.w.WebAppContext@74c9e11{/,file:///tmp/jetty-0.0.0.0-39607-hddsDatanode-_-any-7314476595666636528.dir/webapp/,AVAILABLE}{/hddsDatanode}
2019-06-14 09:58:12,271 INFO  server.AbstractConnector (AbstractConnector.java:doStart(278)) - Started ServerConnector@9fe720a{HTTP/1.1,[http/1.1]}{0.0.0.0:39607}
2019-06-14 09:58:12,271 INFO  server.Server (Server.java:doStart(419)) - Started @4630ms
2019-06-14 09:58:12,272 INFO  server.BaseHttpServer (BaseHttpServer.java:updateConnectorAddress(207)) - HTTP server of HDDSDATANODE is listening at http://0.0.0.0:39607
2019-06-14 09:58:12,380 INFO  ozone.HddsDatanodeService (HddsDatanodeService.java:startPlugins(396)) - Started plug-in org.apache.hadoop.ozone.web.OzoneHddsDatanodeService@76216830
2019-06-14 09:58:12,381 INFO  impl.MetricsSystemImpl (MetricsSystemImpl.java:init(158)) - HddsDatanode metrics system started (again)
2019-06-14 09:58:12,381 INFO  ozone.HddsDatanodeService (HddsDatanodeService.java:start(185)) - HddsDatanodeService host:ozone-mm759-2607770056 ip:192.168.105.157
2019-06-14 09:58:12,393 INFO  util.JvmPauseMonitor (JvmPauseMonitor.java:run(188)) - Starting JVM pause monitor
2019-06-14 09:58:12,395 INFO  datanode.InitDatanodeState (InitDatanodeState.java:persistContainerDatanodeDetails(140)) - DatanodeDetails is persisted to /opt/src/hadoop-ozone/integration-test/target/test-dir/MiniOzoneClusterImpl-98c1beae-8051-46cc-b74d-379f02bafea9/datanode-3/meta/datanode.id
2019-06-14 09:58:12,399 INFO  volume.HddsVolume (HddsVolume.java:<init>(176)) - Creating Volume: /opt/src/hadoop-ozone/integration-test/target/test-dir/MiniOzoneClusterImpl-98c1beae-8051-46cc-b74d-379f02bafea9/datanode-4/data/containers/hdds of  storage type : DISK and capacity : 104021790720
2019-06-14 09:58:12,399 INFO  volume.VolumeSet (VolumeSet.java:initializeVolumeSet(170)) - Added Volume : /opt/src/hadoop-ozone/integration-test/target/test-dir/MiniOzoneClusterImpl-98c1beae-8051-46cc-b74d-379f02bafea9/datanode-4/data/containers/hdds to VolumeSet
2019-06-14 09:58:12,399 INFO  volume.ThrottledAsyncChecker (ThrottledAsyncChecker.java:schedule(140)) - Scheduling a check for org.apache.hadoop.ozone.container.common.volume.HddsVolume@391d1e33
2019-06-14 09:58:12,400 INFO  volume.HddsVolumeChecker (HddsVolumeChecker.java:checkAllVolumes(203)) - Scheduled health check for volume org.apache.hadoop.ozone.container.common.volume.HddsVolume@391d1e33
2019-06-14 09:58:12,413 INFO  ratis.XceiverServerRatis (XceiverServerRatis.java:newXceiverServerRatis(401)) - Found a free port for the server : 45471
2019-06-14 09:58:12,414 INFO  impl.RaftServerProxy (ConfUtils.java:logGet(43)) - raft.rpc.type = GRPC (default)
2019-06-14 09:58:12,415 INFO  grpc.GrpcConfigKeys$Server (ConfUtils.java:logGet(43)) - raft.grpc.server.port = 45471 (custom)
2019-06-14 09:58:12,415 INFO  server.GrpcService (ConfUtils.java:logGet(43)) - raft.grpc.message.size.max = 33570816 (custom)
2019-06-14 09:58:12,415 INFO  server.RaftServerConfigKeys (ConfUtils.java:logGet(43)) - raft.server.log.appender.buffer.byte-limit = 33554432 (custom)
2019-06-14 09:58:12,415 INFO  server.GrpcService (ConfUtils.java:logGet(43)) - raft.grpc.flow.control.window = 1MB (=1048576) (default)
2019-06-14 09:58:12,415 INFO  server.RaftServerConfigKeys (ConfUtils.java:logGet(43)) - raft.server.rpc.request.timeout = 3000ms (default)
2019-06-14 09:58:12,416 INFO  server.RaftServerConfigKeys (ConfUtils.java:logGet(43)) - raft.server.storage.dir = [/opt/src/hadoop-ozone/integration-test/target/test-dir/MiniOzoneClusterImpl-98c1beae-8051-46cc-b74d-379f02bafea9/datanode-4/data/ratis] (custom)
2019-06-14 09:58:12,416 INFO  server.XceiverServerGrpc (XceiverServerGrpc.java:<init>(97)) - Found a free port for the server : 41527
2019-06-14 09:58:12,417 INFO  replication.SimpleContainerDownloader (SimpleContainerDownloader.java:<init>(72)) - Starting container downloader service to copy containers to replicate.
2019-06-14 09:58:12,417 INFO  hdfs.DFSUtil (DFSUtil.java:httpServerTemplateForNNAndJN(1641)) - Starting Web-server for hddsDatanode at: http://0.0.0.0:0
2019-06-14 09:58:12,418 INFO  server.AuthenticationFilter (AuthenticationFilter.java:constructSecretProvider(240)) - Unable to initialize FileSignerSecretProvider, falling back to use random secrets.
2019-06-14 09:58:12,419 WARN  http.HttpRequestLog (HttpRequestLog.java:getRequestLog(97)) - Jetty request log can only be enabled using Log4j
2019-06-14 09:58:12,420 INFO  http.HttpServer2 (HttpServer2.java:addGlobalFilter(975)) - Added global filter 'safety' (class=org.apache.hadoop.http.HttpServer2$QuotingInputFilter)
2019-06-14 09:58:12,421 INFO  http.HttpServer2 (HttpServer2.java:addFilter(948)) - Added filter static_user_filter (class=org.apache.hadoop.http.lib.StaticUserWebFilter$StaticUserFilter) to context hddsDatanode
2019-06-14 09:58:12,421 INFO  http.HttpServer2 (HttpServer2.java:addFilter(958)) - Added filter static_user_filter (class=org.apache.hadoop.http.lib.StaticUserWebFilter$StaticUserFilter) to context static
2019-06-14 09:58:12,421 INFO  http.HttpServer2 (HttpServer2.java:addFilter(958)) - Added filter static_user_filter (class=org.apache.hadoop.http.lib.StaticUserWebFilter$StaticUserFilter) to context logs
2019-06-14 09:58:12,421 INFO  http.HttpServer2 (HttpServer2.java:bindListener(1191)) - Jetty bound to port 34753
2019-06-14 09:58:12,421 INFO  server.Server (Server.java:doStart(351)) - jetty-9.3.24.v20180605, build timestamp: 2018-06-05T17:11:56Z, git hash: 84205aa28f11a4f31f2a3b86d1bba2cc8ab69827
2019-06-14 09:58:12,429 INFO  handler.ContextHandler (ContextHandler.java:doStart(781)) - Started o.e.j.s.ServletContextHandler@6f38f084{/logs,file:///opt/src/hadoop-ozone/integration-test/target/log,AVAILABLE}
2019-06-14 09:58:12,430 INFO  handler.ContextHandler (ContextHandler.java:doStart(781)) - Started o.e.j.s.ServletContextHandler@372f0a99{/static,jar:file:/root/.m2/repository/org/apache/hadoop/hadoop-hdds-container-service/0.5.0-SNAPSHOT/hadoop-hdds-container-service-0.5.0-SNAPSHOT.jar!/webapps/static,AVAILABLE}
2019-06-14 09:58:12,450 INFO  handler.ContextHandler (ContextHandler.java:doStart(781)) - Started o.e.j.w.WebAppContext@6b2fdffc{/,file:///tmp/jetty-0.0.0.0-34753-hddsDatanode-_-any-7462846964719670634.dir/webapp/,AVAILABLE}{/hddsDatanode}
2019-06-14 09:58:12,450 INFO  server.AbstractConnector (AbstractConnector.java:doStart(278)) - Started ServerConnector@2ca3d826{HTTP/1.1,[http/1.1]}{0.0.0.0:34753}
2019-06-14 09:58:12,451 INFO  server.Server (Server.java:doStart(419)) - Started @4810ms
2019-06-14 09:58:12,452 INFO  server.BaseHttpServer (BaseHttpServer.java:updateConnectorAddress(207)) - HTTP server of HDDSDATANODE is listening at http://0.0.0.0:34753
2019-06-14 09:58:12,543 INFO  ozone.HddsDatanodeService (HddsDatanodeService.java:startPlugins(396)) - Started plug-in org.apache.hadoop.ozone.web.OzoneHddsDatanodeService@624b3544
2019-06-14 09:58:12,546 INFO  impl.MetricsSystemImpl (MetricsSystemImpl.java:init(158)) - HddsDatanode metrics system started (again)
2019-06-14 09:58:12,547 INFO  ozone.HddsDatanodeService (HddsDatanodeService.java:start(185)) - HddsDatanodeService host:ozone-mm759-2607770056 ip:192.168.105.157
2019-06-14 09:58:12,554 INFO  util.JvmPauseMonitor (JvmPauseMonitor.java:run(188)) - Starting JVM pause monitor
2019-06-14 09:58:12,557 INFO  volume.HddsVolume (HddsVolume.java:<init>(176)) - Creating Volume: /opt/src/hadoop-ozone/integration-test/target/test-dir/MiniOzoneClusterImpl-98c1beae-8051-46cc-b74d-379f02bafea9/datanode-5/data/containers/hdds of  storage type : DISK and capacity : 104021790720
2019-06-14 09:58:12,557 INFO  datanode.InitDatanodeState (InitDatanodeState.java:persistContainerDatanodeDetails(140)) - DatanodeDetails is persisted to /opt/src/hadoop-ozone/integration-test/target/test-dir/MiniOzoneClusterImpl-98c1beae-8051-46cc-b74d-379f02bafea9/datanode-4/meta/datanode.id
2019-06-14 09:58:12,558 INFO  volume.VolumeSet (VolumeSet.java:initializeVolumeSet(170)) - Added Volume : /opt/src/hadoop-ozone/integration-test/target/test-dir/MiniOzoneClusterImpl-98c1beae-8051-46cc-b74d-379f02bafea9/datanode-5/data/containers/hdds to VolumeSet
2019-06-14 09:58:12,558 INFO  volume.ThrottledAsyncChecker (ThrottledAsyncChecker.java:schedule(140)) - Scheduling a check for org.apache.hadoop.ozone.container.common.volume.HddsVolume@55a0f011
2019-06-14 09:58:12,563 INFO  volume.HddsVolumeChecker (HddsVolumeChecker.java:checkAllVolumes(203)) - Scheduled health check for volume org.apache.hadoop.ozone.container.common.volume.HddsVolume@55a0f011
2019-06-14 09:58:12,571 INFO  ratis.XceiverServerRatis (XceiverServerRatis.java:newXceiverServerRatis(401)) - Found a free port for the server : 45517
2019-06-14 09:58:12,572 INFO  impl.RaftServerProxy (ConfUtils.java:logGet(43)) - raft.rpc.type = GRPC (default)
2019-06-14 09:58:12,573 INFO  grpc.GrpcConfigKeys$Server (ConfUtils.java:logGet(43)) - raft.grpc.server.port = 45517 (custom)
2019-06-14 09:58:12,573 INFO  server.GrpcService (ConfUtils.java:logGet(43)) - raft.grpc.message.size.max = 33570816 (custom)
2019-06-14 09:58:12,573 INFO  server.RaftServerConfigKeys (ConfUtils.java:logGet(43)) - raft.server.log.appender.buffer.byte-limit = 33554432 (custom)
2019-06-14 09:58:12,573 INFO  server.GrpcService (ConfUtils.java:logGet(43)) - raft.grpc.flow.control.window = 1MB (=1048576) (default)
2019-06-14 09:58:12,573 INFO  server.RaftServerConfigKeys (ConfUtils.java:logGet(43)) - raft.server.rpc.request.timeout = 3000ms (default)
2019-06-14 09:58:12,574 INFO  server.RaftServerConfigKeys (ConfUtils.java:logGet(43)) - raft.server.storage.dir = [/opt/src/hadoop-ozone/integration-test/target/test-dir/MiniOzoneClusterImpl-98c1beae-8051-46cc-b74d-379f02bafea9/datanode-5/data/ratis] (custom)
2019-06-14 09:58:12,574 INFO  server.XceiverServerGrpc (XceiverServerGrpc.java:<init>(97)) - Found a free port for the server : 37111
2019-06-14 09:58:12,574 INFO  replication.SimpleContainerDownloader (SimpleContainerDownloader.java:<init>(72)) - Starting container downloader service to copy containers to replicate.
2019-06-14 09:58:12,575 INFO  hdfs.DFSUtil (DFSUtil.java:httpServerTemplateForNNAndJN(1641)) - Starting Web-server for hddsDatanode at: http://0.0.0.0:0
2019-06-14 09:58:12,576 INFO  server.AuthenticationFilter (AuthenticationFilter.java:constructSecretProvider(240)) - Unable to initialize FileSignerSecretProvider, falling back to use random secrets.
2019-06-14 09:58:12,576 WARN  http.HttpRequestLog (HttpRequestLog.java:getRequestLog(97)) - Jetty request log can only be enabled using Log4j
2019-06-14 09:58:12,578 INFO  http.HttpServer2 (HttpServer2.java:addGlobalFilter(975)) - Added global filter 'safety' (class=org.apache.hadoop.http.HttpServer2$QuotingInputFilter)
2019-06-14 09:58:12,578 INFO  http.HttpServer2 (HttpServer2.java:addFilter(948)) - Added filter static_user_filter (class=org.apache.hadoop.http.lib.StaticUserWebFilter$StaticUserFilter) to context hddsDatanode
2019-06-14 09:58:12,578 INFO  http.HttpServer2 (HttpServer2.java:addFilter(958)) - Added filter static_user_filter (class=org.apache.hadoop.http.lib.StaticUserWebFilter$StaticUserFilter) to context logs
2019-06-14 09:58:12,578 INFO  http.HttpServer2 (HttpServer2.java:addFilter(958)) - Added filter static_user_filter (class=org.apache.hadoop.http.lib.StaticUserWebFilter$StaticUserFilter) to context static
2019-06-14 09:58:12,579 INFO  http.HttpServer2 (HttpServer2.java:bindListener(1191)) - Jetty bound to port 38613
2019-06-14 09:58:12,579 INFO  server.Server (Server.java:doStart(351)) - jetty-9.3.24.v20180605, build timestamp: 2018-06-05T17:11:56Z, git hash: 84205aa28f11a4f31f2a3b86d1bba2cc8ab69827
2019-06-14 09:58:12,581 INFO  handler.ContextHandler (ContextHandler.java:doStart(781)) - Started o.e.j.s.ServletContextHandler@23e61112{/logs,file:///opt/src/hadoop-ozone/integration-test/target/log,AVAILABLE}
2019-06-14 09:58:12,581 INFO  handler.ContextHandler (ContextHandler.java:doStart(781)) - Started o.e.j.s.ServletContextHandler@61b60600{/static,jar:file:/root/.m2/repository/org/apache/hadoop/hadoop-hdds-container-service/0.5.0-SNAPSHOT/hadoop-hdds-container-service-0.5.0-SNAPSHOT.jar!/webapps/static,AVAILABLE}
2019-06-14 09:58:12,601 INFO  handler.ContextHandler (ContextHandler.java:doStart(781)) - Started o.e.j.w.WebAppContext@245cb8df{/,file:///tmp/jetty-0.0.0.0-38613-hddsDatanode-_-any-2193140403416053617.dir/webapp/,AVAILABLE}{/hddsDatanode}
2019-06-14 09:58:12,602 INFO  server.AbstractConnector (AbstractConnector.java:doStart(278)) - Started ServerConnector@26b3c9a2{HTTP/1.1,[http/1.1]}{0.0.0.0:38613}
2019-06-14 09:58:12,602 INFO  server.Server (Server.java:doStart(419)) - Started @4961ms
2019-06-14 09:58:12,603 INFO  server.BaseHttpServer (BaseHttpServer.java:updateConnectorAddress(207)) - HTTP server of HDDSDATANODE is listening at http://0.0.0.0:38613
2019-06-14 09:58:12,757 INFO  ozone.HddsDatanodeService (HddsDatanodeService.java:startPlugins(396)) - Started plug-in org.apache.hadoop.ozone.web.OzoneHddsDatanodeService@4662752a
2019-06-14 09:58:12,758 INFO  ozone.MiniOzoneClusterImpl (MiniOzoneClusterImpl.java:lambda$waitForClusterToBeReady$0(142)) - Waiting for cluster to be ready. Got 0 of 6 DN Heartbeats.
2019-06-14 09:58:12,762 INFO  util.JvmPauseMonitor (JvmPauseMonitor.java:run(188)) - Starting JVM pause monitor
2019-06-14 09:58:12,763 INFO  datanode.InitDatanodeState (InitDatanodeState.java:persistContainerDatanodeDetails(140)) - DatanodeDetails is persisted to /opt/src/hadoop-ozone/integration-test/target/test-dir/MiniOzoneClusterImpl-98c1beae-8051-46cc-b74d-379f02bafea9/datanode-5/meta/datanode.id
2019-06-14 09:58:13,758 INFO  ozone.MiniOzoneClusterImpl (MiniOzoneClusterImpl.java:lambda$waitForClusterToBeReady$0(142)) - Waiting for cluster to be ready. Got 0 of 6 DN Heartbeats.
2019-06-14 09:58:13,788 INFO  ozoneimpl.OzoneContainer (OzoneContainer.java:start(186)) - Attempting to start container services.
2019-06-14 09:58:13,788 INFO  ozoneimpl.OzoneContainer (OzoneContainer.java:startContainerScrub(160)) - Background container scrubber has been disabled by hdds.containerscrub.enabled
2019-06-14 09:58:13,788 INFO  ratis.XceiverServerRatis (XceiverServerRatis.java:start(418)) - Starting XceiverServerRatis b84d265f-89c2-48ec-b93e-d5e25c754346 at port 39841
2019-06-14 09:58:13,802 INFO  impl.RaftServerProxy (RaftServerProxy.java:lambda$start$3(299)) - b84d265f-89c2-48ec-b93e-d5e25c754346: start RPC server
2019-06-14 09:58:13,930 INFO  server.GrpcService (GrpcService.java:startImpl(148)) - b84d265f-89c2-48ec-b93e-d5e25c754346: GrpcService started, listening on 0.0.0.0/0.0.0.0:39841
2019-06-14 09:58:13,979 INFO  ozoneimpl.OzoneContainer (OzoneContainer.java:start(186)) - Attempting to start container services.
2019-06-14 09:58:13,980 INFO  ozoneimpl.OzoneContainer (OzoneContainer.java:startContainerScrub(160)) - Background container scrubber has been disabled by hdds.containerscrub.enabled
2019-06-14 09:58:13,980 INFO  ratis.XceiverServerRatis (XceiverServerRatis.java:start(418)) - Starting XceiverServerRatis f6776fe2-f90f-494f-8a12-432d2d517eb8 at port 46723
2019-06-14 09:58:14,025 INFO  impl.RaftServerProxy (RaftServerProxy.java:lambda$start$3(299)) - f6776fe2-f90f-494f-8a12-432d2d517eb8: start RPC server
2019-06-14 09:58:14,027 INFO  server.GrpcService (GrpcService.java:startImpl(148)) - f6776fe2-f90f-494f-8a12-432d2d517eb8: GrpcService started, listening on 0.0.0.0/0.0.0.0:46723
2019-06-14 09:58:14,214 INFO  ozoneimpl.OzoneContainer (OzoneContainer.java:start(186)) - Attempting to start container services.
2019-06-14 09:58:14,215 INFO  ozoneimpl.OzoneContainer (OzoneContainer.java:startContainerScrub(160)) - Background container scrubber has been disabled by hdds.containerscrub.enabled
2019-06-14 09:58:14,215 INFO  ratis.XceiverServerRatis (XceiverServerRatis.java:start(418)) - Starting XceiverServerRatis 0980630e-f465-4150-bb0a-cd73696a5efa at port 36699
2019-06-14 09:58:14,224 INFO  impl.RaftServerProxy (RaftServerProxy.java:lambda$start$3(299)) - 0980630e-f465-4150-bb0a-cd73696a5efa: start RPC server
2019-06-14 09:58:14,225 INFO  server.GrpcService (GrpcService.java:startImpl(148)) - 0980630e-f465-4150-bb0a-cd73696a5efa: GrpcService started, listening on 0.0.0.0/0.0.0.0:36699
2019-06-14 09:58:14,398 INFO  ozoneimpl.OzoneContainer (OzoneContainer.java:start(186)) - Attempting to start container services.
2019-06-14 09:58:14,399 INFO  ozoneimpl.OzoneContainer (OzoneContainer.java:startContainerScrub(160)) - Background container scrubber has been disabled by hdds.containerscrub.enabled
2019-06-14 09:58:14,399 INFO  ratis.XceiverServerRatis (XceiverServerRatis.java:start(418)) - Starting XceiverServerRatis 99a5110c-5ef4-492c-9e1e-46e0e48d57c4 at port 45473
2019-06-14 09:58:14,404 INFO  impl.RaftServerProxy (RaftServerProxy.java:lambda$start$3(299)) - 99a5110c-5ef4-492c-9e1e-46e0e48d57c4: start RPC server
2019-06-14 09:58:14,406 INFO  server.GrpcService (GrpcService.java:startImpl(148)) - 99a5110c-5ef4-492c-9e1e-46e0e48d57c4: GrpcService started, listening on 0.0.0.0/0.0.0.0:45473
2019-06-14 09:58:14,559 INFO  ozoneimpl.OzoneContainer (OzoneContainer.java:start(186)) - Attempting to start container services.
2019-06-14 09:58:14,560 INFO  ozoneimpl.OzoneContainer (OzoneContainer.java:startContainerScrub(160)) - Background container scrubber has been disabled by hdds.containerscrub.enabled
2019-06-14 09:58:14,560 INFO  ratis.XceiverServerRatis (XceiverServerRatis.java:start(418)) - Starting XceiverServerRatis 5486ca28-bb35-4014-ac63-219674d08a21 at port 45471
2019-06-14 09:58:14,564 INFO  impl.RaftServerProxy (RaftServerProxy.java:lambda$start$3(299)) - 5486ca28-bb35-4014-ac63-219674d08a21: start RPC server
2019-06-14 09:58:14,566 INFO  server.GrpcService (GrpcService.java:startImpl(148)) - 5486ca28-bb35-4014-ac63-219674d08a21: GrpcService started, listening on 0.0.0.0/0.0.0.0:45471
2019-06-14 09:58:14,758 INFO  ozone.MiniOzoneClusterImpl (MiniOzoneClusterImpl.java:lambda$waitForClusterToBeReady$0(142)) - Waiting for cluster to be ready. Got 0 of 6 DN Heartbeats.
2019-06-14 09:58:14,766 INFO  ozoneimpl.OzoneContainer (OzoneContainer.java:start(186)) - Attempting to start container services.
2019-06-14 09:58:14,768 INFO  ozoneimpl.OzoneContainer (OzoneContainer.java:startContainerScrub(160)) - Background container scrubber has been disabled by hdds.containerscrub.enabled
2019-06-14 09:58:14,768 INFO  ratis.XceiverServerRatis (XceiverServerRatis.java:start(418)) - Starting XceiverServerRatis e466745f-982f-4cdc-98dc-41efb5056212 at port 45517
2019-06-14 09:58:14,780 INFO  impl.RaftServerProxy (RaftServerProxy.java:lambda$start$3(299)) - e466745f-982f-4cdc-98dc-41efb5056212: start RPC server
2019-06-14 09:58:14,782 INFO  server.GrpcService (GrpcService.java:startImpl(148)) - e466745f-982f-4cdc-98dc-41efb5056212: GrpcService started, listening on 0.0.0.0/0.0.0.0:45517
2019-06-14 09:58:15,759 INFO  ozone.MiniOzoneClusterImpl (MiniOzoneClusterImpl.java:lambda$waitForClusterToBeReady$0(142)) - Waiting for cluster to be ready. Got 0 of 6 DN Heartbeats.
2019-06-14 09:58:15,786 INFO  node.SCMNodeManager (SCMNodeManager.java:register(234)) - Registered Data node : b84d265f-89c2-48ec-b93e-d5e25c754346{ip: 192.168.105.157, host: ozone-mm759-2607770056, networkLocation: /default-rack, certSerialId: null}
2019-06-14 09:58:15,799 INFO  safemode.SCMSafeModeManager (DataNodeSafeModeRule.java:process(71)) - SCM in safe mode. 1 DataNodes registered, 1 required.
2019-06-14 09:58:15,799 INFO  safemode.SCMSafeModeManager (SCMSafeModeManager.java:validateSafeModeExitRules(177)) - ScmSafeModeManager, all rules are successfully validated
2019-06-14 09:58:15,799 INFO  safemode.SCMSafeModeManager (SCMSafeModeManager.java:exitSafeMode(193)) - SCM exiting safe mode.
2019-06-14 09:58:15,976 INFO  node.SCMNodeManager (SCMNodeManager.java:register(234)) - Registered Data node : f6776fe2-f90f-494f-8a12-432d2d517eb8{ip: 192.168.105.157, host: ozone-mm759-2607770056, networkLocation: /default-rack, certSerialId: null}
2019-06-14 09:58:16,110 INFO  impl.RaftServerProxy (RaftServerProxy.java:addNew(89)) - b84d265f-89c2-48ec-b93e-d5e25c754346: addNew group-D6E22818EDD5:[b84d265f-89c2-48ec-b93e-d5e25c754346:192.168.105.157:39841] returns group-D6E22818EDD5:java.util.concurrent.CompletableFuture@5fbbe693[Not completed]
2019-06-14 09:58:16,115 INFO  impl.RaftServerImpl (RaftServerImpl.java:<init>(91)) - b84d265f-89c2-48ec-b93e-d5e25c754346: new RaftServerImpl for group-D6E22818EDD5:[b84d265f-89c2-48ec-b93e-d5e25c754346:192.168.105.157:39841] with ContainerStateMachine:uninitialized
2019-06-14 09:58:16,116 INFO  server.RaftServerConfigKeys (ConfUtils.java:logGet(43)) - raft.server.rpc.timeout.min = 1s (custom)
2019-06-14 09:58:16,116 INFO  server.RaftServerConfigKeys (ConfUtils.java:logGet(43)) - raft.server.rpc.timeout.max = 1200ms (custom)
2019-06-14 09:58:16,116 INFO  server.RaftServerConfigKeys (ConfUtils.java:logGet(43)) - raft.server.rpcslowness.timeout = 10s (custom)
2019-06-14 09:58:16,117 INFO  server.RaftServerConfigKeys (ConfUtils.java:logGet(43)) - raft.server.log.appender.install.snapshot.enabled = true (default)
2019-06-14 09:58:16,123 INFO  impl.RaftServerImpl (ServerState.java:<init>(101)) - b84d265f-89c2-48ec-b93e-d5e25c754346:group-D6E22818EDD5 ConfigurationManager, init=-1: [b84d265f-89c2-48ec-b93e-d5e25c754346:192.168.105.157:39841], old=null, confs=<EMPTY_MAP>
2019-06-14 09:58:16,124 INFO  server.RaftServerConfigKeys (ConfUtils.java:logGet(43)) - raft.server.storage.dir = [/opt/src/hadoop-ozone/integration-test/target/test-dir/MiniOzoneClusterImpl-98c1beae-8051-46cc-b74d-379f02bafea9/datanode-0/data/ratis] (custom)
2019-06-14 09:58:16,128 INFO  storage.RaftStorageDirectory (RaftStorageDirectory.java:analyzeStorage(246)) - The storage directory /opt/src/hadoop-ozone/integration-test/target/test-dir/MiniOzoneClusterImpl-98c1beae-8051-46cc-b74d-379f02bafea9/datanode-0/data/ratis/3cf53e13-8508-4036-984d-d6e22818edd5 does not exist. Creating ...
2019-06-14 09:58:16,134 INFO  storage.RaftStorageDirectory (RaftStorageDirectory.java:tryLock(328)) - Lock on /opt/src/hadoop-ozone/integration-test/target/test-dir/MiniOzoneClusterImpl-98c1beae-8051-46cc-b74d-379f02bafea9/datanode-0/data/ratis/3cf53e13-8508-4036-984d-d6e22818edd5/in_use.lock acquired by nodename 9206@ozone-mm759-2607770056
2019-06-14 09:58:16,137 INFO  storage.RaftStorage (RaftStorage.java:format(75)) - Storage directory /opt/src/hadoop-ozone/integration-test/target/test-dir/MiniOzoneClusterImpl-98c1beae-8051-46cc-b74d-379f02bafea9/datanode-0/data/ratis/3cf53e13-8508-4036-984d-d6e22818edd5 has been successfully formatted.
2019-06-14 09:58:16,138 INFO  ratis.ContainerStateMachine (ContainerStateMachine.java:loadSnapshot(199)) - The snapshot info is null.Setting the last applied index to:(t:0, i:~)
2019-06-14 09:58:16,139 INFO  server.RaftServerConfigKeys (ConfUtils.java:logGet(43)) - raft.server.leader.election.timeout = 10s (custom)
2019-06-14 09:58:16,140 INFO  server.RaftServerConfigKeys (ConfUtils.java:logGet(43)) - raft.server.log.use.memory = false (default)
2019-06-14 09:58:16,142 INFO  server.RaftServerConfigKeys (ConfUtils.java:logGet(43)) - raft.server.log.appender.buffer.byte-limit = 33554432 (custom)
2019-06-14 09:58:16,263 INFO  node.SCMNodeManager (SCMNodeManager.java:register(234)) - Registered Data node : 0980630e-f465-4150-bb0a-cd73696a5efa{ip: 192.168.105.157, host: ozone-mm759-2607770056, networkLocation: /default-rack, certSerialId: null}
2019-06-14 09:58:16,263 INFO  server.RaftServerConfigKeys (ConfUtils.java:logGet(43)) - raft.server.log.segment.size.max = 16384 (custom)
2019-06-14 09:58:16,267 INFO  server.RaftServerConfigKeys (ConfUtils.java:logGet(43)) - raft.server.log.segment.cache.num.max = 2 (custom)
2019-06-14 09:58:16,269 INFO  storage.RaftLogWorker (RaftLogWorker.java:<init>(123)) - new b84d265f-89c2-48ec-b93e-d5e25c754346-RaftLogWorker for Storage Directory /opt/src/hadoop-ozone/integration-test/target/test-dir/MiniOzoneClusterImpl-98c1beae-8051-46cc-b74d-379f02bafea9/datanode-0/data/ratis/3cf53e13-8508-4036-984d-d6e22818edd5
2019-06-14 09:58:16,269 INFO  server.RaftServerConfigKeys (ConfUtils.java:logGet(43)) - raft.server.log.queue.byte-limit = 2147483647 (custom)
2019-06-14 09:58:16,269 INFO  server.RaftServerConfigKeys (ConfUtils.java:logGet(43)) - raft.server.log.queue.element-limit = 1024 (custom)
2019-06-14 09:58:16,271 INFO  server.RaftServerConfigKeys (ConfUtils.java:logGet(43)) - raft.server.log.segment.size.max = 16384 (custom)
2019-06-14 09:58:16,271 INFO  server.RaftServerConfigKeys (ConfUtils.java:logGet(43)) - raft.server.log.preallocated.size = 16384 (custom)
2019-06-14 09:58:16,272 INFO  server.RaftServerConfigKeys (ConfUtils.java:logGet(43)) - raft.server.log.write.buffer.size = 33554432 (custom)
2019-06-14 09:58:16,272 INFO  server.RaftServerConfigKeys (ConfUtils.java:logGet(43)) - raft.server.log.force.sync.num = 128 (default)
2019-06-14 09:58:16,273 INFO  server.RaftServerConfigKeys (ConfUtils.java:logGet(43)) - raft.server.log.statemachine.data.sync = true (default)
2019-06-14 09:58:16,273 INFO  server.RaftServerConfigKeys (ConfUtils.java:logGet(43)) - raft.server.log.statemachine.data.sync.timeout = 10s (default)
2019-06-14 09:58:16,273 INFO  server.RaftServerConfigKeys (ConfUtils.java:logGet(43)) - raft.server.log.statemachine.data.sync.timeout.retry = -1 (default)
2019-06-14 09:58:16,275 INFO  server.RaftServerConfigKeys (ConfUtils.java:logGet(43)) - raft.server.log.statemachine.data.caching.enabled = true (custom)
2019-06-14 09:58:16,281 INFO  server.RaftServerConfigKeys (ConfUtils.java:logGet(43)) - raft.server.snapshot.auto.trigger.enabled = true (custom)
2019-06-14 09:58:16,281 INFO  server.RaftServerConfigKeys (ConfUtils.java:logGet(43)) - raft.server.snapshot.auto.trigger.threshold = 10000 (custom)
2019-06-14 09:58:16,282 INFO  server.RaftServerConfigKeys (ConfUtils.java:logGet(43)) - raft.server.retrycache.expirytime = 600000ms (custom)
2019-06-14 09:58:16,295 INFO  impl.RaftServerImpl (RaftServerImpl.java:start(173)) - b84d265f-89c2-48ec-b93e-d5e25c754346: start group-D6E22818EDD5
2019-06-14 09:58:16,296 INFO  impl.RaftServerImpl (RaftServerImpl.java:setRole(164)) - b84d265f-89c2-48ec-b93e-d5e25c754346:group-D6E22818EDD5 changes role from null to FOLLOWER at term 0 for startAsFollower
2019-06-14 09:58:16,297 INFO  impl.RoleInfo (RoleInfo.java:updateAndGet(143)) - b84d265f-89c2-48ec-b93e-d5e25c754346: start FollowerState
2019-06-14 09:58:16,298 INFO  util.JmxRegister (JmxRegister.java:tryRegister(44)) - Successfully registered JMX Bean with object name Ratis:service=RaftServer,group=group-D6E22818EDD5,id=b84d265f-89c2-48ec-b93e-d5e25c754346
2019-06-14 09:58:16,334 INFO  pipeline.PipelineStateManager (PipelineStateManager.java:addPipeline(56)) - Created pipeline Pipeline[ Id: 3cf53e13-8508-4036-984d-d6e22818edd5, Nodes: b84d265f-89c2-48ec-b93e-d5e25c754346{ip: 192.168.105.157, host: ozone-mm759-2607770056, networkLocation: /default-rack, certSerialId: null}, Type:RATIS, Factor:ONE, State:OPEN]
2019-06-14 09:58:16,352 INFO  impl.RaftServerProxy (RaftServerProxy.java:addNew(89)) - 0980630e-f465-4150-bb0a-cd73696a5efa: addNew group-C9C387D1AD04:[0980630e-f465-4150-bb0a-cd73696a5efa:192.168.105.157:36699] returns group-C9C387D1AD04:java.util.concurrent.CompletableFuture@2ead579e[Not completed]
2019-06-14 09:58:16,353 INFO  impl.RaftServerImpl (RaftServerImpl.java:<init>(91)) - 0980630e-f465-4150-bb0a-cd73696a5efa: new RaftServerImpl for group-C9C387D1AD04:[0980630e-f465-4150-bb0a-cd73696a5efa:192.168.105.157:36699] with ContainerStateMachine:uninitialized
2019-06-14 09:58:16,354 INFO  server.RaftServerConfigKeys (ConfUtils.java:logGet(43)) - raft.server.rpc.timeout.min = 1s (custom)
2019-06-14 09:58:16,354 INFO  server.RaftServerConfigKeys (ConfUtils.java:logGet(43)) - raft.server.rpc.timeout.max = 1200ms (custom)
2019-06-14 09:58:16,354 INFO  server.RaftServerConfigKeys (ConfUtils.java:logGet(43)) - raft.server.rpcslowness.timeout = 10s (custom)
2019-06-14 09:58:16,354 INFO  server.RaftServerConfigKeys (ConfUtils.java:logGet(43)) - raft.server.log.appender.install.snapshot.enabled = true (default)
2019-06-14 09:58:16,354 INFO  impl.RaftServerImpl (ServerState.java:<init>(101)) - 0980630e-f465-4150-bb0a-cd73696a5efa:group-C9C387D1AD04 ConfigurationManager, init=-1: [0980630e-f465-4150-bb0a-cd73696a5efa:192.168.105.157:36699], old=null, confs=<EMPTY_MAP>
2019-06-14 09:58:16,354 INFO  server.RaftServerConfigKeys (ConfUtils.java:logGet(43)) - raft.server.storage.dir = [/opt/src/hadoop-ozone/integration-test/target/test-dir/MiniOzoneClusterImpl-98c1beae-8051-46cc-b74d-379f02bafea9/datanode-2/data/ratis] (custom)
2019-06-14 09:58:16,355 INFO  storage.RaftStorageDirectory (RaftStorageDirectory.java:analyzeStorage(246)) - The storage directory /opt/src/hadoop-ozone/integration-test/target/test-dir/MiniOzoneClusterImpl-98c1beae-8051-46cc-b74d-379f02bafea9/datanode-2/data/ratis/e2d255a1-0832-4b4a-81d3-c9c387d1ad04 does not exist. Creating ...
2019-06-14 09:58:16,357 INFO  storage.RaftStorageDirectory (RaftStorageDirectory.java:tryLock(328)) - Lock on /opt/src/hadoop-ozone/integration-test/target/test-dir/MiniOzoneClusterImpl-98c1beae-8051-46cc-b74d-379f02bafea9/datanode-2/data/ratis/e2d255a1-0832-4b4a-81d3-c9c387d1ad04/in_use.lock acquired by nodename 9206@ozone-mm759-2607770056
2019-06-14 09:58:16,360 INFO  storage.RaftStorage (RaftStorage.java:format(75)) - Storage directory /opt/src/hadoop-ozone/integration-test/target/test-dir/MiniOzoneClusterImpl-98c1beae-8051-46cc-b74d-379f02bafea9/datanode-2/data/ratis/e2d255a1-0832-4b4a-81d3-c9c387d1ad04 has been successfully formatted.
2019-06-14 09:58:16,360 INFO  ratis.ContainerStateMachine (ContainerStateMachine.java:loadSnapshot(199)) - The snapshot info is null.Setting the last applied index to:(t:0, i:~)
2019-06-14 09:58:16,360 INFO  server.RaftServerConfigKeys (ConfUtils.java:logGet(43)) - raft.server.leader.election.timeout = 10s (custom)
2019-06-14 09:58:16,360 INFO  server.RaftServerConfigKeys (ConfUtils.java:logGet(43)) - raft.server.log.use.memory = false (default)
2019-06-14 09:58:16,360 INFO  server.RaftServerConfigKeys (ConfUtils.java:logGet(43)) - raft.server.log.appender.buffer.byte-limit = 33554432 (custom)
2019-06-14 09:58:16,360 INFO  server.RaftServerConfigKeys (ConfUtils.java:logGet(43)) - raft.server.log.segment.size.max = 16384 (custom)
2019-06-14 09:58:16,361 INFO  server.RaftServerConfigKeys (ConfUtils.java:logGet(43)) - raft.server.log.segment.cache.num.max = 2 (custom)
2019-06-14 09:58:16,361 INFO  storage.RaftLogWorker (RaftLogWorker.java:<init>(123)) - new 0980630e-f465-4150-bb0a-cd73696a5efa-RaftLogWorker for Storage Directory /opt/src/hadoop-ozone/integration-test/target/test-dir/MiniOzoneClusterImpl-98c1beae-8051-46cc-b74d-379f02bafea9/datanode-2/data/ratis/e2d255a1-0832-4b4a-81d3-c9c387d1ad04
2019-06-14 09:58:16,362 INFO  server.RaftServerConfigKeys (ConfUtils.java:logGet(43)) - raft.server.log.queue.byte-limit = 2147483647 (custom)
2019-06-14 09:58:16,362 INFO  server.RaftServerConfigKeys (ConfUtils.java:logGet(43)) - raft.server.log.queue.element-limit = 1024 (custom)
2019-06-14 09:58:16,362 INFO  server.RaftServerConfigKeys (ConfUtils.java:logGet(43)) - raft.server.log.segment.size.max = 16384 (custom)
2019-06-14 09:58:16,362 INFO  server.RaftServerConfigKeys (ConfUtils.java:logGet(43)) - raft.server.log.preallocated.size = 16384 (custom)
2019-06-14 09:58:16,362 INFO  server.RaftServerConfigKeys (ConfUtils.java:logGet(43)) - raft.server.log.write.buffer.size = 33554432 (custom)
2019-06-14 09:58:16,362 INFO  server.RaftServerConfigKeys (ConfUtils.java:logGet(43)) - raft.server.log.force.sync.num = 128 (default)
2019-06-14 09:58:16,362 INFO  server.RaftServerConfigKeys (ConfUtils.java:logGet(43)) - raft.server.log.statemachine.data.sync = true (default)
2019-06-14 09:58:16,362 INFO  server.RaftServerConfigKeys (ConfUtils.java:logGet(43)) - raft.server.log.statemachine.data.sync.timeout = 10s (default)
2019-06-14 09:58:16,363 INFO  server.RaftServerConfigKeys (ConfUtils.java:logGet(43)) - raft.server.log.statemachine.data.sync.timeout.retry = -1 (default)
2019-06-14 09:58:16,363 INFO  server.RaftServerConfigKeys (ConfUtils.java:logGet(43)) - raft.server.log.statemachine.data.caching.enabled = true (custom)
2019-06-14 09:58:16,363 INFO  server.RaftServerConfigKeys (ConfUtils.java:logGet(43)) - raft.server.snapshot.auto.trigger.enabled = true (custom)
2019-06-14 09:58:16,363 INFO  server.RaftServerConfigKeys (ConfUtils.java:logGet(43)) - raft.server.snapshot.auto.trigger.threshold = 10000 (custom)
2019-06-14 09:58:16,363 INFO  server.RaftServerConfigKeys (ConfUtils.java:logGet(43)) - raft.server.retrycache.expirytime = 600000ms (custom)
2019-06-14 09:58:16,364 INFO  impl.RaftServerImpl (RaftServerImpl.java:start(173)) - 0980630e-f465-4150-bb0a-cd73696a5efa: start group-C9C387D1AD04
2019-06-14 09:58:16,364 INFO  impl.RaftServerImpl (RaftServerImpl.java:setRole(164)) - 0980630e-f465-4150-bb0a-cd73696a5efa:group-C9C387D1AD04 changes role from null to FOLLOWER at term 0 for startAsFollower
2019-06-14 09:58:16,364 INFO  impl.RoleInfo (RoleInfo.java:updateAndGet(143)) - 0980630e-f465-4150-bb0a-cd73696a5efa: start FollowerState
2019-06-14 09:58:16,365 INFO  util.JmxRegister (JmxRegister.java:tryRegister(44)) - Successfully registered JMX Bean with object name Ratis:service=RaftServer,group=group-C9C387D1AD04,id=0980630e-f465-4150-bb0a-cd73696a5efa
2019-06-14 09:58:16,373 INFO  pipeline.PipelineStateManager (PipelineStateManager.java:addPipeline(56)) - Created pipeline Pipeline[ Id: e2d255a1-0832-4b4a-81d3-c9c387d1ad04, Nodes: 0980630e-f465-4150-bb0a-cd73696a5efa{ip: 192.168.105.157, host: ozone-mm759-2607770056, networkLocation: /default-rack, certSerialId: null}, Type:RATIS, Factor:ONE, State:OPEN]
2019-06-14 09:58:16,388 INFO  impl.RaftServerProxy (RaftServerProxy.java:addNew(89)) - f6776fe2-f90f-494f-8a12-432d2d517eb8: addNew group-735E4C6EB350:[f6776fe2-f90f-494f-8a12-432d2d517eb8:192.168.105.157:46723] returns group-735E4C6EB350:java.util.concurrent.CompletableFuture@50f10c31[Not completed]
2019-06-14 09:58:16,411 INFO  node.SCMNodeManager (SCMNodeManager.java:register(234)) - Registered Data node : 99a5110c-5ef4-492c-9e1e-46e0e48d57c4{ip: 192.168.105.157, host: ozone-mm759-2607770056, networkLocation: /default-rack, certSerialId: null}
2019-06-14 09:58:16,418 INFO  impl.RaftServerImpl (RaftServerImpl.java:<init>(91)) - f6776fe2-f90f-494f-8a12-432d2d517eb8: new RaftServerImpl for group-735E4C6EB350:[f6776fe2-f90f-494f-8a12-432d2d517eb8:192.168.105.157:46723] with ContainerStateMachine:uninitialized
2019-06-14 09:58:16,418 INFO  server.RaftServerConfigKeys (ConfUtils.java:logGet(43)) - raft.server.rpc.timeout.min = 1s (custom)
2019-06-14 09:58:16,418 INFO  server.RaftServerConfigKeys (ConfUtils.java:logGet(43)) - raft.server.rpc.timeout.max = 1200ms (custom)
2019-06-14 09:58:16,418 INFO  server.RaftServerConfigKeys (ConfUtils.java:logGet(43)) - raft.server.rpcslowness.timeout = 10s (custom)
2019-06-14 09:58:16,418 INFO  server.RaftServerConfigKeys (ConfUtils.java:logGet(43)) - raft.server.log.appender.install.snapshot.enabled = true (default)
2019-06-14 09:58:16,418 INFO  impl.RaftServerImpl (ServerState.java:<init>(101)) - f6776fe2-f90f-494f-8a12-432d2d517eb8:group-735E4C6EB350 ConfigurationManager, init=-1: [f6776fe2-f90f-494f-8a12-432d2d517eb8:192.168.105.157:46723], old=null, confs=<EMPTY_MAP>
2019-06-14 09:58:16,418 INFO  server.RaftServerConfigKeys (ConfUtils.java:logGet(43)) - raft.server.storage.dir = [/opt/src/hadoop-ozone/integration-test/target/test-dir/MiniOzoneClusterImpl-98c1beae-8051-46cc-b74d-379f02bafea9/datanode-1/data/ratis] (custom)
2019-06-14 09:58:16,419 INFO  storage.RaftStorageDirectory (RaftStorageDirectory.java:analyzeStorage(246)) - The storage directory /opt/src/hadoop-ozone/integration-test/target/test-dir/MiniOzoneClusterImpl-98c1beae-8051-46cc-b74d-379f02bafea9/datanode-1/data/ratis/437c37e0-691e-4866-b72a-735e4c6eb350 does not exist. Creating ...
2019-06-14 09:58:16,422 INFO  storage.RaftStorageDirectory (RaftStorageDirectory.java:tryLock(328)) - Lock on /opt/src/hadoop-ozone/integration-test/target/test-dir/MiniOzoneClusterImpl-98c1beae-8051-46cc-b74d-379f02bafea9/datanode-1/data/ratis/437c37e0-691e-4866-b72a-735e4c6eb350/in_use.lock acquired by nodename 9206@ozone-mm759-2607770056
2019-06-14 09:58:16,424 INFO  storage.RaftStorage (RaftStorage.java:format(75)) - Storage directory /opt/src/hadoop-ozone/integration-test/target/test-dir/MiniOzoneClusterImpl-98c1beae-8051-46cc-b74d-379f02bafea9/datanode-1/data/ratis/437c37e0-691e-4866-b72a-735e4c6eb350 has been successfully formatted.
2019-06-14 09:58:16,425 INFO  ratis.ContainerStateMachine (ContainerStateMachine.java:loadSnapshot(199)) - The snapshot info is null.Setting the last applied index to:(t:0, i:~)
2019-06-14 09:58:16,426 INFO  server.RaftServerConfigKeys (ConfUtils.java:logGet(43)) - raft.server.leader.election.timeout = 10s (custom)
2019-06-14 09:58:16,426 INFO  server.RaftServerConfigKeys (ConfUtils.java:logGet(43)) - raft.server.log.use.memory = false (default)
2019-06-14 09:58:16,426 INFO  server.RaftServerConfigKeys (ConfUtils.java:logGet(43)) - raft.server.log.appender.buffer.byte-limit = 33554432 (custom)
2019-06-14 09:58:16,426 INFO  server.RaftServerConfigKeys (ConfUtils.java:logGet(43)) - raft.server.log.segment.size.max = 16384 (custom)
2019-06-14 09:58:16,426 INFO  server.RaftServerConfigKeys (ConfUtils.java:logGet(43)) - raft.server.log.segment.cache.num.max = 2 (custom)
2019-06-14 09:58:16,426 INFO  storage.RaftLogWorker (RaftLogWorker.java:<init>(123)) - new f6776fe2-f90f-494f-8a12-432d2d517eb8-RaftLogWorker for Storage Directory /opt/src/hadoop-ozone/integration-test/target/test-dir/MiniOzoneClusterImpl-98c1beae-8051-46cc-b74d-379f02bafea9/datanode-1/data/ratis/437c37e0-691e-4866-b72a-735e4c6eb350
2019-06-14 09:58:16,426 INFO  server.RaftServerConfigKeys (ConfUtils.java:logGet(43)) - raft.server.log.queue.byte-limit = 2147483647 (custom)
2019-06-14 09:58:16,426 INFO  server.RaftServerConfigKeys (ConfUtils.java:logGet(43)) - raft.server.log.queue.element-limit = 1024 (custom)
2019-06-14 09:58:16,427 INFO  server.RaftServerConfigKeys (ConfUtils.java:logGet(43)) - raft.server.log.segment.size.max = 16384 (custom)
2019-06-14 09:58:16,427 INFO  server.RaftServerConfigKeys (ConfUtils.java:logGet(43)) - raft.server.log.preallocated.size = 16384 (custom)
2019-06-14 09:58:16,427 INFO  server.RaftServerConfigKeys (ConfUtils.java:logGet(43)) - raft.server.log.write.buffer.size = 33554432 (custom)
2019-06-14 09:58:16,427 INFO  server.RaftServerConfigKeys (ConfUtils.java:logGet(43)) - raft.server.log.force.sync.num = 128 (default)
2019-06-14 09:58:16,427 INFO  server.RaftServerConfigKeys (ConfUtils.java:logGet(43)) - raft.server.log.statemachine.data.sync = true (default)
2019-06-14 09:58:16,427 INFO  server.RaftServerConfigKeys (ConfUtils.java:logGet(43)) - raft.server.log.statemachine.data.sync.timeout = 10s (default)
2019-06-14 09:58:16,427 INFO  server.RaftServerConfigKeys (ConfUtils.java:logGet(43)) - raft.server.log.statemachine.data.sync.timeout.retry = -1 (default)
2019-06-14 09:58:16,427 INFO  server.RaftServerConfigKeys (ConfUtils.java:logGet(43)) - raft.server.log.statemachine.data.caching.enabled = true (custom)
2019-06-14 09:58:16,427 INFO  server.RaftServerConfigKeys (ConfUtils.java:logGet(43)) - raft.server.snapshot.auto.trigger.enabled = true (custom)
2019-06-14 09:58:16,428 INFO  server.RaftServerConfigKeys (ConfUtils.java:logGet(43)) - raft.server.snapshot.auto.trigger.threshold = 10000 (custom)
2019-06-14 09:58:16,428 INFO  server.RaftServerConfigKeys (ConfUtils.java:logGet(43)) - raft.server.retrycache.expirytime = 600000ms (custom)
2019-06-14 09:58:16,428 INFO  impl.RaftServerImpl (RaftServerImpl.java:start(173)) - f6776fe2-f90f-494f-8a12-432d2d517eb8: start group-735E4C6EB350
2019-06-14 09:58:16,428 INFO  impl.RaftServerImpl (RaftServerImpl.java:setRole(164)) - f6776fe2-f90f-494f-8a12-432d2d517eb8:group-735E4C6EB350 changes role from null to FOLLOWER at term 0 for startAsFollower
2019-06-14 09:58:16,428 INFO  impl.RoleInfo (RoleInfo.java:updateAndGet(143)) - f6776fe2-f90f-494f-8a12-432d2d517eb8: start FollowerState
2019-06-14 09:58:16,428 INFO  util.JmxRegister (JmxRegister.java:tryRegister(44)) - Successfully registered JMX Bean with object name Ratis:service=RaftServer,group=group-735E4C6EB350,id=f6776fe2-f90f-494f-8a12-432d2d517eb8
2019-06-14 09:58:16,436 INFO  pipeline.PipelineStateManager (PipelineStateManager.java:addPipeline(56)) - Created pipeline Pipeline[ Id: 437c37e0-691e-4866-b72a-735e4c6eb350, Nodes: f6776fe2-f90f-494f-8a12-432d2d517eb8{ip: 192.168.105.157, host: ozone-mm759-2607770056, networkLocation: /default-rack, certSerialId: null}, Type:RATIS, Factor:ONE, State:OPEN]
2019-06-14 09:58:16,451 INFO  impl.RaftServerProxy (RaftServerProxy.java:addNew(89)) - 99a5110c-5ef4-492c-9e1e-46e0e48d57c4: addNew group-72568FC4D86A:[99a5110c-5ef4-492c-9e1e-46e0e48d57c4:192.168.105.157:45473] returns group-72568FC4D86A:java.util.concurrent.CompletableFuture@11d29276[Not completed]
2019-06-14 09:58:16,455 INFO  impl.RaftServerImpl (RaftServerImpl.java:<init>(91)) - 99a5110c-5ef4-492c-9e1e-46e0e48d57c4: new RaftServerImpl for group-72568FC4D86A:[99a5110c-5ef4-492c-9e1e-46e0e48d57c4:192.168.105.157:45473] with ContainerStateMachine:uninitialized
2019-06-14 09:58:16,456 INFO  server.RaftServerConfigKeys (ConfUtils.java:logGet(43)) - raft.server.rpc.timeout.min = 1s (custom)
2019-06-14 09:58:16,456 INFO  server.RaftServerConfigKeys (ConfUtils.java:logGet(43)) - raft.server.rpc.timeout.max = 1200ms (custom)
2019-06-14 09:58:16,456 INFO  server.RaftServerConfigKeys (ConfUtils.java:logGet(43)) - raft.server.rpcslowness.timeout = 10s (custom)
2019-06-14 09:58:16,456 INFO  server.RaftServerConfigKeys (ConfUtils.java:logGet(43)) - raft.server.log.appender.install.snapshot.enabled = true (default)
2019-06-14 09:58:16,456 INFO  impl.RaftServerImpl (ServerState.java:<init>(101)) - 99a5110c-5ef4-492c-9e1e-46e0e48d57c4:group-72568FC4D86A ConfigurationManager, init=-1: [99a5110c-5ef4-492c-9e1e-46e0e48d57c4:192.168.105.157:45473], old=null, confs=<EMPTY_MAP>
2019-06-14 09:58:16,456 INFO  server.RaftServerConfigKeys (ConfUtils.java:logGet(43)) - raft.server.storage.dir = [/opt/src/hadoop-ozone/integration-test/target/test-dir/MiniOzoneClusterImpl-98c1beae-8051-46cc-b74d-379f02bafea9/datanode-3/data/ratis] (custom)
2019-06-14 09:58:16,456 INFO  storage.RaftStorageDirectory (RaftStorageDirectory.java:analyzeStorage(246)) - The storage directory /opt/src/hadoop-ozone/integration-test/target/test-dir/MiniOzoneClusterImpl-98c1beae-8051-46cc-b74d-379f02bafea9/datanode-3/data/ratis/8fd3f2e1-698d-4a79-949d-72568fc4d86a does not exist. Creating ...
2019-06-14 09:58:16,458 INFO  storage.RaftStorageDirectory (RaftStorageDirectory.java:tryLock(328)) - Lock on /opt/src/hadoop-ozone/integration-test/target/test-dir/MiniOzoneClusterImpl-98c1beae-8051-46cc-b74d-379f02bafea9/datanode-3/data/ratis/8fd3f2e1-698d-4a79-949d-72568fc4d86a/in_use.lock acquired by nodename 9206@ozone-mm759-2607770056
2019-06-14 09:58:16,460 INFO  storage.RaftStorage (RaftStorage.java:format(75)) - Storage directory /opt/src/hadoop-ozone/integration-test/target/test-dir/MiniOzoneClusterImpl-98c1beae-8051-46cc-b74d-379f02bafea9/datanode-3/data/ratis/8fd3f2e1-698d-4a79-949d-72568fc4d86a has been successfully formatted.
2019-06-14 09:58:16,460 INFO  ratis.ContainerStateMachine (ContainerStateMachine.java:loadSnapshot(199)) - The snapshot info is null.Setting the last applied index to:(t:0, i:~)
2019-06-14 09:58:16,460 INFO  server.RaftServerConfigKeys (ConfUtils.java:logGet(43)) - raft.server.leader.election.timeout = 10s (custom)
2019-06-14 09:58:16,460 INFO  server.RaftServerConfigKeys (ConfUtils.java:logGet(43)) - raft.server.log.use.memory = false (default)
2019-06-14 09:58:16,460 INFO  server.RaftServerConfigKeys (ConfUtils.java:logGet(43)) - raft.server.log.appender.buffer.byte-limit = 33554432 (custom)
2019-06-14 09:58:16,461 INFO  server.RaftServerConfigKeys (ConfUtils.java:logGet(43)) - raft.server.log.segment.size.max = 16384 (custom)
2019-06-14 09:58:16,461 INFO  server.RaftServerConfigKeys (ConfUtils.java:logGet(43)) - raft.server.log.segment.cache.num.max = 2 (custom)
2019-06-14 09:58:16,461 INFO  storage.RaftLogWorker (RaftLogWorker.java:<init>(123)) - new 99a5110c-5ef4-492c-9e1e-46e0e48d57c4-RaftLogWorker for Storage Directory /opt/src/hadoop-ozone/integration-test/target/test-dir/MiniOzoneClusterImpl-98c1beae-8051-46cc-b74d-379f02bafea9/datanode-3/data/ratis/8fd3f2e1-698d-4a79-949d-72568fc4d86a
2019-06-14 09:58:16,461 INFO  server.RaftServerConfigKeys (ConfUtils.java:logGet(43)) - raft.server.log.queue.byte-limit = 2147483647 (custom)
2019-06-14 09:58:16,461 INFO  server.RaftServerConfigKeys (ConfUtils.java:logGet(43)) - raft.server.log.queue.element-limit = 1024 (custom)
2019-06-14 09:58:16,461 INFO  server.RaftServerConfigKeys (ConfUtils.java:logGet(43)) - raft.server.log.segment.size.max = 16384 (custom)
2019-06-14 09:58:16,461 INFO  server.RaftServerConfigKeys (ConfUtils.java:logGet(43)) - raft.server.log.preallocated.size = 16384 (custom)
2019-06-14 09:58:16,461 INFO  server.RaftServerConfigKeys (ConfUtils.java:logGet(43)) - raft.server.log.write.buffer.size = 33554432 (custom)
2019-06-14 09:58:16,461 INFO  server.RaftServerConfigKeys (ConfUtils.java:logGet(43)) - raft.server.log.force.sync.num = 128 (default)
2019-06-14 09:58:16,461 INFO  server.RaftServerConfigKeys (ConfUtils.java:logGet(43)) - raft.server.log.statemachine.data.sync = true (default)
2019-06-14 09:58:16,461 INFO  server.RaftServerConfigKeys (ConfUtils.java:logGet(43)) - raft.server.log.statemachine.data.sync.timeout = 10s (default)
2019-06-14 09:58:16,461 INFO  server.RaftServerConfigKeys (ConfUtils.java:logGet(43)) - raft.server.log.statemachine.data.sync.timeout.retry = -1 (default)
2019-06-14 09:58:16,461 INFO  server.RaftServerConfigKeys (ConfUtils.java:logGet(43)) - raft.server.log.statemachine.data.caching.enabled = true (custom)
2019-06-14 09:58:16,462 INFO  server.RaftServerConfigKeys (ConfUtils.java:logGet(43)) - raft.server.snapshot.auto.trigger.enabled = true (custom)
2019-06-14 09:58:16,462 INFO  server.RaftServerConfigKeys (ConfUtils.java:logGet(43)) - raft.server.snapshot.auto.trigger.threshold = 10000 (custom)
2019-06-14 09:58:16,462 INFO  server.RaftServerConfigKeys (ConfUtils.java:logGet(43)) - raft.server.retrycache.expirytime = 600000ms (custom)
2019-06-14 09:58:16,462 INFO  impl.RaftServerImpl (RaftServerImpl.java:start(173)) - 99a5110c-5ef4-492c-9e1e-46e0e48d57c4: start group-72568FC4D86A
2019-06-14 09:58:16,462 INFO  impl.RaftServerImpl (RaftServerImpl.java:setRole(164)) - 99a5110c-5ef4-492c-9e1e-46e0e48d57c4:group-72568FC4D86A changes role from null to FOLLOWER at term 0 for startAsFollower
2019-06-14 09:58:16,462 INFO  impl.RoleInfo (RoleInfo.java:updateAndGet(143)) - 99a5110c-5ef4-492c-9e1e-46e0e48d57c4: start FollowerState
2019-06-14 09:58:16,462 INFO  util.JmxRegister (JmxRegister.java:tryRegister(44)) - Successfully registered JMX Bean with object name Ratis:service=RaftServer,group=group-72568FC4D86A,id=99a5110c-5ef4-492c-9e1e-46e0e48d57c4
2019-06-14 09:58:16,471 INFO  pipeline.PipelineStateManager (PipelineStateManager.java:addPipeline(56)) - Created pipeline Pipeline[ Id: 8fd3f2e1-698d-4a79-949d-72568fc4d86a, Nodes: 99a5110c-5ef4-492c-9e1e-46e0e48d57c4{ip: 192.168.105.157, host: ozone-mm759-2607770056, networkLocation: /default-rack, certSerialId: null}, Type:RATIS, Factor:ONE, State:OPEN]
2019-06-14 09:58:16,503 INFO  impl.RaftServerProxy (RaftServerProxy.java:addNew(89)) - b84d265f-89c2-48ec-b93e-d5e25c754346: addNew group-AC79DF0F3141:[b84d265f-89c2-48ec-b93e-d5e25c754346:192.168.105.157:39841, f6776fe2-f90f-494f-8a12-432d2d517eb8:192.168.105.157:46723, 0980630e-f465-4150-bb0a-cd73696a5efa:192.168.105.157:36699] returns group-AC79DF0F3141:java.util.concurrent.CompletableFuture@674359fd[Not completed]
2019-06-14 09:58:16,503 INFO  impl.RaftServerProxy (RaftServerProxy.java:addNew(89)) - 0980630e-f465-4150-bb0a-cd73696a5efa: addNew group-AC79DF0F3141:[b84d265f-89c2-48ec-b93e-d5e25c754346:192.168.105.157:39841, f6776fe2-f90f-494f-8a12-432d2d517eb8:192.168.105.157:46723, 0980630e-f465-4150-bb0a-cd73696a5efa:192.168.105.157:36699] returns group-AC79DF0F3141:java.util.concurrent.CompletableFuture@7a76d836[Not completed]
2019-06-14 09:58:16,504 INFO  impl.RaftServerProxy (RaftServerProxy.java:addNew(89)) - f6776fe2-f90f-494f-8a12-432d2d517eb8: addNew group-AC79DF0F3141:[b84d265f-89c2-48ec-b93e-d5e25c754346:192.168.105.157:39841, f6776fe2-f90f-494f-8a12-432d2d517eb8:192.168.105.157:46723, 0980630e-f465-4150-bb0a-cd73696a5efa:192.168.105.157:36699] returns group-AC79DF0F3141:java.util.concurrent.CompletableFuture@37917c9[Not completed]
2019-06-14 09:58:16,504 INFO  impl.RaftServerImpl (RaftServerImpl.java:<init>(91)) - b84d265f-89c2-48ec-b93e-d5e25c754346: new RaftServerImpl for group-AC79DF0F3141:[b84d265f-89c2-48ec-b93e-d5e25c754346:192.168.105.157:39841, f6776fe2-f90f-494f-8a12-432d2d517eb8:192.168.105.157:46723, 0980630e-f465-4150-bb0a-cd73696a5efa:192.168.105.157:36699] with ContainerStateMachine:uninitialized
2019-06-14 09:58:16,505 INFO  server.RaftServerConfigKeys (ConfUtils.java:logGet(43)) - raft.server.rpc.timeout.min = 1s (custom)
2019-06-14 09:58:16,505 INFO  server.RaftServerConfigKeys (ConfUtils.java:logGet(43)) - raft.server.rpc.timeout.max = 1200ms (custom)
2019-06-14 09:58:16,505 INFO  server.RaftServerConfigKeys (ConfUtils.java:logGet(43)) - raft.server.rpcslowness.timeout = 10s (custom)
2019-06-14 09:58:16,505 INFO  server.RaftServerConfigKeys (ConfUtils.java:logGet(43)) - raft.server.log.appender.install.snapshot.enabled = true (default)
2019-06-14 09:58:16,505 INFO  impl.RaftServerImpl (ServerState.java:<init>(101)) - b84d265f-89c2-48ec-b93e-d5e25c754346:group-AC79DF0F3141 ConfigurationManager, init=-1: [b84d265f-89c2-48ec-b93e-d5e25c754346:192.168.105.157:39841, f6776fe2-f90f-494f-8a12-432d2d517eb8:192.168.105.157:46723, 0980630e-f465-4150-bb0a-cd73696a5efa:192.168.105.157:36699], old=null, confs=<EMPTY_MAP>
2019-06-14 09:58:16,505 INFO  impl.RaftServerImpl (RaftServerImpl.java:<init>(91)) - f6776fe2-f90f-494f-8a12-432d2d517eb8: new RaftServerImpl for group-AC79DF0F3141:[b84d265f-89c2-48ec-b93e-d5e25c754346:192.168.105.157:39841, f6776fe2-f90f-494f-8a12-432d2d517eb8:192.168.105.157:46723, 0980630e-f465-4150-bb0a-cd73696a5efa:192.168.105.157:36699] with ContainerStateMachine:uninitialized
2019-06-14 09:58:16,505 INFO  impl.RaftServerImpl (RaftServerImpl.java:<init>(91)) - 0980630e-f465-4150-bb0a-cd73696a5efa: new RaftServerImpl for group-AC79DF0F3141:[b84d265f-89c2-48ec-b93e-d5e25c754346:192.168.105.157:39841, f6776fe2-f90f-494f-8a12-432d2d517eb8:192.168.105.157:46723, 0980630e-f465-4150-bb0a-cd73696a5efa:192.168.105.157:36699] with ContainerStateMachine:uninitialized
2019-06-14 09:58:16,506 INFO  server.RaftServerConfigKeys (ConfUtils.java:logGet(43)) - raft.server.rpc.timeout.min = 1s (custom)
2019-06-14 09:58:16,506 INFO  server.RaftServerConfigKeys (ConfUtils.java:logGet(43)) - raft.server.rpc.timeout.max = 1200ms (custom)
2019-06-14 09:58:16,506 INFO  server.RaftServerConfigKeys (ConfUtils.java:logGet(43)) - raft.server.rpcslowness.timeout = 10s (custom)
2019-06-14 09:58:16,506 INFO  server.RaftServerConfigKeys (ConfUtils.java:logGet(43)) - raft.server.log.appender.install.snapshot.enabled = true (default)
2019-06-14 09:58:16,506 INFO  impl.RaftServerImpl (ServerState.java:<init>(101)) - 0980630e-f465-4150-bb0a-cd73696a5efa:group-AC79DF0F3141 ConfigurationManager, init=-1: [b84d265f-89c2-48ec-b93e-d5e25c754346:192.168.105.157:39841, f6776fe2-f90f-494f-8a12-432d2d517eb8:192.168.105.157:46723, 0980630e-f465-4150-bb0a-cd73696a5efa:192.168.105.157:36699], old=null, confs=<EMPTY_MAP>
2019-06-14 09:58:16,506 INFO  server.RaftServerConfigKeys (ConfUtils.java:logGet(43)) - raft.server.storage.dir = [/opt/src/hadoop-ozone/integration-test/target/test-dir/MiniOzoneClusterImpl-98c1beae-8051-46cc-b74d-379f02bafea9/datanode-2/data/ratis] (custom)
2019-06-14 09:58:16,506 INFO  storage.RaftStorageDirectory (RaftStorageDirectory.java:analyzeStorage(246)) - The storage directory /opt/src/hadoop-ozone/integration-test/target/test-dir/MiniOzoneClusterImpl-98c1beae-8051-46cc-b74d-379f02bafea9/datanode-2/data/ratis/792fc4f8-7c68-4871-9e29-ac79df0f3141 does not exist. Creating ...
2019-06-14 09:58:16,505 INFO  server.RaftServerConfigKeys (ConfUtils.java:logGet(43)) - raft.server.rpc.timeout.min = 1s (custom)
2019-06-14 09:58:16,507 INFO  server.RaftServerConfigKeys (ConfUtils.java:logGet(43)) - raft.server.rpc.timeout.max = 1200ms (custom)
2019-06-14 09:58:16,507 INFO  server.RaftServerConfigKeys (ConfUtils.java:logGet(43)) - raft.server.rpcslowness.timeout = 10s (custom)
2019-06-14 09:58:16,507 INFO  server.RaftServerConfigKeys (ConfUtils.java:logGet(43)) - raft.server.log.appender.install.snapshot.enabled = true (default)
2019-06-14 09:58:16,507 INFO  impl.RaftServerImpl (ServerState.java:<init>(101)) - f6776fe2-f90f-494f-8a12-432d2d517eb8:group-AC79DF0F3141 ConfigurationManager, init=-1: [b84d265f-89c2-48ec-b93e-d5e25c754346:192.168.105.157:39841, f6776fe2-f90f-494f-8a12-432d2d517eb8:192.168.105.157:46723, 0980630e-f465-4150-bb0a-cd73696a5efa:192.168.105.157:36699], old=null, confs=<EMPTY_MAP>
2019-06-14 09:58:16,507 INFO  server.RaftServerConfigKeys (ConfUtils.java:logGet(43)) - raft.server.storage.dir = [/opt/src/hadoop-ozone/integration-test/target/test-dir/MiniOzoneClusterImpl-98c1beae-8051-46cc-b74d-379f02bafea9/datanode-1/data/ratis] (custom)
2019-06-14 09:58:16,505 INFO  server.RaftServerConfigKeys (ConfUtils.java:logGet(43)) - raft.server.storage.dir = [/opt/src/hadoop-ozone/integration-test/target/test-dir/MiniOzoneClusterImpl-98c1beae-8051-46cc-b74d-379f02bafea9/datanode-0/data/ratis] (custom)
2019-06-14 09:58:16,507 INFO  storage.RaftStorageDirectory (RaftStorageDirectory.java:analyzeStorage(246)) - The storage directory /opt/src/hadoop-ozone/integration-test/target/test-dir/MiniOzoneClusterImpl-98c1beae-8051-46cc-b74d-379f02bafea9/datanode-0/data/ratis/792fc4f8-7c68-4871-9e29-ac79df0f3141 does not exist. Creating ...
2019-06-14 09:58:16,508 INFO  storage.RaftStorageDirectory (RaftStorageDirectory.java:analyzeStorage(246)) - The storage directory /opt/src/hadoop-ozone/integration-test/target/test-dir/MiniOzoneClusterImpl-98c1beae-8051-46cc-b74d-379f02bafea9/datanode-1/data/ratis/792fc4f8-7c68-4871-9e29-ac79df0f3141 does not exist. Creating ...
2019-06-14 09:58:16,508 INFO  storage.RaftStorageDirectory (RaftStorageDirectory.java:tryLock(328)) - Lock on /opt/src/hadoop-ozone/integration-test/target/test-dir/MiniOzoneClusterImpl-98c1beae-8051-46cc-b74d-379f02bafea9/datanode-2/data/ratis/792fc4f8-7c68-4871-9e29-ac79df0f3141/in_use.lock acquired by nodename 9206@ozone-mm759-2607770056
2019-06-14 09:58:16,509 INFO  storage.RaftStorageDirectory (RaftStorageDirectory.java:tryLock(328)) - Lock on /opt/src/hadoop-ozone/integration-test/target/test-dir/MiniOzoneClusterImpl-98c1beae-8051-46cc-b74d-379f02bafea9/datanode-0/data/ratis/792fc4f8-7c68-4871-9e29-ac79df0f3141/in_use.lock acquired by nodename 9206@ozone-mm759-2607770056
2019-06-14 09:58:16,509 INFO  storage.RaftStorageDirectory (RaftStorageDirectory.java:tryLock(328)) - Lock on /opt/src/hadoop-ozone/integration-test/target/test-dir/MiniOzoneClusterImpl-98c1beae-8051-46cc-b74d-379f02bafea9/datanode-1/data/ratis/792fc4f8-7c68-4871-9e29-ac79df0f3141/in_use.lock acquired by nodename 9206@ozone-mm759-2607770056
2019-06-14 09:58:16,512 INFO  storage.RaftStorage (RaftStorage.java:format(75)) - Storage directory /opt/src/hadoop-ozone/integration-test/target/test-dir/MiniOzoneClusterImpl-98c1beae-8051-46cc-b74d-379f02bafea9/datanode-2/data/ratis/792fc4f8-7c68-4871-9e29-ac79df0f3141 has been successfully formatted.
2019-06-14 09:58:16,512 INFO  storage.RaftStorage (RaftStorage.java:format(75)) - Storage directory /opt/src/hadoop-ozone/integration-test/target/test-dir/MiniOzoneClusterImpl-98c1beae-8051-46cc-b74d-379f02bafea9/datanode-0/data/ratis/792fc4f8-7c68-4871-9e29-ac79df0f3141 has been successfully formatted.
2019-06-14 09:58:16,512 INFO  ratis.ContainerStateMachine (ContainerStateMachine.java:loadSnapshot(199)) - The snapshot info is null.Setting the last applied index to:(t:0, i:~)
2019-06-14 09:58:16,512 INFO  ratis.ContainerStateMachine (ContainerStateMachine.java:loadSnapshot(199)) - The snapshot info is null.Setting the last applied index to:(t:0, i:~)
2019-06-14 09:58:16,512 INFO  server.RaftServerConfigKeys (ConfUtils.java:logGet(43)) - raft.server.leader.election.timeout = 10s (custom)
2019-06-14 09:58:16,512 INFO  server.RaftServerConfigKeys (ConfUtils.java:logGet(43)) - raft.server.leader.election.timeout = 10s (custom)
2019-06-14 09:58:16,512 INFO  server.RaftServerConfigKeys (ConfUtils.java:logGet(43)) - raft.server.log.use.memory = false (default)
2019-06-14 09:58:16,512 INFO  server.RaftServerConfigKeys (ConfUtils.java:logGet(43)) - raft.server.log.use.memory = false (default)
2019-06-14 09:58:16,512 INFO  server.RaftServerConfigKeys (ConfUtils.java:logGet(43)) - raft.server.log.appender.buffer.byte-limit = 33554432 (custom)
2019-06-14 09:58:16,513 INFO  server.RaftServerConfigKeys (ConfUtils.java:logGet(43)) - raft.server.log.appender.buffer.byte-limit = 33554432 (custom)
2019-06-14 09:58:16,513 INFO  server.RaftServerConfigKeys (ConfUtils.java:logGet(43)) - raft.server.log.segment.size.max = 16384 (custom)
2019-06-14 09:58:16,513 INFO  storage.RaftStorage (RaftStorage.java:format(75)) - Storage directory /opt/src/hadoop-ozone/integration-test/target/test-dir/MiniOzoneClusterImpl-98c1beae-8051-46cc-b74d-379f02bafea9/datanode-1/data/ratis/792fc4f8-7c68-4871-9e29-ac79df0f3141 has been successfully formatted.
2019-06-14 09:58:16,513 INFO  server.RaftServerConfigKeys (ConfUtils.java:logGet(43)) - raft.server.log.segment.size.max = 16384 (custom)
2019-06-14 09:58:16,513 INFO  ratis.ContainerStateMachine (ContainerStateMachine.java:loadSnapshot(199)) - The snapshot info is null.Setting the last applied index to:(t:0, i:~)
2019-06-14 09:58:16,513 INFO  server.RaftServerConfigKeys (ConfUtils.java:logGet(43)) - raft.server.log.segment.cache.num.max = 2 (custom)
2019-06-14 09:58:16,513 INFO  server.RaftServerConfigKeys (ConfUtils.java:logGet(43)) - raft.server.leader.election.timeout = 10s (custom)
2019-06-14 09:58:16,513 INFO  server.RaftServerConfigKeys (ConfUtils.java:logGet(43)) - raft.server.log.segment.cache.num.max = 2 (custom)
2019-06-14 09:58:16,513 INFO  server.RaftServerConfigKeys (ConfUtils.java:logGet(43)) - raft.server.log.use.memory = false (default)
2019-06-14 09:58:16,513 INFO  storage.RaftLogWorker (RaftLogWorker.java:<init>(123)) - new b84d265f-89c2-48ec-b93e-d5e25c754346-RaftLogWorker for Storage Directory /opt/src/hadoop-ozone/integration-test/target/test-dir/MiniOzoneClusterImpl-98c1beae-8051-46cc-b74d-379f02bafea9/datanode-0/data/ratis/792fc4f8-7c68-4871-9e29-ac79df0f3141
2019-06-14 09:58:16,514 INFO  server.RaftServerConfigKeys (ConfUtils.java:logGet(43)) - raft.server.log.appender.buffer.byte-limit = 33554432 (custom)
2019-06-14 09:58:16,513 INFO  storage.RaftLogWorker (RaftLogWorker.java:<init>(123)) - new 0980630e-f465-4150-bb0a-cd73696a5efa-RaftLogWorker for Storage Directory /opt/src/hadoop-ozone/integration-test/target/test-dir/MiniOzoneClusterImpl-98c1beae-8051-46cc-b74d-379f02bafea9/datanode-2/data/ratis/792fc4f8-7c68-4871-9e29-ac79df0f3141
2019-06-14 09:58:16,514 INFO  server.RaftServerConfigKeys (ConfUtils.java:logGet(43)) - raft.server.log.segment.size.max = 16384 (custom)
2019-06-14 09:58:16,514 INFO  server.RaftServerConfigKeys (ConfUtils.java:logGet(43)) - raft.server.log.queue.byte-limit = 2147483647 (custom)
2019-06-14 09:58:16,514 INFO  server.RaftServerConfigKeys (ConfUtils.java:logGet(43)) - raft.server.log.segment.cache.num.max = 2 (custom)
2019-06-14 09:58:16,514 INFO  server.RaftServerConfigKeys (ConfUtils.java:logGet(43)) - raft.server.log.queue.byte-limit = 2147483647 (custom)
2019-06-14 09:58:16,514 INFO  storage.RaftLogWorker (RaftLogWorker.java:<init>(123)) - new f6776fe2-f90f-494f-8a12-432d2d517eb8-RaftLogWorker for Storage Directory /opt/src/hadoop-ozone/integration-test/target/test-dir/MiniOzoneClusterImpl-98c1beae-8051-46cc-b74d-379f02bafea9/datanode-1/data/ratis/792fc4f8-7c68-4871-9e29-ac79df0f3141
2019-06-14 09:58:16,514 INFO  server.RaftServerConfigKeys (ConfUtils.java:logGet(43)) - raft.server.log.queue.element-limit = 1024 (custom)
2019-06-14 09:58:16,514 INFO  server.RaftServerConfigKeys (ConfUtils.java:logGet(43)) - raft.server.log.queue.byte-limit = 2147483647 (custom)
2019-06-14 09:58:16,514 INFO  server.RaftServerConfigKeys (ConfUtils.java:logGet(43)) - raft.server.log.queue.element-limit = 1024 (custom)
2019-06-14 09:58:16,514 INFO  server.RaftServerConfigKeys (ConfUtils.java:logGet(43)) - raft.server.log.queue.element-limit = 1024 (custom)
2019-06-14 09:58:16,514 INFO  server.RaftServerConfigKeys (ConfUtils.java:logGet(43)) - raft.server.log.segment.size.max = 16384 (custom)
2019-06-14 09:58:16,515 INFO  server.RaftServerConfigKeys (ConfUtils.java:logGet(43)) - raft.server.log.segment.size.max = 16384 (custom)
2019-06-14 09:58:16,515 INFO  server.RaftServerConfigKeys (ConfUtils.java:logGet(43)) - raft.server.log.segment.size.max = 16384 (custom)
2019-06-14 09:58:16,515 INFO  server.RaftServerConfigKeys (ConfUtils.java:logGet(43)) - raft.server.log.preallocated.size = 16384 (custom)
2019-06-14 09:58:16,515 INFO  server.RaftServerConfigKeys (ConfUtils.java:logGet(43)) - raft.server.log.preallocated.size = 16384 (custom)
2019-06-14 09:58:16,515 INFO  server.RaftServerConfigKeys (ConfUtils.java:logGet(43)) - raft.server.log.write.buffer.size = 33554432 (custom)
2019-06-14 09:58:16,515 INFO  server.RaftServerConfigKeys (ConfUtils.java:logGet(43)) - raft.server.log.preallocated.size = 16384 (custom)
2019-06-14 09:58:16,515 INFO  server.RaftServerConfigKeys (ConfUtils.java:logGet(43)) - raft.server.log.force.sync.num = 128 (default)
2019-06-14 09:58:16,515 INFO  server.RaftServerConfigKeys (ConfUtils.java:logGet(43)) - raft.server.log.write.buffer.size = 33554432 (custom)
2019-06-14 09:58:16,515 INFO  server.RaftServerConfigKeys (ConfUtils.java:logGet(43)) - raft.server.log.statemachine.data.sync = true (default)
2019-06-14 09:58:16,515 INFO  server.RaftServerConfigKeys (ConfUtils.java:logGet(43)) - raft.server.log.write.buffer.size = 33554432 (custom)
2019-06-14 09:58:16,516 INFO  server.RaftServerConfigKeys (ConfUtils.java:logGet(43)) - raft.server.log.statemachine.data.sync.timeout = 10s (default)
2019-06-14 09:58:16,515 INFO  server.RaftServerConfigKeys (ConfUtils.java:logGet(43)) - raft.server.log.force.sync.num = 128 (default)
2019-06-14 09:58:16,516 INFO  server.RaftServerConfigKeys (ConfUtils.java:logGet(43)) - raft.server.log.statemachine.data.sync.timeout.retry = -1 (default)
2019-06-14 09:58:16,516 INFO  server.RaftServerConfigKeys (ConfUtils.java:logGet(43)) - raft.server.log.force.sync.num = 128 (default)
2019-06-14 09:58:16,516 INFO  server.RaftServerConfigKeys (ConfUtils.java:logGet(43)) - raft.server.log.statemachine.data.caching.enabled = true (custom)
2019-06-14 09:58:16,516 INFO  server.RaftServerConfigKeys (ConfUtils.java:logGet(43)) - raft.server.log.statemachine.data.sync = true (default)
2019-06-14 09:58:16,516 INFO  server.RaftServerConfigKeys (ConfUtils.java:logGet(43)) - raft.server.log.statemachine.data.sync = true (default)
2019-06-14 09:58:16,516 INFO  server.RaftServerConfigKeys (ConfUtils.java:logGet(43)) - raft.server.log.statemachine.data.sync.timeout = 10s (default)
2019-06-14 09:58:16,517 INFO  server.RaftServerConfigKeys (ConfUtils.java:logGet(43)) - raft.server.log.statemachine.data.sync.timeout.retry = -1 (default)
2019-06-14 09:58:16,517 INFO  server.RaftServerConfigKeys (ConfUtils.java:logGet(43)) - raft.server.log.statemachine.data.caching.enabled = true (custom)
2019-06-14 09:58:16,516 INFO  server.RaftServerConfigKeys (ConfUtils.java:logGet(43)) - raft.server.log.statemachine.data.sync.timeout = 10s (default)
2019-06-14 09:58:16,517 INFO  server.RaftServerConfigKeys (ConfUtils.java:logGet(43)) - raft.server.snapshot.auto.trigger.enabled = true (custom)
2019-06-14 09:58:16,517 INFO  server.RaftServerConfigKeys (ConfUtils.java:logGet(43)) - raft.server.snapshot.auto.trigger.threshold = 10000 (custom)
2019-06-14 09:58:16,517 INFO  server.RaftServerConfigKeys (ConfUtils.java:logGet(43)) - raft.server.snapshot.auto.trigger.enabled = true (custom)
2019-06-14 09:58:16,517 INFO  server.RaftServerConfigKeys (ConfUtils.java:logGet(43)) - raft.server.retrycache.expirytime = 600000ms (custom)
2019-06-14 09:58:16,517 INFO  server.RaftServerConfigKeys (ConfUtils.java:logGet(43)) - raft.server.log.statemachine.data.sync.timeout.retry = -1 (default)
2019-06-14 09:58:16,518 INFO  impl.RaftServerImpl (RaftServerImpl.java:start(173)) - 0980630e-f465-4150-bb0a-cd73696a5efa: start group-AC79DF0F3141
2019-06-14 09:58:16,517 INFO  server.RaftServerConfigKeys (ConfUtils.java:logGet(43)) - raft.server.snapshot.auto.trigger.threshold = 10000 (custom)
2019-06-14 09:58:16,518 INFO  impl.RaftServerImpl (RaftServerImpl.java:setRole(164)) - 0980630e-f465-4150-bb0a-cd73696a5efa:group-AC79DF0F3141 changes role from null to FOLLOWER at term 0 for startAsFollower
2019-06-14 09:58:16,518 INFO  server.RaftServerConfigKeys (ConfUtils.java:logGet(43)) - raft.server.retrycache.expirytime = 600000ms (custom)
2019-06-14 09:58:16,518 INFO  impl.RaftServerImpl (RaftServerImpl.java:start(173)) - f6776fe2-f90f-494f-8a12-432d2d517eb8: start group-AC79DF0F3141
2019-06-14 09:58:16,518 INFO  impl.RaftServerImpl (RaftServerImpl.java:setRole(164)) - f6776fe2-f90f-494f-8a12-432d2d517eb8:group-AC79DF0F3141 changes role from null to FOLLOWER at term 0 for startAsFollower
2019-06-14 09:58:16,518 INFO  impl.RoleInfo (RoleInfo.java:updateAndGet(143)) - f6776fe2-f90f-494f-8a12-432d2d517eb8: start FollowerState
2019-06-14 09:58:16,518 INFO  server.RaftServerConfigKeys (ConfUtils.java:logGet(43)) - raft.server.log.statemachine.data.caching.enabled = true (custom)
2019-06-14 09:58:16,518 INFO  impl.RoleInfo (RoleInfo.java:updateAndGet(143)) - 0980630e-f465-4150-bb0a-cd73696a5efa: start FollowerState
2019-06-14 09:58:16,518 INFO  util.JmxRegister (JmxRegister.java:tryRegister(44)) - Successfully registered JMX Bean with object name Ratis:service=RaftServer,group=group-AC79DF0F3141,id=f6776fe2-f90f-494f-8a12-432d2d517eb8
2019-06-14 09:58:16,519 INFO  util.JmxRegister (JmxRegister.java:tryRegister(44)) - Successfully registered JMX Bean with object name Ratis:service=RaftServer,group=group-AC79DF0F3141,id=0980630e-f465-4150-bb0a-cd73696a5efa
2019-06-14 09:58:16,519 INFO  server.RaftServerConfigKeys (ConfUtils.java:logGet(43)) - raft.server.snapshot.auto.trigger.enabled = true (custom)
2019-06-14 09:58:16,519 INFO  server.RaftServerConfigKeys (ConfUtils.java:logGet(43)) - raft.server.snapshot.auto.trigger.threshold = 10000 (custom)
2019-06-14 09:58:16,519 INFO  server.RaftServerConfigKeys (ConfUtils.java:logGet(43)) - raft.server.retrycache.expirytime = 600000ms (custom)
2019-06-14 09:58:16,519 INFO  impl.RaftServerImpl (RaftServerImpl.java:start(173)) - b84d265f-89c2-48ec-b93e-d5e25c754346: start group-AC79DF0F3141
2019-06-14 09:58:16,520 INFO  impl.RaftServerImpl (RaftServerImpl.java:setRole(164)) - b84d265f-89c2-48ec-b93e-d5e25c754346:group-AC79DF0F3141 changes role from null to FOLLOWER at term 0 for startAsFollower
2019-06-14 09:58:16,520 INFO  impl.RoleInfo (RoleInfo.java:updateAndGet(143)) - b84d265f-89c2-48ec-b93e-d5e25c754346: start FollowerState
2019-06-14 09:58:16,522 INFO  util.JmxRegister (JmxRegister.java:tryRegister(44)) - Successfully registered JMX Bean with object name Ratis:service=RaftServer,group=group-AC79DF0F3141,id=b84d265f-89c2-48ec-b93e-d5e25c754346
2019-06-14 09:58:16,530 INFO  pipeline.PipelineStateManager (PipelineStateManager.java:addPipeline(56)) - Created pipeline Pipeline[ Id: 792fc4f8-7c68-4871-9e29-ac79df0f3141, Nodes: 0980630e-f465-4150-bb0a-cd73696a5efa{ip: 192.168.105.157, host: ozone-mm759-2607770056, networkLocation: /default-rack, certSerialId: null}b84d265f-89c2-48ec-b93e-d5e25c754346{ip: 192.168.105.157, host: ozone-mm759-2607770056, networkLocation: /default-rack, certSerialId: null}f6776fe2-f90f-494f-8a12-432d2d517eb8{ip: 192.168.105.157, host: ozone-mm759-2607770056, networkLocation: /default-rack, certSerialId: null}, Type:RATIS, Factor:THREE, State:OPEN]
2019-06-14 09:58:16,556 INFO  node.SCMNodeManager (SCMNodeManager.java:register(234)) - Registered Data node : 5486ca28-bb35-4014-ac63-219674d08a21{ip: 192.168.105.157, host: ozone-mm759-2607770056, networkLocation: /default-rack, certSerialId: null}
2019-06-14 09:58:16,565 INFO  impl.RaftServerProxy (RaftServerProxy.java:addNew(89)) - 5486ca28-bb35-4014-ac63-219674d08a21: addNew group-F1B78D73AA5A:[5486ca28-bb35-4014-ac63-219674d08a21:192.168.105.157:45471] returns group-F1B78D73AA5A:java.util.concurrent.CompletableFuture@3840e33c[Not completed]
2019-06-14 09:58:16,566 INFO  impl.RaftServerImpl (RaftServerImpl.java:<init>(91)) - 5486ca28-bb35-4014-ac63-219674d08a21: new RaftServerImpl for group-F1B78D73AA5A:[5486ca28-bb35-4014-ac63-219674d08a21:192.168.105.157:45471] with ContainerStateMachine:uninitialized
2019-06-14 09:58:16,567 INFO  server.RaftServerConfigKeys (ConfUtils.java:logGet(43)) - raft.server.rpc.timeout.min = 1s (custom)
2019-06-14 09:58:16,567 INFO  server.RaftServerConfigKeys (ConfUtils.java:logGet(43)) - raft.server.rpc.timeout.max = 1200ms (custom)
2019-06-14 09:58:16,567 INFO  server.RaftServerConfigKeys (ConfUtils.java:logGet(43)) - raft.server.rpcslowness.timeout = 10s (custom)
2019-06-14 09:58:16,567 INFO  server.RaftServerConfigKeys (ConfUtils.java:logGet(43)) - raft.server.log.appender.install.snapshot.enabled = true (default)
2019-06-14 09:58:16,567 INFO  impl.RaftServerImpl (ServerState.java:<init>(101)) - 5486ca28-bb35-4014-ac63-219674d08a21:group-F1B78D73AA5A ConfigurationManager, init=-1: [5486ca28-bb35-4014-ac63-219674d08a21:192.168.105.157:45471], old=null, confs=<EMPTY_MAP>
2019-06-14 09:58:16,567 INFO  server.RaftServerConfigKeys (ConfUtils.java:logGet(43)) - raft.server.storage.dir = [/opt/src/hadoop-ozone/integration-test/target/test-dir/MiniOzoneClusterImpl-98c1beae-8051-46cc-b74d-379f02bafea9/datanode-4/data/ratis] (custom)
2019-06-14 09:58:16,567 INFO  storage.RaftStorageDirectory (RaftStorageDirectory.java:analyzeStorage(246)) - The storage directory /opt/src/hadoop-ozone/integration-test/target/test-dir/MiniOzoneClusterImpl-98c1beae-8051-46cc-b74d-379f02bafea9/datanode-4/data/ratis/831ec773-c3e8-497d-a16b-f1b78d73aa5a does not exist. Creating ...
2019-06-14 09:58:16,569 INFO  storage.RaftStorageDirectory (RaftStorageDirectory.java:tryLock(328)) - Lock on /opt/src/hadoop-ozone/integration-test/target/test-dir/MiniOzoneClusterImpl-98c1beae-8051-46cc-b74d-379f02bafea9/datanode-4/data/ratis/831ec773-c3e8-497d-a16b-f1b78d73aa5a/in_use.lock acquired by nodename 9206@ozone-mm759-2607770056
2019-06-14 09:58:16,572 INFO  storage.RaftStorage (RaftStorage.java:format(75)) - Storage directory /opt/src/hadoop-ozone/integration-test/target/test-dir/MiniOzoneClusterImpl-98c1beae-8051-46cc-b74d-379f02bafea9/datanode-4/data/ratis/831ec773-c3e8-497d-a16b-f1b78d73aa5a has been successfully formatted.
2019-06-14 09:58:16,572 INFO  ratis.ContainerStateMachine (ContainerStateMachine.java:loadSnapshot(199)) - The snapshot info is null.Setting the last applied index to:(t:0, i:~)
2019-06-14 09:58:16,572 INFO  server.RaftServerConfigKeys (ConfUtils.java:logGet(43)) - raft.server.leader.election.timeout = 10s (custom)
2019-06-14 09:58:16,572 INFO  server.RaftServerConfigKeys (ConfUtils.java:logGet(43)) - raft.server.log.use.memory = false (default)
2019-06-14 09:58:16,572 INFO  server.RaftServerConfigKeys (ConfUtils.java:logGet(43)) - raft.server.log.appender.buffer.byte-limit = 33554432 (custom)
2019-06-14 09:58:16,572 INFO  server.RaftServerConfigKeys (ConfUtils.java:logGet(43)) - raft.server.log.segment.size.max = 16384 (custom)
2019-06-14 09:58:16,572 INFO  server.RaftServerConfigKeys (ConfUtils.java:logGet(43)) - raft.server.log.segment.cache.num.max = 2 (custom)
2019-06-14 09:58:16,572 INFO  storage.RaftLogWorker (RaftLogWorker.java:<init>(123)) - new 5486ca28-bb35-4014-ac63-219674d08a21-RaftLogWorker for Storage Directory /opt/src/hadoop-ozone/integration-test/target/test-dir/MiniOzoneClusterImpl-98c1beae-8051-46cc-b74d-379f02bafea9/datanode-4/data/ratis/831ec773-c3e8-497d-a16b-f1b78d73aa5a
2019-06-14 09:58:16,572 INFO  server.RaftServerConfigKeys (ConfUtils.java:logGet(43)) - raft.server.log.queue.byte-limit = 2147483647 (custom)
2019-06-14 09:58:16,572 INFO  server.RaftServerConfigKeys (ConfUtils.java:logGet(43)) - raft.server.log.queue.element-limit = 1024 (custom)
2019-06-14 09:58:16,572 INFO  server.RaftServerConfigKeys (ConfUtils.java:logGet(43)) - raft.server.log.segment.size.max = 16384 (custom)
2019-06-14 09:58:16,573 INFO  server.RaftServerConfigKeys (ConfUtils.java:logGet(43)) - raft.server.log.preallocated.size = 16384 (custom)
2019-06-14 09:58:16,573 INFO  server.RaftServerConfigKeys (ConfUtils.java:logGet(43)) - raft.server.log.write.buffer.size = 33554432 (custom)
2019-06-14 09:58:16,573 INFO  server.RaftServerConfigKeys (ConfUtils.java:logGet(43)) - raft.server.log.force.sync.num = 128 (default)
2019-06-14 09:58:16,573 INFO  server.RaftServerConfigKeys (ConfUtils.java:logGet(43)) - raft.server.log.statemachine.data.sync = true (default)
2019-06-14 09:58:16,573 INFO  server.RaftServerConfigKeys (ConfUtils.java:logGet(43)) - raft.server.log.statemachine.data.sync.timeout = 10s (default)
2019-06-14 09:58:16,573 INFO  server.RaftServerConfigKeys (ConfUtils.java:logGet(43)) - raft.server.log.statemachine.data.sync.timeout.retry = -1 (default)
2019-06-14 09:58:16,573 INFO  server.RaftServerConfigKeys (ConfUtils.java:logGet(43)) - raft.server.log.statemachine.data.caching.enabled = true (custom)
2019-06-14 09:58:16,573 INFO  server.RaftServerConfigKeys (ConfUtils.java:logGet(43)) - raft.server.snapshot.auto.trigger.enabled = true (custom)
2019-06-14 09:58:16,574 INFO  server.RaftServerConfigKeys (ConfUtils.java:logGet(43)) - raft.server.snapshot.auto.trigger.threshold = 10000 (custom)
2019-06-14 09:58:16,574 INFO  server.RaftServerConfigKeys (ConfUtils.java:logGet(43)) - raft.server.retrycache.expirytime = 600000ms (custom)
2019-06-14 09:58:16,574 INFO  impl.RaftServerImpl (RaftServerImpl.java:start(173)) - 5486ca28-bb35-4014-ac63-219674d08a21: start group-F1B78D73AA5A
2019-06-14 09:58:16,574 INFO  impl.RaftServerImpl (RaftServerImpl.java:setRole(164)) - 5486ca28-bb35-4014-ac63-219674d08a21:group-F1B78D73AA5A changes role from null to FOLLOWER at term 0 for startAsFollower
2019-06-14 09:58:16,574 INFO  impl.RoleInfo (RoleInfo.java:updateAndGet(143)) - 5486ca28-bb35-4014-ac63-219674d08a21: start FollowerState
2019-06-14 09:58:16,574 INFO  util.JmxRegister (JmxRegister.java:tryRegister(44)) - Successfully registered JMX Bean with object name Ratis:service=RaftServer,group=group-F1B78D73AA5A,id=5486ca28-bb35-4014-ac63-219674d08a21
2019-06-14 09:58:16,579 INFO  pipeline.PipelineStateManager (PipelineStateManager.java:addPipeline(56)) - Created pipeline Pipeline[ Id: 831ec773-c3e8-497d-a16b-f1b78d73aa5a, Nodes: 5486ca28-bb35-4014-ac63-219674d08a21{ip: 192.168.105.157, host: ozone-mm759-2607770056, networkLocation: /default-rack, certSerialId: null}, Type:RATIS, Factor:ONE, State:OPEN]
2019-06-14 09:58:16,759 INFO  ozone.MiniOzoneClusterImpl (MiniOzoneClusterImpl.java:lambda$waitForClusterToBeReady$0(142)) - Waiting for cluster to be ready. Got 5 of 6 DN Heartbeats.
2019-06-14 09:58:16,764 INFO  node.SCMNodeManager (SCMNodeManager.java:register(234)) - Registered Data node : e466745f-982f-4cdc-98dc-41efb5056212{ip: 192.168.105.157, host: ozone-mm759-2607770056, networkLocation: /default-rack, certSerialId: null}
2019-06-14 09:58:16,775 INFO  impl.RaftServerProxy (RaftServerProxy.java:addNew(89)) - e466745f-982f-4cdc-98dc-41efb5056212: addNew group-9C61EC64C3AE:[e466745f-982f-4cdc-98dc-41efb5056212:192.168.105.157:45517] returns group-9C61EC64C3AE:java.util.concurrent.CompletableFuture@226be2bd[Not completed]
2019-06-14 09:58:16,775 INFO  impl.RaftServerImpl (RaftServerImpl.java:<init>(91)) - e466745f-982f-4cdc-98dc-41efb5056212: new RaftServerImpl for group-9C61EC64C3AE:[e466745f-982f-4cdc-98dc-41efb5056212:192.168.105.157:45517] with ContainerStateMachine:uninitialized
2019-06-14 09:58:16,775 INFO  server.RaftServerConfigKeys (ConfUtils.java:logGet(43)) - raft.server.rpc.timeout.min = 1s (custom)
2019-06-14 09:58:16,775 INFO  server.RaftServerConfigKeys (ConfUtils.java:logGet(43)) - raft.server.rpc.timeout.max = 1200ms (custom)
2019-06-14 09:58:16,775 INFO  server.RaftServerConfigKeys (ConfUtils.java:logGet(43)) - raft.server.rpcslowness.timeout = 10s (custom)
2019-06-14 09:58:16,776 INFO  server.RaftServerConfigKeys (ConfUtils.java:logGet(43)) - raft.server.log.appender.install.snapshot.enabled = true (default)
2019-06-14 09:58:16,776 INFO  impl.RaftServerImpl (ServerState.java:<init>(101)) - e466745f-982f-4cdc-98dc-41efb5056212:group-9C61EC64C3AE ConfigurationManager, init=-1: [e466745f-982f-4cdc-98dc-41efb5056212:192.168.105.157:45517], old=null, confs=<EMPTY_MAP>
2019-06-14 09:58:16,776 INFO  server.RaftServerConfigKeys (ConfUtils.java:logGet(43)) - raft.server.storage.dir = [/opt/src/hadoop-ozone/integration-test/target/test-dir/MiniOzoneClusterImpl-98c1beae-8051-46cc-b74d-379f02bafea9/datanode-5/data/ratis] (custom)
2019-06-14 09:58:16,776 INFO  storage.RaftStorageDirectory (RaftStorageDirectory.java:analyzeStorage(246)) - The storage directory /opt/src/hadoop-ozone/integration-test/target/test-dir/MiniOzoneClusterImpl-98c1beae-8051-46cc-b74d-379f02bafea9/datanode-5/data/ratis/f95ac3fa-df11-4a71-9b99-9c61ec64c3ae does not exist. Creating ...
2019-06-14 09:58:16,778 INFO  storage.RaftStorageDirectory (RaftStorageDirectory.java:tryLock(328)) - Lock on /opt/src/hadoop-ozone/integration-test/target/test-dir/MiniOzoneClusterImpl-98c1beae-8051-46cc-b74d-379f02bafea9/datanode-5/data/ratis/f95ac3fa-df11-4a71-9b99-9c61ec64c3ae/in_use.lock acquired by nodename 9206@ozone-mm759-2607770056
2019-06-14 09:58:16,780 INFO  storage.RaftStorage (RaftStorage.java:format(75)) - Storage directory /opt/src/hadoop-ozone/integration-test/target/test-dir/MiniOzoneClusterImpl-98c1beae-8051-46cc-b74d-379f02bafea9/datanode-5/data/ratis/f95ac3fa-df11-4a71-9b99-9c61ec64c3ae has been successfully formatted.
2019-06-14 09:58:16,780 INFO  ratis.ContainerStateMachine (ContainerStateMachine.java:loadSnapshot(199)) - The snapshot info is null.Setting the last applied index to:(t:0, i:~)
2019-06-14 09:58:16,780 INFO  server.RaftServerConfigKeys (ConfUtils.java:logGet(43)) - raft.server.leader.election.timeout = 10s (custom)
2019-06-14 09:58:16,781 INFO  server.RaftServerConfigKeys (ConfUtils.java:logGet(43)) - raft.server.log.use.memory = false (default)
2019-06-14 09:58:16,781 INFO  server.RaftServerConfigKeys (ConfUtils.java:logGet(43)) - raft.server.log.appender.buffer.byte-limit = 33554432 (custom)
2019-06-14 09:58:16,781 INFO  server.RaftServerConfigKeys (ConfUtils.java:logGet(43)) - raft.server.log.segment.size.max = 16384 (custom)
2019-06-14 09:58:16,781 INFO  server.RaftServerConfigKeys (ConfUtils.java:logGet(43)) - raft.server.log.segment.cache.num.max = 2 (custom)
2019-06-14 09:58:16,781 INFO  storage.RaftLogWorker (RaftLogWorker.java:<init>(123)) - new e466745f-982f-4cdc-98dc-41efb5056212-RaftLogWorker for Storage Directory /opt/src/hadoop-ozone/integration-test/target/test-dir/MiniOzoneClusterImpl-98c1beae-8051-46cc-b74d-379f02bafea9/datanode-5/data/ratis/f95ac3fa-df11-4a71-9b99-9c61ec64c3ae
2019-06-14 09:58:16,781 INFO  server.RaftServerConfigKeys (ConfUtils.java:logGet(43)) - raft.server.log.queue.byte-limit = 2147483647 (custom)
2019-06-14 09:58:16,781 INFO  server.RaftServerConfigKeys (ConfUtils.java:logGet(43)) - raft.server.log.queue.element-limit = 1024 (custom)
2019-06-14 09:58:16,781 INFO  server.RaftServerConfigKeys (ConfUtils.java:logGet(43)) - raft.server.log.segment.size.max = 16384 (custom)
2019-06-14 09:58:16,781 INFO  server.RaftServerConfigKeys (ConfUtils.java:logGet(43)) - raft.server.log.preallocated.size = 16384 (custom)
2019-06-14 09:58:16,781 INFO  server.RaftServerConfigKeys (ConfUtils.java:logGet(43)) - raft.server.log.write.buffer.size = 33554432 (custom)
2019-06-14 09:58:16,781 INFO  server.RaftServerConfigKeys (ConfUtils.java:logGet(43)) - raft.server.log.force.sync.num = 128 (default)
2019-06-14 09:58:16,781 INFO  server.RaftServerConfigKeys (ConfUtils.java:logGet(43)) - raft.server.log.statemachine.data.sync = true (default)
2019-06-14 09:58:16,782 INFO  server.RaftServerConfigKeys (ConfUtils.java:logGet(43)) - raft.server.log.statemachine.data.sync.timeout = 10s (default)
2019-06-14 09:58:16,782 INFO  server.RaftServerConfigKeys (ConfUtils.java:logGet(43)) - raft.server.log.statemachine.data.sync.timeout.retry = -1 (default)
2019-06-14 09:58:16,782 INFO  server.RaftServerConfigKeys (ConfUtils.java:logGet(43)) - raft.server.log.statemachine.data.caching.enabled = true (custom)
2019-06-14 09:58:16,782 INFO  server.RaftServerConfigKeys (ConfUtils.java:logGet(43)) - raft.server.snapshot.auto.trigger.enabled = true (custom)
2019-06-14 09:58:16,782 INFO  server.RaftServerConfigKeys (ConfUtils.java:logGet(43)) - raft.server.snapshot.auto.trigger.threshold = 10000 (custom)
2019-06-14 09:58:16,782 INFO  server.RaftServerConfigKeys (ConfUtils.java:logGet(43)) - raft.server.retrycache.expirytime = 600000ms (custom)
2019-06-14 09:58:16,782 INFO  impl.RaftServerImpl (RaftServerImpl.java:start(173)) - e466745f-982f-4cdc-98dc-41efb5056212: start group-9C61EC64C3AE
2019-06-14 09:58:16,782 INFO  impl.RaftServerImpl (RaftServerImpl.java:setRole(164)) - e466745f-982f-4cdc-98dc-41efb5056212:group-9C61EC64C3AE changes role from null to FOLLOWER at term 0 for startAsFollower
2019-06-14 09:58:16,782 INFO  impl.RoleInfo (RoleInfo.java:updateAndGet(143)) - e466745f-982f-4cdc-98dc-41efb5056212: start FollowerState
2019-06-14 09:58:16,783 INFO  util.JmxRegister (JmxRegister.java:tryRegister(44)) - Successfully registered JMX Bean with object name Ratis:service=RaftServer,group=group-9C61EC64C3AE,id=e466745f-982f-4cdc-98dc-41efb5056212
2019-06-14 09:58:16,792 INFO  pipeline.PipelineStateManager (PipelineStateManager.java:addPipeline(56)) - Created pipeline Pipeline[ Id: f95ac3fa-df11-4a71-9b99-9c61ec64c3ae, Nodes: e466745f-982f-4cdc-98dc-41efb5056212{ip: 192.168.105.157, host: ozone-mm759-2607770056, networkLocation: /default-rack, certSerialId: null}, Type:RATIS, Factor:ONE, State:OPEN]
2019-06-14 09:58:16,809 INFO  impl.RaftServerProxy (RaftServerProxy.java:addNew(89)) - 5486ca28-bb35-4014-ac63-219674d08a21: addNew group-37F867D1B073:[99a5110c-5ef4-492c-9e1e-46e0e48d57c4:192.168.105.157:45473, e466745f-982f-4cdc-98dc-41efb5056212:192.168.105.157:45517, 5486ca28-bb35-4014-ac63-219674d08a21:192.168.105.157:45471] returns group-37F867D1B073:java.util.concurrent.CompletableFuture@5ba653bc[Not completed]
2019-06-14 09:58:16,809 INFO  impl.RaftServerImpl (RaftServerImpl.java:<init>(91)) - 5486ca28-bb35-4014-ac63-219674d08a21: new RaftServerImpl for group-37F867D1B073:[99a5110c-5ef4-492c-9e1e-46e0e48d57c4:192.168.105.157:45473, e466745f-982f-4cdc-98dc-41efb5056212:192.168.105.157:45517, 5486ca28-bb35-4014-ac63-219674d08a21:192.168.105.157:45471] with ContainerStateMachine:uninitialized
2019-06-14 09:58:16,809 INFO  server.RaftServerConfigKeys (ConfUtils.java:logGet(43)) - raft.server.rpc.timeout.min = 1s (custom)
2019-06-14 09:58:16,809 INFO  server.RaftServerConfigKeys (ConfUtils.java:logGet(43)) - raft.server.rpc.timeout.max = 1200ms (custom)
2019-06-14 09:58:16,810 INFO  server.RaftServerConfigKeys (ConfUtils.java:logGet(43)) - raft.server.rpcslowness.timeout = 10s (custom)
2019-06-14 09:58:16,810 INFO  server.RaftServerConfigKeys (ConfUtils.java:logGet(43)) - raft.server.log.appender.install.snapshot.enabled = true (default)
2019-06-14 09:58:16,810 INFO  impl.RaftServerImpl (ServerState.java:<init>(101)) - 5486ca28-bb35-4014-ac63-219674d08a21:group-37F867D1B073 ConfigurationManager, init=-1: [99a5110c-5ef4-492c-9e1e-46e0e48d57c4:192.168.105.157:45473, e466745f-982f-4cdc-98dc-41efb5056212:192.168.105.157:45517, 5486ca28-bb35-4014-ac63-219674d08a21:192.168.105.157:45471], old=null, confs=<EMPTY_MAP>
2019-06-14 09:58:16,810 INFO  server.RaftServerConfigKeys (ConfUtils.java:logGet(43)) - raft.server.storage.dir = [/opt/src/hadoop-ozone/integration-test/target/test-dir/MiniOzoneClusterImpl-98c1beae-8051-46cc-b74d-379f02bafea9/datanode-4/data/ratis] (custom)
2019-06-14 09:58:16,810 INFO  storage.RaftStorageDirectory (RaftStorageDirectory.java:analyzeStorage(246)) - The storage directory /opt/src/hadoop-ozone/integration-test/target/test-dir/MiniOzoneClusterImpl-98c1beae-8051-46cc-b74d-379f02bafea9/datanode-4/data/ratis/dd91ae6e-a54a-43f9-8652-37f867d1b073 does not exist. Creating ...
2019-06-14 09:58:16,812 INFO  impl.RaftServerProxy (RaftServerProxy.java:addNew(89)) - e466745f-982f-4cdc-98dc-41efb5056212: addNew group-37F867D1B073:[99a5110c-5ef4-492c-9e1e-46e0e48d57c4:192.168.105.157:45473, e466745f-982f-4cdc-98dc-41efb5056212:192.168.105.157:45517, 5486ca28-bb35-4014-ac63-219674d08a21:192.168.105.157:45471] returns group-37F867D1B073:java.util.concurrent.CompletableFuture@3b4bd20d[Not completed]
2019-06-14 09:58:16,812 INFO  impl.RaftServerProxy (RaftServerProxy.java:addNew(89)) - 99a5110c-5ef4-492c-9e1e-46e0e48d57c4: addNew group-37F867D1B073:[99a5110c-5ef4-492c-9e1e-46e0e48d57c4:192.168.105.157:45473, e466745f-982f-4cdc-98dc-41efb5056212:192.168.105.157:45517, 5486ca28-bb35-4014-ac63-219674d08a21:192.168.105.157:45471] returns group-37F867D1B073:java.util.concurrent.CompletableFuture@26253c7f[Not completed]
2019-06-14 09:58:16,812 INFO  storage.RaftStorageDirectory (RaftStorageDirectory.java:tryLock(328)) - Lock on /opt/src/hadoop-ozone/integration-test/target/test-dir/MiniOzoneClusterImpl-98c1beae-8051-46cc-b74d-379f02bafea9/datanode-4/data/ratis/dd91ae6e-a54a-43f9-8652-37f867d1b073/in_use.lock acquired by nodename 9206@ozone-mm759-2607770056
2019-06-14 09:58:16,813 INFO  impl.RaftServerImpl (RaftServerImpl.java:<init>(91)) - e466745f-982f-4cdc-98dc-41efb5056212: new RaftServerImpl for group-37F867D1B073:[99a5110c-5ef4-492c-9e1e-46e0e48d57c4:192.168.105.157:45473, e466745f-982f-4cdc-98dc-41efb5056212:192.168.105.157:45517, 5486ca28-bb35-4014-ac63-219674d08a21:192.168.105.157:45471] with ContainerStateMachine:uninitialized
2019-06-14 09:58:16,813 INFO  server.RaftServerConfigKeys (ConfUtils.java:logGet(43)) - raft.server.rpc.timeout.min = 1s (custom)
2019-06-14 09:58:16,813 INFO  server.RaftServerConfigKeys (ConfUtils.java:logGet(43)) - raft.server.rpc.timeout.max = 1200ms (custom)
2019-06-14 09:58:16,813 INFO  server.RaftServerConfigKeys (ConfUtils.java:logGet(43)) - raft.server.rpcslowness.timeout = 10s (custom)
2019-06-14 09:58:16,813 INFO  server.RaftServerConfigKeys (ConfUtils.java:logGet(43)) - raft.server.log.appender.install.snapshot.enabled = true (default)
2019-06-14 09:58:16,813 INFO  impl.RaftServerImpl (ServerState.java:<init>(101)) - e466745f-982f-4cdc-98dc-41efb5056212:group-37F867D1B073 ConfigurationManager, init=-1: [99a5110c-5ef4-492c-9e1e-46e0e48d57c4:192.168.105.157:45473, e466745f-982f-4cdc-98dc-41efb5056212:192.168.105.157:45517, 5486ca28-bb35-4014-ac63-219674d08a21:192.168.105.157:45471], old=null, confs=<EMPTY_MAP>
2019-06-14 09:58:16,813 INFO  impl.RaftServerImpl (RaftServerImpl.java:<init>(91)) - 99a5110c-5ef4-492c-9e1e-46e0e48d57c4: new RaftServerImpl for group-37F867D1B073:[99a5110c-5ef4-492c-9e1e-46e0e48d57c4:192.168.105.157:45473, e466745f-982f-4cdc-98dc-41efb5056212:192.168.105.157:45517, 5486ca28-bb35-4014-ac63-219674d08a21:192.168.105.157:45471] with ContainerStateMachine:uninitialized
2019-06-14 09:58:16,813 INFO  server.RaftServerConfigKeys (ConfUtils.java:logGet(43)) - raft.server.storage.dir = [/opt/src/hadoop-ozone/integration-test/target/test-dir/MiniOzoneClusterImpl-98c1beae-8051-46cc-b74d-379f02bafea9/datanode-5/data/ratis] (custom)
2019-06-14 09:58:16,813 INFO  server.RaftServerConfigKeys (ConfUtils.java:logGet(43)) - raft.server.rpc.timeout.min = 1s (custom)
2019-06-14 09:58:16,814 INFO  server.RaftServerConfigKeys (ConfUtils.java:logGet(43)) - raft.server.rpc.timeout.max = 1200ms (custom)
2019-06-14 09:58:16,814 INFO  storage.RaftStorageDirectory (RaftStorageDirectory.java:analyzeStorage(246)) - The storage directory /opt/src/hadoop-ozone/integration-test/target/test-dir/MiniOzoneClusterImpl-98c1beae-8051-46cc-b74d-379f02bafea9/datanode-5/data/ratis/dd91ae6e-a54a-43f9-8652-37f867d1b073 does not exist. Creating ...
2019-06-14 09:58:16,814 INFO  server.RaftServerConfigKeys (ConfUtils.java:logGet(43)) - raft.server.rpcslowness.timeout = 10s (custom)
2019-06-14 09:58:16,814 INFO  server.RaftServerConfigKeys (ConfUtils.java:logGet(43)) - raft.server.log.appender.install.snapshot.enabled = true (default)
2019-06-14 09:58:16,814 INFO  impl.RaftServerImpl (ServerState.java:<init>(101)) - 99a5110c-5ef4-492c-9e1e-46e0e48d57c4:group-37F867D1B073 ConfigurationManager, init=-1: [99a5110c-5ef4-492c-9e1e-46e0e48d57c4:192.168.105.157:45473, e466745f-982f-4cdc-98dc-41efb5056212:192.168.105.157:45517, 5486ca28-bb35-4014-ac63-219674d08a21:192.168.105.157:45471], old=null, confs=<EMPTY_MAP>
2019-06-14 09:58:16,814 INFO  server.RaftServerConfigKeys (ConfUtils.java:logGet(43)) - raft.server.storage.dir = [/opt/src/hadoop-ozone/integration-test/target/test-dir/MiniOzoneClusterImpl-98c1beae-8051-46cc-b74d-379f02bafea9/datanode-3/data/ratis] (custom)
2019-06-14 09:58:16,814 INFO  storage.RaftStorageDirectory (RaftStorageDirectory.java:analyzeStorage(246)) - The storage directory /opt/src/hadoop-ozone/integration-test/target/test-dir/MiniOzoneClusterImpl-98c1beae-8051-46cc-b74d-379f02bafea9/datanode-3/data/ratis/dd91ae6e-a54a-43f9-8652-37f867d1b073 does not exist. Creating ...
2019-06-14 09:58:16,814 INFO  storage.RaftStorage (RaftStorage.java:format(75)) - Storage directory /opt/src/hadoop-ozone/integration-test/target/test-dir/MiniOzoneClusterImpl-98c1beae-8051-46cc-b74d-379f02bafea9/datanode-4/data/ratis/dd91ae6e-a54a-43f9-8652-37f867d1b073 has been successfully formatted.
2019-06-14 09:58:16,815 INFO  ratis.ContainerStateMachine (ContainerStateMachine.java:loadSnapshot(199)) - The snapshot info is null.Setting the last applied index to:(t:0, i:~)
2019-06-14 09:58:16,815 INFO  server.RaftServerConfigKeys (ConfUtils.java:logGet(43)) - raft.server.leader.election.timeout = 10s (custom)
2019-06-14 09:58:16,815 INFO  server.RaftServerConfigKeys (ConfUtils.java:logGet(43)) - raft.server.log.use.memory = false (default)
2019-06-14 09:58:16,815 INFO  server.RaftServerConfigKeys (ConfUtils.java:logGet(43)) - raft.server.log.appender.buffer.byte-limit = 33554432 (custom)
2019-06-14 09:58:16,815 INFO  server.RaftServerConfigKeys (ConfUtils.java:logGet(43)) - raft.server.log.segment.size.max = 16384 (custom)
2019-06-14 09:58:16,815 INFO  server.RaftServerConfigKeys (ConfUtils.java:logGet(43)) - raft.server.log.segment.cache.num.max = 2 (custom)
2019-06-14 09:58:16,815 INFO  storage.RaftLogWorker (RaftLogWorker.java:<init>(123)) - new 5486ca28-bb35-4014-ac63-219674d08a21-RaftLogWorker for Storage Directory /opt/src/hadoop-ozone/integration-test/target/test-dir/MiniOzoneClusterImpl-98c1beae-8051-46cc-b74d-379f02bafea9/datanode-4/data/ratis/dd91ae6e-a54a-43f9-8652-37f867d1b073
2019-06-14 09:58:16,815 INFO  server.RaftServerConfigKeys (ConfUtils.java:logGet(43)) - raft.server.log.queue.byte-limit = 2147483647 (custom)
2019-06-14 09:58:16,815 INFO  server.RaftServerConfigKeys (ConfUtils.java:logGet(43)) - raft.server.log.queue.element-limit = 1024 (custom)
2019-06-14 09:58:16,815 INFO  server.RaftServerConfigKeys (ConfUtils.java:logGet(43)) - raft.server.log.segment.size.max = 16384 (custom)
2019-06-14 09:58:16,816 INFO  server.RaftServerConfigKeys (ConfUtils.java:logGet(43)) - raft.server.log.preallocated.size = 16384 (custom)
2019-06-14 09:58:16,816 INFO  server.RaftServerConfigKeys (ConfUtils.java:logGet(43)) - raft.server.log.write.buffer.size = 33554432 (custom)
2019-06-14 09:58:16,816 INFO  server.RaftServerConfigKeys (ConfUtils.java:logGet(43)) - raft.server.log.force.sync.num = 128 (default)
2019-06-14 09:58:16,816 INFO  server.RaftServerConfigKeys (ConfUtils.java:logGet(43)) - raft.server.log.statemachine.data.sync = true (default)
2019-06-14 09:58:16,816 INFO  server.RaftServerConfigKeys (ConfUtils.java:logGet(43)) - raft.server.log.statemachine.data.sync.timeout = 10s (default)
2019-06-14 09:58:16,816 INFO  server.RaftServerConfigKeys (ConfUtils.java:logGet(43)) - raft.server.log.statemachine.data.sync.timeout.retry = -1 (default)
2019-06-14 09:58:16,816 INFO  storage.RaftStorageDirectory (RaftStorageDirectory.java:tryLock(328)) - Lock on /opt/src/hadoop-ozone/integration-test/target/test-dir/MiniOzoneClusterImpl-98c1beae-8051-46cc-b74d-379f02bafea9/datanode-3/data/ratis/dd91ae6e-a54a-43f9-8652-37f867d1b073/in_use.lock acquired by nodename 9206@ozone-mm759-2607770056
2019-06-14 09:58:16,816 INFO  storage.RaftStorageDirectory (RaftStorageDirectory.java:tryLock(328)) - Lock on /opt/src/hadoop-ozone/integration-test/target/test-dir/MiniOzoneClusterImpl-98c1beae-8051-46cc-b74d-379f02bafea9/datanode-5/data/ratis/dd91ae6e-a54a-43f9-8652-37f867d1b073/in_use.lock acquired by nodename 9206@ozone-mm759-2607770056
2019-06-14 09:58:16,816 INFO  server.RaftServerConfigKeys (ConfUtils.java:logGet(43)) - raft.server.log.statemachine.data.caching.enabled = true (custom)
2019-06-14 09:58:16,817 INFO  server.RaftServerConfigKeys (ConfUtils.java:logGet(43)) - raft.server.snapshot.auto.trigger.enabled = true (custom)
2019-06-14 09:58:16,817 INFO  server.RaftServerConfigKeys (ConfUtils.java:logGet(43)) - raft.server.snapshot.auto.trigger.threshold = 10000 (custom)
2019-06-14 09:58:16,817 INFO  server.RaftServerConfigKeys (ConfUtils.java:logGet(43)) - raft.server.retrycache.expirytime = 600000ms (custom)
2019-06-14 09:58:16,817 INFO  impl.RaftServerImpl (RaftServerImpl.java:start(173)) - 5486ca28-bb35-4014-ac63-219674d08a21: start group-37F867D1B073
2019-06-14 09:58:16,817 INFO  impl.RaftServerImpl (RaftServerImpl.java:setRole(164)) - 5486ca28-bb35-4014-ac63-219674d08a21:group-37F867D1B073 changes role from null to FOLLOWER at term 0 for startAsFollower
2019-06-14 09:58:16,818 INFO  impl.RoleInfo (RoleInfo.java:updateAndGet(143)) - 5486ca28-bb35-4014-ac63-219674d08a21: start FollowerState
2019-06-14 09:58:16,818 INFO  util.JmxRegister (JmxRegister.java:tryRegister(44)) - Successfully registered JMX Bean with object name Ratis:service=RaftServer,group=group-37F867D1B073,id=5486ca28-bb35-4014-ac63-219674d08a21
2019-06-14 09:58:16,819 INFO  storage.RaftStorage (RaftStorage.java:format(75)) - Storage directory /opt/src/hadoop-ozone/integration-test/target/test-dir/MiniOzoneClusterImpl-98c1beae-8051-46cc-b74d-379f02bafea9/datanode-3/data/ratis/dd91ae6e-a54a-43f9-8652-37f867d1b073 has been successfully formatted.
2019-06-14 09:58:16,819 INFO  ratis.ContainerStateMachine (ContainerStateMachine.java:loadSnapshot(199)) - The snapshot info is null.Setting the last applied index to:(t:0, i:~)
2019-06-14 09:58:16,819 INFO  server.RaftServerConfigKeys (ConfUtils.java:logGet(43)) - raft.server.leader.election.timeout = 10s (custom)
2019-06-14 09:58:16,819 INFO  server.RaftServerConfigKeys (ConfUtils.java:logGet(43)) - raft.server.log.use.memory = false (default)
2019-06-14 09:58:16,819 INFO  server.RaftServerConfigKeys (ConfUtils.java:logGet(43)) - raft.server.log.appender.buffer.byte-limit = 33554432 (custom)
2019-06-14 09:58:16,819 INFO  server.RaftServerConfigKeys (ConfUtils.java:logGet(43)) - raft.server.log.segment.size.max = 16384 (custom)
2019-06-14 09:58:16,819 INFO  server.RaftServerConfigKeys (ConfUtils.java:logGet(43)) - raft.server.log.segment.cache.num.max = 2 (custom)
2019-06-14 09:58:16,820 INFO  storage.RaftLogWorker (RaftLogWorker.java:<init>(123)) - new 99a5110c-5ef4-492c-9e1e-46e0e48d57c4-RaftLogWorker for Storage Directory /opt/src/hadoop-ozone/integration-test/target/test-dir/MiniOzoneClusterImpl-98c1beae-8051-46cc-b74d-379f02bafea9/datanode-3/data/ratis/dd91ae6e-a54a-43f9-8652-37f867d1b073
2019-06-14 09:58:16,820 INFO  server.RaftServerConfigKeys (ConfUtils.java:logGet(43)) - raft.server.log.queue.byte-limit = 2147483647 (custom)
2019-06-14 09:58:16,820 INFO  server.RaftServerConfigKeys (ConfUtils.java:logGet(43)) - raft.server.log.queue.element-limit = 1024 (custom)
2019-06-14 09:58:16,820 INFO  server.RaftServerConfigKeys (ConfUtils.java:logGet(43)) - raft.server.log.segment.size.max = 16384 (custom)
2019-06-14 09:58:16,820 INFO  server.RaftServerConfigKeys (ConfUtils.java:logGet(43)) - raft.server.log.preallocated.size = 16384 (custom)
2019-06-14 09:58:16,820 INFO  server.RaftServerConfigKeys (ConfUtils.java:logGet(43)) - raft.server.log.write.buffer.size = 33554432 (custom)
2019-06-14 09:58:16,820 INFO  server.RaftServerConfigKeys (ConfUtils.java:logGet(43)) - raft.server.log.force.sync.num = 128 (default)
2019-06-14 09:58:16,820 INFO  server.RaftServerConfigKeys (ConfUtils.java:logGet(43)) - raft.server.log.statemachine.data.sync = true (default)
2019-06-14 09:58:16,820 INFO  server.RaftServerConfigKeys (ConfUtils.java:logGet(43)) - raft.server.log.statemachine.data.sync.timeout = 10s (default)
2019-06-14 09:58:16,820 INFO  server.RaftServerConfigKeys (ConfUtils.java:logGet(43)) - raft.server.log.statemachine.data.sync.timeout.retry = -1 (default)
2019-06-14 09:58:16,820 INFO  server.RaftServerConfigKeys (ConfUtils.java:logGet(43)) - raft.server.log.statemachine.data.caching.enabled = true (custom)
2019-06-14 09:58:16,822 INFO  storage.RaftStorage (RaftStorage.java:format(75)) - Storage directory /opt/src/hadoop-ozone/integration-test/target/test-dir/MiniOzoneClusterImpl-98c1beae-8051-46cc-b74d-379f02bafea9/datanode-5/data/ratis/dd91ae6e-a54a-43f9-8652-37f867d1b073 has been successfully formatted.
2019-06-14 09:58:16,822 INFO  server.RaftServerConfigKeys (ConfUtils.java:logGet(43)) - raft.server.snapshot.auto.trigger.enabled = true (custom)
2019-06-14 09:58:16,822 INFO  ratis.ContainerStateMachine (ContainerStateMachine.java:loadSnapshot(199)) - The snapshot info is null.Setting the last applied index to:(t:0, i:~)
2019-06-14 09:58:16,822 INFO  server.RaftServerConfigKeys (ConfUtils.java:logGet(43)) - raft.server.leader.election.timeout = 10s (custom)
2019-06-14 09:58:16,822 INFO  server.RaftServerConfigKeys (ConfUtils.java:logGet(43)) - raft.server.log.use.memory = false (default)
2019-06-14 09:58:16,823 INFO  server.RaftServerConfigKeys (ConfUtils.java:logGet(43)) - raft.server.log.appender.buffer.byte-limit = 33554432 (custom)
2019-06-14 09:58:16,822 INFO  server.RaftServerConfigKeys (ConfUtils.java:logGet(43)) - raft.server.snapshot.auto.trigger.threshold = 10000 (custom)
2019-06-14 09:58:16,824 INFO  server.RaftServerConfigKeys (ConfUtils.java:logGet(43)) - raft.server.retrycache.expirytime = 600000ms (custom)
2019-06-14 09:58:16,825 INFO  impl.RaftServerImpl (RaftServerImpl.java:start(173)) - 99a5110c-5ef4-492c-9e1e-46e0e48d57c4: start group-37F867D1B073
2019-06-14 09:58:16,825 INFO  impl.RaftServerImpl (RaftServerImpl.java:setRole(164)) - 99a5110c-5ef4-492c-9e1e-46e0e48d57c4:group-37F867D1B073 changes role from null to FOLLOWER at term 0 for startAsFollower
2019-06-14 09:58:16,825 INFO  impl.RoleInfo (RoleInfo.java:updateAndGet(143)) - 99a5110c-5ef4-492c-9e1e-46e0e48d57c4: start FollowerState
2019-06-14 09:58:16,825 INFO  server.RaftServerConfigKeys (ConfUtils.java:logGet(43)) - raft.server.log.segment.size.max = 16384 (custom)
2019-06-14 09:58:16,826 INFO  util.JmxRegister (JmxRegister.java:tryRegister(44)) - Successfully registered JMX Bean with object name Ratis:service=RaftServer,group=group-37F867D1B073,id=99a5110c-5ef4-492c-9e1e-46e0e48d57c4
2019-06-14 09:58:16,826 INFO  server.RaftServerConfigKeys (ConfUtils.java:logGet(43)) - raft.server.log.segment.cache.num.max = 2 (custom)
2019-06-14 09:58:16,826 INFO  storage.RaftLogWorker (RaftLogWorker.java:<init>(123)) - new e466745f-982f-4cdc-98dc-41efb5056212-RaftLogWorker for Storage Directory /opt/src/hadoop-ozone/integration-test/target/test-dir/MiniOzoneClusterImpl-98c1beae-8051-46cc-b74d-379f02bafea9/datanode-5/data/ratis/dd91ae6e-a54a-43f9-8652-37f867d1b073
2019-06-14 09:58:16,826 INFO  server.RaftServerConfigKeys (ConfUtils.java:logGet(43)) - raft.server.log.queue.byte-limit = 2147483647 (custom)
2019-06-14 09:58:16,826 INFO  server.RaftServerConfigKeys (ConfUtils.java:logGet(43)) - raft.server.log.queue.element-limit = 1024 (custom)
2019-06-14 09:58:16,827 INFO  server.RaftServerConfigKeys (ConfUtils.java:logGet(43)) - raft.server.log.segment.size.max = 16384 (custom)
2019-06-14 09:58:16,827 INFO  server.RaftServerConfigKeys (ConfUtils.java:logGet(43)) - raft.server.log.preallocated.size = 16384 (custom)
2019-06-14 09:58:16,827 INFO  server.RaftServerConfigKeys (ConfUtils.java:logGet(43)) - raft.server.log.write.buffer.size = 33554432 (custom)
2019-06-14 09:58:16,827 INFO  server.RaftServerConfigKeys (ConfUtils.java:logGet(43)) - raft.server.log.force.sync.num = 128 (default)
2019-06-14 09:58:16,827 INFO  server.RaftServerConfigKeys (ConfUtils.java:logGet(43)) - raft.server.log.statemachine.data.sync = true (default)
2019-06-14 09:58:16,827 INFO  server.RaftServerConfigKeys (ConfUtils.java:logGet(43)) - raft.server.log.statemachine.data.sync.timeout = 10s (default)
2019-06-14 09:58:16,827 INFO  server.RaftServerConfigKeys (ConfUtils.java:logGet(43)) - raft.server.log.statemachine.data.sync.timeout.retry = -1 (default)
2019-06-14 09:58:16,829 INFO  server.RaftServerConfigKeys (ConfUtils.java:logGet(43)) - raft.server.log.statemachine.data.caching.enabled = true (custom)
2019-06-14 09:58:16,834 INFO  server.RaftServerConfigKeys (ConfUtils.java:logGet(43)) - raft.server.snapshot.auto.trigger.enabled = true (custom)
2019-06-14 09:58:16,834 INFO  server.RaftServerConfigKeys (ConfUtils.java:logGet(43)) - raft.server.snapshot.auto.trigger.threshold = 10000 (custom)
2019-06-14 09:58:16,834 INFO  server.RaftServerConfigKeys (ConfUtils.java:logGet(43)) - raft.server.retrycache.expirytime = 600000ms (custom)
2019-06-14 09:58:16,834 INFO  impl.RaftServerImpl (RaftServerImpl.java:start(173)) - e466745f-982f-4cdc-98dc-41efb5056212: start group-37F867D1B073
2019-06-14 09:58:16,834 INFO  impl.RaftServerImpl (RaftServerImpl.java:setRole(164)) - e466745f-982f-4cdc-98dc-41efb5056212:group-37F867D1B073 changes role from null to FOLLOWER at term 0 for startAsFollower
2019-06-14 09:58:16,835 INFO  impl.RoleInfo (RoleInfo.java:updateAndGet(143)) - e466745f-982f-4cdc-98dc-41efb5056212: start FollowerState
2019-06-14 09:58:16,836 INFO  util.JmxRegister (JmxRegister.java:tryRegister(44)) - Successfully registered JMX Bean with object name Ratis:service=RaftServer,group=group-37F867D1B073,id=e466745f-982f-4cdc-98dc-41efb5056212
2019-06-14 09:58:16,846 INFO  pipeline.PipelineStateManager (PipelineStateManager.java:addPipeline(56)) - Created pipeline Pipeline[ Id: dd91ae6e-a54a-43f9-8652-37f867d1b073, Nodes: 99a5110c-5ef4-492c-9e1e-46e0e48d57c4{ip: 192.168.105.157, host: ozone-mm759-2607770056, networkLocation: /default-rack, certSerialId: null}5486ca28-bb35-4014-ac63-219674d08a21{ip: 192.168.105.157, host: ozone-mm759-2607770056, networkLocation: /default-rack, certSerialId: null}e466745f-982f-4cdc-98dc-41efb5056212{ip: 192.168.105.157, host: ozone-mm759-2607770056, networkLocation: /default-rack, certSerialId: null}, Type:RATIS, Factor:THREE, State:OPEN]
2019-06-14 09:58:17,397 INFO  impl.FollowerState (FollowerState.java:run(101)) - b84d265f-89c2-48ec-b93e-d5e25c754346:group-D6E22818EDD5 changes to CANDIDATE, lastRpcTime:1099, electionTimeout:1099ms
2019-06-14 09:58:17,397 INFO  impl.RoleInfo (RoleInfo.java:shutdownFollowerState(121)) - b84d265f-89c2-48ec-b93e-d5e25c754346: shutdown FollowerState
2019-06-14 09:58:17,397 INFO  impl.RaftServerImpl (RaftServerImpl.java:setRole(164)) - b84d265f-89c2-48ec-b93e-d5e25c754346:group-D6E22818EDD5 changes role from FOLLOWER to CANDIDATE at term 0 for changeToCandidate
2019-06-14 09:58:17,398 INFO  impl.RoleInfo (RoleInfo.java:updateAndGet(143)) - b84d265f-89c2-48ec-b93e-d5e25c754346: start LeaderElection
2019-06-14 09:58:17,404 INFO  impl.LeaderElection (LeaderElection.java:askForVotes(181)) - b84d265f-89c2-48ec-b93e-d5e25c754346:group-D6E22818EDD5:LeaderElection1: begin an election at term 1 for -1: [b84d265f-89c2-48ec-b93e-d5e25c754346:192.168.105.157:39841], old=null
2019-06-14 09:58:17,406 INFO  impl.RoleInfo (RoleInfo.java:shutdownLeaderElection(134)) - b84d265f-89c2-48ec-b93e-d5e25c754346: shutdown LeaderElection
2019-06-14 09:58:17,406 INFO  impl.RaftServerImpl (RaftServerImpl.java:setRole(164)) - b84d265f-89c2-48ec-b93e-d5e25c754346:group-D6E22818EDD5 changes role from CANDIDATE to LEADER at term 1 for changeToLeader
2019-06-14 09:58:17,406 INFO  impl.RaftServerImpl (ServerState.java:setLeader(263)) - b84d265f-89c2-48ec-b93e-d5e25c754346:group-D6E22818EDD5 change Leader from null to b84d265f-89c2-48ec-b93e-d5e25c754346 at term 1 for becomeLeader, leader elected after 1267ms
2019-06-14 09:58:17,410 INFO  server.RaftServerConfigKeys (ConfUtils.java:logGet(43)) - raft.server.staging.catchup.gap = 1000 (default)
2019-06-14 09:58:17,410 INFO  server.RaftServerConfigKeys (ConfUtils.java:logGet(43)) - raft.server.rpc.sleep.time = 25ms (default)
2019-06-14 09:58:17,412 INFO  server.RaftServerConfigKeys (ConfUtils.java:logGet(43)) - raft.server.watch.timeout = 10s (default)
2019-06-14 09:58:17,412 INFO  server.RaftServerConfigKeys (ConfUtils.java:logGet(43)) - raft.server.watch.timeout.denomination = 1s (default)
2019-06-14 09:58:17,417 INFO  impl.RoleInfo (RoleInfo.java:updateAndGet(143)) - b84d265f-89c2-48ec-b93e-d5e25c754346: start LeaderState
2019-06-14 09:58:17,429 INFO  storage.RaftLogWorker (RaftLogWorker.java:startLogSegment(298)) - b84d265f-89c2-48ec-b93e-d5e25c754346-RaftLogWorker: Starting segment from index:0
2019-06-14 09:58:17,435 INFO  impl.RaftServerImpl (ServerState.java:setRaftConf(361)) - b84d265f-89c2-48ec-b93e-d5e25c754346:group-D6E22818EDD5 set configuration 0: [b84d265f-89c2-48ec-b93e-d5e25c754346:192.168.105.157:39841], old=null at 0
2019-06-14 09:58:17,441 INFO  impl.FollowerState (FollowerState.java:run(101)) - f6776fe2-f90f-494f-8a12-432d2d517eb8:group-735E4C6EB350 changes to CANDIDATE, lastRpcTime:1013, electionTimeout:1013ms
2019-06-14 09:58:17,442 INFO  impl.RoleInfo (RoleInfo.java:shutdownFollowerState(121)) - f6776fe2-f90f-494f-8a12-432d2d517eb8: shutdown FollowerState
2019-06-14 09:58:17,442 INFO  impl.RaftServerImpl (RaftServerImpl.java:setRole(164)) - f6776fe2-f90f-494f-8a12-432d2d517eb8:group-735E4C6EB350 changes role from FOLLOWER to CANDIDATE at term 0 for changeToCandidate
2019-06-14 09:58:17,442 INFO  impl.RoleInfo (RoleInfo.java:updateAndGet(143)) - f6776fe2-f90f-494f-8a12-432d2d517eb8: start LeaderElection
2019-06-14 09:58:17,447 INFO  impl.LeaderElection (LeaderElection.java:askForVotes(181)) - f6776fe2-f90f-494f-8a12-432d2d517eb8:group-735E4C6EB350:LeaderElection2: begin an election at term 1 for -1: [f6776fe2-f90f-494f-8a12-432d2d517eb8:192.168.105.157:46723], old=null
2019-06-14 09:58:17,448 INFO  impl.RoleInfo (RoleInfo.java:shutdownLeaderElection(134)) - f6776fe2-f90f-494f-8a12-432d2d517eb8: shutdown LeaderElection
2019-06-14 09:58:17,448 INFO  impl.RaftServerImpl (RaftServerImpl.java:setRole(164)) - f6776fe2-f90f-494f-8a12-432d2d517eb8:group-735E4C6EB350 changes role from CANDIDATE to LEADER at term 1 for changeToLeader
2019-06-14 09:58:17,448 INFO  impl.RaftServerImpl (ServerState.java:setLeader(263)) - f6776fe2-f90f-494f-8a12-432d2d517eb8:group-735E4C6EB350 change Leader from null to f6776fe2-f90f-494f-8a12-432d2d517eb8 at term 1 for becomeLeader, leader elected after 1022ms
2019-06-14 09:58:17,449 INFO  server.RaftServerConfigKeys (ConfUtils.java:logGet(43)) - raft.server.staging.catchup.gap = 1000 (default)
2019-06-14 09:58:17,449 INFO  server.RaftServerConfigKeys (ConfUtils.java:logGet(43)) - raft.server.rpc.sleep.time = 25ms (default)
2019-06-14 09:58:17,449 INFO  server.RaftServerConfigKeys (ConfUtils.java:logGet(43)) - raft.server.watch.timeout = 10s (default)
2019-06-14 09:58:17,449 INFO  server.RaftServerConfigKeys (ConfUtils.java:logGet(43)) - raft.server.watch.timeout.denomination = 1s (default)
2019-06-14 09:58:17,450 INFO  impl.RoleInfo (RoleInfo.java:updateAndGet(143)) - f6776fe2-f90f-494f-8a12-432d2d517eb8: start LeaderState
2019-06-14 09:58:17,450 INFO  storage.RaftLogWorker (RaftLogWorker.java:startLogSegment(298)) - f6776fe2-f90f-494f-8a12-432d2d517eb8-RaftLogWorker: Starting segment from index:0
2019-06-14 09:58:17,450 INFO  impl.RaftServerImpl (ServerState.java:setRaftConf(361)) - f6776fe2-f90f-494f-8a12-432d2d517eb8:group-735E4C6EB350 set configuration 0: [f6776fe2-f90f-494f-8a12-432d2d517eb8:192.168.105.157:46723], old=null at 0
2019-06-14 09:58:17,470 INFO  impl.FollowerState (FollowerState.java:run(101)) - 0980630e-f465-4150-bb0a-cd73696a5efa:group-C9C387D1AD04 changes to CANDIDATE, lastRpcTime:1106, electionTimeout:1105ms
2019-06-14 09:58:17,470 INFO  impl.RoleInfo (RoleInfo.java:shutdownFollowerState(121)) - 0980630e-f465-4150-bb0a-cd73696a5efa: shutdown FollowerState
2019-06-14 09:58:17,470 INFO  impl.RaftServerImpl (RaftServerImpl.java:setRole(164)) - 0980630e-f465-4150-bb0a-cd73696a5efa:group-C9C387D1AD04 changes role from FOLLOWER to CANDIDATE at term 0 for changeToCandidate
2019-06-14 09:58:17,470 INFO  impl.RoleInfo (RoleInfo.java:updateAndGet(143)) - 0980630e-f465-4150-bb0a-cd73696a5efa: start LeaderElection
2019-06-14 09:58:17,478 INFO  impl.LeaderElection (LeaderElection.java:askForVotes(181)) - 0980630e-f465-4150-bb0a-cd73696a5efa:group-C9C387D1AD04:LeaderElection3: begin an election at term 1 for -1: [0980630e-f465-4150-bb0a-cd73696a5efa:192.168.105.157:36699], old=null
2019-06-14 09:58:17,478 INFO  impl.RoleInfo (RoleInfo.java:shutdownLeaderElection(134)) - 0980630e-f465-4150-bb0a-cd73696a5efa: shutdown LeaderElection
2019-06-14 09:58:17,478 INFO  impl.RaftServerImpl (RaftServerImpl.java:setRole(164)) - 0980630e-f465-4150-bb0a-cd73696a5efa:group-C9C387D1AD04 changes role from CANDIDATE to LEADER at term 1 for changeToLeader
2019-06-14 09:58:17,478 INFO  impl.RaftServerImpl (ServerState.java:setLeader(263)) - 0980630e-f465-4150-bb0a-cd73696a5efa:group-C9C387D1AD04 change Leader from null to 0980630e-f465-4150-bb0a-cd73696a5efa at term 1 for becomeLeader, leader elected after 1117ms
2019-06-14 09:58:17,479 INFO  server.RaftServerConfigKeys (ConfUtils.java:logGet(43)) - raft.server.staging.catchup.gap = 1000 (default)
2019-06-14 09:58:17,479 INFO  server.RaftServerConfigKeys (ConfUtils.java:logGet(43)) - raft.server.rpc.sleep.time = 25ms (default)
2019-06-14 09:58:17,479 INFO  server.RaftServerConfigKeys (ConfUtils.java:logGet(43)) - raft.server.watch.timeout = 10s (default)
2019-06-14 09:58:17,479 INFO  server.RaftServerConfigKeys (ConfUtils.java:logGet(43)) - raft.server.watch.timeout.denomination = 1s (default)
2019-06-14 09:58:17,479 INFO  impl.RoleInfo (RoleInfo.java:updateAndGet(143)) - 0980630e-f465-4150-bb0a-cd73696a5efa: start LeaderState
2019-06-14 09:58:17,479 INFO  storage.RaftLogWorker (RaftLogWorker.java:startLogSegment(298)) - 0980630e-f465-4150-bb0a-cd73696a5efa-RaftLogWorker: Starting segment from index:0
2019-06-14 09:58:17,479 INFO  impl.RaftServerImpl (ServerState.java:setRaftConf(361)) - 0980630e-f465-4150-bb0a-cd73696a5efa:group-C9C387D1AD04 set configuration 0: [0980630e-f465-4150-bb0a-cd73696a5efa:192.168.105.157:36699], old=null at 0
2019-06-14 09:58:17,497 INFO  impl.FollowerState (FollowerState.java:run(101)) - 99a5110c-5ef4-492c-9e1e-46e0e48d57c4:group-72568FC4D86A changes to CANDIDATE, lastRpcTime:1035, electionTimeout:1035ms
2019-06-14 09:58:17,498 INFO  impl.RoleInfo (RoleInfo.java:shutdownFollowerState(121)) - 99a5110c-5ef4-492c-9e1e-46e0e48d57c4: shutdown FollowerState
2019-06-14 09:58:17,498 INFO  impl.RaftServerImpl (RaftServerImpl.java:setRole(164)) - 99a5110c-5ef4-492c-9e1e-46e0e48d57c4:group-72568FC4D86A changes role from FOLLOWER to CANDIDATE at term 0 for changeToCandidate
2019-06-14 09:58:17,498 INFO  impl.RoleInfo (RoleInfo.java:updateAndGet(143)) - 99a5110c-5ef4-492c-9e1e-46e0e48d57c4: start LeaderElection
2019-06-14 09:58:17,502 INFO  impl.LeaderElection (LeaderElection.java:askForVotes(181)) - 99a5110c-5ef4-492c-9e1e-46e0e48d57c4:group-72568FC4D86A:LeaderElection4: begin an election at term 1 for -1: [99a5110c-5ef4-492c-9e1e-46e0e48d57c4:192.168.105.157:45473], old=null
2019-06-14 09:58:17,502 INFO  impl.RoleInfo (RoleInfo.java:shutdownLeaderElection(134)) - 99a5110c-5ef4-492c-9e1e-46e0e48d57c4: shutdown LeaderElection
2019-06-14 09:58:17,502 INFO  impl.RaftServerImpl (RaftServerImpl.java:setRole(164)) - 99a5110c-5ef4-492c-9e1e-46e0e48d57c4:group-72568FC4D86A changes role from CANDIDATE to LEADER at term 1 for changeToLeader
2019-06-14 09:58:17,502 INFO  impl.RaftServerImpl (ServerState.java:setLeader(263)) - 99a5110c-5ef4-492c-9e1e-46e0e48d57c4:group-72568FC4D86A change Leader from null to 99a5110c-5ef4-492c-9e1e-46e0e48d57c4 at term 1 for becomeLeader, leader elected after 1042ms
2019-06-14 09:58:17,503 INFO  server.RaftServerConfigKeys (ConfUtils.java:logGet(43)) - raft.server.staging.catchup.gap = 1000 (default)
2019-06-14 09:58:17,503 INFO  server.RaftServerConfigKeys (ConfUtils.java:logGet(43)) - raft.server.rpc.sleep.time = 25ms (default)
2019-06-14 09:58:17,503 INFO  server.RaftServerConfigKeys (ConfUtils.java:logGet(43)) - raft.server.watch.timeout = 10s (default)
2019-06-14 09:58:17,503 INFO  server.RaftServerConfigKeys (ConfUtils.java:logGet(43)) - raft.server.watch.timeout.denomination = 1s (default)
2019-06-14 09:58:17,503 INFO  impl.RoleInfo (RoleInfo.java:updateAndGet(143)) - 99a5110c-5ef4-492c-9e1e-46e0e48d57c4: start LeaderState
2019-06-14 09:58:17,504 INFO  storage.RaftLogWorker (RaftLogWorker.java:startLogSegment(298)) - 99a5110c-5ef4-492c-9e1e-46e0e48d57c4-RaftLogWorker: Starting segment from index:0
2019-06-14 09:58:17,505 INFO  impl.RaftServerImpl (ServerState.java:setRaftConf(361)) - 99a5110c-5ef4-492c-9e1e-46e0e48d57c4:group-72568FC4D86A set configuration 0: [99a5110c-5ef4-492c-9e1e-46e0e48d57c4:192.168.105.157:45473], old=null at 0
2019-06-14 09:58:17,566 INFO  impl.FollowerState (FollowerState.java:run(101)) - f6776fe2-f90f-494f-8a12-432d2d517eb8:group-AC79DF0F3141 changes to CANDIDATE, lastRpcTime:1048, electionTimeout:1048ms
2019-06-14 09:58:17,567 INFO  impl.RoleInfo (RoleInfo.java:shutdownFollowerState(121)) - f6776fe2-f90f-494f-8a12-432d2d517eb8: shutdown FollowerState
2019-06-14 09:58:17,567 INFO  impl.RaftServerImpl (RaftServerImpl.java:setRole(164)) - f6776fe2-f90f-494f-8a12-432d2d517eb8:group-AC79DF0F3141 changes role from FOLLOWER to CANDIDATE at term 0 for changeToCandidate
2019-06-14 09:58:17,567 INFO  impl.RoleInfo (RoleInfo.java:updateAndGet(143)) - f6776fe2-f90f-494f-8a12-432d2d517eb8: start LeaderElection
2019-06-14 09:58:17,589 INFO  impl.FollowerState (FollowerState.java:run(101)) - 0980630e-f465-4150-bb0a-cd73696a5efa:group-AC79DF0F3141 changes to CANDIDATE, lastRpcTime:1071, electionTimeout:1051ms
2019-06-14 09:58:17,592 INFO  impl.RoleInfo (RoleInfo.java:shutdownFollowerState(121)) - 0980630e-f465-4150-bb0a-cd73696a5efa: shutdown FollowerState
2019-06-14 09:58:17,592 INFO  impl.RaftServerImpl (RaftServerImpl.java:setRole(164)) - 0980630e-f465-4150-bb0a-cd73696a5efa:group-AC79DF0F3141 changes role from FOLLOWER to CANDIDATE at term 0 for changeToCandidate
2019-06-14 09:58:17,592 INFO  impl.RoleInfo (RoleInfo.java:updateAndGet(143)) - 0980630e-f465-4150-bb0a-cd73696a5efa: start LeaderElection
2019-06-14 09:58:17,595 INFO  impl.LeaderElection (LeaderElection.java:askForVotes(181)) - f6776fe2-f90f-494f-8a12-432d2d517eb8:group-AC79DF0F3141:LeaderElection5: begin an election at term 1 for -1: [b84d265f-89c2-48ec-b93e-d5e25c754346:192.168.105.157:39841, f6776fe2-f90f-494f-8a12-432d2d517eb8:192.168.105.157:46723, 0980630e-f465-4150-bb0a-cd73696a5efa:192.168.105.157:36699], old=null
2019-06-14 09:58:17,598 INFO  impl.LeaderElection (LeaderElection.java:askForVotes(181)) - 0980630e-f465-4150-bb0a-cd73696a5efa:group-AC79DF0F3141:LeaderElection6: begin an election at term 1 for -1: [b84d265f-89c2-48ec-b93e-d5e25c754346:192.168.105.157:39841, f6776fe2-f90f-494f-8a12-432d2d517eb8:192.168.105.157:46723, 0980630e-f465-4150-bb0a-cd73696a5efa:192.168.105.157:36699], old=null
2019-06-14 09:58:17,600 INFO  impl.FollowerState (FollowerState.java:run(101)) - 5486ca28-bb35-4014-ac63-219674d08a21:group-F1B78D73AA5A changes to CANDIDATE, lastRpcTime:1026, electionTimeout:1026ms
2019-06-14 09:58:17,600 INFO  impl.RoleInfo (RoleInfo.java:shutdownFollowerState(121)) - 5486ca28-bb35-4014-ac63-219674d08a21: shutdown FollowerState
2019-06-14 09:58:17,601 INFO  impl.RaftServerImpl (RaftServerImpl.java:setRole(164)) - 5486ca28-bb35-4014-ac63-219674d08a21:group-F1B78D73AA5A changes role from FOLLOWER to CANDIDATE at term 0 for changeToCandidate
2019-06-14 09:58:17,601 INFO  impl.RoleInfo (RoleInfo.java:updateAndGet(143)) - 5486ca28-bb35-4014-ac63-219674d08a21: start LeaderElection
2019-06-14 09:58:17,602 INFO  storage.RaftLogWorker (RaftLogWorker.java:execute(469)) - b84d265f-89c2-48ec-b93e-d5e25c754346-RaftLogWorker: created new log segment /opt/src/hadoop-ozone/integration-test/target/test-dir/MiniOzoneClusterImpl-98c1beae-8051-46cc-b74d-379f02bafea9/datanode-0/data/ratis/3cf53e13-8508-4036-984d-d6e22818edd5/current/log_inprogress_0
2019-06-14 09:58:17,602 INFO  storage.RaftLogWorker (RaftLogWorker.java:execute(469)) - f6776fe2-f90f-494f-8a12-432d2d517eb8-RaftLogWorker: created new log segment /opt/src/hadoop-ozone/integration-test/target/test-dir/MiniOzoneClusterImpl-98c1beae-8051-46cc-b74d-379f02bafea9/datanode-1/data/ratis/437c37e0-691e-4866-b72a-735e4c6eb350/current/log_inprogress_0
2019-06-14 09:58:17,602 INFO  storage.RaftLogWorker (RaftLogWorker.java:execute(469)) - 0980630e-f465-4150-bb0a-cd73696a5efa-RaftLogWorker: created new log segment /opt/src/hadoop-ozone/integration-test/target/test-dir/MiniOzoneClusterImpl-98c1beae-8051-46cc-b74d-379f02bafea9/datanode-2/data/ratis/e2d255a1-0832-4b4a-81d3-c9c387d1ad04/current/log_inprogress_0
2019-06-14 09:58:17,602 INFO  storage.RaftLogWorker (RaftLogWorker.java:execute(469)) - 99a5110c-5ef4-492c-9e1e-46e0e48d57c4-RaftLogWorker: created new log segment /opt/src/hadoop-ozone/integration-test/target/test-dir/MiniOzoneClusterImpl-98c1beae-8051-46cc-b74d-379f02bafea9/datanode-3/data/ratis/8fd3f2e1-698d-4a79-949d-72568fc4d86a/current/log_inprogress_0
2019-06-14 09:58:17,624 INFO  impl.LeaderElection (LeaderElection.java:askForVotes(181)) - 5486ca28-bb35-4014-ac63-219674d08a21:group-F1B78D73AA5A:LeaderElection7: begin an election at term 1 for -1: [5486ca28-bb35-4014-ac63-219674d08a21:192.168.105.157:45471], old=null
2019-06-14 09:58:17,624 INFO  impl.RoleInfo (RoleInfo.java:shutdownLeaderElection(134)) - 5486ca28-bb35-4014-ac63-219674d08a21: shutdown LeaderElection
2019-06-14 09:58:17,624 INFO  impl.RaftServerImpl (RaftServerImpl.java:setRole(164)) - 5486ca28-bb35-4014-ac63-219674d08a21:group-F1B78D73AA5A changes role from CANDIDATE to LEADER at term 1 for changeToLeader
2019-06-14 09:58:17,624 INFO  impl.RaftServerImpl (ServerState.java:setLeader(263)) - 5486ca28-bb35-4014-ac63-219674d08a21:group-F1B78D73AA5A change Leader from null to 5486ca28-bb35-4014-ac63-219674d08a21 at term 1 for becomeLeader, leader elected after 1052ms
2019-06-14 09:58:17,628 INFO  server.RaftServerConfigKeys (ConfUtils.java:logGet(43)) - raft.server.staging.catchup.gap = 1000 (default)
2019-06-14 09:58:17,628 INFO  server.RaftServerConfigKeys (ConfUtils.java:logGet(43)) - raft.server.rpc.sleep.time = 25ms (default)
2019-06-14 09:58:17,628 INFO  server.RaftServerConfigKeys (ConfUtils.java:logGet(43)) - raft.server.watch.timeout = 10s (default)
2019-06-14 09:58:17,629 INFO  server.RaftServerConfigKeys (ConfUtils.java:logGet(43)) - raft.server.watch.timeout.denomination = 1s (default)
2019-06-14 09:58:17,629 INFO  impl.RoleInfo (RoleInfo.java:updateAndGet(143)) - 5486ca28-bb35-4014-ac63-219674d08a21: start LeaderState
2019-06-14 09:58:17,629 INFO  storage.RaftLogWorker (RaftLogWorker.java:startLogSegment(298)) - 5486ca28-bb35-4014-ac63-219674d08a21-RaftLogWorker: Starting segment from index:0
2019-06-14 09:58:17,649 INFO  impl.RaftServerImpl (ServerState.java:setRaftConf(361)) - 5486ca28-bb35-4014-ac63-219674d08a21:group-F1B78D73AA5A set configuration 0: [5486ca28-bb35-4014-ac63-219674d08a21:192.168.105.157:45471], old=null at 0
2019-06-14 09:58:17,668 INFO  impl.RaftServerImpl (RaftServerImpl.java:setRole(164)) - b84d265f-89c2-48ec-b93e-d5e25c754346:group-AC79DF0F3141 changes role from FOLLOWER to FOLLOWER at term 1 for recognizeCandidate:f6776fe2-f90f-494f-8a12-432d2d517eb8
2019-06-14 09:58:17,668 INFO  impl.RoleInfo (RoleInfo.java:shutdownFollowerState(121)) - b84d265f-89c2-48ec-b93e-d5e25c754346: shutdown FollowerState
2019-06-14 09:58:17,668 INFO  impl.RoleInfo (RoleInfo.java:updateAndGet(143)) - b84d265f-89c2-48ec-b93e-d5e25c754346: start FollowerState
2019-06-14 09:58:17,668 INFO  impl.FollowerState (FollowerState.java:run(109)) - b84d265f-89c2-48ec-b93e-d5e25c754346: FollowerState was interrupted: java.lang.InterruptedException: sleep interrupted
2019-06-14 09:58:17,671 INFO  storage.RaftLogWorker (RaftLogWorker.java:execute(469)) - 5486ca28-bb35-4014-ac63-219674d08a21-RaftLogWorker: created new log segment /opt/src/hadoop-ozone/integration-test/target/test-dir/MiniOzoneClusterImpl-98c1beae-8051-46cc-b74d-379f02bafea9/datanode-4/data/ratis/831ec773-c3e8-497d-a16b-f1b78d73aa5a/current/log_inprogress_0
2019-06-14 09:58:17,695 INFO  impl.LeaderElection (LeaderElection.java:logAndReturn(56)) - 0980630e-f465-4150-bb0a-cd73696a5efa:group-AC79DF0F3141:LeaderElection6: Election REJECTED; received 2 response(s) [0980630e-f465-4150-bb0a-cd73696a5efa->b84d265f-89c2-48ec-b93e-d5e25c754346,false-t1, 0980630e-f465-4150-bb0a-cd73696a5efa->f6776fe2-f90f-494f-8a12-432d2d517eb8,false-t1] and 0 exception(s); 0980630e-f465-4150-bb0a-cd73696a5efa:t1, leader=null, voted=0980630e-f465-4150-bb0a-cd73696a5efa, raftlog=0980630e-f465-4150-bb0a-cd73696a5efa-SegmentedRaftLog:OPENED:c-1,f-1,i0, conf=-1: [b84d265f-89c2-48ec-b93e-d5e25c754346:192.168.105.157:39841, f6776fe2-f90f-494f-8a12-432d2d517eb8:192.168.105.157:46723, 0980630e-f465-4150-bb0a-cd73696a5efa:192.168.105.157:36699], old=null
2019-06-14 09:58:17,695 INFO  impl.RaftServerImpl (RaftServerImpl.java:setRole(164)) - 0980630e-f465-4150-bb0a-cd73696a5efa:group-AC79DF0F3141 changes role from CANDIDATE to FOLLOWER at term 1 for DISCOVERED_A_NEW_TERM
2019-06-14 09:58:17,696 INFO  impl.RoleInfo (RoleInfo.java:shutdownLeaderElection(134)) - 0980630e-f465-4150-bb0a-cd73696a5efa: shutdown LeaderElection
2019-06-14 09:58:17,696 INFO  impl.RoleInfo (RoleInfo.java:updateAndGet(143)) - 0980630e-f465-4150-bb0a-cd73696a5efa: start FollowerState
2019-06-14 09:58:17,699 INFO  impl.LeaderElection (LeaderElection.java:logAndReturn(56)) - f6776fe2-f90f-494f-8a12-432d2d517eb8:group-AC79DF0F3141:LeaderElection5: Election PASSED; received 2 response(s) [f6776fe2-f90f-494f-8a12-432d2d517eb8->b84d265f-89c2-48ec-b93e-d5e25c754346,true-t1, f6776fe2-f90f-494f-8a12-432d2d517eb8->0980630e-f465-4150-bb0a-cd73696a5efa,false-t1] and 0 exception(s); f6776fe2-f90f-494f-8a12-432d2d517eb8:t1, leader=null, voted=f6776fe2-f90f-494f-8a12-432d2d517eb8, raftlog=f6776fe2-f90f-494f-8a12-432d2d517eb8-SegmentedRaftLog:OPENED:c-1,f-1,i0, conf=-1: [b84d265f-89c2-48ec-b93e-d5e25c754346:192.168.105.157:39841, f6776fe2-f90f-494f-8a12-432d2d517eb8:192.168.105.157:46723, 0980630e-f465-4150-bb0a-cd73696a5efa:192.168.105.157:36699], old=null
2019-06-14 09:58:17,699 INFO  impl.RoleInfo (RoleInfo.java:shutdownLeaderElection(134)) - f6776fe2-f90f-494f-8a12-432d2d517eb8: shutdown LeaderElection
2019-06-14 09:58:17,699 INFO  impl.RaftServerImpl (RaftServerImpl.java:setRole(164)) - f6776fe2-f90f-494f-8a12-432d2d517eb8:group-AC79DF0F3141 changes role from CANDIDATE to LEADER at term 1 for changeToLeader
2019-06-14 09:58:17,700 INFO  impl.RaftServerImpl (ServerState.java:setLeader(263)) - f6776fe2-f90f-494f-8a12-432d2d517eb8:group-AC79DF0F3141 change Leader from null to f6776fe2-f90f-494f-8a12-432d2d517eb8 at term 1 for becomeLeader, leader elected after 1186ms
2019-06-14 09:58:17,700 INFO  server.RaftServerConfigKeys (ConfUtils.java:logGet(43)) - raft.server.staging.catchup.gap = 1000 (default)
2019-06-14 09:58:17,700 INFO  server.RaftServerConfigKeys (ConfUtils.java:logGet(43)) - raft.server.rpc.sleep.time = 25ms (default)
2019-06-14 09:58:17,700 INFO  server.RaftServerConfigKeys (ConfUtils.java:logGet(43)) - raft.server.watch.timeout = 10s (default)
2019-06-14 09:58:17,700 INFO  server.RaftServerConfigKeys (ConfUtils.java:logGet(43)) - raft.server.watch.timeout.denomination = 1s (default)
2019-06-14 09:58:17,701 INFO  server.RaftServerConfigKeys (ConfUtils.java:logGet(43)) - raft.server.log.appender.snapshot.chunk.size.max = 16MB (=16777216) (default)
2019-06-14 09:58:17,702 INFO  server.RaftServerConfigKeys (ConfUtils.java:logGet(43)) - raft.server.log.appender.buffer.byte-limit = 33554432 (custom)
2019-06-14 09:58:17,702 INFO  server.RaftServerConfigKeys (ConfUtils.java:logGet(43)) - raft.server.log.appender.buffer.element-limit = 1 (custom)
2019-06-14 09:58:17,703 INFO  grpc.GrpcConfigKeys$Server (ConfUtils.java:logGet(43)) - raft.grpc.server.leader.outstanding.appends.max = 128 (default)
2019-06-14 09:58:17,703 INFO  server.RaftServerConfigKeys (ConfUtils.java:logGet(43)) - raft.server.rpc.request.timeout = 3000ms (default)
2019-06-14 09:58:17,703 INFO  server.RaftServerConfigKeys (ConfUtils.java:logGet(43)) - raft.server.log.appender.install.snapshot.enabled = true (default)
2019-06-14 09:58:17,703 INFO  server.RaftServerConfigKeys (ConfUtils.java:logGet(43)) - raft.server.log.appender.snapshot.chunk.size.max = 16MB (=16777216) (default)
2019-06-14 09:58:17,703 INFO  server.RaftServerConfigKeys (ConfUtils.java:logGet(43)) - raft.server.log.appender.buffer.byte-limit = 33554432 (custom)
2019-06-14 09:58:17,703 INFO  server.RaftServerConfigKeys (ConfUtils.java:logGet(43)) - raft.server.log.appender.buffer.element-limit = 1 (custom)
2019-06-14 09:58:17,703 INFO  grpc.GrpcConfigKeys$Server (ConfUtils.java:logGet(43)) - raft.grpc.server.leader.outstanding.appends.max = 128 (default)
2019-06-14 09:58:17,703 INFO  server.RaftServerConfigKeys (ConfUtils.java:logGet(43)) - raft.server.rpc.request.timeout = 3000ms (default)
2019-06-14 09:58:17,704 INFO  server.RaftServerConfigKeys (ConfUtils.java:logGet(43)) - raft.server.log.appender.install.snapshot.enabled = true (default)
2019-06-14 09:58:17,704 INFO  impl.RoleInfo (RoleInfo.java:updateAndGet(143)) - f6776fe2-f90f-494f-8a12-432d2d517eb8: start LeaderState
2019-06-14 09:58:17,704 INFO  storage.RaftLogWorker (RaftLogWorker.java:startLogSegment(298)) - f6776fe2-f90f-494f-8a12-432d2d517eb8-RaftLogWorker: Starting segment from index:0
2019-06-14 09:58:17,722 INFO  impl.RaftServerImpl (ServerState.java:setRaftConf(361)) - f6776fe2-f90f-494f-8a12-432d2d517eb8:group-AC79DF0F3141 set configuration 0: [b84d265f-89c2-48ec-b93e-d5e25c754346:192.168.105.157:39841, f6776fe2-f90f-494f-8a12-432d2d517eb8:192.168.105.157:46723, 0980630e-f465-4150-bb0a-cd73696a5efa:192.168.105.157:36699], old=null at 0
2019-06-14 09:58:17,742 INFO  storage.RaftLogWorker (RaftLogWorker.java:execute(469)) - f6776fe2-f90f-494f-8a12-432d2d517eb8-RaftLogWorker: created new log segment /opt/src/hadoop-ozone/integration-test/target/test-dir/MiniOzoneClusterImpl-98c1beae-8051-46cc-b74d-379f02bafea9/datanode-1/data/ratis/792fc4f8-7c68-4871-9e29-ac79df0f3141/current/log_inprogress_0
2019-06-14 09:58:17,757 INFO  impl.RaftServerImpl (ServerState.java:setLeader(263)) - b84d265f-89c2-48ec-b93e-d5e25c754346:group-AC79DF0F3141 change Leader from null to f6776fe2-f90f-494f-8a12-432d2d517eb8 at term 1 for appendEntries, leader elected after 1244ms
2019-06-14 09:58:17,757 INFO  impl.RaftServerImpl (ServerState.java:setLeader(263)) - 0980630e-f465-4150-bb0a-cd73696a5efa:group-AC79DF0F3141 change Leader from null to f6776fe2-f90f-494f-8a12-432d2d517eb8 at term 1 for appendEntries, leader elected after 1244ms
2019-06-14 09:58:17,760 INFO  ozone.MiniOzoneClusterImpl (MiniOzoneClusterImpl.java:lambda$waitForClusterToBeReady$0(142)) - Cluster is ready. Got 6 of 6 DN Heartbeats.
2019-06-14 09:58:17,776 INFO  impl.RaftServerImpl (ServerState.java:setRaftConf(361)) - b84d265f-89c2-48ec-b93e-d5e25c754346:group-AC79DF0F3141 set configuration 0: [b84d265f-89c2-48ec-b93e-d5e25c754346:192.168.105.157:39841, f6776fe2-f90f-494f-8a12-432d2d517eb8:192.168.105.157:46723, 0980630e-f465-4150-bb0a-cd73696a5efa:192.168.105.157:36699], old=null at 0
2019-06-14 09:58:17,776 INFO  impl.RaftServerImpl (ServerState.java:setRaftConf(361)) - 0980630e-f465-4150-bb0a-cd73696a5efa:group-AC79DF0F3141 set configuration 0: [b84d265f-89c2-48ec-b93e-d5e25c754346:192.168.105.157:39841, f6776fe2-f90f-494f-8a12-432d2d517eb8:192.168.105.157:46723, 0980630e-f465-4150-bb0a-cd73696a5efa:192.168.105.157:36699], old=null at 0
2019-06-14 09:58:17,776 INFO  storage.RaftLogWorker (RaftLogWorker.java:startLogSegment(298)) - b84d265f-89c2-48ec-b93e-d5e25c754346-RaftLogWorker: Starting segment from index:0
2019-06-14 09:58:17,776 INFO  storage.RaftLogWorker (RaftLogWorker.java:startLogSegment(298)) - 0980630e-f465-4150-bb0a-cd73696a5efa-RaftLogWorker: Starting segment from index:0
]]></system-out>
    <system-err><![CDATA[ERROR StatusLogger No Log4j 2 configuration file found. Using default configuration (logging only errors to the console), or user programmatically provided configurations. Set system property 'log4j2.debug' to show Log4j 2 internal initialization logging. See https://logging.apache.org/log4j/2.x/manual/configuration.html for instructions on how to configure Log4j 2
Jun 14, 2019 9:58:11 AM com.sun.jersey.server.impl.application.WebApplicationImpl _initiate
INFO: Initiating Jersey application, version 'Jersey: 1.19 02/11/2015 03:25 AM'
Jun 14, 2019 9:58:11 AM com.sun.jersey.server.impl.application.WebApplicationImpl _initiate
INFO: Initiating Jersey application, version 'Jersey: 1.19 02/11/2015 03:25 AM'
Jun 14, 2019 9:58:12 AM com.sun.jersey.server.impl.application.WebApplicationImpl _initiate
INFO: Initiating Jersey application, version 'Jersey: 1.19 02/11/2015 03:25 AM'
Jun 14, 2019 9:58:12 AM com.sun.jersey.server.impl.application.WebApplicationImpl _initiate
INFO: Initiating Jersey application, version 'Jersey: 1.19 02/11/2015 03:25 AM'
Jun 14, 2019 9:58:12 AM com.sun.jersey.server.impl.application.WebApplicationImpl _initiate
INFO: Initiating Jersey application, version 'Jersey: 1.19 02/11/2015 03:25 AM'
Jun 14, 2019 9:58:12 AM com.sun.jersey.server.impl.application.WebApplicationImpl _initiate
INFO: Initiating Jersey application, version 'Jersey: 1.19 02/11/2015 03:25 AM'
]]></system-err>
  </testcase>
</testsuite>