<?xml version="1.0" encoding="UTF-8"?>
<testsuite xmlns:xsi="http://www.w3.org/2001/XMLSchema-instance" xsi:noNamespaceSchemaLocation="https://maven.apache.org/surefire/maven-surefire-plugin/xsd/surefire-test-report.xsd" name="org.apache.hadoop.ozone.client.rpc.TestFailureHandlingByClient" time="134.57" tests="7" errors="0" skipped="0" failures="2">
  <properties>
    <property name="awt.toolkit" value="sun.awt.X11.XToolkit"/>
    <property name="file.encoding.pkg" value="sun.io"/>
    <property name="java.specification.version" value="1.8"/>
    <property name="sun.cpu.isalist" value=""/>
    <property name="sun.jnu.encoding" value="UTF-8"/>
    <property name="java.class.path" value="/opt/src/hadoop-ozone/integration-test/target/test-classes:/opt/src/hadoop-ozone/integration-test/target/classes:/root/.m2/repository/org/apache/hadoop/hadoop-ozone-common/0.5.0-SNAPSHOT/hadoop-ozone-common-0.5.0-SNAPSHOT.jar:/root/.m2/repository/org/apache/commons/commons-compress/1.4.1/commons-compress-1.4.1.jar:/root/.m2/repository/org/tukaani/xz/1.0/xz-1.0.jar:/root/.m2/repository/org/apache/hadoop/hadoop-common/3.2.0/hadoop-common-3.2.0.jar:/root/.m2/repository/org/apache/hadoop/hadoop-hdfs/3.2.0/hadoop-hdfs-3.2.0.jar:/root/.m2/repository/org/apache/hadoop/hadoop-hdfs-client/3.2.0/hadoop-hdfs-client-3.2.0.jar:/root/.m2/repository/com/fasterxml/jackson/core/jackson-annotations/2.9.5/jackson-annotations-2.9.5.jar:/root/.m2/repository/org/apache/hadoop/hadoop-hdds-common/0.5.0-SNAPSHOT/hadoop-hdds-common-0.5.0-SNAPSHOT.jar:/root/.m2/repository/javax/annotation/javax.annotation-api/1.2/javax.annotation-api-1.2.jar:/root/.m2/repository/org/apache/ratis/ratis-server/0.4.0-fe2b15d-SNAPSHOT/ratis-server-0.4.0-fe2b15d-SNAPSHOT.jar:/root/.m2/repository/org/apache/ratis/ratis-thirdparty-misc/0.2.0/ratis-thirdparty-misc-0.2.0.jar:/root/.m2/repository/org/apache/ratis/ratis-proto/0.4.0-fe2b15d-SNAPSHOT/ratis-proto-0.4.0-fe2b15d-SNAPSHOT.jar:/root/.m2/repository/org/apache/ratis/ratis-common/0.4.0-fe2b15d-SNAPSHOT/ratis-common-0.4.0-fe2b15d-SNAPSHOT.jar:/root/.m2/repository/org/apache/ratis/ratis-client/0.4.0-fe2b15d-SNAPSHOT/ratis-client-0.4.0-fe2b15d-SNAPSHOT.jar:/root/.m2/repository/org/apache/ratis/ratis-netty/0.4.0-fe2b15d-SNAPSHOT/ratis-netty-0.4.0-fe2b15d-SNAPSHOT.jar:/root/.m2/repository/org/apache/ratis/ratis-grpc/0.4.0-fe2b15d-SNAPSHOT/ratis-grpc-0.4.0-fe2b15d-SNAPSHOT.jar:/root/.m2/repository/org/rocksdb/rocksdbjni/5.14.2/rocksdbjni-5.14.2.jar:/root/.m2/repository/org/apache/logging/log4j/log4j-api/2.11.0/log4j-api-2.11.0.jar:/root/.m2/repository/org/apache/logging/log4j/log4j-core/2.11.0/log4j-core-2.11.0.jar:/root/.m2/repository/com/lmax/disruptor/3.4.2/disruptor-3.4.2.jar:/root/.m2/repository/org/apache/commons/commons-pool2/2.6.0/commons-pool2-2.6.0.jar:/root/.m2/repository/org/bouncycastle/bcpkix-jdk15on/1.60/bcpkix-jdk15on-1.60.jar:/root/.m2/repository/commons-validator/commons-validator/1.6/commons-validator-1.6.jar:/root/.m2/repository/commons-digester/commons-digester/1.8.1/commons-digester-1.8.1.jar:/root/.m2/repository/io/jaegertracing/jaeger-client/0.33.1/jaeger-client-0.33.1.jar:/root/.m2/repository/io/jaegertracing/jaeger-thrift/0.33.1/jaeger-thrift-0.33.1.jar:/root/.m2/repository/org/apache/thrift/libthrift/0.11.0/libthrift-0.11.0.jar:/root/.m2/repository/com/squareup/okhttp3/okhttp/3.9.0/okhttp-3.9.0.jar:/root/.m2/repository/com/squareup/okio/okio/1.13.0/okio-1.13.0.jar:/root/.m2/repository/io/jaegertracing/jaeger-core/0.33.1/jaeger-core-0.33.1.jar:/root/.m2/repository/io/jaegertracing/jaeger-tracerresolver/0.33.1/jaeger-tracerresolver-0.33.1.jar:/root/.m2/repository/io/opentracing/contrib/opentracing-tracerresolver/0.1.5/opentracing-tracerresolver-0.1.5.jar:/root/.m2/repository/io/opentracing/opentracing-util/0.31.0/opentracing-util-0.31.0.jar:/root/.m2/repository/io/opentracing/opentracing-api/0.31.0/opentracing-api-0.31.0.jar:/root/.m2/repository/io/opentracing/opentracing-noop/0.31.0/opentracing-noop-0.31.0.jar:/root/.m2/repository/org/apache/hadoop/hadoop-hdds-server-framework/0.5.0-SNAPSHOT/hadoop-hdds-server-framework-0.5.0-SNAPSHOT.jar:/root/.m2/repository/org/apache/hadoop/hadoop-hdds-server-scm/0.5.0-SNAPSHOT/hadoop-hdds-server-scm-0.5.0-SNAPSHOT.jar:/root/.m2/repository/org/apache/hadoop/hadoop-hdds-container-service/0.5.0-SNAPSHOT/hadoop-hdds-container-service-0.5.0-SNAPSHOT.jar:/root/.m2/repository/org/apache/hadoop/hadoop-hdds-client/0.5.0-SNAPSHOT/hadoop-hdds-client-0.5.0-SNAPSHOT.jar:/root/.m2/repository/org/apache/hadoop/hadoop-hdds-tools/0.5.0-SNAPSHOT/hadoop-hdds-tools-0.5.0-SNAPSHOT.jar:/root/.m2/repository/org/apache/hadoop/hadoop-ozone-ozone-manager/0.5.0-SNAPSHOT/hadoop-ozone-ozone-manager-0.5.0-SNAPSHOT.jar:/root/.m2/repository/org/apache/hadoop/hadoop-hdds-docs/0.5.0-SNAPSHOT/hadoop-hdds-docs-0.5.0-SNAPSHOT.jar:/root/.m2/repository/org/bouncycastle/bcprov-jdk15on/1.60/bcprov-jdk15on-1.60.jar:/root/.m2/repository/org/apache/hadoop/hadoop-minikdc/3.2.0/hadoop-minikdc-3.2.0.jar:/root/.m2/repository/commons-io/commons-io/2.5/commons-io-2.5.jar:/root/.m2/repository/org/apache/kerby/kerb-simplekdc/1.0.1/kerb-simplekdc-1.0.1.jar:/root/.m2/repository/org/apache/kerby/kerb-client/1.0.1/kerb-client-1.0.1.jar:/root/.m2/repository/org/apache/kerby/kerby-config/1.0.1/kerby-config-1.0.1.jar:/root/.m2/repository/org/apache/kerby/kerb-core/1.0.1/kerb-core-1.0.1.jar:/root/.m2/repository/org/apache/kerby/kerby-pkix/1.0.1/kerby-pkix-1.0.1.jar:/root/.m2/repository/org/apache/kerby/kerby-asn1/1.0.1/kerby-asn1-1.0.1.jar:/root/.m2/repository/org/apache/kerby/kerby-util/1.0.1/kerby-util-1.0.1.jar:/root/.m2/repository/org/apache/kerby/kerb-common/1.0.1/kerb-common-1.0.1.jar:/root/.m2/repository/org/apache/kerby/kerb-crypto/1.0.1/kerb-crypto-1.0.1.jar:/root/.m2/repository/org/apache/kerby/kerb-util/1.0.1/kerb-util-1.0.1.jar:/root/.m2/repository/org/apache/kerby/token-provider/1.0.1/token-provider-1.0.1.jar:/root/.m2/repository/org/apache/kerby/kerb-admin/1.0.1/kerb-admin-1.0.1.jar:/root/.m2/repository/org/apache/kerby/kerb-server/1.0.1/kerb-server-1.0.1.jar:/root/.m2/repository/org/apache/kerby/kerb-identity/1.0.1/kerb-identity-1.0.1.jar:/root/.m2/repository/org/apache/kerby/kerby-xdr/1.0.1/kerby-xdr-1.0.1.jar:/root/.m2/repository/org/slf4j/slf4j-log4j12/1.7.25/slf4j-log4j12-1.7.25.jar:/root/.m2/repository/org/apache/hadoop/hadoop-ozone-objectstore-service/0.5.0-SNAPSHOT/hadoop-ozone-objectstore-service-0.5.0-SNAPSHOT.jar:/root/.m2/repository/org/apache/hadoop/hadoop-ozone-s3gateway/0.5.0-SNAPSHOT/hadoop-ozone-s3gateway-0.5.0-SNAPSHOT.jar:/root/.m2/repository/org/jboss/weld/servlet/weld-servlet/2.4.7.Final/weld-servlet-2.4.7.Final.jar:/root/.m2/repository/org/glassfish/jersey/containers/jersey-container-servlet-core/2.27/jersey-container-servlet-core-2.27.jar:/root/.m2/repository/org/glassfish/hk2/external/javax.inject/2.5.0-b42/javax.inject-2.5.0-b42.jar:/root/.m2/repository/org/glassfish/jersey/core/jersey-common/2.27/jersey-common-2.27.jar:/root/.m2/repository/org/glassfish/hk2/osgi-resource-locator/1.0.1/osgi-resource-locator-1.0.1.jar:/root/.m2/repository/javax/ws/rs/javax.ws.rs-api/2.1/javax.ws.rs-api-2.1.jar:/root/.m2/repository/org/glassfish/jersey/ext/cdi/jersey-cdi1x/2.27/jersey-cdi1x-2.27.jar:/root/.m2/repository/org/glassfish/jersey/inject/jersey-hk2/2.27/jersey-hk2-2.27.jar:/root/.m2/repository/org/glassfish/hk2/hk2-locator/2.5.0-b42/hk2-locator-2.5.0-b42.jar:/root/.m2/repository/org/javassist/javassist/3.22.0-CR2/javassist-3.22.0-CR2.jar:/root/.m2/repository/org/glassfish/hk2/hk2-api/2.5.0/hk2-api-2.5.0.jar:/root/.m2/repository/org/glassfish/hk2/external/jakarta.inject/2.5.0/jakarta.inject-2.5.0.jar:/root/.m2/repository/org/glassfish/hk2/hk2-utils/2.5.0/hk2-utils-2.5.0.jar:/root/.m2/repository/jakarta/annotation/jakarta.annotation-api/1.3.4/jakarta.annotation-api-1.3.4.jar:/root/.m2/repository/org/glassfish/hk2/external/aopalliance-repackaged/2.5.0/aopalliance-repackaged-2.5.0.jar:/root/.m2/repository/com/fasterxml/jackson/dataformat/jackson-dataformat-xml/2.9.0/jackson-dataformat-xml-2.9.0.jar:/root/.m2/repository/com/fasterxml/jackson/core/jackson-core/2.9.5/jackson-core-2.9.5.jar:/root/.m2/repository/com/fasterxml/jackson/module/jackson-module-jaxb-annotations/2.9.5/jackson-module-jaxb-annotations-2.9.5.jar:/root/.m2/repository/javax/enterprise/cdi-api/1.2/cdi-api-1.2.jar:/root/.m2/repository/javax/el/javax.el-api/3.0.0/javax.el-api-3.0.0.jar:/root/.m2/repository/javax/interceptor/javax.interceptor-api/1.2/javax.interceptor-api-1.2.jar:/root/.m2/repository/javax/inject/javax.inject/1/javax.inject-1.jar:/root/.m2/repository/com/sun/xml/bind/jaxb-impl/2.3.0.1/jaxb-impl-2.3.0.1.jar:/root/.m2/repository/com/sun/xml/bind/jaxb-core/2.3.0.1/jaxb-core-2.3.0.1.jar:/root/.m2/repository/javax/xml/bind/jaxb-api/2.3.0/jaxb-api-2.3.0.jar:/root/.m2/repository/javax/activation/activation/1.1.1/activation-1.1.1.jar:/root/.m2/repository/org/apache/hadoop/hadoop-ozone-csi/0.5.0-SNAPSHOT/hadoop-ozone-csi-0.5.0-SNAPSHOT.jar:/root/.m2/repository/com/google/protobuf/protobuf-java-util/3.5.1/protobuf-java-util-3.5.1.jar:/root/.m2/repository/org/apache/hadoop/hadoop-hdds-config/0.5.0-SNAPSHOT/hadoop-hdds-config-0.5.0-SNAPSHOT.jar:/root/.m2/repository/com/google/guava/guava/11.0.2/guava-11.0.2.jar:/root/.m2/repository/com/google/protobuf/protobuf-java/2.5.0/protobuf-java-2.5.0.jar:/root/.m2/repository/io/grpc/grpc-netty/1.17.1/grpc-netty-1.17.1.jar:/root/.m2/repository/io/grpc/grpc-core/1.17.1/grpc-core-1.17.1.jar:/root/.m2/repository/io/grpc/grpc-context/1.17.1/grpc-context-1.17.1.jar:/root/.m2/repository/com/google/errorprone/error_prone_annotations/2.2.0/error_prone_annotations-2.2.0.jar:/root/.m2/repository/org/codehaus/mojo/animal-sniffer-annotations/1.17/animal-sniffer-annotations-1.17.jar:/root/.m2/repository/io/opencensus/opencensus-api/0.17.0/opencensus-api-0.17.0.jar:/root/.m2/repository/io/opencensus/opencensus-contrib-grpc-metrics/0.17.0/opencensus-contrib-grpc-metrics-0.17.0.jar:/root/.m2/repository/io/netty/netty-codec-http2/4.1.30.Final/netty-codec-http2-4.1.30.Final.jar:/root/.m2/repository/io/netty/netty-codec-http/4.1.30.Final/netty-codec-http-4.1.30.Final.jar:/root/.m2/repository/io/netty/netty-codec/4.1.30.Final/netty-codec-4.1.30.Final.jar:/root/.m2/repository/io/netty/netty-handler/4.1.30.Final/netty-handler-4.1.30.Final.jar:/root/.m2/repository/io/netty/netty-handler-proxy/4.1.30.Final/netty-handler-proxy-4.1.30.Final.jar:/root/.m2/repository/io/netty/netty-codec-socks/4.1.30.Final/netty-codec-socks-4.1.30.Final.jar:/root/.m2/repository/io/netty/netty-transport-native-epoll/4.1.30.Final/netty-transport-native-epoll-4.1.30.Final.jar:/root/.m2/repository/io/netty/netty-common/4.1.30.Final/netty-common-4.1.30.Final.jar:/root/.m2/repository/io/netty/netty-buffer/4.1.30.Final/netty-buffer-4.1.30.Final.jar:/root/.m2/repository/io/netty/netty-transport/4.1.30.Final/netty-transport-4.1.30.Final.jar:/root/.m2/repository/io/netty/netty-resolver/4.1.30.Final/netty-resolver-4.1.30.Final.jar:/root/.m2/repository/io/netty/netty-transport-native-unix-common/4.1.30.Final/netty-transport-native-unix-common-4.1.30.Final.jar:/root/.m2/repository/io/grpc/grpc-protobuf/1.17.1/grpc-protobuf-1.17.1.jar:/root/.m2/repository/com/google/api/grpc/proto-google-common-protos/1.0.0/proto-google-common-protos-1.0.0.jar:/root/.m2/repository/io/grpc/grpc-protobuf-lite/1.17.1/grpc-protobuf-lite-1.17.1.jar:/root/.m2/repository/io/grpc/grpc-stub/1.17.1/grpc-stub-1.17.1.jar:/root/.m2/repository/org/apache/hadoop/hadoop-ozone-recon/0.5.0-SNAPSHOT/hadoop-ozone-recon-0.5.0-SNAPSHOT.jar:/root/.m2/repository/org/apache/hadoop/hadoop-ozone-reconcodegen/0.5.0-SNAPSHOT/hadoop-ozone-reconcodegen-0.5.0-SNAPSHOT.jar:/root/.m2/repository/com/google/inject/extensions/guice-multibindings/4.0/guice-multibindings-4.0.jar:/root/.m2/repository/com/google/inject/guice/4.0/guice-4.0.jar:/root/.m2/repository/aopalliance/aopalliance/1.0/aopalliance-1.0.jar:/root/.m2/repository/com/google/inject/extensions/guice-servlet/4.0/guice-servlet-4.0.jar:/root/.m2/repository/org/glassfish/jersey/containers/jersey-container-servlet/2.27/jersey-container-servlet-2.27.jar:/root/.m2/repository/org/glassfish/hk2/guice-bridge/2.5.0/guice-bridge-2.5.0.jar:/root/.m2/repository/org/glassfish/jersey/core/jersey-server/2.27/jersey-server-2.27.jar:/root/.m2/repository/org/glassfish/jersey/core/jersey-client/2.27/jersey-client-2.27.jar:/root/.m2/repository/org/glassfish/jersey/media/jersey-media-jaxb/2.27/jersey-media-jaxb-2.27.jar:/root/.m2/repository/javax/validation/validation-api/1.1.0.Final/validation-api-1.1.0.Final.jar:/root/.m2/repository/org/glassfish/jersey/media/jersey-media-json-jackson/2.27/jersey-media-json-jackson-2.27.jar:/root/.m2/repository/org/glassfish/jersey/ext/jersey-entity-filtering/2.27/jersey-entity-filtering-2.27.jar:/root/.m2/repository/com/google/inject/extensions/guice-assistedinject/4.0/guice-assistedinject-4.0.jar:/root/.m2/repository/org/jooq/jooq/3.11.10/jooq-3.11.10.jar:/root/.m2/repository/org/jooq/jooq-meta/3.11.10/jooq-meta-3.11.10.jar:/root/.m2/repository/org/jooq/jooq-codegen/3.11.10/jooq-codegen-3.11.10.jar:/root/.m2/repository/com/jolbox/bonecp/0.8.0.RELEASE/bonecp-0.8.0.RELEASE.jar:/root/.m2/repository/org/xerial/sqlite-jdbc/3.25.2/sqlite-jdbc-3.25.2.jar:/root/.m2/repository/org/springframework/spring-jdbc/5.1.3.RELEASE/spring-jdbc-5.1.3.RELEASE.jar:/root/.m2/repository/org/springframework/spring-beans/5.1.3.RELEASE/spring-beans-5.1.3.RELEASE.jar:/root/.m2/repository/org/springframework/spring-core/5.1.3.RELEASE/spring-core-5.1.3.RELEASE.jar:/root/.m2/repository/org/springframework/spring-jcl/5.1.3.RELEASE/spring-jcl-5.1.3.RELEASE.jar:/root/.m2/repository/org/springframework/spring-tx/5.1.3.RELEASE/spring-tx-5.1.3.RELEASE.jar:/root/.m2/repository/org/apache/hadoop/hadoop-ozone-client/0.5.0-SNAPSHOT/hadoop-ozone-client-0.5.0-SNAPSHOT.jar:/root/.m2/repository/org/apache/hadoop/hadoop-ozone-ozone-manager/0.5.0-SNAPSHOT/hadoop-ozone-ozone-manager-0.5.0-SNAPSHOT-tests.jar:/root/.m2/repository/junit/junit/4.11/junit-4.11.jar:/root/.m2/repository/org/hamcrest/hamcrest-core/1.3/hamcrest-core-1.3.jar:/root/.m2/repository/org/openjdk/jmh/jmh-core/1.19/jmh-core-1.19.jar:/root/.m2/repository/net/sf/jopt-simple/jopt-simple/4.6/jopt-simple-4.6.jar:/root/.m2/repository/org/apache/commons/commons-math3/3.1.1/commons-math3-3.1.1.jar:/root/.m2/repository/org/openjdk/jmh/jmh-generator-annprocess/1.19/jmh-generator-annprocess-1.19.jar:/root/.m2/repository/org/mockito/mockito-all/1.8.5/mockito-all-1.8.5.jar:/root/.m2/repository/org/apache/hadoop/hadoop-kms/3.2.0/hadoop-kms-3.2.0.jar:/root/.m2/repository/org/apache/hadoop/hadoop-auth/3.2.0/hadoop-auth-3.2.0.jar:/root/.m2/repository/com/nimbusds/nimbus-jose-jwt/4.41.1/nimbus-jose-jwt-4.41.1.jar:/root/.m2/repository/com/github/stephenc/jcip/jcip-annotations/1.0-1/jcip-annotations-1.0-1.jar:/root/.m2/repository/net/minidev/json-smart/2.3/json-smart-2.3.jar:/root/.m2/repository/net/minidev/accessors-smart/1.2/accessors-smart-1.2.jar:/root/.m2/repository/org/ow2/asm/asm/5.0.4/asm-5.0.4.jar:/root/.m2/repository/org/apache/curator/curator-framework/2.12.0/curator-framework-2.12.0.jar:/root/.m2/repository/com/sun/jersey/jersey-core/1.19/jersey-core-1.19.jar:/root/.m2/repository/javax/ws/rs/jsr311-api/1.1.1/jsr311-api-1.1.1.jar:/root/.m2/repository/com/sun/jersey/jersey-server/1.19/jersey-server-1.19.jar:/root/.m2/repository/javax/servlet/javax.servlet-api/3.1.0/javax.servlet-api-3.1.0.jar:/root/.m2/repository/org/eclipse/jetty/jetty-server/9.3.24.v20180605/jetty-server-9.3.24.v20180605.jar:/root/.m2/repository/org/eclipse/jetty/jetty-http/9.3.24.v20180605/jetty-http-9.3.24.v20180605.jar:/root/.m2/repository/org/eclipse/jetty/jetty-io/9.3.24.v20180605/jetty-io-9.3.24.v20180605.jar:/root/.m2/repository/org/eclipse/jetty/jetty-webapp/9.3.24.v20180605/jetty-webapp-9.3.24.v20180605.jar:/root/.m2/repository/org/eclipse/jetty/jetty-xml/9.3.24.v20180605/jetty-xml-9.3.24.v20180605.jar:/root/.m2/repository/log4j/log4j/1.2.17/log4j-1.2.17.jar:/root/.m2/repository/org/slf4j/slf4j-api/1.7.25/slf4j-api-1.7.25.jar:/root/.m2/repository/org/slf4j/jul-to-slf4j/1.7.25/jul-to-slf4j-1.7.25.jar:/root/.m2/repository/org/eclipse/jetty/jetty-util/9.3.24.v20180605/jetty-util-9.3.24.v20180605.jar:/root/.m2/repository/io/dropwizard/metrics/metrics-core/3.2.4/metrics-core-3.2.4.jar:/root/.m2/repository/com/fasterxml/jackson/core/jackson-databind/2.9.5/jackson-databind-2.9.5.jar:/root/.m2/repository/org/apache/hadoop/hadoop-kms/3.2.0/hadoop-kms-3.2.0-tests.jar:/root/.m2/repository/org/apache/hadoop/hadoop-hdds-server-scm/0.5.0-SNAPSHOT/hadoop-hdds-server-scm-0.5.0-SNAPSHOT-tests.jar:/root/.m2/repository/org/hamcrest/hamcrest-all/1.3/hamcrest-all-1.3.jar:/root/.m2/repository/info/picocli/picocli/3.9.6/picocli-3.9.6.jar:/root/.m2/repository/org/apache/hadoop/hadoop-hdds-container-service/0.5.0-SNAPSHOT/hadoop-hdds-container-service-0.5.0-SNAPSHOT-tests.jar:/root/.m2/repository/org/yaml/snakeyaml/1.16/snakeyaml-1.16.jar:/root/.m2/repository/org/apache/hadoop/hadoop-common/3.2.0/hadoop-common-3.2.0-tests.jar:/root/.m2/repository/org/apache/hadoop/hadoop-annotations/3.2.0/hadoop-annotations-3.2.0.jar:/usr/lib/jvm/java-1.8-openjdk/jre/../lib/tools.jar:/root/.m2/repository/commons-cli/commons-cli/1.2/commons-cli-1.2.jar:/root/.m2/repository/org/apache/httpcomponents/httpclient/4.5.2/httpclient-4.5.2.jar:/root/.m2/repository/org/apache/httpcomponents/httpcore/4.4.4/httpcore-4.4.4.jar:/root/.m2/repository/commons-codec/commons-codec/1.11/commons-codec-1.11.jar:/root/.m2/repository/commons-net/commons-net/3.6/commons-net-3.6.jar:/root/.m2/repository/commons-collections/commons-collections/3.2.2/commons-collections-3.2.2.jar:/root/.m2/repository/org/eclipse/jetty/jetty-servlet/9.3.24.v20180605/jetty-servlet-9.3.24.v20180605.jar:/root/.m2/repository/org/eclipse/jetty/jetty-security/9.3.24.v20180605/jetty-security-9.3.24.v20180605.jar:/root/.m2/repository/javax/servlet/jsp/jsp-api/2.1/jsp-api-2.1.jar:/root/.m2/repository/com/sun/jersey/jersey-servlet/1.19/jersey-servlet-1.19.jar:/root/.m2/repository/com/sun/jersey/jersey-json/1.19/jersey-json-1.19.jar:/root/.m2/repository/org/codehaus/jettison/jettison/1.1/jettison-1.1.jar:/root/.m2/repository/org/codehaus/jackson/jackson-core-asl/1.9.13/jackson-core-asl-1.9.13.jar:/root/.m2/repository/org/codehaus/jackson/jackson-mapper-asl/1.9.13/jackson-mapper-asl-1.9.13.jar:/root/.m2/repository/org/codehaus/jackson/jackson-jaxrs/1.9.13/jackson-jaxrs-1.9.13.jar:/root/.m2/repository/org/codehaus/jackson/jackson-xc/1.9.13/jackson-xc-1.9.13.jar:/root/.m2/repository/commons-logging/commons-logging/1.1.3/commons-logging-1.1.3.jar:/root/.m2/repository/commons-beanutils/commons-beanutils/1.9.3/commons-beanutils-1.9.3.jar:/root/.m2/repository/org/apache/commons/commons-configuration2/2.1.1/commons-configuration2-2.1.1.jar:/root/.m2/repository/org/apache/commons/commons-lang3/3.7/commons-lang3-3.7.jar:/root/.m2/repository/org/apache/commons/commons-text/1.4/commons-text-1.4.jar:/root/.m2/repository/org/apache/avro/avro/1.7.7/avro-1.7.7.jar:/root/.m2/repository/com/thoughtworks/paranamer/paranamer/2.3/paranamer-2.3.jar:/root/.m2/repository/org/xerial/snappy/snappy-java/1.0.5/snappy-java-1.0.5.jar:/root/.m2/repository/com/google/re2j/re2j/1.1/re2j-1.1.jar:/root/.m2/repository/com/google/code/gson/gson/2.2.4/gson-2.2.4.jar:/root/.m2/repository/com/jcraft/jsch/0.1.54/jsch-0.1.54.jar:/root/.m2/repository/org/apache/curator/curator-client/2.12.0/curator-client-2.12.0.jar:/root/.m2/repository/org/apache/curator/curator-recipes/2.12.0/curator-recipes-2.12.0.jar:/root/.m2/repository/com/google/code/findbugs/jsr305/3.0.0/jsr305-3.0.0.jar:/root/.m2/repository/org/apache/htrace/htrace-core4/4.1.0-incubating/htrace-core4-4.1.0-incubating.jar:/root/.m2/repository/org/apache/zookeeper/zookeeper/3.4.13/zookeeper-3.4.13.jar:/root/.m2/repository/org/apache/yetus/audience-annotations/0.5.0/audience-annotations-0.5.0.jar:/root/.m2/repository/org/codehaus/woodstox/stax2-api/3.1.4/stax2-api-3.1.4.jar:/root/.m2/repository/com/fasterxml/woodstox/woodstox-core/5.0.3/woodstox-core-5.0.3.jar:/root/.m2/repository/dnsjava/dnsjava/2.1.7/dnsjava-2.1.7.jar:/root/.m2/repository/org/apache/hadoop/hadoop-hdfs/3.2.0/hadoop-hdfs-3.2.0-tests.jar:/root/.m2/repository/org/eclipse/jetty/jetty-util-ajax/9.3.24.v20180605/jetty-util-ajax-9.3.24.v20180605.jar:/root/.m2/repository/commons-daemon/commons-daemon/1.0.13/commons-daemon-1.0.13.jar:/root/.m2/repository/io/netty/netty/3.10.5.Final/netty-3.10.5.Final.jar:/root/.m2/repository/io/netty/netty-all/4.0.52.Final/netty-all-4.0.52.Final.jar:/root/.m2/repository/org/fusesource/leveldbjni/leveldbjni-all/1.8/leveldbjni-all-1.8.jar:"/>
    <property name="java.vm.vendor" value="IcedTea"/>
    <property name="sun.arch.data.model" value="64"/>
    <property name="test.build.dir" value="/opt/src/hadoop-ozone/integration-test/target/test-dir"/>
    <property name="test.cache.data" value=""/>
    <property name="java.vendor.url" value="https://icedtea.classpath.org"/>
    <property name="user.timezone" value=""/>
    <property name="java.vm.specification.version" value="1.8"/>
    <property name="os.name" value="Linux"/>
    <property name="test.build.data" value="/opt/src/hadoop-ozone/integration-test/target/test-dir"/>
    <property name="user.country" value="US"/>
    <property name="sun.java.launcher" value="SUN_STANDARD"/>
    <property name="sun.boot.library.path" value="/usr/lib/jvm/java-1.8-openjdk/jre/lib/amd64"/>
    <property name="sun.java.command" value="/opt/src/hadoop-ozone/integration-test/target/surefire/surefirebooter1806068433118509033.jar /opt/src/hadoop-ozone/integration-test/target/surefire 2019-06-14T09-53-48_201-jvmRun1 surefire691624040223708827tmp surefire_123232021019236614877tmp"/>
    <property name="surefire.test.class.path" value="/opt/src/hadoop-ozone/integration-test/target/test-classes:/opt/src/hadoop-ozone/integration-test/target/classes:/root/.m2/repository/org/apache/hadoop/hadoop-ozone-common/0.5.0-SNAPSHOT/hadoop-ozone-common-0.5.0-SNAPSHOT.jar:/root/.m2/repository/org/apache/commons/commons-compress/1.4.1/commons-compress-1.4.1.jar:/root/.m2/repository/org/tukaani/xz/1.0/xz-1.0.jar:/root/.m2/repository/org/apache/hadoop/hadoop-common/3.2.0/hadoop-common-3.2.0.jar:/root/.m2/repository/org/apache/hadoop/hadoop-hdfs/3.2.0/hadoop-hdfs-3.2.0.jar:/root/.m2/repository/org/apache/hadoop/hadoop-hdfs-client/3.2.0/hadoop-hdfs-client-3.2.0.jar:/root/.m2/repository/com/fasterxml/jackson/core/jackson-annotations/2.9.5/jackson-annotations-2.9.5.jar:/root/.m2/repository/org/apache/hadoop/hadoop-hdds-common/0.5.0-SNAPSHOT/hadoop-hdds-common-0.5.0-SNAPSHOT.jar:/root/.m2/repository/javax/annotation/javax.annotation-api/1.2/javax.annotation-api-1.2.jar:/root/.m2/repository/org/apache/ratis/ratis-server/0.4.0-fe2b15d-SNAPSHOT/ratis-server-0.4.0-fe2b15d-SNAPSHOT.jar:/root/.m2/repository/org/apache/ratis/ratis-thirdparty-misc/0.2.0/ratis-thirdparty-misc-0.2.0.jar:/root/.m2/repository/org/apache/ratis/ratis-proto/0.4.0-fe2b15d-SNAPSHOT/ratis-proto-0.4.0-fe2b15d-SNAPSHOT.jar:/root/.m2/repository/org/apache/ratis/ratis-common/0.4.0-fe2b15d-SNAPSHOT/ratis-common-0.4.0-fe2b15d-SNAPSHOT.jar:/root/.m2/repository/org/apache/ratis/ratis-client/0.4.0-fe2b15d-SNAPSHOT/ratis-client-0.4.0-fe2b15d-SNAPSHOT.jar:/root/.m2/repository/org/apache/ratis/ratis-netty/0.4.0-fe2b15d-SNAPSHOT/ratis-netty-0.4.0-fe2b15d-SNAPSHOT.jar:/root/.m2/repository/org/apache/ratis/ratis-grpc/0.4.0-fe2b15d-SNAPSHOT/ratis-grpc-0.4.0-fe2b15d-SNAPSHOT.jar:/root/.m2/repository/org/rocksdb/rocksdbjni/5.14.2/rocksdbjni-5.14.2.jar:/root/.m2/repository/org/apache/logging/log4j/log4j-api/2.11.0/log4j-api-2.11.0.jar:/root/.m2/repository/org/apache/logging/log4j/log4j-core/2.11.0/log4j-core-2.11.0.jar:/root/.m2/repository/com/lmax/disruptor/3.4.2/disruptor-3.4.2.jar:/root/.m2/repository/org/apache/commons/commons-pool2/2.6.0/commons-pool2-2.6.0.jar:/root/.m2/repository/org/bouncycastle/bcpkix-jdk15on/1.60/bcpkix-jdk15on-1.60.jar:/root/.m2/repository/commons-validator/commons-validator/1.6/commons-validator-1.6.jar:/root/.m2/repository/commons-digester/commons-digester/1.8.1/commons-digester-1.8.1.jar:/root/.m2/repository/io/jaegertracing/jaeger-client/0.33.1/jaeger-client-0.33.1.jar:/root/.m2/repository/io/jaegertracing/jaeger-thrift/0.33.1/jaeger-thrift-0.33.1.jar:/root/.m2/repository/org/apache/thrift/libthrift/0.11.0/libthrift-0.11.0.jar:/root/.m2/repository/com/squareup/okhttp3/okhttp/3.9.0/okhttp-3.9.0.jar:/root/.m2/repository/com/squareup/okio/okio/1.13.0/okio-1.13.0.jar:/root/.m2/repository/io/jaegertracing/jaeger-core/0.33.1/jaeger-core-0.33.1.jar:/root/.m2/repository/io/jaegertracing/jaeger-tracerresolver/0.33.1/jaeger-tracerresolver-0.33.1.jar:/root/.m2/repository/io/opentracing/contrib/opentracing-tracerresolver/0.1.5/opentracing-tracerresolver-0.1.5.jar:/root/.m2/repository/io/opentracing/opentracing-util/0.31.0/opentracing-util-0.31.0.jar:/root/.m2/repository/io/opentracing/opentracing-api/0.31.0/opentracing-api-0.31.0.jar:/root/.m2/repository/io/opentracing/opentracing-noop/0.31.0/opentracing-noop-0.31.0.jar:/root/.m2/repository/org/apache/hadoop/hadoop-hdds-server-framework/0.5.0-SNAPSHOT/hadoop-hdds-server-framework-0.5.0-SNAPSHOT.jar:/root/.m2/repository/org/apache/hadoop/hadoop-hdds-server-scm/0.5.0-SNAPSHOT/hadoop-hdds-server-scm-0.5.0-SNAPSHOT.jar:/root/.m2/repository/org/apache/hadoop/hadoop-hdds-container-service/0.5.0-SNAPSHOT/hadoop-hdds-container-service-0.5.0-SNAPSHOT.jar:/root/.m2/repository/org/apache/hadoop/hadoop-hdds-client/0.5.0-SNAPSHOT/hadoop-hdds-client-0.5.0-SNAPSHOT.jar:/root/.m2/repository/org/apache/hadoop/hadoop-hdds-tools/0.5.0-SNAPSHOT/hadoop-hdds-tools-0.5.0-SNAPSHOT.jar:/root/.m2/repository/org/apache/hadoop/hadoop-ozone-ozone-manager/0.5.0-SNAPSHOT/hadoop-ozone-ozone-manager-0.5.0-SNAPSHOT.jar:/root/.m2/repository/org/apache/hadoop/hadoop-hdds-docs/0.5.0-SNAPSHOT/hadoop-hdds-docs-0.5.0-SNAPSHOT.jar:/root/.m2/repository/org/bouncycastle/bcprov-jdk15on/1.60/bcprov-jdk15on-1.60.jar:/root/.m2/repository/org/apache/hadoop/hadoop-minikdc/3.2.0/hadoop-minikdc-3.2.0.jar:/root/.m2/repository/commons-io/commons-io/2.5/commons-io-2.5.jar:/root/.m2/repository/org/apache/kerby/kerb-simplekdc/1.0.1/kerb-simplekdc-1.0.1.jar:/root/.m2/repository/org/apache/kerby/kerb-client/1.0.1/kerb-client-1.0.1.jar:/root/.m2/repository/org/apache/kerby/kerby-config/1.0.1/kerby-config-1.0.1.jar:/root/.m2/repository/org/apache/kerby/kerb-core/1.0.1/kerb-core-1.0.1.jar:/root/.m2/repository/org/apache/kerby/kerby-pkix/1.0.1/kerby-pkix-1.0.1.jar:/root/.m2/repository/org/apache/kerby/kerby-asn1/1.0.1/kerby-asn1-1.0.1.jar:/root/.m2/repository/org/apache/kerby/kerby-util/1.0.1/kerby-util-1.0.1.jar:/root/.m2/repository/org/apache/kerby/kerb-common/1.0.1/kerb-common-1.0.1.jar:/root/.m2/repository/org/apache/kerby/kerb-crypto/1.0.1/kerb-crypto-1.0.1.jar:/root/.m2/repository/org/apache/kerby/kerb-util/1.0.1/kerb-util-1.0.1.jar:/root/.m2/repository/org/apache/kerby/token-provider/1.0.1/token-provider-1.0.1.jar:/root/.m2/repository/org/apache/kerby/kerb-admin/1.0.1/kerb-admin-1.0.1.jar:/root/.m2/repository/org/apache/kerby/kerb-server/1.0.1/kerb-server-1.0.1.jar:/root/.m2/repository/org/apache/kerby/kerb-identity/1.0.1/kerb-identity-1.0.1.jar:/root/.m2/repository/org/apache/kerby/kerby-xdr/1.0.1/kerby-xdr-1.0.1.jar:/root/.m2/repository/org/slf4j/slf4j-log4j12/1.7.25/slf4j-log4j12-1.7.25.jar:/root/.m2/repository/org/apache/hadoop/hadoop-ozone-objectstore-service/0.5.0-SNAPSHOT/hadoop-ozone-objectstore-service-0.5.0-SNAPSHOT.jar:/root/.m2/repository/org/apache/hadoop/hadoop-ozone-s3gateway/0.5.0-SNAPSHOT/hadoop-ozone-s3gateway-0.5.0-SNAPSHOT.jar:/root/.m2/repository/org/jboss/weld/servlet/weld-servlet/2.4.7.Final/weld-servlet-2.4.7.Final.jar:/root/.m2/repository/org/glassfish/jersey/containers/jersey-container-servlet-core/2.27/jersey-container-servlet-core-2.27.jar:/root/.m2/repository/org/glassfish/hk2/external/javax.inject/2.5.0-b42/javax.inject-2.5.0-b42.jar:/root/.m2/repository/org/glassfish/jersey/core/jersey-common/2.27/jersey-common-2.27.jar:/root/.m2/repository/org/glassfish/hk2/osgi-resource-locator/1.0.1/osgi-resource-locator-1.0.1.jar:/root/.m2/repository/javax/ws/rs/javax.ws.rs-api/2.1/javax.ws.rs-api-2.1.jar:/root/.m2/repository/org/glassfish/jersey/ext/cdi/jersey-cdi1x/2.27/jersey-cdi1x-2.27.jar:/root/.m2/repository/org/glassfish/jersey/inject/jersey-hk2/2.27/jersey-hk2-2.27.jar:/root/.m2/repository/org/glassfish/hk2/hk2-locator/2.5.0-b42/hk2-locator-2.5.0-b42.jar:/root/.m2/repository/org/javassist/javassist/3.22.0-CR2/javassist-3.22.0-CR2.jar:/root/.m2/repository/org/glassfish/hk2/hk2-api/2.5.0/hk2-api-2.5.0.jar:/root/.m2/repository/org/glassfish/hk2/external/jakarta.inject/2.5.0/jakarta.inject-2.5.0.jar:/root/.m2/repository/org/glassfish/hk2/hk2-utils/2.5.0/hk2-utils-2.5.0.jar:/root/.m2/repository/jakarta/annotation/jakarta.annotation-api/1.3.4/jakarta.annotation-api-1.3.4.jar:/root/.m2/repository/org/glassfish/hk2/external/aopalliance-repackaged/2.5.0/aopalliance-repackaged-2.5.0.jar:/root/.m2/repository/com/fasterxml/jackson/dataformat/jackson-dataformat-xml/2.9.0/jackson-dataformat-xml-2.9.0.jar:/root/.m2/repository/com/fasterxml/jackson/core/jackson-core/2.9.5/jackson-core-2.9.5.jar:/root/.m2/repository/com/fasterxml/jackson/module/jackson-module-jaxb-annotations/2.9.5/jackson-module-jaxb-annotations-2.9.5.jar:/root/.m2/repository/javax/enterprise/cdi-api/1.2/cdi-api-1.2.jar:/root/.m2/repository/javax/el/javax.el-api/3.0.0/javax.el-api-3.0.0.jar:/root/.m2/repository/javax/interceptor/javax.interceptor-api/1.2/javax.interceptor-api-1.2.jar:/root/.m2/repository/javax/inject/javax.inject/1/javax.inject-1.jar:/root/.m2/repository/com/sun/xml/bind/jaxb-impl/2.3.0.1/jaxb-impl-2.3.0.1.jar:/root/.m2/repository/com/sun/xml/bind/jaxb-core/2.3.0.1/jaxb-core-2.3.0.1.jar:/root/.m2/repository/javax/xml/bind/jaxb-api/2.3.0/jaxb-api-2.3.0.jar:/root/.m2/repository/javax/activation/activation/1.1.1/activation-1.1.1.jar:/root/.m2/repository/org/apache/hadoop/hadoop-ozone-csi/0.5.0-SNAPSHOT/hadoop-ozone-csi-0.5.0-SNAPSHOT.jar:/root/.m2/repository/com/google/protobuf/protobuf-java-util/3.5.1/protobuf-java-util-3.5.1.jar:/root/.m2/repository/org/apache/hadoop/hadoop-hdds-config/0.5.0-SNAPSHOT/hadoop-hdds-config-0.5.0-SNAPSHOT.jar:/root/.m2/repository/com/google/guava/guava/11.0.2/guava-11.0.2.jar:/root/.m2/repository/com/google/protobuf/protobuf-java/2.5.0/protobuf-java-2.5.0.jar:/root/.m2/repository/io/grpc/grpc-netty/1.17.1/grpc-netty-1.17.1.jar:/root/.m2/repository/io/grpc/grpc-core/1.17.1/grpc-core-1.17.1.jar:/root/.m2/repository/io/grpc/grpc-context/1.17.1/grpc-context-1.17.1.jar:/root/.m2/repository/com/google/errorprone/error_prone_annotations/2.2.0/error_prone_annotations-2.2.0.jar:/root/.m2/repository/org/codehaus/mojo/animal-sniffer-annotations/1.17/animal-sniffer-annotations-1.17.jar:/root/.m2/repository/io/opencensus/opencensus-api/0.17.0/opencensus-api-0.17.0.jar:/root/.m2/repository/io/opencensus/opencensus-contrib-grpc-metrics/0.17.0/opencensus-contrib-grpc-metrics-0.17.0.jar:/root/.m2/repository/io/netty/netty-codec-http2/4.1.30.Final/netty-codec-http2-4.1.30.Final.jar:/root/.m2/repository/io/netty/netty-codec-http/4.1.30.Final/netty-codec-http-4.1.30.Final.jar:/root/.m2/repository/io/netty/netty-codec/4.1.30.Final/netty-codec-4.1.30.Final.jar:/root/.m2/repository/io/netty/netty-handler/4.1.30.Final/netty-handler-4.1.30.Final.jar:/root/.m2/repository/io/netty/netty-handler-proxy/4.1.30.Final/netty-handler-proxy-4.1.30.Final.jar:/root/.m2/repository/io/netty/netty-codec-socks/4.1.30.Final/netty-codec-socks-4.1.30.Final.jar:/root/.m2/repository/io/netty/netty-transport-native-epoll/4.1.30.Final/netty-transport-native-epoll-4.1.30.Final.jar:/root/.m2/repository/io/netty/netty-common/4.1.30.Final/netty-common-4.1.30.Final.jar:/root/.m2/repository/io/netty/netty-buffer/4.1.30.Final/netty-buffer-4.1.30.Final.jar:/root/.m2/repository/io/netty/netty-transport/4.1.30.Final/netty-transport-4.1.30.Final.jar:/root/.m2/repository/io/netty/netty-resolver/4.1.30.Final/netty-resolver-4.1.30.Final.jar:/root/.m2/repository/io/netty/netty-transport-native-unix-common/4.1.30.Final/netty-transport-native-unix-common-4.1.30.Final.jar:/root/.m2/repository/io/grpc/grpc-protobuf/1.17.1/grpc-protobuf-1.17.1.jar:/root/.m2/repository/com/google/api/grpc/proto-google-common-protos/1.0.0/proto-google-common-protos-1.0.0.jar:/root/.m2/repository/io/grpc/grpc-protobuf-lite/1.17.1/grpc-protobuf-lite-1.17.1.jar:/root/.m2/repository/io/grpc/grpc-stub/1.17.1/grpc-stub-1.17.1.jar:/root/.m2/repository/org/apache/hadoop/hadoop-ozone-recon/0.5.0-SNAPSHOT/hadoop-ozone-recon-0.5.0-SNAPSHOT.jar:/root/.m2/repository/org/apache/hadoop/hadoop-ozone-reconcodegen/0.5.0-SNAPSHOT/hadoop-ozone-reconcodegen-0.5.0-SNAPSHOT.jar:/root/.m2/repository/com/google/inject/extensions/guice-multibindings/4.0/guice-multibindings-4.0.jar:/root/.m2/repository/com/google/inject/guice/4.0/guice-4.0.jar:/root/.m2/repository/aopalliance/aopalliance/1.0/aopalliance-1.0.jar:/root/.m2/repository/com/google/inject/extensions/guice-servlet/4.0/guice-servlet-4.0.jar:/root/.m2/repository/org/glassfish/jersey/containers/jersey-container-servlet/2.27/jersey-container-servlet-2.27.jar:/root/.m2/repository/org/glassfish/hk2/guice-bridge/2.5.0/guice-bridge-2.5.0.jar:/root/.m2/repository/org/glassfish/jersey/core/jersey-server/2.27/jersey-server-2.27.jar:/root/.m2/repository/org/glassfish/jersey/core/jersey-client/2.27/jersey-client-2.27.jar:/root/.m2/repository/org/glassfish/jersey/media/jersey-media-jaxb/2.27/jersey-media-jaxb-2.27.jar:/root/.m2/repository/javax/validation/validation-api/1.1.0.Final/validation-api-1.1.0.Final.jar:/root/.m2/repository/org/glassfish/jersey/media/jersey-media-json-jackson/2.27/jersey-media-json-jackson-2.27.jar:/root/.m2/repository/org/glassfish/jersey/ext/jersey-entity-filtering/2.27/jersey-entity-filtering-2.27.jar:/root/.m2/repository/com/google/inject/extensions/guice-assistedinject/4.0/guice-assistedinject-4.0.jar:/root/.m2/repository/org/jooq/jooq/3.11.10/jooq-3.11.10.jar:/root/.m2/repository/org/jooq/jooq-meta/3.11.10/jooq-meta-3.11.10.jar:/root/.m2/repository/org/jooq/jooq-codegen/3.11.10/jooq-codegen-3.11.10.jar:/root/.m2/repository/com/jolbox/bonecp/0.8.0.RELEASE/bonecp-0.8.0.RELEASE.jar:/root/.m2/repository/org/xerial/sqlite-jdbc/3.25.2/sqlite-jdbc-3.25.2.jar:/root/.m2/repository/org/springframework/spring-jdbc/5.1.3.RELEASE/spring-jdbc-5.1.3.RELEASE.jar:/root/.m2/repository/org/springframework/spring-beans/5.1.3.RELEASE/spring-beans-5.1.3.RELEASE.jar:/root/.m2/repository/org/springframework/spring-core/5.1.3.RELEASE/spring-core-5.1.3.RELEASE.jar:/root/.m2/repository/org/springframework/spring-jcl/5.1.3.RELEASE/spring-jcl-5.1.3.RELEASE.jar:/root/.m2/repository/org/springframework/spring-tx/5.1.3.RELEASE/spring-tx-5.1.3.RELEASE.jar:/root/.m2/repository/org/apache/hadoop/hadoop-ozone-client/0.5.0-SNAPSHOT/hadoop-ozone-client-0.5.0-SNAPSHOT.jar:/root/.m2/repository/org/apache/hadoop/hadoop-ozone-ozone-manager/0.5.0-SNAPSHOT/hadoop-ozone-ozone-manager-0.5.0-SNAPSHOT-tests.jar:/root/.m2/repository/junit/junit/4.11/junit-4.11.jar:/root/.m2/repository/org/hamcrest/hamcrest-core/1.3/hamcrest-core-1.3.jar:/root/.m2/repository/org/openjdk/jmh/jmh-core/1.19/jmh-core-1.19.jar:/root/.m2/repository/net/sf/jopt-simple/jopt-simple/4.6/jopt-simple-4.6.jar:/root/.m2/repository/org/apache/commons/commons-math3/3.1.1/commons-math3-3.1.1.jar:/root/.m2/repository/org/openjdk/jmh/jmh-generator-annprocess/1.19/jmh-generator-annprocess-1.19.jar:/root/.m2/repository/org/mockito/mockito-all/1.8.5/mockito-all-1.8.5.jar:/root/.m2/repository/org/apache/hadoop/hadoop-kms/3.2.0/hadoop-kms-3.2.0.jar:/root/.m2/repository/org/apache/hadoop/hadoop-auth/3.2.0/hadoop-auth-3.2.0.jar:/root/.m2/repository/com/nimbusds/nimbus-jose-jwt/4.41.1/nimbus-jose-jwt-4.41.1.jar:/root/.m2/repository/com/github/stephenc/jcip/jcip-annotations/1.0-1/jcip-annotations-1.0-1.jar:/root/.m2/repository/net/minidev/json-smart/2.3/json-smart-2.3.jar:/root/.m2/repository/net/minidev/accessors-smart/1.2/accessors-smart-1.2.jar:/root/.m2/repository/org/ow2/asm/asm/5.0.4/asm-5.0.4.jar:/root/.m2/repository/org/apache/curator/curator-framework/2.12.0/curator-framework-2.12.0.jar:/root/.m2/repository/com/sun/jersey/jersey-core/1.19/jersey-core-1.19.jar:/root/.m2/repository/javax/ws/rs/jsr311-api/1.1.1/jsr311-api-1.1.1.jar:/root/.m2/repository/com/sun/jersey/jersey-server/1.19/jersey-server-1.19.jar:/root/.m2/repository/javax/servlet/javax.servlet-api/3.1.0/javax.servlet-api-3.1.0.jar:/root/.m2/repository/org/eclipse/jetty/jetty-server/9.3.24.v20180605/jetty-server-9.3.24.v20180605.jar:/root/.m2/repository/org/eclipse/jetty/jetty-http/9.3.24.v20180605/jetty-http-9.3.24.v20180605.jar:/root/.m2/repository/org/eclipse/jetty/jetty-io/9.3.24.v20180605/jetty-io-9.3.24.v20180605.jar:/root/.m2/repository/org/eclipse/jetty/jetty-webapp/9.3.24.v20180605/jetty-webapp-9.3.24.v20180605.jar:/root/.m2/repository/org/eclipse/jetty/jetty-xml/9.3.24.v20180605/jetty-xml-9.3.24.v20180605.jar:/root/.m2/repository/log4j/log4j/1.2.17/log4j-1.2.17.jar:/root/.m2/repository/org/slf4j/slf4j-api/1.7.25/slf4j-api-1.7.25.jar:/root/.m2/repository/org/slf4j/jul-to-slf4j/1.7.25/jul-to-slf4j-1.7.25.jar:/root/.m2/repository/org/eclipse/jetty/jetty-util/9.3.24.v20180605/jetty-util-9.3.24.v20180605.jar:/root/.m2/repository/io/dropwizard/metrics/metrics-core/3.2.4/metrics-core-3.2.4.jar:/root/.m2/repository/com/fasterxml/jackson/core/jackson-databind/2.9.5/jackson-databind-2.9.5.jar:/root/.m2/repository/org/apache/hadoop/hadoop-kms/3.2.0/hadoop-kms-3.2.0-tests.jar:/root/.m2/repository/org/apache/hadoop/hadoop-hdds-server-scm/0.5.0-SNAPSHOT/hadoop-hdds-server-scm-0.5.0-SNAPSHOT-tests.jar:/root/.m2/repository/org/hamcrest/hamcrest-all/1.3/hamcrest-all-1.3.jar:/root/.m2/repository/info/picocli/picocli/3.9.6/picocli-3.9.6.jar:/root/.m2/repository/org/apache/hadoop/hadoop-hdds-container-service/0.5.0-SNAPSHOT/hadoop-hdds-container-service-0.5.0-SNAPSHOT-tests.jar:/root/.m2/repository/org/yaml/snakeyaml/1.16/snakeyaml-1.16.jar:/root/.m2/repository/org/apache/hadoop/hadoop-common/3.2.0/hadoop-common-3.2.0-tests.jar:/root/.m2/repository/org/apache/hadoop/hadoop-annotations/3.2.0/hadoop-annotations-3.2.0.jar:/usr/lib/jvm/java-1.8-openjdk/jre/../lib/tools.jar:/root/.m2/repository/commons-cli/commons-cli/1.2/commons-cli-1.2.jar:/root/.m2/repository/org/apache/httpcomponents/httpclient/4.5.2/httpclient-4.5.2.jar:/root/.m2/repository/org/apache/httpcomponents/httpcore/4.4.4/httpcore-4.4.4.jar:/root/.m2/repository/commons-codec/commons-codec/1.11/commons-codec-1.11.jar:/root/.m2/repository/commons-net/commons-net/3.6/commons-net-3.6.jar:/root/.m2/repository/commons-collections/commons-collections/3.2.2/commons-collections-3.2.2.jar:/root/.m2/repository/org/eclipse/jetty/jetty-servlet/9.3.24.v20180605/jetty-servlet-9.3.24.v20180605.jar:/root/.m2/repository/org/eclipse/jetty/jetty-security/9.3.24.v20180605/jetty-security-9.3.24.v20180605.jar:/root/.m2/repository/javax/servlet/jsp/jsp-api/2.1/jsp-api-2.1.jar:/root/.m2/repository/com/sun/jersey/jersey-servlet/1.19/jersey-servlet-1.19.jar:/root/.m2/repository/com/sun/jersey/jersey-json/1.19/jersey-json-1.19.jar:/root/.m2/repository/org/codehaus/jettison/jettison/1.1/jettison-1.1.jar:/root/.m2/repository/org/codehaus/jackson/jackson-core-asl/1.9.13/jackson-core-asl-1.9.13.jar:/root/.m2/repository/org/codehaus/jackson/jackson-mapper-asl/1.9.13/jackson-mapper-asl-1.9.13.jar:/root/.m2/repository/org/codehaus/jackson/jackson-jaxrs/1.9.13/jackson-jaxrs-1.9.13.jar:/root/.m2/repository/org/codehaus/jackson/jackson-xc/1.9.13/jackson-xc-1.9.13.jar:/root/.m2/repository/commons-logging/commons-logging/1.1.3/commons-logging-1.1.3.jar:/root/.m2/repository/commons-beanutils/commons-beanutils/1.9.3/commons-beanutils-1.9.3.jar:/root/.m2/repository/org/apache/commons/commons-configuration2/2.1.1/commons-configuration2-2.1.1.jar:/root/.m2/repository/org/apache/commons/commons-lang3/3.7/commons-lang3-3.7.jar:/root/.m2/repository/org/apache/commons/commons-text/1.4/commons-text-1.4.jar:/root/.m2/repository/org/apache/avro/avro/1.7.7/avro-1.7.7.jar:/root/.m2/repository/com/thoughtworks/paranamer/paranamer/2.3/paranamer-2.3.jar:/root/.m2/repository/org/xerial/snappy/snappy-java/1.0.5/snappy-java-1.0.5.jar:/root/.m2/repository/com/google/re2j/re2j/1.1/re2j-1.1.jar:/root/.m2/repository/com/google/code/gson/gson/2.2.4/gson-2.2.4.jar:/root/.m2/repository/com/jcraft/jsch/0.1.54/jsch-0.1.54.jar:/root/.m2/repository/org/apache/curator/curator-client/2.12.0/curator-client-2.12.0.jar:/root/.m2/repository/org/apache/curator/curator-recipes/2.12.0/curator-recipes-2.12.0.jar:/root/.m2/repository/com/google/code/findbugs/jsr305/3.0.0/jsr305-3.0.0.jar:/root/.m2/repository/org/apache/htrace/htrace-core4/4.1.0-incubating/htrace-core4-4.1.0-incubating.jar:/root/.m2/repository/org/apache/zookeeper/zookeeper/3.4.13/zookeeper-3.4.13.jar:/root/.m2/repository/org/apache/yetus/audience-annotations/0.5.0/audience-annotations-0.5.0.jar:/root/.m2/repository/org/codehaus/woodstox/stax2-api/3.1.4/stax2-api-3.1.4.jar:/root/.m2/repository/com/fasterxml/woodstox/woodstox-core/5.0.3/woodstox-core-5.0.3.jar:/root/.m2/repository/dnsjava/dnsjava/2.1.7/dnsjava-2.1.7.jar:/root/.m2/repository/org/apache/hadoop/hadoop-hdfs/3.2.0/hadoop-hdfs-3.2.0-tests.jar:/root/.m2/repository/org/eclipse/jetty/jetty-util-ajax/9.3.24.v20180605/jetty-util-ajax-9.3.24.v20180605.jar:/root/.m2/repository/commons-daemon/commons-daemon/1.0.13/commons-daemon-1.0.13.jar:/root/.m2/repository/io/netty/netty/3.10.5.Final/netty-3.10.5.Final.jar:/root/.m2/repository/io/netty/netty-all/4.0.52.Final/netty-all-4.0.52.Final.jar:/root/.m2/repository/org/fusesource/leveldbjni/leveldbjni-all/1.8/leveldbjni-all-1.8.jar:"/>
    <property name="sun.cpu.endian" value="little"/>
    <property name="user.home" value="/root"/>
    <property name="user.language" value="en"/>
    <property name="java.specification.vendor" value="Oracle Corporation"/>
    <property name="java.home" value="/usr/lib/jvm/java-1.8-openjdk/jre"/>
    <property name="java.security.krb5.conf" value="/opt/src/hadoop-ozone/integration-test/target/test-classes/krb5.conf"/>
    <property name="basedir" value="/opt/src/hadoop-ozone/integration-test"/>
    <property name="file.separator" value="/"/>
    <property name="line.separator" value="&#10;"/>
    <property name="java.vm.specification.vendor" value="Oracle Corporation"/>
    <property name="java.specification.name" value="Java Platform API Specification"/>
    <property name="java.awt.graphicsenv" value="sun.awt.X11GraphicsEnvironment"/>
    <property name="surefire.real.class.path" value="/opt/src/hadoop-ozone/integration-test/target/surefire/surefirebooter1806068433118509033.jar"/>
    <property name="hadoop.log.dir" value="/opt/src/hadoop-ozone/integration-test/target/log"/>
    <property name="sun.boot.class.path" value="/usr/lib/jvm/java-1.8-openjdk/jre/lib/resources.jar:/usr/lib/jvm/java-1.8-openjdk/jre/lib/rt.jar:/usr/lib/jvm/java-1.8-openjdk/jre/lib/sunrsasign.jar:/usr/lib/jvm/java-1.8-openjdk/jre/lib/jsse.jar:/usr/lib/jvm/java-1.8-openjdk/jre/lib/jce.jar:/usr/lib/jvm/java-1.8-openjdk/jre/lib/charsets.jar:/usr/lib/jvm/java-1.8-openjdk/jre/lib/jfr.jar:/usr/lib/jvm/java-1.8-openjdk/jre/classes"/>
    <property name="sun.management.compiler" value="HotSpot 64-Bit Tiered Compilers"/>
    <property name="java.runtime.version" value="1.8.0_212-b04"/>
    <property name="java.net.preferIPv4Stack" value="true"/>
    <property name="user.name" value="root"/>
    <property name="path.separator" value=":"/>
    <property name="java.security.egd" value="file:///dev/urandom"/>
    <property name="os.version" value="4.15.0-1021-aws"/>
    <property name="java.endorsed.dirs" value="/usr/lib/jvm/java-1.8-openjdk/jre/lib/endorsed"/>
    <property name="java.runtime.name" value="OpenJDK Runtime Environment"/>
    <property name="file.encoding" value="UTF-8"/>
    <property name="java.vm.name" value="OpenJDK 64-Bit Server VM"/>
    <property name="test.build.webapps" value=""/>
    <property name="localRepository" value="/root/.m2/repository"/>
    <property name="java.vendor.url.bug" value="https://icedtea.classpath.org/bugzilla"/>
    <property name="java.io.tmpdir" value="/tmp"/>
    <property name="require.test.libhadoop" value=""/>
    <property name="java.version" value="1.8.0_212"/>
    <property name="user.dir" value="/opt/src/hadoop-ozone/integration-test"/>
    <property name="os.arch" value="amd64"/>
    <property name="java.vm.specification.name" value="Java Virtual Machine Specification"/>
    <property name="test.build.classes" value="/opt/src/hadoop-ozone/integration-test/target/test-classes"/>
    <property name="java.awt.printerjob" value="sun.print.PSPrinterJob"/>
    <property name="sun.os.patch.level" value="unknown"/>
    <property name="hadoop.tmp.dir" value="/opt/src/hadoop-ozone/integration-test/target/tmp"/>
    <property name="java.library.path" value="/usr/lib/jvm/java-1.8-openjdk/jre/lib/amd64/server:/usr/lib/jvm/java-1.8-openjdk/jre/lib/amd64:/usr/lib/jvm/java-1.8-openjdk/jre/../lib/amd64:/opt/src/hadoop-ozone/integration-test/target/native/target/usr/local/lib:/opt/src/hadoop-ozone/integration-test/../../hadoop-common-project/hadoop-common/target/native/target/usr/local/lib:/usr/java/packages/lib/amd64:/usr/lib64:/lib64:/lib:/usr/lib"/>
    <property name="java.vm.info" value="mixed mode"/>
    <property name="java.vendor" value="IcedTea"/>
    <property name="java.vm.version" value="25.212-b04"/>
    <property name="java.ext.dirs" value="/usr/lib/jvm/java-1.8-openjdk/jre/lib/ext:/usr/java/packages/lib/ext"/>
    <property name="sun.io.unicode.encoding" value="UnicodeLittle"/>
    <property name="java.class.version" value="52.0"/>
  </properties>
  <testcase name="testPipelineExclusionWithPipelineFailure" classname="org.apache.hadoop.ozone.client.rpc.TestFailureHandlingByClient" time="16.128"/>
  <testcase name="testContainerExclusionWithClosedContainerException" classname="org.apache.hadoop.ozone.client.rpc.TestFailureHandlingByClient" time="14.754">
    <failure type="java.lang.AssertionError">java.lang.AssertionError
	at org.junit.Assert.fail(Assert.java:86)
	at org.junit.Assert.assertTrue(Assert.java:41)
	at org.junit.Assert.assertTrue(Assert.java:52)
	at org.apache.hadoop.ozone.client.rpc.TestFailureHandlingByClient.testContainerExclusionWithClosedContainerException(TestFailureHandlingByClient.java:341)
	at sun.reflect.NativeMethodAccessorImpl.invoke0(Native Method)
	at sun.reflect.NativeMethodAccessorImpl.invoke(NativeMethodAccessorImpl.java:62)
	at sun.reflect.DelegatingMethodAccessorImpl.invoke(DelegatingMethodAccessorImpl.java:43)
	at java.lang.reflect.Method.invoke(Method.java:498)
	at org.junit.runners.model.FrameworkMethod$1.runReflectiveCall(FrameworkMethod.java:47)
	at org.junit.internal.runners.model.ReflectiveCallable.run(ReflectiveCallable.java:12)
	at org.junit.runners.model.FrameworkMethod.invokeExplosively(FrameworkMethod.java:44)
	at org.junit.internal.runners.statements.InvokeMethod.evaluate(InvokeMethod.java:17)
	at org.junit.runners.ParentRunner.runLeaf(ParentRunner.java:271)
	at org.junit.runners.BlockJUnit4ClassRunner.runChild(BlockJUnit4ClassRunner.java:70)
	at org.junit.runners.BlockJUnit4ClassRunner.runChild(BlockJUnit4ClassRunner.java:50)
	at org.junit.runners.ParentRunner$3.run(ParentRunner.java:238)
	at org.junit.runners.ParentRunner$1.schedule(ParentRunner.java:63)
	at org.junit.runners.ParentRunner.runChildren(ParentRunner.java:236)
	at org.junit.runners.ParentRunner.access$000(ParentRunner.java:53)
	at org.junit.runners.ParentRunner$2.evaluate(ParentRunner.java:229)
	at org.junit.runners.ParentRunner.run(ParentRunner.java:309)
	at org.apache.maven.surefire.junit4.JUnit4Provider.execute(JUnit4Provider.java:365)
	at org.apache.maven.surefire.junit4.JUnit4Provider.executeWithRerun(JUnit4Provider.java:273)
	at org.apache.maven.surefire.junit4.JUnit4Provider.executeTestSet(JUnit4Provider.java:238)
	at org.apache.maven.surefire.junit4.JUnit4Provider.invoke(JUnit4Provider.java:159)
	at org.apache.maven.surefire.booter.ForkedBooter.invokeProviderInSameClassLoader(ForkedBooter.java:384)
	at org.apache.maven.surefire.booter.ForkedBooter.runSuitesInProcess(ForkedBooter.java:345)
	at org.apache.maven.surefire.booter.ForkedBooter.execute(ForkedBooter.java:126)
	at org.apache.maven.surefire.booter.ForkedBooter.main(ForkedBooter.java:418)
</failure>
    <system-out><![CDATA[2019-06-14 09:59:37,928 WARN  server.ServerUtils (ServerUtils.java:getScmDbDir(145)) - ozone.scm.db.dirs is not configured. We recommend adding this setting. Falling back to ozone.metadata.dirs instead.
2019-06-14 09:59:37,932 WARN  server.ServerUtils (ServerUtils.java:getScmDbDir(145)) - ozone.scm.db.dirs is not configured. We recommend adding this setting. Falling back to ozone.metadata.dirs instead.
2019-06-14 09:59:37,933 WARN  server.ServerUtils (ServerUtils.java:getScmDbDir(145)) - ozone.scm.db.dirs is not configured. We recommend adding this setting. Falling back to ozone.metadata.dirs instead.
2019-06-14 09:59:37,933 INFO  db.DBStoreBuilder (DBStoreBuilder.java:addTable(110)) - using custom profile for table: deletedBlocks
2019-06-14 09:59:37,933 INFO  db.DBStoreBuilder (DBStoreBuilder.java:processTables(161)) - Using default column profile:DBProfile.DISK for Table:deletedBlocks
2019-06-14 09:59:37,933 INFO  db.DBStoreBuilder (DBStoreBuilder.java:addTable(110)) - using custom profile for table: validCerts
2019-06-14 09:59:37,934 INFO  db.DBStoreBuilder (DBStoreBuilder.java:processTables(161)) - Using default column profile:DBProfile.DISK for Table:validCerts
2019-06-14 09:59:37,934 INFO  db.DBStoreBuilder (DBStoreBuilder.java:addTable(110)) - using custom profile for table: revokedCerts
2019-06-14 09:59:37,934 INFO  db.DBStoreBuilder (DBStoreBuilder.java:processTables(161)) - Using default column profile:DBProfile.DISK for Table:revokedCerts
2019-06-14 09:59:37,934 INFO  db.DBStoreBuilder (DBStoreBuilder.java:addTable(110)) - using custom profile for table: default
2019-06-14 09:59:37,934 INFO  db.DBStoreBuilder (DBStoreBuilder.java:processTables(167)) - Using default column profile:DBProfile.DISK for Table:default
2019-06-14 09:59:37,934 INFO  db.DBStoreBuilder (DBStoreBuilder.java:getDbProfile(198)) - Using default options. DBProfile.DISK
2019-06-14 09:59:37,973 INFO  node.SCMNodeManager (SCMNodeManager.java:<init>(108)) - Entering startup safe mode.
2019-06-14 09:59:37,974 INFO  net.NodeSchemaLoader (NodeSchemaLoader.java:loadSchemaFromFile(125)) - Loading file from sun.misc.CompoundEnumeration@52d96367
2019-06-14 09:59:37,974 INFO  net.NodeSchemaLoader (NodeSchemaLoader.java:loadSchema(171)) - Loading network topology layer schema file
2019-06-14 09:59:37,977 WARN  server.ServerUtils (ServerUtils.java:getScmDbDir(145)) - ozone.scm.db.dirs is not configured. We recommend adding this setting. Falling back to ozone.metadata.dirs instead.
2019-06-14 09:59:37,990 INFO  pipeline.SCMPipelineManager (SCMPipelineManager.java:initializePipelineState(126)) - No pipeline exists in current db
2019-06-14 09:59:37,991 WARN  server.ServerUtils (ServerUtils.java:getScmDbDir(145)) - ozone.scm.db.dirs is not configured. We recommend adding this setting. Falling back to ozone.metadata.dirs instead.
2019-06-14 09:59:38,009 WARN  events.EventQueue (EventQueue.java:fireEvent(175)) - No event handler registered for event TypedEvent{payloadType=SafeModeStatus, name='SafeModeStatus'}
2019-06-14 09:59:38,010 INFO  ipc.CallQueueManager (CallQueueManager.java:<init>(84)) - Using callQueue: class java.util.concurrent.LinkedBlockingQueue, queueCapacity: 2000, scheduler: class org.apache.hadoop.ipc.DefaultRpcScheduler, ipcBackoff: false.
2019-06-14 09:59:38,011 INFO  ipc.Server (Server.java:run(1074)) - Starting Socket Reader #1 for port 35939
2019-06-14 09:59:38,013 INFO  ipc.CallQueueManager (CallQueueManager.java:<init>(84)) - Using callQueue: class java.util.concurrent.LinkedBlockingQueue, queueCapacity: 2000, scheduler: class org.apache.hadoop.ipc.DefaultRpcScheduler, ipcBackoff: false.
2019-06-14 09:59:38,013 INFO  ipc.Server (Server.java:run(1074)) - Starting Socket Reader #1 for port 39117
2019-06-14 09:59:38,019 INFO  ipc.CallQueueManager (CallQueueManager.java:<init>(84)) - Using callQueue: class java.util.concurrent.LinkedBlockingQueue, queueCapacity: 2000, scheduler: class org.apache.hadoop.ipc.DefaultRpcScheduler, ipcBackoff: false.
2019-06-14 09:59:38,023 INFO  ipc.Server (Server.java:run(1074)) - Starting Socket Reader #1 for port 34241
2019-06-14 09:59:38,023 INFO  hdfs.DFSUtil (DFSUtil.java:httpServerTemplateForNNAndJN(1641)) - Starting Web-server for scm at: http://0.0.0.0:0
2019-06-14 09:59:38,024 INFO  server.AuthenticationFilter (AuthenticationFilter.java:constructSecretProvider(240)) - Unable to initialize FileSignerSecretProvider, falling back to use random secrets.
2019-06-14 09:59:38,025 WARN  http.HttpRequestLog (HttpRequestLog.java:getRequestLog(97)) - Jetty request log can only be enabled using Log4j
2019-06-14 09:59:38,026 INFO  http.HttpServer2 (HttpServer2.java:addGlobalFilter(975)) - Added global filter 'safety' (class=org.apache.hadoop.http.HttpServer2$QuotingInputFilter)
2019-06-14 09:59:38,027 INFO  http.HttpServer2 (HttpServer2.java:addFilter(948)) - Added filter static_user_filter (class=org.apache.hadoop.http.lib.StaticUserWebFilter$StaticUserFilter) to context scm
2019-06-14 09:59:38,027 INFO  http.HttpServer2 (HttpServer2.java:addFilter(958)) - Added filter static_user_filter (class=org.apache.hadoop.http.lib.StaticUserWebFilter$StaticUserFilter) to context logs
2019-06-14 09:59:38,027 INFO  http.HttpServer2 (HttpServer2.java:addFilter(958)) - Added filter static_user_filter (class=org.apache.hadoop.http.lib.StaticUserWebFilter$StaticUserFilter) to context static
2019-06-14 09:59:38,032 INFO  server.StorageContainerManager (StorageContainerManager.java:start(752)) - StorageContainerLocationProtocol RPC server is listening at /0.0.0.0:34241
2019-06-14 09:59:38,032 INFO  impl.MetricsSystemImpl (MetricsSystemImpl.java:init(158)) - StorageContainerManager metrics system started (again)
2019-06-14 09:59:38,033 INFO  server.SCMClientProtocolServer (SCMClientProtocolServer.java:start(149)) - RPC server for Client  is listening at /0.0.0.0:34241
2019-06-14 09:59:38,033 INFO  ipc.Server (Server.java:run(1314)) - IPC Server Responder: starting
2019-06-14 09:59:38,038 INFO  ipc.Server (Server.java:run(1153)) - IPC Server listener on 34241: starting
2019-06-14 09:59:38,047 INFO  server.StorageContainerManager (StorageContainerManager.java:start(761)) - ScmBlockLocationProtocol RPC server is listening at /0.0.0.0:39117
2019-06-14 09:59:38,047 INFO  server.SCMBlockProtocolServer (SCMBlockProtocolServer.java:start(137)) - RPC server for Block Protocol is listening at /0.0.0.0:39117
2019-06-14 09:59:38,048 INFO  ipc.Server (Server.java:run(1314)) - IPC Server Responder: starting
2019-06-14 09:59:38,050 INFO  ipc.Server (Server.java:run(1153)) - IPC Server listener on 39117: starting
2019-06-14 09:59:38,057 INFO  server.StorageContainerManager (StorageContainerManager.java:start(765)) - ScmDatanodeProtocl RPC server is listening at /0.0.0.0:35939
2019-06-14 09:59:38,058 INFO  server.SCMDatanodeProtocolServer (SCMDatanodeProtocolServer.java:start(191)) - RPC server for DataNodes is listening at /0.0.0.0:35939
2019-06-14 09:59:38,058 INFO  ipc.Server (Server.java:run(1314)) - IPC Server Responder: starting
2019-06-14 09:59:38,058 INFO  ipc.Server (Server.java:run(1153)) - IPC Server listener on 35939: starting
2019-06-14 09:59:38,069 INFO  http.HttpServer2 (HttpServer2.java:bindListener(1191)) - Jetty bound to port 41503
2019-06-14 09:59:38,070 INFO  server.Server (Server.java:doStart(351)) - jetty-9.3.24.v20180605, build timestamp: 2018-06-05T17:11:56Z, git hash: 84205aa28f11a4f31f2a3b86d1bba2cc8ab69827
2019-06-14 09:59:38,074 INFO  handler.ContextHandler (ContextHandler.java:doStart(781)) - Started o.e.j.s.ServletContextHandler@44ccd75c{/logs,file:///opt/src/hadoop-ozone/integration-test/target/log,AVAILABLE}
2019-06-14 09:59:38,075 INFO  handler.ContextHandler (ContextHandler.java:doStart(781)) - Started o.e.j.s.ServletContextHandler@2120bed{/static,file:///opt/src/hadoop-ozone/integration-test/target/test-classes/webapps/static,AVAILABLE}
2019-06-14 09:59:38,082 INFO  handler.ContextHandler (ContextHandler.java:doStart(781)) - Started o.e.j.w.WebAppContext@68fc9167{/,file:///opt/src/hadoop-ozone/integration-test/target/test-classes/webapps/scm/,AVAILABLE}{/scm}
2019-06-14 09:59:38,082 INFO  server.AbstractConnector (AbstractConnector.java:doStart(278)) - Started ServerConnector@52c46334{HTTP/1.1,[http/1.1]}{0.0.0.0:41503}
2019-06-14 09:59:38,082 INFO  server.Server (Server.java:doStart(419)) - Started @16609ms
2019-06-14 09:59:38,085 INFO  server.BaseHttpServer (BaseHttpServer.java:updateConnectorAddress(207)) - HTTP server of SCM is listening at http://0.0.0.0:41503
2019-06-14 09:59:38,086 WARN  scm.ScmUtils (ScmUtils.java:getDBPath(63)) - ozone.om.db.dirs is not configured. We recommend adding this setting. Falling back to ozone.metadata.dirs instead.
2019-06-14 09:59:38,086 INFO  util.JvmPauseMonitor (JvmPauseMonitor.java:run(188)) - Starting JVM pause monitor
2019-06-14 09:59:38,089 WARN  scm.ScmUtils (ScmUtils.java:getDBPath(63)) - ozone.om.db.dirs is not configured. We recommend adding this setting. Falling back to ozone.metadata.dirs instead.
2019-06-14 09:59:38,089 INFO  om.OzoneManager (OzoneManager.java:setOMNodeDetails(519)) - OM Service ID is not set. Setting it to the default ID: omServiceIdDefault
2019-06-14 09:59:38,089 INFO  om.OzoneManager (OzoneManager.java:setOMNodeDetails(525)) - OM Node ID is not set. Setting it to the OmStorage's OmID: 3185a29a-13e9-41eb-8a0a-b26ebbf2d3da
2019-06-14 09:59:38,089 WARN  scm.HddsServerUtil (HddsServerUtil.java:getDefaultRatisDirectory(354)) - Storage directory for Ratis is not configured. It is a good idea to map this to an SSD disk. Falling back to ozone.metadata.dirs
2019-06-14 09:59:38,090 WARN  scm.HddsServerUtil (HddsServerUtil.java:getDefaultRatisDirectory(354)) - Storage directory for Ratis is not configured. It is a good idea to map this to an SSD disk. Falling back to ozone.metadata.dirs
2019-06-14 09:59:38,090 INFO  om.OzoneManager (OzoneManager.java:loadOMHAConfigs(476)) - Found matching OM address with OMServiceId: null, OMNodeId: null, RPC Address: localhost:0 and Ratis port: 9872
2019-06-14 09:59:38,097 WARN  scm.ScmUtils (ScmUtils.java:getDBPath(63)) - ozone.om.db.dirs is not configured. We recommend adding this setting. Falling back to ozone.metadata.dirs instead.
2019-06-14 09:59:38,098 INFO  db.DBStoreBuilder (DBStoreBuilder.java:addTable(110)) - using custom profile for table: userTable
2019-06-14 09:59:38,098 INFO  db.DBStoreBuilder (DBStoreBuilder.java:processTables(161)) - Using default column profile:DBProfile.DISK for Table:userTable
2019-06-14 09:59:38,098 INFO  db.DBStoreBuilder (DBStoreBuilder.java:addTable(110)) - using custom profile for table: volumeTable
2019-06-14 09:59:38,098 INFO  db.DBStoreBuilder (DBStoreBuilder.java:processTables(161)) - Using default column profile:DBProfile.DISK for Table:volumeTable
2019-06-14 09:59:38,098 INFO  db.DBStoreBuilder (DBStoreBuilder.java:addTable(110)) - using custom profile for table: bucketTable
2019-06-14 09:59:38,098 INFO  db.DBStoreBuilder (DBStoreBuilder.java:processTables(161)) - Using default column profile:DBProfile.DISK for Table:bucketTable
2019-06-14 09:59:38,099 INFO  db.DBStoreBuilder (DBStoreBuilder.java:addTable(110)) - using custom profile for table: keyTable
2019-06-14 09:59:38,099 INFO  db.DBStoreBuilder (DBStoreBuilder.java:processTables(161)) - Using default column profile:DBProfile.DISK for Table:keyTable
2019-06-14 09:59:38,099 INFO  db.DBStoreBuilder (DBStoreBuilder.java:addTable(110)) - using custom profile for table: deletedTable
2019-06-14 09:59:38,099 INFO  db.DBStoreBuilder (DBStoreBuilder.java:processTables(161)) - Using default column profile:DBProfile.DISK for Table:deletedTable
2019-06-14 09:59:38,099 INFO  db.DBStoreBuilder (DBStoreBuilder.java:addTable(110)) - using custom profile for table: openKeyTable
2019-06-14 09:59:38,099 INFO  db.DBStoreBuilder (DBStoreBuilder.java:processTables(161)) - Using default column profile:DBProfile.DISK for Table:openKeyTable
2019-06-14 09:59:38,100 INFO  db.DBStoreBuilder (DBStoreBuilder.java:addTable(110)) - using custom profile for table: s3Table
2019-06-14 09:59:38,100 INFO  db.DBStoreBuilder (DBStoreBuilder.java:processTables(161)) - Using default column profile:DBProfile.DISK for Table:s3Table
2019-06-14 09:59:38,100 INFO  db.DBStoreBuilder (DBStoreBuilder.java:addTable(110)) - using custom profile for table: multipartInfoTable
2019-06-14 09:59:38,100 INFO  db.DBStoreBuilder (DBStoreBuilder.java:processTables(161)) - Using default column profile:DBProfile.DISK for Table:multipartInfoTable
2019-06-14 09:59:38,100 INFO  db.DBStoreBuilder (DBStoreBuilder.java:addTable(110)) - using custom profile for table: dTokenTable
2019-06-14 09:59:38,100 INFO  db.DBStoreBuilder (DBStoreBuilder.java:processTables(161)) - Using default column profile:DBProfile.DISK for Table:dTokenTable
2019-06-14 09:59:38,100 INFO  db.DBStoreBuilder (DBStoreBuilder.java:addTable(110)) - using custom profile for table: s3SecretTable
2019-06-14 09:59:38,101 INFO  db.DBStoreBuilder (DBStoreBuilder.java:processTables(161)) - Using default column profile:DBProfile.DISK for Table:s3SecretTable
2019-06-14 09:59:38,101 INFO  db.DBStoreBuilder (DBStoreBuilder.java:addTable(110)) - using custom profile for table: prefixTable
2019-06-14 09:59:38,101 INFO  db.DBStoreBuilder (DBStoreBuilder.java:processTables(161)) - Using default column profile:DBProfile.DISK for Table:prefixTable
2019-06-14 09:59:38,101 INFO  db.DBStoreBuilder (DBStoreBuilder.java:addTable(110)) - using custom profile for table: default
2019-06-14 09:59:38,101 INFO  db.DBStoreBuilder (DBStoreBuilder.java:processTables(167)) - Using default column profile:DBProfile.DISK for Table:default
2019-06-14 09:59:38,105 INFO  db.DBStoreBuilder (DBStoreBuilder.java:getDbProfile(198)) - Using default options. DBProfile.DISK
2019-06-14 09:59:38,250 INFO  ipc.CallQueueManager (CallQueueManager.java:<init>(84)) - Using callQueue: class java.util.concurrent.LinkedBlockingQueue, queueCapacity: 2000, scheduler: class org.apache.hadoop.ipc.DefaultRpcScheduler, ipcBackoff: false.
2019-06-14 09:59:38,251 INFO  ipc.Server (Server.java:run(1074)) - Starting Socket Reader #1 for port 41855
2019-06-14 09:59:38,268 WARN  scm.ScmUtils (ScmUtils.java:getDBPath(63)) - ozone.om.db.dirs is not configured. We recommend adding this setting. Falling back to ozone.metadata.dirs instead.
2019-06-14 09:59:38,268 INFO  om.OzoneManager (OzoneManager.java:start(1217)) - OzoneManager RPC server is listening at localhost/127.0.0.1:41855
2019-06-14 09:59:38,269 INFO  impl.MetricsSystemImpl (MetricsSystemImpl.java:init(158)) - OzoneManager metrics system started (again)
2019-06-14 09:59:38,269 INFO  ipc.Server (Server.java:run(1314)) - IPC Server Responder: starting
2019-06-14 09:59:38,275 INFO  ipc.Server (Server.java:run(1153)) - IPC Server listener on 41855: starting
2019-06-14 09:59:38,310 INFO  hdfs.DFSUtil (DFSUtil.java:httpServerTemplateForNNAndJN(1641)) - Starting Web-server for ozoneManager at: http://0.0.0.0:0
2019-06-14 09:59:38,311 INFO  server.AuthenticationFilter (AuthenticationFilter.java:constructSecretProvider(240)) - Unable to initialize FileSignerSecretProvider, falling back to use random secrets.
2019-06-14 09:59:38,313 WARN  http.HttpRequestLog (HttpRequestLog.java:getRequestLog(97)) - Jetty request log can only be enabled using Log4j
2019-06-14 09:59:38,315 INFO  http.HttpServer2 (HttpServer2.java:addGlobalFilter(975)) - Added global filter 'safety' (class=org.apache.hadoop.http.HttpServer2$QuotingInputFilter)
2019-06-14 09:59:38,316 INFO  http.HttpServer2 (HttpServer2.java:addFilter(948)) - Added filter static_user_filter (class=org.apache.hadoop.http.lib.StaticUserWebFilter$StaticUserFilter) to context ozoneManager
2019-06-14 09:59:38,316 INFO  http.HttpServer2 (HttpServer2.java:addFilter(958)) - Added filter static_user_filter (class=org.apache.hadoop.http.lib.StaticUserWebFilter$StaticUserFilter) to context logs
2019-06-14 09:59:38,316 INFO  http.HttpServer2 (HttpServer2.java:addFilter(958)) - Added filter static_user_filter (class=org.apache.hadoop.http.lib.StaticUserWebFilter$StaticUserFilter) to context static
2019-06-14 09:59:38,317 INFO  http.HttpServer2 (HttpServer2.java:bindListener(1191)) - Jetty bound to port 39479
2019-06-14 09:59:38,317 INFO  server.Server (Server.java:doStart(351)) - jetty-9.3.24.v20180605, build timestamp: 2018-06-05T17:11:56Z, git hash: 84205aa28f11a4f31f2a3b86d1bba2cc8ab69827
2019-06-14 09:59:38,323 INFO  handler.ContextHandler (ContextHandler.java:doStart(781)) - Started o.e.j.s.ServletContextHandler@ba4f370{/logs,file:///opt/src/hadoop-ozone/integration-test/target/log,AVAILABLE}
2019-06-14 09:59:38,324 INFO  handler.ContextHandler (ContextHandler.java:doStart(781)) - Started o.e.j.s.ServletContextHandler@7af0d91b{/static,file:///opt/src/hadoop-ozone/integration-test/target/test-classes/webapps/static,AVAILABLE}
2019-06-14 09:59:38,330 INFO  handler.ContextHandler (ContextHandler.java:doStart(781)) - Started o.e.j.w.WebAppContext@18026052{/,file:///opt/src/hadoop-ozone/integration-test/target/test-classes/webapps/ozoneManager/,AVAILABLE}{/ozoneManager}
2019-06-14 09:59:38,331 INFO  server.AbstractConnector (AbstractConnector.java:doStart(278)) - Started ServerConnector@489f62a3{HTTP/1.1,[http/1.1]}{0.0.0.0:39479}
2019-06-14 09:59:38,331 INFO  server.Server (Server.java:doStart(419)) - Started @16857ms
2019-06-14 09:59:38,332 INFO  server.BaseHttpServer (BaseHttpServer.java:updateConnectorAddress(207)) - HTTP server of OZONEMANAGER is listening at http://0.0.0.0:39479
2019-06-14 09:59:38,342 INFO  impl.MetricsSystemImpl (MetricsSystemImpl.java:init(158)) - HddsDatanode metrics system started (again)
2019-06-14 09:59:38,343 INFO  ozone.HddsDatanodeService (HddsDatanodeService.java:start(185)) - HddsDatanodeService host:ozone-mm759-2607770056 ip:192.168.105.157
2019-06-14 09:59:38,353 INFO  volume.HddsVolume (HddsVolume.java:<init>(176)) - Creating Volume: /opt/src/hadoop-ozone/integration-test/target/test-dir/MiniOzoneClusterImpl-91872854-c130-40f1-845e-2674cfb4b648/datanode-0/data/containers/hdds of  storage type : DISK and capacity : 104021790720
2019-06-14 09:59:38,353 INFO  volume.VolumeSet (VolumeSet.java:initializeVolumeSet(170)) - Added Volume : /opt/src/hadoop-ozone/integration-test/target/test-dir/MiniOzoneClusterImpl-91872854-c130-40f1-845e-2674cfb4b648/datanode-0/data/containers/hdds to VolumeSet
2019-06-14 09:59:38,353 INFO  volume.ThrottledAsyncChecker (ThrottledAsyncChecker.java:schedule(140)) - Scheduling a check for org.apache.hadoop.ozone.container.common.volume.HddsVolume@6c6c2a73
2019-06-14 09:59:38,358 INFO  volume.HddsVolumeChecker (HddsVolumeChecker.java:checkAllVolumes(203)) - Scheduled health check for volume org.apache.hadoop.ozone.container.common.volume.HddsVolume@6c6c2a73
2019-06-14 09:59:38,371 INFO  ratis.XceiverServerRatis (XceiverServerRatis.java:newXceiverServerRatis(401)) - Found a free port for the server : 34445
2019-06-14 09:59:38,372 INFO  impl.RaftServerProxy (ConfUtils.java:logGet(43)) - raft.rpc.type = GRPC (default)
2019-06-14 09:59:38,372 INFO  grpc.GrpcConfigKeys$Server (ConfUtils.java:logGet(43)) - raft.grpc.server.port = 34445 (custom)
2019-06-14 09:59:38,372 INFO  server.GrpcService (ConfUtils.java:logGet(43)) - raft.grpc.message.size.max = 33570816 (custom)
2019-06-14 09:59:38,373 INFO  server.RaftServerConfigKeys (ConfUtils.java:logGet(43)) - raft.server.log.appender.buffer.byte-limit = 33554432 (custom)
2019-06-14 09:59:38,373 INFO  server.GrpcService (ConfUtils.java:logGet(43)) - raft.grpc.flow.control.window = 1MB (=1048576) (default)
2019-06-14 09:59:38,373 INFO  server.RaftServerConfigKeys (ConfUtils.java:logGet(43)) - raft.server.rpc.request.timeout = 3000ms (default)
2019-06-14 09:59:38,374 INFO  server.RaftServerConfigKeys (ConfUtils.java:logGet(43)) - raft.server.storage.dir = [/opt/src/hadoop-ozone/integration-test/target/test-dir/MiniOzoneClusterImpl-91872854-c130-40f1-845e-2674cfb4b648/datanode-0/data/ratis] (custom)
2019-06-14 09:59:38,374 INFO  server.XceiverServerGrpc (XceiverServerGrpc.java:<init>(97)) - Found a free port for the server : 44983
2019-06-14 09:59:38,374 INFO  replication.SimpleContainerDownloader (SimpleContainerDownloader.java:<init>(72)) - Starting container downloader service to copy containers to replicate.
2019-06-14 09:59:38,376 INFO  hdfs.DFSUtil (DFSUtil.java:httpServerTemplateForNNAndJN(1641)) - Starting Web-server for hddsDatanode at: http://0.0.0.0:0
2019-06-14 09:59:38,377 INFO  server.AuthenticationFilter (AuthenticationFilter.java:constructSecretProvider(240)) - Unable to initialize FileSignerSecretProvider, falling back to use random secrets.
2019-06-14 09:59:38,377 WARN  http.HttpRequestLog (HttpRequestLog.java:getRequestLog(97)) - Jetty request log can only be enabled using Log4j
2019-06-14 09:59:38,379 INFO  http.HttpServer2 (HttpServer2.java:addGlobalFilter(975)) - Added global filter 'safety' (class=org.apache.hadoop.http.HttpServer2$QuotingInputFilter)
2019-06-14 09:59:38,379 INFO  http.HttpServer2 (HttpServer2.java:addFilter(948)) - Added filter static_user_filter (class=org.apache.hadoop.http.lib.StaticUserWebFilter$StaticUserFilter) to context hddsDatanode
2019-06-14 09:59:38,379 INFO  http.HttpServer2 (HttpServer2.java:addFilter(958)) - Added filter static_user_filter (class=org.apache.hadoop.http.lib.StaticUserWebFilter$StaticUserFilter) to context static
2019-06-14 09:59:38,379 INFO  http.HttpServer2 (HttpServer2.java:addFilter(958)) - Added filter static_user_filter (class=org.apache.hadoop.http.lib.StaticUserWebFilter$StaticUserFilter) to context logs
2019-06-14 09:59:38,380 INFO  http.HttpServer2 (HttpServer2.java:bindListener(1191)) - Jetty bound to port 35247
2019-06-14 09:59:38,380 INFO  server.Server (Server.java:doStart(351)) - jetty-9.3.24.v20180605, build timestamp: 2018-06-05T17:11:56Z, git hash: 84205aa28f11a4f31f2a3b86d1bba2cc8ab69827
2019-06-14 09:59:38,392 INFO  handler.ContextHandler (ContextHandler.java:doStart(781)) - Started o.e.j.s.ServletContextHandler@68e47e7{/logs,file:///opt/src/hadoop-ozone/integration-test/target/log,AVAILABLE}
2019-06-14 09:59:38,393 INFO  handler.ContextHandler (ContextHandler.java:doStart(781)) - Started o.e.j.s.ServletContextHandler@16ac4d3d{/static,jar:file:/root/.m2/repository/org/apache/hadoop/hadoop-hdds-container-service/0.5.0-SNAPSHOT/hadoop-hdds-container-service-0.5.0-SNAPSHOT.jar!/webapps/static,AVAILABLE}
2019-06-14 09:59:38,424 INFO  handler.ContextHandler (ContextHandler.java:doStart(781)) - Started o.e.j.w.WebAppContext@4d67d5a4{/,file:///tmp/jetty-0.0.0.0-35247-hddsDatanode-_-any-7868941263645328159.dir/webapp/,AVAILABLE}{/hddsDatanode}
2019-06-14 09:59:38,425 INFO  server.AbstractConnector (AbstractConnector.java:doStart(278)) - Started ServerConnector@a3b858f{HTTP/1.1,[http/1.1]}{0.0.0.0:35247}
2019-06-14 09:59:38,425 INFO  server.Server (Server.java:doStart(419)) - Started @16951ms
2019-06-14 09:59:38,426 INFO  server.BaseHttpServer (BaseHttpServer.java:updateConnectorAddress(207)) - HTTP server of HDDSDATANODE is listening at http://0.0.0.0:35247
2019-06-14 09:59:38,560 INFO  ozone.HddsDatanodeService (HddsDatanodeService.java:startPlugins(396)) - Started plug-in org.apache.hadoop.ozone.web.OzoneHddsDatanodeService@4bfa5eb9
2019-06-14 09:59:38,560 INFO  impl.MetricsSystemImpl (MetricsSystemImpl.java:init(158)) - HddsDatanode metrics system started (again)
2019-06-14 09:59:38,561 INFO  ozone.HddsDatanodeService (HddsDatanodeService.java:start(185)) - HddsDatanodeService host:ozone-mm759-2607770056 ip:192.168.105.157
2019-06-14 09:59:38,564 INFO  util.JvmPauseMonitor (JvmPauseMonitor.java:run(188)) - Starting JVM pause monitor
2019-06-14 09:59:38,573 INFO  volume.HddsVolume (HddsVolume.java:<init>(176)) - Creating Volume: /opt/src/hadoop-ozone/integration-test/target/test-dir/MiniOzoneClusterImpl-91872854-c130-40f1-845e-2674cfb4b648/datanode-1/data/containers/hdds of  storage type : DISK and capacity : 104021790720
2019-06-14 09:59:38,574 INFO  volume.VolumeSet (VolumeSet.java:initializeVolumeSet(170)) - Added Volume : /opt/src/hadoop-ozone/integration-test/target/test-dir/MiniOzoneClusterImpl-91872854-c130-40f1-845e-2674cfb4b648/datanode-1/data/containers/hdds to VolumeSet
2019-06-14 09:59:38,574 INFO  volume.ThrottledAsyncChecker (ThrottledAsyncChecker.java:schedule(140)) - Scheduling a check for org.apache.hadoop.ozone.container.common.volume.HddsVolume@754de353
2019-06-14 09:59:38,574 INFO  datanode.InitDatanodeState (InitDatanodeState.java:persistContainerDatanodeDetails(140)) - DatanodeDetails is persisted to /opt/src/hadoop-ozone/integration-test/target/test-dir/MiniOzoneClusterImpl-91872854-c130-40f1-845e-2674cfb4b648/datanode-0/meta/datanode.id
2019-06-14 09:59:38,574 INFO  volume.HddsVolumeChecker (HddsVolumeChecker.java:checkAllVolumes(203)) - Scheduled health check for volume org.apache.hadoop.ozone.container.common.volume.HddsVolume@754de353
2019-06-14 09:59:38,584 INFO  ratis.XceiverServerRatis (XceiverServerRatis.java:newXceiverServerRatis(401)) - Found a free port for the server : 37253
2019-06-14 09:59:38,584 INFO  impl.RaftServerProxy (ConfUtils.java:logGet(43)) - raft.rpc.type = GRPC (default)
2019-06-14 09:59:38,585 INFO  grpc.GrpcConfigKeys$Server (ConfUtils.java:logGet(43)) - raft.grpc.server.port = 37253 (custom)
2019-06-14 09:59:38,585 INFO  server.GrpcService (ConfUtils.java:logGet(43)) - raft.grpc.message.size.max = 33570816 (custom)
2019-06-14 09:59:38,585 INFO  server.RaftServerConfigKeys (ConfUtils.java:logGet(43)) - raft.server.log.appender.buffer.byte-limit = 33554432 (custom)
2019-06-14 09:59:38,585 INFO  server.GrpcService (ConfUtils.java:logGet(43)) - raft.grpc.flow.control.window = 1MB (=1048576) (default)
2019-06-14 09:59:38,585 INFO  server.RaftServerConfigKeys (ConfUtils.java:logGet(43)) - raft.server.rpc.request.timeout = 3000ms (default)
2019-06-14 09:59:38,586 INFO  server.RaftServerConfigKeys (ConfUtils.java:logGet(43)) - raft.server.storage.dir = [/opt/src/hadoop-ozone/integration-test/target/test-dir/MiniOzoneClusterImpl-91872854-c130-40f1-845e-2674cfb4b648/datanode-1/data/ratis] (custom)
2019-06-14 09:59:38,586 INFO  server.XceiverServerGrpc (XceiverServerGrpc.java:<init>(97)) - Found a free port for the server : 33941
2019-06-14 09:59:38,587 INFO  replication.SimpleContainerDownloader (SimpleContainerDownloader.java:<init>(72)) - Starting container downloader service to copy containers to replicate.
2019-06-14 09:59:38,588 INFO  hdfs.DFSUtil (DFSUtil.java:httpServerTemplateForNNAndJN(1641)) - Starting Web-server for hddsDatanode at: http://0.0.0.0:0
2019-06-14 09:59:38,588 INFO  server.AuthenticationFilter (AuthenticationFilter.java:constructSecretProvider(240)) - Unable to initialize FileSignerSecretProvider, falling back to use random secrets.
2019-06-14 09:59:38,589 WARN  http.HttpRequestLog (HttpRequestLog.java:getRequestLog(97)) - Jetty request log can only be enabled using Log4j
2019-06-14 09:59:38,590 INFO  http.HttpServer2 (HttpServer2.java:addGlobalFilter(975)) - Added global filter 'safety' (class=org.apache.hadoop.http.HttpServer2$QuotingInputFilter)
2019-06-14 09:59:38,590 INFO  http.HttpServer2 (HttpServer2.java:addFilter(948)) - Added filter static_user_filter (class=org.apache.hadoop.http.lib.StaticUserWebFilter$StaticUserFilter) to context hddsDatanode
2019-06-14 09:59:38,590 INFO  http.HttpServer2 (HttpServer2.java:addFilter(958)) - Added filter static_user_filter (class=org.apache.hadoop.http.lib.StaticUserWebFilter$StaticUserFilter) to context logs
2019-06-14 09:59:38,591 INFO  http.HttpServer2 (HttpServer2.java:addFilter(958)) - Added filter static_user_filter (class=org.apache.hadoop.http.lib.StaticUserWebFilter$StaticUserFilter) to context static
2019-06-14 09:59:38,591 INFO  http.HttpServer2 (HttpServer2.java:bindListener(1191)) - Jetty bound to port 40479
2019-06-14 09:59:38,591 INFO  server.Server (Server.java:doStart(351)) - jetty-9.3.24.v20180605, build timestamp: 2018-06-05T17:11:56Z, git hash: 84205aa28f11a4f31f2a3b86d1bba2cc8ab69827
2019-06-14 09:59:38,595 INFO  handler.ContextHandler (ContextHandler.java:doStart(781)) - Started o.e.j.s.ServletContextHandler@44b9c7c4{/logs,file:///opt/src/hadoop-ozone/integration-test/target/log,AVAILABLE}
2019-06-14 09:59:38,595 INFO  handler.ContextHandler (ContextHandler.java:doStart(781)) - Started o.e.j.s.ServletContextHandler@3611153f{/static,jar:file:/root/.m2/repository/org/apache/hadoop/hadoop-hdds-container-service/0.5.0-SNAPSHOT/hadoop-hdds-container-service-0.5.0-SNAPSHOT.jar!/webapps/static,AVAILABLE}
2019-06-14 09:59:38,620 INFO  handler.ContextHandler (ContextHandler.java:doStart(781)) - Started o.e.j.w.WebAppContext@350bbd5d{/,file:///tmp/jetty-0.0.0.0-40479-hddsDatanode-_-any-3044530746114082799.dir/webapp/,AVAILABLE}{/hddsDatanode}
2019-06-14 09:59:38,621 INFO  server.AbstractConnector (AbstractConnector.java:doStart(278)) - Started ServerConnector@3c3e363{HTTP/1.1,[http/1.1]}{0.0.0.0:40479}
2019-06-14 09:59:38,621 INFO  server.Server (Server.java:doStart(419)) - Started @17147ms
2019-06-14 09:59:38,622 INFO  server.BaseHttpServer (BaseHttpServer.java:updateConnectorAddress(207)) - HTTP server of HDDSDATANODE is listening at http://0.0.0.0:40479
2019-06-14 09:59:38,714 INFO  ozone.HddsDatanodeService (HddsDatanodeService.java:startPlugins(396)) - Started plug-in org.apache.hadoop.ozone.web.OzoneHddsDatanodeService@2eb6d34a
2019-06-14 09:59:38,714 INFO  impl.MetricsSystemImpl (MetricsSystemImpl.java:init(158)) - HddsDatanode metrics system started (again)
2019-06-14 09:59:38,715 INFO  ozone.HddsDatanodeService (HddsDatanodeService.java:start(185)) - HddsDatanodeService host:ozone-mm759-2607770056 ip:192.168.105.157
2019-06-14 09:59:38,721 INFO  util.JvmPauseMonitor (JvmPauseMonitor.java:run(188)) - Starting JVM pause monitor
2019-06-14 09:59:38,722 INFO  datanode.InitDatanodeState (InitDatanodeState.java:persistContainerDatanodeDetails(140)) - DatanodeDetails is persisted to /opt/src/hadoop-ozone/integration-test/target/test-dir/MiniOzoneClusterImpl-91872854-c130-40f1-845e-2674cfb4b648/datanode-1/meta/datanode.id
2019-06-14 09:59:38,726 INFO  volume.HddsVolume (HddsVolume.java:<init>(176)) - Creating Volume: /opt/src/hadoop-ozone/integration-test/target/test-dir/MiniOzoneClusterImpl-91872854-c130-40f1-845e-2674cfb4b648/datanode-2/data/containers/hdds of  storage type : DISK and capacity : 104021790720
2019-06-14 09:59:38,726 INFO  volume.VolumeSet (VolumeSet.java:initializeVolumeSet(170)) - Added Volume : /opt/src/hadoop-ozone/integration-test/target/test-dir/MiniOzoneClusterImpl-91872854-c130-40f1-845e-2674cfb4b648/datanode-2/data/containers/hdds to VolumeSet
2019-06-14 09:59:38,726 INFO  volume.ThrottledAsyncChecker (ThrottledAsyncChecker.java:schedule(140)) - Scheduling a check for org.apache.hadoop.ozone.container.common.volume.HddsVolume@6f106af8
2019-06-14 09:59:38,727 INFO  volume.HddsVolumeChecker (HddsVolumeChecker.java:checkAllVolumes(203)) - Scheduled health check for volume org.apache.hadoop.ozone.container.common.volume.HddsVolume@6f106af8
2019-06-14 09:59:38,735 INFO  ratis.XceiverServerRatis (XceiverServerRatis.java:newXceiverServerRatis(401)) - Found a free port for the server : 45581
2019-06-14 09:59:38,736 INFO  impl.RaftServerProxy (ConfUtils.java:logGet(43)) - raft.rpc.type = GRPC (default)
2019-06-14 09:59:38,736 INFO  grpc.GrpcConfigKeys$Server (ConfUtils.java:logGet(43)) - raft.grpc.server.port = 45581 (custom)
2019-06-14 09:59:38,736 INFO  server.GrpcService (ConfUtils.java:logGet(43)) - raft.grpc.message.size.max = 33570816 (custom)
2019-06-14 09:59:38,736 INFO  server.RaftServerConfigKeys (ConfUtils.java:logGet(43)) - raft.server.log.appender.buffer.byte-limit = 33554432 (custom)
2019-06-14 09:59:38,736 INFO  server.GrpcService (ConfUtils.java:logGet(43)) - raft.grpc.flow.control.window = 1MB (=1048576) (default)
2019-06-14 09:59:38,736 INFO  server.RaftServerConfigKeys (ConfUtils.java:logGet(43)) - raft.server.rpc.request.timeout = 3000ms (default)
2019-06-14 09:59:38,737 INFO  server.RaftServerConfigKeys (ConfUtils.java:logGet(43)) - raft.server.storage.dir = [/opt/src/hadoop-ozone/integration-test/target/test-dir/MiniOzoneClusterImpl-91872854-c130-40f1-845e-2674cfb4b648/datanode-2/data/ratis] (custom)
2019-06-14 09:59:38,737 INFO  server.XceiverServerGrpc (XceiverServerGrpc.java:<init>(97)) - Found a free port for the server : 37753
2019-06-14 09:59:38,737 INFO  replication.SimpleContainerDownloader (SimpleContainerDownloader.java:<init>(72)) - Starting container downloader service to copy containers to replicate.
2019-06-14 09:59:38,738 INFO  hdfs.DFSUtil (DFSUtil.java:httpServerTemplateForNNAndJN(1641)) - Starting Web-server for hddsDatanode at: http://0.0.0.0:0
2019-06-14 09:59:38,739 INFO  server.AuthenticationFilter (AuthenticationFilter.java:constructSecretProvider(240)) - Unable to initialize FileSignerSecretProvider, falling back to use random secrets.
2019-06-14 09:59:38,741 WARN  http.HttpRequestLog (HttpRequestLog.java:getRequestLog(97)) - Jetty request log can only be enabled using Log4j
2019-06-14 09:59:38,742 INFO  http.HttpServer2 (HttpServer2.java:addGlobalFilter(975)) - Added global filter 'safety' (class=org.apache.hadoop.http.HttpServer2$QuotingInputFilter)
2019-06-14 09:59:38,743 INFO  http.HttpServer2 (HttpServer2.java:addFilter(948)) - Added filter static_user_filter (class=org.apache.hadoop.http.lib.StaticUserWebFilter$StaticUserFilter) to context hddsDatanode
2019-06-14 09:59:38,743 INFO  http.HttpServer2 (HttpServer2.java:addFilter(958)) - Added filter static_user_filter (class=org.apache.hadoop.http.lib.StaticUserWebFilter$StaticUserFilter) to context static
2019-06-14 09:59:38,743 INFO  http.HttpServer2 (HttpServer2.java:addFilter(958)) - Added filter static_user_filter (class=org.apache.hadoop.http.lib.StaticUserWebFilter$StaticUserFilter) to context logs
2019-06-14 09:59:38,743 INFO  http.HttpServer2 (HttpServer2.java:bindListener(1191)) - Jetty bound to port 34035
2019-06-14 09:59:38,743 INFO  server.Server (Server.java:doStart(351)) - jetty-9.3.24.v20180605, build timestamp: 2018-06-05T17:11:56Z, git hash: 84205aa28f11a4f31f2a3b86d1bba2cc8ab69827
2019-06-14 09:59:38,751 INFO  handler.ContextHandler (ContextHandler.java:doStart(781)) - Started o.e.j.s.ServletContextHandler@2b35c7aa{/logs,file:///opt/src/hadoop-ozone/integration-test/target/log,AVAILABLE}
2019-06-14 09:59:38,751 INFO  handler.ContextHandler (ContextHandler.java:doStart(781)) - Started o.e.j.s.ServletContextHandler@20dd5870{/static,jar:file:/root/.m2/repository/org/apache/hadoop/hadoop-hdds-container-service/0.5.0-SNAPSHOT/hadoop-hdds-container-service-0.5.0-SNAPSHOT.jar!/webapps/static,AVAILABLE}
2019-06-14 09:59:38,773 INFO  handler.ContextHandler (ContextHandler.java:doStart(781)) - Started o.e.j.w.WebAppContext@416a4275{/,file:///tmp/jetty-0.0.0.0-34035-hddsDatanode-_-any-4584124490953369768.dir/webapp/,AVAILABLE}{/hddsDatanode}
2019-06-14 09:59:38,774 INFO  server.AbstractConnector (AbstractConnector.java:doStart(278)) - Started ServerConnector@7bf65e0f{HTTP/1.1,[http/1.1]}{0.0.0.0:34035}
2019-06-14 09:59:38,774 INFO  server.Server (Server.java:doStart(419)) - Started @17300ms
2019-06-14 09:59:38,775 INFO  server.BaseHttpServer (BaseHttpServer.java:updateConnectorAddress(207)) - HTTP server of HDDSDATANODE is listening at http://0.0.0.0:34035
2019-06-14 09:59:38,859 INFO  ozone.HddsDatanodeService (HddsDatanodeService.java:startPlugins(396)) - Started plug-in org.apache.hadoop.ozone.web.OzoneHddsDatanodeService@693f2c89
2019-06-14 09:59:38,859 INFO  impl.MetricsSystemImpl (MetricsSystemImpl.java:init(158)) - HddsDatanode metrics system started (again)
2019-06-14 09:59:38,861 INFO  ozone.HddsDatanodeService (HddsDatanodeService.java:start(185)) - HddsDatanodeService host:ozone-mm759-2607770056 ip:192.168.105.157
2019-06-14 09:59:38,863 INFO  util.JvmPauseMonitor (JvmPauseMonitor.java:run(188)) - Starting JVM pause monitor
2019-06-14 09:59:38,866 INFO  datanode.InitDatanodeState (InitDatanodeState.java:persistContainerDatanodeDetails(140)) - DatanodeDetails is persisted to /opt/src/hadoop-ozone/integration-test/target/test-dir/MiniOzoneClusterImpl-91872854-c130-40f1-845e-2674cfb4b648/datanode-2/meta/datanode.id
2019-06-14 09:59:38,869 INFO  volume.HddsVolume (HddsVolume.java:<init>(176)) - Creating Volume: /opt/src/hadoop-ozone/integration-test/target/test-dir/MiniOzoneClusterImpl-91872854-c130-40f1-845e-2674cfb4b648/datanode-3/data/containers/hdds of  storage type : DISK and capacity : 104021790720
2019-06-14 09:59:38,869 INFO  volume.VolumeSet (VolumeSet.java:initializeVolumeSet(170)) - Added Volume : /opt/src/hadoop-ozone/integration-test/target/test-dir/MiniOzoneClusterImpl-91872854-c130-40f1-845e-2674cfb4b648/datanode-3/data/containers/hdds to VolumeSet
2019-06-14 09:59:38,869 INFO  volume.ThrottledAsyncChecker (ThrottledAsyncChecker.java:schedule(140)) - Scheduling a check for org.apache.hadoop.ozone.container.common.volume.HddsVolume@9dc782d
2019-06-14 09:59:38,874 INFO  volume.HddsVolumeChecker (HddsVolumeChecker.java:checkAllVolumes(203)) - Scheduled health check for volume org.apache.hadoop.ozone.container.common.volume.HddsVolume@9dc782d
2019-06-14 09:59:38,886 INFO  ratis.XceiverServerRatis (XceiverServerRatis.java:newXceiverServerRatis(401)) - Found a free port for the server : 46457
2019-06-14 09:59:38,887 INFO  impl.RaftServerProxy (ConfUtils.java:logGet(43)) - raft.rpc.type = GRPC (default)
2019-06-14 09:59:38,888 INFO  grpc.GrpcConfigKeys$Server (ConfUtils.java:logGet(43)) - raft.grpc.server.port = 46457 (custom)
2019-06-14 09:59:38,888 INFO  server.GrpcService (ConfUtils.java:logGet(43)) - raft.grpc.message.size.max = 33570816 (custom)
2019-06-14 09:59:38,888 INFO  server.RaftServerConfigKeys (ConfUtils.java:logGet(43)) - raft.server.log.appender.buffer.byte-limit = 33554432 (custom)
2019-06-14 09:59:38,888 INFO  server.GrpcService (ConfUtils.java:logGet(43)) - raft.grpc.flow.control.window = 1MB (=1048576) (default)
2019-06-14 09:59:38,888 INFO  server.RaftServerConfigKeys (ConfUtils.java:logGet(43)) - raft.server.rpc.request.timeout = 3000ms (default)
2019-06-14 09:59:38,889 INFO  server.RaftServerConfigKeys (ConfUtils.java:logGet(43)) - raft.server.storage.dir = [/opt/src/hadoop-ozone/integration-test/target/test-dir/MiniOzoneClusterImpl-91872854-c130-40f1-845e-2674cfb4b648/datanode-3/data/ratis] (custom)
2019-06-14 09:59:38,889 INFO  server.XceiverServerGrpc (XceiverServerGrpc.java:<init>(97)) - Found a free port for the server : 38409
2019-06-14 09:59:38,890 INFO  replication.SimpleContainerDownloader (SimpleContainerDownloader.java:<init>(72)) - Starting container downloader service to copy containers to replicate.
2019-06-14 09:59:38,891 INFO  hdfs.DFSUtil (DFSUtil.java:httpServerTemplateForNNAndJN(1641)) - Starting Web-server for hddsDatanode at: http://0.0.0.0:0
2019-06-14 09:59:38,892 INFO  server.AuthenticationFilter (AuthenticationFilter.java:constructSecretProvider(240)) - Unable to initialize FileSignerSecretProvider, falling back to use random secrets.
2019-06-14 09:59:38,893 WARN  http.HttpRequestLog (HttpRequestLog.java:getRequestLog(97)) - Jetty request log can only be enabled using Log4j
2019-06-14 09:59:38,894 INFO  http.HttpServer2 (HttpServer2.java:addGlobalFilter(975)) - Added global filter 'safety' (class=org.apache.hadoop.http.HttpServer2$QuotingInputFilter)
2019-06-14 09:59:38,894 INFO  http.HttpServer2 (HttpServer2.java:addFilter(948)) - Added filter static_user_filter (class=org.apache.hadoop.http.lib.StaticUserWebFilter$StaticUserFilter) to context hddsDatanode
2019-06-14 09:59:38,895 INFO  http.HttpServer2 (HttpServer2.java:addFilter(958)) - Added filter static_user_filter (class=org.apache.hadoop.http.lib.StaticUserWebFilter$StaticUserFilter) to context static
2019-06-14 09:59:38,895 INFO  http.HttpServer2 (HttpServer2.java:addFilter(958)) - Added filter static_user_filter (class=org.apache.hadoop.http.lib.StaticUserWebFilter$StaticUserFilter) to context logs
2019-06-14 09:59:38,895 INFO  http.HttpServer2 (HttpServer2.java:bindListener(1191)) - Jetty bound to port 44831
2019-06-14 09:59:38,895 INFO  server.Server (Server.java:doStart(351)) - jetty-9.3.24.v20180605, build timestamp: 2018-06-05T17:11:56Z, git hash: 84205aa28f11a4f31f2a3b86d1bba2cc8ab69827
2019-06-14 09:59:38,896 INFO  handler.ContextHandler (ContextHandler.java:doStart(781)) - Started o.e.j.s.ServletContextHandler@5368e981{/logs,file:///opt/src/hadoop-ozone/integration-test/target/log,AVAILABLE}
2019-06-14 09:59:38,897 INFO  handler.ContextHandler (ContextHandler.java:doStart(781)) - Started o.e.j.s.ServletContextHandler@79b7c350{/static,jar:file:/root/.m2/repository/org/apache/hadoop/hadoop-hdds-container-service/0.5.0-SNAPSHOT/hadoop-hdds-container-service-0.5.0-SNAPSHOT.jar!/webapps/static,AVAILABLE}
2019-06-14 09:59:38,916 INFO  handler.ContextHandler (ContextHandler.java:doStart(781)) - Started o.e.j.w.WebAppContext@318e3942{/,file:///tmp/jetty-0.0.0.0-44831-hddsDatanode-_-any-1516793463621313170.dir/webapp/,AVAILABLE}{/hddsDatanode}
2019-06-14 09:59:38,917 INFO  server.AbstractConnector (AbstractConnector.java:doStart(278)) - Started ServerConnector@1c4057f9{HTTP/1.1,[http/1.1]}{0.0.0.0:44831}
2019-06-14 09:59:38,917 INFO  server.Server (Server.java:doStart(419)) - Started @17444ms
2019-06-14 09:59:38,918 INFO  server.BaseHttpServer (BaseHttpServer.java:updateConnectorAddress(207)) - HTTP server of HDDSDATANODE is listening at http://0.0.0.0:44831
2019-06-14 09:59:39,023 INFO  ozone.HddsDatanodeService (HddsDatanodeService.java:startPlugins(396)) - Started plug-in org.apache.hadoop.ozone.web.OzoneHddsDatanodeService@76134b9b
2019-06-14 09:59:39,024 INFO  impl.MetricsSystemImpl (MetricsSystemImpl.java:init(158)) - HddsDatanode metrics system started (again)
2019-06-14 09:59:39,025 INFO  ozone.HddsDatanodeService (HddsDatanodeService.java:start(185)) - HddsDatanodeService host:ozone-mm759-2607770056 ip:192.168.105.157
2019-06-14 09:59:39,029 INFO  util.JvmPauseMonitor (JvmPauseMonitor.java:run(188)) - Starting JVM pause monitor
2019-06-14 09:59:39,030 INFO  datanode.InitDatanodeState (InitDatanodeState.java:persistContainerDatanodeDetails(140)) - DatanodeDetails is persisted to /opt/src/hadoop-ozone/integration-test/target/test-dir/MiniOzoneClusterImpl-91872854-c130-40f1-845e-2674cfb4b648/datanode-3/meta/datanode.id
2019-06-14 09:59:39,034 INFO  volume.HddsVolume (HddsVolume.java:<init>(176)) - Creating Volume: /opt/src/hadoop-ozone/integration-test/target/test-dir/MiniOzoneClusterImpl-91872854-c130-40f1-845e-2674cfb4b648/datanode-4/data/containers/hdds of  storage type : DISK and capacity : 104021790720
2019-06-14 09:59:39,034 INFO  volume.VolumeSet (VolumeSet.java:initializeVolumeSet(170)) - Added Volume : /opt/src/hadoop-ozone/integration-test/target/test-dir/MiniOzoneClusterImpl-91872854-c130-40f1-845e-2674cfb4b648/datanode-4/data/containers/hdds to VolumeSet
2019-06-14 09:59:39,035 INFO  volume.ThrottledAsyncChecker (ThrottledAsyncChecker.java:schedule(140)) - Scheduling a check for org.apache.hadoop.ozone.container.common.volume.HddsVolume@3a8fb023
2019-06-14 09:59:39,035 INFO  volume.HddsVolumeChecker (HddsVolumeChecker.java:checkAllVolumes(203)) - Scheduled health check for volume org.apache.hadoop.ozone.container.common.volume.HddsVolume@3a8fb023
2019-06-14 09:59:39,043 INFO  ratis.XceiverServerRatis (XceiverServerRatis.java:newXceiverServerRatis(401)) - Found a free port for the server : 45887
2019-06-14 09:59:39,044 INFO  impl.RaftServerProxy (ConfUtils.java:logGet(43)) - raft.rpc.type = GRPC (default)
2019-06-14 09:59:39,044 INFO  grpc.GrpcConfigKeys$Server (ConfUtils.java:logGet(43)) - raft.grpc.server.port = 45887 (custom)
2019-06-14 09:59:39,045 INFO  server.GrpcService (ConfUtils.java:logGet(43)) - raft.grpc.message.size.max = 33570816 (custom)
2019-06-14 09:59:39,045 INFO  server.RaftServerConfigKeys (ConfUtils.java:logGet(43)) - raft.server.log.appender.buffer.byte-limit = 33554432 (custom)
2019-06-14 09:59:39,045 INFO  server.GrpcService (ConfUtils.java:logGet(43)) - raft.grpc.flow.control.window = 1MB (=1048576) (default)
2019-06-14 09:59:39,045 INFO  server.RaftServerConfigKeys (ConfUtils.java:logGet(43)) - raft.server.rpc.request.timeout = 3000ms (default)
2019-06-14 09:59:39,045 INFO  server.RaftServerConfigKeys (ConfUtils.java:logGet(43)) - raft.server.storage.dir = [/opt/src/hadoop-ozone/integration-test/target/test-dir/MiniOzoneClusterImpl-91872854-c130-40f1-845e-2674cfb4b648/datanode-4/data/ratis] (custom)
2019-06-14 09:59:39,046 INFO  server.XceiverServerGrpc (XceiverServerGrpc.java:<init>(97)) - Found a free port for the server : 35573
2019-06-14 09:59:39,046 INFO  replication.SimpleContainerDownloader (SimpleContainerDownloader.java:<init>(72)) - Starting container downloader service to copy containers to replicate.
2019-06-14 09:59:39,047 INFO  hdfs.DFSUtil (DFSUtil.java:httpServerTemplateForNNAndJN(1641)) - Starting Web-server for hddsDatanode at: http://0.0.0.0:0
2019-06-14 09:59:39,048 INFO  server.AuthenticationFilter (AuthenticationFilter.java:constructSecretProvider(240)) - Unable to initialize FileSignerSecretProvider, falling back to use random secrets.
2019-06-14 09:59:39,048 WARN  http.HttpRequestLog (HttpRequestLog.java:getRequestLog(97)) - Jetty request log can only be enabled using Log4j
2019-06-14 09:59:39,049 INFO  http.HttpServer2 (HttpServer2.java:addGlobalFilter(975)) - Added global filter 'safety' (class=org.apache.hadoop.http.HttpServer2$QuotingInputFilter)
2019-06-14 09:59:39,050 INFO  http.HttpServer2 (HttpServer2.java:addFilter(948)) - Added filter static_user_filter (class=org.apache.hadoop.http.lib.StaticUserWebFilter$StaticUserFilter) to context hddsDatanode
2019-06-14 09:59:39,050 INFO  http.HttpServer2 (HttpServer2.java:addFilter(958)) - Added filter static_user_filter (class=org.apache.hadoop.http.lib.StaticUserWebFilter$StaticUserFilter) to context logs
2019-06-14 09:59:39,050 INFO  http.HttpServer2 (HttpServer2.java:addFilter(958)) - Added filter static_user_filter (class=org.apache.hadoop.http.lib.StaticUserWebFilter$StaticUserFilter) to context static
2019-06-14 09:59:39,050 INFO  http.HttpServer2 (HttpServer2.java:bindListener(1191)) - Jetty bound to port 38377
2019-06-14 09:59:39,051 INFO  server.Server (Server.java:doStart(351)) - jetty-9.3.24.v20180605, build timestamp: 2018-06-05T17:11:56Z, git hash: 84205aa28f11a4f31f2a3b86d1bba2cc8ab69827
2019-06-14 09:59:39,057 INFO  handler.ContextHandler (ContextHandler.java:doStart(781)) - Started o.e.j.s.ServletContextHandler@780ee3ad{/logs,file:///opt/src/hadoop-ozone/integration-test/target/log,AVAILABLE}
2019-06-14 09:59:39,058 INFO  handler.ContextHandler (ContextHandler.java:doStart(781)) - Started o.e.j.s.ServletContextHandler@857f74a{/static,jar:file:/root/.m2/repository/org/apache/hadoop/hadoop-hdds-container-service/0.5.0-SNAPSHOT/hadoop-hdds-container-service-0.5.0-SNAPSHOT.jar!/webapps/static,AVAILABLE}
2019-06-14 09:59:39,086 INFO  handler.ContextHandler (ContextHandler.java:doStart(781)) - Started o.e.j.w.WebAppContext@11c3d22f{/,file:///tmp/jetty-0.0.0.0-38377-hddsDatanode-_-any-5503334085424496316.dir/webapp/,AVAILABLE}{/hddsDatanode}
2019-06-14 09:59:39,087 INFO  server.AbstractConnector (AbstractConnector.java:doStart(278)) - Started ServerConnector@3a54638b{HTTP/1.1,[http/1.1]}{0.0.0.0:38377}
2019-06-14 09:59:39,088 INFO  server.Server (Server.java:doStart(419)) - Started @17614ms
2019-06-14 09:59:39,089 INFO  server.BaseHttpServer (BaseHttpServer.java:updateConnectorAddress(207)) - HTTP server of HDDSDATANODE is listening at http://0.0.0.0:38377
2019-06-14 09:59:39,200 INFO  ozone.HddsDatanodeService (HddsDatanodeService.java:startPlugins(396)) - Started plug-in org.apache.hadoop.ozone.web.OzoneHddsDatanodeService@2152fde5
2019-06-14 09:59:39,200 INFO  impl.MetricsSystemImpl (MetricsSystemImpl.java:init(158)) - HddsDatanode metrics system started (again)
2019-06-14 09:59:39,201 INFO  ozone.HddsDatanodeService (HddsDatanodeService.java:start(185)) - HddsDatanodeService host:ozone-mm759-2607770056 ip:192.168.105.157
2019-06-14 09:59:39,205 INFO  util.JvmPauseMonitor (JvmPauseMonitor.java:run(188)) - Starting JVM pause monitor
2019-06-14 09:59:39,206 INFO  datanode.InitDatanodeState (InitDatanodeState.java:persistContainerDatanodeDetails(140)) - DatanodeDetails is persisted to /opt/src/hadoop-ozone/integration-test/target/test-dir/MiniOzoneClusterImpl-91872854-c130-40f1-845e-2674cfb4b648/datanode-4/meta/datanode.id
2019-06-14 09:59:39,210 INFO  volume.HddsVolume (HddsVolume.java:<init>(176)) - Creating Volume: /opt/src/hadoop-ozone/integration-test/target/test-dir/MiniOzoneClusterImpl-91872854-c130-40f1-845e-2674cfb4b648/datanode-5/data/containers/hdds of  storage type : DISK and capacity : 104021790720
2019-06-14 09:59:39,211 INFO  volume.VolumeSet (VolumeSet.java:initializeVolumeSet(170)) - Added Volume : /opt/src/hadoop-ozone/integration-test/target/test-dir/MiniOzoneClusterImpl-91872854-c130-40f1-845e-2674cfb4b648/datanode-5/data/containers/hdds to VolumeSet
2019-06-14 09:59:39,211 INFO  volume.ThrottledAsyncChecker (ThrottledAsyncChecker.java:schedule(140)) - Scheduling a check for org.apache.hadoop.ozone.container.common.volume.HddsVolume@1c8e8fed
2019-06-14 09:59:39,212 INFO  volume.HddsVolumeChecker (HddsVolumeChecker.java:checkAllVolumes(203)) - Scheduled health check for volume org.apache.hadoop.ozone.container.common.volume.HddsVolume@1c8e8fed
2019-06-14 09:59:39,220 INFO  ratis.XceiverServerRatis (XceiverServerRatis.java:newXceiverServerRatis(401)) - Found a free port for the server : 35963
2019-06-14 09:59:39,220 INFO  impl.RaftServerProxy (ConfUtils.java:logGet(43)) - raft.rpc.type = GRPC (default)
2019-06-14 09:59:39,221 INFO  grpc.GrpcConfigKeys$Server (ConfUtils.java:logGet(43)) - raft.grpc.server.port = 35963 (custom)
2019-06-14 09:59:39,221 INFO  server.GrpcService (ConfUtils.java:logGet(43)) - raft.grpc.message.size.max = 33570816 (custom)
2019-06-14 09:59:39,221 INFO  server.RaftServerConfigKeys (ConfUtils.java:logGet(43)) - raft.server.log.appender.buffer.byte-limit = 33554432 (custom)
2019-06-14 09:59:39,221 INFO  server.GrpcService (ConfUtils.java:logGet(43)) - raft.grpc.flow.control.window = 1MB (=1048576) (default)
2019-06-14 09:59:39,221 INFO  server.RaftServerConfigKeys (ConfUtils.java:logGet(43)) - raft.server.rpc.request.timeout = 3000ms (default)
2019-06-14 09:59:39,222 INFO  server.RaftServerConfigKeys (ConfUtils.java:logGet(43)) - raft.server.storage.dir = [/opt/src/hadoop-ozone/integration-test/target/test-dir/MiniOzoneClusterImpl-91872854-c130-40f1-845e-2674cfb4b648/datanode-5/data/ratis] (custom)
2019-06-14 09:59:39,222 INFO  server.XceiverServerGrpc (XceiverServerGrpc.java:<init>(97)) - Found a free port for the server : 44307
2019-06-14 09:59:39,223 INFO  replication.SimpleContainerDownloader (SimpleContainerDownloader.java:<init>(72)) - Starting container downloader service to copy containers to replicate.
2019-06-14 09:59:39,224 INFO  hdfs.DFSUtil (DFSUtil.java:httpServerTemplateForNNAndJN(1641)) - Starting Web-server for hddsDatanode at: http://0.0.0.0:0
2019-06-14 09:59:39,226 INFO  server.AuthenticationFilter (AuthenticationFilter.java:constructSecretProvider(240)) - Unable to initialize FileSignerSecretProvider, falling back to use random secrets.
2019-06-14 09:59:39,226 WARN  http.HttpRequestLog (HttpRequestLog.java:getRequestLog(97)) - Jetty request log can only be enabled using Log4j
2019-06-14 09:59:39,227 INFO  http.HttpServer2 (HttpServer2.java:addGlobalFilter(975)) - Added global filter 'safety' (class=org.apache.hadoop.http.HttpServer2$QuotingInputFilter)
2019-06-14 09:59:39,228 INFO  http.HttpServer2 (HttpServer2.java:addFilter(948)) - Added filter static_user_filter (class=org.apache.hadoop.http.lib.StaticUserWebFilter$StaticUserFilter) to context hddsDatanode
2019-06-14 09:59:39,228 INFO  http.HttpServer2 (HttpServer2.java:addFilter(958)) - Added filter static_user_filter (class=org.apache.hadoop.http.lib.StaticUserWebFilter$StaticUserFilter) to context static
2019-06-14 09:59:39,228 INFO  http.HttpServer2 (HttpServer2.java:addFilter(958)) - Added filter static_user_filter (class=org.apache.hadoop.http.lib.StaticUserWebFilter$StaticUserFilter) to context logs
2019-06-14 09:59:39,229 INFO  http.HttpServer2 (HttpServer2.java:bindListener(1191)) - Jetty bound to port 35199
2019-06-14 09:59:39,229 INFO  server.Server (Server.java:doStart(351)) - jetty-9.3.24.v20180605, build timestamp: 2018-06-05T17:11:56Z, git hash: 84205aa28f11a4f31f2a3b86d1bba2cc8ab69827
2019-06-14 09:59:39,231 INFO  handler.ContextHandler (ContextHandler.java:doStart(781)) - Started o.e.j.s.ServletContextHandler@71d99732{/logs,file:///opt/src/hadoop-ozone/integration-test/target/log,AVAILABLE}
2019-06-14 09:59:39,231 INFO  handler.ContextHandler (ContextHandler.java:doStart(781)) - Started o.e.j.s.ServletContextHandler@42a05533{/static,jar:file:/root/.m2/repository/org/apache/hadoop/hadoop-hdds-container-service/0.5.0-SNAPSHOT/hadoop-hdds-container-service-0.5.0-SNAPSHOT.jar!/webapps/static,AVAILABLE}
2019-06-14 09:59:39,260 INFO  handler.ContextHandler (ContextHandler.java:doStart(781)) - Started o.e.j.w.WebAppContext@5df7a065{/,file:///tmp/jetty-0.0.0.0-35199-hddsDatanode-_-any-8566249713527699215.dir/webapp/,AVAILABLE}{/hddsDatanode}
2019-06-14 09:59:39,263 INFO  server.AbstractConnector (AbstractConnector.java:doStart(278)) - Started ServerConnector@3f45dfec{HTTP/1.1,[http/1.1]}{0.0.0.0:35199}
2019-06-14 09:59:39,263 INFO  server.Server (Server.java:doStart(419)) - Started @17789ms
2019-06-14 09:59:39,263 INFO  server.BaseHttpServer (BaseHttpServer.java:updateConnectorAddress(207)) - HTTP server of HDDSDATANODE is listening at http://0.0.0.0:35199
2019-06-14 09:59:39,337 INFO  ozone.HddsDatanodeService (HddsDatanodeService.java:startPlugins(396)) - Started plug-in org.apache.hadoop.ozone.web.OzoneHddsDatanodeService@7a7f9d45
2019-06-14 09:59:39,337 INFO  ozone.MiniOzoneClusterImpl (MiniOzoneClusterImpl.java:lambda$waitForClusterToBeReady$0(142)) - Waiting for cluster to be ready. Got 0 of 6 DN Heartbeats.
2019-06-14 09:59:39,341 INFO  util.JvmPauseMonitor (JvmPauseMonitor.java:run(188)) - Starting JVM pause monitor
2019-06-14 09:59:39,342 INFO  datanode.InitDatanodeState (InitDatanodeState.java:persistContainerDatanodeDetails(140)) - DatanodeDetails is persisted to /opt/src/hadoop-ozone/integration-test/target/test-dir/MiniOzoneClusterImpl-91872854-c130-40f1-845e-2674cfb4b648/datanode-5/meta/datanode.id
2019-06-14 09:59:40,230 WARN  events.EventQueue (EventQueue.java:fireEvent(147)) - Processing of TypedEvent{payloadType=DatanodeDetails, name='Stale_Node'} is skipped, EventQueue is not running
2019-06-14 09:59:40,338 INFO  ozone.MiniOzoneClusterImpl (MiniOzoneClusterImpl.java:lambda$waitForClusterToBeReady$0(142)) - Waiting for cluster to be ready. Got 0 of 6 DN Heartbeats.
2019-06-14 09:59:40,531 WARN  events.EventQueue (EventQueue.java:fireEvent(147)) - Processing of TypedEvent{payloadType=DatanodeDetails, name='Stale_Node'} is skipped, EventQueue is not running
2019-06-14 09:59:40,531 WARN  events.EventQueue (EventQueue.java:fireEvent(147)) - Processing of TypedEvent{payloadType=DatanodeDetails, name='Stale_Node'} is skipped, EventQueue is not running
2019-06-14 09:59:40,531 WARN  events.EventQueue (EventQueue.java:fireEvent(147)) - Processing of TypedEvent{payloadType=DatanodeDetails, name='Stale_Node'} is skipped, EventQueue is not running
2019-06-14 09:59:40,569 INFO  ozoneimpl.OzoneContainer (OzoneContainer.java:start(186)) - Attempting to start container services.
2019-06-14 09:59:40,569 INFO  ozoneimpl.OzoneContainer (OzoneContainer.java:startContainerScrub(160)) - Background container scrubber has been disabled by hdds.containerscrub.enabled
2019-06-14 09:59:40,569 INFO  ratis.XceiverServerRatis (XceiverServerRatis.java:start(418)) - Starting XceiverServerRatis 8129c50c-9bc8-4759-a93f-44b2a72c2f6d at port 34445
2019-06-14 09:59:40,573 INFO  impl.RaftServerProxy (RaftServerProxy.java:lambda$start$3(299)) - 8129c50c-9bc8-4759-a93f-44b2a72c2f6d: start RPC server
2019-06-14 09:59:40,574 INFO  server.GrpcService (GrpcService.java:startImpl(148)) - 8129c50c-9bc8-4759-a93f-44b2a72c2f6d: GrpcService started, listening on 0.0.0.0/0.0.0.0:34445
2019-06-14 09:59:40,725 INFO  ozoneimpl.OzoneContainer (OzoneContainer.java:start(186)) - Attempting to start container services.
2019-06-14 09:59:40,725 INFO  ozoneimpl.OzoneContainer (OzoneContainer.java:startContainerScrub(160)) - Background container scrubber has been disabled by hdds.containerscrub.enabled
2019-06-14 09:59:40,726 INFO  ratis.XceiverServerRatis (XceiverServerRatis.java:start(418)) - Starting XceiverServerRatis 7270204c-9aa3-420e-9bd9-28c0ed5919e2 at port 37253
2019-06-14 09:59:40,729 INFO  impl.RaftServerProxy (RaftServerProxy.java:lambda$start$3(299)) - 7270204c-9aa3-420e-9bd9-28c0ed5919e2: start RPC server
2019-06-14 09:59:40,729 INFO  server.GrpcService (GrpcService.java:startImpl(148)) - 7270204c-9aa3-420e-9bd9-28c0ed5919e2: GrpcService started, listening on 0.0.0.0/0.0.0.0:37253
2019-06-14 09:59:40,867 INFO  ozoneimpl.OzoneContainer (OzoneContainer.java:start(186)) - Attempting to start container services.
2019-06-14 09:59:40,867 INFO  ozoneimpl.OzoneContainer (OzoneContainer.java:startContainerScrub(160)) - Background container scrubber has been disabled by hdds.containerscrub.enabled
2019-06-14 09:59:40,867 INFO  ratis.XceiverServerRatis (XceiverServerRatis.java:start(418)) - Starting XceiverServerRatis 65f1f17d-ee04-4df8-a60f-9d4d6a7e9aaf at port 45581
2019-06-14 09:59:40,871 INFO  impl.RaftServerProxy (RaftServerProxy.java:lambda$start$3(299)) - 65f1f17d-ee04-4df8-a60f-9d4d6a7e9aaf: start RPC server
2019-06-14 09:59:40,874 INFO  server.GrpcService (GrpcService.java:startImpl(148)) - 65f1f17d-ee04-4df8-a60f-9d4d6a7e9aaf: GrpcService started, listening on 0.0.0.0/0.0.0.0:45581
2019-06-14 09:59:41,033 INFO  ozoneimpl.OzoneContainer (OzoneContainer.java:start(186)) - Attempting to start container services.
2019-06-14 09:59:41,035 INFO  ozoneimpl.OzoneContainer (OzoneContainer.java:startContainerScrub(160)) - Background container scrubber has been disabled by hdds.containerscrub.enabled
2019-06-14 09:59:41,035 INFO  ratis.XceiverServerRatis (XceiverServerRatis.java:start(418)) - Starting XceiverServerRatis 1845a6e9-f26a-431d-840f-a7605bb56c56 at port 46457
2019-06-14 09:59:41,038 INFO  impl.RaftServerProxy (RaftServerProxy.java:lambda$start$3(299)) - 1845a6e9-f26a-431d-840f-a7605bb56c56: start RPC server
2019-06-14 09:59:41,038 INFO  server.GrpcService (GrpcService.java:startImpl(148)) - 1845a6e9-f26a-431d-840f-a7605bb56c56: GrpcService started, listening on 0.0.0.0/0.0.0.0:46457
2019-06-14 09:59:41,209 INFO  ozoneimpl.OzoneContainer (OzoneContainer.java:start(186)) - Attempting to start container services.
2019-06-14 09:59:41,211 INFO  ozoneimpl.OzoneContainer (OzoneContainer.java:startContainerScrub(160)) - Background container scrubber has been disabled by hdds.containerscrub.enabled
2019-06-14 09:59:41,211 INFO  ratis.XceiverServerRatis (XceiverServerRatis.java:start(418)) - Starting XceiverServerRatis e863c32a-23fa-4d35-89d2-b1387367ea81 at port 45887
2019-06-14 09:59:41,214 INFO  impl.RaftServerProxy (RaftServerProxy.java:lambda$start$3(299)) - e863c32a-23fa-4d35-89d2-b1387367ea81: start RPC server
2019-06-14 09:59:41,216 INFO  server.GrpcService (GrpcService.java:startImpl(148)) - e863c32a-23fa-4d35-89d2-b1387367ea81: GrpcService started, listening on 0.0.0.0/0.0.0.0:45887
2019-06-14 09:59:41,339 INFO  ozone.MiniOzoneClusterImpl (MiniOzoneClusterImpl.java:lambda$waitForClusterToBeReady$0(142)) - Waiting for cluster to be ready. Got 0 of 6 DN Heartbeats.
2019-06-14 09:59:41,344 INFO  ozoneimpl.OzoneContainer (OzoneContainer.java:start(186)) - Attempting to start container services.
2019-06-14 09:59:41,346 INFO  ozoneimpl.OzoneContainer (OzoneContainer.java:startContainerScrub(160)) - Background container scrubber has been disabled by hdds.containerscrub.enabled
2019-06-14 09:59:41,346 INFO  ratis.XceiverServerRatis (XceiverServerRatis.java:start(418)) - Starting XceiverServerRatis 89c164bd-7212-42b9-8fec-3ff5fbec6172 at port 35963
2019-06-14 09:59:41,355 INFO  impl.RaftServerProxy (RaftServerProxy.java:lambda$start$3(299)) - 89c164bd-7212-42b9-8fec-3ff5fbec6172: start RPC server
2019-06-14 09:59:41,355 INFO  server.GrpcService (GrpcService.java:startImpl(148)) - 89c164bd-7212-42b9-8fec-3ff5fbec6172: GrpcService started, listening on 0.0.0.0/0.0.0.0:35963
2019-06-14 09:59:42,339 INFO  ozone.MiniOzoneClusterImpl (MiniOzoneClusterImpl.java:lambda$waitForClusterToBeReady$0(142)) - Waiting for cluster to be ready. Got 0 of 6 DN Heartbeats.
2019-06-14 09:59:42,567 INFO  node.SCMNodeManager (SCMNodeManager.java:register(234)) - Registered Data node : 8129c50c-9bc8-4759-a93f-44b2a72c2f6d{ip: 192.168.105.157, host: ozone-mm759-2607770056, networkLocation: /default-rack, certSerialId: null}
2019-06-14 09:59:42,568 INFO  safemode.SCMSafeModeManager (DataNodeSafeModeRule.java:process(71)) - SCM in safe mode. 1 DataNodes registered, 1 required.
2019-06-14 09:59:42,570 INFO  safemode.SCMSafeModeManager (SCMSafeModeManager.java:validateSafeModeExitRules(177)) - ScmSafeModeManager, all rules are successfully validated
2019-06-14 09:59:42,570 INFO  safemode.SCMSafeModeManager (SCMSafeModeManager.java:exitSafeMode(193)) - SCM exiting safe mode.
2019-06-14 09:59:42,577 INFO  impl.RaftServerProxy (RaftServerProxy.java:addNew(89)) - 8129c50c-9bc8-4759-a93f-44b2a72c2f6d: addNew group-3BF56090A4F1:[8129c50c-9bc8-4759-a93f-44b2a72c2f6d:192.168.105.157:34445] returns group-3BF56090A4F1:java.util.concurrent.CompletableFuture@2d93f9e7[Not completed]
2019-06-14 09:59:42,578 INFO  impl.RaftServerImpl (RaftServerImpl.java:<init>(91)) - 8129c50c-9bc8-4759-a93f-44b2a72c2f6d: new RaftServerImpl for group-3BF56090A4F1:[8129c50c-9bc8-4759-a93f-44b2a72c2f6d:192.168.105.157:34445] with ContainerStateMachine:uninitialized
2019-06-14 09:59:42,578 INFO  server.RaftServerConfigKeys (ConfUtils.java:logGet(43)) - raft.server.rpc.timeout.min = 1s (custom)
2019-06-14 09:59:42,578 INFO  server.RaftServerConfigKeys (ConfUtils.java:logGet(43)) - raft.server.rpc.timeout.max = 1200ms (custom)
2019-06-14 09:59:42,578 INFO  server.RaftServerConfigKeys (ConfUtils.java:logGet(43)) - raft.server.rpcslowness.timeout = 120s (custom)
2019-06-14 09:59:42,578 INFO  server.RaftServerConfigKeys (ConfUtils.java:logGet(43)) - raft.server.log.appender.install.snapshot.enabled = true (default)
2019-06-14 09:59:42,578 INFO  impl.RaftServerImpl (ServerState.java:<init>(101)) - 8129c50c-9bc8-4759-a93f-44b2a72c2f6d:group-3BF56090A4F1 ConfigurationManager, init=-1: [8129c50c-9bc8-4759-a93f-44b2a72c2f6d:192.168.105.157:34445], old=null, confs=<EMPTY_MAP>
2019-06-14 09:59:42,578 INFO  server.RaftServerConfigKeys (ConfUtils.java:logGet(43)) - raft.server.storage.dir = [/opt/src/hadoop-ozone/integration-test/target/test-dir/MiniOzoneClusterImpl-91872854-c130-40f1-845e-2674cfb4b648/datanode-0/data/ratis] (custom)
2019-06-14 09:59:42,579 INFO  storage.RaftStorageDirectory (RaftStorageDirectory.java:analyzeStorage(246)) - The storage directory /opt/src/hadoop-ozone/integration-test/target/test-dir/MiniOzoneClusterImpl-91872854-c130-40f1-845e-2674cfb4b648/datanode-0/data/ratis/0296b7df-e0a4-4fc9-a2cd-3bf56090a4f1 does not exist. Creating ...
2019-06-14 09:59:42,581 INFO  storage.RaftStorageDirectory (RaftStorageDirectory.java:tryLock(328)) - Lock on /opt/src/hadoop-ozone/integration-test/target/test-dir/MiniOzoneClusterImpl-91872854-c130-40f1-845e-2674cfb4b648/datanode-0/data/ratis/0296b7df-e0a4-4fc9-a2cd-3bf56090a4f1/in_use.lock acquired by nodename 13879@ozone-mm759-2607770056
2019-06-14 09:59:42,583 INFO  storage.RaftStorage (RaftStorage.java:format(75)) - Storage directory /opt/src/hadoop-ozone/integration-test/target/test-dir/MiniOzoneClusterImpl-91872854-c130-40f1-845e-2674cfb4b648/datanode-0/data/ratis/0296b7df-e0a4-4fc9-a2cd-3bf56090a4f1 has been successfully formatted.
2019-06-14 09:59:42,583 INFO  ratis.ContainerStateMachine (ContainerStateMachine.java:loadSnapshot(199)) - The snapshot info is null.Setting the last applied index to:(t:0, i:~)
2019-06-14 09:59:42,583 INFO  server.RaftServerConfigKeys (ConfUtils.java:logGet(43)) - raft.server.leader.election.timeout = 120s (custom)
2019-06-14 09:59:42,583 INFO  server.RaftServerConfigKeys (ConfUtils.java:logGet(43)) - raft.server.log.use.memory = false (default)
2019-06-14 09:59:42,583 INFO  server.RaftServerConfigKeys (ConfUtils.java:logGet(43)) - raft.server.log.appender.buffer.byte-limit = 33554432 (custom)
2019-06-14 09:59:42,584 INFO  server.RaftServerConfigKeys (ConfUtils.java:logGet(43)) - raft.server.log.segment.size.max = 16384 (custom)
2019-06-14 09:59:42,584 INFO  server.RaftServerConfigKeys (ConfUtils.java:logGet(43)) - raft.server.log.segment.cache.num.max = 2 (custom)
2019-06-14 09:59:42,584 INFO  storage.RaftLogWorker (RaftLogWorker.java:<init>(123)) - new 8129c50c-9bc8-4759-a93f-44b2a72c2f6d-RaftLogWorker for Storage Directory /opt/src/hadoop-ozone/integration-test/target/test-dir/MiniOzoneClusterImpl-91872854-c130-40f1-845e-2674cfb4b648/datanode-0/data/ratis/0296b7df-e0a4-4fc9-a2cd-3bf56090a4f1
2019-06-14 09:59:42,584 INFO  server.RaftServerConfigKeys (ConfUtils.java:logGet(43)) - raft.server.log.queue.byte-limit = 2147483647 (custom)
2019-06-14 09:59:42,584 INFO  server.RaftServerConfigKeys (ConfUtils.java:logGet(43)) - raft.server.log.queue.element-limit = 1024 (custom)
2019-06-14 09:59:42,584 INFO  server.RaftServerConfigKeys (ConfUtils.java:logGet(43)) - raft.server.log.segment.size.max = 16384 (custom)
2019-06-14 09:59:42,584 INFO  server.RaftServerConfigKeys (ConfUtils.java:logGet(43)) - raft.server.log.preallocated.size = 16384 (custom)
2019-06-14 09:59:42,584 INFO  server.RaftServerConfigKeys (ConfUtils.java:logGet(43)) - raft.server.log.write.buffer.size = 33554432 (custom)
2019-06-14 09:59:42,584 INFO  server.RaftServerConfigKeys (ConfUtils.java:logGet(43)) - raft.server.log.force.sync.num = 128 (default)
2019-06-14 09:59:42,584 INFO  server.RaftServerConfigKeys (ConfUtils.java:logGet(43)) - raft.server.log.statemachine.data.sync = true (default)
2019-06-14 09:59:42,584 INFO  server.RaftServerConfigKeys (ConfUtils.java:logGet(43)) - raft.server.log.statemachine.data.sync.timeout = 10s (default)
2019-06-14 09:59:42,584 INFO  server.RaftServerConfigKeys (ConfUtils.java:logGet(43)) - raft.server.log.statemachine.data.sync.timeout.retry = -1 (default)
2019-06-14 09:59:42,584 INFO  server.RaftServerConfigKeys (ConfUtils.java:logGet(43)) - raft.server.log.statemachine.data.caching.enabled = true (custom)
2019-06-14 09:59:42,585 INFO  server.RaftServerConfigKeys (ConfUtils.java:logGet(43)) - raft.server.snapshot.auto.trigger.enabled = true (custom)
2019-06-14 09:59:42,585 INFO  server.RaftServerConfigKeys (ConfUtils.java:logGet(43)) - raft.server.snapshot.auto.trigger.threshold = 10000 (custom)
2019-06-14 09:59:42,585 INFO  server.RaftServerConfigKeys (ConfUtils.java:logGet(43)) - raft.server.retrycache.expirytime = 600000ms (custom)
2019-06-14 09:59:42,585 INFO  impl.RaftServerImpl (RaftServerImpl.java:start(173)) - 8129c50c-9bc8-4759-a93f-44b2a72c2f6d: start group-3BF56090A4F1
2019-06-14 09:59:42,585 INFO  impl.RaftServerImpl (RaftServerImpl.java:setRole(164)) - 8129c50c-9bc8-4759-a93f-44b2a72c2f6d:group-3BF56090A4F1 changes role from null to FOLLOWER at term 0 for startAsFollower
2019-06-14 09:59:42,585 INFO  impl.RoleInfo (RoleInfo.java:updateAndGet(143)) - 8129c50c-9bc8-4759-a93f-44b2a72c2f6d: start FollowerState
2019-06-14 09:59:42,585 INFO  util.JmxRegister (JmxRegister.java:tryRegister(44)) - Successfully registered JMX Bean with object name Ratis:service=RaftServer,group=group-3BF56090A4F1,id=8129c50c-9bc8-4759-a93f-44b2a72c2f6d
2019-06-14 09:59:42,588 INFO  pipeline.PipelineStateManager (PipelineStateManager.java:addPipeline(56)) - Created pipeline Pipeline[ Id: 0296b7df-e0a4-4fc9-a2cd-3bf56090a4f1, Nodes: 8129c50c-9bc8-4759-a93f-44b2a72c2f6d{ip: 192.168.105.157, host: ozone-mm759-2607770056, networkLocation: /default-rack, certSerialId: null}, Type:RATIS, Factor:ONE, State:OPEN]
2019-06-14 09:59:42,723 INFO  node.SCMNodeManager (SCMNodeManager.java:register(234)) - Registered Data node : 7270204c-9aa3-420e-9bd9-28c0ed5919e2{ip: 192.168.105.157, host: ozone-mm759-2607770056, networkLocation: /default-rack, certSerialId: null}
2019-06-14 09:59:42,731 INFO  impl.RaftServerProxy (RaftServerProxy.java:addNew(89)) - 7270204c-9aa3-420e-9bd9-28c0ed5919e2: addNew group-1E827A73454A:[7270204c-9aa3-420e-9bd9-28c0ed5919e2:192.168.105.157:37253] returns group-1E827A73454A:java.util.concurrent.CompletableFuture@10809d34[Not completed]
2019-06-14 09:59:42,732 INFO  impl.RaftServerImpl (RaftServerImpl.java:<init>(91)) - 7270204c-9aa3-420e-9bd9-28c0ed5919e2: new RaftServerImpl for group-1E827A73454A:[7270204c-9aa3-420e-9bd9-28c0ed5919e2:192.168.105.157:37253] with ContainerStateMachine:uninitialized
2019-06-14 09:59:42,732 INFO  server.RaftServerConfigKeys (ConfUtils.java:logGet(43)) - raft.server.rpc.timeout.min = 1s (custom)
2019-06-14 09:59:42,732 INFO  server.RaftServerConfigKeys (ConfUtils.java:logGet(43)) - raft.server.rpc.timeout.max = 1200ms (custom)
2019-06-14 09:59:42,733 INFO  server.RaftServerConfigKeys (ConfUtils.java:logGet(43)) - raft.server.rpcslowness.timeout = 120s (custom)
2019-06-14 09:59:42,733 INFO  server.RaftServerConfigKeys (ConfUtils.java:logGet(43)) - raft.server.log.appender.install.snapshot.enabled = true (default)
2019-06-14 09:59:42,733 INFO  impl.RaftServerImpl (ServerState.java:<init>(101)) - 7270204c-9aa3-420e-9bd9-28c0ed5919e2:group-1E827A73454A ConfigurationManager, init=-1: [7270204c-9aa3-420e-9bd9-28c0ed5919e2:192.168.105.157:37253], old=null, confs=<EMPTY_MAP>
2019-06-14 09:59:42,733 INFO  server.RaftServerConfigKeys (ConfUtils.java:logGet(43)) - raft.server.storage.dir = [/opt/src/hadoop-ozone/integration-test/target/test-dir/MiniOzoneClusterImpl-91872854-c130-40f1-845e-2674cfb4b648/datanode-1/data/ratis] (custom)
2019-06-14 09:59:42,733 INFO  storage.RaftStorageDirectory (RaftStorageDirectory.java:analyzeStorage(246)) - The storage directory /opt/src/hadoop-ozone/integration-test/target/test-dir/MiniOzoneClusterImpl-91872854-c130-40f1-845e-2674cfb4b648/datanode-1/data/ratis/5d3c8c04-cf39-4ebb-ba53-1e827a73454a does not exist. Creating ...
2019-06-14 09:59:42,735 INFO  storage.RaftStorageDirectory (RaftStorageDirectory.java:tryLock(328)) - Lock on /opt/src/hadoop-ozone/integration-test/target/test-dir/MiniOzoneClusterImpl-91872854-c130-40f1-845e-2674cfb4b648/datanode-1/data/ratis/5d3c8c04-cf39-4ebb-ba53-1e827a73454a/in_use.lock acquired by nodename 13879@ozone-mm759-2607770056
2019-06-14 09:59:42,738 INFO  storage.RaftStorage (RaftStorage.java:format(75)) - Storage directory /opt/src/hadoop-ozone/integration-test/target/test-dir/MiniOzoneClusterImpl-91872854-c130-40f1-845e-2674cfb4b648/datanode-1/data/ratis/5d3c8c04-cf39-4ebb-ba53-1e827a73454a has been successfully formatted.
2019-06-14 09:59:42,738 INFO  ratis.ContainerStateMachine (ContainerStateMachine.java:loadSnapshot(199)) - The snapshot info is null.Setting the last applied index to:(t:0, i:~)
2019-06-14 09:59:42,738 INFO  server.RaftServerConfigKeys (ConfUtils.java:logGet(43)) - raft.server.leader.election.timeout = 120s (custom)
2019-06-14 09:59:42,738 INFO  server.RaftServerConfigKeys (ConfUtils.java:logGet(43)) - raft.server.log.use.memory = false (default)
2019-06-14 09:59:42,738 INFO  server.RaftServerConfigKeys (ConfUtils.java:logGet(43)) - raft.server.log.appender.buffer.byte-limit = 33554432 (custom)
2019-06-14 09:59:42,738 INFO  server.RaftServerConfigKeys (ConfUtils.java:logGet(43)) - raft.server.log.segment.size.max = 16384 (custom)
2019-06-14 09:59:42,738 INFO  server.RaftServerConfigKeys (ConfUtils.java:logGet(43)) - raft.server.log.segment.cache.num.max = 2 (custom)
2019-06-14 09:59:42,738 INFO  storage.RaftLogWorker (RaftLogWorker.java:<init>(123)) - new 7270204c-9aa3-420e-9bd9-28c0ed5919e2-RaftLogWorker for Storage Directory /opt/src/hadoop-ozone/integration-test/target/test-dir/MiniOzoneClusterImpl-91872854-c130-40f1-845e-2674cfb4b648/datanode-1/data/ratis/5d3c8c04-cf39-4ebb-ba53-1e827a73454a
2019-06-14 09:59:42,738 INFO  server.RaftServerConfigKeys (ConfUtils.java:logGet(43)) - raft.server.log.queue.byte-limit = 2147483647 (custom)
2019-06-14 09:59:42,738 INFO  server.RaftServerConfigKeys (ConfUtils.java:logGet(43)) - raft.server.log.queue.element-limit = 1024 (custom)
2019-06-14 09:59:42,738 INFO  server.RaftServerConfigKeys (ConfUtils.java:logGet(43)) - raft.server.log.segment.size.max = 16384 (custom)
2019-06-14 09:59:42,738 INFO  server.RaftServerConfigKeys (ConfUtils.java:logGet(43)) - raft.server.log.preallocated.size = 16384 (custom)
2019-06-14 09:59:42,738 INFO  server.RaftServerConfigKeys (ConfUtils.java:logGet(43)) - raft.server.log.write.buffer.size = 33554432 (custom)
2019-06-14 09:59:42,739 INFO  server.RaftServerConfigKeys (ConfUtils.java:logGet(43)) - raft.server.log.force.sync.num = 128 (default)
2019-06-14 09:59:42,739 INFO  server.RaftServerConfigKeys (ConfUtils.java:logGet(43)) - raft.server.log.statemachine.data.sync = true (default)
2019-06-14 09:59:42,739 INFO  server.RaftServerConfigKeys (ConfUtils.java:logGet(43)) - raft.server.log.statemachine.data.sync.timeout = 10s (default)
2019-06-14 09:59:42,739 INFO  server.RaftServerConfigKeys (ConfUtils.java:logGet(43)) - raft.server.log.statemachine.data.sync.timeout.retry = -1 (default)
2019-06-14 09:59:42,739 INFO  server.RaftServerConfigKeys (ConfUtils.java:logGet(43)) - raft.server.log.statemachine.data.caching.enabled = true (custom)
2019-06-14 09:59:42,739 INFO  server.RaftServerConfigKeys (ConfUtils.java:logGet(43)) - raft.server.snapshot.auto.trigger.enabled = true (custom)
2019-06-14 09:59:42,739 INFO  server.RaftServerConfigKeys (ConfUtils.java:logGet(43)) - raft.server.snapshot.auto.trigger.threshold = 10000 (custom)
2019-06-14 09:59:42,739 INFO  server.RaftServerConfigKeys (ConfUtils.java:logGet(43)) - raft.server.retrycache.expirytime = 600000ms (custom)
2019-06-14 09:59:42,739 INFO  impl.RaftServerImpl (RaftServerImpl.java:start(173)) - 7270204c-9aa3-420e-9bd9-28c0ed5919e2: start group-1E827A73454A
2019-06-14 09:59:42,739 INFO  impl.RaftServerImpl (RaftServerImpl.java:setRole(164)) - 7270204c-9aa3-420e-9bd9-28c0ed5919e2:group-1E827A73454A changes role from null to FOLLOWER at term 0 for startAsFollower
2019-06-14 09:59:42,740 INFO  impl.RoleInfo (RoleInfo.java:updateAndGet(143)) - 7270204c-9aa3-420e-9bd9-28c0ed5919e2: start FollowerState
2019-06-14 09:59:42,740 INFO  util.JmxRegister (JmxRegister.java:tryRegister(44)) - Successfully registered JMX Bean with object name Ratis:service=RaftServer,group=group-1E827A73454A,id=7270204c-9aa3-420e-9bd9-28c0ed5919e2
2019-06-14 09:59:42,742 INFO  pipeline.PipelineStateManager (PipelineStateManager.java:addPipeline(56)) - Created pipeline Pipeline[ Id: 5d3c8c04-cf39-4ebb-ba53-1e827a73454a, Nodes: 7270204c-9aa3-420e-9bd9-28c0ed5919e2{ip: 192.168.105.157, host: ozone-mm759-2607770056, networkLocation: /default-rack, certSerialId: null}, Type:RATIS, Factor:ONE, State:OPEN]
2019-06-14 09:59:42,864 INFO  node.SCMNodeManager (SCMNodeManager.java:register(234)) - Registered Data node : 65f1f17d-ee04-4df8-a60f-9d4d6a7e9aaf{ip: 192.168.105.157, host: ozone-mm759-2607770056, networkLocation: /default-rack, certSerialId: null}
2019-06-14 09:59:42,871 INFO  impl.RaftServerProxy (RaftServerProxy.java:addNew(89)) - 65f1f17d-ee04-4df8-a60f-9d4d6a7e9aaf: addNew group-287FBCFADA64:[65f1f17d-ee04-4df8-a60f-9d4d6a7e9aaf:192.168.105.157:45581] returns group-287FBCFADA64:java.util.concurrent.CompletableFuture@22609431[Not completed]
2019-06-14 09:59:42,872 INFO  impl.RaftServerImpl (RaftServerImpl.java:<init>(91)) - 65f1f17d-ee04-4df8-a60f-9d4d6a7e9aaf: new RaftServerImpl for group-287FBCFADA64:[65f1f17d-ee04-4df8-a60f-9d4d6a7e9aaf:192.168.105.157:45581] with ContainerStateMachine:uninitialized
2019-06-14 09:59:42,872 INFO  server.RaftServerConfigKeys (ConfUtils.java:logGet(43)) - raft.server.rpc.timeout.min = 1s (custom)
2019-06-14 09:59:42,872 INFO  server.RaftServerConfigKeys (ConfUtils.java:logGet(43)) - raft.server.rpc.timeout.max = 1200ms (custom)
2019-06-14 09:59:42,872 INFO  server.RaftServerConfigKeys (ConfUtils.java:logGet(43)) - raft.server.rpcslowness.timeout = 120s (custom)
2019-06-14 09:59:42,872 INFO  server.RaftServerConfigKeys (ConfUtils.java:logGet(43)) - raft.server.log.appender.install.snapshot.enabled = true (default)
2019-06-14 09:59:42,872 INFO  impl.RaftServerImpl (ServerState.java:<init>(101)) - 65f1f17d-ee04-4df8-a60f-9d4d6a7e9aaf:group-287FBCFADA64 ConfigurationManager, init=-1: [65f1f17d-ee04-4df8-a60f-9d4d6a7e9aaf:192.168.105.157:45581], old=null, confs=<EMPTY_MAP>
2019-06-14 09:59:42,872 INFO  server.RaftServerConfigKeys (ConfUtils.java:logGet(43)) - raft.server.storage.dir = [/opt/src/hadoop-ozone/integration-test/target/test-dir/MiniOzoneClusterImpl-91872854-c130-40f1-845e-2674cfb4b648/datanode-2/data/ratis] (custom)
2019-06-14 09:59:42,872 INFO  storage.RaftStorageDirectory (RaftStorageDirectory.java:analyzeStorage(246)) - The storage directory /opt/src/hadoop-ozone/integration-test/target/test-dir/MiniOzoneClusterImpl-91872854-c130-40f1-845e-2674cfb4b648/datanode-2/data/ratis/ca32f2b2-1575-4556-871b-287fbcfada64 does not exist. Creating ...
2019-06-14 09:59:42,874 INFO  storage.RaftStorageDirectory (RaftStorageDirectory.java:tryLock(328)) - Lock on /opt/src/hadoop-ozone/integration-test/target/test-dir/MiniOzoneClusterImpl-91872854-c130-40f1-845e-2674cfb4b648/datanode-2/data/ratis/ca32f2b2-1575-4556-871b-287fbcfada64/in_use.lock acquired by nodename 13879@ozone-mm759-2607770056
2019-06-14 09:59:42,877 INFO  storage.RaftStorage (RaftStorage.java:format(75)) - Storage directory /opt/src/hadoop-ozone/integration-test/target/test-dir/MiniOzoneClusterImpl-91872854-c130-40f1-845e-2674cfb4b648/datanode-2/data/ratis/ca32f2b2-1575-4556-871b-287fbcfada64 has been successfully formatted.
2019-06-14 09:59:42,877 INFO  ratis.ContainerStateMachine (ContainerStateMachine.java:loadSnapshot(199)) - The snapshot info is null.Setting the last applied index to:(t:0, i:~)
2019-06-14 09:59:42,877 INFO  server.RaftServerConfigKeys (ConfUtils.java:logGet(43)) - raft.server.leader.election.timeout = 120s (custom)
2019-06-14 09:59:42,877 INFO  server.RaftServerConfigKeys (ConfUtils.java:logGet(43)) - raft.server.log.use.memory = false (default)
2019-06-14 09:59:42,877 INFO  server.RaftServerConfigKeys (ConfUtils.java:logGet(43)) - raft.server.log.appender.buffer.byte-limit = 33554432 (custom)
2019-06-14 09:59:42,877 INFO  server.RaftServerConfigKeys (ConfUtils.java:logGet(43)) - raft.server.log.segment.size.max = 16384 (custom)
2019-06-14 09:59:42,877 INFO  server.RaftServerConfigKeys (ConfUtils.java:logGet(43)) - raft.server.log.segment.cache.num.max = 2 (custom)
2019-06-14 09:59:42,877 INFO  storage.RaftLogWorker (RaftLogWorker.java:<init>(123)) - new 65f1f17d-ee04-4df8-a60f-9d4d6a7e9aaf-RaftLogWorker for Storage Directory /opt/src/hadoop-ozone/integration-test/target/test-dir/MiniOzoneClusterImpl-91872854-c130-40f1-845e-2674cfb4b648/datanode-2/data/ratis/ca32f2b2-1575-4556-871b-287fbcfada64
2019-06-14 09:59:42,877 INFO  server.RaftServerConfigKeys (ConfUtils.java:logGet(43)) - raft.server.log.queue.byte-limit = 2147483647 (custom)
2019-06-14 09:59:42,877 INFO  server.RaftServerConfigKeys (ConfUtils.java:logGet(43)) - raft.server.log.queue.element-limit = 1024 (custom)
2019-06-14 09:59:42,877 INFO  server.RaftServerConfigKeys (ConfUtils.java:logGet(43)) - raft.server.log.segment.size.max = 16384 (custom)
2019-06-14 09:59:42,878 INFO  server.RaftServerConfigKeys (ConfUtils.java:logGet(43)) - raft.server.log.preallocated.size = 16384 (custom)
2019-06-14 09:59:42,878 INFO  server.RaftServerConfigKeys (ConfUtils.java:logGet(43)) - raft.server.log.write.buffer.size = 33554432 (custom)
2019-06-14 09:59:42,878 INFO  server.RaftServerConfigKeys (ConfUtils.java:logGet(43)) - raft.server.log.force.sync.num = 128 (default)
2019-06-14 09:59:42,878 INFO  server.RaftServerConfigKeys (ConfUtils.java:logGet(43)) - raft.server.log.statemachine.data.sync = true (default)
2019-06-14 09:59:42,878 INFO  server.RaftServerConfigKeys (ConfUtils.java:logGet(43)) - raft.server.log.statemachine.data.sync.timeout = 10s (default)
2019-06-14 09:59:42,878 INFO  server.RaftServerConfigKeys (ConfUtils.java:logGet(43)) - raft.server.log.statemachine.data.sync.timeout.retry = -1 (default)
2019-06-14 09:59:42,878 INFO  server.RaftServerConfigKeys (ConfUtils.java:logGet(43)) - raft.server.log.statemachine.data.caching.enabled = true (custom)
2019-06-14 09:59:42,878 INFO  server.RaftServerConfigKeys (ConfUtils.java:logGet(43)) - raft.server.snapshot.auto.trigger.enabled = true (custom)
2019-06-14 09:59:42,879 INFO  server.RaftServerConfigKeys (ConfUtils.java:logGet(43)) - raft.server.snapshot.auto.trigger.threshold = 10000 (custom)
2019-06-14 09:59:42,879 INFO  server.RaftServerConfigKeys (ConfUtils.java:logGet(43)) - raft.server.retrycache.expirytime = 600000ms (custom)
2019-06-14 09:59:42,879 INFO  impl.RaftServerImpl (RaftServerImpl.java:start(173)) - 65f1f17d-ee04-4df8-a60f-9d4d6a7e9aaf: start group-287FBCFADA64
2019-06-14 09:59:42,879 INFO  impl.RaftServerImpl (RaftServerImpl.java:setRole(164)) - 65f1f17d-ee04-4df8-a60f-9d4d6a7e9aaf:group-287FBCFADA64 changes role from null to FOLLOWER at term 0 for startAsFollower
2019-06-14 09:59:42,879 INFO  impl.RoleInfo (RoleInfo.java:updateAndGet(143)) - 65f1f17d-ee04-4df8-a60f-9d4d6a7e9aaf: start FollowerState
2019-06-14 09:59:42,879 INFO  util.JmxRegister (JmxRegister.java:tryRegister(44)) - Successfully registered JMX Bean with object name Ratis:service=RaftServer,group=group-287FBCFADA64,id=65f1f17d-ee04-4df8-a60f-9d4d6a7e9aaf
2019-06-14 09:59:42,881 INFO  pipeline.PipelineStateManager (PipelineStateManager.java:addPipeline(56)) - Created pipeline Pipeline[ Id: ca32f2b2-1575-4556-871b-287fbcfada64, Nodes: 65f1f17d-ee04-4df8-a60f-9d4d6a7e9aaf{ip: 192.168.105.157, host: ozone-mm759-2607770056, networkLocation: /default-rack, certSerialId: null}, Type:RATIS, Factor:ONE, State:OPEN]
2019-06-14 09:59:42,888 INFO  impl.RaftServerProxy (RaftServerProxy.java:addNew(89)) - 65f1f17d-ee04-4df8-a60f-9d4d6a7e9aaf: addNew group-0B3A641D9B57:[65f1f17d-ee04-4df8-a60f-9d4d6a7e9aaf:192.168.105.157:45581, 7270204c-9aa3-420e-9bd9-28c0ed5919e2:192.168.105.157:37253, 8129c50c-9bc8-4759-a93f-44b2a72c2f6d:192.168.105.157:34445] returns group-0B3A641D9B57:java.util.concurrent.CompletableFuture@64b12ea7[Not completed]
2019-06-14 09:59:42,889 INFO  impl.RaftServerImpl (RaftServerImpl.java:<init>(91)) - 65f1f17d-ee04-4df8-a60f-9d4d6a7e9aaf: new RaftServerImpl for group-0B3A641D9B57:[65f1f17d-ee04-4df8-a60f-9d4d6a7e9aaf:192.168.105.157:45581, 7270204c-9aa3-420e-9bd9-28c0ed5919e2:192.168.105.157:37253, 8129c50c-9bc8-4759-a93f-44b2a72c2f6d:192.168.105.157:34445] with ContainerStateMachine:uninitialized
2019-06-14 09:59:42,889 INFO  server.RaftServerConfigKeys (ConfUtils.java:logGet(43)) - raft.server.rpc.timeout.min = 1s (custom)
2019-06-14 09:59:42,889 INFO  server.RaftServerConfigKeys (ConfUtils.java:logGet(43)) - raft.server.rpc.timeout.max = 1200ms (custom)
2019-06-14 09:59:42,889 INFO  server.RaftServerConfigKeys (ConfUtils.java:logGet(43)) - raft.server.rpcslowness.timeout = 120s (custom)
2019-06-14 09:59:42,889 INFO  server.RaftServerConfigKeys (ConfUtils.java:logGet(43)) - raft.server.log.appender.install.snapshot.enabled = true (default)
2019-06-14 09:59:42,890 INFO  impl.RaftServerImpl (ServerState.java:<init>(101)) - 65f1f17d-ee04-4df8-a60f-9d4d6a7e9aaf:group-0B3A641D9B57 ConfigurationManager, init=-1: [65f1f17d-ee04-4df8-a60f-9d4d6a7e9aaf:192.168.105.157:45581, 7270204c-9aa3-420e-9bd9-28c0ed5919e2:192.168.105.157:37253, 8129c50c-9bc8-4759-a93f-44b2a72c2f6d:192.168.105.157:34445], old=null, confs=<EMPTY_MAP>
2019-06-14 09:59:42,890 INFO  server.RaftServerConfigKeys (ConfUtils.java:logGet(43)) - raft.server.storage.dir = [/opt/src/hadoop-ozone/integration-test/target/test-dir/MiniOzoneClusterImpl-91872854-c130-40f1-845e-2674cfb4b648/datanode-2/data/ratis] (custom)
2019-06-14 09:59:42,891 INFO  storage.RaftStorageDirectory (RaftStorageDirectory.java:analyzeStorage(246)) - The storage directory /opt/src/hadoop-ozone/integration-test/target/test-dir/MiniOzoneClusterImpl-91872854-c130-40f1-845e-2674cfb4b648/datanode-2/data/ratis/63fcd72b-05e0-4ac5-8d49-0b3a641d9b57 does not exist. Creating ...
2019-06-14 09:59:42,893 INFO  storage.RaftStorageDirectory (RaftStorageDirectory.java:tryLock(328)) - Lock on /opt/src/hadoop-ozone/integration-test/target/test-dir/MiniOzoneClusterImpl-91872854-c130-40f1-845e-2674cfb4b648/datanode-2/data/ratis/63fcd72b-05e0-4ac5-8d49-0b3a641d9b57/in_use.lock acquired by nodename 13879@ozone-mm759-2607770056
2019-06-14 09:59:42,893 INFO  impl.RaftServerProxy (RaftServerProxy.java:addNew(89)) - 7270204c-9aa3-420e-9bd9-28c0ed5919e2: addNew group-0B3A641D9B57:[65f1f17d-ee04-4df8-a60f-9d4d6a7e9aaf:192.168.105.157:45581, 7270204c-9aa3-420e-9bd9-28c0ed5919e2:192.168.105.157:37253, 8129c50c-9bc8-4759-a93f-44b2a72c2f6d:192.168.105.157:34445] returns group-0B3A641D9B57:java.util.concurrent.CompletableFuture@3464abaa[Not completed]
2019-06-14 09:59:42,894 INFO  impl.RaftServerImpl (RaftServerImpl.java:<init>(91)) - 7270204c-9aa3-420e-9bd9-28c0ed5919e2: new RaftServerImpl for group-0B3A641D9B57:[65f1f17d-ee04-4df8-a60f-9d4d6a7e9aaf:192.168.105.157:45581, 7270204c-9aa3-420e-9bd9-28c0ed5919e2:192.168.105.157:37253, 8129c50c-9bc8-4759-a93f-44b2a72c2f6d:192.168.105.157:34445] with ContainerStateMachine:uninitialized
2019-06-14 09:59:42,894 INFO  server.RaftServerConfigKeys (ConfUtils.java:logGet(43)) - raft.server.rpc.timeout.min = 1s (custom)
2019-06-14 09:59:42,894 INFO  server.RaftServerConfigKeys (ConfUtils.java:logGet(43)) - raft.server.rpc.timeout.max = 1200ms (custom)
2019-06-14 09:59:42,894 INFO  server.RaftServerConfigKeys (ConfUtils.java:logGet(43)) - raft.server.rpcslowness.timeout = 120s (custom)
2019-06-14 09:59:42,894 INFO  server.RaftServerConfigKeys (ConfUtils.java:logGet(43)) - raft.server.log.appender.install.snapshot.enabled = true (default)
2019-06-14 09:59:42,894 INFO  impl.RaftServerImpl (ServerState.java:<init>(101)) - 7270204c-9aa3-420e-9bd9-28c0ed5919e2:group-0B3A641D9B57 ConfigurationManager, init=-1: [65f1f17d-ee04-4df8-a60f-9d4d6a7e9aaf:192.168.105.157:45581, 7270204c-9aa3-420e-9bd9-28c0ed5919e2:192.168.105.157:37253, 8129c50c-9bc8-4759-a93f-44b2a72c2f6d:192.168.105.157:34445], old=null, confs=<EMPTY_MAP>
2019-06-14 09:59:42,894 INFO  server.RaftServerConfigKeys (ConfUtils.java:logGet(43)) - raft.server.storage.dir = [/opt/src/hadoop-ozone/integration-test/target/test-dir/MiniOzoneClusterImpl-91872854-c130-40f1-845e-2674cfb4b648/datanode-1/data/ratis] (custom)
2019-06-14 09:59:42,894 INFO  storage.RaftStorageDirectory (RaftStorageDirectory.java:analyzeStorage(246)) - The storage directory /opt/src/hadoop-ozone/integration-test/target/test-dir/MiniOzoneClusterImpl-91872854-c130-40f1-845e-2674cfb4b648/datanode-1/data/ratis/63fcd72b-05e0-4ac5-8d49-0b3a641d9b57 does not exist. Creating ...
2019-06-14 09:59:42,895 INFO  storage.RaftStorage (RaftStorage.java:format(75)) - Storage directory /opt/src/hadoop-ozone/integration-test/target/test-dir/MiniOzoneClusterImpl-91872854-c130-40f1-845e-2674cfb4b648/datanode-2/data/ratis/63fcd72b-05e0-4ac5-8d49-0b3a641d9b57 has been successfully formatted.
2019-06-14 09:59:42,895 INFO  ratis.ContainerStateMachine (ContainerStateMachine.java:loadSnapshot(199)) - The snapshot info is null.Setting the last applied index to:(t:0, i:~)
2019-06-14 09:59:42,895 INFO  server.RaftServerConfigKeys (ConfUtils.java:logGet(43)) - raft.server.leader.election.timeout = 120s (custom)
2019-06-14 09:59:42,895 INFO  server.RaftServerConfigKeys (ConfUtils.java:logGet(43)) - raft.server.log.use.memory = false (default)
2019-06-14 09:59:42,896 INFO  server.RaftServerConfigKeys (ConfUtils.java:logGet(43)) - raft.server.log.appender.buffer.byte-limit = 33554432 (custom)
2019-06-14 09:59:42,896 INFO  server.RaftServerConfigKeys (ConfUtils.java:logGet(43)) - raft.server.log.segment.size.max = 16384 (custom)
2019-06-14 09:59:42,896 INFO  server.RaftServerConfigKeys (ConfUtils.java:logGet(43)) - raft.server.log.segment.cache.num.max = 2 (custom)
2019-06-14 09:59:42,896 INFO  storage.RaftLogWorker (RaftLogWorker.java:<init>(123)) - new 65f1f17d-ee04-4df8-a60f-9d4d6a7e9aaf-RaftLogWorker for Storage Directory /opt/src/hadoop-ozone/integration-test/target/test-dir/MiniOzoneClusterImpl-91872854-c130-40f1-845e-2674cfb4b648/datanode-2/data/ratis/63fcd72b-05e0-4ac5-8d49-0b3a641d9b57
2019-06-14 09:59:42,896 INFO  server.RaftServerConfigKeys (ConfUtils.java:logGet(43)) - raft.server.log.queue.byte-limit = 2147483647 (custom)
2019-06-14 09:59:42,896 INFO  server.RaftServerConfigKeys (ConfUtils.java:logGet(43)) - raft.server.log.queue.element-limit = 1024 (custom)
2019-06-14 09:59:42,897 INFO  storage.RaftStorageDirectory (RaftStorageDirectory.java:tryLock(328)) - Lock on /opt/src/hadoop-ozone/integration-test/target/test-dir/MiniOzoneClusterImpl-91872854-c130-40f1-845e-2674cfb4b648/datanode-1/data/ratis/63fcd72b-05e0-4ac5-8d49-0b3a641d9b57/in_use.lock acquired by nodename 13879@ozone-mm759-2607770056
2019-06-14 09:59:42,897 INFO  impl.RaftServerProxy (RaftServerProxy.java:addNew(89)) - 8129c50c-9bc8-4759-a93f-44b2a72c2f6d: addNew group-0B3A641D9B57:[65f1f17d-ee04-4df8-a60f-9d4d6a7e9aaf:192.168.105.157:45581, 7270204c-9aa3-420e-9bd9-28c0ed5919e2:192.168.105.157:37253, 8129c50c-9bc8-4759-a93f-44b2a72c2f6d:192.168.105.157:34445] returns group-0B3A641D9B57:java.util.concurrent.CompletableFuture@ef122cf[Not completed]
2019-06-14 09:59:42,897 INFO  server.RaftServerConfigKeys (ConfUtils.java:logGet(43)) - raft.server.log.segment.size.max = 16384 (custom)
2019-06-14 09:59:42,897 INFO  server.RaftServerConfigKeys (ConfUtils.java:logGet(43)) - raft.server.log.preallocated.size = 16384 (custom)
2019-06-14 09:59:42,897 INFO  server.RaftServerConfigKeys (ConfUtils.java:logGet(43)) - raft.server.log.write.buffer.size = 33554432 (custom)
2019-06-14 09:59:42,897 INFO  server.RaftServerConfigKeys (ConfUtils.java:logGet(43)) - raft.server.log.force.sync.num = 128 (default)
2019-06-14 09:59:42,897 INFO  impl.RaftServerImpl (RaftServerImpl.java:<init>(91)) - 8129c50c-9bc8-4759-a93f-44b2a72c2f6d: new RaftServerImpl for group-0B3A641D9B57:[65f1f17d-ee04-4df8-a60f-9d4d6a7e9aaf:192.168.105.157:45581, 7270204c-9aa3-420e-9bd9-28c0ed5919e2:192.168.105.157:37253, 8129c50c-9bc8-4759-a93f-44b2a72c2f6d:192.168.105.157:34445] with ContainerStateMachine:uninitialized
2019-06-14 09:59:42,898 INFO  server.RaftServerConfigKeys (ConfUtils.java:logGet(43)) - raft.server.log.statemachine.data.sync = true (default)
2019-06-14 09:59:42,898 INFO  server.RaftServerConfigKeys (ConfUtils.java:logGet(43)) - raft.server.rpc.timeout.min = 1s (custom)
2019-06-14 09:59:42,898 INFO  server.RaftServerConfigKeys (ConfUtils.java:logGet(43)) - raft.server.log.statemachine.data.sync.timeout = 10s (default)
2019-06-14 09:59:42,898 INFO  server.RaftServerConfigKeys (ConfUtils.java:logGet(43)) - raft.server.rpc.timeout.max = 1200ms (custom)
2019-06-14 09:59:42,898 INFO  server.RaftServerConfigKeys (ConfUtils.java:logGet(43)) - raft.server.rpcslowness.timeout = 120s (custom)
2019-06-14 09:59:42,898 INFO  server.RaftServerConfigKeys (ConfUtils.java:logGet(43)) - raft.server.log.statemachine.data.sync.timeout.retry = -1 (default)
2019-06-14 09:59:42,898 INFO  server.RaftServerConfigKeys (ConfUtils.java:logGet(43)) - raft.server.log.appender.install.snapshot.enabled = true (default)
2019-06-14 09:59:42,898 INFO  server.RaftServerConfigKeys (ConfUtils.java:logGet(43)) - raft.server.log.statemachine.data.caching.enabled = true (custom)
2019-06-14 09:59:42,898 INFO  impl.RaftServerImpl (ServerState.java:<init>(101)) - 8129c50c-9bc8-4759-a93f-44b2a72c2f6d:group-0B3A641D9B57 ConfigurationManager, init=-1: [65f1f17d-ee04-4df8-a60f-9d4d6a7e9aaf:192.168.105.157:45581, 7270204c-9aa3-420e-9bd9-28c0ed5919e2:192.168.105.157:37253, 8129c50c-9bc8-4759-a93f-44b2a72c2f6d:192.168.105.157:34445], old=null, confs=<EMPTY_MAP>
2019-06-14 09:59:42,898 INFO  server.RaftServerConfigKeys (ConfUtils.java:logGet(43)) - raft.server.storage.dir = [/opt/src/hadoop-ozone/integration-test/target/test-dir/MiniOzoneClusterImpl-91872854-c130-40f1-845e-2674cfb4b648/datanode-0/data/ratis] (custom)
2019-06-14 09:59:42,899 INFO  storage.RaftStorageDirectory (RaftStorageDirectory.java:analyzeStorage(246)) - The storage directory /opt/src/hadoop-ozone/integration-test/target/test-dir/MiniOzoneClusterImpl-91872854-c130-40f1-845e-2674cfb4b648/datanode-0/data/ratis/63fcd72b-05e0-4ac5-8d49-0b3a641d9b57 does not exist. Creating ...
2019-06-14 09:59:42,899 INFO  server.RaftServerConfigKeys (ConfUtils.java:logGet(43)) - raft.server.snapshot.auto.trigger.enabled = true (custom)
2019-06-14 09:59:42,899 INFO  server.RaftServerConfigKeys (ConfUtils.java:logGet(43)) - raft.server.snapshot.auto.trigger.threshold = 10000 (custom)
2019-06-14 09:59:42,899 INFO  server.RaftServerConfigKeys (ConfUtils.java:logGet(43)) - raft.server.retrycache.expirytime = 600000ms (custom)
2019-06-14 09:59:42,899 INFO  storage.RaftStorage (RaftStorage.java:format(75)) - Storage directory /opt/src/hadoop-ozone/integration-test/target/test-dir/MiniOzoneClusterImpl-91872854-c130-40f1-845e-2674cfb4b648/datanode-1/data/ratis/63fcd72b-05e0-4ac5-8d49-0b3a641d9b57 has been successfully formatted.
2019-06-14 09:59:42,899 INFO  impl.RaftServerImpl (RaftServerImpl.java:start(173)) - 65f1f17d-ee04-4df8-a60f-9d4d6a7e9aaf: start group-0B3A641D9B57
2019-06-14 09:59:42,899 INFO  impl.RaftServerImpl (RaftServerImpl.java:setRole(164)) - 65f1f17d-ee04-4df8-a60f-9d4d6a7e9aaf:group-0B3A641D9B57 changes role from null to FOLLOWER at term 0 for startAsFollower
2019-06-14 09:59:42,899 INFO  impl.RoleInfo (RoleInfo.java:updateAndGet(143)) - 65f1f17d-ee04-4df8-a60f-9d4d6a7e9aaf: start FollowerState
2019-06-14 09:59:42,900 INFO  util.JmxRegister (JmxRegister.java:tryRegister(44)) - Successfully registered JMX Bean with object name Ratis:service=RaftServer,group=group-0B3A641D9B57,id=65f1f17d-ee04-4df8-a60f-9d4d6a7e9aaf
2019-06-14 09:59:42,900 INFO  ratis.ContainerStateMachine (ContainerStateMachine.java:loadSnapshot(199)) - The snapshot info is null.Setting the last applied index to:(t:0, i:~)
2019-06-14 09:59:42,900 INFO  server.RaftServerConfigKeys (ConfUtils.java:logGet(43)) - raft.server.leader.election.timeout = 120s (custom)
2019-06-14 09:59:42,900 INFO  server.RaftServerConfigKeys (ConfUtils.java:logGet(43)) - raft.server.log.use.memory = false (default)
2019-06-14 09:59:42,900 INFO  server.RaftServerConfigKeys (ConfUtils.java:logGet(43)) - raft.server.log.appender.buffer.byte-limit = 33554432 (custom)
2019-06-14 09:59:42,901 INFO  storage.RaftStorageDirectory (RaftStorageDirectory.java:tryLock(328)) - Lock on /opt/src/hadoop-ozone/integration-test/target/test-dir/MiniOzoneClusterImpl-91872854-c130-40f1-845e-2674cfb4b648/datanode-0/data/ratis/63fcd72b-05e0-4ac5-8d49-0b3a641d9b57/in_use.lock acquired by nodename 13879@ozone-mm759-2607770056
2019-06-14 09:59:42,901 INFO  server.RaftServerConfigKeys (ConfUtils.java:logGet(43)) - raft.server.log.segment.size.max = 16384 (custom)
2019-06-14 09:59:42,902 INFO  server.RaftServerConfigKeys (ConfUtils.java:logGet(43)) - raft.server.log.segment.cache.num.max = 2 (custom)
2019-06-14 09:59:42,902 INFO  storage.RaftLogWorker (RaftLogWorker.java:<init>(123)) - new 7270204c-9aa3-420e-9bd9-28c0ed5919e2-RaftLogWorker for Storage Directory /opt/src/hadoop-ozone/integration-test/target/test-dir/MiniOzoneClusterImpl-91872854-c130-40f1-845e-2674cfb4b648/datanode-1/data/ratis/63fcd72b-05e0-4ac5-8d49-0b3a641d9b57
2019-06-14 09:59:42,902 INFO  server.RaftServerConfigKeys (ConfUtils.java:logGet(43)) - raft.server.log.queue.byte-limit = 2147483647 (custom)
2019-06-14 09:59:42,902 INFO  server.RaftServerConfigKeys (ConfUtils.java:logGet(43)) - raft.server.log.queue.element-limit = 1024 (custom)
2019-06-14 09:59:42,902 INFO  server.RaftServerConfigKeys (ConfUtils.java:logGet(43)) - raft.server.log.segment.size.max = 16384 (custom)
2019-06-14 09:59:42,902 INFO  server.RaftServerConfigKeys (ConfUtils.java:logGet(43)) - raft.server.log.preallocated.size = 16384 (custom)
2019-06-14 09:59:42,903 INFO  server.RaftServerConfigKeys (ConfUtils.java:logGet(43)) - raft.server.log.write.buffer.size = 33554432 (custom)
2019-06-14 09:59:42,903 INFO  server.RaftServerConfigKeys (ConfUtils.java:logGet(43)) - raft.server.log.force.sync.num = 128 (default)
2019-06-14 09:59:42,903 INFO  server.RaftServerConfigKeys (ConfUtils.java:logGet(43)) - raft.server.log.statemachine.data.sync = true (default)
2019-06-14 09:59:42,903 INFO  server.RaftServerConfigKeys (ConfUtils.java:logGet(43)) - raft.server.log.statemachine.data.sync.timeout = 10s (default)
2019-06-14 09:59:42,903 INFO  server.RaftServerConfigKeys (ConfUtils.java:logGet(43)) - raft.server.log.statemachine.data.sync.timeout.retry = -1 (default)
2019-06-14 09:59:42,903 INFO  server.RaftServerConfigKeys (ConfUtils.java:logGet(43)) - raft.server.log.statemachine.data.caching.enabled = true (custom)
2019-06-14 09:59:42,903 INFO  server.RaftServerConfigKeys (ConfUtils.java:logGet(43)) - raft.server.snapshot.auto.trigger.enabled = true (custom)
2019-06-14 09:59:42,903 INFO  server.RaftServerConfigKeys (ConfUtils.java:logGet(43)) - raft.server.snapshot.auto.trigger.threshold = 10000 (custom)
2019-06-14 09:59:42,903 INFO  server.RaftServerConfigKeys (ConfUtils.java:logGet(43)) - raft.server.retrycache.expirytime = 600000ms (custom)
2019-06-14 09:59:42,904 INFO  impl.RaftServerImpl (RaftServerImpl.java:start(173)) - 7270204c-9aa3-420e-9bd9-28c0ed5919e2: start group-0B3A641D9B57
2019-06-14 09:59:42,904 INFO  impl.RaftServerImpl (RaftServerImpl.java:setRole(164)) - 7270204c-9aa3-420e-9bd9-28c0ed5919e2:group-0B3A641D9B57 changes role from null to FOLLOWER at term 0 for startAsFollower
2019-06-14 09:59:42,904 INFO  impl.RoleInfo (RoleInfo.java:updateAndGet(143)) - 7270204c-9aa3-420e-9bd9-28c0ed5919e2: start FollowerState
2019-06-14 09:59:42,904 INFO  util.JmxRegister (JmxRegister.java:tryRegister(44)) - Successfully registered JMX Bean with object name Ratis:service=RaftServer,group=group-0B3A641D9B57,id=7270204c-9aa3-420e-9bd9-28c0ed5919e2
2019-06-14 09:59:42,904 INFO  storage.RaftStorage (RaftStorage.java:format(75)) - Storage directory /opt/src/hadoop-ozone/integration-test/target/test-dir/MiniOzoneClusterImpl-91872854-c130-40f1-845e-2674cfb4b648/datanode-0/data/ratis/63fcd72b-05e0-4ac5-8d49-0b3a641d9b57 has been successfully formatted.
2019-06-14 09:59:42,905 INFO  ratis.ContainerStateMachine (ContainerStateMachine.java:loadSnapshot(199)) - The snapshot info is null.Setting the last applied index to:(t:0, i:~)
2019-06-14 09:59:42,906 INFO  server.RaftServerConfigKeys (ConfUtils.java:logGet(43)) - raft.server.leader.election.timeout = 120s (custom)
2019-06-14 09:59:42,906 INFO  server.RaftServerConfigKeys (ConfUtils.java:logGet(43)) - raft.server.log.use.memory = false (default)
2019-06-14 09:59:42,906 INFO  server.RaftServerConfigKeys (ConfUtils.java:logGet(43)) - raft.server.log.appender.buffer.byte-limit = 33554432 (custom)
2019-06-14 09:59:42,906 INFO  server.RaftServerConfigKeys (ConfUtils.java:logGet(43)) - raft.server.log.segment.size.max = 16384 (custom)
2019-06-14 09:59:42,906 INFO  server.RaftServerConfigKeys (ConfUtils.java:logGet(43)) - raft.server.log.segment.cache.num.max = 2 (custom)
2019-06-14 09:59:42,906 INFO  storage.RaftLogWorker (RaftLogWorker.java:<init>(123)) - new 8129c50c-9bc8-4759-a93f-44b2a72c2f6d-RaftLogWorker for Storage Directory /opt/src/hadoop-ozone/integration-test/target/test-dir/MiniOzoneClusterImpl-91872854-c130-40f1-845e-2674cfb4b648/datanode-0/data/ratis/63fcd72b-05e0-4ac5-8d49-0b3a641d9b57
2019-06-14 09:59:42,906 INFO  server.RaftServerConfigKeys (ConfUtils.java:logGet(43)) - raft.server.log.queue.byte-limit = 2147483647 (custom)
2019-06-14 09:59:42,906 INFO  server.RaftServerConfigKeys (ConfUtils.java:logGet(43)) - raft.server.log.queue.element-limit = 1024 (custom)
2019-06-14 09:59:42,906 INFO  server.RaftServerConfigKeys (ConfUtils.java:logGet(43)) - raft.server.log.segment.size.max = 16384 (custom)
2019-06-14 09:59:42,907 INFO  server.RaftServerConfigKeys (ConfUtils.java:logGet(43)) - raft.server.log.preallocated.size = 16384 (custom)
2019-06-14 09:59:42,907 INFO  server.RaftServerConfigKeys (ConfUtils.java:logGet(43)) - raft.server.log.write.buffer.size = 33554432 (custom)
2019-06-14 09:59:42,907 INFO  server.RaftServerConfigKeys (ConfUtils.java:logGet(43)) - raft.server.log.force.sync.num = 128 (default)
2019-06-14 09:59:42,907 INFO  server.RaftServerConfigKeys (ConfUtils.java:logGet(43)) - raft.server.log.statemachine.data.sync = true (default)
2019-06-14 09:59:42,907 INFO  server.RaftServerConfigKeys (ConfUtils.java:logGet(43)) - raft.server.log.statemachine.data.sync.timeout = 10s (default)
2019-06-14 09:59:42,907 INFO  server.RaftServerConfigKeys (ConfUtils.java:logGet(43)) - raft.server.log.statemachine.data.sync.timeout.retry = -1 (default)
2019-06-14 09:59:42,907 INFO  server.RaftServerConfigKeys (ConfUtils.java:logGet(43)) - raft.server.log.statemachine.data.caching.enabled = true (custom)
2019-06-14 09:59:42,907 INFO  server.RaftServerConfigKeys (ConfUtils.java:logGet(43)) - raft.server.snapshot.auto.trigger.enabled = true (custom)
2019-06-14 09:59:42,907 INFO  server.RaftServerConfigKeys (ConfUtils.java:logGet(43)) - raft.server.snapshot.auto.trigger.threshold = 10000 (custom)
2019-06-14 09:59:42,908 INFO  server.RaftServerConfigKeys (ConfUtils.java:logGet(43)) - raft.server.retrycache.expirytime = 600000ms (custom)
2019-06-14 09:59:42,908 INFO  impl.RaftServerImpl (RaftServerImpl.java:start(173)) - 8129c50c-9bc8-4759-a93f-44b2a72c2f6d: start group-0B3A641D9B57
2019-06-14 09:59:42,908 INFO  impl.RaftServerImpl (RaftServerImpl.java:setRole(164)) - 8129c50c-9bc8-4759-a93f-44b2a72c2f6d:group-0B3A641D9B57 changes role from null to FOLLOWER at term 0 for startAsFollower
2019-06-14 09:59:42,908 INFO  impl.RoleInfo (RoleInfo.java:updateAndGet(143)) - 8129c50c-9bc8-4759-a93f-44b2a72c2f6d: start FollowerState
2019-06-14 09:59:42,908 INFO  util.JmxRegister (JmxRegister.java:tryRegister(44)) - Successfully registered JMX Bean with object name Ratis:service=RaftServer,group=group-0B3A641D9B57,id=8129c50c-9bc8-4759-a93f-44b2a72c2f6d
2019-06-14 09:59:42,910 INFO  pipeline.PipelineStateManager (PipelineStateManager.java:addPipeline(56)) - Created pipeline Pipeline[ Id: 63fcd72b-05e0-4ac5-8d49-0b3a641d9b57, Nodes: 7270204c-9aa3-420e-9bd9-28c0ed5919e2{ip: 192.168.105.157, host: ozone-mm759-2607770056, networkLocation: /default-rack, certSerialId: null}65f1f17d-ee04-4df8-a60f-9d4d6a7e9aaf{ip: 192.168.105.157, host: ozone-mm759-2607770056, networkLocation: /default-rack, certSerialId: null}8129c50c-9bc8-4759-a93f-44b2a72c2f6d{ip: 192.168.105.157, host: ozone-mm759-2607770056, networkLocation: /default-rack, certSerialId: null}, Type:RATIS, Factor:THREE, State:OPEN]
2019-06-14 09:59:43,031 INFO  node.SCMNodeManager (SCMNodeManager.java:register(234)) - Registered Data node : 1845a6e9-f26a-431d-840f-a7605bb56c56{ip: 192.168.105.157, host: ozone-mm759-2607770056, networkLocation: /default-rack, certSerialId: null}
2019-06-14 09:59:43,038 INFO  impl.RaftServerProxy (RaftServerProxy.java:addNew(89)) - 1845a6e9-f26a-431d-840f-a7605bb56c56: addNew group-7858870E409A:[1845a6e9-f26a-431d-840f-a7605bb56c56:192.168.105.157:46457] returns group-7858870E409A:java.util.concurrent.CompletableFuture@5a13286[Not completed]
2019-06-14 09:59:43,040 INFO  impl.RaftServerImpl (RaftServerImpl.java:<init>(91)) - 1845a6e9-f26a-431d-840f-a7605bb56c56: new RaftServerImpl for group-7858870E409A:[1845a6e9-f26a-431d-840f-a7605bb56c56:192.168.105.157:46457] with ContainerStateMachine:uninitialized
2019-06-14 09:59:43,041 INFO  server.RaftServerConfigKeys (ConfUtils.java:logGet(43)) - raft.server.rpc.timeout.min = 1s (custom)
2019-06-14 09:59:43,041 INFO  server.RaftServerConfigKeys (ConfUtils.java:logGet(43)) - raft.server.rpc.timeout.max = 1200ms (custom)
2019-06-14 09:59:43,041 INFO  server.RaftServerConfigKeys (ConfUtils.java:logGet(43)) - raft.server.rpcslowness.timeout = 120s (custom)
2019-06-14 09:59:43,041 INFO  server.RaftServerConfigKeys (ConfUtils.java:logGet(43)) - raft.server.log.appender.install.snapshot.enabled = true (default)
2019-06-14 09:59:43,041 INFO  impl.RaftServerImpl (ServerState.java:<init>(101)) - 1845a6e9-f26a-431d-840f-a7605bb56c56:group-7858870E409A ConfigurationManager, init=-1: [1845a6e9-f26a-431d-840f-a7605bb56c56:192.168.105.157:46457], old=null, confs=<EMPTY_MAP>
2019-06-14 09:59:43,041 INFO  server.RaftServerConfigKeys (ConfUtils.java:logGet(43)) - raft.server.storage.dir = [/opt/src/hadoop-ozone/integration-test/target/test-dir/MiniOzoneClusterImpl-91872854-c130-40f1-845e-2674cfb4b648/datanode-3/data/ratis] (custom)
2019-06-14 09:59:43,041 INFO  storage.RaftStorageDirectory (RaftStorageDirectory.java:analyzeStorage(246)) - The storage directory /opt/src/hadoop-ozone/integration-test/target/test-dir/MiniOzoneClusterImpl-91872854-c130-40f1-845e-2674cfb4b648/datanode-3/data/ratis/59042d21-6934-45ba-875b-7858870e409a does not exist. Creating ...
2019-06-14 09:59:43,043 INFO  storage.RaftStorageDirectory (RaftStorageDirectory.java:tryLock(328)) - Lock on /opt/src/hadoop-ozone/integration-test/target/test-dir/MiniOzoneClusterImpl-91872854-c130-40f1-845e-2674cfb4b648/datanode-3/data/ratis/59042d21-6934-45ba-875b-7858870e409a/in_use.lock acquired by nodename 13879@ozone-mm759-2607770056
2019-06-14 09:59:43,045 INFO  storage.RaftStorage (RaftStorage.java:format(75)) - Storage directory /opt/src/hadoop-ozone/integration-test/target/test-dir/MiniOzoneClusterImpl-91872854-c130-40f1-845e-2674cfb4b648/datanode-3/data/ratis/59042d21-6934-45ba-875b-7858870e409a has been successfully formatted.
2019-06-14 09:59:43,045 INFO  ratis.ContainerStateMachine (ContainerStateMachine.java:loadSnapshot(199)) - The snapshot info is null.Setting the last applied index to:(t:0, i:~)
2019-06-14 09:59:43,046 INFO  server.RaftServerConfigKeys (ConfUtils.java:logGet(43)) - raft.server.leader.election.timeout = 120s (custom)
2019-06-14 09:59:43,046 INFO  server.RaftServerConfigKeys (ConfUtils.java:logGet(43)) - raft.server.log.use.memory = false (default)
2019-06-14 09:59:43,046 INFO  server.RaftServerConfigKeys (ConfUtils.java:logGet(43)) - raft.server.log.appender.buffer.byte-limit = 33554432 (custom)
2019-06-14 09:59:43,046 INFO  server.RaftServerConfigKeys (ConfUtils.java:logGet(43)) - raft.server.log.segment.size.max = 16384 (custom)
2019-06-14 09:59:43,046 INFO  server.RaftServerConfigKeys (ConfUtils.java:logGet(43)) - raft.server.log.segment.cache.num.max = 2 (custom)
2019-06-14 09:59:43,046 INFO  storage.RaftLogWorker (RaftLogWorker.java:<init>(123)) - new 1845a6e9-f26a-431d-840f-a7605bb56c56-RaftLogWorker for Storage Directory /opt/src/hadoop-ozone/integration-test/target/test-dir/MiniOzoneClusterImpl-91872854-c130-40f1-845e-2674cfb4b648/datanode-3/data/ratis/59042d21-6934-45ba-875b-7858870e409a
2019-06-14 09:59:43,046 INFO  server.RaftServerConfigKeys (ConfUtils.java:logGet(43)) - raft.server.log.queue.byte-limit = 2147483647 (custom)
2019-06-14 09:59:43,046 INFO  server.RaftServerConfigKeys (ConfUtils.java:logGet(43)) - raft.server.log.queue.element-limit = 1024 (custom)
2019-06-14 09:59:43,046 INFO  server.RaftServerConfigKeys (ConfUtils.java:logGet(43)) - raft.server.log.segment.size.max = 16384 (custom)
2019-06-14 09:59:43,046 INFO  server.RaftServerConfigKeys (ConfUtils.java:logGet(43)) - raft.server.log.preallocated.size = 16384 (custom)
2019-06-14 09:59:43,046 INFO  server.RaftServerConfigKeys (ConfUtils.java:logGet(43)) - raft.server.log.write.buffer.size = 33554432 (custom)
2019-06-14 09:59:43,046 INFO  server.RaftServerConfigKeys (ConfUtils.java:logGet(43)) - raft.server.log.force.sync.num = 128 (default)
2019-06-14 09:59:43,046 INFO  server.RaftServerConfigKeys (ConfUtils.java:logGet(43)) - raft.server.log.statemachine.data.sync = true (default)
2019-06-14 09:59:43,046 INFO  server.RaftServerConfigKeys (ConfUtils.java:logGet(43)) - raft.server.log.statemachine.data.sync.timeout = 10s (default)
2019-06-14 09:59:43,047 INFO  server.RaftServerConfigKeys (ConfUtils.java:logGet(43)) - raft.server.log.statemachine.data.sync.timeout.retry = -1 (default)
2019-06-14 09:59:43,047 INFO  server.RaftServerConfigKeys (ConfUtils.java:logGet(43)) - raft.server.log.statemachine.data.caching.enabled = true (custom)
2019-06-14 09:59:43,047 INFO  server.RaftServerConfigKeys (ConfUtils.java:logGet(43)) - raft.server.snapshot.auto.trigger.enabled = true (custom)
2019-06-14 09:59:43,047 INFO  server.RaftServerConfigKeys (ConfUtils.java:logGet(43)) - raft.server.snapshot.auto.trigger.threshold = 10000 (custom)
2019-06-14 09:59:43,047 INFO  server.RaftServerConfigKeys (ConfUtils.java:logGet(43)) - raft.server.retrycache.expirytime = 600000ms (custom)
2019-06-14 09:59:43,047 INFO  impl.RaftServerImpl (RaftServerImpl.java:start(173)) - 1845a6e9-f26a-431d-840f-a7605bb56c56: start group-7858870E409A
2019-06-14 09:59:43,047 INFO  impl.RaftServerImpl (RaftServerImpl.java:setRole(164)) - 1845a6e9-f26a-431d-840f-a7605bb56c56:group-7858870E409A changes role from null to FOLLOWER at term 0 for startAsFollower
2019-06-14 09:59:43,047 INFO  impl.RoleInfo (RoleInfo.java:updateAndGet(143)) - 1845a6e9-f26a-431d-840f-a7605bb56c56: start FollowerState
2019-06-14 09:59:43,048 INFO  util.JmxRegister (JmxRegister.java:tryRegister(44)) - Successfully registered JMX Bean with object name Ratis:service=RaftServer,group=group-7858870E409A,id=1845a6e9-f26a-431d-840f-a7605bb56c56
2019-06-14 09:59:43,050 INFO  pipeline.PipelineStateManager (PipelineStateManager.java:addPipeline(56)) - Created pipeline Pipeline[ Id: 59042d21-6934-45ba-875b-7858870e409a, Nodes: 1845a6e9-f26a-431d-840f-a7605bb56c56{ip: 192.168.105.157, host: ozone-mm759-2607770056, networkLocation: /default-rack, certSerialId: null}, Type:RATIS, Factor:ONE, State:OPEN]
2019-06-14 09:59:43,206 INFO  node.SCMNodeManager (SCMNodeManager.java:register(234)) - Registered Data node : e863c32a-23fa-4d35-89d2-b1387367ea81{ip: 192.168.105.157, host: ozone-mm759-2607770056, networkLocation: /default-rack, certSerialId: null}
2019-06-14 09:59:43,215 INFO  impl.RaftServerProxy (RaftServerProxy.java:addNew(89)) - e863c32a-23fa-4d35-89d2-b1387367ea81: addNew group-4FDAB3D121F9:[e863c32a-23fa-4d35-89d2-b1387367ea81:192.168.105.157:45887] returns group-4FDAB3D121F9:java.util.concurrent.CompletableFuture@71abc326[Not completed]
2019-06-14 09:59:43,216 INFO  impl.RaftServerImpl (RaftServerImpl.java:<init>(91)) - e863c32a-23fa-4d35-89d2-b1387367ea81: new RaftServerImpl for group-4FDAB3D121F9:[e863c32a-23fa-4d35-89d2-b1387367ea81:192.168.105.157:45887] with ContainerStateMachine:uninitialized
2019-06-14 09:59:43,219 INFO  server.RaftServerConfigKeys (ConfUtils.java:logGet(43)) - raft.server.rpc.timeout.min = 1s (custom)
2019-06-14 09:59:43,220 INFO  server.RaftServerConfigKeys (ConfUtils.java:logGet(43)) - raft.server.rpc.timeout.max = 1200ms (custom)
2019-06-14 09:59:43,220 INFO  server.RaftServerConfigKeys (ConfUtils.java:logGet(43)) - raft.server.rpcslowness.timeout = 120s (custom)
2019-06-14 09:59:43,220 INFO  server.RaftServerConfigKeys (ConfUtils.java:logGet(43)) - raft.server.log.appender.install.snapshot.enabled = true (default)
2019-06-14 09:59:43,220 INFO  impl.RaftServerImpl (ServerState.java:<init>(101)) - e863c32a-23fa-4d35-89d2-b1387367ea81:group-4FDAB3D121F9 ConfigurationManager, init=-1: [e863c32a-23fa-4d35-89d2-b1387367ea81:192.168.105.157:45887], old=null, confs=<EMPTY_MAP>
2019-06-14 09:59:43,220 INFO  server.RaftServerConfigKeys (ConfUtils.java:logGet(43)) - raft.server.storage.dir = [/opt/src/hadoop-ozone/integration-test/target/test-dir/MiniOzoneClusterImpl-91872854-c130-40f1-845e-2674cfb4b648/datanode-4/data/ratis] (custom)
2019-06-14 09:59:43,220 INFO  storage.RaftStorageDirectory (RaftStorageDirectory.java:analyzeStorage(246)) - The storage directory /opt/src/hadoop-ozone/integration-test/target/test-dir/MiniOzoneClusterImpl-91872854-c130-40f1-845e-2674cfb4b648/datanode-4/data/ratis/2b50a2ac-b8d0-4b14-ae1e-4fdab3d121f9 does not exist. Creating ...
2019-06-14 09:59:43,222 INFO  storage.RaftStorageDirectory (RaftStorageDirectory.java:tryLock(328)) - Lock on /opt/src/hadoop-ozone/integration-test/target/test-dir/MiniOzoneClusterImpl-91872854-c130-40f1-845e-2674cfb4b648/datanode-4/data/ratis/2b50a2ac-b8d0-4b14-ae1e-4fdab3d121f9/in_use.lock acquired by nodename 13879@ozone-mm759-2607770056
2019-06-14 09:59:43,224 INFO  storage.RaftStorage (RaftStorage.java:format(75)) - Storage directory /opt/src/hadoop-ozone/integration-test/target/test-dir/MiniOzoneClusterImpl-91872854-c130-40f1-845e-2674cfb4b648/datanode-4/data/ratis/2b50a2ac-b8d0-4b14-ae1e-4fdab3d121f9 has been successfully formatted.
2019-06-14 09:59:43,225 INFO  ratis.ContainerStateMachine (ContainerStateMachine.java:loadSnapshot(199)) - The snapshot info is null.Setting the last applied index to:(t:0, i:~)
2019-06-14 09:59:43,225 INFO  server.RaftServerConfigKeys (ConfUtils.java:logGet(43)) - raft.server.leader.election.timeout = 120s (custom)
2019-06-14 09:59:43,225 INFO  server.RaftServerConfigKeys (ConfUtils.java:logGet(43)) - raft.server.log.use.memory = false (default)
2019-06-14 09:59:43,225 INFO  server.RaftServerConfigKeys (ConfUtils.java:logGet(43)) - raft.server.log.appender.buffer.byte-limit = 33554432 (custom)
2019-06-14 09:59:43,225 INFO  server.RaftServerConfigKeys (ConfUtils.java:logGet(43)) - raft.server.log.segment.size.max = 16384 (custom)
2019-06-14 09:59:43,225 INFO  server.RaftServerConfigKeys (ConfUtils.java:logGet(43)) - raft.server.log.segment.cache.num.max = 2 (custom)
2019-06-14 09:59:43,225 INFO  storage.RaftLogWorker (RaftLogWorker.java:<init>(123)) - new e863c32a-23fa-4d35-89d2-b1387367ea81-RaftLogWorker for Storage Directory /opt/src/hadoop-ozone/integration-test/target/test-dir/MiniOzoneClusterImpl-91872854-c130-40f1-845e-2674cfb4b648/datanode-4/data/ratis/2b50a2ac-b8d0-4b14-ae1e-4fdab3d121f9
2019-06-14 09:59:43,225 INFO  server.RaftServerConfigKeys (ConfUtils.java:logGet(43)) - raft.server.log.queue.byte-limit = 2147483647 (custom)
2019-06-14 09:59:43,225 INFO  server.RaftServerConfigKeys (ConfUtils.java:logGet(43)) - raft.server.log.queue.element-limit = 1024 (custom)
2019-06-14 09:59:43,225 INFO  server.RaftServerConfigKeys (ConfUtils.java:logGet(43)) - raft.server.log.segment.size.max = 16384 (custom)
2019-06-14 09:59:43,225 INFO  server.RaftServerConfigKeys (ConfUtils.java:logGet(43)) - raft.server.log.preallocated.size = 16384 (custom)
2019-06-14 09:59:43,225 INFO  server.RaftServerConfigKeys (ConfUtils.java:logGet(43)) - raft.server.log.write.buffer.size = 33554432 (custom)
2019-06-14 09:59:43,225 INFO  server.RaftServerConfigKeys (ConfUtils.java:logGet(43)) - raft.server.log.force.sync.num = 128 (default)
2019-06-14 09:59:43,225 INFO  server.RaftServerConfigKeys (ConfUtils.java:logGet(43)) - raft.server.log.statemachine.data.sync = true (default)
2019-06-14 09:59:43,226 INFO  server.RaftServerConfigKeys (ConfUtils.java:logGet(43)) - raft.server.log.statemachine.data.sync.timeout = 10s (default)
2019-06-14 09:59:43,226 INFO  server.RaftServerConfigKeys (ConfUtils.java:logGet(43)) - raft.server.log.statemachine.data.sync.timeout.retry = -1 (default)
2019-06-14 09:59:43,226 INFO  server.RaftServerConfigKeys (ConfUtils.java:logGet(43)) - raft.server.log.statemachine.data.caching.enabled = true (custom)
2019-06-14 09:59:43,226 INFO  server.RaftServerConfigKeys (ConfUtils.java:logGet(43)) - raft.server.snapshot.auto.trigger.enabled = true (custom)
2019-06-14 09:59:43,226 INFO  server.RaftServerConfigKeys (ConfUtils.java:logGet(43)) - raft.server.snapshot.auto.trigger.threshold = 10000 (custom)
2019-06-14 09:59:43,226 INFO  server.RaftServerConfigKeys (ConfUtils.java:logGet(43)) - raft.server.retrycache.expirytime = 600000ms (custom)
2019-06-14 09:59:43,226 INFO  impl.RaftServerImpl (RaftServerImpl.java:start(173)) - e863c32a-23fa-4d35-89d2-b1387367ea81: start group-4FDAB3D121F9
2019-06-14 09:59:43,227 INFO  impl.RaftServerImpl (RaftServerImpl.java:setRole(164)) - e863c32a-23fa-4d35-89d2-b1387367ea81:group-4FDAB3D121F9 changes role from null to FOLLOWER at term 0 for startAsFollower
2019-06-14 09:59:43,227 INFO  impl.RoleInfo (RoleInfo.java:updateAndGet(143)) - e863c32a-23fa-4d35-89d2-b1387367ea81: start FollowerState
2019-06-14 09:59:43,230 INFO  util.JmxRegister (JmxRegister.java:tryRegister(44)) - Successfully registered JMX Bean with object name Ratis:service=RaftServer,group=group-4FDAB3D121F9,id=e863c32a-23fa-4d35-89d2-b1387367ea81
2019-06-14 09:59:43,236 INFO  pipeline.PipelineStateManager (PipelineStateManager.java:addPipeline(56)) - Created pipeline Pipeline[ Id: 2b50a2ac-b8d0-4b14-ae1e-4fdab3d121f9, Nodes: e863c32a-23fa-4d35-89d2-b1387367ea81{ip: 192.168.105.157, host: ozone-mm759-2607770056, networkLocation: /default-rack, certSerialId: null}, Type:RATIS, Factor:ONE, State:OPEN]
2019-06-14 09:59:43,339 INFO  ozone.MiniOzoneClusterImpl (MiniOzoneClusterImpl.java:lambda$waitForClusterToBeReady$0(142)) - Waiting for cluster to be ready. Got 5 of 6 DN Heartbeats.
2019-06-14 09:59:43,342 INFO  node.SCMNodeManager (SCMNodeManager.java:register(234)) - Registered Data node : 89c164bd-7212-42b9-8fec-3ff5fbec6172{ip: 192.168.105.157, host: ozone-mm759-2607770056, networkLocation: /default-rack, certSerialId: null}
2019-06-14 09:59:43,349 INFO  impl.RaftServerProxy (RaftServerProxy.java:addNew(89)) - 89c164bd-7212-42b9-8fec-3ff5fbec6172: addNew group-74166347BBA4:[89c164bd-7212-42b9-8fec-3ff5fbec6172:192.168.105.157:35963] returns group-74166347BBA4:java.util.concurrent.CompletableFuture@5c687d9[Not completed]
2019-06-14 09:59:43,350 INFO  impl.RaftServerImpl (RaftServerImpl.java:<init>(91)) - 89c164bd-7212-42b9-8fec-3ff5fbec6172: new RaftServerImpl for group-74166347BBA4:[89c164bd-7212-42b9-8fec-3ff5fbec6172:192.168.105.157:35963] with ContainerStateMachine:uninitialized
2019-06-14 09:59:43,352 INFO  server.RaftServerConfigKeys (ConfUtils.java:logGet(43)) - raft.server.rpc.timeout.min = 1s (custom)
2019-06-14 09:59:43,352 INFO  server.RaftServerConfigKeys (ConfUtils.java:logGet(43)) - raft.server.rpc.timeout.max = 1200ms (custom)
2019-06-14 09:59:43,352 INFO  server.RaftServerConfigKeys (ConfUtils.java:logGet(43)) - raft.server.rpcslowness.timeout = 120s (custom)
2019-06-14 09:59:43,352 INFO  server.RaftServerConfigKeys (ConfUtils.java:logGet(43)) - raft.server.log.appender.install.snapshot.enabled = true (default)
2019-06-14 09:59:43,352 INFO  impl.RaftServerImpl (ServerState.java:<init>(101)) - 89c164bd-7212-42b9-8fec-3ff5fbec6172:group-74166347BBA4 ConfigurationManager, init=-1: [89c164bd-7212-42b9-8fec-3ff5fbec6172:192.168.105.157:35963], old=null, confs=<EMPTY_MAP>
2019-06-14 09:59:43,352 INFO  server.RaftServerConfigKeys (ConfUtils.java:logGet(43)) - raft.server.storage.dir = [/opt/src/hadoop-ozone/integration-test/target/test-dir/MiniOzoneClusterImpl-91872854-c130-40f1-845e-2674cfb4b648/datanode-5/data/ratis] (custom)
2019-06-14 09:59:43,353 INFO  storage.RaftStorageDirectory (RaftStorageDirectory.java:analyzeStorage(246)) - The storage directory /opt/src/hadoop-ozone/integration-test/target/test-dir/MiniOzoneClusterImpl-91872854-c130-40f1-845e-2674cfb4b648/datanode-5/data/ratis/234016dc-3339-48f7-a182-74166347bba4 does not exist. Creating ...
2019-06-14 09:59:43,357 INFO  storage.RaftStorageDirectory (RaftStorageDirectory.java:tryLock(328)) - Lock on /opt/src/hadoop-ozone/integration-test/target/test-dir/MiniOzoneClusterImpl-91872854-c130-40f1-845e-2674cfb4b648/datanode-5/data/ratis/234016dc-3339-48f7-a182-74166347bba4/in_use.lock acquired by nodename 13879@ozone-mm759-2607770056
2019-06-14 09:59:43,359 INFO  storage.RaftStorage (RaftStorage.java:format(75)) - Storage directory /opt/src/hadoop-ozone/integration-test/target/test-dir/MiniOzoneClusterImpl-91872854-c130-40f1-845e-2674cfb4b648/datanode-5/data/ratis/234016dc-3339-48f7-a182-74166347bba4 has been successfully formatted.
2019-06-14 09:59:43,359 INFO  ratis.ContainerStateMachine (ContainerStateMachine.java:loadSnapshot(199)) - The snapshot info is null.Setting the last applied index to:(t:0, i:~)
2019-06-14 09:59:43,359 INFO  server.RaftServerConfigKeys (ConfUtils.java:logGet(43)) - raft.server.leader.election.timeout = 120s (custom)
2019-06-14 09:59:43,359 INFO  server.RaftServerConfigKeys (ConfUtils.java:logGet(43)) - raft.server.log.use.memory = false (default)
2019-06-14 09:59:43,359 INFO  server.RaftServerConfigKeys (ConfUtils.java:logGet(43)) - raft.server.log.appender.buffer.byte-limit = 33554432 (custom)
2019-06-14 09:59:43,359 INFO  server.RaftServerConfigKeys (ConfUtils.java:logGet(43)) - raft.server.log.segment.size.max = 16384 (custom)
2019-06-14 09:59:43,359 INFO  server.RaftServerConfigKeys (ConfUtils.java:logGet(43)) - raft.server.log.segment.cache.num.max = 2 (custom)
2019-06-14 09:59:43,359 INFO  storage.RaftLogWorker (RaftLogWorker.java:<init>(123)) - new 89c164bd-7212-42b9-8fec-3ff5fbec6172-RaftLogWorker for Storage Directory /opt/src/hadoop-ozone/integration-test/target/test-dir/MiniOzoneClusterImpl-91872854-c130-40f1-845e-2674cfb4b648/datanode-5/data/ratis/234016dc-3339-48f7-a182-74166347bba4
2019-06-14 09:59:43,360 INFO  server.RaftServerConfigKeys (ConfUtils.java:logGet(43)) - raft.server.log.queue.byte-limit = 2147483647 (custom)
2019-06-14 09:59:43,360 INFO  server.RaftServerConfigKeys (ConfUtils.java:logGet(43)) - raft.server.log.queue.element-limit = 1024 (custom)
2019-06-14 09:59:43,360 INFO  server.RaftServerConfigKeys (ConfUtils.java:logGet(43)) - raft.server.log.segment.size.max = 16384 (custom)
2019-06-14 09:59:43,360 INFO  server.RaftServerConfigKeys (ConfUtils.java:logGet(43)) - raft.server.log.preallocated.size = 16384 (custom)
2019-06-14 09:59:43,360 INFO  server.RaftServerConfigKeys (ConfUtils.java:logGet(43)) - raft.server.log.write.buffer.size = 33554432 (custom)
2019-06-14 09:59:43,360 INFO  server.RaftServerConfigKeys (ConfUtils.java:logGet(43)) - raft.server.log.force.sync.num = 128 (default)
2019-06-14 09:59:43,360 INFO  server.RaftServerConfigKeys (ConfUtils.java:logGet(43)) - raft.server.log.statemachine.data.sync = true (default)
2019-06-14 09:59:43,360 INFO  server.RaftServerConfigKeys (ConfUtils.java:logGet(43)) - raft.server.log.statemachine.data.sync.timeout = 10s (default)
2019-06-14 09:59:43,360 INFO  server.RaftServerConfigKeys (ConfUtils.java:logGet(43)) - raft.server.log.statemachine.data.sync.timeout.retry = -1 (default)
2019-06-14 09:59:43,360 INFO  server.RaftServerConfigKeys (ConfUtils.java:logGet(43)) - raft.server.log.statemachine.data.caching.enabled = true (custom)
2019-06-14 09:59:43,360 INFO  server.RaftServerConfigKeys (ConfUtils.java:logGet(43)) - raft.server.snapshot.auto.trigger.enabled = true (custom)
2019-06-14 09:59:43,361 INFO  server.RaftServerConfigKeys (ConfUtils.java:logGet(43)) - raft.server.snapshot.auto.trigger.threshold = 10000 (custom)
2019-06-14 09:59:43,361 INFO  server.RaftServerConfigKeys (ConfUtils.java:logGet(43)) - raft.server.retrycache.expirytime = 600000ms (custom)
2019-06-14 09:59:43,361 INFO  impl.RaftServerImpl (RaftServerImpl.java:start(173)) - 89c164bd-7212-42b9-8fec-3ff5fbec6172: start group-74166347BBA4
2019-06-14 09:59:43,361 INFO  impl.RaftServerImpl (RaftServerImpl.java:setRole(164)) - 89c164bd-7212-42b9-8fec-3ff5fbec6172:group-74166347BBA4 changes role from null to FOLLOWER at term 0 for startAsFollower
2019-06-14 09:59:43,361 INFO  impl.RoleInfo (RoleInfo.java:updateAndGet(143)) - 89c164bd-7212-42b9-8fec-3ff5fbec6172: start FollowerState
2019-06-14 09:59:43,361 INFO  util.JmxRegister (JmxRegister.java:tryRegister(44)) - Successfully registered JMX Bean with object name Ratis:service=RaftServer,group=group-74166347BBA4,id=89c164bd-7212-42b9-8fec-3ff5fbec6172
2019-06-14 09:59:43,364 INFO  pipeline.PipelineStateManager (PipelineStateManager.java:addPipeline(56)) - Created pipeline Pipeline[ Id: 234016dc-3339-48f7-a182-74166347bba4, Nodes: 89c164bd-7212-42b9-8fec-3ff5fbec6172{ip: 192.168.105.157, host: ozone-mm759-2607770056, networkLocation: /default-rack, certSerialId: null}, Type:RATIS, Factor:ONE, State:OPEN]
2019-06-14 09:59:43,378 INFO  impl.RaftServerProxy (RaftServerProxy.java:addNew(89)) - 89c164bd-7212-42b9-8fec-3ff5fbec6172: addNew group-B138755D2632:[e863c32a-23fa-4d35-89d2-b1387367ea81:192.168.105.157:45887, 89c164bd-7212-42b9-8fec-3ff5fbec6172:192.168.105.157:35963, 1845a6e9-f26a-431d-840f-a7605bb56c56:192.168.105.157:46457] returns group-B138755D2632:java.util.concurrent.CompletableFuture@4077472a[Not completed]
2019-06-14 09:59:43,378 INFO  impl.RaftServerProxy (RaftServerProxy.java:addNew(89)) - e863c32a-23fa-4d35-89d2-b1387367ea81: addNew group-B138755D2632:[e863c32a-23fa-4d35-89d2-b1387367ea81:192.168.105.157:45887, 89c164bd-7212-42b9-8fec-3ff5fbec6172:192.168.105.157:35963, 1845a6e9-f26a-431d-840f-a7605bb56c56:192.168.105.157:46457] returns group-B138755D2632:java.util.concurrent.CompletableFuture@378735d2[Not completed]
2019-06-14 09:59:43,378 INFO  impl.RaftServerProxy (RaftServerProxy.java:addNew(89)) - 1845a6e9-f26a-431d-840f-a7605bb56c56: addNew group-B138755D2632:[e863c32a-23fa-4d35-89d2-b1387367ea81:192.168.105.157:45887, 89c164bd-7212-42b9-8fec-3ff5fbec6172:192.168.105.157:35963, 1845a6e9-f26a-431d-840f-a7605bb56c56:192.168.105.157:46457] returns group-B138755D2632:java.util.concurrent.CompletableFuture@71287e3d[Not completed]
2019-06-14 09:59:43,378 INFO  impl.RaftServerImpl (RaftServerImpl.java:<init>(91)) - 89c164bd-7212-42b9-8fec-3ff5fbec6172: new RaftServerImpl for group-B138755D2632:[e863c32a-23fa-4d35-89d2-b1387367ea81:192.168.105.157:45887, 89c164bd-7212-42b9-8fec-3ff5fbec6172:192.168.105.157:35963, 1845a6e9-f26a-431d-840f-a7605bb56c56:192.168.105.157:46457] with ContainerStateMachine:uninitialized
2019-06-14 09:59:43,379 INFO  server.RaftServerConfigKeys (ConfUtils.java:logGet(43)) - raft.server.rpc.timeout.min = 1s (custom)
2019-06-14 09:59:43,379 INFO  server.RaftServerConfigKeys (ConfUtils.java:logGet(43)) - raft.server.rpc.timeout.max = 1200ms (custom)
2019-06-14 09:59:43,379 INFO  server.RaftServerConfigKeys (ConfUtils.java:logGet(43)) - raft.server.rpcslowness.timeout = 120s (custom)
2019-06-14 09:59:43,379 INFO  server.RaftServerConfigKeys (ConfUtils.java:logGet(43)) - raft.server.log.appender.install.snapshot.enabled = true (default)
2019-06-14 09:59:43,379 INFO  impl.RaftServerImpl (RaftServerImpl.java:<init>(91)) - 1845a6e9-f26a-431d-840f-a7605bb56c56: new RaftServerImpl for group-B138755D2632:[e863c32a-23fa-4d35-89d2-b1387367ea81:192.168.105.157:45887, 89c164bd-7212-42b9-8fec-3ff5fbec6172:192.168.105.157:35963, 1845a6e9-f26a-431d-840f-a7605bb56c56:192.168.105.157:46457] with ContainerStateMachine:uninitialized
2019-06-14 09:59:43,379 INFO  impl.RaftServerImpl (ServerState.java:<init>(101)) - 89c164bd-7212-42b9-8fec-3ff5fbec6172:group-B138755D2632 ConfigurationManager, init=-1: [e863c32a-23fa-4d35-89d2-b1387367ea81:192.168.105.157:45887, 89c164bd-7212-42b9-8fec-3ff5fbec6172:192.168.105.157:35963, 1845a6e9-f26a-431d-840f-a7605bb56c56:192.168.105.157:46457], old=null, confs=<EMPTY_MAP>
2019-06-14 09:59:43,379 INFO  server.RaftServerConfigKeys (ConfUtils.java:logGet(43)) - raft.server.rpc.timeout.min = 1s (custom)
2019-06-14 09:59:43,379 INFO  server.RaftServerConfigKeys (ConfUtils.java:logGet(43)) - raft.server.storage.dir = [/opt/src/hadoop-ozone/integration-test/target/test-dir/MiniOzoneClusterImpl-91872854-c130-40f1-845e-2674cfb4b648/datanode-5/data/ratis] (custom)
2019-06-14 09:59:43,379 INFO  server.RaftServerConfigKeys (ConfUtils.java:logGet(43)) - raft.server.rpc.timeout.max = 1200ms (custom)
2019-06-14 09:59:43,379 INFO  server.RaftServerConfigKeys (ConfUtils.java:logGet(43)) - raft.server.rpcslowness.timeout = 120s (custom)
2019-06-14 09:59:43,379 INFO  server.RaftServerConfigKeys (ConfUtils.java:logGet(43)) - raft.server.log.appender.install.snapshot.enabled = true (default)
2019-06-14 09:59:43,379 INFO  storage.RaftStorageDirectory (RaftStorageDirectory.java:analyzeStorage(246)) - The storage directory /opt/src/hadoop-ozone/integration-test/target/test-dir/MiniOzoneClusterImpl-91872854-c130-40f1-845e-2674cfb4b648/datanode-5/data/ratis/53159476-dc9f-4466-8022-b138755d2632 does not exist. Creating ...
2019-06-14 09:59:43,380 INFO  impl.RaftServerImpl (ServerState.java:<init>(101)) - 1845a6e9-f26a-431d-840f-a7605bb56c56:group-B138755D2632 ConfigurationManager, init=-1: [e863c32a-23fa-4d35-89d2-b1387367ea81:192.168.105.157:45887, 89c164bd-7212-42b9-8fec-3ff5fbec6172:192.168.105.157:35963, 1845a6e9-f26a-431d-840f-a7605bb56c56:192.168.105.157:46457], old=null, confs=<EMPTY_MAP>
2019-06-14 09:59:43,380 INFO  server.RaftServerConfigKeys (ConfUtils.java:logGet(43)) - raft.server.storage.dir = [/opt/src/hadoop-ozone/integration-test/target/test-dir/MiniOzoneClusterImpl-91872854-c130-40f1-845e-2674cfb4b648/datanode-3/data/ratis] (custom)
2019-06-14 09:59:43,380 INFO  storage.RaftStorageDirectory (RaftStorageDirectory.java:analyzeStorage(246)) - The storage directory /opt/src/hadoop-ozone/integration-test/target/test-dir/MiniOzoneClusterImpl-91872854-c130-40f1-845e-2674cfb4b648/datanode-3/data/ratis/53159476-dc9f-4466-8022-b138755d2632 does not exist. Creating ...
2019-06-14 09:59:43,380 INFO  impl.RaftServerImpl (RaftServerImpl.java:<init>(91)) - e863c32a-23fa-4d35-89d2-b1387367ea81: new RaftServerImpl for group-B138755D2632:[e863c32a-23fa-4d35-89d2-b1387367ea81:192.168.105.157:45887, 89c164bd-7212-42b9-8fec-3ff5fbec6172:192.168.105.157:35963, 1845a6e9-f26a-431d-840f-a7605bb56c56:192.168.105.157:46457] with ContainerStateMachine:uninitialized
2019-06-14 09:59:43,381 INFO  server.RaftServerConfigKeys (ConfUtils.java:logGet(43)) - raft.server.rpc.timeout.min = 1s (custom)
2019-06-14 09:59:43,381 INFO  server.RaftServerConfigKeys (ConfUtils.java:logGet(43)) - raft.server.rpc.timeout.max = 1200ms (custom)
2019-06-14 09:59:43,381 INFO  server.RaftServerConfigKeys (ConfUtils.java:logGet(43)) - raft.server.rpcslowness.timeout = 120s (custom)
2019-06-14 09:59:43,381 INFO  server.RaftServerConfigKeys (ConfUtils.java:logGet(43)) - raft.server.log.appender.install.snapshot.enabled = true (default)
2019-06-14 09:59:43,381 INFO  impl.RaftServerImpl (ServerState.java:<init>(101)) - e863c32a-23fa-4d35-89d2-b1387367ea81:group-B138755D2632 ConfigurationManager, init=-1: [e863c32a-23fa-4d35-89d2-b1387367ea81:192.168.105.157:45887, 89c164bd-7212-42b9-8fec-3ff5fbec6172:192.168.105.157:35963, 1845a6e9-f26a-431d-840f-a7605bb56c56:192.168.105.157:46457], old=null, confs=<EMPTY_MAP>
2019-06-14 09:59:43,381 INFO  server.RaftServerConfigKeys (ConfUtils.java:logGet(43)) - raft.server.storage.dir = [/opt/src/hadoop-ozone/integration-test/target/test-dir/MiniOzoneClusterImpl-91872854-c130-40f1-845e-2674cfb4b648/datanode-4/data/ratis] (custom)
2019-06-14 09:59:43,381 INFO  storage.RaftStorageDirectory (RaftStorageDirectory.java:analyzeStorage(246)) - The storage directory /opt/src/hadoop-ozone/integration-test/target/test-dir/MiniOzoneClusterImpl-91872854-c130-40f1-845e-2674cfb4b648/datanode-4/data/ratis/53159476-dc9f-4466-8022-b138755d2632 does not exist. Creating ...
2019-06-14 09:59:43,382 INFO  storage.RaftStorageDirectory (RaftStorageDirectory.java:tryLock(328)) - Lock on /opt/src/hadoop-ozone/integration-test/target/test-dir/MiniOzoneClusterImpl-91872854-c130-40f1-845e-2674cfb4b648/datanode-5/data/ratis/53159476-dc9f-4466-8022-b138755d2632/in_use.lock acquired by nodename 13879@ozone-mm759-2607770056
2019-06-14 09:59:43,382 INFO  storage.RaftStorageDirectory (RaftStorageDirectory.java:tryLock(328)) - Lock on /opt/src/hadoop-ozone/integration-test/target/test-dir/MiniOzoneClusterImpl-91872854-c130-40f1-845e-2674cfb4b648/datanode-3/data/ratis/53159476-dc9f-4466-8022-b138755d2632/in_use.lock acquired by nodename 13879@ozone-mm759-2607770056
2019-06-14 09:59:43,383 INFO  storage.RaftStorageDirectory (RaftStorageDirectory.java:tryLock(328)) - Lock on /opt/src/hadoop-ozone/integration-test/target/test-dir/MiniOzoneClusterImpl-91872854-c130-40f1-845e-2674cfb4b648/datanode-4/data/ratis/53159476-dc9f-4466-8022-b138755d2632/in_use.lock acquired by nodename 13879@ozone-mm759-2607770056
2019-06-14 09:59:43,385 INFO  storage.RaftStorage (RaftStorage.java:format(75)) - Storage directory /opt/src/hadoop-ozone/integration-test/target/test-dir/MiniOzoneClusterImpl-91872854-c130-40f1-845e-2674cfb4b648/datanode-5/data/ratis/53159476-dc9f-4466-8022-b138755d2632 has been successfully formatted.
2019-06-14 09:59:43,385 INFO  storage.RaftStorage (RaftStorage.java:format(75)) - Storage directory /opt/src/hadoop-ozone/integration-test/target/test-dir/MiniOzoneClusterImpl-91872854-c130-40f1-845e-2674cfb4b648/datanode-3/data/ratis/53159476-dc9f-4466-8022-b138755d2632 has been successfully formatted.
2019-06-14 09:59:43,385 INFO  ratis.ContainerStateMachine (ContainerStateMachine.java:loadSnapshot(199)) - The snapshot info is null.Setting the last applied index to:(t:0, i:~)
2019-06-14 09:59:43,385 INFO  ratis.ContainerStateMachine (ContainerStateMachine.java:loadSnapshot(199)) - The snapshot info is null.Setting the last applied index to:(t:0, i:~)
2019-06-14 09:59:43,385 INFO  server.RaftServerConfigKeys (ConfUtils.java:logGet(43)) - raft.server.leader.election.timeout = 120s (custom)
2019-06-14 09:59:43,385 INFO  server.RaftServerConfigKeys (ConfUtils.java:logGet(43)) - raft.server.leader.election.timeout = 120s (custom)
2019-06-14 09:59:43,385 INFO  server.RaftServerConfigKeys (ConfUtils.java:logGet(43)) - raft.server.log.use.memory = false (default)
2019-06-14 09:59:43,385 INFO  server.RaftServerConfigKeys (ConfUtils.java:logGet(43)) - raft.server.log.use.memory = false (default)
2019-06-14 09:59:43,385 INFO  server.RaftServerConfigKeys (ConfUtils.java:logGet(43)) - raft.server.log.appender.buffer.byte-limit = 33554432 (custom)
2019-06-14 09:59:43,385 INFO  server.RaftServerConfigKeys (ConfUtils.java:logGet(43)) - raft.server.log.appender.buffer.byte-limit = 33554432 (custom)
2019-06-14 09:59:43,385 INFO  server.RaftServerConfigKeys (ConfUtils.java:logGet(43)) - raft.server.log.segment.size.max = 16384 (custom)
2019-06-14 09:59:43,385 INFO  server.RaftServerConfigKeys (ConfUtils.java:logGet(43)) - raft.server.log.segment.size.max = 16384 (custom)
2019-06-14 09:59:43,385 INFO  server.RaftServerConfigKeys (ConfUtils.java:logGet(43)) - raft.server.log.segment.cache.num.max = 2 (custom)
2019-06-14 09:59:43,386 INFO  server.RaftServerConfigKeys (ConfUtils.java:logGet(43)) - raft.server.log.segment.cache.num.max = 2 (custom)
2019-06-14 09:59:43,386 INFO  storage.RaftLogWorker (RaftLogWorker.java:<init>(123)) - new 89c164bd-7212-42b9-8fec-3ff5fbec6172-RaftLogWorker for Storage Directory /opt/src/hadoop-ozone/integration-test/target/test-dir/MiniOzoneClusterImpl-91872854-c130-40f1-845e-2674cfb4b648/datanode-5/data/ratis/53159476-dc9f-4466-8022-b138755d2632
2019-06-14 09:59:43,386 INFO  storage.RaftLogWorker (RaftLogWorker.java:<init>(123)) - new 1845a6e9-f26a-431d-840f-a7605bb56c56-RaftLogWorker for Storage Directory /opt/src/hadoop-ozone/integration-test/target/test-dir/MiniOzoneClusterImpl-91872854-c130-40f1-845e-2674cfb4b648/datanode-3/data/ratis/53159476-dc9f-4466-8022-b138755d2632
2019-06-14 09:59:43,386 INFO  server.RaftServerConfigKeys (ConfUtils.java:logGet(43)) - raft.server.log.queue.byte-limit = 2147483647 (custom)
2019-06-14 09:59:43,386 INFO  server.RaftServerConfigKeys (ConfUtils.java:logGet(43)) - raft.server.log.queue.element-limit = 1024 (custom)
2019-06-14 09:59:43,386 INFO  server.RaftServerConfigKeys (ConfUtils.java:logGet(43)) - raft.server.log.segment.size.max = 16384 (custom)
2019-06-14 09:59:43,386 INFO  server.RaftServerConfigKeys (ConfUtils.java:logGet(43)) - raft.server.log.preallocated.size = 16384 (custom)
2019-06-14 09:59:43,386 INFO  server.RaftServerConfigKeys (ConfUtils.java:logGet(43)) - raft.server.log.write.buffer.size = 33554432 (custom)
2019-06-14 09:59:43,386 INFO  server.RaftServerConfigKeys (ConfUtils.java:logGet(43)) - raft.server.log.force.sync.num = 128 (default)
2019-06-14 09:59:43,386 INFO  server.RaftServerConfigKeys (ConfUtils.java:logGet(43)) - raft.server.log.statemachine.data.sync = true (default)
2019-06-14 09:59:43,386 INFO  server.RaftServerConfigKeys (ConfUtils.java:logGet(43)) - raft.server.log.statemachine.data.sync.timeout = 10s (default)
2019-06-14 09:59:43,386 INFO  server.RaftServerConfigKeys (ConfUtils.java:logGet(43)) - raft.server.log.queue.byte-limit = 2147483647 (custom)
2019-06-14 09:59:43,387 INFO  server.RaftServerConfigKeys (ConfUtils.java:logGet(43)) - raft.server.log.statemachine.data.sync.timeout.retry = -1 (default)
2019-06-14 09:59:43,386 INFO  storage.RaftStorage (RaftStorage.java:format(75)) - Storage directory /opt/src/hadoop-ozone/integration-test/target/test-dir/MiniOzoneClusterImpl-91872854-c130-40f1-845e-2674cfb4b648/datanode-4/data/ratis/53159476-dc9f-4466-8022-b138755d2632 has been successfully formatted.
2019-06-14 09:59:43,387 INFO  server.RaftServerConfigKeys (ConfUtils.java:logGet(43)) - raft.server.log.statemachine.data.caching.enabled = true (custom)
2019-06-14 09:59:43,387 INFO  server.RaftServerConfigKeys (ConfUtils.java:logGet(43)) - raft.server.log.queue.element-limit = 1024 (custom)
2019-06-14 09:59:43,387 INFO  ratis.ContainerStateMachine (ContainerStateMachine.java:loadSnapshot(199)) - The snapshot info is null.Setting the last applied index to:(t:0, i:~)
2019-06-14 09:59:43,387 INFO  server.RaftServerConfigKeys (ConfUtils.java:logGet(43)) - raft.server.log.segment.size.max = 16384 (custom)
2019-06-14 09:59:43,387 INFO  server.RaftServerConfigKeys (ConfUtils.java:logGet(43)) - raft.server.snapshot.auto.trigger.enabled = true (custom)
2019-06-14 09:59:43,387 INFO  server.RaftServerConfigKeys (ConfUtils.java:logGet(43)) - raft.server.leader.election.timeout = 120s (custom)
2019-06-14 09:59:43,387 INFO  server.RaftServerConfigKeys (ConfUtils.java:logGet(43)) - raft.server.snapshot.auto.trigger.threshold = 10000 (custom)
2019-06-14 09:59:43,387 INFO  server.RaftServerConfigKeys (ConfUtils.java:logGet(43)) - raft.server.log.preallocated.size = 16384 (custom)
2019-06-14 09:59:43,388 INFO  server.RaftServerConfigKeys (ConfUtils.java:logGet(43)) - raft.server.retrycache.expirytime = 600000ms (custom)
2019-06-14 09:59:43,388 INFO  server.RaftServerConfigKeys (ConfUtils.java:logGet(43)) - raft.server.log.use.memory = false (default)
2019-06-14 09:59:43,388 INFO  impl.RaftServerImpl (RaftServerImpl.java:start(173)) - 89c164bd-7212-42b9-8fec-3ff5fbec6172: start group-B138755D2632
2019-06-14 09:59:43,388 INFO  server.RaftServerConfigKeys (ConfUtils.java:logGet(43)) - raft.server.log.write.buffer.size = 33554432 (custom)
2019-06-14 09:59:43,388 INFO  impl.RaftServerImpl (RaftServerImpl.java:setRole(164)) - 89c164bd-7212-42b9-8fec-3ff5fbec6172:group-B138755D2632 changes role from null to FOLLOWER at term 0 for startAsFollower
2019-06-14 09:59:43,388 INFO  server.RaftServerConfigKeys (ConfUtils.java:logGet(43)) - raft.server.log.appender.buffer.byte-limit = 33554432 (custom)
2019-06-14 09:59:43,388 INFO  impl.RoleInfo (RoleInfo.java:updateAndGet(143)) - 89c164bd-7212-42b9-8fec-3ff5fbec6172: start FollowerState
2019-06-14 09:59:43,388 INFO  server.RaftServerConfigKeys (ConfUtils.java:logGet(43)) - raft.server.log.force.sync.num = 128 (default)
2019-06-14 09:59:43,388 INFO  server.RaftServerConfigKeys (ConfUtils.java:logGet(43)) - raft.server.log.segment.size.max = 16384 (custom)
2019-06-14 09:59:43,389 INFO  server.RaftServerConfigKeys (ConfUtils.java:logGet(43)) - raft.server.log.segment.cache.num.max = 2 (custom)
2019-06-14 09:59:43,389 INFO  storage.RaftLogWorker (RaftLogWorker.java:<init>(123)) - new e863c32a-23fa-4d35-89d2-b1387367ea81-RaftLogWorker for Storage Directory /opt/src/hadoop-ozone/integration-test/target/test-dir/MiniOzoneClusterImpl-91872854-c130-40f1-845e-2674cfb4b648/datanode-4/data/ratis/53159476-dc9f-4466-8022-b138755d2632
2019-06-14 09:59:43,389 INFO  server.RaftServerConfigKeys (ConfUtils.java:logGet(43)) - raft.server.log.queue.byte-limit = 2147483647 (custom)
2019-06-14 09:59:43,389 INFO  server.RaftServerConfigKeys (ConfUtils.java:logGet(43)) - raft.server.log.queue.element-limit = 1024 (custom)
2019-06-14 09:59:43,389 INFO  server.RaftServerConfigKeys (ConfUtils.java:logGet(43)) - raft.server.log.segment.size.max = 16384 (custom)
2019-06-14 09:59:43,389 INFO  server.RaftServerConfigKeys (ConfUtils.java:logGet(43)) - raft.server.log.preallocated.size = 16384 (custom)
2019-06-14 09:59:43,389 INFO  server.RaftServerConfigKeys (ConfUtils.java:logGet(43)) - raft.server.log.write.buffer.size = 33554432 (custom)
2019-06-14 09:59:43,389 INFO  server.RaftServerConfigKeys (ConfUtils.java:logGet(43)) - raft.server.log.force.sync.num = 128 (default)
2019-06-14 09:59:43,390 INFO  server.RaftServerConfigKeys (ConfUtils.java:logGet(43)) - raft.server.log.statemachine.data.sync = true (default)
2019-06-14 09:59:43,390 INFO  server.RaftServerConfigKeys (ConfUtils.java:logGet(43)) - raft.server.log.statemachine.data.sync.timeout = 10s (default)
2019-06-14 09:59:43,390 INFO  server.RaftServerConfigKeys (ConfUtils.java:logGet(43)) - raft.server.log.statemachine.data.sync.timeout.retry = -1 (default)
2019-06-14 09:59:43,390 INFO  server.RaftServerConfigKeys (ConfUtils.java:logGet(43)) - raft.server.log.statemachine.data.sync = true (default)
2019-06-14 09:59:43,390 INFO  server.RaftServerConfigKeys (ConfUtils.java:logGet(43)) - raft.server.log.statemachine.data.sync.timeout = 10s (default)
2019-06-14 09:59:43,390 INFO  server.RaftServerConfigKeys (ConfUtils.java:logGet(43)) - raft.server.log.statemachine.data.sync.timeout.retry = -1 (default)
2019-06-14 09:59:43,390 INFO  server.RaftServerConfigKeys (ConfUtils.java:logGet(43)) - raft.server.log.statemachine.data.caching.enabled = true (custom)
2019-06-14 09:59:43,390 INFO  util.JmxRegister (JmxRegister.java:tryRegister(44)) - Successfully registered JMX Bean with object name Ratis:service=RaftServer,group=group-B138755D2632,id=89c164bd-7212-42b9-8fec-3ff5fbec6172
2019-06-14 09:59:43,391 INFO  server.RaftServerConfigKeys (ConfUtils.java:logGet(43)) - raft.server.log.statemachine.data.caching.enabled = true (custom)
2019-06-14 09:59:43,391 INFO  server.RaftServerConfigKeys (ConfUtils.java:logGet(43)) - raft.server.snapshot.auto.trigger.enabled = true (custom)
2019-06-14 09:59:43,391 INFO  server.RaftServerConfigKeys (ConfUtils.java:logGet(43)) - raft.server.snapshot.auto.trigger.threshold = 10000 (custom)
2019-06-14 09:59:43,391 INFO  server.RaftServerConfigKeys (ConfUtils.java:logGet(43)) - raft.server.retrycache.expirytime = 600000ms (custom)
2019-06-14 09:59:43,391 INFO  impl.RaftServerImpl (RaftServerImpl.java:start(173)) - 1845a6e9-f26a-431d-840f-a7605bb56c56: start group-B138755D2632
2019-06-14 09:59:43,391 INFO  impl.RaftServerImpl (RaftServerImpl.java:setRole(164)) - 1845a6e9-f26a-431d-840f-a7605bb56c56:group-B138755D2632 changes role from null to FOLLOWER at term 0 for startAsFollower
2019-06-14 09:59:43,392 INFO  impl.RoleInfo (RoleInfo.java:updateAndGet(143)) - 1845a6e9-f26a-431d-840f-a7605bb56c56: start FollowerState
2019-06-14 09:59:43,392 INFO  server.RaftServerConfigKeys (ConfUtils.java:logGet(43)) - raft.server.snapshot.auto.trigger.enabled = true (custom)
2019-06-14 09:59:43,392 INFO  server.RaftServerConfigKeys (ConfUtils.java:logGet(43)) - raft.server.snapshot.auto.trigger.threshold = 10000 (custom)
2019-06-14 09:59:43,394 INFO  server.RaftServerConfigKeys (ConfUtils.java:logGet(43)) - raft.server.retrycache.expirytime = 600000ms (custom)
2019-06-14 09:59:43,394 INFO  util.JmxRegister (JmxRegister.java:tryRegister(44)) - Successfully registered JMX Bean with object name Ratis:service=RaftServer,group=group-B138755D2632,id=1845a6e9-f26a-431d-840f-a7605bb56c56
2019-06-14 09:59:43,394 INFO  impl.RaftServerImpl (RaftServerImpl.java:start(173)) - e863c32a-23fa-4d35-89d2-b1387367ea81: start group-B138755D2632
2019-06-14 09:59:43,395 INFO  impl.RaftServerImpl (RaftServerImpl.java:setRole(164)) - e863c32a-23fa-4d35-89d2-b1387367ea81:group-B138755D2632 changes role from null to FOLLOWER at term 0 for startAsFollower
2019-06-14 09:59:43,395 INFO  impl.RoleInfo (RoleInfo.java:updateAndGet(143)) - e863c32a-23fa-4d35-89d2-b1387367ea81: start FollowerState
2019-06-14 09:59:43,396 INFO  util.JmxRegister (JmxRegister.java:tryRegister(44)) - Successfully registered JMX Bean with object name Ratis:service=RaftServer,group=group-B138755D2632,id=e863c32a-23fa-4d35-89d2-b1387367ea81
2019-06-14 09:59:43,399 INFO  pipeline.PipelineStateManager (PipelineStateManager.java:addPipeline(56)) - Created pipeline Pipeline[ Id: 53159476-dc9f-4466-8022-b138755d2632, Nodes: 89c164bd-7212-42b9-8fec-3ff5fbec6172{ip: 192.168.105.157, host: ozone-mm759-2607770056, networkLocation: /default-rack, certSerialId: null}1845a6e9-f26a-431d-840f-a7605bb56c56{ip: 192.168.105.157, host: ozone-mm759-2607770056, networkLocation: /default-rack, certSerialId: null}e863c32a-23fa-4d35-89d2-b1387367ea81{ip: 192.168.105.157, host: ozone-mm759-2607770056, networkLocation: /default-rack, certSerialId: null}, Type:RATIS, Factor:THREE, State:OPEN]
2019-06-14 09:59:43,764 INFO  impl.FollowerState (FollowerState.java:run(101)) - 8129c50c-9bc8-4759-a93f-44b2a72c2f6d:group-3BF56090A4F1 changes to CANDIDATE, lastRpcTime:1179, electionTimeout:1179ms
2019-06-14 09:59:43,765 INFO  impl.RoleInfo (RoleInfo.java:shutdownFollowerState(121)) - 8129c50c-9bc8-4759-a93f-44b2a72c2f6d: shutdown FollowerState
2019-06-14 09:59:43,765 INFO  impl.RaftServerImpl (RaftServerImpl.java:setRole(164)) - 8129c50c-9bc8-4759-a93f-44b2a72c2f6d:group-3BF56090A4F1 changes role from FOLLOWER to CANDIDATE at term 0 for changeToCandidate
2019-06-14 09:59:43,765 INFO  impl.RoleInfo (RoleInfo.java:updateAndGet(143)) - 8129c50c-9bc8-4759-a93f-44b2a72c2f6d: start LeaderElection
2019-06-14 09:59:43,771 INFO  impl.LeaderElection (LeaderElection.java:askForVotes(181)) - 8129c50c-9bc8-4759-a93f-44b2a72c2f6d:group-3BF56090A4F1:LeaderElection14: begin an election at term 1 for -1: [8129c50c-9bc8-4759-a93f-44b2a72c2f6d:192.168.105.157:34445], old=null
2019-06-14 09:59:43,772 INFO  impl.RoleInfo (RoleInfo.java:shutdownLeaderElection(134)) - 8129c50c-9bc8-4759-a93f-44b2a72c2f6d: shutdown LeaderElection
2019-06-14 09:59:43,772 INFO  impl.RaftServerImpl (RaftServerImpl.java:setRole(164)) - 8129c50c-9bc8-4759-a93f-44b2a72c2f6d:group-3BF56090A4F1 changes role from CANDIDATE to LEADER at term 1 for changeToLeader
2019-06-14 09:59:43,772 INFO  impl.RaftServerImpl (ServerState.java:setLeader(263)) - 8129c50c-9bc8-4759-a93f-44b2a72c2f6d:group-3BF56090A4F1 change Leader from null to 8129c50c-9bc8-4759-a93f-44b2a72c2f6d at term 1 for becomeLeader, leader elected after 1188ms
2019-06-14 09:59:43,773 INFO  server.RaftServerConfigKeys (ConfUtils.java:logGet(43)) - raft.server.staging.catchup.gap = 1000 (default)
2019-06-14 09:59:43,773 INFO  server.RaftServerConfigKeys (ConfUtils.java:logGet(43)) - raft.server.rpc.sleep.time = 25ms (default)
2019-06-14 09:59:43,773 INFO  server.RaftServerConfigKeys (ConfUtils.java:logGet(43)) - raft.server.watch.timeout = 10s (default)
2019-06-14 09:59:43,773 INFO  server.RaftServerConfigKeys (ConfUtils.java:logGet(43)) - raft.server.watch.timeout.denomination = 1s (default)
2019-06-14 09:59:43,773 INFO  impl.RoleInfo (RoleInfo.java:updateAndGet(143)) - 8129c50c-9bc8-4759-a93f-44b2a72c2f6d: start LeaderState
2019-06-14 09:59:43,773 INFO  storage.RaftLogWorker (RaftLogWorker.java:startLogSegment(298)) - 8129c50c-9bc8-4759-a93f-44b2a72c2f6d-RaftLogWorker: Starting segment from index:0
2019-06-14 09:59:43,774 INFO  impl.RaftServerImpl (ServerState.java:setRaftConf(361)) - 8129c50c-9bc8-4759-a93f-44b2a72c2f6d:group-3BF56090A4F1 set configuration 0: [8129c50c-9bc8-4759-a93f-44b2a72c2f6d:192.168.105.157:34445], old=null at 0
2019-06-14 09:59:43,791 INFO  impl.FollowerState (FollowerState.java:run(101)) - 7270204c-9aa3-420e-9bd9-28c0ed5919e2:group-1E827A73454A changes to CANDIDATE, lastRpcTime:1051, electionTimeout:1044ms
2019-06-14 09:59:43,791 INFO  impl.RoleInfo (RoleInfo.java:shutdownFollowerState(121)) - 7270204c-9aa3-420e-9bd9-28c0ed5919e2: shutdown FollowerState
2019-06-14 09:59:43,791 INFO  impl.RaftServerImpl (RaftServerImpl.java:setRole(164)) - 7270204c-9aa3-420e-9bd9-28c0ed5919e2:group-1E827A73454A changes role from FOLLOWER to CANDIDATE at term 0 for changeToCandidate
2019-06-14 09:59:43,791 INFO  impl.RoleInfo (RoleInfo.java:updateAndGet(143)) - 7270204c-9aa3-420e-9bd9-28c0ed5919e2: start LeaderElection
2019-06-14 09:59:43,810 INFO  storage.RaftLogWorker (RaftLogWorker.java:execute(469)) - 8129c50c-9bc8-4759-a93f-44b2a72c2f6d-RaftLogWorker: created new log segment /opt/src/hadoop-ozone/integration-test/target/test-dir/MiniOzoneClusterImpl-91872854-c130-40f1-845e-2674cfb4b648/datanode-0/data/ratis/0296b7df-e0a4-4fc9-a2cd-3bf56090a4f1/current/log_inprogress_0
2019-06-14 09:59:43,812 INFO  impl.LeaderElection (LeaderElection.java:askForVotes(181)) - 7270204c-9aa3-420e-9bd9-28c0ed5919e2:group-1E827A73454A:LeaderElection15: begin an election at term 1 for -1: [7270204c-9aa3-420e-9bd9-28c0ed5919e2:192.168.105.157:37253], old=null
2019-06-14 09:59:43,812 INFO  impl.RoleInfo (RoleInfo.java:shutdownLeaderElection(134)) - 7270204c-9aa3-420e-9bd9-28c0ed5919e2: shutdown LeaderElection
2019-06-14 09:59:43,812 INFO  impl.RaftServerImpl (RaftServerImpl.java:setRole(164)) - 7270204c-9aa3-420e-9bd9-28c0ed5919e2:group-1E827A73454A changes role from CANDIDATE to LEADER at term 1 for changeToLeader
2019-06-14 09:59:43,812 INFO  impl.RaftServerImpl (ServerState.java:setLeader(263)) - 7270204c-9aa3-420e-9bd9-28c0ed5919e2:group-1E827A73454A change Leader from null to 7270204c-9aa3-420e-9bd9-28c0ed5919e2 at term 1 for becomeLeader, leader elected after 1074ms
2019-06-14 09:59:43,816 INFO  server.RaftServerConfigKeys (ConfUtils.java:logGet(43)) - raft.server.staging.catchup.gap = 1000 (default)
2019-06-14 09:59:43,816 INFO  server.RaftServerConfigKeys (ConfUtils.java:logGet(43)) - raft.server.rpc.sleep.time = 25ms (default)
2019-06-14 09:59:43,816 INFO  server.RaftServerConfigKeys (ConfUtils.java:logGet(43)) - raft.server.watch.timeout = 10s (default)
2019-06-14 09:59:43,816 INFO  server.RaftServerConfigKeys (ConfUtils.java:logGet(43)) - raft.server.watch.timeout.denomination = 1s (default)
2019-06-14 09:59:43,816 INFO  impl.RoleInfo (RoleInfo.java:updateAndGet(143)) - 7270204c-9aa3-420e-9bd9-28c0ed5919e2: start LeaderState
2019-06-14 09:59:43,816 INFO  storage.RaftLogWorker (RaftLogWorker.java:startLogSegment(298)) - 7270204c-9aa3-420e-9bd9-28c0ed5919e2-RaftLogWorker: Starting segment from index:0
2019-06-14 09:59:43,817 INFO  impl.RaftServerImpl (ServerState.java:setRaftConf(361)) - 7270204c-9aa3-420e-9bd9-28c0ed5919e2:group-1E827A73454A set configuration 0: [7270204c-9aa3-420e-9bd9-28c0ed5919e2:192.168.105.157:37253], old=null at 0
2019-06-14 09:59:43,853 INFO  storage.RaftLogWorker (RaftLogWorker.java:execute(469)) - 7270204c-9aa3-420e-9bd9-28c0ed5919e2-RaftLogWorker: created new log segment /opt/src/hadoop-ozone/integration-test/target/test-dir/MiniOzoneClusterImpl-91872854-c130-40f1-845e-2674cfb4b648/datanode-1/data/ratis/5d3c8c04-cf39-4ebb-ba53-1e827a73454a/current/log_inprogress_0
2019-06-14 09:59:43,940 INFO  impl.FollowerState (FollowerState.java:run(101)) - 65f1f17d-ee04-4df8-a60f-9d4d6a7e9aaf:group-287FBCFADA64 changes to CANDIDATE, lastRpcTime:1061, electionTimeout:1061ms
2019-06-14 09:59:43,940 INFO  impl.RoleInfo (RoleInfo.java:shutdownFollowerState(121)) - 65f1f17d-ee04-4df8-a60f-9d4d6a7e9aaf: shutdown FollowerState
2019-06-14 09:59:43,940 INFO  impl.RaftServerImpl (RaftServerImpl.java:setRole(164)) - 65f1f17d-ee04-4df8-a60f-9d4d6a7e9aaf:group-287FBCFADA64 changes role from FOLLOWER to CANDIDATE at term 0 for changeToCandidate
2019-06-14 09:59:43,941 INFO  impl.RoleInfo (RoleInfo.java:updateAndGet(143)) - 65f1f17d-ee04-4df8-a60f-9d4d6a7e9aaf: start LeaderElection
2019-06-14 09:59:43,950 INFO  impl.LeaderElection (LeaderElection.java:askForVotes(181)) - 65f1f17d-ee04-4df8-a60f-9d4d6a7e9aaf:group-287FBCFADA64:LeaderElection16: begin an election at term 1 for -1: [65f1f17d-ee04-4df8-a60f-9d4d6a7e9aaf:192.168.105.157:45581], old=null
2019-06-14 09:59:43,951 INFO  impl.RoleInfo (RoleInfo.java:shutdownLeaderElection(134)) - 65f1f17d-ee04-4df8-a60f-9d4d6a7e9aaf: shutdown LeaderElection
2019-06-14 09:59:43,951 INFO  impl.RaftServerImpl (RaftServerImpl.java:setRole(164)) - 65f1f17d-ee04-4df8-a60f-9d4d6a7e9aaf:group-287FBCFADA64 changes role from CANDIDATE to LEADER at term 1 for changeToLeader
2019-06-14 09:59:43,951 INFO  impl.RaftServerImpl (ServerState.java:setLeader(263)) - 65f1f17d-ee04-4df8-a60f-9d4d6a7e9aaf:group-287FBCFADA64 change Leader from null to 65f1f17d-ee04-4df8-a60f-9d4d6a7e9aaf at term 1 for becomeLeader, leader elected after 1073ms
2019-06-14 09:59:43,951 INFO  server.RaftServerConfigKeys (ConfUtils.java:logGet(43)) - raft.server.staging.catchup.gap = 1000 (default)
2019-06-14 09:59:43,951 INFO  server.RaftServerConfigKeys (ConfUtils.java:logGet(43)) - raft.server.rpc.sleep.time = 25ms (default)
2019-06-14 09:59:43,951 INFO  server.RaftServerConfigKeys (ConfUtils.java:logGet(43)) - raft.server.watch.timeout = 10s (default)
2019-06-14 09:59:43,951 INFO  server.RaftServerConfigKeys (ConfUtils.java:logGet(43)) - raft.server.watch.timeout.denomination = 1s (default)
2019-06-14 09:59:43,951 INFO  impl.RoleInfo (RoleInfo.java:updateAndGet(143)) - 65f1f17d-ee04-4df8-a60f-9d4d6a7e9aaf: start LeaderState
2019-06-14 09:59:43,951 INFO  storage.RaftLogWorker (RaftLogWorker.java:startLogSegment(298)) - 65f1f17d-ee04-4df8-a60f-9d4d6a7e9aaf-RaftLogWorker: Starting segment from index:0
2019-06-14 09:59:43,952 INFO  impl.RaftServerImpl (ServerState.java:setRaftConf(361)) - 65f1f17d-ee04-4df8-a60f-9d4d6a7e9aaf:group-287FBCFADA64 set configuration 0: [65f1f17d-ee04-4df8-a60f-9d4d6a7e9aaf:192.168.105.157:45581], old=null at 0
2019-06-14 09:59:43,989 INFO  storage.RaftLogWorker (RaftLogWorker.java:execute(469)) - 65f1f17d-ee04-4df8-a60f-9d4d6a7e9aaf-RaftLogWorker: created new log segment /opt/src/hadoop-ozone/integration-test/target/test-dir/MiniOzoneClusterImpl-91872854-c130-40f1-845e-2674cfb4b648/datanode-2/data/ratis/ca32f2b2-1575-4556-871b-287fbcfada64/current/log_inprogress_0
2019-06-14 09:59:43,994 INFO  impl.FollowerState (FollowerState.java:run(101)) - 65f1f17d-ee04-4df8-a60f-9d4d6a7e9aaf:group-0B3A641D9B57 changes to CANDIDATE, lastRpcTime:1094, electionTimeout:1094ms
2019-06-14 09:59:43,994 INFO  impl.RoleInfo (RoleInfo.java:shutdownFollowerState(121)) - 65f1f17d-ee04-4df8-a60f-9d4d6a7e9aaf: shutdown FollowerState
2019-06-14 09:59:43,994 INFO  impl.RaftServerImpl (RaftServerImpl.java:setRole(164)) - 65f1f17d-ee04-4df8-a60f-9d4d6a7e9aaf:group-0B3A641D9B57 changes role from FOLLOWER to CANDIDATE at term 0 for changeToCandidate
2019-06-14 09:59:43,994 INFO  impl.RoleInfo (RoleInfo.java:updateAndGet(143)) - 65f1f17d-ee04-4df8-a60f-9d4d6a7e9aaf: start LeaderElection
2019-06-14 09:59:43,999 INFO  impl.LeaderElection (LeaderElection.java:askForVotes(181)) - 65f1f17d-ee04-4df8-a60f-9d4d6a7e9aaf:group-0B3A641D9B57:LeaderElection17: begin an election at term 1 for -1: [65f1f17d-ee04-4df8-a60f-9d4d6a7e9aaf:192.168.105.157:45581, 7270204c-9aa3-420e-9bd9-28c0ed5919e2:192.168.105.157:37253, 8129c50c-9bc8-4759-a93f-44b2a72c2f6d:192.168.105.157:34445], old=null
2019-06-14 09:59:44,000 INFO  impl.FollowerState (FollowerState.java:run(101)) - 8129c50c-9bc8-4759-a93f-44b2a72c2f6d:group-0B3A641D9B57 changes to CANDIDATE, lastRpcTime:1092, electionTimeout:1092ms
2019-06-14 09:59:44,000 INFO  impl.RoleInfo (RoleInfo.java:shutdownFollowerState(121)) - 8129c50c-9bc8-4759-a93f-44b2a72c2f6d: shutdown FollowerState
2019-06-14 09:59:44,000 INFO  impl.RaftServerImpl (RaftServerImpl.java:setRole(164)) - 8129c50c-9bc8-4759-a93f-44b2a72c2f6d:group-0B3A641D9B57 changes role from FOLLOWER to CANDIDATE at term 0 for changeToCandidate
2019-06-14 09:59:44,000 INFO  impl.RoleInfo (RoleInfo.java:updateAndGet(143)) - 8129c50c-9bc8-4759-a93f-44b2a72c2f6d: start LeaderElection
2019-06-14 09:59:44,007 INFO  impl.LeaderElection (LeaderElection.java:askForVotes(181)) - 8129c50c-9bc8-4759-a93f-44b2a72c2f6d:group-0B3A641D9B57:LeaderElection18: begin an election at term 1 for -1: [65f1f17d-ee04-4df8-a60f-9d4d6a7e9aaf:192.168.105.157:45581, 7270204c-9aa3-420e-9bd9-28c0ed5919e2:192.168.105.157:37253, 8129c50c-9bc8-4759-a93f-44b2a72c2f6d:192.168.105.157:34445], old=null
2019-06-14 09:59:44,018 INFO  impl.RaftServerImpl (RaftServerImpl.java:setRole(164)) - 7270204c-9aa3-420e-9bd9-28c0ed5919e2:group-0B3A641D9B57 changes role from FOLLOWER to FOLLOWER at term 1 for recognizeCandidate:65f1f17d-ee04-4df8-a60f-9d4d6a7e9aaf
2019-06-14 09:59:44,018 INFO  impl.RoleInfo (RoleInfo.java:shutdownFollowerState(121)) - 7270204c-9aa3-420e-9bd9-28c0ed5919e2: shutdown FollowerState
2019-06-14 09:59:44,018 INFO  impl.FollowerState (FollowerState.java:run(109)) - 7270204c-9aa3-420e-9bd9-28c0ed5919e2: FollowerState was interrupted: java.lang.InterruptedException: sleep interrupted
2019-06-14 09:59:44,018 INFO  impl.RoleInfo (RoleInfo.java:updateAndGet(143)) - 7270204c-9aa3-420e-9bd9-28c0ed5919e2: start FollowerState
2019-06-14 09:59:44,024 INFO  impl.LeaderElection (LeaderElection.java:logAndReturn(56)) - 65f1f17d-ee04-4df8-a60f-9d4d6a7e9aaf:group-0B3A641D9B57:LeaderElection17: Election PASSED; received 2 response(s) [65f1f17d-ee04-4df8-a60f-9d4d6a7e9aaf->7270204c-9aa3-420e-9bd9-28c0ed5919e2,true-t1, 65f1f17d-ee04-4df8-a60f-9d4d6a7e9aaf->8129c50c-9bc8-4759-a93f-44b2a72c2f6d,false-t1] and 0 exception(s); 65f1f17d-ee04-4df8-a60f-9d4d6a7e9aaf:t1, leader=null, voted=65f1f17d-ee04-4df8-a60f-9d4d6a7e9aaf, raftlog=65f1f17d-ee04-4df8-a60f-9d4d6a7e9aaf-SegmentedRaftLog:OPENED:c-1,f-1,i0, conf=-1: [65f1f17d-ee04-4df8-a60f-9d4d6a7e9aaf:192.168.105.157:45581, 7270204c-9aa3-420e-9bd9-28c0ed5919e2:192.168.105.157:37253, 8129c50c-9bc8-4759-a93f-44b2a72c2f6d:192.168.105.157:34445], old=null
2019-06-14 09:59:44,024 INFO  impl.RoleInfo (RoleInfo.java:shutdownLeaderElection(134)) - 65f1f17d-ee04-4df8-a60f-9d4d6a7e9aaf: shutdown LeaderElection
2019-06-14 09:59:44,024 INFO  impl.RaftServerImpl (RaftServerImpl.java:setRole(164)) - 65f1f17d-ee04-4df8-a60f-9d4d6a7e9aaf:group-0B3A641D9B57 changes role from CANDIDATE to LEADER at term 1 for changeToLeader
2019-06-14 09:59:44,024 INFO  impl.RaftServerImpl (ServerState.java:setLeader(263)) - 65f1f17d-ee04-4df8-a60f-9d4d6a7e9aaf:group-0B3A641D9B57 change Leader from null to 65f1f17d-ee04-4df8-a60f-9d4d6a7e9aaf at term 1 for becomeLeader, leader elected after 1128ms
2019-06-14 09:59:44,024 INFO  server.RaftServerConfigKeys (ConfUtils.java:logGet(43)) - raft.server.staging.catchup.gap = 1000 (default)
2019-06-14 09:59:44,025 INFO  server.RaftServerConfigKeys (ConfUtils.java:logGet(43)) - raft.server.rpc.sleep.time = 25ms (default)
2019-06-14 09:59:44,025 INFO  server.RaftServerConfigKeys (ConfUtils.java:logGet(43)) - raft.server.watch.timeout = 10s (default)
2019-06-14 09:59:44,025 INFO  server.RaftServerConfigKeys (ConfUtils.java:logGet(43)) - raft.server.watch.timeout.denomination = 1s (default)
2019-06-14 09:59:44,025 INFO  server.RaftServerConfigKeys (ConfUtils.java:logGet(43)) - raft.server.log.appender.snapshot.chunk.size.max = 16MB (=16777216) (default)
2019-06-14 09:59:44,025 INFO  server.RaftServerConfigKeys (ConfUtils.java:logGet(43)) - raft.server.log.appender.buffer.byte-limit = 33554432 (custom)
2019-06-14 09:59:44,025 INFO  server.RaftServerConfigKeys (ConfUtils.java:logGet(43)) - raft.server.log.appender.buffer.element-limit = 1 (custom)
2019-06-14 09:59:44,025 INFO  grpc.GrpcConfigKeys$Server (ConfUtils.java:logGet(43)) - raft.grpc.server.leader.outstanding.appends.max = 128 (default)
2019-06-14 09:59:44,025 INFO  server.RaftServerConfigKeys (ConfUtils.java:logGet(43)) - raft.server.rpc.request.timeout = 3000ms (default)
2019-06-14 09:59:44,025 INFO  server.RaftServerConfigKeys (ConfUtils.java:logGet(43)) - raft.server.log.appender.install.snapshot.enabled = true (default)
2019-06-14 09:59:44,026 INFO  server.RaftServerConfigKeys (ConfUtils.java:logGet(43)) - raft.server.log.appender.snapshot.chunk.size.max = 16MB (=16777216) (default)
2019-06-14 09:59:44,026 INFO  server.RaftServerConfigKeys (ConfUtils.java:logGet(43)) - raft.server.log.appender.buffer.byte-limit = 33554432 (custom)
2019-06-14 09:59:44,026 INFO  server.RaftServerConfigKeys (ConfUtils.java:logGet(43)) - raft.server.log.appender.buffer.element-limit = 1 (custom)
2019-06-14 09:59:44,026 INFO  grpc.GrpcConfigKeys$Server (ConfUtils.java:logGet(43)) - raft.grpc.server.leader.outstanding.appends.max = 128 (default)
2019-06-14 09:59:44,026 INFO  server.RaftServerConfigKeys (ConfUtils.java:logGet(43)) - raft.server.rpc.request.timeout = 3000ms (default)
2019-06-14 09:59:44,026 INFO  server.RaftServerConfigKeys (ConfUtils.java:logGet(43)) - raft.server.log.appender.install.snapshot.enabled = true (default)
2019-06-14 09:59:44,026 INFO  impl.RoleInfo (RoleInfo.java:updateAndGet(143)) - 65f1f17d-ee04-4df8-a60f-9d4d6a7e9aaf: start LeaderState
2019-06-14 09:59:44,026 INFO  storage.RaftLogWorker (RaftLogWorker.java:startLogSegment(298)) - 65f1f17d-ee04-4df8-a60f-9d4d6a7e9aaf-RaftLogWorker: Starting segment from index:0
2019-06-14 09:59:44,045 INFO  impl.RaftServerImpl (ServerState.java:setRaftConf(361)) - 65f1f17d-ee04-4df8-a60f-9d4d6a7e9aaf:group-0B3A641D9B57 set configuration 0: [65f1f17d-ee04-4df8-a60f-9d4d6a7e9aaf:192.168.105.157:45581, 7270204c-9aa3-420e-9bd9-28c0ed5919e2:192.168.105.157:37253, 8129c50c-9bc8-4759-a93f-44b2a72c2f6d:192.168.105.157:34445], old=null at 0
2019-06-14 09:59:44,045 INFO  impl.LeaderElection (LeaderElection.java:logAndReturn(56)) - 8129c50c-9bc8-4759-a93f-44b2a72c2f6d:group-0B3A641D9B57:LeaderElection18: Election REJECTED; received 2 response(s) [8129c50c-9bc8-4759-a93f-44b2a72c2f6d->65f1f17d-ee04-4df8-a60f-9d4d6a7e9aaf,false-t1, 8129c50c-9bc8-4759-a93f-44b2a72c2f6d->7270204c-9aa3-420e-9bd9-28c0ed5919e2,false-t1] and 0 exception(s); 8129c50c-9bc8-4759-a93f-44b2a72c2f6d:t1, leader=null, voted=8129c50c-9bc8-4759-a93f-44b2a72c2f6d, raftlog=8129c50c-9bc8-4759-a93f-44b2a72c2f6d-SegmentedRaftLog:OPENED:c-1,f-1,i0, conf=-1: [65f1f17d-ee04-4df8-a60f-9d4d6a7e9aaf:192.168.105.157:45581, 7270204c-9aa3-420e-9bd9-28c0ed5919e2:192.168.105.157:37253, 8129c50c-9bc8-4759-a93f-44b2a72c2f6d:192.168.105.157:34445], old=null
2019-06-14 09:59:44,062 INFO  impl.RaftServerImpl (RaftServerImpl.java:setRole(164)) - 8129c50c-9bc8-4759-a93f-44b2a72c2f6d:group-0B3A641D9B57 changes role from CANDIDATE to FOLLOWER at term 1 for DISCOVERED_A_NEW_TERM
2019-06-14 09:59:44,062 INFO  impl.RoleInfo (RoleInfo.java:shutdownLeaderElection(134)) - 8129c50c-9bc8-4759-a93f-44b2a72c2f6d: shutdown LeaderElection
2019-06-14 09:59:44,062 INFO  impl.RoleInfo (RoleInfo.java:updateAndGet(143)) - 8129c50c-9bc8-4759-a93f-44b2a72c2f6d: start FollowerState
2019-06-14 09:59:44,064 INFO  impl.RaftServerImpl (ServerState.java:setLeader(263)) - 7270204c-9aa3-420e-9bd9-28c0ed5919e2:group-0B3A641D9B57 change Leader from null to 65f1f17d-ee04-4df8-a60f-9d4d6a7e9aaf at term 1 for appendEntries, leader elected after 1163ms
2019-06-14 09:59:44,064 INFO  storage.RaftLogWorker (RaftLogWorker.java:execute(469)) - 65f1f17d-ee04-4df8-a60f-9d4d6a7e9aaf-RaftLogWorker: created new log segment /opt/src/hadoop-ozone/integration-test/target/test-dir/MiniOzoneClusterImpl-91872854-c130-40f1-845e-2674cfb4b648/datanode-2/data/ratis/63fcd72b-05e0-4ac5-8d49-0b3a641d9b57/current/log_inprogress_0
2019-06-14 09:59:44,065 INFO  impl.RaftServerImpl (ServerState.java:setLeader(263)) - 8129c50c-9bc8-4759-a93f-44b2a72c2f6d:group-0B3A641D9B57 change Leader from null to 65f1f17d-ee04-4df8-a60f-9d4d6a7e9aaf at term 1 for appendEntries, leader elected after 1159ms
2019-06-14 09:59:44,068 INFO  impl.RaftServerImpl (ServerState.java:setRaftConf(361)) - 7270204c-9aa3-420e-9bd9-28c0ed5919e2:group-0B3A641D9B57 set configuration 0: [65f1f17d-ee04-4df8-a60f-9d4d6a7e9aaf:192.168.105.157:45581, 7270204c-9aa3-420e-9bd9-28c0ed5919e2:192.168.105.157:37253, 8129c50c-9bc8-4759-a93f-44b2a72c2f6d:192.168.105.157:34445], old=null at 0
2019-06-14 09:59:44,068 INFO  storage.RaftLogWorker (RaftLogWorker.java:startLogSegment(298)) - 7270204c-9aa3-420e-9bd9-28c0ed5919e2-RaftLogWorker: Starting segment from index:0
2019-06-14 09:59:44,069 INFO  impl.RaftServerImpl (ServerState.java:setRaftConf(361)) - 8129c50c-9bc8-4759-a93f-44b2a72c2f6d:group-0B3A641D9B57 set configuration 0: [65f1f17d-ee04-4df8-a60f-9d4d6a7e9aaf:192.168.105.157:45581, 7270204c-9aa3-420e-9bd9-28c0ed5919e2:192.168.105.157:37253, 8129c50c-9bc8-4759-a93f-44b2a72c2f6d:192.168.105.157:34445], old=null at 0
2019-06-14 09:59:44,069 INFO  storage.RaftLogWorker (RaftLogWorker.java:startLogSegment(298)) - 8129c50c-9bc8-4759-a93f-44b2a72c2f6d-RaftLogWorker: Starting segment from index:0
2019-06-14 09:59:44,078 INFO  impl.FollowerState (FollowerState.java:run(101)) - 1845a6e9-f26a-431d-840f-a7605bb56c56:group-7858870E409A changes to CANDIDATE, lastRpcTime:1030, electionTimeout:1030ms
2019-06-14 09:59:44,078 INFO  impl.RoleInfo (RoleInfo.java:shutdownFollowerState(121)) - 1845a6e9-f26a-431d-840f-a7605bb56c56: shutdown FollowerState
2019-06-14 09:59:44,078 INFO  impl.RaftServerImpl (RaftServerImpl.java:setRole(164)) - 1845a6e9-f26a-431d-840f-a7605bb56c56:group-7858870E409A changes role from FOLLOWER to CANDIDATE at term 0 for changeToCandidate
2019-06-14 09:59:44,078 INFO  impl.RoleInfo (RoleInfo.java:updateAndGet(143)) - 1845a6e9-f26a-431d-840f-a7605bb56c56: start LeaderElection
2019-06-14 09:59:44,111 INFO  storage.RaftLogWorker (RaftLogWorker.java:execute(469)) - 8129c50c-9bc8-4759-a93f-44b2a72c2f6d-RaftLogWorker: created new log segment /opt/src/hadoop-ozone/integration-test/target/test-dir/MiniOzoneClusterImpl-91872854-c130-40f1-845e-2674cfb4b648/datanode-0/data/ratis/63fcd72b-05e0-4ac5-8d49-0b3a641d9b57/current/log_inprogress_0
2019-06-14 09:59:44,111 INFO  impl.LeaderElection (LeaderElection.java:askForVotes(181)) - 1845a6e9-f26a-431d-840f-a7605bb56c56:group-7858870E409A:LeaderElection19: begin an election at term 1 for -1: [1845a6e9-f26a-431d-840f-a7605bb56c56:192.168.105.157:46457], old=null
2019-06-14 09:59:44,111 INFO  storage.RaftLogWorker (RaftLogWorker.java:execute(469)) - 7270204c-9aa3-420e-9bd9-28c0ed5919e2-RaftLogWorker: created new log segment /opt/src/hadoop-ozone/integration-test/target/test-dir/MiniOzoneClusterImpl-91872854-c130-40f1-845e-2674cfb4b648/datanode-1/data/ratis/63fcd72b-05e0-4ac5-8d49-0b3a641d9b57/current/log_inprogress_0
2019-06-14 09:59:44,111 INFO  impl.RoleInfo (RoleInfo.java:shutdownLeaderElection(134)) - 1845a6e9-f26a-431d-840f-a7605bb56c56: shutdown LeaderElection
2019-06-14 09:59:44,112 INFO  impl.RaftServerImpl (RaftServerImpl.java:setRole(164)) - 1845a6e9-f26a-431d-840f-a7605bb56c56:group-7858870E409A changes role from CANDIDATE to LEADER at term 1 for changeToLeader
2019-06-14 09:59:44,112 INFO  impl.RaftServerImpl (ServerState.java:setLeader(263)) - 1845a6e9-f26a-431d-840f-a7605bb56c56:group-7858870E409A change Leader from null to 1845a6e9-f26a-431d-840f-a7605bb56c56 at term 1 for becomeLeader, leader elected after 1066ms
2019-06-14 09:59:44,112 INFO  server.RaftServerConfigKeys (ConfUtils.java:logGet(43)) - raft.server.staging.catchup.gap = 1000 (default)
2019-06-14 09:59:44,112 INFO  server.RaftServerConfigKeys (ConfUtils.java:logGet(43)) - raft.server.rpc.sleep.time = 25ms (default)
2019-06-14 09:59:44,112 INFO  server.RaftServerConfigKeys (ConfUtils.java:logGet(43)) - raft.server.watch.timeout = 10s (default)
2019-06-14 09:59:44,112 INFO  server.RaftServerConfigKeys (ConfUtils.java:logGet(43)) - raft.server.watch.timeout.denomination = 1s (default)
2019-06-14 09:59:44,112 INFO  impl.RoleInfo (RoleInfo.java:updateAndGet(143)) - 1845a6e9-f26a-431d-840f-a7605bb56c56: start LeaderState
2019-06-14 09:59:44,112 INFO  storage.RaftLogWorker (RaftLogWorker.java:startLogSegment(298)) - 1845a6e9-f26a-431d-840f-a7605bb56c56-RaftLogWorker: Starting segment from index:0
2019-06-14 09:59:44,113 INFO  impl.RaftServerImpl (ServerState.java:setRaftConf(361)) - 1845a6e9-f26a-431d-840f-a7605bb56c56:group-7858870E409A set configuration 0: [1845a6e9-f26a-431d-840f-a7605bb56c56:192.168.105.157:46457], old=null at 0
2019-06-14 09:59:44,148 INFO  storage.RaftLogWorker (RaftLogWorker.java:execute(469)) - 1845a6e9-f26a-431d-840f-a7605bb56c56-RaftLogWorker: created new log segment /opt/src/hadoop-ozone/integration-test/target/test-dir/MiniOzoneClusterImpl-91872854-c130-40f1-845e-2674cfb4b648/datanode-3/data/ratis/59042d21-6934-45ba-875b-7858870e409a/current/log_inprogress_0
2019-06-14 09:59:44,340 INFO  ozone.MiniOzoneClusterImpl (MiniOzoneClusterImpl.java:lambda$waitForClusterToBeReady$0(142)) - Cluster is ready. Got 6 of 6 DN Heartbeats.
2019-06-14 09:59:44,356 INFO  rpc.RpcClient (RpcClient.java:createVolume(289)) - Creating Volume: datanodefailurehandlingtest, with root as owner.
2019-06-14 09:59:44,363 INFO  rpc.RpcClient (RpcClient.java:createBucket(426)) - Creating Bucket: datanodefailurehandlingtest/datanodefailurehandlingtest, with Versioning false and Storage Type set to DISK and Encryption set to false 
2019-06-14 09:59:44,391 INFO  client.GrpcClientProtocolClient (GrpcClientProtocolClient.java:onNext(254)) - client-D5484748AC54->7270204c-9aa3-420e-9bd9-28c0ed5919e2: receive RaftClientReply:client-D5484748AC54->7270204c-9aa3-420e-9bd9-28c0ed5919e2@group-0B3A641D9B57, cid=35, FAILED org.apache.ratis.protocol.NotLeaderException: Server 7270204c-9aa3-420e-9bd9-28c0ed5919e2 is not the leader (65f1f17d-ee04-4df8-a60f-9d4d6a7e9aaf:192.168.105.157:45581). Request must be sent to leader., logIndex=0, commits[7270204c-9aa3-420e-9bd9-28c0ed5919e2:c0, 65f1f17d-ee04-4df8-a60f-9d4d6a7e9aaf:c0, 8129c50c-9bc8-4759-a93f-44b2a72c2f6d:c-1]
2019-06-14 09:59:44,395 WARN  client.GrpcClientProtocolService (LogUtils.java:warn(134)) - 0-OrderedRequestStreamObserver0: onError: org.apache.ratis.thirdparty.io.grpc.StatusRuntimeException: CANCELLED: cancelled before receiving half close
2019-06-14 09:59:44,401 INFO  impl.FollowerState (FollowerState.java:run(101)) - e863c32a-23fa-4d35-89d2-b1387367ea81:group-4FDAB3D121F9 changes to CANDIDATE, lastRpcTime:1174, electionTimeout:1174ms
2019-06-14 09:59:44,405 INFO  impl.RoleInfo (RoleInfo.java:shutdownFollowerState(121)) - e863c32a-23fa-4d35-89d2-b1387367ea81: shutdown FollowerState
2019-06-14 09:59:44,405 INFO  impl.RaftServerImpl (RaftServerImpl.java:setRole(164)) - e863c32a-23fa-4d35-89d2-b1387367ea81:group-4FDAB3D121F9 changes role from FOLLOWER to CANDIDATE at term 0 for changeToCandidate
2019-06-14 09:59:44,405 INFO  impl.RoleInfo (RoleInfo.java:updateAndGet(143)) - e863c32a-23fa-4d35-89d2-b1387367ea81: start LeaderElection
2019-06-14 09:59:44,418 INFO  impl.LeaderElection (LeaderElection.java:askForVotes(181)) - e863c32a-23fa-4d35-89d2-b1387367ea81:group-4FDAB3D121F9:LeaderElection20: begin an election at term 1 for -1: [e863c32a-23fa-4d35-89d2-b1387367ea81:192.168.105.157:45887], old=null
2019-06-14 09:59:44,419 INFO  impl.RoleInfo (RoleInfo.java:shutdownLeaderElection(134)) - e863c32a-23fa-4d35-89d2-b1387367ea81: shutdown LeaderElection
2019-06-14 09:59:44,419 INFO  impl.RaftServerImpl (RaftServerImpl.java:setRole(164)) - e863c32a-23fa-4d35-89d2-b1387367ea81:group-4FDAB3D121F9 changes role from CANDIDATE to LEADER at term 1 for changeToLeader
2019-06-14 09:59:44,419 INFO  impl.RaftServerImpl (ServerState.java:setLeader(263)) - e863c32a-23fa-4d35-89d2-b1387367ea81:group-4FDAB3D121F9 change Leader from null to e863c32a-23fa-4d35-89d2-b1387367ea81 at term 1 for becomeLeader, leader elected after 1194ms
2019-06-14 09:59:44,419 INFO  server.RaftServerConfigKeys (ConfUtils.java:logGet(43)) - raft.server.staging.catchup.gap = 1000 (default)
2019-06-14 09:59:44,419 INFO  server.RaftServerConfigKeys (ConfUtils.java:logGet(43)) - raft.server.rpc.sleep.time = 25ms (default)
2019-06-14 09:59:44,419 INFO  server.RaftServerConfigKeys (ConfUtils.java:logGet(43)) - raft.server.watch.timeout = 10s (default)
2019-06-14 09:59:44,419 INFO  server.RaftServerConfigKeys (ConfUtils.java:logGet(43)) - raft.server.watch.timeout.denomination = 1s (default)
2019-06-14 09:59:44,419 INFO  impl.RoleInfo (RoleInfo.java:updateAndGet(143)) - e863c32a-23fa-4d35-89d2-b1387367ea81: start LeaderState
2019-06-14 09:59:44,420 INFO  storage.RaftLogWorker (RaftLogWorker.java:startLogSegment(298)) - e863c32a-23fa-4d35-89d2-b1387367ea81-RaftLogWorker: Starting segment from index:0
2019-06-14 09:59:44,420 INFO  impl.RaftServerImpl (ServerState.java:setRaftConf(361)) - e863c32a-23fa-4d35-89d2-b1387367ea81:group-4FDAB3D121F9 set configuration 0: [e863c32a-23fa-4d35-89d2-b1387367ea81:192.168.105.157:45887], old=null at 0
2019-06-14 09:59:44,437 INFO  impl.FollowerState (FollowerState.java:run(101)) - 89c164bd-7212-42b9-8fec-3ff5fbec6172:group-74166347BBA4 changes to CANDIDATE, lastRpcTime:1076, electionTimeout:1073ms
2019-06-14 09:59:44,437 INFO  impl.RoleInfo (RoleInfo.java:shutdownFollowerState(121)) - 89c164bd-7212-42b9-8fec-3ff5fbec6172: shutdown FollowerState
2019-06-14 09:59:44,437 INFO  impl.RaftServerImpl (RaftServerImpl.java:setRole(164)) - 89c164bd-7212-42b9-8fec-3ff5fbec6172:group-74166347BBA4 changes role from FOLLOWER to CANDIDATE at term 0 for changeToCandidate
2019-06-14 09:59:44,437 INFO  impl.RoleInfo (RoleInfo.java:updateAndGet(143)) - 89c164bd-7212-42b9-8fec-3ff5fbec6172: start LeaderElection
2019-06-14 09:59:44,457 INFO  storage.RaftLogWorker (RaftLogWorker.java:execute(469)) - e863c32a-23fa-4d35-89d2-b1387367ea81-RaftLogWorker: created new log segment /opt/src/hadoop-ozone/integration-test/target/test-dir/MiniOzoneClusterImpl-91872854-c130-40f1-845e-2674cfb4b648/datanode-4/data/ratis/2b50a2ac-b8d0-4b14-ae1e-4fdab3d121f9/current/log_inprogress_0
2019-06-14 09:59:44,457 INFO  impl.LeaderElection (LeaderElection.java:askForVotes(181)) - 89c164bd-7212-42b9-8fec-3ff5fbec6172:group-74166347BBA4:LeaderElection21: begin an election at term 1 for -1: [89c164bd-7212-42b9-8fec-3ff5fbec6172:192.168.105.157:35963], old=null
2019-06-14 09:59:44,457 INFO  impl.RoleInfo (RoleInfo.java:shutdownLeaderElection(134)) - 89c164bd-7212-42b9-8fec-3ff5fbec6172: shutdown LeaderElection
2019-06-14 09:59:44,457 INFO  impl.RaftServerImpl (RaftServerImpl.java:setRole(164)) - 89c164bd-7212-42b9-8fec-3ff5fbec6172:group-74166347BBA4 changes role from CANDIDATE to LEADER at term 1 for changeToLeader
2019-06-14 09:59:44,457 INFO  impl.RaftServerImpl (ServerState.java:setLeader(263)) - 89c164bd-7212-42b9-8fec-3ff5fbec6172:group-74166347BBA4 change Leader from null to 89c164bd-7212-42b9-8fec-3ff5fbec6172 at term 1 for becomeLeader, leader elected after 1097ms
2019-06-14 09:59:44,457 INFO  server.RaftServerConfigKeys (ConfUtils.java:logGet(43)) - raft.server.staging.catchup.gap = 1000 (default)
2019-06-14 09:59:44,457 INFO  server.RaftServerConfigKeys (ConfUtils.java:logGet(43)) - raft.server.rpc.sleep.time = 25ms (default)
2019-06-14 09:59:44,457 INFO  server.RaftServerConfigKeys (ConfUtils.java:logGet(43)) - raft.server.watch.timeout = 10s (default)
2019-06-14 09:59:44,457 INFO  server.RaftServerConfigKeys (ConfUtils.java:logGet(43)) - raft.server.watch.timeout.denomination = 1s (default)
2019-06-14 09:59:44,458 INFO  impl.RoleInfo (RoleInfo.java:updateAndGet(143)) - 89c164bd-7212-42b9-8fec-3ff5fbec6172: start LeaderState
2019-06-14 09:59:44,458 INFO  storage.RaftLogWorker (RaftLogWorker.java:startLogSegment(298)) - 89c164bd-7212-42b9-8fec-3ff5fbec6172-RaftLogWorker: Starting segment from index:0
2019-06-14 09:59:44,458 INFO  impl.RaftServerImpl (ServerState.java:setRaftConf(361)) - 89c164bd-7212-42b9-8fec-3ff5fbec6172:group-74166347BBA4 set configuration 0: [89c164bd-7212-42b9-8fec-3ff5fbec6172:192.168.105.157:35963], old=null at 0
2019-06-14 09:59:44,475 INFO  impl.FollowerState (FollowerState.java:run(101)) - e863c32a-23fa-4d35-89d2-b1387367ea81:group-B138755D2632 changes to CANDIDATE, lastRpcTime:1079, electionTimeout:1068ms
2019-06-14 09:59:44,475 INFO  impl.RoleInfo (RoleInfo.java:shutdownFollowerState(121)) - e863c32a-23fa-4d35-89d2-b1387367ea81: shutdown FollowerState
2019-06-14 09:59:44,475 INFO  impl.RaftServerImpl (RaftServerImpl.java:setRole(164)) - e863c32a-23fa-4d35-89d2-b1387367ea81:group-B138755D2632 changes role from FOLLOWER to CANDIDATE at term 0 for changeToCandidate
2019-06-14 09:59:44,475 INFO  impl.RoleInfo (RoleInfo.java:updateAndGet(143)) - e863c32a-23fa-4d35-89d2-b1387367ea81: start LeaderElection
2019-06-14 09:59:44,494 INFO  storage.RaftLogWorker (RaftLogWorker.java:execute(469)) - 89c164bd-7212-42b9-8fec-3ff5fbec6172-RaftLogWorker: created new log segment /opt/src/hadoop-ozone/integration-test/target/test-dir/MiniOzoneClusterImpl-91872854-c130-40f1-845e-2674cfb4b648/datanode-5/data/ratis/234016dc-3339-48f7-a182-74166347bba4/current/log_inprogress_0
2019-06-14 09:59:44,495 INFO  impl.FollowerState (FollowerState.java:run(101)) - 1845a6e9-f26a-431d-840f-a7605bb56c56:group-B138755D2632 changes to CANDIDATE, lastRpcTime:1103, electionTimeout:1101ms
2019-06-14 09:59:44,495 INFO  impl.RoleInfo (RoleInfo.java:shutdownFollowerState(121)) - 1845a6e9-f26a-431d-840f-a7605bb56c56: shutdown FollowerState
2019-06-14 09:59:44,495 INFO  impl.RaftServerImpl (RaftServerImpl.java:setRole(164)) - 1845a6e9-f26a-431d-840f-a7605bb56c56:group-B138755D2632 changes role from FOLLOWER to CANDIDATE at term 0 for changeToCandidate
2019-06-14 09:59:44,495 INFO  impl.RoleInfo (RoleInfo.java:updateAndGet(143)) - 1845a6e9-f26a-431d-840f-a7605bb56c56: start LeaderElection
2019-06-14 09:59:44,496 INFO  impl.LeaderElection (LeaderElection.java:askForVotes(181)) - e863c32a-23fa-4d35-89d2-b1387367ea81:group-B138755D2632:LeaderElection22: begin an election at term 1 for -1: [e863c32a-23fa-4d35-89d2-b1387367ea81:192.168.105.157:45887, 89c164bd-7212-42b9-8fec-3ff5fbec6172:192.168.105.157:35963, 1845a6e9-f26a-431d-840f-a7605bb56c56:192.168.105.157:46457], old=null
2019-06-14 09:59:44,505 INFO  impl.RaftServerImpl (RaftServerImpl.java:setRole(164)) - 89c164bd-7212-42b9-8fec-3ff5fbec6172:group-B138755D2632 changes role from FOLLOWER to FOLLOWER at term 1 for recognizeCandidate:e863c32a-23fa-4d35-89d2-b1387367ea81
2019-06-14 09:59:44,507 INFO  impl.RoleInfo (RoleInfo.java:shutdownFollowerState(121)) - 89c164bd-7212-42b9-8fec-3ff5fbec6172: shutdown FollowerState
2019-06-14 09:59:44,507 INFO  impl.FollowerState (FollowerState.java:run(109)) - 89c164bd-7212-42b9-8fec-3ff5fbec6172: FollowerState was interrupted: java.lang.InterruptedException: sleep interrupted
2019-06-14 09:59:44,507 INFO  impl.RoleInfo (RoleInfo.java:updateAndGet(143)) - 89c164bd-7212-42b9-8fec-3ff5fbec6172: start FollowerState
2019-06-14 09:59:44,507 INFO  impl.LeaderElection (LeaderElection.java:askForVotes(181)) - 1845a6e9-f26a-431d-840f-a7605bb56c56:group-B138755D2632:LeaderElection23: begin an election at term 1 for -1: [e863c32a-23fa-4d35-89d2-b1387367ea81:192.168.105.157:45887, 89c164bd-7212-42b9-8fec-3ff5fbec6172:192.168.105.157:35963, 1845a6e9-f26a-431d-840f-a7605bb56c56:192.168.105.157:46457], old=null
2019-06-14 09:59:44,524 INFO  impl.LeaderElection (LeaderElection.java:logAndReturn(56)) - e863c32a-23fa-4d35-89d2-b1387367ea81:group-B138755D2632:LeaderElection22: Election PASSED; received 2 response(s) [e863c32a-23fa-4d35-89d2-b1387367ea81->89c164bd-7212-42b9-8fec-3ff5fbec6172,true-t1, e863c32a-23fa-4d35-89d2-b1387367ea81->1845a6e9-f26a-431d-840f-a7605bb56c56,false-t1] and 0 exception(s); e863c32a-23fa-4d35-89d2-b1387367ea81:t1, leader=null, voted=e863c32a-23fa-4d35-89d2-b1387367ea81, raftlog=e863c32a-23fa-4d35-89d2-b1387367ea81-SegmentedRaftLog:OPENED:c-1,f-1,i0, conf=-1: [e863c32a-23fa-4d35-89d2-b1387367ea81:192.168.105.157:45887, 89c164bd-7212-42b9-8fec-3ff5fbec6172:192.168.105.157:35963, 1845a6e9-f26a-431d-840f-a7605bb56c56:192.168.105.157:46457], old=null
2019-06-14 09:59:44,524 INFO  impl.RoleInfo (RoleInfo.java:shutdownLeaderElection(134)) - e863c32a-23fa-4d35-89d2-b1387367ea81: shutdown LeaderElection
2019-06-14 09:59:44,524 INFO  impl.RaftServerImpl (RaftServerImpl.java:setRole(164)) - e863c32a-23fa-4d35-89d2-b1387367ea81:group-B138755D2632 changes role from CANDIDATE to LEADER at term 1 for changeToLeader
2019-06-14 09:59:44,524 INFO  impl.RaftServerImpl (ServerState.java:setLeader(263)) - e863c32a-23fa-4d35-89d2-b1387367ea81:group-B138755D2632 change Leader from null to e863c32a-23fa-4d35-89d2-b1387367ea81 at term 1 for becomeLeader, leader elected after 1136ms
2019-06-14 09:59:44,524 INFO  server.RaftServerConfigKeys (ConfUtils.java:logGet(43)) - raft.server.staging.catchup.gap = 1000 (default)
2019-06-14 09:59:44,524 INFO  server.RaftServerConfigKeys (ConfUtils.java:logGet(43)) - raft.server.rpc.sleep.time = 25ms (default)
2019-06-14 09:59:44,524 INFO  server.RaftServerConfigKeys (ConfUtils.java:logGet(43)) - raft.server.watch.timeout = 10s (default)
2019-06-14 09:59:44,524 INFO  server.RaftServerConfigKeys (ConfUtils.java:logGet(43)) - raft.server.watch.timeout.denomination = 1s (default)
2019-06-14 09:59:44,524 INFO  server.RaftServerConfigKeys (ConfUtils.java:logGet(43)) - raft.server.log.appender.snapshot.chunk.size.max = 16MB (=16777216) (default)
2019-06-14 09:59:44,525 INFO  server.RaftServerConfigKeys (ConfUtils.java:logGet(43)) - raft.server.log.appender.buffer.byte-limit = 33554432 (custom)
2019-06-14 09:59:44,525 INFO  server.RaftServerConfigKeys (ConfUtils.java:logGet(43)) - raft.server.log.appender.buffer.element-limit = 1 (custom)
2019-06-14 09:59:44,525 INFO  grpc.GrpcConfigKeys$Server (ConfUtils.java:logGet(43)) - raft.grpc.server.leader.outstanding.appends.max = 128 (default)
2019-06-14 09:59:44,525 INFO  server.RaftServerConfigKeys (ConfUtils.java:logGet(43)) - raft.server.rpc.request.timeout = 3000ms (default)
2019-06-14 09:59:44,525 INFO  server.RaftServerConfigKeys (ConfUtils.java:logGet(43)) - raft.server.log.appender.install.snapshot.enabled = true (default)
2019-06-14 09:59:44,525 INFO  server.RaftServerConfigKeys (ConfUtils.java:logGet(43)) - raft.server.log.appender.snapshot.chunk.size.max = 16MB (=16777216) (default)
2019-06-14 09:59:44,525 INFO  server.RaftServerConfigKeys (ConfUtils.java:logGet(43)) - raft.server.log.appender.buffer.byte-limit = 33554432 (custom)
2019-06-14 09:59:44,525 INFO  server.RaftServerConfigKeys (ConfUtils.java:logGet(43)) - raft.server.log.appender.buffer.element-limit = 1 (custom)
2019-06-14 09:59:44,525 INFO  grpc.GrpcConfigKeys$Server (ConfUtils.java:logGet(43)) - raft.grpc.server.leader.outstanding.appends.max = 128 (default)
2019-06-14 09:59:44,525 INFO  server.RaftServerConfigKeys (ConfUtils.java:logGet(43)) - raft.server.rpc.request.timeout = 3000ms (default)
2019-06-14 09:59:44,526 INFO  server.RaftServerConfigKeys (ConfUtils.java:logGet(43)) - raft.server.log.appender.install.snapshot.enabled = true (default)
2019-06-14 09:59:44,526 INFO  impl.RoleInfo (RoleInfo.java:updateAndGet(143)) - e863c32a-23fa-4d35-89d2-b1387367ea81: start LeaderState
2019-06-14 09:59:44,526 INFO  storage.RaftLogWorker (RaftLogWorker.java:startLogSegment(298)) - e863c32a-23fa-4d35-89d2-b1387367ea81-RaftLogWorker: Starting segment from index:0
2019-06-14 09:59:44,531 INFO  impl.RaftServerImpl (ServerState.java:setLeader(263)) - 89c164bd-7212-42b9-8fec-3ff5fbec6172:group-B138755D2632 change Leader from null to e863c32a-23fa-4d35-89d2-b1387367ea81 at term 1 for appendEntries, leader elected after 1145ms
2019-06-14 09:59:44,544 INFO  impl.RaftServerImpl (ServerState.java:setRaftConf(361)) - e863c32a-23fa-4d35-89d2-b1387367ea81:group-B138755D2632 set configuration 0: [e863c32a-23fa-4d35-89d2-b1387367ea81:192.168.105.157:45887, 89c164bd-7212-42b9-8fec-3ff5fbec6172:192.168.105.157:35963, 1845a6e9-f26a-431d-840f-a7605bb56c56:192.168.105.157:46457], old=null at 0
2019-06-14 09:59:44,546 INFO  impl.RaftServerImpl (RaftServerImpl.java:requestVote(738)) - e863c32a-23fa-4d35-89d2-b1387367ea81-LEADER: Withhold vote from candidate 1845a6e9-f26a-431d-840f-a7605bb56c56 with term 1. State: leader=e863c32a-23fa-4d35-89d2-b1387367ea81, term=1, lastRpcElapsed=null
2019-06-14 09:59:44,565 INFO  impl.LeaderElection (LeaderElection.java:logAndReturn(56)) - 1845a6e9-f26a-431d-840f-a7605bb56c56:group-B138755D2632:LeaderElection23: Election REJECTED; received 2 response(s) [1845a6e9-f26a-431d-840f-a7605bb56c56->e863c32a-23fa-4d35-89d2-b1387367ea81,false-t1, 1845a6e9-f26a-431d-840f-a7605bb56c56->89c164bd-7212-42b9-8fec-3ff5fbec6172,false-t1] and 0 exception(s); 1845a6e9-f26a-431d-840f-a7605bb56c56:t1, leader=null, voted=1845a6e9-f26a-431d-840f-a7605bb56c56, raftlog=1845a6e9-f26a-431d-840f-a7605bb56c56-SegmentedRaftLog:OPENED:c-1,f-1,i0, conf=-1: [e863c32a-23fa-4d35-89d2-b1387367ea81:192.168.105.157:45887, 89c164bd-7212-42b9-8fec-3ff5fbec6172:192.168.105.157:35963, 1845a6e9-f26a-431d-840f-a7605bb56c56:192.168.105.157:46457], old=null
2019-06-14 09:59:44,565 INFO  impl.RaftServerImpl (RaftServerImpl.java:setRole(164)) - 1845a6e9-f26a-431d-840f-a7605bb56c56:group-B138755D2632 changes role from CANDIDATE to FOLLOWER at term 1 for appendEntries
2019-06-14 09:59:44,565 INFO  impl.RoleInfo (RoleInfo.java:shutdownLeaderElection(134)) - 1845a6e9-f26a-431d-840f-a7605bb56c56: shutdown LeaderElection
2019-06-14 09:59:44,566 INFO  impl.RoleInfo (RoleInfo.java:updateAndGet(143)) - 1845a6e9-f26a-431d-840f-a7605bb56c56: start FollowerState
2019-06-14 09:59:44,566 INFO  impl.RaftServerImpl (ServerState.java:setRaftConf(361)) - 89c164bd-7212-42b9-8fec-3ff5fbec6172:group-B138755D2632 set configuration 0: [e863c32a-23fa-4d35-89d2-b1387367ea81:192.168.105.157:45887, 89c164bd-7212-42b9-8fec-3ff5fbec6172:192.168.105.157:35963, 1845a6e9-f26a-431d-840f-a7605bb56c56:192.168.105.157:46457], old=null at 0
2019-06-14 09:59:44,566 INFO  storage.RaftLogWorker (RaftLogWorker.java:execute(469)) - e863c32a-23fa-4d35-89d2-b1387367ea81-RaftLogWorker: created new log segment /opt/src/hadoop-ozone/integration-test/target/test-dir/MiniOzoneClusterImpl-91872854-c130-40f1-845e-2674cfb4b648/datanode-4/data/ratis/53159476-dc9f-4466-8022-b138755d2632/current/log_inprogress_0
2019-06-14 09:59:44,566 INFO  impl.RaftServerImpl (ServerState.java:setLeader(263)) - 1845a6e9-f26a-431d-840f-a7605bb56c56:group-B138755D2632 change Leader from null to e863c32a-23fa-4d35-89d2-b1387367ea81 at term 1 for appendEntries, leader elected after 1180ms
2019-06-14 09:59:44,568 INFO  storage.RaftLogWorker (RaftLogWorker.java:startLogSegment(298)) - 89c164bd-7212-42b9-8fec-3ff5fbec6172-RaftLogWorker: Starting segment from index:0
2019-06-14 09:59:44,571 INFO  impl.RaftServerImpl (ServerState.java:setRaftConf(361)) - 1845a6e9-f26a-431d-840f-a7605bb56c56:group-B138755D2632 set configuration 0: [e863c32a-23fa-4d35-89d2-b1387367ea81:192.168.105.157:45887, 89c164bd-7212-42b9-8fec-3ff5fbec6172:192.168.105.157:35963, 1845a6e9-f26a-431d-840f-a7605bb56c56:192.168.105.157:46457], old=null at 0
2019-06-14 09:59:44,571 INFO  storage.RaftLogWorker (RaftLogWorker.java:startLogSegment(298)) - 1845a6e9-f26a-431d-840f-a7605bb56c56-RaftLogWorker: Starting segment from index:0
2019-06-14 09:59:44,605 INFO  storage.RaftLogWorker (RaftLogWorker.java:execute(469)) - 89c164bd-7212-42b9-8fec-3ff5fbec6172-RaftLogWorker: created new log segment /opt/src/hadoop-ozone/integration-test/target/test-dir/MiniOzoneClusterImpl-91872854-c130-40f1-845e-2674cfb4b648/datanode-5/data/ratis/53159476-dc9f-4466-8022-b138755d2632/current/log_inprogress_0
2019-06-14 09:59:44,607 INFO  storage.RaftLogWorker (RaftLogWorker.java:execute(469)) - 1845a6e9-f26a-431d-840f-a7605bb56c56-RaftLogWorker: created new log segment /opt/src/hadoop-ozone/integration-test/target/test-dir/MiniOzoneClusterImpl-91872854-c130-40f1-845e-2674cfb4b648/datanode-3/data/ratis/53159476-dc9f-4466-8022-b138755d2632/current/log_inprogress_0
2019-06-14 09:59:45,448 INFO  client.GrpcClientProtocolClient (GrpcClientProtocolClient.java:onNext(254)) - client-D5484748AC54->65f1f17d-ee04-4df8-a60f-9d4d6a7e9aaf: receive RaftClientReply:client-D5484748AC54->65f1f17d-ee04-4df8-a60f-9d4d6a7e9aaf@group-0B3A641D9B57, cid=35, SUCCESS, logIndex=1, commits[65f1f17d-ee04-4df8-a60f-9d4d6a7e9aaf:c1, 7270204c-9aa3-420e-9bd9-28c0ed5919e2:c0, 8129c50c-9bc8-4759-a93f-44b2a72c2f6d:c0]
2019-06-14 09:59:45,475 INFO  client.GrpcClientProtocolClient (GrpcClientProtocolClient.java:onNext(254)) - client-D5484748AC54->65f1f17d-ee04-4df8-a60f-9d4d6a7e9aaf: receive RaftClientReply:client-D5484748AC54->65f1f17d-ee04-4df8-a60f-9d4d6a7e9aaf@group-0B3A641D9B57, cid=36, SUCCESS, logIndex=3, commits[65f1f17d-ee04-4df8-a60f-9d4d6a7e9aaf:c4, 7270204c-9aa3-420e-9bd9-28c0ed5919e2:c3, 8129c50c-9bc8-4759-a93f-44b2a72c2f6d:c3]
2019-06-14 09:59:45,476 INFO  container.CloseContainerEventHandler (CloseContainerEventHandler.java:onMessage(61)) - Close container Event triggered for container : #1
2019-06-14 09:59:45,477 INFO  container.CloseContainerEventHandler (CloseContainerEventHandler.java:onMessage(61)) - Close container Event triggered for container : #1
2019-06-14 09:59:45,477 INFO  container.CloseContainerEventHandler (CloseContainerEventHandler.java:onMessage(61)) - Close container Event triggered for container : #1
2019-06-14 09:59:47,450 INFO  interfaces.Container (KeyValueContainer.java:compactDB(356)) - Container 1 is closed with bcsId 3.
2019-06-14 09:59:47,458 INFO  interfaces.Container (KeyValueContainer.java:compactDB(356)) - Container 1 is closed with bcsId 3.
2019-06-14 09:59:47,459 INFO  interfaces.Container (KeyValueContainer.java:compactDB(356)) - Container 1 is closed with bcsId 3.
09:59:47.484 [grpc-default-executor-1] ERROR DNAudit - user=null | ip=null | op=WRITE_CHUNK {blockData=conID: 1 locID: 102269346406072324 bcsId: 3} | ret=FAILURE
org.apache.hadoop.hdds.scm.container.common.helpers.ContainerNotOpenException: Container 1 in CLOSED state
	at org.apache.hadoop.ozone.container.common.impl.HddsDispatcher.validateContainerCommand(HddsDispatcher.java:408) ~[hadoop-hdds-container-service-0.5.0-SNAPSHOT.jar:?]
	at org.apache.hadoop.ozone.container.common.transport.server.ratis.ContainerStateMachine.startTransaction(ContainerStateMachine.java:269) ~[hadoop-hdds-container-service-0.5.0-SNAPSHOT.jar:?]
	at org.apache.ratis.server.impl.RaftServerImpl.submitClientRequestAsync(RaftServerImpl.java:550) ~[ratis-server-0.4.0-fe2b15d-SNAPSHOT.jar:0.4.0-fe2b15d-SNAPSHOT]
	at org.apache.ratis.server.impl.RaftServerProxy.lambda$submitClientRequestAsync$7(RaftServerProxy.java:333) ~[ratis-server-0.4.0-fe2b15d-SNAPSHOT.jar:0.4.0-fe2b15d-SNAPSHOT]
	at org.apache.ratis.server.impl.RaftServerProxy.lambda$null$5(RaftServerProxy.java:328) ~[ratis-server-0.4.0-fe2b15d-SNAPSHOT.jar:0.4.0-fe2b15d-SNAPSHOT]
	at org.apache.ratis.util.JavaUtils.callAsUnchecked(JavaUtils.java:109) ~[ratis-common-0.4.0-fe2b15d-SNAPSHOT.jar:0.4.0-fe2b15d-SNAPSHOT]
	at org.apache.ratis.server.impl.RaftServerProxy.lambda$submitRequest$6(RaftServerProxy.java:328) ~[ratis-server-0.4.0-fe2b15d-SNAPSHOT.jar:0.4.0-fe2b15d-SNAPSHOT]
	at java.util.concurrent.CompletableFuture.uniComposeStage(CompletableFuture.java:981) ~[?:1.8.0_212]
	at java.util.concurrent.CompletableFuture.thenCompose(CompletableFuture.java:2124) ~[?:1.8.0_212]
	at org.apache.ratis.server.impl.RaftServerProxy.submitRequest(RaftServerProxy.java:327) ~[ratis-server-0.4.0-fe2b15d-SNAPSHOT.jar:0.4.0-fe2b15d-SNAPSHOT]
	at org.apache.ratis.server.impl.RaftServerProxy.submitClientRequestAsync(RaftServerProxy.java:333) ~[ratis-server-0.4.0-fe2b15d-SNAPSHOT.jar:0.4.0-fe2b15d-SNAPSHOT]
	at org.apache.ratis.grpc.client.GrpcClientProtocolService$RequestStreamObserver.processClientRequest(GrpcClientProtocolService.java:206) ~[ratis-grpc-0.4.0-fe2b15d-SNAPSHOT.jar:0.4.0-fe2b15d-SNAPSHOT]
	at org.apache.ratis.grpc.client.GrpcClientProtocolService$OrderedRequestStreamObserver.processClientRequest(GrpcClientProtocolService.java:306) ~[ratis-grpc-0.4.0-fe2b15d-SNAPSHOT.jar:0.4.0-fe2b15d-SNAPSHOT]
	at org.apache.ratis.util.SlidingWindow$Server.processRequestsFromHead(SlidingWindow.java:399) [ratis-common-0.4.0-fe2b15d-SNAPSHOT.jar:0.4.0-fe2b15d-SNAPSHOT]
	at org.apache.ratis.util.SlidingWindow$Server.receivedRequest(SlidingWindow.java:391) [ratis-common-0.4.0-fe2b15d-SNAPSHOT.jar:0.4.0-fe2b15d-SNAPSHOT]
	at org.apache.ratis.grpc.client.GrpcClientProtocolService$OrderedRequestStreamObserver.processClientRequest(GrpcClientProtocolService.java:312) [ratis-grpc-0.4.0-fe2b15d-SNAPSHOT.jar:0.4.0-fe2b15d-SNAPSHOT]
	at org.apache.ratis.grpc.client.GrpcClientProtocolService$RequestStreamObserver.onNext(GrpcClientProtocolService.java:226) [ratis-grpc-0.4.0-fe2b15d-SNAPSHOT.jar:0.4.0-fe2b15d-SNAPSHOT]
	at org.apache.ratis.grpc.client.GrpcClientProtocolService$RequestStreamObserver.onNext(GrpcClientProtocolService.java:154) [ratis-grpc-0.4.0-fe2b15d-SNAPSHOT.jar:0.4.0-fe2b15d-SNAPSHOT]
	at org.apache.ratis.thirdparty.io.grpc.stub.ServerCalls$StreamingServerCallHandler$StreamingServerCallListener.onMessage(ServerCalls.java:248) [ratis-thirdparty-misc-0.2.0.jar:0.2.0]
	at org.apache.ratis.thirdparty.io.grpc.internal.ServerCallImpl$ServerStreamListenerImpl.messagesAvailable(ServerCallImpl.java:263) [ratis-thirdparty-misc-0.2.0.jar:0.2.0]
	at org.apache.ratis.thirdparty.io.grpc.internal.ServerImpl$JumpToApplicationThreadServerStreamListener$1MessagesAvailable.runInContext(ServerImpl.java:686) [ratis-thirdparty-misc-0.2.0.jar:0.2.0]
	at org.apache.ratis.thirdparty.io.grpc.internal.ContextRunnable.run(ContextRunnable.java:37) [ratis-thirdparty-misc-0.2.0.jar:0.2.0]
	at org.apache.ratis.thirdparty.io.grpc.internal.SerializingExecutor.run(SerializingExecutor.java:123) [ratis-thirdparty-misc-0.2.0.jar:0.2.0]
	at java.util.concurrent.ThreadPoolExecutor.runWorker(ThreadPoolExecutor.java:1149) [?:1.8.0_212]
	at java.util.concurrent.ThreadPoolExecutor$Worker.run(ThreadPoolExecutor.java:624) [?:1.8.0_212]
	at java.lang.Thread.run(Thread.java:748) [?:1.8.0_212]
09:59:47.504 [grpc-default-executor-1] ERROR DNAudit - user=null | ip=null | op=PUT_BLOCK {blockData=[blockId=conID: 1 locID: 102269346406072324 bcsId: 0,size=2097152]} | ret=FAILURE
org.apache.hadoop.hdds.scm.container.common.helpers.ContainerNotOpenException: Container 1 in CLOSED state
	at org.apache.hadoop.ozone.container.common.impl.HddsDispatcher.validateContainerCommand(HddsDispatcher.java:408) ~[hadoop-hdds-container-service-0.5.0-SNAPSHOT.jar:?]
	at org.apache.hadoop.ozone.container.common.transport.server.ratis.ContainerStateMachine.startTransaction(ContainerStateMachine.java:269) ~[hadoop-hdds-container-service-0.5.0-SNAPSHOT.jar:?]
	at org.apache.ratis.server.impl.RaftServerImpl.submitClientRequestAsync(RaftServerImpl.java:550) ~[ratis-server-0.4.0-fe2b15d-SNAPSHOT.jar:0.4.0-fe2b15d-SNAPSHOT]
	at org.apache.ratis.server.impl.RaftServerProxy.lambda$submitClientRequestAsync$7(RaftServerProxy.java:333) ~[ratis-server-0.4.0-fe2b15d-SNAPSHOT.jar:0.4.0-fe2b15d-SNAPSHOT]
	at org.apache.ratis.server.impl.RaftServerProxy.lambda$null$5(RaftServerProxy.java:328) ~[ratis-server-0.4.0-fe2b15d-SNAPSHOT.jar:0.4.0-fe2b15d-SNAPSHOT]
	at org.apache.ratis.util.JavaUtils.callAsUnchecked(JavaUtils.java:109) ~[ratis-common-0.4.0-fe2b15d-SNAPSHOT.jar:0.4.0-fe2b15d-SNAPSHOT]
	at org.apache.ratis.server.impl.RaftServerProxy.lambda$submitRequest$6(RaftServerProxy.java:328) ~[ratis-server-0.4.0-fe2b15d-SNAPSHOT.jar:0.4.0-fe2b15d-SNAPSHOT]
	at java.util.concurrent.CompletableFuture.uniComposeStage(CompletableFuture.java:981) ~[?:1.8.0_212]
	at java.util.concurrent.CompletableFuture.thenCompose(CompletableFuture.java:2124) ~[?:1.8.0_212]
	at org.apache.ratis.server.impl.RaftServerProxy.submitRequest(RaftServerProxy.java:327) ~[ratis-server-0.4.0-fe2b15d-SNAPSHOT.jar:0.4.0-fe2b15d-SNAPSHOT]
	at org.apache.ratis.server.impl.RaftServerProxy.submitClientRequestAsync(RaftServerProxy.java:333) ~[ratis-server-0.4.0-fe2b15d-SNAPSHOT.jar:0.4.0-fe2b15d-SNAPSHOT]
	at org.apache.ratis.grpc.client.GrpcClientProtocolService$RequestStreamObserver.processClientRequest(GrpcClientProtocolService.java:206) ~[ratis-grpc-0.4.0-fe2b15d-SNAPSHOT.jar:0.4.0-fe2b15d-SNAPSHOT]
	at org.apache.ratis.grpc.client.GrpcClientProtocolService$OrderedRequestStreamObserver.processClientRequest(GrpcClientProtocolService.java:306) ~[ratis-grpc-0.4.0-fe2b15d-SNAPSHOT.jar:0.4.0-fe2b15d-SNAPSHOT]
	at org.apache.ratis.util.SlidingWindow$Server.processRequestsFromHead(SlidingWindow.java:399) [ratis-common-0.4.0-fe2b15d-SNAPSHOT.jar:0.4.0-fe2b15d-SNAPSHOT]
	at org.apache.ratis.util.SlidingWindow$Server.receivedRequest(SlidingWindow.java:391) [ratis-common-0.4.0-fe2b15d-SNAPSHOT.jar:0.4.0-fe2b15d-SNAPSHOT]
	at org.apache.ratis.grpc.client.GrpcClientProtocolService$OrderedRequestStreamObserver.processClientRequest(GrpcClientProtocolService.java:312) [ratis-grpc-0.4.0-fe2b15d-SNAPSHOT.jar:0.4.0-fe2b15d-SNAPSHOT]
	at org.apache.ratis.grpc.client.GrpcClientProtocolService$RequestStreamObserver.onNext(GrpcClientProtocolService.java:226) [ratis-grpc-0.4.0-fe2b15d-SNAPSHOT.jar:0.4.0-fe2b15d-SNAPSHOT]
	at org.apache.ratis.grpc.client.GrpcClientProtocolService$RequestStreamObserver.onNext(GrpcClientProtocolService.java:154) [ratis-grpc-0.4.0-fe2b15d-SNAPSHOT.jar:0.4.0-fe2b15d-SNAPSHOT]
	at org.apache.ratis.thirdparty.io.grpc.stub.ServerCalls$StreamingServerCallHandler$StreamingServerCallListener.onMessage(ServerCalls.java:248) [ratis-thirdparty-misc-0.2.0.jar:0.2.0]
	at org.apache.ratis.thirdparty.io.grpc.internal.ServerCallImpl$ServerStreamListenerImpl.messagesAvailable(ServerCallImpl.java:263) [ratis-thirdparty-misc-0.2.0.jar:0.2.0]
	at org.apache.ratis.thirdparty.io.grpc.internal.ServerImpl$JumpToApplicationThreadServerStreamListener$1MessagesAvailable.runInContext(ServerImpl.java:686) [ratis-thirdparty-misc-0.2.0.jar:0.2.0]
	at org.apache.ratis.thirdparty.io.grpc.internal.ContextRunnable.run(ContextRunnable.java:37) [ratis-thirdparty-misc-0.2.0.jar:0.2.0]
	at org.apache.ratis.thirdparty.io.grpc.internal.SerializingExecutor.run(SerializingExecutor.java:123) [ratis-thirdparty-misc-0.2.0.jar:0.2.0]
	at java.util.concurrent.ThreadPoolExecutor.runWorker(ThreadPoolExecutor.java:1149) [?:1.8.0_212]
	at java.util.concurrent.ThreadPoolExecutor$Worker.run(ThreadPoolExecutor.java:624) [?:1.8.0_212]
	at java.lang.Thread.run(Thread.java:748) [?:1.8.0_212]
2019-06-14 09:59:47,509 INFO  client.GrpcClientProtocolClient (GrpcClientProtocolClient.java:onNext(254)) - client-D5484748AC54->65f1f17d-ee04-4df8-a60f-9d4d6a7e9aaf: receive RaftClientReply:client-D5484748AC54->65f1f17d-ee04-4df8-a60f-9d4d6a7e9aaf@group-0B3A641D9B57, cid=37, FAILED org.apache.ratis.protocol.StateMachineException: org.apache.hadoop.hdds.scm.container.common.helpers.ContainerNotOpenException from Server 65f1f17d-ee04-4df8-a60f-9d4d6a7e9aaf: Container 1 in CLOSED state, logIndex=0, commits[65f1f17d-ee04-4df8-a60f-9d4d6a7e9aaf:c6, 7270204c-9aa3-420e-9bd9-28c0ed5919e2:c5, 8129c50c-9bc8-4759-a93f-44b2a72c2f6d:c5]
2019-06-14 09:59:47,511 INFO  client.GrpcClientProtocolClient (GrpcClientProtocolClient.java:onNext(254)) - client-D5484748AC54->65f1f17d-ee04-4df8-a60f-9d4d6a7e9aaf: receive RaftClientReply:client-D5484748AC54->65f1f17d-ee04-4df8-a60f-9d4d6a7e9aaf@group-0B3A641D9B57, cid=38, FAILED org.apache.ratis.protocol.StateMachineException: org.apache.hadoop.hdds.scm.container.common.helpers.ContainerNotOpenException from Server 65f1f17d-ee04-4df8-a60f-9d4d6a7e9aaf: Container 1 in CLOSED state, logIndex=0, commits[65f1f17d-ee04-4df8-a60f-9d4d6a7e9aaf:c6, 7270204c-9aa3-420e-9bd9-28c0ed5919e2:c5, 8129c50c-9bc8-4759-a93f-44b2a72c2f6d:c5]
2019-06-14 09:59:47,533 INFO  client.GrpcClientProtocolClient (GrpcClientProtocolClient.java:onNext(254)) - client-3CC9A7F271DD->89c164bd-7212-42b9-8fec-3ff5fbec6172: receive RaftClientReply:client-3CC9A7F271DD->89c164bd-7212-42b9-8fec-3ff5fbec6172@group-B138755D2632, cid=39, FAILED org.apache.ratis.protocol.NotLeaderException: Server 89c164bd-7212-42b9-8fec-3ff5fbec6172 is not the leader (e863c32a-23fa-4d35-89d2-b1387367ea81:192.168.105.157:45887). Request must be sent to leader., logIndex=0, commits[89c164bd-7212-42b9-8fec-3ff5fbec6172:c0, e863c32a-23fa-4d35-89d2-b1387367ea81:c0, 1845a6e9-f26a-431d-840f-a7605bb56c56:c0]
2019-06-14 09:59:47,538 WARN  client.GrpcClientProtocolService (LogUtils.java:warn(134)) - 0-OrderedRequestStreamObserver0: onError: org.apache.ratis.thirdparty.io.grpc.StatusRuntimeException: CANCELLED: cancelled before receiving half close
2019-06-14 09:59:48,549 INFO  client.GrpcClientProtocolClient (GrpcClientProtocolClient.java:onNext(254)) - client-3CC9A7F271DD->1845a6e9-f26a-431d-840f-a7605bb56c56: receive RaftClientReply:client-3CC9A7F271DD->1845a6e9-f26a-431d-840f-a7605bb56c56@group-B138755D2632, cid=39, FAILED org.apache.ratis.protocol.NotLeaderException: Server 1845a6e9-f26a-431d-840f-a7605bb56c56 is not the leader (e863c32a-23fa-4d35-89d2-b1387367ea81:192.168.105.157:45887). Request must be sent to leader., logIndex=0, commits[1845a6e9-f26a-431d-840f-a7605bb56c56:c0, e863c32a-23fa-4d35-89d2-b1387367ea81:c0, 89c164bd-7212-42b9-8fec-3ff5fbec6172:c0]
2019-06-14 09:59:48,553 WARN  client.GrpcClientProtocolService (LogUtils.java:warn(134)) - 0-OrderedRequestStreamObserver0: onError: org.apache.ratis.thirdparty.io.grpc.StatusRuntimeException: CANCELLED: cancelled before receiving half close
2019-06-14 09:59:49,562 INFO  client.GrpcClientProtocolClient (GrpcClientProtocolClient.java:onNext(254)) - client-3CC9A7F271DD->89c164bd-7212-42b9-8fec-3ff5fbec6172: receive RaftClientReply:client-3CC9A7F271DD->89c164bd-7212-42b9-8fec-3ff5fbec6172@group-B138755D2632, cid=39, FAILED org.apache.ratis.protocol.NotLeaderException: Server 89c164bd-7212-42b9-8fec-3ff5fbec6172 is not the leader (e863c32a-23fa-4d35-89d2-b1387367ea81:192.168.105.157:45887). Request must be sent to leader., logIndex=0, commits[89c164bd-7212-42b9-8fec-3ff5fbec6172:c0, e863c32a-23fa-4d35-89d2-b1387367ea81:c0, 1845a6e9-f26a-431d-840f-a7605bb56c56:c0]
2019-06-14 09:59:49,564 WARN  client.GrpcClientProtocolService (LogUtils.java:warn(134)) - 1-OrderedRequestStreamObserver1: onError: org.apache.ratis.thirdparty.io.grpc.StatusRuntimeException: CANCELLED: cancelled before receiving half close
2019-06-14 09:59:50,573 INFO  client.GrpcClientProtocolClient (GrpcClientProtocolClient.java:onNext(254)) - client-3CC9A7F271DD->1845a6e9-f26a-431d-840f-a7605bb56c56: receive RaftClientReply:client-3CC9A7F271DD->1845a6e9-f26a-431d-840f-a7605bb56c56@group-B138755D2632, cid=39, FAILED org.apache.ratis.protocol.NotLeaderException: Server 1845a6e9-f26a-431d-840f-a7605bb56c56 is not the leader (e863c32a-23fa-4d35-89d2-b1387367ea81:192.168.105.157:45887). Request must be sent to leader., logIndex=0, commits[1845a6e9-f26a-431d-840f-a7605bb56c56:c0, e863c32a-23fa-4d35-89d2-b1387367ea81:c0, 89c164bd-7212-42b9-8fec-3ff5fbec6172:c0]
2019-06-14 09:59:50,577 WARN  client.GrpcClientProtocolService (LogUtils.java:warn(134)) - 1-OrderedRequestStreamObserver1: onError: org.apache.ratis.thirdparty.io.grpc.StatusRuntimeException: CANCELLED: cancelled before receiving half close
2019-06-14 09:59:51,584 INFO  client.GrpcClientProtocolClient (GrpcClientProtocolClient.java:onNext(254)) - client-3CC9A7F271DD->89c164bd-7212-42b9-8fec-3ff5fbec6172: receive RaftClientReply:client-3CC9A7F271DD->89c164bd-7212-42b9-8fec-3ff5fbec6172@group-B138755D2632, cid=39, FAILED org.apache.ratis.protocol.NotLeaderException: Server 89c164bd-7212-42b9-8fec-3ff5fbec6172 is not the leader (e863c32a-23fa-4d35-89d2-b1387367ea81:192.168.105.157:45887). Request must be sent to leader., logIndex=0, commits[89c164bd-7212-42b9-8fec-3ff5fbec6172:c0, e863c32a-23fa-4d35-89d2-b1387367ea81:c0, 1845a6e9-f26a-431d-840f-a7605bb56c56:c0]
2019-06-14 09:59:51,588 WARN  client.GrpcClientProtocolService (LogUtils.java:warn(134)) - 2-OrderedRequestStreamObserver2: onError: org.apache.ratis.thirdparty.io.grpc.StatusRuntimeException: CANCELLED: cancelled before receiving half close
2019-06-14 09:59:52,595 INFO  client.GrpcClientProtocolClient (GrpcClientProtocolClient.java:onNext(254)) - client-3CC9A7F271DD->1845a6e9-f26a-431d-840f-a7605bb56c56: receive RaftClientReply:client-3CC9A7F271DD->1845a6e9-f26a-431d-840f-a7605bb56c56@group-B138755D2632, cid=39, FAILED org.apache.ratis.protocol.NotLeaderException: Server 1845a6e9-f26a-431d-840f-a7605bb56c56 is not the leader (e863c32a-23fa-4d35-89d2-b1387367ea81:192.168.105.157:45887). Request must be sent to leader., logIndex=0, commits[1845a6e9-f26a-431d-840f-a7605bb56c56:c0, e863c32a-23fa-4d35-89d2-b1387367ea81:c0, 89c164bd-7212-42b9-8fec-3ff5fbec6172:c0]
2019-06-14 09:59:52,600 WARN  io.KeyOutputStream (KeyOutputStream.java:handleException(276)) - Encountered exception java.io.IOException: Unexpected Storage Container Exception: java.util.concurrent.CompletionException: java.util.concurrent.CompletionException: org.apache.ratis.protocol.RaftRetryFailureException: Failed RaftClientRequest:client-3CC9A7F271DD->1845a6e9-f26a-431d-840f-a7605bb56c56@group-B138755D2632, cid=39, seq=1*, RW, org.apache.hadoop.hdds.scm.XceiverClientRatis$$Lambda$418/510793091@6f704f8e for 5 attempts with RetryLimited(maxAttempts=5, sleepTime=1000ms) on the pipeline Pipeline[ Id: 53159476-dc9f-4466-8022-b138755d2632, Nodes: 89c164bd-7212-42b9-8fec-3ff5fbec6172{ip: 192.168.105.157, host: ozone-mm759-2607770056, networkLocation: /default-rack, certSerialId: null}1845a6e9-f26a-431d-840f-a7605bb56c56{ip: 192.168.105.157, host: ozone-mm759-2607770056, networkLocation: /default-rack, certSerialId: null}e863c32a-23fa-4d35-89d2-b1387367ea81{ip: 192.168.105.157, host: ozone-mm759-2607770056, networkLocation: /default-rack, certSerialId: null}, Type:RATIS, Factor:THREE, State:OPEN]. The last committed block length is 0, uncommitted data length is 1048576 retry count 0
2019-06-14 09:59:52,602 WARN  client.GrpcClientProtocolService (LogUtils.java:warn(134)) - 2-OrderedRequestStreamObserver2: onError: org.apache.ratis.thirdparty.io.grpc.StatusRuntimeException: CANCELLED: cancelled before receiving half close
2019-06-14 09:59:52,645 INFO  client.GrpcClientProtocolClient (GrpcClientProtocolClient.java:onNext(254)) - client-D5484748AC54->65f1f17d-ee04-4df8-a60f-9d4d6a7e9aaf: receive RaftClientReply:client-D5484748AC54->65f1f17d-ee04-4df8-a60f-9d4d6a7e9aaf@group-0B3A641D9B57, cid=41, SUCCESS, logIndex=7, commits[65f1f17d-ee04-4df8-a60f-9d4d6a7e9aaf:c7, 7270204c-9aa3-420e-9bd9-28c0ed5919e2:c6, 8129c50c-9bc8-4759-a93f-44b2a72c2f6d:c6]
2019-06-14 09:59:52,665 INFO  client.GrpcClientProtocolClient (GrpcClientProtocolClient.java:onNext(254)) - client-D5484748AC54->65f1f17d-ee04-4df8-a60f-9d4d6a7e9aaf: receive RaftClientReply:client-D5484748AC54->65f1f17d-ee04-4df8-a60f-9d4d6a7e9aaf@group-0B3A641D9B57, cid=42, SUCCESS, logIndex=9, commits[65f1f17d-ee04-4df8-a60f-9d4d6a7e9aaf:c10, 7270204c-9aa3-420e-9bd9-28c0ed5919e2:c9, 8129c50c-9bc8-4759-a93f-44b2a72c2f6d:c9]
]]></system-out>
    <system-err><![CDATA[Jun 14, 2019 9:59:38 AM com.sun.jersey.server.impl.application.WebApplicationImpl _initiate
INFO: Initiating Jersey application, version 'Jersey: 1.19 02/11/2015 03:25 AM'
Jun 14, 2019 9:59:38 AM com.sun.jersey.server.impl.application.WebApplicationImpl _initiate
INFO: Initiating Jersey application, version 'Jersey: 1.19 02/11/2015 03:25 AM'
Jun 14, 2019 9:59:38 AM com.sun.jersey.server.impl.application.WebApplicationImpl _initiate
INFO: Initiating Jersey application, version 'Jersey: 1.19 02/11/2015 03:25 AM'
Jun 14, 2019 9:59:38 AM com.sun.jersey.server.impl.application.WebApplicationImpl _initiate
INFO: Initiating Jersey application, version 'Jersey: 1.19 02/11/2015 03:25 AM'
Jun 14, 2019 9:59:39 AM com.sun.jersey.server.impl.application.WebApplicationImpl _initiate
INFO: Initiating Jersey application, version 'Jersey: 1.19 02/11/2015 03:25 AM'
Jun 14, 2019 9:59:39 AM com.sun.jersey.server.impl.application.WebApplicationImpl _initiate
INFO: Initiating Jersey application, version 'Jersey: 1.19 02/11/2015 03:25 AM'
]]></system-err>
  </testcase>
  <testcase name="testWriteSmallFile" classname="org.apache.hadoop.ozone.client.rpc.TestFailureHandlingByClient" time="19.103"/>
  <testcase name="testMultiBlockWritesWithIntermittentDnFailures" classname="org.apache.hadoop.ozone.client.rpc.TestFailureHandlingByClient" time="38.346"/>
  <testcase name="testBlockWritesWithDnFailures" classname="org.apache.hadoop.ozone.client.rpc.TestFailureHandlingByClient" time="11.738"/>
  <testcase name="testDatanodeExclusionWithMajorityCommit" classname="org.apache.hadoop.ozone.client.rpc.TestFailureHandlingByClient" time="12.97">
    <failure type="java.lang.AssertionError">java.lang.AssertionError
	at org.junit.Assert.fail(Assert.java:86)
	at org.junit.Assert.assertTrue(Assert.java:41)
	at org.junit.Assert.assertTrue(Assert.java:52)
	at org.apache.hadoop.ozone.client.rpc.TestFailureHandlingByClient.testDatanodeExclusionWithMajorityCommit(TestFailureHandlingByClient.java:400)
	at sun.reflect.NativeMethodAccessorImpl.invoke0(Native Method)
	at sun.reflect.NativeMethodAccessorImpl.invoke(NativeMethodAccessorImpl.java:62)
	at sun.reflect.DelegatingMethodAccessorImpl.invoke(DelegatingMethodAccessorImpl.java:43)
	at java.lang.reflect.Method.invoke(Method.java:498)
	at org.junit.runners.model.FrameworkMethod$1.runReflectiveCall(FrameworkMethod.java:47)
	at org.junit.internal.runners.model.ReflectiveCallable.run(ReflectiveCallable.java:12)
	at org.junit.runners.model.FrameworkMethod.invokeExplosively(FrameworkMethod.java:44)
	at org.junit.internal.runners.statements.InvokeMethod.evaluate(InvokeMethod.java:17)
	at org.junit.runners.ParentRunner.runLeaf(ParentRunner.java:271)
	at org.junit.runners.BlockJUnit4ClassRunner.runChild(BlockJUnit4ClassRunner.java:70)
	at org.junit.runners.BlockJUnit4ClassRunner.runChild(BlockJUnit4ClassRunner.java:50)
	at org.junit.runners.ParentRunner$3.run(ParentRunner.java:238)
	at org.junit.runners.ParentRunner$1.schedule(ParentRunner.java:63)
	at org.junit.runners.ParentRunner.runChildren(ParentRunner.java:236)
	at org.junit.runners.ParentRunner.access$000(ParentRunner.java:53)
	at org.junit.runners.ParentRunner$2.evaluate(ParentRunner.java:229)
	at org.junit.runners.ParentRunner.run(ParentRunner.java:309)
	at org.apache.maven.surefire.junit4.JUnit4Provider.execute(JUnit4Provider.java:365)
	at org.apache.maven.surefire.junit4.JUnit4Provider.executeWithRerun(JUnit4Provider.java:273)
	at org.apache.maven.surefire.junit4.JUnit4Provider.executeTestSet(JUnit4Provider.java:238)
	at org.apache.maven.surefire.junit4.JUnit4Provider.invoke(JUnit4Provider.java:159)
	at org.apache.maven.surefire.booter.ForkedBooter.invokeProviderInSameClassLoader(ForkedBooter.java:384)
	at org.apache.maven.surefire.booter.ForkedBooter.runSuitesInProcess(ForkedBooter.java:345)
	at org.apache.maven.surefire.booter.ForkedBooter.execute(ForkedBooter.java:126)
	at org.apache.maven.surefire.booter.ForkedBooter.main(ForkedBooter.java:418)
</failure>
    <system-out><![CDATA[2019-06-14 10:01:01,868 WARN  server.ServerUtils (ServerUtils.java:getScmDbDir(145)) - ozone.scm.db.dirs is not configured. We recommend adding this setting. Falling back to ozone.metadata.dirs instead.
2019-06-14 10:01:01,872 WARN  server.ServerUtils (ServerUtils.java:getScmDbDir(145)) - ozone.scm.db.dirs is not configured. We recommend adding this setting. Falling back to ozone.metadata.dirs instead.
2019-06-14 10:01:01,873 WARN  server.ServerUtils (ServerUtils.java:getScmDbDir(145)) - ozone.scm.db.dirs is not configured. We recommend adding this setting. Falling back to ozone.metadata.dirs instead.
2019-06-14 10:01:01,873 INFO  db.DBStoreBuilder (DBStoreBuilder.java:addTable(110)) - using custom profile for table: deletedBlocks
2019-06-14 10:01:01,873 INFO  db.DBStoreBuilder (DBStoreBuilder.java:processTables(161)) - Using default column profile:DBProfile.DISK for Table:deletedBlocks
2019-06-14 10:01:01,873 INFO  db.DBStoreBuilder (DBStoreBuilder.java:addTable(110)) - using custom profile for table: validCerts
2019-06-14 10:01:01,874 INFO  db.DBStoreBuilder (DBStoreBuilder.java:processTables(161)) - Using default column profile:DBProfile.DISK for Table:validCerts
2019-06-14 10:01:01,874 INFO  db.DBStoreBuilder (DBStoreBuilder.java:addTable(110)) - using custom profile for table: revokedCerts
2019-06-14 10:01:01,874 INFO  db.DBStoreBuilder (DBStoreBuilder.java:processTables(161)) - Using default column profile:DBProfile.DISK for Table:revokedCerts
2019-06-14 10:01:01,874 INFO  db.DBStoreBuilder (DBStoreBuilder.java:addTable(110)) - using custom profile for table: default
2019-06-14 10:01:01,874 INFO  db.DBStoreBuilder (DBStoreBuilder.java:processTables(167)) - Using default column profile:DBProfile.DISK for Table:default
2019-06-14 10:01:01,874 INFO  db.DBStoreBuilder (DBStoreBuilder.java:getDbProfile(198)) - Using default options. DBProfile.DISK
2019-06-14 10:01:01,909 INFO  node.SCMNodeManager (SCMNodeManager.java:<init>(108)) - Entering startup safe mode.
2019-06-14 10:01:01,910 INFO  net.NodeSchemaLoader (NodeSchemaLoader.java:loadSchemaFromFile(125)) - Loading file from sun.misc.CompoundEnumeration@c3e5e3c
2019-06-14 10:01:01,910 INFO  net.NodeSchemaLoader (NodeSchemaLoader.java:loadSchema(171)) - Loading network topology layer schema file
2019-06-14 10:01:01,912 WARN  server.ServerUtils (ServerUtils.java:getScmDbDir(145)) - ozone.scm.db.dirs is not configured. We recommend adding this setting. Falling back to ozone.metadata.dirs instead.
2019-06-14 10:01:01,924 INFO  pipeline.SCMPipelineManager (SCMPipelineManager.java:initializePipelineState(126)) - No pipeline exists in current db
2019-06-14 10:01:01,924 WARN  server.ServerUtils (ServerUtils.java:getScmDbDir(145)) - ozone.scm.db.dirs is not configured. We recommend adding this setting. Falling back to ozone.metadata.dirs instead.
2019-06-14 10:01:01,938 WARN  events.EventQueue (EventQueue.java:fireEvent(175)) - No event handler registered for event TypedEvent{payloadType=SafeModeStatus, name='SafeModeStatus'}
2019-06-14 10:01:01,939 INFO  ipc.CallQueueManager (CallQueueManager.java:<init>(84)) - Using callQueue: class java.util.concurrent.LinkedBlockingQueue, queueCapacity: 2000, scheduler: class org.apache.hadoop.ipc.DefaultRpcScheduler, ipcBackoff: false.
2019-06-14 10:01:01,939 INFO  ipc.Server (Server.java:run(1074)) - Starting Socket Reader #1 for port 44053
2019-06-14 10:01:01,943 INFO  ipc.CallQueueManager (CallQueueManager.java:<init>(84)) - Using callQueue: class java.util.concurrent.LinkedBlockingQueue, queueCapacity: 2000, scheduler: class org.apache.hadoop.ipc.DefaultRpcScheduler, ipcBackoff: false.
2019-06-14 10:01:01,943 INFO  ipc.Server (Server.java:run(1074)) - Starting Socket Reader #1 for port 42747
2019-06-14 10:01:01,946 INFO  ipc.CallQueueManager (CallQueueManager.java:<init>(84)) - Using callQueue: class java.util.concurrent.LinkedBlockingQueue, queueCapacity: 2000, scheduler: class org.apache.hadoop.ipc.DefaultRpcScheduler, ipcBackoff: false.
2019-06-14 10:01:01,946 INFO  ipc.Server (Server.java:run(1074)) - Starting Socket Reader #1 for port 40751
2019-06-14 10:01:01,949 INFO  hdfs.DFSUtil (DFSUtil.java:httpServerTemplateForNNAndJN(1641)) - Starting Web-server for scm at: http://0.0.0.0:0
2019-06-14 10:01:01,950 INFO  server.AuthenticationFilter (AuthenticationFilter.java:constructSecretProvider(240)) - Unable to initialize FileSignerSecretProvider, falling back to use random secrets.
2019-06-14 10:01:01,950 WARN  http.HttpRequestLog (HttpRequestLog.java:getRequestLog(97)) - Jetty request log can only be enabled using Log4j
2019-06-14 10:01:01,951 INFO  http.HttpServer2 (HttpServer2.java:addGlobalFilter(975)) - Added global filter 'safety' (class=org.apache.hadoop.http.HttpServer2$QuotingInputFilter)
2019-06-14 10:01:01,952 INFO  http.HttpServer2 (HttpServer2.java:addFilter(948)) - Added filter static_user_filter (class=org.apache.hadoop.http.lib.StaticUserWebFilter$StaticUserFilter) to context scm
2019-06-14 10:01:01,952 INFO  http.HttpServer2 (HttpServer2.java:addFilter(958)) - Added filter static_user_filter (class=org.apache.hadoop.http.lib.StaticUserWebFilter$StaticUserFilter) to context static
2019-06-14 10:01:01,952 INFO  http.HttpServer2 (HttpServer2.java:addFilter(958)) - Added filter static_user_filter (class=org.apache.hadoop.http.lib.StaticUserWebFilter$StaticUserFilter) to context logs
2019-06-14 10:01:01,954 INFO  server.StorageContainerManager (StorageContainerManager.java:start(752)) - StorageContainerLocationProtocol RPC server is listening at /0.0.0.0:40751
2019-06-14 10:01:01,954 INFO  impl.MetricsSystemImpl (MetricsSystemImpl.java:init(158)) - StorageContainerManager metrics system started (again)
2019-06-14 10:01:01,954 INFO  server.SCMClientProtocolServer (SCMClientProtocolServer.java:start(149)) - RPC server for Client  is listening at /0.0.0.0:40751
2019-06-14 10:01:01,955 INFO  ipc.Server (Server.java:run(1314)) - IPC Server Responder: starting
2019-06-14 10:01:01,955 INFO  ipc.Server (Server.java:run(1153)) - IPC Server listener on 40751: starting
2019-06-14 10:01:01,963 INFO  server.StorageContainerManager (StorageContainerManager.java:start(761)) - ScmBlockLocationProtocol RPC server is listening at /0.0.0.0:42747
2019-06-14 10:01:01,963 INFO  server.SCMBlockProtocolServer (SCMBlockProtocolServer.java:start(137)) - RPC server for Block Protocol is listening at /0.0.0.0:42747
2019-06-14 10:01:01,963 INFO  ipc.Server (Server.java:run(1314)) - IPC Server Responder: starting
2019-06-14 10:01:01,963 INFO  ipc.Server (Server.java:run(1153)) - IPC Server listener on 42747: starting
2019-06-14 10:01:01,967 INFO  server.StorageContainerManager (StorageContainerManager.java:start(765)) - ScmDatanodeProtocl RPC server is listening at /0.0.0.0:44053
2019-06-14 10:01:01,967 INFO  server.SCMDatanodeProtocolServer (SCMDatanodeProtocolServer.java:start(191)) - RPC server for DataNodes is listening at /0.0.0.0:44053
2019-06-14 10:01:01,967 INFO  ipc.Server (Server.java:run(1314)) - IPC Server Responder: starting
2019-06-14 10:01:01,967 INFO  ipc.Server (Server.java:run(1153)) - IPC Server listener on 44053: starting
2019-06-14 10:01:01,973 INFO  http.HttpServer2 (HttpServer2.java:bindListener(1191)) - Jetty bound to port 36487
2019-06-14 10:01:01,973 INFO  server.Server (Server.java:doStart(351)) - jetty-9.3.24.v20180605, build timestamp: 2018-06-05T17:11:56Z, git hash: 84205aa28f11a4f31f2a3b86d1bba2cc8ab69827
2019-06-14 10:01:01,974 INFO  handler.ContextHandler (ContextHandler.java:doStart(781)) - Started o.e.j.s.ServletContextHandler@1bdb6b36{/logs,file:///opt/src/hadoop-ozone/integration-test/target/log,AVAILABLE}
2019-06-14 10:01:01,974 INFO  handler.ContextHandler (ContextHandler.java:doStart(781)) - Started o.e.j.s.ServletContextHandler@1e3689e7{/static,file:///opt/src/hadoop-ozone/integration-test/target/test-classes/webapps/static,AVAILABLE}
2019-06-14 10:01:01,978 INFO  handler.ContextHandler (ContextHandler.java:doStart(781)) - Started o.e.j.w.WebAppContext@29390110{/,file:///opt/src/hadoop-ozone/integration-test/target/test-classes/webapps/scm/,AVAILABLE}{/scm}
2019-06-14 10:01:01,978 INFO  server.AbstractConnector (AbstractConnector.java:doStart(278)) - Started ServerConnector@4b89515b{HTTP/1.1,[http/1.1]}{0.0.0.0:36487}
2019-06-14 10:01:01,979 INFO  server.Server (Server.java:doStart(419)) - Started @100505ms
2019-06-14 10:01:01,980 INFO  server.BaseHttpServer (BaseHttpServer.java:updateConnectorAddress(207)) - HTTP server of SCM is listening at http://0.0.0.0:36487
2019-06-14 10:01:01,981 WARN  scm.ScmUtils (ScmUtils.java:getDBPath(63)) - ozone.om.db.dirs is not configured. We recommend adding this setting. Falling back to ozone.metadata.dirs instead.
2019-06-14 10:01:01,982 INFO  util.JvmPauseMonitor (JvmPauseMonitor.java:run(188)) - Starting JVM pause monitor
2019-06-14 10:01:01,984 WARN  scm.ScmUtils (ScmUtils.java:getDBPath(63)) - ozone.om.db.dirs is not configured. We recommend adding this setting. Falling back to ozone.metadata.dirs instead.
2019-06-14 10:01:01,984 INFO  om.OzoneManager (OzoneManager.java:setOMNodeDetails(519)) - OM Service ID is not set. Setting it to the default ID: omServiceIdDefault
2019-06-14 10:01:01,984 INFO  om.OzoneManager (OzoneManager.java:setOMNodeDetails(525)) - OM Node ID is not set. Setting it to the OmStorage's OmID: ac1417fe-3b6f-46d3-826a-00bf53486080
2019-06-14 10:01:01,984 WARN  scm.HddsServerUtil (HddsServerUtil.java:getDefaultRatisDirectory(354)) - Storage directory for Ratis is not configured. It is a good idea to map this to an SSD disk. Falling back to ozone.metadata.dirs
2019-06-14 10:01:01,984 WARN  scm.HddsServerUtil (HddsServerUtil.java:getDefaultRatisDirectory(354)) - Storage directory for Ratis is not configured. It is a good idea to map this to an SSD disk. Falling back to ozone.metadata.dirs
2019-06-14 10:01:01,985 INFO  om.OzoneManager (OzoneManager.java:loadOMHAConfigs(476)) - Found matching OM address with OMServiceId: null, OMNodeId: null, RPC Address: localhost:0 and Ratis port: 9872
2019-06-14 10:01:01,995 WARN  scm.ScmUtils (ScmUtils.java:getDBPath(63)) - ozone.om.db.dirs is not configured. We recommend adding this setting. Falling back to ozone.metadata.dirs instead.
2019-06-14 10:01:01,995 INFO  db.DBStoreBuilder (DBStoreBuilder.java:addTable(110)) - using custom profile for table: userTable
2019-06-14 10:01:01,995 INFO  db.DBStoreBuilder (DBStoreBuilder.java:processTables(161)) - Using default column profile:DBProfile.DISK for Table:userTable
2019-06-14 10:01:01,996 INFO  db.DBStoreBuilder (DBStoreBuilder.java:addTable(110)) - using custom profile for table: volumeTable
2019-06-14 10:01:01,996 INFO  db.DBStoreBuilder (DBStoreBuilder.java:processTables(161)) - Using default column profile:DBProfile.DISK for Table:volumeTable
2019-06-14 10:01:01,996 INFO  db.DBStoreBuilder (DBStoreBuilder.java:addTable(110)) - using custom profile for table: bucketTable
2019-06-14 10:01:01,996 INFO  db.DBStoreBuilder (DBStoreBuilder.java:processTables(161)) - Using default column profile:DBProfile.DISK for Table:bucketTable
2019-06-14 10:01:01,996 INFO  db.DBStoreBuilder (DBStoreBuilder.java:addTable(110)) - using custom profile for table: keyTable
2019-06-14 10:01:01,996 INFO  db.DBStoreBuilder (DBStoreBuilder.java:processTables(161)) - Using default column profile:DBProfile.DISK for Table:keyTable
2019-06-14 10:01:01,996 INFO  db.DBStoreBuilder (DBStoreBuilder.java:addTable(110)) - using custom profile for table: deletedTable
2019-06-14 10:01:01,996 INFO  db.DBStoreBuilder (DBStoreBuilder.java:processTables(161)) - Using default column profile:DBProfile.DISK for Table:deletedTable
2019-06-14 10:01:01,996 INFO  db.DBStoreBuilder (DBStoreBuilder.java:addTable(110)) - using custom profile for table: openKeyTable
2019-06-14 10:01:01,996 INFO  db.DBStoreBuilder (DBStoreBuilder.java:processTables(161)) - Using default column profile:DBProfile.DISK for Table:openKeyTable
2019-06-14 10:01:01,997 INFO  db.DBStoreBuilder (DBStoreBuilder.java:addTable(110)) - using custom profile for table: s3Table
2019-06-14 10:01:01,997 INFO  db.DBStoreBuilder (DBStoreBuilder.java:processTables(161)) - Using default column profile:DBProfile.DISK for Table:s3Table
2019-06-14 10:01:01,997 INFO  db.DBStoreBuilder (DBStoreBuilder.java:addTable(110)) - using custom profile for table: multipartInfoTable
2019-06-14 10:01:01,997 INFO  db.DBStoreBuilder (DBStoreBuilder.java:processTables(161)) - Using default column profile:DBProfile.DISK for Table:multipartInfoTable
2019-06-14 10:01:01,997 INFO  db.DBStoreBuilder (DBStoreBuilder.java:addTable(110)) - using custom profile for table: dTokenTable
2019-06-14 10:01:01,997 INFO  db.DBStoreBuilder (DBStoreBuilder.java:processTables(161)) - Using default column profile:DBProfile.DISK for Table:dTokenTable
2019-06-14 10:01:01,997 INFO  db.DBStoreBuilder (DBStoreBuilder.java:addTable(110)) - using custom profile for table: s3SecretTable
2019-06-14 10:01:01,997 INFO  db.DBStoreBuilder (DBStoreBuilder.java:processTables(161)) - Using default column profile:DBProfile.DISK for Table:s3SecretTable
2019-06-14 10:01:01,997 INFO  db.DBStoreBuilder (DBStoreBuilder.java:addTable(110)) - using custom profile for table: prefixTable
2019-06-14 10:01:01,998 INFO  db.DBStoreBuilder (DBStoreBuilder.java:processTables(161)) - Using default column profile:DBProfile.DISK for Table:prefixTable
2019-06-14 10:01:01,998 INFO  db.DBStoreBuilder (DBStoreBuilder.java:addTable(110)) - using custom profile for table: default
2019-06-14 10:01:01,998 INFO  db.DBStoreBuilder (DBStoreBuilder.java:processTables(167)) - Using default column profile:DBProfile.DISK for Table:default
2019-06-14 10:01:01,998 INFO  db.DBStoreBuilder (DBStoreBuilder.java:getDbProfile(198)) - Using default options. DBProfile.DISK
2019-06-14 10:01:02,134 INFO  ipc.CallQueueManager (CallQueueManager.java:<init>(84)) - Using callQueue: class java.util.concurrent.LinkedBlockingQueue, queueCapacity: 2000, scheduler: class org.apache.hadoop.ipc.DefaultRpcScheduler, ipcBackoff: false.
2019-06-14 10:01:02,134 INFO  ipc.Server (Server.java:run(1074)) - Starting Socket Reader #1 for port 46759
2019-06-14 10:01:02,149 WARN  scm.ScmUtils (ScmUtils.java:getDBPath(63)) - ozone.om.db.dirs is not configured. We recommend adding this setting. Falling back to ozone.metadata.dirs instead.
2019-06-14 10:01:02,149 INFO  om.OzoneManager (OzoneManager.java:start(1217)) - OzoneManager RPC server is listening at localhost/127.0.0.1:46759
2019-06-14 10:01:02,149 INFO  impl.MetricsSystemImpl (MetricsSystemImpl.java:init(158)) - OzoneManager metrics system started (again)
2019-06-14 10:01:02,149 INFO  ipc.Server (Server.java:run(1314)) - IPC Server Responder: starting
2019-06-14 10:01:02,149 INFO  ipc.Server (Server.java:run(1153)) - IPC Server listener on 46759: starting
2019-06-14 10:01:02,161 INFO  hdfs.DFSUtil (DFSUtil.java:httpServerTemplateForNNAndJN(1641)) - Starting Web-server for ozoneManager at: http://0.0.0.0:0
2019-06-14 10:01:02,162 INFO  server.AuthenticationFilter (AuthenticationFilter.java:constructSecretProvider(240)) - Unable to initialize FileSignerSecretProvider, falling back to use random secrets.
2019-06-14 10:01:02,162 WARN  http.HttpRequestLog (HttpRequestLog.java:getRequestLog(97)) - Jetty request log can only be enabled using Log4j
2019-06-14 10:01:02,164 INFO  http.HttpServer2 (HttpServer2.java:addGlobalFilter(975)) - Added global filter 'safety' (class=org.apache.hadoop.http.HttpServer2$QuotingInputFilter)
2019-06-14 10:01:02,164 INFO  http.HttpServer2 (HttpServer2.java:addFilter(948)) - Added filter static_user_filter (class=org.apache.hadoop.http.lib.StaticUserWebFilter$StaticUserFilter) to context ozoneManager
2019-06-14 10:01:02,164 INFO  http.HttpServer2 (HttpServer2.java:addFilter(958)) - Added filter static_user_filter (class=org.apache.hadoop.http.lib.StaticUserWebFilter$StaticUserFilter) to context logs
2019-06-14 10:01:02,164 INFO  http.HttpServer2 (HttpServer2.java:addFilter(958)) - Added filter static_user_filter (class=org.apache.hadoop.http.lib.StaticUserWebFilter$StaticUserFilter) to context static
2019-06-14 10:01:02,165 INFO  http.HttpServer2 (HttpServer2.java:bindListener(1191)) - Jetty bound to port 43403
2019-06-14 10:01:02,165 INFO  server.Server (Server.java:doStart(351)) - jetty-9.3.24.v20180605, build timestamp: 2018-06-05T17:11:56Z, git hash: 84205aa28f11a4f31f2a3b86d1bba2cc8ab69827
2019-06-14 10:01:02,169 INFO  handler.ContextHandler (ContextHandler.java:doStart(781)) - Started o.e.j.s.ServletContextHandler@6d18401b{/logs,file:///opt/src/hadoop-ozone/integration-test/target/log,AVAILABLE}
2019-06-14 10:01:02,169 INFO  handler.ContextHandler (ContextHandler.java:doStart(781)) - Started o.e.j.s.ServletContextHandler@8e100e7{/static,file:///opt/src/hadoop-ozone/integration-test/target/test-classes/webapps/static,AVAILABLE}
2019-06-14 10:01:02,171 INFO  handler.ContextHandler (ContextHandler.java:doStart(781)) - Started o.e.j.w.WebAppContext@11df0bc7{/,file:///opt/src/hadoop-ozone/integration-test/target/test-classes/webapps/ozoneManager/,AVAILABLE}{/ozoneManager}
2019-06-14 10:01:02,172 INFO  server.AbstractConnector (AbstractConnector.java:doStart(278)) - Started ServerConnector@66c88fce{HTTP/1.1,[http/1.1]}{0.0.0.0:43403}
2019-06-14 10:01:02,173 INFO  server.Server (Server.java:doStart(419)) - Started @100699ms
2019-06-14 10:01:02,174 INFO  server.BaseHttpServer (BaseHttpServer.java:updateConnectorAddress(207)) - HTTP server of OZONEMANAGER is listening at http://0.0.0.0:43403
2019-06-14 10:01:02,180 INFO  impl.MetricsSystemImpl (MetricsSystemImpl.java:init(158)) - HddsDatanode metrics system started (again)
2019-06-14 10:01:02,180 INFO  ozone.HddsDatanodeService (HddsDatanodeService.java:start(185)) - HddsDatanodeService host:ozone-mm759-2607770056 ip:192.168.105.157
2019-06-14 10:01:02,186 INFO  volume.HddsVolume (HddsVolume.java:<init>(176)) - Creating Volume: /opt/src/hadoop-ozone/integration-test/target/test-dir/MiniOzoneClusterImpl-b79a6205-7b5f-43da-95c3-5bf2e16134ee/datanode-0/data/containers/hdds of  storage type : DISK and capacity : 104021790720
2019-06-14 10:01:02,187 INFO  volume.VolumeSet (VolumeSet.java:initializeVolumeSet(170)) - Added Volume : /opt/src/hadoop-ozone/integration-test/target/test-dir/MiniOzoneClusterImpl-b79a6205-7b5f-43da-95c3-5bf2e16134ee/datanode-0/data/containers/hdds to VolumeSet
2019-06-14 10:01:02,187 INFO  volume.ThrottledAsyncChecker (ThrottledAsyncChecker.java:schedule(140)) - Scheduling a check for org.apache.hadoop.ozone.container.common.volume.HddsVolume@35b70f9d
2019-06-14 10:01:02,187 INFO  volume.HddsVolumeChecker (HddsVolumeChecker.java:checkAllVolumes(203)) - Scheduled health check for volume org.apache.hadoop.ozone.container.common.volume.HddsVolume@35b70f9d
2019-06-14 10:01:02,194 INFO  ratis.XceiverServerRatis (XceiverServerRatis.java:newXceiverServerRatis(401)) - Found a free port for the server : 45721
2019-06-14 10:01:02,196 INFO  impl.RaftServerProxy (ConfUtils.java:logGet(43)) - raft.rpc.type = GRPC (default)
2019-06-14 10:01:02,196 INFO  grpc.GrpcConfigKeys$Server (ConfUtils.java:logGet(43)) - raft.grpc.server.port = 45721 (custom)
2019-06-14 10:01:02,196 INFO  server.GrpcService (ConfUtils.java:logGet(43)) - raft.grpc.message.size.max = 33570816 (custom)
2019-06-14 10:01:02,196 INFO  server.RaftServerConfigKeys (ConfUtils.java:logGet(43)) - raft.server.log.appender.buffer.byte-limit = 33554432 (custom)
2019-06-14 10:01:02,197 INFO  server.GrpcService (ConfUtils.java:logGet(43)) - raft.grpc.flow.control.window = 1MB (=1048576) (default)
2019-06-14 10:01:02,197 INFO  server.RaftServerConfigKeys (ConfUtils.java:logGet(43)) - raft.server.rpc.request.timeout = 3000ms (default)
2019-06-14 10:01:02,197 INFO  server.RaftServerConfigKeys (ConfUtils.java:logGet(43)) - raft.server.storage.dir = [/opt/src/hadoop-ozone/integration-test/target/test-dir/MiniOzoneClusterImpl-b79a6205-7b5f-43da-95c3-5bf2e16134ee/datanode-0/data/ratis] (custom)
2019-06-14 10:01:02,197 INFO  server.XceiverServerGrpc (XceiverServerGrpc.java:<init>(97)) - Found a free port for the server : 37521
2019-06-14 10:01:02,198 INFO  replication.SimpleContainerDownloader (SimpleContainerDownloader.java:<init>(72)) - Starting container downloader service to copy containers to replicate.
2019-06-14 10:01:02,198 INFO  hdfs.DFSUtil (DFSUtil.java:httpServerTemplateForNNAndJN(1641)) - Starting Web-server for hddsDatanode at: http://0.0.0.0:0
2019-06-14 10:01:02,199 INFO  server.AuthenticationFilter (AuthenticationFilter.java:constructSecretProvider(240)) - Unable to initialize FileSignerSecretProvider, falling back to use random secrets.
2019-06-14 10:01:02,199 WARN  http.HttpRequestLog (HttpRequestLog.java:getRequestLog(97)) - Jetty request log can only be enabled using Log4j
2019-06-14 10:01:02,200 INFO  http.HttpServer2 (HttpServer2.java:addGlobalFilter(975)) - Added global filter 'safety' (class=org.apache.hadoop.http.HttpServer2$QuotingInputFilter)
2019-06-14 10:01:02,200 INFO  http.HttpServer2 (HttpServer2.java:addFilter(948)) - Added filter static_user_filter (class=org.apache.hadoop.http.lib.StaticUserWebFilter$StaticUserFilter) to context hddsDatanode
2019-06-14 10:01:02,200 INFO  http.HttpServer2 (HttpServer2.java:addFilter(958)) - Added filter static_user_filter (class=org.apache.hadoop.http.lib.StaticUserWebFilter$StaticUserFilter) to context static
2019-06-14 10:01:02,200 INFO  http.HttpServer2 (HttpServer2.java:addFilter(958)) - Added filter static_user_filter (class=org.apache.hadoop.http.lib.StaticUserWebFilter$StaticUserFilter) to context logs
2019-06-14 10:01:02,201 INFO  http.HttpServer2 (HttpServer2.java:bindListener(1191)) - Jetty bound to port 43501
2019-06-14 10:01:02,201 INFO  server.Server (Server.java:doStart(351)) - jetty-9.3.24.v20180605, build timestamp: 2018-06-05T17:11:56Z, git hash: 84205aa28f11a4f31f2a3b86d1bba2cc8ab69827
2019-06-14 10:01:02,202 INFO  handler.ContextHandler (ContextHandler.java:doStart(781)) - Started o.e.j.s.ServletContextHandler@327ac23{/logs,file:///opt/src/hadoop-ozone/integration-test/target/log,AVAILABLE}
2019-06-14 10:01:02,203 INFO  handler.ContextHandler (ContextHandler.java:doStart(781)) - Started o.e.j.s.ServletContextHandler@6b61a4b0{/static,jar:file:/root/.m2/repository/org/apache/hadoop/hadoop-hdds-container-service/0.5.0-SNAPSHOT/hadoop-hdds-container-service-0.5.0-SNAPSHOT.jar!/webapps/static,AVAILABLE}
2019-06-14 10:01:02,270 INFO  handler.ContextHandler (ContextHandler.java:doStart(781)) - Started o.e.j.w.WebAppContext@70736b19{/,file:///tmp/jetty-0.0.0.0-43501-hddsDatanode-_-any-7153628428639472075.dir/webapp/,AVAILABLE}{/hddsDatanode}
2019-06-14 10:01:02,270 INFO  server.AbstractConnector (AbstractConnector.java:doStart(278)) - Started ServerConnector@183e64a8{HTTP/1.1,[http/1.1]}{0.0.0.0:43501}
2019-06-14 10:01:02,271 INFO  server.Server (Server.java:doStart(419)) - Started @100797ms
2019-06-14 10:01:02,271 INFO  server.BaseHttpServer (BaseHttpServer.java:updateConnectorAddress(207)) - HTTP server of HDDSDATANODE is listening at http://0.0.0.0:43501
2019-06-14 10:01:02,347 INFO  ozone.HddsDatanodeService (HddsDatanodeService.java:startPlugins(396)) - Started plug-in org.apache.hadoop.ozone.web.OzoneHddsDatanodeService@125ed27
2019-06-14 10:01:02,348 INFO  impl.MetricsSystemImpl (MetricsSystemImpl.java:init(158)) - HddsDatanode metrics system started (again)
2019-06-14 10:01:02,348 INFO  ozone.HddsDatanodeService (HddsDatanodeService.java:start(185)) - HddsDatanodeService host:ozone-mm759-2607770056 ip:192.168.105.157
2019-06-14 10:01:02,349 INFO  util.JvmPauseMonitor (JvmPauseMonitor.java:run(188)) - Starting JVM pause monitor
2019-06-14 10:01:02,350 INFO  datanode.InitDatanodeState (InitDatanodeState.java:persistContainerDatanodeDetails(140)) - DatanodeDetails is persisted to /opt/src/hadoop-ozone/integration-test/target/test-dir/MiniOzoneClusterImpl-b79a6205-7b5f-43da-95c3-5bf2e16134ee/datanode-0/meta/datanode.id
2019-06-14 10:01:02,355 INFO  volume.HddsVolume (HddsVolume.java:<init>(176)) - Creating Volume: /opt/src/hadoop-ozone/integration-test/target/test-dir/MiniOzoneClusterImpl-b79a6205-7b5f-43da-95c3-5bf2e16134ee/datanode-1/data/containers/hdds of  storage type : DISK and capacity : 104021790720
2019-06-14 10:01:02,355 INFO  volume.VolumeSet (VolumeSet.java:initializeVolumeSet(170)) - Added Volume : /opt/src/hadoop-ozone/integration-test/target/test-dir/MiniOzoneClusterImpl-b79a6205-7b5f-43da-95c3-5bf2e16134ee/datanode-1/data/containers/hdds to VolumeSet
2019-06-14 10:01:02,355 INFO  volume.ThrottledAsyncChecker (ThrottledAsyncChecker.java:schedule(140)) - Scheduling a check for org.apache.hadoop.ozone.container.common.volume.HddsVolume@1a16583d
2019-06-14 10:01:02,356 INFO  volume.HddsVolumeChecker (HddsVolumeChecker.java:checkAllVolumes(203)) - Scheduled health check for volume org.apache.hadoop.ozone.container.common.volume.HddsVolume@1a16583d
2019-06-14 10:01:02,363 INFO  ratis.XceiverServerRatis (XceiverServerRatis.java:newXceiverServerRatis(401)) - Found a free port for the server : 44609
2019-06-14 10:01:02,365 INFO  impl.RaftServerProxy (ConfUtils.java:logGet(43)) - raft.rpc.type = GRPC (default)
2019-06-14 10:01:02,365 INFO  grpc.GrpcConfigKeys$Server (ConfUtils.java:logGet(43)) - raft.grpc.server.port = 44609 (custom)
2019-06-14 10:01:02,365 INFO  server.GrpcService (ConfUtils.java:logGet(43)) - raft.grpc.message.size.max = 33570816 (custom)
2019-06-14 10:01:02,365 INFO  server.RaftServerConfigKeys (ConfUtils.java:logGet(43)) - raft.server.log.appender.buffer.byte-limit = 33554432 (custom)
2019-06-14 10:01:02,365 INFO  server.GrpcService (ConfUtils.java:logGet(43)) - raft.grpc.flow.control.window = 1MB (=1048576) (default)
2019-06-14 10:01:02,366 INFO  server.RaftServerConfigKeys (ConfUtils.java:logGet(43)) - raft.server.rpc.request.timeout = 3000ms (default)
2019-06-14 10:01:02,366 INFO  server.RaftServerConfigKeys (ConfUtils.java:logGet(43)) - raft.server.storage.dir = [/opt/src/hadoop-ozone/integration-test/target/test-dir/MiniOzoneClusterImpl-b79a6205-7b5f-43da-95c3-5bf2e16134ee/datanode-1/data/ratis] (custom)
2019-06-14 10:01:02,366 INFO  server.XceiverServerGrpc (XceiverServerGrpc.java:<init>(97)) - Found a free port for the server : 33163
2019-06-14 10:01:02,366 INFO  replication.SimpleContainerDownloader (SimpleContainerDownloader.java:<init>(72)) - Starting container downloader service to copy containers to replicate.
2019-06-14 10:01:02,367 INFO  hdfs.DFSUtil (DFSUtil.java:httpServerTemplateForNNAndJN(1641)) - Starting Web-server for hddsDatanode at: http://0.0.0.0:0
2019-06-14 10:01:02,368 INFO  server.AuthenticationFilter (AuthenticationFilter.java:constructSecretProvider(240)) - Unable to initialize FileSignerSecretProvider, falling back to use random secrets.
2019-06-14 10:01:02,368 WARN  http.HttpRequestLog (HttpRequestLog.java:getRequestLog(97)) - Jetty request log can only be enabled using Log4j
2019-06-14 10:01:02,369 INFO  http.HttpServer2 (HttpServer2.java:addGlobalFilter(975)) - Added global filter 'safety' (class=org.apache.hadoop.http.HttpServer2$QuotingInputFilter)
2019-06-14 10:01:02,369 INFO  http.HttpServer2 (HttpServer2.java:addFilter(948)) - Added filter static_user_filter (class=org.apache.hadoop.http.lib.StaticUserWebFilter$StaticUserFilter) to context hddsDatanode
2019-06-14 10:01:02,369 INFO  http.HttpServer2 (HttpServer2.java:addFilter(958)) - Added filter static_user_filter (class=org.apache.hadoop.http.lib.StaticUserWebFilter$StaticUserFilter) to context logs
2019-06-14 10:01:02,370 INFO  http.HttpServer2 (HttpServer2.java:addFilter(958)) - Added filter static_user_filter (class=org.apache.hadoop.http.lib.StaticUserWebFilter$StaticUserFilter) to context static
2019-06-14 10:01:02,370 INFO  http.HttpServer2 (HttpServer2.java:bindListener(1191)) - Jetty bound to port 38519
2019-06-14 10:01:02,370 INFO  server.Server (Server.java:doStart(351)) - jetty-9.3.24.v20180605, build timestamp: 2018-06-05T17:11:56Z, git hash: 84205aa28f11a4f31f2a3b86d1bba2cc8ab69827
2019-06-14 10:01:02,371 INFO  handler.ContextHandler (ContextHandler.java:doStart(781)) - Started o.e.j.s.ServletContextHandler@6a4f15bc{/logs,file:///opt/src/hadoop-ozone/integration-test/target/log,AVAILABLE}
2019-06-14 10:01:02,371 INFO  handler.ContextHandler (ContextHandler.java:doStart(781)) - Started o.e.j.s.ServletContextHandler@6421e9e7{/static,jar:file:/root/.m2/repository/org/apache/hadoop/hadoop-hdds-container-service/0.5.0-SNAPSHOT/hadoop-hdds-container-service-0.5.0-SNAPSHOT.jar!/webapps/static,AVAILABLE}
2019-06-14 10:01:02,390 INFO  handler.ContextHandler (ContextHandler.java:doStart(781)) - Started o.e.j.w.WebAppContext@5687ba39{/,file:///tmp/jetty-0.0.0.0-38519-hddsDatanode-_-any-805440633265416757.dir/webapp/,AVAILABLE}{/hddsDatanode}
2019-06-14 10:01:02,390 INFO  server.AbstractConnector (AbstractConnector.java:doStart(278)) - Started ServerConnector@3fbf66e7{HTTP/1.1,[http/1.1]}{0.0.0.0:38519}
2019-06-14 10:01:02,392 INFO  server.Server (Server.java:doStart(419)) - Started @100918ms
2019-06-14 10:01:02,392 INFO  server.BaseHttpServer (BaseHttpServer.java:updateConnectorAddress(207)) - HTTP server of HDDSDATANODE is listening at http://0.0.0.0:38519
2019-06-14 10:01:02,478 INFO  ozone.HddsDatanodeService (HddsDatanodeService.java:startPlugins(396)) - Started plug-in org.apache.hadoop.ozone.web.OzoneHddsDatanodeService@53f18591
2019-06-14 10:01:02,479 INFO  impl.MetricsSystemImpl (MetricsSystemImpl.java:init(158)) - HddsDatanode metrics system started (again)
2019-06-14 10:01:02,479 INFO  ozone.HddsDatanodeService (HddsDatanodeService.java:start(185)) - HddsDatanodeService host:ozone-mm759-2607770056 ip:192.168.105.157
2019-06-14 10:01:02,479 INFO  util.JvmPauseMonitor (JvmPauseMonitor.java:run(188)) - Starting JVM pause monitor
2019-06-14 10:01:02,480 INFO  datanode.InitDatanodeState (InitDatanodeState.java:persistContainerDatanodeDetails(140)) - DatanodeDetails is persisted to /opt/src/hadoop-ozone/integration-test/target/test-dir/MiniOzoneClusterImpl-b79a6205-7b5f-43da-95c3-5bf2e16134ee/datanode-1/meta/datanode.id
2019-06-14 10:01:02,499 INFO  volume.HddsVolume (HddsVolume.java:<init>(176)) - Creating Volume: /opt/src/hadoop-ozone/integration-test/target/test-dir/MiniOzoneClusterImpl-b79a6205-7b5f-43da-95c3-5bf2e16134ee/datanode-2/data/containers/hdds of  storage type : DISK and capacity : 104021790720
2019-06-14 10:01:02,500 INFO  volume.VolumeSet (VolumeSet.java:initializeVolumeSet(170)) - Added Volume : /opt/src/hadoop-ozone/integration-test/target/test-dir/MiniOzoneClusterImpl-b79a6205-7b5f-43da-95c3-5bf2e16134ee/datanode-2/data/containers/hdds to VolumeSet
2019-06-14 10:01:02,500 INFO  volume.ThrottledAsyncChecker (ThrottledAsyncChecker.java:schedule(140)) - Scheduling a check for org.apache.hadoop.ozone.container.common.volume.HddsVolume@1f9a5d3b
2019-06-14 10:01:02,501 INFO  volume.HddsVolumeChecker (HddsVolumeChecker.java:checkAllVolumes(203)) - Scheduled health check for volume org.apache.hadoop.ozone.container.common.volume.HddsVolume@1f9a5d3b
2019-06-14 10:01:02,511 INFO  ratis.XceiverServerRatis (XceiverServerRatis.java:newXceiverServerRatis(401)) - Found a free port for the server : 37849
2019-06-14 10:01:02,514 INFO  impl.RaftServerProxy (ConfUtils.java:logGet(43)) - raft.rpc.type = GRPC (default)
2019-06-14 10:01:02,514 INFO  grpc.GrpcConfigKeys$Server (ConfUtils.java:logGet(43)) - raft.grpc.server.port = 37849 (custom)
2019-06-14 10:01:02,515 INFO  server.GrpcService (ConfUtils.java:logGet(43)) - raft.grpc.message.size.max = 33570816 (custom)
2019-06-14 10:01:02,515 INFO  server.RaftServerConfigKeys (ConfUtils.java:logGet(43)) - raft.server.log.appender.buffer.byte-limit = 33554432 (custom)
2019-06-14 10:01:02,515 INFO  server.GrpcService (ConfUtils.java:logGet(43)) - raft.grpc.flow.control.window = 1MB (=1048576) (default)
2019-06-14 10:01:02,515 INFO  server.RaftServerConfigKeys (ConfUtils.java:logGet(43)) - raft.server.rpc.request.timeout = 3000ms (default)
2019-06-14 10:01:02,515 INFO  server.RaftServerConfigKeys (ConfUtils.java:logGet(43)) - raft.server.storage.dir = [/opt/src/hadoop-ozone/integration-test/target/test-dir/MiniOzoneClusterImpl-b79a6205-7b5f-43da-95c3-5bf2e16134ee/datanode-2/data/ratis] (custom)
2019-06-14 10:01:02,516 INFO  server.XceiverServerGrpc (XceiverServerGrpc.java:<init>(97)) - Found a free port for the server : 40095
2019-06-14 10:01:02,516 INFO  replication.SimpleContainerDownloader (SimpleContainerDownloader.java:<init>(72)) - Starting container downloader service to copy containers to replicate.
2019-06-14 10:01:02,517 INFO  hdfs.DFSUtil (DFSUtil.java:httpServerTemplateForNNAndJN(1641)) - Starting Web-server for hddsDatanode at: http://0.0.0.0:0
2019-06-14 10:01:02,518 INFO  server.AuthenticationFilter (AuthenticationFilter.java:constructSecretProvider(240)) - Unable to initialize FileSignerSecretProvider, falling back to use random secrets.
2019-06-14 10:01:02,518 WARN  http.HttpRequestLog (HttpRequestLog.java:getRequestLog(97)) - Jetty request log can only be enabled using Log4j
2019-06-14 10:01:02,519 INFO  http.HttpServer2 (HttpServer2.java:addGlobalFilter(975)) - Added global filter 'safety' (class=org.apache.hadoop.http.HttpServer2$QuotingInputFilter)
2019-06-14 10:01:02,519 INFO  http.HttpServer2 (HttpServer2.java:addFilter(948)) - Added filter static_user_filter (class=org.apache.hadoop.http.lib.StaticUserWebFilter$StaticUserFilter) to context hddsDatanode
2019-06-14 10:01:02,519 INFO  http.HttpServer2 (HttpServer2.java:addFilter(958)) - Added filter static_user_filter (class=org.apache.hadoop.http.lib.StaticUserWebFilter$StaticUserFilter) to context logs
2019-06-14 10:01:02,519 INFO  http.HttpServer2 (HttpServer2.java:addFilter(958)) - Added filter static_user_filter (class=org.apache.hadoop.http.lib.StaticUserWebFilter$StaticUserFilter) to context static
2019-06-14 10:01:02,520 INFO  http.HttpServer2 (HttpServer2.java:bindListener(1191)) - Jetty bound to port 46421
2019-06-14 10:01:02,520 INFO  server.Server (Server.java:doStart(351)) - jetty-9.3.24.v20180605, build timestamp: 2018-06-05T17:11:56Z, git hash: 84205aa28f11a4f31f2a3b86d1bba2cc8ab69827
2019-06-14 10:01:02,522 INFO  handler.ContextHandler (ContextHandler.java:doStart(781)) - Started o.e.j.s.ServletContextHandler@3bd5dff5{/logs,file:///opt/src/hadoop-ozone/integration-test/target/log,AVAILABLE}
2019-06-14 10:01:02,522 INFO  handler.ContextHandler (ContextHandler.java:doStart(781)) - Started o.e.j.s.ServletContextHandler@68cc6fa4{/static,jar:file:/root/.m2/repository/org/apache/hadoop/hadoop-hdds-container-service/0.5.0-SNAPSHOT/hadoop-hdds-container-service-0.5.0-SNAPSHOT.jar!/webapps/static,AVAILABLE}
2019-06-14 10:01:02,543 INFO  handler.ContextHandler (ContextHandler.java:doStart(781)) - Started o.e.j.w.WebAppContext@58ec04f4{/,file:///tmp/jetty-0.0.0.0-46421-hddsDatanode-_-any-6539622214186842204.dir/webapp/,AVAILABLE}{/hddsDatanode}
2019-06-14 10:01:02,543 INFO  server.AbstractConnector (AbstractConnector.java:doStart(278)) - Started ServerConnector@52b2713a{HTTP/1.1,[http/1.1]}{0.0.0.0:46421}
2019-06-14 10:01:02,546 INFO  server.Server (Server.java:doStart(419)) - Started @101072ms
2019-06-14 10:01:02,546 INFO  server.BaseHttpServer (BaseHttpServer.java:updateConnectorAddress(207)) - HTTP server of HDDSDATANODE is listening at http://0.0.0.0:46421
2019-06-14 10:01:02,624 INFO  ozone.HddsDatanodeService (HddsDatanodeService.java:startPlugins(396)) - Started plug-in org.apache.hadoop.ozone.web.OzoneHddsDatanodeService@4d6fa22c
2019-06-14 10:01:02,624 INFO  impl.MetricsSystemImpl (MetricsSystemImpl.java:init(158)) - HddsDatanode metrics system started (again)
2019-06-14 10:01:02,624 INFO  ozone.HddsDatanodeService (HddsDatanodeService.java:start(185)) - HddsDatanodeService host:ozone-mm759-2607770056 ip:192.168.105.157
2019-06-14 10:01:02,625 INFO  util.JvmPauseMonitor (JvmPauseMonitor.java:run(188)) - Starting JVM pause monitor
2019-06-14 10:01:02,626 INFO  datanode.InitDatanodeState (InitDatanodeState.java:persistContainerDatanodeDetails(140)) - DatanodeDetails is persisted to /opt/src/hadoop-ozone/integration-test/target/test-dir/MiniOzoneClusterImpl-b79a6205-7b5f-43da-95c3-5bf2e16134ee/datanode-2/meta/datanode.id
2019-06-14 10:01:02,633 INFO  volume.HddsVolume (HddsVolume.java:<init>(176)) - Creating Volume: /opt/src/hadoop-ozone/integration-test/target/test-dir/MiniOzoneClusterImpl-b79a6205-7b5f-43da-95c3-5bf2e16134ee/datanode-3/data/containers/hdds of  storage type : DISK and capacity : 104021790720
2019-06-14 10:01:02,633 INFO  volume.VolumeSet (VolumeSet.java:initializeVolumeSet(170)) - Added Volume : /opt/src/hadoop-ozone/integration-test/target/test-dir/MiniOzoneClusterImpl-b79a6205-7b5f-43da-95c3-5bf2e16134ee/datanode-3/data/containers/hdds to VolumeSet
2019-06-14 10:01:02,633 INFO  volume.ThrottledAsyncChecker (ThrottledAsyncChecker.java:schedule(140)) - Scheduling a check for org.apache.hadoop.ozone.container.common.volume.HddsVolume@5581e273
2019-06-14 10:01:02,636 INFO  volume.HddsVolumeChecker (HddsVolumeChecker.java:checkAllVolumes(203)) - Scheduled health check for volume org.apache.hadoop.ozone.container.common.volume.HddsVolume@5581e273
2019-06-14 10:01:02,644 INFO  ratis.XceiverServerRatis (XceiverServerRatis.java:newXceiverServerRatis(401)) - Found a free port for the server : 43067
2019-06-14 10:01:02,646 INFO  impl.RaftServerProxy (ConfUtils.java:logGet(43)) - raft.rpc.type = GRPC (default)
2019-06-14 10:01:02,647 INFO  grpc.GrpcConfigKeys$Server (ConfUtils.java:logGet(43)) - raft.grpc.server.port = 43067 (custom)
2019-06-14 10:01:02,647 INFO  server.GrpcService (ConfUtils.java:logGet(43)) - raft.grpc.message.size.max = 33570816 (custom)
2019-06-14 10:01:02,647 INFO  server.RaftServerConfigKeys (ConfUtils.java:logGet(43)) - raft.server.log.appender.buffer.byte-limit = 33554432 (custom)
2019-06-14 10:01:02,647 INFO  server.GrpcService (ConfUtils.java:logGet(43)) - raft.grpc.flow.control.window = 1MB (=1048576) (default)
2019-06-14 10:01:02,648 INFO  server.RaftServerConfigKeys (ConfUtils.java:logGet(43)) - raft.server.rpc.request.timeout = 3000ms (default)
2019-06-14 10:01:02,648 INFO  server.RaftServerConfigKeys (ConfUtils.java:logGet(43)) - raft.server.storage.dir = [/opt/src/hadoop-ozone/integration-test/target/test-dir/MiniOzoneClusterImpl-b79a6205-7b5f-43da-95c3-5bf2e16134ee/datanode-3/data/ratis] (custom)
2019-06-14 10:01:02,648 INFO  server.XceiverServerGrpc (XceiverServerGrpc.java:<init>(97)) - Found a free port for the server : 43455
2019-06-14 10:01:02,649 INFO  replication.SimpleContainerDownloader (SimpleContainerDownloader.java:<init>(72)) - Starting container downloader service to copy containers to replicate.
2019-06-14 10:01:02,650 INFO  hdfs.DFSUtil (DFSUtil.java:httpServerTemplateForNNAndJN(1641)) - Starting Web-server for hddsDatanode at: http://0.0.0.0:0
2019-06-14 10:01:02,651 INFO  server.AuthenticationFilter (AuthenticationFilter.java:constructSecretProvider(240)) - Unable to initialize FileSignerSecretProvider, falling back to use random secrets.
2019-06-14 10:01:02,651 WARN  http.HttpRequestLog (HttpRequestLog.java:getRequestLog(97)) - Jetty request log can only be enabled using Log4j
2019-06-14 10:01:02,652 INFO  http.HttpServer2 (HttpServer2.java:addGlobalFilter(975)) - Added global filter 'safety' (class=org.apache.hadoop.http.HttpServer2$QuotingInputFilter)
2019-06-14 10:01:02,652 INFO  http.HttpServer2 (HttpServer2.java:addFilter(948)) - Added filter static_user_filter (class=org.apache.hadoop.http.lib.StaticUserWebFilter$StaticUserFilter) to context hddsDatanode
2019-06-14 10:01:02,653 INFO  http.HttpServer2 (HttpServer2.java:addFilter(958)) - Added filter static_user_filter (class=org.apache.hadoop.http.lib.StaticUserWebFilter$StaticUserFilter) to context logs
2019-06-14 10:01:02,653 INFO  http.HttpServer2 (HttpServer2.java:addFilter(958)) - Added filter static_user_filter (class=org.apache.hadoop.http.lib.StaticUserWebFilter$StaticUserFilter) to context static
2019-06-14 10:01:02,653 INFO  http.HttpServer2 (HttpServer2.java:bindListener(1191)) - Jetty bound to port 35159
2019-06-14 10:01:02,653 INFO  server.Server (Server.java:doStart(351)) - jetty-9.3.24.v20180605, build timestamp: 2018-06-05T17:11:56Z, git hash: 84205aa28f11a4f31f2a3b86d1bba2cc8ab69827
2019-06-14 10:01:02,654 INFO  handler.ContextHandler (ContextHandler.java:doStart(781)) - Started o.e.j.s.ServletContextHandler@126ae0ca{/logs,file:///opt/src/hadoop-ozone/integration-test/target/log,AVAILABLE}
2019-06-14 10:01:02,655 INFO  handler.ContextHandler (ContextHandler.java:doStart(781)) - Started o.e.j.s.ServletContextHandler@5379488c{/static,jar:file:/root/.m2/repository/org/apache/hadoop/hadoop-hdds-container-service/0.5.0-SNAPSHOT/hadoop-hdds-container-service-0.5.0-SNAPSHOT.jar!/webapps/static,AVAILABLE}
2019-06-14 10:01:02,674 INFO  handler.ContextHandler (ContextHandler.java:doStart(781)) - Started o.e.j.w.WebAppContext@39336f5{/,file:///tmp/jetty-0.0.0.0-35159-hddsDatanode-_-any-3722013424675097334.dir/webapp/,AVAILABLE}{/hddsDatanode}
2019-06-14 10:01:02,674 INFO  server.AbstractConnector (AbstractConnector.java:doStart(278)) - Started ServerConnector@36b86248{HTTP/1.1,[http/1.1]}{0.0.0.0:35159}
2019-06-14 10:01:02,677 INFO  server.Server (Server.java:doStart(419)) - Started @101203ms
2019-06-14 10:01:02,678 INFO  server.BaseHttpServer (BaseHttpServer.java:updateConnectorAddress(207)) - HTTP server of HDDSDATANODE is listening at http://0.0.0.0:35159
2019-06-14 10:01:02,775 INFO  ozone.HddsDatanodeService (HddsDatanodeService.java:startPlugins(396)) - Started plug-in org.apache.hadoop.ozone.web.OzoneHddsDatanodeService@750448fb
2019-06-14 10:01:02,775 INFO  impl.MetricsSystemImpl (MetricsSystemImpl.java:init(158)) - HddsDatanode metrics system started (again)
2019-06-14 10:01:02,776 INFO  ozone.HddsDatanodeService (HddsDatanodeService.java:start(185)) - HddsDatanodeService host:ozone-mm759-2607770056 ip:192.168.105.157
2019-06-14 10:01:02,778 INFO  util.JvmPauseMonitor (JvmPauseMonitor.java:run(188)) - Starting JVM pause monitor
2019-06-14 10:01:02,779 INFO  datanode.InitDatanodeState (InitDatanodeState.java:persistContainerDatanodeDetails(140)) - DatanodeDetails is persisted to /opt/src/hadoop-ozone/integration-test/target/test-dir/MiniOzoneClusterImpl-b79a6205-7b5f-43da-95c3-5bf2e16134ee/datanode-3/meta/datanode.id
2019-06-14 10:01:02,786 INFO  volume.HddsVolume (HddsVolume.java:<init>(176)) - Creating Volume: /opt/src/hadoop-ozone/integration-test/target/test-dir/MiniOzoneClusterImpl-b79a6205-7b5f-43da-95c3-5bf2e16134ee/datanode-4/data/containers/hdds of  storage type : DISK and capacity : 104021790720
2019-06-14 10:01:02,786 INFO  volume.VolumeSet (VolumeSet.java:initializeVolumeSet(170)) - Added Volume : /opt/src/hadoop-ozone/integration-test/target/test-dir/MiniOzoneClusterImpl-b79a6205-7b5f-43da-95c3-5bf2e16134ee/datanode-4/data/containers/hdds to VolumeSet
2019-06-14 10:01:02,786 INFO  volume.ThrottledAsyncChecker (ThrottledAsyncChecker.java:schedule(140)) - Scheduling a check for org.apache.hadoop.ozone.container.common.volume.HddsVolume@791dcda7
2019-06-14 10:01:02,787 INFO  volume.HddsVolumeChecker (HddsVolumeChecker.java:checkAllVolumes(203)) - Scheduled health check for volume org.apache.hadoop.ozone.container.common.volume.HddsVolume@791dcda7
2019-06-14 10:01:02,794 INFO  ratis.XceiverServerRatis (XceiverServerRatis.java:newXceiverServerRatis(401)) - Found a free port for the server : 37525
2019-06-14 10:01:02,797 INFO  impl.RaftServerProxy (ConfUtils.java:logGet(43)) - raft.rpc.type = GRPC (default)
2019-06-14 10:01:02,797 INFO  grpc.GrpcConfigKeys$Server (ConfUtils.java:logGet(43)) - raft.grpc.server.port = 37525 (custom)
2019-06-14 10:01:02,797 INFO  server.GrpcService (ConfUtils.java:logGet(43)) - raft.grpc.message.size.max = 33570816 (custom)
2019-06-14 10:01:02,797 INFO  server.RaftServerConfigKeys (ConfUtils.java:logGet(43)) - raft.server.log.appender.buffer.byte-limit = 33554432 (custom)
2019-06-14 10:01:02,797 INFO  server.GrpcService (ConfUtils.java:logGet(43)) - raft.grpc.flow.control.window = 1MB (=1048576) (default)
2019-06-14 10:01:02,797 INFO  server.RaftServerConfigKeys (ConfUtils.java:logGet(43)) - raft.server.rpc.request.timeout = 3000ms (default)
2019-06-14 10:01:02,798 INFO  server.RaftServerConfigKeys (ConfUtils.java:logGet(43)) - raft.server.storage.dir = [/opt/src/hadoop-ozone/integration-test/target/test-dir/MiniOzoneClusterImpl-b79a6205-7b5f-43da-95c3-5bf2e16134ee/datanode-4/data/ratis] (custom)
2019-06-14 10:01:02,798 INFO  server.XceiverServerGrpc (XceiverServerGrpc.java:<init>(97)) - Found a free port for the server : 34845
2019-06-14 10:01:02,798 INFO  replication.SimpleContainerDownloader (SimpleContainerDownloader.java:<init>(72)) - Starting container downloader service to copy containers to replicate.
2019-06-14 10:01:02,799 INFO  hdfs.DFSUtil (DFSUtil.java:httpServerTemplateForNNAndJN(1641)) - Starting Web-server for hddsDatanode at: http://0.0.0.0:0
2019-06-14 10:01:02,800 INFO  server.AuthenticationFilter (AuthenticationFilter.java:constructSecretProvider(240)) - Unable to initialize FileSignerSecretProvider, falling back to use random secrets.
2019-06-14 10:01:02,800 WARN  http.HttpRequestLog (HttpRequestLog.java:getRequestLog(97)) - Jetty request log can only be enabled using Log4j
2019-06-14 10:01:02,801 INFO  http.HttpServer2 (HttpServer2.java:addGlobalFilter(975)) - Added global filter 'safety' (class=org.apache.hadoop.http.HttpServer2$QuotingInputFilter)
2019-06-14 10:01:02,801 INFO  http.HttpServer2 (HttpServer2.java:addFilter(948)) - Added filter static_user_filter (class=org.apache.hadoop.http.lib.StaticUserWebFilter$StaticUserFilter) to context hddsDatanode
2019-06-14 10:01:02,802 INFO  http.HttpServer2 (HttpServer2.java:addFilter(958)) - Added filter static_user_filter (class=org.apache.hadoop.http.lib.StaticUserWebFilter$StaticUserFilter) to context logs
2019-06-14 10:01:02,802 INFO  http.HttpServer2 (HttpServer2.java:addFilter(958)) - Added filter static_user_filter (class=org.apache.hadoop.http.lib.StaticUserWebFilter$StaticUserFilter) to context static
2019-06-14 10:01:02,802 INFO  http.HttpServer2 (HttpServer2.java:bindListener(1191)) - Jetty bound to port 35357
2019-06-14 10:01:02,803 INFO  server.Server (Server.java:doStart(351)) - jetty-9.3.24.v20180605, build timestamp: 2018-06-05T17:11:56Z, git hash: 84205aa28f11a4f31f2a3b86d1bba2cc8ab69827
2019-06-14 10:01:02,804 INFO  handler.ContextHandler (ContextHandler.java:doStart(781)) - Started o.e.j.s.ServletContextHandler@32ae890{/logs,file:///opt/src/hadoop-ozone/integration-test/target/log,AVAILABLE}
2019-06-14 10:01:02,804 INFO  handler.ContextHandler (ContextHandler.java:doStart(781)) - Started o.e.j.s.ServletContextHandler@7aac6d13{/static,jar:file:/root/.m2/repository/org/apache/hadoop/hadoop-hdds-container-service/0.5.0-SNAPSHOT/hadoop-hdds-container-service-0.5.0-SNAPSHOT.jar!/webapps/static,AVAILABLE}
2019-06-14 10:01:02,824 INFO  handler.ContextHandler (ContextHandler.java:doStart(781)) - Started o.e.j.w.WebAppContext@7955b4d4{/,file:///tmp/jetty-0.0.0.0-35357-hddsDatanode-_-any-1094993014547432009.dir/webapp/,AVAILABLE}{/hddsDatanode}
2019-06-14 10:01:02,824 INFO  server.AbstractConnector (AbstractConnector.java:doStart(278)) - Started ServerConnector@489e1887{HTTP/1.1,[http/1.1]}{0.0.0.0:35357}
2019-06-14 10:01:02,827 INFO  server.Server (Server.java:doStart(419)) - Started @101353ms
2019-06-14 10:01:02,827 INFO  server.BaseHttpServer (BaseHttpServer.java:updateConnectorAddress(207)) - HTTP server of HDDSDATANODE is listening at http://0.0.0.0:35357
2019-06-14 10:01:02,937 INFO  ozone.HddsDatanodeService (HddsDatanodeService.java:startPlugins(396)) - Started plug-in org.apache.hadoop.ozone.web.OzoneHddsDatanodeService@73b63917
2019-06-14 10:01:02,937 INFO  impl.MetricsSystemImpl (MetricsSystemImpl.java:init(158)) - HddsDatanode metrics system started (again)
2019-06-14 10:01:02,938 INFO  ozone.HddsDatanodeService (HddsDatanodeService.java:start(185)) - HddsDatanodeService host:ozone-mm759-2607770056 ip:192.168.105.157
2019-06-14 10:01:02,941 INFO  util.JvmPauseMonitor (JvmPauseMonitor.java:run(188)) - Starting JVM pause monitor
2019-06-14 10:01:02,958 INFO  datanode.InitDatanodeState (InitDatanodeState.java:persistContainerDatanodeDetails(140)) - DatanodeDetails is persisted to /opt/src/hadoop-ozone/integration-test/target/test-dir/MiniOzoneClusterImpl-b79a6205-7b5f-43da-95c3-5bf2e16134ee/datanode-4/meta/datanode.id
2019-06-14 10:01:02,964 INFO  volume.HddsVolume (HddsVolume.java:<init>(176)) - Creating Volume: /opt/src/hadoop-ozone/integration-test/target/test-dir/MiniOzoneClusterImpl-b79a6205-7b5f-43da-95c3-5bf2e16134ee/datanode-5/data/containers/hdds of  storage type : DISK and capacity : 104021790720
2019-06-14 10:01:02,964 INFO  volume.VolumeSet (VolumeSet.java:initializeVolumeSet(170)) - Added Volume : /opt/src/hadoop-ozone/integration-test/target/test-dir/MiniOzoneClusterImpl-b79a6205-7b5f-43da-95c3-5bf2e16134ee/datanode-5/data/containers/hdds to VolumeSet
2019-06-14 10:01:02,964 INFO  volume.ThrottledAsyncChecker (ThrottledAsyncChecker.java:schedule(140)) - Scheduling a check for org.apache.hadoop.ozone.container.common.volume.HddsVolume@5295779
2019-06-14 10:01:02,965 INFO  volume.HddsVolumeChecker (HddsVolumeChecker.java:checkAllVolumes(203)) - Scheduled health check for volume org.apache.hadoop.ozone.container.common.volume.HddsVolume@5295779
2019-06-14 10:01:02,972 INFO  ratis.XceiverServerRatis (XceiverServerRatis.java:newXceiverServerRatis(401)) - Found a free port for the server : 43987
2019-06-14 10:01:02,978 INFO  impl.RaftServerProxy (ConfUtils.java:logGet(43)) - raft.rpc.type = GRPC (default)
2019-06-14 10:01:02,978 INFO  grpc.GrpcConfigKeys$Server (ConfUtils.java:logGet(43)) - raft.grpc.server.port = 43987 (custom)
2019-06-14 10:01:02,978 INFO  server.GrpcService (ConfUtils.java:logGet(43)) - raft.grpc.message.size.max = 33570816 (custom)
2019-06-14 10:01:02,978 INFO  server.RaftServerConfigKeys (ConfUtils.java:logGet(43)) - raft.server.log.appender.buffer.byte-limit = 33554432 (custom)
2019-06-14 10:01:02,979 INFO  server.GrpcService (ConfUtils.java:logGet(43)) - raft.grpc.flow.control.window = 1MB (=1048576) (default)
2019-06-14 10:01:02,979 INFO  server.RaftServerConfigKeys (ConfUtils.java:logGet(43)) - raft.server.rpc.request.timeout = 3000ms (default)
2019-06-14 10:01:02,979 INFO  server.RaftServerConfigKeys (ConfUtils.java:logGet(43)) - raft.server.storage.dir = [/opt/src/hadoop-ozone/integration-test/target/test-dir/MiniOzoneClusterImpl-b79a6205-7b5f-43da-95c3-5bf2e16134ee/datanode-5/data/ratis] (custom)
2019-06-14 10:01:02,980 INFO  server.XceiverServerGrpc (XceiverServerGrpc.java:<init>(97)) - Found a free port for the server : 46239
2019-06-14 10:01:02,980 INFO  replication.SimpleContainerDownloader (SimpleContainerDownloader.java:<init>(72)) - Starting container downloader service to copy containers to replicate.
2019-06-14 10:01:02,981 INFO  hdfs.DFSUtil (DFSUtil.java:httpServerTemplateForNNAndJN(1641)) - Starting Web-server for hddsDatanode at: http://0.0.0.0:0
2019-06-14 10:01:02,982 INFO  server.AuthenticationFilter (AuthenticationFilter.java:constructSecretProvider(240)) - Unable to initialize FileSignerSecretProvider, falling back to use random secrets.
2019-06-14 10:01:02,982 WARN  http.HttpRequestLog (HttpRequestLog.java:getRequestLog(97)) - Jetty request log can only be enabled using Log4j
2019-06-14 10:01:02,983 INFO  http.HttpServer2 (HttpServer2.java:addGlobalFilter(975)) - Added global filter 'safety' (class=org.apache.hadoop.http.HttpServer2$QuotingInputFilter)
2019-06-14 10:01:02,984 INFO  http.HttpServer2 (HttpServer2.java:addFilter(948)) - Added filter static_user_filter (class=org.apache.hadoop.http.lib.StaticUserWebFilter$StaticUserFilter) to context hddsDatanode
2019-06-14 10:01:02,984 INFO  http.HttpServer2 (HttpServer2.java:addFilter(958)) - Added filter static_user_filter (class=org.apache.hadoop.http.lib.StaticUserWebFilter$StaticUserFilter) to context logs
2019-06-14 10:01:02,984 INFO  http.HttpServer2 (HttpServer2.java:addFilter(958)) - Added filter static_user_filter (class=org.apache.hadoop.http.lib.StaticUserWebFilter$StaticUserFilter) to context static
2019-06-14 10:01:02,984 INFO  http.HttpServer2 (HttpServer2.java:bindListener(1191)) - Jetty bound to port 40375
2019-06-14 10:01:02,985 INFO  server.Server (Server.java:doStart(351)) - jetty-9.3.24.v20180605, build timestamp: 2018-06-05T17:11:56Z, git hash: 84205aa28f11a4f31f2a3b86d1bba2cc8ab69827
2019-06-14 10:01:02,997 INFO  handler.ContextHandler (ContextHandler.java:doStart(781)) - Started o.e.j.s.ServletContextHandler@64a74723{/logs,file:///opt/src/hadoop-ozone/integration-test/target/log,AVAILABLE}
2019-06-14 10:01:03,001 INFO  handler.ContextHandler (ContextHandler.java:doStart(781)) - Started o.e.j.s.ServletContextHandler@1b7648f{/static,jar:file:/root/.m2/repository/org/apache/hadoop/hadoop-hdds-container-service/0.5.0-SNAPSHOT/hadoop-hdds-container-service-0.5.0-SNAPSHOT.jar!/webapps/static,AVAILABLE}
2019-06-14 10:01:03,022 INFO  handler.ContextHandler (ContextHandler.java:doStart(781)) - Started o.e.j.w.WebAppContext@253a8bdb{/,file:///tmp/jetty-0.0.0.0-40375-hddsDatanode-_-any-4631107044058192218.dir/webapp/,AVAILABLE}{/hddsDatanode}
2019-06-14 10:01:03,025 INFO  server.AbstractConnector (AbstractConnector.java:doStart(278)) - Started ServerConnector@5ba6d161{HTTP/1.1,[http/1.1]}{0.0.0.0:40375}
2019-06-14 10:01:03,026 INFO  server.Server (Server.java:doStart(419)) - Started @101552ms
2019-06-14 10:01:03,026 INFO  server.BaseHttpServer (BaseHttpServer.java:updateConnectorAddress(207)) - HTTP server of HDDSDATANODE is listening at http://0.0.0.0:40375
2019-06-14 10:01:03,140 INFO  ozone.HddsDatanodeService (HddsDatanodeService.java:startPlugins(396)) - Started plug-in org.apache.hadoop.ozone.web.OzoneHddsDatanodeService@5c6fae3c
2019-06-14 10:01:03,141 INFO  ozone.MiniOzoneClusterImpl (MiniOzoneClusterImpl.java:lambda$waitForClusterToBeReady$0(142)) - Waiting for cluster to be ready. Got 0 of 6 DN Heartbeats.
2019-06-14 10:01:03,143 INFO  util.JvmPauseMonitor (JvmPauseMonitor.java:run(188)) - Starting JVM pause monitor
2019-06-14 10:01:03,143 INFO  datanode.InitDatanodeState (InitDatanodeState.java:persistContainerDatanodeDetails(140)) - DatanodeDetails is persisted to /opt/src/hadoop-ozone/integration-test/target/test-dir/MiniOzoneClusterImpl-b79a6205-7b5f-43da-95c3-5bf2e16134ee/datanode-5/meta/datanode.id
2019-06-14 10:01:04,142 INFO  ozone.MiniOzoneClusterImpl (MiniOzoneClusterImpl.java:lambda$waitForClusterToBeReady$0(142)) - Waiting for cluster to be ready. Got 0 of 6 DN Heartbeats.
2019-06-14 10:01:04,201 WARN  events.EventQueue (EventQueue.java:fireEvent(147)) - Processing of TypedEvent{payloadType=DatanodeDetails, name='Stale_Node'} is skipped, EventQueue is not running
2019-06-14 10:01:04,358 INFO  ozoneimpl.OzoneContainer (OzoneContainer.java:start(186)) - Attempting to start container services.
2019-06-14 10:01:04,358 INFO  ozoneimpl.OzoneContainer (OzoneContainer.java:startContainerScrub(160)) - Background container scrubber has been disabled by hdds.containerscrub.enabled
2019-06-14 10:01:04,358 INFO  ratis.XceiverServerRatis (XceiverServerRatis.java:start(418)) - Starting XceiverServerRatis 97eb8041-3f51-43e4-a2e4-7cd770fc42d5 at port 45721
2019-06-14 10:01:04,361 INFO  impl.RaftServerProxy (RaftServerProxy.java:lambda$start$3(299)) - 97eb8041-3f51-43e4-a2e4-7cd770fc42d5: start RPC server
2019-06-14 10:01:04,361 INFO  server.GrpcService (GrpcService.java:startImpl(148)) - 97eb8041-3f51-43e4-a2e4-7cd770fc42d5: GrpcService started, listening on 0.0.0.0/0.0.0.0:45721
2019-06-14 10:01:04,486 INFO  ozoneimpl.OzoneContainer (OzoneContainer.java:start(186)) - Attempting to start container services.
2019-06-14 10:01:04,487 INFO  ozoneimpl.OzoneContainer (OzoneContainer.java:startContainerScrub(160)) - Background container scrubber has been disabled by hdds.containerscrub.enabled
2019-06-14 10:01:04,487 INFO  ratis.XceiverServerRatis (XceiverServerRatis.java:start(418)) - Starting XceiverServerRatis c6f52c69-1ec8-401b-b44c-302b3bf109b1 at port 44609
2019-06-14 10:01:04,490 INFO  impl.RaftServerProxy (RaftServerProxy.java:lambda$start$3(299)) - c6f52c69-1ec8-401b-b44c-302b3bf109b1: start RPC server
2019-06-14 10:01:04,490 INFO  server.GrpcService (GrpcService.java:startImpl(148)) - c6f52c69-1ec8-401b-b44c-302b3bf109b1: GrpcService started, listening on 0.0.0.0/0.0.0.0:44609
2019-06-14 10:01:04,601 WARN  events.EventQueue (EventQueue.java:fireEvent(147)) - Processing of TypedEvent{payloadType=DatanodeDetails, name='Stale_Node'} is skipped, EventQueue is not running
2019-06-14 10:01:04,601 WARN  events.EventQueue (EventQueue.java:fireEvent(147)) - Processing of TypedEvent{payloadType=DatanodeDetails, name='Stale_Node'} is skipped, EventQueue is not running
2019-06-14 10:01:04,601 WARN  events.EventQueue (EventQueue.java:fireEvent(147)) - Processing of TypedEvent{payloadType=DatanodeDetails, name='Stale_Node'} is skipped, EventQueue is not running
2019-06-14 10:01:04,628 INFO  ozoneimpl.OzoneContainer (OzoneContainer.java:start(186)) - Attempting to start container services.
2019-06-14 10:01:04,628 INFO  ozoneimpl.OzoneContainer (OzoneContainer.java:startContainerScrub(160)) - Background container scrubber has been disabled by hdds.containerscrub.enabled
2019-06-14 10:01:04,628 INFO  ratis.XceiverServerRatis (XceiverServerRatis.java:start(418)) - Starting XceiverServerRatis 3f826607-3be9-478d-8cd8-0087160c860d at port 37849
2019-06-14 10:01:04,631 INFO  impl.RaftServerProxy (RaftServerProxy.java:lambda$start$3(299)) - 3f826607-3be9-478d-8cd8-0087160c860d: start RPC server
2019-06-14 10:01:04,632 INFO  server.GrpcService (GrpcService.java:startImpl(148)) - 3f826607-3be9-478d-8cd8-0087160c860d: GrpcService started, listening on 0.0.0.0/0.0.0.0:37849
2019-06-14 10:01:04,781 INFO  ozoneimpl.OzoneContainer (OzoneContainer.java:start(186)) - Attempting to start container services.
2019-06-14 10:01:04,781 INFO  ozoneimpl.OzoneContainer (OzoneContainer.java:startContainerScrub(160)) - Background container scrubber has been disabled by hdds.containerscrub.enabled
2019-06-14 10:01:04,781 INFO  ratis.XceiverServerRatis (XceiverServerRatis.java:start(418)) - Starting XceiverServerRatis c8dde243-9181-473a-92e4-4f1117ae2063 at port 43067
2019-06-14 10:01:04,785 INFO  impl.RaftServerProxy (RaftServerProxy.java:lambda$start$3(299)) - c8dde243-9181-473a-92e4-4f1117ae2063: start RPC server
2019-06-14 10:01:04,785 INFO  server.GrpcService (GrpcService.java:startImpl(148)) - c8dde243-9181-473a-92e4-4f1117ae2063: GrpcService started, listening on 0.0.0.0/0.0.0.0:43067
2019-06-14 10:01:04,945 INFO  ozoneimpl.OzoneContainer (OzoneContainer.java:start(186)) - Attempting to start container services.
2019-06-14 10:01:04,945 INFO  ozoneimpl.OzoneContainer (OzoneContainer.java:startContainerScrub(160)) - Background container scrubber has been disabled by hdds.containerscrub.enabled
2019-06-14 10:01:04,945 INFO  ratis.XceiverServerRatis (XceiverServerRatis.java:start(418)) - Starting XceiverServerRatis bd3eb131-f8c0-472f-9409-1e784d0329ae at port 37525
2019-06-14 10:01:04,948 INFO  impl.RaftServerProxy (RaftServerProxy.java:lambda$start$3(299)) - bd3eb131-f8c0-472f-9409-1e784d0329ae: start RPC server
2019-06-14 10:01:04,948 INFO  server.GrpcService (GrpcService.java:startImpl(148)) - bd3eb131-f8c0-472f-9409-1e784d0329ae: GrpcService started, listening on 0.0.0.0/0.0.0.0:37525
2019-06-14 10:01:05,142 INFO  ozone.MiniOzoneClusterImpl (MiniOzoneClusterImpl.java:lambda$waitForClusterToBeReady$0(142)) - Waiting for cluster to be ready. Got 0 of 6 DN Heartbeats.
2019-06-14 10:01:05,145 INFO  ozoneimpl.OzoneContainer (OzoneContainer.java:start(186)) - Attempting to start container services.
2019-06-14 10:01:05,145 INFO  ozoneimpl.OzoneContainer (OzoneContainer.java:startContainerScrub(160)) - Background container scrubber has been disabled by hdds.containerscrub.enabled
2019-06-14 10:01:05,146 INFO  ratis.XceiverServerRatis (XceiverServerRatis.java:start(418)) - Starting XceiverServerRatis 69879625-cac2-4a9b-90a8-7b5f28f07273 at port 43987
2019-06-14 10:01:05,148 INFO  impl.RaftServerProxy (RaftServerProxy.java:lambda$start$3(299)) - 69879625-cac2-4a9b-90a8-7b5f28f07273: start RPC server
2019-06-14 10:01:05,149 INFO  server.GrpcService (GrpcService.java:startImpl(148)) - 69879625-cac2-4a9b-90a8-7b5f28f07273: GrpcService started, listening on 0.0.0.0/0.0.0.0:43987
2019-06-14 10:01:06,142 INFO  ozone.MiniOzoneClusterImpl (MiniOzoneClusterImpl.java:lambda$waitForClusterToBeReady$0(142)) - Waiting for cluster to be ready. Got 0 of 6 DN Heartbeats.
2019-06-14 10:01:06,354 INFO  node.SCMNodeManager (SCMNodeManager.java:register(234)) - Registered Data node : 97eb8041-3f51-43e4-a2e4-7cd770fc42d5{ip: 192.168.105.157, host: ozone-mm759-2607770056, networkLocation: /default-rack, certSerialId: null}
2019-06-14 10:01:06,357 INFO  safemode.SCMSafeModeManager (DataNodeSafeModeRule.java:process(71)) - SCM in safe mode. 1 DataNodes registered, 1 required.
2019-06-14 10:01:06,359 INFO  safemode.SCMSafeModeManager (SCMSafeModeManager.java:validateSafeModeExitRules(177)) - ScmSafeModeManager, all rules are successfully validated
2019-06-14 10:01:06,359 INFO  safemode.SCMSafeModeManager (SCMSafeModeManager.java:exitSafeMode(193)) - SCM exiting safe mode.
2019-06-14 10:01:06,369 INFO  impl.RaftServerProxy (RaftServerProxy.java:addNew(89)) - 97eb8041-3f51-43e4-a2e4-7cd770fc42d5: addNew group-7E99BFF8F880:[97eb8041-3f51-43e4-a2e4-7cd770fc42d5:192.168.105.157:45721] returns group-7E99BFF8F880:java.util.concurrent.CompletableFuture@7c66ab8b[Not completed]
2019-06-14 10:01:06,370 INFO  impl.RaftServerImpl (RaftServerImpl.java:<init>(91)) - 97eb8041-3f51-43e4-a2e4-7cd770fc42d5: new RaftServerImpl for group-7E99BFF8F880:[97eb8041-3f51-43e4-a2e4-7cd770fc42d5:192.168.105.157:45721] with ContainerStateMachine:uninitialized
2019-06-14 10:01:06,370 INFO  server.RaftServerConfigKeys (ConfUtils.java:logGet(43)) - raft.server.rpc.timeout.min = 1s (custom)
2019-06-14 10:01:06,370 INFO  server.RaftServerConfigKeys (ConfUtils.java:logGet(43)) - raft.server.rpc.timeout.max = 1200ms (custom)
2019-06-14 10:01:06,370 INFO  server.RaftServerConfigKeys (ConfUtils.java:logGet(43)) - raft.server.rpcslowness.timeout = 120s (custom)
2019-06-14 10:01:06,370 INFO  server.RaftServerConfigKeys (ConfUtils.java:logGet(43)) - raft.server.log.appender.install.snapshot.enabled = true (default)
2019-06-14 10:01:06,370 INFO  impl.RaftServerImpl (ServerState.java:<init>(101)) - 97eb8041-3f51-43e4-a2e4-7cd770fc42d5:group-7E99BFF8F880 ConfigurationManager, init=-1: [97eb8041-3f51-43e4-a2e4-7cd770fc42d5:192.168.105.157:45721], old=null, confs=<EMPTY_MAP>
2019-06-14 10:01:06,370 INFO  server.RaftServerConfigKeys (ConfUtils.java:logGet(43)) - raft.server.storage.dir = [/opt/src/hadoop-ozone/integration-test/target/test-dir/MiniOzoneClusterImpl-b79a6205-7b5f-43da-95c3-5bf2e16134ee/datanode-0/data/ratis] (custom)
2019-06-14 10:01:06,370 INFO  storage.RaftStorageDirectory (RaftStorageDirectory.java:analyzeStorage(246)) - The storage directory /opt/src/hadoop-ozone/integration-test/target/test-dir/MiniOzoneClusterImpl-b79a6205-7b5f-43da-95c3-5bf2e16134ee/datanode-0/data/ratis/834941fc-be82-4bbc-9ac4-7e99bff8f880 does not exist. Creating ...
2019-06-14 10:01:06,372 INFO  storage.RaftStorageDirectory (RaftStorageDirectory.java:tryLock(328)) - Lock on /opt/src/hadoop-ozone/integration-test/target/test-dir/MiniOzoneClusterImpl-b79a6205-7b5f-43da-95c3-5bf2e16134ee/datanode-0/data/ratis/834941fc-be82-4bbc-9ac4-7e99bff8f880/in_use.lock acquired by nodename 13879@ozone-mm759-2607770056
2019-06-14 10:01:06,374 INFO  storage.RaftStorage (RaftStorage.java:format(75)) - Storage directory /opt/src/hadoop-ozone/integration-test/target/test-dir/MiniOzoneClusterImpl-b79a6205-7b5f-43da-95c3-5bf2e16134ee/datanode-0/data/ratis/834941fc-be82-4bbc-9ac4-7e99bff8f880 has been successfully formatted.
2019-06-14 10:01:06,374 INFO  ratis.ContainerStateMachine (ContainerStateMachine.java:loadSnapshot(199)) - The snapshot info is null.Setting the last applied index to:(t:0, i:~)
2019-06-14 10:01:06,375 INFO  server.RaftServerConfigKeys (ConfUtils.java:logGet(43)) - raft.server.leader.election.timeout = 120s (custom)
2019-06-14 10:01:06,375 INFO  server.RaftServerConfigKeys (ConfUtils.java:logGet(43)) - raft.server.log.use.memory = false (default)
2019-06-14 10:01:06,375 INFO  server.RaftServerConfigKeys (ConfUtils.java:logGet(43)) - raft.server.log.appender.buffer.byte-limit = 33554432 (custom)
2019-06-14 10:01:06,375 INFO  server.RaftServerConfigKeys (ConfUtils.java:logGet(43)) - raft.server.log.segment.size.max = 16384 (custom)
2019-06-14 10:01:06,375 INFO  server.RaftServerConfigKeys (ConfUtils.java:logGet(43)) - raft.server.log.segment.cache.num.max = 2 (custom)
2019-06-14 10:01:06,375 INFO  storage.RaftLogWorker (RaftLogWorker.java:<init>(123)) - new 97eb8041-3f51-43e4-a2e4-7cd770fc42d5-RaftLogWorker for Storage Directory /opt/src/hadoop-ozone/integration-test/target/test-dir/MiniOzoneClusterImpl-b79a6205-7b5f-43da-95c3-5bf2e16134ee/datanode-0/data/ratis/834941fc-be82-4bbc-9ac4-7e99bff8f880
2019-06-14 10:01:06,375 INFO  server.RaftServerConfigKeys (ConfUtils.java:logGet(43)) - raft.server.log.queue.byte-limit = 2147483647 (custom)
2019-06-14 10:01:06,375 INFO  server.RaftServerConfigKeys (ConfUtils.java:logGet(43)) - raft.server.log.queue.element-limit = 1024 (custom)
2019-06-14 10:01:06,375 INFO  server.RaftServerConfigKeys (ConfUtils.java:logGet(43)) - raft.server.log.segment.size.max = 16384 (custom)
2019-06-14 10:01:06,375 INFO  server.RaftServerConfigKeys (ConfUtils.java:logGet(43)) - raft.server.log.preallocated.size = 16384 (custom)
2019-06-14 10:01:06,375 INFO  server.RaftServerConfigKeys (ConfUtils.java:logGet(43)) - raft.server.log.write.buffer.size = 33554432 (custom)
2019-06-14 10:01:06,375 INFO  server.RaftServerConfigKeys (ConfUtils.java:logGet(43)) - raft.server.log.force.sync.num = 128 (default)
2019-06-14 10:01:06,375 INFO  server.RaftServerConfigKeys (ConfUtils.java:logGet(43)) - raft.server.log.statemachine.data.sync = true (default)
2019-06-14 10:01:06,375 INFO  server.RaftServerConfigKeys (ConfUtils.java:logGet(43)) - raft.server.log.statemachine.data.sync.timeout = 10s (default)
2019-06-14 10:01:06,375 INFO  server.RaftServerConfigKeys (ConfUtils.java:logGet(43)) - raft.server.log.statemachine.data.sync.timeout.retry = -1 (default)
2019-06-14 10:01:06,376 INFO  server.RaftServerConfigKeys (ConfUtils.java:logGet(43)) - raft.server.log.statemachine.data.caching.enabled = true (custom)
2019-06-14 10:01:06,376 INFO  server.RaftServerConfigKeys (ConfUtils.java:logGet(43)) - raft.server.snapshot.auto.trigger.enabled = true (custom)
2019-06-14 10:01:06,376 INFO  server.RaftServerConfigKeys (ConfUtils.java:logGet(43)) - raft.server.snapshot.auto.trigger.threshold = 10000 (custom)
2019-06-14 10:01:06,376 INFO  server.RaftServerConfigKeys (ConfUtils.java:logGet(43)) - raft.server.retrycache.expirytime = 600000ms (custom)
2019-06-14 10:01:06,376 INFO  impl.RaftServerImpl (RaftServerImpl.java:start(173)) - 97eb8041-3f51-43e4-a2e4-7cd770fc42d5: start group-7E99BFF8F880
2019-06-14 10:01:06,376 INFO  impl.RaftServerImpl (RaftServerImpl.java:setRole(164)) - 97eb8041-3f51-43e4-a2e4-7cd770fc42d5:group-7E99BFF8F880 changes role from null to FOLLOWER at term 0 for startAsFollower
2019-06-14 10:01:06,376 INFO  impl.RoleInfo (RoleInfo.java:updateAndGet(143)) - 97eb8041-3f51-43e4-a2e4-7cd770fc42d5: start FollowerState
2019-06-14 10:01:06,376 INFO  util.JmxRegister (JmxRegister.java:tryRegister(44)) - Successfully registered JMX Bean with object name Ratis:service=RaftServer,group=group-7E99BFF8F880,id=97eb8041-3f51-43e4-a2e4-7cd770fc42d5
2019-06-14 10:01:06,377 INFO  pipeline.PipelineStateManager (PipelineStateManager.java:addPipeline(56)) - Created pipeline Pipeline[ Id: 834941fc-be82-4bbc-9ac4-7e99bff8f880, Nodes: 97eb8041-3f51-43e4-a2e4-7cd770fc42d5{ip: 192.168.105.157, host: ozone-mm759-2607770056, networkLocation: /default-rack, certSerialId: null}, Type:RATIS, Factor:ONE, State:OPEN]
2019-06-14 10:01:06,480 INFO  node.SCMNodeManager (SCMNodeManager.java:register(234)) - Registered Data node : c6f52c69-1ec8-401b-b44c-302b3bf109b1{ip: 192.168.105.157, host: ozone-mm759-2607770056, networkLocation: /default-rack, certSerialId: null}
2019-06-14 10:01:06,486 INFO  impl.RaftServerProxy (RaftServerProxy.java:addNew(89)) - c6f52c69-1ec8-401b-b44c-302b3bf109b1: addNew group-73B39DE1C235:[c6f52c69-1ec8-401b-b44c-302b3bf109b1:192.168.105.157:44609] returns group-73B39DE1C235:java.util.concurrent.CompletableFuture@3a28abab[Not completed]
2019-06-14 10:01:06,486 INFO  impl.RaftServerImpl (RaftServerImpl.java:<init>(91)) - c6f52c69-1ec8-401b-b44c-302b3bf109b1: new RaftServerImpl for group-73B39DE1C235:[c6f52c69-1ec8-401b-b44c-302b3bf109b1:192.168.105.157:44609] with ContainerStateMachine:uninitialized
2019-06-14 10:01:06,486 INFO  server.RaftServerConfigKeys (ConfUtils.java:logGet(43)) - raft.server.rpc.timeout.min = 1s (custom)
2019-06-14 10:01:06,486 INFO  server.RaftServerConfigKeys (ConfUtils.java:logGet(43)) - raft.server.rpc.timeout.max = 1200ms (custom)
2019-06-14 10:01:06,486 INFO  server.RaftServerConfigKeys (ConfUtils.java:logGet(43)) - raft.server.rpcslowness.timeout = 120s (custom)
2019-06-14 10:01:06,486 INFO  server.RaftServerConfigKeys (ConfUtils.java:logGet(43)) - raft.server.log.appender.install.snapshot.enabled = true (default)
2019-06-14 10:01:06,486 INFO  impl.RaftServerImpl (ServerState.java:<init>(101)) - c6f52c69-1ec8-401b-b44c-302b3bf109b1:group-73B39DE1C235 ConfigurationManager, init=-1: [c6f52c69-1ec8-401b-b44c-302b3bf109b1:192.168.105.157:44609], old=null, confs=<EMPTY_MAP>
2019-06-14 10:01:06,486 INFO  server.RaftServerConfigKeys (ConfUtils.java:logGet(43)) - raft.server.storage.dir = [/opt/src/hadoop-ozone/integration-test/target/test-dir/MiniOzoneClusterImpl-b79a6205-7b5f-43da-95c3-5bf2e16134ee/datanode-1/data/ratis] (custom)
2019-06-14 10:01:06,486 INFO  storage.RaftStorageDirectory (RaftStorageDirectory.java:analyzeStorage(246)) - The storage directory /opt/src/hadoop-ozone/integration-test/target/test-dir/MiniOzoneClusterImpl-b79a6205-7b5f-43da-95c3-5bf2e16134ee/datanode-1/data/ratis/c56467c1-679c-46ab-a4ff-73b39de1c235 does not exist. Creating ...
2019-06-14 10:01:06,488 INFO  storage.RaftStorageDirectory (RaftStorageDirectory.java:tryLock(328)) - Lock on /opt/src/hadoop-ozone/integration-test/target/test-dir/MiniOzoneClusterImpl-b79a6205-7b5f-43da-95c3-5bf2e16134ee/datanode-1/data/ratis/c56467c1-679c-46ab-a4ff-73b39de1c235/in_use.lock acquired by nodename 13879@ozone-mm759-2607770056
2019-06-14 10:01:06,490 INFO  storage.RaftStorage (RaftStorage.java:format(75)) - Storage directory /opt/src/hadoop-ozone/integration-test/target/test-dir/MiniOzoneClusterImpl-b79a6205-7b5f-43da-95c3-5bf2e16134ee/datanode-1/data/ratis/c56467c1-679c-46ab-a4ff-73b39de1c235 has been successfully formatted.
2019-06-14 10:01:06,490 INFO  ratis.ContainerStateMachine (ContainerStateMachine.java:loadSnapshot(199)) - The snapshot info is null.Setting the last applied index to:(t:0, i:~)
2019-06-14 10:01:06,491 INFO  server.RaftServerConfigKeys (ConfUtils.java:logGet(43)) - raft.server.leader.election.timeout = 120s (custom)
2019-06-14 10:01:06,491 INFO  server.RaftServerConfigKeys (ConfUtils.java:logGet(43)) - raft.server.log.use.memory = false (default)
2019-06-14 10:01:06,491 INFO  server.RaftServerConfigKeys (ConfUtils.java:logGet(43)) - raft.server.log.appender.buffer.byte-limit = 33554432 (custom)
2019-06-14 10:01:06,491 INFO  server.RaftServerConfigKeys (ConfUtils.java:logGet(43)) - raft.server.log.segment.size.max = 16384 (custom)
2019-06-14 10:01:06,491 INFO  server.RaftServerConfigKeys (ConfUtils.java:logGet(43)) - raft.server.log.segment.cache.num.max = 2 (custom)
2019-06-14 10:01:06,491 INFO  storage.RaftLogWorker (RaftLogWorker.java:<init>(123)) - new c6f52c69-1ec8-401b-b44c-302b3bf109b1-RaftLogWorker for Storage Directory /opt/src/hadoop-ozone/integration-test/target/test-dir/MiniOzoneClusterImpl-b79a6205-7b5f-43da-95c3-5bf2e16134ee/datanode-1/data/ratis/c56467c1-679c-46ab-a4ff-73b39de1c235
2019-06-14 10:01:06,491 INFO  server.RaftServerConfigKeys (ConfUtils.java:logGet(43)) - raft.server.log.queue.byte-limit = 2147483647 (custom)
2019-06-14 10:01:06,491 INFO  server.RaftServerConfigKeys (ConfUtils.java:logGet(43)) - raft.server.log.queue.element-limit = 1024 (custom)
2019-06-14 10:01:06,491 INFO  server.RaftServerConfigKeys (ConfUtils.java:logGet(43)) - raft.server.log.segment.size.max = 16384 (custom)
2019-06-14 10:01:06,491 INFO  server.RaftServerConfigKeys (ConfUtils.java:logGet(43)) - raft.server.log.preallocated.size = 16384 (custom)
2019-06-14 10:01:06,491 INFO  server.RaftServerConfigKeys (ConfUtils.java:logGet(43)) - raft.server.log.write.buffer.size = 33554432 (custom)
2019-06-14 10:01:06,491 INFO  server.RaftServerConfigKeys (ConfUtils.java:logGet(43)) - raft.server.log.force.sync.num = 128 (default)
2019-06-14 10:01:06,491 INFO  server.RaftServerConfigKeys (ConfUtils.java:logGet(43)) - raft.server.log.statemachine.data.sync = true (default)
2019-06-14 10:01:06,491 INFO  server.RaftServerConfigKeys (ConfUtils.java:logGet(43)) - raft.server.log.statemachine.data.sync.timeout = 10s (default)
2019-06-14 10:01:06,491 INFO  server.RaftServerConfigKeys (ConfUtils.java:logGet(43)) - raft.server.log.statemachine.data.sync.timeout.retry = -1 (default)
2019-06-14 10:01:06,491 INFO  server.RaftServerConfigKeys (ConfUtils.java:logGet(43)) - raft.server.log.statemachine.data.caching.enabled = true (custom)
2019-06-14 10:01:06,492 INFO  server.RaftServerConfigKeys (ConfUtils.java:logGet(43)) - raft.server.snapshot.auto.trigger.enabled = true (custom)
2019-06-14 10:01:06,492 INFO  server.RaftServerConfigKeys (ConfUtils.java:logGet(43)) - raft.server.snapshot.auto.trigger.threshold = 10000 (custom)
2019-06-14 10:01:06,492 INFO  server.RaftServerConfigKeys (ConfUtils.java:logGet(43)) - raft.server.retrycache.expirytime = 600000ms (custom)
2019-06-14 10:01:06,492 INFO  impl.RaftServerImpl (RaftServerImpl.java:start(173)) - c6f52c69-1ec8-401b-b44c-302b3bf109b1: start group-73B39DE1C235
2019-06-14 10:01:06,492 INFO  impl.RaftServerImpl (RaftServerImpl.java:setRole(164)) - c6f52c69-1ec8-401b-b44c-302b3bf109b1:group-73B39DE1C235 changes role from null to FOLLOWER at term 0 for startAsFollower
2019-06-14 10:01:06,492 INFO  impl.RoleInfo (RoleInfo.java:updateAndGet(143)) - c6f52c69-1ec8-401b-b44c-302b3bf109b1: start FollowerState
2019-06-14 10:01:06,492 INFO  util.JmxRegister (JmxRegister.java:tryRegister(44)) - Successfully registered JMX Bean with object name Ratis:service=RaftServer,group=group-73B39DE1C235,id=c6f52c69-1ec8-401b-b44c-302b3bf109b1
2019-06-14 10:01:06,493 INFO  pipeline.PipelineStateManager (PipelineStateManager.java:addPipeline(56)) - Created pipeline Pipeline[ Id: c56467c1-679c-46ab-a4ff-73b39de1c235, Nodes: c6f52c69-1ec8-401b-b44c-302b3bf109b1{ip: 192.168.105.157, host: ozone-mm759-2607770056, networkLocation: /default-rack, certSerialId: null}, Type:RATIS, Factor:ONE, State:OPEN]
2019-06-14 10:01:06,626 INFO  node.SCMNodeManager (SCMNodeManager.java:register(234)) - Registered Data node : 3f826607-3be9-478d-8cd8-0087160c860d{ip: 192.168.105.157, host: ozone-mm759-2607770056, networkLocation: /default-rack, certSerialId: null}
2019-06-14 10:01:06,633 INFO  impl.RaftServerProxy (RaftServerProxy.java:addNew(89)) - 3f826607-3be9-478d-8cd8-0087160c860d: addNew group-A98D992D6A8F:[3f826607-3be9-478d-8cd8-0087160c860d:192.168.105.157:37849] returns group-A98D992D6A8F:java.util.concurrent.CompletableFuture@63d259cf[Not completed]
2019-06-14 10:01:06,633 INFO  impl.RaftServerImpl (RaftServerImpl.java:<init>(91)) - 3f826607-3be9-478d-8cd8-0087160c860d: new RaftServerImpl for group-A98D992D6A8F:[3f826607-3be9-478d-8cd8-0087160c860d:192.168.105.157:37849] with ContainerStateMachine:uninitialized
2019-06-14 10:01:06,634 INFO  server.RaftServerConfigKeys (ConfUtils.java:logGet(43)) - raft.server.rpc.timeout.min = 1s (custom)
2019-06-14 10:01:06,634 INFO  server.RaftServerConfigKeys (ConfUtils.java:logGet(43)) - raft.server.rpc.timeout.max = 1200ms (custom)
2019-06-14 10:01:06,634 INFO  server.RaftServerConfigKeys (ConfUtils.java:logGet(43)) - raft.server.rpcslowness.timeout = 120s (custom)
2019-06-14 10:01:06,634 INFO  server.RaftServerConfigKeys (ConfUtils.java:logGet(43)) - raft.server.log.appender.install.snapshot.enabled = true (default)
2019-06-14 10:01:06,634 INFO  impl.RaftServerImpl (ServerState.java:<init>(101)) - 3f826607-3be9-478d-8cd8-0087160c860d:group-A98D992D6A8F ConfigurationManager, init=-1: [3f826607-3be9-478d-8cd8-0087160c860d:192.168.105.157:37849], old=null, confs=<EMPTY_MAP>
2019-06-14 10:01:06,634 INFO  server.RaftServerConfigKeys (ConfUtils.java:logGet(43)) - raft.server.storage.dir = [/opt/src/hadoop-ozone/integration-test/target/test-dir/MiniOzoneClusterImpl-b79a6205-7b5f-43da-95c3-5bf2e16134ee/datanode-2/data/ratis] (custom)
2019-06-14 10:01:06,634 INFO  storage.RaftStorageDirectory (RaftStorageDirectory.java:analyzeStorage(246)) - The storage directory /opt/src/hadoop-ozone/integration-test/target/test-dir/MiniOzoneClusterImpl-b79a6205-7b5f-43da-95c3-5bf2e16134ee/datanode-2/data/ratis/9550bcff-3b7d-4777-b98c-a98d992d6a8f does not exist. Creating ...
2019-06-14 10:01:06,636 INFO  storage.RaftStorageDirectory (RaftStorageDirectory.java:tryLock(328)) - Lock on /opt/src/hadoop-ozone/integration-test/target/test-dir/MiniOzoneClusterImpl-b79a6205-7b5f-43da-95c3-5bf2e16134ee/datanode-2/data/ratis/9550bcff-3b7d-4777-b98c-a98d992d6a8f/in_use.lock acquired by nodename 13879@ozone-mm759-2607770056
2019-06-14 10:01:06,638 INFO  storage.RaftStorage (RaftStorage.java:format(75)) - Storage directory /opt/src/hadoop-ozone/integration-test/target/test-dir/MiniOzoneClusterImpl-b79a6205-7b5f-43da-95c3-5bf2e16134ee/datanode-2/data/ratis/9550bcff-3b7d-4777-b98c-a98d992d6a8f has been successfully formatted.
2019-06-14 10:01:06,638 INFO  ratis.ContainerStateMachine (ContainerStateMachine.java:loadSnapshot(199)) - The snapshot info is null.Setting the last applied index to:(t:0, i:~)
2019-06-14 10:01:06,638 INFO  server.RaftServerConfigKeys (ConfUtils.java:logGet(43)) - raft.server.leader.election.timeout = 120s (custom)
2019-06-14 10:01:06,638 INFO  server.RaftServerConfigKeys (ConfUtils.java:logGet(43)) - raft.server.log.use.memory = false (default)
2019-06-14 10:01:06,638 INFO  server.RaftServerConfigKeys (ConfUtils.java:logGet(43)) - raft.server.log.appender.buffer.byte-limit = 33554432 (custom)
2019-06-14 10:01:06,638 INFO  server.RaftServerConfigKeys (ConfUtils.java:logGet(43)) - raft.server.log.segment.size.max = 16384 (custom)
2019-06-14 10:01:06,638 INFO  server.RaftServerConfigKeys (ConfUtils.java:logGet(43)) - raft.server.log.segment.cache.num.max = 2 (custom)
2019-06-14 10:01:06,639 INFO  storage.RaftLogWorker (RaftLogWorker.java:<init>(123)) - new 3f826607-3be9-478d-8cd8-0087160c860d-RaftLogWorker for Storage Directory /opt/src/hadoop-ozone/integration-test/target/test-dir/MiniOzoneClusterImpl-b79a6205-7b5f-43da-95c3-5bf2e16134ee/datanode-2/data/ratis/9550bcff-3b7d-4777-b98c-a98d992d6a8f
2019-06-14 10:01:06,639 INFO  server.RaftServerConfigKeys (ConfUtils.java:logGet(43)) - raft.server.log.queue.byte-limit = 2147483647 (custom)
2019-06-14 10:01:06,639 INFO  server.RaftServerConfigKeys (ConfUtils.java:logGet(43)) - raft.server.log.queue.element-limit = 1024 (custom)
2019-06-14 10:01:06,639 INFO  server.RaftServerConfigKeys (ConfUtils.java:logGet(43)) - raft.server.log.segment.size.max = 16384 (custom)
2019-06-14 10:01:06,639 INFO  server.RaftServerConfigKeys (ConfUtils.java:logGet(43)) - raft.server.log.preallocated.size = 16384 (custom)
2019-06-14 10:01:06,639 INFO  server.RaftServerConfigKeys (ConfUtils.java:logGet(43)) - raft.server.log.write.buffer.size = 33554432 (custom)
2019-06-14 10:01:06,639 INFO  server.RaftServerConfigKeys (ConfUtils.java:logGet(43)) - raft.server.log.force.sync.num = 128 (default)
2019-06-14 10:01:06,639 INFO  server.RaftServerConfigKeys (ConfUtils.java:logGet(43)) - raft.server.log.statemachine.data.sync = true (default)
2019-06-14 10:01:06,639 INFO  server.RaftServerConfigKeys (ConfUtils.java:logGet(43)) - raft.server.log.statemachine.data.sync.timeout = 10s (default)
2019-06-14 10:01:06,639 INFO  server.RaftServerConfigKeys (ConfUtils.java:logGet(43)) - raft.server.log.statemachine.data.sync.timeout.retry = -1 (default)
2019-06-14 10:01:06,639 INFO  server.RaftServerConfigKeys (ConfUtils.java:logGet(43)) - raft.server.log.statemachine.data.caching.enabled = true (custom)
2019-06-14 10:01:06,639 INFO  server.RaftServerConfigKeys (ConfUtils.java:logGet(43)) - raft.server.snapshot.auto.trigger.enabled = true (custom)
2019-06-14 10:01:06,639 INFO  server.RaftServerConfigKeys (ConfUtils.java:logGet(43)) - raft.server.snapshot.auto.trigger.threshold = 10000 (custom)
2019-06-14 10:01:06,639 INFO  server.RaftServerConfigKeys (ConfUtils.java:logGet(43)) - raft.server.retrycache.expirytime = 600000ms (custom)
2019-06-14 10:01:06,640 INFO  impl.RaftServerImpl (RaftServerImpl.java:start(173)) - 3f826607-3be9-478d-8cd8-0087160c860d: start group-A98D992D6A8F
2019-06-14 10:01:06,640 INFO  impl.RaftServerImpl (RaftServerImpl.java:setRole(164)) - 3f826607-3be9-478d-8cd8-0087160c860d:group-A98D992D6A8F changes role from null to FOLLOWER at term 0 for startAsFollower
2019-06-14 10:01:06,640 INFO  impl.RoleInfo (RoleInfo.java:updateAndGet(143)) - 3f826607-3be9-478d-8cd8-0087160c860d: start FollowerState
2019-06-14 10:01:06,640 INFO  util.JmxRegister (JmxRegister.java:tryRegister(44)) - Successfully registered JMX Bean with object name Ratis:service=RaftServer,group=group-A98D992D6A8F,id=3f826607-3be9-478d-8cd8-0087160c860d
2019-06-14 10:01:06,641 INFO  pipeline.PipelineStateManager (PipelineStateManager.java:addPipeline(56)) - Created pipeline Pipeline[ Id: 9550bcff-3b7d-4777-b98c-a98d992d6a8f, Nodes: 3f826607-3be9-478d-8cd8-0087160c860d{ip: 192.168.105.157, host: ozone-mm759-2607770056, networkLocation: /default-rack, certSerialId: null}, Type:RATIS, Factor:ONE, State:OPEN]
2019-06-14 10:01:06,649 INFO  impl.RaftServerProxy (RaftServerProxy.java:addNew(89)) - 97eb8041-3f51-43e4-a2e4-7cd770fc42d5: addNew group-6B1AB7FE24BE:[3f826607-3be9-478d-8cd8-0087160c860d:192.168.105.157:37849, 97eb8041-3f51-43e4-a2e4-7cd770fc42d5:192.168.105.157:45721, c6f52c69-1ec8-401b-b44c-302b3bf109b1:192.168.105.157:44609] returns group-6B1AB7FE24BE:java.util.concurrent.CompletableFuture@34877235[Not completed]
2019-06-14 10:01:06,649 INFO  impl.RaftServerImpl (RaftServerImpl.java:<init>(91)) - 97eb8041-3f51-43e4-a2e4-7cd770fc42d5: new RaftServerImpl for group-6B1AB7FE24BE:[3f826607-3be9-478d-8cd8-0087160c860d:192.168.105.157:37849, 97eb8041-3f51-43e4-a2e4-7cd770fc42d5:192.168.105.157:45721, c6f52c69-1ec8-401b-b44c-302b3bf109b1:192.168.105.157:44609] with ContainerStateMachine:uninitialized
2019-06-14 10:01:06,649 INFO  impl.RaftServerProxy (RaftServerProxy.java:addNew(89)) - c6f52c69-1ec8-401b-b44c-302b3bf109b1: addNew group-6B1AB7FE24BE:[3f826607-3be9-478d-8cd8-0087160c860d:192.168.105.157:37849, 97eb8041-3f51-43e4-a2e4-7cd770fc42d5:192.168.105.157:45721, c6f52c69-1ec8-401b-b44c-302b3bf109b1:192.168.105.157:44609] returns group-6B1AB7FE24BE:java.util.concurrent.CompletableFuture@4a489ccf[Not completed]
2019-06-14 10:01:06,650 INFO  server.RaftServerConfigKeys (ConfUtils.java:logGet(43)) - raft.server.rpc.timeout.min = 1s (custom)
2019-06-14 10:01:06,650 INFO  impl.RaftServerImpl (RaftServerImpl.java:<init>(91)) - c6f52c69-1ec8-401b-b44c-302b3bf109b1: new RaftServerImpl for group-6B1AB7FE24BE:[3f826607-3be9-478d-8cd8-0087160c860d:192.168.105.157:37849, 97eb8041-3f51-43e4-a2e4-7cd770fc42d5:192.168.105.157:45721, c6f52c69-1ec8-401b-b44c-302b3bf109b1:192.168.105.157:44609] with ContainerStateMachine:uninitialized
2019-06-14 10:01:06,650 INFO  server.RaftServerConfigKeys (ConfUtils.java:logGet(43)) - raft.server.rpc.timeout.max = 1200ms (custom)
2019-06-14 10:01:06,650 INFO  impl.RaftServerProxy (RaftServerProxy.java:addNew(89)) - 3f826607-3be9-478d-8cd8-0087160c860d: addNew group-6B1AB7FE24BE:[3f826607-3be9-478d-8cd8-0087160c860d:192.168.105.157:37849, 97eb8041-3f51-43e4-a2e4-7cd770fc42d5:192.168.105.157:45721, c6f52c69-1ec8-401b-b44c-302b3bf109b1:192.168.105.157:44609] returns group-6B1AB7FE24BE:java.util.concurrent.CompletableFuture@bc0db6c[Not completed]
2019-06-14 10:01:06,650 INFO  impl.RaftServerImpl (RaftServerImpl.java:<init>(91)) - 3f826607-3be9-478d-8cd8-0087160c860d: new RaftServerImpl for group-6B1AB7FE24BE:[3f826607-3be9-478d-8cd8-0087160c860d:192.168.105.157:37849, 97eb8041-3f51-43e4-a2e4-7cd770fc42d5:192.168.105.157:45721, c6f52c69-1ec8-401b-b44c-302b3bf109b1:192.168.105.157:44609] with ContainerStateMachine:uninitialized
2019-06-14 10:01:06,650 INFO  server.RaftServerConfigKeys (ConfUtils.java:logGet(43)) - raft.server.rpcslowness.timeout = 120s (custom)
2019-06-14 10:01:06,650 INFO  server.RaftServerConfigKeys (ConfUtils.java:logGet(43)) - raft.server.rpc.timeout.min = 1s (custom)
2019-06-14 10:01:06,650 INFO  server.RaftServerConfigKeys (ConfUtils.java:logGet(43)) - raft.server.log.appender.install.snapshot.enabled = true (default)
2019-06-14 10:01:06,650 INFO  server.RaftServerConfigKeys (ConfUtils.java:logGet(43)) - raft.server.rpc.timeout.min = 1s (custom)
2019-06-14 10:01:06,650 INFO  impl.RaftServerImpl (ServerState.java:<init>(101)) - 97eb8041-3f51-43e4-a2e4-7cd770fc42d5:group-6B1AB7FE24BE ConfigurationManager, init=-1: [3f826607-3be9-478d-8cd8-0087160c860d:192.168.105.157:37849, 97eb8041-3f51-43e4-a2e4-7cd770fc42d5:192.168.105.157:45721, c6f52c69-1ec8-401b-b44c-302b3bf109b1:192.168.105.157:44609], old=null, confs=<EMPTY_MAP>
2019-06-14 10:01:06,650 INFO  server.RaftServerConfigKeys (ConfUtils.java:logGet(43)) - raft.server.rpc.timeout.max = 1200ms (custom)
2019-06-14 10:01:06,650 INFO  server.RaftServerConfigKeys (ConfUtils.java:logGet(43)) - raft.server.storage.dir = [/opt/src/hadoop-ozone/integration-test/target/test-dir/MiniOzoneClusterImpl-b79a6205-7b5f-43da-95c3-5bf2e16134ee/datanode-0/data/ratis] (custom)
2019-06-14 10:01:06,650 INFO  server.RaftServerConfigKeys (ConfUtils.java:logGet(43)) - raft.server.rpc.timeout.max = 1200ms (custom)
2019-06-14 10:01:06,650 INFO  server.RaftServerConfigKeys (ConfUtils.java:logGet(43)) - raft.server.rpcslowness.timeout = 120s (custom)
2019-06-14 10:01:06,651 INFO  storage.RaftStorageDirectory (RaftStorageDirectory.java:analyzeStorage(246)) - The storage directory /opt/src/hadoop-ozone/integration-test/target/test-dir/MiniOzoneClusterImpl-b79a6205-7b5f-43da-95c3-5bf2e16134ee/datanode-0/data/ratis/81136981-52e8-426f-b5c1-6b1ab7fe24be does not exist. Creating ...
2019-06-14 10:01:06,651 INFO  server.RaftServerConfigKeys (ConfUtils.java:logGet(43)) - raft.server.rpcslowness.timeout = 120s (custom)
2019-06-14 10:01:06,651 INFO  server.RaftServerConfigKeys (ConfUtils.java:logGet(43)) - raft.server.log.appender.install.snapshot.enabled = true (default)
2019-06-14 10:01:06,651 INFO  impl.RaftServerImpl (ServerState.java:<init>(101)) - c6f52c69-1ec8-401b-b44c-302b3bf109b1:group-6B1AB7FE24BE ConfigurationManager, init=-1: [3f826607-3be9-478d-8cd8-0087160c860d:192.168.105.157:37849, 97eb8041-3f51-43e4-a2e4-7cd770fc42d5:192.168.105.157:45721, c6f52c69-1ec8-401b-b44c-302b3bf109b1:192.168.105.157:44609], old=null, confs=<EMPTY_MAP>
2019-06-14 10:01:06,651 INFO  server.RaftServerConfigKeys (ConfUtils.java:logGet(43)) - raft.server.storage.dir = [/opt/src/hadoop-ozone/integration-test/target/test-dir/MiniOzoneClusterImpl-b79a6205-7b5f-43da-95c3-5bf2e16134ee/datanode-1/data/ratis] (custom)
2019-06-14 10:01:06,651 INFO  storage.RaftStorageDirectory (RaftStorageDirectory.java:analyzeStorage(246)) - The storage directory /opt/src/hadoop-ozone/integration-test/target/test-dir/MiniOzoneClusterImpl-b79a6205-7b5f-43da-95c3-5bf2e16134ee/datanode-1/data/ratis/81136981-52e8-426f-b5c1-6b1ab7fe24be does not exist. Creating ...
2019-06-14 10:01:06,651 INFO  server.RaftServerConfigKeys (ConfUtils.java:logGet(43)) - raft.server.log.appender.install.snapshot.enabled = true (default)
2019-06-14 10:01:06,651 INFO  impl.RaftServerImpl (ServerState.java:<init>(101)) - 3f826607-3be9-478d-8cd8-0087160c860d:group-6B1AB7FE24BE ConfigurationManager, init=-1: [3f826607-3be9-478d-8cd8-0087160c860d:192.168.105.157:37849, 97eb8041-3f51-43e4-a2e4-7cd770fc42d5:192.168.105.157:45721, c6f52c69-1ec8-401b-b44c-302b3bf109b1:192.168.105.157:44609], old=null, confs=<EMPTY_MAP>
2019-06-14 10:01:06,652 INFO  server.RaftServerConfigKeys (ConfUtils.java:logGet(43)) - raft.server.storage.dir = [/opt/src/hadoop-ozone/integration-test/target/test-dir/MiniOzoneClusterImpl-b79a6205-7b5f-43da-95c3-5bf2e16134ee/datanode-2/data/ratis] (custom)
2019-06-14 10:01:06,652 INFO  storage.RaftStorageDirectory (RaftStorageDirectory.java:analyzeStorage(246)) - The storage directory /opt/src/hadoop-ozone/integration-test/target/test-dir/MiniOzoneClusterImpl-b79a6205-7b5f-43da-95c3-5bf2e16134ee/datanode-2/data/ratis/81136981-52e8-426f-b5c1-6b1ab7fe24be does not exist. Creating ...
2019-06-14 10:01:06,653 INFO  storage.RaftStorageDirectory (RaftStorageDirectory.java:tryLock(328)) - Lock on /opt/src/hadoop-ozone/integration-test/target/test-dir/MiniOzoneClusterImpl-b79a6205-7b5f-43da-95c3-5bf2e16134ee/datanode-1/data/ratis/81136981-52e8-426f-b5c1-6b1ab7fe24be/in_use.lock acquired by nodename 13879@ozone-mm759-2607770056
2019-06-14 10:01:06,653 INFO  storage.RaftStorageDirectory (RaftStorageDirectory.java:tryLock(328)) - Lock on /opt/src/hadoop-ozone/integration-test/target/test-dir/MiniOzoneClusterImpl-b79a6205-7b5f-43da-95c3-5bf2e16134ee/datanode-0/data/ratis/81136981-52e8-426f-b5c1-6b1ab7fe24be/in_use.lock acquired by nodename 13879@ozone-mm759-2607770056
2019-06-14 10:01:06,654 INFO  storage.RaftStorageDirectory (RaftStorageDirectory.java:tryLock(328)) - Lock on /opt/src/hadoop-ozone/integration-test/target/test-dir/MiniOzoneClusterImpl-b79a6205-7b5f-43da-95c3-5bf2e16134ee/datanode-2/data/ratis/81136981-52e8-426f-b5c1-6b1ab7fe24be/in_use.lock acquired by nodename 13879@ozone-mm759-2607770056
2019-06-14 10:01:06,656 INFO  storage.RaftStorage (RaftStorage.java:format(75)) - Storage directory /opt/src/hadoop-ozone/integration-test/target/test-dir/MiniOzoneClusterImpl-b79a6205-7b5f-43da-95c3-5bf2e16134ee/datanode-0/data/ratis/81136981-52e8-426f-b5c1-6b1ab7fe24be has been successfully formatted.
2019-06-14 10:01:06,656 INFO  storage.RaftStorage (RaftStorage.java:format(75)) - Storage directory /opt/src/hadoop-ozone/integration-test/target/test-dir/MiniOzoneClusterImpl-b79a6205-7b5f-43da-95c3-5bf2e16134ee/datanode-1/data/ratis/81136981-52e8-426f-b5c1-6b1ab7fe24be has been successfully formatted.
2019-06-14 10:01:06,656 INFO  ratis.ContainerStateMachine (ContainerStateMachine.java:loadSnapshot(199)) - The snapshot info is null.Setting the last applied index to:(t:0, i:~)
2019-06-14 10:01:06,656 INFO  server.RaftServerConfigKeys (ConfUtils.java:logGet(43)) - raft.server.leader.election.timeout = 120s (custom)
2019-06-14 10:01:06,656 INFO  server.RaftServerConfigKeys (ConfUtils.java:logGet(43)) - raft.server.log.use.memory = false (default)
2019-06-14 10:01:06,656 INFO  server.RaftServerConfigKeys (ConfUtils.java:logGet(43)) - raft.server.log.appender.buffer.byte-limit = 33554432 (custom)
2019-06-14 10:01:06,656 INFO  server.RaftServerConfigKeys (ConfUtils.java:logGet(43)) - raft.server.log.segment.size.max = 16384 (custom)
2019-06-14 10:01:06,656 INFO  server.RaftServerConfigKeys (ConfUtils.java:logGet(43)) - raft.server.log.segment.cache.num.max = 2 (custom)
2019-06-14 10:01:06,656 INFO  storage.RaftLogWorker (RaftLogWorker.java:<init>(123)) - new 97eb8041-3f51-43e4-a2e4-7cd770fc42d5-RaftLogWorker for Storage Directory /opt/src/hadoop-ozone/integration-test/target/test-dir/MiniOzoneClusterImpl-b79a6205-7b5f-43da-95c3-5bf2e16134ee/datanode-0/data/ratis/81136981-52e8-426f-b5c1-6b1ab7fe24be
2019-06-14 10:01:06,656 INFO  server.RaftServerConfigKeys (ConfUtils.java:logGet(43)) - raft.server.log.queue.byte-limit = 2147483647 (custom)
2019-06-14 10:01:06,656 INFO  server.RaftServerConfigKeys (ConfUtils.java:logGet(43)) - raft.server.log.queue.element-limit = 1024 (custom)
2019-06-14 10:01:06,656 INFO  server.RaftServerConfigKeys (ConfUtils.java:logGet(43)) - raft.server.log.segment.size.max = 16384 (custom)
2019-06-14 10:01:06,656 INFO  server.RaftServerConfigKeys (ConfUtils.java:logGet(43)) - raft.server.log.preallocated.size = 16384 (custom)
2019-06-14 10:01:06,656 INFO  server.RaftServerConfigKeys (ConfUtils.java:logGet(43)) - raft.server.log.write.buffer.size = 33554432 (custom)
2019-06-14 10:01:06,657 INFO  server.RaftServerConfigKeys (ConfUtils.java:logGet(43)) - raft.server.log.force.sync.num = 128 (default)
2019-06-14 10:01:06,657 INFO  server.RaftServerConfigKeys (ConfUtils.java:logGet(43)) - raft.server.log.statemachine.data.sync = true (default)
2019-06-14 10:01:06,657 INFO  server.RaftServerConfigKeys (ConfUtils.java:logGet(43)) - raft.server.log.statemachine.data.sync.timeout = 10s (default)
2019-06-14 10:01:06,657 INFO  server.RaftServerConfigKeys (ConfUtils.java:logGet(43)) - raft.server.log.statemachine.data.sync.timeout.retry = -1 (default)
2019-06-14 10:01:06,657 INFO  server.RaftServerConfigKeys (ConfUtils.java:logGet(43)) - raft.server.log.statemachine.data.caching.enabled = true (custom)
2019-06-14 10:01:06,656 INFO  ratis.ContainerStateMachine (ContainerStateMachine.java:loadSnapshot(199)) - The snapshot info is null.Setting the last applied index to:(t:0, i:~)
2019-06-14 10:01:06,657 INFO  storage.RaftStorage (RaftStorage.java:format(75)) - Storage directory /opt/src/hadoop-ozone/integration-test/target/test-dir/MiniOzoneClusterImpl-b79a6205-7b5f-43da-95c3-5bf2e16134ee/datanode-2/data/ratis/81136981-52e8-426f-b5c1-6b1ab7fe24be has been successfully formatted.
2019-06-14 10:01:06,657 INFO  server.RaftServerConfigKeys (ConfUtils.java:logGet(43)) - raft.server.snapshot.auto.trigger.enabled = true (custom)
2019-06-14 10:01:06,657 INFO  ratis.ContainerStateMachine (ContainerStateMachine.java:loadSnapshot(199)) - The snapshot info is null.Setting the last applied index to:(t:0, i:~)
2019-06-14 10:01:06,657 INFO  server.RaftServerConfigKeys (ConfUtils.java:logGet(43)) - raft.server.leader.election.timeout = 120s (custom)
2019-06-14 10:01:06,657 INFO  server.RaftServerConfigKeys (ConfUtils.java:logGet(43)) - raft.server.leader.election.timeout = 120s (custom)
2019-06-14 10:01:06,657 INFO  server.RaftServerConfigKeys (ConfUtils.java:logGet(43)) - raft.server.snapshot.auto.trigger.threshold = 10000 (custom)
2019-06-14 10:01:06,658 INFO  server.RaftServerConfigKeys (ConfUtils.java:logGet(43)) - raft.server.log.use.memory = false (default)
2019-06-14 10:01:06,657 INFO  server.RaftServerConfigKeys (ConfUtils.java:logGet(43)) - raft.server.log.use.memory = false (default)
2019-06-14 10:01:06,658 INFO  server.RaftServerConfigKeys (ConfUtils.java:logGet(43)) - raft.server.log.appender.buffer.byte-limit = 33554432 (custom)
2019-06-14 10:01:06,658 INFO  server.RaftServerConfigKeys (ConfUtils.java:logGet(43)) - raft.server.log.segment.size.max = 16384 (custom)
2019-06-14 10:01:06,658 INFO  server.RaftServerConfigKeys (ConfUtils.java:logGet(43)) - raft.server.retrycache.expirytime = 600000ms (custom)
2019-06-14 10:01:06,658 INFO  server.RaftServerConfigKeys (ConfUtils.java:logGet(43)) - raft.server.log.segment.cache.num.max = 2 (custom)
2019-06-14 10:01:06,658 INFO  server.RaftServerConfigKeys (ConfUtils.java:logGet(43)) - raft.server.log.appender.buffer.byte-limit = 33554432 (custom)
2019-06-14 10:01:06,658 INFO  storage.RaftLogWorker (RaftLogWorker.java:<init>(123)) - new 3f826607-3be9-478d-8cd8-0087160c860d-RaftLogWorker for Storage Directory /opt/src/hadoop-ozone/integration-test/target/test-dir/MiniOzoneClusterImpl-b79a6205-7b5f-43da-95c3-5bf2e16134ee/datanode-2/data/ratis/81136981-52e8-426f-b5c1-6b1ab7fe24be
2019-06-14 10:01:06,658 INFO  server.RaftServerConfigKeys (ConfUtils.java:logGet(43)) - raft.server.log.queue.byte-limit = 2147483647 (custom)
2019-06-14 10:01:06,658 INFO  server.RaftServerConfigKeys (ConfUtils.java:logGet(43)) - raft.server.log.queue.element-limit = 1024 (custom)
2019-06-14 10:01:06,659 INFO  server.RaftServerConfigKeys (ConfUtils.java:logGet(43)) - raft.server.log.segment.size.max = 16384 (custom)
2019-06-14 10:01:06,659 INFO  server.RaftServerConfigKeys (ConfUtils.java:logGet(43)) - raft.server.log.preallocated.size = 16384 (custom)
2019-06-14 10:01:06,659 INFO  server.RaftServerConfigKeys (ConfUtils.java:logGet(43)) - raft.server.log.write.buffer.size = 33554432 (custom)
2019-06-14 10:01:06,659 INFO  server.RaftServerConfigKeys (ConfUtils.java:logGet(43)) - raft.server.log.force.sync.num = 128 (default)
2019-06-14 10:01:06,659 INFO  server.RaftServerConfigKeys (ConfUtils.java:logGet(43)) - raft.server.log.statemachine.data.sync = true (default)
2019-06-14 10:01:06,659 INFO  server.RaftServerConfigKeys (ConfUtils.java:logGet(43)) - raft.server.log.statemachine.data.sync.timeout = 10s (default)
2019-06-14 10:01:06,659 INFO  server.RaftServerConfigKeys (ConfUtils.java:logGet(43)) - raft.server.log.statemachine.data.sync.timeout.retry = -1 (default)
2019-06-14 10:01:06,658 INFO  impl.RaftServerImpl (RaftServerImpl.java:start(173)) - 97eb8041-3f51-43e4-a2e4-7cd770fc42d5: start group-6B1AB7FE24BE
2019-06-14 10:01:06,659 INFO  server.RaftServerConfigKeys (ConfUtils.java:logGet(43)) - raft.server.log.statemachine.data.caching.enabled = true (custom)
2019-06-14 10:01:06,658 INFO  server.RaftServerConfigKeys (ConfUtils.java:logGet(43)) - raft.server.log.segment.size.max = 16384 (custom)
2019-06-14 10:01:06,660 INFO  server.RaftServerConfigKeys (ConfUtils.java:logGet(43)) - raft.server.log.segment.cache.num.max = 2 (custom)
2019-06-14 10:01:06,660 INFO  storage.RaftLogWorker (RaftLogWorker.java:<init>(123)) - new c6f52c69-1ec8-401b-b44c-302b3bf109b1-RaftLogWorker for Storage Directory /opt/src/hadoop-ozone/integration-test/target/test-dir/MiniOzoneClusterImpl-b79a6205-7b5f-43da-95c3-5bf2e16134ee/datanode-1/data/ratis/81136981-52e8-426f-b5c1-6b1ab7fe24be
2019-06-14 10:01:06,660 INFO  server.RaftServerConfigKeys (ConfUtils.java:logGet(43)) - raft.server.log.queue.byte-limit = 2147483647 (custom)
2019-06-14 10:01:06,660 INFO  server.RaftServerConfigKeys (ConfUtils.java:logGet(43)) - raft.server.log.queue.element-limit = 1024 (custom)
2019-06-14 10:01:06,660 INFO  server.RaftServerConfigKeys (ConfUtils.java:logGet(43)) - raft.server.log.segment.size.max = 16384 (custom)
2019-06-14 10:01:06,660 INFO  server.RaftServerConfigKeys (ConfUtils.java:logGet(43)) - raft.server.log.preallocated.size = 16384 (custom)
2019-06-14 10:01:06,660 INFO  server.RaftServerConfigKeys (ConfUtils.java:logGet(43)) - raft.server.log.write.buffer.size = 33554432 (custom)
2019-06-14 10:01:06,660 INFO  server.RaftServerConfigKeys (ConfUtils.java:logGet(43)) - raft.server.log.force.sync.num = 128 (default)
2019-06-14 10:01:06,660 INFO  server.RaftServerConfigKeys (ConfUtils.java:logGet(43)) - raft.server.log.statemachine.data.sync = true (default)
2019-06-14 10:01:06,660 INFO  server.RaftServerConfigKeys (ConfUtils.java:logGet(43)) - raft.server.log.statemachine.data.sync.timeout = 10s (default)
2019-06-14 10:01:06,660 INFO  server.RaftServerConfigKeys (ConfUtils.java:logGet(43)) - raft.server.log.statemachine.data.sync.timeout.retry = -1 (default)
2019-06-14 10:01:06,659 INFO  impl.RaftServerImpl (RaftServerImpl.java:setRole(164)) - 97eb8041-3f51-43e4-a2e4-7cd770fc42d5:group-6B1AB7FE24BE changes role from null to FOLLOWER at term 0 for startAsFollower
2019-06-14 10:01:06,661 INFO  impl.RoleInfo (RoleInfo.java:updateAndGet(143)) - 97eb8041-3f51-43e4-a2e4-7cd770fc42d5: start FollowerState
2019-06-14 10:01:06,661 INFO  server.RaftServerConfigKeys (ConfUtils.java:logGet(43)) - raft.server.snapshot.auto.trigger.enabled = true (custom)
2019-06-14 10:01:06,661 INFO  server.RaftServerConfigKeys (ConfUtils.java:logGet(43)) - raft.server.log.statemachine.data.caching.enabled = true (custom)
2019-06-14 10:01:06,661 INFO  util.JmxRegister (JmxRegister.java:tryRegister(44)) - Successfully registered JMX Bean with object name Ratis:service=RaftServer,group=group-6B1AB7FE24BE,id=97eb8041-3f51-43e4-a2e4-7cd770fc42d5
2019-06-14 10:01:06,661 INFO  server.RaftServerConfigKeys (ConfUtils.java:logGet(43)) - raft.server.snapshot.auto.trigger.threshold = 10000 (custom)
2019-06-14 10:01:06,661 INFO  server.RaftServerConfigKeys (ConfUtils.java:logGet(43)) - raft.server.snapshot.auto.trigger.enabled = true (custom)
2019-06-14 10:01:06,661 INFO  server.RaftServerConfigKeys (ConfUtils.java:logGet(43)) - raft.server.retrycache.expirytime = 600000ms (custom)
2019-06-14 10:01:06,661 INFO  impl.RaftServerImpl (RaftServerImpl.java:start(173)) - 3f826607-3be9-478d-8cd8-0087160c860d: start group-6B1AB7FE24BE
2019-06-14 10:01:06,662 INFO  impl.RaftServerImpl (RaftServerImpl.java:setRole(164)) - 3f826607-3be9-478d-8cd8-0087160c860d:group-6B1AB7FE24BE changes role from null to FOLLOWER at term 0 for startAsFollower
2019-06-14 10:01:06,662 INFO  impl.RoleInfo (RoleInfo.java:updateAndGet(143)) - 3f826607-3be9-478d-8cd8-0087160c860d: start FollowerState
2019-06-14 10:01:06,661 INFO  server.RaftServerConfigKeys (ConfUtils.java:logGet(43)) - raft.server.snapshot.auto.trigger.threshold = 10000 (custom)
2019-06-14 10:01:06,662 INFO  server.RaftServerConfigKeys (ConfUtils.java:logGet(43)) - raft.server.retrycache.expirytime = 600000ms (custom)
2019-06-14 10:01:06,662 INFO  util.JmxRegister (JmxRegister.java:tryRegister(44)) - Successfully registered JMX Bean with object name Ratis:service=RaftServer,group=group-6B1AB7FE24BE,id=3f826607-3be9-478d-8cd8-0087160c860d
2019-06-14 10:01:06,662 INFO  impl.RaftServerImpl (RaftServerImpl.java:start(173)) - c6f52c69-1ec8-401b-b44c-302b3bf109b1: start group-6B1AB7FE24BE
2019-06-14 10:01:06,662 INFO  impl.RaftServerImpl (RaftServerImpl.java:setRole(164)) - c6f52c69-1ec8-401b-b44c-302b3bf109b1:group-6B1AB7FE24BE changes role from null to FOLLOWER at term 0 for startAsFollower
2019-06-14 10:01:06,662 INFO  impl.RoleInfo (RoleInfo.java:updateAndGet(143)) - c6f52c69-1ec8-401b-b44c-302b3bf109b1: start FollowerState
2019-06-14 10:01:06,663 INFO  util.JmxRegister (JmxRegister.java:tryRegister(44)) - Successfully registered JMX Bean with object name Ratis:service=RaftServer,group=group-6B1AB7FE24BE,id=c6f52c69-1ec8-401b-b44c-302b3bf109b1
2019-06-14 10:01:06,664 INFO  pipeline.PipelineStateManager (PipelineStateManager.java:addPipeline(56)) - Created pipeline Pipeline[ Id: 81136981-52e8-426f-b5c1-6b1ab7fe24be, Nodes: 97eb8041-3f51-43e4-a2e4-7cd770fc42d5{ip: 192.168.105.157, host: ozone-mm759-2607770056, networkLocation: /default-rack, certSerialId: null}c6f52c69-1ec8-401b-b44c-302b3bf109b1{ip: 192.168.105.157, host: ozone-mm759-2607770056, networkLocation: /default-rack, certSerialId: null}3f826607-3be9-478d-8cd8-0087160c860d{ip: 192.168.105.157, host: ozone-mm759-2607770056, networkLocation: /default-rack, certSerialId: null}, Type:RATIS, Factor:THREE, State:OPEN]
2019-06-14 10:01:06,779 INFO  node.SCMNodeManager (SCMNodeManager.java:register(234)) - Registered Data node : c8dde243-9181-473a-92e4-4f1117ae2063{ip: 192.168.105.157, host: ozone-mm759-2607770056, networkLocation: /default-rack, certSerialId: null}
2019-06-14 10:01:06,785 INFO  impl.RaftServerProxy (RaftServerProxy.java:addNew(89)) - c8dde243-9181-473a-92e4-4f1117ae2063: addNew group-13681992217A:[c8dde243-9181-473a-92e4-4f1117ae2063:192.168.105.157:43067] returns group-13681992217A:java.util.concurrent.CompletableFuture@3cfbfee[Not completed]
2019-06-14 10:01:06,785 INFO  impl.RaftServerImpl (RaftServerImpl.java:<init>(91)) - c8dde243-9181-473a-92e4-4f1117ae2063: new RaftServerImpl for group-13681992217A:[c8dde243-9181-473a-92e4-4f1117ae2063:192.168.105.157:43067] with ContainerStateMachine:uninitialized
2019-06-14 10:01:06,785 INFO  server.RaftServerConfigKeys (ConfUtils.java:logGet(43)) - raft.server.rpc.timeout.min = 1s (custom)
2019-06-14 10:01:06,786 INFO  server.RaftServerConfigKeys (ConfUtils.java:logGet(43)) - raft.server.rpc.timeout.max = 1200ms (custom)
2019-06-14 10:01:06,786 INFO  server.RaftServerConfigKeys (ConfUtils.java:logGet(43)) - raft.server.rpcslowness.timeout = 120s (custom)
2019-06-14 10:01:06,786 INFO  server.RaftServerConfigKeys (ConfUtils.java:logGet(43)) - raft.server.log.appender.install.snapshot.enabled = true (default)
2019-06-14 10:01:06,786 INFO  impl.RaftServerImpl (ServerState.java:<init>(101)) - c8dde243-9181-473a-92e4-4f1117ae2063:group-13681992217A ConfigurationManager, init=-1: [c8dde243-9181-473a-92e4-4f1117ae2063:192.168.105.157:43067], old=null, confs=<EMPTY_MAP>
2019-06-14 10:01:06,786 INFO  server.RaftServerConfigKeys (ConfUtils.java:logGet(43)) - raft.server.storage.dir = [/opt/src/hadoop-ozone/integration-test/target/test-dir/MiniOzoneClusterImpl-b79a6205-7b5f-43da-95c3-5bf2e16134ee/datanode-3/data/ratis] (custom)
2019-06-14 10:01:06,786 INFO  storage.RaftStorageDirectory (RaftStorageDirectory.java:analyzeStorage(246)) - The storage directory /opt/src/hadoop-ozone/integration-test/target/test-dir/MiniOzoneClusterImpl-b79a6205-7b5f-43da-95c3-5bf2e16134ee/datanode-3/data/ratis/9f7060c3-92aa-4544-84cf-13681992217a does not exist. Creating ...
2019-06-14 10:01:06,788 INFO  storage.RaftStorageDirectory (RaftStorageDirectory.java:tryLock(328)) - Lock on /opt/src/hadoop-ozone/integration-test/target/test-dir/MiniOzoneClusterImpl-b79a6205-7b5f-43da-95c3-5bf2e16134ee/datanode-3/data/ratis/9f7060c3-92aa-4544-84cf-13681992217a/in_use.lock acquired by nodename 13879@ozone-mm759-2607770056
2019-06-14 10:01:06,790 INFO  storage.RaftStorage (RaftStorage.java:format(75)) - Storage directory /opt/src/hadoop-ozone/integration-test/target/test-dir/MiniOzoneClusterImpl-b79a6205-7b5f-43da-95c3-5bf2e16134ee/datanode-3/data/ratis/9f7060c3-92aa-4544-84cf-13681992217a has been successfully formatted.
2019-06-14 10:01:06,790 INFO  ratis.ContainerStateMachine (ContainerStateMachine.java:loadSnapshot(199)) - The snapshot info is null.Setting the last applied index to:(t:0, i:~)
2019-06-14 10:01:06,790 INFO  server.RaftServerConfigKeys (ConfUtils.java:logGet(43)) - raft.server.leader.election.timeout = 120s (custom)
2019-06-14 10:01:06,790 INFO  server.RaftServerConfigKeys (ConfUtils.java:logGet(43)) - raft.server.log.use.memory = false (default)
2019-06-14 10:01:06,790 INFO  server.RaftServerConfigKeys (ConfUtils.java:logGet(43)) - raft.server.log.appender.buffer.byte-limit = 33554432 (custom)
2019-06-14 10:01:06,790 INFO  server.RaftServerConfigKeys (ConfUtils.java:logGet(43)) - raft.server.log.segment.size.max = 16384 (custom)
2019-06-14 10:01:06,790 INFO  server.RaftServerConfigKeys (ConfUtils.java:logGet(43)) - raft.server.log.segment.cache.num.max = 2 (custom)
2019-06-14 10:01:06,790 INFO  storage.RaftLogWorker (RaftLogWorker.java:<init>(123)) - new c8dde243-9181-473a-92e4-4f1117ae2063-RaftLogWorker for Storage Directory /opt/src/hadoop-ozone/integration-test/target/test-dir/MiniOzoneClusterImpl-b79a6205-7b5f-43da-95c3-5bf2e16134ee/datanode-3/data/ratis/9f7060c3-92aa-4544-84cf-13681992217a
2019-06-14 10:01:06,791 INFO  server.RaftServerConfigKeys (ConfUtils.java:logGet(43)) - raft.server.log.queue.byte-limit = 2147483647 (custom)
2019-06-14 10:01:06,791 INFO  server.RaftServerConfigKeys (ConfUtils.java:logGet(43)) - raft.server.log.queue.element-limit = 1024 (custom)
2019-06-14 10:01:06,791 INFO  server.RaftServerConfigKeys (ConfUtils.java:logGet(43)) - raft.server.log.segment.size.max = 16384 (custom)
2019-06-14 10:01:06,791 INFO  server.RaftServerConfigKeys (ConfUtils.java:logGet(43)) - raft.server.log.preallocated.size = 16384 (custom)
2019-06-14 10:01:06,791 INFO  server.RaftServerConfigKeys (ConfUtils.java:logGet(43)) - raft.server.log.write.buffer.size = 33554432 (custom)
2019-06-14 10:01:06,791 INFO  server.RaftServerConfigKeys (ConfUtils.java:logGet(43)) - raft.server.log.force.sync.num = 128 (default)
2019-06-14 10:01:06,791 INFO  server.RaftServerConfigKeys (ConfUtils.java:logGet(43)) - raft.server.log.statemachine.data.sync = true (default)
2019-06-14 10:01:06,791 INFO  server.RaftServerConfigKeys (ConfUtils.java:logGet(43)) - raft.server.log.statemachine.data.sync.timeout = 10s (default)
2019-06-14 10:01:06,791 INFO  server.RaftServerConfigKeys (ConfUtils.java:logGet(43)) - raft.server.log.statemachine.data.sync.timeout.retry = -1 (default)
2019-06-14 10:01:06,791 INFO  server.RaftServerConfigKeys (ConfUtils.java:logGet(43)) - raft.server.log.statemachine.data.caching.enabled = true (custom)
2019-06-14 10:01:06,791 INFO  server.RaftServerConfigKeys (ConfUtils.java:logGet(43)) - raft.server.snapshot.auto.trigger.enabled = true (custom)
2019-06-14 10:01:06,791 INFO  server.RaftServerConfigKeys (ConfUtils.java:logGet(43)) - raft.server.snapshot.auto.trigger.threshold = 10000 (custom)
2019-06-14 10:01:06,791 INFO  server.RaftServerConfigKeys (ConfUtils.java:logGet(43)) - raft.server.retrycache.expirytime = 600000ms (custom)
2019-06-14 10:01:06,792 INFO  impl.RaftServerImpl (RaftServerImpl.java:start(173)) - c8dde243-9181-473a-92e4-4f1117ae2063: start group-13681992217A
2019-06-14 10:01:06,792 INFO  impl.RaftServerImpl (RaftServerImpl.java:setRole(164)) - c8dde243-9181-473a-92e4-4f1117ae2063:group-13681992217A changes role from null to FOLLOWER at term 0 for startAsFollower
2019-06-14 10:01:06,792 INFO  impl.RoleInfo (RoleInfo.java:updateAndGet(143)) - c8dde243-9181-473a-92e4-4f1117ae2063: start FollowerState
2019-06-14 10:01:06,792 INFO  util.JmxRegister (JmxRegister.java:tryRegister(44)) - Successfully registered JMX Bean with object name Ratis:service=RaftServer,group=group-13681992217A,id=c8dde243-9181-473a-92e4-4f1117ae2063
2019-06-14 10:01:06,793 INFO  pipeline.PipelineStateManager (PipelineStateManager.java:addPipeline(56)) - Created pipeline Pipeline[ Id: 9f7060c3-92aa-4544-84cf-13681992217a, Nodes: c8dde243-9181-473a-92e4-4f1117ae2063{ip: 192.168.105.157, host: ozone-mm759-2607770056, networkLocation: /default-rack, certSerialId: null}, Type:RATIS, Factor:ONE, State:OPEN]
2019-06-14 10:01:06,942 INFO  node.SCMNodeManager (SCMNodeManager.java:register(234)) - Registered Data node : bd3eb131-f8c0-472f-9409-1e784d0329ae{ip: 192.168.105.157, host: ozone-mm759-2607770056, networkLocation: /default-rack, certSerialId: null}
2019-06-14 10:01:06,948 INFO  impl.RaftServerProxy (RaftServerProxy.java:addNew(89)) - bd3eb131-f8c0-472f-9409-1e784d0329ae: addNew group-BC91F9BDA76F:[bd3eb131-f8c0-472f-9409-1e784d0329ae:192.168.105.157:37525] returns group-BC91F9BDA76F:java.util.concurrent.CompletableFuture@6e0235a2[Not completed]
2019-06-14 10:01:06,949 INFO  impl.RaftServerImpl (RaftServerImpl.java:<init>(91)) - bd3eb131-f8c0-472f-9409-1e784d0329ae: new RaftServerImpl for group-BC91F9BDA76F:[bd3eb131-f8c0-472f-9409-1e784d0329ae:192.168.105.157:37525] with ContainerStateMachine:uninitialized
2019-06-14 10:01:06,949 INFO  server.RaftServerConfigKeys (ConfUtils.java:logGet(43)) - raft.server.rpc.timeout.min = 1s (custom)
2019-06-14 10:01:06,949 INFO  server.RaftServerConfigKeys (ConfUtils.java:logGet(43)) - raft.server.rpc.timeout.max = 1200ms (custom)
2019-06-14 10:01:06,949 INFO  server.RaftServerConfigKeys (ConfUtils.java:logGet(43)) - raft.server.rpcslowness.timeout = 120s (custom)
2019-06-14 10:01:06,949 INFO  server.RaftServerConfigKeys (ConfUtils.java:logGet(43)) - raft.server.log.appender.install.snapshot.enabled = true (default)
2019-06-14 10:01:06,949 INFO  impl.RaftServerImpl (ServerState.java:<init>(101)) - bd3eb131-f8c0-472f-9409-1e784d0329ae:group-BC91F9BDA76F ConfigurationManager, init=-1: [bd3eb131-f8c0-472f-9409-1e784d0329ae:192.168.105.157:37525], old=null, confs=<EMPTY_MAP>
2019-06-14 10:01:06,949 INFO  server.RaftServerConfigKeys (ConfUtils.java:logGet(43)) - raft.server.storage.dir = [/opt/src/hadoop-ozone/integration-test/target/test-dir/MiniOzoneClusterImpl-b79a6205-7b5f-43da-95c3-5bf2e16134ee/datanode-4/data/ratis] (custom)
2019-06-14 10:01:06,949 INFO  storage.RaftStorageDirectory (RaftStorageDirectory.java:analyzeStorage(246)) - The storage directory /opt/src/hadoop-ozone/integration-test/target/test-dir/MiniOzoneClusterImpl-b79a6205-7b5f-43da-95c3-5bf2e16134ee/datanode-4/data/ratis/cde036e2-b131-4c8e-b14f-bc91f9bda76f does not exist. Creating ...
2019-06-14 10:01:06,951 INFO  storage.RaftStorageDirectory (RaftStorageDirectory.java:tryLock(328)) - Lock on /opt/src/hadoop-ozone/integration-test/target/test-dir/MiniOzoneClusterImpl-b79a6205-7b5f-43da-95c3-5bf2e16134ee/datanode-4/data/ratis/cde036e2-b131-4c8e-b14f-bc91f9bda76f/in_use.lock acquired by nodename 13879@ozone-mm759-2607770056
2019-06-14 10:01:06,954 INFO  storage.RaftStorage (RaftStorage.java:format(75)) - Storage directory /opt/src/hadoop-ozone/integration-test/target/test-dir/MiniOzoneClusterImpl-b79a6205-7b5f-43da-95c3-5bf2e16134ee/datanode-4/data/ratis/cde036e2-b131-4c8e-b14f-bc91f9bda76f has been successfully formatted.
2019-06-14 10:01:06,954 INFO  ratis.ContainerStateMachine (ContainerStateMachine.java:loadSnapshot(199)) - The snapshot info is null.Setting the last applied index to:(t:0, i:~)
2019-06-14 10:01:06,954 INFO  server.RaftServerConfigKeys (ConfUtils.java:logGet(43)) - raft.server.leader.election.timeout = 120s (custom)
2019-06-14 10:01:06,954 INFO  server.RaftServerConfigKeys (ConfUtils.java:logGet(43)) - raft.server.log.use.memory = false (default)
2019-06-14 10:01:06,954 INFO  server.RaftServerConfigKeys (ConfUtils.java:logGet(43)) - raft.server.log.appender.buffer.byte-limit = 33554432 (custom)
2019-06-14 10:01:06,954 INFO  server.RaftServerConfigKeys (ConfUtils.java:logGet(43)) - raft.server.log.segment.size.max = 16384 (custom)
2019-06-14 10:01:06,954 INFO  server.RaftServerConfigKeys (ConfUtils.java:logGet(43)) - raft.server.log.segment.cache.num.max = 2 (custom)
2019-06-14 10:01:06,954 INFO  storage.RaftLogWorker (RaftLogWorker.java:<init>(123)) - new bd3eb131-f8c0-472f-9409-1e784d0329ae-RaftLogWorker for Storage Directory /opt/src/hadoop-ozone/integration-test/target/test-dir/MiniOzoneClusterImpl-b79a6205-7b5f-43da-95c3-5bf2e16134ee/datanode-4/data/ratis/cde036e2-b131-4c8e-b14f-bc91f9bda76f
2019-06-14 10:01:06,954 INFO  server.RaftServerConfigKeys (ConfUtils.java:logGet(43)) - raft.server.log.queue.byte-limit = 2147483647 (custom)
2019-06-14 10:01:06,954 INFO  server.RaftServerConfigKeys (ConfUtils.java:logGet(43)) - raft.server.log.queue.element-limit = 1024 (custom)
2019-06-14 10:01:06,954 INFO  server.RaftServerConfigKeys (ConfUtils.java:logGet(43)) - raft.server.log.segment.size.max = 16384 (custom)
2019-06-14 10:01:06,954 INFO  server.RaftServerConfigKeys (ConfUtils.java:logGet(43)) - raft.server.log.preallocated.size = 16384 (custom)
2019-06-14 10:01:06,954 INFO  server.RaftServerConfigKeys (ConfUtils.java:logGet(43)) - raft.server.log.write.buffer.size = 33554432 (custom)
2019-06-14 10:01:06,954 INFO  server.RaftServerConfigKeys (ConfUtils.java:logGet(43)) - raft.server.log.force.sync.num = 128 (default)
2019-06-14 10:01:06,954 INFO  server.RaftServerConfigKeys (ConfUtils.java:logGet(43)) - raft.server.log.statemachine.data.sync = true (default)
2019-06-14 10:01:06,954 INFO  server.RaftServerConfigKeys (ConfUtils.java:logGet(43)) - raft.server.log.statemachine.data.sync.timeout = 10s (default)
2019-06-14 10:01:06,955 INFO  server.RaftServerConfigKeys (ConfUtils.java:logGet(43)) - raft.server.log.statemachine.data.sync.timeout.retry = -1 (default)
2019-06-14 10:01:06,955 INFO  server.RaftServerConfigKeys (ConfUtils.java:logGet(43)) - raft.server.log.statemachine.data.caching.enabled = true (custom)
2019-06-14 10:01:06,955 INFO  server.RaftServerConfigKeys (ConfUtils.java:logGet(43)) - raft.server.snapshot.auto.trigger.enabled = true (custom)
2019-06-14 10:01:06,955 INFO  server.RaftServerConfigKeys (ConfUtils.java:logGet(43)) - raft.server.snapshot.auto.trigger.threshold = 10000 (custom)
2019-06-14 10:01:06,955 INFO  server.RaftServerConfigKeys (ConfUtils.java:logGet(43)) - raft.server.retrycache.expirytime = 600000ms (custom)
2019-06-14 10:01:06,955 INFO  impl.RaftServerImpl (RaftServerImpl.java:start(173)) - bd3eb131-f8c0-472f-9409-1e784d0329ae: start group-BC91F9BDA76F
2019-06-14 10:01:06,955 INFO  impl.RaftServerImpl (RaftServerImpl.java:setRole(164)) - bd3eb131-f8c0-472f-9409-1e784d0329ae:group-BC91F9BDA76F changes role from null to FOLLOWER at term 0 for startAsFollower
2019-06-14 10:01:06,955 INFO  impl.RoleInfo (RoleInfo.java:updateAndGet(143)) - bd3eb131-f8c0-472f-9409-1e784d0329ae: start FollowerState
2019-06-14 10:01:06,955 INFO  util.JmxRegister (JmxRegister.java:tryRegister(44)) - Successfully registered JMX Bean with object name Ratis:service=RaftServer,group=group-BC91F9BDA76F,id=bd3eb131-f8c0-472f-9409-1e784d0329ae
2019-06-14 10:01:06,957 INFO  pipeline.PipelineStateManager (PipelineStateManager.java:addPipeline(56)) - Created pipeline Pipeline[ Id: cde036e2-b131-4c8e-b14f-bc91f9bda76f, Nodes: bd3eb131-f8c0-472f-9409-1e784d0329ae{ip: 192.168.105.157, host: ozone-mm759-2607770056, networkLocation: /default-rack, certSerialId: null}, Type:RATIS, Factor:ONE, State:OPEN]
2019-06-14 10:01:07,142 INFO  ozone.MiniOzoneClusterImpl (MiniOzoneClusterImpl.java:lambda$waitForClusterToBeReady$0(142)) - Waiting for cluster to be ready. Got 5 of 6 DN Heartbeats.
2019-06-14 10:01:07,144 INFO  node.SCMNodeManager (SCMNodeManager.java:register(234)) - Registered Data node : 69879625-cac2-4a9b-90a8-7b5f28f07273{ip: 192.168.105.157, host: ozone-mm759-2607770056, networkLocation: /default-rack, certSerialId: null}
2019-06-14 10:01:07,150 INFO  impl.RaftServerProxy (RaftServerProxy.java:addNew(89)) - 69879625-cac2-4a9b-90a8-7b5f28f07273: addNew group-4F4E0D55FAB3:[69879625-cac2-4a9b-90a8-7b5f28f07273:192.168.105.157:43987] returns group-4F4E0D55FAB3:java.util.concurrent.CompletableFuture@6e211382[Not completed]
2019-06-14 10:01:07,150 INFO  impl.RaftServerImpl (RaftServerImpl.java:<init>(91)) - 69879625-cac2-4a9b-90a8-7b5f28f07273: new RaftServerImpl for group-4F4E0D55FAB3:[69879625-cac2-4a9b-90a8-7b5f28f07273:192.168.105.157:43987] with ContainerStateMachine:uninitialized
2019-06-14 10:01:07,150 INFO  server.RaftServerConfigKeys (ConfUtils.java:logGet(43)) - raft.server.rpc.timeout.min = 1s (custom)
2019-06-14 10:01:07,151 INFO  server.RaftServerConfigKeys (ConfUtils.java:logGet(43)) - raft.server.rpc.timeout.max = 1200ms (custom)
2019-06-14 10:01:07,151 INFO  server.RaftServerConfigKeys (ConfUtils.java:logGet(43)) - raft.server.rpcslowness.timeout = 120s (custom)
2019-06-14 10:01:07,151 INFO  server.RaftServerConfigKeys (ConfUtils.java:logGet(43)) - raft.server.log.appender.install.snapshot.enabled = true (default)
2019-06-14 10:01:07,151 INFO  impl.RaftServerImpl (ServerState.java:<init>(101)) - 69879625-cac2-4a9b-90a8-7b5f28f07273:group-4F4E0D55FAB3 ConfigurationManager, init=-1: [69879625-cac2-4a9b-90a8-7b5f28f07273:192.168.105.157:43987], old=null, confs=<EMPTY_MAP>
2019-06-14 10:01:07,151 INFO  server.RaftServerConfigKeys (ConfUtils.java:logGet(43)) - raft.server.storage.dir = [/opt/src/hadoop-ozone/integration-test/target/test-dir/MiniOzoneClusterImpl-b79a6205-7b5f-43da-95c3-5bf2e16134ee/datanode-5/data/ratis] (custom)
2019-06-14 10:01:07,151 INFO  storage.RaftStorageDirectory (RaftStorageDirectory.java:analyzeStorage(246)) - The storage directory /opt/src/hadoop-ozone/integration-test/target/test-dir/MiniOzoneClusterImpl-b79a6205-7b5f-43da-95c3-5bf2e16134ee/datanode-5/data/ratis/4c3bb57a-6453-4484-a257-4f4e0d55fab3 does not exist. Creating ...
2019-06-14 10:01:07,153 INFO  storage.RaftStorageDirectory (RaftStorageDirectory.java:tryLock(328)) - Lock on /opt/src/hadoop-ozone/integration-test/target/test-dir/MiniOzoneClusterImpl-b79a6205-7b5f-43da-95c3-5bf2e16134ee/datanode-5/data/ratis/4c3bb57a-6453-4484-a257-4f4e0d55fab3/in_use.lock acquired by nodename 13879@ozone-mm759-2607770056
2019-06-14 10:01:07,155 INFO  storage.RaftStorage (RaftStorage.java:format(75)) - Storage directory /opt/src/hadoop-ozone/integration-test/target/test-dir/MiniOzoneClusterImpl-b79a6205-7b5f-43da-95c3-5bf2e16134ee/datanode-5/data/ratis/4c3bb57a-6453-4484-a257-4f4e0d55fab3 has been successfully formatted.
2019-06-14 10:01:07,155 INFO  ratis.ContainerStateMachine (ContainerStateMachine.java:loadSnapshot(199)) - The snapshot info is null.Setting the last applied index to:(t:0, i:~)
2019-06-14 10:01:07,155 INFO  server.RaftServerConfigKeys (ConfUtils.java:logGet(43)) - raft.server.leader.election.timeout = 120s (custom)
2019-06-14 10:01:07,155 INFO  server.RaftServerConfigKeys (ConfUtils.java:logGet(43)) - raft.server.log.use.memory = false (default)
2019-06-14 10:01:07,156 INFO  server.RaftServerConfigKeys (ConfUtils.java:logGet(43)) - raft.server.log.appender.buffer.byte-limit = 33554432 (custom)
2019-06-14 10:01:07,156 INFO  server.RaftServerConfigKeys (ConfUtils.java:logGet(43)) - raft.server.log.segment.size.max = 16384 (custom)
2019-06-14 10:01:07,156 INFO  server.RaftServerConfigKeys (ConfUtils.java:logGet(43)) - raft.server.log.segment.cache.num.max = 2 (custom)
2019-06-14 10:01:07,156 INFO  storage.RaftLogWorker (RaftLogWorker.java:<init>(123)) - new 69879625-cac2-4a9b-90a8-7b5f28f07273-RaftLogWorker for Storage Directory /opt/src/hadoop-ozone/integration-test/target/test-dir/MiniOzoneClusterImpl-b79a6205-7b5f-43da-95c3-5bf2e16134ee/datanode-5/data/ratis/4c3bb57a-6453-4484-a257-4f4e0d55fab3
2019-06-14 10:01:07,156 INFO  server.RaftServerConfigKeys (ConfUtils.java:logGet(43)) - raft.server.log.queue.byte-limit = 2147483647 (custom)
2019-06-14 10:01:07,156 INFO  server.RaftServerConfigKeys (ConfUtils.java:logGet(43)) - raft.server.log.queue.element-limit = 1024 (custom)
2019-06-14 10:01:07,156 INFO  server.RaftServerConfigKeys (ConfUtils.java:logGet(43)) - raft.server.log.segment.size.max = 16384 (custom)
2019-06-14 10:01:07,156 INFO  server.RaftServerConfigKeys (ConfUtils.java:logGet(43)) - raft.server.log.preallocated.size = 16384 (custom)
2019-06-14 10:01:07,156 INFO  server.RaftServerConfigKeys (ConfUtils.java:logGet(43)) - raft.server.log.write.buffer.size = 33554432 (custom)
2019-06-14 10:01:07,156 INFO  server.RaftServerConfigKeys (ConfUtils.java:logGet(43)) - raft.server.log.force.sync.num = 128 (default)
2019-06-14 10:01:07,156 INFO  server.RaftServerConfigKeys (ConfUtils.java:logGet(43)) - raft.server.log.statemachine.data.sync = true (default)
2019-06-14 10:01:07,156 INFO  server.RaftServerConfigKeys (ConfUtils.java:logGet(43)) - raft.server.log.statemachine.data.sync.timeout = 10s (default)
2019-06-14 10:01:07,156 INFO  server.RaftServerConfigKeys (ConfUtils.java:logGet(43)) - raft.server.log.statemachine.data.sync.timeout.retry = -1 (default)
2019-06-14 10:01:07,156 INFO  server.RaftServerConfigKeys (ConfUtils.java:logGet(43)) - raft.server.log.statemachine.data.caching.enabled = true (custom)
2019-06-14 10:01:07,157 INFO  server.RaftServerConfigKeys (ConfUtils.java:logGet(43)) - raft.server.snapshot.auto.trigger.enabled = true (custom)
2019-06-14 10:01:07,157 INFO  server.RaftServerConfigKeys (ConfUtils.java:logGet(43)) - raft.server.snapshot.auto.trigger.threshold = 10000 (custom)
2019-06-14 10:01:07,157 INFO  server.RaftServerConfigKeys (ConfUtils.java:logGet(43)) - raft.server.retrycache.expirytime = 600000ms (custom)
2019-06-14 10:01:07,157 INFO  impl.RaftServerImpl (RaftServerImpl.java:start(173)) - 69879625-cac2-4a9b-90a8-7b5f28f07273: start group-4F4E0D55FAB3
2019-06-14 10:01:07,157 INFO  impl.RaftServerImpl (RaftServerImpl.java:setRole(164)) - 69879625-cac2-4a9b-90a8-7b5f28f07273:group-4F4E0D55FAB3 changes role from null to FOLLOWER at term 0 for startAsFollower
2019-06-14 10:01:07,157 INFO  impl.RoleInfo (RoleInfo.java:updateAndGet(143)) - 69879625-cac2-4a9b-90a8-7b5f28f07273: start FollowerState
2019-06-14 10:01:07,157 INFO  util.JmxRegister (JmxRegister.java:tryRegister(44)) - Successfully registered JMX Bean with object name Ratis:service=RaftServer,group=group-4F4E0D55FAB3,id=69879625-cac2-4a9b-90a8-7b5f28f07273
2019-06-14 10:01:07,158 INFO  pipeline.PipelineStateManager (PipelineStateManager.java:addPipeline(56)) - Created pipeline Pipeline[ Id: 4c3bb57a-6453-4484-a257-4f4e0d55fab3, Nodes: 69879625-cac2-4a9b-90a8-7b5f28f07273{ip: 192.168.105.157, host: ozone-mm759-2607770056, networkLocation: /default-rack, certSerialId: null}, Type:RATIS, Factor:ONE, State:OPEN]
2019-06-14 10:01:07,164 INFO  impl.RaftServerProxy (RaftServerProxy.java:addNew(89)) - 69879625-cac2-4a9b-90a8-7b5f28f07273: addNew group-A53638CEC8BA:[bd3eb131-f8c0-472f-9409-1e784d0329ae:192.168.105.157:37525, c8dde243-9181-473a-92e4-4f1117ae2063:192.168.105.157:43067, 69879625-cac2-4a9b-90a8-7b5f28f07273:192.168.105.157:43987] returns group-A53638CEC8BA:java.util.concurrent.CompletableFuture@56a9f915[Not completed]
2019-06-14 10:01:07,168 INFO  impl.RaftServerProxy (RaftServerProxy.java:addNew(89)) - c8dde243-9181-473a-92e4-4f1117ae2063: addNew group-A53638CEC8BA:[bd3eb131-f8c0-472f-9409-1e784d0329ae:192.168.105.157:37525, c8dde243-9181-473a-92e4-4f1117ae2063:192.168.105.157:43067, 69879625-cac2-4a9b-90a8-7b5f28f07273:192.168.105.157:43987] returns group-A53638CEC8BA:java.util.concurrent.CompletableFuture@51f4e9fa[Not completed]
2019-06-14 10:01:07,168 INFO  impl.RaftServerImpl (RaftServerImpl.java:<init>(91)) - 69879625-cac2-4a9b-90a8-7b5f28f07273: new RaftServerImpl for group-A53638CEC8BA:[bd3eb131-f8c0-472f-9409-1e784d0329ae:192.168.105.157:37525, c8dde243-9181-473a-92e4-4f1117ae2063:192.168.105.157:43067, 69879625-cac2-4a9b-90a8-7b5f28f07273:192.168.105.157:43987] with ContainerStateMachine:uninitialized
2019-06-14 10:01:07,169 INFO  server.RaftServerConfigKeys (ConfUtils.java:logGet(43)) - raft.server.rpc.timeout.min = 1s (custom)
2019-06-14 10:01:07,169 INFO  server.RaftServerConfigKeys (ConfUtils.java:logGet(43)) - raft.server.rpc.timeout.max = 1200ms (custom)
2019-06-14 10:01:07,169 INFO  impl.RaftServerImpl (RaftServerImpl.java:<init>(91)) - c8dde243-9181-473a-92e4-4f1117ae2063: new RaftServerImpl for group-A53638CEC8BA:[bd3eb131-f8c0-472f-9409-1e784d0329ae:192.168.105.157:37525, c8dde243-9181-473a-92e4-4f1117ae2063:192.168.105.157:43067, 69879625-cac2-4a9b-90a8-7b5f28f07273:192.168.105.157:43987] with ContainerStateMachine:uninitialized
2019-06-14 10:01:07,169 INFO  server.RaftServerConfigKeys (ConfUtils.java:logGet(43)) - raft.server.rpc.timeout.min = 1s (custom)
2019-06-14 10:01:07,169 INFO  server.RaftServerConfigKeys (ConfUtils.java:logGet(43)) - raft.server.rpc.timeout.max = 1200ms (custom)
2019-06-14 10:01:07,169 INFO  server.RaftServerConfigKeys (ConfUtils.java:logGet(43)) - raft.server.rpcslowness.timeout = 120s (custom)
2019-06-14 10:01:07,169 INFO  server.RaftServerConfigKeys (ConfUtils.java:logGet(43)) - raft.server.log.appender.install.snapshot.enabled = true (default)
2019-06-14 10:01:07,169 INFO  server.RaftServerConfigKeys (ConfUtils.java:logGet(43)) - raft.server.rpcslowness.timeout = 120s (custom)
2019-06-14 10:01:07,169 INFO  server.RaftServerConfigKeys (ConfUtils.java:logGet(43)) - raft.server.log.appender.install.snapshot.enabled = true (default)
2019-06-14 10:01:07,169 INFO  impl.RaftServerImpl (ServerState.java:<init>(101)) - 69879625-cac2-4a9b-90a8-7b5f28f07273:group-A53638CEC8BA ConfigurationManager, init=-1: [bd3eb131-f8c0-472f-9409-1e784d0329ae:192.168.105.157:37525, c8dde243-9181-473a-92e4-4f1117ae2063:192.168.105.157:43067, 69879625-cac2-4a9b-90a8-7b5f28f07273:192.168.105.157:43987], old=null, confs=<EMPTY_MAP>
2019-06-14 10:01:07,169 INFO  impl.RaftServerImpl (ServerState.java:<init>(101)) - c8dde243-9181-473a-92e4-4f1117ae2063:group-A53638CEC8BA ConfigurationManager, init=-1: [bd3eb131-f8c0-472f-9409-1e784d0329ae:192.168.105.157:37525, c8dde243-9181-473a-92e4-4f1117ae2063:192.168.105.157:43067, 69879625-cac2-4a9b-90a8-7b5f28f07273:192.168.105.157:43987], old=null, confs=<EMPTY_MAP>
2019-06-14 10:01:07,169 INFO  server.RaftServerConfigKeys (ConfUtils.java:logGet(43)) - raft.server.storage.dir = [/opt/src/hadoop-ozone/integration-test/target/test-dir/MiniOzoneClusterImpl-b79a6205-7b5f-43da-95c3-5bf2e16134ee/datanode-3/data/ratis] (custom)
2019-06-14 10:01:07,170 INFO  storage.RaftStorageDirectory (RaftStorageDirectory.java:analyzeStorage(246)) - The storage directory /opt/src/hadoop-ozone/integration-test/target/test-dir/MiniOzoneClusterImpl-b79a6205-7b5f-43da-95c3-5bf2e16134ee/datanode-3/data/ratis/72bb6241-778e-4580-9442-a53638cec8ba does not exist. Creating ...
2019-06-14 10:01:07,170 INFO  server.RaftServerConfigKeys (ConfUtils.java:logGet(43)) - raft.server.storage.dir = [/opt/src/hadoop-ozone/integration-test/target/test-dir/MiniOzoneClusterImpl-b79a6205-7b5f-43da-95c3-5bf2e16134ee/datanode-5/data/ratis] (custom)
2019-06-14 10:01:07,170 INFO  storage.RaftStorageDirectory (RaftStorageDirectory.java:analyzeStorage(246)) - The storage directory /opt/src/hadoop-ozone/integration-test/target/test-dir/MiniOzoneClusterImpl-b79a6205-7b5f-43da-95c3-5bf2e16134ee/datanode-5/data/ratis/72bb6241-778e-4580-9442-a53638cec8ba does not exist. Creating ...
2019-06-14 10:01:07,172 INFO  storage.RaftStorageDirectory (RaftStorageDirectory.java:tryLock(328)) - Lock on /opt/src/hadoop-ozone/integration-test/target/test-dir/MiniOzoneClusterImpl-b79a6205-7b5f-43da-95c3-5bf2e16134ee/datanode-3/data/ratis/72bb6241-778e-4580-9442-a53638cec8ba/in_use.lock acquired by nodename 13879@ozone-mm759-2607770056
2019-06-14 10:01:07,173 INFO  storage.RaftStorage (RaftStorage.java:format(75)) - Storage directory /opt/src/hadoop-ozone/integration-test/target/test-dir/MiniOzoneClusterImpl-b79a6205-7b5f-43da-95c3-5bf2e16134ee/datanode-3/data/ratis/72bb6241-778e-4580-9442-a53638cec8ba has been successfully formatted.
2019-06-14 10:01:07,174 INFO  ratis.ContainerStateMachine (ContainerStateMachine.java:loadSnapshot(199)) - The snapshot info is null.Setting the last applied index to:(t:0, i:~)
2019-06-14 10:01:07,174 INFO  server.RaftServerConfigKeys (ConfUtils.java:logGet(43)) - raft.server.leader.election.timeout = 120s (custom)
2019-06-14 10:01:07,174 INFO  server.RaftServerConfigKeys (ConfUtils.java:logGet(43)) - raft.server.log.use.memory = false (default)
2019-06-14 10:01:07,174 INFO  server.RaftServerConfigKeys (ConfUtils.java:logGet(43)) - raft.server.log.appender.buffer.byte-limit = 33554432 (custom)
2019-06-14 10:01:07,174 INFO  server.RaftServerConfigKeys (ConfUtils.java:logGet(43)) - raft.server.log.segment.size.max = 16384 (custom)
2019-06-14 10:01:07,174 INFO  server.RaftServerConfigKeys (ConfUtils.java:logGet(43)) - raft.server.log.segment.cache.num.max = 2 (custom)
2019-06-14 10:01:07,174 INFO  storage.RaftLogWorker (RaftLogWorker.java:<init>(123)) - new c8dde243-9181-473a-92e4-4f1117ae2063-RaftLogWorker for Storage Directory /opt/src/hadoop-ozone/integration-test/target/test-dir/MiniOzoneClusterImpl-b79a6205-7b5f-43da-95c3-5bf2e16134ee/datanode-3/data/ratis/72bb6241-778e-4580-9442-a53638cec8ba
2019-06-14 10:01:07,174 INFO  server.RaftServerConfigKeys (ConfUtils.java:logGet(43)) - raft.server.log.queue.byte-limit = 2147483647 (custom)
2019-06-14 10:01:07,174 INFO  server.RaftServerConfigKeys (ConfUtils.java:logGet(43)) - raft.server.log.queue.element-limit = 1024 (custom)
2019-06-14 10:01:07,174 INFO  server.RaftServerConfigKeys (ConfUtils.java:logGet(43)) - raft.server.log.segment.size.max = 16384 (custom)
2019-06-14 10:01:07,174 INFO  server.RaftServerConfigKeys (ConfUtils.java:logGet(43)) - raft.server.log.preallocated.size = 16384 (custom)
2019-06-14 10:01:07,174 INFO  server.RaftServerConfigKeys (ConfUtils.java:logGet(43)) - raft.server.log.write.buffer.size = 33554432 (custom)
2019-06-14 10:01:07,174 INFO  server.RaftServerConfigKeys (ConfUtils.java:logGet(43)) - raft.server.log.force.sync.num = 128 (default)
2019-06-14 10:01:07,175 INFO  server.RaftServerConfigKeys (ConfUtils.java:logGet(43)) - raft.server.log.statemachine.data.sync = true (default)
2019-06-14 10:01:07,175 INFO  server.RaftServerConfigKeys (ConfUtils.java:logGet(43)) - raft.server.log.statemachine.data.sync.timeout = 10s (default)
2019-06-14 10:01:07,175 INFO  server.RaftServerConfigKeys (ConfUtils.java:logGet(43)) - raft.server.log.statemachine.data.sync.timeout.retry = -1 (default)
2019-06-14 10:01:07,175 INFO  server.RaftServerConfigKeys (ConfUtils.java:logGet(43)) - raft.server.log.statemachine.data.caching.enabled = true (custom)
2019-06-14 10:01:07,175 INFO  impl.RaftServerProxy (RaftServerProxy.java:addNew(89)) - bd3eb131-f8c0-472f-9409-1e784d0329ae: addNew group-A53638CEC8BA:[bd3eb131-f8c0-472f-9409-1e784d0329ae:192.168.105.157:37525, c8dde243-9181-473a-92e4-4f1117ae2063:192.168.105.157:43067, 69879625-cac2-4a9b-90a8-7b5f28f07273:192.168.105.157:43987] returns group-A53638CEC8BA:java.util.concurrent.CompletableFuture@37af5d45[Not completed]
2019-06-14 10:01:07,175 INFO  server.RaftServerConfigKeys (ConfUtils.java:logGet(43)) - raft.server.snapshot.auto.trigger.enabled = true (custom)
2019-06-14 10:01:07,175 INFO  server.RaftServerConfigKeys (ConfUtils.java:logGet(43)) - raft.server.snapshot.auto.trigger.threshold = 10000 (custom)
2019-06-14 10:01:07,175 INFO  server.RaftServerConfigKeys (ConfUtils.java:logGet(43)) - raft.server.retrycache.expirytime = 600000ms (custom)
2019-06-14 10:01:07,176 INFO  impl.RaftServerImpl (RaftServerImpl.java:start(173)) - c8dde243-9181-473a-92e4-4f1117ae2063: start group-A53638CEC8BA
2019-06-14 10:01:07,176 INFO  impl.RaftServerImpl (RaftServerImpl.java:setRole(164)) - c8dde243-9181-473a-92e4-4f1117ae2063:group-A53638CEC8BA changes role from null to FOLLOWER at term 0 for startAsFollower
2019-06-14 10:01:07,176 INFO  impl.RoleInfo (RoleInfo.java:updateAndGet(143)) - c8dde243-9181-473a-92e4-4f1117ae2063: start FollowerState
2019-06-14 10:01:07,176 INFO  impl.RaftServerImpl (RaftServerImpl.java:<init>(91)) - bd3eb131-f8c0-472f-9409-1e784d0329ae: new RaftServerImpl for group-A53638CEC8BA:[bd3eb131-f8c0-472f-9409-1e784d0329ae:192.168.105.157:37525, c8dde243-9181-473a-92e4-4f1117ae2063:192.168.105.157:43067, 69879625-cac2-4a9b-90a8-7b5f28f07273:192.168.105.157:43987] with ContainerStateMachine:uninitialized
2019-06-14 10:01:07,176 INFO  util.JmxRegister (JmxRegister.java:tryRegister(44)) - Successfully registered JMX Bean with object name Ratis:service=RaftServer,group=group-A53638CEC8BA,id=c8dde243-9181-473a-92e4-4f1117ae2063
2019-06-14 10:01:07,176 INFO  storage.RaftStorageDirectory (RaftStorageDirectory.java:tryLock(328)) - Lock on /opt/src/hadoop-ozone/integration-test/target/test-dir/MiniOzoneClusterImpl-b79a6205-7b5f-43da-95c3-5bf2e16134ee/datanode-5/data/ratis/72bb6241-778e-4580-9442-a53638cec8ba/in_use.lock acquired by nodename 13879@ozone-mm759-2607770056
2019-06-14 10:01:07,176 INFO  server.RaftServerConfigKeys (ConfUtils.java:logGet(43)) - raft.server.rpc.timeout.min = 1s (custom)
2019-06-14 10:01:07,177 INFO  server.RaftServerConfigKeys (ConfUtils.java:logGet(43)) - raft.server.rpc.timeout.max = 1200ms (custom)
2019-06-14 10:01:07,177 INFO  server.RaftServerConfigKeys (ConfUtils.java:logGet(43)) - raft.server.rpcslowness.timeout = 120s (custom)
2019-06-14 10:01:07,177 INFO  server.RaftServerConfigKeys (ConfUtils.java:logGet(43)) - raft.server.log.appender.install.snapshot.enabled = true (default)
2019-06-14 10:01:07,177 INFO  impl.RaftServerImpl (ServerState.java:<init>(101)) - bd3eb131-f8c0-472f-9409-1e784d0329ae:group-A53638CEC8BA ConfigurationManager, init=-1: [bd3eb131-f8c0-472f-9409-1e784d0329ae:192.168.105.157:37525, c8dde243-9181-473a-92e4-4f1117ae2063:192.168.105.157:43067, 69879625-cac2-4a9b-90a8-7b5f28f07273:192.168.105.157:43987], old=null, confs=<EMPTY_MAP>
2019-06-14 10:01:07,177 INFO  server.RaftServerConfigKeys (ConfUtils.java:logGet(43)) - raft.server.storage.dir = [/opt/src/hadoop-ozone/integration-test/target/test-dir/MiniOzoneClusterImpl-b79a6205-7b5f-43da-95c3-5bf2e16134ee/datanode-4/data/ratis] (custom)
2019-06-14 10:01:07,177 INFO  storage.RaftStorageDirectory (RaftStorageDirectory.java:analyzeStorage(246)) - The storage directory /opt/src/hadoop-ozone/integration-test/target/test-dir/MiniOzoneClusterImpl-b79a6205-7b5f-43da-95c3-5bf2e16134ee/datanode-4/data/ratis/72bb6241-778e-4580-9442-a53638cec8ba does not exist. Creating ...
2019-06-14 10:01:07,180 INFO  storage.RaftStorageDirectory (RaftStorageDirectory.java:tryLock(328)) - Lock on /opt/src/hadoop-ozone/integration-test/target/test-dir/MiniOzoneClusterImpl-b79a6205-7b5f-43da-95c3-5bf2e16134ee/datanode-4/data/ratis/72bb6241-778e-4580-9442-a53638cec8ba/in_use.lock acquired by nodename 13879@ozone-mm759-2607770056
2019-06-14 10:01:07,180 INFO  storage.RaftStorage (RaftStorage.java:format(75)) - Storage directory /opt/src/hadoop-ozone/integration-test/target/test-dir/MiniOzoneClusterImpl-b79a6205-7b5f-43da-95c3-5bf2e16134ee/datanode-5/data/ratis/72bb6241-778e-4580-9442-a53638cec8ba has been successfully formatted.
2019-06-14 10:01:07,180 INFO  ratis.ContainerStateMachine (ContainerStateMachine.java:loadSnapshot(199)) - The snapshot info is null.Setting the last applied index to:(t:0, i:~)
2019-06-14 10:01:07,181 INFO  server.RaftServerConfigKeys (ConfUtils.java:logGet(43)) - raft.server.leader.election.timeout = 120s (custom)
2019-06-14 10:01:07,181 INFO  server.RaftServerConfigKeys (ConfUtils.java:logGet(43)) - raft.server.log.use.memory = false (default)
2019-06-14 10:01:07,181 INFO  server.RaftServerConfigKeys (ConfUtils.java:logGet(43)) - raft.server.log.appender.buffer.byte-limit = 33554432 (custom)
2019-06-14 10:01:07,181 INFO  server.RaftServerConfigKeys (ConfUtils.java:logGet(43)) - raft.server.log.segment.size.max = 16384 (custom)
2019-06-14 10:01:07,181 INFO  server.RaftServerConfigKeys (ConfUtils.java:logGet(43)) - raft.server.log.segment.cache.num.max = 2 (custom)
2019-06-14 10:01:07,181 INFO  storage.RaftLogWorker (RaftLogWorker.java:<init>(123)) - new 69879625-cac2-4a9b-90a8-7b5f28f07273-RaftLogWorker for Storage Directory /opt/src/hadoop-ozone/integration-test/target/test-dir/MiniOzoneClusterImpl-b79a6205-7b5f-43da-95c3-5bf2e16134ee/datanode-5/data/ratis/72bb6241-778e-4580-9442-a53638cec8ba
2019-06-14 10:01:07,181 INFO  server.RaftServerConfigKeys (ConfUtils.java:logGet(43)) - raft.server.log.queue.byte-limit = 2147483647 (custom)
2019-06-14 10:01:07,181 INFO  server.RaftServerConfigKeys (ConfUtils.java:logGet(43)) - raft.server.log.queue.element-limit = 1024 (custom)
2019-06-14 10:01:07,181 INFO  server.RaftServerConfigKeys (ConfUtils.java:logGet(43)) - raft.server.log.segment.size.max = 16384 (custom)
2019-06-14 10:01:07,181 INFO  server.RaftServerConfigKeys (ConfUtils.java:logGet(43)) - raft.server.log.preallocated.size = 16384 (custom)
2019-06-14 10:01:07,181 INFO  server.RaftServerConfigKeys (ConfUtils.java:logGet(43)) - raft.server.log.write.buffer.size = 33554432 (custom)
2019-06-14 10:01:07,181 INFO  server.RaftServerConfigKeys (ConfUtils.java:logGet(43)) - raft.server.log.force.sync.num = 128 (default)
2019-06-14 10:01:07,181 INFO  server.RaftServerConfigKeys (ConfUtils.java:logGet(43)) - raft.server.log.statemachine.data.sync = true (default)
2019-06-14 10:01:07,181 INFO  server.RaftServerConfigKeys (ConfUtils.java:logGet(43)) - raft.server.log.statemachine.data.sync.timeout = 10s (default)
2019-06-14 10:01:07,181 INFO  server.RaftServerConfigKeys (ConfUtils.java:logGet(43)) - raft.server.log.statemachine.data.sync.timeout.retry = -1 (default)
2019-06-14 10:01:07,181 INFO  server.RaftServerConfigKeys (ConfUtils.java:logGet(43)) - raft.server.log.statemachine.data.caching.enabled = true (custom)
2019-06-14 10:01:07,182 INFO  server.RaftServerConfigKeys (ConfUtils.java:logGet(43)) - raft.server.snapshot.auto.trigger.enabled = true (custom)
2019-06-14 10:01:07,182 INFO  server.RaftServerConfigKeys (ConfUtils.java:logGet(43)) - raft.server.snapshot.auto.trigger.threshold = 10000 (custom)
2019-06-14 10:01:07,182 INFO  server.RaftServerConfigKeys (ConfUtils.java:logGet(43)) - raft.server.retrycache.expirytime = 600000ms (custom)
2019-06-14 10:01:07,182 INFO  impl.RaftServerImpl (RaftServerImpl.java:start(173)) - 69879625-cac2-4a9b-90a8-7b5f28f07273: start group-A53638CEC8BA
2019-06-14 10:01:07,182 INFO  impl.RaftServerImpl (RaftServerImpl.java:setRole(164)) - 69879625-cac2-4a9b-90a8-7b5f28f07273:group-A53638CEC8BA changes role from null to FOLLOWER at term 0 for startAsFollower
2019-06-14 10:01:07,182 INFO  impl.RoleInfo (RoleInfo.java:updateAndGet(143)) - 69879625-cac2-4a9b-90a8-7b5f28f07273: start FollowerState
2019-06-14 10:01:07,182 INFO  storage.RaftStorage (RaftStorage.java:format(75)) - Storage directory /opt/src/hadoop-ozone/integration-test/target/test-dir/MiniOzoneClusterImpl-b79a6205-7b5f-43da-95c3-5bf2e16134ee/datanode-4/data/ratis/72bb6241-778e-4580-9442-a53638cec8ba has been successfully formatted.
2019-06-14 10:01:07,182 INFO  util.JmxRegister (JmxRegister.java:tryRegister(44)) - Successfully registered JMX Bean with object name Ratis:service=RaftServer,group=group-A53638CEC8BA,id=69879625-cac2-4a9b-90a8-7b5f28f07273
2019-06-14 10:01:07,182 INFO  ratis.ContainerStateMachine (ContainerStateMachine.java:loadSnapshot(199)) - The snapshot info is null.Setting the last applied index to:(t:0, i:~)
2019-06-14 10:01:07,183 INFO  server.RaftServerConfigKeys (ConfUtils.java:logGet(43)) - raft.server.leader.election.timeout = 120s (custom)
2019-06-14 10:01:07,183 INFO  server.RaftServerConfigKeys (ConfUtils.java:logGet(43)) - raft.server.log.use.memory = false (default)
2019-06-14 10:01:07,183 INFO  server.RaftServerConfigKeys (ConfUtils.java:logGet(43)) - raft.server.log.appender.buffer.byte-limit = 33554432 (custom)
2019-06-14 10:01:07,183 INFO  server.RaftServerConfigKeys (ConfUtils.java:logGet(43)) - raft.server.log.segment.size.max = 16384 (custom)
2019-06-14 10:01:07,183 INFO  server.RaftServerConfigKeys (ConfUtils.java:logGet(43)) - raft.server.log.segment.cache.num.max = 2 (custom)
2019-06-14 10:01:07,183 INFO  storage.RaftLogWorker (RaftLogWorker.java:<init>(123)) - new bd3eb131-f8c0-472f-9409-1e784d0329ae-RaftLogWorker for Storage Directory /opt/src/hadoop-ozone/integration-test/target/test-dir/MiniOzoneClusterImpl-b79a6205-7b5f-43da-95c3-5bf2e16134ee/datanode-4/data/ratis/72bb6241-778e-4580-9442-a53638cec8ba
2019-06-14 10:01:07,183 INFO  server.RaftServerConfigKeys (ConfUtils.java:logGet(43)) - raft.server.log.queue.byte-limit = 2147483647 (custom)
2019-06-14 10:01:07,183 INFO  server.RaftServerConfigKeys (ConfUtils.java:logGet(43)) - raft.server.log.queue.element-limit = 1024 (custom)
2019-06-14 10:01:07,183 INFO  server.RaftServerConfigKeys (ConfUtils.java:logGet(43)) - raft.server.log.segment.size.max = 16384 (custom)
2019-06-14 10:01:07,183 INFO  server.RaftServerConfigKeys (ConfUtils.java:logGet(43)) - raft.server.log.preallocated.size = 16384 (custom)
2019-06-14 10:01:07,183 INFO  server.RaftServerConfigKeys (ConfUtils.java:logGet(43)) - raft.server.log.write.buffer.size = 33554432 (custom)
2019-06-14 10:01:07,183 INFO  server.RaftServerConfigKeys (ConfUtils.java:logGet(43)) - raft.server.log.force.sync.num = 128 (default)
2019-06-14 10:01:07,183 INFO  server.RaftServerConfigKeys (ConfUtils.java:logGet(43)) - raft.server.log.statemachine.data.sync = true (default)
2019-06-14 10:01:07,183 INFO  server.RaftServerConfigKeys (ConfUtils.java:logGet(43)) - raft.server.log.statemachine.data.sync.timeout = 10s (default)
2019-06-14 10:01:07,183 INFO  server.RaftServerConfigKeys (ConfUtils.java:logGet(43)) - raft.server.log.statemachine.data.sync.timeout.retry = -1 (default)
2019-06-14 10:01:07,184 INFO  server.RaftServerConfigKeys (ConfUtils.java:logGet(43)) - raft.server.log.statemachine.data.caching.enabled = true (custom)
2019-06-14 10:01:07,184 INFO  server.RaftServerConfigKeys (ConfUtils.java:logGet(43)) - raft.server.snapshot.auto.trigger.enabled = true (custom)
2019-06-14 10:01:07,184 INFO  server.RaftServerConfigKeys (ConfUtils.java:logGet(43)) - raft.server.snapshot.auto.trigger.threshold = 10000 (custom)
2019-06-14 10:01:07,184 INFO  server.RaftServerConfigKeys (ConfUtils.java:logGet(43)) - raft.server.retrycache.expirytime = 600000ms (custom)
2019-06-14 10:01:07,184 INFO  impl.RaftServerImpl (RaftServerImpl.java:start(173)) - bd3eb131-f8c0-472f-9409-1e784d0329ae: start group-A53638CEC8BA
2019-06-14 10:01:07,184 INFO  impl.RaftServerImpl (RaftServerImpl.java:setRole(164)) - bd3eb131-f8c0-472f-9409-1e784d0329ae:group-A53638CEC8BA changes role from null to FOLLOWER at term 0 for startAsFollower
2019-06-14 10:01:07,184 INFO  impl.RoleInfo (RoleInfo.java:updateAndGet(143)) - bd3eb131-f8c0-472f-9409-1e784d0329ae: start FollowerState
2019-06-14 10:01:07,184 INFO  util.JmxRegister (JmxRegister.java:tryRegister(44)) - Successfully registered JMX Bean with object name Ratis:service=RaftServer,group=group-A53638CEC8BA,id=bd3eb131-f8c0-472f-9409-1e784d0329ae
2019-06-14 10:01:07,185 INFO  pipeline.PipelineStateManager (PipelineStateManager.java:addPipeline(56)) - Created pipeline Pipeline[ Id: 72bb6241-778e-4580-9442-a53638cec8ba, Nodes: bd3eb131-f8c0-472f-9409-1e784d0329ae{ip: 192.168.105.157, host: ozone-mm759-2607770056, networkLocation: /default-rack, certSerialId: null}c8dde243-9181-473a-92e4-4f1117ae2063{ip: 192.168.105.157, host: ozone-mm759-2607770056, networkLocation: /default-rack, certSerialId: null}69879625-cac2-4a9b-90a8-7b5f28f07273{ip: 192.168.105.157, host: ozone-mm759-2607770056, networkLocation: /default-rack, certSerialId: null}, Type:RATIS, Factor:THREE, State:OPEN]
2019-06-14 10:01:07,438 INFO  impl.FollowerState (FollowerState.java:run(101)) - 97eb8041-3f51-43e4-a2e4-7cd770fc42d5:group-7E99BFF8F880 changes to CANDIDATE, lastRpcTime:1062, electionTimeout:1062ms
2019-06-14 10:01:07,438 INFO  impl.RoleInfo (RoleInfo.java:shutdownFollowerState(121)) - 97eb8041-3f51-43e4-a2e4-7cd770fc42d5: shutdown FollowerState
2019-06-14 10:01:07,438 INFO  impl.RaftServerImpl (RaftServerImpl.java:setRole(164)) - 97eb8041-3f51-43e4-a2e4-7cd770fc42d5:group-7E99BFF8F880 changes role from FOLLOWER to CANDIDATE at term 0 for changeToCandidate
2019-06-14 10:01:07,439 INFO  impl.RoleInfo (RoleInfo.java:updateAndGet(143)) - 97eb8041-3f51-43e4-a2e4-7cd770fc42d5: start LeaderElection
2019-06-14 10:01:07,447 INFO  impl.LeaderElection (LeaderElection.java:askForVotes(181)) - 97eb8041-3f51-43e4-a2e4-7cd770fc42d5:group-7E99BFF8F880:LeaderElection51: begin an election at term 1 for -1: [97eb8041-3f51-43e4-a2e4-7cd770fc42d5:192.168.105.157:45721], old=null
2019-06-14 10:01:07,447 INFO  impl.RoleInfo (RoleInfo.java:shutdownLeaderElection(134)) - 97eb8041-3f51-43e4-a2e4-7cd770fc42d5: shutdown LeaderElection
2019-06-14 10:01:07,447 INFO  impl.RaftServerImpl (RaftServerImpl.java:setRole(164)) - 97eb8041-3f51-43e4-a2e4-7cd770fc42d5:group-7E99BFF8F880 changes role from CANDIDATE to LEADER at term 1 for changeToLeader
2019-06-14 10:01:07,447 INFO  impl.RaftServerImpl (ServerState.java:setLeader(263)) - 97eb8041-3f51-43e4-a2e4-7cd770fc42d5:group-7E99BFF8F880 change Leader from null to 97eb8041-3f51-43e4-a2e4-7cd770fc42d5 at term 1 for becomeLeader, leader elected after 1072ms
2019-06-14 10:01:07,447 INFO  server.RaftServerConfigKeys (ConfUtils.java:logGet(43)) - raft.server.staging.catchup.gap = 1000 (default)
2019-06-14 10:01:07,447 INFO  server.RaftServerConfigKeys (ConfUtils.java:logGet(43)) - raft.server.rpc.sleep.time = 25ms (default)
2019-06-14 10:01:07,447 INFO  server.RaftServerConfigKeys (ConfUtils.java:logGet(43)) - raft.server.watch.timeout = 10s (default)
2019-06-14 10:01:07,447 INFO  server.RaftServerConfigKeys (ConfUtils.java:logGet(43)) - raft.server.watch.timeout.denomination = 1s (default)
2019-06-14 10:01:07,447 INFO  impl.RoleInfo (RoleInfo.java:updateAndGet(143)) - 97eb8041-3f51-43e4-a2e4-7cd770fc42d5: start LeaderState
2019-06-14 10:01:07,447 INFO  storage.RaftLogWorker (RaftLogWorker.java:startLogSegment(298)) - 97eb8041-3f51-43e4-a2e4-7cd770fc42d5-RaftLogWorker: Starting segment from index:0
2019-06-14 10:01:07,448 INFO  impl.RaftServerImpl (ServerState.java:setRaftConf(361)) - 97eb8041-3f51-43e4-a2e4-7cd770fc42d5:group-7E99BFF8F880 set configuration 0: [97eb8041-3f51-43e4-a2e4-7cd770fc42d5:192.168.105.157:45721], old=null at 0
2019-06-14 10:01:07,482 INFO  storage.RaftLogWorker (RaftLogWorker.java:execute(469)) - 97eb8041-3f51-43e4-a2e4-7cd770fc42d5-RaftLogWorker: created new log segment /opt/src/hadoop-ozone/integration-test/target/test-dir/MiniOzoneClusterImpl-b79a6205-7b5f-43da-95c3-5bf2e16134ee/datanode-0/data/ratis/834941fc-be82-4bbc-9ac4-7e99bff8f880/current/log_inprogress_0
2019-06-14 10:01:07,642 INFO  impl.FollowerState (FollowerState.java:run(101)) - c6f52c69-1ec8-401b-b44c-302b3bf109b1:group-73B39DE1C235 changes to CANDIDATE, lastRpcTime:1150, electionTimeout:1150ms
2019-06-14 10:01:07,642 INFO  impl.RoleInfo (RoleInfo.java:shutdownFollowerState(121)) - c6f52c69-1ec8-401b-b44c-302b3bf109b1: shutdown FollowerState
2019-06-14 10:01:07,642 INFO  impl.RaftServerImpl (RaftServerImpl.java:setRole(164)) - c6f52c69-1ec8-401b-b44c-302b3bf109b1:group-73B39DE1C235 changes role from FOLLOWER to CANDIDATE at term 0 for changeToCandidate
2019-06-14 10:01:07,643 INFO  impl.RoleInfo (RoleInfo.java:updateAndGet(143)) - c6f52c69-1ec8-401b-b44c-302b3bf109b1: start LeaderElection
2019-06-14 10:01:07,654 INFO  impl.LeaderElection (LeaderElection.java:askForVotes(181)) - c6f52c69-1ec8-401b-b44c-302b3bf109b1:group-73B39DE1C235:LeaderElection52: begin an election at term 1 for -1: [c6f52c69-1ec8-401b-b44c-302b3bf109b1:192.168.105.157:44609], old=null
2019-06-14 10:01:07,654 INFO  impl.RoleInfo (RoleInfo.java:shutdownLeaderElection(134)) - c6f52c69-1ec8-401b-b44c-302b3bf109b1: shutdown LeaderElection
2019-06-14 10:01:07,654 INFO  impl.RaftServerImpl (RaftServerImpl.java:setRole(164)) - c6f52c69-1ec8-401b-b44c-302b3bf109b1:group-73B39DE1C235 changes role from CANDIDATE to LEADER at term 1 for changeToLeader
2019-06-14 10:01:07,654 INFO  impl.RaftServerImpl (ServerState.java:setLeader(263)) - c6f52c69-1ec8-401b-b44c-302b3bf109b1:group-73B39DE1C235 change Leader from null to c6f52c69-1ec8-401b-b44c-302b3bf109b1 at term 1 for becomeLeader, leader elected after 1163ms
2019-06-14 10:01:07,654 INFO  server.RaftServerConfigKeys (ConfUtils.java:logGet(43)) - raft.server.staging.catchup.gap = 1000 (default)
2019-06-14 10:01:07,654 INFO  server.RaftServerConfigKeys (ConfUtils.java:logGet(43)) - raft.server.rpc.sleep.time = 25ms (default)
2019-06-14 10:01:07,654 INFO  server.RaftServerConfigKeys (ConfUtils.java:logGet(43)) - raft.server.watch.timeout = 10s (default)
2019-06-14 10:01:07,654 INFO  server.RaftServerConfigKeys (ConfUtils.java:logGet(43)) - raft.server.watch.timeout.denomination = 1s (default)
2019-06-14 10:01:07,655 INFO  impl.RoleInfo (RoleInfo.java:updateAndGet(143)) - c6f52c69-1ec8-401b-b44c-302b3bf109b1: start LeaderState
2019-06-14 10:01:07,655 INFO  storage.RaftLogWorker (RaftLogWorker.java:startLogSegment(298)) - c6f52c69-1ec8-401b-b44c-302b3bf109b1-RaftLogWorker: Starting segment from index:0
2019-06-14 10:01:07,655 INFO  impl.RaftServerImpl (ServerState.java:setRaftConf(361)) - c6f52c69-1ec8-401b-b44c-302b3bf109b1:group-73B39DE1C235 set configuration 0: [c6f52c69-1ec8-401b-b44c-302b3bf109b1:192.168.105.157:44609], old=null at 0
2019-06-14 10:01:07,681 INFO  impl.FollowerState (FollowerState.java:run(101)) - 97eb8041-3f51-43e4-a2e4-7cd770fc42d5:group-6B1AB7FE24BE changes to CANDIDATE, lastRpcTime:1020, electionTimeout:1020ms
2019-06-14 10:01:07,681 INFO  impl.RoleInfo (RoleInfo.java:shutdownFollowerState(121)) - 97eb8041-3f51-43e4-a2e4-7cd770fc42d5: shutdown FollowerState
2019-06-14 10:01:07,681 INFO  impl.RaftServerImpl (RaftServerImpl.java:setRole(164)) - 97eb8041-3f51-43e4-a2e4-7cd770fc42d5:group-6B1AB7FE24BE changes role from FOLLOWER to CANDIDATE at term 0 for changeToCandidate
2019-06-14 10:01:07,681 INFO  impl.RoleInfo (RoleInfo.java:updateAndGet(143)) - 97eb8041-3f51-43e4-a2e4-7cd770fc42d5: start LeaderElection
2019-06-14 10:01:07,695 INFO  storage.RaftLogWorker (RaftLogWorker.java:execute(469)) - c6f52c69-1ec8-401b-b44c-302b3bf109b1-RaftLogWorker: created new log segment /opt/src/hadoop-ozone/integration-test/target/test-dir/MiniOzoneClusterImpl-b79a6205-7b5f-43da-95c3-5bf2e16134ee/datanode-1/data/ratis/c56467c1-679c-46ab-a4ff-73b39de1c235/current/log_inprogress_0
2019-06-14 10:01:07,695 INFO  impl.LeaderElection (LeaderElection.java:askForVotes(181)) - 97eb8041-3f51-43e4-a2e4-7cd770fc42d5:group-6B1AB7FE24BE:LeaderElection53: begin an election at term 1 for -1: [3f826607-3be9-478d-8cd8-0087160c860d:192.168.105.157:37849, 97eb8041-3f51-43e4-a2e4-7cd770fc42d5:192.168.105.157:45721, c6f52c69-1ec8-401b-b44c-302b3bf109b1:192.168.105.157:44609], old=null
2019-06-14 10:01:07,704 INFO  impl.RaftServerImpl (RaftServerImpl.java:setRole(164)) - 3f826607-3be9-478d-8cd8-0087160c860d:group-6B1AB7FE24BE changes role from FOLLOWER to FOLLOWER at term 1 for recognizeCandidate:97eb8041-3f51-43e4-a2e4-7cd770fc42d5
2019-06-14 10:01:07,704 INFO  impl.RoleInfo (RoleInfo.java:shutdownFollowerState(121)) - 3f826607-3be9-478d-8cd8-0087160c860d: shutdown FollowerState
2019-06-14 10:01:07,704 INFO  impl.RoleInfo (RoleInfo.java:updateAndGet(143)) - 3f826607-3be9-478d-8cd8-0087160c860d: start FollowerState
2019-06-14 10:01:07,704 INFO  impl.FollowerState (FollowerState.java:run(109)) - 3f826607-3be9-478d-8cd8-0087160c860d: FollowerState was interrupted: java.lang.InterruptedException: sleep interrupted
2019-06-14 10:01:07,707 INFO  impl.RaftServerImpl (RaftServerImpl.java:setRole(164)) - c6f52c69-1ec8-401b-b44c-302b3bf109b1:group-6B1AB7FE24BE changes role from FOLLOWER to FOLLOWER at term 1 for recognizeCandidate:97eb8041-3f51-43e4-a2e4-7cd770fc42d5
2019-06-14 10:01:07,707 INFO  impl.RoleInfo (RoleInfo.java:shutdownFollowerState(121)) - c6f52c69-1ec8-401b-b44c-302b3bf109b1: shutdown FollowerState
2019-06-14 10:01:07,707 INFO  impl.RoleInfo (RoleInfo.java:updateAndGet(143)) - c6f52c69-1ec8-401b-b44c-302b3bf109b1: start FollowerState
2019-06-14 10:01:07,707 INFO  impl.FollowerState (FollowerState.java:run(109)) - c6f52c69-1ec8-401b-b44c-302b3bf109b1: FollowerState was interrupted: java.lang.InterruptedException: sleep interrupted
2019-06-14 10:01:07,710 INFO  impl.LeaderElection (LeaderElection.java:logAndReturn(56)) - 97eb8041-3f51-43e4-a2e4-7cd770fc42d5:group-6B1AB7FE24BE:LeaderElection53: Election PASSED; received 1 response(s) [97eb8041-3f51-43e4-a2e4-7cd770fc42d5->3f826607-3be9-478d-8cd8-0087160c860d,true-t1] and 0 exception(s); 97eb8041-3f51-43e4-a2e4-7cd770fc42d5:t1, leader=null, voted=97eb8041-3f51-43e4-a2e4-7cd770fc42d5, raftlog=97eb8041-3f51-43e4-a2e4-7cd770fc42d5-SegmentedRaftLog:OPENED:c-1,f-1,i0, conf=-1: [3f826607-3be9-478d-8cd8-0087160c860d:192.168.105.157:37849, 97eb8041-3f51-43e4-a2e4-7cd770fc42d5:192.168.105.157:45721, c6f52c69-1ec8-401b-b44c-302b3bf109b1:192.168.105.157:44609], old=null
2019-06-14 10:01:07,710 INFO  impl.RoleInfo (RoleInfo.java:shutdownLeaderElection(134)) - 97eb8041-3f51-43e4-a2e4-7cd770fc42d5: shutdown LeaderElection
2019-06-14 10:01:07,710 INFO  impl.RaftServerImpl (RaftServerImpl.java:setRole(164)) - 97eb8041-3f51-43e4-a2e4-7cd770fc42d5:group-6B1AB7FE24BE changes role from CANDIDATE to LEADER at term 1 for changeToLeader
2019-06-14 10:01:07,710 INFO  impl.RaftServerImpl (ServerState.java:setLeader(263)) - 97eb8041-3f51-43e4-a2e4-7cd770fc42d5:group-6B1AB7FE24BE change Leader from null to 97eb8041-3f51-43e4-a2e4-7cd770fc42d5 at term 1 for becomeLeader, leader elected after 1054ms
2019-06-14 10:01:07,711 INFO  server.RaftServerConfigKeys (ConfUtils.java:logGet(43)) - raft.server.staging.catchup.gap = 1000 (default)
2019-06-14 10:01:07,711 INFO  server.RaftServerConfigKeys (ConfUtils.java:logGet(43)) - raft.server.rpc.sleep.time = 25ms (default)
2019-06-14 10:01:07,711 INFO  server.RaftServerConfigKeys (ConfUtils.java:logGet(43)) - raft.server.watch.timeout = 10s (default)
2019-06-14 10:01:07,711 INFO  server.RaftServerConfigKeys (ConfUtils.java:logGet(43)) - raft.server.watch.timeout.denomination = 1s (default)
2019-06-14 10:01:07,711 INFO  server.RaftServerConfigKeys (ConfUtils.java:logGet(43)) - raft.server.log.appender.snapshot.chunk.size.max = 16MB (=16777216) (default)
2019-06-14 10:01:07,711 INFO  server.RaftServerConfigKeys (ConfUtils.java:logGet(43)) - raft.server.log.appender.buffer.byte-limit = 33554432 (custom)
2019-06-14 10:01:07,711 INFO  server.RaftServerConfigKeys (ConfUtils.java:logGet(43)) - raft.server.log.appender.buffer.element-limit = 1 (custom)
2019-06-14 10:01:07,711 INFO  grpc.GrpcConfigKeys$Server (ConfUtils.java:logGet(43)) - raft.grpc.server.leader.outstanding.appends.max = 128 (default)
2019-06-14 10:01:07,711 INFO  server.RaftServerConfigKeys (ConfUtils.java:logGet(43)) - raft.server.rpc.request.timeout = 3000ms (default)
2019-06-14 10:01:07,711 INFO  server.RaftServerConfigKeys (ConfUtils.java:logGet(43)) - raft.server.log.appender.install.snapshot.enabled = true (default)
2019-06-14 10:01:07,712 INFO  server.RaftServerConfigKeys (ConfUtils.java:logGet(43)) - raft.server.log.appender.snapshot.chunk.size.max = 16MB (=16777216) (default)
2019-06-14 10:01:07,712 INFO  server.RaftServerConfigKeys (ConfUtils.java:logGet(43)) - raft.server.log.appender.buffer.byte-limit = 33554432 (custom)
2019-06-14 10:01:07,712 INFO  server.RaftServerConfigKeys (ConfUtils.java:logGet(43)) - raft.server.log.appender.buffer.element-limit = 1 (custom)
2019-06-14 10:01:07,712 INFO  grpc.GrpcConfigKeys$Server (ConfUtils.java:logGet(43)) - raft.grpc.server.leader.outstanding.appends.max = 128 (default)
2019-06-14 10:01:07,712 INFO  server.RaftServerConfigKeys (ConfUtils.java:logGet(43)) - raft.server.rpc.request.timeout = 3000ms (default)
2019-06-14 10:01:07,712 INFO  server.RaftServerConfigKeys (ConfUtils.java:logGet(43)) - raft.server.log.appender.install.snapshot.enabled = true (default)
2019-06-14 10:01:07,712 INFO  impl.RoleInfo (RoleInfo.java:updateAndGet(143)) - 97eb8041-3f51-43e4-a2e4-7cd770fc42d5: start LeaderState
2019-06-14 10:01:07,712 INFO  storage.RaftLogWorker (RaftLogWorker.java:startLogSegment(298)) - 97eb8041-3f51-43e4-a2e4-7cd770fc42d5-RaftLogWorker: Starting segment from index:0
2019-06-14 10:01:07,713 INFO  impl.RaftServerImpl (ServerState.java:setRaftConf(361)) - 97eb8041-3f51-43e4-a2e4-7cd770fc42d5:group-6B1AB7FE24BE set configuration 0: [3f826607-3be9-478d-8cd8-0087160c860d:192.168.105.157:37849, 97eb8041-3f51-43e4-a2e4-7cd770fc42d5:192.168.105.157:45721, c6f52c69-1ec8-401b-b44c-302b3bf109b1:192.168.105.157:44609], old=null at 0
2019-06-14 10:01:07,713 INFO  impl.RaftServerImpl (ServerState.java:setLeader(263)) - 3f826607-3be9-478d-8cd8-0087160c860d:group-6B1AB7FE24BE change Leader from null to 97eb8041-3f51-43e4-a2e4-7cd770fc42d5 at term 1 for appendEntries, leader elected after 1056ms
2019-06-14 10:01:07,761 INFO  impl.RaftServerImpl (ServerState.java:setLeader(263)) - c6f52c69-1ec8-401b-b44c-302b3bf109b1:group-6B1AB7FE24BE change Leader from null to 97eb8041-3f51-43e4-a2e4-7cd770fc42d5 at term 1 for appendEntries, leader elected after 1104ms
2019-06-14 10:01:07,763 INFO  impl.RaftServerImpl (ServerState.java:setRaftConf(361)) - c6f52c69-1ec8-401b-b44c-302b3bf109b1:group-6B1AB7FE24BE set configuration 0: [3f826607-3be9-478d-8cd8-0087160c860d:192.168.105.157:37849, 97eb8041-3f51-43e4-a2e4-7cd770fc42d5:192.168.105.157:45721, c6f52c69-1ec8-401b-b44c-302b3bf109b1:192.168.105.157:44609], old=null at 0
2019-06-14 10:01:07,763 INFO  impl.RaftServerImpl (ServerState.java:setRaftConf(361)) - 3f826607-3be9-478d-8cd8-0087160c860d:group-6B1AB7FE24BE set configuration 0: [3f826607-3be9-478d-8cd8-0087160c860d:192.168.105.157:37849, 97eb8041-3f51-43e4-a2e4-7cd770fc42d5:192.168.105.157:45721, c6f52c69-1ec8-401b-b44c-302b3bf109b1:192.168.105.157:44609], old=null at 0
2019-06-14 10:01:07,763 INFO  storage.RaftLogWorker (RaftLogWorker.java:startLogSegment(298)) - c6f52c69-1ec8-401b-b44c-302b3bf109b1-RaftLogWorker: Starting segment from index:0
2019-06-14 10:01:07,763 INFO  storage.RaftLogWorker (RaftLogWorker.java:startLogSegment(298)) - 3f826607-3be9-478d-8cd8-0087160c860d-RaftLogWorker: Starting segment from index:0
2019-06-14 10:01:07,763 INFO  storage.RaftLogWorker (RaftLogWorker.java:execute(469)) - 97eb8041-3f51-43e4-a2e4-7cd770fc42d5-RaftLogWorker: created new log segment /opt/src/hadoop-ozone/integration-test/target/test-dir/MiniOzoneClusterImpl-b79a6205-7b5f-43da-95c3-5bf2e16134ee/datanode-0/data/ratis/81136981-52e8-426f-b5c1-6b1ab7fe24be/current/log_inprogress_0
2019-06-14 10:01:07,800 INFO  storage.RaftLogWorker (RaftLogWorker.java:execute(469)) - c6f52c69-1ec8-401b-b44c-302b3bf109b1-RaftLogWorker: created new log segment /opt/src/hadoop-ozone/integration-test/target/test-dir/MiniOzoneClusterImpl-b79a6205-7b5f-43da-95c3-5bf2e16134ee/datanode-1/data/ratis/81136981-52e8-426f-b5c1-6b1ab7fe24be/current/log_inprogress_0
2019-06-14 10:01:07,803 INFO  storage.RaftLogWorker (RaftLogWorker.java:execute(469)) - 3f826607-3be9-478d-8cd8-0087160c860d-RaftLogWorker: created new log segment /opt/src/hadoop-ozone/integration-test/target/test-dir/MiniOzoneClusterImpl-b79a6205-7b5f-43da-95c3-5bf2e16134ee/datanode-2/data/ratis/81136981-52e8-426f-b5c1-6b1ab7fe24be/current/log_inprogress_0
2019-06-14 10:01:07,831 INFO  impl.FollowerState (FollowerState.java:run(101)) - 3f826607-3be9-478d-8cd8-0087160c860d:group-A98D992D6A8F changes to CANDIDATE, lastRpcTime:1191, electionTimeout:1191ms
2019-06-14 10:01:07,831 INFO  impl.RoleInfo (RoleInfo.java:shutdownFollowerState(121)) - 3f826607-3be9-478d-8cd8-0087160c860d: shutdown FollowerState
2019-06-14 10:01:07,831 INFO  impl.RaftServerImpl (RaftServerImpl.java:setRole(164)) - 3f826607-3be9-478d-8cd8-0087160c860d:group-A98D992D6A8F changes role from FOLLOWER to CANDIDATE at term 0 for changeToCandidate
2019-06-14 10:01:07,831 INFO  impl.RoleInfo (RoleInfo.java:updateAndGet(143)) - 3f826607-3be9-478d-8cd8-0087160c860d: start LeaderElection
2019-06-14 10:01:07,839 INFO  impl.LeaderElection (LeaderElection.java:askForVotes(181)) - 3f826607-3be9-478d-8cd8-0087160c860d:group-A98D992D6A8F:LeaderElection54: begin an election at term 1 for -1: [3f826607-3be9-478d-8cd8-0087160c860d:192.168.105.157:37849], old=null
2019-06-14 10:01:07,839 INFO  impl.RoleInfo (RoleInfo.java:shutdownLeaderElection(134)) - 3f826607-3be9-478d-8cd8-0087160c860d: shutdown LeaderElection
2019-06-14 10:01:07,839 INFO  impl.RaftServerImpl (RaftServerImpl.java:setRole(164)) - 3f826607-3be9-478d-8cd8-0087160c860d:group-A98D992D6A8F changes role from CANDIDATE to LEADER at term 1 for changeToLeader
2019-06-14 10:01:07,839 INFO  impl.RaftServerImpl (ServerState.java:setLeader(263)) - 3f826607-3be9-478d-8cd8-0087160c860d:group-A98D992D6A8F change Leader from null to 3f826607-3be9-478d-8cd8-0087160c860d at term 1 for becomeLeader, leader elected after 1200ms
2019-06-14 10:01:07,839 INFO  server.RaftServerConfigKeys (ConfUtils.java:logGet(43)) - raft.server.staging.catchup.gap = 1000 (default)
2019-06-14 10:01:07,839 INFO  server.RaftServerConfigKeys (ConfUtils.java:logGet(43)) - raft.server.rpc.sleep.time = 25ms (default)
2019-06-14 10:01:07,839 INFO  server.RaftServerConfigKeys (ConfUtils.java:logGet(43)) - raft.server.watch.timeout = 10s (default)
2019-06-14 10:01:07,839 INFO  server.RaftServerConfigKeys (ConfUtils.java:logGet(43)) - raft.server.watch.timeout.denomination = 1s (default)
2019-06-14 10:01:07,839 INFO  impl.RoleInfo (RoleInfo.java:updateAndGet(143)) - 3f826607-3be9-478d-8cd8-0087160c860d: start LeaderState
2019-06-14 10:01:07,840 INFO  storage.RaftLogWorker (RaftLogWorker.java:startLogSegment(298)) - 3f826607-3be9-478d-8cd8-0087160c860d-RaftLogWorker: Starting segment from index:0
2019-06-14 10:01:07,840 INFO  impl.RaftServerImpl (ServerState.java:setRaftConf(361)) - 3f826607-3be9-478d-8cd8-0087160c860d:group-A98D992D6A8F set configuration 0: [3f826607-3be9-478d-8cd8-0087160c860d:192.168.105.157:37849], old=null at 0
2019-06-14 10:01:07,846 INFO  impl.FollowerState (FollowerState.java:run(101)) - c8dde243-9181-473a-92e4-4f1117ae2063:group-13681992217A changes to CANDIDATE, lastRpcTime:1054, electionTimeout:1054ms
2019-06-14 10:01:07,846 INFO  impl.RoleInfo (RoleInfo.java:shutdownFollowerState(121)) - c8dde243-9181-473a-92e4-4f1117ae2063: shutdown FollowerState
2019-06-14 10:01:07,846 INFO  impl.RaftServerImpl (RaftServerImpl.java:setRole(164)) - c8dde243-9181-473a-92e4-4f1117ae2063:group-13681992217A changes role from FOLLOWER to CANDIDATE at term 0 for changeToCandidate
2019-06-14 10:01:07,846 INFO  impl.RoleInfo (RoleInfo.java:updateAndGet(143)) - c8dde243-9181-473a-92e4-4f1117ae2063: start LeaderElection
2019-06-14 10:01:07,879 INFO  storage.RaftLogWorker (RaftLogWorker.java:execute(469)) - 3f826607-3be9-478d-8cd8-0087160c860d-RaftLogWorker: created new log segment /opt/src/hadoop-ozone/integration-test/target/test-dir/MiniOzoneClusterImpl-b79a6205-7b5f-43da-95c3-5bf2e16134ee/datanode-2/data/ratis/9550bcff-3b7d-4777-b98c-a98d992d6a8f/current/log_inprogress_0
2019-06-14 10:01:07,879 INFO  impl.LeaderElection (LeaderElection.java:askForVotes(181)) - c8dde243-9181-473a-92e4-4f1117ae2063:group-13681992217A:LeaderElection55: begin an election at term 1 for -1: [c8dde243-9181-473a-92e4-4f1117ae2063:192.168.105.157:43067], old=null
2019-06-14 10:01:07,879 INFO  impl.RoleInfo (RoleInfo.java:shutdownLeaderElection(134)) - c8dde243-9181-473a-92e4-4f1117ae2063: shutdown LeaderElection
2019-06-14 10:01:07,880 INFO  impl.RaftServerImpl (RaftServerImpl.java:setRole(164)) - c8dde243-9181-473a-92e4-4f1117ae2063:group-13681992217A changes role from CANDIDATE to LEADER at term 1 for changeToLeader
2019-06-14 10:01:07,880 INFO  impl.RaftServerImpl (ServerState.java:setLeader(263)) - c8dde243-9181-473a-92e4-4f1117ae2063:group-13681992217A change Leader from null to c8dde243-9181-473a-92e4-4f1117ae2063 at term 1 for becomeLeader, leader elected after 1089ms
2019-06-14 10:01:07,880 INFO  server.RaftServerConfigKeys (ConfUtils.java:logGet(43)) - raft.server.staging.catchup.gap = 1000 (default)
2019-06-14 10:01:07,880 INFO  server.RaftServerConfigKeys (ConfUtils.java:logGet(43)) - raft.server.rpc.sleep.time = 25ms (default)
2019-06-14 10:01:07,880 INFO  server.RaftServerConfigKeys (ConfUtils.java:logGet(43)) - raft.server.watch.timeout = 10s (default)
2019-06-14 10:01:07,880 INFO  server.RaftServerConfigKeys (ConfUtils.java:logGet(43)) - raft.server.watch.timeout.denomination = 1s (default)
2019-06-14 10:01:07,880 INFO  impl.RoleInfo (RoleInfo.java:updateAndGet(143)) - c8dde243-9181-473a-92e4-4f1117ae2063: start LeaderState
2019-06-14 10:01:07,880 INFO  storage.RaftLogWorker (RaftLogWorker.java:startLogSegment(298)) - c8dde243-9181-473a-92e4-4f1117ae2063-RaftLogWorker: Starting segment from index:0
2019-06-14 10:01:07,880 INFO  impl.RaftServerImpl (ServerState.java:setRaftConf(361)) - c8dde243-9181-473a-92e4-4f1117ae2063:group-13681992217A set configuration 0: [c8dde243-9181-473a-92e4-4f1117ae2063:192.168.105.157:43067], old=null at 0
2019-06-14 10:01:07,915 INFO  storage.RaftLogWorker (RaftLogWorker.java:execute(469)) - c8dde243-9181-473a-92e4-4f1117ae2063-RaftLogWorker: created new log segment /opt/src/hadoop-ozone/integration-test/target/test-dir/MiniOzoneClusterImpl-b79a6205-7b5f-43da-95c3-5bf2e16134ee/datanode-3/data/ratis/9f7060c3-92aa-4544-84cf-13681992217a/current/log_inprogress_0
2019-06-14 10:01:08,143 INFO  ozone.MiniOzoneClusterImpl (MiniOzoneClusterImpl.java:lambda$waitForClusterToBeReady$0(142)) - Cluster is ready. Got 6 of 6 DN Heartbeats.
2019-06-14 10:01:08,148 INFO  impl.FollowerState (FollowerState.java:run(101)) - bd3eb131-f8c0-472f-9409-1e784d0329ae:group-BC91F9BDA76F changes to CANDIDATE, lastRpcTime:1192, electionTimeout:1192ms
2019-06-14 10:01:08,151 INFO  impl.RoleInfo (RoleInfo.java:shutdownFollowerState(121)) - bd3eb131-f8c0-472f-9409-1e784d0329ae: shutdown FollowerState
2019-06-14 10:01:08,151 INFO  impl.RaftServerImpl (RaftServerImpl.java:setRole(164)) - bd3eb131-f8c0-472f-9409-1e784d0329ae:group-BC91F9BDA76F changes role from FOLLOWER to CANDIDATE at term 0 for changeToCandidate
2019-06-14 10:01:08,152 INFO  impl.RoleInfo (RoleInfo.java:updateAndGet(143)) - bd3eb131-f8c0-472f-9409-1e784d0329ae: start LeaderElection
2019-06-14 10:01:08,161 INFO  impl.LeaderElection (LeaderElection.java:askForVotes(181)) - bd3eb131-f8c0-472f-9409-1e784d0329ae:group-BC91F9BDA76F:LeaderElection56: begin an election at term 1 for -1: [bd3eb131-f8c0-472f-9409-1e784d0329ae:192.168.105.157:37525], old=null
2019-06-14 10:01:08,161 INFO  impl.RoleInfo (RoleInfo.java:shutdownLeaderElection(134)) - bd3eb131-f8c0-472f-9409-1e784d0329ae: shutdown LeaderElection
2019-06-14 10:01:08,162 INFO  impl.RaftServerImpl (RaftServerImpl.java:setRole(164)) - bd3eb131-f8c0-472f-9409-1e784d0329ae:group-BC91F9BDA76F changes role from CANDIDATE to LEADER at term 1 for changeToLeader
2019-06-14 10:01:08,162 INFO  impl.RaftServerImpl (ServerState.java:setLeader(263)) - bd3eb131-f8c0-472f-9409-1e784d0329ae:group-BC91F9BDA76F change Leader from null to bd3eb131-f8c0-472f-9409-1e784d0329ae at term 1 for becomeLeader, leader elected after 1207ms
2019-06-14 10:01:08,166 INFO  server.RaftServerConfigKeys (ConfUtils.java:logGet(43)) - raft.server.staging.catchup.gap = 1000 (default)
2019-06-14 10:01:08,166 INFO  server.RaftServerConfigKeys (ConfUtils.java:logGet(43)) - raft.server.rpc.sleep.time = 25ms (default)
2019-06-14 10:01:08,169 INFO  server.RaftServerConfigKeys (ConfUtils.java:logGet(43)) - raft.server.watch.timeout = 10s (default)
2019-06-14 10:01:08,169 INFO  server.RaftServerConfigKeys (ConfUtils.java:logGet(43)) - raft.server.watch.timeout.denomination = 1s (default)
2019-06-14 10:01:08,169 INFO  impl.RoleInfo (RoleInfo.java:updateAndGet(143)) - bd3eb131-f8c0-472f-9409-1e784d0329ae: start LeaderState
2019-06-14 10:01:08,169 INFO  storage.RaftLogWorker (RaftLogWorker.java:startLogSegment(298)) - bd3eb131-f8c0-472f-9409-1e784d0329ae-RaftLogWorker: Starting segment from index:0
2019-06-14 10:01:08,211 INFO  impl.RaftServerImpl (ServerState.java:setRaftConf(361)) - bd3eb131-f8c0-472f-9409-1e784d0329ae:group-BC91F9BDA76F set configuration 0: [bd3eb131-f8c0-472f-9409-1e784d0329ae:192.168.105.157:37525], old=null at 0
2019-06-14 10:01:08,212 INFO  rpc.RpcClient (RpcClient.java:createVolume(289)) - Creating Volume: datanodefailurehandlingtest, with root as owner.
2019-06-14 10:01:08,213 INFO  storage.RaftLogWorker (RaftLogWorker.java:execute(469)) - bd3eb131-f8c0-472f-9409-1e784d0329ae-RaftLogWorker: created new log segment /opt/src/hadoop-ozone/integration-test/target/test-dir/MiniOzoneClusterImpl-b79a6205-7b5f-43da-95c3-5bf2e16134ee/datanode-4/data/ratis/cde036e2-b131-4c8e-b14f-bc91f9bda76f/current/log_inprogress_0
2019-06-14 10:01:08,224 INFO  rpc.RpcClient (RpcClient.java:createBucket(426)) - Creating Bucket: datanodefailurehandlingtest/datanodefailurehandlingtest, with Versioning false and Storage Type set to DISK and Encryption set to false 
2019-06-14 10:01:08,246 INFO  impl.FollowerState (FollowerState.java:run(101)) - c8dde243-9181-473a-92e4-4f1117ae2063:group-A53638CEC8BA changes to CANDIDATE, lastRpcTime:1070, electionTimeout:1070ms
2019-06-14 10:01:08,246 INFO  impl.RoleInfo (RoleInfo.java:shutdownFollowerState(121)) - c8dde243-9181-473a-92e4-4f1117ae2063: shutdown FollowerState
2019-06-14 10:01:08,246 INFO  impl.RaftServerImpl (RaftServerImpl.java:setRole(164)) - c8dde243-9181-473a-92e4-4f1117ae2063:group-A53638CEC8BA changes role from FOLLOWER to CANDIDATE at term 0 for changeToCandidate
2019-06-14 10:01:08,246 INFO  impl.RoleInfo (RoleInfo.java:updateAndGet(143)) - c8dde243-9181-473a-92e4-4f1117ae2063: start LeaderElection
2019-06-14 10:01:08,256 INFO  impl.FollowerState (FollowerState.java:run(101)) - bd3eb131-f8c0-472f-9409-1e784d0329ae:group-A53638CEC8BA changes to CANDIDATE, lastRpcTime:1071, electionTimeout:1070ms
2019-06-14 10:01:08,256 INFO  impl.RoleInfo (RoleInfo.java:shutdownFollowerState(121)) - bd3eb131-f8c0-472f-9409-1e784d0329ae: shutdown FollowerState
2019-06-14 10:01:08,256 INFO  impl.RaftServerImpl (RaftServerImpl.java:setRole(164)) - bd3eb131-f8c0-472f-9409-1e784d0329ae:group-A53638CEC8BA changes role from FOLLOWER to CANDIDATE at term 0 for changeToCandidate
2019-06-14 10:01:08,256 INFO  impl.RoleInfo (RoleInfo.java:updateAndGet(143)) - bd3eb131-f8c0-472f-9409-1e784d0329ae: start LeaderElection
2019-06-14 10:01:08,273 INFO  impl.LeaderElection (LeaderElection.java:askForVotes(181)) - c8dde243-9181-473a-92e4-4f1117ae2063:group-A53638CEC8BA:LeaderElection57: begin an election at term 1 for -1: [bd3eb131-f8c0-472f-9409-1e784d0329ae:192.168.105.157:37525, c8dde243-9181-473a-92e4-4f1117ae2063:192.168.105.157:43067, 69879625-cac2-4a9b-90a8-7b5f28f07273:192.168.105.157:43987], old=null
2019-06-14 10:01:08,274 INFO  impl.LeaderElection (LeaderElection.java:askForVotes(181)) - bd3eb131-f8c0-472f-9409-1e784d0329ae:group-A53638CEC8BA:LeaderElection58: begin an election at term 1 for -1: [bd3eb131-f8c0-472f-9409-1e784d0329ae:192.168.105.157:37525, c8dde243-9181-473a-92e4-4f1117ae2063:192.168.105.157:43067, 69879625-cac2-4a9b-90a8-7b5f28f07273:192.168.105.157:43987], old=null
2019-06-14 10:01:08,287 INFO  impl.RaftServerImpl (RaftServerImpl.java:setRole(164)) - 69879625-cac2-4a9b-90a8-7b5f28f07273:group-A53638CEC8BA changes role from FOLLOWER to FOLLOWER at term 1 for recognizeCandidate:c8dde243-9181-473a-92e4-4f1117ae2063
2019-06-14 10:01:08,287 INFO  impl.RoleInfo (RoleInfo.java:shutdownFollowerState(121)) - 69879625-cac2-4a9b-90a8-7b5f28f07273: shutdown FollowerState
2019-06-14 10:01:08,287 INFO  impl.RoleInfo (RoleInfo.java:updateAndGet(143)) - 69879625-cac2-4a9b-90a8-7b5f28f07273: start FollowerState
2019-06-14 10:01:08,298 INFO  impl.FollowerState (FollowerState.java:run(109)) - 69879625-cac2-4a9b-90a8-7b5f28f07273: FollowerState was interrupted: java.lang.InterruptedException: sleep interrupted
2019-06-14 10:01:08,312 INFO  impl.LeaderElection (LeaderElection.java:logAndReturn(56)) - c8dde243-9181-473a-92e4-4f1117ae2063:group-A53638CEC8BA:LeaderElection57: Election PASSED; received 1 response(s) [c8dde243-9181-473a-92e4-4f1117ae2063->69879625-cac2-4a9b-90a8-7b5f28f07273,true-t1] and 0 exception(s); c8dde243-9181-473a-92e4-4f1117ae2063:t1, leader=null, voted=c8dde243-9181-473a-92e4-4f1117ae2063, raftlog=c8dde243-9181-473a-92e4-4f1117ae2063-SegmentedRaftLog:OPENED:c-1,f-1,i0, conf=-1: [bd3eb131-f8c0-472f-9409-1e784d0329ae:192.168.105.157:37525, c8dde243-9181-473a-92e4-4f1117ae2063:192.168.105.157:43067, 69879625-cac2-4a9b-90a8-7b5f28f07273:192.168.105.157:43987], old=null
2019-06-14 10:01:08,316 INFO  impl.LeaderElection (LeaderElection.java:logAndReturn(56)) - bd3eb131-f8c0-472f-9409-1e784d0329ae:group-A53638CEC8BA:LeaderElection58: Election REJECTED; received 2 response(s) [bd3eb131-f8c0-472f-9409-1e784d0329ae->c8dde243-9181-473a-92e4-4f1117ae2063,false-t1, bd3eb131-f8c0-472f-9409-1e784d0329ae->69879625-cac2-4a9b-90a8-7b5f28f07273,false-t1] and 0 exception(s); bd3eb131-f8c0-472f-9409-1e784d0329ae:t1, leader=null, voted=bd3eb131-f8c0-472f-9409-1e784d0329ae, raftlog=bd3eb131-f8c0-472f-9409-1e784d0329ae-SegmentedRaftLog:OPENED:c-1,f-1,i0, conf=-1: [bd3eb131-f8c0-472f-9409-1e784d0329ae:192.168.105.157:37525, c8dde243-9181-473a-92e4-4f1117ae2063:192.168.105.157:43067, 69879625-cac2-4a9b-90a8-7b5f28f07273:192.168.105.157:43987], old=null
2019-06-14 10:01:08,317 INFO  impl.RoleInfo (RoleInfo.java:shutdownLeaderElection(134)) - c8dde243-9181-473a-92e4-4f1117ae2063: shutdown LeaderElection
2019-06-14 10:01:08,317 INFO  impl.RaftServerImpl (RaftServerImpl.java:setRole(164)) - bd3eb131-f8c0-472f-9409-1e784d0329ae:group-A53638CEC8BA changes role from CANDIDATE to FOLLOWER at term 1 for DISCOVERED_A_NEW_TERM
2019-06-14 10:01:08,318 INFO  impl.RoleInfo (RoleInfo.java:shutdownLeaderElection(134)) - bd3eb131-f8c0-472f-9409-1e784d0329ae: shutdown LeaderElection
2019-06-14 10:01:08,317 INFO  impl.RaftServerImpl (RaftServerImpl.java:setRole(164)) - c8dde243-9181-473a-92e4-4f1117ae2063:group-A53638CEC8BA changes role from CANDIDATE to LEADER at term 1 for changeToLeader
2019-06-14 10:01:08,326 INFO  impl.RaftServerImpl (ServerState.java:setLeader(263)) - c8dde243-9181-473a-92e4-4f1117ae2063:group-A53638CEC8BA change Leader from null to c8dde243-9181-473a-92e4-4f1117ae2063 at term 1 for becomeLeader, leader elected after 1152ms
2019-06-14 10:01:08,326 INFO  impl.RoleInfo (RoleInfo.java:updateAndGet(143)) - bd3eb131-f8c0-472f-9409-1e784d0329ae: start FollowerState
2019-06-14 10:01:08,326 INFO  server.RaftServerConfigKeys (ConfUtils.java:logGet(43)) - raft.server.staging.catchup.gap = 1000 (default)
2019-06-14 10:01:08,331 INFO  server.RaftServerConfigKeys (ConfUtils.java:logGet(43)) - raft.server.rpc.sleep.time = 25ms (default)
2019-06-14 10:01:08,331 INFO  server.RaftServerConfigKeys (ConfUtils.java:logGet(43)) - raft.server.watch.timeout = 10s (default)
2019-06-14 10:01:08,331 INFO  server.RaftServerConfigKeys (ConfUtils.java:logGet(43)) - raft.server.watch.timeout.denomination = 1s (default)
2019-06-14 10:01:08,331 INFO  client.GrpcClientProtocolClient (GrpcClientProtocolClient.java:onNext(254)) - client-672D3AC7A3F5->97eb8041-3f51-43e4-a2e4-7cd770fc42d5: receive RaftClientReply:client-672D3AC7A3F5->97eb8041-3f51-43e4-a2e4-7cd770fc42d5@group-6B1AB7FE24BE, cid=159, SUCCESS, logIndex=1, commits[97eb8041-3f51-43e4-a2e4-7cd770fc42d5:c1, 3f826607-3be9-478d-8cd8-0087160c860d:c-1, c6f52c69-1ec8-401b-b44c-302b3bf109b1:c0]
2019-06-14 10:01:08,334 INFO  server.RaftServerConfigKeys (ConfUtils.java:logGet(43)) - raft.server.log.appender.snapshot.chunk.size.max = 16MB (=16777216) (default)
2019-06-14 10:01:08,334 INFO  server.RaftServerConfigKeys (ConfUtils.java:logGet(43)) - raft.server.log.appender.buffer.byte-limit = 33554432 (custom)
2019-06-14 10:01:08,334 INFO  server.RaftServerConfigKeys (ConfUtils.java:logGet(43)) - raft.server.log.appender.buffer.element-limit = 1 (custom)
2019-06-14 10:01:08,334 INFO  grpc.GrpcConfigKeys$Server (ConfUtils.java:logGet(43)) - raft.grpc.server.leader.outstanding.appends.max = 128 (default)
2019-06-14 10:01:08,334 INFO  server.RaftServerConfigKeys (ConfUtils.java:logGet(43)) - raft.server.rpc.request.timeout = 3000ms (default)
2019-06-14 10:01:08,334 INFO  server.RaftServerConfigKeys (ConfUtils.java:logGet(43)) - raft.server.log.appender.install.snapshot.enabled = true (default)
2019-06-14 10:01:08,335 INFO  impl.FollowerState (FollowerState.java:run(101)) - 69879625-cac2-4a9b-90a8-7b5f28f07273:group-4F4E0D55FAB3 changes to CANDIDATE, lastRpcTime:1177, electionTimeout:1175ms
2019-06-14 10:01:08,341 INFO  impl.RoleInfo (RoleInfo.java:shutdownFollowerState(121)) - 69879625-cac2-4a9b-90a8-7b5f28f07273: shutdown FollowerState
2019-06-14 10:01:08,341 INFO  impl.RaftServerImpl (RaftServerImpl.java:setRole(164)) - 69879625-cac2-4a9b-90a8-7b5f28f07273:group-4F4E0D55FAB3 changes role from FOLLOWER to CANDIDATE at term 0 for changeToCandidate
2019-06-14 10:01:08,341 INFO  impl.RoleInfo (RoleInfo.java:updateAndGet(143)) - 69879625-cac2-4a9b-90a8-7b5f28f07273: start LeaderElection
2019-06-14 10:01:08,341 INFO  server.RaftServerConfigKeys (ConfUtils.java:logGet(43)) - raft.server.log.appender.snapshot.chunk.size.max = 16MB (=16777216) (default)
2019-06-14 10:01:08,343 INFO  server.RaftServerConfigKeys (ConfUtils.java:logGet(43)) - raft.server.log.appender.buffer.byte-limit = 33554432 (custom)
2019-06-14 10:01:08,343 INFO  server.RaftServerConfigKeys (ConfUtils.java:logGet(43)) - raft.server.log.appender.buffer.element-limit = 1 (custom)
2019-06-14 10:01:08,343 INFO  grpc.GrpcConfigKeys$Server (ConfUtils.java:logGet(43)) - raft.grpc.server.leader.outstanding.appends.max = 128 (default)
2019-06-14 10:01:08,344 INFO  server.RaftServerConfigKeys (ConfUtils.java:logGet(43)) - raft.server.rpc.request.timeout = 3000ms (default)
2019-06-14 10:01:08,344 INFO  server.RaftServerConfigKeys (ConfUtils.java:logGet(43)) - raft.server.log.appender.install.snapshot.enabled = true (default)
2019-06-14 10:01:08,344 INFO  impl.RoleInfo (RoleInfo.java:updateAndGet(143)) - c8dde243-9181-473a-92e4-4f1117ae2063: start LeaderState
2019-06-14 10:01:08,344 INFO  storage.RaftLogWorker (RaftLogWorker.java:startLogSegment(298)) - c8dde243-9181-473a-92e4-4f1117ae2063-RaftLogWorker: Starting segment from index:0
2019-06-14 10:01:08,350 INFO  impl.RaftServerImpl (ServerState.java:setRaftConf(361)) - c8dde243-9181-473a-92e4-4f1117ae2063:group-A53638CEC8BA set configuration 0: [bd3eb131-f8c0-472f-9409-1e784d0329ae:192.168.105.157:37525, c8dde243-9181-473a-92e4-4f1117ae2063:192.168.105.157:43067, 69879625-cac2-4a9b-90a8-7b5f28f07273:192.168.105.157:43987], old=null at 0
2019-06-14 10:01:08,352 INFO  impl.RaftServerImpl (ServerState.java:setLeader(263)) - 69879625-cac2-4a9b-90a8-7b5f28f07273:group-A53638CEC8BA change Leader from null to c8dde243-9181-473a-92e4-4f1117ae2063 at term 1 for appendEntries, leader elected after 1171ms
2019-06-14 10:01:08,370 INFO  impl.LeaderElection (LeaderElection.java:askForVotes(181)) - 69879625-cac2-4a9b-90a8-7b5f28f07273:group-4F4E0D55FAB3:LeaderElection59: begin an election at term 1 for -1: [69879625-cac2-4a9b-90a8-7b5f28f07273:192.168.105.157:43987], old=null
2019-06-14 10:01:08,370 INFO  impl.RoleInfo (RoleInfo.java:shutdownLeaderElection(134)) - 69879625-cac2-4a9b-90a8-7b5f28f07273: shutdown LeaderElection
2019-06-14 10:01:08,370 INFO  impl.RaftServerImpl (RaftServerImpl.java:setRole(164)) - 69879625-cac2-4a9b-90a8-7b5f28f07273:group-4F4E0D55FAB3 changes role from CANDIDATE to LEADER at term 1 for changeToLeader
2019-06-14 10:01:08,370 INFO  impl.RaftServerImpl (ServerState.java:setLeader(263)) - 69879625-cac2-4a9b-90a8-7b5f28f07273:group-4F4E0D55FAB3 change Leader from null to 69879625-cac2-4a9b-90a8-7b5f28f07273 at term 1 for becomeLeader, leader elected after 1214ms
2019-06-14 10:01:08,370 INFO  server.RaftServerConfigKeys (ConfUtils.java:logGet(43)) - raft.server.staging.catchup.gap = 1000 (default)
2019-06-14 10:01:08,370 INFO  server.RaftServerConfigKeys (ConfUtils.java:logGet(43)) - raft.server.rpc.sleep.time = 25ms (default)
2019-06-14 10:01:08,372 INFO  impl.RaftServerImpl (ServerState.java:setLeader(263)) - bd3eb131-f8c0-472f-9409-1e784d0329ae:group-A53638CEC8BA change Leader from null to c8dde243-9181-473a-92e4-4f1117ae2063 at term 1 for appendEntries, leader elected after 1189ms
2019-06-14 10:01:08,380 INFO  impl.RaftServerImpl (ServerState.java:setRaftConf(361)) - 69879625-cac2-4a9b-90a8-7b5f28f07273:group-A53638CEC8BA set configuration 0: [bd3eb131-f8c0-472f-9409-1e784d0329ae:192.168.105.157:37525, c8dde243-9181-473a-92e4-4f1117ae2063:192.168.105.157:43067, 69879625-cac2-4a9b-90a8-7b5f28f07273:192.168.105.157:43987], old=null at 0
2019-06-14 10:01:08,380 INFO  storage.RaftLogWorker (RaftLogWorker.java:startLogSegment(298)) - 69879625-cac2-4a9b-90a8-7b5f28f07273-RaftLogWorker: Starting segment from index:0
2019-06-14 10:01:08,397 INFO  server.RaftServerConfigKeys (ConfUtils.java:logGet(43)) - raft.server.watch.timeout = 10s (default)
2019-06-14 10:01:08,398 INFO  server.RaftServerConfigKeys (ConfUtils.java:logGet(43)) - raft.server.watch.timeout.denomination = 1s (default)
2019-06-14 10:01:08,398 INFO  impl.RoleInfo (RoleInfo.java:updateAndGet(143)) - 69879625-cac2-4a9b-90a8-7b5f28f07273: start LeaderState
2019-06-14 10:01:08,398 INFO  storage.RaftLogWorker (RaftLogWorker.java:startLogSegment(298)) - 69879625-cac2-4a9b-90a8-7b5f28f07273-RaftLogWorker: Starting segment from index:0
2019-06-14 10:01:08,398 INFO  impl.RaftServerImpl (ServerState.java:setRaftConf(361)) - 69879625-cac2-4a9b-90a8-7b5f28f07273:group-4F4E0D55FAB3 set configuration 0: [69879625-cac2-4a9b-90a8-7b5f28f07273:192.168.105.157:43987], old=null at 0
2019-06-14 10:01:08,462 INFO  client.GrpcClientProtocolClient (GrpcClientProtocolClient.java:onNext(254)) - client-672D3AC7A3F5->97eb8041-3f51-43e4-a2e4-7cd770fc42d5: receive RaftClientReply:client-672D3AC7A3F5->97eb8041-3f51-43e4-a2e4-7cd770fc42d5@group-6B1AB7FE24BE, cid=160, SUCCESS, logIndex=3, commits[97eb8041-3f51-43e4-a2e4-7cd770fc42d5:c3, 3f826607-3be9-478d-8cd8-0087160c860d:c2, c6f52c69-1ec8-401b-b44c-302b3bf109b1:c2]
2019-06-14 10:01:08,426 INFO  storage.RaftLogWorker (RaftLogWorker.java:execute(469)) - c8dde243-9181-473a-92e4-4f1117ae2063-RaftLogWorker: created new log segment /opt/src/hadoop-ozone/integration-test/target/test-dir/MiniOzoneClusterImpl-b79a6205-7b5f-43da-95c3-5bf2e16134ee/datanode-3/data/ratis/72bb6241-778e-4580-9442-a53638cec8ba/current/log_inprogress_0
2019-06-14 10:01:08,463 INFO  impl.RaftServerImpl (ServerState.java:setRaftConf(361)) - bd3eb131-f8c0-472f-9409-1e784d0329ae:group-A53638CEC8BA set configuration 0: [bd3eb131-f8c0-472f-9409-1e784d0329ae:192.168.105.157:37525, c8dde243-9181-473a-92e4-4f1117ae2063:192.168.105.157:43067, 69879625-cac2-4a9b-90a8-7b5f28f07273:192.168.105.157:43987], old=null at 0
2019-06-14 10:01:08,463 INFO  storage.RaftLogWorker (RaftLogWorker.java:startLogSegment(298)) - bd3eb131-f8c0-472f-9409-1e784d0329ae-RaftLogWorker: Starting segment from index:0
2019-06-14 10:01:08,469 INFO  storage.RaftLogWorker (RaftLogWorker.java:execute(469)) - 69879625-cac2-4a9b-90a8-7b5f28f07273-RaftLogWorker: created new log segment /opt/src/hadoop-ozone/integration-test/target/test-dir/MiniOzoneClusterImpl-b79a6205-7b5f-43da-95c3-5bf2e16134ee/datanode-5/data/ratis/4c3bb57a-6453-4484-a257-4f4e0d55fab3/current/log_inprogress_0
2019-06-14 10:01:08,538 INFO  client.GrpcClientProtocolClient (GrpcClientProtocolClient.java:onNext(254)) - client-672D3AC7A3F5->97eb8041-3f51-43e4-a2e4-7cd770fc42d5: receive RaftClientReply:client-672D3AC7A3F5->97eb8041-3f51-43e4-a2e4-7cd770fc42d5@group-6B1AB7FE24BE, cid=161, SUCCESS, logIndex=0, commits[97eb8041-3f51-43e4-a2e4-7cd770fc42d5:c4, 3f826607-3be9-478d-8cd8-0087160c860d:c3, c6f52c69-1ec8-401b-b44c-302b3bf109b1:c3]
2019-06-14 10:01:08,539 INFO  datanode.ObjectStoreHandler (ObjectStoreHandler.java:close(155)) - Closing ObjectStoreHandler.
2019-06-14 10:01:08,539 INFO  ozone.HddsDatanodeService (HddsDatanodeService.java:stop(452)) - Stopped plug-in org.apache.hadoop.ozone.web.OzoneHddsDatanodeService@125ed27
2019-06-14 10:01:08,539 INFO  statemachine.DatanodeStateMachine (DatanodeStateMachine.java:lambda$startDaemon$0(350)) - Ozone container server started.
2019-06-14 10:01:08,540 INFO  storage.RaftLogWorker (RaftLogWorker.java:execute(469)) - 69879625-cac2-4a9b-90a8-7b5f28f07273-RaftLogWorker: created new log segment /opt/src/hadoop-ozone/integration-test/target/test-dir/MiniOzoneClusterImpl-b79a6205-7b5f-43da-95c3-5bf2e16134ee/datanode-5/data/ratis/72bb6241-778e-4580-9442-a53638cec8ba/current/log_inprogress_0
2019-06-14 10:01:08,540 INFO  ozoneimpl.OzoneContainer (OzoneContainer.java:stop(199)) - Attempting to stop container services.
2019-06-14 10:01:08,540 INFO  storage.RaftLogWorker (RaftLogWorker.java:execute(469)) - bd3eb131-f8c0-472f-9409-1e784d0329ae-RaftLogWorker: created new log segment /opt/src/hadoop-ozone/integration-test/target/test-dir/MiniOzoneClusterImpl-b79a6205-7b5f-43da-95c3-5bf2e16134ee/datanode-4/data/ratis/72bb6241-778e-4580-9442-a53638cec8ba/current/log_inprogress_0
2019-06-14 10:01:08,540 INFO  impl.RaftServerProxy (RaftServerProxy.java:lambda$close$4(314)) - 97eb8041-3f51-43e4-a2e4-7cd770fc42d5: close
2019-06-14 10:01:08,540 INFO  impl.RaftServerImpl (RaftServerImpl.java:lambda$shutdown$3(238)) - 97eb8041-3f51-43e4-a2e4-7cd770fc42d5: shutdown group-7E99BFF8F880
2019-06-14 10:01:08,541 INFO  util.JmxRegister (JmxRegister.java:unregister(73)) - Successfully un-registered JMX Bean with object name Ratis:service=RaftServer,group=group-7E99BFF8F880,id=97eb8041-3f51-43e4-a2e4-7cd770fc42d5
2019-06-14 10:01:08,541 INFO  impl.RoleInfo (RoleInfo.java:shutdownLeaderState(104)) - 97eb8041-3f51-43e4-a2e4-7cd770fc42d5: shutdown LeaderState
2019-06-14 10:01:08,541 INFO  impl.PendingRequests (PendingRequests.java:sendNotLeaderResponses(140)) - 97eb8041-3f51-43e4-a2e4-7cd770fc42d5-PendingRequests: sendNotLeaderResponses
2019-06-14 10:01:08,541 INFO  impl.StateMachineUpdater (StateMachineUpdater.java:stopAndJoin(109)) - StateMachineUpdater-97eb8041-3f51-43e4-a2e4-7cd770fc42d5-group-7E99BFF8F880: set stopIndex = 0
2019-06-14 10:01:08,541 INFO  ratis.ContainerStateMachine (ContainerStateMachine.java:takeSnapshot(245)) - Taking snapshot at termIndex:(t:0, i:~)
2019-06-14 10:01:08,542 INFO  impl.RaftServerImpl (ServerState.java:close(394)) - 97eb8041-3f51-43e4-a2e4-7cd770fc42d5:group-7E99BFF8F880 closes. The last applied log index is 0
2019-06-14 10:01:08,542 INFO  storage.RaftLogWorker (RaftLogWorker.java:run(236)) - 97eb8041-3f51-43e4-a2e4-7cd770fc42d5-RaftLogWorker was interrupted, exiting. There are 0 tasks remaining in the queue.
2019-06-14 10:01:08,546 INFO  storage.RaftLogWorker (RaftLogWorker.java:close(168)) - 97eb8041-3f51-43e4-a2e4-7cd770fc42d5-RaftLogWorker close()
2019-06-14 10:01:08,555 INFO  impl.RaftServerImpl (RaftServerImpl.java:lambda$shutdown$3(238)) - 97eb8041-3f51-43e4-a2e4-7cd770fc42d5: shutdown group-6B1AB7FE24BE
2019-06-14 10:01:08,556 INFO  util.JmxRegister (JmxRegister.java:unregister(73)) - Successfully un-registered JMX Bean with object name Ratis:service=RaftServer,group=group-6B1AB7FE24BE,id=97eb8041-3f51-43e4-a2e4-7cd770fc42d5
2019-06-14 10:01:08,556 INFO  impl.RoleInfo (RoleInfo.java:shutdownLeaderState(104)) - 97eb8041-3f51-43e4-a2e4-7cd770fc42d5: shutdown LeaderState
2019-06-14 10:01:08,556 INFO  impl.PendingRequests (PendingRequests.java:sendNotLeaderResponses(140)) - 97eb8041-3f51-43e4-a2e4-7cd770fc42d5-PendingRequests: sendNotLeaderResponses
2019-06-14 10:01:08,556 WARN  server.GrpcLogAppender (GrpcLogAppender.java:mayWait(142)) - GrpcLogAppender(97eb8041-3f51-43e4-a2e4-7cd770fc42d5 -> 3f826607-3be9-478d-8cd8-0087160c860d): Wait interrupted by java.lang.InterruptedException
2019-06-14 10:01:08,557 WARN  server.GrpcLogAppender (GrpcLogAppender.java:mayWait(142)) - GrpcLogAppender(97eb8041-3f51-43e4-a2e4-7cd770fc42d5 -> c6f52c69-1ec8-401b-b44c-302b3bf109b1): Wait interrupted by java.lang.InterruptedException
2019-06-14 10:01:08,563 INFO  impl.StateMachineUpdater (StateMachineUpdater.java:stopAndJoin(109)) - StateMachineUpdater-97eb8041-3f51-43e4-a2e4-7cd770fc42d5-group-6B1AB7FE24BE: set stopIndex = 4
2019-06-14 10:01:08,563 INFO  ratis.ContainerStateMachine (ContainerStateMachine.java:takeSnapshot(245)) - Taking snapshot at termIndex:(t:1, i:3)
2019-06-14 10:01:08,563 INFO  ratis.ContainerStateMachine (ContainerStateMachine.java:takeSnapshot(249)) - Taking a snapshot to file /opt/src/hadoop-ozone/integration-test/target/test-dir/MiniOzoneClusterImpl-b79a6205-7b5f-43da-95c3-5bf2e16134ee/datanode-0/data/ratis/81136981-52e8-426f-b5c1-6b1ab7fe24be/sm/snapshot.1_3
2019-06-14 10:01:08,563 INFO  impl.RaftServerImpl (ServerState.java:close(394)) - 97eb8041-3f51-43e4-a2e4-7cd770fc42d5:group-6B1AB7FE24BE closes. The last applied log index is 4
2019-06-14 10:01:08,563 INFO  storage.RaftLogWorker (RaftLogWorker.java:run(236)) - 97eb8041-3f51-43e4-a2e4-7cd770fc42d5-RaftLogWorker was interrupted, exiting. There are 0 tasks remaining in the queue.
2019-06-14 10:01:08,565 INFO  storage.RaftLogWorker (RaftLogWorker.java:close(168)) - 97eb8041-3f51-43e4-a2e4-7cd770fc42d5-RaftLogWorker close()
2019-06-14 10:01:08,565 INFO  server.GrpcServerProtocolService (GrpcServerProtocolService.java:onCompleted(104)) - 3f826607-3be9-478d-8cd8-0087160c860d: appendEntries completed
2019-06-14 10:01:08,567 INFO  server.GrpcService (GrpcService.java:closeImpl(154)) - 97eb8041-3f51-43e4-a2e4-7cd770fc42d5: shutdown server with port 45721 now
2019-06-14 10:01:08,568 INFO  server.GrpcServerProtocolService (GrpcServerProtocolService.java:onCompleted(104)) - c6f52c69-1ec8-401b-b44c-302b3bf109b1: appendEntries completed
2019-06-14 10:01:08,568 INFO  server.GrpcLogAppender (GrpcLogAppender.java:onCompleted(277)) - 97eb8041-3f51-43e4-a2e4-7cd770fc42d5: follower 97eb8041-3f51-43e4-a2e4-7cd770fc42d5->3f826607-3be9-478d-8cd8-0087160c860d(c3,m4,n5, attendVote=true, lastRpcSendTime=214, lastRpcResponseTime=141) response Completed
2019-06-14 10:01:08,568 INFO  impl.FollowerInfo (FollowerInfo.java:lambda$new$0(50)) - 97eb8041-3f51-43e4-a2e4-7cd770fc42d5->3f826607-3be9-478d-8cd8-0087160c860d: nextIndex: updateUnconditionally 5 -> -1
2019-06-14 10:01:08,568 INFO  server.GrpcService (GrpcService.java:closeImpl(162)) - 97eb8041-3f51-43e4-a2e4-7cd770fc42d5: shutdown server with port 45721 successfully
2019-06-14 10:01:08,568 WARN  client.GrpcClientProtocolService (LogUtils.java:warn(134)) - 1-UnorderedRequestStreamObserver1: onError: org.apache.ratis.thirdparty.io.grpc.StatusRuntimeException: CANCELLED: cancelled before receiving half close
2019-06-14 10:01:08,569 INFO  server.GrpcLogAppender (GrpcLogAppender.java:onError(266)) - GrpcLogAppender(97eb8041-3f51-43e4-a2e4-7cd770fc42d5 -> c6f52c69-1ec8-401b-b44c-302b3bf109b1) is stopped
2019-06-14 10:01:08,585 WARN  fs.CachingGetSpaceUsed (CachingGetSpaceUsed.java:run(183)) - Thread Interrupted waiting to refresh disk information: sleep interrupted
2019-06-14 10:01:08,598 INFO  statemachine.DatanodeStateMachine (DatanodeStateMachine.java:stopDaemon(395)) - Ozone container server stopped.
2019-06-14 10:01:08,598 INFO  handler.ContextHandler (ContextHandler.java:doStop(910)) - Stopped o.e.j.w.WebAppContext@70736b19{/,null,UNAVAILABLE}{/hddsDatanode}
2019-06-14 10:01:08,599 INFO  server.AbstractConnector (AbstractConnector.java:doStop(318)) - Stopped ServerConnector@183e64a8{HTTP/1.1,[http/1.1]}{0.0.0.0:0}
2019-06-14 10:01:08,599 INFO  handler.ContextHandler (ContextHandler.java:doStop(910)) - Stopped o.e.j.s.ServletContextHandler@6b61a4b0{/static,jar:file:/root/.m2/repository/org/apache/hadoop/hadoop-hdds-container-service/0.5.0-SNAPSHOT/hadoop-hdds-container-service-0.5.0-SNAPSHOT.jar!/webapps/static,UNAVAILABLE}
2019-06-14 10:01:08,599 INFO  handler.ContextHandler (ContextHandler.java:doStop(910)) - Stopped o.e.j.s.ServletContextHandler@327ac23{/logs,file:///opt/src/hadoop-ozone/integration-test/target/log,UNAVAILABLE}
2019-06-14 10:01:09,622 INFO  client.GrpcClientProtocolClient (GrpcClientProtocolClient.java:onNext(254)) - client-672D3AC7A3F5->3f826607-3be9-478d-8cd8-0087160c860d: receive RaftClientReply:client-672D3AC7A3F5->3f826607-3be9-478d-8cd8-0087160c860d@group-6B1AB7FE24BE, cid=162, FAILED org.apache.ratis.protocol.NotLeaderException: Server 3f826607-3be9-478d-8cd8-0087160c860d is not the leader (97eb8041-3f51-43e4-a2e4-7cd770fc42d5:192.168.105.157:45721). Request must be sent to leader., logIndex=0, commits[3f826607-3be9-478d-8cd8-0087160c860d:c3, 97eb8041-3f51-43e4-a2e4-7cd770fc42d5:c3, c6f52c69-1ec8-401b-b44c-302b3bf109b1:c1]
2019-06-14 10:01:09,625 WARN  client.GrpcClientProtocolService (LogUtils.java:warn(134)) - 0-OrderedRequestStreamObserver0: onError: org.apache.ratis.thirdparty.io.grpc.StatusRuntimeException: CANCELLED: cancelled before receiving half close
2019-06-14 10:01:09,820 INFO  impl.FollowerState (FollowerState.java:run(101)) - 3f826607-3be9-478d-8cd8-0087160c860d:group-6B1AB7FE24BE changes to CANDIDATE, lastRpcTime:1394, electionTimeout:1044ms
2019-06-14 10:01:09,820 INFO  impl.RoleInfo (RoleInfo.java:shutdownFollowerState(121)) - 3f826607-3be9-478d-8cd8-0087160c860d: shutdown FollowerState
2019-06-14 10:01:09,820 INFO  impl.RaftServerImpl (RaftServerImpl.java:setRole(164)) - 3f826607-3be9-478d-8cd8-0087160c860d:group-6B1AB7FE24BE changes role from FOLLOWER to CANDIDATE at term 1 for changeToCandidate
2019-06-14 10:01:09,821 INFO  impl.RoleInfo (RoleInfo.java:updateAndGet(143)) - 3f826607-3be9-478d-8cd8-0087160c860d: start LeaderElection
2019-06-14 10:01:09,821 INFO  impl.RaftServerImpl (ServerState.java:setLeader(263)) - 3f826607-3be9-478d-8cd8-0087160c860d:group-6B1AB7FE24BE change Leader from 97eb8041-3f51-43e4-a2e4-7cd770fc42d5 to null at term 1 for initElection
2019-06-14 10:01:09,823 INFO  impl.LeaderElection (LeaderElection.java:askForVotes(181)) - 3f826607-3be9-478d-8cd8-0087160c860d:group-6B1AB7FE24BE:LeaderElection60: begin an election at term 2 for 0: [3f826607-3be9-478d-8cd8-0087160c860d:192.168.105.157:37849, 97eb8041-3f51-43e4-a2e4-7cd770fc42d5:192.168.105.157:45721, c6f52c69-1ec8-401b-b44c-302b3bf109b1:192.168.105.157:44609], old=null
2019-06-14 10:01:09,828 INFO  impl.LeaderElection (LogUtils.java:infoOrTrace(149)) - 3f826607-3be9-478d-8cd8-0087160c860d:group-6B1AB7FE24BE:LeaderElection60 got exception when requesting votes: {}
java.util.concurrent.ExecutionException: org.apache.ratis.thirdparty.io.grpc.StatusRuntimeException: UNAVAILABLE: io exception
	at java.util.concurrent.FutureTask.report(FutureTask.java:122)
	at java.util.concurrent.FutureTask.get(FutureTask.java:192)
	at org.apache.ratis.server.impl.LeaderElection.waitForResults(LeaderElection.java:262)
	at org.apache.ratis.server.impl.LeaderElection.askForVotes(LeaderElection.java:200)
	at org.apache.ratis.server.impl.LeaderElection.run(LeaderElection.java:130)
	at java.lang.Thread.run(Thread.java:748)
Caused by: org.apache.ratis.thirdparty.io.grpc.StatusRuntimeException: UNAVAILABLE: io exception
	at org.apache.ratis.thirdparty.io.grpc.stub.ClientCalls.toStatusRuntimeException(ClientCalls.java:233)
	at org.apache.ratis.thirdparty.io.grpc.stub.ClientCalls.getUnchecked(ClientCalls.java:214)
	at org.apache.ratis.thirdparty.io.grpc.stub.ClientCalls.blockingUnaryCall(ClientCalls.java:139)
	at org.apache.ratis.proto.grpc.RaftServerProtocolServiceGrpc$RaftServerProtocolServiceBlockingStub.requestVote(RaftServerProtocolServiceGrpc.java:265)
	at org.apache.ratis.grpc.server.GrpcServerProtocolClient.requestVote(GrpcServerProtocolClient.java:83)
	at org.apache.ratis.grpc.server.GrpcService.requestVote(GrpcService.java:194)
	at org.apache.ratis.server.impl.LeaderElection.lambda$submitRequests$1(LeaderElection.java:237)
	at java.util.concurrent.FutureTask.run(FutureTask.java:266)
	at java.util.concurrent.Executors$RunnableAdapter.call(Executors.java:511)
	at java.util.concurrent.FutureTask.run(FutureTask.java:266)
	at java.util.concurrent.ThreadPoolExecutor.runWorker(ThreadPoolExecutor.java:1149)
	at java.util.concurrent.ThreadPoolExecutor$Worker.run(ThreadPoolExecutor.java:624)
	... 1 more
Caused by: org.apache.ratis.thirdparty.io.netty.channel.AbstractChannel$AnnotatedConnectException: Connection refused: /192.168.105.157:45721
	at sun.nio.ch.SocketChannelImpl.checkConnect(Native Method)
	at sun.nio.ch.SocketChannelImpl.finishConnect(SocketChannelImpl.java:717)
	at org.apache.ratis.thirdparty.io.netty.channel.socket.nio.NioSocketChannel.doFinishConnect(NioSocketChannel.java:327)
	at org.apache.ratis.thirdparty.io.netty.channel.nio.AbstractNioChannel$AbstractNioUnsafe.finishConnect(AbstractNioChannel.java:340)
	at org.apache.ratis.thirdparty.io.netty.channel.nio.NioEventLoop.processSelectedKey(NioEventLoop.java:632)
	at org.apache.ratis.thirdparty.io.netty.channel.nio.NioEventLoop.processSelectedKeysOptimized(NioEventLoop.java:579)
	at org.apache.ratis.thirdparty.io.netty.channel.nio.NioEventLoop.processSelectedKeys(NioEventLoop.java:496)
	at org.apache.ratis.thirdparty.io.netty.channel.nio.NioEventLoop.run(NioEventLoop.java:458)
	at org.apache.ratis.thirdparty.io.netty.util.concurrent.SingleThreadEventExecutor$5.run(SingleThreadEventExecutor.java:897)
	at org.apache.ratis.thirdparty.io.netty.util.concurrent.FastThreadLocalRunnable.run(FastThreadLocalRunnable.java:30)
	... 1 more
Caused by: java.net.ConnectException: Connection refused
	... 11 more
2019-06-14 10:01:09,832 INFO  impl.RaftServerImpl (ServerState.java:setLeader(263)) - c6f52c69-1ec8-401b-b44c-302b3bf109b1:group-6B1AB7FE24BE change Leader from 97eb8041-3f51-43e4-a2e4-7cd770fc42d5 to null at term 2 for updateCurrentTerm
2019-06-14 10:01:09,833 INFO  impl.RaftServerImpl (RaftServerImpl.java:setRole(164)) - c6f52c69-1ec8-401b-b44c-302b3bf109b1:group-6B1AB7FE24BE changes role from FOLLOWER to FOLLOWER at term 2 for recognizeCandidate:3f826607-3be9-478d-8cd8-0087160c860d
2019-06-14 10:01:09,833 INFO  impl.RoleInfo (RoleInfo.java:shutdownFollowerState(121)) - c6f52c69-1ec8-401b-b44c-302b3bf109b1: shutdown FollowerState
2019-06-14 10:01:09,833 INFO  impl.RoleInfo (RoleInfo.java:updateAndGet(143)) - c6f52c69-1ec8-401b-b44c-302b3bf109b1: start FollowerState
2019-06-14 10:01:09,833 INFO  impl.FollowerState (FollowerState.java:run(109)) - c6f52c69-1ec8-401b-b44c-302b3bf109b1: FollowerState was interrupted: java.lang.InterruptedException: sleep interrupted
2019-06-14 10:01:09,836 INFO  impl.LeaderElection (LeaderElection.java:logAndReturn(56)) - 3f826607-3be9-478d-8cd8-0087160c860d:group-6B1AB7FE24BE:LeaderElection60: Election PASSED; received 1 response(s) [3f826607-3be9-478d-8cd8-0087160c860d->c6f52c69-1ec8-401b-b44c-302b3bf109b1,true-t2] and 1 exception(s); 3f826607-3be9-478d-8cd8-0087160c860d:t2, leader=null, voted=3f826607-3be9-478d-8cd8-0087160c860d, raftlog=3f826607-3be9-478d-8cd8-0087160c860d-SegmentedRaftLog:OPENED:c3,f4,i4, conf=0: [3f826607-3be9-478d-8cd8-0087160c860d:192.168.105.157:37849, 97eb8041-3f51-43e4-a2e4-7cd770fc42d5:192.168.105.157:45721, c6f52c69-1ec8-401b-b44c-302b3bf109b1:192.168.105.157:44609], old=null
2019-06-14 10:01:09,836 INFO  impl.LeaderElection (LogUtils.java:infoOrTrace(149)) -   Exception 0: {}
java.util.concurrent.ExecutionException: org.apache.ratis.thirdparty.io.grpc.StatusRuntimeException: UNAVAILABLE: io exception
	at java.util.concurrent.FutureTask.report(FutureTask.java:122)
	at java.util.concurrent.FutureTask.get(FutureTask.java:192)
	at org.apache.ratis.server.impl.LeaderElection.waitForResults(LeaderElection.java:262)
	at org.apache.ratis.server.impl.LeaderElection.askForVotes(LeaderElection.java:200)
	at org.apache.ratis.server.impl.LeaderElection.run(LeaderElection.java:130)
	at java.lang.Thread.run(Thread.java:748)
Caused by: org.apache.ratis.thirdparty.io.grpc.StatusRuntimeException: UNAVAILABLE: io exception
	at org.apache.ratis.thirdparty.io.grpc.stub.ClientCalls.toStatusRuntimeException(ClientCalls.java:233)
	at org.apache.ratis.thirdparty.io.grpc.stub.ClientCalls.getUnchecked(ClientCalls.java:214)
	at org.apache.ratis.thirdparty.io.grpc.stub.ClientCalls.blockingUnaryCall(ClientCalls.java:139)
	at org.apache.ratis.proto.grpc.RaftServerProtocolServiceGrpc$RaftServerProtocolServiceBlockingStub.requestVote(RaftServerProtocolServiceGrpc.java:265)
	at org.apache.ratis.grpc.server.GrpcServerProtocolClient.requestVote(GrpcServerProtocolClient.java:83)
	at org.apache.ratis.grpc.server.GrpcService.requestVote(GrpcService.java:194)
	at org.apache.ratis.server.impl.LeaderElection.lambda$submitRequests$1(LeaderElection.java:237)
	at java.util.concurrent.FutureTask.run(FutureTask.java:266)
	at java.util.concurrent.Executors$RunnableAdapter.call(Executors.java:511)
	at java.util.concurrent.FutureTask.run(FutureTask.java:266)
	at java.util.concurrent.ThreadPoolExecutor.runWorker(ThreadPoolExecutor.java:1149)
	at java.util.concurrent.ThreadPoolExecutor$Worker.run(ThreadPoolExecutor.java:624)
	... 1 more
Caused by: org.apache.ratis.thirdparty.io.netty.channel.AbstractChannel$AnnotatedConnectException: Connection refused: /192.168.105.157:45721
	at sun.nio.ch.SocketChannelImpl.checkConnect(Native Method)
	at sun.nio.ch.SocketChannelImpl.finishConnect(SocketChannelImpl.java:717)
	at org.apache.ratis.thirdparty.io.netty.channel.socket.nio.NioSocketChannel.doFinishConnect(NioSocketChannel.java:327)
	at org.apache.ratis.thirdparty.io.netty.channel.nio.AbstractNioChannel$AbstractNioUnsafe.finishConnect(AbstractNioChannel.java:340)
	at org.apache.ratis.thirdparty.io.netty.channel.nio.NioEventLoop.processSelectedKey(NioEventLoop.java:632)
	at org.apache.ratis.thirdparty.io.netty.channel.nio.NioEventLoop.processSelectedKeysOptimized(NioEventLoop.java:579)
	at org.apache.ratis.thirdparty.io.netty.channel.nio.NioEventLoop.processSelectedKeys(NioEventLoop.java:496)
	at org.apache.ratis.thirdparty.io.netty.channel.nio.NioEventLoop.run(NioEventLoop.java:458)
	at org.apache.ratis.thirdparty.io.netty.util.concurrent.SingleThreadEventExecutor$5.run(SingleThreadEventExecutor.java:897)
	at org.apache.ratis.thirdparty.io.netty.util.concurrent.FastThreadLocalRunnable.run(FastThreadLocalRunnable.java:30)
	... 1 more
Caused by: java.net.ConnectException: Connection refused
	... 11 more
2019-06-14 10:01:09,836 INFO  impl.RoleInfo (RoleInfo.java:shutdownLeaderElection(134)) - 3f826607-3be9-478d-8cd8-0087160c860d: shutdown LeaderElection
2019-06-14 10:01:09,836 INFO  impl.RaftServerImpl (RaftServerImpl.java:setRole(164)) - 3f826607-3be9-478d-8cd8-0087160c860d:group-6B1AB7FE24BE changes role from CANDIDATE to LEADER at term 2 for changeToLeader
2019-06-14 10:01:09,836 INFO  impl.RaftServerImpl (ServerState.java:setLeader(263)) - 3f826607-3be9-478d-8cd8-0087160c860d:group-6B1AB7FE24BE change Leader from null to 3f826607-3be9-478d-8cd8-0087160c860d at term 2 for becomeLeader, leader elected after 15ms
2019-06-14 10:01:09,836 INFO  server.RaftServerConfigKeys (ConfUtils.java:logGet(43)) - raft.server.staging.catchup.gap = 1000 (default)
2019-06-14 10:01:09,836 INFO  server.RaftServerConfigKeys (ConfUtils.java:logGet(43)) - raft.server.rpc.sleep.time = 25ms (default)
2019-06-14 10:01:09,836 INFO  server.RaftServerConfigKeys (ConfUtils.java:logGet(43)) - raft.server.watch.timeout = 10s (default)
2019-06-14 10:01:09,837 INFO  server.RaftServerConfigKeys (ConfUtils.java:logGet(43)) - raft.server.watch.timeout.denomination = 1s (default)
2019-06-14 10:01:09,837 INFO  server.RaftServerConfigKeys (ConfUtils.java:logGet(43)) - raft.server.log.appender.snapshot.chunk.size.max = 16MB (=16777216) (default)
2019-06-14 10:01:09,837 INFO  server.RaftServerConfigKeys (ConfUtils.java:logGet(43)) - raft.server.log.appender.buffer.byte-limit = 33554432 (custom)
2019-06-14 10:01:09,837 INFO  server.RaftServerConfigKeys (ConfUtils.java:logGet(43)) - raft.server.log.appender.buffer.element-limit = 1 (custom)
2019-06-14 10:01:09,837 INFO  grpc.GrpcConfigKeys$Server (ConfUtils.java:logGet(43)) - raft.grpc.server.leader.outstanding.appends.max = 128 (default)
2019-06-14 10:01:09,837 INFO  server.RaftServerConfigKeys (ConfUtils.java:logGet(43)) - raft.server.rpc.request.timeout = 3000ms (default)
2019-06-14 10:01:09,837 INFO  server.RaftServerConfigKeys (ConfUtils.java:logGet(43)) - raft.server.log.appender.install.snapshot.enabled = true (default)
2019-06-14 10:01:09,837 INFO  server.RaftServerConfigKeys (ConfUtils.java:logGet(43)) - raft.server.log.appender.snapshot.chunk.size.max = 16MB (=16777216) (default)
2019-06-14 10:01:09,837 INFO  server.RaftServerConfigKeys (ConfUtils.java:logGet(43)) - raft.server.log.appender.buffer.byte-limit = 33554432 (custom)
2019-06-14 10:01:09,837 INFO  server.RaftServerConfigKeys (ConfUtils.java:logGet(43)) - raft.server.log.appender.buffer.element-limit = 1 (custom)
2019-06-14 10:01:09,837 INFO  grpc.GrpcConfigKeys$Server (ConfUtils.java:logGet(43)) - raft.grpc.server.leader.outstanding.appends.max = 128 (default)
2019-06-14 10:01:09,837 INFO  server.RaftServerConfigKeys (ConfUtils.java:logGet(43)) - raft.server.rpc.request.timeout = 3000ms (default)
2019-06-14 10:01:09,837 INFO  server.RaftServerConfigKeys (ConfUtils.java:logGet(43)) - raft.server.log.appender.install.snapshot.enabled = true (default)
2019-06-14 10:01:09,838 INFO  impl.RoleInfo (RoleInfo.java:updateAndGet(143)) - 3f826607-3be9-478d-8cd8-0087160c860d: start LeaderState
2019-06-14 10:01:09,838 INFO  storage.RaftLogWorker (RaftLogWorker.java:rollLogSegment(303)) - 3f826607-3be9-478d-8cd8-0087160c860d-RaftLogWorker: Rolling segment log-0_4 to index:4
2019-06-14 10:01:09,839 INFO  impl.RaftServerImpl (ServerState.java:setRaftConf(361)) - 3f826607-3be9-478d-8cd8-0087160c860d:group-6B1AB7FE24BE set configuration 5: [3f826607-3be9-478d-8cd8-0087160c860d:192.168.105.157:37849, 97eb8041-3f51-43e4-a2e4-7cd770fc42d5:192.168.105.157:45721, c6f52c69-1ec8-401b-b44c-302b3bf109b1:192.168.105.157:44609], old=null at 5
2019-06-14 10:01:09,839 WARN  server.GrpcLogAppender (LogUtils.java:warn(134)) - 3f826607-3be9-478d-8cd8-0087160c860d: Failed appendEntries to 97eb8041-3f51-43e4-a2e4-7cd770fc42d5:192.168.105.157:45721: org.apache.ratis.thirdparty.io.grpc.StatusRuntimeException: UNAVAILABLE: io exception
2019-06-14 10:01:09,839 INFO  storage.RaftLogWorker (RaftLogWorker.java:execute(433)) - 3f826607-3be9-478d-8cd8-0087160c860d-RaftLogWorker: Rolled log segment from /opt/src/hadoop-ozone/integration-test/target/test-dir/MiniOzoneClusterImpl-b79a6205-7b5f-43da-95c3-5bf2e16134ee/datanode-2/data/ratis/81136981-52e8-426f-b5c1-6b1ab7fe24be/current/log_inprogress_0 to /opt/src/hadoop-ozone/integration-test/target/test-dir/MiniOzoneClusterImpl-b79a6205-7b5f-43da-95c3-5bf2e16134ee/datanode-2/data/ratis/81136981-52e8-426f-b5c1-6b1ab7fe24be/current/log_0-4
2019-06-14 10:01:09,842 INFO  impl.RaftServerImpl (ServerState.java:setLeader(263)) - c6f52c69-1ec8-401b-b44c-302b3bf109b1:group-6B1AB7FE24BE change Leader from null to 3f826607-3be9-478d-8cd8-0087160c860d at term 2 for appendEntries, leader elected after 9ms
2019-06-14 10:01:09,842 INFO  impl.FollowerInfo (FollowerInfo.java:lambda$new$0(50)) - 3f826607-3be9-478d-8cd8-0087160c860d->97eb8041-3f51-43e4-a2e4-7cd770fc42d5: nextIndex: updateUnconditionally 5 -> 0
2019-06-14 10:01:09,843 INFO  impl.RaftServerImpl (ServerState.java:setRaftConf(361)) - c6f52c69-1ec8-401b-b44c-302b3bf109b1:group-6B1AB7FE24BE set configuration 5: [3f826607-3be9-478d-8cd8-0087160c860d:192.168.105.157:37849, 97eb8041-3f51-43e4-a2e4-7cd770fc42d5:192.168.105.157:45721, c6f52c69-1ec8-401b-b44c-302b3bf109b1:192.168.105.157:44609], old=null at 5
2019-06-14 10:01:09,843 INFO  storage.RaftLogWorker (RaftLogWorker.java:rollLogSegment(303)) - c6f52c69-1ec8-401b-b44c-302b3bf109b1-RaftLogWorker: Rolling segment log-0_4 to index:4
2019-06-14 10:01:09,844 INFO  storage.RaftLogWorker (RaftLogWorker.java:execute(433)) - c6f52c69-1ec8-401b-b44c-302b3bf109b1-RaftLogWorker: Rolled log segment from /opt/src/hadoop-ozone/integration-test/target/test-dir/MiniOzoneClusterImpl-b79a6205-7b5f-43da-95c3-5bf2e16134ee/datanode-1/data/ratis/81136981-52e8-426f-b5c1-6b1ab7fe24be/current/log_inprogress_0 to /opt/src/hadoop-ozone/integration-test/target/test-dir/MiniOzoneClusterImpl-b79a6205-7b5f-43da-95c3-5bf2e16134ee/datanode-1/data/ratis/81136981-52e8-426f-b5c1-6b1ab7fe24be/current/log_0-4
2019-06-14 10:01:09,879 INFO  storage.RaftLogWorker (RaftLogWorker.java:execute(469)) - 3f826607-3be9-478d-8cd8-0087160c860d-RaftLogWorker: created new log segment /opt/src/hadoop-ozone/integration-test/target/test-dir/MiniOzoneClusterImpl-b79a6205-7b5f-43da-95c3-5bf2e16134ee/datanode-2/data/ratis/81136981-52e8-426f-b5c1-6b1ab7fe24be/current/log_inprogress_5
2019-06-14 10:01:09,880 INFO  storage.RaftLogWorker (RaftLogWorker.java:execute(469)) - c6f52c69-1ec8-401b-b44c-302b3bf109b1-RaftLogWorker: created new log segment /opt/src/hadoop-ozone/integration-test/target/test-dir/MiniOzoneClusterImpl-b79a6205-7b5f-43da-95c3-5bf2e16134ee/datanode-1/data/ratis/81136981-52e8-426f-b5c1-6b1ab7fe24be/current/log_inprogress_5
2019-06-14 10:01:09,890 WARN  server.GrpcLogAppender (LogUtils.java:warn(134)) - 3f826607-3be9-478d-8cd8-0087160c860d: Failed appendEntries to 97eb8041-3f51-43e4-a2e4-7cd770fc42d5:192.168.105.157:45721: org.apache.ratis.thirdparty.io.grpc.StatusRuntimeException: UNAVAILABLE: io exception
2019-06-14 10:01:09,890 INFO  impl.FollowerInfo (FollowerInfo.java:lambda$new$0(50)) - 3f826607-3be9-478d-8cd8-0087160c860d->97eb8041-3f51-43e4-a2e4-7cd770fc42d5: nextIndex: updateUnconditionally 1 -> 0
2019-06-14 10:01:09,894 WARN  server.GrpcLogAppender (LogUtils.java:warn(134)) - 3f826607-3be9-478d-8cd8-0087160c860d: Failed appendEntries to 97eb8041-3f51-43e4-a2e4-7cd770fc42d5:192.168.105.157:45721: org.apache.ratis.thirdparty.io.grpc.StatusRuntimeException: UNAVAILABLE: io exception
2019-06-14 10:01:09,894 INFO  impl.FollowerInfo (FollowerInfo.java:lambda$new$0(50)) - 3f826607-3be9-478d-8cd8-0087160c860d->97eb8041-3f51-43e4-a2e4-7cd770fc42d5: nextIndex: updateUnconditionally 1 -> 0
2019-06-14 10:01:10,394 WARN  server.GrpcLogAppender (LogUtils.java:warn(134)) - 3f826607-3be9-478d-8cd8-0087160c860d: Failed appendEntries to 97eb8041-3f51-43e4-a2e4-7cd770fc42d5:192.168.105.157:45721: org.apache.ratis.thirdparty.io.grpc.StatusRuntimeException: UNAVAILABLE: io exception
2019-06-14 10:01:10,394 INFO  impl.FollowerInfo (FollowerInfo.java:lambda$new$0(50)) - 3f826607-3be9-478d-8cd8-0087160c860d->97eb8041-3f51-43e4-a2e4-7cd770fc42d5: nextIndex: updateUnconditionally 0 -> 0
2019-06-14 10:01:10,894 WARN  server.GrpcLogAppender (LogUtils.java:warn(134)) - 3f826607-3be9-478d-8cd8-0087160c860d: Failed appendEntries to 97eb8041-3f51-43e4-a2e4-7cd770fc42d5:192.168.105.157:45721: org.apache.ratis.thirdparty.io.grpc.StatusRuntimeException: UNAVAILABLE: io exception
2019-06-14 10:01:10,895 INFO  impl.FollowerInfo (FollowerInfo.java:lambda$new$0(50)) - 3f826607-3be9-478d-8cd8-0087160c860d->97eb8041-3f51-43e4-a2e4-7cd770fc42d5: nextIndex: updateUnconditionally 0 -> 0
2019-06-14 10:01:11,340 INFO  node.StaleNodeHandler (StaleNodeHandler.java:onMessage(58)) - Datanode 97eb8041-3f51-43e4-a2e4-7cd770fc42d5{ip: 192.168.105.157, host: ozone-mm759-2607770056, networkLocation: /default-rack, certSerialId: null} moved to stale state. Finalizing its pipelines [PipelineID=834941fc-be82-4bbc-9ac4-7e99bff8f880, PipelineID=81136981-52e8-426f-b5c1-6b1ab7fe24be]
2019-06-14 10:01:11,340 INFO  pipeline.SCMPipelineManager (SCMPipelineManager.java:finalizeAndDestroyPipeline(307)) - destroying pipeline:Pipeline[ Id: 834941fc-be82-4bbc-9ac4-7e99bff8f880, Nodes: 97eb8041-3f51-43e4-a2e4-7cd770fc42d5{ip: 192.168.105.157, host: ozone-mm759-2607770056, networkLocation: /default-rack, certSerialId: null}, Type:RATIS, Factor:ONE, State:OPEN]
2019-06-14 10:01:11,340 INFO  pipeline.PipelineStateManager (PipelineStateManager.java:finalizePipeline(123)) - Pipeline Pipeline[ Id: 834941fc-be82-4bbc-9ac4-7e99bff8f880, Nodes: 97eb8041-3f51-43e4-a2e4-7cd770fc42d5{ip: 192.168.105.157, host: ozone-mm759-2607770056, networkLocation: /default-rack, certSerialId: null}, Type:RATIS, Factor:ONE, State:CLOSED] moved to CLOSED state
2019-06-14 10:01:11,340 INFO  pipeline.SCMPipelineManager (SCMPipelineManager.java:finalizeAndDestroyPipeline(307)) - destroying pipeline:Pipeline[ Id: 81136981-52e8-426f-b5c1-6b1ab7fe24be, Nodes: 97eb8041-3f51-43e4-a2e4-7cd770fc42d5{ip: 192.168.105.157, host: ozone-mm759-2607770056, networkLocation: /default-rack, certSerialId: null}c6f52c69-1ec8-401b-b44c-302b3bf109b1{ip: 192.168.105.157, host: ozone-mm759-2607770056, networkLocation: /default-rack, certSerialId: null}3f826607-3be9-478d-8cd8-0087160c860d{ip: 192.168.105.157, host: ozone-mm759-2607770056, networkLocation: /default-rack, certSerialId: null}, Type:RATIS, Factor:THREE, State:OPEN]
2019-06-14 10:01:11,340 INFO  pipeline.PipelineStateManager (PipelineStateManager.java:finalizePipeline(123)) - Pipeline Pipeline[ Id: 81136981-52e8-426f-b5c1-6b1ab7fe24be, Nodes: 97eb8041-3f51-43e4-a2e4-7cd770fc42d5{ip: 192.168.105.157, host: ozone-mm759-2607770056, networkLocation: /default-rack, certSerialId: null}c6f52c69-1ec8-401b-b44c-302b3bf109b1{ip: 192.168.105.157, host: ozone-mm759-2607770056, networkLocation: /default-rack, certSerialId: null}3f826607-3be9-478d-8cd8-0087160c860d{ip: 192.168.105.157, host: ozone-mm759-2607770056, networkLocation: /default-rack, certSerialId: null}, Type:RATIS, Factor:THREE, State:CLOSED] moved to CLOSED state
2019-06-14 10:01:11,341 INFO  container.CloseContainerEventHandler (CloseContainerEventHandler.java:onMessage(61)) - Close container Event triggered for container : #1
2019-06-14 10:01:11,395 WARN  server.GrpcLogAppender (LogUtils.java:warn(134)) - 3f826607-3be9-478d-8cd8-0087160c860d: Failed appendEntries to 97eb8041-3f51-43e4-a2e4-7cd770fc42d5:192.168.105.157:45721: org.apache.ratis.thirdparty.io.grpc.StatusRuntimeException: UNAVAILABLE: io exception
2019-06-14 10:01:11,395 INFO  impl.FollowerInfo (FollowerInfo.java:lambda$new$0(50)) - 3f826607-3be9-478d-8cd8-0087160c860d->97eb8041-3f51-43e4-a2e4-7cd770fc42d5: nextIndex: updateUnconditionally 0 -> 0
2019-06-14 10:01:11,636 INFO  client.GrpcClientProtocolClient (GrpcClientProtocolClient.java:onNext(254)) - client-672D3AC7A3F5->c6f52c69-1ec8-401b-b44c-302b3bf109b1: receive RaftClientReply:client-672D3AC7A3F5->c6f52c69-1ec8-401b-b44c-302b3bf109b1@group-6B1AB7FE24BE, cid=162, FAILED org.apache.ratis.protocol.NotLeaderException: Server c6f52c69-1ec8-401b-b44c-302b3bf109b1 is not the leader (3f826607-3be9-478d-8cd8-0087160c860d:192.168.105.157:37849). Request must be sent to leader., logIndex=0, commits[c6f52c69-1ec8-401b-b44c-302b3bf109b1:c6, 3f826607-3be9-478d-8cd8-0087160c860d:c6, 97eb8041-3f51-43e4-a2e4-7cd770fc42d5:c3]
2019-06-14 10:01:11,639 WARN  client.GrpcClientProtocolService (LogUtils.java:warn(134)) - 0-OrderedRequestStreamObserver0: onError: org.apache.ratis.thirdparty.io.grpc.StatusRuntimeException: CANCELLED: cancelled before receiving half close
2019-06-14 10:01:11,895 WARN  server.GrpcLogAppender (LogUtils.java:warn(134)) - 3f826607-3be9-478d-8cd8-0087160c860d: Failed appendEntries to 97eb8041-3f51-43e4-a2e4-7cd770fc42d5:192.168.105.157:45721: org.apache.ratis.thirdparty.io.grpc.StatusRuntimeException: UNAVAILABLE: io exception
2019-06-14 10:01:11,895 INFO  impl.FollowerInfo (FollowerInfo.java:lambda$new$0(50)) - 3f826607-3be9-478d-8cd8-0087160c860d->97eb8041-3f51-43e4-a2e4-7cd770fc42d5: nextIndex: updateUnconditionally 0 -> 0
2019-06-14 10:01:12,395 WARN  server.GrpcLogAppender (LogUtils.java:warn(134)) - 3f826607-3be9-478d-8cd8-0087160c860d: Failed appendEntries to 97eb8041-3f51-43e4-a2e4-7cd770fc42d5:192.168.105.157:45721: org.apache.ratis.thirdparty.io.grpc.StatusRuntimeException: UNAVAILABLE: io exception
2019-06-14 10:01:12,396 INFO  impl.FollowerInfo (FollowerInfo.java:lambda$new$0(50)) - 3f826607-3be9-478d-8cd8-0087160c860d->97eb8041-3f51-43e4-a2e4-7cd770fc42d5: nextIndex: updateUnconditionally 0 -> 0
2019-06-14 10:01:12,896 WARN  server.GrpcLogAppender (LogUtils.java:warn(134)) - 3f826607-3be9-478d-8cd8-0087160c860d: Failed appendEntries to 97eb8041-3f51-43e4-a2e4-7cd770fc42d5:192.168.105.157:45721: org.apache.ratis.thirdparty.io.grpc.StatusRuntimeException: UNAVAILABLE: io exception
2019-06-14 10:01:12,896 INFO  impl.FollowerInfo (FollowerInfo.java:lambda$new$0(50)) - 3f826607-3be9-478d-8cd8-0087160c860d->97eb8041-3f51-43e4-a2e4-7cd770fc42d5: nextIndex: updateUnconditionally 0 -> 0
2019-06-14 10:01:13,298 WARN  server.GrpcLogAppender (LogUtils.java:warn(134)) - 3f826607-3be9-478d-8cd8-0087160c860d: Failed appendEntries to 97eb8041-3f51-43e4-a2e4-7cd770fc42d5:192.168.105.157:45721: org.apache.ratis.thirdparty.io.grpc.StatusRuntimeException: UNAVAILABLE: io exception
2019-06-14 10:01:13,299 INFO  impl.FollowerInfo (FollowerInfo.java:lambda$new$0(50)) - 3f826607-3be9-478d-8cd8-0087160c860d->97eb8041-3f51-43e4-a2e4-7cd770fc42d5: nextIndex: updateUnconditionally 1 -> 0
2019-06-14 10:01:13,300 WARN  server.GrpcLogAppender (LogUtils.java:warn(134)) - 3f826607-3be9-478d-8cd8-0087160c860d: Failed appendEntries to 97eb8041-3f51-43e4-a2e4-7cd770fc42d5:192.168.105.157:45721: org.apache.ratis.thirdparty.io.grpc.StatusRuntimeException: UNAVAILABLE: io exception
2019-06-14 10:01:13,300 INFO  impl.FollowerInfo (FollowerInfo.java:lambda$new$0(50)) - 3f826607-3be9-478d-8cd8-0087160c860d->97eb8041-3f51-43e4-a2e4-7cd770fc42d5: nextIndex: updateUnconditionally 1 -> 0
2019-06-14 10:01:13,303 WARN  server.GrpcLogAppender (LogUtils.java:warn(134)) - 3f826607-3be9-478d-8cd8-0087160c860d: Failed appendEntries to 97eb8041-3f51-43e4-a2e4-7cd770fc42d5:192.168.105.157:45721: org.apache.ratis.thirdparty.io.grpc.StatusRuntimeException: UNAVAILABLE: io exception
2019-06-14 10:01:13,303 INFO  impl.FollowerInfo (FollowerInfo.java:lambda$new$0(50)) - 3f826607-3be9-478d-8cd8-0087160c860d->97eb8041-3f51-43e4-a2e4-7cd770fc42d5: nextIndex: updateUnconditionally 1 -> 0
2019-06-14 10:01:13,312 INFO  interfaces.Container (KeyValueContainer.java:compactDB(356)) - Container 1 is closed with bcsId 3.
2019-06-14 10:01:13,316 INFO  interfaces.Container (KeyValueContainer.java:compactDB(356)) - Container 1 is closed with bcsId 3.
2019-06-14 10:01:13,650 INFO  client.GrpcClientProtocolClient (GrpcClientProtocolClient.java:onNext(254)) - client-672D3AC7A3F5->c6f52c69-1ec8-401b-b44c-302b3bf109b1: receive RaftClientReply:client-672D3AC7A3F5->c6f52c69-1ec8-401b-b44c-302b3bf109b1@group-6B1AB7FE24BE, cid=162, FAILED org.apache.ratis.protocol.NotLeaderException: Server c6f52c69-1ec8-401b-b44c-302b3bf109b1 is not the leader (3f826607-3be9-478d-8cd8-0087160c860d:192.168.105.157:37849). Request must be sent to leader., logIndex=0, commits[c6f52c69-1ec8-401b-b44c-302b3bf109b1:c7, 3f826607-3be9-478d-8cd8-0087160c860d:c7, 97eb8041-3f51-43e4-a2e4-7cd770fc42d5:c3]
2019-06-14 10:01:13,668 WARN  io.KeyOutputStream (KeyOutputStream.java:handleException(276)) - Encountered exception java.io.IOException: Unexpected Storage Container Exception: java.util.concurrent.CompletionException: java.util.concurrent.CompletionException: org.apache.ratis.protocol.RaftRetryFailureException: Failed RaftClientRequest:client-672D3AC7A3F5->c6f52c69-1ec8-401b-b44c-302b3bf109b1@group-6B1AB7FE24BE, cid=162, seq=3*, RW, org.apache.hadoop.hdds.scm.XceiverClientRatis$$Lambda$418/510793091@3ce062c6 for 5 attempts with RetryLimited(maxAttempts=5, sleepTime=1000ms) on the pipeline Pipeline[ Id: 81136981-52e8-426f-b5c1-6b1ab7fe24be, Nodes: 97eb8041-3f51-43e4-a2e4-7cd770fc42d5{ip: 192.168.105.157, host: ozone-mm759-2607770056, networkLocation: /default-rack, certSerialId: null}c6f52c69-1ec8-401b-b44c-302b3bf109b1{ip: 192.168.105.157, host: ozone-mm759-2607770056, networkLocation: /default-rack, certSerialId: null}3f826607-3be9-478d-8cd8-0087160c860d{ip: 192.168.105.157, host: ozone-mm759-2607770056, networkLocation: /default-rack, certSerialId: null}, Type:RATIS, Factor:THREE, State:OPEN]. The last committed block length is 1048576, uncommitted data length is 2097152 retry count 0
2019-06-14 10:01:13,669 WARN  client.GrpcClientProtocolService (LogUtils.java:warn(134)) - 1-OrderedRequestStreamObserver1: onError: org.apache.ratis.thirdparty.io.grpc.StatusRuntimeException: CANCELLED: cancelled before receiving half close
2019-06-14 10:01:13,681 INFO  client.GrpcClientProtocolClient (GrpcClientProtocolClient.java:onNext(254)) - client-0A532C88406B->bd3eb131-f8c0-472f-9409-1e784d0329ae: receive RaftClientReply:client-0A532C88406B->bd3eb131-f8c0-472f-9409-1e784d0329ae@group-A53638CEC8BA, cid=166, FAILED org.apache.ratis.protocol.NotLeaderException: Server bd3eb131-f8c0-472f-9409-1e784d0329ae is not the leader (c8dde243-9181-473a-92e4-4f1117ae2063:192.168.105.157:43067). Request must be sent to leader., logIndex=0, commits[bd3eb131-f8c0-472f-9409-1e784d0329ae:c0, c8dde243-9181-473a-92e4-4f1117ae2063:c0, 69879625-cac2-4a9b-90a8-7b5f28f07273:c0]
2019-06-14 10:01:13,685 WARN  client.GrpcClientProtocolService (LogUtils.java:warn(134)) - 0-OrderedRequestStreamObserver0: onError: org.apache.ratis.thirdparty.io.grpc.StatusRuntimeException: CANCELLED: cancelled before receiving half close
2019-06-14 10:01:13,804 WARN  server.GrpcLogAppender (LogUtils.java:warn(134)) - 3f826607-3be9-478d-8cd8-0087160c860d: Failed appendEntries to 97eb8041-3f51-43e4-a2e4-7cd770fc42d5:192.168.105.157:45721: org.apache.ratis.thirdparty.io.grpc.StatusRuntimeException: UNAVAILABLE: io exception
2019-06-14 10:01:13,804 INFO  impl.FollowerInfo (FollowerInfo.java:lambda$new$0(50)) - 3f826607-3be9-478d-8cd8-0087160c860d->97eb8041-3f51-43e4-a2e4-7cd770fc42d5: nextIndex: updateUnconditionally 0 -> 0
2019-06-14 10:01:14,303 WARN  server.GrpcLogAppender (LogUtils.java:warn(134)) - 3f826607-3be9-478d-8cd8-0087160c860d: Failed appendEntries to 97eb8041-3f51-43e4-a2e4-7cd770fc42d5:192.168.105.157:45721: org.apache.ratis.thirdparty.io.grpc.StatusRuntimeException: UNAVAILABLE: io exception
2019-06-14 10:01:14,304 INFO  impl.FollowerInfo (FollowerInfo.java:lambda$new$0(50)) - 3f826607-3be9-478d-8cd8-0087160c860d->97eb8041-3f51-43e4-a2e4-7cd770fc42d5: nextIndex: updateUnconditionally 0 -> 0
2019-06-14 10:01:14,744 INFO  client.GrpcClientProtocolClient (GrpcClientProtocolClient.java:onNext(254)) - client-0A532C88406B->c8dde243-9181-473a-92e4-4f1117ae2063: receive RaftClientReply:client-0A532C88406B->c8dde243-9181-473a-92e4-4f1117ae2063@group-A53638CEC8BA, cid=166, SUCCESS, logIndex=1, commits[c8dde243-9181-473a-92e4-4f1117ae2063:c1, bd3eb131-f8c0-472f-9409-1e784d0329ae:c1, 69879625-cac2-4a9b-90a8-7b5f28f07273:c0]
2019-06-14 10:01:14,798 INFO  client.GrpcClientProtocolClient (GrpcClientProtocolClient.java:onNext(254)) - client-0A532C88406B->c8dde243-9181-473a-92e4-4f1117ae2063: receive RaftClientReply:client-0A532C88406B->c8dde243-9181-473a-92e4-4f1117ae2063@group-A53638CEC8BA, cid=167, SUCCESS, logIndex=3, commits[c8dde243-9181-473a-92e4-4f1117ae2063:c4, bd3eb131-f8c0-472f-9409-1e784d0329ae:c3, 69879625-cac2-4a9b-90a8-7b5f28f07273:c3]
2019-06-14 10:01:14,806 WARN  server.GrpcLogAppender (LogUtils.java:warn(134)) - 3f826607-3be9-478d-8cd8-0087160c860d: Failed appendEntries to 97eb8041-3f51-43e4-a2e4-7cd770fc42d5:192.168.105.157:45721: org.apache.ratis.thirdparty.io.grpc.StatusRuntimeException: UNAVAILABLE: io exception
2019-06-14 10:01:14,807 INFO  impl.FollowerInfo (FollowerInfo.java:lambda$new$0(50)) - 3f826607-3be9-478d-8cd8-0087160c860d->97eb8041-3f51-43e4-a2e4-7cd770fc42d5: nextIndex: updateUnconditionally 0 -> 0
2019-06-14 10:01:14,819 INFO  client.GrpcClientProtocolClient (GrpcClientProtocolClient.java:onNext(254)) - client-0A532C88406B->c8dde243-9181-473a-92e4-4f1117ae2063: receive RaftClientReply:client-0A532C88406B->c8dde243-9181-473a-92e4-4f1117ae2063@group-A53638CEC8BA, cid=168, SUCCESS, logIndex=5, commits[c8dde243-9181-473a-92e4-4f1117ae2063:c5, bd3eb131-f8c0-472f-9409-1e784d0329ae:c4, 69879625-cac2-4a9b-90a8-7b5f28f07273:c3]
2019-06-14 10:01:14,822 INFO  client.GrpcClientProtocolClient (GrpcClientProtocolClient.java:onNext(254)) - client-0A532C88406B->c8dde243-9181-473a-92e4-4f1117ae2063: receive RaftClientReply:client-0A532C88406B->c8dde243-9181-473a-92e4-4f1117ae2063@group-A53638CEC8BA, cid=169, SUCCESS, logIndex=6, commits[c8dde243-9181-473a-92e4-4f1117ae2063:c7, bd3eb131-f8c0-472f-9409-1e784d0329ae:c6, 69879625-cac2-4a9b-90a8-7b5f28f07273:c3]
2019-06-14 10:01:14,829 INFO  client.GrpcClientProtocolClient (GrpcClientProtocolClient.java:onNext(254)) - client-0A532C88406B->c8dde243-9181-473a-92e4-4f1117ae2063: receive RaftClientReply:client-0A532C88406B->c8dde243-9181-473a-92e4-4f1117ae2063@group-A53638CEC8BA, cid=170, SUCCESS, logIndex=0, commits[c8dde243-9181-473a-92e4-4f1117ae2063:c8, bd3eb131-f8c0-472f-9409-1e784d0329ae:c6, 69879625-cac2-4a9b-90a8-7b5f28f07273:c6]
]]></system-out>
    <system-err><![CDATA[Jun 14, 2019 10:01:02 AM com.sun.jersey.server.impl.application.WebApplicationImpl _initiate
INFO: Initiating Jersey application, version 'Jersey: 1.19 02/11/2015 03:25 AM'
Jun 14, 2019 10:01:02 AM com.sun.jersey.server.impl.application.WebApplicationImpl _initiate
INFO: Initiating Jersey application, version 'Jersey: 1.19 02/11/2015 03:25 AM'
Jun 14, 2019 10:01:02 AM com.sun.jersey.server.impl.application.WebApplicationImpl _initiate
INFO: Initiating Jersey application, version 'Jersey: 1.19 02/11/2015 03:25 AM'
Jun 14, 2019 10:01:02 AM com.sun.jersey.server.impl.application.WebApplicationImpl _initiate
INFO: Initiating Jersey application, version 'Jersey: 1.19 02/11/2015 03:25 AM'
Jun 14, 2019 10:01:02 AM com.sun.jersey.server.impl.application.WebApplicationImpl _initiate
INFO: Initiating Jersey application, version 'Jersey: 1.19 02/11/2015 03:25 AM'
Jun 14, 2019 10:01:03 AM com.sun.jersey.server.impl.application.WebApplicationImpl _initiate
INFO: Initiating Jersey application, version 'Jersey: 1.19 02/11/2015 03:25 AM'
Jun 14, 2019 10:01:06 AM org.apache.ratis.thirdparty.io.grpc.internal.ManagedChannelOrphanWrapper$ManagedChannelReference cleanQueue
SEVERE: *~*~*~ Channel ManagedChannelImpl{logId=1574, target=192.168.105.157:45099} was not shutdown properly!!! ~*~*~*
    Make sure to call shutdown()/shutdownNow() and wait until awaitTermination() returns true.
java.lang.RuntimeException: ManagedChannel allocation site
	at org.apache.ratis.thirdparty.io.grpc.internal.ManagedChannelOrphanWrapper$ManagedChannelReference.<init>(ManagedChannelOrphanWrapper.java:103)
	at org.apache.ratis.thirdparty.io.grpc.internal.ManagedChannelOrphanWrapper.<init>(ManagedChannelOrphanWrapper.java:53)
	at org.apache.ratis.thirdparty.io.grpc.internal.ManagedChannelOrphanWrapper.<init>(ManagedChannelOrphanWrapper.java:44)
	at org.apache.ratis.thirdparty.io.grpc.internal.AbstractManagedChannelImplBuilder.build(AbstractManagedChannelImplBuilder.java:411)
	at org.apache.hadoop.hdds.scm.XceiverClientGrpc.connectToDatanode(XceiverClientGrpc.java:163)
	at org.apache.hadoop.hdds.scm.XceiverClientGrpc.reconnect(XceiverClientGrpc.java:398)
	at org.apache.hadoop.hdds.scm.XceiverClientGrpc.sendCommandAsync(XceiverClientGrpc.java:349)
	at org.apache.hadoop.hdds.scm.XceiverClientGrpc.sendCommandWithRetry(XceiverClientGrpc.java:262)
	at org.apache.hadoop.hdds.scm.XceiverClientGrpc.sendCommandWithTraceIDAndRetry(XceiverClientGrpc.java:239)
	at org.apache.hadoop.hdds.scm.XceiverClientGrpc.sendCommand(XceiverClientGrpc.java:222)
	at org.apache.hadoop.hdds.scm.storage.ContainerProtocolCalls.getBlock(ContainerProtocolCalls.java:118)
	at org.apache.hadoop.hdds.scm.storage.BlockInputStream.getChunkInfos(BlockInputStream.java:167)
	at org.apache.hadoop.hdds.scm.storage.BlockInputStream.initialize(BlockInputStream.java:118)
	at org.apache.hadoop.hdds.scm.storage.BlockInputStream.read(BlockInputStream.java:222)
	at org.apache.hadoop.ozone.client.io.KeyInputStream.read(KeyInputStream.java:171)
	at org.apache.hadoop.ozone.client.io.OzoneInputStream.read(OzoneInputStream.java:47)
	at java.io.InputStream.read(InputStream.java:101)
	at org.apache.hadoop.ozone.container.ContainerTestHelper.validateData(ContainerTestHelper.java:709)
	at org.apache.hadoop.ozone.client.rpc.TestFailureHandlingByClient.validateData(TestFailureHandlingByClient.java:497)
	at org.apache.hadoop.ozone.client.rpc.TestFailureHandlingByClient.testBlockWritesWithDnFailures(TestFailureHandlingByClient.java:155)
	at sun.reflect.NativeMethodAccessorImpl.invoke0(Native Method)
	at sun.reflect.NativeMethodAccessorImpl.invoke(NativeMethodAccessorImpl.java:62)
	at sun.reflect.DelegatingMethodAccessorImpl.invoke(DelegatingMethodAccessorImpl.java:43)
	at java.lang.reflect.Method.invoke(Method.java:498)
	at org.junit.runners.model.FrameworkMethod$1.runReflectiveCall(FrameworkMethod.java:47)
	at org.junit.internal.runners.model.ReflectiveCallable.run(ReflectiveCallable.java:12)
	at org.junit.runners.model.FrameworkMethod.invokeExplosively(FrameworkMethod.java:44)
	at org.junit.internal.runners.statements.InvokeMethod.evaluate(InvokeMethod.java:17)
	at org.junit.runners.ParentRunner.runLeaf(ParentRunner.java:271)
	at org.junit.runners.BlockJUnit4ClassRunner.runChild(BlockJUnit4ClassRunner.java:70)
	at org.junit.runners.BlockJUnit4ClassRunner.runChild(BlockJUnit4ClassRunner.java:50)
	at org.junit.runners.ParentRunner$3.run(ParentRunner.java:238)
	at org.junit.runners.ParentRunner$1.schedule(ParentRunner.java:63)
	at org.junit.runners.ParentRunner.runChildren(ParentRunner.java:236)
	at org.junit.runners.ParentRunner.access$000(ParentRunner.java:53)
	at org.junit.runners.ParentRunner$2.evaluate(ParentRunner.java:229)
	at org.junit.runners.ParentRunner.run(ParentRunner.java:309)
	at org.apache.maven.surefire.junit4.JUnit4Provider.execute(JUnit4Provider.java:365)
	at org.apache.maven.surefire.junit4.JUnit4Provider.executeWithRerun(JUnit4Provider.java:273)
	at org.apache.maven.surefire.junit4.JUnit4Provider.executeTestSet(JUnit4Provider.java:238)
	at org.apache.maven.surefire.junit4.JUnit4Provider.invoke(JUnit4Provider.java:159)
	at org.apache.maven.surefire.booter.ForkedBooter.invokeProviderInSameClassLoader(ForkedBooter.java:384)
	at org.apache.maven.surefire.booter.ForkedBooter.runSuitesInProcess(ForkedBooter.java:345)
	at org.apache.maven.surefire.booter.ForkedBooter.execute(ForkedBooter.java:126)
	at org.apache.maven.surefire.booter.ForkedBooter.main(ForkedBooter.java:418)

]]></system-err>
  </testcase>
  <testcase name="testMultiBlockWritesWithDnFailures" classname="org.apache.hadoop.ozone.client.rpc.TestFailureHandlingByClient" time="21.466"/>
</testsuite>