<?xml version="1.0" encoding="UTF-8"?>
<testsuite xmlns:xsi="http://www.w3.org/2001/XMLSchema-instance" xsi:noNamespaceSchemaLocation="https://maven.apache.org/surefire/maven-surefire-plugin/xsd/surefire-test-report.xsd" name="org.apache.hadoop.hdds.scm.pipeline.TestNodeFailure" time="10.19" tests="1" errors="0" skipped="1" failures="0">
  <properties>
    <property name="awt.toolkit" value="sun.awt.X11.XToolkit"/>
    <property name="file.encoding.pkg" value="sun.io"/>
    <property name="java.specification.version" value="1.8"/>
    <property name="sun.cpu.isalist" value=""/>
    <property name="sun.jnu.encoding" value="UTF-8"/>
    <property name="java.class.path" value="/opt/src/hadoop-ozone/integration-test/target/test-classes:/opt/src/hadoop-ozone/integration-test/target/classes:/root/.m2/repository/org/apache/hadoop/hadoop-ozone-common/0.5.0-SNAPSHOT/hadoop-ozone-common-0.5.0-SNAPSHOT.jar:/root/.m2/repository/org/apache/commons/commons-compress/1.4.1/commons-compress-1.4.1.jar:/root/.m2/repository/org/tukaani/xz/1.0/xz-1.0.jar:/root/.m2/repository/org/apache/hadoop/hadoop-common/3.2.0/hadoop-common-3.2.0.jar:/root/.m2/repository/org/apache/hadoop/hadoop-hdfs/3.2.0/hadoop-hdfs-3.2.0.jar:/root/.m2/repository/org/apache/hadoop/hadoop-hdfs-client/3.2.0/hadoop-hdfs-client-3.2.0.jar:/root/.m2/repository/com/fasterxml/jackson/core/jackson-annotations/2.9.5/jackson-annotations-2.9.5.jar:/root/.m2/repository/org/apache/hadoop/hadoop-hdds-common/0.5.0-SNAPSHOT/hadoop-hdds-common-0.5.0-SNAPSHOT.jar:/root/.m2/repository/javax/annotation/javax.annotation-api/1.2/javax.annotation-api-1.2.jar:/root/.m2/repository/org/apache/ratis/ratis-server/0.4.0-fe2b15d-SNAPSHOT/ratis-server-0.4.0-fe2b15d-SNAPSHOT.jar:/root/.m2/repository/org/apache/ratis/ratis-thirdparty-misc/0.2.0/ratis-thirdparty-misc-0.2.0.jar:/root/.m2/repository/org/apache/ratis/ratis-proto/0.4.0-fe2b15d-SNAPSHOT/ratis-proto-0.4.0-fe2b15d-SNAPSHOT.jar:/root/.m2/repository/org/apache/ratis/ratis-common/0.4.0-fe2b15d-SNAPSHOT/ratis-common-0.4.0-fe2b15d-SNAPSHOT.jar:/root/.m2/repository/org/apache/ratis/ratis-client/0.4.0-fe2b15d-SNAPSHOT/ratis-client-0.4.0-fe2b15d-SNAPSHOT.jar:/root/.m2/repository/org/apache/ratis/ratis-netty/0.4.0-fe2b15d-SNAPSHOT/ratis-netty-0.4.0-fe2b15d-SNAPSHOT.jar:/root/.m2/repository/org/apache/ratis/ratis-grpc/0.4.0-fe2b15d-SNAPSHOT/ratis-grpc-0.4.0-fe2b15d-SNAPSHOT.jar:/root/.m2/repository/org/rocksdb/rocksdbjni/5.14.2/rocksdbjni-5.14.2.jar:/root/.m2/repository/org/apache/logging/log4j/log4j-api/2.11.0/log4j-api-2.11.0.jar:/root/.m2/repository/org/apache/logging/log4j/log4j-core/2.11.0/log4j-core-2.11.0.jar:/root/.m2/repository/com/lmax/disruptor/3.4.2/disruptor-3.4.2.jar:/root/.m2/repository/org/apache/commons/commons-pool2/2.6.0/commons-pool2-2.6.0.jar:/root/.m2/repository/org/bouncycastle/bcpkix-jdk15on/1.60/bcpkix-jdk15on-1.60.jar:/root/.m2/repository/commons-validator/commons-validator/1.6/commons-validator-1.6.jar:/root/.m2/repository/commons-digester/commons-digester/1.8.1/commons-digester-1.8.1.jar:/root/.m2/repository/io/jaegertracing/jaeger-client/0.33.1/jaeger-client-0.33.1.jar:/root/.m2/repository/io/jaegertracing/jaeger-thrift/0.33.1/jaeger-thrift-0.33.1.jar:/root/.m2/repository/org/apache/thrift/libthrift/0.11.0/libthrift-0.11.0.jar:/root/.m2/repository/com/squareup/okhttp3/okhttp/3.9.0/okhttp-3.9.0.jar:/root/.m2/repository/com/squareup/okio/okio/1.13.0/okio-1.13.0.jar:/root/.m2/repository/io/jaegertracing/jaeger-core/0.33.1/jaeger-core-0.33.1.jar:/root/.m2/repository/io/jaegertracing/jaeger-tracerresolver/0.33.1/jaeger-tracerresolver-0.33.1.jar:/root/.m2/repository/io/opentracing/contrib/opentracing-tracerresolver/0.1.5/opentracing-tracerresolver-0.1.5.jar:/root/.m2/repository/io/opentracing/opentracing-util/0.31.0/opentracing-util-0.31.0.jar:/root/.m2/repository/io/opentracing/opentracing-api/0.31.0/opentracing-api-0.31.0.jar:/root/.m2/repository/io/opentracing/opentracing-noop/0.31.0/opentracing-noop-0.31.0.jar:/root/.m2/repository/org/apache/hadoop/hadoop-hdds-server-framework/0.5.0-SNAPSHOT/hadoop-hdds-server-framework-0.5.0-SNAPSHOT.jar:/root/.m2/repository/org/apache/hadoop/hadoop-hdds-server-scm/0.5.0-SNAPSHOT/hadoop-hdds-server-scm-0.5.0-SNAPSHOT.jar:/root/.m2/repository/org/apache/hadoop/hadoop-hdds-container-service/0.5.0-SNAPSHOT/hadoop-hdds-container-service-0.5.0-SNAPSHOT.jar:/root/.m2/repository/org/apache/hadoop/hadoop-hdds-client/0.5.0-SNAPSHOT/hadoop-hdds-client-0.5.0-SNAPSHOT.jar:/root/.m2/repository/org/apache/hadoop/hadoop-hdds-tools/0.5.0-SNAPSHOT/hadoop-hdds-tools-0.5.0-SNAPSHOT.jar:/root/.m2/repository/org/apache/hadoop/hadoop-ozone-ozone-manager/0.5.0-SNAPSHOT/hadoop-ozone-ozone-manager-0.5.0-SNAPSHOT.jar:/root/.m2/repository/org/apache/hadoop/hadoop-hdds-docs/0.5.0-SNAPSHOT/hadoop-hdds-docs-0.5.0-SNAPSHOT.jar:/root/.m2/repository/org/bouncycastle/bcprov-jdk15on/1.60/bcprov-jdk15on-1.60.jar:/root/.m2/repository/org/apache/hadoop/hadoop-minikdc/3.2.0/hadoop-minikdc-3.2.0.jar:/root/.m2/repository/commons-io/commons-io/2.5/commons-io-2.5.jar:/root/.m2/repository/org/apache/kerby/kerb-simplekdc/1.0.1/kerb-simplekdc-1.0.1.jar:/root/.m2/repository/org/apache/kerby/kerb-client/1.0.1/kerb-client-1.0.1.jar:/root/.m2/repository/org/apache/kerby/kerby-config/1.0.1/kerby-config-1.0.1.jar:/root/.m2/repository/org/apache/kerby/kerb-core/1.0.1/kerb-core-1.0.1.jar:/root/.m2/repository/org/apache/kerby/kerby-pkix/1.0.1/kerby-pkix-1.0.1.jar:/root/.m2/repository/org/apache/kerby/kerby-asn1/1.0.1/kerby-asn1-1.0.1.jar:/root/.m2/repository/org/apache/kerby/kerby-util/1.0.1/kerby-util-1.0.1.jar:/root/.m2/repository/org/apache/kerby/kerb-common/1.0.1/kerb-common-1.0.1.jar:/root/.m2/repository/org/apache/kerby/kerb-crypto/1.0.1/kerb-crypto-1.0.1.jar:/root/.m2/repository/org/apache/kerby/kerb-util/1.0.1/kerb-util-1.0.1.jar:/root/.m2/repository/org/apache/kerby/token-provider/1.0.1/token-provider-1.0.1.jar:/root/.m2/repository/org/apache/kerby/kerb-admin/1.0.1/kerb-admin-1.0.1.jar:/root/.m2/repository/org/apache/kerby/kerb-server/1.0.1/kerb-server-1.0.1.jar:/root/.m2/repository/org/apache/kerby/kerb-identity/1.0.1/kerb-identity-1.0.1.jar:/root/.m2/repository/org/apache/kerby/kerby-xdr/1.0.1/kerby-xdr-1.0.1.jar:/root/.m2/repository/org/slf4j/slf4j-log4j12/1.7.25/slf4j-log4j12-1.7.25.jar:/root/.m2/repository/org/apache/hadoop/hadoop-ozone-objectstore-service/0.5.0-SNAPSHOT/hadoop-ozone-objectstore-service-0.5.0-SNAPSHOT.jar:/root/.m2/repository/org/apache/hadoop/hadoop-ozone-s3gateway/0.5.0-SNAPSHOT/hadoop-ozone-s3gateway-0.5.0-SNAPSHOT.jar:/root/.m2/repository/org/jboss/weld/servlet/weld-servlet/2.4.7.Final/weld-servlet-2.4.7.Final.jar:/root/.m2/repository/org/glassfish/jersey/containers/jersey-container-servlet-core/2.27/jersey-container-servlet-core-2.27.jar:/root/.m2/repository/org/glassfish/hk2/external/javax.inject/2.5.0-b42/javax.inject-2.5.0-b42.jar:/root/.m2/repository/org/glassfish/jersey/core/jersey-common/2.27/jersey-common-2.27.jar:/root/.m2/repository/org/glassfish/hk2/osgi-resource-locator/1.0.1/osgi-resource-locator-1.0.1.jar:/root/.m2/repository/javax/ws/rs/javax.ws.rs-api/2.1/javax.ws.rs-api-2.1.jar:/root/.m2/repository/org/glassfish/jersey/ext/cdi/jersey-cdi1x/2.27/jersey-cdi1x-2.27.jar:/root/.m2/repository/org/glassfish/jersey/inject/jersey-hk2/2.27/jersey-hk2-2.27.jar:/root/.m2/repository/org/glassfish/hk2/hk2-locator/2.5.0-b42/hk2-locator-2.5.0-b42.jar:/root/.m2/repository/org/javassist/javassist/3.22.0-CR2/javassist-3.22.0-CR2.jar:/root/.m2/repository/org/glassfish/hk2/hk2-api/2.5.0/hk2-api-2.5.0.jar:/root/.m2/repository/org/glassfish/hk2/external/jakarta.inject/2.5.0/jakarta.inject-2.5.0.jar:/root/.m2/repository/org/glassfish/hk2/hk2-utils/2.5.0/hk2-utils-2.5.0.jar:/root/.m2/repository/jakarta/annotation/jakarta.annotation-api/1.3.4/jakarta.annotation-api-1.3.4.jar:/root/.m2/repository/org/glassfish/hk2/external/aopalliance-repackaged/2.5.0/aopalliance-repackaged-2.5.0.jar:/root/.m2/repository/com/fasterxml/jackson/dataformat/jackson-dataformat-xml/2.9.0/jackson-dataformat-xml-2.9.0.jar:/root/.m2/repository/com/fasterxml/jackson/core/jackson-core/2.9.5/jackson-core-2.9.5.jar:/root/.m2/repository/com/fasterxml/jackson/module/jackson-module-jaxb-annotations/2.9.5/jackson-module-jaxb-annotations-2.9.5.jar:/root/.m2/repository/javax/enterprise/cdi-api/1.2/cdi-api-1.2.jar:/root/.m2/repository/javax/el/javax.el-api/3.0.0/javax.el-api-3.0.0.jar:/root/.m2/repository/javax/interceptor/javax.interceptor-api/1.2/javax.interceptor-api-1.2.jar:/root/.m2/repository/javax/inject/javax.inject/1/javax.inject-1.jar:/root/.m2/repository/com/sun/xml/bind/jaxb-impl/2.3.0.1/jaxb-impl-2.3.0.1.jar:/root/.m2/repository/com/sun/xml/bind/jaxb-core/2.3.0.1/jaxb-core-2.3.0.1.jar:/root/.m2/repository/javax/xml/bind/jaxb-api/2.3.0/jaxb-api-2.3.0.jar:/root/.m2/repository/javax/activation/activation/1.1.1/activation-1.1.1.jar:/root/.m2/repository/org/apache/hadoop/hadoop-ozone-csi/0.5.0-SNAPSHOT/hadoop-ozone-csi-0.5.0-SNAPSHOT.jar:/root/.m2/repository/com/google/protobuf/protobuf-java-util/3.5.1/protobuf-java-util-3.5.1.jar:/root/.m2/repository/org/apache/hadoop/hadoop-hdds-config/0.5.0-SNAPSHOT/hadoop-hdds-config-0.5.0-SNAPSHOT.jar:/root/.m2/repository/com/google/guava/guava/11.0.2/guava-11.0.2.jar:/root/.m2/repository/com/google/protobuf/protobuf-java/2.5.0/protobuf-java-2.5.0.jar:/root/.m2/repository/io/grpc/grpc-netty/1.17.1/grpc-netty-1.17.1.jar:/root/.m2/repository/io/grpc/grpc-core/1.17.1/grpc-core-1.17.1.jar:/root/.m2/repository/io/grpc/grpc-context/1.17.1/grpc-context-1.17.1.jar:/root/.m2/repository/com/google/errorprone/error_prone_annotations/2.2.0/error_prone_annotations-2.2.0.jar:/root/.m2/repository/org/codehaus/mojo/animal-sniffer-annotations/1.17/animal-sniffer-annotations-1.17.jar:/root/.m2/repository/io/opencensus/opencensus-api/0.17.0/opencensus-api-0.17.0.jar:/root/.m2/repository/io/opencensus/opencensus-contrib-grpc-metrics/0.17.0/opencensus-contrib-grpc-metrics-0.17.0.jar:/root/.m2/repository/io/netty/netty-codec-http2/4.1.30.Final/netty-codec-http2-4.1.30.Final.jar:/root/.m2/repository/io/netty/netty-codec-http/4.1.30.Final/netty-codec-http-4.1.30.Final.jar:/root/.m2/repository/io/netty/netty-codec/4.1.30.Final/netty-codec-4.1.30.Final.jar:/root/.m2/repository/io/netty/netty-handler/4.1.30.Final/netty-handler-4.1.30.Final.jar:/root/.m2/repository/io/netty/netty-handler-proxy/4.1.30.Final/netty-handler-proxy-4.1.30.Final.jar:/root/.m2/repository/io/netty/netty-codec-socks/4.1.30.Final/netty-codec-socks-4.1.30.Final.jar:/root/.m2/repository/io/netty/netty-transport-native-epoll/4.1.30.Final/netty-transport-native-epoll-4.1.30.Final.jar:/root/.m2/repository/io/netty/netty-common/4.1.30.Final/netty-common-4.1.30.Final.jar:/root/.m2/repository/io/netty/netty-buffer/4.1.30.Final/netty-buffer-4.1.30.Final.jar:/root/.m2/repository/io/netty/netty-transport/4.1.30.Final/netty-transport-4.1.30.Final.jar:/root/.m2/repository/io/netty/netty-resolver/4.1.30.Final/netty-resolver-4.1.30.Final.jar:/root/.m2/repository/io/netty/netty-transport-native-unix-common/4.1.30.Final/netty-transport-native-unix-common-4.1.30.Final.jar:/root/.m2/repository/io/grpc/grpc-protobuf/1.17.1/grpc-protobuf-1.17.1.jar:/root/.m2/repository/com/google/api/grpc/proto-google-common-protos/1.0.0/proto-google-common-protos-1.0.0.jar:/root/.m2/repository/io/grpc/grpc-protobuf-lite/1.17.1/grpc-protobuf-lite-1.17.1.jar:/root/.m2/repository/io/grpc/grpc-stub/1.17.1/grpc-stub-1.17.1.jar:/root/.m2/repository/org/apache/hadoop/hadoop-ozone-recon/0.5.0-SNAPSHOT/hadoop-ozone-recon-0.5.0-SNAPSHOT.jar:/root/.m2/repository/org/apache/hadoop/hadoop-ozone-reconcodegen/0.5.0-SNAPSHOT/hadoop-ozone-reconcodegen-0.5.0-SNAPSHOT.jar:/root/.m2/repository/com/google/inject/extensions/guice-multibindings/4.0/guice-multibindings-4.0.jar:/root/.m2/repository/com/google/inject/guice/4.0/guice-4.0.jar:/root/.m2/repository/aopalliance/aopalliance/1.0/aopalliance-1.0.jar:/root/.m2/repository/com/google/inject/extensions/guice-servlet/4.0/guice-servlet-4.0.jar:/root/.m2/repository/org/glassfish/jersey/containers/jersey-container-servlet/2.27/jersey-container-servlet-2.27.jar:/root/.m2/repository/org/glassfish/hk2/guice-bridge/2.5.0/guice-bridge-2.5.0.jar:/root/.m2/repository/org/glassfish/jersey/core/jersey-server/2.27/jersey-server-2.27.jar:/root/.m2/repository/org/glassfish/jersey/core/jersey-client/2.27/jersey-client-2.27.jar:/root/.m2/repository/org/glassfish/jersey/media/jersey-media-jaxb/2.27/jersey-media-jaxb-2.27.jar:/root/.m2/repository/javax/validation/validation-api/1.1.0.Final/validation-api-1.1.0.Final.jar:/root/.m2/repository/org/glassfish/jersey/media/jersey-media-json-jackson/2.27/jersey-media-json-jackson-2.27.jar:/root/.m2/repository/org/glassfish/jersey/ext/jersey-entity-filtering/2.27/jersey-entity-filtering-2.27.jar:/root/.m2/repository/com/google/inject/extensions/guice-assistedinject/4.0/guice-assistedinject-4.0.jar:/root/.m2/repository/org/jooq/jooq/3.11.10/jooq-3.11.10.jar:/root/.m2/repository/org/jooq/jooq-meta/3.11.10/jooq-meta-3.11.10.jar:/root/.m2/repository/org/jooq/jooq-codegen/3.11.10/jooq-codegen-3.11.10.jar:/root/.m2/repository/com/jolbox/bonecp/0.8.0.RELEASE/bonecp-0.8.0.RELEASE.jar:/root/.m2/repository/org/xerial/sqlite-jdbc/3.25.2/sqlite-jdbc-3.25.2.jar:/root/.m2/repository/org/springframework/spring-jdbc/5.1.3.RELEASE/spring-jdbc-5.1.3.RELEASE.jar:/root/.m2/repository/org/springframework/spring-beans/5.1.3.RELEASE/spring-beans-5.1.3.RELEASE.jar:/root/.m2/repository/org/springframework/spring-core/5.1.3.RELEASE/spring-core-5.1.3.RELEASE.jar:/root/.m2/repository/org/springframework/spring-jcl/5.1.3.RELEASE/spring-jcl-5.1.3.RELEASE.jar:/root/.m2/repository/org/springframework/spring-tx/5.1.3.RELEASE/spring-tx-5.1.3.RELEASE.jar:/root/.m2/repository/org/apache/hadoop/hadoop-ozone-client/0.5.0-SNAPSHOT/hadoop-ozone-client-0.5.0-SNAPSHOT.jar:/root/.m2/repository/org/apache/hadoop/hadoop-ozone-ozone-manager/0.5.0-SNAPSHOT/hadoop-ozone-ozone-manager-0.5.0-SNAPSHOT-tests.jar:/root/.m2/repository/junit/junit/4.11/junit-4.11.jar:/root/.m2/repository/org/hamcrest/hamcrest-core/1.3/hamcrest-core-1.3.jar:/root/.m2/repository/org/openjdk/jmh/jmh-core/1.19/jmh-core-1.19.jar:/root/.m2/repository/net/sf/jopt-simple/jopt-simple/4.6/jopt-simple-4.6.jar:/root/.m2/repository/org/apache/commons/commons-math3/3.1.1/commons-math3-3.1.1.jar:/root/.m2/repository/org/openjdk/jmh/jmh-generator-annprocess/1.19/jmh-generator-annprocess-1.19.jar:/root/.m2/repository/org/mockito/mockito-all/1.8.5/mockito-all-1.8.5.jar:/root/.m2/repository/org/apache/hadoop/hadoop-kms/3.2.0/hadoop-kms-3.2.0.jar:/root/.m2/repository/org/apache/hadoop/hadoop-auth/3.2.0/hadoop-auth-3.2.0.jar:/root/.m2/repository/com/nimbusds/nimbus-jose-jwt/4.41.1/nimbus-jose-jwt-4.41.1.jar:/root/.m2/repository/com/github/stephenc/jcip/jcip-annotations/1.0-1/jcip-annotations-1.0-1.jar:/root/.m2/repository/net/minidev/json-smart/2.3/json-smart-2.3.jar:/root/.m2/repository/net/minidev/accessors-smart/1.2/accessors-smart-1.2.jar:/root/.m2/repository/org/ow2/asm/asm/5.0.4/asm-5.0.4.jar:/root/.m2/repository/org/apache/curator/curator-framework/2.12.0/curator-framework-2.12.0.jar:/root/.m2/repository/com/sun/jersey/jersey-core/1.19/jersey-core-1.19.jar:/root/.m2/repository/javax/ws/rs/jsr311-api/1.1.1/jsr311-api-1.1.1.jar:/root/.m2/repository/com/sun/jersey/jersey-server/1.19/jersey-server-1.19.jar:/root/.m2/repository/javax/servlet/javax.servlet-api/3.1.0/javax.servlet-api-3.1.0.jar:/root/.m2/repository/org/eclipse/jetty/jetty-server/9.3.24.v20180605/jetty-server-9.3.24.v20180605.jar:/root/.m2/repository/org/eclipse/jetty/jetty-http/9.3.24.v20180605/jetty-http-9.3.24.v20180605.jar:/root/.m2/repository/org/eclipse/jetty/jetty-io/9.3.24.v20180605/jetty-io-9.3.24.v20180605.jar:/root/.m2/repository/org/eclipse/jetty/jetty-webapp/9.3.24.v20180605/jetty-webapp-9.3.24.v20180605.jar:/root/.m2/repository/org/eclipse/jetty/jetty-xml/9.3.24.v20180605/jetty-xml-9.3.24.v20180605.jar:/root/.m2/repository/log4j/log4j/1.2.17/log4j-1.2.17.jar:/root/.m2/repository/org/slf4j/slf4j-api/1.7.25/slf4j-api-1.7.25.jar:/root/.m2/repository/org/slf4j/jul-to-slf4j/1.7.25/jul-to-slf4j-1.7.25.jar:/root/.m2/repository/org/eclipse/jetty/jetty-util/9.3.24.v20180605/jetty-util-9.3.24.v20180605.jar:/root/.m2/repository/io/dropwizard/metrics/metrics-core/3.2.4/metrics-core-3.2.4.jar:/root/.m2/repository/com/fasterxml/jackson/core/jackson-databind/2.9.5/jackson-databind-2.9.5.jar:/root/.m2/repository/org/apache/hadoop/hadoop-kms/3.2.0/hadoop-kms-3.2.0-tests.jar:/root/.m2/repository/org/apache/hadoop/hadoop-hdds-server-scm/0.5.0-SNAPSHOT/hadoop-hdds-server-scm-0.5.0-SNAPSHOT-tests.jar:/root/.m2/repository/org/hamcrest/hamcrest-all/1.3/hamcrest-all-1.3.jar:/root/.m2/repository/info/picocli/picocli/3.9.6/picocli-3.9.6.jar:/root/.m2/repository/org/apache/hadoop/hadoop-hdds-container-service/0.5.0-SNAPSHOT/hadoop-hdds-container-service-0.5.0-SNAPSHOT-tests.jar:/root/.m2/repository/org/yaml/snakeyaml/1.16/snakeyaml-1.16.jar:/root/.m2/repository/org/apache/hadoop/hadoop-common/3.2.0/hadoop-common-3.2.0-tests.jar:/root/.m2/repository/org/apache/hadoop/hadoop-annotations/3.2.0/hadoop-annotations-3.2.0.jar:/usr/lib/jvm/java-1.8-openjdk/jre/../lib/tools.jar:/root/.m2/repository/commons-cli/commons-cli/1.2/commons-cli-1.2.jar:/root/.m2/repository/org/apache/httpcomponents/httpclient/4.5.2/httpclient-4.5.2.jar:/root/.m2/repository/org/apache/httpcomponents/httpcore/4.4.4/httpcore-4.4.4.jar:/root/.m2/repository/commons-codec/commons-codec/1.11/commons-codec-1.11.jar:/root/.m2/repository/commons-net/commons-net/3.6/commons-net-3.6.jar:/root/.m2/repository/commons-collections/commons-collections/3.2.2/commons-collections-3.2.2.jar:/root/.m2/repository/org/eclipse/jetty/jetty-servlet/9.3.24.v20180605/jetty-servlet-9.3.24.v20180605.jar:/root/.m2/repository/org/eclipse/jetty/jetty-security/9.3.24.v20180605/jetty-security-9.3.24.v20180605.jar:/root/.m2/repository/javax/servlet/jsp/jsp-api/2.1/jsp-api-2.1.jar:/root/.m2/repository/com/sun/jersey/jersey-servlet/1.19/jersey-servlet-1.19.jar:/root/.m2/repository/com/sun/jersey/jersey-json/1.19/jersey-json-1.19.jar:/root/.m2/repository/org/codehaus/jettison/jettison/1.1/jettison-1.1.jar:/root/.m2/repository/org/codehaus/jackson/jackson-core-asl/1.9.13/jackson-core-asl-1.9.13.jar:/root/.m2/repository/org/codehaus/jackson/jackson-mapper-asl/1.9.13/jackson-mapper-asl-1.9.13.jar:/root/.m2/repository/org/codehaus/jackson/jackson-jaxrs/1.9.13/jackson-jaxrs-1.9.13.jar:/root/.m2/repository/org/codehaus/jackson/jackson-xc/1.9.13/jackson-xc-1.9.13.jar:/root/.m2/repository/commons-logging/commons-logging/1.1.3/commons-logging-1.1.3.jar:/root/.m2/repository/commons-beanutils/commons-beanutils/1.9.3/commons-beanutils-1.9.3.jar:/root/.m2/repository/org/apache/commons/commons-configuration2/2.1.1/commons-configuration2-2.1.1.jar:/root/.m2/repository/org/apache/commons/commons-lang3/3.7/commons-lang3-3.7.jar:/root/.m2/repository/org/apache/commons/commons-text/1.4/commons-text-1.4.jar:/root/.m2/repository/org/apache/avro/avro/1.7.7/avro-1.7.7.jar:/root/.m2/repository/com/thoughtworks/paranamer/paranamer/2.3/paranamer-2.3.jar:/root/.m2/repository/org/xerial/snappy/snappy-java/1.0.5/snappy-java-1.0.5.jar:/root/.m2/repository/com/google/re2j/re2j/1.1/re2j-1.1.jar:/root/.m2/repository/com/google/code/gson/gson/2.2.4/gson-2.2.4.jar:/root/.m2/repository/com/jcraft/jsch/0.1.54/jsch-0.1.54.jar:/root/.m2/repository/org/apache/curator/curator-client/2.12.0/curator-client-2.12.0.jar:/root/.m2/repository/org/apache/curator/curator-recipes/2.12.0/curator-recipes-2.12.0.jar:/root/.m2/repository/com/google/code/findbugs/jsr305/3.0.0/jsr305-3.0.0.jar:/root/.m2/repository/org/apache/htrace/htrace-core4/4.1.0-incubating/htrace-core4-4.1.0-incubating.jar:/root/.m2/repository/org/apache/zookeeper/zookeeper/3.4.13/zookeeper-3.4.13.jar:/root/.m2/repository/org/apache/yetus/audience-annotations/0.5.0/audience-annotations-0.5.0.jar:/root/.m2/repository/org/codehaus/woodstox/stax2-api/3.1.4/stax2-api-3.1.4.jar:/root/.m2/repository/com/fasterxml/woodstox/woodstox-core/5.0.3/woodstox-core-5.0.3.jar:/root/.m2/repository/dnsjava/dnsjava/2.1.7/dnsjava-2.1.7.jar:/root/.m2/repository/org/apache/hadoop/hadoop-hdfs/3.2.0/hadoop-hdfs-3.2.0-tests.jar:/root/.m2/repository/org/eclipse/jetty/jetty-util-ajax/9.3.24.v20180605/jetty-util-ajax-9.3.24.v20180605.jar:/root/.m2/repository/commons-daemon/commons-daemon/1.0.13/commons-daemon-1.0.13.jar:/root/.m2/repository/io/netty/netty/3.10.5.Final/netty-3.10.5.Final.jar:/root/.m2/repository/io/netty/netty-all/4.0.52.Final/netty-all-4.0.52.Final.jar:/root/.m2/repository/org/fusesource/leveldbjni/leveldbjni-all/1.8/leveldbjni-all-1.8.jar:"/>
    <property name="java.vm.vendor" value="IcedTea"/>
    <property name="sun.arch.data.model" value="64"/>
    <property name="test.build.dir" value="/opt/src/hadoop-ozone/integration-test/target/test-dir"/>
    <property name="test.cache.data" value=""/>
    <property name="java.vendor.url" value="https://icedtea.classpath.org"/>
    <property name="user.timezone" value=""/>
    <property name="java.vm.specification.version" value="1.8"/>
    <property name="os.name" value="Linux"/>
    <property name="test.build.data" value="/opt/src/hadoop-ozone/integration-test/target/test-dir"/>
    <property name="user.country" value="US"/>
    <property name="sun.java.launcher" value="SUN_STANDARD"/>
    <property name="sun.boot.library.path" value="/usr/lib/jvm/java-1.8-openjdk/jre/lib/amd64"/>
    <property name="sun.java.command" value="/opt/src/hadoop-ozone/integration-test/target/surefire/surefirebooter6467137213748330858.jar /opt/src/hadoop-ozone/integration-test/target/surefire 2019-06-14T04-00-43_670-jvmRun1 surefire16091954379996267tmp surefire_86075908052956252532tmp"/>
    <property name="surefire.test.class.path" value="/opt/src/hadoop-ozone/integration-test/target/test-classes:/opt/src/hadoop-ozone/integration-test/target/classes:/root/.m2/repository/org/apache/hadoop/hadoop-ozone-common/0.5.0-SNAPSHOT/hadoop-ozone-common-0.5.0-SNAPSHOT.jar:/root/.m2/repository/org/apache/commons/commons-compress/1.4.1/commons-compress-1.4.1.jar:/root/.m2/repository/org/tukaani/xz/1.0/xz-1.0.jar:/root/.m2/repository/org/apache/hadoop/hadoop-common/3.2.0/hadoop-common-3.2.0.jar:/root/.m2/repository/org/apache/hadoop/hadoop-hdfs/3.2.0/hadoop-hdfs-3.2.0.jar:/root/.m2/repository/org/apache/hadoop/hadoop-hdfs-client/3.2.0/hadoop-hdfs-client-3.2.0.jar:/root/.m2/repository/com/fasterxml/jackson/core/jackson-annotations/2.9.5/jackson-annotations-2.9.5.jar:/root/.m2/repository/org/apache/hadoop/hadoop-hdds-common/0.5.0-SNAPSHOT/hadoop-hdds-common-0.5.0-SNAPSHOT.jar:/root/.m2/repository/javax/annotation/javax.annotation-api/1.2/javax.annotation-api-1.2.jar:/root/.m2/repository/org/apache/ratis/ratis-server/0.4.0-fe2b15d-SNAPSHOT/ratis-server-0.4.0-fe2b15d-SNAPSHOT.jar:/root/.m2/repository/org/apache/ratis/ratis-thirdparty-misc/0.2.0/ratis-thirdparty-misc-0.2.0.jar:/root/.m2/repository/org/apache/ratis/ratis-proto/0.4.0-fe2b15d-SNAPSHOT/ratis-proto-0.4.0-fe2b15d-SNAPSHOT.jar:/root/.m2/repository/org/apache/ratis/ratis-common/0.4.0-fe2b15d-SNAPSHOT/ratis-common-0.4.0-fe2b15d-SNAPSHOT.jar:/root/.m2/repository/org/apache/ratis/ratis-client/0.4.0-fe2b15d-SNAPSHOT/ratis-client-0.4.0-fe2b15d-SNAPSHOT.jar:/root/.m2/repository/org/apache/ratis/ratis-netty/0.4.0-fe2b15d-SNAPSHOT/ratis-netty-0.4.0-fe2b15d-SNAPSHOT.jar:/root/.m2/repository/org/apache/ratis/ratis-grpc/0.4.0-fe2b15d-SNAPSHOT/ratis-grpc-0.4.0-fe2b15d-SNAPSHOT.jar:/root/.m2/repository/org/rocksdb/rocksdbjni/5.14.2/rocksdbjni-5.14.2.jar:/root/.m2/repository/org/apache/logging/log4j/log4j-api/2.11.0/log4j-api-2.11.0.jar:/root/.m2/repository/org/apache/logging/log4j/log4j-core/2.11.0/log4j-core-2.11.0.jar:/root/.m2/repository/com/lmax/disruptor/3.4.2/disruptor-3.4.2.jar:/root/.m2/repository/org/apache/commons/commons-pool2/2.6.0/commons-pool2-2.6.0.jar:/root/.m2/repository/org/bouncycastle/bcpkix-jdk15on/1.60/bcpkix-jdk15on-1.60.jar:/root/.m2/repository/commons-validator/commons-validator/1.6/commons-validator-1.6.jar:/root/.m2/repository/commons-digester/commons-digester/1.8.1/commons-digester-1.8.1.jar:/root/.m2/repository/io/jaegertracing/jaeger-client/0.33.1/jaeger-client-0.33.1.jar:/root/.m2/repository/io/jaegertracing/jaeger-thrift/0.33.1/jaeger-thrift-0.33.1.jar:/root/.m2/repository/org/apache/thrift/libthrift/0.11.0/libthrift-0.11.0.jar:/root/.m2/repository/com/squareup/okhttp3/okhttp/3.9.0/okhttp-3.9.0.jar:/root/.m2/repository/com/squareup/okio/okio/1.13.0/okio-1.13.0.jar:/root/.m2/repository/io/jaegertracing/jaeger-core/0.33.1/jaeger-core-0.33.1.jar:/root/.m2/repository/io/jaegertracing/jaeger-tracerresolver/0.33.1/jaeger-tracerresolver-0.33.1.jar:/root/.m2/repository/io/opentracing/contrib/opentracing-tracerresolver/0.1.5/opentracing-tracerresolver-0.1.5.jar:/root/.m2/repository/io/opentracing/opentracing-util/0.31.0/opentracing-util-0.31.0.jar:/root/.m2/repository/io/opentracing/opentracing-api/0.31.0/opentracing-api-0.31.0.jar:/root/.m2/repository/io/opentracing/opentracing-noop/0.31.0/opentracing-noop-0.31.0.jar:/root/.m2/repository/org/apache/hadoop/hadoop-hdds-server-framework/0.5.0-SNAPSHOT/hadoop-hdds-server-framework-0.5.0-SNAPSHOT.jar:/root/.m2/repository/org/apache/hadoop/hadoop-hdds-server-scm/0.5.0-SNAPSHOT/hadoop-hdds-server-scm-0.5.0-SNAPSHOT.jar:/root/.m2/repository/org/apache/hadoop/hadoop-hdds-container-service/0.5.0-SNAPSHOT/hadoop-hdds-container-service-0.5.0-SNAPSHOT.jar:/root/.m2/repository/org/apache/hadoop/hadoop-hdds-client/0.5.0-SNAPSHOT/hadoop-hdds-client-0.5.0-SNAPSHOT.jar:/root/.m2/repository/org/apache/hadoop/hadoop-hdds-tools/0.5.0-SNAPSHOT/hadoop-hdds-tools-0.5.0-SNAPSHOT.jar:/root/.m2/repository/org/apache/hadoop/hadoop-ozone-ozone-manager/0.5.0-SNAPSHOT/hadoop-ozone-ozone-manager-0.5.0-SNAPSHOT.jar:/root/.m2/repository/org/apache/hadoop/hadoop-hdds-docs/0.5.0-SNAPSHOT/hadoop-hdds-docs-0.5.0-SNAPSHOT.jar:/root/.m2/repository/org/bouncycastle/bcprov-jdk15on/1.60/bcprov-jdk15on-1.60.jar:/root/.m2/repository/org/apache/hadoop/hadoop-minikdc/3.2.0/hadoop-minikdc-3.2.0.jar:/root/.m2/repository/commons-io/commons-io/2.5/commons-io-2.5.jar:/root/.m2/repository/org/apache/kerby/kerb-simplekdc/1.0.1/kerb-simplekdc-1.0.1.jar:/root/.m2/repository/org/apache/kerby/kerb-client/1.0.1/kerb-client-1.0.1.jar:/root/.m2/repository/org/apache/kerby/kerby-config/1.0.1/kerby-config-1.0.1.jar:/root/.m2/repository/org/apache/kerby/kerb-core/1.0.1/kerb-core-1.0.1.jar:/root/.m2/repository/org/apache/kerby/kerby-pkix/1.0.1/kerby-pkix-1.0.1.jar:/root/.m2/repository/org/apache/kerby/kerby-asn1/1.0.1/kerby-asn1-1.0.1.jar:/root/.m2/repository/org/apache/kerby/kerby-util/1.0.1/kerby-util-1.0.1.jar:/root/.m2/repository/org/apache/kerby/kerb-common/1.0.1/kerb-common-1.0.1.jar:/root/.m2/repository/org/apache/kerby/kerb-crypto/1.0.1/kerb-crypto-1.0.1.jar:/root/.m2/repository/org/apache/kerby/kerb-util/1.0.1/kerb-util-1.0.1.jar:/root/.m2/repository/org/apache/kerby/token-provider/1.0.1/token-provider-1.0.1.jar:/root/.m2/repository/org/apache/kerby/kerb-admin/1.0.1/kerb-admin-1.0.1.jar:/root/.m2/repository/org/apache/kerby/kerb-server/1.0.1/kerb-server-1.0.1.jar:/root/.m2/repository/org/apache/kerby/kerb-identity/1.0.1/kerb-identity-1.0.1.jar:/root/.m2/repository/org/apache/kerby/kerby-xdr/1.0.1/kerby-xdr-1.0.1.jar:/root/.m2/repository/org/slf4j/slf4j-log4j12/1.7.25/slf4j-log4j12-1.7.25.jar:/root/.m2/repository/org/apache/hadoop/hadoop-ozone-objectstore-service/0.5.0-SNAPSHOT/hadoop-ozone-objectstore-service-0.5.0-SNAPSHOT.jar:/root/.m2/repository/org/apache/hadoop/hadoop-ozone-s3gateway/0.5.0-SNAPSHOT/hadoop-ozone-s3gateway-0.5.0-SNAPSHOT.jar:/root/.m2/repository/org/jboss/weld/servlet/weld-servlet/2.4.7.Final/weld-servlet-2.4.7.Final.jar:/root/.m2/repository/org/glassfish/jersey/containers/jersey-container-servlet-core/2.27/jersey-container-servlet-core-2.27.jar:/root/.m2/repository/org/glassfish/hk2/external/javax.inject/2.5.0-b42/javax.inject-2.5.0-b42.jar:/root/.m2/repository/org/glassfish/jersey/core/jersey-common/2.27/jersey-common-2.27.jar:/root/.m2/repository/org/glassfish/hk2/osgi-resource-locator/1.0.1/osgi-resource-locator-1.0.1.jar:/root/.m2/repository/javax/ws/rs/javax.ws.rs-api/2.1/javax.ws.rs-api-2.1.jar:/root/.m2/repository/org/glassfish/jersey/ext/cdi/jersey-cdi1x/2.27/jersey-cdi1x-2.27.jar:/root/.m2/repository/org/glassfish/jersey/inject/jersey-hk2/2.27/jersey-hk2-2.27.jar:/root/.m2/repository/org/glassfish/hk2/hk2-locator/2.5.0-b42/hk2-locator-2.5.0-b42.jar:/root/.m2/repository/org/javassist/javassist/3.22.0-CR2/javassist-3.22.0-CR2.jar:/root/.m2/repository/org/glassfish/hk2/hk2-api/2.5.0/hk2-api-2.5.0.jar:/root/.m2/repository/org/glassfish/hk2/external/jakarta.inject/2.5.0/jakarta.inject-2.5.0.jar:/root/.m2/repository/org/glassfish/hk2/hk2-utils/2.5.0/hk2-utils-2.5.0.jar:/root/.m2/repository/jakarta/annotation/jakarta.annotation-api/1.3.4/jakarta.annotation-api-1.3.4.jar:/root/.m2/repository/org/glassfish/hk2/external/aopalliance-repackaged/2.5.0/aopalliance-repackaged-2.5.0.jar:/root/.m2/repository/com/fasterxml/jackson/dataformat/jackson-dataformat-xml/2.9.0/jackson-dataformat-xml-2.9.0.jar:/root/.m2/repository/com/fasterxml/jackson/core/jackson-core/2.9.5/jackson-core-2.9.5.jar:/root/.m2/repository/com/fasterxml/jackson/module/jackson-module-jaxb-annotations/2.9.5/jackson-module-jaxb-annotations-2.9.5.jar:/root/.m2/repository/javax/enterprise/cdi-api/1.2/cdi-api-1.2.jar:/root/.m2/repository/javax/el/javax.el-api/3.0.0/javax.el-api-3.0.0.jar:/root/.m2/repository/javax/interceptor/javax.interceptor-api/1.2/javax.interceptor-api-1.2.jar:/root/.m2/repository/javax/inject/javax.inject/1/javax.inject-1.jar:/root/.m2/repository/com/sun/xml/bind/jaxb-impl/2.3.0.1/jaxb-impl-2.3.0.1.jar:/root/.m2/repository/com/sun/xml/bind/jaxb-core/2.3.0.1/jaxb-core-2.3.0.1.jar:/root/.m2/repository/javax/xml/bind/jaxb-api/2.3.0/jaxb-api-2.3.0.jar:/root/.m2/repository/javax/activation/activation/1.1.1/activation-1.1.1.jar:/root/.m2/repository/org/apache/hadoop/hadoop-ozone-csi/0.5.0-SNAPSHOT/hadoop-ozone-csi-0.5.0-SNAPSHOT.jar:/root/.m2/repository/com/google/protobuf/protobuf-java-util/3.5.1/protobuf-java-util-3.5.1.jar:/root/.m2/repository/org/apache/hadoop/hadoop-hdds-config/0.5.0-SNAPSHOT/hadoop-hdds-config-0.5.0-SNAPSHOT.jar:/root/.m2/repository/com/google/guava/guava/11.0.2/guava-11.0.2.jar:/root/.m2/repository/com/google/protobuf/protobuf-java/2.5.0/protobuf-java-2.5.0.jar:/root/.m2/repository/io/grpc/grpc-netty/1.17.1/grpc-netty-1.17.1.jar:/root/.m2/repository/io/grpc/grpc-core/1.17.1/grpc-core-1.17.1.jar:/root/.m2/repository/io/grpc/grpc-context/1.17.1/grpc-context-1.17.1.jar:/root/.m2/repository/com/google/errorprone/error_prone_annotations/2.2.0/error_prone_annotations-2.2.0.jar:/root/.m2/repository/org/codehaus/mojo/animal-sniffer-annotations/1.17/animal-sniffer-annotations-1.17.jar:/root/.m2/repository/io/opencensus/opencensus-api/0.17.0/opencensus-api-0.17.0.jar:/root/.m2/repository/io/opencensus/opencensus-contrib-grpc-metrics/0.17.0/opencensus-contrib-grpc-metrics-0.17.0.jar:/root/.m2/repository/io/netty/netty-codec-http2/4.1.30.Final/netty-codec-http2-4.1.30.Final.jar:/root/.m2/repository/io/netty/netty-codec-http/4.1.30.Final/netty-codec-http-4.1.30.Final.jar:/root/.m2/repository/io/netty/netty-codec/4.1.30.Final/netty-codec-4.1.30.Final.jar:/root/.m2/repository/io/netty/netty-handler/4.1.30.Final/netty-handler-4.1.30.Final.jar:/root/.m2/repository/io/netty/netty-handler-proxy/4.1.30.Final/netty-handler-proxy-4.1.30.Final.jar:/root/.m2/repository/io/netty/netty-codec-socks/4.1.30.Final/netty-codec-socks-4.1.30.Final.jar:/root/.m2/repository/io/netty/netty-transport-native-epoll/4.1.30.Final/netty-transport-native-epoll-4.1.30.Final.jar:/root/.m2/repository/io/netty/netty-common/4.1.30.Final/netty-common-4.1.30.Final.jar:/root/.m2/repository/io/netty/netty-buffer/4.1.30.Final/netty-buffer-4.1.30.Final.jar:/root/.m2/repository/io/netty/netty-transport/4.1.30.Final/netty-transport-4.1.30.Final.jar:/root/.m2/repository/io/netty/netty-resolver/4.1.30.Final/netty-resolver-4.1.30.Final.jar:/root/.m2/repository/io/netty/netty-transport-native-unix-common/4.1.30.Final/netty-transport-native-unix-common-4.1.30.Final.jar:/root/.m2/repository/io/grpc/grpc-protobuf/1.17.1/grpc-protobuf-1.17.1.jar:/root/.m2/repository/com/google/api/grpc/proto-google-common-protos/1.0.0/proto-google-common-protos-1.0.0.jar:/root/.m2/repository/io/grpc/grpc-protobuf-lite/1.17.1/grpc-protobuf-lite-1.17.1.jar:/root/.m2/repository/io/grpc/grpc-stub/1.17.1/grpc-stub-1.17.1.jar:/root/.m2/repository/org/apache/hadoop/hadoop-ozone-recon/0.5.0-SNAPSHOT/hadoop-ozone-recon-0.5.0-SNAPSHOT.jar:/root/.m2/repository/org/apache/hadoop/hadoop-ozone-reconcodegen/0.5.0-SNAPSHOT/hadoop-ozone-reconcodegen-0.5.0-SNAPSHOT.jar:/root/.m2/repository/com/google/inject/extensions/guice-multibindings/4.0/guice-multibindings-4.0.jar:/root/.m2/repository/com/google/inject/guice/4.0/guice-4.0.jar:/root/.m2/repository/aopalliance/aopalliance/1.0/aopalliance-1.0.jar:/root/.m2/repository/com/google/inject/extensions/guice-servlet/4.0/guice-servlet-4.0.jar:/root/.m2/repository/org/glassfish/jersey/containers/jersey-container-servlet/2.27/jersey-container-servlet-2.27.jar:/root/.m2/repository/org/glassfish/hk2/guice-bridge/2.5.0/guice-bridge-2.5.0.jar:/root/.m2/repository/org/glassfish/jersey/core/jersey-server/2.27/jersey-server-2.27.jar:/root/.m2/repository/org/glassfish/jersey/core/jersey-client/2.27/jersey-client-2.27.jar:/root/.m2/repository/org/glassfish/jersey/media/jersey-media-jaxb/2.27/jersey-media-jaxb-2.27.jar:/root/.m2/repository/javax/validation/validation-api/1.1.0.Final/validation-api-1.1.0.Final.jar:/root/.m2/repository/org/glassfish/jersey/media/jersey-media-json-jackson/2.27/jersey-media-json-jackson-2.27.jar:/root/.m2/repository/org/glassfish/jersey/ext/jersey-entity-filtering/2.27/jersey-entity-filtering-2.27.jar:/root/.m2/repository/com/google/inject/extensions/guice-assistedinject/4.0/guice-assistedinject-4.0.jar:/root/.m2/repository/org/jooq/jooq/3.11.10/jooq-3.11.10.jar:/root/.m2/repository/org/jooq/jooq-meta/3.11.10/jooq-meta-3.11.10.jar:/root/.m2/repository/org/jooq/jooq-codegen/3.11.10/jooq-codegen-3.11.10.jar:/root/.m2/repository/com/jolbox/bonecp/0.8.0.RELEASE/bonecp-0.8.0.RELEASE.jar:/root/.m2/repository/org/xerial/sqlite-jdbc/3.25.2/sqlite-jdbc-3.25.2.jar:/root/.m2/repository/org/springframework/spring-jdbc/5.1.3.RELEASE/spring-jdbc-5.1.3.RELEASE.jar:/root/.m2/repository/org/springframework/spring-beans/5.1.3.RELEASE/spring-beans-5.1.3.RELEASE.jar:/root/.m2/repository/org/springframework/spring-core/5.1.3.RELEASE/spring-core-5.1.3.RELEASE.jar:/root/.m2/repository/org/springframework/spring-jcl/5.1.3.RELEASE/spring-jcl-5.1.3.RELEASE.jar:/root/.m2/repository/org/springframework/spring-tx/5.1.3.RELEASE/spring-tx-5.1.3.RELEASE.jar:/root/.m2/repository/org/apache/hadoop/hadoop-ozone-client/0.5.0-SNAPSHOT/hadoop-ozone-client-0.5.0-SNAPSHOT.jar:/root/.m2/repository/org/apache/hadoop/hadoop-ozone-ozone-manager/0.5.0-SNAPSHOT/hadoop-ozone-ozone-manager-0.5.0-SNAPSHOT-tests.jar:/root/.m2/repository/junit/junit/4.11/junit-4.11.jar:/root/.m2/repository/org/hamcrest/hamcrest-core/1.3/hamcrest-core-1.3.jar:/root/.m2/repository/org/openjdk/jmh/jmh-core/1.19/jmh-core-1.19.jar:/root/.m2/repository/net/sf/jopt-simple/jopt-simple/4.6/jopt-simple-4.6.jar:/root/.m2/repository/org/apache/commons/commons-math3/3.1.1/commons-math3-3.1.1.jar:/root/.m2/repository/org/openjdk/jmh/jmh-generator-annprocess/1.19/jmh-generator-annprocess-1.19.jar:/root/.m2/repository/org/mockito/mockito-all/1.8.5/mockito-all-1.8.5.jar:/root/.m2/repository/org/apache/hadoop/hadoop-kms/3.2.0/hadoop-kms-3.2.0.jar:/root/.m2/repository/org/apache/hadoop/hadoop-auth/3.2.0/hadoop-auth-3.2.0.jar:/root/.m2/repository/com/nimbusds/nimbus-jose-jwt/4.41.1/nimbus-jose-jwt-4.41.1.jar:/root/.m2/repository/com/github/stephenc/jcip/jcip-annotations/1.0-1/jcip-annotations-1.0-1.jar:/root/.m2/repository/net/minidev/json-smart/2.3/json-smart-2.3.jar:/root/.m2/repository/net/minidev/accessors-smart/1.2/accessors-smart-1.2.jar:/root/.m2/repository/org/ow2/asm/asm/5.0.4/asm-5.0.4.jar:/root/.m2/repository/org/apache/curator/curator-framework/2.12.0/curator-framework-2.12.0.jar:/root/.m2/repository/com/sun/jersey/jersey-core/1.19/jersey-core-1.19.jar:/root/.m2/repository/javax/ws/rs/jsr311-api/1.1.1/jsr311-api-1.1.1.jar:/root/.m2/repository/com/sun/jersey/jersey-server/1.19/jersey-server-1.19.jar:/root/.m2/repository/javax/servlet/javax.servlet-api/3.1.0/javax.servlet-api-3.1.0.jar:/root/.m2/repository/org/eclipse/jetty/jetty-server/9.3.24.v20180605/jetty-server-9.3.24.v20180605.jar:/root/.m2/repository/org/eclipse/jetty/jetty-http/9.3.24.v20180605/jetty-http-9.3.24.v20180605.jar:/root/.m2/repository/org/eclipse/jetty/jetty-io/9.3.24.v20180605/jetty-io-9.3.24.v20180605.jar:/root/.m2/repository/org/eclipse/jetty/jetty-webapp/9.3.24.v20180605/jetty-webapp-9.3.24.v20180605.jar:/root/.m2/repository/org/eclipse/jetty/jetty-xml/9.3.24.v20180605/jetty-xml-9.3.24.v20180605.jar:/root/.m2/repository/log4j/log4j/1.2.17/log4j-1.2.17.jar:/root/.m2/repository/org/slf4j/slf4j-api/1.7.25/slf4j-api-1.7.25.jar:/root/.m2/repository/org/slf4j/jul-to-slf4j/1.7.25/jul-to-slf4j-1.7.25.jar:/root/.m2/repository/org/eclipse/jetty/jetty-util/9.3.24.v20180605/jetty-util-9.3.24.v20180605.jar:/root/.m2/repository/io/dropwizard/metrics/metrics-core/3.2.4/metrics-core-3.2.4.jar:/root/.m2/repository/com/fasterxml/jackson/core/jackson-databind/2.9.5/jackson-databind-2.9.5.jar:/root/.m2/repository/org/apache/hadoop/hadoop-kms/3.2.0/hadoop-kms-3.2.0-tests.jar:/root/.m2/repository/org/apache/hadoop/hadoop-hdds-server-scm/0.5.0-SNAPSHOT/hadoop-hdds-server-scm-0.5.0-SNAPSHOT-tests.jar:/root/.m2/repository/org/hamcrest/hamcrest-all/1.3/hamcrest-all-1.3.jar:/root/.m2/repository/info/picocli/picocli/3.9.6/picocli-3.9.6.jar:/root/.m2/repository/org/apache/hadoop/hadoop-hdds-container-service/0.5.0-SNAPSHOT/hadoop-hdds-container-service-0.5.0-SNAPSHOT-tests.jar:/root/.m2/repository/org/yaml/snakeyaml/1.16/snakeyaml-1.16.jar:/root/.m2/repository/org/apache/hadoop/hadoop-common/3.2.0/hadoop-common-3.2.0-tests.jar:/root/.m2/repository/org/apache/hadoop/hadoop-annotations/3.2.0/hadoop-annotations-3.2.0.jar:/usr/lib/jvm/java-1.8-openjdk/jre/../lib/tools.jar:/root/.m2/repository/commons-cli/commons-cli/1.2/commons-cli-1.2.jar:/root/.m2/repository/org/apache/httpcomponents/httpclient/4.5.2/httpclient-4.5.2.jar:/root/.m2/repository/org/apache/httpcomponents/httpcore/4.4.4/httpcore-4.4.4.jar:/root/.m2/repository/commons-codec/commons-codec/1.11/commons-codec-1.11.jar:/root/.m2/repository/commons-net/commons-net/3.6/commons-net-3.6.jar:/root/.m2/repository/commons-collections/commons-collections/3.2.2/commons-collections-3.2.2.jar:/root/.m2/repository/org/eclipse/jetty/jetty-servlet/9.3.24.v20180605/jetty-servlet-9.3.24.v20180605.jar:/root/.m2/repository/org/eclipse/jetty/jetty-security/9.3.24.v20180605/jetty-security-9.3.24.v20180605.jar:/root/.m2/repository/javax/servlet/jsp/jsp-api/2.1/jsp-api-2.1.jar:/root/.m2/repository/com/sun/jersey/jersey-servlet/1.19/jersey-servlet-1.19.jar:/root/.m2/repository/com/sun/jersey/jersey-json/1.19/jersey-json-1.19.jar:/root/.m2/repository/org/codehaus/jettison/jettison/1.1/jettison-1.1.jar:/root/.m2/repository/org/codehaus/jackson/jackson-core-asl/1.9.13/jackson-core-asl-1.9.13.jar:/root/.m2/repository/org/codehaus/jackson/jackson-mapper-asl/1.9.13/jackson-mapper-asl-1.9.13.jar:/root/.m2/repository/org/codehaus/jackson/jackson-jaxrs/1.9.13/jackson-jaxrs-1.9.13.jar:/root/.m2/repository/org/codehaus/jackson/jackson-xc/1.9.13/jackson-xc-1.9.13.jar:/root/.m2/repository/commons-logging/commons-logging/1.1.3/commons-logging-1.1.3.jar:/root/.m2/repository/commons-beanutils/commons-beanutils/1.9.3/commons-beanutils-1.9.3.jar:/root/.m2/repository/org/apache/commons/commons-configuration2/2.1.1/commons-configuration2-2.1.1.jar:/root/.m2/repository/org/apache/commons/commons-lang3/3.7/commons-lang3-3.7.jar:/root/.m2/repository/org/apache/commons/commons-text/1.4/commons-text-1.4.jar:/root/.m2/repository/org/apache/avro/avro/1.7.7/avro-1.7.7.jar:/root/.m2/repository/com/thoughtworks/paranamer/paranamer/2.3/paranamer-2.3.jar:/root/.m2/repository/org/xerial/snappy/snappy-java/1.0.5/snappy-java-1.0.5.jar:/root/.m2/repository/com/google/re2j/re2j/1.1/re2j-1.1.jar:/root/.m2/repository/com/google/code/gson/gson/2.2.4/gson-2.2.4.jar:/root/.m2/repository/com/jcraft/jsch/0.1.54/jsch-0.1.54.jar:/root/.m2/repository/org/apache/curator/curator-client/2.12.0/curator-client-2.12.0.jar:/root/.m2/repository/org/apache/curator/curator-recipes/2.12.0/curator-recipes-2.12.0.jar:/root/.m2/repository/com/google/code/findbugs/jsr305/3.0.0/jsr305-3.0.0.jar:/root/.m2/repository/org/apache/htrace/htrace-core4/4.1.0-incubating/htrace-core4-4.1.0-incubating.jar:/root/.m2/repository/org/apache/zookeeper/zookeeper/3.4.13/zookeeper-3.4.13.jar:/root/.m2/repository/org/apache/yetus/audience-annotations/0.5.0/audience-annotations-0.5.0.jar:/root/.m2/repository/org/codehaus/woodstox/stax2-api/3.1.4/stax2-api-3.1.4.jar:/root/.m2/repository/com/fasterxml/woodstox/woodstox-core/5.0.3/woodstox-core-5.0.3.jar:/root/.m2/repository/dnsjava/dnsjava/2.1.7/dnsjava-2.1.7.jar:/root/.m2/repository/org/apache/hadoop/hadoop-hdfs/3.2.0/hadoop-hdfs-3.2.0-tests.jar:/root/.m2/repository/org/eclipse/jetty/jetty-util-ajax/9.3.24.v20180605/jetty-util-ajax-9.3.24.v20180605.jar:/root/.m2/repository/commons-daemon/commons-daemon/1.0.13/commons-daemon-1.0.13.jar:/root/.m2/repository/io/netty/netty/3.10.5.Final/netty-3.10.5.Final.jar:/root/.m2/repository/io/netty/netty-all/4.0.52.Final/netty-all-4.0.52.Final.jar:/root/.m2/repository/org/fusesource/leveldbjni/leveldbjni-all/1.8/leveldbjni-all-1.8.jar:"/>
    <property name="sun.cpu.endian" value="little"/>
    <property name="user.home" value="/root"/>
    <property name="user.language" value="en"/>
    <property name="java.specification.vendor" value="Oracle Corporation"/>
    <property name="java.home" value="/usr/lib/jvm/java-1.8-openjdk/jre"/>
    <property name="java.security.krb5.conf" value="/opt/src/hadoop-ozone/integration-test/target/test-classes/krb5.conf"/>
    <property name="basedir" value="/opt/src/hadoop-ozone/integration-test"/>
    <property name="file.separator" value="/"/>
    <property name="line.separator" value="&#10;"/>
    <property name="java.vm.specification.vendor" value="Oracle Corporation"/>
    <property name="java.specification.name" value="Java Platform API Specification"/>
    <property name="java.awt.graphicsenv" value="sun.awt.X11GraphicsEnvironment"/>
    <property name="surefire.real.class.path" value="/opt/src/hadoop-ozone/integration-test/target/surefire/surefirebooter6467137213748330858.jar"/>
    <property name="hadoop.log.dir" value="/opt/src/hadoop-ozone/integration-test/target/log"/>
    <property name="sun.boot.class.path" value="/usr/lib/jvm/java-1.8-openjdk/jre/lib/resources.jar:/usr/lib/jvm/java-1.8-openjdk/jre/lib/rt.jar:/usr/lib/jvm/java-1.8-openjdk/jre/lib/sunrsasign.jar:/usr/lib/jvm/java-1.8-openjdk/jre/lib/jsse.jar:/usr/lib/jvm/java-1.8-openjdk/jre/lib/jce.jar:/usr/lib/jvm/java-1.8-openjdk/jre/lib/charsets.jar:/usr/lib/jvm/java-1.8-openjdk/jre/lib/jfr.jar:/usr/lib/jvm/java-1.8-openjdk/jre/classes"/>
    <property name="sun.management.compiler" value="HotSpot 64-Bit Tiered Compilers"/>
    <property name="java.runtime.version" value="1.8.0_212-b04"/>
    <property name="java.net.preferIPv4Stack" value="true"/>
    <property name="user.name" value="root"/>
    <property name="path.separator" value=":"/>
    <property name="java.security.egd" value="file:///dev/urandom"/>
    <property name="os.version" value="4.15.0-1021-aws"/>
    <property name="java.endorsed.dirs" value="/usr/lib/jvm/java-1.8-openjdk/jre/lib/endorsed"/>
    <property name="java.runtime.name" value="OpenJDK Runtime Environment"/>
    <property name="file.encoding" value="UTF-8"/>
    <property name="java.vm.name" value="OpenJDK 64-Bit Server VM"/>
    <property name="test.build.webapps" value=""/>
    <property name="localRepository" value="/root/.m2/repository"/>
    <property name="java.vendor.url.bug" value="https://icedtea.classpath.org/bugzilla"/>
    <property name="java.io.tmpdir" value="/tmp"/>
    <property name="require.test.libhadoop" value=""/>
    <property name="java.version" value="1.8.0_212"/>
    <property name="user.dir" value="/opt/src/hadoop-ozone/integration-test"/>
    <property name="os.arch" value="amd64"/>
    <property name="java.vm.specification.name" value="Java Virtual Machine Specification"/>
    <property name="test.build.classes" value="/opt/src/hadoop-ozone/integration-test/target/test-classes"/>
    <property name="java.awt.printerjob" value="sun.print.PSPrinterJob"/>
    <property name="sun.os.patch.level" value="unknown"/>
    <property name="hadoop.tmp.dir" value="/opt/src/hadoop-ozone/integration-test/target/tmp"/>
    <property name="java.library.path" value="/usr/lib/jvm/java-1.8-openjdk/jre/lib/amd64/server:/usr/lib/jvm/java-1.8-openjdk/jre/lib/amd64:/usr/lib/jvm/java-1.8-openjdk/jre/../lib/amd64:/opt/src/hadoop-ozone/integration-test/target/native/target/usr/local/lib:/opt/src/hadoop-ozone/integration-test/../../hadoop-common-project/hadoop-common/target/native/target/usr/local/lib:/usr/java/packages/lib/amd64:/usr/lib64:/lib64:/lib:/usr/lib"/>
    <property name="java.vm.info" value="mixed mode"/>
    <property name="java.vendor" value="IcedTea"/>
    <property name="java.vm.version" value="25.212-b04"/>
    <property name="java.ext.dirs" value="/usr/lib/jvm/java-1.8-openjdk/jre/lib/ext:/usr/java/packages/lib/ext"/>
    <property name="sun.io.unicode.encoding" value="UnicodeLittle"/>
    <property name="java.class.version" value="52.0"/>
  </properties>
  <testcase name="testPipelineFail" classname="org.apache.hadoop.hdds.scm.pipeline.TestNodeFailure" time="0">
    <skipped/>
    <system-out><![CDATA[2019-06-14 04:04:32,422 WARN  server.ServerUtils (ServerUtils.java:getScmDbDir(145)) - ozone.scm.db.dirs is not configured. We recommend adding this setting. Falling back to ozone.metadata.dirs instead.
2019-06-14 04:04:32,495 WARN  server.ServerUtils (ServerUtils.java:getScmDbDir(145)) - ozone.scm.db.dirs is not configured. We recommend adding this setting. Falling back to ozone.metadata.dirs instead.
2019-06-14 04:04:32,498 WARN  server.ServerUtils (ServerUtils.java:getScmDbDir(145)) - ozone.scm.db.dirs is not configured. We recommend adding this setting. Falling back to ozone.metadata.dirs instead.
2019-06-14 04:04:32,512 INFO  util.log (Log.java:initialized(192)) - Logging initialized @651ms
2019-06-14 04:04:32,591 INFO  db.DBStoreBuilder (DBStoreBuilder.java:addTable(110)) - using custom profile for table: deletedBlocks
2019-06-14 04:04:32,591 INFO  db.DBStoreBuilder (DBStoreBuilder.java:processTables(161)) - Using default column profile:DBProfile.DISK for Table:deletedBlocks
2019-06-14 04:04:32,592 INFO  db.DBStoreBuilder (DBStoreBuilder.java:addTable(110)) - using custom profile for table: validCerts
2019-06-14 04:04:32,592 INFO  db.DBStoreBuilder (DBStoreBuilder.java:processTables(161)) - Using default column profile:DBProfile.DISK for Table:validCerts
2019-06-14 04:04:32,592 INFO  db.DBStoreBuilder (DBStoreBuilder.java:addTable(110)) - using custom profile for table: revokedCerts
2019-06-14 04:04:32,592 INFO  db.DBStoreBuilder (DBStoreBuilder.java:processTables(161)) - Using default column profile:DBProfile.DISK for Table:revokedCerts
2019-06-14 04:04:32,601 INFO  db.DBStoreBuilder (DBStoreBuilder.java:addTable(110)) - using custom profile for table: default
2019-06-14 04:04:32,601 INFO  db.DBStoreBuilder (DBStoreBuilder.java:processTables(167)) - Using default column profile:DBProfile.DISK for Table:default
2019-06-14 04:04:32,603 INFO  db.DBStoreBuilder (DBStoreBuilder.java:getDbProfile(198)) - Using default options. DBProfile.DISK
2019-06-14 04:04:32,667 INFO  node.SCMNodeManager (SCMNodeManager.java:<init>(108)) - Entering startup safe mode.
2019-06-14 04:04:32,723 INFO  net.NodeSchemaLoader (NodeSchemaLoader.java:loadSchemaFromFile(125)) - Loading file from sun.misc.CompoundEnumeration@443118b0
2019-06-14 04:04:32,725 INFO  net.NodeSchemaLoader (NodeSchemaLoader.java:loadSchema(171)) - Loading network topology layer schema file
2019-06-14 04:04:32,774 WARN  server.ServerUtils (ServerUtils.java:getScmDbDir(145)) - ozone.scm.db.dirs is not configured. We recommend adding this setting. Falling back to ozone.metadata.dirs instead.
2019-06-14 04:04:32,794 INFO  pipeline.SCMPipelineManager (SCMPipelineManager.java:initializePipelineState(126)) - No pipeline exists in current db
2019-06-14 04:04:32,796 WARN  server.ServerUtils (ServerUtils.java:getScmDbDir(145)) - ozone.scm.db.dirs is not configured. We recommend adding this setting. Falling back to ozone.metadata.dirs instead.
2019-06-14 04:04:32,844 WARN  events.EventQueue (EventQueue.java:fireEvent(175)) - No event handler registered for event TypedEvent{payloadType=SafeModeStatus, name='SafeModeStatus'}
2019-06-14 04:04:33,104 INFO  ipc.CallQueueManager (CallQueueManager.java:<init>(84)) - Using callQueue: class java.util.concurrent.LinkedBlockingQueue, queueCapacity: 2000, scheduler: class org.apache.hadoop.ipc.DefaultRpcScheduler, ipcBackoff: false.
2019-06-14 04:04:33,125 INFO  ipc.Server (Server.java:run(1074)) - Starting Socket Reader #1 for port 39177
2019-06-14 04:04:33,143 INFO  ipc.CallQueueManager (CallQueueManager.java:<init>(84)) - Using callQueue: class java.util.concurrent.LinkedBlockingQueue, queueCapacity: 2000, scheduler: class org.apache.hadoop.ipc.DefaultRpcScheduler, ipcBackoff: false.
2019-06-14 04:04:33,144 INFO  ipc.Server (Server.java:run(1074)) - Starting Socket Reader #1 for port 39633
2019-06-14 04:04:33,150 INFO  ipc.CallQueueManager (CallQueueManager.java:<init>(84)) - Using callQueue: class java.util.concurrent.LinkedBlockingQueue, queueCapacity: 2000, scheduler: class org.apache.hadoop.ipc.DefaultRpcScheduler, ipcBackoff: false.
2019-06-14 04:04:33,178 INFO  ipc.Server (Server.java:run(1074)) - Starting Socket Reader #1 for port 33409
2019-06-14 04:04:33,197 INFO  hdfs.DFSUtil (DFSUtil.java:httpServerTemplateForNNAndJN(1641)) - Starting Web-server for scm at: http://0.0.0.0:0
2019-06-14 04:04:33,321 INFO  server.AuthenticationFilter (AuthenticationFilter.java:constructSecretProvider(240)) - Unable to initialize FileSignerSecretProvider, falling back to use random secrets.
2019-06-14 04:04:33,327 WARN  http.HttpRequestLog (HttpRequestLog.java:getRequestLog(97)) - Jetty request log can only be enabled using Log4j
2019-06-14 04:04:33,334 INFO  http.HttpServer2 (HttpServer2.java:addGlobalFilter(975)) - Added global filter 'safety' (class=org.apache.hadoop.http.HttpServer2$QuotingInputFilter)
2019-06-14 04:04:33,336 INFO  http.HttpServer2 (HttpServer2.java:addFilter(948)) - Added filter static_user_filter (class=org.apache.hadoop.http.lib.StaticUserWebFilter$StaticUserFilter) to context scm
2019-06-14 04:04:33,336 INFO  http.HttpServer2 (HttpServer2.java:addFilter(958)) - Added filter static_user_filter (class=org.apache.hadoop.http.lib.StaticUserWebFilter$StaticUserFilter) to context logs
2019-06-14 04:04:33,337 INFO  http.HttpServer2 (HttpServer2.java:addFilter(958)) - Added filter static_user_filter (class=org.apache.hadoop.http.lib.StaticUserWebFilter$StaticUserFilter) to context static
2019-06-14 04:04:33,359 INFO  server.StorageContainerManager (StorageContainerManager.java:start(752)) - StorageContainerLocationProtocol RPC server is listening at /0.0.0.0:33409
2019-06-14 04:04:33,400 WARN  impl.MetricsConfig (MetricsConfig.java:loadFirst(134)) - Cannot locate configuration: tried hadoop-metrics2-storagecontainermanager.properties,hadoop-metrics2.properties
2019-06-14 04:04:33,409 INFO  impl.MetricsSystemImpl (MetricsSystemImpl.java:startTimer(374)) - Scheduled Metric snapshot period at 10 second(s).
2019-06-14 04:04:33,409 INFO  impl.MetricsSystemImpl (MetricsSystemImpl.java:start(191)) - StorageContainerManager metrics system started
2019-06-14 04:04:33,566 INFO  server.SCMClientProtocolServer (SCMClientProtocolServer.java:start(149)) - RPC server for Client  is listening at /0.0.0.0:33409
2019-06-14 04:04:33,567 INFO  ipc.Server (Server.java:run(1314)) - IPC Server Responder: starting
2019-06-14 04:04:33,567 INFO  ipc.Server (Server.java:run(1153)) - IPC Server listener on 33409: starting
2019-06-14 04:04:33,569 INFO  server.StorageContainerManager (StorageContainerManager.java:start(761)) - ScmBlockLocationProtocol RPC server is listening at /0.0.0.0:39633
2019-06-14 04:04:33,570 INFO  server.SCMBlockProtocolServer (SCMBlockProtocolServer.java:start(137)) - RPC server for Block Protocol is listening at /0.0.0.0:39633
2019-06-14 04:04:33,570 INFO  ipc.Server (Server.java:run(1314)) - IPC Server Responder: starting
2019-06-14 04:04:33,574 INFO  ipc.Server (Server.java:run(1153)) - IPC Server listener on 39633: starting
2019-06-14 04:04:33,577 INFO  server.StorageContainerManager (StorageContainerManager.java:start(765)) - ScmDatanodeProtocl RPC server is listening at /0.0.0.0:39177
2019-06-14 04:04:33,578 INFO  server.SCMDatanodeProtocolServer (SCMDatanodeProtocolServer.java:start(191)) - RPC server for DataNodes is listening at /0.0.0.0:39177
2019-06-14 04:04:33,578 INFO  ipc.Server (Server.java:run(1314)) - IPC Server Responder: starting
2019-06-14 04:04:33,578 INFO  ipc.Server (Server.java:run(1153)) - IPC Server listener on 39177: starting
2019-06-14 04:04:33,581 INFO  http.HttpServer2 (HttpServer2.java:bindListener(1191)) - Jetty bound to port 43117
2019-06-14 04:04:33,582 INFO  server.Server (Server.java:doStart(351)) - jetty-9.3.24.v20180605, build timestamp: 2018-06-05T17:11:56Z, git hash: 84205aa28f11a4f31f2a3b86d1bba2cc8ab69827
2019-06-14 04:04:33,623 INFO  handler.ContextHandler (ContextHandler.java:doStart(781)) - Started o.e.j.s.ServletContextHandler@2df6226d{/logs,file:///opt/src/hadoop-ozone/integration-test/target/log,AVAILABLE}
2019-06-14 04:04:33,624 INFO  handler.ContextHandler (ContextHandler.java:doStart(781)) - Started o.e.j.s.ServletContextHandler@4ff4357f{/static,file:///opt/src/hadoop-ozone/integration-test/target/test-classes/webapps/static,AVAILABLE}
2019-06-14 04:04:33,649 INFO  handler.ContextHandler (ContextHandler.java:doStart(781)) - Started o.e.j.w.WebAppContext@2484f433{/,file:///opt/src/hadoop-ozone/integration-test/target/test-classes/webapps/scm/,AVAILABLE}{/scm}
2019-06-14 04:04:33,653 INFO  server.AbstractConnector (AbstractConnector.java:doStart(278)) - Started ServerConnector@841e575{HTTP/1.1,[http/1.1]}{0.0.0.0:43117}
2019-06-14 04:04:33,653 INFO  server.Server (Server.java:doStart(419)) - Started @1793ms
2019-06-14 04:04:33,654 INFO  server.BaseHttpServer (BaseHttpServer.java:updateConnectorAddress(207)) - HTTP server of SCM is listening at http://0.0.0.0:43117
2019-06-14 04:04:33,661 WARN  scm.ScmUtils (ScmUtils.java:getDBPath(63)) - ozone.om.db.dirs is not configured. We recommend adding this setting. Falling back to ozone.metadata.dirs instead.
2019-06-14 04:04:33,663 INFO  util.JvmPauseMonitor (JvmPauseMonitor.java:run(188)) - Starting JVM pause monitor
2019-06-14 04:04:33,747 WARN  scm.ScmUtils (ScmUtils.java:getDBPath(63)) - ozone.om.db.dirs is not configured. We recommend adding this setting. Falling back to ozone.metadata.dirs instead.
2019-06-14 04:04:33,748 INFO  om.OzoneManager (OzoneManager.java:setOMNodeDetails(519)) - OM Service ID is not set. Setting it to the default ID: omServiceIdDefault
2019-06-14 04:04:33,748 INFO  om.OzoneManager (OzoneManager.java:setOMNodeDetails(525)) - OM Node ID is not set. Setting it to the OmStorage's OmID: 3ef130f5-e9cf-4cde-b150-e67cb9551d03
2019-06-14 04:04:33,750 WARN  scm.HddsServerUtil (HddsServerUtil.java:getDefaultRatisDirectory(354)) - Storage directory for Ratis is not configured. It is a good idea to map this to an SSD disk. Falling back to ozone.metadata.dirs
2019-06-14 04:04:33,750 WARN  scm.HddsServerUtil (HddsServerUtil.java:getDefaultRatisDirectory(354)) - Storage directory for Ratis is not configured. It is a good idea to map this to an SSD disk. Falling back to ozone.metadata.dirs
2019-06-14 04:04:33,750 INFO  om.OzoneManager (OzoneManager.java:loadOMHAConfigs(476)) - Found matching OM address with OMServiceId: null, OMNodeId: null, RPC Address: localhost:0 and Ratis port: 9872
2019-06-14 04:04:33,908 WARN  scm.ScmUtils (ScmUtils.java:getDBPath(63)) - ozone.om.db.dirs is not configured. We recommend adding this setting. Falling back to ozone.metadata.dirs instead.
2019-06-14 04:04:33,914 INFO  db.DBStoreBuilder (DBStoreBuilder.java:addTable(110)) - using custom profile for table: userTable
2019-06-14 04:04:33,914 INFO  db.DBStoreBuilder (DBStoreBuilder.java:processTables(161)) - Using default column profile:DBProfile.DISK for Table:userTable
2019-06-14 04:04:33,915 INFO  db.DBStoreBuilder (DBStoreBuilder.java:addTable(110)) - using custom profile for table: volumeTable
2019-06-14 04:04:33,915 INFO  db.DBStoreBuilder (DBStoreBuilder.java:processTables(161)) - Using default column profile:DBProfile.DISK for Table:volumeTable
2019-06-14 04:04:33,915 INFO  db.DBStoreBuilder (DBStoreBuilder.java:addTable(110)) - using custom profile for table: bucketTable
2019-06-14 04:04:33,915 INFO  db.DBStoreBuilder (DBStoreBuilder.java:processTables(161)) - Using default column profile:DBProfile.DISK for Table:bucketTable
2019-06-14 04:04:33,916 INFO  db.DBStoreBuilder (DBStoreBuilder.java:addTable(110)) - using custom profile for table: keyTable
2019-06-14 04:04:33,916 INFO  db.DBStoreBuilder (DBStoreBuilder.java:processTables(161)) - Using default column profile:DBProfile.DISK for Table:keyTable
2019-06-14 04:04:33,916 INFO  db.DBStoreBuilder (DBStoreBuilder.java:addTable(110)) - using custom profile for table: deletedTable
2019-06-14 04:04:33,916 INFO  db.DBStoreBuilder (DBStoreBuilder.java:processTables(161)) - Using default column profile:DBProfile.DISK for Table:deletedTable
2019-06-14 04:04:33,917 INFO  db.DBStoreBuilder (DBStoreBuilder.java:addTable(110)) - using custom profile for table: openKeyTable
2019-06-14 04:04:33,917 INFO  db.DBStoreBuilder (DBStoreBuilder.java:processTables(161)) - Using default column profile:DBProfile.DISK for Table:openKeyTable
2019-06-14 04:04:33,917 INFO  db.DBStoreBuilder (DBStoreBuilder.java:addTable(110)) - using custom profile for table: s3Table
2019-06-14 04:04:33,917 INFO  db.DBStoreBuilder (DBStoreBuilder.java:processTables(161)) - Using default column profile:DBProfile.DISK for Table:s3Table
2019-06-14 04:04:33,918 INFO  db.DBStoreBuilder (DBStoreBuilder.java:addTable(110)) - using custom profile for table: multipartInfoTable
2019-06-14 04:04:33,918 INFO  db.DBStoreBuilder (DBStoreBuilder.java:processTables(161)) - Using default column profile:DBProfile.DISK for Table:multipartInfoTable
2019-06-14 04:04:33,918 INFO  db.DBStoreBuilder (DBStoreBuilder.java:addTable(110)) - using custom profile for table: dTokenTable
2019-06-14 04:04:33,918 INFO  db.DBStoreBuilder (DBStoreBuilder.java:processTables(161)) - Using default column profile:DBProfile.DISK for Table:dTokenTable
2019-06-14 04:04:33,919 INFO  db.DBStoreBuilder (DBStoreBuilder.java:addTable(110)) - using custom profile for table: s3SecretTable
2019-06-14 04:04:33,919 INFO  db.DBStoreBuilder (DBStoreBuilder.java:processTables(161)) - Using default column profile:DBProfile.DISK for Table:s3SecretTable
2019-06-14 04:04:33,919 INFO  db.DBStoreBuilder (DBStoreBuilder.java:addTable(110)) - using custom profile for table: prefixTable
2019-06-14 04:04:33,919 INFO  db.DBStoreBuilder (DBStoreBuilder.java:processTables(161)) - Using default column profile:DBProfile.DISK for Table:prefixTable
2019-06-14 04:04:33,919 INFO  db.DBStoreBuilder (DBStoreBuilder.java:addTable(110)) - using custom profile for table: default
2019-06-14 04:04:33,920 INFO  db.DBStoreBuilder (DBStoreBuilder.java:processTables(167)) - Using default column profile:DBProfile.DISK for Table:default
2019-06-14 04:04:33,920 INFO  db.DBStoreBuilder (DBStoreBuilder.java:getDbProfile(198)) - Using default options. DBProfile.DISK
2019-06-14 04:04:34,339 INFO  ipc.CallQueueManager (CallQueueManager.java:<init>(84)) - Using callQueue: class java.util.concurrent.LinkedBlockingQueue, queueCapacity: 2000, scheduler: class org.apache.hadoop.ipc.DefaultRpcScheduler, ipcBackoff: false.
2019-06-14 04:04:34,340 INFO  ipc.Server (Server.java:run(1074)) - Starting Socket Reader #1 for port 40781
2019-06-14 04:04:34,359 WARN  scm.ScmUtils (ScmUtils.java:getDBPath(63)) - ozone.om.db.dirs is not configured. We recommend adding this setting. Falling back to ozone.metadata.dirs instead.
2019-06-14 04:04:34,359 INFO  om.OzoneManager (OzoneManager.java:start(1217)) - OzoneManager RPC server is listening at localhost/127.0.0.1:40781
2019-06-14 04:04:34,359 INFO  impl.MetricsSystemImpl (MetricsSystemImpl.java:init(158)) - OzoneManager metrics system started (again)
2019-06-14 04:04:34,360 INFO  ipc.Server (Server.java:run(1314)) - IPC Server Responder: starting
2019-06-14 04:04:34,360 INFO  ipc.Server (Server.java:run(1153)) - IPC Server listener on 40781: starting
2019-06-14 04:04:34,373 INFO  hdfs.DFSUtil (DFSUtil.java:httpServerTemplateForNNAndJN(1641)) - Starting Web-server for ozoneManager at: http://0.0.0.0:0
2019-06-14 04:04:34,375 INFO  server.AuthenticationFilter (AuthenticationFilter.java:constructSecretProvider(240)) - Unable to initialize FileSignerSecretProvider, falling back to use random secrets.
2019-06-14 04:04:34,375 WARN  http.HttpRequestLog (HttpRequestLog.java:getRequestLog(97)) - Jetty request log can only be enabled using Log4j
2019-06-14 04:04:34,377 INFO  http.HttpServer2 (HttpServer2.java:addGlobalFilter(975)) - Added global filter 'safety' (class=org.apache.hadoop.http.HttpServer2$QuotingInputFilter)
2019-06-14 04:04:34,378 INFO  http.HttpServer2 (HttpServer2.java:addFilter(948)) - Added filter static_user_filter (class=org.apache.hadoop.http.lib.StaticUserWebFilter$StaticUserFilter) to context ozoneManager
2019-06-14 04:04:34,379 INFO  http.HttpServer2 (HttpServer2.java:addFilter(958)) - Added filter static_user_filter (class=org.apache.hadoop.http.lib.StaticUserWebFilter$StaticUserFilter) to context logs
2019-06-14 04:04:34,379 INFO  http.HttpServer2 (HttpServer2.java:addFilter(958)) - Added filter static_user_filter (class=org.apache.hadoop.http.lib.StaticUserWebFilter$StaticUserFilter) to context static
2019-06-14 04:04:34,381 INFO  http.HttpServer2 (HttpServer2.java:bindListener(1191)) - Jetty bound to port 41477
2019-06-14 04:04:34,381 INFO  server.Server (Server.java:doStart(351)) - jetty-9.3.24.v20180605, build timestamp: 2018-06-05T17:11:56Z, git hash: 84205aa28f11a4f31f2a3b86d1bba2cc8ab69827
2019-06-14 04:04:34,390 INFO  handler.ContextHandler (ContextHandler.java:doStart(781)) - Started o.e.j.s.ServletContextHandler@7c2a69b4{/logs,file:///opt/src/hadoop-ozone/integration-test/target/log,AVAILABLE}
2019-06-14 04:04:34,391 INFO  handler.ContextHandler (ContextHandler.java:doStart(781)) - Started o.e.j.s.ServletContextHandler@648ee871{/static,file:///opt/src/hadoop-ozone/integration-test/target/test-classes/webapps/static,AVAILABLE}
2019-06-14 04:04:34,395 INFO  handler.ContextHandler (ContextHandler.java:doStart(781)) - Started o.e.j.w.WebAppContext@6f012914{/,file:///opt/src/hadoop-ozone/integration-test/target/test-classes/webapps/ozoneManager/,AVAILABLE}{/ozoneManager}
2019-06-14 04:04:34,396 INFO  server.AbstractConnector (AbstractConnector.java:doStart(278)) - Started ServerConnector@18fdb6cf{HTTP/1.1,[http/1.1]}{0.0.0.0:41477}
2019-06-14 04:04:34,396 INFO  server.Server (Server.java:doStart(419)) - Started @2536ms
2019-06-14 04:04:34,400 INFO  server.BaseHttpServer (BaseHttpServer.java:updateConnectorAddress(207)) - HTTP server of OZONEMANAGER is listening at http://0.0.0.0:41477
2019-06-14 04:04:34,521 INFO  impl.MetricsSystemImpl (MetricsSystemImpl.java:init(158)) - HddsDatanode metrics system started (again)
2019-06-14 04:04:34,676 INFO  ozone.HddsDatanodeService (HddsDatanodeService.java:start(185)) - HddsDatanodeService host:ozone-959hs-545290369 ip:192.168.134.126
2019-06-14 04:04:34,701 INFO  volume.HddsVolume (HddsVolume.java:<init>(176)) - Creating Volume: /opt/src/hadoop-ozone/integration-test/target/test-dir/MiniOzoneClusterImpl-2263e50c-b32d-47e6-a1c1-e956578d9fe8/datanode-0/data/containers/hdds of  storage type : DISK and capacity : 104021790720
2019-06-14 04:04:34,703 INFO  volume.VolumeSet (VolumeSet.java:initializeVolumeSet(170)) - Added Volume : /opt/src/hadoop-ozone/integration-test/target/test-dir/MiniOzoneClusterImpl-2263e50c-b32d-47e6-a1c1-e956578d9fe8/datanode-0/data/containers/hdds to VolumeSet
2019-06-14 04:04:34,705 INFO  volume.ThrottledAsyncChecker (ThrottledAsyncChecker.java:schedule(140)) - Scheduling a check for org.apache.hadoop.ozone.container.common.volume.HddsVolume@4a6c18ad
2019-06-14 04:04:34,718 INFO  volume.HddsVolumeChecker (HddsVolumeChecker.java:checkAllVolumes(203)) - Scheduled health check for volume org.apache.hadoop.ozone.container.common.volume.HddsVolume@4a6c18ad
2019-06-14 04:04:34,752 INFO  ratis.XceiverServerRatis (XceiverServerRatis.java:newXceiverServerRatis(401)) - Found a free port for the server : 38949
2019-06-14 04:04:34,809 INFO  impl.RaftServerProxy (ConfUtils.java:logGet(43)) - raft.rpc.type = GRPC (default)
2019-06-14 04:04:34,817 INFO  grpc.GrpcConfigKeys$Server (ConfUtils.java:logGet(43)) - raft.grpc.server.port = 38949 (custom)
2019-06-14 04:04:34,818 INFO  server.GrpcService (ConfUtils.java:logGet(43)) - raft.grpc.message.size.max = 33570816 (custom)
2019-06-14 04:04:34,820 INFO  server.RaftServerConfigKeys (ConfUtils.java:logGet(43)) - raft.server.log.appender.buffer.byte-limit = 33554432 (custom)
2019-06-14 04:04:34,820 INFO  server.GrpcService (ConfUtils.java:logGet(43)) - raft.grpc.flow.control.window = 1MB (=1048576) (default)
2019-06-14 04:04:34,821 INFO  server.RaftServerConfigKeys (ConfUtils.java:logGet(43)) - raft.server.rpc.request.timeout = 3000ms (default)
2019-06-14 04:04:34,933 INFO  server.RaftServerConfigKeys (ConfUtils.java:logGet(43)) - raft.server.storage.dir = [/opt/src/hadoop-ozone/integration-test/target/test-dir/MiniOzoneClusterImpl-2263e50c-b32d-47e6-a1c1-e956578d9fe8/datanode-0/data/ratis] (custom)
2019-06-14 04:04:34,939 INFO  server.XceiverServerGrpc (XceiverServerGrpc.java:<init>(97)) - Found a free port for the server : 33771
2019-06-14 04:04:34,965 INFO  replication.SimpleContainerDownloader (SimpleContainerDownloader.java:<init>(72)) - Starting container downloader service to copy containers to replicate.
2019-06-14 04:04:34,978 INFO  hdfs.DFSUtil (DFSUtil.java:httpServerTemplateForNNAndJN(1641)) - Starting Web-server for hddsDatanode at: http://0.0.0.0:0
2019-06-14 04:04:34,979 INFO  server.AuthenticationFilter (AuthenticationFilter.java:constructSecretProvider(240)) - Unable to initialize FileSignerSecretProvider, falling back to use random secrets.
2019-06-14 04:04:34,981 WARN  http.HttpRequestLog (HttpRequestLog.java:getRequestLog(97)) - Jetty request log can only be enabled using Log4j
2019-06-14 04:04:34,983 INFO  http.HttpServer2 (HttpServer2.java:addGlobalFilter(975)) - Added global filter 'safety' (class=org.apache.hadoop.http.HttpServer2$QuotingInputFilter)
2019-06-14 04:04:34,984 INFO  http.HttpServer2 (HttpServer2.java:addFilter(948)) - Added filter static_user_filter (class=org.apache.hadoop.http.lib.StaticUserWebFilter$StaticUserFilter) to context hddsDatanode
2019-06-14 04:04:34,984 INFO  http.HttpServer2 (HttpServer2.java:addFilter(958)) - Added filter static_user_filter (class=org.apache.hadoop.http.lib.StaticUserWebFilter$StaticUserFilter) to context logs
2019-06-14 04:04:34,985 INFO  http.HttpServer2 (HttpServer2.java:addFilter(958)) - Added filter static_user_filter (class=org.apache.hadoop.http.lib.StaticUserWebFilter$StaticUserFilter) to context static
2019-06-14 04:04:34,985 INFO  http.HttpServer2 (HttpServer2.java:bindListener(1191)) - Jetty bound to port 34489
2019-06-14 04:04:34,985 INFO  server.Server (Server.java:doStart(351)) - jetty-9.3.24.v20180605, build timestamp: 2018-06-05T17:11:56Z, git hash: 84205aa28f11a4f31f2a3b86d1bba2cc8ab69827
2019-06-14 04:04:35,005 INFO  handler.ContextHandler (ContextHandler.java:doStart(781)) - Started o.e.j.s.ServletContextHandler@2e51d054{/logs,file:///opt/src/hadoop-ozone/integration-test/target/log,AVAILABLE}
2019-06-14 04:04:35,006 INFO  handler.ContextHandler (ContextHandler.java:doStart(781)) - Started o.e.j.s.ServletContextHandler@615e3f51{/static,jar:file:/root/.m2/repository/org/apache/hadoop/hadoop-hdds-container-service/0.5.0-SNAPSHOT/hadoop-hdds-container-service-0.5.0-SNAPSHOT.jar!/webapps/static,AVAILABLE}
2019-06-14 04:04:35,038 INFO  handler.ContextHandler (ContextHandler.java:doStart(781)) - Started o.e.j.w.WebAppContext@5e1fc2aa{/,file:///tmp/jetty-0.0.0.0-34489-hddsDatanode-_-any-7258734798173285331.dir/webapp/,AVAILABLE}{/hddsDatanode}
2019-06-14 04:04:35,039 INFO  server.AbstractConnector (AbstractConnector.java:doStart(278)) - Started ServerConnector@688d411b{HTTP/1.1,[http/1.1]}{0.0.0.0:34489}
2019-06-14 04:04:35,039 INFO  server.Server (Server.java:doStart(419)) - Started @3179ms
2019-06-14 04:04:35,040 INFO  server.BaseHttpServer (BaseHttpServer.java:updateConnectorAddress(207)) - HTTP server of HDDSDATANODE is listening at http://0.0.0.0:34489
2019-06-14 04:04:35,816 INFO  ozone.HddsDatanodeService (HddsDatanodeService.java:startPlugins(396)) - Started plug-in org.apache.hadoop.ozone.web.OzoneHddsDatanodeService@30bf26df
2019-06-14 04:04:35,817 INFO  impl.MetricsSystemImpl (MetricsSystemImpl.java:init(158)) - HddsDatanode metrics system started (again)
2019-06-14 04:04:35,817 INFO  ozone.HddsDatanodeService (HddsDatanodeService.java:start(185)) - HddsDatanodeService host:ozone-959hs-545290369 ip:192.168.134.126
2019-06-14 04:04:35,826 INFO  util.JvmPauseMonitor (JvmPauseMonitor.java:run(188)) - Starting JVM pause monitor
2019-06-14 04:04:35,827 INFO  volume.HddsVolume (HddsVolume.java:<init>(176)) - Creating Volume: /opt/src/hadoop-ozone/integration-test/target/test-dir/MiniOzoneClusterImpl-2263e50c-b32d-47e6-a1c1-e956578d9fe8/datanode-1/data/containers/hdds of  storage type : DISK and capacity : 104021790720
2019-06-14 04:04:35,827 INFO  volume.VolumeSet (VolumeSet.java:initializeVolumeSet(170)) - Added Volume : /opt/src/hadoop-ozone/integration-test/target/test-dir/MiniOzoneClusterImpl-2263e50c-b32d-47e6-a1c1-e956578d9fe8/datanode-1/data/containers/hdds to VolumeSet
2019-06-14 04:04:35,828 INFO  volume.ThrottledAsyncChecker (ThrottledAsyncChecker.java:schedule(140)) - Scheduling a check for org.apache.hadoop.ozone.container.common.volume.HddsVolume@f171912
2019-06-14 04:04:35,831 INFO  volume.HddsVolumeChecker (HddsVolumeChecker.java:checkAllVolumes(203)) - Scheduled health check for volume org.apache.hadoop.ozone.container.common.volume.HddsVolume@f171912
2019-06-14 04:04:35,850 INFO  ratis.XceiverServerRatis (XceiverServerRatis.java:newXceiverServerRatis(401)) - Found a free port for the server : 43933
2019-06-14 04:04:35,851 INFO  impl.RaftServerProxy (ConfUtils.java:logGet(43)) - raft.rpc.type = GRPC (default)
2019-06-14 04:04:35,851 INFO  grpc.GrpcConfigKeys$Server (ConfUtils.java:logGet(43)) - raft.grpc.server.port = 43933 (custom)
2019-06-14 04:04:35,852 INFO  server.GrpcService (ConfUtils.java:logGet(43)) - raft.grpc.message.size.max = 33570816 (custom)
2019-06-14 04:04:35,852 INFO  server.RaftServerConfigKeys (ConfUtils.java:logGet(43)) - raft.server.log.appender.buffer.byte-limit = 33554432 (custom)
2019-06-14 04:04:35,852 INFO  server.GrpcService (ConfUtils.java:logGet(43)) - raft.grpc.flow.control.window = 1MB (=1048576) (default)
2019-06-14 04:04:35,852 INFO  server.RaftServerConfigKeys (ConfUtils.java:logGet(43)) - raft.server.rpc.request.timeout = 3000ms (default)
2019-06-14 04:04:35,853 INFO  server.RaftServerConfigKeys (ConfUtils.java:logGet(43)) - raft.server.storage.dir = [/opt/src/hadoop-ozone/integration-test/target/test-dir/MiniOzoneClusterImpl-2263e50c-b32d-47e6-a1c1-e956578d9fe8/datanode-1/data/ratis] (custom)
2019-06-14 04:04:35,853 INFO  server.XceiverServerGrpc (XceiverServerGrpc.java:<init>(97)) - Found a free port for the server : 44317
2019-06-14 04:04:35,854 INFO  replication.SimpleContainerDownloader (SimpleContainerDownloader.java:<init>(72)) - Starting container downloader service to copy containers to replicate.
2019-06-14 04:04:35,857 INFO  hdfs.DFSUtil (DFSUtil.java:httpServerTemplateForNNAndJN(1641)) - Starting Web-server for hddsDatanode at: http://0.0.0.0:0
2019-06-14 04:04:35,858 INFO  server.AuthenticationFilter (AuthenticationFilter.java:constructSecretProvider(240)) - Unable to initialize FileSignerSecretProvider, falling back to use random secrets.
2019-06-14 04:04:35,859 WARN  http.HttpRequestLog (HttpRequestLog.java:getRequestLog(97)) - Jetty request log can only be enabled using Log4j
2019-06-14 04:04:35,861 INFO  http.HttpServer2 (HttpServer2.java:addGlobalFilter(975)) - Added global filter 'safety' (class=org.apache.hadoop.http.HttpServer2$QuotingInputFilter)
2019-06-14 04:04:35,861 INFO  http.HttpServer2 (HttpServer2.java:addFilter(948)) - Added filter static_user_filter (class=org.apache.hadoop.http.lib.StaticUserWebFilter$StaticUserFilter) to context hddsDatanode
2019-06-14 04:04:35,861 INFO  http.HttpServer2 (HttpServer2.java:addFilter(958)) - Added filter static_user_filter (class=org.apache.hadoop.http.lib.StaticUserWebFilter$StaticUserFilter) to context logs
2019-06-14 04:04:35,862 INFO  http.HttpServer2 (HttpServer2.java:addFilter(958)) - Added filter static_user_filter (class=org.apache.hadoop.http.lib.StaticUserWebFilter$StaticUserFilter) to context static
2019-06-14 04:04:35,862 INFO  http.HttpServer2 (HttpServer2.java:bindListener(1191)) - Jetty bound to port 37565
2019-06-14 04:04:35,863 INFO  server.Server (Server.java:doStart(351)) - jetty-9.3.24.v20180605, build timestamp: 2018-06-05T17:11:56Z, git hash: 84205aa28f11a4f31f2a3b86d1bba2cc8ab69827
2019-06-14 04:04:35,865 INFO  handler.ContextHandler (ContextHandler.java:doStart(781)) - Started o.e.j.s.ServletContextHandler@18b6d3c1{/logs,file:///opt/src/hadoop-ozone/integration-test/target/log,AVAILABLE}
2019-06-14 04:04:35,866 INFO  handler.ContextHandler (ContextHandler.java:doStart(781)) - Started o.e.j.s.ServletContextHandler@3fe512d2{/static,jar:file:/root/.m2/repository/org/apache/hadoop/hadoop-hdds-container-service/0.5.0-SNAPSHOT/hadoop-hdds-container-service-0.5.0-SNAPSHOT.jar!/webapps/static,AVAILABLE}
2019-06-14 04:04:35,899 INFO  handler.ContextHandler (ContextHandler.java:doStart(781)) - Started o.e.j.w.WebAppContext@e7b265e{/,file:///tmp/jetty-0.0.0.0-37565-hddsDatanode-_-any-9152485412011121401.dir/webapp/,AVAILABLE}{/hddsDatanode}
2019-06-14 04:04:35,900 INFO  server.AbstractConnector (AbstractConnector.java:doStart(278)) - Started ServerConnector@51da32e5{HTTP/1.1,[http/1.1]}{0.0.0.0:37565}
2019-06-14 04:04:35,900 INFO  server.Server (Server.java:doStart(419)) - Started @4040ms
2019-06-14 04:04:35,901 INFO  server.BaseHttpServer (BaseHttpServer.java:updateConnectorAddress(207)) - HTTP server of HDDSDATANODE is listening at http://0.0.0.0:37565
2019-06-14 04:04:35,915 INFO  datanode.InitDatanodeState (InitDatanodeState.java:persistContainerDatanodeDetails(140)) - DatanodeDetails is persisted to /opt/src/hadoop-ozone/integration-test/target/test-dir/MiniOzoneClusterImpl-2263e50c-b32d-47e6-a1c1-e956578d9fe8/datanode-0/meta/datanode.id
2019-06-14 04:04:36,006 INFO  ozone.HddsDatanodeService (HddsDatanodeService.java:startPlugins(396)) - Started plug-in org.apache.hadoop.ozone.web.OzoneHddsDatanodeService@1d6751e3
2019-06-14 04:04:36,008 INFO  impl.MetricsSystemImpl (MetricsSystemImpl.java:init(158)) - HddsDatanode metrics system started (again)
2019-06-14 04:04:36,008 INFO  ozone.HddsDatanodeService (HddsDatanodeService.java:start(185)) - HddsDatanodeService host:ozone-959hs-545290369 ip:192.168.134.126
2019-06-14 04:04:36,019 INFO  volume.HddsVolume (HddsVolume.java:<init>(176)) - Creating Volume: /opt/src/hadoop-ozone/integration-test/target/test-dir/MiniOzoneClusterImpl-2263e50c-b32d-47e6-a1c1-e956578d9fe8/datanode-2/data/containers/hdds of  storage type : DISK and capacity : 104021790720
2019-06-14 04:04:36,020 INFO  volume.VolumeSet (VolumeSet.java:initializeVolumeSet(170)) - Added Volume : /opt/src/hadoop-ozone/integration-test/target/test-dir/MiniOzoneClusterImpl-2263e50c-b32d-47e6-a1c1-e956578d9fe8/datanode-2/data/containers/hdds to VolumeSet
2019-06-14 04:04:36,020 INFO  util.JvmPauseMonitor (JvmPauseMonitor.java:run(188)) - Starting JVM pause monitor
2019-06-14 04:04:36,020 INFO  volume.ThrottledAsyncChecker (ThrottledAsyncChecker.java:schedule(140)) - Scheduling a check for org.apache.hadoop.ozone.container.common.volume.HddsVolume@2e7af36e
2019-06-14 04:04:36,022 INFO  datanode.InitDatanodeState (InitDatanodeState.java:persistContainerDatanodeDetails(140)) - DatanodeDetails is persisted to /opt/src/hadoop-ozone/integration-test/target/test-dir/MiniOzoneClusterImpl-2263e50c-b32d-47e6-a1c1-e956578d9fe8/datanode-1/meta/datanode.id
2019-06-14 04:04:36,023 INFO  volume.HddsVolumeChecker (HddsVolumeChecker.java:checkAllVolumes(203)) - Scheduled health check for volume org.apache.hadoop.ozone.container.common.volume.HddsVolume@2e7af36e
2019-06-14 04:04:36,036 INFO  ratis.XceiverServerRatis (XceiverServerRatis.java:newXceiverServerRatis(401)) - Found a free port for the server : 45433
2019-06-14 04:04:36,037 INFO  impl.RaftServerProxy (ConfUtils.java:logGet(43)) - raft.rpc.type = GRPC (default)
2019-06-14 04:04:36,037 INFO  grpc.GrpcConfigKeys$Server (ConfUtils.java:logGet(43)) - raft.grpc.server.port = 45433 (custom)
2019-06-14 04:04:36,038 INFO  server.GrpcService (ConfUtils.java:logGet(43)) - raft.grpc.message.size.max = 33570816 (custom)
2019-06-14 04:04:36,038 INFO  server.RaftServerConfigKeys (ConfUtils.java:logGet(43)) - raft.server.log.appender.buffer.byte-limit = 33554432 (custom)
2019-06-14 04:04:36,038 INFO  server.GrpcService (ConfUtils.java:logGet(43)) - raft.grpc.flow.control.window = 1MB (=1048576) (default)
2019-06-14 04:04:36,038 INFO  server.RaftServerConfigKeys (ConfUtils.java:logGet(43)) - raft.server.rpc.request.timeout = 3000ms (default)
2019-06-14 04:04:36,039 INFO  server.RaftServerConfigKeys (ConfUtils.java:logGet(43)) - raft.server.storage.dir = [/opt/src/hadoop-ozone/integration-test/target/test-dir/MiniOzoneClusterImpl-2263e50c-b32d-47e6-a1c1-e956578d9fe8/datanode-2/data/ratis] (custom)
2019-06-14 04:04:36,039 INFO  server.XceiverServerGrpc (XceiverServerGrpc.java:<init>(97)) - Found a free port for the server : 40285
2019-06-14 04:04:36,040 INFO  replication.SimpleContainerDownloader (SimpleContainerDownloader.java:<init>(72)) - Starting container downloader service to copy containers to replicate.
2019-06-14 04:04:36,041 INFO  hdfs.DFSUtil (DFSUtil.java:httpServerTemplateForNNAndJN(1641)) - Starting Web-server for hddsDatanode at: http://0.0.0.0:0
2019-06-14 04:04:36,042 INFO  server.AuthenticationFilter (AuthenticationFilter.java:constructSecretProvider(240)) - Unable to initialize FileSignerSecretProvider, falling back to use random secrets.
2019-06-14 04:04:36,042 WARN  http.HttpRequestLog (HttpRequestLog.java:getRequestLog(97)) - Jetty request log can only be enabled using Log4j
2019-06-14 04:04:36,043 INFO  http.HttpServer2 (HttpServer2.java:addGlobalFilter(975)) - Added global filter 'safety' (class=org.apache.hadoop.http.HttpServer2$QuotingInputFilter)
2019-06-14 04:04:36,044 INFO  http.HttpServer2 (HttpServer2.java:addFilter(948)) - Added filter static_user_filter (class=org.apache.hadoop.http.lib.StaticUserWebFilter$StaticUserFilter) to context hddsDatanode
2019-06-14 04:04:36,044 INFO  http.HttpServer2 (HttpServer2.java:addFilter(958)) - Added filter static_user_filter (class=org.apache.hadoop.http.lib.StaticUserWebFilter$StaticUserFilter) to context static
2019-06-14 04:04:36,044 INFO  http.HttpServer2 (HttpServer2.java:addFilter(958)) - Added filter static_user_filter (class=org.apache.hadoop.http.lib.StaticUserWebFilter$StaticUserFilter) to context logs
2019-06-14 04:04:36,045 INFO  http.HttpServer2 (HttpServer2.java:bindListener(1191)) - Jetty bound to port 44531
2019-06-14 04:04:36,045 INFO  server.Server (Server.java:doStart(351)) - jetty-9.3.24.v20180605, build timestamp: 2018-06-05T17:11:56Z, git hash: 84205aa28f11a4f31f2a3b86d1bba2cc8ab69827
2019-06-14 04:04:36,047 INFO  handler.ContextHandler (ContextHandler.java:doStart(781)) - Started o.e.j.s.ServletContextHandler@674da77b{/logs,file:///opt/src/hadoop-ozone/integration-test/target/log,AVAILABLE}
2019-06-14 04:04:36,048 INFO  handler.ContextHandler (ContextHandler.java:doStart(781)) - Started o.e.j.s.ServletContextHandler@6010d0d1{/static,jar:file:/root/.m2/repository/org/apache/hadoop/hadoop-hdds-container-service/0.5.0-SNAPSHOT/hadoop-hdds-container-service-0.5.0-SNAPSHOT.jar!/webapps/static,AVAILABLE}
2019-06-14 04:04:36,080 INFO  handler.ContextHandler (ContextHandler.java:doStart(781)) - Started o.e.j.w.WebAppContext@624b523{/,file:///tmp/jetty-0.0.0.0-44531-hddsDatanode-_-any-8182191374738224909.dir/webapp/,AVAILABLE}{/hddsDatanode}
2019-06-14 04:04:36,081 INFO  server.AbstractConnector (AbstractConnector.java:doStart(278)) - Started ServerConnector@50cd9c3c{HTTP/1.1,[http/1.1]}{0.0.0.0:44531}
2019-06-14 04:04:36,081 INFO  server.Server (Server.java:doStart(419)) - Started @4222ms
2019-06-14 04:04:36,087 INFO  server.BaseHttpServer (BaseHttpServer.java:updateConnectorAddress(207)) - HTTP server of HDDSDATANODE is listening at http://0.0.0.0:44531
2019-06-14 04:04:36,249 INFO  ozone.HddsDatanodeService (HddsDatanodeService.java:startPlugins(396)) - Started plug-in org.apache.hadoop.ozone.web.OzoneHddsDatanodeService@11c78080
2019-06-14 04:04:36,249 INFO  impl.MetricsSystemImpl (MetricsSystemImpl.java:init(158)) - HddsDatanode metrics system started (again)
2019-06-14 04:04:36,250 INFO  ozone.HddsDatanodeService (HddsDatanodeService.java:start(185)) - HddsDatanodeService host:ozone-959hs-545290369 ip:192.168.134.126
2019-06-14 04:04:36,254 INFO  util.JvmPauseMonitor (JvmPauseMonitor.java:run(188)) - Starting JVM pause monitor
2019-06-14 04:04:36,256 INFO  datanode.InitDatanodeState (InitDatanodeState.java:persistContainerDatanodeDetails(140)) - DatanodeDetails is persisted to /opt/src/hadoop-ozone/integration-test/target/test-dir/MiniOzoneClusterImpl-2263e50c-b32d-47e6-a1c1-e956578d9fe8/datanode-2/meta/datanode.id
2019-06-14 04:04:36,262 INFO  volume.HddsVolume (HddsVolume.java:<init>(176)) - Creating Volume: /opt/src/hadoop-ozone/integration-test/target/test-dir/MiniOzoneClusterImpl-2263e50c-b32d-47e6-a1c1-e956578d9fe8/datanode-3/data/containers/hdds of  storage type : DISK and capacity : 104021790720
2019-06-14 04:04:36,262 INFO  volume.VolumeSet (VolumeSet.java:initializeVolumeSet(170)) - Added Volume : /opt/src/hadoop-ozone/integration-test/target/test-dir/MiniOzoneClusterImpl-2263e50c-b32d-47e6-a1c1-e956578d9fe8/datanode-3/data/containers/hdds to VolumeSet
2019-06-14 04:04:36,262 INFO  volume.ThrottledAsyncChecker (ThrottledAsyncChecker.java:schedule(140)) - Scheduling a check for org.apache.hadoop.ozone.container.common.volume.HddsVolume@7c11d32
2019-06-14 04:04:36,278 INFO  volume.HddsVolumeChecker (HddsVolumeChecker.java:checkAllVolumes(203)) - Scheduled health check for volume org.apache.hadoop.ozone.container.common.volume.HddsVolume@7c11d32
2019-06-14 04:04:36,289 INFO  ratis.XceiverServerRatis (XceiverServerRatis.java:newXceiverServerRatis(401)) - Found a free port for the server : 38671
2019-06-14 04:04:36,291 INFO  impl.RaftServerProxy (ConfUtils.java:logGet(43)) - raft.rpc.type = GRPC (default)
2019-06-14 04:04:36,291 INFO  grpc.GrpcConfigKeys$Server (ConfUtils.java:logGet(43)) - raft.grpc.server.port = 38671 (custom)
2019-06-14 04:04:36,291 INFO  server.GrpcService (ConfUtils.java:logGet(43)) - raft.grpc.message.size.max = 33570816 (custom)
2019-06-14 04:04:36,291 INFO  server.RaftServerConfigKeys (ConfUtils.java:logGet(43)) - raft.server.log.appender.buffer.byte-limit = 33554432 (custom)
2019-06-14 04:04:36,292 INFO  server.GrpcService (ConfUtils.java:logGet(43)) - raft.grpc.flow.control.window = 1MB (=1048576) (default)
2019-06-14 04:04:36,292 INFO  server.RaftServerConfigKeys (ConfUtils.java:logGet(43)) - raft.server.rpc.request.timeout = 3000ms (default)
2019-06-14 04:04:36,292 INFO  server.RaftServerConfigKeys (ConfUtils.java:logGet(43)) - raft.server.storage.dir = [/opt/src/hadoop-ozone/integration-test/target/test-dir/MiniOzoneClusterImpl-2263e50c-b32d-47e6-a1c1-e956578d9fe8/datanode-3/data/ratis] (custom)
2019-06-14 04:04:36,293 INFO  server.XceiverServerGrpc (XceiverServerGrpc.java:<init>(97)) - Found a free port for the server : 36833
2019-06-14 04:04:36,293 INFO  replication.SimpleContainerDownloader (SimpleContainerDownloader.java:<init>(72)) - Starting container downloader service to copy containers to replicate.
2019-06-14 04:04:36,295 INFO  hdfs.DFSUtil (DFSUtil.java:httpServerTemplateForNNAndJN(1641)) - Starting Web-server for hddsDatanode at: http://0.0.0.0:0
2019-06-14 04:04:36,296 INFO  server.AuthenticationFilter (AuthenticationFilter.java:constructSecretProvider(240)) - Unable to initialize FileSignerSecretProvider, falling back to use random secrets.
2019-06-14 04:04:36,297 WARN  http.HttpRequestLog (HttpRequestLog.java:getRequestLog(97)) - Jetty request log can only be enabled using Log4j
2019-06-14 04:04:36,298 INFO  http.HttpServer2 (HttpServer2.java:addGlobalFilter(975)) - Added global filter 'safety' (class=org.apache.hadoop.http.HttpServer2$QuotingInputFilter)
2019-06-14 04:04:36,299 INFO  http.HttpServer2 (HttpServer2.java:addFilter(948)) - Added filter static_user_filter (class=org.apache.hadoop.http.lib.StaticUserWebFilter$StaticUserFilter) to context hddsDatanode
2019-06-14 04:04:36,299 INFO  http.HttpServer2 (HttpServer2.java:addFilter(958)) - Added filter static_user_filter (class=org.apache.hadoop.http.lib.StaticUserWebFilter$StaticUserFilter) to context logs
2019-06-14 04:04:36,299 INFO  http.HttpServer2 (HttpServer2.java:addFilter(958)) - Added filter static_user_filter (class=org.apache.hadoop.http.lib.StaticUserWebFilter$StaticUserFilter) to context static
2019-06-14 04:04:36,301 INFO  http.HttpServer2 (HttpServer2.java:bindListener(1191)) - Jetty bound to port 46377
2019-06-14 04:04:36,301 INFO  server.Server (Server.java:doStart(351)) - jetty-9.3.24.v20180605, build timestamp: 2018-06-05T17:11:56Z, git hash: 84205aa28f11a4f31f2a3b86d1bba2cc8ab69827
2019-06-14 04:04:36,314 INFO  handler.ContextHandler (ContextHandler.java:doStart(781)) - Started o.e.j.s.ServletContextHandler@25974207{/logs,file:///opt/src/hadoop-ozone/integration-test/target/log,AVAILABLE}
2019-06-14 04:04:36,314 INFO  handler.ContextHandler (ContextHandler.java:doStart(781)) - Started o.e.j.s.ServletContextHandler@195113de{/static,jar:file:/root/.m2/repository/org/apache/hadoop/hadoop-hdds-container-service/0.5.0-SNAPSHOT/hadoop-hdds-container-service-0.5.0-SNAPSHOT.jar!/webapps/static,AVAILABLE}
2019-06-14 04:04:36,334 INFO  handler.ContextHandler (ContextHandler.java:doStart(781)) - Started o.e.j.w.WebAppContext@74c9e11{/,file:///tmp/jetty-0.0.0.0-46377-hddsDatanode-_-any-6277372182645310443.dir/webapp/,AVAILABLE}{/hddsDatanode}
2019-06-14 04:04:36,335 INFO  server.AbstractConnector (AbstractConnector.java:doStart(278)) - Started ServerConnector@9fe720a{HTTP/1.1,[http/1.1]}{0.0.0.0:46377}
2019-06-14 04:04:36,336 INFO  server.Server (Server.java:doStart(419)) - Started @4476ms
2019-06-14 04:04:36,337 INFO  server.BaseHttpServer (BaseHttpServer.java:updateConnectorAddress(207)) - HTTP server of HDDSDATANODE is listening at http://0.0.0.0:46377
2019-06-14 04:04:36,430 INFO  ozone.HddsDatanodeService (HddsDatanodeService.java:startPlugins(396)) - Started plug-in org.apache.hadoop.ozone.web.OzoneHddsDatanodeService@76216830
2019-06-14 04:04:36,430 INFO  impl.MetricsSystemImpl (MetricsSystemImpl.java:init(158)) - HddsDatanode metrics system started (again)
2019-06-14 04:04:36,431 INFO  ozone.HddsDatanodeService (HddsDatanodeService.java:start(185)) - HddsDatanodeService host:ozone-959hs-545290369 ip:192.168.134.126
2019-06-14 04:04:36,442 INFO  util.JvmPauseMonitor (JvmPauseMonitor.java:run(188)) - Starting JVM pause monitor
2019-06-14 04:04:36,443 INFO  datanode.InitDatanodeState (InitDatanodeState.java:persistContainerDatanodeDetails(140)) - DatanodeDetails is persisted to /opt/src/hadoop-ozone/integration-test/target/test-dir/MiniOzoneClusterImpl-2263e50c-b32d-47e6-a1c1-e956578d9fe8/datanode-3/meta/datanode.id
2019-06-14 04:04:36,447 INFO  volume.HddsVolume (HddsVolume.java:<init>(176)) - Creating Volume: /opt/src/hadoop-ozone/integration-test/target/test-dir/MiniOzoneClusterImpl-2263e50c-b32d-47e6-a1c1-e956578d9fe8/datanode-4/data/containers/hdds of  storage type : DISK and capacity : 104021790720
2019-06-14 04:04:36,447 INFO  volume.VolumeSet (VolumeSet.java:initializeVolumeSet(170)) - Added Volume : /opt/src/hadoop-ozone/integration-test/target/test-dir/MiniOzoneClusterImpl-2263e50c-b32d-47e6-a1c1-e956578d9fe8/datanode-4/data/containers/hdds to VolumeSet
2019-06-14 04:04:36,448 INFO  volume.ThrottledAsyncChecker (ThrottledAsyncChecker.java:schedule(140)) - Scheduling a check for org.apache.hadoop.ozone.container.common.volume.HddsVolume@391d1e33
2019-06-14 04:04:36,448 INFO  volume.HddsVolumeChecker (HddsVolumeChecker.java:checkAllVolumes(203)) - Scheduled health check for volume org.apache.hadoop.ozone.container.common.volume.HddsVolume@391d1e33
2019-06-14 04:04:36,458 INFO  ratis.XceiverServerRatis (XceiverServerRatis.java:newXceiverServerRatis(401)) - Found a free port for the server : 41755
2019-06-14 04:04:36,459 INFO  impl.RaftServerProxy (ConfUtils.java:logGet(43)) - raft.rpc.type = GRPC (default)
2019-06-14 04:04:36,459 INFO  grpc.GrpcConfigKeys$Server (ConfUtils.java:logGet(43)) - raft.grpc.server.port = 41755 (custom)
2019-06-14 04:04:36,460 INFO  server.GrpcService (ConfUtils.java:logGet(43)) - raft.grpc.message.size.max = 33570816 (custom)
2019-06-14 04:04:36,460 INFO  server.RaftServerConfigKeys (ConfUtils.java:logGet(43)) - raft.server.log.appender.buffer.byte-limit = 33554432 (custom)
2019-06-14 04:04:36,460 INFO  server.GrpcService (ConfUtils.java:logGet(43)) - raft.grpc.flow.control.window = 1MB (=1048576) (default)
2019-06-14 04:04:36,460 INFO  server.RaftServerConfigKeys (ConfUtils.java:logGet(43)) - raft.server.rpc.request.timeout = 3000ms (default)
2019-06-14 04:04:36,460 INFO  server.RaftServerConfigKeys (ConfUtils.java:logGet(43)) - raft.server.storage.dir = [/opt/src/hadoop-ozone/integration-test/target/test-dir/MiniOzoneClusterImpl-2263e50c-b32d-47e6-a1c1-e956578d9fe8/datanode-4/data/ratis] (custom)
2019-06-14 04:04:36,461 INFO  server.XceiverServerGrpc (XceiverServerGrpc.java:<init>(97)) - Found a free port for the server : 34547
2019-06-14 04:04:36,461 INFO  replication.SimpleContainerDownloader (SimpleContainerDownloader.java:<init>(72)) - Starting container downloader service to copy containers to replicate.
2019-06-14 04:04:36,462 INFO  hdfs.DFSUtil (DFSUtil.java:httpServerTemplateForNNAndJN(1641)) - Starting Web-server for hddsDatanode at: http://0.0.0.0:0
2019-06-14 04:04:36,463 INFO  server.AuthenticationFilter (AuthenticationFilter.java:constructSecretProvider(240)) - Unable to initialize FileSignerSecretProvider, falling back to use random secrets.
2019-06-14 04:04:36,463 WARN  http.HttpRequestLog (HttpRequestLog.java:getRequestLog(97)) - Jetty request log can only be enabled using Log4j
2019-06-14 04:04:36,464 INFO  http.HttpServer2 (HttpServer2.java:addGlobalFilter(975)) - Added global filter 'safety' (class=org.apache.hadoop.http.HttpServer2$QuotingInputFilter)
2019-06-14 04:04:36,465 INFO  http.HttpServer2 (HttpServer2.java:addFilter(948)) - Added filter static_user_filter (class=org.apache.hadoop.http.lib.StaticUserWebFilter$StaticUserFilter) to context hddsDatanode
2019-06-14 04:04:36,465 INFO  http.HttpServer2 (HttpServer2.java:addFilter(958)) - Added filter static_user_filter (class=org.apache.hadoop.http.lib.StaticUserWebFilter$StaticUserFilter) to context static
2019-06-14 04:04:36,465 INFO  http.HttpServer2 (HttpServer2.java:addFilter(958)) - Added filter static_user_filter (class=org.apache.hadoop.http.lib.StaticUserWebFilter$StaticUserFilter) to context logs
2019-06-14 04:04:36,466 INFO  http.HttpServer2 (HttpServer2.java:bindListener(1191)) - Jetty bound to port 44507
2019-06-14 04:04:36,466 INFO  server.Server (Server.java:doStart(351)) - jetty-9.3.24.v20180605, build timestamp: 2018-06-05T17:11:56Z, git hash: 84205aa28f11a4f31f2a3b86d1bba2cc8ab69827
2019-06-14 04:04:36,470 INFO  handler.ContextHandler (ContextHandler.java:doStart(781)) - Started o.e.j.s.ServletContextHandler@6f38f084{/logs,file:///opt/src/hadoop-ozone/integration-test/target/log,AVAILABLE}
2019-06-14 04:04:36,470 INFO  handler.ContextHandler (ContextHandler.java:doStart(781)) - Started o.e.j.s.ServletContextHandler@372f0a99{/static,jar:file:/root/.m2/repository/org/apache/hadoop/hadoop-hdds-container-service/0.5.0-SNAPSHOT/hadoop-hdds-container-service-0.5.0-SNAPSHOT.jar!/webapps/static,AVAILABLE}
2019-06-14 04:04:36,492 INFO  handler.ContextHandler (ContextHandler.java:doStart(781)) - Started o.e.j.w.WebAppContext@6b2fdffc{/,file:///tmp/jetty-0.0.0.0-44507-hddsDatanode-_-any-4930313843051021137.dir/webapp/,AVAILABLE}{/hddsDatanode}
2019-06-14 04:04:36,493 INFO  server.AbstractConnector (AbstractConnector.java:doStart(278)) - Started ServerConnector@2ca3d826{HTTP/1.1,[http/1.1]}{0.0.0.0:44507}
2019-06-14 04:04:36,493 INFO  server.Server (Server.java:doStart(419)) - Started @4633ms
2019-06-14 04:04:36,495 INFO  server.BaseHttpServer (BaseHttpServer.java:updateConnectorAddress(207)) - HTTP server of HDDSDATANODE is listening at http://0.0.0.0:44507
2019-06-14 04:04:36,590 INFO  ozone.HddsDatanodeService (HddsDatanodeService.java:startPlugins(396)) - Started plug-in org.apache.hadoop.ozone.web.OzoneHddsDatanodeService@624b3544
2019-06-14 04:04:36,591 INFO  impl.MetricsSystemImpl (MetricsSystemImpl.java:init(158)) - HddsDatanode metrics system started (again)
2019-06-14 04:04:36,591 INFO  ozone.HddsDatanodeService (HddsDatanodeService.java:start(185)) - HddsDatanodeService host:ozone-959hs-545290369 ip:192.168.134.126
2019-06-14 04:04:36,614 INFO  util.JvmPauseMonitor (JvmPauseMonitor.java:run(188)) - Starting JVM pause monitor
2019-06-14 04:04:36,618 INFO  datanode.InitDatanodeState (InitDatanodeState.java:persistContainerDatanodeDetails(140)) - DatanodeDetails is persisted to /opt/src/hadoop-ozone/integration-test/target/test-dir/MiniOzoneClusterImpl-2263e50c-b32d-47e6-a1c1-e956578d9fe8/datanode-4/meta/datanode.id
2019-06-14 04:04:36,616 INFO  volume.HddsVolume (HddsVolume.java:<init>(176)) - Creating Volume: /opt/src/hadoop-ozone/integration-test/target/test-dir/MiniOzoneClusterImpl-2263e50c-b32d-47e6-a1c1-e956578d9fe8/datanode-5/data/containers/hdds of  storage type : DISK and capacity : 104021790720
2019-06-14 04:04:36,619 INFO  volume.VolumeSet (VolumeSet.java:initializeVolumeSet(170)) - Added Volume : /opt/src/hadoop-ozone/integration-test/target/test-dir/MiniOzoneClusterImpl-2263e50c-b32d-47e6-a1c1-e956578d9fe8/datanode-5/data/containers/hdds to VolumeSet
2019-06-14 04:04:36,619 INFO  volume.ThrottledAsyncChecker (ThrottledAsyncChecker.java:schedule(140)) - Scheduling a check for org.apache.hadoop.ozone.container.common.volume.HddsVolume@55a0f011
2019-06-14 04:04:36,619 INFO  volume.HddsVolumeChecker (HddsVolumeChecker.java:checkAllVolumes(203)) - Scheduled health check for volume org.apache.hadoop.ozone.container.common.volume.HddsVolume@55a0f011
2019-06-14 04:04:36,634 INFO  ratis.XceiverServerRatis (XceiverServerRatis.java:newXceiverServerRatis(401)) - Found a free port for the server : 35507
2019-06-14 04:04:36,635 INFO  impl.RaftServerProxy (ConfUtils.java:logGet(43)) - raft.rpc.type = GRPC (default)
2019-06-14 04:04:36,635 INFO  grpc.GrpcConfigKeys$Server (ConfUtils.java:logGet(43)) - raft.grpc.server.port = 35507 (custom)
2019-06-14 04:04:36,636 INFO  server.GrpcService (ConfUtils.java:logGet(43)) - raft.grpc.message.size.max = 33570816 (custom)
2019-06-14 04:04:36,636 INFO  server.RaftServerConfigKeys (ConfUtils.java:logGet(43)) - raft.server.log.appender.buffer.byte-limit = 33554432 (custom)
2019-06-14 04:04:36,636 INFO  server.GrpcService (ConfUtils.java:logGet(43)) - raft.grpc.flow.control.window = 1MB (=1048576) (default)
2019-06-14 04:04:36,636 INFO  server.RaftServerConfigKeys (ConfUtils.java:logGet(43)) - raft.server.rpc.request.timeout = 3000ms (default)
2019-06-14 04:04:36,637 INFO  server.RaftServerConfigKeys (ConfUtils.java:logGet(43)) - raft.server.storage.dir = [/opt/src/hadoop-ozone/integration-test/target/test-dir/MiniOzoneClusterImpl-2263e50c-b32d-47e6-a1c1-e956578d9fe8/datanode-5/data/ratis] (custom)
2019-06-14 04:04:36,637 INFO  server.XceiverServerGrpc (XceiverServerGrpc.java:<init>(97)) - Found a free port for the server : 41637
2019-06-14 04:04:36,637 INFO  replication.SimpleContainerDownloader (SimpleContainerDownloader.java:<init>(72)) - Starting container downloader service to copy containers to replicate.
2019-06-14 04:04:36,638 INFO  hdfs.DFSUtil (DFSUtil.java:httpServerTemplateForNNAndJN(1641)) - Starting Web-server for hddsDatanode at: http://0.0.0.0:0
2019-06-14 04:04:36,639 INFO  server.AuthenticationFilter (AuthenticationFilter.java:constructSecretProvider(240)) - Unable to initialize FileSignerSecretProvider, falling back to use random secrets.
2019-06-14 04:04:36,640 WARN  http.HttpRequestLog (HttpRequestLog.java:getRequestLog(97)) - Jetty request log can only be enabled using Log4j
2019-06-14 04:04:36,641 INFO  http.HttpServer2 (HttpServer2.java:addGlobalFilter(975)) - Added global filter 'safety' (class=org.apache.hadoop.http.HttpServer2$QuotingInputFilter)
2019-06-14 04:04:36,641 INFO  http.HttpServer2 (HttpServer2.java:addFilter(948)) - Added filter static_user_filter (class=org.apache.hadoop.http.lib.StaticUserWebFilter$StaticUserFilter) to context hddsDatanode
2019-06-14 04:04:36,641 INFO  http.HttpServer2 (HttpServer2.java:addFilter(958)) - Added filter static_user_filter (class=org.apache.hadoop.http.lib.StaticUserWebFilter$StaticUserFilter) to context logs
2019-06-14 04:04:36,642 INFO  http.HttpServer2 (HttpServer2.java:addFilter(958)) - Added filter static_user_filter (class=org.apache.hadoop.http.lib.StaticUserWebFilter$StaticUserFilter) to context static
2019-06-14 04:04:36,642 INFO  http.HttpServer2 (HttpServer2.java:bindListener(1191)) - Jetty bound to port 34095
2019-06-14 04:04:36,642 INFO  server.Server (Server.java:doStart(351)) - jetty-9.3.24.v20180605, build timestamp: 2018-06-05T17:11:56Z, git hash: 84205aa28f11a4f31f2a3b86d1bba2cc8ab69827
2019-06-14 04:04:36,644 INFO  handler.ContextHandler (ContextHandler.java:doStart(781)) - Started o.e.j.s.ServletContextHandler@23e61112{/logs,file:///opt/src/hadoop-ozone/integration-test/target/log,AVAILABLE}
2019-06-14 04:04:36,644 INFO  handler.ContextHandler (ContextHandler.java:doStart(781)) - Started o.e.j.s.ServletContextHandler@61b60600{/static,jar:file:/root/.m2/repository/org/apache/hadoop/hadoop-hdds-container-service/0.5.0-SNAPSHOT/hadoop-hdds-container-service-0.5.0-SNAPSHOT.jar!/webapps/static,AVAILABLE}
2019-06-14 04:04:36,665 INFO  handler.ContextHandler (ContextHandler.java:doStart(781)) - Started o.e.j.w.WebAppContext@245cb8df{/,file:///tmp/jetty-0.0.0.0-34095-hddsDatanode-_-any-680305223813826199.dir/webapp/,AVAILABLE}{/hddsDatanode}
2019-06-14 04:04:36,666 INFO  server.AbstractConnector (AbstractConnector.java:doStart(278)) - Started ServerConnector@26b3c9a2{HTTP/1.1,[http/1.1]}{0.0.0.0:34095}
2019-06-14 04:04:36,666 INFO  server.Server (Server.java:doStart(419)) - Started @4806ms
2019-06-14 04:04:36,667 INFO  server.BaseHttpServer (BaseHttpServer.java:updateConnectorAddress(207)) - HTTP server of HDDSDATANODE is listening at http://0.0.0.0:34095
2019-06-14 04:04:36,781 INFO  ozone.HddsDatanodeService (HddsDatanodeService.java:startPlugins(396)) - Started plug-in org.apache.hadoop.ozone.web.OzoneHddsDatanodeService@4662752a
2019-06-14 04:04:36,782 INFO  ozone.MiniOzoneClusterImpl (MiniOzoneClusterImpl.java:lambda$waitForClusterToBeReady$0(142)) - Waiting for cluster to be ready. Got 0 of 6 DN Heartbeats.
2019-06-14 04:04:36,788 INFO  util.JvmPauseMonitor (JvmPauseMonitor.java:run(188)) - Starting JVM pause monitor
2019-06-14 04:04:36,789 INFO  datanode.InitDatanodeState (InitDatanodeState.java:persistContainerDatanodeDetails(140)) - DatanodeDetails is persisted to /opt/src/hadoop-ozone/integration-test/target/test-dir/MiniOzoneClusterImpl-2263e50c-b32d-47e6-a1c1-e956578d9fe8/datanode-5/meta/datanode.id
2019-06-14 04:04:37,782 INFO  ozone.MiniOzoneClusterImpl (MiniOzoneClusterImpl.java:lambda$waitForClusterToBeReady$0(142)) - Waiting for cluster to be ready. Got 0 of 6 DN Heartbeats.
2019-06-14 04:04:37,847 INFO  ozoneimpl.OzoneContainer (OzoneContainer.java:start(186)) - Attempting to start container services.
2019-06-14 04:04:37,847 INFO  ozoneimpl.OzoneContainer (OzoneContainer.java:startContainerScrub(160)) - Background container scrubber has been disabled by hdds.containerscrub.enabled
2019-06-14 04:04:37,847 INFO  ratis.XceiverServerRatis (XceiverServerRatis.java:start(418)) - Starting XceiverServerRatis ebe43abf-51ff-4281-a8ab-48c87ea49983 at port 38949
2019-06-14 04:04:37,914 INFO  impl.RaftServerProxy (RaftServerProxy.java:lambda$start$3(299)) - ebe43abf-51ff-4281-a8ab-48c87ea49983: start RPC server
2019-06-14 04:04:38,025 INFO  ozoneimpl.OzoneContainer (OzoneContainer.java:start(186)) - Attempting to start container services.
2019-06-14 04:04:38,025 INFO  ozoneimpl.OzoneContainer (OzoneContainer.java:startContainerScrub(160)) - Background container scrubber has been disabled by hdds.containerscrub.enabled
2019-06-14 04:04:38,025 INFO  ratis.XceiverServerRatis (XceiverServerRatis.java:start(418)) - Starting XceiverServerRatis 7f15c229-7f67-4abf-9b87-49f64d217163 at port 43933
2019-06-14 04:04:38,067 INFO  server.GrpcService (GrpcService.java:startImpl(148)) - ebe43abf-51ff-4281-a8ab-48c87ea49983: GrpcService started, listening on 0.0.0.0/0.0.0.0:38949
2019-06-14 04:04:38,086 INFO  impl.RaftServerProxy (RaftServerProxy.java:lambda$start$3(299)) - 7f15c229-7f67-4abf-9b87-49f64d217163: start RPC server
2019-06-14 04:04:38,089 INFO  server.GrpcService (GrpcService.java:startImpl(148)) - 7f15c229-7f67-4abf-9b87-49f64d217163: GrpcService started, listening on 0.0.0.0/0.0.0.0:43933
2019-06-14 04:04:38,258 INFO  ozoneimpl.OzoneContainer (OzoneContainer.java:start(186)) - Attempting to start container services.
2019-06-14 04:04:38,260 INFO  ozoneimpl.OzoneContainer (OzoneContainer.java:startContainerScrub(160)) - Background container scrubber has been disabled by hdds.containerscrub.enabled
2019-06-14 04:04:38,260 INFO  ratis.XceiverServerRatis (XceiverServerRatis.java:start(418)) - Starting XceiverServerRatis bb51ab34-1cd5-40ed-bfa1-70974f06734e at port 45433
2019-06-14 04:04:38,282 INFO  impl.RaftServerProxy (RaftServerProxy.java:lambda$start$3(299)) - bb51ab34-1cd5-40ed-bfa1-70974f06734e: start RPC server
2019-06-14 04:04:38,284 INFO  server.GrpcService (GrpcService.java:startImpl(148)) - bb51ab34-1cd5-40ed-bfa1-70974f06734e: GrpcService started, listening on 0.0.0.0/0.0.0.0:45433
2019-06-14 04:04:38,442 INFO  ozoneimpl.OzoneContainer (OzoneContainer.java:start(186)) - Attempting to start container services.
2019-06-14 04:04:38,443 INFO  ozoneimpl.OzoneContainer (OzoneContainer.java:startContainerScrub(160)) - Background container scrubber has been disabled by hdds.containerscrub.enabled
2019-06-14 04:04:38,444 INFO  ratis.XceiverServerRatis (XceiverServerRatis.java:start(418)) - Starting XceiverServerRatis 2c6f7b62-494e-40d7-8988-716c5dfcf83e at port 38671
2019-06-14 04:04:38,449 INFO  impl.RaftServerProxy (RaftServerProxy.java:lambda$start$3(299)) - 2c6f7b62-494e-40d7-8988-716c5dfcf83e: start RPC server
2019-06-14 04:04:38,451 INFO  server.GrpcService (GrpcService.java:startImpl(148)) - 2c6f7b62-494e-40d7-8988-716c5dfcf83e: GrpcService started, listening on 0.0.0.0/0.0.0.0:38671
2019-06-14 04:04:38,611 INFO  ozoneimpl.OzoneContainer (OzoneContainer.java:start(186)) - Attempting to start container services.
2019-06-14 04:04:38,612 INFO  ozoneimpl.OzoneContainer (OzoneContainer.java:startContainerScrub(160)) - Background container scrubber has been disabled by hdds.containerscrub.enabled
2019-06-14 04:04:38,613 INFO  ratis.XceiverServerRatis (XceiverServerRatis.java:start(418)) - Starting XceiverServerRatis 98cc486b-e865-4987-9d95-faa8b12f466b at port 41755
2019-06-14 04:04:38,620 INFO  impl.RaftServerProxy (RaftServerProxy.java:lambda$start$3(299)) - 98cc486b-e865-4987-9d95-faa8b12f466b: start RPC server
2019-06-14 04:04:38,623 INFO  server.GrpcService (GrpcService.java:startImpl(148)) - 98cc486b-e865-4987-9d95-faa8b12f466b: GrpcService started, listening on 0.0.0.0/0.0.0.0:41755
2019-06-14 04:04:38,782 INFO  ozone.MiniOzoneClusterImpl (MiniOzoneClusterImpl.java:lambda$waitForClusterToBeReady$0(142)) - Waiting for cluster to be ready. Got 0 of 6 DN Heartbeats.
2019-06-14 04:04:38,793 INFO  ozoneimpl.OzoneContainer (OzoneContainer.java:start(186)) - Attempting to start container services.
2019-06-14 04:04:38,795 INFO  ozoneimpl.OzoneContainer (OzoneContainer.java:startContainerScrub(160)) - Background container scrubber has been disabled by hdds.containerscrub.enabled
2019-06-14 04:04:38,795 INFO  ratis.XceiverServerRatis (XceiverServerRatis.java:start(418)) - Starting XceiverServerRatis 2711f8bd-00e0-451f-8852-97e69caf902a at port 35507
2019-06-14 04:04:38,799 INFO  impl.RaftServerProxy (RaftServerProxy.java:lambda$start$3(299)) - 2711f8bd-00e0-451f-8852-97e69caf902a: start RPC server
2019-06-14 04:04:38,801 INFO  server.GrpcService (GrpcService.java:startImpl(148)) - 2711f8bd-00e0-451f-8852-97e69caf902a: GrpcService started, listening on 0.0.0.0/0.0.0.0:35507
2019-06-14 04:04:39,783 INFO  ozone.MiniOzoneClusterImpl (MiniOzoneClusterImpl.java:lambda$waitForClusterToBeReady$0(142)) - Waiting for cluster to be ready. Got 0 of 6 DN Heartbeats.
2019-06-14 04:04:39,845 INFO  node.SCMNodeManager (SCMNodeManager.java:register(234)) - Registered Data node : ebe43abf-51ff-4281-a8ab-48c87ea49983{ip: 192.168.134.126, host: ozone-959hs-545290369, networkLocation: /default-rack, certSerialId: null}
2019-06-14 04:04:39,848 INFO  safemode.SCMSafeModeManager (DataNodeSafeModeRule.java:process(71)) - SCM in safe mode. 1 DataNodes registered, 1 required.
2019-06-14 04:04:39,848 INFO  safemode.SCMSafeModeManager (SCMSafeModeManager.java:validateSafeModeExitRules(177)) - ScmSafeModeManager, all rules are successfully validated
2019-06-14 04:04:39,848 INFO  safemode.SCMSafeModeManager (SCMSafeModeManager.java:exitSafeMode(193)) - SCM exiting safe mode.
2019-06-14 04:04:40,021 INFO  node.SCMNodeManager (SCMNodeManager.java:register(234)) - Registered Data node : 7f15c229-7f67-4abf-9b87-49f64d217163{ip: 192.168.134.126, host: ozone-959hs-545290369, networkLocation: /default-rack, certSerialId: null}
2019-06-14 04:04:40,160 INFO  impl.RaftServerProxy (RaftServerProxy.java:addNew(89)) - ebe43abf-51ff-4281-a8ab-48c87ea49983: addNew group-69B5B8B9C870:[ebe43abf-51ff-4281-a8ab-48c87ea49983:192.168.134.126:38949] returns group-69B5B8B9C870:java.util.concurrent.CompletableFuture@863d728[Not completed]
2019-06-14 04:04:40,165 INFO  impl.RaftServerImpl (RaftServerImpl.java:<init>(91)) - ebe43abf-51ff-4281-a8ab-48c87ea49983: new RaftServerImpl for group-69B5B8B9C870:[ebe43abf-51ff-4281-a8ab-48c87ea49983:192.168.134.126:38949] with ContainerStateMachine:uninitialized
2019-06-14 04:04:40,166 INFO  server.RaftServerConfigKeys (ConfUtils.java:logGet(43)) - raft.server.rpc.timeout.min = 1s (custom)
2019-06-14 04:04:40,166 INFO  server.RaftServerConfigKeys (ConfUtils.java:logGet(43)) - raft.server.rpc.timeout.max = 1200ms (custom)
2019-06-14 04:04:40,166 INFO  server.RaftServerConfigKeys (ConfUtils.java:logGet(43)) - raft.server.rpcslowness.timeout = 10s (custom)
2019-06-14 04:04:40,167 INFO  server.RaftServerConfigKeys (ConfUtils.java:logGet(43)) - raft.server.log.appender.install.snapshot.enabled = true (default)
2019-06-14 04:04:40,172 INFO  impl.RaftServerImpl (ServerState.java:<init>(101)) - ebe43abf-51ff-4281-a8ab-48c87ea49983:group-69B5B8B9C870 ConfigurationManager, init=-1: [ebe43abf-51ff-4281-a8ab-48c87ea49983:192.168.134.126:38949], old=null, confs=<EMPTY_MAP>
2019-06-14 04:04:40,172 INFO  server.RaftServerConfigKeys (ConfUtils.java:logGet(43)) - raft.server.storage.dir = [/opt/src/hadoop-ozone/integration-test/target/test-dir/MiniOzoneClusterImpl-2263e50c-b32d-47e6-a1c1-e956578d9fe8/datanode-0/data/ratis] (custom)
2019-06-14 04:04:40,177 INFO  storage.RaftStorageDirectory (RaftStorageDirectory.java:analyzeStorage(246)) - The storage directory /opt/src/hadoop-ozone/integration-test/target/test-dir/MiniOzoneClusterImpl-2263e50c-b32d-47e6-a1c1-e956578d9fe8/datanode-0/data/ratis/065fda5b-3ee1-4b03-b762-69b5b8b9c870 does not exist. Creating ...
2019-06-14 04:04:40,183 INFO  storage.RaftStorageDirectory (RaftStorageDirectory.java:tryLock(328)) - Lock on /opt/src/hadoop-ozone/integration-test/target/test-dir/MiniOzoneClusterImpl-2263e50c-b32d-47e6-a1c1-e956578d9fe8/datanode-0/data/ratis/065fda5b-3ee1-4b03-b762-69b5b8b9c870/in_use.lock acquired by nodename 10091@ozone-959hs-545290369
2019-06-14 04:04:40,187 INFO  storage.RaftStorage (RaftStorage.java:format(75)) - Storage directory /opt/src/hadoop-ozone/integration-test/target/test-dir/MiniOzoneClusterImpl-2263e50c-b32d-47e6-a1c1-e956578d9fe8/datanode-0/data/ratis/065fda5b-3ee1-4b03-b762-69b5b8b9c870 has been successfully formatted.
2019-06-14 04:04:40,189 INFO  ratis.ContainerStateMachine (ContainerStateMachine.java:loadSnapshot(199)) - The snapshot info is null.Setting the last applied index to:(t:0, i:~)
2019-06-14 04:04:40,189 INFO  server.RaftServerConfigKeys (ConfUtils.java:logGet(43)) - raft.server.leader.election.timeout = 10s (custom)
2019-06-14 04:04:40,191 INFO  server.RaftServerConfigKeys (ConfUtils.java:logGet(43)) - raft.server.log.use.memory = false (default)
2019-06-14 04:04:40,193 INFO  server.RaftServerConfigKeys (ConfUtils.java:logGet(43)) - raft.server.log.appender.buffer.byte-limit = 33554432 (custom)
2019-06-14 04:04:40,197 INFO  server.RaftServerConfigKeys (ConfUtils.java:logGet(43)) - raft.server.log.segment.size.max = 16384 (custom)
2019-06-14 04:04:40,201 INFO  server.RaftServerConfigKeys (ConfUtils.java:logGet(43)) - raft.server.log.segment.cache.num.max = 2 (custom)
2019-06-14 04:04:40,321 INFO  storage.RaftLogWorker (RaftLogWorker.java:<init>(123)) - new ebe43abf-51ff-4281-a8ab-48c87ea49983-RaftLogWorker for Storage Directory /opt/src/hadoop-ozone/integration-test/target/test-dir/MiniOzoneClusterImpl-2263e50c-b32d-47e6-a1c1-e956578d9fe8/datanode-0/data/ratis/065fda5b-3ee1-4b03-b762-69b5b8b9c870
2019-06-14 04:04:40,325 INFO  node.SCMNodeManager (SCMNodeManager.java:register(234)) - Registered Data node : bb51ab34-1cd5-40ed-bfa1-70974f06734e{ip: 192.168.134.126, host: ozone-959hs-545290369, networkLocation: /default-rack, certSerialId: null}
2019-06-14 04:04:40,326 INFO  server.RaftServerConfigKeys (ConfUtils.java:logGet(43)) - raft.server.log.queue.byte-limit = 2147483647 (custom)
2019-06-14 04:04:40,326 INFO  server.RaftServerConfigKeys (ConfUtils.java:logGet(43)) - raft.server.log.queue.element-limit = 1024 (custom)
2019-06-14 04:04:40,328 INFO  server.RaftServerConfigKeys (ConfUtils.java:logGet(43)) - raft.server.log.segment.size.max = 16384 (custom)
2019-06-14 04:04:40,328 INFO  server.RaftServerConfigKeys (ConfUtils.java:logGet(43)) - raft.server.log.preallocated.size = 16384 (custom)
2019-06-14 04:04:40,329 INFO  server.RaftServerConfigKeys (ConfUtils.java:logGet(43)) - raft.server.log.write.buffer.size = 33554432 (custom)
2019-06-14 04:04:40,329 INFO  server.RaftServerConfigKeys (ConfUtils.java:logGet(43)) - raft.server.log.force.sync.num = 128 (default)
2019-06-14 04:04:40,330 INFO  server.RaftServerConfigKeys (ConfUtils.java:logGet(43)) - raft.server.log.statemachine.data.sync = true (default)
2019-06-14 04:04:40,330 INFO  server.RaftServerConfigKeys (ConfUtils.java:logGet(43)) - raft.server.log.statemachine.data.sync.timeout = 10s (default)
2019-06-14 04:04:40,331 INFO  server.RaftServerConfigKeys (ConfUtils.java:logGet(43)) - raft.server.log.statemachine.data.sync.timeout.retry = -1 (default)
2019-06-14 04:04:40,333 INFO  server.RaftServerConfigKeys (ConfUtils.java:logGet(43)) - raft.server.log.statemachine.data.caching.enabled = true (custom)
2019-06-14 04:04:40,338 INFO  server.RaftServerConfigKeys (ConfUtils.java:logGet(43)) - raft.server.snapshot.auto.trigger.enabled = true (custom)
2019-06-14 04:04:40,339 INFO  server.RaftServerConfigKeys (ConfUtils.java:logGet(43)) - raft.server.snapshot.auto.trigger.threshold = 10000 (custom)
2019-06-14 04:04:40,339 INFO  server.RaftServerConfigKeys (ConfUtils.java:logGet(43)) - raft.server.retrycache.expirytime = 600000ms (custom)
2019-06-14 04:04:40,353 INFO  impl.RaftServerImpl (RaftServerImpl.java:start(173)) - ebe43abf-51ff-4281-a8ab-48c87ea49983: start group-69B5B8B9C870
2019-06-14 04:04:40,353 INFO  impl.RaftServerImpl (RaftServerImpl.java:setRole(164)) - ebe43abf-51ff-4281-a8ab-48c87ea49983:group-69B5B8B9C870 changes role from null to FOLLOWER at term 0 for startAsFollower
2019-06-14 04:04:40,354 INFO  impl.RoleInfo (RoleInfo.java:updateAndGet(143)) - ebe43abf-51ff-4281-a8ab-48c87ea49983: start FollowerState
2019-06-14 04:04:40,359 INFO  util.JmxRegister (JmxRegister.java:tryRegister(44)) - Successfully registered JMX Bean with object name Ratis:service=RaftServer,group=group-69B5B8B9C870,id=ebe43abf-51ff-4281-a8ab-48c87ea49983
2019-06-14 04:04:40,395 INFO  pipeline.PipelineStateManager (PipelineStateManager.java:addPipeline(56)) - Created pipeline Pipeline[ Id: 065fda5b-3ee1-4b03-b762-69b5b8b9c870, Nodes: ebe43abf-51ff-4281-a8ab-48c87ea49983{ip: 192.168.134.126, host: ozone-959hs-545290369, networkLocation: /default-rack, certSerialId: null}, Type:RATIS, Factor:ONE, State:OPEN]
2019-06-14 04:04:40,413 INFO  impl.RaftServerProxy (RaftServerProxy.java:addNew(89)) - bb51ab34-1cd5-40ed-bfa1-70974f06734e: addNew group-5B85F5D6C3CB:[bb51ab34-1cd5-40ed-bfa1-70974f06734e:192.168.134.126:45433] returns group-5B85F5D6C3CB:java.util.concurrent.CompletableFuture@7d3244d1[Not completed]
2019-06-14 04:04:40,414 INFO  impl.RaftServerImpl (RaftServerImpl.java:<init>(91)) - bb51ab34-1cd5-40ed-bfa1-70974f06734e: new RaftServerImpl for group-5B85F5D6C3CB:[bb51ab34-1cd5-40ed-bfa1-70974f06734e:192.168.134.126:45433] with ContainerStateMachine:uninitialized
2019-06-14 04:04:40,415 INFO  server.RaftServerConfigKeys (ConfUtils.java:logGet(43)) - raft.server.rpc.timeout.min = 1s (custom)
2019-06-14 04:04:40,415 INFO  server.RaftServerConfigKeys (ConfUtils.java:logGet(43)) - raft.server.rpc.timeout.max = 1200ms (custom)
2019-06-14 04:04:40,415 INFO  server.RaftServerConfigKeys (ConfUtils.java:logGet(43)) - raft.server.rpcslowness.timeout = 10s (custom)
2019-06-14 04:04:40,415 INFO  server.RaftServerConfigKeys (ConfUtils.java:logGet(43)) - raft.server.log.appender.install.snapshot.enabled = true (default)
2019-06-14 04:04:40,415 INFO  impl.RaftServerImpl (ServerState.java:<init>(101)) - bb51ab34-1cd5-40ed-bfa1-70974f06734e:group-5B85F5D6C3CB ConfigurationManager, init=-1: [bb51ab34-1cd5-40ed-bfa1-70974f06734e:192.168.134.126:45433], old=null, confs=<EMPTY_MAP>
2019-06-14 04:04:40,415 INFO  server.RaftServerConfigKeys (ConfUtils.java:logGet(43)) - raft.server.storage.dir = [/opt/src/hadoop-ozone/integration-test/target/test-dir/MiniOzoneClusterImpl-2263e50c-b32d-47e6-a1c1-e956578d9fe8/datanode-2/data/ratis] (custom)
2019-06-14 04:04:40,416 INFO  storage.RaftStorageDirectory (RaftStorageDirectory.java:analyzeStorage(246)) - The storage directory /opt/src/hadoop-ozone/integration-test/target/test-dir/MiniOzoneClusterImpl-2263e50c-b32d-47e6-a1c1-e956578d9fe8/datanode-2/data/ratis/09d16e3c-b24a-48e4-8e40-5b85f5d6c3cb does not exist. Creating ...
2019-06-14 04:04:40,418 INFO  storage.RaftStorageDirectory (RaftStorageDirectory.java:tryLock(328)) - Lock on /opt/src/hadoop-ozone/integration-test/target/test-dir/MiniOzoneClusterImpl-2263e50c-b32d-47e6-a1c1-e956578d9fe8/datanode-2/data/ratis/09d16e3c-b24a-48e4-8e40-5b85f5d6c3cb/in_use.lock acquired by nodename 10091@ozone-959hs-545290369
2019-06-14 04:04:40,420 INFO  storage.RaftStorage (RaftStorage.java:format(75)) - Storage directory /opt/src/hadoop-ozone/integration-test/target/test-dir/MiniOzoneClusterImpl-2263e50c-b32d-47e6-a1c1-e956578d9fe8/datanode-2/data/ratis/09d16e3c-b24a-48e4-8e40-5b85f5d6c3cb has been successfully formatted.
2019-06-14 04:04:40,420 INFO  ratis.ContainerStateMachine (ContainerStateMachine.java:loadSnapshot(199)) - The snapshot info is null.Setting the last applied index to:(t:0, i:~)
2019-06-14 04:04:40,420 INFO  server.RaftServerConfigKeys (ConfUtils.java:logGet(43)) - raft.server.leader.election.timeout = 10s (custom)
2019-06-14 04:04:40,420 INFO  server.RaftServerConfigKeys (ConfUtils.java:logGet(43)) - raft.server.log.use.memory = false (default)
2019-06-14 04:04:40,420 INFO  server.RaftServerConfigKeys (ConfUtils.java:logGet(43)) - raft.server.log.appender.buffer.byte-limit = 33554432 (custom)
2019-06-14 04:04:40,421 INFO  server.RaftServerConfigKeys (ConfUtils.java:logGet(43)) - raft.server.log.segment.size.max = 16384 (custom)
2019-06-14 04:04:40,421 INFO  server.RaftServerConfigKeys (ConfUtils.java:logGet(43)) - raft.server.log.segment.cache.num.max = 2 (custom)
2019-06-14 04:04:40,421 INFO  storage.RaftLogWorker (RaftLogWorker.java:<init>(123)) - new bb51ab34-1cd5-40ed-bfa1-70974f06734e-RaftLogWorker for Storage Directory /opt/src/hadoop-ozone/integration-test/target/test-dir/MiniOzoneClusterImpl-2263e50c-b32d-47e6-a1c1-e956578d9fe8/datanode-2/data/ratis/09d16e3c-b24a-48e4-8e40-5b85f5d6c3cb
2019-06-14 04:04:40,422 INFO  server.RaftServerConfigKeys (ConfUtils.java:logGet(43)) - raft.server.log.queue.byte-limit = 2147483647 (custom)
2019-06-14 04:04:40,422 INFO  server.RaftServerConfigKeys (ConfUtils.java:logGet(43)) - raft.server.log.queue.element-limit = 1024 (custom)
2019-06-14 04:04:40,422 INFO  server.RaftServerConfigKeys (ConfUtils.java:logGet(43)) - raft.server.log.segment.size.max = 16384 (custom)
2019-06-14 04:04:40,422 INFO  server.RaftServerConfigKeys (ConfUtils.java:logGet(43)) - raft.server.log.preallocated.size = 16384 (custom)
2019-06-14 04:04:40,422 INFO  server.RaftServerConfigKeys (ConfUtils.java:logGet(43)) - raft.server.log.write.buffer.size = 33554432 (custom)
2019-06-14 04:04:40,422 INFO  server.RaftServerConfigKeys (ConfUtils.java:logGet(43)) - raft.server.log.force.sync.num = 128 (default)
2019-06-14 04:04:40,422 INFO  server.RaftServerConfigKeys (ConfUtils.java:logGet(43)) - raft.server.log.statemachine.data.sync = true (default)
2019-06-14 04:04:40,423 INFO  server.RaftServerConfigKeys (ConfUtils.java:logGet(43)) - raft.server.log.statemachine.data.sync.timeout = 10s (default)
2019-06-14 04:04:40,423 INFO  server.RaftServerConfigKeys (ConfUtils.java:logGet(43)) - raft.server.log.statemachine.data.sync.timeout.retry = -1 (default)
2019-06-14 04:04:40,423 INFO  server.RaftServerConfigKeys (ConfUtils.java:logGet(43)) - raft.server.log.statemachine.data.caching.enabled = true (custom)
2019-06-14 04:04:40,423 INFO  server.RaftServerConfigKeys (ConfUtils.java:logGet(43)) - raft.server.snapshot.auto.trigger.enabled = true (custom)
2019-06-14 04:04:40,423 INFO  server.RaftServerConfigKeys (ConfUtils.java:logGet(43)) - raft.server.snapshot.auto.trigger.threshold = 10000 (custom)
2019-06-14 04:04:40,424 INFO  server.RaftServerConfigKeys (ConfUtils.java:logGet(43)) - raft.server.retrycache.expirytime = 600000ms (custom)
2019-06-14 04:04:40,424 INFO  impl.RaftServerImpl (RaftServerImpl.java:start(173)) - bb51ab34-1cd5-40ed-bfa1-70974f06734e: start group-5B85F5D6C3CB
2019-06-14 04:04:40,424 INFO  impl.RaftServerImpl (RaftServerImpl.java:setRole(164)) - bb51ab34-1cd5-40ed-bfa1-70974f06734e:group-5B85F5D6C3CB changes role from null to FOLLOWER at term 0 for startAsFollower
2019-06-14 04:04:40,424 INFO  impl.RoleInfo (RoleInfo.java:updateAndGet(143)) - bb51ab34-1cd5-40ed-bfa1-70974f06734e: start FollowerState
2019-06-14 04:04:40,426 INFO  util.JmxRegister (JmxRegister.java:tryRegister(44)) - Successfully registered JMX Bean with object name Ratis:service=RaftServer,group=group-5B85F5D6C3CB,id=bb51ab34-1cd5-40ed-bfa1-70974f06734e
2019-06-14 04:04:40,437 INFO  pipeline.PipelineStateManager (PipelineStateManager.java:addPipeline(56)) - Created pipeline Pipeline[ Id: 09d16e3c-b24a-48e4-8e40-5b85f5d6c3cb, Nodes: bb51ab34-1cd5-40ed-bfa1-70974f06734e{ip: 192.168.134.126, host: ozone-959hs-545290369, networkLocation: /default-rack, certSerialId: null}, Type:RATIS, Factor:ONE, State:OPEN]
2019-06-14 04:04:40,443 INFO  node.SCMNodeManager (SCMNodeManager.java:register(234)) - Registered Data node : 2c6f7b62-494e-40d7-8988-716c5dfcf83e{ip: 192.168.134.126, host: ozone-959hs-545290369, networkLocation: /default-rack, certSerialId: null}
2019-06-14 04:04:40,451 INFO  impl.RaftServerProxy (RaftServerProxy.java:addNew(89)) - 7f15c229-7f67-4abf-9b87-49f64d217163: addNew group-ABFD90C80896:[7f15c229-7f67-4abf-9b87-49f64d217163:192.168.134.126:43933] returns group-ABFD90C80896:java.util.concurrent.CompletableFuture@76c2970d[Not completed]
2019-06-14 04:04:40,475 INFO  impl.RaftServerImpl (RaftServerImpl.java:<init>(91)) - 7f15c229-7f67-4abf-9b87-49f64d217163: new RaftServerImpl for group-ABFD90C80896:[7f15c229-7f67-4abf-9b87-49f64d217163:192.168.134.126:43933] with ContainerStateMachine:uninitialized
2019-06-14 04:04:40,475 INFO  server.RaftServerConfigKeys (ConfUtils.java:logGet(43)) - raft.server.rpc.timeout.min = 1s (custom)
2019-06-14 04:04:40,476 INFO  server.RaftServerConfigKeys (ConfUtils.java:logGet(43)) - raft.server.rpc.timeout.max = 1200ms (custom)
2019-06-14 04:04:40,476 INFO  server.RaftServerConfigKeys (ConfUtils.java:logGet(43)) - raft.server.rpcslowness.timeout = 10s (custom)
2019-06-14 04:04:40,476 INFO  server.RaftServerConfigKeys (ConfUtils.java:logGet(43)) - raft.server.log.appender.install.snapshot.enabled = true (default)
2019-06-14 04:04:40,476 INFO  impl.RaftServerImpl (ServerState.java:<init>(101)) - 7f15c229-7f67-4abf-9b87-49f64d217163:group-ABFD90C80896 ConfigurationManager, init=-1: [7f15c229-7f67-4abf-9b87-49f64d217163:192.168.134.126:43933], old=null, confs=<EMPTY_MAP>
2019-06-14 04:04:40,476 INFO  server.RaftServerConfigKeys (ConfUtils.java:logGet(43)) - raft.server.storage.dir = [/opt/src/hadoop-ozone/integration-test/target/test-dir/MiniOzoneClusterImpl-2263e50c-b32d-47e6-a1c1-e956578d9fe8/datanode-1/data/ratis] (custom)
2019-06-14 04:04:40,476 INFO  storage.RaftStorageDirectory (RaftStorageDirectory.java:analyzeStorage(246)) - The storage directory /opt/src/hadoop-ozone/integration-test/target/test-dir/MiniOzoneClusterImpl-2263e50c-b32d-47e6-a1c1-e956578d9fe8/datanode-1/data/ratis/d076c707-6503-4a8f-aa3e-abfd90c80896 does not exist. Creating ...
2019-06-14 04:04:40,479 INFO  storage.RaftStorageDirectory (RaftStorageDirectory.java:tryLock(328)) - Lock on /opt/src/hadoop-ozone/integration-test/target/test-dir/MiniOzoneClusterImpl-2263e50c-b32d-47e6-a1c1-e956578d9fe8/datanode-1/data/ratis/d076c707-6503-4a8f-aa3e-abfd90c80896/in_use.lock acquired by nodename 10091@ozone-959hs-545290369
2019-06-14 04:04:40,481 INFO  storage.RaftStorage (RaftStorage.java:format(75)) - Storage directory /opt/src/hadoop-ozone/integration-test/target/test-dir/MiniOzoneClusterImpl-2263e50c-b32d-47e6-a1c1-e956578d9fe8/datanode-1/data/ratis/d076c707-6503-4a8f-aa3e-abfd90c80896 has been successfully formatted.
2019-06-14 04:04:40,482 INFO  ratis.ContainerStateMachine (ContainerStateMachine.java:loadSnapshot(199)) - The snapshot info is null.Setting the last applied index to:(t:0, i:~)
2019-06-14 04:04:40,483 INFO  server.RaftServerConfigKeys (ConfUtils.java:logGet(43)) - raft.server.leader.election.timeout = 10s (custom)
2019-06-14 04:04:40,483 INFO  server.RaftServerConfigKeys (ConfUtils.java:logGet(43)) - raft.server.log.use.memory = false (default)
2019-06-14 04:04:40,483 INFO  server.RaftServerConfigKeys (ConfUtils.java:logGet(43)) - raft.server.log.appender.buffer.byte-limit = 33554432 (custom)
2019-06-14 04:04:40,483 INFO  server.RaftServerConfigKeys (ConfUtils.java:logGet(43)) - raft.server.log.segment.size.max = 16384 (custom)
2019-06-14 04:04:40,484 INFO  server.RaftServerConfigKeys (ConfUtils.java:logGet(43)) - raft.server.log.segment.cache.num.max = 2 (custom)
2019-06-14 04:04:40,484 INFO  storage.RaftLogWorker (RaftLogWorker.java:<init>(123)) - new 7f15c229-7f67-4abf-9b87-49f64d217163-RaftLogWorker for Storage Directory /opt/src/hadoop-ozone/integration-test/target/test-dir/MiniOzoneClusterImpl-2263e50c-b32d-47e6-a1c1-e956578d9fe8/datanode-1/data/ratis/d076c707-6503-4a8f-aa3e-abfd90c80896
2019-06-14 04:04:40,484 INFO  server.RaftServerConfigKeys (ConfUtils.java:logGet(43)) - raft.server.log.queue.byte-limit = 2147483647 (custom)
2019-06-14 04:04:40,484 INFO  server.RaftServerConfigKeys (ConfUtils.java:logGet(43)) - raft.server.log.queue.element-limit = 1024 (custom)
2019-06-14 04:04:40,484 INFO  server.RaftServerConfigKeys (ConfUtils.java:logGet(43)) - raft.server.log.segment.size.max = 16384 (custom)
2019-06-14 04:04:40,484 INFO  server.RaftServerConfigKeys (ConfUtils.java:logGet(43)) - raft.server.log.preallocated.size = 16384 (custom)
2019-06-14 04:04:40,484 INFO  server.RaftServerConfigKeys (ConfUtils.java:logGet(43)) - raft.server.log.write.buffer.size = 33554432 (custom)
2019-06-14 04:04:40,484 INFO  server.RaftServerConfigKeys (ConfUtils.java:logGet(43)) - raft.server.log.force.sync.num = 128 (default)
2019-06-14 04:04:40,484 INFO  server.RaftServerConfigKeys (ConfUtils.java:logGet(43)) - raft.server.log.statemachine.data.sync = true (default)
2019-06-14 04:04:40,484 INFO  server.RaftServerConfigKeys (ConfUtils.java:logGet(43)) - raft.server.log.statemachine.data.sync.timeout = 10s (default)
2019-06-14 04:04:40,484 INFO  server.RaftServerConfigKeys (ConfUtils.java:logGet(43)) - raft.server.log.statemachine.data.sync.timeout.retry = -1 (default)
2019-06-14 04:04:40,485 INFO  server.RaftServerConfigKeys (ConfUtils.java:logGet(43)) - raft.server.log.statemachine.data.caching.enabled = true (custom)
2019-06-14 04:04:40,485 INFO  server.RaftServerConfigKeys (ConfUtils.java:logGet(43)) - raft.server.snapshot.auto.trigger.enabled = true (custom)
2019-06-14 04:04:40,485 INFO  server.RaftServerConfigKeys (ConfUtils.java:logGet(43)) - raft.server.snapshot.auto.trigger.threshold = 10000 (custom)
2019-06-14 04:04:40,485 INFO  server.RaftServerConfigKeys (ConfUtils.java:logGet(43)) - raft.server.retrycache.expirytime = 600000ms (custom)
2019-06-14 04:04:40,485 INFO  impl.RaftServerImpl (RaftServerImpl.java:start(173)) - 7f15c229-7f67-4abf-9b87-49f64d217163: start group-ABFD90C80896
2019-06-14 04:04:40,485 INFO  impl.RaftServerImpl (RaftServerImpl.java:setRole(164)) - 7f15c229-7f67-4abf-9b87-49f64d217163:group-ABFD90C80896 changes role from null to FOLLOWER at term 0 for startAsFollower
2019-06-14 04:04:40,485 INFO  impl.RoleInfo (RoleInfo.java:updateAndGet(143)) - 7f15c229-7f67-4abf-9b87-49f64d217163: start FollowerState
2019-06-14 04:04:40,486 INFO  util.JmxRegister (JmxRegister.java:tryRegister(44)) - Successfully registered JMX Bean with object name Ratis:service=RaftServer,group=group-ABFD90C80896,id=7f15c229-7f67-4abf-9b87-49f64d217163
2019-06-14 04:04:40,492 INFO  pipeline.PipelineStateManager (PipelineStateManager.java:addPipeline(56)) - Created pipeline Pipeline[ Id: d076c707-6503-4a8f-aa3e-abfd90c80896, Nodes: 7f15c229-7f67-4abf-9b87-49f64d217163{ip: 192.168.134.126, host: ozone-959hs-545290369, networkLocation: /default-rack, certSerialId: null}, Type:RATIS, Factor:ONE, State:OPEN]
2019-06-14 04:04:40,507 INFO  impl.RaftServerProxy (RaftServerProxy.java:addNew(89)) - 2c6f7b62-494e-40d7-8988-716c5dfcf83e: addNew group-25020F281E24:[2c6f7b62-494e-40d7-8988-716c5dfcf83e:192.168.134.126:38671] returns group-25020F281E24:java.util.concurrent.CompletableFuture@fa67b6d[Not completed]
2019-06-14 04:04:40,511 INFO  impl.RaftServerImpl (RaftServerImpl.java:<init>(91)) - 2c6f7b62-494e-40d7-8988-716c5dfcf83e: new RaftServerImpl for group-25020F281E24:[2c6f7b62-494e-40d7-8988-716c5dfcf83e:192.168.134.126:38671] with ContainerStateMachine:uninitialized
2019-06-14 04:04:40,511 INFO  server.RaftServerConfigKeys (ConfUtils.java:logGet(43)) - raft.server.rpc.timeout.min = 1s (custom)
2019-06-14 04:04:40,511 INFO  server.RaftServerConfigKeys (ConfUtils.java:logGet(43)) - raft.server.rpc.timeout.max = 1200ms (custom)
2019-06-14 04:04:40,511 INFO  server.RaftServerConfigKeys (ConfUtils.java:logGet(43)) - raft.server.rpcslowness.timeout = 10s (custom)
2019-06-14 04:04:40,511 INFO  server.RaftServerConfigKeys (ConfUtils.java:logGet(43)) - raft.server.log.appender.install.snapshot.enabled = true (default)
2019-06-14 04:04:40,511 INFO  impl.RaftServerImpl (ServerState.java:<init>(101)) - 2c6f7b62-494e-40d7-8988-716c5dfcf83e:group-25020F281E24 ConfigurationManager, init=-1: [2c6f7b62-494e-40d7-8988-716c5dfcf83e:192.168.134.126:38671], old=null, confs=<EMPTY_MAP>
2019-06-14 04:04:40,512 INFO  server.RaftServerConfigKeys (ConfUtils.java:logGet(43)) - raft.server.storage.dir = [/opt/src/hadoop-ozone/integration-test/target/test-dir/MiniOzoneClusterImpl-2263e50c-b32d-47e6-a1c1-e956578d9fe8/datanode-3/data/ratis] (custom)
2019-06-14 04:04:40,512 INFO  storage.RaftStorageDirectory (RaftStorageDirectory.java:analyzeStorage(246)) - The storage directory /opt/src/hadoop-ozone/integration-test/target/test-dir/MiniOzoneClusterImpl-2263e50c-b32d-47e6-a1c1-e956578d9fe8/datanode-3/data/ratis/77d31216-74a5-4963-9871-25020f281e24 does not exist. Creating ...
2019-06-14 04:04:40,514 INFO  storage.RaftStorageDirectory (RaftStorageDirectory.java:tryLock(328)) - Lock on /opt/src/hadoop-ozone/integration-test/target/test-dir/MiniOzoneClusterImpl-2263e50c-b32d-47e6-a1c1-e956578d9fe8/datanode-3/data/ratis/77d31216-74a5-4963-9871-25020f281e24/in_use.lock acquired by nodename 10091@ozone-959hs-545290369
2019-06-14 04:04:40,516 INFO  storage.RaftStorage (RaftStorage.java:format(75)) - Storage directory /opt/src/hadoop-ozone/integration-test/target/test-dir/MiniOzoneClusterImpl-2263e50c-b32d-47e6-a1c1-e956578d9fe8/datanode-3/data/ratis/77d31216-74a5-4963-9871-25020f281e24 has been successfully formatted.
2019-06-14 04:04:40,516 INFO  ratis.ContainerStateMachine (ContainerStateMachine.java:loadSnapshot(199)) - The snapshot info is null.Setting the last applied index to:(t:0, i:~)
2019-06-14 04:04:40,516 INFO  server.RaftServerConfigKeys (ConfUtils.java:logGet(43)) - raft.server.leader.election.timeout = 10s (custom)
2019-06-14 04:04:40,517 INFO  server.RaftServerConfigKeys (ConfUtils.java:logGet(43)) - raft.server.log.use.memory = false (default)
2019-06-14 04:04:40,517 INFO  server.RaftServerConfigKeys (ConfUtils.java:logGet(43)) - raft.server.log.appender.buffer.byte-limit = 33554432 (custom)
2019-06-14 04:04:40,517 INFO  server.RaftServerConfigKeys (ConfUtils.java:logGet(43)) - raft.server.log.segment.size.max = 16384 (custom)
2019-06-14 04:04:40,517 INFO  server.RaftServerConfigKeys (ConfUtils.java:logGet(43)) - raft.server.log.segment.cache.num.max = 2 (custom)
2019-06-14 04:04:40,517 INFO  storage.RaftLogWorker (RaftLogWorker.java:<init>(123)) - new 2c6f7b62-494e-40d7-8988-716c5dfcf83e-RaftLogWorker for Storage Directory /opt/src/hadoop-ozone/integration-test/target/test-dir/MiniOzoneClusterImpl-2263e50c-b32d-47e6-a1c1-e956578d9fe8/datanode-3/data/ratis/77d31216-74a5-4963-9871-25020f281e24
2019-06-14 04:04:40,517 INFO  server.RaftServerConfigKeys (ConfUtils.java:logGet(43)) - raft.server.log.queue.byte-limit = 2147483647 (custom)
2019-06-14 04:04:40,517 INFO  server.RaftServerConfigKeys (ConfUtils.java:logGet(43)) - raft.server.log.queue.element-limit = 1024 (custom)
2019-06-14 04:04:40,517 INFO  server.RaftServerConfigKeys (ConfUtils.java:logGet(43)) - raft.server.log.segment.size.max = 16384 (custom)
2019-06-14 04:04:40,517 INFO  server.RaftServerConfigKeys (ConfUtils.java:logGet(43)) - raft.server.log.preallocated.size = 16384 (custom)
2019-06-14 04:04:40,518 INFO  server.RaftServerConfigKeys (ConfUtils.java:logGet(43)) - raft.server.log.write.buffer.size = 33554432 (custom)
2019-06-14 04:04:40,518 INFO  server.RaftServerConfigKeys (ConfUtils.java:logGet(43)) - raft.server.log.force.sync.num = 128 (default)
2019-06-14 04:04:40,518 INFO  server.RaftServerConfigKeys (ConfUtils.java:logGet(43)) - raft.server.log.statemachine.data.sync = true (default)
2019-06-14 04:04:40,518 INFO  server.RaftServerConfigKeys (ConfUtils.java:logGet(43)) - raft.server.log.statemachine.data.sync.timeout = 10s (default)
2019-06-14 04:04:40,518 INFO  server.RaftServerConfigKeys (ConfUtils.java:logGet(43)) - raft.server.log.statemachine.data.sync.timeout.retry = -1 (default)
2019-06-14 04:04:40,518 INFO  server.RaftServerConfigKeys (ConfUtils.java:logGet(43)) - raft.server.log.statemachine.data.caching.enabled = true (custom)
2019-06-14 04:04:40,519 INFO  server.RaftServerConfigKeys (ConfUtils.java:logGet(43)) - raft.server.snapshot.auto.trigger.enabled = true (custom)
2019-06-14 04:04:40,519 INFO  server.RaftServerConfigKeys (ConfUtils.java:logGet(43)) - raft.server.snapshot.auto.trigger.threshold = 10000 (custom)
2019-06-14 04:04:40,519 INFO  server.RaftServerConfigKeys (ConfUtils.java:logGet(43)) - raft.server.retrycache.expirytime = 600000ms (custom)
2019-06-14 04:04:40,519 INFO  impl.RaftServerImpl (RaftServerImpl.java:start(173)) - 2c6f7b62-494e-40d7-8988-716c5dfcf83e: start group-25020F281E24
2019-06-14 04:04:40,519 INFO  impl.RaftServerImpl (RaftServerImpl.java:setRole(164)) - 2c6f7b62-494e-40d7-8988-716c5dfcf83e:group-25020F281E24 changes role from null to FOLLOWER at term 0 for startAsFollower
2019-06-14 04:04:40,519 INFO  impl.RoleInfo (RoleInfo.java:updateAndGet(143)) - 2c6f7b62-494e-40d7-8988-716c5dfcf83e: start FollowerState
2019-06-14 04:04:40,519 INFO  util.JmxRegister (JmxRegister.java:tryRegister(44)) - Successfully registered JMX Bean with object name Ratis:service=RaftServer,group=group-25020F281E24,id=2c6f7b62-494e-40d7-8988-716c5dfcf83e
2019-06-14 04:04:40,528 INFO  pipeline.PipelineStateManager (PipelineStateManager.java:addPipeline(56)) - Created pipeline Pipeline[ Id: 77d31216-74a5-4963-9871-25020f281e24, Nodes: 2c6f7b62-494e-40d7-8988-716c5dfcf83e{ip: 192.168.134.126, host: ozone-959hs-545290369, networkLocation: /default-rack, certSerialId: null}, Type:RATIS, Factor:ONE, State:OPEN]
2019-06-14 04:04:40,560 INFO  impl.RaftServerProxy (RaftServerProxy.java:addNew(89)) - ebe43abf-51ff-4281-a8ab-48c87ea49983: addNew group-78E3CBB8F4D1:[bb51ab34-1cd5-40ed-bfa1-70974f06734e:192.168.134.126:45433, 2c6f7b62-494e-40d7-8988-716c5dfcf83e:192.168.134.126:38671, ebe43abf-51ff-4281-a8ab-48c87ea49983:192.168.134.126:38949] returns group-78E3CBB8F4D1:java.util.concurrent.CompletableFuture@67d054d5[Not completed]
2019-06-14 04:04:40,561 INFO  impl.RaftServerImpl (RaftServerImpl.java:<init>(91)) - ebe43abf-51ff-4281-a8ab-48c87ea49983: new RaftServerImpl for group-78E3CBB8F4D1:[bb51ab34-1cd5-40ed-bfa1-70974f06734e:192.168.134.126:45433, 2c6f7b62-494e-40d7-8988-716c5dfcf83e:192.168.134.126:38671, ebe43abf-51ff-4281-a8ab-48c87ea49983:192.168.134.126:38949] with ContainerStateMachine:uninitialized
2019-06-14 04:04:40,561 INFO  server.RaftServerConfigKeys (ConfUtils.java:logGet(43)) - raft.server.rpc.timeout.min = 1s (custom)
2019-06-14 04:04:40,561 INFO  server.RaftServerConfigKeys (ConfUtils.java:logGet(43)) - raft.server.rpc.timeout.max = 1200ms (custom)
2019-06-14 04:04:40,561 INFO  server.RaftServerConfigKeys (ConfUtils.java:logGet(43)) - raft.server.rpcslowness.timeout = 10s (custom)
2019-06-14 04:04:40,561 INFO  server.RaftServerConfigKeys (ConfUtils.java:logGet(43)) - raft.server.log.appender.install.snapshot.enabled = true (default)
2019-06-14 04:04:40,561 INFO  impl.RaftServerImpl (ServerState.java:<init>(101)) - ebe43abf-51ff-4281-a8ab-48c87ea49983:group-78E3CBB8F4D1 ConfigurationManager, init=-1: [bb51ab34-1cd5-40ed-bfa1-70974f06734e:192.168.134.126:45433, 2c6f7b62-494e-40d7-8988-716c5dfcf83e:192.168.134.126:38671, ebe43abf-51ff-4281-a8ab-48c87ea49983:192.168.134.126:38949], old=null, confs=<EMPTY_MAP>
2019-06-14 04:04:40,561 INFO  server.RaftServerConfigKeys (ConfUtils.java:logGet(43)) - raft.server.storage.dir = [/opt/src/hadoop-ozone/integration-test/target/test-dir/MiniOzoneClusterImpl-2263e50c-b32d-47e6-a1c1-e956578d9fe8/datanode-0/data/ratis] (custom)
2019-06-14 04:04:40,562 INFO  storage.RaftStorageDirectory (RaftStorageDirectory.java:analyzeStorage(246)) - The storage directory /opt/src/hadoop-ozone/integration-test/target/test-dir/MiniOzoneClusterImpl-2263e50c-b32d-47e6-a1c1-e956578d9fe8/datanode-0/data/ratis/44f08ffd-8ad0-4adf-b63b-78e3cbb8f4d1 does not exist. Creating ...
2019-06-14 04:04:40,564 INFO  impl.RaftServerProxy (RaftServerProxy.java:addNew(89)) - bb51ab34-1cd5-40ed-bfa1-70974f06734e: addNew group-78E3CBB8F4D1:[bb51ab34-1cd5-40ed-bfa1-70974f06734e:192.168.134.126:45433, 2c6f7b62-494e-40d7-8988-716c5dfcf83e:192.168.134.126:38671, ebe43abf-51ff-4281-a8ab-48c87ea49983:192.168.134.126:38949] returns group-78E3CBB8F4D1:java.util.concurrent.CompletableFuture@63efccf7[Not completed]
2019-06-14 04:04:40,565 INFO  impl.RaftServerProxy (RaftServerProxy.java:addNew(89)) - 2c6f7b62-494e-40d7-8988-716c5dfcf83e: addNew group-78E3CBB8F4D1:[bb51ab34-1cd5-40ed-bfa1-70974f06734e:192.168.134.126:45433, 2c6f7b62-494e-40d7-8988-716c5dfcf83e:192.168.134.126:38671, ebe43abf-51ff-4281-a8ab-48c87ea49983:192.168.134.126:38949] returns group-78E3CBB8F4D1:java.util.concurrent.CompletableFuture@1cb74cf6[Not completed]
2019-06-14 04:04:40,565 INFO  impl.RaftServerImpl (RaftServerImpl.java:<init>(91)) - bb51ab34-1cd5-40ed-bfa1-70974f06734e: new RaftServerImpl for group-78E3CBB8F4D1:[bb51ab34-1cd5-40ed-bfa1-70974f06734e:192.168.134.126:45433, 2c6f7b62-494e-40d7-8988-716c5dfcf83e:192.168.134.126:38671, ebe43abf-51ff-4281-a8ab-48c87ea49983:192.168.134.126:38949] with ContainerStateMachine:uninitialized
2019-06-14 04:04:40,565 INFO  server.RaftServerConfigKeys (ConfUtils.java:logGet(43)) - raft.server.rpc.timeout.min = 1s (custom)
2019-06-14 04:04:40,565 INFO  server.RaftServerConfigKeys (ConfUtils.java:logGet(43)) - raft.server.rpc.timeout.max = 1200ms (custom)
2019-06-14 04:04:40,565 INFO  server.RaftServerConfigKeys (ConfUtils.java:logGet(43)) - raft.server.rpcslowness.timeout = 10s (custom)
2019-06-14 04:04:40,565 INFO  server.RaftServerConfigKeys (ConfUtils.java:logGet(43)) - raft.server.log.appender.install.snapshot.enabled = true (default)
2019-06-14 04:04:40,565 INFO  impl.RaftServerImpl (RaftServerImpl.java:<init>(91)) - 2c6f7b62-494e-40d7-8988-716c5dfcf83e: new RaftServerImpl for group-78E3CBB8F4D1:[bb51ab34-1cd5-40ed-bfa1-70974f06734e:192.168.134.126:45433, 2c6f7b62-494e-40d7-8988-716c5dfcf83e:192.168.134.126:38671, ebe43abf-51ff-4281-a8ab-48c87ea49983:192.168.134.126:38949] with ContainerStateMachine:uninitialized
2019-06-14 04:04:40,565 INFO  server.RaftServerConfigKeys (ConfUtils.java:logGet(43)) - raft.server.rpc.timeout.min = 1s (custom)
2019-06-14 04:04:40,566 INFO  server.RaftServerConfigKeys (ConfUtils.java:logGet(43)) - raft.server.rpc.timeout.max = 1200ms (custom)
2019-06-14 04:04:40,566 INFO  server.RaftServerConfigKeys (ConfUtils.java:logGet(43)) - raft.server.rpcslowness.timeout = 10s (custom)
2019-06-14 04:04:40,566 INFO  server.RaftServerConfigKeys (ConfUtils.java:logGet(43)) - raft.server.log.appender.install.snapshot.enabled = true (default)
2019-06-14 04:04:40,566 INFO  impl.RaftServerImpl (ServerState.java:<init>(101)) - 2c6f7b62-494e-40d7-8988-716c5dfcf83e:group-78E3CBB8F4D1 ConfigurationManager, init=-1: [bb51ab34-1cd5-40ed-bfa1-70974f06734e:192.168.134.126:45433, 2c6f7b62-494e-40d7-8988-716c5dfcf83e:192.168.134.126:38671, ebe43abf-51ff-4281-a8ab-48c87ea49983:192.168.134.126:38949], old=null, confs=<EMPTY_MAP>
2019-06-14 04:04:40,566 INFO  server.RaftServerConfigKeys (ConfUtils.java:logGet(43)) - raft.server.storage.dir = [/opt/src/hadoop-ozone/integration-test/target/test-dir/MiniOzoneClusterImpl-2263e50c-b32d-47e6-a1c1-e956578d9fe8/datanode-3/data/ratis] (custom)
2019-06-14 04:04:40,566 INFO  storage.RaftStorageDirectory (RaftStorageDirectory.java:analyzeStorage(246)) - The storage directory /opt/src/hadoop-ozone/integration-test/target/test-dir/MiniOzoneClusterImpl-2263e50c-b32d-47e6-a1c1-e956578d9fe8/datanode-3/data/ratis/44f08ffd-8ad0-4adf-b63b-78e3cbb8f4d1 does not exist. Creating ...
2019-06-14 04:04:40,565 INFO  storage.RaftStorageDirectory (RaftStorageDirectory.java:tryLock(328)) - Lock on /opt/src/hadoop-ozone/integration-test/target/test-dir/MiniOzoneClusterImpl-2263e50c-b32d-47e6-a1c1-e956578d9fe8/datanode-0/data/ratis/44f08ffd-8ad0-4adf-b63b-78e3cbb8f4d1/in_use.lock acquired by nodename 10091@ozone-959hs-545290369
2019-06-14 04:04:40,565 INFO  impl.RaftServerImpl (ServerState.java:<init>(101)) - bb51ab34-1cd5-40ed-bfa1-70974f06734e:group-78E3CBB8F4D1 ConfigurationManager, init=-1: [bb51ab34-1cd5-40ed-bfa1-70974f06734e:192.168.134.126:45433, 2c6f7b62-494e-40d7-8988-716c5dfcf83e:192.168.134.126:38671, ebe43abf-51ff-4281-a8ab-48c87ea49983:192.168.134.126:38949], old=null, confs=<EMPTY_MAP>
2019-06-14 04:04:40,567 INFO  server.RaftServerConfigKeys (ConfUtils.java:logGet(43)) - raft.server.storage.dir = [/opt/src/hadoop-ozone/integration-test/target/test-dir/MiniOzoneClusterImpl-2263e50c-b32d-47e6-a1c1-e956578d9fe8/datanode-2/data/ratis] (custom)
2019-06-14 04:04:40,567 INFO  storage.RaftStorageDirectory (RaftStorageDirectory.java:analyzeStorage(246)) - The storage directory /opt/src/hadoop-ozone/integration-test/target/test-dir/MiniOzoneClusterImpl-2263e50c-b32d-47e6-a1c1-e956578d9fe8/datanode-2/data/ratis/44f08ffd-8ad0-4adf-b63b-78e3cbb8f4d1 does not exist. Creating ...
2019-06-14 04:04:40,568 INFO  storage.RaftStorageDirectory (RaftStorageDirectory.java:tryLock(328)) - Lock on /opt/src/hadoop-ozone/integration-test/target/test-dir/MiniOzoneClusterImpl-2263e50c-b32d-47e6-a1c1-e956578d9fe8/datanode-3/data/ratis/44f08ffd-8ad0-4adf-b63b-78e3cbb8f4d1/in_use.lock acquired by nodename 10091@ozone-959hs-545290369
2019-06-14 04:04:40,568 INFO  storage.RaftStorage (RaftStorage.java:format(75)) - Storage directory /opt/src/hadoop-ozone/integration-test/target/test-dir/MiniOzoneClusterImpl-2263e50c-b32d-47e6-a1c1-e956578d9fe8/datanode-0/data/ratis/44f08ffd-8ad0-4adf-b63b-78e3cbb8f4d1 has been successfully formatted.
2019-06-14 04:04:40,569 INFO  ratis.ContainerStateMachine (ContainerStateMachine.java:loadSnapshot(199)) - The snapshot info is null.Setting the last applied index to:(t:0, i:~)
2019-06-14 04:04:40,569 INFO  server.RaftServerConfigKeys (ConfUtils.java:logGet(43)) - raft.server.leader.election.timeout = 10s (custom)
2019-06-14 04:04:40,569 INFO  server.RaftServerConfigKeys (ConfUtils.java:logGet(43)) - raft.server.log.use.memory = false (default)
2019-06-14 04:04:40,569 INFO  server.RaftServerConfigKeys (ConfUtils.java:logGet(43)) - raft.server.log.appender.buffer.byte-limit = 33554432 (custom)
2019-06-14 04:04:40,569 INFO  server.RaftServerConfigKeys (ConfUtils.java:logGet(43)) - raft.server.log.segment.size.max = 16384 (custom)
2019-06-14 04:04:40,569 INFO  server.RaftServerConfigKeys (ConfUtils.java:logGet(43)) - raft.server.log.segment.cache.num.max = 2 (custom)
2019-06-14 04:04:40,569 INFO  storage.RaftLogWorker (RaftLogWorker.java:<init>(123)) - new ebe43abf-51ff-4281-a8ab-48c87ea49983-RaftLogWorker for Storage Directory /opt/src/hadoop-ozone/integration-test/target/test-dir/MiniOzoneClusterImpl-2263e50c-b32d-47e6-a1c1-e956578d9fe8/datanode-0/data/ratis/44f08ffd-8ad0-4adf-b63b-78e3cbb8f4d1
2019-06-14 04:04:40,570 INFO  server.RaftServerConfigKeys (ConfUtils.java:logGet(43)) - raft.server.log.queue.byte-limit = 2147483647 (custom)
2019-06-14 04:04:40,570 INFO  server.RaftServerConfigKeys (ConfUtils.java:logGet(43)) - raft.server.log.queue.element-limit = 1024 (custom)
2019-06-14 04:04:40,570 INFO  server.RaftServerConfigKeys (ConfUtils.java:logGet(43)) - raft.server.log.segment.size.max = 16384 (custom)
2019-06-14 04:04:40,570 INFO  storage.RaftStorageDirectory (RaftStorageDirectory.java:tryLock(328)) - Lock on /opt/src/hadoop-ozone/integration-test/target/test-dir/MiniOzoneClusterImpl-2263e50c-b32d-47e6-a1c1-e956578d9fe8/datanode-2/data/ratis/44f08ffd-8ad0-4adf-b63b-78e3cbb8f4d1/in_use.lock acquired by nodename 10091@ozone-959hs-545290369
2019-06-14 04:04:40,570 INFO  server.RaftServerConfigKeys (ConfUtils.java:logGet(43)) - raft.server.log.preallocated.size = 16384 (custom)
2019-06-14 04:04:40,570 INFO  server.RaftServerConfigKeys (ConfUtils.java:logGet(43)) - raft.server.log.write.buffer.size = 33554432 (custom)
2019-06-14 04:04:40,570 INFO  server.RaftServerConfigKeys (ConfUtils.java:logGet(43)) - raft.server.log.force.sync.num = 128 (default)
2019-06-14 04:04:40,570 INFO  server.RaftServerConfigKeys (ConfUtils.java:logGet(43)) - raft.server.log.statemachine.data.sync = true (default)
2019-06-14 04:04:40,570 INFO  server.RaftServerConfigKeys (ConfUtils.java:logGet(43)) - raft.server.log.statemachine.data.sync.timeout = 10s (default)
2019-06-14 04:04:40,571 INFO  server.RaftServerConfigKeys (ConfUtils.java:logGet(43)) - raft.server.log.statemachine.data.sync.timeout.retry = -1 (default)
2019-06-14 04:04:40,571 INFO  server.RaftServerConfigKeys (ConfUtils.java:logGet(43)) - raft.server.log.statemachine.data.caching.enabled = true (custom)
2019-06-14 04:04:40,571 INFO  server.RaftServerConfigKeys (ConfUtils.java:logGet(43)) - raft.server.snapshot.auto.trigger.enabled = true (custom)
2019-06-14 04:04:40,571 INFO  storage.RaftStorage (RaftStorage.java:format(75)) - Storage directory /opt/src/hadoop-ozone/integration-test/target/test-dir/MiniOzoneClusterImpl-2263e50c-b32d-47e6-a1c1-e956578d9fe8/datanode-3/data/ratis/44f08ffd-8ad0-4adf-b63b-78e3cbb8f4d1 has been successfully formatted.
2019-06-14 04:04:40,571 INFO  server.RaftServerConfigKeys (ConfUtils.java:logGet(43)) - raft.server.snapshot.auto.trigger.threshold = 10000 (custom)
2019-06-14 04:04:40,571 INFO  ratis.ContainerStateMachine (ContainerStateMachine.java:loadSnapshot(199)) - The snapshot info is null.Setting the last applied index to:(t:0, i:~)
2019-06-14 04:04:40,571 INFO  server.RaftServerConfigKeys (ConfUtils.java:logGet(43)) - raft.server.retrycache.expirytime = 600000ms (custom)
2019-06-14 04:04:40,572 INFO  server.RaftServerConfigKeys (ConfUtils.java:logGet(43)) - raft.server.leader.election.timeout = 10s (custom)
2019-06-14 04:04:40,572 INFO  server.RaftServerConfigKeys (ConfUtils.java:logGet(43)) - raft.server.log.use.memory = false (default)
2019-06-14 04:04:40,572 INFO  impl.RaftServerImpl (RaftServerImpl.java:start(173)) - ebe43abf-51ff-4281-a8ab-48c87ea49983: start group-78E3CBB8F4D1
2019-06-14 04:04:40,572 INFO  server.RaftServerConfigKeys (ConfUtils.java:logGet(43)) - raft.server.log.appender.buffer.byte-limit = 33554432 (custom)
2019-06-14 04:04:40,572 INFO  impl.RaftServerImpl (RaftServerImpl.java:setRole(164)) - ebe43abf-51ff-4281-a8ab-48c87ea49983:group-78E3CBB8F4D1 changes role from null to FOLLOWER at term 0 for startAsFollower
2019-06-14 04:04:40,572 INFO  server.RaftServerConfigKeys (ConfUtils.java:logGet(43)) - raft.server.log.segment.size.max = 16384 (custom)
2019-06-14 04:04:40,572 INFO  server.RaftServerConfigKeys (ConfUtils.java:logGet(43)) - raft.server.log.segment.cache.num.max = 2 (custom)
2019-06-14 04:04:40,572 INFO  storage.RaftLogWorker (RaftLogWorker.java:<init>(123)) - new 2c6f7b62-494e-40d7-8988-716c5dfcf83e-RaftLogWorker for Storage Directory /opt/src/hadoop-ozone/integration-test/target/test-dir/MiniOzoneClusterImpl-2263e50c-b32d-47e6-a1c1-e956578d9fe8/datanode-3/data/ratis/44f08ffd-8ad0-4adf-b63b-78e3cbb8f4d1
2019-06-14 04:04:40,572 INFO  server.RaftServerConfigKeys (ConfUtils.java:logGet(43)) - raft.server.log.queue.byte-limit = 2147483647 (custom)
2019-06-14 04:04:40,573 INFO  server.RaftServerConfigKeys (ConfUtils.java:logGet(43)) - raft.server.log.queue.element-limit = 1024 (custom)
2019-06-14 04:04:40,573 INFO  server.RaftServerConfigKeys (ConfUtils.java:logGet(43)) - raft.server.log.segment.size.max = 16384 (custom)
2019-06-14 04:04:40,573 INFO  server.RaftServerConfigKeys (ConfUtils.java:logGet(43)) - raft.server.log.preallocated.size = 16384 (custom)
2019-06-14 04:04:40,573 INFO  server.RaftServerConfigKeys (ConfUtils.java:logGet(43)) - raft.server.log.write.buffer.size = 33554432 (custom)
2019-06-14 04:04:40,573 INFO  server.RaftServerConfigKeys (ConfUtils.java:logGet(43)) - raft.server.log.force.sync.num = 128 (default)
2019-06-14 04:04:40,573 INFO  server.RaftServerConfigKeys (ConfUtils.java:logGet(43)) - raft.server.log.statemachine.data.sync = true (default)
2019-06-14 04:04:40,573 INFO  server.RaftServerConfigKeys (ConfUtils.java:logGet(43)) - raft.server.log.statemachine.data.sync.timeout = 10s (default)
2019-06-14 04:04:40,573 INFO  server.RaftServerConfigKeys (ConfUtils.java:logGet(43)) - raft.server.log.statemachine.data.sync.timeout.retry = -1 (default)
2019-06-14 04:04:40,573 INFO  server.RaftServerConfigKeys (ConfUtils.java:logGet(43)) - raft.server.log.statemachine.data.caching.enabled = true (custom)
2019-06-14 04:04:40,572 INFO  impl.RoleInfo (RoleInfo.java:updateAndGet(143)) - ebe43abf-51ff-4281-a8ab-48c87ea49983: start FollowerState
2019-06-14 04:04:40,574 INFO  server.RaftServerConfigKeys (ConfUtils.java:logGet(43)) - raft.server.snapshot.auto.trigger.enabled = true (custom)
2019-06-14 04:04:40,573 INFO  storage.RaftStorage (RaftStorage.java:format(75)) - Storage directory /opt/src/hadoop-ozone/integration-test/target/test-dir/MiniOzoneClusterImpl-2263e50c-b32d-47e6-a1c1-e956578d9fe8/datanode-2/data/ratis/44f08ffd-8ad0-4adf-b63b-78e3cbb8f4d1 has been successfully formatted.
2019-06-14 04:04:40,574 INFO  util.JmxRegister (JmxRegister.java:tryRegister(44)) - Successfully registered JMX Bean with object name Ratis:service=RaftServer,group=group-78E3CBB8F4D1,id=ebe43abf-51ff-4281-a8ab-48c87ea49983
2019-06-14 04:04:40,574 INFO  ratis.ContainerStateMachine (ContainerStateMachine.java:loadSnapshot(199)) - The snapshot info is null.Setting the last applied index to:(t:0, i:~)
2019-06-14 04:04:40,574 INFO  server.RaftServerConfigKeys (ConfUtils.java:logGet(43)) - raft.server.snapshot.auto.trigger.threshold = 10000 (custom)
2019-06-14 04:04:40,574 INFO  server.RaftServerConfigKeys (ConfUtils.java:logGet(43)) - raft.server.leader.election.timeout = 10s (custom)
2019-06-14 04:04:40,574 INFO  server.RaftServerConfigKeys (ConfUtils.java:logGet(43)) - raft.server.log.use.memory = false (default)
2019-06-14 04:04:40,575 INFO  server.RaftServerConfigKeys (ConfUtils.java:logGet(43)) - raft.server.log.appender.buffer.byte-limit = 33554432 (custom)
2019-06-14 04:04:40,575 INFO  server.RaftServerConfigKeys (ConfUtils.java:logGet(43)) - raft.server.retrycache.expirytime = 600000ms (custom)
2019-06-14 04:04:40,575 INFO  server.RaftServerConfigKeys (ConfUtils.java:logGet(43)) - raft.server.log.segment.size.max = 16384 (custom)
2019-06-14 04:04:40,575 INFO  impl.RaftServerImpl (RaftServerImpl.java:start(173)) - 2c6f7b62-494e-40d7-8988-716c5dfcf83e: start group-78E3CBB8F4D1
2019-06-14 04:04:40,575 INFO  impl.RaftServerImpl (RaftServerImpl.java:setRole(164)) - 2c6f7b62-494e-40d7-8988-716c5dfcf83e:group-78E3CBB8F4D1 changes role from null to FOLLOWER at term 0 for startAsFollower
2019-06-14 04:04:40,575 INFO  impl.RoleInfo (RoleInfo.java:updateAndGet(143)) - 2c6f7b62-494e-40d7-8988-716c5dfcf83e: start FollowerState
2019-06-14 04:04:40,575 INFO  server.RaftServerConfigKeys (ConfUtils.java:logGet(43)) - raft.server.log.segment.cache.num.max = 2 (custom)
2019-06-14 04:04:40,575 INFO  storage.RaftLogWorker (RaftLogWorker.java:<init>(123)) - new bb51ab34-1cd5-40ed-bfa1-70974f06734e-RaftLogWorker for Storage Directory /opt/src/hadoop-ozone/integration-test/target/test-dir/MiniOzoneClusterImpl-2263e50c-b32d-47e6-a1c1-e956578d9fe8/datanode-2/data/ratis/44f08ffd-8ad0-4adf-b63b-78e3cbb8f4d1
2019-06-14 04:04:40,575 INFO  server.RaftServerConfigKeys (ConfUtils.java:logGet(43)) - raft.server.log.queue.byte-limit = 2147483647 (custom)
2019-06-14 04:04:40,576 INFO  server.RaftServerConfigKeys (ConfUtils.java:logGet(43)) - raft.server.log.queue.element-limit = 1024 (custom)
2019-06-14 04:04:40,576 INFO  server.RaftServerConfigKeys (ConfUtils.java:logGet(43)) - raft.server.log.segment.size.max = 16384 (custom)
2019-06-14 04:04:40,576 INFO  server.RaftServerConfigKeys (ConfUtils.java:logGet(43)) - raft.server.log.preallocated.size = 16384 (custom)
2019-06-14 04:04:40,576 INFO  server.RaftServerConfigKeys (ConfUtils.java:logGet(43)) - raft.server.log.write.buffer.size = 33554432 (custom)
2019-06-14 04:04:40,576 INFO  server.RaftServerConfigKeys (ConfUtils.java:logGet(43)) - raft.server.log.force.sync.num = 128 (default)
2019-06-14 04:04:40,576 INFO  server.RaftServerConfigKeys (ConfUtils.java:logGet(43)) - raft.server.log.statemachine.data.sync = true (default)
2019-06-14 04:04:40,576 INFO  server.RaftServerConfigKeys (ConfUtils.java:logGet(43)) - raft.server.log.statemachine.data.sync.timeout = 10s (default)
2019-06-14 04:04:40,576 INFO  server.RaftServerConfigKeys (ConfUtils.java:logGet(43)) - raft.server.log.statemachine.data.sync.timeout.retry = -1 (default)
2019-06-14 04:04:40,578 INFO  server.RaftServerConfigKeys (ConfUtils.java:logGet(43)) - raft.server.log.statemachine.data.caching.enabled = true (custom)
2019-06-14 04:04:40,578 INFO  server.RaftServerConfigKeys (ConfUtils.java:logGet(43)) - raft.server.snapshot.auto.trigger.enabled = true (custom)
2019-06-14 04:04:40,578 INFO  util.JmxRegister (JmxRegister.java:tryRegister(44)) - Successfully registered JMX Bean with object name Ratis:service=RaftServer,group=group-78E3CBB8F4D1,id=2c6f7b62-494e-40d7-8988-716c5dfcf83e
2019-06-14 04:04:40,578 INFO  server.RaftServerConfigKeys (ConfUtils.java:logGet(43)) - raft.server.snapshot.auto.trigger.threshold = 10000 (custom)
2019-06-14 04:04:40,578 INFO  server.RaftServerConfigKeys (ConfUtils.java:logGet(43)) - raft.server.retrycache.expirytime = 600000ms (custom)
2019-06-14 04:04:40,579 INFO  impl.RaftServerImpl (RaftServerImpl.java:start(173)) - bb51ab34-1cd5-40ed-bfa1-70974f06734e: start group-78E3CBB8F4D1
2019-06-14 04:04:40,579 INFO  impl.RaftServerImpl (RaftServerImpl.java:setRole(164)) - bb51ab34-1cd5-40ed-bfa1-70974f06734e:group-78E3CBB8F4D1 changes role from null to FOLLOWER at term 0 for startAsFollower
2019-06-14 04:04:40,580 INFO  impl.RoleInfo (RoleInfo.java:updateAndGet(143)) - bb51ab34-1cd5-40ed-bfa1-70974f06734e: start FollowerState
2019-06-14 04:04:40,581 INFO  util.JmxRegister (JmxRegister.java:tryRegister(44)) - Successfully registered JMX Bean with object name Ratis:service=RaftServer,group=group-78E3CBB8F4D1,id=bb51ab34-1cd5-40ed-bfa1-70974f06734e
2019-06-14 04:04:40,592 INFO  pipeline.PipelineStateManager (PipelineStateManager.java:addPipeline(56)) - Created pipeline Pipeline[ Id: 44f08ffd-8ad0-4adf-b63b-78e3cbb8f4d1, Nodes: ebe43abf-51ff-4281-a8ab-48c87ea49983{ip: 192.168.134.126, host: ozone-959hs-545290369, networkLocation: /default-rack, certSerialId: null}2c6f7b62-494e-40d7-8988-716c5dfcf83e{ip: 192.168.134.126, host: ozone-959hs-545290369, networkLocation: /default-rack, certSerialId: null}bb51ab34-1cd5-40ed-bfa1-70974f06734e{ip: 192.168.134.126, host: ozone-959hs-545290369, networkLocation: /default-rack, certSerialId: null}, Type:RATIS, Factor:THREE, State:OPEN]
2019-06-14 04:04:40,608 INFO  node.SCMNodeManager (SCMNodeManager.java:register(234)) - Registered Data node : 98cc486b-e865-4987-9d95-faa8b12f466b{ip: 192.168.134.126, host: ozone-959hs-545290369, networkLocation: /default-rack, certSerialId: null}
2019-06-14 04:04:40,620 INFO  impl.RaftServerProxy (RaftServerProxy.java:addNew(89)) - 98cc486b-e865-4987-9d95-faa8b12f466b: addNew group-72B02A0D4F50:[98cc486b-e865-4987-9d95-faa8b12f466b:192.168.134.126:41755] returns group-72B02A0D4F50:java.util.concurrent.CompletableFuture@56bfc670[Not completed]
2019-06-14 04:04:40,622 INFO  impl.RaftServerImpl (RaftServerImpl.java:<init>(91)) - 98cc486b-e865-4987-9d95-faa8b12f466b: new RaftServerImpl for group-72B02A0D4F50:[98cc486b-e865-4987-9d95-faa8b12f466b:192.168.134.126:41755] with ContainerStateMachine:uninitialized
2019-06-14 04:04:40,622 INFO  server.RaftServerConfigKeys (ConfUtils.java:logGet(43)) - raft.server.rpc.timeout.min = 1s (custom)
2019-06-14 04:04:40,622 INFO  server.RaftServerConfigKeys (ConfUtils.java:logGet(43)) - raft.server.rpc.timeout.max = 1200ms (custom)
2019-06-14 04:04:40,622 INFO  server.RaftServerConfigKeys (ConfUtils.java:logGet(43)) - raft.server.rpcslowness.timeout = 10s (custom)
2019-06-14 04:04:40,622 INFO  server.RaftServerConfigKeys (ConfUtils.java:logGet(43)) - raft.server.log.appender.install.snapshot.enabled = true (default)
2019-06-14 04:04:40,623 INFO  impl.RaftServerImpl (ServerState.java:<init>(101)) - 98cc486b-e865-4987-9d95-faa8b12f466b:group-72B02A0D4F50 ConfigurationManager, init=-1: [98cc486b-e865-4987-9d95-faa8b12f466b:192.168.134.126:41755], old=null, confs=<EMPTY_MAP>
2019-06-14 04:04:40,623 INFO  server.RaftServerConfigKeys (ConfUtils.java:logGet(43)) - raft.server.storage.dir = [/opt/src/hadoop-ozone/integration-test/target/test-dir/MiniOzoneClusterImpl-2263e50c-b32d-47e6-a1c1-e956578d9fe8/datanode-4/data/ratis] (custom)
2019-06-14 04:04:40,623 INFO  storage.RaftStorageDirectory (RaftStorageDirectory.java:analyzeStorage(246)) - The storage directory /opt/src/hadoop-ozone/integration-test/target/test-dir/MiniOzoneClusterImpl-2263e50c-b32d-47e6-a1c1-e956578d9fe8/datanode-4/data/ratis/1266d97c-e213-4473-b527-72b02a0d4f50 does not exist. Creating ...
2019-06-14 04:04:40,625 INFO  storage.RaftStorageDirectory (RaftStorageDirectory.java:tryLock(328)) - Lock on /opt/src/hadoop-ozone/integration-test/target/test-dir/MiniOzoneClusterImpl-2263e50c-b32d-47e6-a1c1-e956578d9fe8/datanode-4/data/ratis/1266d97c-e213-4473-b527-72b02a0d4f50/in_use.lock acquired by nodename 10091@ozone-959hs-545290369
2019-06-14 04:04:40,627 INFO  storage.RaftStorage (RaftStorage.java:format(75)) - Storage directory /opt/src/hadoop-ozone/integration-test/target/test-dir/MiniOzoneClusterImpl-2263e50c-b32d-47e6-a1c1-e956578d9fe8/datanode-4/data/ratis/1266d97c-e213-4473-b527-72b02a0d4f50 has been successfully formatted.
2019-06-14 04:04:40,627 INFO  ratis.ContainerStateMachine (ContainerStateMachine.java:loadSnapshot(199)) - The snapshot info is null.Setting the last applied index to:(t:0, i:~)
2019-06-14 04:04:40,627 INFO  server.RaftServerConfigKeys (ConfUtils.java:logGet(43)) - raft.server.leader.election.timeout = 10s (custom)
2019-06-14 04:04:40,628 INFO  server.RaftServerConfigKeys (ConfUtils.java:logGet(43)) - raft.server.log.use.memory = false (default)
2019-06-14 04:04:40,628 INFO  server.RaftServerConfigKeys (ConfUtils.java:logGet(43)) - raft.server.log.appender.buffer.byte-limit = 33554432 (custom)
2019-06-14 04:04:40,628 INFO  server.RaftServerConfigKeys (ConfUtils.java:logGet(43)) - raft.server.log.segment.size.max = 16384 (custom)
2019-06-14 04:04:40,628 INFO  server.RaftServerConfigKeys (ConfUtils.java:logGet(43)) - raft.server.log.segment.cache.num.max = 2 (custom)
2019-06-14 04:04:40,628 INFO  storage.RaftLogWorker (RaftLogWorker.java:<init>(123)) - new 98cc486b-e865-4987-9d95-faa8b12f466b-RaftLogWorker for Storage Directory /opt/src/hadoop-ozone/integration-test/target/test-dir/MiniOzoneClusterImpl-2263e50c-b32d-47e6-a1c1-e956578d9fe8/datanode-4/data/ratis/1266d97c-e213-4473-b527-72b02a0d4f50
2019-06-14 04:04:40,628 INFO  server.RaftServerConfigKeys (ConfUtils.java:logGet(43)) - raft.server.log.queue.byte-limit = 2147483647 (custom)
2019-06-14 04:04:40,628 INFO  server.RaftServerConfigKeys (ConfUtils.java:logGet(43)) - raft.server.log.queue.element-limit = 1024 (custom)
2019-06-14 04:04:40,628 INFO  server.RaftServerConfigKeys (ConfUtils.java:logGet(43)) - raft.server.log.segment.size.max = 16384 (custom)
2019-06-14 04:04:40,628 INFO  server.RaftServerConfigKeys (ConfUtils.java:logGet(43)) - raft.server.log.preallocated.size = 16384 (custom)
2019-06-14 04:04:40,628 INFO  server.RaftServerConfigKeys (ConfUtils.java:logGet(43)) - raft.server.log.write.buffer.size = 33554432 (custom)
2019-06-14 04:04:40,628 INFO  server.RaftServerConfigKeys (ConfUtils.java:logGet(43)) - raft.server.log.force.sync.num = 128 (default)
2019-06-14 04:04:40,628 INFO  server.RaftServerConfigKeys (ConfUtils.java:logGet(43)) - raft.server.log.statemachine.data.sync = true (default)
2019-06-14 04:04:40,628 INFO  server.RaftServerConfigKeys (ConfUtils.java:logGet(43)) - raft.server.log.statemachine.data.sync.timeout = 10s (default)
2019-06-14 04:04:40,629 INFO  server.RaftServerConfigKeys (ConfUtils.java:logGet(43)) - raft.server.log.statemachine.data.sync.timeout.retry = -1 (default)
2019-06-14 04:04:40,629 INFO  server.RaftServerConfigKeys (ConfUtils.java:logGet(43)) - raft.server.log.statemachine.data.caching.enabled = true (custom)
2019-06-14 04:04:40,629 INFO  server.RaftServerConfigKeys (ConfUtils.java:logGet(43)) - raft.server.snapshot.auto.trigger.enabled = true (custom)
2019-06-14 04:04:40,629 INFO  server.RaftServerConfigKeys (ConfUtils.java:logGet(43)) - raft.server.snapshot.auto.trigger.threshold = 10000 (custom)
2019-06-14 04:04:40,629 INFO  server.RaftServerConfigKeys (ConfUtils.java:logGet(43)) - raft.server.retrycache.expirytime = 600000ms (custom)
2019-06-14 04:04:40,629 INFO  impl.RaftServerImpl (RaftServerImpl.java:start(173)) - 98cc486b-e865-4987-9d95-faa8b12f466b: start group-72B02A0D4F50
2019-06-14 04:04:40,629 INFO  impl.RaftServerImpl (RaftServerImpl.java:setRole(164)) - 98cc486b-e865-4987-9d95-faa8b12f466b:group-72B02A0D4F50 changes role from null to FOLLOWER at term 0 for startAsFollower
2019-06-14 04:04:40,629 INFO  impl.RoleInfo (RoleInfo.java:updateAndGet(143)) - 98cc486b-e865-4987-9d95-faa8b12f466b: start FollowerState
2019-06-14 04:04:40,630 INFO  util.JmxRegister (JmxRegister.java:tryRegister(44)) - Successfully registered JMX Bean with object name Ratis:service=RaftServer,group=group-72B02A0D4F50,id=98cc486b-e865-4987-9d95-faa8b12f466b
2019-06-14 04:04:40,635 INFO  pipeline.PipelineStateManager (PipelineStateManager.java:addPipeline(56)) - Created pipeline Pipeline[ Id: 1266d97c-e213-4473-b527-72b02a0d4f50, Nodes: 98cc486b-e865-4987-9d95-faa8b12f466b{ip: 192.168.134.126, host: ozone-959hs-545290369, networkLocation: /default-rack, certSerialId: null}, Type:RATIS, Factor:ONE, State:OPEN]
2019-06-14 04:04:40,783 INFO  ozone.MiniOzoneClusterImpl (MiniOzoneClusterImpl.java:lambda$waitForClusterToBeReady$0(142)) - Waiting for cluster to be ready. Got 5 of 6 DN Heartbeats.
2019-06-14 04:04:40,791 INFO  node.SCMNodeManager (SCMNodeManager.java:register(234)) - Registered Data node : 2711f8bd-00e0-451f-8852-97e69caf902a{ip: 192.168.134.126, host: ozone-959hs-545290369, networkLocation: /default-rack, certSerialId: null}
2019-06-14 04:04:40,802 INFO  impl.RaftServerProxy (RaftServerProxy.java:addNew(89)) - 2711f8bd-00e0-451f-8852-97e69caf902a: addNew group-8A3E15B328C2:[2711f8bd-00e0-451f-8852-97e69caf902a:192.168.134.126:35507] returns group-8A3E15B328C2:java.util.concurrent.CompletableFuture@15457d24[Not completed]
2019-06-14 04:04:40,803 INFO  impl.RaftServerImpl (RaftServerImpl.java:<init>(91)) - 2711f8bd-00e0-451f-8852-97e69caf902a: new RaftServerImpl for group-8A3E15B328C2:[2711f8bd-00e0-451f-8852-97e69caf902a:192.168.134.126:35507] with ContainerStateMachine:uninitialized
2019-06-14 04:04:40,803 INFO  server.RaftServerConfigKeys (ConfUtils.java:logGet(43)) - raft.server.rpc.timeout.min = 1s (custom)
2019-06-14 04:04:40,803 INFO  server.RaftServerConfigKeys (ConfUtils.java:logGet(43)) - raft.server.rpc.timeout.max = 1200ms (custom)
2019-06-14 04:04:40,803 INFO  server.RaftServerConfigKeys (ConfUtils.java:logGet(43)) - raft.server.rpcslowness.timeout = 10s (custom)
2019-06-14 04:04:40,803 INFO  server.RaftServerConfigKeys (ConfUtils.java:logGet(43)) - raft.server.log.appender.install.snapshot.enabled = true (default)
2019-06-14 04:04:40,803 INFO  impl.RaftServerImpl (ServerState.java:<init>(101)) - 2711f8bd-00e0-451f-8852-97e69caf902a:group-8A3E15B328C2 ConfigurationManager, init=-1: [2711f8bd-00e0-451f-8852-97e69caf902a:192.168.134.126:35507], old=null, confs=<EMPTY_MAP>
2019-06-14 04:04:40,804 INFO  server.RaftServerConfigKeys (ConfUtils.java:logGet(43)) - raft.server.storage.dir = [/opt/src/hadoop-ozone/integration-test/target/test-dir/MiniOzoneClusterImpl-2263e50c-b32d-47e6-a1c1-e956578d9fe8/datanode-5/data/ratis] (custom)
2019-06-14 04:04:40,804 INFO  storage.RaftStorageDirectory (RaftStorageDirectory.java:analyzeStorage(246)) - The storage directory /opt/src/hadoop-ozone/integration-test/target/test-dir/MiniOzoneClusterImpl-2263e50c-b32d-47e6-a1c1-e956578d9fe8/datanode-5/data/ratis/bd0e1f05-51e7-44b8-8bbf-8a3e15b328c2 does not exist. Creating ...
2019-06-14 04:04:40,806 INFO  storage.RaftStorageDirectory (RaftStorageDirectory.java:tryLock(328)) - Lock on /opt/src/hadoop-ozone/integration-test/target/test-dir/MiniOzoneClusterImpl-2263e50c-b32d-47e6-a1c1-e956578d9fe8/datanode-5/data/ratis/bd0e1f05-51e7-44b8-8bbf-8a3e15b328c2/in_use.lock acquired by nodename 10091@ozone-959hs-545290369
2019-06-14 04:04:40,808 INFO  storage.RaftStorage (RaftStorage.java:format(75)) - Storage directory /opt/src/hadoop-ozone/integration-test/target/test-dir/MiniOzoneClusterImpl-2263e50c-b32d-47e6-a1c1-e956578d9fe8/datanode-5/data/ratis/bd0e1f05-51e7-44b8-8bbf-8a3e15b328c2 has been successfully formatted.
2019-06-14 04:04:40,808 INFO  ratis.ContainerStateMachine (ContainerStateMachine.java:loadSnapshot(199)) - The snapshot info is null.Setting the last applied index to:(t:0, i:~)
2019-06-14 04:04:40,808 INFO  server.RaftServerConfigKeys (ConfUtils.java:logGet(43)) - raft.server.leader.election.timeout = 10s (custom)
2019-06-14 04:04:40,808 INFO  server.RaftServerConfigKeys (ConfUtils.java:logGet(43)) - raft.server.log.use.memory = false (default)
2019-06-14 04:04:40,808 INFO  server.RaftServerConfigKeys (ConfUtils.java:logGet(43)) - raft.server.log.appender.buffer.byte-limit = 33554432 (custom)
2019-06-14 04:04:40,809 INFO  server.RaftServerConfigKeys (ConfUtils.java:logGet(43)) - raft.server.log.segment.size.max = 16384 (custom)
2019-06-14 04:04:40,809 INFO  server.RaftServerConfigKeys (ConfUtils.java:logGet(43)) - raft.server.log.segment.cache.num.max = 2 (custom)
2019-06-14 04:04:40,809 INFO  storage.RaftLogWorker (RaftLogWorker.java:<init>(123)) - new 2711f8bd-00e0-451f-8852-97e69caf902a-RaftLogWorker for Storage Directory /opt/src/hadoop-ozone/integration-test/target/test-dir/MiniOzoneClusterImpl-2263e50c-b32d-47e6-a1c1-e956578d9fe8/datanode-5/data/ratis/bd0e1f05-51e7-44b8-8bbf-8a3e15b328c2
2019-06-14 04:04:40,809 INFO  server.RaftServerConfigKeys (ConfUtils.java:logGet(43)) - raft.server.log.queue.byte-limit = 2147483647 (custom)
2019-06-14 04:04:40,809 INFO  server.RaftServerConfigKeys (ConfUtils.java:logGet(43)) - raft.server.log.queue.element-limit = 1024 (custom)
2019-06-14 04:04:40,809 INFO  server.RaftServerConfigKeys (ConfUtils.java:logGet(43)) - raft.server.log.segment.size.max = 16384 (custom)
2019-06-14 04:04:40,809 INFO  server.RaftServerConfigKeys (ConfUtils.java:logGet(43)) - raft.server.log.preallocated.size = 16384 (custom)
2019-06-14 04:04:40,809 INFO  server.RaftServerConfigKeys (ConfUtils.java:logGet(43)) - raft.server.log.write.buffer.size = 33554432 (custom)
2019-06-14 04:04:40,809 INFO  server.RaftServerConfigKeys (ConfUtils.java:logGet(43)) - raft.server.log.force.sync.num = 128 (default)
2019-06-14 04:04:40,809 INFO  server.RaftServerConfigKeys (ConfUtils.java:logGet(43)) - raft.server.log.statemachine.data.sync = true (default)
2019-06-14 04:04:40,809 INFO  server.RaftServerConfigKeys (ConfUtils.java:logGet(43)) - raft.server.log.statemachine.data.sync.timeout = 10s (default)
2019-06-14 04:04:40,809 INFO  server.RaftServerConfigKeys (ConfUtils.java:logGet(43)) - raft.server.log.statemachine.data.sync.timeout.retry = -1 (default)
2019-06-14 04:04:40,809 INFO  server.RaftServerConfigKeys (ConfUtils.java:logGet(43)) - raft.server.log.statemachine.data.caching.enabled = true (custom)
2019-06-14 04:04:40,810 INFO  server.RaftServerConfigKeys (ConfUtils.java:logGet(43)) - raft.server.snapshot.auto.trigger.enabled = true (custom)
2019-06-14 04:04:40,810 INFO  server.RaftServerConfigKeys (ConfUtils.java:logGet(43)) - raft.server.snapshot.auto.trigger.threshold = 10000 (custom)
2019-06-14 04:04:40,810 INFO  server.RaftServerConfigKeys (ConfUtils.java:logGet(43)) - raft.server.retrycache.expirytime = 600000ms (custom)
2019-06-14 04:04:40,810 INFO  impl.RaftServerImpl (RaftServerImpl.java:start(173)) - 2711f8bd-00e0-451f-8852-97e69caf902a: start group-8A3E15B328C2
2019-06-14 04:04:40,810 INFO  impl.RaftServerImpl (RaftServerImpl.java:setRole(164)) - 2711f8bd-00e0-451f-8852-97e69caf902a:group-8A3E15B328C2 changes role from null to FOLLOWER at term 0 for startAsFollower
2019-06-14 04:04:40,810 INFO  impl.RoleInfo (RoleInfo.java:updateAndGet(143)) - 2711f8bd-00e0-451f-8852-97e69caf902a: start FollowerState
2019-06-14 04:04:40,811 INFO  util.JmxRegister (JmxRegister.java:tryRegister(44)) - Successfully registered JMX Bean with object name Ratis:service=RaftServer,group=group-8A3E15B328C2,id=2711f8bd-00e0-451f-8852-97e69caf902a
2019-06-14 04:04:40,816 INFO  pipeline.PipelineStateManager (PipelineStateManager.java:addPipeline(56)) - Created pipeline Pipeline[ Id: bd0e1f05-51e7-44b8-8bbf-8a3e15b328c2, Nodes: 2711f8bd-00e0-451f-8852-97e69caf902a{ip: 192.168.134.126, host: ozone-959hs-545290369, networkLocation: /default-rack, certSerialId: null}, Type:RATIS, Factor:ONE, State:OPEN]
2019-06-14 04:04:40,832 INFO  impl.RaftServerProxy (RaftServerProxy.java:addNew(89)) - 98cc486b-e865-4987-9d95-faa8b12f466b: addNew group-9BB8EAE46352:[98cc486b-e865-4987-9d95-faa8b12f466b:192.168.134.126:41755, 2711f8bd-00e0-451f-8852-97e69caf902a:192.168.134.126:35507, 7f15c229-7f67-4abf-9b87-49f64d217163:192.168.134.126:43933] returns group-9BB8EAE46352:java.util.concurrent.CompletableFuture@2926633[Not completed]
2019-06-14 04:04:40,833 INFO  impl.RaftServerProxy (RaftServerProxy.java:addNew(89)) - 7f15c229-7f67-4abf-9b87-49f64d217163: addNew group-9BB8EAE46352:[98cc486b-e865-4987-9d95-faa8b12f466b:192.168.134.126:41755, 2711f8bd-00e0-451f-8852-97e69caf902a:192.168.134.126:35507, 7f15c229-7f67-4abf-9b87-49f64d217163:192.168.134.126:43933] returns group-9BB8EAE46352:java.util.concurrent.CompletableFuture@7212fe2b[Not completed]
2019-06-14 04:04:40,834 INFO  impl.RaftServerProxy (RaftServerProxy.java:addNew(89)) - 2711f8bd-00e0-451f-8852-97e69caf902a: addNew group-9BB8EAE46352:[98cc486b-e865-4987-9d95-faa8b12f466b:192.168.134.126:41755, 2711f8bd-00e0-451f-8852-97e69caf902a:192.168.134.126:35507, 7f15c229-7f67-4abf-9b87-49f64d217163:192.168.134.126:43933] returns group-9BB8EAE46352:java.util.concurrent.CompletableFuture@37fbcac7[Not completed]
2019-06-14 04:04:40,834 INFO  impl.RaftServerImpl (RaftServerImpl.java:<init>(91)) - 98cc486b-e865-4987-9d95-faa8b12f466b: new RaftServerImpl for group-9BB8EAE46352:[98cc486b-e865-4987-9d95-faa8b12f466b:192.168.134.126:41755, 2711f8bd-00e0-451f-8852-97e69caf902a:192.168.134.126:35507, 7f15c229-7f67-4abf-9b87-49f64d217163:192.168.134.126:43933] with ContainerStateMachine:uninitialized
2019-06-14 04:04:40,834 INFO  server.RaftServerConfigKeys (ConfUtils.java:logGet(43)) - raft.server.rpc.timeout.min = 1s (custom)
2019-06-14 04:04:40,834 INFO  server.RaftServerConfigKeys (ConfUtils.java:logGet(43)) - raft.server.rpc.timeout.max = 1200ms (custom)
2019-06-14 04:04:40,834 INFO  server.RaftServerConfigKeys (ConfUtils.java:logGet(43)) - raft.server.rpcslowness.timeout = 10s (custom)
2019-06-14 04:04:40,834 INFO  server.RaftServerConfigKeys (ConfUtils.java:logGet(43)) - raft.server.log.appender.install.snapshot.enabled = true (default)
2019-06-14 04:04:40,835 INFO  impl.RaftServerImpl (ServerState.java:<init>(101)) - 98cc486b-e865-4987-9d95-faa8b12f466b:group-9BB8EAE46352 ConfigurationManager, init=-1: [98cc486b-e865-4987-9d95-faa8b12f466b:192.168.134.126:41755, 2711f8bd-00e0-451f-8852-97e69caf902a:192.168.134.126:35507, 7f15c229-7f67-4abf-9b87-49f64d217163:192.168.134.126:43933], old=null, confs=<EMPTY_MAP>
2019-06-14 04:04:40,835 INFO  server.RaftServerConfigKeys (ConfUtils.java:logGet(43)) - raft.server.storage.dir = [/opt/src/hadoop-ozone/integration-test/target/test-dir/MiniOzoneClusterImpl-2263e50c-b32d-47e6-a1c1-e956578d9fe8/datanode-4/data/ratis] (custom)
2019-06-14 04:04:40,835 INFO  impl.RaftServerImpl (RaftServerImpl.java:<init>(91)) - 7f15c229-7f67-4abf-9b87-49f64d217163: new RaftServerImpl for group-9BB8EAE46352:[98cc486b-e865-4987-9d95-faa8b12f466b:192.168.134.126:41755, 2711f8bd-00e0-451f-8852-97e69caf902a:192.168.134.126:35507, 7f15c229-7f67-4abf-9b87-49f64d217163:192.168.134.126:43933] with ContainerStateMachine:uninitialized
2019-06-14 04:04:40,835 INFO  storage.RaftStorageDirectory (RaftStorageDirectory.java:analyzeStorage(246)) - The storage directory /opt/src/hadoop-ozone/integration-test/target/test-dir/MiniOzoneClusterImpl-2263e50c-b32d-47e6-a1c1-e956578d9fe8/datanode-4/data/ratis/95000e67-78af-4127-9bfa-9bb8eae46352 does not exist. Creating ...
2019-06-14 04:04:40,835 INFO  impl.RaftServerImpl (RaftServerImpl.java:<init>(91)) - 2711f8bd-00e0-451f-8852-97e69caf902a: new RaftServerImpl for group-9BB8EAE46352:[98cc486b-e865-4987-9d95-faa8b12f466b:192.168.134.126:41755, 2711f8bd-00e0-451f-8852-97e69caf902a:192.168.134.126:35507, 7f15c229-7f67-4abf-9b87-49f64d217163:192.168.134.126:43933] with ContainerStateMachine:uninitialized
2019-06-14 04:04:40,835 INFO  server.RaftServerConfigKeys (ConfUtils.java:logGet(43)) - raft.server.rpc.timeout.min = 1s (custom)
2019-06-14 04:04:40,835 INFO  server.RaftServerConfigKeys (ConfUtils.java:logGet(43)) - raft.server.rpc.timeout.max = 1200ms (custom)
2019-06-14 04:04:40,835 INFO  server.RaftServerConfigKeys (ConfUtils.java:logGet(43)) - raft.server.rpc.timeout.min = 1s (custom)
2019-06-14 04:04:40,835 INFO  server.RaftServerConfigKeys (ConfUtils.java:logGet(43)) - raft.server.rpc.timeout.max = 1200ms (custom)
2019-06-14 04:04:40,835 INFO  server.RaftServerConfigKeys (ConfUtils.java:logGet(43)) - raft.server.rpcslowness.timeout = 10s (custom)
2019-06-14 04:04:40,835 INFO  server.RaftServerConfigKeys (ConfUtils.java:logGet(43)) - raft.server.log.appender.install.snapshot.enabled = true (default)
2019-06-14 04:04:40,836 INFO  impl.RaftServerImpl (ServerState.java:<init>(101)) - 7f15c229-7f67-4abf-9b87-49f64d217163:group-9BB8EAE46352 ConfigurationManager, init=-1: [98cc486b-e865-4987-9d95-faa8b12f466b:192.168.134.126:41755, 2711f8bd-00e0-451f-8852-97e69caf902a:192.168.134.126:35507, 7f15c229-7f67-4abf-9b87-49f64d217163:192.168.134.126:43933], old=null, confs=<EMPTY_MAP>
2019-06-14 04:04:40,836 INFO  server.RaftServerConfigKeys (ConfUtils.java:logGet(43)) - raft.server.storage.dir = [/opt/src/hadoop-ozone/integration-test/target/test-dir/MiniOzoneClusterImpl-2263e50c-b32d-47e6-a1c1-e956578d9fe8/datanode-1/data/ratis] (custom)
2019-06-14 04:04:40,836 INFO  storage.RaftStorageDirectory (RaftStorageDirectory.java:analyzeStorage(246)) - The storage directory /opt/src/hadoop-ozone/integration-test/target/test-dir/MiniOzoneClusterImpl-2263e50c-b32d-47e6-a1c1-e956578d9fe8/datanode-1/data/ratis/95000e67-78af-4127-9bfa-9bb8eae46352 does not exist. Creating ...
2019-06-14 04:04:40,836 INFO  server.RaftServerConfigKeys (ConfUtils.java:logGet(43)) - raft.server.rpcslowness.timeout = 10s (custom)
2019-06-14 04:04:40,836 INFO  server.RaftServerConfigKeys (ConfUtils.java:logGet(43)) - raft.server.log.appender.install.snapshot.enabled = true (default)
2019-06-14 04:04:40,836 INFO  impl.RaftServerImpl (ServerState.java:<init>(101)) - 2711f8bd-00e0-451f-8852-97e69caf902a:group-9BB8EAE46352 ConfigurationManager, init=-1: [98cc486b-e865-4987-9d95-faa8b12f466b:192.168.134.126:41755, 2711f8bd-00e0-451f-8852-97e69caf902a:192.168.134.126:35507, 7f15c229-7f67-4abf-9b87-49f64d217163:192.168.134.126:43933], old=null, confs=<EMPTY_MAP>
2019-06-14 04:04:40,836 INFO  server.RaftServerConfigKeys (ConfUtils.java:logGet(43)) - raft.server.storage.dir = [/opt/src/hadoop-ozone/integration-test/target/test-dir/MiniOzoneClusterImpl-2263e50c-b32d-47e6-a1c1-e956578d9fe8/datanode-5/data/ratis] (custom)
2019-06-14 04:04:40,836 INFO  storage.RaftStorageDirectory (RaftStorageDirectory.java:analyzeStorage(246)) - The storage directory /opt/src/hadoop-ozone/integration-test/target/test-dir/MiniOzoneClusterImpl-2263e50c-b32d-47e6-a1c1-e956578d9fe8/datanode-5/data/ratis/95000e67-78af-4127-9bfa-9bb8eae46352 does not exist. Creating ...
2019-06-14 04:04:40,837 INFO  storage.RaftStorageDirectory (RaftStorageDirectory.java:tryLock(328)) - Lock on /opt/src/hadoop-ozone/integration-test/target/test-dir/MiniOzoneClusterImpl-2263e50c-b32d-47e6-a1c1-e956578d9fe8/datanode-4/data/ratis/95000e67-78af-4127-9bfa-9bb8eae46352/in_use.lock acquired by nodename 10091@ozone-959hs-545290369
2019-06-14 04:04:40,838 INFO  storage.RaftStorageDirectory (RaftStorageDirectory.java:tryLock(328)) - Lock on /opt/src/hadoop-ozone/integration-test/target/test-dir/MiniOzoneClusterImpl-2263e50c-b32d-47e6-a1c1-e956578d9fe8/datanode-1/data/ratis/95000e67-78af-4127-9bfa-9bb8eae46352/in_use.lock acquired by nodename 10091@ozone-959hs-545290369
2019-06-14 04:04:40,840 INFO  storage.RaftStorageDirectory (RaftStorageDirectory.java:tryLock(328)) - Lock on /opt/src/hadoop-ozone/integration-test/target/test-dir/MiniOzoneClusterImpl-2263e50c-b32d-47e6-a1c1-e956578d9fe8/datanode-5/data/ratis/95000e67-78af-4127-9bfa-9bb8eae46352/in_use.lock acquired by nodename 10091@ozone-959hs-545290369
2019-06-14 04:04:40,840 INFO  storage.RaftStorage (RaftStorage.java:format(75)) - Storage directory /opt/src/hadoop-ozone/integration-test/target/test-dir/MiniOzoneClusterImpl-2263e50c-b32d-47e6-a1c1-e956578d9fe8/datanode-4/data/ratis/95000e67-78af-4127-9bfa-9bb8eae46352 has been successfully formatted.
2019-06-14 04:04:40,840 INFO  ratis.ContainerStateMachine (ContainerStateMachine.java:loadSnapshot(199)) - The snapshot info is null.Setting the last applied index to:(t:0, i:~)
2019-06-14 04:04:40,840 INFO  server.RaftServerConfigKeys (ConfUtils.java:logGet(43)) - raft.server.leader.election.timeout = 10s (custom)
2019-06-14 04:04:40,840 INFO  server.RaftServerConfigKeys (ConfUtils.java:logGet(43)) - raft.server.log.use.memory = false (default)
2019-06-14 04:04:40,840 INFO  server.RaftServerConfigKeys (ConfUtils.java:logGet(43)) - raft.server.log.appender.buffer.byte-limit = 33554432 (custom)
2019-06-14 04:04:40,841 INFO  server.RaftServerConfigKeys (ConfUtils.java:logGet(43)) - raft.server.log.segment.size.max = 16384 (custom)
2019-06-14 04:04:40,841 INFO  server.RaftServerConfigKeys (ConfUtils.java:logGet(43)) - raft.server.log.segment.cache.num.max = 2 (custom)
2019-06-14 04:04:40,841 INFO  storage.RaftLogWorker (RaftLogWorker.java:<init>(123)) - new 98cc486b-e865-4987-9d95-faa8b12f466b-RaftLogWorker for Storage Directory /opt/src/hadoop-ozone/integration-test/target/test-dir/MiniOzoneClusterImpl-2263e50c-b32d-47e6-a1c1-e956578d9fe8/datanode-4/data/ratis/95000e67-78af-4127-9bfa-9bb8eae46352
2019-06-14 04:04:40,841 INFO  server.RaftServerConfigKeys (ConfUtils.java:logGet(43)) - raft.server.log.queue.byte-limit = 2147483647 (custom)
2019-06-14 04:04:40,841 INFO  server.RaftServerConfigKeys (ConfUtils.java:logGet(43)) - raft.server.log.queue.element-limit = 1024 (custom)
2019-06-14 04:04:40,841 INFO  server.RaftServerConfigKeys (ConfUtils.java:logGet(43)) - raft.server.log.segment.size.max = 16384 (custom)
2019-06-14 04:04:40,841 INFO  server.RaftServerConfigKeys (ConfUtils.java:logGet(43)) - raft.server.log.preallocated.size = 16384 (custom)
2019-06-14 04:04:40,841 INFO  server.RaftServerConfigKeys (ConfUtils.java:logGet(43)) - raft.server.log.write.buffer.size = 33554432 (custom)
2019-06-14 04:04:40,841 INFO  server.RaftServerConfigKeys (ConfUtils.java:logGet(43)) - raft.server.log.force.sync.num = 128 (default)
2019-06-14 04:04:40,841 INFO  server.RaftServerConfigKeys (ConfUtils.java:logGet(43)) - raft.server.log.statemachine.data.sync = true (default)
2019-06-14 04:04:40,841 INFO  server.RaftServerConfigKeys (ConfUtils.java:logGet(43)) - raft.server.log.statemachine.data.sync.timeout = 10s (default)
2019-06-14 04:04:40,841 INFO  storage.RaftStorage (RaftStorage.java:format(75)) - Storage directory /opt/src/hadoop-ozone/integration-test/target/test-dir/MiniOzoneClusterImpl-2263e50c-b32d-47e6-a1c1-e956578d9fe8/datanode-1/data/ratis/95000e67-78af-4127-9bfa-9bb8eae46352 has been successfully formatted.
2019-06-14 04:04:40,841 INFO  server.RaftServerConfigKeys (ConfUtils.java:logGet(43)) - raft.server.log.statemachine.data.sync.timeout.retry = -1 (default)
2019-06-14 04:04:40,842 INFO  ratis.ContainerStateMachine (ContainerStateMachine.java:loadSnapshot(199)) - The snapshot info is null.Setting the last applied index to:(t:0, i:~)
2019-06-14 04:04:40,842 INFO  server.RaftServerConfigKeys (ConfUtils.java:logGet(43)) - raft.server.log.statemachine.data.caching.enabled = true (custom)
2019-06-14 04:04:40,842 INFO  server.RaftServerConfigKeys (ConfUtils.java:logGet(43)) - raft.server.leader.election.timeout = 10s (custom)
2019-06-14 04:04:40,842 INFO  server.RaftServerConfigKeys (ConfUtils.java:logGet(43)) - raft.server.log.use.memory = false (default)
2019-06-14 04:04:40,842 INFO  server.RaftServerConfigKeys (ConfUtils.java:logGet(43)) - raft.server.log.appender.buffer.byte-limit = 33554432 (custom)
2019-06-14 04:04:40,842 INFO  server.RaftServerConfigKeys (ConfUtils.java:logGet(43)) - raft.server.log.segment.size.max = 16384 (custom)
2019-06-14 04:04:40,842 INFO  server.RaftServerConfigKeys (ConfUtils.java:logGet(43)) - raft.server.log.segment.cache.num.max = 2 (custom)
2019-06-14 04:04:40,842 INFO  storage.RaftLogWorker (RaftLogWorker.java:<init>(123)) - new 7f15c229-7f67-4abf-9b87-49f64d217163-RaftLogWorker for Storage Directory /opt/src/hadoop-ozone/integration-test/target/test-dir/MiniOzoneClusterImpl-2263e50c-b32d-47e6-a1c1-e956578d9fe8/datanode-1/data/ratis/95000e67-78af-4127-9bfa-9bb8eae46352
2019-06-14 04:04:40,842 INFO  server.RaftServerConfigKeys (ConfUtils.java:logGet(43)) - raft.server.log.queue.byte-limit = 2147483647 (custom)
2019-06-14 04:04:40,843 INFO  server.RaftServerConfigKeys (ConfUtils.java:logGet(43)) - raft.server.log.queue.element-limit = 1024 (custom)
2019-06-14 04:04:40,843 INFO  server.RaftServerConfigKeys (ConfUtils.java:logGet(43)) - raft.server.log.segment.size.max = 16384 (custom)
2019-06-14 04:04:40,843 INFO  server.RaftServerConfigKeys (ConfUtils.java:logGet(43)) - raft.server.log.preallocated.size = 16384 (custom)
2019-06-14 04:04:40,843 INFO  storage.RaftStorage (RaftStorage.java:format(75)) - Storage directory /opt/src/hadoop-ozone/integration-test/target/test-dir/MiniOzoneClusterImpl-2263e50c-b32d-47e6-a1c1-e956578d9fe8/datanode-5/data/ratis/95000e67-78af-4127-9bfa-9bb8eae46352 has been successfully formatted.
2019-06-14 04:04:40,843 INFO  server.RaftServerConfigKeys (ConfUtils.java:logGet(43)) - raft.server.log.write.buffer.size = 33554432 (custom)
2019-06-14 04:04:40,843 INFO  ratis.ContainerStateMachine (ContainerStateMachine.java:loadSnapshot(199)) - The snapshot info is null.Setting the last applied index to:(t:0, i:~)
2019-06-14 04:04:40,843 INFO  server.RaftServerConfigKeys (ConfUtils.java:logGet(43)) - raft.server.snapshot.auto.trigger.enabled = true (custom)
2019-06-14 04:04:40,843 INFO  server.RaftServerConfigKeys (ConfUtils.java:logGet(43)) - raft.server.leader.election.timeout = 10s (custom)
2019-06-14 04:04:40,843 INFO  server.RaftServerConfigKeys (ConfUtils.java:logGet(43)) - raft.server.log.force.sync.num = 128 (default)
2019-06-14 04:04:40,843 INFO  server.RaftServerConfigKeys (ConfUtils.java:logGet(43)) - raft.server.log.use.memory = false (default)
2019-06-14 04:04:40,843 INFO  server.RaftServerConfigKeys (ConfUtils.java:logGet(43)) - raft.server.snapshot.auto.trigger.threshold = 10000 (custom)
2019-06-14 04:04:40,843 INFO  server.RaftServerConfigKeys (ConfUtils.java:logGet(43)) - raft.server.log.appender.buffer.byte-limit = 33554432 (custom)
2019-06-14 04:04:40,843 INFO  server.RaftServerConfigKeys (ConfUtils.java:logGet(43)) - raft.server.log.statemachine.data.sync = true (default)
2019-06-14 04:04:40,844 INFO  server.RaftServerConfigKeys (ConfUtils.java:logGet(43)) - raft.server.log.segment.size.max = 16384 (custom)
2019-06-14 04:04:40,844 INFO  server.RaftServerConfigKeys (ConfUtils.java:logGet(43)) - raft.server.retrycache.expirytime = 600000ms (custom)
2019-06-14 04:04:40,844 INFO  server.RaftServerConfigKeys (ConfUtils.java:logGet(43)) - raft.server.log.segment.cache.num.max = 2 (custom)
2019-06-14 04:04:40,844 INFO  server.RaftServerConfigKeys (ConfUtils.java:logGet(43)) - raft.server.log.statemachine.data.sync.timeout = 10s (default)
2019-06-14 04:04:40,844 INFO  storage.RaftLogWorker (RaftLogWorker.java:<init>(123)) - new 2711f8bd-00e0-451f-8852-97e69caf902a-RaftLogWorker for Storage Directory /opt/src/hadoop-ozone/integration-test/target/test-dir/MiniOzoneClusterImpl-2263e50c-b32d-47e6-a1c1-e956578d9fe8/datanode-5/data/ratis/95000e67-78af-4127-9bfa-9bb8eae46352
2019-06-14 04:04:40,844 INFO  impl.RaftServerImpl (RaftServerImpl.java:start(173)) - 98cc486b-e865-4987-9d95-faa8b12f466b: start group-9BB8EAE46352
2019-06-14 04:04:40,844 INFO  server.RaftServerConfigKeys (ConfUtils.java:logGet(43)) - raft.server.log.queue.byte-limit = 2147483647 (custom)
2019-06-14 04:04:40,844 INFO  server.RaftServerConfigKeys (ConfUtils.java:logGet(43)) - raft.server.log.statemachine.data.sync.timeout.retry = -1 (default)
2019-06-14 04:04:40,844 INFO  server.RaftServerConfigKeys (ConfUtils.java:logGet(43)) - raft.server.log.queue.element-limit = 1024 (custom)
2019-06-14 04:04:40,844 INFO  impl.RaftServerImpl (RaftServerImpl.java:setRole(164)) - 98cc486b-e865-4987-9d95-faa8b12f466b:group-9BB8EAE46352 changes role from null to FOLLOWER at term 0 for startAsFollower
2019-06-14 04:04:40,845 INFO  server.RaftServerConfigKeys (ConfUtils.java:logGet(43)) - raft.server.log.statemachine.data.caching.enabled = true (custom)
2019-06-14 04:04:40,845 INFO  server.RaftServerConfigKeys (ConfUtils.java:logGet(43)) - raft.server.log.segment.size.max = 16384 (custom)
2019-06-14 04:04:40,845 INFO  impl.RoleInfo (RoleInfo.java:updateAndGet(143)) - 98cc486b-e865-4987-9d95-faa8b12f466b: start FollowerState
2019-06-14 04:04:40,845 INFO  server.RaftServerConfigKeys (ConfUtils.java:logGet(43)) - raft.server.log.preallocated.size = 16384 (custom)
2019-06-14 04:04:40,845 INFO  server.RaftServerConfigKeys (ConfUtils.java:logGet(43)) - raft.server.log.write.buffer.size = 33554432 (custom)
2019-06-14 04:04:40,845 INFO  server.RaftServerConfigKeys (ConfUtils.java:logGet(43)) - raft.server.log.force.sync.num = 128 (default)
2019-06-14 04:04:40,845 INFO  server.RaftServerConfigKeys (ConfUtils.java:logGet(43)) - raft.server.log.statemachine.data.sync = true (default)
2019-06-14 04:04:40,845 INFO  server.RaftServerConfigKeys (ConfUtils.java:logGet(43)) - raft.server.log.statemachine.data.sync.timeout = 10s (default)
2019-06-14 04:04:40,846 INFO  server.RaftServerConfigKeys (ConfUtils.java:logGet(43)) - raft.server.log.statemachine.data.sync.timeout.retry = -1 (default)
2019-06-14 04:04:40,846 INFO  server.RaftServerConfigKeys (ConfUtils.java:logGet(43)) - raft.server.snapshot.auto.trigger.enabled = true (custom)
2019-06-14 04:04:40,846 INFO  server.RaftServerConfigKeys (ConfUtils.java:logGet(43)) - raft.server.log.statemachine.data.caching.enabled = true (custom)
2019-06-14 04:04:40,846 INFO  server.RaftServerConfigKeys (ConfUtils.java:logGet(43)) - raft.server.snapshot.auto.trigger.threshold = 10000 (custom)
2019-06-14 04:04:40,846 INFO  util.JmxRegister (JmxRegister.java:tryRegister(44)) - Successfully registered JMX Bean with object name Ratis:service=RaftServer,group=group-9BB8EAE46352,id=98cc486b-e865-4987-9d95-faa8b12f466b
2019-06-14 04:04:40,846 INFO  server.RaftServerConfigKeys (ConfUtils.java:logGet(43)) - raft.server.retrycache.expirytime = 600000ms (custom)
2019-06-14 04:04:40,847 INFO  impl.RaftServerImpl (RaftServerImpl.java:start(173)) - 7f15c229-7f67-4abf-9b87-49f64d217163: start group-9BB8EAE46352
2019-06-14 04:04:40,847 INFO  impl.RaftServerImpl (RaftServerImpl.java:setRole(164)) - 7f15c229-7f67-4abf-9b87-49f64d217163:group-9BB8EAE46352 changes role from null to FOLLOWER at term 0 for startAsFollower
2019-06-14 04:04:40,850 INFO  impl.RoleInfo (RoleInfo.java:updateAndGet(143)) - 7f15c229-7f67-4abf-9b87-49f64d217163: start FollowerState
2019-06-14 04:04:40,850 INFO  server.RaftServerConfigKeys (ConfUtils.java:logGet(43)) - raft.server.snapshot.auto.trigger.enabled = true (custom)
2019-06-14 04:04:40,850 INFO  server.RaftServerConfigKeys (ConfUtils.java:logGet(43)) - raft.server.snapshot.auto.trigger.threshold = 10000 (custom)
2019-06-14 04:04:40,855 INFO  util.JmxRegister (JmxRegister.java:tryRegister(44)) - Successfully registered JMX Bean with object name Ratis:service=RaftServer,group=group-9BB8EAE46352,id=7f15c229-7f67-4abf-9b87-49f64d217163
2019-06-14 04:04:40,855 INFO  server.RaftServerConfigKeys (ConfUtils.java:logGet(43)) - raft.server.retrycache.expirytime = 600000ms (custom)
2019-06-14 04:04:40,855 INFO  impl.RaftServerImpl (RaftServerImpl.java:start(173)) - 2711f8bd-00e0-451f-8852-97e69caf902a: start group-9BB8EAE46352
2019-06-14 04:04:40,855 INFO  impl.RaftServerImpl (RaftServerImpl.java:setRole(164)) - 2711f8bd-00e0-451f-8852-97e69caf902a:group-9BB8EAE46352 changes role from null to FOLLOWER at term 0 for startAsFollower
2019-06-14 04:04:40,859 INFO  impl.RoleInfo (RoleInfo.java:updateAndGet(143)) - 2711f8bd-00e0-451f-8852-97e69caf902a: start FollowerState
2019-06-14 04:04:40,862 INFO  util.JmxRegister (JmxRegister.java:tryRegister(44)) - Successfully registered JMX Bean with object name Ratis:service=RaftServer,group=group-9BB8EAE46352,id=2711f8bd-00e0-451f-8852-97e69caf902a
2019-06-14 04:04:40,870 INFO  pipeline.PipelineStateManager (PipelineStateManager.java:addPipeline(56)) - Created pipeline Pipeline[ Id: 95000e67-78af-4127-9bfa-9bb8eae46352, Nodes: 2711f8bd-00e0-451f-8852-97e69caf902a{ip: 192.168.134.126, host: ozone-959hs-545290369, networkLocation: /default-rack, certSerialId: null}7f15c229-7f67-4abf-9b87-49f64d217163{ip: 192.168.134.126, host: ozone-959hs-545290369, networkLocation: /default-rack, certSerialId: null}98cc486b-e865-4987-9d95-faa8b12f466b{ip: 192.168.134.126, host: ozone-959hs-545290369, networkLocation: /default-rack, certSerialId: null}, Type:RATIS, Factor:THREE, State:OPEN]
2019-06-14 04:04:41,472 INFO  impl.FollowerState (FollowerState.java:run(101)) - bb51ab34-1cd5-40ed-bfa1-70974f06734e:group-5B85F5D6C3CB changes to CANDIDATE, lastRpcTime:1048, electionTimeout:1046ms
2019-06-14 04:04:41,473 INFO  impl.RoleInfo (RoleInfo.java:shutdownFollowerState(121)) - bb51ab34-1cd5-40ed-bfa1-70974f06734e: shutdown FollowerState
2019-06-14 04:04:41,473 INFO  impl.RaftServerImpl (RaftServerImpl.java:setRole(164)) - bb51ab34-1cd5-40ed-bfa1-70974f06734e:group-5B85F5D6C3CB changes role from FOLLOWER to CANDIDATE at term 0 for changeToCandidate
2019-06-14 04:04:41,474 INFO  impl.RoleInfo (RoleInfo.java:updateAndGet(143)) - bb51ab34-1cd5-40ed-bfa1-70974f06734e: start LeaderElection
2019-06-14 04:04:41,477 INFO  impl.FollowerState (FollowerState.java:run(101)) - ebe43abf-51ff-4281-a8ab-48c87ea49983:group-69B5B8B9C870 changes to CANDIDATE, lastRpcTime:1123, electionTimeout:1120ms
2019-06-14 04:04:41,479 INFO  impl.RoleInfo (RoleInfo.java:shutdownFollowerState(121)) - ebe43abf-51ff-4281-a8ab-48c87ea49983: shutdown FollowerState
2019-06-14 04:04:41,479 INFO  impl.RaftServerImpl (RaftServerImpl.java:setRole(164)) - ebe43abf-51ff-4281-a8ab-48c87ea49983:group-69B5B8B9C870 changes role from FOLLOWER to CANDIDATE at term 0 for changeToCandidate
2019-06-14 04:04:41,479 INFO  impl.RoleInfo (RoleInfo.java:updateAndGet(143)) - ebe43abf-51ff-4281-a8ab-48c87ea49983: start LeaderElection
2019-06-14 04:04:41,482 INFO  impl.LeaderElection (LeaderElection.java:askForVotes(181)) - bb51ab34-1cd5-40ed-bfa1-70974f06734e:group-5B85F5D6C3CB:LeaderElection1: begin an election at term 1 for -1: [bb51ab34-1cd5-40ed-bfa1-70974f06734e:192.168.134.126:45433], old=null
2019-06-14 04:04:41,483 INFO  impl.RoleInfo (RoleInfo.java:shutdownLeaderElection(134)) - bb51ab34-1cd5-40ed-bfa1-70974f06734e: shutdown LeaderElection
2019-06-14 04:04:41,483 INFO  impl.RaftServerImpl (RaftServerImpl.java:setRole(164)) - bb51ab34-1cd5-40ed-bfa1-70974f06734e:group-5B85F5D6C3CB changes role from CANDIDATE to LEADER at term 1 for changeToLeader
2019-06-14 04:04:41,483 INFO  impl.RaftServerImpl (ServerState.java:setLeader(263)) - bb51ab34-1cd5-40ed-bfa1-70974f06734e:group-5B85F5D6C3CB change Leader from null to bb51ab34-1cd5-40ed-bfa1-70974f06734e at term 1 for becomeLeader, leader elected after 1063ms
2019-06-14 04:04:41,484 INFO  impl.LeaderElection (LeaderElection.java:askForVotes(181)) - ebe43abf-51ff-4281-a8ab-48c87ea49983:group-69B5B8B9C870:LeaderElection2: begin an election at term 1 for -1: [ebe43abf-51ff-4281-a8ab-48c87ea49983:192.168.134.126:38949], old=null
2019-06-14 04:04:41,484 INFO  impl.RoleInfo (RoleInfo.java:shutdownLeaderElection(134)) - ebe43abf-51ff-4281-a8ab-48c87ea49983: shutdown LeaderElection
2019-06-14 04:04:41,484 INFO  impl.RaftServerImpl (RaftServerImpl.java:setRole(164)) - ebe43abf-51ff-4281-a8ab-48c87ea49983:group-69B5B8B9C870 changes role from CANDIDATE to LEADER at term 1 for changeToLeader
2019-06-14 04:04:41,485 INFO  impl.RaftServerImpl (ServerState.java:setLeader(263)) - ebe43abf-51ff-4281-a8ab-48c87ea49983:group-69B5B8B9C870 change Leader from null to ebe43abf-51ff-4281-a8ab-48c87ea49983 at term 1 for becomeLeader, leader elected after 1295ms
2019-06-14 04:04:41,488 INFO  server.RaftServerConfigKeys (ConfUtils.java:logGet(43)) - raft.server.staging.catchup.gap = 1000 (default)
2019-06-14 04:04:41,489 INFO  server.RaftServerConfigKeys (ConfUtils.java:logGet(43)) - raft.server.staging.catchup.gap = 1000 (default)
2019-06-14 04:04:41,489 INFO  server.RaftServerConfigKeys (ConfUtils.java:logGet(43)) - raft.server.rpc.sleep.time = 25ms (default)
2019-06-14 04:04:41,489 INFO  server.RaftServerConfigKeys (ConfUtils.java:logGet(43)) - raft.server.rpc.sleep.time = 25ms (default)
2019-06-14 04:04:41,491 INFO  server.RaftServerConfigKeys (ConfUtils.java:logGet(43)) - raft.server.watch.timeout = 10s (default)
2019-06-14 04:04:41,491 INFO  server.RaftServerConfigKeys (ConfUtils.java:logGet(43)) - raft.server.watch.timeout = 10s (default)
2019-06-14 04:04:41,491 INFO  server.RaftServerConfigKeys (ConfUtils.java:logGet(43)) - raft.server.watch.timeout.denomination = 1s (default)
2019-06-14 04:04:41,491 INFO  server.RaftServerConfigKeys (ConfUtils.java:logGet(43)) - raft.server.watch.timeout.denomination = 1s (default)
2019-06-14 04:04:41,500 INFO  impl.RoleInfo (RoleInfo.java:updateAndGet(143)) - ebe43abf-51ff-4281-a8ab-48c87ea49983: start LeaderState
2019-06-14 04:04:41,500 INFO  impl.RoleInfo (RoleInfo.java:updateAndGet(143)) - bb51ab34-1cd5-40ed-bfa1-70974f06734e: start LeaderState
2019-06-14 04:04:41,516 INFO  storage.RaftLogWorker (RaftLogWorker.java:startLogSegment(298)) - bb51ab34-1cd5-40ed-bfa1-70974f06734e-RaftLogWorker: Starting segment from index:0
2019-06-14 04:04:41,516 INFO  storage.RaftLogWorker (RaftLogWorker.java:startLogSegment(298)) - ebe43abf-51ff-4281-a8ab-48c87ea49983-RaftLogWorker: Starting segment from index:0
2019-06-14 04:04:41,534 INFO  impl.RaftServerImpl (ServerState.java:setRaftConf(361)) - ebe43abf-51ff-4281-a8ab-48c87ea49983:group-69B5B8B9C870 set configuration 0: [ebe43abf-51ff-4281-a8ab-48c87ea49983:192.168.134.126:38949], old=null at 0
2019-06-14 04:04:41,536 INFO  impl.RaftServerImpl (ServerState.java:setRaftConf(361)) - bb51ab34-1cd5-40ed-bfa1-70974f06734e:group-5B85F5D6C3CB set configuration 0: [bb51ab34-1cd5-40ed-bfa1-70974f06734e:192.168.134.126:45433], old=null at 0
2019-06-14 04:04:41,539 INFO  impl.FollowerState (FollowerState.java:run(101)) - 7f15c229-7f67-4abf-9b87-49f64d217163:group-ABFD90C80896 changes to CANDIDATE, lastRpcTime:1053, electionTimeout:1053ms
2019-06-14 04:04:41,539 INFO  impl.RoleInfo (RoleInfo.java:shutdownFollowerState(121)) - 7f15c229-7f67-4abf-9b87-49f64d217163: shutdown FollowerState
2019-06-14 04:04:41,539 INFO  impl.RaftServerImpl (RaftServerImpl.java:setRole(164)) - 7f15c229-7f67-4abf-9b87-49f64d217163:group-ABFD90C80896 changes role from FOLLOWER to CANDIDATE at term 0 for changeToCandidate
2019-06-14 04:04:41,539 INFO  impl.RoleInfo (RoleInfo.java:updateAndGet(143)) - 7f15c229-7f67-4abf-9b87-49f64d217163: start LeaderElection
2019-06-14 04:04:41,553 INFO  impl.LeaderElection (LeaderElection.java:askForVotes(181)) - 7f15c229-7f67-4abf-9b87-49f64d217163:group-ABFD90C80896:LeaderElection3: begin an election at term 1 for -1: [7f15c229-7f67-4abf-9b87-49f64d217163:192.168.134.126:43933], old=null
2019-06-14 04:04:41,553 INFO  impl.RoleInfo (RoleInfo.java:shutdownLeaderElection(134)) - 7f15c229-7f67-4abf-9b87-49f64d217163: shutdown LeaderElection
2019-06-14 04:04:41,554 INFO  impl.RaftServerImpl (RaftServerImpl.java:setRole(164)) - 7f15c229-7f67-4abf-9b87-49f64d217163:group-ABFD90C80896 changes role from CANDIDATE to LEADER at term 1 for changeToLeader
2019-06-14 04:04:41,554 INFO  impl.RaftServerImpl (ServerState.java:setLeader(263)) - 7f15c229-7f67-4abf-9b87-49f64d217163:group-ABFD90C80896 change Leader from null to 7f15c229-7f67-4abf-9b87-49f64d217163 at term 1 for becomeLeader, leader elected after 1070ms
2019-06-14 04:04:41,554 INFO  server.RaftServerConfigKeys (ConfUtils.java:logGet(43)) - raft.server.staging.catchup.gap = 1000 (default)
2019-06-14 04:04:41,554 INFO  server.RaftServerConfigKeys (ConfUtils.java:logGet(43)) - raft.server.rpc.sleep.time = 25ms (default)
2019-06-14 04:04:41,554 INFO  server.RaftServerConfigKeys (ConfUtils.java:logGet(43)) - raft.server.watch.timeout = 10s (default)
2019-06-14 04:04:41,554 INFO  server.RaftServerConfigKeys (ConfUtils.java:logGet(43)) - raft.server.watch.timeout.denomination = 1s (default)
2019-06-14 04:04:41,554 INFO  impl.RoleInfo (RoleInfo.java:updateAndGet(143)) - 7f15c229-7f67-4abf-9b87-49f64d217163: start LeaderState
2019-06-14 04:04:41,555 INFO  storage.RaftLogWorker (RaftLogWorker.java:startLogSegment(298)) - 7f15c229-7f67-4abf-9b87-49f64d217163-RaftLogWorker: Starting segment from index:0
2019-06-14 04:04:41,555 INFO  impl.RaftServerImpl (ServerState.java:setRaftConf(361)) - 7f15c229-7f67-4abf-9b87-49f64d217163:group-ABFD90C80896 set configuration 0: [7f15c229-7f67-4abf-9b87-49f64d217163:192.168.134.126:43933], old=null at 0
2019-06-14 04:04:41,615 INFO  impl.FollowerState (FollowerState.java:run(101)) - 2c6f7b62-494e-40d7-8988-716c5dfcf83e:group-25020F281E24 changes to CANDIDATE, lastRpcTime:1096, electionTimeout:1096ms
2019-06-14 04:04:41,615 INFO  impl.RoleInfo (RoleInfo.java:shutdownFollowerState(121)) - 2c6f7b62-494e-40d7-8988-716c5dfcf83e: shutdown FollowerState
2019-06-14 04:04:41,616 INFO  impl.RaftServerImpl (RaftServerImpl.java:setRole(164)) - 2c6f7b62-494e-40d7-8988-716c5dfcf83e:group-25020F281E24 changes role from FOLLOWER to CANDIDATE at term 0 for changeToCandidate
2019-06-14 04:04:41,616 INFO  impl.RoleInfo (RoleInfo.java:updateAndGet(143)) - 2c6f7b62-494e-40d7-8988-716c5dfcf83e: start LeaderElection
2019-06-14 04:04:41,621 INFO  impl.LeaderElection (LeaderElection.java:askForVotes(181)) - 2c6f7b62-494e-40d7-8988-716c5dfcf83e:group-25020F281E24:LeaderElection4: begin an election at term 1 for -1: [2c6f7b62-494e-40d7-8988-716c5dfcf83e:192.168.134.126:38671], old=null
2019-06-14 04:04:41,621 INFO  impl.RoleInfo (RoleInfo.java:shutdownLeaderElection(134)) - 2c6f7b62-494e-40d7-8988-716c5dfcf83e: shutdown LeaderElection
2019-06-14 04:04:41,621 INFO  impl.RaftServerImpl (RaftServerImpl.java:setRole(164)) - 2c6f7b62-494e-40d7-8988-716c5dfcf83e:group-25020F281E24 changes role from CANDIDATE to LEADER at term 1 for changeToLeader
2019-06-14 04:04:41,621 INFO  impl.RaftServerImpl (ServerState.java:setLeader(263)) - 2c6f7b62-494e-40d7-8988-716c5dfcf83e:group-25020F281E24 change Leader from null to 2c6f7b62-494e-40d7-8988-716c5dfcf83e at term 1 for becomeLeader, leader elected after 1104ms
2019-06-14 04:04:41,624 INFO  server.RaftServerConfigKeys (ConfUtils.java:logGet(43)) - raft.server.staging.catchup.gap = 1000 (default)
2019-06-14 04:04:41,624 INFO  server.RaftServerConfigKeys (ConfUtils.java:logGet(43)) - raft.server.rpc.sleep.time = 25ms (default)
2019-06-14 04:04:41,624 INFO  server.RaftServerConfigKeys (ConfUtils.java:logGet(43)) - raft.server.watch.timeout = 10s (default)
2019-06-14 04:04:41,624 INFO  server.RaftServerConfigKeys (ConfUtils.java:logGet(43)) - raft.server.watch.timeout.denomination = 1s (default)
2019-06-14 04:04:41,624 INFO  impl.RoleInfo (RoleInfo.java:updateAndGet(143)) - 2c6f7b62-494e-40d7-8988-716c5dfcf83e: start LeaderState
2019-06-14 04:04:41,625 INFO  storage.RaftLogWorker (RaftLogWorker.java:startLogSegment(298)) - 2c6f7b62-494e-40d7-8988-716c5dfcf83e-RaftLogWorker: Starting segment from index:0
2019-06-14 04:04:41,626 INFO  impl.RaftServerImpl (ServerState.java:setRaftConf(361)) - 2c6f7b62-494e-40d7-8988-716c5dfcf83e:group-25020F281E24 set configuration 0: [2c6f7b62-494e-40d7-8988-716c5dfcf83e:192.168.134.126:38671], old=null at 0
2019-06-14 04:04:41,631 INFO  impl.FollowerState (FollowerState.java:run(101)) - bb51ab34-1cd5-40ed-bfa1-70974f06734e:group-78E3CBB8F4D1 changes to CANDIDATE, lastRpcTime:1051, electionTimeout:1050ms
2019-06-14 04:04:41,631 INFO  impl.RoleInfo (RoleInfo.java:shutdownFollowerState(121)) - bb51ab34-1cd5-40ed-bfa1-70974f06734e: shutdown FollowerState
2019-06-14 04:04:41,632 INFO  impl.RaftServerImpl (RaftServerImpl.java:setRole(164)) - bb51ab34-1cd5-40ed-bfa1-70974f06734e:group-78E3CBB8F4D1 changes role from FOLLOWER to CANDIDATE at term 0 for changeToCandidate
2019-06-14 04:04:41,632 INFO  impl.RoleInfo (RoleInfo.java:updateAndGet(143)) - bb51ab34-1cd5-40ed-bfa1-70974f06734e: start LeaderElection
2019-06-14 04:04:41,636 INFO  impl.LeaderElection (LeaderElection.java:askForVotes(181)) - bb51ab34-1cd5-40ed-bfa1-70974f06734e:group-78E3CBB8F4D1:LeaderElection5: begin an election at term 1 for -1: [bb51ab34-1cd5-40ed-bfa1-70974f06734e:192.168.134.126:45433, 2c6f7b62-494e-40d7-8988-716c5dfcf83e:192.168.134.126:38671, ebe43abf-51ff-4281-a8ab-48c87ea49983:192.168.134.126:38949], old=null
2019-06-14 04:04:41,671 INFO  impl.RaftServerImpl (RaftServerImpl.java:setRole(164)) - 2c6f7b62-494e-40d7-8988-716c5dfcf83e:group-78E3CBB8F4D1 changes role from FOLLOWER to FOLLOWER at term 1 for recognizeCandidate:bb51ab34-1cd5-40ed-bfa1-70974f06734e
2019-06-14 04:04:41,671 INFO  impl.RoleInfo (RoleInfo.java:shutdownFollowerState(121)) - 2c6f7b62-494e-40d7-8988-716c5dfcf83e: shutdown FollowerState
2019-06-14 04:04:41,671 INFO  impl.RoleInfo (RoleInfo.java:updateAndGet(143)) - 2c6f7b62-494e-40d7-8988-716c5dfcf83e: start FollowerState
2019-06-14 04:04:41,671 INFO  impl.FollowerState (FollowerState.java:run(109)) - 2c6f7b62-494e-40d7-8988-716c5dfcf83e: FollowerState was interrupted: java.lang.InterruptedException: sleep interrupted
2019-06-14 04:04:41,671 INFO  impl.RaftServerImpl (RaftServerImpl.java:setRole(164)) - ebe43abf-51ff-4281-a8ab-48c87ea49983:group-78E3CBB8F4D1 changes role from FOLLOWER to FOLLOWER at term 1 for recognizeCandidate:bb51ab34-1cd5-40ed-bfa1-70974f06734e
2019-06-14 04:04:41,671 INFO  impl.RoleInfo (RoleInfo.java:shutdownFollowerState(121)) - ebe43abf-51ff-4281-a8ab-48c87ea49983: shutdown FollowerState
2019-06-14 04:04:41,676 INFO  impl.RoleInfo (RoleInfo.java:updateAndGet(143)) - ebe43abf-51ff-4281-a8ab-48c87ea49983: start FollowerState
2019-06-14 04:04:41,676 INFO  impl.FollowerState (FollowerState.java:run(109)) - ebe43abf-51ff-4281-a8ab-48c87ea49983: FollowerState was interrupted: java.lang.InterruptedException: sleep interrupted
2019-06-14 04:04:41,728 INFO  impl.LeaderElection (LeaderElection.java:logAndReturn(56)) - bb51ab34-1cd5-40ed-bfa1-70974f06734e:group-78E3CBB8F4D1:LeaderElection5: Election PASSED; received 1 response(s) [bb51ab34-1cd5-40ed-bfa1-70974f06734e->2c6f7b62-494e-40d7-8988-716c5dfcf83e,true-t1] and 0 exception(s); bb51ab34-1cd5-40ed-bfa1-70974f06734e:t1, leader=null, voted=bb51ab34-1cd5-40ed-bfa1-70974f06734e, raftlog=bb51ab34-1cd5-40ed-bfa1-70974f06734e-SegmentedRaftLog:OPENED:c-1,f-1,i0, conf=-1: [bb51ab34-1cd5-40ed-bfa1-70974f06734e:192.168.134.126:45433, 2c6f7b62-494e-40d7-8988-716c5dfcf83e:192.168.134.126:38671, ebe43abf-51ff-4281-a8ab-48c87ea49983:192.168.134.126:38949], old=null
2019-06-14 04:04:41,728 INFO  impl.RoleInfo (RoleInfo.java:shutdownLeaderElection(134)) - bb51ab34-1cd5-40ed-bfa1-70974f06734e: shutdown LeaderElection
2019-06-14 04:04:41,763 INFO  impl.RaftServerImpl (RaftServerImpl.java:setRole(164)) - bb51ab34-1cd5-40ed-bfa1-70974f06734e:group-78E3CBB8F4D1 changes role from CANDIDATE to LEADER at term 1 for changeToLeader
2019-06-14 04:04:41,763 INFO  impl.RaftServerImpl (ServerState.java:setLeader(263)) - bb51ab34-1cd5-40ed-bfa1-70974f06734e:group-78E3CBB8F4D1 change Leader from null to bb51ab34-1cd5-40ed-bfa1-70974f06734e at term 1 for becomeLeader, leader elected after 1189ms
2019-06-14 04:04:41,763 INFO  server.RaftServerConfigKeys (ConfUtils.java:logGet(43)) - raft.server.staging.catchup.gap = 1000 (default)
2019-06-14 04:04:41,764 INFO  server.RaftServerConfigKeys (ConfUtils.java:logGet(43)) - raft.server.rpc.sleep.time = 25ms (default)
2019-06-14 04:04:41,764 INFO  server.RaftServerConfigKeys (ConfUtils.java:logGet(43)) - raft.server.watch.timeout = 10s (default)
2019-06-14 04:04:41,764 INFO  server.RaftServerConfigKeys (ConfUtils.java:logGet(43)) - raft.server.watch.timeout.denomination = 1s (default)
2019-06-14 04:04:41,766 INFO  server.RaftServerConfigKeys (ConfUtils.java:logGet(43)) - raft.server.log.appender.snapshot.chunk.size.max = 16MB (=16777216) (default)
2019-06-14 04:04:41,767 INFO  server.RaftServerConfigKeys (ConfUtils.java:logGet(43)) - raft.server.log.appender.buffer.byte-limit = 33554432 (custom)
2019-06-14 04:04:41,767 INFO  server.RaftServerConfigKeys (ConfUtils.java:logGet(43)) - raft.server.log.appender.buffer.element-limit = 1 (custom)
2019-06-14 04:04:41,768 INFO  storage.RaftLogWorker (RaftLogWorker.java:execute(469)) - 7f15c229-7f67-4abf-9b87-49f64d217163-RaftLogWorker: created new log segment /opt/src/hadoop-ozone/integration-test/target/test-dir/MiniOzoneClusterImpl-2263e50c-b32d-47e6-a1c1-e956578d9fe8/datanode-1/data/ratis/d076c707-6503-4a8f-aa3e-abfd90c80896/current/log_inprogress_0
2019-06-14 04:04:41,769 INFO  grpc.GrpcConfigKeys$Server (ConfUtils.java:logGet(43)) - raft.grpc.server.leader.outstanding.appends.max = 128 (default)
2019-06-14 04:04:41,769 INFO  server.RaftServerConfigKeys (ConfUtils.java:logGet(43)) - raft.server.rpc.request.timeout = 3000ms (default)
2019-06-14 04:04:41,769 INFO  server.RaftServerConfigKeys (ConfUtils.java:logGet(43)) - raft.server.log.appender.install.snapshot.enabled = true (default)
2019-06-14 04:04:41,770 INFO  server.RaftServerConfigKeys (ConfUtils.java:logGet(43)) - raft.server.log.appender.snapshot.chunk.size.max = 16MB (=16777216) (default)
2019-06-14 04:04:41,761 INFO  storage.RaftLogWorker (RaftLogWorker.java:execute(469)) - ebe43abf-51ff-4281-a8ab-48c87ea49983-RaftLogWorker: created new log segment /opt/src/hadoop-ozone/integration-test/target/test-dir/MiniOzoneClusterImpl-2263e50c-b32d-47e6-a1c1-e956578d9fe8/datanode-0/data/ratis/065fda5b-3ee1-4b03-b762-69b5b8b9c870/current/log_inprogress_0
2019-06-14 04:04:41,761 INFO  storage.RaftLogWorker (RaftLogWorker.java:execute(469)) - bb51ab34-1cd5-40ed-bfa1-70974f06734e-RaftLogWorker: created new log segment /opt/src/hadoop-ozone/integration-test/target/test-dir/MiniOzoneClusterImpl-2263e50c-b32d-47e6-a1c1-e956578d9fe8/datanode-2/data/ratis/09d16e3c-b24a-48e4-8e40-5b85f5d6c3cb/current/log_inprogress_0
2019-06-14 04:04:41,761 INFO  storage.RaftLogWorker (RaftLogWorker.java:execute(469)) - 2c6f7b62-494e-40d7-8988-716c5dfcf83e-RaftLogWorker: created new log segment /opt/src/hadoop-ozone/integration-test/target/test-dir/MiniOzoneClusterImpl-2263e50c-b32d-47e6-a1c1-e956578d9fe8/datanode-3/data/ratis/77d31216-74a5-4963-9871-25020f281e24/current/log_inprogress_0
2019-06-14 04:04:41,770 INFO  server.RaftServerConfigKeys (ConfUtils.java:logGet(43)) - raft.server.log.appender.buffer.byte-limit = 33554432 (custom)
2019-06-14 04:04:41,778 INFO  server.RaftServerConfigKeys (ConfUtils.java:logGet(43)) - raft.server.log.appender.buffer.element-limit = 1 (custom)
2019-06-14 04:04:41,778 INFO  grpc.GrpcConfigKeys$Server (ConfUtils.java:logGet(43)) - raft.grpc.server.leader.outstanding.appends.max = 128 (default)
2019-06-14 04:04:41,779 INFO  server.RaftServerConfigKeys (ConfUtils.java:logGet(43)) - raft.server.rpc.request.timeout = 3000ms (default)
2019-06-14 04:04:41,779 INFO  server.RaftServerConfigKeys (ConfUtils.java:logGet(43)) - raft.server.log.appender.install.snapshot.enabled = true (default)
2019-06-14 04:04:41,779 INFO  impl.RoleInfo (RoleInfo.java:updateAndGet(143)) - bb51ab34-1cd5-40ed-bfa1-70974f06734e: start LeaderState
2019-06-14 04:04:41,779 INFO  storage.RaftLogWorker (RaftLogWorker.java:startLogSegment(298)) - bb51ab34-1cd5-40ed-bfa1-70974f06734e-RaftLogWorker: Starting segment from index:0
2019-06-14 04:04:41,784 INFO  ozone.MiniOzoneClusterImpl (MiniOzoneClusterImpl.java:lambda$waitForClusterToBeReady$0(142)) - Cluster is ready. Got 6 of 6 DN Heartbeats.
]]></system-out>
    <system-err><![CDATA[ERROR StatusLogger No Log4j 2 configuration file found. Using default configuration (logging only errors to the console), or user programmatically provided configurations. Set system property 'log4j2.debug' to show Log4j 2 internal initialization logging. See https://logging.apache.org/log4j/2.x/manual/configuration.html for instructions on how to configure Log4j 2
Jun 14, 2019 4:04:35 AM com.sun.jersey.server.impl.application.WebApplicationImpl _initiate
INFO: Initiating Jersey application, version 'Jersey: 1.19 02/11/2015 03:25 AM'
Jun 14, 2019 4:04:35 AM com.sun.jersey.server.impl.application.WebApplicationImpl _initiate
INFO: Initiating Jersey application, version 'Jersey: 1.19 02/11/2015 03:25 AM'
Jun 14, 2019 4:04:36 AM com.sun.jersey.server.impl.application.WebApplicationImpl _initiate
INFO: Initiating Jersey application, version 'Jersey: 1.19 02/11/2015 03:25 AM'
Jun 14, 2019 4:04:36 AM com.sun.jersey.server.impl.application.WebApplicationImpl _initiate
INFO: Initiating Jersey application, version 'Jersey: 1.19 02/11/2015 03:25 AM'
Jun 14, 2019 4:04:36 AM com.sun.jersey.server.impl.application.WebApplicationImpl _initiate
INFO: Initiating Jersey application, version 'Jersey: 1.19 02/11/2015 03:25 AM'
Jun 14, 2019 4:04:36 AM com.sun.jersey.server.impl.application.WebApplicationImpl _initiate
INFO: Initiating Jersey application, version 'Jersey: 1.19 02/11/2015 03:25 AM'
]]></system-err>
  </testcase>
</testsuite>