<?xml version="1.0" encoding="UTF-8"?>
<testsuite xmlns:xsi="http://www.w3.org/2001/XMLSchema-instance" xsi:noNamespaceSchemaLocation="https://maven.apache.org/surefire/maven-surefire-plugin/xsd/surefire-test-report.xsd" name="org.apache.hadoop.ozone.client.rpc.TestWatchForCommit" time="137.148" tests="6" errors="0" skipped="0" failures="1">
  <properties>
    <property name="awt.toolkit" value="sun.awt.X11.XToolkit"/>
    <property name="file.encoding.pkg" value="sun.io"/>
    <property name="java.specification.version" value="1.8"/>
    <property name="sun.cpu.isalist" value=""/>
    <property name="sun.jnu.encoding" value="UTF-8"/>
    <property name="java.class.path" value="/opt/src/hadoop-ozone/integration-test/target/test-classes:/opt/src/hadoop-ozone/integration-test/target/classes:/root/.m2/repository/org/apache/hadoop/hadoop-ozone-common/0.5.0-SNAPSHOT/hadoop-ozone-common-0.5.0-SNAPSHOT.jar:/root/.m2/repository/org/apache/commons/commons-compress/1.4.1/commons-compress-1.4.1.jar:/root/.m2/repository/org/tukaani/xz/1.0/xz-1.0.jar:/root/.m2/repository/org/apache/hadoop/hadoop-common/3.2.0/hadoop-common-3.2.0.jar:/root/.m2/repository/org/apache/hadoop/hadoop-hdfs/3.2.0/hadoop-hdfs-3.2.0.jar:/root/.m2/repository/org/apache/hadoop/hadoop-hdfs-client/3.2.0/hadoop-hdfs-client-3.2.0.jar:/root/.m2/repository/com/fasterxml/jackson/core/jackson-annotations/2.9.5/jackson-annotations-2.9.5.jar:/root/.m2/repository/org/apache/hadoop/hadoop-hdds-common/0.5.0-SNAPSHOT/hadoop-hdds-common-0.5.0-SNAPSHOT.jar:/root/.m2/repository/javax/annotation/javax.annotation-api/1.2/javax.annotation-api-1.2.jar:/root/.m2/repository/org/apache/ratis/ratis-server/0.4.0-fe2b15d-SNAPSHOT/ratis-server-0.4.0-fe2b15d-SNAPSHOT.jar:/root/.m2/repository/org/apache/ratis/ratis-thirdparty-misc/0.2.0/ratis-thirdparty-misc-0.2.0.jar:/root/.m2/repository/org/apache/ratis/ratis-proto/0.4.0-fe2b15d-SNAPSHOT/ratis-proto-0.4.0-fe2b15d-SNAPSHOT.jar:/root/.m2/repository/org/apache/ratis/ratis-common/0.4.0-fe2b15d-SNAPSHOT/ratis-common-0.4.0-fe2b15d-SNAPSHOT.jar:/root/.m2/repository/org/apache/ratis/ratis-client/0.4.0-fe2b15d-SNAPSHOT/ratis-client-0.4.0-fe2b15d-SNAPSHOT.jar:/root/.m2/repository/org/apache/ratis/ratis-netty/0.4.0-fe2b15d-SNAPSHOT/ratis-netty-0.4.0-fe2b15d-SNAPSHOT.jar:/root/.m2/repository/org/apache/ratis/ratis-grpc/0.4.0-fe2b15d-SNAPSHOT/ratis-grpc-0.4.0-fe2b15d-SNAPSHOT.jar:/root/.m2/repository/org/rocksdb/rocksdbjni/5.14.2/rocksdbjni-5.14.2.jar:/root/.m2/repository/org/apache/logging/log4j/log4j-api/2.11.0/log4j-api-2.11.0.jar:/root/.m2/repository/org/apache/logging/log4j/log4j-core/2.11.0/log4j-core-2.11.0.jar:/root/.m2/repository/com/lmax/disruptor/3.4.2/disruptor-3.4.2.jar:/root/.m2/repository/org/apache/commons/commons-pool2/2.6.0/commons-pool2-2.6.0.jar:/root/.m2/repository/org/bouncycastle/bcpkix-jdk15on/1.60/bcpkix-jdk15on-1.60.jar:/root/.m2/repository/commons-validator/commons-validator/1.6/commons-validator-1.6.jar:/root/.m2/repository/commons-digester/commons-digester/1.8.1/commons-digester-1.8.1.jar:/root/.m2/repository/io/jaegertracing/jaeger-client/0.33.1/jaeger-client-0.33.1.jar:/root/.m2/repository/io/jaegertracing/jaeger-thrift/0.33.1/jaeger-thrift-0.33.1.jar:/root/.m2/repository/org/apache/thrift/libthrift/0.11.0/libthrift-0.11.0.jar:/root/.m2/repository/com/squareup/okhttp3/okhttp/3.9.0/okhttp-3.9.0.jar:/root/.m2/repository/com/squareup/okio/okio/1.13.0/okio-1.13.0.jar:/root/.m2/repository/io/jaegertracing/jaeger-core/0.33.1/jaeger-core-0.33.1.jar:/root/.m2/repository/io/jaegertracing/jaeger-tracerresolver/0.33.1/jaeger-tracerresolver-0.33.1.jar:/root/.m2/repository/io/opentracing/contrib/opentracing-tracerresolver/0.1.5/opentracing-tracerresolver-0.1.5.jar:/root/.m2/repository/io/opentracing/opentracing-util/0.31.0/opentracing-util-0.31.0.jar:/root/.m2/repository/io/opentracing/opentracing-api/0.31.0/opentracing-api-0.31.0.jar:/root/.m2/repository/io/opentracing/opentracing-noop/0.31.0/opentracing-noop-0.31.0.jar:/root/.m2/repository/org/apache/hadoop/hadoop-hdds-server-framework/0.5.0-SNAPSHOT/hadoop-hdds-server-framework-0.5.0-SNAPSHOT.jar:/root/.m2/repository/org/apache/hadoop/hadoop-hdds-server-scm/0.5.0-SNAPSHOT/hadoop-hdds-server-scm-0.5.0-SNAPSHOT.jar:/root/.m2/repository/org/apache/hadoop/hadoop-hdds-container-service/0.5.0-SNAPSHOT/hadoop-hdds-container-service-0.5.0-SNAPSHOT.jar:/root/.m2/repository/org/apache/hadoop/hadoop-hdds-client/0.5.0-SNAPSHOT/hadoop-hdds-client-0.5.0-SNAPSHOT.jar:/root/.m2/repository/org/apache/hadoop/hadoop-hdds-tools/0.5.0-SNAPSHOT/hadoop-hdds-tools-0.5.0-SNAPSHOT.jar:/root/.m2/repository/org/apache/hadoop/hadoop-ozone-ozone-manager/0.5.0-SNAPSHOT/hadoop-ozone-ozone-manager-0.5.0-SNAPSHOT.jar:/root/.m2/repository/org/apache/hadoop/hadoop-hdds-docs/0.5.0-SNAPSHOT/hadoop-hdds-docs-0.5.0-SNAPSHOT.jar:/root/.m2/repository/org/bouncycastle/bcprov-jdk15on/1.60/bcprov-jdk15on-1.60.jar:/root/.m2/repository/org/apache/hadoop/hadoop-minikdc/3.2.0/hadoop-minikdc-3.2.0.jar:/root/.m2/repository/commons-io/commons-io/2.5/commons-io-2.5.jar:/root/.m2/repository/org/apache/kerby/kerb-simplekdc/1.0.1/kerb-simplekdc-1.0.1.jar:/root/.m2/repository/org/apache/kerby/kerb-client/1.0.1/kerb-client-1.0.1.jar:/root/.m2/repository/org/apache/kerby/kerby-config/1.0.1/kerby-config-1.0.1.jar:/root/.m2/repository/org/apache/kerby/kerb-core/1.0.1/kerb-core-1.0.1.jar:/root/.m2/repository/org/apache/kerby/kerby-pkix/1.0.1/kerby-pkix-1.0.1.jar:/root/.m2/repository/org/apache/kerby/kerby-asn1/1.0.1/kerby-asn1-1.0.1.jar:/root/.m2/repository/org/apache/kerby/kerby-util/1.0.1/kerby-util-1.0.1.jar:/root/.m2/repository/org/apache/kerby/kerb-common/1.0.1/kerb-common-1.0.1.jar:/root/.m2/repository/org/apache/kerby/kerb-crypto/1.0.1/kerb-crypto-1.0.1.jar:/root/.m2/repository/org/apache/kerby/kerb-util/1.0.1/kerb-util-1.0.1.jar:/root/.m2/repository/org/apache/kerby/token-provider/1.0.1/token-provider-1.0.1.jar:/root/.m2/repository/org/apache/kerby/kerb-admin/1.0.1/kerb-admin-1.0.1.jar:/root/.m2/repository/org/apache/kerby/kerb-server/1.0.1/kerb-server-1.0.1.jar:/root/.m2/repository/org/apache/kerby/kerb-identity/1.0.1/kerb-identity-1.0.1.jar:/root/.m2/repository/org/apache/kerby/kerby-xdr/1.0.1/kerby-xdr-1.0.1.jar:/root/.m2/repository/org/slf4j/slf4j-log4j12/1.7.25/slf4j-log4j12-1.7.25.jar:/root/.m2/repository/org/apache/hadoop/hadoop-ozone-objectstore-service/0.5.0-SNAPSHOT/hadoop-ozone-objectstore-service-0.5.0-SNAPSHOT.jar:/root/.m2/repository/org/apache/hadoop/hadoop-ozone-s3gateway/0.5.0-SNAPSHOT/hadoop-ozone-s3gateway-0.5.0-SNAPSHOT.jar:/root/.m2/repository/org/jboss/weld/servlet/weld-servlet/2.4.7.Final/weld-servlet-2.4.7.Final.jar:/root/.m2/repository/org/glassfish/jersey/containers/jersey-container-servlet-core/2.27/jersey-container-servlet-core-2.27.jar:/root/.m2/repository/org/glassfish/hk2/external/javax.inject/2.5.0-b42/javax.inject-2.5.0-b42.jar:/root/.m2/repository/org/glassfish/jersey/core/jersey-common/2.27/jersey-common-2.27.jar:/root/.m2/repository/org/glassfish/hk2/osgi-resource-locator/1.0.1/osgi-resource-locator-1.0.1.jar:/root/.m2/repository/javax/ws/rs/javax.ws.rs-api/2.1/javax.ws.rs-api-2.1.jar:/root/.m2/repository/org/glassfish/jersey/ext/cdi/jersey-cdi1x/2.27/jersey-cdi1x-2.27.jar:/root/.m2/repository/org/glassfish/jersey/inject/jersey-hk2/2.27/jersey-hk2-2.27.jar:/root/.m2/repository/org/glassfish/hk2/hk2-locator/2.5.0-b42/hk2-locator-2.5.0-b42.jar:/root/.m2/repository/org/javassist/javassist/3.22.0-CR2/javassist-3.22.0-CR2.jar:/root/.m2/repository/org/glassfish/hk2/hk2-api/2.5.0/hk2-api-2.5.0.jar:/root/.m2/repository/org/glassfish/hk2/external/jakarta.inject/2.5.0/jakarta.inject-2.5.0.jar:/root/.m2/repository/org/glassfish/hk2/hk2-utils/2.5.0/hk2-utils-2.5.0.jar:/root/.m2/repository/jakarta/annotation/jakarta.annotation-api/1.3.4/jakarta.annotation-api-1.3.4.jar:/root/.m2/repository/org/glassfish/hk2/external/aopalliance-repackaged/2.5.0/aopalliance-repackaged-2.5.0.jar:/root/.m2/repository/com/fasterxml/jackson/dataformat/jackson-dataformat-xml/2.9.0/jackson-dataformat-xml-2.9.0.jar:/root/.m2/repository/com/fasterxml/jackson/core/jackson-core/2.9.5/jackson-core-2.9.5.jar:/root/.m2/repository/com/fasterxml/jackson/module/jackson-module-jaxb-annotations/2.9.5/jackson-module-jaxb-annotations-2.9.5.jar:/root/.m2/repository/javax/enterprise/cdi-api/1.2/cdi-api-1.2.jar:/root/.m2/repository/javax/el/javax.el-api/3.0.0/javax.el-api-3.0.0.jar:/root/.m2/repository/javax/interceptor/javax.interceptor-api/1.2/javax.interceptor-api-1.2.jar:/root/.m2/repository/javax/inject/javax.inject/1/javax.inject-1.jar:/root/.m2/repository/com/sun/xml/bind/jaxb-impl/2.3.0.1/jaxb-impl-2.3.0.1.jar:/root/.m2/repository/com/sun/xml/bind/jaxb-core/2.3.0.1/jaxb-core-2.3.0.1.jar:/root/.m2/repository/javax/xml/bind/jaxb-api/2.3.0/jaxb-api-2.3.0.jar:/root/.m2/repository/javax/activation/activation/1.1.1/activation-1.1.1.jar:/root/.m2/repository/org/apache/hadoop/hadoop-ozone-csi/0.5.0-SNAPSHOT/hadoop-ozone-csi-0.5.0-SNAPSHOT.jar:/root/.m2/repository/com/google/protobuf/protobuf-java-util/3.5.1/protobuf-java-util-3.5.1.jar:/root/.m2/repository/org/apache/hadoop/hadoop-hdds-config/0.5.0-SNAPSHOT/hadoop-hdds-config-0.5.0-SNAPSHOT.jar:/root/.m2/repository/com/google/guava/guava/11.0.2/guava-11.0.2.jar:/root/.m2/repository/com/google/protobuf/protobuf-java/2.5.0/protobuf-java-2.5.0.jar:/root/.m2/repository/io/grpc/grpc-netty/1.17.1/grpc-netty-1.17.1.jar:/root/.m2/repository/io/grpc/grpc-core/1.17.1/grpc-core-1.17.1.jar:/root/.m2/repository/io/grpc/grpc-context/1.17.1/grpc-context-1.17.1.jar:/root/.m2/repository/com/google/errorprone/error_prone_annotations/2.2.0/error_prone_annotations-2.2.0.jar:/root/.m2/repository/org/codehaus/mojo/animal-sniffer-annotations/1.17/animal-sniffer-annotations-1.17.jar:/root/.m2/repository/io/opencensus/opencensus-api/0.17.0/opencensus-api-0.17.0.jar:/root/.m2/repository/io/opencensus/opencensus-contrib-grpc-metrics/0.17.0/opencensus-contrib-grpc-metrics-0.17.0.jar:/root/.m2/repository/io/netty/netty-codec-http2/4.1.30.Final/netty-codec-http2-4.1.30.Final.jar:/root/.m2/repository/io/netty/netty-codec-http/4.1.30.Final/netty-codec-http-4.1.30.Final.jar:/root/.m2/repository/io/netty/netty-codec/4.1.30.Final/netty-codec-4.1.30.Final.jar:/root/.m2/repository/io/netty/netty-handler/4.1.30.Final/netty-handler-4.1.30.Final.jar:/root/.m2/repository/io/netty/netty-handler-proxy/4.1.30.Final/netty-handler-proxy-4.1.30.Final.jar:/root/.m2/repository/io/netty/netty-codec-socks/4.1.30.Final/netty-codec-socks-4.1.30.Final.jar:/root/.m2/repository/io/netty/netty-transport-native-epoll/4.1.30.Final/netty-transport-native-epoll-4.1.30.Final.jar:/root/.m2/repository/io/netty/netty-common/4.1.30.Final/netty-common-4.1.30.Final.jar:/root/.m2/repository/io/netty/netty-buffer/4.1.30.Final/netty-buffer-4.1.30.Final.jar:/root/.m2/repository/io/netty/netty-transport/4.1.30.Final/netty-transport-4.1.30.Final.jar:/root/.m2/repository/io/netty/netty-resolver/4.1.30.Final/netty-resolver-4.1.30.Final.jar:/root/.m2/repository/io/netty/netty-transport-native-unix-common/4.1.30.Final/netty-transport-native-unix-common-4.1.30.Final.jar:/root/.m2/repository/io/grpc/grpc-protobuf/1.17.1/grpc-protobuf-1.17.1.jar:/root/.m2/repository/com/google/api/grpc/proto-google-common-protos/1.0.0/proto-google-common-protos-1.0.0.jar:/root/.m2/repository/io/grpc/grpc-protobuf-lite/1.17.1/grpc-protobuf-lite-1.17.1.jar:/root/.m2/repository/io/grpc/grpc-stub/1.17.1/grpc-stub-1.17.1.jar:/root/.m2/repository/org/apache/hadoop/hadoop-ozone-recon/0.5.0-SNAPSHOT/hadoop-ozone-recon-0.5.0-SNAPSHOT.jar:/root/.m2/repository/org/apache/hadoop/hadoop-ozone-reconcodegen/0.5.0-SNAPSHOT/hadoop-ozone-reconcodegen-0.5.0-SNAPSHOT.jar:/root/.m2/repository/com/google/inject/extensions/guice-multibindings/4.0/guice-multibindings-4.0.jar:/root/.m2/repository/com/google/inject/guice/4.0/guice-4.0.jar:/root/.m2/repository/aopalliance/aopalliance/1.0/aopalliance-1.0.jar:/root/.m2/repository/com/google/inject/extensions/guice-servlet/4.0/guice-servlet-4.0.jar:/root/.m2/repository/org/glassfish/jersey/containers/jersey-container-servlet/2.27/jersey-container-servlet-2.27.jar:/root/.m2/repository/org/glassfish/hk2/guice-bridge/2.5.0/guice-bridge-2.5.0.jar:/root/.m2/repository/org/glassfish/jersey/core/jersey-server/2.27/jersey-server-2.27.jar:/root/.m2/repository/org/glassfish/jersey/core/jersey-client/2.27/jersey-client-2.27.jar:/root/.m2/repository/org/glassfish/jersey/media/jersey-media-jaxb/2.27/jersey-media-jaxb-2.27.jar:/root/.m2/repository/javax/validation/validation-api/1.1.0.Final/validation-api-1.1.0.Final.jar:/root/.m2/repository/org/glassfish/jersey/media/jersey-media-json-jackson/2.27/jersey-media-json-jackson-2.27.jar:/root/.m2/repository/org/glassfish/jersey/ext/jersey-entity-filtering/2.27/jersey-entity-filtering-2.27.jar:/root/.m2/repository/com/google/inject/extensions/guice-assistedinject/4.0/guice-assistedinject-4.0.jar:/root/.m2/repository/org/jooq/jooq/3.11.10/jooq-3.11.10.jar:/root/.m2/repository/org/jooq/jooq-meta/3.11.10/jooq-meta-3.11.10.jar:/root/.m2/repository/org/jooq/jooq-codegen/3.11.10/jooq-codegen-3.11.10.jar:/root/.m2/repository/com/jolbox/bonecp/0.8.0.RELEASE/bonecp-0.8.0.RELEASE.jar:/root/.m2/repository/org/xerial/sqlite-jdbc/3.25.2/sqlite-jdbc-3.25.2.jar:/root/.m2/repository/org/springframework/spring-jdbc/5.1.3.RELEASE/spring-jdbc-5.1.3.RELEASE.jar:/root/.m2/repository/org/springframework/spring-beans/5.1.3.RELEASE/spring-beans-5.1.3.RELEASE.jar:/root/.m2/repository/org/springframework/spring-core/5.1.3.RELEASE/spring-core-5.1.3.RELEASE.jar:/root/.m2/repository/org/springframework/spring-jcl/5.1.3.RELEASE/spring-jcl-5.1.3.RELEASE.jar:/root/.m2/repository/org/springframework/spring-tx/5.1.3.RELEASE/spring-tx-5.1.3.RELEASE.jar:/root/.m2/repository/org/apache/hadoop/hadoop-ozone-client/0.5.0-SNAPSHOT/hadoop-ozone-client-0.5.0-SNAPSHOT.jar:/root/.m2/repository/org/apache/hadoop/hadoop-ozone-ozone-manager/0.5.0-SNAPSHOT/hadoop-ozone-ozone-manager-0.5.0-SNAPSHOT-tests.jar:/root/.m2/repository/junit/junit/4.11/junit-4.11.jar:/root/.m2/repository/org/hamcrest/hamcrest-core/1.3/hamcrest-core-1.3.jar:/root/.m2/repository/org/openjdk/jmh/jmh-core/1.19/jmh-core-1.19.jar:/root/.m2/repository/net/sf/jopt-simple/jopt-simple/4.6/jopt-simple-4.6.jar:/root/.m2/repository/org/apache/commons/commons-math3/3.1.1/commons-math3-3.1.1.jar:/root/.m2/repository/org/openjdk/jmh/jmh-generator-annprocess/1.19/jmh-generator-annprocess-1.19.jar:/root/.m2/repository/org/mockito/mockito-all/1.8.5/mockito-all-1.8.5.jar:/root/.m2/repository/org/apache/hadoop/hadoop-kms/3.2.0/hadoop-kms-3.2.0.jar:/root/.m2/repository/org/apache/hadoop/hadoop-auth/3.2.0/hadoop-auth-3.2.0.jar:/root/.m2/repository/com/nimbusds/nimbus-jose-jwt/4.41.1/nimbus-jose-jwt-4.41.1.jar:/root/.m2/repository/com/github/stephenc/jcip/jcip-annotations/1.0-1/jcip-annotations-1.0-1.jar:/root/.m2/repository/net/minidev/json-smart/2.3/json-smart-2.3.jar:/root/.m2/repository/net/minidev/accessors-smart/1.2/accessors-smart-1.2.jar:/root/.m2/repository/org/ow2/asm/asm/5.0.4/asm-5.0.4.jar:/root/.m2/repository/org/apache/curator/curator-framework/2.12.0/curator-framework-2.12.0.jar:/root/.m2/repository/com/sun/jersey/jersey-core/1.19/jersey-core-1.19.jar:/root/.m2/repository/javax/ws/rs/jsr311-api/1.1.1/jsr311-api-1.1.1.jar:/root/.m2/repository/com/sun/jersey/jersey-server/1.19/jersey-server-1.19.jar:/root/.m2/repository/javax/servlet/javax.servlet-api/3.1.0/javax.servlet-api-3.1.0.jar:/root/.m2/repository/org/eclipse/jetty/jetty-server/9.3.24.v20180605/jetty-server-9.3.24.v20180605.jar:/root/.m2/repository/org/eclipse/jetty/jetty-http/9.3.24.v20180605/jetty-http-9.3.24.v20180605.jar:/root/.m2/repository/org/eclipse/jetty/jetty-io/9.3.24.v20180605/jetty-io-9.3.24.v20180605.jar:/root/.m2/repository/org/eclipse/jetty/jetty-webapp/9.3.24.v20180605/jetty-webapp-9.3.24.v20180605.jar:/root/.m2/repository/org/eclipse/jetty/jetty-xml/9.3.24.v20180605/jetty-xml-9.3.24.v20180605.jar:/root/.m2/repository/log4j/log4j/1.2.17/log4j-1.2.17.jar:/root/.m2/repository/org/slf4j/slf4j-api/1.7.25/slf4j-api-1.7.25.jar:/root/.m2/repository/org/slf4j/jul-to-slf4j/1.7.25/jul-to-slf4j-1.7.25.jar:/root/.m2/repository/org/eclipse/jetty/jetty-util/9.3.24.v20180605/jetty-util-9.3.24.v20180605.jar:/root/.m2/repository/io/dropwizard/metrics/metrics-core/3.2.4/metrics-core-3.2.4.jar:/root/.m2/repository/com/fasterxml/jackson/core/jackson-databind/2.9.5/jackson-databind-2.9.5.jar:/root/.m2/repository/org/apache/hadoop/hadoop-kms/3.2.0/hadoop-kms-3.2.0-tests.jar:/root/.m2/repository/org/apache/hadoop/hadoop-hdds-server-scm/0.5.0-SNAPSHOT/hadoop-hdds-server-scm-0.5.0-SNAPSHOT-tests.jar:/root/.m2/repository/org/hamcrest/hamcrest-all/1.3/hamcrest-all-1.3.jar:/root/.m2/repository/info/picocli/picocli/3.9.6/picocli-3.9.6.jar:/root/.m2/repository/org/apache/hadoop/hadoop-hdds-container-service/0.5.0-SNAPSHOT/hadoop-hdds-container-service-0.5.0-SNAPSHOT-tests.jar:/root/.m2/repository/org/yaml/snakeyaml/1.16/snakeyaml-1.16.jar:/root/.m2/repository/org/apache/hadoop/hadoop-common/3.2.0/hadoop-common-3.2.0-tests.jar:/root/.m2/repository/org/apache/hadoop/hadoop-annotations/3.2.0/hadoop-annotations-3.2.0.jar:/usr/lib/jvm/java-1.8-openjdk/jre/../lib/tools.jar:/root/.m2/repository/commons-cli/commons-cli/1.2/commons-cli-1.2.jar:/root/.m2/repository/org/apache/httpcomponents/httpclient/4.5.2/httpclient-4.5.2.jar:/root/.m2/repository/org/apache/httpcomponents/httpcore/4.4.4/httpcore-4.4.4.jar:/root/.m2/repository/commons-codec/commons-codec/1.11/commons-codec-1.11.jar:/root/.m2/repository/commons-net/commons-net/3.6/commons-net-3.6.jar:/root/.m2/repository/commons-collections/commons-collections/3.2.2/commons-collections-3.2.2.jar:/root/.m2/repository/org/eclipse/jetty/jetty-servlet/9.3.24.v20180605/jetty-servlet-9.3.24.v20180605.jar:/root/.m2/repository/org/eclipse/jetty/jetty-security/9.3.24.v20180605/jetty-security-9.3.24.v20180605.jar:/root/.m2/repository/javax/servlet/jsp/jsp-api/2.1/jsp-api-2.1.jar:/root/.m2/repository/com/sun/jersey/jersey-servlet/1.19/jersey-servlet-1.19.jar:/root/.m2/repository/com/sun/jersey/jersey-json/1.19/jersey-json-1.19.jar:/root/.m2/repository/org/codehaus/jettison/jettison/1.1/jettison-1.1.jar:/root/.m2/repository/org/codehaus/jackson/jackson-core-asl/1.9.13/jackson-core-asl-1.9.13.jar:/root/.m2/repository/org/codehaus/jackson/jackson-mapper-asl/1.9.13/jackson-mapper-asl-1.9.13.jar:/root/.m2/repository/org/codehaus/jackson/jackson-jaxrs/1.9.13/jackson-jaxrs-1.9.13.jar:/root/.m2/repository/org/codehaus/jackson/jackson-xc/1.9.13/jackson-xc-1.9.13.jar:/root/.m2/repository/commons-logging/commons-logging/1.1.3/commons-logging-1.1.3.jar:/root/.m2/repository/commons-beanutils/commons-beanutils/1.9.3/commons-beanutils-1.9.3.jar:/root/.m2/repository/org/apache/commons/commons-configuration2/2.1.1/commons-configuration2-2.1.1.jar:/root/.m2/repository/org/apache/commons/commons-lang3/3.7/commons-lang3-3.7.jar:/root/.m2/repository/org/apache/commons/commons-text/1.4/commons-text-1.4.jar:/root/.m2/repository/org/apache/avro/avro/1.7.7/avro-1.7.7.jar:/root/.m2/repository/com/thoughtworks/paranamer/paranamer/2.3/paranamer-2.3.jar:/root/.m2/repository/org/xerial/snappy/snappy-java/1.0.5/snappy-java-1.0.5.jar:/root/.m2/repository/com/google/re2j/re2j/1.1/re2j-1.1.jar:/root/.m2/repository/com/google/code/gson/gson/2.2.4/gson-2.2.4.jar:/root/.m2/repository/com/jcraft/jsch/0.1.54/jsch-0.1.54.jar:/root/.m2/repository/org/apache/curator/curator-client/2.12.0/curator-client-2.12.0.jar:/root/.m2/repository/org/apache/curator/curator-recipes/2.12.0/curator-recipes-2.12.0.jar:/root/.m2/repository/com/google/code/findbugs/jsr305/3.0.0/jsr305-3.0.0.jar:/root/.m2/repository/org/apache/htrace/htrace-core4/4.1.0-incubating/htrace-core4-4.1.0-incubating.jar:/root/.m2/repository/org/apache/zookeeper/zookeeper/3.4.13/zookeeper-3.4.13.jar:/root/.m2/repository/org/apache/yetus/audience-annotations/0.5.0/audience-annotations-0.5.0.jar:/root/.m2/repository/org/codehaus/woodstox/stax2-api/3.1.4/stax2-api-3.1.4.jar:/root/.m2/repository/com/fasterxml/woodstox/woodstox-core/5.0.3/woodstox-core-5.0.3.jar:/root/.m2/repository/dnsjava/dnsjava/2.1.7/dnsjava-2.1.7.jar:/root/.m2/repository/org/apache/hadoop/hadoop-hdfs/3.2.0/hadoop-hdfs-3.2.0-tests.jar:/root/.m2/repository/org/eclipse/jetty/jetty-util-ajax/9.3.24.v20180605/jetty-util-ajax-9.3.24.v20180605.jar:/root/.m2/repository/commons-daemon/commons-daemon/1.0.13/commons-daemon-1.0.13.jar:/root/.m2/repository/io/netty/netty/3.10.5.Final/netty-3.10.5.Final.jar:/root/.m2/repository/io/netty/netty-all/4.0.52.Final/netty-all-4.0.52.Final.jar:/root/.m2/repository/org/fusesource/leveldbjni/leveldbjni-all/1.8/leveldbjni-all-1.8.jar:"/>
    <property name="java.vm.vendor" value="IcedTea"/>
    <property name="sun.arch.data.model" value="64"/>
    <property name="test.build.dir" value="/opt/src/hadoop-ozone/integration-test/target/test-dir"/>
    <property name="test.cache.data" value=""/>
    <property name="java.vendor.url" value="https://icedtea.classpath.org"/>
    <property name="user.timezone" value=""/>
    <property name="java.vm.specification.version" value="1.8"/>
    <property name="os.name" value="Linux"/>
    <property name="test.build.data" value="/opt/src/hadoop-ozone/integration-test/target/test-dir"/>
    <property name="user.country" value="US"/>
    <property name="sun.java.launcher" value="SUN_STANDARD"/>
    <property name="sun.boot.library.path" value="/usr/lib/jvm/java-1.8-openjdk/jre/lib/amd64"/>
    <property name="sun.java.command" value="/opt/src/hadoop-ozone/integration-test/target/surefire/surefirebooter7916002799303203497.jar /opt/src/hadoop-ozone/integration-test/target/surefire 2019-06-13T18-13-20_226-jvmRun1 surefire2315315569029197666tmp surefire_215436429872726756123tmp"/>
    <property name="surefire.test.class.path" value="/opt/src/hadoop-ozone/integration-test/target/test-classes:/opt/src/hadoop-ozone/integration-test/target/classes:/root/.m2/repository/org/apache/hadoop/hadoop-ozone-common/0.5.0-SNAPSHOT/hadoop-ozone-common-0.5.0-SNAPSHOT.jar:/root/.m2/repository/org/apache/commons/commons-compress/1.4.1/commons-compress-1.4.1.jar:/root/.m2/repository/org/tukaani/xz/1.0/xz-1.0.jar:/root/.m2/repository/org/apache/hadoop/hadoop-common/3.2.0/hadoop-common-3.2.0.jar:/root/.m2/repository/org/apache/hadoop/hadoop-hdfs/3.2.0/hadoop-hdfs-3.2.0.jar:/root/.m2/repository/org/apache/hadoop/hadoop-hdfs-client/3.2.0/hadoop-hdfs-client-3.2.0.jar:/root/.m2/repository/com/fasterxml/jackson/core/jackson-annotations/2.9.5/jackson-annotations-2.9.5.jar:/root/.m2/repository/org/apache/hadoop/hadoop-hdds-common/0.5.0-SNAPSHOT/hadoop-hdds-common-0.5.0-SNAPSHOT.jar:/root/.m2/repository/javax/annotation/javax.annotation-api/1.2/javax.annotation-api-1.2.jar:/root/.m2/repository/org/apache/ratis/ratis-server/0.4.0-fe2b15d-SNAPSHOT/ratis-server-0.4.0-fe2b15d-SNAPSHOT.jar:/root/.m2/repository/org/apache/ratis/ratis-thirdparty-misc/0.2.0/ratis-thirdparty-misc-0.2.0.jar:/root/.m2/repository/org/apache/ratis/ratis-proto/0.4.0-fe2b15d-SNAPSHOT/ratis-proto-0.4.0-fe2b15d-SNAPSHOT.jar:/root/.m2/repository/org/apache/ratis/ratis-common/0.4.0-fe2b15d-SNAPSHOT/ratis-common-0.4.0-fe2b15d-SNAPSHOT.jar:/root/.m2/repository/org/apache/ratis/ratis-client/0.4.0-fe2b15d-SNAPSHOT/ratis-client-0.4.0-fe2b15d-SNAPSHOT.jar:/root/.m2/repository/org/apache/ratis/ratis-netty/0.4.0-fe2b15d-SNAPSHOT/ratis-netty-0.4.0-fe2b15d-SNAPSHOT.jar:/root/.m2/repository/org/apache/ratis/ratis-grpc/0.4.0-fe2b15d-SNAPSHOT/ratis-grpc-0.4.0-fe2b15d-SNAPSHOT.jar:/root/.m2/repository/org/rocksdb/rocksdbjni/5.14.2/rocksdbjni-5.14.2.jar:/root/.m2/repository/org/apache/logging/log4j/log4j-api/2.11.0/log4j-api-2.11.0.jar:/root/.m2/repository/org/apache/logging/log4j/log4j-core/2.11.0/log4j-core-2.11.0.jar:/root/.m2/repository/com/lmax/disruptor/3.4.2/disruptor-3.4.2.jar:/root/.m2/repository/org/apache/commons/commons-pool2/2.6.0/commons-pool2-2.6.0.jar:/root/.m2/repository/org/bouncycastle/bcpkix-jdk15on/1.60/bcpkix-jdk15on-1.60.jar:/root/.m2/repository/commons-validator/commons-validator/1.6/commons-validator-1.6.jar:/root/.m2/repository/commons-digester/commons-digester/1.8.1/commons-digester-1.8.1.jar:/root/.m2/repository/io/jaegertracing/jaeger-client/0.33.1/jaeger-client-0.33.1.jar:/root/.m2/repository/io/jaegertracing/jaeger-thrift/0.33.1/jaeger-thrift-0.33.1.jar:/root/.m2/repository/org/apache/thrift/libthrift/0.11.0/libthrift-0.11.0.jar:/root/.m2/repository/com/squareup/okhttp3/okhttp/3.9.0/okhttp-3.9.0.jar:/root/.m2/repository/com/squareup/okio/okio/1.13.0/okio-1.13.0.jar:/root/.m2/repository/io/jaegertracing/jaeger-core/0.33.1/jaeger-core-0.33.1.jar:/root/.m2/repository/io/jaegertracing/jaeger-tracerresolver/0.33.1/jaeger-tracerresolver-0.33.1.jar:/root/.m2/repository/io/opentracing/contrib/opentracing-tracerresolver/0.1.5/opentracing-tracerresolver-0.1.5.jar:/root/.m2/repository/io/opentracing/opentracing-util/0.31.0/opentracing-util-0.31.0.jar:/root/.m2/repository/io/opentracing/opentracing-api/0.31.0/opentracing-api-0.31.0.jar:/root/.m2/repository/io/opentracing/opentracing-noop/0.31.0/opentracing-noop-0.31.0.jar:/root/.m2/repository/org/apache/hadoop/hadoop-hdds-server-framework/0.5.0-SNAPSHOT/hadoop-hdds-server-framework-0.5.0-SNAPSHOT.jar:/root/.m2/repository/org/apache/hadoop/hadoop-hdds-server-scm/0.5.0-SNAPSHOT/hadoop-hdds-server-scm-0.5.0-SNAPSHOT.jar:/root/.m2/repository/org/apache/hadoop/hadoop-hdds-container-service/0.5.0-SNAPSHOT/hadoop-hdds-container-service-0.5.0-SNAPSHOT.jar:/root/.m2/repository/org/apache/hadoop/hadoop-hdds-client/0.5.0-SNAPSHOT/hadoop-hdds-client-0.5.0-SNAPSHOT.jar:/root/.m2/repository/org/apache/hadoop/hadoop-hdds-tools/0.5.0-SNAPSHOT/hadoop-hdds-tools-0.5.0-SNAPSHOT.jar:/root/.m2/repository/org/apache/hadoop/hadoop-ozone-ozone-manager/0.5.0-SNAPSHOT/hadoop-ozone-ozone-manager-0.5.0-SNAPSHOT.jar:/root/.m2/repository/org/apache/hadoop/hadoop-hdds-docs/0.5.0-SNAPSHOT/hadoop-hdds-docs-0.5.0-SNAPSHOT.jar:/root/.m2/repository/org/bouncycastle/bcprov-jdk15on/1.60/bcprov-jdk15on-1.60.jar:/root/.m2/repository/org/apache/hadoop/hadoop-minikdc/3.2.0/hadoop-minikdc-3.2.0.jar:/root/.m2/repository/commons-io/commons-io/2.5/commons-io-2.5.jar:/root/.m2/repository/org/apache/kerby/kerb-simplekdc/1.0.1/kerb-simplekdc-1.0.1.jar:/root/.m2/repository/org/apache/kerby/kerb-client/1.0.1/kerb-client-1.0.1.jar:/root/.m2/repository/org/apache/kerby/kerby-config/1.0.1/kerby-config-1.0.1.jar:/root/.m2/repository/org/apache/kerby/kerb-core/1.0.1/kerb-core-1.0.1.jar:/root/.m2/repository/org/apache/kerby/kerby-pkix/1.0.1/kerby-pkix-1.0.1.jar:/root/.m2/repository/org/apache/kerby/kerby-asn1/1.0.1/kerby-asn1-1.0.1.jar:/root/.m2/repository/org/apache/kerby/kerby-util/1.0.1/kerby-util-1.0.1.jar:/root/.m2/repository/org/apache/kerby/kerb-common/1.0.1/kerb-common-1.0.1.jar:/root/.m2/repository/org/apache/kerby/kerb-crypto/1.0.1/kerb-crypto-1.0.1.jar:/root/.m2/repository/org/apache/kerby/kerb-util/1.0.1/kerb-util-1.0.1.jar:/root/.m2/repository/org/apache/kerby/token-provider/1.0.1/token-provider-1.0.1.jar:/root/.m2/repository/org/apache/kerby/kerb-admin/1.0.1/kerb-admin-1.0.1.jar:/root/.m2/repository/org/apache/kerby/kerb-server/1.0.1/kerb-server-1.0.1.jar:/root/.m2/repository/org/apache/kerby/kerb-identity/1.0.1/kerb-identity-1.0.1.jar:/root/.m2/repository/org/apache/kerby/kerby-xdr/1.0.1/kerby-xdr-1.0.1.jar:/root/.m2/repository/org/slf4j/slf4j-log4j12/1.7.25/slf4j-log4j12-1.7.25.jar:/root/.m2/repository/org/apache/hadoop/hadoop-ozone-objectstore-service/0.5.0-SNAPSHOT/hadoop-ozone-objectstore-service-0.5.0-SNAPSHOT.jar:/root/.m2/repository/org/apache/hadoop/hadoop-ozone-s3gateway/0.5.0-SNAPSHOT/hadoop-ozone-s3gateway-0.5.0-SNAPSHOT.jar:/root/.m2/repository/org/jboss/weld/servlet/weld-servlet/2.4.7.Final/weld-servlet-2.4.7.Final.jar:/root/.m2/repository/org/glassfish/jersey/containers/jersey-container-servlet-core/2.27/jersey-container-servlet-core-2.27.jar:/root/.m2/repository/org/glassfish/hk2/external/javax.inject/2.5.0-b42/javax.inject-2.5.0-b42.jar:/root/.m2/repository/org/glassfish/jersey/core/jersey-common/2.27/jersey-common-2.27.jar:/root/.m2/repository/org/glassfish/hk2/osgi-resource-locator/1.0.1/osgi-resource-locator-1.0.1.jar:/root/.m2/repository/javax/ws/rs/javax.ws.rs-api/2.1/javax.ws.rs-api-2.1.jar:/root/.m2/repository/org/glassfish/jersey/ext/cdi/jersey-cdi1x/2.27/jersey-cdi1x-2.27.jar:/root/.m2/repository/org/glassfish/jersey/inject/jersey-hk2/2.27/jersey-hk2-2.27.jar:/root/.m2/repository/org/glassfish/hk2/hk2-locator/2.5.0-b42/hk2-locator-2.5.0-b42.jar:/root/.m2/repository/org/javassist/javassist/3.22.0-CR2/javassist-3.22.0-CR2.jar:/root/.m2/repository/org/glassfish/hk2/hk2-api/2.5.0/hk2-api-2.5.0.jar:/root/.m2/repository/org/glassfish/hk2/external/jakarta.inject/2.5.0/jakarta.inject-2.5.0.jar:/root/.m2/repository/org/glassfish/hk2/hk2-utils/2.5.0/hk2-utils-2.5.0.jar:/root/.m2/repository/jakarta/annotation/jakarta.annotation-api/1.3.4/jakarta.annotation-api-1.3.4.jar:/root/.m2/repository/org/glassfish/hk2/external/aopalliance-repackaged/2.5.0/aopalliance-repackaged-2.5.0.jar:/root/.m2/repository/com/fasterxml/jackson/dataformat/jackson-dataformat-xml/2.9.0/jackson-dataformat-xml-2.9.0.jar:/root/.m2/repository/com/fasterxml/jackson/core/jackson-core/2.9.5/jackson-core-2.9.5.jar:/root/.m2/repository/com/fasterxml/jackson/module/jackson-module-jaxb-annotations/2.9.5/jackson-module-jaxb-annotations-2.9.5.jar:/root/.m2/repository/javax/enterprise/cdi-api/1.2/cdi-api-1.2.jar:/root/.m2/repository/javax/el/javax.el-api/3.0.0/javax.el-api-3.0.0.jar:/root/.m2/repository/javax/interceptor/javax.interceptor-api/1.2/javax.interceptor-api-1.2.jar:/root/.m2/repository/javax/inject/javax.inject/1/javax.inject-1.jar:/root/.m2/repository/com/sun/xml/bind/jaxb-impl/2.3.0.1/jaxb-impl-2.3.0.1.jar:/root/.m2/repository/com/sun/xml/bind/jaxb-core/2.3.0.1/jaxb-core-2.3.0.1.jar:/root/.m2/repository/javax/xml/bind/jaxb-api/2.3.0/jaxb-api-2.3.0.jar:/root/.m2/repository/javax/activation/activation/1.1.1/activation-1.1.1.jar:/root/.m2/repository/org/apache/hadoop/hadoop-ozone-csi/0.5.0-SNAPSHOT/hadoop-ozone-csi-0.5.0-SNAPSHOT.jar:/root/.m2/repository/com/google/protobuf/protobuf-java-util/3.5.1/protobuf-java-util-3.5.1.jar:/root/.m2/repository/org/apache/hadoop/hadoop-hdds-config/0.5.0-SNAPSHOT/hadoop-hdds-config-0.5.0-SNAPSHOT.jar:/root/.m2/repository/com/google/guava/guava/11.0.2/guava-11.0.2.jar:/root/.m2/repository/com/google/protobuf/protobuf-java/2.5.0/protobuf-java-2.5.0.jar:/root/.m2/repository/io/grpc/grpc-netty/1.17.1/grpc-netty-1.17.1.jar:/root/.m2/repository/io/grpc/grpc-core/1.17.1/grpc-core-1.17.1.jar:/root/.m2/repository/io/grpc/grpc-context/1.17.1/grpc-context-1.17.1.jar:/root/.m2/repository/com/google/errorprone/error_prone_annotations/2.2.0/error_prone_annotations-2.2.0.jar:/root/.m2/repository/org/codehaus/mojo/animal-sniffer-annotations/1.17/animal-sniffer-annotations-1.17.jar:/root/.m2/repository/io/opencensus/opencensus-api/0.17.0/opencensus-api-0.17.0.jar:/root/.m2/repository/io/opencensus/opencensus-contrib-grpc-metrics/0.17.0/opencensus-contrib-grpc-metrics-0.17.0.jar:/root/.m2/repository/io/netty/netty-codec-http2/4.1.30.Final/netty-codec-http2-4.1.30.Final.jar:/root/.m2/repository/io/netty/netty-codec-http/4.1.30.Final/netty-codec-http-4.1.30.Final.jar:/root/.m2/repository/io/netty/netty-codec/4.1.30.Final/netty-codec-4.1.30.Final.jar:/root/.m2/repository/io/netty/netty-handler/4.1.30.Final/netty-handler-4.1.30.Final.jar:/root/.m2/repository/io/netty/netty-handler-proxy/4.1.30.Final/netty-handler-proxy-4.1.30.Final.jar:/root/.m2/repository/io/netty/netty-codec-socks/4.1.30.Final/netty-codec-socks-4.1.30.Final.jar:/root/.m2/repository/io/netty/netty-transport-native-epoll/4.1.30.Final/netty-transport-native-epoll-4.1.30.Final.jar:/root/.m2/repository/io/netty/netty-common/4.1.30.Final/netty-common-4.1.30.Final.jar:/root/.m2/repository/io/netty/netty-buffer/4.1.30.Final/netty-buffer-4.1.30.Final.jar:/root/.m2/repository/io/netty/netty-transport/4.1.30.Final/netty-transport-4.1.30.Final.jar:/root/.m2/repository/io/netty/netty-resolver/4.1.30.Final/netty-resolver-4.1.30.Final.jar:/root/.m2/repository/io/netty/netty-transport-native-unix-common/4.1.30.Final/netty-transport-native-unix-common-4.1.30.Final.jar:/root/.m2/repository/io/grpc/grpc-protobuf/1.17.1/grpc-protobuf-1.17.1.jar:/root/.m2/repository/com/google/api/grpc/proto-google-common-protos/1.0.0/proto-google-common-protos-1.0.0.jar:/root/.m2/repository/io/grpc/grpc-protobuf-lite/1.17.1/grpc-protobuf-lite-1.17.1.jar:/root/.m2/repository/io/grpc/grpc-stub/1.17.1/grpc-stub-1.17.1.jar:/root/.m2/repository/org/apache/hadoop/hadoop-ozone-recon/0.5.0-SNAPSHOT/hadoop-ozone-recon-0.5.0-SNAPSHOT.jar:/root/.m2/repository/org/apache/hadoop/hadoop-ozone-reconcodegen/0.5.0-SNAPSHOT/hadoop-ozone-reconcodegen-0.5.0-SNAPSHOT.jar:/root/.m2/repository/com/google/inject/extensions/guice-multibindings/4.0/guice-multibindings-4.0.jar:/root/.m2/repository/com/google/inject/guice/4.0/guice-4.0.jar:/root/.m2/repository/aopalliance/aopalliance/1.0/aopalliance-1.0.jar:/root/.m2/repository/com/google/inject/extensions/guice-servlet/4.0/guice-servlet-4.0.jar:/root/.m2/repository/org/glassfish/jersey/containers/jersey-container-servlet/2.27/jersey-container-servlet-2.27.jar:/root/.m2/repository/org/glassfish/hk2/guice-bridge/2.5.0/guice-bridge-2.5.0.jar:/root/.m2/repository/org/glassfish/jersey/core/jersey-server/2.27/jersey-server-2.27.jar:/root/.m2/repository/org/glassfish/jersey/core/jersey-client/2.27/jersey-client-2.27.jar:/root/.m2/repository/org/glassfish/jersey/media/jersey-media-jaxb/2.27/jersey-media-jaxb-2.27.jar:/root/.m2/repository/javax/validation/validation-api/1.1.0.Final/validation-api-1.1.0.Final.jar:/root/.m2/repository/org/glassfish/jersey/media/jersey-media-json-jackson/2.27/jersey-media-json-jackson-2.27.jar:/root/.m2/repository/org/glassfish/jersey/ext/jersey-entity-filtering/2.27/jersey-entity-filtering-2.27.jar:/root/.m2/repository/com/google/inject/extensions/guice-assistedinject/4.0/guice-assistedinject-4.0.jar:/root/.m2/repository/org/jooq/jooq/3.11.10/jooq-3.11.10.jar:/root/.m2/repository/org/jooq/jooq-meta/3.11.10/jooq-meta-3.11.10.jar:/root/.m2/repository/org/jooq/jooq-codegen/3.11.10/jooq-codegen-3.11.10.jar:/root/.m2/repository/com/jolbox/bonecp/0.8.0.RELEASE/bonecp-0.8.0.RELEASE.jar:/root/.m2/repository/org/xerial/sqlite-jdbc/3.25.2/sqlite-jdbc-3.25.2.jar:/root/.m2/repository/org/springframework/spring-jdbc/5.1.3.RELEASE/spring-jdbc-5.1.3.RELEASE.jar:/root/.m2/repository/org/springframework/spring-beans/5.1.3.RELEASE/spring-beans-5.1.3.RELEASE.jar:/root/.m2/repository/org/springframework/spring-core/5.1.3.RELEASE/spring-core-5.1.3.RELEASE.jar:/root/.m2/repository/org/springframework/spring-jcl/5.1.3.RELEASE/spring-jcl-5.1.3.RELEASE.jar:/root/.m2/repository/org/springframework/spring-tx/5.1.3.RELEASE/spring-tx-5.1.3.RELEASE.jar:/root/.m2/repository/org/apache/hadoop/hadoop-ozone-client/0.5.0-SNAPSHOT/hadoop-ozone-client-0.5.0-SNAPSHOT.jar:/root/.m2/repository/org/apache/hadoop/hadoop-ozone-ozone-manager/0.5.0-SNAPSHOT/hadoop-ozone-ozone-manager-0.5.0-SNAPSHOT-tests.jar:/root/.m2/repository/junit/junit/4.11/junit-4.11.jar:/root/.m2/repository/org/hamcrest/hamcrest-core/1.3/hamcrest-core-1.3.jar:/root/.m2/repository/org/openjdk/jmh/jmh-core/1.19/jmh-core-1.19.jar:/root/.m2/repository/net/sf/jopt-simple/jopt-simple/4.6/jopt-simple-4.6.jar:/root/.m2/repository/org/apache/commons/commons-math3/3.1.1/commons-math3-3.1.1.jar:/root/.m2/repository/org/openjdk/jmh/jmh-generator-annprocess/1.19/jmh-generator-annprocess-1.19.jar:/root/.m2/repository/org/mockito/mockito-all/1.8.5/mockito-all-1.8.5.jar:/root/.m2/repository/org/apache/hadoop/hadoop-kms/3.2.0/hadoop-kms-3.2.0.jar:/root/.m2/repository/org/apache/hadoop/hadoop-auth/3.2.0/hadoop-auth-3.2.0.jar:/root/.m2/repository/com/nimbusds/nimbus-jose-jwt/4.41.1/nimbus-jose-jwt-4.41.1.jar:/root/.m2/repository/com/github/stephenc/jcip/jcip-annotations/1.0-1/jcip-annotations-1.0-1.jar:/root/.m2/repository/net/minidev/json-smart/2.3/json-smart-2.3.jar:/root/.m2/repository/net/minidev/accessors-smart/1.2/accessors-smart-1.2.jar:/root/.m2/repository/org/ow2/asm/asm/5.0.4/asm-5.0.4.jar:/root/.m2/repository/org/apache/curator/curator-framework/2.12.0/curator-framework-2.12.0.jar:/root/.m2/repository/com/sun/jersey/jersey-core/1.19/jersey-core-1.19.jar:/root/.m2/repository/javax/ws/rs/jsr311-api/1.1.1/jsr311-api-1.1.1.jar:/root/.m2/repository/com/sun/jersey/jersey-server/1.19/jersey-server-1.19.jar:/root/.m2/repository/javax/servlet/javax.servlet-api/3.1.0/javax.servlet-api-3.1.0.jar:/root/.m2/repository/org/eclipse/jetty/jetty-server/9.3.24.v20180605/jetty-server-9.3.24.v20180605.jar:/root/.m2/repository/org/eclipse/jetty/jetty-http/9.3.24.v20180605/jetty-http-9.3.24.v20180605.jar:/root/.m2/repository/org/eclipse/jetty/jetty-io/9.3.24.v20180605/jetty-io-9.3.24.v20180605.jar:/root/.m2/repository/org/eclipse/jetty/jetty-webapp/9.3.24.v20180605/jetty-webapp-9.3.24.v20180605.jar:/root/.m2/repository/org/eclipse/jetty/jetty-xml/9.3.24.v20180605/jetty-xml-9.3.24.v20180605.jar:/root/.m2/repository/log4j/log4j/1.2.17/log4j-1.2.17.jar:/root/.m2/repository/org/slf4j/slf4j-api/1.7.25/slf4j-api-1.7.25.jar:/root/.m2/repository/org/slf4j/jul-to-slf4j/1.7.25/jul-to-slf4j-1.7.25.jar:/root/.m2/repository/org/eclipse/jetty/jetty-util/9.3.24.v20180605/jetty-util-9.3.24.v20180605.jar:/root/.m2/repository/io/dropwizard/metrics/metrics-core/3.2.4/metrics-core-3.2.4.jar:/root/.m2/repository/com/fasterxml/jackson/core/jackson-databind/2.9.5/jackson-databind-2.9.5.jar:/root/.m2/repository/org/apache/hadoop/hadoop-kms/3.2.0/hadoop-kms-3.2.0-tests.jar:/root/.m2/repository/org/apache/hadoop/hadoop-hdds-server-scm/0.5.0-SNAPSHOT/hadoop-hdds-server-scm-0.5.0-SNAPSHOT-tests.jar:/root/.m2/repository/org/hamcrest/hamcrest-all/1.3/hamcrest-all-1.3.jar:/root/.m2/repository/info/picocli/picocli/3.9.6/picocli-3.9.6.jar:/root/.m2/repository/org/apache/hadoop/hadoop-hdds-container-service/0.5.0-SNAPSHOT/hadoop-hdds-container-service-0.5.0-SNAPSHOT-tests.jar:/root/.m2/repository/org/yaml/snakeyaml/1.16/snakeyaml-1.16.jar:/root/.m2/repository/org/apache/hadoop/hadoop-common/3.2.0/hadoop-common-3.2.0-tests.jar:/root/.m2/repository/org/apache/hadoop/hadoop-annotations/3.2.0/hadoop-annotations-3.2.0.jar:/usr/lib/jvm/java-1.8-openjdk/jre/../lib/tools.jar:/root/.m2/repository/commons-cli/commons-cli/1.2/commons-cli-1.2.jar:/root/.m2/repository/org/apache/httpcomponents/httpclient/4.5.2/httpclient-4.5.2.jar:/root/.m2/repository/org/apache/httpcomponents/httpcore/4.4.4/httpcore-4.4.4.jar:/root/.m2/repository/commons-codec/commons-codec/1.11/commons-codec-1.11.jar:/root/.m2/repository/commons-net/commons-net/3.6/commons-net-3.6.jar:/root/.m2/repository/commons-collections/commons-collections/3.2.2/commons-collections-3.2.2.jar:/root/.m2/repository/org/eclipse/jetty/jetty-servlet/9.3.24.v20180605/jetty-servlet-9.3.24.v20180605.jar:/root/.m2/repository/org/eclipse/jetty/jetty-security/9.3.24.v20180605/jetty-security-9.3.24.v20180605.jar:/root/.m2/repository/javax/servlet/jsp/jsp-api/2.1/jsp-api-2.1.jar:/root/.m2/repository/com/sun/jersey/jersey-servlet/1.19/jersey-servlet-1.19.jar:/root/.m2/repository/com/sun/jersey/jersey-json/1.19/jersey-json-1.19.jar:/root/.m2/repository/org/codehaus/jettison/jettison/1.1/jettison-1.1.jar:/root/.m2/repository/org/codehaus/jackson/jackson-core-asl/1.9.13/jackson-core-asl-1.9.13.jar:/root/.m2/repository/org/codehaus/jackson/jackson-mapper-asl/1.9.13/jackson-mapper-asl-1.9.13.jar:/root/.m2/repository/org/codehaus/jackson/jackson-jaxrs/1.9.13/jackson-jaxrs-1.9.13.jar:/root/.m2/repository/org/codehaus/jackson/jackson-xc/1.9.13/jackson-xc-1.9.13.jar:/root/.m2/repository/commons-logging/commons-logging/1.1.3/commons-logging-1.1.3.jar:/root/.m2/repository/commons-beanutils/commons-beanutils/1.9.3/commons-beanutils-1.9.3.jar:/root/.m2/repository/org/apache/commons/commons-configuration2/2.1.1/commons-configuration2-2.1.1.jar:/root/.m2/repository/org/apache/commons/commons-lang3/3.7/commons-lang3-3.7.jar:/root/.m2/repository/org/apache/commons/commons-text/1.4/commons-text-1.4.jar:/root/.m2/repository/org/apache/avro/avro/1.7.7/avro-1.7.7.jar:/root/.m2/repository/com/thoughtworks/paranamer/paranamer/2.3/paranamer-2.3.jar:/root/.m2/repository/org/xerial/snappy/snappy-java/1.0.5/snappy-java-1.0.5.jar:/root/.m2/repository/com/google/re2j/re2j/1.1/re2j-1.1.jar:/root/.m2/repository/com/google/code/gson/gson/2.2.4/gson-2.2.4.jar:/root/.m2/repository/com/jcraft/jsch/0.1.54/jsch-0.1.54.jar:/root/.m2/repository/org/apache/curator/curator-client/2.12.0/curator-client-2.12.0.jar:/root/.m2/repository/org/apache/curator/curator-recipes/2.12.0/curator-recipes-2.12.0.jar:/root/.m2/repository/com/google/code/findbugs/jsr305/3.0.0/jsr305-3.0.0.jar:/root/.m2/repository/org/apache/htrace/htrace-core4/4.1.0-incubating/htrace-core4-4.1.0-incubating.jar:/root/.m2/repository/org/apache/zookeeper/zookeeper/3.4.13/zookeeper-3.4.13.jar:/root/.m2/repository/org/apache/yetus/audience-annotations/0.5.0/audience-annotations-0.5.0.jar:/root/.m2/repository/org/codehaus/woodstox/stax2-api/3.1.4/stax2-api-3.1.4.jar:/root/.m2/repository/com/fasterxml/woodstox/woodstox-core/5.0.3/woodstox-core-5.0.3.jar:/root/.m2/repository/dnsjava/dnsjava/2.1.7/dnsjava-2.1.7.jar:/root/.m2/repository/org/apache/hadoop/hadoop-hdfs/3.2.0/hadoop-hdfs-3.2.0-tests.jar:/root/.m2/repository/org/eclipse/jetty/jetty-util-ajax/9.3.24.v20180605/jetty-util-ajax-9.3.24.v20180605.jar:/root/.m2/repository/commons-daemon/commons-daemon/1.0.13/commons-daemon-1.0.13.jar:/root/.m2/repository/io/netty/netty/3.10.5.Final/netty-3.10.5.Final.jar:/root/.m2/repository/io/netty/netty-all/4.0.52.Final/netty-all-4.0.52.Final.jar:/root/.m2/repository/org/fusesource/leveldbjni/leveldbjni-all/1.8/leveldbjni-all-1.8.jar:"/>
    <property name="sun.cpu.endian" value="little"/>
    <property name="user.home" value="/root"/>
    <property name="user.language" value="en"/>
    <property name="java.specification.vendor" value="Oracle Corporation"/>
    <property name="java.home" value="/usr/lib/jvm/java-1.8-openjdk/jre"/>
    <property name="java.security.krb5.conf" value="/opt/src/hadoop-ozone/integration-test/target/test-classes/krb5.conf"/>
    <property name="basedir" value="/opt/src/hadoop-ozone/integration-test"/>
    <property name="file.separator" value="/"/>
    <property name="line.separator" value="&#10;"/>
    <property name="java.vm.specification.vendor" value="Oracle Corporation"/>
    <property name="java.specification.name" value="Java Platform API Specification"/>
    <property name="java.awt.graphicsenv" value="sun.awt.X11GraphicsEnvironment"/>
    <property name="surefire.real.class.path" value="/opt/src/hadoop-ozone/integration-test/target/surefire/surefirebooter7916002799303203497.jar"/>
    <property name="hadoop.log.dir" value="/opt/src/hadoop-ozone/integration-test/target/log"/>
    <property name="sun.boot.class.path" value="/usr/lib/jvm/java-1.8-openjdk/jre/lib/resources.jar:/usr/lib/jvm/java-1.8-openjdk/jre/lib/rt.jar:/usr/lib/jvm/java-1.8-openjdk/jre/lib/sunrsasign.jar:/usr/lib/jvm/java-1.8-openjdk/jre/lib/jsse.jar:/usr/lib/jvm/java-1.8-openjdk/jre/lib/jce.jar:/usr/lib/jvm/java-1.8-openjdk/jre/lib/charsets.jar:/usr/lib/jvm/java-1.8-openjdk/jre/lib/jfr.jar:/usr/lib/jvm/java-1.8-openjdk/jre/classes"/>
    <property name="sun.management.compiler" value="HotSpot 64-Bit Tiered Compilers"/>
    <property name="java.runtime.version" value="1.8.0_212-b04"/>
    <property name="java.net.preferIPv4Stack" value="true"/>
    <property name="user.name" value="root"/>
    <property name="path.separator" value=":"/>
    <property name="java.security.egd" value="file:///dev/urandom"/>
    <property name="os.version" value="4.15.0-1021-aws"/>
    <property name="java.endorsed.dirs" value="/usr/lib/jvm/java-1.8-openjdk/jre/lib/endorsed"/>
    <property name="java.runtime.name" value="OpenJDK Runtime Environment"/>
    <property name="file.encoding" value="UTF-8"/>
    <property name="java.vm.name" value="OpenJDK 64-Bit Server VM"/>
    <property name="test.build.webapps" value=""/>
    <property name="localRepository" value="/root/.m2/repository"/>
    <property name="java.vendor.url.bug" value="https://icedtea.classpath.org/bugzilla"/>
    <property name="java.io.tmpdir" value="/tmp"/>
    <property name="require.test.libhadoop" value=""/>
    <property name="java.version" value="1.8.0_212"/>
    <property name="user.dir" value="/opt/src/hadoop-ozone/integration-test"/>
    <property name="os.arch" value="amd64"/>
    <property name="java.vm.specification.name" value="Java Virtual Machine Specification"/>
    <property name="test.build.classes" value="/opt/src/hadoop-ozone/integration-test/target/test-classes"/>
    <property name="java.awt.printerjob" value="sun.print.PSPrinterJob"/>
    <property name="sun.os.patch.level" value="unknown"/>
    <property name="hadoop.tmp.dir" value="/opt/src/hadoop-ozone/integration-test/target/tmp"/>
    <property name="java.library.path" value="/usr/lib/jvm/java-1.8-openjdk/jre/lib/amd64/server:/usr/lib/jvm/java-1.8-openjdk/jre/lib/amd64:/usr/lib/jvm/java-1.8-openjdk/jre/../lib/amd64:/opt/src/hadoop-ozone/integration-test/target/native/target/usr/local/lib:/opt/src/hadoop-ozone/integration-test/../../hadoop-common-project/hadoop-common/target/native/target/usr/local/lib:/usr/java/packages/lib/amd64:/usr/lib64:/lib64:/lib:/usr/lib"/>
    <property name="java.vm.info" value="mixed mode"/>
    <property name="java.vendor" value="IcedTea"/>
    <property name="java.vm.version" value="25.212-b04"/>
    <property name="java.ext.dirs" value="/usr/lib/jvm/java-1.8-openjdk/jre/lib/ext:/usr/java/packages/lib/ext"/>
    <property name="sun.io.unicode.encoding" value="UnicodeLittle"/>
    <property name="java.class.version" value="52.0"/>
  </properties>
  <testcase name="testWatchForCommitWithKeyWrite" classname="org.apache.hadoop.ozone.client.rpc.TestWatchForCommit" time="19.07"/>
  <testcase name="testWatchForCommitWithSmallerTimeoutValue" classname="org.apache.hadoop.ozone.client.rpc.TestWatchForCommit" time="14.958"/>
  <testcase name="testWatchForCommitForRetryfailure" classname="org.apache.hadoop.ozone.client.rpc.TestWatchForCommit" time="50.875">
    <failure type="java.lang.AssertionError">java.lang.AssertionError
	at org.junit.Assert.fail(Assert.java:86)
	at org.junit.Assert.assertTrue(Assert.java:41)
	at org.junit.Assert.assertTrue(Assert.java:52)
	at org.apache.hadoop.ozone.client.rpc.TestWatchForCommit.testWatchForCommitForRetryfailure(TestWatchForCommit.java:350)
	at sun.reflect.NativeMethodAccessorImpl.invoke0(Native Method)
	at sun.reflect.NativeMethodAccessorImpl.invoke(NativeMethodAccessorImpl.java:62)
	at sun.reflect.DelegatingMethodAccessorImpl.invoke(DelegatingMethodAccessorImpl.java:43)
	at java.lang.reflect.Method.invoke(Method.java:498)
	at org.junit.runners.model.FrameworkMethod$1.runReflectiveCall(FrameworkMethod.java:47)
	at org.junit.internal.runners.model.ReflectiveCallable.run(ReflectiveCallable.java:12)
	at org.junit.runners.model.FrameworkMethod.invokeExplosively(FrameworkMethod.java:44)
	at org.junit.internal.runners.statements.InvokeMethod.evaluate(InvokeMethod.java:17)
	at org.junit.runners.ParentRunner.runLeaf(ParentRunner.java:271)
	at org.junit.runners.BlockJUnit4ClassRunner.runChild(BlockJUnit4ClassRunner.java:70)
	at org.junit.runners.BlockJUnit4ClassRunner.runChild(BlockJUnit4ClassRunner.java:50)
	at org.junit.runners.ParentRunner$3.run(ParentRunner.java:238)
	at org.junit.runners.ParentRunner$1.schedule(ParentRunner.java:63)
	at org.junit.runners.ParentRunner.runChildren(ParentRunner.java:236)
	at org.junit.runners.ParentRunner.access$000(ParentRunner.java:53)
	at org.junit.runners.ParentRunner$2.evaluate(ParentRunner.java:229)
	at org.junit.runners.ParentRunner.run(ParentRunner.java:309)
	at org.apache.maven.surefire.junit4.JUnit4Provider.execute(JUnit4Provider.java:365)
	at org.apache.maven.surefire.junit4.JUnit4Provider.executeWithRerun(JUnit4Provider.java:273)
	at org.apache.maven.surefire.junit4.JUnit4Provider.executeTestSet(JUnit4Provider.java:238)
	at org.apache.maven.surefire.junit4.JUnit4Provider.invoke(JUnit4Provider.java:159)
	at org.apache.maven.surefire.booter.ForkedBooter.invokeProviderInSameClassLoader(ForkedBooter.java:384)
	at org.apache.maven.surefire.booter.ForkedBooter.runSuitesInProcess(ForkedBooter.java:345)
	at org.apache.maven.surefire.booter.ForkedBooter.execute(ForkedBooter.java:126)
	at org.apache.maven.surefire.booter.ForkedBooter.main(ForkedBooter.java:418)
</failure>
    <system-out><![CDATA[2019-06-13 18:31:56,188 WARN  server.ServerUtils (ServerUtils.java:getScmDbDir(145)) - ozone.scm.db.dirs is not configured. We recommend adding this setting. Falling back to ozone.metadata.dirs instead.
2019-06-13 18:31:56,191 WARN  server.ServerUtils (ServerUtils.java:getScmDbDir(145)) - ozone.scm.db.dirs is not configured. We recommend adding this setting. Falling back to ozone.metadata.dirs instead.
2019-06-13 18:31:56,191 WARN  server.ServerUtils (ServerUtils.java:getScmDbDir(145)) - ozone.scm.db.dirs is not configured. We recommend adding this setting. Falling back to ozone.metadata.dirs instead.
2019-06-13 18:31:56,192 INFO  db.DBStoreBuilder (DBStoreBuilder.java:addTable(110)) - using custom profile for table: deletedBlocks
2019-06-13 18:31:56,192 INFO  db.DBStoreBuilder (DBStoreBuilder.java:processTables(161)) - Using default column profile:DBProfile.DISK for Table:deletedBlocks
2019-06-13 18:31:56,192 INFO  db.DBStoreBuilder (DBStoreBuilder.java:addTable(110)) - using custom profile for table: validCerts
2019-06-13 18:31:56,192 INFO  db.DBStoreBuilder (DBStoreBuilder.java:processTables(161)) - Using default column profile:DBProfile.DISK for Table:validCerts
2019-06-13 18:31:56,193 INFO  db.DBStoreBuilder (DBStoreBuilder.java:addTable(110)) - using custom profile for table: revokedCerts
2019-06-13 18:31:56,193 INFO  db.DBStoreBuilder (DBStoreBuilder.java:processTables(161)) - Using default column profile:DBProfile.DISK for Table:revokedCerts
2019-06-13 18:31:56,193 INFO  db.DBStoreBuilder (DBStoreBuilder.java:addTable(110)) - using custom profile for table: default
2019-06-13 18:31:56,193 INFO  db.DBStoreBuilder (DBStoreBuilder.java:processTables(167)) - Using default column profile:DBProfile.DISK for Table:default
2019-06-13 18:31:56,193 INFO  db.DBStoreBuilder (DBStoreBuilder.java:getDbProfile(198)) - Using default options. DBProfile.DISK
2019-06-13 18:31:56,235 WARN  server.ServerUtils (ServerUtils.java:sanitizeUserArgs(70)) - ozone.scm.stale.node.interval value = 300000 is larger than max = 100000 based on the key value of ozone.scm.heartbeat.thread.interval, reset to the max value 100000.
2019-06-13 18:31:56,235 WARN  server.ServerUtils (ServerUtils.java:sanitizeUserArgs(70)) - ozone.scm.stale.node.interval value = 300000 is larger than max = 100000 based on the key value of ozone.scm.heartbeat.thread.interval, reset to the max value 100000.
2019-06-13 18:31:56,235 INFO  node.SCMNodeManager (SCMNodeManager.java:<init>(108)) - Entering startup safe mode.
2019-06-13 18:31:56,236 INFO  net.NodeSchemaLoader (NodeSchemaLoader.java:loadSchemaFromFile(125)) - Loading file from sun.misc.CompoundEnumeration@764db16c
2019-06-13 18:31:56,236 INFO  net.NodeSchemaLoader (NodeSchemaLoader.java:loadSchema(171)) - Loading network topology layer schema file
2019-06-13 18:31:56,238 WARN  server.ServerUtils (ServerUtils.java:getScmDbDir(145)) - ozone.scm.db.dirs is not configured. We recommend adding this setting. Falling back to ozone.metadata.dirs instead.
2019-06-13 18:31:56,251 INFO  pipeline.SCMPipelineManager (SCMPipelineManager.java:initializePipelineState(126)) - No pipeline exists in current db
2019-06-13 18:31:56,251 WARN  server.ServerUtils (ServerUtils.java:getScmDbDir(145)) - ozone.scm.db.dirs is not configured. We recommend adding this setting. Falling back to ozone.metadata.dirs instead.
2019-06-13 18:31:56,266 WARN  events.EventQueue (EventQueue.java:fireEvent(175)) - No event handler registered for event TypedEvent{payloadType=SafeModeStatus, name='SafeModeStatus'}
2019-06-13 18:31:56,267 INFO  ipc.CallQueueManager (CallQueueManager.java:<init>(84)) - Using callQueue: class java.util.concurrent.LinkedBlockingQueue, queueCapacity: 2000, scheduler: class org.apache.hadoop.ipc.DefaultRpcScheduler, ipcBackoff: false.
2019-06-13 18:31:56,267 INFO  ipc.Server (Server.java:run(1074)) - Starting Socket Reader #1 for port 36099
2019-06-13 18:31:56,269 INFO  ipc.CallQueueManager (CallQueueManager.java:<init>(84)) - Using callQueue: class java.util.concurrent.LinkedBlockingQueue, queueCapacity: 2000, scheduler: class org.apache.hadoop.ipc.DefaultRpcScheduler, ipcBackoff: false.
2019-06-13 18:31:56,269 INFO  ipc.Server (Server.java:run(1074)) - Starting Socket Reader #1 for port 40809
2019-06-13 18:31:56,271 INFO  ipc.CallQueueManager (CallQueueManager.java:<init>(84)) - Using callQueue: class java.util.concurrent.LinkedBlockingQueue, queueCapacity: 2000, scheduler: class org.apache.hadoop.ipc.DefaultRpcScheduler, ipcBackoff: false.
2019-06-13 18:31:56,271 INFO  ipc.Server (Server.java:run(1074)) - Starting Socket Reader #1 for port 40177
2019-06-13 18:31:56,273 INFO  hdfs.DFSUtil (DFSUtil.java:httpServerTemplateForNNAndJN(1641)) - Starting Web-server for scm at: http://0.0.0.0:0
2019-06-13 18:31:56,275 INFO  server.AuthenticationFilter (AuthenticationFilter.java:constructSecretProvider(240)) - Unable to initialize FileSignerSecretProvider, falling back to use random secrets.
2019-06-13 18:31:56,275 WARN  http.HttpRequestLog (HttpRequestLog.java:getRequestLog(97)) - Jetty request log can only be enabled using Log4j
2019-06-13 18:31:56,276 INFO  http.HttpServer2 (HttpServer2.java:addGlobalFilter(975)) - Added global filter 'safety' (class=org.apache.hadoop.http.HttpServer2$QuotingInputFilter)
2019-06-13 18:31:56,277 INFO  http.HttpServer2 (HttpServer2.java:addFilter(948)) - Added filter static_user_filter (class=org.apache.hadoop.http.lib.StaticUserWebFilter$StaticUserFilter) to context scm
2019-06-13 18:31:56,277 INFO  http.HttpServer2 (HttpServer2.java:addFilter(958)) - Added filter static_user_filter (class=org.apache.hadoop.http.lib.StaticUserWebFilter$StaticUserFilter) to context logs
2019-06-13 18:31:56,277 INFO  http.HttpServer2 (HttpServer2.java:addFilter(958)) - Added filter static_user_filter (class=org.apache.hadoop.http.lib.StaticUserWebFilter$StaticUserFilter) to context static
2019-06-13 18:31:56,281 INFO  server.StorageContainerManager (StorageContainerManager.java:start(752)) - StorageContainerLocationProtocol RPC server is listening at /0.0.0.0:40177
2019-06-13 18:31:56,281 INFO  impl.MetricsSystemImpl (MetricsSystemImpl.java:init(158)) - StorageContainerManager metrics system started (again)
2019-06-13 18:31:56,281 INFO  server.SCMClientProtocolServer (SCMClientProtocolServer.java:start(149)) - RPC server for Client  is listening at /0.0.0.0:40177
2019-06-13 18:31:56,282 INFO  ipc.Server (Server.java:run(1314)) - IPC Server Responder: starting
2019-06-13 18:31:56,282 INFO  ipc.Server (Server.java:run(1153)) - IPC Server listener on 40177: starting
2019-06-13 18:31:56,294 INFO  server.StorageContainerManager (StorageContainerManager.java:start(761)) - ScmBlockLocationProtocol RPC server is listening at /0.0.0.0:40809
2019-06-13 18:31:56,294 INFO  server.SCMBlockProtocolServer (SCMBlockProtocolServer.java:start(137)) - RPC server for Block Protocol is listening at /0.0.0.0:40809
2019-06-13 18:31:56,294 INFO  ipc.Server (Server.java:run(1314)) - IPC Server Responder: starting
2019-06-13 18:31:56,295 INFO  ipc.Server (Server.java:run(1153)) - IPC Server listener on 40809: starting
2019-06-13 18:31:56,309 INFO  server.StorageContainerManager (StorageContainerManager.java:start(765)) - ScmDatanodeProtocl RPC server is listening at /0.0.0.0:36099
2019-06-13 18:31:56,310 INFO  server.SCMDatanodeProtocolServer (SCMDatanodeProtocolServer.java:start(191)) - RPC server for DataNodes is listening at /0.0.0.0:36099
2019-06-13 18:31:56,310 INFO  ipc.Server (Server.java:run(1314)) - IPC Server Responder: starting
2019-06-13 18:31:56,310 INFO  ipc.Server (Server.java:run(1153)) - IPC Server listener on 36099: starting
2019-06-13 18:31:56,313 INFO  http.HttpServer2 (HttpServer2.java:bindListener(1191)) - Jetty bound to port 35139
2019-06-13 18:31:56,313 INFO  server.Server (Server.java:doStart(351)) - jetty-9.3.24.v20180605, build timestamp: 2018-06-05T17:11:56Z, git hash: 84205aa28f11a4f31f2a3b86d1bba2cc8ab69827
2019-06-13 18:31:56,314 INFO  handler.ContextHandler (ContextHandler.java:doStart(781)) - Started o.e.j.s.ServletContextHandler@57afe44b{/logs,file:///opt/src/hadoop-ozone/integration-test/target/log,AVAILABLE}
2019-06-13 18:31:56,315 INFO  handler.ContextHandler (ContextHandler.java:doStart(781)) - Started o.e.j.s.ServletContextHandler@28f8ce2e{/static,file:///opt/src/hadoop-ozone/integration-test/target/test-classes/webapps/static,AVAILABLE}
2019-06-13 18:31:56,318 INFO  handler.ContextHandler (ContextHandler.java:doStart(781)) - Started o.e.j.w.WebAppContext@66682e8f{/,file:///opt/src/hadoop-ozone/integration-test/target/test-classes/webapps/scm/,AVAILABLE}{/scm}
2019-06-13 18:31:56,319 INFO  server.AbstractConnector (AbstractConnector.java:doStart(278)) - Started ServerConnector@2d2af12e{HTTP/1.1,[http/1.1]}{0.0.0.0:35139}
2019-06-13 18:31:56,319 INFO  server.Server (Server.java:doStart(419)) - Started @34502ms
2019-06-13 18:31:56,320 INFO  server.BaseHttpServer (BaseHttpServer.java:updateConnectorAddress(207)) - HTTP server of SCM is listening at http://0.0.0.0:35139
2019-06-13 18:31:56,321 INFO  util.JvmPauseMonitor (JvmPauseMonitor.java:run(188)) - Starting JVM pause monitor
2019-06-13 18:31:56,321 WARN  scm.ScmUtils (ScmUtils.java:getDBPath(63)) - ozone.om.db.dirs is not configured. We recommend adding this setting. Falling back to ozone.metadata.dirs instead.
2019-06-13 18:31:56,324 WARN  scm.ScmUtils (ScmUtils.java:getDBPath(63)) - ozone.om.db.dirs is not configured. We recommend adding this setting. Falling back to ozone.metadata.dirs instead.
2019-06-13 18:31:56,324 INFO  om.OzoneManager (OzoneManager.java:setOMNodeDetails(519)) - OM Service ID is not set. Setting it to the default ID: omServiceIdDefault
2019-06-13 18:31:56,324 INFO  om.OzoneManager (OzoneManager.java:setOMNodeDetails(525)) - OM Node ID is not set. Setting it to the OmStorage's OmID: 6e263608-1c79-4d8c-8bae-a3bf1ba02652
2019-06-13 18:31:56,324 WARN  scm.HddsServerUtil (HddsServerUtil.java:getDefaultRatisDirectory(354)) - Storage directory for Ratis is not configured. It is a good idea to map this to an SSD disk. Falling back to ozone.metadata.dirs
2019-06-13 18:31:56,324 WARN  scm.HddsServerUtil (HddsServerUtil.java:getDefaultRatisDirectory(354)) - Storage directory for Ratis is not configured. It is a good idea to map this to an SSD disk. Falling back to ozone.metadata.dirs
2019-06-13 18:31:56,325 INFO  om.OzoneManager (OzoneManager.java:loadOMHAConfigs(476)) - Found matching OM address with OMServiceId: null, OMNodeId: null, RPC Address: localhost:0 and Ratis port: 9872
2019-06-13 18:31:56,329 WARN  scm.ScmUtils (ScmUtils.java:getDBPath(63)) - ozone.om.db.dirs is not configured. We recommend adding this setting. Falling back to ozone.metadata.dirs instead.
2019-06-13 18:31:56,329 INFO  db.DBStoreBuilder (DBStoreBuilder.java:addTable(110)) - using custom profile for table: userTable
2019-06-13 18:31:56,330 INFO  db.DBStoreBuilder (DBStoreBuilder.java:processTables(161)) - Using default column profile:DBProfile.DISK for Table:userTable
2019-06-13 18:31:56,330 INFO  db.DBStoreBuilder (DBStoreBuilder.java:addTable(110)) - using custom profile for table: volumeTable
2019-06-13 18:31:56,330 INFO  db.DBStoreBuilder (DBStoreBuilder.java:processTables(161)) - Using default column profile:DBProfile.DISK for Table:volumeTable
2019-06-13 18:31:56,330 INFO  db.DBStoreBuilder (DBStoreBuilder.java:addTable(110)) - using custom profile for table: bucketTable
2019-06-13 18:31:56,330 INFO  db.DBStoreBuilder (DBStoreBuilder.java:processTables(161)) - Using default column profile:DBProfile.DISK for Table:bucketTable
2019-06-13 18:31:56,330 INFO  db.DBStoreBuilder (DBStoreBuilder.java:addTable(110)) - using custom profile for table: keyTable
2019-06-13 18:31:56,330 INFO  db.DBStoreBuilder (DBStoreBuilder.java:processTables(161)) - Using default column profile:DBProfile.DISK for Table:keyTable
2019-06-13 18:31:56,331 INFO  db.DBStoreBuilder (DBStoreBuilder.java:addTable(110)) - using custom profile for table: deletedTable
2019-06-13 18:31:56,331 INFO  db.DBStoreBuilder (DBStoreBuilder.java:processTables(161)) - Using default column profile:DBProfile.DISK for Table:deletedTable
2019-06-13 18:31:56,331 INFO  db.DBStoreBuilder (DBStoreBuilder.java:addTable(110)) - using custom profile for table: openKeyTable
2019-06-13 18:31:56,331 INFO  db.DBStoreBuilder (DBStoreBuilder.java:processTables(161)) - Using default column profile:DBProfile.DISK for Table:openKeyTable
2019-06-13 18:31:56,331 INFO  db.DBStoreBuilder (DBStoreBuilder.java:addTable(110)) - using custom profile for table: s3Table
2019-06-13 18:31:56,331 INFO  db.DBStoreBuilder (DBStoreBuilder.java:processTables(161)) - Using default column profile:DBProfile.DISK for Table:s3Table
2019-06-13 18:31:56,331 INFO  db.DBStoreBuilder (DBStoreBuilder.java:addTable(110)) - using custom profile for table: multipartInfoTable
2019-06-13 18:31:56,331 INFO  db.DBStoreBuilder (DBStoreBuilder.java:processTables(161)) - Using default column profile:DBProfile.DISK for Table:multipartInfoTable
2019-06-13 18:31:56,332 INFO  db.DBStoreBuilder (DBStoreBuilder.java:addTable(110)) - using custom profile for table: dTokenTable
2019-06-13 18:31:56,332 INFO  db.DBStoreBuilder (DBStoreBuilder.java:processTables(161)) - Using default column profile:DBProfile.DISK for Table:dTokenTable
2019-06-13 18:31:56,332 INFO  db.DBStoreBuilder (DBStoreBuilder.java:addTable(110)) - using custom profile for table: s3SecretTable
2019-06-13 18:31:56,332 INFO  db.DBStoreBuilder (DBStoreBuilder.java:processTables(161)) - Using default column profile:DBProfile.DISK for Table:s3SecretTable
2019-06-13 18:31:56,332 INFO  db.DBStoreBuilder (DBStoreBuilder.java:addTable(110)) - using custom profile for table: prefixTable
2019-06-13 18:31:56,332 INFO  db.DBStoreBuilder (DBStoreBuilder.java:processTables(161)) - Using default column profile:DBProfile.DISK for Table:prefixTable
2019-06-13 18:31:56,332 INFO  db.DBStoreBuilder (DBStoreBuilder.java:addTable(110)) - using custom profile for table: default
2019-06-13 18:31:56,333 INFO  db.DBStoreBuilder (DBStoreBuilder.java:processTables(167)) - Using default column profile:DBProfile.DISK for Table:default
2019-06-13 18:31:56,333 INFO  db.DBStoreBuilder (DBStoreBuilder.java:getDbProfile(198)) - Using default options. DBProfile.DISK
2019-06-13 18:31:56,464 INFO  ipc.CallQueueManager (CallQueueManager.java:<init>(84)) - Using callQueue: class java.util.concurrent.LinkedBlockingQueue, queueCapacity: 2000, scheduler: class org.apache.hadoop.ipc.DefaultRpcScheduler, ipcBackoff: false.
2019-06-13 18:31:56,465 INFO  ipc.Server (Server.java:run(1074)) - Starting Socket Reader #1 for port 36579
2019-06-13 18:31:56,474 WARN  scm.ScmUtils (ScmUtils.java:getDBPath(63)) - ozone.om.db.dirs is not configured. We recommend adding this setting. Falling back to ozone.metadata.dirs instead.
2019-06-13 18:31:56,474 INFO  om.OzoneManager (OzoneManager.java:start(1217)) - OzoneManager RPC server is listening at localhost/127.0.0.1:36579
2019-06-13 18:31:56,475 INFO  impl.MetricsSystemImpl (MetricsSystemImpl.java:init(158)) - OzoneManager metrics system started (again)
2019-06-13 18:31:56,475 INFO  ipc.Server (Server.java:run(1314)) - IPC Server Responder: starting
2019-06-13 18:31:56,475 INFO  ipc.Server (Server.java:run(1153)) - IPC Server listener on 36579: starting
2019-06-13 18:31:56,479 INFO  hdfs.DFSUtil (DFSUtil.java:httpServerTemplateForNNAndJN(1641)) - Starting Web-server for ozoneManager at: http://0.0.0.0:0
2019-06-13 18:31:56,480 INFO  server.AuthenticationFilter (AuthenticationFilter.java:constructSecretProvider(240)) - Unable to initialize FileSignerSecretProvider, falling back to use random secrets.
2019-06-13 18:31:56,480 WARN  http.HttpRequestLog (HttpRequestLog.java:getRequestLog(97)) - Jetty request log can only be enabled using Log4j
2019-06-13 18:31:56,481 INFO  http.HttpServer2 (HttpServer2.java:addGlobalFilter(975)) - Added global filter 'safety' (class=org.apache.hadoop.http.HttpServer2$QuotingInputFilter)
2019-06-13 18:31:56,482 INFO  http.HttpServer2 (HttpServer2.java:addFilter(948)) - Added filter static_user_filter (class=org.apache.hadoop.http.lib.StaticUserWebFilter$StaticUserFilter) to context ozoneManager
2019-06-13 18:31:56,482 INFO  http.HttpServer2 (HttpServer2.java:addFilter(958)) - Added filter static_user_filter (class=org.apache.hadoop.http.lib.StaticUserWebFilter$StaticUserFilter) to context logs
2019-06-13 18:31:56,482 INFO  http.HttpServer2 (HttpServer2.java:addFilter(958)) - Added filter static_user_filter (class=org.apache.hadoop.http.lib.StaticUserWebFilter$StaticUserFilter) to context static
2019-06-13 18:31:56,483 INFO  http.HttpServer2 (HttpServer2.java:bindListener(1191)) - Jetty bound to port 45007
2019-06-13 18:31:56,483 INFO  server.Server (Server.java:doStart(351)) - jetty-9.3.24.v20180605, build timestamp: 2018-06-05T17:11:56Z, git hash: 84205aa28f11a4f31f2a3b86d1bba2cc8ab69827
2019-06-13 18:31:56,485 INFO  handler.ContextHandler (ContextHandler.java:doStart(781)) - Started o.e.j.s.ServletContextHandler@603c2dee{/logs,file:///opt/src/hadoop-ozone/integration-test/target/log,AVAILABLE}
2019-06-13 18:31:56,485 INFO  handler.ContextHandler (ContextHandler.java:doStart(781)) - Started o.e.j.s.ServletContextHandler@3f6906f4{/static,file:///opt/src/hadoop-ozone/integration-test/target/test-classes/webapps/static,AVAILABLE}
2019-06-13 18:31:56,490 INFO  handler.ContextHandler (ContextHandler.java:doStart(781)) - Started o.e.j.w.WebAppContext@2dd2ff87{/,file:///opt/src/hadoop-ozone/integration-test/target/test-classes/webapps/ozoneManager/,AVAILABLE}{/ozoneManager}
2019-06-13 18:31:56,490 INFO  server.AbstractConnector (AbstractConnector.java:doStart(278)) - Started ServerConnector@6a38e3d1{HTTP/1.1,[http/1.1]}{0.0.0.0:45007}
2019-06-13 18:31:56,491 INFO  server.Server (Server.java:doStart(419)) - Started @34674ms
2019-06-13 18:31:56,492 INFO  server.BaseHttpServer (BaseHttpServer.java:updateConnectorAddress(207)) - HTTP server of OZONEMANAGER is listening at http://0.0.0.0:45007
2019-06-13 18:31:56,505 INFO  impl.MetricsSystemImpl (MetricsSystemImpl.java:init(158)) - HddsDatanode metrics system started (again)
2019-06-13 18:31:56,505 INFO  ozone.HddsDatanodeService (HddsDatanodeService.java:start(185)) - HddsDatanodeService host:ozone-pdpn9-622331312 ip:192.168.105.177
2019-06-13 18:31:56,510 INFO  volume.HddsVolume (HddsVolume.java:<init>(176)) - Creating Volume: /opt/src/hadoop-ozone/integration-test/target/test-dir/MiniOzoneClusterImpl-f2c748e5-adcb-4c4c-a654-eab58aa7afbf/datanode-0/data/containers/hdds of  storage type : DISK and capacity : 104021790720
2019-06-13 18:31:56,510 INFO  volume.VolumeSet (VolumeSet.java:initializeVolumeSet(170)) - Added Volume : /opt/src/hadoop-ozone/integration-test/target/test-dir/MiniOzoneClusterImpl-f2c748e5-adcb-4c4c-a654-eab58aa7afbf/datanode-0/data/containers/hdds to VolumeSet
2019-06-13 18:31:56,511 INFO  volume.ThrottledAsyncChecker (ThrottledAsyncChecker.java:schedule(140)) - Scheduling a check for org.apache.hadoop.ozone.container.common.volume.HddsVolume@6dcee890
2019-06-13 18:31:56,514 INFO  volume.HddsVolumeChecker (HddsVolumeChecker.java:checkAllVolumes(203)) - Scheduled health check for volume org.apache.hadoop.ozone.container.common.volume.HddsVolume@6dcee890
2019-06-13 18:31:56,522 INFO  ratis.XceiverServerRatis (XceiverServerRatis.java:newXceiverServerRatis(401)) - Found a free port for the server : 33435
2019-06-13 18:31:56,524 INFO  impl.RaftServerProxy (ConfUtils.java:logGet(43)) - raft.rpc.type = GRPC (default)
2019-06-13 18:31:56,524 INFO  grpc.GrpcConfigKeys$Server (ConfUtils.java:logGet(43)) - raft.grpc.server.port = 33435 (custom)
2019-06-13 18:31:56,524 INFO  server.GrpcService (ConfUtils.java:logGet(43)) - raft.grpc.message.size.max = 33570816 (custom)
2019-06-13 18:31:56,524 INFO  server.RaftServerConfigKeys (ConfUtils.java:logGet(43)) - raft.server.log.appender.buffer.byte-limit = 33554432 (custom)
2019-06-13 18:31:56,525 INFO  server.GrpcService (ConfUtils.java:logGet(43)) - raft.grpc.flow.control.window = 1MB (=1048576) (default)
2019-06-13 18:31:56,525 INFO  server.RaftServerConfigKeys (ConfUtils.java:logGet(43)) - raft.server.rpc.request.timeout = 3000ms (default)
2019-06-13 18:31:56,525 INFO  server.RaftServerConfigKeys (ConfUtils.java:logGet(43)) - raft.server.storage.dir = [/opt/src/hadoop-ozone/integration-test/target/test-dir/MiniOzoneClusterImpl-f2c748e5-adcb-4c4c-a654-eab58aa7afbf/datanode-0/data/ratis] (custom)
2019-06-13 18:31:56,526 INFO  server.XceiverServerGrpc (XceiverServerGrpc.java:<init>(97)) - Found a free port for the server : 35507
2019-06-13 18:31:56,526 INFO  replication.SimpleContainerDownloader (SimpleContainerDownloader.java:<init>(72)) - Starting container downloader service to copy containers to replicate.
2019-06-13 18:31:56,526 INFO  hdfs.DFSUtil (DFSUtil.java:httpServerTemplateForNNAndJN(1641)) - Starting Web-server for hddsDatanode at: http://0.0.0.0:0
2019-06-13 18:31:56,527 INFO  server.AuthenticationFilter (AuthenticationFilter.java:constructSecretProvider(240)) - Unable to initialize FileSignerSecretProvider, falling back to use random secrets.
2019-06-13 18:31:56,528 WARN  http.HttpRequestLog (HttpRequestLog.java:getRequestLog(97)) - Jetty request log can only be enabled using Log4j
2019-06-13 18:31:56,529 INFO  http.HttpServer2 (HttpServer2.java:addGlobalFilter(975)) - Added global filter 'safety' (class=org.apache.hadoop.http.HttpServer2$QuotingInputFilter)
2019-06-13 18:31:56,530 INFO  http.HttpServer2 (HttpServer2.java:addFilter(948)) - Added filter static_user_filter (class=org.apache.hadoop.http.lib.StaticUserWebFilter$StaticUserFilter) to context hddsDatanode
2019-06-13 18:31:56,530 INFO  http.HttpServer2 (HttpServer2.java:addFilter(958)) - Added filter static_user_filter (class=org.apache.hadoop.http.lib.StaticUserWebFilter$StaticUserFilter) to context logs
2019-06-13 18:31:56,530 INFO  http.HttpServer2 (HttpServer2.java:addFilter(958)) - Added filter static_user_filter (class=org.apache.hadoop.http.lib.StaticUserWebFilter$StaticUserFilter) to context static
2019-06-13 18:31:56,530 INFO  http.HttpServer2 (HttpServer2.java:bindListener(1191)) - Jetty bound to port 33465
2019-06-13 18:31:56,530 INFO  server.Server (Server.java:doStart(351)) - jetty-9.3.24.v20180605, build timestamp: 2018-06-05T17:11:56Z, git hash: 84205aa28f11a4f31f2a3b86d1bba2cc8ab69827
2019-06-13 18:31:56,538 INFO  handler.ContextHandler (ContextHandler.java:doStart(781)) - Started o.e.j.s.ServletContextHandler@5b1f5fcc{/logs,file:///opt/src/hadoop-ozone/integration-test/target/log,AVAILABLE}
2019-06-13 18:31:56,539 INFO  handler.ContextHandler (ContextHandler.java:doStart(781)) - Started o.e.j.s.ServletContextHandler@79135a38{/static,jar:file:/root/.m2/repository/org/apache/hadoop/hadoop-hdds-container-service/0.5.0-SNAPSHOT/hadoop-hdds-container-service-0.5.0-SNAPSHOT.jar!/webapps/static,AVAILABLE}
2019-06-13 18:31:56,568 INFO  handler.ContextHandler (ContextHandler.java:doStart(781)) - Started o.e.j.w.WebAppContext@771cbd13{/,file:///tmp/jetty-0.0.0.0-33465-hddsDatanode-_-any-2348982777380460978.dir/webapp/,AVAILABLE}{/hddsDatanode}
2019-06-13 18:31:56,570 INFO  server.AbstractConnector (AbstractConnector.java:doStart(278)) - Started ServerConnector@229749f0{HTTP/1.1,[http/1.1]}{0.0.0.0:33465}
2019-06-13 18:31:56,570 INFO  server.Server (Server.java:doStart(419)) - Started @34753ms
2019-06-13 18:31:56,600 INFO  server.BaseHttpServer (BaseHttpServer.java:updateConnectorAddress(207)) - HTTP server of HDDSDATANODE is listening at http://0.0.0.0:33465
2019-06-13 18:31:56,692 INFO  ozone.HddsDatanodeService (HddsDatanodeService.java:startPlugins(396)) - Started plug-in org.apache.hadoop.ozone.web.OzoneHddsDatanodeService@62c53685
2019-06-13 18:31:56,693 INFO  impl.MetricsSystemImpl (MetricsSystemImpl.java:init(158)) - HddsDatanode metrics system started (again)
2019-06-13 18:31:56,693 INFO  ozone.HddsDatanodeService (HddsDatanodeService.java:start(185)) - HddsDatanodeService host:ozone-pdpn9-622331312 ip:192.168.105.177
2019-06-13 18:31:56,696 INFO  util.JvmPauseMonitor (JvmPauseMonitor.java:run(188)) - Starting JVM pause monitor
2019-06-13 18:31:56,697 INFO  datanode.InitDatanodeState (InitDatanodeState.java:persistContainerDatanodeDetails(140)) - DatanodeDetails is persisted to /opt/src/hadoop-ozone/integration-test/target/test-dir/MiniOzoneClusterImpl-f2c748e5-adcb-4c4c-a654-eab58aa7afbf/datanode-0/meta/datanode.id
2019-06-13 18:31:56,699 INFO  volume.HddsVolume (HddsVolume.java:<init>(176)) - Creating Volume: /opt/src/hadoop-ozone/integration-test/target/test-dir/MiniOzoneClusterImpl-f2c748e5-adcb-4c4c-a654-eab58aa7afbf/datanode-1/data/containers/hdds of  storage type : DISK and capacity : 104021790720
2019-06-13 18:31:56,699 INFO  volume.VolumeSet (VolumeSet.java:initializeVolumeSet(170)) - Added Volume : /opt/src/hadoop-ozone/integration-test/target/test-dir/MiniOzoneClusterImpl-f2c748e5-adcb-4c4c-a654-eab58aa7afbf/datanode-1/data/containers/hdds to VolumeSet
2019-06-13 18:31:56,699 INFO  volume.ThrottledAsyncChecker (ThrottledAsyncChecker.java:schedule(140)) - Scheduling a check for org.apache.hadoop.ozone.container.common.volume.HddsVolume@30eb55c9
2019-06-13 18:31:56,700 INFO  volume.HddsVolumeChecker (HddsVolumeChecker.java:checkAllVolumes(203)) - Scheduled health check for volume org.apache.hadoop.ozone.container.common.volume.HddsVolume@30eb55c9
2019-06-13 18:31:56,709 INFO  ratis.XceiverServerRatis (XceiverServerRatis.java:newXceiverServerRatis(401)) - Found a free port for the server : 45659
2019-06-13 18:31:56,710 INFO  impl.RaftServerProxy (ConfUtils.java:logGet(43)) - raft.rpc.type = GRPC (default)
2019-06-13 18:31:56,710 INFO  grpc.GrpcConfigKeys$Server (ConfUtils.java:logGet(43)) - raft.grpc.server.port = 45659 (custom)
2019-06-13 18:31:56,710 INFO  server.GrpcService (ConfUtils.java:logGet(43)) - raft.grpc.message.size.max = 33570816 (custom)
2019-06-13 18:31:56,710 INFO  server.RaftServerConfigKeys (ConfUtils.java:logGet(43)) - raft.server.log.appender.buffer.byte-limit = 33554432 (custom)
2019-06-13 18:31:56,710 INFO  server.GrpcService (ConfUtils.java:logGet(43)) - raft.grpc.flow.control.window = 1MB (=1048576) (default)
2019-06-13 18:31:56,710 INFO  server.RaftServerConfigKeys (ConfUtils.java:logGet(43)) - raft.server.rpc.request.timeout = 3000ms (default)
2019-06-13 18:31:56,711 INFO  server.RaftServerConfigKeys (ConfUtils.java:logGet(43)) - raft.server.storage.dir = [/opt/src/hadoop-ozone/integration-test/target/test-dir/MiniOzoneClusterImpl-f2c748e5-adcb-4c4c-a654-eab58aa7afbf/datanode-1/data/ratis] (custom)
2019-06-13 18:31:56,711 INFO  server.XceiverServerGrpc (XceiverServerGrpc.java:<init>(97)) - Found a free port for the server : 36283
2019-06-13 18:31:56,711 INFO  replication.SimpleContainerDownloader (SimpleContainerDownloader.java:<init>(72)) - Starting container downloader service to copy containers to replicate.
2019-06-13 18:31:56,713 INFO  hdfs.DFSUtil (DFSUtil.java:httpServerTemplateForNNAndJN(1641)) - Starting Web-server for hddsDatanode at: http://0.0.0.0:0
2019-06-13 18:31:56,714 INFO  server.AuthenticationFilter (AuthenticationFilter.java:constructSecretProvider(240)) - Unable to initialize FileSignerSecretProvider, falling back to use random secrets.
2019-06-13 18:31:56,716 WARN  http.HttpRequestLog (HttpRequestLog.java:getRequestLog(97)) - Jetty request log can only be enabled using Log4j
2019-06-13 18:31:56,717 INFO  http.HttpServer2 (HttpServer2.java:addGlobalFilter(975)) - Added global filter 'safety' (class=org.apache.hadoop.http.HttpServer2$QuotingInputFilter)
2019-06-13 18:31:56,717 INFO  http.HttpServer2 (HttpServer2.java:addFilter(948)) - Added filter static_user_filter (class=org.apache.hadoop.http.lib.StaticUserWebFilter$StaticUserFilter) to context hddsDatanode
2019-06-13 18:31:56,717 INFO  http.HttpServer2 (HttpServer2.java:addFilter(958)) - Added filter static_user_filter (class=org.apache.hadoop.http.lib.StaticUserWebFilter$StaticUserFilter) to context static
2019-06-13 18:31:56,718 INFO  http.HttpServer2 (HttpServer2.java:addFilter(958)) - Added filter static_user_filter (class=org.apache.hadoop.http.lib.StaticUserWebFilter$StaticUserFilter) to context logs
2019-06-13 18:31:56,718 INFO  http.HttpServer2 (HttpServer2.java:bindListener(1191)) - Jetty bound to port 41489
2019-06-13 18:31:56,718 INFO  server.Server (Server.java:doStart(351)) - jetty-9.3.24.v20180605, build timestamp: 2018-06-05T17:11:56Z, git hash: 84205aa28f11a4f31f2a3b86d1bba2cc8ab69827
2019-06-13 18:31:56,720 INFO  handler.ContextHandler (ContextHandler.java:doStart(781)) - Started o.e.j.s.ServletContextHandler@7a587e84{/logs,file:///opt/src/hadoop-ozone/integration-test/target/log,AVAILABLE}
2019-06-13 18:31:56,720 INFO  handler.ContextHandler (ContextHandler.java:doStart(781)) - Started o.e.j.s.ServletContextHandler@6b2f7527{/static,jar:file:/root/.m2/repository/org/apache/hadoop/hadoop-hdds-container-service/0.5.0-SNAPSHOT/hadoop-hdds-container-service-0.5.0-SNAPSHOT.jar!/webapps/static,AVAILABLE}
2019-06-13 18:31:56,744 INFO  handler.ContextHandler (ContextHandler.java:doStart(781)) - Started o.e.j.w.WebAppContext@45273d40{/,file:///tmp/jetty-0.0.0.0-41489-hddsDatanode-_-any-616265794370652629.dir/webapp/,AVAILABLE}{/hddsDatanode}
2019-06-13 18:31:56,744 INFO  server.AbstractConnector (AbstractConnector.java:doStart(278)) - Started ServerConnector@2a504ea7{HTTP/1.1,[http/1.1]}{0.0.0.0:41489}
2019-06-13 18:31:56,745 INFO  server.Server (Server.java:doStart(419)) - Started @34928ms
2019-06-13 18:31:56,746 INFO  server.BaseHttpServer (BaseHttpServer.java:updateConnectorAddress(207)) - HTTP server of HDDSDATANODE is listening at http://0.0.0.0:41489
2019-06-13 18:31:56,954 INFO  ozone.HddsDatanodeService (HddsDatanodeService.java:startPlugins(396)) - Started plug-in org.apache.hadoop.ozone.web.OzoneHddsDatanodeService@1bde9a22
2019-06-13 18:31:56,954 INFO  impl.MetricsSystemImpl (MetricsSystemImpl.java:init(158)) - HddsDatanode metrics system started (again)
2019-06-13 18:31:56,955 INFO  ozone.HddsDatanodeService (HddsDatanodeService.java:start(185)) - HddsDatanodeService host:ozone-pdpn9-622331312 ip:192.168.105.177
2019-06-13 18:31:56,963 INFO  util.JvmPauseMonitor (JvmPauseMonitor.java:run(188)) - Starting JVM pause monitor
2019-06-13 18:31:56,966 INFO  datanode.InitDatanodeState (InitDatanodeState.java:persistContainerDatanodeDetails(140)) - DatanodeDetails is persisted to /opt/src/hadoop-ozone/integration-test/target/test-dir/MiniOzoneClusterImpl-f2c748e5-adcb-4c4c-a654-eab58aa7afbf/datanode-1/meta/datanode.id
2019-06-13 18:31:56,970 INFO  volume.HddsVolume (HddsVolume.java:<init>(176)) - Creating Volume: /opt/src/hadoop-ozone/integration-test/target/test-dir/MiniOzoneClusterImpl-f2c748e5-adcb-4c4c-a654-eab58aa7afbf/datanode-2/data/containers/hdds of  storage type : DISK and capacity : 104021790720
2019-06-13 18:31:56,971 INFO  volume.VolumeSet (VolumeSet.java:initializeVolumeSet(170)) - Added Volume : /opt/src/hadoop-ozone/integration-test/target/test-dir/MiniOzoneClusterImpl-f2c748e5-adcb-4c4c-a654-eab58aa7afbf/datanode-2/data/containers/hdds to VolumeSet
2019-06-13 18:31:56,971 INFO  volume.ThrottledAsyncChecker (ThrottledAsyncChecker.java:schedule(140)) - Scheduling a check for org.apache.hadoop.ozone.container.common.volume.HddsVolume@75c8d8e7
2019-06-13 18:31:56,971 INFO  volume.HddsVolumeChecker (HddsVolumeChecker.java:checkAllVolumes(203)) - Scheduled health check for volume org.apache.hadoop.ozone.container.common.volume.HddsVolume@75c8d8e7
2019-06-13 18:31:56,984 INFO  ratis.XceiverServerRatis (XceiverServerRatis.java:newXceiverServerRatis(401)) - Found a free port for the server : 46861
2019-06-13 18:31:56,984 INFO  impl.RaftServerProxy (ConfUtils.java:logGet(43)) - raft.rpc.type = GRPC (default)
2019-06-13 18:31:56,985 INFO  grpc.GrpcConfigKeys$Server (ConfUtils.java:logGet(43)) - raft.grpc.server.port = 46861 (custom)
2019-06-13 18:31:56,985 INFO  server.GrpcService (ConfUtils.java:logGet(43)) - raft.grpc.message.size.max = 33570816 (custom)
2019-06-13 18:31:56,985 INFO  server.RaftServerConfigKeys (ConfUtils.java:logGet(43)) - raft.server.log.appender.buffer.byte-limit = 33554432 (custom)
2019-06-13 18:31:56,985 INFO  server.GrpcService (ConfUtils.java:logGet(43)) - raft.grpc.flow.control.window = 1MB (=1048576) (default)
2019-06-13 18:31:56,985 INFO  server.RaftServerConfigKeys (ConfUtils.java:logGet(43)) - raft.server.rpc.request.timeout = 3000ms (default)
2019-06-13 18:31:56,986 INFO  server.RaftServerConfigKeys (ConfUtils.java:logGet(43)) - raft.server.storage.dir = [/opt/src/hadoop-ozone/integration-test/target/test-dir/MiniOzoneClusterImpl-f2c748e5-adcb-4c4c-a654-eab58aa7afbf/datanode-2/data/ratis] (custom)
2019-06-13 18:31:56,986 INFO  server.XceiverServerGrpc (XceiverServerGrpc.java:<init>(97)) - Found a free port for the server : 45807
2019-06-13 18:31:56,986 INFO  replication.SimpleContainerDownloader (SimpleContainerDownloader.java:<init>(72)) - Starting container downloader service to copy containers to replicate.
2019-06-13 18:31:56,987 INFO  hdfs.DFSUtil (DFSUtil.java:httpServerTemplateForNNAndJN(1641)) - Starting Web-server for hddsDatanode at: http://0.0.0.0:0
2019-06-13 18:31:56,991 INFO  server.AuthenticationFilter (AuthenticationFilter.java:constructSecretProvider(240)) - Unable to initialize FileSignerSecretProvider, falling back to use random secrets.
2019-06-13 18:31:56,991 WARN  http.HttpRequestLog (HttpRequestLog.java:getRequestLog(97)) - Jetty request log can only be enabled using Log4j
2019-06-13 18:31:56,993 INFO  http.HttpServer2 (HttpServer2.java:addGlobalFilter(975)) - Added global filter 'safety' (class=org.apache.hadoop.http.HttpServer2$QuotingInputFilter)
2019-06-13 18:31:56,993 INFO  http.HttpServer2 (HttpServer2.java:addFilter(948)) - Added filter static_user_filter (class=org.apache.hadoop.http.lib.StaticUserWebFilter$StaticUserFilter) to context hddsDatanode
2019-06-13 18:31:56,993 INFO  http.HttpServer2 (HttpServer2.java:addFilter(958)) - Added filter static_user_filter (class=org.apache.hadoop.http.lib.StaticUserWebFilter$StaticUserFilter) to context logs
2019-06-13 18:31:56,993 INFO  http.HttpServer2 (HttpServer2.java:addFilter(958)) - Added filter static_user_filter (class=org.apache.hadoop.http.lib.StaticUserWebFilter$StaticUserFilter) to context static
2019-06-13 18:31:56,994 INFO  http.HttpServer2 (HttpServer2.java:bindListener(1191)) - Jetty bound to port 46683
2019-06-13 18:31:56,994 INFO  server.Server (Server.java:doStart(351)) - jetty-9.3.24.v20180605, build timestamp: 2018-06-05T17:11:56Z, git hash: 84205aa28f11a4f31f2a3b86d1bba2cc8ab69827
2019-06-13 18:31:56,995 INFO  handler.ContextHandler (ContextHandler.java:doStart(781)) - Started o.e.j.s.ServletContextHandler@44de3b46{/logs,file:///opt/src/hadoop-ozone/integration-test/target/log,AVAILABLE}
2019-06-13 18:31:56,996 INFO  handler.ContextHandler (ContextHandler.java:doStart(781)) - Started o.e.j.s.ServletContextHandler@320fc4b0{/static,jar:file:/root/.m2/repository/org/apache/hadoop/hadoop-hdds-container-service/0.5.0-SNAPSHOT/hadoop-hdds-container-service-0.5.0-SNAPSHOT.jar!/webapps/static,AVAILABLE}
2019-06-13 18:31:57,019 INFO  handler.ContextHandler (ContextHandler.java:doStart(781)) - Started o.e.j.w.WebAppContext@a251135{/,file:///tmp/jetty-0.0.0.0-46683-hddsDatanode-_-any-6756603648514000633.dir/webapp/,AVAILABLE}{/hddsDatanode}
2019-06-13 18:31:57,019 INFO  server.AbstractConnector (AbstractConnector.java:doStart(278)) - Started ServerConnector@70819ba8{HTTP/1.1,[http/1.1]}{0.0.0.0:46683}
2019-06-13 18:31:57,023 INFO  server.Server (Server.java:doStart(419)) - Started @35206ms
2019-06-13 18:31:57,024 INFO  server.BaseHttpServer (BaseHttpServer.java:updateConnectorAddress(207)) - HTTP server of HDDSDATANODE is listening at http://0.0.0.0:46683
2019-06-13 18:31:57,130 INFO  ozone.HddsDatanodeService (HddsDatanodeService.java:startPlugins(396)) - Started plug-in org.apache.hadoop.ozone.web.OzoneHddsDatanodeService@4eb73cc8
2019-06-13 18:31:57,131 INFO  impl.MetricsSystemImpl (MetricsSystemImpl.java:init(158)) - HddsDatanode metrics system started (again)
2019-06-13 18:31:57,131 INFO  ozone.HddsDatanodeService (HddsDatanodeService.java:start(185)) - HddsDatanodeService host:ozone-pdpn9-622331312 ip:192.168.105.177
2019-06-13 18:31:57,134 INFO  util.JvmPauseMonitor (JvmPauseMonitor.java:run(188)) - Starting JVM pause monitor
2019-06-13 18:31:57,135 INFO  datanode.InitDatanodeState (InitDatanodeState.java:persistContainerDatanodeDetails(140)) - DatanodeDetails is persisted to /opt/src/hadoop-ozone/integration-test/target/test-dir/MiniOzoneClusterImpl-f2c748e5-adcb-4c4c-a654-eab58aa7afbf/datanode-2/meta/datanode.id
2019-06-13 18:31:57,138 INFO  volume.HddsVolume (HddsVolume.java:<init>(176)) - Creating Volume: /opt/src/hadoop-ozone/integration-test/target/test-dir/MiniOzoneClusterImpl-f2c748e5-adcb-4c4c-a654-eab58aa7afbf/datanode-3/data/containers/hdds of  storage type : DISK and capacity : 104021790720
2019-06-13 18:31:57,139 INFO  volume.VolumeSet (VolumeSet.java:initializeVolumeSet(170)) - Added Volume : /opt/src/hadoop-ozone/integration-test/target/test-dir/MiniOzoneClusterImpl-f2c748e5-adcb-4c4c-a654-eab58aa7afbf/datanode-3/data/containers/hdds to VolumeSet
2019-06-13 18:31:57,139 INFO  volume.ThrottledAsyncChecker (ThrottledAsyncChecker.java:schedule(140)) - Scheduling a check for org.apache.hadoop.ozone.container.common.volume.HddsVolume@5eef8a16
2019-06-13 18:31:57,142 INFO  volume.HddsVolumeChecker (HddsVolumeChecker.java:checkAllVolumes(203)) - Scheduled health check for volume org.apache.hadoop.ozone.container.common.volume.HddsVolume@5eef8a16
2019-06-13 18:31:57,151 INFO  ratis.XceiverServerRatis (XceiverServerRatis.java:newXceiverServerRatis(401)) - Found a free port for the server : 39053
2019-06-13 18:31:57,152 INFO  impl.RaftServerProxy (ConfUtils.java:logGet(43)) - raft.rpc.type = GRPC (default)
2019-06-13 18:31:57,152 INFO  grpc.GrpcConfigKeys$Server (ConfUtils.java:logGet(43)) - raft.grpc.server.port = 39053 (custom)
2019-06-13 18:31:57,153 INFO  server.GrpcService (ConfUtils.java:logGet(43)) - raft.grpc.message.size.max = 33570816 (custom)
2019-06-13 18:31:57,153 INFO  server.RaftServerConfigKeys (ConfUtils.java:logGet(43)) - raft.server.log.appender.buffer.byte-limit = 33554432 (custom)
2019-06-13 18:31:57,153 INFO  server.GrpcService (ConfUtils.java:logGet(43)) - raft.grpc.flow.control.window = 1MB (=1048576) (default)
2019-06-13 18:31:57,153 INFO  server.RaftServerConfigKeys (ConfUtils.java:logGet(43)) - raft.server.rpc.request.timeout = 3000ms (default)
2019-06-13 18:31:57,154 INFO  server.RaftServerConfigKeys (ConfUtils.java:logGet(43)) - raft.server.storage.dir = [/opt/src/hadoop-ozone/integration-test/target/test-dir/MiniOzoneClusterImpl-f2c748e5-adcb-4c4c-a654-eab58aa7afbf/datanode-3/data/ratis] (custom)
2019-06-13 18:31:57,154 INFO  server.XceiverServerGrpc (XceiverServerGrpc.java:<init>(97)) - Found a free port for the server : 41829
2019-06-13 18:31:57,154 INFO  replication.SimpleContainerDownloader (SimpleContainerDownloader.java:<init>(72)) - Starting container downloader service to copy containers to replicate.
2019-06-13 18:31:57,155 INFO  hdfs.DFSUtil (DFSUtil.java:httpServerTemplateForNNAndJN(1641)) - Starting Web-server for hddsDatanode at: http://0.0.0.0:0
2019-06-13 18:31:57,156 INFO  server.AuthenticationFilter (AuthenticationFilter.java:constructSecretProvider(240)) - Unable to initialize FileSignerSecretProvider, falling back to use random secrets.
2019-06-13 18:31:57,158 WARN  http.HttpRequestLog (HttpRequestLog.java:getRequestLog(97)) - Jetty request log can only be enabled using Log4j
2019-06-13 18:31:57,159 INFO  http.HttpServer2 (HttpServer2.java:addGlobalFilter(975)) - Added global filter 'safety' (class=org.apache.hadoop.http.HttpServer2$QuotingInputFilter)
2019-06-13 18:31:57,159 INFO  http.HttpServer2 (HttpServer2.java:addFilter(948)) - Added filter static_user_filter (class=org.apache.hadoop.http.lib.StaticUserWebFilter$StaticUserFilter) to context hddsDatanode
2019-06-13 18:31:57,159 INFO  http.HttpServer2 (HttpServer2.java:addFilter(958)) - Added filter static_user_filter (class=org.apache.hadoop.http.lib.StaticUserWebFilter$StaticUserFilter) to context logs
2019-06-13 18:31:57,160 INFO  http.HttpServer2 (HttpServer2.java:addFilter(958)) - Added filter static_user_filter (class=org.apache.hadoop.http.lib.StaticUserWebFilter$StaticUserFilter) to context static
2019-06-13 18:31:57,160 INFO  http.HttpServer2 (HttpServer2.java:bindListener(1191)) - Jetty bound to port 46733
2019-06-13 18:31:57,160 INFO  server.Server (Server.java:doStart(351)) - jetty-9.3.24.v20180605, build timestamp: 2018-06-05T17:11:56Z, git hash: 84205aa28f11a4f31f2a3b86d1bba2cc8ab69827
2019-06-13 18:31:57,177 INFO  handler.ContextHandler (ContextHandler.java:doStart(781)) - Started o.e.j.s.ServletContextHandler@f6cde7e{/logs,file:///opt/src/hadoop-ozone/integration-test/target/log,AVAILABLE}
2019-06-13 18:31:57,179 INFO  handler.ContextHandler (ContextHandler.java:doStart(781)) - Started o.e.j.s.ServletContextHandler@116b0b32{/static,jar:file:/root/.m2/repository/org/apache/hadoop/hadoop-hdds-container-service/0.5.0-SNAPSHOT/hadoop-hdds-container-service-0.5.0-SNAPSHOT.jar!/webapps/static,AVAILABLE}
2019-06-13 18:31:57,206 INFO  handler.ContextHandler (ContextHandler.java:doStart(781)) - Started o.e.j.w.WebAppContext@7057dbda{/,file:///tmp/jetty-0.0.0.0-46733-hddsDatanode-_-any-5045692352400605842.dir/webapp/,AVAILABLE}{/hddsDatanode}
2019-06-13 18:31:57,207 INFO  server.AbstractConnector (AbstractConnector.java:doStart(278)) - Started ServerConnector@36349e29{HTTP/1.1,[http/1.1]}{0.0.0.0:46733}
2019-06-13 18:31:57,207 INFO  server.Server (Server.java:doStart(419)) - Started @35390ms
2019-06-13 18:31:57,208 INFO  server.BaseHttpServer (BaseHttpServer.java:updateConnectorAddress(207)) - HTTP server of HDDSDATANODE is listening at http://0.0.0.0:46733
2019-06-13 18:31:57,312 INFO  ozone.HddsDatanodeService (HddsDatanodeService.java:startPlugins(396)) - Started plug-in org.apache.hadoop.ozone.web.OzoneHddsDatanodeService@35cf91df
2019-06-13 18:31:57,312 INFO  impl.MetricsSystemImpl (MetricsSystemImpl.java:init(158)) - HddsDatanode metrics system started (again)
2019-06-13 18:31:57,312 INFO  ozone.HddsDatanodeService (HddsDatanodeService.java:start(185)) - HddsDatanodeService host:ozone-pdpn9-622331312 ip:192.168.105.177
2019-06-13 18:31:57,313 INFO  util.JvmPauseMonitor (JvmPauseMonitor.java:run(188)) - Starting JVM pause monitor
2019-06-13 18:31:57,314 INFO  datanode.InitDatanodeState (InitDatanodeState.java:persistContainerDatanodeDetails(140)) - DatanodeDetails is persisted to /opt/src/hadoop-ozone/integration-test/target/test-dir/MiniOzoneClusterImpl-f2c748e5-adcb-4c4c-a654-eab58aa7afbf/datanode-3/meta/datanode.id
2019-06-13 18:31:57,322 INFO  volume.HddsVolume (HddsVolume.java:<init>(176)) - Creating Volume: /opt/src/hadoop-ozone/integration-test/target/test-dir/MiniOzoneClusterImpl-f2c748e5-adcb-4c4c-a654-eab58aa7afbf/datanode-4/data/containers/hdds of  storage type : DISK and capacity : 104021790720
2019-06-13 18:31:57,323 INFO  volume.VolumeSet (VolumeSet.java:initializeVolumeSet(170)) - Added Volume : /opt/src/hadoop-ozone/integration-test/target/test-dir/MiniOzoneClusterImpl-f2c748e5-adcb-4c4c-a654-eab58aa7afbf/datanode-4/data/containers/hdds to VolumeSet
2019-06-13 18:31:57,323 INFO  volume.ThrottledAsyncChecker (ThrottledAsyncChecker.java:schedule(140)) - Scheduling a check for org.apache.hadoop.ozone.container.common.volume.HddsVolume@3d667b59
2019-06-13 18:31:57,325 INFO  volume.HddsVolumeChecker (HddsVolumeChecker.java:checkAllVolumes(203)) - Scheduled health check for volume org.apache.hadoop.ozone.container.common.volume.HddsVolume@3d667b59
2019-06-13 18:31:57,336 INFO  ratis.XceiverServerRatis (XceiverServerRatis.java:newXceiverServerRatis(401)) - Found a free port for the server : 33401
2019-06-13 18:31:57,338 INFO  impl.RaftServerProxy (ConfUtils.java:logGet(43)) - raft.rpc.type = GRPC (default)
2019-06-13 18:31:57,338 INFO  grpc.GrpcConfigKeys$Server (ConfUtils.java:logGet(43)) - raft.grpc.server.port = 33401 (custom)
2019-06-13 18:31:57,338 INFO  server.GrpcService (ConfUtils.java:logGet(43)) - raft.grpc.message.size.max = 33570816 (custom)
2019-06-13 18:31:57,338 INFO  server.RaftServerConfigKeys (ConfUtils.java:logGet(43)) - raft.server.log.appender.buffer.byte-limit = 33554432 (custom)
2019-06-13 18:31:57,339 INFO  server.GrpcService (ConfUtils.java:logGet(43)) - raft.grpc.flow.control.window = 1MB (=1048576) (default)
2019-06-13 18:31:57,339 INFO  server.RaftServerConfigKeys (ConfUtils.java:logGet(43)) - raft.server.rpc.request.timeout = 3000ms (default)
2019-06-13 18:31:57,339 INFO  server.RaftServerConfigKeys (ConfUtils.java:logGet(43)) - raft.server.storage.dir = [/opt/src/hadoop-ozone/integration-test/target/test-dir/MiniOzoneClusterImpl-f2c748e5-adcb-4c4c-a654-eab58aa7afbf/datanode-4/data/ratis] (custom)
2019-06-13 18:31:57,339 INFO  server.XceiverServerGrpc (XceiverServerGrpc.java:<init>(97)) - Found a free port for the server : 39383
2019-06-13 18:31:57,340 INFO  replication.SimpleContainerDownloader (SimpleContainerDownloader.java:<init>(72)) - Starting container downloader service to copy containers to replicate.
2019-06-13 18:31:57,340 INFO  hdfs.DFSUtil (DFSUtil.java:httpServerTemplateForNNAndJN(1641)) - Starting Web-server for hddsDatanode at: http://0.0.0.0:0
2019-06-13 18:31:57,341 INFO  server.AuthenticationFilter (AuthenticationFilter.java:constructSecretProvider(240)) - Unable to initialize FileSignerSecretProvider, falling back to use random secrets.
2019-06-13 18:31:57,344 WARN  http.HttpRequestLog (HttpRequestLog.java:getRequestLog(97)) - Jetty request log can only be enabled using Log4j
2019-06-13 18:31:57,344 INFO  http.HttpServer2 (HttpServer2.java:addGlobalFilter(975)) - Added global filter 'safety' (class=org.apache.hadoop.http.HttpServer2$QuotingInputFilter)
2019-06-13 18:31:57,345 INFO  http.HttpServer2 (HttpServer2.java:addFilter(948)) - Added filter static_user_filter (class=org.apache.hadoop.http.lib.StaticUserWebFilter$StaticUserFilter) to context hddsDatanode
2019-06-13 18:31:57,345 INFO  http.HttpServer2 (HttpServer2.java:addFilter(958)) - Added filter static_user_filter (class=org.apache.hadoop.http.lib.StaticUserWebFilter$StaticUserFilter) to context static
2019-06-13 18:31:57,345 INFO  http.HttpServer2 (HttpServer2.java:addFilter(958)) - Added filter static_user_filter (class=org.apache.hadoop.http.lib.StaticUserWebFilter$StaticUserFilter) to context logs
2019-06-13 18:31:57,345 INFO  http.HttpServer2 (HttpServer2.java:bindListener(1191)) - Jetty bound to port 33761
2019-06-13 18:31:57,346 INFO  server.Server (Server.java:doStart(351)) - jetty-9.3.24.v20180605, build timestamp: 2018-06-05T17:11:56Z, git hash: 84205aa28f11a4f31f2a3b86d1bba2cc8ab69827
2019-06-13 18:31:57,353 INFO  handler.ContextHandler (ContextHandler.java:doStart(781)) - Started o.e.j.s.ServletContextHandler@690e4b00{/logs,file:///opt/src/hadoop-ozone/integration-test/target/log,AVAILABLE}
2019-06-13 18:31:57,354 INFO  handler.ContextHandler (ContextHandler.java:doStart(781)) - Started o.e.j.s.ServletContextHandler@2728add3{/static,jar:file:/root/.m2/repository/org/apache/hadoop/hadoop-hdds-container-service/0.5.0-SNAPSHOT/hadoop-hdds-container-service-0.5.0-SNAPSHOT.jar!/webapps/static,AVAILABLE}
2019-06-13 18:31:57,375 INFO  handler.ContextHandler (ContextHandler.java:doStart(781)) - Started o.e.j.w.WebAppContext@40b8158d{/,file:///tmp/jetty-0.0.0.0-33761-hddsDatanode-_-any-4301529559798440160.dir/webapp/,AVAILABLE}{/hddsDatanode}
2019-06-13 18:31:57,376 INFO  server.AbstractConnector (AbstractConnector.java:doStart(278)) - Started ServerConnector@24e7087a{HTTP/1.1,[http/1.1]}{0.0.0.0:33761}
2019-06-13 18:31:57,376 INFO  server.Server (Server.java:doStart(419)) - Started @35559ms
2019-06-13 18:31:57,377 INFO  server.BaseHttpServer (BaseHttpServer.java:updateConnectorAddress(207)) - HTTP server of HDDSDATANODE is listening at http://0.0.0.0:33761
2019-06-13 18:31:57,465 INFO  ozone.HddsDatanodeService (HddsDatanodeService.java:startPlugins(396)) - Started plug-in org.apache.hadoop.ozone.web.OzoneHddsDatanodeService@71b7e9c8
2019-06-13 18:31:57,465 INFO  impl.MetricsSystemImpl (MetricsSystemImpl.java:init(158)) - HddsDatanode metrics system started (again)
2019-06-13 18:31:57,466 INFO  ozone.HddsDatanodeService (HddsDatanodeService.java:start(185)) - HddsDatanodeService host:ozone-pdpn9-622331312 ip:192.168.105.177
2019-06-13 18:31:57,467 INFO  util.JvmPauseMonitor (JvmPauseMonitor.java:run(188)) - Starting JVM pause monitor
2019-06-13 18:31:57,468 INFO  datanode.InitDatanodeState (InitDatanodeState.java:persistContainerDatanodeDetails(140)) - DatanodeDetails is persisted to /opt/src/hadoop-ozone/integration-test/target/test-dir/MiniOzoneClusterImpl-f2c748e5-adcb-4c4c-a654-eab58aa7afbf/datanode-4/meta/datanode.id
2019-06-13 18:31:57,471 INFO  volume.HddsVolume (HddsVolume.java:<init>(176)) - Creating Volume: /opt/src/hadoop-ozone/integration-test/target/test-dir/MiniOzoneClusterImpl-f2c748e5-adcb-4c4c-a654-eab58aa7afbf/datanode-5/data/containers/hdds of  storage type : DISK and capacity : 104021790720
2019-06-13 18:31:57,471 INFO  volume.VolumeSet (VolumeSet.java:initializeVolumeSet(170)) - Added Volume : /opt/src/hadoop-ozone/integration-test/target/test-dir/MiniOzoneClusterImpl-f2c748e5-adcb-4c4c-a654-eab58aa7afbf/datanode-5/data/containers/hdds to VolumeSet
2019-06-13 18:31:57,472 INFO  volume.ThrottledAsyncChecker (ThrottledAsyncChecker.java:schedule(140)) - Scheduling a check for org.apache.hadoop.ozone.container.common.volume.HddsVolume@32ddcca
2019-06-13 18:31:57,473 INFO  volume.HddsVolumeChecker (HddsVolumeChecker.java:checkAllVolumes(203)) - Scheduled health check for volume org.apache.hadoop.ozone.container.common.volume.HddsVolume@32ddcca
2019-06-13 18:31:57,481 INFO  ratis.XceiverServerRatis (XceiverServerRatis.java:newXceiverServerRatis(401)) - Found a free port for the server : 35489
2019-06-13 18:31:57,483 INFO  impl.RaftServerProxy (ConfUtils.java:logGet(43)) - raft.rpc.type = GRPC (default)
2019-06-13 18:31:57,483 INFO  grpc.GrpcConfigKeys$Server (ConfUtils.java:logGet(43)) - raft.grpc.server.port = 35489 (custom)
2019-06-13 18:31:57,483 INFO  server.GrpcService (ConfUtils.java:logGet(43)) - raft.grpc.message.size.max = 33570816 (custom)
2019-06-13 18:31:57,483 INFO  server.RaftServerConfigKeys (ConfUtils.java:logGet(43)) - raft.server.log.appender.buffer.byte-limit = 33554432 (custom)
2019-06-13 18:31:57,484 INFO  server.GrpcService (ConfUtils.java:logGet(43)) - raft.grpc.flow.control.window = 1MB (=1048576) (default)
2019-06-13 18:31:57,484 INFO  server.RaftServerConfigKeys (ConfUtils.java:logGet(43)) - raft.server.rpc.request.timeout = 3000ms (default)
2019-06-13 18:31:57,484 INFO  server.RaftServerConfigKeys (ConfUtils.java:logGet(43)) - raft.server.storage.dir = [/opt/src/hadoop-ozone/integration-test/target/test-dir/MiniOzoneClusterImpl-f2c748e5-adcb-4c4c-a654-eab58aa7afbf/datanode-5/data/ratis] (custom)
2019-06-13 18:31:57,485 INFO  server.XceiverServerGrpc (XceiverServerGrpc.java:<init>(97)) - Found a free port for the server : 35595
2019-06-13 18:31:57,485 INFO  replication.SimpleContainerDownloader (SimpleContainerDownloader.java:<init>(72)) - Starting container downloader service to copy containers to replicate.
2019-06-13 18:31:57,486 INFO  hdfs.DFSUtil (DFSUtil.java:httpServerTemplateForNNAndJN(1641)) - Starting Web-server for hddsDatanode at: http://0.0.0.0:0
2019-06-13 18:31:57,487 INFO  server.AuthenticationFilter (AuthenticationFilter.java:constructSecretProvider(240)) - Unable to initialize FileSignerSecretProvider, falling back to use random secrets.
2019-06-13 18:31:57,487 WARN  http.HttpRequestLog (HttpRequestLog.java:getRequestLog(97)) - Jetty request log can only be enabled using Log4j
2019-06-13 18:31:57,489 INFO  http.HttpServer2 (HttpServer2.java:addGlobalFilter(975)) - Added global filter 'safety' (class=org.apache.hadoop.http.HttpServer2$QuotingInputFilter)
2019-06-13 18:31:57,489 INFO  http.HttpServer2 (HttpServer2.java:addFilter(948)) - Added filter static_user_filter (class=org.apache.hadoop.http.lib.StaticUserWebFilter$StaticUserFilter) to context hddsDatanode
2019-06-13 18:31:57,489 INFO  http.HttpServer2 (HttpServer2.java:addFilter(958)) - Added filter static_user_filter (class=org.apache.hadoop.http.lib.StaticUserWebFilter$StaticUserFilter) to context logs
2019-06-13 18:31:57,489 INFO  http.HttpServer2 (HttpServer2.java:addFilter(958)) - Added filter static_user_filter (class=org.apache.hadoop.http.lib.StaticUserWebFilter$StaticUserFilter) to context static
2019-06-13 18:31:57,490 INFO  http.HttpServer2 (HttpServer2.java:bindListener(1191)) - Jetty bound to port 33355
2019-06-13 18:31:57,490 INFO  server.Server (Server.java:doStart(351)) - jetty-9.3.24.v20180605, build timestamp: 2018-06-05T17:11:56Z, git hash: 84205aa28f11a4f31f2a3b86d1bba2cc8ab69827
2019-06-13 18:31:57,499 INFO  handler.ContextHandler (ContextHandler.java:doStart(781)) - Started o.e.j.s.ServletContextHandler@4c0bfe9e{/logs,file:///opt/src/hadoop-ozone/integration-test/target/log,AVAILABLE}
2019-06-13 18:31:57,499 INFO  handler.ContextHandler (ContextHandler.java:doStart(781)) - Started o.e.j.s.ServletContextHandler@35dc849b{/static,jar:file:/root/.m2/repository/org/apache/hadoop/hadoop-hdds-container-service/0.5.0-SNAPSHOT/hadoop-hdds-container-service-0.5.0-SNAPSHOT.jar!/webapps/static,AVAILABLE}
2019-06-13 18:31:57,528 INFO  handler.ContextHandler (ContextHandler.java:doStart(781)) - Started o.e.j.w.WebAppContext@64186f60{/,file:///tmp/jetty-0.0.0.0-33355-hddsDatanode-_-any-8692696788421434671.dir/webapp/,AVAILABLE}{/hddsDatanode}
2019-06-13 18:31:57,528 INFO  server.AbstractConnector (AbstractConnector.java:doStart(278)) - Started ServerConnector@de40aa1{HTTP/1.1,[http/1.1]}{0.0.0.0:33355}
2019-06-13 18:31:57,530 INFO  server.Server (Server.java:doStart(419)) - Started @35713ms
2019-06-13 18:31:57,531 INFO  server.BaseHttpServer (BaseHttpServer.java:updateConnectorAddress(207)) - HTTP server of HDDSDATANODE is listening at http://0.0.0.0:33355
2019-06-13 18:31:57,656 INFO  ozone.HddsDatanodeService (HddsDatanodeService.java:startPlugins(396)) - Started plug-in org.apache.hadoop.ozone.web.OzoneHddsDatanodeService@2db6ba81
2019-06-13 18:31:57,657 INFO  impl.MetricsSystemImpl (MetricsSystemImpl.java:init(158)) - HddsDatanode metrics system started (again)
2019-06-13 18:31:57,658 INFO  ozone.HddsDatanodeService (HddsDatanodeService.java:start(185)) - HddsDatanodeService host:ozone-pdpn9-622331312 ip:192.168.105.177
2019-06-13 18:31:57,658 INFO  util.JvmPauseMonitor (JvmPauseMonitor.java:run(188)) - Starting JVM pause monitor
2019-06-13 18:31:57,659 INFO  datanode.InitDatanodeState (InitDatanodeState.java:persistContainerDatanodeDetails(140)) - DatanodeDetails is persisted to /opt/src/hadoop-ozone/integration-test/target/test-dir/MiniOzoneClusterImpl-f2c748e5-adcb-4c4c-a654-eab58aa7afbf/datanode-5/meta/datanode.id
2019-06-13 18:31:57,663 INFO  volume.HddsVolume (HddsVolume.java:<init>(176)) - Creating Volume: /opt/src/hadoop-ozone/integration-test/target/test-dir/MiniOzoneClusterImpl-f2c748e5-adcb-4c4c-a654-eab58aa7afbf/datanode-6/data/containers/hdds of  storage type : DISK and capacity : 104021790720
2019-06-13 18:31:57,664 INFO  volume.VolumeSet (VolumeSet.java:initializeVolumeSet(170)) - Added Volume : /opt/src/hadoop-ozone/integration-test/target/test-dir/MiniOzoneClusterImpl-f2c748e5-adcb-4c4c-a654-eab58aa7afbf/datanode-6/data/containers/hdds to VolumeSet
2019-06-13 18:31:57,664 INFO  volume.ThrottledAsyncChecker (ThrottledAsyncChecker.java:schedule(140)) - Scheduling a check for org.apache.hadoop.ozone.container.common.volume.HddsVolume@42012093
2019-06-13 18:31:57,664 INFO  volume.HddsVolumeChecker (HddsVolumeChecker.java:checkAllVolumes(203)) - Scheduled health check for volume org.apache.hadoop.ozone.container.common.volume.HddsVolume@42012093
2019-06-13 18:31:57,674 INFO  ratis.XceiverServerRatis (XceiverServerRatis.java:newXceiverServerRatis(401)) - Found a free port for the server : 37039
2019-06-13 18:31:57,676 INFO  impl.RaftServerProxy (ConfUtils.java:logGet(43)) - raft.rpc.type = GRPC (default)
2019-06-13 18:31:57,676 INFO  grpc.GrpcConfigKeys$Server (ConfUtils.java:logGet(43)) - raft.grpc.server.port = 37039 (custom)
2019-06-13 18:31:57,676 INFO  server.GrpcService (ConfUtils.java:logGet(43)) - raft.grpc.message.size.max = 33570816 (custom)
2019-06-13 18:31:57,676 INFO  server.RaftServerConfigKeys (ConfUtils.java:logGet(43)) - raft.server.log.appender.buffer.byte-limit = 33554432 (custom)
2019-06-13 18:31:57,677 INFO  server.GrpcService (ConfUtils.java:logGet(43)) - raft.grpc.flow.control.window = 1MB (=1048576) (default)
2019-06-13 18:31:57,677 INFO  server.RaftServerConfigKeys (ConfUtils.java:logGet(43)) - raft.server.rpc.request.timeout = 3000ms (default)
2019-06-13 18:31:57,677 INFO  server.RaftServerConfigKeys (ConfUtils.java:logGet(43)) - raft.server.storage.dir = [/opt/src/hadoop-ozone/integration-test/target/test-dir/MiniOzoneClusterImpl-f2c748e5-adcb-4c4c-a654-eab58aa7afbf/datanode-6/data/ratis] (custom)
2019-06-13 18:31:57,677 INFO  server.XceiverServerGrpc (XceiverServerGrpc.java:<init>(97)) - Found a free port for the server : 41155
2019-06-13 18:31:57,678 INFO  replication.SimpleContainerDownloader (SimpleContainerDownloader.java:<init>(72)) - Starting container downloader service to copy containers to replicate.
2019-06-13 18:31:57,679 INFO  hdfs.DFSUtil (DFSUtil.java:httpServerTemplateForNNAndJN(1641)) - Starting Web-server for hddsDatanode at: http://0.0.0.0:0
2019-06-13 18:31:57,680 INFO  server.AuthenticationFilter (AuthenticationFilter.java:constructSecretProvider(240)) - Unable to initialize FileSignerSecretProvider, falling back to use random secrets.
2019-06-13 18:31:57,680 WARN  http.HttpRequestLog (HttpRequestLog.java:getRequestLog(97)) - Jetty request log can only be enabled using Log4j
2019-06-13 18:31:57,681 INFO  http.HttpServer2 (HttpServer2.java:addGlobalFilter(975)) - Added global filter 'safety' (class=org.apache.hadoop.http.HttpServer2$QuotingInputFilter)
2019-06-13 18:31:57,682 INFO  http.HttpServer2 (HttpServer2.java:addFilter(948)) - Added filter static_user_filter (class=org.apache.hadoop.http.lib.StaticUserWebFilter$StaticUserFilter) to context hddsDatanode
2019-06-13 18:31:57,682 INFO  http.HttpServer2 (HttpServer2.java:addFilter(958)) - Added filter static_user_filter (class=org.apache.hadoop.http.lib.StaticUserWebFilter$StaticUserFilter) to context logs
2019-06-13 18:31:57,682 INFO  http.HttpServer2 (HttpServer2.java:addFilter(958)) - Added filter static_user_filter (class=org.apache.hadoop.http.lib.StaticUserWebFilter$StaticUserFilter) to context static
2019-06-13 18:31:57,682 INFO  http.HttpServer2 (HttpServer2.java:bindListener(1191)) - Jetty bound to port 40435
2019-06-13 18:31:57,682 INFO  server.Server (Server.java:doStart(351)) - jetty-9.3.24.v20180605, build timestamp: 2018-06-05T17:11:56Z, git hash: 84205aa28f11a4f31f2a3b86d1bba2cc8ab69827
2019-06-13 18:31:57,693 INFO  handler.ContextHandler (ContextHandler.java:doStart(781)) - Started o.e.j.s.ServletContextHandler@30d5fc1b{/logs,file:///opt/src/hadoop-ozone/integration-test/target/log,AVAILABLE}
2019-06-13 18:31:57,693 INFO  handler.ContextHandler (ContextHandler.java:doStart(781)) - Started o.e.j.s.ServletContextHandler@7b92ea9d{/static,jar:file:/root/.m2/repository/org/apache/hadoop/hadoop-hdds-container-service/0.5.0-SNAPSHOT/hadoop-hdds-container-service-0.5.0-SNAPSHOT.jar!/webapps/static,AVAILABLE}
2019-06-13 18:31:57,713 INFO  handler.ContextHandler (ContextHandler.java:doStart(781)) - Started o.e.j.w.WebAppContext@d960561{/,file:///tmp/jetty-0.0.0.0-40435-hddsDatanode-_-any-6506352503388940420.dir/webapp/,AVAILABLE}{/hddsDatanode}
2019-06-13 18:31:57,715 INFO  server.AbstractConnector (AbstractConnector.java:doStart(278)) - Started ServerConnector@3aa63b53{HTTP/1.1,[http/1.1]}{0.0.0.0:40435}
2019-06-13 18:31:57,715 INFO  server.Server (Server.java:doStart(419)) - Started @35898ms
2019-06-13 18:31:57,716 INFO  server.BaseHttpServer (BaseHttpServer.java:updateConnectorAddress(207)) - HTTP server of HDDSDATANODE is listening at http://0.0.0.0:40435
2019-06-13 18:31:57,796 INFO  ozone.HddsDatanodeService (HddsDatanodeService.java:startPlugins(396)) - Started plug-in org.apache.hadoop.ozone.web.OzoneHddsDatanodeService@523f3c29
2019-06-13 18:31:57,797 INFO  ozone.MiniOzoneClusterImpl (MiniOzoneClusterImpl.java:lambda$waitForClusterToBeReady$0(142)) - Waiting for cluster to be ready. Got 0 of 7 DN Heartbeats.
2019-06-13 18:31:57,798 INFO  util.JvmPauseMonitor (JvmPauseMonitor.java:run(188)) - Starting JVM pause monitor
2019-06-13 18:31:57,798 INFO  datanode.InitDatanodeState (InitDatanodeState.java:persistContainerDatanodeDetails(140)) - DatanodeDetails is persisted to /opt/src/hadoop-ozone/integration-test/target/test-dir/MiniOzoneClusterImpl-f2c748e5-adcb-4c4c-a654-eab58aa7afbf/datanode-6/meta/datanode.id
2019-06-13 18:31:58,703 INFO  ozoneimpl.OzoneContainer (OzoneContainer.java:start(186)) - Attempting to start container services.
2019-06-13 18:31:58,703 INFO  ozoneimpl.OzoneContainer (OzoneContainer.java:startContainerScrub(160)) - Background container scrubber has been disabled by hdds.containerscrub.enabled
2019-06-13 18:31:58,703 INFO  ratis.XceiverServerRatis (XceiverServerRatis.java:start(418)) - Starting XceiverServerRatis cc5c8bea-c0b3-40d9-bee6-c3127edf20f0 at port 33435
2019-06-13 18:31:58,707 INFO  impl.RaftServerProxy (RaftServerProxy.java:lambda$start$3(299)) - cc5c8bea-c0b3-40d9-bee6-c3127edf20f0: start RPC server
2019-06-13 18:31:58,710 INFO  server.GrpcService (GrpcService.java:startImpl(148)) - cc5c8bea-c0b3-40d9-bee6-c3127edf20f0: GrpcService started, listening on 0.0.0.0/0.0.0.0:33435
2019-06-13 18:31:58,797 INFO  ozone.MiniOzoneClusterImpl (MiniOzoneClusterImpl.java:lambda$waitForClusterToBeReady$0(142)) - Waiting for cluster to be ready. Got 0 of 7 DN Heartbeats.
2019-06-13 18:31:58,967 INFO  ozoneimpl.OzoneContainer (OzoneContainer.java:start(186)) - Attempting to start container services.
2019-06-13 18:31:58,968 INFO  ozoneimpl.OzoneContainer (OzoneContainer.java:startContainerScrub(160)) - Background container scrubber has been disabled by hdds.containerscrub.enabled
2019-06-13 18:31:58,968 INFO  ratis.XceiverServerRatis (XceiverServerRatis.java:start(418)) - Starting XceiverServerRatis 4b46b974-3b1e-4de2-965f-cb6dfaf3e8b4 at port 45659
2019-06-13 18:31:58,971 INFO  impl.RaftServerProxy (RaftServerProxy.java:lambda$start$3(299)) - 4b46b974-3b1e-4de2-965f-cb6dfaf3e8b4: start RPC server
2019-06-13 18:31:58,973 INFO  server.GrpcService (GrpcService.java:startImpl(148)) - 4b46b974-3b1e-4de2-965f-cb6dfaf3e8b4: GrpcService started, listening on 0.0.0.0/0.0.0.0:45659
2019-06-13 18:31:59,137 INFO  ozoneimpl.OzoneContainer (OzoneContainer.java:start(186)) - Attempting to start container services.
2019-06-13 18:31:59,137 INFO  ozoneimpl.OzoneContainer (OzoneContainer.java:startContainerScrub(160)) - Background container scrubber has been disabled by hdds.containerscrub.enabled
2019-06-13 18:31:59,137 INFO  ratis.XceiverServerRatis (XceiverServerRatis.java:start(418)) - Starting XceiverServerRatis 4b5226b1-6f25-4224-9424-0618f7190562 at port 46861
2019-06-13 18:31:59,140 INFO  impl.RaftServerProxy (RaftServerProxy.java:lambda$start$3(299)) - 4b5226b1-6f25-4224-9424-0618f7190562: start RPC server
2019-06-13 18:31:59,142 INFO  server.GrpcService (GrpcService.java:startImpl(148)) - 4b5226b1-6f25-4224-9424-0618f7190562: GrpcService started, listening on 0.0.0.0/0.0.0.0:46861
2019-06-13 18:31:59,315 INFO  ozoneimpl.OzoneContainer (OzoneContainer.java:start(186)) - Attempting to start container services.
2019-06-13 18:31:59,316 INFO  ozoneimpl.OzoneContainer (OzoneContainer.java:startContainerScrub(160)) - Background container scrubber has been disabled by hdds.containerscrub.enabled
2019-06-13 18:31:59,316 INFO  ratis.XceiverServerRatis (XceiverServerRatis.java:start(418)) - Starting XceiverServerRatis 924a2b97-7af9-4173-92c8-fd07d287b72f at port 39053
2019-06-13 18:31:59,319 INFO  impl.RaftServerProxy (RaftServerProxy.java:lambda$start$3(299)) - 924a2b97-7af9-4173-92c8-fd07d287b72f: start RPC server
2019-06-13 18:31:59,319 INFO  server.GrpcService (GrpcService.java:startImpl(148)) - 924a2b97-7af9-4173-92c8-fd07d287b72f: GrpcService started, listening on 0.0.0.0/0.0.0.0:39053
2019-06-13 18:31:59,470 INFO  ozoneimpl.OzoneContainer (OzoneContainer.java:start(186)) - Attempting to start container services.
2019-06-13 18:31:59,470 INFO  ozoneimpl.OzoneContainer (OzoneContainer.java:startContainerScrub(160)) - Background container scrubber has been disabled by hdds.containerscrub.enabled
2019-06-13 18:31:59,470 INFO  ratis.XceiverServerRatis (XceiverServerRatis.java:start(418)) - Starting XceiverServerRatis 07a1d637-e59e-4439-8094-b47cc4d43729 at port 33401
2019-06-13 18:31:59,473 INFO  impl.RaftServerProxy (RaftServerProxy.java:lambda$start$3(299)) - 07a1d637-e59e-4439-8094-b47cc4d43729: start RPC server
2019-06-13 18:31:59,479 INFO  server.GrpcService (GrpcService.java:startImpl(148)) - 07a1d637-e59e-4439-8094-b47cc4d43729: GrpcService started, listening on 0.0.0.0/0.0.0.0:33401
2019-06-13 18:31:59,660 INFO  ozoneimpl.OzoneContainer (OzoneContainer.java:start(186)) - Attempting to start container services.
2019-06-13 18:31:59,661 INFO  ozoneimpl.OzoneContainer (OzoneContainer.java:startContainerScrub(160)) - Background container scrubber has been disabled by hdds.containerscrub.enabled
2019-06-13 18:31:59,661 INFO  ratis.XceiverServerRatis (XceiverServerRatis.java:start(418)) - Starting XceiverServerRatis 2a287c03-ea00-4fbd-a382-5cf27d35ec1c at port 35489
2019-06-13 18:31:59,664 INFO  impl.RaftServerProxy (RaftServerProxy.java:lambda$start$3(299)) - 2a287c03-ea00-4fbd-a382-5cf27d35ec1c: start RPC server
2019-06-13 18:31:59,665 INFO  server.GrpcService (GrpcService.java:startImpl(148)) - 2a287c03-ea00-4fbd-a382-5cf27d35ec1c: GrpcService started, listening on 0.0.0.0/0.0.0.0:35489
2019-06-13 18:31:59,798 INFO  ozone.MiniOzoneClusterImpl (MiniOzoneClusterImpl.java:lambda$waitForClusterToBeReady$0(142)) - Waiting for cluster to be ready. Got 0 of 7 DN Heartbeats.
2019-06-13 18:31:59,801 INFO  ozoneimpl.OzoneContainer (OzoneContainer.java:start(186)) - Attempting to start container services.
2019-06-13 18:31:59,801 INFO  ozoneimpl.OzoneContainer (OzoneContainer.java:startContainerScrub(160)) - Background container scrubber has been disabled by hdds.containerscrub.enabled
2019-06-13 18:31:59,801 INFO  ratis.XceiverServerRatis (XceiverServerRatis.java:start(418)) - Starting XceiverServerRatis 0179da86-860c-44c8-a155-135d6146c9b5 at port 37039
2019-06-13 18:31:59,804 INFO  impl.RaftServerProxy (RaftServerProxy.java:lambda$start$3(299)) - 0179da86-860c-44c8-a155-135d6146c9b5: start RPC server
2019-06-13 18:31:59,805 INFO  server.GrpcService (GrpcService.java:startImpl(148)) - 0179da86-860c-44c8-a155-135d6146c9b5: GrpcService started, listening on 0.0.0.0/0.0.0.0:37039
2019-06-13 18:32:00,699 INFO  node.SCMNodeManager (SCMNodeManager.java:register(234)) - Registered Data node : cc5c8bea-c0b3-40d9-bee6-c3127edf20f0{ip: 192.168.105.177, host: ozone-pdpn9-622331312, networkLocation: /default-rack, certSerialId: null}
2019-06-13 18:32:00,701 INFO  safemode.SCMSafeModeManager (DataNodeSafeModeRule.java:process(71)) - SCM in safe mode. 1 DataNodes registered, 1 required.
2019-06-13 18:32:00,703 INFO  safemode.SCMSafeModeManager (SCMSafeModeManager.java:validateSafeModeExitRules(177)) - ScmSafeModeManager, all rules are successfully validated
2019-06-13 18:32:00,703 INFO  safemode.SCMSafeModeManager (SCMSafeModeManager.java:exitSafeMode(193)) - SCM exiting safe mode.
2019-06-13 18:32:00,708 INFO  impl.RaftServerProxy (RaftServerProxy.java:addNew(89)) - cc5c8bea-c0b3-40d9-bee6-c3127edf20f0: addNew group-373523490807:[cc5c8bea-c0b3-40d9-bee6-c3127edf20f0:192.168.105.177:33435] returns group-373523490807:java.util.concurrent.CompletableFuture@5a3d0c24[Not completed]
2019-06-13 18:32:00,709 INFO  impl.RaftServerImpl (RaftServerImpl.java:<init>(91)) - cc5c8bea-c0b3-40d9-bee6-c3127edf20f0: new RaftServerImpl for group-373523490807:[cc5c8bea-c0b3-40d9-bee6-c3127edf20f0:192.168.105.177:33435] with ContainerStateMachine:uninitialized
2019-06-13 18:32:00,709 INFO  server.RaftServerConfigKeys (ConfUtils.java:logGet(43)) - raft.server.rpc.timeout.min = 1s (custom)
2019-06-13 18:32:00,709 INFO  server.RaftServerConfigKeys (ConfUtils.java:logGet(43)) - raft.server.rpc.timeout.max = 1200ms (custom)
2019-06-13 18:32:00,709 INFO  server.RaftServerConfigKeys (ConfUtils.java:logGet(43)) - raft.server.rpcslowness.timeout = 120s (custom)
2019-06-13 18:32:00,709 INFO  server.RaftServerConfigKeys (ConfUtils.java:logGet(43)) - raft.server.log.appender.install.snapshot.enabled = true (default)
2019-06-13 18:32:00,709 INFO  impl.RaftServerImpl (ServerState.java:<init>(101)) - cc5c8bea-c0b3-40d9-bee6-c3127edf20f0:group-373523490807 ConfigurationManager, init=-1: [cc5c8bea-c0b3-40d9-bee6-c3127edf20f0:192.168.105.177:33435], old=null, confs=<EMPTY_MAP>
2019-06-13 18:32:00,709 INFO  server.RaftServerConfigKeys (ConfUtils.java:logGet(43)) - raft.server.storage.dir = [/opt/src/hadoop-ozone/integration-test/target/test-dir/MiniOzoneClusterImpl-f2c748e5-adcb-4c4c-a654-eab58aa7afbf/datanode-0/data/ratis] (custom)
2019-06-13 18:32:00,709 INFO  storage.RaftStorageDirectory (RaftStorageDirectory.java:analyzeStorage(246)) - The storage directory /opt/src/hadoop-ozone/integration-test/target/test-dir/MiniOzoneClusterImpl-f2c748e5-adcb-4c4c-a654-eab58aa7afbf/datanode-0/data/ratis/59cad1ef-7a3e-41d9-83a6-373523490807 does not exist. Creating ...
2019-06-13 18:32:00,712 INFO  storage.RaftStorageDirectory (RaftStorageDirectory.java:tryLock(328)) - Lock on /opt/src/hadoop-ozone/integration-test/target/test-dir/MiniOzoneClusterImpl-f2c748e5-adcb-4c4c-a654-eab58aa7afbf/datanode-0/data/ratis/59cad1ef-7a3e-41d9-83a6-373523490807/in_use.lock acquired by nodename 12522@ozone-pdpn9-622331312
2019-06-13 18:32:00,714 INFO  storage.RaftStorage (RaftStorage.java:format(75)) - Storage directory /opt/src/hadoop-ozone/integration-test/target/test-dir/MiniOzoneClusterImpl-f2c748e5-adcb-4c4c-a654-eab58aa7afbf/datanode-0/data/ratis/59cad1ef-7a3e-41d9-83a6-373523490807 has been successfully formatted.
2019-06-13 18:32:00,714 INFO  ratis.ContainerStateMachine (ContainerStateMachine.java:loadSnapshot(199)) - The snapshot info is null.Setting the last applied index to:(t:0, i:~)
2019-06-13 18:32:00,714 INFO  server.RaftServerConfigKeys (ConfUtils.java:logGet(43)) - raft.server.leader.election.timeout = 120s (custom)
2019-06-13 18:32:00,714 INFO  server.RaftServerConfigKeys (ConfUtils.java:logGet(43)) - raft.server.log.use.memory = false (default)
2019-06-13 18:32:00,714 INFO  server.RaftServerConfigKeys (ConfUtils.java:logGet(43)) - raft.server.log.appender.buffer.byte-limit = 33554432 (custom)
2019-06-13 18:32:00,714 INFO  server.RaftServerConfigKeys (ConfUtils.java:logGet(43)) - raft.server.log.segment.size.max = 16384 (custom)
2019-06-13 18:32:00,714 INFO  server.RaftServerConfigKeys (ConfUtils.java:logGet(43)) - raft.server.log.segment.cache.num.max = 2 (custom)
2019-06-13 18:32:00,715 INFO  storage.RaftLogWorker (RaftLogWorker.java:<init>(123)) - new cc5c8bea-c0b3-40d9-bee6-c3127edf20f0-RaftLogWorker for Storage Directory /opt/src/hadoop-ozone/integration-test/target/test-dir/MiniOzoneClusterImpl-f2c748e5-adcb-4c4c-a654-eab58aa7afbf/datanode-0/data/ratis/59cad1ef-7a3e-41d9-83a6-373523490807
2019-06-13 18:32:00,715 INFO  server.RaftServerConfigKeys (ConfUtils.java:logGet(43)) - raft.server.log.queue.byte-limit = 2147483647 (custom)
2019-06-13 18:32:00,715 INFO  server.RaftServerConfigKeys (ConfUtils.java:logGet(43)) - raft.server.log.queue.element-limit = 1024 (custom)
2019-06-13 18:32:00,715 INFO  server.RaftServerConfigKeys (ConfUtils.java:logGet(43)) - raft.server.log.segment.size.max = 16384 (custom)
2019-06-13 18:32:00,715 INFO  server.RaftServerConfigKeys (ConfUtils.java:logGet(43)) - raft.server.log.preallocated.size = 16384 (custom)
2019-06-13 18:32:00,715 INFO  server.RaftServerConfigKeys (ConfUtils.java:logGet(43)) - raft.server.log.write.buffer.size = 33554432 (custom)
2019-06-13 18:32:00,715 INFO  server.RaftServerConfigKeys (ConfUtils.java:logGet(43)) - raft.server.log.force.sync.num = 128 (default)
2019-06-13 18:32:00,715 INFO  server.RaftServerConfigKeys (ConfUtils.java:logGet(43)) - raft.server.log.statemachine.data.sync = true (default)
2019-06-13 18:32:00,715 INFO  server.RaftServerConfigKeys (ConfUtils.java:logGet(43)) - raft.server.log.statemachine.data.sync.timeout = 10s (default)
2019-06-13 18:32:00,715 INFO  server.RaftServerConfigKeys (ConfUtils.java:logGet(43)) - raft.server.log.statemachine.data.sync.timeout.retry = -1 (default)
2019-06-13 18:32:00,715 INFO  server.RaftServerConfigKeys (ConfUtils.java:logGet(43)) - raft.server.log.statemachine.data.caching.enabled = true (custom)
2019-06-13 18:32:00,715 INFO  server.RaftServerConfigKeys (ConfUtils.java:logGet(43)) - raft.server.snapshot.auto.trigger.enabled = true (custom)
2019-06-13 18:32:00,716 INFO  server.RaftServerConfigKeys (ConfUtils.java:logGet(43)) - raft.server.snapshot.auto.trigger.threshold = 10000 (custom)
2019-06-13 18:32:00,716 INFO  server.RaftServerConfigKeys (ConfUtils.java:logGet(43)) - raft.server.retrycache.expirytime = 600000ms (custom)
2019-06-13 18:32:00,716 INFO  impl.RaftServerImpl (RaftServerImpl.java:start(173)) - cc5c8bea-c0b3-40d9-bee6-c3127edf20f0: start group-373523490807
2019-06-13 18:32:00,716 INFO  impl.RaftServerImpl (RaftServerImpl.java:setRole(164)) - cc5c8bea-c0b3-40d9-bee6-c3127edf20f0:group-373523490807 changes role from null to FOLLOWER at term 0 for startAsFollower
2019-06-13 18:32:00,716 INFO  impl.RoleInfo (RoleInfo.java:updateAndGet(143)) - cc5c8bea-c0b3-40d9-bee6-c3127edf20f0: start FollowerState
2019-06-13 18:32:00,716 INFO  util.JmxRegister (JmxRegister.java:tryRegister(44)) - Successfully registered JMX Bean with object name Ratis:service=RaftServer,group=group-373523490807,id=cc5c8bea-c0b3-40d9-bee6-c3127edf20f0
2019-06-13 18:32:00,718 INFO  pipeline.PipelineStateManager (PipelineStateManager.java:addPipeline(56)) - Created pipeline Pipeline[ Id: 59cad1ef-7a3e-41d9-83a6-373523490807, Nodes: cc5c8bea-c0b3-40d9-bee6-c3127edf20f0{ip: 192.168.105.177, host: ozone-pdpn9-622331312, networkLocation: /default-rack, certSerialId: null}, Type:RATIS, Factor:ONE, State:OPEN]
2019-06-13 18:32:00,798 INFO  ozone.MiniOzoneClusterImpl (MiniOzoneClusterImpl.java:lambda$waitForClusterToBeReady$0(142)) - Waiting for cluster to be ready. Got 1 of 7 DN Heartbeats.
2019-06-13 18:32:00,964 INFO  node.SCMNodeManager (SCMNodeManager.java:register(234)) - Registered Data node : 4b46b974-3b1e-4de2-965f-cb6dfaf3e8b4{ip: 192.168.105.177, host: ozone-pdpn9-622331312, networkLocation: /default-rack, certSerialId: null}
2019-06-13 18:32:00,982 INFO  impl.RaftServerProxy (RaftServerProxy.java:addNew(89)) - 4b46b974-3b1e-4de2-965f-cb6dfaf3e8b4: addNew group-1F0DF1ACC708:[4b46b974-3b1e-4de2-965f-cb6dfaf3e8b4:192.168.105.177:45659] returns group-1F0DF1ACC708:java.util.concurrent.CompletableFuture@e914a75[Not completed]
2019-06-13 18:32:00,982 INFO  impl.RaftServerImpl (RaftServerImpl.java:<init>(91)) - 4b46b974-3b1e-4de2-965f-cb6dfaf3e8b4: new RaftServerImpl for group-1F0DF1ACC708:[4b46b974-3b1e-4de2-965f-cb6dfaf3e8b4:192.168.105.177:45659] with ContainerStateMachine:uninitialized
2019-06-13 18:32:00,982 INFO  server.RaftServerConfigKeys (ConfUtils.java:logGet(43)) - raft.server.rpc.timeout.min = 1s (custom)
2019-06-13 18:32:00,982 INFO  server.RaftServerConfigKeys (ConfUtils.java:logGet(43)) - raft.server.rpc.timeout.max = 1200ms (custom)
2019-06-13 18:32:00,982 INFO  server.RaftServerConfigKeys (ConfUtils.java:logGet(43)) - raft.server.rpcslowness.timeout = 120s (custom)
2019-06-13 18:32:00,983 INFO  server.RaftServerConfigKeys (ConfUtils.java:logGet(43)) - raft.server.log.appender.install.snapshot.enabled = true (default)
2019-06-13 18:32:00,983 INFO  impl.RaftServerImpl (ServerState.java:<init>(101)) - 4b46b974-3b1e-4de2-965f-cb6dfaf3e8b4:group-1F0DF1ACC708 ConfigurationManager, init=-1: [4b46b974-3b1e-4de2-965f-cb6dfaf3e8b4:192.168.105.177:45659], old=null, confs=<EMPTY_MAP>
2019-06-13 18:32:00,983 INFO  server.RaftServerConfigKeys (ConfUtils.java:logGet(43)) - raft.server.storage.dir = [/opt/src/hadoop-ozone/integration-test/target/test-dir/MiniOzoneClusterImpl-f2c748e5-adcb-4c4c-a654-eab58aa7afbf/datanode-1/data/ratis] (custom)
2019-06-13 18:32:00,983 INFO  storage.RaftStorageDirectory (RaftStorageDirectory.java:analyzeStorage(246)) - The storage directory /opt/src/hadoop-ozone/integration-test/target/test-dir/MiniOzoneClusterImpl-f2c748e5-adcb-4c4c-a654-eab58aa7afbf/datanode-1/data/ratis/7b69e2bd-2432-4fea-96cb-1f0df1acc708 does not exist. Creating ...
2019-06-13 18:32:00,986 INFO  storage.RaftStorageDirectory (RaftStorageDirectory.java:tryLock(328)) - Lock on /opt/src/hadoop-ozone/integration-test/target/test-dir/MiniOzoneClusterImpl-f2c748e5-adcb-4c4c-a654-eab58aa7afbf/datanode-1/data/ratis/7b69e2bd-2432-4fea-96cb-1f0df1acc708/in_use.lock acquired by nodename 12522@ozone-pdpn9-622331312
2019-06-13 18:32:00,988 INFO  storage.RaftStorage (RaftStorage.java:format(75)) - Storage directory /opt/src/hadoop-ozone/integration-test/target/test-dir/MiniOzoneClusterImpl-f2c748e5-adcb-4c4c-a654-eab58aa7afbf/datanode-1/data/ratis/7b69e2bd-2432-4fea-96cb-1f0df1acc708 has been successfully formatted.
2019-06-13 18:32:00,988 INFO  ratis.ContainerStateMachine (ContainerStateMachine.java:loadSnapshot(199)) - The snapshot info is null.Setting the last applied index to:(t:0, i:~)
2019-06-13 18:32:00,988 INFO  server.RaftServerConfigKeys (ConfUtils.java:logGet(43)) - raft.server.leader.election.timeout = 120s (custom)
2019-06-13 18:32:00,988 INFO  server.RaftServerConfigKeys (ConfUtils.java:logGet(43)) - raft.server.log.use.memory = false (default)
2019-06-13 18:32:00,988 INFO  server.RaftServerConfigKeys (ConfUtils.java:logGet(43)) - raft.server.log.appender.buffer.byte-limit = 33554432 (custom)
2019-06-13 18:32:00,988 INFO  server.RaftServerConfigKeys (ConfUtils.java:logGet(43)) - raft.server.log.segment.size.max = 16384 (custom)
2019-06-13 18:32:00,988 INFO  server.RaftServerConfigKeys (ConfUtils.java:logGet(43)) - raft.server.log.segment.cache.num.max = 2 (custom)
2019-06-13 18:32:00,988 INFO  storage.RaftLogWorker (RaftLogWorker.java:<init>(123)) - new 4b46b974-3b1e-4de2-965f-cb6dfaf3e8b4-RaftLogWorker for Storage Directory /opt/src/hadoop-ozone/integration-test/target/test-dir/MiniOzoneClusterImpl-f2c748e5-adcb-4c4c-a654-eab58aa7afbf/datanode-1/data/ratis/7b69e2bd-2432-4fea-96cb-1f0df1acc708
2019-06-13 18:32:00,988 INFO  server.RaftServerConfigKeys (ConfUtils.java:logGet(43)) - raft.server.log.queue.byte-limit = 2147483647 (custom)
2019-06-13 18:32:00,988 INFO  server.RaftServerConfigKeys (ConfUtils.java:logGet(43)) - raft.server.log.queue.element-limit = 1024 (custom)
2019-06-13 18:32:00,988 INFO  server.RaftServerConfigKeys (ConfUtils.java:logGet(43)) - raft.server.log.segment.size.max = 16384 (custom)
2019-06-13 18:32:00,989 INFO  server.RaftServerConfigKeys (ConfUtils.java:logGet(43)) - raft.server.log.preallocated.size = 16384 (custom)
2019-06-13 18:32:00,989 INFO  server.RaftServerConfigKeys (ConfUtils.java:logGet(43)) - raft.server.log.write.buffer.size = 33554432 (custom)
2019-06-13 18:32:00,989 INFO  server.RaftServerConfigKeys (ConfUtils.java:logGet(43)) - raft.server.log.force.sync.num = 128 (default)
2019-06-13 18:32:00,989 INFO  server.RaftServerConfigKeys (ConfUtils.java:logGet(43)) - raft.server.log.statemachine.data.sync = true (default)
2019-06-13 18:32:00,989 INFO  server.RaftServerConfigKeys (ConfUtils.java:logGet(43)) - raft.server.log.statemachine.data.sync.timeout = 10s (default)
2019-06-13 18:32:00,989 INFO  server.RaftServerConfigKeys (ConfUtils.java:logGet(43)) - raft.server.log.statemachine.data.sync.timeout.retry = -1 (default)
2019-06-13 18:32:00,989 INFO  server.RaftServerConfigKeys (ConfUtils.java:logGet(43)) - raft.server.log.statemachine.data.caching.enabled = true (custom)
2019-06-13 18:32:00,989 INFO  server.RaftServerConfigKeys (ConfUtils.java:logGet(43)) - raft.server.snapshot.auto.trigger.enabled = true (custom)
2019-06-13 18:32:00,989 INFO  server.RaftServerConfigKeys (ConfUtils.java:logGet(43)) - raft.server.snapshot.auto.trigger.threshold = 10000 (custom)
2019-06-13 18:32:00,989 INFO  server.RaftServerConfigKeys (ConfUtils.java:logGet(43)) - raft.server.retrycache.expirytime = 600000ms (custom)
2019-06-13 18:32:00,990 INFO  impl.RaftServerImpl (RaftServerImpl.java:start(173)) - 4b46b974-3b1e-4de2-965f-cb6dfaf3e8b4: start group-1F0DF1ACC708
2019-06-13 18:32:00,990 INFO  impl.RaftServerImpl (RaftServerImpl.java:setRole(164)) - 4b46b974-3b1e-4de2-965f-cb6dfaf3e8b4:group-1F0DF1ACC708 changes role from null to FOLLOWER at term 0 for startAsFollower
2019-06-13 18:32:00,990 INFO  impl.RoleInfo (RoleInfo.java:updateAndGet(143)) - 4b46b974-3b1e-4de2-965f-cb6dfaf3e8b4: start FollowerState
2019-06-13 18:32:00,990 INFO  util.JmxRegister (JmxRegister.java:tryRegister(44)) - Successfully registered JMX Bean with object name Ratis:service=RaftServer,group=group-1F0DF1ACC708,id=4b46b974-3b1e-4de2-965f-cb6dfaf3e8b4
2019-06-13 18:32:00,992 INFO  pipeline.PipelineStateManager (PipelineStateManager.java:addPipeline(56)) - Created pipeline Pipeline[ Id: 7b69e2bd-2432-4fea-96cb-1f0df1acc708, Nodes: 4b46b974-3b1e-4de2-965f-cb6dfaf3e8b4{ip: 192.168.105.177, host: ozone-pdpn9-622331312, networkLocation: /default-rack, certSerialId: null}, Type:RATIS, Factor:ONE, State:OPEN]
2019-06-13 18:32:01,135 INFO  node.SCMNodeManager (SCMNodeManager.java:register(234)) - Registered Data node : 4b5226b1-6f25-4224-9424-0618f7190562{ip: 192.168.105.177, host: ozone-pdpn9-622331312, networkLocation: /default-rack, certSerialId: null}
2019-06-13 18:32:01,143 INFO  impl.RaftServerProxy (RaftServerProxy.java:addNew(89)) - 4b5226b1-6f25-4224-9424-0618f7190562: addNew group-CB7EBD0F9666:[4b5226b1-6f25-4224-9424-0618f7190562:192.168.105.177:46861] returns group-CB7EBD0F9666:java.util.concurrent.CompletableFuture@7362b4d[Not completed]
2019-06-13 18:32:01,144 INFO  impl.RaftServerImpl (RaftServerImpl.java:<init>(91)) - 4b5226b1-6f25-4224-9424-0618f7190562: new RaftServerImpl for group-CB7EBD0F9666:[4b5226b1-6f25-4224-9424-0618f7190562:192.168.105.177:46861] with ContainerStateMachine:uninitialized
2019-06-13 18:32:01,144 INFO  server.RaftServerConfigKeys (ConfUtils.java:logGet(43)) - raft.server.rpc.timeout.min = 1s (custom)
2019-06-13 18:32:01,144 INFO  server.RaftServerConfigKeys (ConfUtils.java:logGet(43)) - raft.server.rpc.timeout.max = 1200ms (custom)
2019-06-13 18:32:01,144 INFO  server.RaftServerConfigKeys (ConfUtils.java:logGet(43)) - raft.server.rpcslowness.timeout = 120s (custom)
2019-06-13 18:32:01,144 INFO  server.RaftServerConfigKeys (ConfUtils.java:logGet(43)) - raft.server.log.appender.install.snapshot.enabled = true (default)
2019-06-13 18:32:01,144 INFO  impl.RaftServerImpl (ServerState.java:<init>(101)) - 4b5226b1-6f25-4224-9424-0618f7190562:group-CB7EBD0F9666 ConfigurationManager, init=-1: [4b5226b1-6f25-4224-9424-0618f7190562:192.168.105.177:46861], old=null, confs=<EMPTY_MAP>
2019-06-13 18:32:01,144 INFO  server.RaftServerConfigKeys (ConfUtils.java:logGet(43)) - raft.server.storage.dir = [/opt/src/hadoop-ozone/integration-test/target/test-dir/MiniOzoneClusterImpl-f2c748e5-adcb-4c4c-a654-eab58aa7afbf/datanode-2/data/ratis] (custom)
2019-06-13 18:32:01,145 INFO  storage.RaftStorageDirectory (RaftStorageDirectory.java:analyzeStorage(246)) - The storage directory /opt/src/hadoop-ozone/integration-test/target/test-dir/MiniOzoneClusterImpl-f2c748e5-adcb-4c4c-a654-eab58aa7afbf/datanode-2/data/ratis/549d15ef-d840-4cf3-b143-cb7ebd0f9666 does not exist. Creating ...
2019-06-13 18:32:01,147 INFO  storage.RaftStorageDirectory (RaftStorageDirectory.java:tryLock(328)) - Lock on /opt/src/hadoop-ozone/integration-test/target/test-dir/MiniOzoneClusterImpl-f2c748e5-adcb-4c4c-a654-eab58aa7afbf/datanode-2/data/ratis/549d15ef-d840-4cf3-b143-cb7ebd0f9666/in_use.lock acquired by nodename 12522@ozone-pdpn9-622331312
2019-06-13 18:32:01,149 INFO  storage.RaftStorage (RaftStorage.java:format(75)) - Storage directory /opt/src/hadoop-ozone/integration-test/target/test-dir/MiniOzoneClusterImpl-f2c748e5-adcb-4c4c-a654-eab58aa7afbf/datanode-2/data/ratis/549d15ef-d840-4cf3-b143-cb7ebd0f9666 has been successfully formatted.
2019-06-13 18:32:01,149 INFO  ratis.ContainerStateMachine (ContainerStateMachine.java:loadSnapshot(199)) - The snapshot info is null.Setting the last applied index to:(t:0, i:~)
2019-06-13 18:32:01,149 INFO  server.RaftServerConfigKeys (ConfUtils.java:logGet(43)) - raft.server.leader.election.timeout = 120s (custom)
2019-06-13 18:32:01,149 INFO  server.RaftServerConfigKeys (ConfUtils.java:logGet(43)) - raft.server.log.use.memory = false (default)
2019-06-13 18:32:01,149 INFO  server.RaftServerConfigKeys (ConfUtils.java:logGet(43)) - raft.server.log.appender.buffer.byte-limit = 33554432 (custom)
2019-06-13 18:32:01,149 INFO  server.RaftServerConfigKeys (ConfUtils.java:logGet(43)) - raft.server.log.segment.size.max = 16384 (custom)
2019-06-13 18:32:01,150 INFO  server.RaftServerConfigKeys (ConfUtils.java:logGet(43)) - raft.server.log.segment.cache.num.max = 2 (custom)
2019-06-13 18:32:01,150 INFO  storage.RaftLogWorker (RaftLogWorker.java:<init>(123)) - new 4b5226b1-6f25-4224-9424-0618f7190562-RaftLogWorker for Storage Directory /opt/src/hadoop-ozone/integration-test/target/test-dir/MiniOzoneClusterImpl-f2c748e5-adcb-4c4c-a654-eab58aa7afbf/datanode-2/data/ratis/549d15ef-d840-4cf3-b143-cb7ebd0f9666
2019-06-13 18:32:01,150 INFO  server.RaftServerConfigKeys (ConfUtils.java:logGet(43)) - raft.server.log.queue.byte-limit = 2147483647 (custom)
2019-06-13 18:32:01,150 INFO  server.RaftServerConfigKeys (ConfUtils.java:logGet(43)) - raft.server.log.queue.element-limit = 1024 (custom)
2019-06-13 18:32:01,150 INFO  server.RaftServerConfigKeys (ConfUtils.java:logGet(43)) - raft.server.log.segment.size.max = 16384 (custom)
2019-06-13 18:32:01,150 INFO  server.RaftServerConfigKeys (ConfUtils.java:logGet(43)) - raft.server.log.preallocated.size = 16384 (custom)
2019-06-13 18:32:01,150 INFO  server.RaftServerConfigKeys (ConfUtils.java:logGet(43)) - raft.server.log.write.buffer.size = 33554432 (custom)
2019-06-13 18:32:01,150 INFO  server.RaftServerConfigKeys (ConfUtils.java:logGet(43)) - raft.server.log.force.sync.num = 128 (default)
2019-06-13 18:32:01,150 INFO  server.RaftServerConfigKeys (ConfUtils.java:logGet(43)) - raft.server.log.statemachine.data.sync = true (default)
2019-06-13 18:32:01,150 INFO  server.RaftServerConfigKeys (ConfUtils.java:logGet(43)) - raft.server.log.statemachine.data.sync.timeout = 10s (default)
2019-06-13 18:32:01,150 INFO  server.RaftServerConfigKeys (ConfUtils.java:logGet(43)) - raft.server.log.statemachine.data.sync.timeout.retry = -1 (default)
2019-06-13 18:32:01,150 INFO  server.RaftServerConfigKeys (ConfUtils.java:logGet(43)) - raft.server.log.statemachine.data.caching.enabled = true (custom)
2019-06-13 18:32:01,150 INFO  server.RaftServerConfigKeys (ConfUtils.java:logGet(43)) - raft.server.snapshot.auto.trigger.enabled = true (custom)
2019-06-13 18:32:01,151 INFO  server.RaftServerConfigKeys (ConfUtils.java:logGet(43)) - raft.server.snapshot.auto.trigger.threshold = 10000 (custom)
2019-06-13 18:32:01,151 INFO  server.RaftServerConfigKeys (ConfUtils.java:logGet(43)) - raft.server.retrycache.expirytime = 600000ms (custom)
2019-06-13 18:32:01,151 INFO  impl.RaftServerImpl (RaftServerImpl.java:start(173)) - 4b5226b1-6f25-4224-9424-0618f7190562: start group-CB7EBD0F9666
2019-06-13 18:32:01,151 INFO  impl.RaftServerImpl (RaftServerImpl.java:setRole(164)) - 4b5226b1-6f25-4224-9424-0618f7190562:group-CB7EBD0F9666 changes role from null to FOLLOWER at term 0 for startAsFollower
2019-06-13 18:32:01,151 INFO  impl.RoleInfo (RoleInfo.java:updateAndGet(143)) - 4b5226b1-6f25-4224-9424-0618f7190562: start FollowerState
2019-06-13 18:32:01,151 INFO  util.JmxRegister (JmxRegister.java:tryRegister(44)) - Successfully registered JMX Bean with object name Ratis:service=RaftServer,group=group-CB7EBD0F9666,id=4b5226b1-6f25-4224-9424-0618f7190562
2019-06-13 18:32:01,153 INFO  pipeline.PipelineStateManager (PipelineStateManager.java:addPipeline(56)) - Created pipeline Pipeline[ Id: 549d15ef-d840-4cf3-b143-cb7ebd0f9666, Nodes: 4b5226b1-6f25-4224-9424-0618f7190562{ip: 192.168.105.177, host: ozone-pdpn9-622331312, networkLocation: /default-rack, certSerialId: null}, Type:RATIS, Factor:ONE, State:OPEN]
2019-06-13 18:32:01,161 INFO  impl.RaftServerProxy (RaftServerProxy.java:addNew(89)) - 4b5226b1-6f25-4224-9424-0618f7190562: addNew group-C15636AE46FB:[cc5c8bea-c0b3-40d9-bee6-c3127edf20f0:192.168.105.177:33435, 4b46b974-3b1e-4de2-965f-cb6dfaf3e8b4:192.168.105.177:45659, 4b5226b1-6f25-4224-9424-0618f7190562:192.168.105.177:46861] returns group-C15636AE46FB:java.util.concurrent.CompletableFuture@3b73c5ea[Not completed]
2019-06-13 18:32:01,162 INFO  impl.RaftServerProxy (RaftServerProxy.java:addNew(89)) - cc5c8bea-c0b3-40d9-bee6-c3127edf20f0: addNew group-C15636AE46FB:[cc5c8bea-c0b3-40d9-bee6-c3127edf20f0:192.168.105.177:33435, 4b46b974-3b1e-4de2-965f-cb6dfaf3e8b4:192.168.105.177:45659, 4b5226b1-6f25-4224-9424-0618f7190562:192.168.105.177:46861] returns group-C15636AE46FB:java.util.concurrent.CompletableFuture@77f444f6[Not completed]
2019-06-13 18:32:01,162 INFO  impl.RaftServerImpl (RaftServerImpl.java:<init>(91)) - 4b5226b1-6f25-4224-9424-0618f7190562: new RaftServerImpl for group-C15636AE46FB:[cc5c8bea-c0b3-40d9-bee6-c3127edf20f0:192.168.105.177:33435, 4b46b974-3b1e-4de2-965f-cb6dfaf3e8b4:192.168.105.177:45659, 4b5226b1-6f25-4224-9424-0618f7190562:192.168.105.177:46861] with ContainerStateMachine:uninitialized
2019-06-13 18:32:01,162 INFO  server.RaftServerConfigKeys (ConfUtils.java:logGet(43)) - raft.server.rpc.timeout.min = 1s (custom)
2019-06-13 18:32:01,162 INFO  server.RaftServerConfigKeys (ConfUtils.java:logGet(43)) - raft.server.rpc.timeout.max = 1200ms (custom)
2019-06-13 18:32:01,162 INFO  server.RaftServerConfigKeys (ConfUtils.java:logGet(43)) - raft.server.rpcslowness.timeout = 120s (custom)
2019-06-13 18:32:01,162 INFO  server.RaftServerConfigKeys (ConfUtils.java:logGet(43)) - raft.server.log.appender.install.snapshot.enabled = true (default)
2019-06-13 18:32:01,162 INFO  impl.RaftServerImpl (ServerState.java:<init>(101)) - 4b5226b1-6f25-4224-9424-0618f7190562:group-C15636AE46FB ConfigurationManager, init=-1: [cc5c8bea-c0b3-40d9-bee6-c3127edf20f0:192.168.105.177:33435, 4b46b974-3b1e-4de2-965f-cb6dfaf3e8b4:192.168.105.177:45659, 4b5226b1-6f25-4224-9424-0618f7190562:192.168.105.177:46861], old=null, confs=<EMPTY_MAP>
2019-06-13 18:32:01,162 INFO  server.RaftServerConfigKeys (ConfUtils.java:logGet(43)) - raft.server.storage.dir = [/opt/src/hadoop-ozone/integration-test/target/test-dir/MiniOzoneClusterImpl-f2c748e5-adcb-4c4c-a654-eab58aa7afbf/datanode-2/data/ratis] (custom)
2019-06-13 18:32:01,162 INFO  storage.RaftStorageDirectory (RaftStorageDirectory.java:analyzeStorage(246)) - The storage directory /opt/src/hadoop-ozone/integration-test/target/test-dir/MiniOzoneClusterImpl-f2c748e5-adcb-4c4c-a654-eab58aa7afbf/datanode-2/data/ratis/eba4956c-405a-4993-b9d0-c15636ae46fb does not exist. Creating ...
2019-06-13 18:32:01,163 INFO  impl.RaftServerImpl (RaftServerImpl.java:<init>(91)) - cc5c8bea-c0b3-40d9-bee6-c3127edf20f0: new RaftServerImpl for group-C15636AE46FB:[cc5c8bea-c0b3-40d9-bee6-c3127edf20f0:192.168.105.177:33435, 4b46b974-3b1e-4de2-965f-cb6dfaf3e8b4:192.168.105.177:45659, 4b5226b1-6f25-4224-9424-0618f7190562:192.168.105.177:46861] with ContainerStateMachine:uninitialized
2019-06-13 18:32:01,163 INFO  server.RaftServerConfigKeys (ConfUtils.java:logGet(43)) - raft.server.rpc.timeout.min = 1s (custom)
2019-06-13 18:32:01,163 INFO  server.RaftServerConfigKeys (ConfUtils.java:logGet(43)) - raft.server.rpc.timeout.max = 1200ms (custom)
2019-06-13 18:32:01,163 INFO  server.RaftServerConfigKeys (ConfUtils.java:logGet(43)) - raft.server.rpcslowness.timeout = 120s (custom)
2019-06-13 18:32:01,163 INFO  server.RaftServerConfigKeys (ConfUtils.java:logGet(43)) - raft.server.log.appender.install.snapshot.enabled = true (default)
2019-06-13 18:32:01,163 INFO  impl.RaftServerImpl (ServerState.java:<init>(101)) - cc5c8bea-c0b3-40d9-bee6-c3127edf20f0:group-C15636AE46FB ConfigurationManager, init=-1: [cc5c8bea-c0b3-40d9-bee6-c3127edf20f0:192.168.105.177:33435, 4b46b974-3b1e-4de2-965f-cb6dfaf3e8b4:192.168.105.177:45659, 4b5226b1-6f25-4224-9424-0618f7190562:192.168.105.177:46861], old=null, confs=<EMPTY_MAP>
2019-06-13 18:32:01,163 INFO  server.RaftServerConfigKeys (ConfUtils.java:logGet(43)) - raft.server.storage.dir = [/opt/src/hadoop-ozone/integration-test/target/test-dir/MiniOzoneClusterImpl-f2c748e5-adcb-4c4c-a654-eab58aa7afbf/datanode-0/data/ratis] (custom)
2019-06-13 18:32:01,164 INFO  storage.RaftStorageDirectory (RaftStorageDirectory.java:analyzeStorage(246)) - The storage directory /opt/src/hadoop-ozone/integration-test/target/test-dir/MiniOzoneClusterImpl-f2c748e5-adcb-4c4c-a654-eab58aa7afbf/datanode-0/data/ratis/eba4956c-405a-4993-b9d0-c15636ae46fb does not exist. Creating ...
2019-06-13 18:32:01,164 INFO  storage.RaftStorageDirectory (RaftStorageDirectory.java:tryLock(328)) - Lock on /opt/src/hadoop-ozone/integration-test/target/test-dir/MiniOzoneClusterImpl-f2c748e5-adcb-4c4c-a654-eab58aa7afbf/datanode-2/data/ratis/eba4956c-405a-4993-b9d0-c15636ae46fb/in_use.lock acquired by nodename 12522@ozone-pdpn9-622331312
2019-06-13 18:32:01,165 INFO  impl.RaftServerImpl (RaftServerImpl.java:<init>(91)) - 4b46b974-3b1e-4de2-965f-cb6dfaf3e8b4: new RaftServerImpl for group-C15636AE46FB:[cc5c8bea-c0b3-40d9-bee6-c3127edf20f0:192.168.105.177:33435, 4b46b974-3b1e-4de2-965f-cb6dfaf3e8b4:192.168.105.177:45659, 4b5226b1-6f25-4224-9424-0618f7190562:192.168.105.177:46861] with ContainerStateMachine:uninitialized
2019-06-13 18:32:01,165 INFO  server.RaftServerConfigKeys (ConfUtils.java:logGet(43)) - raft.server.rpc.timeout.min = 1s (custom)
2019-06-13 18:32:01,165 INFO  server.RaftServerConfigKeys (ConfUtils.java:logGet(43)) - raft.server.rpc.timeout.max = 1200ms (custom)
2019-06-13 18:32:01,165 INFO  server.RaftServerConfigKeys (ConfUtils.java:logGet(43)) - raft.server.rpcslowness.timeout = 120s (custom)
2019-06-13 18:32:01,165 INFO  server.RaftServerConfigKeys (ConfUtils.java:logGet(43)) - raft.server.log.appender.install.snapshot.enabled = true (default)
2019-06-13 18:32:01,165 INFO  impl.RaftServerImpl (ServerState.java:<init>(101)) - 4b46b974-3b1e-4de2-965f-cb6dfaf3e8b4:group-C15636AE46FB ConfigurationManager, init=-1: [cc5c8bea-c0b3-40d9-bee6-c3127edf20f0:192.168.105.177:33435, 4b46b974-3b1e-4de2-965f-cb6dfaf3e8b4:192.168.105.177:45659, 4b5226b1-6f25-4224-9424-0618f7190562:192.168.105.177:46861], old=null, confs=<EMPTY_MAP>
2019-06-13 18:32:01,165 INFO  server.RaftServerConfigKeys (ConfUtils.java:logGet(43)) - raft.server.storage.dir = [/opt/src/hadoop-ozone/integration-test/target/test-dir/MiniOzoneClusterImpl-f2c748e5-adcb-4c4c-a654-eab58aa7afbf/datanode-1/data/ratis] (custom)
2019-06-13 18:32:01,166 INFO  storage.RaftStorageDirectory (RaftStorageDirectory.java:analyzeStorage(246)) - The storage directory /opt/src/hadoop-ozone/integration-test/target/test-dir/MiniOzoneClusterImpl-f2c748e5-adcb-4c4c-a654-eab58aa7afbf/datanode-1/data/ratis/eba4956c-405a-4993-b9d0-c15636ae46fb does not exist. Creating ...
2019-06-13 18:32:01,165 INFO  impl.RaftServerProxy (RaftServerProxy.java:addNew(89)) - 4b46b974-3b1e-4de2-965f-cb6dfaf3e8b4: addNew group-C15636AE46FB:[cc5c8bea-c0b3-40d9-bee6-c3127edf20f0:192.168.105.177:33435, 4b46b974-3b1e-4de2-965f-cb6dfaf3e8b4:192.168.105.177:45659, 4b5226b1-6f25-4224-9424-0618f7190562:192.168.105.177:46861] returns group-C15636AE46FB:java.util.concurrent.CompletableFuture@106f3157[Not completed]
2019-06-13 18:32:01,166 INFO  storage.RaftStorageDirectory (RaftStorageDirectory.java:tryLock(328)) - Lock on /opt/src/hadoop-ozone/integration-test/target/test-dir/MiniOzoneClusterImpl-f2c748e5-adcb-4c4c-a654-eab58aa7afbf/datanode-0/data/ratis/eba4956c-405a-4993-b9d0-c15636ae46fb/in_use.lock acquired by nodename 12522@ozone-pdpn9-622331312
2019-06-13 18:32:01,167 INFO  storage.RaftStorageDirectory (RaftStorageDirectory.java:tryLock(328)) - Lock on /opt/src/hadoop-ozone/integration-test/target/test-dir/MiniOzoneClusterImpl-f2c748e5-adcb-4c4c-a654-eab58aa7afbf/datanode-1/data/ratis/eba4956c-405a-4993-b9d0-c15636ae46fb/in_use.lock acquired by nodename 12522@ozone-pdpn9-622331312
2019-06-13 18:32:01,167 INFO  storage.RaftStorage (RaftStorage.java:format(75)) - Storage directory /opt/src/hadoop-ozone/integration-test/target/test-dir/MiniOzoneClusterImpl-f2c748e5-adcb-4c4c-a654-eab58aa7afbf/datanode-2/data/ratis/eba4956c-405a-4993-b9d0-c15636ae46fb has been successfully formatted.
2019-06-13 18:32:01,168 INFO  ratis.ContainerStateMachine (ContainerStateMachine.java:loadSnapshot(199)) - The snapshot info is null.Setting the last applied index to:(t:0, i:~)
2019-06-13 18:32:01,169 INFO  server.RaftServerConfigKeys (ConfUtils.java:logGet(43)) - raft.server.leader.election.timeout = 120s (custom)
2019-06-13 18:32:01,169 INFO  server.RaftServerConfigKeys (ConfUtils.java:logGet(43)) - raft.server.log.use.memory = false (default)
2019-06-13 18:32:01,169 INFO  server.RaftServerConfigKeys (ConfUtils.java:logGet(43)) - raft.server.log.appender.buffer.byte-limit = 33554432 (custom)
2019-06-13 18:32:01,169 INFO  server.RaftServerConfigKeys (ConfUtils.java:logGet(43)) - raft.server.log.segment.size.max = 16384 (custom)
2019-06-13 18:32:01,169 INFO  server.RaftServerConfigKeys (ConfUtils.java:logGet(43)) - raft.server.log.segment.cache.num.max = 2 (custom)
2019-06-13 18:32:01,169 INFO  storage.RaftStorage (RaftStorage.java:format(75)) - Storage directory /opt/src/hadoop-ozone/integration-test/target/test-dir/MiniOzoneClusterImpl-f2c748e5-adcb-4c4c-a654-eab58aa7afbf/datanode-0/data/ratis/eba4956c-405a-4993-b9d0-c15636ae46fb has been successfully formatted.
2019-06-13 18:32:01,169 INFO  storage.RaftLogWorker (RaftLogWorker.java:<init>(123)) - new 4b5226b1-6f25-4224-9424-0618f7190562-RaftLogWorker for Storage Directory /opt/src/hadoop-ozone/integration-test/target/test-dir/MiniOzoneClusterImpl-f2c748e5-adcb-4c4c-a654-eab58aa7afbf/datanode-2/data/ratis/eba4956c-405a-4993-b9d0-c15636ae46fb
2019-06-13 18:32:01,169 INFO  ratis.ContainerStateMachine (ContainerStateMachine.java:loadSnapshot(199)) - The snapshot info is null.Setting the last applied index to:(t:0, i:~)
2019-06-13 18:32:01,169 INFO  server.RaftServerConfigKeys (ConfUtils.java:logGet(43)) - raft.server.log.queue.byte-limit = 2147483647 (custom)
2019-06-13 18:32:01,170 INFO  server.RaftServerConfigKeys (ConfUtils.java:logGet(43)) - raft.server.log.queue.element-limit = 1024 (custom)
2019-06-13 18:32:01,170 INFO  server.RaftServerConfigKeys (ConfUtils.java:logGet(43)) - raft.server.log.segment.size.max = 16384 (custom)
2019-06-13 18:32:01,170 INFO  server.RaftServerConfigKeys (ConfUtils.java:logGet(43)) - raft.server.log.preallocated.size = 16384 (custom)
2019-06-13 18:32:01,170 INFO  server.RaftServerConfigKeys (ConfUtils.java:logGet(43)) - raft.server.log.write.buffer.size = 33554432 (custom)
2019-06-13 18:32:01,170 INFO  server.RaftServerConfigKeys (ConfUtils.java:logGet(43)) - raft.server.log.force.sync.num = 128 (default)
2019-06-13 18:32:01,170 INFO  server.RaftServerConfigKeys (ConfUtils.java:logGet(43)) - raft.server.log.statemachine.data.sync = true (default)
2019-06-13 18:32:01,170 INFO  server.RaftServerConfigKeys (ConfUtils.java:logGet(43)) - raft.server.log.statemachine.data.sync.timeout = 10s (default)
2019-06-13 18:32:01,170 INFO  server.RaftServerConfigKeys (ConfUtils.java:logGet(43)) - raft.server.log.statemachine.data.sync.timeout.retry = -1 (default)
2019-06-13 18:32:01,170 INFO  server.RaftServerConfigKeys (ConfUtils.java:logGet(43)) - raft.server.log.statemachine.data.caching.enabled = true (custom)
2019-06-13 18:32:01,169 INFO  server.RaftServerConfigKeys (ConfUtils.java:logGet(43)) - raft.server.leader.election.timeout = 120s (custom)
2019-06-13 18:32:01,171 INFO  storage.RaftStorage (RaftStorage.java:format(75)) - Storage directory /opt/src/hadoop-ozone/integration-test/target/test-dir/MiniOzoneClusterImpl-f2c748e5-adcb-4c4c-a654-eab58aa7afbf/datanode-1/data/ratis/eba4956c-405a-4993-b9d0-c15636ae46fb has been successfully formatted.
2019-06-13 18:32:01,171 INFO  server.RaftServerConfigKeys (ConfUtils.java:logGet(43)) - raft.server.snapshot.auto.trigger.enabled = true (custom)
2019-06-13 18:32:01,171 INFO  server.RaftServerConfigKeys (ConfUtils.java:logGet(43)) - raft.server.snapshot.auto.trigger.threshold = 10000 (custom)
2019-06-13 18:32:01,171 INFO  server.RaftServerConfigKeys (ConfUtils.java:logGet(43)) - raft.server.retrycache.expirytime = 600000ms (custom)
2019-06-13 18:32:01,171 INFO  impl.RaftServerImpl (RaftServerImpl.java:start(173)) - 4b5226b1-6f25-4224-9424-0618f7190562: start group-C15636AE46FB
2019-06-13 18:32:01,171 INFO  impl.RaftServerImpl (RaftServerImpl.java:setRole(164)) - 4b5226b1-6f25-4224-9424-0618f7190562:group-C15636AE46FB changes role from null to FOLLOWER at term 0 for startAsFollower
2019-06-13 18:32:01,171 INFO  impl.RoleInfo (RoleInfo.java:updateAndGet(143)) - 4b5226b1-6f25-4224-9424-0618f7190562: start FollowerState
2019-06-13 18:32:01,171 INFO  server.RaftServerConfigKeys (ConfUtils.java:logGet(43)) - raft.server.log.use.memory = false (default)
2019-06-13 18:32:01,171 INFO  ratis.ContainerStateMachine (ContainerStateMachine.java:loadSnapshot(199)) - The snapshot info is null.Setting the last applied index to:(t:0, i:~)
2019-06-13 18:32:01,172 INFO  server.RaftServerConfigKeys (ConfUtils.java:logGet(43)) - raft.server.leader.election.timeout = 120s (custom)
2019-06-13 18:32:01,172 INFO  server.RaftServerConfigKeys (ConfUtils.java:logGet(43)) - raft.server.log.appender.buffer.byte-limit = 33554432 (custom)
2019-06-13 18:32:01,172 INFO  server.RaftServerConfigKeys (ConfUtils.java:logGet(43)) - raft.server.log.use.memory = false (default)
2019-06-13 18:32:01,172 INFO  util.JmxRegister (JmxRegister.java:tryRegister(44)) - Successfully registered JMX Bean with object name Ratis:service=RaftServer,group=group-C15636AE46FB,id=4b5226b1-6f25-4224-9424-0618f7190562
2019-06-13 18:32:01,172 INFO  server.RaftServerConfigKeys (ConfUtils.java:logGet(43)) - raft.server.log.appender.buffer.byte-limit = 33554432 (custom)
2019-06-13 18:32:01,172 INFO  server.RaftServerConfigKeys (ConfUtils.java:logGet(43)) - raft.server.log.segment.size.max = 16384 (custom)
2019-06-13 18:32:01,172 INFO  server.RaftServerConfigKeys (ConfUtils.java:logGet(43)) - raft.server.log.segment.cache.num.max = 2 (custom)
2019-06-13 18:32:01,172 INFO  storage.RaftLogWorker (RaftLogWorker.java:<init>(123)) - new cc5c8bea-c0b3-40d9-bee6-c3127edf20f0-RaftLogWorker for Storage Directory /opt/src/hadoop-ozone/integration-test/target/test-dir/MiniOzoneClusterImpl-f2c748e5-adcb-4c4c-a654-eab58aa7afbf/datanode-0/data/ratis/eba4956c-405a-4993-b9d0-c15636ae46fb
2019-06-13 18:32:01,173 INFO  server.RaftServerConfigKeys (ConfUtils.java:logGet(43)) - raft.server.log.queue.byte-limit = 2147483647 (custom)
2019-06-13 18:32:01,173 INFO  server.RaftServerConfigKeys (ConfUtils.java:logGet(43)) - raft.server.log.segment.size.max = 16384 (custom)
2019-06-13 18:32:01,173 INFO  server.RaftServerConfigKeys (ConfUtils.java:logGet(43)) - raft.server.log.segment.cache.num.max = 2 (custom)
2019-06-13 18:32:01,173 INFO  storage.RaftLogWorker (RaftLogWorker.java:<init>(123)) - new 4b46b974-3b1e-4de2-965f-cb6dfaf3e8b4-RaftLogWorker for Storage Directory /opt/src/hadoop-ozone/integration-test/target/test-dir/MiniOzoneClusterImpl-f2c748e5-adcb-4c4c-a654-eab58aa7afbf/datanode-1/data/ratis/eba4956c-405a-4993-b9d0-c15636ae46fb
2019-06-13 18:32:01,173 INFO  server.RaftServerConfigKeys (ConfUtils.java:logGet(43)) - raft.server.log.queue.element-limit = 1024 (custom)
2019-06-13 18:32:01,173 INFO  server.RaftServerConfigKeys (ConfUtils.java:logGet(43)) - raft.server.log.segment.size.max = 16384 (custom)
2019-06-13 18:32:01,173 INFO  server.RaftServerConfigKeys (ConfUtils.java:logGet(43)) - raft.server.log.preallocated.size = 16384 (custom)
2019-06-13 18:32:01,174 INFO  server.RaftServerConfigKeys (ConfUtils.java:logGet(43)) - raft.server.log.write.buffer.size = 33554432 (custom)
2019-06-13 18:32:01,174 INFO  server.RaftServerConfigKeys (ConfUtils.java:logGet(43)) - raft.server.log.force.sync.num = 128 (default)
2019-06-13 18:32:01,174 INFO  server.RaftServerConfigKeys (ConfUtils.java:logGet(43)) - raft.server.log.statemachine.data.sync = true (default)
2019-06-13 18:32:01,174 INFO  server.RaftServerConfigKeys (ConfUtils.java:logGet(43)) - raft.server.log.statemachine.data.sync.timeout = 10s (default)
2019-06-13 18:32:01,174 INFO  server.RaftServerConfigKeys (ConfUtils.java:logGet(43)) - raft.server.log.statemachine.data.sync.timeout.retry = -1 (default)
2019-06-13 18:32:01,174 INFO  server.RaftServerConfigKeys (ConfUtils.java:logGet(43)) - raft.server.log.statemachine.data.caching.enabled = true (custom)
2019-06-13 18:32:01,174 INFO  server.RaftServerConfigKeys (ConfUtils.java:logGet(43)) - raft.server.log.queue.byte-limit = 2147483647 (custom)
2019-06-13 18:32:01,174 INFO  server.RaftServerConfigKeys (ConfUtils.java:logGet(43)) - raft.server.log.queue.element-limit = 1024 (custom)
2019-06-13 18:32:01,174 INFO  server.RaftServerConfigKeys (ConfUtils.java:logGet(43)) - raft.server.log.segment.size.max = 16384 (custom)
2019-06-13 18:32:01,175 INFO  server.RaftServerConfigKeys (ConfUtils.java:logGet(43)) - raft.server.log.preallocated.size = 16384 (custom)
2019-06-13 18:32:01,175 INFO  server.RaftServerConfigKeys (ConfUtils.java:logGet(43)) - raft.server.log.write.buffer.size = 33554432 (custom)
2019-06-13 18:32:01,175 INFO  server.RaftServerConfigKeys (ConfUtils.java:logGet(43)) - raft.server.log.force.sync.num = 128 (default)
2019-06-13 18:32:01,175 INFO  server.RaftServerConfigKeys (ConfUtils.java:logGet(43)) - raft.server.log.statemachine.data.sync = true (default)
2019-06-13 18:32:01,175 INFO  server.RaftServerConfigKeys (ConfUtils.java:logGet(43)) - raft.server.log.statemachine.data.sync.timeout = 10s (default)
2019-06-13 18:32:01,175 INFO  server.RaftServerConfigKeys (ConfUtils.java:logGet(43)) - raft.server.log.statemachine.data.sync.timeout.retry = -1 (default)
2019-06-13 18:32:01,175 INFO  server.RaftServerConfigKeys (ConfUtils.java:logGet(43)) - raft.server.log.statemachine.data.caching.enabled = true (custom)
2019-06-13 18:32:01,175 INFO  server.RaftServerConfigKeys (ConfUtils.java:logGet(43)) - raft.server.snapshot.auto.trigger.enabled = true (custom)
2019-06-13 18:32:01,175 INFO  server.RaftServerConfigKeys (ConfUtils.java:logGet(43)) - raft.server.snapshot.auto.trigger.threshold = 10000 (custom)
2019-06-13 18:32:01,175 INFO  server.RaftServerConfigKeys (ConfUtils.java:logGet(43)) - raft.server.retrycache.expirytime = 600000ms (custom)
2019-06-13 18:32:01,175 INFO  server.RaftServerConfigKeys (ConfUtils.java:logGet(43)) - raft.server.snapshot.auto.trigger.enabled = true (custom)
2019-06-13 18:32:01,176 INFO  impl.RaftServerImpl (RaftServerImpl.java:start(173)) - cc5c8bea-c0b3-40d9-bee6-c3127edf20f0: start group-C15636AE46FB
2019-06-13 18:32:01,176 INFO  server.RaftServerConfigKeys (ConfUtils.java:logGet(43)) - raft.server.snapshot.auto.trigger.threshold = 10000 (custom)
2019-06-13 18:32:01,177 INFO  server.RaftServerConfigKeys (ConfUtils.java:logGet(43)) - raft.server.retrycache.expirytime = 600000ms (custom)
2019-06-13 18:32:01,177 INFO  impl.RaftServerImpl (RaftServerImpl.java:start(173)) - 4b46b974-3b1e-4de2-965f-cb6dfaf3e8b4: start group-C15636AE46FB
2019-06-13 18:32:01,178 INFO  impl.RaftServerImpl (RaftServerImpl.java:setRole(164)) - 4b46b974-3b1e-4de2-965f-cb6dfaf3e8b4:group-C15636AE46FB changes role from null to FOLLOWER at term 0 for startAsFollower
2019-06-13 18:32:01,178 INFO  impl.RoleInfo (RoleInfo.java:updateAndGet(143)) - 4b46b974-3b1e-4de2-965f-cb6dfaf3e8b4: start FollowerState
2019-06-13 18:32:01,178 INFO  util.JmxRegister (JmxRegister.java:tryRegister(44)) - Successfully registered JMX Bean with object name Ratis:service=RaftServer,group=group-C15636AE46FB,id=4b46b974-3b1e-4de2-965f-cb6dfaf3e8b4
2019-06-13 18:32:01,176 INFO  impl.RaftServerImpl (RaftServerImpl.java:setRole(164)) - cc5c8bea-c0b3-40d9-bee6-c3127edf20f0:group-C15636AE46FB changes role from null to FOLLOWER at term 0 for startAsFollower
2019-06-13 18:32:01,179 INFO  impl.RoleInfo (RoleInfo.java:updateAndGet(143)) - cc5c8bea-c0b3-40d9-bee6-c3127edf20f0: start FollowerState
2019-06-13 18:32:01,180 INFO  util.JmxRegister (JmxRegister.java:tryRegister(44)) - Successfully registered JMX Bean with object name Ratis:service=RaftServer,group=group-C15636AE46FB,id=cc5c8bea-c0b3-40d9-bee6-c3127edf20f0
2019-06-13 18:32:01,182 INFO  pipeline.PipelineStateManager (PipelineStateManager.java:addPipeline(56)) - Created pipeline Pipeline[ Id: eba4956c-405a-4993-b9d0-c15636ae46fb, Nodes: 4b5226b1-6f25-4224-9424-0618f7190562{ip: 192.168.105.177, host: ozone-pdpn9-622331312, networkLocation: /default-rack, certSerialId: null}cc5c8bea-c0b3-40d9-bee6-c3127edf20f0{ip: 192.168.105.177, host: ozone-pdpn9-622331312, networkLocation: /default-rack, certSerialId: null}4b46b974-3b1e-4de2-965f-cb6dfaf3e8b4{ip: 192.168.105.177, host: ozone-pdpn9-622331312, networkLocation: /default-rack, certSerialId: null}, Type:RATIS, Factor:THREE, State:OPEN]
2019-06-13 18:32:01,314 INFO  node.SCMNodeManager (SCMNodeManager.java:register(234)) - Registered Data node : 924a2b97-7af9-4173-92c8-fd07d287b72f{ip: 192.168.105.177, host: ozone-pdpn9-622331312, networkLocation: /default-rack, certSerialId: null}
2019-06-13 18:32:01,320 INFO  impl.RaftServerProxy (RaftServerProxy.java:addNew(89)) - 924a2b97-7af9-4173-92c8-fd07d287b72f: addNew group-2329A26277FB:[924a2b97-7af9-4173-92c8-fd07d287b72f:192.168.105.177:39053] returns group-2329A26277FB:java.util.concurrent.CompletableFuture@54b7785f[Not completed]
2019-06-13 18:32:01,322 INFO  impl.RaftServerImpl (RaftServerImpl.java:<init>(91)) - 924a2b97-7af9-4173-92c8-fd07d287b72f: new RaftServerImpl for group-2329A26277FB:[924a2b97-7af9-4173-92c8-fd07d287b72f:192.168.105.177:39053] with ContainerStateMachine:uninitialized
2019-06-13 18:32:01,322 INFO  server.RaftServerConfigKeys (ConfUtils.java:logGet(43)) - raft.server.rpc.timeout.min = 1s (custom)
2019-06-13 18:32:01,322 INFO  server.RaftServerConfigKeys (ConfUtils.java:logGet(43)) - raft.server.rpc.timeout.max = 1200ms (custom)
2019-06-13 18:32:01,322 INFO  server.RaftServerConfigKeys (ConfUtils.java:logGet(43)) - raft.server.rpcslowness.timeout = 120s (custom)
2019-06-13 18:32:01,322 INFO  server.RaftServerConfigKeys (ConfUtils.java:logGet(43)) - raft.server.log.appender.install.snapshot.enabled = true (default)
2019-06-13 18:32:01,322 INFO  impl.RaftServerImpl (ServerState.java:<init>(101)) - 924a2b97-7af9-4173-92c8-fd07d287b72f:group-2329A26277FB ConfigurationManager, init=-1: [924a2b97-7af9-4173-92c8-fd07d287b72f:192.168.105.177:39053], old=null, confs=<EMPTY_MAP>
2019-06-13 18:32:01,322 INFO  server.RaftServerConfigKeys (ConfUtils.java:logGet(43)) - raft.server.storage.dir = [/opt/src/hadoop-ozone/integration-test/target/test-dir/MiniOzoneClusterImpl-f2c748e5-adcb-4c4c-a654-eab58aa7afbf/datanode-3/data/ratis] (custom)
2019-06-13 18:32:01,322 INFO  storage.RaftStorageDirectory (RaftStorageDirectory.java:analyzeStorage(246)) - The storage directory /opt/src/hadoop-ozone/integration-test/target/test-dir/MiniOzoneClusterImpl-f2c748e5-adcb-4c4c-a654-eab58aa7afbf/datanode-3/data/ratis/1d205361-4e89-4c5b-9d04-2329a26277fb does not exist. Creating ...
2019-06-13 18:32:01,325 INFO  storage.RaftStorageDirectory (RaftStorageDirectory.java:tryLock(328)) - Lock on /opt/src/hadoop-ozone/integration-test/target/test-dir/MiniOzoneClusterImpl-f2c748e5-adcb-4c4c-a654-eab58aa7afbf/datanode-3/data/ratis/1d205361-4e89-4c5b-9d04-2329a26277fb/in_use.lock acquired by nodename 12522@ozone-pdpn9-622331312
2019-06-13 18:32:01,327 INFO  storage.RaftStorage (RaftStorage.java:format(75)) - Storage directory /opt/src/hadoop-ozone/integration-test/target/test-dir/MiniOzoneClusterImpl-f2c748e5-adcb-4c4c-a654-eab58aa7afbf/datanode-3/data/ratis/1d205361-4e89-4c5b-9d04-2329a26277fb has been successfully formatted.
2019-06-13 18:32:01,327 INFO  ratis.ContainerStateMachine (ContainerStateMachine.java:loadSnapshot(199)) - The snapshot info is null.Setting the last applied index to:(t:0, i:~)
2019-06-13 18:32:01,328 INFO  server.RaftServerConfigKeys (ConfUtils.java:logGet(43)) - raft.server.leader.election.timeout = 120s (custom)
2019-06-13 18:32:01,328 INFO  server.RaftServerConfigKeys (ConfUtils.java:logGet(43)) - raft.server.log.use.memory = false (default)
2019-06-13 18:32:01,328 INFO  server.RaftServerConfigKeys (ConfUtils.java:logGet(43)) - raft.server.log.appender.buffer.byte-limit = 33554432 (custom)
2019-06-13 18:32:01,328 INFO  server.RaftServerConfigKeys (ConfUtils.java:logGet(43)) - raft.server.log.segment.size.max = 16384 (custom)
2019-06-13 18:32:01,328 INFO  server.RaftServerConfigKeys (ConfUtils.java:logGet(43)) - raft.server.log.segment.cache.num.max = 2 (custom)
2019-06-13 18:32:01,328 INFO  storage.RaftLogWorker (RaftLogWorker.java:<init>(123)) - new 924a2b97-7af9-4173-92c8-fd07d287b72f-RaftLogWorker for Storage Directory /opt/src/hadoop-ozone/integration-test/target/test-dir/MiniOzoneClusterImpl-f2c748e5-adcb-4c4c-a654-eab58aa7afbf/datanode-3/data/ratis/1d205361-4e89-4c5b-9d04-2329a26277fb
2019-06-13 18:32:01,328 INFO  server.RaftServerConfigKeys (ConfUtils.java:logGet(43)) - raft.server.log.queue.byte-limit = 2147483647 (custom)
2019-06-13 18:32:01,328 INFO  server.RaftServerConfigKeys (ConfUtils.java:logGet(43)) - raft.server.log.queue.element-limit = 1024 (custom)
2019-06-13 18:32:01,328 INFO  server.RaftServerConfigKeys (ConfUtils.java:logGet(43)) - raft.server.log.segment.size.max = 16384 (custom)
2019-06-13 18:32:01,328 INFO  server.RaftServerConfigKeys (ConfUtils.java:logGet(43)) - raft.server.log.preallocated.size = 16384 (custom)
2019-06-13 18:32:01,328 INFO  server.RaftServerConfigKeys (ConfUtils.java:logGet(43)) - raft.server.log.write.buffer.size = 33554432 (custom)
2019-06-13 18:32:01,328 INFO  server.RaftServerConfigKeys (ConfUtils.java:logGet(43)) - raft.server.log.force.sync.num = 128 (default)
2019-06-13 18:32:01,328 INFO  server.RaftServerConfigKeys (ConfUtils.java:logGet(43)) - raft.server.log.statemachine.data.sync = true (default)
2019-06-13 18:32:01,329 INFO  server.RaftServerConfigKeys (ConfUtils.java:logGet(43)) - raft.server.log.statemachine.data.sync.timeout = 10s (default)
2019-06-13 18:32:01,329 INFO  server.RaftServerConfigKeys (ConfUtils.java:logGet(43)) - raft.server.log.statemachine.data.sync.timeout.retry = -1 (default)
2019-06-13 18:32:01,329 INFO  server.RaftServerConfigKeys (ConfUtils.java:logGet(43)) - raft.server.log.statemachine.data.caching.enabled = true (custom)
2019-06-13 18:32:01,329 INFO  server.RaftServerConfigKeys (ConfUtils.java:logGet(43)) - raft.server.snapshot.auto.trigger.enabled = true (custom)
2019-06-13 18:32:01,329 INFO  server.RaftServerConfigKeys (ConfUtils.java:logGet(43)) - raft.server.snapshot.auto.trigger.threshold = 10000 (custom)
2019-06-13 18:32:01,329 INFO  server.RaftServerConfigKeys (ConfUtils.java:logGet(43)) - raft.server.retrycache.expirytime = 600000ms (custom)
2019-06-13 18:32:01,329 INFO  impl.RaftServerImpl (RaftServerImpl.java:start(173)) - 924a2b97-7af9-4173-92c8-fd07d287b72f: start group-2329A26277FB
2019-06-13 18:32:01,329 INFO  impl.RaftServerImpl (RaftServerImpl.java:setRole(164)) - 924a2b97-7af9-4173-92c8-fd07d287b72f:group-2329A26277FB changes role from null to FOLLOWER at term 0 for startAsFollower
2019-06-13 18:32:01,329 INFO  impl.RoleInfo (RoleInfo.java:updateAndGet(143)) - 924a2b97-7af9-4173-92c8-fd07d287b72f: start FollowerState
2019-06-13 18:32:01,330 INFO  util.JmxRegister (JmxRegister.java:tryRegister(44)) - Successfully registered JMX Bean with object name Ratis:service=RaftServer,group=group-2329A26277FB,id=924a2b97-7af9-4173-92c8-fd07d287b72f
2019-06-13 18:32:01,331 INFO  pipeline.PipelineStateManager (PipelineStateManager.java:addPipeline(56)) - Created pipeline Pipeline[ Id: 1d205361-4e89-4c5b-9d04-2329a26277fb, Nodes: 924a2b97-7af9-4173-92c8-fd07d287b72f{ip: 192.168.105.177, host: ozone-pdpn9-622331312, networkLocation: /default-rack, certSerialId: null}, Type:RATIS, Factor:ONE, State:OPEN]
2019-06-13 18:32:01,468 INFO  node.SCMNodeManager (SCMNodeManager.java:register(234)) - Registered Data node : 07a1d637-e59e-4439-8094-b47cc4d43729{ip: 192.168.105.177, host: ozone-pdpn9-622331312, networkLocation: /default-rack, certSerialId: null}
2019-06-13 18:32:01,476 INFO  impl.RaftServerProxy (RaftServerProxy.java:addNew(89)) - 07a1d637-e59e-4439-8094-b47cc4d43729: addNew group-2C41F92F6920:[07a1d637-e59e-4439-8094-b47cc4d43729:192.168.105.177:33401] returns group-2C41F92F6920:java.util.concurrent.CompletableFuture@590237d8[Not completed]
2019-06-13 18:32:01,476 INFO  impl.RaftServerImpl (RaftServerImpl.java:<init>(91)) - 07a1d637-e59e-4439-8094-b47cc4d43729: new RaftServerImpl for group-2C41F92F6920:[07a1d637-e59e-4439-8094-b47cc4d43729:192.168.105.177:33401] with ContainerStateMachine:uninitialized
2019-06-13 18:32:01,477 INFO  server.RaftServerConfigKeys (ConfUtils.java:logGet(43)) - raft.server.rpc.timeout.min = 1s (custom)
2019-06-13 18:32:01,477 INFO  server.RaftServerConfigKeys (ConfUtils.java:logGet(43)) - raft.server.rpc.timeout.max = 1200ms (custom)
2019-06-13 18:32:01,477 INFO  server.RaftServerConfigKeys (ConfUtils.java:logGet(43)) - raft.server.rpcslowness.timeout = 120s (custom)
2019-06-13 18:32:01,477 INFO  server.RaftServerConfigKeys (ConfUtils.java:logGet(43)) - raft.server.log.appender.install.snapshot.enabled = true (default)
2019-06-13 18:32:01,477 INFO  impl.RaftServerImpl (ServerState.java:<init>(101)) - 07a1d637-e59e-4439-8094-b47cc4d43729:group-2C41F92F6920 ConfigurationManager, init=-1: [07a1d637-e59e-4439-8094-b47cc4d43729:192.168.105.177:33401], old=null, confs=<EMPTY_MAP>
2019-06-13 18:32:01,477 INFO  server.RaftServerConfigKeys (ConfUtils.java:logGet(43)) - raft.server.storage.dir = [/opt/src/hadoop-ozone/integration-test/target/test-dir/MiniOzoneClusterImpl-f2c748e5-adcb-4c4c-a654-eab58aa7afbf/datanode-4/data/ratis] (custom)
2019-06-13 18:32:01,477 INFO  storage.RaftStorageDirectory (RaftStorageDirectory.java:analyzeStorage(246)) - The storage directory /opt/src/hadoop-ozone/integration-test/target/test-dir/MiniOzoneClusterImpl-f2c748e5-adcb-4c4c-a654-eab58aa7afbf/datanode-4/data/ratis/1ee91143-e109-4c89-94e5-2c41f92f6920 does not exist. Creating ...
2019-06-13 18:32:01,479 INFO  storage.RaftStorageDirectory (RaftStorageDirectory.java:tryLock(328)) - Lock on /opt/src/hadoop-ozone/integration-test/target/test-dir/MiniOzoneClusterImpl-f2c748e5-adcb-4c4c-a654-eab58aa7afbf/datanode-4/data/ratis/1ee91143-e109-4c89-94e5-2c41f92f6920/in_use.lock acquired by nodename 12522@ozone-pdpn9-622331312
2019-06-13 18:32:01,482 INFO  storage.RaftStorage (RaftStorage.java:format(75)) - Storage directory /opt/src/hadoop-ozone/integration-test/target/test-dir/MiniOzoneClusterImpl-f2c748e5-adcb-4c4c-a654-eab58aa7afbf/datanode-4/data/ratis/1ee91143-e109-4c89-94e5-2c41f92f6920 has been successfully formatted.
2019-06-13 18:32:01,482 INFO  ratis.ContainerStateMachine (ContainerStateMachine.java:loadSnapshot(199)) - The snapshot info is null.Setting the last applied index to:(t:0, i:~)
2019-06-13 18:32:01,482 INFO  server.RaftServerConfigKeys (ConfUtils.java:logGet(43)) - raft.server.leader.election.timeout = 120s (custom)
2019-06-13 18:32:01,482 INFO  server.RaftServerConfigKeys (ConfUtils.java:logGet(43)) - raft.server.log.use.memory = false (default)
2019-06-13 18:32:01,482 INFO  server.RaftServerConfigKeys (ConfUtils.java:logGet(43)) - raft.server.log.appender.buffer.byte-limit = 33554432 (custom)
2019-06-13 18:32:01,482 INFO  server.RaftServerConfigKeys (ConfUtils.java:logGet(43)) - raft.server.log.segment.size.max = 16384 (custom)
2019-06-13 18:32:01,482 INFO  server.RaftServerConfigKeys (ConfUtils.java:logGet(43)) - raft.server.log.segment.cache.num.max = 2 (custom)
2019-06-13 18:32:01,483 INFO  storage.RaftLogWorker (RaftLogWorker.java:<init>(123)) - new 07a1d637-e59e-4439-8094-b47cc4d43729-RaftLogWorker for Storage Directory /opt/src/hadoop-ozone/integration-test/target/test-dir/MiniOzoneClusterImpl-f2c748e5-adcb-4c4c-a654-eab58aa7afbf/datanode-4/data/ratis/1ee91143-e109-4c89-94e5-2c41f92f6920
2019-06-13 18:32:01,483 INFO  server.RaftServerConfigKeys (ConfUtils.java:logGet(43)) - raft.server.log.queue.byte-limit = 2147483647 (custom)
2019-06-13 18:32:01,483 INFO  server.RaftServerConfigKeys (ConfUtils.java:logGet(43)) - raft.server.log.queue.element-limit = 1024 (custom)
2019-06-13 18:32:01,483 INFO  server.RaftServerConfigKeys (ConfUtils.java:logGet(43)) - raft.server.log.segment.size.max = 16384 (custom)
2019-06-13 18:32:01,483 INFO  server.RaftServerConfigKeys (ConfUtils.java:logGet(43)) - raft.server.log.preallocated.size = 16384 (custom)
2019-06-13 18:32:01,483 INFO  server.RaftServerConfigKeys (ConfUtils.java:logGet(43)) - raft.server.log.write.buffer.size = 33554432 (custom)
2019-06-13 18:32:01,483 INFO  server.RaftServerConfigKeys (ConfUtils.java:logGet(43)) - raft.server.log.force.sync.num = 128 (default)
2019-06-13 18:32:01,483 INFO  server.RaftServerConfigKeys (ConfUtils.java:logGet(43)) - raft.server.log.statemachine.data.sync = true (default)
2019-06-13 18:32:01,483 INFO  server.RaftServerConfigKeys (ConfUtils.java:logGet(43)) - raft.server.log.statemachine.data.sync.timeout = 10s (default)
2019-06-13 18:32:01,483 INFO  server.RaftServerConfigKeys (ConfUtils.java:logGet(43)) - raft.server.log.statemachine.data.sync.timeout.retry = -1 (default)
2019-06-13 18:32:01,483 INFO  server.RaftServerConfigKeys (ConfUtils.java:logGet(43)) - raft.server.log.statemachine.data.caching.enabled = true (custom)
2019-06-13 18:32:01,484 INFO  server.RaftServerConfigKeys (ConfUtils.java:logGet(43)) - raft.server.snapshot.auto.trigger.enabled = true (custom)
2019-06-13 18:32:01,484 INFO  server.RaftServerConfigKeys (ConfUtils.java:logGet(43)) - raft.server.snapshot.auto.trigger.threshold = 10000 (custom)
2019-06-13 18:32:01,484 INFO  server.RaftServerConfigKeys (ConfUtils.java:logGet(43)) - raft.server.retrycache.expirytime = 600000ms (custom)
2019-06-13 18:32:01,484 INFO  impl.RaftServerImpl (RaftServerImpl.java:start(173)) - 07a1d637-e59e-4439-8094-b47cc4d43729: start group-2C41F92F6920
2019-06-13 18:32:01,484 INFO  impl.RaftServerImpl (RaftServerImpl.java:setRole(164)) - 07a1d637-e59e-4439-8094-b47cc4d43729:group-2C41F92F6920 changes role from null to FOLLOWER at term 0 for startAsFollower
2019-06-13 18:32:01,484 INFO  impl.RoleInfo (RoleInfo.java:updateAndGet(143)) - 07a1d637-e59e-4439-8094-b47cc4d43729: start FollowerState
2019-06-13 18:32:01,484 INFO  util.JmxRegister (JmxRegister.java:tryRegister(44)) - Successfully registered JMX Bean with object name Ratis:service=RaftServer,group=group-2C41F92F6920,id=07a1d637-e59e-4439-8094-b47cc4d43729
2019-06-13 18:32:01,486 INFO  pipeline.PipelineStateManager (PipelineStateManager.java:addPipeline(56)) - Created pipeline Pipeline[ Id: 1ee91143-e109-4c89-94e5-2c41f92f6920, Nodes: 07a1d637-e59e-4439-8094-b47cc4d43729{ip: 192.168.105.177, host: ozone-pdpn9-622331312, networkLocation: /default-rack, certSerialId: null}, Type:RATIS, Factor:ONE, State:OPEN]
2019-06-13 18:32:01,659 INFO  node.SCMNodeManager (SCMNodeManager.java:register(234)) - Registered Data node : 2a287c03-ea00-4fbd-a382-5cf27d35ec1c{ip: 192.168.105.177, host: ozone-pdpn9-622331312, networkLocation: /default-rack, certSerialId: null}
2019-06-13 18:32:01,665 INFO  impl.RaftServerProxy (RaftServerProxy.java:addNew(89)) - 2a287c03-ea00-4fbd-a382-5cf27d35ec1c: addNew group-23F177B4AA86:[2a287c03-ea00-4fbd-a382-5cf27d35ec1c:192.168.105.177:35489] returns group-23F177B4AA86:java.util.concurrent.CompletableFuture@5a5a7181[Not completed]
2019-06-13 18:32:01,665 INFO  impl.RaftServerImpl (RaftServerImpl.java:<init>(91)) - 2a287c03-ea00-4fbd-a382-5cf27d35ec1c: new RaftServerImpl for group-23F177B4AA86:[2a287c03-ea00-4fbd-a382-5cf27d35ec1c:192.168.105.177:35489] with ContainerStateMachine:uninitialized
2019-06-13 18:32:01,665 INFO  server.RaftServerConfigKeys (ConfUtils.java:logGet(43)) - raft.server.rpc.timeout.min = 1s (custom)
2019-06-13 18:32:01,665 INFO  server.RaftServerConfigKeys (ConfUtils.java:logGet(43)) - raft.server.rpc.timeout.max = 1200ms (custom)
2019-06-13 18:32:01,665 INFO  server.RaftServerConfigKeys (ConfUtils.java:logGet(43)) - raft.server.rpcslowness.timeout = 120s (custom)
2019-06-13 18:32:01,665 INFO  server.RaftServerConfigKeys (ConfUtils.java:logGet(43)) - raft.server.log.appender.install.snapshot.enabled = true (default)
2019-06-13 18:32:01,666 INFO  impl.RaftServerImpl (ServerState.java:<init>(101)) - 2a287c03-ea00-4fbd-a382-5cf27d35ec1c:group-23F177B4AA86 ConfigurationManager, init=-1: [2a287c03-ea00-4fbd-a382-5cf27d35ec1c:192.168.105.177:35489], old=null, confs=<EMPTY_MAP>
2019-06-13 18:32:01,666 INFO  server.RaftServerConfigKeys (ConfUtils.java:logGet(43)) - raft.server.storage.dir = [/opt/src/hadoop-ozone/integration-test/target/test-dir/MiniOzoneClusterImpl-f2c748e5-adcb-4c4c-a654-eab58aa7afbf/datanode-5/data/ratis] (custom)
2019-06-13 18:32:01,666 INFO  storage.RaftStorageDirectory (RaftStorageDirectory.java:analyzeStorage(246)) - The storage directory /opt/src/hadoop-ozone/integration-test/target/test-dir/MiniOzoneClusterImpl-f2c748e5-adcb-4c4c-a654-eab58aa7afbf/datanode-5/data/ratis/f199e85a-d134-4ca6-bbf2-23f177b4aa86 does not exist. Creating ...
2019-06-13 18:32:01,668 INFO  storage.RaftStorageDirectory (RaftStorageDirectory.java:tryLock(328)) - Lock on /opt/src/hadoop-ozone/integration-test/target/test-dir/MiniOzoneClusterImpl-f2c748e5-adcb-4c4c-a654-eab58aa7afbf/datanode-5/data/ratis/f199e85a-d134-4ca6-bbf2-23f177b4aa86/in_use.lock acquired by nodename 12522@ozone-pdpn9-622331312
2019-06-13 18:32:01,670 INFO  storage.RaftStorage (RaftStorage.java:format(75)) - Storage directory /opt/src/hadoop-ozone/integration-test/target/test-dir/MiniOzoneClusterImpl-f2c748e5-adcb-4c4c-a654-eab58aa7afbf/datanode-5/data/ratis/f199e85a-d134-4ca6-bbf2-23f177b4aa86 has been successfully formatted.
2019-06-13 18:32:01,670 INFO  ratis.ContainerStateMachine (ContainerStateMachine.java:loadSnapshot(199)) - The snapshot info is null.Setting the last applied index to:(t:0, i:~)
2019-06-13 18:32:01,670 INFO  server.RaftServerConfigKeys (ConfUtils.java:logGet(43)) - raft.server.leader.election.timeout = 120s (custom)
2019-06-13 18:32:01,671 INFO  server.RaftServerConfigKeys (ConfUtils.java:logGet(43)) - raft.server.log.use.memory = false (default)
2019-06-13 18:32:01,671 INFO  server.RaftServerConfigKeys (ConfUtils.java:logGet(43)) - raft.server.log.appender.buffer.byte-limit = 33554432 (custom)
2019-06-13 18:32:01,671 INFO  server.RaftServerConfigKeys (ConfUtils.java:logGet(43)) - raft.server.log.segment.size.max = 16384 (custom)
2019-06-13 18:32:01,671 INFO  server.RaftServerConfigKeys (ConfUtils.java:logGet(43)) - raft.server.log.segment.cache.num.max = 2 (custom)
2019-06-13 18:32:01,671 INFO  storage.RaftLogWorker (RaftLogWorker.java:<init>(123)) - new 2a287c03-ea00-4fbd-a382-5cf27d35ec1c-RaftLogWorker for Storage Directory /opt/src/hadoop-ozone/integration-test/target/test-dir/MiniOzoneClusterImpl-f2c748e5-adcb-4c4c-a654-eab58aa7afbf/datanode-5/data/ratis/f199e85a-d134-4ca6-bbf2-23f177b4aa86
2019-06-13 18:32:01,671 INFO  server.RaftServerConfigKeys (ConfUtils.java:logGet(43)) - raft.server.log.queue.byte-limit = 2147483647 (custom)
2019-06-13 18:32:01,671 INFO  server.RaftServerConfigKeys (ConfUtils.java:logGet(43)) - raft.server.log.queue.element-limit = 1024 (custom)
2019-06-13 18:32:01,671 INFO  server.RaftServerConfigKeys (ConfUtils.java:logGet(43)) - raft.server.log.segment.size.max = 16384 (custom)
2019-06-13 18:32:01,671 INFO  server.RaftServerConfigKeys (ConfUtils.java:logGet(43)) - raft.server.log.preallocated.size = 16384 (custom)
2019-06-13 18:32:01,671 INFO  server.RaftServerConfigKeys (ConfUtils.java:logGet(43)) - raft.server.log.write.buffer.size = 33554432 (custom)
2019-06-13 18:32:01,671 INFO  server.RaftServerConfigKeys (ConfUtils.java:logGet(43)) - raft.server.log.force.sync.num = 128 (default)
2019-06-13 18:32:01,671 INFO  server.RaftServerConfigKeys (ConfUtils.java:logGet(43)) - raft.server.log.statemachine.data.sync = true (default)
2019-06-13 18:32:01,671 INFO  server.RaftServerConfigKeys (ConfUtils.java:logGet(43)) - raft.server.log.statemachine.data.sync.timeout = 10s (default)
2019-06-13 18:32:01,671 INFO  server.RaftServerConfigKeys (ConfUtils.java:logGet(43)) - raft.server.log.statemachine.data.sync.timeout.retry = -1 (default)
2019-06-13 18:32:01,671 INFO  server.RaftServerConfigKeys (ConfUtils.java:logGet(43)) - raft.server.log.statemachine.data.caching.enabled = true (custom)
2019-06-13 18:32:01,672 INFO  server.RaftServerConfigKeys (ConfUtils.java:logGet(43)) - raft.server.snapshot.auto.trigger.enabled = true (custom)
2019-06-13 18:32:01,672 INFO  server.RaftServerConfigKeys (ConfUtils.java:logGet(43)) - raft.server.snapshot.auto.trigger.threshold = 10000 (custom)
2019-06-13 18:32:01,672 INFO  server.RaftServerConfigKeys (ConfUtils.java:logGet(43)) - raft.server.retrycache.expirytime = 600000ms (custom)
2019-06-13 18:32:01,672 INFO  impl.RaftServerImpl (RaftServerImpl.java:start(173)) - 2a287c03-ea00-4fbd-a382-5cf27d35ec1c: start group-23F177B4AA86
2019-06-13 18:32:01,672 INFO  impl.RaftServerImpl (RaftServerImpl.java:setRole(164)) - 2a287c03-ea00-4fbd-a382-5cf27d35ec1c:group-23F177B4AA86 changes role from null to FOLLOWER at term 0 for startAsFollower
2019-06-13 18:32:01,672 INFO  impl.RoleInfo (RoleInfo.java:updateAndGet(143)) - 2a287c03-ea00-4fbd-a382-5cf27d35ec1c: start FollowerState
2019-06-13 18:32:01,672 INFO  util.JmxRegister (JmxRegister.java:tryRegister(44)) - Successfully registered JMX Bean with object name Ratis:service=RaftServer,group=group-23F177B4AA86,id=2a287c03-ea00-4fbd-a382-5cf27d35ec1c
2019-06-13 18:32:01,677 INFO  pipeline.PipelineStateManager (PipelineStateManager.java:addPipeline(56)) - Created pipeline Pipeline[ Id: f199e85a-d134-4ca6-bbf2-23f177b4aa86, Nodes: 2a287c03-ea00-4fbd-a382-5cf27d35ec1c{ip: 192.168.105.177, host: ozone-pdpn9-622331312, networkLocation: /default-rack, certSerialId: null}, Type:RATIS, Factor:ONE, State:OPEN]
2019-06-13 18:32:01,687 INFO  impl.RaftServerProxy (RaftServerProxy.java:addNew(89)) - 2a287c03-ea00-4fbd-a382-5cf27d35ec1c: addNew group-7882DC9AB93E:[924a2b97-7af9-4173-92c8-fd07d287b72f:192.168.105.177:39053, 07a1d637-e59e-4439-8094-b47cc4d43729:192.168.105.177:33401, 2a287c03-ea00-4fbd-a382-5cf27d35ec1c:192.168.105.177:35489] returns group-7882DC9AB93E:java.util.concurrent.CompletableFuture@3a1f482c[Not completed]
2019-06-13 18:32:01,688 INFO  impl.RaftServerProxy (RaftServerProxy.java:addNew(89)) - 924a2b97-7af9-4173-92c8-fd07d287b72f: addNew group-7882DC9AB93E:[924a2b97-7af9-4173-92c8-fd07d287b72f:192.168.105.177:39053, 07a1d637-e59e-4439-8094-b47cc4d43729:192.168.105.177:33401, 2a287c03-ea00-4fbd-a382-5cf27d35ec1c:192.168.105.177:35489] returns group-7882DC9AB93E:java.util.concurrent.CompletableFuture@620f1366[Not completed]
2019-06-13 18:32:01,688 INFO  impl.RaftServerImpl (RaftServerImpl.java:<init>(91)) - 924a2b97-7af9-4173-92c8-fd07d287b72f: new RaftServerImpl for group-7882DC9AB93E:[924a2b97-7af9-4173-92c8-fd07d287b72f:192.168.105.177:39053, 07a1d637-e59e-4439-8094-b47cc4d43729:192.168.105.177:33401, 2a287c03-ea00-4fbd-a382-5cf27d35ec1c:192.168.105.177:35489] with ContainerStateMachine:uninitialized
2019-06-13 18:32:01,688 INFO  server.RaftServerConfigKeys (ConfUtils.java:logGet(43)) - raft.server.rpc.timeout.min = 1s (custom)
2019-06-13 18:32:01,688 INFO  server.RaftServerConfigKeys (ConfUtils.java:logGet(43)) - raft.server.rpc.timeout.max = 1200ms (custom)
2019-06-13 18:32:01,689 INFO  server.RaftServerConfigKeys (ConfUtils.java:logGet(43)) - raft.server.rpcslowness.timeout = 120s (custom)
2019-06-13 18:32:01,689 INFO  server.RaftServerConfigKeys (ConfUtils.java:logGet(43)) - raft.server.log.appender.install.snapshot.enabled = true (default)
2019-06-13 18:32:01,689 INFO  impl.RaftServerImpl (ServerState.java:<init>(101)) - 924a2b97-7af9-4173-92c8-fd07d287b72f:group-7882DC9AB93E ConfigurationManager, init=-1: [924a2b97-7af9-4173-92c8-fd07d287b72f:192.168.105.177:39053, 07a1d637-e59e-4439-8094-b47cc4d43729:192.168.105.177:33401, 2a287c03-ea00-4fbd-a382-5cf27d35ec1c:192.168.105.177:35489], old=null, confs=<EMPTY_MAP>
2019-06-13 18:32:01,689 INFO  server.RaftServerConfigKeys (ConfUtils.java:logGet(43)) - raft.server.storage.dir = [/opt/src/hadoop-ozone/integration-test/target/test-dir/MiniOzoneClusterImpl-f2c748e5-adcb-4c4c-a654-eab58aa7afbf/datanode-3/data/ratis] (custom)
2019-06-13 18:32:01,689 INFO  storage.RaftStorageDirectory (RaftStorageDirectory.java:analyzeStorage(246)) - The storage directory /opt/src/hadoop-ozone/integration-test/target/test-dir/MiniOzoneClusterImpl-f2c748e5-adcb-4c4c-a654-eab58aa7afbf/datanode-3/data/ratis/5d6aa063-69b3-49a5-8b1b-7882dc9ab93e does not exist. Creating ...
2019-06-13 18:32:01,688 INFO  impl.RaftServerProxy (RaftServerProxy.java:addNew(89)) - 07a1d637-e59e-4439-8094-b47cc4d43729: addNew group-7882DC9AB93E:[924a2b97-7af9-4173-92c8-fd07d287b72f:192.168.105.177:39053, 07a1d637-e59e-4439-8094-b47cc4d43729:192.168.105.177:33401, 2a287c03-ea00-4fbd-a382-5cf27d35ec1c:192.168.105.177:35489] returns group-7882DC9AB93E:java.util.concurrent.CompletableFuture@e83bee8[Not completed]
2019-06-13 18:32:01,689 INFO  impl.RaftServerImpl (RaftServerImpl.java:<init>(91)) - 07a1d637-e59e-4439-8094-b47cc4d43729: new RaftServerImpl for group-7882DC9AB93E:[924a2b97-7af9-4173-92c8-fd07d287b72f:192.168.105.177:39053, 07a1d637-e59e-4439-8094-b47cc4d43729:192.168.105.177:33401, 2a287c03-ea00-4fbd-a382-5cf27d35ec1c:192.168.105.177:35489] with ContainerStateMachine:uninitialized
2019-06-13 18:32:01,690 INFO  server.RaftServerConfigKeys (ConfUtils.java:logGet(43)) - raft.server.rpc.timeout.min = 1s (custom)
2019-06-13 18:32:01,690 INFO  server.RaftServerConfigKeys (ConfUtils.java:logGet(43)) - raft.server.rpc.timeout.max = 1200ms (custom)
2019-06-13 18:32:01,690 INFO  server.RaftServerConfigKeys (ConfUtils.java:logGet(43)) - raft.server.rpcslowness.timeout = 120s (custom)
2019-06-13 18:32:01,690 INFO  impl.RaftServerImpl (RaftServerImpl.java:<init>(91)) - 2a287c03-ea00-4fbd-a382-5cf27d35ec1c: new RaftServerImpl for group-7882DC9AB93E:[924a2b97-7af9-4173-92c8-fd07d287b72f:192.168.105.177:39053, 07a1d637-e59e-4439-8094-b47cc4d43729:192.168.105.177:33401, 2a287c03-ea00-4fbd-a382-5cf27d35ec1c:192.168.105.177:35489] with ContainerStateMachine:uninitialized
2019-06-13 18:32:01,690 INFO  server.RaftServerConfigKeys (ConfUtils.java:logGet(43)) - raft.server.log.appender.install.snapshot.enabled = true (default)
2019-06-13 18:32:01,690 INFO  impl.RaftServerImpl (ServerState.java:<init>(101)) - 07a1d637-e59e-4439-8094-b47cc4d43729:group-7882DC9AB93E ConfigurationManager, init=-1: [924a2b97-7af9-4173-92c8-fd07d287b72f:192.168.105.177:39053, 07a1d637-e59e-4439-8094-b47cc4d43729:192.168.105.177:33401, 2a287c03-ea00-4fbd-a382-5cf27d35ec1c:192.168.105.177:35489], old=null, confs=<EMPTY_MAP>
2019-06-13 18:32:01,690 INFO  server.RaftServerConfigKeys (ConfUtils.java:logGet(43)) - raft.server.rpc.timeout.min = 1s (custom)
2019-06-13 18:32:01,690 INFO  server.RaftServerConfigKeys (ConfUtils.java:logGet(43)) - raft.server.storage.dir = [/opt/src/hadoop-ozone/integration-test/target/test-dir/MiniOzoneClusterImpl-f2c748e5-adcb-4c4c-a654-eab58aa7afbf/datanode-4/data/ratis] (custom)
2019-06-13 18:32:01,690 INFO  server.RaftServerConfigKeys (ConfUtils.java:logGet(43)) - raft.server.rpc.timeout.max = 1200ms (custom)
2019-06-13 18:32:01,690 INFO  server.RaftServerConfigKeys (ConfUtils.java:logGet(43)) - raft.server.rpcslowness.timeout = 120s (custom)
2019-06-13 18:32:01,690 INFO  server.RaftServerConfigKeys (ConfUtils.java:logGet(43)) - raft.server.log.appender.install.snapshot.enabled = true (default)
2019-06-13 18:32:01,691 INFO  impl.RaftServerImpl (ServerState.java:<init>(101)) - 2a287c03-ea00-4fbd-a382-5cf27d35ec1c:group-7882DC9AB93E ConfigurationManager, init=-1: [924a2b97-7af9-4173-92c8-fd07d287b72f:192.168.105.177:39053, 07a1d637-e59e-4439-8094-b47cc4d43729:192.168.105.177:33401, 2a287c03-ea00-4fbd-a382-5cf27d35ec1c:192.168.105.177:35489], old=null, confs=<EMPTY_MAP>
2019-06-13 18:32:01,691 INFO  server.RaftServerConfigKeys (ConfUtils.java:logGet(43)) - raft.server.storage.dir = [/opt/src/hadoop-ozone/integration-test/target/test-dir/MiniOzoneClusterImpl-f2c748e5-adcb-4c4c-a654-eab58aa7afbf/datanode-5/data/ratis] (custom)
2019-06-13 18:32:01,691 INFO  storage.RaftStorageDirectory (RaftStorageDirectory.java:analyzeStorage(246)) - The storage directory /opt/src/hadoop-ozone/integration-test/target/test-dir/MiniOzoneClusterImpl-f2c748e5-adcb-4c4c-a654-eab58aa7afbf/datanode-4/data/ratis/5d6aa063-69b3-49a5-8b1b-7882dc9ab93e does not exist. Creating ...
2019-06-13 18:32:01,691 INFO  storage.RaftStorageDirectory (RaftStorageDirectory.java:analyzeStorage(246)) - The storage directory /opt/src/hadoop-ozone/integration-test/target/test-dir/MiniOzoneClusterImpl-f2c748e5-adcb-4c4c-a654-eab58aa7afbf/datanode-5/data/ratis/5d6aa063-69b3-49a5-8b1b-7882dc9ab93e does not exist. Creating ...
2019-06-13 18:32:01,691 INFO  storage.RaftStorageDirectory (RaftStorageDirectory.java:tryLock(328)) - Lock on /opt/src/hadoop-ozone/integration-test/target/test-dir/MiniOzoneClusterImpl-f2c748e5-adcb-4c4c-a654-eab58aa7afbf/datanode-3/data/ratis/5d6aa063-69b3-49a5-8b1b-7882dc9ab93e/in_use.lock acquired by nodename 12522@ozone-pdpn9-622331312
2019-06-13 18:32:01,693 INFO  storage.RaftStorageDirectory (RaftStorageDirectory.java:tryLock(328)) - Lock on /opt/src/hadoop-ozone/integration-test/target/test-dir/MiniOzoneClusterImpl-f2c748e5-adcb-4c4c-a654-eab58aa7afbf/datanode-5/data/ratis/5d6aa063-69b3-49a5-8b1b-7882dc9ab93e/in_use.lock acquired by nodename 12522@ozone-pdpn9-622331312
2019-06-13 18:32:01,693 INFO  storage.RaftStorageDirectory (RaftStorageDirectory.java:tryLock(328)) - Lock on /opt/src/hadoop-ozone/integration-test/target/test-dir/MiniOzoneClusterImpl-f2c748e5-adcb-4c4c-a654-eab58aa7afbf/datanode-4/data/ratis/5d6aa063-69b3-49a5-8b1b-7882dc9ab93e/in_use.lock acquired by nodename 12522@ozone-pdpn9-622331312
2019-06-13 18:32:01,694 INFO  storage.RaftStorage (RaftStorage.java:format(75)) - Storage directory /opt/src/hadoop-ozone/integration-test/target/test-dir/MiniOzoneClusterImpl-f2c748e5-adcb-4c4c-a654-eab58aa7afbf/datanode-3/data/ratis/5d6aa063-69b3-49a5-8b1b-7882dc9ab93e has been successfully formatted.
2019-06-13 18:32:01,695 INFO  ratis.ContainerStateMachine (ContainerStateMachine.java:loadSnapshot(199)) - The snapshot info is null.Setting the last applied index to:(t:0, i:~)
2019-06-13 18:32:01,695 INFO  server.RaftServerConfigKeys (ConfUtils.java:logGet(43)) - raft.server.leader.election.timeout = 120s (custom)
2019-06-13 18:32:01,695 INFO  server.RaftServerConfigKeys (ConfUtils.java:logGet(43)) - raft.server.log.use.memory = false (default)
2019-06-13 18:32:01,696 INFO  server.RaftServerConfigKeys (ConfUtils.java:logGet(43)) - raft.server.log.appender.buffer.byte-limit = 33554432 (custom)
2019-06-13 18:32:01,696 INFO  server.RaftServerConfigKeys (ConfUtils.java:logGet(43)) - raft.server.log.segment.size.max = 16384 (custom)
2019-06-13 18:32:01,696 INFO  server.RaftServerConfigKeys (ConfUtils.java:logGet(43)) - raft.server.log.segment.cache.num.max = 2 (custom)
2019-06-13 18:32:01,696 INFO  storage.RaftLogWorker (RaftLogWorker.java:<init>(123)) - new 924a2b97-7af9-4173-92c8-fd07d287b72f-RaftLogWorker for Storage Directory /opt/src/hadoop-ozone/integration-test/target/test-dir/MiniOzoneClusterImpl-f2c748e5-adcb-4c4c-a654-eab58aa7afbf/datanode-3/data/ratis/5d6aa063-69b3-49a5-8b1b-7882dc9ab93e
2019-06-13 18:32:01,696 INFO  storage.RaftStorage (RaftStorage.java:format(75)) - Storage directory /opt/src/hadoop-ozone/integration-test/target/test-dir/MiniOzoneClusterImpl-f2c748e5-adcb-4c4c-a654-eab58aa7afbf/datanode-5/data/ratis/5d6aa063-69b3-49a5-8b1b-7882dc9ab93e has been successfully formatted.
2019-06-13 18:32:01,696 INFO  storage.RaftStorage (RaftStorage.java:format(75)) - Storage directory /opt/src/hadoop-ozone/integration-test/target/test-dir/MiniOzoneClusterImpl-f2c748e5-adcb-4c4c-a654-eab58aa7afbf/datanode-4/data/ratis/5d6aa063-69b3-49a5-8b1b-7882dc9ab93e has been successfully formatted.
2019-06-13 18:32:01,696 INFO  ratis.ContainerStateMachine (ContainerStateMachine.java:loadSnapshot(199)) - The snapshot info is null.Setting the last applied index to:(t:0, i:~)
2019-06-13 18:32:01,696 INFO  server.RaftServerConfigKeys (ConfUtils.java:logGet(43)) - raft.server.log.queue.byte-limit = 2147483647 (custom)
2019-06-13 18:32:01,696 INFO  server.RaftServerConfigKeys (ConfUtils.java:logGet(43)) - raft.server.leader.election.timeout = 120s (custom)
2019-06-13 18:32:01,696 INFO  ratis.ContainerStateMachine (ContainerStateMachine.java:loadSnapshot(199)) - The snapshot info is null.Setting the last applied index to:(t:0, i:~)
2019-06-13 18:32:01,696 INFO  server.RaftServerConfigKeys (ConfUtils.java:logGet(43)) - raft.server.log.use.memory = false (default)
2019-06-13 18:32:01,696 INFO  server.RaftServerConfigKeys (ConfUtils.java:logGet(43)) - raft.server.log.queue.element-limit = 1024 (custom)
2019-06-13 18:32:01,696 INFO  server.RaftServerConfigKeys (ConfUtils.java:logGet(43)) - raft.server.log.appender.buffer.byte-limit = 33554432 (custom)
2019-06-13 18:32:01,696 INFO  server.RaftServerConfigKeys (ConfUtils.java:logGet(43)) - raft.server.leader.election.timeout = 120s (custom)
2019-06-13 18:32:01,697 INFO  server.RaftServerConfigKeys (ConfUtils.java:logGet(43)) - raft.server.log.segment.size.max = 16384 (custom)
2019-06-13 18:32:01,696 INFO  server.RaftServerConfigKeys (ConfUtils.java:logGet(43)) - raft.server.log.segment.size.max = 16384 (custom)
2019-06-13 18:32:01,697 INFO  server.RaftServerConfigKeys (ConfUtils.java:logGet(43)) - raft.server.log.segment.cache.num.max = 2 (custom)
2019-06-13 18:32:01,697 INFO  server.RaftServerConfigKeys (ConfUtils.java:logGet(43)) - raft.server.log.use.memory = false (default)
2019-06-13 18:32:01,697 INFO  storage.RaftLogWorker (RaftLogWorker.java:<init>(123)) - new 2a287c03-ea00-4fbd-a382-5cf27d35ec1c-RaftLogWorker for Storage Directory /opt/src/hadoop-ozone/integration-test/target/test-dir/MiniOzoneClusterImpl-f2c748e5-adcb-4c4c-a654-eab58aa7afbf/datanode-5/data/ratis/5d6aa063-69b3-49a5-8b1b-7882dc9ab93e
2019-06-13 18:32:01,697 INFO  server.RaftServerConfigKeys (ConfUtils.java:logGet(43)) - raft.server.log.preallocated.size = 16384 (custom)
2019-06-13 18:32:01,697 INFO  server.RaftServerConfigKeys (ConfUtils.java:logGet(43)) - raft.server.log.queue.byte-limit = 2147483647 (custom)
2019-06-13 18:32:01,697 INFO  server.RaftServerConfigKeys (ConfUtils.java:logGet(43)) - raft.server.log.appender.buffer.byte-limit = 33554432 (custom)
2019-06-13 18:32:01,697 INFO  server.RaftServerConfigKeys (ConfUtils.java:logGet(43)) - raft.server.log.queue.element-limit = 1024 (custom)
2019-06-13 18:32:01,697 INFO  server.RaftServerConfigKeys (ConfUtils.java:logGet(43)) - raft.server.log.write.buffer.size = 33554432 (custom)
2019-06-13 18:32:01,697 INFO  server.RaftServerConfigKeys (ConfUtils.java:logGet(43)) - raft.server.log.segment.size.max = 16384 (custom)
2019-06-13 18:32:01,697 INFO  server.RaftServerConfigKeys (ConfUtils.java:logGet(43)) - raft.server.log.segment.size.max = 16384 (custom)
2019-06-13 18:32:01,697 INFO  server.RaftServerConfigKeys (ConfUtils.java:logGet(43)) - raft.server.log.preallocated.size = 16384 (custom)
2019-06-13 18:32:01,697 INFO  server.RaftServerConfigKeys (ConfUtils.java:logGet(43)) - raft.server.log.force.sync.num = 128 (default)
2019-06-13 18:32:01,698 INFO  server.RaftServerConfigKeys (ConfUtils.java:logGet(43)) - raft.server.log.write.buffer.size = 33554432 (custom)
2019-06-13 18:32:01,698 INFO  server.RaftServerConfigKeys (ConfUtils.java:logGet(43)) - raft.server.log.segment.cache.num.max = 2 (custom)
2019-06-13 18:32:01,698 INFO  server.RaftServerConfigKeys (ConfUtils.java:logGet(43)) - raft.server.log.force.sync.num = 128 (default)
2019-06-13 18:32:01,698 INFO  server.RaftServerConfigKeys (ConfUtils.java:logGet(43)) - raft.server.log.statemachine.data.sync = true (default)
2019-06-13 18:32:01,698 INFO  server.RaftServerConfigKeys (ConfUtils.java:logGet(43)) - raft.server.log.statemachine.data.sync = true (default)
2019-06-13 18:32:01,698 INFO  storage.RaftLogWorker (RaftLogWorker.java:<init>(123)) - new 07a1d637-e59e-4439-8094-b47cc4d43729-RaftLogWorker for Storage Directory /opt/src/hadoop-ozone/integration-test/target/test-dir/MiniOzoneClusterImpl-f2c748e5-adcb-4c4c-a654-eab58aa7afbf/datanode-4/data/ratis/5d6aa063-69b3-49a5-8b1b-7882dc9ab93e
2019-06-13 18:32:01,698 INFO  server.RaftServerConfigKeys (ConfUtils.java:logGet(43)) - raft.server.log.statemachine.data.sync.timeout = 10s (default)
2019-06-13 18:32:01,698 INFO  server.RaftServerConfigKeys (ConfUtils.java:logGet(43)) - raft.server.log.statemachine.data.sync.timeout = 10s (default)
2019-06-13 18:32:01,698 INFO  server.RaftServerConfigKeys (ConfUtils.java:logGet(43)) - raft.server.log.statemachine.data.sync.timeout.retry = -1 (default)
2019-06-13 18:32:01,698 INFO  server.RaftServerConfigKeys (ConfUtils.java:logGet(43)) - raft.server.log.queue.byte-limit = 2147483647 (custom)
2019-06-13 18:32:01,698 INFO  server.RaftServerConfigKeys (ConfUtils.java:logGet(43)) - raft.server.log.statemachine.data.caching.enabled = true (custom)
2019-06-13 18:32:01,698 INFO  server.RaftServerConfigKeys (ConfUtils.java:logGet(43)) - raft.server.log.statemachine.data.sync.timeout.retry = -1 (default)
2019-06-13 18:32:01,698 INFO  server.RaftServerConfigKeys (ConfUtils.java:logGet(43)) - raft.server.log.queue.element-limit = 1024 (custom)
2019-06-13 18:32:01,699 INFO  server.RaftServerConfigKeys (ConfUtils.java:logGet(43)) - raft.server.log.statemachine.data.caching.enabled = true (custom)
2019-06-13 18:32:01,699 INFO  server.RaftServerConfigKeys (ConfUtils.java:logGet(43)) - raft.server.snapshot.auto.trigger.enabled = true (custom)
2019-06-13 18:32:01,699 INFO  server.RaftServerConfigKeys (ConfUtils.java:logGet(43)) - raft.server.log.segment.size.max = 16384 (custom)
2019-06-13 18:32:01,699 INFO  server.RaftServerConfigKeys (ConfUtils.java:logGet(43)) - raft.server.snapshot.auto.trigger.threshold = 10000 (custom)
2019-06-13 18:32:01,699 INFO  server.RaftServerConfigKeys (ConfUtils.java:logGet(43)) - raft.server.log.preallocated.size = 16384 (custom)
2019-06-13 18:32:01,699 INFO  server.RaftServerConfigKeys (ConfUtils.java:logGet(43)) - raft.server.log.write.buffer.size = 33554432 (custom)
2019-06-13 18:32:01,699 INFO  server.RaftServerConfigKeys (ConfUtils.java:logGet(43)) - raft.server.snapshot.auto.trigger.enabled = true (custom)
2019-06-13 18:32:01,699 INFO  server.RaftServerConfigKeys (ConfUtils.java:logGet(43)) - raft.server.log.force.sync.num = 128 (default)
2019-06-13 18:32:01,699 INFO  server.RaftServerConfigKeys (ConfUtils.java:logGet(43)) - raft.server.retrycache.expirytime = 600000ms (custom)
2019-06-13 18:32:01,699 INFO  server.RaftServerConfigKeys (ConfUtils.java:logGet(43)) - raft.server.log.statemachine.data.sync = true (default)
2019-06-13 18:32:01,699 INFO  impl.RaftServerImpl (RaftServerImpl.java:start(173)) - 2a287c03-ea00-4fbd-a382-5cf27d35ec1c: start group-7882DC9AB93E
2019-06-13 18:32:01,699 INFO  server.RaftServerConfigKeys (ConfUtils.java:logGet(43)) - raft.server.snapshot.auto.trigger.threshold = 10000 (custom)
2019-06-13 18:32:01,699 INFO  impl.RaftServerImpl (RaftServerImpl.java:setRole(164)) - 2a287c03-ea00-4fbd-a382-5cf27d35ec1c:group-7882DC9AB93E changes role from null to FOLLOWER at term 0 for startAsFollower
2019-06-13 18:32:01,699 INFO  server.RaftServerConfigKeys (ConfUtils.java:logGet(43)) - raft.server.log.statemachine.data.sync.timeout = 10s (default)
2019-06-13 18:32:01,700 INFO  impl.RoleInfo (RoleInfo.java:updateAndGet(143)) - 2a287c03-ea00-4fbd-a382-5cf27d35ec1c: start FollowerState
2019-06-13 18:32:01,700 INFO  server.RaftServerConfigKeys (ConfUtils.java:logGet(43)) - raft.server.retrycache.expirytime = 600000ms (custom)
2019-06-13 18:32:01,700 INFO  server.RaftServerConfigKeys (ConfUtils.java:logGet(43)) - raft.server.log.statemachine.data.sync.timeout.retry = -1 (default)
2019-06-13 18:32:01,700 INFO  util.JmxRegister (JmxRegister.java:tryRegister(44)) - Successfully registered JMX Bean with object name Ratis:service=RaftServer,group=group-7882DC9AB93E,id=2a287c03-ea00-4fbd-a382-5cf27d35ec1c
2019-06-13 18:32:01,700 INFO  impl.RaftServerImpl (RaftServerImpl.java:start(173)) - 924a2b97-7af9-4173-92c8-fd07d287b72f: start group-7882DC9AB93E
2019-06-13 18:32:01,700 INFO  server.RaftServerConfigKeys (ConfUtils.java:logGet(43)) - raft.server.log.statemachine.data.caching.enabled = true (custom)
2019-06-13 18:32:01,700 INFO  impl.RaftServerImpl (RaftServerImpl.java:setRole(164)) - 924a2b97-7af9-4173-92c8-fd07d287b72f:group-7882DC9AB93E changes role from null to FOLLOWER at term 0 for startAsFollower
2019-06-13 18:32:01,700 INFO  server.RaftServerConfigKeys (ConfUtils.java:logGet(43)) - raft.server.snapshot.auto.trigger.enabled = true (custom)
2019-06-13 18:32:01,700 INFO  impl.RoleInfo (RoleInfo.java:updateAndGet(143)) - 924a2b97-7af9-4173-92c8-fd07d287b72f: start FollowerState
2019-06-13 18:32:01,700 INFO  server.RaftServerConfigKeys (ConfUtils.java:logGet(43)) - raft.server.snapshot.auto.trigger.threshold = 10000 (custom)
2019-06-13 18:32:01,701 INFO  server.RaftServerConfigKeys (ConfUtils.java:logGet(43)) - raft.server.retrycache.expirytime = 600000ms (custom)
2019-06-13 18:32:01,701 INFO  util.JmxRegister (JmxRegister.java:tryRegister(44)) - Successfully registered JMX Bean with object name Ratis:service=RaftServer,group=group-7882DC9AB93E,id=924a2b97-7af9-4173-92c8-fd07d287b72f
2019-06-13 18:32:01,701 INFO  impl.RaftServerImpl (RaftServerImpl.java:start(173)) - 07a1d637-e59e-4439-8094-b47cc4d43729: start group-7882DC9AB93E
2019-06-13 18:32:01,701 INFO  impl.RaftServerImpl (RaftServerImpl.java:setRole(164)) - 07a1d637-e59e-4439-8094-b47cc4d43729:group-7882DC9AB93E changes role from null to FOLLOWER at term 0 for startAsFollower
2019-06-13 18:32:01,701 INFO  impl.RoleInfo (RoleInfo.java:updateAndGet(143)) - 07a1d637-e59e-4439-8094-b47cc4d43729: start FollowerState
2019-06-13 18:32:01,702 INFO  util.JmxRegister (JmxRegister.java:tryRegister(44)) - Successfully registered JMX Bean with object name Ratis:service=RaftServer,group=group-7882DC9AB93E,id=07a1d637-e59e-4439-8094-b47cc4d43729
2019-06-13 18:32:01,704 INFO  pipeline.PipelineStateManager (PipelineStateManager.java:addPipeline(56)) - Created pipeline Pipeline[ Id: 5d6aa063-69b3-49a5-8b1b-7882dc9ab93e, Nodes: 924a2b97-7af9-4173-92c8-fd07d287b72f{ip: 192.168.105.177, host: ozone-pdpn9-622331312, networkLocation: /default-rack, certSerialId: null}07a1d637-e59e-4439-8094-b47cc4d43729{ip: 192.168.105.177, host: ozone-pdpn9-622331312, networkLocation: /default-rack, certSerialId: null}2a287c03-ea00-4fbd-a382-5cf27d35ec1c{ip: 192.168.105.177, host: ozone-pdpn9-622331312, networkLocation: /default-rack, certSerialId: null}, Type:RATIS, Factor:THREE, State:OPEN]
2019-06-13 18:32:01,779 INFO  impl.FollowerState (FollowerState.java:run(101)) - cc5c8bea-c0b3-40d9-bee6-c3127edf20f0:group-373523490807 changes to CANDIDATE, lastRpcTime:1063, electionTimeout:1063ms
2019-06-13 18:32:01,779 INFO  impl.RoleInfo (RoleInfo.java:shutdownFollowerState(121)) - cc5c8bea-c0b3-40d9-bee6-c3127edf20f0: shutdown FollowerState
2019-06-13 18:32:01,779 INFO  impl.RaftServerImpl (RaftServerImpl.java:setRole(164)) - cc5c8bea-c0b3-40d9-bee6-c3127edf20f0:group-373523490807 changes role from FOLLOWER to CANDIDATE at term 0 for changeToCandidate
2019-06-13 18:32:01,779 INFO  impl.RoleInfo (RoleInfo.java:updateAndGet(143)) - cc5c8bea-c0b3-40d9-bee6-c3127edf20f0: start LeaderElection
2019-06-13 18:32:01,786 INFO  impl.LeaderElection (LeaderElection.java:askForVotes(181)) - cc5c8bea-c0b3-40d9-bee6-c3127edf20f0:group-373523490807:LeaderElection34: begin an election at term 1 for -1: [cc5c8bea-c0b3-40d9-bee6-c3127edf20f0:192.168.105.177:33435], old=null
2019-06-13 18:32:01,791 INFO  impl.RoleInfo (RoleInfo.java:shutdownLeaderElection(134)) - cc5c8bea-c0b3-40d9-bee6-c3127edf20f0: shutdown LeaderElection
2019-06-13 18:32:01,791 INFO  impl.RaftServerImpl (RaftServerImpl.java:setRole(164)) - cc5c8bea-c0b3-40d9-bee6-c3127edf20f0:group-373523490807 changes role from CANDIDATE to LEADER at term 1 for changeToLeader
2019-06-13 18:32:01,791 INFO  impl.RaftServerImpl (ServerState.java:setLeader(263)) - cc5c8bea-c0b3-40d9-bee6-c3127edf20f0:group-373523490807 change Leader from null to cc5c8bea-c0b3-40d9-bee6-c3127edf20f0 at term 1 for becomeLeader, leader elected after 1076ms
2019-06-13 18:32:01,791 INFO  server.RaftServerConfigKeys (ConfUtils.java:logGet(43)) - raft.server.staging.catchup.gap = 1000 (default)
2019-06-13 18:32:01,791 INFO  server.RaftServerConfigKeys (ConfUtils.java:logGet(43)) - raft.server.rpc.sleep.time = 25ms (default)
2019-06-13 18:32:01,791 INFO  server.RaftServerConfigKeys (ConfUtils.java:logGet(43)) - raft.server.watch.timeout = 10s (default)
2019-06-13 18:32:01,791 INFO  server.RaftServerConfigKeys (ConfUtils.java:logGet(43)) - raft.server.watch.timeout.denomination = 1s (default)
2019-06-13 18:32:01,792 INFO  impl.RoleInfo (RoleInfo.java:updateAndGet(143)) - cc5c8bea-c0b3-40d9-bee6-c3127edf20f0: start LeaderState
2019-06-13 18:32:01,792 INFO  storage.RaftLogWorker (RaftLogWorker.java:startLogSegment(298)) - cc5c8bea-c0b3-40d9-bee6-c3127edf20f0-RaftLogWorker: Starting segment from index:0
2019-06-13 18:32:01,792 INFO  impl.RaftServerImpl (ServerState.java:setRaftConf(361)) - cc5c8bea-c0b3-40d9-bee6-c3127edf20f0:group-373523490807 set configuration 0: [cc5c8bea-c0b3-40d9-bee6-c3127edf20f0:192.168.105.177:33435], old=null at 0
2019-06-13 18:32:01,798 INFO  ozone.MiniOzoneClusterImpl (MiniOzoneClusterImpl.java:lambda$waitForClusterToBeReady$0(142)) - Waiting for cluster to be ready. Got 6 of 7 DN Heartbeats.
2019-06-13 18:32:01,798 INFO  node.SCMNodeManager (SCMNodeManager.java:register(234)) - Registered Data node : 0179da86-860c-44c8-a155-135d6146c9b5{ip: 192.168.105.177, host: ozone-pdpn9-622331312, networkLocation: /default-rack, certSerialId: null}
2019-06-13 18:32:01,817 INFO  impl.RaftServerProxy (RaftServerProxy.java:addNew(89)) - 0179da86-860c-44c8-a155-135d6146c9b5: addNew group-EEC487BF5C00:[0179da86-860c-44c8-a155-135d6146c9b5:192.168.105.177:37039] returns group-EEC487BF5C00:java.util.concurrent.CompletableFuture@6a54a757[Not completed]
2019-06-13 18:32:01,817 INFO  impl.RaftServerImpl (RaftServerImpl.java:<init>(91)) - 0179da86-860c-44c8-a155-135d6146c9b5: new RaftServerImpl for group-EEC487BF5C00:[0179da86-860c-44c8-a155-135d6146c9b5:192.168.105.177:37039] with ContainerStateMachine:uninitialized
2019-06-13 18:32:01,818 INFO  server.RaftServerConfigKeys (ConfUtils.java:logGet(43)) - raft.server.rpc.timeout.min = 1s (custom)
2019-06-13 18:32:01,818 INFO  server.RaftServerConfigKeys (ConfUtils.java:logGet(43)) - raft.server.rpc.timeout.max = 1200ms (custom)
2019-06-13 18:32:01,818 INFO  server.RaftServerConfigKeys (ConfUtils.java:logGet(43)) - raft.server.rpcslowness.timeout = 120s (custom)
2019-06-13 18:32:01,818 INFO  server.RaftServerConfigKeys (ConfUtils.java:logGet(43)) - raft.server.log.appender.install.snapshot.enabled = true (default)
2019-06-13 18:32:01,818 INFO  impl.RaftServerImpl (ServerState.java:<init>(101)) - 0179da86-860c-44c8-a155-135d6146c9b5:group-EEC487BF5C00 ConfigurationManager, init=-1: [0179da86-860c-44c8-a155-135d6146c9b5:192.168.105.177:37039], old=null, confs=<EMPTY_MAP>
2019-06-13 18:32:01,818 INFO  server.RaftServerConfigKeys (ConfUtils.java:logGet(43)) - raft.server.storage.dir = [/opt/src/hadoop-ozone/integration-test/target/test-dir/MiniOzoneClusterImpl-f2c748e5-adcb-4c4c-a654-eab58aa7afbf/datanode-6/data/ratis] (custom)
2019-06-13 18:32:01,818 INFO  storage.RaftStorageDirectory (RaftStorageDirectory.java:analyzeStorage(246)) - The storage directory /opt/src/hadoop-ozone/integration-test/target/test-dir/MiniOzoneClusterImpl-f2c748e5-adcb-4c4c-a654-eab58aa7afbf/datanode-6/data/ratis/1e98e224-38c4-4bcc-ab14-eec487bf5c00 does not exist. Creating ...
2019-06-13 18:32:01,821 INFO  storage.RaftStorageDirectory (RaftStorageDirectory.java:tryLock(328)) - Lock on /opt/src/hadoop-ozone/integration-test/target/test-dir/MiniOzoneClusterImpl-f2c748e5-adcb-4c4c-a654-eab58aa7afbf/datanode-6/data/ratis/1e98e224-38c4-4bcc-ab14-eec487bf5c00/in_use.lock acquired by nodename 12522@ozone-pdpn9-622331312
2019-06-13 18:32:01,823 INFO  storage.RaftStorage (RaftStorage.java:format(75)) - Storage directory /opt/src/hadoop-ozone/integration-test/target/test-dir/MiniOzoneClusterImpl-f2c748e5-adcb-4c4c-a654-eab58aa7afbf/datanode-6/data/ratis/1e98e224-38c4-4bcc-ab14-eec487bf5c00 has been successfully formatted.
2019-06-13 18:32:01,823 INFO  ratis.ContainerStateMachine (ContainerStateMachine.java:loadSnapshot(199)) - The snapshot info is null.Setting the last applied index to:(t:0, i:~)
2019-06-13 18:32:01,823 INFO  server.RaftServerConfigKeys (ConfUtils.java:logGet(43)) - raft.server.leader.election.timeout = 120s (custom)
2019-06-13 18:32:01,823 INFO  server.RaftServerConfigKeys (ConfUtils.java:logGet(43)) - raft.server.log.use.memory = false (default)
2019-06-13 18:32:01,823 INFO  server.RaftServerConfigKeys (ConfUtils.java:logGet(43)) - raft.server.log.appender.buffer.byte-limit = 33554432 (custom)
2019-06-13 18:32:01,824 INFO  server.RaftServerConfigKeys (ConfUtils.java:logGet(43)) - raft.server.log.segment.size.max = 16384 (custom)
2019-06-13 18:32:01,824 INFO  server.RaftServerConfigKeys (ConfUtils.java:logGet(43)) - raft.server.log.segment.cache.num.max = 2 (custom)
2019-06-13 18:32:01,824 INFO  storage.RaftLogWorker (RaftLogWorker.java:<init>(123)) - new 0179da86-860c-44c8-a155-135d6146c9b5-RaftLogWorker for Storage Directory /opt/src/hadoop-ozone/integration-test/target/test-dir/MiniOzoneClusterImpl-f2c748e5-adcb-4c4c-a654-eab58aa7afbf/datanode-6/data/ratis/1e98e224-38c4-4bcc-ab14-eec487bf5c00
2019-06-13 18:32:01,824 INFO  server.RaftServerConfigKeys (ConfUtils.java:logGet(43)) - raft.server.log.queue.byte-limit = 2147483647 (custom)
2019-06-13 18:32:01,824 INFO  server.RaftServerConfigKeys (ConfUtils.java:logGet(43)) - raft.server.log.queue.element-limit = 1024 (custom)
2019-06-13 18:32:01,824 INFO  server.RaftServerConfigKeys (ConfUtils.java:logGet(43)) - raft.server.log.segment.size.max = 16384 (custom)
2019-06-13 18:32:01,824 INFO  server.RaftServerConfigKeys (ConfUtils.java:logGet(43)) - raft.server.log.preallocated.size = 16384 (custom)
2019-06-13 18:32:01,824 INFO  server.RaftServerConfigKeys (ConfUtils.java:logGet(43)) - raft.server.log.write.buffer.size = 33554432 (custom)
2019-06-13 18:32:01,824 INFO  server.RaftServerConfigKeys (ConfUtils.java:logGet(43)) - raft.server.log.force.sync.num = 128 (default)
2019-06-13 18:32:01,824 INFO  server.RaftServerConfigKeys (ConfUtils.java:logGet(43)) - raft.server.log.statemachine.data.sync = true (default)
2019-06-13 18:32:01,824 INFO  server.RaftServerConfigKeys (ConfUtils.java:logGet(43)) - raft.server.log.statemachine.data.sync.timeout = 10s (default)
2019-06-13 18:32:01,824 INFO  server.RaftServerConfigKeys (ConfUtils.java:logGet(43)) - raft.server.log.statemachine.data.sync.timeout.retry = -1 (default)
2019-06-13 18:32:01,824 INFO  server.RaftServerConfigKeys (ConfUtils.java:logGet(43)) - raft.server.log.statemachine.data.caching.enabled = true (custom)
2019-06-13 18:32:01,825 INFO  server.RaftServerConfigKeys (ConfUtils.java:logGet(43)) - raft.server.snapshot.auto.trigger.enabled = true (custom)
2019-06-13 18:32:01,825 INFO  server.RaftServerConfigKeys (ConfUtils.java:logGet(43)) - raft.server.snapshot.auto.trigger.threshold = 10000 (custom)
2019-06-13 18:32:01,825 INFO  server.RaftServerConfigKeys (ConfUtils.java:logGet(43)) - raft.server.retrycache.expirytime = 600000ms (custom)
2019-06-13 18:32:01,825 INFO  impl.RaftServerImpl (RaftServerImpl.java:start(173)) - 0179da86-860c-44c8-a155-135d6146c9b5: start group-EEC487BF5C00
2019-06-13 18:32:01,825 INFO  impl.RaftServerImpl (RaftServerImpl.java:setRole(164)) - 0179da86-860c-44c8-a155-135d6146c9b5:group-EEC487BF5C00 changes role from null to FOLLOWER at term 0 for startAsFollower
2019-06-13 18:32:01,825 INFO  impl.RoleInfo (RoleInfo.java:updateAndGet(143)) - 0179da86-860c-44c8-a155-135d6146c9b5: start FollowerState
2019-06-13 18:32:01,829 INFO  util.JmxRegister (JmxRegister.java:tryRegister(44)) - Successfully registered JMX Bean with object name Ratis:service=RaftServer,group=group-EEC487BF5C00,id=0179da86-860c-44c8-a155-135d6146c9b5
2019-06-13 18:32:01,831 INFO  pipeline.PipelineStateManager (PipelineStateManager.java:addPipeline(56)) - Created pipeline Pipeline[ Id: 1e98e224-38c4-4bcc-ab14-eec487bf5c00, Nodes: 0179da86-860c-44c8-a155-135d6146c9b5{ip: 192.168.105.177, host: ozone-pdpn9-622331312, networkLocation: /default-rack, certSerialId: null}, Type:RATIS, Factor:ONE, State:OPEN]
2019-06-13 18:32:01,844 INFO  storage.RaftLogWorker (RaftLogWorker.java:execute(469)) - cc5c8bea-c0b3-40d9-bee6-c3127edf20f0-RaftLogWorker: created new log segment /opt/src/hadoop-ozone/integration-test/target/test-dir/MiniOzoneClusterImpl-f2c748e5-adcb-4c4c-a654-eab58aa7afbf/datanode-0/data/ratis/59cad1ef-7a3e-41d9-83a6-373523490807/current/log_inprogress_0
2019-06-13 18:32:02,099 INFO  impl.FollowerState (FollowerState.java:run(101)) - 4b46b974-3b1e-4de2-965f-cb6dfaf3e8b4:group-1F0DF1ACC708 changes to CANDIDATE, lastRpcTime:1109, electionTimeout:1109ms
2019-06-13 18:32:02,099 INFO  impl.RoleInfo (RoleInfo.java:shutdownFollowerState(121)) - 4b46b974-3b1e-4de2-965f-cb6dfaf3e8b4: shutdown FollowerState
2019-06-13 18:32:02,099 INFO  impl.RaftServerImpl (RaftServerImpl.java:setRole(164)) - 4b46b974-3b1e-4de2-965f-cb6dfaf3e8b4:group-1F0DF1ACC708 changes role from FOLLOWER to CANDIDATE at term 0 for changeToCandidate
2019-06-13 18:32:02,099 INFO  impl.RoleInfo (RoleInfo.java:updateAndGet(143)) - 4b46b974-3b1e-4de2-965f-cb6dfaf3e8b4: start LeaderElection
2019-06-13 18:32:02,105 INFO  impl.LeaderElection (LeaderElection.java:askForVotes(181)) - 4b46b974-3b1e-4de2-965f-cb6dfaf3e8b4:group-1F0DF1ACC708:LeaderElection35: begin an election at term 1 for -1: [4b46b974-3b1e-4de2-965f-cb6dfaf3e8b4:192.168.105.177:45659], old=null
2019-06-13 18:32:02,105 INFO  impl.RoleInfo (RoleInfo.java:shutdownLeaderElection(134)) - 4b46b974-3b1e-4de2-965f-cb6dfaf3e8b4: shutdown LeaderElection
2019-06-13 18:32:02,105 INFO  impl.RaftServerImpl (RaftServerImpl.java:setRole(164)) - 4b46b974-3b1e-4de2-965f-cb6dfaf3e8b4:group-1F0DF1ACC708 changes role from CANDIDATE to LEADER at term 1 for changeToLeader
2019-06-13 18:32:02,105 INFO  impl.RaftServerImpl (ServerState.java:setLeader(263)) - 4b46b974-3b1e-4de2-965f-cb6dfaf3e8b4:group-1F0DF1ACC708 change Leader from null to 4b46b974-3b1e-4de2-965f-cb6dfaf3e8b4 at term 1 for becomeLeader, leader elected after 1116ms
2019-06-13 18:32:02,105 INFO  server.RaftServerConfigKeys (ConfUtils.java:logGet(43)) - raft.server.staging.catchup.gap = 1000 (default)
2019-06-13 18:32:02,105 INFO  server.RaftServerConfigKeys (ConfUtils.java:logGet(43)) - raft.server.rpc.sleep.time = 25ms (default)
2019-06-13 18:32:02,105 INFO  server.RaftServerConfigKeys (ConfUtils.java:logGet(43)) - raft.server.watch.timeout = 10s (default)
2019-06-13 18:32:02,105 INFO  server.RaftServerConfigKeys (ConfUtils.java:logGet(43)) - raft.server.watch.timeout.denomination = 1s (default)
2019-06-13 18:32:02,105 INFO  impl.RoleInfo (RoleInfo.java:updateAndGet(143)) - 4b46b974-3b1e-4de2-965f-cb6dfaf3e8b4: start LeaderState
2019-06-13 18:32:02,105 INFO  storage.RaftLogWorker (RaftLogWorker.java:startLogSegment(298)) - 4b46b974-3b1e-4de2-965f-cb6dfaf3e8b4-RaftLogWorker: Starting segment from index:0
2019-06-13 18:32:02,106 INFO  impl.RaftServerImpl (ServerState.java:setRaftConf(361)) - 4b46b974-3b1e-4de2-965f-cb6dfaf3e8b4:group-1F0DF1ACC708 set configuration 0: [4b46b974-3b1e-4de2-965f-cb6dfaf3e8b4:192.168.105.177:45659], old=null at 0
2019-06-13 18:32:02,142 INFO  storage.RaftLogWorker (RaftLogWorker.java:execute(469)) - 4b46b974-3b1e-4de2-965f-cb6dfaf3e8b4-RaftLogWorker: created new log segment /opt/src/hadoop-ozone/integration-test/target/test-dir/MiniOzoneClusterImpl-f2c748e5-adcb-4c4c-a654-eab58aa7afbf/datanode-1/data/ratis/7b69e2bd-2432-4fea-96cb-1f0df1acc708/current/log_inprogress_0
2019-06-13 18:32:02,163 INFO  impl.FollowerState (FollowerState.java:run(101)) - 4b5226b1-6f25-4224-9424-0618f7190562:group-CB7EBD0F9666 changes to CANDIDATE, lastRpcTime:1012, electionTimeout:1012ms
2019-06-13 18:32:02,163 INFO  impl.RoleInfo (RoleInfo.java:shutdownFollowerState(121)) - 4b5226b1-6f25-4224-9424-0618f7190562: shutdown FollowerState
2019-06-13 18:32:02,163 INFO  impl.RaftServerImpl (RaftServerImpl.java:setRole(164)) - 4b5226b1-6f25-4224-9424-0618f7190562:group-CB7EBD0F9666 changes role from FOLLOWER to CANDIDATE at term 0 for changeToCandidate
2019-06-13 18:32:02,164 INFO  impl.RoleInfo (RoleInfo.java:updateAndGet(143)) - 4b5226b1-6f25-4224-9424-0618f7190562: start LeaderElection
2019-06-13 18:32:02,169 INFO  impl.LeaderElection (LeaderElection.java:askForVotes(181)) - 4b5226b1-6f25-4224-9424-0618f7190562:group-CB7EBD0F9666:LeaderElection36: begin an election at term 1 for -1: [4b5226b1-6f25-4224-9424-0618f7190562:192.168.105.177:46861], old=null
2019-06-13 18:32:02,170 INFO  impl.RoleInfo (RoleInfo.java:shutdownLeaderElection(134)) - 4b5226b1-6f25-4224-9424-0618f7190562: shutdown LeaderElection
2019-06-13 18:32:02,170 INFO  impl.RaftServerImpl (RaftServerImpl.java:setRole(164)) - 4b5226b1-6f25-4224-9424-0618f7190562:group-CB7EBD0F9666 changes role from CANDIDATE to LEADER at term 1 for changeToLeader
2019-06-13 18:32:02,170 INFO  impl.RaftServerImpl (ServerState.java:setLeader(263)) - 4b5226b1-6f25-4224-9424-0618f7190562:group-CB7EBD0F9666 change Leader from null to 4b5226b1-6f25-4224-9424-0618f7190562 at term 1 for becomeLeader, leader elected after 1020ms
2019-06-13 18:32:02,170 INFO  server.RaftServerConfigKeys (ConfUtils.java:logGet(43)) - raft.server.staging.catchup.gap = 1000 (default)
2019-06-13 18:32:02,170 INFO  server.RaftServerConfigKeys (ConfUtils.java:logGet(43)) - raft.server.rpc.sleep.time = 25ms (default)
2019-06-13 18:32:02,170 INFO  server.RaftServerConfigKeys (ConfUtils.java:logGet(43)) - raft.server.watch.timeout = 10s (default)
2019-06-13 18:32:02,170 INFO  server.RaftServerConfigKeys (ConfUtils.java:logGet(43)) - raft.server.watch.timeout.denomination = 1s (default)
2019-06-13 18:32:02,171 INFO  impl.RoleInfo (RoleInfo.java:updateAndGet(143)) - 4b5226b1-6f25-4224-9424-0618f7190562: start LeaderState
2019-06-13 18:32:02,171 INFO  storage.RaftLogWorker (RaftLogWorker.java:startLogSegment(298)) - 4b5226b1-6f25-4224-9424-0618f7190562-RaftLogWorker: Starting segment from index:0
2019-06-13 18:32:02,171 INFO  impl.RaftServerImpl (ServerState.java:setRaftConf(361)) - 4b5226b1-6f25-4224-9424-0618f7190562:group-CB7EBD0F9666 set configuration 0: [4b5226b1-6f25-4224-9424-0618f7190562:192.168.105.177:46861], old=null at 0
2019-06-13 18:32:02,207 INFO  storage.RaftLogWorker (RaftLogWorker.java:execute(469)) - 4b5226b1-6f25-4224-9424-0618f7190562-RaftLogWorker: created new log segment /opt/src/hadoop-ozone/integration-test/target/test-dir/MiniOzoneClusterImpl-f2c748e5-adcb-4c4c-a654-eab58aa7afbf/datanode-2/data/ratis/549d15ef-d840-4cf3-b143-cb7ebd0f9666/current/log_inprogress_0
2019-06-13 18:32:02,285 INFO  impl.FollowerState (FollowerState.java:run(101)) - 4b5226b1-6f25-4224-9424-0618f7190562:group-C15636AE46FB changes to CANDIDATE, lastRpcTime:1113, electionTimeout:1113ms
2019-06-13 18:32:02,285 INFO  impl.RoleInfo (RoleInfo.java:shutdownFollowerState(121)) - 4b5226b1-6f25-4224-9424-0618f7190562: shutdown FollowerState
2019-06-13 18:32:02,285 INFO  impl.RaftServerImpl (RaftServerImpl.java:setRole(164)) - 4b5226b1-6f25-4224-9424-0618f7190562:group-C15636AE46FB changes role from FOLLOWER to CANDIDATE at term 0 for changeToCandidate
2019-06-13 18:32:02,286 INFO  impl.RoleInfo (RoleInfo.java:updateAndGet(143)) - 4b5226b1-6f25-4224-9424-0618f7190562: start LeaderElection
2019-06-13 18:32:02,291 INFO  impl.LeaderElection (LeaderElection.java:askForVotes(181)) - 4b5226b1-6f25-4224-9424-0618f7190562:group-C15636AE46FB:LeaderElection37: begin an election at term 1 for -1: [cc5c8bea-c0b3-40d9-bee6-c3127edf20f0:192.168.105.177:33435, 4b46b974-3b1e-4de2-965f-cb6dfaf3e8b4:192.168.105.177:45659, 4b5226b1-6f25-4224-9424-0618f7190562:192.168.105.177:46861], old=null
2019-06-13 18:32:02,297 INFO  impl.FollowerState (FollowerState.java:run(101)) - cc5c8bea-c0b3-40d9-bee6-c3127edf20f0:group-C15636AE46FB changes to CANDIDATE, lastRpcTime:1117, electionTimeout:1117ms
2019-06-13 18:32:02,297 INFO  impl.RoleInfo (RoleInfo.java:shutdownFollowerState(121)) - cc5c8bea-c0b3-40d9-bee6-c3127edf20f0: shutdown FollowerState
2019-06-13 18:32:02,297 INFO  impl.RaftServerImpl (RaftServerImpl.java:setRole(164)) - cc5c8bea-c0b3-40d9-bee6-c3127edf20f0:group-C15636AE46FB changes role from FOLLOWER to CANDIDATE at term 0 for changeToCandidate
2019-06-13 18:32:02,297 INFO  impl.RoleInfo (RoleInfo.java:updateAndGet(143)) - cc5c8bea-c0b3-40d9-bee6-c3127edf20f0: start LeaderElection
2019-06-13 18:32:02,303 INFO  impl.RaftServerImpl (RaftServerImpl.java:setRole(164)) - 4b46b974-3b1e-4de2-965f-cb6dfaf3e8b4:group-C15636AE46FB changes role from FOLLOWER to FOLLOWER at term 1 for recognizeCandidate:4b5226b1-6f25-4224-9424-0618f7190562
2019-06-13 18:32:02,303 INFO  impl.RoleInfo (RoleInfo.java:shutdownFollowerState(121)) - 4b46b974-3b1e-4de2-965f-cb6dfaf3e8b4: shutdown FollowerState
2019-06-13 18:32:02,303 INFO  impl.RoleInfo (RoleInfo.java:updateAndGet(143)) - 4b46b974-3b1e-4de2-965f-cb6dfaf3e8b4: start FollowerState
2019-06-13 18:32:02,303 INFO  impl.FollowerState (FollowerState.java:run(109)) - 4b46b974-3b1e-4de2-965f-cb6dfaf3e8b4: FollowerState was interrupted: java.lang.InterruptedException: sleep interrupted
2019-06-13 18:32:02,306 INFO  impl.RaftServerImpl (RaftServerImpl.java:setRole(164)) - cc5c8bea-c0b3-40d9-bee6-c3127edf20f0:group-C15636AE46FB changes role from CANDIDATE to FOLLOWER at term 1 for recognizeCandidate:4b5226b1-6f25-4224-9424-0618f7190562
2019-06-13 18:32:02,306 INFO  impl.RoleInfo (RoleInfo.java:shutdownLeaderElection(134)) - cc5c8bea-c0b3-40d9-bee6-c3127edf20f0: shutdown LeaderElection
2019-06-13 18:32:02,306 INFO  impl.RoleInfo (RoleInfo.java:updateAndGet(143)) - cc5c8bea-c0b3-40d9-bee6-c3127edf20f0: start FollowerState
2019-06-13 18:32:02,307 INFO  impl.LeaderElection (LeaderElection.java:logAndReturn(56)) - 4b5226b1-6f25-4224-9424-0618f7190562:group-C15636AE46FB:LeaderElection37: Election PASSED; received 1 response(s) [4b5226b1-6f25-4224-9424-0618f7190562->4b46b974-3b1e-4de2-965f-cb6dfaf3e8b4,true-t1] and 0 exception(s); 4b5226b1-6f25-4224-9424-0618f7190562:t1, leader=null, voted=4b5226b1-6f25-4224-9424-0618f7190562, raftlog=4b5226b1-6f25-4224-9424-0618f7190562-SegmentedRaftLog:OPENED:c-1,f-1,i0, conf=-1: [cc5c8bea-c0b3-40d9-bee6-c3127edf20f0:192.168.105.177:33435, 4b46b974-3b1e-4de2-965f-cb6dfaf3e8b4:192.168.105.177:45659, 4b5226b1-6f25-4224-9424-0618f7190562:192.168.105.177:46861], old=null
2019-06-13 18:32:02,307 INFO  impl.RoleInfo (RoleInfo.java:shutdownLeaderElection(134)) - 4b5226b1-6f25-4224-9424-0618f7190562: shutdown LeaderElection
2019-06-13 18:32:02,307 INFO  impl.RaftServerImpl (RaftServerImpl.java:setRole(164)) - 4b5226b1-6f25-4224-9424-0618f7190562:group-C15636AE46FB changes role from CANDIDATE to LEADER at term 1 for changeToLeader
2019-06-13 18:32:02,307 INFO  impl.RaftServerImpl (ServerState.java:setLeader(263)) - 4b5226b1-6f25-4224-9424-0618f7190562:group-C15636AE46FB change Leader from null to 4b5226b1-6f25-4224-9424-0618f7190562 at term 1 for becomeLeader, leader elected after 1138ms
2019-06-13 18:32:02,307 INFO  server.RaftServerConfigKeys (ConfUtils.java:logGet(43)) - raft.server.staging.catchup.gap = 1000 (default)
2019-06-13 18:32:02,307 INFO  server.RaftServerConfigKeys (ConfUtils.java:logGet(43)) - raft.server.rpc.sleep.time = 25ms (default)
2019-06-13 18:32:02,307 INFO  server.RaftServerConfigKeys (ConfUtils.java:logGet(43)) - raft.server.watch.timeout = 10s (default)
2019-06-13 18:32:02,307 INFO  server.RaftServerConfigKeys (ConfUtils.java:logGet(43)) - raft.server.watch.timeout.denomination = 1s (default)
2019-06-13 18:32:02,307 INFO  server.RaftServerConfigKeys (ConfUtils.java:logGet(43)) - raft.server.log.appender.snapshot.chunk.size.max = 16MB (=16777216) (default)
2019-06-13 18:32:02,308 INFO  server.RaftServerConfigKeys (ConfUtils.java:logGet(43)) - raft.server.log.appender.buffer.byte-limit = 33554432 (custom)
2019-06-13 18:32:02,308 INFO  server.RaftServerConfigKeys (ConfUtils.java:logGet(43)) - raft.server.log.appender.buffer.element-limit = 1 (custom)
2019-06-13 18:32:02,308 INFO  grpc.GrpcConfigKeys$Server (ConfUtils.java:logGet(43)) - raft.grpc.server.leader.outstanding.appends.max = 128 (default)
2019-06-13 18:32:02,308 INFO  server.RaftServerConfigKeys (ConfUtils.java:logGet(43)) - raft.server.rpc.request.timeout = 3000ms (default)
2019-06-13 18:32:02,308 INFO  server.RaftServerConfigKeys (ConfUtils.java:logGet(43)) - raft.server.log.appender.install.snapshot.enabled = true (default)
2019-06-13 18:32:02,308 INFO  server.RaftServerConfigKeys (ConfUtils.java:logGet(43)) - raft.server.log.appender.snapshot.chunk.size.max = 16MB (=16777216) (default)
2019-06-13 18:32:02,308 INFO  server.RaftServerConfigKeys (ConfUtils.java:logGet(43)) - raft.server.log.appender.buffer.byte-limit = 33554432 (custom)
2019-06-13 18:32:02,308 INFO  server.RaftServerConfigKeys (ConfUtils.java:logGet(43)) - raft.server.log.appender.buffer.element-limit = 1 (custom)
2019-06-13 18:32:02,308 INFO  grpc.GrpcConfigKeys$Server (ConfUtils.java:logGet(43)) - raft.grpc.server.leader.outstanding.appends.max = 128 (default)
2019-06-13 18:32:02,308 INFO  server.RaftServerConfigKeys (ConfUtils.java:logGet(43)) - raft.server.rpc.request.timeout = 3000ms (default)
2019-06-13 18:32:02,308 INFO  server.RaftServerConfigKeys (ConfUtils.java:logGet(43)) - raft.server.log.appender.install.snapshot.enabled = true (default)
2019-06-13 18:32:02,308 INFO  impl.RoleInfo (RoleInfo.java:updateAndGet(143)) - 4b5226b1-6f25-4224-9424-0618f7190562: start LeaderState
2019-06-13 18:32:02,309 INFO  storage.RaftLogWorker (RaftLogWorker.java:startLogSegment(298)) - 4b5226b1-6f25-4224-9424-0618f7190562-RaftLogWorker: Starting segment from index:0
2019-06-13 18:32:02,311 INFO  impl.LeaderElection (LeaderElection.java:askForVotes(181)) - cc5c8bea-c0b3-40d9-bee6-c3127edf20f0:group-C15636AE46FB:LeaderElection38: begin an election at term 2 for -1: [cc5c8bea-c0b3-40d9-bee6-c3127edf20f0:192.168.105.177:33435, 4b46b974-3b1e-4de2-965f-cb6dfaf3e8b4:192.168.105.177:45659, 4b5226b1-6f25-4224-9424-0618f7190562:192.168.105.177:46861], old=null
2019-06-13 18:32:02,313 INFO  impl.RaftServerImpl (ServerState.java:setRaftConf(361)) - 4b5226b1-6f25-4224-9424-0618f7190562:group-C15636AE46FB set configuration 0: [cc5c8bea-c0b3-40d9-bee6-c3127edf20f0:192.168.105.177:33435, 4b46b974-3b1e-4de2-965f-cb6dfaf3e8b4:192.168.105.177:45659, 4b5226b1-6f25-4224-9424-0618f7190562:192.168.105.177:46861], old=null at 0
2019-06-13 18:32:02,315 INFO  impl.RaftServerImpl (ServerState.java:setLeader(263)) - 4b46b974-3b1e-4de2-965f-cb6dfaf3e8b4:group-C15636AE46FB change Leader from null to 4b5226b1-6f25-4224-9424-0618f7190562 at term 1 for appendEntries, leader elected after 1143ms
2019-06-13 18:32:02,316 INFO  impl.RaftServerImpl (ServerState.java:setLeader(263)) - 4b5226b1-6f25-4224-9424-0618f7190562:group-C15636AE46FB change Leader from 4b5226b1-6f25-4224-9424-0618f7190562 to null at term 2 for updateCurrentTerm
2019-06-13 18:32:02,316 INFO  impl.RaftServerImpl (RaftServerImpl.java:setRole(164)) - 4b5226b1-6f25-4224-9424-0618f7190562:group-C15636AE46FB changes role from LEADER to FOLLOWER at term 2 for stepDown
2019-06-13 18:32:02,316 INFO  impl.RoleInfo (RoleInfo.java:shutdownLeaderState(104)) - 4b5226b1-6f25-4224-9424-0618f7190562: shutdown LeaderState
2019-06-13 18:32:02,320 INFO  impl.LeaderElection (LeaderElection.java:logAndReturn(56)) - cc5c8bea-c0b3-40d9-bee6-c3127edf20f0:group-C15636AE46FB:LeaderElection38: Election REJECTED; received 0 response(s) [] and 0 exception(s); cc5c8bea-c0b3-40d9-bee6-c3127edf20f0:t2, leader=null, voted=cc5c8bea-c0b3-40d9-bee6-c3127edf20f0, raftlog=cc5c8bea-c0b3-40d9-bee6-c3127edf20f0-SegmentedRaftLog:OPENED:c-1,f-1,i0, conf=-1: [cc5c8bea-c0b3-40d9-bee6-c3127edf20f0:192.168.105.177:33435, 4b46b974-3b1e-4de2-965f-cb6dfaf3e8b4:192.168.105.177:45659, 4b5226b1-6f25-4224-9424-0618f7190562:192.168.105.177:46861], old=null
2019-06-13 18:32:02,321 WARN  server.GrpcLogAppender (GrpcLogAppender.java:mayWait(142)) - GrpcLogAppender(4b5226b1-6f25-4224-9424-0618f7190562 -> cc5c8bea-c0b3-40d9-bee6-c3127edf20f0): Wait interrupted by java.lang.InterruptedException
2019-06-13 18:32:02,321 INFO  impl.PendingRequests (PendingRequests.java:sendNotLeaderResponses(140)) - 4b5226b1-6f25-4224-9424-0618f7190562-PendingRequests: sendNotLeaderResponses
2019-06-13 18:32:02,321 INFO  server.GrpcServerProtocolService (GrpcServerProtocolService.java:onCompleted(104)) - cc5c8bea-c0b3-40d9-bee6-c3127edf20f0: appendEntries completed
2019-06-13 18:32:02,331 WARN  server.GrpcLogAppender (GrpcLogAppender.java:mayWait(142)) - GrpcLogAppender(4b5226b1-6f25-4224-9424-0618f7190562 -> 4b46b974-3b1e-4de2-965f-cb6dfaf3e8b4): Wait interrupted by java.lang.InterruptedException
2019-06-13 18:32:02,332 INFO  server.GrpcLogAppender (GrpcLogAppender.java:onCompleted(277)) - 4b5226b1-6f25-4224-9424-0618f7190562: follower 4b5226b1-6f25-4224-9424-0618f7190562->cc5c8bea-c0b3-40d9-bee6-c3127edf20f0(c-1,m0,n1, attendVote=true, lastRpcSendTime=17, lastRpcResponseTime=17) response Completed
2019-06-13 18:32:02,332 INFO  impl.FollowerInfo (FollowerInfo.java:lambda$new$0(50)) - 4b5226b1-6f25-4224-9424-0618f7190562->cc5c8bea-c0b3-40d9-bee6-c3127edf20f0: nextIndex: updateUnconditionally 1 -> 0
2019-06-13 18:32:02,333 INFO  server.GrpcServerProtocolService (GrpcServerProtocolService.java:onCompleted(104)) - 4b46b974-3b1e-4de2-965f-cb6dfaf3e8b4: appendEntries completed
2019-06-13 18:32:02,333 INFO  impl.RaftServerImpl (ServerState.java:setLeader(263)) - 4b46b974-3b1e-4de2-965f-cb6dfaf3e8b4:group-C15636AE46FB change Leader from 4b5226b1-6f25-4224-9424-0618f7190562 to null at term 2 for updateCurrentTerm
2019-06-13 18:32:02,333 INFO  impl.RaftServerImpl (RaftServerImpl.java:setRole(164)) - 4b46b974-3b1e-4de2-965f-cb6dfaf3e8b4:group-C15636AE46FB changes role from FOLLOWER to FOLLOWER at term 2 for recognizeCandidate:cc5c8bea-c0b3-40d9-bee6-c3127edf20f0
2019-06-13 18:32:02,334 INFO  impl.RoleInfo (RoleInfo.java:shutdownFollowerState(121)) - 4b46b974-3b1e-4de2-965f-cb6dfaf3e8b4: shutdown FollowerState
2019-06-13 18:32:02,334 INFO  impl.RoleInfo (RoleInfo.java:updateAndGet(143)) - 4b5226b1-6f25-4224-9424-0618f7190562: start FollowerState
2019-06-13 18:32:02,334 INFO  impl.FollowerState (FollowerState.java:run(109)) - 4b46b974-3b1e-4de2-965f-cb6dfaf3e8b4: FollowerState was interrupted: java.lang.InterruptedException: sleep interrupted
2019-06-13 18:32:02,334 INFO  impl.RoleInfo (RoleInfo.java:updateAndGet(143)) - 4b46b974-3b1e-4de2-965f-cb6dfaf3e8b4: start FollowerState
2019-06-13 18:32:02,334 INFO  server.GrpcLogAppender (GrpcLogAppender.java:onCompleted(277)) - 4b5226b1-6f25-4224-9424-0618f7190562: follower 4b5226b1-6f25-4224-9424-0618f7190562->4b46b974-3b1e-4de2-965f-cb6dfaf3e8b4(c-1,m0,n0, attendVote=true, lastRpcSendTime=3, lastRpcResponseTime=0) response Completed
2019-06-13 18:32:02,335 INFO  impl.FollowerInfo (FollowerInfo.java:lambda$new$0(50)) - 4b5226b1-6f25-4224-9424-0618f7190562->4b46b974-3b1e-4de2-965f-cb6dfaf3e8b4: nextIndex: updateUnconditionally 0 -> 0
2019-06-13 18:32:02,357 INFO  storage.RaftLogWorker (RaftLogWorker.java:execute(469)) - 4b5226b1-6f25-4224-9424-0618f7190562-RaftLogWorker: created new log segment /opt/src/hadoop-ozone/integration-test/target/test-dir/MiniOzoneClusterImpl-f2c748e5-adcb-4c4c-a654-eab58aa7afbf/datanode-2/data/ratis/eba4956c-405a-4993-b9d0-c15636ae46fb/current/log_inprogress_0
2019-06-13 18:32:02,359 INFO  impl.RaftServerImpl (RaftServerImpl.java:setRole(164)) - 4b5226b1-6f25-4224-9424-0618f7190562:group-C15636AE46FB changes role from FOLLOWER to FOLLOWER at term 2 for recognizeCandidate:cc5c8bea-c0b3-40d9-bee6-c3127edf20f0
2019-06-13 18:32:02,359 INFO  impl.RoleInfo (RoleInfo.java:shutdownFollowerState(121)) - 4b5226b1-6f25-4224-9424-0618f7190562: shutdown FollowerState
2019-06-13 18:32:02,359 INFO  impl.RoleInfo (RoleInfo.java:updateAndGet(143)) - 4b5226b1-6f25-4224-9424-0618f7190562: start FollowerState
2019-06-13 18:32:02,359 INFO  impl.FollowerState (FollowerState.java:run(109)) - 4b5226b1-6f25-4224-9424-0618f7190562: FollowerState was interrupted: java.lang.InterruptedException: sleep interrupted
2019-06-13 18:32:02,368 INFO  impl.FollowerState (FollowerState.java:run(101)) - 924a2b97-7af9-4173-92c8-fd07d287b72f:group-2329A26277FB changes to CANDIDATE, lastRpcTime:1038, electionTimeout:1038ms
2019-06-13 18:32:02,368 INFO  impl.RoleInfo (RoleInfo.java:shutdownFollowerState(121)) - 924a2b97-7af9-4173-92c8-fd07d287b72f: shutdown FollowerState
2019-06-13 18:32:02,368 INFO  impl.RaftServerImpl (RaftServerImpl.java:setRole(164)) - 924a2b97-7af9-4173-92c8-fd07d287b72f:group-2329A26277FB changes role from FOLLOWER to CANDIDATE at term 0 for changeToCandidate
2019-06-13 18:32:02,368 INFO  impl.RoleInfo (RoleInfo.java:updateAndGet(143)) - 924a2b97-7af9-4173-92c8-fd07d287b72f: start LeaderElection
2019-06-13 18:32:02,375 INFO  impl.LeaderElection (LeaderElection.java:askForVotes(181)) - 924a2b97-7af9-4173-92c8-fd07d287b72f:group-2329A26277FB:LeaderElection39: begin an election at term 1 for -1: [924a2b97-7af9-4173-92c8-fd07d287b72f:192.168.105.177:39053], old=null
2019-06-13 18:32:02,375 INFO  impl.RoleInfo (RoleInfo.java:shutdownLeaderElection(134)) - 924a2b97-7af9-4173-92c8-fd07d287b72f: shutdown LeaderElection
2019-06-13 18:32:02,375 INFO  impl.RaftServerImpl (RaftServerImpl.java:setRole(164)) - 924a2b97-7af9-4173-92c8-fd07d287b72f:group-2329A26277FB changes role from CANDIDATE to LEADER at term 1 for changeToLeader
2019-06-13 18:32:02,375 INFO  impl.RaftServerImpl (ServerState.java:setLeader(263)) - 924a2b97-7af9-4173-92c8-fd07d287b72f:group-2329A26277FB change Leader from null to 924a2b97-7af9-4173-92c8-fd07d287b72f at term 1 for becomeLeader, leader elected after 1047ms
2019-06-13 18:32:02,375 INFO  server.RaftServerConfigKeys (ConfUtils.java:logGet(43)) - raft.server.staging.catchup.gap = 1000 (default)
2019-06-13 18:32:02,375 INFO  server.RaftServerConfigKeys (ConfUtils.java:logGet(43)) - raft.server.rpc.sleep.time = 25ms (default)
2019-06-13 18:32:02,375 INFO  server.RaftServerConfigKeys (ConfUtils.java:logGet(43)) - raft.server.watch.timeout = 10s (default)
2019-06-13 18:32:02,375 INFO  server.RaftServerConfigKeys (ConfUtils.java:logGet(43)) - raft.server.watch.timeout.denomination = 1s (default)
2019-06-13 18:32:02,375 INFO  impl.RoleInfo (RoleInfo.java:updateAndGet(143)) - 924a2b97-7af9-4173-92c8-fd07d287b72f: start LeaderState
2019-06-13 18:32:02,376 INFO  storage.RaftLogWorker (RaftLogWorker.java:startLogSegment(298)) - 924a2b97-7af9-4173-92c8-fd07d287b72f-RaftLogWorker: Starting segment from index:0
2019-06-13 18:32:02,376 INFO  impl.RaftServerImpl (ServerState.java:setRaftConf(361)) - 924a2b97-7af9-4173-92c8-fd07d287b72f:group-2329A26277FB set configuration 0: [924a2b97-7af9-4173-92c8-fd07d287b72f:192.168.105.177:39053], old=null at 0
2019-06-13 18:32:02,412 INFO  storage.RaftLogWorker (RaftLogWorker.java:execute(469)) - 924a2b97-7af9-4173-92c8-fd07d287b72f-RaftLogWorker: created new log segment /opt/src/hadoop-ozone/integration-test/target/test-dir/MiniOzoneClusterImpl-f2c748e5-adcb-4c4c-a654-eab58aa7afbf/datanode-3/data/ratis/1d205361-4e89-4c5b-9d04-2329a26277fb/current/log_inprogress_0
2019-06-13 18:32:02,577 INFO  impl.FollowerState (FollowerState.java:run(101)) - 07a1d637-e59e-4439-8094-b47cc4d43729:group-2C41F92F6920 changes to CANDIDATE, lastRpcTime:1093, electionTimeout:1093ms
2019-06-13 18:32:02,577 INFO  impl.RoleInfo (RoleInfo.java:shutdownFollowerState(121)) - 07a1d637-e59e-4439-8094-b47cc4d43729: shutdown FollowerState
2019-06-13 18:32:02,578 INFO  impl.RaftServerImpl (RaftServerImpl.java:setRole(164)) - 07a1d637-e59e-4439-8094-b47cc4d43729:group-2C41F92F6920 changes role from FOLLOWER to CANDIDATE at term 0 for changeToCandidate
2019-06-13 18:32:02,578 INFO  impl.RoleInfo (RoleInfo.java:updateAndGet(143)) - 07a1d637-e59e-4439-8094-b47cc4d43729: start LeaderElection
2019-06-13 18:32:02,584 INFO  impl.LeaderElection (LeaderElection.java:askForVotes(181)) - 07a1d637-e59e-4439-8094-b47cc4d43729:group-2C41F92F6920:LeaderElection40: begin an election at term 1 for -1: [07a1d637-e59e-4439-8094-b47cc4d43729:192.168.105.177:33401], old=null
2019-06-13 18:32:02,584 INFO  impl.RoleInfo (RoleInfo.java:shutdownLeaderElection(134)) - 07a1d637-e59e-4439-8094-b47cc4d43729: shutdown LeaderElection
2019-06-13 18:32:02,584 INFO  impl.RaftServerImpl (RaftServerImpl.java:setRole(164)) - 07a1d637-e59e-4439-8094-b47cc4d43729:group-2C41F92F6920 changes role from CANDIDATE to LEADER at term 1 for changeToLeader
2019-06-13 18:32:02,584 INFO  impl.RaftServerImpl (ServerState.java:setLeader(263)) - 07a1d637-e59e-4439-8094-b47cc4d43729:group-2C41F92F6920 change Leader from null to 07a1d637-e59e-4439-8094-b47cc4d43729 at term 1 for becomeLeader, leader elected after 1101ms
2019-06-13 18:32:02,584 INFO  server.RaftServerConfigKeys (ConfUtils.java:logGet(43)) - raft.server.staging.catchup.gap = 1000 (default)
2019-06-13 18:32:02,584 INFO  server.RaftServerConfigKeys (ConfUtils.java:logGet(43)) - raft.server.rpc.sleep.time = 25ms (default)
2019-06-13 18:32:02,584 INFO  server.RaftServerConfigKeys (ConfUtils.java:logGet(43)) - raft.server.watch.timeout = 10s (default)
2019-06-13 18:32:02,584 INFO  server.RaftServerConfigKeys (ConfUtils.java:logGet(43)) - raft.server.watch.timeout.denomination = 1s (default)
2019-06-13 18:32:02,584 INFO  impl.RoleInfo (RoleInfo.java:updateAndGet(143)) - 07a1d637-e59e-4439-8094-b47cc4d43729: start LeaderState
2019-06-13 18:32:02,584 INFO  storage.RaftLogWorker (RaftLogWorker.java:startLogSegment(298)) - 07a1d637-e59e-4439-8094-b47cc4d43729-RaftLogWorker: Starting segment from index:0
2019-06-13 18:32:02,585 INFO  impl.RaftServerImpl (ServerState.java:setRaftConf(361)) - 07a1d637-e59e-4439-8094-b47cc4d43729:group-2C41F92F6920 set configuration 0: [07a1d637-e59e-4439-8094-b47cc4d43729:192.168.105.177:33401], old=null at 0
2019-06-13 18:32:02,621 INFO  storage.RaftLogWorker (RaftLogWorker.java:execute(469)) - 07a1d637-e59e-4439-8094-b47cc4d43729-RaftLogWorker: created new log segment /opt/src/hadoop-ozone/integration-test/target/test-dir/MiniOzoneClusterImpl-f2c748e5-adcb-4c4c-a654-eab58aa7afbf/datanode-4/data/ratis/1ee91143-e109-4c89-94e5-2c41f92f6920/current/log_inprogress_0
2019-06-13 18:32:02,685 INFO  impl.FollowerState (FollowerState.java:run(101)) - 2a287c03-ea00-4fbd-a382-5cf27d35ec1c:group-23F177B4AA86 changes to CANDIDATE, lastRpcTime:1012, electionTimeout:1012ms
2019-06-13 18:32:02,685 INFO  impl.RoleInfo (RoleInfo.java:shutdownFollowerState(121)) - 2a287c03-ea00-4fbd-a382-5cf27d35ec1c: shutdown FollowerState
2019-06-13 18:32:02,685 INFO  impl.RaftServerImpl (RaftServerImpl.java:setRole(164)) - 2a287c03-ea00-4fbd-a382-5cf27d35ec1c:group-23F177B4AA86 changes role from FOLLOWER to CANDIDATE at term 0 for changeToCandidate
2019-06-13 18:32:02,685 INFO  impl.RoleInfo (RoleInfo.java:updateAndGet(143)) - 2a287c03-ea00-4fbd-a382-5cf27d35ec1c: start LeaderElection
2019-06-13 18:32:02,691 INFO  impl.LeaderElection (LeaderElection.java:askForVotes(181)) - 2a287c03-ea00-4fbd-a382-5cf27d35ec1c:group-23F177B4AA86:LeaderElection41: begin an election at term 1 for -1: [2a287c03-ea00-4fbd-a382-5cf27d35ec1c:192.168.105.177:35489], old=null
2019-06-13 18:32:02,691 INFO  impl.RoleInfo (RoleInfo.java:shutdownLeaderElection(134)) - 2a287c03-ea00-4fbd-a382-5cf27d35ec1c: shutdown LeaderElection
2019-06-13 18:32:02,691 INFO  impl.RaftServerImpl (RaftServerImpl.java:setRole(164)) - 2a287c03-ea00-4fbd-a382-5cf27d35ec1c:group-23F177B4AA86 changes role from CANDIDATE to LEADER at term 1 for changeToLeader
2019-06-13 18:32:02,691 INFO  impl.RaftServerImpl (ServerState.java:setLeader(263)) - 2a287c03-ea00-4fbd-a382-5cf27d35ec1c:group-23F177B4AA86 change Leader from null to 2a287c03-ea00-4fbd-a382-5cf27d35ec1c at term 1 for becomeLeader, leader elected after 1020ms
2019-06-13 18:32:02,691 INFO  server.RaftServerConfigKeys (ConfUtils.java:logGet(43)) - raft.server.staging.catchup.gap = 1000 (default)
2019-06-13 18:32:02,691 INFO  server.RaftServerConfigKeys (ConfUtils.java:logGet(43)) - raft.server.rpc.sleep.time = 25ms (default)
2019-06-13 18:32:02,691 INFO  server.RaftServerConfigKeys (ConfUtils.java:logGet(43)) - raft.server.watch.timeout = 10s (default)
2019-06-13 18:32:02,691 INFO  server.RaftServerConfigKeys (ConfUtils.java:logGet(43)) - raft.server.watch.timeout.denomination = 1s (default)
2019-06-13 18:32:02,691 INFO  impl.RoleInfo (RoleInfo.java:updateAndGet(143)) - 2a287c03-ea00-4fbd-a382-5cf27d35ec1c: start LeaderState
2019-06-13 18:32:02,692 INFO  storage.RaftLogWorker (RaftLogWorker.java:startLogSegment(298)) - 2a287c03-ea00-4fbd-a382-5cf27d35ec1c-RaftLogWorker: Starting segment from index:0
2019-06-13 18:32:02,692 INFO  impl.RaftServerImpl (ServerState.java:setRaftConf(361)) - 2a287c03-ea00-4fbd-a382-5cf27d35ec1c:group-23F177B4AA86 set configuration 0: [2a287c03-ea00-4fbd-a382-5cf27d35ec1c:192.168.105.177:35489], old=null at 0
2019-06-13 18:32:02,719 INFO  impl.FollowerState (FollowerState.java:run(101)) - 2a287c03-ea00-4fbd-a382-5cf27d35ec1c:group-7882DC9AB93E changes to CANDIDATE, lastRpcTime:1019, electionTimeout:1019ms
2019-06-13 18:32:02,719 INFO  impl.RoleInfo (RoleInfo.java:shutdownFollowerState(121)) - 2a287c03-ea00-4fbd-a382-5cf27d35ec1c: shutdown FollowerState
2019-06-13 18:32:02,719 INFO  impl.RaftServerImpl (RaftServerImpl.java:setRole(164)) - 2a287c03-ea00-4fbd-a382-5cf27d35ec1c:group-7882DC9AB93E changes role from FOLLOWER to CANDIDATE at term 0 for changeToCandidate
2019-06-13 18:32:02,719 INFO  impl.RoleInfo (RoleInfo.java:updateAndGet(143)) - 2a287c03-ea00-4fbd-a382-5cf27d35ec1c: start LeaderElection
2019-06-13 18:32:02,731 INFO  storage.RaftLogWorker (RaftLogWorker.java:execute(469)) - 2a287c03-ea00-4fbd-a382-5cf27d35ec1c-RaftLogWorker: created new log segment /opt/src/hadoop-ozone/integration-test/target/test-dir/MiniOzoneClusterImpl-f2c748e5-adcb-4c4c-a654-eab58aa7afbf/datanode-5/data/ratis/f199e85a-d134-4ca6-bbf2-23f177b4aa86/current/log_inprogress_0
2019-06-13 18:32:02,732 INFO  impl.LeaderElection (LeaderElection.java:askForVotes(181)) - 2a287c03-ea00-4fbd-a382-5cf27d35ec1c:group-7882DC9AB93E:LeaderElection42: begin an election at term 1 for -1: [924a2b97-7af9-4173-92c8-fd07d287b72f:192.168.105.177:39053, 07a1d637-e59e-4439-8094-b47cc4d43729:192.168.105.177:33401, 2a287c03-ea00-4fbd-a382-5cf27d35ec1c:192.168.105.177:35489], old=null
2019-06-13 18:32:02,738 INFO  impl.RaftServerImpl (RaftServerImpl.java:setRole(164)) - 07a1d637-e59e-4439-8094-b47cc4d43729:group-7882DC9AB93E changes role from FOLLOWER to FOLLOWER at term 1 for recognizeCandidate:2a287c03-ea00-4fbd-a382-5cf27d35ec1c
2019-06-13 18:32:02,738 INFO  impl.RoleInfo (RoleInfo.java:shutdownFollowerState(121)) - 07a1d637-e59e-4439-8094-b47cc4d43729: shutdown FollowerState
2019-06-13 18:32:02,738 INFO  impl.RoleInfo (RoleInfo.java:updateAndGet(143)) - 07a1d637-e59e-4439-8094-b47cc4d43729: start FollowerState
2019-06-13 18:32:02,738 INFO  impl.FollowerState (FollowerState.java:run(109)) - 07a1d637-e59e-4439-8094-b47cc4d43729: FollowerState was interrupted: java.lang.InterruptedException: sleep interrupted
2019-06-13 18:32:02,741 INFO  impl.RaftServerImpl (RaftServerImpl.java:setRole(164)) - 924a2b97-7af9-4173-92c8-fd07d287b72f:group-7882DC9AB93E changes role from FOLLOWER to FOLLOWER at term 1 for recognizeCandidate:2a287c03-ea00-4fbd-a382-5cf27d35ec1c
2019-06-13 18:32:02,741 INFO  impl.RoleInfo (RoleInfo.java:shutdownFollowerState(121)) - 924a2b97-7af9-4173-92c8-fd07d287b72f: shutdown FollowerState
2019-06-13 18:32:02,741 INFO  impl.RoleInfo (RoleInfo.java:updateAndGet(143)) - 924a2b97-7af9-4173-92c8-fd07d287b72f: start FollowerState
2019-06-13 18:32:02,741 INFO  impl.FollowerState (FollowerState.java:run(109)) - 924a2b97-7af9-4173-92c8-fd07d287b72f: FollowerState was interrupted: java.lang.InterruptedException: sleep interrupted
2019-06-13 18:32:02,741 INFO  impl.LeaderElection (LeaderElection.java:logAndReturn(56)) - 2a287c03-ea00-4fbd-a382-5cf27d35ec1c:group-7882DC9AB93E:LeaderElection42: Election PASSED; received 1 response(s) [2a287c03-ea00-4fbd-a382-5cf27d35ec1c->07a1d637-e59e-4439-8094-b47cc4d43729,true-t1] and 0 exception(s); 2a287c03-ea00-4fbd-a382-5cf27d35ec1c:t1, leader=null, voted=2a287c03-ea00-4fbd-a382-5cf27d35ec1c, raftlog=2a287c03-ea00-4fbd-a382-5cf27d35ec1c-SegmentedRaftLog:OPENED:c-1,f-1,i0, conf=-1: [924a2b97-7af9-4173-92c8-fd07d287b72f:192.168.105.177:39053, 07a1d637-e59e-4439-8094-b47cc4d43729:192.168.105.177:33401, 2a287c03-ea00-4fbd-a382-5cf27d35ec1c:192.168.105.177:35489], old=null
2019-06-13 18:32:02,741 INFO  impl.RoleInfo (RoleInfo.java:shutdownLeaderElection(134)) - 2a287c03-ea00-4fbd-a382-5cf27d35ec1c: shutdown LeaderElection
2019-06-13 18:32:02,742 INFO  impl.RaftServerImpl (RaftServerImpl.java:setRole(164)) - 2a287c03-ea00-4fbd-a382-5cf27d35ec1c:group-7882DC9AB93E changes role from CANDIDATE to LEADER at term 1 for changeToLeader
2019-06-13 18:32:02,742 INFO  impl.RaftServerImpl (ServerState.java:setLeader(263)) - 2a287c03-ea00-4fbd-a382-5cf27d35ec1c:group-7882DC9AB93E change Leader from null to 2a287c03-ea00-4fbd-a382-5cf27d35ec1c at term 1 for becomeLeader, leader elected after 1045ms
2019-06-13 18:32:02,742 INFO  server.RaftServerConfigKeys (ConfUtils.java:logGet(43)) - raft.server.staging.catchup.gap = 1000 (default)
2019-06-13 18:32:02,742 INFO  server.RaftServerConfigKeys (ConfUtils.java:logGet(43)) - raft.server.rpc.sleep.time = 25ms (default)
2019-06-13 18:32:02,742 INFO  server.RaftServerConfigKeys (ConfUtils.java:logGet(43)) - raft.server.watch.timeout = 10s (default)
2019-06-13 18:32:02,742 INFO  server.RaftServerConfigKeys (ConfUtils.java:logGet(43)) - raft.server.watch.timeout.denomination = 1s (default)
2019-06-13 18:32:02,742 INFO  server.RaftServerConfigKeys (ConfUtils.java:logGet(43)) - raft.server.log.appender.snapshot.chunk.size.max = 16MB (=16777216) (default)
2019-06-13 18:32:02,742 INFO  server.RaftServerConfigKeys (ConfUtils.java:logGet(43)) - raft.server.log.appender.buffer.byte-limit = 33554432 (custom)
2019-06-13 18:32:02,742 INFO  server.RaftServerConfigKeys (ConfUtils.java:logGet(43)) - raft.server.log.appender.buffer.element-limit = 1 (custom)
2019-06-13 18:32:02,742 INFO  grpc.GrpcConfigKeys$Server (ConfUtils.java:logGet(43)) - raft.grpc.server.leader.outstanding.appends.max = 128 (default)
2019-06-13 18:32:02,742 INFO  server.RaftServerConfigKeys (ConfUtils.java:logGet(43)) - raft.server.rpc.request.timeout = 3000ms (default)
2019-06-13 18:32:02,743 INFO  server.RaftServerConfigKeys (ConfUtils.java:logGet(43)) - raft.server.log.appender.install.snapshot.enabled = true (default)
2019-06-13 18:32:02,743 INFO  server.RaftServerConfigKeys (ConfUtils.java:logGet(43)) - raft.server.log.appender.snapshot.chunk.size.max = 16MB (=16777216) (default)
2019-06-13 18:32:02,743 INFO  server.RaftServerConfigKeys (ConfUtils.java:logGet(43)) - raft.server.log.appender.buffer.byte-limit = 33554432 (custom)
2019-06-13 18:32:02,743 INFO  server.RaftServerConfigKeys (ConfUtils.java:logGet(43)) - raft.server.log.appender.buffer.element-limit = 1 (custom)
2019-06-13 18:32:02,743 INFO  grpc.GrpcConfigKeys$Server (ConfUtils.java:logGet(43)) - raft.grpc.server.leader.outstanding.appends.max = 128 (default)
2019-06-13 18:32:02,743 INFO  server.RaftServerConfigKeys (ConfUtils.java:logGet(43)) - raft.server.rpc.request.timeout = 3000ms (default)
2019-06-13 18:32:02,743 INFO  server.RaftServerConfigKeys (ConfUtils.java:logGet(43)) - raft.server.log.appender.install.snapshot.enabled = true (default)
2019-06-13 18:32:02,743 INFO  impl.RoleInfo (RoleInfo.java:updateAndGet(143)) - 2a287c03-ea00-4fbd-a382-5cf27d35ec1c: start LeaderState
2019-06-13 18:32:02,743 INFO  storage.RaftLogWorker (RaftLogWorker.java:startLogSegment(298)) - 2a287c03-ea00-4fbd-a382-5cf27d35ec1c-RaftLogWorker: Starting segment from index:0
2019-06-13 18:32:02,745 INFO  impl.RaftServerImpl (ServerState.java:setRaftConf(361)) - 2a287c03-ea00-4fbd-a382-5cf27d35ec1c:group-7882DC9AB93E set configuration 0: [924a2b97-7af9-4173-92c8-fd07d287b72f:192.168.105.177:39053, 07a1d637-e59e-4439-8094-b47cc4d43729:192.168.105.177:33401, 2a287c03-ea00-4fbd-a382-5cf27d35ec1c:192.168.105.177:35489], old=null at 0
2019-06-13 18:32:02,763 INFO  impl.RaftServerImpl (ServerState.java:setLeader(263)) - 924a2b97-7af9-4173-92c8-fd07d287b72f:group-7882DC9AB93E change Leader from null to 2a287c03-ea00-4fbd-a382-5cf27d35ec1c at term 1 for appendEntries, leader elected after 1067ms
2019-06-13 18:32:02,783 INFO  impl.RaftServerImpl (ServerState.java:setLeader(263)) - 07a1d637-e59e-4439-8094-b47cc4d43729:group-7882DC9AB93E change Leader from null to 2a287c03-ea00-4fbd-a382-5cf27d35ec1c at term 1 for appendEntries, leader elected after 1086ms
2019-06-13 18:32:02,784 INFO  impl.RaftServerImpl (ServerState.java:setRaftConf(361)) - 924a2b97-7af9-4173-92c8-fd07d287b72f:group-7882DC9AB93E set configuration 0: [924a2b97-7af9-4173-92c8-fd07d287b72f:192.168.105.177:39053, 07a1d637-e59e-4439-8094-b47cc4d43729:192.168.105.177:33401, 2a287c03-ea00-4fbd-a382-5cf27d35ec1c:192.168.105.177:35489], old=null at 0
2019-06-13 18:32:02,784 INFO  storage.RaftLogWorker (RaftLogWorker.java:startLogSegment(298)) - 924a2b97-7af9-4173-92c8-fd07d287b72f-RaftLogWorker: Starting segment from index:0
2019-06-13 18:32:02,785 INFO  storage.RaftLogWorker (RaftLogWorker.java:execute(469)) - 2a287c03-ea00-4fbd-a382-5cf27d35ec1c-RaftLogWorker: created new log segment /opt/src/hadoop-ozone/integration-test/target/test-dir/MiniOzoneClusterImpl-f2c748e5-adcb-4c4c-a654-eab58aa7afbf/datanode-5/data/ratis/5d6aa063-69b3-49a5-8b1b-7882dc9ab93e/current/log_inprogress_0
2019-06-13 18:32:02,786 INFO  impl.RaftServerImpl (ServerState.java:setRaftConf(361)) - 07a1d637-e59e-4439-8094-b47cc4d43729:group-7882DC9AB93E set configuration 0: [924a2b97-7af9-4173-92c8-fd07d287b72f:192.168.105.177:39053, 07a1d637-e59e-4439-8094-b47cc4d43729:192.168.105.177:33401, 2a287c03-ea00-4fbd-a382-5cf27d35ec1c:192.168.105.177:35489], old=null at 0
2019-06-13 18:32:02,786 INFO  storage.RaftLogWorker (RaftLogWorker.java:startLogSegment(298)) - 07a1d637-e59e-4439-8094-b47cc4d43729-RaftLogWorker: Starting segment from index:0
2019-06-13 18:32:02,799 INFO  ozone.MiniOzoneClusterImpl (MiniOzoneClusterImpl.java:lambda$waitForClusterToBeReady$0(142)) - Cluster is ready. Got 7 of 7 DN Heartbeats.
2019-06-13 18:32:02,841 INFO  storage.RaftLogWorker (RaftLogWorker.java:execute(469)) - 07a1d637-e59e-4439-8094-b47cc4d43729-RaftLogWorker: created new log segment /opt/src/hadoop-ozone/integration-test/target/test-dir/MiniOzoneClusterImpl-f2c748e5-adcb-4c4c-a654-eab58aa7afbf/datanode-4/data/ratis/5d6aa063-69b3-49a5-8b1b-7882dc9ab93e/current/log_inprogress_0
2019-06-13 18:32:02,841 INFO  storage.RaftLogWorker (RaftLogWorker.java:execute(469)) - 924a2b97-7af9-4173-92c8-fd07d287b72f-RaftLogWorker: created new log segment /opt/src/hadoop-ozone/integration-test/target/test-dir/MiniOzoneClusterImpl-f2c748e5-adcb-4c4c-a654-eab58aa7afbf/datanode-3/data/ratis/5d6aa063-69b3-49a5-8b1b-7882dc9ab93e/current/log_inprogress_0
2019-06-13 18:32:02,856 INFO  rpc.RpcClient (RpcClient.java:createVolume(289)) - Creating Volume: watchforcommithandlingtest, with root as owner.
2019-06-13 18:32:02,865 INFO  rpc.RpcClient (RpcClient.java:createBucket(426)) - Creating Bucket: watchforcommithandlingtest/watchforcommithandlingtest, with Versioning false and Storage Type set to DISK and Encryption set to false 
2019-06-13 18:32:02,869 INFO  ozone.MiniOzoneClusterImpl (MiniOzoneClusterImpl.java:getStorageContainerLocationClient(241)) - Creating StorageContainerLocationProtocol RPC client with address /0.0.0.0:40177
2019-06-13 18:32:02,878 INFO  client.GrpcClientProtocolClient (GrpcClientProtocolClient.java:onNext(254)) - client-B42B55308253->4b5226b1-6f25-4224-9424-0618f7190562: receive RaftClientReply:client-B42B55308253->4b5226b1-6f25-4224-9424-0618f7190562@group-C15636AE46FB, cid=66, FAILED org.apache.ratis.protocol.NotLeaderException: Server 4b5226b1-6f25-4224-9424-0618f7190562 is not the leader (4b46b974-3b1e-4de2-965f-cb6dfaf3e8b4:192.168.105.177:45659). Request must be sent to leader., logIndex=0, commits[4b5226b1-6f25-4224-9424-0618f7190562:c-1, cc5c8bea-c0b3-40d9-bee6-c3127edf20f0:c-1, 4b46b974-3b1e-4de2-965f-cb6dfaf3e8b4:c-1]
2019-06-13 18:32:02,879 INFO  impl.FollowerState (FollowerState.java:run(101)) - 0179da86-860c-44c8-a155-135d6146c9b5:group-EEC487BF5C00 changes to CANDIDATE, lastRpcTime:1054, electionTimeout:1049ms
2019-06-13 18:32:02,881 INFO  impl.RoleInfo (RoleInfo.java:shutdownFollowerState(121)) - 0179da86-860c-44c8-a155-135d6146c9b5: shutdown FollowerState
2019-06-13 18:32:02,881 INFO  impl.RaftServerImpl (RaftServerImpl.java:setRole(164)) - 0179da86-860c-44c8-a155-135d6146c9b5:group-EEC487BF5C00 changes role from FOLLOWER to CANDIDATE at term 0 for changeToCandidate
2019-06-13 18:32:02,881 INFO  impl.RoleInfo (RoleInfo.java:updateAndGet(143)) - 0179da86-860c-44c8-a155-135d6146c9b5: start LeaderElection
2019-06-13 18:32:02,888 WARN  client.GrpcClientProtocolService (LogUtils.java:warn(134)) - 0-OrderedRequestStreamObserver0: onError: org.apache.ratis.thirdparty.io.grpc.StatusRuntimeException: CANCELLED: cancelled before receiving half close
2019-06-13 18:32:02,892 INFO  impl.LeaderElection (LeaderElection.java:askForVotes(181)) - 0179da86-860c-44c8-a155-135d6146c9b5:group-EEC487BF5C00:LeaderElection43: begin an election at term 1 for -1: [0179da86-860c-44c8-a155-135d6146c9b5:192.168.105.177:37039], old=null
2019-06-13 18:32:02,892 INFO  impl.RoleInfo (RoleInfo.java:shutdownLeaderElection(134)) - 0179da86-860c-44c8-a155-135d6146c9b5: shutdown LeaderElection
2019-06-13 18:32:02,892 INFO  impl.RaftServerImpl (RaftServerImpl.java:setRole(164)) - 0179da86-860c-44c8-a155-135d6146c9b5:group-EEC487BF5C00 changes role from CANDIDATE to LEADER at term 1 for changeToLeader
2019-06-13 18:32:02,892 INFO  impl.RaftServerImpl (ServerState.java:setLeader(263)) - 0179da86-860c-44c8-a155-135d6146c9b5:group-EEC487BF5C00 change Leader from null to 0179da86-860c-44c8-a155-135d6146c9b5 at term 1 for becomeLeader, leader elected after 1069ms
2019-06-13 18:32:02,892 INFO  server.RaftServerConfigKeys (ConfUtils.java:logGet(43)) - raft.server.staging.catchup.gap = 1000 (default)
2019-06-13 18:32:02,893 INFO  server.RaftServerConfigKeys (ConfUtils.java:logGet(43)) - raft.server.rpc.sleep.time = 25ms (default)
2019-06-13 18:32:02,893 INFO  server.RaftServerConfigKeys (ConfUtils.java:logGet(43)) - raft.server.watch.timeout = 10s (default)
2019-06-13 18:32:02,893 INFO  server.RaftServerConfigKeys (ConfUtils.java:logGet(43)) - raft.server.watch.timeout.denomination = 1s (default)
2019-06-13 18:32:02,893 INFO  impl.RoleInfo (RoleInfo.java:updateAndGet(143)) - 0179da86-860c-44c8-a155-135d6146c9b5: start LeaderState
2019-06-13 18:32:02,893 INFO  storage.RaftLogWorker (RaftLogWorker.java:startLogSegment(298)) - 0179da86-860c-44c8-a155-135d6146c9b5-RaftLogWorker: Starting segment from index:0
2019-06-13 18:32:02,893 INFO  impl.RaftServerImpl (ServerState.java:setRaftConf(361)) - 0179da86-860c-44c8-a155-135d6146c9b5:group-EEC487BF5C00 set configuration 0: [0179da86-860c-44c8-a155-135d6146c9b5:192.168.105.177:37039], old=null at 0
2019-06-13 18:32:02,928 INFO  storage.RaftLogWorker (RaftLogWorker.java:execute(469)) - 0179da86-860c-44c8-a155-135d6146c9b5-RaftLogWorker: created new log segment /opt/src/hadoop-ozone/integration-test/target/test-dir/MiniOzoneClusterImpl-f2c748e5-adcb-4c4c-a654-eab58aa7afbf/datanode-6/data/ratis/1e98e224-38c4-4bcc-ab14-eec487bf5c00/current/log_inprogress_0
2019-06-13 18:32:03,481 INFO  impl.FollowerState (FollowerState.java:run(101)) - 4b46b974-3b1e-4de2-965f-cb6dfaf3e8b4:group-C15636AE46FB changes to CANDIDATE, lastRpcTime:1147, electionTimeout:1123ms
2019-06-13 18:32:03,481 INFO  impl.RoleInfo (RoleInfo.java:shutdownFollowerState(121)) - 4b46b974-3b1e-4de2-965f-cb6dfaf3e8b4: shutdown FollowerState
2019-06-13 18:32:03,481 INFO  impl.RaftServerImpl (RaftServerImpl.java:setRole(164)) - 4b46b974-3b1e-4de2-965f-cb6dfaf3e8b4:group-C15636AE46FB changes role from FOLLOWER to CANDIDATE at term 2 for changeToCandidate
2019-06-13 18:32:03,481 INFO  impl.RoleInfo (RoleInfo.java:updateAndGet(143)) - 4b46b974-3b1e-4de2-965f-cb6dfaf3e8b4: start LeaderElection
2019-06-13 18:32:03,484 INFO  impl.LeaderElection (LeaderElection.java:askForVotes(181)) - 4b46b974-3b1e-4de2-965f-cb6dfaf3e8b4:group-C15636AE46FB:LeaderElection44: begin an election at term 3 for -1: [cc5c8bea-c0b3-40d9-bee6-c3127edf20f0:192.168.105.177:33435, 4b46b974-3b1e-4de2-965f-cb6dfaf3e8b4:192.168.105.177:45659, 4b5226b1-6f25-4224-9424-0618f7190562:192.168.105.177:46861], old=null
2019-06-13 18:32:03,489 INFO  impl.FollowerState (FollowerState.java:run(101)) - cc5c8bea-c0b3-40d9-bee6-c3127edf20f0:group-C15636AE46FB changes to CANDIDATE, lastRpcTime:1182, electionTimeout:1181ms
2019-06-13 18:32:03,489 INFO  impl.RoleInfo (RoleInfo.java:shutdownFollowerState(121)) - cc5c8bea-c0b3-40d9-bee6-c3127edf20f0: shutdown FollowerState
2019-06-13 18:32:03,489 INFO  impl.RaftServerImpl (RaftServerImpl.java:setRole(164)) - cc5c8bea-c0b3-40d9-bee6-c3127edf20f0:group-C15636AE46FB changes role from FOLLOWER to CANDIDATE at term 2 for changeToCandidate
2019-06-13 18:32:03,489 INFO  impl.RoleInfo (RoleInfo.java:updateAndGet(143)) - cc5c8bea-c0b3-40d9-bee6-c3127edf20f0: start LeaderElection
2019-06-13 18:32:03,490 INFO  impl.RaftServerImpl (RaftServerImpl.java:setRole(164)) - 4b5226b1-6f25-4224-9424-0618f7190562:group-C15636AE46FB changes role from FOLLOWER to FOLLOWER at term 3 for recognizeCandidate:4b46b974-3b1e-4de2-965f-cb6dfaf3e8b4
2019-06-13 18:32:03,490 INFO  impl.RoleInfo (RoleInfo.java:shutdownFollowerState(121)) - 4b5226b1-6f25-4224-9424-0618f7190562: shutdown FollowerState
2019-06-13 18:32:03,490 INFO  impl.RoleInfo (RoleInfo.java:updateAndGet(143)) - 4b5226b1-6f25-4224-9424-0618f7190562: start FollowerState
2019-06-13 18:32:03,490 INFO  impl.FollowerState (FollowerState.java:run(109)) - 4b5226b1-6f25-4224-9424-0618f7190562: FollowerState was interrupted: java.lang.InterruptedException: sleep interrupted
2019-06-13 18:32:03,492 INFO  impl.LeaderElection (LeaderElection.java:askForVotes(181)) - cc5c8bea-c0b3-40d9-bee6-c3127edf20f0:group-C15636AE46FB:LeaderElection45: begin an election at term 3 for -1: [cc5c8bea-c0b3-40d9-bee6-c3127edf20f0:192.168.105.177:33435, 4b46b974-3b1e-4de2-965f-cb6dfaf3e8b4:192.168.105.177:45659, 4b5226b1-6f25-4224-9424-0618f7190562:192.168.105.177:46861], old=null
2019-06-13 18:32:03,494 INFO  impl.RaftServerImpl (RaftServerImpl.java:setRole(164)) - 4b5226b1-6f25-4224-9424-0618f7190562:group-C15636AE46FB changes role from FOLLOWER to FOLLOWER at term 3 for recognizeCandidate:cc5c8bea-c0b3-40d9-bee6-c3127edf20f0
2019-06-13 18:32:03,494 INFO  impl.RoleInfo (RoleInfo.java:shutdownFollowerState(121)) - 4b5226b1-6f25-4224-9424-0618f7190562: shutdown FollowerState
2019-06-13 18:32:03,494 INFO  impl.RoleInfo (RoleInfo.java:updateAndGet(143)) - 4b5226b1-6f25-4224-9424-0618f7190562: start FollowerState
2019-06-13 18:32:03,494 INFO  impl.FollowerState (FollowerState.java:run(109)) - 4b5226b1-6f25-4224-9424-0618f7190562: FollowerState was interrupted: java.lang.InterruptedException: sleep interrupted
2019-06-13 18:32:03,495 INFO  impl.LeaderElection (LeaderElection.java:logAndReturn(56)) - 4b46b974-3b1e-4de2-965f-cb6dfaf3e8b4:group-C15636AE46FB:LeaderElection44: Election REJECTED; received 2 response(s) [4b46b974-3b1e-4de2-965f-cb6dfaf3e8b4->cc5c8bea-c0b3-40d9-bee6-c3127edf20f0,false-t3, 4b46b974-3b1e-4de2-965f-cb6dfaf3e8b4->4b5226b1-6f25-4224-9424-0618f7190562,false-t3] and 0 exception(s); 4b46b974-3b1e-4de2-965f-cb6dfaf3e8b4:t3, leader=null, voted=4b46b974-3b1e-4de2-965f-cb6dfaf3e8b4, raftlog=4b46b974-3b1e-4de2-965f-cb6dfaf3e8b4-SegmentedRaftLog:OPENED:c-1,f-1,i0, conf=-1: [cc5c8bea-c0b3-40d9-bee6-c3127edf20f0:192.168.105.177:33435, 4b46b974-3b1e-4de2-965f-cb6dfaf3e8b4:192.168.105.177:45659, 4b5226b1-6f25-4224-9424-0618f7190562:192.168.105.177:46861], old=null
2019-06-13 18:32:03,495 INFO  impl.RaftServerImpl (RaftServerImpl.java:setRole(164)) - 4b46b974-3b1e-4de2-965f-cb6dfaf3e8b4:group-C15636AE46FB changes role from CANDIDATE to FOLLOWER at term 3 for DISCOVERED_A_NEW_TERM
2019-06-13 18:32:03,495 INFO  impl.RoleInfo (RoleInfo.java:shutdownLeaderElection(134)) - 4b46b974-3b1e-4de2-965f-cb6dfaf3e8b4: shutdown LeaderElection
2019-06-13 18:32:03,495 INFO  impl.RoleInfo (RoleInfo.java:updateAndGet(143)) - 4b46b974-3b1e-4de2-965f-cb6dfaf3e8b4: start FollowerState
2019-06-13 18:32:03,495 INFO  impl.LeaderElection (LeaderElection.java:logAndReturn(56)) - cc5c8bea-c0b3-40d9-bee6-c3127edf20f0:group-C15636AE46FB:LeaderElection45: Election REJECTED; received 2 response(s) [cc5c8bea-c0b3-40d9-bee6-c3127edf20f0->4b46b974-3b1e-4de2-965f-cb6dfaf3e8b4,false-t3, cc5c8bea-c0b3-40d9-bee6-c3127edf20f0->4b5226b1-6f25-4224-9424-0618f7190562,false-t3] and 0 exception(s); cc5c8bea-c0b3-40d9-bee6-c3127edf20f0:t3, leader=null, voted=cc5c8bea-c0b3-40d9-bee6-c3127edf20f0, raftlog=cc5c8bea-c0b3-40d9-bee6-c3127edf20f0-SegmentedRaftLog:OPENED:c-1,f-1,i0, conf=-1: [cc5c8bea-c0b3-40d9-bee6-c3127edf20f0:192.168.105.177:33435, 4b46b974-3b1e-4de2-965f-cb6dfaf3e8b4:192.168.105.177:45659, 4b5226b1-6f25-4224-9424-0618f7190562:192.168.105.177:46861], old=null
2019-06-13 18:32:03,496 INFO  impl.RaftServerImpl (RaftServerImpl.java:setRole(164)) - cc5c8bea-c0b3-40d9-bee6-c3127edf20f0:group-C15636AE46FB changes role from CANDIDATE to FOLLOWER at term 3 for DISCOVERED_A_NEW_TERM
2019-06-13 18:32:03,496 INFO  impl.RoleInfo (RoleInfo.java:shutdownLeaderElection(134)) - cc5c8bea-c0b3-40d9-bee6-c3127edf20f0: shutdown LeaderElection
2019-06-13 18:32:03,496 INFO  impl.RoleInfo (RoleInfo.java:updateAndGet(143)) - cc5c8bea-c0b3-40d9-bee6-c3127edf20f0: start FollowerState
2019-06-13 18:32:03,893 INFO  client.GrpcClientProtocolClient (GrpcClientProtocolClient.java:onNext(254)) - client-B42B55308253->4b46b974-3b1e-4de2-965f-cb6dfaf3e8b4: receive RaftClientReply:client-B42B55308253->4b46b974-3b1e-4de2-965f-cb6dfaf3e8b4@group-C15636AE46FB, cid=66, FAILED org.apache.ratis.protocol.NotLeaderException: Server 4b46b974-3b1e-4de2-965f-cb6dfaf3e8b4 is not the leader (4b5226b1-6f25-4224-9424-0618f7190562:192.168.105.177:46861). Request must be sent to leader., logIndex=0, commits[4b46b974-3b1e-4de2-965f-cb6dfaf3e8b4:c-1, cc5c8bea-c0b3-40d9-bee6-c3127edf20f0:c-1, 4b5226b1-6f25-4224-9424-0618f7190562:c-1]
2019-06-13 18:32:03,896 WARN  client.GrpcClientProtocolService (LogUtils.java:warn(134)) - 0-OrderedRequestStreamObserver0: onError: org.apache.ratis.thirdparty.io.grpc.StatusRuntimeException: CANCELLED: cancelled before receiving half close
2019-06-13 18:32:04,535 INFO  impl.FollowerState (FollowerState.java:run(101)) - 4b46b974-3b1e-4de2-965f-cb6dfaf3e8b4:group-C15636AE46FB changes to CANDIDATE, lastRpcTime:1040, electionTimeout:1039ms
2019-06-13 18:32:04,535 INFO  impl.RoleInfo (RoleInfo.java:shutdownFollowerState(121)) - 4b46b974-3b1e-4de2-965f-cb6dfaf3e8b4: shutdown FollowerState
2019-06-13 18:32:04,535 INFO  impl.RaftServerImpl (RaftServerImpl.java:setRole(164)) - 4b46b974-3b1e-4de2-965f-cb6dfaf3e8b4:group-C15636AE46FB changes role from FOLLOWER to CANDIDATE at term 3 for changeToCandidate
2019-06-13 18:32:04,535 INFO  impl.RoleInfo (RoleInfo.java:updateAndGet(143)) - 4b46b974-3b1e-4de2-965f-cb6dfaf3e8b4: start LeaderElection
2019-06-13 18:32:04,538 INFO  impl.LeaderElection (LeaderElection.java:askForVotes(181)) - 4b46b974-3b1e-4de2-965f-cb6dfaf3e8b4:group-C15636AE46FB:LeaderElection46: begin an election at term 4 for -1: [cc5c8bea-c0b3-40d9-bee6-c3127edf20f0:192.168.105.177:33435, 4b46b974-3b1e-4de2-965f-cb6dfaf3e8b4:192.168.105.177:45659, 4b5226b1-6f25-4224-9424-0618f7190562:192.168.105.177:46861], old=null
2019-06-13 18:32:04,540 INFO  impl.RaftServerImpl (RaftServerImpl.java:setRole(164)) - 4b5226b1-6f25-4224-9424-0618f7190562:group-C15636AE46FB changes role from FOLLOWER to FOLLOWER at term 4 for recognizeCandidate:4b46b974-3b1e-4de2-965f-cb6dfaf3e8b4
2019-06-13 18:32:04,540 INFO  impl.RoleInfo (RoleInfo.java:shutdownFollowerState(121)) - 4b5226b1-6f25-4224-9424-0618f7190562: shutdown FollowerState
2019-06-13 18:32:04,540 INFO  impl.RoleInfo (RoleInfo.java:updateAndGet(143)) - 4b5226b1-6f25-4224-9424-0618f7190562: start FollowerState
2019-06-13 18:32:04,540 INFO  impl.RaftServerImpl (RaftServerImpl.java:setRole(164)) - cc5c8bea-c0b3-40d9-bee6-c3127edf20f0:group-C15636AE46FB changes role from FOLLOWER to FOLLOWER at term 4 for recognizeCandidate:4b46b974-3b1e-4de2-965f-cb6dfaf3e8b4
2019-06-13 18:32:04,541 INFO  impl.RoleInfo (RoleInfo.java:shutdownFollowerState(121)) - cc5c8bea-c0b3-40d9-bee6-c3127edf20f0: shutdown FollowerState
2019-06-13 18:32:04,541 INFO  impl.RoleInfo (RoleInfo.java:updateAndGet(143)) - cc5c8bea-c0b3-40d9-bee6-c3127edf20f0: start FollowerState
2019-06-13 18:32:04,541 INFO  impl.FollowerState (FollowerState.java:run(109)) - 4b5226b1-6f25-4224-9424-0618f7190562: FollowerState was interrupted: java.lang.InterruptedException: sleep interrupted
2019-06-13 18:32:04,541 INFO  impl.FollowerState (FollowerState.java:run(109)) - cc5c8bea-c0b3-40d9-bee6-c3127edf20f0: FollowerState was interrupted: java.lang.InterruptedException: sleep interrupted
2019-06-13 18:32:04,545 INFO  impl.LeaderElection (LeaderElection.java:logAndReturn(56)) - 4b46b974-3b1e-4de2-965f-cb6dfaf3e8b4:group-C15636AE46FB:LeaderElection46: Election PASSED; received 2 response(s) [4b46b974-3b1e-4de2-965f-cb6dfaf3e8b4->cc5c8bea-c0b3-40d9-bee6-c3127edf20f0,true-t4, 4b46b974-3b1e-4de2-965f-cb6dfaf3e8b4->4b5226b1-6f25-4224-9424-0618f7190562,false-t4] and 0 exception(s); 4b46b974-3b1e-4de2-965f-cb6dfaf3e8b4:t4, leader=null, voted=4b46b974-3b1e-4de2-965f-cb6dfaf3e8b4, raftlog=4b46b974-3b1e-4de2-965f-cb6dfaf3e8b4-SegmentedRaftLog:OPENED:c-1,f-1,i0, conf=-1: [cc5c8bea-c0b3-40d9-bee6-c3127edf20f0:192.168.105.177:33435, 4b46b974-3b1e-4de2-965f-cb6dfaf3e8b4:192.168.105.177:45659, 4b5226b1-6f25-4224-9424-0618f7190562:192.168.105.177:46861], old=null
2019-06-13 18:32:04,545 INFO  impl.RoleInfo (RoleInfo.java:shutdownLeaderElection(134)) - 4b46b974-3b1e-4de2-965f-cb6dfaf3e8b4: shutdown LeaderElection
2019-06-13 18:32:04,545 INFO  impl.RaftServerImpl (RaftServerImpl.java:setRole(164)) - 4b46b974-3b1e-4de2-965f-cb6dfaf3e8b4:group-C15636AE46FB changes role from CANDIDATE to LEADER at term 4 for changeToLeader
2019-06-13 18:32:04,545 INFO  impl.RaftServerImpl (ServerState.java:setLeader(263)) - 4b46b974-3b1e-4de2-965f-cb6dfaf3e8b4:group-C15636AE46FB change Leader from null to 4b46b974-3b1e-4de2-965f-cb6dfaf3e8b4 at term 4 for becomeLeader, leader elected after 2212ms
2019-06-13 18:32:04,546 INFO  server.RaftServerConfigKeys (ConfUtils.java:logGet(43)) - raft.server.staging.catchup.gap = 1000 (default)
2019-06-13 18:32:04,546 INFO  server.RaftServerConfigKeys (ConfUtils.java:logGet(43)) - raft.server.rpc.sleep.time = 25ms (default)
2019-06-13 18:32:04,546 INFO  server.RaftServerConfigKeys (ConfUtils.java:logGet(43)) - raft.server.watch.timeout = 10s (default)
2019-06-13 18:32:04,546 INFO  server.RaftServerConfigKeys (ConfUtils.java:logGet(43)) - raft.server.watch.timeout.denomination = 1s (default)
2019-06-13 18:32:04,546 INFO  server.RaftServerConfigKeys (ConfUtils.java:logGet(43)) - raft.server.log.appender.snapshot.chunk.size.max = 16MB (=16777216) (default)
2019-06-13 18:32:04,546 INFO  server.RaftServerConfigKeys (ConfUtils.java:logGet(43)) - raft.server.log.appender.buffer.byte-limit = 33554432 (custom)
2019-06-13 18:32:04,546 INFO  server.RaftServerConfigKeys (ConfUtils.java:logGet(43)) - raft.server.log.appender.buffer.element-limit = 1 (custom)
2019-06-13 18:32:04,546 INFO  grpc.GrpcConfigKeys$Server (ConfUtils.java:logGet(43)) - raft.grpc.server.leader.outstanding.appends.max = 128 (default)
2019-06-13 18:32:04,546 INFO  server.RaftServerConfigKeys (ConfUtils.java:logGet(43)) - raft.server.rpc.request.timeout = 3000ms (default)
2019-06-13 18:32:04,546 INFO  server.RaftServerConfigKeys (ConfUtils.java:logGet(43)) - raft.server.log.appender.install.snapshot.enabled = true (default)
2019-06-13 18:32:04,546 INFO  server.RaftServerConfigKeys (ConfUtils.java:logGet(43)) - raft.server.log.appender.snapshot.chunk.size.max = 16MB (=16777216) (default)
2019-06-13 18:32:04,547 INFO  server.RaftServerConfigKeys (ConfUtils.java:logGet(43)) - raft.server.log.appender.buffer.byte-limit = 33554432 (custom)
2019-06-13 18:32:04,547 INFO  server.RaftServerConfigKeys (ConfUtils.java:logGet(43)) - raft.server.log.appender.buffer.element-limit = 1 (custom)
2019-06-13 18:32:04,547 INFO  grpc.GrpcConfigKeys$Server (ConfUtils.java:logGet(43)) - raft.grpc.server.leader.outstanding.appends.max = 128 (default)
2019-06-13 18:32:04,547 INFO  server.RaftServerConfigKeys (ConfUtils.java:logGet(43)) - raft.server.rpc.request.timeout = 3000ms (default)
2019-06-13 18:32:04,547 INFO  server.RaftServerConfigKeys (ConfUtils.java:logGet(43)) - raft.server.log.appender.install.snapshot.enabled = true (default)
2019-06-13 18:32:04,547 INFO  impl.RoleInfo (RoleInfo.java:updateAndGet(143)) - 4b46b974-3b1e-4de2-965f-cb6dfaf3e8b4: start LeaderState
2019-06-13 18:32:04,547 INFO  storage.RaftLogWorker (RaftLogWorker.java:startLogSegment(298)) - 4b46b974-3b1e-4de2-965f-cb6dfaf3e8b4-RaftLogWorker: Starting segment from index:0
2019-06-13 18:32:04,548 INFO  impl.RaftServerImpl (ServerState.java:setRaftConf(361)) - 4b46b974-3b1e-4de2-965f-cb6dfaf3e8b4:group-C15636AE46FB set configuration 0: [cc5c8bea-c0b3-40d9-bee6-c3127edf20f0:192.168.105.177:33435, 4b46b974-3b1e-4de2-965f-cb6dfaf3e8b4:192.168.105.177:45659, 4b5226b1-6f25-4224-9424-0618f7190562:192.168.105.177:46861], old=null at 0
2019-06-13 18:32:04,549 INFO  impl.RaftServerImpl (ServerState.java:setLeader(263)) - cc5c8bea-c0b3-40d9-bee6-c3127edf20f0:group-C15636AE46FB change Leader from null to 4b46b974-3b1e-4de2-965f-cb6dfaf3e8b4 at term 4 for appendEntries, leader elected after 3379ms
2019-06-13 18:32:04,550 INFO  impl.RaftServerImpl (ServerState.java:setLeader(263)) - 4b5226b1-6f25-4224-9424-0618f7190562:group-C15636AE46FB change Leader from null to 4b46b974-3b1e-4de2-965f-cb6dfaf3e8b4 at term 4 for appendEntries, leader elected after 2234ms
2019-06-13 18:32:04,561 INFO  impl.RaftServerImpl (ServerState.java:setRaftConf(361)) - cc5c8bea-c0b3-40d9-bee6-c3127edf20f0:group-C15636AE46FB set configuration 0: [cc5c8bea-c0b3-40d9-bee6-c3127edf20f0:192.168.105.177:33435, 4b46b974-3b1e-4de2-965f-cb6dfaf3e8b4:192.168.105.177:45659, 4b5226b1-6f25-4224-9424-0618f7190562:192.168.105.177:46861], old=null at 0
2019-06-13 18:32:04,562 INFO  storage.RaftLogWorker (RaftLogWorker.java:startLogSegment(298)) - cc5c8bea-c0b3-40d9-bee6-c3127edf20f0-RaftLogWorker: Starting segment from index:0
2019-06-13 18:32:04,562 INFO  impl.RaftServerImpl (ServerState.java:setRaftConf(361)) - 4b5226b1-6f25-4224-9424-0618f7190562:group-C15636AE46FB set configuration 0: [cc5c8bea-c0b3-40d9-bee6-c3127edf20f0:192.168.105.177:33435, 4b46b974-3b1e-4de2-965f-cb6dfaf3e8b4:192.168.105.177:45659, 4b5226b1-6f25-4224-9424-0618f7190562:192.168.105.177:46861], old=null at 0
2019-06-13 18:32:04,564 INFO  storage.RaftLogWorker (RaftLogWorker.java:truncate(314)) - 4b5226b1-6f25-4224-9424-0618f7190562-RaftLogWorker: Truncating segments toTruncate: null
  toDelete: [(0, 0) isOpen? true, length=0, newEndIndex=-1], start index 0
2019-06-13 18:32:04,564 INFO  storage.RaftLogWorker (RaftLogWorker.java:startLogSegment(298)) - 4b5226b1-6f25-4224-9424-0618f7190562-RaftLogWorker: Starting segment from index:0
2019-06-13 18:32:04,565 INFO  storage.RaftLogWorker (RaftLogWorker.java:execute(533)) - 4b5226b1-6f25-4224-9424-0618f7190562-RaftLogWorker: Deleted log file /opt/src/hadoop-ozone/integration-test/target/test-dir/MiniOzoneClusterImpl-f2c748e5-adcb-4c4c-a654-eab58aa7afbf/datanode-2/data/ratis/eba4956c-405a-4993-b9d0-c15636ae46fb/current/log_inprogress_0
2019-06-13 18:32:04,592 INFO  storage.RaftLogWorker (RaftLogWorker.java:execute(469)) - 4b46b974-3b1e-4de2-965f-cb6dfaf3e8b4-RaftLogWorker: created new log segment /opt/src/hadoop-ozone/integration-test/target/test-dir/MiniOzoneClusterImpl-f2c748e5-adcb-4c4c-a654-eab58aa7afbf/datanode-1/data/ratis/eba4956c-405a-4993-b9d0-c15636ae46fb/current/log_inprogress_0
2019-06-13 18:32:04,610 INFO  storage.RaftLogWorker (RaftLogWorker.java:execute(469)) - cc5c8bea-c0b3-40d9-bee6-c3127edf20f0-RaftLogWorker: created new log segment /opt/src/hadoop-ozone/integration-test/target/test-dir/MiniOzoneClusterImpl-f2c748e5-adcb-4c4c-a654-eab58aa7afbf/datanode-0/data/ratis/eba4956c-405a-4993-b9d0-c15636ae46fb/current/log_inprogress_0
2019-06-13 18:32:04,611 INFO  storage.RaftLogWorker (RaftLogWorker.java:execute(469)) - 4b5226b1-6f25-4224-9424-0618f7190562-RaftLogWorker: created new log segment /opt/src/hadoop-ozone/integration-test/target/test-dir/MiniOzoneClusterImpl-f2c748e5-adcb-4c4c-a654-eab58aa7afbf/datanode-2/data/ratis/eba4956c-405a-4993-b9d0-c15636ae46fb/current/log_inprogress_0
2019-06-13 18:32:04,901 INFO  client.GrpcClientProtocolClient (GrpcClientProtocolClient.java:onNext(254)) - client-B42B55308253->4b5226b1-6f25-4224-9424-0618f7190562: receive RaftClientReply:client-B42B55308253->4b5226b1-6f25-4224-9424-0618f7190562@group-C15636AE46FB, cid=66, FAILED org.apache.ratis.protocol.NotLeaderException: Server 4b5226b1-6f25-4224-9424-0618f7190562 is not the leader (4b46b974-3b1e-4de2-965f-cb6dfaf3e8b4:192.168.105.177:45659). Request must be sent to leader., logIndex=0, commits[4b5226b1-6f25-4224-9424-0618f7190562:c-1, cc5c8bea-c0b3-40d9-bee6-c3127edf20f0:c-1, 4b46b974-3b1e-4de2-965f-cb6dfaf3e8b4:c-1]
2019-06-13 18:32:04,908 WARN  client.GrpcClientProtocolService (LogUtils.java:warn(134)) - 1-OrderedRequestStreamObserver1: onError: org.apache.ratis.thirdparty.io.grpc.StatusRuntimeException: CANCELLED: cancelled before receiving half close
2019-06-13 18:32:05,915 INFO  client.GrpcClientProtocolClient (GrpcClientProtocolClient.java:onNext(254)) - client-B42B55308253->cc5c8bea-c0b3-40d9-bee6-c3127edf20f0: receive RaftClientReply:client-B42B55308253->cc5c8bea-c0b3-40d9-bee6-c3127edf20f0@group-C15636AE46FB, cid=66, FAILED org.apache.ratis.protocol.NotLeaderException: Server cc5c8bea-c0b3-40d9-bee6-c3127edf20f0 is not the leader (4b46b974-3b1e-4de2-965f-cb6dfaf3e8b4:192.168.105.177:45659). Request must be sent to leader., logIndex=0, commits[cc5c8bea-c0b3-40d9-bee6-c3127edf20f0:c0, 4b46b974-3b1e-4de2-965f-cb6dfaf3e8b4:c0, 4b5226b1-6f25-4224-9424-0618f7190562:c0]
2019-06-13 18:32:05,916 WARN  client.GrpcClientProtocolService (LogUtils.java:warn(134)) - 0-OrderedRequestStreamObserver0: onError: org.apache.ratis.thirdparty.io.grpc.StatusRuntimeException: CANCELLED: cancelled before receiving half close
2019-06-13 18:32:06,953 INFO  client.GrpcClientProtocolClient (GrpcClientProtocolClient.java:onNext(254)) - client-B42B55308253->4b46b974-3b1e-4de2-965f-cb6dfaf3e8b4: receive RaftClientReply:client-B42B55308253->4b46b974-3b1e-4de2-965f-cb6dfaf3e8b4@group-C15636AE46FB, cid=66, SUCCESS, logIndex=1, commits[4b46b974-3b1e-4de2-965f-cb6dfaf3e8b4:c2, cc5c8bea-c0b3-40d9-bee6-c3127edf20f0:c1, 4b5226b1-6f25-4224-9424-0618f7190562:c1]
2019-06-13 18:32:06,955 INFO  datanode.ObjectStoreHandler (ObjectStoreHandler.java:close(155)) - Closing ObjectStoreHandler.
2019-06-13 18:32:06,957 INFO  ozone.HddsDatanodeService (HddsDatanodeService.java:stop(452)) - Stopped plug-in org.apache.hadoop.ozone.web.OzoneHddsDatanodeService@4eb73cc8
2019-06-13 18:32:06,957 INFO  statemachine.DatanodeStateMachine (DatanodeStateMachine.java:lambda$startDaemon$0(350)) - Ozone container server started.
2019-06-13 18:32:06,958 INFO  ozoneimpl.OzoneContainer (OzoneContainer.java:stop(199)) - Attempting to stop container services.
2019-06-13 18:32:06,965 INFO  impl.RaftServerProxy (RaftServerProxy.java:lambda$close$4(314)) - 4b5226b1-6f25-4224-9424-0618f7190562: close
2019-06-13 18:32:06,969 INFO  impl.RaftServerImpl (RaftServerImpl.java:lambda$shutdown$3(238)) - 4b5226b1-6f25-4224-9424-0618f7190562: shutdown group-C15636AE46FB
2019-06-13 18:32:06,970 INFO  util.JmxRegister (JmxRegister.java:unregister(73)) - Successfully un-registered JMX Bean with object name Ratis:service=RaftServer,group=group-C15636AE46FB,id=4b5226b1-6f25-4224-9424-0618f7190562
2019-06-13 18:32:06,970 INFO  impl.RoleInfo (RoleInfo.java:shutdownFollowerState(121)) - 4b5226b1-6f25-4224-9424-0618f7190562: shutdown FollowerState
2019-06-13 18:32:06,970 INFO  impl.StateMachineUpdater (StateMachineUpdater.java:stopAndJoin(109)) - StateMachineUpdater-4b5226b1-6f25-4224-9424-0618f7190562-group-C15636AE46FB: set stopIndex = 1
2019-06-13 18:32:06,970 INFO  ratis.ContainerStateMachine (ContainerStateMachine.java:takeSnapshot(245)) - Taking snapshot at termIndex:(t:4, i:1)
2019-06-13 18:32:06,970 INFO  impl.FollowerState (FollowerState.java:run(109)) - 4b5226b1-6f25-4224-9424-0618f7190562: FollowerState was interrupted: java.lang.InterruptedException: sleep interrupted
2019-06-13 18:32:06,970 INFO  ratis.ContainerStateMachine (ContainerStateMachine.java:takeSnapshot(249)) - Taking a snapshot to file /opt/src/hadoop-ozone/integration-test/target/test-dir/MiniOzoneClusterImpl-f2c748e5-adcb-4c4c-a654-eab58aa7afbf/datanode-2/data/ratis/eba4956c-405a-4993-b9d0-c15636ae46fb/sm/snapshot.4_1
2019-06-13 18:32:06,971 INFO  impl.RaftServerImpl (ServerState.java:close(394)) - 4b5226b1-6f25-4224-9424-0618f7190562:group-C15636AE46FB closes. The last applied log index is 1
2019-06-13 18:32:06,971 INFO  storage.RaftLogWorker (RaftLogWorker.java:run(236)) - 4b5226b1-6f25-4224-9424-0618f7190562-RaftLogWorker was interrupted, exiting. There are 0 tasks remaining in the queue.
2019-06-13 18:32:06,973 INFO  storage.RaftLogWorker (RaftLogWorker.java:close(168)) - 4b5226b1-6f25-4224-9424-0618f7190562-RaftLogWorker close()
2019-06-13 18:32:06,976 INFO  impl.RaftServerImpl (RaftServerImpl.java:lambda$shutdown$3(238)) - 4b5226b1-6f25-4224-9424-0618f7190562: shutdown group-CB7EBD0F9666
2019-06-13 18:32:06,976 INFO  util.JmxRegister (JmxRegister.java:unregister(73)) - Successfully un-registered JMX Bean with object name Ratis:service=RaftServer,group=group-CB7EBD0F9666,id=4b5226b1-6f25-4224-9424-0618f7190562
2019-06-13 18:32:06,976 INFO  impl.RoleInfo (RoleInfo.java:shutdownLeaderState(104)) - 4b5226b1-6f25-4224-9424-0618f7190562: shutdown LeaderState
2019-06-13 18:32:06,976 INFO  impl.PendingRequests (PendingRequests.java:sendNotLeaderResponses(140)) - 4b5226b1-6f25-4224-9424-0618f7190562-PendingRequests: sendNotLeaderResponses
2019-06-13 18:32:06,983 INFO  impl.StateMachineUpdater (StateMachineUpdater.java:stopAndJoin(109)) - StateMachineUpdater-4b5226b1-6f25-4224-9424-0618f7190562-group-CB7EBD0F9666: set stopIndex = 0
2019-06-13 18:32:06,983 INFO  ratis.ContainerStateMachine (ContainerStateMachine.java:takeSnapshot(245)) - Taking snapshot at termIndex:(t:0, i:~)
2019-06-13 18:32:06,984 INFO  impl.RaftServerImpl (ServerState.java:close(394)) - 4b5226b1-6f25-4224-9424-0618f7190562:group-CB7EBD0F9666 closes. The last applied log index is 0
2019-06-13 18:32:06,984 INFO  storage.RaftLogWorker (RaftLogWorker.java:run(236)) - 4b5226b1-6f25-4224-9424-0618f7190562-RaftLogWorker was interrupted, exiting. There are 0 tasks remaining in the queue.
2019-06-13 18:32:06,986 INFO  storage.RaftLogWorker (RaftLogWorker.java:close(168)) - 4b5226b1-6f25-4224-9424-0618f7190562-RaftLogWorker close()
2019-06-13 18:32:06,988 INFO  server.GrpcService (GrpcService.java:closeImpl(154)) - 4b5226b1-6f25-4224-9424-0618f7190562: shutdown server with port 46861 now
2019-06-13 18:32:06,989 WARN  server.GrpcServerProtocolService (LogUtils.java:warn(134)) - 4b5226b1-6f25-4224-9424-0618f7190562: appendEntries onError: org.apache.ratis.thirdparty.io.grpc.StatusRuntimeException: CANCELLED: cancelled before receiving half close
2019-06-13 18:32:06,989 WARN  server.GrpcLogAppender (LogUtils.java:warn(134)) - 4b46b974-3b1e-4de2-965f-cb6dfaf3e8b4: Failed appendEntries to 4b5226b1-6f25-4224-9424-0618f7190562:192.168.105.177:46861: org.apache.ratis.thirdparty.io.grpc.StatusRuntimeException: CANCELLED: HTTP/2 error code: CANCEL
Received Rst Stream
2019-06-13 18:32:06,989 INFO  server.GrpcService (GrpcService.java:closeImpl(162)) - 4b5226b1-6f25-4224-9424-0618f7190562: shutdown server with port 46861 successfully
2019-06-13 18:32:06,989 INFO  impl.FollowerInfo (FollowerInfo.java:lambda$new$0(50)) - 4b46b974-3b1e-4de2-965f-cb6dfaf3e8b4->4b5226b1-6f25-4224-9424-0618f7190562: nextIndex: updateUnconditionally 3 -> 0
2019-06-13 18:32:06,990 WARN  fs.CachingGetSpaceUsed (CachingGetSpaceUsed.java:run(183)) - Thread Interrupted waiting to refresh disk information: sleep interrupted
2019-06-13 18:32:07,004 INFO  statemachine.DatanodeStateMachine (DatanodeStateMachine.java:stopDaemon(395)) - Ozone container server stopped.
2019-06-13 18:32:07,005 INFO  handler.ContextHandler (ContextHandler.java:doStop(910)) - Stopped o.e.j.w.WebAppContext@a251135{/,null,UNAVAILABLE}{/hddsDatanode}
2019-06-13 18:32:07,007 INFO  server.AbstractConnector (AbstractConnector.java:doStop(318)) - Stopped ServerConnector@70819ba8{HTTP/1.1,[http/1.1]}{0.0.0.0:0}
2019-06-13 18:32:07,007 INFO  handler.ContextHandler (ContextHandler.java:doStop(910)) - Stopped o.e.j.s.ServletContextHandler@320fc4b0{/static,jar:file:/root/.m2/repository/org/apache/hadoop/hadoop-hdds-container-service/0.5.0-SNAPSHOT/hadoop-hdds-container-service-0.5.0-SNAPSHOT.jar!/webapps/static,UNAVAILABLE}
2019-06-13 18:32:07,007 INFO  handler.ContextHandler (ContextHandler.java:doStop(910)) - Stopped o.e.j.s.ServletContextHandler@44de3b46{/logs,file:///opt/src/hadoop-ozone/integration-test/target/log,UNAVAILABLE}
2019-06-13 18:32:07,008 INFO  datanode.ObjectStoreHandler (ObjectStoreHandler.java:close(155)) - Closing ObjectStoreHandler.
2019-06-13 18:32:07,013 INFO  ozone.HddsDatanodeService (HddsDatanodeService.java:stop(452)) - Stopped plug-in org.apache.hadoop.ozone.web.OzoneHddsDatanodeService@62c53685
2019-06-13 18:32:07,014 INFO  statemachine.DatanodeStateMachine (DatanodeStateMachine.java:lambda$startDaemon$0(350)) - Ozone container server started.
2019-06-13 18:32:07,014 INFO  ozoneimpl.OzoneContainer (OzoneContainer.java:stop(199)) - Attempting to stop container services.
2019-06-13 18:32:07,014 INFO  impl.RaftServerProxy (RaftServerProxy.java:lambda$close$4(314)) - cc5c8bea-c0b3-40d9-bee6-c3127edf20f0: close
2019-06-13 18:32:07,015 INFO  impl.RaftServerImpl (RaftServerImpl.java:lambda$shutdown$3(238)) - cc5c8bea-c0b3-40d9-bee6-c3127edf20f0: shutdown group-C15636AE46FB
2019-06-13 18:32:07,015 INFO  impl.RaftServerImpl (RaftServerImpl.java:lambda$shutdown$3(238)) - cc5c8bea-c0b3-40d9-bee6-c3127edf20f0: shutdown group-373523490807
2019-06-13 18:32:07,015 INFO  util.JmxRegister (JmxRegister.java:unregister(73)) - Successfully un-registered JMX Bean with object name Ratis:service=RaftServer,group=group-C15636AE46FB,id=cc5c8bea-c0b3-40d9-bee6-c3127edf20f0
2019-06-13 18:32:07,015 INFO  impl.RoleInfo (RoleInfo.java:shutdownFollowerState(121)) - cc5c8bea-c0b3-40d9-bee6-c3127edf20f0: shutdown FollowerState
2019-06-13 18:32:07,015 INFO  util.JmxRegister (JmxRegister.java:unregister(73)) - Successfully un-registered JMX Bean with object name Ratis:service=RaftServer,group=group-373523490807,id=cc5c8bea-c0b3-40d9-bee6-c3127edf20f0
2019-06-13 18:32:07,015 INFO  impl.FollowerState (FollowerState.java:run(109)) - cc5c8bea-c0b3-40d9-bee6-c3127edf20f0: FollowerState was interrupted: java.lang.InterruptedException: sleep interrupted
2019-06-13 18:32:07,015 INFO  ratis.ContainerStateMachine (ContainerStateMachine.java:takeSnapshot(245)) - Taking snapshot at termIndex:(t:4, i:1)
2019-06-13 18:32:07,015 INFO  impl.StateMachineUpdater (StateMachineUpdater.java:stopAndJoin(109)) - StateMachineUpdater-cc5c8bea-c0b3-40d9-bee6-c3127edf20f0-group-C15636AE46FB: set stopIndex = 1
2019-06-13 18:32:07,016 INFO  ratis.ContainerStateMachine (ContainerStateMachine.java:takeSnapshot(249)) - Taking a snapshot to file /opt/src/hadoop-ozone/integration-test/target/test-dir/MiniOzoneClusterImpl-f2c748e5-adcb-4c4c-a654-eab58aa7afbf/datanode-0/data/ratis/eba4956c-405a-4993-b9d0-c15636ae46fb/sm/snapshot.4_1
2019-06-13 18:32:07,015 INFO  impl.RoleInfo (RoleInfo.java:shutdownLeaderState(104)) - cc5c8bea-c0b3-40d9-bee6-c3127edf20f0: shutdown LeaderState
2019-06-13 18:32:07,016 INFO  impl.PendingRequests (PendingRequests.java:sendNotLeaderResponses(140)) - cc5c8bea-c0b3-40d9-bee6-c3127edf20f0-PendingRequests: sendNotLeaderResponses
2019-06-13 18:32:07,016 INFO  impl.RaftServerImpl (ServerState.java:close(394)) - cc5c8bea-c0b3-40d9-bee6-c3127edf20f0:group-C15636AE46FB closes. The last applied log index is 1
2019-06-13 18:32:07,016 INFO  storage.RaftLogWorker (RaftLogWorker.java:run(236)) - cc5c8bea-c0b3-40d9-bee6-c3127edf20f0-RaftLogWorker was interrupted, exiting. There are 0 tasks remaining in the queue.
2019-06-13 18:32:07,019 INFO  storage.RaftLogWorker (RaftLogWorker.java:close(168)) - cc5c8bea-c0b3-40d9-bee6-c3127edf20f0-RaftLogWorker close()
2019-06-13 18:32:07,019 INFO  impl.StateMachineUpdater (StateMachineUpdater.java:stopAndJoin(109)) - StateMachineUpdater-cc5c8bea-c0b3-40d9-bee6-c3127edf20f0-group-373523490807: set stopIndex = 0
2019-06-13 18:32:07,019 INFO  ratis.ContainerStateMachine (ContainerStateMachine.java:takeSnapshot(245)) - Taking snapshot at termIndex:(t:0, i:~)
2019-06-13 18:32:07,021 INFO  impl.RaftServerImpl (ServerState.java:close(394)) - cc5c8bea-c0b3-40d9-bee6-c3127edf20f0:group-373523490807 closes. The last applied log index is 0
2019-06-13 18:32:07,021 INFO  storage.RaftLogWorker (RaftLogWorker.java:run(236)) - cc5c8bea-c0b3-40d9-bee6-c3127edf20f0-RaftLogWorker was interrupted, exiting. There are 0 tasks remaining in the queue.
2019-06-13 18:32:07,022 INFO  storage.RaftLogWorker (RaftLogWorker.java:close(168)) - cc5c8bea-c0b3-40d9-bee6-c3127edf20f0-RaftLogWorker close()
2019-06-13 18:32:07,024 INFO  server.GrpcService (GrpcService.java:closeImpl(154)) - cc5c8bea-c0b3-40d9-bee6-c3127edf20f0: shutdown server with port 33435 now
2019-06-13 18:32:07,025 WARN  server.GrpcLogAppender (LogUtils.java:warn(134)) - 4b46b974-3b1e-4de2-965f-cb6dfaf3e8b4: Failed appendEntries to cc5c8bea-c0b3-40d9-bee6-c3127edf20f0:192.168.105.177:33435: org.apache.ratis.thirdparty.io.grpc.StatusRuntimeException: CANCELLED: HTTP/2 error code: CANCEL
Received Rst Stream
2019-06-13 18:32:07,025 WARN  server.GrpcServerProtocolService (LogUtils.java:warn(134)) - cc5c8bea-c0b3-40d9-bee6-c3127edf20f0: appendEntries onError: org.apache.ratis.thirdparty.io.grpc.StatusRuntimeException: CANCELLED: cancelled before receiving half close
2019-06-13 18:32:07,025 INFO  impl.FollowerInfo (FollowerInfo.java:lambda$new$0(50)) - 4b46b974-3b1e-4de2-965f-cb6dfaf3e8b4->cc5c8bea-c0b3-40d9-bee6-c3127edf20f0: nextIndex: updateUnconditionally 3 -> 0
2019-06-13 18:32:07,025 INFO  server.GrpcService (GrpcService.java:closeImpl(162)) - cc5c8bea-c0b3-40d9-bee6-c3127edf20f0: shutdown server with port 33435 successfully
2019-06-13 18:32:07,027 WARN  fs.CachingGetSpaceUsed (CachingGetSpaceUsed.java:run(183)) - Thread Interrupted waiting to refresh disk information: sleep interrupted
2019-06-13 18:32:07,040 INFO  statemachine.DatanodeStateMachine (DatanodeStateMachine.java:stopDaemon(395)) - Ozone container server stopped.
2019-06-13 18:32:07,041 INFO  handler.ContextHandler (ContextHandler.java:doStop(910)) - Stopped o.e.j.w.WebAppContext@771cbd13{/,null,UNAVAILABLE}{/hddsDatanode}
2019-06-13 18:32:07,043 INFO  server.AbstractConnector (AbstractConnector.java:doStop(318)) - Stopped ServerConnector@229749f0{HTTP/1.1,[http/1.1]}{0.0.0.0:0}
2019-06-13 18:32:07,044 INFO  handler.ContextHandler (ContextHandler.java:doStop(910)) - Stopped o.e.j.s.ServletContextHandler@79135a38{/static,jar:file:/root/.m2/repository/org/apache/hadoop/hadoop-hdds-container-service/0.5.0-SNAPSHOT/hadoop-hdds-container-service-0.5.0-SNAPSHOT.jar!/webapps/static,UNAVAILABLE}
2019-06-13 18:32:07,044 INFO  handler.ContextHandler (ContextHandler.java:doStop(910)) - Stopped o.e.j.s.ServletContextHandler@5b1f5fcc{/logs,file:///opt/src/hadoop-ozone/integration-test/target/log,UNAVAILABLE}
2019-06-13 18:32:07,427 WARN  server.GrpcLogAppender (LogUtils.java:warn(134)) - 4b46b974-3b1e-4de2-965f-cb6dfaf3e8b4: Failed appendEntries to 4b5226b1-6f25-4224-9424-0618f7190562:192.168.105.177:46861: org.apache.ratis.thirdparty.io.grpc.StatusRuntimeException: UNAVAILABLE: io exception
2019-06-13 18:32:07,428 INFO  impl.FollowerInfo (FollowerInfo.java:lambda$new$0(50)) - 4b46b974-3b1e-4de2-965f-cb6dfaf3e8b4->4b5226b1-6f25-4224-9424-0618f7190562: nextIndex: updateUnconditionally 0 -> 0
2019-06-13 18:32:07,427 WARN  server.GrpcLogAppender (LogUtils.java:warn(134)) - 4b46b974-3b1e-4de2-965f-cb6dfaf3e8b4: Failed appendEntries to cc5c8bea-c0b3-40d9-bee6-c3127edf20f0:192.168.105.177:33435: org.apache.ratis.thirdparty.io.grpc.StatusRuntimeException: UNAVAILABLE: io exception
2019-06-13 18:32:07,428 INFO  impl.FollowerInfo (FollowerInfo.java:lambda$new$0(50)) - 4b46b974-3b1e-4de2-965f-cb6dfaf3e8b4->cc5c8bea-c0b3-40d9-bee6-c3127edf20f0: nextIndex: updateUnconditionally 0 -> 0
2019-06-13 18:32:07,928 WARN  server.GrpcLogAppender (LogUtils.java:warn(134)) - 4b46b974-3b1e-4de2-965f-cb6dfaf3e8b4: Failed appendEntries to 4b5226b1-6f25-4224-9424-0618f7190562:192.168.105.177:46861: org.apache.ratis.thirdparty.io.grpc.StatusRuntimeException: UNAVAILABLE: io exception
2019-06-13 18:32:07,928 INFO  impl.FollowerInfo (FollowerInfo.java:lambda$new$0(50)) - 4b46b974-3b1e-4de2-965f-cb6dfaf3e8b4->4b5226b1-6f25-4224-9424-0618f7190562: nextIndex: updateUnconditionally 0 -> 0
2019-06-13 18:32:07,928 WARN  server.GrpcLogAppender (LogUtils.java:warn(134)) - 4b46b974-3b1e-4de2-965f-cb6dfaf3e8b4: Failed appendEntries to cc5c8bea-c0b3-40d9-bee6-c3127edf20f0:192.168.105.177:33435: org.apache.ratis.thirdparty.io.grpc.StatusRuntimeException: UNAVAILABLE: io exception
2019-06-13 18:32:07,929 INFO  impl.FollowerInfo (FollowerInfo.java:lambda$new$0(50)) - 4b46b974-3b1e-4de2-965f-cb6dfaf3e8b4->cc5c8bea-c0b3-40d9-bee6-c3127edf20f0: nextIndex: updateUnconditionally 0 -> 0
2019-06-13 18:32:08,429 WARN  server.GrpcLogAppender (LogUtils.java:warn(134)) - 4b46b974-3b1e-4de2-965f-cb6dfaf3e8b4: Failed appendEntries to cc5c8bea-c0b3-40d9-bee6-c3127edf20f0:192.168.105.177:33435: org.apache.ratis.thirdparty.io.grpc.StatusRuntimeException: UNAVAILABLE: io exception
2019-06-13 18:32:08,429 WARN  server.GrpcLogAppender (LogUtils.java:warn(134)) - 4b46b974-3b1e-4de2-965f-cb6dfaf3e8b4: Failed appendEntries to 4b5226b1-6f25-4224-9424-0618f7190562:192.168.105.177:46861: org.apache.ratis.thirdparty.io.grpc.StatusRuntimeException: UNAVAILABLE: io exception
2019-06-13 18:32:08,429 INFO  impl.FollowerInfo (FollowerInfo.java:lambda$new$0(50)) - 4b46b974-3b1e-4de2-965f-cb6dfaf3e8b4->cc5c8bea-c0b3-40d9-bee6-c3127edf20f0: nextIndex: updateUnconditionally 0 -> 0
2019-06-13 18:32:08,429 INFO  impl.FollowerInfo (FollowerInfo.java:lambda$new$0(50)) - 4b46b974-3b1e-4de2-965f-cb6dfaf3e8b4->4b5226b1-6f25-4224-9424-0618f7190562: nextIndex: updateUnconditionally 0 -> 0
2019-06-13 18:32:08,929 WARN  server.GrpcLogAppender (LogUtils.java:warn(134)) - 4b46b974-3b1e-4de2-965f-cb6dfaf3e8b4: Failed appendEntries to cc5c8bea-c0b3-40d9-bee6-c3127edf20f0:192.168.105.177:33435: org.apache.ratis.thirdparty.io.grpc.StatusRuntimeException: UNAVAILABLE: io exception
2019-06-13 18:32:08,929 WARN  server.GrpcLogAppender (LogUtils.java:warn(134)) - 4b46b974-3b1e-4de2-965f-cb6dfaf3e8b4: Failed appendEntries to 4b5226b1-6f25-4224-9424-0618f7190562:192.168.105.177:46861: org.apache.ratis.thirdparty.io.grpc.StatusRuntimeException: UNAVAILABLE: io exception
2019-06-13 18:32:08,930 INFO  impl.FollowerInfo (FollowerInfo.java:lambda$new$0(50)) - 4b46b974-3b1e-4de2-965f-cb6dfaf3e8b4->cc5c8bea-c0b3-40d9-bee6-c3127edf20f0: nextIndex: updateUnconditionally 0 -> 0
2019-06-13 18:32:08,930 INFO  impl.FollowerInfo (FollowerInfo.java:lambda$new$0(50)) - 4b46b974-3b1e-4de2-965f-cb6dfaf3e8b4->4b5226b1-6f25-4224-9424-0618f7190562: nextIndex: updateUnconditionally 0 -> 0
2019-06-13 18:32:09,430 WARN  server.GrpcLogAppender (LogUtils.java:warn(134)) - 4b46b974-3b1e-4de2-965f-cb6dfaf3e8b4: Failed appendEntries to cc5c8bea-c0b3-40d9-bee6-c3127edf20f0:192.168.105.177:33435: org.apache.ratis.thirdparty.io.grpc.StatusRuntimeException: UNAVAILABLE: io exception
2019-06-13 18:32:09,430 WARN  server.GrpcLogAppender (LogUtils.java:warn(134)) - 4b46b974-3b1e-4de2-965f-cb6dfaf3e8b4: Failed appendEntries to 4b5226b1-6f25-4224-9424-0618f7190562:192.168.105.177:46861: org.apache.ratis.thirdparty.io.grpc.StatusRuntimeException: UNAVAILABLE: io exception
2019-06-13 18:32:09,430 INFO  impl.FollowerInfo (FollowerInfo.java:lambda$new$0(50)) - 4b46b974-3b1e-4de2-965f-cb6dfaf3e8b4->cc5c8bea-c0b3-40d9-bee6-c3127edf20f0: nextIndex: updateUnconditionally 0 -> 0
2019-06-13 18:32:09,430 INFO  impl.FollowerInfo (FollowerInfo.java:lambda$new$0(50)) - 4b46b974-3b1e-4de2-965f-cb6dfaf3e8b4->4b5226b1-6f25-4224-9424-0618f7190562: nextIndex: updateUnconditionally 0 -> 0
2019-06-13 18:32:09,931 WARN  server.GrpcLogAppender (LogUtils.java:warn(134)) - 4b46b974-3b1e-4de2-965f-cb6dfaf3e8b4: Failed appendEntries to 4b5226b1-6f25-4224-9424-0618f7190562:192.168.105.177:46861: org.apache.ratis.thirdparty.io.grpc.StatusRuntimeException: UNAVAILABLE: io exception
2019-06-13 18:32:09,931 WARN  server.GrpcLogAppender (LogUtils.java:warn(134)) - 4b46b974-3b1e-4de2-965f-cb6dfaf3e8b4: Failed appendEntries to cc5c8bea-c0b3-40d9-bee6-c3127edf20f0:192.168.105.177:33435: org.apache.ratis.thirdparty.io.grpc.StatusRuntimeException: UNAVAILABLE: io exception
2019-06-13 18:32:09,931 INFO  impl.FollowerInfo (FollowerInfo.java:lambda$new$0(50)) - 4b46b974-3b1e-4de2-965f-cb6dfaf3e8b4->4b5226b1-6f25-4224-9424-0618f7190562: nextIndex: updateUnconditionally 0 -> 0
2019-06-13 18:32:09,931 INFO  impl.FollowerInfo (FollowerInfo.java:lambda$new$0(50)) - 4b46b974-3b1e-4de2-965f-cb6dfaf3e8b4->cc5c8bea-c0b3-40d9-bee6-c3127edf20f0: nextIndex: updateUnconditionally 0 -> 0
2019-06-13 18:32:10,431 WARN  server.GrpcLogAppender (LogUtils.java:warn(134)) - 4b46b974-3b1e-4de2-965f-cb6dfaf3e8b4: Failed appendEntries to cc5c8bea-c0b3-40d9-bee6-c3127edf20f0:192.168.105.177:33435: org.apache.ratis.thirdparty.io.grpc.StatusRuntimeException: UNAVAILABLE: io exception
2019-06-13 18:32:10,431 WARN  server.GrpcLogAppender (LogUtils.java:warn(134)) - 4b46b974-3b1e-4de2-965f-cb6dfaf3e8b4: Failed appendEntries to 4b5226b1-6f25-4224-9424-0618f7190562:192.168.105.177:46861: org.apache.ratis.thirdparty.io.grpc.StatusRuntimeException: UNAVAILABLE: io exception
2019-06-13 18:32:10,431 INFO  impl.FollowerInfo (FollowerInfo.java:lambda$new$0(50)) - 4b46b974-3b1e-4de2-965f-cb6dfaf3e8b4->cc5c8bea-c0b3-40d9-bee6-c3127edf20f0: nextIndex: updateUnconditionally 0 -> 0
2019-06-13 18:32:10,432 INFO  impl.FollowerInfo (FollowerInfo.java:lambda$new$0(50)) - 4b46b974-3b1e-4de2-965f-cb6dfaf3e8b4->4b5226b1-6f25-4224-9424-0618f7190562: nextIndex: updateUnconditionally 0 -> 0
2019-06-13 18:32:10,932 WARN  server.GrpcLogAppender (LogUtils.java:warn(134)) - 4b46b974-3b1e-4de2-965f-cb6dfaf3e8b4: Failed appendEntries to 4b5226b1-6f25-4224-9424-0618f7190562:192.168.105.177:46861: org.apache.ratis.thirdparty.io.grpc.StatusRuntimeException: UNAVAILABLE: io exception
2019-06-13 18:32:10,932 INFO  impl.FollowerInfo (FollowerInfo.java:lambda$new$0(50)) - 4b46b974-3b1e-4de2-965f-cb6dfaf3e8b4->4b5226b1-6f25-4224-9424-0618f7190562: nextIndex: updateUnconditionally 0 -> 0
2019-06-13 18:32:10,932 WARN  server.GrpcLogAppender (LogUtils.java:warn(134)) - 4b46b974-3b1e-4de2-965f-cb6dfaf3e8b4: Failed appendEntries to cc5c8bea-c0b3-40d9-bee6-c3127edf20f0:192.168.105.177:33435: org.apache.ratis.thirdparty.io.grpc.StatusRuntimeException: UNAVAILABLE: io exception
2019-06-13 18:32:10,932 INFO  impl.FollowerInfo (FollowerInfo.java:lambda$new$0(50)) - 4b46b974-3b1e-4de2-965f-cb6dfaf3e8b4->cc5c8bea-c0b3-40d9-bee6-c3127edf20f0: nextIndex: updateUnconditionally 0 -> 0
2019-06-13 18:32:11,432 WARN  server.GrpcLogAppender (LogUtils.java:warn(134)) - 4b46b974-3b1e-4de2-965f-cb6dfaf3e8b4: Failed appendEntries to 4b5226b1-6f25-4224-9424-0618f7190562:192.168.105.177:46861: org.apache.ratis.thirdparty.io.grpc.StatusRuntimeException: UNAVAILABLE: io exception
2019-06-13 18:32:11,432 WARN  server.GrpcLogAppender (LogUtils.java:warn(134)) - 4b46b974-3b1e-4de2-965f-cb6dfaf3e8b4: Failed appendEntries to cc5c8bea-c0b3-40d9-bee6-c3127edf20f0:192.168.105.177:33435: org.apache.ratis.thirdparty.io.grpc.StatusRuntimeException: UNAVAILABLE: io exception
2019-06-13 18:32:11,433 INFO  impl.FollowerInfo (FollowerInfo.java:lambda$new$0(50)) - 4b46b974-3b1e-4de2-965f-cb6dfaf3e8b4->4b5226b1-6f25-4224-9424-0618f7190562: nextIndex: updateUnconditionally 0 -> 0
2019-06-13 18:32:11,433 INFO  impl.FollowerInfo (FollowerInfo.java:lambda$new$0(50)) - 4b46b974-3b1e-4de2-965f-cb6dfaf3e8b4->cc5c8bea-c0b3-40d9-bee6-c3127edf20f0: nextIndex: updateUnconditionally 0 -> 0
2019-06-13 18:32:11,933 WARN  server.GrpcLogAppender (LogUtils.java:warn(134)) - 4b46b974-3b1e-4de2-965f-cb6dfaf3e8b4: Failed appendEntries to 4b5226b1-6f25-4224-9424-0618f7190562:192.168.105.177:46861: org.apache.ratis.thirdparty.io.grpc.StatusRuntimeException: UNAVAILABLE: io exception
2019-06-13 18:32:11,933 INFO  impl.FollowerInfo (FollowerInfo.java:lambda$new$0(50)) - 4b46b974-3b1e-4de2-965f-cb6dfaf3e8b4->4b5226b1-6f25-4224-9424-0618f7190562: nextIndex: updateUnconditionally 0 -> 0
2019-06-13 18:32:11,934 WARN  server.GrpcLogAppender (LogUtils.java:warn(134)) - 4b46b974-3b1e-4de2-965f-cb6dfaf3e8b4: Failed appendEntries to cc5c8bea-c0b3-40d9-bee6-c3127edf20f0:192.168.105.177:33435: org.apache.ratis.thirdparty.io.grpc.StatusRuntimeException: UNAVAILABLE: io exception
2019-06-13 18:32:11,934 INFO  impl.FollowerInfo (FollowerInfo.java:lambda$new$0(50)) - 4b46b974-3b1e-4de2-965f-cb6dfaf3e8b4->cc5c8bea-c0b3-40d9-bee6-c3127edf20f0: nextIndex: updateUnconditionally 0 -> 0
2019-06-13 18:32:12,434 WARN  server.GrpcLogAppender (LogUtils.java:warn(134)) - 4b46b974-3b1e-4de2-965f-cb6dfaf3e8b4: Failed appendEntries to cc5c8bea-c0b3-40d9-bee6-c3127edf20f0:192.168.105.177:33435: org.apache.ratis.thirdparty.io.grpc.StatusRuntimeException: UNAVAILABLE: io exception
2019-06-13 18:32:12,434 WARN  server.GrpcLogAppender (LogUtils.java:warn(134)) - 4b46b974-3b1e-4de2-965f-cb6dfaf3e8b4: Failed appendEntries to 4b5226b1-6f25-4224-9424-0618f7190562:192.168.105.177:46861: org.apache.ratis.thirdparty.io.grpc.StatusRuntimeException: UNAVAILABLE: io exception
2019-06-13 18:32:12,434 INFO  impl.FollowerInfo (FollowerInfo.java:lambda$new$0(50)) - 4b46b974-3b1e-4de2-965f-cb6dfaf3e8b4->cc5c8bea-c0b3-40d9-bee6-c3127edf20f0: nextIndex: updateUnconditionally 0 -> 0
2019-06-13 18:32:12,434 INFO  impl.FollowerInfo (FollowerInfo.java:lambda$new$0(50)) - 4b46b974-3b1e-4de2-965f-cb6dfaf3e8b4->4b5226b1-6f25-4224-9424-0618f7190562: nextIndex: updateUnconditionally 0 -> 0
2019-06-13 18:32:12,934 WARN  server.GrpcLogAppender (LogUtils.java:warn(134)) - 4b46b974-3b1e-4de2-965f-cb6dfaf3e8b4: Failed appendEntries to cc5c8bea-c0b3-40d9-bee6-c3127edf20f0:192.168.105.177:33435: org.apache.ratis.thirdparty.io.grpc.StatusRuntimeException: UNAVAILABLE: io exception
2019-06-13 18:32:12,934 INFO  impl.FollowerInfo (FollowerInfo.java:lambda$new$0(50)) - 4b46b974-3b1e-4de2-965f-cb6dfaf3e8b4->cc5c8bea-c0b3-40d9-bee6-c3127edf20f0: nextIndex: updateUnconditionally 0 -> 0
2019-06-13 18:32:12,935 WARN  server.GrpcLogAppender (LogUtils.java:warn(134)) - 4b46b974-3b1e-4de2-965f-cb6dfaf3e8b4: Failed appendEntries to 4b5226b1-6f25-4224-9424-0618f7190562:192.168.105.177:46861: org.apache.ratis.thirdparty.io.grpc.StatusRuntimeException: UNAVAILABLE: io exception
2019-06-13 18:32:12,935 INFO  impl.FollowerInfo (FollowerInfo.java:lambda$new$0(50)) - 4b46b974-3b1e-4de2-965f-cb6dfaf3e8b4->4b5226b1-6f25-4224-9424-0618f7190562: nextIndex: updateUnconditionally 0 -> 0
2019-06-13 18:32:13,435 WARN  server.GrpcLogAppender (LogUtils.java:warn(134)) - 4b46b974-3b1e-4de2-965f-cb6dfaf3e8b4: Failed appendEntries to cc5c8bea-c0b3-40d9-bee6-c3127edf20f0:192.168.105.177:33435: org.apache.ratis.thirdparty.io.grpc.StatusRuntimeException: UNAVAILABLE: io exception
2019-06-13 18:32:13,435 WARN  server.GrpcLogAppender (LogUtils.java:warn(134)) - 4b46b974-3b1e-4de2-965f-cb6dfaf3e8b4: Failed appendEntries to 4b5226b1-6f25-4224-9424-0618f7190562:192.168.105.177:46861: org.apache.ratis.thirdparty.io.grpc.StatusRuntimeException: UNAVAILABLE: io exception
2019-06-13 18:32:13,435 INFO  impl.FollowerInfo (FollowerInfo.java:lambda$new$0(50)) - 4b46b974-3b1e-4de2-965f-cb6dfaf3e8b4->cc5c8bea-c0b3-40d9-bee6-c3127edf20f0: nextIndex: updateUnconditionally 0 -> 0
2019-06-13 18:32:13,435 INFO  impl.FollowerInfo (FollowerInfo.java:lambda$new$0(50)) - 4b46b974-3b1e-4de2-965f-cb6dfaf3e8b4->4b5226b1-6f25-4224-9424-0618f7190562: nextIndex: updateUnconditionally 0 -> 0
2019-06-13 18:32:13,935 WARN  server.GrpcLogAppender (LogUtils.java:warn(134)) - 4b46b974-3b1e-4de2-965f-cb6dfaf3e8b4: Failed appendEntries to cc5c8bea-c0b3-40d9-bee6-c3127edf20f0:192.168.105.177:33435: org.apache.ratis.thirdparty.io.grpc.StatusRuntimeException: UNAVAILABLE: io exception
2019-06-13 18:32:13,936 INFO  impl.FollowerInfo (FollowerInfo.java:lambda$new$0(50)) - 4b46b974-3b1e-4de2-965f-cb6dfaf3e8b4->cc5c8bea-c0b3-40d9-bee6-c3127edf20f0: nextIndex: updateUnconditionally 0 -> 0
2019-06-13 18:32:13,936 WARN  server.GrpcLogAppender (LogUtils.java:warn(134)) - 4b46b974-3b1e-4de2-965f-cb6dfaf3e8b4: Failed appendEntries to 4b5226b1-6f25-4224-9424-0618f7190562:192.168.105.177:46861: org.apache.ratis.thirdparty.io.grpc.StatusRuntimeException: UNAVAILABLE: io exception
2019-06-13 18:32:13,936 INFO  impl.FollowerInfo (FollowerInfo.java:lambda$new$0(50)) - 4b46b974-3b1e-4de2-965f-cb6dfaf3e8b4->4b5226b1-6f25-4224-9424-0618f7190562: nextIndex: updateUnconditionally 0 -> 0
2019-06-13 18:32:14,436 WARN  server.GrpcLogAppender (LogUtils.java:warn(134)) - 4b46b974-3b1e-4de2-965f-cb6dfaf3e8b4: Failed appendEntries to 4b5226b1-6f25-4224-9424-0618f7190562:192.168.105.177:46861: org.apache.ratis.thirdparty.io.grpc.StatusRuntimeException: UNAVAILABLE: io exception
2019-06-13 18:32:14,436 INFO  impl.FollowerInfo (FollowerInfo.java:lambda$new$0(50)) - 4b46b974-3b1e-4de2-965f-cb6dfaf3e8b4->4b5226b1-6f25-4224-9424-0618f7190562: nextIndex: updateUnconditionally 0 -> 0
2019-06-13 18:32:14,437 WARN  server.GrpcLogAppender (LogUtils.java:warn(134)) - 4b46b974-3b1e-4de2-965f-cb6dfaf3e8b4: Failed appendEntries to cc5c8bea-c0b3-40d9-bee6-c3127edf20f0:192.168.105.177:33435: org.apache.ratis.thirdparty.io.grpc.StatusRuntimeException: UNAVAILABLE: io exception
2019-06-13 18:32:14,437 INFO  impl.FollowerInfo (FollowerInfo.java:lambda$new$0(50)) - 4b46b974-3b1e-4de2-965f-cb6dfaf3e8b4->cc5c8bea-c0b3-40d9-bee6-c3127edf20f0: nextIndex: updateUnconditionally 0 -> 0
2019-06-13 18:32:14,937 WARN  server.GrpcLogAppender (LogUtils.java:warn(134)) - 4b46b974-3b1e-4de2-965f-cb6dfaf3e8b4: Failed appendEntries to 4b5226b1-6f25-4224-9424-0618f7190562:192.168.105.177:46861: org.apache.ratis.thirdparty.io.grpc.StatusRuntimeException: UNAVAILABLE: io exception
2019-06-13 18:32:14,937 WARN  server.GrpcLogAppender (LogUtils.java:warn(134)) - 4b46b974-3b1e-4de2-965f-cb6dfaf3e8b4: Failed appendEntries to cc5c8bea-c0b3-40d9-bee6-c3127edf20f0:192.168.105.177:33435: org.apache.ratis.thirdparty.io.grpc.StatusRuntimeException: UNAVAILABLE: io exception
2019-06-13 18:32:14,937 INFO  impl.FollowerInfo (FollowerInfo.java:lambda$new$0(50)) - 4b46b974-3b1e-4de2-965f-cb6dfaf3e8b4->4b5226b1-6f25-4224-9424-0618f7190562: nextIndex: updateUnconditionally 0 -> 0
2019-06-13 18:32:14,937 INFO  impl.FollowerInfo (FollowerInfo.java:lambda$new$0(50)) - 4b46b974-3b1e-4de2-965f-cb6dfaf3e8b4->cc5c8bea-c0b3-40d9-bee6-c3127edf20f0: nextIndex: updateUnconditionally 0 -> 0
2019-06-13 18:32:15,438 WARN  server.GrpcLogAppender (LogUtils.java:warn(134)) - 4b46b974-3b1e-4de2-965f-cb6dfaf3e8b4: Failed appendEntries to cc5c8bea-c0b3-40d9-bee6-c3127edf20f0:192.168.105.177:33435: org.apache.ratis.thirdparty.io.grpc.StatusRuntimeException: UNAVAILABLE: io exception
2019-06-13 18:32:15,438 INFO  impl.FollowerInfo (FollowerInfo.java:lambda$new$0(50)) - 4b46b974-3b1e-4de2-965f-cb6dfaf3e8b4->cc5c8bea-c0b3-40d9-bee6-c3127edf20f0: nextIndex: updateUnconditionally 0 -> 0
2019-06-13 18:32:15,439 WARN  server.GrpcLogAppender (LogUtils.java:warn(134)) - 4b46b974-3b1e-4de2-965f-cb6dfaf3e8b4: Failed appendEntries to 4b5226b1-6f25-4224-9424-0618f7190562:192.168.105.177:46861: org.apache.ratis.thirdparty.io.grpc.StatusRuntimeException: UNAVAILABLE: io exception
2019-06-13 18:32:15,439 INFO  impl.FollowerInfo (FollowerInfo.java:lambda$new$0(50)) - 4b46b974-3b1e-4de2-965f-cb6dfaf3e8b4->4b5226b1-6f25-4224-9424-0618f7190562: nextIndex: updateUnconditionally 0 -> 0
2019-06-13 18:32:15,938 WARN  server.GrpcLogAppender (LogUtils.java:warn(134)) - 4b46b974-3b1e-4de2-965f-cb6dfaf3e8b4: Failed appendEntries to cc5c8bea-c0b3-40d9-bee6-c3127edf20f0:192.168.105.177:33435: org.apache.ratis.thirdparty.io.grpc.StatusRuntimeException: UNAVAILABLE: io exception
2019-06-13 18:32:15,939 WARN  server.GrpcLogAppender (LogUtils.java:warn(134)) - 4b46b974-3b1e-4de2-965f-cb6dfaf3e8b4: Failed appendEntries to 4b5226b1-6f25-4224-9424-0618f7190562:192.168.105.177:46861: org.apache.ratis.thirdparty.io.grpc.StatusRuntimeException: UNAVAILABLE: io exception
2019-06-13 18:32:15,939 INFO  impl.FollowerInfo (FollowerInfo.java:lambda$new$0(50)) - 4b46b974-3b1e-4de2-965f-cb6dfaf3e8b4->cc5c8bea-c0b3-40d9-bee6-c3127edf20f0: nextIndex: updateUnconditionally 0 -> 0
2019-06-13 18:32:15,939 INFO  impl.FollowerInfo (FollowerInfo.java:lambda$new$0(50)) - 4b46b974-3b1e-4de2-965f-cb6dfaf3e8b4->4b5226b1-6f25-4224-9424-0618f7190562: nextIndex: updateUnconditionally 0 -> 0
2019-06-13 18:32:16,439 WARN  server.GrpcLogAppender (LogUtils.java:warn(134)) - 4b46b974-3b1e-4de2-965f-cb6dfaf3e8b4: Failed appendEntries to cc5c8bea-c0b3-40d9-bee6-c3127edf20f0:192.168.105.177:33435: org.apache.ratis.thirdparty.io.grpc.StatusRuntimeException: UNAVAILABLE: io exception
2019-06-13 18:32:16,439 INFO  impl.FollowerInfo (FollowerInfo.java:lambda$new$0(50)) - 4b46b974-3b1e-4de2-965f-cb6dfaf3e8b4->cc5c8bea-c0b3-40d9-bee6-c3127edf20f0: nextIndex: updateUnconditionally 0 -> 0
2019-06-13 18:32:16,439 WARN  server.GrpcLogAppender (LogUtils.java:warn(134)) - 4b46b974-3b1e-4de2-965f-cb6dfaf3e8b4: Failed appendEntries to 4b5226b1-6f25-4224-9424-0618f7190562:192.168.105.177:46861: org.apache.ratis.thirdparty.io.grpc.StatusRuntimeException: UNAVAILABLE: io exception
2019-06-13 18:32:16,440 INFO  impl.FollowerInfo (FollowerInfo.java:lambda$new$0(50)) - 4b46b974-3b1e-4de2-965f-cb6dfaf3e8b4->4b5226b1-6f25-4224-9424-0618f7190562: nextIndex: updateUnconditionally 0 -> 0
2019-06-13 18:32:16,939 WARN  server.GrpcLogAppender (LogUtils.java:warn(134)) - 4b46b974-3b1e-4de2-965f-cb6dfaf3e8b4: Failed appendEntries to cc5c8bea-c0b3-40d9-bee6-c3127edf20f0:192.168.105.177:33435: org.apache.ratis.thirdparty.io.grpc.StatusRuntimeException: UNAVAILABLE: io exception
2019-06-13 18:32:16,939 INFO  impl.FollowerInfo (FollowerInfo.java:lambda$new$0(50)) - 4b46b974-3b1e-4de2-965f-cb6dfaf3e8b4->cc5c8bea-c0b3-40d9-bee6-c3127edf20f0: nextIndex: updateUnconditionally 0 -> 0
2019-06-13 18:32:16,940 WARN  server.GrpcLogAppender (LogUtils.java:warn(134)) - 4b46b974-3b1e-4de2-965f-cb6dfaf3e8b4: Failed appendEntries to 4b5226b1-6f25-4224-9424-0618f7190562:192.168.105.177:46861: org.apache.ratis.thirdparty.io.grpc.StatusRuntimeException: UNAVAILABLE: io exception
2019-06-13 18:32:16,940 INFO  impl.FollowerInfo (FollowerInfo.java:lambda$new$0(50)) - 4b46b974-3b1e-4de2-965f-cb6dfaf3e8b4->4b5226b1-6f25-4224-9424-0618f7190562: nextIndex: updateUnconditionally 0 -> 0
2019-06-13 18:32:17,054 INFO  client.GrpcClientProtocolService (GrpcClientProtocolService.java:lambda$processClientRequest$0(264)) - Failed RaftClientRequest:client-B42B55308253->4b46b974-3b1e-4de2-965f-cb6dfaf3e8b4@group-C15636AE46FB, cid=67, seq=0, Watch-ALL_COMMITTED(2), Message:<EMPTY>, reply=RaftClientReply:client-B42B55308253->4b46b974-3b1e-4de2-965f-cb6dfaf3e8b4@group-C15636AE46FB, cid=67, FAILED org.apache.ratis.protocol.NotReplicatedException: Request with call Id 67 and log index 2 is not yet replicated to ALL_COMMITTED, logIndex=2, commits[4b46b974-3b1e-4de2-965f-cb6dfaf3e8b4:c2, cc5c8bea-c0b3-40d9-bee6-c3127edf20f0:c1, 4b5226b1-6f25-4224-9424-0618f7190562:c1]
2019-06-13 18:32:17,440 WARN  server.GrpcLogAppender (LogUtils.java:warn(134)) - 4b46b974-3b1e-4de2-965f-cb6dfaf3e8b4: Failed appendEntries to cc5c8bea-c0b3-40d9-bee6-c3127edf20f0:192.168.105.177:33435: org.apache.ratis.thirdparty.io.grpc.StatusRuntimeException: UNAVAILABLE: io exception
2019-06-13 18:32:17,440 INFO  impl.FollowerInfo (FollowerInfo.java:lambda$new$0(50)) - 4b46b974-3b1e-4de2-965f-cb6dfaf3e8b4->cc5c8bea-c0b3-40d9-bee6-c3127edf20f0: nextIndex: updateUnconditionally 0 -> 0
2019-06-13 18:32:17,441 WARN  server.GrpcLogAppender (LogUtils.java:warn(134)) - 4b46b974-3b1e-4de2-965f-cb6dfaf3e8b4: Failed appendEntries to 4b5226b1-6f25-4224-9424-0618f7190562:192.168.105.177:46861: org.apache.ratis.thirdparty.io.grpc.StatusRuntimeException: UNAVAILABLE: io exception
2019-06-13 18:32:17,441 INFO  impl.FollowerInfo (FollowerInfo.java:lambda$new$0(50)) - 4b46b974-3b1e-4de2-965f-cb6dfaf3e8b4->4b5226b1-6f25-4224-9424-0618f7190562: nextIndex: updateUnconditionally 0 -> 0
2019-06-13 18:32:17,940 WARN  server.GrpcLogAppender (LogUtils.java:warn(134)) - 4b46b974-3b1e-4de2-965f-cb6dfaf3e8b4: Failed appendEntries to cc5c8bea-c0b3-40d9-bee6-c3127edf20f0:192.168.105.177:33435: org.apache.ratis.thirdparty.io.grpc.StatusRuntimeException: UNAVAILABLE: io exception
2019-06-13 18:32:17,941 INFO  impl.FollowerInfo (FollowerInfo.java:lambda$new$0(50)) - 4b46b974-3b1e-4de2-965f-cb6dfaf3e8b4->cc5c8bea-c0b3-40d9-bee6-c3127edf20f0: nextIndex: updateUnconditionally 0 -> 0
2019-06-13 18:32:17,941 WARN  server.GrpcLogAppender (LogUtils.java:warn(134)) - 4b46b974-3b1e-4de2-965f-cb6dfaf3e8b4: Failed appendEntries to 4b5226b1-6f25-4224-9424-0618f7190562:192.168.105.177:46861: org.apache.ratis.thirdparty.io.grpc.StatusRuntimeException: UNAVAILABLE: io exception
2019-06-13 18:32:17,942 INFO  impl.FollowerInfo (FollowerInfo.java:lambda$new$0(50)) - 4b46b974-3b1e-4de2-965f-cb6dfaf3e8b4->4b5226b1-6f25-4224-9424-0618f7190562: nextIndex: updateUnconditionally 0 -> 0
2019-06-13 18:32:18,441 WARN  server.GrpcLogAppender (LogUtils.java:warn(134)) - 4b46b974-3b1e-4de2-965f-cb6dfaf3e8b4: Failed appendEntries to cc5c8bea-c0b3-40d9-bee6-c3127edf20f0:192.168.105.177:33435: org.apache.ratis.thirdparty.io.grpc.StatusRuntimeException: UNAVAILABLE: io exception
2019-06-13 18:32:18,441 INFO  impl.FollowerInfo (FollowerInfo.java:lambda$new$0(50)) - 4b46b974-3b1e-4de2-965f-cb6dfaf3e8b4->cc5c8bea-c0b3-40d9-bee6-c3127edf20f0: nextIndex: updateUnconditionally 0 -> 0
2019-06-13 18:32:18,442 WARN  server.GrpcLogAppender (LogUtils.java:warn(134)) - 4b46b974-3b1e-4de2-965f-cb6dfaf3e8b4: Failed appendEntries to 4b5226b1-6f25-4224-9424-0618f7190562:192.168.105.177:46861: org.apache.ratis.thirdparty.io.grpc.StatusRuntimeException: UNAVAILABLE: io exception
2019-06-13 18:32:18,442 INFO  impl.FollowerInfo (FollowerInfo.java:lambda$new$0(50)) - 4b46b974-3b1e-4de2-965f-cb6dfaf3e8b4->4b5226b1-6f25-4224-9424-0618f7190562: nextIndex: updateUnconditionally 0 -> 0
2019-06-13 18:32:18,942 WARN  server.GrpcLogAppender (LogUtils.java:warn(134)) - 4b46b974-3b1e-4de2-965f-cb6dfaf3e8b4: Failed appendEntries to cc5c8bea-c0b3-40d9-bee6-c3127edf20f0:192.168.105.177:33435: org.apache.ratis.thirdparty.io.grpc.StatusRuntimeException: UNAVAILABLE: io exception
2019-06-13 18:32:18,942 INFO  impl.FollowerInfo (FollowerInfo.java:lambda$new$0(50)) - 4b46b974-3b1e-4de2-965f-cb6dfaf3e8b4->cc5c8bea-c0b3-40d9-bee6-c3127edf20f0: nextIndex: updateUnconditionally 0 -> 0
2019-06-13 18:32:18,942 WARN  server.GrpcLogAppender (LogUtils.java:warn(134)) - 4b46b974-3b1e-4de2-965f-cb6dfaf3e8b4: Failed appendEntries to 4b5226b1-6f25-4224-9424-0618f7190562:192.168.105.177:46861: org.apache.ratis.thirdparty.io.grpc.StatusRuntimeException: UNAVAILABLE: io exception
2019-06-13 18:32:18,943 INFO  impl.FollowerInfo (FollowerInfo.java:lambda$new$0(50)) - 4b46b974-3b1e-4de2-965f-cb6dfaf3e8b4->4b5226b1-6f25-4224-9424-0618f7190562: nextIndex: updateUnconditionally 0 -> 0
2019-06-13 18:32:19,442 WARN  server.GrpcLogAppender (LogUtils.java:warn(134)) - 4b46b974-3b1e-4de2-965f-cb6dfaf3e8b4: Failed appendEntries to cc5c8bea-c0b3-40d9-bee6-c3127edf20f0:192.168.105.177:33435: org.apache.ratis.thirdparty.io.grpc.StatusRuntimeException: UNAVAILABLE: io exception
2019-06-13 18:32:19,442 INFO  impl.FollowerInfo (FollowerInfo.java:lambda$new$0(50)) - 4b46b974-3b1e-4de2-965f-cb6dfaf3e8b4->cc5c8bea-c0b3-40d9-bee6-c3127edf20f0: nextIndex: updateUnconditionally 0 -> 0
2019-06-13 18:32:19,443 WARN  server.GrpcLogAppender (LogUtils.java:warn(134)) - 4b46b974-3b1e-4de2-965f-cb6dfaf3e8b4: Failed appendEntries to 4b5226b1-6f25-4224-9424-0618f7190562:192.168.105.177:46861: org.apache.ratis.thirdparty.io.grpc.StatusRuntimeException: UNAVAILABLE: io exception
2019-06-13 18:32:19,443 INFO  impl.FollowerInfo (FollowerInfo.java:lambda$new$0(50)) - 4b46b974-3b1e-4de2-965f-cb6dfaf3e8b4->4b5226b1-6f25-4224-9424-0618f7190562: nextIndex: updateUnconditionally 0 -> 0
2019-06-13 18:32:19,942 WARN  server.GrpcLogAppender (LogUtils.java:warn(134)) - 4b46b974-3b1e-4de2-965f-cb6dfaf3e8b4: Failed appendEntries to cc5c8bea-c0b3-40d9-bee6-c3127edf20f0:192.168.105.177:33435: org.apache.ratis.thirdparty.io.grpc.StatusRuntimeException: UNAVAILABLE: io exception
2019-06-13 18:32:19,943 INFO  impl.FollowerInfo (FollowerInfo.java:lambda$new$0(50)) - 4b46b974-3b1e-4de2-965f-cb6dfaf3e8b4->cc5c8bea-c0b3-40d9-bee6-c3127edf20f0: nextIndex: updateUnconditionally 0 -> 0
2019-06-13 18:32:19,943 WARN  server.GrpcLogAppender (LogUtils.java:warn(134)) - 4b46b974-3b1e-4de2-965f-cb6dfaf3e8b4: Failed appendEntries to 4b5226b1-6f25-4224-9424-0618f7190562:192.168.105.177:46861: org.apache.ratis.thirdparty.io.grpc.StatusRuntimeException: UNAVAILABLE: io exception
2019-06-13 18:32:19,943 INFO  impl.FollowerInfo (FollowerInfo.java:lambda$new$0(50)) - 4b46b974-3b1e-4de2-965f-cb6dfaf3e8b4->4b5226b1-6f25-4224-9424-0618f7190562: nextIndex: updateUnconditionally 0 -> 0
2019-06-13 18:32:20,443 WARN  server.GrpcLogAppender (LogUtils.java:warn(134)) - 4b46b974-3b1e-4de2-965f-cb6dfaf3e8b4: Failed appendEntries to cc5c8bea-c0b3-40d9-bee6-c3127edf20f0:192.168.105.177:33435: org.apache.ratis.thirdparty.io.grpc.StatusRuntimeException: UNAVAILABLE: io exception
2019-06-13 18:32:20,443 INFO  impl.FollowerInfo (FollowerInfo.java:lambda$new$0(50)) - 4b46b974-3b1e-4de2-965f-cb6dfaf3e8b4->cc5c8bea-c0b3-40d9-bee6-c3127edf20f0: nextIndex: updateUnconditionally 0 -> 0
2019-06-13 18:32:20,443 WARN  server.GrpcLogAppender (LogUtils.java:warn(134)) - 4b46b974-3b1e-4de2-965f-cb6dfaf3e8b4: Failed appendEntries to 4b5226b1-6f25-4224-9424-0618f7190562:192.168.105.177:46861: org.apache.ratis.thirdparty.io.grpc.StatusRuntimeException: UNAVAILABLE: io exception
2019-06-13 18:32:20,444 INFO  impl.FollowerInfo (FollowerInfo.java:lambda$new$0(50)) - 4b46b974-3b1e-4de2-965f-cb6dfaf3e8b4->4b5226b1-6f25-4224-9424-0618f7190562: nextIndex: updateUnconditionally 0 -> 0
2019-06-13 18:32:20,943 WARN  server.GrpcLogAppender (LogUtils.java:warn(134)) - 4b46b974-3b1e-4de2-965f-cb6dfaf3e8b4: Failed appendEntries to cc5c8bea-c0b3-40d9-bee6-c3127edf20f0:192.168.105.177:33435: org.apache.ratis.thirdparty.io.grpc.StatusRuntimeException: UNAVAILABLE: io exception
2019-06-13 18:32:20,944 INFO  impl.FollowerInfo (FollowerInfo.java:lambda$new$0(50)) - 4b46b974-3b1e-4de2-965f-cb6dfaf3e8b4->cc5c8bea-c0b3-40d9-bee6-c3127edf20f0: nextIndex: updateUnconditionally 0 -> 0
2019-06-13 18:32:20,944 WARN  server.GrpcLogAppender (LogUtils.java:warn(134)) - 4b46b974-3b1e-4de2-965f-cb6dfaf3e8b4: Failed appendEntries to 4b5226b1-6f25-4224-9424-0618f7190562:192.168.105.177:46861: org.apache.ratis.thirdparty.io.grpc.StatusRuntimeException: UNAVAILABLE: io exception
2019-06-13 18:32:20,944 INFO  impl.FollowerInfo (FollowerInfo.java:lambda$new$0(50)) - 4b46b974-3b1e-4de2-965f-cb6dfaf3e8b4->4b5226b1-6f25-4224-9424-0618f7190562: nextIndex: updateUnconditionally 0 -> 0
2019-06-13 18:32:21,444 WARN  server.GrpcLogAppender (LogUtils.java:warn(134)) - 4b46b974-3b1e-4de2-965f-cb6dfaf3e8b4: Failed appendEntries to 4b5226b1-6f25-4224-9424-0618f7190562:192.168.105.177:46861: org.apache.ratis.thirdparty.io.grpc.StatusRuntimeException: UNAVAILABLE: io exception
2019-06-13 18:32:21,445 WARN  server.GrpcLogAppender (LogUtils.java:warn(134)) - 4b46b974-3b1e-4de2-965f-cb6dfaf3e8b4: Failed appendEntries to cc5c8bea-c0b3-40d9-bee6-c3127edf20f0:192.168.105.177:33435: org.apache.ratis.thirdparty.io.grpc.StatusRuntimeException: UNAVAILABLE: io exception
2019-06-13 18:32:21,445 INFO  impl.FollowerInfo (FollowerInfo.java:lambda$new$0(50)) - 4b46b974-3b1e-4de2-965f-cb6dfaf3e8b4->4b5226b1-6f25-4224-9424-0618f7190562: nextIndex: updateUnconditionally 0 -> 0
2019-06-13 18:32:21,445 INFO  impl.FollowerInfo (FollowerInfo.java:lambda$new$0(50)) - 4b46b974-3b1e-4de2-965f-cb6dfaf3e8b4->cc5c8bea-c0b3-40d9-bee6-c3127edf20f0: nextIndex: updateUnconditionally 0 -> 0
2019-06-13 18:32:21,945 WARN  server.GrpcLogAppender (LogUtils.java:warn(134)) - 4b46b974-3b1e-4de2-965f-cb6dfaf3e8b4: Failed appendEntries to cc5c8bea-c0b3-40d9-bee6-c3127edf20f0:192.168.105.177:33435: org.apache.ratis.thirdparty.io.grpc.StatusRuntimeException: UNAVAILABLE: io exception
2019-06-13 18:32:21,945 WARN  server.GrpcLogAppender (LogUtils.java:warn(134)) - 4b46b974-3b1e-4de2-965f-cb6dfaf3e8b4: Failed appendEntries to 4b5226b1-6f25-4224-9424-0618f7190562:192.168.105.177:46861: org.apache.ratis.thirdparty.io.grpc.StatusRuntimeException: UNAVAILABLE: io exception
2019-06-13 18:32:21,945 INFO  impl.FollowerInfo (FollowerInfo.java:lambda$new$0(50)) - 4b46b974-3b1e-4de2-965f-cb6dfaf3e8b4->cc5c8bea-c0b3-40d9-bee6-c3127edf20f0: nextIndex: updateUnconditionally 0 -> 0
2019-06-13 18:32:21,945 INFO  impl.FollowerInfo (FollowerInfo.java:lambda$new$0(50)) - 4b46b974-3b1e-4de2-965f-cb6dfaf3e8b4->4b5226b1-6f25-4224-9424-0618f7190562: nextIndex: updateUnconditionally 0 -> 0
2019-06-13 18:32:22,445 WARN  server.GrpcLogAppender (LogUtils.java:warn(134)) - 4b46b974-3b1e-4de2-965f-cb6dfaf3e8b4: Failed appendEntries to cc5c8bea-c0b3-40d9-bee6-c3127edf20f0:192.168.105.177:33435: org.apache.ratis.thirdparty.io.grpc.StatusRuntimeException: UNAVAILABLE: io exception
2019-06-13 18:32:22,446 INFO  impl.FollowerInfo (FollowerInfo.java:lambda$new$0(50)) - 4b46b974-3b1e-4de2-965f-cb6dfaf3e8b4->cc5c8bea-c0b3-40d9-bee6-c3127edf20f0: nextIndex: updateUnconditionally 0 -> 0
2019-06-13 18:32:22,446 WARN  server.GrpcLogAppender (LogUtils.java:warn(134)) - 4b46b974-3b1e-4de2-965f-cb6dfaf3e8b4: Failed appendEntries to 4b5226b1-6f25-4224-9424-0618f7190562:192.168.105.177:46861: org.apache.ratis.thirdparty.io.grpc.StatusRuntimeException: UNAVAILABLE: io exception
2019-06-13 18:32:22,446 INFO  impl.FollowerInfo (FollowerInfo.java:lambda$new$0(50)) - 4b46b974-3b1e-4de2-965f-cb6dfaf3e8b4->4b5226b1-6f25-4224-9424-0618f7190562: nextIndex: updateUnconditionally 0 -> 0
2019-06-13 18:32:22,946 WARN  server.GrpcLogAppender (LogUtils.java:warn(134)) - 4b46b974-3b1e-4de2-965f-cb6dfaf3e8b4: Failed appendEntries to cc5c8bea-c0b3-40d9-bee6-c3127edf20f0:192.168.105.177:33435: org.apache.ratis.thirdparty.io.grpc.StatusRuntimeException: UNAVAILABLE: io exception
2019-06-13 18:32:22,946 INFO  impl.FollowerInfo (FollowerInfo.java:lambda$new$0(50)) - 4b46b974-3b1e-4de2-965f-cb6dfaf3e8b4->cc5c8bea-c0b3-40d9-bee6-c3127edf20f0: nextIndex: updateUnconditionally 0 -> 0
2019-06-13 18:32:22,946 WARN  server.GrpcLogAppender (LogUtils.java:warn(134)) - 4b46b974-3b1e-4de2-965f-cb6dfaf3e8b4: Failed appendEntries to 4b5226b1-6f25-4224-9424-0618f7190562:192.168.105.177:46861: org.apache.ratis.thirdparty.io.grpc.StatusRuntimeException: UNAVAILABLE: io exception
2019-06-13 18:32:22,946 INFO  impl.FollowerInfo (FollowerInfo.java:lambda$new$0(50)) - 4b46b974-3b1e-4de2-965f-cb6dfaf3e8b4->4b5226b1-6f25-4224-9424-0618f7190562: nextIndex: updateUnconditionally 0 -> 0
2019-06-13 18:32:23,055 INFO  client.GrpcClientProtocolService (GrpcClientProtocolService.java:lambda$processClientRequest$0(264)) - Failed RaftClientRequest:client-B42B55308253->4b46b974-3b1e-4de2-965f-cb6dfaf3e8b4@group-C15636AE46FB, cid=67, seq=0, Watch-ALL_COMMITTED(2), Message:<EMPTY>, reply=RaftClientReply:client-B42B55308253->4b46b974-3b1e-4de2-965f-cb6dfaf3e8b4@group-C15636AE46FB, cid=67, FAILED org.apache.ratis.protocol.NotReplicatedException: Request with call Id 67 and log index 2 is not yet replicated to ALL_COMMITTED, logIndex=2, commits[4b46b974-3b1e-4de2-965f-cb6dfaf3e8b4:c2, cc5c8bea-c0b3-40d9-bee6-c3127edf20f0:c1, 4b5226b1-6f25-4224-9424-0618f7190562:c1]
2019-06-13 18:32:23,446 WARN  server.GrpcLogAppender (LogUtils.java:warn(134)) - 4b46b974-3b1e-4de2-965f-cb6dfaf3e8b4: Failed appendEntries to 4b5226b1-6f25-4224-9424-0618f7190562:192.168.105.177:46861: org.apache.ratis.thirdparty.io.grpc.StatusRuntimeException: UNAVAILABLE: io exception
2019-06-13 18:32:23,446 WARN  server.GrpcLogAppender (LogUtils.java:warn(134)) - 4b46b974-3b1e-4de2-965f-cb6dfaf3e8b4: Failed appendEntries to cc5c8bea-c0b3-40d9-bee6-c3127edf20f0:192.168.105.177:33435: org.apache.ratis.thirdparty.io.grpc.StatusRuntimeException: UNAVAILABLE: io exception
2019-06-13 18:32:23,446 INFO  impl.FollowerInfo (FollowerInfo.java:lambda$new$0(50)) - 4b46b974-3b1e-4de2-965f-cb6dfaf3e8b4->4b5226b1-6f25-4224-9424-0618f7190562: nextIndex: updateUnconditionally 0 -> 0
2019-06-13 18:32:23,446 INFO  impl.FollowerInfo (FollowerInfo.java:lambda$new$0(50)) - 4b46b974-3b1e-4de2-965f-cb6dfaf3e8b4->cc5c8bea-c0b3-40d9-bee6-c3127edf20f0: nextIndex: updateUnconditionally 0 -> 0
2019-06-13 18:32:23,947 WARN  server.GrpcLogAppender (LogUtils.java:warn(134)) - 4b46b974-3b1e-4de2-965f-cb6dfaf3e8b4: Failed appendEntries to cc5c8bea-c0b3-40d9-bee6-c3127edf20f0:192.168.105.177:33435: org.apache.ratis.thirdparty.io.grpc.StatusRuntimeException: UNAVAILABLE: io exception
2019-06-13 18:32:23,947 INFO  impl.FollowerInfo (FollowerInfo.java:lambda$new$0(50)) - 4b46b974-3b1e-4de2-965f-cb6dfaf3e8b4->cc5c8bea-c0b3-40d9-bee6-c3127edf20f0: nextIndex: updateUnconditionally 0 -> 0
2019-06-13 18:32:23,947 WARN  server.GrpcLogAppender (LogUtils.java:warn(134)) - 4b46b974-3b1e-4de2-965f-cb6dfaf3e8b4: Failed appendEntries to 4b5226b1-6f25-4224-9424-0618f7190562:192.168.105.177:46861: org.apache.ratis.thirdparty.io.grpc.StatusRuntimeException: UNAVAILABLE: io exception
2019-06-13 18:32:23,948 INFO  impl.FollowerInfo (FollowerInfo.java:lambda$new$0(50)) - 4b46b974-3b1e-4de2-965f-cb6dfaf3e8b4->4b5226b1-6f25-4224-9424-0618f7190562: nextIndex: updateUnconditionally 0 -> 0
2019-06-13 18:32:24,447 WARN  server.GrpcLogAppender (LogUtils.java:warn(134)) - 4b46b974-3b1e-4de2-965f-cb6dfaf3e8b4: Failed appendEntries to 4b5226b1-6f25-4224-9424-0618f7190562:192.168.105.177:46861: org.apache.ratis.thirdparty.io.grpc.StatusRuntimeException: UNAVAILABLE: io exception
2019-06-13 18:32:24,447 WARN  server.GrpcLogAppender (LogUtils.java:warn(134)) - 4b46b974-3b1e-4de2-965f-cb6dfaf3e8b4: Failed appendEntries to cc5c8bea-c0b3-40d9-bee6-c3127edf20f0:192.168.105.177:33435: org.apache.ratis.thirdparty.io.grpc.StatusRuntimeException: UNAVAILABLE: io exception
2019-06-13 18:32:24,448 INFO  impl.FollowerInfo (FollowerInfo.java:lambda$new$0(50)) - 4b46b974-3b1e-4de2-965f-cb6dfaf3e8b4->cc5c8bea-c0b3-40d9-bee6-c3127edf20f0: nextIndex: updateUnconditionally 0 -> 0
2019-06-13 18:32:24,448 INFO  impl.FollowerInfo (FollowerInfo.java:lambda$new$0(50)) - 4b46b974-3b1e-4de2-965f-cb6dfaf3e8b4->4b5226b1-6f25-4224-9424-0618f7190562: nextIndex: updateUnconditionally 0 -> 0
2019-06-13 18:32:24,948 WARN  server.GrpcLogAppender (LogUtils.java:warn(134)) - 4b46b974-3b1e-4de2-965f-cb6dfaf3e8b4: Failed appendEntries to 4b5226b1-6f25-4224-9424-0618f7190562:192.168.105.177:46861: org.apache.ratis.thirdparty.io.grpc.StatusRuntimeException: UNAVAILABLE: io exception
2019-06-13 18:32:24,948 WARN  server.GrpcLogAppender (LogUtils.java:warn(134)) - 4b46b974-3b1e-4de2-965f-cb6dfaf3e8b4: Failed appendEntries to cc5c8bea-c0b3-40d9-bee6-c3127edf20f0:192.168.105.177:33435: org.apache.ratis.thirdparty.io.grpc.StatusRuntimeException: UNAVAILABLE: io exception
2019-06-13 18:32:24,948 INFO  impl.FollowerInfo (FollowerInfo.java:lambda$new$0(50)) - 4b46b974-3b1e-4de2-965f-cb6dfaf3e8b4->4b5226b1-6f25-4224-9424-0618f7190562: nextIndex: updateUnconditionally 0 -> 0
2019-06-13 18:32:24,948 INFO  impl.FollowerInfo (FollowerInfo.java:lambda$new$0(50)) - 4b46b974-3b1e-4de2-965f-cb6dfaf3e8b4->cc5c8bea-c0b3-40d9-bee6-c3127edf20f0: nextIndex: updateUnconditionally 0 -> 0
2019-06-13 18:32:25,449 WARN  server.GrpcLogAppender (LogUtils.java:warn(134)) - 4b46b974-3b1e-4de2-965f-cb6dfaf3e8b4: Failed appendEntries to cc5c8bea-c0b3-40d9-bee6-c3127edf20f0:192.168.105.177:33435: org.apache.ratis.thirdparty.io.grpc.StatusRuntimeException: UNAVAILABLE: io exception
2019-06-13 18:32:25,449 WARN  server.GrpcLogAppender (LogUtils.java:warn(134)) - 4b46b974-3b1e-4de2-965f-cb6dfaf3e8b4: Failed appendEntries to 4b5226b1-6f25-4224-9424-0618f7190562:192.168.105.177:46861: org.apache.ratis.thirdparty.io.grpc.StatusRuntimeException: UNAVAILABLE: io exception
2019-06-13 18:32:25,449 INFO  impl.FollowerInfo (FollowerInfo.java:lambda$new$0(50)) - 4b46b974-3b1e-4de2-965f-cb6dfaf3e8b4->cc5c8bea-c0b3-40d9-bee6-c3127edf20f0: nextIndex: updateUnconditionally 0 -> 0
2019-06-13 18:32:25,449 INFO  impl.FollowerInfo (FollowerInfo.java:lambda$new$0(50)) - 4b46b974-3b1e-4de2-965f-cb6dfaf3e8b4->4b5226b1-6f25-4224-9424-0618f7190562: nextIndex: updateUnconditionally 0 -> 0
2019-06-13 18:32:25,987 WARN  server.GrpcLogAppender (LogUtils.java:warn(134)) - 4b46b974-3b1e-4de2-965f-cb6dfaf3e8b4: Failed appendEntries to cc5c8bea-c0b3-40d9-bee6-c3127edf20f0:192.168.105.177:33435: org.apache.ratis.thirdparty.io.grpc.StatusRuntimeException: UNAVAILABLE: io exception
2019-06-13 18:32:25,988 INFO  impl.FollowerInfo (FollowerInfo.java:lambda$new$0(50)) - 4b46b974-3b1e-4de2-965f-cb6dfaf3e8b4->cc5c8bea-c0b3-40d9-bee6-c3127edf20f0: nextIndex: updateUnconditionally 0 -> 0
2019-06-13 18:32:25,989 WARN  server.GrpcLogAppender (LogUtils.java:warn(134)) - 4b46b974-3b1e-4de2-965f-cb6dfaf3e8b4: Failed appendEntries to 4b5226b1-6f25-4224-9424-0618f7190562:192.168.105.177:46861: org.apache.ratis.thirdparty.io.grpc.StatusRuntimeException: UNAVAILABLE: io exception
2019-06-13 18:32:25,994 INFO  impl.FollowerInfo (FollowerInfo.java:lambda$new$0(50)) - 4b46b974-3b1e-4de2-965f-cb6dfaf3e8b4->4b5226b1-6f25-4224-9424-0618f7190562: nextIndex: updateUnconditionally 0 -> 0
2019-06-13 18:32:26,488 WARN  server.GrpcLogAppender (LogUtils.java:warn(134)) - 4b46b974-3b1e-4de2-965f-cb6dfaf3e8b4: Failed appendEntries to cc5c8bea-c0b3-40d9-bee6-c3127edf20f0:192.168.105.177:33435: org.apache.ratis.thirdparty.io.grpc.StatusRuntimeException: UNAVAILABLE: io exception
2019-06-13 18:32:26,488 INFO  impl.FollowerInfo (FollowerInfo.java:lambda$new$0(50)) - 4b46b974-3b1e-4de2-965f-cb6dfaf3e8b4->cc5c8bea-c0b3-40d9-bee6-c3127edf20f0: nextIndex: updateUnconditionally 0 -> 0
2019-06-13 18:32:26,488 WARN  server.GrpcLogAppender (LogUtils.java:warn(134)) - 4b46b974-3b1e-4de2-965f-cb6dfaf3e8b4: Failed appendEntries to 4b5226b1-6f25-4224-9424-0618f7190562:192.168.105.177:46861: org.apache.ratis.thirdparty.io.grpc.StatusRuntimeException: UNAVAILABLE: io exception
2019-06-13 18:32:26,489 INFO  impl.FollowerInfo (FollowerInfo.java:lambda$new$0(50)) - 4b46b974-3b1e-4de2-965f-cb6dfaf3e8b4->4b5226b1-6f25-4224-9424-0618f7190562: nextIndex: updateUnconditionally 0 -> 0
2019-06-13 18:32:26,989 WARN  server.GrpcLogAppender (LogUtils.java:warn(134)) - 4b46b974-3b1e-4de2-965f-cb6dfaf3e8b4: Failed appendEntries to 4b5226b1-6f25-4224-9424-0618f7190562:192.168.105.177:46861: org.apache.ratis.thirdparty.io.grpc.StatusRuntimeException: UNAVAILABLE: io exception
2019-06-13 18:32:26,989 WARN  server.GrpcLogAppender (LogUtils.java:warn(134)) - 4b46b974-3b1e-4de2-965f-cb6dfaf3e8b4: Failed appendEntries to cc5c8bea-c0b3-40d9-bee6-c3127edf20f0:192.168.105.177:33435: org.apache.ratis.thirdparty.io.grpc.StatusRuntimeException: UNAVAILABLE: io exception
2019-06-13 18:32:26,989 INFO  impl.FollowerInfo (FollowerInfo.java:lambda$new$0(50)) - 4b46b974-3b1e-4de2-965f-cb6dfaf3e8b4->4b5226b1-6f25-4224-9424-0618f7190562: nextIndex: updateUnconditionally 0 -> 0
2019-06-13 18:32:26,989 INFO  impl.FollowerInfo (FollowerInfo.java:lambda$new$0(50)) - 4b46b974-3b1e-4de2-965f-cb6dfaf3e8b4->cc5c8bea-c0b3-40d9-bee6-c3127edf20f0: nextIndex: updateUnconditionally 0 -> 0
2019-06-13 18:32:27,046 WARN  scm.XceiverClientRatis (XceiverClientRatis.java:watchForCommit(260)) - 3 way commit failed 
java.util.concurrent.TimeoutException
	at java.util.concurrent.CompletableFuture.timedGet(CompletableFuture.java:1771)
	at java.util.concurrent.CompletableFuture.get(CompletableFuture.java:1915)
	at org.apache.hadoop.hdds.scm.XceiverClientRatis.watchForCommit(XceiverClientRatis.java:257)
	at org.apache.hadoop.ozone.client.rpc.TestWatchForCommit.testWatchForCommitForRetryfailure(TestWatchForCommit.java:347)
	at sun.reflect.NativeMethodAccessorImpl.invoke0(Native Method)
	at sun.reflect.NativeMethodAccessorImpl.invoke(NativeMethodAccessorImpl.java:62)
	at sun.reflect.DelegatingMethodAccessorImpl.invoke(DelegatingMethodAccessorImpl.java:43)
	at java.lang.reflect.Method.invoke(Method.java:498)
	at org.junit.runners.model.FrameworkMethod$1.runReflectiveCall(FrameworkMethod.java:47)
	at org.junit.internal.runners.model.ReflectiveCallable.run(ReflectiveCallable.java:12)
	at org.junit.runners.model.FrameworkMethod.invokeExplosively(FrameworkMethod.java:44)
	at org.junit.internal.runners.statements.InvokeMethod.evaluate(InvokeMethod.java:17)
	at org.junit.runners.ParentRunner.runLeaf(ParentRunner.java:271)
	at org.junit.runners.BlockJUnit4ClassRunner.runChild(BlockJUnit4ClassRunner.java:70)
	at org.junit.runners.BlockJUnit4ClassRunner.runChild(BlockJUnit4ClassRunner.java:50)
	at org.junit.runners.ParentRunner$3.run(ParentRunner.java:238)
	at org.junit.runners.ParentRunner$1.schedule(ParentRunner.java:63)
	at org.junit.runners.ParentRunner.runChildren(ParentRunner.java:236)
	at org.junit.runners.ParentRunner.access$000(ParentRunner.java:53)
	at org.junit.runners.ParentRunner$2.evaluate(ParentRunner.java:229)
	at org.junit.runners.ParentRunner.run(ParentRunner.java:309)
	at org.apache.maven.surefire.junit4.JUnit4Provider.execute(JUnit4Provider.java:365)
	at org.apache.maven.surefire.junit4.JUnit4Provider.executeWithRerun(JUnit4Provider.java:273)
	at org.apache.maven.surefire.junit4.JUnit4Provider.executeTestSet(JUnit4Provider.java:238)
	at org.apache.maven.surefire.junit4.JUnit4Provider.invoke(JUnit4Provider.java:159)
	at org.apache.maven.surefire.booter.ForkedBooter.invokeProviderInSameClassLoader(ForkedBooter.java:384)
	at org.apache.maven.surefire.booter.ForkedBooter.runSuitesInProcess(ForkedBooter.java:345)
	at org.apache.maven.surefire.booter.ForkedBooter.execute(ForkedBooter.java:126)
	at org.apache.maven.surefire.booter.ForkedBooter.main(ForkedBooter.java:418)
2019-06-13 18:32:27,489 WARN  server.GrpcLogAppender (LogUtils.java:warn(134)) - 4b46b974-3b1e-4de2-965f-cb6dfaf3e8b4: Failed appendEntries to 4b5226b1-6f25-4224-9424-0618f7190562:192.168.105.177:46861: org.apache.ratis.thirdparty.io.grpc.StatusRuntimeException: UNAVAILABLE: io exception
2019-06-13 18:32:27,489 WARN  server.GrpcLogAppender (LogUtils.java:warn(134)) - 4b46b974-3b1e-4de2-965f-cb6dfaf3e8b4: Failed appendEntries to cc5c8bea-c0b3-40d9-bee6-c3127edf20f0:192.168.105.177:33435: org.apache.ratis.thirdparty.io.grpc.StatusRuntimeException: UNAVAILABLE: io exception
2019-06-13 18:32:27,489 INFO  impl.FollowerInfo (FollowerInfo.java:lambda$new$0(50)) - 4b46b974-3b1e-4de2-965f-cb6dfaf3e8b4->4b5226b1-6f25-4224-9424-0618f7190562: nextIndex: updateUnconditionally 0 -> 0
2019-06-13 18:32:27,490 INFO  impl.FollowerInfo (FollowerInfo.java:lambda$new$0(50)) - 4b46b974-3b1e-4de2-965f-cb6dfaf3e8b4->cc5c8bea-c0b3-40d9-bee6-c3127edf20f0: nextIndex: updateUnconditionally 0 -> 0
2019-06-13 18:32:27,990 WARN  server.GrpcLogAppender (LogUtils.java:warn(134)) - 4b46b974-3b1e-4de2-965f-cb6dfaf3e8b4: Failed appendEntries to cc5c8bea-c0b3-40d9-bee6-c3127edf20f0:192.168.105.177:33435: org.apache.ratis.thirdparty.io.grpc.StatusRuntimeException: UNAVAILABLE: io exception
2019-06-13 18:32:27,990 WARN  server.GrpcLogAppender (LogUtils.java:warn(134)) - 4b46b974-3b1e-4de2-965f-cb6dfaf3e8b4: Failed appendEntries to 4b5226b1-6f25-4224-9424-0618f7190562:192.168.105.177:46861: org.apache.ratis.thirdparty.io.grpc.StatusRuntimeException: UNAVAILABLE: io exception
2019-06-13 18:32:27,990 INFO  impl.FollowerInfo (FollowerInfo.java:lambda$new$0(50)) - 4b46b974-3b1e-4de2-965f-cb6dfaf3e8b4->cc5c8bea-c0b3-40d9-bee6-c3127edf20f0: nextIndex: updateUnconditionally 0 -> 0
2019-06-13 18:32:27,990 INFO  impl.FollowerInfo (FollowerInfo.java:lambda$new$0(50)) - 4b46b974-3b1e-4de2-965f-cb6dfaf3e8b4->4b5226b1-6f25-4224-9424-0618f7190562: nextIndex: updateUnconditionally 0 -> 0
2019-06-13 18:32:28,054 INFO  client.GrpcClientProtocolService (GrpcClientProtocolService.java:lambda$processClientRequest$0(264)) - Failed RaftClientRequest:client-B42B55308253->4b46b974-3b1e-4de2-965f-cb6dfaf3e8b4@group-C15636AE46FB, cid=67, seq=0, Watch-ALL_COMMITTED(2), Message:<EMPTY>, reply=RaftClientReply:client-B42B55308253->4b46b974-3b1e-4de2-965f-cb6dfaf3e8b4@group-C15636AE46FB, cid=67, FAILED org.apache.ratis.protocol.NotReplicatedException: Request with call Id 67 and log index 2 is not yet replicated to ALL_COMMITTED, logIndex=2, commits[4b46b974-3b1e-4de2-965f-cb6dfaf3e8b4:c2, cc5c8bea-c0b3-40d9-bee6-c3127edf20f0:c1, 4b5226b1-6f25-4224-9424-0618f7190562:c1]
2019-06-13 18:32:28,490 WARN  server.GrpcLogAppender (LogUtils.java:warn(134)) - 4b46b974-3b1e-4de2-965f-cb6dfaf3e8b4: Failed appendEntries to 4b5226b1-6f25-4224-9424-0618f7190562:192.168.105.177:46861: org.apache.ratis.thirdparty.io.grpc.StatusRuntimeException: UNAVAILABLE: io exception
2019-06-13 18:32:28,490 WARN  server.GrpcLogAppender (LogUtils.java:warn(134)) - 4b46b974-3b1e-4de2-965f-cb6dfaf3e8b4: Failed appendEntries to cc5c8bea-c0b3-40d9-bee6-c3127edf20f0:192.168.105.177:33435: org.apache.ratis.thirdparty.io.grpc.StatusRuntimeException: UNAVAILABLE: io exception
2019-06-13 18:32:28,491 INFO  impl.FollowerInfo (FollowerInfo.java:lambda$new$0(50)) - 4b46b974-3b1e-4de2-965f-cb6dfaf3e8b4->4b5226b1-6f25-4224-9424-0618f7190562: nextIndex: updateUnconditionally 0 -> 0
2019-06-13 18:32:28,491 INFO  impl.FollowerInfo (FollowerInfo.java:lambda$new$0(50)) - 4b46b974-3b1e-4de2-965f-cb6dfaf3e8b4->cc5c8bea-c0b3-40d9-bee6-c3127edf20f0: nextIndex: updateUnconditionally 0 -> 0
2019-06-13 18:32:28,991 WARN  server.GrpcLogAppender (LogUtils.java:warn(134)) - 4b46b974-3b1e-4de2-965f-cb6dfaf3e8b4: Failed appendEntries to cc5c8bea-c0b3-40d9-bee6-c3127edf20f0:192.168.105.177:33435: org.apache.ratis.thirdparty.io.grpc.StatusRuntimeException: UNAVAILABLE: io exception
2019-06-13 18:32:28,991 INFO  impl.FollowerInfo (FollowerInfo.java:lambda$new$0(50)) - 4b46b974-3b1e-4de2-965f-cb6dfaf3e8b4->cc5c8bea-c0b3-40d9-bee6-c3127edf20f0: nextIndex: updateUnconditionally 0 -> 0
2019-06-13 18:32:28,991 WARN  server.GrpcLogAppender (LogUtils.java:warn(134)) - 4b46b974-3b1e-4de2-965f-cb6dfaf3e8b4: Failed appendEntries to 4b5226b1-6f25-4224-9424-0618f7190562:192.168.105.177:46861: org.apache.ratis.thirdparty.io.grpc.StatusRuntimeException: UNAVAILABLE: io exception
2019-06-13 18:32:28,991 INFO  impl.FollowerInfo (FollowerInfo.java:lambda$new$0(50)) - 4b46b974-3b1e-4de2-965f-cb6dfaf3e8b4->4b5226b1-6f25-4224-9424-0618f7190562: nextIndex: updateUnconditionally 0 -> 0
2019-06-13 18:32:29,492 WARN  server.GrpcLogAppender (LogUtils.java:warn(134)) - 4b46b974-3b1e-4de2-965f-cb6dfaf3e8b4: Failed appendEntries to 4b5226b1-6f25-4224-9424-0618f7190562:192.168.105.177:46861: org.apache.ratis.thirdparty.io.grpc.StatusRuntimeException: UNAVAILABLE: io exception
2019-06-13 18:32:29,492 WARN  server.GrpcLogAppender (LogUtils.java:warn(134)) - 4b46b974-3b1e-4de2-965f-cb6dfaf3e8b4: Failed appendEntries to cc5c8bea-c0b3-40d9-bee6-c3127edf20f0:192.168.105.177:33435: org.apache.ratis.thirdparty.io.grpc.StatusRuntimeException: UNAVAILABLE: io exception
2019-06-13 18:32:29,492 INFO  impl.FollowerInfo (FollowerInfo.java:lambda$new$0(50)) - 4b46b974-3b1e-4de2-965f-cb6dfaf3e8b4->4b5226b1-6f25-4224-9424-0618f7190562: nextIndex: updateUnconditionally 0 -> 0
2019-06-13 18:32:29,492 INFO  impl.FollowerInfo (FollowerInfo.java:lambda$new$0(50)) - 4b46b974-3b1e-4de2-965f-cb6dfaf3e8b4->cc5c8bea-c0b3-40d9-bee6-c3127edf20f0: nextIndex: updateUnconditionally 0 -> 0
2019-06-13 18:32:29,992 WARN  server.GrpcLogAppender (LogUtils.java:warn(134)) - 4b46b974-3b1e-4de2-965f-cb6dfaf3e8b4: Failed appendEntries to 4b5226b1-6f25-4224-9424-0618f7190562:192.168.105.177:46861: org.apache.ratis.thirdparty.io.grpc.StatusRuntimeException: UNAVAILABLE: io exception
2019-06-13 18:32:29,992 WARN  server.GrpcLogAppender (LogUtils.java:warn(134)) - 4b46b974-3b1e-4de2-965f-cb6dfaf3e8b4: Failed appendEntries to cc5c8bea-c0b3-40d9-bee6-c3127edf20f0:192.168.105.177:33435: org.apache.ratis.thirdparty.io.grpc.StatusRuntimeException: UNAVAILABLE: io exception
2019-06-13 18:32:29,992 INFO  impl.FollowerInfo (FollowerInfo.java:lambda$new$0(50)) - 4b46b974-3b1e-4de2-965f-cb6dfaf3e8b4->4b5226b1-6f25-4224-9424-0618f7190562: nextIndex: updateUnconditionally 0 -> 0
2019-06-13 18:32:29,993 INFO  impl.FollowerInfo (FollowerInfo.java:lambda$new$0(50)) - 4b46b974-3b1e-4de2-965f-cb6dfaf3e8b4->cc5c8bea-c0b3-40d9-bee6-c3127edf20f0: nextIndex: updateUnconditionally 0 -> 0
2019-06-13 18:32:30,493 WARN  server.GrpcLogAppender (LogUtils.java:warn(134)) - 4b46b974-3b1e-4de2-965f-cb6dfaf3e8b4: Failed appendEntries to cc5c8bea-c0b3-40d9-bee6-c3127edf20f0:192.168.105.177:33435: org.apache.ratis.thirdparty.io.grpc.StatusRuntimeException: UNAVAILABLE: io exception
2019-06-13 18:32:30,493 INFO  impl.FollowerInfo (FollowerInfo.java:lambda$new$0(50)) - 4b46b974-3b1e-4de2-965f-cb6dfaf3e8b4->cc5c8bea-c0b3-40d9-bee6-c3127edf20f0: nextIndex: updateUnconditionally 0 -> 0
2019-06-13 18:32:30,493 WARN  server.GrpcLogAppender (LogUtils.java:warn(134)) - 4b46b974-3b1e-4de2-965f-cb6dfaf3e8b4: Failed appendEntries to 4b5226b1-6f25-4224-9424-0618f7190562:192.168.105.177:46861: org.apache.ratis.thirdparty.io.grpc.StatusRuntimeException: UNAVAILABLE: io exception
2019-06-13 18:32:30,494 INFO  impl.FollowerInfo (FollowerInfo.java:lambda$new$0(50)) - 4b46b974-3b1e-4de2-965f-cb6dfaf3e8b4->4b5226b1-6f25-4224-9424-0618f7190562: nextIndex: updateUnconditionally 0 -> 0
2019-06-13 18:32:30,993 WARN  server.GrpcLogAppender (LogUtils.java:warn(134)) - 4b46b974-3b1e-4de2-965f-cb6dfaf3e8b4: Failed appendEntries to cc5c8bea-c0b3-40d9-bee6-c3127edf20f0:192.168.105.177:33435: org.apache.ratis.thirdparty.io.grpc.StatusRuntimeException: UNAVAILABLE: io exception
2019-06-13 18:32:30,993 WARN  server.GrpcLogAppender (LogUtils.java:warn(134)) - 4b46b974-3b1e-4de2-965f-cb6dfaf3e8b4: Failed appendEntries to 4b5226b1-6f25-4224-9424-0618f7190562:192.168.105.177:46861: org.apache.ratis.thirdparty.io.grpc.StatusRuntimeException: UNAVAILABLE: io exception
2019-06-13 18:32:30,994 INFO  impl.FollowerInfo (FollowerInfo.java:lambda$new$0(50)) - 4b46b974-3b1e-4de2-965f-cb6dfaf3e8b4->cc5c8bea-c0b3-40d9-bee6-c3127edf20f0: nextIndex: updateUnconditionally 0 -> 0
2019-06-13 18:32:30,994 INFO  impl.FollowerInfo (FollowerInfo.java:lambda$new$0(50)) - 4b46b974-3b1e-4de2-965f-cb6dfaf3e8b4->4b5226b1-6f25-4224-9424-0618f7190562: nextIndex: updateUnconditionally 0 -> 0
2019-06-13 18:32:31,494 WARN  server.GrpcLogAppender (LogUtils.java:warn(134)) - 4b46b974-3b1e-4de2-965f-cb6dfaf3e8b4: Failed appendEntries to 4b5226b1-6f25-4224-9424-0618f7190562:192.168.105.177:46861: org.apache.ratis.thirdparty.io.grpc.StatusRuntimeException: UNAVAILABLE: io exception
2019-06-13 18:32:31,494 WARN  server.GrpcLogAppender (LogUtils.java:warn(134)) - 4b46b974-3b1e-4de2-965f-cb6dfaf3e8b4: Failed appendEntries to cc5c8bea-c0b3-40d9-bee6-c3127edf20f0:192.168.105.177:33435: org.apache.ratis.thirdparty.io.grpc.StatusRuntimeException: UNAVAILABLE: io exception
2019-06-13 18:32:31,495 INFO  impl.FollowerInfo (FollowerInfo.java:lambda$new$0(50)) - 4b46b974-3b1e-4de2-965f-cb6dfaf3e8b4->4b5226b1-6f25-4224-9424-0618f7190562: nextIndex: updateUnconditionally 0 -> 0
2019-06-13 18:32:31,495 INFO  impl.FollowerInfo (FollowerInfo.java:lambda$new$0(50)) - 4b46b974-3b1e-4de2-965f-cb6dfaf3e8b4->cc5c8bea-c0b3-40d9-bee6-c3127edf20f0: nextIndex: updateUnconditionally 0 -> 0
2019-06-13 18:32:31,995 WARN  server.GrpcLogAppender (LogUtils.java:warn(134)) - 4b46b974-3b1e-4de2-965f-cb6dfaf3e8b4: Failed appendEntries to 4b5226b1-6f25-4224-9424-0618f7190562:192.168.105.177:46861: org.apache.ratis.thirdparty.io.grpc.StatusRuntimeException: UNAVAILABLE: io exception
2019-06-13 18:32:31,995 INFO  impl.FollowerInfo (FollowerInfo.java:lambda$new$0(50)) - 4b46b974-3b1e-4de2-965f-cb6dfaf3e8b4->4b5226b1-6f25-4224-9424-0618f7190562: nextIndex: updateUnconditionally 0 -> 0
2019-06-13 18:32:31,995 WARN  server.GrpcLogAppender (LogUtils.java:warn(134)) - 4b46b974-3b1e-4de2-965f-cb6dfaf3e8b4: Failed appendEntries to cc5c8bea-c0b3-40d9-bee6-c3127edf20f0:192.168.105.177:33435: org.apache.ratis.thirdparty.io.grpc.StatusRuntimeException: UNAVAILABLE: io exception
2019-06-13 18:32:31,996 INFO  impl.FollowerInfo (FollowerInfo.java:lambda$new$0(50)) - 4b46b974-3b1e-4de2-965f-cb6dfaf3e8b4->cc5c8bea-c0b3-40d9-bee6-c3127edf20f0: nextIndex: updateUnconditionally 0 -> 0
2019-06-13 18:32:32,495 WARN  server.GrpcLogAppender (LogUtils.java:warn(134)) - 4b46b974-3b1e-4de2-965f-cb6dfaf3e8b4: Failed appendEntries to 4b5226b1-6f25-4224-9424-0618f7190562:192.168.105.177:46861: org.apache.ratis.thirdparty.io.grpc.StatusRuntimeException: UNAVAILABLE: io exception
2019-06-13 18:32:32,496 INFO  impl.FollowerInfo (FollowerInfo.java:lambda$new$0(50)) - 4b46b974-3b1e-4de2-965f-cb6dfaf3e8b4->4b5226b1-6f25-4224-9424-0618f7190562: nextIndex: updateUnconditionally 0 -> 0
2019-06-13 18:32:32,496 WARN  server.GrpcLogAppender (LogUtils.java:warn(134)) - 4b46b974-3b1e-4de2-965f-cb6dfaf3e8b4: Failed appendEntries to cc5c8bea-c0b3-40d9-bee6-c3127edf20f0:192.168.105.177:33435: org.apache.ratis.thirdparty.io.grpc.StatusRuntimeException: UNAVAILABLE: io exception
2019-06-13 18:32:32,496 INFO  impl.FollowerInfo (FollowerInfo.java:lambda$new$0(50)) - 4b46b974-3b1e-4de2-965f-cb6dfaf3e8b4->cc5c8bea-c0b3-40d9-bee6-c3127edf20f0: nextIndex: updateUnconditionally 0 -> 0
2019-06-13 18:32:32,996 WARN  server.GrpcLogAppender (LogUtils.java:warn(134)) - 4b46b974-3b1e-4de2-965f-cb6dfaf3e8b4: Failed appendEntries to cc5c8bea-c0b3-40d9-bee6-c3127edf20f0:192.168.105.177:33435: org.apache.ratis.thirdparty.io.grpc.StatusRuntimeException: UNAVAILABLE: io exception
2019-06-13 18:32:32,996 INFO  impl.FollowerInfo (FollowerInfo.java:lambda$new$0(50)) - 4b46b974-3b1e-4de2-965f-cb6dfaf3e8b4->cc5c8bea-c0b3-40d9-bee6-c3127edf20f0: nextIndex: updateUnconditionally 0 -> 0
2019-06-13 18:32:32,996 WARN  server.GrpcLogAppender (LogUtils.java:warn(134)) - 4b46b974-3b1e-4de2-965f-cb6dfaf3e8b4: Failed appendEntries to 4b5226b1-6f25-4224-9424-0618f7190562:192.168.105.177:46861: org.apache.ratis.thirdparty.io.grpc.StatusRuntimeException: UNAVAILABLE: io exception
2019-06-13 18:32:32,996 INFO  impl.FollowerInfo (FollowerInfo.java:lambda$new$0(50)) - 4b46b974-3b1e-4de2-965f-cb6dfaf3e8b4->4b5226b1-6f25-4224-9424-0618f7190562: nextIndex: updateUnconditionally 0 -> 0
2019-06-13 18:32:33,496 WARN  server.GrpcLogAppender (LogUtils.java:warn(134)) - 4b46b974-3b1e-4de2-965f-cb6dfaf3e8b4: Failed appendEntries to 4b5226b1-6f25-4224-9424-0618f7190562:192.168.105.177:46861: org.apache.ratis.thirdparty.io.grpc.StatusRuntimeException: UNAVAILABLE: io exception
2019-06-13 18:32:33,496 WARN  server.GrpcLogAppender (LogUtils.java:warn(134)) - 4b46b974-3b1e-4de2-965f-cb6dfaf3e8b4: Failed appendEntries to cc5c8bea-c0b3-40d9-bee6-c3127edf20f0:192.168.105.177:33435: org.apache.ratis.thirdparty.io.grpc.StatusRuntimeException: UNAVAILABLE: io exception
2019-06-13 18:32:33,497 INFO  impl.FollowerInfo (FollowerInfo.java:lambda$new$0(50)) - 4b46b974-3b1e-4de2-965f-cb6dfaf3e8b4->4b5226b1-6f25-4224-9424-0618f7190562: nextIndex: updateUnconditionally 0 -> 0
2019-06-13 18:32:33,497 INFO  impl.FollowerInfo (FollowerInfo.java:lambda$new$0(50)) - 4b46b974-3b1e-4de2-965f-cb6dfaf3e8b4->cc5c8bea-c0b3-40d9-bee6-c3127edf20f0: nextIndex: updateUnconditionally 0 -> 0
2019-06-13 18:32:33,997 WARN  server.GrpcLogAppender (LogUtils.java:warn(134)) - 4b46b974-3b1e-4de2-965f-cb6dfaf3e8b4: Failed appendEntries to cc5c8bea-c0b3-40d9-bee6-c3127edf20f0:192.168.105.177:33435: org.apache.ratis.thirdparty.io.grpc.StatusRuntimeException: UNAVAILABLE: io exception
2019-06-13 18:32:33,997 WARN  server.GrpcLogAppender (LogUtils.java:warn(134)) - 4b46b974-3b1e-4de2-965f-cb6dfaf3e8b4: Failed appendEntries to 4b5226b1-6f25-4224-9424-0618f7190562:192.168.105.177:46861: org.apache.ratis.thirdparty.io.grpc.StatusRuntimeException: UNAVAILABLE: io exception
2019-06-13 18:32:33,997 INFO  impl.FollowerInfo (FollowerInfo.java:lambda$new$0(50)) - 4b46b974-3b1e-4de2-965f-cb6dfaf3e8b4->cc5c8bea-c0b3-40d9-bee6-c3127edf20f0: nextIndex: updateUnconditionally 0 -> 0
2019-06-13 18:32:33,998 INFO  impl.FollowerInfo (FollowerInfo.java:lambda$new$0(50)) - 4b46b974-3b1e-4de2-965f-cb6dfaf3e8b4->4b5226b1-6f25-4224-9424-0618f7190562: nextIndex: updateUnconditionally 0 -> 0
2019-06-13 18:32:34,054 INFO  client.GrpcClientProtocolService (GrpcClientProtocolService.java:lambda$processClientRequest$0(264)) - Failed RaftClientRequest:client-B42B55308253->4b46b974-3b1e-4de2-965f-cb6dfaf3e8b4@group-C15636AE46FB, cid=67, seq=0, Watch-ALL_COMMITTED(2), Message:<EMPTY>, reply=RaftClientReply:client-B42B55308253->4b46b974-3b1e-4de2-965f-cb6dfaf3e8b4@group-C15636AE46FB, cid=67, FAILED org.apache.ratis.protocol.NotReplicatedException: Request with call Id 67 and log index 2 is not yet replicated to ALL_COMMITTED, logIndex=2, commits[4b46b974-3b1e-4de2-965f-cb6dfaf3e8b4:c2, cc5c8bea-c0b3-40d9-bee6-c3127edf20f0:c1, 4b5226b1-6f25-4224-9424-0618f7190562:c1]
2019-06-13 18:32:34,497 WARN  server.GrpcLogAppender (LogUtils.java:warn(134)) - 4b46b974-3b1e-4de2-965f-cb6dfaf3e8b4: Failed appendEntries to 4b5226b1-6f25-4224-9424-0618f7190562:192.168.105.177:46861: org.apache.ratis.thirdparty.io.grpc.StatusRuntimeException: UNAVAILABLE: io exception
2019-06-13 18:32:34,497 WARN  server.GrpcLogAppender (LogUtils.java:warn(134)) - 4b46b974-3b1e-4de2-965f-cb6dfaf3e8b4: Failed appendEntries to cc5c8bea-c0b3-40d9-bee6-c3127edf20f0:192.168.105.177:33435: org.apache.ratis.thirdparty.io.grpc.StatusRuntimeException: UNAVAILABLE: io exception
2019-06-13 18:32:34,498 INFO  impl.FollowerInfo (FollowerInfo.java:lambda$new$0(50)) - 4b46b974-3b1e-4de2-965f-cb6dfaf3e8b4->4b5226b1-6f25-4224-9424-0618f7190562: nextIndex: updateUnconditionally 0 -> 0
2019-06-13 18:32:34,498 INFO  impl.FollowerInfo (FollowerInfo.java:lambda$new$0(50)) - 4b46b974-3b1e-4de2-965f-cb6dfaf3e8b4->cc5c8bea-c0b3-40d9-bee6-c3127edf20f0: nextIndex: updateUnconditionally 0 -> 0
2019-06-13 18:32:34,998 WARN  server.GrpcLogAppender (LogUtils.java:warn(134)) - 4b46b974-3b1e-4de2-965f-cb6dfaf3e8b4: Failed appendEntries to cc5c8bea-c0b3-40d9-bee6-c3127edf20f0:192.168.105.177:33435: org.apache.ratis.thirdparty.io.grpc.StatusRuntimeException: UNAVAILABLE: io exception
2019-06-13 18:32:34,998 INFO  impl.FollowerInfo (FollowerInfo.java:lambda$new$0(50)) - 4b46b974-3b1e-4de2-965f-cb6dfaf3e8b4->cc5c8bea-c0b3-40d9-bee6-c3127edf20f0: nextIndex: updateUnconditionally 0 -> 0
2019-06-13 18:32:34,999 WARN  server.GrpcLogAppender (LogUtils.java:warn(134)) - 4b46b974-3b1e-4de2-965f-cb6dfaf3e8b4: Failed appendEntries to 4b5226b1-6f25-4224-9424-0618f7190562:192.168.105.177:46861: org.apache.ratis.thirdparty.io.grpc.StatusRuntimeException: UNAVAILABLE: io exception
2019-06-13 18:32:34,999 INFO  impl.FollowerInfo (FollowerInfo.java:lambda$new$0(50)) - 4b46b974-3b1e-4de2-965f-cb6dfaf3e8b4->4b5226b1-6f25-4224-9424-0618f7190562: nextIndex: updateUnconditionally 0 -> 0
2019-06-13 18:32:35,498 WARN  server.GrpcLogAppender (LogUtils.java:warn(134)) - 4b46b974-3b1e-4de2-965f-cb6dfaf3e8b4: Failed appendEntries to 4b5226b1-6f25-4224-9424-0618f7190562:192.168.105.177:46861: org.apache.ratis.thirdparty.io.grpc.StatusRuntimeException: UNAVAILABLE: io exception
2019-06-13 18:32:35,499 INFO  impl.FollowerInfo (FollowerInfo.java:lambda$new$0(50)) - 4b46b974-3b1e-4de2-965f-cb6dfaf3e8b4->4b5226b1-6f25-4224-9424-0618f7190562: nextIndex: updateUnconditionally 0 -> 0
2019-06-13 18:32:35,499 WARN  server.GrpcLogAppender (LogUtils.java:warn(134)) - 4b46b974-3b1e-4de2-965f-cb6dfaf3e8b4: Failed appendEntries to cc5c8bea-c0b3-40d9-bee6-c3127edf20f0:192.168.105.177:33435: org.apache.ratis.thirdparty.io.grpc.StatusRuntimeException: UNAVAILABLE: io exception
2019-06-13 18:32:35,499 INFO  impl.FollowerInfo (FollowerInfo.java:lambda$new$0(50)) - 4b46b974-3b1e-4de2-965f-cb6dfaf3e8b4->cc5c8bea-c0b3-40d9-bee6-c3127edf20f0: nextIndex: updateUnconditionally 0 -> 0
2019-06-13 18:32:35,999 WARN  server.GrpcLogAppender (LogUtils.java:warn(134)) - 4b46b974-3b1e-4de2-965f-cb6dfaf3e8b4: Failed appendEntries to cc5c8bea-c0b3-40d9-bee6-c3127edf20f0:192.168.105.177:33435: org.apache.ratis.thirdparty.io.grpc.StatusRuntimeException: UNAVAILABLE: io exception
2019-06-13 18:32:35,999 WARN  server.GrpcLogAppender (LogUtils.java:warn(134)) - 4b46b974-3b1e-4de2-965f-cb6dfaf3e8b4: Failed appendEntries to 4b5226b1-6f25-4224-9424-0618f7190562:192.168.105.177:46861: org.apache.ratis.thirdparty.io.grpc.StatusRuntimeException: UNAVAILABLE: io exception
2019-06-13 18:32:35,999 INFO  impl.FollowerInfo (FollowerInfo.java:lambda$new$0(50)) - 4b46b974-3b1e-4de2-965f-cb6dfaf3e8b4->cc5c8bea-c0b3-40d9-bee6-c3127edf20f0: nextIndex: updateUnconditionally 0 -> 0
2019-06-13 18:32:36,000 INFO  impl.FollowerInfo (FollowerInfo.java:lambda$new$0(50)) - 4b46b974-3b1e-4de2-965f-cb6dfaf3e8b4->4b5226b1-6f25-4224-9424-0618f7190562: nextIndex: updateUnconditionally 0 -> 0
2019-06-13 18:32:36,500 WARN  server.GrpcLogAppender (LogUtils.java:warn(134)) - 4b46b974-3b1e-4de2-965f-cb6dfaf3e8b4: Failed appendEntries to 4b5226b1-6f25-4224-9424-0618f7190562:192.168.105.177:46861: org.apache.ratis.thirdparty.io.grpc.StatusRuntimeException: UNAVAILABLE: io exception
2019-06-13 18:32:36,500 WARN  server.GrpcLogAppender (LogUtils.java:warn(134)) - 4b46b974-3b1e-4de2-965f-cb6dfaf3e8b4: Failed appendEntries to cc5c8bea-c0b3-40d9-bee6-c3127edf20f0:192.168.105.177:33435: org.apache.ratis.thirdparty.io.grpc.StatusRuntimeException: UNAVAILABLE: io exception
2019-06-13 18:32:36,500 INFO  impl.FollowerInfo (FollowerInfo.java:lambda$new$0(50)) - 4b46b974-3b1e-4de2-965f-cb6dfaf3e8b4->4b5226b1-6f25-4224-9424-0618f7190562: nextIndex: updateUnconditionally 0 -> 0
2019-06-13 18:32:36,500 INFO  impl.FollowerInfo (FollowerInfo.java:lambda$new$0(50)) - 4b46b974-3b1e-4de2-965f-cb6dfaf3e8b4->cc5c8bea-c0b3-40d9-bee6-c3127edf20f0: nextIndex: updateUnconditionally 0 -> 0
2019-06-13 18:32:37,000 WARN  server.GrpcLogAppender (LogUtils.java:warn(134)) - 4b46b974-3b1e-4de2-965f-cb6dfaf3e8b4: Failed appendEntries to 4b5226b1-6f25-4224-9424-0618f7190562:192.168.105.177:46861: org.apache.ratis.thirdparty.io.grpc.StatusRuntimeException: UNAVAILABLE: io exception
2019-06-13 18:32:37,000 WARN  server.GrpcLogAppender (LogUtils.java:warn(134)) - 4b46b974-3b1e-4de2-965f-cb6dfaf3e8b4: Failed appendEntries to cc5c8bea-c0b3-40d9-bee6-c3127edf20f0:192.168.105.177:33435: org.apache.ratis.thirdparty.io.grpc.StatusRuntimeException: UNAVAILABLE: io exception
2019-06-13 18:32:37,001 INFO  impl.FollowerInfo (FollowerInfo.java:lambda$new$0(50)) - 4b46b974-3b1e-4de2-965f-cb6dfaf3e8b4->4b5226b1-6f25-4224-9424-0618f7190562: nextIndex: updateUnconditionally 0 -> 0
2019-06-13 18:32:37,001 INFO  impl.FollowerInfo (FollowerInfo.java:lambda$new$0(50)) - 4b46b974-3b1e-4de2-965f-cb6dfaf3e8b4->cc5c8bea-c0b3-40d9-bee6-c3127edf20f0: nextIndex: updateUnconditionally 0 -> 0
2019-06-13 18:32:37,501 WARN  server.GrpcLogAppender (LogUtils.java:warn(134)) - 4b46b974-3b1e-4de2-965f-cb6dfaf3e8b4: Failed appendEntries to cc5c8bea-c0b3-40d9-bee6-c3127edf20f0:192.168.105.177:33435: org.apache.ratis.thirdparty.io.grpc.StatusRuntimeException: UNAVAILABLE: io exception
2019-06-13 18:32:37,501 WARN  server.GrpcLogAppender (LogUtils.java:warn(134)) - 4b46b974-3b1e-4de2-965f-cb6dfaf3e8b4: Failed appendEntries to 4b5226b1-6f25-4224-9424-0618f7190562:192.168.105.177:46861: org.apache.ratis.thirdparty.io.grpc.StatusRuntimeException: UNAVAILABLE: io exception
2019-06-13 18:32:37,501 INFO  impl.FollowerInfo (FollowerInfo.java:lambda$new$0(50)) - 4b46b974-3b1e-4de2-965f-cb6dfaf3e8b4->cc5c8bea-c0b3-40d9-bee6-c3127edf20f0: nextIndex: updateUnconditionally 0 -> 0
2019-06-13 18:32:37,501 INFO  impl.FollowerInfo (FollowerInfo.java:lambda$new$0(50)) - 4b46b974-3b1e-4de2-965f-cb6dfaf3e8b4->4b5226b1-6f25-4224-9424-0618f7190562: nextIndex: updateUnconditionally 0 -> 0
2019-06-13 18:32:38,001 WARN  server.GrpcLogAppender (LogUtils.java:warn(134)) - 4b46b974-3b1e-4de2-965f-cb6dfaf3e8b4: Failed appendEntries to 4b5226b1-6f25-4224-9424-0618f7190562:192.168.105.177:46861: org.apache.ratis.thirdparty.io.grpc.StatusRuntimeException: UNAVAILABLE: io exception
2019-06-13 18:32:38,002 INFO  impl.FollowerInfo (FollowerInfo.java:lambda$new$0(50)) - 4b46b974-3b1e-4de2-965f-cb6dfaf3e8b4->4b5226b1-6f25-4224-9424-0618f7190562: nextIndex: updateUnconditionally 0 -> 0
2019-06-13 18:32:38,002 WARN  server.GrpcLogAppender (LogUtils.java:warn(134)) - 4b46b974-3b1e-4de2-965f-cb6dfaf3e8b4: Failed appendEntries to cc5c8bea-c0b3-40d9-bee6-c3127edf20f0:192.168.105.177:33435: org.apache.ratis.thirdparty.io.grpc.StatusRuntimeException: UNAVAILABLE: io exception
2019-06-13 18:32:38,002 INFO  impl.FollowerInfo (FollowerInfo.java:lambda$new$0(50)) - 4b46b974-3b1e-4de2-965f-cb6dfaf3e8b4->cc5c8bea-c0b3-40d9-bee6-c3127edf20f0: nextIndex: updateUnconditionally 0 -> 0
2019-06-13 18:32:38,086 WARN  client.GrpcClientProtocolService (LogUtils.java:warn(134)) - 7-UnorderedRequestStreamObserver7: onError: org.apache.ratis.thirdparty.io.grpc.StatusRuntimeException: CANCELLED: cancelled before receiving half close
2019-06-13 18:32:38,502 WARN  server.GrpcLogAppender (LogUtils.java:warn(134)) - 4b46b974-3b1e-4de2-965f-cb6dfaf3e8b4: Failed appendEntries to 4b5226b1-6f25-4224-9424-0618f7190562:192.168.105.177:46861: org.apache.ratis.thirdparty.io.grpc.StatusRuntimeException: UNAVAILABLE: io exception
2019-06-13 18:32:38,502 WARN  server.GrpcLogAppender (LogUtils.java:warn(134)) - 4b46b974-3b1e-4de2-965f-cb6dfaf3e8b4: Failed appendEntries to cc5c8bea-c0b3-40d9-bee6-c3127edf20f0:192.168.105.177:33435: org.apache.ratis.thirdparty.io.grpc.StatusRuntimeException: UNAVAILABLE: io exception
2019-06-13 18:32:38,502 INFO  impl.FollowerInfo (FollowerInfo.java:lambda$new$0(50)) - 4b46b974-3b1e-4de2-965f-cb6dfaf3e8b4->4b5226b1-6f25-4224-9424-0618f7190562: nextIndex: updateUnconditionally 0 -> 0
2019-06-13 18:32:38,502 INFO  impl.FollowerInfo (FollowerInfo.java:lambda$new$0(50)) - 4b46b974-3b1e-4de2-965f-cb6dfaf3e8b4->cc5c8bea-c0b3-40d9-bee6-c3127edf20f0: nextIndex: updateUnconditionally 0 -> 0
2019-06-13 18:32:39,002 WARN  server.GrpcLogAppender (LogUtils.java:warn(134)) - 4b46b974-3b1e-4de2-965f-cb6dfaf3e8b4: Failed appendEntries to cc5c8bea-c0b3-40d9-bee6-c3127edf20f0:192.168.105.177:33435: org.apache.ratis.thirdparty.io.grpc.StatusRuntimeException: UNAVAILABLE: io exception
2019-06-13 18:32:39,003 INFO  impl.FollowerInfo (FollowerInfo.java:lambda$new$0(50)) - 4b46b974-3b1e-4de2-965f-cb6dfaf3e8b4->cc5c8bea-c0b3-40d9-bee6-c3127edf20f0: nextIndex: updateUnconditionally 0 -> 0
2019-06-13 18:32:39,003 WARN  server.GrpcLogAppender (LogUtils.java:warn(134)) - 4b46b974-3b1e-4de2-965f-cb6dfaf3e8b4: Failed appendEntries to 4b5226b1-6f25-4224-9424-0618f7190562:192.168.105.177:46861: org.apache.ratis.thirdparty.io.grpc.StatusRuntimeException: UNAVAILABLE: io exception
2019-06-13 18:32:39,003 INFO  impl.FollowerInfo (FollowerInfo.java:lambda$new$0(50)) - 4b46b974-3b1e-4de2-965f-cb6dfaf3e8b4->4b5226b1-6f25-4224-9424-0618f7190562: nextIndex: updateUnconditionally 0 -> 0
2019-06-13 18:32:39,054 INFO  client.GrpcClientProtocolService (GrpcClientProtocolService.java:lambda$processClientRequest$0(264)) - Failed RaftClientRequest:client-B42B55308253->4b46b974-3b1e-4de2-965f-cb6dfaf3e8b4@group-C15636AE46FB, cid=67, seq=0, Watch-ALL_COMMITTED(2), Message:<EMPTY>, reply=RaftClientReply:client-B42B55308253->4b46b974-3b1e-4de2-965f-cb6dfaf3e8b4@group-C15636AE46FB, cid=67, FAILED org.apache.ratis.protocol.NotReplicatedException: Request with call Id 67 and log index 2 is not yet replicated to ALL_COMMITTED, logIndex=2, commits[4b46b974-3b1e-4de2-965f-cb6dfaf3e8b4:c2, cc5c8bea-c0b3-40d9-bee6-c3127edf20f0:c1, 4b5226b1-6f25-4224-9424-0618f7190562:c1]
2019-06-13 18:32:39,056 INFO  client.GrpcClientProtocolService (GrpcClientProtocolService.java:lambda$processClientRequest$0(264)) - Failed RaftClientRequest:client-B42B55308253->4b46b974-3b1e-4de2-965f-cb6dfaf3e8b4@group-C15636AE46FB, cid=68, seq=0, Watch-MAJORITY_COMMITTED(2), Message:<EMPTY>, reply=RaftClientReply:client-B42B55308253->4b46b974-3b1e-4de2-965f-cb6dfaf3e8b4@group-C15636AE46FB, cid=68, FAILED org.apache.ratis.protocol.NotReplicatedException: Request with call Id 68 and log index 2 is not yet replicated to MAJORITY_COMMITTED, logIndex=2, commits[4b46b974-3b1e-4de2-965f-cb6dfaf3e8b4:c2, cc5c8bea-c0b3-40d9-bee6-c3127edf20f0:c1, 4b5226b1-6f25-4224-9424-0618f7190562:c1]
2019-06-13 18:32:39,503 WARN  server.GrpcLogAppender (LogUtils.java:warn(134)) - 4b46b974-3b1e-4de2-965f-cb6dfaf3e8b4: Failed appendEntries to cc5c8bea-c0b3-40d9-bee6-c3127edf20f0:192.168.105.177:33435: org.apache.ratis.thirdparty.io.grpc.StatusRuntimeException: UNAVAILABLE: io exception
2019-06-13 18:32:39,503 WARN  server.GrpcLogAppender (LogUtils.java:warn(134)) - 4b46b974-3b1e-4de2-965f-cb6dfaf3e8b4: Failed appendEntries to 4b5226b1-6f25-4224-9424-0618f7190562:192.168.105.177:46861: org.apache.ratis.thirdparty.io.grpc.StatusRuntimeException: UNAVAILABLE: io exception
2019-06-13 18:32:39,503 INFO  impl.FollowerInfo (FollowerInfo.java:lambda$new$0(50)) - 4b46b974-3b1e-4de2-965f-cb6dfaf3e8b4->cc5c8bea-c0b3-40d9-bee6-c3127edf20f0: nextIndex: updateUnconditionally 0 -> 0
2019-06-13 18:32:39,503 INFO  impl.FollowerInfo (FollowerInfo.java:lambda$new$0(50)) - 4b46b974-3b1e-4de2-965f-cb6dfaf3e8b4->4b5226b1-6f25-4224-9424-0618f7190562: nextIndex: updateUnconditionally 0 -> 0
2019-06-13 18:32:40,003 WARN  server.GrpcLogAppender (LogUtils.java:warn(134)) - 4b46b974-3b1e-4de2-965f-cb6dfaf3e8b4: Failed appendEntries to cc5c8bea-c0b3-40d9-bee6-c3127edf20f0:192.168.105.177:33435: org.apache.ratis.thirdparty.io.grpc.StatusRuntimeException: UNAVAILABLE: io exception
2019-06-13 18:32:40,003 WARN  server.GrpcLogAppender (LogUtils.java:warn(134)) - 4b46b974-3b1e-4de2-965f-cb6dfaf3e8b4: Failed appendEntries to 4b5226b1-6f25-4224-9424-0618f7190562:192.168.105.177:46861: org.apache.ratis.thirdparty.io.grpc.StatusRuntimeException: UNAVAILABLE: io exception
2019-06-13 18:32:40,004 INFO  impl.FollowerInfo (FollowerInfo.java:lambda$new$0(50)) - 4b46b974-3b1e-4de2-965f-cb6dfaf3e8b4->cc5c8bea-c0b3-40d9-bee6-c3127edf20f0: nextIndex: updateUnconditionally 0 -> 0
2019-06-13 18:32:40,004 INFO  impl.FollowerInfo (FollowerInfo.java:lambda$new$0(50)) - 4b46b974-3b1e-4de2-965f-cb6dfaf3e8b4->4b5226b1-6f25-4224-9424-0618f7190562: nextIndex: updateUnconditionally 0 -> 0
2019-06-13 18:32:40,504 WARN  server.GrpcLogAppender (LogUtils.java:warn(134)) - 4b46b974-3b1e-4de2-965f-cb6dfaf3e8b4: Failed appendEntries to 4b5226b1-6f25-4224-9424-0618f7190562:192.168.105.177:46861: org.apache.ratis.thirdparty.io.grpc.StatusRuntimeException: UNAVAILABLE: io exception
2019-06-13 18:32:40,504 INFO  impl.FollowerInfo (FollowerInfo.java:lambda$new$0(50)) - 4b46b974-3b1e-4de2-965f-cb6dfaf3e8b4->4b5226b1-6f25-4224-9424-0618f7190562: nextIndex: updateUnconditionally 0 -> 0
2019-06-13 18:32:40,504 WARN  server.GrpcLogAppender (LogUtils.java:warn(134)) - 4b46b974-3b1e-4de2-965f-cb6dfaf3e8b4: Failed appendEntries to cc5c8bea-c0b3-40d9-bee6-c3127edf20f0:192.168.105.177:33435: org.apache.ratis.thirdparty.io.grpc.StatusRuntimeException: UNAVAILABLE: io exception
2019-06-13 18:32:40,505 INFO  impl.FollowerInfo (FollowerInfo.java:lambda$new$0(50)) - 4b46b974-3b1e-4de2-965f-cb6dfaf3e8b4->cc5c8bea-c0b3-40d9-bee6-c3127edf20f0: nextIndex: updateUnconditionally 0 -> 0
2019-06-13 18:32:41,004 WARN  server.GrpcLogAppender (LogUtils.java:warn(134)) - 4b46b974-3b1e-4de2-965f-cb6dfaf3e8b4: Failed appendEntries to 4b5226b1-6f25-4224-9424-0618f7190562:192.168.105.177:46861: org.apache.ratis.thirdparty.io.grpc.StatusRuntimeException: UNAVAILABLE: io exception
2019-06-13 18:32:41,004 WARN  server.GrpcLogAppender (LogUtils.java:warn(134)) - 4b46b974-3b1e-4de2-965f-cb6dfaf3e8b4: Failed appendEntries to cc5c8bea-c0b3-40d9-bee6-c3127edf20f0:192.168.105.177:33435: org.apache.ratis.thirdparty.io.grpc.StatusRuntimeException: UNAVAILABLE: io exception
2019-06-13 18:32:41,005 INFO  impl.FollowerInfo (FollowerInfo.java:lambda$new$0(50)) - 4b46b974-3b1e-4de2-965f-cb6dfaf3e8b4->4b5226b1-6f25-4224-9424-0618f7190562: nextIndex: updateUnconditionally 0 -> 0
2019-06-13 18:32:41,005 INFO  impl.FollowerInfo (FollowerInfo.java:lambda$new$0(50)) - 4b46b974-3b1e-4de2-965f-cb6dfaf3e8b4->cc5c8bea-c0b3-40d9-bee6-c3127edf20f0: nextIndex: updateUnconditionally 0 -> 0
2019-06-13 18:32:41,505 WARN  server.GrpcLogAppender (LogUtils.java:warn(134)) - 4b46b974-3b1e-4de2-965f-cb6dfaf3e8b4: Failed appendEntries to 4b5226b1-6f25-4224-9424-0618f7190562:192.168.105.177:46861: org.apache.ratis.thirdparty.io.grpc.StatusRuntimeException: UNAVAILABLE: io exception
2019-06-13 18:32:41,506 INFO  impl.FollowerInfo (FollowerInfo.java:lambda$new$0(50)) - 4b46b974-3b1e-4de2-965f-cb6dfaf3e8b4->4b5226b1-6f25-4224-9424-0618f7190562: nextIndex: updateUnconditionally 0 -> 0
2019-06-13 18:32:41,507 WARN  server.GrpcLogAppender (LogUtils.java:warn(134)) - 4b46b974-3b1e-4de2-965f-cb6dfaf3e8b4: Failed appendEntries to cc5c8bea-c0b3-40d9-bee6-c3127edf20f0:192.168.105.177:33435: org.apache.ratis.thirdparty.io.grpc.StatusRuntimeException: UNAVAILABLE: io exception
2019-06-13 18:32:41,508 INFO  impl.FollowerInfo (FollowerInfo.java:lambda$new$0(50)) - 4b46b974-3b1e-4de2-965f-cb6dfaf3e8b4->cc5c8bea-c0b3-40d9-bee6-c3127edf20f0: nextIndex: updateUnconditionally 0 -> 0
2019-06-13 18:32:42,006 WARN  server.GrpcLogAppender (LogUtils.java:warn(134)) - 4b46b974-3b1e-4de2-965f-cb6dfaf3e8b4: Failed appendEntries to 4b5226b1-6f25-4224-9424-0618f7190562:192.168.105.177:46861: org.apache.ratis.thirdparty.io.grpc.StatusRuntimeException: UNAVAILABLE: io exception
2019-06-13 18:32:42,006 WARN  server.GrpcLogAppender (LogUtils.java:warn(134)) - 4b46b974-3b1e-4de2-965f-cb6dfaf3e8b4: Failed appendEntries to cc5c8bea-c0b3-40d9-bee6-c3127edf20f0:192.168.105.177:33435: org.apache.ratis.thirdparty.io.grpc.StatusRuntimeException: UNAVAILABLE: io exception
2019-06-13 18:32:42,006 INFO  impl.FollowerInfo (FollowerInfo.java:lambda$new$0(50)) - 4b46b974-3b1e-4de2-965f-cb6dfaf3e8b4->4b5226b1-6f25-4224-9424-0618f7190562: nextIndex: updateUnconditionally 0 -> 0
2019-06-13 18:32:42,006 INFO  impl.FollowerInfo (FollowerInfo.java:lambda$new$0(50)) - 4b46b974-3b1e-4de2-965f-cb6dfaf3e8b4->cc5c8bea-c0b3-40d9-bee6-c3127edf20f0: nextIndex: updateUnconditionally 0 -> 0
2019-06-13 18:32:42,506 WARN  server.GrpcLogAppender (LogUtils.java:warn(134)) - 4b46b974-3b1e-4de2-965f-cb6dfaf3e8b4: Failed appendEntries to cc5c8bea-c0b3-40d9-bee6-c3127edf20f0:192.168.105.177:33435: org.apache.ratis.thirdparty.io.grpc.StatusRuntimeException: UNAVAILABLE: io exception
2019-06-13 18:32:42,506 WARN  server.GrpcLogAppender (LogUtils.java:warn(134)) - 4b46b974-3b1e-4de2-965f-cb6dfaf3e8b4: Failed appendEntries to 4b5226b1-6f25-4224-9424-0618f7190562:192.168.105.177:46861: org.apache.ratis.thirdparty.io.grpc.StatusRuntimeException: UNAVAILABLE: io exception
2019-06-13 18:32:42,507 INFO  impl.FollowerInfo (FollowerInfo.java:lambda$new$0(50)) - 4b46b974-3b1e-4de2-965f-cb6dfaf3e8b4->cc5c8bea-c0b3-40d9-bee6-c3127edf20f0: nextIndex: updateUnconditionally 0 -> 0
2019-06-13 18:32:42,507 INFO  impl.FollowerInfo (FollowerInfo.java:lambda$new$0(50)) - 4b46b974-3b1e-4de2-965f-cb6dfaf3e8b4->4b5226b1-6f25-4224-9424-0618f7190562: nextIndex: updateUnconditionally 0 -> 0
2019-06-13 18:32:43,007 WARN  server.GrpcLogAppender (LogUtils.java:warn(134)) - 4b46b974-3b1e-4de2-965f-cb6dfaf3e8b4: Failed appendEntries to cc5c8bea-c0b3-40d9-bee6-c3127edf20f0:192.168.105.177:33435: org.apache.ratis.thirdparty.io.grpc.StatusRuntimeException: UNAVAILABLE: io exception
2019-06-13 18:32:43,007 INFO  impl.FollowerInfo (FollowerInfo.java:lambda$new$0(50)) - 4b46b974-3b1e-4de2-965f-cb6dfaf3e8b4->cc5c8bea-c0b3-40d9-bee6-c3127edf20f0: nextIndex: updateUnconditionally 0 -> 0
2019-06-13 18:32:43,007 WARN  server.GrpcLogAppender (LogUtils.java:warn(134)) - 4b46b974-3b1e-4de2-965f-cb6dfaf3e8b4: Failed appendEntries to 4b5226b1-6f25-4224-9424-0618f7190562:192.168.105.177:46861: org.apache.ratis.thirdparty.io.grpc.StatusRuntimeException: UNAVAILABLE: io exception
2019-06-13 18:32:43,007 INFO  impl.FollowerInfo (FollowerInfo.java:lambda$new$0(50)) - 4b46b974-3b1e-4de2-965f-cb6dfaf3e8b4->4b5226b1-6f25-4224-9424-0618f7190562: nextIndex: updateUnconditionally 0 -> 0
2019-06-13 18:32:43,507 WARN  server.GrpcLogAppender (LogUtils.java:warn(134)) - 4b46b974-3b1e-4de2-965f-cb6dfaf3e8b4: Failed appendEntries to cc5c8bea-c0b3-40d9-bee6-c3127edf20f0:192.168.105.177:33435: org.apache.ratis.thirdparty.io.grpc.StatusRuntimeException: UNAVAILABLE: io exception
2019-06-13 18:32:43,507 WARN  server.GrpcLogAppender (LogUtils.java:warn(134)) - 4b46b974-3b1e-4de2-965f-cb6dfaf3e8b4: Failed appendEntries to 4b5226b1-6f25-4224-9424-0618f7190562:192.168.105.177:46861: org.apache.ratis.thirdparty.io.grpc.StatusRuntimeException: UNAVAILABLE: io exception
2019-06-13 18:32:43,507 INFO  impl.FollowerInfo (FollowerInfo.java:lambda$new$0(50)) - 4b46b974-3b1e-4de2-965f-cb6dfaf3e8b4->cc5c8bea-c0b3-40d9-bee6-c3127edf20f0: nextIndex: updateUnconditionally 0 -> 0
2019-06-13 18:32:43,508 INFO  impl.FollowerInfo (FollowerInfo.java:lambda$new$0(50)) - 4b46b974-3b1e-4de2-965f-cb6dfaf3e8b4->4b5226b1-6f25-4224-9424-0618f7190562: nextIndex: updateUnconditionally 0 -> 0
2019-06-13 18:32:44,008 WARN  server.GrpcLogAppender (LogUtils.java:warn(134)) - 4b46b974-3b1e-4de2-965f-cb6dfaf3e8b4: Failed appendEntries to cc5c8bea-c0b3-40d9-bee6-c3127edf20f0:192.168.105.177:33435: org.apache.ratis.thirdparty.io.grpc.StatusRuntimeException: UNAVAILABLE: io exception
2019-06-13 18:32:44,008 WARN  server.GrpcLogAppender (LogUtils.java:warn(134)) - 4b46b974-3b1e-4de2-965f-cb6dfaf3e8b4: Failed appendEntries to 4b5226b1-6f25-4224-9424-0618f7190562:192.168.105.177:46861: org.apache.ratis.thirdparty.io.grpc.StatusRuntimeException: UNAVAILABLE: io exception
2019-06-13 18:32:44,008 INFO  impl.FollowerInfo (FollowerInfo.java:lambda$new$0(50)) - 4b46b974-3b1e-4de2-965f-cb6dfaf3e8b4->cc5c8bea-c0b3-40d9-bee6-c3127edf20f0: nextIndex: updateUnconditionally 0 -> 0
2019-06-13 18:32:44,008 INFO  impl.FollowerInfo (FollowerInfo.java:lambda$new$0(50)) - 4b46b974-3b1e-4de2-965f-cb6dfaf3e8b4->4b5226b1-6f25-4224-9424-0618f7190562: nextIndex: updateUnconditionally 0 -> 0
2019-06-13 18:32:44,508 WARN  server.GrpcLogAppender (LogUtils.java:warn(134)) - 4b46b974-3b1e-4de2-965f-cb6dfaf3e8b4: Failed appendEntries to 4b5226b1-6f25-4224-9424-0618f7190562:192.168.105.177:46861: org.apache.ratis.thirdparty.io.grpc.StatusRuntimeException: UNAVAILABLE: io exception
2019-06-13 18:32:44,508 WARN  server.GrpcLogAppender (LogUtils.java:warn(134)) - 4b46b974-3b1e-4de2-965f-cb6dfaf3e8b4: Failed appendEntries to cc5c8bea-c0b3-40d9-bee6-c3127edf20f0:192.168.105.177:33435: org.apache.ratis.thirdparty.io.grpc.StatusRuntimeException: UNAVAILABLE: io exception
2019-06-13 18:32:44,509 INFO  impl.FollowerInfo (FollowerInfo.java:lambda$new$0(50)) - 4b46b974-3b1e-4de2-965f-cb6dfaf3e8b4->4b5226b1-6f25-4224-9424-0618f7190562: nextIndex: updateUnconditionally 0 -> 0
2019-06-13 18:32:44,509 INFO  impl.FollowerInfo (FollowerInfo.java:lambda$new$0(50)) - 4b46b974-3b1e-4de2-965f-cb6dfaf3e8b4->cc5c8bea-c0b3-40d9-bee6-c3127edf20f0: nextIndex: updateUnconditionally 0 -> 0
2019-06-13 18:32:45,009 WARN  server.GrpcLogAppender (LogUtils.java:warn(134)) - 4b46b974-3b1e-4de2-965f-cb6dfaf3e8b4: Failed appendEntries to 4b5226b1-6f25-4224-9424-0618f7190562:192.168.105.177:46861: org.apache.ratis.thirdparty.io.grpc.StatusRuntimeException: UNAVAILABLE: io exception
2019-06-13 18:32:45,009 WARN  server.GrpcLogAppender (LogUtils.java:warn(134)) - 4b46b974-3b1e-4de2-965f-cb6dfaf3e8b4: Failed appendEntries to cc5c8bea-c0b3-40d9-bee6-c3127edf20f0:192.168.105.177:33435: org.apache.ratis.thirdparty.io.grpc.StatusRuntimeException: UNAVAILABLE: io exception
2019-06-13 18:32:45,009 INFO  impl.FollowerInfo (FollowerInfo.java:lambda$new$0(50)) - 4b46b974-3b1e-4de2-965f-cb6dfaf3e8b4->4b5226b1-6f25-4224-9424-0618f7190562: nextIndex: updateUnconditionally 0 -> 0
2019-06-13 18:32:45,009 INFO  impl.FollowerInfo (FollowerInfo.java:lambda$new$0(50)) - 4b46b974-3b1e-4de2-965f-cb6dfaf3e8b4->cc5c8bea-c0b3-40d9-bee6-c3127edf20f0: nextIndex: updateUnconditionally 0 -> 0
2019-06-13 18:32:45,510 WARN  server.GrpcLogAppender (LogUtils.java:warn(134)) - 4b46b974-3b1e-4de2-965f-cb6dfaf3e8b4: Failed appendEntries to cc5c8bea-c0b3-40d9-bee6-c3127edf20f0:192.168.105.177:33435: org.apache.ratis.thirdparty.io.grpc.StatusRuntimeException: UNAVAILABLE: io exception
2019-06-13 18:32:45,510 WARN  server.GrpcLogAppender (LogUtils.java:warn(134)) - 4b46b974-3b1e-4de2-965f-cb6dfaf3e8b4: Failed appendEntries to 4b5226b1-6f25-4224-9424-0618f7190562:192.168.105.177:46861: org.apache.ratis.thirdparty.io.grpc.StatusRuntimeException: UNAVAILABLE: io exception
2019-06-13 18:32:45,510 INFO  impl.FollowerInfo (FollowerInfo.java:lambda$new$0(50)) - 4b46b974-3b1e-4de2-965f-cb6dfaf3e8b4->cc5c8bea-c0b3-40d9-bee6-c3127edf20f0: nextIndex: updateUnconditionally 0 -> 0
2019-06-13 18:32:45,510 INFO  impl.FollowerInfo (FollowerInfo.java:lambda$new$0(50)) - 4b46b974-3b1e-4de2-965f-cb6dfaf3e8b4->4b5226b1-6f25-4224-9424-0618f7190562: nextIndex: updateUnconditionally 0 -> 0
2019-06-13 18:32:46,010 WARN  server.GrpcLogAppender (LogUtils.java:warn(134)) - 4b46b974-3b1e-4de2-965f-cb6dfaf3e8b4: Failed appendEntries to cc5c8bea-c0b3-40d9-bee6-c3127edf20f0:192.168.105.177:33435: org.apache.ratis.thirdparty.io.grpc.StatusRuntimeException: UNAVAILABLE: io exception
2019-06-13 18:32:46,010 WARN  server.GrpcLogAppender (LogUtils.java:warn(134)) - 4b46b974-3b1e-4de2-965f-cb6dfaf3e8b4: Failed appendEntries to 4b5226b1-6f25-4224-9424-0618f7190562:192.168.105.177:46861: org.apache.ratis.thirdparty.io.grpc.StatusRuntimeException: UNAVAILABLE: io exception
2019-06-13 18:32:46,011 INFO  impl.FollowerInfo (FollowerInfo.java:lambda$new$0(50)) - 4b46b974-3b1e-4de2-965f-cb6dfaf3e8b4->cc5c8bea-c0b3-40d9-bee6-c3127edf20f0: nextIndex: updateUnconditionally 0 -> 0
2019-06-13 18:32:46,011 INFO  impl.FollowerInfo (FollowerInfo.java:lambda$new$0(50)) - 4b46b974-3b1e-4de2-965f-cb6dfaf3e8b4->4b5226b1-6f25-4224-9424-0618f7190562: nextIndex: updateUnconditionally 0 -> 0
2019-06-13 18:32:46,054 INFO  client.GrpcClientProtocolService (GrpcClientProtocolService.java:lambda$processClientRequest$0(264)) - Failed RaftClientRequest:client-B42B55308253->4b46b974-3b1e-4de2-965f-cb6dfaf3e8b4@group-C15636AE46FB, cid=68, seq=0, Watch-MAJORITY_COMMITTED(2), Message:<EMPTY>, reply=RaftClientReply:client-B42B55308253->4b46b974-3b1e-4de2-965f-cb6dfaf3e8b4@group-C15636AE46FB, cid=68, FAILED org.apache.ratis.protocol.NotReplicatedException: Request with call Id 68 and log index 2 is not yet replicated to MAJORITY_COMMITTED, logIndex=2, commits[4b46b974-3b1e-4de2-965f-cb6dfaf3e8b4:c2, cc5c8bea-c0b3-40d9-bee6-c3127edf20f0:c1, 4b5226b1-6f25-4224-9424-0618f7190562:c1]
2019-06-13 18:32:46,511 WARN  server.GrpcLogAppender (LogUtils.java:warn(134)) - 4b46b974-3b1e-4de2-965f-cb6dfaf3e8b4: Failed appendEntries to cc5c8bea-c0b3-40d9-bee6-c3127edf20f0:192.168.105.177:33435: org.apache.ratis.thirdparty.io.grpc.StatusRuntimeException: UNAVAILABLE: io exception
2019-06-13 18:32:46,511 WARN  server.GrpcLogAppender (LogUtils.java:warn(134)) - 4b46b974-3b1e-4de2-965f-cb6dfaf3e8b4: Failed appendEntries to 4b5226b1-6f25-4224-9424-0618f7190562:192.168.105.177:46861: org.apache.ratis.thirdparty.io.grpc.StatusRuntimeException: UNAVAILABLE: io exception
2019-06-13 18:32:46,511 INFO  impl.FollowerInfo (FollowerInfo.java:lambda$new$0(50)) - 4b46b974-3b1e-4de2-965f-cb6dfaf3e8b4->cc5c8bea-c0b3-40d9-bee6-c3127edf20f0: nextIndex: updateUnconditionally 0 -> 0
2019-06-13 18:32:46,511 INFO  impl.FollowerInfo (FollowerInfo.java:lambda$new$0(50)) - 4b46b974-3b1e-4de2-965f-cb6dfaf3e8b4->4b5226b1-6f25-4224-9424-0618f7190562: nextIndex: updateUnconditionally 0 -> 0
2019-06-13 18:32:47,011 WARN  server.GrpcLogAppender (LogUtils.java:warn(134)) - 4b46b974-3b1e-4de2-965f-cb6dfaf3e8b4: Failed appendEntries to cc5c8bea-c0b3-40d9-bee6-c3127edf20f0:192.168.105.177:33435: org.apache.ratis.thirdparty.io.grpc.StatusRuntimeException: UNAVAILABLE: io exception
2019-06-13 18:32:47,011 INFO  impl.FollowerInfo (FollowerInfo.java:lambda$new$0(50)) - 4b46b974-3b1e-4de2-965f-cb6dfaf3e8b4->cc5c8bea-c0b3-40d9-bee6-c3127edf20f0: nextIndex: updateUnconditionally 0 -> 0
2019-06-13 18:32:47,012 WARN  server.GrpcLogAppender (LogUtils.java:warn(134)) - 4b46b974-3b1e-4de2-965f-cb6dfaf3e8b4: Failed appendEntries to 4b5226b1-6f25-4224-9424-0618f7190562:192.168.105.177:46861: org.apache.ratis.thirdparty.io.grpc.StatusRuntimeException: UNAVAILABLE: io exception
2019-06-13 18:32:47,012 INFO  impl.FollowerInfo (FollowerInfo.java:lambda$new$0(50)) - 4b46b974-3b1e-4de2-965f-cb6dfaf3e8b4->4b5226b1-6f25-4224-9424-0618f7190562: nextIndex: updateUnconditionally 0 -> 0
]]></system-out>
    <system-err><![CDATA[Jun 13, 2019 6:31:56 PM com.sun.jersey.server.impl.application.WebApplicationImpl _initiate
INFO: Initiating Jersey application, version 'Jersey: 1.19 02/11/2015 03:25 AM'
Jun 13, 2019 6:31:56 PM com.sun.jersey.server.impl.application.WebApplicationImpl _initiate
INFO: Initiating Jersey application, version 'Jersey: 1.19 02/11/2015 03:25 AM'
Jun 13, 2019 6:31:57 PM com.sun.jersey.server.impl.application.WebApplicationImpl _initiate
INFO: Initiating Jersey application, version 'Jersey: 1.19 02/11/2015 03:25 AM'
Jun 13, 2019 6:31:57 PM com.sun.jersey.server.impl.application.WebApplicationImpl _initiate
INFO: Initiating Jersey application, version 'Jersey: 1.19 02/11/2015 03:25 AM'
Jun 13, 2019 6:31:57 PM com.sun.jersey.server.impl.application.WebApplicationImpl _initiate
INFO: Initiating Jersey application, version 'Jersey: 1.19 02/11/2015 03:25 AM'
Jun 13, 2019 6:31:57 PM com.sun.jersey.server.impl.application.WebApplicationImpl _initiate
INFO: Initiating Jersey application, version 'Jersey: 1.19 02/11/2015 03:25 AM'
Jun 13, 2019 6:31:57 PM com.sun.jersey.server.impl.application.WebApplicationImpl _initiate
INFO: Initiating Jersey application, version 'Jersey: 1.19 02/11/2015 03:25 AM'
]]></system-err>
  </testcase>
  <testcase name="testWatchForCommitForGroupMismatchException" classname="org.apache.hadoop.ozone.client.rpc.TestWatchForCommit" time="8.032"/>
  <testcase name="test2WayCommitForTimeoutException" classname="org.apache.hadoop.ozone.client.rpc.TestWatchForCommit" time="15.059"/>
  <testcase name="test2WayCommitForRetryfailure" classname="org.apache.hadoop.ozone.client.rpc.TestWatchForCommit" time="29.086"/>
</testsuite>