<?xml version="1.0" encoding="UTF-8"?>
<testsuite xmlns:xsi="http://www.w3.org/2001/XMLSchema-instance" xsi:noNamespaceSchemaLocation="https://maven.apache.org/surefire/maven-surefire-plugin/xsd/surefire-test-report.xsd" name="org.apache.hadoop.hdds.scm.pipeline.TestNodeFailure" time="13.005" tests="1" errors="0" skipped="1" failures="0">
  <properties>
    <property name="awt.toolkit" value="sun.awt.X11.XToolkit"/>
    <property name="file.encoding.pkg" value="sun.io"/>
    <property name="java.specification.version" value="1.8"/>
    <property name="sun.cpu.isalist" value=""/>
    <property name="sun.jnu.encoding" value="UTF-8"/>
    <property name="java.class.path" value="/opt/src/hadoop-ozone/integration-test/target/test-classes:/opt/src/hadoop-ozone/integration-test/target/classes:/root/.m2/repository/org/apache/hadoop/hadoop-ozone-common/0.5.0-SNAPSHOT/hadoop-ozone-common-0.5.0-SNAPSHOT.jar:/root/.m2/repository/org/apache/commons/commons-compress/1.4.1/commons-compress-1.4.1.jar:/root/.m2/repository/org/tukaani/xz/1.0/xz-1.0.jar:/root/.m2/repository/org/apache/hadoop/hadoop-common/3.2.0/hadoop-common-3.2.0.jar:/root/.m2/repository/org/apache/hadoop/hadoop-hdfs/3.2.0/hadoop-hdfs-3.2.0.jar:/root/.m2/repository/org/apache/hadoop/hadoop-hdfs-client/3.2.0/hadoop-hdfs-client-3.2.0.jar:/root/.m2/repository/com/fasterxml/jackson/core/jackson-annotations/2.9.5/jackson-annotations-2.9.5.jar:/root/.m2/repository/org/apache/hadoop/hadoop-hdds-common/0.5.0-SNAPSHOT/hadoop-hdds-common-0.5.0-SNAPSHOT.jar:/root/.m2/repository/javax/annotation/javax.annotation-api/1.2/javax.annotation-api-1.2.jar:/root/.m2/repository/org/apache/ratis/ratis-server/0.4.0-fe2b15d-SNAPSHOT/ratis-server-0.4.0-fe2b15d-SNAPSHOT.jar:/root/.m2/repository/org/apache/ratis/ratis-thirdparty-misc/0.2.0/ratis-thirdparty-misc-0.2.0.jar:/root/.m2/repository/org/apache/ratis/ratis-proto/0.4.0-fe2b15d-SNAPSHOT/ratis-proto-0.4.0-fe2b15d-SNAPSHOT.jar:/root/.m2/repository/org/apache/ratis/ratis-common/0.4.0-fe2b15d-SNAPSHOT/ratis-common-0.4.0-fe2b15d-SNAPSHOT.jar:/root/.m2/repository/org/apache/ratis/ratis-client/0.4.0-fe2b15d-SNAPSHOT/ratis-client-0.4.0-fe2b15d-SNAPSHOT.jar:/root/.m2/repository/org/apache/ratis/ratis-netty/0.4.0-fe2b15d-SNAPSHOT/ratis-netty-0.4.0-fe2b15d-SNAPSHOT.jar:/root/.m2/repository/org/apache/ratis/ratis-grpc/0.4.0-fe2b15d-SNAPSHOT/ratis-grpc-0.4.0-fe2b15d-SNAPSHOT.jar:/root/.m2/repository/org/rocksdb/rocksdbjni/5.14.2/rocksdbjni-5.14.2.jar:/root/.m2/repository/org/apache/logging/log4j/log4j-api/2.11.0/log4j-api-2.11.0.jar:/root/.m2/repository/org/apache/logging/log4j/log4j-core/2.11.0/log4j-core-2.11.0.jar:/root/.m2/repository/com/lmax/disruptor/3.4.2/disruptor-3.4.2.jar:/root/.m2/repository/org/apache/commons/commons-pool2/2.6.0/commons-pool2-2.6.0.jar:/root/.m2/repository/org/bouncycastle/bcpkix-jdk15on/1.60/bcpkix-jdk15on-1.60.jar:/root/.m2/repository/commons-validator/commons-validator/1.6/commons-validator-1.6.jar:/root/.m2/repository/commons-digester/commons-digester/1.8.1/commons-digester-1.8.1.jar:/root/.m2/repository/io/jaegertracing/jaeger-client/0.33.1/jaeger-client-0.33.1.jar:/root/.m2/repository/io/jaegertracing/jaeger-thrift/0.33.1/jaeger-thrift-0.33.1.jar:/root/.m2/repository/org/apache/thrift/libthrift/0.11.0/libthrift-0.11.0.jar:/root/.m2/repository/com/squareup/okhttp3/okhttp/3.9.0/okhttp-3.9.0.jar:/root/.m2/repository/com/squareup/okio/okio/1.13.0/okio-1.13.0.jar:/root/.m2/repository/io/jaegertracing/jaeger-core/0.33.1/jaeger-core-0.33.1.jar:/root/.m2/repository/io/jaegertracing/jaeger-tracerresolver/0.33.1/jaeger-tracerresolver-0.33.1.jar:/root/.m2/repository/io/opentracing/contrib/opentracing-tracerresolver/0.1.5/opentracing-tracerresolver-0.1.5.jar:/root/.m2/repository/io/opentracing/opentracing-util/0.31.0/opentracing-util-0.31.0.jar:/root/.m2/repository/io/opentracing/opentracing-api/0.31.0/opentracing-api-0.31.0.jar:/root/.m2/repository/io/opentracing/opentracing-noop/0.31.0/opentracing-noop-0.31.0.jar:/root/.m2/repository/org/apache/hadoop/hadoop-hdds-server-framework/0.5.0-SNAPSHOT/hadoop-hdds-server-framework-0.5.0-SNAPSHOT.jar:/root/.m2/repository/org/apache/hadoop/hadoop-hdds-server-scm/0.5.0-SNAPSHOT/hadoop-hdds-server-scm-0.5.0-SNAPSHOT.jar:/root/.m2/repository/org/apache/hadoop/hadoop-hdds-container-service/0.5.0-SNAPSHOT/hadoop-hdds-container-service-0.5.0-SNAPSHOT.jar:/root/.m2/repository/org/apache/hadoop/hadoop-hdds-client/0.5.0-SNAPSHOT/hadoop-hdds-client-0.5.0-SNAPSHOT.jar:/root/.m2/repository/org/apache/hadoop/hadoop-hdds-tools/0.5.0-SNAPSHOT/hadoop-hdds-tools-0.5.0-SNAPSHOT.jar:/root/.m2/repository/org/apache/hadoop/hadoop-ozone-ozone-manager/0.5.0-SNAPSHOT/hadoop-ozone-ozone-manager-0.5.0-SNAPSHOT.jar:/root/.m2/repository/org/apache/hadoop/hadoop-hdds-docs/0.5.0-SNAPSHOT/hadoop-hdds-docs-0.5.0-SNAPSHOT.jar:/root/.m2/repository/org/bouncycastle/bcprov-jdk15on/1.60/bcprov-jdk15on-1.60.jar:/root/.m2/repository/org/apache/hadoop/hadoop-minikdc/3.2.0/hadoop-minikdc-3.2.0.jar:/root/.m2/repository/commons-io/commons-io/2.5/commons-io-2.5.jar:/root/.m2/repository/org/apache/kerby/kerb-simplekdc/1.0.1/kerb-simplekdc-1.0.1.jar:/root/.m2/repository/org/apache/kerby/kerb-client/1.0.1/kerb-client-1.0.1.jar:/root/.m2/repository/org/apache/kerby/kerby-config/1.0.1/kerby-config-1.0.1.jar:/root/.m2/repository/org/apache/kerby/kerb-core/1.0.1/kerb-core-1.0.1.jar:/root/.m2/repository/org/apache/kerby/kerby-pkix/1.0.1/kerby-pkix-1.0.1.jar:/root/.m2/repository/org/apache/kerby/kerby-asn1/1.0.1/kerby-asn1-1.0.1.jar:/root/.m2/repository/org/apache/kerby/kerby-util/1.0.1/kerby-util-1.0.1.jar:/root/.m2/repository/org/apache/kerby/kerb-common/1.0.1/kerb-common-1.0.1.jar:/root/.m2/repository/org/apache/kerby/kerb-crypto/1.0.1/kerb-crypto-1.0.1.jar:/root/.m2/repository/org/apache/kerby/kerb-util/1.0.1/kerb-util-1.0.1.jar:/root/.m2/repository/org/apache/kerby/token-provider/1.0.1/token-provider-1.0.1.jar:/root/.m2/repository/org/apache/kerby/kerb-admin/1.0.1/kerb-admin-1.0.1.jar:/root/.m2/repository/org/apache/kerby/kerb-server/1.0.1/kerb-server-1.0.1.jar:/root/.m2/repository/org/apache/kerby/kerb-identity/1.0.1/kerb-identity-1.0.1.jar:/root/.m2/repository/org/apache/kerby/kerby-xdr/1.0.1/kerby-xdr-1.0.1.jar:/root/.m2/repository/org/slf4j/slf4j-log4j12/1.7.25/slf4j-log4j12-1.7.25.jar:/root/.m2/repository/org/apache/hadoop/hadoop-ozone-objectstore-service/0.5.0-SNAPSHOT/hadoop-ozone-objectstore-service-0.5.0-SNAPSHOT.jar:/root/.m2/repository/org/apache/hadoop/hadoop-ozone-s3gateway/0.5.0-SNAPSHOT/hadoop-ozone-s3gateway-0.5.0-SNAPSHOT.jar:/root/.m2/repository/org/jboss/weld/servlet/weld-servlet/2.4.7.Final/weld-servlet-2.4.7.Final.jar:/root/.m2/repository/org/glassfish/jersey/containers/jersey-container-servlet-core/2.27/jersey-container-servlet-core-2.27.jar:/root/.m2/repository/org/glassfish/hk2/external/javax.inject/2.5.0-b42/javax.inject-2.5.0-b42.jar:/root/.m2/repository/org/glassfish/jersey/core/jersey-common/2.27/jersey-common-2.27.jar:/root/.m2/repository/org/glassfish/hk2/osgi-resource-locator/1.0.1/osgi-resource-locator-1.0.1.jar:/root/.m2/repository/javax/ws/rs/javax.ws.rs-api/2.1/javax.ws.rs-api-2.1.jar:/root/.m2/repository/org/glassfish/jersey/ext/cdi/jersey-cdi1x/2.27/jersey-cdi1x-2.27.jar:/root/.m2/repository/org/glassfish/jersey/inject/jersey-hk2/2.27/jersey-hk2-2.27.jar:/root/.m2/repository/org/glassfish/hk2/hk2-locator/2.5.0-b42/hk2-locator-2.5.0-b42.jar:/root/.m2/repository/org/javassist/javassist/3.22.0-CR2/javassist-3.22.0-CR2.jar:/root/.m2/repository/org/glassfish/hk2/hk2-api/2.5.0/hk2-api-2.5.0.jar:/root/.m2/repository/org/glassfish/hk2/external/jakarta.inject/2.5.0/jakarta.inject-2.5.0.jar:/root/.m2/repository/org/glassfish/hk2/hk2-utils/2.5.0/hk2-utils-2.5.0.jar:/root/.m2/repository/jakarta/annotation/jakarta.annotation-api/1.3.4/jakarta.annotation-api-1.3.4.jar:/root/.m2/repository/org/glassfish/hk2/external/aopalliance-repackaged/2.5.0/aopalliance-repackaged-2.5.0.jar:/root/.m2/repository/com/fasterxml/jackson/dataformat/jackson-dataformat-xml/2.9.0/jackson-dataformat-xml-2.9.0.jar:/root/.m2/repository/com/fasterxml/jackson/core/jackson-core/2.9.5/jackson-core-2.9.5.jar:/root/.m2/repository/com/fasterxml/jackson/module/jackson-module-jaxb-annotations/2.9.5/jackson-module-jaxb-annotations-2.9.5.jar:/root/.m2/repository/javax/enterprise/cdi-api/1.2/cdi-api-1.2.jar:/root/.m2/repository/javax/el/javax.el-api/3.0.0/javax.el-api-3.0.0.jar:/root/.m2/repository/javax/interceptor/javax.interceptor-api/1.2/javax.interceptor-api-1.2.jar:/root/.m2/repository/javax/inject/javax.inject/1/javax.inject-1.jar:/root/.m2/repository/com/sun/xml/bind/jaxb-impl/2.3.0.1/jaxb-impl-2.3.0.1.jar:/root/.m2/repository/com/sun/xml/bind/jaxb-core/2.3.0.1/jaxb-core-2.3.0.1.jar:/root/.m2/repository/javax/xml/bind/jaxb-api/2.3.0/jaxb-api-2.3.0.jar:/root/.m2/repository/javax/activation/activation/1.1.1/activation-1.1.1.jar:/root/.m2/repository/org/apache/hadoop/hadoop-ozone-csi/0.5.0-SNAPSHOT/hadoop-ozone-csi-0.5.0-SNAPSHOT.jar:/root/.m2/repository/com/google/protobuf/protobuf-java-util/3.5.1/protobuf-java-util-3.5.1.jar:/root/.m2/repository/org/apache/hadoop/hadoop-hdds-config/0.5.0-SNAPSHOT/hadoop-hdds-config-0.5.0-SNAPSHOT.jar:/root/.m2/repository/com/google/guava/guava/11.0.2/guava-11.0.2.jar:/root/.m2/repository/com/google/protobuf/protobuf-java/2.5.0/protobuf-java-2.5.0.jar:/root/.m2/repository/io/grpc/grpc-netty/1.17.1/grpc-netty-1.17.1.jar:/root/.m2/repository/io/grpc/grpc-core/1.17.1/grpc-core-1.17.1.jar:/root/.m2/repository/io/grpc/grpc-context/1.17.1/grpc-context-1.17.1.jar:/root/.m2/repository/com/google/errorprone/error_prone_annotations/2.2.0/error_prone_annotations-2.2.0.jar:/root/.m2/repository/org/codehaus/mojo/animal-sniffer-annotations/1.17/animal-sniffer-annotations-1.17.jar:/root/.m2/repository/io/opencensus/opencensus-api/0.17.0/opencensus-api-0.17.0.jar:/root/.m2/repository/io/opencensus/opencensus-contrib-grpc-metrics/0.17.0/opencensus-contrib-grpc-metrics-0.17.0.jar:/root/.m2/repository/io/netty/netty-codec-http2/4.1.30.Final/netty-codec-http2-4.1.30.Final.jar:/root/.m2/repository/io/netty/netty-codec-http/4.1.30.Final/netty-codec-http-4.1.30.Final.jar:/root/.m2/repository/io/netty/netty-codec/4.1.30.Final/netty-codec-4.1.30.Final.jar:/root/.m2/repository/io/netty/netty-handler/4.1.30.Final/netty-handler-4.1.30.Final.jar:/root/.m2/repository/io/netty/netty-handler-proxy/4.1.30.Final/netty-handler-proxy-4.1.30.Final.jar:/root/.m2/repository/io/netty/netty-codec-socks/4.1.30.Final/netty-codec-socks-4.1.30.Final.jar:/root/.m2/repository/io/netty/netty-transport-native-epoll/4.1.30.Final/netty-transport-native-epoll-4.1.30.Final.jar:/root/.m2/repository/io/netty/netty-common/4.1.30.Final/netty-common-4.1.30.Final.jar:/root/.m2/repository/io/netty/netty-buffer/4.1.30.Final/netty-buffer-4.1.30.Final.jar:/root/.m2/repository/io/netty/netty-transport/4.1.30.Final/netty-transport-4.1.30.Final.jar:/root/.m2/repository/io/netty/netty-resolver/4.1.30.Final/netty-resolver-4.1.30.Final.jar:/root/.m2/repository/io/netty/netty-transport-native-unix-common/4.1.30.Final/netty-transport-native-unix-common-4.1.30.Final.jar:/root/.m2/repository/io/grpc/grpc-protobuf/1.17.1/grpc-protobuf-1.17.1.jar:/root/.m2/repository/com/google/api/grpc/proto-google-common-protos/1.0.0/proto-google-common-protos-1.0.0.jar:/root/.m2/repository/io/grpc/grpc-protobuf-lite/1.17.1/grpc-protobuf-lite-1.17.1.jar:/root/.m2/repository/io/grpc/grpc-stub/1.17.1/grpc-stub-1.17.1.jar:/root/.m2/repository/org/apache/hadoop/hadoop-ozone-recon/0.5.0-SNAPSHOT/hadoop-ozone-recon-0.5.0-SNAPSHOT.jar:/root/.m2/repository/org/apache/hadoop/hadoop-ozone-reconcodegen/0.5.0-SNAPSHOT/hadoop-ozone-reconcodegen-0.5.0-SNAPSHOT.jar:/root/.m2/repository/com/google/inject/extensions/guice-multibindings/4.0/guice-multibindings-4.0.jar:/root/.m2/repository/com/google/inject/guice/4.0/guice-4.0.jar:/root/.m2/repository/aopalliance/aopalliance/1.0/aopalliance-1.0.jar:/root/.m2/repository/com/google/inject/extensions/guice-servlet/4.0/guice-servlet-4.0.jar:/root/.m2/repository/org/glassfish/jersey/containers/jersey-container-servlet/2.27/jersey-container-servlet-2.27.jar:/root/.m2/repository/org/glassfish/hk2/guice-bridge/2.5.0/guice-bridge-2.5.0.jar:/root/.m2/repository/org/glassfish/jersey/core/jersey-server/2.27/jersey-server-2.27.jar:/root/.m2/repository/org/glassfish/jersey/core/jersey-client/2.27/jersey-client-2.27.jar:/root/.m2/repository/org/glassfish/jersey/media/jersey-media-jaxb/2.27/jersey-media-jaxb-2.27.jar:/root/.m2/repository/javax/validation/validation-api/1.1.0.Final/validation-api-1.1.0.Final.jar:/root/.m2/repository/org/glassfish/jersey/media/jersey-media-json-jackson/2.27/jersey-media-json-jackson-2.27.jar:/root/.m2/repository/org/glassfish/jersey/ext/jersey-entity-filtering/2.27/jersey-entity-filtering-2.27.jar:/root/.m2/repository/com/google/inject/extensions/guice-assistedinject/4.0/guice-assistedinject-4.0.jar:/root/.m2/repository/org/jooq/jooq/3.11.10/jooq-3.11.10.jar:/root/.m2/repository/org/jooq/jooq-meta/3.11.10/jooq-meta-3.11.10.jar:/root/.m2/repository/org/jooq/jooq-codegen/3.11.10/jooq-codegen-3.11.10.jar:/root/.m2/repository/com/jolbox/bonecp/0.8.0.RELEASE/bonecp-0.8.0.RELEASE.jar:/root/.m2/repository/org/xerial/sqlite-jdbc/3.25.2/sqlite-jdbc-3.25.2.jar:/root/.m2/repository/org/springframework/spring-jdbc/5.1.3.RELEASE/spring-jdbc-5.1.3.RELEASE.jar:/root/.m2/repository/org/springframework/spring-beans/5.1.3.RELEASE/spring-beans-5.1.3.RELEASE.jar:/root/.m2/repository/org/springframework/spring-core/5.1.3.RELEASE/spring-core-5.1.3.RELEASE.jar:/root/.m2/repository/org/springframework/spring-jcl/5.1.3.RELEASE/spring-jcl-5.1.3.RELEASE.jar:/root/.m2/repository/org/springframework/spring-tx/5.1.3.RELEASE/spring-tx-5.1.3.RELEASE.jar:/root/.m2/repository/org/apache/hadoop/hadoop-ozone-client/0.5.0-SNAPSHOT/hadoop-ozone-client-0.5.0-SNAPSHOT.jar:/root/.m2/repository/org/apache/hadoop/hadoop-ozone-ozone-manager/0.5.0-SNAPSHOT/hadoop-ozone-ozone-manager-0.5.0-SNAPSHOT-tests.jar:/root/.m2/repository/junit/junit/4.11/junit-4.11.jar:/root/.m2/repository/org/hamcrest/hamcrest-core/1.3/hamcrest-core-1.3.jar:/root/.m2/repository/org/openjdk/jmh/jmh-core/1.19/jmh-core-1.19.jar:/root/.m2/repository/net/sf/jopt-simple/jopt-simple/4.6/jopt-simple-4.6.jar:/root/.m2/repository/org/apache/commons/commons-math3/3.1.1/commons-math3-3.1.1.jar:/root/.m2/repository/org/openjdk/jmh/jmh-generator-annprocess/1.19/jmh-generator-annprocess-1.19.jar:/root/.m2/repository/org/mockito/mockito-all/1.8.5/mockito-all-1.8.5.jar:/root/.m2/repository/org/apache/hadoop/hadoop-kms/3.2.0/hadoop-kms-3.2.0.jar:/root/.m2/repository/org/apache/hadoop/hadoop-auth/3.2.0/hadoop-auth-3.2.0.jar:/root/.m2/repository/com/nimbusds/nimbus-jose-jwt/4.41.1/nimbus-jose-jwt-4.41.1.jar:/root/.m2/repository/com/github/stephenc/jcip/jcip-annotations/1.0-1/jcip-annotations-1.0-1.jar:/root/.m2/repository/net/minidev/json-smart/2.3/json-smart-2.3.jar:/root/.m2/repository/net/minidev/accessors-smart/1.2/accessors-smart-1.2.jar:/root/.m2/repository/org/ow2/asm/asm/5.0.4/asm-5.0.4.jar:/root/.m2/repository/org/apache/curator/curator-framework/2.12.0/curator-framework-2.12.0.jar:/root/.m2/repository/com/sun/jersey/jersey-core/1.19/jersey-core-1.19.jar:/root/.m2/repository/javax/ws/rs/jsr311-api/1.1.1/jsr311-api-1.1.1.jar:/root/.m2/repository/com/sun/jersey/jersey-server/1.19/jersey-server-1.19.jar:/root/.m2/repository/javax/servlet/javax.servlet-api/3.1.0/javax.servlet-api-3.1.0.jar:/root/.m2/repository/org/eclipse/jetty/jetty-server/9.3.24.v20180605/jetty-server-9.3.24.v20180605.jar:/root/.m2/repository/org/eclipse/jetty/jetty-http/9.3.24.v20180605/jetty-http-9.3.24.v20180605.jar:/root/.m2/repository/org/eclipse/jetty/jetty-io/9.3.24.v20180605/jetty-io-9.3.24.v20180605.jar:/root/.m2/repository/org/eclipse/jetty/jetty-webapp/9.3.24.v20180605/jetty-webapp-9.3.24.v20180605.jar:/root/.m2/repository/org/eclipse/jetty/jetty-xml/9.3.24.v20180605/jetty-xml-9.3.24.v20180605.jar:/root/.m2/repository/log4j/log4j/1.2.17/log4j-1.2.17.jar:/root/.m2/repository/org/slf4j/slf4j-api/1.7.25/slf4j-api-1.7.25.jar:/root/.m2/repository/org/slf4j/jul-to-slf4j/1.7.25/jul-to-slf4j-1.7.25.jar:/root/.m2/repository/org/eclipse/jetty/jetty-util/9.3.24.v20180605/jetty-util-9.3.24.v20180605.jar:/root/.m2/repository/io/dropwizard/metrics/metrics-core/3.2.4/metrics-core-3.2.4.jar:/root/.m2/repository/com/fasterxml/jackson/core/jackson-databind/2.9.5/jackson-databind-2.9.5.jar:/root/.m2/repository/org/apache/hadoop/hadoop-kms/3.2.0/hadoop-kms-3.2.0-tests.jar:/root/.m2/repository/org/apache/hadoop/hadoop-hdds-server-scm/0.5.0-SNAPSHOT/hadoop-hdds-server-scm-0.5.0-SNAPSHOT-tests.jar:/root/.m2/repository/org/hamcrest/hamcrest-all/1.3/hamcrest-all-1.3.jar:/root/.m2/repository/info/picocli/picocli/3.9.6/picocli-3.9.6.jar:/root/.m2/repository/org/apache/hadoop/hadoop-hdds-container-service/0.5.0-SNAPSHOT/hadoop-hdds-container-service-0.5.0-SNAPSHOT-tests.jar:/root/.m2/repository/org/yaml/snakeyaml/1.16/snakeyaml-1.16.jar:/root/.m2/repository/org/apache/hadoop/hadoop-common/3.2.0/hadoop-common-3.2.0-tests.jar:/root/.m2/repository/org/apache/hadoop/hadoop-annotations/3.2.0/hadoop-annotations-3.2.0.jar:/usr/lib/jvm/java-1.8-openjdk/jre/../lib/tools.jar:/root/.m2/repository/commons-cli/commons-cli/1.2/commons-cli-1.2.jar:/root/.m2/repository/org/apache/httpcomponents/httpclient/4.5.2/httpclient-4.5.2.jar:/root/.m2/repository/org/apache/httpcomponents/httpcore/4.4.4/httpcore-4.4.4.jar:/root/.m2/repository/commons-codec/commons-codec/1.11/commons-codec-1.11.jar:/root/.m2/repository/commons-net/commons-net/3.6/commons-net-3.6.jar:/root/.m2/repository/commons-collections/commons-collections/3.2.2/commons-collections-3.2.2.jar:/root/.m2/repository/org/eclipse/jetty/jetty-servlet/9.3.24.v20180605/jetty-servlet-9.3.24.v20180605.jar:/root/.m2/repository/org/eclipse/jetty/jetty-security/9.3.24.v20180605/jetty-security-9.3.24.v20180605.jar:/root/.m2/repository/javax/servlet/jsp/jsp-api/2.1/jsp-api-2.1.jar:/root/.m2/repository/com/sun/jersey/jersey-servlet/1.19/jersey-servlet-1.19.jar:/root/.m2/repository/com/sun/jersey/jersey-json/1.19/jersey-json-1.19.jar:/root/.m2/repository/org/codehaus/jettison/jettison/1.1/jettison-1.1.jar:/root/.m2/repository/org/codehaus/jackson/jackson-core-asl/1.9.13/jackson-core-asl-1.9.13.jar:/root/.m2/repository/org/codehaus/jackson/jackson-mapper-asl/1.9.13/jackson-mapper-asl-1.9.13.jar:/root/.m2/repository/org/codehaus/jackson/jackson-jaxrs/1.9.13/jackson-jaxrs-1.9.13.jar:/root/.m2/repository/org/codehaus/jackson/jackson-xc/1.9.13/jackson-xc-1.9.13.jar:/root/.m2/repository/commons-logging/commons-logging/1.1.3/commons-logging-1.1.3.jar:/root/.m2/repository/commons-beanutils/commons-beanutils/1.9.3/commons-beanutils-1.9.3.jar:/root/.m2/repository/org/apache/commons/commons-configuration2/2.1.1/commons-configuration2-2.1.1.jar:/root/.m2/repository/org/apache/commons/commons-lang3/3.7/commons-lang3-3.7.jar:/root/.m2/repository/org/apache/commons/commons-text/1.4/commons-text-1.4.jar:/root/.m2/repository/org/apache/avro/avro/1.7.7/avro-1.7.7.jar:/root/.m2/repository/com/thoughtworks/paranamer/paranamer/2.3/paranamer-2.3.jar:/root/.m2/repository/org/xerial/snappy/snappy-java/1.0.5/snappy-java-1.0.5.jar:/root/.m2/repository/com/google/re2j/re2j/1.1/re2j-1.1.jar:/root/.m2/repository/com/google/code/gson/gson/2.2.4/gson-2.2.4.jar:/root/.m2/repository/com/jcraft/jsch/0.1.54/jsch-0.1.54.jar:/root/.m2/repository/org/apache/curator/curator-client/2.12.0/curator-client-2.12.0.jar:/root/.m2/repository/org/apache/curator/curator-recipes/2.12.0/curator-recipes-2.12.0.jar:/root/.m2/repository/com/google/code/findbugs/jsr305/3.0.0/jsr305-3.0.0.jar:/root/.m2/repository/org/apache/htrace/htrace-core4/4.1.0-incubating/htrace-core4-4.1.0-incubating.jar:/root/.m2/repository/org/apache/zookeeper/zookeeper/3.4.13/zookeeper-3.4.13.jar:/root/.m2/repository/org/apache/yetus/audience-annotations/0.5.0/audience-annotations-0.5.0.jar:/root/.m2/repository/org/codehaus/woodstox/stax2-api/3.1.4/stax2-api-3.1.4.jar:/root/.m2/repository/com/fasterxml/woodstox/woodstox-core/5.0.3/woodstox-core-5.0.3.jar:/root/.m2/repository/dnsjava/dnsjava/2.1.7/dnsjava-2.1.7.jar:/root/.m2/repository/org/apache/hadoop/hadoop-hdfs/3.2.0/hadoop-hdfs-3.2.0-tests.jar:/root/.m2/repository/org/eclipse/jetty/jetty-util-ajax/9.3.24.v20180605/jetty-util-ajax-9.3.24.v20180605.jar:/root/.m2/repository/commons-daemon/commons-daemon/1.0.13/commons-daemon-1.0.13.jar:/root/.m2/repository/io/netty/netty/3.10.5.Final/netty-3.10.5.Final.jar:/root/.m2/repository/io/netty/netty-all/4.0.52.Final/netty-all-4.0.52.Final.jar:/root/.m2/repository/org/fusesource/leveldbjni/leveldbjni-all/1.8/leveldbjni-all-1.8.jar:"/>
    <property name="java.vm.vendor" value="IcedTea"/>
    <property name="sun.arch.data.model" value="64"/>
    <property name="test.build.dir" value="/opt/src/hadoop-ozone/integration-test/target/test-dir"/>
    <property name="test.cache.data" value=""/>
    <property name="java.vendor.url" value="https://icedtea.classpath.org"/>
    <property name="user.timezone" value=""/>
    <property name="java.vm.specification.version" value="1.8"/>
    <property name="os.name" value="Linux"/>
    <property name="test.build.data" value="/opt/src/hadoop-ozone/integration-test/target/test-dir"/>
    <property name="user.country" value="US"/>
    <property name="sun.java.launcher" value="SUN_STANDARD"/>
    <property name="sun.boot.library.path" value="/usr/lib/jvm/java-1.8-openjdk/jre/lib/amd64"/>
    <property name="sun.java.command" value="/opt/src/hadoop-ozone/integration-test/target/surefire/surefirebooter5798861805414258838.jar /opt/src/hadoop-ozone/integration-test/target/surefire 2019-06-13T18-13-20_226-jvmRun1 surefire875531865971278119tmp surefire_81057800254567194086tmp"/>
    <property name="surefire.test.class.path" value="/opt/src/hadoop-ozone/integration-test/target/test-classes:/opt/src/hadoop-ozone/integration-test/target/classes:/root/.m2/repository/org/apache/hadoop/hadoop-ozone-common/0.5.0-SNAPSHOT/hadoop-ozone-common-0.5.0-SNAPSHOT.jar:/root/.m2/repository/org/apache/commons/commons-compress/1.4.1/commons-compress-1.4.1.jar:/root/.m2/repository/org/tukaani/xz/1.0/xz-1.0.jar:/root/.m2/repository/org/apache/hadoop/hadoop-common/3.2.0/hadoop-common-3.2.0.jar:/root/.m2/repository/org/apache/hadoop/hadoop-hdfs/3.2.0/hadoop-hdfs-3.2.0.jar:/root/.m2/repository/org/apache/hadoop/hadoop-hdfs-client/3.2.0/hadoop-hdfs-client-3.2.0.jar:/root/.m2/repository/com/fasterxml/jackson/core/jackson-annotations/2.9.5/jackson-annotations-2.9.5.jar:/root/.m2/repository/org/apache/hadoop/hadoop-hdds-common/0.5.0-SNAPSHOT/hadoop-hdds-common-0.5.0-SNAPSHOT.jar:/root/.m2/repository/javax/annotation/javax.annotation-api/1.2/javax.annotation-api-1.2.jar:/root/.m2/repository/org/apache/ratis/ratis-server/0.4.0-fe2b15d-SNAPSHOT/ratis-server-0.4.0-fe2b15d-SNAPSHOT.jar:/root/.m2/repository/org/apache/ratis/ratis-thirdparty-misc/0.2.0/ratis-thirdparty-misc-0.2.0.jar:/root/.m2/repository/org/apache/ratis/ratis-proto/0.4.0-fe2b15d-SNAPSHOT/ratis-proto-0.4.0-fe2b15d-SNAPSHOT.jar:/root/.m2/repository/org/apache/ratis/ratis-common/0.4.0-fe2b15d-SNAPSHOT/ratis-common-0.4.0-fe2b15d-SNAPSHOT.jar:/root/.m2/repository/org/apache/ratis/ratis-client/0.4.0-fe2b15d-SNAPSHOT/ratis-client-0.4.0-fe2b15d-SNAPSHOT.jar:/root/.m2/repository/org/apache/ratis/ratis-netty/0.4.0-fe2b15d-SNAPSHOT/ratis-netty-0.4.0-fe2b15d-SNAPSHOT.jar:/root/.m2/repository/org/apache/ratis/ratis-grpc/0.4.0-fe2b15d-SNAPSHOT/ratis-grpc-0.4.0-fe2b15d-SNAPSHOT.jar:/root/.m2/repository/org/rocksdb/rocksdbjni/5.14.2/rocksdbjni-5.14.2.jar:/root/.m2/repository/org/apache/logging/log4j/log4j-api/2.11.0/log4j-api-2.11.0.jar:/root/.m2/repository/org/apache/logging/log4j/log4j-core/2.11.0/log4j-core-2.11.0.jar:/root/.m2/repository/com/lmax/disruptor/3.4.2/disruptor-3.4.2.jar:/root/.m2/repository/org/apache/commons/commons-pool2/2.6.0/commons-pool2-2.6.0.jar:/root/.m2/repository/org/bouncycastle/bcpkix-jdk15on/1.60/bcpkix-jdk15on-1.60.jar:/root/.m2/repository/commons-validator/commons-validator/1.6/commons-validator-1.6.jar:/root/.m2/repository/commons-digester/commons-digester/1.8.1/commons-digester-1.8.1.jar:/root/.m2/repository/io/jaegertracing/jaeger-client/0.33.1/jaeger-client-0.33.1.jar:/root/.m2/repository/io/jaegertracing/jaeger-thrift/0.33.1/jaeger-thrift-0.33.1.jar:/root/.m2/repository/org/apache/thrift/libthrift/0.11.0/libthrift-0.11.0.jar:/root/.m2/repository/com/squareup/okhttp3/okhttp/3.9.0/okhttp-3.9.0.jar:/root/.m2/repository/com/squareup/okio/okio/1.13.0/okio-1.13.0.jar:/root/.m2/repository/io/jaegertracing/jaeger-core/0.33.1/jaeger-core-0.33.1.jar:/root/.m2/repository/io/jaegertracing/jaeger-tracerresolver/0.33.1/jaeger-tracerresolver-0.33.1.jar:/root/.m2/repository/io/opentracing/contrib/opentracing-tracerresolver/0.1.5/opentracing-tracerresolver-0.1.5.jar:/root/.m2/repository/io/opentracing/opentracing-util/0.31.0/opentracing-util-0.31.0.jar:/root/.m2/repository/io/opentracing/opentracing-api/0.31.0/opentracing-api-0.31.0.jar:/root/.m2/repository/io/opentracing/opentracing-noop/0.31.0/opentracing-noop-0.31.0.jar:/root/.m2/repository/org/apache/hadoop/hadoop-hdds-server-framework/0.5.0-SNAPSHOT/hadoop-hdds-server-framework-0.5.0-SNAPSHOT.jar:/root/.m2/repository/org/apache/hadoop/hadoop-hdds-server-scm/0.5.0-SNAPSHOT/hadoop-hdds-server-scm-0.5.0-SNAPSHOT.jar:/root/.m2/repository/org/apache/hadoop/hadoop-hdds-container-service/0.5.0-SNAPSHOT/hadoop-hdds-container-service-0.5.0-SNAPSHOT.jar:/root/.m2/repository/org/apache/hadoop/hadoop-hdds-client/0.5.0-SNAPSHOT/hadoop-hdds-client-0.5.0-SNAPSHOT.jar:/root/.m2/repository/org/apache/hadoop/hadoop-hdds-tools/0.5.0-SNAPSHOT/hadoop-hdds-tools-0.5.0-SNAPSHOT.jar:/root/.m2/repository/org/apache/hadoop/hadoop-ozone-ozone-manager/0.5.0-SNAPSHOT/hadoop-ozone-ozone-manager-0.5.0-SNAPSHOT.jar:/root/.m2/repository/org/apache/hadoop/hadoop-hdds-docs/0.5.0-SNAPSHOT/hadoop-hdds-docs-0.5.0-SNAPSHOT.jar:/root/.m2/repository/org/bouncycastle/bcprov-jdk15on/1.60/bcprov-jdk15on-1.60.jar:/root/.m2/repository/org/apache/hadoop/hadoop-minikdc/3.2.0/hadoop-minikdc-3.2.0.jar:/root/.m2/repository/commons-io/commons-io/2.5/commons-io-2.5.jar:/root/.m2/repository/org/apache/kerby/kerb-simplekdc/1.0.1/kerb-simplekdc-1.0.1.jar:/root/.m2/repository/org/apache/kerby/kerb-client/1.0.1/kerb-client-1.0.1.jar:/root/.m2/repository/org/apache/kerby/kerby-config/1.0.1/kerby-config-1.0.1.jar:/root/.m2/repository/org/apache/kerby/kerb-core/1.0.1/kerb-core-1.0.1.jar:/root/.m2/repository/org/apache/kerby/kerby-pkix/1.0.1/kerby-pkix-1.0.1.jar:/root/.m2/repository/org/apache/kerby/kerby-asn1/1.0.1/kerby-asn1-1.0.1.jar:/root/.m2/repository/org/apache/kerby/kerby-util/1.0.1/kerby-util-1.0.1.jar:/root/.m2/repository/org/apache/kerby/kerb-common/1.0.1/kerb-common-1.0.1.jar:/root/.m2/repository/org/apache/kerby/kerb-crypto/1.0.1/kerb-crypto-1.0.1.jar:/root/.m2/repository/org/apache/kerby/kerb-util/1.0.1/kerb-util-1.0.1.jar:/root/.m2/repository/org/apache/kerby/token-provider/1.0.1/token-provider-1.0.1.jar:/root/.m2/repository/org/apache/kerby/kerb-admin/1.0.1/kerb-admin-1.0.1.jar:/root/.m2/repository/org/apache/kerby/kerb-server/1.0.1/kerb-server-1.0.1.jar:/root/.m2/repository/org/apache/kerby/kerb-identity/1.0.1/kerb-identity-1.0.1.jar:/root/.m2/repository/org/apache/kerby/kerby-xdr/1.0.1/kerby-xdr-1.0.1.jar:/root/.m2/repository/org/slf4j/slf4j-log4j12/1.7.25/slf4j-log4j12-1.7.25.jar:/root/.m2/repository/org/apache/hadoop/hadoop-ozone-objectstore-service/0.5.0-SNAPSHOT/hadoop-ozone-objectstore-service-0.5.0-SNAPSHOT.jar:/root/.m2/repository/org/apache/hadoop/hadoop-ozone-s3gateway/0.5.0-SNAPSHOT/hadoop-ozone-s3gateway-0.5.0-SNAPSHOT.jar:/root/.m2/repository/org/jboss/weld/servlet/weld-servlet/2.4.7.Final/weld-servlet-2.4.7.Final.jar:/root/.m2/repository/org/glassfish/jersey/containers/jersey-container-servlet-core/2.27/jersey-container-servlet-core-2.27.jar:/root/.m2/repository/org/glassfish/hk2/external/javax.inject/2.5.0-b42/javax.inject-2.5.0-b42.jar:/root/.m2/repository/org/glassfish/jersey/core/jersey-common/2.27/jersey-common-2.27.jar:/root/.m2/repository/org/glassfish/hk2/osgi-resource-locator/1.0.1/osgi-resource-locator-1.0.1.jar:/root/.m2/repository/javax/ws/rs/javax.ws.rs-api/2.1/javax.ws.rs-api-2.1.jar:/root/.m2/repository/org/glassfish/jersey/ext/cdi/jersey-cdi1x/2.27/jersey-cdi1x-2.27.jar:/root/.m2/repository/org/glassfish/jersey/inject/jersey-hk2/2.27/jersey-hk2-2.27.jar:/root/.m2/repository/org/glassfish/hk2/hk2-locator/2.5.0-b42/hk2-locator-2.5.0-b42.jar:/root/.m2/repository/org/javassist/javassist/3.22.0-CR2/javassist-3.22.0-CR2.jar:/root/.m2/repository/org/glassfish/hk2/hk2-api/2.5.0/hk2-api-2.5.0.jar:/root/.m2/repository/org/glassfish/hk2/external/jakarta.inject/2.5.0/jakarta.inject-2.5.0.jar:/root/.m2/repository/org/glassfish/hk2/hk2-utils/2.5.0/hk2-utils-2.5.0.jar:/root/.m2/repository/jakarta/annotation/jakarta.annotation-api/1.3.4/jakarta.annotation-api-1.3.4.jar:/root/.m2/repository/org/glassfish/hk2/external/aopalliance-repackaged/2.5.0/aopalliance-repackaged-2.5.0.jar:/root/.m2/repository/com/fasterxml/jackson/dataformat/jackson-dataformat-xml/2.9.0/jackson-dataformat-xml-2.9.0.jar:/root/.m2/repository/com/fasterxml/jackson/core/jackson-core/2.9.5/jackson-core-2.9.5.jar:/root/.m2/repository/com/fasterxml/jackson/module/jackson-module-jaxb-annotations/2.9.5/jackson-module-jaxb-annotations-2.9.5.jar:/root/.m2/repository/javax/enterprise/cdi-api/1.2/cdi-api-1.2.jar:/root/.m2/repository/javax/el/javax.el-api/3.0.0/javax.el-api-3.0.0.jar:/root/.m2/repository/javax/interceptor/javax.interceptor-api/1.2/javax.interceptor-api-1.2.jar:/root/.m2/repository/javax/inject/javax.inject/1/javax.inject-1.jar:/root/.m2/repository/com/sun/xml/bind/jaxb-impl/2.3.0.1/jaxb-impl-2.3.0.1.jar:/root/.m2/repository/com/sun/xml/bind/jaxb-core/2.3.0.1/jaxb-core-2.3.0.1.jar:/root/.m2/repository/javax/xml/bind/jaxb-api/2.3.0/jaxb-api-2.3.0.jar:/root/.m2/repository/javax/activation/activation/1.1.1/activation-1.1.1.jar:/root/.m2/repository/org/apache/hadoop/hadoop-ozone-csi/0.5.0-SNAPSHOT/hadoop-ozone-csi-0.5.0-SNAPSHOT.jar:/root/.m2/repository/com/google/protobuf/protobuf-java-util/3.5.1/protobuf-java-util-3.5.1.jar:/root/.m2/repository/org/apache/hadoop/hadoop-hdds-config/0.5.0-SNAPSHOT/hadoop-hdds-config-0.5.0-SNAPSHOT.jar:/root/.m2/repository/com/google/guava/guava/11.0.2/guava-11.0.2.jar:/root/.m2/repository/com/google/protobuf/protobuf-java/2.5.0/protobuf-java-2.5.0.jar:/root/.m2/repository/io/grpc/grpc-netty/1.17.1/grpc-netty-1.17.1.jar:/root/.m2/repository/io/grpc/grpc-core/1.17.1/grpc-core-1.17.1.jar:/root/.m2/repository/io/grpc/grpc-context/1.17.1/grpc-context-1.17.1.jar:/root/.m2/repository/com/google/errorprone/error_prone_annotations/2.2.0/error_prone_annotations-2.2.0.jar:/root/.m2/repository/org/codehaus/mojo/animal-sniffer-annotations/1.17/animal-sniffer-annotations-1.17.jar:/root/.m2/repository/io/opencensus/opencensus-api/0.17.0/opencensus-api-0.17.0.jar:/root/.m2/repository/io/opencensus/opencensus-contrib-grpc-metrics/0.17.0/opencensus-contrib-grpc-metrics-0.17.0.jar:/root/.m2/repository/io/netty/netty-codec-http2/4.1.30.Final/netty-codec-http2-4.1.30.Final.jar:/root/.m2/repository/io/netty/netty-codec-http/4.1.30.Final/netty-codec-http-4.1.30.Final.jar:/root/.m2/repository/io/netty/netty-codec/4.1.30.Final/netty-codec-4.1.30.Final.jar:/root/.m2/repository/io/netty/netty-handler/4.1.30.Final/netty-handler-4.1.30.Final.jar:/root/.m2/repository/io/netty/netty-handler-proxy/4.1.30.Final/netty-handler-proxy-4.1.30.Final.jar:/root/.m2/repository/io/netty/netty-codec-socks/4.1.30.Final/netty-codec-socks-4.1.30.Final.jar:/root/.m2/repository/io/netty/netty-transport-native-epoll/4.1.30.Final/netty-transport-native-epoll-4.1.30.Final.jar:/root/.m2/repository/io/netty/netty-common/4.1.30.Final/netty-common-4.1.30.Final.jar:/root/.m2/repository/io/netty/netty-buffer/4.1.30.Final/netty-buffer-4.1.30.Final.jar:/root/.m2/repository/io/netty/netty-transport/4.1.30.Final/netty-transport-4.1.30.Final.jar:/root/.m2/repository/io/netty/netty-resolver/4.1.30.Final/netty-resolver-4.1.30.Final.jar:/root/.m2/repository/io/netty/netty-transport-native-unix-common/4.1.30.Final/netty-transport-native-unix-common-4.1.30.Final.jar:/root/.m2/repository/io/grpc/grpc-protobuf/1.17.1/grpc-protobuf-1.17.1.jar:/root/.m2/repository/com/google/api/grpc/proto-google-common-protos/1.0.0/proto-google-common-protos-1.0.0.jar:/root/.m2/repository/io/grpc/grpc-protobuf-lite/1.17.1/grpc-protobuf-lite-1.17.1.jar:/root/.m2/repository/io/grpc/grpc-stub/1.17.1/grpc-stub-1.17.1.jar:/root/.m2/repository/org/apache/hadoop/hadoop-ozone-recon/0.5.0-SNAPSHOT/hadoop-ozone-recon-0.5.0-SNAPSHOT.jar:/root/.m2/repository/org/apache/hadoop/hadoop-ozone-reconcodegen/0.5.0-SNAPSHOT/hadoop-ozone-reconcodegen-0.5.0-SNAPSHOT.jar:/root/.m2/repository/com/google/inject/extensions/guice-multibindings/4.0/guice-multibindings-4.0.jar:/root/.m2/repository/com/google/inject/guice/4.0/guice-4.0.jar:/root/.m2/repository/aopalliance/aopalliance/1.0/aopalliance-1.0.jar:/root/.m2/repository/com/google/inject/extensions/guice-servlet/4.0/guice-servlet-4.0.jar:/root/.m2/repository/org/glassfish/jersey/containers/jersey-container-servlet/2.27/jersey-container-servlet-2.27.jar:/root/.m2/repository/org/glassfish/hk2/guice-bridge/2.5.0/guice-bridge-2.5.0.jar:/root/.m2/repository/org/glassfish/jersey/core/jersey-server/2.27/jersey-server-2.27.jar:/root/.m2/repository/org/glassfish/jersey/core/jersey-client/2.27/jersey-client-2.27.jar:/root/.m2/repository/org/glassfish/jersey/media/jersey-media-jaxb/2.27/jersey-media-jaxb-2.27.jar:/root/.m2/repository/javax/validation/validation-api/1.1.0.Final/validation-api-1.1.0.Final.jar:/root/.m2/repository/org/glassfish/jersey/media/jersey-media-json-jackson/2.27/jersey-media-json-jackson-2.27.jar:/root/.m2/repository/org/glassfish/jersey/ext/jersey-entity-filtering/2.27/jersey-entity-filtering-2.27.jar:/root/.m2/repository/com/google/inject/extensions/guice-assistedinject/4.0/guice-assistedinject-4.0.jar:/root/.m2/repository/org/jooq/jooq/3.11.10/jooq-3.11.10.jar:/root/.m2/repository/org/jooq/jooq-meta/3.11.10/jooq-meta-3.11.10.jar:/root/.m2/repository/org/jooq/jooq-codegen/3.11.10/jooq-codegen-3.11.10.jar:/root/.m2/repository/com/jolbox/bonecp/0.8.0.RELEASE/bonecp-0.8.0.RELEASE.jar:/root/.m2/repository/org/xerial/sqlite-jdbc/3.25.2/sqlite-jdbc-3.25.2.jar:/root/.m2/repository/org/springframework/spring-jdbc/5.1.3.RELEASE/spring-jdbc-5.1.3.RELEASE.jar:/root/.m2/repository/org/springframework/spring-beans/5.1.3.RELEASE/spring-beans-5.1.3.RELEASE.jar:/root/.m2/repository/org/springframework/spring-core/5.1.3.RELEASE/spring-core-5.1.3.RELEASE.jar:/root/.m2/repository/org/springframework/spring-jcl/5.1.3.RELEASE/spring-jcl-5.1.3.RELEASE.jar:/root/.m2/repository/org/springframework/spring-tx/5.1.3.RELEASE/spring-tx-5.1.3.RELEASE.jar:/root/.m2/repository/org/apache/hadoop/hadoop-ozone-client/0.5.0-SNAPSHOT/hadoop-ozone-client-0.5.0-SNAPSHOT.jar:/root/.m2/repository/org/apache/hadoop/hadoop-ozone-ozone-manager/0.5.0-SNAPSHOT/hadoop-ozone-ozone-manager-0.5.0-SNAPSHOT-tests.jar:/root/.m2/repository/junit/junit/4.11/junit-4.11.jar:/root/.m2/repository/org/hamcrest/hamcrest-core/1.3/hamcrest-core-1.3.jar:/root/.m2/repository/org/openjdk/jmh/jmh-core/1.19/jmh-core-1.19.jar:/root/.m2/repository/net/sf/jopt-simple/jopt-simple/4.6/jopt-simple-4.6.jar:/root/.m2/repository/org/apache/commons/commons-math3/3.1.1/commons-math3-3.1.1.jar:/root/.m2/repository/org/openjdk/jmh/jmh-generator-annprocess/1.19/jmh-generator-annprocess-1.19.jar:/root/.m2/repository/org/mockito/mockito-all/1.8.5/mockito-all-1.8.5.jar:/root/.m2/repository/org/apache/hadoop/hadoop-kms/3.2.0/hadoop-kms-3.2.0.jar:/root/.m2/repository/org/apache/hadoop/hadoop-auth/3.2.0/hadoop-auth-3.2.0.jar:/root/.m2/repository/com/nimbusds/nimbus-jose-jwt/4.41.1/nimbus-jose-jwt-4.41.1.jar:/root/.m2/repository/com/github/stephenc/jcip/jcip-annotations/1.0-1/jcip-annotations-1.0-1.jar:/root/.m2/repository/net/minidev/json-smart/2.3/json-smart-2.3.jar:/root/.m2/repository/net/minidev/accessors-smart/1.2/accessors-smart-1.2.jar:/root/.m2/repository/org/ow2/asm/asm/5.0.4/asm-5.0.4.jar:/root/.m2/repository/org/apache/curator/curator-framework/2.12.0/curator-framework-2.12.0.jar:/root/.m2/repository/com/sun/jersey/jersey-core/1.19/jersey-core-1.19.jar:/root/.m2/repository/javax/ws/rs/jsr311-api/1.1.1/jsr311-api-1.1.1.jar:/root/.m2/repository/com/sun/jersey/jersey-server/1.19/jersey-server-1.19.jar:/root/.m2/repository/javax/servlet/javax.servlet-api/3.1.0/javax.servlet-api-3.1.0.jar:/root/.m2/repository/org/eclipse/jetty/jetty-server/9.3.24.v20180605/jetty-server-9.3.24.v20180605.jar:/root/.m2/repository/org/eclipse/jetty/jetty-http/9.3.24.v20180605/jetty-http-9.3.24.v20180605.jar:/root/.m2/repository/org/eclipse/jetty/jetty-io/9.3.24.v20180605/jetty-io-9.3.24.v20180605.jar:/root/.m2/repository/org/eclipse/jetty/jetty-webapp/9.3.24.v20180605/jetty-webapp-9.3.24.v20180605.jar:/root/.m2/repository/org/eclipse/jetty/jetty-xml/9.3.24.v20180605/jetty-xml-9.3.24.v20180605.jar:/root/.m2/repository/log4j/log4j/1.2.17/log4j-1.2.17.jar:/root/.m2/repository/org/slf4j/slf4j-api/1.7.25/slf4j-api-1.7.25.jar:/root/.m2/repository/org/slf4j/jul-to-slf4j/1.7.25/jul-to-slf4j-1.7.25.jar:/root/.m2/repository/org/eclipse/jetty/jetty-util/9.3.24.v20180605/jetty-util-9.3.24.v20180605.jar:/root/.m2/repository/io/dropwizard/metrics/metrics-core/3.2.4/metrics-core-3.2.4.jar:/root/.m2/repository/com/fasterxml/jackson/core/jackson-databind/2.9.5/jackson-databind-2.9.5.jar:/root/.m2/repository/org/apache/hadoop/hadoop-kms/3.2.0/hadoop-kms-3.2.0-tests.jar:/root/.m2/repository/org/apache/hadoop/hadoop-hdds-server-scm/0.5.0-SNAPSHOT/hadoop-hdds-server-scm-0.5.0-SNAPSHOT-tests.jar:/root/.m2/repository/org/hamcrest/hamcrest-all/1.3/hamcrest-all-1.3.jar:/root/.m2/repository/info/picocli/picocli/3.9.6/picocli-3.9.6.jar:/root/.m2/repository/org/apache/hadoop/hadoop-hdds-container-service/0.5.0-SNAPSHOT/hadoop-hdds-container-service-0.5.0-SNAPSHOT-tests.jar:/root/.m2/repository/org/yaml/snakeyaml/1.16/snakeyaml-1.16.jar:/root/.m2/repository/org/apache/hadoop/hadoop-common/3.2.0/hadoop-common-3.2.0-tests.jar:/root/.m2/repository/org/apache/hadoop/hadoop-annotations/3.2.0/hadoop-annotations-3.2.0.jar:/usr/lib/jvm/java-1.8-openjdk/jre/../lib/tools.jar:/root/.m2/repository/commons-cli/commons-cli/1.2/commons-cli-1.2.jar:/root/.m2/repository/org/apache/httpcomponents/httpclient/4.5.2/httpclient-4.5.2.jar:/root/.m2/repository/org/apache/httpcomponents/httpcore/4.4.4/httpcore-4.4.4.jar:/root/.m2/repository/commons-codec/commons-codec/1.11/commons-codec-1.11.jar:/root/.m2/repository/commons-net/commons-net/3.6/commons-net-3.6.jar:/root/.m2/repository/commons-collections/commons-collections/3.2.2/commons-collections-3.2.2.jar:/root/.m2/repository/org/eclipse/jetty/jetty-servlet/9.3.24.v20180605/jetty-servlet-9.3.24.v20180605.jar:/root/.m2/repository/org/eclipse/jetty/jetty-security/9.3.24.v20180605/jetty-security-9.3.24.v20180605.jar:/root/.m2/repository/javax/servlet/jsp/jsp-api/2.1/jsp-api-2.1.jar:/root/.m2/repository/com/sun/jersey/jersey-servlet/1.19/jersey-servlet-1.19.jar:/root/.m2/repository/com/sun/jersey/jersey-json/1.19/jersey-json-1.19.jar:/root/.m2/repository/org/codehaus/jettison/jettison/1.1/jettison-1.1.jar:/root/.m2/repository/org/codehaus/jackson/jackson-core-asl/1.9.13/jackson-core-asl-1.9.13.jar:/root/.m2/repository/org/codehaus/jackson/jackson-mapper-asl/1.9.13/jackson-mapper-asl-1.9.13.jar:/root/.m2/repository/org/codehaus/jackson/jackson-jaxrs/1.9.13/jackson-jaxrs-1.9.13.jar:/root/.m2/repository/org/codehaus/jackson/jackson-xc/1.9.13/jackson-xc-1.9.13.jar:/root/.m2/repository/commons-logging/commons-logging/1.1.3/commons-logging-1.1.3.jar:/root/.m2/repository/commons-beanutils/commons-beanutils/1.9.3/commons-beanutils-1.9.3.jar:/root/.m2/repository/org/apache/commons/commons-configuration2/2.1.1/commons-configuration2-2.1.1.jar:/root/.m2/repository/org/apache/commons/commons-lang3/3.7/commons-lang3-3.7.jar:/root/.m2/repository/org/apache/commons/commons-text/1.4/commons-text-1.4.jar:/root/.m2/repository/org/apache/avro/avro/1.7.7/avro-1.7.7.jar:/root/.m2/repository/com/thoughtworks/paranamer/paranamer/2.3/paranamer-2.3.jar:/root/.m2/repository/org/xerial/snappy/snappy-java/1.0.5/snappy-java-1.0.5.jar:/root/.m2/repository/com/google/re2j/re2j/1.1/re2j-1.1.jar:/root/.m2/repository/com/google/code/gson/gson/2.2.4/gson-2.2.4.jar:/root/.m2/repository/com/jcraft/jsch/0.1.54/jsch-0.1.54.jar:/root/.m2/repository/org/apache/curator/curator-client/2.12.0/curator-client-2.12.0.jar:/root/.m2/repository/org/apache/curator/curator-recipes/2.12.0/curator-recipes-2.12.0.jar:/root/.m2/repository/com/google/code/findbugs/jsr305/3.0.0/jsr305-3.0.0.jar:/root/.m2/repository/org/apache/htrace/htrace-core4/4.1.0-incubating/htrace-core4-4.1.0-incubating.jar:/root/.m2/repository/org/apache/zookeeper/zookeeper/3.4.13/zookeeper-3.4.13.jar:/root/.m2/repository/org/apache/yetus/audience-annotations/0.5.0/audience-annotations-0.5.0.jar:/root/.m2/repository/org/codehaus/woodstox/stax2-api/3.1.4/stax2-api-3.1.4.jar:/root/.m2/repository/com/fasterxml/woodstox/woodstox-core/5.0.3/woodstox-core-5.0.3.jar:/root/.m2/repository/dnsjava/dnsjava/2.1.7/dnsjava-2.1.7.jar:/root/.m2/repository/org/apache/hadoop/hadoop-hdfs/3.2.0/hadoop-hdfs-3.2.0-tests.jar:/root/.m2/repository/org/eclipse/jetty/jetty-util-ajax/9.3.24.v20180605/jetty-util-ajax-9.3.24.v20180605.jar:/root/.m2/repository/commons-daemon/commons-daemon/1.0.13/commons-daemon-1.0.13.jar:/root/.m2/repository/io/netty/netty/3.10.5.Final/netty-3.10.5.Final.jar:/root/.m2/repository/io/netty/netty-all/4.0.52.Final/netty-all-4.0.52.Final.jar:/root/.m2/repository/org/fusesource/leveldbjni/leveldbjni-all/1.8/leveldbjni-all-1.8.jar:"/>
    <property name="sun.cpu.endian" value="little"/>
    <property name="user.home" value="/root"/>
    <property name="user.language" value="en"/>
    <property name="java.specification.vendor" value="Oracle Corporation"/>
    <property name="java.home" value="/usr/lib/jvm/java-1.8-openjdk/jre"/>
    <property name="java.security.krb5.conf" value="/opt/src/hadoop-ozone/integration-test/target/test-classes/krb5.conf"/>
    <property name="basedir" value="/opt/src/hadoop-ozone/integration-test"/>
    <property name="file.separator" value="/"/>
    <property name="line.separator" value="&#10;"/>
    <property name="java.vm.specification.vendor" value="Oracle Corporation"/>
    <property name="java.specification.name" value="Java Platform API Specification"/>
    <property name="java.awt.graphicsenv" value="sun.awt.X11GraphicsEnvironment"/>
    <property name="surefire.real.class.path" value="/opt/src/hadoop-ozone/integration-test/target/surefire/surefirebooter5798861805414258838.jar"/>
    <property name="hadoop.log.dir" value="/opt/src/hadoop-ozone/integration-test/target/log"/>
    <property name="sun.boot.class.path" value="/usr/lib/jvm/java-1.8-openjdk/jre/lib/resources.jar:/usr/lib/jvm/java-1.8-openjdk/jre/lib/rt.jar:/usr/lib/jvm/java-1.8-openjdk/jre/lib/sunrsasign.jar:/usr/lib/jvm/java-1.8-openjdk/jre/lib/jsse.jar:/usr/lib/jvm/java-1.8-openjdk/jre/lib/jce.jar:/usr/lib/jvm/java-1.8-openjdk/jre/lib/charsets.jar:/usr/lib/jvm/java-1.8-openjdk/jre/lib/jfr.jar:/usr/lib/jvm/java-1.8-openjdk/jre/classes"/>
    <property name="sun.management.compiler" value="HotSpot 64-Bit Tiered Compilers"/>
    <property name="java.runtime.version" value="1.8.0_212-b04"/>
    <property name="java.net.preferIPv4Stack" value="true"/>
    <property name="user.name" value="root"/>
    <property name="path.separator" value=":"/>
    <property name="java.security.egd" value="file:///dev/urandom"/>
    <property name="os.version" value="4.15.0-1021-aws"/>
    <property name="java.endorsed.dirs" value="/usr/lib/jvm/java-1.8-openjdk/jre/lib/endorsed"/>
    <property name="java.runtime.name" value="OpenJDK Runtime Environment"/>
    <property name="file.encoding" value="UTF-8"/>
    <property name="java.vm.name" value="OpenJDK 64-Bit Server VM"/>
    <property name="test.build.webapps" value=""/>
    <property name="localRepository" value="/root/.m2/repository"/>
    <property name="java.vendor.url.bug" value="https://icedtea.classpath.org/bugzilla"/>
    <property name="java.io.tmpdir" value="/tmp"/>
    <property name="require.test.libhadoop" value=""/>
    <property name="java.version" value="1.8.0_212"/>
    <property name="user.dir" value="/opt/src/hadoop-ozone/integration-test"/>
    <property name="os.arch" value="amd64"/>
    <property name="java.vm.specification.name" value="Java Virtual Machine Specification"/>
    <property name="test.build.classes" value="/opt/src/hadoop-ozone/integration-test/target/test-classes"/>
    <property name="java.awt.printerjob" value="sun.print.PSPrinterJob"/>
    <property name="sun.os.patch.level" value="unknown"/>
    <property name="hadoop.tmp.dir" value="/opt/src/hadoop-ozone/integration-test/target/tmp"/>
    <property name="java.library.path" value="/usr/lib/jvm/java-1.8-openjdk/jre/lib/amd64/server:/usr/lib/jvm/java-1.8-openjdk/jre/lib/amd64:/usr/lib/jvm/java-1.8-openjdk/jre/../lib/amd64:/opt/src/hadoop-ozone/integration-test/target/native/target/usr/local/lib:/opt/src/hadoop-ozone/integration-test/../../hadoop-common-project/hadoop-common/target/native/target/usr/local/lib:/usr/java/packages/lib/amd64:/usr/lib64:/lib64:/lib:/usr/lib"/>
    <property name="java.vm.info" value="mixed mode"/>
    <property name="java.vendor" value="IcedTea"/>
    <property name="java.vm.version" value="25.212-b04"/>
    <property name="java.ext.dirs" value="/usr/lib/jvm/java-1.8-openjdk/jre/lib/ext:/usr/java/packages/lib/ext"/>
    <property name="sun.io.unicode.encoding" value="UnicodeLittle"/>
    <property name="java.class.version" value="52.0"/>
  </properties>
  <testcase name="testPipelineFail" classname="org.apache.hadoop.hdds.scm.pipeline.TestNodeFailure" time="0">
    <skipped/>
    <system-out><![CDATA[2019-06-13 18:17:54,999 WARN  server.ServerUtils (ServerUtils.java:getScmDbDir(145)) - ozone.scm.db.dirs is not configured. We recommend adding this setting. Falling back to ozone.metadata.dirs instead.
2019-06-13 18:17:55,108 WARN  server.ServerUtils (ServerUtils.java:getScmDbDir(145)) - ozone.scm.db.dirs is not configured. We recommend adding this setting. Falling back to ozone.metadata.dirs instead.
2019-06-13 18:17:55,113 WARN  server.ServerUtils (ServerUtils.java:getScmDbDir(145)) - ozone.scm.db.dirs is not configured. We recommend adding this setting. Falling back to ozone.metadata.dirs instead.
2019-06-13 18:17:55,137 INFO  util.log (Log.java:initialized(192)) - Logging initialized @957ms
2019-06-13 18:17:55,263 INFO  db.DBStoreBuilder (DBStoreBuilder.java:addTable(110)) - using custom profile for table: deletedBlocks
2019-06-13 18:17:55,263 INFO  db.DBStoreBuilder (DBStoreBuilder.java:processTables(161)) - Using default column profile:DBProfile.DISK for Table:deletedBlocks
2019-06-13 18:17:55,264 INFO  db.DBStoreBuilder (DBStoreBuilder.java:addTable(110)) - using custom profile for table: validCerts
2019-06-13 18:17:55,264 INFO  db.DBStoreBuilder (DBStoreBuilder.java:processTables(161)) - Using default column profile:DBProfile.DISK for Table:validCerts
2019-06-13 18:17:55,264 INFO  db.DBStoreBuilder (DBStoreBuilder.java:addTable(110)) - using custom profile for table: revokedCerts
2019-06-13 18:17:55,265 INFO  db.DBStoreBuilder (DBStoreBuilder.java:processTables(161)) - Using default column profile:DBProfile.DISK for Table:revokedCerts
2019-06-13 18:17:55,279 INFO  db.DBStoreBuilder (DBStoreBuilder.java:addTable(110)) - using custom profile for table: default
2019-06-13 18:17:55,279 INFO  db.DBStoreBuilder (DBStoreBuilder.java:processTables(167)) - Using default column profile:DBProfile.DISK for Table:default
2019-06-13 18:17:55,281 INFO  db.DBStoreBuilder (DBStoreBuilder.java:getDbProfile(198)) - Using default options. DBProfile.DISK
2019-06-13 18:17:55,365 INFO  node.SCMNodeManager (SCMNodeManager.java:<init>(108)) - Entering startup safe mode.
2019-06-13 18:17:55,420 INFO  net.NodeSchemaLoader (NodeSchemaLoader.java:loadSchemaFromFile(125)) - Loading file from sun.misc.CompoundEnumeration@443118b0
2019-06-13 18:17:55,421 INFO  net.NodeSchemaLoader (NodeSchemaLoader.java:loadSchema(171)) - Loading network topology layer schema file
2019-06-13 18:17:55,474 WARN  server.ServerUtils (ServerUtils.java:getScmDbDir(145)) - ozone.scm.db.dirs is not configured. We recommend adding this setting. Falling back to ozone.metadata.dirs instead.
2019-06-13 18:17:55,494 INFO  pipeline.SCMPipelineManager (SCMPipelineManager.java:initializePipelineState(126)) - No pipeline exists in current db
2019-06-13 18:17:55,496 WARN  server.ServerUtils (ServerUtils.java:getScmDbDir(145)) - ozone.scm.db.dirs is not configured. We recommend adding this setting. Falling back to ozone.metadata.dirs instead.
2019-06-13 18:17:55,551 WARN  events.EventQueue (EventQueue.java:fireEvent(175)) - No event handler registered for event TypedEvent{payloadType=SafeModeStatus, name='SafeModeStatus'}
2019-06-13 18:17:55,890 INFO  ipc.CallQueueManager (CallQueueManager.java:<init>(84)) - Using callQueue: class java.util.concurrent.LinkedBlockingQueue, queueCapacity: 2000, scheduler: class org.apache.hadoop.ipc.DefaultRpcScheduler, ipcBackoff: false.
2019-06-13 18:17:55,930 INFO  ipc.Server (Server.java:run(1074)) - Starting Socket Reader #1 for port 36293
2019-06-13 18:17:55,958 INFO  ipc.CallQueueManager (CallQueueManager.java:<init>(84)) - Using callQueue: class java.util.concurrent.LinkedBlockingQueue, queueCapacity: 2000, scheduler: class org.apache.hadoop.ipc.DefaultRpcScheduler, ipcBackoff: false.
2019-06-13 18:17:55,960 INFO  ipc.Server (Server.java:run(1074)) - Starting Socket Reader #1 for port 42667
2019-06-13 18:17:55,969 INFO  ipc.CallQueueManager (CallQueueManager.java:<init>(84)) - Using callQueue: class java.util.concurrent.LinkedBlockingQueue, queueCapacity: 2000, scheduler: class org.apache.hadoop.ipc.DefaultRpcScheduler, ipcBackoff: false.
2019-06-13 18:17:55,989 INFO  ipc.Server (Server.java:run(1074)) - Starting Socket Reader #1 for port 35081
2019-06-13 18:17:56,038 INFO  hdfs.DFSUtil (DFSUtil.java:httpServerTemplateForNNAndJN(1641)) - Starting Web-server for scm at: http://0.0.0.0:0
2019-06-13 18:17:56,225 INFO  server.AuthenticationFilter (AuthenticationFilter.java:constructSecretProvider(240)) - Unable to initialize FileSignerSecretProvider, falling back to use random secrets.
2019-06-13 18:17:56,234 WARN  http.HttpRequestLog (HttpRequestLog.java:getRequestLog(97)) - Jetty request log can only be enabled using Log4j
2019-06-13 18:17:56,245 INFO  http.HttpServer2 (HttpServer2.java:addGlobalFilter(975)) - Added global filter 'safety' (class=org.apache.hadoop.http.HttpServer2$QuotingInputFilter)
2019-06-13 18:17:56,248 INFO  http.HttpServer2 (HttpServer2.java:addFilter(948)) - Added filter static_user_filter (class=org.apache.hadoop.http.lib.StaticUserWebFilter$StaticUserFilter) to context scm
2019-06-13 18:17:56,248 INFO  http.HttpServer2 (HttpServer2.java:addFilter(958)) - Added filter static_user_filter (class=org.apache.hadoop.http.lib.StaticUserWebFilter$StaticUserFilter) to context logs
2019-06-13 18:17:56,248 INFO  http.HttpServer2 (HttpServer2.java:addFilter(958)) - Added filter static_user_filter (class=org.apache.hadoop.http.lib.StaticUserWebFilter$StaticUserFilter) to context static
2019-06-13 18:17:56,286 INFO  server.StorageContainerManager (StorageContainerManager.java:start(752)) - StorageContainerLocationProtocol RPC server is listening at /0.0.0.0:35081
2019-06-13 18:17:56,350 WARN  impl.MetricsConfig (MetricsConfig.java:loadFirst(134)) - Cannot locate configuration: tried hadoop-metrics2-storagecontainermanager.properties,hadoop-metrics2.properties
2019-06-13 18:17:56,365 INFO  impl.MetricsSystemImpl (MetricsSystemImpl.java:startTimer(374)) - Scheduled Metric snapshot period at 10 second(s).
2019-06-13 18:17:56,366 INFO  impl.MetricsSystemImpl (MetricsSystemImpl.java:start(191)) - StorageContainerManager metrics system started
2019-06-13 18:17:56,668 INFO  server.SCMClientProtocolServer (SCMClientProtocolServer.java:start(149)) - RPC server for Client  is listening at /0.0.0.0:35081
2019-06-13 18:17:56,670 INFO  ipc.Server (Server.java:run(1314)) - IPC Server Responder: starting
2019-06-13 18:17:56,672 INFO  ipc.Server (Server.java:run(1153)) - IPC Server listener on 35081: starting
2019-06-13 18:17:56,675 INFO  server.StorageContainerManager (StorageContainerManager.java:start(761)) - ScmBlockLocationProtocol RPC server is listening at /0.0.0.0:42667
2019-06-13 18:17:56,675 INFO  server.SCMBlockProtocolServer (SCMBlockProtocolServer.java:start(137)) - RPC server for Block Protocol is listening at /0.0.0.0:42667
2019-06-13 18:17:56,676 INFO  ipc.Server (Server.java:run(1314)) - IPC Server Responder: starting
2019-06-13 18:17:56,676 INFO  ipc.Server (Server.java:run(1153)) - IPC Server listener on 42667: starting
2019-06-13 18:17:56,679 INFO  server.StorageContainerManager (StorageContainerManager.java:start(765)) - ScmDatanodeProtocl RPC server is listening at /0.0.0.0:36293
2019-06-13 18:17:56,680 INFO  server.SCMDatanodeProtocolServer (SCMDatanodeProtocolServer.java:start(191)) - RPC server for DataNodes is listening at /0.0.0.0:36293
2019-06-13 18:17:56,680 INFO  ipc.Server (Server.java:run(1314)) - IPC Server Responder: starting
2019-06-13 18:17:56,680 INFO  ipc.Server (Server.java:run(1153)) - IPC Server listener on 36293: starting
2019-06-13 18:17:56,684 INFO  http.HttpServer2 (HttpServer2.java:bindListener(1191)) - Jetty bound to port 46677
2019-06-13 18:17:56,687 INFO  server.Server (Server.java:doStart(351)) - jetty-9.3.24.v20180605, build timestamp: 2018-06-05T17:11:56Z, git hash: 84205aa28f11a4f31f2a3b86d1bba2cc8ab69827
2019-06-13 18:17:56,732 INFO  handler.ContextHandler (ContextHandler.java:doStart(781)) - Started o.e.j.s.ServletContextHandler@2df6226d{/logs,file:///opt/src/hadoop-ozone/integration-test/target/log,AVAILABLE}
2019-06-13 18:17:56,734 INFO  handler.ContextHandler (ContextHandler.java:doStart(781)) - Started o.e.j.s.ServletContextHandler@4ff4357f{/static,file:///opt/src/hadoop-ozone/integration-test/target/test-classes/webapps/static,AVAILABLE}
2019-06-13 18:17:56,770 INFO  handler.ContextHandler (ContextHandler.java:doStart(781)) - Started o.e.j.w.WebAppContext@34645867{/,file:///opt/src/hadoop-ozone/integration-test/target/test-classes/webapps/scm/,AVAILABLE}{/scm}
2019-06-13 18:17:56,776 INFO  server.AbstractConnector (AbstractConnector.java:doStart(278)) - Started ServerConnector@66629f63{HTTP/1.1,[http/1.1]}{0.0.0.0:46677}
2019-06-13 18:17:56,777 INFO  server.Server (Server.java:doStart(419)) - Started @2597ms
2019-06-13 18:17:56,778 INFO  server.BaseHttpServer (BaseHttpServer.java:updateConnectorAddress(207)) - HTTP server of SCM is listening at http://0.0.0.0:46677
2019-06-13 18:17:56,791 INFO  util.JvmPauseMonitor (JvmPauseMonitor.java:run(188)) - Starting JVM pause monitor
2019-06-13 18:17:56,795 WARN  scm.ScmUtils (ScmUtils.java:getDBPath(63)) - ozone.om.db.dirs is not configured. We recommend adding this setting. Falling back to ozone.metadata.dirs instead.
2019-06-13 18:17:56,919 WARN  scm.ScmUtils (ScmUtils.java:getDBPath(63)) - ozone.om.db.dirs is not configured. We recommend adding this setting. Falling back to ozone.metadata.dirs instead.
2019-06-13 18:17:56,921 INFO  om.OzoneManager (OzoneManager.java:setOMNodeDetails(519)) - OM Service ID is not set. Setting it to the default ID: omServiceIdDefault
2019-06-13 18:17:56,921 INFO  om.OzoneManager (OzoneManager.java:setOMNodeDetails(525)) - OM Node ID is not set. Setting it to the OmStorage's OmID: 53e0bad8-d3c2-4dda-a58e-e07b903fdd11
2019-06-13 18:17:56,922 WARN  scm.HddsServerUtil (HddsServerUtil.java:getDefaultRatisDirectory(354)) - Storage directory for Ratis is not configured. It is a good idea to map this to an SSD disk. Falling back to ozone.metadata.dirs
2019-06-13 18:17:56,923 WARN  scm.HddsServerUtil (HddsServerUtil.java:getDefaultRatisDirectory(354)) - Storage directory for Ratis is not configured. It is a good idea to map this to an SSD disk. Falling back to ozone.metadata.dirs
2019-06-13 18:17:56,923 INFO  om.OzoneManager (OzoneManager.java:loadOMHAConfigs(476)) - Found matching OM address with OMServiceId: null, OMNodeId: null, RPC Address: localhost:0 and Ratis port: 9872
2019-06-13 18:17:57,157 WARN  scm.ScmUtils (ScmUtils.java:getDBPath(63)) - ozone.om.db.dirs is not configured. We recommend adding this setting. Falling back to ozone.metadata.dirs instead.
2019-06-13 18:17:57,176 INFO  db.DBStoreBuilder (DBStoreBuilder.java:addTable(110)) - using custom profile for table: userTable
2019-06-13 18:17:57,177 INFO  db.DBStoreBuilder (DBStoreBuilder.java:processTables(161)) - Using default column profile:DBProfile.DISK for Table:userTable
2019-06-13 18:17:57,178 INFO  db.DBStoreBuilder (DBStoreBuilder.java:addTable(110)) - using custom profile for table: volumeTable
2019-06-13 18:17:57,178 INFO  db.DBStoreBuilder (DBStoreBuilder.java:processTables(161)) - Using default column profile:DBProfile.DISK for Table:volumeTable
2019-06-13 18:17:57,178 INFO  db.DBStoreBuilder (DBStoreBuilder.java:addTable(110)) - using custom profile for table: bucketTable
2019-06-13 18:17:57,179 INFO  db.DBStoreBuilder (DBStoreBuilder.java:processTables(161)) - Using default column profile:DBProfile.DISK for Table:bucketTable
2019-06-13 18:17:57,179 INFO  db.DBStoreBuilder (DBStoreBuilder.java:addTable(110)) - using custom profile for table: keyTable
2019-06-13 18:17:57,179 INFO  db.DBStoreBuilder (DBStoreBuilder.java:processTables(161)) - Using default column profile:DBProfile.DISK for Table:keyTable
2019-06-13 18:17:57,180 INFO  db.DBStoreBuilder (DBStoreBuilder.java:addTable(110)) - using custom profile for table: deletedTable
2019-06-13 18:17:57,182 INFO  db.DBStoreBuilder (DBStoreBuilder.java:processTables(161)) - Using default column profile:DBProfile.DISK for Table:deletedTable
2019-06-13 18:17:57,183 INFO  db.DBStoreBuilder (DBStoreBuilder.java:addTable(110)) - using custom profile for table: openKeyTable
2019-06-13 18:17:57,183 INFO  db.DBStoreBuilder (DBStoreBuilder.java:processTables(161)) - Using default column profile:DBProfile.DISK for Table:openKeyTable
2019-06-13 18:17:57,183 INFO  db.DBStoreBuilder (DBStoreBuilder.java:addTable(110)) - using custom profile for table: s3Table
2019-06-13 18:17:57,184 INFO  db.DBStoreBuilder (DBStoreBuilder.java:processTables(161)) - Using default column profile:DBProfile.DISK for Table:s3Table
2019-06-13 18:17:57,184 INFO  db.DBStoreBuilder (DBStoreBuilder.java:addTable(110)) - using custom profile for table: multipartInfoTable
2019-06-13 18:17:57,184 INFO  db.DBStoreBuilder (DBStoreBuilder.java:processTables(161)) - Using default column profile:DBProfile.DISK for Table:multipartInfoTable
2019-06-13 18:17:57,185 INFO  db.DBStoreBuilder (DBStoreBuilder.java:addTable(110)) - using custom profile for table: dTokenTable
2019-06-13 18:17:57,193 INFO  db.DBStoreBuilder (DBStoreBuilder.java:processTables(161)) - Using default column profile:DBProfile.DISK for Table:dTokenTable
2019-06-13 18:17:57,194 INFO  db.DBStoreBuilder (DBStoreBuilder.java:addTable(110)) - using custom profile for table: s3SecretTable
2019-06-13 18:17:57,194 INFO  db.DBStoreBuilder (DBStoreBuilder.java:processTables(161)) - Using default column profile:DBProfile.DISK for Table:s3SecretTable
2019-06-13 18:17:57,194 INFO  db.DBStoreBuilder (DBStoreBuilder.java:addTable(110)) - using custom profile for table: prefixTable
2019-06-13 18:17:57,194 INFO  db.DBStoreBuilder (DBStoreBuilder.java:processTables(161)) - Using default column profile:DBProfile.DISK for Table:prefixTable
2019-06-13 18:17:57,195 INFO  db.DBStoreBuilder (DBStoreBuilder.java:addTable(110)) - using custom profile for table: default
2019-06-13 18:17:57,195 INFO  db.DBStoreBuilder (DBStoreBuilder.java:processTables(167)) - Using default column profile:DBProfile.DISK for Table:default
2019-06-13 18:17:57,195 INFO  db.DBStoreBuilder (DBStoreBuilder.java:getDbProfile(198)) - Using default options. DBProfile.DISK
2019-06-13 18:17:57,741 INFO  ipc.CallQueueManager (CallQueueManager.java:<init>(84)) - Using callQueue: class java.util.concurrent.LinkedBlockingQueue, queueCapacity: 2000, scheduler: class org.apache.hadoop.ipc.DefaultRpcScheduler, ipcBackoff: false.
2019-06-13 18:17:57,741 INFO  ipc.Server (Server.java:run(1074)) - Starting Socket Reader #1 for port 41415
2019-06-13 18:17:57,764 WARN  scm.ScmUtils (ScmUtils.java:getDBPath(63)) - ozone.om.db.dirs is not configured. We recommend adding this setting. Falling back to ozone.metadata.dirs instead.
2019-06-13 18:17:57,764 INFO  om.OzoneManager (OzoneManager.java:start(1217)) - OzoneManager RPC server is listening at localhost/127.0.0.1:41415
2019-06-13 18:17:57,764 INFO  impl.MetricsSystemImpl (MetricsSystemImpl.java:init(158)) - OzoneManager metrics system started (again)
2019-06-13 18:17:57,765 INFO  ipc.Server (Server.java:run(1314)) - IPC Server Responder: starting
2019-06-13 18:17:57,765 INFO  ipc.Server (Server.java:run(1153)) - IPC Server listener on 41415: starting
2019-06-13 18:17:57,785 INFO  hdfs.DFSUtil (DFSUtil.java:httpServerTemplateForNNAndJN(1641)) - Starting Web-server for ozoneManager at: http://0.0.0.0:0
2019-06-13 18:17:57,786 INFO  server.AuthenticationFilter (AuthenticationFilter.java:constructSecretProvider(240)) - Unable to initialize FileSignerSecretProvider, falling back to use random secrets.
2019-06-13 18:17:57,787 WARN  http.HttpRequestLog (HttpRequestLog.java:getRequestLog(97)) - Jetty request log can only be enabled using Log4j
2019-06-13 18:17:57,790 INFO  http.HttpServer2 (HttpServer2.java:addGlobalFilter(975)) - Added global filter 'safety' (class=org.apache.hadoop.http.HttpServer2$QuotingInputFilter)
2019-06-13 18:17:57,791 INFO  http.HttpServer2 (HttpServer2.java:addFilter(948)) - Added filter static_user_filter (class=org.apache.hadoop.http.lib.StaticUserWebFilter$StaticUserFilter) to context ozoneManager
2019-06-13 18:17:57,791 INFO  http.HttpServer2 (HttpServer2.java:addFilter(958)) - Added filter static_user_filter (class=org.apache.hadoop.http.lib.StaticUserWebFilter$StaticUserFilter) to context logs
2019-06-13 18:17:57,791 INFO  http.HttpServer2 (HttpServer2.java:addFilter(958)) - Added filter static_user_filter (class=org.apache.hadoop.http.lib.StaticUserWebFilter$StaticUserFilter) to context static
2019-06-13 18:17:57,793 INFO  http.HttpServer2 (HttpServer2.java:bindListener(1191)) - Jetty bound to port 44959
2019-06-13 18:17:57,793 INFO  server.Server (Server.java:doStart(351)) - jetty-9.3.24.v20180605, build timestamp: 2018-06-05T17:11:56Z, git hash: 84205aa28f11a4f31f2a3b86d1bba2cc8ab69827
2019-06-13 18:17:57,807 INFO  handler.ContextHandler (ContextHandler.java:doStart(781)) - Started o.e.j.s.ServletContextHandler@30feffc{/logs,file:///opt/src/hadoop-ozone/integration-test/target/log,AVAILABLE}
2019-06-13 18:17:57,808 INFO  handler.ContextHandler (ContextHandler.java:doStart(781)) - Started o.e.j.s.ServletContextHandler@bcb09a6{/static,file:///opt/src/hadoop-ozone/integration-test/target/test-classes/webapps/static,AVAILABLE}
2019-06-13 18:17:57,812 INFO  handler.ContextHandler (ContextHandler.java:doStart(781)) - Started o.e.j.w.WebAppContext@63429932{/,file:///opt/src/hadoop-ozone/integration-test/target/test-classes/webapps/ozoneManager/,AVAILABLE}{/ozoneManager}
2019-06-13 18:17:57,813 INFO  server.AbstractConnector (AbstractConnector.java:doStart(278)) - Started ServerConnector@69ce2f62{HTTP/1.1,[http/1.1]}{0.0.0.0:44959}
2019-06-13 18:17:57,813 INFO  server.Server (Server.java:doStart(419)) - Started @3633ms
2019-06-13 18:17:57,814 INFO  server.BaseHttpServer (BaseHttpServer.java:updateConnectorAddress(207)) - HTTP server of OZONEMANAGER is listening at http://0.0.0.0:44959
2019-06-13 18:17:58,004 INFO  impl.MetricsSystemImpl (MetricsSystemImpl.java:init(158)) - HddsDatanode metrics system started (again)
2019-06-13 18:17:58,239 INFO  ozone.HddsDatanodeService (HddsDatanodeService.java:start(185)) - HddsDatanodeService host:ozone-pdpn9-622331312 ip:192.168.105.177
2019-06-13 18:17:58,290 INFO  volume.HddsVolume (HddsVolume.java:<init>(176)) - Creating Volume: /opt/src/hadoop-ozone/integration-test/target/test-dir/MiniOzoneClusterImpl-43617161-62b0-458b-9588-a60bb81da193/datanode-0/data/containers/hdds of  storage type : DISK and capacity : 104021790720
2019-06-13 18:17:58,292 INFO  volume.VolumeSet (VolumeSet.java:initializeVolumeSet(170)) - Added Volume : /opt/src/hadoop-ozone/integration-test/target/test-dir/MiniOzoneClusterImpl-43617161-62b0-458b-9588-a60bb81da193/datanode-0/data/containers/hdds to VolumeSet
2019-06-13 18:17:58,305 INFO  volume.ThrottledAsyncChecker (ThrottledAsyncChecker.java:schedule(140)) - Scheduling a check for org.apache.hadoop.ozone.container.common.volume.HddsVolume@2a27cb34
2019-06-13 18:17:58,338 INFO  volume.HddsVolumeChecker (HddsVolumeChecker.java:checkAllVolumes(203)) - Scheduled health check for volume org.apache.hadoop.ozone.container.common.volume.HddsVolume@2a27cb34
2019-06-13 18:17:58,403 INFO  ratis.XceiverServerRatis (XceiverServerRatis.java:newXceiverServerRatis(401)) - Found a free port for the server : 33337
2019-06-13 18:17:58,480 INFO  impl.RaftServerProxy (ConfUtils.java:logGet(43)) - raft.rpc.type = GRPC (default)
2019-06-13 18:17:58,491 INFO  grpc.GrpcConfigKeys$Server (ConfUtils.java:logGet(43)) - raft.grpc.server.port = 33337 (custom)
2019-06-13 18:17:58,492 INFO  server.GrpcService (ConfUtils.java:logGet(43)) - raft.grpc.message.size.max = 33570816 (custom)
2019-06-13 18:17:58,493 INFO  server.RaftServerConfigKeys (ConfUtils.java:logGet(43)) - raft.server.log.appender.buffer.byte-limit = 33554432 (custom)
2019-06-13 18:17:58,494 INFO  server.GrpcService (ConfUtils.java:logGet(43)) - raft.grpc.flow.control.window = 1MB (=1048576) (default)
2019-06-13 18:17:58,495 INFO  server.RaftServerConfigKeys (ConfUtils.java:logGet(43)) - raft.server.rpc.request.timeout = 3000ms (default)
2019-06-13 18:17:58,660 INFO  server.RaftServerConfigKeys (ConfUtils.java:logGet(43)) - raft.server.storage.dir = [/opt/src/hadoop-ozone/integration-test/target/test-dir/MiniOzoneClusterImpl-43617161-62b0-458b-9588-a60bb81da193/datanode-0/data/ratis] (custom)
2019-06-13 18:17:58,667 INFO  server.XceiverServerGrpc (XceiverServerGrpc.java:<init>(97)) - Found a free port for the server : 43875
2019-06-13 18:17:58,700 INFO  replication.SimpleContainerDownloader (SimpleContainerDownloader.java:<init>(72)) - Starting container downloader service to copy containers to replicate.
2019-06-13 18:17:58,713 INFO  hdfs.DFSUtil (DFSUtil.java:httpServerTemplateForNNAndJN(1641)) - Starting Web-server for hddsDatanode at: http://0.0.0.0:0
2019-06-13 18:17:58,715 INFO  server.AuthenticationFilter (AuthenticationFilter.java:constructSecretProvider(240)) - Unable to initialize FileSignerSecretProvider, falling back to use random secrets.
2019-06-13 18:17:58,715 WARN  http.HttpRequestLog (HttpRequestLog.java:getRequestLog(97)) - Jetty request log can only be enabled using Log4j
2019-06-13 18:17:58,717 INFO  http.HttpServer2 (HttpServer2.java:addGlobalFilter(975)) - Added global filter 'safety' (class=org.apache.hadoop.http.HttpServer2$QuotingInputFilter)
2019-06-13 18:17:58,718 INFO  http.HttpServer2 (HttpServer2.java:addFilter(948)) - Added filter static_user_filter (class=org.apache.hadoop.http.lib.StaticUserWebFilter$StaticUserFilter) to context hddsDatanode
2019-06-13 18:17:58,718 INFO  http.HttpServer2 (HttpServer2.java:addFilter(958)) - Added filter static_user_filter (class=org.apache.hadoop.http.lib.StaticUserWebFilter$StaticUserFilter) to context logs
2019-06-13 18:17:58,718 INFO  http.HttpServer2 (HttpServer2.java:addFilter(958)) - Added filter static_user_filter (class=org.apache.hadoop.http.lib.StaticUserWebFilter$StaticUserFilter) to context static
2019-06-13 18:17:58,719 INFO  http.HttpServer2 (HttpServer2.java:bindListener(1191)) - Jetty bound to port 37067
2019-06-13 18:17:58,719 INFO  server.Server (Server.java:doStart(351)) - jetty-9.3.24.v20180605, build timestamp: 2018-06-05T17:11:56Z, git hash: 84205aa28f11a4f31f2a3b86d1bba2cc8ab69827
2019-06-13 18:17:58,722 INFO  handler.ContextHandler (ContextHandler.java:doStart(781)) - Started o.e.j.s.ServletContextHandler@260a3a5e{/logs,file:///opt/src/hadoop-ozone/integration-test/target/log,AVAILABLE}
2019-06-13 18:17:58,722 INFO  handler.ContextHandler (ContextHandler.java:doStart(781)) - Started o.e.j.s.ServletContextHandler@3c0bbc9f{/static,jar:file:/root/.m2/repository/org/apache/hadoop/hadoop-hdds-container-service/0.5.0-SNAPSHOT/hadoop-hdds-container-service-0.5.0-SNAPSHOT.jar!/webapps/static,AVAILABLE}
2019-06-13 18:17:58,758 INFO  handler.ContextHandler (ContextHandler.java:doStart(781)) - Started o.e.j.w.WebAppContext@1640190a{/,file:///tmp/jetty-0.0.0.0-37067-hddsDatanode-_-any-3546289425855694978.dir/webapp/,AVAILABLE}{/hddsDatanode}
2019-06-13 18:17:58,765 INFO  server.AbstractConnector (AbstractConnector.java:doStart(278)) - Started ServerConnector@2a2843ec{HTTP/1.1,[http/1.1]}{0.0.0.0:37067}
2019-06-13 18:17:58,766 INFO  server.Server (Server.java:doStart(419)) - Started @4586ms
2019-06-13 18:17:58,767 INFO  server.BaseHttpServer (BaseHttpServer.java:updateConnectorAddress(207)) - HTTP server of HDDSDATANODE is listening at http://0.0.0.0:37067
2019-06-13 18:17:59,998 INFO  ozone.HddsDatanodeService (HddsDatanodeService.java:startPlugins(396)) - Started plug-in org.apache.hadoop.ozone.web.OzoneHddsDatanodeService@575cabf0
2019-06-13 18:17:59,999 INFO  impl.MetricsSystemImpl (MetricsSystemImpl.java:init(158)) - HddsDatanode metrics system started (again)
2019-06-13 18:17:59,999 INFO  ozone.HddsDatanodeService (HddsDatanodeService.java:start(185)) - HddsDatanodeService host:ozone-pdpn9-622331312 ip:192.168.105.177
2019-06-13 18:18:00,008 INFO  util.JvmPauseMonitor (JvmPauseMonitor.java:run(188)) - Starting JVM pause monitor
2019-06-13 18:18:00,017 INFO  volume.HddsVolume (HddsVolume.java:<init>(176)) - Creating Volume: /opt/src/hadoop-ozone/integration-test/target/test-dir/MiniOzoneClusterImpl-43617161-62b0-458b-9588-a60bb81da193/datanode-1/data/containers/hdds of  storage type : DISK and capacity : 104021790720
2019-06-13 18:18:00,018 INFO  volume.VolumeSet (VolumeSet.java:initializeVolumeSet(170)) - Added Volume : /opt/src/hadoop-ozone/integration-test/target/test-dir/MiniOzoneClusterImpl-43617161-62b0-458b-9588-a60bb81da193/datanode-1/data/containers/hdds to VolumeSet
2019-06-13 18:18:00,018 INFO  volume.ThrottledAsyncChecker (ThrottledAsyncChecker.java:schedule(140)) - Scheduling a check for org.apache.hadoop.ozone.container.common.volume.HddsVolume@7f4596d0
2019-06-13 18:18:00,030 INFO  volume.HddsVolumeChecker (HddsVolumeChecker.java:checkAllVolumes(203)) - Scheduled health check for volume org.apache.hadoop.ozone.container.common.volume.HddsVolume@7f4596d0
2019-06-13 18:18:00,050 INFO  ratis.XceiverServerRatis (XceiverServerRatis.java:newXceiverServerRatis(401)) - Found a free port for the server : 38615
2019-06-13 18:18:00,051 INFO  impl.RaftServerProxy (ConfUtils.java:logGet(43)) - raft.rpc.type = GRPC (default)
2019-06-13 18:18:00,051 INFO  grpc.GrpcConfigKeys$Server (ConfUtils.java:logGet(43)) - raft.grpc.server.port = 38615 (custom)
2019-06-13 18:18:00,051 INFO  server.GrpcService (ConfUtils.java:logGet(43)) - raft.grpc.message.size.max = 33570816 (custom)
2019-06-13 18:18:00,052 INFO  server.RaftServerConfigKeys (ConfUtils.java:logGet(43)) - raft.server.log.appender.buffer.byte-limit = 33554432 (custom)
2019-06-13 18:18:00,052 INFO  server.GrpcService (ConfUtils.java:logGet(43)) - raft.grpc.flow.control.window = 1MB (=1048576) (default)
2019-06-13 18:18:00,052 INFO  server.RaftServerConfigKeys (ConfUtils.java:logGet(43)) - raft.server.rpc.request.timeout = 3000ms (default)
2019-06-13 18:18:00,053 INFO  server.RaftServerConfigKeys (ConfUtils.java:logGet(43)) - raft.server.storage.dir = [/opt/src/hadoop-ozone/integration-test/target/test-dir/MiniOzoneClusterImpl-43617161-62b0-458b-9588-a60bb81da193/datanode-1/data/ratis] (custom)
2019-06-13 18:18:00,053 INFO  server.XceiverServerGrpc (XceiverServerGrpc.java:<init>(97)) - Found a free port for the server : 45063
2019-06-13 18:18:00,054 INFO  replication.SimpleContainerDownloader (SimpleContainerDownloader.java:<init>(72)) - Starting container downloader service to copy containers to replicate.
2019-06-13 18:18:00,058 INFO  hdfs.DFSUtil (DFSUtil.java:httpServerTemplateForNNAndJN(1641)) - Starting Web-server for hddsDatanode at: http://0.0.0.0:0
2019-06-13 18:18:00,059 INFO  server.AuthenticationFilter (AuthenticationFilter.java:constructSecretProvider(240)) - Unable to initialize FileSignerSecretProvider, falling back to use random secrets.
2019-06-13 18:18:00,060 WARN  http.HttpRequestLog (HttpRequestLog.java:getRequestLog(97)) - Jetty request log can only be enabled using Log4j
2019-06-13 18:18:00,061 INFO  http.HttpServer2 (HttpServer2.java:addGlobalFilter(975)) - Added global filter 'safety' (class=org.apache.hadoop.http.HttpServer2$QuotingInputFilter)
2019-06-13 18:18:00,063 INFO  http.HttpServer2 (HttpServer2.java:addFilter(948)) - Added filter static_user_filter (class=org.apache.hadoop.http.lib.StaticUserWebFilter$StaticUserFilter) to context hddsDatanode
2019-06-13 18:18:00,063 INFO  http.HttpServer2 (HttpServer2.java:addFilter(958)) - Added filter static_user_filter (class=org.apache.hadoop.http.lib.StaticUserWebFilter$StaticUserFilter) to context logs
2019-06-13 18:18:00,063 INFO  http.HttpServer2 (HttpServer2.java:addFilter(958)) - Added filter static_user_filter (class=org.apache.hadoop.http.lib.StaticUserWebFilter$StaticUserFilter) to context static
2019-06-13 18:18:00,064 INFO  http.HttpServer2 (HttpServer2.java:bindListener(1191)) - Jetty bound to port 33101
2019-06-13 18:18:00,064 INFO  server.Server (Server.java:doStart(351)) - jetty-9.3.24.v20180605, build timestamp: 2018-06-05T17:11:56Z, git hash: 84205aa28f11a4f31f2a3b86d1bba2cc8ab69827
2019-06-13 18:18:00,080 INFO  handler.ContextHandler (ContextHandler.java:doStart(781)) - Started o.e.j.s.ServletContextHandler@412c5e8b{/logs,file:///opt/src/hadoop-ozone/integration-test/target/log,AVAILABLE}
2019-06-13 18:18:00,081 INFO  handler.ContextHandler (ContextHandler.java:doStart(781)) - Started o.e.j.s.ServletContextHandler@3b0c3951{/static,jar:file:/root/.m2/repository/org/apache/hadoop/hadoop-hdds-container-service/0.5.0-SNAPSHOT/hadoop-hdds-container-service-0.5.0-SNAPSHOT.jar!/webapps/static,AVAILABLE}
2019-06-13 18:18:00,110 INFO  handler.ContextHandler (ContextHandler.java:doStart(781)) - Started o.e.j.w.WebAppContext@1e01b133{/,file:///tmp/jetty-0.0.0.0-33101-hddsDatanode-_-any-1656882076046611763.dir/webapp/,AVAILABLE}{/hddsDatanode}
2019-06-13 18:18:00,111 INFO  server.AbstractConnector (AbstractConnector.java:doStart(278)) - Started ServerConnector@262a1fad{HTTP/1.1,[http/1.1]}{0.0.0.0:33101}
2019-06-13 18:18:00,112 INFO  server.Server (Server.java:doStart(419)) - Started @5932ms
2019-06-13 18:18:00,113 INFO  server.BaseHttpServer (BaseHttpServer.java:updateConnectorAddress(207)) - HTTP server of HDDSDATANODE is listening at http://0.0.0.0:33101
2019-06-13 18:18:00,116 INFO  datanode.InitDatanodeState (InitDatanodeState.java:persistContainerDatanodeDetails(140)) - DatanodeDetails is persisted to /opt/src/hadoop-ozone/integration-test/target/test-dir/MiniOzoneClusterImpl-43617161-62b0-458b-9588-a60bb81da193/datanode-0/meta/datanode.id
2019-06-13 18:18:00,292 INFO  ozone.HddsDatanodeService (HddsDatanodeService.java:startPlugins(396)) - Started plug-in org.apache.hadoop.ozone.web.OzoneHddsDatanodeService@2c1f8dbd
2019-06-13 18:18:00,297 INFO  impl.MetricsSystemImpl (MetricsSystemImpl.java:init(158)) - HddsDatanode metrics system started (again)
2019-06-13 18:18:00,298 INFO  ozone.HddsDatanodeService (HddsDatanodeService.java:start(185)) - HddsDatanodeService host:ozone-pdpn9-622331312 ip:192.168.105.177
2019-06-13 18:18:00,324 INFO  volume.HddsVolume (HddsVolume.java:<init>(176)) - Creating Volume: /opt/src/hadoop-ozone/integration-test/target/test-dir/MiniOzoneClusterImpl-43617161-62b0-458b-9588-a60bb81da193/datanode-2/data/containers/hdds of  storage type : DISK and capacity : 104021790720
2019-06-13 18:18:00,324 INFO  volume.VolumeSet (VolumeSet.java:initializeVolumeSet(170)) - Added Volume : /opt/src/hadoop-ozone/integration-test/target/test-dir/MiniOzoneClusterImpl-43617161-62b0-458b-9588-a60bb81da193/datanode-2/data/containers/hdds to VolumeSet
2019-06-13 18:18:00,325 INFO  volume.ThrottledAsyncChecker (ThrottledAsyncChecker.java:schedule(140)) - Scheduling a check for org.apache.hadoop.ozone.container.common.volume.HddsVolume@2d258eff
2019-06-13 18:18:00,330 INFO  volume.HddsVolumeChecker (HddsVolumeChecker.java:checkAllVolumes(203)) - Scheduled health check for volume org.apache.hadoop.ozone.container.common.volume.HddsVolume@2d258eff
2019-06-13 18:18:00,330 INFO  util.JvmPauseMonitor (JvmPauseMonitor.java:run(188)) - Starting JVM pause monitor
2019-06-13 18:18:00,354 INFO  ratis.XceiverServerRatis (XceiverServerRatis.java:newXceiverServerRatis(401)) - Found a free port for the server : 42291
2019-06-13 18:18:00,355 INFO  impl.RaftServerProxy (ConfUtils.java:logGet(43)) - raft.rpc.type = GRPC (default)
2019-06-13 18:18:00,355 INFO  grpc.GrpcConfigKeys$Server (ConfUtils.java:logGet(43)) - raft.grpc.server.port = 42291 (custom)
2019-06-13 18:18:00,355 INFO  server.GrpcService (ConfUtils.java:logGet(43)) - raft.grpc.message.size.max = 33570816 (custom)
2019-06-13 18:18:00,356 INFO  server.RaftServerConfigKeys (ConfUtils.java:logGet(43)) - raft.server.log.appender.buffer.byte-limit = 33554432 (custom)
2019-06-13 18:18:00,356 INFO  server.GrpcService (ConfUtils.java:logGet(43)) - raft.grpc.flow.control.window = 1MB (=1048576) (default)
2019-06-13 18:18:00,356 INFO  server.RaftServerConfigKeys (ConfUtils.java:logGet(43)) - raft.server.rpc.request.timeout = 3000ms (default)
2019-06-13 18:18:00,357 INFO  server.RaftServerConfigKeys (ConfUtils.java:logGet(43)) - raft.server.storage.dir = [/opt/src/hadoop-ozone/integration-test/target/test-dir/MiniOzoneClusterImpl-43617161-62b0-458b-9588-a60bb81da193/datanode-2/data/ratis] (custom)
2019-06-13 18:18:00,357 INFO  server.XceiverServerGrpc (XceiverServerGrpc.java:<init>(97)) - Found a free port for the server : 36907
2019-06-13 18:18:00,361 INFO  replication.SimpleContainerDownloader (SimpleContainerDownloader.java:<init>(72)) - Starting container downloader service to copy containers to replicate.
2019-06-13 18:18:00,363 INFO  hdfs.DFSUtil (DFSUtil.java:httpServerTemplateForNNAndJN(1641)) - Starting Web-server for hddsDatanode at: http://0.0.0.0:0
2019-06-13 18:18:00,364 INFO  server.AuthenticationFilter (AuthenticationFilter.java:constructSecretProvider(240)) - Unable to initialize FileSignerSecretProvider, falling back to use random secrets.
2019-06-13 18:18:00,381 WARN  http.HttpRequestLog (HttpRequestLog.java:getRequestLog(97)) - Jetty request log can only be enabled using Log4j
2019-06-13 18:18:00,383 INFO  http.HttpServer2 (HttpServer2.java:addGlobalFilter(975)) - Added global filter 'safety' (class=org.apache.hadoop.http.HttpServer2$QuotingInputFilter)
2019-06-13 18:18:00,384 INFO  http.HttpServer2 (HttpServer2.java:addFilter(948)) - Added filter static_user_filter (class=org.apache.hadoop.http.lib.StaticUserWebFilter$StaticUserFilter) to context hddsDatanode
2019-06-13 18:18:00,384 INFO  http.HttpServer2 (HttpServer2.java:addFilter(958)) - Added filter static_user_filter (class=org.apache.hadoop.http.lib.StaticUserWebFilter$StaticUserFilter) to context logs
2019-06-13 18:18:00,384 INFO  http.HttpServer2 (HttpServer2.java:addFilter(958)) - Added filter static_user_filter (class=org.apache.hadoop.http.lib.StaticUserWebFilter$StaticUserFilter) to context static
2019-06-13 18:18:00,390 INFO  http.HttpServer2 (HttpServer2.java:bindListener(1191)) - Jetty bound to port 40961
2019-06-13 18:18:00,392 INFO  server.Server (Server.java:doStart(351)) - jetty-9.3.24.v20180605, build timestamp: 2018-06-05T17:11:56Z, git hash: 84205aa28f11a4f31f2a3b86d1bba2cc8ab69827
2019-06-13 18:18:00,381 INFO  datanode.InitDatanodeState (InitDatanodeState.java:persistContainerDatanodeDetails(140)) - DatanodeDetails is persisted to /opt/src/hadoop-ozone/integration-test/target/test-dir/MiniOzoneClusterImpl-43617161-62b0-458b-9588-a60bb81da193/datanode-1/meta/datanode.id
2019-06-13 18:18:00,404 INFO  handler.ContextHandler (ContextHandler.java:doStart(781)) - Started o.e.j.s.ServletContextHandler@ab2e6d2{/logs,file:///opt/src/hadoop-ozone/integration-test/target/log,AVAILABLE}
2019-06-13 18:18:00,410 INFO  handler.ContextHandler (ContextHandler.java:doStart(781)) - Started o.e.j.s.ServletContextHandler@4d4436d0{/static,jar:file:/root/.m2/repository/org/apache/hadoop/hadoop-hdds-container-service/0.5.0-SNAPSHOT/hadoop-hdds-container-service-0.5.0-SNAPSHOT.jar!/webapps/static,AVAILABLE}
2019-06-13 18:18:00,442 INFO  handler.ContextHandler (ContextHandler.java:doStart(781)) - Started o.e.j.w.WebAppContext@481b2f10{/,file:///tmp/jetty-0.0.0.0-40961-hddsDatanode-_-any-3851440776094874046.dir/webapp/,AVAILABLE}{/hddsDatanode}
2019-06-13 18:18:00,449 INFO  server.AbstractConnector (AbstractConnector.java:doStart(278)) - Started ServerConnector@54f4603{HTTP/1.1,[http/1.1]}{0.0.0.0:40961}
2019-06-13 18:18:00,450 INFO  server.Server (Server.java:doStart(419)) - Started @6270ms
2019-06-13 18:18:00,451 INFO  server.BaseHttpServer (BaseHttpServer.java:updateConnectorAddress(207)) - HTTP server of HDDSDATANODE is listening at http://0.0.0.0:40961
2019-06-13 18:18:00,702 INFO  ozone.HddsDatanodeService (HddsDatanodeService.java:startPlugins(396)) - Started plug-in org.apache.hadoop.ozone.web.OzoneHddsDatanodeService@3086f480
2019-06-13 18:18:00,703 INFO  impl.MetricsSystemImpl (MetricsSystemImpl.java:init(158)) - HddsDatanode metrics system started (again)
2019-06-13 18:18:00,704 INFO  ozone.HddsDatanodeService (HddsDatanodeService.java:start(185)) - HddsDatanodeService host:ozone-pdpn9-622331312 ip:192.168.105.177
2019-06-13 18:18:00,713 INFO  volume.HddsVolume (HddsVolume.java:<init>(176)) - Creating Volume: /opt/src/hadoop-ozone/integration-test/target/test-dir/MiniOzoneClusterImpl-43617161-62b0-458b-9588-a60bb81da193/datanode-3/data/containers/hdds of  storage type : DISK and capacity : 104021790720
2019-06-13 18:18:00,714 INFO  volume.VolumeSet (VolumeSet.java:initializeVolumeSet(170)) - Added Volume : /opt/src/hadoop-ozone/integration-test/target/test-dir/MiniOzoneClusterImpl-43617161-62b0-458b-9588-a60bb81da193/datanode-3/data/containers/hdds to VolumeSet
2019-06-13 18:18:00,714 INFO  volume.ThrottledAsyncChecker (ThrottledAsyncChecker.java:schedule(140)) - Scheduling a check for org.apache.hadoop.ozone.container.common.volume.HddsVolume@662be9f7
2019-06-13 18:18:00,719 INFO  volume.HddsVolumeChecker (HddsVolumeChecker.java:checkAllVolumes(203)) - Scheduled health check for volume org.apache.hadoop.ozone.container.common.volume.HddsVolume@662be9f7
2019-06-13 18:18:00,725 INFO  util.JvmPauseMonitor (JvmPauseMonitor.java:run(188)) - Starting JVM pause monitor
2019-06-13 18:18:00,744 INFO  datanode.InitDatanodeState (InitDatanodeState.java:persistContainerDatanodeDetails(140)) - DatanodeDetails is persisted to /opt/src/hadoop-ozone/integration-test/target/test-dir/MiniOzoneClusterImpl-43617161-62b0-458b-9588-a60bb81da193/datanode-2/meta/datanode.id
2019-06-13 18:18:00,752 INFO  ratis.XceiverServerRatis (XceiverServerRatis.java:newXceiverServerRatis(401)) - Found a free port for the server : 46211
2019-06-13 18:18:00,754 INFO  impl.RaftServerProxy (ConfUtils.java:logGet(43)) - raft.rpc.type = GRPC (default)
2019-06-13 18:18:00,754 INFO  grpc.GrpcConfigKeys$Server (ConfUtils.java:logGet(43)) - raft.grpc.server.port = 46211 (custom)
2019-06-13 18:18:00,754 INFO  server.GrpcService (ConfUtils.java:logGet(43)) - raft.grpc.message.size.max = 33570816 (custom)
2019-06-13 18:18:00,755 INFO  server.RaftServerConfigKeys (ConfUtils.java:logGet(43)) - raft.server.log.appender.buffer.byte-limit = 33554432 (custom)
2019-06-13 18:18:00,755 INFO  server.GrpcService (ConfUtils.java:logGet(43)) - raft.grpc.flow.control.window = 1MB (=1048576) (default)
2019-06-13 18:18:00,755 INFO  server.RaftServerConfigKeys (ConfUtils.java:logGet(43)) - raft.server.rpc.request.timeout = 3000ms (default)
2019-06-13 18:18:00,756 INFO  server.RaftServerConfigKeys (ConfUtils.java:logGet(43)) - raft.server.storage.dir = [/opt/src/hadoop-ozone/integration-test/target/test-dir/MiniOzoneClusterImpl-43617161-62b0-458b-9588-a60bb81da193/datanode-3/data/ratis] (custom)
2019-06-13 18:18:00,756 INFO  server.XceiverServerGrpc (XceiverServerGrpc.java:<init>(97)) - Found a free port for the server : 34775
2019-06-13 18:18:00,756 INFO  replication.SimpleContainerDownloader (SimpleContainerDownloader.java:<init>(72)) - Starting container downloader service to copy containers to replicate.
2019-06-13 18:18:00,757 INFO  hdfs.DFSUtil (DFSUtil.java:httpServerTemplateForNNAndJN(1641)) - Starting Web-server for hddsDatanode at: http://0.0.0.0:0
2019-06-13 18:18:00,759 INFO  server.AuthenticationFilter (AuthenticationFilter.java:constructSecretProvider(240)) - Unable to initialize FileSignerSecretProvider, falling back to use random secrets.
2019-06-13 18:18:00,759 WARN  http.HttpRequestLog (HttpRequestLog.java:getRequestLog(97)) - Jetty request log can only be enabled using Log4j
2019-06-13 18:18:00,765 INFO  http.HttpServer2 (HttpServer2.java:addGlobalFilter(975)) - Added global filter 'safety' (class=org.apache.hadoop.http.HttpServer2$QuotingInputFilter)
2019-06-13 18:18:00,765 INFO  http.HttpServer2 (HttpServer2.java:addFilter(948)) - Added filter static_user_filter (class=org.apache.hadoop.http.lib.StaticUserWebFilter$StaticUserFilter) to context hddsDatanode
2019-06-13 18:18:00,765 INFO  http.HttpServer2 (HttpServer2.java:addFilter(958)) - Added filter static_user_filter (class=org.apache.hadoop.http.lib.StaticUserWebFilter$StaticUserFilter) to context logs
2019-06-13 18:18:00,766 INFO  http.HttpServer2 (HttpServer2.java:addFilter(958)) - Added filter static_user_filter (class=org.apache.hadoop.http.lib.StaticUserWebFilter$StaticUserFilter) to context static
2019-06-13 18:18:00,767 INFO  http.HttpServer2 (HttpServer2.java:bindListener(1191)) - Jetty bound to port 38037
2019-06-13 18:18:00,767 INFO  server.Server (Server.java:doStart(351)) - jetty-9.3.24.v20180605, build timestamp: 2018-06-05T17:11:56Z, git hash: 84205aa28f11a4f31f2a3b86d1bba2cc8ab69827
2019-06-13 18:18:00,783 INFO  handler.ContextHandler (ContextHandler.java:doStart(781)) - Started o.e.j.s.ServletContextHandler@632b305d{/logs,file:///opt/src/hadoop-ozone/integration-test/target/log,AVAILABLE}
2019-06-13 18:18:00,784 INFO  handler.ContextHandler (ContextHandler.java:doStart(781)) - Started o.e.j.s.ServletContextHandler@57fdb8a4{/static,jar:file:/root/.m2/repository/org/apache/hadoop/hadoop-hdds-container-service/0.5.0-SNAPSHOT/hadoop-hdds-container-service-0.5.0-SNAPSHOT.jar!/webapps/static,AVAILABLE}
2019-06-13 18:18:00,819 INFO  handler.ContextHandler (ContextHandler.java:doStart(781)) - Started o.e.j.w.WebAppContext@31b0f02{/,file:///tmp/jetty-0.0.0.0-38037-hddsDatanode-_-any-583126089609162076.dir/webapp/,AVAILABLE}{/hddsDatanode}
2019-06-13 18:18:00,821 INFO  server.AbstractConnector (AbstractConnector.java:doStart(278)) - Started ServerConnector@19ae2ee5{HTTP/1.1,[http/1.1]}{0.0.0.0:38037}
2019-06-13 18:18:00,822 INFO  server.Server (Server.java:doStart(419)) - Started @6641ms
2019-06-13 18:18:00,822 INFO  server.BaseHttpServer (BaseHttpServer.java:updateConnectorAddress(207)) - HTTP server of HDDSDATANODE is listening at http://0.0.0.0:38037
2019-06-13 18:18:01,099 INFO  ozone.HddsDatanodeService (HddsDatanodeService.java:startPlugins(396)) - Started plug-in org.apache.hadoop.ozone.web.OzoneHddsDatanodeService@281b2dfd
2019-06-13 18:18:01,108 INFO  impl.MetricsSystemImpl (MetricsSystemImpl.java:init(158)) - HddsDatanode metrics system started (again)
2019-06-13 18:18:01,109 INFO  ozone.HddsDatanodeService (HddsDatanodeService.java:start(185)) - HddsDatanodeService host:ozone-pdpn9-622331312 ip:192.168.105.177
2019-06-13 18:18:01,145 INFO  util.JvmPauseMonitor (JvmPauseMonitor.java:run(188)) - Starting JVM pause monitor
2019-06-13 18:18:01,148 INFO  datanode.InitDatanodeState (InitDatanodeState.java:persistContainerDatanodeDetails(140)) - DatanodeDetails is persisted to /opt/src/hadoop-ozone/integration-test/target/test-dir/MiniOzoneClusterImpl-43617161-62b0-458b-9588-a60bb81da193/datanode-3/meta/datanode.id
2019-06-13 18:18:01,159 INFO  volume.HddsVolume (HddsVolume.java:<init>(176)) - Creating Volume: /opt/src/hadoop-ozone/integration-test/target/test-dir/MiniOzoneClusterImpl-43617161-62b0-458b-9588-a60bb81da193/datanode-4/data/containers/hdds of  storage type : DISK and capacity : 104021790720
2019-06-13 18:18:01,159 INFO  volume.VolumeSet (VolumeSet.java:initializeVolumeSet(170)) - Added Volume : /opt/src/hadoop-ozone/integration-test/target/test-dir/MiniOzoneClusterImpl-43617161-62b0-458b-9588-a60bb81da193/datanode-4/data/containers/hdds to VolumeSet
2019-06-13 18:18:01,160 INFO  volume.ThrottledAsyncChecker (ThrottledAsyncChecker.java:schedule(140)) - Scheduling a check for org.apache.hadoop.ozone.container.common.volume.HddsVolume@7aded903
2019-06-13 18:18:01,185 INFO  volume.HddsVolumeChecker (HddsVolumeChecker.java:checkAllVolumes(203)) - Scheduled health check for volume org.apache.hadoop.ozone.container.common.volume.HddsVolume@7aded903
2019-06-13 18:18:01,202 INFO  ratis.XceiverServerRatis (XceiverServerRatis.java:newXceiverServerRatis(401)) - Found a free port for the server : 41297
2019-06-13 18:18:01,209 INFO  impl.RaftServerProxy (ConfUtils.java:logGet(43)) - raft.rpc.type = GRPC (default)
2019-06-13 18:18:01,213 INFO  grpc.GrpcConfigKeys$Server (ConfUtils.java:logGet(43)) - raft.grpc.server.port = 41297 (custom)
2019-06-13 18:18:01,213 INFO  server.GrpcService (ConfUtils.java:logGet(43)) - raft.grpc.message.size.max = 33570816 (custom)
2019-06-13 18:18:01,214 INFO  server.RaftServerConfigKeys (ConfUtils.java:logGet(43)) - raft.server.log.appender.buffer.byte-limit = 33554432 (custom)
2019-06-13 18:18:01,215 INFO  server.GrpcService (ConfUtils.java:logGet(43)) - raft.grpc.flow.control.window = 1MB (=1048576) (default)
2019-06-13 18:18:01,215 INFO  server.RaftServerConfigKeys (ConfUtils.java:logGet(43)) - raft.server.rpc.request.timeout = 3000ms (default)
2019-06-13 18:18:01,216 INFO  server.RaftServerConfigKeys (ConfUtils.java:logGet(43)) - raft.server.storage.dir = [/opt/src/hadoop-ozone/integration-test/target/test-dir/MiniOzoneClusterImpl-43617161-62b0-458b-9588-a60bb81da193/datanode-4/data/ratis] (custom)
2019-06-13 18:18:01,217 INFO  server.XceiverServerGrpc (XceiverServerGrpc.java:<init>(97)) - Found a free port for the server : 41133
2019-06-13 18:18:01,217 INFO  replication.SimpleContainerDownloader (SimpleContainerDownloader.java:<init>(72)) - Starting container downloader service to copy containers to replicate.
2019-06-13 18:18:01,220 INFO  hdfs.DFSUtil (DFSUtil.java:httpServerTemplateForNNAndJN(1641)) - Starting Web-server for hddsDatanode at: http://0.0.0.0:0
2019-06-13 18:18:01,222 INFO  server.AuthenticationFilter (AuthenticationFilter.java:constructSecretProvider(240)) - Unable to initialize FileSignerSecretProvider, falling back to use random secrets.
2019-06-13 18:18:01,229 WARN  http.HttpRequestLog (HttpRequestLog.java:getRequestLog(97)) - Jetty request log can only be enabled using Log4j
2019-06-13 18:18:01,232 INFO  http.HttpServer2 (HttpServer2.java:addGlobalFilter(975)) - Added global filter 'safety' (class=org.apache.hadoop.http.HttpServer2$QuotingInputFilter)
2019-06-13 18:18:01,233 INFO  http.HttpServer2 (HttpServer2.java:addFilter(948)) - Added filter static_user_filter (class=org.apache.hadoop.http.lib.StaticUserWebFilter$StaticUserFilter) to context hddsDatanode
2019-06-13 18:18:01,233 INFO  http.HttpServer2 (HttpServer2.java:addFilter(958)) - Added filter static_user_filter (class=org.apache.hadoop.http.lib.StaticUserWebFilter$StaticUserFilter) to context static
2019-06-13 18:18:01,233 INFO  http.HttpServer2 (HttpServer2.java:addFilter(958)) - Added filter static_user_filter (class=org.apache.hadoop.http.lib.StaticUserWebFilter$StaticUserFilter) to context logs
2019-06-13 18:18:01,234 INFO  http.HttpServer2 (HttpServer2.java:bindListener(1191)) - Jetty bound to port 38809
2019-06-13 18:18:01,234 INFO  server.Server (Server.java:doStart(351)) - jetty-9.3.24.v20180605, build timestamp: 2018-06-05T17:11:56Z, git hash: 84205aa28f11a4f31f2a3b86d1bba2cc8ab69827
2019-06-13 18:18:01,244 INFO  handler.ContextHandler (ContextHandler.java:doStart(781)) - Started o.e.j.s.ServletContextHandler@2322e56f{/logs,file:///opt/src/hadoop-ozone/integration-test/target/log,AVAILABLE}
2019-06-13 18:18:01,245 INFO  handler.ContextHandler (ContextHandler.java:doStart(781)) - Started o.e.j.s.ServletContextHandler@38732364{/static,jar:file:/root/.m2/repository/org/apache/hadoop/hadoop-hdds-container-service/0.5.0-SNAPSHOT/hadoop-hdds-container-service-0.5.0-SNAPSHOT.jar!/webapps/static,AVAILABLE}
2019-06-13 18:18:01,276 INFO  handler.ContextHandler (ContextHandler.java:doStart(781)) - Started o.e.j.w.WebAppContext@22f02996{/,file:///tmp/jetty-0.0.0.0-38809-hddsDatanode-_-any-322967517523920552.dir/webapp/,AVAILABLE}{/hddsDatanode}
2019-06-13 18:18:01,278 INFO  server.AbstractConnector (AbstractConnector.java:doStart(278)) - Started ServerConnector@7c8874ef{HTTP/1.1,[http/1.1]}{0.0.0.0:38809}
2019-06-13 18:18:01,278 INFO  server.Server (Server.java:doStart(419)) - Started @7098ms
2019-06-13 18:18:01,279 INFO  server.BaseHttpServer (BaseHttpServer.java:updateConnectorAddress(207)) - HTTP server of HDDSDATANODE is listening at http://0.0.0.0:38809
2019-06-13 18:18:01,419 INFO  ozone.HddsDatanodeService (HddsDatanodeService.java:startPlugins(396)) - Started plug-in org.apache.hadoop.ozone.web.OzoneHddsDatanodeService@61d60e38
2019-06-13 18:18:01,420 INFO  impl.MetricsSystemImpl (MetricsSystemImpl.java:init(158)) - HddsDatanode metrics system started (again)
2019-06-13 18:18:01,420 INFO  ozone.HddsDatanodeService (HddsDatanodeService.java:start(185)) - HddsDatanodeService host:ozone-pdpn9-622331312 ip:192.168.105.177
2019-06-13 18:18:01,444 INFO  util.JvmPauseMonitor (JvmPauseMonitor.java:run(188)) - Starting JVM pause monitor
2019-06-13 18:18:01,454 INFO  datanode.InitDatanodeState (InitDatanodeState.java:persistContainerDatanodeDetails(140)) - DatanodeDetails is persisted to /opt/src/hadoop-ozone/integration-test/target/test-dir/MiniOzoneClusterImpl-43617161-62b0-458b-9588-a60bb81da193/datanode-4/meta/datanode.id
2019-06-13 18:18:01,458 INFO  volume.HddsVolume (HddsVolume.java:<init>(176)) - Creating Volume: /opt/src/hadoop-ozone/integration-test/target/test-dir/MiniOzoneClusterImpl-43617161-62b0-458b-9588-a60bb81da193/datanode-5/data/containers/hdds of  storage type : DISK and capacity : 104021790720
2019-06-13 18:18:01,458 INFO  volume.VolumeSet (VolumeSet.java:initializeVolumeSet(170)) - Added Volume : /opt/src/hadoop-ozone/integration-test/target/test-dir/MiniOzoneClusterImpl-43617161-62b0-458b-9588-a60bb81da193/datanode-5/data/containers/hdds to VolumeSet
2019-06-13 18:18:01,459 INFO  volume.ThrottledAsyncChecker (ThrottledAsyncChecker.java:schedule(140)) - Scheduling a check for org.apache.hadoop.ozone.container.common.volume.HddsVolume@454bcbbf
2019-06-13 18:18:01,474 INFO  volume.HddsVolumeChecker (HddsVolumeChecker.java:checkAllVolumes(203)) - Scheduled health check for volume org.apache.hadoop.ozone.container.common.volume.HddsVolume@454bcbbf
2019-06-13 18:18:01,486 INFO  ratis.XceiverServerRatis (XceiverServerRatis.java:newXceiverServerRatis(401)) - Found a free port for the server : 40207
2019-06-13 18:18:01,488 INFO  impl.RaftServerProxy (ConfUtils.java:logGet(43)) - raft.rpc.type = GRPC (default)
2019-06-13 18:18:01,488 INFO  grpc.GrpcConfigKeys$Server (ConfUtils.java:logGet(43)) - raft.grpc.server.port = 40207 (custom)
2019-06-13 18:18:01,488 INFO  server.GrpcService (ConfUtils.java:logGet(43)) - raft.grpc.message.size.max = 33570816 (custom)
2019-06-13 18:18:01,488 INFO  server.RaftServerConfigKeys (ConfUtils.java:logGet(43)) - raft.server.log.appender.buffer.byte-limit = 33554432 (custom)
2019-06-13 18:18:01,488 INFO  server.GrpcService (ConfUtils.java:logGet(43)) - raft.grpc.flow.control.window = 1MB (=1048576) (default)
2019-06-13 18:18:01,489 INFO  server.RaftServerConfigKeys (ConfUtils.java:logGet(43)) - raft.server.rpc.request.timeout = 3000ms (default)
2019-06-13 18:18:01,489 INFO  server.RaftServerConfigKeys (ConfUtils.java:logGet(43)) - raft.server.storage.dir = [/opt/src/hadoop-ozone/integration-test/target/test-dir/MiniOzoneClusterImpl-43617161-62b0-458b-9588-a60bb81da193/datanode-5/data/ratis] (custom)
2019-06-13 18:18:01,489 INFO  server.XceiverServerGrpc (XceiverServerGrpc.java:<init>(97)) - Found a free port for the server : 45577
2019-06-13 18:18:01,490 INFO  replication.SimpleContainerDownloader (SimpleContainerDownloader.java:<init>(72)) - Starting container downloader service to copy containers to replicate.
2019-06-13 18:18:01,491 INFO  hdfs.DFSUtil (DFSUtil.java:httpServerTemplateForNNAndJN(1641)) - Starting Web-server for hddsDatanode at: http://0.0.0.0:0
2019-06-13 18:18:01,493 INFO  server.AuthenticationFilter (AuthenticationFilter.java:constructSecretProvider(240)) - Unable to initialize FileSignerSecretProvider, falling back to use random secrets.
2019-06-13 18:18:01,493 WARN  http.HttpRequestLog (HttpRequestLog.java:getRequestLog(97)) - Jetty request log can only be enabled using Log4j
2019-06-13 18:18:01,495 INFO  http.HttpServer2 (HttpServer2.java:addGlobalFilter(975)) - Added global filter 'safety' (class=org.apache.hadoop.http.HttpServer2$QuotingInputFilter)
2019-06-13 18:18:01,496 INFO  http.HttpServer2 (HttpServer2.java:addFilter(948)) - Added filter static_user_filter (class=org.apache.hadoop.http.lib.StaticUserWebFilter$StaticUserFilter) to context hddsDatanode
2019-06-13 18:18:01,496 INFO  http.HttpServer2 (HttpServer2.java:addFilter(958)) - Added filter static_user_filter (class=org.apache.hadoop.http.lib.StaticUserWebFilter$StaticUserFilter) to context static
2019-06-13 18:18:01,496 INFO  http.HttpServer2 (HttpServer2.java:addFilter(958)) - Added filter static_user_filter (class=org.apache.hadoop.http.lib.StaticUserWebFilter$StaticUserFilter) to context logs
2019-06-13 18:18:01,497 INFO  http.HttpServer2 (HttpServer2.java:bindListener(1191)) - Jetty bound to port 45789
2019-06-13 18:18:01,497 INFO  server.Server (Server.java:doStart(351)) - jetty-9.3.24.v20180605, build timestamp: 2018-06-05T17:11:56Z, git hash: 84205aa28f11a4f31f2a3b86d1bba2cc8ab69827
2019-06-13 18:18:01,499 INFO  handler.ContextHandler (ContextHandler.java:doStart(781)) - Started o.e.j.s.ServletContextHandler@3e43f049{/logs,file:///opt/src/hadoop-ozone/integration-test/target/log,AVAILABLE}
2019-06-13 18:18:01,499 INFO  handler.ContextHandler (ContextHandler.java:doStart(781)) - Started o.e.j.s.ServletContextHandler@755a7218{/static,jar:file:/root/.m2/repository/org/apache/hadoop/hadoop-hdds-container-service/0.5.0-SNAPSHOT/hadoop-hdds-container-service-0.5.0-SNAPSHOT.jar!/webapps/static,AVAILABLE}
2019-06-13 18:18:01,532 INFO  handler.ContextHandler (ContextHandler.java:doStart(781)) - Started o.e.j.w.WebAppContext@47187f50{/,file:///tmp/jetty-0.0.0.0-45789-hddsDatanode-_-any-4660743246530240067.dir/webapp/,AVAILABLE}{/hddsDatanode}
2019-06-13 18:18:01,533 INFO  server.AbstractConnector (AbstractConnector.java:doStart(278)) - Started ServerConnector@78116659{HTTP/1.1,[http/1.1]}{0.0.0.0:45789}
2019-06-13 18:18:01,533 INFO  server.Server (Server.java:doStart(419)) - Started @7353ms
2019-06-13 18:18:01,535 INFO  server.BaseHttpServer (BaseHttpServer.java:updateConnectorAddress(207)) - HTTP server of HDDSDATANODE is listening at http://0.0.0.0:45789
2019-06-13 18:18:01,788 INFO  ozone.HddsDatanodeService (HddsDatanodeService.java:startPlugins(396)) - Started plug-in org.apache.hadoop.ozone.web.OzoneHddsDatanodeService@15369d73
2019-06-13 18:18:01,790 INFO  ozone.MiniOzoneClusterImpl (MiniOzoneClusterImpl.java:lambda$waitForClusterToBeReady$0(142)) - Waiting for cluster to be ready. Got 0 of 6 DN Heartbeats.
2019-06-13 18:18:01,805 INFO  util.JvmPauseMonitor (JvmPauseMonitor.java:run(188)) - Starting JVM pause monitor
2019-06-13 18:18:01,810 INFO  datanode.InitDatanodeState (InitDatanodeState.java:persistContainerDatanodeDetails(140)) - DatanodeDetails is persisted to /opt/src/hadoop-ozone/integration-test/target/test-dir/MiniOzoneClusterImpl-43617161-62b0-458b-9588-a60bb81da193/datanode-5/meta/datanode.id
2019-06-13 18:18:02,027 INFO  ozoneimpl.OzoneContainer (OzoneContainer.java:start(186)) - Attempting to start container services.
2019-06-13 18:18:02,031 INFO  ozoneimpl.OzoneContainer (OzoneContainer.java:startContainerScrub(160)) - Background container scrubber has been disabled by hdds.containerscrub.enabled
2019-06-13 18:18:02,031 INFO  ratis.XceiverServerRatis (XceiverServerRatis.java:start(418)) - Starting XceiverServerRatis 184261a9-ea55-45eb-92cb-4107215395d0 at port 33337
2019-06-13 18:18:02,068 INFO  impl.RaftServerProxy (RaftServerProxy.java:lambda$start$3(299)) - 184261a9-ea55-45eb-92cb-4107215395d0: start RPC server
2019-06-13 18:18:02,205 INFO  server.GrpcService (GrpcService.java:startImpl(148)) - 184261a9-ea55-45eb-92cb-4107215395d0: GrpcService started, listening on 0.0.0.0/0.0.0.0:33337
2019-06-13 18:18:02,331 INFO  ozoneimpl.OzoneContainer (OzoneContainer.java:start(186)) - Attempting to start container services.
2019-06-13 18:18:02,333 INFO  ozoneimpl.OzoneContainer (OzoneContainer.java:startContainerScrub(160)) - Background container scrubber has been disabled by hdds.containerscrub.enabled
2019-06-13 18:18:02,333 INFO  ratis.XceiverServerRatis (XceiverServerRatis.java:start(418)) - Starting XceiverServerRatis bc43a908-1892-43bb-ae4c-d25d758e99ca at port 38615
2019-06-13 18:18:02,361 INFO  impl.RaftServerProxy (RaftServerProxy.java:lambda$start$3(299)) - bc43a908-1892-43bb-ae4c-d25d758e99ca: start RPC server
2019-06-13 18:18:02,366 INFO  server.GrpcService (GrpcService.java:startImpl(148)) - bc43a908-1892-43bb-ae4c-d25d758e99ca: GrpcService started, listening on 0.0.0.0/0.0.0.0:38615
2019-06-13 18:18:02,729 INFO  ozoneimpl.OzoneContainer (OzoneContainer.java:start(186)) - Attempting to start container services.
2019-06-13 18:18:02,731 INFO  ozoneimpl.OzoneContainer (OzoneContainer.java:startContainerScrub(160)) - Background container scrubber has been disabled by hdds.containerscrub.enabled
2019-06-13 18:18:02,731 INFO  ratis.XceiverServerRatis (XceiverServerRatis.java:start(418)) - Starting XceiverServerRatis bf2e4153-283c-42c2-a802-8b296c9fd8f9 at port 42291
2019-06-13 18:18:02,745 INFO  impl.RaftServerProxy (RaftServerProxy.java:lambda$start$3(299)) - bf2e4153-283c-42c2-a802-8b296c9fd8f9: start RPC server
2019-06-13 18:18:02,752 INFO  server.GrpcService (GrpcService.java:startImpl(148)) - bf2e4153-283c-42c2-a802-8b296c9fd8f9: GrpcService started, listening on 0.0.0.0/0.0.0.0:42291
2019-06-13 18:18:02,790 INFO  ozone.MiniOzoneClusterImpl (MiniOzoneClusterImpl.java:lambda$waitForClusterToBeReady$0(142)) - Waiting for cluster to be ready. Got 0 of 6 DN Heartbeats.
2019-06-13 18:18:03,150 INFO  ozoneimpl.OzoneContainer (OzoneContainer.java:start(186)) - Attempting to start container services.
2019-06-13 18:18:03,152 INFO  ozoneimpl.OzoneContainer (OzoneContainer.java:startContainerScrub(160)) - Background container scrubber has been disabled by hdds.containerscrub.enabled
2019-06-13 18:18:03,152 INFO  ratis.XceiverServerRatis (XceiverServerRatis.java:start(418)) - Starting XceiverServerRatis 618095e9-96f2-41e3-bd55-a80c2252c4db at port 46211
2019-06-13 18:18:03,159 INFO  impl.RaftServerProxy (RaftServerProxy.java:lambda$start$3(299)) - 618095e9-96f2-41e3-bd55-a80c2252c4db: start RPC server
2019-06-13 18:18:03,161 INFO  server.GrpcService (GrpcService.java:startImpl(148)) - 618095e9-96f2-41e3-bd55-a80c2252c4db: GrpcService started, listening on 0.0.0.0/0.0.0.0:46211
2019-06-13 18:18:03,449 INFO  ozoneimpl.OzoneContainer (OzoneContainer.java:start(186)) - Attempting to start container services.
2019-06-13 18:18:03,451 INFO  ozoneimpl.OzoneContainer (OzoneContainer.java:startContainerScrub(160)) - Background container scrubber has been disabled by hdds.containerscrub.enabled
2019-06-13 18:18:03,451 INFO  ratis.XceiverServerRatis (XceiverServerRatis.java:start(418)) - Starting XceiverServerRatis 14511b79-4b9d-4b54-b9d9-46d92e6e219c at port 41297
2019-06-13 18:18:03,460 INFO  impl.RaftServerProxy (RaftServerProxy.java:lambda$start$3(299)) - 14511b79-4b9d-4b54-b9d9-46d92e6e219c: start RPC server
2019-06-13 18:18:03,465 INFO  server.GrpcService (GrpcService.java:startImpl(148)) - 14511b79-4b9d-4b54-b9d9-46d92e6e219c: GrpcService started, listening on 0.0.0.0/0.0.0.0:41297
2019-06-13 18:18:03,790 INFO  ozone.MiniOzoneClusterImpl (MiniOzoneClusterImpl.java:lambda$waitForClusterToBeReady$0(142)) - Waiting for cluster to be ready. Got 0 of 6 DN Heartbeats.
2019-06-13 18:18:03,812 INFO  ozoneimpl.OzoneContainer (OzoneContainer.java:start(186)) - Attempting to start container services.
2019-06-13 18:18:03,815 INFO  ozoneimpl.OzoneContainer (OzoneContainer.java:startContainerScrub(160)) - Background container scrubber has been disabled by hdds.containerscrub.enabled
2019-06-13 18:18:03,816 INFO  ratis.XceiverServerRatis (XceiverServerRatis.java:start(418)) - Starting XceiverServerRatis fdd4106f-1900-4b5d-b785-25218f9fb25b at port 40207
2019-06-13 18:18:03,821 INFO  impl.RaftServerProxy (RaftServerProxy.java:lambda$start$3(299)) - fdd4106f-1900-4b5d-b785-25218f9fb25b: start RPC server
2019-06-13 18:18:03,826 INFO  server.GrpcService (GrpcService.java:startImpl(148)) - fdd4106f-1900-4b5d-b785-25218f9fb25b: GrpcService started, listening on 0.0.0.0/0.0.0.0:40207
2019-06-13 18:18:04,036 INFO  node.SCMNodeManager (SCMNodeManager.java:register(234)) - Registered Data node : 184261a9-ea55-45eb-92cb-4107215395d0{ip: 192.168.105.177, host: ozone-pdpn9-622331312, networkLocation: /default-rack, certSerialId: null}
2019-06-13 18:18:04,050 INFO  safemode.SCMSafeModeManager (DataNodeSafeModeRule.java:process(71)) - SCM in safe mode. 1 DataNodes registered, 1 required.
2019-06-13 18:18:04,050 INFO  safemode.SCMSafeModeManager (SCMSafeModeManager.java:validateSafeModeExitRules(177)) - ScmSafeModeManager, all rules are successfully validated
2019-06-13 18:18:04,050 INFO  safemode.SCMSafeModeManager (SCMSafeModeManager.java:exitSafeMode(193)) - SCM exiting safe mode.
2019-06-13 18:18:04,324 INFO  node.SCMNodeManager (SCMNodeManager.java:register(234)) - Registered Data node : bc43a908-1892-43bb-ae4c-d25d758e99ca{ip: 192.168.105.177, host: ozone-pdpn9-622331312, networkLocation: /default-rack, certSerialId: null}
2019-06-13 18:18:04,524 INFO  impl.RaftServerProxy (RaftServerProxy.java:addNew(89)) - 184261a9-ea55-45eb-92cb-4107215395d0: addNew group-DC31EB0E35E3:[184261a9-ea55-45eb-92cb-4107215395d0:192.168.105.177:33337] returns group-DC31EB0E35E3:java.util.concurrent.CompletableFuture@7fcc6c37[Not completed]
2019-06-13 18:18:04,539 INFO  impl.RaftServerImpl (RaftServerImpl.java:<init>(91)) - 184261a9-ea55-45eb-92cb-4107215395d0: new RaftServerImpl for group-DC31EB0E35E3:[184261a9-ea55-45eb-92cb-4107215395d0:192.168.105.177:33337] with ContainerStateMachine:uninitialized
2019-06-13 18:18:04,542 INFO  server.RaftServerConfigKeys (ConfUtils.java:logGet(43)) - raft.server.rpc.timeout.min = 1s (custom)
2019-06-13 18:18:04,543 INFO  server.RaftServerConfigKeys (ConfUtils.java:logGet(43)) - raft.server.rpc.timeout.max = 1200ms (custom)
2019-06-13 18:18:04,543 INFO  server.RaftServerConfigKeys (ConfUtils.java:logGet(43)) - raft.server.rpcslowness.timeout = 10s (custom)
2019-06-13 18:18:04,544 INFO  server.RaftServerConfigKeys (ConfUtils.java:logGet(43)) - raft.server.log.appender.install.snapshot.enabled = true (default)
2019-06-13 18:18:04,550 INFO  impl.RaftServerImpl (ServerState.java:<init>(101)) - 184261a9-ea55-45eb-92cb-4107215395d0:group-DC31EB0E35E3 ConfigurationManager, init=-1: [184261a9-ea55-45eb-92cb-4107215395d0:192.168.105.177:33337], old=null, confs=<EMPTY_MAP>
2019-06-13 18:18:04,550 INFO  server.RaftServerConfigKeys (ConfUtils.java:logGet(43)) - raft.server.storage.dir = [/opt/src/hadoop-ozone/integration-test/target/test-dir/MiniOzoneClusterImpl-43617161-62b0-458b-9588-a60bb81da193/datanode-0/data/ratis] (custom)
2019-06-13 18:18:04,555 INFO  storage.RaftStorageDirectory (RaftStorageDirectory.java:analyzeStorage(246)) - The storage directory /opt/src/hadoop-ozone/integration-test/target/test-dir/MiniOzoneClusterImpl-43617161-62b0-458b-9588-a60bb81da193/datanode-0/data/ratis/0f7d1cfd-70a0-4e8f-ad2c-dc31eb0e35e3 does not exist. Creating ...
2019-06-13 18:18:04,560 INFO  storage.RaftStorageDirectory (RaftStorageDirectory.java:tryLock(328)) - Lock on /opt/src/hadoop-ozone/integration-test/target/test-dir/MiniOzoneClusterImpl-43617161-62b0-458b-9588-a60bb81da193/datanode-0/data/ratis/0f7d1cfd-70a0-4e8f-ad2c-dc31eb0e35e3/in_use.lock acquired by nodename 10385@ozone-pdpn9-622331312
2019-06-13 18:18:04,564 INFO  storage.RaftStorage (RaftStorage.java:format(75)) - Storage directory /opt/src/hadoop-ozone/integration-test/target/test-dir/MiniOzoneClusterImpl-43617161-62b0-458b-9588-a60bb81da193/datanode-0/data/ratis/0f7d1cfd-70a0-4e8f-ad2c-dc31eb0e35e3 has been successfully formatted.
2019-06-13 18:18:04,566 INFO  ratis.ContainerStateMachine (ContainerStateMachine.java:loadSnapshot(199)) - The snapshot info is null.Setting the last applied index to:(t:0, i:~)
2019-06-13 18:18:04,566 INFO  server.RaftServerConfigKeys (ConfUtils.java:logGet(43)) - raft.server.leader.election.timeout = 10s (custom)
2019-06-13 18:18:04,568 INFO  server.RaftServerConfigKeys (ConfUtils.java:logGet(43)) - raft.server.log.use.memory = false (default)
2019-06-13 18:18:04,570 INFO  server.RaftServerConfigKeys (ConfUtils.java:logGet(43)) - raft.server.log.appender.buffer.byte-limit = 33554432 (custom)
2019-06-13 18:18:04,573 INFO  server.RaftServerConfigKeys (ConfUtils.java:logGet(43)) - raft.server.log.segment.size.max = 16384 (custom)
2019-06-13 18:18:04,750 INFO  node.SCMNodeManager (SCMNodeManager.java:register(234)) - Registered Data node : bf2e4153-283c-42c2-a802-8b296c9fd8f9{ip: 192.168.105.177, host: ozone-pdpn9-622331312, networkLocation: /default-rack, certSerialId: null}
2019-06-13 18:18:04,753 INFO  server.RaftServerConfigKeys (ConfUtils.java:logGet(43)) - raft.server.log.segment.cache.num.max = 2 (custom)
2019-06-13 18:18:04,756 INFO  storage.RaftLogWorker (RaftLogWorker.java:<init>(123)) - new 184261a9-ea55-45eb-92cb-4107215395d0-RaftLogWorker for Storage Directory /opt/src/hadoop-ozone/integration-test/target/test-dir/MiniOzoneClusterImpl-43617161-62b0-458b-9588-a60bb81da193/datanode-0/data/ratis/0f7d1cfd-70a0-4e8f-ad2c-dc31eb0e35e3
2019-06-13 18:18:04,761 INFO  server.RaftServerConfigKeys (ConfUtils.java:logGet(43)) - raft.server.log.queue.byte-limit = 2147483647 (custom)
2019-06-13 18:18:04,761 INFO  server.RaftServerConfigKeys (ConfUtils.java:logGet(43)) - raft.server.log.queue.element-limit = 1024 (custom)
2019-06-13 18:18:04,763 INFO  server.RaftServerConfigKeys (ConfUtils.java:logGet(43)) - raft.server.log.segment.size.max = 16384 (custom)
2019-06-13 18:18:04,763 INFO  server.RaftServerConfigKeys (ConfUtils.java:logGet(43)) - raft.server.log.preallocated.size = 16384 (custom)
2019-06-13 18:18:04,763 INFO  server.RaftServerConfigKeys (ConfUtils.java:logGet(43)) - raft.server.log.write.buffer.size = 33554432 (custom)
2019-06-13 18:18:04,764 INFO  server.RaftServerConfigKeys (ConfUtils.java:logGet(43)) - raft.server.log.force.sync.num = 128 (default)
2019-06-13 18:18:04,765 INFO  server.RaftServerConfigKeys (ConfUtils.java:logGet(43)) - raft.server.log.statemachine.data.sync = true (default)
2019-06-13 18:18:04,765 INFO  server.RaftServerConfigKeys (ConfUtils.java:logGet(43)) - raft.server.log.statemachine.data.sync.timeout = 10s (default)
2019-06-13 18:18:04,765 INFO  server.RaftServerConfigKeys (ConfUtils.java:logGet(43)) - raft.server.log.statemachine.data.sync.timeout.retry = -1 (default)
2019-06-13 18:18:04,768 INFO  server.RaftServerConfigKeys (ConfUtils.java:logGet(43)) - raft.server.log.statemachine.data.caching.enabled = true (custom)
2019-06-13 18:18:04,782 INFO  server.RaftServerConfigKeys (ConfUtils.java:logGet(43)) - raft.server.snapshot.auto.trigger.enabled = true (custom)
2019-06-13 18:18:04,791 INFO  ozone.MiniOzoneClusterImpl (MiniOzoneClusterImpl.java:lambda$waitForClusterToBeReady$0(142)) - Waiting for cluster to be ready. Got 3 of 6 DN Heartbeats.
2019-06-13 18:18:04,803 INFO  server.RaftServerConfigKeys (ConfUtils.java:logGet(43)) - raft.server.snapshot.auto.trigger.threshold = 10000 (custom)
2019-06-13 18:18:04,807 INFO  server.RaftServerConfigKeys (ConfUtils.java:logGet(43)) - raft.server.retrycache.expirytime = 600000ms (custom)
2019-06-13 18:18:04,828 INFO  impl.RaftServerImpl (RaftServerImpl.java:start(173)) - 184261a9-ea55-45eb-92cb-4107215395d0: start group-DC31EB0E35E3
2019-06-13 18:18:04,829 INFO  impl.RaftServerImpl (RaftServerImpl.java:setRole(164)) - 184261a9-ea55-45eb-92cb-4107215395d0:group-DC31EB0E35E3 changes role from null to FOLLOWER at term 0 for startAsFollower
2019-06-13 18:18:04,832 INFO  impl.RoleInfo (RoleInfo.java:updateAndGet(143)) - 184261a9-ea55-45eb-92cb-4107215395d0: start FollowerState
2019-06-13 18:18:04,833 INFO  util.JmxRegister (JmxRegister.java:tryRegister(44)) - Successfully registered JMX Bean with object name Ratis:service=RaftServer,group=group-DC31EB0E35E3,id=184261a9-ea55-45eb-92cb-4107215395d0
2019-06-13 18:18:04,930 INFO  pipeline.PipelineStateManager (PipelineStateManager.java:addPipeline(56)) - Created pipeline Pipeline[ Id: 0f7d1cfd-70a0-4e8f-ad2c-dc31eb0e35e3, Nodes: 184261a9-ea55-45eb-92cb-4107215395d0{ip: 192.168.105.177, host: ozone-pdpn9-622331312, networkLocation: /default-rack, certSerialId: null}, Type:RATIS, Factor:ONE, State:OPEN]
2019-06-13 18:18:04,973 INFO  impl.RaftServerProxy (RaftServerProxy.java:addNew(89)) - bc43a908-1892-43bb-ae4c-d25d758e99ca: addNew group-79B89D715FC7:[bc43a908-1892-43bb-ae4c-d25d758e99ca:192.168.105.177:38615] returns group-79B89D715FC7:java.util.concurrent.CompletableFuture@32233ea9[Not completed]
2019-06-13 18:18:04,975 INFO  impl.RaftServerImpl (RaftServerImpl.java:<init>(91)) - bc43a908-1892-43bb-ae4c-d25d758e99ca: new RaftServerImpl for group-79B89D715FC7:[bc43a908-1892-43bb-ae4c-d25d758e99ca:192.168.105.177:38615] with ContainerStateMachine:uninitialized
2019-06-13 18:18:04,986 INFO  server.RaftServerConfigKeys (ConfUtils.java:logGet(43)) - raft.server.rpc.timeout.min = 1s (custom)
2019-06-13 18:18:04,986 INFO  server.RaftServerConfigKeys (ConfUtils.java:logGet(43)) - raft.server.rpc.timeout.max = 1200ms (custom)
2019-06-13 18:18:04,986 INFO  server.RaftServerConfigKeys (ConfUtils.java:logGet(43)) - raft.server.rpcslowness.timeout = 10s (custom)
2019-06-13 18:18:04,986 INFO  server.RaftServerConfigKeys (ConfUtils.java:logGet(43)) - raft.server.log.appender.install.snapshot.enabled = true (default)
2019-06-13 18:18:04,986 INFO  impl.RaftServerImpl (ServerState.java:<init>(101)) - bc43a908-1892-43bb-ae4c-d25d758e99ca:group-79B89D715FC7 ConfigurationManager, init=-1: [bc43a908-1892-43bb-ae4c-d25d758e99ca:192.168.105.177:38615], old=null, confs=<EMPTY_MAP>
2019-06-13 18:18:04,986 INFO  server.RaftServerConfigKeys (ConfUtils.java:logGet(43)) - raft.server.storage.dir = [/opt/src/hadoop-ozone/integration-test/target/test-dir/MiniOzoneClusterImpl-43617161-62b0-458b-9588-a60bb81da193/datanode-1/data/ratis] (custom)
2019-06-13 18:18:04,987 INFO  storage.RaftStorageDirectory (RaftStorageDirectory.java:analyzeStorage(246)) - The storage directory /opt/src/hadoop-ozone/integration-test/target/test-dir/MiniOzoneClusterImpl-43617161-62b0-458b-9588-a60bb81da193/datanode-1/data/ratis/15f713fe-5904-43a3-b54c-79b89d715fc7 does not exist. Creating ...
2019-06-13 18:18:04,995 INFO  storage.RaftStorageDirectory (RaftStorageDirectory.java:tryLock(328)) - Lock on /opt/src/hadoop-ozone/integration-test/target/test-dir/MiniOzoneClusterImpl-43617161-62b0-458b-9588-a60bb81da193/datanode-1/data/ratis/15f713fe-5904-43a3-b54c-79b89d715fc7/in_use.lock acquired by nodename 10385@ozone-pdpn9-622331312
2019-06-13 18:18:04,998 INFO  storage.RaftStorage (RaftStorage.java:format(75)) - Storage directory /opt/src/hadoop-ozone/integration-test/target/test-dir/MiniOzoneClusterImpl-43617161-62b0-458b-9588-a60bb81da193/datanode-1/data/ratis/15f713fe-5904-43a3-b54c-79b89d715fc7 has been successfully formatted.
2019-06-13 18:18:04,998 INFO  ratis.ContainerStateMachine (ContainerStateMachine.java:loadSnapshot(199)) - The snapshot info is null.Setting the last applied index to:(t:0, i:~)
2019-06-13 18:18:04,998 INFO  server.RaftServerConfigKeys (ConfUtils.java:logGet(43)) - raft.server.leader.election.timeout = 10s (custom)
2019-06-13 18:18:04,998 INFO  server.RaftServerConfigKeys (ConfUtils.java:logGet(43)) - raft.server.log.use.memory = false (default)
2019-06-13 18:18:04,998 INFO  server.RaftServerConfigKeys (ConfUtils.java:logGet(43)) - raft.server.log.appender.buffer.byte-limit = 33554432 (custom)
2019-06-13 18:18:04,999 INFO  server.RaftServerConfigKeys (ConfUtils.java:logGet(43)) - raft.server.log.segment.size.max = 16384 (custom)
2019-06-13 18:18:04,999 INFO  server.RaftServerConfigKeys (ConfUtils.java:logGet(43)) - raft.server.log.segment.cache.num.max = 2 (custom)
2019-06-13 18:18:04,999 INFO  storage.RaftLogWorker (RaftLogWorker.java:<init>(123)) - new bc43a908-1892-43bb-ae4c-d25d758e99ca-RaftLogWorker for Storage Directory /opt/src/hadoop-ozone/integration-test/target/test-dir/MiniOzoneClusterImpl-43617161-62b0-458b-9588-a60bb81da193/datanode-1/data/ratis/15f713fe-5904-43a3-b54c-79b89d715fc7
2019-06-13 18:18:05,002 INFO  server.RaftServerConfigKeys (ConfUtils.java:logGet(43)) - raft.server.log.queue.byte-limit = 2147483647 (custom)
2019-06-13 18:18:05,003 INFO  server.RaftServerConfigKeys (ConfUtils.java:logGet(43)) - raft.server.log.queue.element-limit = 1024 (custom)
2019-06-13 18:18:05,003 INFO  server.RaftServerConfigKeys (ConfUtils.java:logGet(43)) - raft.server.log.segment.size.max = 16384 (custom)
2019-06-13 18:18:05,003 INFO  server.RaftServerConfigKeys (ConfUtils.java:logGet(43)) - raft.server.log.preallocated.size = 16384 (custom)
2019-06-13 18:18:05,003 INFO  server.RaftServerConfigKeys (ConfUtils.java:logGet(43)) - raft.server.log.write.buffer.size = 33554432 (custom)
2019-06-13 18:18:05,003 INFO  server.RaftServerConfigKeys (ConfUtils.java:logGet(43)) - raft.server.log.force.sync.num = 128 (default)
2019-06-13 18:18:05,004 INFO  server.RaftServerConfigKeys (ConfUtils.java:logGet(43)) - raft.server.log.statemachine.data.sync = true (default)
2019-06-13 18:18:05,004 INFO  server.RaftServerConfigKeys (ConfUtils.java:logGet(43)) - raft.server.log.statemachine.data.sync.timeout = 10s (default)
2019-06-13 18:18:05,004 INFO  server.RaftServerConfigKeys (ConfUtils.java:logGet(43)) - raft.server.log.statemachine.data.sync.timeout.retry = -1 (default)
2019-06-13 18:18:05,004 INFO  server.RaftServerConfigKeys (ConfUtils.java:logGet(43)) - raft.server.log.statemachine.data.caching.enabled = true (custom)
2019-06-13 18:18:05,005 INFO  server.RaftServerConfigKeys (ConfUtils.java:logGet(43)) - raft.server.snapshot.auto.trigger.enabled = true (custom)
2019-06-13 18:18:05,006 INFO  server.RaftServerConfigKeys (ConfUtils.java:logGet(43)) - raft.server.snapshot.auto.trigger.threshold = 10000 (custom)
2019-06-13 18:18:05,006 INFO  server.RaftServerConfigKeys (ConfUtils.java:logGet(43)) - raft.server.retrycache.expirytime = 600000ms (custom)
2019-06-13 18:18:05,006 INFO  impl.RaftServerImpl (RaftServerImpl.java:start(173)) - bc43a908-1892-43bb-ae4c-d25d758e99ca: start group-79B89D715FC7
2019-06-13 18:18:05,006 INFO  impl.RaftServerImpl (RaftServerImpl.java:setRole(164)) - bc43a908-1892-43bb-ae4c-d25d758e99ca:group-79B89D715FC7 changes role from null to FOLLOWER at term 0 for startAsFollower
2019-06-13 18:18:05,006 INFO  impl.RoleInfo (RoleInfo.java:updateAndGet(143)) - bc43a908-1892-43bb-ae4c-d25d758e99ca: start FollowerState
2019-06-13 18:18:05,009 INFO  util.JmxRegister (JmxRegister.java:tryRegister(44)) - Successfully registered JMX Bean with object name Ratis:service=RaftServer,group=group-79B89D715FC7,id=bc43a908-1892-43bb-ae4c-d25d758e99ca
2019-06-13 18:18:05,051 INFO  pipeline.PipelineStateManager (PipelineStateManager.java:addPipeline(56)) - Created pipeline Pipeline[ Id: 15f713fe-5904-43a3-b54c-79b89d715fc7, Nodes: bc43a908-1892-43bb-ae4c-d25d758e99ca{ip: 192.168.105.177, host: ozone-pdpn9-622331312, networkLocation: /default-rack, certSerialId: null}, Type:RATIS, Factor:ONE, State:OPEN]
2019-06-13 18:18:05,075 INFO  impl.RaftServerProxy (RaftServerProxy.java:addNew(89)) - bf2e4153-283c-42c2-a802-8b296c9fd8f9: addNew group-39986954F647:[bf2e4153-283c-42c2-a802-8b296c9fd8f9:192.168.105.177:42291] returns group-39986954F647:java.util.concurrent.CompletableFuture@843c7c3[Not completed]
2019-06-13 18:18:05,116 INFO  impl.RaftServerImpl (RaftServerImpl.java:<init>(91)) - bf2e4153-283c-42c2-a802-8b296c9fd8f9: new RaftServerImpl for group-39986954F647:[bf2e4153-283c-42c2-a802-8b296c9fd8f9:192.168.105.177:42291] with ContainerStateMachine:uninitialized
2019-06-13 18:18:05,117 INFO  server.RaftServerConfigKeys (ConfUtils.java:logGet(43)) - raft.server.rpc.timeout.min = 1s (custom)
2019-06-13 18:18:05,117 INFO  server.RaftServerConfigKeys (ConfUtils.java:logGet(43)) - raft.server.rpc.timeout.max = 1200ms (custom)
2019-06-13 18:18:05,117 INFO  server.RaftServerConfigKeys (ConfUtils.java:logGet(43)) - raft.server.rpcslowness.timeout = 10s (custom)
2019-06-13 18:18:05,117 INFO  server.RaftServerConfigKeys (ConfUtils.java:logGet(43)) - raft.server.log.appender.install.snapshot.enabled = true (default)
2019-06-13 18:18:05,117 INFO  impl.RaftServerImpl (ServerState.java:<init>(101)) - bf2e4153-283c-42c2-a802-8b296c9fd8f9:group-39986954F647 ConfigurationManager, init=-1: [bf2e4153-283c-42c2-a802-8b296c9fd8f9:192.168.105.177:42291], old=null, confs=<EMPTY_MAP>
2019-06-13 18:18:05,117 INFO  server.RaftServerConfigKeys (ConfUtils.java:logGet(43)) - raft.server.storage.dir = [/opt/src/hadoop-ozone/integration-test/target/test-dir/MiniOzoneClusterImpl-43617161-62b0-458b-9588-a60bb81da193/datanode-2/data/ratis] (custom)
2019-06-13 18:18:05,118 INFO  storage.RaftStorageDirectory (RaftStorageDirectory.java:analyzeStorage(246)) - The storage directory /opt/src/hadoop-ozone/integration-test/target/test-dir/MiniOzoneClusterImpl-43617161-62b0-458b-9588-a60bb81da193/datanode-2/data/ratis/dc30e24f-b687-49dd-8fc2-39986954f647 does not exist. Creating ...
2019-06-13 18:18:05,132 INFO  storage.RaftStorageDirectory (RaftStorageDirectory.java:tryLock(328)) - Lock on /opt/src/hadoop-ozone/integration-test/target/test-dir/MiniOzoneClusterImpl-43617161-62b0-458b-9588-a60bb81da193/datanode-2/data/ratis/dc30e24f-b687-49dd-8fc2-39986954f647/in_use.lock acquired by nodename 10385@ozone-pdpn9-622331312
2019-06-13 18:18:05,135 INFO  storage.RaftStorage (RaftStorage.java:format(75)) - Storage directory /opt/src/hadoop-ozone/integration-test/target/test-dir/MiniOzoneClusterImpl-43617161-62b0-458b-9588-a60bb81da193/datanode-2/data/ratis/dc30e24f-b687-49dd-8fc2-39986954f647 has been successfully formatted.
2019-06-13 18:18:05,137 INFO  ratis.ContainerStateMachine (ContainerStateMachine.java:loadSnapshot(199)) - The snapshot info is null.Setting the last applied index to:(t:0, i:~)
2019-06-13 18:18:05,138 INFO  server.RaftServerConfigKeys (ConfUtils.java:logGet(43)) - raft.server.leader.election.timeout = 10s (custom)
2019-06-13 18:18:05,138 INFO  server.RaftServerConfigKeys (ConfUtils.java:logGet(43)) - raft.server.log.use.memory = false (default)
2019-06-13 18:18:05,139 INFO  server.RaftServerConfigKeys (ConfUtils.java:logGet(43)) - raft.server.log.appender.buffer.byte-limit = 33554432 (custom)
2019-06-13 18:18:05,139 INFO  server.RaftServerConfigKeys (ConfUtils.java:logGet(43)) - raft.server.log.segment.size.max = 16384 (custom)
2019-06-13 18:18:05,139 INFO  server.RaftServerConfigKeys (ConfUtils.java:logGet(43)) - raft.server.log.segment.cache.num.max = 2 (custom)
2019-06-13 18:18:05,139 INFO  storage.RaftLogWorker (RaftLogWorker.java:<init>(123)) - new bf2e4153-283c-42c2-a802-8b296c9fd8f9-RaftLogWorker for Storage Directory /opt/src/hadoop-ozone/integration-test/target/test-dir/MiniOzoneClusterImpl-43617161-62b0-458b-9588-a60bb81da193/datanode-2/data/ratis/dc30e24f-b687-49dd-8fc2-39986954f647
2019-06-13 18:18:05,139 INFO  server.RaftServerConfigKeys (ConfUtils.java:logGet(43)) - raft.server.log.queue.byte-limit = 2147483647 (custom)
2019-06-13 18:18:05,139 INFO  server.RaftServerConfigKeys (ConfUtils.java:logGet(43)) - raft.server.log.queue.element-limit = 1024 (custom)
2019-06-13 18:18:05,139 INFO  server.RaftServerConfigKeys (ConfUtils.java:logGet(43)) - raft.server.log.segment.size.max = 16384 (custom)
2019-06-13 18:18:05,139 INFO  server.RaftServerConfigKeys (ConfUtils.java:logGet(43)) - raft.server.log.preallocated.size = 16384 (custom)
2019-06-13 18:18:05,139 INFO  server.RaftServerConfigKeys (ConfUtils.java:logGet(43)) - raft.server.log.write.buffer.size = 33554432 (custom)
2019-06-13 18:18:05,140 INFO  server.RaftServerConfigKeys (ConfUtils.java:logGet(43)) - raft.server.log.force.sync.num = 128 (default)
2019-06-13 18:18:05,140 INFO  server.RaftServerConfigKeys (ConfUtils.java:logGet(43)) - raft.server.log.statemachine.data.sync = true (default)
2019-06-13 18:18:05,140 INFO  server.RaftServerConfigKeys (ConfUtils.java:logGet(43)) - raft.server.log.statemachine.data.sync.timeout = 10s (default)
2019-06-13 18:18:05,140 INFO  server.RaftServerConfigKeys (ConfUtils.java:logGet(43)) - raft.server.log.statemachine.data.sync.timeout.retry = -1 (default)
2019-06-13 18:18:05,140 INFO  server.RaftServerConfigKeys (ConfUtils.java:logGet(43)) - raft.server.log.statemachine.data.caching.enabled = true (custom)
2019-06-13 18:18:05,141 INFO  server.RaftServerConfigKeys (ConfUtils.java:logGet(43)) - raft.server.snapshot.auto.trigger.enabled = true (custom)
2019-06-13 18:18:05,142 INFO  server.RaftServerConfigKeys (ConfUtils.java:logGet(43)) - raft.server.snapshot.auto.trigger.threshold = 10000 (custom)
2019-06-13 18:18:05,142 INFO  server.RaftServerConfigKeys (ConfUtils.java:logGet(43)) - raft.server.retrycache.expirytime = 600000ms (custom)
2019-06-13 18:18:05,142 INFO  impl.RaftServerImpl (RaftServerImpl.java:start(173)) - bf2e4153-283c-42c2-a802-8b296c9fd8f9: start group-39986954F647
2019-06-13 18:18:05,142 INFO  impl.RaftServerImpl (RaftServerImpl.java:setRole(164)) - bf2e4153-283c-42c2-a802-8b296c9fd8f9:group-39986954F647 changes role from null to FOLLOWER at term 0 for startAsFollower
2019-06-13 18:18:05,142 INFO  impl.RoleInfo (RoleInfo.java:updateAndGet(143)) - bf2e4153-283c-42c2-a802-8b296c9fd8f9: start FollowerState
2019-06-13 18:18:05,149 INFO  util.JmxRegister (JmxRegister.java:tryRegister(44)) - Successfully registered JMX Bean with object name Ratis:service=RaftServer,group=group-39986954F647,id=bf2e4153-283c-42c2-a802-8b296c9fd8f9
2019-06-13 18:18:05,166 INFO  node.SCMNodeManager (SCMNodeManager.java:register(234)) - Registered Data node : 618095e9-96f2-41e3-bd55-a80c2252c4db{ip: 192.168.105.177, host: ozone-pdpn9-622331312, networkLocation: /default-rack, certSerialId: null}
2019-06-13 18:18:05,194 INFO  pipeline.PipelineStateManager (PipelineStateManager.java:addPipeline(56)) - Created pipeline Pipeline[ Id: dc30e24f-b687-49dd-8fc2-39986954f647, Nodes: bf2e4153-283c-42c2-a802-8b296c9fd8f9{ip: 192.168.105.177, host: ozone-pdpn9-622331312, networkLocation: /default-rack, certSerialId: null}, Type:RATIS, Factor:ONE, State:OPEN]
2019-06-13 18:18:05,249 INFO  impl.RaftServerProxy (RaftServerProxy.java:addNew(89)) - 618095e9-96f2-41e3-bd55-a80c2252c4db: addNew group-A809D27DD31A:[618095e9-96f2-41e3-bd55-a80c2252c4db:192.168.105.177:46211] returns group-A809D27DD31A:java.util.concurrent.CompletableFuture@2d8febaa[Not completed]
2019-06-13 18:18:05,258 INFO  impl.RaftServerImpl (RaftServerImpl.java:<init>(91)) - 618095e9-96f2-41e3-bd55-a80c2252c4db: new RaftServerImpl for group-A809D27DD31A:[618095e9-96f2-41e3-bd55-a80c2252c4db:192.168.105.177:46211] with ContainerStateMachine:uninitialized
2019-06-13 18:18:05,258 INFO  server.RaftServerConfigKeys (ConfUtils.java:logGet(43)) - raft.server.rpc.timeout.min = 1s (custom)
2019-06-13 18:18:05,258 INFO  server.RaftServerConfigKeys (ConfUtils.java:logGet(43)) - raft.server.rpc.timeout.max = 1200ms (custom)
2019-06-13 18:18:05,258 INFO  server.RaftServerConfigKeys (ConfUtils.java:logGet(43)) - raft.server.rpcslowness.timeout = 10s (custom)
2019-06-13 18:18:05,258 INFO  server.RaftServerConfigKeys (ConfUtils.java:logGet(43)) - raft.server.log.appender.install.snapshot.enabled = true (default)
2019-06-13 18:18:05,258 INFO  impl.RaftServerImpl (ServerState.java:<init>(101)) - 618095e9-96f2-41e3-bd55-a80c2252c4db:group-A809D27DD31A ConfigurationManager, init=-1: [618095e9-96f2-41e3-bd55-a80c2252c4db:192.168.105.177:46211], old=null, confs=<EMPTY_MAP>
2019-06-13 18:18:05,258 INFO  server.RaftServerConfigKeys (ConfUtils.java:logGet(43)) - raft.server.storage.dir = [/opt/src/hadoop-ozone/integration-test/target/test-dir/MiniOzoneClusterImpl-43617161-62b0-458b-9588-a60bb81da193/datanode-3/data/ratis] (custom)
2019-06-13 18:18:05,259 INFO  storage.RaftStorageDirectory (RaftStorageDirectory.java:analyzeStorage(246)) - The storage directory /opt/src/hadoop-ozone/integration-test/target/test-dir/MiniOzoneClusterImpl-43617161-62b0-458b-9588-a60bb81da193/datanode-3/data/ratis/d211e0e9-1419-4418-bef7-a809d27dd31a does not exist. Creating ...
2019-06-13 18:18:05,261 INFO  storage.RaftStorageDirectory (RaftStorageDirectory.java:tryLock(328)) - Lock on /opt/src/hadoop-ozone/integration-test/target/test-dir/MiniOzoneClusterImpl-43617161-62b0-458b-9588-a60bb81da193/datanode-3/data/ratis/d211e0e9-1419-4418-bef7-a809d27dd31a/in_use.lock acquired by nodename 10385@ozone-pdpn9-622331312
2019-06-13 18:18:05,263 INFO  storage.RaftStorage (RaftStorage.java:format(75)) - Storage directory /opt/src/hadoop-ozone/integration-test/target/test-dir/MiniOzoneClusterImpl-43617161-62b0-458b-9588-a60bb81da193/datanode-3/data/ratis/d211e0e9-1419-4418-bef7-a809d27dd31a has been successfully formatted.
2019-06-13 18:18:05,264 INFO  ratis.ContainerStateMachine (ContainerStateMachine.java:loadSnapshot(199)) - The snapshot info is null.Setting the last applied index to:(t:0, i:~)
2019-06-13 18:18:05,264 INFO  server.RaftServerConfigKeys (ConfUtils.java:logGet(43)) - raft.server.leader.election.timeout = 10s (custom)
2019-06-13 18:18:05,264 INFO  server.RaftServerConfigKeys (ConfUtils.java:logGet(43)) - raft.server.log.use.memory = false (default)
2019-06-13 18:18:05,264 INFO  server.RaftServerConfigKeys (ConfUtils.java:logGet(43)) - raft.server.log.appender.buffer.byte-limit = 33554432 (custom)
2019-06-13 18:18:05,264 INFO  server.RaftServerConfigKeys (ConfUtils.java:logGet(43)) - raft.server.log.segment.size.max = 16384 (custom)
2019-06-13 18:18:05,264 INFO  server.RaftServerConfigKeys (ConfUtils.java:logGet(43)) - raft.server.log.segment.cache.num.max = 2 (custom)
2019-06-13 18:18:05,264 INFO  storage.RaftLogWorker (RaftLogWorker.java:<init>(123)) - new 618095e9-96f2-41e3-bd55-a80c2252c4db-RaftLogWorker for Storage Directory /opt/src/hadoop-ozone/integration-test/target/test-dir/MiniOzoneClusterImpl-43617161-62b0-458b-9588-a60bb81da193/datanode-3/data/ratis/d211e0e9-1419-4418-bef7-a809d27dd31a
2019-06-13 18:18:05,264 INFO  server.RaftServerConfigKeys (ConfUtils.java:logGet(43)) - raft.server.log.queue.byte-limit = 2147483647 (custom)
2019-06-13 18:18:05,264 INFO  server.RaftServerConfigKeys (ConfUtils.java:logGet(43)) - raft.server.log.queue.element-limit = 1024 (custom)
2019-06-13 18:18:05,264 INFO  server.RaftServerConfigKeys (ConfUtils.java:logGet(43)) - raft.server.log.segment.size.max = 16384 (custom)
2019-06-13 18:18:05,264 INFO  server.RaftServerConfigKeys (ConfUtils.java:logGet(43)) - raft.server.log.preallocated.size = 16384 (custom)
2019-06-13 18:18:05,265 INFO  server.RaftServerConfigKeys (ConfUtils.java:logGet(43)) - raft.server.log.write.buffer.size = 33554432 (custom)
2019-06-13 18:18:05,265 INFO  server.RaftServerConfigKeys (ConfUtils.java:logGet(43)) - raft.server.log.force.sync.num = 128 (default)
2019-06-13 18:18:05,265 INFO  server.RaftServerConfigKeys (ConfUtils.java:logGet(43)) - raft.server.log.statemachine.data.sync = true (default)
2019-06-13 18:18:05,265 INFO  server.RaftServerConfigKeys (ConfUtils.java:logGet(43)) - raft.server.log.statemachine.data.sync.timeout = 10s (default)
2019-06-13 18:18:05,265 INFO  server.RaftServerConfigKeys (ConfUtils.java:logGet(43)) - raft.server.log.statemachine.data.sync.timeout.retry = -1 (default)
2019-06-13 18:18:05,265 INFO  server.RaftServerConfigKeys (ConfUtils.java:logGet(43)) - raft.server.log.statemachine.data.caching.enabled = true (custom)
2019-06-13 18:18:05,265 INFO  server.RaftServerConfigKeys (ConfUtils.java:logGet(43)) - raft.server.snapshot.auto.trigger.enabled = true (custom)
2019-06-13 18:18:05,265 INFO  server.RaftServerConfigKeys (ConfUtils.java:logGet(43)) - raft.server.snapshot.auto.trigger.threshold = 10000 (custom)
2019-06-13 18:18:05,266 INFO  server.RaftServerConfigKeys (ConfUtils.java:logGet(43)) - raft.server.retrycache.expirytime = 600000ms (custom)
2019-06-13 18:18:05,266 INFO  impl.RaftServerImpl (RaftServerImpl.java:start(173)) - 618095e9-96f2-41e3-bd55-a80c2252c4db: start group-A809D27DD31A
2019-06-13 18:18:05,266 INFO  impl.RaftServerImpl (RaftServerImpl.java:setRole(164)) - 618095e9-96f2-41e3-bd55-a80c2252c4db:group-A809D27DD31A changes role from null to FOLLOWER at term 0 for startAsFollower
2019-06-13 18:18:05,266 INFO  impl.RoleInfo (RoleInfo.java:updateAndGet(143)) - 618095e9-96f2-41e3-bd55-a80c2252c4db: start FollowerState
2019-06-13 18:18:05,266 INFO  util.JmxRegister (JmxRegister.java:tryRegister(44)) - Successfully registered JMX Bean with object name Ratis:service=RaftServer,group=group-A809D27DD31A,id=618095e9-96f2-41e3-bd55-a80c2252c4db
2019-06-13 18:18:05,273 INFO  pipeline.PipelineStateManager (PipelineStateManager.java:addPipeline(56)) - Created pipeline Pipeline[ Id: d211e0e9-1419-4418-bef7-a809d27dd31a, Nodes: 618095e9-96f2-41e3-bd55-a80c2252c4db{ip: 192.168.105.177, host: ozone-pdpn9-622331312, networkLocation: /default-rack, certSerialId: null}, Type:RATIS, Factor:ONE, State:OPEN]
2019-06-13 18:18:05,301 INFO  impl.RaftServerProxy (RaftServerProxy.java:addNew(89)) - 618095e9-96f2-41e3-bd55-a80c2252c4db: addNew group-BAB86863214F:[184261a9-ea55-45eb-92cb-4107215395d0:192.168.105.177:33337, 618095e9-96f2-41e3-bd55-a80c2252c4db:192.168.105.177:46211, bc43a908-1892-43bb-ae4c-d25d758e99ca:192.168.105.177:38615] returns group-BAB86863214F:java.util.concurrent.CompletableFuture@6d1dd1b[Not completed]
2019-06-13 18:18:05,302 INFO  impl.RaftServerImpl (RaftServerImpl.java:<init>(91)) - 618095e9-96f2-41e3-bd55-a80c2252c4db: new RaftServerImpl for group-BAB86863214F:[184261a9-ea55-45eb-92cb-4107215395d0:192.168.105.177:33337, 618095e9-96f2-41e3-bd55-a80c2252c4db:192.168.105.177:46211, bc43a908-1892-43bb-ae4c-d25d758e99ca:192.168.105.177:38615] with ContainerStateMachine:uninitialized
2019-06-13 18:18:05,302 INFO  server.RaftServerConfigKeys (ConfUtils.java:logGet(43)) - raft.server.rpc.timeout.min = 1s (custom)
2019-06-13 18:18:05,303 INFO  server.RaftServerConfigKeys (ConfUtils.java:logGet(43)) - raft.server.rpc.timeout.max = 1200ms (custom)
2019-06-13 18:18:05,303 INFO  server.RaftServerConfigKeys (ConfUtils.java:logGet(43)) - raft.server.rpcslowness.timeout = 10s (custom)
2019-06-13 18:18:05,303 INFO  server.RaftServerConfigKeys (ConfUtils.java:logGet(43)) - raft.server.log.appender.install.snapshot.enabled = true (default)
2019-06-13 18:18:05,303 INFO  impl.RaftServerImpl (ServerState.java:<init>(101)) - 618095e9-96f2-41e3-bd55-a80c2252c4db:group-BAB86863214F ConfigurationManager, init=-1: [184261a9-ea55-45eb-92cb-4107215395d0:192.168.105.177:33337, 618095e9-96f2-41e3-bd55-a80c2252c4db:192.168.105.177:46211, bc43a908-1892-43bb-ae4c-d25d758e99ca:192.168.105.177:38615], old=null, confs=<EMPTY_MAP>
2019-06-13 18:18:05,303 INFO  server.RaftServerConfigKeys (ConfUtils.java:logGet(43)) - raft.server.storage.dir = [/opt/src/hadoop-ozone/integration-test/target/test-dir/MiniOzoneClusterImpl-43617161-62b0-458b-9588-a60bb81da193/datanode-3/data/ratis] (custom)
2019-06-13 18:18:05,303 INFO  storage.RaftStorageDirectory (RaftStorageDirectory.java:analyzeStorage(246)) - The storage directory /opt/src/hadoop-ozone/integration-test/target/test-dir/MiniOzoneClusterImpl-43617161-62b0-458b-9588-a60bb81da193/datanode-3/data/ratis/463faafc-65d4-408a-a117-bab86863214f does not exist. Creating ...
2019-06-13 18:18:05,309 INFO  storage.RaftStorageDirectory (RaftStorageDirectory.java:tryLock(328)) - Lock on /opt/src/hadoop-ozone/integration-test/target/test-dir/MiniOzoneClusterImpl-43617161-62b0-458b-9588-a60bb81da193/datanode-3/data/ratis/463faafc-65d4-408a-a117-bab86863214f/in_use.lock acquired by nodename 10385@ozone-pdpn9-622331312
2019-06-13 18:18:05,310 INFO  impl.RaftServerProxy (RaftServerProxy.java:addNew(89)) - 184261a9-ea55-45eb-92cb-4107215395d0: addNew group-BAB86863214F:[184261a9-ea55-45eb-92cb-4107215395d0:192.168.105.177:33337, 618095e9-96f2-41e3-bd55-a80c2252c4db:192.168.105.177:46211, bc43a908-1892-43bb-ae4c-d25d758e99ca:192.168.105.177:38615] returns group-BAB86863214F:java.util.concurrent.CompletableFuture@2ee4919[Not completed]
2019-06-13 18:18:05,311 INFO  storage.RaftStorage (RaftStorage.java:format(75)) - Storage directory /opt/src/hadoop-ozone/integration-test/target/test-dir/MiniOzoneClusterImpl-43617161-62b0-458b-9588-a60bb81da193/datanode-3/data/ratis/463faafc-65d4-408a-a117-bab86863214f has been successfully formatted.
2019-06-13 18:18:05,311 INFO  ratis.ContainerStateMachine (ContainerStateMachine.java:loadSnapshot(199)) - The snapshot info is null.Setting the last applied index to:(t:0, i:~)
2019-06-13 18:18:05,311 INFO  server.RaftServerConfigKeys (ConfUtils.java:logGet(43)) - raft.server.leader.election.timeout = 10s (custom)
2019-06-13 18:18:05,311 INFO  server.RaftServerConfigKeys (ConfUtils.java:logGet(43)) - raft.server.log.use.memory = false (default)
2019-06-13 18:18:05,311 INFO  server.RaftServerConfigKeys (ConfUtils.java:logGet(43)) - raft.server.log.appender.buffer.byte-limit = 33554432 (custom)
2019-06-13 18:18:05,312 INFO  server.RaftServerConfigKeys (ConfUtils.java:logGet(43)) - raft.server.log.segment.size.max = 16384 (custom)
2019-06-13 18:18:05,312 INFO  server.RaftServerConfigKeys (ConfUtils.java:logGet(43)) - raft.server.log.segment.cache.num.max = 2 (custom)
2019-06-13 18:18:05,312 INFO  storage.RaftLogWorker (RaftLogWorker.java:<init>(123)) - new 618095e9-96f2-41e3-bd55-a80c2252c4db-RaftLogWorker for Storage Directory /opt/src/hadoop-ozone/integration-test/target/test-dir/MiniOzoneClusterImpl-43617161-62b0-458b-9588-a60bb81da193/datanode-3/data/ratis/463faafc-65d4-408a-a117-bab86863214f
2019-06-13 18:18:05,312 INFO  server.RaftServerConfigKeys (ConfUtils.java:logGet(43)) - raft.server.log.queue.byte-limit = 2147483647 (custom)
2019-06-13 18:18:05,312 INFO  server.RaftServerConfigKeys (ConfUtils.java:logGet(43)) - raft.server.log.queue.element-limit = 1024 (custom)
2019-06-13 18:18:05,312 INFO  server.RaftServerConfigKeys (ConfUtils.java:logGet(43)) - raft.server.log.segment.size.max = 16384 (custom)
2019-06-13 18:18:05,312 INFO  server.RaftServerConfigKeys (ConfUtils.java:logGet(43)) - raft.server.log.preallocated.size = 16384 (custom)
2019-06-13 18:18:05,312 INFO  server.RaftServerConfigKeys (ConfUtils.java:logGet(43)) - raft.server.log.write.buffer.size = 33554432 (custom)
2019-06-13 18:18:05,312 INFO  server.RaftServerConfigKeys (ConfUtils.java:logGet(43)) - raft.server.log.force.sync.num = 128 (default)
2019-06-13 18:18:05,312 INFO  server.RaftServerConfigKeys (ConfUtils.java:logGet(43)) - raft.server.log.statemachine.data.sync = true (default)
2019-06-13 18:18:05,313 INFO  server.RaftServerConfigKeys (ConfUtils.java:logGet(43)) - raft.server.log.statemachine.data.sync.timeout = 10s (default)
2019-06-13 18:18:05,313 INFO  server.RaftServerConfigKeys (ConfUtils.java:logGet(43)) - raft.server.log.statemachine.data.sync.timeout.retry = -1 (default)
2019-06-13 18:18:05,313 INFO  server.RaftServerConfigKeys (ConfUtils.java:logGet(43)) - raft.server.log.statemachine.data.caching.enabled = true (custom)
2019-06-13 18:18:05,313 INFO  server.RaftServerConfigKeys (ConfUtils.java:logGet(43)) - raft.server.snapshot.auto.trigger.enabled = true (custom)
2019-06-13 18:18:05,313 INFO  server.RaftServerConfigKeys (ConfUtils.java:logGet(43)) - raft.server.snapshot.auto.trigger.threshold = 10000 (custom)
2019-06-13 18:18:05,314 INFO  server.RaftServerConfigKeys (ConfUtils.java:logGet(43)) - raft.server.retrycache.expirytime = 600000ms (custom)
2019-06-13 18:18:05,314 INFO  impl.RaftServerImpl (RaftServerImpl.java:<init>(91)) - 184261a9-ea55-45eb-92cb-4107215395d0: new RaftServerImpl for group-BAB86863214F:[184261a9-ea55-45eb-92cb-4107215395d0:192.168.105.177:33337, 618095e9-96f2-41e3-bd55-a80c2252c4db:192.168.105.177:46211, bc43a908-1892-43bb-ae4c-d25d758e99ca:192.168.105.177:38615] with ContainerStateMachine:uninitialized
2019-06-13 18:18:05,314 INFO  server.RaftServerConfigKeys (ConfUtils.java:logGet(43)) - raft.server.rpc.timeout.min = 1s (custom)
2019-06-13 18:18:05,314 INFO  server.RaftServerConfigKeys (ConfUtils.java:logGet(43)) - raft.server.rpc.timeout.max = 1200ms (custom)
2019-06-13 18:18:05,314 INFO  server.RaftServerConfigKeys (ConfUtils.java:logGet(43)) - raft.server.rpcslowness.timeout = 10s (custom)
2019-06-13 18:18:05,314 INFO  server.RaftServerConfigKeys (ConfUtils.java:logGet(43)) - raft.server.log.appender.install.snapshot.enabled = true (default)
2019-06-13 18:18:05,314 INFO  impl.RaftServerImpl (RaftServerImpl.java:start(173)) - 618095e9-96f2-41e3-bd55-a80c2252c4db: start group-BAB86863214F
2019-06-13 18:18:05,314 INFO  impl.RaftServerImpl (ServerState.java:<init>(101)) - 184261a9-ea55-45eb-92cb-4107215395d0:group-BAB86863214F ConfigurationManager, init=-1: [184261a9-ea55-45eb-92cb-4107215395d0:192.168.105.177:33337, 618095e9-96f2-41e3-bd55-a80c2252c4db:192.168.105.177:46211, bc43a908-1892-43bb-ae4c-d25d758e99ca:192.168.105.177:38615], old=null, confs=<EMPTY_MAP>
2019-06-13 18:18:05,315 INFO  server.RaftServerConfigKeys (ConfUtils.java:logGet(43)) - raft.server.storage.dir = [/opt/src/hadoop-ozone/integration-test/target/test-dir/MiniOzoneClusterImpl-43617161-62b0-458b-9588-a60bb81da193/datanode-0/data/ratis] (custom)
2019-06-13 18:18:05,315 INFO  storage.RaftStorageDirectory (RaftStorageDirectory.java:analyzeStorage(246)) - The storage directory /opt/src/hadoop-ozone/integration-test/target/test-dir/MiniOzoneClusterImpl-43617161-62b0-458b-9588-a60bb81da193/datanode-0/data/ratis/463faafc-65d4-408a-a117-bab86863214f does not exist. Creating ...
2019-06-13 18:18:05,316 INFO  impl.RaftServerProxy (RaftServerProxy.java:addNew(89)) - bc43a908-1892-43bb-ae4c-d25d758e99ca: addNew group-BAB86863214F:[184261a9-ea55-45eb-92cb-4107215395d0:192.168.105.177:33337, 618095e9-96f2-41e3-bd55-a80c2252c4db:192.168.105.177:46211, bc43a908-1892-43bb-ae4c-d25d758e99ca:192.168.105.177:38615] returns group-BAB86863214F:java.util.concurrent.CompletableFuture@47ecd720[Not completed]
2019-06-13 18:18:05,316 INFO  impl.RaftServerImpl (RaftServerImpl.java:setRole(164)) - 618095e9-96f2-41e3-bd55-a80c2252c4db:group-BAB86863214F changes role from null to FOLLOWER at term 0 for startAsFollower
2019-06-13 18:18:05,316 INFO  impl.RoleInfo (RoleInfo.java:updateAndGet(143)) - 618095e9-96f2-41e3-bd55-a80c2252c4db: start FollowerState
2019-06-13 18:18:05,316 INFO  impl.RaftServerImpl (RaftServerImpl.java:<init>(91)) - bc43a908-1892-43bb-ae4c-d25d758e99ca: new RaftServerImpl for group-BAB86863214F:[184261a9-ea55-45eb-92cb-4107215395d0:192.168.105.177:33337, 618095e9-96f2-41e3-bd55-a80c2252c4db:192.168.105.177:46211, bc43a908-1892-43bb-ae4c-d25d758e99ca:192.168.105.177:38615] with ContainerStateMachine:uninitialized
2019-06-13 18:18:05,317 INFO  server.RaftServerConfigKeys (ConfUtils.java:logGet(43)) - raft.server.rpc.timeout.min = 1s (custom)
2019-06-13 18:18:05,317 INFO  server.RaftServerConfigKeys (ConfUtils.java:logGet(43)) - raft.server.rpc.timeout.max = 1200ms (custom)
2019-06-13 18:18:05,317 INFO  server.RaftServerConfigKeys (ConfUtils.java:logGet(43)) - raft.server.rpcslowness.timeout = 10s (custom)
2019-06-13 18:18:05,317 INFO  server.RaftServerConfigKeys (ConfUtils.java:logGet(43)) - raft.server.log.appender.install.snapshot.enabled = true (default)
2019-06-13 18:18:05,317 INFO  impl.RaftServerImpl (ServerState.java:<init>(101)) - bc43a908-1892-43bb-ae4c-d25d758e99ca:group-BAB86863214F ConfigurationManager, init=-1: [184261a9-ea55-45eb-92cb-4107215395d0:192.168.105.177:33337, 618095e9-96f2-41e3-bd55-a80c2252c4db:192.168.105.177:46211, bc43a908-1892-43bb-ae4c-d25d758e99ca:192.168.105.177:38615], old=null, confs=<EMPTY_MAP>
2019-06-13 18:18:05,317 INFO  server.RaftServerConfigKeys (ConfUtils.java:logGet(43)) - raft.server.storage.dir = [/opt/src/hadoop-ozone/integration-test/target/test-dir/MiniOzoneClusterImpl-43617161-62b0-458b-9588-a60bb81da193/datanode-1/data/ratis] (custom)
2019-06-13 18:18:05,317 INFO  storage.RaftStorageDirectory (RaftStorageDirectory.java:analyzeStorage(246)) - The storage directory /opt/src/hadoop-ozone/integration-test/target/test-dir/MiniOzoneClusterImpl-43617161-62b0-458b-9588-a60bb81da193/datanode-1/data/ratis/463faafc-65d4-408a-a117-bab86863214f does not exist. Creating ...
2019-06-13 18:18:05,317 INFO  util.JmxRegister (JmxRegister.java:tryRegister(44)) - Successfully registered JMX Bean with object name Ratis:service=RaftServer,group=group-BAB86863214F,id=618095e9-96f2-41e3-bd55-a80c2252c4db
2019-06-13 18:18:05,318 INFO  storage.RaftStorageDirectory (RaftStorageDirectory.java:tryLock(328)) - Lock on /opt/src/hadoop-ozone/integration-test/target/test-dir/MiniOzoneClusterImpl-43617161-62b0-458b-9588-a60bb81da193/datanode-0/data/ratis/463faafc-65d4-408a-a117-bab86863214f/in_use.lock acquired by nodename 10385@ozone-pdpn9-622331312
2019-06-13 18:18:05,320 INFO  storage.RaftStorageDirectory (RaftStorageDirectory.java:tryLock(328)) - Lock on /opt/src/hadoop-ozone/integration-test/target/test-dir/MiniOzoneClusterImpl-43617161-62b0-458b-9588-a60bb81da193/datanode-1/data/ratis/463faafc-65d4-408a-a117-bab86863214f/in_use.lock acquired by nodename 10385@ozone-pdpn9-622331312
2019-06-13 18:18:05,322 INFO  storage.RaftStorage (RaftStorage.java:format(75)) - Storage directory /opt/src/hadoop-ozone/integration-test/target/test-dir/MiniOzoneClusterImpl-43617161-62b0-458b-9588-a60bb81da193/datanode-0/data/ratis/463faafc-65d4-408a-a117-bab86863214f has been successfully formatted.
2019-06-13 18:18:05,322 INFO  ratis.ContainerStateMachine (ContainerStateMachine.java:loadSnapshot(199)) - The snapshot info is null.Setting the last applied index to:(t:0, i:~)
2019-06-13 18:18:05,323 INFO  storage.RaftStorage (RaftStorage.java:format(75)) - Storage directory /opt/src/hadoop-ozone/integration-test/target/test-dir/MiniOzoneClusterImpl-43617161-62b0-458b-9588-a60bb81da193/datanode-1/data/ratis/463faafc-65d4-408a-a117-bab86863214f has been successfully formatted.
2019-06-13 18:18:05,324 INFO  ratis.ContainerStateMachine (ContainerStateMachine.java:loadSnapshot(199)) - The snapshot info is null.Setting the last applied index to:(t:0, i:~)
2019-06-13 18:18:05,324 INFO  server.RaftServerConfigKeys (ConfUtils.java:logGet(43)) - raft.server.leader.election.timeout = 10s (custom)
2019-06-13 18:18:05,324 INFO  server.RaftServerConfigKeys (ConfUtils.java:logGet(43)) - raft.server.leader.election.timeout = 10s (custom)
2019-06-13 18:18:05,324 INFO  server.RaftServerConfigKeys (ConfUtils.java:logGet(43)) - raft.server.log.use.memory = false (default)
2019-06-13 18:18:05,324 INFO  server.RaftServerConfigKeys (ConfUtils.java:logGet(43)) - raft.server.log.use.memory = false (default)
2019-06-13 18:18:05,324 INFO  server.RaftServerConfigKeys (ConfUtils.java:logGet(43)) - raft.server.log.appender.buffer.byte-limit = 33554432 (custom)
2019-06-13 18:18:05,324 INFO  server.RaftServerConfigKeys (ConfUtils.java:logGet(43)) - raft.server.log.appender.buffer.byte-limit = 33554432 (custom)
2019-06-13 18:18:05,324 INFO  server.RaftServerConfigKeys (ConfUtils.java:logGet(43)) - raft.server.log.segment.size.max = 16384 (custom)
2019-06-13 18:18:05,324 INFO  server.RaftServerConfigKeys (ConfUtils.java:logGet(43)) - raft.server.log.segment.size.max = 16384 (custom)
2019-06-13 18:18:05,324 INFO  server.RaftServerConfigKeys (ConfUtils.java:logGet(43)) - raft.server.log.segment.cache.num.max = 2 (custom)
2019-06-13 18:18:05,325 INFO  server.RaftServerConfigKeys (ConfUtils.java:logGet(43)) - raft.server.log.segment.cache.num.max = 2 (custom)
2019-06-13 18:18:05,325 INFO  storage.RaftLogWorker (RaftLogWorker.java:<init>(123)) - new bc43a908-1892-43bb-ae4c-d25d758e99ca-RaftLogWorker for Storage Directory /opt/src/hadoop-ozone/integration-test/target/test-dir/MiniOzoneClusterImpl-43617161-62b0-458b-9588-a60bb81da193/datanode-1/data/ratis/463faafc-65d4-408a-a117-bab86863214f
2019-06-13 18:18:05,325 INFO  storage.RaftLogWorker (RaftLogWorker.java:<init>(123)) - new 184261a9-ea55-45eb-92cb-4107215395d0-RaftLogWorker for Storage Directory /opt/src/hadoop-ozone/integration-test/target/test-dir/MiniOzoneClusterImpl-43617161-62b0-458b-9588-a60bb81da193/datanode-0/data/ratis/463faafc-65d4-408a-a117-bab86863214f
2019-06-13 18:18:05,325 INFO  server.RaftServerConfigKeys (ConfUtils.java:logGet(43)) - raft.server.log.queue.byte-limit = 2147483647 (custom)
2019-06-13 18:18:05,325 INFO  server.RaftServerConfigKeys (ConfUtils.java:logGet(43)) - raft.server.log.queue.byte-limit = 2147483647 (custom)
2019-06-13 18:18:05,325 INFO  server.RaftServerConfigKeys (ConfUtils.java:logGet(43)) - raft.server.log.queue.element-limit = 1024 (custom)
2019-06-13 18:18:05,325 INFO  server.RaftServerConfigKeys (ConfUtils.java:logGet(43)) - raft.server.log.queue.element-limit = 1024 (custom)
2019-06-13 18:18:05,325 INFO  server.RaftServerConfigKeys (ConfUtils.java:logGet(43)) - raft.server.log.segment.size.max = 16384 (custom)
2019-06-13 18:18:05,325 INFO  server.RaftServerConfigKeys (ConfUtils.java:logGet(43)) - raft.server.log.segment.size.max = 16384 (custom)
2019-06-13 18:18:05,325 INFO  server.RaftServerConfigKeys (ConfUtils.java:logGet(43)) - raft.server.log.preallocated.size = 16384 (custom)
2019-06-13 18:18:05,325 INFO  server.RaftServerConfigKeys (ConfUtils.java:logGet(43)) - raft.server.log.preallocated.size = 16384 (custom)
2019-06-13 18:18:05,325 INFO  server.RaftServerConfigKeys (ConfUtils.java:logGet(43)) - raft.server.log.write.buffer.size = 33554432 (custom)
2019-06-13 18:18:05,326 INFO  server.RaftServerConfigKeys (ConfUtils.java:logGet(43)) - raft.server.log.write.buffer.size = 33554432 (custom)
2019-06-13 18:18:05,326 INFO  server.RaftServerConfigKeys (ConfUtils.java:logGet(43)) - raft.server.log.force.sync.num = 128 (default)
2019-06-13 18:18:05,326 INFO  server.RaftServerConfigKeys (ConfUtils.java:logGet(43)) - raft.server.log.force.sync.num = 128 (default)
2019-06-13 18:18:05,326 INFO  server.RaftServerConfigKeys (ConfUtils.java:logGet(43)) - raft.server.log.statemachine.data.sync = true (default)
2019-06-13 18:18:05,326 INFO  server.RaftServerConfigKeys (ConfUtils.java:logGet(43)) - raft.server.log.statemachine.data.sync = true (default)
2019-06-13 18:18:05,326 INFO  server.RaftServerConfigKeys (ConfUtils.java:logGet(43)) - raft.server.log.statemachine.data.sync.timeout = 10s (default)
2019-06-13 18:18:05,326 INFO  server.RaftServerConfigKeys (ConfUtils.java:logGet(43)) - raft.server.log.statemachine.data.sync.timeout = 10s (default)
2019-06-13 18:18:05,326 INFO  server.RaftServerConfigKeys (ConfUtils.java:logGet(43)) - raft.server.log.statemachine.data.sync.timeout.retry = -1 (default)
2019-06-13 18:18:05,326 INFO  server.RaftServerConfigKeys (ConfUtils.java:logGet(43)) - raft.server.log.statemachine.data.sync.timeout.retry = -1 (default)
2019-06-13 18:18:05,326 INFO  server.RaftServerConfigKeys (ConfUtils.java:logGet(43)) - raft.server.log.statemachine.data.caching.enabled = true (custom)
2019-06-13 18:18:05,326 INFO  server.RaftServerConfigKeys (ConfUtils.java:logGet(43)) - raft.server.log.statemachine.data.caching.enabled = true (custom)
2019-06-13 18:18:05,327 INFO  server.RaftServerConfigKeys (ConfUtils.java:logGet(43)) - raft.server.snapshot.auto.trigger.enabled = true (custom)
2019-06-13 18:18:05,327 INFO  server.RaftServerConfigKeys (ConfUtils.java:logGet(43)) - raft.server.snapshot.auto.trigger.threshold = 10000 (custom)
2019-06-13 18:18:05,327 INFO  server.RaftServerConfigKeys (ConfUtils.java:logGet(43)) - raft.server.snapshot.auto.trigger.enabled = true (custom)
2019-06-13 18:18:05,327 INFO  server.RaftServerConfigKeys (ConfUtils.java:logGet(43)) - raft.server.retrycache.expirytime = 600000ms (custom)
2019-06-13 18:18:05,327 INFO  server.RaftServerConfigKeys (ConfUtils.java:logGet(43)) - raft.server.snapshot.auto.trigger.threshold = 10000 (custom)
2019-06-13 18:18:05,327 INFO  impl.RaftServerImpl (RaftServerImpl.java:start(173)) - bc43a908-1892-43bb-ae4c-d25d758e99ca: start group-BAB86863214F
2019-06-13 18:18:05,327 INFO  impl.RaftServerImpl (RaftServerImpl.java:setRole(164)) - bc43a908-1892-43bb-ae4c-d25d758e99ca:group-BAB86863214F changes role from null to FOLLOWER at term 0 for startAsFollower
2019-06-13 18:18:05,327 INFO  server.RaftServerConfigKeys (ConfUtils.java:logGet(43)) - raft.server.retrycache.expirytime = 600000ms (custom)
2019-06-13 18:18:05,327 INFO  impl.RoleInfo (RoleInfo.java:updateAndGet(143)) - bc43a908-1892-43bb-ae4c-d25d758e99ca: start FollowerState
2019-06-13 18:18:05,328 INFO  impl.RaftServerImpl (RaftServerImpl.java:start(173)) - 184261a9-ea55-45eb-92cb-4107215395d0: start group-BAB86863214F
2019-06-13 18:18:05,328 INFO  impl.RaftServerImpl (RaftServerImpl.java:setRole(164)) - 184261a9-ea55-45eb-92cb-4107215395d0:group-BAB86863214F changes role from null to FOLLOWER at term 0 for startAsFollower
2019-06-13 18:18:05,328 INFO  util.JmxRegister (JmxRegister.java:tryRegister(44)) - Successfully registered JMX Bean with object name Ratis:service=RaftServer,group=group-BAB86863214F,id=bc43a908-1892-43bb-ae4c-d25d758e99ca
2019-06-13 18:18:05,328 INFO  impl.RoleInfo (RoleInfo.java:updateAndGet(143)) - 184261a9-ea55-45eb-92cb-4107215395d0: start FollowerState
2019-06-13 18:18:05,328 INFO  util.JmxRegister (JmxRegister.java:tryRegister(44)) - Successfully registered JMX Bean with object name Ratis:service=RaftServer,group=group-BAB86863214F,id=184261a9-ea55-45eb-92cb-4107215395d0
2019-06-13 18:18:05,342 INFO  pipeline.PipelineStateManager (PipelineStateManager.java:addPipeline(56)) - Created pipeline Pipeline[ Id: 463faafc-65d4-408a-a117-bab86863214f, Nodes: bc43a908-1892-43bb-ae4c-d25d758e99ca{ip: 192.168.105.177, host: ozone-pdpn9-622331312, networkLocation: /default-rack, certSerialId: null}618095e9-96f2-41e3-bd55-a80c2252c4db{ip: 192.168.105.177, host: ozone-pdpn9-622331312, networkLocation: /default-rack, certSerialId: null}184261a9-ea55-45eb-92cb-4107215395d0{ip: 192.168.105.177, host: ozone-pdpn9-622331312, networkLocation: /default-rack, certSerialId: null}, Type:RATIS, Factor:THREE, State:OPEN]
2019-06-13 18:18:05,447 INFO  node.SCMNodeManager (SCMNodeManager.java:register(234)) - Registered Data node : 14511b79-4b9d-4b54-b9d9-46d92e6e219c{ip: 192.168.105.177, host: ozone-pdpn9-622331312, networkLocation: /default-rack, certSerialId: null}
2019-06-13 18:18:05,459 INFO  impl.RaftServerProxy (RaftServerProxy.java:addNew(89)) - 14511b79-4b9d-4b54-b9d9-46d92e6e219c: addNew group-46D511FE3BD2:[14511b79-4b9d-4b54-b9d9-46d92e6e219c:192.168.105.177:41297] returns group-46D511FE3BD2:java.util.concurrent.CompletableFuture@637ba5e[Not completed]
2019-06-13 18:18:05,462 INFO  impl.RaftServerImpl (RaftServerImpl.java:<init>(91)) - 14511b79-4b9d-4b54-b9d9-46d92e6e219c: new RaftServerImpl for group-46D511FE3BD2:[14511b79-4b9d-4b54-b9d9-46d92e6e219c:192.168.105.177:41297] with ContainerStateMachine:uninitialized
2019-06-13 18:18:05,462 INFO  server.RaftServerConfigKeys (ConfUtils.java:logGet(43)) - raft.server.rpc.timeout.min = 1s (custom)
2019-06-13 18:18:05,462 INFO  server.RaftServerConfigKeys (ConfUtils.java:logGet(43)) - raft.server.rpc.timeout.max = 1200ms (custom)
2019-06-13 18:18:05,462 INFO  server.RaftServerConfigKeys (ConfUtils.java:logGet(43)) - raft.server.rpcslowness.timeout = 10s (custom)
2019-06-13 18:18:05,462 INFO  server.RaftServerConfigKeys (ConfUtils.java:logGet(43)) - raft.server.log.appender.install.snapshot.enabled = true (default)
2019-06-13 18:18:05,462 INFO  impl.RaftServerImpl (ServerState.java:<init>(101)) - 14511b79-4b9d-4b54-b9d9-46d92e6e219c:group-46D511FE3BD2 ConfigurationManager, init=-1: [14511b79-4b9d-4b54-b9d9-46d92e6e219c:192.168.105.177:41297], old=null, confs=<EMPTY_MAP>
2019-06-13 18:18:05,462 INFO  server.RaftServerConfigKeys (ConfUtils.java:logGet(43)) - raft.server.storage.dir = [/opt/src/hadoop-ozone/integration-test/target/test-dir/MiniOzoneClusterImpl-43617161-62b0-458b-9588-a60bb81da193/datanode-4/data/ratis] (custom)
2019-06-13 18:18:05,463 INFO  storage.RaftStorageDirectory (RaftStorageDirectory.java:analyzeStorage(246)) - The storage directory /opt/src/hadoop-ozone/integration-test/target/test-dir/MiniOzoneClusterImpl-43617161-62b0-458b-9588-a60bb81da193/datanode-4/data/ratis/4c7a2544-2662-4023-b84b-46d511fe3bd2 does not exist. Creating ...
2019-06-13 18:18:05,465 INFO  storage.RaftStorageDirectory (RaftStorageDirectory.java:tryLock(328)) - Lock on /opt/src/hadoop-ozone/integration-test/target/test-dir/MiniOzoneClusterImpl-43617161-62b0-458b-9588-a60bb81da193/datanode-4/data/ratis/4c7a2544-2662-4023-b84b-46d511fe3bd2/in_use.lock acquired by nodename 10385@ozone-pdpn9-622331312
2019-06-13 18:18:05,467 INFO  storage.RaftStorage (RaftStorage.java:format(75)) - Storage directory /opt/src/hadoop-ozone/integration-test/target/test-dir/MiniOzoneClusterImpl-43617161-62b0-458b-9588-a60bb81da193/datanode-4/data/ratis/4c7a2544-2662-4023-b84b-46d511fe3bd2 has been successfully formatted.
2019-06-13 18:18:05,468 INFO  ratis.ContainerStateMachine (ContainerStateMachine.java:loadSnapshot(199)) - The snapshot info is null.Setting the last applied index to:(t:0, i:~)
2019-06-13 18:18:05,468 INFO  server.RaftServerConfigKeys (ConfUtils.java:logGet(43)) - raft.server.leader.election.timeout = 10s (custom)
2019-06-13 18:18:05,468 INFO  server.RaftServerConfigKeys (ConfUtils.java:logGet(43)) - raft.server.log.use.memory = false (default)
2019-06-13 18:18:05,468 INFO  server.RaftServerConfigKeys (ConfUtils.java:logGet(43)) - raft.server.log.appender.buffer.byte-limit = 33554432 (custom)
2019-06-13 18:18:05,468 INFO  server.RaftServerConfigKeys (ConfUtils.java:logGet(43)) - raft.server.log.segment.size.max = 16384 (custom)
2019-06-13 18:18:05,468 INFO  server.RaftServerConfigKeys (ConfUtils.java:logGet(43)) - raft.server.log.segment.cache.num.max = 2 (custom)
2019-06-13 18:18:05,468 INFO  storage.RaftLogWorker (RaftLogWorker.java:<init>(123)) - new 14511b79-4b9d-4b54-b9d9-46d92e6e219c-RaftLogWorker for Storage Directory /opt/src/hadoop-ozone/integration-test/target/test-dir/MiniOzoneClusterImpl-43617161-62b0-458b-9588-a60bb81da193/datanode-4/data/ratis/4c7a2544-2662-4023-b84b-46d511fe3bd2
2019-06-13 18:18:05,468 INFO  server.RaftServerConfigKeys (ConfUtils.java:logGet(43)) - raft.server.log.queue.byte-limit = 2147483647 (custom)
2019-06-13 18:18:05,468 INFO  server.RaftServerConfigKeys (ConfUtils.java:logGet(43)) - raft.server.log.queue.element-limit = 1024 (custom)
2019-06-13 18:18:05,468 INFO  server.RaftServerConfigKeys (ConfUtils.java:logGet(43)) - raft.server.log.segment.size.max = 16384 (custom)
2019-06-13 18:18:05,469 INFO  server.RaftServerConfigKeys (ConfUtils.java:logGet(43)) - raft.server.log.preallocated.size = 16384 (custom)
2019-06-13 18:18:05,469 INFO  server.RaftServerConfigKeys (ConfUtils.java:logGet(43)) - raft.server.log.write.buffer.size = 33554432 (custom)
2019-06-13 18:18:05,469 INFO  server.RaftServerConfigKeys (ConfUtils.java:logGet(43)) - raft.server.log.force.sync.num = 128 (default)
2019-06-13 18:18:05,469 INFO  server.RaftServerConfigKeys (ConfUtils.java:logGet(43)) - raft.server.log.statemachine.data.sync = true (default)
2019-06-13 18:18:05,469 INFO  server.RaftServerConfigKeys (ConfUtils.java:logGet(43)) - raft.server.log.statemachine.data.sync.timeout = 10s (default)
2019-06-13 18:18:05,469 INFO  server.RaftServerConfigKeys (ConfUtils.java:logGet(43)) - raft.server.log.statemachine.data.sync.timeout.retry = -1 (default)
2019-06-13 18:18:05,469 INFO  server.RaftServerConfigKeys (ConfUtils.java:logGet(43)) - raft.server.log.statemachine.data.caching.enabled = true (custom)
2019-06-13 18:18:05,469 INFO  server.RaftServerConfigKeys (ConfUtils.java:logGet(43)) - raft.server.snapshot.auto.trigger.enabled = true (custom)
2019-06-13 18:18:05,470 INFO  server.RaftServerConfigKeys (ConfUtils.java:logGet(43)) - raft.server.snapshot.auto.trigger.threshold = 10000 (custom)
2019-06-13 18:18:05,470 INFO  server.RaftServerConfigKeys (ConfUtils.java:logGet(43)) - raft.server.retrycache.expirytime = 600000ms (custom)
2019-06-13 18:18:05,470 INFO  impl.RaftServerImpl (RaftServerImpl.java:start(173)) - 14511b79-4b9d-4b54-b9d9-46d92e6e219c: start group-46D511FE3BD2
2019-06-13 18:18:05,470 INFO  impl.RaftServerImpl (RaftServerImpl.java:setRole(164)) - 14511b79-4b9d-4b54-b9d9-46d92e6e219c:group-46D511FE3BD2 changes role from null to FOLLOWER at term 0 for startAsFollower
2019-06-13 18:18:05,470 INFO  impl.RoleInfo (RoleInfo.java:updateAndGet(143)) - 14511b79-4b9d-4b54-b9d9-46d92e6e219c: start FollowerState
2019-06-13 18:18:05,470 INFO  util.JmxRegister (JmxRegister.java:tryRegister(44)) - Successfully registered JMX Bean with object name Ratis:service=RaftServer,group=group-46D511FE3BD2,id=14511b79-4b9d-4b54-b9d9-46d92e6e219c
2019-06-13 18:18:05,477 INFO  pipeline.PipelineStateManager (PipelineStateManager.java:addPipeline(56)) - Created pipeline Pipeline[ Id: 4c7a2544-2662-4023-b84b-46d511fe3bd2, Nodes: 14511b79-4b9d-4b54-b9d9-46d92e6e219c{ip: 192.168.105.177, host: ozone-pdpn9-622331312, networkLocation: /default-rack, certSerialId: null}, Type:RATIS, Factor:ONE, State:OPEN]
2019-06-13 18:18:05,802 INFO  ozone.MiniOzoneClusterImpl (MiniOzoneClusterImpl.java:lambda$waitForClusterToBeReady$0(142)) - Waiting for cluster to be ready. Got 5 of 6 DN Heartbeats.
2019-06-13 18:18:05,812 INFO  node.SCMNodeManager (SCMNodeManager.java:register(234)) - Registered Data node : fdd4106f-1900-4b5d-b785-25218f9fb25b{ip: 192.168.105.177, host: ozone-pdpn9-622331312, networkLocation: /default-rack, certSerialId: null}
2019-06-13 18:18:05,832 INFO  impl.RaftServerProxy (RaftServerProxy.java:addNew(89)) - fdd4106f-1900-4b5d-b785-25218f9fb25b: addNew group-39449F8929C8:[fdd4106f-1900-4b5d-b785-25218f9fb25b:192.168.105.177:40207] returns group-39449F8929C8:java.util.concurrent.CompletableFuture@26ed0b5d[Not completed]
2019-06-13 18:18:05,833 INFO  impl.RaftServerImpl (RaftServerImpl.java:<init>(91)) - fdd4106f-1900-4b5d-b785-25218f9fb25b: new RaftServerImpl for group-39449F8929C8:[fdd4106f-1900-4b5d-b785-25218f9fb25b:192.168.105.177:40207] with ContainerStateMachine:uninitialized
2019-06-13 18:18:05,833 INFO  server.RaftServerConfigKeys (ConfUtils.java:logGet(43)) - raft.server.rpc.timeout.min = 1s (custom)
2019-06-13 18:18:05,833 INFO  server.RaftServerConfigKeys (ConfUtils.java:logGet(43)) - raft.server.rpc.timeout.max = 1200ms (custom)
2019-06-13 18:18:05,834 INFO  server.RaftServerConfigKeys (ConfUtils.java:logGet(43)) - raft.server.rpcslowness.timeout = 10s (custom)
2019-06-13 18:18:05,834 INFO  server.RaftServerConfigKeys (ConfUtils.java:logGet(43)) - raft.server.log.appender.install.snapshot.enabled = true (default)
2019-06-13 18:18:05,834 INFO  impl.RaftServerImpl (ServerState.java:<init>(101)) - fdd4106f-1900-4b5d-b785-25218f9fb25b:group-39449F8929C8 ConfigurationManager, init=-1: [fdd4106f-1900-4b5d-b785-25218f9fb25b:192.168.105.177:40207], old=null, confs=<EMPTY_MAP>
2019-06-13 18:18:05,834 INFO  server.RaftServerConfigKeys (ConfUtils.java:logGet(43)) - raft.server.storage.dir = [/opt/src/hadoop-ozone/integration-test/target/test-dir/MiniOzoneClusterImpl-43617161-62b0-458b-9588-a60bb81da193/datanode-5/data/ratis] (custom)
2019-06-13 18:18:05,835 INFO  storage.RaftStorageDirectory (RaftStorageDirectory.java:analyzeStorage(246)) - The storage directory /opt/src/hadoop-ozone/integration-test/target/test-dir/MiniOzoneClusterImpl-43617161-62b0-458b-9588-a60bb81da193/datanode-5/data/ratis/1bdad3de-72c1-474f-9c08-39449f8929c8 does not exist. Creating ...
2019-06-13 18:18:05,839 INFO  storage.RaftStorageDirectory (RaftStorageDirectory.java:tryLock(328)) - Lock on /opt/src/hadoop-ozone/integration-test/target/test-dir/MiniOzoneClusterImpl-43617161-62b0-458b-9588-a60bb81da193/datanode-5/data/ratis/1bdad3de-72c1-474f-9c08-39449f8929c8/in_use.lock acquired by nodename 10385@ozone-pdpn9-622331312
2019-06-13 18:18:05,841 INFO  storage.RaftStorage (RaftStorage.java:format(75)) - Storage directory /opt/src/hadoop-ozone/integration-test/target/test-dir/MiniOzoneClusterImpl-43617161-62b0-458b-9588-a60bb81da193/datanode-5/data/ratis/1bdad3de-72c1-474f-9c08-39449f8929c8 has been successfully formatted.
2019-06-13 18:18:05,842 INFO  ratis.ContainerStateMachine (ContainerStateMachine.java:loadSnapshot(199)) - The snapshot info is null.Setting the last applied index to:(t:0, i:~)
2019-06-13 18:18:05,842 INFO  server.RaftServerConfigKeys (ConfUtils.java:logGet(43)) - raft.server.leader.election.timeout = 10s (custom)
2019-06-13 18:18:05,842 INFO  server.RaftServerConfigKeys (ConfUtils.java:logGet(43)) - raft.server.log.use.memory = false (default)
2019-06-13 18:18:05,842 INFO  server.RaftServerConfigKeys (ConfUtils.java:logGet(43)) - raft.server.log.appender.buffer.byte-limit = 33554432 (custom)
2019-06-13 18:18:05,842 INFO  server.RaftServerConfigKeys (ConfUtils.java:logGet(43)) - raft.server.log.segment.size.max = 16384 (custom)
2019-06-13 18:18:05,842 INFO  server.RaftServerConfigKeys (ConfUtils.java:logGet(43)) - raft.server.log.segment.cache.num.max = 2 (custom)
2019-06-13 18:18:05,842 INFO  storage.RaftLogWorker (RaftLogWorker.java:<init>(123)) - new fdd4106f-1900-4b5d-b785-25218f9fb25b-RaftLogWorker for Storage Directory /opt/src/hadoop-ozone/integration-test/target/test-dir/MiniOzoneClusterImpl-43617161-62b0-458b-9588-a60bb81da193/datanode-5/data/ratis/1bdad3de-72c1-474f-9c08-39449f8929c8
2019-06-13 18:18:05,842 INFO  server.RaftServerConfigKeys (ConfUtils.java:logGet(43)) - raft.server.log.queue.byte-limit = 2147483647 (custom)
2019-06-13 18:18:05,843 INFO  server.RaftServerConfigKeys (ConfUtils.java:logGet(43)) - raft.server.log.queue.element-limit = 1024 (custom)
2019-06-13 18:18:05,843 INFO  server.RaftServerConfigKeys (ConfUtils.java:logGet(43)) - raft.server.log.segment.size.max = 16384 (custom)
2019-06-13 18:18:05,843 INFO  server.RaftServerConfigKeys (ConfUtils.java:logGet(43)) - raft.server.log.preallocated.size = 16384 (custom)
2019-06-13 18:18:05,843 INFO  server.RaftServerConfigKeys (ConfUtils.java:logGet(43)) - raft.server.log.write.buffer.size = 33554432 (custom)
2019-06-13 18:18:05,843 INFO  server.RaftServerConfigKeys (ConfUtils.java:logGet(43)) - raft.server.log.force.sync.num = 128 (default)
2019-06-13 18:18:05,844 INFO  server.RaftServerConfigKeys (ConfUtils.java:logGet(43)) - raft.server.log.statemachine.data.sync = true (default)
2019-06-13 18:18:05,844 INFO  server.RaftServerConfigKeys (ConfUtils.java:logGet(43)) - raft.server.log.statemachine.data.sync.timeout = 10s (default)
2019-06-13 18:18:05,844 INFO  server.RaftServerConfigKeys (ConfUtils.java:logGet(43)) - raft.server.log.statemachine.data.sync.timeout.retry = -1 (default)
2019-06-13 18:18:05,844 INFO  server.RaftServerConfigKeys (ConfUtils.java:logGet(43)) - raft.server.log.statemachine.data.caching.enabled = true (custom)
2019-06-13 18:18:05,851 INFO  server.RaftServerConfigKeys (ConfUtils.java:logGet(43)) - raft.server.snapshot.auto.trigger.enabled = true (custom)
2019-06-13 18:18:05,851 INFO  server.RaftServerConfigKeys (ConfUtils.java:logGet(43)) - raft.server.snapshot.auto.trigger.threshold = 10000 (custom)
2019-06-13 18:18:05,851 INFO  server.RaftServerConfigKeys (ConfUtils.java:logGet(43)) - raft.server.retrycache.expirytime = 600000ms (custom)
2019-06-13 18:18:05,851 INFO  impl.RaftServerImpl (RaftServerImpl.java:start(173)) - fdd4106f-1900-4b5d-b785-25218f9fb25b: start group-39449F8929C8
2019-06-13 18:18:05,852 INFO  impl.RaftServerImpl (RaftServerImpl.java:setRole(164)) - fdd4106f-1900-4b5d-b785-25218f9fb25b:group-39449F8929C8 changes role from null to FOLLOWER at term 0 for startAsFollower
2019-06-13 18:18:05,852 INFO  impl.RoleInfo (RoleInfo.java:updateAndGet(143)) - fdd4106f-1900-4b5d-b785-25218f9fb25b: start FollowerState
2019-06-13 18:18:05,852 INFO  util.JmxRegister (JmxRegister.java:tryRegister(44)) - Successfully registered JMX Bean with object name Ratis:service=RaftServer,group=group-39449F8929C8,id=fdd4106f-1900-4b5d-b785-25218f9fb25b
2019-06-13 18:18:05,883 INFO  pipeline.PipelineStateManager (PipelineStateManager.java:addPipeline(56)) - Created pipeline Pipeline[ Id: 1bdad3de-72c1-474f-9c08-39449f8929c8, Nodes: fdd4106f-1900-4b5d-b785-25218f9fb25b{ip: 192.168.105.177, host: ozone-pdpn9-622331312, networkLocation: /default-rack, certSerialId: null}, Type:RATIS, Factor:ONE, State:OPEN]
2019-06-13 18:18:05,932 INFO  impl.RaftServerProxy (RaftServerProxy.java:addNew(89)) - fdd4106f-1900-4b5d-b785-25218f9fb25b: addNew group-62C2EAED8A49:[14511b79-4b9d-4b54-b9d9-46d92e6e219c:192.168.105.177:41297, bf2e4153-283c-42c2-a802-8b296c9fd8f9:192.168.105.177:42291, fdd4106f-1900-4b5d-b785-25218f9fb25b:192.168.105.177:40207] returns group-62C2EAED8A49:java.util.concurrent.CompletableFuture@2a8df9bb[Not completed]
2019-06-13 18:18:05,932 INFO  impl.RaftServerProxy (RaftServerProxy.java:addNew(89)) - bf2e4153-283c-42c2-a802-8b296c9fd8f9: addNew group-62C2EAED8A49:[14511b79-4b9d-4b54-b9d9-46d92e6e219c:192.168.105.177:41297, bf2e4153-283c-42c2-a802-8b296c9fd8f9:192.168.105.177:42291, fdd4106f-1900-4b5d-b785-25218f9fb25b:192.168.105.177:40207] returns group-62C2EAED8A49:java.util.concurrent.CompletableFuture@30625bf4[Not completed]
2019-06-13 18:18:05,932 INFO  impl.RaftServerProxy (RaftServerProxy.java:addNew(89)) - 14511b79-4b9d-4b54-b9d9-46d92e6e219c: addNew group-62C2EAED8A49:[14511b79-4b9d-4b54-b9d9-46d92e6e219c:192.168.105.177:41297, bf2e4153-283c-42c2-a802-8b296c9fd8f9:192.168.105.177:42291, fdd4106f-1900-4b5d-b785-25218f9fb25b:192.168.105.177:40207] returns group-62C2EAED8A49:java.util.concurrent.CompletableFuture@238d730d[Not completed]
2019-06-13 18:18:05,933 INFO  impl.RaftServerImpl (RaftServerImpl.java:<init>(91)) - bf2e4153-283c-42c2-a802-8b296c9fd8f9: new RaftServerImpl for group-62C2EAED8A49:[14511b79-4b9d-4b54-b9d9-46d92e6e219c:192.168.105.177:41297, bf2e4153-283c-42c2-a802-8b296c9fd8f9:192.168.105.177:42291, fdd4106f-1900-4b5d-b785-25218f9fb25b:192.168.105.177:40207] with ContainerStateMachine:uninitialized
2019-06-13 18:18:05,933 INFO  server.RaftServerConfigKeys (ConfUtils.java:logGet(43)) - raft.server.rpc.timeout.min = 1s (custom)
2019-06-13 18:18:05,934 INFO  server.RaftServerConfigKeys (ConfUtils.java:logGet(43)) - raft.server.rpc.timeout.max = 1200ms (custom)
2019-06-13 18:18:05,934 INFO  server.RaftServerConfigKeys (ConfUtils.java:logGet(43)) - raft.server.rpcslowness.timeout = 10s (custom)
2019-06-13 18:18:05,934 INFO  server.RaftServerConfigKeys (ConfUtils.java:logGet(43)) - raft.server.log.appender.install.snapshot.enabled = true (default)
2019-06-13 18:18:05,934 INFO  impl.RaftServerImpl (ServerState.java:<init>(101)) - bf2e4153-283c-42c2-a802-8b296c9fd8f9:group-62C2EAED8A49 ConfigurationManager, init=-1: [14511b79-4b9d-4b54-b9d9-46d92e6e219c:192.168.105.177:41297, bf2e4153-283c-42c2-a802-8b296c9fd8f9:192.168.105.177:42291, fdd4106f-1900-4b5d-b785-25218f9fb25b:192.168.105.177:40207], old=null, confs=<EMPTY_MAP>
2019-06-13 18:18:05,935 INFO  server.RaftServerConfigKeys (ConfUtils.java:logGet(43)) - raft.server.storage.dir = [/opt/src/hadoop-ozone/integration-test/target/test-dir/MiniOzoneClusterImpl-43617161-62b0-458b-9588-a60bb81da193/datanode-2/data/ratis] (custom)
2019-06-13 18:18:05,935 INFO  storage.RaftStorageDirectory (RaftStorageDirectory.java:analyzeStorage(246)) - The storage directory /opt/src/hadoop-ozone/integration-test/target/test-dir/MiniOzoneClusterImpl-43617161-62b0-458b-9588-a60bb81da193/datanode-2/data/ratis/26335719-a42e-45b8-9bfe-62c2eaed8a49 does not exist. Creating ...
2019-06-13 18:18:05,934 INFO  impl.RaftServerImpl (RaftServerImpl.java:<init>(91)) - fdd4106f-1900-4b5d-b785-25218f9fb25b: new RaftServerImpl for group-62C2EAED8A49:[14511b79-4b9d-4b54-b9d9-46d92e6e219c:192.168.105.177:41297, bf2e4153-283c-42c2-a802-8b296c9fd8f9:192.168.105.177:42291, fdd4106f-1900-4b5d-b785-25218f9fb25b:192.168.105.177:40207] with ContainerStateMachine:uninitialized
2019-06-13 18:18:05,935 INFO  server.RaftServerConfigKeys (ConfUtils.java:logGet(43)) - raft.server.rpc.timeout.min = 1s (custom)
2019-06-13 18:18:05,935 INFO  server.RaftServerConfigKeys (ConfUtils.java:logGet(43)) - raft.server.rpc.timeout.max = 1200ms (custom)
2019-06-13 18:18:05,936 INFO  server.RaftServerConfigKeys (ConfUtils.java:logGet(43)) - raft.server.rpcslowness.timeout = 10s (custom)
2019-06-13 18:18:05,936 INFO  server.RaftServerConfigKeys (ConfUtils.java:logGet(43)) - raft.server.log.appender.install.snapshot.enabled = true (default)
2019-06-13 18:18:05,936 INFO  impl.RaftServerImpl (ServerState.java:<init>(101)) - fdd4106f-1900-4b5d-b785-25218f9fb25b:group-62C2EAED8A49 ConfigurationManager, init=-1: [14511b79-4b9d-4b54-b9d9-46d92e6e219c:192.168.105.177:41297, bf2e4153-283c-42c2-a802-8b296c9fd8f9:192.168.105.177:42291, fdd4106f-1900-4b5d-b785-25218f9fb25b:192.168.105.177:40207], old=null, confs=<EMPTY_MAP>
2019-06-13 18:18:05,936 INFO  server.RaftServerConfigKeys (ConfUtils.java:logGet(43)) - raft.server.storage.dir = [/opt/src/hadoop-ozone/integration-test/target/test-dir/MiniOzoneClusterImpl-43617161-62b0-458b-9588-a60bb81da193/datanode-5/data/ratis] (custom)
2019-06-13 18:18:05,936 INFO  storage.RaftStorageDirectory (RaftStorageDirectory.java:analyzeStorage(246)) - The storage directory /opt/src/hadoop-ozone/integration-test/target/test-dir/MiniOzoneClusterImpl-43617161-62b0-458b-9588-a60bb81da193/datanode-5/data/ratis/26335719-a42e-45b8-9bfe-62c2eaed8a49 does not exist. Creating ...
2019-06-13 18:18:05,937 INFO  impl.RaftServerImpl (RaftServerImpl.java:<init>(91)) - 14511b79-4b9d-4b54-b9d9-46d92e6e219c: new RaftServerImpl for group-62C2EAED8A49:[14511b79-4b9d-4b54-b9d9-46d92e6e219c:192.168.105.177:41297, bf2e4153-283c-42c2-a802-8b296c9fd8f9:192.168.105.177:42291, fdd4106f-1900-4b5d-b785-25218f9fb25b:192.168.105.177:40207] with ContainerStateMachine:uninitialized
2019-06-13 18:18:05,937 INFO  storage.RaftStorageDirectory (RaftStorageDirectory.java:tryLock(328)) - Lock on /opt/src/hadoop-ozone/integration-test/target/test-dir/MiniOzoneClusterImpl-43617161-62b0-458b-9588-a60bb81da193/datanode-2/data/ratis/26335719-a42e-45b8-9bfe-62c2eaed8a49/in_use.lock acquired by nodename 10385@ozone-pdpn9-622331312
2019-06-13 18:18:05,937 INFO  server.RaftServerConfigKeys (ConfUtils.java:logGet(43)) - raft.server.rpc.timeout.min = 1s (custom)
2019-06-13 18:18:05,938 INFO  server.RaftServerConfigKeys (ConfUtils.java:logGet(43)) - raft.server.rpc.timeout.max = 1200ms (custom)
2019-06-13 18:18:05,938 INFO  server.RaftServerConfigKeys (ConfUtils.java:logGet(43)) - raft.server.rpcslowness.timeout = 10s (custom)
2019-06-13 18:18:05,938 INFO  server.RaftServerConfigKeys (ConfUtils.java:logGet(43)) - raft.server.log.appender.install.snapshot.enabled = true (default)
2019-06-13 18:18:05,938 INFO  impl.RaftServerImpl (ServerState.java:<init>(101)) - 14511b79-4b9d-4b54-b9d9-46d92e6e219c:group-62C2EAED8A49 ConfigurationManager, init=-1: [14511b79-4b9d-4b54-b9d9-46d92e6e219c:192.168.105.177:41297, bf2e4153-283c-42c2-a802-8b296c9fd8f9:192.168.105.177:42291, fdd4106f-1900-4b5d-b785-25218f9fb25b:192.168.105.177:40207], old=null, confs=<EMPTY_MAP>
2019-06-13 18:18:05,938 INFO  server.RaftServerConfigKeys (ConfUtils.java:logGet(43)) - raft.server.storage.dir = [/opt/src/hadoop-ozone/integration-test/target/test-dir/MiniOzoneClusterImpl-43617161-62b0-458b-9588-a60bb81da193/datanode-4/data/ratis] (custom)
2019-06-13 18:18:05,938 INFO  storage.RaftStorageDirectory (RaftStorageDirectory.java:analyzeStorage(246)) - The storage directory /opt/src/hadoop-ozone/integration-test/target/test-dir/MiniOzoneClusterImpl-43617161-62b0-458b-9588-a60bb81da193/datanode-4/data/ratis/26335719-a42e-45b8-9bfe-62c2eaed8a49 does not exist. Creating ...
2019-06-13 18:18:05,939 INFO  storage.RaftStorage (RaftStorage.java:format(75)) - Storage directory /opt/src/hadoop-ozone/integration-test/target/test-dir/MiniOzoneClusterImpl-43617161-62b0-458b-9588-a60bb81da193/datanode-2/data/ratis/26335719-a42e-45b8-9bfe-62c2eaed8a49 has been successfully formatted.
2019-06-13 18:18:05,939 INFO  ratis.ContainerStateMachine (ContainerStateMachine.java:loadSnapshot(199)) - The snapshot info is null.Setting the last applied index to:(t:0, i:~)
2019-06-13 18:18:05,939 INFO  server.RaftServerConfigKeys (ConfUtils.java:logGet(43)) - raft.server.leader.election.timeout = 10s (custom)
2019-06-13 18:18:05,939 INFO  server.RaftServerConfigKeys (ConfUtils.java:logGet(43)) - raft.server.log.use.memory = false (default)
2019-06-13 18:18:05,940 INFO  server.RaftServerConfigKeys (ConfUtils.java:logGet(43)) - raft.server.log.appender.buffer.byte-limit = 33554432 (custom)
2019-06-13 18:18:05,940 INFO  server.RaftServerConfigKeys (ConfUtils.java:logGet(43)) - raft.server.log.segment.size.max = 16384 (custom)
2019-06-13 18:18:05,940 INFO  server.RaftServerConfigKeys (ConfUtils.java:logGet(43)) - raft.server.log.segment.cache.num.max = 2 (custom)
2019-06-13 18:18:05,940 INFO  storage.RaftLogWorker (RaftLogWorker.java:<init>(123)) - new bf2e4153-283c-42c2-a802-8b296c9fd8f9-RaftLogWorker for Storage Directory /opt/src/hadoop-ozone/integration-test/target/test-dir/MiniOzoneClusterImpl-43617161-62b0-458b-9588-a60bb81da193/datanode-2/data/ratis/26335719-a42e-45b8-9bfe-62c2eaed8a49
2019-06-13 18:18:05,940 INFO  server.RaftServerConfigKeys (ConfUtils.java:logGet(43)) - raft.server.log.queue.byte-limit = 2147483647 (custom)
2019-06-13 18:18:05,940 INFO  server.RaftServerConfigKeys (ConfUtils.java:logGet(43)) - raft.server.log.queue.element-limit = 1024 (custom)
2019-06-13 18:18:05,940 INFO  server.RaftServerConfigKeys (ConfUtils.java:logGet(43)) - raft.server.log.segment.size.max = 16384 (custom)
2019-06-13 18:18:05,940 INFO  server.RaftServerConfigKeys (ConfUtils.java:logGet(43)) - raft.server.log.preallocated.size = 16384 (custom)
2019-06-13 18:18:05,940 INFO  server.RaftServerConfigKeys (ConfUtils.java:logGet(43)) - raft.server.log.write.buffer.size = 33554432 (custom)
2019-06-13 18:18:05,940 INFO  server.RaftServerConfigKeys (ConfUtils.java:logGet(43)) - raft.server.log.force.sync.num = 128 (default)
2019-06-13 18:18:05,941 INFO  server.RaftServerConfigKeys (ConfUtils.java:logGet(43)) - raft.server.log.statemachine.data.sync = true (default)
2019-06-13 18:18:05,941 INFO  server.RaftServerConfigKeys (ConfUtils.java:logGet(43)) - raft.server.log.statemachine.data.sync.timeout = 10s (default)
2019-06-13 18:18:05,941 INFO  server.RaftServerConfigKeys (ConfUtils.java:logGet(43)) - raft.server.log.statemachine.data.sync.timeout.retry = -1 (default)
2019-06-13 18:18:05,941 INFO  server.RaftServerConfigKeys (ConfUtils.java:logGet(43)) - raft.server.log.statemachine.data.caching.enabled = true (custom)
2019-06-13 18:18:05,941 INFO  storage.RaftStorageDirectory (RaftStorageDirectory.java:tryLock(328)) - Lock on /opt/src/hadoop-ozone/integration-test/target/test-dir/MiniOzoneClusterImpl-43617161-62b0-458b-9588-a60bb81da193/datanode-5/data/ratis/26335719-a42e-45b8-9bfe-62c2eaed8a49/in_use.lock acquired by nodename 10385@ozone-pdpn9-622331312
2019-06-13 18:18:05,941 INFO  server.RaftServerConfigKeys (ConfUtils.java:logGet(43)) - raft.server.snapshot.auto.trigger.enabled = true (custom)
2019-06-13 18:18:05,941 INFO  server.RaftServerConfigKeys (ConfUtils.java:logGet(43)) - raft.server.snapshot.auto.trigger.threshold = 10000 (custom)
2019-06-13 18:18:05,942 INFO  server.RaftServerConfigKeys (ConfUtils.java:logGet(43)) - raft.server.retrycache.expirytime = 600000ms (custom)
2019-06-13 18:18:05,942 INFO  impl.RaftServerImpl (RaftServerImpl.java:start(173)) - bf2e4153-283c-42c2-a802-8b296c9fd8f9: start group-62C2EAED8A49
2019-06-13 18:18:05,942 INFO  impl.RaftServerImpl (RaftServerImpl.java:setRole(164)) - bf2e4153-283c-42c2-a802-8b296c9fd8f9:group-62C2EAED8A49 changes role from null to FOLLOWER at term 0 for startAsFollower
2019-06-13 18:18:05,942 INFO  storage.RaftStorageDirectory (RaftStorageDirectory.java:tryLock(328)) - Lock on /opt/src/hadoop-ozone/integration-test/target/test-dir/MiniOzoneClusterImpl-43617161-62b0-458b-9588-a60bb81da193/datanode-4/data/ratis/26335719-a42e-45b8-9bfe-62c2eaed8a49/in_use.lock acquired by nodename 10385@ozone-pdpn9-622331312
2019-06-13 18:18:05,943 INFO  impl.RoleInfo (RoleInfo.java:updateAndGet(143)) - bf2e4153-283c-42c2-a802-8b296c9fd8f9: start FollowerState
2019-06-13 18:18:05,944 INFO  storage.RaftStorage (RaftStorage.java:format(75)) - Storage directory /opt/src/hadoop-ozone/integration-test/target/test-dir/MiniOzoneClusterImpl-43617161-62b0-458b-9588-a60bb81da193/datanode-5/data/ratis/26335719-a42e-45b8-9bfe-62c2eaed8a49 has been successfully formatted.
2019-06-13 18:18:05,944 INFO  ratis.ContainerStateMachine (ContainerStateMachine.java:loadSnapshot(199)) - The snapshot info is null.Setting the last applied index to:(t:0, i:~)
2019-06-13 18:18:05,944 INFO  server.RaftServerConfigKeys (ConfUtils.java:logGet(43)) - raft.server.leader.election.timeout = 10s (custom)
2019-06-13 18:18:05,944 INFO  server.RaftServerConfigKeys (ConfUtils.java:logGet(43)) - raft.server.log.use.memory = false (default)
2019-06-13 18:18:05,944 INFO  server.RaftServerConfigKeys (ConfUtils.java:logGet(43)) - raft.server.log.appender.buffer.byte-limit = 33554432 (custom)
2019-06-13 18:18:05,945 INFO  server.RaftServerConfigKeys (ConfUtils.java:logGet(43)) - raft.server.log.segment.size.max = 16384 (custom)
2019-06-13 18:18:05,945 INFO  server.RaftServerConfigKeys (ConfUtils.java:logGet(43)) - raft.server.log.segment.cache.num.max = 2 (custom)
2019-06-13 18:18:05,945 INFO  storage.RaftLogWorker (RaftLogWorker.java:<init>(123)) - new fdd4106f-1900-4b5d-b785-25218f9fb25b-RaftLogWorker for Storage Directory /opt/src/hadoop-ozone/integration-test/target/test-dir/MiniOzoneClusterImpl-43617161-62b0-458b-9588-a60bb81da193/datanode-5/data/ratis/26335719-a42e-45b8-9bfe-62c2eaed8a49
2019-06-13 18:18:05,945 INFO  server.RaftServerConfigKeys (ConfUtils.java:logGet(43)) - raft.server.log.queue.byte-limit = 2147483647 (custom)
2019-06-13 18:18:05,945 INFO  server.RaftServerConfigKeys (ConfUtils.java:logGet(43)) - raft.server.log.queue.element-limit = 1024 (custom)
2019-06-13 18:18:05,945 INFO  server.RaftServerConfigKeys (ConfUtils.java:logGet(43)) - raft.server.log.segment.size.max = 16384 (custom)
2019-06-13 18:18:05,945 INFO  server.RaftServerConfigKeys (ConfUtils.java:logGet(43)) - raft.server.log.preallocated.size = 16384 (custom)
2019-06-13 18:18:05,945 INFO  server.RaftServerConfigKeys (ConfUtils.java:logGet(43)) - raft.server.log.write.buffer.size = 33554432 (custom)
2019-06-13 18:18:05,945 INFO  server.RaftServerConfigKeys (ConfUtils.java:logGet(43)) - raft.server.log.force.sync.num = 128 (default)
2019-06-13 18:18:05,945 INFO  server.RaftServerConfigKeys (ConfUtils.java:logGet(43)) - raft.server.log.statemachine.data.sync = true (default)
2019-06-13 18:18:05,945 INFO  server.RaftServerConfigKeys (ConfUtils.java:logGet(43)) - raft.server.log.statemachine.data.sync.timeout = 10s (default)
2019-06-13 18:18:05,945 INFO  server.RaftServerConfigKeys (ConfUtils.java:logGet(43)) - raft.server.log.statemachine.data.sync.timeout.retry = -1 (default)
2019-06-13 18:18:05,945 INFO  server.RaftServerConfigKeys (ConfUtils.java:logGet(43)) - raft.server.log.statemachine.data.caching.enabled = true (custom)
2019-06-13 18:18:05,945 INFO  storage.RaftStorage (RaftStorage.java:format(75)) - Storage directory /opt/src/hadoop-ozone/integration-test/target/test-dir/MiniOzoneClusterImpl-43617161-62b0-458b-9588-a60bb81da193/datanode-4/data/ratis/26335719-a42e-45b8-9bfe-62c2eaed8a49 has been successfully formatted.
2019-06-13 18:18:05,946 INFO  ratis.ContainerStateMachine (ContainerStateMachine.java:loadSnapshot(199)) - The snapshot info is null.Setting the last applied index to:(t:0, i:~)
2019-06-13 18:18:05,946 INFO  server.RaftServerConfigKeys (ConfUtils.java:logGet(43)) - raft.server.leader.election.timeout = 10s (custom)
2019-06-13 18:18:05,946 INFO  server.RaftServerConfigKeys (ConfUtils.java:logGet(43)) - raft.server.log.use.memory = false (default)
2019-06-13 18:18:05,946 INFO  server.RaftServerConfigKeys (ConfUtils.java:logGet(43)) - raft.server.log.appender.buffer.byte-limit = 33554432 (custom)
2019-06-13 18:18:05,946 INFO  server.RaftServerConfigKeys (ConfUtils.java:logGet(43)) - raft.server.log.segment.size.max = 16384 (custom)
2019-06-13 18:18:05,946 INFO  server.RaftServerConfigKeys (ConfUtils.java:logGet(43)) - raft.server.log.segment.cache.num.max = 2 (custom)
2019-06-13 18:18:05,946 INFO  storage.RaftLogWorker (RaftLogWorker.java:<init>(123)) - new 14511b79-4b9d-4b54-b9d9-46d92e6e219c-RaftLogWorker for Storage Directory /opt/src/hadoop-ozone/integration-test/target/test-dir/MiniOzoneClusterImpl-43617161-62b0-458b-9588-a60bb81da193/datanode-4/data/ratis/26335719-a42e-45b8-9bfe-62c2eaed8a49
2019-06-13 18:18:05,946 INFO  server.RaftServerConfigKeys (ConfUtils.java:logGet(43)) - raft.server.log.queue.byte-limit = 2147483647 (custom)
2019-06-13 18:18:05,946 INFO  server.RaftServerConfigKeys (ConfUtils.java:logGet(43)) - raft.server.log.queue.element-limit = 1024 (custom)
2019-06-13 18:18:05,947 INFO  server.RaftServerConfigKeys (ConfUtils.java:logGet(43)) - raft.server.log.segment.size.max = 16384 (custom)
2019-06-13 18:18:05,947 INFO  server.RaftServerConfigKeys (ConfUtils.java:logGet(43)) - raft.server.log.preallocated.size = 16384 (custom)
2019-06-13 18:18:05,947 INFO  server.RaftServerConfigKeys (ConfUtils.java:logGet(43)) - raft.server.log.write.buffer.size = 33554432 (custom)
2019-06-13 18:18:05,947 INFO  server.RaftServerConfigKeys (ConfUtils.java:logGet(43)) - raft.server.log.force.sync.num = 128 (default)
2019-06-13 18:18:05,947 INFO  server.RaftServerConfigKeys (ConfUtils.java:logGet(43)) - raft.server.log.statemachine.data.sync = true (default)
2019-06-13 18:18:05,947 INFO  server.RaftServerConfigKeys (ConfUtils.java:logGet(43)) - raft.server.log.statemachine.data.sync.timeout = 10s (default)
2019-06-13 18:18:05,947 INFO  server.RaftServerConfigKeys (ConfUtils.java:logGet(43)) - raft.server.log.statemachine.data.sync.timeout.retry = -1 (default)
2019-06-13 18:18:05,946 INFO  util.JmxRegister (JmxRegister.java:tryRegister(44)) - Successfully registered JMX Bean with object name Ratis:service=RaftServer,group=group-62C2EAED8A49,id=bf2e4153-283c-42c2-a802-8b296c9fd8f9
2019-06-13 18:18:05,948 INFO  server.RaftServerConfigKeys (ConfUtils.java:logGet(43)) - raft.server.snapshot.auto.trigger.enabled = true (custom)
2019-06-13 18:18:05,948 INFO  server.RaftServerConfigKeys (ConfUtils.java:logGet(43)) - raft.server.snapshot.auto.trigger.threshold = 10000 (custom)
2019-06-13 18:18:05,954 INFO  server.RaftServerConfigKeys (ConfUtils.java:logGet(43)) - raft.server.retrycache.expirytime = 600000ms (custom)
2019-06-13 18:18:05,954 INFO  impl.RaftServerImpl (RaftServerImpl.java:start(173)) - fdd4106f-1900-4b5d-b785-25218f9fb25b: start group-62C2EAED8A49
2019-06-13 18:18:05,954 INFO  impl.RaftServerImpl (RaftServerImpl.java:setRole(164)) - fdd4106f-1900-4b5d-b785-25218f9fb25b:group-62C2EAED8A49 changes role from null to FOLLOWER at term 0 for startAsFollower
2019-06-13 18:18:05,954 INFO  impl.RoleInfo (RoleInfo.java:updateAndGet(143)) - fdd4106f-1900-4b5d-b785-25218f9fb25b: start FollowerState
2019-06-13 18:18:05,956 INFO  server.RaftServerConfigKeys (ConfUtils.java:logGet(43)) - raft.server.log.statemachine.data.caching.enabled = true (custom)
2019-06-13 18:18:05,957 INFO  util.JmxRegister (JmxRegister.java:tryRegister(44)) - Successfully registered JMX Bean with object name Ratis:service=RaftServer,group=group-62C2EAED8A49,id=fdd4106f-1900-4b5d-b785-25218f9fb25b
2019-06-13 18:18:05,991 INFO  server.RaftServerConfigKeys (ConfUtils.java:logGet(43)) - raft.server.snapshot.auto.trigger.enabled = true (custom)
2019-06-13 18:18:05,992 INFO  server.RaftServerConfigKeys (ConfUtils.java:logGet(43)) - raft.server.snapshot.auto.trigger.threshold = 10000 (custom)
2019-06-13 18:18:05,992 INFO  server.RaftServerConfigKeys (ConfUtils.java:logGet(43)) - raft.server.retrycache.expirytime = 600000ms (custom)
2019-06-13 18:18:05,993 INFO  impl.RaftServerImpl (RaftServerImpl.java:start(173)) - 14511b79-4b9d-4b54-b9d9-46d92e6e219c: start group-62C2EAED8A49
2019-06-13 18:18:05,993 INFO  impl.RaftServerImpl (RaftServerImpl.java:setRole(164)) - 14511b79-4b9d-4b54-b9d9-46d92e6e219c:group-62C2EAED8A49 changes role from null to FOLLOWER at term 0 for startAsFollower
2019-06-13 18:18:05,993 INFO  impl.RoleInfo (RoleInfo.java:updateAndGet(143)) - 14511b79-4b9d-4b54-b9d9-46d92e6e219c: start FollowerState
2019-06-13 18:18:06,013 INFO  util.JmxRegister (JmxRegister.java:tryRegister(44)) - Successfully registered JMX Bean with object name Ratis:service=RaftServer,group=group-62C2EAED8A49,id=14511b79-4b9d-4b54-b9d9-46d92e6e219c
2019-06-13 18:18:06,016 INFO  impl.FollowerState (FollowerState.java:run(101)) - 184261a9-ea55-45eb-92cb-4107215395d0:group-DC31EB0E35E3 changes to CANDIDATE, lastRpcTime:1186, electionTimeout:1182ms
2019-06-13 18:18:06,016 INFO  impl.RoleInfo (RoleInfo.java:shutdownFollowerState(121)) - 184261a9-ea55-45eb-92cb-4107215395d0: shutdown FollowerState
2019-06-13 18:18:06,016 INFO  impl.RaftServerImpl (RaftServerImpl.java:setRole(164)) - 184261a9-ea55-45eb-92cb-4107215395d0:group-DC31EB0E35E3 changes role from FOLLOWER to CANDIDATE at term 0 for changeToCandidate
2019-06-13 18:18:06,020 INFO  impl.RoleInfo (RoleInfo.java:updateAndGet(143)) - 184261a9-ea55-45eb-92cb-4107215395d0: start LeaderElection
2019-06-13 18:18:06,038 INFO  impl.LeaderElection (LeaderElection.java:askForVotes(181)) - 184261a9-ea55-45eb-92cb-4107215395d0:group-DC31EB0E35E3:LeaderElection1: begin an election at term 1 for -1: [184261a9-ea55-45eb-92cb-4107215395d0:192.168.105.177:33337], old=null
2019-06-13 18:18:06,040 INFO  impl.RoleInfo (RoleInfo.java:shutdownLeaderElection(134)) - 184261a9-ea55-45eb-92cb-4107215395d0: shutdown LeaderElection
2019-06-13 18:18:06,048 INFO  impl.RaftServerImpl (RaftServerImpl.java:setRole(164)) - 184261a9-ea55-45eb-92cb-4107215395d0:group-DC31EB0E35E3 changes role from CANDIDATE to LEADER at term 1 for changeToLeader
2019-06-13 18:18:06,048 INFO  impl.RaftServerImpl (ServerState.java:setLeader(263)) - 184261a9-ea55-45eb-92cb-4107215395d0:group-DC31EB0E35E3 change Leader from null to 184261a9-ea55-45eb-92cb-4107215395d0 at term 1 for becomeLeader, leader elected after 1481ms
2019-06-13 18:18:06,053 INFO  server.RaftServerConfigKeys (ConfUtils.java:logGet(43)) - raft.server.staging.catchup.gap = 1000 (default)
2019-06-13 18:18:06,053 INFO  server.RaftServerConfigKeys (ConfUtils.java:logGet(43)) - raft.server.rpc.sleep.time = 25ms (default)
2019-06-13 18:18:06,053 INFO  impl.FollowerState (FollowerState.java:run(101)) - bc43a908-1892-43bb-ae4c-d25d758e99ca:group-79B89D715FC7 changes to CANDIDATE, lastRpcTime:1046, electionTimeout:1018ms
2019-06-13 18:18:06,055 INFO  impl.RoleInfo (RoleInfo.java:shutdownFollowerState(121)) - bc43a908-1892-43bb-ae4c-d25d758e99ca: shutdown FollowerState
2019-06-13 18:18:06,055 INFO  impl.RaftServerImpl (RaftServerImpl.java:setRole(164)) - bc43a908-1892-43bb-ae4c-d25d758e99ca:group-79B89D715FC7 changes role from FOLLOWER to CANDIDATE at term 0 for changeToCandidate
2019-06-13 18:18:06,057 INFO  impl.RoleInfo (RoleInfo.java:updateAndGet(143)) - bc43a908-1892-43bb-ae4c-d25d758e99ca: start LeaderElection
2019-06-13 18:18:06,058 INFO  pipeline.PipelineStateManager (PipelineStateManager.java:addPipeline(56)) - Created pipeline Pipeline[ Id: 26335719-a42e-45b8-9bfe-62c2eaed8a49, Nodes: 14511b79-4b9d-4b54-b9d9-46d92e6e219c{ip: 192.168.105.177, host: ozone-pdpn9-622331312, networkLocation: /default-rack, certSerialId: null}fdd4106f-1900-4b5d-b785-25218f9fb25b{ip: 192.168.105.177, host: ozone-pdpn9-622331312, networkLocation: /default-rack, certSerialId: null}bf2e4153-283c-42c2-a802-8b296c9fd8f9{ip: 192.168.105.177, host: ozone-pdpn9-622331312, networkLocation: /default-rack, certSerialId: null}, Type:RATIS, Factor:THREE, State:OPEN]
2019-06-13 18:18:06,060 INFO  server.RaftServerConfigKeys (ConfUtils.java:logGet(43)) - raft.server.watch.timeout = 10s (default)
2019-06-13 18:18:06,061 INFO  server.RaftServerConfigKeys (ConfUtils.java:logGet(43)) - raft.server.watch.timeout.denomination = 1s (default)
2019-06-13 18:18:06,077 INFO  impl.RoleInfo (RoleInfo.java:updateAndGet(143)) - 184261a9-ea55-45eb-92cb-4107215395d0: start LeaderState
2019-06-13 18:18:06,085 INFO  impl.LeaderElection (LeaderElection.java:askForVotes(181)) - bc43a908-1892-43bb-ae4c-d25d758e99ca:group-79B89D715FC7:LeaderElection2: begin an election at term 1 for -1: [bc43a908-1892-43bb-ae4c-d25d758e99ca:192.168.105.177:38615], old=null
2019-06-13 18:18:06,087 INFO  impl.RoleInfo (RoleInfo.java:shutdownLeaderElection(134)) - bc43a908-1892-43bb-ae4c-d25d758e99ca: shutdown LeaderElection
2019-06-13 18:18:06,087 INFO  impl.RaftServerImpl (RaftServerImpl.java:setRole(164)) - bc43a908-1892-43bb-ae4c-d25d758e99ca:group-79B89D715FC7 changes role from CANDIDATE to LEADER at term 1 for changeToLeader
2019-06-13 18:18:06,087 INFO  impl.RaftServerImpl (ServerState.java:setLeader(263)) - bc43a908-1892-43bb-ae4c-d25d758e99ca:group-79B89D715FC7 change Leader from null to bc43a908-1892-43bb-ae4c-d25d758e99ca at term 1 for becomeLeader, leader elected after 1089ms
2019-06-13 18:18:06,100 INFO  server.RaftServerConfigKeys (ConfUtils.java:logGet(43)) - raft.server.staging.catchup.gap = 1000 (default)
2019-06-13 18:18:06,100 INFO  server.RaftServerConfigKeys (ConfUtils.java:logGet(43)) - raft.server.rpc.sleep.time = 25ms (default)
2019-06-13 18:18:06,100 INFO  server.RaftServerConfigKeys (ConfUtils.java:logGet(43)) - raft.server.watch.timeout = 10s (default)
2019-06-13 18:18:06,100 INFO  server.RaftServerConfigKeys (ConfUtils.java:logGet(43)) - raft.server.watch.timeout.denomination = 1s (default)
2019-06-13 18:18:06,100 INFO  impl.RoleInfo (RoleInfo.java:updateAndGet(143)) - bc43a908-1892-43bb-ae4c-d25d758e99ca: start LeaderState
2019-06-13 18:18:06,104 INFO  storage.RaftLogWorker (RaftLogWorker.java:startLogSegment(298)) - bc43a908-1892-43bb-ae4c-d25d758e99ca-RaftLogWorker: Starting segment from index:0
2019-06-13 18:18:06,127 INFO  storage.RaftLogWorker (RaftLogWorker.java:startLogSegment(298)) - 184261a9-ea55-45eb-92cb-4107215395d0-RaftLogWorker: Starting segment from index:0
2019-06-13 18:18:06,144 INFO  impl.RaftServerImpl (ServerState.java:setRaftConf(361)) - bc43a908-1892-43bb-ae4c-d25d758e99ca:group-79B89D715FC7 set configuration 0: [bc43a908-1892-43bb-ae4c-d25d758e99ca:192.168.105.177:38615], old=null at 0
2019-06-13 18:18:06,157 INFO  impl.RaftServerImpl (ServerState.java:setRaftConf(361)) - 184261a9-ea55-45eb-92cb-4107215395d0:group-DC31EB0E35E3 set configuration 0: [184261a9-ea55-45eb-92cb-4107215395d0:192.168.105.177:33337], old=null at 0
2019-06-13 18:18:06,348 INFO  impl.FollowerState (FollowerState.java:run(101)) - bf2e4153-283c-42c2-a802-8b296c9fd8f9:group-39986954F647 changes to CANDIDATE, lastRpcTime:1206, electionTimeout:1194ms
2019-06-13 18:18:06,348 INFO  impl.RoleInfo (RoleInfo.java:shutdownFollowerState(121)) - bf2e4153-283c-42c2-a802-8b296c9fd8f9: shutdown FollowerState
2019-06-13 18:18:06,348 INFO  impl.RaftServerImpl (RaftServerImpl.java:setRole(164)) - bf2e4153-283c-42c2-a802-8b296c9fd8f9:group-39986954F647 changes role from FOLLOWER to CANDIDATE at term 0 for changeToCandidate
2019-06-13 18:18:06,349 INFO  impl.RoleInfo (RoleInfo.java:updateAndGet(143)) - bf2e4153-283c-42c2-a802-8b296c9fd8f9: start LeaderElection
2019-06-13 18:18:06,374 INFO  impl.FollowerState (FollowerState.java:run(101)) - 618095e9-96f2-41e3-bd55-a80c2252c4db:group-A809D27DD31A changes to CANDIDATE, lastRpcTime:1108, electionTimeout:1094ms
2019-06-13 18:18:06,374 INFO  impl.RoleInfo (RoleInfo.java:shutdownFollowerState(121)) - 618095e9-96f2-41e3-bd55-a80c2252c4db: shutdown FollowerState
2019-06-13 18:18:06,374 INFO  impl.RaftServerImpl (RaftServerImpl.java:setRole(164)) - 618095e9-96f2-41e3-bd55-a80c2252c4db:group-A809D27DD31A changes role from FOLLOWER to CANDIDATE at term 0 for changeToCandidate
2019-06-13 18:18:06,374 INFO  impl.RoleInfo (RoleInfo.java:updateAndGet(143)) - 618095e9-96f2-41e3-bd55-a80c2252c4db: start LeaderElection
2019-06-13 18:18:06,376 INFO  impl.FollowerState (FollowerState.java:run(101)) - bc43a908-1892-43bb-ae4c-d25d758e99ca:group-BAB86863214F changes to CANDIDATE, lastRpcTime:1048, electionTimeout:1048ms
2019-06-13 18:18:06,376 INFO  impl.RoleInfo (RoleInfo.java:shutdownFollowerState(121)) - bc43a908-1892-43bb-ae4c-d25d758e99ca: shutdown FollowerState
2019-06-13 18:18:06,377 INFO  impl.RaftServerImpl (RaftServerImpl.java:setRole(164)) - bc43a908-1892-43bb-ae4c-d25d758e99ca:group-BAB86863214F changes role from FOLLOWER to CANDIDATE at term 0 for changeToCandidate
2019-06-13 18:18:06,377 INFO  impl.LeaderElection (LeaderElection.java:askForVotes(181)) - bf2e4153-283c-42c2-a802-8b296c9fd8f9:group-39986954F647:LeaderElection3: begin an election at term 1 for -1: [bf2e4153-283c-42c2-a802-8b296c9fd8f9:192.168.105.177:42291], old=null
2019-06-13 18:18:06,377 INFO  impl.RoleInfo (RoleInfo.java:updateAndGet(143)) - bc43a908-1892-43bb-ae4c-d25d758e99ca: start LeaderElection
2019-06-13 18:18:06,378 INFO  impl.RoleInfo (RoleInfo.java:shutdownLeaderElection(134)) - bf2e4153-283c-42c2-a802-8b296c9fd8f9: shutdown LeaderElection
2019-06-13 18:18:06,378 INFO  impl.RaftServerImpl (RaftServerImpl.java:setRole(164)) - bf2e4153-283c-42c2-a802-8b296c9fd8f9:group-39986954F647 changes role from CANDIDATE to LEADER at term 1 for changeToLeader
2019-06-13 18:18:06,378 INFO  impl.RaftServerImpl (ServerState.java:setLeader(263)) - bf2e4153-283c-42c2-a802-8b296c9fd8f9:group-39986954F647 change Leader from null to bf2e4153-283c-42c2-a802-8b296c9fd8f9 at term 1 for becomeLeader, leader elected after 1240ms
2019-06-13 18:18:06,380 INFO  server.RaftServerConfigKeys (ConfUtils.java:logGet(43)) - raft.server.staging.catchup.gap = 1000 (default)
2019-06-13 18:18:06,380 INFO  server.RaftServerConfigKeys (ConfUtils.java:logGet(43)) - raft.server.rpc.sleep.time = 25ms (default)
2019-06-13 18:18:06,380 INFO  server.RaftServerConfigKeys (ConfUtils.java:logGet(43)) - raft.server.watch.timeout = 10s (default)
2019-06-13 18:18:06,380 INFO  server.RaftServerConfigKeys (ConfUtils.java:logGet(43)) - raft.server.watch.timeout.denomination = 1s (default)
2019-06-13 18:18:06,381 INFO  storage.RaftLogWorker (RaftLogWorker.java:execute(469)) - bc43a908-1892-43bb-ae4c-d25d758e99ca-RaftLogWorker: created new log segment /opt/src/hadoop-ozone/integration-test/target/test-dir/MiniOzoneClusterImpl-43617161-62b0-458b-9588-a60bb81da193/datanode-1/data/ratis/15f713fe-5904-43a3-b54c-79b89d715fc7/current/log_inprogress_0
2019-06-13 18:18:06,380 INFO  impl.LeaderElection (LeaderElection.java:askForVotes(181)) - 618095e9-96f2-41e3-bd55-a80c2252c4db:group-A809D27DD31A:LeaderElection4: begin an election at term 1 for -1: [618095e9-96f2-41e3-bd55-a80c2252c4db:192.168.105.177:46211], old=null
2019-06-13 18:18:06,382 INFO  impl.RoleInfo (RoleInfo.java:updateAndGet(143)) - bf2e4153-283c-42c2-a802-8b296c9fd8f9: start LeaderState
2019-06-13 18:18:06,382 INFO  impl.RoleInfo (RoleInfo.java:shutdownLeaderElection(134)) - 618095e9-96f2-41e3-bd55-a80c2252c4db: shutdown LeaderElection
2019-06-13 18:18:06,382 INFO  impl.RaftServerImpl (RaftServerImpl.java:setRole(164)) - 618095e9-96f2-41e3-bd55-a80c2252c4db:group-A809D27DD31A changes role from CANDIDATE to LEADER at term 1 for changeToLeader
2019-06-13 18:18:06,382 INFO  impl.RaftServerImpl (ServerState.java:setLeader(263)) - 618095e9-96f2-41e3-bd55-a80c2252c4db:group-A809D27DD31A change Leader from null to 618095e9-96f2-41e3-bd55-a80c2252c4db at term 1 for becomeLeader, leader elected after 1118ms
2019-06-13 18:18:06,382 INFO  impl.FollowerState (FollowerState.java:run(101)) - 618095e9-96f2-41e3-bd55-a80c2252c4db:group-BAB86863214F changes to CANDIDATE, lastRpcTime:1065, electionTimeout:1064ms
2019-06-13 18:18:06,383 INFO  impl.RoleInfo (RoleInfo.java:shutdownFollowerState(121)) - 618095e9-96f2-41e3-bd55-a80c2252c4db: shutdown FollowerState
2019-06-13 18:18:06,383 INFO  storage.RaftLogWorker (RaftLogWorker.java:execute(469)) - 184261a9-ea55-45eb-92cb-4107215395d0-RaftLogWorker: created new log segment /opt/src/hadoop-ozone/integration-test/target/test-dir/MiniOzoneClusterImpl-43617161-62b0-458b-9588-a60bb81da193/datanode-0/data/ratis/0f7d1cfd-70a0-4e8f-ad2c-dc31eb0e35e3/current/log_inprogress_0
2019-06-13 18:18:06,385 INFO  impl.LeaderElection (LeaderElection.java:askForVotes(181)) - bc43a908-1892-43bb-ae4c-d25d758e99ca:group-BAB86863214F:LeaderElection5: begin an election at term 1 for -1: [184261a9-ea55-45eb-92cb-4107215395d0:192.168.105.177:33337, 618095e9-96f2-41e3-bd55-a80c2252c4db:192.168.105.177:46211, bc43a908-1892-43bb-ae4c-d25d758e99ca:192.168.105.177:38615], old=null
2019-06-13 18:18:06,382 INFO  storage.RaftLogWorker (RaftLogWorker.java:startLogSegment(298)) - bf2e4153-283c-42c2-a802-8b296c9fd8f9-RaftLogWorker: Starting segment from index:0
2019-06-13 18:18:06,383 INFO  server.RaftServerConfigKeys (ConfUtils.java:logGet(43)) - raft.server.staging.catchup.gap = 1000 (default)
2019-06-13 18:18:06,389 INFO  server.RaftServerConfigKeys (ConfUtils.java:logGet(43)) - raft.server.rpc.sleep.time = 25ms (default)
2019-06-13 18:18:06,389 INFO  server.RaftServerConfigKeys (ConfUtils.java:logGet(43)) - raft.server.watch.timeout = 10s (default)
2019-06-13 18:18:06,390 INFO  server.RaftServerConfigKeys (ConfUtils.java:logGet(43)) - raft.server.watch.timeout.denomination = 1s (default)
2019-06-13 18:18:06,390 INFO  impl.RoleInfo (RoleInfo.java:updateAndGet(143)) - 618095e9-96f2-41e3-bd55-a80c2252c4db: start LeaderState
2019-06-13 18:18:06,390 INFO  storage.RaftLogWorker (RaftLogWorker.java:startLogSegment(298)) - 618095e9-96f2-41e3-bd55-a80c2252c4db-RaftLogWorker: Starting segment from index:0
2019-06-13 18:18:06,383 INFO  impl.RaftServerImpl (RaftServerImpl.java:setRole(164)) - 618095e9-96f2-41e3-bd55-a80c2252c4db:group-BAB86863214F changes role from FOLLOWER to CANDIDATE at term 0 for changeToCandidate
2019-06-13 18:18:06,409 INFO  impl.RoleInfo (RoleInfo.java:updateAndGet(143)) - 618095e9-96f2-41e3-bd55-a80c2252c4db: start LeaderElection
2019-06-13 18:18:06,427 INFO  impl.RaftServerImpl (ServerState.java:setRaftConf(361)) - bf2e4153-283c-42c2-a802-8b296c9fd8f9:group-39986954F647 set configuration 0: [bf2e4153-283c-42c2-a802-8b296c9fd8f9:192.168.105.177:42291], old=null at 0
2019-06-13 18:18:06,428 INFO  impl.FollowerState (FollowerState.java:run(101)) - 184261a9-ea55-45eb-92cb-4107215395d0:group-BAB86863214F changes to CANDIDATE, lastRpcTime:1100, electionTimeout:1083ms
2019-06-13 18:18:06,428 INFO  impl.RoleInfo (RoleInfo.java:shutdownFollowerState(121)) - 184261a9-ea55-45eb-92cb-4107215395d0: shutdown FollowerState
2019-06-13 18:18:06,428 INFO  impl.RaftServerImpl (RaftServerImpl.java:setRole(164)) - 184261a9-ea55-45eb-92cb-4107215395d0:group-BAB86863214F changes role from FOLLOWER to CANDIDATE at term 0 for changeToCandidate
2019-06-13 18:18:06,447 INFO  impl.RaftServerImpl (ServerState.java:setRaftConf(361)) - 618095e9-96f2-41e3-bd55-a80c2252c4db:group-A809D27DD31A set configuration 0: [618095e9-96f2-41e3-bd55-a80c2252c4db:192.168.105.177:46211], old=null at 0
2019-06-13 18:18:06,450 INFO  impl.RoleInfo (RoleInfo.java:updateAndGet(143)) - 184261a9-ea55-45eb-92cb-4107215395d0: start LeaderElection
2019-06-13 18:18:06,452 INFO  storage.RaftLogWorker (RaftLogWorker.java:execute(469)) - bf2e4153-283c-42c2-a802-8b296c9fd8f9-RaftLogWorker: created new log segment /opt/src/hadoop-ozone/integration-test/target/test-dir/MiniOzoneClusterImpl-43617161-62b0-458b-9588-a60bb81da193/datanode-2/data/ratis/dc30e24f-b687-49dd-8fc2-39986954f647/current/log_inprogress_0
2019-06-13 18:18:06,474 INFO  impl.LeaderElection (LeaderElection.java:askForVotes(181)) - 618095e9-96f2-41e3-bd55-a80c2252c4db:group-BAB86863214F:LeaderElection6: begin an election at term 1 for -1: [184261a9-ea55-45eb-92cb-4107215395d0:192.168.105.177:33337, 618095e9-96f2-41e3-bd55-a80c2252c4db:192.168.105.177:46211, bc43a908-1892-43bb-ae4c-d25d758e99ca:192.168.105.177:38615], old=null
2019-06-13 18:18:06,477 INFO  storage.RaftLogWorker (RaftLogWorker.java:execute(469)) - 618095e9-96f2-41e3-bd55-a80c2252c4db-RaftLogWorker: created new log segment /opt/src/hadoop-ozone/integration-test/target/test-dir/MiniOzoneClusterImpl-43617161-62b0-458b-9588-a60bb81da193/datanode-3/data/ratis/d211e0e9-1419-4418-bef7-a809d27dd31a/current/log_inprogress_0
2019-06-13 18:18:06,484 INFO  impl.LeaderElection (LeaderElection.java:askForVotes(181)) - 184261a9-ea55-45eb-92cb-4107215395d0:group-BAB86863214F:LeaderElection7: begin an election at term 1 for -1: [184261a9-ea55-45eb-92cb-4107215395d0:192.168.105.177:33337, 618095e9-96f2-41e3-bd55-a80c2252c4db:192.168.105.177:46211, bc43a908-1892-43bb-ae4c-d25d758e99ca:192.168.105.177:38615], old=null
2019-06-13 18:18:06,502 INFO  impl.LeaderElection (LeaderElection.java:logAndReturn(56)) - bc43a908-1892-43bb-ae4c-d25d758e99ca:group-BAB86863214F:LeaderElection5: Election REJECTED; received 2 response(s) [bc43a908-1892-43bb-ae4c-d25d758e99ca->184261a9-ea55-45eb-92cb-4107215395d0,false-t1, bc43a908-1892-43bb-ae4c-d25d758e99ca->618095e9-96f2-41e3-bd55-a80c2252c4db,false-t1] and 0 exception(s); bc43a908-1892-43bb-ae4c-d25d758e99ca:t1, leader=null, voted=bc43a908-1892-43bb-ae4c-d25d758e99ca, raftlog=bc43a908-1892-43bb-ae4c-d25d758e99ca-SegmentedRaftLog:OPENED:c-1,f-1,i0, conf=-1: [184261a9-ea55-45eb-92cb-4107215395d0:192.168.105.177:33337, 618095e9-96f2-41e3-bd55-a80c2252c4db:192.168.105.177:46211, bc43a908-1892-43bb-ae4c-d25d758e99ca:192.168.105.177:38615], old=null
2019-06-13 18:18:06,503 INFO  impl.RaftServerImpl (RaftServerImpl.java:setRole(164)) - bc43a908-1892-43bb-ae4c-d25d758e99ca:group-BAB86863214F changes role from CANDIDATE to FOLLOWER at term 1 for DISCOVERED_A_NEW_TERM
2019-06-13 18:18:06,503 INFO  impl.RoleInfo (RoleInfo.java:shutdownLeaderElection(134)) - bc43a908-1892-43bb-ae4c-d25d758e99ca: shutdown LeaderElection
2019-06-13 18:18:06,503 INFO  impl.RoleInfo (RoleInfo.java:updateAndGet(143)) - bc43a908-1892-43bb-ae4c-d25d758e99ca: start FollowerState
2019-06-13 18:18:06,524 INFO  impl.LeaderElection (LeaderElection.java:logAndReturn(56)) - 618095e9-96f2-41e3-bd55-a80c2252c4db:group-BAB86863214F:LeaderElection6: Election REJECTED; received 2 response(s) [618095e9-96f2-41e3-bd55-a80c2252c4db->184261a9-ea55-45eb-92cb-4107215395d0,false-t1, 618095e9-96f2-41e3-bd55-a80c2252c4db->bc43a908-1892-43bb-ae4c-d25d758e99ca,false-t1] and 0 exception(s); 618095e9-96f2-41e3-bd55-a80c2252c4db:t1, leader=null, voted=618095e9-96f2-41e3-bd55-a80c2252c4db, raftlog=618095e9-96f2-41e3-bd55-a80c2252c4db-SegmentedRaftLog:OPENED:c-1,f-1,i0, conf=-1: [184261a9-ea55-45eb-92cb-4107215395d0:192.168.105.177:33337, 618095e9-96f2-41e3-bd55-a80c2252c4db:192.168.105.177:46211, bc43a908-1892-43bb-ae4c-d25d758e99ca:192.168.105.177:38615], old=null
2019-06-13 18:18:06,526 INFO  impl.RaftServerImpl (RaftServerImpl.java:setRole(164)) - 618095e9-96f2-41e3-bd55-a80c2252c4db:group-BAB86863214F changes role from CANDIDATE to FOLLOWER at term 1 for DISCOVERED_A_NEW_TERM
2019-06-13 18:18:06,528 INFO  impl.RoleInfo (RoleInfo.java:shutdownLeaderElection(134)) - 618095e9-96f2-41e3-bd55-a80c2252c4db: shutdown LeaderElection
2019-06-13 18:18:06,528 INFO  impl.RoleInfo (RoleInfo.java:updateAndGet(143)) - 618095e9-96f2-41e3-bd55-a80c2252c4db: start FollowerState
2019-06-13 18:18:06,528 INFO  impl.LeaderElection (LeaderElection.java:logAndReturn(56)) - 184261a9-ea55-45eb-92cb-4107215395d0:group-BAB86863214F:LeaderElection7: Election REJECTED; received 2 response(s) [184261a9-ea55-45eb-92cb-4107215395d0->618095e9-96f2-41e3-bd55-a80c2252c4db,false-t1, 184261a9-ea55-45eb-92cb-4107215395d0->bc43a908-1892-43bb-ae4c-d25d758e99ca,false-t1] and 0 exception(s); 184261a9-ea55-45eb-92cb-4107215395d0:t1, leader=null, voted=184261a9-ea55-45eb-92cb-4107215395d0, raftlog=184261a9-ea55-45eb-92cb-4107215395d0-SegmentedRaftLog:OPENED:c-1,f-1,i0, conf=-1: [184261a9-ea55-45eb-92cb-4107215395d0:192.168.105.177:33337, 618095e9-96f2-41e3-bd55-a80c2252c4db:192.168.105.177:46211, bc43a908-1892-43bb-ae4c-d25d758e99ca:192.168.105.177:38615], old=null
2019-06-13 18:18:06,531 INFO  impl.RaftServerImpl (RaftServerImpl.java:setRole(164)) - 184261a9-ea55-45eb-92cb-4107215395d0:group-BAB86863214F changes role from CANDIDATE to FOLLOWER at term 1 for DISCOVERED_A_NEW_TERM
2019-06-13 18:18:06,532 INFO  impl.RoleInfo (RoleInfo.java:shutdownLeaderElection(134)) - 184261a9-ea55-45eb-92cb-4107215395d0: shutdown LeaderElection
2019-06-13 18:18:06,533 INFO  impl.RoleInfo (RoleInfo.java:updateAndGet(143)) - 184261a9-ea55-45eb-92cb-4107215395d0: start FollowerState
2019-06-13 18:18:06,538 INFO  impl.FollowerState (FollowerState.java:run(101)) - 14511b79-4b9d-4b54-b9d9-46d92e6e219c:group-46D511FE3BD2 changes to CANDIDATE, lastRpcTime:1068, electionTimeout:1063ms
2019-06-13 18:18:06,539 INFO  impl.RoleInfo (RoleInfo.java:shutdownFollowerState(121)) - 14511b79-4b9d-4b54-b9d9-46d92e6e219c: shutdown FollowerState
2019-06-13 18:18:06,539 INFO  impl.RaftServerImpl (RaftServerImpl.java:setRole(164)) - 14511b79-4b9d-4b54-b9d9-46d92e6e219c:group-46D511FE3BD2 changes role from FOLLOWER to CANDIDATE at term 0 for changeToCandidate
2019-06-13 18:18:06,539 INFO  impl.RoleInfo (RoleInfo.java:updateAndGet(143)) - 14511b79-4b9d-4b54-b9d9-46d92e6e219c: start LeaderElection
2019-06-13 18:18:06,544 INFO  impl.LeaderElection (LeaderElection.java:askForVotes(181)) - 14511b79-4b9d-4b54-b9d9-46d92e6e219c:group-46D511FE3BD2:LeaderElection8: begin an election at term 1 for -1: [14511b79-4b9d-4b54-b9d9-46d92e6e219c:192.168.105.177:41297], old=null
2019-06-13 18:18:06,544 INFO  impl.RoleInfo (RoleInfo.java:shutdownLeaderElection(134)) - 14511b79-4b9d-4b54-b9d9-46d92e6e219c: shutdown LeaderElection
2019-06-13 18:18:06,545 INFO  impl.RaftServerImpl (RaftServerImpl.java:setRole(164)) - 14511b79-4b9d-4b54-b9d9-46d92e6e219c:group-46D511FE3BD2 changes role from CANDIDATE to LEADER at term 1 for changeToLeader
2019-06-13 18:18:06,545 INFO  impl.RaftServerImpl (ServerState.java:setLeader(263)) - 14511b79-4b9d-4b54-b9d9-46d92e6e219c:group-46D511FE3BD2 change Leader from null to 14511b79-4b9d-4b54-b9d9-46d92e6e219c at term 1 for becomeLeader, leader elected after 1076ms
2019-06-13 18:18:06,546 INFO  server.RaftServerConfigKeys (ConfUtils.java:logGet(43)) - raft.server.staging.catchup.gap = 1000 (default)
2019-06-13 18:18:06,546 INFO  server.RaftServerConfigKeys (ConfUtils.java:logGet(43)) - raft.server.rpc.sleep.time = 25ms (default)
2019-06-13 18:18:06,546 INFO  server.RaftServerConfigKeys (ConfUtils.java:logGet(43)) - raft.server.watch.timeout = 10s (default)
2019-06-13 18:18:06,546 INFO  server.RaftServerConfigKeys (ConfUtils.java:logGet(43)) - raft.server.watch.timeout.denomination = 1s (default)
2019-06-13 18:18:06,546 INFO  impl.RoleInfo (RoleInfo.java:updateAndGet(143)) - 14511b79-4b9d-4b54-b9d9-46d92e6e219c: start LeaderState
2019-06-13 18:18:06,547 INFO  storage.RaftLogWorker (RaftLogWorker.java:startLogSegment(298)) - 14511b79-4b9d-4b54-b9d9-46d92e6e219c-RaftLogWorker: Starting segment from index:0
2019-06-13 18:18:06,547 INFO  impl.RaftServerImpl (ServerState.java:setRaftConf(361)) - 14511b79-4b9d-4b54-b9d9-46d92e6e219c:group-46D511FE3BD2 set configuration 0: [14511b79-4b9d-4b54-b9d9-46d92e6e219c:192.168.105.177:41297], old=null at 0
2019-06-13 18:18:06,583 INFO  storage.RaftLogWorker (RaftLogWorker.java:execute(469)) - 14511b79-4b9d-4b54-b9d9-46d92e6e219c-RaftLogWorker: created new log segment /opt/src/hadoop-ozone/integration-test/target/test-dir/MiniOzoneClusterImpl-43617161-62b0-458b-9588-a60bb81da193/datanode-4/data/ratis/4c7a2544-2662-4023-b84b-46d511fe3bd2/current/log_inprogress_0
2019-06-13 18:18:06,802 INFO  ozone.MiniOzoneClusterImpl (MiniOzoneClusterImpl.java:lambda$waitForClusterToBeReady$0(142)) - Cluster is ready. Got 6 of 6 DN Heartbeats.
]]></system-out>
    <system-err><![CDATA[ERROR StatusLogger No Log4j 2 configuration file found. Using default configuration (logging only errors to the console), or user programmatically provided configurations. Set system property 'log4j2.debug' to show Log4j 2 internal initialization logging. See https://logging.apache.org/log4j/2.x/manual/configuration.html for instructions on how to configure Log4j 2
Jun 13, 2019 6:17:59 PM com.sun.jersey.server.impl.application.WebApplicationImpl _initiate
INFO: Initiating Jersey application, version 'Jersey: 1.19 02/11/2015 03:25 AM'
Jun 13, 2019 6:18:00 PM com.sun.jersey.server.impl.application.WebApplicationImpl _initiate
INFO: Initiating Jersey application, version 'Jersey: 1.19 02/11/2015 03:25 AM'
Jun 13, 2019 6:18:00 PM com.sun.jersey.server.impl.application.WebApplicationImpl _initiate
INFO: Initiating Jersey application, version 'Jersey: 1.19 02/11/2015 03:25 AM'
Jun 13, 2019 6:18:00 PM com.sun.jersey.server.impl.application.WebApplicationImpl _initiate
INFO: Initiating Jersey application, version 'Jersey: 1.19 02/11/2015 03:25 AM'
Jun 13, 2019 6:18:01 PM com.sun.jersey.server.impl.application.WebApplicationImpl _initiate
INFO: Initiating Jersey application, version 'Jersey: 1.19 02/11/2015 03:25 AM'
Jun 13, 2019 6:18:01 PM com.sun.jersey.server.impl.application.WebApplicationImpl _initiate
INFO: Initiating Jersey application, version 'Jersey: 1.19 02/11/2015 03:25 AM'
]]></system-err>
  </testcase>
</testsuite>