<?xml version="1.0" encoding="UTF-8"?>
<testsuite xmlns:xsi="http://www.w3.org/2001/XMLSchema-instance" xsi:noNamespaceSchemaLocation="https://maven.apache.org/surefire/maven-surefire-plugin/xsd/surefire-test-report.xsd" name="org.apache.hadoop.ozone.client.rpc.TestFailureHandlingByClient" time="141.514" tests="7" errors="1" skipped="0" failures="0">
  <properties>
    <property name="awt.toolkit" value="sun.awt.X11.XToolkit"/>
    <property name="file.encoding.pkg" value="sun.io"/>
    <property name="java.specification.version" value="1.8"/>
    <property name="sun.cpu.isalist" value=""/>
    <property name="sun.jnu.encoding" value="UTF-8"/>
    <property name="java.class.path" value="/opt/src/hadoop-ozone/integration-test/target/test-classes:/opt/src/hadoop-ozone/integration-test/target/classes:/root/.m2/repository/org/apache/hadoop/hadoop-ozone-common/0.5.0-SNAPSHOT/hadoop-ozone-common-0.5.0-SNAPSHOT.jar:/root/.m2/repository/org/apache/commons/commons-compress/1.4.1/commons-compress-1.4.1.jar:/root/.m2/repository/org/tukaani/xz/1.0/xz-1.0.jar:/root/.m2/repository/org/apache/hadoop/hadoop-common/3.2.0/hadoop-common-3.2.0.jar:/root/.m2/repository/org/apache/hadoop/hadoop-hdfs/3.2.0/hadoop-hdfs-3.2.0.jar:/root/.m2/repository/org/apache/hadoop/hadoop-hdfs-client/3.2.0/hadoop-hdfs-client-3.2.0.jar:/root/.m2/repository/com/fasterxml/jackson/core/jackson-annotations/2.9.5/jackson-annotations-2.9.5.jar:/root/.m2/repository/org/apache/hadoop/hadoop-hdds-common/0.5.0-SNAPSHOT/hadoop-hdds-common-0.5.0-SNAPSHOT.jar:/root/.m2/repository/javax/annotation/javax.annotation-api/1.2/javax.annotation-api-1.2.jar:/root/.m2/repository/org/apache/ratis/ratis-server/0.4.0-fe2b15d-SNAPSHOT/ratis-server-0.4.0-fe2b15d-SNAPSHOT.jar:/root/.m2/repository/org/apache/ratis/ratis-thirdparty-misc/0.2.0/ratis-thirdparty-misc-0.2.0.jar:/root/.m2/repository/org/apache/ratis/ratis-proto/0.4.0-fe2b15d-SNAPSHOT/ratis-proto-0.4.0-fe2b15d-SNAPSHOT.jar:/root/.m2/repository/org/apache/ratis/ratis-common/0.4.0-fe2b15d-SNAPSHOT/ratis-common-0.4.0-fe2b15d-SNAPSHOT.jar:/root/.m2/repository/org/apache/ratis/ratis-client/0.4.0-fe2b15d-SNAPSHOT/ratis-client-0.4.0-fe2b15d-SNAPSHOT.jar:/root/.m2/repository/org/apache/ratis/ratis-netty/0.4.0-fe2b15d-SNAPSHOT/ratis-netty-0.4.0-fe2b15d-SNAPSHOT.jar:/root/.m2/repository/org/apache/ratis/ratis-grpc/0.4.0-fe2b15d-SNAPSHOT/ratis-grpc-0.4.0-fe2b15d-SNAPSHOT.jar:/root/.m2/repository/org/rocksdb/rocksdbjni/5.14.2/rocksdbjni-5.14.2.jar:/root/.m2/repository/org/apache/logging/log4j/log4j-api/2.11.0/log4j-api-2.11.0.jar:/root/.m2/repository/org/apache/logging/log4j/log4j-core/2.11.0/log4j-core-2.11.0.jar:/root/.m2/repository/com/lmax/disruptor/3.4.2/disruptor-3.4.2.jar:/root/.m2/repository/org/apache/commons/commons-pool2/2.6.0/commons-pool2-2.6.0.jar:/root/.m2/repository/org/bouncycastle/bcpkix-jdk15on/1.60/bcpkix-jdk15on-1.60.jar:/root/.m2/repository/commons-validator/commons-validator/1.6/commons-validator-1.6.jar:/root/.m2/repository/commons-digester/commons-digester/1.8.1/commons-digester-1.8.1.jar:/root/.m2/repository/io/jaegertracing/jaeger-client/0.33.1/jaeger-client-0.33.1.jar:/root/.m2/repository/io/jaegertracing/jaeger-thrift/0.33.1/jaeger-thrift-0.33.1.jar:/root/.m2/repository/org/apache/thrift/libthrift/0.11.0/libthrift-0.11.0.jar:/root/.m2/repository/com/squareup/okhttp3/okhttp/3.9.0/okhttp-3.9.0.jar:/root/.m2/repository/com/squareup/okio/okio/1.13.0/okio-1.13.0.jar:/root/.m2/repository/io/jaegertracing/jaeger-core/0.33.1/jaeger-core-0.33.1.jar:/root/.m2/repository/io/jaegertracing/jaeger-tracerresolver/0.33.1/jaeger-tracerresolver-0.33.1.jar:/root/.m2/repository/io/opentracing/contrib/opentracing-tracerresolver/0.1.5/opentracing-tracerresolver-0.1.5.jar:/root/.m2/repository/io/opentracing/opentracing-util/0.31.0/opentracing-util-0.31.0.jar:/root/.m2/repository/io/opentracing/opentracing-api/0.31.0/opentracing-api-0.31.0.jar:/root/.m2/repository/io/opentracing/opentracing-noop/0.31.0/opentracing-noop-0.31.0.jar:/root/.m2/repository/org/apache/hadoop/hadoop-hdds-server-framework/0.5.0-SNAPSHOT/hadoop-hdds-server-framework-0.5.0-SNAPSHOT.jar:/root/.m2/repository/org/apache/hadoop/hadoop-hdds-server-scm/0.5.0-SNAPSHOT/hadoop-hdds-server-scm-0.5.0-SNAPSHOT.jar:/root/.m2/repository/org/apache/hadoop/hadoop-hdds-container-service/0.5.0-SNAPSHOT/hadoop-hdds-container-service-0.5.0-SNAPSHOT.jar:/root/.m2/repository/org/apache/hadoop/hadoop-hdds-client/0.5.0-SNAPSHOT/hadoop-hdds-client-0.5.0-SNAPSHOT.jar:/root/.m2/repository/org/apache/hadoop/hadoop-hdds-tools/0.5.0-SNAPSHOT/hadoop-hdds-tools-0.5.0-SNAPSHOT.jar:/root/.m2/repository/org/apache/hadoop/hadoop-ozone-ozone-manager/0.5.0-SNAPSHOT/hadoop-ozone-ozone-manager-0.5.0-SNAPSHOT.jar:/root/.m2/repository/org/apache/hadoop/hadoop-hdds-docs/0.5.0-SNAPSHOT/hadoop-hdds-docs-0.5.0-SNAPSHOT.jar:/root/.m2/repository/org/bouncycastle/bcprov-jdk15on/1.60/bcprov-jdk15on-1.60.jar:/root/.m2/repository/org/apache/hadoop/hadoop-minikdc/3.2.0/hadoop-minikdc-3.2.0.jar:/root/.m2/repository/commons-io/commons-io/2.5/commons-io-2.5.jar:/root/.m2/repository/org/apache/kerby/kerb-simplekdc/1.0.1/kerb-simplekdc-1.0.1.jar:/root/.m2/repository/org/apache/kerby/kerb-client/1.0.1/kerb-client-1.0.1.jar:/root/.m2/repository/org/apache/kerby/kerby-config/1.0.1/kerby-config-1.0.1.jar:/root/.m2/repository/org/apache/kerby/kerb-core/1.0.1/kerb-core-1.0.1.jar:/root/.m2/repository/org/apache/kerby/kerby-pkix/1.0.1/kerby-pkix-1.0.1.jar:/root/.m2/repository/org/apache/kerby/kerby-asn1/1.0.1/kerby-asn1-1.0.1.jar:/root/.m2/repository/org/apache/kerby/kerby-util/1.0.1/kerby-util-1.0.1.jar:/root/.m2/repository/org/apache/kerby/kerb-common/1.0.1/kerb-common-1.0.1.jar:/root/.m2/repository/org/apache/kerby/kerb-crypto/1.0.1/kerb-crypto-1.0.1.jar:/root/.m2/repository/org/apache/kerby/kerb-util/1.0.1/kerb-util-1.0.1.jar:/root/.m2/repository/org/apache/kerby/token-provider/1.0.1/token-provider-1.0.1.jar:/root/.m2/repository/org/apache/kerby/kerb-admin/1.0.1/kerb-admin-1.0.1.jar:/root/.m2/repository/org/apache/kerby/kerb-server/1.0.1/kerb-server-1.0.1.jar:/root/.m2/repository/org/apache/kerby/kerb-identity/1.0.1/kerb-identity-1.0.1.jar:/root/.m2/repository/org/apache/kerby/kerby-xdr/1.0.1/kerby-xdr-1.0.1.jar:/root/.m2/repository/org/slf4j/slf4j-log4j12/1.7.25/slf4j-log4j12-1.7.25.jar:/root/.m2/repository/org/apache/hadoop/hadoop-ozone-objectstore-service/0.5.0-SNAPSHOT/hadoop-ozone-objectstore-service-0.5.0-SNAPSHOT.jar:/root/.m2/repository/org/apache/hadoop/hadoop-ozone-s3gateway/0.5.0-SNAPSHOT/hadoop-ozone-s3gateway-0.5.0-SNAPSHOT.jar:/root/.m2/repository/org/jboss/weld/servlet/weld-servlet/2.4.7.Final/weld-servlet-2.4.7.Final.jar:/root/.m2/repository/org/glassfish/jersey/containers/jersey-container-servlet-core/2.27/jersey-container-servlet-core-2.27.jar:/root/.m2/repository/org/glassfish/hk2/external/javax.inject/2.5.0-b42/javax.inject-2.5.0-b42.jar:/root/.m2/repository/org/glassfish/jersey/core/jersey-common/2.27/jersey-common-2.27.jar:/root/.m2/repository/org/glassfish/hk2/osgi-resource-locator/1.0.1/osgi-resource-locator-1.0.1.jar:/root/.m2/repository/javax/ws/rs/javax.ws.rs-api/2.1/javax.ws.rs-api-2.1.jar:/root/.m2/repository/org/glassfish/jersey/ext/cdi/jersey-cdi1x/2.27/jersey-cdi1x-2.27.jar:/root/.m2/repository/org/glassfish/jersey/inject/jersey-hk2/2.27/jersey-hk2-2.27.jar:/root/.m2/repository/org/glassfish/hk2/hk2-locator/2.5.0-b42/hk2-locator-2.5.0-b42.jar:/root/.m2/repository/org/javassist/javassist/3.22.0-CR2/javassist-3.22.0-CR2.jar:/root/.m2/repository/org/glassfish/hk2/hk2-api/2.5.0/hk2-api-2.5.0.jar:/root/.m2/repository/org/glassfish/hk2/external/jakarta.inject/2.5.0/jakarta.inject-2.5.0.jar:/root/.m2/repository/org/glassfish/hk2/hk2-utils/2.5.0/hk2-utils-2.5.0.jar:/root/.m2/repository/jakarta/annotation/jakarta.annotation-api/1.3.4/jakarta.annotation-api-1.3.4.jar:/root/.m2/repository/org/glassfish/hk2/external/aopalliance-repackaged/2.5.0/aopalliance-repackaged-2.5.0.jar:/root/.m2/repository/com/fasterxml/jackson/dataformat/jackson-dataformat-xml/2.9.0/jackson-dataformat-xml-2.9.0.jar:/root/.m2/repository/com/fasterxml/jackson/core/jackson-core/2.9.5/jackson-core-2.9.5.jar:/root/.m2/repository/com/fasterxml/jackson/module/jackson-module-jaxb-annotations/2.9.5/jackson-module-jaxb-annotations-2.9.5.jar:/root/.m2/repository/javax/enterprise/cdi-api/1.2/cdi-api-1.2.jar:/root/.m2/repository/javax/el/javax.el-api/3.0.0/javax.el-api-3.0.0.jar:/root/.m2/repository/javax/interceptor/javax.interceptor-api/1.2/javax.interceptor-api-1.2.jar:/root/.m2/repository/javax/inject/javax.inject/1/javax.inject-1.jar:/root/.m2/repository/com/sun/xml/bind/jaxb-impl/2.3.0.1/jaxb-impl-2.3.0.1.jar:/root/.m2/repository/com/sun/xml/bind/jaxb-core/2.3.0.1/jaxb-core-2.3.0.1.jar:/root/.m2/repository/javax/xml/bind/jaxb-api/2.3.0/jaxb-api-2.3.0.jar:/root/.m2/repository/javax/activation/activation/1.1.1/activation-1.1.1.jar:/root/.m2/repository/org/apache/hadoop/hadoop-ozone-csi/0.5.0-SNAPSHOT/hadoop-ozone-csi-0.5.0-SNAPSHOT.jar:/root/.m2/repository/com/google/protobuf/protobuf-java-util/3.5.1/protobuf-java-util-3.5.1.jar:/root/.m2/repository/org/apache/hadoop/hadoop-hdds-config/0.5.0-SNAPSHOT/hadoop-hdds-config-0.5.0-SNAPSHOT.jar:/root/.m2/repository/com/google/guava/guava/11.0.2/guava-11.0.2.jar:/root/.m2/repository/com/google/protobuf/protobuf-java/2.5.0/protobuf-java-2.5.0.jar:/root/.m2/repository/io/grpc/grpc-netty/1.17.1/grpc-netty-1.17.1.jar:/root/.m2/repository/io/grpc/grpc-core/1.17.1/grpc-core-1.17.1.jar:/root/.m2/repository/io/grpc/grpc-context/1.17.1/grpc-context-1.17.1.jar:/root/.m2/repository/com/google/errorprone/error_prone_annotations/2.2.0/error_prone_annotations-2.2.0.jar:/root/.m2/repository/org/codehaus/mojo/animal-sniffer-annotations/1.17/animal-sniffer-annotations-1.17.jar:/root/.m2/repository/io/opencensus/opencensus-api/0.17.0/opencensus-api-0.17.0.jar:/root/.m2/repository/io/opencensus/opencensus-contrib-grpc-metrics/0.17.0/opencensus-contrib-grpc-metrics-0.17.0.jar:/root/.m2/repository/io/netty/netty-codec-http2/4.1.30.Final/netty-codec-http2-4.1.30.Final.jar:/root/.m2/repository/io/netty/netty-codec-http/4.1.30.Final/netty-codec-http-4.1.30.Final.jar:/root/.m2/repository/io/netty/netty-codec/4.1.30.Final/netty-codec-4.1.30.Final.jar:/root/.m2/repository/io/netty/netty-handler/4.1.30.Final/netty-handler-4.1.30.Final.jar:/root/.m2/repository/io/netty/netty-handler-proxy/4.1.30.Final/netty-handler-proxy-4.1.30.Final.jar:/root/.m2/repository/io/netty/netty-codec-socks/4.1.30.Final/netty-codec-socks-4.1.30.Final.jar:/root/.m2/repository/io/netty/netty-transport-native-epoll/4.1.30.Final/netty-transport-native-epoll-4.1.30.Final.jar:/root/.m2/repository/io/netty/netty-common/4.1.30.Final/netty-common-4.1.30.Final.jar:/root/.m2/repository/io/netty/netty-buffer/4.1.30.Final/netty-buffer-4.1.30.Final.jar:/root/.m2/repository/io/netty/netty-transport/4.1.30.Final/netty-transport-4.1.30.Final.jar:/root/.m2/repository/io/netty/netty-resolver/4.1.30.Final/netty-resolver-4.1.30.Final.jar:/root/.m2/repository/io/netty/netty-transport-native-unix-common/4.1.30.Final/netty-transport-native-unix-common-4.1.30.Final.jar:/root/.m2/repository/io/grpc/grpc-protobuf/1.17.1/grpc-protobuf-1.17.1.jar:/root/.m2/repository/com/google/api/grpc/proto-google-common-protos/1.0.0/proto-google-common-protos-1.0.0.jar:/root/.m2/repository/io/grpc/grpc-protobuf-lite/1.17.1/grpc-protobuf-lite-1.17.1.jar:/root/.m2/repository/io/grpc/grpc-stub/1.17.1/grpc-stub-1.17.1.jar:/root/.m2/repository/org/apache/hadoop/hadoop-ozone-recon/0.5.0-SNAPSHOT/hadoop-ozone-recon-0.5.0-SNAPSHOT.jar:/root/.m2/repository/org/apache/hadoop/hadoop-ozone-reconcodegen/0.5.0-SNAPSHOT/hadoop-ozone-reconcodegen-0.5.0-SNAPSHOT.jar:/root/.m2/repository/com/google/inject/extensions/guice-multibindings/4.0/guice-multibindings-4.0.jar:/root/.m2/repository/com/google/inject/guice/4.0/guice-4.0.jar:/root/.m2/repository/aopalliance/aopalliance/1.0/aopalliance-1.0.jar:/root/.m2/repository/com/google/inject/extensions/guice-servlet/4.0/guice-servlet-4.0.jar:/root/.m2/repository/org/glassfish/jersey/containers/jersey-container-servlet/2.27/jersey-container-servlet-2.27.jar:/root/.m2/repository/org/glassfish/hk2/guice-bridge/2.5.0/guice-bridge-2.5.0.jar:/root/.m2/repository/org/glassfish/jersey/core/jersey-server/2.27/jersey-server-2.27.jar:/root/.m2/repository/org/glassfish/jersey/core/jersey-client/2.27/jersey-client-2.27.jar:/root/.m2/repository/org/glassfish/jersey/media/jersey-media-jaxb/2.27/jersey-media-jaxb-2.27.jar:/root/.m2/repository/javax/validation/validation-api/1.1.0.Final/validation-api-1.1.0.Final.jar:/root/.m2/repository/org/glassfish/jersey/media/jersey-media-json-jackson/2.27/jersey-media-json-jackson-2.27.jar:/root/.m2/repository/org/glassfish/jersey/ext/jersey-entity-filtering/2.27/jersey-entity-filtering-2.27.jar:/root/.m2/repository/com/google/inject/extensions/guice-assistedinject/4.0/guice-assistedinject-4.0.jar:/root/.m2/repository/org/jooq/jooq/3.11.10/jooq-3.11.10.jar:/root/.m2/repository/org/jooq/jooq-meta/3.11.10/jooq-meta-3.11.10.jar:/root/.m2/repository/org/jooq/jooq-codegen/3.11.10/jooq-codegen-3.11.10.jar:/root/.m2/repository/com/jolbox/bonecp/0.8.0.RELEASE/bonecp-0.8.0.RELEASE.jar:/root/.m2/repository/org/xerial/sqlite-jdbc/3.25.2/sqlite-jdbc-3.25.2.jar:/root/.m2/repository/org/springframework/spring-jdbc/5.1.3.RELEASE/spring-jdbc-5.1.3.RELEASE.jar:/root/.m2/repository/org/springframework/spring-beans/5.1.3.RELEASE/spring-beans-5.1.3.RELEASE.jar:/root/.m2/repository/org/springframework/spring-core/5.1.3.RELEASE/spring-core-5.1.3.RELEASE.jar:/root/.m2/repository/org/springframework/spring-jcl/5.1.3.RELEASE/spring-jcl-5.1.3.RELEASE.jar:/root/.m2/repository/org/springframework/spring-tx/5.1.3.RELEASE/spring-tx-5.1.3.RELEASE.jar:/root/.m2/repository/org/apache/hadoop/hadoop-ozone-client/0.5.0-SNAPSHOT/hadoop-ozone-client-0.5.0-SNAPSHOT.jar:/root/.m2/repository/org/apache/hadoop/hadoop-ozone-ozone-manager/0.5.0-SNAPSHOT/hadoop-ozone-ozone-manager-0.5.0-SNAPSHOT-tests.jar:/root/.m2/repository/junit/junit/4.11/junit-4.11.jar:/root/.m2/repository/org/hamcrest/hamcrest-core/1.3/hamcrest-core-1.3.jar:/root/.m2/repository/org/openjdk/jmh/jmh-core/1.19/jmh-core-1.19.jar:/root/.m2/repository/net/sf/jopt-simple/jopt-simple/4.6/jopt-simple-4.6.jar:/root/.m2/repository/org/apache/commons/commons-math3/3.1.1/commons-math3-3.1.1.jar:/root/.m2/repository/org/openjdk/jmh/jmh-generator-annprocess/1.19/jmh-generator-annprocess-1.19.jar:/root/.m2/repository/org/mockito/mockito-all/1.8.5/mockito-all-1.8.5.jar:/root/.m2/repository/org/apache/hadoop/hadoop-kms/3.2.0/hadoop-kms-3.2.0.jar:/root/.m2/repository/org/apache/hadoop/hadoop-auth/3.2.0/hadoop-auth-3.2.0.jar:/root/.m2/repository/com/nimbusds/nimbus-jose-jwt/4.41.1/nimbus-jose-jwt-4.41.1.jar:/root/.m2/repository/com/github/stephenc/jcip/jcip-annotations/1.0-1/jcip-annotations-1.0-1.jar:/root/.m2/repository/net/minidev/json-smart/2.3/json-smart-2.3.jar:/root/.m2/repository/net/minidev/accessors-smart/1.2/accessors-smart-1.2.jar:/root/.m2/repository/org/ow2/asm/asm/5.0.4/asm-5.0.4.jar:/root/.m2/repository/org/apache/curator/curator-framework/2.12.0/curator-framework-2.12.0.jar:/root/.m2/repository/com/sun/jersey/jersey-core/1.19/jersey-core-1.19.jar:/root/.m2/repository/javax/ws/rs/jsr311-api/1.1.1/jsr311-api-1.1.1.jar:/root/.m2/repository/com/sun/jersey/jersey-server/1.19/jersey-server-1.19.jar:/root/.m2/repository/javax/servlet/javax.servlet-api/3.1.0/javax.servlet-api-3.1.0.jar:/root/.m2/repository/org/eclipse/jetty/jetty-server/9.3.24.v20180605/jetty-server-9.3.24.v20180605.jar:/root/.m2/repository/org/eclipse/jetty/jetty-http/9.3.24.v20180605/jetty-http-9.3.24.v20180605.jar:/root/.m2/repository/org/eclipse/jetty/jetty-io/9.3.24.v20180605/jetty-io-9.3.24.v20180605.jar:/root/.m2/repository/org/eclipse/jetty/jetty-webapp/9.3.24.v20180605/jetty-webapp-9.3.24.v20180605.jar:/root/.m2/repository/org/eclipse/jetty/jetty-xml/9.3.24.v20180605/jetty-xml-9.3.24.v20180605.jar:/root/.m2/repository/log4j/log4j/1.2.17/log4j-1.2.17.jar:/root/.m2/repository/org/slf4j/slf4j-api/1.7.25/slf4j-api-1.7.25.jar:/root/.m2/repository/org/slf4j/jul-to-slf4j/1.7.25/jul-to-slf4j-1.7.25.jar:/root/.m2/repository/org/eclipse/jetty/jetty-util/9.3.24.v20180605/jetty-util-9.3.24.v20180605.jar:/root/.m2/repository/io/dropwizard/metrics/metrics-core/3.2.4/metrics-core-3.2.4.jar:/root/.m2/repository/com/fasterxml/jackson/core/jackson-databind/2.9.5/jackson-databind-2.9.5.jar:/root/.m2/repository/org/apache/hadoop/hadoop-kms/3.2.0/hadoop-kms-3.2.0-tests.jar:/root/.m2/repository/org/apache/hadoop/hadoop-hdds-server-scm/0.5.0-SNAPSHOT/hadoop-hdds-server-scm-0.5.0-SNAPSHOT-tests.jar:/root/.m2/repository/org/hamcrest/hamcrest-all/1.3/hamcrest-all-1.3.jar:/root/.m2/repository/info/picocli/picocli/3.9.6/picocli-3.9.6.jar:/root/.m2/repository/org/apache/hadoop/hadoop-hdds-container-service/0.5.0-SNAPSHOT/hadoop-hdds-container-service-0.5.0-SNAPSHOT-tests.jar:/root/.m2/repository/org/yaml/snakeyaml/1.16/snakeyaml-1.16.jar:/root/.m2/repository/org/apache/hadoop/hadoop-common/3.2.0/hadoop-common-3.2.0-tests.jar:/root/.m2/repository/org/apache/hadoop/hadoop-annotations/3.2.0/hadoop-annotations-3.2.0.jar:/usr/lib/jvm/java-1.8-openjdk/jre/../lib/tools.jar:/root/.m2/repository/commons-cli/commons-cli/1.2/commons-cli-1.2.jar:/root/.m2/repository/org/apache/httpcomponents/httpclient/4.5.2/httpclient-4.5.2.jar:/root/.m2/repository/org/apache/httpcomponents/httpcore/4.4.4/httpcore-4.4.4.jar:/root/.m2/repository/commons-codec/commons-codec/1.11/commons-codec-1.11.jar:/root/.m2/repository/commons-net/commons-net/3.6/commons-net-3.6.jar:/root/.m2/repository/commons-collections/commons-collections/3.2.2/commons-collections-3.2.2.jar:/root/.m2/repository/org/eclipse/jetty/jetty-servlet/9.3.24.v20180605/jetty-servlet-9.3.24.v20180605.jar:/root/.m2/repository/org/eclipse/jetty/jetty-security/9.3.24.v20180605/jetty-security-9.3.24.v20180605.jar:/root/.m2/repository/javax/servlet/jsp/jsp-api/2.1/jsp-api-2.1.jar:/root/.m2/repository/com/sun/jersey/jersey-servlet/1.19/jersey-servlet-1.19.jar:/root/.m2/repository/com/sun/jersey/jersey-json/1.19/jersey-json-1.19.jar:/root/.m2/repository/org/codehaus/jettison/jettison/1.1/jettison-1.1.jar:/root/.m2/repository/org/codehaus/jackson/jackson-core-asl/1.9.13/jackson-core-asl-1.9.13.jar:/root/.m2/repository/org/codehaus/jackson/jackson-mapper-asl/1.9.13/jackson-mapper-asl-1.9.13.jar:/root/.m2/repository/org/codehaus/jackson/jackson-jaxrs/1.9.13/jackson-jaxrs-1.9.13.jar:/root/.m2/repository/org/codehaus/jackson/jackson-xc/1.9.13/jackson-xc-1.9.13.jar:/root/.m2/repository/commons-logging/commons-logging/1.1.3/commons-logging-1.1.3.jar:/root/.m2/repository/commons-beanutils/commons-beanutils/1.9.3/commons-beanutils-1.9.3.jar:/root/.m2/repository/org/apache/commons/commons-configuration2/2.1.1/commons-configuration2-2.1.1.jar:/root/.m2/repository/org/apache/commons/commons-lang3/3.7/commons-lang3-3.7.jar:/root/.m2/repository/org/apache/commons/commons-text/1.4/commons-text-1.4.jar:/root/.m2/repository/org/apache/avro/avro/1.7.7/avro-1.7.7.jar:/root/.m2/repository/com/thoughtworks/paranamer/paranamer/2.3/paranamer-2.3.jar:/root/.m2/repository/org/xerial/snappy/snappy-java/1.0.5/snappy-java-1.0.5.jar:/root/.m2/repository/com/google/re2j/re2j/1.1/re2j-1.1.jar:/root/.m2/repository/com/google/code/gson/gson/2.2.4/gson-2.2.4.jar:/root/.m2/repository/com/jcraft/jsch/0.1.54/jsch-0.1.54.jar:/root/.m2/repository/org/apache/curator/curator-client/2.12.0/curator-client-2.12.0.jar:/root/.m2/repository/org/apache/curator/curator-recipes/2.12.0/curator-recipes-2.12.0.jar:/root/.m2/repository/com/google/code/findbugs/jsr305/3.0.0/jsr305-3.0.0.jar:/root/.m2/repository/org/apache/htrace/htrace-core4/4.1.0-incubating/htrace-core4-4.1.0-incubating.jar:/root/.m2/repository/org/apache/zookeeper/zookeeper/3.4.13/zookeeper-3.4.13.jar:/root/.m2/repository/org/apache/yetus/audience-annotations/0.5.0/audience-annotations-0.5.0.jar:/root/.m2/repository/org/codehaus/woodstox/stax2-api/3.1.4/stax2-api-3.1.4.jar:/root/.m2/repository/com/fasterxml/woodstox/woodstox-core/5.0.3/woodstox-core-5.0.3.jar:/root/.m2/repository/dnsjava/dnsjava/2.1.7/dnsjava-2.1.7.jar:/root/.m2/repository/org/apache/hadoop/hadoop-hdfs/3.2.0/hadoop-hdfs-3.2.0-tests.jar:/root/.m2/repository/org/eclipse/jetty/jetty-util-ajax/9.3.24.v20180605/jetty-util-ajax-9.3.24.v20180605.jar:/root/.m2/repository/commons-daemon/commons-daemon/1.0.13/commons-daemon-1.0.13.jar:/root/.m2/repository/io/netty/netty/3.10.5.Final/netty-3.10.5.Final.jar:/root/.m2/repository/io/netty/netty-all/4.0.52.Final/netty-all-4.0.52.Final.jar:/root/.m2/repository/org/fusesource/leveldbjni/leveldbjni-all/1.8/leveldbjni-all-1.8.jar:"/>
    <property name="java.vm.vendor" value="IcedTea"/>
    <property name="sun.arch.data.model" value="64"/>
    <property name="test.build.dir" value="/opt/src/hadoop-ozone/integration-test/target/test-dir"/>
    <property name="test.cache.data" value=""/>
    <property name="java.vendor.url" value="https://icedtea.classpath.org"/>
    <property name="user.timezone" value=""/>
    <property name="java.vm.specification.version" value="1.8"/>
    <property name="os.name" value="Linux"/>
    <property name="test.build.data" value="/opt/src/hadoop-ozone/integration-test/target/test-dir"/>
    <property name="user.country" value="US"/>
    <property name="sun.java.launcher" value="SUN_STANDARD"/>
    <property name="sun.boot.library.path" value="/usr/lib/jvm/java-1.8-openjdk/jre/lib/amd64"/>
    <property name="sun.java.command" value="/opt/src/hadoop-ozone/integration-test/target/surefire/surefirebooter3900890712648253649.jar /opt/src/hadoop-ozone/integration-test/target/surefire 2019-06-13T20-32-43_082-jvmRun1 surefire8847468433538482657tmp surefire_124335988050552603555tmp"/>
    <property name="surefire.test.class.path" value="/opt/src/hadoop-ozone/integration-test/target/test-classes:/opt/src/hadoop-ozone/integration-test/target/classes:/root/.m2/repository/org/apache/hadoop/hadoop-ozone-common/0.5.0-SNAPSHOT/hadoop-ozone-common-0.5.0-SNAPSHOT.jar:/root/.m2/repository/org/apache/commons/commons-compress/1.4.1/commons-compress-1.4.1.jar:/root/.m2/repository/org/tukaani/xz/1.0/xz-1.0.jar:/root/.m2/repository/org/apache/hadoop/hadoop-common/3.2.0/hadoop-common-3.2.0.jar:/root/.m2/repository/org/apache/hadoop/hadoop-hdfs/3.2.0/hadoop-hdfs-3.2.0.jar:/root/.m2/repository/org/apache/hadoop/hadoop-hdfs-client/3.2.0/hadoop-hdfs-client-3.2.0.jar:/root/.m2/repository/com/fasterxml/jackson/core/jackson-annotations/2.9.5/jackson-annotations-2.9.5.jar:/root/.m2/repository/org/apache/hadoop/hadoop-hdds-common/0.5.0-SNAPSHOT/hadoop-hdds-common-0.5.0-SNAPSHOT.jar:/root/.m2/repository/javax/annotation/javax.annotation-api/1.2/javax.annotation-api-1.2.jar:/root/.m2/repository/org/apache/ratis/ratis-server/0.4.0-fe2b15d-SNAPSHOT/ratis-server-0.4.0-fe2b15d-SNAPSHOT.jar:/root/.m2/repository/org/apache/ratis/ratis-thirdparty-misc/0.2.0/ratis-thirdparty-misc-0.2.0.jar:/root/.m2/repository/org/apache/ratis/ratis-proto/0.4.0-fe2b15d-SNAPSHOT/ratis-proto-0.4.0-fe2b15d-SNAPSHOT.jar:/root/.m2/repository/org/apache/ratis/ratis-common/0.4.0-fe2b15d-SNAPSHOT/ratis-common-0.4.0-fe2b15d-SNAPSHOT.jar:/root/.m2/repository/org/apache/ratis/ratis-client/0.4.0-fe2b15d-SNAPSHOT/ratis-client-0.4.0-fe2b15d-SNAPSHOT.jar:/root/.m2/repository/org/apache/ratis/ratis-netty/0.4.0-fe2b15d-SNAPSHOT/ratis-netty-0.4.0-fe2b15d-SNAPSHOT.jar:/root/.m2/repository/org/apache/ratis/ratis-grpc/0.4.0-fe2b15d-SNAPSHOT/ratis-grpc-0.4.0-fe2b15d-SNAPSHOT.jar:/root/.m2/repository/org/rocksdb/rocksdbjni/5.14.2/rocksdbjni-5.14.2.jar:/root/.m2/repository/org/apache/logging/log4j/log4j-api/2.11.0/log4j-api-2.11.0.jar:/root/.m2/repository/org/apache/logging/log4j/log4j-core/2.11.0/log4j-core-2.11.0.jar:/root/.m2/repository/com/lmax/disruptor/3.4.2/disruptor-3.4.2.jar:/root/.m2/repository/org/apache/commons/commons-pool2/2.6.0/commons-pool2-2.6.0.jar:/root/.m2/repository/org/bouncycastle/bcpkix-jdk15on/1.60/bcpkix-jdk15on-1.60.jar:/root/.m2/repository/commons-validator/commons-validator/1.6/commons-validator-1.6.jar:/root/.m2/repository/commons-digester/commons-digester/1.8.1/commons-digester-1.8.1.jar:/root/.m2/repository/io/jaegertracing/jaeger-client/0.33.1/jaeger-client-0.33.1.jar:/root/.m2/repository/io/jaegertracing/jaeger-thrift/0.33.1/jaeger-thrift-0.33.1.jar:/root/.m2/repository/org/apache/thrift/libthrift/0.11.0/libthrift-0.11.0.jar:/root/.m2/repository/com/squareup/okhttp3/okhttp/3.9.0/okhttp-3.9.0.jar:/root/.m2/repository/com/squareup/okio/okio/1.13.0/okio-1.13.0.jar:/root/.m2/repository/io/jaegertracing/jaeger-core/0.33.1/jaeger-core-0.33.1.jar:/root/.m2/repository/io/jaegertracing/jaeger-tracerresolver/0.33.1/jaeger-tracerresolver-0.33.1.jar:/root/.m2/repository/io/opentracing/contrib/opentracing-tracerresolver/0.1.5/opentracing-tracerresolver-0.1.5.jar:/root/.m2/repository/io/opentracing/opentracing-util/0.31.0/opentracing-util-0.31.0.jar:/root/.m2/repository/io/opentracing/opentracing-api/0.31.0/opentracing-api-0.31.0.jar:/root/.m2/repository/io/opentracing/opentracing-noop/0.31.0/opentracing-noop-0.31.0.jar:/root/.m2/repository/org/apache/hadoop/hadoop-hdds-server-framework/0.5.0-SNAPSHOT/hadoop-hdds-server-framework-0.5.0-SNAPSHOT.jar:/root/.m2/repository/org/apache/hadoop/hadoop-hdds-server-scm/0.5.0-SNAPSHOT/hadoop-hdds-server-scm-0.5.0-SNAPSHOT.jar:/root/.m2/repository/org/apache/hadoop/hadoop-hdds-container-service/0.5.0-SNAPSHOT/hadoop-hdds-container-service-0.5.0-SNAPSHOT.jar:/root/.m2/repository/org/apache/hadoop/hadoop-hdds-client/0.5.0-SNAPSHOT/hadoop-hdds-client-0.5.0-SNAPSHOT.jar:/root/.m2/repository/org/apache/hadoop/hadoop-hdds-tools/0.5.0-SNAPSHOT/hadoop-hdds-tools-0.5.0-SNAPSHOT.jar:/root/.m2/repository/org/apache/hadoop/hadoop-ozone-ozone-manager/0.5.0-SNAPSHOT/hadoop-ozone-ozone-manager-0.5.0-SNAPSHOT.jar:/root/.m2/repository/org/apache/hadoop/hadoop-hdds-docs/0.5.0-SNAPSHOT/hadoop-hdds-docs-0.5.0-SNAPSHOT.jar:/root/.m2/repository/org/bouncycastle/bcprov-jdk15on/1.60/bcprov-jdk15on-1.60.jar:/root/.m2/repository/org/apache/hadoop/hadoop-minikdc/3.2.0/hadoop-minikdc-3.2.0.jar:/root/.m2/repository/commons-io/commons-io/2.5/commons-io-2.5.jar:/root/.m2/repository/org/apache/kerby/kerb-simplekdc/1.0.1/kerb-simplekdc-1.0.1.jar:/root/.m2/repository/org/apache/kerby/kerb-client/1.0.1/kerb-client-1.0.1.jar:/root/.m2/repository/org/apache/kerby/kerby-config/1.0.1/kerby-config-1.0.1.jar:/root/.m2/repository/org/apache/kerby/kerb-core/1.0.1/kerb-core-1.0.1.jar:/root/.m2/repository/org/apache/kerby/kerby-pkix/1.0.1/kerby-pkix-1.0.1.jar:/root/.m2/repository/org/apache/kerby/kerby-asn1/1.0.1/kerby-asn1-1.0.1.jar:/root/.m2/repository/org/apache/kerby/kerby-util/1.0.1/kerby-util-1.0.1.jar:/root/.m2/repository/org/apache/kerby/kerb-common/1.0.1/kerb-common-1.0.1.jar:/root/.m2/repository/org/apache/kerby/kerb-crypto/1.0.1/kerb-crypto-1.0.1.jar:/root/.m2/repository/org/apache/kerby/kerb-util/1.0.1/kerb-util-1.0.1.jar:/root/.m2/repository/org/apache/kerby/token-provider/1.0.1/token-provider-1.0.1.jar:/root/.m2/repository/org/apache/kerby/kerb-admin/1.0.1/kerb-admin-1.0.1.jar:/root/.m2/repository/org/apache/kerby/kerb-server/1.0.1/kerb-server-1.0.1.jar:/root/.m2/repository/org/apache/kerby/kerb-identity/1.0.1/kerb-identity-1.0.1.jar:/root/.m2/repository/org/apache/kerby/kerby-xdr/1.0.1/kerby-xdr-1.0.1.jar:/root/.m2/repository/org/slf4j/slf4j-log4j12/1.7.25/slf4j-log4j12-1.7.25.jar:/root/.m2/repository/org/apache/hadoop/hadoop-ozone-objectstore-service/0.5.0-SNAPSHOT/hadoop-ozone-objectstore-service-0.5.0-SNAPSHOT.jar:/root/.m2/repository/org/apache/hadoop/hadoop-ozone-s3gateway/0.5.0-SNAPSHOT/hadoop-ozone-s3gateway-0.5.0-SNAPSHOT.jar:/root/.m2/repository/org/jboss/weld/servlet/weld-servlet/2.4.7.Final/weld-servlet-2.4.7.Final.jar:/root/.m2/repository/org/glassfish/jersey/containers/jersey-container-servlet-core/2.27/jersey-container-servlet-core-2.27.jar:/root/.m2/repository/org/glassfish/hk2/external/javax.inject/2.5.0-b42/javax.inject-2.5.0-b42.jar:/root/.m2/repository/org/glassfish/jersey/core/jersey-common/2.27/jersey-common-2.27.jar:/root/.m2/repository/org/glassfish/hk2/osgi-resource-locator/1.0.1/osgi-resource-locator-1.0.1.jar:/root/.m2/repository/javax/ws/rs/javax.ws.rs-api/2.1/javax.ws.rs-api-2.1.jar:/root/.m2/repository/org/glassfish/jersey/ext/cdi/jersey-cdi1x/2.27/jersey-cdi1x-2.27.jar:/root/.m2/repository/org/glassfish/jersey/inject/jersey-hk2/2.27/jersey-hk2-2.27.jar:/root/.m2/repository/org/glassfish/hk2/hk2-locator/2.5.0-b42/hk2-locator-2.5.0-b42.jar:/root/.m2/repository/org/javassist/javassist/3.22.0-CR2/javassist-3.22.0-CR2.jar:/root/.m2/repository/org/glassfish/hk2/hk2-api/2.5.0/hk2-api-2.5.0.jar:/root/.m2/repository/org/glassfish/hk2/external/jakarta.inject/2.5.0/jakarta.inject-2.5.0.jar:/root/.m2/repository/org/glassfish/hk2/hk2-utils/2.5.0/hk2-utils-2.5.0.jar:/root/.m2/repository/jakarta/annotation/jakarta.annotation-api/1.3.4/jakarta.annotation-api-1.3.4.jar:/root/.m2/repository/org/glassfish/hk2/external/aopalliance-repackaged/2.5.0/aopalliance-repackaged-2.5.0.jar:/root/.m2/repository/com/fasterxml/jackson/dataformat/jackson-dataformat-xml/2.9.0/jackson-dataformat-xml-2.9.0.jar:/root/.m2/repository/com/fasterxml/jackson/core/jackson-core/2.9.5/jackson-core-2.9.5.jar:/root/.m2/repository/com/fasterxml/jackson/module/jackson-module-jaxb-annotations/2.9.5/jackson-module-jaxb-annotations-2.9.5.jar:/root/.m2/repository/javax/enterprise/cdi-api/1.2/cdi-api-1.2.jar:/root/.m2/repository/javax/el/javax.el-api/3.0.0/javax.el-api-3.0.0.jar:/root/.m2/repository/javax/interceptor/javax.interceptor-api/1.2/javax.interceptor-api-1.2.jar:/root/.m2/repository/javax/inject/javax.inject/1/javax.inject-1.jar:/root/.m2/repository/com/sun/xml/bind/jaxb-impl/2.3.0.1/jaxb-impl-2.3.0.1.jar:/root/.m2/repository/com/sun/xml/bind/jaxb-core/2.3.0.1/jaxb-core-2.3.0.1.jar:/root/.m2/repository/javax/xml/bind/jaxb-api/2.3.0/jaxb-api-2.3.0.jar:/root/.m2/repository/javax/activation/activation/1.1.1/activation-1.1.1.jar:/root/.m2/repository/org/apache/hadoop/hadoop-ozone-csi/0.5.0-SNAPSHOT/hadoop-ozone-csi-0.5.0-SNAPSHOT.jar:/root/.m2/repository/com/google/protobuf/protobuf-java-util/3.5.1/protobuf-java-util-3.5.1.jar:/root/.m2/repository/org/apache/hadoop/hadoop-hdds-config/0.5.0-SNAPSHOT/hadoop-hdds-config-0.5.0-SNAPSHOT.jar:/root/.m2/repository/com/google/guava/guava/11.0.2/guava-11.0.2.jar:/root/.m2/repository/com/google/protobuf/protobuf-java/2.5.0/protobuf-java-2.5.0.jar:/root/.m2/repository/io/grpc/grpc-netty/1.17.1/grpc-netty-1.17.1.jar:/root/.m2/repository/io/grpc/grpc-core/1.17.1/grpc-core-1.17.1.jar:/root/.m2/repository/io/grpc/grpc-context/1.17.1/grpc-context-1.17.1.jar:/root/.m2/repository/com/google/errorprone/error_prone_annotations/2.2.0/error_prone_annotations-2.2.0.jar:/root/.m2/repository/org/codehaus/mojo/animal-sniffer-annotations/1.17/animal-sniffer-annotations-1.17.jar:/root/.m2/repository/io/opencensus/opencensus-api/0.17.0/opencensus-api-0.17.0.jar:/root/.m2/repository/io/opencensus/opencensus-contrib-grpc-metrics/0.17.0/opencensus-contrib-grpc-metrics-0.17.0.jar:/root/.m2/repository/io/netty/netty-codec-http2/4.1.30.Final/netty-codec-http2-4.1.30.Final.jar:/root/.m2/repository/io/netty/netty-codec-http/4.1.30.Final/netty-codec-http-4.1.30.Final.jar:/root/.m2/repository/io/netty/netty-codec/4.1.30.Final/netty-codec-4.1.30.Final.jar:/root/.m2/repository/io/netty/netty-handler/4.1.30.Final/netty-handler-4.1.30.Final.jar:/root/.m2/repository/io/netty/netty-handler-proxy/4.1.30.Final/netty-handler-proxy-4.1.30.Final.jar:/root/.m2/repository/io/netty/netty-codec-socks/4.1.30.Final/netty-codec-socks-4.1.30.Final.jar:/root/.m2/repository/io/netty/netty-transport-native-epoll/4.1.30.Final/netty-transport-native-epoll-4.1.30.Final.jar:/root/.m2/repository/io/netty/netty-common/4.1.30.Final/netty-common-4.1.30.Final.jar:/root/.m2/repository/io/netty/netty-buffer/4.1.30.Final/netty-buffer-4.1.30.Final.jar:/root/.m2/repository/io/netty/netty-transport/4.1.30.Final/netty-transport-4.1.30.Final.jar:/root/.m2/repository/io/netty/netty-resolver/4.1.30.Final/netty-resolver-4.1.30.Final.jar:/root/.m2/repository/io/netty/netty-transport-native-unix-common/4.1.30.Final/netty-transport-native-unix-common-4.1.30.Final.jar:/root/.m2/repository/io/grpc/grpc-protobuf/1.17.1/grpc-protobuf-1.17.1.jar:/root/.m2/repository/com/google/api/grpc/proto-google-common-protos/1.0.0/proto-google-common-protos-1.0.0.jar:/root/.m2/repository/io/grpc/grpc-protobuf-lite/1.17.1/grpc-protobuf-lite-1.17.1.jar:/root/.m2/repository/io/grpc/grpc-stub/1.17.1/grpc-stub-1.17.1.jar:/root/.m2/repository/org/apache/hadoop/hadoop-ozone-recon/0.5.0-SNAPSHOT/hadoop-ozone-recon-0.5.0-SNAPSHOT.jar:/root/.m2/repository/org/apache/hadoop/hadoop-ozone-reconcodegen/0.5.0-SNAPSHOT/hadoop-ozone-reconcodegen-0.5.0-SNAPSHOT.jar:/root/.m2/repository/com/google/inject/extensions/guice-multibindings/4.0/guice-multibindings-4.0.jar:/root/.m2/repository/com/google/inject/guice/4.0/guice-4.0.jar:/root/.m2/repository/aopalliance/aopalliance/1.0/aopalliance-1.0.jar:/root/.m2/repository/com/google/inject/extensions/guice-servlet/4.0/guice-servlet-4.0.jar:/root/.m2/repository/org/glassfish/jersey/containers/jersey-container-servlet/2.27/jersey-container-servlet-2.27.jar:/root/.m2/repository/org/glassfish/hk2/guice-bridge/2.5.0/guice-bridge-2.5.0.jar:/root/.m2/repository/org/glassfish/jersey/core/jersey-server/2.27/jersey-server-2.27.jar:/root/.m2/repository/org/glassfish/jersey/core/jersey-client/2.27/jersey-client-2.27.jar:/root/.m2/repository/org/glassfish/jersey/media/jersey-media-jaxb/2.27/jersey-media-jaxb-2.27.jar:/root/.m2/repository/javax/validation/validation-api/1.1.0.Final/validation-api-1.1.0.Final.jar:/root/.m2/repository/org/glassfish/jersey/media/jersey-media-json-jackson/2.27/jersey-media-json-jackson-2.27.jar:/root/.m2/repository/org/glassfish/jersey/ext/jersey-entity-filtering/2.27/jersey-entity-filtering-2.27.jar:/root/.m2/repository/com/google/inject/extensions/guice-assistedinject/4.0/guice-assistedinject-4.0.jar:/root/.m2/repository/org/jooq/jooq/3.11.10/jooq-3.11.10.jar:/root/.m2/repository/org/jooq/jooq-meta/3.11.10/jooq-meta-3.11.10.jar:/root/.m2/repository/org/jooq/jooq-codegen/3.11.10/jooq-codegen-3.11.10.jar:/root/.m2/repository/com/jolbox/bonecp/0.8.0.RELEASE/bonecp-0.8.0.RELEASE.jar:/root/.m2/repository/org/xerial/sqlite-jdbc/3.25.2/sqlite-jdbc-3.25.2.jar:/root/.m2/repository/org/springframework/spring-jdbc/5.1.3.RELEASE/spring-jdbc-5.1.3.RELEASE.jar:/root/.m2/repository/org/springframework/spring-beans/5.1.3.RELEASE/spring-beans-5.1.3.RELEASE.jar:/root/.m2/repository/org/springframework/spring-core/5.1.3.RELEASE/spring-core-5.1.3.RELEASE.jar:/root/.m2/repository/org/springframework/spring-jcl/5.1.3.RELEASE/spring-jcl-5.1.3.RELEASE.jar:/root/.m2/repository/org/springframework/spring-tx/5.1.3.RELEASE/spring-tx-5.1.3.RELEASE.jar:/root/.m2/repository/org/apache/hadoop/hadoop-ozone-client/0.5.0-SNAPSHOT/hadoop-ozone-client-0.5.0-SNAPSHOT.jar:/root/.m2/repository/org/apache/hadoop/hadoop-ozone-ozone-manager/0.5.0-SNAPSHOT/hadoop-ozone-ozone-manager-0.5.0-SNAPSHOT-tests.jar:/root/.m2/repository/junit/junit/4.11/junit-4.11.jar:/root/.m2/repository/org/hamcrest/hamcrest-core/1.3/hamcrest-core-1.3.jar:/root/.m2/repository/org/openjdk/jmh/jmh-core/1.19/jmh-core-1.19.jar:/root/.m2/repository/net/sf/jopt-simple/jopt-simple/4.6/jopt-simple-4.6.jar:/root/.m2/repository/org/apache/commons/commons-math3/3.1.1/commons-math3-3.1.1.jar:/root/.m2/repository/org/openjdk/jmh/jmh-generator-annprocess/1.19/jmh-generator-annprocess-1.19.jar:/root/.m2/repository/org/mockito/mockito-all/1.8.5/mockito-all-1.8.5.jar:/root/.m2/repository/org/apache/hadoop/hadoop-kms/3.2.0/hadoop-kms-3.2.0.jar:/root/.m2/repository/org/apache/hadoop/hadoop-auth/3.2.0/hadoop-auth-3.2.0.jar:/root/.m2/repository/com/nimbusds/nimbus-jose-jwt/4.41.1/nimbus-jose-jwt-4.41.1.jar:/root/.m2/repository/com/github/stephenc/jcip/jcip-annotations/1.0-1/jcip-annotations-1.0-1.jar:/root/.m2/repository/net/minidev/json-smart/2.3/json-smart-2.3.jar:/root/.m2/repository/net/minidev/accessors-smart/1.2/accessors-smart-1.2.jar:/root/.m2/repository/org/ow2/asm/asm/5.0.4/asm-5.0.4.jar:/root/.m2/repository/org/apache/curator/curator-framework/2.12.0/curator-framework-2.12.0.jar:/root/.m2/repository/com/sun/jersey/jersey-core/1.19/jersey-core-1.19.jar:/root/.m2/repository/javax/ws/rs/jsr311-api/1.1.1/jsr311-api-1.1.1.jar:/root/.m2/repository/com/sun/jersey/jersey-server/1.19/jersey-server-1.19.jar:/root/.m2/repository/javax/servlet/javax.servlet-api/3.1.0/javax.servlet-api-3.1.0.jar:/root/.m2/repository/org/eclipse/jetty/jetty-server/9.3.24.v20180605/jetty-server-9.3.24.v20180605.jar:/root/.m2/repository/org/eclipse/jetty/jetty-http/9.3.24.v20180605/jetty-http-9.3.24.v20180605.jar:/root/.m2/repository/org/eclipse/jetty/jetty-io/9.3.24.v20180605/jetty-io-9.3.24.v20180605.jar:/root/.m2/repository/org/eclipse/jetty/jetty-webapp/9.3.24.v20180605/jetty-webapp-9.3.24.v20180605.jar:/root/.m2/repository/org/eclipse/jetty/jetty-xml/9.3.24.v20180605/jetty-xml-9.3.24.v20180605.jar:/root/.m2/repository/log4j/log4j/1.2.17/log4j-1.2.17.jar:/root/.m2/repository/org/slf4j/slf4j-api/1.7.25/slf4j-api-1.7.25.jar:/root/.m2/repository/org/slf4j/jul-to-slf4j/1.7.25/jul-to-slf4j-1.7.25.jar:/root/.m2/repository/org/eclipse/jetty/jetty-util/9.3.24.v20180605/jetty-util-9.3.24.v20180605.jar:/root/.m2/repository/io/dropwizard/metrics/metrics-core/3.2.4/metrics-core-3.2.4.jar:/root/.m2/repository/com/fasterxml/jackson/core/jackson-databind/2.9.5/jackson-databind-2.9.5.jar:/root/.m2/repository/org/apache/hadoop/hadoop-kms/3.2.0/hadoop-kms-3.2.0-tests.jar:/root/.m2/repository/org/apache/hadoop/hadoop-hdds-server-scm/0.5.0-SNAPSHOT/hadoop-hdds-server-scm-0.5.0-SNAPSHOT-tests.jar:/root/.m2/repository/org/hamcrest/hamcrest-all/1.3/hamcrest-all-1.3.jar:/root/.m2/repository/info/picocli/picocli/3.9.6/picocli-3.9.6.jar:/root/.m2/repository/org/apache/hadoop/hadoop-hdds-container-service/0.5.0-SNAPSHOT/hadoop-hdds-container-service-0.5.0-SNAPSHOT-tests.jar:/root/.m2/repository/org/yaml/snakeyaml/1.16/snakeyaml-1.16.jar:/root/.m2/repository/org/apache/hadoop/hadoop-common/3.2.0/hadoop-common-3.2.0-tests.jar:/root/.m2/repository/org/apache/hadoop/hadoop-annotations/3.2.0/hadoop-annotations-3.2.0.jar:/usr/lib/jvm/java-1.8-openjdk/jre/../lib/tools.jar:/root/.m2/repository/commons-cli/commons-cli/1.2/commons-cli-1.2.jar:/root/.m2/repository/org/apache/httpcomponents/httpclient/4.5.2/httpclient-4.5.2.jar:/root/.m2/repository/org/apache/httpcomponents/httpcore/4.4.4/httpcore-4.4.4.jar:/root/.m2/repository/commons-codec/commons-codec/1.11/commons-codec-1.11.jar:/root/.m2/repository/commons-net/commons-net/3.6/commons-net-3.6.jar:/root/.m2/repository/commons-collections/commons-collections/3.2.2/commons-collections-3.2.2.jar:/root/.m2/repository/org/eclipse/jetty/jetty-servlet/9.3.24.v20180605/jetty-servlet-9.3.24.v20180605.jar:/root/.m2/repository/org/eclipse/jetty/jetty-security/9.3.24.v20180605/jetty-security-9.3.24.v20180605.jar:/root/.m2/repository/javax/servlet/jsp/jsp-api/2.1/jsp-api-2.1.jar:/root/.m2/repository/com/sun/jersey/jersey-servlet/1.19/jersey-servlet-1.19.jar:/root/.m2/repository/com/sun/jersey/jersey-json/1.19/jersey-json-1.19.jar:/root/.m2/repository/org/codehaus/jettison/jettison/1.1/jettison-1.1.jar:/root/.m2/repository/org/codehaus/jackson/jackson-core-asl/1.9.13/jackson-core-asl-1.9.13.jar:/root/.m2/repository/org/codehaus/jackson/jackson-mapper-asl/1.9.13/jackson-mapper-asl-1.9.13.jar:/root/.m2/repository/org/codehaus/jackson/jackson-jaxrs/1.9.13/jackson-jaxrs-1.9.13.jar:/root/.m2/repository/org/codehaus/jackson/jackson-xc/1.9.13/jackson-xc-1.9.13.jar:/root/.m2/repository/commons-logging/commons-logging/1.1.3/commons-logging-1.1.3.jar:/root/.m2/repository/commons-beanutils/commons-beanutils/1.9.3/commons-beanutils-1.9.3.jar:/root/.m2/repository/org/apache/commons/commons-configuration2/2.1.1/commons-configuration2-2.1.1.jar:/root/.m2/repository/org/apache/commons/commons-lang3/3.7/commons-lang3-3.7.jar:/root/.m2/repository/org/apache/commons/commons-text/1.4/commons-text-1.4.jar:/root/.m2/repository/org/apache/avro/avro/1.7.7/avro-1.7.7.jar:/root/.m2/repository/com/thoughtworks/paranamer/paranamer/2.3/paranamer-2.3.jar:/root/.m2/repository/org/xerial/snappy/snappy-java/1.0.5/snappy-java-1.0.5.jar:/root/.m2/repository/com/google/re2j/re2j/1.1/re2j-1.1.jar:/root/.m2/repository/com/google/code/gson/gson/2.2.4/gson-2.2.4.jar:/root/.m2/repository/com/jcraft/jsch/0.1.54/jsch-0.1.54.jar:/root/.m2/repository/org/apache/curator/curator-client/2.12.0/curator-client-2.12.0.jar:/root/.m2/repository/org/apache/curator/curator-recipes/2.12.0/curator-recipes-2.12.0.jar:/root/.m2/repository/com/google/code/findbugs/jsr305/3.0.0/jsr305-3.0.0.jar:/root/.m2/repository/org/apache/htrace/htrace-core4/4.1.0-incubating/htrace-core4-4.1.0-incubating.jar:/root/.m2/repository/org/apache/zookeeper/zookeeper/3.4.13/zookeeper-3.4.13.jar:/root/.m2/repository/org/apache/yetus/audience-annotations/0.5.0/audience-annotations-0.5.0.jar:/root/.m2/repository/org/codehaus/woodstox/stax2-api/3.1.4/stax2-api-3.1.4.jar:/root/.m2/repository/com/fasterxml/woodstox/woodstox-core/5.0.3/woodstox-core-5.0.3.jar:/root/.m2/repository/dnsjava/dnsjava/2.1.7/dnsjava-2.1.7.jar:/root/.m2/repository/org/apache/hadoop/hadoop-hdfs/3.2.0/hadoop-hdfs-3.2.0-tests.jar:/root/.m2/repository/org/eclipse/jetty/jetty-util-ajax/9.3.24.v20180605/jetty-util-ajax-9.3.24.v20180605.jar:/root/.m2/repository/commons-daemon/commons-daemon/1.0.13/commons-daemon-1.0.13.jar:/root/.m2/repository/io/netty/netty/3.10.5.Final/netty-3.10.5.Final.jar:/root/.m2/repository/io/netty/netty-all/4.0.52.Final/netty-all-4.0.52.Final.jar:/root/.m2/repository/org/fusesource/leveldbjni/leveldbjni-all/1.8/leveldbjni-all-1.8.jar:"/>
    <property name="sun.cpu.endian" value="little"/>
    <property name="user.home" value="/root"/>
    <property name="user.language" value="en"/>
    <property name="java.specification.vendor" value="Oracle Corporation"/>
    <property name="java.home" value="/usr/lib/jvm/java-1.8-openjdk/jre"/>
    <property name="java.security.krb5.conf" value="/opt/src/hadoop-ozone/integration-test/target/test-classes/krb5.conf"/>
    <property name="basedir" value="/opt/src/hadoop-ozone/integration-test"/>
    <property name="file.separator" value="/"/>
    <property name="line.separator" value="&#10;"/>
    <property name="java.vm.specification.vendor" value="Oracle Corporation"/>
    <property name="java.specification.name" value="Java Platform API Specification"/>
    <property name="java.awt.graphicsenv" value="sun.awt.X11GraphicsEnvironment"/>
    <property name="surefire.real.class.path" value="/opt/src/hadoop-ozone/integration-test/target/surefire/surefirebooter3900890712648253649.jar"/>
    <property name="hadoop.log.dir" value="/opt/src/hadoop-ozone/integration-test/target/log"/>
    <property name="sun.boot.class.path" value="/usr/lib/jvm/java-1.8-openjdk/jre/lib/resources.jar:/usr/lib/jvm/java-1.8-openjdk/jre/lib/rt.jar:/usr/lib/jvm/java-1.8-openjdk/jre/lib/sunrsasign.jar:/usr/lib/jvm/java-1.8-openjdk/jre/lib/jsse.jar:/usr/lib/jvm/java-1.8-openjdk/jre/lib/jce.jar:/usr/lib/jvm/java-1.8-openjdk/jre/lib/charsets.jar:/usr/lib/jvm/java-1.8-openjdk/jre/lib/jfr.jar:/usr/lib/jvm/java-1.8-openjdk/jre/classes"/>
    <property name="sun.management.compiler" value="HotSpot 64-Bit Tiered Compilers"/>
    <property name="java.runtime.version" value="1.8.0_212-b04"/>
    <property name="java.net.preferIPv4Stack" value="true"/>
    <property name="user.name" value="root"/>
    <property name="path.separator" value=":"/>
    <property name="java.security.egd" value="file:///dev/urandom"/>
    <property name="os.version" value="4.15.0-1021-aws"/>
    <property name="java.endorsed.dirs" value="/usr/lib/jvm/java-1.8-openjdk/jre/lib/endorsed"/>
    <property name="java.runtime.name" value="OpenJDK Runtime Environment"/>
    <property name="file.encoding" value="UTF-8"/>
    <property name="java.vm.name" value="OpenJDK 64-Bit Server VM"/>
    <property name="test.build.webapps" value=""/>
    <property name="localRepository" value="/root/.m2/repository"/>
    <property name="java.vendor.url.bug" value="https://icedtea.classpath.org/bugzilla"/>
    <property name="java.io.tmpdir" value="/tmp"/>
    <property name="require.test.libhadoop" value=""/>
    <property name="java.version" value="1.8.0_212"/>
    <property name="user.dir" value="/opt/src/hadoop-ozone/integration-test"/>
    <property name="os.arch" value="amd64"/>
    <property name="java.vm.specification.name" value="Java Virtual Machine Specification"/>
    <property name="test.build.classes" value="/opt/src/hadoop-ozone/integration-test/target/test-classes"/>
    <property name="java.awt.printerjob" value="sun.print.PSPrinterJob"/>
    <property name="sun.os.patch.level" value="unknown"/>
    <property name="hadoop.tmp.dir" value="/opt/src/hadoop-ozone/integration-test/target/tmp"/>
    <property name="java.library.path" value="/usr/lib/jvm/java-1.8-openjdk/jre/lib/amd64/server:/usr/lib/jvm/java-1.8-openjdk/jre/lib/amd64:/usr/lib/jvm/java-1.8-openjdk/jre/../lib/amd64:/opt/src/hadoop-ozone/integration-test/target/native/target/usr/local/lib:/opt/src/hadoop-ozone/integration-test/../../hadoop-common-project/hadoop-common/target/native/target/usr/local/lib:/usr/java/packages/lib/amd64:/usr/lib64:/lib64:/lib:/usr/lib"/>
    <property name="java.vm.info" value="mixed mode"/>
    <property name="java.vendor" value="IcedTea"/>
    <property name="java.vm.version" value="25.212-b04"/>
    <property name="java.ext.dirs" value="/usr/lib/jvm/java-1.8-openjdk/jre/lib/ext:/usr/java/packages/lib/ext"/>
    <property name="sun.io.unicode.encoding" value="UnicodeLittle"/>
    <property name="java.class.version" value="52.0"/>
  </properties>
  <testcase name="testPipelineExclusionWithPipelineFailure" classname="org.apache.hadoop.ozone.client.rpc.TestFailureHandlingByClient" time="18.757"/>
  <testcase name="testContainerExclusionWithClosedContainerException" classname="org.apache.hadoop.ozone.client.rpc.TestFailureHandlingByClient" time="14.023"/>
  <testcase name="testWriteSmallFile" classname="org.apache.hadoop.ozone.client.rpc.TestFailureHandlingByClient" time="19.63">
    <error message="Allocate block failed." type="INTERNAL_ERROR org.apache.hadoop.ozone.om.exceptions.OMException">INTERNAL_ERROR org.apache.hadoop.ozone.om.exceptions.OMException: Allocate block failed.
	at org.apache.hadoop.ozone.om.protocolPB.OzoneManagerProtocolClientSideTranslatorPB.handleError(OzoneManagerProtocolClientSideTranslatorPB.java:720)
	at org.apache.hadoop.ozone.om.protocolPB.OzoneManagerProtocolClientSideTranslatorPB.allocateBlock(OzoneManagerProtocolClientSideTranslatorPB.java:743)
	at org.apache.hadoop.ozone.client.io.BlockOutputStreamEntryPool.allocateNewBlock(BlockOutputStreamEntryPool.java:248)
	at org.apache.hadoop.ozone.client.io.BlockOutputStreamEntryPool.allocateBlockIfNeeded(BlockOutputStreamEntryPool.java:296)
	at org.apache.hadoop.ozone.client.io.KeyOutputStream.handleWrite(KeyOutputStream.java:201)
	at org.apache.hadoop.ozone.client.io.KeyOutputStream.handleRetry(KeyOutputStream.java:376)
	at org.apache.hadoop.ozone.client.io.KeyOutputStream.handleException(KeyOutputStream.java:325)
	at org.apache.hadoop.ozone.client.io.KeyOutputStream.handleFlushOrClose(KeyOutputStream.java:448)
	at org.apache.hadoop.ozone.client.io.KeyOutputStream.close(KeyOutputStream.java:472)
	at org.apache.hadoop.ozone.client.io.OzoneOutputStream.close(OzoneOutputStream.java:60)
	at org.apache.hadoop.ozone.client.rpc.TestFailureHandlingByClient.testWriteSmallFile(TestFailureHandlingByClient.java:282)
	at sun.reflect.NativeMethodAccessorImpl.invoke0(Native Method)
	at sun.reflect.NativeMethodAccessorImpl.invoke(NativeMethodAccessorImpl.java:62)
	at sun.reflect.DelegatingMethodAccessorImpl.invoke(DelegatingMethodAccessorImpl.java:43)
	at java.lang.reflect.Method.invoke(Method.java:498)
	at org.junit.runners.model.FrameworkMethod$1.runReflectiveCall(FrameworkMethod.java:47)
	at org.junit.internal.runners.model.ReflectiveCallable.run(ReflectiveCallable.java:12)
	at org.junit.runners.model.FrameworkMethod.invokeExplosively(FrameworkMethod.java:44)
	at org.junit.internal.runners.statements.InvokeMethod.evaluate(InvokeMethod.java:17)
	at org.junit.runners.ParentRunner.runLeaf(ParentRunner.java:271)
	at org.junit.runners.BlockJUnit4ClassRunner.runChild(BlockJUnit4ClassRunner.java:70)
	at org.junit.runners.BlockJUnit4ClassRunner.runChild(BlockJUnit4ClassRunner.java:50)
	at org.junit.runners.ParentRunner$3.run(ParentRunner.java:238)
	at org.junit.runners.ParentRunner$1.schedule(ParentRunner.java:63)
	at org.junit.runners.ParentRunner.runChildren(ParentRunner.java:236)
	at org.junit.runners.ParentRunner.access$000(ParentRunner.java:53)
	at org.junit.runners.ParentRunner$2.evaluate(ParentRunner.java:229)
	at org.junit.runners.ParentRunner.run(ParentRunner.java:309)
	at org.apache.maven.surefire.junit4.JUnit4Provider.execute(JUnit4Provider.java:365)
	at org.apache.maven.surefire.junit4.JUnit4Provider.executeWithRerun(JUnit4Provider.java:273)
	at org.apache.maven.surefire.junit4.JUnit4Provider.executeTestSet(JUnit4Provider.java:238)
	at org.apache.maven.surefire.junit4.JUnit4Provider.invoke(JUnit4Provider.java:159)
	at org.apache.maven.surefire.booter.ForkedBooter.invokeProviderInSameClassLoader(ForkedBooter.java:384)
	at org.apache.maven.surefire.booter.ForkedBooter.runSuitesInProcess(ForkedBooter.java:345)
	at org.apache.maven.surefire.booter.ForkedBooter.execute(ForkedBooter.java:126)
	at org.apache.maven.surefire.booter.ForkedBooter.main(ForkedBooter.java:418)
</error>
    <system-out><![CDATA[2019-06-13 20:39:30,517 WARN  server.ServerUtils (ServerUtils.java:getScmDbDir(145)) - ozone.scm.db.dirs is not configured. We recommend adding this setting. Falling back to ozone.metadata.dirs instead.
2019-06-13 20:39:30,521 WARN  server.ServerUtils (ServerUtils.java:getScmDbDir(145)) - ozone.scm.db.dirs is not configured. We recommend adding this setting. Falling back to ozone.metadata.dirs instead.
2019-06-13 20:39:30,521 WARN  server.ServerUtils (ServerUtils.java:getScmDbDir(145)) - ozone.scm.db.dirs is not configured. We recommend adding this setting. Falling back to ozone.metadata.dirs instead.
2019-06-13 20:39:30,522 INFO  db.DBStoreBuilder (DBStoreBuilder.java:addTable(110)) - using custom profile for table: deletedBlocks
2019-06-13 20:39:30,522 INFO  db.DBStoreBuilder (DBStoreBuilder.java:processTables(161)) - Using default column profile:DBProfile.DISK for Table:deletedBlocks
2019-06-13 20:39:30,522 INFO  db.DBStoreBuilder (DBStoreBuilder.java:addTable(110)) - using custom profile for table: validCerts
2019-06-13 20:39:30,522 INFO  db.DBStoreBuilder (DBStoreBuilder.java:processTables(161)) - Using default column profile:DBProfile.DISK for Table:validCerts
2019-06-13 20:39:30,522 INFO  db.DBStoreBuilder (DBStoreBuilder.java:addTable(110)) - using custom profile for table: revokedCerts
2019-06-13 20:39:30,522 INFO  db.DBStoreBuilder (DBStoreBuilder.java:processTables(161)) - Using default column profile:DBProfile.DISK for Table:revokedCerts
2019-06-13 20:39:30,523 INFO  db.DBStoreBuilder (DBStoreBuilder.java:addTable(110)) - using custom profile for table: default
2019-06-13 20:39:30,523 INFO  db.DBStoreBuilder (DBStoreBuilder.java:processTables(167)) - Using default column profile:DBProfile.DISK for Table:default
2019-06-13 20:39:30,523 INFO  db.DBStoreBuilder (DBStoreBuilder.java:getDbProfile(198)) - Using default options. DBProfile.DISK
2019-06-13 20:39:30,563 INFO  node.SCMNodeManager (SCMNodeManager.java:<init>(108)) - Entering startup safe mode.
2019-06-13 20:39:30,563 INFO  net.NodeSchemaLoader (NodeSchemaLoader.java:loadSchemaFromFile(125)) - Loading file from sun.misc.CompoundEnumeration@17f41739
2019-06-13 20:39:30,564 INFO  net.NodeSchemaLoader (NodeSchemaLoader.java:loadSchema(171)) - Loading network topology layer schema file
2019-06-13 20:39:30,566 WARN  server.ServerUtils (ServerUtils.java:getScmDbDir(145)) - ozone.scm.db.dirs is not configured. We recommend adding this setting. Falling back to ozone.metadata.dirs instead.
2019-06-13 20:39:30,580 INFO  pipeline.SCMPipelineManager (SCMPipelineManager.java:initializePipelineState(126)) - No pipeline exists in current db
2019-06-13 20:39:30,580 WARN  server.ServerUtils (ServerUtils.java:getScmDbDir(145)) - ozone.scm.db.dirs is not configured. We recommend adding this setting. Falling back to ozone.metadata.dirs instead.
2019-06-13 20:39:30,593 WARN  events.EventQueue (EventQueue.java:fireEvent(175)) - No event handler registered for event TypedEvent{payloadType=SafeModeStatus, name='SafeModeStatus'}
2019-06-13 20:39:30,595 INFO  ipc.CallQueueManager (CallQueueManager.java:<init>(84)) - Using callQueue: class java.util.concurrent.LinkedBlockingQueue, queueCapacity: 2000, scheduler: class org.apache.hadoop.ipc.DefaultRpcScheduler, ipcBackoff: false.
2019-06-13 20:39:30,595 INFO  ipc.Server (Server.java:run(1074)) - Starting Socket Reader #1 for port 40719
2019-06-13 20:39:30,597 INFO  ipc.CallQueueManager (CallQueueManager.java:<init>(84)) - Using callQueue: class java.util.concurrent.LinkedBlockingQueue, queueCapacity: 2000, scheduler: class org.apache.hadoop.ipc.DefaultRpcScheduler, ipcBackoff: false.
2019-06-13 20:39:30,597 INFO  ipc.Server (Server.java:run(1074)) - Starting Socket Reader #1 for port 34787
2019-06-13 20:39:30,603 INFO  ipc.CallQueueManager (CallQueueManager.java:<init>(84)) - Using callQueue: class java.util.concurrent.LinkedBlockingQueue, queueCapacity: 2000, scheduler: class org.apache.hadoop.ipc.DefaultRpcScheduler, ipcBackoff: false.
2019-06-13 20:39:30,607 INFO  ipc.Server (Server.java:run(1074)) - Starting Socket Reader #1 for port 42483
2019-06-13 20:39:30,610 INFO  hdfs.DFSUtil (DFSUtil.java:httpServerTemplateForNNAndJN(1641)) - Starting Web-server for scm at: http://0.0.0.0:0
2019-06-13 20:39:30,611 INFO  server.AuthenticationFilter (AuthenticationFilter.java:constructSecretProvider(240)) - Unable to initialize FileSignerSecretProvider, falling back to use random secrets.
2019-06-13 20:39:30,611 WARN  http.HttpRequestLog (HttpRequestLog.java:getRequestLog(97)) - Jetty request log can only be enabled using Log4j
2019-06-13 20:39:30,612 INFO  http.HttpServer2 (HttpServer2.java:addGlobalFilter(975)) - Added global filter 'safety' (class=org.apache.hadoop.http.HttpServer2$QuotingInputFilter)
2019-06-13 20:39:30,613 INFO  http.HttpServer2 (HttpServer2.java:addFilter(948)) - Added filter static_user_filter (class=org.apache.hadoop.http.lib.StaticUserWebFilter$StaticUserFilter) to context scm
2019-06-13 20:39:30,613 INFO  http.HttpServer2 (HttpServer2.java:addFilter(958)) - Added filter static_user_filter (class=org.apache.hadoop.http.lib.StaticUserWebFilter$StaticUserFilter) to context static
2019-06-13 20:39:30,613 INFO  http.HttpServer2 (HttpServer2.java:addFilter(958)) - Added filter static_user_filter (class=org.apache.hadoop.http.lib.StaticUserWebFilter$StaticUserFilter) to context logs
2019-06-13 20:39:30,616 INFO  server.StorageContainerManager (StorageContainerManager.java:start(752)) - StorageContainerLocationProtocol RPC server is listening at /0.0.0.0:42483
2019-06-13 20:39:30,616 INFO  impl.MetricsSystemImpl (MetricsSystemImpl.java:init(158)) - StorageContainerManager metrics system started (again)
2019-06-13 20:39:30,617 INFO  server.SCMClientProtocolServer (SCMClientProtocolServer.java:start(149)) - RPC server for Client  is listening at /0.0.0.0:42483
2019-06-13 20:39:30,617 INFO  ipc.Server (Server.java:run(1314)) - IPC Server Responder: starting
2019-06-13 20:39:30,621 INFO  ipc.Server (Server.java:run(1153)) - IPC Server listener on 42483: starting
2019-06-13 20:39:30,627 INFO  server.StorageContainerManager (StorageContainerManager.java:start(761)) - ScmBlockLocationProtocol RPC server is listening at /0.0.0.0:34787
2019-06-13 20:39:30,627 INFO  server.SCMBlockProtocolServer (SCMBlockProtocolServer.java:start(137)) - RPC server for Block Protocol is listening at /0.0.0.0:34787
2019-06-13 20:39:30,628 INFO  ipc.Server (Server.java:run(1314)) - IPC Server Responder: starting
2019-06-13 20:39:30,629 INFO  ipc.Server (Server.java:run(1153)) - IPC Server listener on 34787: starting
2019-06-13 20:39:30,631 INFO  server.StorageContainerManager (StorageContainerManager.java:start(765)) - ScmDatanodeProtocl RPC server is listening at /0.0.0.0:40719
2019-06-13 20:39:30,631 INFO  server.SCMDatanodeProtocolServer (SCMDatanodeProtocolServer.java:start(191)) - RPC server for DataNodes is listening at /0.0.0.0:40719
2019-06-13 20:39:30,631 INFO  ipc.Server (Server.java:run(1314)) - IPC Server Responder: starting
2019-06-13 20:39:30,632 INFO  ipc.Server (Server.java:run(1153)) - IPC Server listener on 40719: starting
2019-06-13 20:39:30,635 INFO  http.HttpServer2 (HttpServer2.java:bindListener(1191)) - Jetty bound to port 36389
2019-06-13 20:39:30,635 INFO  server.Server (Server.java:doStart(351)) - jetty-9.3.24.v20180605, build timestamp: 2018-06-05T17:11:56Z, git hash: 84205aa28f11a4f31f2a3b86d1bba2cc8ab69827
2019-06-13 20:39:30,636 INFO  handler.ContextHandler (ContextHandler.java:doStart(781)) - Started o.e.j.s.ServletContextHandler@4ae958b0{/logs,file:///opt/src/hadoop-ozone/integration-test/target/log,AVAILABLE}
2019-06-13 20:39:30,636 INFO  handler.ContextHandler (ContextHandler.java:doStart(781)) - Started o.e.j.s.ServletContextHandler@4ff074a0{/static,file:///opt/src/hadoop-ozone/integration-test/target/test-classes/webapps/static,AVAILABLE}
2019-06-13 20:39:30,639 INFO  handler.ContextHandler (ContextHandler.java:doStart(781)) - Started o.e.j.w.WebAppContext@141dfcf9{/,file:///opt/src/hadoop-ozone/integration-test/target/test-classes/webapps/scm/,AVAILABLE}{/scm}
2019-06-13 20:39:30,639 INFO  server.AbstractConnector (AbstractConnector.java:doStart(278)) - Started ServerConnector@a7bbdbc{HTTP/1.1,[http/1.1]}{0.0.0.0:36389}
2019-06-13 20:39:30,640 INFO  server.Server (Server.java:doStart(419)) - Started @33216ms
2019-06-13 20:39:30,640 INFO  server.BaseHttpServer (BaseHttpServer.java:updateConnectorAddress(207)) - HTTP server of SCM is listening at http://0.0.0.0:36389
2019-06-13 20:39:30,641 WARN  scm.ScmUtils (ScmUtils.java:getDBPath(63)) - ozone.om.db.dirs is not configured. We recommend adding this setting. Falling back to ozone.metadata.dirs instead.
2019-06-13 20:39:30,641 INFO  util.JvmPauseMonitor (JvmPauseMonitor.java:run(188)) - Starting JVM pause monitor
2019-06-13 20:39:30,644 WARN  scm.ScmUtils (ScmUtils.java:getDBPath(63)) - ozone.om.db.dirs is not configured. We recommend adding this setting. Falling back to ozone.metadata.dirs instead.
2019-06-13 20:39:30,644 INFO  om.OzoneManager (OzoneManager.java:setOMNodeDetails(519)) - OM Service ID is not set. Setting it to the default ID: omServiceIdDefault
2019-06-13 20:39:30,644 INFO  om.OzoneManager (OzoneManager.java:setOMNodeDetails(525)) - OM Node ID is not set. Setting it to the OmStorage's OmID: 4cca5cb5-076f-44a2-a16e-90a611a51190
2019-06-13 20:39:30,644 WARN  scm.HddsServerUtil (HddsServerUtil.java:getDefaultRatisDirectory(354)) - Storage directory for Ratis is not configured. It is a good idea to map this to an SSD disk. Falling back to ozone.metadata.dirs
2019-06-13 20:39:30,645 WARN  scm.HddsServerUtil (HddsServerUtil.java:getDefaultRatisDirectory(354)) - Storage directory for Ratis is not configured. It is a good idea to map this to an SSD disk. Falling back to ozone.metadata.dirs
2019-06-13 20:39:30,645 INFO  om.OzoneManager (OzoneManager.java:loadOMHAConfigs(476)) - Found matching OM address with OMServiceId: null, OMNodeId: null, RPC Address: localhost:0 and Ratis port: 9872
2019-06-13 20:39:30,648 WARN  scm.ScmUtils (ScmUtils.java:getDBPath(63)) - ozone.om.db.dirs is not configured. We recommend adding this setting. Falling back to ozone.metadata.dirs instead.
2019-06-13 20:39:30,649 INFO  db.DBStoreBuilder (DBStoreBuilder.java:addTable(110)) - using custom profile for table: userTable
2019-06-13 20:39:30,649 INFO  db.DBStoreBuilder (DBStoreBuilder.java:processTables(161)) - Using default column profile:DBProfile.DISK for Table:userTable
2019-06-13 20:39:30,649 INFO  db.DBStoreBuilder (DBStoreBuilder.java:addTable(110)) - using custom profile for table: volumeTable
2019-06-13 20:39:30,649 INFO  db.DBStoreBuilder (DBStoreBuilder.java:processTables(161)) - Using default column profile:DBProfile.DISK for Table:volumeTable
2019-06-13 20:39:30,649 INFO  db.DBStoreBuilder (DBStoreBuilder.java:addTable(110)) - using custom profile for table: bucketTable
2019-06-13 20:39:30,649 INFO  db.DBStoreBuilder (DBStoreBuilder.java:processTables(161)) - Using default column profile:DBProfile.DISK for Table:bucketTable
2019-06-13 20:39:30,649 INFO  db.DBStoreBuilder (DBStoreBuilder.java:addTable(110)) - using custom profile for table: keyTable
2019-06-13 20:39:30,649 INFO  db.DBStoreBuilder (DBStoreBuilder.java:processTables(161)) - Using default column profile:DBProfile.DISK for Table:keyTable
2019-06-13 20:39:30,650 INFO  db.DBStoreBuilder (DBStoreBuilder.java:addTable(110)) - using custom profile for table: deletedTable
2019-06-13 20:39:30,650 INFO  db.DBStoreBuilder (DBStoreBuilder.java:processTables(161)) - Using default column profile:DBProfile.DISK for Table:deletedTable
2019-06-13 20:39:30,650 INFO  db.DBStoreBuilder (DBStoreBuilder.java:addTable(110)) - using custom profile for table: openKeyTable
2019-06-13 20:39:30,650 INFO  db.DBStoreBuilder (DBStoreBuilder.java:processTables(161)) - Using default column profile:DBProfile.DISK for Table:openKeyTable
2019-06-13 20:39:30,650 INFO  db.DBStoreBuilder (DBStoreBuilder.java:addTable(110)) - using custom profile for table: s3Table
2019-06-13 20:39:30,650 INFO  db.DBStoreBuilder (DBStoreBuilder.java:processTables(161)) - Using default column profile:DBProfile.DISK for Table:s3Table
2019-06-13 20:39:30,650 INFO  db.DBStoreBuilder (DBStoreBuilder.java:addTable(110)) - using custom profile for table: multipartInfoTable
2019-06-13 20:39:30,650 INFO  db.DBStoreBuilder (DBStoreBuilder.java:processTables(161)) - Using default column profile:DBProfile.DISK for Table:multipartInfoTable
2019-06-13 20:39:30,651 INFO  db.DBStoreBuilder (DBStoreBuilder.java:addTable(110)) - using custom profile for table: dTokenTable
2019-06-13 20:39:30,651 INFO  db.DBStoreBuilder (DBStoreBuilder.java:processTables(161)) - Using default column profile:DBProfile.DISK for Table:dTokenTable
2019-06-13 20:39:30,651 INFO  db.DBStoreBuilder (DBStoreBuilder.java:addTable(110)) - using custom profile for table: s3SecretTable
2019-06-13 20:39:30,651 INFO  db.DBStoreBuilder (DBStoreBuilder.java:processTables(161)) - Using default column profile:DBProfile.DISK for Table:s3SecretTable
2019-06-13 20:39:30,651 INFO  db.DBStoreBuilder (DBStoreBuilder.java:addTable(110)) - using custom profile for table: prefixTable
2019-06-13 20:39:30,651 INFO  db.DBStoreBuilder (DBStoreBuilder.java:processTables(161)) - Using default column profile:DBProfile.DISK for Table:prefixTable
2019-06-13 20:39:30,651 INFO  db.DBStoreBuilder (DBStoreBuilder.java:addTable(110)) - using custom profile for table: default
2019-06-13 20:39:30,651 INFO  db.DBStoreBuilder (DBStoreBuilder.java:processTables(167)) - Using default column profile:DBProfile.DISK for Table:default
2019-06-13 20:39:30,651 INFO  db.DBStoreBuilder (DBStoreBuilder.java:getDbProfile(198)) - Using default options. DBProfile.DISK
2019-06-13 20:39:30,778 INFO  ipc.CallQueueManager (CallQueueManager.java:<init>(84)) - Using callQueue: class java.util.concurrent.LinkedBlockingQueue, queueCapacity: 2000, scheduler: class org.apache.hadoop.ipc.DefaultRpcScheduler, ipcBackoff: false.
2019-06-13 20:39:30,779 INFO  ipc.Server (Server.java:run(1074)) - Starting Socket Reader #1 for port 39781
2019-06-13 20:39:30,788 WARN  scm.ScmUtils (ScmUtils.java:getDBPath(63)) - ozone.om.db.dirs is not configured. We recommend adding this setting. Falling back to ozone.metadata.dirs instead.
2019-06-13 20:39:30,789 INFO  om.OzoneManager (OzoneManager.java:start(1217)) - OzoneManager RPC server is listening at localhost/127.0.0.1:39781
2019-06-13 20:39:30,789 INFO  impl.MetricsSystemImpl (MetricsSystemImpl.java:init(158)) - OzoneManager metrics system started (again)
2019-06-13 20:39:30,789 INFO  ipc.Server (Server.java:run(1314)) - IPC Server Responder: starting
2019-06-13 20:39:30,789 INFO  ipc.Server (Server.java:run(1153)) - IPC Server listener on 39781: starting
2019-06-13 20:39:30,793 INFO  hdfs.DFSUtil (DFSUtil.java:httpServerTemplateForNNAndJN(1641)) - Starting Web-server for ozoneManager at: http://0.0.0.0:0
2019-06-13 20:39:30,794 INFO  server.AuthenticationFilter (AuthenticationFilter.java:constructSecretProvider(240)) - Unable to initialize FileSignerSecretProvider, falling back to use random secrets.
2019-06-13 20:39:30,794 WARN  http.HttpRequestLog (HttpRequestLog.java:getRequestLog(97)) - Jetty request log can only be enabled using Log4j
2019-06-13 20:39:30,796 INFO  http.HttpServer2 (HttpServer2.java:addGlobalFilter(975)) - Added global filter 'safety' (class=org.apache.hadoop.http.HttpServer2$QuotingInputFilter)
2019-06-13 20:39:30,796 INFO  http.HttpServer2 (HttpServer2.java:addFilter(948)) - Added filter static_user_filter (class=org.apache.hadoop.http.lib.StaticUserWebFilter$StaticUserFilter) to context ozoneManager
2019-06-13 20:39:30,796 INFO  http.HttpServer2 (HttpServer2.java:addFilter(958)) - Added filter static_user_filter (class=org.apache.hadoop.http.lib.StaticUserWebFilter$StaticUserFilter) to context static
2019-06-13 20:39:30,796 INFO  http.HttpServer2 (HttpServer2.java:addFilter(958)) - Added filter static_user_filter (class=org.apache.hadoop.http.lib.StaticUserWebFilter$StaticUserFilter) to context logs
2019-06-13 20:39:30,797 INFO  http.HttpServer2 (HttpServer2.java:bindListener(1191)) - Jetty bound to port 40435
2019-06-13 20:39:30,797 INFO  server.Server (Server.java:doStart(351)) - jetty-9.3.24.v20180605, build timestamp: 2018-06-05T17:11:56Z, git hash: 84205aa28f11a4f31f2a3b86d1bba2cc8ab69827
2019-06-13 20:39:30,798 INFO  handler.ContextHandler (ContextHandler.java:doStart(781)) - Started o.e.j.s.ServletContextHandler@79445efb{/logs,file:///opt/src/hadoop-ozone/integration-test/target/log,AVAILABLE}
2019-06-13 20:39:30,799 INFO  handler.ContextHandler (ContextHandler.java:doStart(781)) - Started o.e.j.s.ServletContextHandler@3e2772a9{/static,file:///opt/src/hadoop-ozone/integration-test/target/test-classes/webapps/static,AVAILABLE}
2019-06-13 20:39:30,802 INFO  handler.ContextHandler (ContextHandler.java:doStart(781)) - Started o.e.j.w.WebAppContext@3dd750ba{/,file:///opt/src/hadoop-ozone/integration-test/target/test-classes/webapps/ozoneManager/,AVAILABLE}{/ozoneManager}
2019-06-13 20:39:30,803 INFO  server.AbstractConnector (AbstractConnector.java:doStart(278)) - Started ServerConnector@7eefaca0{HTTP/1.1,[http/1.1]}{0.0.0.0:40435}
2019-06-13 20:39:30,803 INFO  server.Server (Server.java:doStart(419)) - Started @33379ms
2019-06-13 20:39:30,804 INFO  server.BaseHttpServer (BaseHttpServer.java:updateConnectorAddress(207)) - HTTP server of OZONEMANAGER is listening at http://0.0.0.0:40435
2019-06-13 20:39:30,814 INFO  impl.MetricsSystemImpl (MetricsSystemImpl.java:init(158)) - HddsDatanode metrics system started (again)
2019-06-13 20:39:30,815 INFO  ozone.HddsDatanodeService (HddsDatanodeService.java:start(185)) - HddsDatanodeService host:ozone-xt75l-2456167409 ip:192.168.105.134
2019-06-13 20:39:30,819 INFO  volume.HddsVolume (HddsVolume.java:<init>(176)) - Creating Volume: /opt/src/hadoop-ozone/integration-test/target/test-dir/MiniOzoneClusterImpl-f63f9b39-d37a-436c-a71d-d3be03329d37/datanode-0/data/containers/hdds of  storage type : DISK and capacity : 104021790720
2019-06-13 20:39:30,820 INFO  volume.VolumeSet (VolumeSet.java:initializeVolumeSet(170)) - Added Volume : /opt/src/hadoop-ozone/integration-test/target/test-dir/MiniOzoneClusterImpl-f63f9b39-d37a-436c-a71d-d3be03329d37/datanode-0/data/containers/hdds to VolumeSet
2019-06-13 20:39:30,820 INFO  volume.ThrottledAsyncChecker (ThrottledAsyncChecker.java:schedule(140)) - Scheduling a check for org.apache.hadoop.ozone.container.common.volume.HddsVolume@160546b1
2019-06-13 20:39:30,820 INFO  volume.HddsVolumeChecker (HddsVolumeChecker.java:checkAllVolumes(203)) - Scheduled health check for volume org.apache.hadoop.ozone.container.common.volume.HddsVolume@160546b1
2019-06-13 20:39:30,829 INFO  ratis.XceiverServerRatis (XceiverServerRatis.java:newXceiverServerRatis(401)) - Found a free port for the server : 45535
2019-06-13 20:39:30,830 INFO  impl.RaftServerProxy (ConfUtils.java:logGet(43)) - raft.rpc.type = GRPC (default)
2019-06-13 20:39:30,831 INFO  grpc.GrpcConfigKeys$Server (ConfUtils.java:logGet(43)) - raft.grpc.server.port = 45535 (custom)
2019-06-13 20:39:30,831 INFO  server.GrpcService (ConfUtils.java:logGet(43)) - raft.grpc.message.size.max = 33570816 (custom)
2019-06-13 20:39:30,831 INFO  server.RaftServerConfigKeys (ConfUtils.java:logGet(43)) - raft.server.log.appender.buffer.byte-limit = 33554432 (custom)
2019-06-13 20:39:30,831 INFO  server.GrpcService (ConfUtils.java:logGet(43)) - raft.grpc.flow.control.window = 1MB (=1048576) (default)
2019-06-13 20:39:30,832 INFO  server.RaftServerConfigKeys (ConfUtils.java:logGet(43)) - raft.server.rpc.request.timeout = 3000ms (default)
2019-06-13 20:39:30,832 INFO  server.RaftServerConfigKeys (ConfUtils.java:logGet(43)) - raft.server.storage.dir = [/opt/src/hadoop-ozone/integration-test/target/test-dir/MiniOzoneClusterImpl-f63f9b39-d37a-436c-a71d-d3be03329d37/datanode-0/data/ratis] (custom)
2019-06-13 20:39:30,832 INFO  server.XceiverServerGrpc (XceiverServerGrpc.java:<init>(97)) - Found a free port for the server : 46099
2019-06-13 20:39:30,833 INFO  replication.SimpleContainerDownloader (SimpleContainerDownloader.java:<init>(72)) - Starting container downloader service to copy containers to replicate.
2019-06-13 20:39:30,834 INFO  hdfs.DFSUtil (DFSUtil.java:httpServerTemplateForNNAndJN(1641)) - Starting Web-server for hddsDatanode at: http://0.0.0.0:0
2019-06-13 20:39:30,835 INFO  server.AuthenticationFilter (AuthenticationFilter.java:constructSecretProvider(240)) - Unable to initialize FileSignerSecretProvider, falling back to use random secrets.
2019-06-13 20:39:30,836 WARN  http.HttpRequestLog (HttpRequestLog.java:getRequestLog(97)) - Jetty request log can only be enabled using Log4j
2019-06-13 20:39:30,837 INFO  http.HttpServer2 (HttpServer2.java:addGlobalFilter(975)) - Added global filter 'safety' (class=org.apache.hadoop.http.HttpServer2$QuotingInputFilter)
2019-06-13 20:39:30,838 INFO  http.HttpServer2 (HttpServer2.java:addFilter(948)) - Added filter static_user_filter (class=org.apache.hadoop.http.lib.StaticUserWebFilter$StaticUserFilter) to context hddsDatanode
2019-06-13 20:39:30,838 INFO  http.HttpServer2 (HttpServer2.java:addFilter(958)) - Added filter static_user_filter (class=org.apache.hadoop.http.lib.StaticUserWebFilter$StaticUserFilter) to context logs
2019-06-13 20:39:30,838 INFO  http.HttpServer2 (HttpServer2.java:addFilter(958)) - Added filter static_user_filter (class=org.apache.hadoop.http.lib.StaticUserWebFilter$StaticUserFilter) to context static
2019-06-13 20:39:30,838 INFO  http.HttpServer2 (HttpServer2.java:bindListener(1191)) - Jetty bound to port 44789
2019-06-13 20:39:30,839 INFO  server.Server (Server.java:doStart(351)) - jetty-9.3.24.v20180605, build timestamp: 2018-06-05T17:11:56Z, git hash: 84205aa28f11a4f31f2a3b86d1bba2cc8ab69827
2019-06-13 20:39:30,840 INFO  handler.ContextHandler (ContextHandler.java:doStart(781)) - Started o.e.j.s.ServletContextHandler@2fea9a7b{/logs,file:///opt/src/hadoop-ozone/integration-test/target/log,AVAILABLE}
2019-06-13 20:39:30,841 INFO  handler.ContextHandler (ContextHandler.java:doStart(781)) - Started o.e.j.s.ServletContextHandler@69c1ea07{/static,jar:file:/root/.m2/repository/org/apache/hadoop/hadoop-hdds-container-service/0.5.0-SNAPSHOT/hadoop-hdds-container-service-0.5.0-SNAPSHOT.jar!/webapps/static,AVAILABLE}
2019-06-13 20:39:30,864 INFO  handler.ContextHandler (ContextHandler.java:doStart(781)) - Started o.e.j.w.WebAppContext@42ffbab6{/,file:///tmp/jetty-0.0.0.0-44789-hddsDatanode-_-any-3475277992316538677.dir/webapp/,AVAILABLE}{/hddsDatanode}
2019-06-13 20:39:30,865 INFO  server.AbstractConnector (AbstractConnector.java:doStart(278)) - Started ServerConnector@7672960e{HTTP/1.1,[http/1.1]}{0.0.0.0:44789}
2019-06-13 20:39:30,865 INFO  server.Server (Server.java:doStart(419)) - Started @33441ms
2019-06-13 20:39:30,866 INFO  server.BaseHttpServer (BaseHttpServer.java:updateConnectorAddress(207)) - HTTP server of HDDSDATANODE is listening at http://0.0.0.0:44789
2019-06-13 20:39:30,961 INFO  ozone.HddsDatanodeService (HddsDatanodeService.java:startPlugins(396)) - Started plug-in org.apache.hadoop.ozone.web.OzoneHddsDatanodeService@6edd4fe2
2019-06-13 20:39:30,961 INFO  impl.MetricsSystemImpl (MetricsSystemImpl.java:init(158)) - HddsDatanode metrics system started (again)
2019-06-13 20:39:30,962 INFO  ozone.HddsDatanodeService (HddsDatanodeService.java:start(185)) - HddsDatanodeService host:ozone-xt75l-2456167409 ip:192.168.105.134
2019-06-13 20:39:30,962 INFO  util.JvmPauseMonitor (JvmPauseMonitor.java:run(188)) - Starting JVM pause monitor
2019-06-13 20:39:30,963 INFO  datanode.InitDatanodeState (InitDatanodeState.java:persistContainerDatanodeDetails(140)) - DatanodeDetails is persisted to /opt/src/hadoop-ozone/integration-test/target/test-dir/MiniOzoneClusterImpl-f63f9b39-d37a-436c-a71d-d3be03329d37/datanode-0/meta/datanode.id
2019-06-13 20:39:30,967 INFO  volume.HddsVolume (HddsVolume.java:<init>(176)) - Creating Volume: /opt/src/hadoop-ozone/integration-test/target/test-dir/MiniOzoneClusterImpl-f63f9b39-d37a-436c-a71d-d3be03329d37/datanode-1/data/containers/hdds of  storage type : DISK and capacity : 104021790720
2019-06-13 20:39:30,968 INFO  volume.VolumeSet (VolumeSet.java:initializeVolumeSet(170)) - Added Volume : /opt/src/hadoop-ozone/integration-test/target/test-dir/MiniOzoneClusterImpl-f63f9b39-d37a-436c-a71d-d3be03329d37/datanode-1/data/containers/hdds to VolumeSet
2019-06-13 20:39:30,968 INFO  volume.ThrottledAsyncChecker (ThrottledAsyncChecker.java:schedule(140)) - Scheduling a check for org.apache.hadoop.ozone.container.common.volume.HddsVolume@21e39b82
2019-06-13 20:39:30,970 INFO  volume.HddsVolumeChecker (HddsVolumeChecker.java:checkAllVolumes(203)) - Scheduled health check for volume org.apache.hadoop.ozone.container.common.volume.HddsVolume@21e39b82
2019-06-13 20:39:30,979 INFO  ratis.XceiverServerRatis (XceiverServerRatis.java:newXceiverServerRatis(401)) - Found a free port for the server : 41937
2019-06-13 20:39:30,980 INFO  impl.RaftServerProxy (ConfUtils.java:logGet(43)) - raft.rpc.type = GRPC (default)
2019-06-13 20:39:30,981 INFO  grpc.GrpcConfigKeys$Server (ConfUtils.java:logGet(43)) - raft.grpc.server.port = 41937 (custom)
2019-06-13 20:39:30,981 INFO  server.GrpcService (ConfUtils.java:logGet(43)) - raft.grpc.message.size.max = 33570816 (custom)
2019-06-13 20:39:30,981 INFO  server.RaftServerConfigKeys (ConfUtils.java:logGet(43)) - raft.server.log.appender.buffer.byte-limit = 33554432 (custom)
2019-06-13 20:39:30,981 INFO  server.GrpcService (ConfUtils.java:logGet(43)) - raft.grpc.flow.control.window = 1MB (=1048576) (default)
2019-06-13 20:39:30,982 INFO  server.RaftServerConfigKeys (ConfUtils.java:logGet(43)) - raft.server.rpc.request.timeout = 3000ms (default)
2019-06-13 20:39:30,982 INFO  server.RaftServerConfigKeys (ConfUtils.java:logGet(43)) - raft.server.storage.dir = [/opt/src/hadoop-ozone/integration-test/target/test-dir/MiniOzoneClusterImpl-f63f9b39-d37a-436c-a71d-d3be03329d37/datanode-1/data/ratis] (custom)
2019-06-13 20:39:30,982 INFO  server.XceiverServerGrpc (XceiverServerGrpc.java:<init>(97)) - Found a free port for the server : 36353
2019-06-13 20:39:30,983 INFO  replication.SimpleContainerDownloader (SimpleContainerDownloader.java:<init>(72)) - Starting container downloader service to copy containers to replicate.
2019-06-13 20:39:30,984 INFO  hdfs.DFSUtil (DFSUtil.java:httpServerTemplateForNNAndJN(1641)) - Starting Web-server for hddsDatanode at: http://0.0.0.0:0
2019-06-13 20:39:30,985 INFO  server.AuthenticationFilter (AuthenticationFilter.java:constructSecretProvider(240)) - Unable to initialize FileSignerSecretProvider, falling back to use random secrets.
2019-06-13 20:39:30,985 WARN  http.HttpRequestLog (HttpRequestLog.java:getRequestLog(97)) - Jetty request log can only be enabled using Log4j
2019-06-13 20:39:30,987 INFO  http.HttpServer2 (HttpServer2.java:addGlobalFilter(975)) - Added global filter 'safety' (class=org.apache.hadoop.http.HttpServer2$QuotingInputFilter)
2019-06-13 20:39:30,987 INFO  http.HttpServer2 (HttpServer2.java:addFilter(948)) - Added filter static_user_filter (class=org.apache.hadoop.http.lib.StaticUserWebFilter$StaticUserFilter) to context hddsDatanode
2019-06-13 20:39:30,987 INFO  http.HttpServer2 (HttpServer2.java:addFilter(958)) - Added filter static_user_filter (class=org.apache.hadoop.http.lib.StaticUserWebFilter$StaticUserFilter) to context logs
2019-06-13 20:39:30,988 INFO  http.HttpServer2 (HttpServer2.java:addFilter(958)) - Added filter static_user_filter (class=org.apache.hadoop.http.lib.StaticUserWebFilter$StaticUserFilter) to context static
2019-06-13 20:39:30,988 INFO  http.HttpServer2 (HttpServer2.java:bindListener(1191)) - Jetty bound to port 34011
2019-06-13 20:39:30,988 INFO  server.Server (Server.java:doStart(351)) - jetty-9.3.24.v20180605, build timestamp: 2018-06-05T17:11:56Z, git hash: 84205aa28f11a4f31f2a3b86d1bba2cc8ab69827
2019-06-13 20:39:30,990 INFO  handler.ContextHandler (ContextHandler.java:doStart(781)) - Started o.e.j.s.ServletContextHandler@13d10057{/logs,file:///opt/src/hadoop-ozone/integration-test/target/log,AVAILABLE}
2019-06-13 20:39:30,991 INFO  handler.ContextHandler (ContextHandler.java:doStart(781)) - Started o.e.j.s.ServletContextHandler@14993306{/static,jar:file:/root/.m2/repository/org/apache/hadoop/hadoop-hdds-container-service/0.5.0-SNAPSHOT/hadoop-hdds-container-service-0.5.0-SNAPSHOT.jar!/webapps/static,AVAILABLE}
2019-06-13 20:39:31,021 INFO  handler.ContextHandler (ContextHandler.java:doStart(781)) - Started o.e.j.w.WebAppContext@67784537{/,file:///tmp/jetty-0.0.0.0-34011-hddsDatanode-_-any-323901117627649628.dir/webapp/,AVAILABLE}{/hddsDatanode}
2019-06-13 20:39:31,021 INFO  server.AbstractConnector (AbstractConnector.java:doStart(278)) - Started ServerConnector@17ec5e2a{HTTP/1.1,[http/1.1]}{0.0.0.0:34011}
2019-06-13 20:39:31,022 INFO  server.Server (Server.java:doStart(419)) - Started @33598ms
2019-06-13 20:39:31,023 INFO  server.BaseHttpServer (BaseHttpServer.java:updateConnectorAddress(207)) - HTTP server of HDDSDATANODE is listening at http://0.0.0.0:34011
2019-06-13 20:39:31,167 INFO  ozone.HddsDatanodeService (HddsDatanodeService.java:startPlugins(396)) - Started plug-in org.apache.hadoop.ozone.web.OzoneHddsDatanodeService@68360fb9
2019-06-13 20:39:31,167 INFO  impl.MetricsSystemImpl (MetricsSystemImpl.java:init(158)) - HddsDatanode metrics system started (again)
2019-06-13 20:39:31,167 INFO  ozone.HddsDatanodeService (HddsDatanodeService.java:start(185)) - HddsDatanodeService host:ozone-xt75l-2456167409 ip:192.168.105.134
2019-06-13 20:39:31,169 INFO  util.JvmPauseMonitor (JvmPauseMonitor.java:run(188)) - Starting JVM pause monitor
2019-06-13 20:39:31,171 INFO  datanode.InitDatanodeState (InitDatanodeState.java:persistContainerDatanodeDetails(140)) - DatanodeDetails is persisted to /opt/src/hadoop-ozone/integration-test/target/test-dir/MiniOzoneClusterImpl-f63f9b39-d37a-436c-a71d-d3be03329d37/datanode-1/meta/datanode.id
2019-06-13 20:39:31,184 INFO  volume.HddsVolume (HddsVolume.java:<init>(176)) - Creating Volume: /opt/src/hadoop-ozone/integration-test/target/test-dir/MiniOzoneClusterImpl-f63f9b39-d37a-436c-a71d-d3be03329d37/datanode-2/data/containers/hdds of  storage type : DISK and capacity : 104021790720
2019-06-13 20:39:31,184 INFO  volume.VolumeSet (VolumeSet.java:initializeVolumeSet(170)) - Added Volume : /opt/src/hadoop-ozone/integration-test/target/test-dir/MiniOzoneClusterImpl-f63f9b39-d37a-436c-a71d-d3be03329d37/datanode-2/data/containers/hdds to VolumeSet
2019-06-13 20:39:31,184 INFO  volume.ThrottledAsyncChecker (ThrottledAsyncChecker.java:schedule(140)) - Scheduling a check for org.apache.hadoop.ozone.container.common.volume.HddsVolume@3d02ff64
2019-06-13 20:39:31,186 INFO  volume.HddsVolumeChecker (HddsVolumeChecker.java:checkAllVolumes(203)) - Scheduled health check for volume org.apache.hadoop.ozone.container.common.volume.HddsVolume@3d02ff64
2019-06-13 20:39:31,198 INFO  ratis.XceiverServerRatis (XceiverServerRatis.java:newXceiverServerRatis(401)) - Found a free port for the server : 33961
2019-06-13 20:39:31,200 INFO  impl.RaftServerProxy (ConfUtils.java:logGet(43)) - raft.rpc.type = GRPC (default)
2019-06-13 20:39:31,200 INFO  grpc.GrpcConfigKeys$Server (ConfUtils.java:logGet(43)) - raft.grpc.server.port = 33961 (custom)
2019-06-13 20:39:31,200 INFO  server.GrpcService (ConfUtils.java:logGet(43)) - raft.grpc.message.size.max = 33570816 (custom)
2019-06-13 20:39:31,200 INFO  server.RaftServerConfigKeys (ConfUtils.java:logGet(43)) - raft.server.log.appender.buffer.byte-limit = 33554432 (custom)
2019-06-13 20:39:31,201 INFO  server.GrpcService (ConfUtils.java:logGet(43)) - raft.grpc.flow.control.window = 1MB (=1048576) (default)
2019-06-13 20:39:31,201 INFO  server.RaftServerConfigKeys (ConfUtils.java:logGet(43)) - raft.server.rpc.request.timeout = 3000ms (default)
2019-06-13 20:39:31,201 INFO  server.RaftServerConfigKeys (ConfUtils.java:logGet(43)) - raft.server.storage.dir = [/opt/src/hadoop-ozone/integration-test/target/test-dir/MiniOzoneClusterImpl-f63f9b39-d37a-436c-a71d-d3be03329d37/datanode-2/data/ratis] (custom)
2019-06-13 20:39:31,202 INFO  server.XceiverServerGrpc (XceiverServerGrpc.java:<init>(97)) - Found a free port for the server : 37013
2019-06-13 20:39:31,202 INFO  replication.SimpleContainerDownloader (SimpleContainerDownloader.java:<init>(72)) - Starting container downloader service to copy containers to replicate.
2019-06-13 20:39:31,203 INFO  hdfs.DFSUtil (DFSUtil.java:httpServerTemplateForNNAndJN(1641)) - Starting Web-server for hddsDatanode at: http://0.0.0.0:0
2019-06-13 20:39:31,204 INFO  server.AuthenticationFilter (AuthenticationFilter.java:constructSecretProvider(240)) - Unable to initialize FileSignerSecretProvider, falling back to use random secrets.
2019-06-13 20:39:31,204 WARN  http.HttpRequestLog (HttpRequestLog.java:getRequestLog(97)) - Jetty request log can only be enabled using Log4j
2019-06-13 20:39:31,206 INFO  http.HttpServer2 (HttpServer2.java:addGlobalFilter(975)) - Added global filter 'safety' (class=org.apache.hadoop.http.HttpServer2$QuotingInputFilter)
2019-06-13 20:39:31,206 INFO  http.HttpServer2 (HttpServer2.java:addFilter(948)) - Added filter static_user_filter (class=org.apache.hadoop.http.lib.StaticUserWebFilter$StaticUserFilter) to context hddsDatanode
2019-06-13 20:39:31,207 INFO  http.HttpServer2 (HttpServer2.java:addFilter(958)) - Added filter static_user_filter (class=org.apache.hadoop.http.lib.StaticUserWebFilter$StaticUserFilter) to context static
2019-06-13 20:39:31,207 INFO  http.HttpServer2 (HttpServer2.java:addFilter(958)) - Added filter static_user_filter (class=org.apache.hadoop.http.lib.StaticUserWebFilter$StaticUserFilter) to context logs
2019-06-13 20:39:31,207 INFO  http.HttpServer2 (HttpServer2.java:bindListener(1191)) - Jetty bound to port 46341
2019-06-13 20:39:31,207 INFO  server.Server (Server.java:doStart(351)) - jetty-9.3.24.v20180605, build timestamp: 2018-06-05T17:11:56Z, git hash: 84205aa28f11a4f31f2a3b86d1bba2cc8ab69827
2019-06-13 20:39:31,210 INFO  handler.ContextHandler (ContextHandler.java:doStart(781)) - Started o.e.j.s.ServletContextHandler@3c65f00e{/logs,file:///opt/src/hadoop-ozone/integration-test/target/log,AVAILABLE}
2019-06-13 20:39:31,211 INFO  handler.ContextHandler (ContextHandler.java:doStart(781)) - Started o.e.j.s.ServletContextHandler@36ecf9f6{/static,jar:file:/root/.m2/repository/org/apache/hadoop/hadoop-hdds-container-service/0.5.0-SNAPSHOT/hadoop-hdds-container-service-0.5.0-SNAPSHOT.jar!/webapps/static,AVAILABLE}
2019-06-13 20:39:31,231 INFO  handler.ContextHandler (ContextHandler.java:doStart(781)) - Started o.e.j.w.WebAppContext@4b5aa48b{/,file:///tmp/jetty-0.0.0.0-46341-hddsDatanode-_-any-3711264246127410802.dir/webapp/,AVAILABLE}{/hddsDatanode}
2019-06-13 20:39:31,231 INFO  server.AbstractConnector (AbstractConnector.java:doStart(278)) - Started ServerConnector@51c008fd{HTTP/1.1,[http/1.1]}{0.0.0.0:46341}
2019-06-13 20:39:31,232 INFO  server.Server (Server.java:doStart(419)) - Started @33808ms
2019-06-13 20:39:31,233 INFO  server.BaseHttpServer (BaseHttpServer.java:updateConnectorAddress(207)) - HTTP server of HDDSDATANODE is listening at http://0.0.0.0:46341
2019-06-13 20:39:31,320 INFO  ozone.HddsDatanodeService (HddsDatanodeService.java:startPlugins(396)) - Started plug-in org.apache.hadoop.ozone.web.OzoneHddsDatanodeService@dbda472
2019-06-13 20:39:31,320 INFO  impl.MetricsSystemImpl (MetricsSystemImpl.java:init(158)) - HddsDatanode metrics system started (again)
2019-06-13 20:39:31,321 INFO  ozone.HddsDatanodeService (HddsDatanodeService.java:start(185)) - HddsDatanodeService host:ozone-xt75l-2456167409 ip:192.168.105.134
2019-06-13 20:39:31,331 INFO  util.JvmPauseMonitor (JvmPauseMonitor.java:run(188)) - Starting JVM pause monitor
2019-06-13 20:39:31,334 INFO  volume.HddsVolume (HddsVolume.java:<init>(176)) - Creating Volume: /opt/src/hadoop-ozone/integration-test/target/test-dir/MiniOzoneClusterImpl-f63f9b39-d37a-436c-a71d-d3be03329d37/datanode-3/data/containers/hdds of  storage type : DISK and capacity : 104021790720
2019-06-13 20:39:31,334 INFO  volume.VolumeSet (VolumeSet.java:initializeVolumeSet(170)) - Added Volume : /opt/src/hadoop-ozone/integration-test/target/test-dir/MiniOzoneClusterImpl-f63f9b39-d37a-436c-a71d-d3be03329d37/datanode-3/data/containers/hdds to VolumeSet
2019-06-13 20:39:31,334 INFO  volume.ThrottledAsyncChecker (ThrottledAsyncChecker.java:schedule(140)) - Scheduling a check for org.apache.hadoop.ozone.container.common.volume.HddsVolume@1f521c69
2019-06-13 20:39:31,335 INFO  volume.HddsVolumeChecker (HddsVolumeChecker.java:checkAllVolumes(203)) - Scheduled health check for volume org.apache.hadoop.ozone.container.common.volume.HddsVolume@1f521c69
2019-06-13 20:39:31,336 INFO  datanode.InitDatanodeState (InitDatanodeState.java:persistContainerDatanodeDetails(140)) - DatanodeDetails is persisted to /opt/src/hadoop-ozone/integration-test/target/test-dir/MiniOzoneClusterImpl-f63f9b39-d37a-436c-a71d-d3be03329d37/datanode-2/meta/datanode.id
2019-06-13 20:39:31,345 INFO  ratis.XceiverServerRatis (XceiverServerRatis.java:newXceiverServerRatis(401)) - Found a free port for the server : 37671
2019-06-13 20:39:31,346 INFO  impl.RaftServerProxy (ConfUtils.java:logGet(43)) - raft.rpc.type = GRPC (default)
2019-06-13 20:39:31,346 INFO  grpc.GrpcConfigKeys$Server (ConfUtils.java:logGet(43)) - raft.grpc.server.port = 37671 (custom)
2019-06-13 20:39:31,346 INFO  server.GrpcService (ConfUtils.java:logGet(43)) - raft.grpc.message.size.max = 33570816 (custom)
2019-06-13 20:39:31,346 INFO  server.RaftServerConfigKeys (ConfUtils.java:logGet(43)) - raft.server.log.appender.buffer.byte-limit = 33554432 (custom)
2019-06-13 20:39:31,347 INFO  server.GrpcService (ConfUtils.java:logGet(43)) - raft.grpc.flow.control.window = 1MB (=1048576) (default)
2019-06-13 20:39:31,347 INFO  server.RaftServerConfigKeys (ConfUtils.java:logGet(43)) - raft.server.rpc.request.timeout = 3000ms (default)
2019-06-13 20:39:31,347 INFO  server.RaftServerConfigKeys (ConfUtils.java:logGet(43)) - raft.server.storage.dir = [/opt/src/hadoop-ozone/integration-test/target/test-dir/MiniOzoneClusterImpl-f63f9b39-d37a-436c-a71d-d3be03329d37/datanode-3/data/ratis] (custom)
2019-06-13 20:39:31,347 INFO  server.XceiverServerGrpc (XceiverServerGrpc.java:<init>(97)) - Found a free port for the server : 46711
2019-06-13 20:39:31,348 INFO  replication.SimpleContainerDownloader (SimpleContainerDownloader.java:<init>(72)) - Starting container downloader service to copy containers to replicate.
2019-06-13 20:39:31,349 INFO  hdfs.DFSUtil (DFSUtil.java:httpServerTemplateForNNAndJN(1641)) - Starting Web-server for hddsDatanode at: http://0.0.0.0:0
2019-06-13 20:39:31,351 INFO  server.AuthenticationFilter (AuthenticationFilter.java:constructSecretProvider(240)) - Unable to initialize FileSignerSecretProvider, falling back to use random secrets.
2019-06-13 20:39:31,351 WARN  http.HttpRequestLog (HttpRequestLog.java:getRequestLog(97)) - Jetty request log can only be enabled using Log4j
2019-06-13 20:39:31,352 INFO  http.HttpServer2 (HttpServer2.java:addGlobalFilter(975)) - Added global filter 'safety' (class=org.apache.hadoop.http.HttpServer2$QuotingInputFilter)
2019-06-13 20:39:31,352 INFO  http.HttpServer2 (HttpServer2.java:addFilter(948)) - Added filter static_user_filter (class=org.apache.hadoop.http.lib.StaticUserWebFilter$StaticUserFilter) to context hddsDatanode
2019-06-13 20:39:31,352 INFO  http.HttpServer2 (HttpServer2.java:addFilter(958)) - Added filter static_user_filter (class=org.apache.hadoop.http.lib.StaticUserWebFilter$StaticUserFilter) to context static
2019-06-13 20:39:31,353 INFO  http.HttpServer2 (HttpServer2.java:addFilter(958)) - Added filter static_user_filter (class=org.apache.hadoop.http.lib.StaticUserWebFilter$StaticUserFilter) to context logs
2019-06-13 20:39:31,353 INFO  http.HttpServer2 (HttpServer2.java:bindListener(1191)) - Jetty bound to port 37417
2019-06-13 20:39:31,353 INFO  server.Server (Server.java:doStart(351)) - jetty-9.3.24.v20180605, build timestamp: 2018-06-05T17:11:56Z, git hash: 84205aa28f11a4f31f2a3b86d1bba2cc8ab69827
2019-06-13 20:39:31,354 INFO  handler.ContextHandler (ContextHandler.java:doStart(781)) - Started o.e.j.s.ServletContextHandler@18f8ebd4{/logs,file:///opt/src/hadoop-ozone/integration-test/target/log,AVAILABLE}
2019-06-13 20:39:31,355 INFO  handler.ContextHandler (ContextHandler.java:doStart(781)) - Started o.e.j.s.ServletContextHandler@38fc34fd{/static,jar:file:/root/.m2/repository/org/apache/hadoop/hadoop-hdds-container-service/0.5.0-SNAPSHOT/hadoop-hdds-container-service-0.5.0-SNAPSHOT.jar!/webapps/static,AVAILABLE}
2019-06-13 20:39:31,383 INFO  handler.ContextHandler (ContextHandler.java:doStart(781)) - Started o.e.j.w.WebAppContext@2524d07a{/,file:///tmp/jetty-0.0.0.0-37417-hddsDatanode-_-any-7202890516253690256.dir/webapp/,AVAILABLE}{/hddsDatanode}
2019-06-13 20:39:31,383 INFO  server.AbstractConnector (AbstractConnector.java:doStart(278)) - Started ServerConnector@309e3f34{HTTP/1.1,[http/1.1]}{0.0.0.0:37417}
2019-06-13 20:39:31,385 INFO  server.Server (Server.java:doStart(419)) - Started @33961ms
2019-06-13 20:39:31,386 INFO  server.BaseHttpServer (BaseHttpServer.java:updateConnectorAddress(207)) - HTTP server of HDDSDATANODE is listening at http://0.0.0.0:37417
2019-06-13 20:39:31,517 INFO  ozone.HddsDatanodeService (HddsDatanodeService.java:startPlugins(396)) - Started plug-in org.apache.hadoop.ozone.web.OzoneHddsDatanodeService@744fb110
2019-06-13 20:39:31,518 INFO  impl.MetricsSystemImpl (MetricsSystemImpl.java:init(158)) - HddsDatanode metrics system started (again)
2019-06-13 20:39:31,518 INFO  ozone.HddsDatanodeService (HddsDatanodeService.java:start(185)) - HddsDatanodeService host:ozone-xt75l-2456167409 ip:192.168.105.134
2019-06-13 20:39:31,522 INFO  util.JvmPauseMonitor (JvmPauseMonitor.java:run(188)) - Starting JVM pause monitor
2019-06-13 20:39:31,524 INFO  datanode.InitDatanodeState (InitDatanodeState.java:persistContainerDatanodeDetails(140)) - DatanodeDetails is persisted to /opt/src/hadoop-ozone/integration-test/target/test-dir/MiniOzoneClusterImpl-f63f9b39-d37a-436c-a71d-d3be03329d37/datanode-3/meta/datanode.id
2019-06-13 20:39:31,525 INFO  volume.HddsVolume (HddsVolume.java:<init>(176)) - Creating Volume: /opt/src/hadoop-ozone/integration-test/target/test-dir/MiniOzoneClusterImpl-f63f9b39-d37a-436c-a71d-d3be03329d37/datanode-4/data/containers/hdds of  storage type : DISK and capacity : 104021790720
2019-06-13 20:39:31,526 INFO  volume.VolumeSet (VolumeSet.java:initializeVolumeSet(170)) - Added Volume : /opt/src/hadoop-ozone/integration-test/target/test-dir/MiniOzoneClusterImpl-f63f9b39-d37a-436c-a71d-d3be03329d37/datanode-4/data/containers/hdds to VolumeSet
2019-06-13 20:39:31,526 INFO  volume.ThrottledAsyncChecker (ThrottledAsyncChecker.java:schedule(140)) - Scheduling a check for org.apache.hadoop.ozone.container.common.volume.HddsVolume@6aa9a93b
2019-06-13 20:39:31,530 INFO  volume.HddsVolumeChecker (HddsVolumeChecker.java:checkAllVolumes(203)) - Scheduled health check for volume org.apache.hadoop.ozone.container.common.volume.HddsVolume@6aa9a93b
2019-06-13 20:39:31,538 INFO  ratis.XceiverServerRatis (XceiverServerRatis.java:newXceiverServerRatis(401)) - Found a free port for the server : 43655
2019-06-13 20:39:31,543 INFO  impl.RaftServerProxy (ConfUtils.java:logGet(43)) - raft.rpc.type = GRPC (default)
2019-06-13 20:39:31,543 INFO  grpc.GrpcConfigKeys$Server (ConfUtils.java:logGet(43)) - raft.grpc.server.port = 43655 (custom)
2019-06-13 20:39:31,543 INFO  server.GrpcService (ConfUtils.java:logGet(43)) - raft.grpc.message.size.max = 33570816 (custom)
2019-06-13 20:39:31,543 INFO  server.RaftServerConfigKeys (ConfUtils.java:logGet(43)) - raft.server.log.appender.buffer.byte-limit = 33554432 (custom)
2019-06-13 20:39:31,543 INFO  server.GrpcService (ConfUtils.java:logGet(43)) - raft.grpc.flow.control.window = 1MB (=1048576) (default)
2019-06-13 20:39:31,543 INFO  server.RaftServerConfigKeys (ConfUtils.java:logGet(43)) - raft.server.rpc.request.timeout = 3000ms (default)
2019-06-13 20:39:31,544 INFO  server.RaftServerConfigKeys (ConfUtils.java:logGet(43)) - raft.server.storage.dir = [/opt/src/hadoop-ozone/integration-test/target/test-dir/MiniOzoneClusterImpl-f63f9b39-d37a-436c-a71d-d3be03329d37/datanode-4/data/ratis] (custom)
2019-06-13 20:39:31,544 INFO  server.XceiverServerGrpc (XceiverServerGrpc.java:<init>(97)) - Found a free port for the server : 44543
2019-06-13 20:39:31,545 INFO  replication.SimpleContainerDownloader (SimpleContainerDownloader.java:<init>(72)) - Starting container downloader service to copy containers to replicate.
2019-06-13 20:39:31,545 INFO  hdfs.DFSUtil (DFSUtil.java:httpServerTemplateForNNAndJN(1641)) - Starting Web-server for hddsDatanode at: http://0.0.0.0:0
2019-06-13 20:39:31,549 INFO  server.AuthenticationFilter (AuthenticationFilter.java:constructSecretProvider(240)) - Unable to initialize FileSignerSecretProvider, falling back to use random secrets.
2019-06-13 20:39:31,549 WARN  http.HttpRequestLog (HttpRequestLog.java:getRequestLog(97)) - Jetty request log can only be enabled using Log4j
2019-06-13 20:39:31,550 INFO  http.HttpServer2 (HttpServer2.java:addGlobalFilter(975)) - Added global filter 'safety' (class=org.apache.hadoop.http.HttpServer2$QuotingInputFilter)
2019-06-13 20:39:31,551 INFO  http.HttpServer2 (HttpServer2.java:addFilter(948)) - Added filter static_user_filter (class=org.apache.hadoop.http.lib.StaticUserWebFilter$StaticUserFilter) to context hddsDatanode
2019-06-13 20:39:31,551 INFO  http.HttpServer2 (HttpServer2.java:addFilter(958)) - Added filter static_user_filter (class=org.apache.hadoop.http.lib.StaticUserWebFilter$StaticUserFilter) to context static
2019-06-13 20:39:31,551 INFO  http.HttpServer2 (HttpServer2.java:addFilter(958)) - Added filter static_user_filter (class=org.apache.hadoop.http.lib.StaticUserWebFilter$StaticUserFilter) to context logs
2019-06-13 20:39:31,552 INFO  http.HttpServer2 (HttpServer2.java:bindListener(1191)) - Jetty bound to port 33435
2019-06-13 20:39:31,552 INFO  server.Server (Server.java:doStart(351)) - jetty-9.3.24.v20180605, build timestamp: 2018-06-05T17:11:56Z, git hash: 84205aa28f11a4f31f2a3b86d1bba2cc8ab69827
2019-06-13 20:39:31,554 INFO  handler.ContextHandler (ContextHandler.java:doStart(781)) - Started o.e.j.s.ServletContextHandler@379b4e86{/logs,file:///opt/src/hadoop-ozone/integration-test/target/log,AVAILABLE}
2019-06-13 20:39:31,555 INFO  handler.ContextHandler (ContextHandler.java:doStart(781)) - Started o.e.j.s.ServletContextHandler@72bce309{/static,jar:file:/root/.m2/repository/org/apache/hadoop/hadoop-hdds-container-service/0.5.0-SNAPSHOT/hadoop-hdds-container-service-0.5.0-SNAPSHOT.jar!/webapps/static,AVAILABLE}
2019-06-13 20:39:31,583 INFO  handler.ContextHandler (ContextHandler.java:doStart(781)) - Started o.e.j.w.WebAppContext@2cc97e47{/,file:///tmp/jetty-0.0.0.0-33435-hddsDatanode-_-any-8808338052642719719.dir/webapp/,AVAILABLE}{/hddsDatanode}
2019-06-13 20:39:31,584 INFO  server.AbstractConnector (AbstractConnector.java:doStart(278)) - Started ServerConnector@74a03bd5{HTTP/1.1,[http/1.1]}{0.0.0.0:33435}
2019-06-13 20:39:31,584 INFO  server.Server (Server.java:doStart(419)) - Started @34160ms
2019-06-13 20:39:31,585 INFO  server.BaseHttpServer (BaseHttpServer.java:updateConnectorAddress(207)) - HTTP server of HDDSDATANODE is listening at http://0.0.0.0:33435
2019-06-13 20:39:31,682 INFO  ozone.HddsDatanodeService (HddsDatanodeService.java:startPlugins(396)) - Started plug-in org.apache.hadoop.ozone.web.OzoneHddsDatanodeService@5401c6a8
2019-06-13 20:39:31,683 INFO  impl.MetricsSystemImpl (MetricsSystemImpl.java:init(158)) - HddsDatanode metrics system started (again)
2019-06-13 20:39:31,683 INFO  ozone.HddsDatanodeService (HddsDatanodeService.java:start(185)) - HddsDatanodeService host:ozone-xt75l-2456167409 ip:192.168.105.134
2019-06-13 20:39:31,688 INFO  util.JvmPauseMonitor (JvmPauseMonitor.java:run(188)) - Starting JVM pause monitor
2019-06-13 20:39:31,689 INFO  datanode.InitDatanodeState (InitDatanodeState.java:persistContainerDatanodeDetails(140)) - DatanodeDetails is persisted to /opt/src/hadoop-ozone/integration-test/target/test-dir/MiniOzoneClusterImpl-f63f9b39-d37a-436c-a71d-d3be03329d37/datanode-4/meta/datanode.id
2019-06-13 20:39:31,692 INFO  volume.HddsVolume (HddsVolume.java:<init>(176)) - Creating Volume: /opt/src/hadoop-ozone/integration-test/target/test-dir/MiniOzoneClusterImpl-f63f9b39-d37a-436c-a71d-d3be03329d37/datanode-5/data/containers/hdds of  storage type : DISK and capacity : 104021790720
2019-06-13 20:39:31,692 INFO  volume.VolumeSet (VolumeSet.java:initializeVolumeSet(170)) - Added Volume : /opt/src/hadoop-ozone/integration-test/target/test-dir/MiniOzoneClusterImpl-f63f9b39-d37a-436c-a71d-d3be03329d37/datanode-5/data/containers/hdds to VolumeSet
2019-06-13 20:39:31,692 INFO  volume.ThrottledAsyncChecker (ThrottledAsyncChecker.java:schedule(140)) - Scheduling a check for org.apache.hadoop.ozone.container.common.volume.HddsVolume@2051a0ec
2019-06-13 20:39:31,693 INFO  volume.HddsVolumeChecker (HddsVolumeChecker.java:checkAllVolumes(203)) - Scheduled health check for volume org.apache.hadoop.ozone.container.common.volume.HddsVolume@2051a0ec
2019-06-13 20:39:31,702 INFO  ratis.XceiverServerRatis (XceiverServerRatis.java:newXceiverServerRatis(401)) - Found a free port for the server : 45459
2019-06-13 20:39:31,703 INFO  impl.RaftServerProxy (ConfUtils.java:logGet(43)) - raft.rpc.type = GRPC (default)
2019-06-13 20:39:31,703 INFO  grpc.GrpcConfigKeys$Server (ConfUtils.java:logGet(43)) - raft.grpc.server.port = 45459 (custom)
2019-06-13 20:39:31,703 INFO  server.GrpcService (ConfUtils.java:logGet(43)) - raft.grpc.message.size.max = 33570816 (custom)
2019-06-13 20:39:31,703 INFO  server.RaftServerConfigKeys (ConfUtils.java:logGet(43)) - raft.server.log.appender.buffer.byte-limit = 33554432 (custom)
2019-06-13 20:39:31,704 INFO  server.GrpcService (ConfUtils.java:logGet(43)) - raft.grpc.flow.control.window = 1MB (=1048576) (default)
2019-06-13 20:39:31,704 INFO  server.RaftServerConfigKeys (ConfUtils.java:logGet(43)) - raft.server.rpc.request.timeout = 3000ms (default)
2019-06-13 20:39:31,704 INFO  server.RaftServerConfigKeys (ConfUtils.java:logGet(43)) - raft.server.storage.dir = [/opt/src/hadoop-ozone/integration-test/target/test-dir/MiniOzoneClusterImpl-f63f9b39-d37a-436c-a71d-d3be03329d37/datanode-5/data/ratis] (custom)
2019-06-13 20:39:31,704 INFO  server.XceiverServerGrpc (XceiverServerGrpc.java:<init>(97)) - Found a free port for the server : 42393
2019-06-13 20:39:31,705 INFO  replication.SimpleContainerDownloader (SimpleContainerDownloader.java:<init>(72)) - Starting container downloader service to copy containers to replicate.
2019-06-13 20:39:31,705 INFO  hdfs.DFSUtil (DFSUtil.java:httpServerTemplateForNNAndJN(1641)) - Starting Web-server for hddsDatanode at: http://0.0.0.0:0
2019-06-13 20:39:31,706 INFO  server.AuthenticationFilter (AuthenticationFilter.java:constructSecretProvider(240)) - Unable to initialize FileSignerSecretProvider, falling back to use random secrets.
2019-06-13 20:39:31,709 WARN  http.HttpRequestLog (HttpRequestLog.java:getRequestLog(97)) - Jetty request log can only be enabled using Log4j
2019-06-13 20:39:31,710 INFO  http.HttpServer2 (HttpServer2.java:addGlobalFilter(975)) - Added global filter 'safety' (class=org.apache.hadoop.http.HttpServer2$QuotingInputFilter)
2019-06-13 20:39:31,710 INFO  http.HttpServer2 (HttpServer2.java:addFilter(948)) - Added filter static_user_filter (class=org.apache.hadoop.http.lib.StaticUserWebFilter$StaticUserFilter) to context hddsDatanode
2019-06-13 20:39:31,710 INFO  http.HttpServer2 (HttpServer2.java:addFilter(958)) - Added filter static_user_filter (class=org.apache.hadoop.http.lib.StaticUserWebFilter$StaticUserFilter) to context logs
2019-06-13 20:39:31,710 INFO  http.HttpServer2 (HttpServer2.java:addFilter(958)) - Added filter static_user_filter (class=org.apache.hadoop.http.lib.StaticUserWebFilter$StaticUserFilter) to context static
2019-06-13 20:39:31,711 INFO  http.HttpServer2 (HttpServer2.java:bindListener(1191)) - Jetty bound to port 34887
2019-06-13 20:39:31,711 INFO  server.Server (Server.java:doStart(351)) - jetty-9.3.24.v20180605, build timestamp: 2018-06-05T17:11:56Z, git hash: 84205aa28f11a4f31f2a3b86d1bba2cc8ab69827
2019-06-13 20:39:31,715 INFO  handler.ContextHandler (ContextHandler.java:doStart(781)) - Started o.e.j.s.ServletContextHandler@10830d50{/logs,file:///opt/src/hadoop-ozone/integration-test/target/log,AVAILABLE}
2019-06-13 20:39:31,715 INFO  handler.ContextHandler (ContextHandler.java:doStart(781)) - Started o.e.j.s.ServletContextHandler@3ea8ff31{/static,jar:file:/root/.m2/repository/org/apache/hadoop/hadoop-hdds-container-service/0.5.0-SNAPSHOT/hadoop-hdds-container-service-0.5.0-SNAPSHOT.jar!/webapps/static,AVAILABLE}
2019-06-13 20:39:31,744 INFO  handler.ContextHandler (ContextHandler.java:doStart(781)) - Started o.e.j.w.WebAppContext@6e23ba17{/,file:///tmp/jetty-0.0.0.0-34887-hddsDatanode-_-any-8635706547017986265.dir/webapp/,AVAILABLE}{/hddsDatanode}
2019-06-13 20:39:31,745 INFO  server.AbstractConnector (AbstractConnector.java:doStart(278)) - Started ServerConnector@47e725af{HTTP/1.1,[http/1.1]}{0.0.0.0:34887}
2019-06-13 20:39:31,746 INFO  server.Server (Server.java:doStart(419)) - Started @34322ms
2019-06-13 20:39:31,747 INFO  server.BaseHttpServer (BaseHttpServer.java:updateConnectorAddress(207)) - HTTP server of HDDSDATANODE is listening at http://0.0.0.0:34887
2019-06-13 20:39:31,859 INFO  ozone.HddsDatanodeService (HddsDatanodeService.java:startPlugins(396)) - Started plug-in org.apache.hadoop.ozone.web.OzoneHddsDatanodeService@55c341d0
2019-06-13 20:39:31,861 INFO  ozone.MiniOzoneClusterImpl (MiniOzoneClusterImpl.java:lambda$waitForClusterToBeReady$0(142)) - Waiting for cluster to be ready. Got 0 of 6 DN Heartbeats.
2019-06-13 20:39:31,865 INFO  util.JvmPauseMonitor (JvmPauseMonitor.java:run(188)) - Starting JVM pause monitor
2019-06-13 20:39:31,866 INFO  datanode.InitDatanodeState (InitDatanodeState.java:persistContainerDatanodeDetails(140)) - DatanodeDetails is persisted to /opt/src/hadoop-ozone/integration-test/target/test-dir/MiniOzoneClusterImpl-f63f9b39-d37a-436c-a71d-d3be03329d37/datanode-5/meta/datanode.id
2019-06-13 20:39:32,861 INFO  ozone.MiniOzoneClusterImpl (MiniOzoneClusterImpl.java:lambda$waitForClusterToBeReady$0(142)) - Waiting for cluster to be ready. Got 0 of 6 DN Heartbeats.
2019-06-13 20:39:32,922 WARN  events.EventQueue (EventQueue.java:fireEvent(147)) - Processing of TypedEvent{payloadType=DatanodeDetails, name='Stale_Node'} is skipped, EventQueue is not running
2019-06-13 20:39:32,922 WARN  events.EventQueue (EventQueue.java:fireEvent(147)) - Processing of TypedEvent{payloadType=DatanodeDetails, name='Stale_Node'} is skipped, EventQueue is not running
2019-06-13 20:39:32,922 WARN  events.EventQueue (EventQueue.java:fireEvent(147)) - Processing of TypedEvent{payloadType=DatanodeDetails, name='Stale_Node'} is skipped, EventQueue is not running
2019-06-13 20:39:32,969 INFO  ozoneimpl.OzoneContainer (OzoneContainer.java:start(186)) - Attempting to start container services.
2019-06-13 20:39:32,969 INFO  ozoneimpl.OzoneContainer (OzoneContainer.java:startContainerScrub(160)) - Background container scrubber has been disabled by hdds.containerscrub.enabled
2019-06-13 20:39:32,969 INFO  ratis.XceiverServerRatis (XceiverServerRatis.java:start(418)) - Starting XceiverServerRatis b58abce5-9cda-4da4-af93-061e1b4f4afb at port 45535
2019-06-13 20:39:32,972 INFO  impl.RaftServerProxy (RaftServerProxy.java:lambda$start$3(299)) - b58abce5-9cda-4da4-af93-061e1b4f4afb: start RPC server
2019-06-13 20:39:32,973 INFO  server.GrpcService (GrpcService.java:startImpl(148)) - b58abce5-9cda-4da4-af93-061e1b4f4afb: GrpcService started, listening on 0.0.0.0/0.0.0.0:45535
2019-06-13 20:39:33,175 INFO  ozoneimpl.OzoneContainer (OzoneContainer.java:start(186)) - Attempting to start container services.
2019-06-13 20:39:33,175 INFO  ozoneimpl.OzoneContainer (OzoneContainer.java:startContainerScrub(160)) - Background container scrubber has been disabled by hdds.containerscrub.enabled
2019-06-13 20:39:33,175 INFO  ratis.XceiverServerRatis (XceiverServerRatis.java:start(418)) - Starting XceiverServerRatis 1baee1f3-808b-4789-a6cf-275e23684793 at port 41937
2019-06-13 20:39:33,191 INFO  impl.RaftServerProxy (RaftServerProxy.java:lambda$start$3(299)) - 1baee1f3-808b-4789-a6cf-275e23684793: start RPC server
2019-06-13 20:39:33,193 INFO  server.GrpcService (GrpcService.java:startImpl(148)) - 1baee1f3-808b-4789-a6cf-275e23684793: GrpcService started, listening on 0.0.0.0/0.0.0.0:41937
2019-06-13 20:39:33,222 WARN  events.EventQueue (EventQueue.java:fireEvent(147)) - Processing of TypedEvent{payloadType=DatanodeDetails, name='Stale_Node'} is skipped, EventQueue is not running
2019-06-13 20:39:33,223 WARN  events.EventQueue (EventQueue.java:fireEvent(147)) - Processing of TypedEvent{payloadType=DatanodeDetails, name='Stale_Node'} is skipped, EventQueue is not running
2019-06-13 20:39:33,223 WARN  events.EventQueue (EventQueue.java:fireEvent(147)) - Processing of TypedEvent{payloadType=DatanodeDetails, name='Stale_Node'} is skipped, EventQueue is not running
2019-06-13 20:39:33,334 INFO  ozoneimpl.OzoneContainer (OzoneContainer.java:start(186)) - Attempting to start container services.
2019-06-13 20:39:33,334 INFO  ozoneimpl.OzoneContainer (OzoneContainer.java:startContainerScrub(160)) - Background container scrubber has been disabled by hdds.containerscrub.enabled
2019-06-13 20:39:33,334 INFO  ratis.XceiverServerRatis (XceiverServerRatis.java:start(418)) - Starting XceiverServerRatis 04e16058-0472-4deb-86f4-f1f2e4de4d0b at port 33961
2019-06-13 20:39:33,337 INFO  impl.RaftServerProxy (RaftServerProxy.java:lambda$start$3(299)) - 04e16058-0472-4deb-86f4-f1f2e4de4d0b: start RPC server
2019-06-13 20:39:33,338 INFO  server.GrpcService (GrpcService.java:startImpl(148)) - 04e16058-0472-4deb-86f4-f1f2e4de4d0b: GrpcService started, listening on 0.0.0.0/0.0.0.0:33961
2019-06-13 20:39:33,525 INFO  ozoneimpl.OzoneContainer (OzoneContainer.java:start(186)) - Attempting to start container services.
2019-06-13 20:39:33,525 INFO  ozoneimpl.OzoneContainer (OzoneContainer.java:startContainerScrub(160)) - Background container scrubber has been disabled by hdds.containerscrub.enabled
2019-06-13 20:39:33,525 INFO  ratis.XceiverServerRatis (XceiverServerRatis.java:start(418)) - Starting XceiverServerRatis 1ea93810-5587-4924-9768-cb2bfe8ffd83 at port 37671
2019-06-13 20:39:33,528 INFO  impl.RaftServerProxy (RaftServerProxy.java:lambda$start$3(299)) - 1ea93810-5587-4924-9768-cb2bfe8ffd83: start RPC server
2019-06-13 20:39:33,529 INFO  server.GrpcService (GrpcService.java:startImpl(148)) - 1ea93810-5587-4924-9768-cb2bfe8ffd83: GrpcService started, listening on 0.0.0.0/0.0.0.0:37671
2019-06-13 20:39:33,691 INFO  ozoneimpl.OzoneContainer (OzoneContainer.java:start(186)) - Attempting to start container services.
2019-06-13 20:39:33,691 INFO  ozoneimpl.OzoneContainer (OzoneContainer.java:startContainerScrub(160)) - Background container scrubber has been disabled by hdds.containerscrub.enabled
2019-06-13 20:39:33,691 INFO  ratis.XceiverServerRatis (XceiverServerRatis.java:start(418)) - Starting XceiverServerRatis 3b64936e-ecb8-4d21-aec8-a9c2df291bfe at port 43655
2019-06-13 20:39:33,695 INFO  impl.RaftServerProxy (RaftServerProxy.java:lambda$start$3(299)) - 3b64936e-ecb8-4d21-aec8-a9c2df291bfe: start RPC server
2019-06-13 20:39:33,695 INFO  server.GrpcService (GrpcService.java:startImpl(148)) - 3b64936e-ecb8-4d21-aec8-a9c2df291bfe: GrpcService started, listening on 0.0.0.0/0.0.0.0:43655
2019-06-13 20:39:33,862 INFO  ozone.MiniOzoneClusterImpl (MiniOzoneClusterImpl.java:lambda$waitForClusterToBeReady$0(142)) - Waiting for cluster to be ready. Got 0 of 6 DN Heartbeats.
2019-06-13 20:39:33,867 INFO  ozoneimpl.OzoneContainer (OzoneContainer.java:start(186)) - Attempting to start container services.
2019-06-13 20:39:33,867 INFO  ozoneimpl.OzoneContainer (OzoneContainer.java:startContainerScrub(160)) - Background container scrubber has been disabled by hdds.containerscrub.enabled
2019-06-13 20:39:33,867 INFO  ratis.XceiverServerRatis (XceiverServerRatis.java:start(418)) - Starting XceiverServerRatis df8f9c80-d395-4fb6-8a65-ad7a13e65732 at port 45459
2019-06-13 20:39:33,870 INFO  impl.RaftServerProxy (RaftServerProxy.java:lambda$start$3(299)) - df8f9c80-d395-4fb6-8a65-ad7a13e65732: start RPC server
2019-06-13 20:39:33,871 INFO  server.GrpcService (GrpcService.java:startImpl(148)) - df8f9c80-d395-4fb6-8a65-ad7a13e65732: GrpcService started, listening on 0.0.0.0/0.0.0.0:45459
2019-06-13 20:39:34,862 INFO  ozone.MiniOzoneClusterImpl (MiniOzoneClusterImpl.java:lambda$waitForClusterToBeReady$0(142)) - Waiting for cluster to be ready. Got 0 of 6 DN Heartbeats.
2019-06-13 20:39:34,964 INFO  node.SCMNodeManager (SCMNodeManager.java:register(234)) - Registered Data node : b58abce5-9cda-4da4-af93-061e1b4f4afb{ip: 192.168.105.134, host: ozone-xt75l-2456167409, networkLocation: /default-rack, certSerialId: null}
2019-06-13 20:39:34,966 INFO  safemode.SCMSafeModeManager (DataNodeSafeModeRule.java:process(71)) - SCM in safe mode. 1 DataNodes registered, 1 required.
2019-06-13 20:39:34,968 INFO  safemode.SCMSafeModeManager (SCMSafeModeManager.java:validateSafeModeExitRules(177)) - ScmSafeModeManager, all rules are successfully validated
2019-06-13 20:39:34,968 INFO  safemode.SCMSafeModeManager (SCMSafeModeManager.java:exitSafeMode(193)) - SCM exiting safe mode.
2019-06-13 20:39:34,973 INFO  impl.RaftServerProxy (RaftServerProxy.java:addNew(89)) - b58abce5-9cda-4da4-af93-061e1b4f4afb: addNew group-79D11640D221:[b58abce5-9cda-4da4-af93-061e1b4f4afb:192.168.105.134:45535] returns group-79D11640D221:java.util.concurrent.CompletableFuture@eec1689[Not completed]
2019-06-13 20:39:34,974 INFO  impl.RaftServerImpl (RaftServerImpl.java:<init>(91)) - b58abce5-9cda-4da4-af93-061e1b4f4afb: new RaftServerImpl for group-79D11640D221:[b58abce5-9cda-4da4-af93-061e1b4f4afb:192.168.105.134:45535] with ContainerStateMachine:uninitialized
2019-06-13 20:39:34,974 INFO  server.RaftServerConfigKeys (ConfUtils.java:logGet(43)) - raft.server.rpc.timeout.min = 1s (custom)
2019-06-13 20:39:34,974 INFO  server.RaftServerConfigKeys (ConfUtils.java:logGet(43)) - raft.server.rpc.timeout.max = 1200ms (custom)
2019-06-13 20:39:34,974 INFO  server.RaftServerConfigKeys (ConfUtils.java:logGet(43)) - raft.server.rpcslowness.timeout = 120s (custom)
2019-06-13 20:39:34,974 INFO  server.RaftServerConfigKeys (ConfUtils.java:logGet(43)) - raft.server.log.appender.install.snapshot.enabled = true (default)
2019-06-13 20:39:34,974 INFO  impl.RaftServerImpl (ServerState.java:<init>(101)) - b58abce5-9cda-4da4-af93-061e1b4f4afb:group-79D11640D221 ConfigurationManager, init=-1: [b58abce5-9cda-4da4-af93-061e1b4f4afb:192.168.105.134:45535], old=null, confs=<EMPTY_MAP>
2019-06-13 20:39:34,974 INFO  server.RaftServerConfigKeys (ConfUtils.java:logGet(43)) - raft.server.storage.dir = [/opt/src/hadoop-ozone/integration-test/target/test-dir/MiniOzoneClusterImpl-f63f9b39-d37a-436c-a71d-d3be03329d37/datanode-0/data/ratis] (custom)
2019-06-13 20:39:34,975 INFO  storage.RaftStorageDirectory (RaftStorageDirectory.java:analyzeStorage(246)) - The storage directory /opt/src/hadoop-ozone/integration-test/target/test-dir/MiniOzoneClusterImpl-f63f9b39-d37a-436c-a71d-d3be03329d37/datanode-0/data/ratis/c479ffe2-b72d-495d-ab0f-79d11640d221 does not exist. Creating ...
2019-06-13 20:39:34,977 INFO  storage.RaftStorageDirectory (RaftStorageDirectory.java:tryLock(328)) - Lock on /opt/src/hadoop-ozone/integration-test/target/test-dir/MiniOzoneClusterImpl-f63f9b39-d37a-436c-a71d-d3be03329d37/datanode-0/data/ratis/c479ffe2-b72d-495d-ab0f-79d11640d221/in_use.lock acquired by nodename 15525@ozone-xt75l-2456167409
2019-06-13 20:39:34,981 INFO  storage.RaftStorage (RaftStorage.java:format(75)) - Storage directory /opt/src/hadoop-ozone/integration-test/target/test-dir/MiniOzoneClusterImpl-f63f9b39-d37a-436c-a71d-d3be03329d37/datanode-0/data/ratis/c479ffe2-b72d-495d-ab0f-79d11640d221 has been successfully formatted.
2019-06-13 20:39:34,981 INFO  ratis.ContainerStateMachine (ContainerStateMachine.java:loadSnapshot(199)) - The snapshot info is null.Setting the last applied index to:(t:0, i:~)
2019-06-13 20:39:34,982 INFO  server.RaftServerConfigKeys (ConfUtils.java:logGet(43)) - raft.server.leader.election.timeout = 120s (custom)
2019-06-13 20:39:34,982 INFO  server.RaftServerConfigKeys (ConfUtils.java:logGet(43)) - raft.server.log.use.memory = false (default)
2019-06-13 20:39:34,982 INFO  server.RaftServerConfigKeys (ConfUtils.java:logGet(43)) - raft.server.log.appender.buffer.byte-limit = 33554432 (custom)
2019-06-13 20:39:34,982 INFO  server.RaftServerConfigKeys (ConfUtils.java:logGet(43)) - raft.server.log.segment.size.max = 16384 (custom)
2019-06-13 20:39:34,982 INFO  server.RaftServerConfigKeys (ConfUtils.java:logGet(43)) - raft.server.log.segment.cache.num.max = 2 (custom)
2019-06-13 20:39:34,982 INFO  storage.RaftLogWorker (RaftLogWorker.java:<init>(123)) - new b58abce5-9cda-4da4-af93-061e1b4f4afb-RaftLogWorker for Storage Directory /opt/src/hadoop-ozone/integration-test/target/test-dir/MiniOzoneClusterImpl-f63f9b39-d37a-436c-a71d-d3be03329d37/datanode-0/data/ratis/c479ffe2-b72d-495d-ab0f-79d11640d221
2019-06-13 20:39:34,982 INFO  server.RaftServerConfigKeys (ConfUtils.java:logGet(43)) - raft.server.log.queue.byte-limit = 2147483647 (custom)
2019-06-13 20:39:34,982 INFO  server.RaftServerConfigKeys (ConfUtils.java:logGet(43)) - raft.server.log.queue.element-limit = 1024 (custom)
2019-06-13 20:39:34,982 INFO  server.RaftServerConfigKeys (ConfUtils.java:logGet(43)) - raft.server.log.segment.size.max = 16384 (custom)
2019-06-13 20:39:34,982 INFO  server.RaftServerConfigKeys (ConfUtils.java:logGet(43)) - raft.server.log.preallocated.size = 16384 (custom)
2019-06-13 20:39:34,982 INFO  server.RaftServerConfigKeys (ConfUtils.java:logGet(43)) - raft.server.log.write.buffer.size = 33554432 (custom)
2019-06-13 20:39:34,983 INFO  server.RaftServerConfigKeys (ConfUtils.java:logGet(43)) - raft.server.log.force.sync.num = 128 (default)
2019-06-13 20:39:34,983 INFO  server.RaftServerConfigKeys (ConfUtils.java:logGet(43)) - raft.server.log.statemachine.data.sync = true (default)
2019-06-13 20:39:34,983 INFO  server.RaftServerConfigKeys (ConfUtils.java:logGet(43)) - raft.server.log.statemachine.data.sync.timeout = 10s (default)
2019-06-13 20:39:34,983 INFO  server.RaftServerConfigKeys (ConfUtils.java:logGet(43)) - raft.server.log.statemachine.data.sync.timeout.retry = -1 (default)
2019-06-13 20:39:34,983 INFO  server.RaftServerConfigKeys (ConfUtils.java:logGet(43)) - raft.server.log.statemachine.data.caching.enabled = true (custom)
2019-06-13 20:39:34,985 INFO  server.RaftServerConfigKeys (ConfUtils.java:logGet(43)) - raft.server.snapshot.auto.trigger.enabled = true (custom)
2019-06-13 20:39:34,985 INFO  server.RaftServerConfigKeys (ConfUtils.java:logGet(43)) - raft.server.snapshot.auto.trigger.threshold = 10000 (custom)
2019-06-13 20:39:34,986 INFO  server.RaftServerConfigKeys (ConfUtils.java:logGet(43)) - raft.server.retrycache.expirytime = 600000ms (custom)
2019-06-13 20:39:34,986 INFO  impl.RaftServerImpl (RaftServerImpl.java:start(173)) - b58abce5-9cda-4da4-af93-061e1b4f4afb: start group-79D11640D221
2019-06-13 20:39:34,986 INFO  impl.RaftServerImpl (RaftServerImpl.java:setRole(164)) - b58abce5-9cda-4da4-af93-061e1b4f4afb:group-79D11640D221 changes role from null to FOLLOWER at term 0 for startAsFollower
2019-06-13 20:39:34,986 INFO  impl.RoleInfo (RoleInfo.java:updateAndGet(143)) - b58abce5-9cda-4da4-af93-061e1b4f4afb: start FollowerState
2019-06-13 20:39:34,989 INFO  util.JmxRegister (JmxRegister.java:tryRegister(44)) - Successfully registered JMX Bean with object name Ratis:service=RaftServer,group=group-79D11640D221,id=b58abce5-9cda-4da4-af93-061e1b4f4afb
2019-06-13 20:39:34,994 INFO  pipeline.PipelineStateManager (PipelineStateManager.java:addPipeline(56)) - Created pipeline Pipeline[ Id: c479ffe2-b72d-495d-ab0f-79d11640d221, Nodes: b58abce5-9cda-4da4-af93-061e1b4f4afb{ip: 192.168.105.134, host: ozone-xt75l-2456167409, networkLocation: /default-rack, certSerialId: null}, Type:RATIS, Factor:ONE, State:OPEN]
2019-06-13 20:39:35,171 INFO  node.SCMNodeManager (SCMNodeManager.java:register(234)) - Registered Data node : 1baee1f3-808b-4789-a6cf-275e23684793{ip: 192.168.105.134, host: ozone-xt75l-2456167409, networkLocation: /default-rack, certSerialId: null}
2019-06-13 20:39:35,182 INFO  impl.RaftServerProxy (RaftServerProxy.java:addNew(89)) - 1baee1f3-808b-4789-a6cf-275e23684793: addNew group-777145B14318:[1baee1f3-808b-4789-a6cf-275e23684793:192.168.105.134:41937] returns group-777145B14318:java.util.concurrent.CompletableFuture@4f6c9d64[Not completed]
2019-06-13 20:39:35,182 INFO  impl.RaftServerImpl (RaftServerImpl.java:<init>(91)) - 1baee1f3-808b-4789-a6cf-275e23684793: new RaftServerImpl for group-777145B14318:[1baee1f3-808b-4789-a6cf-275e23684793:192.168.105.134:41937] with ContainerStateMachine:uninitialized
2019-06-13 20:39:35,183 INFO  server.RaftServerConfigKeys (ConfUtils.java:logGet(43)) - raft.server.rpc.timeout.min = 1s (custom)
2019-06-13 20:39:35,183 INFO  server.RaftServerConfigKeys (ConfUtils.java:logGet(43)) - raft.server.rpc.timeout.max = 1200ms (custom)
2019-06-13 20:39:35,183 INFO  server.RaftServerConfigKeys (ConfUtils.java:logGet(43)) - raft.server.rpcslowness.timeout = 120s (custom)
2019-06-13 20:39:35,183 INFO  server.RaftServerConfigKeys (ConfUtils.java:logGet(43)) - raft.server.log.appender.install.snapshot.enabled = true (default)
2019-06-13 20:39:35,183 INFO  impl.RaftServerImpl (ServerState.java:<init>(101)) - 1baee1f3-808b-4789-a6cf-275e23684793:group-777145B14318 ConfigurationManager, init=-1: [1baee1f3-808b-4789-a6cf-275e23684793:192.168.105.134:41937], old=null, confs=<EMPTY_MAP>
2019-06-13 20:39:35,183 INFO  server.RaftServerConfigKeys (ConfUtils.java:logGet(43)) - raft.server.storage.dir = [/opt/src/hadoop-ozone/integration-test/target/test-dir/MiniOzoneClusterImpl-f63f9b39-d37a-436c-a71d-d3be03329d37/datanode-1/data/ratis] (custom)
2019-06-13 20:39:35,183 INFO  storage.RaftStorageDirectory (RaftStorageDirectory.java:analyzeStorage(246)) - The storage directory /opt/src/hadoop-ozone/integration-test/target/test-dir/MiniOzoneClusterImpl-f63f9b39-d37a-436c-a71d-d3be03329d37/datanode-1/data/ratis/6868ae2e-23af-4de2-aae8-777145b14318 does not exist. Creating ...
2019-06-13 20:39:35,186 INFO  storage.RaftStorageDirectory (RaftStorageDirectory.java:tryLock(328)) - Lock on /opt/src/hadoop-ozone/integration-test/target/test-dir/MiniOzoneClusterImpl-f63f9b39-d37a-436c-a71d-d3be03329d37/datanode-1/data/ratis/6868ae2e-23af-4de2-aae8-777145b14318/in_use.lock acquired by nodename 15525@ozone-xt75l-2456167409
2019-06-13 20:39:35,188 INFO  storage.RaftStorage (RaftStorage.java:format(75)) - Storage directory /opt/src/hadoop-ozone/integration-test/target/test-dir/MiniOzoneClusterImpl-f63f9b39-d37a-436c-a71d-d3be03329d37/datanode-1/data/ratis/6868ae2e-23af-4de2-aae8-777145b14318 has been successfully formatted.
2019-06-13 20:39:35,188 INFO  ratis.ContainerStateMachine (ContainerStateMachine.java:loadSnapshot(199)) - The snapshot info is null.Setting the last applied index to:(t:0, i:~)
2019-06-13 20:39:35,188 INFO  server.RaftServerConfigKeys (ConfUtils.java:logGet(43)) - raft.server.leader.election.timeout = 120s (custom)
2019-06-13 20:39:35,188 INFO  server.RaftServerConfigKeys (ConfUtils.java:logGet(43)) - raft.server.log.use.memory = false (default)
2019-06-13 20:39:35,188 INFO  server.RaftServerConfigKeys (ConfUtils.java:logGet(43)) - raft.server.log.appender.buffer.byte-limit = 33554432 (custom)
2019-06-13 20:39:35,188 INFO  server.RaftServerConfigKeys (ConfUtils.java:logGet(43)) - raft.server.log.segment.size.max = 16384 (custom)
2019-06-13 20:39:35,188 INFO  server.RaftServerConfigKeys (ConfUtils.java:logGet(43)) - raft.server.log.segment.cache.num.max = 2 (custom)
2019-06-13 20:39:35,188 INFO  storage.RaftLogWorker (RaftLogWorker.java:<init>(123)) - new 1baee1f3-808b-4789-a6cf-275e23684793-RaftLogWorker for Storage Directory /opt/src/hadoop-ozone/integration-test/target/test-dir/MiniOzoneClusterImpl-f63f9b39-d37a-436c-a71d-d3be03329d37/datanode-1/data/ratis/6868ae2e-23af-4de2-aae8-777145b14318
2019-06-13 20:39:35,189 INFO  server.RaftServerConfigKeys (ConfUtils.java:logGet(43)) - raft.server.log.queue.byte-limit = 2147483647 (custom)
2019-06-13 20:39:35,189 INFO  server.RaftServerConfigKeys (ConfUtils.java:logGet(43)) - raft.server.log.queue.element-limit = 1024 (custom)
2019-06-13 20:39:35,189 INFO  server.RaftServerConfigKeys (ConfUtils.java:logGet(43)) - raft.server.log.segment.size.max = 16384 (custom)
2019-06-13 20:39:35,189 INFO  server.RaftServerConfigKeys (ConfUtils.java:logGet(43)) - raft.server.log.preallocated.size = 16384 (custom)
2019-06-13 20:39:35,189 INFO  server.RaftServerConfigKeys (ConfUtils.java:logGet(43)) - raft.server.log.write.buffer.size = 33554432 (custom)
2019-06-13 20:39:35,189 INFO  server.RaftServerConfigKeys (ConfUtils.java:logGet(43)) - raft.server.log.force.sync.num = 128 (default)
2019-06-13 20:39:35,189 INFO  server.RaftServerConfigKeys (ConfUtils.java:logGet(43)) - raft.server.log.statemachine.data.sync = true (default)
2019-06-13 20:39:35,189 INFO  server.RaftServerConfigKeys (ConfUtils.java:logGet(43)) - raft.server.log.statemachine.data.sync.timeout = 10s (default)
2019-06-13 20:39:35,189 INFO  server.RaftServerConfigKeys (ConfUtils.java:logGet(43)) - raft.server.log.statemachine.data.sync.timeout.retry = -1 (default)
2019-06-13 20:39:35,189 INFO  server.RaftServerConfigKeys (ConfUtils.java:logGet(43)) - raft.server.log.statemachine.data.caching.enabled = true (custom)
2019-06-13 20:39:35,190 INFO  server.RaftServerConfigKeys (ConfUtils.java:logGet(43)) - raft.server.snapshot.auto.trigger.enabled = true (custom)
2019-06-13 20:39:35,190 INFO  server.RaftServerConfigKeys (ConfUtils.java:logGet(43)) - raft.server.snapshot.auto.trigger.threshold = 10000 (custom)
2019-06-13 20:39:35,190 INFO  server.RaftServerConfigKeys (ConfUtils.java:logGet(43)) - raft.server.retrycache.expirytime = 600000ms (custom)
2019-06-13 20:39:35,190 INFO  impl.RaftServerImpl (RaftServerImpl.java:start(173)) - 1baee1f3-808b-4789-a6cf-275e23684793: start group-777145B14318
2019-06-13 20:39:35,190 INFO  impl.RaftServerImpl (RaftServerImpl.java:setRole(164)) - 1baee1f3-808b-4789-a6cf-275e23684793:group-777145B14318 changes role from null to FOLLOWER at term 0 for startAsFollower
2019-06-13 20:39:35,190 INFO  impl.RoleInfo (RoleInfo.java:updateAndGet(143)) - 1baee1f3-808b-4789-a6cf-275e23684793: start FollowerState
2019-06-13 20:39:35,192 INFO  util.JmxRegister (JmxRegister.java:tryRegister(44)) - Successfully registered JMX Bean with object name Ratis:service=RaftServer,group=group-777145B14318,id=1baee1f3-808b-4789-a6cf-275e23684793
2019-06-13 20:39:35,194 INFO  pipeline.PipelineStateManager (PipelineStateManager.java:addPipeline(56)) - Created pipeline Pipeline[ Id: 6868ae2e-23af-4de2-aae8-777145b14318, Nodes: 1baee1f3-808b-4789-a6cf-275e23684793{ip: 192.168.105.134, host: ozone-xt75l-2456167409, networkLocation: /default-rack, certSerialId: null}, Type:RATIS, Factor:ONE, State:OPEN]
2019-06-13 20:39:35,331 INFO  node.SCMNodeManager (SCMNodeManager.java:register(234)) - Registered Data node : 04e16058-0472-4deb-86f4-f1f2e4de4d0b{ip: 192.168.105.134, host: ozone-xt75l-2456167409, networkLocation: /default-rack, certSerialId: null}
2019-06-13 20:39:35,338 INFO  impl.RaftServerProxy (RaftServerProxy.java:addNew(89)) - 04e16058-0472-4deb-86f4-f1f2e4de4d0b: addNew group-0D1AFE5DEF30:[04e16058-0472-4deb-86f4-f1f2e4de4d0b:192.168.105.134:33961] returns group-0D1AFE5DEF30:java.util.concurrent.CompletableFuture@33476439[Not completed]
2019-06-13 20:39:35,338 INFO  impl.RaftServerImpl (RaftServerImpl.java:<init>(91)) - 04e16058-0472-4deb-86f4-f1f2e4de4d0b: new RaftServerImpl for group-0D1AFE5DEF30:[04e16058-0472-4deb-86f4-f1f2e4de4d0b:192.168.105.134:33961] with ContainerStateMachine:uninitialized
2019-06-13 20:39:35,338 INFO  server.RaftServerConfigKeys (ConfUtils.java:logGet(43)) - raft.server.rpc.timeout.min = 1s (custom)
2019-06-13 20:39:35,338 INFO  server.RaftServerConfigKeys (ConfUtils.java:logGet(43)) - raft.server.rpc.timeout.max = 1200ms (custom)
2019-06-13 20:39:35,338 INFO  server.RaftServerConfigKeys (ConfUtils.java:logGet(43)) - raft.server.rpcslowness.timeout = 120s (custom)
2019-06-13 20:39:35,339 INFO  server.RaftServerConfigKeys (ConfUtils.java:logGet(43)) - raft.server.log.appender.install.snapshot.enabled = true (default)
2019-06-13 20:39:35,339 INFO  impl.RaftServerImpl (ServerState.java:<init>(101)) - 04e16058-0472-4deb-86f4-f1f2e4de4d0b:group-0D1AFE5DEF30 ConfigurationManager, init=-1: [04e16058-0472-4deb-86f4-f1f2e4de4d0b:192.168.105.134:33961], old=null, confs=<EMPTY_MAP>
2019-06-13 20:39:35,339 INFO  server.RaftServerConfigKeys (ConfUtils.java:logGet(43)) - raft.server.storage.dir = [/opt/src/hadoop-ozone/integration-test/target/test-dir/MiniOzoneClusterImpl-f63f9b39-d37a-436c-a71d-d3be03329d37/datanode-2/data/ratis] (custom)
2019-06-13 20:39:35,339 INFO  storage.RaftStorageDirectory (RaftStorageDirectory.java:analyzeStorage(246)) - The storage directory /opt/src/hadoop-ozone/integration-test/target/test-dir/MiniOzoneClusterImpl-f63f9b39-d37a-436c-a71d-d3be03329d37/datanode-2/data/ratis/70b00d53-905d-4425-8d84-0d1afe5def30 does not exist. Creating ...
2019-06-13 20:39:35,341 INFO  storage.RaftStorageDirectory (RaftStorageDirectory.java:tryLock(328)) - Lock on /opt/src/hadoop-ozone/integration-test/target/test-dir/MiniOzoneClusterImpl-f63f9b39-d37a-436c-a71d-d3be03329d37/datanode-2/data/ratis/70b00d53-905d-4425-8d84-0d1afe5def30/in_use.lock acquired by nodename 15525@ozone-xt75l-2456167409
2019-06-13 20:39:35,343 INFO  storage.RaftStorage (RaftStorage.java:format(75)) - Storage directory /opt/src/hadoop-ozone/integration-test/target/test-dir/MiniOzoneClusterImpl-f63f9b39-d37a-436c-a71d-d3be03329d37/datanode-2/data/ratis/70b00d53-905d-4425-8d84-0d1afe5def30 has been successfully formatted.
2019-06-13 20:39:35,344 INFO  ratis.ContainerStateMachine (ContainerStateMachine.java:loadSnapshot(199)) - The snapshot info is null.Setting the last applied index to:(t:0, i:~)
2019-06-13 20:39:35,344 INFO  server.RaftServerConfigKeys (ConfUtils.java:logGet(43)) - raft.server.leader.election.timeout = 120s (custom)
2019-06-13 20:39:35,344 INFO  server.RaftServerConfigKeys (ConfUtils.java:logGet(43)) - raft.server.log.use.memory = false (default)
2019-06-13 20:39:35,344 INFO  server.RaftServerConfigKeys (ConfUtils.java:logGet(43)) - raft.server.log.appender.buffer.byte-limit = 33554432 (custom)
2019-06-13 20:39:35,344 INFO  server.RaftServerConfigKeys (ConfUtils.java:logGet(43)) - raft.server.log.segment.size.max = 16384 (custom)
2019-06-13 20:39:35,344 INFO  server.RaftServerConfigKeys (ConfUtils.java:logGet(43)) - raft.server.log.segment.cache.num.max = 2 (custom)
2019-06-13 20:39:35,344 INFO  storage.RaftLogWorker (RaftLogWorker.java:<init>(123)) - new 04e16058-0472-4deb-86f4-f1f2e4de4d0b-RaftLogWorker for Storage Directory /opt/src/hadoop-ozone/integration-test/target/test-dir/MiniOzoneClusterImpl-f63f9b39-d37a-436c-a71d-d3be03329d37/datanode-2/data/ratis/70b00d53-905d-4425-8d84-0d1afe5def30
2019-06-13 20:39:35,344 INFO  server.RaftServerConfigKeys (ConfUtils.java:logGet(43)) - raft.server.log.queue.byte-limit = 2147483647 (custom)
2019-06-13 20:39:35,344 INFO  server.RaftServerConfigKeys (ConfUtils.java:logGet(43)) - raft.server.log.queue.element-limit = 1024 (custom)
2019-06-13 20:39:35,344 INFO  server.RaftServerConfigKeys (ConfUtils.java:logGet(43)) - raft.server.log.segment.size.max = 16384 (custom)
2019-06-13 20:39:35,344 INFO  server.RaftServerConfigKeys (ConfUtils.java:logGet(43)) - raft.server.log.preallocated.size = 16384 (custom)
2019-06-13 20:39:35,344 INFO  server.RaftServerConfigKeys (ConfUtils.java:logGet(43)) - raft.server.log.write.buffer.size = 33554432 (custom)
2019-06-13 20:39:35,344 INFO  server.RaftServerConfigKeys (ConfUtils.java:logGet(43)) - raft.server.log.force.sync.num = 128 (default)
2019-06-13 20:39:35,344 INFO  server.RaftServerConfigKeys (ConfUtils.java:logGet(43)) - raft.server.log.statemachine.data.sync = true (default)
2019-06-13 20:39:35,344 INFO  server.RaftServerConfigKeys (ConfUtils.java:logGet(43)) - raft.server.log.statemachine.data.sync.timeout = 10s (default)
2019-06-13 20:39:35,345 INFO  server.RaftServerConfigKeys (ConfUtils.java:logGet(43)) - raft.server.log.statemachine.data.sync.timeout.retry = -1 (default)
2019-06-13 20:39:35,345 INFO  server.RaftServerConfigKeys (ConfUtils.java:logGet(43)) - raft.server.log.statemachine.data.caching.enabled = true (custom)
2019-06-13 20:39:35,345 INFO  server.RaftServerConfigKeys (ConfUtils.java:logGet(43)) - raft.server.snapshot.auto.trigger.enabled = true (custom)
2019-06-13 20:39:35,345 INFO  server.RaftServerConfigKeys (ConfUtils.java:logGet(43)) - raft.server.snapshot.auto.trigger.threshold = 10000 (custom)
2019-06-13 20:39:35,345 INFO  server.RaftServerConfigKeys (ConfUtils.java:logGet(43)) - raft.server.retrycache.expirytime = 600000ms (custom)
2019-06-13 20:39:35,346 INFO  impl.RaftServerImpl (RaftServerImpl.java:start(173)) - 04e16058-0472-4deb-86f4-f1f2e4de4d0b: start group-0D1AFE5DEF30
2019-06-13 20:39:35,346 INFO  impl.RaftServerImpl (RaftServerImpl.java:setRole(164)) - 04e16058-0472-4deb-86f4-f1f2e4de4d0b:group-0D1AFE5DEF30 changes role from null to FOLLOWER at term 0 for startAsFollower
2019-06-13 20:39:35,346 INFO  impl.RoleInfo (RoleInfo.java:updateAndGet(143)) - 04e16058-0472-4deb-86f4-f1f2e4de4d0b: start FollowerState
2019-06-13 20:39:35,346 INFO  util.JmxRegister (JmxRegister.java:tryRegister(44)) - Successfully registered JMX Bean with object name Ratis:service=RaftServer,group=group-0D1AFE5DEF30,id=04e16058-0472-4deb-86f4-f1f2e4de4d0b
2019-06-13 20:39:35,348 INFO  pipeline.PipelineStateManager (PipelineStateManager.java:addPipeline(56)) - Created pipeline Pipeline[ Id: 70b00d53-905d-4425-8d84-0d1afe5def30, Nodes: 04e16058-0472-4deb-86f4-f1f2e4de4d0b{ip: 192.168.105.134, host: ozone-xt75l-2456167409, networkLocation: /default-rack, certSerialId: null}, Type:RATIS, Factor:ONE, State:OPEN]
2019-06-13 20:39:35,373 INFO  impl.RaftServerProxy (RaftServerProxy.java:addNew(89)) - 1baee1f3-808b-4789-a6cf-275e23684793: addNew group-14C242F5D936:[1baee1f3-808b-4789-a6cf-275e23684793:192.168.105.134:41937, b58abce5-9cda-4da4-af93-061e1b4f4afb:192.168.105.134:45535, 04e16058-0472-4deb-86f4-f1f2e4de4d0b:192.168.105.134:33961] returns group-14C242F5D936:java.util.concurrent.CompletableFuture@3e3cf294[Not completed]
2019-06-13 20:39:35,373 INFO  impl.RaftServerImpl (RaftServerImpl.java:<init>(91)) - 1baee1f3-808b-4789-a6cf-275e23684793: new RaftServerImpl for group-14C242F5D936:[1baee1f3-808b-4789-a6cf-275e23684793:192.168.105.134:41937, b58abce5-9cda-4da4-af93-061e1b4f4afb:192.168.105.134:45535, 04e16058-0472-4deb-86f4-f1f2e4de4d0b:192.168.105.134:33961] with ContainerStateMachine:uninitialized
2019-06-13 20:39:35,373 INFO  server.RaftServerConfigKeys (ConfUtils.java:logGet(43)) - raft.server.rpc.timeout.min = 1s (custom)
2019-06-13 20:39:35,374 INFO  server.RaftServerConfigKeys (ConfUtils.java:logGet(43)) - raft.server.rpc.timeout.max = 1200ms (custom)
2019-06-13 20:39:35,374 INFO  server.RaftServerConfigKeys (ConfUtils.java:logGet(43)) - raft.server.rpcslowness.timeout = 120s (custom)
2019-06-13 20:39:35,374 INFO  server.RaftServerConfigKeys (ConfUtils.java:logGet(43)) - raft.server.log.appender.install.snapshot.enabled = true (default)
2019-06-13 20:39:35,374 INFO  impl.RaftServerImpl (ServerState.java:<init>(101)) - 1baee1f3-808b-4789-a6cf-275e23684793:group-14C242F5D936 ConfigurationManager, init=-1: [1baee1f3-808b-4789-a6cf-275e23684793:192.168.105.134:41937, b58abce5-9cda-4da4-af93-061e1b4f4afb:192.168.105.134:45535, 04e16058-0472-4deb-86f4-f1f2e4de4d0b:192.168.105.134:33961], old=null, confs=<EMPTY_MAP>
2019-06-13 20:39:35,374 INFO  server.RaftServerConfigKeys (ConfUtils.java:logGet(43)) - raft.server.storage.dir = [/opt/src/hadoop-ozone/integration-test/target/test-dir/MiniOzoneClusterImpl-f63f9b39-d37a-436c-a71d-d3be03329d37/datanode-1/data/ratis] (custom)
2019-06-13 20:39:35,374 INFO  storage.RaftStorageDirectory (RaftStorageDirectory.java:analyzeStorage(246)) - The storage directory /opt/src/hadoop-ozone/integration-test/target/test-dir/MiniOzoneClusterImpl-f63f9b39-d37a-436c-a71d-d3be03329d37/datanode-1/data/ratis/33e89fa2-4667-4e40-a42b-14c242f5d936 does not exist. Creating ...
2019-06-13 20:39:35,375 INFO  impl.RaftServerProxy (RaftServerProxy.java:addNew(89)) - b58abce5-9cda-4da4-af93-061e1b4f4afb: addNew group-14C242F5D936:[1baee1f3-808b-4789-a6cf-275e23684793:192.168.105.134:41937, b58abce5-9cda-4da4-af93-061e1b4f4afb:192.168.105.134:45535, 04e16058-0472-4deb-86f4-f1f2e4de4d0b:192.168.105.134:33961] returns group-14C242F5D936:java.util.concurrent.CompletableFuture@13338206[Not completed]
2019-06-13 20:39:35,375 INFO  impl.RaftServerProxy (RaftServerProxy.java:addNew(89)) - 04e16058-0472-4deb-86f4-f1f2e4de4d0b: addNew group-14C242F5D936:[1baee1f3-808b-4789-a6cf-275e23684793:192.168.105.134:41937, b58abce5-9cda-4da4-af93-061e1b4f4afb:192.168.105.134:45535, 04e16058-0472-4deb-86f4-f1f2e4de4d0b:192.168.105.134:33961] returns group-14C242F5D936:java.util.concurrent.CompletableFuture@6648618b[Not completed]
2019-06-13 20:39:35,375 INFO  impl.RaftServerImpl (RaftServerImpl.java:<init>(91)) - b58abce5-9cda-4da4-af93-061e1b4f4afb: new RaftServerImpl for group-14C242F5D936:[1baee1f3-808b-4789-a6cf-275e23684793:192.168.105.134:41937, b58abce5-9cda-4da4-af93-061e1b4f4afb:192.168.105.134:45535, 04e16058-0472-4deb-86f4-f1f2e4de4d0b:192.168.105.134:33961] with ContainerStateMachine:uninitialized
2019-06-13 20:39:35,376 INFO  server.RaftServerConfigKeys (ConfUtils.java:logGet(43)) - raft.server.rpc.timeout.min = 1s (custom)
2019-06-13 20:39:35,376 INFO  server.RaftServerConfigKeys (ConfUtils.java:logGet(43)) - raft.server.rpc.timeout.max = 1200ms (custom)
2019-06-13 20:39:35,376 INFO  server.RaftServerConfigKeys (ConfUtils.java:logGet(43)) - raft.server.rpcslowness.timeout = 120s (custom)
2019-06-13 20:39:35,376 INFO  server.RaftServerConfigKeys (ConfUtils.java:logGet(43)) - raft.server.log.appender.install.snapshot.enabled = true (default)
2019-06-13 20:39:35,376 INFO  impl.RaftServerImpl (RaftServerImpl.java:<init>(91)) - 04e16058-0472-4deb-86f4-f1f2e4de4d0b: new RaftServerImpl for group-14C242F5D936:[1baee1f3-808b-4789-a6cf-275e23684793:192.168.105.134:41937, b58abce5-9cda-4da4-af93-061e1b4f4afb:192.168.105.134:45535, 04e16058-0472-4deb-86f4-f1f2e4de4d0b:192.168.105.134:33961] with ContainerStateMachine:uninitialized
2019-06-13 20:39:35,376 INFO  impl.RaftServerImpl (ServerState.java:<init>(101)) - b58abce5-9cda-4da4-af93-061e1b4f4afb:group-14C242F5D936 ConfigurationManager, init=-1: [1baee1f3-808b-4789-a6cf-275e23684793:192.168.105.134:41937, b58abce5-9cda-4da4-af93-061e1b4f4afb:192.168.105.134:45535, 04e16058-0472-4deb-86f4-f1f2e4de4d0b:192.168.105.134:33961], old=null, confs=<EMPTY_MAP>
2019-06-13 20:39:35,376 INFO  server.RaftServerConfigKeys (ConfUtils.java:logGet(43)) - raft.server.storage.dir = [/opt/src/hadoop-ozone/integration-test/target/test-dir/MiniOzoneClusterImpl-f63f9b39-d37a-436c-a71d-d3be03329d37/datanode-0/data/ratis] (custom)
2019-06-13 20:39:35,377 INFO  storage.RaftStorageDirectory (RaftStorageDirectory.java:analyzeStorage(246)) - The storage directory /opt/src/hadoop-ozone/integration-test/target/test-dir/MiniOzoneClusterImpl-f63f9b39-d37a-436c-a71d-d3be03329d37/datanode-0/data/ratis/33e89fa2-4667-4e40-a42b-14c242f5d936 does not exist. Creating ...
2019-06-13 20:39:35,377 INFO  storage.RaftStorageDirectory (RaftStorageDirectory.java:tryLock(328)) - Lock on /opt/src/hadoop-ozone/integration-test/target/test-dir/MiniOzoneClusterImpl-f63f9b39-d37a-436c-a71d-d3be03329d37/datanode-1/data/ratis/33e89fa2-4667-4e40-a42b-14c242f5d936/in_use.lock acquired by nodename 15525@ozone-xt75l-2456167409
2019-06-13 20:39:35,377 INFO  server.RaftServerConfigKeys (ConfUtils.java:logGet(43)) - raft.server.rpc.timeout.min = 1s (custom)
2019-06-13 20:39:35,378 INFO  server.RaftServerConfigKeys (ConfUtils.java:logGet(43)) - raft.server.rpc.timeout.max = 1200ms (custom)
2019-06-13 20:39:35,378 INFO  server.RaftServerConfigKeys (ConfUtils.java:logGet(43)) - raft.server.rpcslowness.timeout = 120s (custom)
2019-06-13 20:39:35,378 INFO  server.RaftServerConfigKeys (ConfUtils.java:logGet(43)) - raft.server.log.appender.install.snapshot.enabled = true (default)
2019-06-13 20:39:35,378 INFO  impl.RaftServerImpl (ServerState.java:<init>(101)) - 04e16058-0472-4deb-86f4-f1f2e4de4d0b:group-14C242F5D936 ConfigurationManager, init=-1: [1baee1f3-808b-4789-a6cf-275e23684793:192.168.105.134:41937, b58abce5-9cda-4da4-af93-061e1b4f4afb:192.168.105.134:45535, 04e16058-0472-4deb-86f4-f1f2e4de4d0b:192.168.105.134:33961], old=null, confs=<EMPTY_MAP>
2019-06-13 20:39:35,378 INFO  server.RaftServerConfigKeys (ConfUtils.java:logGet(43)) - raft.server.storage.dir = [/opt/src/hadoop-ozone/integration-test/target/test-dir/MiniOzoneClusterImpl-f63f9b39-d37a-436c-a71d-d3be03329d37/datanode-2/data/ratis] (custom)
2019-06-13 20:39:35,378 INFO  storage.RaftStorageDirectory (RaftStorageDirectory.java:analyzeStorage(246)) - The storage directory /opt/src/hadoop-ozone/integration-test/target/test-dir/MiniOzoneClusterImpl-f63f9b39-d37a-436c-a71d-d3be03329d37/datanode-2/data/ratis/33e89fa2-4667-4e40-a42b-14c242f5d936 does not exist. Creating ...
2019-06-13 20:39:35,379 INFO  storage.RaftStorageDirectory (RaftStorageDirectory.java:tryLock(328)) - Lock on /opt/src/hadoop-ozone/integration-test/target/test-dir/MiniOzoneClusterImpl-f63f9b39-d37a-436c-a71d-d3be03329d37/datanode-0/data/ratis/33e89fa2-4667-4e40-a42b-14c242f5d936/in_use.lock acquired by nodename 15525@ozone-xt75l-2456167409
2019-06-13 20:39:35,380 INFO  storage.RaftStorageDirectory (RaftStorageDirectory.java:tryLock(328)) - Lock on /opt/src/hadoop-ozone/integration-test/target/test-dir/MiniOzoneClusterImpl-f63f9b39-d37a-436c-a71d-d3be03329d37/datanode-2/data/ratis/33e89fa2-4667-4e40-a42b-14c242f5d936/in_use.lock acquired by nodename 15525@ozone-xt75l-2456167409
2019-06-13 20:39:35,380 INFO  storage.RaftStorage (RaftStorage.java:format(75)) - Storage directory /opt/src/hadoop-ozone/integration-test/target/test-dir/MiniOzoneClusterImpl-f63f9b39-d37a-436c-a71d-d3be03329d37/datanode-1/data/ratis/33e89fa2-4667-4e40-a42b-14c242f5d936 has been successfully formatted.
2019-06-13 20:39:35,381 INFO  ratis.ContainerStateMachine (ContainerStateMachine.java:loadSnapshot(199)) - The snapshot info is null.Setting the last applied index to:(t:0, i:~)
2019-06-13 20:39:35,381 INFO  server.RaftServerConfigKeys (ConfUtils.java:logGet(43)) - raft.server.leader.election.timeout = 120s (custom)
2019-06-13 20:39:35,381 INFO  server.RaftServerConfigKeys (ConfUtils.java:logGet(43)) - raft.server.log.use.memory = false (default)
2019-06-13 20:39:35,381 INFO  server.RaftServerConfigKeys (ConfUtils.java:logGet(43)) - raft.server.log.appender.buffer.byte-limit = 33554432 (custom)
2019-06-13 20:39:35,381 INFO  server.RaftServerConfigKeys (ConfUtils.java:logGet(43)) - raft.server.log.segment.size.max = 16384 (custom)
2019-06-13 20:39:35,381 INFO  server.RaftServerConfigKeys (ConfUtils.java:logGet(43)) - raft.server.log.segment.cache.num.max = 2 (custom)
2019-06-13 20:39:35,381 INFO  storage.RaftStorage (RaftStorage.java:format(75)) - Storage directory /opt/src/hadoop-ozone/integration-test/target/test-dir/MiniOzoneClusterImpl-f63f9b39-d37a-436c-a71d-d3be03329d37/datanode-0/data/ratis/33e89fa2-4667-4e40-a42b-14c242f5d936 has been successfully formatted.
2019-06-13 20:39:35,381 INFO  storage.RaftLogWorker (RaftLogWorker.java:<init>(123)) - new 1baee1f3-808b-4789-a6cf-275e23684793-RaftLogWorker for Storage Directory /opt/src/hadoop-ozone/integration-test/target/test-dir/MiniOzoneClusterImpl-f63f9b39-d37a-436c-a71d-d3be03329d37/datanode-1/data/ratis/33e89fa2-4667-4e40-a42b-14c242f5d936
2019-06-13 20:39:35,382 INFO  server.RaftServerConfigKeys (ConfUtils.java:logGet(43)) - raft.server.log.queue.byte-limit = 2147483647 (custom)
2019-06-13 20:39:35,382 INFO  server.RaftServerConfigKeys (ConfUtils.java:logGet(43)) - raft.server.log.queue.element-limit = 1024 (custom)
2019-06-13 20:39:35,382 INFO  server.RaftServerConfigKeys (ConfUtils.java:logGet(43)) - raft.server.log.segment.size.max = 16384 (custom)
2019-06-13 20:39:35,382 INFO  server.RaftServerConfigKeys (ConfUtils.java:logGet(43)) - raft.server.log.preallocated.size = 16384 (custom)
2019-06-13 20:39:35,382 INFO  server.RaftServerConfigKeys (ConfUtils.java:logGet(43)) - raft.server.log.write.buffer.size = 33554432 (custom)
2019-06-13 20:39:35,382 INFO  server.RaftServerConfigKeys (ConfUtils.java:logGet(43)) - raft.server.log.force.sync.num = 128 (default)
2019-06-13 20:39:35,382 INFO  server.RaftServerConfigKeys (ConfUtils.java:logGet(43)) - raft.server.log.statemachine.data.sync = true (default)
2019-06-13 20:39:35,382 INFO  server.RaftServerConfigKeys (ConfUtils.java:logGet(43)) - raft.server.log.statemachine.data.sync.timeout = 10s (default)
2019-06-13 20:39:35,382 INFO  server.RaftServerConfigKeys (ConfUtils.java:logGet(43)) - raft.server.log.statemachine.data.sync.timeout.retry = -1 (default)
2019-06-13 20:39:35,382 INFO  ratis.ContainerStateMachine (ContainerStateMachine.java:loadSnapshot(199)) - The snapshot info is null.Setting the last applied index to:(t:0, i:~)
2019-06-13 20:39:35,382 INFO  server.RaftServerConfigKeys (ConfUtils.java:logGet(43)) - raft.server.log.statemachine.data.caching.enabled = true (custom)
2019-06-13 20:39:35,382 INFO  server.RaftServerConfigKeys (ConfUtils.java:logGet(43)) - raft.server.leader.election.timeout = 120s (custom)
2019-06-13 20:39:35,383 INFO  server.RaftServerConfigKeys (ConfUtils.java:logGet(43)) - raft.server.log.use.memory = false (default)
2019-06-13 20:39:35,383 INFO  server.RaftServerConfigKeys (ConfUtils.java:logGet(43)) - raft.server.log.appender.buffer.byte-limit = 33554432 (custom)
2019-06-13 20:39:35,383 INFO  storage.RaftStorage (RaftStorage.java:format(75)) - Storage directory /opt/src/hadoop-ozone/integration-test/target/test-dir/MiniOzoneClusterImpl-f63f9b39-d37a-436c-a71d-d3be03329d37/datanode-2/data/ratis/33e89fa2-4667-4e40-a42b-14c242f5d936 has been successfully formatted.
2019-06-13 20:39:35,383 INFO  server.RaftServerConfigKeys (ConfUtils.java:logGet(43)) - raft.server.snapshot.auto.trigger.enabled = true (custom)
2019-06-13 20:39:35,383 INFO  ratis.ContainerStateMachine (ContainerStateMachine.java:loadSnapshot(199)) - The snapshot info is null.Setting the last applied index to:(t:0, i:~)
2019-06-13 20:39:35,383 INFO  server.RaftServerConfigKeys (ConfUtils.java:logGet(43)) - raft.server.log.segment.size.max = 16384 (custom)
2019-06-13 20:39:35,383 INFO  server.RaftServerConfigKeys (ConfUtils.java:logGet(43)) - raft.server.snapshot.auto.trigger.threshold = 10000 (custom)
2019-06-13 20:39:35,383 INFO  server.RaftServerConfigKeys (ConfUtils.java:logGet(43)) - raft.server.leader.election.timeout = 120s (custom)
2019-06-13 20:39:35,383 INFO  server.RaftServerConfigKeys (ConfUtils.java:logGet(43)) - raft.server.retrycache.expirytime = 600000ms (custom)
2019-06-13 20:39:35,383 INFO  server.RaftServerConfigKeys (ConfUtils.java:logGet(43)) - raft.server.log.segment.cache.num.max = 2 (custom)
2019-06-13 20:39:35,384 INFO  impl.RaftServerImpl (RaftServerImpl.java:start(173)) - 1baee1f3-808b-4789-a6cf-275e23684793: start group-14C242F5D936
2019-06-13 20:39:35,383 INFO  server.RaftServerConfigKeys (ConfUtils.java:logGet(43)) - raft.server.log.use.memory = false (default)
2019-06-13 20:39:35,384 INFO  impl.RaftServerImpl (RaftServerImpl.java:setRole(164)) - 1baee1f3-808b-4789-a6cf-275e23684793:group-14C242F5D936 changes role from null to FOLLOWER at term 0 for startAsFollower
2019-06-13 20:39:35,384 INFO  storage.RaftLogWorker (RaftLogWorker.java:<init>(123)) - new b58abce5-9cda-4da4-af93-061e1b4f4afb-RaftLogWorker for Storage Directory /opt/src/hadoop-ozone/integration-test/target/test-dir/MiniOzoneClusterImpl-f63f9b39-d37a-436c-a71d-d3be03329d37/datanode-0/data/ratis/33e89fa2-4667-4e40-a42b-14c242f5d936
2019-06-13 20:39:35,384 INFO  impl.RoleInfo (RoleInfo.java:updateAndGet(143)) - 1baee1f3-808b-4789-a6cf-275e23684793: start FollowerState
2019-06-13 20:39:35,384 INFO  server.RaftServerConfigKeys (ConfUtils.java:logGet(43)) - raft.server.log.appender.buffer.byte-limit = 33554432 (custom)
2019-06-13 20:39:35,384 INFO  server.RaftServerConfigKeys (ConfUtils.java:logGet(43)) - raft.server.log.segment.size.max = 16384 (custom)
2019-06-13 20:39:35,384 INFO  server.RaftServerConfigKeys (ConfUtils.java:logGet(43)) - raft.server.log.segment.cache.num.max = 2 (custom)
2019-06-13 20:39:35,384 INFO  storage.RaftLogWorker (RaftLogWorker.java:<init>(123)) - new 04e16058-0472-4deb-86f4-f1f2e4de4d0b-RaftLogWorker for Storage Directory /opt/src/hadoop-ozone/integration-test/target/test-dir/MiniOzoneClusterImpl-f63f9b39-d37a-436c-a71d-d3be03329d37/datanode-2/data/ratis/33e89fa2-4667-4e40-a42b-14c242f5d936
2019-06-13 20:39:35,384 INFO  server.RaftServerConfigKeys (ConfUtils.java:logGet(43)) - raft.server.log.queue.byte-limit = 2147483647 (custom)
2019-06-13 20:39:35,384 INFO  server.RaftServerConfigKeys (ConfUtils.java:logGet(43)) - raft.server.log.queue.element-limit = 1024 (custom)
2019-06-13 20:39:35,384 INFO  server.RaftServerConfigKeys (ConfUtils.java:logGet(43)) - raft.server.log.segment.size.max = 16384 (custom)
2019-06-13 20:39:35,385 INFO  server.RaftServerConfigKeys (ConfUtils.java:logGet(43)) - raft.server.log.preallocated.size = 16384 (custom)
2019-06-13 20:39:35,385 INFO  server.RaftServerConfigKeys (ConfUtils.java:logGet(43)) - raft.server.log.write.buffer.size = 33554432 (custom)
2019-06-13 20:39:35,385 INFO  server.RaftServerConfigKeys (ConfUtils.java:logGet(43)) - raft.server.log.force.sync.num = 128 (default)
2019-06-13 20:39:35,385 INFO  server.RaftServerConfigKeys (ConfUtils.java:logGet(43)) - raft.server.log.statemachine.data.sync = true (default)
2019-06-13 20:39:35,385 INFO  server.RaftServerConfigKeys (ConfUtils.java:logGet(43)) - raft.server.log.statemachine.data.sync.timeout = 10s (default)
2019-06-13 20:39:35,385 INFO  server.RaftServerConfigKeys (ConfUtils.java:logGet(43)) - raft.server.log.statemachine.data.sync.timeout.retry = -1 (default)
2019-06-13 20:39:35,385 INFO  server.RaftServerConfigKeys (ConfUtils.java:logGet(43)) - raft.server.log.statemachine.data.caching.enabled = true (custom)
2019-06-13 20:39:35,384 INFO  server.RaftServerConfigKeys (ConfUtils.java:logGet(43)) - raft.server.log.queue.byte-limit = 2147483647 (custom)
2019-06-13 20:39:35,385 INFO  server.RaftServerConfigKeys (ConfUtils.java:logGet(43)) - raft.server.snapshot.auto.trigger.enabled = true (custom)
2019-06-13 20:39:35,384 INFO  util.JmxRegister (JmxRegister.java:tryRegister(44)) - Successfully registered JMX Bean with object name Ratis:service=RaftServer,group=group-14C242F5D936,id=1baee1f3-808b-4789-a6cf-275e23684793
2019-06-13 20:39:35,385 INFO  server.RaftServerConfigKeys (ConfUtils.java:logGet(43)) - raft.server.snapshot.auto.trigger.threshold = 10000 (custom)
2019-06-13 20:39:35,386 INFO  server.RaftServerConfigKeys (ConfUtils.java:logGet(43)) - raft.server.retrycache.expirytime = 600000ms (custom)
2019-06-13 20:39:35,385 INFO  server.RaftServerConfigKeys (ConfUtils.java:logGet(43)) - raft.server.log.queue.element-limit = 1024 (custom)
2019-06-13 20:39:35,386 INFO  impl.RaftServerImpl (RaftServerImpl.java:start(173)) - 04e16058-0472-4deb-86f4-f1f2e4de4d0b: start group-14C242F5D936
2019-06-13 20:39:35,386 INFO  server.RaftServerConfigKeys (ConfUtils.java:logGet(43)) - raft.server.log.segment.size.max = 16384 (custom)
2019-06-13 20:39:35,386 INFO  impl.RaftServerImpl (RaftServerImpl.java:setRole(164)) - 04e16058-0472-4deb-86f4-f1f2e4de4d0b:group-14C242F5D936 changes role from null to FOLLOWER at term 0 for startAsFollower
2019-06-13 20:39:35,386 INFO  server.RaftServerConfigKeys (ConfUtils.java:logGet(43)) - raft.server.log.preallocated.size = 16384 (custom)
2019-06-13 20:39:35,386 INFO  impl.RoleInfo (RoleInfo.java:updateAndGet(143)) - 04e16058-0472-4deb-86f4-f1f2e4de4d0b: start FollowerState
2019-06-13 20:39:35,386 INFO  server.RaftServerConfigKeys (ConfUtils.java:logGet(43)) - raft.server.log.write.buffer.size = 33554432 (custom)
2019-06-13 20:39:35,387 INFO  server.RaftServerConfigKeys (ConfUtils.java:logGet(43)) - raft.server.log.force.sync.num = 128 (default)
2019-06-13 20:39:35,387 INFO  server.RaftServerConfigKeys (ConfUtils.java:logGet(43)) - raft.server.log.statemachine.data.sync = true (default)
2019-06-13 20:39:35,387 INFO  server.RaftServerConfigKeys (ConfUtils.java:logGet(43)) - raft.server.log.statemachine.data.sync.timeout = 10s (default)
2019-06-13 20:39:35,387 INFO  server.RaftServerConfigKeys (ConfUtils.java:logGet(43)) - raft.server.log.statemachine.data.sync.timeout.retry = -1 (default)
2019-06-13 20:39:35,388 INFO  server.RaftServerConfigKeys (ConfUtils.java:logGet(43)) - raft.server.log.statemachine.data.caching.enabled = true (custom)
2019-06-13 20:39:35,388 INFO  util.JmxRegister (JmxRegister.java:tryRegister(44)) - Successfully registered JMX Bean with object name Ratis:service=RaftServer,group=group-14C242F5D936,id=04e16058-0472-4deb-86f4-f1f2e4de4d0b
2019-06-13 20:39:35,388 INFO  server.RaftServerConfigKeys (ConfUtils.java:logGet(43)) - raft.server.snapshot.auto.trigger.enabled = true (custom)
2019-06-13 20:39:35,388 INFO  server.RaftServerConfigKeys (ConfUtils.java:logGet(43)) - raft.server.snapshot.auto.trigger.threshold = 10000 (custom)
2019-06-13 20:39:35,388 INFO  server.RaftServerConfigKeys (ConfUtils.java:logGet(43)) - raft.server.retrycache.expirytime = 600000ms (custom)
2019-06-13 20:39:35,388 INFO  impl.RaftServerImpl (RaftServerImpl.java:start(173)) - b58abce5-9cda-4da4-af93-061e1b4f4afb: start group-14C242F5D936
2019-06-13 20:39:35,388 INFO  impl.RaftServerImpl (RaftServerImpl.java:setRole(164)) - b58abce5-9cda-4da4-af93-061e1b4f4afb:group-14C242F5D936 changes role from null to FOLLOWER at term 0 for startAsFollower
2019-06-13 20:39:35,388 INFO  impl.RoleInfo (RoleInfo.java:updateAndGet(143)) - b58abce5-9cda-4da4-af93-061e1b4f4afb: start FollowerState
2019-06-13 20:39:35,389 INFO  util.JmxRegister (JmxRegister.java:tryRegister(44)) - Successfully registered JMX Bean with object name Ratis:service=RaftServer,group=group-14C242F5D936,id=b58abce5-9cda-4da4-af93-061e1b4f4afb
2019-06-13 20:39:35,392 INFO  pipeline.PipelineStateManager (PipelineStateManager.java:addPipeline(56)) - Created pipeline Pipeline[ Id: 33e89fa2-4667-4e40-a42b-14c242f5d936, Nodes: 04e16058-0472-4deb-86f4-f1f2e4de4d0b{ip: 192.168.105.134, host: ozone-xt75l-2456167409, networkLocation: /default-rack, certSerialId: null}1baee1f3-808b-4789-a6cf-275e23684793{ip: 192.168.105.134, host: ozone-xt75l-2456167409, networkLocation: /default-rack, certSerialId: null}b58abce5-9cda-4da4-af93-061e1b4f4afb{ip: 192.168.105.134, host: ozone-xt75l-2456167409, networkLocation: /default-rack, certSerialId: null}, Type:RATIS, Factor:THREE, State:OPEN]
2019-06-13 20:39:35,522 INFO  node.SCMNodeManager (SCMNodeManager.java:register(234)) - Registered Data node : 1ea93810-5587-4924-9768-cb2bfe8ffd83{ip: 192.168.105.134, host: ozone-xt75l-2456167409, networkLocation: /default-rack, certSerialId: null}
2019-06-13 20:39:35,528 INFO  impl.RaftServerProxy (RaftServerProxy.java:addNew(89)) - 1ea93810-5587-4924-9768-cb2bfe8ffd83: addNew group-4BBE46748F6C:[1ea93810-5587-4924-9768-cb2bfe8ffd83:192.168.105.134:37671] returns group-4BBE46748F6C:java.util.concurrent.CompletableFuture@74af3976[Not completed]
2019-06-13 20:39:35,530 INFO  impl.RaftServerImpl (RaftServerImpl.java:<init>(91)) - 1ea93810-5587-4924-9768-cb2bfe8ffd83: new RaftServerImpl for group-4BBE46748F6C:[1ea93810-5587-4924-9768-cb2bfe8ffd83:192.168.105.134:37671] with ContainerStateMachine:uninitialized
2019-06-13 20:39:35,530 INFO  server.RaftServerConfigKeys (ConfUtils.java:logGet(43)) - raft.server.rpc.timeout.min = 1s (custom)
2019-06-13 20:39:35,530 INFO  server.RaftServerConfigKeys (ConfUtils.java:logGet(43)) - raft.server.rpc.timeout.max = 1200ms (custom)
2019-06-13 20:39:35,530 INFO  server.RaftServerConfigKeys (ConfUtils.java:logGet(43)) - raft.server.rpcslowness.timeout = 120s (custom)
2019-06-13 20:39:35,530 INFO  server.RaftServerConfigKeys (ConfUtils.java:logGet(43)) - raft.server.log.appender.install.snapshot.enabled = true (default)
2019-06-13 20:39:35,530 INFO  impl.RaftServerImpl (ServerState.java:<init>(101)) - 1ea93810-5587-4924-9768-cb2bfe8ffd83:group-4BBE46748F6C ConfigurationManager, init=-1: [1ea93810-5587-4924-9768-cb2bfe8ffd83:192.168.105.134:37671], old=null, confs=<EMPTY_MAP>
2019-06-13 20:39:35,530 INFO  server.RaftServerConfigKeys (ConfUtils.java:logGet(43)) - raft.server.storage.dir = [/opt/src/hadoop-ozone/integration-test/target/test-dir/MiniOzoneClusterImpl-f63f9b39-d37a-436c-a71d-d3be03329d37/datanode-3/data/ratis] (custom)
2019-06-13 20:39:35,530 INFO  storage.RaftStorageDirectory (RaftStorageDirectory.java:analyzeStorage(246)) - The storage directory /opt/src/hadoop-ozone/integration-test/target/test-dir/MiniOzoneClusterImpl-f63f9b39-d37a-436c-a71d-d3be03329d37/datanode-3/data/ratis/5a03ae70-7df2-4c37-af84-4bbe46748f6c does not exist. Creating ...
2019-06-13 20:39:35,533 INFO  storage.RaftStorageDirectory (RaftStorageDirectory.java:tryLock(328)) - Lock on /opt/src/hadoop-ozone/integration-test/target/test-dir/MiniOzoneClusterImpl-f63f9b39-d37a-436c-a71d-d3be03329d37/datanode-3/data/ratis/5a03ae70-7df2-4c37-af84-4bbe46748f6c/in_use.lock acquired by nodename 15525@ozone-xt75l-2456167409
2019-06-13 20:39:35,535 INFO  storage.RaftStorage (RaftStorage.java:format(75)) - Storage directory /opt/src/hadoop-ozone/integration-test/target/test-dir/MiniOzoneClusterImpl-f63f9b39-d37a-436c-a71d-d3be03329d37/datanode-3/data/ratis/5a03ae70-7df2-4c37-af84-4bbe46748f6c has been successfully formatted.
2019-06-13 20:39:35,535 INFO  ratis.ContainerStateMachine (ContainerStateMachine.java:loadSnapshot(199)) - The snapshot info is null.Setting the last applied index to:(t:0, i:~)
2019-06-13 20:39:35,535 INFO  server.RaftServerConfigKeys (ConfUtils.java:logGet(43)) - raft.server.leader.election.timeout = 120s (custom)
2019-06-13 20:39:35,535 INFO  server.RaftServerConfigKeys (ConfUtils.java:logGet(43)) - raft.server.log.use.memory = false (default)
2019-06-13 20:39:35,535 INFO  server.RaftServerConfigKeys (ConfUtils.java:logGet(43)) - raft.server.log.appender.buffer.byte-limit = 33554432 (custom)
2019-06-13 20:39:35,535 INFO  server.RaftServerConfigKeys (ConfUtils.java:logGet(43)) - raft.server.log.segment.size.max = 16384 (custom)
2019-06-13 20:39:35,535 INFO  server.RaftServerConfigKeys (ConfUtils.java:logGet(43)) - raft.server.log.segment.cache.num.max = 2 (custom)
2019-06-13 20:39:35,535 INFO  storage.RaftLogWorker (RaftLogWorker.java:<init>(123)) - new 1ea93810-5587-4924-9768-cb2bfe8ffd83-RaftLogWorker for Storage Directory /opt/src/hadoop-ozone/integration-test/target/test-dir/MiniOzoneClusterImpl-f63f9b39-d37a-436c-a71d-d3be03329d37/datanode-3/data/ratis/5a03ae70-7df2-4c37-af84-4bbe46748f6c
2019-06-13 20:39:35,535 INFO  server.RaftServerConfigKeys (ConfUtils.java:logGet(43)) - raft.server.log.queue.byte-limit = 2147483647 (custom)
2019-06-13 20:39:35,535 INFO  server.RaftServerConfigKeys (ConfUtils.java:logGet(43)) - raft.server.log.queue.element-limit = 1024 (custom)
2019-06-13 20:39:35,536 INFO  server.RaftServerConfigKeys (ConfUtils.java:logGet(43)) - raft.server.log.segment.size.max = 16384 (custom)
2019-06-13 20:39:35,536 INFO  server.RaftServerConfigKeys (ConfUtils.java:logGet(43)) - raft.server.log.preallocated.size = 16384 (custom)
2019-06-13 20:39:35,536 INFO  server.RaftServerConfigKeys (ConfUtils.java:logGet(43)) - raft.server.log.write.buffer.size = 33554432 (custom)
2019-06-13 20:39:35,536 INFO  server.RaftServerConfigKeys (ConfUtils.java:logGet(43)) - raft.server.log.force.sync.num = 128 (default)
2019-06-13 20:39:35,536 INFO  server.RaftServerConfigKeys (ConfUtils.java:logGet(43)) - raft.server.log.statemachine.data.sync = true (default)
2019-06-13 20:39:35,536 INFO  server.RaftServerConfigKeys (ConfUtils.java:logGet(43)) - raft.server.log.statemachine.data.sync.timeout = 10s (default)
2019-06-13 20:39:35,536 INFO  server.RaftServerConfigKeys (ConfUtils.java:logGet(43)) - raft.server.log.statemachine.data.sync.timeout.retry = -1 (default)
2019-06-13 20:39:35,536 INFO  server.RaftServerConfigKeys (ConfUtils.java:logGet(43)) - raft.server.log.statemachine.data.caching.enabled = true (custom)
2019-06-13 20:39:35,537 INFO  server.RaftServerConfigKeys (ConfUtils.java:logGet(43)) - raft.server.snapshot.auto.trigger.enabled = true (custom)
2019-06-13 20:39:35,537 INFO  server.RaftServerConfigKeys (ConfUtils.java:logGet(43)) - raft.server.snapshot.auto.trigger.threshold = 10000 (custom)
2019-06-13 20:39:35,537 INFO  server.RaftServerConfigKeys (ConfUtils.java:logGet(43)) - raft.server.retrycache.expirytime = 600000ms (custom)
2019-06-13 20:39:35,537 INFO  impl.RaftServerImpl (RaftServerImpl.java:start(173)) - 1ea93810-5587-4924-9768-cb2bfe8ffd83: start group-4BBE46748F6C
2019-06-13 20:39:35,537 INFO  impl.RaftServerImpl (RaftServerImpl.java:setRole(164)) - 1ea93810-5587-4924-9768-cb2bfe8ffd83:group-4BBE46748F6C changes role from null to FOLLOWER at term 0 for startAsFollower
2019-06-13 20:39:35,537 INFO  impl.RoleInfo (RoleInfo.java:updateAndGet(143)) - 1ea93810-5587-4924-9768-cb2bfe8ffd83: start FollowerState
2019-06-13 20:39:35,538 INFO  util.JmxRegister (JmxRegister.java:tryRegister(44)) - Successfully registered JMX Bean with object name Ratis:service=RaftServer,group=group-4BBE46748F6C,id=1ea93810-5587-4924-9768-cb2bfe8ffd83
2019-06-13 20:39:35,539 INFO  pipeline.PipelineStateManager (PipelineStateManager.java:addPipeline(56)) - Created pipeline Pipeline[ Id: 5a03ae70-7df2-4c37-af84-4bbe46748f6c, Nodes: 1ea93810-5587-4924-9768-cb2bfe8ffd83{ip: 192.168.105.134, host: ozone-xt75l-2456167409, networkLocation: /default-rack, certSerialId: null}, Type:RATIS, Factor:ONE, State:OPEN]
2019-06-13 20:39:35,689 INFO  node.SCMNodeManager (SCMNodeManager.java:register(234)) - Registered Data node : 3b64936e-ecb8-4d21-aec8-a9c2df291bfe{ip: 192.168.105.134, host: ozone-xt75l-2456167409, networkLocation: /default-rack, certSerialId: null}
2019-06-13 20:39:35,696 INFO  impl.RaftServerProxy (RaftServerProxy.java:addNew(89)) - 3b64936e-ecb8-4d21-aec8-a9c2df291bfe: addNew group-DA6737345593:[3b64936e-ecb8-4d21-aec8-a9c2df291bfe:192.168.105.134:43655] returns group-DA6737345593:java.util.concurrent.CompletableFuture@5e98b7a9[Not completed]
2019-06-13 20:39:35,697 INFO  impl.RaftServerImpl (RaftServerImpl.java:<init>(91)) - 3b64936e-ecb8-4d21-aec8-a9c2df291bfe: new RaftServerImpl for group-DA6737345593:[3b64936e-ecb8-4d21-aec8-a9c2df291bfe:192.168.105.134:43655] with ContainerStateMachine:uninitialized
2019-06-13 20:39:35,697 INFO  server.RaftServerConfigKeys (ConfUtils.java:logGet(43)) - raft.server.rpc.timeout.min = 1s (custom)
2019-06-13 20:39:35,697 INFO  server.RaftServerConfigKeys (ConfUtils.java:logGet(43)) - raft.server.rpc.timeout.max = 1200ms (custom)
2019-06-13 20:39:35,697 INFO  server.RaftServerConfigKeys (ConfUtils.java:logGet(43)) - raft.server.rpcslowness.timeout = 120s (custom)
2019-06-13 20:39:35,697 INFO  server.RaftServerConfigKeys (ConfUtils.java:logGet(43)) - raft.server.log.appender.install.snapshot.enabled = true (default)
2019-06-13 20:39:35,697 INFO  impl.RaftServerImpl (ServerState.java:<init>(101)) - 3b64936e-ecb8-4d21-aec8-a9c2df291bfe:group-DA6737345593 ConfigurationManager, init=-1: [3b64936e-ecb8-4d21-aec8-a9c2df291bfe:192.168.105.134:43655], old=null, confs=<EMPTY_MAP>
2019-06-13 20:39:35,697 INFO  server.RaftServerConfigKeys (ConfUtils.java:logGet(43)) - raft.server.storage.dir = [/opt/src/hadoop-ozone/integration-test/target/test-dir/MiniOzoneClusterImpl-f63f9b39-d37a-436c-a71d-d3be03329d37/datanode-4/data/ratis] (custom)
2019-06-13 20:39:35,698 INFO  storage.RaftStorageDirectory (RaftStorageDirectory.java:analyzeStorage(246)) - The storage directory /opt/src/hadoop-ozone/integration-test/target/test-dir/MiniOzoneClusterImpl-f63f9b39-d37a-436c-a71d-d3be03329d37/datanode-4/data/ratis/c234c1db-6d5b-43a1-884a-da6737345593 does not exist. Creating ...
2019-06-13 20:39:35,700 INFO  storage.RaftStorageDirectory (RaftStorageDirectory.java:tryLock(328)) - Lock on /opt/src/hadoop-ozone/integration-test/target/test-dir/MiniOzoneClusterImpl-f63f9b39-d37a-436c-a71d-d3be03329d37/datanode-4/data/ratis/c234c1db-6d5b-43a1-884a-da6737345593/in_use.lock acquired by nodename 15525@ozone-xt75l-2456167409
2019-06-13 20:39:35,702 INFO  storage.RaftStorage (RaftStorage.java:format(75)) - Storage directory /opt/src/hadoop-ozone/integration-test/target/test-dir/MiniOzoneClusterImpl-f63f9b39-d37a-436c-a71d-d3be03329d37/datanode-4/data/ratis/c234c1db-6d5b-43a1-884a-da6737345593 has been successfully formatted.
2019-06-13 20:39:35,702 INFO  ratis.ContainerStateMachine (ContainerStateMachine.java:loadSnapshot(199)) - The snapshot info is null.Setting the last applied index to:(t:0, i:~)
2019-06-13 20:39:35,702 INFO  server.RaftServerConfigKeys (ConfUtils.java:logGet(43)) - raft.server.leader.election.timeout = 120s (custom)
2019-06-13 20:39:35,702 INFO  server.RaftServerConfigKeys (ConfUtils.java:logGet(43)) - raft.server.log.use.memory = false (default)
2019-06-13 20:39:35,702 INFO  server.RaftServerConfigKeys (ConfUtils.java:logGet(43)) - raft.server.log.appender.buffer.byte-limit = 33554432 (custom)
2019-06-13 20:39:35,702 INFO  server.RaftServerConfigKeys (ConfUtils.java:logGet(43)) - raft.server.log.segment.size.max = 16384 (custom)
2019-06-13 20:39:35,703 INFO  server.RaftServerConfigKeys (ConfUtils.java:logGet(43)) - raft.server.log.segment.cache.num.max = 2 (custom)
2019-06-13 20:39:35,703 INFO  storage.RaftLogWorker (RaftLogWorker.java:<init>(123)) - new 3b64936e-ecb8-4d21-aec8-a9c2df291bfe-RaftLogWorker for Storage Directory /opt/src/hadoop-ozone/integration-test/target/test-dir/MiniOzoneClusterImpl-f63f9b39-d37a-436c-a71d-d3be03329d37/datanode-4/data/ratis/c234c1db-6d5b-43a1-884a-da6737345593
2019-06-13 20:39:35,703 INFO  server.RaftServerConfigKeys (ConfUtils.java:logGet(43)) - raft.server.log.queue.byte-limit = 2147483647 (custom)
2019-06-13 20:39:35,703 INFO  server.RaftServerConfigKeys (ConfUtils.java:logGet(43)) - raft.server.log.queue.element-limit = 1024 (custom)
2019-06-13 20:39:35,703 INFO  server.RaftServerConfigKeys (ConfUtils.java:logGet(43)) - raft.server.log.segment.size.max = 16384 (custom)
2019-06-13 20:39:35,703 INFO  server.RaftServerConfigKeys (ConfUtils.java:logGet(43)) - raft.server.log.preallocated.size = 16384 (custom)
2019-06-13 20:39:35,703 INFO  server.RaftServerConfigKeys (ConfUtils.java:logGet(43)) - raft.server.log.write.buffer.size = 33554432 (custom)
2019-06-13 20:39:35,703 INFO  server.RaftServerConfigKeys (ConfUtils.java:logGet(43)) - raft.server.log.force.sync.num = 128 (default)
2019-06-13 20:39:35,703 INFO  server.RaftServerConfigKeys (ConfUtils.java:logGet(43)) - raft.server.log.statemachine.data.sync = true (default)
2019-06-13 20:39:35,703 INFO  server.RaftServerConfigKeys (ConfUtils.java:logGet(43)) - raft.server.log.statemachine.data.sync.timeout = 10s (default)
2019-06-13 20:39:35,704 INFO  server.RaftServerConfigKeys (ConfUtils.java:logGet(43)) - raft.server.log.statemachine.data.sync.timeout.retry = -1 (default)
2019-06-13 20:39:35,704 INFO  server.RaftServerConfigKeys (ConfUtils.java:logGet(43)) - raft.server.log.statemachine.data.caching.enabled = true (custom)
2019-06-13 20:39:35,704 INFO  server.RaftServerConfigKeys (ConfUtils.java:logGet(43)) - raft.server.snapshot.auto.trigger.enabled = true (custom)
2019-06-13 20:39:35,704 INFO  server.RaftServerConfigKeys (ConfUtils.java:logGet(43)) - raft.server.snapshot.auto.trigger.threshold = 10000 (custom)
2019-06-13 20:39:35,704 INFO  server.RaftServerConfigKeys (ConfUtils.java:logGet(43)) - raft.server.retrycache.expirytime = 600000ms (custom)
2019-06-13 20:39:35,705 INFO  impl.RaftServerImpl (RaftServerImpl.java:start(173)) - 3b64936e-ecb8-4d21-aec8-a9c2df291bfe: start group-DA6737345593
2019-06-13 20:39:35,705 INFO  impl.RaftServerImpl (RaftServerImpl.java:setRole(164)) - 3b64936e-ecb8-4d21-aec8-a9c2df291bfe:group-DA6737345593 changes role from null to FOLLOWER at term 0 for startAsFollower
2019-06-13 20:39:35,705 INFO  impl.RoleInfo (RoleInfo.java:updateAndGet(143)) - 3b64936e-ecb8-4d21-aec8-a9c2df291bfe: start FollowerState
2019-06-13 20:39:35,705 INFO  util.JmxRegister (JmxRegister.java:tryRegister(44)) - Successfully registered JMX Bean with object name Ratis:service=RaftServer,group=group-DA6737345593,id=3b64936e-ecb8-4d21-aec8-a9c2df291bfe
2019-06-13 20:39:35,707 INFO  pipeline.PipelineStateManager (PipelineStateManager.java:addPipeline(56)) - Created pipeline Pipeline[ Id: c234c1db-6d5b-43a1-884a-da6737345593, Nodes: 3b64936e-ecb8-4d21-aec8-a9c2df291bfe{ip: 192.168.105.134, host: ozone-xt75l-2456167409, networkLocation: /default-rack, certSerialId: null}, Type:RATIS, Factor:ONE, State:OPEN]
2019-06-13 20:39:35,862 INFO  ozone.MiniOzoneClusterImpl (MiniOzoneClusterImpl.java:lambda$waitForClusterToBeReady$0(142)) - Waiting for cluster to be ready. Got 5 of 6 DN Heartbeats.
2019-06-13 20:39:35,866 INFO  node.SCMNodeManager (SCMNodeManager.java:register(234)) - Registered Data node : df8f9c80-d395-4fb6-8a65-ad7a13e65732{ip: 192.168.105.134, host: ozone-xt75l-2456167409, networkLocation: /default-rack, certSerialId: null}
2019-06-13 20:39:35,872 INFO  impl.RaftServerProxy (RaftServerProxy.java:addNew(89)) - df8f9c80-d395-4fb6-8a65-ad7a13e65732: addNew group-9F9E0D208C67:[df8f9c80-d395-4fb6-8a65-ad7a13e65732:192.168.105.134:45459] returns group-9F9E0D208C67:java.util.concurrent.CompletableFuture@70388b84[Not completed]
2019-06-13 20:39:35,872 INFO  impl.RaftServerImpl (RaftServerImpl.java:<init>(91)) - df8f9c80-d395-4fb6-8a65-ad7a13e65732: new RaftServerImpl for group-9F9E0D208C67:[df8f9c80-d395-4fb6-8a65-ad7a13e65732:192.168.105.134:45459] with ContainerStateMachine:uninitialized
2019-06-13 20:39:35,872 INFO  server.RaftServerConfigKeys (ConfUtils.java:logGet(43)) - raft.server.rpc.timeout.min = 1s (custom)
2019-06-13 20:39:35,872 INFO  server.RaftServerConfigKeys (ConfUtils.java:logGet(43)) - raft.server.rpc.timeout.max = 1200ms (custom)
2019-06-13 20:39:35,873 INFO  server.RaftServerConfigKeys (ConfUtils.java:logGet(43)) - raft.server.rpcslowness.timeout = 120s (custom)
2019-06-13 20:39:35,873 INFO  server.RaftServerConfigKeys (ConfUtils.java:logGet(43)) - raft.server.log.appender.install.snapshot.enabled = true (default)
2019-06-13 20:39:35,873 INFO  impl.RaftServerImpl (ServerState.java:<init>(101)) - df8f9c80-d395-4fb6-8a65-ad7a13e65732:group-9F9E0D208C67 ConfigurationManager, init=-1: [df8f9c80-d395-4fb6-8a65-ad7a13e65732:192.168.105.134:45459], old=null, confs=<EMPTY_MAP>
2019-06-13 20:39:35,873 INFO  server.RaftServerConfigKeys (ConfUtils.java:logGet(43)) - raft.server.storage.dir = [/opt/src/hadoop-ozone/integration-test/target/test-dir/MiniOzoneClusterImpl-f63f9b39-d37a-436c-a71d-d3be03329d37/datanode-5/data/ratis] (custom)
2019-06-13 20:39:35,873 INFO  storage.RaftStorageDirectory (RaftStorageDirectory.java:analyzeStorage(246)) - The storage directory /opt/src/hadoop-ozone/integration-test/target/test-dir/MiniOzoneClusterImpl-f63f9b39-d37a-436c-a71d-d3be03329d37/datanode-5/data/ratis/49558acb-15c9-458c-abe6-9f9e0d208c67 does not exist. Creating ...
2019-06-13 20:39:35,875 INFO  storage.RaftStorageDirectory (RaftStorageDirectory.java:tryLock(328)) - Lock on /opt/src/hadoop-ozone/integration-test/target/test-dir/MiniOzoneClusterImpl-f63f9b39-d37a-436c-a71d-d3be03329d37/datanode-5/data/ratis/49558acb-15c9-458c-abe6-9f9e0d208c67/in_use.lock acquired by nodename 15525@ozone-xt75l-2456167409
2019-06-13 20:39:35,877 INFO  storage.RaftStorage (RaftStorage.java:format(75)) - Storage directory /opt/src/hadoop-ozone/integration-test/target/test-dir/MiniOzoneClusterImpl-f63f9b39-d37a-436c-a71d-d3be03329d37/datanode-5/data/ratis/49558acb-15c9-458c-abe6-9f9e0d208c67 has been successfully formatted.
2019-06-13 20:39:35,878 INFO  ratis.ContainerStateMachine (ContainerStateMachine.java:loadSnapshot(199)) - The snapshot info is null.Setting the last applied index to:(t:0, i:~)
2019-06-13 20:39:35,878 INFO  server.RaftServerConfigKeys (ConfUtils.java:logGet(43)) - raft.server.leader.election.timeout = 120s (custom)
2019-06-13 20:39:35,878 INFO  server.RaftServerConfigKeys (ConfUtils.java:logGet(43)) - raft.server.log.use.memory = false (default)
2019-06-13 20:39:35,878 INFO  server.RaftServerConfigKeys (ConfUtils.java:logGet(43)) - raft.server.log.appender.buffer.byte-limit = 33554432 (custom)
2019-06-13 20:39:35,878 INFO  server.RaftServerConfigKeys (ConfUtils.java:logGet(43)) - raft.server.log.segment.size.max = 16384 (custom)
2019-06-13 20:39:35,878 INFO  server.RaftServerConfigKeys (ConfUtils.java:logGet(43)) - raft.server.log.segment.cache.num.max = 2 (custom)
2019-06-13 20:39:35,878 INFO  storage.RaftLogWorker (RaftLogWorker.java:<init>(123)) - new df8f9c80-d395-4fb6-8a65-ad7a13e65732-RaftLogWorker for Storage Directory /opt/src/hadoop-ozone/integration-test/target/test-dir/MiniOzoneClusterImpl-f63f9b39-d37a-436c-a71d-d3be03329d37/datanode-5/data/ratis/49558acb-15c9-458c-abe6-9f9e0d208c67
2019-06-13 20:39:35,878 INFO  server.RaftServerConfigKeys (ConfUtils.java:logGet(43)) - raft.server.log.queue.byte-limit = 2147483647 (custom)
2019-06-13 20:39:35,878 INFO  server.RaftServerConfigKeys (ConfUtils.java:logGet(43)) - raft.server.log.queue.element-limit = 1024 (custom)
2019-06-13 20:39:35,878 INFO  server.RaftServerConfigKeys (ConfUtils.java:logGet(43)) - raft.server.log.segment.size.max = 16384 (custom)
2019-06-13 20:39:35,878 INFO  server.RaftServerConfigKeys (ConfUtils.java:logGet(43)) - raft.server.log.preallocated.size = 16384 (custom)
2019-06-13 20:39:35,878 INFO  server.RaftServerConfigKeys (ConfUtils.java:logGet(43)) - raft.server.log.write.buffer.size = 33554432 (custom)
2019-06-13 20:39:35,878 INFO  server.RaftServerConfigKeys (ConfUtils.java:logGet(43)) - raft.server.log.force.sync.num = 128 (default)
2019-06-13 20:39:35,879 INFO  server.RaftServerConfigKeys (ConfUtils.java:logGet(43)) - raft.server.log.statemachine.data.sync = true (default)
2019-06-13 20:39:35,879 INFO  server.RaftServerConfigKeys (ConfUtils.java:logGet(43)) - raft.server.log.statemachine.data.sync.timeout = 10s (default)
2019-06-13 20:39:35,879 INFO  server.RaftServerConfigKeys (ConfUtils.java:logGet(43)) - raft.server.log.statemachine.data.sync.timeout.retry = -1 (default)
2019-06-13 20:39:35,879 INFO  server.RaftServerConfigKeys (ConfUtils.java:logGet(43)) - raft.server.log.statemachine.data.caching.enabled = true (custom)
2019-06-13 20:39:35,879 INFO  server.RaftServerConfigKeys (ConfUtils.java:logGet(43)) - raft.server.snapshot.auto.trigger.enabled = true (custom)
2019-06-13 20:39:35,879 INFO  server.RaftServerConfigKeys (ConfUtils.java:logGet(43)) - raft.server.snapshot.auto.trigger.threshold = 10000 (custom)
2019-06-13 20:39:35,879 INFO  server.RaftServerConfigKeys (ConfUtils.java:logGet(43)) - raft.server.retrycache.expirytime = 600000ms (custom)
2019-06-13 20:39:35,879 INFO  impl.RaftServerImpl (RaftServerImpl.java:start(173)) - df8f9c80-d395-4fb6-8a65-ad7a13e65732: start group-9F9E0D208C67
2019-06-13 20:39:35,879 INFO  impl.RaftServerImpl (RaftServerImpl.java:setRole(164)) - df8f9c80-d395-4fb6-8a65-ad7a13e65732:group-9F9E0D208C67 changes role from null to FOLLOWER at term 0 for startAsFollower
2019-06-13 20:39:35,880 INFO  impl.RoleInfo (RoleInfo.java:updateAndGet(143)) - df8f9c80-d395-4fb6-8a65-ad7a13e65732: start FollowerState
2019-06-13 20:39:35,880 INFO  util.JmxRegister (JmxRegister.java:tryRegister(44)) - Successfully registered JMX Bean with object name Ratis:service=RaftServer,group=group-9F9E0D208C67,id=df8f9c80-d395-4fb6-8a65-ad7a13e65732
2019-06-13 20:39:35,882 INFO  pipeline.PipelineStateManager (PipelineStateManager.java:addPipeline(56)) - Created pipeline Pipeline[ Id: 49558acb-15c9-458c-abe6-9f9e0d208c67, Nodes: df8f9c80-d395-4fb6-8a65-ad7a13e65732{ip: 192.168.105.134, host: ozone-xt75l-2456167409, networkLocation: /default-rack, certSerialId: null}, Type:RATIS, Factor:ONE, State:OPEN]
2019-06-13 20:39:35,892 INFO  impl.RaftServerProxy (RaftServerProxy.java:addNew(89)) - df8f9c80-d395-4fb6-8a65-ad7a13e65732: addNew group-EAD887EF8AFF:[df8f9c80-d395-4fb6-8a65-ad7a13e65732:192.168.105.134:45459, 1ea93810-5587-4924-9768-cb2bfe8ffd83:192.168.105.134:37671, 3b64936e-ecb8-4d21-aec8-a9c2df291bfe:192.168.105.134:43655] returns group-EAD887EF8AFF:java.util.concurrent.CompletableFuture@3311728[Not completed]
2019-06-13 20:39:35,892 INFO  impl.RaftServerProxy (RaftServerProxy.java:addNew(89)) - 3b64936e-ecb8-4d21-aec8-a9c2df291bfe: addNew group-EAD887EF8AFF:[df8f9c80-d395-4fb6-8a65-ad7a13e65732:192.168.105.134:45459, 1ea93810-5587-4924-9768-cb2bfe8ffd83:192.168.105.134:37671, 3b64936e-ecb8-4d21-aec8-a9c2df291bfe:192.168.105.134:43655] returns group-EAD887EF8AFF:java.util.concurrent.CompletableFuture@3222c659[Not completed]
2019-06-13 20:39:35,892 INFO  impl.RaftServerProxy (RaftServerProxy.java:addNew(89)) - 1ea93810-5587-4924-9768-cb2bfe8ffd83: addNew group-EAD887EF8AFF:[df8f9c80-d395-4fb6-8a65-ad7a13e65732:192.168.105.134:45459, 1ea93810-5587-4924-9768-cb2bfe8ffd83:192.168.105.134:37671, 3b64936e-ecb8-4d21-aec8-a9c2df291bfe:192.168.105.134:43655] returns group-EAD887EF8AFF:java.util.concurrent.CompletableFuture@270c9c83[Not completed]
2019-06-13 20:39:35,893 INFO  impl.RaftServerImpl (RaftServerImpl.java:<init>(91)) - df8f9c80-d395-4fb6-8a65-ad7a13e65732: new RaftServerImpl for group-EAD887EF8AFF:[df8f9c80-d395-4fb6-8a65-ad7a13e65732:192.168.105.134:45459, 1ea93810-5587-4924-9768-cb2bfe8ffd83:192.168.105.134:37671, 3b64936e-ecb8-4d21-aec8-a9c2df291bfe:192.168.105.134:43655] with ContainerStateMachine:uninitialized
2019-06-13 20:39:35,893 INFO  server.RaftServerConfigKeys (ConfUtils.java:logGet(43)) - raft.server.rpc.timeout.min = 1s (custom)
2019-06-13 20:39:35,893 INFO  server.RaftServerConfigKeys (ConfUtils.java:logGet(43)) - raft.server.rpc.timeout.max = 1200ms (custom)
2019-06-13 20:39:35,893 INFO  server.RaftServerConfigKeys (ConfUtils.java:logGet(43)) - raft.server.rpcslowness.timeout = 120s (custom)
2019-06-13 20:39:35,893 INFO  server.RaftServerConfigKeys (ConfUtils.java:logGet(43)) - raft.server.log.appender.install.snapshot.enabled = true (default)
2019-06-13 20:39:35,894 INFO  impl.RaftServerImpl (ServerState.java:<init>(101)) - df8f9c80-d395-4fb6-8a65-ad7a13e65732:group-EAD887EF8AFF ConfigurationManager, init=-1: [df8f9c80-d395-4fb6-8a65-ad7a13e65732:192.168.105.134:45459, 1ea93810-5587-4924-9768-cb2bfe8ffd83:192.168.105.134:37671, 3b64936e-ecb8-4d21-aec8-a9c2df291bfe:192.168.105.134:43655], old=null, confs=<EMPTY_MAP>
2019-06-13 20:39:35,894 INFO  server.RaftServerConfigKeys (ConfUtils.java:logGet(43)) - raft.server.storage.dir = [/opt/src/hadoop-ozone/integration-test/target/test-dir/MiniOzoneClusterImpl-f63f9b39-d37a-436c-a71d-d3be03329d37/datanode-5/data/ratis] (custom)
2019-06-13 20:39:35,894 INFO  impl.RaftServerImpl (RaftServerImpl.java:<init>(91)) - 1ea93810-5587-4924-9768-cb2bfe8ffd83: new RaftServerImpl for group-EAD887EF8AFF:[df8f9c80-d395-4fb6-8a65-ad7a13e65732:192.168.105.134:45459, 1ea93810-5587-4924-9768-cb2bfe8ffd83:192.168.105.134:37671, 3b64936e-ecb8-4d21-aec8-a9c2df291bfe:192.168.105.134:43655] with ContainerStateMachine:uninitialized
2019-06-13 20:39:35,894 INFO  server.RaftServerConfigKeys (ConfUtils.java:logGet(43)) - raft.server.rpc.timeout.min = 1s (custom)
2019-06-13 20:39:35,894 INFO  server.RaftServerConfigKeys (ConfUtils.java:logGet(43)) - raft.server.rpc.timeout.max = 1200ms (custom)
2019-06-13 20:39:35,894 INFO  server.RaftServerConfigKeys (ConfUtils.java:logGet(43)) - raft.server.rpcslowness.timeout = 120s (custom)
2019-06-13 20:39:35,894 INFO  server.RaftServerConfigKeys (ConfUtils.java:logGet(43)) - raft.server.log.appender.install.snapshot.enabled = true (default)
2019-06-13 20:39:35,894 INFO  impl.RaftServerImpl (ServerState.java:<init>(101)) - 1ea93810-5587-4924-9768-cb2bfe8ffd83:group-EAD887EF8AFF ConfigurationManager, init=-1: [df8f9c80-d395-4fb6-8a65-ad7a13e65732:192.168.105.134:45459, 1ea93810-5587-4924-9768-cb2bfe8ffd83:192.168.105.134:37671, 3b64936e-ecb8-4d21-aec8-a9c2df291bfe:192.168.105.134:43655], old=null, confs=<EMPTY_MAP>
2019-06-13 20:39:35,894 INFO  server.RaftServerConfigKeys (ConfUtils.java:logGet(43)) - raft.server.storage.dir = [/opt/src/hadoop-ozone/integration-test/target/test-dir/MiniOzoneClusterImpl-f63f9b39-d37a-436c-a71d-d3be03329d37/datanode-3/data/ratis] (custom)
2019-06-13 20:39:35,894 INFO  storage.RaftStorageDirectory (RaftStorageDirectory.java:analyzeStorage(246)) - The storage directory /opt/src/hadoop-ozone/integration-test/target/test-dir/MiniOzoneClusterImpl-f63f9b39-d37a-436c-a71d-d3be03329d37/datanode-3/data/ratis/9a911606-261e-465a-a07a-ead887ef8aff does not exist. Creating ...
2019-06-13 20:39:35,893 INFO  impl.RaftServerImpl (RaftServerImpl.java:<init>(91)) - 3b64936e-ecb8-4d21-aec8-a9c2df291bfe: new RaftServerImpl for group-EAD887EF8AFF:[df8f9c80-d395-4fb6-8a65-ad7a13e65732:192.168.105.134:45459, 1ea93810-5587-4924-9768-cb2bfe8ffd83:192.168.105.134:37671, 3b64936e-ecb8-4d21-aec8-a9c2df291bfe:192.168.105.134:43655] with ContainerStateMachine:uninitialized
2019-06-13 20:39:35,894 INFO  storage.RaftStorageDirectory (RaftStorageDirectory.java:analyzeStorage(246)) - The storage directory /opt/src/hadoop-ozone/integration-test/target/test-dir/MiniOzoneClusterImpl-f63f9b39-d37a-436c-a71d-d3be03329d37/datanode-5/data/ratis/9a911606-261e-465a-a07a-ead887ef8aff does not exist. Creating ...
2019-06-13 20:39:35,895 INFO  server.RaftServerConfigKeys (ConfUtils.java:logGet(43)) - raft.server.rpc.timeout.min = 1s (custom)
2019-06-13 20:39:35,895 INFO  server.RaftServerConfigKeys (ConfUtils.java:logGet(43)) - raft.server.rpc.timeout.max = 1200ms (custom)
2019-06-13 20:39:35,895 INFO  server.RaftServerConfigKeys (ConfUtils.java:logGet(43)) - raft.server.rpcslowness.timeout = 120s (custom)
2019-06-13 20:39:35,895 INFO  server.RaftServerConfigKeys (ConfUtils.java:logGet(43)) - raft.server.log.appender.install.snapshot.enabled = true (default)
2019-06-13 20:39:35,895 INFO  impl.RaftServerImpl (ServerState.java:<init>(101)) - 3b64936e-ecb8-4d21-aec8-a9c2df291bfe:group-EAD887EF8AFF ConfigurationManager, init=-1: [df8f9c80-d395-4fb6-8a65-ad7a13e65732:192.168.105.134:45459, 1ea93810-5587-4924-9768-cb2bfe8ffd83:192.168.105.134:37671, 3b64936e-ecb8-4d21-aec8-a9c2df291bfe:192.168.105.134:43655], old=null, confs=<EMPTY_MAP>
2019-06-13 20:39:35,895 INFO  server.RaftServerConfigKeys (ConfUtils.java:logGet(43)) - raft.server.storage.dir = [/opt/src/hadoop-ozone/integration-test/target/test-dir/MiniOzoneClusterImpl-f63f9b39-d37a-436c-a71d-d3be03329d37/datanode-4/data/ratis] (custom)
2019-06-13 20:39:35,896 INFO  storage.RaftStorageDirectory (RaftStorageDirectory.java:analyzeStorage(246)) - The storage directory /opt/src/hadoop-ozone/integration-test/target/test-dir/MiniOzoneClusterImpl-f63f9b39-d37a-436c-a71d-d3be03329d37/datanode-4/data/ratis/9a911606-261e-465a-a07a-ead887ef8aff does not exist. Creating ...
2019-06-13 20:39:35,897 INFO  storage.RaftStorageDirectory (RaftStorageDirectory.java:tryLock(328)) - Lock on /opt/src/hadoop-ozone/integration-test/target/test-dir/MiniOzoneClusterImpl-f63f9b39-d37a-436c-a71d-d3be03329d37/datanode-3/data/ratis/9a911606-261e-465a-a07a-ead887ef8aff/in_use.lock acquired by nodename 15525@ozone-xt75l-2456167409
2019-06-13 20:39:35,897 INFO  storage.RaftStorageDirectory (RaftStorageDirectory.java:tryLock(328)) - Lock on /opt/src/hadoop-ozone/integration-test/target/test-dir/MiniOzoneClusterImpl-f63f9b39-d37a-436c-a71d-d3be03329d37/datanode-5/data/ratis/9a911606-261e-465a-a07a-ead887ef8aff/in_use.lock acquired by nodename 15525@ozone-xt75l-2456167409
2019-06-13 20:39:35,898 INFO  storage.RaftStorageDirectory (RaftStorageDirectory.java:tryLock(328)) - Lock on /opt/src/hadoop-ozone/integration-test/target/test-dir/MiniOzoneClusterImpl-f63f9b39-d37a-436c-a71d-d3be03329d37/datanode-4/data/ratis/9a911606-261e-465a-a07a-ead887ef8aff/in_use.lock acquired by nodename 15525@ozone-xt75l-2456167409
2019-06-13 20:39:35,900 INFO  storage.RaftStorage (RaftStorage.java:format(75)) - Storage directory /opt/src/hadoop-ozone/integration-test/target/test-dir/MiniOzoneClusterImpl-f63f9b39-d37a-436c-a71d-d3be03329d37/datanode-3/data/ratis/9a911606-261e-465a-a07a-ead887ef8aff has been successfully formatted.
2019-06-13 20:39:35,900 INFO  storage.RaftStorage (RaftStorage.java:format(75)) - Storage directory /opt/src/hadoop-ozone/integration-test/target/test-dir/MiniOzoneClusterImpl-f63f9b39-d37a-436c-a71d-d3be03329d37/datanode-5/data/ratis/9a911606-261e-465a-a07a-ead887ef8aff has been successfully formatted.
2019-06-13 20:39:35,900 INFO  ratis.ContainerStateMachine (ContainerStateMachine.java:loadSnapshot(199)) - The snapshot info is null.Setting the last applied index to:(t:0, i:~)
2019-06-13 20:39:35,900 INFO  server.RaftServerConfigKeys (ConfUtils.java:logGet(43)) - raft.server.leader.election.timeout = 120s (custom)
2019-06-13 20:39:35,900 INFO  server.RaftServerConfigKeys (ConfUtils.java:logGet(43)) - raft.server.log.use.memory = false (default)
2019-06-13 20:39:35,900 INFO  server.RaftServerConfigKeys (ConfUtils.java:logGet(43)) - raft.server.log.appender.buffer.byte-limit = 33554432 (custom)
2019-06-13 20:39:35,900 INFO  server.RaftServerConfigKeys (ConfUtils.java:logGet(43)) - raft.server.log.segment.size.max = 16384 (custom)
2019-06-13 20:39:35,900 INFO  server.RaftServerConfigKeys (ConfUtils.java:logGet(43)) - raft.server.log.segment.cache.num.max = 2 (custom)
2019-06-13 20:39:35,900 INFO  storage.RaftLogWorker (RaftLogWorker.java:<init>(123)) - new 1ea93810-5587-4924-9768-cb2bfe8ffd83-RaftLogWorker for Storage Directory /opt/src/hadoop-ozone/integration-test/target/test-dir/MiniOzoneClusterImpl-f63f9b39-d37a-436c-a71d-d3be03329d37/datanode-3/data/ratis/9a911606-261e-465a-a07a-ead887ef8aff
2019-06-13 20:39:35,900 INFO  server.RaftServerConfigKeys (ConfUtils.java:logGet(43)) - raft.server.log.queue.byte-limit = 2147483647 (custom)
2019-06-13 20:39:35,901 INFO  server.RaftServerConfigKeys (ConfUtils.java:logGet(43)) - raft.server.log.queue.element-limit = 1024 (custom)
2019-06-13 20:39:35,901 INFO  server.RaftServerConfigKeys (ConfUtils.java:logGet(43)) - raft.server.log.segment.size.max = 16384 (custom)
2019-06-13 20:39:35,901 INFO  server.RaftServerConfigKeys (ConfUtils.java:logGet(43)) - raft.server.log.preallocated.size = 16384 (custom)
2019-06-13 20:39:35,901 INFO  server.RaftServerConfigKeys (ConfUtils.java:logGet(43)) - raft.server.log.write.buffer.size = 33554432 (custom)
2019-06-13 20:39:35,901 INFO  server.RaftServerConfigKeys (ConfUtils.java:logGet(43)) - raft.server.log.force.sync.num = 128 (default)
2019-06-13 20:39:35,901 INFO  server.RaftServerConfigKeys (ConfUtils.java:logGet(43)) - raft.server.log.statemachine.data.sync = true (default)
2019-06-13 20:39:35,901 INFO  server.RaftServerConfigKeys (ConfUtils.java:logGet(43)) - raft.server.log.statemachine.data.sync.timeout = 10s (default)
2019-06-13 20:39:35,901 INFO  storage.RaftStorage (RaftStorage.java:format(75)) - Storage directory /opt/src/hadoop-ozone/integration-test/target/test-dir/MiniOzoneClusterImpl-f63f9b39-d37a-436c-a71d-d3be03329d37/datanode-4/data/ratis/9a911606-261e-465a-a07a-ead887ef8aff has been successfully formatted.
2019-06-13 20:39:35,900 INFO  ratis.ContainerStateMachine (ContainerStateMachine.java:loadSnapshot(199)) - The snapshot info is null.Setting the last applied index to:(t:0, i:~)
2019-06-13 20:39:35,901 INFO  server.RaftServerConfigKeys (ConfUtils.java:logGet(43)) - raft.server.log.statemachine.data.sync.timeout.retry = -1 (default)
2019-06-13 20:39:35,901 INFO  server.RaftServerConfigKeys (ConfUtils.java:logGet(43)) - raft.server.leader.election.timeout = 120s (custom)
2019-06-13 20:39:35,901 INFO  ratis.ContainerStateMachine (ContainerStateMachine.java:loadSnapshot(199)) - The snapshot info is null.Setting the last applied index to:(t:0, i:~)
2019-06-13 20:39:35,902 INFO  server.RaftServerConfigKeys (ConfUtils.java:logGet(43)) - raft.server.leader.election.timeout = 120s (custom)
2019-06-13 20:39:35,902 INFO  server.RaftServerConfigKeys (ConfUtils.java:logGet(43)) - raft.server.log.use.memory = false (default)
2019-06-13 20:39:35,902 INFO  server.RaftServerConfigKeys (ConfUtils.java:logGet(43)) - raft.server.log.appender.buffer.byte-limit = 33554432 (custom)
2019-06-13 20:39:35,902 INFO  server.RaftServerConfigKeys (ConfUtils.java:logGet(43)) - raft.server.log.segment.size.max = 16384 (custom)
2019-06-13 20:39:35,902 INFO  server.RaftServerConfigKeys (ConfUtils.java:logGet(43)) - raft.server.log.segment.cache.num.max = 2 (custom)
2019-06-13 20:39:35,902 INFO  storage.RaftLogWorker (RaftLogWorker.java:<init>(123)) - new 3b64936e-ecb8-4d21-aec8-a9c2df291bfe-RaftLogWorker for Storage Directory /opt/src/hadoop-ozone/integration-test/target/test-dir/MiniOzoneClusterImpl-f63f9b39-d37a-436c-a71d-d3be03329d37/datanode-4/data/ratis/9a911606-261e-465a-a07a-ead887ef8aff
2019-06-13 20:39:35,902 INFO  server.RaftServerConfigKeys (ConfUtils.java:logGet(43)) - raft.server.log.queue.byte-limit = 2147483647 (custom)
2019-06-13 20:39:35,902 INFO  server.RaftServerConfigKeys (ConfUtils.java:logGet(43)) - raft.server.log.queue.element-limit = 1024 (custom)
2019-06-13 20:39:35,902 INFO  server.RaftServerConfigKeys (ConfUtils.java:logGet(43)) - raft.server.log.segment.size.max = 16384 (custom)
2019-06-13 20:39:35,902 INFO  server.RaftServerConfigKeys (ConfUtils.java:logGet(43)) - raft.server.log.preallocated.size = 16384 (custom)
2019-06-13 20:39:35,903 INFO  server.RaftServerConfigKeys (ConfUtils.java:logGet(43)) - raft.server.log.write.buffer.size = 33554432 (custom)
2019-06-13 20:39:35,903 INFO  server.RaftServerConfigKeys (ConfUtils.java:logGet(43)) - raft.server.log.force.sync.num = 128 (default)
2019-06-13 20:39:35,903 INFO  server.RaftServerConfigKeys (ConfUtils.java:logGet(43)) - raft.server.log.statemachine.data.sync = true (default)
2019-06-13 20:39:35,903 INFO  server.RaftServerConfigKeys (ConfUtils.java:logGet(43)) - raft.server.log.statemachine.data.sync.timeout = 10s (default)
2019-06-13 20:39:35,903 INFO  server.RaftServerConfigKeys (ConfUtils.java:logGet(43)) - raft.server.log.statemachine.data.sync.timeout.retry = -1 (default)
2019-06-13 20:39:35,903 INFO  server.RaftServerConfigKeys (ConfUtils.java:logGet(43)) - raft.server.log.statemachine.data.caching.enabled = true (custom)
2019-06-13 20:39:35,901 INFO  server.RaftServerConfigKeys (ConfUtils.java:logGet(43)) - raft.server.log.statemachine.data.caching.enabled = true (custom)
2019-06-13 20:39:35,903 INFO  server.RaftServerConfigKeys (ConfUtils.java:logGet(43)) - raft.server.snapshot.auto.trigger.enabled = true (custom)
2019-06-13 20:39:35,904 INFO  server.RaftServerConfigKeys (ConfUtils.java:logGet(43)) - raft.server.log.use.memory = false (default)
2019-06-13 20:39:35,904 INFO  server.RaftServerConfigKeys (ConfUtils.java:logGet(43)) - raft.server.snapshot.auto.trigger.threshold = 10000 (custom)
2019-06-13 20:39:35,904 INFO  server.RaftServerConfigKeys (ConfUtils.java:logGet(43)) - raft.server.log.appender.buffer.byte-limit = 33554432 (custom)
2019-06-13 20:39:35,904 INFO  server.RaftServerConfigKeys (ConfUtils.java:logGet(43)) - raft.server.log.segment.size.max = 16384 (custom)
2019-06-13 20:39:35,904 INFO  server.RaftServerConfigKeys (ConfUtils.java:logGet(43)) - raft.server.log.segment.cache.num.max = 2 (custom)
2019-06-13 20:39:35,904 INFO  storage.RaftLogWorker (RaftLogWorker.java:<init>(123)) - new df8f9c80-d395-4fb6-8a65-ad7a13e65732-RaftLogWorker for Storage Directory /opt/src/hadoop-ozone/integration-test/target/test-dir/MiniOzoneClusterImpl-f63f9b39-d37a-436c-a71d-d3be03329d37/datanode-5/data/ratis/9a911606-261e-465a-a07a-ead887ef8aff
2019-06-13 20:39:35,904 INFO  server.RaftServerConfigKeys (ConfUtils.java:logGet(43)) - raft.server.log.queue.byte-limit = 2147483647 (custom)
2019-06-13 20:39:35,904 INFO  server.RaftServerConfigKeys (ConfUtils.java:logGet(43)) - raft.server.log.queue.element-limit = 1024 (custom)
2019-06-13 20:39:35,904 INFO  server.RaftServerConfigKeys (ConfUtils.java:logGet(43)) - raft.server.log.segment.size.max = 16384 (custom)
2019-06-13 20:39:35,905 INFO  server.RaftServerConfigKeys (ConfUtils.java:logGet(43)) - raft.server.log.preallocated.size = 16384 (custom)
2019-06-13 20:39:35,905 INFO  server.RaftServerConfigKeys (ConfUtils.java:logGet(43)) - raft.server.log.write.buffer.size = 33554432 (custom)
2019-06-13 20:39:35,905 INFO  server.RaftServerConfigKeys (ConfUtils.java:logGet(43)) - raft.server.log.force.sync.num = 128 (default)
2019-06-13 20:39:35,905 INFO  server.RaftServerConfigKeys (ConfUtils.java:logGet(43)) - raft.server.log.statemachine.data.sync = true (default)
2019-06-13 20:39:35,905 INFO  server.RaftServerConfigKeys (ConfUtils.java:logGet(43)) - raft.server.log.statemachine.data.sync.timeout = 10s (default)
2019-06-13 20:39:35,905 INFO  server.RaftServerConfigKeys (ConfUtils.java:logGet(43)) - raft.server.log.statemachine.data.sync.timeout.retry = -1 (default)
2019-06-13 20:39:35,905 INFO  server.RaftServerConfigKeys (ConfUtils.java:logGet(43)) - raft.server.log.statemachine.data.caching.enabled = true (custom)
2019-06-13 20:39:35,905 INFO  server.RaftServerConfigKeys (ConfUtils.java:logGet(43)) - raft.server.retrycache.expirytime = 600000ms (custom)
2019-06-13 20:39:35,906 INFO  impl.RaftServerImpl (RaftServerImpl.java:start(173)) - 3b64936e-ecb8-4d21-aec8-a9c2df291bfe: start group-EAD887EF8AFF
2019-06-13 20:39:35,906 INFO  server.RaftServerConfigKeys (ConfUtils.java:logGet(43)) - raft.server.snapshot.auto.trigger.enabled = true (custom)
2019-06-13 20:39:35,905 INFO  server.RaftServerConfigKeys (ConfUtils.java:logGet(43)) - raft.server.snapshot.auto.trigger.enabled = true (custom)
2019-06-13 20:39:35,906 INFO  server.RaftServerConfigKeys (ConfUtils.java:logGet(43)) - raft.server.snapshot.auto.trigger.threshold = 10000 (custom)
2019-06-13 20:39:35,906 INFO  impl.RaftServerImpl (RaftServerImpl.java:setRole(164)) - 3b64936e-ecb8-4d21-aec8-a9c2df291bfe:group-EAD887EF8AFF changes role from null to FOLLOWER at term 0 for startAsFollower
2019-06-13 20:39:35,906 INFO  server.RaftServerConfigKeys (ConfUtils.java:logGet(43)) - raft.server.retrycache.expirytime = 600000ms (custom)
2019-06-13 20:39:35,906 INFO  server.RaftServerConfigKeys (ConfUtils.java:logGet(43)) - raft.server.snapshot.auto.trigger.threshold = 10000 (custom)
2019-06-13 20:39:35,906 INFO  impl.RaftServerImpl (RaftServerImpl.java:start(173)) - df8f9c80-d395-4fb6-8a65-ad7a13e65732: start group-EAD887EF8AFF
2019-06-13 20:39:35,906 INFO  server.RaftServerConfigKeys (ConfUtils.java:logGet(43)) - raft.server.retrycache.expirytime = 600000ms (custom)
2019-06-13 20:39:35,906 INFO  impl.RoleInfo (RoleInfo.java:updateAndGet(143)) - 3b64936e-ecb8-4d21-aec8-a9c2df291bfe: start FollowerState
2019-06-13 20:39:35,906 INFO  impl.RaftServerImpl (RaftServerImpl.java:start(173)) - 1ea93810-5587-4924-9768-cb2bfe8ffd83: start group-EAD887EF8AFF
2019-06-13 20:39:35,906 INFO  impl.RaftServerImpl (RaftServerImpl.java:setRole(164)) - 1ea93810-5587-4924-9768-cb2bfe8ffd83:group-EAD887EF8AFF changes role from null to FOLLOWER at term 0 for startAsFollower
2019-06-13 20:39:35,907 INFO  impl.RoleInfo (RoleInfo.java:updateAndGet(143)) - 1ea93810-5587-4924-9768-cb2bfe8ffd83: start FollowerState
2019-06-13 20:39:35,907 INFO  util.JmxRegister (JmxRegister.java:tryRegister(44)) - Successfully registered JMX Bean with object name Ratis:service=RaftServer,group=group-EAD887EF8AFF,id=3b64936e-ecb8-4d21-aec8-a9c2df291bfe
2019-06-13 20:39:35,906 INFO  impl.RaftServerImpl (RaftServerImpl.java:setRole(164)) - df8f9c80-d395-4fb6-8a65-ad7a13e65732:group-EAD887EF8AFF changes role from null to FOLLOWER at term 0 for startAsFollower
2019-06-13 20:39:35,907 INFO  util.JmxRegister (JmxRegister.java:tryRegister(44)) - Successfully registered JMX Bean with object name Ratis:service=RaftServer,group=group-EAD887EF8AFF,id=1ea93810-5587-4924-9768-cb2bfe8ffd83
2019-06-13 20:39:35,907 INFO  impl.RoleInfo (RoleInfo.java:updateAndGet(143)) - df8f9c80-d395-4fb6-8a65-ad7a13e65732: start FollowerState
2019-06-13 20:39:35,909 INFO  util.JmxRegister (JmxRegister.java:tryRegister(44)) - Successfully registered JMX Bean with object name Ratis:service=RaftServer,group=group-EAD887EF8AFF,id=df8f9c80-d395-4fb6-8a65-ad7a13e65732
2019-06-13 20:39:35,911 INFO  pipeline.PipelineStateManager (PipelineStateManager.java:addPipeline(56)) - Created pipeline Pipeline[ Id: 9a911606-261e-465a-a07a-ead887ef8aff, Nodes: 1ea93810-5587-4924-9768-cb2bfe8ffd83{ip: 192.168.105.134, host: ozone-xt75l-2456167409, networkLocation: /default-rack, certSerialId: null}df8f9c80-d395-4fb6-8a65-ad7a13e65732{ip: 192.168.105.134, host: ozone-xt75l-2456167409, networkLocation: /default-rack, certSerialId: null}3b64936e-ecb8-4d21-aec8-a9c2df291bfe{ip: 192.168.105.134, host: ozone-xt75l-2456167409, networkLocation: /default-rack, certSerialId: null}, Type:RATIS, Factor:THREE, State:OPEN]
2019-06-13 20:39:36,153 INFO  impl.FollowerState (FollowerState.java:run(101)) - b58abce5-9cda-4da4-af93-061e1b4f4afb:group-79D11640D221 changes to CANDIDATE, lastRpcTime:1167, electionTimeout:1164ms
2019-06-13 20:39:36,154 INFO  impl.RoleInfo (RoleInfo.java:shutdownFollowerState(121)) - b58abce5-9cda-4da4-af93-061e1b4f4afb: shutdown FollowerState
2019-06-13 20:39:36,154 INFO  impl.RaftServerImpl (RaftServerImpl.java:setRole(164)) - b58abce5-9cda-4da4-af93-061e1b4f4afb:group-79D11640D221 changes role from FOLLOWER to CANDIDATE at term 0 for changeToCandidate
2019-06-13 20:39:36,154 INFO  impl.RoleInfo (RoleInfo.java:updateAndGet(143)) - b58abce5-9cda-4da4-af93-061e1b4f4afb: start LeaderElection
2019-06-13 20:39:36,159 INFO  impl.LeaderElection (LeaderElection.java:askForVotes(181)) - b58abce5-9cda-4da4-af93-061e1b4f4afb:group-79D11640D221:LeaderElection27: begin an election at term 1 for -1: [b58abce5-9cda-4da4-af93-061e1b4f4afb:192.168.105.134:45535], old=null
2019-06-13 20:39:36,161 INFO  impl.RoleInfo (RoleInfo.java:shutdownLeaderElection(134)) - b58abce5-9cda-4da4-af93-061e1b4f4afb: shutdown LeaderElection
2019-06-13 20:39:36,161 INFO  impl.RaftServerImpl (RaftServerImpl.java:setRole(164)) - b58abce5-9cda-4da4-af93-061e1b4f4afb:group-79D11640D221 changes role from CANDIDATE to LEADER at term 1 for changeToLeader
2019-06-13 20:39:36,161 INFO  impl.RaftServerImpl (ServerState.java:setLeader(263)) - b58abce5-9cda-4da4-af93-061e1b4f4afb:group-79D11640D221 change Leader from null to b58abce5-9cda-4da4-af93-061e1b4f4afb at term 1 for becomeLeader, leader elected after 1179ms
2019-06-13 20:39:36,161 INFO  server.RaftServerConfigKeys (ConfUtils.java:logGet(43)) - raft.server.staging.catchup.gap = 1000 (default)
2019-06-13 20:39:36,161 INFO  server.RaftServerConfigKeys (ConfUtils.java:logGet(43)) - raft.server.rpc.sleep.time = 25ms (default)
2019-06-13 20:39:36,161 INFO  server.RaftServerConfigKeys (ConfUtils.java:logGet(43)) - raft.server.watch.timeout = 10s (default)
2019-06-13 20:39:36,161 INFO  server.RaftServerConfigKeys (ConfUtils.java:logGet(43)) - raft.server.watch.timeout.denomination = 1s (default)
2019-06-13 20:39:36,161 INFO  impl.RoleInfo (RoleInfo.java:updateAndGet(143)) - b58abce5-9cda-4da4-af93-061e1b4f4afb: start LeaderState
2019-06-13 20:39:36,161 INFO  storage.RaftLogWorker (RaftLogWorker.java:startLogSegment(298)) - b58abce5-9cda-4da4-af93-061e1b4f4afb-RaftLogWorker: Starting segment from index:0
2019-06-13 20:39:36,162 INFO  impl.RaftServerImpl (ServerState.java:setRaftConf(361)) - b58abce5-9cda-4da4-af93-061e1b4f4afb:group-79D11640D221 set configuration 0: [b58abce5-9cda-4da4-af93-061e1b4f4afb:192.168.105.134:45535], old=null at 0
2019-06-13 20:39:36,198 INFO  storage.RaftLogWorker (RaftLogWorker.java:execute(469)) - b58abce5-9cda-4da4-af93-061e1b4f4afb-RaftLogWorker: created new log segment /opt/src/hadoop-ozone/integration-test/target/test-dir/MiniOzoneClusterImpl-f63f9b39-d37a-436c-a71d-d3be03329d37/datanode-0/data/ratis/c479ffe2-b72d-495d-ab0f-79d11640d221/current/log_inprogress_0
2019-06-13 20:39:36,340 INFO  impl.FollowerState (FollowerState.java:run(101)) - 1baee1f3-808b-4789-a6cf-275e23684793:group-777145B14318 changes to CANDIDATE, lastRpcTime:1149, electionTimeout:1147ms
2019-06-13 20:39:36,340 INFO  impl.RoleInfo (RoleInfo.java:shutdownFollowerState(121)) - 1baee1f3-808b-4789-a6cf-275e23684793: shutdown FollowerState
2019-06-13 20:39:36,340 INFO  impl.RaftServerImpl (RaftServerImpl.java:setRole(164)) - 1baee1f3-808b-4789-a6cf-275e23684793:group-777145B14318 changes role from FOLLOWER to CANDIDATE at term 0 for changeToCandidate
2019-06-13 20:39:36,340 INFO  impl.RoleInfo (RoleInfo.java:updateAndGet(143)) - 1baee1f3-808b-4789-a6cf-275e23684793: start LeaderElection
2019-06-13 20:39:36,346 INFO  impl.LeaderElection (LeaderElection.java:askForVotes(181)) - 1baee1f3-808b-4789-a6cf-275e23684793:group-777145B14318:LeaderElection28: begin an election at term 1 for -1: [1baee1f3-808b-4789-a6cf-275e23684793:192.168.105.134:41937], old=null
2019-06-13 20:39:36,346 INFO  impl.RoleInfo (RoleInfo.java:shutdownLeaderElection(134)) - 1baee1f3-808b-4789-a6cf-275e23684793: shutdown LeaderElection
2019-06-13 20:39:36,346 INFO  impl.RaftServerImpl (RaftServerImpl.java:setRole(164)) - 1baee1f3-808b-4789-a6cf-275e23684793:group-777145B14318 changes role from CANDIDATE to LEADER at term 1 for changeToLeader
2019-06-13 20:39:36,346 INFO  impl.RaftServerImpl (ServerState.java:setLeader(263)) - 1baee1f3-808b-4789-a6cf-275e23684793:group-777145B14318 change Leader from null to 1baee1f3-808b-4789-a6cf-275e23684793 at term 1 for becomeLeader, leader elected after 1157ms
2019-06-13 20:39:36,346 INFO  server.RaftServerConfigKeys (ConfUtils.java:logGet(43)) - raft.server.staging.catchup.gap = 1000 (default)
2019-06-13 20:39:36,346 INFO  server.RaftServerConfigKeys (ConfUtils.java:logGet(43)) - raft.server.rpc.sleep.time = 25ms (default)
2019-06-13 20:39:36,346 INFO  server.RaftServerConfigKeys (ConfUtils.java:logGet(43)) - raft.server.watch.timeout = 10s (default)
2019-06-13 20:39:36,346 INFO  server.RaftServerConfigKeys (ConfUtils.java:logGet(43)) - raft.server.watch.timeout.denomination = 1s (default)
2019-06-13 20:39:36,346 INFO  impl.RoleInfo (RoleInfo.java:updateAndGet(143)) - 1baee1f3-808b-4789-a6cf-275e23684793: start LeaderState
2019-06-13 20:39:36,347 INFO  storage.RaftLogWorker (RaftLogWorker.java:startLogSegment(298)) - 1baee1f3-808b-4789-a6cf-275e23684793-RaftLogWorker: Starting segment from index:0
2019-06-13 20:39:36,347 INFO  impl.RaftServerImpl (ServerState.java:setRaftConf(361)) - 1baee1f3-808b-4789-a6cf-275e23684793:group-777145B14318 set configuration 0: [1baee1f3-808b-4789-a6cf-275e23684793:192.168.105.134:41937], old=null at 0
2019-06-13 20:39:36,383 INFO  storage.RaftLogWorker (RaftLogWorker.java:execute(469)) - 1baee1f3-808b-4789-a6cf-275e23684793-RaftLogWorker: created new log segment /opt/src/hadoop-ozone/integration-test/target/test-dir/MiniOzoneClusterImpl-f63f9b39-d37a-436c-a71d-d3be03329d37/datanode-1/data/ratis/6868ae2e-23af-4de2-aae8-777145b14318/current/log_inprogress_0
2019-06-13 20:39:36,386 INFO  impl.FollowerState (FollowerState.java:run(101)) - 04e16058-0472-4deb-86f4-f1f2e4de4d0b:group-0D1AFE5DEF30 changes to CANDIDATE, lastRpcTime:1040, electionTimeout:1040ms
2019-06-13 20:39:36,386 INFO  impl.RoleInfo (RoleInfo.java:shutdownFollowerState(121)) - 04e16058-0472-4deb-86f4-f1f2e4de4d0b: shutdown FollowerState
2019-06-13 20:39:36,386 INFO  impl.RaftServerImpl (RaftServerImpl.java:setRole(164)) - 04e16058-0472-4deb-86f4-f1f2e4de4d0b:group-0D1AFE5DEF30 changes role from FOLLOWER to CANDIDATE at term 0 for changeToCandidate
2019-06-13 20:39:36,386 INFO  impl.RoleInfo (RoleInfo.java:updateAndGet(143)) - 04e16058-0472-4deb-86f4-f1f2e4de4d0b: start LeaderElection
2019-06-13 20:39:36,392 INFO  impl.LeaderElection (LeaderElection.java:askForVotes(181)) - 04e16058-0472-4deb-86f4-f1f2e4de4d0b:group-0D1AFE5DEF30:LeaderElection29: begin an election at term 1 for -1: [04e16058-0472-4deb-86f4-f1f2e4de4d0b:192.168.105.134:33961], old=null
2019-06-13 20:39:36,392 INFO  impl.RoleInfo (RoleInfo.java:shutdownLeaderElection(134)) - 04e16058-0472-4deb-86f4-f1f2e4de4d0b: shutdown LeaderElection
2019-06-13 20:39:36,392 INFO  impl.RaftServerImpl (RaftServerImpl.java:setRole(164)) - 04e16058-0472-4deb-86f4-f1f2e4de4d0b:group-0D1AFE5DEF30 changes role from CANDIDATE to LEADER at term 1 for changeToLeader
2019-06-13 20:39:36,392 INFO  impl.RaftServerImpl (ServerState.java:setLeader(263)) - 04e16058-0472-4deb-86f4-f1f2e4de4d0b:group-0D1AFE5DEF30 change Leader from null to 04e16058-0472-4deb-86f4-f1f2e4de4d0b at term 1 for becomeLeader, leader elected after 1048ms
2019-06-13 20:39:36,392 INFO  server.RaftServerConfigKeys (ConfUtils.java:logGet(43)) - raft.server.staging.catchup.gap = 1000 (default)
2019-06-13 20:39:36,392 INFO  server.RaftServerConfigKeys (ConfUtils.java:logGet(43)) - raft.server.rpc.sleep.time = 25ms (default)
2019-06-13 20:39:36,392 INFO  server.RaftServerConfigKeys (ConfUtils.java:logGet(43)) - raft.server.watch.timeout = 10s (default)
2019-06-13 20:39:36,392 INFO  server.RaftServerConfigKeys (ConfUtils.java:logGet(43)) - raft.server.watch.timeout.denomination = 1s (default)
2019-06-13 20:39:36,392 INFO  impl.RoleInfo (RoleInfo.java:updateAndGet(143)) - 04e16058-0472-4deb-86f4-f1f2e4de4d0b: start LeaderState
2019-06-13 20:39:36,392 INFO  storage.RaftLogWorker (RaftLogWorker.java:startLogSegment(298)) - 04e16058-0472-4deb-86f4-f1f2e4de4d0b-RaftLogWorker: Starting segment from index:0
2019-06-13 20:39:36,393 INFO  impl.RaftServerImpl (ServerState.java:setRaftConf(361)) - 04e16058-0472-4deb-86f4-f1f2e4de4d0b:group-0D1AFE5DEF30 set configuration 0: [04e16058-0472-4deb-86f4-f1f2e4de4d0b:192.168.105.134:33961], old=null at 0
2019-06-13 20:39:36,421 INFO  impl.FollowerState (FollowerState.java:run(101)) - b58abce5-9cda-4da4-af93-061e1b4f4afb:group-14C242F5D936 changes to CANDIDATE, lastRpcTime:1032, electionTimeout:1032ms
2019-06-13 20:39:36,421 INFO  impl.RoleInfo (RoleInfo.java:shutdownFollowerState(121)) - b58abce5-9cda-4da4-af93-061e1b4f4afb: shutdown FollowerState
2019-06-13 20:39:36,421 INFO  impl.RaftServerImpl (RaftServerImpl.java:setRole(164)) - b58abce5-9cda-4da4-af93-061e1b4f4afb:group-14C242F5D936 changes role from FOLLOWER to CANDIDATE at term 0 for changeToCandidate
2019-06-13 20:39:36,421 INFO  impl.RoleInfo (RoleInfo.java:updateAndGet(143)) - b58abce5-9cda-4da4-af93-061e1b4f4afb: start LeaderElection
2019-06-13 20:39:36,432 INFO  storage.RaftLogWorker (RaftLogWorker.java:execute(469)) - 04e16058-0472-4deb-86f4-f1f2e4de4d0b-RaftLogWorker: created new log segment /opt/src/hadoop-ozone/integration-test/target/test-dir/MiniOzoneClusterImpl-f63f9b39-d37a-436c-a71d-d3be03329d37/datanode-2/data/ratis/70b00d53-905d-4425-8d84-0d1afe5def30/current/log_inprogress_0
2019-06-13 20:39:36,432 INFO  impl.LeaderElection (LeaderElection.java:askForVotes(181)) - b58abce5-9cda-4da4-af93-061e1b4f4afb:group-14C242F5D936:LeaderElection30: begin an election at term 1 for -1: [1baee1f3-808b-4789-a6cf-275e23684793:192.168.105.134:41937, b58abce5-9cda-4da4-af93-061e1b4f4afb:192.168.105.134:45535, 04e16058-0472-4deb-86f4-f1f2e4de4d0b:192.168.105.134:33961], old=null
2019-06-13 20:39:36,438 INFO  impl.RaftServerImpl (RaftServerImpl.java:setRole(164)) - 04e16058-0472-4deb-86f4-f1f2e4de4d0b:group-14C242F5D936 changes role from FOLLOWER to FOLLOWER at term 1 for recognizeCandidate:b58abce5-9cda-4da4-af93-061e1b4f4afb
2019-06-13 20:39:36,438 INFO  impl.RoleInfo (RoleInfo.java:shutdownFollowerState(121)) - 04e16058-0472-4deb-86f4-f1f2e4de4d0b: shutdown FollowerState
2019-06-13 20:39:36,438 INFO  impl.RoleInfo (RoleInfo.java:updateAndGet(143)) - 04e16058-0472-4deb-86f4-f1f2e4de4d0b: start FollowerState
2019-06-13 20:39:36,438 INFO  impl.FollowerState (FollowerState.java:run(109)) - 04e16058-0472-4deb-86f4-f1f2e4de4d0b: FollowerState was interrupted: java.lang.InterruptedException: sleep interrupted
2019-06-13 20:39:36,444 INFO  impl.RaftServerImpl (RaftServerImpl.java:setRole(164)) - 1baee1f3-808b-4789-a6cf-275e23684793:group-14C242F5D936 changes role from FOLLOWER to FOLLOWER at term 1 for recognizeCandidate:b58abce5-9cda-4da4-af93-061e1b4f4afb
2019-06-13 20:39:36,444 INFO  impl.RoleInfo (RoleInfo.java:shutdownFollowerState(121)) - 1baee1f3-808b-4789-a6cf-275e23684793: shutdown FollowerState
2019-06-13 20:39:36,445 INFO  impl.RoleInfo (RoleInfo.java:updateAndGet(143)) - 1baee1f3-808b-4789-a6cf-275e23684793: start FollowerState
2019-06-13 20:39:36,445 INFO  impl.FollowerState (FollowerState.java:run(109)) - 1baee1f3-808b-4789-a6cf-275e23684793: FollowerState was interrupted: java.lang.InterruptedException: sleep interrupted
2019-06-13 20:39:36,447 INFO  impl.LeaderElection (LeaderElection.java:logAndReturn(56)) - b58abce5-9cda-4da4-af93-061e1b4f4afb:group-14C242F5D936:LeaderElection30: Election PASSED; received 1 response(s) [b58abce5-9cda-4da4-af93-061e1b4f4afb->04e16058-0472-4deb-86f4-f1f2e4de4d0b,true-t1] and 0 exception(s); b58abce5-9cda-4da4-af93-061e1b4f4afb:t1, leader=null, voted=b58abce5-9cda-4da4-af93-061e1b4f4afb, raftlog=b58abce5-9cda-4da4-af93-061e1b4f4afb-SegmentedRaftLog:OPENED:c-1,f-1,i0, conf=-1: [1baee1f3-808b-4789-a6cf-275e23684793:192.168.105.134:41937, b58abce5-9cda-4da4-af93-061e1b4f4afb:192.168.105.134:45535, 04e16058-0472-4deb-86f4-f1f2e4de4d0b:192.168.105.134:33961], old=null
2019-06-13 20:39:36,447 INFO  impl.RoleInfo (RoleInfo.java:shutdownLeaderElection(134)) - b58abce5-9cda-4da4-af93-061e1b4f4afb: shutdown LeaderElection
2019-06-13 20:39:36,447 INFO  impl.RaftServerImpl (RaftServerImpl.java:setRole(164)) - b58abce5-9cda-4da4-af93-061e1b4f4afb:group-14C242F5D936 changes role from CANDIDATE to LEADER at term 1 for changeToLeader
2019-06-13 20:39:36,447 INFO  impl.RaftServerImpl (ServerState.java:setLeader(263)) - b58abce5-9cda-4da4-af93-061e1b4f4afb:group-14C242F5D936 change Leader from null to b58abce5-9cda-4da4-af93-061e1b4f4afb at term 1 for becomeLeader, leader elected after 1064ms
2019-06-13 20:39:36,447 INFO  server.RaftServerConfigKeys (ConfUtils.java:logGet(43)) - raft.server.staging.catchup.gap = 1000 (default)
2019-06-13 20:39:36,447 INFO  server.RaftServerConfigKeys (ConfUtils.java:logGet(43)) - raft.server.rpc.sleep.time = 25ms (default)
2019-06-13 20:39:36,447 INFO  server.RaftServerConfigKeys (ConfUtils.java:logGet(43)) - raft.server.watch.timeout = 10s (default)
2019-06-13 20:39:36,447 INFO  server.RaftServerConfigKeys (ConfUtils.java:logGet(43)) - raft.server.watch.timeout.denomination = 1s (default)
2019-06-13 20:39:36,448 INFO  server.RaftServerConfigKeys (ConfUtils.java:logGet(43)) - raft.server.log.appender.snapshot.chunk.size.max = 16MB (=16777216) (default)
2019-06-13 20:39:36,448 INFO  server.RaftServerConfigKeys (ConfUtils.java:logGet(43)) - raft.server.log.appender.buffer.byte-limit = 33554432 (custom)
2019-06-13 20:39:36,448 INFO  server.RaftServerConfigKeys (ConfUtils.java:logGet(43)) - raft.server.log.appender.buffer.element-limit = 1 (custom)
2019-06-13 20:39:36,448 INFO  grpc.GrpcConfigKeys$Server (ConfUtils.java:logGet(43)) - raft.grpc.server.leader.outstanding.appends.max = 128 (default)
2019-06-13 20:39:36,448 INFO  server.RaftServerConfigKeys (ConfUtils.java:logGet(43)) - raft.server.rpc.request.timeout = 3000ms (default)
2019-06-13 20:39:36,448 INFO  server.RaftServerConfigKeys (ConfUtils.java:logGet(43)) - raft.server.log.appender.install.snapshot.enabled = true (default)
2019-06-13 20:39:36,448 INFO  server.RaftServerConfigKeys (ConfUtils.java:logGet(43)) - raft.server.log.appender.snapshot.chunk.size.max = 16MB (=16777216) (default)
2019-06-13 20:39:36,448 INFO  server.RaftServerConfigKeys (ConfUtils.java:logGet(43)) - raft.server.log.appender.buffer.byte-limit = 33554432 (custom)
2019-06-13 20:39:36,448 INFO  server.RaftServerConfigKeys (ConfUtils.java:logGet(43)) - raft.server.log.appender.buffer.element-limit = 1 (custom)
2019-06-13 20:39:36,449 INFO  grpc.GrpcConfigKeys$Server (ConfUtils.java:logGet(43)) - raft.grpc.server.leader.outstanding.appends.max = 128 (default)
2019-06-13 20:39:36,449 INFO  server.RaftServerConfigKeys (ConfUtils.java:logGet(43)) - raft.server.rpc.request.timeout = 3000ms (default)
2019-06-13 20:39:36,449 INFO  server.RaftServerConfigKeys (ConfUtils.java:logGet(43)) - raft.server.log.appender.install.snapshot.enabled = true (default)
2019-06-13 20:39:36,449 INFO  impl.RoleInfo (RoleInfo.java:updateAndGet(143)) - b58abce5-9cda-4da4-af93-061e1b4f4afb: start LeaderState
2019-06-13 20:39:36,449 INFO  storage.RaftLogWorker (RaftLogWorker.java:startLogSegment(298)) - b58abce5-9cda-4da4-af93-061e1b4f4afb-RaftLogWorker: Starting segment from index:0
2019-06-13 20:39:36,458 INFO  impl.RaftServerImpl (ServerState.java:setRaftConf(361)) - b58abce5-9cda-4da4-af93-061e1b4f4afb:group-14C242F5D936 set configuration 0: [1baee1f3-808b-4789-a6cf-275e23684793:192.168.105.134:41937, b58abce5-9cda-4da4-af93-061e1b4f4afb:192.168.105.134:45535, 04e16058-0472-4deb-86f4-f1f2e4de4d0b:192.168.105.134:33961], old=null at 0
2019-06-13 20:39:36,471 INFO  impl.RaftServerImpl (ServerState.java:setLeader(263)) - 04e16058-0472-4deb-86f4-f1f2e4de4d0b:group-14C242F5D936 change Leader from null to b58abce5-9cda-4da4-af93-061e1b4f4afb at term 1 for appendEntries, leader elected after 1088ms
2019-06-13 20:39:36,471 INFO  impl.RaftServerImpl (ServerState.java:setLeader(263)) - 1baee1f3-808b-4789-a6cf-275e23684793:group-14C242F5D936 change Leader from null to b58abce5-9cda-4da4-af93-061e1b4f4afb at term 1 for appendEntries, leader elected after 1090ms
2019-06-13 20:39:36,493 INFO  storage.RaftLogWorker (RaftLogWorker.java:execute(469)) - b58abce5-9cda-4da4-af93-061e1b4f4afb-RaftLogWorker: created new log segment /opt/src/hadoop-ozone/integration-test/target/test-dir/MiniOzoneClusterImpl-f63f9b39-d37a-436c-a71d-d3be03329d37/datanode-0/data/ratis/33e89fa2-4667-4e40-a42b-14c242f5d936/current/log_inprogress_0
2019-06-13 20:39:36,493 INFO  impl.RaftServerImpl (ServerState.java:setRaftConf(361)) - 04e16058-0472-4deb-86f4-f1f2e4de4d0b:group-14C242F5D936 set configuration 0: [1baee1f3-808b-4789-a6cf-275e23684793:192.168.105.134:41937, b58abce5-9cda-4da4-af93-061e1b4f4afb:192.168.105.134:45535, 04e16058-0472-4deb-86f4-f1f2e4de4d0b:192.168.105.134:33961], old=null at 0
2019-06-13 20:39:36,493 INFO  impl.RaftServerImpl (ServerState.java:setRaftConf(361)) - 1baee1f3-808b-4789-a6cf-275e23684793:group-14C242F5D936 set configuration 0: [1baee1f3-808b-4789-a6cf-275e23684793:192.168.105.134:41937, b58abce5-9cda-4da4-af93-061e1b4f4afb:192.168.105.134:45535, 04e16058-0472-4deb-86f4-f1f2e4de4d0b:192.168.105.134:33961], old=null at 0
2019-06-13 20:39:36,493 INFO  storage.RaftLogWorker (RaftLogWorker.java:startLogSegment(298)) - 04e16058-0472-4deb-86f4-f1f2e4de4d0b-RaftLogWorker: Starting segment from index:0
2019-06-13 20:39:36,493 INFO  storage.RaftLogWorker (RaftLogWorker.java:startLogSegment(298)) - 1baee1f3-808b-4789-a6cf-275e23684793-RaftLogWorker: Starting segment from index:0
2019-06-13 20:39:36,532 INFO  storage.RaftLogWorker (RaftLogWorker.java:execute(469)) - 1baee1f3-808b-4789-a6cf-275e23684793-RaftLogWorker: created new log segment /opt/src/hadoop-ozone/integration-test/target/test-dir/MiniOzoneClusterImpl-f63f9b39-d37a-436c-a71d-d3be03329d37/datanode-1/data/ratis/33e89fa2-4667-4e40-a42b-14c242f5d936/current/log_inprogress_0
2019-06-13 20:39:36,533 INFO  storage.RaftLogWorker (RaftLogWorker.java:execute(469)) - 04e16058-0472-4deb-86f4-f1f2e4de4d0b-RaftLogWorker: created new log segment /opt/src/hadoop-ozone/integration-test/target/test-dir/MiniOzoneClusterImpl-f63f9b39-d37a-436c-a71d-d3be03329d37/datanode-2/data/ratis/33e89fa2-4667-4e40-a42b-14c242f5d936/current/log_inprogress_0
2019-06-13 20:39:36,720 INFO  impl.FollowerState (FollowerState.java:run(101)) - 1ea93810-5587-4924-9768-cb2bfe8ffd83:group-4BBE46748F6C changes to CANDIDATE, lastRpcTime:1182, electionTimeout:1182ms
2019-06-13 20:39:36,720 INFO  impl.RoleInfo (RoleInfo.java:shutdownFollowerState(121)) - 1ea93810-5587-4924-9768-cb2bfe8ffd83: shutdown FollowerState
2019-06-13 20:39:36,720 INFO  impl.RaftServerImpl (RaftServerImpl.java:setRole(164)) - 1ea93810-5587-4924-9768-cb2bfe8ffd83:group-4BBE46748F6C changes role from FOLLOWER to CANDIDATE at term 0 for changeToCandidate
2019-06-13 20:39:36,720 INFO  impl.RoleInfo (RoleInfo.java:updateAndGet(143)) - 1ea93810-5587-4924-9768-cb2bfe8ffd83: start LeaderElection
2019-06-13 20:39:36,726 INFO  impl.LeaderElection (LeaderElection.java:askForVotes(181)) - 1ea93810-5587-4924-9768-cb2bfe8ffd83:group-4BBE46748F6C:LeaderElection31: begin an election at term 1 for -1: [1ea93810-5587-4924-9768-cb2bfe8ffd83:192.168.105.134:37671], old=null
2019-06-13 20:39:36,726 INFO  impl.RoleInfo (RoleInfo.java:shutdownLeaderElection(134)) - 1ea93810-5587-4924-9768-cb2bfe8ffd83: shutdown LeaderElection
2019-06-13 20:39:36,726 INFO  impl.RaftServerImpl (RaftServerImpl.java:setRole(164)) - 1ea93810-5587-4924-9768-cb2bfe8ffd83:group-4BBE46748F6C changes role from CANDIDATE to LEADER at term 1 for changeToLeader
2019-06-13 20:39:36,726 INFO  impl.RaftServerImpl (ServerState.java:setLeader(263)) - 1ea93810-5587-4924-9768-cb2bfe8ffd83:group-4BBE46748F6C change Leader from null to 1ea93810-5587-4924-9768-cb2bfe8ffd83 at term 1 for becomeLeader, leader elected after 1191ms
2019-06-13 20:39:36,727 INFO  server.RaftServerConfigKeys (ConfUtils.java:logGet(43)) - raft.server.staging.catchup.gap = 1000 (default)
2019-06-13 20:39:36,727 INFO  server.RaftServerConfigKeys (ConfUtils.java:logGet(43)) - raft.server.rpc.sleep.time = 25ms (default)
2019-06-13 20:39:36,727 INFO  server.RaftServerConfigKeys (ConfUtils.java:logGet(43)) - raft.server.watch.timeout = 10s (default)
2019-06-13 20:39:36,727 INFO  server.RaftServerConfigKeys (ConfUtils.java:logGet(43)) - raft.server.watch.timeout.denomination = 1s (default)
2019-06-13 20:39:36,727 INFO  impl.RoleInfo (RoleInfo.java:updateAndGet(143)) - 1ea93810-5587-4924-9768-cb2bfe8ffd83: start LeaderState
2019-06-13 20:39:36,727 INFO  storage.RaftLogWorker (RaftLogWorker.java:startLogSegment(298)) - 1ea93810-5587-4924-9768-cb2bfe8ffd83-RaftLogWorker: Starting segment from index:0
2019-06-13 20:39:36,727 INFO  impl.RaftServerImpl (ServerState.java:setRaftConf(361)) - 1ea93810-5587-4924-9768-cb2bfe8ffd83:group-4BBE46748F6C set configuration 0: [1ea93810-5587-4924-9768-cb2bfe8ffd83:192.168.105.134:37671], old=null at 0
2019-06-13 20:39:36,763 INFO  storage.RaftLogWorker (RaftLogWorker.java:execute(469)) - 1ea93810-5587-4924-9768-cb2bfe8ffd83-RaftLogWorker: created new log segment /opt/src/hadoop-ozone/integration-test/target/test-dir/MiniOzoneClusterImpl-f63f9b39-d37a-436c-a71d-d3be03329d37/datanode-3/data/ratis/5a03ae70-7df2-4c37-af84-4bbe46748f6c/current/log_inprogress_0
2019-06-13 20:39:36,819 INFO  impl.FollowerState (FollowerState.java:run(101)) - 3b64936e-ecb8-4d21-aec8-a9c2df291bfe:group-DA6737345593 changes to CANDIDATE, lastRpcTime:1114, electionTimeout:1114ms
2019-06-13 20:39:36,819 INFO  impl.RoleInfo (RoleInfo.java:shutdownFollowerState(121)) - 3b64936e-ecb8-4d21-aec8-a9c2df291bfe: shutdown FollowerState
2019-06-13 20:39:36,819 INFO  impl.RaftServerImpl (RaftServerImpl.java:setRole(164)) - 3b64936e-ecb8-4d21-aec8-a9c2df291bfe:group-DA6737345593 changes role from FOLLOWER to CANDIDATE at term 0 for changeToCandidate
2019-06-13 20:39:36,819 INFO  impl.RoleInfo (RoleInfo.java:updateAndGet(143)) - 3b64936e-ecb8-4d21-aec8-a9c2df291bfe: start LeaderElection
2019-06-13 20:39:36,825 INFO  impl.LeaderElection (LeaderElection.java:askForVotes(181)) - 3b64936e-ecb8-4d21-aec8-a9c2df291bfe:group-DA6737345593:LeaderElection32: begin an election at term 1 for -1: [3b64936e-ecb8-4d21-aec8-a9c2df291bfe:192.168.105.134:43655], old=null
2019-06-13 20:39:36,825 INFO  impl.RoleInfo (RoleInfo.java:shutdownLeaderElection(134)) - 3b64936e-ecb8-4d21-aec8-a9c2df291bfe: shutdown LeaderElection
2019-06-13 20:39:36,825 INFO  impl.RaftServerImpl (RaftServerImpl.java:setRole(164)) - 3b64936e-ecb8-4d21-aec8-a9c2df291bfe:group-DA6737345593 changes role from CANDIDATE to LEADER at term 1 for changeToLeader
2019-06-13 20:39:36,825 INFO  impl.RaftServerImpl (ServerState.java:setLeader(263)) - 3b64936e-ecb8-4d21-aec8-a9c2df291bfe:group-DA6737345593 change Leader from null to 3b64936e-ecb8-4d21-aec8-a9c2df291bfe at term 1 for becomeLeader, leader elected after 1122ms
2019-06-13 20:39:36,825 INFO  server.RaftServerConfigKeys (ConfUtils.java:logGet(43)) - raft.server.staging.catchup.gap = 1000 (default)
2019-06-13 20:39:36,825 INFO  server.RaftServerConfigKeys (ConfUtils.java:logGet(43)) - raft.server.rpc.sleep.time = 25ms (default)
2019-06-13 20:39:36,825 INFO  server.RaftServerConfigKeys (ConfUtils.java:logGet(43)) - raft.server.watch.timeout = 10s (default)
2019-06-13 20:39:36,825 INFO  server.RaftServerConfigKeys (ConfUtils.java:logGet(43)) - raft.server.watch.timeout.denomination = 1s (default)
2019-06-13 20:39:36,826 INFO  impl.RoleInfo (RoleInfo.java:updateAndGet(143)) - 3b64936e-ecb8-4d21-aec8-a9c2df291bfe: start LeaderState
2019-06-13 20:39:36,826 INFO  storage.RaftLogWorker (RaftLogWorker.java:startLogSegment(298)) - 3b64936e-ecb8-4d21-aec8-a9c2df291bfe-RaftLogWorker: Starting segment from index:0
2019-06-13 20:39:36,826 INFO  impl.RaftServerImpl (ServerState.java:setRaftConf(361)) - 3b64936e-ecb8-4d21-aec8-a9c2df291bfe:group-DA6737345593 set configuration 0: [3b64936e-ecb8-4d21-aec8-a9c2df291bfe:192.168.105.134:43655], old=null at 0
2019-06-13 20:39:36,862 INFO  storage.RaftLogWorker (RaftLogWorker.java:execute(469)) - 3b64936e-ecb8-4d21-aec8-a9c2df291bfe-RaftLogWorker: created new log segment /opt/src/hadoop-ozone/integration-test/target/test-dir/MiniOzoneClusterImpl-f63f9b39-d37a-436c-a71d-d3be03329d37/datanode-4/data/ratis/c234c1db-6d5b-43a1-884a-da6737345593/current/log_inprogress_0
2019-06-13 20:39:36,862 INFO  ozone.MiniOzoneClusterImpl (MiniOzoneClusterImpl.java:lambda$waitForClusterToBeReady$0(142)) - Cluster is ready. Got 6 of 6 DN Heartbeats.
2019-06-13 20:39:36,879 INFO  rpc.RpcClient (RpcClient.java:createVolume(289)) - Creating Volume: datanodefailurehandlingtest, with root as owner.
2019-06-13 20:39:36,887 INFO  impl.FollowerState (FollowerState.java:run(101)) - df8f9c80-d395-4fb6-8a65-ad7a13e65732:group-9F9E0D208C67 changes to CANDIDATE, lastRpcTime:1007, electionTimeout:1006ms
2019-06-13 20:39:36,887 INFO  impl.RoleInfo (RoleInfo.java:shutdownFollowerState(121)) - df8f9c80-d395-4fb6-8a65-ad7a13e65732: shutdown FollowerState
2019-06-13 20:39:36,887 INFO  impl.RaftServerImpl (RaftServerImpl.java:setRole(164)) - df8f9c80-d395-4fb6-8a65-ad7a13e65732:group-9F9E0D208C67 changes role from FOLLOWER to CANDIDATE at term 0 for changeToCandidate
2019-06-13 20:39:36,887 INFO  impl.RoleInfo (RoleInfo.java:updateAndGet(143)) - df8f9c80-d395-4fb6-8a65-ad7a13e65732: start LeaderElection
2019-06-13 20:39:36,889 INFO  rpc.RpcClient (RpcClient.java:createBucket(426)) - Creating Bucket: datanodefailurehandlingtest/datanodefailurehandlingtest, with Versioning false and Storage Type set to DISK and Encryption set to false 
2019-06-13 20:39:36,892 INFO  impl.LeaderElection (LeaderElection.java:askForVotes(181)) - df8f9c80-d395-4fb6-8a65-ad7a13e65732:group-9F9E0D208C67:LeaderElection33: begin an election at term 1 for -1: [df8f9c80-d395-4fb6-8a65-ad7a13e65732:192.168.105.134:45459], old=null
2019-06-13 20:39:36,892 INFO  impl.RoleInfo (RoleInfo.java:shutdownLeaderElection(134)) - df8f9c80-d395-4fb6-8a65-ad7a13e65732: shutdown LeaderElection
2019-06-13 20:39:36,892 INFO  impl.RaftServerImpl (RaftServerImpl.java:setRole(164)) - df8f9c80-d395-4fb6-8a65-ad7a13e65732:group-9F9E0D208C67 changes role from CANDIDATE to LEADER at term 1 for changeToLeader
2019-06-13 20:39:36,892 INFO  impl.RaftServerImpl (ServerState.java:setLeader(263)) - df8f9c80-d395-4fb6-8a65-ad7a13e65732:group-9F9E0D208C67 change Leader from null to df8f9c80-d395-4fb6-8a65-ad7a13e65732 at term 1 for becomeLeader, leader elected after 1014ms
2019-06-13 20:39:36,892 INFO  server.RaftServerConfigKeys (ConfUtils.java:logGet(43)) - raft.server.staging.catchup.gap = 1000 (default)
2019-06-13 20:39:36,892 INFO  server.RaftServerConfigKeys (ConfUtils.java:logGet(43)) - raft.server.rpc.sleep.time = 25ms (default)
2019-06-13 20:39:36,893 INFO  server.RaftServerConfigKeys (ConfUtils.java:logGet(43)) - raft.server.watch.timeout = 10s (default)
2019-06-13 20:39:36,893 INFO  server.RaftServerConfigKeys (ConfUtils.java:logGet(43)) - raft.server.watch.timeout.denomination = 1s (default)
2019-06-13 20:39:36,893 INFO  impl.RoleInfo (RoleInfo.java:updateAndGet(143)) - df8f9c80-d395-4fb6-8a65-ad7a13e65732: start LeaderState
2019-06-13 20:39:36,893 INFO  storage.RaftLogWorker (RaftLogWorker.java:startLogSegment(298)) - df8f9c80-d395-4fb6-8a65-ad7a13e65732-RaftLogWorker: Starting segment from index:0
2019-06-13 20:39:36,893 INFO  impl.RaftServerImpl (ServerState.java:setRaftConf(361)) - df8f9c80-d395-4fb6-8a65-ad7a13e65732:group-9F9E0D208C67 set configuration 0: [df8f9c80-d395-4fb6-8a65-ad7a13e65732:192.168.105.134:45459], old=null at 0
2019-06-13 20:39:36,916 INFO  datanode.ObjectStoreHandler (ObjectStoreHandler.java:close(155)) - Closing ObjectStoreHandler.
2019-06-13 20:39:36,916 INFO  ozone.HddsDatanodeService (HddsDatanodeService.java:stop(452)) - Stopped plug-in org.apache.hadoop.ozone.web.OzoneHddsDatanodeService@dbda472
2019-06-13 20:39:36,917 INFO  statemachine.DatanodeStateMachine (DatanodeStateMachine.java:lambda$startDaemon$0(350)) - Ozone container server started.
2019-06-13 20:39:36,917 INFO  ozoneimpl.OzoneContainer (OzoneContainer.java:stop(199)) - Attempting to stop container services.
2019-06-13 20:39:36,917 INFO  impl.RaftServerProxy (RaftServerProxy.java:lambda$close$4(314)) - 04e16058-0472-4deb-86f4-f1f2e4de4d0b: close
2019-06-13 20:39:36,918 INFO  impl.RaftServerImpl (RaftServerImpl.java:lambda$shutdown$3(238)) - 04e16058-0472-4deb-86f4-f1f2e4de4d0b: shutdown group-0D1AFE5DEF30
2019-06-13 20:39:36,918 INFO  util.JmxRegister (JmxRegister.java:unregister(73)) - Successfully un-registered JMX Bean with object name Ratis:service=RaftServer,group=group-0D1AFE5DEF30,id=04e16058-0472-4deb-86f4-f1f2e4de4d0b
2019-06-13 20:39:36,918 INFO  impl.RoleInfo (RoleInfo.java:shutdownLeaderState(104)) - 04e16058-0472-4deb-86f4-f1f2e4de4d0b: shutdown LeaderState
2019-06-13 20:39:36,918 INFO  impl.PendingRequests (PendingRequests.java:sendNotLeaderResponses(140)) - 04e16058-0472-4deb-86f4-f1f2e4de4d0b-PendingRequests: sendNotLeaderResponses
2019-06-13 20:39:36,918 INFO  impl.StateMachineUpdater (StateMachineUpdater.java:stopAndJoin(109)) - StateMachineUpdater-04e16058-0472-4deb-86f4-f1f2e4de4d0b-group-0D1AFE5DEF30: set stopIndex = 0
2019-06-13 20:39:36,919 INFO  ratis.ContainerStateMachine (ContainerStateMachine.java:takeSnapshot(245)) - Taking snapshot at termIndex:(t:0, i:~)
2019-06-13 20:39:36,919 INFO  impl.RaftServerImpl (RaftServerImpl.java:lambda$shutdown$3(238)) - 04e16058-0472-4deb-86f4-f1f2e4de4d0b: shutdown group-14C242F5D936
2019-06-13 20:39:36,919 INFO  impl.RaftServerImpl (ServerState.java:close(394)) - 04e16058-0472-4deb-86f4-f1f2e4de4d0b:group-0D1AFE5DEF30 closes. The last applied log index is 0
2019-06-13 20:39:36,919 INFO  util.JmxRegister (JmxRegister.java:unregister(73)) - Successfully un-registered JMX Bean with object name Ratis:service=RaftServer,group=group-14C242F5D936,id=04e16058-0472-4deb-86f4-f1f2e4de4d0b
2019-06-13 20:39:36,919 INFO  storage.RaftLogWorker (RaftLogWorker.java:run(236)) - 04e16058-0472-4deb-86f4-f1f2e4de4d0b-RaftLogWorker was interrupted, exiting. There are 0 tasks remaining in the queue.
2019-06-13 20:39:36,920 INFO  impl.RoleInfo (RoleInfo.java:shutdownFollowerState(121)) - 04e16058-0472-4deb-86f4-f1f2e4de4d0b: shutdown FollowerState
2019-06-13 20:39:36,920 INFO  impl.StateMachineUpdater (StateMachineUpdater.java:stopAndJoin(109)) - StateMachineUpdater-04e16058-0472-4deb-86f4-f1f2e4de4d0b-group-14C242F5D936: set stopIndex = -1
2019-06-13 20:39:36,920 INFO  impl.FollowerState (FollowerState.java:run(109)) - 04e16058-0472-4deb-86f4-f1f2e4de4d0b: FollowerState was interrupted: java.lang.InterruptedException: sleep interrupted
2019-06-13 20:39:36,920 INFO  ratis.ContainerStateMachine (ContainerStateMachine.java:takeSnapshot(245)) - Taking snapshot at termIndex:(t:0, i:~)
2019-06-13 20:39:36,934 INFO  impl.RaftServerImpl (ServerState.java:close(394)) - 04e16058-0472-4deb-86f4-f1f2e4de4d0b:group-14C242F5D936 closes. The last applied log index is -1
2019-06-13 20:39:36,934 INFO  storage.RaftLogWorker (RaftLogWorker.java:close(168)) - 04e16058-0472-4deb-86f4-f1f2e4de4d0b-RaftLogWorker close()
2019-06-13 20:39:36,934 INFO  storage.RaftLogWorker (RaftLogWorker.java:run(236)) - 04e16058-0472-4deb-86f4-f1f2e4de4d0b-RaftLogWorker was interrupted, exiting. There are 0 tasks remaining in the queue.
2019-06-13 20:39:36,937 INFO  storage.RaftLogWorker (RaftLogWorker.java:execute(469)) - df8f9c80-d395-4fb6-8a65-ad7a13e65732-RaftLogWorker: created new log segment /opt/src/hadoop-ozone/integration-test/target/test-dir/MiniOzoneClusterImpl-f63f9b39-d37a-436c-a71d-d3be03329d37/datanode-5/data/ratis/49558acb-15c9-458c-abe6-9f9e0d208c67/current/log_inprogress_0
2019-06-13 20:39:36,937 INFO  storage.RaftLogWorker (RaftLogWorker.java:close(168)) - 04e16058-0472-4deb-86f4-f1f2e4de4d0b-RaftLogWorker close()
2019-06-13 20:39:36,939 INFO  server.GrpcService (GrpcService.java:closeImpl(154)) - 04e16058-0472-4deb-86f4-f1f2e4de4d0b: shutdown server with port 33961 now
2019-06-13 20:39:36,940 WARN  server.GrpcServerProtocolService (LogUtils.java:warn(134)) - 04e16058-0472-4deb-86f4-f1f2e4de4d0b: appendEntries onError: org.apache.ratis.thirdparty.io.grpc.StatusRuntimeException: CANCELLED: cancelled before receiving half close
2019-06-13 20:39:36,940 INFO  server.GrpcService (GrpcService.java:closeImpl(162)) - 04e16058-0472-4deb-86f4-f1f2e4de4d0b: shutdown server with port 33961 successfully
2019-06-13 20:39:36,940 WARN  server.GrpcLogAppender (LogUtils.java:warn(134)) - b58abce5-9cda-4da4-af93-061e1b4f4afb: Failed appendEntries to 04e16058-0472-4deb-86f4-f1f2e4de4d0b:192.168.105.134:33961: org.apache.ratis.thirdparty.io.grpc.StatusRuntimeException: CANCELLED: HTTP/2 error code: CANCEL
Received Rst Stream
2019-06-13 20:39:36,942 INFO  impl.FollowerInfo (FollowerInfo.java:lambda$new$0(50)) - b58abce5-9cda-4da4-af93-061e1b4f4afb->04e16058-0472-4deb-86f4-f1f2e4de4d0b: nextIndex: updateUnconditionally 1 -> 0
2019-06-13 20:39:36,943 WARN  fs.CachingGetSpaceUsed (CachingGetSpaceUsed.java:run(183)) - Thread Interrupted waiting to refresh disk information: sleep interrupted
2019-06-13 20:39:36,957 INFO  statemachine.DatanodeStateMachine (DatanodeStateMachine.java:stopDaemon(395)) - Ozone container server stopped.
2019-06-13 20:39:36,958 INFO  handler.ContextHandler (ContextHandler.java:doStop(910)) - Stopped o.e.j.w.WebAppContext@4b5aa48b{/,null,UNAVAILABLE}{/hddsDatanode}
2019-06-13 20:39:36,959 INFO  server.AbstractConnector (AbstractConnector.java:doStop(318)) - Stopped ServerConnector@51c008fd{HTTP/1.1,[http/1.1]}{0.0.0.0:0}
2019-06-13 20:39:36,959 INFO  handler.ContextHandler (ContextHandler.java:doStop(910)) - Stopped o.e.j.s.ServletContextHandler@36ecf9f6{/static,jar:file:/root/.m2/repository/org/apache/hadoop/hadoop-hdds-container-service/0.5.0-SNAPSHOT/hadoop-hdds-container-service-0.5.0-SNAPSHOT.jar!/webapps/static,UNAVAILABLE}
2019-06-13 20:39:36,959 INFO  handler.ContextHandler (ContextHandler.java:doStop(910)) - Stopped o.e.j.s.ServletContextHandler@3c65f00e{/logs,file:///opt/src/hadoop-ozone/integration-test/target/log,UNAVAILABLE}
2019-06-13 20:39:36,960 INFO  datanode.ObjectStoreHandler (ObjectStoreHandler.java:close(155)) - Closing ObjectStoreHandler.
2019-06-13 20:39:36,960 INFO  ozone.HddsDatanodeService (HddsDatanodeService.java:stop(452)) - Stopped plug-in org.apache.hadoop.ozone.web.OzoneHddsDatanodeService@68360fb9
2019-06-13 20:39:36,960 INFO  statemachine.DatanodeStateMachine (DatanodeStateMachine.java:lambda$startDaemon$0(350)) - Ozone container server started.
2019-06-13 20:39:36,961 INFO  ozoneimpl.OzoneContainer (OzoneContainer.java:stop(199)) - Attempting to stop container services.
2019-06-13 20:39:36,961 INFO  impl.RaftServerProxy (RaftServerProxy.java:lambda$close$4(314)) - 1baee1f3-808b-4789-a6cf-275e23684793: close
2019-06-13 20:39:36,961 INFO  impl.RaftServerImpl (RaftServerImpl.java:lambda$shutdown$3(238)) - 1baee1f3-808b-4789-a6cf-275e23684793: shutdown group-14C242F5D936
2019-06-13 20:39:36,961 INFO  impl.RaftServerImpl (RaftServerImpl.java:lambda$shutdown$3(238)) - 1baee1f3-808b-4789-a6cf-275e23684793: shutdown group-777145B14318
2019-06-13 20:39:36,961 INFO  util.JmxRegister (JmxRegister.java:unregister(73)) - Successfully un-registered JMX Bean with object name Ratis:service=RaftServer,group=group-14C242F5D936,id=1baee1f3-808b-4789-a6cf-275e23684793
2019-06-13 20:39:36,961 INFO  util.JmxRegister (JmxRegister.java:unregister(73)) - Successfully un-registered JMX Bean with object name Ratis:service=RaftServer,group=group-777145B14318,id=1baee1f3-808b-4789-a6cf-275e23684793
2019-06-13 20:39:36,962 INFO  impl.RoleInfo (RoleInfo.java:shutdownLeaderState(104)) - 1baee1f3-808b-4789-a6cf-275e23684793: shutdown LeaderState
2019-06-13 20:39:36,961 INFO  impl.RoleInfo (RoleInfo.java:shutdownFollowerState(121)) - 1baee1f3-808b-4789-a6cf-275e23684793: shutdown FollowerState
2019-06-13 20:39:36,962 INFO  impl.PendingRequests (PendingRequests.java:sendNotLeaderResponses(140)) - 1baee1f3-808b-4789-a6cf-275e23684793-PendingRequests: sendNotLeaderResponses
2019-06-13 20:39:36,962 INFO  impl.FollowerState (FollowerState.java:run(109)) - 1baee1f3-808b-4789-a6cf-275e23684793: FollowerState was interrupted: java.lang.InterruptedException: sleep interrupted
2019-06-13 20:39:36,962 INFO  impl.StateMachineUpdater (StateMachineUpdater.java:stopAndJoin(109)) - StateMachineUpdater-1baee1f3-808b-4789-a6cf-275e23684793-group-777145B14318: set stopIndex = 0
2019-06-13 20:39:36,962 INFO  impl.StateMachineUpdater (StateMachineUpdater.java:stopAndJoin(109)) - StateMachineUpdater-1baee1f3-808b-4789-a6cf-275e23684793-group-14C242F5D936: set stopIndex = -1
2019-06-13 20:39:36,962 INFO  ratis.ContainerStateMachine (ContainerStateMachine.java:takeSnapshot(245)) - Taking snapshot at termIndex:(t:0, i:~)
2019-06-13 20:39:36,962 INFO  ratis.ContainerStateMachine (ContainerStateMachine.java:takeSnapshot(245)) - Taking snapshot at termIndex:(t:0, i:~)
2019-06-13 20:39:36,962 INFO  impl.RaftServerImpl (ServerState.java:close(394)) - 1baee1f3-808b-4789-a6cf-275e23684793:group-777145B14318 closes. The last applied log index is 0
2019-06-13 20:39:36,963 INFO  impl.RaftServerImpl (ServerState.java:close(394)) - 1baee1f3-808b-4789-a6cf-275e23684793:group-14C242F5D936 closes. The last applied log index is -1
2019-06-13 20:39:36,963 INFO  storage.RaftLogWorker (RaftLogWorker.java:run(236)) - 1baee1f3-808b-4789-a6cf-275e23684793-RaftLogWorker was interrupted, exiting. There are 0 tasks remaining in the queue.
2019-06-13 20:39:36,963 INFO  storage.RaftLogWorker (RaftLogWorker.java:run(236)) - 1baee1f3-808b-4789-a6cf-275e23684793-RaftLogWorker was interrupted, exiting. There are 0 tasks remaining in the queue.
2019-06-13 20:39:36,964 INFO  storage.RaftLogWorker (RaftLogWorker.java:close(168)) - 1baee1f3-808b-4789-a6cf-275e23684793-RaftLogWorker close()
2019-06-13 20:39:36,964 INFO  storage.RaftLogWorker (RaftLogWorker.java:close(168)) - 1baee1f3-808b-4789-a6cf-275e23684793-RaftLogWorker close()
2019-06-13 20:39:36,967 INFO  server.GrpcService (GrpcService.java:closeImpl(154)) - 1baee1f3-808b-4789-a6cf-275e23684793: shutdown server with port 41937 now
2019-06-13 20:39:36,968 WARN  server.GrpcServerProtocolService (LogUtils.java:warn(134)) - 1baee1f3-808b-4789-a6cf-275e23684793: appendEntries onError: org.apache.ratis.thirdparty.io.grpc.StatusRuntimeException: CANCELLED: cancelled before receiving half close
2019-06-13 20:39:36,969 INFO  server.GrpcService (GrpcService.java:closeImpl(162)) - 1baee1f3-808b-4789-a6cf-275e23684793: shutdown server with port 41937 successfully
2019-06-13 20:39:36,969 WARN  server.GrpcLogAppender (LogUtils.java:warn(134)) - b58abce5-9cda-4da4-af93-061e1b4f4afb: Failed appendEntries to 1baee1f3-808b-4789-a6cf-275e23684793:192.168.105.134:41937: org.apache.ratis.thirdparty.io.grpc.StatusRuntimeException: CANCELLED: HTTP/2 error code: CANCEL
Received Rst Stream
2019-06-13 20:39:36,970 INFO  impl.FollowerInfo (FollowerInfo.java:lambda$new$0(50)) - b58abce5-9cda-4da4-af93-061e1b4f4afb->1baee1f3-808b-4789-a6cf-275e23684793: nextIndex: updateUnconditionally 1 -> 0
2019-06-13 20:39:36,973 WARN  fs.CachingGetSpaceUsed (CachingGetSpaceUsed.java:run(183)) - Thread Interrupted waiting to refresh disk information: sleep interrupted
2019-06-13 20:39:36,977 INFO  impl.FollowerState (FollowerState.java:run(101)) - df8f9c80-d395-4fb6-8a65-ad7a13e65732:group-EAD887EF8AFF changes to CANDIDATE, lastRpcTime:1069, electionTimeout:1067ms
2019-06-13 20:39:36,977 INFO  impl.RoleInfo (RoleInfo.java:shutdownFollowerState(121)) - df8f9c80-d395-4fb6-8a65-ad7a13e65732: shutdown FollowerState
2019-06-13 20:39:36,977 INFO  impl.RaftServerImpl (RaftServerImpl.java:setRole(164)) - df8f9c80-d395-4fb6-8a65-ad7a13e65732:group-EAD887EF8AFF changes role from FOLLOWER to CANDIDATE at term 0 for changeToCandidate
2019-06-13 20:39:36,977 INFO  impl.RoleInfo (RoleInfo.java:updateAndGet(143)) - df8f9c80-d395-4fb6-8a65-ad7a13e65732: start LeaderElection
2019-06-13 20:39:36,986 INFO  statemachine.DatanodeStateMachine (DatanodeStateMachine.java:stopDaemon(395)) - Ozone container server stopped.
2019-06-13 20:39:36,987 INFO  handler.ContextHandler (ContextHandler.java:doStop(910)) - Stopped o.e.j.w.WebAppContext@67784537{/,null,UNAVAILABLE}{/hddsDatanode}
2019-06-13 20:39:36,987 INFO  server.AbstractConnector (AbstractConnector.java:doStop(318)) - Stopped ServerConnector@17ec5e2a{HTTP/1.1,[http/1.1]}{0.0.0.0:0}
2019-06-13 20:39:36,987 INFO  handler.ContextHandler (ContextHandler.java:doStop(910)) - Stopped o.e.j.s.ServletContextHandler@14993306{/static,jar:file:/root/.m2/repository/org/apache/hadoop/hadoop-hdds-container-service/0.5.0-SNAPSHOT/hadoop-hdds-container-service-0.5.0-SNAPSHOT.jar!/webapps/static,UNAVAILABLE}
2019-06-13 20:39:36,988 INFO  handler.ContextHandler (ContextHandler.java:doStop(910)) - Stopped o.e.j.s.ServletContextHandler@13d10057{/logs,file:///opt/src/hadoop-ozone/integration-test/target/log,UNAVAILABLE}
2019-06-13 20:39:36,989 INFO  impl.LeaderElection (LeaderElection.java:askForVotes(181)) - df8f9c80-d395-4fb6-8a65-ad7a13e65732:group-EAD887EF8AFF:LeaderElection34: begin an election at term 1 for -1: [df8f9c80-d395-4fb6-8a65-ad7a13e65732:192.168.105.134:45459, 1ea93810-5587-4924-9768-cb2bfe8ffd83:192.168.105.134:37671, 3b64936e-ecb8-4d21-aec8-a9c2df291bfe:192.168.105.134:43655], old=null
2019-06-13 20:39:37,006 INFO  impl.RaftServerImpl (RaftServerImpl.java:setRole(164)) - 3b64936e-ecb8-4d21-aec8-a9c2df291bfe:group-EAD887EF8AFF changes role from FOLLOWER to FOLLOWER at term 1 for recognizeCandidate:df8f9c80-d395-4fb6-8a65-ad7a13e65732
2019-06-13 20:39:37,006 INFO  impl.RoleInfo (RoleInfo.java:shutdownFollowerState(121)) - 3b64936e-ecb8-4d21-aec8-a9c2df291bfe: shutdown FollowerState
2019-06-13 20:39:37,006 INFO  impl.RoleInfo (RoleInfo.java:updateAndGet(143)) - 3b64936e-ecb8-4d21-aec8-a9c2df291bfe: start FollowerState
2019-06-13 20:39:37,006 INFO  impl.FollowerState (FollowerState.java:run(109)) - 3b64936e-ecb8-4d21-aec8-a9c2df291bfe: FollowerState was interrupted: java.lang.InterruptedException: sleep interrupted
2019-06-13 20:39:37,008 INFO  impl.RaftServerImpl (RaftServerImpl.java:setRole(164)) - 1ea93810-5587-4924-9768-cb2bfe8ffd83:group-EAD887EF8AFF changes role from FOLLOWER to FOLLOWER at term 1 for recognizeCandidate:df8f9c80-d395-4fb6-8a65-ad7a13e65732
2019-06-13 20:39:37,008 INFO  impl.RoleInfo (RoleInfo.java:shutdownFollowerState(121)) - 1ea93810-5587-4924-9768-cb2bfe8ffd83: shutdown FollowerState
2019-06-13 20:39:37,008 INFO  impl.RoleInfo (RoleInfo.java:updateAndGet(143)) - 1ea93810-5587-4924-9768-cb2bfe8ffd83: start FollowerState
2019-06-13 20:39:37,008 INFO  impl.FollowerState (FollowerState.java:run(109)) - 1ea93810-5587-4924-9768-cb2bfe8ffd83: FollowerState was interrupted: java.lang.InterruptedException: sleep interrupted
2019-06-13 20:39:37,013 INFO  impl.LeaderElection (LeaderElection.java:logAndReturn(56)) - df8f9c80-d395-4fb6-8a65-ad7a13e65732:group-EAD887EF8AFF:LeaderElection34: Election PASSED; received 1 response(s) [df8f9c80-d395-4fb6-8a65-ad7a13e65732->3b64936e-ecb8-4d21-aec8-a9c2df291bfe,true-t1] and 0 exception(s); df8f9c80-d395-4fb6-8a65-ad7a13e65732:t1, leader=null, voted=df8f9c80-d395-4fb6-8a65-ad7a13e65732, raftlog=df8f9c80-d395-4fb6-8a65-ad7a13e65732-SegmentedRaftLog:OPENED:c-1,f-1,i0, conf=-1: [df8f9c80-d395-4fb6-8a65-ad7a13e65732:192.168.105.134:45459, 1ea93810-5587-4924-9768-cb2bfe8ffd83:192.168.105.134:37671, 3b64936e-ecb8-4d21-aec8-a9c2df291bfe:192.168.105.134:43655], old=null
2019-06-13 20:39:37,014 INFO  impl.RoleInfo (RoleInfo.java:shutdownLeaderElection(134)) - df8f9c80-d395-4fb6-8a65-ad7a13e65732: shutdown LeaderElection
2019-06-13 20:39:37,014 INFO  impl.RaftServerImpl (RaftServerImpl.java:setRole(164)) - df8f9c80-d395-4fb6-8a65-ad7a13e65732:group-EAD887EF8AFF changes role from CANDIDATE to LEADER at term 1 for changeToLeader
2019-06-13 20:39:37,014 INFO  impl.RaftServerImpl (ServerState.java:setLeader(263)) - df8f9c80-d395-4fb6-8a65-ad7a13e65732:group-EAD887EF8AFF change Leader from null to df8f9c80-d395-4fb6-8a65-ad7a13e65732 at term 1 for becomeLeader, leader elected after 1112ms
2019-06-13 20:39:37,014 INFO  server.RaftServerConfigKeys (ConfUtils.java:logGet(43)) - raft.server.staging.catchup.gap = 1000 (default)
2019-06-13 20:39:37,014 INFO  server.RaftServerConfigKeys (ConfUtils.java:logGet(43)) - raft.server.rpc.sleep.time = 25ms (default)
2019-06-13 20:39:37,014 INFO  server.RaftServerConfigKeys (ConfUtils.java:logGet(43)) - raft.server.watch.timeout = 10s (default)
2019-06-13 20:39:37,014 INFO  server.RaftServerConfigKeys (ConfUtils.java:logGet(43)) - raft.server.watch.timeout.denomination = 1s (default)
2019-06-13 20:39:37,014 INFO  server.RaftServerConfigKeys (ConfUtils.java:logGet(43)) - raft.server.log.appender.snapshot.chunk.size.max = 16MB (=16777216) (default)
2019-06-13 20:39:37,014 INFO  server.RaftServerConfigKeys (ConfUtils.java:logGet(43)) - raft.server.log.appender.buffer.byte-limit = 33554432 (custom)
2019-06-13 20:39:37,014 INFO  server.RaftServerConfigKeys (ConfUtils.java:logGet(43)) - raft.server.log.appender.buffer.element-limit = 1 (custom)
2019-06-13 20:39:37,015 INFO  grpc.GrpcConfigKeys$Server (ConfUtils.java:logGet(43)) - raft.grpc.server.leader.outstanding.appends.max = 128 (default)
2019-06-13 20:39:37,015 INFO  server.RaftServerConfigKeys (ConfUtils.java:logGet(43)) - raft.server.rpc.request.timeout = 3000ms (default)
2019-06-13 20:39:37,015 INFO  server.RaftServerConfigKeys (ConfUtils.java:logGet(43)) - raft.server.log.appender.install.snapshot.enabled = true (default)
2019-06-13 20:39:37,015 INFO  server.RaftServerConfigKeys (ConfUtils.java:logGet(43)) - raft.server.log.appender.snapshot.chunk.size.max = 16MB (=16777216) (default)
2019-06-13 20:39:37,015 INFO  server.RaftServerConfigKeys (ConfUtils.java:logGet(43)) - raft.server.log.appender.buffer.byte-limit = 33554432 (custom)
2019-06-13 20:39:37,015 INFO  server.RaftServerConfigKeys (ConfUtils.java:logGet(43)) - raft.server.log.appender.buffer.element-limit = 1 (custom)
2019-06-13 20:39:37,015 INFO  grpc.GrpcConfigKeys$Server (ConfUtils.java:logGet(43)) - raft.grpc.server.leader.outstanding.appends.max = 128 (default)
2019-06-13 20:39:37,015 INFO  server.RaftServerConfigKeys (ConfUtils.java:logGet(43)) - raft.server.rpc.request.timeout = 3000ms (default)
2019-06-13 20:39:37,015 INFO  server.RaftServerConfigKeys (ConfUtils.java:logGet(43)) - raft.server.log.appender.install.snapshot.enabled = true (default)
2019-06-13 20:39:37,015 INFO  impl.RoleInfo (RoleInfo.java:updateAndGet(143)) - df8f9c80-d395-4fb6-8a65-ad7a13e65732: start LeaderState
2019-06-13 20:39:37,016 INFO  storage.RaftLogWorker (RaftLogWorker.java:startLogSegment(298)) - df8f9c80-d395-4fb6-8a65-ad7a13e65732-RaftLogWorker: Starting segment from index:0
2019-06-13 20:39:37,018 INFO  impl.RaftServerImpl (ServerState.java:setRaftConf(361)) - df8f9c80-d395-4fb6-8a65-ad7a13e65732:group-EAD887EF8AFF set configuration 0: [df8f9c80-d395-4fb6-8a65-ad7a13e65732:192.168.105.134:45459, 1ea93810-5587-4924-9768-cb2bfe8ffd83:192.168.105.134:37671, 3b64936e-ecb8-4d21-aec8-a9c2df291bfe:192.168.105.134:43655], old=null at 0
2019-06-13 20:39:37,036 INFO  impl.RaftServerImpl (ServerState.java:setLeader(263)) - 1ea93810-5587-4924-9768-cb2bfe8ffd83:group-EAD887EF8AFF change Leader from null to df8f9c80-d395-4fb6-8a65-ad7a13e65732 at term 1 for appendEntries, leader elected after 1136ms
2019-06-13 20:39:37,040 WARN  server.GrpcLogAppender (LogUtils.java:warn(134)) - b58abce5-9cda-4da4-af93-061e1b4f4afb: Failed appendEntries to 1baee1f3-808b-4789-a6cf-275e23684793:192.168.105.134:41937: org.apache.ratis.thirdparty.io.grpc.StatusRuntimeException: UNAVAILABLE: io exception
2019-06-13 20:39:37,040 WARN  server.GrpcLogAppender (LogUtils.java:warn(134)) - b58abce5-9cda-4da4-af93-061e1b4f4afb: Failed appendEntries to 04e16058-0472-4deb-86f4-f1f2e4de4d0b:192.168.105.134:33961: org.apache.ratis.thirdparty.io.grpc.StatusRuntimeException: UNAVAILABLE: io exception
2019-06-13 20:39:37,039 INFO  impl.RaftServerImpl (ServerState.java:setLeader(263)) - 3b64936e-ecb8-4d21-aec8-a9c2df291bfe:group-EAD887EF8AFF change Leader from null to df8f9c80-d395-4fb6-8a65-ad7a13e65732 at term 1 for appendEntries, leader elected after 1137ms
2019-06-13 20:39:37,060 INFO  impl.FollowerInfo (FollowerInfo.java:lambda$new$0(50)) - b58abce5-9cda-4da4-af93-061e1b4f4afb->04e16058-0472-4deb-86f4-f1f2e4de4d0b: nextIndex: updateUnconditionally 0 -> 0
2019-06-13 20:39:37,060 INFO  impl.FollowerInfo (FollowerInfo.java:lambda$new$0(50)) - b58abce5-9cda-4da4-af93-061e1b4f4afb->1baee1f3-808b-4789-a6cf-275e23684793: nextIndex: updateUnconditionally 0 -> 0
2019-06-13 20:39:37,060 INFO  storage.RaftLogWorker (RaftLogWorker.java:execute(469)) - df8f9c80-d395-4fb6-8a65-ad7a13e65732-RaftLogWorker: created new log segment /opt/src/hadoop-ozone/integration-test/target/test-dir/MiniOzoneClusterImpl-f63f9b39-d37a-436c-a71d-d3be03329d37/datanode-5/data/ratis/9a911606-261e-465a-a07a-ead887ef8aff/current/log_inprogress_0
2019-06-13 20:39:37,062 INFO  impl.RaftServerImpl (ServerState.java:setRaftConf(361)) - 1ea93810-5587-4924-9768-cb2bfe8ffd83:group-EAD887EF8AFF set configuration 0: [df8f9c80-d395-4fb6-8a65-ad7a13e65732:192.168.105.134:45459, 1ea93810-5587-4924-9768-cb2bfe8ffd83:192.168.105.134:37671, 3b64936e-ecb8-4d21-aec8-a9c2df291bfe:192.168.105.134:43655], old=null at 0
2019-06-13 20:39:37,062 INFO  storage.RaftLogWorker (RaftLogWorker.java:startLogSegment(298)) - 1ea93810-5587-4924-9768-cb2bfe8ffd83-RaftLogWorker: Starting segment from index:0
2019-06-13 20:39:37,063 INFO  impl.RaftServerImpl (ServerState.java:setRaftConf(361)) - 3b64936e-ecb8-4d21-aec8-a9c2df291bfe:group-EAD887EF8AFF set configuration 0: [df8f9c80-d395-4fb6-8a65-ad7a13e65732:192.168.105.134:45459, 1ea93810-5587-4924-9768-cb2bfe8ffd83:192.168.105.134:37671, 3b64936e-ecb8-4d21-aec8-a9c2df291bfe:192.168.105.134:43655], old=null at 0
2019-06-13 20:39:37,063 INFO  storage.RaftLogWorker (RaftLogWorker.java:startLogSegment(298)) - 3b64936e-ecb8-4d21-aec8-a9c2df291bfe-RaftLogWorker: Starting segment from index:0
2019-06-13 20:39:37,101 INFO  storage.RaftLogWorker (RaftLogWorker.java:execute(469)) - 3b64936e-ecb8-4d21-aec8-a9c2df291bfe-RaftLogWorker: created new log segment /opt/src/hadoop-ozone/integration-test/target/test-dir/MiniOzoneClusterImpl-f63f9b39-d37a-436c-a71d-d3be03329d37/datanode-4/data/ratis/9a911606-261e-465a-a07a-ead887ef8aff/current/log_inprogress_0
2019-06-13 20:39:37,108 INFO  storage.RaftLogWorker (RaftLogWorker.java:execute(469)) - 1ea93810-5587-4924-9768-cb2bfe8ffd83-RaftLogWorker: created new log segment /opt/src/hadoop-ozone/integration-test/target/test-dir/MiniOzoneClusterImpl-f63f9b39-d37a-436c-a71d-d3be03329d37/datanode-3/data/ratis/9a911606-261e-465a-a07a-ead887ef8aff/current/log_inprogress_0
2019-06-13 20:39:37,541 WARN  server.GrpcLogAppender (LogUtils.java:warn(134)) - b58abce5-9cda-4da4-af93-061e1b4f4afb: Failed appendEntries to 1baee1f3-808b-4789-a6cf-275e23684793:192.168.105.134:41937: org.apache.ratis.thirdparty.io.grpc.StatusRuntimeException: UNAVAILABLE: io exception
2019-06-13 20:39:37,543 WARN  server.GrpcLogAppender (LogUtils.java:warn(134)) - b58abce5-9cda-4da4-af93-061e1b4f4afb: Failed appendEntries to 04e16058-0472-4deb-86f4-f1f2e4de4d0b:192.168.105.134:33961: org.apache.ratis.thirdparty.io.grpc.StatusRuntimeException: UNAVAILABLE: io exception
2019-06-13 20:39:37,543 INFO  impl.FollowerInfo (FollowerInfo.java:lambda$new$0(50)) - b58abce5-9cda-4da4-af93-061e1b4f4afb->1baee1f3-808b-4789-a6cf-275e23684793: nextIndex: updateUnconditionally 0 -> 0
2019-06-13 20:39:37,544 INFO  impl.FollowerInfo (FollowerInfo.java:lambda$new$0(50)) - b58abce5-9cda-4da4-af93-061e1b4f4afb->04e16058-0472-4deb-86f4-f1f2e4de4d0b: nextIndex: updateUnconditionally 0 -> 0
2019-06-13 20:39:38,041 WARN  server.GrpcLogAppender (LogUtils.java:warn(134)) - b58abce5-9cda-4da4-af93-061e1b4f4afb: Failed appendEntries to 04e16058-0472-4deb-86f4-f1f2e4de4d0b:192.168.105.134:33961: org.apache.ratis.thirdparty.io.grpc.StatusRuntimeException: UNAVAILABLE: io exception
2019-06-13 20:39:38,044 WARN  server.GrpcLogAppender (LogUtils.java:warn(134)) - b58abce5-9cda-4da4-af93-061e1b4f4afb: Failed appendEntries to 1baee1f3-808b-4789-a6cf-275e23684793:192.168.105.134:41937: org.apache.ratis.thirdparty.io.grpc.StatusRuntimeException: UNAVAILABLE: io exception
2019-06-13 20:39:38,044 INFO  impl.FollowerInfo (FollowerInfo.java:lambda$new$0(50)) - b58abce5-9cda-4da4-af93-061e1b4f4afb->04e16058-0472-4deb-86f4-f1f2e4de4d0b: nextIndex: updateUnconditionally 0 -> 0
2019-06-13 20:39:38,045 INFO  impl.FollowerInfo (FollowerInfo.java:lambda$new$0(50)) - b58abce5-9cda-4da4-af93-061e1b4f4afb->1baee1f3-808b-4789-a6cf-275e23684793: nextIndex: updateUnconditionally 0 -> 0
2019-06-13 20:39:38,193 INFO  node.StaleNodeHandler (StaleNodeHandler.java:onMessage(58)) - Datanode 1baee1f3-808b-4789-a6cf-275e23684793{ip: 192.168.105.134, host: ozone-xt75l-2456167409, networkLocation: /default-rack, certSerialId: null} moved to stale state. Finalizing its pipelines [PipelineID=33e89fa2-4667-4e40-a42b-14c242f5d936, PipelineID=6868ae2e-23af-4de2-aae8-777145b14318]
2019-06-13 20:39:38,193 INFO  pipeline.SCMPipelineManager (SCMPipelineManager.java:finalizeAndDestroyPipeline(307)) - destroying pipeline:Pipeline[ Id: 33e89fa2-4667-4e40-a42b-14c242f5d936, Nodes: 04e16058-0472-4deb-86f4-f1f2e4de4d0b{ip: 192.168.105.134, host: ozone-xt75l-2456167409, networkLocation: /default-rack, certSerialId: null}1baee1f3-808b-4789-a6cf-275e23684793{ip: 192.168.105.134, host: ozone-xt75l-2456167409, networkLocation: /default-rack, certSerialId: null}b58abce5-9cda-4da4-af93-061e1b4f4afb{ip: 192.168.105.134, host: ozone-xt75l-2456167409, networkLocation: /default-rack, certSerialId: null}, Type:RATIS, Factor:THREE, State:OPEN]
2019-06-13 20:39:38,194 INFO  pipeline.PipelineStateManager (PipelineStateManager.java:finalizePipeline(123)) - Pipeline Pipeline[ Id: 33e89fa2-4667-4e40-a42b-14c242f5d936, Nodes: 04e16058-0472-4deb-86f4-f1f2e4de4d0b{ip: 192.168.105.134, host: ozone-xt75l-2456167409, networkLocation: /default-rack, certSerialId: null}1baee1f3-808b-4789-a6cf-275e23684793{ip: 192.168.105.134, host: ozone-xt75l-2456167409, networkLocation: /default-rack, certSerialId: null}b58abce5-9cda-4da4-af93-061e1b4f4afb{ip: 192.168.105.134, host: ozone-xt75l-2456167409, networkLocation: /default-rack, certSerialId: null}, Type:RATIS, Factor:THREE, State:CLOSED] moved to CLOSED state
2019-06-13 20:39:38,194 INFO  container.CloseContainerEventHandler (CloseContainerEventHandler.java:onMessage(61)) - Close container Event triggered for container : #1
2019-06-13 20:39:38,194 INFO  pipeline.SCMPipelineManager (SCMPipelineManager.java:finalizeAndDestroyPipeline(307)) - destroying pipeline:Pipeline[ Id: 6868ae2e-23af-4de2-aae8-777145b14318, Nodes: 1baee1f3-808b-4789-a6cf-275e23684793{ip: 192.168.105.134, host: ozone-xt75l-2456167409, networkLocation: /default-rack, certSerialId: null}, Type:RATIS, Factor:ONE, State:OPEN]
2019-06-13 20:39:38,197 INFO  pipeline.PipelineStateManager (PipelineStateManager.java:finalizePipeline(123)) - Pipeline Pipeline[ Id: 6868ae2e-23af-4de2-aae8-777145b14318, Nodes: 1baee1f3-808b-4789-a6cf-275e23684793{ip: 192.168.105.134, host: ozone-xt75l-2456167409, networkLocation: /default-rack, certSerialId: null}, Type:RATIS, Factor:ONE, State:CLOSED] moved to CLOSED state
2019-06-13 20:39:38,393 INFO  node.StaleNodeHandler (StaleNodeHandler.java:onMessage(58)) - Datanode 04e16058-0472-4deb-86f4-f1f2e4de4d0b{ip: 192.168.105.134, host: ozone-xt75l-2456167409, networkLocation: /default-rack, certSerialId: null} moved to stale state. Finalizing its pipelines [PipelineID=33e89fa2-4667-4e40-a42b-14c242f5d936, PipelineID=70b00d53-905d-4425-8d84-0d1afe5def30]
2019-06-13 20:39:38,393 INFO  pipeline.SCMPipelineManager (SCMPipelineManager.java:finalizeAndDestroyPipeline(307)) - destroying pipeline:Pipeline[ Id: 33e89fa2-4667-4e40-a42b-14c242f5d936, Nodes: 04e16058-0472-4deb-86f4-f1f2e4de4d0b{ip: 192.168.105.134, host: ozone-xt75l-2456167409, networkLocation: /default-rack, certSerialId: null}1baee1f3-808b-4789-a6cf-275e23684793{ip: 192.168.105.134, host: ozone-xt75l-2456167409, networkLocation: /default-rack, certSerialId: null}b58abce5-9cda-4da4-af93-061e1b4f4afb{ip: 192.168.105.134, host: ozone-xt75l-2456167409, networkLocation: /default-rack, certSerialId: null}, Type:RATIS, Factor:THREE, State:CLOSED]
2019-06-13 20:39:38,394 INFO  pipeline.SCMPipelineManager (SCMPipelineManager.java:finalizeAndDestroyPipeline(307)) - destroying pipeline:Pipeline[ Id: 70b00d53-905d-4425-8d84-0d1afe5def30, Nodes: 04e16058-0472-4deb-86f4-f1f2e4de4d0b{ip: 192.168.105.134, host: ozone-xt75l-2456167409, networkLocation: /default-rack, certSerialId: null}, Type:RATIS, Factor:ONE, State:OPEN]
2019-06-13 20:39:38,394 INFO  pipeline.PipelineStateManager (PipelineStateManager.java:finalizePipeline(123)) - Pipeline Pipeline[ Id: 70b00d53-905d-4425-8d84-0d1afe5def30, Nodes: 04e16058-0472-4deb-86f4-f1f2e4de4d0b{ip: 192.168.105.134, host: ozone-xt75l-2456167409, networkLocation: /default-rack, certSerialId: null}, Type:RATIS, Factor:ONE, State:CLOSED] moved to CLOSED state
2019-06-13 20:39:38,542 WARN  server.GrpcLogAppender (LogUtils.java:warn(134)) - b58abce5-9cda-4da4-af93-061e1b4f4afb: Failed appendEntries to 1baee1f3-808b-4789-a6cf-275e23684793:192.168.105.134:41937: org.apache.ratis.thirdparty.io.grpc.StatusRuntimeException: UNAVAILABLE: io exception
2019-06-13 20:39:38,546 WARN  server.GrpcLogAppender (LogUtils.java:warn(134)) - b58abce5-9cda-4da4-af93-061e1b4f4afb: Failed appendEntries to 04e16058-0472-4deb-86f4-f1f2e4de4d0b:192.168.105.134:33961: org.apache.ratis.thirdparty.io.grpc.StatusRuntimeException: UNAVAILABLE: io exception
2019-06-13 20:39:38,549 INFO  impl.FollowerInfo (FollowerInfo.java:lambda$new$0(50)) - b58abce5-9cda-4da4-af93-061e1b4f4afb->1baee1f3-808b-4789-a6cf-275e23684793: nextIndex: updateUnconditionally 0 -> 0
2019-06-13 20:39:38,549 INFO  impl.FollowerInfo (FollowerInfo.java:lambda$new$0(50)) - b58abce5-9cda-4da4-af93-061e1b4f4afb->04e16058-0472-4deb-86f4-f1f2e4de4d0b: nextIndex: updateUnconditionally 0 -> 0
2019-06-13 20:39:39,043 WARN  server.GrpcLogAppender (LogUtils.java:warn(134)) - b58abce5-9cda-4da4-af93-061e1b4f4afb: Failed appendEntries to 1baee1f3-808b-4789-a6cf-275e23684793:192.168.105.134:41937: org.apache.ratis.thirdparty.io.grpc.StatusRuntimeException: UNAVAILABLE: io exception
2019-06-13 20:39:39,044 INFO  impl.FollowerInfo (FollowerInfo.java:lambda$new$0(50)) - b58abce5-9cda-4da4-af93-061e1b4f4afb->1baee1f3-808b-4789-a6cf-275e23684793: nextIndex: updateUnconditionally 0 -> 0
2019-06-13 20:39:39,045 WARN  server.GrpcLogAppender (LogUtils.java:warn(134)) - b58abce5-9cda-4da4-af93-061e1b4f4afb: Failed appendEntries to 04e16058-0472-4deb-86f4-f1f2e4de4d0b:192.168.105.134:33961: org.apache.ratis.thirdparty.io.grpc.StatusRuntimeException: UNAVAILABLE: io exception
2019-06-13 20:39:39,047 INFO  impl.FollowerInfo (FollowerInfo.java:lambda$new$0(50)) - b58abce5-9cda-4da4-af93-061e1b4f4afb->04e16058-0472-4deb-86f4-f1f2e4de4d0b: nextIndex: updateUnconditionally 0 -> 0
2019-06-13 20:39:39,543 WARN  server.GrpcLogAppender (LogUtils.java:warn(134)) - b58abce5-9cda-4da4-af93-061e1b4f4afb: Failed appendEntries to 04e16058-0472-4deb-86f4-f1f2e4de4d0b:192.168.105.134:33961: org.apache.ratis.thirdparty.io.grpc.StatusRuntimeException: UNAVAILABLE: io exception
2019-06-13 20:39:39,543 WARN  server.GrpcLogAppender (LogUtils.java:warn(134)) - b58abce5-9cda-4da4-af93-061e1b4f4afb: Failed appendEntries to 1baee1f3-808b-4789-a6cf-275e23684793:192.168.105.134:41937: org.apache.ratis.thirdparty.io.grpc.StatusRuntimeException: UNAVAILABLE: io exception
2019-06-13 20:39:39,549 INFO  impl.FollowerInfo (FollowerInfo.java:lambda$new$0(50)) - b58abce5-9cda-4da4-af93-061e1b4f4afb->04e16058-0472-4deb-86f4-f1f2e4de4d0b: nextIndex: updateUnconditionally 0 -> 0
2019-06-13 20:39:39,549 INFO  impl.FollowerInfo (FollowerInfo.java:lambda$new$0(50)) - b58abce5-9cda-4da4-af93-061e1b4f4afb->1baee1f3-808b-4789-a6cf-275e23684793: nextIndex: updateUnconditionally 0 -> 0
2019-06-13 20:39:39,961 ERROR commandhandler.CloseContainerCommandHandler (CloseContainerCommandHandler.java:handle(84)) - Container #1 does not exist in datanode. Container close failed.
2019-06-13 20:39:40,044 WARN  server.GrpcLogAppender (LogUtils.java:warn(134)) - b58abce5-9cda-4da4-af93-061e1b4f4afb: Failed appendEntries to 04e16058-0472-4deb-86f4-f1f2e4de4d0b:192.168.105.134:33961: org.apache.ratis.thirdparty.io.grpc.StatusRuntimeException: UNAVAILABLE: io exception
2019-06-13 20:39:40,044 WARN  server.GrpcLogAppender (LogUtils.java:warn(134)) - b58abce5-9cda-4da4-af93-061e1b4f4afb: Failed appendEntries to 1baee1f3-808b-4789-a6cf-275e23684793:192.168.105.134:41937: org.apache.ratis.thirdparty.io.grpc.StatusRuntimeException: UNAVAILABLE: io exception
2019-06-13 20:39:40,044 INFO  impl.FollowerInfo (FollowerInfo.java:lambda$new$0(50)) - b58abce5-9cda-4da4-af93-061e1b4f4afb->04e16058-0472-4deb-86f4-f1f2e4de4d0b: nextIndex: updateUnconditionally 0 -> 0
2019-06-13 20:39:40,044 INFO  impl.FollowerInfo (FollowerInfo.java:lambda$new$0(50)) - b58abce5-9cda-4da4-af93-061e1b4f4afb->1baee1f3-808b-4789-a6cf-275e23684793: nextIndex: updateUnconditionally 0 -> 0
2019-06-13 20:39:40,545 WARN  server.GrpcLogAppender (LogUtils.java:warn(134)) - b58abce5-9cda-4da4-af93-061e1b4f4afb: Failed appendEntries to 1baee1f3-808b-4789-a6cf-275e23684793:192.168.105.134:41937: org.apache.ratis.thirdparty.io.grpc.StatusRuntimeException: UNAVAILABLE: io exception
2019-06-13 20:39:40,545 WARN  server.GrpcLogAppender (LogUtils.java:warn(134)) - b58abce5-9cda-4da4-af93-061e1b4f4afb: Failed appendEntries to 04e16058-0472-4deb-86f4-f1f2e4de4d0b:192.168.105.134:33961: org.apache.ratis.thirdparty.io.grpc.StatusRuntimeException: UNAVAILABLE: io exception
2019-06-13 20:39:40,545 INFO  impl.FollowerInfo (FollowerInfo.java:lambda$new$0(50)) - b58abce5-9cda-4da4-af93-061e1b4f4afb->1baee1f3-808b-4789-a6cf-275e23684793: nextIndex: updateUnconditionally 0 -> 0
2019-06-13 20:39:40,545 INFO  impl.FollowerInfo (FollowerInfo.java:lambda$new$0(50)) - b58abce5-9cda-4da4-af93-061e1b4f4afb->04e16058-0472-4deb-86f4-f1f2e4de4d0b: nextIndex: updateUnconditionally 0 -> 0
2019-06-13 20:39:41,038 WARN  server.GrpcLogAppender (LogUtils.java:warn(134)) - b58abce5-9cda-4da4-af93-061e1b4f4afb: Failed appendEntries to 1baee1f3-808b-4789-a6cf-275e23684793:192.168.105.134:41937: org.apache.ratis.thirdparty.io.grpc.StatusRuntimeException: UNAVAILABLE: io exception
2019-06-13 20:39:41,038 INFO  impl.FollowerInfo (FollowerInfo.java:lambda$new$0(50)) - b58abce5-9cda-4da4-af93-061e1b4f4afb->1baee1f3-808b-4789-a6cf-275e23684793: nextIndex: updateUnconditionally 1 -> 0
2019-06-13 20:39:41,038 WARN  server.GrpcLogAppender (LogUtils.java:warn(134)) - b58abce5-9cda-4da4-af93-061e1b4f4afb: Failed appendEntries to 04e16058-0472-4deb-86f4-f1f2e4de4d0b:192.168.105.134:33961: org.apache.ratis.thirdparty.io.grpc.StatusRuntimeException: UNAVAILABLE: io exception
2019-06-13 20:39:41,038 INFO  impl.FollowerInfo (FollowerInfo.java:lambda$new$0(50)) - b58abce5-9cda-4da4-af93-061e1b4f4afb->04e16058-0472-4deb-86f4-f1f2e4de4d0b: nextIndex: updateUnconditionally 1 -> 0
2019-06-13 20:39:41,539 WARN  server.GrpcLogAppender (LogUtils.java:warn(134)) - b58abce5-9cda-4da4-af93-061e1b4f4afb: Failed appendEntries to 1baee1f3-808b-4789-a6cf-275e23684793:192.168.105.134:41937: org.apache.ratis.thirdparty.io.grpc.StatusRuntimeException: UNAVAILABLE: io exception
2019-06-13 20:39:41,539 INFO  impl.FollowerInfo (FollowerInfo.java:lambda$new$0(50)) - b58abce5-9cda-4da4-af93-061e1b4f4afb->1baee1f3-808b-4789-a6cf-275e23684793: nextIndex: updateUnconditionally 0 -> 0
2019-06-13 20:39:41,539 WARN  server.GrpcLogAppender (LogUtils.java:warn(134)) - b58abce5-9cda-4da4-af93-061e1b4f4afb: Failed appendEntries to 04e16058-0472-4deb-86f4-f1f2e4de4d0b:192.168.105.134:33961: org.apache.ratis.thirdparty.io.grpc.StatusRuntimeException: UNAVAILABLE: io exception
2019-06-13 20:39:41,539 INFO  impl.FollowerInfo (FollowerInfo.java:lambda$new$0(50)) - b58abce5-9cda-4da4-af93-061e1b4f4afb->04e16058-0472-4deb-86f4-f1f2e4de4d0b: nextIndex: updateUnconditionally 0 -> 0
2019-06-13 20:39:42,039 WARN  server.GrpcLogAppender (LogUtils.java:warn(134)) - b58abce5-9cda-4da4-af93-061e1b4f4afb: Failed appendEntries to 1baee1f3-808b-4789-a6cf-275e23684793:192.168.105.134:41937: org.apache.ratis.thirdparty.io.grpc.StatusRuntimeException: UNAVAILABLE: io exception
2019-06-13 20:39:42,039 WARN  server.GrpcLogAppender (LogUtils.java:warn(134)) - b58abce5-9cda-4da4-af93-061e1b4f4afb: Failed appendEntries to 04e16058-0472-4deb-86f4-f1f2e4de4d0b:192.168.105.134:33961: org.apache.ratis.thirdparty.io.grpc.StatusRuntimeException: UNAVAILABLE: io exception
2019-06-13 20:39:42,040 INFO  impl.FollowerInfo (FollowerInfo.java:lambda$new$0(50)) - b58abce5-9cda-4da4-af93-061e1b4f4afb->1baee1f3-808b-4789-a6cf-275e23684793: nextIndex: updateUnconditionally 0 -> 0
2019-06-13 20:39:42,040 INFO  impl.FollowerInfo (FollowerInfo.java:lambda$new$0(50)) - b58abce5-9cda-4da4-af93-061e1b4f4afb->04e16058-0472-4deb-86f4-f1f2e4de4d0b: nextIndex: updateUnconditionally 0 -> 0
2019-06-13 20:39:42,540 WARN  server.GrpcLogAppender (LogUtils.java:warn(134)) - b58abce5-9cda-4da4-af93-061e1b4f4afb: Failed appendEntries to 04e16058-0472-4deb-86f4-f1f2e4de4d0b:192.168.105.134:33961: org.apache.ratis.thirdparty.io.grpc.StatusRuntimeException: UNAVAILABLE: io exception
2019-06-13 20:39:42,540 INFO  impl.FollowerInfo (FollowerInfo.java:lambda$new$0(50)) - b58abce5-9cda-4da4-af93-061e1b4f4afb->04e16058-0472-4deb-86f4-f1f2e4de4d0b: nextIndex: updateUnconditionally 0 -> 0
2019-06-13 20:39:42,540 WARN  server.GrpcLogAppender (LogUtils.java:warn(134)) - b58abce5-9cda-4da4-af93-061e1b4f4afb: Failed appendEntries to 1baee1f3-808b-4789-a6cf-275e23684793:192.168.105.134:41937: org.apache.ratis.thirdparty.io.grpc.StatusRuntimeException: UNAVAILABLE: io exception
2019-06-13 20:39:42,541 INFO  impl.FollowerInfo (FollowerInfo.java:lambda$new$0(50)) - b58abce5-9cda-4da4-af93-061e1b4f4afb->1baee1f3-808b-4789-a6cf-275e23684793: nextIndex: updateUnconditionally 0 -> 0
2019-06-13 20:39:43,041 WARN  server.GrpcLogAppender (LogUtils.java:warn(134)) - b58abce5-9cda-4da4-af93-061e1b4f4afb: Failed appendEntries to 1baee1f3-808b-4789-a6cf-275e23684793:192.168.105.134:41937: org.apache.ratis.thirdparty.io.grpc.StatusRuntimeException: UNAVAILABLE: io exception
2019-06-13 20:39:43,041 WARN  server.GrpcLogAppender (LogUtils.java:warn(134)) - b58abce5-9cda-4da4-af93-061e1b4f4afb: Failed appendEntries to 04e16058-0472-4deb-86f4-f1f2e4de4d0b:192.168.105.134:33961: org.apache.ratis.thirdparty.io.grpc.StatusRuntimeException: UNAVAILABLE: io exception
2019-06-13 20:39:43,041 INFO  impl.FollowerInfo (FollowerInfo.java:lambda$new$0(50)) - b58abce5-9cda-4da4-af93-061e1b4f4afb->04e16058-0472-4deb-86f4-f1f2e4de4d0b: nextIndex: updateUnconditionally 0 -> 0
2019-06-13 20:39:43,041 INFO  impl.FollowerInfo (FollowerInfo.java:lambda$new$0(50)) - b58abce5-9cda-4da4-af93-061e1b4f4afb->1baee1f3-808b-4789-a6cf-275e23684793: nextIndex: updateUnconditionally 0 -> 0
2019-06-13 20:39:43,541 WARN  server.GrpcLogAppender (LogUtils.java:warn(134)) - b58abce5-9cda-4da4-af93-061e1b4f4afb: Failed appendEntries to 04e16058-0472-4deb-86f4-f1f2e4de4d0b:192.168.105.134:33961: org.apache.ratis.thirdparty.io.grpc.StatusRuntimeException: UNAVAILABLE: io exception
2019-06-13 20:39:43,541 WARN  server.GrpcLogAppender (LogUtils.java:warn(134)) - b58abce5-9cda-4da4-af93-061e1b4f4afb: Failed appendEntries to 1baee1f3-808b-4789-a6cf-275e23684793:192.168.105.134:41937: org.apache.ratis.thirdparty.io.grpc.StatusRuntimeException: UNAVAILABLE: io exception
2019-06-13 20:39:43,542 INFO  impl.FollowerInfo (FollowerInfo.java:lambda$new$0(50)) - b58abce5-9cda-4da4-af93-061e1b4f4afb->04e16058-0472-4deb-86f4-f1f2e4de4d0b: nextIndex: updateUnconditionally 0 -> 0
2019-06-13 20:39:43,542 INFO  impl.FollowerInfo (FollowerInfo.java:lambda$new$0(50)) - b58abce5-9cda-4da4-af93-061e1b4f4afb->1baee1f3-808b-4789-a6cf-275e23684793: nextIndex: updateUnconditionally 0 -> 0
2019-06-13 20:39:44,042 WARN  server.GrpcLogAppender (LogUtils.java:warn(134)) - b58abce5-9cda-4da4-af93-061e1b4f4afb: Failed appendEntries to 1baee1f3-808b-4789-a6cf-275e23684793:192.168.105.134:41937: org.apache.ratis.thirdparty.io.grpc.StatusRuntimeException: UNAVAILABLE: io exception
2019-06-13 20:39:44,042 WARN  server.GrpcLogAppender (LogUtils.java:warn(134)) - b58abce5-9cda-4da4-af93-061e1b4f4afb: Failed appendEntries to 04e16058-0472-4deb-86f4-f1f2e4de4d0b:192.168.105.134:33961: org.apache.ratis.thirdparty.io.grpc.StatusRuntimeException: UNAVAILABLE: io exception
2019-06-13 20:39:44,042 INFO  impl.FollowerInfo (FollowerInfo.java:lambda$new$0(50)) - b58abce5-9cda-4da4-af93-061e1b4f4afb->1baee1f3-808b-4789-a6cf-275e23684793: nextIndex: updateUnconditionally 0 -> 0
2019-06-13 20:39:44,042 INFO  impl.FollowerInfo (FollowerInfo.java:lambda$new$0(50)) - b58abce5-9cda-4da4-af93-061e1b4f4afb->04e16058-0472-4deb-86f4-f1f2e4de4d0b: nextIndex: updateUnconditionally 0 -> 0
2019-06-13 20:39:44,543 WARN  server.GrpcLogAppender (LogUtils.java:warn(134)) - b58abce5-9cda-4da4-af93-061e1b4f4afb: Failed appendEntries to 04e16058-0472-4deb-86f4-f1f2e4de4d0b:192.168.105.134:33961: org.apache.ratis.thirdparty.io.grpc.StatusRuntimeException: UNAVAILABLE: io exception
2019-06-13 20:39:44,543 WARN  server.GrpcLogAppender (LogUtils.java:warn(134)) - b58abce5-9cda-4da4-af93-061e1b4f4afb: Failed appendEntries to 1baee1f3-808b-4789-a6cf-275e23684793:192.168.105.134:41937: org.apache.ratis.thirdparty.io.grpc.StatusRuntimeException: UNAVAILABLE: io exception
2019-06-13 20:39:44,543 INFO  impl.FollowerInfo (FollowerInfo.java:lambda$new$0(50)) - b58abce5-9cda-4da4-af93-061e1b4f4afb->04e16058-0472-4deb-86f4-f1f2e4de4d0b: nextIndex: updateUnconditionally 0 -> 0
2019-06-13 20:39:44,543 INFO  impl.FollowerInfo (FollowerInfo.java:lambda$new$0(50)) - b58abce5-9cda-4da4-af93-061e1b4f4afb->1baee1f3-808b-4789-a6cf-275e23684793: nextIndex: updateUnconditionally 0 -> 0
2019-06-13 20:39:45,043 WARN  io.KeyOutputStream (KeyOutputStream.java:handleException(276)) - Encountered exception java.io.IOException: Unexpected Storage Container Exception: java.util.concurrent.CompletionException: java.util.concurrent.CompletionException: org.apache.ratis.protocol.RaftRetryFailureException: Failed RaftClientRequest:client-8314CAD263EC->1baee1f3-808b-4789-a6cf-275e23684793@group-14C242F5D936, cid=53, seq=1*, RW, org.apache.hadoop.hdds.scm.XceiverClientRatis$$Lambda$441/2046142189@a12dcfb for 5 attempts with RetryLimited(maxAttempts=5, sleepTime=1000ms) on the pipeline Pipeline[ Id: 33e89fa2-4667-4e40-a42b-14c242f5d936, Nodes: 04e16058-0472-4deb-86f4-f1f2e4de4d0b{ip: 192.168.105.134, host: ozone-xt75l-2456167409, networkLocation: /default-rack, certSerialId: null}1baee1f3-808b-4789-a6cf-275e23684793{ip: 192.168.105.134, host: ozone-xt75l-2456167409, networkLocation: /default-rack, certSerialId: null}b58abce5-9cda-4da4-af93-061e1b4f4afb{ip: 192.168.105.134, host: ozone-xt75l-2456167409, networkLocation: /default-rack, certSerialId: null}, Type:RATIS, Factor:THREE, State:OPEN]. The last committed block length is 0, uncommitted data length is 524288 retry count 0
2019-06-13 20:39:45,045 WARN  server.GrpcLogAppender (LogUtils.java:warn(134)) - b58abce5-9cda-4da4-af93-061e1b4f4afb: Failed appendEntries to 1baee1f3-808b-4789-a6cf-275e23684793:192.168.105.134:41937: org.apache.ratis.thirdparty.io.grpc.StatusRuntimeException: UNAVAILABLE: io exception
2019-06-13 20:39:45,045 INFO  impl.FollowerInfo (FollowerInfo.java:lambda$new$0(50)) - b58abce5-9cda-4da4-af93-061e1b4f4afb->1baee1f3-808b-4789-a6cf-275e23684793: nextIndex: updateUnconditionally 0 -> 0
2019-06-13 20:39:45,047 WARN  server.GrpcLogAppender (LogUtils.java:warn(134)) - b58abce5-9cda-4da4-af93-061e1b4f4afb: Failed appendEntries to 04e16058-0472-4deb-86f4-f1f2e4de4d0b:192.168.105.134:33961: org.apache.ratis.thirdparty.io.grpc.StatusRuntimeException: UNAVAILABLE: io exception
2019-06-13 20:39:45,047 INFO  impl.FollowerInfo (FollowerInfo.java:lambda$new$0(50)) - b58abce5-9cda-4da4-af93-061e1b4f4afb->04e16058-0472-4deb-86f4-f1f2e4de4d0b: nextIndex: updateUnconditionally 0 -> 0
2019-06-13 20:39:45,057 INFO  client.GrpcClientProtocolClient (GrpcClientProtocolClient.java:onNext(254)) - client-58AE962DCFD7->1ea93810-5587-4924-9768-cb2bfe8ffd83: receive RaftClientReply:client-58AE962DCFD7->1ea93810-5587-4924-9768-cb2bfe8ffd83@group-EAD887EF8AFF, cid=55, FAILED org.apache.ratis.protocol.NotLeaderException: Server 1ea93810-5587-4924-9768-cb2bfe8ffd83 is not the leader (df8f9c80-d395-4fb6-8a65-ad7a13e65732:192.168.105.134:45459). Request must be sent to leader., logIndex=0, commits[1ea93810-5587-4924-9768-cb2bfe8ffd83:c0, df8f9c80-d395-4fb6-8a65-ad7a13e65732:c0, 3b64936e-ecb8-4d21-aec8-a9c2df291bfe:c0]
2019-06-13 20:39:45,060 WARN  client.GrpcClientProtocolService (LogUtils.java:warn(134)) - 0-OrderedRequestStreamObserver0: onError: org.apache.ratis.thirdparty.io.grpc.StatusRuntimeException: CANCELLED: cancelled before receiving half close
2019-06-13 20:39:45,545 WARN  server.GrpcLogAppender (LogUtils.java:warn(134)) - b58abce5-9cda-4da4-af93-061e1b4f4afb: Failed appendEntries to 04e16058-0472-4deb-86f4-f1f2e4de4d0b:192.168.105.134:33961: org.apache.ratis.thirdparty.io.grpc.StatusRuntimeException: UNAVAILABLE: io exception
2019-06-13 20:39:45,545 WARN  server.GrpcLogAppender (LogUtils.java:warn(134)) - b58abce5-9cda-4da4-af93-061e1b4f4afb: Failed appendEntries to 1baee1f3-808b-4789-a6cf-275e23684793:192.168.105.134:41937: org.apache.ratis.thirdparty.io.grpc.StatusRuntimeException: UNAVAILABLE: io exception
2019-06-13 20:39:45,545 INFO  impl.FollowerInfo (FollowerInfo.java:lambda$new$0(50)) - b58abce5-9cda-4da4-af93-061e1b4f4afb->04e16058-0472-4deb-86f4-f1f2e4de4d0b: nextIndex: updateUnconditionally 0 -> 0
2019-06-13 20:39:45,545 INFO  impl.FollowerInfo (FollowerInfo.java:lambda$new$0(50)) - b58abce5-9cda-4da4-af93-061e1b4f4afb->1baee1f3-808b-4789-a6cf-275e23684793: nextIndex: updateUnconditionally 0 -> 0
2019-06-13 20:39:46,046 WARN  server.GrpcLogAppender (LogUtils.java:warn(134)) - b58abce5-9cda-4da4-af93-061e1b4f4afb: Failed appendEntries to 1baee1f3-808b-4789-a6cf-275e23684793:192.168.105.134:41937: org.apache.ratis.thirdparty.io.grpc.StatusRuntimeException: UNAVAILABLE: io exception
2019-06-13 20:39:46,046 WARN  server.GrpcLogAppender (LogUtils.java:warn(134)) - b58abce5-9cda-4da4-af93-061e1b4f4afb: Failed appendEntries to 04e16058-0472-4deb-86f4-f1f2e4de4d0b:192.168.105.134:33961: org.apache.ratis.thirdparty.io.grpc.StatusRuntimeException: UNAVAILABLE: io exception
2019-06-13 20:39:46,046 INFO  impl.FollowerInfo (FollowerInfo.java:lambda$new$0(50)) - b58abce5-9cda-4da4-af93-061e1b4f4afb->1baee1f3-808b-4789-a6cf-275e23684793: nextIndex: updateUnconditionally 0 -> 0
2019-06-13 20:39:46,046 INFO  impl.FollowerInfo (FollowerInfo.java:lambda$new$0(50)) - b58abce5-9cda-4da4-af93-061e1b4f4afb->04e16058-0472-4deb-86f4-f1f2e4de4d0b: nextIndex: updateUnconditionally 0 -> 0
2019-06-13 20:39:46,068 INFO  client.GrpcClientProtocolClient (GrpcClientProtocolClient.java:onNext(254)) - client-58AE962DCFD7->3b64936e-ecb8-4d21-aec8-a9c2df291bfe: receive RaftClientReply:client-58AE962DCFD7->3b64936e-ecb8-4d21-aec8-a9c2df291bfe@group-EAD887EF8AFF, cid=55, FAILED org.apache.ratis.protocol.NotLeaderException: Server 3b64936e-ecb8-4d21-aec8-a9c2df291bfe is not the leader (df8f9c80-d395-4fb6-8a65-ad7a13e65732:192.168.105.134:45459). Request must be sent to leader., logIndex=0, commits[3b64936e-ecb8-4d21-aec8-a9c2df291bfe:c0, df8f9c80-d395-4fb6-8a65-ad7a13e65732:c0, 1ea93810-5587-4924-9768-cb2bfe8ffd83:c0]
2019-06-13 20:39:46,070 WARN  client.GrpcClientProtocolService (LogUtils.java:warn(134)) - 0-OrderedRequestStreamObserver0: onError: org.apache.ratis.thirdparty.io.grpc.StatusRuntimeException: CANCELLED: cancelled before receiving half close
2019-06-13 20:39:46,546 WARN  server.GrpcLogAppender (LogUtils.java:warn(134)) - b58abce5-9cda-4da4-af93-061e1b4f4afb: Failed appendEntries to 04e16058-0472-4deb-86f4-f1f2e4de4d0b:192.168.105.134:33961: org.apache.ratis.thirdparty.io.grpc.StatusRuntimeException: UNAVAILABLE: io exception
2019-06-13 20:39:46,546 WARN  server.GrpcLogAppender (LogUtils.java:warn(134)) - b58abce5-9cda-4da4-af93-061e1b4f4afb: Failed appendEntries to 1baee1f3-808b-4789-a6cf-275e23684793:192.168.105.134:41937: org.apache.ratis.thirdparty.io.grpc.StatusRuntimeException: UNAVAILABLE: io exception
2019-06-13 20:39:46,547 INFO  impl.FollowerInfo (FollowerInfo.java:lambda$new$0(50)) - b58abce5-9cda-4da4-af93-061e1b4f4afb->04e16058-0472-4deb-86f4-f1f2e4de4d0b: nextIndex: updateUnconditionally 0 -> 0
2019-06-13 20:39:46,547 INFO  impl.FollowerInfo (FollowerInfo.java:lambda$new$0(50)) - b58abce5-9cda-4da4-af93-061e1b4f4afb->1baee1f3-808b-4789-a6cf-275e23684793: nextIndex: updateUnconditionally 0 -> 0
2019-06-13 20:39:47,047 WARN  server.GrpcLogAppender (LogUtils.java:warn(134)) - b58abce5-9cda-4da4-af93-061e1b4f4afb: Failed appendEntries to 1baee1f3-808b-4789-a6cf-275e23684793:192.168.105.134:41937: org.apache.ratis.thirdparty.io.grpc.StatusRuntimeException: UNAVAILABLE: io exception
2019-06-13 20:39:47,047 INFO  impl.FollowerInfo (FollowerInfo.java:lambda$new$0(50)) - b58abce5-9cda-4da4-af93-061e1b4f4afb->1baee1f3-808b-4789-a6cf-275e23684793: nextIndex: updateUnconditionally 0 -> 0
2019-06-13 20:39:47,047 WARN  server.GrpcLogAppender (LogUtils.java:warn(134)) - b58abce5-9cda-4da4-af93-061e1b4f4afb: Failed appendEntries to 04e16058-0472-4deb-86f4-f1f2e4de4d0b:192.168.105.134:33961: org.apache.ratis.thirdparty.io.grpc.StatusRuntimeException: UNAVAILABLE: io exception
2019-06-13 20:39:47,048 INFO  impl.FollowerInfo (FollowerInfo.java:lambda$new$0(50)) - b58abce5-9cda-4da4-af93-061e1b4f4afb->04e16058-0472-4deb-86f4-f1f2e4de4d0b: nextIndex: updateUnconditionally 0 -> 0
2019-06-13 20:39:47,076 INFO  client.GrpcClientProtocolClient (GrpcClientProtocolClient.java:onNext(254)) - client-58AE962DCFD7->1ea93810-5587-4924-9768-cb2bfe8ffd83: receive RaftClientReply:client-58AE962DCFD7->1ea93810-5587-4924-9768-cb2bfe8ffd83@group-EAD887EF8AFF, cid=55, FAILED org.apache.ratis.protocol.NotLeaderException: Server 1ea93810-5587-4924-9768-cb2bfe8ffd83 is not the leader (df8f9c80-d395-4fb6-8a65-ad7a13e65732:192.168.105.134:45459). Request must be sent to leader., logIndex=0, commits[1ea93810-5587-4924-9768-cb2bfe8ffd83:c0, df8f9c80-d395-4fb6-8a65-ad7a13e65732:c0, 3b64936e-ecb8-4d21-aec8-a9c2df291bfe:c0]
2019-06-13 20:39:47,079 WARN  client.GrpcClientProtocolService (LogUtils.java:warn(134)) - 1-OrderedRequestStreamObserver1: onError: org.apache.ratis.thirdparty.io.grpc.StatusRuntimeException: CANCELLED: cancelled before receiving half close
2019-06-13 20:39:47,548 WARN  server.GrpcLogAppender (LogUtils.java:warn(134)) - b58abce5-9cda-4da4-af93-061e1b4f4afb: Failed appendEntries to 1baee1f3-808b-4789-a6cf-275e23684793:192.168.105.134:41937: org.apache.ratis.thirdparty.io.grpc.StatusRuntimeException: UNAVAILABLE: io exception
2019-06-13 20:39:47,548 WARN  server.GrpcLogAppender (LogUtils.java:warn(134)) - b58abce5-9cda-4da4-af93-061e1b4f4afb: Failed appendEntries to 04e16058-0472-4deb-86f4-f1f2e4de4d0b:192.168.105.134:33961: org.apache.ratis.thirdparty.io.grpc.StatusRuntimeException: UNAVAILABLE: io exception
2019-06-13 20:39:47,548 INFO  impl.FollowerInfo (FollowerInfo.java:lambda$new$0(50)) - b58abce5-9cda-4da4-af93-061e1b4f4afb->1baee1f3-808b-4789-a6cf-275e23684793: nextIndex: updateUnconditionally 0 -> 0
2019-06-13 20:39:47,548 INFO  impl.FollowerInfo (FollowerInfo.java:lambda$new$0(50)) - b58abce5-9cda-4da4-af93-061e1b4f4afb->04e16058-0472-4deb-86f4-f1f2e4de4d0b: nextIndex: updateUnconditionally 0 -> 0
2019-06-13 20:39:48,049 WARN  server.GrpcLogAppender (LogUtils.java:warn(134)) - b58abce5-9cda-4da4-af93-061e1b4f4afb: Failed appendEntries to 1baee1f3-808b-4789-a6cf-275e23684793:192.168.105.134:41937: org.apache.ratis.thirdparty.io.grpc.StatusRuntimeException: UNAVAILABLE: io exception
2019-06-13 20:39:48,049 WARN  server.GrpcLogAppender (LogUtils.java:warn(134)) - b58abce5-9cda-4da4-af93-061e1b4f4afb: Failed appendEntries to 04e16058-0472-4deb-86f4-f1f2e4de4d0b:192.168.105.134:33961: org.apache.ratis.thirdparty.io.grpc.StatusRuntimeException: UNAVAILABLE: io exception
2019-06-13 20:39:48,049 INFO  impl.FollowerInfo (FollowerInfo.java:lambda$new$0(50)) - b58abce5-9cda-4da4-af93-061e1b4f4afb->1baee1f3-808b-4789-a6cf-275e23684793: nextIndex: updateUnconditionally 0 -> 0
2019-06-13 20:39:48,049 INFO  impl.FollowerInfo (FollowerInfo.java:lambda$new$0(50)) - b58abce5-9cda-4da4-af93-061e1b4f4afb->04e16058-0472-4deb-86f4-f1f2e4de4d0b: nextIndex: updateUnconditionally 0 -> 0
2019-06-13 20:39:48,096 INFO  client.GrpcClientProtocolClient (GrpcClientProtocolClient.java:onNext(254)) - client-58AE962DCFD7->3b64936e-ecb8-4d21-aec8-a9c2df291bfe: receive RaftClientReply:client-58AE962DCFD7->3b64936e-ecb8-4d21-aec8-a9c2df291bfe@group-EAD887EF8AFF, cid=55, FAILED org.apache.ratis.protocol.NotLeaderException: Server 3b64936e-ecb8-4d21-aec8-a9c2df291bfe is not the leader (df8f9c80-d395-4fb6-8a65-ad7a13e65732:192.168.105.134:45459). Request must be sent to leader., logIndex=0, commits[3b64936e-ecb8-4d21-aec8-a9c2df291bfe:c0, df8f9c80-d395-4fb6-8a65-ad7a13e65732:c0, 1ea93810-5587-4924-9768-cb2bfe8ffd83:c0]
2019-06-13 20:39:48,100 WARN  client.GrpcClientProtocolService (LogUtils.java:warn(134)) - 1-OrderedRequestStreamObserver1: onError: org.apache.ratis.thirdparty.io.grpc.StatusRuntimeException: CANCELLED: cancelled before receiving half close
2019-06-13 20:39:48,549 WARN  server.GrpcLogAppender (LogUtils.java:warn(134)) - b58abce5-9cda-4da4-af93-061e1b4f4afb: Failed appendEntries to 1baee1f3-808b-4789-a6cf-275e23684793:192.168.105.134:41937: org.apache.ratis.thirdparty.io.grpc.StatusRuntimeException: UNAVAILABLE: io exception
2019-06-13 20:39:48,549 INFO  impl.FollowerInfo (FollowerInfo.java:lambda$new$0(50)) - b58abce5-9cda-4da4-af93-061e1b4f4afb->1baee1f3-808b-4789-a6cf-275e23684793: nextIndex: updateUnconditionally 0 -> 0
2019-06-13 20:39:48,549 WARN  server.GrpcLogAppender (LogUtils.java:warn(134)) - b58abce5-9cda-4da4-af93-061e1b4f4afb: Failed appendEntries to 04e16058-0472-4deb-86f4-f1f2e4de4d0b:192.168.105.134:33961: org.apache.ratis.thirdparty.io.grpc.StatusRuntimeException: UNAVAILABLE: io exception
2019-06-13 20:39:48,550 INFO  impl.FollowerInfo (FollowerInfo.java:lambda$new$0(50)) - b58abce5-9cda-4da4-af93-061e1b4f4afb->04e16058-0472-4deb-86f4-f1f2e4de4d0b: nextIndex: updateUnconditionally 0 -> 0
2019-06-13 20:39:49,050 WARN  server.GrpcLogAppender (LogUtils.java:warn(134)) - b58abce5-9cda-4da4-af93-061e1b4f4afb: Failed appendEntries to 1baee1f3-808b-4789-a6cf-275e23684793:192.168.105.134:41937: org.apache.ratis.thirdparty.io.grpc.StatusRuntimeException: UNAVAILABLE: io exception
2019-06-13 20:39:49,050 WARN  server.GrpcLogAppender (LogUtils.java:warn(134)) - b58abce5-9cda-4da4-af93-061e1b4f4afb: Failed appendEntries to 04e16058-0472-4deb-86f4-f1f2e4de4d0b:192.168.105.134:33961: org.apache.ratis.thirdparty.io.grpc.StatusRuntimeException: UNAVAILABLE: io exception
2019-06-13 20:39:49,050 INFO  impl.FollowerInfo (FollowerInfo.java:lambda$new$0(50)) - b58abce5-9cda-4da4-af93-061e1b4f4afb->1baee1f3-808b-4789-a6cf-275e23684793: nextIndex: updateUnconditionally 0 -> 0
2019-06-13 20:39:49,050 INFO  impl.FollowerInfo (FollowerInfo.java:lambda$new$0(50)) - b58abce5-9cda-4da4-af93-061e1b4f4afb->04e16058-0472-4deb-86f4-f1f2e4de4d0b: nextIndex: updateUnconditionally 0 -> 0
2019-06-13 20:39:49,107 INFO  client.GrpcClientProtocolClient (GrpcClientProtocolClient.java:onNext(254)) - client-58AE962DCFD7->1ea93810-5587-4924-9768-cb2bfe8ffd83: receive RaftClientReply:client-58AE962DCFD7->1ea93810-5587-4924-9768-cb2bfe8ffd83@group-EAD887EF8AFF, cid=55, FAILED org.apache.ratis.protocol.NotLeaderException: Server 1ea93810-5587-4924-9768-cb2bfe8ffd83 is not the leader (df8f9c80-d395-4fb6-8a65-ad7a13e65732:192.168.105.134:45459). Request must be sent to leader., logIndex=0, commits[1ea93810-5587-4924-9768-cb2bfe8ffd83:c0, df8f9c80-d395-4fb6-8a65-ad7a13e65732:c0, 3b64936e-ecb8-4d21-aec8-a9c2df291bfe:c0]
2019-06-13 20:39:49,114 WARN  client.GrpcClientProtocolService (LogUtils.java:warn(134)) - 2-OrderedRequestStreamObserver2: onError: org.apache.ratis.thirdparty.io.grpc.StatusRuntimeException: CANCELLED: cancelled before receiving half close
2019-06-13 20:39:49,550 WARN  server.GrpcLogAppender (LogUtils.java:warn(134)) - b58abce5-9cda-4da4-af93-061e1b4f4afb: Failed appendEntries to 1baee1f3-808b-4789-a6cf-275e23684793:192.168.105.134:41937: org.apache.ratis.thirdparty.io.grpc.StatusRuntimeException: UNAVAILABLE: io exception
2019-06-13 20:39:49,551 INFO  impl.FollowerInfo (FollowerInfo.java:lambda$new$0(50)) - b58abce5-9cda-4da4-af93-061e1b4f4afb->1baee1f3-808b-4789-a6cf-275e23684793: nextIndex: updateUnconditionally 0 -> 0
2019-06-13 20:39:49,551 WARN  server.GrpcLogAppender (LogUtils.java:warn(134)) - b58abce5-9cda-4da4-af93-061e1b4f4afb: Failed appendEntries to 04e16058-0472-4deb-86f4-f1f2e4de4d0b:192.168.105.134:33961: org.apache.ratis.thirdparty.io.grpc.StatusRuntimeException: UNAVAILABLE: io exception
2019-06-13 20:39:49,551 INFO  impl.FollowerInfo (FollowerInfo.java:lambda$new$0(50)) - b58abce5-9cda-4da4-af93-061e1b4f4afb->04e16058-0472-4deb-86f4-f1f2e4de4d0b: nextIndex: updateUnconditionally 0 -> 0
2019-06-13 20:39:50,051 WARN  server.GrpcLogAppender (LogUtils.java:warn(134)) - b58abce5-9cda-4da4-af93-061e1b4f4afb: Failed appendEntries to 1baee1f3-808b-4789-a6cf-275e23684793:192.168.105.134:41937: org.apache.ratis.thirdparty.io.grpc.StatusRuntimeException: UNAVAILABLE: io exception
2019-06-13 20:39:50,052 WARN  server.GrpcLogAppender (LogUtils.java:warn(134)) - b58abce5-9cda-4da4-af93-061e1b4f4afb: Failed appendEntries to 04e16058-0472-4deb-86f4-f1f2e4de4d0b:192.168.105.134:33961: org.apache.ratis.thirdparty.io.grpc.StatusRuntimeException: UNAVAILABLE: io exception
2019-06-13 20:39:50,052 INFO  impl.FollowerInfo (FollowerInfo.java:lambda$new$0(50)) - b58abce5-9cda-4da4-af93-061e1b4f4afb->1baee1f3-808b-4789-a6cf-275e23684793: nextIndex: updateUnconditionally 0 -> 0
2019-06-13 20:39:50,052 INFO  impl.FollowerInfo (FollowerInfo.java:lambda$new$0(50)) - b58abce5-9cda-4da4-af93-061e1b4f4afb->04e16058-0472-4deb-86f4-f1f2e4de4d0b: nextIndex: updateUnconditionally 0 -> 0
2019-06-13 20:39:50,120 INFO  client.GrpcClientProtocolClient (GrpcClientProtocolClient.java:onNext(254)) - client-58AE962DCFD7->3b64936e-ecb8-4d21-aec8-a9c2df291bfe: receive RaftClientReply:client-58AE962DCFD7->3b64936e-ecb8-4d21-aec8-a9c2df291bfe@group-EAD887EF8AFF, cid=55, FAILED org.apache.ratis.protocol.NotLeaderException: Server 3b64936e-ecb8-4d21-aec8-a9c2df291bfe is not the leader (df8f9c80-d395-4fb6-8a65-ad7a13e65732:192.168.105.134:45459). Request must be sent to leader., logIndex=0, commits[3b64936e-ecb8-4d21-aec8-a9c2df291bfe:c0, df8f9c80-d395-4fb6-8a65-ad7a13e65732:c0, 1ea93810-5587-4924-9768-cb2bfe8ffd83:c0]
2019-06-13 20:39:50,125 WARN  io.KeyOutputStream (KeyOutputStream.java:handleException(276)) - Encountered exception java.io.IOException: Unexpected Storage Container Exception: java.util.concurrent.CompletionException: java.util.concurrent.CompletionException: org.apache.ratis.protocol.RaftRetryFailureException: Failed RaftClientRequest:client-58AE962DCFD7->3b64936e-ecb8-4d21-aec8-a9c2df291bfe@group-EAD887EF8AFF, cid=55, seq=1*, RW, org.apache.hadoop.hdds.scm.XceiverClientRatis$$Lambda$441/2046142189@473b569c for 5 attempts with RetryLimited(maxAttempts=5, sleepTime=1000ms) on the pipeline Pipeline[ Id: 9a911606-261e-465a-a07a-ead887ef8aff, Nodes: 1ea93810-5587-4924-9768-cb2bfe8ffd83{ip: 192.168.105.134, host: ozone-xt75l-2456167409, networkLocation: /default-rack, certSerialId: null}df8f9c80-d395-4fb6-8a65-ad7a13e65732{ip: 192.168.105.134, host: ozone-xt75l-2456167409, networkLocation: /default-rack, certSerialId: null}3b64936e-ecb8-4d21-aec8-a9c2df291bfe{ip: 192.168.105.134, host: ozone-xt75l-2456167409, networkLocation: /default-rack, certSerialId: null}, Type:RATIS, Factor:THREE, State:OPEN]. The last committed block length is 0, uncommitted data length is 524288 retry count 0
2019-06-13 20:39:50,129 WARN  block.BlockManagerImpl (BlockManagerImpl.java:allocateBlock(192)) - Pipeline creation failed for type:RATIS factor:THREE. Retrying get pipelines call once.
org.apache.hadoop.hdds.scm.pipeline.InsufficientDatanodesException: Cannot create pipeline of factor 3 using 1 nodes.
	at org.apache.hadoop.hdds.scm.pipeline.RatisPipelineProvider.create(RatisPipelineProvider.java:151)
	at org.apache.hadoop.hdds.scm.pipeline.PipelineFactory.create(PipelineFactory.java:57)
	at org.apache.hadoop.hdds.scm.pipeline.SCMPipelineManager.createPipeline(SCMPipelineManager.java:149)
	at org.apache.hadoop.hdds.scm.block.BlockManagerImpl.allocateBlock(BlockManagerImpl.java:190)
	at org.apache.hadoop.hdds.scm.server.SCMBlockProtocolServer.allocateBlock(SCMBlockProtocolServer.java:172)
	at org.apache.hadoop.ozone.protocolPB.ScmBlockLocationProtocolServerSideTranslatorPB.allocateScmBlock(ScmBlockLocationProtocolServerSideTranslatorPB.java:82)
	at org.apache.hadoop.hdds.protocol.proto.ScmBlockLocationProtocolProtos$ScmBlockLocationProtocolService$2.callBlockingMethod(ScmBlockLocationProtocolProtos.java:7533)
	at org.apache.hadoop.ipc.ProtobufRpcEngine$Server$ProtoBufRpcInvoker.call(ProtobufRpcEngine.java:524)
	at org.apache.hadoop.ipc.RPC$Server.call(RPC.java:1025)
	at org.apache.hadoop.ipc.Server$RpcCall.run(Server.java:876)
	at org.apache.hadoop.ipc.Server$RpcCall.run(Server.java:822)
	at java.security.AccessController.doPrivileged(Native Method)
	at javax.security.auth.Subject.doAs(Subject.java:422)
	at org.apache.hadoop.security.UserGroupInformation.doAs(UserGroupInformation.java:1730)
	at org.apache.hadoop.ipc.Server$Handler.run(Server.java:2682)
2019-06-13 20:39:50,131 INFO  block.BlockManagerImpl (BlockManagerImpl.java:allocateBlock(198)) - Could not find available pipeline of type:RATIS and factor:THREE even after retrying
2019-06-13 20:39:50,131 ERROR block.BlockManagerImpl (BlockManagerImpl.java:allocateBlock(222)) - Unable to allocate a block for the size: 4194304, type: RATIS, factor: THREE
20:39:50.131 [IPC Server handler 2 on 39781] ERROR OMAudit - user=root | ip=127.0.0.1 | op=ALLOCATE_BLOCK {volume=datanodefailurehandlingtest, bucket=datanodefailurehandlingtest, key=98a2235c-d1fb-4f70-9d15-335e6b15f5a7, dataSize=0, replicationType=null, replicationFactor=null, keyLocationInfo=null, clientID=102266200188256262} | ret=FAILURE
java.io.IOException: Allocate block failed.
	at org.apache.hadoop.hdds.scm.protocolPB.ScmBlockLocationProtocolClientSideTranslatorPB.allocateBlock(ScmBlockLocationProtocolClientSideTranslatorPB.java:111) ~[hadoop-hdds-common-0.5.0-SNAPSHOT.jar:?]
	at sun.reflect.NativeMethodAccessorImpl.invoke0(Native Method) ~[?:1.8.0_212]
	at sun.reflect.NativeMethodAccessorImpl.invoke(NativeMethodAccessorImpl.java:62) ~[?:1.8.0_212]
	at sun.reflect.DelegatingMethodAccessorImpl.invoke(DelegatingMethodAccessorImpl.java:43) ~[?:1.8.0_212]
	at java.lang.reflect.Method.invoke(Method.java:498) ~[?:1.8.0_212]
	at org.apache.hadoop.hdds.tracing.TraceAllMethod.invoke(TraceAllMethod.java:66) ~[hadoop-hdds-common-0.5.0-SNAPSHOT.jar:?]
	at com.sun.proxy.$Proxy25.allocateBlock(Unknown Source) ~[?:?]
	at org.apache.hadoop.ozone.om.KeyManagerImpl.allocateBlock(KeyManagerImpl.java:347) ~[hadoop-ozone-ozone-manager-0.5.0-SNAPSHOT.jar:?]
	at org.apache.hadoop.ozone.om.KeyManagerImpl.allocateBlock(KeyManagerImpl.java:315) ~[hadoop-ozone-ozone-manager-0.5.0-SNAPSHOT.jar:?]
	at org.apache.hadoop.ozone.om.OzoneManager.allocateBlock(OzoneManager.java:2301) [hadoop-ozone-ozone-manager-0.5.0-SNAPSHOT.jar:?]
	at org.apache.hadoop.ozone.protocolPB.OzoneManagerRequestHandler.allocateBlock(OzoneManagerRequestHandler.java:755) [hadoop-ozone-ozone-manager-0.5.0-SNAPSHOT.jar:?]
	at org.apache.hadoop.ozone.protocolPB.OzoneManagerRequestHandler.handle(OzoneManagerRequestHandler.java:249) [hadoop-ozone-ozone-manager-0.5.0-SNAPSHOT.jar:?]
	at org.apache.hadoop.ozone.protocolPB.OzoneManagerProtocolServerSideTranslatorPB.submitRequestDirectlyToOM(OzoneManagerProtocolServerSideTranslatorPB.java:180) [hadoop-ozone-ozone-manager-0.5.0-SNAPSHOT.jar:?]
	at org.apache.hadoop.ozone.protocolPB.OzoneManagerProtocolServerSideTranslatorPB.submitRequest(OzoneManagerProtocolServerSideTranslatorPB.java:102) [hadoop-ozone-ozone-manager-0.5.0-SNAPSHOT.jar:?]
	at org.apache.hadoop.ozone.protocol.proto.OzoneManagerProtocolProtos$OzoneManagerService$2.callBlockingMethod(OzoneManagerProtocolProtos.java) [hadoop-ozone-common-0.5.0-SNAPSHOT.jar:?]
	at org.apache.hadoop.ipc.ProtobufRpcEngine$Server$ProtoBufRpcInvoker.call(ProtobufRpcEngine.java:524) [hadoop-common-3.2.0.jar:?]
	at org.apache.hadoop.ipc.RPC$Server.call(RPC.java:1025) [hadoop-common-3.2.0.jar:?]
	at org.apache.hadoop.ipc.Server$RpcCall.run(Server.java:876) [hadoop-common-3.2.0.jar:?]
	at org.apache.hadoop.ipc.Server$RpcCall.run(Server.java:822) [hadoop-common-3.2.0.jar:?]
	at java.security.AccessController.doPrivileged(Native Method) [?:1.8.0_212]
	at javax.security.auth.Subject.doAs(Subject.java:422) [?:1.8.0_212]
	at org.apache.hadoop.security.UserGroupInformation.doAs(UserGroupInformation.java:1730) [hadoop-common-3.2.0.jar:?]
	at org.apache.hadoop.ipc.Server$Handler.run(Server.java:2682) [hadoop-common-3.2.0.jar:?]
2019-06-13 20:39:50,133 ERROR io.BlockOutputStreamEntryPool (BlockOutputStreamEntryPool.java:allocateBlockIfNeeded(299)) - Try to allocate more blocks for write failed, already allocated 0 blocks for this write.
INTERNAL_ERROR org.apache.hadoop.ozone.om.exceptions.OMException: Allocate block failed.
	at org.apache.hadoop.ozone.om.protocolPB.OzoneManagerProtocolClientSideTranslatorPB.handleError(OzoneManagerProtocolClientSideTranslatorPB.java:720)
	at org.apache.hadoop.ozone.om.protocolPB.OzoneManagerProtocolClientSideTranslatorPB.allocateBlock(OzoneManagerProtocolClientSideTranslatorPB.java:743)
	at org.apache.hadoop.ozone.client.io.BlockOutputStreamEntryPool.allocateNewBlock(BlockOutputStreamEntryPool.java:248)
	at org.apache.hadoop.ozone.client.io.BlockOutputStreamEntryPool.allocateBlockIfNeeded(BlockOutputStreamEntryPool.java:296)
	at org.apache.hadoop.ozone.client.io.KeyOutputStream.handleWrite(KeyOutputStream.java:201)
	at org.apache.hadoop.ozone.client.io.KeyOutputStream.handleRetry(KeyOutputStream.java:376)
	at org.apache.hadoop.ozone.client.io.KeyOutputStream.handleException(KeyOutputStream.java:325)
	at org.apache.hadoop.ozone.client.io.KeyOutputStream.handleFlushOrClose(KeyOutputStream.java:448)
	at org.apache.hadoop.ozone.client.io.KeyOutputStream.close(KeyOutputStream.java:472)
	at org.apache.hadoop.ozone.client.io.OzoneOutputStream.close(OzoneOutputStream.java:60)
	at org.apache.hadoop.ozone.client.rpc.TestFailureHandlingByClient.testWriteSmallFile(TestFailureHandlingByClient.java:282)
	at sun.reflect.NativeMethodAccessorImpl.invoke0(Native Method)
	at sun.reflect.NativeMethodAccessorImpl.invoke(NativeMethodAccessorImpl.java:62)
	at sun.reflect.DelegatingMethodAccessorImpl.invoke(DelegatingMethodAccessorImpl.java:43)
	at java.lang.reflect.Method.invoke(Method.java:498)
	at org.junit.runners.model.FrameworkMethod$1.runReflectiveCall(FrameworkMethod.java:47)
	at org.junit.internal.runners.model.ReflectiveCallable.run(ReflectiveCallable.java:12)
	at org.junit.runners.model.FrameworkMethod.invokeExplosively(FrameworkMethod.java:44)
	at org.junit.internal.runners.statements.InvokeMethod.evaluate(InvokeMethod.java:17)
	at org.junit.runners.ParentRunner.runLeaf(ParentRunner.java:271)
	at org.junit.runners.BlockJUnit4ClassRunner.runChild(BlockJUnit4ClassRunner.java:70)
	at org.junit.runners.BlockJUnit4ClassRunner.runChild(BlockJUnit4ClassRunner.java:50)
	at org.junit.runners.ParentRunner$3.run(ParentRunner.java:238)
	at org.junit.runners.ParentRunner$1.schedule(ParentRunner.java:63)
	at org.junit.runners.ParentRunner.runChildren(ParentRunner.java:236)
	at org.junit.runners.ParentRunner.access$000(ParentRunner.java:53)
	at org.junit.runners.ParentRunner$2.evaluate(ParentRunner.java:229)
	at org.junit.runners.ParentRunner.run(ParentRunner.java:309)
	at org.apache.maven.surefire.junit4.JUnit4Provider.execute(JUnit4Provider.java:365)
	at org.apache.maven.surefire.junit4.JUnit4Provider.executeWithRerun(JUnit4Provider.java:273)
	at org.apache.maven.surefire.junit4.JUnit4Provider.executeTestSet(JUnit4Provider.java:238)
	at org.apache.maven.surefire.junit4.JUnit4Provider.invoke(JUnit4Provider.java:159)
	at org.apache.maven.surefire.booter.ForkedBooter.invokeProviderInSameClassLoader(ForkedBooter.java:384)
	at org.apache.maven.surefire.booter.ForkedBooter.runSuitesInProcess(ForkedBooter.java:345)
	at org.apache.maven.surefire.booter.ForkedBooter.execute(ForkedBooter.java:126)
	at org.apache.maven.surefire.booter.ForkedBooter.main(ForkedBooter.java:418)
]]></system-out>
    <system-err><![CDATA[Jun 13, 2019 8:39:30 PM com.sun.jersey.server.impl.application.WebApplicationImpl _initiate
INFO: Initiating Jersey application, version 'Jersey: 1.19 02/11/2015 03:25 AM'
Jun 13, 2019 8:39:31 PM com.sun.jersey.server.impl.application.WebApplicationImpl _initiate
INFO: Initiating Jersey application, version 'Jersey: 1.19 02/11/2015 03:25 AM'
Jun 13, 2019 8:39:31 PM com.sun.jersey.server.impl.application.WebApplicationImpl _initiate
INFO: Initiating Jersey application, version 'Jersey: 1.19 02/11/2015 03:25 AM'
Jun 13, 2019 8:39:31 PM com.sun.jersey.server.impl.application.WebApplicationImpl _initiate
INFO: Initiating Jersey application, version 'Jersey: 1.19 02/11/2015 03:25 AM'
Jun 13, 2019 8:39:31 PM com.sun.jersey.server.impl.application.WebApplicationImpl _initiate
INFO: Initiating Jersey application, version 'Jersey: 1.19 02/11/2015 03:25 AM'
Jun 13, 2019 8:39:31 PM com.sun.jersey.server.impl.application.WebApplicationImpl _initiate
INFO: Initiating Jersey application, version 'Jersey: 1.19 02/11/2015 03:25 AM'
]]></system-err>
  </testcase>
  <testcase name="testMultiBlockWritesWithIntermittentDnFailures" classname="org.apache.hadoop.ozone.client.rpc.TestFailureHandlingByClient" time="28.166"/>
  <testcase name="testBlockWritesWithDnFailures" classname="org.apache.hadoop.ozone.client.rpc.TestFailureHandlingByClient" time="17.94"/>
  <testcase name="testDatanodeExclusionWithMajorityCommit" classname="org.apache.hadoop.ozone.client.rpc.TestFailureHandlingByClient" time="20.005"/>
  <testcase name="testMultiBlockWritesWithDnFailures" classname="org.apache.hadoop.ozone.client.rpc.TestFailureHandlingByClient" time="22.929"/>
</testsuite>