<?xml version="1.0" encoding="UTF-8"?>
<testsuite xmlns:xsi="http://www.w3.org/2001/XMLSchema-instance" xsi:noNamespaceSchemaLocation="https://maven.apache.org/surefire/maven-surefire-plugin/xsd/surefire-test-report.xsd" name="org.apache.hadoop.hdds.scm.pipeline.TestNodeFailure" time="10.891" tests="1" errors="0" skipped="1" failures="0">
  <properties>
    <property name="awt.toolkit" value="sun.awt.X11.XToolkit"/>
    <property name="file.encoding.pkg" value="sun.io"/>
    <property name="java.specification.version" value="1.8"/>
    <property name="sun.cpu.isalist" value=""/>
    <property name="sun.jnu.encoding" value="UTF-8"/>
    <property name="java.class.path" value="/opt/src/hadoop-ozone/integration-test/target/test-classes:/opt/src/hadoop-ozone/integration-test/target/classes:/root/.m2/repository/org/apache/hadoop/hadoop-ozone-common/0.5.0-SNAPSHOT/hadoop-ozone-common-0.5.0-SNAPSHOT.jar:/root/.m2/repository/org/apache/commons/commons-compress/1.4.1/commons-compress-1.4.1.jar:/root/.m2/repository/org/tukaani/xz/1.0/xz-1.0.jar:/root/.m2/repository/org/apache/hadoop/hadoop-common/3.2.0/hadoop-common-3.2.0.jar:/root/.m2/repository/org/apache/hadoop/hadoop-hdfs/3.2.0/hadoop-hdfs-3.2.0.jar:/root/.m2/repository/org/apache/hadoop/hadoop-hdfs-client/3.2.0/hadoop-hdfs-client-3.2.0.jar:/root/.m2/repository/com/fasterxml/jackson/core/jackson-annotations/2.9.5/jackson-annotations-2.9.5.jar:/root/.m2/repository/org/apache/hadoop/hadoop-hdds-common/0.5.0-SNAPSHOT/hadoop-hdds-common-0.5.0-SNAPSHOT.jar:/root/.m2/repository/javax/annotation/javax.annotation-api/1.2/javax.annotation-api-1.2.jar:/root/.m2/repository/org/apache/ratis/ratis-server/0.4.0-fe2b15d-SNAPSHOT/ratis-server-0.4.0-fe2b15d-SNAPSHOT.jar:/root/.m2/repository/org/apache/ratis/ratis-thirdparty-misc/0.2.0/ratis-thirdparty-misc-0.2.0.jar:/root/.m2/repository/org/apache/ratis/ratis-proto/0.4.0-fe2b15d-SNAPSHOT/ratis-proto-0.4.0-fe2b15d-SNAPSHOT.jar:/root/.m2/repository/org/apache/ratis/ratis-common/0.4.0-fe2b15d-SNAPSHOT/ratis-common-0.4.0-fe2b15d-SNAPSHOT.jar:/root/.m2/repository/org/apache/ratis/ratis-client/0.4.0-fe2b15d-SNAPSHOT/ratis-client-0.4.0-fe2b15d-SNAPSHOT.jar:/root/.m2/repository/org/apache/ratis/ratis-netty/0.4.0-fe2b15d-SNAPSHOT/ratis-netty-0.4.0-fe2b15d-SNAPSHOT.jar:/root/.m2/repository/org/apache/ratis/ratis-grpc/0.4.0-fe2b15d-SNAPSHOT/ratis-grpc-0.4.0-fe2b15d-SNAPSHOT.jar:/root/.m2/repository/org/rocksdb/rocksdbjni/5.14.2/rocksdbjni-5.14.2.jar:/root/.m2/repository/org/apache/logging/log4j/log4j-api/2.11.0/log4j-api-2.11.0.jar:/root/.m2/repository/org/apache/logging/log4j/log4j-core/2.11.0/log4j-core-2.11.0.jar:/root/.m2/repository/com/lmax/disruptor/3.4.2/disruptor-3.4.2.jar:/root/.m2/repository/org/apache/commons/commons-pool2/2.6.0/commons-pool2-2.6.0.jar:/root/.m2/repository/org/bouncycastle/bcpkix-jdk15on/1.60/bcpkix-jdk15on-1.60.jar:/root/.m2/repository/commons-validator/commons-validator/1.6/commons-validator-1.6.jar:/root/.m2/repository/commons-digester/commons-digester/1.8.1/commons-digester-1.8.1.jar:/root/.m2/repository/io/jaegertracing/jaeger-client/0.33.1/jaeger-client-0.33.1.jar:/root/.m2/repository/io/jaegertracing/jaeger-thrift/0.33.1/jaeger-thrift-0.33.1.jar:/root/.m2/repository/org/apache/thrift/libthrift/0.11.0/libthrift-0.11.0.jar:/root/.m2/repository/com/squareup/okhttp3/okhttp/3.9.0/okhttp-3.9.0.jar:/root/.m2/repository/com/squareup/okio/okio/1.13.0/okio-1.13.0.jar:/root/.m2/repository/io/jaegertracing/jaeger-core/0.33.1/jaeger-core-0.33.1.jar:/root/.m2/repository/io/jaegertracing/jaeger-tracerresolver/0.33.1/jaeger-tracerresolver-0.33.1.jar:/root/.m2/repository/io/opentracing/contrib/opentracing-tracerresolver/0.1.5/opentracing-tracerresolver-0.1.5.jar:/root/.m2/repository/io/opentracing/opentracing-util/0.31.0/opentracing-util-0.31.0.jar:/root/.m2/repository/io/opentracing/opentracing-api/0.31.0/opentracing-api-0.31.0.jar:/root/.m2/repository/io/opentracing/opentracing-noop/0.31.0/opentracing-noop-0.31.0.jar:/root/.m2/repository/org/apache/hadoop/hadoop-hdds-server-framework/0.5.0-SNAPSHOT/hadoop-hdds-server-framework-0.5.0-SNAPSHOT.jar:/root/.m2/repository/org/apache/hadoop/hadoop-hdds-server-scm/0.5.0-SNAPSHOT/hadoop-hdds-server-scm-0.5.0-SNAPSHOT.jar:/root/.m2/repository/org/apache/hadoop/hadoop-hdds-container-service/0.5.0-SNAPSHOT/hadoop-hdds-container-service-0.5.0-SNAPSHOT.jar:/root/.m2/repository/org/apache/hadoop/hadoop-hdds-client/0.5.0-SNAPSHOT/hadoop-hdds-client-0.5.0-SNAPSHOT.jar:/root/.m2/repository/org/apache/hadoop/hadoop-hdds-tools/0.5.0-SNAPSHOT/hadoop-hdds-tools-0.5.0-SNAPSHOT.jar:/root/.m2/repository/org/apache/hadoop/hadoop-ozone-ozone-manager/0.5.0-SNAPSHOT/hadoop-ozone-ozone-manager-0.5.0-SNAPSHOT.jar:/root/.m2/repository/org/apache/hadoop/hadoop-hdds-docs/0.5.0-SNAPSHOT/hadoop-hdds-docs-0.5.0-SNAPSHOT.jar:/root/.m2/repository/org/bouncycastle/bcprov-jdk15on/1.60/bcprov-jdk15on-1.60.jar:/root/.m2/repository/org/apache/hadoop/hadoop-minikdc/3.2.0/hadoop-minikdc-3.2.0.jar:/root/.m2/repository/commons-io/commons-io/2.5/commons-io-2.5.jar:/root/.m2/repository/org/apache/kerby/kerb-simplekdc/1.0.1/kerb-simplekdc-1.0.1.jar:/root/.m2/repository/org/apache/kerby/kerb-client/1.0.1/kerb-client-1.0.1.jar:/root/.m2/repository/org/apache/kerby/kerby-config/1.0.1/kerby-config-1.0.1.jar:/root/.m2/repository/org/apache/kerby/kerb-core/1.0.1/kerb-core-1.0.1.jar:/root/.m2/repository/org/apache/kerby/kerby-pkix/1.0.1/kerby-pkix-1.0.1.jar:/root/.m2/repository/org/apache/kerby/kerby-asn1/1.0.1/kerby-asn1-1.0.1.jar:/root/.m2/repository/org/apache/kerby/kerby-util/1.0.1/kerby-util-1.0.1.jar:/root/.m2/repository/org/apache/kerby/kerb-common/1.0.1/kerb-common-1.0.1.jar:/root/.m2/repository/org/apache/kerby/kerb-crypto/1.0.1/kerb-crypto-1.0.1.jar:/root/.m2/repository/org/apache/kerby/kerb-util/1.0.1/kerb-util-1.0.1.jar:/root/.m2/repository/org/apache/kerby/token-provider/1.0.1/token-provider-1.0.1.jar:/root/.m2/repository/org/apache/kerby/kerb-admin/1.0.1/kerb-admin-1.0.1.jar:/root/.m2/repository/org/apache/kerby/kerb-server/1.0.1/kerb-server-1.0.1.jar:/root/.m2/repository/org/apache/kerby/kerb-identity/1.0.1/kerb-identity-1.0.1.jar:/root/.m2/repository/org/apache/kerby/kerby-xdr/1.0.1/kerby-xdr-1.0.1.jar:/root/.m2/repository/org/slf4j/slf4j-log4j12/1.7.25/slf4j-log4j12-1.7.25.jar:/root/.m2/repository/org/apache/hadoop/hadoop-ozone-objectstore-service/0.5.0-SNAPSHOT/hadoop-ozone-objectstore-service-0.5.0-SNAPSHOT.jar:/root/.m2/repository/org/apache/hadoop/hadoop-ozone-s3gateway/0.5.0-SNAPSHOT/hadoop-ozone-s3gateway-0.5.0-SNAPSHOT.jar:/root/.m2/repository/org/jboss/weld/servlet/weld-servlet/2.4.7.Final/weld-servlet-2.4.7.Final.jar:/root/.m2/repository/org/glassfish/jersey/containers/jersey-container-servlet-core/2.27/jersey-container-servlet-core-2.27.jar:/root/.m2/repository/org/glassfish/hk2/external/javax.inject/2.5.0-b42/javax.inject-2.5.0-b42.jar:/root/.m2/repository/org/glassfish/jersey/core/jersey-common/2.27/jersey-common-2.27.jar:/root/.m2/repository/org/glassfish/hk2/osgi-resource-locator/1.0.1/osgi-resource-locator-1.0.1.jar:/root/.m2/repository/javax/ws/rs/javax.ws.rs-api/2.1/javax.ws.rs-api-2.1.jar:/root/.m2/repository/org/glassfish/jersey/ext/cdi/jersey-cdi1x/2.27/jersey-cdi1x-2.27.jar:/root/.m2/repository/org/glassfish/jersey/inject/jersey-hk2/2.27/jersey-hk2-2.27.jar:/root/.m2/repository/org/glassfish/hk2/hk2-locator/2.5.0-b42/hk2-locator-2.5.0-b42.jar:/root/.m2/repository/org/javassist/javassist/3.22.0-CR2/javassist-3.22.0-CR2.jar:/root/.m2/repository/org/glassfish/hk2/hk2-api/2.5.0/hk2-api-2.5.0.jar:/root/.m2/repository/org/glassfish/hk2/external/jakarta.inject/2.5.0/jakarta.inject-2.5.0.jar:/root/.m2/repository/org/glassfish/hk2/hk2-utils/2.5.0/hk2-utils-2.5.0.jar:/root/.m2/repository/jakarta/annotation/jakarta.annotation-api/1.3.4/jakarta.annotation-api-1.3.4.jar:/root/.m2/repository/org/glassfish/hk2/external/aopalliance-repackaged/2.5.0/aopalliance-repackaged-2.5.0.jar:/root/.m2/repository/com/fasterxml/jackson/dataformat/jackson-dataformat-xml/2.9.0/jackson-dataformat-xml-2.9.0.jar:/root/.m2/repository/com/fasterxml/jackson/core/jackson-core/2.9.5/jackson-core-2.9.5.jar:/root/.m2/repository/com/fasterxml/jackson/module/jackson-module-jaxb-annotations/2.9.5/jackson-module-jaxb-annotations-2.9.5.jar:/root/.m2/repository/javax/enterprise/cdi-api/1.2/cdi-api-1.2.jar:/root/.m2/repository/javax/el/javax.el-api/3.0.0/javax.el-api-3.0.0.jar:/root/.m2/repository/javax/interceptor/javax.interceptor-api/1.2/javax.interceptor-api-1.2.jar:/root/.m2/repository/javax/inject/javax.inject/1/javax.inject-1.jar:/root/.m2/repository/com/sun/xml/bind/jaxb-impl/2.3.0.1/jaxb-impl-2.3.0.1.jar:/root/.m2/repository/com/sun/xml/bind/jaxb-core/2.3.0.1/jaxb-core-2.3.0.1.jar:/root/.m2/repository/javax/xml/bind/jaxb-api/2.3.0/jaxb-api-2.3.0.jar:/root/.m2/repository/javax/activation/activation/1.1.1/activation-1.1.1.jar:/root/.m2/repository/org/apache/hadoop/hadoop-ozone-csi/0.5.0-SNAPSHOT/hadoop-ozone-csi-0.5.0-SNAPSHOT.jar:/root/.m2/repository/com/google/protobuf/protobuf-java-util/3.5.1/protobuf-java-util-3.5.1.jar:/root/.m2/repository/org/apache/hadoop/hadoop-hdds-config/0.5.0-SNAPSHOT/hadoop-hdds-config-0.5.0-SNAPSHOT.jar:/root/.m2/repository/com/google/guava/guava/11.0.2/guava-11.0.2.jar:/root/.m2/repository/com/google/protobuf/protobuf-java/2.5.0/protobuf-java-2.5.0.jar:/root/.m2/repository/io/grpc/grpc-netty/1.17.1/grpc-netty-1.17.1.jar:/root/.m2/repository/io/grpc/grpc-core/1.17.1/grpc-core-1.17.1.jar:/root/.m2/repository/io/grpc/grpc-context/1.17.1/grpc-context-1.17.1.jar:/root/.m2/repository/com/google/errorprone/error_prone_annotations/2.2.0/error_prone_annotations-2.2.0.jar:/root/.m2/repository/org/codehaus/mojo/animal-sniffer-annotations/1.17/animal-sniffer-annotations-1.17.jar:/root/.m2/repository/io/opencensus/opencensus-api/0.17.0/opencensus-api-0.17.0.jar:/root/.m2/repository/io/opencensus/opencensus-contrib-grpc-metrics/0.17.0/opencensus-contrib-grpc-metrics-0.17.0.jar:/root/.m2/repository/io/netty/netty-codec-http2/4.1.30.Final/netty-codec-http2-4.1.30.Final.jar:/root/.m2/repository/io/netty/netty-codec-http/4.1.30.Final/netty-codec-http-4.1.30.Final.jar:/root/.m2/repository/io/netty/netty-codec/4.1.30.Final/netty-codec-4.1.30.Final.jar:/root/.m2/repository/io/netty/netty-handler/4.1.30.Final/netty-handler-4.1.30.Final.jar:/root/.m2/repository/io/netty/netty-handler-proxy/4.1.30.Final/netty-handler-proxy-4.1.30.Final.jar:/root/.m2/repository/io/netty/netty-codec-socks/4.1.30.Final/netty-codec-socks-4.1.30.Final.jar:/root/.m2/repository/io/netty/netty-transport-native-epoll/4.1.30.Final/netty-transport-native-epoll-4.1.30.Final.jar:/root/.m2/repository/io/netty/netty-common/4.1.30.Final/netty-common-4.1.30.Final.jar:/root/.m2/repository/io/netty/netty-buffer/4.1.30.Final/netty-buffer-4.1.30.Final.jar:/root/.m2/repository/io/netty/netty-transport/4.1.30.Final/netty-transport-4.1.30.Final.jar:/root/.m2/repository/io/netty/netty-resolver/4.1.30.Final/netty-resolver-4.1.30.Final.jar:/root/.m2/repository/io/netty/netty-transport-native-unix-common/4.1.30.Final/netty-transport-native-unix-common-4.1.30.Final.jar:/root/.m2/repository/io/grpc/grpc-protobuf/1.17.1/grpc-protobuf-1.17.1.jar:/root/.m2/repository/com/google/api/grpc/proto-google-common-protos/1.0.0/proto-google-common-protos-1.0.0.jar:/root/.m2/repository/io/grpc/grpc-protobuf-lite/1.17.1/grpc-protobuf-lite-1.17.1.jar:/root/.m2/repository/io/grpc/grpc-stub/1.17.1/grpc-stub-1.17.1.jar:/root/.m2/repository/org/apache/hadoop/hadoop-ozone-recon/0.5.0-SNAPSHOT/hadoop-ozone-recon-0.5.0-SNAPSHOT.jar:/root/.m2/repository/org/apache/hadoop/hadoop-ozone-reconcodegen/0.5.0-SNAPSHOT/hadoop-ozone-reconcodegen-0.5.0-SNAPSHOT.jar:/root/.m2/repository/com/google/inject/extensions/guice-multibindings/4.0/guice-multibindings-4.0.jar:/root/.m2/repository/com/google/inject/guice/4.0/guice-4.0.jar:/root/.m2/repository/aopalliance/aopalliance/1.0/aopalliance-1.0.jar:/root/.m2/repository/com/google/inject/extensions/guice-servlet/4.0/guice-servlet-4.0.jar:/root/.m2/repository/org/glassfish/jersey/containers/jersey-container-servlet/2.27/jersey-container-servlet-2.27.jar:/root/.m2/repository/org/glassfish/hk2/guice-bridge/2.5.0/guice-bridge-2.5.0.jar:/root/.m2/repository/org/glassfish/jersey/core/jersey-server/2.27/jersey-server-2.27.jar:/root/.m2/repository/org/glassfish/jersey/core/jersey-client/2.27/jersey-client-2.27.jar:/root/.m2/repository/org/glassfish/jersey/media/jersey-media-jaxb/2.27/jersey-media-jaxb-2.27.jar:/root/.m2/repository/javax/validation/validation-api/1.1.0.Final/validation-api-1.1.0.Final.jar:/root/.m2/repository/org/glassfish/jersey/media/jersey-media-json-jackson/2.27/jersey-media-json-jackson-2.27.jar:/root/.m2/repository/org/glassfish/jersey/ext/jersey-entity-filtering/2.27/jersey-entity-filtering-2.27.jar:/root/.m2/repository/com/google/inject/extensions/guice-assistedinject/4.0/guice-assistedinject-4.0.jar:/root/.m2/repository/org/jooq/jooq/3.11.10/jooq-3.11.10.jar:/root/.m2/repository/org/jooq/jooq-meta/3.11.10/jooq-meta-3.11.10.jar:/root/.m2/repository/org/jooq/jooq-codegen/3.11.10/jooq-codegen-3.11.10.jar:/root/.m2/repository/com/jolbox/bonecp/0.8.0.RELEASE/bonecp-0.8.0.RELEASE.jar:/root/.m2/repository/org/xerial/sqlite-jdbc/3.25.2/sqlite-jdbc-3.25.2.jar:/root/.m2/repository/org/springframework/spring-jdbc/5.1.3.RELEASE/spring-jdbc-5.1.3.RELEASE.jar:/root/.m2/repository/org/springframework/spring-beans/5.1.3.RELEASE/spring-beans-5.1.3.RELEASE.jar:/root/.m2/repository/org/springframework/spring-core/5.1.3.RELEASE/spring-core-5.1.3.RELEASE.jar:/root/.m2/repository/org/springframework/spring-jcl/5.1.3.RELEASE/spring-jcl-5.1.3.RELEASE.jar:/root/.m2/repository/org/springframework/spring-tx/5.1.3.RELEASE/spring-tx-5.1.3.RELEASE.jar:/root/.m2/repository/org/apache/hadoop/hadoop-ozone-client/0.5.0-SNAPSHOT/hadoop-ozone-client-0.5.0-SNAPSHOT.jar:/root/.m2/repository/org/apache/hadoop/hadoop-ozone-ozone-manager/0.5.0-SNAPSHOT/hadoop-ozone-ozone-manager-0.5.0-SNAPSHOT-tests.jar:/root/.m2/repository/junit/junit/4.11/junit-4.11.jar:/root/.m2/repository/org/hamcrest/hamcrest-core/1.3/hamcrest-core-1.3.jar:/root/.m2/repository/org/openjdk/jmh/jmh-core/1.19/jmh-core-1.19.jar:/root/.m2/repository/net/sf/jopt-simple/jopt-simple/4.6/jopt-simple-4.6.jar:/root/.m2/repository/org/apache/commons/commons-math3/3.1.1/commons-math3-3.1.1.jar:/root/.m2/repository/org/openjdk/jmh/jmh-generator-annprocess/1.19/jmh-generator-annprocess-1.19.jar:/root/.m2/repository/org/mockito/mockito-all/1.8.5/mockito-all-1.8.5.jar:/root/.m2/repository/org/apache/hadoop/hadoop-kms/3.2.0/hadoop-kms-3.2.0.jar:/root/.m2/repository/org/apache/hadoop/hadoop-auth/3.2.0/hadoop-auth-3.2.0.jar:/root/.m2/repository/com/nimbusds/nimbus-jose-jwt/4.41.1/nimbus-jose-jwt-4.41.1.jar:/root/.m2/repository/com/github/stephenc/jcip/jcip-annotations/1.0-1/jcip-annotations-1.0-1.jar:/root/.m2/repository/net/minidev/json-smart/2.3/json-smart-2.3.jar:/root/.m2/repository/net/minidev/accessors-smart/1.2/accessors-smart-1.2.jar:/root/.m2/repository/org/ow2/asm/asm/5.0.4/asm-5.0.4.jar:/root/.m2/repository/org/apache/curator/curator-framework/2.12.0/curator-framework-2.12.0.jar:/root/.m2/repository/com/sun/jersey/jersey-core/1.19/jersey-core-1.19.jar:/root/.m2/repository/javax/ws/rs/jsr311-api/1.1.1/jsr311-api-1.1.1.jar:/root/.m2/repository/com/sun/jersey/jersey-server/1.19/jersey-server-1.19.jar:/root/.m2/repository/javax/servlet/javax.servlet-api/3.1.0/javax.servlet-api-3.1.0.jar:/root/.m2/repository/org/eclipse/jetty/jetty-server/9.3.24.v20180605/jetty-server-9.3.24.v20180605.jar:/root/.m2/repository/org/eclipse/jetty/jetty-http/9.3.24.v20180605/jetty-http-9.3.24.v20180605.jar:/root/.m2/repository/org/eclipse/jetty/jetty-io/9.3.24.v20180605/jetty-io-9.3.24.v20180605.jar:/root/.m2/repository/org/eclipse/jetty/jetty-webapp/9.3.24.v20180605/jetty-webapp-9.3.24.v20180605.jar:/root/.m2/repository/org/eclipse/jetty/jetty-xml/9.3.24.v20180605/jetty-xml-9.3.24.v20180605.jar:/root/.m2/repository/log4j/log4j/1.2.17/log4j-1.2.17.jar:/root/.m2/repository/org/slf4j/slf4j-api/1.7.25/slf4j-api-1.7.25.jar:/root/.m2/repository/org/slf4j/jul-to-slf4j/1.7.25/jul-to-slf4j-1.7.25.jar:/root/.m2/repository/org/eclipse/jetty/jetty-util/9.3.24.v20180605/jetty-util-9.3.24.v20180605.jar:/root/.m2/repository/io/dropwizard/metrics/metrics-core/3.2.4/metrics-core-3.2.4.jar:/root/.m2/repository/com/fasterxml/jackson/core/jackson-databind/2.9.5/jackson-databind-2.9.5.jar:/root/.m2/repository/org/apache/hadoop/hadoop-kms/3.2.0/hadoop-kms-3.2.0-tests.jar:/root/.m2/repository/org/apache/hadoop/hadoop-hdds-server-scm/0.5.0-SNAPSHOT/hadoop-hdds-server-scm-0.5.0-SNAPSHOT-tests.jar:/root/.m2/repository/org/hamcrest/hamcrest-all/1.3/hamcrest-all-1.3.jar:/root/.m2/repository/info/picocli/picocli/3.9.6/picocli-3.9.6.jar:/root/.m2/repository/org/apache/hadoop/hadoop-hdds-container-service/0.5.0-SNAPSHOT/hadoop-hdds-container-service-0.5.0-SNAPSHOT-tests.jar:/root/.m2/repository/org/yaml/snakeyaml/1.16/snakeyaml-1.16.jar:/root/.m2/repository/org/apache/hadoop/hadoop-common/3.2.0/hadoop-common-3.2.0-tests.jar:/root/.m2/repository/org/apache/hadoop/hadoop-annotations/3.2.0/hadoop-annotations-3.2.0.jar:/usr/lib/jvm/java-1.8-openjdk/jre/../lib/tools.jar:/root/.m2/repository/commons-cli/commons-cli/1.2/commons-cli-1.2.jar:/root/.m2/repository/org/apache/httpcomponents/httpclient/4.5.2/httpclient-4.5.2.jar:/root/.m2/repository/org/apache/httpcomponents/httpcore/4.4.4/httpcore-4.4.4.jar:/root/.m2/repository/commons-codec/commons-codec/1.11/commons-codec-1.11.jar:/root/.m2/repository/commons-net/commons-net/3.6/commons-net-3.6.jar:/root/.m2/repository/commons-collections/commons-collections/3.2.2/commons-collections-3.2.2.jar:/root/.m2/repository/org/eclipse/jetty/jetty-servlet/9.3.24.v20180605/jetty-servlet-9.3.24.v20180605.jar:/root/.m2/repository/org/eclipse/jetty/jetty-security/9.3.24.v20180605/jetty-security-9.3.24.v20180605.jar:/root/.m2/repository/javax/servlet/jsp/jsp-api/2.1/jsp-api-2.1.jar:/root/.m2/repository/com/sun/jersey/jersey-servlet/1.19/jersey-servlet-1.19.jar:/root/.m2/repository/com/sun/jersey/jersey-json/1.19/jersey-json-1.19.jar:/root/.m2/repository/org/codehaus/jettison/jettison/1.1/jettison-1.1.jar:/root/.m2/repository/org/codehaus/jackson/jackson-core-asl/1.9.13/jackson-core-asl-1.9.13.jar:/root/.m2/repository/org/codehaus/jackson/jackson-mapper-asl/1.9.13/jackson-mapper-asl-1.9.13.jar:/root/.m2/repository/org/codehaus/jackson/jackson-jaxrs/1.9.13/jackson-jaxrs-1.9.13.jar:/root/.m2/repository/org/codehaus/jackson/jackson-xc/1.9.13/jackson-xc-1.9.13.jar:/root/.m2/repository/commons-logging/commons-logging/1.1.3/commons-logging-1.1.3.jar:/root/.m2/repository/commons-beanutils/commons-beanutils/1.9.3/commons-beanutils-1.9.3.jar:/root/.m2/repository/org/apache/commons/commons-configuration2/2.1.1/commons-configuration2-2.1.1.jar:/root/.m2/repository/org/apache/commons/commons-lang3/3.7/commons-lang3-3.7.jar:/root/.m2/repository/org/apache/commons/commons-text/1.4/commons-text-1.4.jar:/root/.m2/repository/org/apache/avro/avro/1.7.7/avro-1.7.7.jar:/root/.m2/repository/com/thoughtworks/paranamer/paranamer/2.3/paranamer-2.3.jar:/root/.m2/repository/org/xerial/snappy/snappy-java/1.0.5/snappy-java-1.0.5.jar:/root/.m2/repository/com/google/re2j/re2j/1.1/re2j-1.1.jar:/root/.m2/repository/com/google/code/gson/gson/2.2.4/gson-2.2.4.jar:/root/.m2/repository/com/jcraft/jsch/0.1.54/jsch-0.1.54.jar:/root/.m2/repository/org/apache/curator/curator-client/2.12.0/curator-client-2.12.0.jar:/root/.m2/repository/org/apache/curator/curator-recipes/2.12.0/curator-recipes-2.12.0.jar:/root/.m2/repository/com/google/code/findbugs/jsr305/3.0.0/jsr305-3.0.0.jar:/root/.m2/repository/org/apache/htrace/htrace-core4/4.1.0-incubating/htrace-core4-4.1.0-incubating.jar:/root/.m2/repository/org/apache/zookeeper/zookeeper/3.4.13/zookeeper-3.4.13.jar:/root/.m2/repository/org/apache/yetus/audience-annotations/0.5.0/audience-annotations-0.5.0.jar:/root/.m2/repository/org/codehaus/woodstox/stax2-api/3.1.4/stax2-api-3.1.4.jar:/root/.m2/repository/com/fasterxml/woodstox/woodstox-core/5.0.3/woodstox-core-5.0.3.jar:/root/.m2/repository/dnsjava/dnsjava/2.1.7/dnsjava-2.1.7.jar:/root/.m2/repository/org/apache/hadoop/hadoop-hdfs/3.2.0/hadoop-hdfs-3.2.0-tests.jar:/root/.m2/repository/org/eclipse/jetty/jetty-util-ajax/9.3.24.v20180605/jetty-util-ajax-9.3.24.v20180605.jar:/root/.m2/repository/commons-daemon/commons-daemon/1.0.13/commons-daemon-1.0.13.jar:/root/.m2/repository/io/netty/netty/3.10.5.Final/netty-3.10.5.Final.jar:/root/.m2/repository/io/netty/netty-all/4.0.52.Final/netty-all-4.0.52.Final.jar:/root/.m2/repository/org/fusesource/leveldbjni/leveldbjni-all/1.8/leveldbjni-all-1.8.jar:"/>
    <property name="java.vm.vendor" value="IcedTea"/>
    <property name="sun.arch.data.model" value="64"/>
    <property name="test.build.dir" value="/opt/src/hadoop-ozone/integration-test/target/test-dir"/>
    <property name="test.cache.data" value=""/>
    <property name="java.vendor.url" value="https://icedtea.classpath.org"/>
    <property name="user.timezone" value=""/>
    <property name="java.vm.specification.version" value="1.8"/>
    <property name="os.name" value="Linux"/>
    <property name="test.build.data" value="/opt/src/hadoop-ozone/integration-test/target/test-dir"/>
    <property name="user.country" value="US"/>
    <property name="sun.java.launcher" value="SUN_STANDARD"/>
    <property name="sun.boot.library.path" value="/usr/lib/jvm/java-1.8-openjdk/jre/lib/amd64"/>
    <property name="sun.java.command" value="/opt/src/hadoop-ozone/integration-test/target/surefire/surefirebooter8046123867881215680.jar /opt/src/hadoop-ozone/integration-test/target/surefire 2019-06-13T20-32-43_082-jvmRun1 surefire7507487068640501168tmp surefire_82783183079049075137tmp"/>
    <property name="surefire.test.class.path" value="/opt/src/hadoop-ozone/integration-test/target/test-classes:/opt/src/hadoop-ozone/integration-test/target/classes:/root/.m2/repository/org/apache/hadoop/hadoop-ozone-common/0.5.0-SNAPSHOT/hadoop-ozone-common-0.5.0-SNAPSHOT.jar:/root/.m2/repository/org/apache/commons/commons-compress/1.4.1/commons-compress-1.4.1.jar:/root/.m2/repository/org/tukaani/xz/1.0/xz-1.0.jar:/root/.m2/repository/org/apache/hadoop/hadoop-common/3.2.0/hadoop-common-3.2.0.jar:/root/.m2/repository/org/apache/hadoop/hadoop-hdfs/3.2.0/hadoop-hdfs-3.2.0.jar:/root/.m2/repository/org/apache/hadoop/hadoop-hdfs-client/3.2.0/hadoop-hdfs-client-3.2.0.jar:/root/.m2/repository/com/fasterxml/jackson/core/jackson-annotations/2.9.5/jackson-annotations-2.9.5.jar:/root/.m2/repository/org/apache/hadoop/hadoop-hdds-common/0.5.0-SNAPSHOT/hadoop-hdds-common-0.5.0-SNAPSHOT.jar:/root/.m2/repository/javax/annotation/javax.annotation-api/1.2/javax.annotation-api-1.2.jar:/root/.m2/repository/org/apache/ratis/ratis-server/0.4.0-fe2b15d-SNAPSHOT/ratis-server-0.4.0-fe2b15d-SNAPSHOT.jar:/root/.m2/repository/org/apache/ratis/ratis-thirdparty-misc/0.2.0/ratis-thirdparty-misc-0.2.0.jar:/root/.m2/repository/org/apache/ratis/ratis-proto/0.4.0-fe2b15d-SNAPSHOT/ratis-proto-0.4.0-fe2b15d-SNAPSHOT.jar:/root/.m2/repository/org/apache/ratis/ratis-common/0.4.0-fe2b15d-SNAPSHOT/ratis-common-0.4.0-fe2b15d-SNAPSHOT.jar:/root/.m2/repository/org/apache/ratis/ratis-client/0.4.0-fe2b15d-SNAPSHOT/ratis-client-0.4.0-fe2b15d-SNAPSHOT.jar:/root/.m2/repository/org/apache/ratis/ratis-netty/0.4.0-fe2b15d-SNAPSHOT/ratis-netty-0.4.0-fe2b15d-SNAPSHOT.jar:/root/.m2/repository/org/apache/ratis/ratis-grpc/0.4.0-fe2b15d-SNAPSHOT/ratis-grpc-0.4.0-fe2b15d-SNAPSHOT.jar:/root/.m2/repository/org/rocksdb/rocksdbjni/5.14.2/rocksdbjni-5.14.2.jar:/root/.m2/repository/org/apache/logging/log4j/log4j-api/2.11.0/log4j-api-2.11.0.jar:/root/.m2/repository/org/apache/logging/log4j/log4j-core/2.11.0/log4j-core-2.11.0.jar:/root/.m2/repository/com/lmax/disruptor/3.4.2/disruptor-3.4.2.jar:/root/.m2/repository/org/apache/commons/commons-pool2/2.6.0/commons-pool2-2.6.0.jar:/root/.m2/repository/org/bouncycastle/bcpkix-jdk15on/1.60/bcpkix-jdk15on-1.60.jar:/root/.m2/repository/commons-validator/commons-validator/1.6/commons-validator-1.6.jar:/root/.m2/repository/commons-digester/commons-digester/1.8.1/commons-digester-1.8.1.jar:/root/.m2/repository/io/jaegertracing/jaeger-client/0.33.1/jaeger-client-0.33.1.jar:/root/.m2/repository/io/jaegertracing/jaeger-thrift/0.33.1/jaeger-thrift-0.33.1.jar:/root/.m2/repository/org/apache/thrift/libthrift/0.11.0/libthrift-0.11.0.jar:/root/.m2/repository/com/squareup/okhttp3/okhttp/3.9.0/okhttp-3.9.0.jar:/root/.m2/repository/com/squareup/okio/okio/1.13.0/okio-1.13.0.jar:/root/.m2/repository/io/jaegertracing/jaeger-core/0.33.1/jaeger-core-0.33.1.jar:/root/.m2/repository/io/jaegertracing/jaeger-tracerresolver/0.33.1/jaeger-tracerresolver-0.33.1.jar:/root/.m2/repository/io/opentracing/contrib/opentracing-tracerresolver/0.1.5/opentracing-tracerresolver-0.1.5.jar:/root/.m2/repository/io/opentracing/opentracing-util/0.31.0/opentracing-util-0.31.0.jar:/root/.m2/repository/io/opentracing/opentracing-api/0.31.0/opentracing-api-0.31.0.jar:/root/.m2/repository/io/opentracing/opentracing-noop/0.31.0/opentracing-noop-0.31.0.jar:/root/.m2/repository/org/apache/hadoop/hadoop-hdds-server-framework/0.5.0-SNAPSHOT/hadoop-hdds-server-framework-0.5.0-SNAPSHOT.jar:/root/.m2/repository/org/apache/hadoop/hadoop-hdds-server-scm/0.5.0-SNAPSHOT/hadoop-hdds-server-scm-0.5.0-SNAPSHOT.jar:/root/.m2/repository/org/apache/hadoop/hadoop-hdds-container-service/0.5.0-SNAPSHOT/hadoop-hdds-container-service-0.5.0-SNAPSHOT.jar:/root/.m2/repository/org/apache/hadoop/hadoop-hdds-client/0.5.0-SNAPSHOT/hadoop-hdds-client-0.5.0-SNAPSHOT.jar:/root/.m2/repository/org/apache/hadoop/hadoop-hdds-tools/0.5.0-SNAPSHOT/hadoop-hdds-tools-0.5.0-SNAPSHOT.jar:/root/.m2/repository/org/apache/hadoop/hadoop-ozone-ozone-manager/0.5.0-SNAPSHOT/hadoop-ozone-ozone-manager-0.5.0-SNAPSHOT.jar:/root/.m2/repository/org/apache/hadoop/hadoop-hdds-docs/0.5.0-SNAPSHOT/hadoop-hdds-docs-0.5.0-SNAPSHOT.jar:/root/.m2/repository/org/bouncycastle/bcprov-jdk15on/1.60/bcprov-jdk15on-1.60.jar:/root/.m2/repository/org/apache/hadoop/hadoop-minikdc/3.2.0/hadoop-minikdc-3.2.0.jar:/root/.m2/repository/commons-io/commons-io/2.5/commons-io-2.5.jar:/root/.m2/repository/org/apache/kerby/kerb-simplekdc/1.0.1/kerb-simplekdc-1.0.1.jar:/root/.m2/repository/org/apache/kerby/kerb-client/1.0.1/kerb-client-1.0.1.jar:/root/.m2/repository/org/apache/kerby/kerby-config/1.0.1/kerby-config-1.0.1.jar:/root/.m2/repository/org/apache/kerby/kerb-core/1.0.1/kerb-core-1.0.1.jar:/root/.m2/repository/org/apache/kerby/kerby-pkix/1.0.1/kerby-pkix-1.0.1.jar:/root/.m2/repository/org/apache/kerby/kerby-asn1/1.0.1/kerby-asn1-1.0.1.jar:/root/.m2/repository/org/apache/kerby/kerby-util/1.0.1/kerby-util-1.0.1.jar:/root/.m2/repository/org/apache/kerby/kerb-common/1.0.1/kerb-common-1.0.1.jar:/root/.m2/repository/org/apache/kerby/kerb-crypto/1.0.1/kerb-crypto-1.0.1.jar:/root/.m2/repository/org/apache/kerby/kerb-util/1.0.1/kerb-util-1.0.1.jar:/root/.m2/repository/org/apache/kerby/token-provider/1.0.1/token-provider-1.0.1.jar:/root/.m2/repository/org/apache/kerby/kerb-admin/1.0.1/kerb-admin-1.0.1.jar:/root/.m2/repository/org/apache/kerby/kerb-server/1.0.1/kerb-server-1.0.1.jar:/root/.m2/repository/org/apache/kerby/kerb-identity/1.0.1/kerb-identity-1.0.1.jar:/root/.m2/repository/org/apache/kerby/kerby-xdr/1.0.1/kerby-xdr-1.0.1.jar:/root/.m2/repository/org/slf4j/slf4j-log4j12/1.7.25/slf4j-log4j12-1.7.25.jar:/root/.m2/repository/org/apache/hadoop/hadoop-ozone-objectstore-service/0.5.0-SNAPSHOT/hadoop-ozone-objectstore-service-0.5.0-SNAPSHOT.jar:/root/.m2/repository/org/apache/hadoop/hadoop-ozone-s3gateway/0.5.0-SNAPSHOT/hadoop-ozone-s3gateway-0.5.0-SNAPSHOT.jar:/root/.m2/repository/org/jboss/weld/servlet/weld-servlet/2.4.7.Final/weld-servlet-2.4.7.Final.jar:/root/.m2/repository/org/glassfish/jersey/containers/jersey-container-servlet-core/2.27/jersey-container-servlet-core-2.27.jar:/root/.m2/repository/org/glassfish/hk2/external/javax.inject/2.5.0-b42/javax.inject-2.5.0-b42.jar:/root/.m2/repository/org/glassfish/jersey/core/jersey-common/2.27/jersey-common-2.27.jar:/root/.m2/repository/org/glassfish/hk2/osgi-resource-locator/1.0.1/osgi-resource-locator-1.0.1.jar:/root/.m2/repository/javax/ws/rs/javax.ws.rs-api/2.1/javax.ws.rs-api-2.1.jar:/root/.m2/repository/org/glassfish/jersey/ext/cdi/jersey-cdi1x/2.27/jersey-cdi1x-2.27.jar:/root/.m2/repository/org/glassfish/jersey/inject/jersey-hk2/2.27/jersey-hk2-2.27.jar:/root/.m2/repository/org/glassfish/hk2/hk2-locator/2.5.0-b42/hk2-locator-2.5.0-b42.jar:/root/.m2/repository/org/javassist/javassist/3.22.0-CR2/javassist-3.22.0-CR2.jar:/root/.m2/repository/org/glassfish/hk2/hk2-api/2.5.0/hk2-api-2.5.0.jar:/root/.m2/repository/org/glassfish/hk2/external/jakarta.inject/2.5.0/jakarta.inject-2.5.0.jar:/root/.m2/repository/org/glassfish/hk2/hk2-utils/2.5.0/hk2-utils-2.5.0.jar:/root/.m2/repository/jakarta/annotation/jakarta.annotation-api/1.3.4/jakarta.annotation-api-1.3.4.jar:/root/.m2/repository/org/glassfish/hk2/external/aopalliance-repackaged/2.5.0/aopalliance-repackaged-2.5.0.jar:/root/.m2/repository/com/fasterxml/jackson/dataformat/jackson-dataformat-xml/2.9.0/jackson-dataformat-xml-2.9.0.jar:/root/.m2/repository/com/fasterxml/jackson/core/jackson-core/2.9.5/jackson-core-2.9.5.jar:/root/.m2/repository/com/fasterxml/jackson/module/jackson-module-jaxb-annotations/2.9.5/jackson-module-jaxb-annotations-2.9.5.jar:/root/.m2/repository/javax/enterprise/cdi-api/1.2/cdi-api-1.2.jar:/root/.m2/repository/javax/el/javax.el-api/3.0.0/javax.el-api-3.0.0.jar:/root/.m2/repository/javax/interceptor/javax.interceptor-api/1.2/javax.interceptor-api-1.2.jar:/root/.m2/repository/javax/inject/javax.inject/1/javax.inject-1.jar:/root/.m2/repository/com/sun/xml/bind/jaxb-impl/2.3.0.1/jaxb-impl-2.3.0.1.jar:/root/.m2/repository/com/sun/xml/bind/jaxb-core/2.3.0.1/jaxb-core-2.3.0.1.jar:/root/.m2/repository/javax/xml/bind/jaxb-api/2.3.0/jaxb-api-2.3.0.jar:/root/.m2/repository/javax/activation/activation/1.1.1/activation-1.1.1.jar:/root/.m2/repository/org/apache/hadoop/hadoop-ozone-csi/0.5.0-SNAPSHOT/hadoop-ozone-csi-0.5.0-SNAPSHOT.jar:/root/.m2/repository/com/google/protobuf/protobuf-java-util/3.5.1/protobuf-java-util-3.5.1.jar:/root/.m2/repository/org/apache/hadoop/hadoop-hdds-config/0.5.0-SNAPSHOT/hadoop-hdds-config-0.5.0-SNAPSHOT.jar:/root/.m2/repository/com/google/guava/guava/11.0.2/guava-11.0.2.jar:/root/.m2/repository/com/google/protobuf/protobuf-java/2.5.0/protobuf-java-2.5.0.jar:/root/.m2/repository/io/grpc/grpc-netty/1.17.1/grpc-netty-1.17.1.jar:/root/.m2/repository/io/grpc/grpc-core/1.17.1/grpc-core-1.17.1.jar:/root/.m2/repository/io/grpc/grpc-context/1.17.1/grpc-context-1.17.1.jar:/root/.m2/repository/com/google/errorprone/error_prone_annotations/2.2.0/error_prone_annotations-2.2.0.jar:/root/.m2/repository/org/codehaus/mojo/animal-sniffer-annotations/1.17/animal-sniffer-annotations-1.17.jar:/root/.m2/repository/io/opencensus/opencensus-api/0.17.0/opencensus-api-0.17.0.jar:/root/.m2/repository/io/opencensus/opencensus-contrib-grpc-metrics/0.17.0/opencensus-contrib-grpc-metrics-0.17.0.jar:/root/.m2/repository/io/netty/netty-codec-http2/4.1.30.Final/netty-codec-http2-4.1.30.Final.jar:/root/.m2/repository/io/netty/netty-codec-http/4.1.30.Final/netty-codec-http-4.1.30.Final.jar:/root/.m2/repository/io/netty/netty-codec/4.1.30.Final/netty-codec-4.1.30.Final.jar:/root/.m2/repository/io/netty/netty-handler/4.1.30.Final/netty-handler-4.1.30.Final.jar:/root/.m2/repository/io/netty/netty-handler-proxy/4.1.30.Final/netty-handler-proxy-4.1.30.Final.jar:/root/.m2/repository/io/netty/netty-codec-socks/4.1.30.Final/netty-codec-socks-4.1.30.Final.jar:/root/.m2/repository/io/netty/netty-transport-native-epoll/4.1.30.Final/netty-transport-native-epoll-4.1.30.Final.jar:/root/.m2/repository/io/netty/netty-common/4.1.30.Final/netty-common-4.1.30.Final.jar:/root/.m2/repository/io/netty/netty-buffer/4.1.30.Final/netty-buffer-4.1.30.Final.jar:/root/.m2/repository/io/netty/netty-transport/4.1.30.Final/netty-transport-4.1.30.Final.jar:/root/.m2/repository/io/netty/netty-resolver/4.1.30.Final/netty-resolver-4.1.30.Final.jar:/root/.m2/repository/io/netty/netty-transport-native-unix-common/4.1.30.Final/netty-transport-native-unix-common-4.1.30.Final.jar:/root/.m2/repository/io/grpc/grpc-protobuf/1.17.1/grpc-protobuf-1.17.1.jar:/root/.m2/repository/com/google/api/grpc/proto-google-common-protos/1.0.0/proto-google-common-protos-1.0.0.jar:/root/.m2/repository/io/grpc/grpc-protobuf-lite/1.17.1/grpc-protobuf-lite-1.17.1.jar:/root/.m2/repository/io/grpc/grpc-stub/1.17.1/grpc-stub-1.17.1.jar:/root/.m2/repository/org/apache/hadoop/hadoop-ozone-recon/0.5.0-SNAPSHOT/hadoop-ozone-recon-0.5.0-SNAPSHOT.jar:/root/.m2/repository/org/apache/hadoop/hadoop-ozone-reconcodegen/0.5.0-SNAPSHOT/hadoop-ozone-reconcodegen-0.5.0-SNAPSHOT.jar:/root/.m2/repository/com/google/inject/extensions/guice-multibindings/4.0/guice-multibindings-4.0.jar:/root/.m2/repository/com/google/inject/guice/4.0/guice-4.0.jar:/root/.m2/repository/aopalliance/aopalliance/1.0/aopalliance-1.0.jar:/root/.m2/repository/com/google/inject/extensions/guice-servlet/4.0/guice-servlet-4.0.jar:/root/.m2/repository/org/glassfish/jersey/containers/jersey-container-servlet/2.27/jersey-container-servlet-2.27.jar:/root/.m2/repository/org/glassfish/hk2/guice-bridge/2.5.0/guice-bridge-2.5.0.jar:/root/.m2/repository/org/glassfish/jersey/core/jersey-server/2.27/jersey-server-2.27.jar:/root/.m2/repository/org/glassfish/jersey/core/jersey-client/2.27/jersey-client-2.27.jar:/root/.m2/repository/org/glassfish/jersey/media/jersey-media-jaxb/2.27/jersey-media-jaxb-2.27.jar:/root/.m2/repository/javax/validation/validation-api/1.1.0.Final/validation-api-1.1.0.Final.jar:/root/.m2/repository/org/glassfish/jersey/media/jersey-media-json-jackson/2.27/jersey-media-json-jackson-2.27.jar:/root/.m2/repository/org/glassfish/jersey/ext/jersey-entity-filtering/2.27/jersey-entity-filtering-2.27.jar:/root/.m2/repository/com/google/inject/extensions/guice-assistedinject/4.0/guice-assistedinject-4.0.jar:/root/.m2/repository/org/jooq/jooq/3.11.10/jooq-3.11.10.jar:/root/.m2/repository/org/jooq/jooq-meta/3.11.10/jooq-meta-3.11.10.jar:/root/.m2/repository/org/jooq/jooq-codegen/3.11.10/jooq-codegen-3.11.10.jar:/root/.m2/repository/com/jolbox/bonecp/0.8.0.RELEASE/bonecp-0.8.0.RELEASE.jar:/root/.m2/repository/org/xerial/sqlite-jdbc/3.25.2/sqlite-jdbc-3.25.2.jar:/root/.m2/repository/org/springframework/spring-jdbc/5.1.3.RELEASE/spring-jdbc-5.1.3.RELEASE.jar:/root/.m2/repository/org/springframework/spring-beans/5.1.3.RELEASE/spring-beans-5.1.3.RELEASE.jar:/root/.m2/repository/org/springframework/spring-core/5.1.3.RELEASE/spring-core-5.1.3.RELEASE.jar:/root/.m2/repository/org/springframework/spring-jcl/5.1.3.RELEASE/spring-jcl-5.1.3.RELEASE.jar:/root/.m2/repository/org/springframework/spring-tx/5.1.3.RELEASE/spring-tx-5.1.3.RELEASE.jar:/root/.m2/repository/org/apache/hadoop/hadoop-ozone-client/0.5.0-SNAPSHOT/hadoop-ozone-client-0.5.0-SNAPSHOT.jar:/root/.m2/repository/org/apache/hadoop/hadoop-ozone-ozone-manager/0.5.0-SNAPSHOT/hadoop-ozone-ozone-manager-0.5.0-SNAPSHOT-tests.jar:/root/.m2/repository/junit/junit/4.11/junit-4.11.jar:/root/.m2/repository/org/hamcrest/hamcrest-core/1.3/hamcrest-core-1.3.jar:/root/.m2/repository/org/openjdk/jmh/jmh-core/1.19/jmh-core-1.19.jar:/root/.m2/repository/net/sf/jopt-simple/jopt-simple/4.6/jopt-simple-4.6.jar:/root/.m2/repository/org/apache/commons/commons-math3/3.1.1/commons-math3-3.1.1.jar:/root/.m2/repository/org/openjdk/jmh/jmh-generator-annprocess/1.19/jmh-generator-annprocess-1.19.jar:/root/.m2/repository/org/mockito/mockito-all/1.8.5/mockito-all-1.8.5.jar:/root/.m2/repository/org/apache/hadoop/hadoop-kms/3.2.0/hadoop-kms-3.2.0.jar:/root/.m2/repository/org/apache/hadoop/hadoop-auth/3.2.0/hadoop-auth-3.2.0.jar:/root/.m2/repository/com/nimbusds/nimbus-jose-jwt/4.41.1/nimbus-jose-jwt-4.41.1.jar:/root/.m2/repository/com/github/stephenc/jcip/jcip-annotations/1.0-1/jcip-annotations-1.0-1.jar:/root/.m2/repository/net/minidev/json-smart/2.3/json-smart-2.3.jar:/root/.m2/repository/net/minidev/accessors-smart/1.2/accessors-smart-1.2.jar:/root/.m2/repository/org/ow2/asm/asm/5.0.4/asm-5.0.4.jar:/root/.m2/repository/org/apache/curator/curator-framework/2.12.0/curator-framework-2.12.0.jar:/root/.m2/repository/com/sun/jersey/jersey-core/1.19/jersey-core-1.19.jar:/root/.m2/repository/javax/ws/rs/jsr311-api/1.1.1/jsr311-api-1.1.1.jar:/root/.m2/repository/com/sun/jersey/jersey-server/1.19/jersey-server-1.19.jar:/root/.m2/repository/javax/servlet/javax.servlet-api/3.1.0/javax.servlet-api-3.1.0.jar:/root/.m2/repository/org/eclipse/jetty/jetty-server/9.3.24.v20180605/jetty-server-9.3.24.v20180605.jar:/root/.m2/repository/org/eclipse/jetty/jetty-http/9.3.24.v20180605/jetty-http-9.3.24.v20180605.jar:/root/.m2/repository/org/eclipse/jetty/jetty-io/9.3.24.v20180605/jetty-io-9.3.24.v20180605.jar:/root/.m2/repository/org/eclipse/jetty/jetty-webapp/9.3.24.v20180605/jetty-webapp-9.3.24.v20180605.jar:/root/.m2/repository/org/eclipse/jetty/jetty-xml/9.3.24.v20180605/jetty-xml-9.3.24.v20180605.jar:/root/.m2/repository/log4j/log4j/1.2.17/log4j-1.2.17.jar:/root/.m2/repository/org/slf4j/slf4j-api/1.7.25/slf4j-api-1.7.25.jar:/root/.m2/repository/org/slf4j/jul-to-slf4j/1.7.25/jul-to-slf4j-1.7.25.jar:/root/.m2/repository/org/eclipse/jetty/jetty-util/9.3.24.v20180605/jetty-util-9.3.24.v20180605.jar:/root/.m2/repository/io/dropwizard/metrics/metrics-core/3.2.4/metrics-core-3.2.4.jar:/root/.m2/repository/com/fasterxml/jackson/core/jackson-databind/2.9.5/jackson-databind-2.9.5.jar:/root/.m2/repository/org/apache/hadoop/hadoop-kms/3.2.0/hadoop-kms-3.2.0-tests.jar:/root/.m2/repository/org/apache/hadoop/hadoop-hdds-server-scm/0.5.0-SNAPSHOT/hadoop-hdds-server-scm-0.5.0-SNAPSHOT-tests.jar:/root/.m2/repository/org/hamcrest/hamcrest-all/1.3/hamcrest-all-1.3.jar:/root/.m2/repository/info/picocli/picocli/3.9.6/picocli-3.9.6.jar:/root/.m2/repository/org/apache/hadoop/hadoop-hdds-container-service/0.5.0-SNAPSHOT/hadoop-hdds-container-service-0.5.0-SNAPSHOT-tests.jar:/root/.m2/repository/org/yaml/snakeyaml/1.16/snakeyaml-1.16.jar:/root/.m2/repository/org/apache/hadoop/hadoop-common/3.2.0/hadoop-common-3.2.0-tests.jar:/root/.m2/repository/org/apache/hadoop/hadoop-annotations/3.2.0/hadoop-annotations-3.2.0.jar:/usr/lib/jvm/java-1.8-openjdk/jre/../lib/tools.jar:/root/.m2/repository/commons-cli/commons-cli/1.2/commons-cli-1.2.jar:/root/.m2/repository/org/apache/httpcomponents/httpclient/4.5.2/httpclient-4.5.2.jar:/root/.m2/repository/org/apache/httpcomponents/httpcore/4.4.4/httpcore-4.4.4.jar:/root/.m2/repository/commons-codec/commons-codec/1.11/commons-codec-1.11.jar:/root/.m2/repository/commons-net/commons-net/3.6/commons-net-3.6.jar:/root/.m2/repository/commons-collections/commons-collections/3.2.2/commons-collections-3.2.2.jar:/root/.m2/repository/org/eclipse/jetty/jetty-servlet/9.3.24.v20180605/jetty-servlet-9.3.24.v20180605.jar:/root/.m2/repository/org/eclipse/jetty/jetty-security/9.3.24.v20180605/jetty-security-9.3.24.v20180605.jar:/root/.m2/repository/javax/servlet/jsp/jsp-api/2.1/jsp-api-2.1.jar:/root/.m2/repository/com/sun/jersey/jersey-servlet/1.19/jersey-servlet-1.19.jar:/root/.m2/repository/com/sun/jersey/jersey-json/1.19/jersey-json-1.19.jar:/root/.m2/repository/org/codehaus/jettison/jettison/1.1/jettison-1.1.jar:/root/.m2/repository/org/codehaus/jackson/jackson-core-asl/1.9.13/jackson-core-asl-1.9.13.jar:/root/.m2/repository/org/codehaus/jackson/jackson-mapper-asl/1.9.13/jackson-mapper-asl-1.9.13.jar:/root/.m2/repository/org/codehaus/jackson/jackson-jaxrs/1.9.13/jackson-jaxrs-1.9.13.jar:/root/.m2/repository/org/codehaus/jackson/jackson-xc/1.9.13/jackson-xc-1.9.13.jar:/root/.m2/repository/commons-logging/commons-logging/1.1.3/commons-logging-1.1.3.jar:/root/.m2/repository/commons-beanutils/commons-beanutils/1.9.3/commons-beanutils-1.9.3.jar:/root/.m2/repository/org/apache/commons/commons-configuration2/2.1.1/commons-configuration2-2.1.1.jar:/root/.m2/repository/org/apache/commons/commons-lang3/3.7/commons-lang3-3.7.jar:/root/.m2/repository/org/apache/commons/commons-text/1.4/commons-text-1.4.jar:/root/.m2/repository/org/apache/avro/avro/1.7.7/avro-1.7.7.jar:/root/.m2/repository/com/thoughtworks/paranamer/paranamer/2.3/paranamer-2.3.jar:/root/.m2/repository/org/xerial/snappy/snappy-java/1.0.5/snappy-java-1.0.5.jar:/root/.m2/repository/com/google/re2j/re2j/1.1/re2j-1.1.jar:/root/.m2/repository/com/google/code/gson/gson/2.2.4/gson-2.2.4.jar:/root/.m2/repository/com/jcraft/jsch/0.1.54/jsch-0.1.54.jar:/root/.m2/repository/org/apache/curator/curator-client/2.12.0/curator-client-2.12.0.jar:/root/.m2/repository/org/apache/curator/curator-recipes/2.12.0/curator-recipes-2.12.0.jar:/root/.m2/repository/com/google/code/findbugs/jsr305/3.0.0/jsr305-3.0.0.jar:/root/.m2/repository/org/apache/htrace/htrace-core4/4.1.0-incubating/htrace-core4-4.1.0-incubating.jar:/root/.m2/repository/org/apache/zookeeper/zookeeper/3.4.13/zookeeper-3.4.13.jar:/root/.m2/repository/org/apache/yetus/audience-annotations/0.5.0/audience-annotations-0.5.0.jar:/root/.m2/repository/org/codehaus/woodstox/stax2-api/3.1.4/stax2-api-3.1.4.jar:/root/.m2/repository/com/fasterxml/woodstox/woodstox-core/5.0.3/woodstox-core-5.0.3.jar:/root/.m2/repository/dnsjava/dnsjava/2.1.7/dnsjava-2.1.7.jar:/root/.m2/repository/org/apache/hadoop/hadoop-hdfs/3.2.0/hadoop-hdfs-3.2.0-tests.jar:/root/.m2/repository/org/eclipse/jetty/jetty-util-ajax/9.3.24.v20180605/jetty-util-ajax-9.3.24.v20180605.jar:/root/.m2/repository/commons-daemon/commons-daemon/1.0.13/commons-daemon-1.0.13.jar:/root/.m2/repository/io/netty/netty/3.10.5.Final/netty-3.10.5.Final.jar:/root/.m2/repository/io/netty/netty-all/4.0.52.Final/netty-all-4.0.52.Final.jar:/root/.m2/repository/org/fusesource/leveldbjni/leveldbjni-all/1.8/leveldbjni-all-1.8.jar:"/>
    <property name="sun.cpu.endian" value="little"/>
    <property name="user.home" value="/root"/>
    <property name="user.language" value="en"/>
    <property name="java.specification.vendor" value="Oracle Corporation"/>
    <property name="java.home" value="/usr/lib/jvm/java-1.8-openjdk/jre"/>
    <property name="java.security.krb5.conf" value="/opt/src/hadoop-ozone/integration-test/target/test-classes/krb5.conf"/>
    <property name="basedir" value="/opt/src/hadoop-ozone/integration-test"/>
    <property name="file.separator" value="/"/>
    <property name="line.separator" value="&#10;"/>
    <property name="java.vm.specification.vendor" value="Oracle Corporation"/>
    <property name="java.specification.name" value="Java Platform API Specification"/>
    <property name="java.awt.graphicsenv" value="sun.awt.X11GraphicsEnvironment"/>
    <property name="surefire.real.class.path" value="/opt/src/hadoop-ozone/integration-test/target/surefire/surefirebooter8046123867881215680.jar"/>
    <property name="hadoop.log.dir" value="/opt/src/hadoop-ozone/integration-test/target/log"/>
    <property name="sun.boot.class.path" value="/usr/lib/jvm/java-1.8-openjdk/jre/lib/resources.jar:/usr/lib/jvm/java-1.8-openjdk/jre/lib/rt.jar:/usr/lib/jvm/java-1.8-openjdk/jre/lib/sunrsasign.jar:/usr/lib/jvm/java-1.8-openjdk/jre/lib/jsse.jar:/usr/lib/jvm/java-1.8-openjdk/jre/lib/jce.jar:/usr/lib/jvm/java-1.8-openjdk/jre/lib/charsets.jar:/usr/lib/jvm/java-1.8-openjdk/jre/lib/jfr.jar:/usr/lib/jvm/java-1.8-openjdk/jre/classes"/>
    <property name="sun.management.compiler" value="HotSpot 64-Bit Tiered Compilers"/>
    <property name="java.runtime.version" value="1.8.0_212-b04"/>
    <property name="java.net.preferIPv4Stack" value="true"/>
    <property name="user.name" value="root"/>
    <property name="path.separator" value=":"/>
    <property name="java.security.egd" value="file:///dev/urandom"/>
    <property name="os.version" value="4.15.0-1021-aws"/>
    <property name="java.endorsed.dirs" value="/usr/lib/jvm/java-1.8-openjdk/jre/lib/endorsed"/>
    <property name="java.runtime.name" value="OpenJDK Runtime Environment"/>
    <property name="file.encoding" value="UTF-8"/>
    <property name="java.vm.name" value="OpenJDK 64-Bit Server VM"/>
    <property name="test.build.webapps" value=""/>
    <property name="localRepository" value="/root/.m2/repository"/>
    <property name="java.vendor.url.bug" value="https://icedtea.classpath.org/bugzilla"/>
    <property name="java.io.tmpdir" value="/tmp"/>
    <property name="require.test.libhadoop" value=""/>
    <property name="java.version" value="1.8.0_212"/>
    <property name="user.dir" value="/opt/src/hadoop-ozone/integration-test"/>
    <property name="os.arch" value="amd64"/>
    <property name="java.vm.specification.name" value="Java Virtual Machine Specification"/>
    <property name="test.build.classes" value="/opt/src/hadoop-ozone/integration-test/target/test-classes"/>
    <property name="java.awt.printerjob" value="sun.print.PSPrinterJob"/>
    <property name="sun.os.patch.level" value="unknown"/>
    <property name="hadoop.tmp.dir" value="/opt/src/hadoop-ozone/integration-test/target/tmp"/>
    <property name="java.library.path" value="/usr/lib/jvm/java-1.8-openjdk/jre/lib/amd64/server:/usr/lib/jvm/java-1.8-openjdk/jre/lib/amd64:/usr/lib/jvm/java-1.8-openjdk/jre/../lib/amd64:/opt/src/hadoop-ozone/integration-test/target/native/target/usr/local/lib:/opt/src/hadoop-ozone/integration-test/../../hadoop-common-project/hadoop-common/target/native/target/usr/local/lib:/usr/java/packages/lib/amd64:/usr/lib64:/lib64:/lib:/usr/lib"/>
    <property name="java.vm.info" value="mixed mode"/>
    <property name="java.vendor" value="IcedTea"/>
    <property name="java.vm.version" value="25.212-b04"/>
    <property name="java.ext.dirs" value="/usr/lib/jvm/java-1.8-openjdk/jre/lib/ext:/usr/java/packages/lib/ext"/>
    <property name="sun.io.unicode.encoding" value="UnicodeLittle"/>
    <property name="java.class.version" value="52.0"/>
  </properties>
  <testcase name="testPipelineFail" classname="org.apache.hadoop.hdds.scm.pipeline.TestNodeFailure" time="0">
    <skipped/>
    <system-out><![CDATA[2019-06-13 20:36:46,823 WARN  server.ServerUtils (ServerUtils.java:getScmDbDir(145)) - ozone.scm.db.dirs is not configured. We recommend adding this setting. Falling back to ozone.metadata.dirs instead.
2019-06-13 20:36:46,927 WARN  server.ServerUtils (ServerUtils.java:getScmDbDir(145)) - ozone.scm.db.dirs is not configured. We recommend adding this setting. Falling back to ozone.metadata.dirs instead.
2019-06-13 20:36:46,930 WARN  server.ServerUtils (ServerUtils.java:getScmDbDir(145)) - ozone.scm.db.dirs is not configured. We recommend adding this setting. Falling back to ozone.metadata.dirs instead.
2019-06-13 20:36:46,950 INFO  util.log (Log.java:initialized(192)) - Logging initialized @935ms
2019-06-13 20:36:47,045 INFO  db.DBStoreBuilder (DBStoreBuilder.java:addTable(110)) - using custom profile for table: deletedBlocks
2019-06-13 20:36:47,046 INFO  db.DBStoreBuilder (DBStoreBuilder.java:processTables(161)) - Using default column profile:DBProfile.DISK for Table:deletedBlocks
2019-06-13 20:36:47,046 INFO  db.DBStoreBuilder (DBStoreBuilder.java:addTable(110)) - using custom profile for table: validCerts
2019-06-13 20:36:47,046 INFO  db.DBStoreBuilder (DBStoreBuilder.java:processTables(161)) - Using default column profile:DBProfile.DISK for Table:validCerts
2019-06-13 20:36:47,047 INFO  db.DBStoreBuilder (DBStoreBuilder.java:addTable(110)) - using custom profile for table: revokedCerts
2019-06-13 20:36:47,047 INFO  db.DBStoreBuilder (DBStoreBuilder.java:processTables(161)) - Using default column profile:DBProfile.DISK for Table:revokedCerts
2019-06-13 20:36:47,057 INFO  db.DBStoreBuilder (DBStoreBuilder.java:addTable(110)) - using custom profile for table: default
2019-06-13 20:36:47,057 INFO  db.DBStoreBuilder (DBStoreBuilder.java:processTables(167)) - Using default column profile:DBProfile.DISK for Table:default
2019-06-13 20:36:47,058 INFO  db.DBStoreBuilder (DBStoreBuilder.java:getDbProfile(198)) - Using default options. DBProfile.DISK
2019-06-13 20:36:47,126 INFO  node.SCMNodeManager (SCMNodeManager.java:<init>(108)) - Entering startup safe mode.
2019-06-13 20:36:47,184 INFO  net.NodeSchemaLoader (NodeSchemaLoader.java:loadSchemaFromFile(125)) - Loading file from sun.misc.CompoundEnumeration@443118b0
2019-06-13 20:36:47,186 INFO  net.NodeSchemaLoader (NodeSchemaLoader.java:loadSchema(171)) - Loading network topology layer schema file
2019-06-13 20:36:47,236 WARN  server.ServerUtils (ServerUtils.java:getScmDbDir(145)) - ozone.scm.db.dirs is not configured. We recommend adding this setting. Falling back to ozone.metadata.dirs instead.
2019-06-13 20:36:47,257 INFO  pipeline.SCMPipelineManager (SCMPipelineManager.java:initializePipelineState(126)) - No pipeline exists in current db
2019-06-13 20:36:47,259 WARN  server.ServerUtils (ServerUtils.java:getScmDbDir(145)) - ozone.scm.db.dirs is not configured. We recommend adding this setting. Falling back to ozone.metadata.dirs instead.
2019-06-13 20:36:47,313 WARN  events.EventQueue (EventQueue.java:fireEvent(175)) - No event handler registered for event TypedEvent{payloadType=SafeModeStatus, name='SafeModeStatus'}
2019-06-13 20:36:47,603 INFO  ipc.CallQueueManager (CallQueueManager.java:<init>(84)) - Using callQueue: class java.util.concurrent.LinkedBlockingQueue, queueCapacity: 2000, scheduler: class org.apache.hadoop.ipc.DefaultRpcScheduler, ipcBackoff: false.
2019-06-13 20:36:47,625 INFO  ipc.Server (Server.java:run(1074)) - Starting Socket Reader #1 for port 39383
2019-06-13 20:36:47,646 INFO  ipc.CallQueueManager (CallQueueManager.java:<init>(84)) - Using callQueue: class java.util.concurrent.LinkedBlockingQueue, queueCapacity: 2000, scheduler: class org.apache.hadoop.ipc.DefaultRpcScheduler, ipcBackoff: false.
2019-06-13 20:36:47,646 INFO  ipc.Server (Server.java:run(1074)) - Starting Socket Reader #1 for port 45837
2019-06-13 20:36:47,653 INFO  ipc.CallQueueManager (CallQueueManager.java:<init>(84)) - Using callQueue: class java.util.concurrent.LinkedBlockingQueue, queueCapacity: 2000, scheduler: class org.apache.hadoop.ipc.DefaultRpcScheduler, ipcBackoff: false.
2019-06-13 20:36:47,684 INFO  ipc.Server (Server.java:run(1074)) - Starting Socket Reader #1 for port 40285
2019-06-13 20:36:47,707 INFO  hdfs.DFSUtil (DFSUtil.java:httpServerTemplateForNNAndJN(1641)) - Starting Web-server for scm at: http://0.0.0.0:0
2019-06-13 20:36:47,846 INFO  server.AuthenticationFilter (AuthenticationFilter.java:constructSecretProvider(240)) - Unable to initialize FileSignerSecretProvider, falling back to use random secrets.
2019-06-13 20:36:47,852 WARN  http.HttpRequestLog (HttpRequestLog.java:getRequestLog(97)) - Jetty request log can only be enabled using Log4j
2019-06-13 20:36:47,858 INFO  http.HttpServer2 (HttpServer2.java:addGlobalFilter(975)) - Added global filter 'safety' (class=org.apache.hadoop.http.HttpServer2$QuotingInputFilter)
2019-06-13 20:36:47,860 INFO  http.HttpServer2 (HttpServer2.java:addFilter(948)) - Added filter static_user_filter (class=org.apache.hadoop.http.lib.StaticUserWebFilter$StaticUserFilter) to context scm
2019-06-13 20:36:47,860 INFO  http.HttpServer2 (HttpServer2.java:addFilter(958)) - Added filter static_user_filter (class=org.apache.hadoop.http.lib.StaticUserWebFilter$StaticUserFilter) to context logs
2019-06-13 20:36:47,861 INFO  http.HttpServer2 (HttpServer2.java:addFilter(958)) - Added filter static_user_filter (class=org.apache.hadoop.http.lib.StaticUserWebFilter$StaticUserFilter) to context static
2019-06-13 20:36:47,882 INFO  server.StorageContainerManager (StorageContainerManager.java:start(752)) - StorageContainerLocationProtocol RPC server is listening at /0.0.0.0:40285
2019-06-13 20:36:47,926 WARN  impl.MetricsConfig (MetricsConfig.java:loadFirst(134)) - Cannot locate configuration: tried hadoop-metrics2-storagecontainermanager.properties,hadoop-metrics2.properties
2019-06-13 20:36:47,935 INFO  impl.MetricsSystemImpl (MetricsSystemImpl.java:startTimer(374)) - Scheduled Metric snapshot period at 10 second(s).
2019-06-13 20:36:47,935 INFO  impl.MetricsSystemImpl (MetricsSystemImpl.java:start(191)) - StorageContainerManager metrics system started
2019-06-13 20:36:48,152 INFO  server.SCMClientProtocolServer (SCMClientProtocolServer.java:start(149)) - RPC server for Client  is listening at /0.0.0.0:40285
2019-06-13 20:36:48,153 INFO  ipc.Server (Server.java:run(1153)) - IPC Server listener on 40285: starting
2019-06-13 20:36:48,153 INFO  ipc.Server (Server.java:run(1314)) - IPC Server Responder: starting
2019-06-13 20:36:48,186 INFO  server.StorageContainerManager (StorageContainerManager.java:start(761)) - ScmBlockLocationProtocol RPC server is listening at /0.0.0.0:45837
2019-06-13 20:36:48,186 INFO  server.SCMBlockProtocolServer (SCMBlockProtocolServer.java:start(137)) - RPC server for Block Protocol is listening at /0.0.0.0:45837
2019-06-13 20:36:48,187 INFO  ipc.Server (Server.java:run(1314)) - IPC Server Responder: starting
2019-06-13 20:36:48,189 INFO  ipc.Server (Server.java:run(1153)) - IPC Server listener on 45837: starting
2019-06-13 20:36:48,213 INFO  server.StorageContainerManager (StorageContainerManager.java:start(765)) - ScmDatanodeProtocl RPC server is listening at /0.0.0.0:39383
2019-06-13 20:36:48,213 INFO  server.SCMDatanodeProtocolServer (SCMDatanodeProtocolServer.java:start(191)) - RPC server for DataNodes is listening at /0.0.0.0:39383
2019-06-13 20:36:48,217 INFO  ipc.Server (Server.java:run(1314)) - IPC Server Responder: starting
2019-06-13 20:36:48,221 INFO  ipc.Server (Server.java:run(1153)) - IPC Server listener on 39383: starting
2019-06-13 20:36:48,243 INFO  http.HttpServer2 (HttpServer2.java:bindListener(1191)) - Jetty bound to port 35165
2019-06-13 20:36:48,245 INFO  server.Server (Server.java:doStart(351)) - jetty-9.3.24.v20180605, build timestamp: 2018-06-05T17:11:56Z, git hash: 84205aa28f11a4f31f2a3b86d1bba2cc8ab69827
2019-06-13 20:36:48,292 INFO  handler.ContextHandler (ContextHandler.java:doStart(781)) - Started o.e.j.s.ServletContextHandler@2df6226d{/logs,file:///opt/src/hadoop-ozone/integration-test/target/log,AVAILABLE}
2019-06-13 20:36:48,293 INFO  handler.ContextHandler (ContextHandler.java:doStart(781)) - Started o.e.j.s.ServletContextHandler@4ff4357f{/static,file:///opt/src/hadoop-ozone/integration-test/target/test-classes/webapps/static,AVAILABLE}
2019-06-13 20:36:48,321 INFO  handler.ContextHandler (ContextHandler.java:doStart(781)) - Started o.e.j.w.WebAppContext@34645867{/,file:///opt/src/hadoop-ozone/integration-test/target/test-classes/webapps/scm/,AVAILABLE}{/scm}
2019-06-13 20:36:48,325 INFO  server.AbstractConnector (AbstractConnector.java:doStart(278)) - Started ServerConnector@66629f63{HTTP/1.1,[http/1.1]}{0.0.0.0:35165}
2019-06-13 20:36:48,325 INFO  server.Server (Server.java:doStart(419)) - Started @2311ms
2019-06-13 20:36:48,326 INFO  server.BaseHttpServer (BaseHttpServer.java:updateConnectorAddress(207)) - HTTP server of SCM is listening at http://0.0.0.0:35165
2019-06-13 20:36:48,331 INFO  util.JvmPauseMonitor (JvmPauseMonitor.java:run(188)) - Starting JVM pause monitor
2019-06-13 20:36:48,333 WARN  scm.ScmUtils (ScmUtils.java:getDBPath(63)) - ozone.om.db.dirs is not configured. We recommend adding this setting. Falling back to ozone.metadata.dirs instead.
2019-06-13 20:36:48,410 WARN  scm.ScmUtils (ScmUtils.java:getDBPath(63)) - ozone.om.db.dirs is not configured. We recommend adding this setting. Falling back to ozone.metadata.dirs instead.
2019-06-13 20:36:48,411 INFO  om.OzoneManager (OzoneManager.java:setOMNodeDetails(519)) - OM Service ID is not set. Setting it to the default ID: omServiceIdDefault
2019-06-13 20:36:48,411 INFO  om.OzoneManager (OzoneManager.java:setOMNodeDetails(525)) - OM Node ID is not set. Setting it to the OmStorage's OmID: c6ab4812-9ef7-42f3-b8d1-27fe568f98e7
2019-06-13 20:36:48,413 WARN  scm.HddsServerUtil (HddsServerUtil.java:getDefaultRatisDirectory(354)) - Storage directory for Ratis is not configured. It is a good idea to map this to an SSD disk. Falling back to ozone.metadata.dirs
2019-06-13 20:36:48,413 WARN  scm.HddsServerUtil (HddsServerUtil.java:getDefaultRatisDirectory(354)) - Storage directory for Ratis is not configured. It is a good idea to map this to an SSD disk. Falling back to ozone.metadata.dirs
2019-06-13 20:36:48,414 INFO  om.OzoneManager (OzoneManager.java:loadOMHAConfigs(476)) - Found matching OM address with OMServiceId: null, OMNodeId: null, RPC Address: localhost:0 and Ratis port: 9872
2019-06-13 20:36:48,588 WARN  scm.ScmUtils (ScmUtils.java:getDBPath(63)) - ozone.om.db.dirs is not configured. We recommend adding this setting. Falling back to ozone.metadata.dirs instead.
2019-06-13 20:36:48,594 INFO  db.DBStoreBuilder (DBStoreBuilder.java:addTable(110)) - using custom profile for table: userTable
2019-06-13 20:36:48,595 INFO  db.DBStoreBuilder (DBStoreBuilder.java:processTables(161)) - Using default column profile:DBProfile.DISK for Table:userTable
2019-06-13 20:36:48,595 INFO  db.DBStoreBuilder (DBStoreBuilder.java:addTable(110)) - using custom profile for table: volumeTable
2019-06-13 20:36:48,595 INFO  db.DBStoreBuilder (DBStoreBuilder.java:processTables(161)) - Using default column profile:DBProfile.DISK for Table:volumeTable
2019-06-13 20:36:48,595 INFO  db.DBStoreBuilder (DBStoreBuilder.java:addTable(110)) - using custom profile for table: bucketTable
2019-06-13 20:36:48,595 INFO  db.DBStoreBuilder (DBStoreBuilder.java:processTables(161)) - Using default column profile:DBProfile.DISK for Table:bucketTable
2019-06-13 20:36:48,596 INFO  db.DBStoreBuilder (DBStoreBuilder.java:addTable(110)) - using custom profile for table: keyTable
2019-06-13 20:36:48,596 INFO  db.DBStoreBuilder (DBStoreBuilder.java:processTables(161)) - Using default column profile:DBProfile.DISK for Table:keyTable
2019-06-13 20:36:48,596 INFO  db.DBStoreBuilder (DBStoreBuilder.java:addTable(110)) - using custom profile for table: deletedTable
2019-06-13 20:36:48,596 INFO  db.DBStoreBuilder (DBStoreBuilder.java:processTables(161)) - Using default column profile:DBProfile.DISK for Table:deletedTable
2019-06-13 20:36:48,596 INFO  db.DBStoreBuilder (DBStoreBuilder.java:addTable(110)) - using custom profile for table: openKeyTable
2019-06-13 20:36:48,596 INFO  db.DBStoreBuilder (DBStoreBuilder.java:processTables(161)) - Using default column profile:DBProfile.DISK for Table:openKeyTable
2019-06-13 20:36:48,597 INFO  db.DBStoreBuilder (DBStoreBuilder.java:addTable(110)) - using custom profile for table: s3Table
2019-06-13 20:36:48,597 INFO  db.DBStoreBuilder (DBStoreBuilder.java:processTables(161)) - Using default column profile:DBProfile.DISK for Table:s3Table
2019-06-13 20:36:48,597 INFO  db.DBStoreBuilder (DBStoreBuilder.java:addTable(110)) - using custom profile for table: multipartInfoTable
2019-06-13 20:36:48,597 INFO  db.DBStoreBuilder (DBStoreBuilder.java:processTables(161)) - Using default column profile:DBProfile.DISK for Table:multipartInfoTable
2019-06-13 20:36:48,597 INFO  db.DBStoreBuilder (DBStoreBuilder.java:addTable(110)) - using custom profile for table: dTokenTable
2019-06-13 20:36:48,597 INFO  db.DBStoreBuilder (DBStoreBuilder.java:processTables(161)) - Using default column profile:DBProfile.DISK for Table:dTokenTable
2019-06-13 20:36:48,598 INFO  db.DBStoreBuilder (DBStoreBuilder.java:addTable(110)) - using custom profile for table: s3SecretTable
2019-06-13 20:36:48,598 INFO  db.DBStoreBuilder (DBStoreBuilder.java:processTables(161)) - Using default column profile:DBProfile.DISK for Table:s3SecretTable
2019-06-13 20:36:48,598 INFO  db.DBStoreBuilder (DBStoreBuilder.java:addTable(110)) - using custom profile for table: prefixTable
2019-06-13 20:36:48,598 INFO  db.DBStoreBuilder (DBStoreBuilder.java:processTables(161)) - Using default column profile:DBProfile.DISK for Table:prefixTable
2019-06-13 20:36:48,598 INFO  db.DBStoreBuilder (DBStoreBuilder.java:addTable(110)) - using custom profile for table: default
2019-06-13 20:36:48,598 INFO  db.DBStoreBuilder (DBStoreBuilder.java:processTables(167)) - Using default column profile:DBProfile.DISK for Table:default
2019-06-13 20:36:48,599 INFO  db.DBStoreBuilder (DBStoreBuilder.java:getDbProfile(198)) - Using default options. DBProfile.DISK
2019-06-13 20:36:49,110 INFO  ipc.CallQueueManager (CallQueueManager.java:<init>(84)) - Using callQueue: class java.util.concurrent.LinkedBlockingQueue, queueCapacity: 2000, scheduler: class org.apache.hadoop.ipc.DefaultRpcScheduler, ipcBackoff: false.
2019-06-13 20:36:49,111 INFO  ipc.Server (Server.java:run(1074)) - Starting Socket Reader #1 for port 46067
2019-06-13 20:36:49,132 WARN  scm.ScmUtils (ScmUtils.java:getDBPath(63)) - ozone.om.db.dirs is not configured. We recommend adding this setting. Falling back to ozone.metadata.dirs instead.
2019-06-13 20:36:49,133 INFO  om.OzoneManager (OzoneManager.java:start(1217)) - OzoneManager RPC server is listening at localhost/127.0.0.1:46067
2019-06-13 20:36:49,133 INFO  impl.MetricsSystemImpl (MetricsSystemImpl.java:init(158)) - OzoneManager metrics system started (again)
2019-06-13 20:36:49,133 INFO  ipc.Server (Server.java:run(1314)) - IPC Server Responder: starting
2019-06-13 20:36:49,137 INFO  ipc.Server (Server.java:run(1153)) - IPC Server listener on 46067: starting
2019-06-13 20:36:49,147 INFO  hdfs.DFSUtil (DFSUtil.java:httpServerTemplateForNNAndJN(1641)) - Starting Web-server for ozoneManager at: http://0.0.0.0:0
2019-06-13 20:36:49,149 INFO  server.AuthenticationFilter (AuthenticationFilter.java:constructSecretProvider(240)) - Unable to initialize FileSignerSecretProvider, falling back to use random secrets.
2019-06-13 20:36:49,149 WARN  http.HttpRequestLog (HttpRequestLog.java:getRequestLog(97)) - Jetty request log can only be enabled using Log4j
2019-06-13 20:36:49,151 INFO  http.HttpServer2 (HttpServer2.java:addGlobalFilter(975)) - Added global filter 'safety' (class=org.apache.hadoop.http.HttpServer2$QuotingInputFilter)
2019-06-13 20:36:49,152 INFO  http.HttpServer2 (HttpServer2.java:addFilter(948)) - Added filter static_user_filter (class=org.apache.hadoop.http.lib.StaticUserWebFilter$StaticUserFilter) to context ozoneManager
2019-06-13 20:36:49,152 INFO  http.HttpServer2 (HttpServer2.java:addFilter(958)) - Added filter static_user_filter (class=org.apache.hadoop.http.lib.StaticUserWebFilter$StaticUserFilter) to context static
2019-06-13 20:36:49,152 INFO  http.HttpServer2 (HttpServer2.java:addFilter(958)) - Added filter static_user_filter (class=org.apache.hadoop.http.lib.StaticUserWebFilter$StaticUserFilter) to context logs
2019-06-13 20:36:49,154 INFO  http.HttpServer2 (HttpServer2.java:bindListener(1191)) - Jetty bound to port 37373
2019-06-13 20:36:49,154 INFO  server.Server (Server.java:doStart(351)) - jetty-9.3.24.v20180605, build timestamp: 2018-06-05T17:11:56Z, git hash: 84205aa28f11a4f31f2a3b86d1bba2cc8ab69827
2019-06-13 20:36:49,159 INFO  handler.ContextHandler (ContextHandler.java:doStart(781)) - Started o.e.j.s.ServletContextHandler@bcb09a6{/logs,file:///opt/src/hadoop-ozone/integration-test/target/log,AVAILABLE}
2019-06-13 20:36:49,159 INFO  handler.ContextHandler (ContextHandler.java:doStart(781)) - Started o.e.j.s.ServletContextHandler@a619c2{/static,file:///opt/src/hadoop-ozone/integration-test/target/test-classes/webapps/static,AVAILABLE}
2019-06-13 20:36:49,164 INFO  handler.ContextHandler (ContextHandler.java:doStart(781)) - Started o.e.j.w.WebAppContext@c9d82f9{/,file:///opt/src/hadoop-ozone/integration-test/target/test-classes/webapps/ozoneManager/,AVAILABLE}{/ozoneManager}
2019-06-13 20:36:49,164 INFO  server.AbstractConnector (AbstractConnector.java:doStart(278)) - Started ServerConnector@6f012914{HTTP/1.1,[http/1.1]}{0.0.0.0:37373}
2019-06-13 20:36:49,164 INFO  server.Server (Server.java:doStart(419)) - Started @3150ms
2019-06-13 20:36:49,165 INFO  server.BaseHttpServer (BaseHttpServer.java:updateConnectorAddress(207)) - HTTP server of OZONEMANAGER is listening at http://0.0.0.0:37373
2019-06-13 20:36:49,296 INFO  impl.MetricsSystemImpl (MetricsSystemImpl.java:init(158)) - HddsDatanode metrics system started (again)
2019-06-13 20:36:49,432 INFO  ozone.HddsDatanodeService (HddsDatanodeService.java:start(185)) - HddsDatanodeService host:ozone-xt75l-2456167409 ip:192.168.105.134
2019-06-13 20:36:49,453 INFO  volume.HddsVolume (HddsVolume.java:<init>(176)) - Creating Volume: /opt/src/hadoop-ozone/integration-test/target/test-dir/MiniOzoneClusterImpl-c1e8d8ba-3ddd-4ce9-ac29-f84de9745ed6/datanode-0/data/containers/hdds of  storage type : DISK and capacity : 104021790720
2019-06-13 20:36:49,455 INFO  volume.VolumeSet (VolumeSet.java:initializeVolumeSet(170)) - Added Volume : /opt/src/hadoop-ozone/integration-test/target/test-dir/MiniOzoneClusterImpl-c1e8d8ba-3ddd-4ce9-ac29-f84de9745ed6/datanode-0/data/containers/hdds to VolumeSet
2019-06-13 20:36:49,458 INFO  volume.ThrottledAsyncChecker (ThrottledAsyncChecker.java:schedule(140)) - Scheduling a check for org.apache.hadoop.ozone.container.common.volume.HddsVolume@6fd1660
2019-06-13 20:36:49,477 INFO  volume.HddsVolumeChecker (HddsVolumeChecker.java:checkAllVolumes(203)) - Scheduled health check for volume org.apache.hadoop.ozone.container.common.volume.HddsVolume@6fd1660
2019-06-13 20:36:49,524 INFO  ratis.XceiverServerRatis (XceiverServerRatis.java:newXceiverServerRatis(401)) - Found a free port for the server : 45197
2019-06-13 20:36:49,587 INFO  impl.RaftServerProxy (ConfUtils.java:logGet(43)) - raft.rpc.type = GRPC (default)
2019-06-13 20:36:49,595 INFO  grpc.GrpcConfigKeys$Server (ConfUtils.java:logGet(43)) - raft.grpc.server.port = 45197 (custom)
2019-06-13 20:36:49,596 INFO  server.GrpcService (ConfUtils.java:logGet(43)) - raft.grpc.message.size.max = 33570816 (custom)
2019-06-13 20:36:49,597 INFO  server.RaftServerConfigKeys (ConfUtils.java:logGet(43)) - raft.server.log.appender.buffer.byte-limit = 33554432 (custom)
2019-06-13 20:36:49,598 INFO  server.GrpcService (ConfUtils.java:logGet(43)) - raft.grpc.flow.control.window = 1MB (=1048576) (default)
2019-06-13 20:36:49,598 INFO  server.RaftServerConfigKeys (ConfUtils.java:logGet(43)) - raft.server.rpc.request.timeout = 3000ms (default)
2019-06-13 20:36:49,713 INFO  server.RaftServerConfigKeys (ConfUtils.java:logGet(43)) - raft.server.storage.dir = [/opt/src/hadoop-ozone/integration-test/target/test-dir/MiniOzoneClusterImpl-c1e8d8ba-3ddd-4ce9-ac29-f84de9745ed6/datanode-0/data/ratis] (custom)
2019-06-13 20:36:49,719 INFO  server.XceiverServerGrpc (XceiverServerGrpc.java:<init>(97)) - Found a free port for the server : 43129
2019-06-13 20:36:49,741 INFO  replication.SimpleContainerDownloader (SimpleContainerDownloader.java:<init>(72)) - Starting container downloader service to copy containers to replicate.
2019-06-13 20:36:49,751 INFO  hdfs.DFSUtil (DFSUtil.java:httpServerTemplateForNNAndJN(1641)) - Starting Web-server for hddsDatanode at: http://0.0.0.0:0
2019-06-13 20:36:49,752 INFO  server.AuthenticationFilter (AuthenticationFilter.java:constructSecretProvider(240)) - Unable to initialize FileSignerSecretProvider, falling back to use random secrets.
2019-06-13 20:36:49,753 WARN  http.HttpRequestLog (HttpRequestLog.java:getRequestLog(97)) - Jetty request log can only be enabled using Log4j
2019-06-13 20:36:49,754 INFO  http.HttpServer2 (HttpServer2.java:addGlobalFilter(975)) - Added global filter 'safety' (class=org.apache.hadoop.http.HttpServer2$QuotingInputFilter)
2019-06-13 20:36:49,754 INFO  http.HttpServer2 (HttpServer2.java:addFilter(948)) - Added filter static_user_filter (class=org.apache.hadoop.http.lib.StaticUserWebFilter$StaticUserFilter) to context hddsDatanode
2019-06-13 20:36:49,755 INFO  http.HttpServer2 (HttpServer2.java:addFilter(958)) - Added filter static_user_filter (class=org.apache.hadoop.http.lib.StaticUserWebFilter$StaticUserFilter) to context logs
2019-06-13 20:36:49,755 INFO  http.HttpServer2 (HttpServer2.java:addFilter(958)) - Added filter static_user_filter (class=org.apache.hadoop.http.lib.StaticUserWebFilter$StaticUserFilter) to context static
2019-06-13 20:36:49,756 INFO  http.HttpServer2 (HttpServer2.java:bindListener(1191)) - Jetty bound to port 36921
2019-06-13 20:36:49,756 INFO  server.Server (Server.java:doStart(351)) - jetty-9.3.24.v20180605, build timestamp: 2018-06-05T17:11:56Z, git hash: 84205aa28f11a4f31f2a3b86d1bba2cc8ab69827
2019-06-13 20:36:49,758 INFO  handler.ContextHandler (ContextHandler.java:doStart(781)) - Started o.e.j.s.ServletContextHandler@6438a7fe{/logs,file:///opt/src/hadoop-ozone/integration-test/target/log,AVAILABLE}
2019-06-13 20:36:49,758 INFO  handler.ContextHandler (ContextHandler.java:doStart(781)) - Started o.e.j.s.ServletContextHandler@4f5f6e45{/static,jar:file:/root/.m2/repository/org/apache/hadoop/hadoop-hdds-container-service/0.5.0-SNAPSHOT/hadoop-hdds-container-service-0.5.0-SNAPSHOT.jar!/webapps/static,AVAILABLE}
2019-06-13 20:36:49,791 INFO  handler.ContextHandler (ContextHandler.java:doStart(781)) - Started o.e.j.w.WebAppContext@36c0d0bd{/,file:///tmp/jetty-0.0.0.0-36921-hddsDatanode-_-any-4756992002468358845.dir/webapp/,AVAILABLE}{/hddsDatanode}
2019-06-13 20:36:49,792 INFO  server.AbstractConnector (AbstractConnector.java:doStart(278)) - Started ServerConnector@5e1fc2aa{HTTP/1.1,[http/1.1]}{0.0.0.0:36921}
2019-06-13 20:36:49,792 INFO  server.Server (Server.java:doStart(419)) - Started @3778ms
2019-06-13 20:36:49,793 INFO  server.BaseHttpServer (BaseHttpServer.java:updateConnectorAddress(207)) - HTTP server of HDDSDATANODE is listening at http://0.0.0.0:36921
2019-06-13 20:36:50,656 INFO  ozone.HddsDatanodeService (HddsDatanodeService.java:startPlugins(396)) - Started plug-in org.apache.hadoop.ozone.web.OzoneHddsDatanodeService@1f992a3a
2019-06-13 20:36:50,657 INFO  impl.MetricsSystemImpl (MetricsSystemImpl.java:init(158)) - HddsDatanode metrics system started (again)
2019-06-13 20:36:50,657 INFO  ozone.HddsDatanodeService (HddsDatanodeService.java:start(185)) - HddsDatanodeService host:ozone-xt75l-2456167409 ip:192.168.105.134
2019-06-13 20:36:50,670 INFO  util.JvmPauseMonitor (JvmPauseMonitor.java:run(188)) - Starting JVM pause monitor
2019-06-13 20:36:50,673 INFO  volume.HddsVolume (HddsVolume.java:<init>(176)) - Creating Volume: /opt/src/hadoop-ozone/integration-test/target/test-dir/MiniOzoneClusterImpl-c1e8d8ba-3ddd-4ce9-ac29-f84de9745ed6/datanode-1/data/containers/hdds of  storage type : DISK and capacity : 104021790720
2019-06-13 20:36:50,673 INFO  volume.VolumeSet (VolumeSet.java:initializeVolumeSet(170)) - Added Volume : /opt/src/hadoop-ozone/integration-test/target/test-dir/MiniOzoneClusterImpl-c1e8d8ba-3ddd-4ce9-ac29-f84de9745ed6/datanode-1/data/containers/hdds to VolumeSet
2019-06-13 20:36:50,674 INFO  volume.ThrottledAsyncChecker (ThrottledAsyncChecker.java:schedule(140)) - Scheduling a check for org.apache.hadoop.ozone.container.common.volume.HddsVolume@78a8978a
2019-06-13 20:36:50,682 INFO  volume.HddsVolumeChecker (HddsVolumeChecker.java:checkAllVolumes(203)) - Scheduled health check for volume org.apache.hadoop.ozone.container.common.volume.HddsVolume@78a8978a
2019-06-13 20:36:50,701 INFO  ratis.XceiverServerRatis (XceiverServerRatis.java:newXceiverServerRatis(401)) - Found a free port for the server : 45607
2019-06-13 20:36:50,702 INFO  impl.RaftServerProxy (ConfUtils.java:logGet(43)) - raft.rpc.type = GRPC (default)
2019-06-13 20:36:50,703 INFO  grpc.GrpcConfigKeys$Server (ConfUtils.java:logGet(43)) - raft.grpc.server.port = 45607 (custom)
2019-06-13 20:36:50,703 INFO  server.GrpcService (ConfUtils.java:logGet(43)) - raft.grpc.message.size.max = 33570816 (custom)
2019-06-13 20:36:50,703 INFO  server.RaftServerConfigKeys (ConfUtils.java:logGet(43)) - raft.server.log.appender.buffer.byte-limit = 33554432 (custom)
2019-06-13 20:36:50,704 INFO  server.GrpcService (ConfUtils.java:logGet(43)) - raft.grpc.flow.control.window = 1MB (=1048576) (default)
2019-06-13 20:36:50,704 INFO  server.RaftServerConfigKeys (ConfUtils.java:logGet(43)) - raft.server.rpc.request.timeout = 3000ms (default)
2019-06-13 20:36:50,705 INFO  server.RaftServerConfigKeys (ConfUtils.java:logGet(43)) - raft.server.storage.dir = [/opt/src/hadoop-ozone/integration-test/target/test-dir/MiniOzoneClusterImpl-c1e8d8ba-3ddd-4ce9-ac29-f84de9745ed6/datanode-1/data/ratis] (custom)
2019-06-13 20:36:50,705 INFO  server.XceiverServerGrpc (XceiverServerGrpc.java:<init>(97)) - Found a free port for the server : 37075
2019-06-13 20:36:50,705 INFO  replication.SimpleContainerDownloader (SimpleContainerDownloader.java:<init>(72)) - Starting container downloader service to copy containers to replicate.
2019-06-13 20:36:50,739 INFO  hdfs.DFSUtil (DFSUtil.java:httpServerTemplateForNNAndJN(1641)) - Starting Web-server for hddsDatanode at: http://0.0.0.0:0
2019-06-13 20:36:50,740 INFO  server.AuthenticationFilter (AuthenticationFilter.java:constructSecretProvider(240)) - Unable to initialize FileSignerSecretProvider, falling back to use random secrets.
2019-06-13 20:36:50,741 WARN  http.HttpRequestLog (HttpRequestLog.java:getRequestLog(97)) - Jetty request log can only be enabled using Log4j
2019-06-13 20:36:50,743 INFO  http.HttpServer2 (HttpServer2.java:addGlobalFilter(975)) - Added global filter 'safety' (class=org.apache.hadoop.http.HttpServer2$QuotingInputFilter)
2019-06-13 20:36:50,744 INFO  http.HttpServer2 (HttpServer2.java:addFilter(948)) - Added filter static_user_filter (class=org.apache.hadoop.http.lib.StaticUserWebFilter$StaticUserFilter) to context hddsDatanode
2019-06-13 20:36:50,744 INFO  http.HttpServer2 (HttpServer2.java:addFilter(958)) - Added filter static_user_filter (class=org.apache.hadoop.http.lib.StaticUserWebFilter$StaticUserFilter) to context logs
2019-06-13 20:36:50,744 INFO  http.HttpServer2 (HttpServer2.java:addFilter(958)) - Added filter static_user_filter (class=org.apache.hadoop.http.lib.StaticUserWebFilter$StaticUserFilter) to context static
2019-06-13 20:36:50,745 INFO  http.HttpServer2 (HttpServer2.java:bindListener(1191)) - Jetty bound to port 34417
2019-06-13 20:36:50,746 INFO  server.Server (Server.java:doStart(351)) - jetty-9.3.24.v20180605, build timestamp: 2018-06-05T17:11:56Z, git hash: 84205aa28f11a4f31f2a3b86d1bba2cc8ab69827
2019-06-13 20:36:50,747 INFO  handler.ContextHandler (ContextHandler.java:doStart(781)) - Started o.e.j.s.ServletContextHandler@2574a9e3{/logs,file:///opt/src/hadoop-ozone/integration-test/target/log,AVAILABLE}
2019-06-13 20:36:50,748 INFO  handler.ContextHandler (ContextHandler.java:doStart(781)) - Started o.e.j.s.ServletContextHandler@422ab737{/static,jar:file:/root/.m2/repository/org/apache/hadoop/hadoop-hdds-container-service/0.5.0-SNAPSHOT/hadoop-hdds-container-service-0.5.0-SNAPSHOT.jar!/webapps/static,AVAILABLE}
2019-06-13 20:36:50,763 INFO  datanode.InitDatanodeState (InitDatanodeState.java:persistContainerDatanodeDetails(140)) - DatanodeDetails is persisted to /opt/src/hadoop-ozone/integration-test/target/test-dir/MiniOzoneClusterImpl-c1e8d8ba-3ddd-4ce9-ac29-f84de9745ed6/datanode-0/meta/datanode.id
2019-06-13 20:36:50,774 INFO  handler.ContextHandler (ContextHandler.java:doStart(781)) - Started o.e.j.w.WebAppContext@78da899f{/,file:///tmp/jetty-0.0.0.0-34417-hddsDatanode-_-any-7757605619602469098.dir/webapp/,AVAILABLE}{/hddsDatanode}
2019-06-13 20:36:50,776 INFO  server.AbstractConnector (AbstractConnector.java:doStart(278)) - Started ServerConnector@e7b265e{HTTP/1.1,[http/1.1]}{0.0.0.0:34417}
2019-06-13 20:36:50,776 INFO  server.Server (Server.java:doStart(419)) - Started @4762ms
2019-06-13 20:36:50,777 INFO  server.BaseHttpServer (BaseHttpServer.java:updateConnectorAddress(207)) - HTTP server of HDDSDATANODE is listening at http://0.0.0.0:34417
2019-06-13 20:36:50,914 INFO  ozone.HddsDatanodeService (HddsDatanodeService.java:startPlugins(396)) - Started plug-in org.apache.hadoop.ozone.web.OzoneHddsDatanodeService@63fd4dda
2019-06-13 20:36:50,917 INFO  impl.MetricsSystemImpl (MetricsSystemImpl.java:init(158)) - HddsDatanode metrics system started (again)
2019-06-13 20:36:50,917 INFO  ozone.HddsDatanodeService (HddsDatanodeService.java:start(185)) - HddsDatanodeService host:ozone-xt75l-2456167409 ip:192.168.105.134
2019-06-13 20:36:50,928 INFO  util.JvmPauseMonitor (JvmPauseMonitor.java:run(188)) - Starting JVM pause monitor
2019-06-13 20:36:50,938 INFO  datanode.InitDatanodeState (InitDatanodeState.java:persistContainerDatanodeDetails(140)) - DatanodeDetails is persisted to /opt/src/hadoop-ozone/integration-test/target/test-dir/MiniOzoneClusterImpl-c1e8d8ba-3ddd-4ce9-ac29-f84de9745ed6/datanode-1/meta/datanode.id
2019-06-13 20:36:50,957 INFO  volume.HddsVolume (HddsVolume.java:<init>(176)) - Creating Volume: /opt/src/hadoop-ozone/integration-test/target/test-dir/MiniOzoneClusterImpl-c1e8d8ba-3ddd-4ce9-ac29-f84de9745ed6/datanode-2/data/containers/hdds of  storage type : DISK and capacity : 104021790720
2019-06-13 20:36:50,958 INFO  volume.VolumeSet (VolumeSet.java:initializeVolumeSet(170)) - Added Volume : /opt/src/hadoop-ozone/integration-test/target/test-dir/MiniOzoneClusterImpl-c1e8d8ba-3ddd-4ce9-ac29-f84de9745ed6/datanode-2/data/containers/hdds to VolumeSet
2019-06-13 20:36:50,958 INFO  volume.ThrottledAsyncChecker (ThrottledAsyncChecker.java:schedule(140)) - Scheduling a check for org.apache.hadoop.ozone.container.common.volume.HddsVolume@4b56b031
2019-06-13 20:36:50,970 INFO  volume.HddsVolumeChecker (HddsVolumeChecker.java:checkAllVolumes(203)) - Scheduled health check for volume org.apache.hadoop.ozone.container.common.volume.HddsVolume@4b56b031
2019-06-13 20:36:50,990 INFO  ratis.XceiverServerRatis (XceiverServerRatis.java:newXceiverServerRatis(401)) - Found a free port for the server : 34535
2019-06-13 20:36:50,991 INFO  impl.RaftServerProxy (ConfUtils.java:logGet(43)) - raft.rpc.type = GRPC (default)
2019-06-13 20:36:50,991 INFO  grpc.GrpcConfigKeys$Server (ConfUtils.java:logGet(43)) - raft.grpc.server.port = 34535 (custom)
2019-06-13 20:36:50,992 INFO  server.GrpcService (ConfUtils.java:logGet(43)) - raft.grpc.message.size.max = 33570816 (custom)
2019-06-13 20:36:50,992 INFO  server.RaftServerConfigKeys (ConfUtils.java:logGet(43)) - raft.server.log.appender.buffer.byte-limit = 33554432 (custom)
2019-06-13 20:36:50,993 INFO  server.GrpcService (ConfUtils.java:logGet(43)) - raft.grpc.flow.control.window = 1MB (=1048576) (default)
2019-06-13 20:36:50,993 INFO  server.RaftServerConfigKeys (ConfUtils.java:logGet(43)) - raft.server.rpc.request.timeout = 3000ms (default)
2019-06-13 20:36:50,994 INFO  server.RaftServerConfigKeys (ConfUtils.java:logGet(43)) - raft.server.storage.dir = [/opt/src/hadoop-ozone/integration-test/target/test-dir/MiniOzoneClusterImpl-c1e8d8ba-3ddd-4ce9-ac29-f84de9745ed6/datanode-2/data/ratis] (custom)
2019-06-13 20:36:50,994 INFO  server.XceiverServerGrpc (XceiverServerGrpc.java:<init>(97)) - Found a free port for the server : 41273
2019-06-13 20:36:50,995 INFO  replication.SimpleContainerDownloader (SimpleContainerDownloader.java:<init>(72)) - Starting container downloader service to copy containers to replicate.
2019-06-13 20:36:50,996 INFO  hdfs.DFSUtil (DFSUtil.java:httpServerTemplateForNNAndJN(1641)) - Starting Web-server for hddsDatanode at: http://0.0.0.0:0
2019-06-13 20:36:50,997 INFO  server.AuthenticationFilter (AuthenticationFilter.java:constructSecretProvider(240)) - Unable to initialize FileSignerSecretProvider, falling back to use random secrets.
2019-06-13 20:36:50,999 WARN  http.HttpRequestLog (HttpRequestLog.java:getRequestLog(97)) - Jetty request log can only be enabled using Log4j
2019-06-13 20:36:51,000 INFO  http.HttpServer2 (HttpServer2.java:addGlobalFilter(975)) - Added global filter 'safety' (class=org.apache.hadoop.http.HttpServer2$QuotingInputFilter)
2019-06-13 20:36:51,001 INFO  http.HttpServer2 (HttpServer2.java:addFilter(948)) - Added filter static_user_filter (class=org.apache.hadoop.http.lib.StaticUserWebFilter$StaticUserFilter) to context hddsDatanode
2019-06-13 20:36:51,001 INFO  http.HttpServer2 (HttpServer2.java:addFilter(958)) - Added filter static_user_filter (class=org.apache.hadoop.http.lib.StaticUserWebFilter$StaticUserFilter) to context logs
2019-06-13 20:36:51,001 INFO  http.HttpServer2 (HttpServer2.java:addFilter(958)) - Added filter static_user_filter (class=org.apache.hadoop.http.lib.StaticUserWebFilter$StaticUserFilter) to context static
2019-06-13 20:36:51,002 INFO  http.HttpServer2 (HttpServer2.java:bindListener(1191)) - Jetty bound to port 36363
2019-06-13 20:36:51,002 INFO  server.Server (Server.java:doStart(351)) - jetty-9.3.24.v20180605, build timestamp: 2018-06-05T17:11:56Z, git hash: 84205aa28f11a4f31f2a3b86d1bba2cc8ab69827
2019-06-13 20:36:51,004 INFO  handler.ContextHandler (ContextHandler.java:doStart(781)) - Started o.e.j.s.ServletContextHandler@2443abd6{/logs,file:///opt/src/hadoop-ozone/integration-test/target/log,AVAILABLE}
2019-06-13 20:36:51,005 INFO  handler.ContextHandler (ContextHandler.java:doStart(781)) - Started o.e.j.s.ServletContextHandler@bd3eff4{/static,jar:file:/root/.m2/repository/org/apache/hadoop/hadoop-hdds-container-service/0.5.0-SNAPSHOT/hadoop-hdds-container-service-0.5.0-SNAPSHOT.jar!/webapps/static,AVAILABLE}
2019-06-13 20:36:51,035 INFO  handler.ContextHandler (ContextHandler.java:doStart(781)) - Started o.e.j.w.WebAppContext@4e80a001{/,file:///tmp/jetty-0.0.0.0-36363-hddsDatanode-_-any-2614811794896157550.dir/webapp/,AVAILABLE}{/hddsDatanode}
2019-06-13 20:36:51,036 INFO  server.AbstractConnector (AbstractConnector.java:doStart(278)) - Started ServerConnector@624b523{HTTP/1.1,[http/1.1]}{0.0.0.0:36363}
2019-06-13 20:36:51,036 INFO  server.Server (Server.java:doStart(419)) - Started @5022ms
2019-06-13 20:36:51,037 INFO  server.BaseHttpServer (BaseHttpServer.java:updateConnectorAddress(207)) - HTTP server of HDDSDATANODE is listening at http://0.0.0.0:36363
2019-06-13 20:36:51,213 INFO  ozone.HddsDatanodeService (HddsDatanodeService.java:startPlugins(396)) - Started plug-in org.apache.hadoop.ozone.web.OzoneHddsDatanodeService@11c78080
2019-06-13 20:36:51,214 INFO  impl.MetricsSystemImpl (MetricsSystemImpl.java:init(158)) - HddsDatanode metrics system started (again)
2019-06-13 20:36:51,215 INFO  ozone.HddsDatanodeService (HddsDatanodeService.java:start(185)) - HddsDatanodeService host:ozone-xt75l-2456167409 ip:192.168.105.134
2019-06-13 20:36:51,228 INFO  util.JvmPauseMonitor (JvmPauseMonitor.java:run(188)) - Starting JVM pause monitor
2019-06-13 20:36:51,229 INFO  volume.HddsVolume (HddsVolume.java:<init>(176)) - Creating Volume: /opt/src/hadoop-ozone/integration-test/target/test-dir/MiniOzoneClusterImpl-c1e8d8ba-3ddd-4ce9-ac29-f84de9745ed6/datanode-3/data/containers/hdds of  storage type : DISK and capacity : 104021790720
2019-06-13 20:36:51,230 INFO  volume.VolumeSet (VolumeSet.java:initializeVolumeSet(170)) - Added Volume : /opt/src/hadoop-ozone/integration-test/target/test-dir/MiniOzoneClusterImpl-c1e8d8ba-3ddd-4ce9-ac29-f84de9745ed6/datanode-3/data/containers/hdds to VolumeSet
2019-06-13 20:36:51,230 INFO  volume.ThrottledAsyncChecker (ThrottledAsyncChecker.java:schedule(140)) - Scheduling a check for org.apache.hadoop.ozone.container.common.volume.HddsVolume@7c11d32
2019-06-13 20:36:51,231 INFO  volume.HddsVolumeChecker (HddsVolumeChecker.java:checkAllVolumes(203)) - Scheduled health check for volume org.apache.hadoop.ozone.container.common.volume.HddsVolume@7c11d32
2019-06-13 20:36:51,232 INFO  datanode.InitDatanodeState (InitDatanodeState.java:persistContainerDatanodeDetails(140)) - DatanodeDetails is persisted to /opt/src/hadoop-ozone/integration-test/target/test-dir/MiniOzoneClusterImpl-c1e8d8ba-3ddd-4ce9-ac29-f84de9745ed6/datanode-2/meta/datanode.id
2019-06-13 20:36:51,245 INFO  ratis.XceiverServerRatis (XceiverServerRatis.java:newXceiverServerRatis(401)) - Found a free port for the server : 39993
2019-06-13 20:36:51,246 INFO  impl.RaftServerProxy (ConfUtils.java:logGet(43)) - raft.rpc.type = GRPC (default)
2019-06-13 20:36:51,247 INFO  grpc.GrpcConfigKeys$Server (ConfUtils.java:logGet(43)) - raft.grpc.server.port = 39993 (custom)
2019-06-13 20:36:51,247 INFO  server.GrpcService (ConfUtils.java:logGet(43)) - raft.grpc.message.size.max = 33570816 (custom)
2019-06-13 20:36:51,247 INFO  server.RaftServerConfigKeys (ConfUtils.java:logGet(43)) - raft.server.log.appender.buffer.byte-limit = 33554432 (custom)
2019-06-13 20:36:51,247 INFO  server.GrpcService (ConfUtils.java:logGet(43)) - raft.grpc.flow.control.window = 1MB (=1048576) (default)
2019-06-13 20:36:51,247 INFO  server.RaftServerConfigKeys (ConfUtils.java:logGet(43)) - raft.server.rpc.request.timeout = 3000ms (default)
2019-06-13 20:36:51,248 INFO  server.RaftServerConfigKeys (ConfUtils.java:logGet(43)) - raft.server.storage.dir = [/opt/src/hadoop-ozone/integration-test/target/test-dir/MiniOzoneClusterImpl-c1e8d8ba-3ddd-4ce9-ac29-f84de9745ed6/datanode-3/data/ratis] (custom)
2019-06-13 20:36:51,248 INFO  server.XceiverServerGrpc (XceiverServerGrpc.java:<init>(97)) - Found a free port for the server : 42907
2019-06-13 20:36:51,249 INFO  replication.SimpleContainerDownloader (SimpleContainerDownloader.java:<init>(72)) - Starting container downloader service to copy containers to replicate.
2019-06-13 20:36:51,250 INFO  hdfs.DFSUtil (DFSUtil.java:httpServerTemplateForNNAndJN(1641)) - Starting Web-server for hddsDatanode at: http://0.0.0.0:0
2019-06-13 20:36:51,251 INFO  server.AuthenticationFilter (AuthenticationFilter.java:constructSecretProvider(240)) - Unable to initialize FileSignerSecretProvider, falling back to use random secrets.
2019-06-13 20:36:51,251 WARN  http.HttpRequestLog (HttpRequestLog.java:getRequestLog(97)) - Jetty request log can only be enabled using Log4j
2019-06-13 20:36:51,253 INFO  http.HttpServer2 (HttpServer2.java:addGlobalFilter(975)) - Added global filter 'safety' (class=org.apache.hadoop.http.HttpServer2$QuotingInputFilter)
2019-06-13 20:36:51,253 INFO  http.HttpServer2 (HttpServer2.java:addFilter(948)) - Added filter static_user_filter (class=org.apache.hadoop.http.lib.StaticUserWebFilter$StaticUserFilter) to context hddsDatanode
2019-06-13 20:36:51,254 INFO  http.HttpServer2 (HttpServer2.java:addFilter(958)) - Added filter static_user_filter (class=org.apache.hadoop.http.lib.StaticUserWebFilter$StaticUserFilter) to context logs
2019-06-13 20:36:51,254 INFO  http.HttpServer2 (HttpServer2.java:addFilter(958)) - Added filter static_user_filter (class=org.apache.hadoop.http.lib.StaticUserWebFilter$StaticUserFilter) to context static
2019-06-13 20:36:51,254 INFO  http.HttpServer2 (HttpServer2.java:bindListener(1191)) - Jetty bound to port 37067
2019-06-13 20:36:51,254 INFO  server.Server (Server.java:doStart(351)) - jetty-9.3.24.v20180605, build timestamp: 2018-06-05T17:11:56Z, git hash: 84205aa28f11a4f31f2a3b86d1bba2cc8ab69827
2019-06-13 20:36:51,257 INFO  handler.ContextHandler (ContextHandler.java:doStart(781)) - Started o.e.j.s.ServletContextHandler@25974207{/logs,file:///opt/src/hadoop-ozone/integration-test/target/log,AVAILABLE}
2019-06-13 20:36:51,258 INFO  handler.ContextHandler (ContextHandler.java:doStart(781)) - Started o.e.j.s.ServletContextHandler@195113de{/static,jar:file:/root/.m2/repository/org/apache/hadoop/hadoop-hdds-container-service/0.5.0-SNAPSHOT/hadoop-hdds-container-service-0.5.0-SNAPSHOT.jar!/webapps/static,AVAILABLE}
2019-06-13 20:36:51,279 INFO  handler.ContextHandler (ContextHandler.java:doStart(781)) - Started o.e.j.w.WebAppContext@74c9e11{/,file:///tmp/jetty-0.0.0.0-37067-hddsDatanode-_-any-6957620114461398872.dir/webapp/,AVAILABLE}{/hddsDatanode}
2019-06-13 20:36:51,280 INFO  server.AbstractConnector (AbstractConnector.java:doStart(278)) - Started ServerConnector@9fe720a{HTTP/1.1,[http/1.1]}{0.0.0.0:37067}
2019-06-13 20:36:51,281 INFO  server.Server (Server.java:doStart(419)) - Started @5266ms
2019-06-13 20:36:51,281 INFO  server.BaseHttpServer (BaseHttpServer.java:updateConnectorAddress(207)) - HTTP server of HDDSDATANODE is listening at http://0.0.0.0:37067
2019-06-13 20:36:51,387 INFO  ozone.HddsDatanodeService (HddsDatanodeService.java:startPlugins(396)) - Started plug-in org.apache.hadoop.ozone.web.OzoneHddsDatanodeService@76216830
2019-06-13 20:36:51,388 INFO  impl.MetricsSystemImpl (MetricsSystemImpl.java:init(158)) - HddsDatanode metrics system started (again)
2019-06-13 20:36:51,388 INFO  ozone.HddsDatanodeService (HddsDatanodeService.java:start(185)) - HddsDatanodeService host:ozone-xt75l-2456167409 ip:192.168.105.134
2019-06-13 20:36:51,397 INFO  util.JvmPauseMonitor (JvmPauseMonitor.java:run(188)) - Starting JVM pause monitor
2019-06-13 20:36:51,400 INFO  datanode.InitDatanodeState (InitDatanodeState.java:persistContainerDatanodeDetails(140)) - DatanodeDetails is persisted to /opt/src/hadoop-ozone/integration-test/target/test-dir/MiniOzoneClusterImpl-c1e8d8ba-3ddd-4ce9-ac29-f84de9745ed6/datanode-3/meta/datanode.id
2019-06-13 20:36:51,408 INFO  volume.HddsVolume (HddsVolume.java:<init>(176)) - Creating Volume: /opt/src/hadoop-ozone/integration-test/target/test-dir/MiniOzoneClusterImpl-c1e8d8ba-3ddd-4ce9-ac29-f84de9745ed6/datanode-4/data/containers/hdds of  storage type : DISK and capacity : 104021790720
2019-06-13 20:36:51,408 INFO  volume.VolumeSet (VolumeSet.java:initializeVolumeSet(170)) - Added Volume : /opt/src/hadoop-ozone/integration-test/target/test-dir/MiniOzoneClusterImpl-c1e8d8ba-3ddd-4ce9-ac29-f84de9745ed6/datanode-4/data/containers/hdds to VolumeSet
2019-06-13 20:36:51,408 INFO  volume.ThrottledAsyncChecker (ThrottledAsyncChecker.java:schedule(140)) - Scheduling a check for org.apache.hadoop.ozone.container.common.volume.HddsVolume@391d1e33
2019-06-13 20:36:51,410 INFO  volume.HddsVolumeChecker (HddsVolumeChecker.java:checkAllVolumes(203)) - Scheduled health check for volume org.apache.hadoop.ozone.container.common.volume.HddsVolume@391d1e33
2019-06-13 20:36:51,422 INFO  ratis.XceiverServerRatis (XceiverServerRatis.java:newXceiverServerRatis(401)) - Found a free port for the server : 34943
2019-06-13 20:36:51,423 INFO  impl.RaftServerProxy (ConfUtils.java:logGet(43)) - raft.rpc.type = GRPC (default)
2019-06-13 20:36:51,423 INFO  grpc.GrpcConfigKeys$Server (ConfUtils.java:logGet(43)) - raft.grpc.server.port = 34943 (custom)
2019-06-13 20:36:51,423 INFO  server.GrpcService (ConfUtils.java:logGet(43)) - raft.grpc.message.size.max = 33570816 (custom)
2019-06-13 20:36:51,424 INFO  server.RaftServerConfigKeys (ConfUtils.java:logGet(43)) - raft.server.log.appender.buffer.byte-limit = 33554432 (custom)
2019-06-13 20:36:51,424 INFO  server.GrpcService (ConfUtils.java:logGet(43)) - raft.grpc.flow.control.window = 1MB (=1048576) (default)
2019-06-13 20:36:51,424 INFO  server.RaftServerConfigKeys (ConfUtils.java:logGet(43)) - raft.server.rpc.request.timeout = 3000ms (default)
2019-06-13 20:36:51,424 INFO  server.RaftServerConfigKeys (ConfUtils.java:logGet(43)) - raft.server.storage.dir = [/opt/src/hadoop-ozone/integration-test/target/test-dir/MiniOzoneClusterImpl-c1e8d8ba-3ddd-4ce9-ac29-f84de9745ed6/datanode-4/data/ratis] (custom)
2019-06-13 20:36:51,425 INFO  server.XceiverServerGrpc (XceiverServerGrpc.java:<init>(97)) - Found a free port for the server : 43217
2019-06-13 20:36:51,425 INFO  replication.SimpleContainerDownloader (SimpleContainerDownloader.java:<init>(72)) - Starting container downloader service to copy containers to replicate.
2019-06-13 20:36:51,426 INFO  hdfs.DFSUtil (DFSUtil.java:httpServerTemplateForNNAndJN(1641)) - Starting Web-server for hddsDatanode at: http://0.0.0.0:0
2019-06-13 20:36:51,427 INFO  server.AuthenticationFilter (AuthenticationFilter.java:constructSecretProvider(240)) - Unable to initialize FileSignerSecretProvider, falling back to use random secrets.
2019-06-13 20:36:51,430 WARN  http.HttpRequestLog (HttpRequestLog.java:getRequestLog(97)) - Jetty request log can only be enabled using Log4j
2019-06-13 20:36:51,431 INFO  http.HttpServer2 (HttpServer2.java:addGlobalFilter(975)) - Added global filter 'safety' (class=org.apache.hadoop.http.HttpServer2$QuotingInputFilter)
2019-06-13 20:36:51,431 INFO  http.HttpServer2 (HttpServer2.java:addFilter(948)) - Added filter static_user_filter (class=org.apache.hadoop.http.lib.StaticUserWebFilter$StaticUserFilter) to context hddsDatanode
2019-06-13 20:36:51,431 INFO  http.HttpServer2 (HttpServer2.java:addFilter(958)) - Added filter static_user_filter (class=org.apache.hadoop.http.lib.StaticUserWebFilter$StaticUserFilter) to context static
2019-06-13 20:36:51,432 INFO  http.HttpServer2 (HttpServer2.java:addFilter(958)) - Added filter static_user_filter (class=org.apache.hadoop.http.lib.StaticUserWebFilter$StaticUserFilter) to context logs
2019-06-13 20:36:51,432 INFO  http.HttpServer2 (HttpServer2.java:bindListener(1191)) - Jetty bound to port 37811
2019-06-13 20:36:51,432 INFO  server.Server (Server.java:doStart(351)) - jetty-9.3.24.v20180605, build timestamp: 2018-06-05T17:11:56Z, git hash: 84205aa28f11a4f31f2a3b86d1bba2cc8ab69827
2019-06-13 20:36:51,449 INFO  handler.ContextHandler (ContextHandler.java:doStart(781)) - Started o.e.j.s.ServletContextHandler@6f38f084{/logs,file:///opt/src/hadoop-ozone/integration-test/target/log,AVAILABLE}
2019-06-13 20:36:51,450 INFO  handler.ContextHandler (ContextHandler.java:doStart(781)) - Started o.e.j.s.ServletContextHandler@372f0a99{/static,jar:file:/root/.m2/repository/org/apache/hadoop/hadoop-hdds-container-service/0.5.0-SNAPSHOT/hadoop-hdds-container-service-0.5.0-SNAPSHOT.jar!/webapps/static,AVAILABLE}
2019-06-13 20:36:51,476 INFO  handler.ContextHandler (ContextHandler.java:doStart(781)) - Started o.e.j.w.WebAppContext@6b2fdffc{/,file:///tmp/jetty-0.0.0.0-37811-hddsDatanode-_-any-331978880056703287.dir/webapp/,AVAILABLE}{/hddsDatanode}
2019-06-13 20:36:51,477 INFO  server.AbstractConnector (AbstractConnector.java:doStart(278)) - Started ServerConnector@2ca3d826{HTTP/1.1,[http/1.1]}{0.0.0.0:37811}
2019-06-13 20:36:51,479 INFO  server.Server (Server.java:doStart(419)) - Started @5464ms
2019-06-13 20:36:51,482 INFO  server.BaseHttpServer (BaseHttpServer.java:updateConnectorAddress(207)) - HTTP server of HDDSDATANODE is listening at http://0.0.0.0:37811
2019-06-13 20:36:51,596 INFO  ozone.HddsDatanodeService (HddsDatanodeService.java:startPlugins(396)) - Started plug-in org.apache.hadoop.ozone.web.OzoneHddsDatanodeService@624b3544
2019-06-13 20:36:51,596 INFO  impl.MetricsSystemImpl (MetricsSystemImpl.java:init(158)) - HddsDatanode metrics system started (again)
2019-06-13 20:36:51,597 INFO  ozone.HddsDatanodeService (HddsDatanodeService.java:start(185)) - HddsDatanodeService host:ozone-xt75l-2456167409 ip:192.168.105.134
2019-06-13 20:36:51,602 INFO  util.JvmPauseMonitor (JvmPauseMonitor.java:run(188)) - Starting JVM pause monitor
2019-06-13 20:36:51,607 INFO  datanode.InitDatanodeState (InitDatanodeState.java:persistContainerDatanodeDetails(140)) - DatanodeDetails is persisted to /opt/src/hadoop-ozone/integration-test/target/test-dir/MiniOzoneClusterImpl-c1e8d8ba-3ddd-4ce9-ac29-f84de9745ed6/datanode-4/meta/datanode.id
2019-06-13 20:36:51,609 INFO  volume.HddsVolume (HddsVolume.java:<init>(176)) - Creating Volume: /opt/src/hadoop-ozone/integration-test/target/test-dir/MiniOzoneClusterImpl-c1e8d8ba-3ddd-4ce9-ac29-f84de9745ed6/datanode-5/data/containers/hdds of  storage type : DISK and capacity : 104021790720
2019-06-13 20:36:51,610 INFO  volume.VolumeSet (VolumeSet.java:initializeVolumeSet(170)) - Added Volume : /opt/src/hadoop-ozone/integration-test/target/test-dir/MiniOzoneClusterImpl-c1e8d8ba-3ddd-4ce9-ac29-f84de9745ed6/datanode-5/data/containers/hdds to VolumeSet
2019-06-13 20:36:51,610 INFO  volume.ThrottledAsyncChecker (ThrottledAsyncChecker.java:schedule(140)) - Scheduling a check for org.apache.hadoop.ozone.container.common.volume.HddsVolume@55a0f011
2019-06-13 20:36:51,611 INFO  volume.HddsVolumeChecker (HddsVolumeChecker.java:checkAllVolumes(203)) - Scheduled health check for volume org.apache.hadoop.ozone.container.common.volume.HddsVolume@55a0f011
2019-06-13 20:36:51,624 INFO  ratis.XceiverServerRatis (XceiverServerRatis.java:newXceiverServerRatis(401)) - Found a free port for the server : 43771
2019-06-13 20:36:51,625 INFO  impl.RaftServerProxy (ConfUtils.java:logGet(43)) - raft.rpc.type = GRPC (default)
2019-06-13 20:36:51,625 INFO  grpc.GrpcConfigKeys$Server (ConfUtils.java:logGet(43)) - raft.grpc.server.port = 43771 (custom)
2019-06-13 20:36:51,626 INFO  server.GrpcService (ConfUtils.java:logGet(43)) - raft.grpc.message.size.max = 33570816 (custom)
2019-06-13 20:36:51,626 INFO  server.RaftServerConfigKeys (ConfUtils.java:logGet(43)) - raft.server.log.appender.buffer.byte-limit = 33554432 (custom)
2019-06-13 20:36:51,626 INFO  server.GrpcService (ConfUtils.java:logGet(43)) - raft.grpc.flow.control.window = 1MB (=1048576) (default)
2019-06-13 20:36:51,626 INFO  server.RaftServerConfigKeys (ConfUtils.java:logGet(43)) - raft.server.rpc.request.timeout = 3000ms (default)
2019-06-13 20:36:51,627 INFO  server.RaftServerConfigKeys (ConfUtils.java:logGet(43)) - raft.server.storage.dir = [/opt/src/hadoop-ozone/integration-test/target/test-dir/MiniOzoneClusterImpl-c1e8d8ba-3ddd-4ce9-ac29-f84de9745ed6/datanode-5/data/ratis] (custom)
2019-06-13 20:36:51,627 INFO  server.XceiverServerGrpc (XceiverServerGrpc.java:<init>(97)) - Found a free port for the server : 42503
2019-06-13 20:36:51,628 INFO  replication.SimpleContainerDownloader (SimpleContainerDownloader.java:<init>(72)) - Starting container downloader service to copy containers to replicate.
2019-06-13 20:36:51,629 INFO  hdfs.DFSUtil (DFSUtil.java:httpServerTemplateForNNAndJN(1641)) - Starting Web-server for hddsDatanode at: http://0.0.0.0:0
2019-06-13 20:36:51,630 INFO  server.AuthenticationFilter (AuthenticationFilter.java:constructSecretProvider(240)) - Unable to initialize FileSignerSecretProvider, falling back to use random secrets.
2019-06-13 20:36:51,631 WARN  http.HttpRequestLog (HttpRequestLog.java:getRequestLog(97)) - Jetty request log can only be enabled using Log4j
2019-06-13 20:36:51,632 INFO  http.HttpServer2 (HttpServer2.java:addGlobalFilter(975)) - Added global filter 'safety' (class=org.apache.hadoop.http.HttpServer2$QuotingInputFilter)
2019-06-13 20:36:51,633 INFO  http.HttpServer2 (HttpServer2.java:addFilter(948)) - Added filter static_user_filter (class=org.apache.hadoop.http.lib.StaticUserWebFilter$StaticUserFilter) to context hddsDatanode
2019-06-13 20:36:51,633 INFO  http.HttpServer2 (HttpServer2.java:addFilter(958)) - Added filter static_user_filter (class=org.apache.hadoop.http.lib.StaticUserWebFilter$StaticUserFilter) to context logs
2019-06-13 20:36:51,633 INFO  http.HttpServer2 (HttpServer2.java:addFilter(958)) - Added filter static_user_filter (class=org.apache.hadoop.http.lib.StaticUserWebFilter$StaticUserFilter) to context static
2019-06-13 20:36:51,634 INFO  http.HttpServer2 (HttpServer2.java:bindListener(1191)) - Jetty bound to port 33717
2019-06-13 20:36:51,634 INFO  server.Server (Server.java:doStart(351)) - jetty-9.3.24.v20180605, build timestamp: 2018-06-05T17:11:56Z, git hash: 84205aa28f11a4f31f2a3b86d1bba2cc8ab69827
2019-06-13 20:36:51,643 INFO  handler.ContextHandler (ContextHandler.java:doStart(781)) - Started o.e.j.s.ServletContextHandler@23e61112{/logs,file:///opt/src/hadoop-ozone/integration-test/target/log,AVAILABLE}
2019-06-13 20:36:51,644 INFO  handler.ContextHandler (ContextHandler.java:doStart(781)) - Started o.e.j.s.ServletContextHandler@61b60600{/static,jar:file:/root/.m2/repository/org/apache/hadoop/hadoop-hdds-container-service/0.5.0-SNAPSHOT/hadoop-hdds-container-service-0.5.0-SNAPSHOT.jar!/webapps/static,AVAILABLE}
2019-06-13 20:36:51,672 INFO  handler.ContextHandler (ContextHandler.java:doStart(781)) - Started o.e.j.w.WebAppContext@245cb8df{/,file:///tmp/jetty-0.0.0.0-33717-hddsDatanode-_-any-2076049800077279565.dir/webapp/,AVAILABLE}{/hddsDatanode}
2019-06-13 20:36:51,674 INFO  server.AbstractConnector (AbstractConnector.java:doStart(278)) - Started ServerConnector@26b3c9a2{HTTP/1.1,[http/1.1]}{0.0.0.0:33717}
2019-06-13 20:36:51,674 INFO  server.Server (Server.java:doStart(419)) - Started @5660ms
2019-06-13 20:36:51,675 INFO  server.BaseHttpServer (BaseHttpServer.java:updateConnectorAddress(207)) - HTTP server of HDDSDATANODE is listening at http://0.0.0.0:33717
2019-06-13 20:36:51,795 INFO  ozone.HddsDatanodeService (HddsDatanodeService.java:startPlugins(396)) - Started plug-in org.apache.hadoop.ozone.web.OzoneHddsDatanodeService@4662752a
2019-06-13 20:36:51,796 INFO  ozone.MiniOzoneClusterImpl (MiniOzoneClusterImpl.java:lambda$waitForClusterToBeReady$0(142)) - Waiting for cluster to be ready. Got 0 of 6 DN Heartbeats.
2019-06-13 20:36:51,797 INFO  util.JvmPauseMonitor (JvmPauseMonitor.java:run(188)) - Starting JVM pause monitor
2019-06-13 20:36:51,799 INFO  datanode.InitDatanodeState (InitDatanodeState.java:persistContainerDatanodeDetails(140)) - DatanodeDetails is persisted to /opt/src/hadoop-ozone/integration-test/target/test-dir/MiniOzoneClusterImpl-c1e8d8ba-3ddd-4ce9-ac29-f84de9745ed6/datanode-5/meta/datanode.id
2019-06-13 20:36:52,691 INFO  ozoneimpl.OzoneContainer (OzoneContainer.java:start(186)) - Attempting to start container services.
2019-06-13 20:36:52,691 INFO  ozoneimpl.OzoneContainer (OzoneContainer.java:startContainerScrub(160)) - Background container scrubber has been disabled by hdds.containerscrub.enabled
2019-06-13 20:36:52,691 INFO  ratis.XceiverServerRatis (XceiverServerRatis.java:start(418)) - Starting XceiverServerRatis 2743e450-7ece-4faf-a212-8debb92083a4 at port 45197
2019-06-13 20:36:52,705 INFO  impl.RaftServerProxy (RaftServerProxy.java:lambda$start$3(299)) - 2743e450-7ece-4faf-a212-8debb92083a4: start RPC server
2019-06-13 20:36:52,796 INFO  ozone.MiniOzoneClusterImpl (MiniOzoneClusterImpl.java:lambda$waitForClusterToBeReady$0(142)) - Waiting for cluster to be ready. Got 0 of 6 DN Heartbeats.
2019-06-13 20:36:52,824 INFO  server.GrpcService (GrpcService.java:startImpl(148)) - 2743e450-7ece-4faf-a212-8debb92083a4: GrpcService started, listening on 0.0.0.0/0.0.0.0:45197
2019-06-13 20:36:52,933 INFO  ozoneimpl.OzoneContainer (OzoneContainer.java:start(186)) - Attempting to start container services.
2019-06-13 20:36:52,934 INFO  ozoneimpl.OzoneContainer (OzoneContainer.java:startContainerScrub(160)) - Background container scrubber has been disabled by hdds.containerscrub.enabled
2019-06-13 20:36:52,934 INFO  ratis.XceiverServerRatis (XceiverServerRatis.java:start(418)) - Starting XceiverServerRatis e0030e2f-8925-4cbb-a9e4-29cefb9d3414 at port 45607
2019-06-13 20:36:52,944 INFO  impl.RaftServerProxy (RaftServerProxy.java:lambda$start$3(299)) - e0030e2f-8925-4cbb-a9e4-29cefb9d3414: start RPC server
2019-06-13 20:36:52,946 INFO  server.GrpcService (GrpcService.java:startImpl(148)) - e0030e2f-8925-4cbb-a9e4-29cefb9d3414: GrpcService started, listening on 0.0.0.0/0.0.0.0:45607
2019-06-13 20:36:53,226 INFO  ozoneimpl.OzoneContainer (OzoneContainer.java:start(186)) - Attempting to start container services.
2019-06-13 20:36:53,227 INFO  ozoneimpl.OzoneContainer (OzoneContainer.java:startContainerScrub(160)) - Background container scrubber has been disabled by hdds.containerscrub.enabled
2019-06-13 20:36:53,227 INFO  ratis.XceiverServerRatis (XceiverServerRatis.java:start(418)) - Starting XceiverServerRatis 1a7e6c3a-8440-4a26-b284-0342b80bcaf0 at port 34535
2019-06-13 20:36:53,234 INFO  impl.RaftServerProxy (RaftServerProxy.java:lambda$start$3(299)) - 1a7e6c3a-8440-4a26-b284-0342b80bcaf0: start RPC server
2019-06-13 20:36:53,236 INFO  server.GrpcService (GrpcService.java:startImpl(148)) - 1a7e6c3a-8440-4a26-b284-0342b80bcaf0: GrpcService started, listening on 0.0.0.0/0.0.0.0:34535
2019-06-13 20:36:53,401 INFO  ozoneimpl.OzoneContainer (OzoneContainer.java:start(186)) - Attempting to start container services.
2019-06-13 20:36:53,403 INFO  ozoneimpl.OzoneContainer (OzoneContainer.java:startContainerScrub(160)) - Background container scrubber has been disabled by hdds.containerscrub.enabled
2019-06-13 20:36:53,403 INFO  ratis.XceiverServerRatis (XceiverServerRatis.java:start(418)) - Starting XceiverServerRatis 39d09655-4f51-457b-9f2f-e854b6e43a32 at port 39993
2019-06-13 20:36:53,409 INFO  impl.RaftServerProxy (RaftServerProxy.java:lambda$start$3(299)) - 39d09655-4f51-457b-9f2f-e854b6e43a32: start RPC server
2019-06-13 20:36:53,411 INFO  server.GrpcService (GrpcService.java:startImpl(148)) - 39d09655-4f51-457b-9f2f-e854b6e43a32: GrpcService started, listening on 0.0.0.0/0.0.0.0:39993
2019-06-13 20:36:53,606 INFO  ozoneimpl.OzoneContainer (OzoneContainer.java:start(186)) - Attempting to start container services.
2019-06-13 20:36:53,608 INFO  ozoneimpl.OzoneContainer (OzoneContainer.java:startContainerScrub(160)) - Background container scrubber has been disabled by hdds.containerscrub.enabled
2019-06-13 20:36:53,608 INFO  ratis.XceiverServerRatis (XceiverServerRatis.java:start(418)) - Starting XceiverServerRatis de1adb5e-f3d6-40a8-85d8-fe45b88f8419 at port 34943
2019-06-13 20:36:53,614 INFO  impl.RaftServerProxy (RaftServerProxy.java:lambda$start$3(299)) - de1adb5e-f3d6-40a8-85d8-fe45b88f8419: start RPC server
2019-06-13 20:36:53,616 INFO  server.GrpcService (GrpcService.java:startImpl(148)) - de1adb5e-f3d6-40a8-85d8-fe45b88f8419: GrpcService started, listening on 0.0.0.0/0.0.0.0:34943
2019-06-13 20:36:53,797 INFO  ozone.MiniOzoneClusterImpl (MiniOzoneClusterImpl.java:lambda$waitForClusterToBeReady$0(142)) - Waiting for cluster to be ready. Got 0 of 6 DN Heartbeats.
2019-06-13 20:36:53,802 INFO  ozoneimpl.OzoneContainer (OzoneContainer.java:start(186)) - Attempting to start container services.
2019-06-13 20:36:53,804 INFO  ozoneimpl.OzoneContainer (OzoneContainer.java:startContainerScrub(160)) - Background container scrubber has been disabled by hdds.containerscrub.enabled
2019-06-13 20:36:53,805 INFO  ratis.XceiverServerRatis (XceiverServerRatis.java:start(418)) - Starting XceiverServerRatis 10cb8df0-f5c3-49ed-927e-ac4b56002e3c at port 43771
2019-06-13 20:36:53,809 INFO  impl.RaftServerProxy (RaftServerProxy.java:lambda$start$3(299)) - 10cb8df0-f5c3-49ed-927e-ac4b56002e3c: start RPC server
2019-06-13 20:36:53,811 INFO  server.GrpcService (GrpcService.java:startImpl(148)) - 10cb8df0-f5c3-49ed-927e-ac4b56002e3c: GrpcService started, listening on 0.0.0.0/0.0.0.0:43771
2019-06-13 20:36:54,694 INFO  node.SCMNodeManager (SCMNodeManager.java:register(234)) - Registered Data node : 2743e450-7ece-4faf-a212-8debb92083a4{ip: 192.168.105.134, host: ozone-xt75l-2456167409, networkLocation: /default-rack, certSerialId: null}
2019-06-13 20:36:54,699 INFO  safemode.SCMSafeModeManager (DataNodeSafeModeRule.java:process(71)) - SCM in safe mode. 1 DataNodes registered, 1 required.
2019-06-13 20:36:54,699 INFO  safemode.SCMSafeModeManager (SCMSafeModeManager.java:validateSafeModeExitRules(177)) - ScmSafeModeManager, all rules are successfully validated
2019-06-13 20:36:54,699 INFO  safemode.SCMSafeModeManager (SCMSafeModeManager.java:exitSafeMode(193)) - SCM exiting safe mode.
2019-06-13 20:36:54,797 INFO  ozone.MiniOzoneClusterImpl (MiniOzoneClusterImpl.java:lambda$waitForClusterToBeReady$0(142)) - Waiting for cluster to be ready. Got 1 of 6 DN Heartbeats.
2019-06-13 20:36:54,933 INFO  node.SCMNodeManager (SCMNodeManager.java:register(234)) - Registered Data node : e0030e2f-8925-4cbb-a9e4-29cefb9d3414{ip: 192.168.105.134, host: ozone-xt75l-2456167409, networkLocation: /default-rack, certSerialId: null}
2019-06-13 20:36:55,045 INFO  impl.RaftServerProxy (RaftServerProxy.java:addNew(89)) - 2743e450-7ece-4faf-a212-8debb92083a4: addNew group-D00E77EE2BE7:[2743e450-7ece-4faf-a212-8debb92083a4:192.168.105.134:45197] returns group-D00E77EE2BE7:java.util.concurrent.CompletableFuture@3b2551d4[Not completed]
2019-06-13 20:36:55,050 INFO  impl.RaftServerImpl (RaftServerImpl.java:<init>(91)) - 2743e450-7ece-4faf-a212-8debb92083a4: new RaftServerImpl for group-D00E77EE2BE7:[2743e450-7ece-4faf-a212-8debb92083a4:192.168.105.134:45197] with ContainerStateMachine:uninitialized
2019-06-13 20:36:55,051 INFO  server.RaftServerConfigKeys (ConfUtils.java:logGet(43)) - raft.server.rpc.timeout.min = 1s (custom)
2019-06-13 20:36:55,052 INFO  server.RaftServerConfigKeys (ConfUtils.java:logGet(43)) - raft.server.rpc.timeout.max = 1200ms (custom)
2019-06-13 20:36:55,052 INFO  server.RaftServerConfigKeys (ConfUtils.java:logGet(43)) - raft.server.rpcslowness.timeout = 10s (custom)
2019-06-13 20:36:55,052 INFO  server.RaftServerConfigKeys (ConfUtils.java:logGet(43)) - raft.server.log.appender.install.snapshot.enabled = true (default)
2019-06-13 20:36:55,057 INFO  impl.RaftServerImpl (ServerState.java:<init>(101)) - 2743e450-7ece-4faf-a212-8debb92083a4:group-D00E77EE2BE7 ConfigurationManager, init=-1: [2743e450-7ece-4faf-a212-8debb92083a4:192.168.105.134:45197], old=null, confs=<EMPTY_MAP>
2019-06-13 20:36:55,057 INFO  server.RaftServerConfigKeys (ConfUtils.java:logGet(43)) - raft.server.storage.dir = [/opt/src/hadoop-ozone/integration-test/target/test-dir/MiniOzoneClusterImpl-c1e8d8ba-3ddd-4ce9-ac29-f84de9745ed6/datanode-0/data/ratis] (custom)
2019-06-13 20:36:55,062 INFO  storage.RaftStorageDirectory (RaftStorageDirectory.java:analyzeStorage(246)) - The storage directory /opt/src/hadoop-ozone/integration-test/target/test-dir/MiniOzoneClusterImpl-c1e8d8ba-3ddd-4ce9-ac29-f84de9745ed6/datanode-0/data/ratis/73504822-271e-488b-8f9f-d00e77ee2be7 does not exist. Creating ...
2019-06-13 20:36:55,067 INFO  storage.RaftStorageDirectory (RaftStorageDirectory.java:tryLock(328)) - Lock on /opt/src/hadoop-ozone/integration-test/target/test-dir/MiniOzoneClusterImpl-c1e8d8ba-3ddd-4ce9-ac29-f84de9745ed6/datanode-0/data/ratis/73504822-271e-488b-8f9f-d00e77ee2be7/in_use.lock acquired by nodename 10089@ozone-xt75l-2456167409
2019-06-13 20:36:55,071 INFO  storage.RaftStorage (RaftStorage.java:format(75)) - Storage directory /opt/src/hadoop-ozone/integration-test/target/test-dir/MiniOzoneClusterImpl-c1e8d8ba-3ddd-4ce9-ac29-f84de9745ed6/datanode-0/data/ratis/73504822-271e-488b-8f9f-d00e77ee2be7 has been successfully formatted.
2019-06-13 20:36:55,072 INFO  ratis.ContainerStateMachine (ContainerStateMachine.java:loadSnapshot(199)) - The snapshot info is null.Setting the last applied index to:(t:0, i:~)
2019-06-13 20:36:55,072 INFO  server.RaftServerConfigKeys (ConfUtils.java:logGet(43)) - raft.server.leader.election.timeout = 10s (custom)
2019-06-13 20:36:55,074 INFO  server.RaftServerConfigKeys (ConfUtils.java:logGet(43)) - raft.server.log.use.memory = false (default)
2019-06-13 20:36:55,211 INFO  server.RaftServerConfigKeys (ConfUtils.java:logGet(43)) - raft.server.log.appender.buffer.byte-limit = 33554432 (custom)
2019-06-13 20:36:55,215 INFO  server.RaftServerConfigKeys (ConfUtils.java:logGet(43)) - raft.server.log.segment.size.max = 16384 (custom)
2019-06-13 20:36:55,218 INFO  server.RaftServerConfigKeys (ConfUtils.java:logGet(43)) - raft.server.log.segment.cache.num.max = 2 (custom)
2019-06-13 20:36:55,221 INFO  storage.RaftLogWorker (RaftLogWorker.java:<init>(123)) - new 2743e450-7ece-4faf-a212-8debb92083a4-RaftLogWorker for Storage Directory /opt/src/hadoop-ozone/integration-test/target/test-dir/MiniOzoneClusterImpl-c1e8d8ba-3ddd-4ce9-ac29-f84de9745ed6/datanode-0/data/ratis/73504822-271e-488b-8f9f-d00e77ee2be7
2019-06-13 20:36:55,221 INFO  server.RaftServerConfigKeys (ConfUtils.java:logGet(43)) - raft.server.log.queue.byte-limit = 2147483647 (custom)
2019-06-13 20:36:55,222 INFO  server.RaftServerConfigKeys (ConfUtils.java:logGet(43)) - raft.server.log.queue.element-limit = 1024 (custom)
2019-06-13 20:36:55,225 INFO  node.SCMNodeManager (SCMNodeManager.java:register(234)) - Registered Data node : 1a7e6c3a-8440-4a26-b284-0342b80bcaf0{ip: 192.168.105.134, host: ozone-xt75l-2456167409, networkLocation: /default-rack, certSerialId: null}
2019-06-13 20:36:55,225 INFO  server.RaftServerConfigKeys (ConfUtils.java:logGet(43)) - raft.server.log.segment.size.max = 16384 (custom)
2019-06-13 20:36:55,227 INFO  server.RaftServerConfigKeys (ConfUtils.java:logGet(43)) - raft.server.log.preallocated.size = 16384 (custom)
2019-06-13 20:36:55,227 INFO  server.RaftServerConfigKeys (ConfUtils.java:logGet(43)) - raft.server.log.write.buffer.size = 33554432 (custom)
2019-06-13 20:36:55,228 INFO  server.RaftServerConfigKeys (ConfUtils.java:logGet(43)) - raft.server.log.force.sync.num = 128 (default)
2019-06-13 20:36:55,229 INFO  server.RaftServerConfigKeys (ConfUtils.java:logGet(43)) - raft.server.log.statemachine.data.sync = true (default)
2019-06-13 20:36:55,229 INFO  server.RaftServerConfigKeys (ConfUtils.java:logGet(43)) - raft.server.log.statemachine.data.sync.timeout = 10s (default)
2019-06-13 20:36:55,229 INFO  server.RaftServerConfigKeys (ConfUtils.java:logGet(43)) - raft.server.log.statemachine.data.sync.timeout.retry = -1 (default)
2019-06-13 20:36:55,232 INFO  server.RaftServerConfigKeys (ConfUtils.java:logGet(43)) - raft.server.log.statemachine.data.caching.enabled = true (custom)
2019-06-13 20:36:55,240 INFO  server.RaftServerConfigKeys (ConfUtils.java:logGet(43)) - raft.server.snapshot.auto.trigger.enabled = true (custom)
2019-06-13 20:36:55,241 INFO  server.RaftServerConfigKeys (ConfUtils.java:logGet(43)) - raft.server.snapshot.auto.trigger.threshold = 10000 (custom)
2019-06-13 20:36:55,242 INFO  server.RaftServerConfigKeys (ConfUtils.java:logGet(43)) - raft.server.retrycache.expirytime = 600000ms (custom)
2019-06-13 20:36:55,263 INFO  impl.RaftServerImpl (RaftServerImpl.java:start(173)) - 2743e450-7ece-4faf-a212-8debb92083a4: start group-D00E77EE2BE7
2019-06-13 20:36:55,264 INFO  impl.RaftServerImpl (RaftServerImpl.java:setRole(164)) - 2743e450-7ece-4faf-a212-8debb92083a4:group-D00E77EE2BE7 changes role from null to FOLLOWER at term 0 for startAsFollower
2019-06-13 20:36:55,265 INFO  impl.RoleInfo (RoleInfo.java:updateAndGet(143)) - 2743e450-7ece-4faf-a212-8debb92083a4: start FollowerState
2019-06-13 20:36:55,267 INFO  util.JmxRegister (JmxRegister.java:tryRegister(44)) - Successfully registered JMX Bean with object name Ratis:service=RaftServer,group=group-D00E77EE2BE7,id=2743e450-7ece-4faf-a212-8debb92083a4
2019-06-13 20:36:55,311 INFO  pipeline.PipelineStateManager (PipelineStateManager.java:addPipeline(56)) - Created pipeline Pipeline[ Id: 73504822-271e-488b-8f9f-d00e77ee2be7, Nodes: 2743e450-7ece-4faf-a212-8debb92083a4{ip: 192.168.105.134, host: ozone-xt75l-2456167409, networkLocation: /default-rack, certSerialId: null}, Type:RATIS, Factor:ONE, State:OPEN]
2019-06-13 20:36:55,328 INFO  impl.RaftServerProxy (RaftServerProxy.java:addNew(89)) - e0030e2f-8925-4cbb-a9e4-29cefb9d3414: addNew group-EBE573CBEBF2:[e0030e2f-8925-4cbb-a9e4-29cefb9d3414:192.168.105.134:45607] returns group-EBE573CBEBF2:java.util.concurrent.CompletableFuture@58ac1ea9[Not completed]
2019-06-13 20:36:55,329 INFO  impl.RaftServerImpl (RaftServerImpl.java:<init>(91)) - e0030e2f-8925-4cbb-a9e4-29cefb9d3414: new RaftServerImpl for group-EBE573CBEBF2:[e0030e2f-8925-4cbb-a9e4-29cefb9d3414:192.168.105.134:45607] with ContainerStateMachine:uninitialized
2019-06-13 20:36:55,330 INFO  server.RaftServerConfigKeys (ConfUtils.java:logGet(43)) - raft.server.rpc.timeout.min = 1s (custom)
2019-06-13 20:36:55,330 INFO  server.RaftServerConfigKeys (ConfUtils.java:logGet(43)) - raft.server.rpc.timeout.max = 1200ms (custom)
2019-06-13 20:36:55,330 INFO  server.RaftServerConfigKeys (ConfUtils.java:logGet(43)) - raft.server.rpcslowness.timeout = 10s (custom)
2019-06-13 20:36:55,330 INFO  server.RaftServerConfigKeys (ConfUtils.java:logGet(43)) - raft.server.log.appender.install.snapshot.enabled = true (default)
2019-06-13 20:36:55,330 INFO  impl.RaftServerImpl (ServerState.java:<init>(101)) - e0030e2f-8925-4cbb-a9e4-29cefb9d3414:group-EBE573CBEBF2 ConfigurationManager, init=-1: [e0030e2f-8925-4cbb-a9e4-29cefb9d3414:192.168.105.134:45607], old=null, confs=<EMPTY_MAP>
2019-06-13 20:36:55,330 INFO  server.RaftServerConfigKeys (ConfUtils.java:logGet(43)) - raft.server.storage.dir = [/opt/src/hadoop-ozone/integration-test/target/test-dir/MiniOzoneClusterImpl-c1e8d8ba-3ddd-4ce9-ac29-f84de9745ed6/datanode-1/data/ratis] (custom)
2019-06-13 20:36:55,331 INFO  storage.RaftStorageDirectory (RaftStorageDirectory.java:analyzeStorage(246)) - The storage directory /opt/src/hadoop-ozone/integration-test/target/test-dir/MiniOzoneClusterImpl-c1e8d8ba-3ddd-4ce9-ac29-f84de9745ed6/datanode-1/data/ratis/8043497c-30f0-49e0-981c-ebe573cbebf2 does not exist. Creating ...
2019-06-13 20:36:55,333 INFO  storage.RaftStorageDirectory (RaftStorageDirectory.java:tryLock(328)) - Lock on /opt/src/hadoop-ozone/integration-test/target/test-dir/MiniOzoneClusterImpl-c1e8d8ba-3ddd-4ce9-ac29-f84de9745ed6/datanode-1/data/ratis/8043497c-30f0-49e0-981c-ebe573cbebf2/in_use.lock acquired by nodename 10089@ozone-xt75l-2456167409
2019-06-13 20:36:55,335 INFO  storage.RaftStorage (RaftStorage.java:format(75)) - Storage directory /opt/src/hadoop-ozone/integration-test/target/test-dir/MiniOzoneClusterImpl-c1e8d8ba-3ddd-4ce9-ac29-f84de9745ed6/datanode-1/data/ratis/8043497c-30f0-49e0-981c-ebe573cbebf2 has been successfully formatted.
2019-06-13 20:36:55,335 INFO  ratis.ContainerStateMachine (ContainerStateMachine.java:loadSnapshot(199)) - The snapshot info is null.Setting the last applied index to:(t:0, i:~)
2019-06-13 20:36:55,335 INFO  server.RaftServerConfigKeys (ConfUtils.java:logGet(43)) - raft.server.leader.election.timeout = 10s (custom)
2019-06-13 20:36:55,335 INFO  server.RaftServerConfigKeys (ConfUtils.java:logGet(43)) - raft.server.log.use.memory = false (default)
2019-06-13 20:36:55,335 INFO  server.RaftServerConfigKeys (ConfUtils.java:logGet(43)) - raft.server.log.appender.buffer.byte-limit = 33554432 (custom)
2019-06-13 20:36:55,336 INFO  server.RaftServerConfigKeys (ConfUtils.java:logGet(43)) - raft.server.log.segment.size.max = 16384 (custom)
2019-06-13 20:36:55,336 INFO  server.RaftServerConfigKeys (ConfUtils.java:logGet(43)) - raft.server.log.segment.cache.num.max = 2 (custom)
2019-06-13 20:36:55,336 INFO  storage.RaftLogWorker (RaftLogWorker.java:<init>(123)) - new e0030e2f-8925-4cbb-a9e4-29cefb9d3414-RaftLogWorker for Storage Directory /opt/src/hadoop-ozone/integration-test/target/test-dir/MiniOzoneClusterImpl-c1e8d8ba-3ddd-4ce9-ac29-f84de9745ed6/datanode-1/data/ratis/8043497c-30f0-49e0-981c-ebe573cbebf2
2019-06-13 20:36:55,337 INFO  server.RaftServerConfigKeys (ConfUtils.java:logGet(43)) - raft.server.log.queue.byte-limit = 2147483647 (custom)
2019-06-13 20:36:55,337 INFO  server.RaftServerConfigKeys (ConfUtils.java:logGet(43)) - raft.server.log.queue.element-limit = 1024 (custom)
2019-06-13 20:36:55,337 INFO  server.RaftServerConfigKeys (ConfUtils.java:logGet(43)) - raft.server.log.segment.size.max = 16384 (custom)
2019-06-13 20:36:55,337 INFO  server.RaftServerConfigKeys (ConfUtils.java:logGet(43)) - raft.server.log.preallocated.size = 16384 (custom)
2019-06-13 20:36:55,337 INFO  server.RaftServerConfigKeys (ConfUtils.java:logGet(43)) - raft.server.log.write.buffer.size = 33554432 (custom)
2019-06-13 20:36:55,337 INFO  server.RaftServerConfigKeys (ConfUtils.java:logGet(43)) - raft.server.log.force.sync.num = 128 (default)
2019-06-13 20:36:55,337 INFO  server.RaftServerConfigKeys (ConfUtils.java:logGet(43)) - raft.server.log.statemachine.data.sync = true (default)
2019-06-13 20:36:55,337 INFO  server.RaftServerConfigKeys (ConfUtils.java:logGet(43)) - raft.server.log.statemachine.data.sync.timeout = 10s (default)
2019-06-13 20:36:55,337 INFO  server.RaftServerConfigKeys (ConfUtils.java:logGet(43)) - raft.server.log.statemachine.data.sync.timeout.retry = -1 (default)
2019-06-13 20:36:55,337 INFO  server.RaftServerConfigKeys (ConfUtils.java:logGet(43)) - raft.server.log.statemachine.data.caching.enabled = true (custom)
2019-06-13 20:36:55,338 INFO  server.RaftServerConfigKeys (ConfUtils.java:logGet(43)) - raft.server.snapshot.auto.trigger.enabled = true (custom)
2019-06-13 20:36:55,338 INFO  server.RaftServerConfigKeys (ConfUtils.java:logGet(43)) - raft.server.snapshot.auto.trigger.threshold = 10000 (custom)
2019-06-13 20:36:55,338 INFO  server.RaftServerConfigKeys (ConfUtils.java:logGet(43)) - raft.server.retrycache.expirytime = 600000ms (custom)
2019-06-13 20:36:55,338 INFO  impl.RaftServerImpl (RaftServerImpl.java:start(173)) - e0030e2f-8925-4cbb-a9e4-29cefb9d3414: start group-EBE573CBEBF2
2019-06-13 20:36:55,338 INFO  impl.RaftServerImpl (RaftServerImpl.java:setRole(164)) - e0030e2f-8925-4cbb-a9e4-29cefb9d3414:group-EBE573CBEBF2 changes role from null to FOLLOWER at term 0 for startAsFollower
2019-06-13 20:36:55,338 INFO  impl.RoleInfo (RoleInfo.java:updateAndGet(143)) - e0030e2f-8925-4cbb-a9e4-29cefb9d3414: start FollowerState
2019-06-13 20:36:55,339 INFO  util.JmxRegister (JmxRegister.java:tryRegister(44)) - Successfully registered JMX Bean with object name Ratis:service=RaftServer,group=group-EBE573CBEBF2,id=e0030e2f-8925-4cbb-a9e4-29cefb9d3414
2019-06-13 20:36:55,354 INFO  pipeline.PipelineStateManager (PipelineStateManager.java:addPipeline(56)) - Created pipeline Pipeline[ Id: 8043497c-30f0-49e0-981c-ebe573cbebf2, Nodes: e0030e2f-8925-4cbb-a9e4-29cefb9d3414{ip: 192.168.105.134, host: ozone-xt75l-2456167409, networkLocation: /default-rack, certSerialId: null}, Type:RATIS, Factor:ONE, State:OPEN]
2019-06-13 20:36:55,370 INFO  impl.RaftServerProxy (RaftServerProxy.java:addNew(89)) - 1a7e6c3a-8440-4a26-b284-0342b80bcaf0: addNew group-063A3E5B2954:[1a7e6c3a-8440-4a26-b284-0342b80bcaf0:192.168.105.134:34535] returns group-063A3E5B2954:java.util.concurrent.CompletableFuture@622a9436[Not completed]
2019-06-13 20:36:55,392 INFO  impl.RaftServerImpl (RaftServerImpl.java:<init>(91)) - 1a7e6c3a-8440-4a26-b284-0342b80bcaf0: new RaftServerImpl for group-063A3E5B2954:[1a7e6c3a-8440-4a26-b284-0342b80bcaf0:192.168.105.134:34535] with ContainerStateMachine:uninitialized
2019-06-13 20:36:55,393 INFO  server.RaftServerConfigKeys (ConfUtils.java:logGet(43)) - raft.server.rpc.timeout.min = 1s (custom)
2019-06-13 20:36:55,393 INFO  server.RaftServerConfigKeys (ConfUtils.java:logGet(43)) - raft.server.rpc.timeout.max = 1200ms (custom)
2019-06-13 20:36:55,393 INFO  server.RaftServerConfigKeys (ConfUtils.java:logGet(43)) - raft.server.rpcslowness.timeout = 10s (custom)
2019-06-13 20:36:55,393 INFO  server.RaftServerConfigKeys (ConfUtils.java:logGet(43)) - raft.server.log.appender.install.snapshot.enabled = true (default)
2019-06-13 20:36:55,393 INFO  impl.RaftServerImpl (ServerState.java:<init>(101)) - 1a7e6c3a-8440-4a26-b284-0342b80bcaf0:group-063A3E5B2954 ConfigurationManager, init=-1: [1a7e6c3a-8440-4a26-b284-0342b80bcaf0:192.168.105.134:34535], old=null, confs=<EMPTY_MAP>
2019-06-13 20:36:55,393 INFO  server.RaftServerConfigKeys (ConfUtils.java:logGet(43)) - raft.server.storage.dir = [/opt/src/hadoop-ozone/integration-test/target/test-dir/MiniOzoneClusterImpl-c1e8d8ba-3ddd-4ce9-ac29-f84de9745ed6/datanode-2/data/ratis] (custom)
2019-06-13 20:36:55,394 INFO  storage.RaftStorageDirectory (RaftStorageDirectory.java:analyzeStorage(246)) - The storage directory /opt/src/hadoop-ozone/integration-test/target/test-dir/MiniOzoneClusterImpl-c1e8d8ba-3ddd-4ce9-ac29-f84de9745ed6/datanode-2/data/ratis/81253c86-c178-4935-bdeb-063a3e5b2954 does not exist. Creating ...
2019-06-13 20:36:55,396 INFO  storage.RaftStorageDirectory (RaftStorageDirectory.java:tryLock(328)) - Lock on /opt/src/hadoop-ozone/integration-test/target/test-dir/MiniOzoneClusterImpl-c1e8d8ba-3ddd-4ce9-ac29-f84de9745ed6/datanode-2/data/ratis/81253c86-c178-4935-bdeb-063a3e5b2954/in_use.lock acquired by nodename 10089@ozone-xt75l-2456167409
2019-06-13 20:36:55,399 INFO  storage.RaftStorage (RaftStorage.java:format(75)) - Storage directory /opt/src/hadoop-ozone/integration-test/target/test-dir/MiniOzoneClusterImpl-c1e8d8ba-3ddd-4ce9-ac29-f84de9745ed6/datanode-2/data/ratis/81253c86-c178-4935-bdeb-063a3e5b2954 has been successfully formatted.
2019-06-13 20:36:55,400 INFO  ratis.ContainerStateMachine (ContainerStateMachine.java:loadSnapshot(199)) - The snapshot info is null.Setting the last applied index to:(t:0, i:~)
2019-06-13 20:36:55,400 INFO  node.SCMNodeManager (SCMNodeManager.java:register(234)) - Registered Data node : 39d09655-4f51-457b-9f2f-e854b6e43a32{ip: 192.168.105.134, host: ozone-xt75l-2456167409, networkLocation: /default-rack, certSerialId: null}
2019-06-13 20:36:55,401 INFO  server.RaftServerConfigKeys (ConfUtils.java:logGet(43)) - raft.server.leader.election.timeout = 10s (custom)
2019-06-13 20:36:55,401 INFO  server.RaftServerConfigKeys (ConfUtils.java:logGet(43)) - raft.server.log.use.memory = false (default)
2019-06-13 20:36:55,401 INFO  server.RaftServerConfigKeys (ConfUtils.java:logGet(43)) - raft.server.log.appender.buffer.byte-limit = 33554432 (custom)
2019-06-13 20:36:55,401 INFO  server.RaftServerConfigKeys (ConfUtils.java:logGet(43)) - raft.server.log.segment.size.max = 16384 (custom)
2019-06-13 20:36:55,401 INFO  server.RaftServerConfigKeys (ConfUtils.java:logGet(43)) - raft.server.log.segment.cache.num.max = 2 (custom)
2019-06-13 20:36:55,401 INFO  storage.RaftLogWorker (RaftLogWorker.java:<init>(123)) - new 1a7e6c3a-8440-4a26-b284-0342b80bcaf0-RaftLogWorker for Storage Directory /opt/src/hadoop-ozone/integration-test/target/test-dir/MiniOzoneClusterImpl-c1e8d8ba-3ddd-4ce9-ac29-f84de9745ed6/datanode-2/data/ratis/81253c86-c178-4935-bdeb-063a3e5b2954
2019-06-13 20:36:55,401 INFO  server.RaftServerConfigKeys (ConfUtils.java:logGet(43)) - raft.server.log.queue.byte-limit = 2147483647 (custom)
2019-06-13 20:36:55,402 INFO  server.RaftServerConfigKeys (ConfUtils.java:logGet(43)) - raft.server.log.queue.element-limit = 1024 (custom)
2019-06-13 20:36:55,402 INFO  server.RaftServerConfigKeys (ConfUtils.java:logGet(43)) - raft.server.log.segment.size.max = 16384 (custom)
2019-06-13 20:36:55,402 INFO  server.RaftServerConfigKeys (ConfUtils.java:logGet(43)) - raft.server.log.preallocated.size = 16384 (custom)
2019-06-13 20:36:55,402 INFO  server.RaftServerConfigKeys (ConfUtils.java:logGet(43)) - raft.server.log.write.buffer.size = 33554432 (custom)
2019-06-13 20:36:55,402 INFO  server.RaftServerConfigKeys (ConfUtils.java:logGet(43)) - raft.server.log.force.sync.num = 128 (default)
2019-06-13 20:36:55,402 INFO  server.RaftServerConfigKeys (ConfUtils.java:logGet(43)) - raft.server.log.statemachine.data.sync = true (default)
2019-06-13 20:36:55,402 INFO  server.RaftServerConfigKeys (ConfUtils.java:logGet(43)) - raft.server.log.statemachine.data.sync.timeout = 10s (default)
2019-06-13 20:36:55,402 INFO  server.RaftServerConfigKeys (ConfUtils.java:logGet(43)) - raft.server.log.statemachine.data.sync.timeout.retry = -1 (default)
2019-06-13 20:36:55,403 INFO  server.RaftServerConfigKeys (ConfUtils.java:logGet(43)) - raft.server.log.statemachine.data.caching.enabled = true (custom)
2019-06-13 20:36:55,403 INFO  server.RaftServerConfigKeys (ConfUtils.java:logGet(43)) - raft.server.snapshot.auto.trigger.enabled = true (custom)
2019-06-13 20:36:55,403 INFO  server.RaftServerConfigKeys (ConfUtils.java:logGet(43)) - raft.server.snapshot.auto.trigger.threshold = 10000 (custom)
2019-06-13 20:36:55,403 INFO  server.RaftServerConfigKeys (ConfUtils.java:logGet(43)) - raft.server.retrycache.expirytime = 600000ms (custom)
2019-06-13 20:36:55,403 INFO  impl.RaftServerImpl (RaftServerImpl.java:start(173)) - 1a7e6c3a-8440-4a26-b284-0342b80bcaf0: start group-063A3E5B2954
2019-06-13 20:36:55,404 INFO  impl.RaftServerImpl (RaftServerImpl.java:setRole(164)) - 1a7e6c3a-8440-4a26-b284-0342b80bcaf0:group-063A3E5B2954 changes role from null to FOLLOWER at term 0 for startAsFollower
2019-06-13 20:36:55,404 INFO  impl.RoleInfo (RoleInfo.java:updateAndGet(143)) - 1a7e6c3a-8440-4a26-b284-0342b80bcaf0: start FollowerState
2019-06-13 20:36:55,404 INFO  util.JmxRegister (JmxRegister.java:tryRegister(44)) - Successfully registered JMX Bean with object name Ratis:service=RaftServer,group=group-063A3E5B2954,id=1a7e6c3a-8440-4a26-b284-0342b80bcaf0
2019-06-13 20:36:55,411 INFO  pipeline.PipelineStateManager (PipelineStateManager.java:addPipeline(56)) - Created pipeline Pipeline[ Id: 81253c86-c178-4935-bdeb-063a3e5b2954, Nodes: 1a7e6c3a-8440-4a26-b284-0342b80bcaf0{ip: 192.168.105.134, host: ozone-xt75l-2456167409, networkLocation: /default-rack, certSerialId: null}, Type:RATIS, Factor:ONE, State:OPEN]
2019-06-13 20:36:55,426 INFO  impl.RaftServerProxy (RaftServerProxy.java:addNew(89)) - 39d09655-4f51-457b-9f2f-e854b6e43a32: addNew group-67473C51BA92:[39d09655-4f51-457b-9f2f-e854b6e43a32:192.168.105.134:39993] returns group-67473C51BA92:java.util.concurrent.CompletableFuture@5195fdf3[Not completed]
2019-06-13 20:36:55,431 INFO  impl.RaftServerImpl (RaftServerImpl.java:<init>(91)) - 39d09655-4f51-457b-9f2f-e854b6e43a32: new RaftServerImpl for group-67473C51BA92:[39d09655-4f51-457b-9f2f-e854b6e43a32:192.168.105.134:39993] with ContainerStateMachine:uninitialized
2019-06-13 20:36:55,431 INFO  server.RaftServerConfigKeys (ConfUtils.java:logGet(43)) - raft.server.rpc.timeout.min = 1s (custom)
2019-06-13 20:36:55,431 INFO  server.RaftServerConfigKeys (ConfUtils.java:logGet(43)) - raft.server.rpc.timeout.max = 1200ms (custom)
2019-06-13 20:36:55,431 INFO  server.RaftServerConfigKeys (ConfUtils.java:logGet(43)) - raft.server.rpcslowness.timeout = 10s (custom)
2019-06-13 20:36:55,431 INFO  server.RaftServerConfigKeys (ConfUtils.java:logGet(43)) - raft.server.log.appender.install.snapshot.enabled = true (default)
2019-06-13 20:36:55,431 INFO  impl.RaftServerImpl (ServerState.java:<init>(101)) - 39d09655-4f51-457b-9f2f-e854b6e43a32:group-67473C51BA92 ConfigurationManager, init=-1: [39d09655-4f51-457b-9f2f-e854b6e43a32:192.168.105.134:39993], old=null, confs=<EMPTY_MAP>
2019-06-13 20:36:55,432 INFO  server.RaftServerConfigKeys (ConfUtils.java:logGet(43)) - raft.server.storage.dir = [/opt/src/hadoop-ozone/integration-test/target/test-dir/MiniOzoneClusterImpl-c1e8d8ba-3ddd-4ce9-ac29-f84de9745ed6/datanode-3/data/ratis] (custom)
2019-06-13 20:36:55,432 INFO  storage.RaftStorageDirectory (RaftStorageDirectory.java:analyzeStorage(246)) - The storage directory /opt/src/hadoop-ozone/integration-test/target/test-dir/MiniOzoneClusterImpl-c1e8d8ba-3ddd-4ce9-ac29-f84de9745ed6/datanode-3/data/ratis/a519b70b-e0e1-4ffa-8c3f-67473c51ba92 does not exist. Creating ...
2019-06-13 20:36:55,434 INFO  storage.RaftStorageDirectory (RaftStorageDirectory.java:tryLock(328)) - Lock on /opt/src/hadoop-ozone/integration-test/target/test-dir/MiniOzoneClusterImpl-c1e8d8ba-3ddd-4ce9-ac29-f84de9745ed6/datanode-3/data/ratis/a519b70b-e0e1-4ffa-8c3f-67473c51ba92/in_use.lock acquired by nodename 10089@ozone-xt75l-2456167409
2019-06-13 20:36:55,436 INFO  storage.RaftStorage (RaftStorage.java:format(75)) - Storage directory /opt/src/hadoop-ozone/integration-test/target/test-dir/MiniOzoneClusterImpl-c1e8d8ba-3ddd-4ce9-ac29-f84de9745ed6/datanode-3/data/ratis/a519b70b-e0e1-4ffa-8c3f-67473c51ba92 has been successfully formatted.
2019-06-13 20:36:55,436 INFO  ratis.ContainerStateMachine (ContainerStateMachine.java:loadSnapshot(199)) - The snapshot info is null.Setting the last applied index to:(t:0, i:~)
2019-06-13 20:36:55,437 INFO  server.RaftServerConfigKeys (ConfUtils.java:logGet(43)) - raft.server.leader.election.timeout = 10s (custom)
2019-06-13 20:36:55,437 INFO  server.RaftServerConfigKeys (ConfUtils.java:logGet(43)) - raft.server.log.use.memory = false (default)
2019-06-13 20:36:55,437 INFO  server.RaftServerConfigKeys (ConfUtils.java:logGet(43)) - raft.server.log.appender.buffer.byte-limit = 33554432 (custom)
2019-06-13 20:36:55,437 INFO  server.RaftServerConfigKeys (ConfUtils.java:logGet(43)) - raft.server.log.segment.size.max = 16384 (custom)
2019-06-13 20:36:55,437 INFO  server.RaftServerConfigKeys (ConfUtils.java:logGet(43)) - raft.server.log.segment.cache.num.max = 2 (custom)
2019-06-13 20:36:55,437 INFO  storage.RaftLogWorker (RaftLogWorker.java:<init>(123)) - new 39d09655-4f51-457b-9f2f-e854b6e43a32-RaftLogWorker for Storage Directory /opt/src/hadoop-ozone/integration-test/target/test-dir/MiniOzoneClusterImpl-c1e8d8ba-3ddd-4ce9-ac29-f84de9745ed6/datanode-3/data/ratis/a519b70b-e0e1-4ffa-8c3f-67473c51ba92
2019-06-13 20:36:55,437 INFO  server.RaftServerConfigKeys (ConfUtils.java:logGet(43)) - raft.server.log.queue.byte-limit = 2147483647 (custom)
2019-06-13 20:36:55,437 INFO  server.RaftServerConfigKeys (ConfUtils.java:logGet(43)) - raft.server.log.queue.element-limit = 1024 (custom)
2019-06-13 20:36:55,438 INFO  server.RaftServerConfigKeys (ConfUtils.java:logGet(43)) - raft.server.log.segment.size.max = 16384 (custom)
2019-06-13 20:36:55,438 INFO  server.RaftServerConfigKeys (ConfUtils.java:logGet(43)) - raft.server.log.preallocated.size = 16384 (custom)
2019-06-13 20:36:55,438 INFO  server.RaftServerConfigKeys (ConfUtils.java:logGet(43)) - raft.server.log.write.buffer.size = 33554432 (custom)
2019-06-13 20:36:55,438 INFO  server.RaftServerConfigKeys (ConfUtils.java:logGet(43)) - raft.server.log.force.sync.num = 128 (default)
2019-06-13 20:36:55,438 INFO  server.RaftServerConfigKeys (ConfUtils.java:logGet(43)) - raft.server.log.statemachine.data.sync = true (default)
2019-06-13 20:36:55,438 INFO  server.RaftServerConfigKeys (ConfUtils.java:logGet(43)) - raft.server.log.statemachine.data.sync.timeout = 10s (default)
2019-06-13 20:36:55,438 INFO  server.RaftServerConfigKeys (ConfUtils.java:logGet(43)) - raft.server.log.statemachine.data.sync.timeout.retry = -1 (default)
2019-06-13 20:36:55,438 INFO  server.RaftServerConfigKeys (ConfUtils.java:logGet(43)) - raft.server.log.statemachine.data.caching.enabled = true (custom)
2019-06-13 20:36:55,439 INFO  server.RaftServerConfigKeys (ConfUtils.java:logGet(43)) - raft.server.snapshot.auto.trigger.enabled = true (custom)
2019-06-13 20:36:55,439 INFO  server.RaftServerConfigKeys (ConfUtils.java:logGet(43)) - raft.server.snapshot.auto.trigger.threshold = 10000 (custom)
2019-06-13 20:36:55,439 INFO  server.RaftServerConfigKeys (ConfUtils.java:logGet(43)) - raft.server.retrycache.expirytime = 600000ms (custom)
2019-06-13 20:36:55,439 INFO  impl.RaftServerImpl (RaftServerImpl.java:start(173)) - 39d09655-4f51-457b-9f2f-e854b6e43a32: start group-67473C51BA92
2019-06-13 20:36:55,439 INFO  impl.RaftServerImpl (RaftServerImpl.java:setRole(164)) - 39d09655-4f51-457b-9f2f-e854b6e43a32:group-67473C51BA92 changes role from null to FOLLOWER at term 0 for startAsFollower
2019-06-13 20:36:55,439 INFO  impl.RoleInfo (RoleInfo.java:updateAndGet(143)) - 39d09655-4f51-457b-9f2f-e854b6e43a32: start FollowerState
2019-06-13 20:36:55,440 INFO  util.JmxRegister (JmxRegister.java:tryRegister(44)) - Successfully registered JMX Bean with object name Ratis:service=RaftServer,group=group-67473C51BA92,id=39d09655-4f51-457b-9f2f-e854b6e43a32
2019-06-13 20:36:55,448 INFO  pipeline.PipelineStateManager (PipelineStateManager.java:addPipeline(56)) - Created pipeline Pipeline[ Id: a519b70b-e0e1-4ffa-8c3f-67473c51ba92, Nodes: 39d09655-4f51-457b-9f2f-e854b6e43a32{ip: 192.168.105.134, host: ozone-xt75l-2456167409, networkLocation: /default-rack, certSerialId: null}, Type:RATIS, Factor:ONE, State:OPEN]
2019-06-13 20:36:55,478 INFO  impl.RaftServerProxy (RaftServerProxy.java:addNew(89)) - 39d09655-4f51-457b-9f2f-e854b6e43a32: addNew group-E663E9429C2A:[39d09655-4f51-457b-9f2f-e854b6e43a32:192.168.105.134:39993, 2743e450-7ece-4faf-a212-8debb92083a4:192.168.105.134:45197, e0030e2f-8925-4cbb-a9e4-29cefb9d3414:192.168.105.134:45607] returns group-E663E9429C2A:java.util.concurrent.CompletableFuture@6159d44d[Not completed]
2019-06-13 20:36:55,478 INFO  impl.RaftServerProxy (RaftServerProxy.java:addNew(89)) - 2743e450-7ece-4faf-a212-8debb92083a4: addNew group-E663E9429C2A:[39d09655-4f51-457b-9f2f-e854b6e43a32:192.168.105.134:39993, 2743e450-7ece-4faf-a212-8debb92083a4:192.168.105.134:45197, e0030e2f-8925-4cbb-a9e4-29cefb9d3414:192.168.105.134:45607] returns group-E663E9429C2A:java.util.concurrent.CompletableFuture@26a06ed8[Not completed]
2019-06-13 20:36:55,479 INFO  impl.RaftServerProxy (RaftServerProxy.java:addNew(89)) - e0030e2f-8925-4cbb-a9e4-29cefb9d3414: addNew group-E663E9429C2A:[39d09655-4f51-457b-9f2f-e854b6e43a32:192.168.105.134:39993, 2743e450-7ece-4faf-a212-8debb92083a4:192.168.105.134:45197, e0030e2f-8925-4cbb-a9e4-29cefb9d3414:192.168.105.134:45607] returns group-E663E9429C2A:java.util.concurrent.CompletableFuture@37917c9[Not completed]
2019-06-13 20:36:55,479 INFO  impl.RaftServerImpl (RaftServerImpl.java:<init>(91)) - 2743e450-7ece-4faf-a212-8debb92083a4: new RaftServerImpl for group-E663E9429C2A:[39d09655-4f51-457b-9f2f-e854b6e43a32:192.168.105.134:39993, 2743e450-7ece-4faf-a212-8debb92083a4:192.168.105.134:45197, e0030e2f-8925-4cbb-a9e4-29cefb9d3414:192.168.105.134:45607] with ContainerStateMachine:uninitialized
2019-06-13 20:36:55,479 INFO  server.RaftServerConfigKeys (ConfUtils.java:logGet(43)) - raft.server.rpc.timeout.min = 1s (custom)
2019-06-13 20:36:55,479 INFO  server.RaftServerConfigKeys (ConfUtils.java:logGet(43)) - raft.server.rpc.timeout.max = 1200ms (custom)
2019-06-13 20:36:55,480 INFO  server.RaftServerConfigKeys (ConfUtils.java:logGet(43)) - raft.server.rpcslowness.timeout = 10s (custom)
2019-06-13 20:36:55,480 INFO  impl.RaftServerImpl (RaftServerImpl.java:<init>(91)) - 39d09655-4f51-457b-9f2f-e854b6e43a32: new RaftServerImpl for group-E663E9429C2A:[39d09655-4f51-457b-9f2f-e854b6e43a32:192.168.105.134:39993, 2743e450-7ece-4faf-a212-8debb92083a4:192.168.105.134:45197, e0030e2f-8925-4cbb-a9e4-29cefb9d3414:192.168.105.134:45607] with ContainerStateMachine:uninitialized
2019-06-13 20:36:55,480 INFO  server.RaftServerConfigKeys (ConfUtils.java:logGet(43)) - raft.server.rpc.timeout.min = 1s (custom)
2019-06-13 20:36:55,480 INFO  server.RaftServerConfigKeys (ConfUtils.java:logGet(43)) - raft.server.rpc.timeout.max = 1200ms (custom)
2019-06-13 20:36:55,480 INFO  server.RaftServerConfigKeys (ConfUtils.java:logGet(43)) - raft.server.rpcslowness.timeout = 10s (custom)
2019-06-13 20:36:55,480 INFO  server.RaftServerConfigKeys (ConfUtils.java:logGet(43)) - raft.server.log.appender.install.snapshot.enabled = true (default)
2019-06-13 20:36:55,480 INFO  impl.RaftServerImpl (ServerState.java:<init>(101)) - 39d09655-4f51-457b-9f2f-e854b6e43a32:group-E663E9429C2A ConfigurationManager, init=-1: [39d09655-4f51-457b-9f2f-e854b6e43a32:192.168.105.134:39993, 2743e450-7ece-4faf-a212-8debb92083a4:192.168.105.134:45197, e0030e2f-8925-4cbb-a9e4-29cefb9d3414:192.168.105.134:45607], old=null, confs=<EMPTY_MAP>
2019-06-13 20:36:55,480 INFO  server.RaftServerConfigKeys (ConfUtils.java:logGet(43)) - raft.server.log.appender.install.snapshot.enabled = true (default)
2019-06-13 20:36:55,480 INFO  server.RaftServerConfigKeys (ConfUtils.java:logGet(43)) - raft.server.storage.dir = [/opt/src/hadoop-ozone/integration-test/target/test-dir/MiniOzoneClusterImpl-c1e8d8ba-3ddd-4ce9-ac29-f84de9745ed6/datanode-3/data/ratis] (custom)
2019-06-13 20:36:55,480 INFO  impl.RaftServerImpl (RaftServerImpl.java:<init>(91)) - e0030e2f-8925-4cbb-a9e4-29cefb9d3414: new RaftServerImpl for group-E663E9429C2A:[39d09655-4f51-457b-9f2f-e854b6e43a32:192.168.105.134:39993, 2743e450-7ece-4faf-a212-8debb92083a4:192.168.105.134:45197, e0030e2f-8925-4cbb-a9e4-29cefb9d3414:192.168.105.134:45607] with ContainerStateMachine:uninitialized
2019-06-13 20:36:55,481 INFO  server.RaftServerConfigKeys (ConfUtils.java:logGet(43)) - raft.server.rpc.timeout.min = 1s (custom)
2019-06-13 20:36:55,481 INFO  server.RaftServerConfigKeys (ConfUtils.java:logGet(43)) - raft.server.rpc.timeout.max = 1200ms (custom)
2019-06-13 20:36:55,481 INFO  server.RaftServerConfigKeys (ConfUtils.java:logGet(43)) - raft.server.rpcslowness.timeout = 10s (custom)
2019-06-13 20:36:55,481 INFO  server.RaftServerConfigKeys (ConfUtils.java:logGet(43)) - raft.server.log.appender.install.snapshot.enabled = true (default)
2019-06-13 20:36:55,481 INFO  impl.RaftServerImpl (ServerState.java:<init>(101)) - e0030e2f-8925-4cbb-a9e4-29cefb9d3414:group-E663E9429C2A ConfigurationManager, init=-1: [39d09655-4f51-457b-9f2f-e854b6e43a32:192.168.105.134:39993, 2743e450-7ece-4faf-a212-8debb92083a4:192.168.105.134:45197, e0030e2f-8925-4cbb-a9e4-29cefb9d3414:192.168.105.134:45607], old=null, confs=<EMPTY_MAP>
2019-06-13 20:36:55,480 INFO  impl.RaftServerImpl (ServerState.java:<init>(101)) - 2743e450-7ece-4faf-a212-8debb92083a4:group-E663E9429C2A ConfigurationManager, init=-1: [39d09655-4f51-457b-9f2f-e854b6e43a32:192.168.105.134:39993, 2743e450-7ece-4faf-a212-8debb92083a4:192.168.105.134:45197, e0030e2f-8925-4cbb-a9e4-29cefb9d3414:192.168.105.134:45607], old=null, confs=<EMPTY_MAP>
2019-06-13 20:36:55,481 INFO  server.RaftServerConfigKeys (ConfUtils.java:logGet(43)) - raft.server.storage.dir = [/opt/src/hadoop-ozone/integration-test/target/test-dir/MiniOzoneClusterImpl-c1e8d8ba-3ddd-4ce9-ac29-f84de9745ed6/datanode-1/data/ratis] (custom)
2019-06-13 20:36:55,481 INFO  storage.RaftStorageDirectory (RaftStorageDirectory.java:analyzeStorage(246)) - The storage directory /opt/src/hadoop-ozone/integration-test/target/test-dir/MiniOzoneClusterImpl-c1e8d8ba-3ddd-4ce9-ac29-f84de9745ed6/datanode-3/data/ratis/4c0fee2a-7da7-41ac-9a59-e663e9429c2a does not exist. Creating ...
2019-06-13 20:36:55,482 INFO  storage.RaftStorageDirectory (RaftStorageDirectory.java:analyzeStorage(246)) - The storage directory /opt/src/hadoop-ozone/integration-test/target/test-dir/MiniOzoneClusterImpl-c1e8d8ba-3ddd-4ce9-ac29-f84de9745ed6/datanode-1/data/ratis/4c0fee2a-7da7-41ac-9a59-e663e9429c2a does not exist. Creating ...
2019-06-13 20:36:55,481 INFO  server.RaftServerConfigKeys (ConfUtils.java:logGet(43)) - raft.server.storage.dir = [/opt/src/hadoop-ozone/integration-test/target/test-dir/MiniOzoneClusterImpl-c1e8d8ba-3ddd-4ce9-ac29-f84de9745ed6/datanode-0/data/ratis] (custom)
2019-06-13 20:36:55,482 INFO  storage.RaftStorageDirectory (RaftStorageDirectory.java:analyzeStorage(246)) - The storage directory /opt/src/hadoop-ozone/integration-test/target/test-dir/MiniOzoneClusterImpl-c1e8d8ba-3ddd-4ce9-ac29-f84de9745ed6/datanode-0/data/ratis/4c0fee2a-7da7-41ac-9a59-e663e9429c2a does not exist. Creating ...
2019-06-13 20:36:55,484 INFO  storage.RaftStorageDirectory (RaftStorageDirectory.java:tryLock(328)) - Lock on /opt/src/hadoop-ozone/integration-test/target/test-dir/MiniOzoneClusterImpl-c1e8d8ba-3ddd-4ce9-ac29-f84de9745ed6/datanode-1/data/ratis/4c0fee2a-7da7-41ac-9a59-e663e9429c2a/in_use.lock acquired by nodename 10089@ozone-xt75l-2456167409
2019-06-13 20:36:55,484 INFO  storage.RaftStorageDirectory (RaftStorageDirectory.java:tryLock(328)) - Lock on /opt/src/hadoop-ozone/integration-test/target/test-dir/MiniOzoneClusterImpl-c1e8d8ba-3ddd-4ce9-ac29-f84de9745ed6/datanode-3/data/ratis/4c0fee2a-7da7-41ac-9a59-e663e9429c2a/in_use.lock acquired by nodename 10089@ozone-xt75l-2456167409
2019-06-13 20:36:55,485 INFO  storage.RaftStorageDirectory (RaftStorageDirectory.java:tryLock(328)) - Lock on /opt/src/hadoop-ozone/integration-test/target/test-dir/MiniOzoneClusterImpl-c1e8d8ba-3ddd-4ce9-ac29-f84de9745ed6/datanode-0/data/ratis/4c0fee2a-7da7-41ac-9a59-e663e9429c2a/in_use.lock acquired by nodename 10089@ozone-xt75l-2456167409
2019-06-13 20:36:55,486 INFO  storage.RaftStorage (RaftStorage.java:format(75)) - Storage directory /opt/src/hadoop-ozone/integration-test/target/test-dir/MiniOzoneClusterImpl-c1e8d8ba-3ddd-4ce9-ac29-f84de9745ed6/datanode-1/data/ratis/4c0fee2a-7da7-41ac-9a59-e663e9429c2a has been successfully formatted.
2019-06-13 20:36:55,486 INFO  storage.RaftStorage (RaftStorage.java:format(75)) - Storage directory /opt/src/hadoop-ozone/integration-test/target/test-dir/MiniOzoneClusterImpl-c1e8d8ba-3ddd-4ce9-ac29-f84de9745ed6/datanode-3/data/ratis/4c0fee2a-7da7-41ac-9a59-e663e9429c2a has been successfully formatted.
2019-06-13 20:36:55,487 INFO  ratis.ContainerStateMachine (ContainerStateMachine.java:loadSnapshot(199)) - The snapshot info is null.Setting the last applied index to:(t:0, i:~)
2019-06-13 20:36:55,487 INFO  ratis.ContainerStateMachine (ContainerStateMachine.java:loadSnapshot(199)) - The snapshot info is null.Setting the last applied index to:(t:0, i:~)
2019-06-13 20:36:55,488 INFO  server.RaftServerConfigKeys (ConfUtils.java:logGet(43)) - raft.server.leader.election.timeout = 10s (custom)
2019-06-13 20:36:55,488 INFO  server.RaftServerConfigKeys (ConfUtils.java:logGet(43)) - raft.server.leader.election.timeout = 10s (custom)
2019-06-13 20:36:55,488 INFO  server.RaftServerConfigKeys (ConfUtils.java:logGet(43)) - raft.server.log.use.memory = false (default)
2019-06-13 20:36:55,488 INFO  server.RaftServerConfigKeys (ConfUtils.java:logGet(43)) - raft.server.log.use.memory = false (default)
2019-06-13 20:36:55,488 INFO  server.RaftServerConfigKeys (ConfUtils.java:logGet(43)) - raft.server.log.appender.buffer.byte-limit = 33554432 (custom)
2019-06-13 20:36:55,488 INFO  server.RaftServerConfigKeys (ConfUtils.java:logGet(43)) - raft.server.log.appender.buffer.byte-limit = 33554432 (custom)
2019-06-13 20:36:55,488 INFO  server.RaftServerConfigKeys (ConfUtils.java:logGet(43)) - raft.server.log.segment.size.max = 16384 (custom)
2019-06-13 20:36:55,488 INFO  storage.RaftStorage (RaftStorage.java:format(75)) - Storage directory /opt/src/hadoop-ozone/integration-test/target/test-dir/MiniOzoneClusterImpl-c1e8d8ba-3ddd-4ce9-ac29-f84de9745ed6/datanode-0/data/ratis/4c0fee2a-7da7-41ac-9a59-e663e9429c2a has been successfully formatted.
2019-06-13 20:36:55,488 INFO  server.RaftServerConfigKeys (ConfUtils.java:logGet(43)) - raft.server.log.segment.cache.num.max = 2 (custom)
2019-06-13 20:36:55,488 INFO  ratis.ContainerStateMachine (ContainerStateMachine.java:loadSnapshot(199)) - The snapshot info is null.Setting the last applied index to:(t:0, i:~)
2019-06-13 20:36:55,488 INFO  server.RaftServerConfigKeys (ConfUtils.java:logGet(43)) - raft.server.log.segment.size.max = 16384 (custom)
2019-06-13 20:36:55,489 INFO  server.RaftServerConfigKeys (ConfUtils.java:logGet(43)) - raft.server.leader.election.timeout = 10s (custom)
2019-06-13 20:36:55,488 INFO  storage.RaftLogWorker (RaftLogWorker.java:<init>(123)) - new 39d09655-4f51-457b-9f2f-e854b6e43a32-RaftLogWorker for Storage Directory /opt/src/hadoop-ozone/integration-test/target/test-dir/MiniOzoneClusterImpl-c1e8d8ba-3ddd-4ce9-ac29-f84de9745ed6/datanode-3/data/ratis/4c0fee2a-7da7-41ac-9a59-e663e9429c2a
2019-06-13 20:36:55,489 INFO  server.RaftServerConfigKeys (ConfUtils.java:logGet(43)) - raft.server.log.use.memory = false (default)
2019-06-13 20:36:55,489 INFO  server.RaftServerConfigKeys (ConfUtils.java:logGet(43)) - raft.server.log.segment.cache.num.max = 2 (custom)
2019-06-13 20:36:55,489 INFO  server.RaftServerConfigKeys (ConfUtils.java:logGet(43)) - raft.server.log.appender.buffer.byte-limit = 33554432 (custom)
2019-06-13 20:36:55,489 INFO  server.RaftServerConfigKeys (ConfUtils.java:logGet(43)) - raft.server.log.queue.byte-limit = 2147483647 (custom)
2019-06-13 20:36:55,489 INFO  server.RaftServerConfigKeys (ConfUtils.java:logGet(43)) - raft.server.log.segment.size.max = 16384 (custom)
2019-06-13 20:36:55,489 INFO  storage.RaftLogWorker (RaftLogWorker.java:<init>(123)) - new e0030e2f-8925-4cbb-a9e4-29cefb9d3414-RaftLogWorker for Storage Directory /opt/src/hadoop-ozone/integration-test/target/test-dir/MiniOzoneClusterImpl-c1e8d8ba-3ddd-4ce9-ac29-f84de9745ed6/datanode-1/data/ratis/4c0fee2a-7da7-41ac-9a59-e663e9429c2a
2019-06-13 20:36:55,489 INFO  server.RaftServerConfigKeys (ConfUtils.java:logGet(43)) - raft.server.log.segment.cache.num.max = 2 (custom)
2019-06-13 20:36:55,489 INFO  server.RaftServerConfigKeys (ConfUtils.java:logGet(43)) - raft.server.log.queue.element-limit = 1024 (custom)
2019-06-13 20:36:55,489 INFO  server.RaftServerConfigKeys (ConfUtils.java:logGet(43)) - raft.server.log.segment.size.max = 16384 (custom)
2019-06-13 20:36:55,489 INFO  storage.RaftLogWorker (RaftLogWorker.java:<init>(123)) - new 2743e450-7ece-4faf-a212-8debb92083a4-RaftLogWorker for Storage Directory /opt/src/hadoop-ozone/integration-test/target/test-dir/MiniOzoneClusterImpl-c1e8d8ba-3ddd-4ce9-ac29-f84de9745ed6/datanode-0/data/ratis/4c0fee2a-7da7-41ac-9a59-e663e9429c2a
2019-06-13 20:36:55,489 INFO  server.RaftServerConfigKeys (ConfUtils.java:logGet(43)) - raft.server.log.queue.byte-limit = 2147483647 (custom)
2019-06-13 20:36:55,490 INFO  server.RaftServerConfigKeys (ConfUtils.java:logGet(43)) - raft.server.log.queue.element-limit = 1024 (custom)
2019-06-13 20:36:55,490 INFO  server.RaftServerConfigKeys (ConfUtils.java:logGet(43)) - raft.server.log.segment.size.max = 16384 (custom)
2019-06-13 20:36:55,490 INFO  server.RaftServerConfigKeys (ConfUtils.java:logGet(43)) - raft.server.log.preallocated.size = 16384 (custom)
2019-06-13 20:36:55,490 INFO  server.RaftServerConfigKeys (ConfUtils.java:logGet(43)) - raft.server.log.write.buffer.size = 33554432 (custom)
2019-06-13 20:36:55,490 INFO  server.RaftServerConfigKeys (ConfUtils.java:logGet(43)) - raft.server.log.force.sync.num = 128 (default)
2019-06-13 20:36:55,490 INFO  server.RaftServerConfigKeys (ConfUtils.java:logGet(43)) - raft.server.log.statemachine.data.sync = true (default)
2019-06-13 20:36:55,490 INFO  server.RaftServerConfigKeys (ConfUtils.java:logGet(43)) - raft.server.log.statemachine.data.sync.timeout = 10s (default)
2019-06-13 20:36:55,490 INFO  server.RaftServerConfigKeys (ConfUtils.java:logGet(43)) - raft.server.log.statemachine.data.sync.timeout.retry = -1 (default)
2019-06-13 20:36:55,490 INFO  server.RaftServerConfigKeys (ConfUtils.java:logGet(43)) - raft.server.log.statemachine.data.caching.enabled = true (custom)
2019-06-13 20:36:55,489 INFO  server.RaftServerConfigKeys (ConfUtils.java:logGet(43)) - raft.server.log.queue.byte-limit = 2147483647 (custom)
2019-06-13 20:36:55,491 INFO  server.RaftServerConfigKeys (ConfUtils.java:logGet(43)) - raft.server.snapshot.auto.trigger.enabled = true (custom)
2019-06-13 20:36:55,489 INFO  server.RaftServerConfigKeys (ConfUtils.java:logGet(43)) - raft.server.log.preallocated.size = 16384 (custom)
2019-06-13 20:36:55,491 INFO  server.RaftServerConfigKeys (ConfUtils.java:logGet(43)) - raft.server.snapshot.auto.trigger.threshold = 10000 (custom)
2019-06-13 20:36:55,491 INFO  server.RaftServerConfigKeys (ConfUtils.java:logGet(43)) - raft.server.log.queue.element-limit = 1024 (custom)
2019-06-13 20:36:55,491 INFO  server.RaftServerConfigKeys (ConfUtils.java:logGet(43)) - raft.server.retrycache.expirytime = 600000ms (custom)
2019-06-13 20:36:55,491 INFO  server.RaftServerConfigKeys (ConfUtils.java:logGet(43)) - raft.server.log.write.buffer.size = 33554432 (custom)
2019-06-13 20:36:55,491 INFO  server.RaftServerConfigKeys (ConfUtils.java:logGet(43)) - raft.server.log.segment.size.max = 16384 (custom)
2019-06-13 20:36:55,491 INFO  impl.RaftServerImpl (RaftServerImpl.java:start(173)) - 2743e450-7ece-4faf-a212-8debb92083a4: start group-E663E9429C2A
2019-06-13 20:36:55,491 INFO  server.RaftServerConfigKeys (ConfUtils.java:logGet(43)) - raft.server.log.force.sync.num = 128 (default)
2019-06-13 20:36:55,491 INFO  impl.RaftServerImpl (RaftServerImpl.java:setRole(164)) - 2743e450-7ece-4faf-a212-8debb92083a4:group-E663E9429C2A changes role from null to FOLLOWER at term 0 for startAsFollower
2019-06-13 20:36:55,491 INFO  server.RaftServerConfigKeys (ConfUtils.java:logGet(43)) - raft.server.log.preallocated.size = 16384 (custom)
2019-06-13 20:36:55,491 INFO  impl.RoleInfo (RoleInfo.java:updateAndGet(143)) - 2743e450-7ece-4faf-a212-8debb92083a4: start FollowerState
2019-06-13 20:36:55,491 INFO  server.RaftServerConfigKeys (ConfUtils.java:logGet(43)) - raft.server.log.statemachine.data.sync = true (default)
2019-06-13 20:36:55,492 INFO  server.RaftServerConfigKeys (ConfUtils.java:logGet(43)) - raft.server.log.statemachine.data.sync.timeout = 10s (default)
2019-06-13 20:36:55,492 INFO  server.RaftServerConfigKeys (ConfUtils.java:logGet(43)) - raft.server.log.statemachine.data.sync.timeout.retry = -1 (default)
2019-06-13 20:36:55,491 INFO  server.RaftServerConfigKeys (ConfUtils.java:logGet(43)) - raft.server.log.write.buffer.size = 33554432 (custom)
2019-06-13 20:36:55,492 INFO  server.RaftServerConfigKeys (ConfUtils.java:logGet(43)) - raft.server.log.force.sync.num = 128 (default)
2019-06-13 20:36:55,492 INFO  server.RaftServerConfigKeys (ConfUtils.java:logGet(43)) - raft.server.log.statemachine.data.sync = true (default)
2019-06-13 20:36:55,492 INFO  server.RaftServerConfigKeys (ConfUtils.java:logGet(43)) - raft.server.log.statemachine.data.sync.timeout = 10s (default)
2019-06-13 20:36:55,492 INFO  server.RaftServerConfigKeys (ConfUtils.java:logGet(43)) - raft.server.log.statemachine.data.sync.timeout.retry = -1 (default)
2019-06-13 20:36:55,492 INFO  server.RaftServerConfigKeys (ConfUtils.java:logGet(43)) - raft.server.log.statemachine.data.caching.enabled = true (custom)
2019-06-13 20:36:55,492 INFO  util.JmxRegister (JmxRegister.java:tryRegister(44)) - Successfully registered JMX Bean with object name Ratis:service=RaftServer,group=group-E663E9429C2A,id=2743e450-7ece-4faf-a212-8debb92083a4
2019-06-13 20:36:55,492 INFO  server.RaftServerConfigKeys (ConfUtils.java:logGet(43)) - raft.server.log.statemachine.data.caching.enabled = true (custom)
2019-06-13 20:36:55,493 INFO  server.RaftServerConfigKeys (ConfUtils.java:logGet(43)) - raft.server.snapshot.auto.trigger.enabled = true (custom)
2019-06-13 20:36:55,493 INFO  server.RaftServerConfigKeys (ConfUtils.java:logGet(43)) - raft.server.snapshot.auto.trigger.threshold = 10000 (custom)
2019-06-13 20:36:55,493 INFO  server.RaftServerConfigKeys (ConfUtils.java:logGet(43)) - raft.server.snapshot.auto.trigger.enabled = true (custom)
2019-06-13 20:36:55,493 INFO  server.RaftServerConfigKeys (ConfUtils.java:logGet(43)) - raft.server.retrycache.expirytime = 600000ms (custom)
2019-06-13 20:36:55,493 INFO  server.RaftServerConfigKeys (ConfUtils.java:logGet(43)) - raft.server.snapshot.auto.trigger.threshold = 10000 (custom)
2019-06-13 20:36:55,494 INFO  impl.RaftServerImpl (RaftServerImpl.java:start(173)) - e0030e2f-8925-4cbb-a9e4-29cefb9d3414: start group-E663E9429C2A
2019-06-13 20:36:55,494 INFO  impl.RaftServerImpl (RaftServerImpl.java:setRole(164)) - e0030e2f-8925-4cbb-a9e4-29cefb9d3414:group-E663E9429C2A changes role from null to FOLLOWER at term 0 for startAsFollower
2019-06-13 20:36:55,494 INFO  impl.RoleInfo (RoleInfo.java:updateAndGet(143)) - e0030e2f-8925-4cbb-a9e4-29cefb9d3414: start FollowerState
2019-06-13 20:36:55,494 INFO  server.RaftServerConfigKeys (ConfUtils.java:logGet(43)) - raft.server.retrycache.expirytime = 600000ms (custom)
2019-06-13 20:36:55,494 INFO  impl.RaftServerImpl (RaftServerImpl.java:start(173)) - 39d09655-4f51-457b-9f2f-e854b6e43a32: start group-E663E9429C2A
2019-06-13 20:36:55,494 INFO  util.JmxRegister (JmxRegister.java:tryRegister(44)) - Successfully registered JMX Bean with object name Ratis:service=RaftServer,group=group-E663E9429C2A,id=e0030e2f-8925-4cbb-a9e4-29cefb9d3414
2019-06-13 20:36:55,494 INFO  impl.RaftServerImpl (RaftServerImpl.java:setRole(164)) - 39d09655-4f51-457b-9f2f-e854b6e43a32:group-E663E9429C2A changes role from null to FOLLOWER at term 0 for startAsFollower
2019-06-13 20:36:55,494 INFO  impl.RoleInfo (RoleInfo.java:updateAndGet(143)) - 39d09655-4f51-457b-9f2f-e854b6e43a32: start FollowerState
2019-06-13 20:36:55,496 INFO  util.JmxRegister (JmxRegister.java:tryRegister(44)) - Successfully registered JMX Bean with object name Ratis:service=RaftServer,group=group-E663E9429C2A,id=39d09655-4f51-457b-9f2f-e854b6e43a32
2019-06-13 20:36:55,520 INFO  pipeline.PipelineStateManager (PipelineStateManager.java:addPipeline(56)) - Created pipeline Pipeline[ Id: 4c0fee2a-7da7-41ac-9a59-e663e9429c2a, Nodes: e0030e2f-8925-4cbb-a9e4-29cefb9d3414{ip: 192.168.105.134, host: ozone-xt75l-2456167409, networkLocation: /default-rack, certSerialId: null}39d09655-4f51-457b-9f2f-e854b6e43a32{ip: 192.168.105.134, host: ozone-xt75l-2456167409, networkLocation: /default-rack, certSerialId: null}2743e450-7ece-4faf-a212-8debb92083a4{ip: 192.168.105.134, host: ozone-xt75l-2456167409, networkLocation: /default-rack, certSerialId: null}, Type:RATIS, Factor:THREE, State:OPEN]
2019-06-13 20:36:55,604 INFO  node.SCMNodeManager (SCMNodeManager.java:register(234)) - Registered Data node : de1adb5e-f3d6-40a8-85d8-fe45b88f8419{ip: 192.168.105.134, host: ozone-xt75l-2456167409, networkLocation: /default-rack, certSerialId: null}
2019-06-13 20:36:55,615 INFO  impl.RaftServerProxy (RaftServerProxy.java:addNew(89)) - de1adb5e-f3d6-40a8-85d8-fe45b88f8419: addNew group-C5C765F9397B:[de1adb5e-f3d6-40a8-85d8-fe45b88f8419:192.168.105.134:34943] returns group-C5C765F9397B:java.util.concurrent.CompletableFuture@3840e33c[Not completed]
2019-06-13 20:36:55,616 INFO  impl.RaftServerImpl (RaftServerImpl.java:<init>(91)) - de1adb5e-f3d6-40a8-85d8-fe45b88f8419: new RaftServerImpl for group-C5C765F9397B:[de1adb5e-f3d6-40a8-85d8-fe45b88f8419:192.168.105.134:34943] with ContainerStateMachine:uninitialized
2019-06-13 20:36:55,616 INFO  server.RaftServerConfigKeys (ConfUtils.java:logGet(43)) - raft.server.rpc.timeout.min = 1s (custom)
2019-06-13 20:36:55,617 INFO  server.RaftServerConfigKeys (ConfUtils.java:logGet(43)) - raft.server.rpc.timeout.max = 1200ms (custom)
2019-06-13 20:36:55,617 INFO  server.RaftServerConfigKeys (ConfUtils.java:logGet(43)) - raft.server.rpcslowness.timeout = 10s (custom)
2019-06-13 20:36:55,617 INFO  server.RaftServerConfigKeys (ConfUtils.java:logGet(43)) - raft.server.log.appender.install.snapshot.enabled = true (default)
2019-06-13 20:36:55,617 INFO  impl.RaftServerImpl (ServerState.java:<init>(101)) - de1adb5e-f3d6-40a8-85d8-fe45b88f8419:group-C5C765F9397B ConfigurationManager, init=-1: [de1adb5e-f3d6-40a8-85d8-fe45b88f8419:192.168.105.134:34943], old=null, confs=<EMPTY_MAP>
2019-06-13 20:36:55,617 INFO  server.RaftServerConfigKeys (ConfUtils.java:logGet(43)) - raft.server.storage.dir = [/opt/src/hadoop-ozone/integration-test/target/test-dir/MiniOzoneClusterImpl-c1e8d8ba-3ddd-4ce9-ac29-f84de9745ed6/datanode-4/data/ratis] (custom)
2019-06-13 20:36:55,617 INFO  storage.RaftStorageDirectory (RaftStorageDirectory.java:analyzeStorage(246)) - The storage directory /opt/src/hadoop-ozone/integration-test/target/test-dir/MiniOzoneClusterImpl-c1e8d8ba-3ddd-4ce9-ac29-f84de9745ed6/datanode-4/data/ratis/955349dc-12ff-429f-ad7e-c5c765f9397b does not exist. Creating ...
2019-06-13 20:36:55,620 INFO  storage.RaftStorageDirectory (RaftStorageDirectory.java:tryLock(328)) - Lock on /opt/src/hadoop-ozone/integration-test/target/test-dir/MiniOzoneClusterImpl-c1e8d8ba-3ddd-4ce9-ac29-f84de9745ed6/datanode-4/data/ratis/955349dc-12ff-429f-ad7e-c5c765f9397b/in_use.lock acquired by nodename 10089@ozone-xt75l-2456167409
2019-06-13 20:36:55,622 INFO  storage.RaftStorage (RaftStorage.java:format(75)) - Storage directory /opt/src/hadoop-ozone/integration-test/target/test-dir/MiniOzoneClusterImpl-c1e8d8ba-3ddd-4ce9-ac29-f84de9745ed6/datanode-4/data/ratis/955349dc-12ff-429f-ad7e-c5c765f9397b has been successfully formatted.
2019-06-13 20:36:55,622 INFO  ratis.ContainerStateMachine (ContainerStateMachine.java:loadSnapshot(199)) - The snapshot info is null.Setting the last applied index to:(t:0, i:~)
2019-06-13 20:36:55,622 INFO  server.RaftServerConfigKeys (ConfUtils.java:logGet(43)) - raft.server.leader.election.timeout = 10s (custom)
2019-06-13 20:36:55,622 INFO  server.RaftServerConfigKeys (ConfUtils.java:logGet(43)) - raft.server.log.use.memory = false (default)
2019-06-13 20:36:55,622 INFO  server.RaftServerConfigKeys (ConfUtils.java:logGet(43)) - raft.server.log.appender.buffer.byte-limit = 33554432 (custom)
2019-06-13 20:36:55,623 INFO  server.RaftServerConfigKeys (ConfUtils.java:logGet(43)) - raft.server.log.segment.size.max = 16384 (custom)
2019-06-13 20:36:55,623 INFO  server.RaftServerConfigKeys (ConfUtils.java:logGet(43)) - raft.server.log.segment.cache.num.max = 2 (custom)
2019-06-13 20:36:55,623 INFO  storage.RaftLogWorker (RaftLogWorker.java:<init>(123)) - new de1adb5e-f3d6-40a8-85d8-fe45b88f8419-RaftLogWorker for Storage Directory /opt/src/hadoop-ozone/integration-test/target/test-dir/MiniOzoneClusterImpl-c1e8d8ba-3ddd-4ce9-ac29-f84de9745ed6/datanode-4/data/ratis/955349dc-12ff-429f-ad7e-c5c765f9397b
2019-06-13 20:36:55,623 INFO  server.RaftServerConfigKeys (ConfUtils.java:logGet(43)) - raft.server.log.queue.byte-limit = 2147483647 (custom)
2019-06-13 20:36:55,623 INFO  server.RaftServerConfigKeys (ConfUtils.java:logGet(43)) - raft.server.log.queue.element-limit = 1024 (custom)
2019-06-13 20:36:55,623 INFO  server.RaftServerConfigKeys (ConfUtils.java:logGet(43)) - raft.server.log.segment.size.max = 16384 (custom)
2019-06-13 20:36:55,623 INFO  server.RaftServerConfigKeys (ConfUtils.java:logGet(43)) - raft.server.log.preallocated.size = 16384 (custom)
2019-06-13 20:36:55,623 INFO  server.RaftServerConfigKeys (ConfUtils.java:logGet(43)) - raft.server.log.write.buffer.size = 33554432 (custom)
2019-06-13 20:36:55,623 INFO  server.RaftServerConfigKeys (ConfUtils.java:logGet(43)) - raft.server.log.force.sync.num = 128 (default)
2019-06-13 20:36:55,623 INFO  server.RaftServerConfigKeys (ConfUtils.java:logGet(43)) - raft.server.log.statemachine.data.sync = true (default)
2019-06-13 20:36:55,623 INFO  server.RaftServerConfigKeys (ConfUtils.java:logGet(43)) - raft.server.log.statemachine.data.sync.timeout = 10s (default)
2019-06-13 20:36:55,623 INFO  server.RaftServerConfigKeys (ConfUtils.java:logGet(43)) - raft.server.log.statemachine.data.sync.timeout.retry = -1 (default)
2019-06-13 20:36:55,623 INFO  server.RaftServerConfigKeys (ConfUtils.java:logGet(43)) - raft.server.log.statemachine.data.caching.enabled = true (custom)
2019-06-13 20:36:55,624 INFO  server.RaftServerConfigKeys (ConfUtils.java:logGet(43)) - raft.server.snapshot.auto.trigger.enabled = true (custom)
2019-06-13 20:36:55,624 INFO  server.RaftServerConfigKeys (ConfUtils.java:logGet(43)) - raft.server.snapshot.auto.trigger.threshold = 10000 (custom)
2019-06-13 20:36:55,624 INFO  server.RaftServerConfigKeys (ConfUtils.java:logGet(43)) - raft.server.retrycache.expirytime = 600000ms (custom)
2019-06-13 20:36:55,624 INFO  impl.RaftServerImpl (RaftServerImpl.java:start(173)) - de1adb5e-f3d6-40a8-85d8-fe45b88f8419: start group-C5C765F9397B
2019-06-13 20:36:55,624 INFO  impl.RaftServerImpl (RaftServerImpl.java:setRole(164)) - de1adb5e-f3d6-40a8-85d8-fe45b88f8419:group-C5C765F9397B changes role from null to FOLLOWER at term 0 for startAsFollower
2019-06-13 20:36:55,624 INFO  impl.RoleInfo (RoleInfo.java:updateAndGet(143)) - de1adb5e-f3d6-40a8-85d8-fe45b88f8419: start FollowerState
2019-06-13 20:36:55,625 INFO  util.JmxRegister (JmxRegister.java:tryRegister(44)) - Successfully registered JMX Bean with object name Ratis:service=RaftServer,group=group-C5C765F9397B,id=de1adb5e-f3d6-40a8-85d8-fe45b88f8419
2019-06-13 20:36:55,631 INFO  pipeline.PipelineStateManager (PipelineStateManager.java:addPipeline(56)) - Created pipeline Pipeline[ Id: 955349dc-12ff-429f-ad7e-c5c765f9397b, Nodes: de1adb5e-f3d6-40a8-85d8-fe45b88f8419{ip: 192.168.105.134, host: ozone-xt75l-2456167409, networkLocation: /default-rack, certSerialId: null}, Type:RATIS, Factor:ONE, State:OPEN]
2019-06-13 20:36:55,798 INFO  ozone.MiniOzoneClusterImpl (MiniOzoneClusterImpl.java:lambda$waitForClusterToBeReady$0(142)) - Waiting for cluster to be ready. Got 5 of 6 DN Heartbeats.
2019-06-13 20:36:55,800 INFO  node.SCMNodeManager (SCMNodeManager.java:register(234)) - Registered Data node : 10cb8df0-f5c3-49ed-927e-ac4b56002e3c{ip: 192.168.105.134, host: ozone-xt75l-2456167409, networkLocation: /default-rack, certSerialId: null}
2019-06-13 20:36:55,809 INFO  impl.RaftServerProxy (RaftServerProxy.java:addNew(89)) - 10cb8df0-f5c3-49ed-927e-ac4b56002e3c: addNew group-1F4B0CE71664:[10cb8df0-f5c3-49ed-927e-ac4b56002e3c:192.168.105.134:43771] returns group-1F4B0CE71664:java.util.concurrent.CompletableFuture@226be2bd[Not completed]
2019-06-13 20:36:55,810 INFO  impl.RaftServerImpl (RaftServerImpl.java:<init>(91)) - 10cb8df0-f5c3-49ed-927e-ac4b56002e3c: new RaftServerImpl for group-1F4B0CE71664:[10cb8df0-f5c3-49ed-927e-ac4b56002e3c:192.168.105.134:43771] with ContainerStateMachine:uninitialized
2019-06-13 20:36:55,810 INFO  server.RaftServerConfigKeys (ConfUtils.java:logGet(43)) - raft.server.rpc.timeout.min = 1s (custom)
2019-06-13 20:36:55,810 INFO  server.RaftServerConfigKeys (ConfUtils.java:logGet(43)) - raft.server.rpc.timeout.max = 1200ms (custom)
2019-06-13 20:36:55,810 INFO  server.RaftServerConfigKeys (ConfUtils.java:logGet(43)) - raft.server.rpcslowness.timeout = 10s (custom)
2019-06-13 20:36:55,810 INFO  server.RaftServerConfigKeys (ConfUtils.java:logGet(43)) - raft.server.log.appender.install.snapshot.enabled = true (default)
2019-06-13 20:36:55,811 INFO  impl.RaftServerImpl (ServerState.java:<init>(101)) - 10cb8df0-f5c3-49ed-927e-ac4b56002e3c:group-1F4B0CE71664 ConfigurationManager, init=-1: [10cb8df0-f5c3-49ed-927e-ac4b56002e3c:192.168.105.134:43771], old=null, confs=<EMPTY_MAP>
2019-06-13 20:36:55,811 INFO  server.RaftServerConfigKeys (ConfUtils.java:logGet(43)) - raft.server.storage.dir = [/opt/src/hadoop-ozone/integration-test/target/test-dir/MiniOzoneClusterImpl-c1e8d8ba-3ddd-4ce9-ac29-f84de9745ed6/datanode-5/data/ratis] (custom)
2019-06-13 20:36:55,811 INFO  storage.RaftStorageDirectory (RaftStorageDirectory.java:analyzeStorage(246)) - The storage directory /opt/src/hadoop-ozone/integration-test/target/test-dir/MiniOzoneClusterImpl-c1e8d8ba-3ddd-4ce9-ac29-f84de9745ed6/datanode-5/data/ratis/24e8bf35-2b49-48a6-b008-1f4b0ce71664 does not exist. Creating ...
2019-06-13 20:36:55,813 INFO  storage.RaftStorageDirectory (RaftStorageDirectory.java:tryLock(328)) - Lock on /opt/src/hadoop-ozone/integration-test/target/test-dir/MiniOzoneClusterImpl-c1e8d8ba-3ddd-4ce9-ac29-f84de9745ed6/datanode-5/data/ratis/24e8bf35-2b49-48a6-b008-1f4b0ce71664/in_use.lock acquired by nodename 10089@ozone-xt75l-2456167409
2019-06-13 20:36:55,815 INFO  storage.RaftStorage (RaftStorage.java:format(75)) - Storage directory /opt/src/hadoop-ozone/integration-test/target/test-dir/MiniOzoneClusterImpl-c1e8d8ba-3ddd-4ce9-ac29-f84de9745ed6/datanode-5/data/ratis/24e8bf35-2b49-48a6-b008-1f4b0ce71664 has been successfully formatted.
2019-06-13 20:36:55,815 INFO  ratis.ContainerStateMachine (ContainerStateMachine.java:loadSnapshot(199)) - The snapshot info is null.Setting the last applied index to:(t:0, i:~)
2019-06-13 20:36:55,815 INFO  server.RaftServerConfigKeys (ConfUtils.java:logGet(43)) - raft.server.leader.election.timeout = 10s (custom)
2019-06-13 20:36:55,815 INFO  server.RaftServerConfigKeys (ConfUtils.java:logGet(43)) - raft.server.log.use.memory = false (default)
2019-06-13 20:36:55,816 INFO  server.RaftServerConfigKeys (ConfUtils.java:logGet(43)) - raft.server.log.appender.buffer.byte-limit = 33554432 (custom)
2019-06-13 20:36:55,816 INFO  server.RaftServerConfigKeys (ConfUtils.java:logGet(43)) - raft.server.log.segment.size.max = 16384 (custom)
2019-06-13 20:36:55,816 INFO  server.RaftServerConfigKeys (ConfUtils.java:logGet(43)) - raft.server.log.segment.cache.num.max = 2 (custom)
2019-06-13 20:36:55,816 INFO  storage.RaftLogWorker (RaftLogWorker.java:<init>(123)) - new 10cb8df0-f5c3-49ed-927e-ac4b56002e3c-RaftLogWorker for Storage Directory /opt/src/hadoop-ozone/integration-test/target/test-dir/MiniOzoneClusterImpl-c1e8d8ba-3ddd-4ce9-ac29-f84de9745ed6/datanode-5/data/ratis/24e8bf35-2b49-48a6-b008-1f4b0ce71664
2019-06-13 20:36:55,816 INFO  server.RaftServerConfigKeys (ConfUtils.java:logGet(43)) - raft.server.log.queue.byte-limit = 2147483647 (custom)
2019-06-13 20:36:55,816 INFO  server.RaftServerConfigKeys (ConfUtils.java:logGet(43)) - raft.server.log.queue.element-limit = 1024 (custom)
2019-06-13 20:36:55,816 INFO  server.RaftServerConfigKeys (ConfUtils.java:logGet(43)) - raft.server.log.segment.size.max = 16384 (custom)
2019-06-13 20:36:55,816 INFO  server.RaftServerConfigKeys (ConfUtils.java:logGet(43)) - raft.server.log.preallocated.size = 16384 (custom)
2019-06-13 20:36:55,816 INFO  server.RaftServerConfigKeys (ConfUtils.java:logGet(43)) - raft.server.log.write.buffer.size = 33554432 (custom)
2019-06-13 20:36:55,816 INFO  server.RaftServerConfigKeys (ConfUtils.java:logGet(43)) - raft.server.log.force.sync.num = 128 (default)
2019-06-13 20:36:55,816 INFO  server.RaftServerConfigKeys (ConfUtils.java:logGet(43)) - raft.server.log.statemachine.data.sync = true (default)
2019-06-13 20:36:55,816 INFO  server.RaftServerConfigKeys (ConfUtils.java:logGet(43)) - raft.server.log.statemachine.data.sync.timeout = 10s (default)
2019-06-13 20:36:55,816 INFO  server.RaftServerConfigKeys (ConfUtils.java:logGet(43)) - raft.server.log.statemachine.data.sync.timeout.retry = -1 (default)
2019-06-13 20:36:55,817 INFO  server.RaftServerConfigKeys (ConfUtils.java:logGet(43)) - raft.server.log.statemachine.data.caching.enabled = true (custom)
2019-06-13 20:36:55,817 INFO  server.RaftServerConfigKeys (ConfUtils.java:logGet(43)) - raft.server.snapshot.auto.trigger.enabled = true (custom)
2019-06-13 20:36:55,817 INFO  server.RaftServerConfigKeys (ConfUtils.java:logGet(43)) - raft.server.snapshot.auto.trigger.threshold = 10000 (custom)
2019-06-13 20:36:55,817 INFO  server.RaftServerConfigKeys (ConfUtils.java:logGet(43)) - raft.server.retrycache.expirytime = 600000ms (custom)
2019-06-13 20:36:55,817 INFO  impl.RaftServerImpl (RaftServerImpl.java:start(173)) - 10cb8df0-f5c3-49ed-927e-ac4b56002e3c: start group-1F4B0CE71664
2019-06-13 20:36:55,817 INFO  impl.RaftServerImpl (RaftServerImpl.java:setRole(164)) - 10cb8df0-f5c3-49ed-927e-ac4b56002e3c:group-1F4B0CE71664 changes role from null to FOLLOWER at term 0 for startAsFollower
2019-06-13 20:36:55,817 INFO  impl.RoleInfo (RoleInfo.java:updateAndGet(143)) - 10cb8df0-f5c3-49ed-927e-ac4b56002e3c: start FollowerState
2019-06-13 20:36:55,818 INFO  util.JmxRegister (JmxRegister.java:tryRegister(44)) - Successfully registered JMX Bean with object name Ratis:service=RaftServer,group=group-1F4B0CE71664,id=10cb8df0-f5c3-49ed-927e-ac4b56002e3c
2019-06-13 20:36:55,822 INFO  pipeline.PipelineStateManager (PipelineStateManager.java:addPipeline(56)) - Created pipeline Pipeline[ Id: 24e8bf35-2b49-48a6-b008-1f4b0ce71664, Nodes: 10cb8df0-f5c3-49ed-927e-ac4b56002e3c{ip: 192.168.105.134, host: ozone-xt75l-2456167409, networkLocation: /default-rack, certSerialId: null}, Type:RATIS, Factor:ONE, State:OPEN]
2019-06-13 20:36:55,837 INFO  impl.RaftServerProxy (RaftServerProxy.java:addNew(89)) - 10cb8df0-f5c3-49ed-927e-ac4b56002e3c: addNew group-E088D017D9D9:[1a7e6c3a-8440-4a26-b284-0342b80bcaf0:192.168.105.134:34535, 10cb8df0-f5c3-49ed-927e-ac4b56002e3c:192.168.105.134:43771, de1adb5e-f3d6-40a8-85d8-fe45b88f8419:192.168.105.134:34943] returns group-E088D017D9D9:java.util.concurrent.CompletableFuture@f83b1f9[Not completed]
2019-06-13 20:36:55,837 INFO  impl.RaftServerImpl (RaftServerImpl.java:<init>(91)) - 10cb8df0-f5c3-49ed-927e-ac4b56002e3c: new RaftServerImpl for group-E088D017D9D9:[1a7e6c3a-8440-4a26-b284-0342b80bcaf0:192.168.105.134:34535, 10cb8df0-f5c3-49ed-927e-ac4b56002e3c:192.168.105.134:43771, de1adb5e-f3d6-40a8-85d8-fe45b88f8419:192.168.105.134:34943] with ContainerStateMachine:uninitialized
2019-06-13 20:36:55,838 INFO  server.RaftServerConfigKeys (ConfUtils.java:logGet(43)) - raft.server.rpc.timeout.min = 1s (custom)
2019-06-13 20:36:55,838 INFO  server.RaftServerConfigKeys (ConfUtils.java:logGet(43)) - raft.server.rpc.timeout.max = 1200ms (custom)
2019-06-13 20:36:55,838 INFO  server.RaftServerConfigKeys (ConfUtils.java:logGet(43)) - raft.server.rpcslowness.timeout = 10s (custom)
2019-06-13 20:36:55,842 INFO  server.RaftServerConfigKeys (ConfUtils.java:logGet(43)) - raft.server.log.appender.install.snapshot.enabled = true (default)
2019-06-13 20:36:55,842 INFO  impl.RaftServerImpl (ServerState.java:<init>(101)) - 10cb8df0-f5c3-49ed-927e-ac4b56002e3c:group-E088D017D9D9 ConfigurationManager, init=-1: [1a7e6c3a-8440-4a26-b284-0342b80bcaf0:192.168.105.134:34535, 10cb8df0-f5c3-49ed-927e-ac4b56002e3c:192.168.105.134:43771, de1adb5e-f3d6-40a8-85d8-fe45b88f8419:192.168.105.134:34943], old=null, confs=<EMPTY_MAP>
2019-06-13 20:36:55,842 INFO  server.RaftServerConfigKeys (ConfUtils.java:logGet(43)) - raft.server.storage.dir = [/opt/src/hadoop-ozone/integration-test/target/test-dir/MiniOzoneClusterImpl-c1e8d8ba-3ddd-4ce9-ac29-f84de9745ed6/datanode-5/data/ratis] (custom)
2019-06-13 20:36:55,843 INFO  storage.RaftStorageDirectory (RaftStorageDirectory.java:analyzeStorage(246)) - The storage directory /opt/src/hadoop-ozone/integration-test/target/test-dir/MiniOzoneClusterImpl-c1e8d8ba-3ddd-4ce9-ac29-f84de9745ed6/datanode-5/data/ratis/b686a621-c3c3-40ed-88d3-e088d017d9d9 does not exist. Creating ...
2019-06-13 20:36:55,843 INFO  impl.RaftServerProxy (RaftServerProxy.java:addNew(89)) - 1a7e6c3a-8440-4a26-b284-0342b80bcaf0: addNew group-E088D017D9D9:[1a7e6c3a-8440-4a26-b284-0342b80bcaf0:192.168.105.134:34535, 10cb8df0-f5c3-49ed-927e-ac4b56002e3c:192.168.105.134:43771, de1adb5e-f3d6-40a8-85d8-fe45b88f8419:192.168.105.134:34943] returns group-E088D017D9D9:java.util.concurrent.CompletableFuture@5ba653bc[Not completed]
2019-06-13 20:36:55,845 INFO  impl.RaftServerImpl (RaftServerImpl.java:<init>(91)) - 1a7e6c3a-8440-4a26-b284-0342b80bcaf0: new RaftServerImpl for group-E088D017D9D9:[1a7e6c3a-8440-4a26-b284-0342b80bcaf0:192.168.105.134:34535, 10cb8df0-f5c3-49ed-927e-ac4b56002e3c:192.168.105.134:43771, de1adb5e-f3d6-40a8-85d8-fe45b88f8419:192.168.105.134:34943] with ContainerStateMachine:uninitialized
2019-06-13 20:36:55,845 INFO  impl.RaftServerProxy (RaftServerProxy.java:addNew(89)) - de1adb5e-f3d6-40a8-85d8-fe45b88f8419: addNew group-E088D017D9D9:[1a7e6c3a-8440-4a26-b284-0342b80bcaf0:192.168.105.134:34535, 10cb8df0-f5c3-49ed-927e-ac4b56002e3c:192.168.105.134:43771, de1adb5e-f3d6-40a8-85d8-fe45b88f8419:192.168.105.134:34943] returns group-E088D017D9D9:java.util.concurrent.CompletableFuture@2a489e0a[Not completed]
2019-06-13 20:36:55,845 INFO  server.RaftServerConfigKeys (ConfUtils.java:logGet(43)) - raft.server.rpc.timeout.min = 1s (custom)
2019-06-13 20:36:55,845 INFO  server.RaftServerConfigKeys (ConfUtils.java:logGet(43)) - raft.server.rpc.timeout.max = 1200ms (custom)
2019-06-13 20:36:55,845 INFO  server.RaftServerConfigKeys (ConfUtils.java:logGet(43)) - raft.server.rpcslowness.timeout = 10s (custom)
2019-06-13 20:36:55,845 INFO  server.RaftServerConfigKeys (ConfUtils.java:logGet(43)) - raft.server.log.appender.install.snapshot.enabled = true (default)
2019-06-13 20:36:55,845 INFO  impl.RaftServerImpl (ServerState.java:<init>(101)) - 1a7e6c3a-8440-4a26-b284-0342b80bcaf0:group-E088D017D9D9 ConfigurationManager, init=-1: [1a7e6c3a-8440-4a26-b284-0342b80bcaf0:192.168.105.134:34535, 10cb8df0-f5c3-49ed-927e-ac4b56002e3c:192.168.105.134:43771, de1adb5e-f3d6-40a8-85d8-fe45b88f8419:192.168.105.134:34943], old=null, confs=<EMPTY_MAP>
2019-06-13 20:36:55,845 INFO  server.RaftServerConfigKeys (ConfUtils.java:logGet(43)) - raft.server.storage.dir = [/opt/src/hadoop-ozone/integration-test/target/test-dir/MiniOzoneClusterImpl-c1e8d8ba-3ddd-4ce9-ac29-f84de9745ed6/datanode-2/data/ratis] (custom)
2019-06-13 20:36:55,845 INFO  impl.RaftServerImpl (RaftServerImpl.java:<init>(91)) - de1adb5e-f3d6-40a8-85d8-fe45b88f8419: new RaftServerImpl for group-E088D017D9D9:[1a7e6c3a-8440-4a26-b284-0342b80bcaf0:192.168.105.134:34535, 10cb8df0-f5c3-49ed-927e-ac4b56002e3c:192.168.105.134:43771, de1adb5e-f3d6-40a8-85d8-fe45b88f8419:192.168.105.134:34943] with ContainerStateMachine:uninitialized
2019-06-13 20:36:55,846 INFO  storage.RaftStorageDirectory (RaftStorageDirectory.java:analyzeStorage(246)) - The storage directory /opt/src/hadoop-ozone/integration-test/target/test-dir/MiniOzoneClusterImpl-c1e8d8ba-3ddd-4ce9-ac29-f84de9745ed6/datanode-2/data/ratis/b686a621-c3c3-40ed-88d3-e088d017d9d9 does not exist. Creating ...
2019-06-13 20:36:55,845 INFO  storage.RaftStorageDirectory (RaftStorageDirectory.java:tryLock(328)) - Lock on /opt/src/hadoop-ozone/integration-test/target/test-dir/MiniOzoneClusterImpl-c1e8d8ba-3ddd-4ce9-ac29-f84de9745ed6/datanode-5/data/ratis/b686a621-c3c3-40ed-88d3-e088d017d9d9/in_use.lock acquired by nodename 10089@ozone-xt75l-2456167409
2019-06-13 20:36:55,846 INFO  server.RaftServerConfigKeys (ConfUtils.java:logGet(43)) - raft.server.rpc.timeout.min = 1s (custom)
2019-06-13 20:36:55,847 INFO  server.RaftServerConfigKeys (ConfUtils.java:logGet(43)) - raft.server.rpc.timeout.max = 1200ms (custom)
2019-06-13 20:36:55,847 INFO  server.RaftServerConfigKeys (ConfUtils.java:logGet(43)) - raft.server.rpcslowness.timeout = 10s (custom)
2019-06-13 20:36:55,847 INFO  server.RaftServerConfigKeys (ConfUtils.java:logGet(43)) - raft.server.log.appender.install.snapshot.enabled = true (default)
2019-06-13 20:36:55,847 INFO  impl.RaftServerImpl (ServerState.java:<init>(101)) - de1adb5e-f3d6-40a8-85d8-fe45b88f8419:group-E088D017D9D9 ConfigurationManager, init=-1: [1a7e6c3a-8440-4a26-b284-0342b80bcaf0:192.168.105.134:34535, 10cb8df0-f5c3-49ed-927e-ac4b56002e3c:192.168.105.134:43771, de1adb5e-f3d6-40a8-85d8-fe45b88f8419:192.168.105.134:34943], old=null, confs=<EMPTY_MAP>
2019-06-13 20:36:55,847 INFO  server.RaftServerConfigKeys (ConfUtils.java:logGet(43)) - raft.server.storage.dir = [/opt/src/hadoop-ozone/integration-test/target/test-dir/MiniOzoneClusterImpl-c1e8d8ba-3ddd-4ce9-ac29-f84de9745ed6/datanode-4/data/ratis] (custom)
2019-06-13 20:36:55,847 INFO  storage.RaftStorageDirectory (RaftStorageDirectory.java:analyzeStorage(246)) - The storage directory /opt/src/hadoop-ozone/integration-test/target/test-dir/MiniOzoneClusterImpl-c1e8d8ba-3ddd-4ce9-ac29-f84de9745ed6/datanode-4/data/ratis/b686a621-c3c3-40ed-88d3-e088d017d9d9 does not exist. Creating ...
2019-06-13 20:36:55,847 INFO  storage.RaftStorageDirectory (RaftStorageDirectory.java:tryLock(328)) - Lock on /opt/src/hadoop-ozone/integration-test/target/test-dir/MiniOzoneClusterImpl-c1e8d8ba-3ddd-4ce9-ac29-f84de9745ed6/datanode-2/data/ratis/b686a621-c3c3-40ed-88d3-e088d017d9d9/in_use.lock acquired by nodename 10089@ozone-xt75l-2456167409
2019-06-13 20:36:55,849 INFO  storage.RaftStorageDirectory (RaftStorageDirectory.java:tryLock(328)) - Lock on /opt/src/hadoop-ozone/integration-test/target/test-dir/MiniOzoneClusterImpl-c1e8d8ba-3ddd-4ce9-ac29-f84de9745ed6/datanode-4/data/ratis/b686a621-c3c3-40ed-88d3-e088d017d9d9/in_use.lock acquired by nodename 10089@ozone-xt75l-2456167409
2019-06-13 20:36:55,850 INFO  storage.RaftStorage (RaftStorage.java:format(75)) - Storage directory /opt/src/hadoop-ozone/integration-test/target/test-dir/MiniOzoneClusterImpl-c1e8d8ba-3ddd-4ce9-ac29-f84de9745ed6/datanode-5/data/ratis/b686a621-c3c3-40ed-88d3-e088d017d9d9 has been successfully formatted.
2019-06-13 20:36:55,850 INFO  ratis.ContainerStateMachine (ContainerStateMachine.java:loadSnapshot(199)) - The snapshot info is null.Setting the last applied index to:(t:0, i:~)
2019-06-13 20:36:55,850 INFO  server.RaftServerConfigKeys (ConfUtils.java:logGet(43)) - raft.server.leader.election.timeout = 10s (custom)
2019-06-13 20:36:55,850 INFO  server.RaftServerConfigKeys (ConfUtils.java:logGet(43)) - raft.server.log.use.memory = false (default)
2019-06-13 20:36:55,850 INFO  storage.RaftStorage (RaftStorage.java:format(75)) - Storage directory /opt/src/hadoop-ozone/integration-test/target/test-dir/MiniOzoneClusterImpl-c1e8d8ba-3ddd-4ce9-ac29-f84de9745ed6/datanode-2/data/ratis/b686a621-c3c3-40ed-88d3-e088d017d9d9 has been successfully formatted.
2019-06-13 20:36:55,850 INFO  server.RaftServerConfigKeys (ConfUtils.java:logGet(43)) - raft.server.log.appender.buffer.byte-limit = 33554432 (custom)
2019-06-13 20:36:55,850 INFO  server.RaftServerConfigKeys (ConfUtils.java:logGet(43)) - raft.server.log.segment.size.max = 16384 (custom)
2019-06-13 20:36:55,851 INFO  server.RaftServerConfigKeys (ConfUtils.java:logGet(43)) - raft.server.log.segment.cache.num.max = 2 (custom)
2019-06-13 20:36:55,851 INFO  storage.RaftLogWorker (RaftLogWorker.java:<init>(123)) - new 10cb8df0-f5c3-49ed-927e-ac4b56002e3c-RaftLogWorker for Storage Directory /opt/src/hadoop-ozone/integration-test/target/test-dir/MiniOzoneClusterImpl-c1e8d8ba-3ddd-4ce9-ac29-f84de9745ed6/datanode-5/data/ratis/b686a621-c3c3-40ed-88d3-e088d017d9d9
2019-06-13 20:36:55,851 INFO  server.RaftServerConfigKeys (ConfUtils.java:logGet(43)) - raft.server.log.queue.byte-limit = 2147483647 (custom)
2019-06-13 20:36:55,851 INFO  server.RaftServerConfigKeys (ConfUtils.java:logGet(43)) - raft.server.log.queue.element-limit = 1024 (custom)
2019-06-13 20:36:55,851 INFO  ratis.ContainerStateMachine (ContainerStateMachine.java:loadSnapshot(199)) - The snapshot info is null.Setting the last applied index to:(t:0, i:~)
2019-06-13 20:36:55,851 INFO  server.RaftServerConfigKeys (ConfUtils.java:logGet(43)) - raft.server.log.segment.size.max = 16384 (custom)
2019-06-13 20:36:55,851 INFO  server.RaftServerConfigKeys (ConfUtils.java:logGet(43)) - raft.server.leader.election.timeout = 10s (custom)
2019-06-13 20:36:55,851 INFO  server.RaftServerConfigKeys (ConfUtils.java:logGet(43)) - raft.server.log.preallocated.size = 16384 (custom)
2019-06-13 20:36:55,851 INFO  server.RaftServerConfigKeys (ConfUtils.java:logGet(43)) - raft.server.log.use.memory = false (default)
2019-06-13 20:36:55,852 INFO  storage.RaftStorage (RaftStorage.java:format(75)) - Storage directory /opt/src/hadoop-ozone/integration-test/target/test-dir/MiniOzoneClusterImpl-c1e8d8ba-3ddd-4ce9-ac29-f84de9745ed6/datanode-4/data/ratis/b686a621-c3c3-40ed-88d3-e088d017d9d9 has been successfully formatted.
2019-06-13 20:36:55,852 INFO  ratis.ContainerStateMachine (ContainerStateMachine.java:loadSnapshot(199)) - The snapshot info is null.Setting the last applied index to:(t:0, i:~)
2019-06-13 20:36:55,852 INFO  server.RaftServerConfigKeys (ConfUtils.java:logGet(43)) - raft.server.leader.election.timeout = 10s (custom)
2019-06-13 20:36:55,852 INFO  server.RaftServerConfigKeys (ConfUtils.java:logGet(43)) - raft.server.log.use.memory = false (default)
2019-06-13 20:36:55,852 INFO  server.RaftServerConfigKeys (ConfUtils.java:logGet(43)) - raft.server.log.appender.buffer.byte-limit = 33554432 (custom)
2019-06-13 20:36:55,852 INFO  server.RaftServerConfigKeys (ConfUtils.java:logGet(43)) - raft.server.log.segment.size.max = 16384 (custom)
2019-06-13 20:36:55,852 INFO  server.RaftServerConfigKeys (ConfUtils.java:logGet(43)) - raft.server.log.segment.cache.num.max = 2 (custom)
2019-06-13 20:36:55,852 INFO  storage.RaftLogWorker (RaftLogWorker.java:<init>(123)) - new de1adb5e-f3d6-40a8-85d8-fe45b88f8419-RaftLogWorker for Storage Directory /opt/src/hadoop-ozone/integration-test/target/test-dir/MiniOzoneClusterImpl-c1e8d8ba-3ddd-4ce9-ac29-f84de9745ed6/datanode-4/data/ratis/b686a621-c3c3-40ed-88d3-e088d017d9d9
2019-06-13 20:36:55,852 INFO  server.RaftServerConfigKeys (ConfUtils.java:logGet(43)) - raft.server.log.queue.byte-limit = 2147483647 (custom)
2019-06-13 20:36:55,852 INFO  server.RaftServerConfigKeys (ConfUtils.java:logGet(43)) - raft.server.log.queue.element-limit = 1024 (custom)
2019-06-13 20:36:55,852 INFO  server.RaftServerConfigKeys (ConfUtils.java:logGet(43)) - raft.server.log.segment.size.max = 16384 (custom)
2019-06-13 20:36:55,852 INFO  server.RaftServerConfigKeys (ConfUtils.java:logGet(43)) - raft.server.log.preallocated.size = 16384 (custom)
2019-06-13 20:36:55,852 INFO  server.RaftServerConfigKeys (ConfUtils.java:logGet(43)) - raft.server.log.write.buffer.size = 33554432 (custom)
2019-06-13 20:36:55,853 INFO  server.RaftServerConfigKeys (ConfUtils.java:logGet(43)) - raft.server.log.force.sync.num = 128 (default)
2019-06-13 20:36:55,853 INFO  server.RaftServerConfigKeys (ConfUtils.java:logGet(43)) - raft.server.log.statemachine.data.sync = true (default)
2019-06-13 20:36:55,853 INFO  server.RaftServerConfigKeys (ConfUtils.java:logGet(43)) - raft.server.log.statemachine.data.sync.timeout = 10s (default)
2019-06-13 20:36:55,853 INFO  server.RaftServerConfigKeys (ConfUtils.java:logGet(43)) - raft.server.log.statemachine.data.sync.timeout.retry = -1 (default)
2019-06-13 20:36:55,853 INFO  server.RaftServerConfigKeys (ConfUtils.java:logGet(43)) - raft.server.log.statemachine.data.caching.enabled = true (custom)
2019-06-13 20:36:55,851 INFO  server.RaftServerConfigKeys (ConfUtils.java:logGet(43)) - raft.server.log.write.buffer.size = 33554432 (custom)
2019-06-13 20:36:55,853 INFO  server.RaftServerConfigKeys (ConfUtils.java:logGet(43)) - raft.server.log.force.sync.num = 128 (default)
2019-06-13 20:36:55,853 INFO  server.RaftServerConfigKeys (ConfUtils.java:logGet(43)) - raft.server.log.statemachine.data.sync = true (default)
2019-06-13 20:36:55,853 INFO  server.RaftServerConfigKeys (ConfUtils.java:logGet(43)) - raft.server.snapshot.auto.trigger.enabled = true (custom)
2019-06-13 20:36:55,852 INFO  server.RaftServerConfigKeys (ConfUtils.java:logGet(43)) - raft.server.log.appender.buffer.byte-limit = 33554432 (custom)
2019-06-13 20:36:55,853 INFO  server.RaftServerConfigKeys (ConfUtils.java:logGet(43)) - raft.server.log.statemachine.data.sync.timeout = 10s (default)
2019-06-13 20:36:55,854 INFO  server.RaftServerConfigKeys (ConfUtils.java:logGet(43)) - raft.server.snapshot.auto.trigger.threshold = 10000 (custom)
2019-06-13 20:36:55,854 INFO  server.RaftServerConfigKeys (ConfUtils.java:logGet(43)) - raft.server.retrycache.expirytime = 600000ms (custom)
2019-06-13 20:36:55,854 INFO  impl.RaftServerImpl (RaftServerImpl.java:start(173)) - de1adb5e-f3d6-40a8-85d8-fe45b88f8419: start group-E088D017D9D9
2019-06-13 20:36:55,854 INFO  impl.RaftServerImpl (RaftServerImpl.java:setRole(164)) - de1adb5e-f3d6-40a8-85d8-fe45b88f8419:group-E088D017D9D9 changes role from null to FOLLOWER at term 0 for startAsFollower
2019-06-13 20:36:55,854 INFO  impl.RoleInfo (RoleInfo.java:updateAndGet(143)) - de1adb5e-f3d6-40a8-85d8-fe45b88f8419: start FollowerState
2019-06-13 20:36:55,854 INFO  server.RaftServerConfigKeys (ConfUtils.java:logGet(43)) - raft.server.log.segment.size.max = 16384 (custom)
2019-06-13 20:36:55,854 INFO  server.RaftServerConfigKeys (ConfUtils.java:logGet(43)) - raft.server.log.statemachine.data.sync.timeout.retry = -1 (default)
2019-06-13 20:36:55,854 INFO  server.RaftServerConfigKeys (ConfUtils.java:logGet(43)) - raft.server.log.segment.cache.num.max = 2 (custom)
2019-06-13 20:36:55,855 INFO  server.RaftServerConfigKeys (ConfUtils.java:logGet(43)) - raft.server.log.statemachine.data.caching.enabled = true (custom)
2019-06-13 20:36:55,855 INFO  util.JmxRegister (JmxRegister.java:tryRegister(44)) - Successfully registered JMX Bean with object name Ratis:service=RaftServer,group=group-E088D017D9D9,id=de1adb5e-f3d6-40a8-85d8-fe45b88f8419
2019-06-13 20:36:55,855 INFO  storage.RaftLogWorker (RaftLogWorker.java:<init>(123)) - new 1a7e6c3a-8440-4a26-b284-0342b80bcaf0-RaftLogWorker for Storage Directory /opt/src/hadoop-ozone/integration-test/target/test-dir/MiniOzoneClusterImpl-c1e8d8ba-3ddd-4ce9-ac29-f84de9745ed6/datanode-2/data/ratis/b686a621-c3c3-40ed-88d3-e088d017d9d9
2019-06-13 20:36:55,855 INFO  server.RaftServerConfigKeys (ConfUtils.java:logGet(43)) - raft.server.log.queue.byte-limit = 2147483647 (custom)
2019-06-13 20:36:55,855 INFO  server.RaftServerConfigKeys (ConfUtils.java:logGet(43)) - raft.server.log.queue.element-limit = 1024 (custom)
2019-06-13 20:36:55,855 INFO  server.RaftServerConfigKeys (ConfUtils.java:logGet(43)) - raft.server.log.segment.size.max = 16384 (custom)
2019-06-13 20:36:55,855 INFO  server.RaftServerConfigKeys (ConfUtils.java:logGet(43)) - raft.server.log.preallocated.size = 16384 (custom)
2019-06-13 20:36:55,855 INFO  server.RaftServerConfigKeys (ConfUtils.java:logGet(43)) - raft.server.log.write.buffer.size = 33554432 (custom)
2019-06-13 20:36:55,855 INFO  server.RaftServerConfigKeys (ConfUtils.java:logGet(43)) - raft.server.log.force.sync.num = 128 (default)
2019-06-13 20:36:55,855 INFO  server.RaftServerConfigKeys (ConfUtils.java:logGet(43)) - raft.server.log.statemachine.data.sync = true (default)
2019-06-13 20:36:55,856 INFO  server.RaftServerConfigKeys (ConfUtils.java:logGet(43)) - raft.server.log.statemachine.data.sync.timeout = 10s (default)
2019-06-13 20:36:55,856 INFO  server.RaftServerConfigKeys (ConfUtils.java:logGet(43)) - raft.server.log.statemachine.data.sync.timeout.retry = -1 (default)
2019-06-13 20:36:55,856 INFO  server.RaftServerConfigKeys (ConfUtils.java:logGet(43)) - raft.server.log.statemachine.data.caching.enabled = true (custom)
2019-06-13 20:36:55,856 INFO  server.RaftServerConfigKeys (ConfUtils.java:logGet(43)) - raft.server.snapshot.auto.trigger.enabled = true (custom)
2019-06-13 20:36:55,856 INFO  server.RaftServerConfigKeys (ConfUtils.java:logGet(43)) - raft.server.snapshot.auto.trigger.threshold = 10000 (custom)
2019-06-13 20:36:55,856 INFO  server.RaftServerConfigKeys (ConfUtils.java:logGet(43)) - raft.server.snapshot.auto.trigger.enabled = true (custom)
2019-06-13 20:36:55,856 INFO  server.RaftServerConfigKeys (ConfUtils.java:logGet(43)) - raft.server.retrycache.expirytime = 600000ms (custom)
2019-06-13 20:36:55,856 INFO  server.RaftServerConfigKeys (ConfUtils.java:logGet(43)) - raft.server.snapshot.auto.trigger.threshold = 10000 (custom)
2019-06-13 20:36:55,857 INFO  impl.RaftServerImpl (RaftServerImpl.java:start(173)) - 10cb8df0-f5c3-49ed-927e-ac4b56002e3c: start group-E088D017D9D9
2019-06-13 20:36:55,857 INFO  server.RaftServerConfigKeys (ConfUtils.java:logGet(43)) - raft.server.retrycache.expirytime = 600000ms (custom)
2019-06-13 20:36:55,857 INFO  impl.RaftServerImpl (RaftServerImpl.java:setRole(164)) - 10cb8df0-f5c3-49ed-927e-ac4b56002e3c:group-E088D017D9D9 changes role from null to FOLLOWER at term 0 for startAsFollower
2019-06-13 20:36:55,857 INFO  impl.RaftServerImpl (RaftServerImpl.java:start(173)) - 1a7e6c3a-8440-4a26-b284-0342b80bcaf0: start group-E088D017D9D9
2019-06-13 20:36:55,857 INFO  impl.RaftServerImpl (RaftServerImpl.java:setRole(164)) - 1a7e6c3a-8440-4a26-b284-0342b80bcaf0:group-E088D017D9D9 changes role from null to FOLLOWER at term 0 for startAsFollower
2019-06-13 20:36:55,857 INFO  impl.RoleInfo (RoleInfo.java:updateAndGet(143)) - 10cb8df0-f5c3-49ed-927e-ac4b56002e3c: start FollowerState
2019-06-13 20:36:55,857 INFO  impl.RoleInfo (RoleInfo.java:updateAndGet(143)) - 1a7e6c3a-8440-4a26-b284-0342b80bcaf0: start FollowerState
2019-06-13 20:36:55,860 INFO  util.JmxRegister (JmxRegister.java:tryRegister(44)) - Successfully registered JMX Bean with object name Ratis:service=RaftServer,group=group-E088D017D9D9,id=1a7e6c3a-8440-4a26-b284-0342b80bcaf0
2019-06-13 20:36:55,861 INFO  util.JmxRegister (JmxRegister.java:tryRegister(44)) - Successfully registered JMX Bean with object name Ratis:service=RaftServer,group=group-E088D017D9D9,id=10cb8df0-f5c3-49ed-927e-ac4b56002e3c
2019-06-13 20:36:55,882 INFO  pipeline.PipelineStateManager (PipelineStateManager.java:addPipeline(56)) - Created pipeline Pipeline[ Id: b686a621-c3c3-40ed-88d3-e088d017d9d9, Nodes: de1adb5e-f3d6-40a8-85d8-fe45b88f8419{ip: 192.168.105.134, host: ozone-xt75l-2456167409, networkLocation: /default-rack, certSerialId: null}10cb8df0-f5c3-49ed-927e-ac4b56002e3c{ip: 192.168.105.134, host: ozone-xt75l-2456167409, networkLocation: /default-rack, certSerialId: null}1a7e6c3a-8440-4a26-b284-0342b80bcaf0{ip: 192.168.105.134, host: ozone-xt75l-2456167409, networkLocation: /default-rack, certSerialId: null}, Type:RATIS, Factor:THREE, State:OPEN]
2019-06-13 20:36:56,327 INFO  impl.FollowerState (FollowerState.java:run(101)) - 2743e450-7ece-4faf-a212-8debb92083a4:group-D00E77EE2BE7 changes to CANDIDATE, lastRpcTime:1062, electionTimeout:1062ms
2019-06-13 20:36:56,328 INFO  impl.RoleInfo (RoleInfo.java:shutdownFollowerState(121)) - 2743e450-7ece-4faf-a212-8debb92083a4: shutdown FollowerState
2019-06-13 20:36:56,328 INFO  impl.RaftServerImpl (RaftServerImpl.java:setRole(164)) - 2743e450-7ece-4faf-a212-8debb92083a4:group-D00E77EE2BE7 changes role from FOLLOWER to CANDIDATE at term 0 for changeToCandidate
2019-06-13 20:36:56,329 INFO  impl.RoleInfo (RoleInfo.java:updateAndGet(143)) - 2743e450-7ece-4faf-a212-8debb92083a4: start LeaderElection
2019-06-13 20:36:56,336 INFO  impl.LeaderElection (LeaderElection.java:askForVotes(181)) - 2743e450-7ece-4faf-a212-8debb92083a4:group-D00E77EE2BE7:LeaderElection1: begin an election at term 1 for -1: [2743e450-7ece-4faf-a212-8debb92083a4:192.168.105.134:45197], old=null
2019-06-13 20:36:56,337 INFO  impl.RoleInfo (RoleInfo.java:shutdownLeaderElection(134)) - 2743e450-7ece-4faf-a212-8debb92083a4: shutdown LeaderElection
2019-06-13 20:36:56,338 INFO  impl.RaftServerImpl (RaftServerImpl.java:setRole(164)) - 2743e450-7ece-4faf-a212-8debb92083a4:group-D00E77EE2BE7 changes role from CANDIDATE to LEADER at term 1 for changeToLeader
2019-06-13 20:36:56,338 INFO  impl.RaftServerImpl (ServerState.java:setLeader(263)) - 2743e450-7ece-4faf-a212-8debb92083a4:group-D00E77EE2BE7 change Leader from null to 2743e450-7ece-4faf-a212-8debb92083a4 at term 1 for becomeLeader, leader elected after 1265ms
2019-06-13 20:36:56,342 INFO  server.RaftServerConfigKeys (ConfUtils.java:logGet(43)) - raft.server.staging.catchup.gap = 1000 (default)
2019-06-13 20:36:56,342 INFO  server.RaftServerConfigKeys (ConfUtils.java:logGet(43)) - raft.server.rpc.sleep.time = 25ms (default)
2019-06-13 20:36:56,345 INFO  server.RaftServerConfigKeys (ConfUtils.java:logGet(43)) - raft.server.watch.timeout = 10s (default)
2019-06-13 20:36:56,345 INFO  server.RaftServerConfigKeys (ConfUtils.java:logGet(43)) - raft.server.watch.timeout.denomination = 1s (default)
2019-06-13 20:36:56,350 INFO  impl.RoleInfo (RoleInfo.java:updateAndGet(143)) - 2743e450-7ece-4faf-a212-8debb92083a4: start LeaderState
2019-06-13 20:36:56,363 INFO  storage.RaftLogWorker (RaftLogWorker.java:startLogSegment(298)) - 2743e450-7ece-4faf-a212-8debb92083a4-RaftLogWorker: Starting segment from index:0
2019-06-13 20:36:56,370 INFO  impl.RaftServerImpl (ServerState.java:setRaftConf(361)) - 2743e450-7ece-4faf-a212-8debb92083a4:group-D00E77EE2BE7 set configuration 0: [2743e450-7ece-4faf-a212-8debb92083a4:192.168.105.134:45197], old=null at 0
2019-06-13 20:36:56,447 INFO  impl.FollowerState (FollowerState.java:run(101)) - 39d09655-4f51-457b-9f2f-e854b6e43a32:group-67473C51BA92 changes to CANDIDATE, lastRpcTime:1007, electionTimeout:1007ms
2019-06-13 20:36:56,448 INFO  impl.RoleInfo (RoleInfo.java:shutdownFollowerState(121)) - 39d09655-4f51-457b-9f2f-e854b6e43a32: shutdown FollowerState
2019-06-13 20:36:56,448 INFO  impl.RaftServerImpl (RaftServerImpl.java:setRole(164)) - 39d09655-4f51-457b-9f2f-e854b6e43a32:group-67473C51BA92 changes role from FOLLOWER to CANDIDATE at term 0 for changeToCandidate
2019-06-13 20:36:56,449 INFO  impl.RoleInfo (RoleInfo.java:updateAndGet(143)) - 39d09655-4f51-457b-9f2f-e854b6e43a32: start LeaderElection
2019-06-13 20:36:56,453 INFO  impl.LeaderElection (LeaderElection.java:askForVotes(181)) - 39d09655-4f51-457b-9f2f-e854b6e43a32:group-67473C51BA92:LeaderElection2: begin an election at term 1 for -1: [39d09655-4f51-457b-9f2f-e854b6e43a32:192.168.105.134:39993], old=null
2019-06-13 20:36:56,454 INFO  impl.RoleInfo (RoleInfo.java:shutdownLeaderElection(134)) - 39d09655-4f51-457b-9f2f-e854b6e43a32: shutdown LeaderElection
2019-06-13 20:36:56,454 INFO  impl.RaftServerImpl (RaftServerImpl.java:setRole(164)) - 39d09655-4f51-457b-9f2f-e854b6e43a32:group-67473C51BA92 changes role from CANDIDATE to LEADER at term 1 for changeToLeader
2019-06-13 20:36:56,454 INFO  impl.RaftServerImpl (ServerState.java:setLeader(263)) - 39d09655-4f51-457b-9f2f-e854b6e43a32:group-67473C51BA92 change Leader from null to 39d09655-4f51-457b-9f2f-e854b6e43a32 at term 1 for becomeLeader, leader elected after 1017ms
2019-06-13 20:36:56,455 INFO  server.RaftServerConfigKeys (ConfUtils.java:logGet(43)) - raft.server.staging.catchup.gap = 1000 (default)
2019-06-13 20:36:56,455 INFO  server.RaftServerConfigKeys (ConfUtils.java:logGet(43)) - raft.server.rpc.sleep.time = 25ms (default)
2019-06-13 20:36:56,456 INFO  server.RaftServerConfigKeys (ConfUtils.java:logGet(43)) - raft.server.watch.timeout = 10s (default)
2019-06-13 20:36:56,456 INFO  server.RaftServerConfigKeys (ConfUtils.java:logGet(43)) - raft.server.watch.timeout.denomination = 1s (default)
2019-06-13 20:36:56,456 INFO  impl.RoleInfo (RoleInfo.java:updateAndGet(143)) - 39d09655-4f51-457b-9f2f-e854b6e43a32: start LeaderState
2019-06-13 20:36:56,456 INFO  storage.RaftLogWorker (RaftLogWorker.java:startLogSegment(298)) - 39d09655-4f51-457b-9f2f-e854b6e43a32-RaftLogWorker: Starting segment from index:0
2019-06-13 20:36:56,457 INFO  impl.RaftServerImpl (ServerState.java:setRaftConf(361)) - 39d09655-4f51-457b-9f2f-e854b6e43a32:group-67473C51BA92 set configuration 0: [39d09655-4f51-457b-9f2f-e854b6e43a32:192.168.105.134:39993], old=null at 0
2019-06-13 20:36:56,497 INFO  impl.FollowerState (FollowerState.java:run(101)) - e0030e2f-8925-4cbb-a9e4-29cefb9d3414:group-EBE573CBEBF2 changes to CANDIDATE, lastRpcTime:1158, electionTimeout:1157ms
2019-06-13 20:36:56,497 INFO  impl.RoleInfo (RoleInfo.java:shutdownFollowerState(121)) - e0030e2f-8925-4cbb-a9e4-29cefb9d3414: shutdown FollowerState
2019-06-13 20:36:56,497 INFO  impl.RaftServerImpl (RaftServerImpl.java:setRole(164)) - e0030e2f-8925-4cbb-a9e4-29cefb9d3414:group-EBE573CBEBF2 changes role from FOLLOWER to CANDIDATE at term 0 for changeToCandidate
2019-06-13 20:36:56,497 INFO  impl.RoleInfo (RoleInfo.java:updateAndGet(143)) - e0030e2f-8925-4cbb-a9e4-29cefb9d3414: start LeaderElection
2019-06-13 20:36:56,513 INFO  impl.FollowerState (FollowerState.java:run(101)) - 1a7e6c3a-8440-4a26-b284-0342b80bcaf0:group-063A3E5B2954 changes to CANDIDATE, lastRpcTime:1109, electionTimeout:1109ms
2019-06-13 20:36:56,513 INFO  impl.LeaderElection (LeaderElection.java:askForVotes(181)) - e0030e2f-8925-4cbb-a9e4-29cefb9d3414:group-EBE573CBEBF2:LeaderElection3: begin an election at term 1 for -1: [e0030e2f-8925-4cbb-a9e4-29cefb9d3414:192.168.105.134:45607], old=null
2019-06-13 20:36:56,514 INFO  impl.RoleInfo (RoleInfo.java:shutdownLeaderElection(134)) - e0030e2f-8925-4cbb-a9e4-29cefb9d3414: shutdown LeaderElection
2019-06-13 20:36:56,513 INFO  impl.RoleInfo (RoleInfo.java:shutdownFollowerState(121)) - 1a7e6c3a-8440-4a26-b284-0342b80bcaf0: shutdown FollowerState
2019-06-13 20:36:56,514 INFO  impl.RaftServerImpl (RaftServerImpl.java:setRole(164)) - e0030e2f-8925-4cbb-a9e4-29cefb9d3414:group-EBE573CBEBF2 changes role from CANDIDATE to LEADER at term 1 for changeToLeader
2019-06-13 20:36:56,514 INFO  impl.RaftServerImpl (RaftServerImpl.java:setRole(164)) - 1a7e6c3a-8440-4a26-b284-0342b80bcaf0:group-063A3E5B2954 changes role from FOLLOWER to CANDIDATE at term 0 for changeToCandidate
2019-06-13 20:36:56,514 INFO  impl.RaftServerImpl (ServerState.java:setLeader(263)) - e0030e2f-8925-4cbb-a9e4-29cefb9d3414:group-EBE573CBEBF2 change Leader from null to e0030e2f-8925-4cbb-a9e4-29cefb9d3414 at term 1 for becomeLeader, leader elected after 1178ms
2019-06-13 20:36:56,514 INFO  impl.RoleInfo (RoleInfo.java:updateAndGet(143)) - 1a7e6c3a-8440-4a26-b284-0342b80bcaf0: start LeaderElection
2019-06-13 20:36:56,515 INFO  server.RaftServerConfigKeys (ConfUtils.java:logGet(43)) - raft.server.staging.catchup.gap = 1000 (default)
2019-06-13 20:36:56,516 INFO  storage.RaftLogWorker (RaftLogWorker.java:execute(469)) - 39d09655-4f51-457b-9f2f-e854b6e43a32-RaftLogWorker: created new log segment /opt/src/hadoop-ozone/integration-test/target/test-dir/MiniOzoneClusterImpl-c1e8d8ba-3ddd-4ce9-ac29-f84de9745ed6/datanode-3/data/ratis/a519b70b-e0e1-4ffa-8c3f-67473c51ba92/current/log_inprogress_0
2019-06-13 20:36:56,516 INFO  server.RaftServerConfigKeys (ConfUtils.java:logGet(43)) - raft.server.rpc.sleep.time = 25ms (default)
2019-06-13 20:36:56,516 INFO  server.RaftServerConfigKeys (ConfUtils.java:logGet(43)) - raft.server.watch.timeout = 10s (default)
2019-06-13 20:36:56,516 INFO  server.RaftServerConfigKeys (ConfUtils.java:logGet(43)) - raft.server.watch.timeout.denomination = 1s (default)
2019-06-13 20:36:56,517 INFO  impl.RoleInfo (RoleInfo.java:updateAndGet(143)) - e0030e2f-8925-4cbb-a9e4-29cefb9d3414: start LeaderState
2019-06-13 20:36:56,517 INFO  storage.RaftLogWorker (RaftLogWorker.java:startLogSegment(298)) - e0030e2f-8925-4cbb-a9e4-29cefb9d3414-RaftLogWorker: Starting segment from index:0
2019-06-13 20:36:56,517 INFO  impl.RaftServerImpl (ServerState.java:setRaftConf(361)) - e0030e2f-8925-4cbb-a9e4-29cefb9d3414:group-EBE573CBEBF2 set configuration 0: [e0030e2f-8925-4cbb-a9e4-29cefb9d3414:192.168.105.134:45607], old=null at 0
2019-06-13 20:36:56,518 INFO  storage.RaftLogWorker (RaftLogWorker.java:execute(469)) - 2743e450-7ece-4faf-a212-8debb92083a4-RaftLogWorker: created new log segment /opt/src/hadoop-ozone/integration-test/target/test-dir/MiniOzoneClusterImpl-c1e8d8ba-3ddd-4ce9-ac29-f84de9745ed6/datanode-0/data/ratis/73504822-271e-488b-8f9f-d00e77ee2be7/current/log_inprogress_0
2019-06-13 20:36:56,519 INFO  impl.LeaderElection (LeaderElection.java:askForVotes(181)) - 1a7e6c3a-8440-4a26-b284-0342b80bcaf0:group-063A3E5B2954:LeaderElection4: begin an election at term 1 for -1: [1a7e6c3a-8440-4a26-b284-0342b80bcaf0:192.168.105.134:34535], old=null
2019-06-13 20:36:56,519 INFO  impl.RoleInfo (RoleInfo.java:shutdownLeaderElection(134)) - 1a7e6c3a-8440-4a26-b284-0342b80bcaf0: shutdown LeaderElection
2019-06-13 20:36:56,519 INFO  impl.RaftServerImpl (RaftServerImpl.java:setRole(164)) - 1a7e6c3a-8440-4a26-b284-0342b80bcaf0:group-063A3E5B2954 changes role from CANDIDATE to LEADER at term 1 for changeToLeader
2019-06-13 20:36:56,519 INFO  impl.RaftServerImpl (ServerState.java:setLeader(263)) - 1a7e6c3a-8440-4a26-b284-0342b80bcaf0:group-063A3E5B2954 change Leader from null to 1a7e6c3a-8440-4a26-b284-0342b80bcaf0 at term 1 for becomeLeader, leader elected after 1118ms
2019-06-13 20:36:56,537 INFO  server.RaftServerConfigKeys (ConfUtils.java:logGet(43)) - raft.server.staging.catchup.gap = 1000 (default)
2019-06-13 20:36:56,537 INFO  server.RaftServerConfigKeys (ConfUtils.java:logGet(43)) - raft.server.rpc.sleep.time = 25ms (default)
2019-06-13 20:36:56,537 INFO  server.RaftServerConfigKeys (ConfUtils.java:logGet(43)) - raft.server.watch.timeout = 10s (default)
2019-06-13 20:36:56,537 INFO  server.RaftServerConfigKeys (ConfUtils.java:logGet(43)) - raft.server.watch.timeout.denomination = 1s (default)
2019-06-13 20:36:56,537 INFO  impl.RoleInfo (RoleInfo.java:updateAndGet(143)) - 1a7e6c3a-8440-4a26-b284-0342b80bcaf0: start LeaderState
2019-06-13 20:36:56,538 INFO  storage.RaftLogWorker (RaftLogWorker.java:startLogSegment(298)) - 1a7e6c3a-8440-4a26-b284-0342b80bcaf0-RaftLogWorker: Starting segment from index:0
2019-06-13 20:36:56,540 INFO  impl.RaftServerImpl (ServerState.java:setRaftConf(361)) - 1a7e6c3a-8440-4a26-b284-0342b80bcaf0:group-063A3E5B2954 set configuration 0: [1a7e6c3a-8440-4a26-b284-0342b80bcaf0:192.168.105.134:34535], old=null at 0
2019-06-13 20:36:56,563 INFO  storage.RaftLogWorker (RaftLogWorker.java:execute(469)) - e0030e2f-8925-4cbb-a9e4-29cefb9d3414-RaftLogWorker: created new log segment /opt/src/hadoop-ozone/integration-test/target/test-dir/MiniOzoneClusterImpl-c1e8d8ba-3ddd-4ce9-ac29-f84de9745ed6/datanode-1/data/ratis/8043497c-30f0-49e0-981c-ebe573cbebf2/current/log_inprogress_0
2019-06-13 20:36:56,586 INFO  storage.RaftLogWorker (RaftLogWorker.java:execute(469)) - 1a7e6c3a-8440-4a26-b284-0342b80bcaf0-RaftLogWorker: created new log segment /opt/src/hadoop-ozone/integration-test/target/test-dir/MiniOzoneClusterImpl-c1e8d8ba-3ddd-4ce9-ac29-f84de9745ed6/datanode-2/data/ratis/81253c86-c178-4935-bdeb-063a3e5b2954/current/log_inprogress_0
2019-06-13 20:36:56,622 INFO  impl.FollowerState (FollowerState.java:run(101)) - 39d09655-4f51-457b-9f2f-e854b6e43a32:group-E663E9429C2A changes to CANDIDATE, lastRpcTime:1127, electionTimeout:1126ms
2019-06-13 20:36:56,622 INFO  impl.RoleInfo (RoleInfo.java:shutdownFollowerState(121)) - 39d09655-4f51-457b-9f2f-e854b6e43a32: shutdown FollowerState
2019-06-13 20:36:56,622 INFO  impl.RaftServerImpl (RaftServerImpl.java:setRole(164)) - 39d09655-4f51-457b-9f2f-e854b6e43a32:group-E663E9429C2A changes role from FOLLOWER to CANDIDATE at term 0 for changeToCandidate
2019-06-13 20:36:56,622 INFO  impl.RoleInfo (RoleInfo.java:updateAndGet(143)) - 39d09655-4f51-457b-9f2f-e854b6e43a32: start LeaderElection
2019-06-13 20:36:56,628 INFO  impl.LeaderElection (LeaderElection.java:askForVotes(181)) - 39d09655-4f51-457b-9f2f-e854b6e43a32:group-E663E9429C2A:LeaderElection5: begin an election at term 1 for -1: [39d09655-4f51-457b-9f2f-e854b6e43a32:192.168.105.134:39993, 2743e450-7ece-4faf-a212-8debb92083a4:192.168.105.134:45197, e0030e2f-8925-4cbb-a9e4-29cefb9d3414:192.168.105.134:45607], old=null
2019-06-13 20:36:56,651 INFO  impl.RaftServerImpl (RaftServerImpl.java:setRole(164)) - 2743e450-7ece-4faf-a212-8debb92083a4:group-E663E9429C2A changes role from FOLLOWER to FOLLOWER at term 1 for recognizeCandidate:39d09655-4f51-457b-9f2f-e854b6e43a32
2019-06-13 20:36:56,651 INFO  impl.RaftServerImpl (RaftServerImpl.java:setRole(164)) - e0030e2f-8925-4cbb-a9e4-29cefb9d3414:group-E663E9429C2A changes role from FOLLOWER to FOLLOWER at term 1 for recognizeCandidate:39d09655-4f51-457b-9f2f-e854b6e43a32
2019-06-13 20:36:56,652 INFO  impl.RoleInfo (RoleInfo.java:shutdownFollowerState(121)) - 2743e450-7ece-4faf-a212-8debb92083a4: shutdown FollowerState
2019-06-13 20:36:56,652 INFO  impl.RoleInfo (RoleInfo.java:shutdownFollowerState(121)) - e0030e2f-8925-4cbb-a9e4-29cefb9d3414: shutdown FollowerState
2019-06-13 20:36:56,652 INFO  impl.RoleInfo (RoleInfo.java:updateAndGet(143)) - 2743e450-7ece-4faf-a212-8debb92083a4: start FollowerState
2019-06-13 20:36:56,652 INFO  impl.RoleInfo (RoleInfo.java:updateAndGet(143)) - e0030e2f-8925-4cbb-a9e4-29cefb9d3414: start FollowerState
2019-06-13 20:36:56,652 INFO  impl.FollowerState (FollowerState.java:run(109)) - e0030e2f-8925-4cbb-a9e4-29cefb9d3414: FollowerState was interrupted: java.lang.InterruptedException: sleep interrupted
2019-06-13 20:36:56,652 INFO  impl.FollowerState (FollowerState.java:run(109)) - 2743e450-7ece-4faf-a212-8debb92083a4: FollowerState was interrupted: java.lang.InterruptedException: sleep interrupted
2019-06-13 20:36:56,669 INFO  impl.LeaderElection (LeaderElection.java:logAndReturn(56)) - 39d09655-4f51-457b-9f2f-e854b6e43a32:group-E663E9429C2A:LeaderElection5: Election PASSED; received 1 response(s) [39d09655-4f51-457b-9f2f-e854b6e43a32->2743e450-7ece-4faf-a212-8debb92083a4,true-t1] and 0 exception(s); 39d09655-4f51-457b-9f2f-e854b6e43a32:t1, leader=null, voted=39d09655-4f51-457b-9f2f-e854b6e43a32, raftlog=39d09655-4f51-457b-9f2f-e854b6e43a32-SegmentedRaftLog:OPENED:c-1,f-1,i0, conf=-1: [39d09655-4f51-457b-9f2f-e854b6e43a32:192.168.105.134:39993, 2743e450-7ece-4faf-a212-8debb92083a4:192.168.105.134:45197, e0030e2f-8925-4cbb-a9e4-29cefb9d3414:192.168.105.134:45607], old=null
2019-06-13 20:36:56,669 INFO  impl.RoleInfo (RoleInfo.java:shutdownLeaderElection(134)) - 39d09655-4f51-457b-9f2f-e854b6e43a32: shutdown LeaderElection
2019-06-13 20:36:56,671 INFO  impl.RaftServerImpl (RaftServerImpl.java:setRole(164)) - 39d09655-4f51-457b-9f2f-e854b6e43a32:group-E663E9429C2A changes role from CANDIDATE to LEADER at term 1 for changeToLeader
2019-06-13 20:36:56,671 INFO  impl.RaftServerImpl (ServerState.java:setLeader(263)) - 39d09655-4f51-457b-9f2f-e854b6e43a32:group-E663E9429C2A change Leader from null to 39d09655-4f51-457b-9f2f-e854b6e43a32 at term 1 for becomeLeader, leader elected after 1183ms
2019-06-13 20:36:56,671 INFO  server.RaftServerConfigKeys (ConfUtils.java:logGet(43)) - raft.server.staging.catchup.gap = 1000 (default)
2019-06-13 20:36:56,671 INFO  server.RaftServerConfigKeys (ConfUtils.java:logGet(43)) - raft.server.rpc.sleep.time = 25ms (default)
2019-06-13 20:36:56,671 INFO  server.RaftServerConfigKeys (ConfUtils.java:logGet(43)) - raft.server.watch.timeout = 10s (default)
2019-06-13 20:36:56,671 INFO  server.RaftServerConfigKeys (ConfUtils.java:logGet(43)) - raft.server.watch.timeout.denomination = 1s (default)
2019-06-13 20:36:56,674 INFO  server.RaftServerConfigKeys (ConfUtils.java:logGet(43)) - raft.server.log.appender.snapshot.chunk.size.max = 16MB (=16777216) (default)
2019-06-13 20:36:56,674 INFO  server.RaftServerConfigKeys (ConfUtils.java:logGet(43)) - raft.server.log.appender.buffer.byte-limit = 33554432 (custom)
2019-06-13 20:36:56,674 INFO  server.RaftServerConfigKeys (ConfUtils.java:logGet(43)) - raft.server.log.appender.buffer.element-limit = 1 (custom)
2019-06-13 20:36:56,675 INFO  grpc.GrpcConfigKeys$Server (ConfUtils.java:logGet(43)) - raft.grpc.server.leader.outstanding.appends.max = 128 (default)
2019-06-13 20:36:56,675 INFO  server.RaftServerConfigKeys (ConfUtils.java:logGet(43)) - raft.server.rpc.request.timeout = 3000ms (default)
2019-06-13 20:36:56,676 INFO  server.RaftServerConfigKeys (ConfUtils.java:logGet(43)) - raft.server.log.appender.install.snapshot.enabled = true (default)
2019-06-13 20:36:56,676 INFO  server.RaftServerConfigKeys (ConfUtils.java:logGet(43)) - raft.server.log.appender.snapshot.chunk.size.max = 16MB (=16777216) (default)
2019-06-13 20:36:56,676 INFO  server.RaftServerConfigKeys (ConfUtils.java:logGet(43)) - raft.server.log.appender.buffer.byte-limit = 33554432 (custom)
2019-06-13 20:36:56,676 INFO  server.RaftServerConfigKeys (ConfUtils.java:logGet(43)) - raft.server.log.appender.buffer.element-limit = 1 (custom)
2019-06-13 20:36:56,676 INFO  grpc.GrpcConfigKeys$Server (ConfUtils.java:logGet(43)) - raft.grpc.server.leader.outstanding.appends.max = 128 (default)
2019-06-13 20:36:56,676 INFO  server.RaftServerConfigKeys (ConfUtils.java:logGet(43)) - raft.server.rpc.request.timeout = 3000ms (default)
2019-06-13 20:36:56,676 INFO  server.RaftServerConfigKeys (ConfUtils.java:logGet(43)) - raft.server.log.appender.install.snapshot.enabled = true (default)
2019-06-13 20:36:56,676 INFO  impl.RoleInfo (RoleInfo.java:updateAndGet(143)) - 39d09655-4f51-457b-9f2f-e854b6e43a32: start LeaderState
2019-06-13 20:36:56,676 INFO  storage.RaftLogWorker (RaftLogWorker.java:startLogSegment(298)) - 39d09655-4f51-457b-9f2f-e854b6e43a32-RaftLogWorker: Starting segment from index:0
2019-06-13 20:36:56,698 INFO  impl.RaftServerImpl (ServerState.java:setRaftConf(361)) - 39d09655-4f51-457b-9f2f-e854b6e43a32:group-E663E9429C2A set configuration 0: [39d09655-4f51-457b-9f2f-e854b6e43a32:192.168.105.134:39993, 2743e450-7ece-4faf-a212-8debb92083a4:192.168.105.134:45197, e0030e2f-8925-4cbb-a9e4-29cefb9d3414:192.168.105.134:45607], old=null at 0
2019-06-13 20:36:56,719 INFO  storage.RaftLogWorker (RaftLogWorker.java:execute(469)) - 39d09655-4f51-457b-9f2f-e854b6e43a32-RaftLogWorker: created new log segment /opt/src/hadoop-ozone/integration-test/target/test-dir/MiniOzoneClusterImpl-c1e8d8ba-3ddd-4ce9-ac29-f84de9745ed6/datanode-3/data/ratis/4c0fee2a-7da7-41ac-9a59-e663e9429c2a/current/log_inprogress_0
2019-06-13 20:36:56,736 INFO  impl.RaftServerImpl (ServerState.java:setLeader(263)) - 2743e450-7ece-4faf-a212-8debb92083a4:group-E663E9429C2A change Leader from null to 39d09655-4f51-457b-9f2f-e854b6e43a32 at term 1 for appendEntries, leader elected after 1247ms
2019-06-13 20:36:56,736 INFO  impl.RaftServerImpl (ServerState.java:setLeader(263)) - e0030e2f-8925-4cbb-a9e4-29cefb9d3414:group-E663E9429C2A change Leader from null to 39d09655-4f51-457b-9f2f-e854b6e43a32 at term 1 for appendEntries, leader elected after 1248ms
2019-06-13 20:36:56,755 INFO  impl.RaftServerImpl (ServerState.java:setRaftConf(361)) - 2743e450-7ece-4faf-a212-8debb92083a4:group-E663E9429C2A set configuration 0: [39d09655-4f51-457b-9f2f-e854b6e43a32:192.168.105.134:39993, 2743e450-7ece-4faf-a212-8debb92083a4:192.168.105.134:45197, e0030e2f-8925-4cbb-a9e4-29cefb9d3414:192.168.105.134:45607], old=null at 0
2019-06-13 20:36:56,755 INFO  impl.RaftServerImpl (ServerState.java:setRaftConf(361)) - e0030e2f-8925-4cbb-a9e4-29cefb9d3414:group-E663E9429C2A set configuration 0: [39d09655-4f51-457b-9f2f-e854b6e43a32:192.168.105.134:39993, 2743e450-7ece-4faf-a212-8debb92083a4:192.168.105.134:45197, e0030e2f-8925-4cbb-a9e4-29cefb9d3414:192.168.105.134:45607], old=null at 0
2019-06-13 20:36:56,755 INFO  storage.RaftLogWorker (RaftLogWorker.java:startLogSegment(298)) - 2743e450-7ece-4faf-a212-8debb92083a4-RaftLogWorker: Starting segment from index:0
2019-06-13 20:36:56,755 INFO  storage.RaftLogWorker (RaftLogWorker.java:startLogSegment(298)) - e0030e2f-8925-4cbb-a9e4-29cefb9d3414-RaftLogWorker: Starting segment from index:0
2019-06-13 20:36:56,790 INFO  impl.FollowerState (FollowerState.java:run(101)) - de1adb5e-f3d6-40a8-85d8-fe45b88f8419:group-C5C765F9397B changes to CANDIDATE, lastRpcTime:1165, electionTimeout:1165ms
2019-06-13 20:36:56,790 INFO  impl.RoleInfo (RoleInfo.java:shutdownFollowerState(121)) - de1adb5e-f3d6-40a8-85d8-fe45b88f8419: shutdown FollowerState
2019-06-13 20:36:56,790 INFO  impl.RaftServerImpl (RaftServerImpl.java:setRole(164)) - de1adb5e-f3d6-40a8-85d8-fe45b88f8419:group-C5C765F9397B changes role from FOLLOWER to CANDIDATE at term 0 for changeToCandidate
2019-06-13 20:36:56,790 INFO  impl.RoleInfo (RoleInfo.java:updateAndGet(143)) - de1adb5e-f3d6-40a8-85d8-fe45b88f8419: start LeaderElection
2019-06-13 20:36:56,798 INFO  storage.RaftLogWorker (RaftLogWorker.java:execute(469)) - e0030e2f-8925-4cbb-a9e4-29cefb9d3414-RaftLogWorker: created new log segment /opt/src/hadoop-ozone/integration-test/target/test-dir/MiniOzoneClusterImpl-c1e8d8ba-3ddd-4ce9-ac29-f84de9745ed6/datanode-1/data/ratis/4c0fee2a-7da7-41ac-9a59-e663e9429c2a/current/log_inprogress_0
2019-06-13 20:36:56,798 INFO  ozone.MiniOzoneClusterImpl (MiniOzoneClusterImpl.java:lambda$waitForClusterToBeReady$0(142)) - Cluster is ready. Got 6 of 6 DN Heartbeats.
2019-06-13 20:36:56,798 INFO  storage.RaftLogWorker (RaftLogWorker.java:execute(469)) - 2743e450-7ece-4faf-a212-8debb92083a4-RaftLogWorker: created new log segment /opt/src/hadoop-ozone/integration-test/target/test-dir/MiniOzoneClusterImpl-c1e8d8ba-3ddd-4ce9-ac29-f84de9745ed6/datanode-0/data/ratis/4c0fee2a-7da7-41ac-9a59-e663e9429c2a/current/log_inprogress_0
2019-06-13 20:36:56,800 INFO  impl.LeaderElection (LeaderElection.java:askForVotes(181)) - de1adb5e-f3d6-40a8-85d8-fe45b88f8419:group-C5C765F9397B:LeaderElection6: begin an election at term 1 for -1: [de1adb5e-f3d6-40a8-85d8-fe45b88f8419:192.168.105.134:34943], old=null
2019-06-13 20:36:56,800 INFO  impl.RoleInfo (RoleInfo.java:shutdownLeaderElection(134)) - de1adb5e-f3d6-40a8-85d8-fe45b88f8419: shutdown LeaderElection
2019-06-13 20:36:56,800 INFO  impl.RaftServerImpl (RaftServerImpl.java:setRole(164)) - de1adb5e-f3d6-40a8-85d8-fe45b88f8419:group-C5C765F9397B changes role from CANDIDATE to LEADER at term 1 for changeToLeader
2019-06-13 20:36:56,800 INFO  impl.RaftServerImpl (ServerState.java:setLeader(263)) - de1adb5e-f3d6-40a8-85d8-fe45b88f8419:group-C5C765F9397B change Leader from null to de1adb5e-f3d6-40a8-85d8-fe45b88f8419 at term 1 for becomeLeader, leader elected after 1178ms
2019-06-13 20:36:56,802 INFO  server.RaftServerConfigKeys (ConfUtils.java:logGet(43)) - raft.server.staging.catchup.gap = 1000 (default)
2019-06-13 20:36:56,802 INFO  server.RaftServerConfigKeys (ConfUtils.java:logGet(43)) - raft.server.rpc.sleep.time = 25ms (default)
2019-06-13 20:36:56,802 INFO  server.RaftServerConfigKeys (ConfUtils.java:logGet(43)) - raft.server.watch.timeout = 10s (default)
2019-06-13 20:36:56,802 INFO  server.RaftServerConfigKeys (ConfUtils.java:logGet(43)) - raft.server.watch.timeout.denomination = 1s (default)
2019-06-13 20:36:56,803 INFO  impl.RoleInfo (RoleInfo.java:updateAndGet(143)) - de1adb5e-f3d6-40a8-85d8-fe45b88f8419: start LeaderState
2019-06-13 20:36:56,803 INFO  storage.RaftLogWorker (RaftLogWorker.java:startLogSegment(298)) - de1adb5e-f3d6-40a8-85d8-fe45b88f8419-RaftLogWorker: Starting segment from index:0
]]></system-out>
    <system-err><![CDATA[ERROR StatusLogger No Log4j 2 configuration file found. Using default configuration (logging only errors to the console), or user programmatically provided configurations. Set system property 'log4j2.debug' to show Log4j 2 internal initialization logging. See https://logging.apache.org/log4j/2.x/manual/configuration.html for instructions on how to configure Log4j 2
Jun 13, 2019 8:36:49 PM com.sun.jersey.server.impl.application.WebApplicationImpl _initiate
INFO: Initiating Jersey application, version 'Jersey: 1.19 02/11/2015 03:25 AM'
Jun 13, 2019 8:36:50 PM com.sun.jersey.server.impl.application.WebApplicationImpl _initiate
INFO: Initiating Jersey application, version 'Jersey: 1.19 02/11/2015 03:25 AM'
Jun 13, 2019 8:36:51 PM com.sun.jersey.server.impl.application.WebApplicationImpl _initiate
INFO: Initiating Jersey application, version 'Jersey: 1.19 02/11/2015 03:25 AM'
Jun 13, 2019 8:36:51 PM com.sun.jersey.server.impl.application.WebApplicationImpl _initiate
INFO: Initiating Jersey application, version 'Jersey: 1.19 02/11/2015 03:25 AM'
Jun 13, 2019 8:36:51 PM com.sun.jersey.server.impl.application.WebApplicationImpl _initiate
INFO: Initiating Jersey application, version 'Jersey: 1.19 02/11/2015 03:25 AM'
Jun 13, 2019 8:36:51 PM com.sun.jersey.server.impl.application.WebApplicationImpl _initiate
INFO: Initiating Jersey application, version 'Jersey: 1.19 02/11/2015 03:25 AM'
]]></system-err>
  </testcase>
</testsuite>