<?xml version="1.0" encoding="UTF-8"?>
<testsuite xmlns:xsi="http://www.w3.org/2001/XMLSchema-instance" xsi:noNamespaceSchemaLocation="https://maven.apache.org/surefire/maven-surefire-plugin/xsd/surefire-test-report.xsd" name="org.apache.hadoop.ozone.container.common.statemachine.commandhandler.TestBlockDeletion" time="58.76" tests="1" errors="0" skipped="0" failures="1">
  <properties>
    <property name="awt.toolkit" value="sun.awt.X11.XToolkit"/>
    <property name="file.encoding.pkg" value="sun.io"/>
    <property name="java.specification.version" value="1.8"/>
    <property name="sun.cpu.isalist" value=""/>
    <property name="sun.jnu.encoding" value="UTF-8"/>
    <property name="java.class.path" value="/opt/src/hadoop-ozone/integration-test/target/test-classes:/opt/src/hadoop-ozone/integration-test/target/classes:/root/.m2/repository/org/apache/hadoop/hadoop-ozone-common/0.5.0-SNAPSHOT/hadoop-ozone-common-0.5.0-SNAPSHOT.jar:/root/.m2/repository/org/apache/commons/commons-compress/1.4.1/commons-compress-1.4.1.jar:/root/.m2/repository/org/tukaani/xz/1.0/xz-1.0.jar:/root/.m2/repository/org/apache/hadoop/hadoop-common/3.2.0/hadoop-common-3.2.0.jar:/root/.m2/repository/org/apache/hadoop/hadoop-hdfs/3.2.0/hadoop-hdfs-3.2.0.jar:/root/.m2/repository/org/apache/hadoop/hadoop-hdfs-client/3.2.0/hadoop-hdfs-client-3.2.0.jar:/root/.m2/repository/com/fasterxml/jackson/core/jackson-annotations/2.9.5/jackson-annotations-2.9.5.jar:/root/.m2/repository/org/apache/hadoop/hadoop-hdds-common/0.5.0-SNAPSHOT/hadoop-hdds-common-0.5.0-SNAPSHOT.jar:/root/.m2/repository/javax/annotation/javax.annotation-api/1.2/javax.annotation-api-1.2.jar:/root/.m2/repository/org/apache/ratis/ratis-server/0.4.0-fe2b15d-SNAPSHOT/ratis-server-0.4.0-fe2b15d-SNAPSHOT.jar:/root/.m2/repository/org/apache/ratis/ratis-thirdparty-misc/0.2.0/ratis-thirdparty-misc-0.2.0.jar:/root/.m2/repository/org/apache/ratis/ratis-proto/0.4.0-fe2b15d-SNAPSHOT/ratis-proto-0.4.0-fe2b15d-SNAPSHOT.jar:/root/.m2/repository/org/apache/ratis/ratis-common/0.4.0-fe2b15d-SNAPSHOT/ratis-common-0.4.0-fe2b15d-SNAPSHOT.jar:/root/.m2/repository/org/apache/ratis/ratis-client/0.4.0-fe2b15d-SNAPSHOT/ratis-client-0.4.0-fe2b15d-SNAPSHOT.jar:/root/.m2/repository/org/apache/ratis/ratis-netty/0.4.0-fe2b15d-SNAPSHOT/ratis-netty-0.4.0-fe2b15d-SNAPSHOT.jar:/root/.m2/repository/org/apache/ratis/ratis-grpc/0.4.0-fe2b15d-SNAPSHOT/ratis-grpc-0.4.0-fe2b15d-SNAPSHOT.jar:/root/.m2/repository/org/rocksdb/rocksdbjni/5.14.2/rocksdbjni-5.14.2.jar:/root/.m2/repository/org/apache/logging/log4j/log4j-api/2.11.0/log4j-api-2.11.0.jar:/root/.m2/repository/org/apache/logging/log4j/log4j-core/2.11.0/log4j-core-2.11.0.jar:/root/.m2/repository/com/lmax/disruptor/3.4.2/disruptor-3.4.2.jar:/root/.m2/repository/org/apache/commons/commons-pool2/2.6.0/commons-pool2-2.6.0.jar:/root/.m2/repository/org/bouncycastle/bcpkix-jdk15on/1.60/bcpkix-jdk15on-1.60.jar:/root/.m2/repository/commons-validator/commons-validator/1.6/commons-validator-1.6.jar:/root/.m2/repository/commons-digester/commons-digester/1.8.1/commons-digester-1.8.1.jar:/root/.m2/repository/io/jaegertracing/jaeger-client/0.33.1/jaeger-client-0.33.1.jar:/root/.m2/repository/io/jaegertracing/jaeger-thrift/0.33.1/jaeger-thrift-0.33.1.jar:/root/.m2/repository/org/apache/thrift/libthrift/0.11.0/libthrift-0.11.0.jar:/root/.m2/repository/com/squareup/okhttp3/okhttp/3.9.0/okhttp-3.9.0.jar:/root/.m2/repository/com/squareup/okio/okio/1.13.0/okio-1.13.0.jar:/root/.m2/repository/io/jaegertracing/jaeger-core/0.33.1/jaeger-core-0.33.1.jar:/root/.m2/repository/io/jaegertracing/jaeger-tracerresolver/0.33.1/jaeger-tracerresolver-0.33.1.jar:/root/.m2/repository/io/opentracing/contrib/opentracing-tracerresolver/0.1.5/opentracing-tracerresolver-0.1.5.jar:/root/.m2/repository/io/opentracing/opentracing-util/0.31.0/opentracing-util-0.31.0.jar:/root/.m2/repository/io/opentracing/opentracing-api/0.31.0/opentracing-api-0.31.0.jar:/root/.m2/repository/io/opentracing/opentracing-noop/0.31.0/opentracing-noop-0.31.0.jar:/root/.m2/repository/org/apache/hadoop/hadoop-hdds-server-framework/0.5.0-SNAPSHOT/hadoop-hdds-server-framework-0.5.0-SNAPSHOT.jar:/root/.m2/repository/org/apache/hadoop/hadoop-hdds-server-scm/0.5.0-SNAPSHOT/hadoop-hdds-server-scm-0.5.0-SNAPSHOT.jar:/root/.m2/repository/org/apache/hadoop/hadoop-hdds-container-service/0.5.0-SNAPSHOT/hadoop-hdds-container-service-0.5.0-SNAPSHOT.jar:/root/.m2/repository/org/apache/hadoop/hadoop-hdds-client/0.5.0-SNAPSHOT/hadoop-hdds-client-0.5.0-SNAPSHOT.jar:/root/.m2/repository/org/apache/hadoop/hadoop-hdds-tools/0.5.0-SNAPSHOT/hadoop-hdds-tools-0.5.0-SNAPSHOT.jar:/root/.m2/repository/org/apache/hadoop/hadoop-ozone-ozone-manager/0.5.0-SNAPSHOT/hadoop-ozone-ozone-manager-0.5.0-SNAPSHOT.jar:/root/.m2/repository/org/apache/hadoop/hadoop-hdds-docs/0.5.0-SNAPSHOT/hadoop-hdds-docs-0.5.0-SNAPSHOT.jar:/root/.m2/repository/org/bouncycastle/bcprov-jdk15on/1.60/bcprov-jdk15on-1.60.jar:/root/.m2/repository/org/apache/hadoop/hadoop-minikdc/3.2.0/hadoop-minikdc-3.2.0.jar:/root/.m2/repository/commons-io/commons-io/2.5/commons-io-2.5.jar:/root/.m2/repository/org/apache/kerby/kerb-simplekdc/1.0.1/kerb-simplekdc-1.0.1.jar:/root/.m2/repository/org/apache/kerby/kerb-client/1.0.1/kerb-client-1.0.1.jar:/root/.m2/repository/org/apache/kerby/kerby-config/1.0.1/kerby-config-1.0.1.jar:/root/.m2/repository/org/apache/kerby/kerb-core/1.0.1/kerb-core-1.0.1.jar:/root/.m2/repository/org/apache/kerby/kerby-pkix/1.0.1/kerby-pkix-1.0.1.jar:/root/.m2/repository/org/apache/kerby/kerby-asn1/1.0.1/kerby-asn1-1.0.1.jar:/root/.m2/repository/org/apache/kerby/kerby-util/1.0.1/kerby-util-1.0.1.jar:/root/.m2/repository/org/apache/kerby/kerb-common/1.0.1/kerb-common-1.0.1.jar:/root/.m2/repository/org/apache/kerby/kerb-crypto/1.0.1/kerb-crypto-1.0.1.jar:/root/.m2/repository/org/apache/kerby/kerb-util/1.0.1/kerb-util-1.0.1.jar:/root/.m2/repository/org/apache/kerby/token-provider/1.0.1/token-provider-1.0.1.jar:/root/.m2/repository/org/apache/kerby/kerb-admin/1.0.1/kerb-admin-1.0.1.jar:/root/.m2/repository/org/apache/kerby/kerb-server/1.0.1/kerb-server-1.0.1.jar:/root/.m2/repository/org/apache/kerby/kerb-identity/1.0.1/kerb-identity-1.0.1.jar:/root/.m2/repository/org/apache/kerby/kerby-xdr/1.0.1/kerby-xdr-1.0.1.jar:/root/.m2/repository/org/slf4j/slf4j-log4j12/1.7.25/slf4j-log4j12-1.7.25.jar:/root/.m2/repository/org/apache/hadoop/hadoop-ozone-objectstore-service/0.5.0-SNAPSHOT/hadoop-ozone-objectstore-service-0.5.0-SNAPSHOT.jar:/root/.m2/repository/org/apache/hadoop/hadoop-ozone-s3gateway/0.5.0-SNAPSHOT/hadoop-ozone-s3gateway-0.5.0-SNAPSHOT.jar:/root/.m2/repository/org/jboss/weld/servlet/weld-servlet/2.4.7.Final/weld-servlet-2.4.7.Final.jar:/root/.m2/repository/org/glassfish/jersey/containers/jersey-container-servlet-core/2.27/jersey-container-servlet-core-2.27.jar:/root/.m2/repository/org/glassfish/hk2/external/javax.inject/2.5.0-b42/javax.inject-2.5.0-b42.jar:/root/.m2/repository/org/glassfish/jersey/core/jersey-common/2.27/jersey-common-2.27.jar:/root/.m2/repository/org/glassfish/hk2/osgi-resource-locator/1.0.1/osgi-resource-locator-1.0.1.jar:/root/.m2/repository/javax/ws/rs/javax.ws.rs-api/2.1/javax.ws.rs-api-2.1.jar:/root/.m2/repository/org/glassfish/jersey/ext/cdi/jersey-cdi1x/2.27/jersey-cdi1x-2.27.jar:/root/.m2/repository/org/glassfish/jersey/inject/jersey-hk2/2.27/jersey-hk2-2.27.jar:/root/.m2/repository/org/glassfish/hk2/hk2-locator/2.5.0-b42/hk2-locator-2.5.0-b42.jar:/root/.m2/repository/org/javassist/javassist/3.22.0-CR2/javassist-3.22.0-CR2.jar:/root/.m2/repository/org/glassfish/hk2/hk2-api/2.5.0/hk2-api-2.5.0.jar:/root/.m2/repository/org/glassfish/hk2/external/jakarta.inject/2.5.0/jakarta.inject-2.5.0.jar:/root/.m2/repository/org/glassfish/hk2/hk2-utils/2.5.0/hk2-utils-2.5.0.jar:/root/.m2/repository/jakarta/annotation/jakarta.annotation-api/1.3.4/jakarta.annotation-api-1.3.4.jar:/root/.m2/repository/org/glassfish/hk2/external/aopalliance-repackaged/2.5.0/aopalliance-repackaged-2.5.0.jar:/root/.m2/repository/com/fasterxml/jackson/dataformat/jackson-dataformat-xml/2.9.0/jackson-dataformat-xml-2.9.0.jar:/root/.m2/repository/com/fasterxml/jackson/core/jackson-core/2.9.5/jackson-core-2.9.5.jar:/root/.m2/repository/com/fasterxml/jackson/module/jackson-module-jaxb-annotations/2.9.5/jackson-module-jaxb-annotations-2.9.5.jar:/root/.m2/repository/javax/enterprise/cdi-api/1.2/cdi-api-1.2.jar:/root/.m2/repository/javax/el/javax.el-api/3.0.0/javax.el-api-3.0.0.jar:/root/.m2/repository/javax/interceptor/javax.interceptor-api/1.2/javax.interceptor-api-1.2.jar:/root/.m2/repository/javax/inject/javax.inject/1/javax.inject-1.jar:/root/.m2/repository/com/sun/xml/bind/jaxb-impl/2.3.0.1/jaxb-impl-2.3.0.1.jar:/root/.m2/repository/com/sun/xml/bind/jaxb-core/2.3.0.1/jaxb-core-2.3.0.1.jar:/root/.m2/repository/javax/xml/bind/jaxb-api/2.3.0/jaxb-api-2.3.0.jar:/root/.m2/repository/javax/activation/activation/1.1.1/activation-1.1.1.jar:/root/.m2/repository/org/apache/hadoop/hadoop-ozone-csi/0.5.0-SNAPSHOT/hadoop-ozone-csi-0.5.0-SNAPSHOT.jar:/root/.m2/repository/com/google/protobuf/protobuf-java-util/3.5.1/protobuf-java-util-3.5.1.jar:/root/.m2/repository/org/apache/hadoop/hadoop-hdds-config/0.5.0-SNAPSHOT/hadoop-hdds-config-0.5.0-SNAPSHOT.jar:/root/.m2/repository/com/google/guava/guava/11.0.2/guava-11.0.2.jar:/root/.m2/repository/com/google/protobuf/protobuf-java/2.5.0/protobuf-java-2.5.0.jar:/root/.m2/repository/io/grpc/grpc-netty/1.17.1/grpc-netty-1.17.1.jar:/root/.m2/repository/io/grpc/grpc-core/1.17.1/grpc-core-1.17.1.jar:/root/.m2/repository/io/grpc/grpc-context/1.17.1/grpc-context-1.17.1.jar:/root/.m2/repository/com/google/errorprone/error_prone_annotations/2.2.0/error_prone_annotations-2.2.0.jar:/root/.m2/repository/org/codehaus/mojo/animal-sniffer-annotations/1.17/animal-sniffer-annotations-1.17.jar:/root/.m2/repository/io/opencensus/opencensus-api/0.17.0/opencensus-api-0.17.0.jar:/root/.m2/repository/io/opencensus/opencensus-contrib-grpc-metrics/0.17.0/opencensus-contrib-grpc-metrics-0.17.0.jar:/root/.m2/repository/io/netty/netty-codec-http2/4.1.30.Final/netty-codec-http2-4.1.30.Final.jar:/root/.m2/repository/io/netty/netty-codec-http/4.1.30.Final/netty-codec-http-4.1.30.Final.jar:/root/.m2/repository/io/netty/netty-codec/4.1.30.Final/netty-codec-4.1.30.Final.jar:/root/.m2/repository/io/netty/netty-handler/4.1.30.Final/netty-handler-4.1.30.Final.jar:/root/.m2/repository/io/netty/netty-handler-proxy/4.1.30.Final/netty-handler-proxy-4.1.30.Final.jar:/root/.m2/repository/io/netty/netty-codec-socks/4.1.30.Final/netty-codec-socks-4.1.30.Final.jar:/root/.m2/repository/io/netty/netty-transport-native-epoll/4.1.30.Final/netty-transport-native-epoll-4.1.30.Final.jar:/root/.m2/repository/io/netty/netty-common/4.1.30.Final/netty-common-4.1.30.Final.jar:/root/.m2/repository/io/netty/netty-buffer/4.1.30.Final/netty-buffer-4.1.30.Final.jar:/root/.m2/repository/io/netty/netty-transport/4.1.30.Final/netty-transport-4.1.30.Final.jar:/root/.m2/repository/io/netty/netty-resolver/4.1.30.Final/netty-resolver-4.1.30.Final.jar:/root/.m2/repository/io/netty/netty-transport-native-unix-common/4.1.30.Final/netty-transport-native-unix-common-4.1.30.Final.jar:/root/.m2/repository/io/grpc/grpc-protobuf/1.17.1/grpc-protobuf-1.17.1.jar:/root/.m2/repository/com/google/api/grpc/proto-google-common-protos/1.0.0/proto-google-common-protos-1.0.0.jar:/root/.m2/repository/io/grpc/grpc-protobuf-lite/1.17.1/grpc-protobuf-lite-1.17.1.jar:/root/.m2/repository/io/grpc/grpc-stub/1.17.1/grpc-stub-1.17.1.jar:/root/.m2/repository/org/apache/hadoop/hadoop-ozone-recon/0.5.0-SNAPSHOT/hadoop-ozone-recon-0.5.0-SNAPSHOT.jar:/root/.m2/repository/org/apache/hadoop/hadoop-ozone-reconcodegen/0.5.0-SNAPSHOT/hadoop-ozone-reconcodegen-0.5.0-SNAPSHOT.jar:/root/.m2/repository/com/google/inject/extensions/guice-multibindings/4.0/guice-multibindings-4.0.jar:/root/.m2/repository/com/google/inject/guice/4.0/guice-4.0.jar:/root/.m2/repository/aopalliance/aopalliance/1.0/aopalliance-1.0.jar:/root/.m2/repository/com/google/inject/extensions/guice-servlet/4.0/guice-servlet-4.0.jar:/root/.m2/repository/org/glassfish/jersey/containers/jersey-container-servlet/2.27/jersey-container-servlet-2.27.jar:/root/.m2/repository/org/glassfish/hk2/guice-bridge/2.5.0/guice-bridge-2.5.0.jar:/root/.m2/repository/org/glassfish/jersey/core/jersey-server/2.27/jersey-server-2.27.jar:/root/.m2/repository/org/glassfish/jersey/core/jersey-client/2.27/jersey-client-2.27.jar:/root/.m2/repository/org/glassfish/jersey/media/jersey-media-jaxb/2.27/jersey-media-jaxb-2.27.jar:/root/.m2/repository/javax/validation/validation-api/1.1.0.Final/validation-api-1.1.0.Final.jar:/root/.m2/repository/org/glassfish/jersey/media/jersey-media-json-jackson/2.27/jersey-media-json-jackson-2.27.jar:/root/.m2/repository/org/glassfish/jersey/ext/jersey-entity-filtering/2.27/jersey-entity-filtering-2.27.jar:/root/.m2/repository/com/google/inject/extensions/guice-assistedinject/4.0/guice-assistedinject-4.0.jar:/root/.m2/repository/org/jooq/jooq/3.11.10/jooq-3.11.10.jar:/root/.m2/repository/org/jooq/jooq-meta/3.11.10/jooq-meta-3.11.10.jar:/root/.m2/repository/org/jooq/jooq-codegen/3.11.10/jooq-codegen-3.11.10.jar:/root/.m2/repository/com/jolbox/bonecp/0.8.0.RELEASE/bonecp-0.8.0.RELEASE.jar:/root/.m2/repository/org/xerial/sqlite-jdbc/3.25.2/sqlite-jdbc-3.25.2.jar:/root/.m2/repository/org/springframework/spring-jdbc/5.1.3.RELEASE/spring-jdbc-5.1.3.RELEASE.jar:/root/.m2/repository/org/springframework/spring-beans/5.1.3.RELEASE/spring-beans-5.1.3.RELEASE.jar:/root/.m2/repository/org/springframework/spring-core/5.1.3.RELEASE/spring-core-5.1.3.RELEASE.jar:/root/.m2/repository/org/springframework/spring-jcl/5.1.3.RELEASE/spring-jcl-5.1.3.RELEASE.jar:/root/.m2/repository/org/springframework/spring-tx/5.1.3.RELEASE/spring-tx-5.1.3.RELEASE.jar:/root/.m2/repository/org/apache/hadoop/hadoop-ozone-client/0.5.0-SNAPSHOT/hadoop-ozone-client-0.5.0-SNAPSHOT.jar:/root/.m2/repository/org/apache/hadoop/hadoop-ozone-ozone-manager/0.5.0-SNAPSHOT/hadoop-ozone-ozone-manager-0.5.0-SNAPSHOT-tests.jar:/root/.m2/repository/junit/junit/4.11/junit-4.11.jar:/root/.m2/repository/org/hamcrest/hamcrest-core/1.3/hamcrest-core-1.3.jar:/root/.m2/repository/org/openjdk/jmh/jmh-core/1.19/jmh-core-1.19.jar:/root/.m2/repository/net/sf/jopt-simple/jopt-simple/4.6/jopt-simple-4.6.jar:/root/.m2/repository/org/apache/commons/commons-math3/3.1.1/commons-math3-3.1.1.jar:/root/.m2/repository/org/openjdk/jmh/jmh-generator-annprocess/1.19/jmh-generator-annprocess-1.19.jar:/root/.m2/repository/org/mockito/mockito-all/1.8.5/mockito-all-1.8.5.jar:/root/.m2/repository/org/apache/hadoop/hadoop-kms/3.2.0/hadoop-kms-3.2.0.jar:/root/.m2/repository/org/apache/hadoop/hadoop-auth/3.2.0/hadoop-auth-3.2.0.jar:/root/.m2/repository/com/nimbusds/nimbus-jose-jwt/4.41.1/nimbus-jose-jwt-4.41.1.jar:/root/.m2/repository/com/github/stephenc/jcip/jcip-annotations/1.0-1/jcip-annotations-1.0-1.jar:/root/.m2/repository/net/minidev/json-smart/2.3/json-smart-2.3.jar:/root/.m2/repository/net/minidev/accessors-smart/1.2/accessors-smart-1.2.jar:/root/.m2/repository/org/ow2/asm/asm/5.0.4/asm-5.0.4.jar:/root/.m2/repository/org/apache/curator/curator-framework/2.12.0/curator-framework-2.12.0.jar:/root/.m2/repository/com/sun/jersey/jersey-core/1.19/jersey-core-1.19.jar:/root/.m2/repository/javax/ws/rs/jsr311-api/1.1.1/jsr311-api-1.1.1.jar:/root/.m2/repository/com/sun/jersey/jersey-server/1.19/jersey-server-1.19.jar:/root/.m2/repository/javax/servlet/javax.servlet-api/3.1.0/javax.servlet-api-3.1.0.jar:/root/.m2/repository/org/eclipse/jetty/jetty-server/9.3.24.v20180605/jetty-server-9.3.24.v20180605.jar:/root/.m2/repository/org/eclipse/jetty/jetty-http/9.3.24.v20180605/jetty-http-9.3.24.v20180605.jar:/root/.m2/repository/org/eclipse/jetty/jetty-io/9.3.24.v20180605/jetty-io-9.3.24.v20180605.jar:/root/.m2/repository/org/eclipse/jetty/jetty-webapp/9.3.24.v20180605/jetty-webapp-9.3.24.v20180605.jar:/root/.m2/repository/org/eclipse/jetty/jetty-xml/9.3.24.v20180605/jetty-xml-9.3.24.v20180605.jar:/root/.m2/repository/log4j/log4j/1.2.17/log4j-1.2.17.jar:/root/.m2/repository/org/slf4j/slf4j-api/1.7.25/slf4j-api-1.7.25.jar:/root/.m2/repository/org/slf4j/jul-to-slf4j/1.7.25/jul-to-slf4j-1.7.25.jar:/root/.m2/repository/org/eclipse/jetty/jetty-util/9.3.24.v20180605/jetty-util-9.3.24.v20180605.jar:/root/.m2/repository/io/dropwizard/metrics/metrics-core/3.2.4/metrics-core-3.2.4.jar:/root/.m2/repository/com/fasterxml/jackson/core/jackson-databind/2.9.5/jackson-databind-2.9.5.jar:/root/.m2/repository/org/apache/hadoop/hadoop-kms/3.2.0/hadoop-kms-3.2.0-tests.jar:/root/.m2/repository/org/apache/hadoop/hadoop-hdds-server-scm/0.5.0-SNAPSHOT/hadoop-hdds-server-scm-0.5.0-SNAPSHOT-tests.jar:/root/.m2/repository/org/hamcrest/hamcrest-all/1.3/hamcrest-all-1.3.jar:/root/.m2/repository/info/picocli/picocli/3.9.6/picocli-3.9.6.jar:/root/.m2/repository/org/apache/hadoop/hadoop-hdds-container-service/0.5.0-SNAPSHOT/hadoop-hdds-container-service-0.5.0-SNAPSHOT-tests.jar:/root/.m2/repository/org/yaml/snakeyaml/1.16/snakeyaml-1.16.jar:/root/.m2/repository/org/apache/hadoop/hadoop-common/3.2.0/hadoop-common-3.2.0-tests.jar:/root/.m2/repository/org/apache/hadoop/hadoop-annotations/3.2.0/hadoop-annotations-3.2.0.jar:/usr/lib/jvm/java-1.8-openjdk/jre/../lib/tools.jar:/root/.m2/repository/commons-cli/commons-cli/1.2/commons-cli-1.2.jar:/root/.m2/repository/org/apache/httpcomponents/httpclient/4.5.2/httpclient-4.5.2.jar:/root/.m2/repository/org/apache/httpcomponents/httpcore/4.4.4/httpcore-4.4.4.jar:/root/.m2/repository/commons-codec/commons-codec/1.11/commons-codec-1.11.jar:/root/.m2/repository/commons-net/commons-net/3.6/commons-net-3.6.jar:/root/.m2/repository/commons-collections/commons-collections/3.2.2/commons-collections-3.2.2.jar:/root/.m2/repository/org/eclipse/jetty/jetty-servlet/9.3.24.v20180605/jetty-servlet-9.3.24.v20180605.jar:/root/.m2/repository/org/eclipse/jetty/jetty-security/9.3.24.v20180605/jetty-security-9.3.24.v20180605.jar:/root/.m2/repository/javax/servlet/jsp/jsp-api/2.1/jsp-api-2.1.jar:/root/.m2/repository/com/sun/jersey/jersey-servlet/1.19/jersey-servlet-1.19.jar:/root/.m2/repository/com/sun/jersey/jersey-json/1.19/jersey-json-1.19.jar:/root/.m2/repository/org/codehaus/jettison/jettison/1.1/jettison-1.1.jar:/root/.m2/repository/org/codehaus/jackson/jackson-core-asl/1.9.13/jackson-core-asl-1.9.13.jar:/root/.m2/repository/org/codehaus/jackson/jackson-mapper-asl/1.9.13/jackson-mapper-asl-1.9.13.jar:/root/.m2/repository/org/codehaus/jackson/jackson-jaxrs/1.9.13/jackson-jaxrs-1.9.13.jar:/root/.m2/repository/org/codehaus/jackson/jackson-xc/1.9.13/jackson-xc-1.9.13.jar:/root/.m2/repository/commons-logging/commons-logging/1.1.3/commons-logging-1.1.3.jar:/root/.m2/repository/commons-beanutils/commons-beanutils/1.9.3/commons-beanutils-1.9.3.jar:/root/.m2/repository/org/apache/commons/commons-configuration2/2.1.1/commons-configuration2-2.1.1.jar:/root/.m2/repository/org/apache/commons/commons-lang3/3.7/commons-lang3-3.7.jar:/root/.m2/repository/org/apache/commons/commons-text/1.4/commons-text-1.4.jar:/root/.m2/repository/org/apache/avro/avro/1.7.7/avro-1.7.7.jar:/root/.m2/repository/com/thoughtworks/paranamer/paranamer/2.3/paranamer-2.3.jar:/root/.m2/repository/org/xerial/snappy/snappy-java/1.0.5/snappy-java-1.0.5.jar:/root/.m2/repository/com/google/re2j/re2j/1.1/re2j-1.1.jar:/root/.m2/repository/com/google/code/gson/gson/2.2.4/gson-2.2.4.jar:/root/.m2/repository/com/jcraft/jsch/0.1.54/jsch-0.1.54.jar:/root/.m2/repository/org/apache/curator/curator-client/2.12.0/curator-client-2.12.0.jar:/root/.m2/repository/org/apache/curator/curator-recipes/2.12.0/curator-recipes-2.12.0.jar:/root/.m2/repository/com/google/code/findbugs/jsr305/3.0.0/jsr305-3.0.0.jar:/root/.m2/repository/org/apache/htrace/htrace-core4/4.1.0-incubating/htrace-core4-4.1.0-incubating.jar:/root/.m2/repository/org/apache/zookeeper/zookeeper/3.4.13/zookeeper-3.4.13.jar:/root/.m2/repository/org/apache/yetus/audience-annotations/0.5.0/audience-annotations-0.5.0.jar:/root/.m2/repository/org/codehaus/woodstox/stax2-api/3.1.4/stax2-api-3.1.4.jar:/root/.m2/repository/com/fasterxml/woodstox/woodstox-core/5.0.3/woodstox-core-5.0.3.jar:/root/.m2/repository/dnsjava/dnsjava/2.1.7/dnsjava-2.1.7.jar:/root/.m2/repository/org/apache/hadoop/hadoop-hdfs/3.2.0/hadoop-hdfs-3.2.0-tests.jar:/root/.m2/repository/org/eclipse/jetty/jetty-util-ajax/9.3.24.v20180605/jetty-util-ajax-9.3.24.v20180605.jar:/root/.m2/repository/commons-daemon/commons-daemon/1.0.13/commons-daemon-1.0.13.jar:/root/.m2/repository/io/netty/netty/3.10.5.Final/netty-3.10.5.Final.jar:/root/.m2/repository/io/netty/netty-all/4.0.52.Final/netty-all-4.0.52.Final.jar:/root/.m2/repository/org/fusesource/leveldbjni/leveldbjni-all/1.8/leveldbjni-all-1.8.jar:"/>
    <property name="java.vm.vendor" value="IcedTea"/>
    <property name="sun.arch.data.model" value="64"/>
    <property name="test.build.dir" value="/opt/src/hadoop-ozone/integration-test/target/test-dir"/>
    <property name="test.cache.data" value=""/>
    <property name="java.vendor.url" value="https://icedtea.classpath.org"/>
    <property name="user.timezone" value=""/>
    <property name="java.vm.specification.version" value="1.8"/>
    <property name="os.name" value="Linux"/>
    <property name="test.build.data" value="/opt/src/hadoop-ozone/integration-test/target/test-dir"/>
    <property name="user.country" value="US"/>
    <property name="sun.java.launcher" value="SUN_STANDARD"/>
    <property name="sun.boot.library.path" value="/usr/lib/jvm/java-1.8-openjdk/jre/lib/amd64"/>
    <property name="sun.java.command" value="/opt/src/hadoop-ozone/integration-test/target/surefire/surefirebooter9099815939462118389.jar /opt/src/hadoop-ozone/integration-test/target/surefire 2019-06-12T15-38-34_328-jvmRun1 surefire8098976763499819028tmp surefire_386873092141455070963tmp"/>
    <property name="surefire.test.class.path" value="/opt/src/hadoop-ozone/integration-test/target/test-classes:/opt/src/hadoop-ozone/integration-test/target/classes:/root/.m2/repository/org/apache/hadoop/hadoop-ozone-common/0.5.0-SNAPSHOT/hadoop-ozone-common-0.5.0-SNAPSHOT.jar:/root/.m2/repository/org/apache/commons/commons-compress/1.4.1/commons-compress-1.4.1.jar:/root/.m2/repository/org/tukaani/xz/1.0/xz-1.0.jar:/root/.m2/repository/org/apache/hadoop/hadoop-common/3.2.0/hadoop-common-3.2.0.jar:/root/.m2/repository/org/apache/hadoop/hadoop-hdfs/3.2.0/hadoop-hdfs-3.2.0.jar:/root/.m2/repository/org/apache/hadoop/hadoop-hdfs-client/3.2.0/hadoop-hdfs-client-3.2.0.jar:/root/.m2/repository/com/fasterxml/jackson/core/jackson-annotations/2.9.5/jackson-annotations-2.9.5.jar:/root/.m2/repository/org/apache/hadoop/hadoop-hdds-common/0.5.0-SNAPSHOT/hadoop-hdds-common-0.5.0-SNAPSHOT.jar:/root/.m2/repository/javax/annotation/javax.annotation-api/1.2/javax.annotation-api-1.2.jar:/root/.m2/repository/org/apache/ratis/ratis-server/0.4.0-fe2b15d-SNAPSHOT/ratis-server-0.4.0-fe2b15d-SNAPSHOT.jar:/root/.m2/repository/org/apache/ratis/ratis-thirdparty-misc/0.2.0/ratis-thirdparty-misc-0.2.0.jar:/root/.m2/repository/org/apache/ratis/ratis-proto/0.4.0-fe2b15d-SNAPSHOT/ratis-proto-0.4.0-fe2b15d-SNAPSHOT.jar:/root/.m2/repository/org/apache/ratis/ratis-common/0.4.0-fe2b15d-SNAPSHOT/ratis-common-0.4.0-fe2b15d-SNAPSHOT.jar:/root/.m2/repository/org/apache/ratis/ratis-client/0.4.0-fe2b15d-SNAPSHOT/ratis-client-0.4.0-fe2b15d-SNAPSHOT.jar:/root/.m2/repository/org/apache/ratis/ratis-netty/0.4.0-fe2b15d-SNAPSHOT/ratis-netty-0.4.0-fe2b15d-SNAPSHOT.jar:/root/.m2/repository/org/apache/ratis/ratis-grpc/0.4.0-fe2b15d-SNAPSHOT/ratis-grpc-0.4.0-fe2b15d-SNAPSHOT.jar:/root/.m2/repository/org/rocksdb/rocksdbjni/5.14.2/rocksdbjni-5.14.2.jar:/root/.m2/repository/org/apache/logging/log4j/log4j-api/2.11.0/log4j-api-2.11.0.jar:/root/.m2/repository/org/apache/logging/log4j/log4j-core/2.11.0/log4j-core-2.11.0.jar:/root/.m2/repository/com/lmax/disruptor/3.4.2/disruptor-3.4.2.jar:/root/.m2/repository/org/apache/commons/commons-pool2/2.6.0/commons-pool2-2.6.0.jar:/root/.m2/repository/org/bouncycastle/bcpkix-jdk15on/1.60/bcpkix-jdk15on-1.60.jar:/root/.m2/repository/commons-validator/commons-validator/1.6/commons-validator-1.6.jar:/root/.m2/repository/commons-digester/commons-digester/1.8.1/commons-digester-1.8.1.jar:/root/.m2/repository/io/jaegertracing/jaeger-client/0.33.1/jaeger-client-0.33.1.jar:/root/.m2/repository/io/jaegertracing/jaeger-thrift/0.33.1/jaeger-thrift-0.33.1.jar:/root/.m2/repository/org/apache/thrift/libthrift/0.11.0/libthrift-0.11.0.jar:/root/.m2/repository/com/squareup/okhttp3/okhttp/3.9.0/okhttp-3.9.0.jar:/root/.m2/repository/com/squareup/okio/okio/1.13.0/okio-1.13.0.jar:/root/.m2/repository/io/jaegertracing/jaeger-core/0.33.1/jaeger-core-0.33.1.jar:/root/.m2/repository/io/jaegertracing/jaeger-tracerresolver/0.33.1/jaeger-tracerresolver-0.33.1.jar:/root/.m2/repository/io/opentracing/contrib/opentracing-tracerresolver/0.1.5/opentracing-tracerresolver-0.1.5.jar:/root/.m2/repository/io/opentracing/opentracing-util/0.31.0/opentracing-util-0.31.0.jar:/root/.m2/repository/io/opentracing/opentracing-api/0.31.0/opentracing-api-0.31.0.jar:/root/.m2/repository/io/opentracing/opentracing-noop/0.31.0/opentracing-noop-0.31.0.jar:/root/.m2/repository/org/apache/hadoop/hadoop-hdds-server-framework/0.5.0-SNAPSHOT/hadoop-hdds-server-framework-0.5.0-SNAPSHOT.jar:/root/.m2/repository/org/apache/hadoop/hadoop-hdds-server-scm/0.5.0-SNAPSHOT/hadoop-hdds-server-scm-0.5.0-SNAPSHOT.jar:/root/.m2/repository/org/apache/hadoop/hadoop-hdds-container-service/0.5.0-SNAPSHOT/hadoop-hdds-container-service-0.5.0-SNAPSHOT.jar:/root/.m2/repository/org/apache/hadoop/hadoop-hdds-client/0.5.0-SNAPSHOT/hadoop-hdds-client-0.5.0-SNAPSHOT.jar:/root/.m2/repository/org/apache/hadoop/hadoop-hdds-tools/0.5.0-SNAPSHOT/hadoop-hdds-tools-0.5.0-SNAPSHOT.jar:/root/.m2/repository/org/apache/hadoop/hadoop-ozone-ozone-manager/0.5.0-SNAPSHOT/hadoop-ozone-ozone-manager-0.5.0-SNAPSHOT.jar:/root/.m2/repository/org/apache/hadoop/hadoop-hdds-docs/0.5.0-SNAPSHOT/hadoop-hdds-docs-0.5.0-SNAPSHOT.jar:/root/.m2/repository/org/bouncycastle/bcprov-jdk15on/1.60/bcprov-jdk15on-1.60.jar:/root/.m2/repository/org/apache/hadoop/hadoop-minikdc/3.2.0/hadoop-minikdc-3.2.0.jar:/root/.m2/repository/commons-io/commons-io/2.5/commons-io-2.5.jar:/root/.m2/repository/org/apache/kerby/kerb-simplekdc/1.0.1/kerb-simplekdc-1.0.1.jar:/root/.m2/repository/org/apache/kerby/kerb-client/1.0.1/kerb-client-1.0.1.jar:/root/.m2/repository/org/apache/kerby/kerby-config/1.0.1/kerby-config-1.0.1.jar:/root/.m2/repository/org/apache/kerby/kerb-core/1.0.1/kerb-core-1.0.1.jar:/root/.m2/repository/org/apache/kerby/kerby-pkix/1.0.1/kerby-pkix-1.0.1.jar:/root/.m2/repository/org/apache/kerby/kerby-asn1/1.0.1/kerby-asn1-1.0.1.jar:/root/.m2/repository/org/apache/kerby/kerby-util/1.0.1/kerby-util-1.0.1.jar:/root/.m2/repository/org/apache/kerby/kerb-common/1.0.1/kerb-common-1.0.1.jar:/root/.m2/repository/org/apache/kerby/kerb-crypto/1.0.1/kerb-crypto-1.0.1.jar:/root/.m2/repository/org/apache/kerby/kerb-util/1.0.1/kerb-util-1.0.1.jar:/root/.m2/repository/org/apache/kerby/token-provider/1.0.1/token-provider-1.0.1.jar:/root/.m2/repository/org/apache/kerby/kerb-admin/1.0.1/kerb-admin-1.0.1.jar:/root/.m2/repository/org/apache/kerby/kerb-server/1.0.1/kerb-server-1.0.1.jar:/root/.m2/repository/org/apache/kerby/kerb-identity/1.0.1/kerb-identity-1.0.1.jar:/root/.m2/repository/org/apache/kerby/kerby-xdr/1.0.1/kerby-xdr-1.0.1.jar:/root/.m2/repository/org/slf4j/slf4j-log4j12/1.7.25/slf4j-log4j12-1.7.25.jar:/root/.m2/repository/org/apache/hadoop/hadoop-ozone-objectstore-service/0.5.0-SNAPSHOT/hadoop-ozone-objectstore-service-0.5.0-SNAPSHOT.jar:/root/.m2/repository/org/apache/hadoop/hadoop-ozone-s3gateway/0.5.0-SNAPSHOT/hadoop-ozone-s3gateway-0.5.0-SNAPSHOT.jar:/root/.m2/repository/org/jboss/weld/servlet/weld-servlet/2.4.7.Final/weld-servlet-2.4.7.Final.jar:/root/.m2/repository/org/glassfish/jersey/containers/jersey-container-servlet-core/2.27/jersey-container-servlet-core-2.27.jar:/root/.m2/repository/org/glassfish/hk2/external/javax.inject/2.5.0-b42/javax.inject-2.5.0-b42.jar:/root/.m2/repository/org/glassfish/jersey/core/jersey-common/2.27/jersey-common-2.27.jar:/root/.m2/repository/org/glassfish/hk2/osgi-resource-locator/1.0.1/osgi-resource-locator-1.0.1.jar:/root/.m2/repository/javax/ws/rs/javax.ws.rs-api/2.1/javax.ws.rs-api-2.1.jar:/root/.m2/repository/org/glassfish/jersey/ext/cdi/jersey-cdi1x/2.27/jersey-cdi1x-2.27.jar:/root/.m2/repository/org/glassfish/jersey/inject/jersey-hk2/2.27/jersey-hk2-2.27.jar:/root/.m2/repository/org/glassfish/hk2/hk2-locator/2.5.0-b42/hk2-locator-2.5.0-b42.jar:/root/.m2/repository/org/javassist/javassist/3.22.0-CR2/javassist-3.22.0-CR2.jar:/root/.m2/repository/org/glassfish/hk2/hk2-api/2.5.0/hk2-api-2.5.0.jar:/root/.m2/repository/org/glassfish/hk2/external/jakarta.inject/2.5.0/jakarta.inject-2.5.0.jar:/root/.m2/repository/org/glassfish/hk2/hk2-utils/2.5.0/hk2-utils-2.5.0.jar:/root/.m2/repository/jakarta/annotation/jakarta.annotation-api/1.3.4/jakarta.annotation-api-1.3.4.jar:/root/.m2/repository/org/glassfish/hk2/external/aopalliance-repackaged/2.5.0/aopalliance-repackaged-2.5.0.jar:/root/.m2/repository/com/fasterxml/jackson/dataformat/jackson-dataformat-xml/2.9.0/jackson-dataformat-xml-2.9.0.jar:/root/.m2/repository/com/fasterxml/jackson/core/jackson-core/2.9.5/jackson-core-2.9.5.jar:/root/.m2/repository/com/fasterxml/jackson/module/jackson-module-jaxb-annotations/2.9.5/jackson-module-jaxb-annotations-2.9.5.jar:/root/.m2/repository/javax/enterprise/cdi-api/1.2/cdi-api-1.2.jar:/root/.m2/repository/javax/el/javax.el-api/3.0.0/javax.el-api-3.0.0.jar:/root/.m2/repository/javax/interceptor/javax.interceptor-api/1.2/javax.interceptor-api-1.2.jar:/root/.m2/repository/javax/inject/javax.inject/1/javax.inject-1.jar:/root/.m2/repository/com/sun/xml/bind/jaxb-impl/2.3.0.1/jaxb-impl-2.3.0.1.jar:/root/.m2/repository/com/sun/xml/bind/jaxb-core/2.3.0.1/jaxb-core-2.3.0.1.jar:/root/.m2/repository/javax/xml/bind/jaxb-api/2.3.0/jaxb-api-2.3.0.jar:/root/.m2/repository/javax/activation/activation/1.1.1/activation-1.1.1.jar:/root/.m2/repository/org/apache/hadoop/hadoop-ozone-csi/0.5.0-SNAPSHOT/hadoop-ozone-csi-0.5.0-SNAPSHOT.jar:/root/.m2/repository/com/google/protobuf/protobuf-java-util/3.5.1/protobuf-java-util-3.5.1.jar:/root/.m2/repository/org/apache/hadoop/hadoop-hdds-config/0.5.0-SNAPSHOT/hadoop-hdds-config-0.5.0-SNAPSHOT.jar:/root/.m2/repository/com/google/guava/guava/11.0.2/guava-11.0.2.jar:/root/.m2/repository/com/google/protobuf/protobuf-java/2.5.0/protobuf-java-2.5.0.jar:/root/.m2/repository/io/grpc/grpc-netty/1.17.1/grpc-netty-1.17.1.jar:/root/.m2/repository/io/grpc/grpc-core/1.17.1/grpc-core-1.17.1.jar:/root/.m2/repository/io/grpc/grpc-context/1.17.1/grpc-context-1.17.1.jar:/root/.m2/repository/com/google/errorprone/error_prone_annotations/2.2.0/error_prone_annotations-2.2.0.jar:/root/.m2/repository/org/codehaus/mojo/animal-sniffer-annotations/1.17/animal-sniffer-annotations-1.17.jar:/root/.m2/repository/io/opencensus/opencensus-api/0.17.0/opencensus-api-0.17.0.jar:/root/.m2/repository/io/opencensus/opencensus-contrib-grpc-metrics/0.17.0/opencensus-contrib-grpc-metrics-0.17.0.jar:/root/.m2/repository/io/netty/netty-codec-http2/4.1.30.Final/netty-codec-http2-4.1.30.Final.jar:/root/.m2/repository/io/netty/netty-codec-http/4.1.30.Final/netty-codec-http-4.1.30.Final.jar:/root/.m2/repository/io/netty/netty-codec/4.1.30.Final/netty-codec-4.1.30.Final.jar:/root/.m2/repository/io/netty/netty-handler/4.1.30.Final/netty-handler-4.1.30.Final.jar:/root/.m2/repository/io/netty/netty-handler-proxy/4.1.30.Final/netty-handler-proxy-4.1.30.Final.jar:/root/.m2/repository/io/netty/netty-codec-socks/4.1.30.Final/netty-codec-socks-4.1.30.Final.jar:/root/.m2/repository/io/netty/netty-transport-native-epoll/4.1.30.Final/netty-transport-native-epoll-4.1.30.Final.jar:/root/.m2/repository/io/netty/netty-common/4.1.30.Final/netty-common-4.1.30.Final.jar:/root/.m2/repository/io/netty/netty-buffer/4.1.30.Final/netty-buffer-4.1.30.Final.jar:/root/.m2/repository/io/netty/netty-transport/4.1.30.Final/netty-transport-4.1.30.Final.jar:/root/.m2/repository/io/netty/netty-resolver/4.1.30.Final/netty-resolver-4.1.30.Final.jar:/root/.m2/repository/io/netty/netty-transport-native-unix-common/4.1.30.Final/netty-transport-native-unix-common-4.1.30.Final.jar:/root/.m2/repository/io/grpc/grpc-protobuf/1.17.1/grpc-protobuf-1.17.1.jar:/root/.m2/repository/com/google/api/grpc/proto-google-common-protos/1.0.0/proto-google-common-protos-1.0.0.jar:/root/.m2/repository/io/grpc/grpc-protobuf-lite/1.17.1/grpc-protobuf-lite-1.17.1.jar:/root/.m2/repository/io/grpc/grpc-stub/1.17.1/grpc-stub-1.17.1.jar:/root/.m2/repository/org/apache/hadoop/hadoop-ozone-recon/0.5.0-SNAPSHOT/hadoop-ozone-recon-0.5.0-SNAPSHOT.jar:/root/.m2/repository/org/apache/hadoop/hadoop-ozone-reconcodegen/0.5.0-SNAPSHOT/hadoop-ozone-reconcodegen-0.5.0-SNAPSHOT.jar:/root/.m2/repository/com/google/inject/extensions/guice-multibindings/4.0/guice-multibindings-4.0.jar:/root/.m2/repository/com/google/inject/guice/4.0/guice-4.0.jar:/root/.m2/repository/aopalliance/aopalliance/1.0/aopalliance-1.0.jar:/root/.m2/repository/com/google/inject/extensions/guice-servlet/4.0/guice-servlet-4.0.jar:/root/.m2/repository/org/glassfish/jersey/containers/jersey-container-servlet/2.27/jersey-container-servlet-2.27.jar:/root/.m2/repository/org/glassfish/hk2/guice-bridge/2.5.0/guice-bridge-2.5.0.jar:/root/.m2/repository/org/glassfish/jersey/core/jersey-server/2.27/jersey-server-2.27.jar:/root/.m2/repository/org/glassfish/jersey/core/jersey-client/2.27/jersey-client-2.27.jar:/root/.m2/repository/org/glassfish/jersey/media/jersey-media-jaxb/2.27/jersey-media-jaxb-2.27.jar:/root/.m2/repository/javax/validation/validation-api/1.1.0.Final/validation-api-1.1.0.Final.jar:/root/.m2/repository/org/glassfish/jersey/media/jersey-media-json-jackson/2.27/jersey-media-json-jackson-2.27.jar:/root/.m2/repository/org/glassfish/jersey/ext/jersey-entity-filtering/2.27/jersey-entity-filtering-2.27.jar:/root/.m2/repository/com/google/inject/extensions/guice-assistedinject/4.0/guice-assistedinject-4.0.jar:/root/.m2/repository/org/jooq/jooq/3.11.10/jooq-3.11.10.jar:/root/.m2/repository/org/jooq/jooq-meta/3.11.10/jooq-meta-3.11.10.jar:/root/.m2/repository/org/jooq/jooq-codegen/3.11.10/jooq-codegen-3.11.10.jar:/root/.m2/repository/com/jolbox/bonecp/0.8.0.RELEASE/bonecp-0.8.0.RELEASE.jar:/root/.m2/repository/org/xerial/sqlite-jdbc/3.25.2/sqlite-jdbc-3.25.2.jar:/root/.m2/repository/org/springframework/spring-jdbc/5.1.3.RELEASE/spring-jdbc-5.1.3.RELEASE.jar:/root/.m2/repository/org/springframework/spring-beans/5.1.3.RELEASE/spring-beans-5.1.3.RELEASE.jar:/root/.m2/repository/org/springframework/spring-core/5.1.3.RELEASE/spring-core-5.1.3.RELEASE.jar:/root/.m2/repository/org/springframework/spring-jcl/5.1.3.RELEASE/spring-jcl-5.1.3.RELEASE.jar:/root/.m2/repository/org/springframework/spring-tx/5.1.3.RELEASE/spring-tx-5.1.3.RELEASE.jar:/root/.m2/repository/org/apache/hadoop/hadoop-ozone-client/0.5.0-SNAPSHOT/hadoop-ozone-client-0.5.0-SNAPSHOT.jar:/root/.m2/repository/org/apache/hadoop/hadoop-ozone-ozone-manager/0.5.0-SNAPSHOT/hadoop-ozone-ozone-manager-0.5.0-SNAPSHOT-tests.jar:/root/.m2/repository/junit/junit/4.11/junit-4.11.jar:/root/.m2/repository/org/hamcrest/hamcrest-core/1.3/hamcrest-core-1.3.jar:/root/.m2/repository/org/openjdk/jmh/jmh-core/1.19/jmh-core-1.19.jar:/root/.m2/repository/net/sf/jopt-simple/jopt-simple/4.6/jopt-simple-4.6.jar:/root/.m2/repository/org/apache/commons/commons-math3/3.1.1/commons-math3-3.1.1.jar:/root/.m2/repository/org/openjdk/jmh/jmh-generator-annprocess/1.19/jmh-generator-annprocess-1.19.jar:/root/.m2/repository/org/mockito/mockito-all/1.8.5/mockito-all-1.8.5.jar:/root/.m2/repository/org/apache/hadoop/hadoop-kms/3.2.0/hadoop-kms-3.2.0.jar:/root/.m2/repository/org/apache/hadoop/hadoop-auth/3.2.0/hadoop-auth-3.2.0.jar:/root/.m2/repository/com/nimbusds/nimbus-jose-jwt/4.41.1/nimbus-jose-jwt-4.41.1.jar:/root/.m2/repository/com/github/stephenc/jcip/jcip-annotations/1.0-1/jcip-annotations-1.0-1.jar:/root/.m2/repository/net/minidev/json-smart/2.3/json-smart-2.3.jar:/root/.m2/repository/net/minidev/accessors-smart/1.2/accessors-smart-1.2.jar:/root/.m2/repository/org/ow2/asm/asm/5.0.4/asm-5.0.4.jar:/root/.m2/repository/org/apache/curator/curator-framework/2.12.0/curator-framework-2.12.0.jar:/root/.m2/repository/com/sun/jersey/jersey-core/1.19/jersey-core-1.19.jar:/root/.m2/repository/javax/ws/rs/jsr311-api/1.1.1/jsr311-api-1.1.1.jar:/root/.m2/repository/com/sun/jersey/jersey-server/1.19/jersey-server-1.19.jar:/root/.m2/repository/javax/servlet/javax.servlet-api/3.1.0/javax.servlet-api-3.1.0.jar:/root/.m2/repository/org/eclipse/jetty/jetty-server/9.3.24.v20180605/jetty-server-9.3.24.v20180605.jar:/root/.m2/repository/org/eclipse/jetty/jetty-http/9.3.24.v20180605/jetty-http-9.3.24.v20180605.jar:/root/.m2/repository/org/eclipse/jetty/jetty-io/9.3.24.v20180605/jetty-io-9.3.24.v20180605.jar:/root/.m2/repository/org/eclipse/jetty/jetty-webapp/9.3.24.v20180605/jetty-webapp-9.3.24.v20180605.jar:/root/.m2/repository/org/eclipse/jetty/jetty-xml/9.3.24.v20180605/jetty-xml-9.3.24.v20180605.jar:/root/.m2/repository/log4j/log4j/1.2.17/log4j-1.2.17.jar:/root/.m2/repository/org/slf4j/slf4j-api/1.7.25/slf4j-api-1.7.25.jar:/root/.m2/repository/org/slf4j/jul-to-slf4j/1.7.25/jul-to-slf4j-1.7.25.jar:/root/.m2/repository/org/eclipse/jetty/jetty-util/9.3.24.v20180605/jetty-util-9.3.24.v20180605.jar:/root/.m2/repository/io/dropwizard/metrics/metrics-core/3.2.4/metrics-core-3.2.4.jar:/root/.m2/repository/com/fasterxml/jackson/core/jackson-databind/2.9.5/jackson-databind-2.9.5.jar:/root/.m2/repository/org/apache/hadoop/hadoop-kms/3.2.0/hadoop-kms-3.2.0-tests.jar:/root/.m2/repository/org/apache/hadoop/hadoop-hdds-server-scm/0.5.0-SNAPSHOT/hadoop-hdds-server-scm-0.5.0-SNAPSHOT-tests.jar:/root/.m2/repository/org/hamcrest/hamcrest-all/1.3/hamcrest-all-1.3.jar:/root/.m2/repository/info/picocli/picocli/3.9.6/picocli-3.9.6.jar:/root/.m2/repository/org/apache/hadoop/hadoop-hdds-container-service/0.5.0-SNAPSHOT/hadoop-hdds-container-service-0.5.0-SNAPSHOT-tests.jar:/root/.m2/repository/org/yaml/snakeyaml/1.16/snakeyaml-1.16.jar:/root/.m2/repository/org/apache/hadoop/hadoop-common/3.2.0/hadoop-common-3.2.0-tests.jar:/root/.m2/repository/org/apache/hadoop/hadoop-annotations/3.2.0/hadoop-annotations-3.2.0.jar:/usr/lib/jvm/java-1.8-openjdk/jre/../lib/tools.jar:/root/.m2/repository/commons-cli/commons-cli/1.2/commons-cli-1.2.jar:/root/.m2/repository/org/apache/httpcomponents/httpclient/4.5.2/httpclient-4.5.2.jar:/root/.m2/repository/org/apache/httpcomponents/httpcore/4.4.4/httpcore-4.4.4.jar:/root/.m2/repository/commons-codec/commons-codec/1.11/commons-codec-1.11.jar:/root/.m2/repository/commons-net/commons-net/3.6/commons-net-3.6.jar:/root/.m2/repository/commons-collections/commons-collections/3.2.2/commons-collections-3.2.2.jar:/root/.m2/repository/org/eclipse/jetty/jetty-servlet/9.3.24.v20180605/jetty-servlet-9.3.24.v20180605.jar:/root/.m2/repository/org/eclipse/jetty/jetty-security/9.3.24.v20180605/jetty-security-9.3.24.v20180605.jar:/root/.m2/repository/javax/servlet/jsp/jsp-api/2.1/jsp-api-2.1.jar:/root/.m2/repository/com/sun/jersey/jersey-servlet/1.19/jersey-servlet-1.19.jar:/root/.m2/repository/com/sun/jersey/jersey-json/1.19/jersey-json-1.19.jar:/root/.m2/repository/org/codehaus/jettison/jettison/1.1/jettison-1.1.jar:/root/.m2/repository/org/codehaus/jackson/jackson-core-asl/1.9.13/jackson-core-asl-1.9.13.jar:/root/.m2/repository/org/codehaus/jackson/jackson-mapper-asl/1.9.13/jackson-mapper-asl-1.9.13.jar:/root/.m2/repository/org/codehaus/jackson/jackson-jaxrs/1.9.13/jackson-jaxrs-1.9.13.jar:/root/.m2/repository/org/codehaus/jackson/jackson-xc/1.9.13/jackson-xc-1.9.13.jar:/root/.m2/repository/commons-logging/commons-logging/1.1.3/commons-logging-1.1.3.jar:/root/.m2/repository/commons-beanutils/commons-beanutils/1.9.3/commons-beanutils-1.9.3.jar:/root/.m2/repository/org/apache/commons/commons-configuration2/2.1.1/commons-configuration2-2.1.1.jar:/root/.m2/repository/org/apache/commons/commons-lang3/3.7/commons-lang3-3.7.jar:/root/.m2/repository/org/apache/commons/commons-text/1.4/commons-text-1.4.jar:/root/.m2/repository/org/apache/avro/avro/1.7.7/avro-1.7.7.jar:/root/.m2/repository/com/thoughtworks/paranamer/paranamer/2.3/paranamer-2.3.jar:/root/.m2/repository/org/xerial/snappy/snappy-java/1.0.5/snappy-java-1.0.5.jar:/root/.m2/repository/com/google/re2j/re2j/1.1/re2j-1.1.jar:/root/.m2/repository/com/google/code/gson/gson/2.2.4/gson-2.2.4.jar:/root/.m2/repository/com/jcraft/jsch/0.1.54/jsch-0.1.54.jar:/root/.m2/repository/org/apache/curator/curator-client/2.12.0/curator-client-2.12.0.jar:/root/.m2/repository/org/apache/curator/curator-recipes/2.12.0/curator-recipes-2.12.0.jar:/root/.m2/repository/com/google/code/findbugs/jsr305/3.0.0/jsr305-3.0.0.jar:/root/.m2/repository/org/apache/htrace/htrace-core4/4.1.0-incubating/htrace-core4-4.1.0-incubating.jar:/root/.m2/repository/org/apache/zookeeper/zookeeper/3.4.13/zookeeper-3.4.13.jar:/root/.m2/repository/org/apache/yetus/audience-annotations/0.5.0/audience-annotations-0.5.0.jar:/root/.m2/repository/org/codehaus/woodstox/stax2-api/3.1.4/stax2-api-3.1.4.jar:/root/.m2/repository/com/fasterxml/woodstox/woodstox-core/5.0.3/woodstox-core-5.0.3.jar:/root/.m2/repository/dnsjava/dnsjava/2.1.7/dnsjava-2.1.7.jar:/root/.m2/repository/org/apache/hadoop/hadoop-hdfs/3.2.0/hadoop-hdfs-3.2.0-tests.jar:/root/.m2/repository/org/eclipse/jetty/jetty-util-ajax/9.3.24.v20180605/jetty-util-ajax-9.3.24.v20180605.jar:/root/.m2/repository/commons-daemon/commons-daemon/1.0.13/commons-daemon-1.0.13.jar:/root/.m2/repository/io/netty/netty/3.10.5.Final/netty-3.10.5.Final.jar:/root/.m2/repository/io/netty/netty-all/4.0.52.Final/netty-all-4.0.52.Final.jar:/root/.m2/repository/org/fusesource/leveldbjni/leveldbjni-all/1.8/leveldbjni-all-1.8.jar:"/>
    <property name="sun.cpu.endian" value="little"/>
    <property name="user.home" value="/root"/>
    <property name="user.language" value="en"/>
    <property name="java.specification.vendor" value="Oracle Corporation"/>
    <property name="java.home" value="/usr/lib/jvm/java-1.8-openjdk/jre"/>
    <property name="java.security.krb5.conf" value="/opt/src/hadoop-ozone/integration-test/target/test-classes/krb5.conf"/>
    <property name="basedir" value="/opt/src/hadoop-ozone/integration-test"/>
    <property name="file.separator" value="/"/>
    <property name="line.separator" value="&#10;"/>
    <property name="java.vm.specification.vendor" value="Oracle Corporation"/>
    <property name="java.specification.name" value="Java Platform API Specification"/>
    <property name="java.awt.graphicsenv" value="sun.awt.X11GraphicsEnvironment"/>
    <property name="surefire.real.class.path" value="/opt/src/hadoop-ozone/integration-test/target/surefire/surefirebooter9099815939462118389.jar"/>
    <property name="hadoop.log.dir" value="/opt/src/hadoop-ozone/integration-test/target/log"/>
    <property name="sun.boot.class.path" value="/usr/lib/jvm/java-1.8-openjdk/jre/lib/resources.jar:/usr/lib/jvm/java-1.8-openjdk/jre/lib/rt.jar:/usr/lib/jvm/java-1.8-openjdk/jre/lib/sunrsasign.jar:/usr/lib/jvm/java-1.8-openjdk/jre/lib/jsse.jar:/usr/lib/jvm/java-1.8-openjdk/jre/lib/jce.jar:/usr/lib/jvm/java-1.8-openjdk/jre/lib/charsets.jar:/usr/lib/jvm/java-1.8-openjdk/jre/lib/jfr.jar:/usr/lib/jvm/java-1.8-openjdk/jre/classes"/>
    <property name="sun.management.compiler" value="HotSpot 64-Bit Tiered Compilers"/>
    <property name="java.runtime.version" value="1.8.0_212-b04"/>
    <property name="java.net.preferIPv4Stack" value="true"/>
    <property name="user.name" value="root"/>
    <property name="path.separator" value=":"/>
    <property name="java.security.egd" value="file:///dev/urandom"/>
    <property name="os.version" value="4.15.0-1021-aws"/>
    <property name="java.endorsed.dirs" value="/usr/lib/jvm/java-1.8-openjdk/jre/lib/endorsed"/>
    <property name="java.runtime.name" value="OpenJDK Runtime Environment"/>
    <property name="file.encoding" value="UTF-8"/>
    <property name="java.vm.name" value="OpenJDK 64-Bit Server VM"/>
    <property name="test.build.webapps" value=""/>
    <property name="localRepository" value="/root/.m2/repository"/>
    <property name="java.vendor.url.bug" value="https://icedtea.classpath.org/bugzilla"/>
    <property name="java.io.tmpdir" value="/tmp"/>
    <property name="require.test.libhadoop" value=""/>
    <property name="java.version" value="1.8.0_212"/>
    <property name="user.dir" value="/opt/src/hadoop-ozone/integration-test"/>
    <property name="os.arch" value="amd64"/>
    <property name="java.vm.specification.name" value="Java Virtual Machine Specification"/>
    <property name="test.build.classes" value="/opt/src/hadoop-ozone/integration-test/target/test-classes"/>
    <property name="java.awt.printerjob" value="sun.print.PSPrinterJob"/>
    <property name="sun.os.patch.level" value="unknown"/>
    <property name="hadoop.tmp.dir" value="/opt/src/hadoop-ozone/integration-test/target/tmp"/>
    <property name="java.library.path" value="/usr/lib/jvm/java-1.8-openjdk/jre/lib/amd64/server:/usr/lib/jvm/java-1.8-openjdk/jre/lib/amd64:/usr/lib/jvm/java-1.8-openjdk/jre/../lib/amd64:/opt/src/hadoop-ozone/integration-test/target/native/target/usr/local/lib:/opt/src/hadoop-ozone/integration-test/../../hadoop-common-project/hadoop-common/target/native/target/usr/local/lib:/usr/java/packages/lib/amd64:/usr/lib64:/lib64:/lib:/usr/lib"/>
    <property name="java.vm.info" value="mixed mode"/>
    <property name="java.vendor" value="IcedTea"/>
    <property name="java.vm.version" value="25.212-b04"/>
    <property name="java.ext.dirs" value="/usr/lib/jvm/java-1.8-openjdk/jre/lib/ext:/usr/java/packages/lib/ext"/>
    <property name="sun.io.unicode.encoding" value="UnicodeLittle"/>
    <property name="java.class.version" value="52.0"/>
  </properties>
  <testcase name="testBlockDeletion" classname="org.apache.hadoop.ozone.container.common.statemachine.commandhandler.TestBlockDeletion" time="49.512">
    <failure message="expected null, but was:&lt;[B@de579ff&gt;" type="java.lang.AssertionError"><![CDATA[java.lang.AssertionError: expected null, but was:<[B@de579ff>
	at org.junit.Assert.fail(Assert.java:88)
	at org.junit.Assert.failNotNull(Assert.java:664)
	at org.junit.Assert.assertNull(Assert.java:646)
	at org.junit.Assert.assertNull(Assert.java:656)
	at org.apache.hadoop.ozone.container.common.statemachine.commandhandler.TestBlockDeletion.lambda$verifyBlocksDeleted$3(TestBlockDeletion.java:323)
	at org.apache.hadoop.ozone.OzoneTestUtils.performOperationOnKeyContainers(OzoneTestUtils.java:96)
	at org.apache.hadoop.ozone.container.common.statemachine.commandhandler.TestBlockDeletion.verifyBlocksDeleted(TestBlockDeletion.java:317)
	at org.apache.hadoop.ozone.container.common.statemachine.commandhandler.TestBlockDeletion.testBlockDeletion(TestBlockDeletion.java:177)
	at sun.reflect.NativeMethodAccessorImpl.invoke0(Native Method)
	at sun.reflect.NativeMethodAccessorImpl.invoke(NativeMethodAccessorImpl.java:62)
	at sun.reflect.DelegatingMethodAccessorImpl.invoke(DelegatingMethodAccessorImpl.java:43)
	at java.lang.reflect.Method.invoke(Method.java:498)
	at org.junit.runners.model.FrameworkMethod$1.runReflectiveCall(FrameworkMethod.java:47)
	at org.junit.internal.runners.model.ReflectiveCallable.run(ReflectiveCallable.java:12)
	at org.junit.runners.model.FrameworkMethod.invokeExplosively(FrameworkMethod.java:44)
	at org.junit.internal.runners.statements.InvokeMethod.evaluate(InvokeMethod.java:17)
	at org.junit.runners.ParentRunner.runLeaf(ParentRunner.java:271)
	at org.junit.runners.BlockJUnit4ClassRunner.runChild(BlockJUnit4ClassRunner.java:70)
	at org.junit.runners.BlockJUnit4ClassRunner.runChild(BlockJUnit4ClassRunner.java:50)
	at org.junit.runners.ParentRunner$3.run(ParentRunner.java:238)
	at org.junit.runners.ParentRunner$1.schedule(ParentRunner.java:63)
	at org.junit.runners.ParentRunner.runChildren(ParentRunner.java:236)
	at org.junit.runners.ParentRunner.access$000(ParentRunner.java:53)
	at org.junit.runners.ParentRunner$2.evaluate(ParentRunner.java:229)
	at org.junit.internal.runners.statements.RunBefores.evaluate(RunBefores.java:26)
	at org.junit.runners.ParentRunner.run(ParentRunner.java:309)
	at org.apache.maven.surefire.junit4.JUnit4Provider.execute(JUnit4Provider.java:365)
	at org.apache.maven.surefire.junit4.JUnit4Provider.executeWithRerun(JUnit4Provider.java:273)
	at org.apache.maven.surefire.junit4.JUnit4Provider.executeTestSet(JUnit4Provider.java:238)
	at org.apache.maven.surefire.junit4.JUnit4Provider.invoke(JUnit4Provider.java:159)
	at org.apache.maven.surefire.booter.ForkedBooter.invokeProviderInSameClassLoader(ForkedBooter.java:384)
	at org.apache.maven.surefire.booter.ForkedBooter.runSuitesInProcess(ForkedBooter.java:345)
	at org.apache.maven.surefire.booter.ForkedBooter.execute(ForkedBooter.java:126)
	at org.apache.maven.surefire.booter.ForkedBooter.main(ForkedBooter.java:418)
]]></failure>
    <system-out><![CDATA[2019-06-12 16:04:31,408 WARN  server.ServerUtils (ServerUtils.java:getScmDbDir(145)) - ozone.scm.db.dirs is not configured. We recommend adding this setting. Falling back to ozone.metadata.dirs instead.
2019-06-12 16:04:31,467 WARN  server.ServerUtils (ServerUtils.java:getScmDbDir(145)) - ozone.scm.db.dirs is not configured. We recommend adding this setting. Falling back to ozone.metadata.dirs instead.
2019-06-12 16:04:31,469 WARN  server.ServerUtils (ServerUtils.java:getScmDbDir(145)) - ozone.scm.db.dirs is not configured. We recommend adding this setting. Falling back to ozone.metadata.dirs instead.
2019-06-12 16:04:31,481 INFO  util.log (Log.java:initialized(192)) - Logging initialized @661ms
2019-06-12 16:04:31,564 INFO  db.DBStoreBuilder (DBStoreBuilder.java:addTable(110)) - using custom profile for table: deletedBlocks
2019-06-12 16:04:31,564 INFO  db.DBStoreBuilder (DBStoreBuilder.java:processTables(161)) - Using default column profile:DBProfile.DISK for Table:deletedBlocks
2019-06-12 16:04:31,565 INFO  db.DBStoreBuilder (DBStoreBuilder.java:addTable(110)) - using custom profile for table: validCerts
2019-06-12 16:04:31,565 INFO  db.DBStoreBuilder (DBStoreBuilder.java:processTables(161)) - Using default column profile:DBProfile.DISK for Table:validCerts
2019-06-12 16:04:31,565 INFO  db.DBStoreBuilder (DBStoreBuilder.java:addTable(110)) - using custom profile for table: revokedCerts
2019-06-12 16:04:31,565 INFO  db.DBStoreBuilder (DBStoreBuilder.java:processTables(161)) - Using default column profile:DBProfile.DISK for Table:revokedCerts
2019-06-12 16:04:31,574 INFO  db.DBStoreBuilder (DBStoreBuilder.java:addTable(110)) - using custom profile for table: default
2019-06-12 16:04:31,575 INFO  db.DBStoreBuilder (DBStoreBuilder.java:processTables(167)) - Using default column profile:DBProfile.DISK for Table:default
2019-06-12 16:04:31,576 INFO  db.DBStoreBuilder (DBStoreBuilder.java:getDbProfile(198)) - Using default options. DBProfile.DISK
2019-06-12 16:04:31,639 INFO  node.SCMNodeManager (SCMNodeManager.java:<init>(108)) - Entering startup safe mode.
2019-06-12 16:04:31,693 INFO  net.NodeSchemaLoader (NodeSchemaLoader.java:loadSchemaFromFile(125)) - Loading file from sun.misc.CompoundEnumeration@702657cc
2019-06-12 16:04:31,694 INFO  net.NodeSchemaLoader (NodeSchemaLoader.java:loadSchema(171)) - Loading network topology layer schema file
2019-06-12 16:04:31,746 WARN  server.ServerUtils (ServerUtils.java:getScmDbDir(145)) - ozone.scm.db.dirs is not configured. We recommend adding this setting. Falling back to ozone.metadata.dirs instead.
2019-06-12 16:04:31,765 INFO  pipeline.SCMPipelineManager (SCMPipelineManager.java:initializePipelineState(126)) - No pipeline exists in current db
2019-06-12 16:04:31,767 WARN  server.ServerUtils (ServerUtils.java:getScmDbDir(145)) - ozone.scm.db.dirs is not configured. We recommend adding this setting. Falling back to ozone.metadata.dirs instead.
2019-06-12 16:04:31,816 WARN  events.EventQueue (EventQueue.java:fireEvent(175)) - No event handler registered for event TypedEvent{payloadType=SafeModeStatus, name='SafeModeStatus'}
2019-06-12 16:04:32,099 INFO  ipc.CallQueueManager (CallQueueManager.java:<init>(84)) - Using callQueue: class java.util.concurrent.LinkedBlockingQueue, queueCapacity: 2000, scheduler: class org.apache.hadoop.ipc.DefaultRpcScheduler, ipcBackoff: false.
2019-06-12 16:04:32,122 INFO  ipc.Server (Server.java:run(1074)) - Starting Socket Reader #1 for port 46239
2019-06-12 16:04:32,141 INFO  ipc.CallQueueManager (CallQueueManager.java:<init>(84)) - Using callQueue: class java.util.concurrent.LinkedBlockingQueue, queueCapacity: 2000, scheduler: class org.apache.hadoop.ipc.DefaultRpcScheduler, ipcBackoff: false.
2019-06-12 16:04:32,168 INFO  ipc.Server (Server.java:run(1074)) - Starting Socket Reader #1 for port 41887
2019-06-12 16:04:32,175 INFO  ipc.CallQueueManager (CallQueueManager.java:<init>(84)) - Using callQueue: class java.util.concurrent.LinkedBlockingQueue, queueCapacity: 2000, scheduler: class org.apache.hadoop.ipc.DefaultRpcScheduler, ipcBackoff: false.
2019-06-12 16:04:32,176 INFO  ipc.Server (Server.java:run(1074)) - Starting Socket Reader #1 for port 35263
2019-06-12 16:04:32,226 INFO  hdfs.DFSUtil (DFSUtil.java:httpServerTemplateForNNAndJN(1641)) - Starting Web-server for scm at: http://0.0.0.0:0
2019-06-12 16:04:32,370 INFO  server.AuthenticationFilter (AuthenticationFilter.java:constructSecretProvider(240)) - Unable to initialize FileSignerSecretProvider, falling back to use random secrets.
2019-06-12 16:04:32,378 WARN  http.HttpRequestLog (HttpRequestLog.java:getRequestLog(97)) - Jetty request log can only be enabled using Log4j
2019-06-12 16:04:32,387 INFO  http.HttpServer2 (HttpServer2.java:addGlobalFilter(975)) - Added global filter 'safety' (class=org.apache.hadoop.http.HttpServer2$QuotingInputFilter)
2019-06-12 16:04:32,389 INFO  http.HttpServer2 (HttpServer2.java:addFilter(948)) - Added filter static_user_filter (class=org.apache.hadoop.http.lib.StaticUserWebFilter$StaticUserFilter) to context scm
2019-06-12 16:04:32,390 INFO  http.HttpServer2 (HttpServer2.java:addFilter(958)) - Added filter static_user_filter (class=org.apache.hadoop.http.lib.StaticUserWebFilter$StaticUserFilter) to context static
2019-06-12 16:04:32,390 INFO  http.HttpServer2 (HttpServer2.java:addFilter(958)) - Added filter static_user_filter (class=org.apache.hadoop.http.lib.StaticUserWebFilter$StaticUserFilter) to context logs
2019-06-12 16:04:32,419 INFO  server.StorageContainerManager (StorageContainerManager.java:start(752)) - StorageContainerLocationProtocol RPC server is listening at /0.0.0.0:35263
2019-06-12 16:04:32,469 WARN  impl.MetricsConfig (MetricsConfig.java:loadFirst(134)) - Cannot locate configuration: tried hadoop-metrics2-storagecontainermanager.properties,hadoop-metrics2.properties
2019-06-12 16:04:32,481 INFO  impl.MetricsSystemImpl (MetricsSystemImpl.java:startTimer(374)) - Scheduled Metric snapshot period at 10 second(s).
2019-06-12 16:04:32,481 INFO  impl.MetricsSystemImpl (MetricsSystemImpl.java:start(191)) - StorageContainerManager metrics system started
2019-06-12 16:04:32,642 INFO  server.SCMClientProtocolServer (SCMClientProtocolServer.java:start(149)) - RPC server for Client  is listening at /0.0.0.0:35263
2019-06-12 16:04:32,643 INFO  ipc.Server (Server.java:run(1314)) - IPC Server Responder: starting
2019-06-12 16:04:32,643 INFO  ipc.Server (Server.java:run(1153)) - IPC Server listener on 35263: starting
2019-06-12 16:04:32,645 INFO  server.StorageContainerManager (StorageContainerManager.java:start(761)) - ScmBlockLocationProtocol RPC server is listening at /0.0.0.0:41887
2019-06-12 16:04:32,646 INFO  server.SCMBlockProtocolServer (SCMBlockProtocolServer.java:start(137)) - RPC server for Block Protocol is listening at /0.0.0.0:41887
2019-06-12 16:04:32,646 INFO  ipc.Server (Server.java:run(1314)) - IPC Server Responder: starting
2019-06-12 16:04:32,646 INFO  ipc.Server (Server.java:run(1153)) - IPC Server listener on 41887: starting
2019-06-12 16:04:32,648 INFO  server.StorageContainerManager (StorageContainerManager.java:start(765)) - ScmDatanodeProtocl RPC server is listening at /0.0.0.0:46239
2019-06-12 16:04:32,648 INFO  server.SCMDatanodeProtocolServer (SCMDatanodeProtocolServer.java:start(191)) - RPC server for DataNodes is listening at /0.0.0.0:46239
2019-06-12 16:04:32,649 INFO  ipc.Server (Server.java:run(1314)) - IPC Server Responder: starting
2019-06-12 16:04:32,649 INFO  ipc.Server (Server.java:run(1153)) - IPC Server listener on 46239: starting
2019-06-12 16:04:32,656 INFO  http.HttpServer2 (HttpServer2.java:bindListener(1191)) - Jetty bound to port 40025
2019-06-12 16:04:32,658 INFO  server.Server (Server.java:doStart(351)) - jetty-9.3.24.v20180605, build timestamp: 2018-06-05T17:11:56Z, git hash: 84205aa28f11a4f31f2a3b86d1bba2cc8ab69827
2019-06-12 16:04:32,702 INFO  handler.ContextHandler (ContextHandler.java:doStart(781)) - Started o.e.j.s.ServletContextHandler@12c7a01b{/logs,file:///opt/src/hadoop-ozone/integration-test/target/log,AVAILABLE}
2019-06-12 16:04:32,703 INFO  handler.ContextHandler (ContextHandler.java:doStart(781)) - Started o.e.j.s.ServletContextHandler@2826f61{/static,file:///opt/src/hadoop-ozone/integration-test/target/test-classes/webapps/static,AVAILABLE}
2019-06-12 16:04:32,725 INFO  handler.ContextHandler (ContextHandler.java:doStart(781)) - Started o.e.j.w.WebAppContext@37f21974{/,file:///opt/src/hadoop-ozone/integration-test/target/test-classes/webapps/scm/,AVAILABLE}{/scm}
2019-06-12 16:04:32,729 INFO  server.AbstractConnector (AbstractConnector.java:doStart(278)) - Started ServerConnector@5fb97279{HTTP/1.1,[http/1.1]}{0.0.0.0:40025}
2019-06-12 16:04:32,729 INFO  server.Server (Server.java:doStart(419)) - Started @1909ms
2019-06-12 16:04:32,730 INFO  server.BaseHttpServer (BaseHttpServer.java:updateConnectorAddress(207)) - HTTP server of SCM is listening at http://0.0.0.0:40025
2019-06-12 16:04:32,733 DEBUG block.SCMBlockDeletingService (SCMBlockDeletingService.java:call(138)) - Running DeletedBlockTransactionScanner
2019-06-12 16:04:32,736 INFO  util.JvmPauseMonitor (JvmPauseMonitor.java:run(188)) - Starting JVM pause monitor
2019-06-12 16:04:32,739 WARN  scm.ScmUtils (ScmUtils.java:getDBPath(63)) - ozone.om.db.dirs is not configured. We recommend adding this setting. Falling back to ozone.metadata.dirs instead.
2019-06-12 16:04:32,739 DEBUG block.SCMBlockDeletingService (SCMBlockDeletingService.java:call(155)) - Scanned deleted blocks log and got 0 delTX to process.
2019-06-12 16:04:32,800 WARN  scm.ScmUtils (ScmUtils.java:getDBPath(63)) - ozone.om.db.dirs is not configured. We recommend adding this setting. Falling back to ozone.metadata.dirs instead.
2019-06-12 16:04:32,801 INFO  om.OzoneManager (OzoneManager.java:setOMNodeDetails(519)) - OM Service ID is not set. Setting it to the default ID: omServiceIdDefault
2019-06-12 16:04:32,801 INFO  om.OzoneManager (OzoneManager.java:setOMNodeDetails(525)) - OM Node ID is not set. Setting it to the OmStorage's OmID: 608db1f7-1403-477b-927a-9225f74946fb
2019-06-12 16:04:32,812 WARN  scm.HddsServerUtil (HddsServerUtil.java:getDefaultRatisDirectory(354)) - Storage directory for Ratis is not configured. It is a good idea to map this to an SSD disk. Falling back to ozone.metadata.dirs
2019-06-12 16:04:32,812 WARN  scm.HddsServerUtil (HddsServerUtil.java:getDefaultRatisDirectory(354)) - Storage directory for Ratis is not configured. It is a good idea to map this to an SSD disk. Falling back to ozone.metadata.dirs
2019-06-12 16:04:32,812 INFO  om.OzoneManager (OzoneManager.java:loadOMHAConfigs(476)) - Found matching OM address with OMServiceId: null, OMNodeId: null, RPC Address: localhost:0 and Ratis port: 9872
2019-06-12 16:04:32,841 DEBUG block.SCMBlockDeletingService (SCMBlockDeletingService.java:call(138)) - Running DeletedBlockTransactionScanner
2019-06-12 16:04:32,841 DEBUG block.SCMBlockDeletingService (SCMBlockDeletingService.java:call(155)) - Scanned deleted blocks log and got 0 delTX to process.
2019-06-12 16:04:32,941 DEBUG block.SCMBlockDeletingService (SCMBlockDeletingService.java:call(138)) - Running DeletedBlockTransactionScanner
2019-06-12 16:04:32,942 DEBUG block.SCMBlockDeletingService (SCMBlockDeletingService.java:call(155)) - Scanned deleted blocks log and got 0 delTX to process.
2019-06-12 16:04:32,991 WARN  scm.ScmUtils (ScmUtils.java:getDBPath(63)) - ozone.om.db.dirs is not configured. We recommend adding this setting. Falling back to ozone.metadata.dirs instead.
2019-06-12 16:04:32,996 INFO  db.DBStoreBuilder (DBStoreBuilder.java:addTable(110)) - using custom profile for table: userTable
2019-06-12 16:04:32,996 INFO  db.DBStoreBuilder (DBStoreBuilder.java:processTables(161)) - Using default column profile:DBProfile.DISK for Table:userTable
2019-06-12 16:04:32,997 INFO  db.DBStoreBuilder (DBStoreBuilder.java:addTable(110)) - using custom profile for table: volumeTable
2019-06-12 16:04:32,997 INFO  db.DBStoreBuilder (DBStoreBuilder.java:processTables(161)) - Using default column profile:DBProfile.DISK for Table:volumeTable
2019-06-12 16:04:32,997 INFO  db.DBStoreBuilder (DBStoreBuilder.java:addTable(110)) - using custom profile for table: bucketTable
2019-06-12 16:04:32,997 INFO  db.DBStoreBuilder (DBStoreBuilder.java:processTables(161)) - Using default column profile:DBProfile.DISK for Table:bucketTable
2019-06-12 16:04:32,997 INFO  db.DBStoreBuilder (DBStoreBuilder.java:addTable(110)) - using custom profile for table: keyTable
2019-06-12 16:04:32,997 INFO  db.DBStoreBuilder (DBStoreBuilder.java:processTables(161)) - Using default column profile:DBProfile.DISK for Table:keyTable
2019-06-12 16:04:32,998 INFO  db.DBStoreBuilder (DBStoreBuilder.java:addTable(110)) - using custom profile for table: deletedTable
2019-06-12 16:04:32,998 INFO  db.DBStoreBuilder (DBStoreBuilder.java:processTables(161)) - Using default column profile:DBProfile.DISK for Table:deletedTable
2019-06-12 16:04:32,998 INFO  db.DBStoreBuilder (DBStoreBuilder.java:addTable(110)) - using custom profile for table: openKeyTable
2019-06-12 16:04:32,998 INFO  db.DBStoreBuilder (DBStoreBuilder.java:processTables(161)) - Using default column profile:DBProfile.DISK for Table:openKeyTable
2019-06-12 16:04:32,998 INFO  db.DBStoreBuilder (DBStoreBuilder.java:addTable(110)) - using custom profile for table: s3Table
2019-06-12 16:04:32,999 INFO  db.DBStoreBuilder (DBStoreBuilder.java:processTables(161)) - Using default column profile:DBProfile.DISK for Table:s3Table
2019-06-12 16:04:32,999 INFO  db.DBStoreBuilder (DBStoreBuilder.java:addTable(110)) - using custom profile for table: multipartInfoTable
2019-06-12 16:04:32,999 INFO  db.DBStoreBuilder (DBStoreBuilder.java:processTables(161)) - Using default column profile:DBProfile.DISK for Table:multipartInfoTable
2019-06-12 16:04:32,999 INFO  db.DBStoreBuilder (DBStoreBuilder.java:addTable(110)) - using custom profile for table: dTokenTable
2019-06-12 16:04:32,999 INFO  db.DBStoreBuilder (DBStoreBuilder.java:processTables(161)) - Using default column profile:DBProfile.DISK for Table:dTokenTable
2019-06-12 16:04:33,000 INFO  db.DBStoreBuilder (DBStoreBuilder.java:addTable(110)) - using custom profile for table: s3SecretTable
2019-06-12 16:04:33,000 INFO  db.DBStoreBuilder (DBStoreBuilder.java:processTables(161)) - Using default column profile:DBProfile.DISK for Table:s3SecretTable
2019-06-12 16:04:33,000 INFO  db.DBStoreBuilder (DBStoreBuilder.java:addTable(110)) - using custom profile for table: prefixTable
2019-06-12 16:04:33,000 INFO  db.DBStoreBuilder (DBStoreBuilder.java:processTables(161)) - Using default column profile:DBProfile.DISK for Table:prefixTable
2019-06-12 16:04:33,001 INFO  db.DBStoreBuilder (DBStoreBuilder.java:addTable(110)) - using custom profile for table: default
2019-06-12 16:04:33,001 INFO  db.DBStoreBuilder (DBStoreBuilder.java:processTables(167)) - Using default column profile:DBProfile.DISK for Table:default
2019-06-12 16:04:33,001 INFO  db.DBStoreBuilder (DBStoreBuilder.java:getDbProfile(198)) - Using default options. DBProfile.DISK
2019-06-12 16:04:33,042 DEBUG block.SCMBlockDeletingService (SCMBlockDeletingService.java:call(138)) - Running DeletedBlockTransactionScanner
2019-06-12 16:04:33,042 DEBUG block.SCMBlockDeletingService (SCMBlockDeletingService.java:call(155)) - Scanned deleted blocks log and got 0 delTX to process.
2019-06-12 16:04:33,143 DEBUG block.SCMBlockDeletingService (SCMBlockDeletingService.java:call(138)) - Running DeletedBlockTransactionScanner
2019-06-12 16:04:33,143 DEBUG block.SCMBlockDeletingService (SCMBlockDeletingService.java:call(155)) - Scanned deleted blocks log and got 0 delTX to process.
2019-06-12 16:04:33,244 DEBUG block.SCMBlockDeletingService (SCMBlockDeletingService.java:call(138)) - Running DeletedBlockTransactionScanner
2019-06-12 16:04:33,244 DEBUG block.SCMBlockDeletingService (SCMBlockDeletingService.java:call(155)) - Scanned deleted blocks log and got 0 delTX to process.
2019-06-12 16:04:33,344 DEBUG block.SCMBlockDeletingService (SCMBlockDeletingService.java:call(138)) - Running DeletedBlockTransactionScanner
2019-06-12 16:04:33,345 DEBUG block.SCMBlockDeletingService (SCMBlockDeletingService.java:call(155)) - Scanned deleted blocks log and got 0 delTX to process.
2019-06-12 16:04:33,445 DEBUG block.SCMBlockDeletingService (SCMBlockDeletingService.java:call(138)) - Running DeletedBlockTransactionScanner
2019-06-12 16:04:33,446 DEBUG block.SCMBlockDeletingService (SCMBlockDeletingService.java:call(155)) - Scanned deleted blocks log and got 0 delTX to process.
2019-06-12 16:04:33,483 INFO  ipc.CallQueueManager (CallQueueManager.java:<init>(84)) - Using callQueue: class java.util.concurrent.LinkedBlockingQueue, queueCapacity: 2000, scheduler: class org.apache.hadoop.ipc.DefaultRpcScheduler, ipcBackoff: false.
2019-06-12 16:04:33,484 INFO  ipc.Server (Server.java:run(1074)) - Starting Socket Reader #1 for port 44705
2019-06-12 16:04:33,502 WARN  scm.ScmUtils (ScmUtils.java:getDBPath(63)) - ozone.om.db.dirs is not configured. We recommend adding this setting. Falling back to ozone.metadata.dirs instead.
2019-06-12 16:04:33,502 INFO  om.OzoneManager (OzoneManager.java:start(1217)) - OzoneManager RPC server is listening at localhost/127.0.0.1:44705
2019-06-12 16:04:33,502 INFO  impl.MetricsSystemImpl (MetricsSystemImpl.java:init(158)) - OzoneManager metrics system started (again)
2019-06-12 16:04:33,503 INFO  ipc.Server (Server.java:run(1314)) - IPC Server Responder: starting
2019-06-12 16:04:33,503 INFO  ipc.Server (Server.java:run(1153)) - IPC Server listener on 44705: starting
2019-06-12 16:04:33,515 INFO  hdfs.DFSUtil (DFSUtil.java:httpServerTemplateForNNAndJN(1641)) - Starting Web-server for ozoneManager at: http://0.0.0.0:0
2019-06-12 16:04:33,517 INFO  server.AuthenticationFilter (AuthenticationFilter.java:constructSecretProvider(240)) - Unable to initialize FileSignerSecretProvider, falling back to use random secrets.
2019-06-12 16:04:33,517 WARN  http.HttpRequestLog (HttpRequestLog.java:getRequestLog(97)) - Jetty request log can only be enabled using Log4j
2019-06-12 16:04:33,519 INFO  http.HttpServer2 (HttpServer2.java:addGlobalFilter(975)) - Added global filter 'safety' (class=org.apache.hadoop.http.HttpServer2$QuotingInputFilter)
2019-06-12 16:04:33,520 INFO  http.HttpServer2 (HttpServer2.java:addFilter(948)) - Added filter static_user_filter (class=org.apache.hadoop.http.lib.StaticUserWebFilter$StaticUserFilter) to context ozoneManager
2019-06-12 16:04:33,520 INFO  http.HttpServer2 (HttpServer2.java:addFilter(958)) - Added filter static_user_filter (class=org.apache.hadoop.http.lib.StaticUserWebFilter$StaticUserFilter) to context logs
2019-06-12 16:04:33,520 INFO  http.HttpServer2 (HttpServer2.java:addFilter(958)) - Added filter static_user_filter (class=org.apache.hadoop.http.lib.StaticUserWebFilter$StaticUserFilter) to context static
2019-06-12 16:04:33,522 INFO  http.HttpServer2 (HttpServer2.java:bindListener(1191)) - Jetty bound to port 45105
2019-06-12 16:04:33,522 INFO  server.Server (Server.java:doStart(351)) - jetty-9.3.24.v20180605, build timestamp: 2018-06-05T17:11:56Z, git hash: 84205aa28f11a4f31f2a3b86d1bba2cc8ab69827
2019-06-12 16:04:33,524 INFO  handler.ContextHandler (ContextHandler.java:doStart(781)) - Started o.e.j.s.ServletContextHandler@378bd86d{/logs,file:///opt/src/hadoop-ozone/integration-test/target/log,AVAILABLE}
2019-06-12 16:04:33,524 INFO  handler.ContextHandler (ContextHandler.java:doStart(781)) - Started o.e.j.s.ServletContextHandler@69b2f8e5{/static,file:///opt/src/hadoop-ozone/integration-test/target/test-classes/webapps/static,AVAILABLE}
2019-06-12 16:04:33,529 INFO  handler.ContextHandler (ContextHandler.java:doStart(781)) - Started o.e.j.w.WebAppContext@43b0ade{/,file:///opt/src/hadoop-ozone/integration-test/target/test-classes/webapps/ozoneManager/,AVAILABLE}{/ozoneManager}
2019-06-12 16:04:33,529 INFO  server.AbstractConnector (AbstractConnector.java:doStart(278)) - Started ServerConnector@5395ea39{HTTP/1.1,[http/1.1]}{0.0.0.0:45105}
2019-06-12 16:04:33,529 INFO  server.Server (Server.java:doStart(419)) - Started @2709ms
2019-06-12 16:04:33,530 INFO  server.BaseHttpServer (BaseHttpServer.java:updateConnectorAddress(207)) - HTTP server of OZONEMANAGER is listening at http://0.0.0.0:45105
2019-06-12 16:04:33,546 DEBUG block.SCMBlockDeletingService (SCMBlockDeletingService.java:call(138)) - Running DeletedBlockTransactionScanner
2019-06-12 16:04:33,546 DEBUG block.SCMBlockDeletingService (SCMBlockDeletingService.java:call(155)) - Scanned deleted blocks log and got 0 delTX to process.
2019-06-12 16:04:33,646 INFO  impl.MetricsSystemImpl (MetricsSystemImpl.java:init(158)) - HddsDatanode metrics system started (again)
2019-06-12 16:04:33,647 DEBUG block.SCMBlockDeletingService (SCMBlockDeletingService.java:call(138)) - Running DeletedBlockTransactionScanner
2019-06-12 16:04:33,647 DEBUG block.SCMBlockDeletingService (SCMBlockDeletingService.java:call(155)) - Scanned deleted blocks log and got 0 delTX to process.
2019-06-12 16:04:33,747 DEBUG block.SCMBlockDeletingService (SCMBlockDeletingService.java:call(138)) - Running DeletedBlockTransactionScanner
2019-06-12 16:04:33,748 DEBUG block.SCMBlockDeletingService (SCMBlockDeletingService.java:call(155)) - Scanned deleted blocks log and got 0 delTX to process.
2019-06-12 16:04:33,780 INFO  ozone.HddsDatanodeService (HddsDatanodeService.java:start(185)) - HddsDatanodeService host:ozone-bzwcn-1332811729 ip:192.168.134.73
2019-06-12 16:04:33,800 INFO  volume.HddsVolume (HddsVolume.java:<init>(176)) - Creating Volume: /opt/src/hadoop-ozone/integration-test/target/test-dir/MiniOzoneClusterImpl-a1c7246e-c692-4524-ad55-32b507b20431/datanode-0/data/containers/hdds of  storage type : DISK and capacity : 104021790720
2019-06-12 16:04:33,801 INFO  volume.VolumeSet (VolumeSet.java:initializeVolumeSet(170)) - Added Volume : /opt/src/hadoop-ozone/integration-test/target/test-dir/MiniOzoneClusterImpl-a1c7246e-c692-4524-ad55-32b507b20431/datanode-0/data/containers/hdds to VolumeSet
2019-06-12 16:04:33,803 INFO  volume.ThrottledAsyncChecker (ThrottledAsyncChecker.java:schedule(140)) - Scheduling a check for org.apache.hadoop.ozone.container.common.volume.HddsVolume@ae7950d
2019-06-12 16:04:33,817 INFO  volume.HddsVolumeChecker (HddsVolumeChecker.java:checkAllVolumes(203)) - Scheduled health check for volume org.apache.hadoop.ozone.container.common.volume.HddsVolume@ae7950d
2019-06-12 16:04:33,848 DEBUG block.SCMBlockDeletingService (SCMBlockDeletingService.java:call(138)) - Running DeletedBlockTransactionScanner
2019-06-12 16:04:33,849 DEBUG block.SCMBlockDeletingService (SCMBlockDeletingService.java:call(155)) - Scanned deleted blocks log and got 0 delTX to process.
2019-06-12 16:04:33,853 INFO  ratis.XceiverServerRatis (XceiverServerRatis.java:newXceiverServerRatis(401)) - Found a free port for the server : 33311
2019-06-12 16:04:33,914 INFO  impl.RaftServerProxy (ConfUtils.java:logGet(43)) - raft.rpc.type = GRPC (default)
2019-06-12 16:04:33,922 INFO  grpc.GrpcConfigKeys$Server (ConfUtils.java:logGet(43)) - raft.grpc.server.port = 33311 (custom)
2019-06-12 16:04:33,923 INFO  server.GrpcService (ConfUtils.java:logGet(43)) - raft.grpc.message.size.max = 33570816 (custom)
2019-06-12 16:04:33,925 INFO  server.RaftServerConfigKeys (ConfUtils.java:logGet(43)) - raft.server.log.appender.buffer.byte-limit = 33554432 (custom)
2019-06-12 16:04:33,925 INFO  server.GrpcService (ConfUtils.java:logGet(43)) - raft.grpc.flow.control.window = 1MB (=1048576) (default)
2019-06-12 16:04:33,926 INFO  server.RaftServerConfigKeys (ConfUtils.java:logGet(43)) - raft.server.rpc.request.timeout = 3000ms (default)
2019-06-12 16:04:33,949 DEBUG block.SCMBlockDeletingService (SCMBlockDeletingService.java:call(138)) - Running DeletedBlockTransactionScanner
2019-06-12 16:04:33,950 DEBUG block.SCMBlockDeletingService (SCMBlockDeletingService.java:call(155)) - Scanned deleted blocks log and got 0 delTX to process.
2019-06-12 16:04:34,041 INFO  server.RaftServerConfigKeys (ConfUtils.java:logGet(43)) - raft.server.storage.dir = [/opt/src/hadoop-ozone/integration-test/target/test-dir/MiniOzoneClusterImpl-a1c7246e-c692-4524-ad55-32b507b20431/datanode-0/data/ratis] (custom)
2019-06-12 16:04:34,046 INFO  server.XceiverServerGrpc (XceiverServerGrpc.java:<init>(97)) - Found a free port for the server : 45905
2019-06-12 16:04:34,050 DEBUG block.SCMBlockDeletingService (SCMBlockDeletingService.java:call(138)) - Running DeletedBlockTransactionScanner
2019-06-12 16:04:34,050 DEBUG block.SCMBlockDeletingService (SCMBlockDeletingService.java:call(155)) - Scanned deleted blocks log and got 0 delTX to process.
2019-06-12 16:04:34,067 INFO  replication.SimpleContainerDownloader (SimpleContainerDownloader.java:<init>(72)) - Starting container downloader service to copy containers to replicate.
2019-06-12 16:04:34,076 INFO  hdfs.DFSUtil (DFSUtil.java:httpServerTemplateForNNAndJN(1641)) - Starting Web-server for hddsDatanode at: http://0.0.0.0:0
2019-06-12 16:04:34,077 INFO  server.AuthenticationFilter (AuthenticationFilter.java:constructSecretProvider(240)) - Unable to initialize FileSignerSecretProvider, falling back to use random secrets.
2019-06-12 16:04:34,077 WARN  http.HttpRequestLog (HttpRequestLog.java:getRequestLog(97)) - Jetty request log can only be enabled using Log4j
2019-06-12 16:04:34,079 INFO  http.HttpServer2 (HttpServer2.java:addGlobalFilter(975)) - Added global filter 'safety' (class=org.apache.hadoop.http.HttpServer2$QuotingInputFilter)
2019-06-12 16:04:34,079 INFO  http.HttpServer2 (HttpServer2.java:addFilter(948)) - Added filter static_user_filter (class=org.apache.hadoop.http.lib.StaticUserWebFilter$StaticUserFilter) to context hddsDatanode
2019-06-12 16:04:34,079 INFO  http.HttpServer2 (HttpServer2.java:addFilter(958)) - Added filter static_user_filter (class=org.apache.hadoop.http.lib.StaticUserWebFilter$StaticUserFilter) to context logs
2019-06-12 16:04:34,080 INFO  http.HttpServer2 (HttpServer2.java:addFilter(958)) - Added filter static_user_filter (class=org.apache.hadoop.http.lib.StaticUserWebFilter$StaticUserFilter) to context static
2019-06-12 16:04:34,080 INFO  http.HttpServer2 (HttpServer2.java:bindListener(1191)) - Jetty bound to port 33101
2019-06-12 16:04:34,081 INFO  server.Server (Server.java:doStart(351)) - jetty-9.3.24.v20180605, build timestamp: 2018-06-05T17:11:56Z, git hash: 84205aa28f11a4f31f2a3b86d1bba2cc8ab69827
2019-06-12 16:04:34,082 INFO  handler.ContextHandler (ContextHandler.java:doStart(781)) - Started o.e.j.s.ServletContextHandler@6438a7fe{/logs,file:///opt/src/hadoop-ozone/integration-test/target/log,AVAILABLE}
2019-06-12 16:04:34,083 INFO  handler.ContextHandler (ContextHandler.java:doStart(781)) - Started o.e.j.s.ServletContextHandler@4f5f6e45{/static,jar:file:/root/.m2/repository/org/apache/hadoop/hadoop-hdds-container-service/0.5.0-SNAPSHOT/hadoop-hdds-container-service-0.5.0-SNAPSHOT.jar!/webapps/static,AVAILABLE}
2019-06-12 16:04:34,116 INFO  handler.ContextHandler (ContextHandler.java:doStart(781)) - Started o.e.j.w.WebAppContext@36c0d0bd{/,file:///tmp/jetty-0.0.0.0-33101-hddsDatanode-_-any-1935775198012496145.dir/webapp/,AVAILABLE}{/hddsDatanode}
2019-06-12 16:04:34,117 INFO  server.AbstractConnector (AbstractConnector.java:doStart(278)) - Started ServerConnector@5e1fc2aa{HTTP/1.1,[http/1.1]}{0.0.0.0:33101}
2019-06-12 16:04:34,117 INFO  server.Server (Server.java:doStart(419)) - Started @3297ms
2019-06-12 16:04:34,118 INFO  server.BaseHttpServer (BaseHttpServer.java:updateConnectorAddress(207)) - HTTP server of HDDSDATANODE is listening at http://0.0.0.0:33101
2019-06-12 16:04:34,151 DEBUG block.SCMBlockDeletingService (SCMBlockDeletingService.java:call(138)) - Running DeletedBlockTransactionScanner
2019-06-12 16:04:34,151 DEBUG block.SCMBlockDeletingService (SCMBlockDeletingService.java:call(155)) - Scanned deleted blocks log and got 0 delTX to process.
2019-06-12 16:04:34,251 DEBUG block.SCMBlockDeletingService (SCMBlockDeletingService.java:call(138)) - Running DeletedBlockTransactionScanner
2019-06-12 16:04:34,252 DEBUG block.SCMBlockDeletingService (SCMBlockDeletingService.java:call(155)) - Scanned deleted blocks log and got 0 delTX to process.
2019-06-12 16:04:34,352 DEBUG block.SCMBlockDeletingService (SCMBlockDeletingService.java:call(138)) - Running DeletedBlockTransactionScanner
2019-06-12 16:04:34,352 DEBUG block.SCMBlockDeletingService (SCMBlockDeletingService.java:call(155)) - Scanned deleted blocks log and got 0 delTX to process.
2019-06-12 16:04:34,453 DEBUG block.SCMBlockDeletingService (SCMBlockDeletingService.java:call(138)) - Running DeletedBlockTransactionScanner
2019-06-12 16:04:34,453 DEBUG block.SCMBlockDeletingService (SCMBlockDeletingService.java:call(155)) - Scanned deleted blocks log and got 0 delTX to process.
2019-06-12 16:04:34,553 DEBUG block.SCMBlockDeletingService (SCMBlockDeletingService.java:call(138)) - Running DeletedBlockTransactionScanner
2019-06-12 16:04:34,554 DEBUG block.SCMBlockDeletingService (SCMBlockDeletingService.java:call(155)) - Scanned deleted blocks log and got 0 delTX to process.
2019-06-12 16:04:34,667 DEBUG block.SCMBlockDeletingService (SCMBlockDeletingService.java:call(138)) - Running DeletedBlockTransactionScanner
2019-06-12 16:04:34,668 DEBUG block.SCMBlockDeletingService (SCMBlockDeletingService.java:call(155)) - Scanned deleted blocks log and got 0 delTX to process.
2019-06-12 16:04:34,768 DEBUG block.SCMBlockDeletingService (SCMBlockDeletingService.java:call(138)) - Running DeletedBlockTransactionScanner
2019-06-12 16:04:34,769 DEBUG block.SCMBlockDeletingService (SCMBlockDeletingService.java:call(155)) - Scanned deleted blocks log and got 0 delTX to process.
2019-06-12 16:04:34,869 DEBUG block.SCMBlockDeletingService (SCMBlockDeletingService.java:call(138)) - Running DeletedBlockTransactionScanner
2019-06-12 16:04:34,869 DEBUG block.SCMBlockDeletingService (SCMBlockDeletingService.java:call(155)) - Scanned deleted blocks log and got 0 delTX to process.
2019-06-12 16:04:34,970 DEBUG block.SCMBlockDeletingService (SCMBlockDeletingService.java:call(138)) - Running DeletedBlockTransactionScanner
2019-06-12 16:04:34,970 DEBUG block.SCMBlockDeletingService (SCMBlockDeletingService.java:call(155)) - Scanned deleted blocks log and got 0 delTX to process.
2019-06-12 16:04:35,070 DEBUG block.SCMBlockDeletingService (SCMBlockDeletingService.java:call(138)) - Running DeletedBlockTransactionScanner
2019-06-12 16:04:35,071 DEBUG block.SCMBlockDeletingService (SCMBlockDeletingService.java:call(155)) - Scanned deleted blocks log and got 0 delTX to process.
2019-06-12 16:04:35,172 DEBUG block.SCMBlockDeletingService (SCMBlockDeletingService.java:call(138)) - Running DeletedBlockTransactionScanner
2019-06-12 16:04:35,172 DEBUG block.SCMBlockDeletingService (SCMBlockDeletingService.java:call(155)) - Scanned deleted blocks log and got 0 delTX to process.
2019-06-12 16:04:35,178 INFO  ozone.HddsDatanodeService (HddsDatanodeService.java:startPlugins(396)) - Started plug-in org.apache.hadoop.ozone.web.OzoneHddsDatanodeService@433d9680
2019-06-12 16:04:35,179 INFO  ozone.MiniOzoneClusterImpl (MiniOzoneClusterImpl.java:lambda$waitForClusterToBeReady$0(142)) - Waiting for cluster to be ready. Got 0 of 1 DN Heartbeats.
2019-06-12 16:04:35,183 INFO  util.JvmPauseMonitor (JvmPauseMonitor.java:run(188)) - Starting JVM pause monitor
2019-06-12 16:04:35,252 INFO  datanode.InitDatanodeState (InitDatanodeState.java:persistContainerDatanodeDetails(140)) - DatanodeDetails is persisted to /opt/src/hadoop-ozone/integration-test/target/test-dir/MiniOzoneClusterImpl-a1c7246e-c692-4524-ad55-32b507b20431/datanode-0/meta/datanode.id
2019-06-12 16:04:35,273 DEBUG block.SCMBlockDeletingService (SCMBlockDeletingService.java:call(138)) - Running DeletedBlockTransactionScanner
2019-06-12 16:04:35,273 DEBUG block.SCMBlockDeletingService (SCMBlockDeletingService.java:call(155)) - Scanned deleted blocks log and got 0 delTX to process.
2019-06-12 16:04:35,373 DEBUG block.SCMBlockDeletingService (SCMBlockDeletingService.java:call(138)) - Running DeletedBlockTransactionScanner
2019-06-12 16:04:35,373 DEBUG block.SCMBlockDeletingService (SCMBlockDeletingService.java:call(155)) - Scanned deleted blocks log and got 0 delTX to process.
2019-06-12 16:04:35,474 DEBUG block.SCMBlockDeletingService (SCMBlockDeletingService.java:call(138)) - Running DeletedBlockTransactionScanner
2019-06-12 16:04:35,474 DEBUG block.SCMBlockDeletingService (SCMBlockDeletingService.java:call(155)) - Scanned deleted blocks log and got 0 delTX to process.
2019-06-12 16:04:35,574 DEBUG block.SCMBlockDeletingService (SCMBlockDeletingService.java:call(138)) - Running DeletedBlockTransactionScanner
2019-06-12 16:04:35,575 DEBUG block.SCMBlockDeletingService (SCMBlockDeletingService.java:call(155)) - Scanned deleted blocks log and got 0 delTX to process.
2019-06-12 16:04:35,675 DEBUG block.SCMBlockDeletingService (SCMBlockDeletingService.java:call(138)) - Running DeletedBlockTransactionScanner
2019-06-12 16:04:35,675 DEBUG block.SCMBlockDeletingService (SCMBlockDeletingService.java:call(155)) - Scanned deleted blocks log and got 0 delTX to process.
2019-06-12 16:04:35,775 DEBUG block.SCMBlockDeletingService (SCMBlockDeletingService.java:call(138)) - Running DeletedBlockTransactionScanner
2019-06-12 16:04:35,776 DEBUG block.SCMBlockDeletingService (SCMBlockDeletingService.java:call(155)) - Scanned deleted blocks log and got 0 delTX to process.
2019-06-12 16:04:35,876 DEBUG block.SCMBlockDeletingService (SCMBlockDeletingService.java:call(138)) - Running DeletedBlockTransactionScanner
2019-06-12 16:04:35,876 DEBUG block.SCMBlockDeletingService (SCMBlockDeletingService.java:call(155)) - Scanned deleted blocks log and got 0 delTX to process.
2019-06-12 16:04:35,976 DEBUG block.SCMBlockDeletingService (SCMBlockDeletingService.java:call(138)) - Running DeletedBlockTransactionScanner
2019-06-12 16:04:35,977 DEBUG block.SCMBlockDeletingService (SCMBlockDeletingService.java:call(155)) - Scanned deleted blocks log and got 0 delTX to process.
2019-06-12 16:04:36,077 DEBUG block.SCMBlockDeletingService (SCMBlockDeletingService.java:call(138)) - Running DeletedBlockTransactionScanner
2019-06-12 16:04:36,077 DEBUG block.SCMBlockDeletingService (SCMBlockDeletingService.java:call(155)) - Scanned deleted blocks log and got 0 delTX to process.
2019-06-12 16:04:36,178 DEBUG block.SCMBlockDeletingService (SCMBlockDeletingService.java:call(138)) - Running DeletedBlockTransactionScanner
2019-06-12 16:04:36,178 DEBUG block.SCMBlockDeletingService (SCMBlockDeletingService.java:call(155)) - Scanned deleted blocks log and got 0 delTX to process.
2019-06-12 16:04:36,179 INFO  ozone.MiniOzoneClusterImpl (MiniOzoneClusterImpl.java:lambda$waitForClusterToBeReady$0(142)) - Waiting for cluster to be ready. Got 0 of 1 DN Heartbeats.
2019-06-12 16:04:36,278 DEBUG block.SCMBlockDeletingService (SCMBlockDeletingService.java:call(138)) - Running DeletedBlockTransactionScanner
2019-06-12 16:04:36,278 DEBUG block.SCMBlockDeletingService (SCMBlockDeletingService.java:call(155)) - Scanned deleted blocks log and got 0 delTX to process.
2019-06-12 16:04:36,379 DEBUG block.SCMBlockDeletingService (SCMBlockDeletingService.java:call(138)) - Running DeletedBlockTransactionScanner
2019-06-12 16:04:36,379 DEBUG block.SCMBlockDeletingService (SCMBlockDeletingService.java:call(155)) - Scanned deleted blocks log and got 0 delTX to process.
2019-06-12 16:04:36,480 DEBUG block.SCMBlockDeletingService (SCMBlockDeletingService.java:call(138)) - Running DeletedBlockTransactionScanner
2019-06-12 16:04:36,480 DEBUG block.SCMBlockDeletingService (SCMBlockDeletingService.java:call(155)) - Scanned deleted blocks log and got 0 delTX to process.
2019-06-12 16:04:36,580 DEBUG block.SCMBlockDeletingService (SCMBlockDeletingService.java:call(138)) - Running DeletedBlockTransactionScanner
2019-06-12 16:04:36,580 DEBUG block.SCMBlockDeletingService (SCMBlockDeletingService.java:call(155)) - Scanned deleted blocks log and got 0 delTX to process.
2019-06-12 16:04:36,681 DEBUG block.SCMBlockDeletingService (SCMBlockDeletingService.java:call(138)) - Running DeletedBlockTransactionScanner
2019-06-12 16:04:36,681 DEBUG block.SCMBlockDeletingService (SCMBlockDeletingService.java:call(155)) - Scanned deleted blocks log and got 0 delTX to process.
2019-06-12 16:04:36,781 DEBUG block.SCMBlockDeletingService (SCMBlockDeletingService.java:call(138)) - Running DeletedBlockTransactionScanner
2019-06-12 16:04:36,782 DEBUG block.SCMBlockDeletingService (SCMBlockDeletingService.java:call(155)) - Scanned deleted blocks log and got 0 delTX to process.
2019-06-12 16:04:36,882 DEBUG block.SCMBlockDeletingService (SCMBlockDeletingService.java:call(138)) - Running DeletedBlockTransactionScanner
2019-06-12 16:04:36,882 DEBUG block.SCMBlockDeletingService (SCMBlockDeletingService.java:call(155)) - Scanned deleted blocks log and got 0 delTX to process.
2019-06-12 16:04:36,982 DEBUG block.SCMBlockDeletingService (SCMBlockDeletingService.java:call(138)) - Running DeletedBlockTransactionScanner
2019-06-12 16:04:36,983 DEBUG block.SCMBlockDeletingService (SCMBlockDeletingService.java:call(155)) - Scanned deleted blocks log and got 0 delTX to process.
2019-06-12 16:04:37,083 DEBUG block.SCMBlockDeletingService (SCMBlockDeletingService.java:call(138)) - Running DeletedBlockTransactionScanner
2019-06-12 16:04:37,083 DEBUG block.SCMBlockDeletingService (SCMBlockDeletingService.java:call(155)) - Scanned deleted blocks log and got 0 delTX to process.
2019-06-12 16:04:37,180 INFO  ozone.MiniOzoneClusterImpl (MiniOzoneClusterImpl.java:lambda$waitForClusterToBeReady$0(142)) - Waiting for cluster to be ready. Got 0 of 1 DN Heartbeats.
2019-06-12 16:04:37,183 DEBUG block.SCMBlockDeletingService (SCMBlockDeletingService.java:call(138)) - Running DeletedBlockTransactionScanner
2019-06-12 16:04:37,184 DEBUG block.SCMBlockDeletingService (SCMBlockDeletingService.java:call(155)) - Scanned deleted blocks log and got 0 delTX to process.
2019-06-12 16:04:37,204 INFO  ozoneimpl.OzoneContainer (OzoneContainer.java:start(186)) - Attempting to start container services.
2019-06-12 16:04:37,204 INFO  ozoneimpl.OzoneContainer (OzoneContainer.java:startContainerScrub(160)) - Background container scrubber has been disabled by hdds.containerscrub.enabled
2019-06-12 16:04:37,204 INFO  ratis.XceiverServerRatis (XceiverServerRatis.java:start(418)) - Starting XceiverServerRatis ffc7b071-00b3-4a69-8de5-2639a1a8d8ac at port 33311
2019-06-12 16:04:37,222 INFO  impl.RaftServerProxy (RaftServerProxy.java:lambda$start$3(299)) - ffc7b071-00b3-4a69-8de5-2639a1a8d8ac: start RPC server
2019-06-12 16:04:37,284 DEBUG block.SCMBlockDeletingService (SCMBlockDeletingService.java:call(138)) - Running DeletedBlockTransactionScanner
2019-06-12 16:04:37,284 DEBUG block.SCMBlockDeletingService (SCMBlockDeletingService.java:call(155)) - Scanned deleted blocks log and got 0 delTX to process.
2019-06-12 16:04:37,353 INFO  server.GrpcService (GrpcService.java:startImpl(148)) - ffc7b071-00b3-4a69-8de5-2639a1a8d8ac: GrpcService started, listening on 0.0.0.0/0.0.0.0:33311
2019-06-12 16:04:37,385 DEBUG block.SCMBlockDeletingService (SCMBlockDeletingService.java:call(138)) - Running DeletedBlockTransactionScanner
2019-06-12 16:04:37,385 DEBUG block.SCMBlockDeletingService (SCMBlockDeletingService.java:call(155)) - Scanned deleted blocks log and got 0 delTX to process.
2019-06-12 16:04:37,485 DEBUG block.SCMBlockDeletingService (SCMBlockDeletingService.java:call(138)) - Running DeletedBlockTransactionScanner
2019-06-12 16:04:37,486 DEBUG block.SCMBlockDeletingService (SCMBlockDeletingService.java:call(155)) - Scanned deleted blocks log and got 0 delTX to process.
2019-06-12 16:04:37,586 DEBUG block.SCMBlockDeletingService (SCMBlockDeletingService.java:call(138)) - Running DeletedBlockTransactionScanner
2019-06-12 16:04:37,586 DEBUG block.SCMBlockDeletingService (SCMBlockDeletingService.java:call(155)) - Scanned deleted blocks log and got 0 delTX to process.
2019-06-12 16:04:37,687 DEBUG block.SCMBlockDeletingService (SCMBlockDeletingService.java:call(138)) - Running DeletedBlockTransactionScanner
2019-06-12 16:04:37,687 DEBUG block.SCMBlockDeletingService (SCMBlockDeletingService.java:call(155)) - Scanned deleted blocks log and got 0 delTX to process.
2019-06-12 16:04:37,787 DEBUG block.SCMBlockDeletingService (SCMBlockDeletingService.java:call(138)) - Running DeletedBlockTransactionScanner
2019-06-12 16:04:37,788 DEBUG block.SCMBlockDeletingService (SCMBlockDeletingService.java:call(155)) - Scanned deleted blocks log and got 0 delTX to process.
2019-06-12 16:04:37,888 DEBUG block.SCMBlockDeletingService (SCMBlockDeletingService.java:call(138)) - Running DeletedBlockTransactionScanner
2019-06-12 16:04:37,888 DEBUG block.SCMBlockDeletingService (SCMBlockDeletingService.java:call(155)) - Scanned deleted blocks log and got 0 delTX to process.
2019-06-12 16:04:37,988 DEBUG block.SCMBlockDeletingService (SCMBlockDeletingService.java:call(138)) - Running DeletedBlockTransactionScanner
2019-06-12 16:04:37,989 DEBUG block.SCMBlockDeletingService (SCMBlockDeletingService.java:call(155)) - Scanned deleted blocks log and got 0 delTX to process.
2019-06-12 16:04:38,089 DEBUG block.SCMBlockDeletingService (SCMBlockDeletingService.java:call(138)) - Running DeletedBlockTransactionScanner
2019-06-12 16:04:38,091 DEBUG block.SCMBlockDeletingService (SCMBlockDeletingService.java:call(155)) - Scanned deleted blocks log and got 0 delTX to process.
2019-06-12 16:04:38,180 INFO  ozone.MiniOzoneClusterImpl (MiniOzoneClusterImpl.java:lambda$waitForClusterToBeReady$0(142)) - Waiting for cluster to be ready. Got 0 of 1 DN Heartbeats.
2019-06-12 16:04:38,191 DEBUG block.SCMBlockDeletingService (SCMBlockDeletingService.java:call(138)) - Running DeletedBlockTransactionScanner
2019-06-12 16:04:38,191 DEBUG block.SCMBlockDeletingService (SCMBlockDeletingService.java:call(155)) - Scanned deleted blocks log and got 0 delTX to process.
2019-06-12 16:04:38,292 DEBUG block.SCMBlockDeletingService (SCMBlockDeletingService.java:call(138)) - Running DeletedBlockTransactionScanner
2019-06-12 16:04:38,292 DEBUG block.SCMBlockDeletingService (SCMBlockDeletingService.java:call(155)) - Scanned deleted blocks log and got 0 delTX to process.
2019-06-12 16:04:38,392 DEBUG block.SCMBlockDeletingService (SCMBlockDeletingService.java:call(138)) - Running DeletedBlockTransactionScanner
2019-06-12 16:04:38,392 DEBUG block.SCMBlockDeletingService (SCMBlockDeletingService.java:call(155)) - Scanned deleted blocks log and got 0 delTX to process.
2019-06-12 16:04:38,493 DEBUG block.SCMBlockDeletingService (SCMBlockDeletingService.java:call(138)) - Running DeletedBlockTransactionScanner
2019-06-12 16:04:38,493 DEBUG block.SCMBlockDeletingService (SCMBlockDeletingService.java:call(155)) - Scanned deleted blocks log and got 0 delTX to process.
2019-06-12 16:04:38,593 DEBUG block.SCMBlockDeletingService (SCMBlockDeletingService.java:call(138)) - Running DeletedBlockTransactionScanner
2019-06-12 16:04:38,593 DEBUG block.SCMBlockDeletingService (SCMBlockDeletingService.java:call(155)) - Scanned deleted blocks log and got 0 delTX to process.
2019-06-12 16:04:38,694 DEBUG block.SCMBlockDeletingService (SCMBlockDeletingService.java:call(138)) - Running DeletedBlockTransactionScanner
2019-06-12 16:04:38,694 DEBUG block.SCMBlockDeletingService (SCMBlockDeletingService.java:call(155)) - Scanned deleted blocks log and got 0 delTX to process.
2019-06-12 16:04:38,794 DEBUG block.SCMBlockDeletingService (SCMBlockDeletingService.java:call(138)) - Running DeletedBlockTransactionScanner
2019-06-12 16:04:38,795 DEBUG block.SCMBlockDeletingService (SCMBlockDeletingService.java:call(155)) - Scanned deleted blocks log and got 0 delTX to process.
2019-06-12 16:04:38,895 DEBUG block.SCMBlockDeletingService (SCMBlockDeletingService.java:call(138)) - Running DeletedBlockTransactionScanner
2019-06-12 16:04:38,895 DEBUG block.SCMBlockDeletingService (SCMBlockDeletingService.java:call(155)) - Scanned deleted blocks log and got 0 delTX to process.
2019-06-12 16:04:38,995 DEBUG block.SCMBlockDeletingService (SCMBlockDeletingService.java:call(138)) - Running DeletedBlockTransactionScanner
2019-06-12 16:04:38,996 DEBUG block.SCMBlockDeletingService (SCMBlockDeletingService.java:call(155)) - Scanned deleted blocks log and got 0 delTX to process.
2019-06-12 16:04:39,096 DEBUG block.SCMBlockDeletingService (SCMBlockDeletingService.java:call(138)) - Running DeletedBlockTransactionScanner
2019-06-12 16:04:39,096 DEBUG block.SCMBlockDeletingService (SCMBlockDeletingService.java:call(155)) - Scanned deleted blocks log and got 0 delTX to process.
2019-06-12 16:04:39,180 INFO  ozone.MiniOzoneClusterImpl (MiniOzoneClusterImpl.java:lambda$waitForClusterToBeReady$0(142)) - Waiting for cluster to be ready. Got 0 of 1 DN Heartbeats.
2019-06-12 16:04:39,196 DEBUG block.SCMBlockDeletingService (SCMBlockDeletingService.java:call(138)) - Running DeletedBlockTransactionScanner
2019-06-12 16:04:39,197 DEBUG block.SCMBlockDeletingService (SCMBlockDeletingService.java:call(155)) - Scanned deleted blocks log and got 0 delTX to process.
2019-06-12 16:04:39,199 INFO  node.SCMNodeManager (SCMNodeManager.java:register(234)) - Registered Data node : ffc7b071-00b3-4a69-8de5-2639a1a8d8ac{ip: 192.168.134.73, host: ozone-bzwcn-1332811729, networkLocation: /default-rack, certSerialId: null}
2019-06-12 16:04:39,202 INFO  safemode.SCMSafeModeManager (DataNodeSafeModeRule.java:process(71)) - SCM in safe mode. 1 DataNodes registered, 1 required.
2019-06-12 16:04:39,202 INFO  safemode.SCMSafeModeManager (SCMSafeModeManager.java:validateSafeModeExitRules(177)) - ScmSafeModeManager, all rules are successfully validated
2019-06-12 16:04:39,202 INFO  safemode.SCMSafeModeManager (SCMSafeModeManager.java:exitSafeMode(193)) - SCM exiting safe mode.
2019-06-12 16:04:39,310 DEBUG block.SCMBlockDeletingService (SCMBlockDeletingService.java:call(138)) - Running DeletedBlockTransactionScanner
2019-06-12 16:04:39,310 DEBUG block.SCMBlockDeletingService (SCMBlockDeletingService.java:call(155)) - Scanned deleted blocks log and got 0 delTX to process.
2019-06-12 16:04:39,411 DEBUG block.SCMBlockDeletingService (SCMBlockDeletingService.java:call(138)) - Running DeletedBlockTransactionScanner
2019-06-12 16:04:39,411 DEBUG block.SCMBlockDeletingService (SCMBlockDeletingService.java:call(155)) - Scanned deleted blocks log and got 0 delTX to process.
2019-06-12 16:04:39,513 DEBUG block.SCMBlockDeletingService (SCMBlockDeletingService.java:call(138)) - Running DeletedBlockTransactionScanner
2019-06-12 16:04:39,513 DEBUG block.SCMBlockDeletingService (SCMBlockDeletingService.java:call(155)) - Scanned deleted blocks log and got 0 delTX to process.
2019-06-12 16:04:39,567 INFO  impl.RaftServerProxy (RaftServerProxy.java:addNew(89)) - ffc7b071-00b3-4a69-8de5-2639a1a8d8ac: addNew group-6911E2D50CC5:[ffc7b071-00b3-4a69-8de5-2639a1a8d8ac:192.168.134.73:33311] returns group-6911E2D50CC5:java.util.concurrent.CompletableFuture@792e4d94[Not completed]
2019-06-12 16:04:39,573 INFO  impl.RaftServerImpl (RaftServerImpl.java:<init>(91)) - ffc7b071-00b3-4a69-8de5-2639a1a8d8ac: new RaftServerImpl for group-6911E2D50CC5:[ffc7b071-00b3-4a69-8de5-2639a1a8d8ac:192.168.134.73:33311] with ContainerStateMachine:uninitialized
2019-06-12 16:04:39,575 INFO  server.RaftServerConfigKeys (ConfUtils.java:logGet(43)) - raft.server.rpc.timeout.min = 1s (custom)
2019-06-12 16:04:39,575 INFO  server.RaftServerConfigKeys (ConfUtils.java:logGet(43)) - raft.server.rpc.timeout.max = 1200ms (custom)
2019-06-12 16:04:39,575 INFO  server.RaftServerConfigKeys (ConfUtils.java:logGet(43)) - raft.server.rpcslowness.timeout = 120s (custom)
2019-06-12 16:04:39,576 INFO  server.RaftServerConfigKeys (ConfUtils.java:logGet(43)) - raft.server.log.appender.install.snapshot.enabled = true (default)
2019-06-12 16:04:39,583 INFO  impl.RaftServerImpl (ServerState.java:<init>(101)) - ffc7b071-00b3-4a69-8de5-2639a1a8d8ac:group-6911E2D50CC5 ConfigurationManager, init=-1: [ffc7b071-00b3-4a69-8de5-2639a1a8d8ac:192.168.134.73:33311], old=null, confs=<EMPTY_MAP>
2019-06-12 16:04:39,583 INFO  server.RaftServerConfigKeys (ConfUtils.java:logGet(43)) - raft.server.storage.dir = [/opt/src/hadoop-ozone/integration-test/target/test-dir/MiniOzoneClusterImpl-a1c7246e-c692-4524-ad55-32b507b20431/datanode-0/data/ratis] (custom)
2019-06-12 16:04:39,588 INFO  storage.RaftStorageDirectory (RaftStorageDirectory.java:analyzeStorage(246)) - The storage directory /opt/src/hadoop-ozone/integration-test/target/test-dir/MiniOzoneClusterImpl-a1c7246e-c692-4524-ad55-32b507b20431/datanode-0/data/ratis/4417d833-4fb6-4fa2-9413-6911e2d50cc5 does not exist. Creating ...
2019-06-12 16:04:39,593 INFO  storage.RaftStorageDirectory (RaftStorageDirectory.java:tryLock(328)) - Lock on /opt/src/hadoop-ozone/integration-test/target/test-dir/MiniOzoneClusterImpl-a1c7246e-c692-4524-ad55-32b507b20431/datanode-0/data/ratis/4417d833-4fb6-4fa2-9413-6911e2d50cc5/in_use.lock acquired by nodename 10155@ozone-bzwcn-1332811729
2019-06-12 16:04:39,596 INFO  storage.RaftStorage (RaftStorage.java:format(75)) - Storage directory /opt/src/hadoop-ozone/integration-test/target/test-dir/MiniOzoneClusterImpl-a1c7246e-c692-4524-ad55-32b507b20431/datanode-0/data/ratis/4417d833-4fb6-4fa2-9413-6911e2d50cc5 has been successfully formatted.
2019-06-12 16:04:39,597 INFO  ratis.ContainerStateMachine (ContainerStateMachine.java:loadSnapshot(199)) - The snapshot info is null.Setting the last applied index to:(t:0, i:~)
2019-06-12 16:04:39,597 INFO  server.RaftServerConfigKeys (ConfUtils.java:logGet(43)) - raft.server.leader.election.timeout = 120s (custom)
2019-06-12 16:04:39,599 INFO  server.RaftServerConfigKeys (ConfUtils.java:logGet(43)) - raft.server.log.use.memory = false (default)
2019-06-12 16:04:39,600 INFO  server.RaftServerConfigKeys (ConfUtils.java:logGet(43)) - raft.server.log.appender.buffer.byte-limit = 33554432 (custom)
2019-06-12 16:04:39,603 INFO  server.RaftServerConfigKeys (ConfUtils.java:logGet(43)) - raft.server.log.segment.size.max = 16384 (custom)
2019-06-12 16:04:39,606 INFO  server.RaftServerConfigKeys (ConfUtils.java:logGet(43)) - raft.server.log.segment.cache.num.max = 2 (custom)
2019-06-12 16:04:39,608 INFO  storage.RaftLogWorker (RaftLogWorker.java:<init>(123)) - new ffc7b071-00b3-4a69-8de5-2639a1a8d8ac-RaftLogWorker for Storage Directory /opt/src/hadoop-ozone/integration-test/target/test-dir/MiniOzoneClusterImpl-a1c7246e-c692-4524-ad55-32b507b20431/datanode-0/data/ratis/4417d833-4fb6-4fa2-9413-6911e2d50cc5
2019-06-12 16:04:39,608 INFO  server.RaftServerConfigKeys (ConfUtils.java:logGet(43)) - raft.server.log.queue.byte-limit = 2147483647 (custom)
2019-06-12 16:04:39,609 INFO  server.RaftServerConfigKeys (ConfUtils.java:logGet(43)) - raft.server.log.queue.element-limit = 1024 (custom)
2019-06-12 16:04:39,610 INFO  server.RaftServerConfigKeys (ConfUtils.java:logGet(43)) - raft.server.log.segment.size.max = 16384 (custom)
2019-06-12 16:04:39,610 INFO  server.RaftServerConfigKeys (ConfUtils.java:logGet(43)) - raft.server.log.preallocated.size = 16384 (custom)
2019-06-12 16:04:39,611 INFO  server.RaftServerConfigKeys (ConfUtils.java:logGet(43)) - raft.server.log.write.buffer.size = 33554432 (custom)
2019-06-12 16:04:39,611 INFO  server.RaftServerConfigKeys (ConfUtils.java:logGet(43)) - raft.server.log.force.sync.num = 128 (default)
2019-06-12 16:04:39,612 INFO  server.RaftServerConfigKeys (ConfUtils.java:logGet(43)) - raft.server.log.statemachine.data.sync = true (default)
2019-06-12 16:04:39,612 INFO  server.RaftServerConfigKeys (ConfUtils.java:logGet(43)) - raft.server.log.statemachine.data.sync.timeout = 10s (default)
2019-06-12 16:04:39,612 INFO  server.RaftServerConfigKeys (ConfUtils.java:logGet(43)) - raft.server.log.statemachine.data.sync.timeout.retry = -1 (default)
2019-06-12 16:04:39,613 DEBUG block.SCMBlockDeletingService (SCMBlockDeletingService.java:call(138)) - Running DeletedBlockTransactionScanner
2019-06-12 16:04:39,614 DEBUG block.SCMBlockDeletingService (SCMBlockDeletingService.java:call(155)) - Scanned deleted blocks log and got 0 delTX to process.
2019-06-12 16:04:39,614 INFO  server.RaftServerConfigKeys (ConfUtils.java:logGet(43)) - raft.server.log.statemachine.data.caching.enabled = true (custom)
2019-06-12 16:04:39,620 INFO  server.RaftServerConfigKeys (ConfUtils.java:logGet(43)) - raft.server.snapshot.auto.trigger.enabled = true (custom)
2019-06-12 16:04:39,621 INFO  server.RaftServerConfigKeys (ConfUtils.java:logGet(43)) - raft.server.snapshot.auto.trigger.threshold = 10000 (custom)
2019-06-12 16:04:39,621 INFO  server.RaftServerConfigKeys (ConfUtils.java:logGet(43)) - raft.server.retrycache.expirytime = 600000ms (custom)
2019-06-12 16:04:39,635 INFO  impl.RaftServerImpl (RaftServerImpl.java:start(173)) - ffc7b071-00b3-4a69-8de5-2639a1a8d8ac: start group-6911E2D50CC5
2019-06-12 16:04:39,635 INFO  impl.RaftServerImpl (RaftServerImpl.java:setRole(164)) - ffc7b071-00b3-4a69-8de5-2639a1a8d8ac:group-6911E2D50CC5 changes role from null to FOLLOWER at term 0 for startAsFollower
2019-06-12 16:04:39,636 INFO  impl.RoleInfo (RoleInfo.java:updateAndGet(143)) - ffc7b071-00b3-4a69-8de5-2639a1a8d8ac: start FollowerState
2019-06-12 16:04:39,638 INFO  util.JmxRegister (JmxRegister.java:tryRegister(44)) - Successfully registered JMX Bean with object name Ratis:service=RaftServer,group=group-6911E2D50CC5,id=ffc7b071-00b3-4a69-8de5-2639a1a8d8ac
2019-06-12 16:04:39,734 DEBUG block.SCMBlockDeletingService (SCMBlockDeletingService.java:call(138)) - Running DeletedBlockTransactionScanner
2019-06-12 16:04:39,734 DEBUG block.SCMBlockDeletingService (SCMBlockDeletingService.java:call(155)) - Scanned deleted blocks log and got 0 delTX to process.
2019-06-12 16:04:39,771 INFO  pipeline.PipelineStateManager (PipelineStateManager.java:addPipeline(56)) - Created pipeline Pipeline[ Id: 4417d833-4fb6-4fa2-9413-6911e2d50cc5, Nodes: ffc7b071-00b3-4a69-8de5-2639a1a8d8ac{ip: 192.168.134.73, host: ozone-bzwcn-1332811729, networkLocation: /default-rack, certSerialId: null}, Type:RATIS, Factor:ONE, State:OPEN]
2019-06-12 16:04:39,836 DEBUG block.SCMBlockDeletingService (SCMBlockDeletingService.java:call(138)) - Running DeletedBlockTransactionScanner
2019-06-12 16:04:39,836 DEBUG block.SCMBlockDeletingService (SCMBlockDeletingService.java:call(155)) - Scanned deleted blocks log and got 0 delTX to process.
2019-06-12 16:04:39,936 DEBUG block.SCMBlockDeletingService (SCMBlockDeletingService.java:call(138)) - Running DeletedBlockTransactionScanner
2019-06-12 16:04:39,936 DEBUG block.SCMBlockDeletingService (SCMBlockDeletingService.java:call(155)) - Scanned deleted blocks log and got 0 delTX to process.
2019-06-12 16:04:40,037 DEBUG block.SCMBlockDeletingService (SCMBlockDeletingService.java:call(138)) - Running DeletedBlockTransactionScanner
2019-06-12 16:04:40,037 DEBUG block.SCMBlockDeletingService (SCMBlockDeletingService.java:call(155)) - Scanned deleted blocks log and got 0 delTX to process.
2019-06-12 16:04:40,137 DEBUG block.SCMBlockDeletingService (SCMBlockDeletingService.java:call(138)) - Running DeletedBlockTransactionScanner
2019-06-12 16:04:40,137 DEBUG block.SCMBlockDeletingService (SCMBlockDeletingService.java:call(155)) - Scanned deleted blocks log and got 0 delTX to process.
2019-06-12 16:04:40,181 INFO  ozone.MiniOzoneClusterImpl (MiniOzoneClusterImpl.java:lambda$waitForClusterToBeReady$0(142)) - Cluster is ready. Got 1 of 1 DN Heartbeats.
2019-06-12 16:04:40,238 DEBUG block.SCMBlockDeletingService (SCMBlockDeletingService.java:call(138)) - Running DeletedBlockTransactionScanner
2019-06-12 16:04:40,238 DEBUG block.SCMBlockDeletingService (SCMBlockDeletingService.java:call(155)) - Scanned deleted blocks log and got 0 delTX to process.
2019-06-12 16:04:40,338 DEBUG block.SCMBlockDeletingService (SCMBlockDeletingService.java:call(138)) - Running DeletedBlockTransactionScanner
2019-06-12 16:04:40,338 DEBUG block.SCMBlockDeletingService (SCMBlockDeletingService.java:call(155)) - Scanned deleted blocks log and got 0 delTX to process.
2019-06-12 16:04:40,439 DEBUG block.SCMBlockDeletingService (SCMBlockDeletingService.java:call(138)) - Running DeletedBlockTransactionScanner
2019-06-12 16:04:40,439 DEBUG block.SCMBlockDeletingService (SCMBlockDeletingService.java:call(155)) - Scanned deleted blocks log and got 0 delTX to process.
2019-06-12 16:04:40,539 DEBUG block.SCMBlockDeletingService (SCMBlockDeletingService.java:call(138)) - Running DeletedBlockTransactionScanner
2019-06-12 16:04:40,540 DEBUG block.SCMBlockDeletingService (SCMBlockDeletingService.java:call(155)) - Scanned deleted blocks log and got 0 delTX to process.
2019-06-12 16:04:40,640 DEBUG block.SCMBlockDeletingService (SCMBlockDeletingService.java:call(138)) - Running DeletedBlockTransactionScanner
2019-06-12 16:04:40,640 DEBUG block.SCMBlockDeletingService (SCMBlockDeletingService.java:call(155)) - Scanned deleted blocks log and got 0 delTX to process.
2019-06-12 16:04:40,719 INFO  impl.FollowerState (FollowerState.java:run(101)) - ffc7b071-00b3-4a69-8de5-2639a1a8d8ac:group-6911E2D50CC5 changes to CANDIDATE, lastRpcTime:1083, electionTimeout:1082ms
2019-06-12 16:04:40,719 INFO  impl.RoleInfo (RoleInfo.java:shutdownFollowerState(121)) - ffc7b071-00b3-4a69-8de5-2639a1a8d8ac: shutdown FollowerState
2019-06-12 16:04:40,720 INFO  impl.RaftServerImpl (RaftServerImpl.java:setRole(164)) - ffc7b071-00b3-4a69-8de5-2639a1a8d8ac:group-6911E2D50CC5 changes role from FOLLOWER to CANDIDATE at term 0 for changeToCandidate
2019-06-12 16:04:40,721 INFO  impl.RoleInfo (RoleInfo.java:updateAndGet(143)) - ffc7b071-00b3-4a69-8de5-2639a1a8d8ac: start LeaderElection
2019-06-12 16:04:40,725 INFO  impl.LeaderElection (LeaderElection.java:askForVotes(181)) - ffc7b071-00b3-4a69-8de5-2639a1a8d8ac:group-6911E2D50CC5:LeaderElection1: begin an election at term 1 for -1: [ffc7b071-00b3-4a69-8de5-2639a1a8d8ac:192.168.134.73:33311], old=null
2019-06-12 16:04:40,726 INFO  impl.RoleInfo (RoleInfo.java:shutdownLeaderElection(134)) - ffc7b071-00b3-4a69-8de5-2639a1a8d8ac: shutdown LeaderElection
2019-06-12 16:04:40,727 INFO  impl.RaftServerImpl (RaftServerImpl.java:setRole(164)) - ffc7b071-00b3-4a69-8de5-2639a1a8d8ac:group-6911E2D50CC5 changes role from CANDIDATE to LEADER at term 1 for changeToLeader
2019-06-12 16:04:40,727 INFO  impl.RaftServerImpl (ServerState.java:setLeader(263)) - ffc7b071-00b3-4a69-8de5-2639a1a8d8ac:group-6911E2D50CC5 change Leader from null to ffc7b071-00b3-4a69-8de5-2639a1a8d8ac at term 1 for becomeLeader, leader elected after 1129ms
2019-06-12 16:04:40,732 INFO  server.RaftServerConfigKeys (ConfUtils.java:logGet(43)) - raft.server.staging.catchup.gap = 1000 (default)
2019-06-12 16:04:40,732 INFO  server.RaftServerConfigKeys (ConfUtils.java:logGet(43)) - raft.server.rpc.sleep.time = 25ms (default)
2019-06-12 16:04:40,734 INFO  server.RaftServerConfigKeys (ConfUtils.java:logGet(43)) - raft.server.watch.timeout = 10s (default)
2019-06-12 16:04:40,734 INFO  server.RaftServerConfigKeys (ConfUtils.java:logGet(43)) - raft.server.watch.timeout.denomination = 1s (default)
2019-06-12 16:04:40,740 DEBUG block.SCMBlockDeletingService (SCMBlockDeletingService.java:call(138)) - Running DeletedBlockTransactionScanner
2019-06-12 16:04:40,740 DEBUG block.SCMBlockDeletingService (SCMBlockDeletingService.java:call(155)) - Scanned deleted blocks log and got 0 delTX to process.
2019-06-12 16:04:40,742 INFO  impl.RoleInfo (RoleInfo.java:updateAndGet(143)) - ffc7b071-00b3-4a69-8de5-2639a1a8d8ac: start LeaderState
2019-06-12 16:04:40,758 INFO  storage.RaftLogWorker (RaftLogWorker.java:startLogSegment(298)) - ffc7b071-00b3-4a69-8de5-2639a1a8d8ac-RaftLogWorker: Starting segment from index:0
2019-06-12 16:04:40,764 INFO  impl.RaftServerImpl (ServerState.java:setRaftConf(361)) - ffc7b071-00b3-4a69-8de5-2639a1a8d8ac:group-6911E2D50CC5 set configuration 0: [ffc7b071-00b3-4a69-8de5-2639a1a8d8ac:192.168.134.73:33311], old=null at 0
2019-06-12 16:04:40,841 DEBUG block.SCMBlockDeletingService (SCMBlockDeletingService.java:call(138)) - Running DeletedBlockTransactionScanner
2019-06-12 16:04:40,841 DEBUG block.SCMBlockDeletingService (SCMBlockDeletingService.java:call(155)) - Scanned deleted blocks log and got 0 delTX to process.
2019-06-12 16:04:40,907 INFO  storage.RaftLogWorker (RaftLogWorker.java:execute(469)) - ffc7b071-00b3-4a69-8de5-2639a1a8d8ac-RaftLogWorker: created new log segment /opt/src/hadoop-ozone/integration-test/target/test-dir/MiniOzoneClusterImpl-a1c7246e-c692-4524-ad55-32b507b20431/datanode-0/data/ratis/4417d833-4fb6-4fa2-9413-6911e2d50cc5/current/log_inprogress_0
2019-06-12 16:04:40,941 DEBUG block.SCMBlockDeletingService (SCMBlockDeletingService.java:call(138)) - Running DeletedBlockTransactionScanner
2019-06-12 16:04:40,942 DEBUG block.SCMBlockDeletingService (SCMBlockDeletingService.java:call(155)) - Scanned deleted blocks log and got 0 delTX to process.
2019-06-12 16:04:41,042 DEBUG block.SCMBlockDeletingService (SCMBlockDeletingService.java:call(138)) - Running DeletedBlockTransactionScanner
2019-06-12 16:04:41,042 DEBUG block.SCMBlockDeletingService (SCMBlockDeletingService.java:call(155)) - Scanned deleted blocks log and got 0 delTX to process.
2019-06-12 16:04:41,143 DEBUG block.SCMBlockDeletingService (SCMBlockDeletingService.java:call(138)) - Running DeletedBlockTransactionScanner
2019-06-12 16:04:41,143 DEBUG block.SCMBlockDeletingService (SCMBlockDeletingService.java:call(155)) - Scanned deleted blocks log and got 0 delTX to process.
2019-06-12 16:04:41,243 DEBUG block.SCMBlockDeletingService (SCMBlockDeletingService.java:call(138)) - Running DeletedBlockTransactionScanner
2019-06-12 16:04:41,243 DEBUG block.SCMBlockDeletingService (SCMBlockDeletingService.java:call(155)) - Scanned deleted blocks log and got 0 delTX to process.
2019-06-12 16:04:41,343 DEBUG block.SCMBlockDeletingService (SCMBlockDeletingService.java:call(138)) - Running DeletedBlockTransactionScanner
2019-06-12 16:04:41,344 DEBUG block.SCMBlockDeletingService (SCMBlockDeletingService.java:call(155)) - Scanned deleted blocks log and got 0 delTX to process.
2019-06-12 16:04:41,444 DEBUG block.SCMBlockDeletingService (SCMBlockDeletingService.java:call(138)) - Running DeletedBlockTransactionScanner
2019-06-12 16:04:41,444 DEBUG block.SCMBlockDeletingService (SCMBlockDeletingService.java:call(155)) - Scanned deleted blocks log and got 0 delTX to process.
2019-06-12 16:04:41,545 DEBUG block.SCMBlockDeletingService (SCMBlockDeletingService.java:call(138)) - Running DeletedBlockTransactionScanner
2019-06-12 16:04:41,545 DEBUG block.SCMBlockDeletingService (SCMBlockDeletingService.java:call(155)) - Scanned deleted blocks log and got 0 delTX to process.
2019-06-12 16:04:41,645 DEBUG block.SCMBlockDeletingService (SCMBlockDeletingService.java:call(138)) - Running DeletedBlockTransactionScanner
2019-06-12 16:04:41,645 DEBUG block.SCMBlockDeletingService (SCMBlockDeletingService.java:call(155)) - Scanned deleted blocks log and got 0 delTX to process.
2019-06-12 16:04:41,746 DEBUG block.SCMBlockDeletingService (SCMBlockDeletingService.java:call(138)) - Running DeletedBlockTransactionScanner
2019-06-12 16:04:41,746 DEBUG block.SCMBlockDeletingService (SCMBlockDeletingService.java:call(155)) - Scanned deleted blocks log and got 0 delTX to process.
2019-06-12 16:04:41,846 DEBUG block.SCMBlockDeletingService (SCMBlockDeletingService.java:call(138)) - Running DeletedBlockTransactionScanner
2019-06-12 16:04:41,847 DEBUG block.SCMBlockDeletingService (SCMBlockDeletingService.java:call(155)) - Scanned deleted blocks log and got 0 delTX to process.
2019-06-12 16:04:41,900 INFO  rpc.RpcClient (RpcClient.java:createVolume(289)) - Creating Volume: 9ca41cb2-f6e5-4a71-80f4-fc63db6917ed, with root as owner.
2019-06-12 16:04:41,920 INFO  rpc.RpcClient (RpcClient.java:createBucket(426)) - Creating Bucket: 9ca41cb2-f6e5-4a71-80f4-fc63db6917ed/890520e8-2b94-4d37-ae1d-a7168eefa664, with Versioning false and Storage Type set to DISK and Encryption set to false 
2019-06-12 16:04:41,947 DEBUG block.SCMBlockDeletingService (SCMBlockDeletingService.java:call(138)) - Running DeletedBlockTransactionScanner
2019-06-12 16:04:41,947 DEBUG block.SCMBlockDeletingService (SCMBlockDeletingService.java:call(155)) - Scanned deleted blocks log and got 0 delTX to process.
2019-06-12 16:04:42,047 DEBUG block.SCMBlockDeletingService (SCMBlockDeletingService.java:call(138)) - Running DeletedBlockTransactionScanner
2019-06-12 16:04:42,048 DEBUG block.SCMBlockDeletingService (SCMBlockDeletingService.java:call(155)) - Scanned deleted blocks log and got 0 delTX to process.
2019-06-12 16:04:42,171 DEBUG block.SCMBlockDeletingService (SCMBlockDeletingService.java:call(138)) - Running DeletedBlockTransactionScanner
2019-06-12 16:04:42,171 DEBUG block.SCMBlockDeletingService (SCMBlockDeletingService.java:call(155)) - Scanned deleted blocks log and got 0 delTX to process.
2019-06-12 16:04:42,272 DEBUG block.SCMBlockDeletingService (SCMBlockDeletingService.java:call(138)) - Running DeletedBlockTransactionScanner
2019-06-12 16:04:42,272 DEBUG block.SCMBlockDeletingService (SCMBlockDeletingService.java:call(155)) - Scanned deleted blocks log and got 0 delTX to process.
2019-06-12 16:04:42,372 DEBUG block.SCMBlockDeletingService (SCMBlockDeletingService.java:call(138)) - Running DeletedBlockTransactionScanner
2019-06-12 16:04:42,373 DEBUG block.SCMBlockDeletingService (SCMBlockDeletingService.java:call(155)) - Scanned deleted blocks log and got 0 delTX to process.
2019-06-12 16:04:42,388 INFO  client.GrpcClientProtocolClient (GrpcClientProtocolClient.java:onNext(254)) - client-7F7296B99608->ffc7b071-00b3-4a69-8de5-2639a1a8d8ac: receive RaftClientReply:client-7F7296B99608->ffc7b071-00b3-4a69-8de5-2639a1a8d8ac@group-6911E2D50CC5, cid=1, SUCCESS, logIndex=1, commits[ffc7b071-00b3-4a69-8de5-2639a1a8d8ac:c2]
2019-06-12 16:04:42,430 INFO  client.GrpcClientProtocolClient (GrpcClientProtocolClient.java:onNext(254)) - client-7F7296B99608->ffc7b071-00b3-4a69-8de5-2639a1a8d8ac: receive RaftClientReply:client-7F7296B99608->ffc7b071-00b3-4a69-8de5-2639a1a8d8ac@group-6911E2D50CC5, cid=2, SUCCESS, logIndex=3, commits[ffc7b071-00b3-4a69-8de5-2639a1a8d8ac:c4]
2019-06-12 16:04:42,437 INFO  client.GrpcClientProtocolClient (GrpcClientProtocolClient.java:onNext(254)) - client-7F7296B99608->ffc7b071-00b3-4a69-8de5-2639a1a8d8ac: receive RaftClientReply:client-7F7296B99608->ffc7b071-00b3-4a69-8de5-2639a1a8d8ac@group-6911E2D50CC5, cid=3, SUCCESS, logIndex=5, commits[ffc7b071-00b3-4a69-8de5-2639a1a8d8ac:c6]
2019-06-12 16:04:42,446 INFO  client.GrpcClientProtocolClient (GrpcClientProtocolClient.java:onNext(254)) - client-7F7296B99608->ffc7b071-00b3-4a69-8de5-2639a1a8d8ac: receive RaftClientReply:client-7F7296B99608->ffc7b071-00b3-4a69-8de5-2639a1a8d8ac@group-6911E2D50CC5, cid=4, SUCCESS, logIndex=6, commits[ffc7b071-00b3-4a69-8de5-2639a1a8d8ac:c7]
2019-06-12 16:04:42,473 DEBUG block.SCMBlockDeletingService (SCMBlockDeletingService.java:call(138)) - Running DeletedBlockTransactionScanner
2019-06-12 16:04:42,473 DEBUG block.SCMBlockDeletingService (SCMBlockDeletingService.java:call(155)) - Scanned deleted blocks log and got 0 delTX to process.
2019-06-12 16:04:42,475 INFO  client.GrpcClientProtocolClient (GrpcClientProtocolClient.java:onNext(254)) - client-7F7296B99608->ffc7b071-00b3-4a69-8de5-2639a1a8d8ac: receive RaftClientReply:client-7F7296B99608->ffc7b071-00b3-4a69-8de5-2639a1a8d8ac@group-6911E2D50CC5, cid=5, SUCCESS, logIndex=8, commits[ffc7b071-00b3-4a69-8de5-2639a1a8d8ac:c8]
2019-06-12 16:04:42,478 INFO  client.GrpcClientProtocolClient (GrpcClientProtocolClient.java:onNext(254)) - client-7F7296B99608->ffc7b071-00b3-4a69-8de5-2639a1a8d8ac: receive RaftClientReply:client-7F7296B99608->ffc7b071-00b3-4a69-8de5-2639a1a8d8ac@group-6911E2D50CC5, cid=6, SUCCESS, logIndex=10, commits[ffc7b071-00b3-4a69-8de5-2639a1a8d8ac:c10]
2019-06-12 16:04:42,482 INFO  client.GrpcClientProtocolClient (GrpcClientProtocolClient.java:onNext(254)) - client-7F7296B99608->ffc7b071-00b3-4a69-8de5-2639a1a8d8ac: receive RaftClientReply:client-7F7296B99608->ffc7b071-00b3-4a69-8de5-2639a1a8d8ac@group-6911E2D50CC5, cid=7, SUCCESS, logIndex=12, commits[ffc7b071-00b3-4a69-8de5-2639a1a8d8ac:c12]
2019-06-12 16:04:42,494 INFO  client.GrpcClientProtocolClient (GrpcClientProtocolClient.java:onNext(254)) - client-7F7296B99608->ffc7b071-00b3-4a69-8de5-2639a1a8d8ac: receive RaftClientReply:client-7F7296B99608->ffc7b071-00b3-4a69-8de5-2639a1a8d8ac@group-6911E2D50CC5, cid=8, SUCCESS, logIndex=14, commits[ffc7b071-00b3-4a69-8de5-2639a1a8d8ac:c15]
2019-06-12 16:04:42,561 INFO  client.GrpcClientProtocolClient (GrpcClientProtocolClient.java:onNext(254)) - client-7F7296B99608->ffc7b071-00b3-4a69-8de5-2639a1a8d8ac: receive RaftClientReply:client-7F7296B99608->ffc7b071-00b3-4a69-8de5-2639a1a8d8ac@group-6911E2D50CC5, cid=9, SUCCESS, logIndex=16, commits[ffc7b071-00b3-4a69-8de5-2639a1a8d8ac:c17]
2019-06-12 16:04:42,574 DEBUG block.SCMBlockDeletingService (SCMBlockDeletingService.java:call(138)) - Running DeletedBlockTransactionScanner
2019-06-12 16:04:42,574 DEBUG block.SCMBlockDeletingService (SCMBlockDeletingService.java:call(155)) - Scanned deleted blocks log and got 0 delTX to process.
2019-06-12 16:04:42,579 INFO  client.GrpcClientProtocolClient (GrpcClientProtocolClient.java:onNext(254)) - client-7F7296B99608->ffc7b071-00b3-4a69-8de5-2639a1a8d8ac: receive RaftClientReply:client-7F7296B99608->ffc7b071-00b3-4a69-8de5-2639a1a8d8ac@group-6911E2D50CC5, cid=10, SUCCESS, logIndex=18, commits[ffc7b071-00b3-4a69-8de5-2639a1a8d8ac:c22]
2019-06-12 16:04:42,589 INFO  client.GrpcClientProtocolClient (GrpcClientProtocolClient.java:onNext(254)) - client-7F7296B99608->ffc7b071-00b3-4a69-8de5-2639a1a8d8ac: receive RaftClientReply:client-7F7296B99608->ffc7b071-00b3-4a69-8de5-2639a1a8d8ac@group-6911E2D50CC5, cid=11, SUCCESS, logIndex=20, commits[ffc7b071-00b3-4a69-8de5-2639a1a8d8ac:c22]
2019-06-12 16:04:42,590 INFO  client.GrpcClientProtocolClient (GrpcClientProtocolClient.java:onNext(254)) - client-7F7296B99608->ffc7b071-00b3-4a69-8de5-2639a1a8d8ac: receive RaftClientReply:client-7F7296B99608->ffc7b071-00b3-4a69-8de5-2639a1a8d8ac@group-6911E2D50CC5, cid=12, SUCCESS, logIndex=21, commits[ffc7b071-00b3-4a69-8de5-2639a1a8d8ac:c22]
2019-06-12 16:04:42,604 INFO  client.GrpcClientProtocolClient (GrpcClientProtocolClient.java:onNext(254)) - client-7F7296B99608->ffc7b071-00b3-4a69-8de5-2639a1a8d8ac: receive RaftClientReply:client-7F7296B99608->ffc7b071-00b3-4a69-8de5-2639a1a8d8ac@group-6911E2D50CC5, cid=13, SUCCESS, logIndex=23, commits[ffc7b071-00b3-4a69-8de5-2639a1a8d8ac:c23]
2019-06-12 16:04:42,610 INFO  client.GrpcClientProtocolClient (GrpcClientProtocolClient.java:onNext(254)) - client-7F7296B99608->ffc7b071-00b3-4a69-8de5-2639a1a8d8ac: receive RaftClientReply:client-7F7296B99608->ffc7b071-00b3-4a69-8de5-2639a1a8d8ac@group-6911E2D50CC5, cid=14, SUCCESS, logIndex=25, commits[ffc7b071-00b3-4a69-8de5-2639a1a8d8ac:c25]
2019-06-12 16:04:42,614 INFO  client.GrpcClientProtocolClient (GrpcClientProtocolClient.java:onNext(254)) - client-7F7296B99608->ffc7b071-00b3-4a69-8de5-2639a1a8d8ac: receive RaftClientReply:client-7F7296B99608->ffc7b071-00b3-4a69-8de5-2639a1a8d8ac@group-6911E2D50CC5, cid=15, SUCCESS, logIndex=27, commits[ffc7b071-00b3-4a69-8de5-2639a1a8d8ac:c27]
2019-06-12 16:04:42,617 INFO  client.GrpcClientProtocolClient (GrpcClientProtocolClient.java:onNext(254)) - client-7F7296B99608->ffc7b071-00b3-4a69-8de5-2639a1a8d8ac: receive RaftClientReply:client-7F7296B99608->ffc7b071-00b3-4a69-8de5-2639a1a8d8ac@group-6911E2D50CC5, cid=16, SUCCESS, logIndex=29, commits[ffc7b071-00b3-4a69-8de5-2639a1a8d8ac:c30]
2019-06-12 16:04:42,656 INFO  client.GrpcClientProtocolClient (GrpcClientProtocolClient.java:onNext(254)) - client-7F7296B99608->ffc7b071-00b3-4a69-8de5-2639a1a8d8ac: receive RaftClientReply:client-7F7296B99608->ffc7b071-00b3-4a69-8de5-2639a1a8d8ac@group-6911E2D50CC5, cid=17, SUCCESS, logIndex=31, commits[ffc7b071-00b3-4a69-8de5-2639a1a8d8ac:c31]
2019-06-12 16:04:42,674 DEBUG block.SCMBlockDeletingService (SCMBlockDeletingService.java:call(138)) - Running DeletedBlockTransactionScanner
2019-06-12 16:04:42,674 DEBUG block.SCMBlockDeletingService (SCMBlockDeletingService.java:call(155)) - Scanned deleted blocks log and got 0 delTX to process.
2019-06-12 16:04:42,675 INFO  client.GrpcClientProtocolClient (GrpcClientProtocolClient.java:onNext(254)) - client-7F7296B99608->ffc7b071-00b3-4a69-8de5-2639a1a8d8ac: receive RaftClientReply:client-7F7296B99608->ffc7b071-00b3-4a69-8de5-2639a1a8d8ac@group-6911E2D50CC5, cid=18, SUCCESS, logIndex=33, commits[ffc7b071-00b3-4a69-8de5-2639a1a8d8ac:c37]
2019-06-12 16:04:42,676 INFO  client.GrpcClientProtocolClient (GrpcClientProtocolClient.java:onNext(254)) - client-7F7296B99608->ffc7b071-00b3-4a69-8de5-2639a1a8d8ac: receive RaftClientReply:client-7F7296B99608->ffc7b071-00b3-4a69-8de5-2639a1a8d8ac@group-6911E2D50CC5, cid=19, SUCCESS, logIndex=34, commits[ffc7b071-00b3-4a69-8de5-2639a1a8d8ac:c37]
2019-06-12 16:04:42,677 INFO  client.GrpcClientProtocolClient (GrpcClientProtocolClient.java:onNext(254)) - client-7F7296B99608->ffc7b071-00b3-4a69-8de5-2639a1a8d8ac: receive RaftClientReply:client-7F7296B99608->ffc7b071-00b3-4a69-8de5-2639a1a8d8ac@group-6911E2D50CC5, cid=20, SUCCESS, logIndex=36, commits[ffc7b071-00b3-4a69-8de5-2639a1a8d8ac:c37]
2019-06-12 16:04:42,701 INFO  client.GrpcClientProtocolClient (GrpcClientProtocolClient.java:onNext(254)) - client-7F7296B99608->ffc7b071-00b3-4a69-8de5-2639a1a8d8ac: receive RaftClientReply:client-7F7296B99608->ffc7b071-00b3-4a69-8de5-2639a1a8d8ac@group-6911E2D50CC5, cid=21, SUCCESS, logIndex=38, commits[ffc7b071-00b3-4a69-8de5-2639a1a8d8ac:c38]
2019-06-12 16:04:42,703 INFO  client.GrpcClientProtocolClient (GrpcClientProtocolClient.java:onNext(254)) - client-7F7296B99608->ffc7b071-00b3-4a69-8de5-2639a1a8d8ac: receive RaftClientReply:client-7F7296B99608->ffc7b071-00b3-4a69-8de5-2639a1a8d8ac@group-6911E2D50CC5, cid=22, SUCCESS, logIndex=40, commits[ffc7b071-00b3-4a69-8de5-2639a1a8d8ac:c40]
2019-06-12 16:04:42,707 INFO  client.GrpcClientProtocolClient (GrpcClientProtocolClient.java:onNext(254)) - client-7F7296B99608->ffc7b071-00b3-4a69-8de5-2639a1a8d8ac: receive RaftClientReply:client-7F7296B99608->ffc7b071-00b3-4a69-8de5-2639a1a8d8ac@group-6911E2D50CC5, cid=23, SUCCESS, logIndex=42, commits[ffc7b071-00b3-4a69-8de5-2639a1a8d8ac:c42]
2019-06-12 16:04:42,712 INFO  client.GrpcClientProtocolClient (GrpcClientProtocolClient.java:onNext(254)) - client-7F7296B99608->ffc7b071-00b3-4a69-8de5-2639a1a8d8ac: receive RaftClientReply:client-7F7296B99608->ffc7b071-00b3-4a69-8de5-2639a1a8d8ac@group-6911E2D50CC5, cid=24, SUCCESS, logIndex=44, commits[ffc7b071-00b3-4a69-8de5-2639a1a8d8ac:c45]
2019-06-12 16:04:42,775 DEBUG block.SCMBlockDeletingService (SCMBlockDeletingService.java:call(138)) - Running DeletedBlockTransactionScanner
2019-06-12 16:04:42,775 DEBUG block.SCMBlockDeletingService (SCMBlockDeletingService.java:call(155)) - Scanned deleted blocks log and got 0 delTX to process.
2019-06-12 16:04:42,775 INFO  client.GrpcClientProtocolClient (GrpcClientProtocolClient.java:onNext(254)) - client-7F7296B99608->ffc7b071-00b3-4a69-8de5-2639a1a8d8ac: receive RaftClientReply:client-7F7296B99608->ffc7b071-00b3-4a69-8de5-2639a1a8d8ac@group-6911E2D50CC5, cid=25, SUCCESS, logIndex=46, commits[ffc7b071-00b3-4a69-8de5-2639a1a8d8ac:c46]
2019-06-12 16:04:42,778 INFO  client.GrpcClientProtocolClient (GrpcClientProtocolClient.java:onNext(254)) - client-7F7296B99608->ffc7b071-00b3-4a69-8de5-2639a1a8d8ac: receive RaftClientReply:client-7F7296B99608->ffc7b071-00b3-4a69-8de5-2639a1a8d8ac@group-6911E2D50CC5, cid=26, SUCCESS, logIndex=48, commits[ffc7b071-00b3-4a69-8de5-2639a1a8d8ac:c49]
2019-06-12 16:04:42,783 INFO  client.GrpcClientProtocolClient (GrpcClientProtocolClient.java:onNext(254)) - client-7F7296B99608->ffc7b071-00b3-4a69-8de5-2639a1a8d8ac: receive RaftClientReply:client-7F7296B99608->ffc7b071-00b3-4a69-8de5-2639a1a8d8ac@group-6911E2D50CC5, cid=27, SUCCESS, logIndex=50, commits[ffc7b071-00b3-4a69-8de5-2639a1a8d8ac:c51]
2019-06-12 16:04:42,787 INFO  client.GrpcClientProtocolClient (GrpcClientProtocolClient.java:onNext(254)) - client-7F7296B99608->ffc7b071-00b3-4a69-8de5-2639a1a8d8ac: receive RaftClientReply:client-7F7296B99608->ffc7b071-00b3-4a69-8de5-2639a1a8d8ac@group-6911E2D50CC5, cid=28, SUCCESS, logIndex=51, commits[ffc7b071-00b3-4a69-8de5-2639a1a8d8ac:c51]
2019-06-12 16:04:42,801 INFO  client.GrpcClientProtocolClient (GrpcClientProtocolClient.java:onNext(254)) - client-7F7296B99608->ffc7b071-00b3-4a69-8de5-2639a1a8d8ac: receive RaftClientReply:client-7F7296B99608->ffc7b071-00b3-4a69-8de5-2639a1a8d8ac@group-6911E2D50CC5, cid=29, SUCCESS, logIndex=53, commits[ffc7b071-00b3-4a69-8de5-2639a1a8d8ac:c53]
2019-06-12 16:04:42,807 INFO  client.GrpcClientProtocolClient (GrpcClientProtocolClient.java:onNext(254)) - client-7F7296B99608->ffc7b071-00b3-4a69-8de5-2639a1a8d8ac: receive RaftClientReply:client-7F7296B99608->ffc7b071-00b3-4a69-8de5-2639a1a8d8ac@group-6911E2D50CC5, cid=30, SUCCESS, logIndex=55, commits[ffc7b071-00b3-4a69-8de5-2639a1a8d8ac:c55]
2019-06-12 16:04:42,808 INFO  client.GrpcClientProtocolClient (GrpcClientProtocolClient.java:onNext(254)) - client-7F7296B99608->ffc7b071-00b3-4a69-8de5-2639a1a8d8ac: receive RaftClientReply:client-7F7296B99608->ffc7b071-00b3-4a69-8de5-2639a1a8d8ac@group-6911E2D50CC5, cid=31, SUCCESS, logIndex=56, commits[ffc7b071-00b3-4a69-8de5-2639a1a8d8ac:c58]
2019-06-12 16:04:42,817 INFO  client.GrpcClientProtocolClient (GrpcClientProtocolClient.java:onNext(254)) - client-7F7296B99608->ffc7b071-00b3-4a69-8de5-2639a1a8d8ac: receive RaftClientReply:client-7F7296B99608->ffc7b071-00b3-4a69-8de5-2639a1a8d8ac@group-6911E2D50CC5, cid=32, SUCCESS, logIndex=58, commits[ffc7b071-00b3-4a69-8de5-2639a1a8d8ac:c59]
2019-06-12 16:04:42,830 INFO  client.GrpcClientProtocolClient (GrpcClientProtocolClient.java:onNext(254)) - client-7F7296B99608->ffc7b071-00b3-4a69-8de5-2639a1a8d8ac: receive RaftClientReply:client-7F7296B99608->ffc7b071-00b3-4a69-8de5-2639a1a8d8ac@group-6911E2D50CC5, cid=33, SUCCESS, logIndex=60, commits[ffc7b071-00b3-4a69-8de5-2639a1a8d8ac:c60]
2019-06-12 16:04:42,832 INFO  client.GrpcClientProtocolClient (GrpcClientProtocolClient.java:onNext(254)) - client-7F7296B99608->ffc7b071-00b3-4a69-8de5-2639a1a8d8ac: receive RaftClientReply:client-7F7296B99608->ffc7b071-00b3-4a69-8de5-2639a1a8d8ac@group-6911E2D50CC5, cid=34, SUCCESS, logIndex=62, commits[ffc7b071-00b3-4a69-8de5-2639a1a8d8ac:c62]
2019-06-12 16:04:42,837 INFO  client.GrpcClientProtocolClient (GrpcClientProtocolClient.java:onNext(254)) - client-7F7296B99608->ffc7b071-00b3-4a69-8de5-2639a1a8d8ac: receive RaftClientReply:client-7F7296B99608->ffc7b071-00b3-4a69-8de5-2639a1a8d8ac@group-6911E2D50CC5, cid=35, SUCCESS, logIndex=64, commits[ffc7b071-00b3-4a69-8de5-2639a1a8d8ac:c65]
2019-06-12 16:04:42,839 INFO  client.GrpcClientProtocolClient (GrpcClientProtocolClient.java:onNext(254)) - client-7F7296B99608->ffc7b071-00b3-4a69-8de5-2639a1a8d8ac: receive RaftClientReply:client-7F7296B99608->ffc7b071-00b3-4a69-8de5-2639a1a8d8ac@group-6911E2D50CC5, cid=36, SUCCESS, logIndex=65, commits[ffc7b071-00b3-4a69-8de5-2639a1a8d8ac:c66]
2019-06-12 16:04:42,857 INFO  client.GrpcClientProtocolClient (GrpcClientProtocolClient.java:onNext(254)) - client-7F7296B99608->ffc7b071-00b3-4a69-8de5-2639a1a8d8ac: receive RaftClientReply:client-7F7296B99608->ffc7b071-00b3-4a69-8de5-2639a1a8d8ac@group-6911E2D50CC5, cid=37, SUCCESS, logIndex=67, commits[ffc7b071-00b3-4a69-8de5-2639a1a8d8ac:c67]
2019-06-12 16:04:42,859 INFO  client.GrpcClientProtocolClient (GrpcClientProtocolClient.java:onNext(254)) - client-7F7296B99608->ffc7b071-00b3-4a69-8de5-2639a1a8d8ac: receive RaftClientReply:client-7F7296B99608->ffc7b071-00b3-4a69-8de5-2639a1a8d8ac@group-6911E2D50CC5, cid=38, SUCCESS, logIndex=69, commits[ffc7b071-00b3-4a69-8de5-2639a1a8d8ac:c69]
2019-06-12 16:04:42,864 INFO  client.GrpcClientProtocolClient (GrpcClientProtocolClient.java:onNext(254)) - client-7F7296B99608->ffc7b071-00b3-4a69-8de5-2639a1a8d8ac: receive RaftClientReply:client-7F7296B99608->ffc7b071-00b3-4a69-8de5-2639a1a8d8ac@group-6911E2D50CC5, cid=39, SUCCESS, logIndex=71, commits[ffc7b071-00b3-4a69-8de5-2639a1a8d8ac:c72]
2019-06-12 16:04:42,865 INFO  client.GrpcClientProtocolClient (GrpcClientProtocolClient.java:onNext(254)) - client-7F7296B99608->ffc7b071-00b3-4a69-8de5-2639a1a8d8ac: receive RaftClientReply:client-7F7296B99608->ffc7b071-00b3-4a69-8de5-2639a1a8d8ac@group-6911E2D50CC5, cid=40, SUCCESS, logIndex=72, commits[ffc7b071-00b3-4a69-8de5-2639a1a8d8ac:c72]
2019-06-12 16:04:42,875 DEBUG block.SCMBlockDeletingService (SCMBlockDeletingService.java:call(138)) - Running DeletedBlockTransactionScanner
2019-06-12 16:04:42,876 DEBUG block.SCMBlockDeletingService (SCMBlockDeletingService.java:call(155)) - Scanned deleted blocks log and got 0 delTX to process.
2019-06-12 16:04:42,880 INFO  client.GrpcClientProtocolClient (GrpcClientProtocolClient.java:onNext(254)) - client-7F7296B99608->ffc7b071-00b3-4a69-8de5-2639a1a8d8ac: receive RaftClientReply:client-7F7296B99608->ffc7b071-00b3-4a69-8de5-2639a1a8d8ac@group-6911E2D50CC5, cid=41, SUCCESS, logIndex=74, commits[ffc7b071-00b3-4a69-8de5-2639a1a8d8ac:c74]
2019-06-12 16:04:42,884 INFO  client.GrpcClientProtocolClient (GrpcClientProtocolClient.java:onNext(254)) - client-7F7296B99608->ffc7b071-00b3-4a69-8de5-2639a1a8d8ac: receive RaftClientReply:client-7F7296B99608->ffc7b071-00b3-4a69-8de5-2639a1a8d8ac@group-6911E2D50CC5, cid=42, SUCCESS, logIndex=76, commits[ffc7b071-00b3-4a69-8de5-2639a1a8d8ac:c76]
2019-06-12 16:04:42,888 INFO  client.GrpcClientProtocolClient (GrpcClientProtocolClient.java:onNext(254)) - client-7F7296B99608->ffc7b071-00b3-4a69-8de5-2639a1a8d8ac: receive RaftClientReply:client-7F7296B99608->ffc7b071-00b3-4a69-8de5-2639a1a8d8ac@group-6911E2D50CC5, cid=43, SUCCESS, logIndex=77, commits[ffc7b071-00b3-4a69-8de5-2639a1a8d8ac:c79]
2019-06-12 16:04:42,889 INFO  client.GrpcClientProtocolClient (GrpcClientProtocolClient.java:onNext(254)) - client-7F7296B99608->ffc7b071-00b3-4a69-8de5-2639a1a8d8ac: receive RaftClientReply:client-7F7296B99608->ffc7b071-00b3-4a69-8de5-2639a1a8d8ac@group-6911E2D50CC5, cid=44, SUCCESS, logIndex=78, commits[ffc7b071-00b3-4a69-8de5-2639a1a8d8ac:c79]
2019-06-12 16:04:42,961 INFO  storage.RaftLogWorker (RaftLogWorker.java:rollLogSegment(303)) - ffc7b071-00b3-4a69-8de5-2639a1a8d8ac-RaftLogWorker: Rolling segment log-0_79 to index:79
2019-06-12 16:04:42,962 INFO  storage.RaftLogWorker (RaftLogWorker.java:execute(433)) - ffc7b071-00b3-4a69-8de5-2639a1a8d8ac-RaftLogWorker: Rolled log segment from /opt/src/hadoop-ozone/integration-test/target/test-dir/MiniOzoneClusterImpl-a1c7246e-c692-4524-ad55-32b507b20431/datanode-0/data/ratis/4417d833-4fb6-4fa2-9413-6911e2d50cc5/current/log_inprogress_0 to /opt/src/hadoop-ozone/integration-test/target/test-dir/MiniOzoneClusterImpl-a1c7246e-c692-4524-ad55-32b507b20431/datanode-0/data/ratis/4417d833-4fb6-4fa2-9413-6911e2d50cc5/current/log_0-79
2019-06-12 16:04:42,976 DEBUG block.SCMBlockDeletingService (SCMBlockDeletingService.java:call(138)) - Running DeletedBlockTransactionScanner
2019-06-12 16:04:42,976 DEBUG block.SCMBlockDeletingService (SCMBlockDeletingService.java:call(155)) - Scanned deleted blocks log and got 0 delTX to process.
2019-06-12 16:04:42,997 INFO  storage.RaftLogWorker (RaftLogWorker.java:execute(469)) - ffc7b071-00b3-4a69-8de5-2639a1a8d8ac-RaftLogWorker: created new log segment /opt/src/hadoop-ozone/integration-test/target/test-dir/MiniOzoneClusterImpl-a1c7246e-c692-4524-ad55-32b507b20431/datanode-0/data/ratis/4417d833-4fb6-4fa2-9413-6911e2d50cc5/current/log_inprogress_80
2019-06-12 16:04:43,002 INFO  client.GrpcClientProtocolClient (GrpcClientProtocolClient.java:onNext(254)) - client-7F7296B99608->ffc7b071-00b3-4a69-8de5-2639a1a8d8ac: receive RaftClientReply:client-7F7296B99608->ffc7b071-00b3-4a69-8de5-2639a1a8d8ac@group-6911E2D50CC5, cid=45, SUCCESS, logIndex=80, commits[ffc7b071-00b3-4a69-8de5-2639a1a8d8ac:c81]
2019-06-12 16:04:43,008 INFO  client.GrpcClientProtocolClient (GrpcClientProtocolClient.java:onNext(254)) - client-7F7296B99608->ffc7b071-00b3-4a69-8de5-2639a1a8d8ac: receive RaftClientReply:client-7F7296B99608->ffc7b071-00b3-4a69-8de5-2639a1a8d8ac@group-6911E2D50CC5, cid=46, SUCCESS, logIndex=82, commits[ffc7b071-00b3-4a69-8de5-2639a1a8d8ac:c84]
2019-06-12 16:04:43,009 INFO  client.GrpcClientProtocolClient (GrpcClientProtocolClient.java:onNext(254)) - client-7F7296B99608->ffc7b071-00b3-4a69-8de5-2639a1a8d8ac: receive RaftClientReply:client-7F7296B99608->ffc7b071-00b3-4a69-8de5-2639a1a8d8ac@group-6911E2D50CC5, cid=47, SUCCESS, logIndex=83, commits[ffc7b071-00b3-4a69-8de5-2639a1a8d8ac:c85]
2019-06-12 16:04:43,010 INFO  client.GrpcClientProtocolClient (GrpcClientProtocolClient.java:onNext(254)) - client-7F7296B99608->ffc7b071-00b3-4a69-8de5-2639a1a8d8ac: receive RaftClientReply:client-7F7296B99608->ffc7b071-00b3-4a69-8de5-2639a1a8d8ac@group-6911E2D50CC5, cid=48, SUCCESS, logIndex=84, commits[ffc7b071-00b3-4a69-8de5-2639a1a8d8ac:c85]
2019-06-12 16:04:43,030 INFO  client.GrpcClientProtocolClient (GrpcClientProtocolClient.java:onNext(254)) - client-7F7296B99608->ffc7b071-00b3-4a69-8de5-2639a1a8d8ac: receive RaftClientReply:client-7F7296B99608->ffc7b071-00b3-4a69-8de5-2639a1a8d8ac@group-6911E2D50CC5, cid=49, SUCCESS, logIndex=86, commits[ffc7b071-00b3-4a69-8de5-2639a1a8d8ac:c86]
2019-06-12 16:04:43,032 INFO  client.GrpcClientProtocolClient (GrpcClientProtocolClient.java:onNext(254)) - client-7F7296B99608->ffc7b071-00b3-4a69-8de5-2639a1a8d8ac: receive RaftClientReply:client-7F7296B99608->ffc7b071-00b3-4a69-8de5-2639a1a8d8ac@group-6911E2D50CC5, cid=50, SUCCESS, logIndex=88, commits[ffc7b071-00b3-4a69-8de5-2639a1a8d8ac:c88]
2019-06-12 16:04:43,039 INFO  client.GrpcClientProtocolClient (GrpcClientProtocolClient.java:onNext(254)) - client-7F7296B99608->ffc7b071-00b3-4a69-8de5-2639a1a8d8ac: receive RaftClientReply:client-7F7296B99608->ffc7b071-00b3-4a69-8de5-2639a1a8d8ac@group-6911E2D50CC5, cid=51, SUCCESS, logIndex=90, commits[ffc7b071-00b3-4a69-8de5-2639a1a8d8ac:c92]
2019-06-12 16:04:43,040 INFO  client.GrpcClientProtocolClient (GrpcClientProtocolClient.java:onNext(254)) - client-7F7296B99608->ffc7b071-00b3-4a69-8de5-2639a1a8d8ac: receive RaftClientReply:client-7F7296B99608->ffc7b071-00b3-4a69-8de5-2639a1a8d8ac@group-6911E2D50CC5, cid=52, SUCCESS, logIndex=91, commits[ffc7b071-00b3-4a69-8de5-2639a1a8d8ac:c92]
2019-06-12 16:04:43,051 INFO  client.GrpcClientProtocolClient (GrpcClientProtocolClient.java:onNext(254)) - client-7F7296B99608->ffc7b071-00b3-4a69-8de5-2639a1a8d8ac: receive RaftClientReply:client-7F7296B99608->ffc7b071-00b3-4a69-8de5-2639a1a8d8ac@group-6911E2D50CC5, cid=53, SUCCESS, logIndex=93, commits[ffc7b071-00b3-4a69-8de5-2639a1a8d8ac:c93]
2019-06-12 16:04:43,054 INFO  client.GrpcClientProtocolClient (GrpcClientProtocolClient.java:onNext(254)) - client-7F7296B99608->ffc7b071-00b3-4a69-8de5-2639a1a8d8ac: receive RaftClientReply:client-7F7296B99608->ffc7b071-00b3-4a69-8de5-2639a1a8d8ac@group-6911E2D50CC5, cid=54, SUCCESS, logIndex=95, commits[ffc7b071-00b3-4a69-8de5-2639a1a8d8ac:c95]
2019-06-12 16:04:43,057 INFO  client.GrpcClientProtocolClient (GrpcClientProtocolClient.java:onNext(254)) - client-7F7296B99608->ffc7b071-00b3-4a69-8de5-2639a1a8d8ac: receive RaftClientReply:client-7F7296B99608->ffc7b071-00b3-4a69-8de5-2639a1a8d8ac@group-6911E2D50CC5, cid=55, SUCCESS, logIndex=96, commits[ffc7b071-00b3-4a69-8de5-2639a1a8d8ac:c98]
2019-06-12 16:04:43,057 INFO  client.GrpcClientProtocolClient (GrpcClientProtocolClient.java:onNext(254)) - client-7F7296B99608->ffc7b071-00b3-4a69-8de5-2639a1a8d8ac: receive RaftClientReply:client-7F7296B99608->ffc7b071-00b3-4a69-8de5-2639a1a8d8ac@group-6911E2D50CC5, cid=56, SUCCESS, logIndex=98, commits[ffc7b071-00b3-4a69-8de5-2639a1a8d8ac:c99]
2019-06-12 16:04:43,075 INFO  client.GrpcClientProtocolClient (GrpcClientProtocolClient.java:onNext(254)) - client-7F7296B99608->ffc7b071-00b3-4a69-8de5-2639a1a8d8ac: receive RaftClientReply:client-7F7296B99608->ffc7b071-00b3-4a69-8de5-2639a1a8d8ac@group-6911E2D50CC5, cid=57, SUCCESS, logIndex=100, commits[ffc7b071-00b3-4a69-8de5-2639a1a8d8ac:c100]
2019-06-12 16:04:43,077 DEBUG block.SCMBlockDeletingService (SCMBlockDeletingService.java:call(138)) - Running DeletedBlockTransactionScanner
2019-06-12 16:04:43,077 DEBUG block.SCMBlockDeletingService (SCMBlockDeletingService.java:call(155)) - Scanned deleted blocks log and got 0 delTX to process.
2019-06-12 16:04:43,083 INFO  client.GrpcClientProtocolClient (GrpcClientProtocolClient.java:onNext(254)) - client-7F7296B99608->ffc7b071-00b3-4a69-8de5-2639a1a8d8ac: receive RaftClientReply:client-7F7296B99608->ffc7b071-00b3-4a69-8de5-2639a1a8d8ac@group-6911E2D50CC5, cid=58, SUCCESS, logIndex=102, commits[ffc7b071-00b3-4a69-8de5-2639a1a8d8ac:c102]
2019-06-12 16:04:43,085 INFO  client.GrpcClientProtocolClient (GrpcClientProtocolClient.java:onNext(254)) - client-7F7296B99608->ffc7b071-00b3-4a69-8de5-2639a1a8d8ac: receive RaftClientReply:client-7F7296B99608->ffc7b071-00b3-4a69-8de5-2639a1a8d8ac@group-6911E2D50CC5, cid=59, SUCCESS, logIndex=104, commits[ffc7b071-00b3-4a69-8de5-2639a1a8d8ac:c105]
2019-06-12 16:04:43,086 INFO  client.GrpcClientProtocolClient (GrpcClientProtocolClient.java:onNext(254)) - client-7F7296B99608->ffc7b071-00b3-4a69-8de5-2639a1a8d8ac: receive RaftClientReply:client-7F7296B99608->ffc7b071-00b3-4a69-8de5-2639a1a8d8ac@group-6911E2D50CC5, cid=60, SUCCESS, logIndex=105, commits[ffc7b071-00b3-4a69-8de5-2639a1a8d8ac:c105]
2019-06-12 16:04:43,095 INFO  client.GrpcClientProtocolClient (GrpcClientProtocolClient.java:onNext(254)) - client-7F7296B99608->ffc7b071-00b3-4a69-8de5-2639a1a8d8ac: receive RaftClientReply:client-7F7296B99608->ffc7b071-00b3-4a69-8de5-2639a1a8d8ac@group-6911E2D50CC5, cid=61, SUCCESS, logIndex=107, commits[ffc7b071-00b3-4a69-8de5-2639a1a8d8ac:c107]
2019-06-12 16:04:43,099 INFO  client.GrpcClientProtocolClient (GrpcClientProtocolClient.java:onNext(254)) - client-7F7296B99608->ffc7b071-00b3-4a69-8de5-2639a1a8d8ac: receive RaftClientReply:client-7F7296B99608->ffc7b071-00b3-4a69-8de5-2639a1a8d8ac@group-6911E2D50CC5, cid=62, SUCCESS, logIndex=109, commits[ffc7b071-00b3-4a69-8de5-2639a1a8d8ac:c109]
2019-06-12 16:04:43,101 INFO  client.GrpcClientProtocolClient (GrpcClientProtocolClient.java:onNext(254)) - client-7F7296B99608->ffc7b071-00b3-4a69-8de5-2639a1a8d8ac: receive RaftClientReply:client-7F7296B99608->ffc7b071-00b3-4a69-8de5-2639a1a8d8ac@group-6911E2D50CC5, cid=63, SUCCESS, logIndex=110, commits[ffc7b071-00b3-4a69-8de5-2639a1a8d8ac:c111]
2019-06-12 16:04:43,103 INFO  client.GrpcClientProtocolClient (GrpcClientProtocolClient.java:onNext(254)) - client-7F7296B99608->ffc7b071-00b3-4a69-8de5-2639a1a8d8ac: receive RaftClientReply:client-7F7296B99608->ffc7b071-00b3-4a69-8de5-2639a1a8d8ac@group-6911E2D50CC5, cid=64, SUCCESS, logIndex=112, commits[ffc7b071-00b3-4a69-8de5-2639a1a8d8ac:c112]
2019-06-12 16:04:43,177 DEBUG block.SCMBlockDeletingService (SCMBlockDeletingService.java:call(138)) - Running DeletedBlockTransactionScanner
2019-06-12 16:04:43,178 DEBUG block.SCMBlockDeletingService (SCMBlockDeletingService.java:call(155)) - Scanned deleted blocks log and got 0 delTX to process.
2019-06-12 16:04:43,179 INFO  client.GrpcClientProtocolClient (GrpcClientProtocolClient.java:onNext(254)) - client-7F7296B99608->ffc7b071-00b3-4a69-8de5-2639a1a8d8ac: receive RaftClientReply:client-7F7296B99608->ffc7b071-00b3-4a69-8de5-2639a1a8d8ac@group-6911E2D50CC5, cid=65, SUCCESS, logIndex=114, commits[ffc7b071-00b3-4a69-8de5-2639a1a8d8ac:c114]
2019-06-12 16:04:43,183 INFO  client.GrpcClientProtocolClient (GrpcClientProtocolClient.java:onNext(254)) - client-7F7296B99608->ffc7b071-00b3-4a69-8de5-2639a1a8d8ac: receive RaftClientReply:client-7F7296B99608->ffc7b071-00b3-4a69-8de5-2639a1a8d8ac@group-6911E2D50CC5, cid=66, SUCCESS, logIndex=116, commits[ffc7b071-00b3-4a69-8de5-2639a1a8d8ac:c116]
2019-06-12 16:04:43,185 INFO  client.GrpcClientProtocolClient (GrpcClientProtocolClient.java:onNext(254)) - client-7F7296B99608->ffc7b071-00b3-4a69-8de5-2639a1a8d8ac: receive RaftClientReply:client-7F7296B99608->ffc7b071-00b3-4a69-8de5-2639a1a8d8ac@group-6911E2D50CC5, cid=67, SUCCESS, logIndex=117, commits[ffc7b071-00b3-4a69-8de5-2639a1a8d8ac:c119]
2019-06-12 16:04:43,185 INFO  client.GrpcClientProtocolClient (GrpcClientProtocolClient.java:onNext(254)) - client-7F7296B99608->ffc7b071-00b3-4a69-8de5-2639a1a8d8ac: receive RaftClientReply:client-7F7296B99608->ffc7b071-00b3-4a69-8de5-2639a1a8d8ac@group-6911E2D50CC5, cid=68, SUCCESS, logIndex=119, commits[ffc7b071-00b3-4a69-8de5-2639a1a8d8ac:c120]
2019-06-12 16:04:43,197 INFO  client.GrpcClientProtocolClient (GrpcClientProtocolClient.java:onNext(254)) - client-7F7296B99608->ffc7b071-00b3-4a69-8de5-2639a1a8d8ac: receive RaftClientReply:client-7F7296B99608->ffc7b071-00b3-4a69-8de5-2639a1a8d8ac@group-6911E2D50CC5, cid=69, SUCCESS, logIndex=121, commits[ffc7b071-00b3-4a69-8de5-2639a1a8d8ac:c121]
2019-06-12 16:04:43,199 INFO  client.GrpcClientProtocolClient (GrpcClientProtocolClient.java:onNext(254)) - client-7F7296B99608->ffc7b071-00b3-4a69-8de5-2639a1a8d8ac: receive RaftClientReply:client-7F7296B99608->ffc7b071-00b3-4a69-8de5-2639a1a8d8ac@group-6911E2D50CC5, cid=70, SUCCESS, logIndex=123, commits[ffc7b071-00b3-4a69-8de5-2639a1a8d8ac:c124]
2019-06-12 16:04:43,205 INFO  client.GrpcClientProtocolClient (GrpcClientProtocolClient.java:onNext(254)) - client-7F7296B99608->ffc7b071-00b3-4a69-8de5-2639a1a8d8ac: receive RaftClientReply:client-7F7296B99608->ffc7b071-00b3-4a69-8de5-2639a1a8d8ac@group-6911E2D50CC5, cid=71, SUCCESS, logIndex=125, commits[ffc7b071-00b3-4a69-8de5-2639a1a8d8ac:c125]
2019-06-12 16:04:43,205 INFO  client.GrpcClientProtocolClient (GrpcClientProtocolClient.java:onNext(254)) - client-7F7296B99608->ffc7b071-00b3-4a69-8de5-2639a1a8d8ac: receive RaftClientReply:client-7F7296B99608->ffc7b071-00b3-4a69-8de5-2639a1a8d8ac@group-6911E2D50CC5, cid=72, SUCCESS, logIndex=127, commits[ffc7b071-00b3-4a69-8de5-2639a1a8d8ac:c128]
2019-06-12 16:04:43,219 INFO  client.GrpcClientProtocolClient (GrpcClientProtocolClient.java:onNext(254)) - client-7F7296B99608->ffc7b071-00b3-4a69-8de5-2639a1a8d8ac: receive RaftClientReply:client-7F7296B99608->ffc7b071-00b3-4a69-8de5-2639a1a8d8ac@group-6911E2D50CC5, cid=73, SUCCESS, logIndex=129, commits[ffc7b071-00b3-4a69-8de5-2639a1a8d8ac:c129]
2019-06-12 16:04:43,225 INFO  client.GrpcClientProtocolClient (GrpcClientProtocolClient.java:onNext(254)) - client-7F7296B99608->ffc7b071-00b3-4a69-8de5-2639a1a8d8ac: receive RaftClientReply:client-7F7296B99608->ffc7b071-00b3-4a69-8de5-2639a1a8d8ac@group-6911E2D50CC5, cid=74, SUCCESS, logIndex=131, commits[ffc7b071-00b3-4a69-8de5-2639a1a8d8ac:c131]
2019-06-12 16:04:43,231 INFO  client.GrpcClientProtocolClient (GrpcClientProtocolClient.java:onNext(254)) - client-7F7296B99608->ffc7b071-00b3-4a69-8de5-2639a1a8d8ac: receive RaftClientReply:client-7F7296B99608->ffc7b071-00b3-4a69-8de5-2639a1a8d8ac@group-6911E2D50CC5, cid=75, SUCCESS, logIndex=133, commits[ffc7b071-00b3-4a69-8de5-2639a1a8d8ac:c133]
2019-06-12 16:04:43,232 INFO  client.GrpcClientProtocolClient (GrpcClientProtocolClient.java:onNext(254)) - client-7F7296B99608->ffc7b071-00b3-4a69-8de5-2639a1a8d8ac: receive RaftClientReply:client-7F7296B99608->ffc7b071-00b3-4a69-8de5-2639a1a8d8ac@group-6911E2D50CC5, cid=76, SUCCESS, logIndex=134, commits[ffc7b071-00b3-4a69-8de5-2639a1a8d8ac:c134]
2019-06-12 16:04:43,244 INFO  client.GrpcClientProtocolClient (GrpcClientProtocolClient.java:onNext(254)) - client-7F7296B99608->ffc7b071-00b3-4a69-8de5-2639a1a8d8ac: receive RaftClientReply:client-7F7296B99608->ffc7b071-00b3-4a69-8de5-2639a1a8d8ac@group-6911E2D50CC5, cid=77, SUCCESS, logIndex=137, commits[ffc7b071-00b3-4a69-8de5-2639a1a8d8ac:c137]
2019-06-12 16:04:43,251 INFO  client.GrpcClientProtocolClient (GrpcClientProtocolClient.java:onNext(254)) - client-7F7296B99608->ffc7b071-00b3-4a69-8de5-2639a1a8d8ac: receive RaftClientReply:client-7F7296B99608->ffc7b071-00b3-4a69-8de5-2639a1a8d8ac@group-6911E2D50CC5, cid=78, SUCCESS, logIndex=139, commits[ffc7b071-00b3-4a69-8de5-2639a1a8d8ac:c139]
2019-06-12 16:04:43,253 INFO  client.GrpcClientProtocolClient (GrpcClientProtocolClient.java:onNext(254)) - client-7F7296B99608->ffc7b071-00b3-4a69-8de5-2639a1a8d8ac: receive RaftClientReply:client-7F7296B99608->ffc7b071-00b3-4a69-8de5-2639a1a8d8ac@group-6911E2D50CC5, cid=79, SUCCESS, logIndex=140, commits[ffc7b071-00b3-4a69-8de5-2639a1a8d8ac:c142]
2019-06-12 16:04:43,253 INFO  client.GrpcClientProtocolClient (GrpcClientProtocolClient.java:onNext(254)) - client-7F7296B99608->ffc7b071-00b3-4a69-8de5-2639a1a8d8ac: receive RaftClientReply:client-7F7296B99608->ffc7b071-00b3-4a69-8de5-2639a1a8d8ac@group-6911E2D50CC5, cid=80, SUCCESS, logIndex=142, commits[ffc7b071-00b3-4a69-8de5-2639a1a8d8ac:c143]
2019-06-12 16:04:43,268 INFO  client.GrpcClientProtocolClient (GrpcClientProtocolClient.java:onNext(254)) - client-7F7296B99608->ffc7b071-00b3-4a69-8de5-2639a1a8d8ac: receive RaftClientReply:client-7F7296B99608->ffc7b071-00b3-4a69-8de5-2639a1a8d8ac@group-6911E2D50CC5, cid=81, SUCCESS, logIndex=144, commits[ffc7b071-00b3-4a69-8de5-2639a1a8d8ac:c144]
2019-06-12 16:04:43,271 INFO  client.GrpcClientProtocolClient (GrpcClientProtocolClient.java:onNext(254)) - client-7F7296B99608->ffc7b071-00b3-4a69-8de5-2639a1a8d8ac: receive RaftClientReply:client-7F7296B99608->ffc7b071-00b3-4a69-8de5-2639a1a8d8ac@group-6911E2D50CC5, cid=82, SUCCESS, logIndex=146, commits[ffc7b071-00b3-4a69-8de5-2639a1a8d8ac:c146]
2019-06-12 16:04:43,275 INFO  client.GrpcClientProtocolClient (GrpcClientProtocolClient.java:onNext(254)) - client-7F7296B99608->ffc7b071-00b3-4a69-8de5-2639a1a8d8ac: receive RaftClientReply:client-7F7296B99608->ffc7b071-00b3-4a69-8de5-2639a1a8d8ac@group-6911E2D50CC5, cid=83, SUCCESS, logIndex=148, commits[ffc7b071-00b3-4a69-8de5-2639a1a8d8ac:c148]
2019-06-12 16:04:43,276 INFO  client.GrpcClientProtocolClient (GrpcClientProtocolClient.java:onNext(254)) - client-7F7296B99608->ffc7b071-00b3-4a69-8de5-2639a1a8d8ac: receive RaftClientReply:client-7F7296B99608->ffc7b071-00b3-4a69-8de5-2639a1a8d8ac@group-6911E2D50CC5, cid=84, SUCCESS, logIndex=149, commits[ffc7b071-00b3-4a69-8de5-2639a1a8d8ac:c150]
2019-06-12 16:04:43,278 DEBUG block.SCMBlockDeletingService (SCMBlockDeletingService.java:call(138)) - Running DeletedBlockTransactionScanner
2019-06-12 16:04:43,278 DEBUG block.SCMBlockDeletingService (SCMBlockDeletingService.java:call(155)) - Scanned deleted blocks log and got 0 delTX to process.
2019-06-12 16:04:43,289 INFO  client.GrpcClientProtocolClient (GrpcClientProtocolClient.java:onNext(254)) - client-7F7296B99608->ffc7b071-00b3-4a69-8de5-2639a1a8d8ac: receive RaftClientReply:client-7F7296B99608->ffc7b071-00b3-4a69-8de5-2639a1a8d8ac@group-6911E2D50CC5, cid=85, SUCCESS, logIndex=152, commits[ffc7b071-00b3-4a69-8de5-2639a1a8d8ac:c152]
2019-06-12 16:04:43,291 INFO  storage.RaftLogWorker (RaftLogWorker.java:rollLogSegment(303)) - ffc7b071-00b3-4a69-8de5-2639a1a8d8ac-RaftLogWorker: Rolling segment log-80_155 to index:155
2019-06-12 16:04:43,293 INFO  storage.RaftLogWorker (RaftLogWorker.java:execute(433)) - ffc7b071-00b3-4a69-8de5-2639a1a8d8ac-RaftLogWorker: Rolled log segment from /opt/src/hadoop-ozone/integration-test/target/test-dir/MiniOzoneClusterImpl-a1c7246e-c692-4524-ad55-32b507b20431/datanode-0/data/ratis/4417d833-4fb6-4fa2-9413-6911e2d50cc5/current/log_inprogress_80 to /opt/src/hadoop-ozone/integration-test/target/test-dir/MiniOzoneClusterImpl-a1c7246e-c692-4524-ad55-32b507b20431/datanode-0/data/ratis/4417d833-4fb6-4fa2-9413-6911e2d50cc5/current/log_80-155
2019-06-12 16:04:43,297 INFO  client.GrpcClientProtocolClient (GrpcClientProtocolClient.java:onNext(254)) - client-7F7296B99608->ffc7b071-00b3-4a69-8de5-2639a1a8d8ac: receive RaftClientReply:client-7F7296B99608->ffc7b071-00b3-4a69-8de5-2639a1a8d8ac@group-6911E2D50CC5, cid=86, SUCCESS, logIndex=154, commits[ffc7b071-00b3-4a69-8de5-2639a1a8d8ac:c155]
2019-06-12 16:04:43,299 INFO  client.GrpcClientProtocolClient (GrpcClientProtocolClient.java:onNext(254)) - client-7F7296B99608->ffc7b071-00b3-4a69-8de5-2639a1a8d8ac: receive RaftClientReply:client-7F7296B99608->ffc7b071-00b3-4a69-8de5-2639a1a8d8ac@group-6911E2D50CC5, cid=87, SUCCESS, logIndex=155, commits[ffc7b071-00b3-4a69-8de5-2639a1a8d8ac:c155]
2019-06-12 16:04:43,340 INFO  storage.RaftLogWorker (RaftLogWorker.java:execute(469)) - ffc7b071-00b3-4a69-8de5-2639a1a8d8ac-RaftLogWorker: created new log segment /opt/src/hadoop-ozone/integration-test/target/test-dir/MiniOzoneClusterImpl-a1c7246e-c692-4524-ad55-32b507b20431/datanode-0/data/ratis/4417d833-4fb6-4fa2-9413-6911e2d50cc5/current/log_inprogress_156
2019-06-12 16:04:43,343 INFO  client.GrpcClientProtocolClient (GrpcClientProtocolClient.java:onNext(254)) - client-7F7296B99608->ffc7b071-00b3-4a69-8de5-2639a1a8d8ac: receive RaftClientReply:client-7F7296B99608->ffc7b071-00b3-4a69-8de5-2639a1a8d8ac@group-6911E2D50CC5, cid=88, SUCCESS, logIndex=156, commits[ffc7b071-00b3-4a69-8de5-2639a1a8d8ac:c157]
2019-06-12 16:04:43,378 DEBUG block.SCMBlockDeletingService (SCMBlockDeletingService.java:call(138)) - Running DeletedBlockTransactionScanner
2019-06-12 16:04:43,378 DEBUG block.SCMBlockDeletingService (SCMBlockDeletingService.java:call(155)) - Scanned deleted blocks log and got 0 delTX to process.
2019-06-12 16:04:43,424 INFO  client.GrpcClientProtocolClient (GrpcClientProtocolClient.java:onNext(254)) - client-7F7296B99608->ffc7b071-00b3-4a69-8de5-2639a1a8d8ac: receive RaftClientReply:client-7F7296B99608->ffc7b071-00b3-4a69-8de5-2639a1a8d8ac@group-6911E2D50CC5, cid=89, SUCCESS, logIndex=158, commits[ffc7b071-00b3-4a69-8de5-2639a1a8d8ac:c158]
2019-06-12 16:04:43,427 INFO  client.GrpcClientProtocolClient (GrpcClientProtocolClient.java:onNext(254)) - client-7F7296B99608->ffc7b071-00b3-4a69-8de5-2639a1a8d8ac: receive RaftClientReply:client-7F7296B99608->ffc7b071-00b3-4a69-8de5-2639a1a8d8ac@group-6911E2D50CC5, cid=90, SUCCESS, logIndex=160, commits[ffc7b071-00b3-4a69-8de5-2639a1a8d8ac:c160]
2019-06-12 16:04:43,430 INFO  client.GrpcClientProtocolClient (GrpcClientProtocolClient.java:onNext(254)) - client-7F7296B99608->ffc7b071-00b3-4a69-8de5-2639a1a8d8ac: receive RaftClientReply:client-7F7296B99608->ffc7b071-00b3-4a69-8de5-2639a1a8d8ac@group-6911E2D50CC5, cid=91, SUCCESS, logIndex=161, commits[ffc7b071-00b3-4a69-8de5-2639a1a8d8ac:c163]
2019-06-12 16:04:43,430 INFO  client.GrpcClientProtocolClient (GrpcClientProtocolClient.java:onNext(254)) - client-7F7296B99608->ffc7b071-00b3-4a69-8de5-2639a1a8d8ac: receive RaftClientReply:client-7F7296B99608->ffc7b071-00b3-4a69-8de5-2639a1a8d8ac@group-6911E2D50CC5, cid=92, SUCCESS, logIndex=163, commits[ffc7b071-00b3-4a69-8de5-2639a1a8d8ac:c164]
2019-06-12 16:04:43,443 INFO  client.GrpcClientProtocolClient (GrpcClientProtocolClient.java:onNext(254)) - client-7F7296B99608->ffc7b071-00b3-4a69-8de5-2639a1a8d8ac: receive RaftClientReply:client-7F7296B99608->ffc7b071-00b3-4a69-8de5-2639a1a8d8ac@group-6911E2D50CC5, cid=93, SUCCESS, logIndex=165, commits[ffc7b071-00b3-4a69-8de5-2639a1a8d8ac:c165]
2019-06-12 16:04:43,448 INFO  client.GrpcClientProtocolClient (GrpcClientProtocolClient.java:onNext(254)) - client-7F7296B99608->ffc7b071-00b3-4a69-8de5-2639a1a8d8ac: receive RaftClientReply:client-7F7296B99608->ffc7b071-00b3-4a69-8de5-2639a1a8d8ac@group-6911E2D50CC5, cid=94, SUCCESS, logIndex=167, commits[ffc7b071-00b3-4a69-8de5-2639a1a8d8ac:c169]
2019-06-12 16:04:43,449 INFO  client.GrpcClientProtocolClient (GrpcClientProtocolClient.java:onNext(254)) - client-7F7296B99608->ffc7b071-00b3-4a69-8de5-2639a1a8d8ac: receive RaftClientReply:client-7F7296B99608->ffc7b071-00b3-4a69-8de5-2639a1a8d8ac@group-6911E2D50CC5, cid=95, SUCCESS, logIndex=169, commits[ffc7b071-00b3-4a69-8de5-2639a1a8d8ac:c170]
2019-06-12 16:04:43,451 INFO  client.GrpcClientProtocolClient (GrpcClientProtocolClient.java:onNext(254)) - client-7F7296B99608->ffc7b071-00b3-4a69-8de5-2639a1a8d8ac: receive RaftClientReply:client-7F7296B99608->ffc7b071-00b3-4a69-8de5-2639a1a8d8ac@group-6911E2D50CC5, cid=96, SUCCESS, logIndex=170, commits[ffc7b071-00b3-4a69-8de5-2639a1a8d8ac:c171]
2019-06-12 16:04:43,464 INFO  client.GrpcClientProtocolClient (GrpcClientProtocolClient.java:onNext(254)) - client-7F7296B99608->ffc7b071-00b3-4a69-8de5-2639a1a8d8ac: receive RaftClientReply:client-7F7296B99608->ffc7b071-00b3-4a69-8de5-2639a1a8d8ac@group-6911E2D50CC5, cid=97, SUCCESS, logIndex=173, commits[ffc7b071-00b3-4a69-8de5-2639a1a8d8ac:c173]
2019-06-12 16:04:43,468 INFO  client.GrpcClientProtocolClient (GrpcClientProtocolClient.java:onNext(254)) - client-7F7296B99608->ffc7b071-00b3-4a69-8de5-2639a1a8d8ac: receive RaftClientReply:client-7F7296B99608->ffc7b071-00b3-4a69-8de5-2639a1a8d8ac@group-6911E2D50CC5, cid=98, SUCCESS, logIndex=175, commits[ffc7b071-00b3-4a69-8de5-2639a1a8d8ac:c175]
2019-06-12 16:04:43,470 INFO  client.GrpcClientProtocolClient (GrpcClientProtocolClient.java:onNext(254)) - client-7F7296B99608->ffc7b071-00b3-4a69-8de5-2639a1a8d8ac: receive RaftClientReply:client-7F7296B99608->ffc7b071-00b3-4a69-8de5-2639a1a8d8ac@group-6911E2D50CC5, cid=99, SUCCESS, logIndex=176, commits[ffc7b071-00b3-4a69-8de5-2639a1a8d8ac:c177]
2019-06-12 16:04:43,471 INFO  client.GrpcClientProtocolClient (GrpcClientProtocolClient.java:onNext(254)) - client-7F7296B99608->ffc7b071-00b3-4a69-8de5-2639a1a8d8ac: receive RaftClientReply:client-7F7296B99608->ffc7b071-00b3-4a69-8de5-2639a1a8d8ac@group-6911E2D50CC5, cid=100, SUCCESS, logIndex=178, commits[ffc7b071-00b3-4a69-8de5-2639a1a8d8ac:c178]
2019-06-12 16:04:43,479 DEBUG block.SCMBlockDeletingService (SCMBlockDeletingService.java:call(138)) - Running DeletedBlockTransactionScanner
2019-06-12 16:04:43,479 DEBUG block.SCMBlockDeletingService (SCMBlockDeletingService.java:call(155)) - Scanned deleted blocks log and got 0 delTX to process.
2019-06-12 16:04:43,479 INFO  client.GrpcClientProtocolClient (GrpcClientProtocolClient.java:onNext(254)) - client-7F7296B99608->ffc7b071-00b3-4a69-8de5-2639a1a8d8ac: receive RaftClientReply:client-7F7296B99608->ffc7b071-00b3-4a69-8de5-2639a1a8d8ac@group-6911E2D50CC5, cid=101, SUCCESS, logIndex=180, commits[ffc7b071-00b3-4a69-8de5-2639a1a8d8ac:c180]
2019-06-12 16:04:43,486 INFO  client.GrpcClientProtocolClient (GrpcClientProtocolClient.java:onNext(254)) - client-7F7296B99608->ffc7b071-00b3-4a69-8de5-2639a1a8d8ac: receive RaftClientReply:client-7F7296B99608->ffc7b071-00b3-4a69-8de5-2639a1a8d8ac@group-6911E2D50CC5, cid=102, SUCCESS, logIndex=182, commits[ffc7b071-00b3-4a69-8de5-2639a1a8d8ac:c182]
2019-06-12 16:04:43,487 INFO  client.GrpcClientProtocolClient (GrpcClientProtocolClient.java:onNext(254)) - client-7F7296B99608->ffc7b071-00b3-4a69-8de5-2639a1a8d8ac: receive RaftClientReply:client-7F7296B99608->ffc7b071-00b3-4a69-8de5-2639a1a8d8ac@group-6911E2D50CC5, cid=103, SUCCESS, logIndex=183, commits[ffc7b071-00b3-4a69-8de5-2639a1a8d8ac:c184]
2019-06-12 16:04:43,487 INFO  client.GrpcClientProtocolClient (GrpcClientProtocolClient.java:onNext(254)) - client-7F7296B99608->ffc7b071-00b3-4a69-8de5-2639a1a8d8ac: receive RaftClientReply:client-7F7296B99608->ffc7b071-00b3-4a69-8de5-2639a1a8d8ac@group-6911E2D50CC5, cid=104, SUCCESS, logIndex=185, commits[ffc7b071-00b3-4a69-8de5-2639a1a8d8ac:c185]
2019-06-12 16:04:43,558 INFO  client.GrpcClientProtocolClient (GrpcClientProtocolClient.java:onNext(254)) - client-7F7296B99608->ffc7b071-00b3-4a69-8de5-2639a1a8d8ac: receive RaftClientReply:client-7F7296B99608->ffc7b071-00b3-4a69-8de5-2639a1a8d8ac@group-6911E2D50CC5, cid=105, SUCCESS, logIndex=187, commits[ffc7b071-00b3-4a69-8de5-2639a1a8d8ac:c187]
2019-06-12 16:04:43,560 INFO  client.GrpcClientProtocolClient (GrpcClientProtocolClient.java:onNext(254)) - client-7F7296B99608->ffc7b071-00b3-4a69-8de5-2639a1a8d8ac: receive RaftClientReply:client-7F7296B99608->ffc7b071-00b3-4a69-8de5-2639a1a8d8ac@group-6911E2D50CC5, cid=106, SUCCESS, logIndex=189, commits[ffc7b071-00b3-4a69-8de5-2639a1a8d8ac:c189]
2019-06-12 16:04:43,564 INFO  client.GrpcClientProtocolClient (GrpcClientProtocolClient.java:onNext(254)) - client-7F7296B99608->ffc7b071-00b3-4a69-8de5-2639a1a8d8ac: receive RaftClientReply:client-7F7296B99608->ffc7b071-00b3-4a69-8de5-2639a1a8d8ac@group-6911E2D50CC5, cid=107, SUCCESS, logIndex=191, commits[ffc7b071-00b3-4a69-8de5-2639a1a8d8ac:c192]
2019-06-12 16:04:43,565 INFO  client.GrpcClientProtocolClient (GrpcClientProtocolClient.java:onNext(254)) - client-7F7296B99608->ffc7b071-00b3-4a69-8de5-2639a1a8d8ac: receive RaftClientReply:client-7F7296B99608->ffc7b071-00b3-4a69-8de5-2639a1a8d8ac@group-6911E2D50CC5, cid=108, SUCCESS, logIndex=192, commits[ffc7b071-00b3-4a69-8de5-2639a1a8d8ac:c192]
2019-06-12 16:04:43,574 INFO  client.GrpcClientProtocolClient (GrpcClientProtocolClient.java:onNext(254)) - client-7F7296B99608->ffc7b071-00b3-4a69-8de5-2639a1a8d8ac: receive RaftClientReply:client-7F7296B99608->ffc7b071-00b3-4a69-8de5-2639a1a8d8ac@group-6911E2D50CC5, cid=109, SUCCESS, logIndex=194, commits[ffc7b071-00b3-4a69-8de5-2639a1a8d8ac:c194]
2019-06-12 16:04:43,577 INFO  client.GrpcClientProtocolClient (GrpcClientProtocolClient.java:onNext(254)) - client-7F7296B99608->ffc7b071-00b3-4a69-8de5-2639a1a8d8ac: receive RaftClientReply:client-7F7296B99608->ffc7b071-00b3-4a69-8de5-2639a1a8d8ac@group-6911E2D50CC5, cid=110, SUCCESS, logIndex=196, commits[ffc7b071-00b3-4a69-8de5-2639a1a8d8ac:c196]
2019-06-12 16:04:43,579 DEBUG block.SCMBlockDeletingService (SCMBlockDeletingService.java:call(138)) - Running DeletedBlockTransactionScanner
2019-06-12 16:04:43,579 DEBUG block.SCMBlockDeletingService (SCMBlockDeletingService.java:call(155)) - Scanned deleted blocks log and got 0 delTX to process.
2019-06-12 16:04:43,581 INFO  client.GrpcClientProtocolClient (GrpcClientProtocolClient.java:onNext(254)) - client-7F7296B99608->ffc7b071-00b3-4a69-8de5-2639a1a8d8ac: receive RaftClientReply:client-7F7296B99608->ffc7b071-00b3-4a69-8de5-2639a1a8d8ac@group-6911E2D50CC5, cid=111, SUCCESS, logIndex=198, commits[ffc7b071-00b3-4a69-8de5-2639a1a8d8ac:c199]
2019-06-12 16:04:43,582 INFO  client.GrpcClientProtocolClient (GrpcClientProtocolClient.java:onNext(254)) - client-7F7296B99608->ffc7b071-00b3-4a69-8de5-2639a1a8d8ac: receive RaftClientReply:client-7F7296B99608->ffc7b071-00b3-4a69-8de5-2639a1a8d8ac@group-6911E2D50CC5, cid=112, SUCCESS, logIndex=199, commits[ffc7b071-00b3-4a69-8de5-2639a1a8d8ac:c199]
2019-06-12 16:04:43,598 INFO  client.GrpcClientProtocolClient (GrpcClientProtocolClient.java:onNext(254)) - client-7F7296B99608->ffc7b071-00b3-4a69-8de5-2639a1a8d8ac: receive RaftClientReply:client-7F7296B99608->ffc7b071-00b3-4a69-8de5-2639a1a8d8ac@group-6911E2D50CC5, cid=113, SUCCESS, logIndex=201, commits[ffc7b071-00b3-4a69-8de5-2639a1a8d8ac:c201]
2019-06-12 16:04:43,603 INFO  client.GrpcClientProtocolClient (GrpcClientProtocolClient.java:onNext(254)) - client-7F7296B99608->ffc7b071-00b3-4a69-8de5-2639a1a8d8ac: receive RaftClientReply:client-7F7296B99608->ffc7b071-00b3-4a69-8de5-2639a1a8d8ac@group-6911E2D50CC5, cid=114, SUCCESS, logIndex=203, commits[ffc7b071-00b3-4a69-8de5-2639a1a8d8ac:c203]
2019-06-12 16:04:43,604 INFO  client.GrpcClientProtocolClient (GrpcClientProtocolClient.java:onNext(254)) - client-7F7296B99608->ffc7b071-00b3-4a69-8de5-2639a1a8d8ac: receive RaftClientReply:client-7F7296B99608->ffc7b071-00b3-4a69-8de5-2639a1a8d8ac@group-6911E2D50CC5, cid=115, SUCCESS, logIndex=204, commits[ffc7b071-00b3-4a69-8de5-2639a1a8d8ac:c206]
2019-06-12 16:04:43,606 INFO  client.GrpcClientProtocolClient (GrpcClientProtocolClient.java:onNext(254)) - client-7F7296B99608->ffc7b071-00b3-4a69-8de5-2639a1a8d8ac: receive RaftClientReply:client-7F7296B99608->ffc7b071-00b3-4a69-8de5-2639a1a8d8ac@group-6911E2D50CC5, cid=116, SUCCESS, logIndex=206, commits[ffc7b071-00b3-4a69-8de5-2639a1a8d8ac:c206]
2019-06-12 16:04:43,615 INFO  client.GrpcClientProtocolClient (GrpcClientProtocolClient.java:onNext(254)) - client-7F7296B99608->ffc7b071-00b3-4a69-8de5-2639a1a8d8ac: receive RaftClientReply:client-7F7296B99608->ffc7b071-00b3-4a69-8de5-2639a1a8d8ac@group-6911E2D50CC5, cid=117, SUCCESS, logIndex=209, commits[ffc7b071-00b3-4a69-8de5-2639a1a8d8ac:c209]
2019-06-12 16:04:43,619 INFO  client.GrpcClientProtocolClient (GrpcClientProtocolClient.java:onNext(254)) - client-7F7296B99608->ffc7b071-00b3-4a69-8de5-2639a1a8d8ac: receive RaftClientReply:client-7F7296B99608->ffc7b071-00b3-4a69-8de5-2639a1a8d8ac@group-6911E2D50CC5, cid=118, SUCCESS, logIndex=211, commits[ffc7b071-00b3-4a69-8de5-2639a1a8d8ac:c211]
2019-06-12 16:04:43,620 INFO  client.GrpcClientProtocolClient (GrpcClientProtocolClient.java:onNext(254)) - client-7F7296B99608->ffc7b071-00b3-4a69-8de5-2639a1a8d8ac: receive RaftClientReply:client-7F7296B99608->ffc7b071-00b3-4a69-8de5-2639a1a8d8ac@group-6911E2D50CC5, cid=119, SUCCESS, logIndex=212, commits[ffc7b071-00b3-4a69-8de5-2639a1a8d8ac:c214]
2019-06-12 16:04:43,620 INFO  client.GrpcClientProtocolClient (GrpcClientProtocolClient.java:onNext(254)) - client-7F7296B99608->ffc7b071-00b3-4a69-8de5-2639a1a8d8ac: receive RaftClientReply:client-7F7296B99608->ffc7b071-00b3-4a69-8de5-2639a1a8d8ac@group-6911E2D50CC5, cid=120, SUCCESS, logIndex=214, commits[ffc7b071-00b3-4a69-8de5-2639a1a8d8ac:c215]
2019-06-12 16:04:43,633 INFO  client.GrpcClientProtocolClient (GrpcClientProtocolClient.java:onNext(254)) - client-7F7296B99608->ffc7b071-00b3-4a69-8de5-2639a1a8d8ac: receive RaftClientReply:client-7F7296B99608->ffc7b071-00b3-4a69-8de5-2639a1a8d8ac@group-6911E2D50CC5, cid=121, SUCCESS, logIndex=217, commits[ffc7b071-00b3-4a69-8de5-2639a1a8d8ac:c217]
2019-06-12 16:04:43,637 INFO  client.GrpcClientProtocolClient (GrpcClientProtocolClient.java:onNext(254)) - client-7F7296B99608->ffc7b071-00b3-4a69-8de5-2639a1a8d8ac: receive RaftClientReply:client-7F7296B99608->ffc7b071-00b3-4a69-8de5-2639a1a8d8ac@group-6911E2D50CC5, cid=122, SUCCESS, logIndex=219, commits[ffc7b071-00b3-4a69-8de5-2639a1a8d8ac:c219]
2019-06-12 16:04:43,638 INFO  client.GrpcClientProtocolClient (GrpcClientProtocolClient.java:onNext(254)) - client-7F7296B99608->ffc7b071-00b3-4a69-8de5-2639a1a8d8ac: receive RaftClientReply:client-7F7296B99608->ffc7b071-00b3-4a69-8de5-2639a1a8d8ac@group-6911E2D50CC5, cid=123, SUCCESS, logIndex=220, commits[ffc7b071-00b3-4a69-8de5-2639a1a8d8ac:c220]
2019-06-12 16:04:43,640 INFO  client.GrpcClientProtocolClient (GrpcClientProtocolClient.java:onNext(254)) - client-7F7296B99608->ffc7b071-00b3-4a69-8de5-2639a1a8d8ac: receive RaftClientReply:client-7F7296B99608->ffc7b071-00b3-4a69-8de5-2639a1a8d8ac@group-6911E2D50CC5, cid=124, SUCCESS, logIndex=223, commits[ffc7b071-00b3-4a69-8de5-2639a1a8d8ac:c223]
2019-06-12 16:04:43,649 INFO  client.GrpcClientProtocolClient (GrpcClientProtocolClient.java:onNext(254)) - client-7F7296B99608->ffc7b071-00b3-4a69-8de5-2639a1a8d8ac: receive RaftClientReply:client-7F7296B99608->ffc7b071-00b3-4a69-8de5-2639a1a8d8ac@group-6911E2D50CC5, cid=125, SUCCESS, logIndex=225, commits[ffc7b071-00b3-4a69-8de5-2639a1a8d8ac:c225]
2019-06-12 16:04:43,653 INFO  client.GrpcClientProtocolClient (GrpcClientProtocolClient.java:onNext(254)) - client-7F7296B99608->ffc7b071-00b3-4a69-8de5-2639a1a8d8ac: receive RaftClientReply:client-7F7296B99608->ffc7b071-00b3-4a69-8de5-2639a1a8d8ac@group-6911E2D50CC5, cid=126, SUCCESS, logIndex=227, commits[ffc7b071-00b3-4a69-8de5-2639a1a8d8ac:c227]
2019-06-12 16:04:43,655 INFO  client.GrpcClientProtocolClient (GrpcClientProtocolClient.java:onNext(254)) - client-7F7296B99608->ffc7b071-00b3-4a69-8de5-2639a1a8d8ac: receive RaftClientReply:client-7F7296B99608->ffc7b071-00b3-4a69-8de5-2639a1a8d8ac@group-6911E2D50CC5, cid=127, SUCCESS, logIndex=228, commits[ffc7b071-00b3-4a69-8de5-2639a1a8d8ac:c228]
2019-06-12 16:04:43,657 INFO  client.GrpcClientProtocolClient (GrpcClientProtocolClient.java:onNext(254)) - client-7F7296B99608->ffc7b071-00b3-4a69-8de5-2639a1a8d8ac: receive RaftClientReply:client-7F7296B99608->ffc7b071-00b3-4a69-8de5-2639a1a8d8ac@group-6911E2D50CC5, cid=128, SUCCESS, logIndex=231, commits[ffc7b071-00b3-4a69-8de5-2639a1a8d8ac:c232]
2019-06-12 16:04:43,672 INFO  client.GrpcClientProtocolClient (GrpcClientProtocolClient.java:onNext(254)) - client-7F7296B99608->ffc7b071-00b3-4a69-8de5-2639a1a8d8ac: receive RaftClientReply:client-7F7296B99608->ffc7b071-00b3-4a69-8de5-2639a1a8d8ac@group-6911E2D50CC5, cid=129, SUCCESS, logIndex=233, commits[ffc7b071-00b3-4a69-8de5-2639a1a8d8ac:c233]
2019-06-12 16:04:43,674 INFO  client.GrpcClientProtocolClient (GrpcClientProtocolClient.java:onNext(254)) - client-7F7296B99608->ffc7b071-00b3-4a69-8de5-2639a1a8d8ac: receive RaftClientReply:client-7F7296B99608->ffc7b071-00b3-4a69-8de5-2639a1a8d8ac@group-6911E2D50CC5, cid=130, SUCCESS, logIndex=235, commits[ffc7b071-00b3-4a69-8de5-2639a1a8d8ac:c235]
2019-06-12 16:04:43,675 INFO  storage.RaftLogWorker (RaftLogWorker.java:rollLogSegment(303)) - ffc7b071-00b3-4a69-8de5-2639a1a8d8ac-RaftLogWorker: Rolling segment log-156_236 to index:236
2019-06-12 16:04:43,675 INFO  storage.RaftLogWorker (RaftLogWorker.java:execute(433)) - ffc7b071-00b3-4a69-8de5-2639a1a8d8ac-RaftLogWorker: Rolled log segment from /opt/src/hadoop-ozone/integration-test/target/test-dir/MiniOzoneClusterImpl-a1c7246e-c692-4524-ad55-32b507b20431/datanode-0/data/ratis/4417d833-4fb6-4fa2-9413-6911e2d50cc5/current/log_inprogress_156 to /opt/src/hadoop-ozone/integration-test/target/test-dir/MiniOzoneClusterImpl-a1c7246e-c692-4524-ad55-32b507b20431/datanode-0/data/ratis/4417d833-4fb6-4fa2-9413-6911e2d50cc5/current/log_156-236
2019-06-12 16:04:43,679 DEBUG block.SCMBlockDeletingService (SCMBlockDeletingService.java:call(138)) - Running DeletedBlockTransactionScanner
2019-06-12 16:04:43,680 DEBUG block.SCMBlockDeletingService (SCMBlockDeletingService.java:call(155)) - Scanned deleted blocks log and got 0 delTX to process.
2019-06-12 16:04:43,712 INFO  storage.RaftLogWorker (RaftLogWorker.java:execute(469)) - ffc7b071-00b3-4a69-8de5-2639a1a8d8ac-RaftLogWorker: created new log segment /opt/src/hadoop-ozone/integration-test/target/test-dir/MiniOzoneClusterImpl-a1c7246e-c692-4524-ad55-32b507b20431/datanode-0/data/ratis/4417d833-4fb6-4fa2-9413-6911e2d50cc5/current/log_inprogress_237
2019-06-12 16:04:43,716 INFO  client.GrpcClientProtocolClient (GrpcClientProtocolClient.java:onNext(254)) - client-7F7296B99608->ffc7b071-00b3-4a69-8de5-2639a1a8d8ac: receive RaftClientReply:client-7F7296B99608->ffc7b071-00b3-4a69-8de5-2639a1a8d8ac@group-6911E2D50CC5, cid=131, SUCCESS, logIndex=237, commits[ffc7b071-00b3-4a69-8de5-2639a1a8d8ac:c238]
2019-06-12 16:04:43,717 INFO  client.GrpcClientProtocolClient (GrpcClientProtocolClient.java:onNext(254)) - client-7F7296B99608->ffc7b071-00b3-4a69-8de5-2639a1a8d8ac: receive RaftClientReply:client-7F7296B99608->ffc7b071-00b3-4a69-8de5-2639a1a8d8ac@group-6911E2D50CC5, cid=132, SUCCESS, logIndex=238, commits[ffc7b071-00b3-4a69-8de5-2639a1a8d8ac:c239]
2019-06-12 16:04:43,780 DEBUG block.SCMBlockDeletingService (SCMBlockDeletingService.java:call(138)) - Running DeletedBlockTransactionScanner
2019-06-12 16:04:43,780 DEBUG block.SCMBlockDeletingService (SCMBlockDeletingService.java:call(155)) - Scanned deleted blocks log and got 0 delTX to process.
2019-06-12 16:04:43,792 INFO  client.GrpcClientProtocolClient (GrpcClientProtocolClient.java:onNext(254)) - client-7F7296B99608->ffc7b071-00b3-4a69-8de5-2639a1a8d8ac: receive RaftClientReply:client-7F7296B99608->ffc7b071-00b3-4a69-8de5-2639a1a8d8ac@group-6911E2D50CC5, cid=133, SUCCESS, logIndex=240, commits[ffc7b071-00b3-4a69-8de5-2639a1a8d8ac:c240]
2019-06-12 16:04:43,795 INFO  client.GrpcClientProtocolClient (GrpcClientProtocolClient.java:onNext(254)) - client-7F7296B99608->ffc7b071-00b3-4a69-8de5-2639a1a8d8ac: receive RaftClientReply:client-7F7296B99608->ffc7b071-00b3-4a69-8de5-2639a1a8d8ac@group-6911E2D50CC5, cid=134, SUCCESS, logIndex=242, commits[ffc7b071-00b3-4a69-8de5-2639a1a8d8ac:c242]
2019-06-12 16:04:43,796 INFO  client.GrpcClientProtocolClient (GrpcClientProtocolClient.java:onNext(254)) - client-7F7296B99608->ffc7b071-00b3-4a69-8de5-2639a1a8d8ac: receive RaftClientReply:client-7F7296B99608->ffc7b071-00b3-4a69-8de5-2639a1a8d8ac@group-6911E2D50CC5, cid=135, SUCCESS, logIndex=243, commits[ffc7b071-00b3-4a69-8de5-2639a1a8d8ac:c245]
2019-06-12 16:04:43,797 INFO  client.GrpcClientProtocolClient (GrpcClientProtocolClient.java:onNext(254)) - client-7F7296B99608->ffc7b071-00b3-4a69-8de5-2639a1a8d8ac: receive RaftClientReply:client-7F7296B99608->ffc7b071-00b3-4a69-8de5-2639a1a8d8ac@group-6911E2D50CC5, cid=136, SUCCESS, logIndex=245, commits[ffc7b071-00b3-4a69-8de5-2639a1a8d8ac:c245]
2019-06-12 16:04:43,809 INFO  client.GrpcClientProtocolClient (GrpcClientProtocolClient.java:onNext(254)) - client-7F7296B99608->ffc7b071-00b3-4a69-8de5-2639a1a8d8ac: receive RaftClientReply:client-7F7296B99608->ffc7b071-00b3-4a69-8de5-2639a1a8d8ac@group-6911E2D50CC5, cid=137, SUCCESS, logIndex=247, commits[ffc7b071-00b3-4a69-8de5-2639a1a8d8ac:c247]
2019-06-12 16:04:43,813 INFO  client.GrpcClientProtocolClient (GrpcClientProtocolClient.java:onNext(254)) - client-7F7296B99608->ffc7b071-00b3-4a69-8de5-2639a1a8d8ac: receive RaftClientReply:client-7F7296B99608->ffc7b071-00b3-4a69-8de5-2639a1a8d8ac@group-6911E2D50CC5, cid=138, SUCCESS, logIndex=249, commits[ffc7b071-00b3-4a69-8de5-2639a1a8d8ac:c249]
2019-06-12 16:04:43,815 INFO  client.GrpcClientProtocolClient (GrpcClientProtocolClient.java:onNext(254)) - client-7F7296B99608->ffc7b071-00b3-4a69-8de5-2639a1a8d8ac: receive RaftClientReply:client-7F7296B99608->ffc7b071-00b3-4a69-8de5-2639a1a8d8ac@group-6911E2D50CC5, cid=139, SUCCESS, logIndex=250, commits[ffc7b071-00b3-4a69-8de5-2639a1a8d8ac:c251]
2019-06-12 16:04:43,815 INFO  client.GrpcClientProtocolClient (GrpcClientProtocolClient.java:onNext(254)) - client-7F7296B99608->ffc7b071-00b3-4a69-8de5-2639a1a8d8ac: receive RaftClientReply:client-7F7296B99608->ffc7b071-00b3-4a69-8de5-2639a1a8d8ac@group-6911E2D50CC5, cid=140, SUCCESS, logIndex=251, commits[ffc7b071-00b3-4a69-8de5-2639a1a8d8ac:c251]
2019-06-12 16:04:43,881 DEBUG block.SCMBlockDeletingService (SCMBlockDeletingService.java:call(138)) - Running DeletedBlockTransactionScanner
2019-06-12 16:04:43,881 DEBUG block.SCMBlockDeletingService (SCMBlockDeletingService.java:call(155)) - Scanned deleted blocks log and got 0 delTX to process.
2019-06-12 16:04:43,881 INFO  client.GrpcClientProtocolClient (GrpcClientProtocolClient.java:onNext(254)) - client-7F7296B99608->ffc7b071-00b3-4a69-8de5-2639a1a8d8ac: receive RaftClientReply:client-7F7296B99608->ffc7b071-00b3-4a69-8de5-2639a1a8d8ac@group-6911E2D50CC5, cid=141, SUCCESS, logIndex=254, commits[ffc7b071-00b3-4a69-8de5-2639a1a8d8ac:c254]
2019-06-12 16:04:43,885 INFO  client.GrpcClientProtocolClient (GrpcClientProtocolClient.java:onNext(254)) - client-7F7296B99608->ffc7b071-00b3-4a69-8de5-2639a1a8d8ac: receive RaftClientReply:client-7F7296B99608->ffc7b071-00b3-4a69-8de5-2639a1a8d8ac@group-6911E2D50CC5, cid=142, SUCCESS, logIndex=256, commits[ffc7b071-00b3-4a69-8de5-2639a1a8d8ac:c256]
2019-06-12 16:04:43,887 INFO  client.GrpcClientProtocolClient (GrpcClientProtocolClient.java:onNext(254)) - client-7F7296B99608->ffc7b071-00b3-4a69-8de5-2639a1a8d8ac: receive RaftClientReply:client-7F7296B99608->ffc7b071-00b3-4a69-8de5-2639a1a8d8ac@group-6911E2D50CC5, cid=143, SUCCESS, logIndex=257, commits[ffc7b071-00b3-4a69-8de5-2639a1a8d8ac:c259]
2019-06-12 16:04:43,887 INFO  client.GrpcClientProtocolClient (GrpcClientProtocolClient.java:onNext(254)) - client-7F7296B99608->ffc7b071-00b3-4a69-8de5-2639a1a8d8ac: receive RaftClientReply:client-7F7296B99608->ffc7b071-00b3-4a69-8de5-2639a1a8d8ac@group-6911E2D50CC5, cid=144, SUCCESS, logIndex=259, commits[ffc7b071-00b3-4a69-8de5-2639a1a8d8ac:c260]
2019-06-12 16:04:43,900 INFO  client.GrpcClientProtocolClient (GrpcClientProtocolClient.java:onNext(254)) - client-7F7296B99608->ffc7b071-00b3-4a69-8de5-2639a1a8d8ac: receive RaftClientReply:client-7F7296B99608->ffc7b071-00b3-4a69-8de5-2639a1a8d8ac@group-6911E2D50CC5, cid=145, SUCCESS, logIndex=261, commits[ffc7b071-00b3-4a69-8de5-2639a1a8d8ac:c261]
2019-06-12 16:04:43,905 INFO  client.GrpcClientProtocolClient (GrpcClientProtocolClient.java:onNext(254)) - client-7F7296B99608->ffc7b071-00b3-4a69-8de5-2639a1a8d8ac: receive RaftClientReply:client-7F7296B99608->ffc7b071-00b3-4a69-8de5-2639a1a8d8ac@group-6911E2D50CC5, cid=146, SUCCESS, logIndex=263, commits[ffc7b071-00b3-4a69-8de5-2639a1a8d8ac:c263]
2019-06-12 16:04:43,906 INFO  client.GrpcClientProtocolClient (GrpcClientProtocolClient.java:onNext(254)) - client-7F7296B99608->ffc7b071-00b3-4a69-8de5-2639a1a8d8ac: receive RaftClientReply:client-7F7296B99608->ffc7b071-00b3-4a69-8de5-2639a1a8d8ac@group-6911E2D50CC5, cid=147, SUCCESS, logIndex=265, commits[ffc7b071-00b3-4a69-8de5-2639a1a8d8ac:c265]
2019-06-12 16:04:43,907 INFO  client.GrpcClientProtocolClient (GrpcClientProtocolClient.java:onNext(254)) - client-7F7296B99608->ffc7b071-00b3-4a69-8de5-2639a1a8d8ac: receive RaftClientReply:client-7F7296B99608->ffc7b071-00b3-4a69-8de5-2639a1a8d8ac@group-6911E2D50CC5, cid=148, SUCCESS, logIndex=266, commits[ffc7b071-00b3-4a69-8de5-2639a1a8d8ac:c267]
2019-06-12 16:04:43,916 INFO  client.GrpcClientProtocolClient (GrpcClientProtocolClient.java:onNext(254)) - client-7F7296B99608->ffc7b071-00b3-4a69-8de5-2639a1a8d8ac: receive RaftClientReply:client-7F7296B99608->ffc7b071-00b3-4a69-8de5-2639a1a8d8ac@group-6911E2D50CC5, cid=149, SUCCESS, logIndex=269, commits[ffc7b071-00b3-4a69-8de5-2639a1a8d8ac:c270]
2019-06-12 16:04:43,920 INFO  client.GrpcClientProtocolClient (GrpcClientProtocolClient.java:onNext(254)) - client-7F7296B99608->ffc7b071-00b3-4a69-8de5-2639a1a8d8ac: receive RaftClientReply:client-7F7296B99608->ffc7b071-00b3-4a69-8de5-2639a1a8d8ac@group-6911E2D50CC5, cid=150, SUCCESS, logIndex=271, commits[ffc7b071-00b3-4a69-8de5-2639a1a8d8ac:c271]
2019-06-12 16:04:43,920 INFO  client.GrpcClientProtocolClient (GrpcClientProtocolClient.java:onNext(254)) - client-7F7296B99608->ffc7b071-00b3-4a69-8de5-2639a1a8d8ac: receive RaftClientReply:client-7F7296B99608->ffc7b071-00b3-4a69-8de5-2639a1a8d8ac@group-6911E2D50CC5, cid=151, SUCCESS, logIndex=273, commits[ffc7b071-00b3-4a69-8de5-2639a1a8d8ac:c273]
2019-06-12 16:04:43,922 INFO  client.GrpcClientProtocolClient (GrpcClientProtocolClient.java:onNext(254)) - client-7F7296B99608->ffc7b071-00b3-4a69-8de5-2639a1a8d8ac: receive RaftClientReply:client-7F7296B99608->ffc7b071-00b3-4a69-8de5-2639a1a8d8ac@group-6911E2D50CC5, cid=152, SUCCESS, logIndex=274, commits[ffc7b071-00b3-4a69-8de5-2639a1a8d8ac:c274]
2019-06-12 16:04:43,935 INFO  client.GrpcClientProtocolClient (GrpcClientProtocolClient.java:onNext(254)) - client-7F7296B99608->ffc7b071-00b3-4a69-8de5-2639a1a8d8ac: receive RaftClientReply:client-7F7296B99608->ffc7b071-00b3-4a69-8de5-2639a1a8d8ac@group-6911E2D50CC5, cid=153, SUCCESS, logIndex=277, commits[ffc7b071-00b3-4a69-8de5-2639a1a8d8ac:c277]
2019-06-12 16:04:43,938 INFO  client.GrpcClientProtocolClient (GrpcClientProtocolClient.java:onNext(254)) - client-7F7296B99608->ffc7b071-00b3-4a69-8de5-2639a1a8d8ac: receive RaftClientReply:client-7F7296B99608->ffc7b071-00b3-4a69-8de5-2639a1a8d8ac@group-6911E2D50CC5, cid=154, SUCCESS, logIndex=279, commits[ffc7b071-00b3-4a69-8de5-2639a1a8d8ac:c279]
2019-06-12 16:04:43,939 INFO  client.GrpcClientProtocolClient (GrpcClientProtocolClient.java:onNext(254)) - client-7F7296B99608->ffc7b071-00b3-4a69-8de5-2639a1a8d8ac: receive RaftClientReply:client-7F7296B99608->ffc7b071-00b3-4a69-8de5-2639a1a8d8ac@group-6911E2D50CC5, cid=155, SUCCESS, logIndex=280, commits[ffc7b071-00b3-4a69-8de5-2639a1a8d8ac:c282]
2019-06-12 16:04:43,940 INFO  client.GrpcClientProtocolClient (GrpcClientProtocolClient.java:onNext(254)) - client-7F7296B99608->ffc7b071-00b3-4a69-8de5-2639a1a8d8ac: receive RaftClientReply:client-7F7296B99608->ffc7b071-00b3-4a69-8de5-2639a1a8d8ac@group-6911E2D50CC5, cid=156, SUCCESS, logIndex=281, commits[ffc7b071-00b3-4a69-8de5-2639a1a8d8ac:c282]
2019-06-12 16:04:43,950 INFO  client.GrpcClientProtocolClient (GrpcClientProtocolClient.java:onNext(254)) - client-7F7296B99608->ffc7b071-00b3-4a69-8de5-2639a1a8d8ac: receive RaftClientReply:client-7F7296B99608->ffc7b071-00b3-4a69-8de5-2639a1a8d8ac@group-6911E2D50CC5, cid=157, SUCCESS, logIndex=284, commits[ffc7b071-00b3-4a69-8de5-2639a1a8d8ac:c284]
2019-06-12 16:04:43,953 INFO  client.GrpcClientProtocolClient (GrpcClientProtocolClient.java:onNext(254)) - client-7F7296B99608->ffc7b071-00b3-4a69-8de5-2639a1a8d8ac: receive RaftClientReply:client-7F7296B99608->ffc7b071-00b3-4a69-8de5-2639a1a8d8ac@group-6911E2D50CC5, cid=158, SUCCESS, logIndex=286, commits[ffc7b071-00b3-4a69-8de5-2639a1a8d8ac:c287]
2019-06-12 16:04:43,954 INFO  client.GrpcClientProtocolClient (GrpcClientProtocolClient.java:onNext(254)) - client-7F7296B99608->ffc7b071-00b3-4a69-8de5-2639a1a8d8ac: receive RaftClientReply:client-7F7296B99608->ffc7b071-00b3-4a69-8de5-2639a1a8d8ac@group-6911E2D50CC5, cid=159, SUCCESS, logIndex=287, commits[ffc7b071-00b3-4a69-8de5-2639a1a8d8ac:c287]
2019-06-12 16:04:43,956 INFO  client.GrpcClientProtocolClient (GrpcClientProtocolClient.java:onNext(254)) - client-7F7296B99608->ffc7b071-00b3-4a69-8de5-2639a1a8d8ac: receive RaftClientReply:client-7F7296B99608->ffc7b071-00b3-4a69-8de5-2639a1a8d8ac@group-6911E2D50CC5, cid=160, SUCCESS, logIndex=290, commits[ffc7b071-00b3-4a69-8de5-2639a1a8d8ac:c290]
2019-06-12 16:04:43,972 INFO  client.GrpcClientProtocolClient (GrpcClientProtocolClient.java:onNext(254)) - client-7F7296B99608->ffc7b071-00b3-4a69-8de5-2639a1a8d8ac: receive RaftClientReply:client-7F7296B99608->ffc7b071-00b3-4a69-8de5-2639a1a8d8ac@group-6911E2D50CC5, cid=161, SUCCESS, logIndex=292, commits[ffc7b071-00b3-4a69-8de5-2639a1a8d8ac:c292]
2019-06-12 16:04:43,975 INFO  client.GrpcClientProtocolClient (GrpcClientProtocolClient.java:onNext(254)) - client-7F7296B99608->ffc7b071-00b3-4a69-8de5-2639a1a8d8ac: receive RaftClientReply:client-7F7296B99608->ffc7b071-00b3-4a69-8de5-2639a1a8d8ac@group-6911E2D50CC5, cid=162, SUCCESS, logIndex=294, commits[ffc7b071-00b3-4a69-8de5-2639a1a8d8ac:c294]
2019-06-12 16:04:43,978 INFO  client.GrpcClientProtocolClient (GrpcClientProtocolClient.java:onNext(254)) - client-7F7296B99608->ffc7b071-00b3-4a69-8de5-2639a1a8d8ac: receive RaftClientReply:client-7F7296B99608->ffc7b071-00b3-4a69-8de5-2639a1a8d8ac@group-6911E2D50CC5, cid=163, SUCCESS, logIndex=295, commits[ffc7b071-00b3-4a69-8de5-2639a1a8d8ac:c295]
2019-06-12 16:04:43,981 DEBUG block.SCMBlockDeletingService (SCMBlockDeletingService.java:call(138)) - Running DeletedBlockTransactionScanner
2019-06-12 16:04:43,981 INFO  client.GrpcClientProtocolClient (GrpcClientProtocolClient.java:onNext(254)) - client-7F7296B99608->ffc7b071-00b3-4a69-8de5-2639a1a8d8ac: receive RaftClientReply:client-7F7296B99608->ffc7b071-00b3-4a69-8de5-2639a1a8d8ac@group-6911E2D50CC5, cid=164, SUCCESS, logIndex=297, commits[ffc7b071-00b3-4a69-8de5-2639a1a8d8ac:c298]
2019-06-12 16:04:43,982 DEBUG block.SCMBlockDeletingService (SCMBlockDeletingService.java:call(155)) - Scanned deleted blocks log and got 0 delTX to process.
2019-06-12 16:04:43,991 INFO  client.GrpcClientProtocolClient (GrpcClientProtocolClient.java:onNext(254)) - client-7F7296B99608->ffc7b071-00b3-4a69-8de5-2639a1a8d8ac: receive RaftClientReply:client-7F7296B99608->ffc7b071-00b3-4a69-8de5-2639a1a8d8ac@group-6911E2D50CC5, cid=165, SUCCESS, logIndex=299, commits[ffc7b071-00b3-4a69-8de5-2639a1a8d8ac:c299]
2019-06-12 16:04:43,993 INFO  client.GrpcClientProtocolClient (GrpcClientProtocolClient.java:onNext(254)) - client-7F7296B99608->ffc7b071-00b3-4a69-8de5-2639a1a8d8ac: receive RaftClientReply:client-7F7296B99608->ffc7b071-00b3-4a69-8de5-2639a1a8d8ac@group-6911E2D50CC5, cid=166, SUCCESS, logIndex=301, commits[ffc7b071-00b3-4a69-8de5-2639a1a8d8ac:c301]
2019-06-12 16:04:43,995 INFO  client.GrpcClientProtocolClient (GrpcClientProtocolClient.java:onNext(254)) - client-7F7296B99608->ffc7b071-00b3-4a69-8de5-2639a1a8d8ac: receive RaftClientReply:client-7F7296B99608->ffc7b071-00b3-4a69-8de5-2639a1a8d8ac@group-6911E2D50CC5, cid=167, SUCCESS, logIndex=302, commits[ffc7b071-00b3-4a69-8de5-2639a1a8d8ac:c304]
2019-06-12 16:04:43,995 INFO  client.GrpcClientProtocolClient (GrpcClientProtocolClient.java:onNext(254)) - client-7F7296B99608->ffc7b071-00b3-4a69-8de5-2639a1a8d8ac: receive RaftClientReply:client-7F7296B99608->ffc7b071-00b3-4a69-8de5-2639a1a8d8ac@group-6911E2D50CC5, cid=168, SUCCESS, logIndex=304, commits[ffc7b071-00b3-4a69-8de5-2639a1a8d8ac:c305]
2019-06-12 16:04:44,010 INFO  client.GrpcClientProtocolClient (GrpcClientProtocolClient.java:onNext(254)) - client-7F7296B99608->ffc7b071-00b3-4a69-8de5-2639a1a8d8ac: receive RaftClientReply:client-7F7296B99608->ffc7b071-00b3-4a69-8de5-2639a1a8d8ac@group-6911E2D50CC5, cid=169, SUCCESS, logIndex=306, commits[ffc7b071-00b3-4a69-8de5-2639a1a8d8ac:c306]
2019-06-12 16:04:44,014 INFO  client.GrpcClientProtocolClient (GrpcClientProtocolClient.java:onNext(254)) - client-7F7296B99608->ffc7b071-00b3-4a69-8de5-2639a1a8d8ac: receive RaftClientReply:client-7F7296B99608->ffc7b071-00b3-4a69-8de5-2639a1a8d8ac@group-6911E2D50CC5, cid=170, SUCCESS, logIndex=308, commits[ffc7b071-00b3-4a69-8de5-2639a1a8d8ac:c308]
2019-06-12 16:04:44,019 INFO  client.GrpcClientProtocolClient (GrpcClientProtocolClient.java:onNext(254)) - client-7F7296B99608->ffc7b071-00b3-4a69-8de5-2639a1a8d8ac: receive RaftClientReply:client-7F7296B99608->ffc7b071-00b3-4a69-8de5-2639a1a8d8ac@group-6911E2D50CC5, cid=171, SUCCESS, logIndex=309, commits[ffc7b071-00b3-4a69-8de5-2639a1a8d8ac:c310]
2019-06-12 16:04:44,020 INFO  client.GrpcClientProtocolClient (GrpcClientProtocolClient.java:onNext(254)) - client-7F7296B99608->ffc7b071-00b3-4a69-8de5-2639a1a8d8ac: receive RaftClientReply:client-7F7296B99608->ffc7b071-00b3-4a69-8de5-2639a1a8d8ac@group-6911E2D50CC5, cid=172, SUCCESS, logIndex=311, commits[ffc7b071-00b3-4a69-8de5-2639a1a8d8ac:c311]
2019-06-12 16:04:44,028 INFO  client.GrpcClientProtocolClient (GrpcClientProtocolClient.java:onNext(254)) - client-7F7296B99608->ffc7b071-00b3-4a69-8de5-2639a1a8d8ac: receive RaftClientReply:client-7F7296B99608->ffc7b071-00b3-4a69-8de5-2639a1a8d8ac@group-6911E2D50CC5, cid=173, SUCCESS, logIndex=313, commits[ffc7b071-00b3-4a69-8de5-2639a1a8d8ac:c313]
2019-06-12 16:04:44,028 INFO  storage.RaftLogWorker (RaftLogWorker.java:rollLogSegment(303)) - ffc7b071-00b3-4a69-8de5-2639a1a8d8ac-RaftLogWorker: Rolling segment log-237_314 to index:314
2019-06-12 16:04:44,029 INFO  storage.RaftLogWorker (RaftLogWorker.java:execute(433)) - ffc7b071-00b3-4a69-8de5-2639a1a8d8ac-RaftLogWorker: Rolled log segment from /opt/src/hadoop-ozone/integration-test/target/test-dir/MiniOzoneClusterImpl-a1c7246e-c692-4524-ad55-32b507b20431/datanode-0/data/ratis/4417d833-4fb6-4fa2-9413-6911e2d50cc5/current/log_inprogress_237 to /opt/src/hadoop-ozone/integration-test/target/test-dir/MiniOzoneClusterImpl-a1c7246e-c692-4524-ad55-32b507b20431/datanode-0/data/ratis/4417d833-4fb6-4fa2-9413-6911e2d50cc5/current/log_237-314
2019-06-12 16:04:44,063 INFO  storage.RaftLogWorker (RaftLogWorker.java:execute(469)) - ffc7b071-00b3-4a69-8de5-2639a1a8d8ac-RaftLogWorker: created new log segment /opt/src/hadoop-ozone/integration-test/target/test-dir/MiniOzoneClusterImpl-a1c7246e-c692-4524-ad55-32b507b20431/datanode-0/data/ratis/4417d833-4fb6-4fa2-9413-6911e2d50cc5/current/log_inprogress_315
2019-06-12 16:04:44,066 INFO  client.GrpcClientProtocolClient (GrpcClientProtocolClient.java:onNext(254)) - client-7F7296B99608->ffc7b071-00b3-4a69-8de5-2639a1a8d8ac: receive RaftClientReply:client-7F7296B99608->ffc7b071-00b3-4a69-8de5-2639a1a8d8ac@group-6911E2D50CC5, cid=174, SUCCESS, logIndex=315, commits[ffc7b071-00b3-4a69-8de5-2639a1a8d8ac:c318]
2019-06-12 16:04:44,070 INFO  client.GrpcClientProtocolClient (GrpcClientProtocolClient.java:onNext(254)) - client-7F7296B99608->ffc7b071-00b3-4a69-8de5-2639a1a8d8ac: receive RaftClientReply:client-7F7296B99608->ffc7b071-00b3-4a69-8de5-2639a1a8d8ac@group-6911E2D50CC5, cid=175, SUCCESS, logIndex=316, commits[ffc7b071-00b3-4a69-8de5-2639a1a8d8ac:c318]
2019-06-12 16:04:44,070 INFO  client.GrpcClientProtocolClient (GrpcClientProtocolClient.java:onNext(254)) - client-7F7296B99608->ffc7b071-00b3-4a69-8de5-2639a1a8d8ac: receive RaftClientReply:client-7F7296B99608->ffc7b071-00b3-4a69-8de5-2639a1a8d8ac@group-6911E2D50CC5, cid=176, SUCCESS, logIndex=317, commits[ffc7b071-00b3-4a69-8de5-2639a1a8d8ac:c318]
2019-06-12 16:04:44,082 DEBUG block.SCMBlockDeletingService (SCMBlockDeletingService.java:call(138)) - Running DeletedBlockTransactionScanner
2019-06-12 16:04:44,082 DEBUG block.SCMBlockDeletingService (SCMBlockDeletingService.java:call(155)) - Scanned deleted blocks log and got 0 delTX to process.
2019-06-12 16:04:44,159 INFO  client.GrpcClientProtocolClient (GrpcClientProtocolClient.java:onNext(254)) - client-7F7296B99608->ffc7b071-00b3-4a69-8de5-2639a1a8d8ac: receive RaftClientReply:client-7F7296B99608->ffc7b071-00b3-4a69-8de5-2639a1a8d8ac@group-6911E2D50CC5, cid=177, SUCCESS, logIndex=319, commits[ffc7b071-00b3-4a69-8de5-2639a1a8d8ac:c319]
2019-06-12 16:04:44,161 INFO  client.GrpcClientProtocolClient (GrpcClientProtocolClient.java:onNext(254)) - client-7F7296B99608->ffc7b071-00b3-4a69-8de5-2639a1a8d8ac: receive RaftClientReply:client-7F7296B99608->ffc7b071-00b3-4a69-8de5-2639a1a8d8ac@group-6911E2D50CC5, cid=178, SUCCESS, logIndex=321, commits[ffc7b071-00b3-4a69-8de5-2639a1a8d8ac:c321]
2019-06-12 16:04:44,164 INFO  client.GrpcClientProtocolClient (GrpcClientProtocolClient.java:onNext(254)) - client-7F7296B99608->ffc7b071-00b3-4a69-8de5-2639a1a8d8ac: receive RaftClientReply:client-7F7296B99608->ffc7b071-00b3-4a69-8de5-2639a1a8d8ac@group-6911E2D50CC5, cid=179, SUCCESS, logIndex=323, commits[ffc7b071-00b3-4a69-8de5-2639a1a8d8ac:c324]
2019-06-12 16:04:44,165 INFO  client.GrpcClientProtocolClient (GrpcClientProtocolClient.java:onNext(254)) - client-7F7296B99608->ffc7b071-00b3-4a69-8de5-2639a1a8d8ac: receive RaftClientReply:client-7F7296B99608->ffc7b071-00b3-4a69-8de5-2639a1a8d8ac@group-6911E2D50CC5, cid=180, SUCCESS, logIndex=324, commits[ffc7b071-00b3-4a69-8de5-2639a1a8d8ac:c325]
2019-06-12 16:04:44,174 INFO  client.GrpcClientProtocolClient (GrpcClientProtocolClient.java:onNext(254)) - client-7F7296B99608->ffc7b071-00b3-4a69-8de5-2639a1a8d8ac: receive RaftClientReply:client-7F7296B99608->ffc7b071-00b3-4a69-8de5-2639a1a8d8ac@group-6911E2D50CC5, cid=181, SUCCESS, logIndex=326, commits[ffc7b071-00b3-4a69-8de5-2639a1a8d8ac:c326]
2019-06-12 16:04:44,380 DEBUG block.SCMBlockDeletingService (SCMBlockDeletingService.java:call(138)) - Running DeletedBlockTransactionScanner
2019-06-12 16:04:44,380 DEBUG block.SCMBlockDeletingService (SCMBlockDeletingService.java:call(155)) - Scanned deleted blocks log and got 0 delTX to process.
2019-06-12 16:04:44,390 INFO  client.GrpcClientProtocolClient (GrpcClientProtocolClient.java:onNext(254)) - client-7F7296B99608->ffc7b071-00b3-4a69-8de5-2639a1a8d8ac: receive RaftClientReply:client-7F7296B99608->ffc7b071-00b3-4a69-8de5-2639a1a8d8ac@group-6911E2D50CC5, cid=182, SUCCESS, logIndex=328, commits[ffc7b071-00b3-4a69-8de5-2639a1a8d8ac:c331]
2019-06-12 16:04:44,391 INFO  client.GrpcClientProtocolClient (GrpcClientProtocolClient.java:onNext(254)) - client-7F7296B99608->ffc7b071-00b3-4a69-8de5-2639a1a8d8ac: receive RaftClientReply:client-7F7296B99608->ffc7b071-00b3-4a69-8de5-2639a1a8d8ac@group-6911E2D50CC5, cid=183, SUCCESS, logIndex=329, commits[ffc7b071-00b3-4a69-8de5-2639a1a8d8ac:c331]
2019-06-12 16:04:44,391 INFO  client.GrpcClientProtocolClient (GrpcClientProtocolClient.java:onNext(254)) - client-7F7296B99608->ffc7b071-00b3-4a69-8de5-2639a1a8d8ac: receive RaftClientReply:client-7F7296B99608->ffc7b071-00b3-4a69-8de5-2639a1a8d8ac@group-6911E2D50CC5, cid=184, SUCCESS, logIndex=330, commits[ffc7b071-00b3-4a69-8de5-2639a1a8d8ac:c331]
2019-06-12 16:04:44,409 INFO  client.GrpcClientProtocolClient (GrpcClientProtocolClient.java:onNext(254)) - client-7F7296B99608->ffc7b071-00b3-4a69-8de5-2639a1a8d8ac: receive RaftClientReply:client-7F7296B99608->ffc7b071-00b3-4a69-8de5-2639a1a8d8ac@group-6911E2D50CC5, cid=185, SUCCESS, logIndex=332, commits[ffc7b071-00b3-4a69-8de5-2639a1a8d8ac:c332]
2019-06-12 16:04:44,411 INFO  client.GrpcClientProtocolClient (GrpcClientProtocolClient.java:onNext(254)) - client-7F7296B99608->ffc7b071-00b3-4a69-8de5-2639a1a8d8ac: receive RaftClientReply:client-7F7296B99608->ffc7b071-00b3-4a69-8de5-2639a1a8d8ac@group-6911E2D50CC5, cid=186, SUCCESS, logIndex=334, commits[ffc7b071-00b3-4a69-8de5-2639a1a8d8ac:c334]
2019-06-12 16:04:44,414 INFO  client.GrpcClientProtocolClient (GrpcClientProtocolClient.java:onNext(254)) - client-7F7296B99608->ffc7b071-00b3-4a69-8de5-2639a1a8d8ac: receive RaftClientReply:client-7F7296B99608->ffc7b071-00b3-4a69-8de5-2639a1a8d8ac@group-6911E2D50CC5, cid=187, SUCCESS, logIndex=335, commits[ffc7b071-00b3-4a69-8de5-2639a1a8d8ac:c337]
2019-06-12 16:04:44,414 INFO  client.GrpcClientProtocolClient (GrpcClientProtocolClient.java:onNext(254)) - client-7F7296B99608->ffc7b071-00b3-4a69-8de5-2639a1a8d8ac: receive RaftClientReply:client-7F7296B99608->ffc7b071-00b3-4a69-8de5-2639a1a8d8ac@group-6911E2D50CC5, cid=188, SUCCESS, logIndex=337, commits[ffc7b071-00b3-4a69-8de5-2639a1a8d8ac:c338]
2019-06-12 16:04:44,424 INFO  client.GrpcClientProtocolClient (GrpcClientProtocolClient.java:onNext(254)) - client-7F7296B99608->ffc7b071-00b3-4a69-8de5-2639a1a8d8ac: receive RaftClientReply:client-7F7296B99608->ffc7b071-00b3-4a69-8de5-2639a1a8d8ac@group-6911E2D50CC5, cid=189, SUCCESS, logIndex=339, commits[ffc7b071-00b3-4a69-8de5-2639a1a8d8ac:c339]
2019-06-12 16:04:44,427 INFO  client.GrpcClientProtocolClient (GrpcClientProtocolClient.java:onNext(254)) - client-7F7296B99608->ffc7b071-00b3-4a69-8de5-2639a1a8d8ac: receive RaftClientReply:client-7F7296B99608->ffc7b071-00b3-4a69-8de5-2639a1a8d8ac@group-6911E2D50CC5, cid=190, SUCCESS, logIndex=341, commits[ffc7b071-00b3-4a69-8de5-2639a1a8d8ac:c341]
2019-06-12 16:04:44,431 INFO  client.GrpcClientProtocolClient (GrpcClientProtocolClient.java:onNext(254)) - client-7F7296B99608->ffc7b071-00b3-4a69-8de5-2639a1a8d8ac: receive RaftClientReply:client-7F7296B99608->ffc7b071-00b3-4a69-8de5-2639a1a8d8ac@group-6911E2D50CC5, cid=191, SUCCESS, logIndex=343, commits[ffc7b071-00b3-4a69-8de5-2639a1a8d8ac:c344]
2019-06-12 16:04:44,431 INFO  client.GrpcClientProtocolClient (GrpcClientProtocolClient.java:onNext(254)) - client-7F7296B99608->ffc7b071-00b3-4a69-8de5-2639a1a8d8ac: receive RaftClientReply:client-7F7296B99608->ffc7b071-00b3-4a69-8de5-2639a1a8d8ac@group-6911E2D50CC5, cid=192, SUCCESS, logIndex=344, commits[ffc7b071-00b3-4a69-8de5-2639a1a8d8ac:c344]
2019-06-12 16:04:44,443 INFO  client.GrpcClientProtocolClient (GrpcClientProtocolClient.java:onNext(254)) - client-7F7296B99608->ffc7b071-00b3-4a69-8de5-2639a1a8d8ac: receive RaftClientReply:client-7F7296B99608->ffc7b071-00b3-4a69-8de5-2639a1a8d8ac@group-6911E2D50CC5, cid=193, SUCCESS, logIndex=346, commits[ffc7b071-00b3-4a69-8de5-2639a1a8d8ac:c346]
2019-06-12 16:04:44,446 INFO  client.GrpcClientProtocolClient (GrpcClientProtocolClient.java:onNext(254)) - client-7F7296B99608->ffc7b071-00b3-4a69-8de5-2639a1a8d8ac: receive RaftClientReply:client-7F7296B99608->ffc7b071-00b3-4a69-8de5-2639a1a8d8ac@group-6911E2D50CC5, cid=194, SUCCESS, logIndex=348, commits[ffc7b071-00b3-4a69-8de5-2639a1a8d8ac:c348]
2019-06-12 16:04:44,447 INFO  client.GrpcClientProtocolClient (GrpcClientProtocolClient.java:onNext(254)) - client-7F7296B99608->ffc7b071-00b3-4a69-8de5-2639a1a8d8ac: receive RaftClientReply:client-7F7296B99608->ffc7b071-00b3-4a69-8de5-2639a1a8d8ac@group-6911E2D50CC5, cid=195, SUCCESS, logIndex=349, commits[ffc7b071-00b3-4a69-8de5-2639a1a8d8ac:c351]
2019-06-12 16:04:44,448 INFO  client.GrpcClientProtocolClient (GrpcClientProtocolClient.java:onNext(254)) - client-7F7296B99608->ffc7b071-00b3-4a69-8de5-2639a1a8d8ac: receive RaftClientReply:client-7F7296B99608->ffc7b071-00b3-4a69-8de5-2639a1a8d8ac@group-6911E2D50CC5, cid=196, SUCCESS, logIndex=350, commits[ffc7b071-00b3-4a69-8de5-2639a1a8d8ac:c351]
2019-06-12 16:04:44,457 INFO  client.GrpcClientProtocolClient (GrpcClientProtocolClient.java:onNext(254)) - client-7F7296B99608->ffc7b071-00b3-4a69-8de5-2639a1a8d8ac: receive RaftClientReply:client-7F7296B99608->ffc7b071-00b3-4a69-8de5-2639a1a8d8ac@group-6911E2D50CC5, cid=197, SUCCESS, logIndex=352, commits[ffc7b071-00b3-4a69-8de5-2639a1a8d8ac:c352]
2019-06-12 16:04:44,459 INFO  client.GrpcClientProtocolClient (GrpcClientProtocolClient.java:onNext(254)) - client-7F7296B99608->ffc7b071-00b3-4a69-8de5-2639a1a8d8ac: receive RaftClientReply:client-7F7296B99608->ffc7b071-00b3-4a69-8de5-2639a1a8d8ac@group-6911E2D50CC5, cid=198, SUCCESS, logIndex=354, commits[ffc7b071-00b3-4a69-8de5-2639a1a8d8ac:c354]
2019-06-12 16:04:44,461 INFO  client.GrpcClientProtocolClient (GrpcClientProtocolClient.java:onNext(254)) - client-7F7296B99608->ffc7b071-00b3-4a69-8de5-2639a1a8d8ac: receive RaftClientReply:client-7F7296B99608->ffc7b071-00b3-4a69-8de5-2639a1a8d8ac@group-6911E2D50CC5, cid=199, SUCCESS, logIndex=355, commits[ffc7b071-00b3-4a69-8de5-2639a1a8d8ac:c356]
2019-06-12 16:04:44,462 INFO  client.GrpcClientProtocolClient (GrpcClientProtocolClient.java:onNext(254)) - client-7F7296B99608->ffc7b071-00b3-4a69-8de5-2639a1a8d8ac: receive RaftClientReply:client-7F7296B99608->ffc7b071-00b3-4a69-8de5-2639a1a8d8ac@group-6911E2D50CC5, cid=200, SUCCESS, logIndex=357, commits[ffc7b071-00b3-4a69-8de5-2639a1a8d8ac:c357]
2019-06-12 16:04:44,475 INFO  client.GrpcClientProtocolClient (GrpcClientProtocolClient.java:onNext(254)) - client-7F7296B99608->ffc7b071-00b3-4a69-8de5-2639a1a8d8ac: receive RaftClientReply:client-7F7296B99608->ffc7b071-00b3-4a69-8de5-2639a1a8d8ac@group-6911E2D50CC5, cid=201, SUCCESS, logIndex=359, commits[ffc7b071-00b3-4a69-8de5-2639a1a8d8ac:c359]
2019-06-12 16:04:44,479 INFO  client.GrpcClientProtocolClient (GrpcClientProtocolClient.java:onNext(254)) - client-7F7296B99608->ffc7b071-00b3-4a69-8de5-2639a1a8d8ac: receive RaftClientReply:client-7F7296B99608->ffc7b071-00b3-4a69-8de5-2639a1a8d8ac@group-6911E2D50CC5, cid=202, SUCCESS, logIndex=361, commits[ffc7b071-00b3-4a69-8de5-2639a1a8d8ac:c361]
2019-06-12 16:04:44,481 INFO  client.GrpcClientProtocolClient (GrpcClientProtocolClient.java:onNext(254)) - client-7F7296B99608->ffc7b071-00b3-4a69-8de5-2639a1a8d8ac: receive RaftClientReply:client-7F7296B99608->ffc7b071-00b3-4a69-8de5-2639a1a8d8ac@group-6911E2D50CC5, cid=203, SUCCESS, logIndex=363, commits[ffc7b071-00b3-4a69-8de5-2639a1a8d8ac:c364]
2019-06-12 16:04:44,482 DEBUG block.SCMBlockDeletingService (SCMBlockDeletingService.java:call(138)) - Running DeletedBlockTransactionScanner
2019-06-12 16:04:44,482 DEBUG block.SCMBlockDeletingService (SCMBlockDeletingService.java:call(155)) - Scanned deleted blocks log and got 0 delTX to process.
2019-06-12 16:04:44,482 INFO  client.GrpcClientProtocolClient (GrpcClientProtocolClient.java:onNext(254)) - client-7F7296B99608->ffc7b071-00b3-4a69-8de5-2639a1a8d8ac: receive RaftClientReply:client-7F7296B99608->ffc7b071-00b3-4a69-8de5-2639a1a8d8ac@group-6911E2D50CC5, cid=204, SUCCESS, logIndex=364, commits[ffc7b071-00b3-4a69-8de5-2639a1a8d8ac:c365]
2019-06-12 16:04:44,495 INFO  client.GrpcClientProtocolClient (GrpcClientProtocolClient.java:onNext(254)) - client-7F7296B99608->ffc7b071-00b3-4a69-8de5-2639a1a8d8ac: receive RaftClientReply:client-7F7296B99608->ffc7b071-00b3-4a69-8de5-2639a1a8d8ac@group-6911E2D50CC5, cid=205, SUCCESS, logIndex=367, commits[ffc7b071-00b3-4a69-8de5-2639a1a8d8ac:c367]
2019-06-12 16:04:44,498 INFO  client.GrpcClientProtocolClient (GrpcClientProtocolClient.java:onNext(254)) - client-7F7296B99608->ffc7b071-00b3-4a69-8de5-2639a1a8d8ac: receive RaftClientReply:client-7F7296B99608->ffc7b071-00b3-4a69-8de5-2639a1a8d8ac@group-6911E2D50CC5, cid=206, SUCCESS, logIndex=369, commits[ffc7b071-00b3-4a69-8de5-2639a1a8d8ac:c369]
2019-06-12 16:04:44,499 INFO  client.GrpcClientProtocolClient (GrpcClientProtocolClient.java:onNext(254)) - client-7F7296B99608->ffc7b071-00b3-4a69-8de5-2639a1a8d8ac: receive RaftClientReply:client-7F7296B99608->ffc7b071-00b3-4a69-8de5-2639a1a8d8ac@group-6911E2D50CC5, cid=207, SUCCESS, logIndex=370, commits[ffc7b071-00b3-4a69-8de5-2639a1a8d8ac:c372]
2019-06-12 16:04:44,499 INFO  client.GrpcClientProtocolClient (GrpcClientProtocolClient.java:onNext(254)) - client-7F7296B99608->ffc7b071-00b3-4a69-8de5-2639a1a8d8ac: receive RaftClientReply:client-7F7296B99608->ffc7b071-00b3-4a69-8de5-2639a1a8d8ac@group-6911E2D50CC5, cid=208, SUCCESS, logIndex=372, commits[ffc7b071-00b3-4a69-8de5-2639a1a8d8ac:c373]
2019-06-12 16:04:44,513 INFO  client.GrpcClientProtocolClient (GrpcClientProtocolClient.java:onNext(254)) - client-7F7296B99608->ffc7b071-00b3-4a69-8de5-2639a1a8d8ac: receive RaftClientReply:client-7F7296B99608->ffc7b071-00b3-4a69-8de5-2639a1a8d8ac@group-6911E2D50CC5, cid=209, SUCCESS, logIndex=374, commits[ffc7b071-00b3-4a69-8de5-2639a1a8d8ac:c374]
2019-06-12 16:04:44,516 INFO  client.GrpcClientProtocolClient (GrpcClientProtocolClient.java:onNext(254)) - client-7F7296B99608->ffc7b071-00b3-4a69-8de5-2639a1a8d8ac: receive RaftClientReply:client-7F7296B99608->ffc7b071-00b3-4a69-8de5-2639a1a8d8ac@group-6911E2D50CC5, cid=210, SUCCESS, logIndex=376, commits[ffc7b071-00b3-4a69-8de5-2639a1a8d8ac:c376]
2019-06-12 16:04:44,519 INFO  client.GrpcClientProtocolClient (GrpcClientProtocolClient.java:onNext(254)) - client-7F7296B99608->ffc7b071-00b3-4a69-8de5-2639a1a8d8ac: receive RaftClientReply:client-7F7296B99608->ffc7b071-00b3-4a69-8de5-2639a1a8d8ac@group-6911E2D50CC5, cid=211, SUCCESS, logIndex=378, commits[ffc7b071-00b3-4a69-8de5-2639a1a8d8ac:c379]
2019-06-12 16:04:44,520 INFO  client.GrpcClientProtocolClient (GrpcClientProtocolClient.java:onNext(254)) - client-7F7296B99608->ffc7b071-00b3-4a69-8de5-2639a1a8d8ac: receive RaftClientReply:client-7F7296B99608->ffc7b071-00b3-4a69-8de5-2639a1a8d8ac@group-6911E2D50CC5, cid=212, SUCCESS, logIndex=379, commits[ffc7b071-00b3-4a69-8de5-2639a1a8d8ac:c380]
2019-06-12 16:04:44,532 INFO  client.GrpcClientProtocolClient (GrpcClientProtocolClient.java:onNext(254)) - client-7F7296B99608->ffc7b071-00b3-4a69-8de5-2639a1a8d8ac: receive RaftClientReply:client-7F7296B99608->ffc7b071-00b3-4a69-8de5-2639a1a8d8ac@group-6911E2D50CC5, cid=213, SUCCESS, logIndex=382, commits[ffc7b071-00b3-4a69-8de5-2639a1a8d8ac:c382]
2019-06-12 16:04:44,534 INFO  storage.RaftLogWorker (RaftLogWorker.java:rollLogSegment(303)) - ffc7b071-00b3-4a69-8de5-2639a1a8d8ac-RaftLogWorker: Rolling segment log-315_386 to index:386
2019-06-12 16:04:44,535 INFO  storage.RaftLogWorker (RaftLogWorker.java:execute(433)) - ffc7b071-00b3-4a69-8de5-2639a1a8d8ac-RaftLogWorker: Rolled log segment from /opt/src/hadoop-ozone/integration-test/target/test-dir/MiniOzoneClusterImpl-a1c7246e-c692-4524-ad55-32b507b20431/datanode-0/data/ratis/4417d833-4fb6-4fa2-9413-6911e2d50cc5/current/log_inprogress_315 to /opt/src/hadoop-ozone/integration-test/target/test-dir/MiniOzoneClusterImpl-a1c7246e-c692-4524-ad55-32b507b20431/datanode-0/data/ratis/4417d833-4fb6-4fa2-9413-6911e2d50cc5/current/log_315-386
2019-06-12 16:04:44,536 INFO  client.GrpcClientProtocolClient (GrpcClientProtocolClient.java:onNext(254)) - client-7F7296B99608->ffc7b071-00b3-4a69-8de5-2639a1a8d8ac: receive RaftClientReply:client-7F7296B99608->ffc7b071-00b3-4a69-8de5-2639a1a8d8ac@group-6911E2D50CC5, cid=214, SUCCESS, logIndex=384, commits[ffc7b071-00b3-4a69-8de5-2639a1a8d8ac:c384]
2019-06-12 16:04:44,537 INFO  client.GrpcClientProtocolClient (GrpcClientProtocolClient.java:onNext(254)) - client-7F7296B99608->ffc7b071-00b3-4a69-8de5-2639a1a8d8ac: receive RaftClientReply:client-7F7296B99608->ffc7b071-00b3-4a69-8de5-2639a1a8d8ac@group-6911E2D50CC5, cid=215, SUCCESS, logIndex=385, commits[ffc7b071-00b3-4a69-8de5-2639a1a8d8ac:c386]
2019-06-12 16:04:44,570 INFO  storage.RaftLogWorker (RaftLogWorker.java:execute(469)) - ffc7b071-00b3-4a69-8de5-2639a1a8d8ac-RaftLogWorker: created new log segment /opt/src/hadoop-ozone/integration-test/target/test-dir/MiniOzoneClusterImpl-a1c7246e-c692-4524-ad55-32b507b20431/datanode-0/data/ratis/4417d833-4fb6-4fa2-9413-6911e2d50cc5/current/log_inprogress_387
2019-06-12 16:04:44,573 INFO  client.GrpcClientProtocolClient (GrpcClientProtocolClient.java:onNext(254)) - client-7F7296B99608->ffc7b071-00b3-4a69-8de5-2639a1a8d8ac: receive RaftClientReply:client-7F7296B99608->ffc7b071-00b3-4a69-8de5-2639a1a8d8ac@group-6911E2D50CC5, cid=216, SUCCESS, logIndex=387, commits[ffc7b071-00b3-4a69-8de5-2639a1a8d8ac:c388]
2019-06-12 16:04:44,582 DEBUG block.SCMBlockDeletingService (SCMBlockDeletingService.java:call(138)) - Running DeletedBlockTransactionScanner
2019-06-12 16:04:44,582 DEBUG block.SCMBlockDeletingService (SCMBlockDeletingService.java:call(155)) - Scanned deleted blocks log and got 0 delTX to process.
2019-06-12 16:04:44,587 INFO  client.GrpcClientProtocolClient (GrpcClientProtocolClient.java:onNext(254)) - client-7F7296B99608->ffc7b071-00b3-4a69-8de5-2639a1a8d8ac: receive RaftClientReply:client-7F7296B99608->ffc7b071-00b3-4a69-8de5-2639a1a8d8ac@group-6911E2D50CC5, cid=217, SUCCESS, logIndex=389, commits[ffc7b071-00b3-4a69-8de5-2639a1a8d8ac:c389]
2019-06-12 16:04:44,591 INFO  client.GrpcClientProtocolClient (GrpcClientProtocolClient.java:onNext(254)) - client-7F7296B99608->ffc7b071-00b3-4a69-8de5-2639a1a8d8ac: receive RaftClientReply:client-7F7296B99608->ffc7b071-00b3-4a69-8de5-2639a1a8d8ac@group-6911E2D50CC5, cid=218, SUCCESS, logIndex=391, commits[ffc7b071-00b3-4a69-8de5-2639a1a8d8ac:c391]
2019-06-12 16:04:44,592 INFO  client.GrpcClientProtocolClient (GrpcClientProtocolClient.java:onNext(254)) - client-7F7296B99608->ffc7b071-00b3-4a69-8de5-2639a1a8d8ac: receive RaftClientReply:client-7F7296B99608->ffc7b071-00b3-4a69-8de5-2639a1a8d8ac@group-6911E2D50CC5, cid=219, SUCCESS, logIndex=392, commits[ffc7b071-00b3-4a69-8de5-2639a1a8d8ac:c394]
2019-06-12 16:04:44,592 INFO  client.GrpcClientProtocolClient (GrpcClientProtocolClient.java:onNext(254)) - client-7F7296B99608->ffc7b071-00b3-4a69-8de5-2639a1a8d8ac: receive RaftClientReply:client-7F7296B99608->ffc7b071-00b3-4a69-8de5-2639a1a8d8ac@group-6911E2D50CC5, cid=220, SUCCESS, logIndex=393, commits[ffc7b071-00b3-4a69-8de5-2639a1a8d8ac:c394]
2019-06-12 16:04:44,665 INFO  client.GrpcClientProtocolClient (GrpcClientProtocolClient.java:onNext(254)) - client-7F7296B99608->ffc7b071-00b3-4a69-8de5-2639a1a8d8ac: receive RaftClientReply:client-7F7296B99608->ffc7b071-00b3-4a69-8de5-2639a1a8d8ac@group-6911E2D50CC5, cid=221, SUCCESS, logIndex=395, commits[ffc7b071-00b3-4a69-8de5-2639a1a8d8ac:c395]
2019-06-12 16:04:44,668 INFO  client.GrpcClientProtocolClient (GrpcClientProtocolClient.java:onNext(254)) - client-7F7296B99608->ffc7b071-00b3-4a69-8de5-2639a1a8d8ac: receive RaftClientReply:client-7F7296B99608->ffc7b071-00b3-4a69-8de5-2639a1a8d8ac@group-6911E2D50CC5, cid=222, SUCCESS, logIndex=397, commits[ffc7b071-00b3-4a69-8de5-2639a1a8d8ac:c397]
2019-06-12 16:04:44,669 INFO  client.GrpcClientProtocolClient (GrpcClientProtocolClient.java:onNext(254)) - client-7F7296B99608->ffc7b071-00b3-4a69-8de5-2639a1a8d8ac: receive RaftClientReply:client-7F7296B99608->ffc7b071-00b3-4a69-8de5-2639a1a8d8ac@group-6911E2D50CC5, cid=223, SUCCESS, logIndex=398, commits[ffc7b071-00b3-4a69-8de5-2639a1a8d8ac:c400]
2019-06-12 16:04:44,670 INFO  client.GrpcClientProtocolClient (GrpcClientProtocolClient.java:onNext(254)) - client-7F7296B99608->ffc7b071-00b3-4a69-8de5-2639a1a8d8ac: receive RaftClientReply:client-7F7296B99608->ffc7b071-00b3-4a69-8de5-2639a1a8d8ac@group-6911E2D50CC5, cid=224, SUCCESS, logIndex=400, commits[ffc7b071-00b3-4a69-8de5-2639a1a8d8ac:c401]
2019-06-12 16:04:44,682 INFO  client.GrpcClientProtocolClient (GrpcClientProtocolClient.java:onNext(254)) - client-7F7296B99608->ffc7b071-00b3-4a69-8de5-2639a1a8d8ac: receive RaftClientReply:client-7F7296B99608->ffc7b071-00b3-4a69-8de5-2639a1a8d8ac@group-6911E2D50CC5, cid=225, SUCCESS, logIndex=402, commits[ffc7b071-00b3-4a69-8de5-2639a1a8d8ac:c402]
2019-06-12 16:04:44,683 DEBUG block.SCMBlockDeletingService (SCMBlockDeletingService.java:call(138)) - Running DeletedBlockTransactionScanner
2019-06-12 16:04:44,683 DEBUG block.SCMBlockDeletingService (SCMBlockDeletingService.java:call(155)) - Scanned deleted blocks log and got 0 delTX to process.
2019-06-12 16:04:44,690 INFO  client.GrpcClientProtocolClient (GrpcClientProtocolClient.java:onNext(254)) - client-7F7296B99608->ffc7b071-00b3-4a69-8de5-2639a1a8d8ac: receive RaftClientReply:client-7F7296B99608->ffc7b071-00b3-4a69-8de5-2639a1a8d8ac@group-6911E2D50CC5, cid=226, SUCCESS, logIndex=404, commits[ffc7b071-00b3-4a69-8de5-2639a1a8d8ac:c404]
2019-06-12 16:04:44,691 INFO  client.GrpcClientProtocolClient (GrpcClientProtocolClient.java:onNext(254)) - client-7F7296B99608->ffc7b071-00b3-4a69-8de5-2639a1a8d8ac: receive RaftClientReply:client-7F7296B99608->ffc7b071-00b3-4a69-8de5-2639a1a8d8ac@group-6911E2D50CC5, cid=227, SUCCESS, logIndex=405, commits[ffc7b071-00b3-4a69-8de5-2639a1a8d8ac:c407]
2019-06-12 16:04:44,691 INFO  client.GrpcClientProtocolClient (GrpcClientProtocolClient.java:onNext(254)) - client-7F7296B99608->ffc7b071-00b3-4a69-8de5-2639a1a8d8ac: receive RaftClientReply:client-7F7296B99608->ffc7b071-00b3-4a69-8de5-2639a1a8d8ac@group-6911E2D50CC5, cid=228, SUCCESS, logIndex=407, commits[ffc7b071-00b3-4a69-8de5-2639a1a8d8ac:c408]
2019-06-12 16:04:44,701 INFO  client.GrpcClientProtocolClient (GrpcClientProtocolClient.java:onNext(254)) - client-7F7296B99608->ffc7b071-00b3-4a69-8de5-2639a1a8d8ac: receive RaftClientReply:client-7F7296B99608->ffc7b071-00b3-4a69-8de5-2639a1a8d8ac@group-6911E2D50CC5, cid=229, SUCCESS, logIndex=409, commits[ffc7b071-00b3-4a69-8de5-2639a1a8d8ac:c409]
2019-06-12 16:04:44,704 INFO  client.GrpcClientProtocolClient (GrpcClientProtocolClient.java:onNext(254)) - client-7F7296B99608->ffc7b071-00b3-4a69-8de5-2639a1a8d8ac: receive RaftClientReply:client-7F7296B99608->ffc7b071-00b3-4a69-8de5-2639a1a8d8ac@group-6911E2D50CC5, cid=230, SUCCESS, logIndex=411, commits[ffc7b071-00b3-4a69-8de5-2639a1a8d8ac:c411]
2019-06-12 16:04:44,705 INFO  client.GrpcClientProtocolClient (GrpcClientProtocolClient.java:onNext(254)) - client-7F7296B99608->ffc7b071-00b3-4a69-8de5-2639a1a8d8ac: receive RaftClientReply:client-7F7296B99608->ffc7b071-00b3-4a69-8de5-2639a1a8d8ac@group-6911E2D50CC5, cid=231, SUCCESS, logIndex=412, commits[ffc7b071-00b3-4a69-8de5-2639a1a8d8ac:c414]
2019-06-12 16:04:44,705 INFO  client.GrpcClientProtocolClient (GrpcClientProtocolClient.java:onNext(254)) - client-7F7296B99608->ffc7b071-00b3-4a69-8de5-2639a1a8d8ac: receive RaftClientReply:client-7F7296B99608->ffc7b071-00b3-4a69-8de5-2639a1a8d8ac@group-6911E2D50CC5, cid=232, SUCCESS, logIndex=414, commits[ffc7b071-00b3-4a69-8de5-2639a1a8d8ac:c415]
2019-06-12 16:04:44,725 INFO  client.GrpcClientProtocolClient (GrpcClientProtocolClient.java:onNext(254)) - client-7F7296B99608->ffc7b071-00b3-4a69-8de5-2639a1a8d8ac: receive RaftClientReply:client-7F7296B99608->ffc7b071-00b3-4a69-8de5-2639a1a8d8ac@group-6911E2D50CC5, cid=233, SUCCESS, logIndex=416, commits[ffc7b071-00b3-4a69-8de5-2639a1a8d8ac:c416]
2019-06-12 16:04:44,738 INFO  client.GrpcClientProtocolClient (GrpcClientProtocolClient.java:onNext(254)) - client-7F7296B99608->ffc7b071-00b3-4a69-8de5-2639a1a8d8ac: receive RaftClientReply:client-7F7296B99608->ffc7b071-00b3-4a69-8de5-2639a1a8d8ac@group-6911E2D50CC5, cid=234, SUCCESS, logIndex=418, commits[ffc7b071-00b3-4a69-8de5-2639a1a8d8ac:c418]
2019-06-12 16:04:44,741 INFO  client.GrpcClientProtocolClient (GrpcClientProtocolClient.java:onNext(254)) - client-7F7296B99608->ffc7b071-00b3-4a69-8de5-2639a1a8d8ac: receive RaftClientReply:client-7F7296B99608->ffc7b071-00b3-4a69-8de5-2639a1a8d8ac@group-6911E2D50CC5, cid=235, SUCCESS, logIndex=419, commits[ffc7b071-00b3-4a69-8de5-2639a1a8d8ac:c421]
2019-06-12 16:04:44,780 INFO  client.GrpcClientProtocolClient (GrpcClientProtocolClient.java:onNext(254)) - client-7F7296B99608->ffc7b071-00b3-4a69-8de5-2639a1a8d8ac: receive RaftClientReply:client-7F7296B99608->ffc7b071-00b3-4a69-8de5-2639a1a8d8ac@group-6911E2D50CC5, cid=236, SUCCESS, logIndex=421, commits[ffc7b071-00b3-4a69-8de5-2639a1a8d8ac:c421]
2019-06-12 16:04:44,784 DEBUG block.SCMBlockDeletingService (SCMBlockDeletingService.java:call(138)) - Running DeletedBlockTransactionScanner
2019-06-12 16:04:44,784 DEBUG block.SCMBlockDeletingService (SCMBlockDeletingService.java:call(155)) - Scanned deleted blocks log and got 0 delTX to process.
2019-06-12 16:04:44,789 INFO  client.GrpcClientProtocolClient (GrpcClientProtocolClient.java:onNext(254)) - client-7F7296B99608->ffc7b071-00b3-4a69-8de5-2639a1a8d8ac: receive RaftClientReply:client-7F7296B99608->ffc7b071-00b3-4a69-8de5-2639a1a8d8ac@group-6911E2D50CC5, cid=237, SUCCESS, logIndex=423, commits[ffc7b071-00b3-4a69-8de5-2639a1a8d8ac:c423]
2019-06-12 16:04:44,794 INFO  client.GrpcClientProtocolClient (GrpcClientProtocolClient.java:onNext(254)) - client-7F7296B99608->ffc7b071-00b3-4a69-8de5-2639a1a8d8ac: receive RaftClientReply:client-7F7296B99608->ffc7b071-00b3-4a69-8de5-2639a1a8d8ac@group-6911E2D50CC5, cid=238, SUCCESS, logIndex=425, commits[ffc7b071-00b3-4a69-8de5-2639a1a8d8ac:c425]
2019-06-12 16:04:44,794 INFO  client.GrpcClientProtocolClient (GrpcClientProtocolClient.java:onNext(254)) - client-7F7296B99608->ffc7b071-00b3-4a69-8de5-2639a1a8d8ac: receive RaftClientReply:client-7F7296B99608->ffc7b071-00b3-4a69-8de5-2639a1a8d8ac@group-6911E2D50CC5, cid=239, SUCCESS, logIndex=426, commits[ffc7b071-00b3-4a69-8de5-2639a1a8d8ac:c427]
2019-06-12 16:04:44,795 INFO  client.GrpcClientProtocolClient (GrpcClientProtocolClient.java:onNext(254)) - client-7F7296B99608->ffc7b071-00b3-4a69-8de5-2639a1a8d8ac: receive RaftClientReply:client-7F7296B99608->ffc7b071-00b3-4a69-8de5-2639a1a8d8ac@group-6911E2D50CC5, cid=240, SUCCESS, logIndex=428, commits[ffc7b071-00b3-4a69-8de5-2639a1a8d8ac:c428]
2019-06-12 16:04:44,808 INFO  client.GrpcClientProtocolClient (GrpcClientProtocolClient.java:onNext(254)) - client-7F7296B99608->ffc7b071-00b3-4a69-8de5-2639a1a8d8ac: receive RaftClientReply:client-7F7296B99608->ffc7b071-00b3-4a69-8de5-2639a1a8d8ac@group-6911E2D50CC5, cid=241, SUCCESS, logIndex=430, commits[ffc7b071-00b3-4a69-8de5-2639a1a8d8ac:c430]
2019-06-12 16:04:44,810 INFO  client.GrpcClientProtocolClient (GrpcClientProtocolClient.java:onNext(254)) - client-7F7296B99608->ffc7b071-00b3-4a69-8de5-2639a1a8d8ac: receive RaftClientReply:client-7F7296B99608->ffc7b071-00b3-4a69-8de5-2639a1a8d8ac@group-6911E2D50CC5, cid=242, SUCCESS, logIndex=432, commits[ffc7b071-00b3-4a69-8de5-2639a1a8d8ac:c432]
2019-06-12 16:04:44,814 INFO  client.GrpcClientProtocolClient (GrpcClientProtocolClient.java:onNext(254)) - client-7F7296B99608->ffc7b071-00b3-4a69-8de5-2639a1a8d8ac: receive RaftClientReply:client-7F7296B99608->ffc7b071-00b3-4a69-8de5-2639a1a8d8ac@group-6911E2D50CC5, cid=243, SUCCESS, logIndex=434, commits[ffc7b071-00b3-4a69-8de5-2639a1a8d8ac:c434]
2019-06-12 16:04:44,814 INFO  client.GrpcClientProtocolClient (GrpcClientProtocolClient.java:onNext(254)) - client-7F7296B99608->ffc7b071-00b3-4a69-8de5-2639a1a8d8ac: receive RaftClientReply:client-7F7296B99608->ffc7b071-00b3-4a69-8de5-2639a1a8d8ac@group-6911E2D50CC5, cid=244, SUCCESS, logIndex=435, commits[ffc7b071-00b3-4a69-8de5-2639a1a8d8ac:c435]
2019-06-12 16:04:44,822 INFO  client.GrpcClientProtocolClient (GrpcClientProtocolClient.java:onNext(254)) - client-7F7296B99608->ffc7b071-00b3-4a69-8de5-2639a1a8d8ac: receive RaftClientReply:client-7F7296B99608->ffc7b071-00b3-4a69-8de5-2639a1a8d8ac@group-6911E2D50CC5, cid=245, SUCCESS, logIndex=438, commits[ffc7b071-00b3-4a69-8de5-2639a1a8d8ac:c438]
2019-06-12 16:04:44,826 INFO  client.GrpcClientProtocolClient (GrpcClientProtocolClient.java:onNext(254)) - client-7F7296B99608->ffc7b071-00b3-4a69-8de5-2639a1a8d8ac: receive RaftClientReply:client-7F7296B99608->ffc7b071-00b3-4a69-8de5-2639a1a8d8ac@group-6911E2D50CC5, cid=246, SUCCESS, logIndex=440, commits[ffc7b071-00b3-4a69-8de5-2639a1a8d8ac:c440]
2019-06-12 16:04:44,827 INFO  client.GrpcClientProtocolClient (GrpcClientProtocolClient.java:onNext(254)) - client-7F7296B99608->ffc7b071-00b3-4a69-8de5-2639a1a8d8ac: receive RaftClientReply:client-7F7296B99608->ffc7b071-00b3-4a69-8de5-2639a1a8d8ac@group-6911E2D50CC5, cid=247, SUCCESS, logIndex=441, commits[ffc7b071-00b3-4a69-8de5-2639a1a8d8ac:c443]
2019-06-12 16:04:44,828 INFO  client.GrpcClientProtocolClient (GrpcClientProtocolClient.java:onNext(254)) - client-7F7296B99608->ffc7b071-00b3-4a69-8de5-2639a1a8d8ac: receive RaftClientReply:client-7F7296B99608->ffc7b071-00b3-4a69-8de5-2639a1a8d8ac@group-6911E2D50CC5, cid=248, SUCCESS, logIndex=442, commits[ffc7b071-00b3-4a69-8de5-2639a1a8d8ac:c443]
2019-06-12 16:04:44,841 INFO  client.GrpcClientProtocolClient (GrpcClientProtocolClient.java:onNext(254)) - client-7F7296B99608->ffc7b071-00b3-4a69-8de5-2639a1a8d8ac: receive RaftClientReply:client-7F7296B99608->ffc7b071-00b3-4a69-8de5-2639a1a8d8ac@group-6911E2D50CC5, cid=249, SUCCESS, logIndex=444, commits[ffc7b071-00b3-4a69-8de5-2639a1a8d8ac:c444]
2019-06-12 16:04:44,847 INFO  client.GrpcClientProtocolClient (GrpcClientProtocolClient.java:onNext(254)) - client-7F7296B99608->ffc7b071-00b3-4a69-8de5-2639a1a8d8ac: receive RaftClientReply:client-7F7296B99608->ffc7b071-00b3-4a69-8de5-2639a1a8d8ac@group-6911E2D50CC5, cid=250, SUCCESS, logIndex=446, commits[ffc7b071-00b3-4a69-8de5-2639a1a8d8ac:c451]
2019-06-12 16:04:44,851 INFO  client.GrpcClientProtocolClient (GrpcClientProtocolClient.java:onNext(254)) - client-7F7296B99608->ffc7b071-00b3-4a69-8de5-2639a1a8d8ac: receive RaftClientReply:client-7F7296B99608->ffc7b071-00b3-4a69-8de5-2639a1a8d8ac@group-6911E2D50CC5, cid=251, SUCCESS, logIndex=447, commits[ffc7b071-00b3-4a69-8de5-2639a1a8d8ac:c451]
2019-06-12 16:04:44,851 INFO  client.GrpcClientProtocolClient (GrpcClientProtocolClient.java:onNext(254)) - client-7F7296B99608->ffc7b071-00b3-4a69-8de5-2639a1a8d8ac: receive RaftClientReply:client-7F7296B99608->ffc7b071-00b3-4a69-8de5-2639a1a8d8ac@group-6911E2D50CC5, cid=252, SUCCESS, logIndex=449, commits[ffc7b071-00b3-4a69-8de5-2639a1a8d8ac:c451]
2019-06-12 16:04:44,859 INFO  client.GrpcClientProtocolClient (GrpcClientProtocolClient.java:onNext(254)) - client-7F7296B99608->ffc7b071-00b3-4a69-8de5-2639a1a8d8ac: receive RaftClientReply:client-7F7296B99608->ffc7b071-00b3-4a69-8de5-2639a1a8d8ac@group-6911E2D50CC5, cid=253, SUCCESS, logIndex=452, commits[ffc7b071-00b3-4a69-8de5-2639a1a8d8ac:c452]
2019-06-12 16:04:44,866 INFO  client.GrpcClientProtocolClient (GrpcClientProtocolClient.java:onNext(254)) - client-7F7296B99608->ffc7b071-00b3-4a69-8de5-2639a1a8d8ac: receive RaftClientReply:client-7F7296B99608->ffc7b071-00b3-4a69-8de5-2639a1a8d8ac@group-6911E2D50CC5, cid=254, SUCCESS, logIndex=454, commits[ffc7b071-00b3-4a69-8de5-2639a1a8d8ac:c454]
2019-06-12 16:04:44,867 INFO  client.GrpcClientProtocolClient (GrpcClientProtocolClient.java:onNext(254)) - client-7F7296B99608->ffc7b071-00b3-4a69-8de5-2639a1a8d8ac: receive RaftClientReply:client-7F7296B99608->ffc7b071-00b3-4a69-8de5-2639a1a8d8ac@group-6911E2D50CC5, cid=255, SUCCESS, logIndex=456, commits[ffc7b071-00b3-4a69-8de5-2639a1a8d8ac:c457]
2019-06-12 16:04:44,868 INFO  client.GrpcClientProtocolClient (GrpcClientProtocolClient.java:onNext(254)) - client-7F7296B99608->ffc7b071-00b3-4a69-8de5-2639a1a8d8ac: receive RaftClientReply:client-7F7296B99608->ffc7b071-00b3-4a69-8de5-2639a1a8d8ac@group-6911E2D50CC5, cid=256, SUCCESS, logIndex=457, commits[ffc7b071-00b3-4a69-8de5-2639a1a8d8ac:c457]
2019-06-12 16:04:44,883 INFO  client.GrpcClientProtocolClient (GrpcClientProtocolClient.java:onNext(254)) - client-7F7296B99608->ffc7b071-00b3-4a69-8de5-2639a1a8d8ac: receive RaftClientReply:client-7F7296B99608->ffc7b071-00b3-4a69-8de5-2639a1a8d8ac@group-6911E2D50CC5, cid=257, SUCCESS, logIndex=459, commits[ffc7b071-00b3-4a69-8de5-2639a1a8d8ac:c459]
2019-06-12 16:04:44,883 INFO  storage.RaftLogWorker (RaftLogWorker.java:rollLogSegment(303)) - ffc7b071-00b3-4a69-8de5-2639a1a8d8ac-RaftLogWorker: Rolling segment log-387_461 to index:461
2019-06-12 16:04:44,883 INFO  storage.RaftLogWorker (RaftLogWorker.java:execute(433)) - ffc7b071-00b3-4a69-8de5-2639a1a8d8ac-RaftLogWorker: Rolled log segment from /opt/src/hadoop-ozone/integration-test/target/test-dir/MiniOzoneClusterImpl-a1c7246e-c692-4524-ad55-32b507b20431/datanode-0/data/ratis/4417d833-4fb6-4fa2-9413-6911e2d50cc5/current/log_inprogress_387 to /opt/src/hadoop-ozone/integration-test/target/test-dir/MiniOzoneClusterImpl-a1c7246e-c692-4524-ad55-32b507b20431/datanode-0/data/ratis/4417d833-4fb6-4fa2-9413-6911e2d50cc5/current/log_387-461
2019-06-12 16:04:44,884 DEBUG block.SCMBlockDeletingService (SCMBlockDeletingService.java:call(138)) - Running DeletedBlockTransactionScanner
2019-06-12 16:04:44,884 DEBUG block.SCMBlockDeletingService (SCMBlockDeletingService.java:call(155)) - Scanned deleted blocks log and got 0 delTX to process.
2019-06-12 16:04:44,890 INFO  client.GrpcClientProtocolClient (GrpcClientProtocolClient.java:onNext(254)) - client-7F7296B99608->ffc7b071-00b3-4a69-8de5-2639a1a8d8ac: receive RaftClientReply:client-7F7296B99608->ffc7b071-00b3-4a69-8de5-2639a1a8d8ac@group-6911E2D50CC5, cid=258, SUCCESS, logIndex=461, commits[ffc7b071-00b3-4a69-8de5-2639a1a8d8ac:c461]
2019-06-12 16:04:44,925 INFO  storage.RaftLogWorker (RaftLogWorker.java:execute(469)) - ffc7b071-00b3-4a69-8de5-2639a1a8d8ac-RaftLogWorker: created new log segment /opt/src/hadoop-ozone/integration-test/target/test-dir/MiniOzoneClusterImpl-a1c7246e-c692-4524-ad55-32b507b20431/datanode-0/data/ratis/4417d833-4fb6-4fa2-9413-6911e2d50cc5/current/log_inprogress_462
2019-06-12 16:04:44,927 INFO  client.GrpcClientProtocolClient (GrpcClientProtocolClient.java:onNext(254)) - client-7F7296B99608->ffc7b071-00b3-4a69-8de5-2639a1a8d8ac: receive RaftClientReply:client-7F7296B99608->ffc7b071-00b3-4a69-8de5-2639a1a8d8ac@group-6911E2D50CC5, cid=259, SUCCESS, logIndex=462, commits[ffc7b071-00b3-4a69-8de5-2639a1a8d8ac:c464]
2019-06-12 16:04:44,928 INFO  client.GrpcClientProtocolClient (GrpcClientProtocolClient.java:onNext(254)) - client-7F7296B99608->ffc7b071-00b3-4a69-8de5-2639a1a8d8ac: receive RaftClientReply:client-7F7296B99608->ffc7b071-00b3-4a69-8de5-2639a1a8d8ac@group-6911E2D50CC5, cid=260, SUCCESS, logIndex=463, commits[ffc7b071-00b3-4a69-8de5-2639a1a8d8ac:c464]
2019-06-12 16:04:44,938 INFO  client.GrpcClientProtocolClient (GrpcClientProtocolClient.java:onNext(254)) - client-7F7296B99608->ffc7b071-00b3-4a69-8de5-2639a1a8d8ac: receive RaftClientReply:client-7F7296B99608->ffc7b071-00b3-4a69-8de5-2639a1a8d8ac@group-6911E2D50CC5, cid=261, SUCCESS, logIndex=465, commits[ffc7b071-00b3-4a69-8de5-2639a1a8d8ac:c465]
2019-06-12 16:04:44,942 INFO  client.GrpcClientProtocolClient (GrpcClientProtocolClient.java:onNext(254)) - client-7F7296B99608->ffc7b071-00b3-4a69-8de5-2639a1a8d8ac: receive RaftClientReply:client-7F7296B99608->ffc7b071-00b3-4a69-8de5-2639a1a8d8ac@group-6911E2D50CC5, cid=262, SUCCESS, logIndex=467, commits[ffc7b071-00b3-4a69-8de5-2639a1a8d8ac:c467]
2019-06-12 16:04:44,951 INFO  client.GrpcClientProtocolClient (GrpcClientProtocolClient.java:onNext(254)) - client-7F7296B99608->ffc7b071-00b3-4a69-8de5-2639a1a8d8ac: receive RaftClientReply:client-7F7296B99608->ffc7b071-00b3-4a69-8de5-2639a1a8d8ac@group-6911E2D50CC5, cid=263, SUCCESS, logIndex=469, commits[ffc7b071-00b3-4a69-8de5-2639a1a8d8ac:c469]
2019-06-12 16:04:44,954 INFO  client.GrpcClientProtocolClient (GrpcClientProtocolClient.java:onNext(254)) - client-7F7296B99608->ffc7b071-00b3-4a69-8de5-2639a1a8d8ac: receive RaftClientReply:client-7F7296B99608->ffc7b071-00b3-4a69-8de5-2639a1a8d8ac@group-6911E2D50CC5, cid=264, SUCCESS, logIndex=471, commits[ffc7b071-00b3-4a69-8de5-2639a1a8d8ac:c471]
2019-06-12 16:04:44,984 DEBUG block.SCMBlockDeletingService (SCMBlockDeletingService.java:call(138)) - Running DeletedBlockTransactionScanner
2019-06-12 16:04:44,985 DEBUG block.SCMBlockDeletingService (SCMBlockDeletingService.java:call(155)) - Scanned deleted blocks log and got 0 delTX to process.
2019-06-12 16:04:45,042 INFO  client.GrpcClientProtocolClient (GrpcClientProtocolClient.java:onNext(254)) - client-7F7296B99608->ffc7b071-00b3-4a69-8de5-2639a1a8d8ac: receive RaftClientReply:client-7F7296B99608->ffc7b071-00b3-4a69-8de5-2639a1a8d8ac@group-6911E2D50CC5, cid=265, SUCCESS, logIndex=473, commits[ffc7b071-00b3-4a69-8de5-2639a1a8d8ac:c473]
2019-06-12 16:04:45,045 INFO  client.GrpcClientProtocolClient (GrpcClientProtocolClient.java:onNext(254)) - client-7F7296B99608->ffc7b071-00b3-4a69-8de5-2639a1a8d8ac: receive RaftClientReply:client-7F7296B99608->ffc7b071-00b3-4a69-8de5-2639a1a8d8ac@group-6911E2D50CC5, cid=266, SUCCESS, logIndex=475, commits[ffc7b071-00b3-4a69-8de5-2639a1a8d8ac:c475]
2019-06-12 16:04:45,046 INFO  client.GrpcClientProtocolClient (GrpcClientProtocolClient.java:onNext(254)) - client-7F7296B99608->ffc7b071-00b3-4a69-8de5-2639a1a8d8ac: receive RaftClientReply:client-7F7296B99608->ffc7b071-00b3-4a69-8de5-2639a1a8d8ac@group-6911E2D50CC5, cid=267, SUCCESS, logIndex=476, commits[ffc7b071-00b3-4a69-8de5-2639a1a8d8ac:c478]
2019-06-12 16:04:45,046 INFO  client.GrpcClientProtocolClient (GrpcClientProtocolClient.java:onNext(254)) - client-7F7296B99608->ffc7b071-00b3-4a69-8de5-2639a1a8d8ac: receive RaftClientReply:client-7F7296B99608->ffc7b071-00b3-4a69-8de5-2639a1a8d8ac@group-6911E2D50CC5, cid=268, SUCCESS, logIndex=478, commits[ffc7b071-00b3-4a69-8de5-2639a1a8d8ac:c478]
2019-06-12 16:04:45,054 INFO  client.GrpcClientProtocolClient (GrpcClientProtocolClient.java:onNext(254)) - client-7F7296B99608->ffc7b071-00b3-4a69-8de5-2639a1a8d8ac: receive RaftClientReply:client-7F7296B99608->ffc7b071-00b3-4a69-8de5-2639a1a8d8ac@group-6911E2D50CC5, cid=269, SUCCESS, logIndex=480, commits[ffc7b071-00b3-4a69-8de5-2639a1a8d8ac:c480]
2019-06-12 16:04:45,058 INFO  client.GrpcClientProtocolClient (GrpcClientProtocolClient.java:onNext(254)) - client-7F7296B99608->ffc7b071-00b3-4a69-8de5-2639a1a8d8ac: receive RaftClientReply:client-7F7296B99608->ffc7b071-00b3-4a69-8de5-2639a1a8d8ac@group-6911E2D50CC5, cid=270, SUCCESS, logIndex=482, commits[ffc7b071-00b3-4a69-8de5-2639a1a8d8ac:c482]
2019-06-12 16:04:45,058 INFO  client.GrpcClientProtocolClient (GrpcClientProtocolClient.java:onNext(254)) - client-7F7296B99608->ffc7b071-00b3-4a69-8de5-2639a1a8d8ac: receive RaftClientReply:client-7F7296B99608->ffc7b071-00b3-4a69-8de5-2639a1a8d8ac@group-6911E2D50CC5, cid=271, SUCCESS, logIndex=483, commits[ffc7b071-00b3-4a69-8de5-2639a1a8d8ac:c485]
2019-06-12 16:04:45,059 INFO  client.GrpcClientProtocolClient (GrpcClientProtocolClient.java:onNext(254)) - client-7F7296B99608->ffc7b071-00b3-4a69-8de5-2639a1a8d8ac: receive RaftClientReply:client-7F7296B99608->ffc7b071-00b3-4a69-8de5-2639a1a8d8ac@group-6911E2D50CC5, cid=272, SUCCESS, logIndex=484, commits[ffc7b071-00b3-4a69-8de5-2639a1a8d8ac:c485]
2019-06-12 16:04:45,071 INFO  client.GrpcClientProtocolClient (GrpcClientProtocolClient.java:onNext(254)) - client-7F7296B99608->ffc7b071-00b3-4a69-8de5-2639a1a8d8ac: receive RaftClientReply:client-7F7296B99608->ffc7b071-00b3-4a69-8de5-2639a1a8d8ac@group-6911E2D50CC5, cid=273, SUCCESS, logIndex=487, commits[ffc7b071-00b3-4a69-8de5-2639a1a8d8ac:c487]
2019-06-12 16:04:45,074 INFO  client.GrpcClientProtocolClient (GrpcClientProtocolClient.java:onNext(254)) - client-7F7296B99608->ffc7b071-00b3-4a69-8de5-2639a1a8d8ac: receive RaftClientReply:client-7F7296B99608->ffc7b071-00b3-4a69-8de5-2639a1a8d8ac@group-6911E2D50CC5, cid=274, SUCCESS, logIndex=489, commits[ffc7b071-00b3-4a69-8de5-2639a1a8d8ac:c489]
2019-06-12 16:04:45,075 INFO  client.GrpcClientProtocolClient (GrpcClientProtocolClient.java:onNext(254)) - client-7F7296B99608->ffc7b071-00b3-4a69-8de5-2639a1a8d8ac: receive RaftClientReply:client-7F7296B99608->ffc7b071-00b3-4a69-8de5-2639a1a8d8ac@group-6911E2D50CC5, cid=275, SUCCESS, logIndex=490, commits[ffc7b071-00b3-4a69-8de5-2639a1a8d8ac:c492]
2019-06-12 16:04:45,075 INFO  client.GrpcClientProtocolClient (GrpcClientProtocolClient.java:onNext(254)) - client-7F7296B99608->ffc7b071-00b3-4a69-8de5-2639a1a8d8ac: receive RaftClientReply:client-7F7296B99608->ffc7b071-00b3-4a69-8de5-2639a1a8d8ac@group-6911E2D50CC5, cid=276, SUCCESS, logIndex=491, commits[ffc7b071-00b3-4a69-8de5-2639a1a8d8ac:c492]
2019-06-12 16:04:45,083 INFO  client.GrpcClientProtocolClient (GrpcClientProtocolClient.java:onNext(254)) - client-7F7296B99608->ffc7b071-00b3-4a69-8de5-2639a1a8d8ac: receive RaftClientReply:client-7F7296B99608->ffc7b071-00b3-4a69-8de5-2639a1a8d8ac@group-6911E2D50CC5, cid=277, SUCCESS, logIndex=493, commits[ffc7b071-00b3-4a69-8de5-2639a1a8d8ac:c493]
2019-06-12 16:04:45,085 INFO  client.GrpcClientProtocolClient (GrpcClientProtocolClient.java:onNext(254)) - client-7F7296B99608->ffc7b071-00b3-4a69-8de5-2639a1a8d8ac: receive RaftClientReply:client-7F7296B99608->ffc7b071-00b3-4a69-8de5-2639a1a8d8ac@group-6911E2D50CC5, cid=278, SUCCESS, logIndex=495, commits[ffc7b071-00b3-4a69-8de5-2639a1a8d8ac:c495]
2019-06-12 16:04:45,085 DEBUG block.SCMBlockDeletingService (SCMBlockDeletingService.java:call(138)) - Running DeletedBlockTransactionScanner
2019-06-12 16:04:45,085 DEBUG block.SCMBlockDeletingService (SCMBlockDeletingService.java:call(155)) - Scanned deleted blocks log and got 0 delTX to process.
2019-06-12 16:04:45,086 INFO  client.GrpcClientProtocolClient (GrpcClientProtocolClient.java:onNext(254)) - client-7F7296B99608->ffc7b071-00b3-4a69-8de5-2639a1a8d8ac: receive RaftClientReply:client-7F7296B99608->ffc7b071-00b3-4a69-8de5-2639a1a8d8ac@group-6911E2D50CC5, cid=279, SUCCESS, logIndex=496, commits[ffc7b071-00b3-4a69-8de5-2639a1a8d8ac:c498]
2019-06-12 16:04:45,089 INFO  client.GrpcClientProtocolClient (GrpcClientProtocolClient.java:onNext(254)) - client-7F7296B99608->ffc7b071-00b3-4a69-8de5-2639a1a8d8ac: receive RaftClientReply:client-7F7296B99608->ffc7b071-00b3-4a69-8de5-2639a1a8d8ac@group-6911E2D50CC5, cid=280, SUCCESS, logIndex=498, commits[ffc7b071-00b3-4a69-8de5-2639a1a8d8ac:c498]
2019-06-12 16:04:45,100 INFO  client.GrpcClientProtocolClient (GrpcClientProtocolClient.java:onNext(254)) - client-7F7296B99608->ffc7b071-00b3-4a69-8de5-2639a1a8d8ac: receive RaftClientReply:client-7F7296B99608->ffc7b071-00b3-4a69-8de5-2639a1a8d8ac@group-6911E2D50CC5, cid=281, SUCCESS, logIndex=500, commits[ffc7b071-00b3-4a69-8de5-2639a1a8d8ac:c500]
2019-06-12 16:04:45,103 INFO  client.GrpcClientProtocolClient (GrpcClientProtocolClient.java:onNext(254)) - client-7F7296B99608->ffc7b071-00b3-4a69-8de5-2639a1a8d8ac: receive RaftClientReply:client-7F7296B99608->ffc7b071-00b3-4a69-8de5-2639a1a8d8ac@group-6911E2D50CC5, cid=282, SUCCESS, logIndex=502, commits[ffc7b071-00b3-4a69-8de5-2639a1a8d8ac:c502]
2019-06-12 16:04:45,104 INFO  client.GrpcClientProtocolClient (GrpcClientProtocolClient.java:onNext(254)) - client-7F7296B99608->ffc7b071-00b3-4a69-8de5-2639a1a8d8ac: receive RaftClientReply:client-7F7296B99608->ffc7b071-00b3-4a69-8de5-2639a1a8d8ac@group-6911E2D50CC5, cid=283, SUCCESS, logIndex=503, commits[ffc7b071-00b3-4a69-8de5-2639a1a8d8ac:c505]
2019-06-12 16:04:45,105 INFO  client.GrpcClientProtocolClient (GrpcClientProtocolClient.java:onNext(254)) - client-7F7296B99608->ffc7b071-00b3-4a69-8de5-2639a1a8d8ac: receive RaftClientReply:client-7F7296B99608->ffc7b071-00b3-4a69-8de5-2639a1a8d8ac@group-6911E2D50CC5, cid=284, SUCCESS, logIndex=505, commits[ffc7b071-00b3-4a69-8de5-2639a1a8d8ac:c505]
2019-06-12 16:04:45,112 INFO  client.GrpcClientProtocolClient (GrpcClientProtocolClient.java:onNext(254)) - client-7F7296B99608->ffc7b071-00b3-4a69-8de5-2639a1a8d8ac: receive RaftClientReply:client-7F7296B99608->ffc7b071-00b3-4a69-8de5-2639a1a8d8ac@group-6911E2D50CC5, cid=285, SUCCESS, logIndex=507, commits[ffc7b071-00b3-4a69-8de5-2639a1a8d8ac:c507]
2019-06-12 16:04:45,162 INFO  client.GrpcClientProtocolClient (GrpcClientProtocolClient.java:onNext(254)) - client-7F7296B99608->ffc7b071-00b3-4a69-8de5-2639a1a8d8ac: receive RaftClientReply:client-7F7296B99608->ffc7b071-00b3-4a69-8de5-2639a1a8d8ac@group-6911E2D50CC5, cid=286, SUCCESS, logIndex=509, commits[ffc7b071-00b3-4a69-8de5-2639a1a8d8ac:c511]
2019-06-12 16:04:45,162 INFO  client.GrpcClientProtocolClient (GrpcClientProtocolClient.java:onNext(254)) - client-7F7296B99608->ffc7b071-00b3-4a69-8de5-2639a1a8d8ac: receive RaftClientReply:client-7F7296B99608->ffc7b071-00b3-4a69-8de5-2639a1a8d8ac@group-6911E2D50CC5, cid=287, SUCCESS, logIndex=510, commits[ffc7b071-00b3-4a69-8de5-2639a1a8d8ac:c511]
2019-06-12 16:04:45,163 INFO  client.GrpcClientProtocolClient (GrpcClientProtocolClient.java:onNext(254)) - client-7F7296B99608->ffc7b071-00b3-4a69-8de5-2639a1a8d8ac: receive RaftClientReply:client-7F7296B99608->ffc7b071-00b3-4a69-8de5-2639a1a8d8ac@group-6911E2D50CC5, cid=288, SUCCESS, logIndex=511, commits[ffc7b071-00b3-4a69-8de5-2639a1a8d8ac:c513]
2019-06-12 16:04:45,178 INFO  client.GrpcClientProtocolClient (GrpcClientProtocolClient.java:onNext(254)) - client-7F7296B99608->ffc7b071-00b3-4a69-8de5-2639a1a8d8ac: receive RaftClientReply:client-7F7296B99608->ffc7b071-00b3-4a69-8de5-2639a1a8d8ac@group-6911E2D50CC5, cid=289, SUCCESS, logIndex=514, commits[ffc7b071-00b3-4a69-8de5-2639a1a8d8ac:c514]
2019-06-12 16:04:45,180 INFO  client.GrpcClientProtocolClient (GrpcClientProtocolClient.java:onNext(254)) - client-7F7296B99608->ffc7b071-00b3-4a69-8de5-2639a1a8d8ac: receive RaftClientReply:client-7F7296B99608->ffc7b071-00b3-4a69-8de5-2639a1a8d8ac@group-6911E2D50CC5, cid=290, SUCCESS, logIndex=516, commits[ffc7b071-00b3-4a69-8de5-2639a1a8d8ac:c516]
2019-06-12 16:04:45,182 INFO  client.GrpcClientProtocolClient (GrpcClientProtocolClient.java:onNext(254)) - client-7F7296B99608->ffc7b071-00b3-4a69-8de5-2639a1a8d8ac: receive RaftClientReply:client-7F7296B99608->ffc7b071-00b3-4a69-8de5-2639a1a8d8ac@group-6911E2D50CC5, cid=291, SUCCESS, logIndex=517, commits[ffc7b071-00b3-4a69-8de5-2639a1a8d8ac:c519]
2019-06-12 16:04:45,183 INFO  client.GrpcClientProtocolClient (GrpcClientProtocolClient.java:onNext(254)) - client-7F7296B99608->ffc7b071-00b3-4a69-8de5-2639a1a8d8ac: receive RaftClientReply:client-7F7296B99608->ffc7b071-00b3-4a69-8de5-2639a1a8d8ac@group-6911E2D50CC5, cid=292, SUCCESS, logIndex=519, commits[ffc7b071-00b3-4a69-8de5-2639a1a8d8ac:c520]
2019-06-12 16:04:45,186 DEBUG block.SCMBlockDeletingService (SCMBlockDeletingService.java:call(138)) - Running DeletedBlockTransactionScanner
2019-06-12 16:04:45,186 DEBUG block.SCMBlockDeletingService (SCMBlockDeletingService.java:call(155)) - Scanned deleted blocks log and got 0 delTX to process.
2019-06-12 16:04:45,191 INFO  client.GrpcClientProtocolClient (GrpcClientProtocolClient.java:onNext(254)) - client-7F7296B99608->ffc7b071-00b3-4a69-8de5-2639a1a8d8ac: receive RaftClientReply:client-7F7296B99608->ffc7b071-00b3-4a69-8de5-2639a1a8d8ac@group-6911E2D50CC5, cid=293, SUCCESS, logIndex=521, commits[ffc7b071-00b3-4a69-8de5-2639a1a8d8ac:c521]
2019-06-12 16:04:45,193 INFO  client.GrpcClientProtocolClient (GrpcClientProtocolClient.java:onNext(254)) - client-7F7296B99608->ffc7b071-00b3-4a69-8de5-2639a1a8d8ac: receive RaftClientReply:client-7F7296B99608->ffc7b071-00b3-4a69-8de5-2639a1a8d8ac@group-6911E2D50CC5, cid=294, SUCCESS, logIndex=523, commits[ffc7b071-00b3-4a69-8de5-2639a1a8d8ac:c523]
2019-06-12 16:04:45,194 INFO  client.GrpcClientProtocolClient (GrpcClientProtocolClient.java:onNext(254)) - client-7F7296B99608->ffc7b071-00b3-4a69-8de5-2639a1a8d8ac: receive RaftClientReply:client-7F7296B99608->ffc7b071-00b3-4a69-8de5-2639a1a8d8ac@group-6911E2D50CC5, cid=295, SUCCESS, logIndex=524, commits[ffc7b071-00b3-4a69-8de5-2639a1a8d8ac:c526]
2019-06-12 16:04:45,195 INFO  client.GrpcClientProtocolClient (GrpcClientProtocolClient.java:onNext(254)) - client-7F7296B99608->ffc7b071-00b3-4a69-8de5-2639a1a8d8ac: receive RaftClientReply:client-7F7296B99608->ffc7b071-00b3-4a69-8de5-2639a1a8d8ac@group-6911E2D50CC5, cid=296, SUCCESS, logIndex=525, commits[ffc7b071-00b3-4a69-8de5-2639a1a8d8ac:c526]
2019-06-12 16:04:45,205 INFO  client.GrpcClientProtocolClient (GrpcClientProtocolClient.java:onNext(254)) - client-7F7296B99608->ffc7b071-00b3-4a69-8de5-2639a1a8d8ac: receive RaftClientReply:client-7F7296B99608->ffc7b071-00b3-4a69-8de5-2639a1a8d8ac@group-6911E2D50CC5, cid=297, SUCCESS, logIndex=527, commits[ffc7b071-00b3-4a69-8de5-2639a1a8d8ac:c527]
2019-06-12 16:04:45,207 INFO  client.GrpcClientProtocolClient (GrpcClientProtocolClient.java:onNext(254)) - client-7F7296B99608->ffc7b071-00b3-4a69-8de5-2639a1a8d8ac: receive RaftClientReply:client-7F7296B99608->ffc7b071-00b3-4a69-8de5-2639a1a8d8ac@group-6911E2D50CC5, cid=298, SUCCESS, logIndex=529, commits[ffc7b071-00b3-4a69-8de5-2639a1a8d8ac:c529]
2019-06-12 16:04:45,209 INFO  client.GrpcClientProtocolClient (GrpcClientProtocolClient.java:onNext(254)) - client-7F7296B99608->ffc7b071-00b3-4a69-8de5-2639a1a8d8ac: receive RaftClientReply:client-7F7296B99608->ffc7b071-00b3-4a69-8de5-2639a1a8d8ac@group-6911E2D50CC5, cid=299, SUCCESS, logIndex=530, commits[ffc7b071-00b3-4a69-8de5-2639a1a8d8ac:c532]
2019-06-12 16:04:45,210 INFO  client.GrpcClientProtocolClient (GrpcClientProtocolClient.java:onNext(254)) - client-7F7296B99608->ffc7b071-00b3-4a69-8de5-2639a1a8d8ac: receive RaftClientReply:client-7F7296B99608->ffc7b071-00b3-4a69-8de5-2639a1a8d8ac@group-6911E2D50CC5, cid=300, SUCCESS, logIndex=532, commits[ffc7b071-00b3-4a69-8de5-2639a1a8d8ac:c532]
2019-06-12 16:04:45,217 INFO  storage.RaftLogWorker (RaftLogWorker.java:rollLogSegment(303)) - ffc7b071-00b3-4a69-8de5-2639a1a8d8ac-RaftLogWorker: Rolling segment log-462_535 to index:535
2019-06-12 16:04:45,217 INFO  storage.RaftLogWorker (RaftLogWorker.java:execute(433)) - ffc7b071-00b3-4a69-8de5-2639a1a8d8ac-RaftLogWorker: Rolled log segment from /opt/src/hadoop-ozone/integration-test/target/test-dir/MiniOzoneClusterImpl-a1c7246e-c692-4524-ad55-32b507b20431/datanode-0/data/ratis/4417d833-4fb6-4fa2-9413-6911e2d50cc5/current/log_inprogress_462 to /opt/src/hadoop-ozone/integration-test/target/test-dir/MiniOzoneClusterImpl-a1c7246e-c692-4524-ad55-32b507b20431/datanode-0/data/ratis/4417d833-4fb6-4fa2-9413-6911e2d50cc5/current/log_462-535
2019-06-12 16:04:45,217 INFO  client.GrpcClientProtocolClient (GrpcClientProtocolClient.java:onNext(254)) - client-7F7296B99608->ffc7b071-00b3-4a69-8de5-2639a1a8d8ac: receive RaftClientReply:client-7F7296B99608->ffc7b071-00b3-4a69-8de5-2639a1a8d8ac@group-6911E2D50CC5, cid=301, SUCCESS, logIndex=534, commits[ffc7b071-00b3-4a69-8de5-2639a1a8d8ac:c534]
2019-06-12 16:04:45,251 INFO  storage.RaftLogWorker (RaftLogWorker.java:execute(469)) - ffc7b071-00b3-4a69-8de5-2639a1a8d8ac-RaftLogWorker: created new log segment /opt/src/hadoop-ozone/integration-test/target/test-dir/MiniOzoneClusterImpl-a1c7246e-c692-4524-ad55-32b507b20431/datanode-0/data/ratis/4417d833-4fb6-4fa2-9413-6911e2d50cc5/current/log_inprogress_536
2019-06-12 16:04:45,254 INFO  client.GrpcClientProtocolClient (GrpcClientProtocolClient.java:onNext(254)) - client-7F7296B99608->ffc7b071-00b3-4a69-8de5-2639a1a8d8ac: receive RaftClientReply:client-7F7296B99608->ffc7b071-00b3-4a69-8de5-2639a1a8d8ac@group-6911E2D50CC5, cid=302, SUCCESS, logIndex=536, commits[ffc7b071-00b3-4a69-8de5-2639a1a8d8ac:c536]
2019-06-12 16:04:45,257 INFO  client.GrpcClientProtocolClient (GrpcClientProtocolClient.java:onNext(254)) - client-7F7296B99608->ffc7b071-00b3-4a69-8de5-2639a1a8d8ac: receive RaftClientReply:client-7F7296B99608->ffc7b071-00b3-4a69-8de5-2639a1a8d8ac@group-6911E2D50CC5, cid=303, SUCCESS, logIndex=538, commits[ffc7b071-00b3-4a69-8de5-2639a1a8d8ac:c539]
2019-06-12 16:04:45,258 INFO  client.GrpcClientProtocolClient (GrpcClientProtocolClient.java:onNext(254)) - client-7F7296B99608->ffc7b071-00b3-4a69-8de5-2639a1a8d8ac: receive RaftClientReply:client-7F7296B99608->ffc7b071-00b3-4a69-8de5-2639a1a8d8ac@group-6911E2D50CC5, cid=304, SUCCESS, logIndex=539, commits[ffc7b071-00b3-4a69-8de5-2639a1a8d8ac:c540]
2019-06-12 16:04:45,276 INFO  client.GrpcClientProtocolClient (GrpcClientProtocolClient.java:onNext(254)) - client-7F7296B99608->ffc7b071-00b3-4a69-8de5-2639a1a8d8ac: receive RaftClientReply:client-7F7296B99608->ffc7b071-00b3-4a69-8de5-2639a1a8d8ac@group-6911E2D50CC5, cid=305, SUCCESS, logIndex=541, commits[ffc7b071-00b3-4a69-8de5-2639a1a8d8ac:c541]
2019-06-12 16:04:45,280 INFO  client.GrpcClientProtocolClient (GrpcClientProtocolClient.java:onNext(254)) - client-7F7296B99608->ffc7b071-00b3-4a69-8de5-2639a1a8d8ac: receive RaftClientReply:client-7F7296B99608->ffc7b071-00b3-4a69-8de5-2639a1a8d8ac@group-6911E2D50CC5, cid=306, SUCCESS, logIndex=543, commits[ffc7b071-00b3-4a69-8de5-2639a1a8d8ac:c545]
2019-06-12 16:04:45,280 INFO  client.GrpcClientProtocolClient (GrpcClientProtocolClient.java:onNext(254)) - client-7F7296B99608->ffc7b071-00b3-4a69-8de5-2639a1a8d8ac: receive RaftClientReply:client-7F7296B99608->ffc7b071-00b3-4a69-8de5-2639a1a8d8ac@group-6911E2D50CC5, cid=307, SUCCESS, logIndex=544, commits[ffc7b071-00b3-4a69-8de5-2639a1a8d8ac:c546]
2019-06-12 16:04:45,281 INFO  client.GrpcClientProtocolClient (GrpcClientProtocolClient.java:onNext(254)) - client-7F7296B99608->ffc7b071-00b3-4a69-8de5-2639a1a8d8ac: receive RaftClientReply:client-7F7296B99608->ffc7b071-00b3-4a69-8de5-2639a1a8d8ac@group-6911E2D50CC5, cid=308, SUCCESS, logIndex=545, commits[ffc7b071-00b3-4a69-8de5-2639a1a8d8ac:c546]
2019-06-12 16:04:45,286 DEBUG block.SCMBlockDeletingService (SCMBlockDeletingService.java:call(138)) - Running DeletedBlockTransactionScanner
2019-06-12 16:04:45,286 DEBUG block.SCMBlockDeletingService (SCMBlockDeletingService.java:call(155)) - Scanned deleted blocks log and got 0 delTX to process.
2019-06-12 16:04:45,353 INFO  client.GrpcClientProtocolClient (GrpcClientProtocolClient.java:onNext(254)) - client-7F7296B99608->ffc7b071-00b3-4a69-8de5-2639a1a8d8ac: receive RaftClientReply:client-7F7296B99608->ffc7b071-00b3-4a69-8de5-2639a1a8d8ac@group-6911E2D50CC5, cid=309, SUCCESS, logIndex=547, commits[ffc7b071-00b3-4a69-8de5-2639a1a8d8ac:c547]
2019-06-12 16:04:45,355 INFO  client.GrpcClientProtocolClient (GrpcClientProtocolClient.java:onNext(254)) - client-7F7296B99608->ffc7b071-00b3-4a69-8de5-2639a1a8d8ac: receive RaftClientReply:client-7F7296B99608->ffc7b071-00b3-4a69-8de5-2639a1a8d8ac@group-6911E2D50CC5, cid=310, SUCCESS, logIndex=549, commits[ffc7b071-00b3-4a69-8de5-2639a1a8d8ac:c549]
2019-06-12 16:04:45,357 INFO  client.GrpcClientProtocolClient (GrpcClientProtocolClient.java:onNext(254)) - client-7F7296B99608->ffc7b071-00b3-4a69-8de5-2639a1a8d8ac: receive RaftClientReply:client-7F7296B99608->ffc7b071-00b3-4a69-8de5-2639a1a8d8ac@group-6911E2D50CC5, cid=311, SUCCESS, logIndex=550, commits[ffc7b071-00b3-4a69-8de5-2639a1a8d8ac:c552]
2019-06-12 16:04:45,358 INFO  client.GrpcClientProtocolClient (GrpcClientProtocolClient.java:onNext(254)) - client-7F7296B99608->ffc7b071-00b3-4a69-8de5-2639a1a8d8ac: receive RaftClientReply:client-7F7296B99608->ffc7b071-00b3-4a69-8de5-2639a1a8d8ac@group-6911E2D50CC5, cid=312, SUCCESS, logIndex=552, commits[ffc7b071-00b3-4a69-8de5-2639a1a8d8ac:c553]
2019-06-12 16:04:45,369 INFO  client.GrpcClientProtocolClient (GrpcClientProtocolClient.java:onNext(254)) - client-7F7296B99608->ffc7b071-00b3-4a69-8de5-2639a1a8d8ac: receive RaftClientReply:client-7F7296B99608->ffc7b071-00b3-4a69-8de5-2639a1a8d8ac@group-6911E2D50CC5, cid=313, SUCCESS, logIndex=554, commits[ffc7b071-00b3-4a69-8de5-2639a1a8d8ac:c554]
2019-06-12 16:04:45,371 INFO  client.GrpcClientProtocolClient (GrpcClientProtocolClient.java:onNext(254)) - client-7F7296B99608->ffc7b071-00b3-4a69-8de5-2639a1a8d8ac: receive RaftClientReply:client-7F7296B99608->ffc7b071-00b3-4a69-8de5-2639a1a8d8ac@group-6911E2D50CC5, cid=314, SUCCESS, logIndex=556, commits[ffc7b071-00b3-4a69-8de5-2639a1a8d8ac:c556]
2019-06-12 16:04:45,372 INFO  client.GrpcClientProtocolClient (GrpcClientProtocolClient.java:onNext(254)) - client-7F7296B99608->ffc7b071-00b3-4a69-8de5-2639a1a8d8ac: receive RaftClientReply:client-7F7296B99608->ffc7b071-00b3-4a69-8de5-2639a1a8d8ac@group-6911E2D50CC5, cid=315, SUCCESS, logIndex=557, commits[ffc7b071-00b3-4a69-8de5-2639a1a8d8ac:c559]
2019-06-12 16:04:45,373 INFO  client.GrpcClientProtocolClient (GrpcClientProtocolClient.java:onNext(254)) - client-7F7296B99608->ffc7b071-00b3-4a69-8de5-2639a1a8d8ac: receive RaftClientReply:client-7F7296B99608->ffc7b071-00b3-4a69-8de5-2639a1a8d8ac@group-6911E2D50CC5, cid=316, SUCCESS, logIndex=559, commits[ffc7b071-00b3-4a69-8de5-2639a1a8d8ac:c559]
2019-06-12 16:04:45,381 INFO  client.GrpcClientProtocolClient (GrpcClientProtocolClient.java:onNext(254)) - client-7F7296B99608->ffc7b071-00b3-4a69-8de5-2639a1a8d8ac: receive RaftClientReply:client-7F7296B99608->ffc7b071-00b3-4a69-8de5-2639a1a8d8ac@group-6911E2D50CC5, cid=317, SUCCESS, logIndex=561, commits[ffc7b071-00b3-4a69-8de5-2639a1a8d8ac:c561]
2019-06-12 16:04:45,384 INFO  client.GrpcClientProtocolClient (GrpcClientProtocolClient.java:onNext(254)) - client-7F7296B99608->ffc7b071-00b3-4a69-8de5-2639a1a8d8ac: receive RaftClientReply:client-7F7296B99608->ffc7b071-00b3-4a69-8de5-2639a1a8d8ac@group-6911E2D50CC5, cid=318, SUCCESS, logIndex=563, commits[ffc7b071-00b3-4a69-8de5-2639a1a8d8ac:c563]
2019-06-12 16:04:45,385 INFO  client.GrpcClientProtocolClient (GrpcClientProtocolClient.java:onNext(254)) - client-7F7296B99608->ffc7b071-00b3-4a69-8de5-2639a1a8d8ac: receive RaftClientReply:client-7F7296B99608->ffc7b071-00b3-4a69-8de5-2639a1a8d8ac@group-6911E2D50CC5, cid=319, SUCCESS, logIndex=564, commits[ffc7b071-00b3-4a69-8de5-2639a1a8d8ac:c564]
2019-06-12 16:04:45,385 INFO  client.GrpcClientProtocolClient (GrpcClientProtocolClient.java:onNext(254)) - client-7F7296B99608->ffc7b071-00b3-4a69-8de5-2639a1a8d8ac: receive RaftClientReply:client-7F7296B99608->ffc7b071-00b3-4a69-8de5-2639a1a8d8ac@group-6911E2D50CC5, cid=320, SUCCESS, logIndex=566, commits[ffc7b071-00b3-4a69-8de5-2639a1a8d8ac:c566]
2019-06-12 16:04:45,387 DEBUG block.SCMBlockDeletingService (SCMBlockDeletingService.java:call(138)) - Running DeletedBlockTransactionScanner
2019-06-12 16:04:45,387 DEBUG block.SCMBlockDeletingService (SCMBlockDeletingService.java:call(155)) - Scanned deleted blocks log and got 0 delTX to process.
2019-06-12 16:04:45,397 INFO  client.GrpcClientProtocolClient (GrpcClientProtocolClient.java:onNext(254)) - client-7F7296B99608->ffc7b071-00b3-4a69-8de5-2639a1a8d8ac: receive RaftClientReply:client-7F7296B99608->ffc7b071-00b3-4a69-8de5-2639a1a8d8ac@group-6911E2D50CC5, cid=321, SUCCESS, logIndex=569, commits[ffc7b071-00b3-4a69-8de5-2639a1a8d8ac:c569]
2019-06-12 16:04:45,401 INFO  client.GrpcClientProtocolClient (GrpcClientProtocolClient.java:onNext(254)) - client-7F7296B99608->ffc7b071-00b3-4a69-8de5-2639a1a8d8ac: receive RaftClientReply:client-7F7296B99608->ffc7b071-00b3-4a69-8de5-2639a1a8d8ac@group-6911E2D50CC5, cid=322, SUCCESS, logIndex=571, commits[ffc7b071-00b3-4a69-8de5-2639a1a8d8ac:c571]
2019-06-12 16:04:45,402 INFO  client.GrpcClientProtocolClient (GrpcClientProtocolClient.java:onNext(254)) - client-7F7296B99608->ffc7b071-00b3-4a69-8de5-2639a1a8d8ac: receive RaftClientReply:client-7F7296B99608->ffc7b071-00b3-4a69-8de5-2639a1a8d8ac@group-6911E2D50CC5, cid=323, SUCCESS, logIndex=572, commits[ffc7b071-00b3-4a69-8de5-2639a1a8d8ac:c572]
2019-06-12 16:04:45,403 INFO  client.GrpcClientProtocolClient (GrpcClientProtocolClient.java:onNext(254)) - client-7F7296B99608->ffc7b071-00b3-4a69-8de5-2639a1a8d8ac: receive RaftClientReply:client-7F7296B99608->ffc7b071-00b3-4a69-8de5-2639a1a8d8ac@group-6911E2D50CC5, cid=324, SUCCESS, logIndex=574, commits[ffc7b071-00b3-4a69-8de5-2639a1a8d8ac:c575]
2019-06-12 16:04:45,409 INFO  client.GrpcClientProtocolClient (GrpcClientProtocolClient.java:onNext(254)) - client-7F7296B99608->ffc7b071-00b3-4a69-8de5-2639a1a8d8ac: receive RaftClientReply:client-7F7296B99608->ffc7b071-00b3-4a69-8de5-2639a1a8d8ac@group-6911E2D50CC5, cid=325, SUCCESS, logIndex=576, commits[ffc7b071-00b3-4a69-8de5-2639a1a8d8ac:c576]
2019-06-12 16:04:45,413 INFO  client.GrpcClientProtocolClient (GrpcClientProtocolClient.java:onNext(254)) - client-7F7296B99608->ffc7b071-00b3-4a69-8de5-2639a1a8d8ac: receive RaftClientReply:client-7F7296B99608->ffc7b071-00b3-4a69-8de5-2639a1a8d8ac@group-6911E2D50CC5, cid=326, SUCCESS, logIndex=578, commits[ffc7b071-00b3-4a69-8de5-2639a1a8d8ac:c580]
2019-06-12 16:04:45,414 INFO  client.GrpcClientProtocolClient (GrpcClientProtocolClient.java:onNext(254)) - client-7F7296B99608->ffc7b071-00b3-4a69-8de5-2639a1a8d8ac: receive RaftClientReply:client-7F7296B99608->ffc7b071-00b3-4a69-8de5-2639a1a8d8ac@group-6911E2D50CC5, cid=327, SUCCESS, logIndex=579, commits[ffc7b071-00b3-4a69-8de5-2639a1a8d8ac:c581]
2019-06-12 16:04:45,415 INFO  client.GrpcClientProtocolClient (GrpcClientProtocolClient.java:onNext(254)) - client-7F7296B99608->ffc7b071-00b3-4a69-8de5-2639a1a8d8ac: receive RaftClientReply:client-7F7296B99608->ffc7b071-00b3-4a69-8de5-2639a1a8d8ac@group-6911E2D50CC5, cid=328, SUCCESS, logIndex=580, commits[ffc7b071-00b3-4a69-8de5-2639a1a8d8ac:c581]
2019-06-12 16:04:45,425 INFO  client.GrpcClientProtocolClient (GrpcClientProtocolClient.java:onNext(254)) - client-7F7296B99608->ffc7b071-00b3-4a69-8de5-2639a1a8d8ac: receive RaftClientReply:client-7F7296B99608->ffc7b071-00b3-4a69-8de5-2639a1a8d8ac@group-6911E2D50CC5, cid=329, SUCCESS, logIndex=582, commits[ffc7b071-00b3-4a69-8de5-2639a1a8d8ac:c582]
2019-06-12 16:04:45,427 INFO  client.GrpcClientProtocolClient (GrpcClientProtocolClient.java:onNext(254)) - client-7F7296B99608->ffc7b071-00b3-4a69-8de5-2639a1a8d8ac: receive RaftClientReply:client-7F7296B99608->ffc7b071-00b3-4a69-8de5-2639a1a8d8ac@group-6911E2D50CC5, cid=330, SUCCESS, logIndex=584, commits[ffc7b071-00b3-4a69-8de5-2639a1a8d8ac:c584]
2019-06-12 16:04:45,433 INFO  client.GrpcClientProtocolClient (GrpcClientProtocolClient.java:onNext(254)) - client-7F7296B99608->ffc7b071-00b3-4a69-8de5-2639a1a8d8ac: receive RaftClientReply:client-7F7296B99608->ffc7b071-00b3-4a69-8de5-2639a1a8d8ac@group-6911E2D50CC5, cid=331, SUCCESS, logIndex=585, commits[ffc7b071-00b3-4a69-8de5-2639a1a8d8ac:c587]
2019-06-12 16:04:45,433 INFO  client.GrpcClientProtocolClient (GrpcClientProtocolClient.java:onNext(254)) - client-7F7296B99608->ffc7b071-00b3-4a69-8de5-2639a1a8d8ac: receive RaftClientReply:client-7F7296B99608->ffc7b071-00b3-4a69-8de5-2639a1a8d8ac@group-6911E2D50CC5, cid=332, SUCCESS, logIndex=587, commits[ffc7b071-00b3-4a69-8de5-2639a1a8d8ac:c588]
2019-06-12 16:04:45,439 INFO  client.GrpcClientProtocolClient (GrpcClientProtocolClient.java:onNext(254)) - client-7F7296B99608->ffc7b071-00b3-4a69-8de5-2639a1a8d8ac: receive RaftClientReply:client-7F7296B99608->ffc7b071-00b3-4a69-8de5-2639a1a8d8ac@group-6911E2D50CC5, cid=333, SUCCESS, logIndex=589, commits[ffc7b071-00b3-4a69-8de5-2639a1a8d8ac:c589]
2019-06-12 16:04:45,441 INFO  client.GrpcClientProtocolClient (GrpcClientProtocolClient.java:onNext(254)) - client-7F7296B99608->ffc7b071-00b3-4a69-8de5-2639a1a8d8ac: receive RaftClientReply:client-7F7296B99608->ffc7b071-00b3-4a69-8de5-2639a1a8d8ac@group-6911E2D50CC5, cid=334, SUCCESS, logIndex=591, commits[ffc7b071-00b3-4a69-8de5-2639a1a8d8ac:c591]
2019-06-12 16:04:45,444 INFO  client.GrpcClientProtocolClient (GrpcClientProtocolClient.java:onNext(254)) - client-7F7296B99608->ffc7b071-00b3-4a69-8de5-2639a1a8d8ac: receive RaftClientReply:client-7F7296B99608->ffc7b071-00b3-4a69-8de5-2639a1a8d8ac@group-6911E2D50CC5, cid=335, SUCCESS, logIndex=593, commits[ffc7b071-00b3-4a69-8de5-2639a1a8d8ac:c594]
2019-06-12 16:04:45,445 INFO  client.GrpcClientProtocolClient (GrpcClientProtocolClient.java:onNext(254)) - client-7F7296B99608->ffc7b071-00b3-4a69-8de5-2639a1a8d8ac: receive RaftClientReply:client-7F7296B99608->ffc7b071-00b3-4a69-8de5-2639a1a8d8ac@group-6911E2D50CC5, cid=336, SUCCESS, logIndex=594, commits[ffc7b071-00b3-4a69-8de5-2639a1a8d8ac:c595]
2019-06-12 16:04:45,456 INFO  client.GrpcClientProtocolClient (GrpcClientProtocolClient.java:onNext(254)) - client-7F7296B99608->ffc7b071-00b3-4a69-8de5-2639a1a8d8ac: receive RaftClientReply:client-7F7296B99608->ffc7b071-00b3-4a69-8de5-2639a1a8d8ac@group-6911E2D50CC5, cid=337, SUCCESS, logIndex=596, commits[ffc7b071-00b3-4a69-8de5-2639a1a8d8ac:c596]
2019-06-12 16:04:45,458 INFO  client.GrpcClientProtocolClient (GrpcClientProtocolClient.java:onNext(254)) - client-7F7296B99608->ffc7b071-00b3-4a69-8de5-2639a1a8d8ac: receive RaftClientReply:client-7F7296B99608->ffc7b071-00b3-4a69-8de5-2639a1a8d8ac@group-6911E2D50CC5, cid=338, SUCCESS, logIndex=598, commits[ffc7b071-00b3-4a69-8de5-2639a1a8d8ac:c598]
2019-06-12 16:04:45,660 DEBUG block.SCMBlockDeletingService (SCMBlockDeletingService.java:call(138)) - Running DeletedBlockTransactionScanner
2019-06-12 16:04:45,661 DEBUG block.SCMBlockDeletingService (SCMBlockDeletingService.java:call(155)) - Scanned deleted blocks log and got 0 delTX to process.
2019-06-12 16:04:45,663 INFO  client.GrpcClientProtocolClient (GrpcClientProtocolClient.java:onNext(254)) - client-7F7296B99608->ffc7b071-00b3-4a69-8de5-2639a1a8d8ac: receive RaftClientReply:client-7F7296B99608->ffc7b071-00b3-4a69-8de5-2639a1a8d8ac@group-6911E2D50CC5, cid=339, SUCCESS, logIndex=600, commits[ffc7b071-00b3-4a69-8de5-2639a1a8d8ac:c602]
2019-06-12 16:04:45,667 INFO  client.GrpcClientProtocolClient (GrpcClientProtocolClient.java:onNext(254)) - client-7F7296B99608->ffc7b071-00b3-4a69-8de5-2639a1a8d8ac: receive RaftClientReply:client-7F7296B99608->ffc7b071-00b3-4a69-8de5-2639a1a8d8ac@group-6911E2D50CC5, cid=340, SUCCESS, logIndex=601, commits[ffc7b071-00b3-4a69-8de5-2639a1a8d8ac:c602]
2019-06-12 16:04:45,676 INFO  client.GrpcClientProtocolClient (GrpcClientProtocolClient.java:onNext(254)) - client-7F7296B99608->ffc7b071-00b3-4a69-8de5-2639a1a8d8ac: receive RaftClientReply:client-7F7296B99608->ffc7b071-00b3-4a69-8de5-2639a1a8d8ac@group-6911E2D50CC5, cid=341, SUCCESS, logIndex=603, commits[ffc7b071-00b3-4a69-8de5-2639a1a8d8ac:c603]
2019-06-12 16:04:45,678 INFO  client.GrpcClientProtocolClient (GrpcClientProtocolClient.java:onNext(254)) - client-7F7296B99608->ffc7b071-00b3-4a69-8de5-2639a1a8d8ac: receive RaftClientReply:client-7F7296B99608->ffc7b071-00b3-4a69-8de5-2639a1a8d8ac@group-6911E2D50CC5, cid=342, SUCCESS, logIndex=605, commits[ffc7b071-00b3-4a69-8de5-2639a1a8d8ac:c605]
2019-06-12 16:04:45,679 INFO  storage.RaftLogWorker (RaftLogWorker.java:rollLogSegment(303)) - ffc7b071-00b3-4a69-8de5-2639a1a8d8ac-RaftLogWorker: Rolling segment log-536_607 to index:607
2019-06-12 16:04:45,680 INFO  storage.RaftLogWorker (RaftLogWorker.java:execute(433)) - ffc7b071-00b3-4a69-8de5-2639a1a8d8ac-RaftLogWorker: Rolled log segment from /opt/src/hadoop-ozone/integration-test/target/test-dir/MiniOzoneClusterImpl-a1c7246e-c692-4524-ad55-32b507b20431/datanode-0/data/ratis/4417d833-4fb6-4fa2-9413-6911e2d50cc5/current/log_inprogress_536 to /opt/src/hadoop-ozone/integration-test/target/test-dir/MiniOzoneClusterImpl-a1c7246e-c692-4524-ad55-32b507b20431/datanode-0/data/ratis/4417d833-4fb6-4fa2-9413-6911e2d50cc5/current/log_536-607
2019-06-12 16:04:45,688 INFO  client.GrpcClientProtocolClient (GrpcClientProtocolClient.java:onNext(254)) - client-7F7296B99608->ffc7b071-00b3-4a69-8de5-2639a1a8d8ac: receive RaftClientReply:client-7F7296B99608->ffc7b071-00b3-4a69-8de5-2639a1a8d8ac@group-6911E2D50CC5, cid=343, SUCCESS, logIndex=607, commits[ffc7b071-00b3-4a69-8de5-2639a1a8d8ac:c607]
2019-06-12 16:04:45,715 INFO  storage.RaftLogWorker (RaftLogWorker.java:execute(469)) - ffc7b071-00b3-4a69-8de5-2639a1a8d8ac-RaftLogWorker: created new log segment /opt/src/hadoop-ozone/integration-test/target/test-dir/MiniOzoneClusterImpl-a1c7246e-c692-4524-ad55-32b507b20431/datanode-0/data/ratis/4417d833-4fb6-4fa2-9413-6911e2d50cc5/current/log_inprogress_608
2019-06-12 16:04:45,718 INFO  client.GrpcClientProtocolClient (GrpcClientProtocolClient.java:onNext(254)) - client-7F7296B99608->ffc7b071-00b3-4a69-8de5-2639a1a8d8ac: receive RaftClientReply:client-7F7296B99608->ffc7b071-00b3-4a69-8de5-2639a1a8d8ac@group-6911E2D50CC5, cid=344, SUCCESS, logIndex=608, commits[ffc7b071-00b3-4a69-8de5-2639a1a8d8ac:c609]
2019-06-12 16:04:45,731 INFO  client.GrpcClientProtocolClient (GrpcClientProtocolClient.java:onNext(254)) - client-7F7296B99608->ffc7b071-00b3-4a69-8de5-2639a1a8d8ac: receive RaftClientReply:client-7F7296B99608->ffc7b071-00b3-4a69-8de5-2639a1a8d8ac@group-6911E2D50CC5, cid=345, SUCCESS, logIndex=610, commits[ffc7b071-00b3-4a69-8de5-2639a1a8d8ac:c610]
2019-06-12 16:04:45,739 INFO  client.GrpcClientProtocolClient (GrpcClientProtocolClient.java:onNext(254)) - client-7F7296B99608->ffc7b071-00b3-4a69-8de5-2639a1a8d8ac: receive RaftClientReply:client-7F7296B99608->ffc7b071-00b3-4a69-8de5-2639a1a8d8ac@group-6911E2D50CC5, cid=346, SUCCESS, logIndex=612, commits[ffc7b071-00b3-4a69-8de5-2639a1a8d8ac:c614]
2019-06-12 16:04:45,742 INFO  client.GrpcClientProtocolClient (GrpcClientProtocolClient.java:onNext(254)) - client-7F7296B99608->ffc7b071-00b3-4a69-8de5-2639a1a8d8ac: receive RaftClientReply:client-7F7296B99608->ffc7b071-00b3-4a69-8de5-2639a1a8d8ac@group-6911E2D50CC5, cid=347, SUCCESS, logIndex=613, commits[ffc7b071-00b3-4a69-8de5-2639a1a8d8ac:c614]
2019-06-12 16:04:45,742 INFO  client.GrpcClientProtocolClient (GrpcClientProtocolClient.java:onNext(254)) - client-7F7296B99608->ffc7b071-00b3-4a69-8de5-2639a1a8d8ac: receive RaftClientReply:client-7F7296B99608->ffc7b071-00b3-4a69-8de5-2639a1a8d8ac@group-6911E2D50CC5, cid=348, SUCCESS, logIndex=614, commits[ffc7b071-00b3-4a69-8de5-2639a1a8d8ac:c615]
2019-06-12 16:04:45,752 INFO  client.GrpcClientProtocolClient (GrpcClientProtocolClient.java:onNext(254)) - client-7F7296B99608->ffc7b071-00b3-4a69-8de5-2639a1a8d8ac: receive RaftClientReply:client-7F7296B99608->ffc7b071-00b3-4a69-8de5-2639a1a8d8ac@group-6911E2D50CC5, cid=349, SUCCESS, logIndex=616, commits[ffc7b071-00b3-4a69-8de5-2639a1a8d8ac:c616]
2019-06-12 16:04:45,753 INFO  client.GrpcClientProtocolClient (GrpcClientProtocolClient.java:onNext(254)) - client-7F7296B99608->ffc7b071-00b3-4a69-8de5-2639a1a8d8ac: receive RaftClientReply:client-7F7296B99608->ffc7b071-00b3-4a69-8de5-2639a1a8d8ac@group-6911E2D50CC5, cid=350, SUCCESS, logIndex=618, commits[ffc7b071-00b3-4a69-8de5-2639a1a8d8ac:c618]
2019-06-12 16:04:45,756 INFO  client.GrpcClientProtocolClient (GrpcClientProtocolClient.java:onNext(254)) - client-7F7296B99608->ffc7b071-00b3-4a69-8de5-2639a1a8d8ac: receive RaftClientReply:client-7F7296B99608->ffc7b071-00b3-4a69-8de5-2639a1a8d8ac@group-6911E2D50CC5, cid=351, SUCCESS, logIndex=620, commits[ffc7b071-00b3-4a69-8de5-2639a1a8d8ac:c621]
2019-06-12 16:04:45,757 INFO  client.GrpcClientProtocolClient (GrpcClientProtocolClient.java:onNext(254)) - client-7F7296B99608->ffc7b071-00b3-4a69-8de5-2639a1a8d8ac: receive RaftClientReply:client-7F7296B99608->ffc7b071-00b3-4a69-8de5-2639a1a8d8ac@group-6911E2D50CC5, cid=352, SUCCESS, logIndex=621, commits[ffc7b071-00b3-4a69-8de5-2639a1a8d8ac:c621]
2019-06-12 16:04:45,761 DEBUG block.SCMBlockDeletingService (SCMBlockDeletingService.java:call(138)) - Running DeletedBlockTransactionScanner
2019-06-12 16:04:45,761 DEBUG block.SCMBlockDeletingService (SCMBlockDeletingService.java:call(155)) - Scanned deleted blocks log and got 0 delTX to process.
2019-06-12 16:04:45,833 INFO  client.GrpcClientProtocolClient (GrpcClientProtocolClient.java:onNext(254)) - client-7F7296B99608->ffc7b071-00b3-4a69-8de5-2639a1a8d8ac: receive RaftClientReply:client-7F7296B99608->ffc7b071-00b3-4a69-8de5-2639a1a8d8ac@group-6911E2D50CC5, cid=353, SUCCESS, logIndex=623, commits[ffc7b071-00b3-4a69-8de5-2639a1a8d8ac:c623]
2019-06-12 16:04:45,839 INFO  client.GrpcClientProtocolClient (GrpcClientProtocolClient.java:onNext(254)) - client-7F7296B99608->ffc7b071-00b3-4a69-8de5-2639a1a8d8ac: receive RaftClientReply:client-7F7296B99608->ffc7b071-00b3-4a69-8de5-2639a1a8d8ac@group-6911E2D50CC5, cid=354, SUCCESS, logIndex=625, commits[ffc7b071-00b3-4a69-8de5-2639a1a8d8ac:c625]
2019-06-12 16:04:45,839 INFO  client.GrpcClientProtocolClient (GrpcClientProtocolClient.java:onNext(254)) - client-7F7296B99608->ffc7b071-00b3-4a69-8de5-2639a1a8d8ac: receive RaftClientReply:client-7F7296B99608->ffc7b071-00b3-4a69-8de5-2639a1a8d8ac@group-6911E2D50CC5, cid=355, SUCCESS, logIndex=626, commits[ffc7b071-00b3-4a69-8de5-2639a1a8d8ac:c628]
2019-06-12 16:04:45,840 INFO  client.GrpcClientProtocolClient (GrpcClientProtocolClient.java:onNext(254)) - client-7F7296B99608->ffc7b071-00b3-4a69-8de5-2639a1a8d8ac: receive RaftClientReply:client-7F7296B99608->ffc7b071-00b3-4a69-8de5-2639a1a8d8ac@group-6911E2D50CC5, cid=356, SUCCESS, logIndex=627, commits[ffc7b071-00b3-4a69-8de5-2639a1a8d8ac:c628]
2019-06-12 16:04:45,847 INFO  client.GrpcClientProtocolClient (GrpcClientProtocolClient.java:onNext(254)) - client-7F7296B99608->ffc7b071-00b3-4a69-8de5-2639a1a8d8ac: receive RaftClientReply:client-7F7296B99608->ffc7b071-00b3-4a69-8de5-2639a1a8d8ac@group-6911E2D50CC5, cid=357, SUCCESS, logIndex=629, commits[ffc7b071-00b3-4a69-8de5-2639a1a8d8ac:c629]
2019-06-12 16:04:45,849 INFO  client.GrpcClientProtocolClient (GrpcClientProtocolClient.java:onNext(254)) - client-7F7296B99608->ffc7b071-00b3-4a69-8de5-2639a1a8d8ac: receive RaftClientReply:client-7F7296B99608->ffc7b071-00b3-4a69-8de5-2639a1a8d8ac@group-6911E2D50CC5, cid=358, SUCCESS, logIndex=631, commits[ffc7b071-00b3-4a69-8de5-2639a1a8d8ac:c631]
2019-06-12 16:04:45,852 INFO  client.GrpcClientProtocolClient (GrpcClientProtocolClient.java:onNext(254)) - client-7F7296B99608->ffc7b071-00b3-4a69-8de5-2639a1a8d8ac: receive RaftClientReply:client-7F7296B99608->ffc7b071-00b3-4a69-8de5-2639a1a8d8ac@group-6911E2D50CC5, cid=359, SUCCESS, logIndex=632, commits[ffc7b071-00b3-4a69-8de5-2639a1a8d8ac:c634]
2019-06-12 16:04:45,852 INFO  client.GrpcClientProtocolClient (GrpcClientProtocolClient.java:onNext(254)) - client-7F7296B99608->ffc7b071-00b3-4a69-8de5-2639a1a8d8ac: receive RaftClientReply:client-7F7296B99608->ffc7b071-00b3-4a69-8de5-2639a1a8d8ac@group-6911E2D50CC5, cid=360, SUCCESS, logIndex=634, commits[ffc7b071-00b3-4a69-8de5-2639a1a8d8ac:c634]
2019-06-12 16:04:45,861 DEBUG block.SCMBlockDeletingService (SCMBlockDeletingService.java:call(138)) - Running DeletedBlockTransactionScanner
2019-06-12 16:04:45,862 DEBUG block.SCMBlockDeletingService (SCMBlockDeletingService.java:call(155)) - Scanned deleted blocks log and got 0 delTX to process.
2019-06-12 16:04:45,864 INFO  client.GrpcClientProtocolClient (GrpcClientProtocolClient.java:onNext(254)) - client-7F7296B99608->ffc7b071-00b3-4a69-8de5-2639a1a8d8ac: receive RaftClientReply:client-7F7296B99608->ffc7b071-00b3-4a69-8de5-2639a1a8d8ac@group-6911E2D50CC5, cid=361, SUCCESS, logIndex=636, commits[ffc7b071-00b3-4a69-8de5-2639a1a8d8ac:c636]
2019-06-12 16:04:45,865 INFO  client.GrpcClientProtocolClient (GrpcClientProtocolClient.java:onNext(254)) - client-7F7296B99608->ffc7b071-00b3-4a69-8de5-2639a1a8d8ac: receive RaftClientReply:client-7F7296B99608->ffc7b071-00b3-4a69-8de5-2639a1a8d8ac@group-6911E2D50CC5, cid=362, SUCCESS, logIndex=638, commits[ffc7b071-00b3-4a69-8de5-2639a1a8d8ac:c638]
2019-06-12 16:04:45,869 INFO  client.GrpcClientProtocolClient (GrpcClientProtocolClient.java:onNext(254)) - client-7F7296B99608->ffc7b071-00b3-4a69-8de5-2639a1a8d8ac: receive RaftClientReply:client-7F7296B99608->ffc7b071-00b3-4a69-8de5-2639a1a8d8ac@group-6911E2D50CC5, cid=363, SUCCESS, logIndex=640, commits[ffc7b071-00b3-4a69-8de5-2639a1a8d8ac:c640]
2019-06-12 16:04:45,870 INFO  client.GrpcClientProtocolClient (GrpcClientProtocolClient.java:onNext(254)) - client-7F7296B99608->ffc7b071-00b3-4a69-8de5-2639a1a8d8ac: receive RaftClientReply:client-7F7296B99608->ffc7b071-00b3-4a69-8de5-2639a1a8d8ac@group-6911E2D50CC5, cid=364, SUCCESS, logIndex=641, commits[ffc7b071-00b3-4a69-8de5-2639a1a8d8ac:c641]
2019-06-12 16:04:45,878 INFO  client.GrpcClientProtocolClient (GrpcClientProtocolClient.java:onNext(254)) - client-7F7296B99608->ffc7b071-00b3-4a69-8de5-2639a1a8d8ac: receive RaftClientReply:client-7F7296B99608->ffc7b071-00b3-4a69-8de5-2639a1a8d8ac@group-6911E2D50CC5, cid=365, SUCCESS, logIndex=644, commits[ffc7b071-00b3-4a69-8de5-2639a1a8d8ac:c644]
2019-06-12 16:04:45,882 INFO  client.GrpcClientProtocolClient (GrpcClientProtocolClient.java:onNext(254)) - client-7F7296B99608->ffc7b071-00b3-4a69-8de5-2639a1a8d8ac: receive RaftClientReply:client-7F7296B99608->ffc7b071-00b3-4a69-8de5-2639a1a8d8ac@group-6911E2D50CC5, cid=366, SUCCESS, logIndex=646, commits[ffc7b071-00b3-4a69-8de5-2639a1a8d8ac:c646]
2019-06-12 16:04:45,882 INFO  client.GrpcClientProtocolClient (GrpcClientProtocolClient.java:onNext(254)) - client-7F7296B99608->ffc7b071-00b3-4a69-8de5-2639a1a8d8ac: receive RaftClientReply:client-7F7296B99608->ffc7b071-00b3-4a69-8de5-2639a1a8d8ac@group-6911E2D50CC5, cid=367, SUCCESS, logIndex=647, commits[ffc7b071-00b3-4a69-8de5-2639a1a8d8ac:c647]
2019-06-12 16:04:45,883 INFO  client.GrpcClientProtocolClient (GrpcClientProtocolClient.java:onNext(254)) - client-7F7296B99608->ffc7b071-00b3-4a69-8de5-2639a1a8d8ac: receive RaftClientReply:client-7F7296B99608->ffc7b071-00b3-4a69-8de5-2639a1a8d8ac@group-6911E2D50CC5, cid=368, SUCCESS, logIndex=649, commits[ffc7b071-00b3-4a69-8de5-2639a1a8d8ac:c650]
2019-06-12 16:04:45,895 INFO  client.GrpcClientProtocolClient (GrpcClientProtocolClient.java:onNext(254)) - client-7F7296B99608->ffc7b071-00b3-4a69-8de5-2639a1a8d8ac: receive RaftClientReply:client-7F7296B99608->ffc7b071-00b3-4a69-8de5-2639a1a8d8ac@group-6911E2D50CC5, cid=369, SUCCESS, logIndex=651, commits[ffc7b071-00b3-4a69-8de5-2639a1a8d8ac:c651]
2019-06-12 16:04:45,897 INFO  client.GrpcClientProtocolClient (GrpcClientProtocolClient.java:onNext(254)) - client-7F7296B99608->ffc7b071-00b3-4a69-8de5-2639a1a8d8ac: receive RaftClientReply:client-7F7296B99608->ffc7b071-00b3-4a69-8de5-2639a1a8d8ac@group-6911E2D50CC5, cid=370, SUCCESS, logIndex=653, commits[ffc7b071-00b3-4a69-8de5-2639a1a8d8ac:c653]
2019-06-12 16:04:45,898 INFO  client.GrpcClientProtocolClient (GrpcClientProtocolClient.java:onNext(254)) - client-7F7296B99608->ffc7b071-00b3-4a69-8de5-2639a1a8d8ac: receive RaftClientReply:client-7F7296B99608->ffc7b071-00b3-4a69-8de5-2639a1a8d8ac@group-6911E2D50CC5, cid=371, SUCCESS, logIndex=654, commits[ffc7b071-00b3-4a69-8de5-2639a1a8d8ac:c654]
2019-06-12 16:04:45,898 INFO  client.GrpcClientProtocolClient (GrpcClientProtocolClient.java:onNext(254)) - client-7F7296B99608->ffc7b071-00b3-4a69-8de5-2639a1a8d8ac: receive RaftClientReply:client-7F7296B99608->ffc7b071-00b3-4a69-8de5-2639a1a8d8ac@group-6911E2D50CC5, cid=372, SUCCESS, logIndex=656, commits[ffc7b071-00b3-4a69-8de5-2639a1a8d8ac:c656]
2019-06-12 16:04:45,910 INFO  client.GrpcClientProtocolClient (GrpcClientProtocolClient.java:onNext(254)) - client-7F7296B99608->ffc7b071-00b3-4a69-8de5-2639a1a8d8ac: receive RaftClientReply:client-7F7296B99608->ffc7b071-00b3-4a69-8de5-2639a1a8d8ac@group-6911E2D50CC5, cid=373, SUCCESS, logIndex=659, commits[ffc7b071-00b3-4a69-8de5-2639a1a8d8ac:c659]
2019-06-12 16:04:45,911 INFO  client.GrpcClientProtocolClient (GrpcClientProtocolClient.java:onNext(254)) - client-7F7296B99608->ffc7b071-00b3-4a69-8de5-2639a1a8d8ac: receive RaftClientReply:client-7F7296B99608->ffc7b071-00b3-4a69-8de5-2639a1a8d8ac@group-6911E2D50CC5, cid=374, SUCCESS, logIndex=661, commits[ffc7b071-00b3-4a69-8de5-2639a1a8d8ac:c661]
2019-06-12 16:04:45,912 INFO  client.GrpcClientProtocolClient (GrpcClientProtocolClient.java:onNext(254)) - client-7F7296B99608->ffc7b071-00b3-4a69-8de5-2639a1a8d8ac: receive RaftClientReply:client-7F7296B99608->ffc7b071-00b3-4a69-8de5-2639a1a8d8ac@group-6911E2D50CC5, cid=375, SUCCESS, logIndex=663, commits[ffc7b071-00b3-4a69-8de5-2639a1a8d8ac:c664]
2019-06-12 16:04:45,913 INFO  client.GrpcClientProtocolClient (GrpcClientProtocolClient.java:onNext(254)) - client-7F7296B99608->ffc7b071-00b3-4a69-8de5-2639a1a8d8ac: receive RaftClientReply:client-7F7296B99608->ffc7b071-00b3-4a69-8de5-2639a1a8d8ac@group-6911E2D50CC5, cid=376, SUCCESS, logIndex=664, commits[ffc7b071-00b3-4a69-8de5-2639a1a8d8ac:c665]
2019-06-12 16:04:45,926 INFO  client.GrpcClientProtocolClient (GrpcClientProtocolClient.java:onNext(254)) - client-7F7296B99608->ffc7b071-00b3-4a69-8de5-2639a1a8d8ac: receive RaftClientReply:client-7F7296B99608->ffc7b071-00b3-4a69-8de5-2639a1a8d8ac@group-6911E2D50CC5, cid=377, SUCCESS, logIndex=666, commits[ffc7b071-00b3-4a69-8de5-2639a1a8d8ac:c666]
2019-06-12 16:04:45,929 INFO  client.GrpcClientProtocolClient (GrpcClientProtocolClient.java:onNext(254)) - client-7F7296B99608->ffc7b071-00b3-4a69-8de5-2639a1a8d8ac: receive RaftClientReply:client-7F7296B99608->ffc7b071-00b3-4a69-8de5-2639a1a8d8ac@group-6911E2D50CC5, cid=378, SUCCESS, logIndex=668, commits[ffc7b071-00b3-4a69-8de5-2639a1a8d8ac:c668]
2019-06-12 16:04:45,930 INFO  client.GrpcClientProtocolClient (GrpcClientProtocolClient.java:onNext(254)) - client-7F7296B99608->ffc7b071-00b3-4a69-8de5-2639a1a8d8ac: receive RaftClientReply:client-7F7296B99608->ffc7b071-00b3-4a69-8de5-2639a1a8d8ac@group-6911E2D50CC5, cid=379, SUCCESS, logIndex=669, commits[ffc7b071-00b3-4a69-8de5-2639a1a8d8ac:c671]
2019-06-12 16:04:45,932 INFO  client.GrpcClientProtocolClient (GrpcClientProtocolClient.java:onNext(254)) - client-7F7296B99608->ffc7b071-00b3-4a69-8de5-2639a1a8d8ac: receive RaftClientReply:client-7F7296B99608->ffc7b071-00b3-4a69-8de5-2639a1a8d8ac@group-6911E2D50CC5, cid=380, SUCCESS, logIndex=671, commits[ffc7b071-00b3-4a69-8de5-2639a1a8d8ac:c671]
2019-06-12 16:04:45,940 INFO  client.GrpcClientProtocolClient (GrpcClientProtocolClient.java:onNext(254)) - client-7F7296B99608->ffc7b071-00b3-4a69-8de5-2639a1a8d8ac: receive RaftClientReply:client-7F7296B99608->ffc7b071-00b3-4a69-8de5-2639a1a8d8ac@group-6911E2D50CC5, cid=381, SUCCESS, logIndex=673, commits[ffc7b071-00b3-4a69-8de5-2639a1a8d8ac:c673]
2019-06-12 16:04:45,942 INFO  client.GrpcClientProtocolClient (GrpcClientProtocolClient.java:onNext(254)) - client-7F7296B99608->ffc7b071-00b3-4a69-8de5-2639a1a8d8ac: receive RaftClientReply:client-7F7296B99608->ffc7b071-00b3-4a69-8de5-2639a1a8d8ac@group-6911E2D50CC5, cid=382, SUCCESS, logIndex=675, commits[ffc7b071-00b3-4a69-8de5-2639a1a8d8ac:c675]
2019-06-12 16:04:45,946 INFO  client.GrpcClientProtocolClient (GrpcClientProtocolClient.java:onNext(254)) - client-7F7296B99608->ffc7b071-00b3-4a69-8de5-2639a1a8d8ac: receive RaftClientReply:client-7F7296B99608->ffc7b071-00b3-4a69-8de5-2639a1a8d8ac@group-6911E2D50CC5, cid=383, SUCCESS, logIndex=677, commits[ffc7b071-00b3-4a69-8de5-2639a1a8d8ac:c678]
2019-06-12 16:04:45,946 INFO  client.GrpcClientProtocolClient (GrpcClientProtocolClient.java:onNext(254)) - client-7F7296B99608->ffc7b071-00b3-4a69-8de5-2639a1a8d8ac: receive RaftClientReply:client-7F7296B99608->ffc7b071-00b3-4a69-8de5-2639a1a8d8ac@group-6911E2D50CC5, cid=384, SUCCESS, logIndex=678, commits[ffc7b071-00b3-4a69-8de5-2639a1a8d8ac:c679]
2019-06-12 16:04:45,957 INFO  client.GrpcClientProtocolClient (GrpcClientProtocolClient.java:onNext(254)) - client-7F7296B99608->ffc7b071-00b3-4a69-8de5-2639a1a8d8ac: receive RaftClientReply:client-7F7296B99608->ffc7b071-00b3-4a69-8de5-2639a1a8d8ac@group-6911E2D50CC5, cid=385, SUCCESS, logIndex=680, commits[ffc7b071-00b3-4a69-8de5-2639a1a8d8ac:c680]
2019-06-12 16:04:45,958 INFO  client.GrpcClientProtocolClient (GrpcClientProtocolClient.java:onNext(254)) - client-7F7296B99608->ffc7b071-00b3-4a69-8de5-2639a1a8d8ac: receive RaftClientReply:client-7F7296B99608->ffc7b071-00b3-4a69-8de5-2639a1a8d8ac@group-6911E2D50CC5, cid=386, SUCCESS, logIndex=682, commits[ffc7b071-00b3-4a69-8de5-2639a1a8d8ac:c682]
2019-06-12 16:04:45,959 INFO  storage.RaftLogWorker (RaftLogWorker.java:rollLogSegment(303)) - ffc7b071-00b3-4a69-8de5-2639a1a8d8ac-RaftLogWorker: Rolling segment log-608_683 to index:683
2019-06-12 16:04:45,960 INFO  storage.RaftLogWorker (RaftLogWorker.java:execute(433)) - ffc7b071-00b3-4a69-8de5-2639a1a8d8ac-RaftLogWorker: Rolled log segment from /opt/src/hadoop-ozone/integration-test/target/test-dir/MiniOzoneClusterImpl-a1c7246e-c692-4524-ad55-32b507b20431/datanode-0/data/ratis/4417d833-4fb6-4fa2-9413-6911e2d50cc5/current/log_inprogress_608 to /opt/src/hadoop-ozone/integration-test/target/test-dir/MiniOzoneClusterImpl-a1c7246e-c692-4524-ad55-32b507b20431/datanode-0/data/ratis/4417d833-4fb6-4fa2-9413-6911e2d50cc5/current/log_608-683
2019-06-12 16:04:45,962 DEBUG block.SCMBlockDeletingService (SCMBlockDeletingService.java:call(138)) - Running DeletedBlockTransactionScanner
2019-06-12 16:04:45,962 DEBUG block.SCMBlockDeletingService (SCMBlockDeletingService.java:call(155)) - Scanned deleted blocks log and got 0 delTX to process.
2019-06-12 16:04:45,995 INFO  storage.RaftLogWorker (RaftLogWorker.java:execute(469)) - ffc7b071-00b3-4a69-8de5-2639a1a8d8ac-RaftLogWorker: created new log segment /opt/src/hadoop-ozone/integration-test/target/test-dir/MiniOzoneClusterImpl-a1c7246e-c692-4524-ad55-32b507b20431/datanode-0/data/ratis/4417d833-4fb6-4fa2-9413-6911e2d50cc5/current/log_inprogress_684
2019-06-12 16:04:45,998 INFO  client.GrpcClientProtocolClient (GrpcClientProtocolClient.java:onNext(254)) - client-7F7296B99608->ffc7b071-00b3-4a69-8de5-2639a1a8d8ac: receive RaftClientReply:client-7F7296B99608->ffc7b071-00b3-4a69-8de5-2639a1a8d8ac@group-6911E2D50CC5, cid=387, SUCCESS, logIndex=684, commits[ffc7b071-00b3-4a69-8de5-2639a1a8d8ac:c685]
2019-06-12 16:04:45,998 INFO  client.GrpcClientProtocolClient (GrpcClientProtocolClient.java:onNext(254)) - client-7F7296B99608->ffc7b071-00b3-4a69-8de5-2639a1a8d8ac: receive RaftClientReply:client-7F7296B99608->ffc7b071-00b3-4a69-8de5-2639a1a8d8ac@group-6911E2D50CC5, cid=388, SUCCESS, logIndex=685, commits[ffc7b071-00b3-4a69-8de5-2639a1a8d8ac:c686]
2019-06-12 16:04:46,005 INFO  client.GrpcClientProtocolClient (GrpcClientProtocolClient.java:onNext(254)) - client-7F7296B99608->ffc7b071-00b3-4a69-8de5-2639a1a8d8ac: receive RaftClientReply:client-7F7296B99608->ffc7b071-00b3-4a69-8de5-2639a1a8d8ac@group-6911E2D50CC5, cid=389, SUCCESS, logIndex=687, commits[ffc7b071-00b3-4a69-8de5-2639a1a8d8ac:c687]
2019-06-12 16:04:46,010 INFO  client.GrpcClientProtocolClient (GrpcClientProtocolClient.java:onNext(254)) - client-7F7296B99608->ffc7b071-00b3-4a69-8de5-2639a1a8d8ac: receive RaftClientReply:client-7F7296B99608->ffc7b071-00b3-4a69-8de5-2639a1a8d8ac@group-6911E2D50CC5, cid=390, SUCCESS, logIndex=689, commits[ffc7b071-00b3-4a69-8de5-2639a1a8d8ac:c689]
2019-06-12 16:04:46,011 INFO  client.GrpcClientProtocolClient (GrpcClientProtocolClient.java:onNext(254)) - client-7F7296B99608->ffc7b071-00b3-4a69-8de5-2639a1a8d8ac: receive RaftClientReply:client-7F7296B99608->ffc7b071-00b3-4a69-8de5-2639a1a8d8ac@group-6911E2D50CC5, cid=391, SUCCESS, logIndex=690, commits[ffc7b071-00b3-4a69-8de5-2639a1a8d8ac:c693]
2019-06-12 16:04:46,014 INFO  client.GrpcClientProtocolClient (GrpcClientProtocolClient.java:onNext(254)) - client-7F7296B99608->ffc7b071-00b3-4a69-8de5-2639a1a8d8ac: receive RaftClientReply:client-7F7296B99608->ffc7b071-00b3-4a69-8de5-2639a1a8d8ac@group-6911E2D50CC5, cid=392, SUCCESS, logIndex=691, commits[ffc7b071-00b3-4a69-8de5-2639a1a8d8ac:c693]
2019-06-12 16:04:46,026 INFO  client.GrpcClientProtocolClient (GrpcClientProtocolClient.java:onNext(254)) - client-7F7296B99608->ffc7b071-00b3-4a69-8de5-2639a1a8d8ac: receive RaftClientReply:client-7F7296B99608->ffc7b071-00b3-4a69-8de5-2639a1a8d8ac@group-6911E2D50CC5, cid=393, SUCCESS, logIndex=694, commits[ffc7b071-00b3-4a69-8de5-2639a1a8d8ac:c694]
2019-06-12 16:04:46,028 INFO  client.GrpcClientProtocolClient (GrpcClientProtocolClient.java:onNext(254)) - client-7F7296B99608->ffc7b071-00b3-4a69-8de5-2639a1a8d8ac: receive RaftClientReply:client-7F7296B99608->ffc7b071-00b3-4a69-8de5-2639a1a8d8ac@group-6911E2D50CC5, cid=394, SUCCESS, logIndex=696, commits[ffc7b071-00b3-4a69-8de5-2639a1a8d8ac:c696]
2019-06-12 16:04:46,031 INFO  client.GrpcClientProtocolClient (GrpcClientProtocolClient.java:onNext(254)) - client-7F7296B99608->ffc7b071-00b3-4a69-8de5-2639a1a8d8ac: receive RaftClientReply:client-7F7296B99608->ffc7b071-00b3-4a69-8de5-2639a1a8d8ac@group-6911E2D50CC5, cid=395, SUCCESS, logIndex=698, commits[ffc7b071-00b3-4a69-8de5-2639a1a8d8ac:c699]
2019-06-12 16:04:46,031 INFO  client.GrpcClientProtocolClient (GrpcClientProtocolClient.java:onNext(254)) - client-7F7296B99608->ffc7b071-00b3-4a69-8de5-2639a1a8d8ac: receive RaftClientReply:client-7F7296B99608->ffc7b071-00b3-4a69-8de5-2639a1a8d8ac@group-6911E2D50CC5, cid=396, SUCCESS, logIndex=699, commits[ffc7b071-00b3-4a69-8de5-2639a1a8d8ac:c699]
2019-06-12 16:04:46,062 DEBUG block.SCMBlockDeletingService (SCMBlockDeletingService.java:call(138)) - Running DeletedBlockTransactionScanner
2019-06-12 16:04:46,063 DEBUG block.SCMBlockDeletingService (SCMBlockDeletingService.java:call(155)) - Scanned deleted blocks log and got 0 delTX to process.
2019-06-12 16:04:46,154 INFO  client.GrpcClientProtocolClient (GrpcClientProtocolClient.java:onNext(254)) - client-7F7296B99608->ffc7b071-00b3-4a69-8de5-2639a1a8d8ac: receive RaftClientReply:client-7F7296B99608->ffc7b071-00b3-4a69-8de5-2639a1a8d8ac@group-6911E2D50CC5, cid=397, SUCCESS, logIndex=701, commits[ffc7b071-00b3-4a69-8de5-2639a1a8d8ac:c701]
2019-06-12 16:04:46,155 INFO  client.GrpcClientProtocolClient (GrpcClientProtocolClient.java:onNext(254)) - client-7F7296B99608->ffc7b071-00b3-4a69-8de5-2639a1a8d8ac: receive RaftClientReply:client-7F7296B99608->ffc7b071-00b3-4a69-8de5-2639a1a8d8ac@group-6911E2D50CC5, cid=398, SUCCESS, logIndex=703, commits[ffc7b071-00b3-4a69-8de5-2639a1a8d8ac:c703]
2019-06-12 16:04:46,157 INFO  client.GrpcClientProtocolClient (GrpcClientProtocolClient.java:onNext(254)) - client-7F7296B99608->ffc7b071-00b3-4a69-8de5-2639a1a8d8ac: receive RaftClientReply:client-7F7296B99608->ffc7b071-00b3-4a69-8de5-2639a1a8d8ac@group-6911E2D50CC5, cid=399, SUCCESS, logIndex=704, commits[ffc7b071-00b3-4a69-8de5-2639a1a8d8ac:c706]
2019-06-12 16:04:46,157 INFO  client.GrpcClientProtocolClient (GrpcClientProtocolClient.java:onNext(254)) - client-7F7296B99608->ffc7b071-00b3-4a69-8de5-2639a1a8d8ac: receive RaftClientReply:client-7F7296B99608->ffc7b071-00b3-4a69-8de5-2639a1a8d8ac@group-6911E2D50CC5, cid=400, SUCCESS, logIndex=705, commits[ffc7b071-00b3-4a69-8de5-2639a1a8d8ac:c706]
2019-06-12 16:04:46,163 DEBUG block.SCMBlockDeletingService (SCMBlockDeletingService.java:call(138)) - Running DeletedBlockTransactionScanner
2019-06-12 16:04:46,163 DEBUG block.SCMBlockDeletingService (SCMBlockDeletingService.java:call(155)) - Scanned deleted blocks log and got 0 delTX to process.
2019-06-12 16:04:46,170 INFO  client.GrpcClientProtocolClient (GrpcClientProtocolClient.java:onNext(254)) - client-7F7296B99608->ffc7b071-00b3-4a69-8de5-2639a1a8d8ac: receive RaftClientReply:client-7F7296B99608->ffc7b071-00b3-4a69-8de5-2639a1a8d8ac@group-6911E2D50CC5, cid=401, SUCCESS, logIndex=707, commits[ffc7b071-00b3-4a69-8de5-2639a1a8d8ac:c707]
2019-06-12 16:04:46,171 INFO  client.GrpcClientProtocolClient (GrpcClientProtocolClient.java:onNext(254)) - client-7F7296B99608->ffc7b071-00b3-4a69-8de5-2639a1a8d8ac: receive RaftClientReply:client-7F7296B99608->ffc7b071-00b3-4a69-8de5-2639a1a8d8ac@group-6911E2D50CC5, cid=402, SUCCESS, logIndex=709, commits[ffc7b071-00b3-4a69-8de5-2639a1a8d8ac:c709]
2019-06-12 16:04:46,173 INFO  client.GrpcClientProtocolClient (GrpcClientProtocolClient.java:onNext(254)) - client-7F7296B99608->ffc7b071-00b3-4a69-8de5-2639a1a8d8ac: receive RaftClientReply:client-7F7296B99608->ffc7b071-00b3-4a69-8de5-2639a1a8d8ac@group-6911E2D50CC5, cid=403, SUCCESS, logIndex=710, commits[ffc7b071-00b3-4a69-8de5-2639a1a8d8ac:c712]
2019-06-12 16:04:46,174 INFO  client.GrpcClientProtocolClient (GrpcClientProtocolClient.java:onNext(254)) - client-7F7296B99608->ffc7b071-00b3-4a69-8de5-2639a1a8d8ac: receive RaftClientReply:client-7F7296B99608->ffc7b071-00b3-4a69-8de5-2639a1a8d8ac@group-6911E2D50CC5, cid=404, SUCCESS, logIndex=712, commits[ffc7b071-00b3-4a69-8de5-2639a1a8d8ac:c712]
2019-06-12 16:04:46,181 INFO  client.GrpcClientProtocolClient (GrpcClientProtocolClient.java:onNext(254)) - client-7F7296B99608->ffc7b071-00b3-4a69-8de5-2639a1a8d8ac: receive RaftClientReply:client-7F7296B99608->ffc7b071-00b3-4a69-8de5-2639a1a8d8ac@group-6911E2D50CC5, cid=405, SUCCESS, logIndex=714, commits[ffc7b071-00b3-4a69-8de5-2639a1a8d8ac:c714]
2019-06-12 16:04:46,182 INFO  client.GrpcClientProtocolClient (GrpcClientProtocolClient.java:onNext(254)) - client-7F7296B99608->ffc7b071-00b3-4a69-8de5-2639a1a8d8ac: receive RaftClientReply:client-7F7296B99608->ffc7b071-00b3-4a69-8de5-2639a1a8d8ac@group-6911E2D50CC5, cid=406, SUCCESS, logIndex=716, commits[ffc7b071-00b3-4a69-8de5-2639a1a8d8ac:c716]
2019-06-12 16:04:46,184 INFO  client.GrpcClientProtocolClient (GrpcClientProtocolClient.java:onNext(254)) - client-7F7296B99608->ffc7b071-00b3-4a69-8de5-2639a1a8d8ac: receive RaftClientReply:client-7F7296B99608->ffc7b071-00b3-4a69-8de5-2639a1a8d8ac@group-6911E2D50CC5, cid=407, SUCCESS, logIndex=717, commits[ffc7b071-00b3-4a69-8de5-2639a1a8d8ac:c719]
2019-06-12 16:04:46,184 INFO  client.GrpcClientProtocolClient (GrpcClientProtocolClient.java:onNext(254)) - client-7F7296B99608->ffc7b071-00b3-4a69-8de5-2639a1a8d8ac: receive RaftClientReply:client-7F7296B99608->ffc7b071-00b3-4a69-8de5-2639a1a8d8ac@group-6911E2D50CC5, cid=408, SUCCESS, logIndex=719, commits[ffc7b071-00b3-4a69-8de5-2639a1a8d8ac:c719]
2019-06-12 16:04:46,195 INFO  client.GrpcClientProtocolClient (GrpcClientProtocolClient.java:onNext(254)) - client-7F7296B99608->ffc7b071-00b3-4a69-8de5-2639a1a8d8ac: receive RaftClientReply:client-7F7296B99608->ffc7b071-00b3-4a69-8de5-2639a1a8d8ac@group-6911E2D50CC5, cid=409, SUCCESS, logIndex=721, commits[ffc7b071-00b3-4a69-8de5-2639a1a8d8ac:c721]
2019-06-12 16:04:46,197 INFO  client.GrpcClientProtocolClient (GrpcClientProtocolClient.java:onNext(254)) - client-7F7296B99608->ffc7b071-00b3-4a69-8de5-2639a1a8d8ac: receive RaftClientReply:client-7F7296B99608->ffc7b071-00b3-4a69-8de5-2639a1a8d8ac@group-6911E2D50CC5, cid=410, SUCCESS, logIndex=723, commits[ffc7b071-00b3-4a69-8de5-2639a1a8d8ac:c723]
2019-06-12 16:04:46,202 INFO  client.GrpcClientProtocolClient (GrpcClientProtocolClient.java:onNext(254)) - client-7F7296B99608->ffc7b071-00b3-4a69-8de5-2639a1a8d8ac: receive RaftClientReply:client-7F7296B99608->ffc7b071-00b3-4a69-8de5-2639a1a8d8ac@group-6911E2D50CC5, cid=411, SUCCESS, logIndex=725, commits[ffc7b071-00b3-4a69-8de5-2639a1a8d8ac:c726]
2019-06-12 16:04:46,203 INFO  client.GrpcClientProtocolClient (GrpcClientProtocolClient.java:onNext(254)) - client-7F7296B99608->ffc7b071-00b3-4a69-8de5-2639a1a8d8ac: receive RaftClientReply:client-7F7296B99608->ffc7b071-00b3-4a69-8de5-2639a1a8d8ac@group-6911E2D50CC5, cid=412, SUCCESS, logIndex=726, commits[ffc7b071-00b3-4a69-8de5-2639a1a8d8ac:c726]
2019-06-12 16:04:46,213 INFO  client.GrpcClientProtocolClient (GrpcClientProtocolClient.java:onNext(254)) - client-7F7296B99608->ffc7b071-00b3-4a69-8de5-2639a1a8d8ac: receive RaftClientReply:client-7F7296B99608->ffc7b071-00b3-4a69-8de5-2639a1a8d8ac@group-6911E2D50CC5, cid=413, SUCCESS, logIndex=728, commits[ffc7b071-00b3-4a69-8de5-2639a1a8d8ac:c728]
2019-06-12 16:04:46,218 INFO  client.GrpcClientProtocolClient (GrpcClientProtocolClient.java:onNext(254)) - client-7F7296B99608->ffc7b071-00b3-4a69-8de5-2639a1a8d8ac: receive RaftClientReply:client-7F7296B99608->ffc7b071-00b3-4a69-8de5-2639a1a8d8ac@group-6911E2D50CC5, cid=414, SUCCESS, logIndex=730, commits[ffc7b071-00b3-4a69-8de5-2639a1a8d8ac:c730]
2019-06-12 16:04:46,218 INFO  client.GrpcClientProtocolClient (GrpcClientProtocolClient.java:onNext(254)) - client-7F7296B99608->ffc7b071-00b3-4a69-8de5-2639a1a8d8ac: receive RaftClientReply:client-7F7296B99608->ffc7b071-00b3-4a69-8de5-2639a1a8d8ac@group-6911E2D50CC5, cid=415, SUCCESS, logIndex=731, commits[ffc7b071-00b3-4a69-8de5-2639a1a8d8ac:c733]
2019-06-12 16:04:46,219 INFO  client.GrpcClientProtocolClient (GrpcClientProtocolClient.java:onNext(254)) - client-7F7296B99608->ffc7b071-00b3-4a69-8de5-2639a1a8d8ac: receive RaftClientReply:client-7F7296B99608->ffc7b071-00b3-4a69-8de5-2639a1a8d8ac@group-6911E2D50CC5, cid=416, SUCCESS, logIndex=733, commits[ffc7b071-00b3-4a69-8de5-2639a1a8d8ac:c734]
2019-06-12 16:04:46,229 INFO  client.GrpcClientProtocolClient (GrpcClientProtocolClient.java:onNext(254)) - client-7F7296B99608->ffc7b071-00b3-4a69-8de5-2639a1a8d8ac: receive RaftClientReply:client-7F7296B99608->ffc7b071-00b3-4a69-8de5-2639a1a8d8ac@group-6911E2D50CC5, cid=417, SUCCESS, logIndex=735, commits[ffc7b071-00b3-4a69-8de5-2639a1a8d8ac:c735]
2019-06-12 16:04:46,232 INFO  client.GrpcClientProtocolClient (GrpcClientProtocolClient.java:onNext(254)) - client-7F7296B99608->ffc7b071-00b3-4a69-8de5-2639a1a8d8ac: receive RaftClientReply:client-7F7296B99608->ffc7b071-00b3-4a69-8de5-2639a1a8d8ac@group-6911E2D50CC5, cid=418, SUCCESS, logIndex=737, commits[ffc7b071-00b3-4a69-8de5-2639a1a8d8ac:c737]
2019-06-12 16:04:46,232 INFO  client.GrpcClientProtocolClient (GrpcClientProtocolClient.java:onNext(254)) - client-7F7296B99608->ffc7b071-00b3-4a69-8de5-2639a1a8d8ac: receive RaftClientReply:client-7F7296B99608->ffc7b071-00b3-4a69-8de5-2639a1a8d8ac@group-6911E2D50CC5, cid=419, SUCCESS, logIndex=738, commits[ffc7b071-00b3-4a69-8de5-2639a1a8d8ac:c739]
2019-06-12 16:04:46,232 INFO  client.GrpcClientProtocolClient (GrpcClientProtocolClient.java:onNext(254)) - client-7F7296B99608->ffc7b071-00b3-4a69-8de5-2639a1a8d8ac: receive RaftClientReply:client-7F7296B99608->ffc7b071-00b3-4a69-8de5-2639a1a8d8ac@group-6911E2D50CC5, cid=420, SUCCESS, logIndex=739, commits[ffc7b071-00b3-4a69-8de5-2639a1a8d8ac:c739]
2019-06-12 16:04:46,239 INFO  client.GrpcClientProtocolClient (GrpcClientProtocolClient.java:onNext(254)) - client-7F7296B99608->ffc7b071-00b3-4a69-8de5-2639a1a8d8ac: receive RaftClientReply:client-7F7296B99608->ffc7b071-00b3-4a69-8de5-2639a1a8d8ac@group-6911E2D50CC5, cid=421, SUCCESS, logIndex=742, commits[ffc7b071-00b3-4a69-8de5-2639a1a8d8ac:c742]
2019-06-12 16:04:46,241 INFO  client.GrpcClientProtocolClient (GrpcClientProtocolClient.java:onNext(254)) - client-7F7296B99608->ffc7b071-00b3-4a69-8de5-2639a1a8d8ac: receive RaftClientReply:client-7F7296B99608->ffc7b071-00b3-4a69-8de5-2639a1a8d8ac@group-6911E2D50CC5, cid=422, SUCCESS, logIndex=744, commits[ffc7b071-00b3-4a69-8de5-2639a1a8d8ac:c744]
2019-06-12 16:04:46,242 INFO  client.GrpcClientProtocolClient (GrpcClientProtocolClient.java:onNext(254)) - client-7F7296B99608->ffc7b071-00b3-4a69-8de5-2639a1a8d8ac: receive RaftClientReply:client-7F7296B99608->ffc7b071-00b3-4a69-8de5-2639a1a8d8ac@group-6911E2D50CC5, cid=423, SUCCESS, logIndex=745, commits[ffc7b071-00b3-4a69-8de5-2639a1a8d8ac:c747]
2019-06-12 16:04:46,243 INFO  client.GrpcClientProtocolClient (GrpcClientProtocolClient.java:onNext(254)) - client-7F7296B99608->ffc7b071-00b3-4a69-8de5-2639a1a8d8ac: receive RaftClientReply:client-7F7296B99608->ffc7b071-00b3-4a69-8de5-2639a1a8d8ac@group-6911E2D50CC5, cid=424, SUCCESS, logIndex=746, commits[ffc7b071-00b3-4a69-8de5-2639a1a8d8ac:c747]
2019-06-12 16:04:46,254 INFO  client.GrpcClientProtocolClient (GrpcClientProtocolClient.java:onNext(254)) - client-7F7296B99608->ffc7b071-00b3-4a69-8de5-2639a1a8d8ac: receive RaftClientReply:client-7F7296B99608->ffc7b071-00b3-4a69-8de5-2639a1a8d8ac@group-6911E2D50CC5, cid=425, SUCCESS, logIndex=748, commits[ffc7b071-00b3-4a69-8de5-2639a1a8d8ac:c748]
2019-06-12 16:04:46,259 INFO  client.GrpcClientProtocolClient (GrpcClientProtocolClient.java:onNext(254)) - client-7F7296B99608->ffc7b071-00b3-4a69-8de5-2639a1a8d8ac: receive RaftClientReply:client-7F7296B99608->ffc7b071-00b3-4a69-8de5-2639a1a8d8ac@group-6911E2D50CC5, cid=426, SUCCESS, logIndex=750, commits[ffc7b071-00b3-4a69-8de5-2639a1a8d8ac:c750]
2019-06-12 16:04:46,259 INFO  client.GrpcClientProtocolClient (GrpcClientProtocolClient.java:onNext(254)) - client-7F7296B99608->ffc7b071-00b3-4a69-8de5-2639a1a8d8ac: receive RaftClientReply:client-7F7296B99608->ffc7b071-00b3-4a69-8de5-2639a1a8d8ac@group-6911E2D50CC5, cid=427, SUCCESS, logIndex=751, commits[ffc7b071-00b3-4a69-8de5-2639a1a8d8ac:c752]
2019-06-12 16:04:46,260 INFO  client.GrpcClientProtocolClient (GrpcClientProtocolClient.java:onNext(254)) - client-7F7296B99608->ffc7b071-00b3-4a69-8de5-2639a1a8d8ac: receive RaftClientReply:client-7F7296B99608->ffc7b071-00b3-4a69-8de5-2639a1a8d8ac@group-6911E2D50CC5, cid=428, SUCCESS, logIndex=752, commits[ffc7b071-00b3-4a69-8de5-2639a1a8d8ac:c752]
2019-06-12 16:04:46,263 DEBUG block.SCMBlockDeletingService (SCMBlockDeletingService.java:call(138)) - Running DeletedBlockTransactionScanner
2019-06-12 16:04:46,263 DEBUG block.SCMBlockDeletingService (SCMBlockDeletingService.java:call(155)) - Scanned deleted blocks log and got 0 delTX to process.
2019-06-12 16:04:46,268 INFO  storage.RaftLogWorker (RaftLogWorker.java:rollLogSegment(303)) - ffc7b071-00b3-4a69-8de5-2639a1a8d8ac-RaftLogWorker: Rolling segment log-684_756 to index:756
2019-06-12 16:04:46,268 INFO  storage.RaftLogWorker (RaftLogWorker.java:execute(433)) - ffc7b071-00b3-4a69-8de5-2639a1a8d8ac-RaftLogWorker: Rolled log segment from /opt/src/hadoop-ozone/integration-test/target/test-dir/MiniOzoneClusterImpl-a1c7246e-c692-4524-ad55-32b507b20431/datanode-0/data/ratis/4417d833-4fb6-4fa2-9413-6911e2d50cc5/current/log_inprogress_684 to /opt/src/hadoop-ozone/integration-test/target/test-dir/MiniOzoneClusterImpl-a1c7246e-c692-4524-ad55-32b507b20431/datanode-0/data/ratis/4417d833-4fb6-4fa2-9413-6911e2d50cc5/current/log_684-756
2019-06-12 16:04:46,269 INFO  client.GrpcClientProtocolClient (GrpcClientProtocolClient.java:onNext(254)) - client-7F7296B99608->ffc7b071-00b3-4a69-8de5-2639a1a8d8ac: receive RaftClientReply:client-7F7296B99608->ffc7b071-00b3-4a69-8de5-2639a1a8d8ac@group-6911E2D50CC5, cid=429, SUCCESS, logIndex=755, commits[ffc7b071-00b3-4a69-8de5-2639a1a8d8ac:c755]
2019-06-12 16:04:46,303 INFO  storage.RaftLogWorker (RaftLogWorker.java:execute(469)) - ffc7b071-00b3-4a69-8de5-2639a1a8d8ac-RaftLogWorker: created new log segment /opt/src/hadoop-ozone/integration-test/target/test-dir/MiniOzoneClusterImpl-a1c7246e-c692-4524-ad55-32b507b20431/datanode-0/data/ratis/4417d833-4fb6-4fa2-9413-6911e2d50cc5/current/log_inprogress_757
2019-06-12 16:04:46,306 INFO  client.GrpcClientProtocolClient (GrpcClientProtocolClient.java:onNext(254)) - client-7F7296B99608->ffc7b071-00b3-4a69-8de5-2639a1a8d8ac: receive RaftClientReply:client-7F7296B99608->ffc7b071-00b3-4a69-8de5-2639a1a8d8ac@group-6911E2D50CC5, cid=430, SUCCESS, logIndex=757, commits[ffc7b071-00b3-4a69-8de5-2639a1a8d8ac:c757]
2019-06-12 16:04:46,309 INFO  client.GrpcClientProtocolClient (GrpcClientProtocolClient.java:onNext(254)) - client-7F7296B99608->ffc7b071-00b3-4a69-8de5-2639a1a8d8ac: receive RaftClientReply:client-7F7296B99608->ffc7b071-00b3-4a69-8de5-2639a1a8d8ac@group-6911E2D50CC5, cid=431, SUCCESS, logIndex=759, commits[ffc7b071-00b3-4a69-8de5-2639a1a8d8ac:c760]
2019-06-12 16:04:46,310 INFO  client.GrpcClientProtocolClient (GrpcClientProtocolClient.java:onNext(254)) - client-7F7296B99608->ffc7b071-00b3-4a69-8de5-2639a1a8d8ac: receive RaftClientReply:client-7F7296B99608->ffc7b071-00b3-4a69-8de5-2639a1a8d8ac@group-6911E2D50CC5, cid=432, SUCCESS, logIndex=760, commits[ffc7b071-00b3-4a69-8de5-2639a1a8d8ac:c761]
2019-06-12 16:04:46,321 INFO  client.GrpcClientProtocolClient (GrpcClientProtocolClient.java:onNext(254)) - client-7F7296B99608->ffc7b071-00b3-4a69-8de5-2639a1a8d8ac: receive RaftClientReply:client-7F7296B99608->ffc7b071-00b3-4a69-8de5-2639a1a8d8ac@group-6911E2D50CC5, cid=433, SUCCESS, logIndex=762, commits[ffc7b071-00b3-4a69-8de5-2639a1a8d8ac:c762]
2019-06-12 16:04:46,323 INFO  client.GrpcClientProtocolClient (GrpcClientProtocolClient.java:onNext(254)) - client-7F7296B99608->ffc7b071-00b3-4a69-8de5-2639a1a8d8ac: receive RaftClientReply:client-7F7296B99608->ffc7b071-00b3-4a69-8de5-2639a1a8d8ac@group-6911E2D50CC5, cid=434, SUCCESS, logIndex=764, commits[ffc7b071-00b3-4a69-8de5-2639a1a8d8ac:c764]
2019-06-12 16:04:46,326 INFO  client.GrpcClientProtocolClient (GrpcClientProtocolClient.java:onNext(254)) - client-7F7296B99608->ffc7b071-00b3-4a69-8de5-2639a1a8d8ac: receive RaftClientReply:client-7F7296B99608->ffc7b071-00b3-4a69-8de5-2639a1a8d8ac@group-6911E2D50CC5, cid=435, SUCCESS, logIndex=766, commits[ffc7b071-00b3-4a69-8de5-2639a1a8d8ac:c766]
2019-06-12 16:04:46,327 INFO  client.GrpcClientProtocolClient (GrpcClientProtocolClient.java:onNext(254)) - client-7F7296B99608->ffc7b071-00b3-4a69-8de5-2639a1a8d8ac: receive RaftClientReply:client-7F7296B99608->ffc7b071-00b3-4a69-8de5-2639a1a8d8ac@group-6911E2D50CC5, cid=436, SUCCESS, logIndex=767, commits[ffc7b071-00b3-4a69-8de5-2639a1a8d8ac:c767]
2019-06-12 16:04:46,333 INFO  client.GrpcClientProtocolClient (GrpcClientProtocolClient.java:onNext(254)) - client-7F7296B99608->ffc7b071-00b3-4a69-8de5-2639a1a8d8ac: receive RaftClientReply:client-7F7296B99608->ffc7b071-00b3-4a69-8de5-2639a1a8d8ac@group-6911E2D50CC5, cid=437, SUCCESS, logIndex=770, commits[ffc7b071-00b3-4a69-8de5-2639a1a8d8ac:c770]
2019-06-12 16:04:46,339 INFO  client.GrpcClientProtocolClient (GrpcClientProtocolClient.java:onNext(254)) - client-7F7296B99608->ffc7b071-00b3-4a69-8de5-2639a1a8d8ac: receive RaftClientReply:client-7F7296B99608->ffc7b071-00b3-4a69-8de5-2639a1a8d8ac@group-6911E2D50CC5, cid=438, SUCCESS, logIndex=772, commits[ffc7b071-00b3-4a69-8de5-2639a1a8d8ac:c772]
2019-06-12 16:04:46,339 INFO  client.GrpcClientProtocolClient (GrpcClientProtocolClient.java:onNext(254)) - client-7F7296B99608->ffc7b071-00b3-4a69-8de5-2639a1a8d8ac: receive RaftClientReply:client-7F7296B99608->ffc7b071-00b3-4a69-8de5-2639a1a8d8ac@group-6911E2D50CC5, cid=439, SUCCESS, logIndex=773, commits[ffc7b071-00b3-4a69-8de5-2639a1a8d8ac:c775]
2019-06-12 16:04:46,340 INFO  client.GrpcClientProtocolClient (GrpcClientProtocolClient.java:onNext(254)) - client-7F7296B99608->ffc7b071-00b3-4a69-8de5-2639a1a8d8ac: receive RaftClientReply:client-7F7296B99608->ffc7b071-00b3-4a69-8de5-2639a1a8d8ac@group-6911E2D50CC5, cid=440, SUCCESS, logIndex=774, commits[ffc7b071-00b3-4a69-8de5-2639a1a8d8ac:c775]
2019-06-12 16:04:46,350 INFO  client.GrpcClientProtocolClient (GrpcClientProtocolClient.java:onNext(254)) - client-7F7296B99608->ffc7b071-00b3-4a69-8de5-2639a1a8d8ac: receive RaftClientReply:client-7F7296B99608->ffc7b071-00b3-4a69-8de5-2639a1a8d8ac@group-6911E2D50CC5, cid=441, SUCCESS, logIndex=776, commits[ffc7b071-00b3-4a69-8de5-2639a1a8d8ac:c776]
2019-06-12 16:04:46,352 INFO  client.GrpcClientProtocolClient (GrpcClientProtocolClient.java:onNext(254)) - client-7F7296B99608->ffc7b071-00b3-4a69-8de5-2639a1a8d8ac: receive RaftClientReply:client-7F7296B99608->ffc7b071-00b3-4a69-8de5-2639a1a8d8ac@group-6911E2D50CC5, cid=442, SUCCESS, logIndex=778, commits[ffc7b071-00b3-4a69-8de5-2639a1a8d8ac:c778]
2019-06-12 16:04:46,364 DEBUG block.SCMBlockDeletingService (SCMBlockDeletingService.java:call(138)) - Running DeletedBlockTransactionScanner
2019-06-12 16:04:46,364 DEBUG block.SCMBlockDeletingService (SCMBlockDeletingService.java:call(155)) - Scanned deleted blocks log and got 0 delTX to process.
2019-06-12 16:04:46,421 INFO  client.GrpcClientProtocolClient (GrpcClientProtocolClient.java:onNext(254)) - client-7F7296B99608->ffc7b071-00b3-4a69-8de5-2639a1a8d8ac: receive RaftClientReply:client-7F7296B99608->ffc7b071-00b3-4a69-8de5-2639a1a8d8ac@group-6911E2D50CC5, cid=443, SUCCESS, logIndex=780, commits[ffc7b071-00b3-4a69-8de5-2639a1a8d8ac:c780]
2019-06-12 16:04:46,423 INFO  client.GrpcClientProtocolClient (GrpcClientProtocolClient.java:onNext(254)) - client-7F7296B99608->ffc7b071-00b3-4a69-8de5-2639a1a8d8ac: receive RaftClientReply:client-7F7296B99608->ffc7b071-00b3-4a69-8de5-2639a1a8d8ac@group-6911E2D50CC5, cid=444, SUCCESS, logIndex=782, commits[ffc7b071-00b3-4a69-8de5-2639a1a8d8ac:c782]
2019-06-12 16:04:46,429 INFO  client.GrpcClientProtocolClient (GrpcClientProtocolClient.java:onNext(254)) - client-7F7296B99608->ffc7b071-00b3-4a69-8de5-2639a1a8d8ac: receive RaftClientReply:client-7F7296B99608->ffc7b071-00b3-4a69-8de5-2639a1a8d8ac@group-6911E2D50CC5, cid=445, SUCCESS, logIndex=784, commits[ffc7b071-00b3-4a69-8de5-2639a1a8d8ac:c784]
2019-06-12 16:04:46,431 INFO  client.GrpcClientProtocolClient (GrpcClientProtocolClient.java:onNext(254)) - client-7F7296B99608->ffc7b071-00b3-4a69-8de5-2639a1a8d8ac: receive RaftClientReply:client-7F7296B99608->ffc7b071-00b3-4a69-8de5-2639a1a8d8ac@group-6911E2D50CC5, cid=446, SUCCESS, logIndex=786, commits[ffc7b071-00b3-4a69-8de5-2639a1a8d8ac:c786]
2019-06-12 16:04:46,435 INFO  client.GrpcClientProtocolClient (GrpcClientProtocolClient.java:onNext(254)) - client-7F7296B99608->ffc7b071-00b3-4a69-8de5-2639a1a8d8ac: receive RaftClientReply:client-7F7296B99608->ffc7b071-00b3-4a69-8de5-2639a1a8d8ac@group-6911E2D50CC5, cid=447, SUCCESS, logIndex=788, commits[ffc7b071-00b3-4a69-8de5-2639a1a8d8ac:c788]
2019-06-12 16:04:46,436 INFO  client.GrpcClientProtocolClient (GrpcClientProtocolClient.java:onNext(254)) - client-7F7296B99608->ffc7b071-00b3-4a69-8de5-2639a1a8d8ac: receive RaftClientReply:client-7F7296B99608->ffc7b071-00b3-4a69-8de5-2639a1a8d8ac@group-6911E2D50CC5, cid=448, SUCCESS, logIndex=789, commits[ffc7b071-00b3-4a69-8de5-2639a1a8d8ac:c789]
2019-06-12 16:04:46,447 INFO  client.GrpcClientProtocolClient (GrpcClientProtocolClient.java:onNext(254)) - client-7F7296B99608->ffc7b071-00b3-4a69-8de5-2639a1a8d8ac: receive RaftClientReply:client-7F7296B99608->ffc7b071-00b3-4a69-8de5-2639a1a8d8ac@group-6911E2D50CC5, cid=449, SUCCESS, logIndex=792, commits[ffc7b071-00b3-4a69-8de5-2639a1a8d8ac:c792]
2019-06-12 16:04:46,452 INFO  client.GrpcClientProtocolClient (GrpcClientProtocolClient.java:onNext(254)) - client-7F7296B99608->ffc7b071-00b3-4a69-8de5-2639a1a8d8ac: receive RaftClientReply:client-7F7296B99608->ffc7b071-00b3-4a69-8de5-2639a1a8d8ac@group-6911E2D50CC5, cid=450, SUCCESS, logIndex=794, commits[ffc7b071-00b3-4a69-8de5-2639a1a8d8ac:c794]
2019-06-12 16:04:46,453 INFO  client.GrpcClientProtocolClient (GrpcClientProtocolClient.java:onNext(254)) - client-7F7296B99608->ffc7b071-00b3-4a69-8de5-2639a1a8d8ac: receive RaftClientReply:client-7F7296B99608->ffc7b071-00b3-4a69-8de5-2639a1a8d8ac@group-6911E2D50CC5, cid=451, SUCCESS, logIndex=795, commits[ffc7b071-00b3-4a69-8de5-2639a1a8d8ac:c797]
2019-06-12 16:04:46,453 INFO  client.GrpcClientProtocolClient (GrpcClientProtocolClient.java:onNext(254)) - client-7F7296B99608->ffc7b071-00b3-4a69-8de5-2639a1a8d8ac: receive RaftClientReply:client-7F7296B99608->ffc7b071-00b3-4a69-8de5-2639a1a8d8ac@group-6911E2D50CC5, cid=452, SUCCESS, logIndex=796, commits[ffc7b071-00b3-4a69-8de5-2639a1a8d8ac:c797]
2019-06-12 16:04:46,460 INFO  client.GrpcClientProtocolClient (GrpcClientProtocolClient.java:onNext(254)) - client-7F7296B99608->ffc7b071-00b3-4a69-8de5-2639a1a8d8ac: receive RaftClientReply:client-7F7296B99608->ffc7b071-00b3-4a69-8de5-2639a1a8d8ac@group-6911E2D50CC5, cid=453, SUCCESS, logIndex=798, commits[ffc7b071-00b3-4a69-8de5-2639a1a8d8ac:c798]
2019-06-12 16:04:46,462 INFO  client.GrpcClientProtocolClient (GrpcClientProtocolClient.java:onNext(254)) - client-7F7296B99608->ffc7b071-00b3-4a69-8de5-2639a1a8d8ac: receive RaftClientReply:client-7F7296B99608->ffc7b071-00b3-4a69-8de5-2639a1a8d8ac@group-6911E2D50CC5, cid=454, SUCCESS, logIndex=800, commits[ffc7b071-00b3-4a69-8de5-2639a1a8d8ac:c800]
2019-06-12 16:04:46,463 INFO  client.GrpcClientProtocolClient (GrpcClientProtocolClient.java:onNext(254)) - client-7F7296B99608->ffc7b071-00b3-4a69-8de5-2639a1a8d8ac: receive RaftClientReply:client-7F7296B99608->ffc7b071-00b3-4a69-8de5-2639a1a8d8ac@group-6911E2D50CC5, cid=455, SUCCESS, logIndex=801, commits[ffc7b071-00b3-4a69-8de5-2639a1a8d8ac:c801]
2019-06-12 16:04:46,464 DEBUG block.SCMBlockDeletingService (SCMBlockDeletingService.java:call(138)) - Running DeletedBlockTransactionScanner
2019-06-12 16:04:46,464 INFO  client.GrpcClientProtocolClient (GrpcClientProtocolClient.java:onNext(254)) - client-7F7296B99608->ffc7b071-00b3-4a69-8de5-2639a1a8d8ac: receive RaftClientReply:client-7F7296B99608->ffc7b071-00b3-4a69-8de5-2639a1a8d8ac@group-6911E2D50CC5, cid=456, SUCCESS, logIndex=804, commits[ffc7b071-00b3-4a69-8de5-2639a1a8d8ac:c804]
2019-06-12 16:04:46,464 DEBUG block.SCMBlockDeletingService (SCMBlockDeletingService.java:call(155)) - Scanned deleted blocks log and got 0 delTX to process.
2019-06-12 16:04:46,474 INFO  client.GrpcClientProtocolClient (GrpcClientProtocolClient.java:onNext(254)) - client-7F7296B99608->ffc7b071-00b3-4a69-8de5-2639a1a8d8ac: receive RaftClientReply:client-7F7296B99608->ffc7b071-00b3-4a69-8de5-2639a1a8d8ac@group-6911E2D50CC5, cid=457, SUCCESS, logIndex=806, commits[ffc7b071-00b3-4a69-8de5-2639a1a8d8ac:c806]
2019-06-12 16:04:46,476 INFO  client.GrpcClientProtocolClient (GrpcClientProtocolClient.java:onNext(254)) - client-7F7296B99608->ffc7b071-00b3-4a69-8de5-2639a1a8d8ac: receive RaftClientReply:client-7F7296B99608->ffc7b071-00b3-4a69-8de5-2639a1a8d8ac@group-6911E2D50CC5, cid=458, SUCCESS, logIndex=808, commits[ffc7b071-00b3-4a69-8de5-2639a1a8d8ac:c808]
2019-06-12 16:04:46,478 INFO  client.GrpcClientProtocolClient (GrpcClientProtocolClient.java:onNext(254)) - client-7F7296B99608->ffc7b071-00b3-4a69-8de5-2639a1a8d8ac: receive RaftClientReply:client-7F7296B99608->ffc7b071-00b3-4a69-8de5-2639a1a8d8ac@group-6911E2D50CC5, cid=459, SUCCESS, logIndex=810, commits[ffc7b071-00b3-4a69-8de5-2639a1a8d8ac:c811]
2019-06-12 16:04:46,479 INFO  client.GrpcClientProtocolClient (GrpcClientProtocolClient.java:onNext(254)) - client-7F7296B99608->ffc7b071-00b3-4a69-8de5-2639a1a8d8ac: receive RaftClientReply:client-7F7296B99608->ffc7b071-00b3-4a69-8de5-2639a1a8d8ac@group-6911E2D50CC5, cid=460, SUCCESS, logIndex=811, commits[ffc7b071-00b3-4a69-8de5-2639a1a8d8ac:c811]
2019-06-12 16:04:46,485 INFO  client.GrpcClientProtocolClient (GrpcClientProtocolClient.java:onNext(254)) - client-7F7296B99608->ffc7b071-00b3-4a69-8de5-2639a1a8d8ac: receive RaftClientReply:client-7F7296B99608->ffc7b071-00b3-4a69-8de5-2639a1a8d8ac@group-6911E2D50CC5, cid=461, SUCCESS, logIndex=813, commits[ffc7b071-00b3-4a69-8de5-2639a1a8d8ac:c813]
2019-06-12 16:04:46,488 INFO  client.GrpcClientProtocolClient (GrpcClientProtocolClient.java:onNext(254)) - client-7F7296B99608->ffc7b071-00b3-4a69-8de5-2639a1a8d8ac: receive RaftClientReply:client-7F7296B99608->ffc7b071-00b3-4a69-8de5-2639a1a8d8ac@group-6911E2D50CC5, cid=462, SUCCESS, logIndex=815, commits[ffc7b071-00b3-4a69-8de5-2639a1a8d8ac:c815]
2019-06-12 16:04:46,489 INFO  client.GrpcClientProtocolClient (GrpcClientProtocolClient.java:onNext(254)) - client-7F7296B99608->ffc7b071-00b3-4a69-8de5-2639a1a8d8ac: receive RaftClientReply:client-7F7296B99608->ffc7b071-00b3-4a69-8de5-2639a1a8d8ac@group-6911E2D50CC5, cid=463, SUCCESS, logIndex=816, commits[ffc7b071-00b3-4a69-8de5-2639a1a8d8ac:c817]
2019-06-12 16:04:46,489 INFO  client.GrpcClientProtocolClient (GrpcClientProtocolClient.java:onNext(254)) - client-7F7296B99608->ffc7b071-00b3-4a69-8de5-2639a1a8d8ac: receive RaftClientReply:client-7F7296B99608->ffc7b071-00b3-4a69-8de5-2639a1a8d8ac@group-6911E2D50CC5, cid=464, SUCCESS, logIndex=817, commits[ffc7b071-00b3-4a69-8de5-2639a1a8d8ac:c819]
2019-06-12 16:04:46,499 INFO  client.GrpcClientProtocolClient (GrpcClientProtocolClient.java:onNext(254)) - client-7F7296B99608->ffc7b071-00b3-4a69-8de5-2639a1a8d8ac: receive RaftClientReply:client-7F7296B99608->ffc7b071-00b3-4a69-8de5-2639a1a8d8ac@group-6911E2D50CC5, cid=465, SUCCESS, logIndex=820, commits[ffc7b071-00b3-4a69-8de5-2639a1a8d8ac:c820]
2019-06-12 16:04:46,502 INFO  client.GrpcClientProtocolClient (GrpcClientProtocolClient.java:onNext(254)) - client-7F7296B99608->ffc7b071-00b3-4a69-8de5-2639a1a8d8ac: receive RaftClientReply:client-7F7296B99608->ffc7b071-00b3-4a69-8de5-2639a1a8d8ac@group-6911E2D50CC5, cid=466, SUCCESS, logIndex=822, commits[ffc7b071-00b3-4a69-8de5-2639a1a8d8ac:c822]
2019-06-12 16:04:46,502 INFO  client.GrpcClientProtocolClient (GrpcClientProtocolClient.java:onNext(254)) - client-7F7296B99608->ffc7b071-00b3-4a69-8de5-2639a1a8d8ac: receive RaftClientReply:client-7F7296B99608->ffc7b071-00b3-4a69-8de5-2639a1a8d8ac@group-6911E2D50CC5, cid=467, SUCCESS, logIndex=823, commits[ffc7b071-00b3-4a69-8de5-2639a1a8d8ac:c825]
2019-06-12 16:04:46,503 INFO  client.GrpcClientProtocolClient (GrpcClientProtocolClient.java:onNext(254)) - client-7F7296B99608->ffc7b071-00b3-4a69-8de5-2639a1a8d8ac: receive RaftClientReply:client-7F7296B99608->ffc7b071-00b3-4a69-8de5-2639a1a8d8ac@group-6911E2D50CC5, cid=468, SUCCESS, logIndex=825, commits[ffc7b071-00b3-4a69-8de5-2639a1a8d8ac:c825]
2019-06-12 16:04:46,510 INFO  client.GrpcClientProtocolClient (GrpcClientProtocolClient.java:onNext(254)) - client-7F7296B99608->ffc7b071-00b3-4a69-8de5-2639a1a8d8ac: receive RaftClientReply:client-7F7296B99608->ffc7b071-00b3-4a69-8de5-2639a1a8d8ac@group-6911E2D50CC5, cid=469, SUCCESS, logIndex=827, commits[ffc7b071-00b3-4a69-8de5-2639a1a8d8ac:c827]
2019-06-12 16:04:46,512 INFO  client.GrpcClientProtocolClient (GrpcClientProtocolClient.java:onNext(254)) - client-7F7296B99608->ffc7b071-00b3-4a69-8de5-2639a1a8d8ac: receive RaftClientReply:client-7F7296B99608->ffc7b071-00b3-4a69-8de5-2639a1a8d8ac@group-6911E2D50CC5, cid=470, SUCCESS, logIndex=829, commits[ffc7b071-00b3-4a69-8de5-2639a1a8d8ac:c829]
2019-06-12 16:04:46,512 INFO  storage.RaftLogWorker (RaftLogWorker.java:rollLogSegment(303)) - ffc7b071-00b3-4a69-8de5-2639a1a8d8ac-RaftLogWorker: Rolling segment log-757_831 to index:831
2019-06-12 16:04:46,513 INFO  storage.RaftLogWorker (RaftLogWorker.java:execute(433)) - ffc7b071-00b3-4a69-8de5-2639a1a8d8ac-RaftLogWorker: Rolled log segment from /opt/src/hadoop-ozone/integration-test/target/test-dir/MiniOzoneClusterImpl-a1c7246e-c692-4524-ad55-32b507b20431/datanode-0/data/ratis/4417d833-4fb6-4fa2-9413-6911e2d50cc5/current/log_inprogress_757 to /opt/src/hadoop-ozone/integration-test/target/test-dir/MiniOzoneClusterImpl-a1c7246e-c692-4524-ad55-32b507b20431/datanode-0/data/ratis/4417d833-4fb6-4fa2-9413-6911e2d50cc5/current/log_757-831
2019-06-12 16:04:46,515 INFO  client.GrpcClientProtocolClient (GrpcClientProtocolClient.java:onNext(254)) - client-7F7296B99608->ffc7b071-00b3-4a69-8de5-2639a1a8d8ac: receive RaftClientReply:client-7F7296B99608->ffc7b071-00b3-4a69-8de5-2639a1a8d8ac@group-6911E2D50CC5, cid=471, SUCCESS, logIndex=831, commits[ffc7b071-00b3-4a69-8de5-2639a1a8d8ac:c831]
2019-06-12 16:04:46,548 INFO  storage.RaftLogWorker (RaftLogWorker.java:execute(469)) - ffc7b071-00b3-4a69-8de5-2639a1a8d8ac-RaftLogWorker: created new log segment /opt/src/hadoop-ozone/integration-test/target/test-dir/MiniOzoneClusterImpl-a1c7246e-c692-4524-ad55-32b507b20431/datanode-0/data/ratis/4417d833-4fb6-4fa2-9413-6911e2d50cc5/current/log_inprogress_832
2019-06-12 16:04:46,551 INFO  client.GrpcClientProtocolClient (GrpcClientProtocolClient.java:onNext(254)) - client-7F7296B99608->ffc7b071-00b3-4a69-8de5-2639a1a8d8ac: receive RaftClientReply:client-7F7296B99608->ffc7b071-00b3-4a69-8de5-2639a1a8d8ac@group-6911E2D50CC5, cid=472, SUCCESS, logIndex=832, commits[ffc7b071-00b3-4a69-8de5-2639a1a8d8ac:c833]
2019-06-12 16:04:46,565 DEBUG block.SCMBlockDeletingService (SCMBlockDeletingService.java:call(138)) - Running DeletedBlockTransactionScanner
2019-06-12 16:04:46,565 DEBUG block.SCMBlockDeletingService (SCMBlockDeletingService.java:call(155)) - Scanned deleted blocks log and got 0 delTX to process.
2019-06-12 16:04:46,567 INFO  client.GrpcClientProtocolClient (GrpcClientProtocolClient.java:onNext(254)) - client-7F7296B99608->ffc7b071-00b3-4a69-8de5-2639a1a8d8ac: receive RaftClientReply:client-7F7296B99608->ffc7b071-00b3-4a69-8de5-2639a1a8d8ac@group-6911E2D50CC5, cid=473, SUCCESS, logIndex=834, commits[ffc7b071-00b3-4a69-8de5-2639a1a8d8ac:c834]
2019-06-12 16:04:46,570 INFO  client.GrpcClientProtocolClient (GrpcClientProtocolClient.java:onNext(254)) - client-7F7296B99608->ffc7b071-00b3-4a69-8de5-2639a1a8d8ac: receive RaftClientReply:client-7F7296B99608->ffc7b071-00b3-4a69-8de5-2639a1a8d8ac@group-6911E2D50CC5, cid=474, SUCCESS, logIndex=836, commits[ffc7b071-00b3-4a69-8de5-2639a1a8d8ac:c836]
2019-06-12 16:04:46,573 INFO  client.GrpcClientProtocolClient (GrpcClientProtocolClient.java:onNext(254)) - client-7F7296B99608->ffc7b071-00b3-4a69-8de5-2639a1a8d8ac: receive RaftClientReply:client-7F7296B99608->ffc7b071-00b3-4a69-8de5-2639a1a8d8ac@group-6911E2D50CC5, cid=475, SUCCESS, logIndex=838, commits[ffc7b071-00b3-4a69-8de5-2639a1a8d8ac:c839]
2019-06-12 16:04:46,574 INFO  client.GrpcClientProtocolClient (GrpcClientProtocolClient.java:onNext(254)) - client-7F7296B99608->ffc7b071-00b3-4a69-8de5-2639a1a8d8ac: receive RaftClientReply:client-7F7296B99608->ffc7b071-00b3-4a69-8de5-2639a1a8d8ac@group-6911E2D50CC5, cid=476, SUCCESS, logIndex=839, commits[ffc7b071-00b3-4a69-8de5-2639a1a8d8ac:c839]
2019-06-12 16:04:46,583 INFO  client.GrpcClientProtocolClient (GrpcClientProtocolClient.java:onNext(254)) - client-7F7296B99608->ffc7b071-00b3-4a69-8de5-2639a1a8d8ac: receive RaftClientReply:client-7F7296B99608->ffc7b071-00b3-4a69-8de5-2639a1a8d8ac@group-6911E2D50CC5, cid=477, SUCCESS, logIndex=841, commits[ffc7b071-00b3-4a69-8de5-2639a1a8d8ac:c841]
2019-06-12 16:04:46,586 INFO  client.GrpcClientProtocolClient (GrpcClientProtocolClient.java:onNext(254)) - client-7F7296B99608->ffc7b071-00b3-4a69-8de5-2639a1a8d8ac: receive RaftClientReply:client-7F7296B99608->ffc7b071-00b3-4a69-8de5-2639a1a8d8ac@group-6911E2D50CC5, cid=478, SUCCESS, logIndex=843, commits[ffc7b071-00b3-4a69-8de5-2639a1a8d8ac:c843]
2019-06-12 16:04:46,591 INFO  client.GrpcClientProtocolClient (GrpcClientProtocolClient.java:onNext(254)) - client-7F7296B99608->ffc7b071-00b3-4a69-8de5-2639a1a8d8ac: receive RaftClientReply:client-7F7296B99608->ffc7b071-00b3-4a69-8de5-2639a1a8d8ac@group-6911E2D50CC5, cid=479, SUCCESS, logIndex=845, commits[ffc7b071-00b3-4a69-8de5-2639a1a8d8ac:c845]
2019-06-12 16:04:46,591 INFO  client.GrpcClientProtocolClient (GrpcClientProtocolClient.java:onNext(254)) - client-7F7296B99608->ffc7b071-00b3-4a69-8de5-2639a1a8d8ac: receive RaftClientReply:client-7F7296B99608->ffc7b071-00b3-4a69-8de5-2639a1a8d8ac@group-6911E2D50CC5, cid=480, SUCCESS, logIndex=846, commits[ffc7b071-00b3-4a69-8de5-2639a1a8d8ac:c848]
2019-06-12 16:04:46,661 INFO  client.GrpcClientProtocolClient (GrpcClientProtocolClient.java:onNext(254)) - client-7F7296B99608->ffc7b071-00b3-4a69-8de5-2639a1a8d8ac: receive RaftClientReply:client-7F7296B99608->ffc7b071-00b3-4a69-8de5-2639a1a8d8ac@group-6911E2D50CC5, cid=481, SUCCESS, logIndex=849, commits[ffc7b071-00b3-4a69-8de5-2639a1a8d8ac:c849]
2019-06-12 16:04:46,663 INFO  client.GrpcClientProtocolClient (GrpcClientProtocolClient.java:onNext(254)) - client-7F7296B99608->ffc7b071-00b3-4a69-8de5-2639a1a8d8ac: receive RaftClientReply:client-7F7296B99608->ffc7b071-00b3-4a69-8de5-2639a1a8d8ac@group-6911E2D50CC5, cid=482, SUCCESS, logIndex=851, commits[ffc7b071-00b3-4a69-8de5-2639a1a8d8ac:c851]
2019-06-12 16:04:46,665 INFO  client.GrpcClientProtocolClient (GrpcClientProtocolClient.java:onNext(254)) - client-7F7296B99608->ffc7b071-00b3-4a69-8de5-2639a1a8d8ac: receive RaftClientReply:client-7F7296B99608->ffc7b071-00b3-4a69-8de5-2639a1a8d8ac@group-6911E2D50CC5, cid=483, SUCCESS, logIndex=852, commits[ffc7b071-00b3-4a69-8de5-2639a1a8d8ac:c854]
2019-06-12 16:04:46,665 DEBUG block.SCMBlockDeletingService (SCMBlockDeletingService.java:call(138)) - Running DeletedBlockTransactionScanner
2019-06-12 16:04:46,665 DEBUG block.SCMBlockDeletingService (SCMBlockDeletingService.java:call(155)) - Scanned deleted blocks log and got 0 delTX to process.
2019-06-12 16:04:46,665 INFO  client.GrpcClientProtocolClient (GrpcClientProtocolClient.java:onNext(254)) - client-7F7296B99608->ffc7b071-00b3-4a69-8de5-2639a1a8d8ac: receive RaftClientReply:client-7F7296B99608->ffc7b071-00b3-4a69-8de5-2639a1a8d8ac@group-6911E2D50CC5, cid=484, SUCCESS, logIndex=853, commits[ffc7b071-00b3-4a69-8de5-2639a1a8d8ac:c854]
2019-06-12 16:04:46,675 INFO  client.GrpcClientProtocolClient (GrpcClientProtocolClient.java:onNext(254)) - client-7F7296B99608->ffc7b071-00b3-4a69-8de5-2639a1a8d8ac: receive RaftClientReply:client-7F7296B99608->ffc7b071-00b3-4a69-8de5-2639a1a8d8ac@group-6911E2D50CC5, cid=485, SUCCESS, logIndex=855, commits[ffc7b071-00b3-4a69-8de5-2639a1a8d8ac:c855]
2019-06-12 16:04:46,677 INFO  client.GrpcClientProtocolClient (GrpcClientProtocolClient.java:onNext(254)) - client-7F7296B99608->ffc7b071-00b3-4a69-8de5-2639a1a8d8ac: receive RaftClientReply:client-7F7296B99608->ffc7b071-00b3-4a69-8de5-2639a1a8d8ac@group-6911E2D50CC5, cid=486, SUCCESS, logIndex=857, commits[ffc7b071-00b3-4a69-8de5-2639a1a8d8ac:c857]
2019-06-12 16:04:46,743 INFO  client.GrpcClientProtocolClient (GrpcClientProtocolClient.java:onNext(254)) - client-7F7296B99608->ffc7b071-00b3-4a69-8de5-2639a1a8d8ac: receive RaftClientReply:client-7F7296B99608->ffc7b071-00b3-4a69-8de5-2639a1a8d8ac@group-6911E2D50CC5, cid=487, SUCCESS, logIndex=859, commits[ffc7b071-00b3-4a69-8de5-2639a1a8d8ac:c859]
2019-06-12 16:04:46,745 INFO  client.GrpcClientProtocolClient (GrpcClientProtocolClient.java:onNext(254)) - client-7F7296B99608->ffc7b071-00b3-4a69-8de5-2639a1a8d8ac: receive RaftClientReply:client-7F7296B99608->ffc7b071-00b3-4a69-8de5-2639a1a8d8ac@group-6911E2D50CC5, cid=488, SUCCESS, logIndex=861, commits[ffc7b071-00b3-4a69-8de5-2639a1a8d8ac:c861]
2019-06-12 16:04:46,765 DEBUG block.SCMBlockDeletingService (SCMBlockDeletingService.java:call(138)) - Running DeletedBlockTransactionScanner
2019-06-12 16:04:46,766 DEBUG block.SCMBlockDeletingService (SCMBlockDeletingService.java:call(155)) - Scanned deleted blocks log and got 0 delTX to process.
2019-06-12 16:04:46,773 INFO  client.GrpcClientProtocolClient (GrpcClientProtocolClient.java:onNext(254)) - client-7F7296B99608->ffc7b071-00b3-4a69-8de5-2639a1a8d8ac: receive RaftClientReply:client-7F7296B99608->ffc7b071-00b3-4a69-8de5-2639a1a8d8ac@group-6911E2D50CC5, cid=489, SUCCESS, logIndex=863, commits[ffc7b071-00b3-4a69-8de5-2639a1a8d8ac:c863]
2019-06-12 16:04:46,773 INFO  client.GrpcClientProtocolClient (GrpcClientProtocolClient.java:onNext(254)) - client-7F7296B99608->ffc7b071-00b3-4a69-8de5-2639a1a8d8ac: receive RaftClientReply:client-7F7296B99608->ffc7b071-00b3-4a69-8de5-2639a1a8d8ac@group-6911E2D50CC5, cid=490, SUCCESS, logIndex=865, commits[ffc7b071-00b3-4a69-8de5-2639a1a8d8ac:c865]
2019-06-12 16:04:46,775 INFO  client.GrpcClientProtocolClient (GrpcClientProtocolClient.java:onNext(254)) - client-7F7296B99608->ffc7b071-00b3-4a69-8de5-2639a1a8d8ac: receive RaftClientReply:client-7F7296B99608->ffc7b071-00b3-4a69-8de5-2639a1a8d8ac@group-6911E2D50CC5, cid=491, SUCCESS, logIndex=867, commits[ffc7b071-00b3-4a69-8de5-2639a1a8d8ac:c867]
2019-06-12 16:04:46,776 INFO  client.GrpcClientProtocolClient (GrpcClientProtocolClient.java:onNext(254)) - client-7F7296B99608->ffc7b071-00b3-4a69-8de5-2639a1a8d8ac: receive RaftClientReply:client-7F7296B99608->ffc7b071-00b3-4a69-8de5-2639a1a8d8ac@group-6911E2D50CC5, cid=492, SUCCESS, logIndex=869, commits[ffc7b071-00b3-4a69-8de5-2639a1a8d8ac:c869]
2019-06-12 16:04:46,784 INFO  client.GrpcClientProtocolClient (GrpcClientProtocolClient.java:onNext(254)) - client-7F7296B99608->ffc7b071-00b3-4a69-8de5-2639a1a8d8ac: receive RaftClientReply:client-7F7296B99608->ffc7b071-00b3-4a69-8de5-2639a1a8d8ac@group-6911E2D50CC5, cid=493, SUCCESS, logIndex=871, commits[ffc7b071-00b3-4a69-8de5-2639a1a8d8ac:c871]
2019-06-12 16:04:46,787 INFO  client.GrpcClientProtocolClient (GrpcClientProtocolClient.java:onNext(254)) - client-7F7296B99608->ffc7b071-00b3-4a69-8de5-2639a1a8d8ac: receive RaftClientReply:client-7F7296B99608->ffc7b071-00b3-4a69-8de5-2639a1a8d8ac@group-6911E2D50CC5, cid=494, SUCCESS, logIndex=873, commits[ffc7b071-00b3-4a69-8de5-2639a1a8d8ac:c874]
2019-06-12 16:04:46,788 INFO  client.GrpcClientProtocolClient (GrpcClientProtocolClient.java:onNext(254)) - client-7F7296B99608->ffc7b071-00b3-4a69-8de5-2639a1a8d8ac: receive RaftClientReply:client-7F7296B99608->ffc7b071-00b3-4a69-8de5-2639a1a8d8ac@group-6911E2D50CC5, cid=495, SUCCESS, logIndex=874, commits[ffc7b071-00b3-4a69-8de5-2639a1a8d8ac:c874]
2019-06-12 16:04:46,788 INFO  client.GrpcClientProtocolClient (GrpcClientProtocolClient.java:onNext(254)) - client-7F7296B99608->ffc7b071-00b3-4a69-8de5-2639a1a8d8ac: receive RaftClientReply:client-7F7296B99608->ffc7b071-00b3-4a69-8de5-2639a1a8d8ac@group-6911E2D50CC5, cid=496, SUCCESS, logIndex=876, commits[ffc7b071-00b3-4a69-8de5-2639a1a8d8ac:c876]
2019-06-12 16:04:46,800 INFO  client.GrpcClientProtocolClient (GrpcClientProtocolClient.java:onNext(254)) - client-7F7296B99608->ffc7b071-00b3-4a69-8de5-2639a1a8d8ac: receive RaftClientReply:client-7F7296B99608->ffc7b071-00b3-4a69-8de5-2639a1a8d8ac@group-6911E2D50CC5, cid=497, SUCCESS, logIndex=879, commits[ffc7b071-00b3-4a69-8de5-2639a1a8d8ac:c879]
2019-06-12 16:04:46,802 INFO  client.GrpcClientProtocolClient (GrpcClientProtocolClient.java:onNext(254)) - client-7F7296B99608->ffc7b071-00b3-4a69-8de5-2639a1a8d8ac: receive RaftClientReply:client-7F7296B99608->ffc7b071-00b3-4a69-8de5-2639a1a8d8ac@group-6911E2D50CC5, cid=498, SUCCESS, logIndex=881, commits[ffc7b071-00b3-4a69-8de5-2639a1a8d8ac:c881]
2019-06-12 16:04:46,804 INFO  client.GrpcClientProtocolClient (GrpcClientProtocolClient.java:onNext(254)) - client-7F7296B99608->ffc7b071-00b3-4a69-8de5-2639a1a8d8ac: receive RaftClientReply:client-7F7296B99608->ffc7b071-00b3-4a69-8de5-2639a1a8d8ac@group-6911E2D50CC5, cid=499, SUCCESS, logIndex=882, commits[ffc7b071-00b3-4a69-8de5-2639a1a8d8ac:c884]
2019-06-12 16:04:46,804 INFO  client.GrpcClientProtocolClient (GrpcClientProtocolClient.java:onNext(254)) - client-7F7296B99608->ffc7b071-00b3-4a69-8de5-2639a1a8d8ac: receive RaftClientReply:client-7F7296B99608->ffc7b071-00b3-4a69-8de5-2639a1a8d8ac@group-6911E2D50CC5, cid=500, SUCCESS, logIndex=884, commits[ffc7b071-00b3-4a69-8de5-2639a1a8d8ac:c884]
2019-06-12 16:04:46,810 INFO  client.GrpcClientProtocolClient (GrpcClientProtocolClient.java:onNext(254)) - client-7F7296B99608->ffc7b071-00b3-4a69-8de5-2639a1a8d8ac: receive RaftClientReply:client-7F7296B99608->ffc7b071-00b3-4a69-8de5-2639a1a8d8ac@group-6911E2D50CC5, cid=501, SUCCESS, logIndex=886, commits[ffc7b071-00b3-4a69-8de5-2639a1a8d8ac:c886]
2019-06-12 16:04:46,812 INFO  client.GrpcClientProtocolClient (GrpcClientProtocolClient.java:onNext(254)) - client-7F7296B99608->ffc7b071-00b3-4a69-8de5-2639a1a8d8ac: receive RaftClientReply:client-7F7296B99608->ffc7b071-00b3-4a69-8de5-2639a1a8d8ac@group-6911E2D50CC5, cid=502, SUCCESS, logIndex=888, commits[ffc7b071-00b3-4a69-8de5-2639a1a8d8ac:c888]
2019-06-12 16:04:46,815 INFO  client.GrpcClientProtocolClient (GrpcClientProtocolClient.java:onNext(254)) - client-7F7296B99608->ffc7b071-00b3-4a69-8de5-2639a1a8d8ac: receive RaftClientReply:client-7F7296B99608->ffc7b071-00b3-4a69-8de5-2639a1a8d8ac@group-6911E2D50CC5, cid=503, SUCCESS, logIndex=890, commits[ffc7b071-00b3-4a69-8de5-2639a1a8d8ac:c891]
2019-06-12 16:04:46,815 INFO  client.GrpcClientProtocolClient (GrpcClientProtocolClient.java:onNext(254)) - client-7F7296B99608->ffc7b071-00b3-4a69-8de5-2639a1a8d8ac: receive RaftClientReply:client-7F7296B99608->ffc7b071-00b3-4a69-8de5-2639a1a8d8ac@group-6911E2D50CC5, cid=504, SUCCESS, logIndex=891, commits[ffc7b071-00b3-4a69-8de5-2639a1a8d8ac:c892]
2019-06-12 16:04:46,828 INFO  client.GrpcClientProtocolClient (GrpcClientProtocolClient.java:onNext(254)) - client-7F7296B99608->ffc7b071-00b3-4a69-8de5-2639a1a8d8ac: receive RaftClientReply:client-7F7296B99608->ffc7b071-00b3-4a69-8de5-2639a1a8d8ac@group-6911E2D50CC5, cid=505, SUCCESS, logIndex=893, commits[ffc7b071-00b3-4a69-8de5-2639a1a8d8ac:c893]
2019-06-12 16:04:46,831 INFO  client.GrpcClientProtocolClient (GrpcClientProtocolClient.java:onNext(254)) - client-7F7296B99608->ffc7b071-00b3-4a69-8de5-2639a1a8d8ac: receive RaftClientReply:client-7F7296B99608->ffc7b071-00b3-4a69-8de5-2639a1a8d8ac@group-6911E2D50CC5, cid=506, SUCCESS, logIndex=895, commits[ffc7b071-00b3-4a69-8de5-2639a1a8d8ac:c895]
2019-06-12 16:04:46,832 INFO  client.GrpcClientProtocolClient (GrpcClientProtocolClient.java:onNext(254)) - client-7F7296B99608->ffc7b071-00b3-4a69-8de5-2639a1a8d8ac: receive RaftClientReply:client-7F7296B99608->ffc7b071-00b3-4a69-8de5-2639a1a8d8ac@group-6911E2D50CC5, cid=507, SUCCESS, logIndex=896, commits[ffc7b071-00b3-4a69-8de5-2639a1a8d8ac:c896]
2019-06-12 16:04:46,832 INFO  client.GrpcClientProtocolClient (GrpcClientProtocolClient.java:onNext(254)) - client-7F7296B99608->ffc7b071-00b3-4a69-8de5-2639a1a8d8ac: receive RaftClientReply:client-7F7296B99608->ffc7b071-00b3-4a69-8de5-2639a1a8d8ac@group-6911E2D50CC5, cid=508, SUCCESS, logIndex=898, commits[ffc7b071-00b3-4a69-8de5-2639a1a8d8ac:c898]
2019-06-12 16:04:46,839 INFO  client.GrpcClientProtocolClient (GrpcClientProtocolClient.java:onNext(254)) - client-7F7296B99608->ffc7b071-00b3-4a69-8de5-2639a1a8d8ac: receive RaftClientReply:client-7F7296B99608->ffc7b071-00b3-4a69-8de5-2639a1a8d8ac@group-6911E2D50CC5, cid=509, SUCCESS, logIndex=901, commits[ffc7b071-00b3-4a69-8de5-2639a1a8d8ac:c901]
2019-06-12 16:04:46,840 INFO  client.GrpcClientProtocolClient (GrpcClientProtocolClient.java:onNext(254)) - client-7F7296B99608->ffc7b071-00b3-4a69-8de5-2639a1a8d8ac: receive RaftClientReply:client-7F7296B99608->ffc7b071-00b3-4a69-8de5-2639a1a8d8ac@group-6911E2D50CC5, cid=510, SUCCESS, logIndex=903, commits[ffc7b071-00b3-4a69-8de5-2639a1a8d8ac:c903]
2019-06-12 16:04:46,843 INFO  client.GrpcClientProtocolClient (GrpcClientProtocolClient.java:onNext(254)) - client-7F7296B99608->ffc7b071-00b3-4a69-8de5-2639a1a8d8ac: receive RaftClientReply:client-7F7296B99608->ffc7b071-00b3-4a69-8de5-2639a1a8d8ac@group-6911E2D50CC5, cid=511, SUCCESS, logIndex=905, commits[ffc7b071-00b3-4a69-8de5-2639a1a8d8ac:c905]
2019-06-12 16:04:46,846 INFO  client.GrpcClientProtocolClient (GrpcClientProtocolClient.java:onNext(254)) - client-7F7296B99608->ffc7b071-00b3-4a69-8de5-2639a1a8d8ac: receive RaftClientReply:client-7F7296B99608->ffc7b071-00b3-4a69-8de5-2639a1a8d8ac@group-6911E2D50CC5, cid=512, SUCCESS, logIndex=907, commits[ffc7b071-00b3-4a69-8de5-2639a1a8d8ac:c907]
2019-06-12 16:04:46,857 INFO  client.GrpcClientProtocolClient (GrpcClientProtocolClient.java:onNext(254)) - client-7F7296B99608->ffc7b071-00b3-4a69-8de5-2639a1a8d8ac: receive RaftClientReply:client-7F7296B99608->ffc7b071-00b3-4a69-8de5-2639a1a8d8ac@group-6911E2D50CC5, cid=513, SUCCESS, logIndex=909, commits[ffc7b071-00b3-4a69-8de5-2639a1a8d8ac:c909]
2019-06-12 16:04:46,860 INFO  client.GrpcClientProtocolClient (GrpcClientProtocolClient.java:onNext(254)) - client-7F7296B99608->ffc7b071-00b3-4a69-8de5-2639a1a8d8ac: receive RaftClientReply:client-7F7296B99608->ffc7b071-00b3-4a69-8de5-2639a1a8d8ac@group-6911E2D50CC5, cid=514, SUCCESS, logIndex=911, commits[ffc7b071-00b3-4a69-8de5-2639a1a8d8ac:c911]
2019-06-12 16:04:46,860 INFO  storage.RaftLogWorker (RaftLogWorker.java:rollLogSegment(303)) - ffc7b071-00b3-4a69-8de5-2639a1a8d8ac-RaftLogWorker: Rolling segment log-832_912 to index:912
2019-06-12 16:04:46,861 INFO  storage.RaftLogWorker (RaftLogWorker.java:execute(433)) - ffc7b071-00b3-4a69-8de5-2639a1a8d8ac-RaftLogWorker: Rolled log segment from /opt/src/hadoop-ozone/integration-test/target/test-dir/MiniOzoneClusterImpl-a1c7246e-c692-4524-ad55-32b507b20431/datanode-0/data/ratis/4417d833-4fb6-4fa2-9413-6911e2d50cc5/current/log_inprogress_832 to /opt/src/hadoop-ozone/integration-test/target/test-dir/MiniOzoneClusterImpl-a1c7246e-c692-4524-ad55-32b507b20431/datanode-0/data/ratis/4417d833-4fb6-4fa2-9413-6911e2d50cc5/current/log_832-912
2019-06-12 16:04:46,867 DEBUG block.SCMBlockDeletingService (SCMBlockDeletingService.java:call(138)) - Running DeletedBlockTransactionScanner
2019-06-12 16:04:46,868 DEBUG block.SCMBlockDeletingService (SCMBlockDeletingService.java:call(155)) - Scanned deleted blocks log and got 0 delTX to process.
2019-06-12 16:04:46,896 INFO  storage.RaftLogWorker (RaftLogWorker.java:execute(469)) - ffc7b071-00b3-4a69-8de5-2639a1a8d8ac-RaftLogWorker: created new log segment /opt/src/hadoop-ozone/integration-test/target/test-dir/MiniOzoneClusterImpl-a1c7246e-c692-4524-ad55-32b507b20431/datanode-0/data/ratis/4417d833-4fb6-4fa2-9413-6911e2d50cc5/current/log_inprogress_913
2019-06-12 16:04:46,899 INFO  client.GrpcClientProtocolClient (GrpcClientProtocolClient.java:onNext(254)) - client-7F7296B99608->ffc7b071-00b3-4a69-8de5-2639a1a8d8ac: receive RaftClientReply:client-7F7296B99608->ffc7b071-00b3-4a69-8de5-2639a1a8d8ac@group-6911E2D50CC5, cid=515, SUCCESS, logIndex=913, commits[ffc7b071-00b3-4a69-8de5-2639a1a8d8ac:c914]
2019-06-12 16:04:46,899 INFO  client.GrpcClientProtocolClient (GrpcClientProtocolClient.java:onNext(254)) - client-7F7296B99608->ffc7b071-00b3-4a69-8de5-2639a1a8d8ac: receive RaftClientReply:client-7F7296B99608->ffc7b071-00b3-4a69-8de5-2639a1a8d8ac@group-6911E2D50CC5, cid=516, SUCCESS, logIndex=914, commits[ffc7b071-00b3-4a69-8de5-2639a1a8d8ac:c915]
2019-06-12 16:04:46,906 INFO  client.GrpcClientProtocolClient (GrpcClientProtocolClient.java:onNext(254)) - client-7F7296B99608->ffc7b071-00b3-4a69-8de5-2639a1a8d8ac: receive RaftClientReply:client-7F7296B99608->ffc7b071-00b3-4a69-8de5-2639a1a8d8ac@group-6911E2D50CC5, cid=517, SUCCESS, logIndex=916, commits[ffc7b071-00b3-4a69-8de5-2639a1a8d8ac:c916]
2019-06-12 16:04:46,908 INFO  client.GrpcClientProtocolClient (GrpcClientProtocolClient.java:onNext(254)) - client-7F7296B99608->ffc7b071-00b3-4a69-8de5-2639a1a8d8ac: receive RaftClientReply:client-7F7296B99608->ffc7b071-00b3-4a69-8de5-2639a1a8d8ac@group-6911E2D50CC5, cid=518, SUCCESS, logIndex=918, commits[ffc7b071-00b3-4a69-8de5-2639a1a8d8ac:c918]
2019-06-12 16:04:46,909 INFO  client.GrpcClientProtocolClient (GrpcClientProtocolClient.java:onNext(254)) - client-7F7296B99608->ffc7b071-00b3-4a69-8de5-2639a1a8d8ac: receive RaftClientReply:client-7F7296B99608->ffc7b071-00b3-4a69-8de5-2639a1a8d8ac@group-6911E2D50CC5, cid=519, SUCCESS, logIndex=919, commits[ffc7b071-00b3-4a69-8de5-2639a1a8d8ac:c921]
2019-06-12 16:04:46,910 INFO  client.GrpcClientProtocolClient (GrpcClientProtocolClient.java:onNext(254)) - client-7F7296B99608->ffc7b071-00b3-4a69-8de5-2639a1a8d8ac: receive RaftClientReply:client-7F7296B99608->ffc7b071-00b3-4a69-8de5-2639a1a8d8ac@group-6911E2D50CC5, cid=520, SUCCESS, logIndex=921, commits[ffc7b071-00b3-4a69-8de5-2639a1a8d8ac:c922]
2019-06-12 16:04:46,920 INFO  client.GrpcClientProtocolClient (GrpcClientProtocolClient.java:onNext(254)) - client-7F7296B99608->ffc7b071-00b3-4a69-8de5-2639a1a8d8ac: receive RaftClientReply:client-7F7296B99608->ffc7b071-00b3-4a69-8de5-2639a1a8d8ac@group-6911E2D50CC5, cid=521, SUCCESS, logIndex=923, commits[ffc7b071-00b3-4a69-8de5-2639a1a8d8ac:c923]
2019-06-12 16:04:46,923 INFO  client.GrpcClientProtocolClient (GrpcClientProtocolClient.java:onNext(254)) - client-7F7296B99608->ffc7b071-00b3-4a69-8de5-2639a1a8d8ac: receive RaftClientReply:client-7F7296B99608->ffc7b071-00b3-4a69-8de5-2639a1a8d8ac@group-6911E2D50CC5, cid=522, SUCCESS, logIndex=925, commits[ffc7b071-00b3-4a69-8de5-2639a1a8d8ac:c925]
2019-06-12 16:04:46,924 INFO  client.GrpcClientProtocolClient (GrpcClientProtocolClient.java:onNext(254)) - client-7F7296B99608->ffc7b071-00b3-4a69-8de5-2639a1a8d8ac: receive RaftClientReply:client-7F7296B99608->ffc7b071-00b3-4a69-8de5-2639a1a8d8ac@group-6911E2D50CC5, cid=523, SUCCESS, logIndex=926, commits[ffc7b071-00b3-4a69-8de5-2639a1a8d8ac:c928]
2019-06-12 16:04:46,924 INFO  client.GrpcClientProtocolClient (GrpcClientProtocolClient.java:onNext(254)) - client-7F7296B99608->ffc7b071-00b3-4a69-8de5-2639a1a8d8ac: receive RaftClientReply:client-7F7296B99608->ffc7b071-00b3-4a69-8de5-2639a1a8d8ac@group-6911E2D50CC5, cid=524, SUCCESS, logIndex=927, commits[ffc7b071-00b3-4a69-8de5-2639a1a8d8ac:c928]
2019-06-12 16:04:46,930 INFO  client.GrpcClientProtocolClient (GrpcClientProtocolClient.java:onNext(254)) - client-7F7296B99608->ffc7b071-00b3-4a69-8de5-2639a1a8d8ac: receive RaftClientReply:client-7F7296B99608->ffc7b071-00b3-4a69-8de5-2639a1a8d8ac@group-6911E2D50CC5, cid=525, SUCCESS, logIndex=929, commits[ffc7b071-00b3-4a69-8de5-2639a1a8d8ac:c929]
2019-06-12 16:04:46,932 INFO  client.GrpcClientProtocolClient (GrpcClientProtocolClient.java:onNext(254)) - client-7F7296B99608->ffc7b071-00b3-4a69-8de5-2639a1a8d8ac: receive RaftClientReply:client-7F7296B99608->ffc7b071-00b3-4a69-8de5-2639a1a8d8ac@group-6911E2D50CC5, cid=526, SUCCESS, logIndex=931, commits[ffc7b071-00b3-4a69-8de5-2639a1a8d8ac:c931]
2019-06-12 16:04:46,934 INFO  client.GrpcClientProtocolClient (GrpcClientProtocolClient.java:onNext(254)) - client-7F7296B99608->ffc7b071-00b3-4a69-8de5-2639a1a8d8ac: receive RaftClientReply:client-7F7296B99608->ffc7b071-00b3-4a69-8de5-2639a1a8d8ac@group-6911E2D50CC5, cid=527, SUCCESS, logIndex=932, commits[ffc7b071-00b3-4a69-8de5-2639a1a8d8ac:c934]
2019-06-12 16:04:46,935 INFO  client.GrpcClientProtocolClient (GrpcClientProtocolClient.java:onNext(254)) - client-7F7296B99608->ffc7b071-00b3-4a69-8de5-2639a1a8d8ac: receive RaftClientReply:client-7F7296B99608->ffc7b071-00b3-4a69-8de5-2639a1a8d8ac@group-6911E2D50CC5, cid=528, SUCCESS, logIndex=934, commits[ffc7b071-00b3-4a69-8de5-2639a1a8d8ac:c935]
2019-06-12 16:04:46,946 INFO  client.GrpcClientProtocolClient (GrpcClientProtocolClient.java:onNext(254)) - client-7F7296B99608->ffc7b071-00b3-4a69-8de5-2639a1a8d8ac: receive RaftClientReply:client-7F7296B99608->ffc7b071-00b3-4a69-8de5-2639a1a8d8ac@group-6911E2D50CC5, cid=529, SUCCESS, logIndex=936, commits[ffc7b071-00b3-4a69-8de5-2639a1a8d8ac:c936]
2019-06-12 16:04:46,948 INFO  client.GrpcClientProtocolClient (GrpcClientProtocolClient.java:onNext(254)) - client-7F7296B99608->ffc7b071-00b3-4a69-8de5-2639a1a8d8ac: receive RaftClientReply:client-7F7296B99608->ffc7b071-00b3-4a69-8de5-2639a1a8d8ac@group-6911E2D50CC5, cid=530, SUCCESS, logIndex=938, commits[ffc7b071-00b3-4a69-8de5-2639a1a8d8ac:c938]
2019-06-12 16:04:46,968 DEBUG block.SCMBlockDeletingService (SCMBlockDeletingService.java:call(138)) - Running DeletedBlockTransactionScanner
2019-06-12 16:04:46,968 DEBUG block.SCMBlockDeletingService (SCMBlockDeletingService.java:call(155)) - Scanned deleted blocks log and got 0 delTX to process.
2019-06-12 16:04:47,014 INFO  client.GrpcClientProtocolClient (GrpcClientProtocolClient.java:onNext(254)) - client-7F7296B99608->ffc7b071-00b3-4a69-8de5-2639a1a8d8ac: receive RaftClientReply:client-7F7296B99608->ffc7b071-00b3-4a69-8de5-2639a1a8d8ac@group-6911E2D50CC5, cid=531, SUCCESS, logIndex=940, commits[ffc7b071-00b3-4a69-8de5-2639a1a8d8ac:c940]
2019-06-12 16:04:47,016 INFO  client.GrpcClientProtocolClient (GrpcClientProtocolClient.java:onNext(254)) - client-7F7296B99608->ffc7b071-00b3-4a69-8de5-2639a1a8d8ac: receive RaftClientReply:client-7F7296B99608->ffc7b071-00b3-4a69-8de5-2639a1a8d8ac@group-6911E2D50CC5, cid=532, SUCCESS, logIndex=942, commits[ffc7b071-00b3-4a69-8de5-2639a1a8d8ac:c942]
2019-06-12 16:04:47,022 INFO  client.GrpcClientProtocolClient (GrpcClientProtocolClient.java:onNext(254)) - client-7F7296B99608->ffc7b071-00b3-4a69-8de5-2639a1a8d8ac: receive RaftClientReply:client-7F7296B99608->ffc7b071-00b3-4a69-8de5-2639a1a8d8ac@group-6911E2D50CC5, cid=533, SUCCESS, logIndex=944, commits[ffc7b071-00b3-4a69-8de5-2639a1a8d8ac:c944]
2019-06-12 16:04:47,024 INFO  client.GrpcClientProtocolClient (GrpcClientProtocolClient.java:onNext(254)) - client-7F7296B99608->ffc7b071-00b3-4a69-8de5-2639a1a8d8ac: receive RaftClientReply:client-7F7296B99608->ffc7b071-00b3-4a69-8de5-2639a1a8d8ac@group-6911E2D50CC5, cid=534, SUCCESS, logIndex=946, commits[ffc7b071-00b3-4a69-8de5-2639a1a8d8ac:c946]
2019-06-12 16:04:47,026 INFO  client.GrpcClientProtocolClient (GrpcClientProtocolClient.java:onNext(254)) - client-7F7296B99608->ffc7b071-00b3-4a69-8de5-2639a1a8d8ac: receive RaftClientReply:client-7F7296B99608->ffc7b071-00b3-4a69-8de5-2639a1a8d8ac@group-6911E2D50CC5, cid=535, SUCCESS, logIndex=947, commits[ffc7b071-00b3-4a69-8de5-2639a1a8d8ac:c949]
2019-06-12 16:04:47,030 INFO  client.GrpcClientProtocolClient (GrpcClientProtocolClient.java:onNext(254)) - client-7F7296B99608->ffc7b071-00b3-4a69-8de5-2639a1a8d8ac: receive RaftClientReply:client-7F7296B99608->ffc7b071-00b3-4a69-8de5-2639a1a8d8ac@group-6911E2D50CC5, cid=536, SUCCESS, logIndex=949, commits[ffc7b071-00b3-4a69-8de5-2639a1a8d8ac:c949]
2019-06-12 16:04:47,041 INFO  client.GrpcClientProtocolClient (GrpcClientProtocolClient.java:onNext(254)) - client-7F7296B99608->ffc7b071-00b3-4a69-8de5-2639a1a8d8ac: receive RaftClientReply:client-7F7296B99608->ffc7b071-00b3-4a69-8de5-2639a1a8d8ac@group-6911E2D50CC5, cid=537, SUCCESS, logIndex=951, commits[ffc7b071-00b3-4a69-8de5-2639a1a8d8ac:c951]
2019-06-12 16:04:47,042 INFO  client.GrpcClientProtocolClient (GrpcClientProtocolClient.java:onNext(254)) - client-7F7296B99608->ffc7b071-00b3-4a69-8de5-2639a1a8d8ac: receive RaftClientReply:client-7F7296B99608->ffc7b071-00b3-4a69-8de5-2639a1a8d8ac@group-6911E2D50CC5, cid=538, SUCCESS, logIndex=953, commits[ffc7b071-00b3-4a69-8de5-2639a1a8d8ac:c953]
2019-06-12 16:04:47,043 INFO  client.GrpcClientProtocolClient (GrpcClientProtocolClient.java:onNext(254)) - client-7F7296B99608->ffc7b071-00b3-4a69-8de5-2639a1a8d8ac: receive RaftClientReply:client-7F7296B99608->ffc7b071-00b3-4a69-8de5-2639a1a8d8ac@group-6911E2D50CC5, cid=539, SUCCESS, logIndex=954, commits[ffc7b071-00b3-4a69-8de5-2639a1a8d8ac:c955]
2019-06-12 16:04:47,045 INFO  client.GrpcClientProtocolClient (GrpcClientProtocolClient.java:onNext(254)) - client-7F7296B99608->ffc7b071-00b3-4a69-8de5-2639a1a8d8ac: receive RaftClientReply:client-7F7296B99608->ffc7b071-00b3-4a69-8de5-2639a1a8d8ac@group-6911E2D50CC5, cid=540, SUCCESS, logIndex=956, commits[ffc7b071-00b3-4a69-8de5-2639a1a8d8ac:c956]
2019-06-12 16:04:47,284 DEBUG block.SCMBlockDeletingService (SCMBlockDeletingService.java:call(138)) - Running DeletedBlockTransactionScanner
2019-06-12 16:04:47,285 DEBUG block.SCMBlockDeletingService (SCMBlockDeletingService.java:call(155)) - Scanned deleted blocks log and got 0 delTX to process.
2019-06-12 16:04:47,292 INFO  client.GrpcClientProtocolClient (GrpcClientProtocolClient.java:onNext(254)) - client-7F7296B99608->ffc7b071-00b3-4a69-8de5-2639a1a8d8ac: receive RaftClientReply:client-7F7296B99608->ffc7b071-00b3-4a69-8de5-2639a1a8d8ac@group-6911E2D50CC5, cid=541, SUCCESS, logIndex=958, commits[ffc7b071-00b3-4a69-8de5-2639a1a8d8ac:c958]
2019-06-12 16:04:47,301 INFO  client.GrpcClientProtocolClient (GrpcClientProtocolClient.java:onNext(254)) - client-7F7296B99608->ffc7b071-00b3-4a69-8de5-2639a1a8d8ac: receive RaftClientReply:client-7F7296B99608->ffc7b071-00b3-4a69-8de5-2639a1a8d8ac@group-6911E2D50CC5, cid=542, SUCCESS, logIndex=960, commits[ffc7b071-00b3-4a69-8de5-2639a1a8d8ac:c960]
2019-06-12 16:04:47,301 INFO  client.GrpcClientProtocolClient (GrpcClientProtocolClient.java:onNext(254)) - client-7F7296B99608->ffc7b071-00b3-4a69-8de5-2639a1a8d8ac: receive RaftClientReply:client-7F7296B99608->ffc7b071-00b3-4a69-8de5-2639a1a8d8ac@group-6911E2D50CC5, cid=543, SUCCESS, logIndex=961, commits[ffc7b071-00b3-4a69-8de5-2639a1a8d8ac:c962]
2019-06-12 16:04:47,301 INFO  client.GrpcClientProtocolClient (GrpcClientProtocolClient.java:onNext(254)) - client-7F7296B99608->ffc7b071-00b3-4a69-8de5-2639a1a8d8ac: receive RaftClientReply:client-7F7296B99608->ffc7b071-00b3-4a69-8de5-2639a1a8d8ac@group-6911E2D50CC5, cid=544, SUCCESS, logIndex=962, commits[ffc7b071-00b3-4a69-8de5-2639a1a8d8ac:c962]
2019-06-12 16:04:47,311 INFO  client.GrpcClientProtocolClient (GrpcClientProtocolClient.java:onNext(254)) - client-7F7296B99608->ffc7b071-00b3-4a69-8de5-2639a1a8d8ac: receive RaftClientReply:client-7F7296B99608->ffc7b071-00b3-4a69-8de5-2639a1a8d8ac@group-6911E2D50CC5, cid=545, SUCCESS, logIndex=965, commits[ffc7b071-00b3-4a69-8de5-2639a1a8d8ac:c965]
2019-06-12 16:04:47,314 INFO  client.GrpcClientProtocolClient (GrpcClientProtocolClient.java:onNext(254)) - client-7F7296B99608->ffc7b071-00b3-4a69-8de5-2639a1a8d8ac: receive RaftClientReply:client-7F7296B99608->ffc7b071-00b3-4a69-8de5-2639a1a8d8ac@group-6911E2D50CC5, cid=546, SUCCESS, logIndex=967, commits[ffc7b071-00b3-4a69-8de5-2639a1a8d8ac:c967]
2019-06-12 16:04:47,314 INFO  client.GrpcClientProtocolClient (GrpcClientProtocolClient.java:onNext(254)) - client-7F7296B99608->ffc7b071-00b3-4a69-8de5-2639a1a8d8ac: receive RaftClientReply:client-7F7296B99608->ffc7b071-00b3-4a69-8de5-2639a1a8d8ac@group-6911E2D50CC5, cid=547, SUCCESS, logIndex=968, commits[ffc7b071-00b3-4a69-8de5-2639a1a8d8ac:c969]
2019-06-12 16:04:47,315 INFO  client.GrpcClientProtocolClient (GrpcClientProtocolClient.java:onNext(254)) - client-7F7296B99608->ffc7b071-00b3-4a69-8de5-2639a1a8d8ac: receive RaftClientReply:client-7F7296B99608->ffc7b071-00b3-4a69-8de5-2639a1a8d8ac@group-6911E2D50CC5, cid=548, SUCCESS, logIndex=969, commits[ffc7b071-00b3-4a69-8de5-2639a1a8d8ac:c969]
2019-06-12 16:04:47,323 INFO  client.GrpcClientProtocolClient (GrpcClientProtocolClient.java:onNext(254)) - client-7F7296B99608->ffc7b071-00b3-4a69-8de5-2639a1a8d8ac: receive RaftClientReply:client-7F7296B99608->ffc7b071-00b3-4a69-8de5-2639a1a8d8ac@group-6911E2D50CC5, cid=549, SUCCESS, logIndex=972, commits[ffc7b071-00b3-4a69-8de5-2639a1a8d8ac:c972]
2019-06-12 16:04:47,325 INFO  client.GrpcClientProtocolClient (GrpcClientProtocolClient.java:onNext(254)) - client-7F7296B99608->ffc7b071-00b3-4a69-8de5-2639a1a8d8ac: receive RaftClientReply:client-7F7296B99608->ffc7b071-00b3-4a69-8de5-2639a1a8d8ac@group-6911E2D50CC5, cid=550, SUCCESS, logIndex=974, commits[ffc7b071-00b3-4a69-8de5-2639a1a8d8ac:c974]
2019-06-12 16:04:47,326 INFO  client.GrpcClientProtocolClient (GrpcClientProtocolClient.java:onNext(254)) - client-7F7296B99608->ffc7b071-00b3-4a69-8de5-2639a1a8d8ac: receive RaftClientReply:client-7F7296B99608->ffc7b071-00b3-4a69-8de5-2639a1a8d8ac@group-6911E2D50CC5, cid=551, SUCCESS, logIndex=975, commits[ffc7b071-00b3-4a69-8de5-2639a1a8d8ac:c976]
2019-06-12 16:04:47,326 INFO  client.GrpcClientProtocolClient (GrpcClientProtocolClient.java:onNext(254)) - client-7F7296B99608->ffc7b071-00b3-4a69-8de5-2639a1a8d8ac: receive RaftClientReply:client-7F7296B99608->ffc7b071-00b3-4a69-8de5-2639a1a8d8ac@group-6911E2D50CC5, cid=552, SUCCESS, logIndex=976, commits[ffc7b071-00b3-4a69-8de5-2639a1a8d8ac:c977]
2019-06-12 16:04:47,337 INFO  client.GrpcClientProtocolClient (GrpcClientProtocolClient.java:onNext(254)) - client-7F7296B99608->ffc7b071-00b3-4a69-8de5-2639a1a8d8ac: receive RaftClientReply:client-7F7296B99608->ffc7b071-00b3-4a69-8de5-2639a1a8d8ac@group-6911E2D50CC5, cid=553, SUCCESS, logIndex=979, commits[ffc7b071-00b3-4a69-8de5-2639a1a8d8ac:c979]
2019-06-12 16:04:47,340 INFO  client.GrpcClientProtocolClient (GrpcClientProtocolClient.java:onNext(254)) - client-7F7296B99608->ffc7b071-00b3-4a69-8de5-2639a1a8d8ac: receive RaftClientReply:client-7F7296B99608->ffc7b071-00b3-4a69-8de5-2639a1a8d8ac@group-6911E2D50CC5, cid=554, SUCCESS, logIndex=981, commits[ffc7b071-00b3-4a69-8de5-2639a1a8d8ac:c981]
2019-06-12 16:04:47,342 INFO  client.GrpcClientProtocolClient (GrpcClientProtocolClient.java:onNext(254)) - client-7F7296B99608->ffc7b071-00b3-4a69-8de5-2639a1a8d8ac: receive RaftClientReply:client-7F7296B99608->ffc7b071-00b3-4a69-8de5-2639a1a8d8ac@group-6911E2D50CC5, cid=555, SUCCESS, logIndex=982, commits[ffc7b071-00b3-4a69-8de5-2639a1a8d8ac:c983]
2019-06-12 16:04:47,343 INFO  client.GrpcClientProtocolClient (GrpcClientProtocolClient.java:onNext(254)) - client-7F7296B99608->ffc7b071-00b3-4a69-8de5-2639a1a8d8ac: receive RaftClientReply:client-7F7296B99608->ffc7b071-00b3-4a69-8de5-2639a1a8d8ac@group-6911E2D50CC5, cid=556, SUCCESS, logIndex=983, commits[ffc7b071-00b3-4a69-8de5-2639a1a8d8ac:c984]
2019-06-12 16:04:47,349 INFO  client.GrpcClientProtocolClient (GrpcClientProtocolClient.java:onNext(254)) - client-7F7296B99608->ffc7b071-00b3-4a69-8de5-2639a1a8d8ac: receive RaftClientReply:client-7F7296B99608->ffc7b071-00b3-4a69-8de5-2639a1a8d8ac@group-6911E2D50CC5, cid=557, SUCCESS, logIndex=986, commits[ffc7b071-00b3-4a69-8de5-2639a1a8d8ac:c986]
2019-06-12 16:04:47,349 INFO  storage.RaftLogWorker (RaftLogWorker.java:rollLogSegment(303)) - ffc7b071-00b3-4a69-8de5-2639a1a8d8ac-RaftLogWorker: Rolling segment log-913_987 to index:987
2019-06-12 16:04:47,349 INFO  storage.RaftLogWorker (RaftLogWorker.java:execute(433)) - ffc7b071-00b3-4a69-8de5-2639a1a8d8ac-RaftLogWorker: Rolled log segment from /opt/src/hadoop-ozone/integration-test/target/test-dir/MiniOzoneClusterImpl-a1c7246e-c692-4524-ad55-32b507b20431/datanode-0/data/ratis/4417d833-4fb6-4fa2-9413-6911e2d50cc5/current/log_inprogress_913 to /opt/src/hadoop-ozone/integration-test/target/test-dir/MiniOzoneClusterImpl-a1c7246e-c692-4524-ad55-32b507b20431/datanode-0/data/ratis/4417d833-4fb6-4fa2-9413-6911e2d50cc5/current/log_913-987
2019-06-12 16:04:47,386 DEBUG block.SCMBlockDeletingService (SCMBlockDeletingService.java:call(138)) - Running DeletedBlockTransactionScanner
2019-06-12 16:04:47,386 DEBUG block.SCMBlockDeletingService (SCMBlockDeletingService.java:call(155)) - Scanned deleted blocks log and got 0 delTX to process.
2019-06-12 16:04:47,388 INFO  storage.RaftLogWorker (RaftLogWorker.java:execute(469)) - ffc7b071-00b3-4a69-8de5-2639a1a8d8ac-RaftLogWorker: created new log segment /opt/src/hadoop-ozone/integration-test/target/test-dir/MiniOzoneClusterImpl-a1c7246e-c692-4524-ad55-32b507b20431/datanode-0/data/ratis/4417d833-4fb6-4fa2-9413-6911e2d50cc5/current/log_inprogress_988
2019-06-12 16:04:47,390 INFO  client.GrpcClientProtocolClient (GrpcClientProtocolClient.java:onNext(254)) - client-7F7296B99608->ffc7b071-00b3-4a69-8de5-2639a1a8d8ac: receive RaftClientReply:client-7F7296B99608->ffc7b071-00b3-4a69-8de5-2639a1a8d8ac@group-6911E2D50CC5, cid=558, SUCCESS, logIndex=988, commits[ffc7b071-00b3-4a69-8de5-2639a1a8d8ac:c990]
2019-06-12 16:04:47,391 INFO  client.GrpcClientProtocolClient (GrpcClientProtocolClient.java:onNext(254)) - client-7F7296B99608->ffc7b071-00b3-4a69-8de5-2639a1a8d8ac: receive RaftClientReply:client-7F7296B99608->ffc7b071-00b3-4a69-8de5-2639a1a8d8ac@group-6911E2D50CC5, cid=559, SUCCESS, logIndex=989, commits[ffc7b071-00b3-4a69-8de5-2639a1a8d8ac:c991]
2019-06-12 16:04:47,391 INFO  client.GrpcClientProtocolClient (GrpcClientProtocolClient.java:onNext(254)) - client-7F7296B99608->ffc7b071-00b3-4a69-8de5-2639a1a8d8ac: receive RaftClientReply:client-7F7296B99608->ffc7b071-00b3-4a69-8de5-2639a1a8d8ac@group-6911E2D50CC5, cid=560, SUCCESS, logIndex=990, commits[ffc7b071-00b3-4a69-8de5-2639a1a8d8ac:c991]
2019-06-12 16:04:47,402 INFO  client.GrpcClientProtocolClient (GrpcClientProtocolClient.java:onNext(254)) - client-7F7296B99608->ffc7b071-00b3-4a69-8de5-2639a1a8d8ac: receive RaftClientReply:client-7F7296B99608->ffc7b071-00b3-4a69-8de5-2639a1a8d8ac@group-6911E2D50CC5, cid=561, SUCCESS, logIndex=992, commits[ffc7b071-00b3-4a69-8de5-2639a1a8d8ac:c992]
2019-06-12 16:04:47,406 INFO  client.GrpcClientProtocolClient (GrpcClientProtocolClient.java:onNext(254)) - client-7F7296B99608->ffc7b071-00b3-4a69-8de5-2639a1a8d8ac: receive RaftClientReply:client-7F7296B99608->ffc7b071-00b3-4a69-8de5-2639a1a8d8ac@group-6911E2D50CC5, cid=562, SUCCESS, logIndex=994, commits[ffc7b071-00b3-4a69-8de5-2639a1a8d8ac:c996]
2019-06-12 16:04:47,407 INFO  client.GrpcClientProtocolClient (GrpcClientProtocolClient.java:onNext(254)) - client-7F7296B99608->ffc7b071-00b3-4a69-8de5-2639a1a8d8ac: receive RaftClientReply:client-7F7296B99608->ffc7b071-00b3-4a69-8de5-2639a1a8d8ac@group-6911E2D50CC5, cid=563, SUCCESS, logIndex=995, commits[ffc7b071-00b3-4a69-8de5-2639a1a8d8ac:c996]
2019-06-12 16:04:47,408 INFO  client.GrpcClientProtocolClient (GrpcClientProtocolClient.java:onNext(254)) - client-7F7296B99608->ffc7b071-00b3-4a69-8de5-2639a1a8d8ac: receive RaftClientReply:client-7F7296B99608->ffc7b071-00b3-4a69-8de5-2639a1a8d8ac@group-6911E2D50CC5, cid=564, SUCCESS, logIndex=996, commits[ffc7b071-00b3-4a69-8de5-2639a1a8d8ac:c996]
2019-06-12 16:04:47,415 INFO  client.GrpcClientProtocolClient (GrpcClientProtocolClient.java:onNext(254)) - client-7F7296B99608->ffc7b071-00b3-4a69-8de5-2639a1a8d8ac: receive RaftClientReply:client-7F7296B99608->ffc7b071-00b3-4a69-8de5-2639a1a8d8ac@group-6911E2D50CC5, cid=565, SUCCESS, logIndex=998, commits[ffc7b071-00b3-4a69-8de5-2639a1a8d8ac:c998]
2019-06-12 16:04:47,416 INFO  client.GrpcClientProtocolClient (GrpcClientProtocolClient.java:onNext(254)) - client-7F7296B99608->ffc7b071-00b3-4a69-8de5-2639a1a8d8ac: receive RaftClientReply:client-7F7296B99608->ffc7b071-00b3-4a69-8de5-2639a1a8d8ac@group-6911E2D50CC5, cid=566, SUCCESS, logIndex=1000, commits[ffc7b071-00b3-4a69-8de5-2639a1a8d8ac:c1000]
2019-06-12 16:04:47,418 INFO  client.GrpcClientProtocolClient (GrpcClientProtocolClient.java:onNext(254)) - client-7F7296B99608->ffc7b071-00b3-4a69-8de5-2639a1a8d8ac: receive RaftClientReply:client-7F7296B99608->ffc7b071-00b3-4a69-8de5-2639a1a8d8ac@group-6911E2D50CC5, cid=567, SUCCESS, logIndex=1001, commits[ffc7b071-00b3-4a69-8de5-2639a1a8d8ac:c1003]
2019-06-12 16:04:47,418 INFO  client.GrpcClientProtocolClient (GrpcClientProtocolClient.java:onNext(254)) - client-7F7296B99608->ffc7b071-00b3-4a69-8de5-2639a1a8d8ac: receive RaftClientReply:client-7F7296B99608->ffc7b071-00b3-4a69-8de5-2639a1a8d8ac@group-6911E2D50CC5, cid=568, SUCCESS, logIndex=1003, commits[ffc7b071-00b3-4a69-8de5-2639a1a8d8ac:c1004]
2019-06-12 16:04:47,428 INFO  client.GrpcClientProtocolClient (GrpcClientProtocolClient.java:onNext(254)) - client-7F7296B99608->ffc7b071-00b3-4a69-8de5-2639a1a8d8ac: receive RaftClientReply:client-7F7296B99608->ffc7b071-00b3-4a69-8de5-2639a1a8d8ac@group-6911E2D50CC5, cid=569, SUCCESS, logIndex=1005, commits[ffc7b071-00b3-4a69-8de5-2639a1a8d8ac:c1005]
2019-06-12 16:04:47,431 INFO  client.GrpcClientProtocolClient (GrpcClientProtocolClient.java:onNext(254)) - client-7F7296B99608->ffc7b071-00b3-4a69-8de5-2639a1a8d8ac: receive RaftClientReply:client-7F7296B99608->ffc7b071-00b3-4a69-8de5-2639a1a8d8ac@group-6911E2D50CC5, cid=570, SUCCESS, logIndex=1007, commits[ffc7b071-00b3-4a69-8de5-2639a1a8d8ac:c1007]
2019-06-12 16:04:47,432 INFO  client.GrpcClientProtocolClient (GrpcClientProtocolClient.java:onNext(254)) - client-7F7296B99608->ffc7b071-00b3-4a69-8de5-2639a1a8d8ac: receive RaftClientReply:client-7F7296B99608->ffc7b071-00b3-4a69-8de5-2639a1a8d8ac@group-6911E2D50CC5, cid=571, SUCCESS, logIndex=1008, commits[ffc7b071-00b3-4a69-8de5-2639a1a8d8ac:c1010]
2019-06-12 16:04:47,432 INFO  client.GrpcClientProtocolClient (GrpcClientProtocolClient.java:onNext(254)) - client-7F7296B99608->ffc7b071-00b3-4a69-8de5-2639a1a8d8ac: receive RaftClientReply:client-7F7296B99608->ffc7b071-00b3-4a69-8de5-2639a1a8d8ac@group-6911E2D50CC5, cid=572, SUCCESS, logIndex=1009, commits[ffc7b071-00b3-4a69-8de5-2639a1a8d8ac:c1010]
2019-06-12 16:04:47,438 INFO  client.GrpcClientProtocolClient (GrpcClientProtocolClient.java:onNext(254)) - client-7F7296B99608->ffc7b071-00b3-4a69-8de5-2639a1a8d8ac: receive RaftClientReply:client-7F7296B99608->ffc7b071-00b3-4a69-8de5-2639a1a8d8ac@group-6911E2D50CC5, cid=573, SUCCESS, logIndex=1011, commits[ffc7b071-00b3-4a69-8de5-2639a1a8d8ac:c1011]
2019-06-12 16:04:47,439 INFO  client.GrpcClientProtocolClient (GrpcClientProtocolClient.java:onNext(254)) - client-7F7296B99608->ffc7b071-00b3-4a69-8de5-2639a1a8d8ac: receive RaftClientReply:client-7F7296B99608->ffc7b071-00b3-4a69-8de5-2639a1a8d8ac@group-6911E2D50CC5, cid=574, SUCCESS, logIndex=1013, commits[ffc7b071-00b3-4a69-8de5-2639a1a8d8ac:c1013]
2019-06-12 16:04:47,486 DEBUG block.SCMBlockDeletingService (SCMBlockDeletingService.java:call(138)) - Running DeletedBlockTransactionScanner
2019-06-12 16:04:47,486 DEBUG block.SCMBlockDeletingService (SCMBlockDeletingService.java:call(155)) - Scanned deleted blocks log and got 0 delTX to process.
2019-06-12 16:04:47,519 INFO  client.GrpcClientProtocolClient (GrpcClientProtocolClient.java:onNext(254)) - client-7F7296B99608->ffc7b071-00b3-4a69-8de5-2639a1a8d8ac: receive RaftClientReply:client-7F7296B99608->ffc7b071-00b3-4a69-8de5-2639a1a8d8ac@group-6911E2D50CC5, cid=575, SUCCESS, logIndex=1015, commits[ffc7b071-00b3-4a69-8de5-2639a1a8d8ac:c1015]
2019-06-12 16:04:47,521 INFO  client.GrpcClientProtocolClient (GrpcClientProtocolClient.java:onNext(254)) - client-7F7296B99608->ffc7b071-00b3-4a69-8de5-2639a1a8d8ac: receive RaftClientReply:client-7F7296B99608->ffc7b071-00b3-4a69-8de5-2639a1a8d8ac@group-6911E2D50CC5, cid=576, SUCCESS, logIndex=1017, commits[ffc7b071-00b3-4a69-8de5-2639a1a8d8ac:c1017]
2019-06-12 16:04:47,532 INFO  client.GrpcClientProtocolClient (GrpcClientProtocolClient.java:onNext(254)) - client-7F7296B99608->ffc7b071-00b3-4a69-8de5-2639a1a8d8ac: receive RaftClientReply:client-7F7296B99608->ffc7b071-00b3-4a69-8de5-2639a1a8d8ac@group-6911E2D50CC5, cid=577, SUCCESS, logIndex=1019, commits[ffc7b071-00b3-4a69-8de5-2639a1a8d8ac:c1019]
2019-06-12 16:04:47,533 INFO  client.GrpcClientProtocolClient (GrpcClientProtocolClient.java:onNext(254)) - client-7F7296B99608->ffc7b071-00b3-4a69-8de5-2639a1a8d8ac: receive RaftClientReply:client-7F7296B99608->ffc7b071-00b3-4a69-8de5-2639a1a8d8ac@group-6911E2D50CC5, cid=578, SUCCESS, logIndex=1021, commits[ffc7b071-00b3-4a69-8de5-2639a1a8d8ac:c1021]
2019-06-12 16:04:47,535 INFO  client.GrpcClientProtocolClient (GrpcClientProtocolClient.java:onNext(254)) - client-7F7296B99608->ffc7b071-00b3-4a69-8de5-2639a1a8d8ac: receive RaftClientReply:client-7F7296B99608->ffc7b071-00b3-4a69-8de5-2639a1a8d8ac@group-6911E2D50CC5, cid=579, SUCCESS, logIndex=1022, commits[ffc7b071-00b3-4a69-8de5-2639a1a8d8ac:c1024]
2019-06-12 16:04:47,535 INFO  client.GrpcClientProtocolClient (GrpcClientProtocolClient.java:onNext(254)) - client-7F7296B99608->ffc7b071-00b3-4a69-8de5-2639a1a8d8ac: receive RaftClientReply:client-7F7296B99608->ffc7b071-00b3-4a69-8de5-2639a1a8d8ac@group-6911E2D50CC5, cid=580, SUCCESS, logIndex=1024, commits[ffc7b071-00b3-4a69-8de5-2639a1a8d8ac:c1025]
2019-06-12 16:04:47,541 INFO  client.GrpcClientProtocolClient (GrpcClientProtocolClient.java:onNext(254)) - client-7F7296B99608->ffc7b071-00b3-4a69-8de5-2639a1a8d8ac: receive RaftClientReply:client-7F7296B99608->ffc7b071-00b3-4a69-8de5-2639a1a8d8ac@group-6911E2D50CC5, cid=581, SUCCESS, logIndex=1026, commits[ffc7b071-00b3-4a69-8de5-2639a1a8d8ac:c1026]
2019-06-12 16:04:47,543 INFO  client.GrpcClientProtocolClient (GrpcClientProtocolClient.java:onNext(254)) - client-7F7296B99608->ffc7b071-00b3-4a69-8de5-2639a1a8d8ac: receive RaftClientReply:client-7F7296B99608->ffc7b071-00b3-4a69-8de5-2639a1a8d8ac@group-6911E2D50CC5, cid=582, SUCCESS, logIndex=1028, commits[ffc7b071-00b3-4a69-8de5-2639a1a8d8ac:c1028]
2019-06-12 16:04:47,544 INFO  client.GrpcClientProtocolClient (GrpcClientProtocolClient.java:onNext(254)) - client-7F7296B99608->ffc7b071-00b3-4a69-8de5-2639a1a8d8ac: receive RaftClientReply:client-7F7296B99608->ffc7b071-00b3-4a69-8de5-2639a1a8d8ac@group-6911E2D50CC5, cid=583, SUCCESS, logIndex=1029, commits[ffc7b071-00b3-4a69-8de5-2639a1a8d8ac:c1031]
2019-06-12 16:04:47,546 INFO  client.GrpcClientProtocolClient (GrpcClientProtocolClient.java:onNext(254)) - client-7F7296B99608->ffc7b071-00b3-4a69-8de5-2639a1a8d8ac: receive RaftClientReply:client-7F7296B99608->ffc7b071-00b3-4a69-8de5-2639a1a8d8ac@group-6911E2D50CC5, cid=584, SUCCESS, logIndex=1031, commits[ffc7b071-00b3-4a69-8de5-2639a1a8d8ac:c1032]
2019-06-12 16:04:47,557 INFO  client.GrpcClientProtocolClient (GrpcClientProtocolClient.java:onNext(254)) - client-7F7296B99608->ffc7b071-00b3-4a69-8de5-2639a1a8d8ac: receive RaftClientReply:client-7F7296B99608->ffc7b071-00b3-4a69-8de5-2639a1a8d8ac@group-6911E2D50CC5, cid=585, SUCCESS, logIndex=1033, commits[ffc7b071-00b3-4a69-8de5-2639a1a8d8ac:c1033]
2019-06-12 16:04:47,558 INFO  client.GrpcClientProtocolClient (GrpcClientProtocolClient.java:onNext(254)) - client-7F7296B99608->ffc7b071-00b3-4a69-8de5-2639a1a8d8ac: receive RaftClientReply:client-7F7296B99608->ffc7b071-00b3-4a69-8de5-2639a1a8d8ac@group-6911E2D50CC5, cid=586, SUCCESS, logIndex=1035, commits[ffc7b071-00b3-4a69-8de5-2639a1a8d8ac:c1035]
2019-06-12 16:04:47,561 INFO  client.GrpcClientProtocolClient (GrpcClientProtocolClient.java:onNext(254)) - client-7F7296B99608->ffc7b071-00b3-4a69-8de5-2639a1a8d8ac: receive RaftClientReply:client-7F7296B99608->ffc7b071-00b3-4a69-8de5-2639a1a8d8ac@group-6911E2D50CC5, cid=587, SUCCESS, logIndex=1037, commits[ffc7b071-00b3-4a69-8de5-2639a1a8d8ac:c1038]
2019-06-12 16:04:47,561 INFO  client.GrpcClientProtocolClient (GrpcClientProtocolClient.java:onNext(254)) - client-7F7296B99608->ffc7b071-00b3-4a69-8de5-2639a1a8d8ac: receive RaftClientReply:client-7F7296B99608->ffc7b071-00b3-4a69-8de5-2639a1a8d8ac@group-6911E2D50CC5, cid=588, SUCCESS, logIndex=1038, commits[ffc7b071-00b3-4a69-8de5-2639a1a8d8ac:c1039]
2019-06-12 16:04:47,567 INFO  client.GrpcClientProtocolClient (GrpcClientProtocolClient.java:onNext(254)) - client-7F7296B99608->ffc7b071-00b3-4a69-8de5-2639a1a8d8ac: receive RaftClientReply:client-7F7296B99608->ffc7b071-00b3-4a69-8de5-2639a1a8d8ac@group-6911E2D50CC5, cid=589, SUCCESS, logIndex=1040, commits[ffc7b071-00b3-4a69-8de5-2639a1a8d8ac:c1040]
2019-06-12 16:04:47,569 INFO  client.GrpcClientProtocolClient (GrpcClientProtocolClient.java:onNext(254)) - client-7F7296B99608->ffc7b071-00b3-4a69-8de5-2639a1a8d8ac: receive RaftClientReply:client-7F7296B99608->ffc7b071-00b3-4a69-8de5-2639a1a8d8ac@group-6911E2D50CC5, cid=590, SUCCESS, logIndex=1042, commits[ffc7b071-00b3-4a69-8de5-2639a1a8d8ac:c1042]
2019-06-12 16:04:47,570 INFO  client.GrpcClientProtocolClient (GrpcClientProtocolClient.java:onNext(254)) - client-7F7296B99608->ffc7b071-00b3-4a69-8de5-2639a1a8d8ac: receive RaftClientReply:client-7F7296B99608->ffc7b071-00b3-4a69-8de5-2639a1a8d8ac@group-6911E2D50CC5, cid=591, SUCCESS, logIndex=1043, commits[ffc7b071-00b3-4a69-8de5-2639a1a8d8ac:c1044]
2019-06-12 16:04:47,572 INFO  client.GrpcClientProtocolClient (GrpcClientProtocolClient.java:onNext(254)) - client-7F7296B99608->ffc7b071-00b3-4a69-8de5-2639a1a8d8ac: receive RaftClientReply:client-7F7296B99608->ffc7b071-00b3-4a69-8de5-2639a1a8d8ac@group-6911E2D50CC5, cid=592, SUCCESS, logIndex=1045, commits[ffc7b071-00b3-4a69-8de5-2639a1a8d8ac:c1045]
2019-06-12 16:04:47,582 INFO  client.GrpcClientProtocolClient (GrpcClientProtocolClient.java:onNext(254)) - client-7F7296B99608->ffc7b071-00b3-4a69-8de5-2639a1a8d8ac: receive RaftClientReply:client-7F7296B99608->ffc7b071-00b3-4a69-8de5-2639a1a8d8ac@group-6911E2D50CC5, cid=593, SUCCESS, logIndex=1047, commits[ffc7b071-00b3-4a69-8de5-2639a1a8d8ac:c1047]
2019-06-12 16:04:47,585 INFO  client.GrpcClientProtocolClient (GrpcClientProtocolClient.java:onNext(254)) - client-7F7296B99608->ffc7b071-00b3-4a69-8de5-2639a1a8d8ac: receive RaftClientReply:client-7F7296B99608->ffc7b071-00b3-4a69-8de5-2639a1a8d8ac@group-6911E2D50CC5, cid=594, SUCCESS, logIndex=1049, commits[ffc7b071-00b3-4a69-8de5-2639a1a8d8ac:c1049]
2019-06-12 16:04:47,586 INFO  client.GrpcClientProtocolClient (GrpcClientProtocolClient.java:onNext(254)) - client-7F7296B99608->ffc7b071-00b3-4a69-8de5-2639a1a8d8ac: receive RaftClientReply:client-7F7296B99608->ffc7b071-00b3-4a69-8de5-2639a1a8d8ac@group-6911E2D50CC5, cid=595, SUCCESS, logIndex=1050, commits[ffc7b071-00b3-4a69-8de5-2639a1a8d8ac:c1052]
2019-06-12 16:04:47,587 DEBUG block.SCMBlockDeletingService (SCMBlockDeletingService.java:call(138)) - Running DeletedBlockTransactionScanner
2019-06-12 16:04:47,587 INFO  client.GrpcClientProtocolClient (GrpcClientProtocolClient.java:onNext(254)) - client-7F7296B99608->ffc7b071-00b3-4a69-8de5-2639a1a8d8ac: receive RaftClientReply:client-7F7296B99608->ffc7b071-00b3-4a69-8de5-2639a1a8d8ac@group-6911E2D50CC5, cid=596, SUCCESS, logIndex=1052, commits[ffc7b071-00b3-4a69-8de5-2639a1a8d8ac:c1052]
2019-06-12 16:04:47,587 DEBUG block.SCMBlockDeletingService (SCMBlockDeletingService.java:call(155)) - Scanned deleted blocks log and got 0 delTX to process.
2019-06-12 16:04:47,598 INFO  client.GrpcClientProtocolClient (GrpcClientProtocolClient.java:onNext(254)) - client-7F7296B99608->ffc7b071-00b3-4a69-8de5-2639a1a8d8ac: receive RaftClientReply:client-7F7296B99608->ffc7b071-00b3-4a69-8de5-2639a1a8d8ac@group-6911E2D50CC5, cid=597, SUCCESS, logIndex=1054, commits[ffc7b071-00b3-4a69-8de5-2639a1a8d8ac:c1054]
2019-06-12 16:04:47,599 INFO  storage.RaftLogWorker (RaftLogWorker.java:rollLogSegment(303)) - ffc7b071-00b3-4a69-8de5-2639a1a8d8ac-RaftLogWorker: Rolling segment log-988_1058 to index:1058
2019-06-12 16:04:47,600 INFO  storage.RaftLogWorker (RaftLogWorker.java:execute(433)) - ffc7b071-00b3-4a69-8de5-2639a1a8d8ac-RaftLogWorker: Rolled log segment from /opt/src/hadoop-ozone/integration-test/target/test-dir/MiniOzoneClusterImpl-a1c7246e-c692-4524-ad55-32b507b20431/datanode-0/data/ratis/4417d833-4fb6-4fa2-9413-6911e2d50cc5/current/log_inprogress_988 to /opt/src/hadoop-ozone/integration-test/target/test-dir/MiniOzoneClusterImpl-a1c7246e-c692-4524-ad55-32b507b20431/datanode-0/data/ratis/4417d833-4fb6-4fa2-9413-6911e2d50cc5/current/log_988-1058
2019-06-12 16:04:47,600 INFO  client.GrpcClientProtocolClient (GrpcClientProtocolClient.java:onNext(254)) - client-7F7296B99608->ffc7b071-00b3-4a69-8de5-2639a1a8d8ac: receive RaftClientReply:client-7F7296B99608->ffc7b071-00b3-4a69-8de5-2639a1a8d8ac@group-6911E2D50CC5, cid=598, SUCCESS, logIndex=1056, commits[ffc7b071-00b3-4a69-8de5-2639a1a8d8ac:c1056]
2019-06-12 16:04:47,602 INFO  client.GrpcClientProtocolClient (GrpcClientProtocolClient.java:onNext(254)) - client-7F7296B99608->ffc7b071-00b3-4a69-8de5-2639a1a8d8ac: receive RaftClientReply:client-7F7296B99608->ffc7b071-00b3-4a69-8de5-2639a1a8d8ac@group-6911E2D50CC5, cid=599, SUCCESS, logIndex=1057, commits[ffc7b071-00b3-4a69-8de5-2639a1a8d8ac:c1058]
2019-06-12 16:04:47,638 INFO  storage.RaftLogWorker (RaftLogWorker.java:execute(469)) - ffc7b071-00b3-4a69-8de5-2639a1a8d8ac-RaftLogWorker: created new log segment /opt/src/hadoop-ozone/integration-test/target/test-dir/MiniOzoneClusterImpl-a1c7246e-c692-4524-ad55-32b507b20431/datanode-0/data/ratis/4417d833-4fb6-4fa2-9413-6911e2d50cc5/current/log_inprogress_1059
2019-06-12 16:04:47,641 INFO  client.GrpcClientProtocolClient (GrpcClientProtocolClient.java:onNext(254)) - client-7F7296B99608->ffc7b071-00b3-4a69-8de5-2639a1a8d8ac: receive RaftClientReply:client-7F7296B99608->ffc7b071-00b3-4a69-8de5-2639a1a8d8ac@group-6911E2D50CC5, cid=600, SUCCESS, logIndex=1059, commits[ffc7b071-00b3-4a69-8de5-2639a1a8d8ac:c1060]
2019-06-12 16:04:47,652 INFO  client.GrpcClientProtocolClient (GrpcClientProtocolClient.java:onNext(254)) - client-7F7296B99608->ffc7b071-00b3-4a69-8de5-2639a1a8d8ac: receive RaftClientReply:client-7F7296B99608->ffc7b071-00b3-4a69-8de5-2639a1a8d8ac@group-6911E2D50CC5, cid=601, SUCCESS, logIndex=1061, commits[ffc7b071-00b3-4a69-8de5-2639a1a8d8ac:c1061]
2019-06-12 16:04:47,653 INFO  client.GrpcClientProtocolClient (GrpcClientProtocolClient.java:onNext(254)) - client-7F7296B99608->ffc7b071-00b3-4a69-8de5-2639a1a8d8ac: receive RaftClientReply:client-7F7296B99608->ffc7b071-00b3-4a69-8de5-2639a1a8d8ac@group-6911E2D50CC5, cid=602, SUCCESS, logIndex=1063, commits[ffc7b071-00b3-4a69-8de5-2639a1a8d8ac:c1063]
2019-06-12 16:04:47,656 INFO  client.GrpcClientProtocolClient (GrpcClientProtocolClient.java:onNext(254)) - client-7F7296B99608->ffc7b071-00b3-4a69-8de5-2639a1a8d8ac: receive RaftClientReply:client-7F7296B99608->ffc7b071-00b3-4a69-8de5-2639a1a8d8ac@group-6911E2D50CC5, cid=603, SUCCESS, logIndex=1065, commits[ffc7b071-00b3-4a69-8de5-2639a1a8d8ac:c1066]
2019-06-12 16:04:47,657 INFO  client.GrpcClientProtocolClient (GrpcClientProtocolClient.java:onNext(254)) - client-7F7296B99608->ffc7b071-00b3-4a69-8de5-2639a1a8d8ac: receive RaftClientReply:client-7F7296B99608->ffc7b071-00b3-4a69-8de5-2639a1a8d8ac@group-6911E2D50CC5, cid=604, SUCCESS, logIndex=1066, commits[ffc7b071-00b3-4a69-8de5-2639a1a8d8ac:c1067]
2019-06-12 16:04:47,663 INFO  client.GrpcClientProtocolClient (GrpcClientProtocolClient.java:onNext(254)) - client-7F7296B99608->ffc7b071-00b3-4a69-8de5-2639a1a8d8ac: receive RaftClientReply:client-7F7296B99608->ffc7b071-00b3-4a69-8de5-2639a1a8d8ac@group-6911E2D50CC5, cid=605, SUCCESS, logIndex=1068, commits[ffc7b071-00b3-4a69-8de5-2639a1a8d8ac:c1068]
2019-06-12 16:04:47,665 INFO  client.GrpcClientProtocolClient (GrpcClientProtocolClient.java:onNext(254)) - client-7F7296B99608->ffc7b071-00b3-4a69-8de5-2639a1a8d8ac: receive RaftClientReply:client-7F7296B99608->ffc7b071-00b3-4a69-8de5-2639a1a8d8ac@group-6911E2D50CC5, cid=606, SUCCESS, logIndex=1070, commits[ffc7b071-00b3-4a69-8de5-2639a1a8d8ac:c1070]
2019-06-12 16:04:47,668 INFO  client.GrpcClientProtocolClient (GrpcClientProtocolClient.java:onNext(254)) - client-7F7296B99608->ffc7b071-00b3-4a69-8de5-2639a1a8d8ac: receive RaftClientReply:client-7F7296B99608->ffc7b071-00b3-4a69-8de5-2639a1a8d8ac@group-6911E2D50CC5, cid=607, SUCCESS, logIndex=1072, commits[ffc7b071-00b3-4a69-8de5-2639a1a8d8ac:c1073]
2019-06-12 16:04:47,668 INFO  client.GrpcClientProtocolClient (GrpcClientProtocolClient.java:onNext(254)) - client-7F7296B99608->ffc7b071-00b3-4a69-8de5-2639a1a8d8ac: receive RaftClientReply:client-7F7296B99608->ffc7b071-00b3-4a69-8de5-2639a1a8d8ac@group-6911E2D50CC5, cid=608, SUCCESS, logIndex=1073, commits[ffc7b071-00b3-4a69-8de5-2639a1a8d8ac:c1074]
2019-06-12 16:04:47,679 INFO  client.GrpcClientProtocolClient (GrpcClientProtocolClient.java:onNext(254)) - client-7F7296B99608->ffc7b071-00b3-4a69-8de5-2639a1a8d8ac: receive RaftClientReply:client-7F7296B99608->ffc7b071-00b3-4a69-8de5-2639a1a8d8ac@group-6911E2D50CC5, cid=609, SUCCESS, logIndex=1075, commits[ffc7b071-00b3-4a69-8de5-2639a1a8d8ac:c1075]
2019-06-12 16:04:47,680 INFO  client.GrpcClientProtocolClient (GrpcClientProtocolClient.java:onNext(254)) - client-7F7296B99608->ffc7b071-00b3-4a69-8de5-2639a1a8d8ac: receive RaftClientReply:client-7F7296B99608->ffc7b071-00b3-4a69-8de5-2639a1a8d8ac@group-6911E2D50CC5, cid=610, SUCCESS, logIndex=1077, commits[ffc7b071-00b3-4a69-8de5-2639a1a8d8ac:c1077]
2019-06-12 16:04:47,681 INFO  client.GrpcClientProtocolClient (GrpcClientProtocolClient.java:onNext(254)) - client-7F7296B99608->ffc7b071-00b3-4a69-8de5-2639a1a8d8ac: receive RaftClientReply:client-7F7296B99608->ffc7b071-00b3-4a69-8de5-2639a1a8d8ac@group-6911E2D50CC5, cid=611, SUCCESS, logIndex=1078, commits[ffc7b071-00b3-4a69-8de5-2639a1a8d8ac:c1080]
2019-06-12 16:04:47,682 INFO  client.GrpcClientProtocolClient (GrpcClientProtocolClient.java:onNext(254)) - client-7F7296B99608->ffc7b071-00b3-4a69-8de5-2639a1a8d8ac: receive RaftClientReply:client-7F7296B99608->ffc7b071-00b3-4a69-8de5-2639a1a8d8ac@group-6911E2D50CC5, cid=612, SUCCESS, logIndex=1080, commits[ffc7b071-00b3-4a69-8de5-2639a1a8d8ac:c1081]
2019-06-12 16:04:47,687 DEBUG block.SCMBlockDeletingService (SCMBlockDeletingService.java:call(138)) - Running DeletedBlockTransactionScanner
2019-06-12 16:04:47,688 DEBUG block.SCMBlockDeletingService (SCMBlockDeletingService.java:call(155)) - Scanned deleted blocks log and got 0 delTX to process.
2019-06-12 16:04:47,689 INFO  client.GrpcClientProtocolClient (GrpcClientProtocolClient.java:onNext(254)) - client-7F7296B99608->ffc7b071-00b3-4a69-8de5-2639a1a8d8ac: receive RaftClientReply:client-7F7296B99608->ffc7b071-00b3-4a69-8de5-2639a1a8d8ac@group-6911E2D50CC5, cid=613, SUCCESS, logIndex=1082, commits[ffc7b071-00b3-4a69-8de5-2639a1a8d8ac:c1082]
2019-06-12 16:04:47,690 INFO  client.GrpcClientProtocolClient (GrpcClientProtocolClient.java:onNext(254)) - client-7F7296B99608->ffc7b071-00b3-4a69-8de5-2639a1a8d8ac: receive RaftClientReply:client-7F7296B99608->ffc7b071-00b3-4a69-8de5-2639a1a8d8ac@group-6911E2D50CC5, cid=614, SUCCESS, logIndex=1084, commits[ffc7b071-00b3-4a69-8de5-2639a1a8d8ac:c1084]
2019-06-12 16:04:47,693 INFO  client.GrpcClientProtocolClient (GrpcClientProtocolClient.java:onNext(254)) - client-7F7296B99608->ffc7b071-00b3-4a69-8de5-2639a1a8d8ac: receive RaftClientReply:client-7F7296B99608->ffc7b071-00b3-4a69-8de5-2639a1a8d8ac@group-6911E2D50CC5, cid=615, SUCCESS, logIndex=1086, commits[ffc7b071-00b3-4a69-8de5-2639a1a8d8ac:c1087]
2019-06-12 16:04:47,693 INFO  client.GrpcClientProtocolClient (GrpcClientProtocolClient.java:onNext(254)) - client-7F7296B99608->ffc7b071-00b3-4a69-8de5-2639a1a8d8ac: receive RaftClientReply:client-7F7296B99608->ffc7b071-00b3-4a69-8de5-2639a1a8d8ac@group-6911E2D50CC5, cid=616, SUCCESS, logIndex=1087, commits[ffc7b071-00b3-4a69-8de5-2639a1a8d8ac:c1088]
2019-06-12 16:04:47,709 INFO  client.GrpcClientProtocolClient (GrpcClientProtocolClient.java:onNext(254)) - client-7F7296B99608->ffc7b071-00b3-4a69-8de5-2639a1a8d8ac: receive RaftClientReply:client-7F7296B99608->ffc7b071-00b3-4a69-8de5-2639a1a8d8ac@group-6911E2D50CC5, cid=617, SUCCESS, logIndex=1089, commits[ffc7b071-00b3-4a69-8de5-2639a1a8d8ac:c1089]
2019-06-12 16:04:47,710 INFO  client.GrpcClientProtocolClient (GrpcClientProtocolClient.java:onNext(254)) - client-7F7296B99608->ffc7b071-00b3-4a69-8de5-2639a1a8d8ac: receive RaftClientReply:client-7F7296B99608->ffc7b071-00b3-4a69-8de5-2639a1a8d8ac@group-6911E2D50CC5, cid=618, SUCCESS, logIndex=1091, commits[ffc7b071-00b3-4a69-8de5-2639a1a8d8ac:c1091]
2019-06-12 16:04:47,817 DEBUG block.SCMBlockDeletingService (SCMBlockDeletingService.java:call(138)) - Running DeletedBlockTransactionScanner
2019-06-12 16:04:47,818 DEBUG block.SCMBlockDeletingService (SCMBlockDeletingService.java:call(155)) - Scanned deleted blocks log and got 0 delTX to process.
2019-06-12 16:04:47,829 INFO  client.GrpcClientProtocolClient (GrpcClientProtocolClient.java:onNext(254)) - client-7F7296B99608->ffc7b071-00b3-4a69-8de5-2639a1a8d8ac: receive RaftClientReply:client-7F7296B99608->ffc7b071-00b3-4a69-8de5-2639a1a8d8ac@group-6911E2D50CC5, cid=619, SUCCESS, logIndex=1093, commits[ffc7b071-00b3-4a69-8de5-2639a1a8d8ac:c1093]
2019-06-12 16:04:47,831 INFO  client.GrpcClientProtocolClient (GrpcClientProtocolClient.java:onNext(254)) - client-7F7296B99608->ffc7b071-00b3-4a69-8de5-2639a1a8d8ac: receive RaftClientReply:client-7F7296B99608->ffc7b071-00b3-4a69-8de5-2639a1a8d8ac@group-6911E2D50CC5, cid=620, SUCCESS, logIndex=1095, commits[ffc7b071-00b3-4a69-8de5-2639a1a8d8ac:c1095]
2019-06-12 16:04:47,842 INFO  client.GrpcClientProtocolClient (GrpcClientProtocolClient.java:onNext(254)) - client-7F7296B99608->ffc7b071-00b3-4a69-8de5-2639a1a8d8ac: receive RaftClientReply:client-7F7296B99608->ffc7b071-00b3-4a69-8de5-2639a1a8d8ac@group-6911E2D50CC5, cid=621, SUCCESS, logIndex=1097, commits[ffc7b071-00b3-4a69-8de5-2639a1a8d8ac:c1097]
2019-06-12 16:04:47,850 INFO  client.GrpcClientProtocolClient (GrpcClientProtocolClient.java:onNext(254)) - client-7F7296B99608->ffc7b071-00b3-4a69-8de5-2639a1a8d8ac: receive RaftClientReply:client-7F7296B99608->ffc7b071-00b3-4a69-8de5-2639a1a8d8ac@group-6911E2D50CC5, cid=622, SUCCESS, logIndex=1099, commits[ffc7b071-00b3-4a69-8de5-2639a1a8d8ac:c1099]
2019-06-12 16:04:47,851 INFO  client.GrpcClientProtocolClient (GrpcClientProtocolClient.java:onNext(254)) - client-7F7296B99608->ffc7b071-00b3-4a69-8de5-2639a1a8d8ac: receive RaftClientReply:client-7F7296B99608->ffc7b071-00b3-4a69-8de5-2639a1a8d8ac@group-6911E2D50CC5, cid=623, SUCCESS, logIndex=1100, commits[ffc7b071-00b3-4a69-8de5-2639a1a8d8ac:c1101]
2019-06-12 16:04:47,851 INFO  client.GrpcClientProtocolClient (GrpcClientProtocolClient.java:onNext(254)) - client-7F7296B99608->ffc7b071-00b3-4a69-8de5-2639a1a8d8ac: receive RaftClientReply:client-7F7296B99608->ffc7b071-00b3-4a69-8de5-2639a1a8d8ac@group-6911E2D50CC5, cid=624, SUCCESS, logIndex=1101, commits[ffc7b071-00b3-4a69-8de5-2639a1a8d8ac:c1102]
2019-06-12 16:04:47,862 INFO  client.GrpcClientProtocolClient (GrpcClientProtocolClient.java:onNext(254)) - client-7F7296B99608->ffc7b071-00b3-4a69-8de5-2639a1a8d8ac: receive RaftClientReply:client-7F7296B99608->ffc7b071-00b3-4a69-8de5-2639a1a8d8ac@group-6911E2D50CC5, cid=625, SUCCESS, logIndex=1104, commits[ffc7b071-00b3-4a69-8de5-2639a1a8d8ac:c1104]
2019-06-12 16:04:47,865 INFO  client.GrpcClientProtocolClient (GrpcClientProtocolClient.java:onNext(254)) - client-7F7296B99608->ffc7b071-00b3-4a69-8de5-2639a1a8d8ac: receive RaftClientReply:client-7F7296B99608->ffc7b071-00b3-4a69-8de5-2639a1a8d8ac@group-6911E2D50CC5, cid=626, SUCCESS, logIndex=1106, commits[ffc7b071-00b3-4a69-8de5-2639a1a8d8ac:c1106]
2019-06-12 16:04:47,865 INFO  client.GrpcClientProtocolClient (GrpcClientProtocolClient.java:onNext(254)) - client-7F7296B99608->ffc7b071-00b3-4a69-8de5-2639a1a8d8ac: receive RaftClientReply:client-7F7296B99608->ffc7b071-00b3-4a69-8de5-2639a1a8d8ac@group-6911E2D50CC5, cid=627, SUCCESS, logIndex=1107, commits[ffc7b071-00b3-4a69-8de5-2639a1a8d8ac:c1109]
2019-06-12 16:04:47,865 INFO  client.GrpcClientProtocolClient (GrpcClientProtocolClient.java:onNext(254)) - client-7F7296B99608->ffc7b071-00b3-4a69-8de5-2639a1a8d8ac: receive RaftClientReply:client-7F7296B99608->ffc7b071-00b3-4a69-8de5-2639a1a8d8ac@group-6911E2D50CC5, cid=628, SUCCESS, logIndex=1108, commits[ffc7b071-00b3-4a69-8de5-2639a1a8d8ac:c1109]
2019-06-12 16:04:47,872 INFO  client.GrpcClientProtocolClient (GrpcClientProtocolClient.java:onNext(254)) - client-7F7296B99608->ffc7b071-00b3-4a69-8de5-2639a1a8d8ac: receive RaftClientReply:client-7F7296B99608->ffc7b071-00b3-4a69-8de5-2639a1a8d8ac@group-6911E2D50CC5, cid=629, SUCCESS, logIndex=1110, commits[ffc7b071-00b3-4a69-8de5-2639a1a8d8ac:c1110]
2019-06-12 16:04:47,875 INFO  client.GrpcClientProtocolClient (GrpcClientProtocolClient.java:onNext(254)) - client-7F7296B99608->ffc7b071-00b3-4a69-8de5-2639a1a8d8ac: receive RaftClientReply:client-7F7296B99608->ffc7b071-00b3-4a69-8de5-2639a1a8d8ac@group-6911E2D50CC5, cid=630, SUCCESS, logIndex=1112, commits[ffc7b071-00b3-4a69-8de5-2639a1a8d8ac:c1112]
2019-06-12 16:04:47,876 INFO  client.GrpcClientProtocolClient (GrpcClientProtocolClient.java:onNext(254)) - client-7F7296B99608->ffc7b071-00b3-4a69-8de5-2639a1a8d8ac: receive RaftClientReply:client-7F7296B99608->ffc7b071-00b3-4a69-8de5-2639a1a8d8ac@group-6911E2D50CC5, cid=631, SUCCESS, logIndex=1113, commits[ffc7b071-00b3-4a69-8de5-2639a1a8d8ac:c1115]
2019-06-12 16:04:47,876 INFO  client.GrpcClientProtocolClient (GrpcClientProtocolClient.java:onNext(254)) - client-7F7296B99608->ffc7b071-00b3-4a69-8de5-2639a1a8d8ac: receive RaftClientReply:client-7F7296B99608->ffc7b071-00b3-4a69-8de5-2639a1a8d8ac@group-6911E2D50CC5, cid=632, SUCCESS, logIndex=1114, commits[ffc7b071-00b3-4a69-8de5-2639a1a8d8ac:c1115]
2019-06-12 16:04:47,885 INFO  client.GrpcClientProtocolClient (GrpcClientProtocolClient.java:onNext(254)) - client-7F7296B99608->ffc7b071-00b3-4a69-8de5-2639a1a8d8ac: receive RaftClientReply:client-7F7296B99608->ffc7b071-00b3-4a69-8de5-2639a1a8d8ac@group-6911E2D50CC5, cid=633, SUCCESS, logIndex=1116, commits[ffc7b071-00b3-4a69-8de5-2639a1a8d8ac:c1116]
2019-06-12 16:04:47,889 INFO  client.GrpcClientProtocolClient (GrpcClientProtocolClient.java:onNext(254)) - client-7F7296B99608->ffc7b071-00b3-4a69-8de5-2639a1a8d8ac: receive RaftClientReply:client-7F7296B99608->ffc7b071-00b3-4a69-8de5-2639a1a8d8ac@group-6911E2D50CC5, cid=634, SUCCESS, logIndex=1118, commits[ffc7b071-00b3-4a69-8de5-2639a1a8d8ac:c1122]
2019-06-12 16:04:47,890 INFO  client.GrpcClientProtocolClient (GrpcClientProtocolClient.java:onNext(254)) - client-7F7296B99608->ffc7b071-00b3-4a69-8de5-2639a1a8d8ac: receive RaftClientReply:client-7F7296B99608->ffc7b071-00b3-4a69-8de5-2639a1a8d8ac@group-6911E2D50CC5, cid=635, SUCCESS, logIndex=1119, commits[ffc7b071-00b3-4a69-8de5-2639a1a8d8ac:c1122]
2019-06-12 16:04:47,890 INFO  client.GrpcClientProtocolClient (GrpcClientProtocolClient.java:onNext(254)) - client-7F7296B99608->ffc7b071-00b3-4a69-8de5-2639a1a8d8ac: receive RaftClientReply:client-7F7296B99608->ffc7b071-00b3-4a69-8de5-2639a1a8d8ac@group-6911E2D50CC5, cid=636, SUCCESS, logIndex=1120, commits[ffc7b071-00b3-4a69-8de5-2639a1a8d8ac:c1122]
2019-06-12 16:04:47,897 INFO  client.GrpcClientProtocolClient (GrpcClientProtocolClient.java:onNext(254)) - client-7F7296B99608->ffc7b071-00b3-4a69-8de5-2639a1a8d8ac: receive RaftClientReply:client-7F7296B99608->ffc7b071-00b3-4a69-8de5-2639a1a8d8ac@group-6911E2D50CC5, cid=637, SUCCESS, logIndex=1123, commits[ffc7b071-00b3-4a69-8de5-2639a1a8d8ac:c1123]
2019-06-12 16:04:47,902 INFO  client.GrpcClientProtocolClient (GrpcClientProtocolClient.java:onNext(254)) - client-7F7296B99608->ffc7b071-00b3-4a69-8de5-2639a1a8d8ac: receive RaftClientReply:client-7F7296B99608->ffc7b071-00b3-4a69-8de5-2639a1a8d8ac@group-6911E2D50CC5, cid=638, SUCCESS, logIndex=1125, commits[ffc7b071-00b3-4a69-8de5-2639a1a8d8ac:c1125]
2019-06-12 16:04:47,902 INFO  client.GrpcClientProtocolClient (GrpcClientProtocolClient.java:onNext(254)) - client-7F7296B99608->ffc7b071-00b3-4a69-8de5-2639a1a8d8ac: receive RaftClientReply:client-7F7296B99608->ffc7b071-00b3-4a69-8de5-2639a1a8d8ac@group-6911E2D50CC5, cid=639, SUCCESS, logIndex=1126, commits[ffc7b071-00b3-4a69-8de5-2639a1a8d8ac:c1128]
2019-06-12 16:04:47,903 INFO  client.GrpcClientProtocolClient (GrpcClientProtocolClient.java:onNext(254)) - client-7F7296B99608->ffc7b071-00b3-4a69-8de5-2639a1a8d8ac: receive RaftClientReply:client-7F7296B99608->ffc7b071-00b3-4a69-8de5-2639a1a8d8ac@group-6911E2D50CC5, cid=640, SUCCESS, logIndex=1128, commits[ffc7b071-00b3-4a69-8de5-2639a1a8d8ac:c1128]
2019-06-12 16:04:47,918 DEBUG block.SCMBlockDeletingService (SCMBlockDeletingService.java:call(138)) - Running DeletedBlockTransactionScanner
2019-06-12 16:04:47,918 DEBUG block.SCMBlockDeletingService (SCMBlockDeletingService.java:call(155)) - Scanned deleted blocks log and got 0 delTX to process.
2019-06-12 16:04:47,920 INFO  client.GrpcClientProtocolClient (GrpcClientProtocolClient.java:onNext(254)) - client-7F7296B99608->ffc7b071-00b3-4a69-8de5-2639a1a8d8ac: receive RaftClientReply:client-7F7296B99608->ffc7b071-00b3-4a69-8de5-2639a1a8d8ac@group-6911E2D50CC5, cid=641, SUCCESS, logIndex=1130, commits[ffc7b071-00b3-4a69-8de5-2639a1a8d8ac:c1130]
2019-06-12 16:04:47,921 INFO  storage.RaftLogWorker (RaftLogWorker.java:rollLogSegment(303)) - ffc7b071-00b3-4a69-8de5-2639a1a8d8ac-RaftLogWorker: Rolling segment log-1059_1132 to index:1132
2019-06-12 16:04:47,921 INFO  storage.RaftLogWorker (RaftLogWorker.java:execute(433)) - ffc7b071-00b3-4a69-8de5-2639a1a8d8ac-RaftLogWorker: Rolled log segment from /opt/src/hadoop-ozone/integration-test/target/test-dir/MiniOzoneClusterImpl-a1c7246e-c692-4524-ad55-32b507b20431/datanode-0/data/ratis/4417d833-4fb6-4fa2-9413-6911e2d50cc5/current/log_inprogress_1059 to /opt/src/hadoop-ozone/integration-test/target/test-dir/MiniOzoneClusterImpl-a1c7246e-c692-4524-ad55-32b507b20431/datanode-0/data/ratis/4417d833-4fb6-4fa2-9413-6911e2d50cc5/current/log_1059-1132
2019-06-12 16:04:47,927 INFO  client.GrpcClientProtocolClient (GrpcClientProtocolClient.java:onNext(254)) - client-7F7296B99608->ffc7b071-00b3-4a69-8de5-2639a1a8d8ac: receive RaftClientReply:client-7F7296B99608->ffc7b071-00b3-4a69-8de5-2639a1a8d8ac@group-6911E2D50CC5, cid=642, SUCCESS, logIndex=1132, commits[ffc7b071-00b3-4a69-8de5-2639a1a8d8ac:c1132]
2019-06-12 16:04:47,958 INFO  storage.RaftLogWorker (RaftLogWorker.java:execute(469)) - ffc7b071-00b3-4a69-8de5-2639a1a8d8ac-RaftLogWorker: created new log segment /opt/src/hadoop-ozone/integration-test/target/test-dir/MiniOzoneClusterImpl-a1c7246e-c692-4524-ad55-32b507b20431/datanode-0/data/ratis/4417d833-4fb6-4fa2-9413-6911e2d50cc5/current/log_inprogress_1133
2019-06-12 16:04:47,960 INFO  client.GrpcClientProtocolClient (GrpcClientProtocolClient.java:onNext(254)) - client-7F7296B99608->ffc7b071-00b3-4a69-8de5-2639a1a8d8ac: receive RaftClientReply:client-7F7296B99608->ffc7b071-00b3-4a69-8de5-2639a1a8d8ac@group-6911E2D50CC5, cid=643, SUCCESS, logIndex=1133, commits[ffc7b071-00b3-4a69-8de5-2639a1a8d8ac:c1134]
2019-06-12 16:04:47,962 INFO  client.GrpcClientProtocolClient (GrpcClientProtocolClient.java:onNext(254)) - client-7F7296B99608->ffc7b071-00b3-4a69-8de5-2639a1a8d8ac: receive RaftClientReply:client-7F7296B99608->ffc7b071-00b3-4a69-8de5-2639a1a8d8ac@group-6911E2D50CC5, cid=644, SUCCESS, logIndex=1135, commits[ffc7b071-00b3-4a69-8de5-2639a1a8d8ac:c1135]
2019-06-12 16:04:47,969 INFO  client.GrpcClientProtocolClient (GrpcClientProtocolClient.java:onNext(254)) - client-7F7296B99608->ffc7b071-00b3-4a69-8de5-2639a1a8d8ac: receive RaftClientReply:client-7F7296B99608->ffc7b071-00b3-4a69-8de5-2639a1a8d8ac@group-6911E2D50CC5, cid=645, SUCCESS, logIndex=1137, commits[ffc7b071-00b3-4a69-8de5-2639a1a8d8ac:c1137]
2019-06-12 16:04:47,971 INFO  client.GrpcClientProtocolClient (GrpcClientProtocolClient.java:onNext(254)) - client-7F7296B99608->ffc7b071-00b3-4a69-8de5-2639a1a8d8ac: receive RaftClientReply:client-7F7296B99608->ffc7b071-00b3-4a69-8de5-2639a1a8d8ac@group-6911E2D50CC5, cid=646, SUCCESS, logIndex=1139, commits[ffc7b071-00b3-4a69-8de5-2639a1a8d8ac:c1139]
2019-06-12 16:04:47,972 INFO  client.GrpcClientProtocolClient (GrpcClientProtocolClient.java:onNext(254)) - client-7F7296B99608->ffc7b071-00b3-4a69-8de5-2639a1a8d8ac: receive RaftClientReply:client-7F7296B99608->ffc7b071-00b3-4a69-8de5-2639a1a8d8ac@group-6911E2D50CC5, cid=647, SUCCESS, logIndex=1140, commits[ffc7b071-00b3-4a69-8de5-2639a1a8d8ac:c1142]
2019-06-12 16:04:47,972 INFO  client.GrpcClientProtocolClient (GrpcClientProtocolClient.java:onNext(254)) - client-7F7296B99608->ffc7b071-00b3-4a69-8de5-2639a1a8d8ac: receive RaftClientReply:client-7F7296B99608->ffc7b071-00b3-4a69-8de5-2639a1a8d8ac@group-6911E2D50CC5, cid=648, SUCCESS, logIndex=1142, commits[ffc7b071-00b3-4a69-8de5-2639a1a8d8ac:c1143]
2019-06-12 16:04:47,981 INFO  client.GrpcClientProtocolClient (GrpcClientProtocolClient.java:onNext(254)) - client-7F7296B99608->ffc7b071-00b3-4a69-8de5-2639a1a8d8ac: receive RaftClientReply:client-7F7296B99608->ffc7b071-00b3-4a69-8de5-2639a1a8d8ac@group-6911E2D50CC5, cid=649, SUCCESS, logIndex=1144, commits[ffc7b071-00b3-4a69-8de5-2639a1a8d8ac:c1144]
2019-06-12 16:04:47,985 INFO  client.GrpcClientProtocolClient (GrpcClientProtocolClient.java:onNext(254)) - client-7F7296B99608->ffc7b071-00b3-4a69-8de5-2639a1a8d8ac: receive RaftClientReply:client-7F7296B99608->ffc7b071-00b3-4a69-8de5-2639a1a8d8ac@group-6911E2D50CC5, cid=650, SUCCESS, logIndex=1146, commits[ffc7b071-00b3-4a69-8de5-2639a1a8d8ac:c1146]
2019-06-12 16:04:47,985 INFO  client.GrpcClientProtocolClient (GrpcClientProtocolClient.java:onNext(254)) - client-7F7296B99608->ffc7b071-00b3-4a69-8de5-2639a1a8d8ac: receive RaftClientReply:client-7F7296B99608->ffc7b071-00b3-4a69-8de5-2639a1a8d8ac@group-6911E2D50CC5, cid=651, SUCCESS, logIndex=1147, commits[ffc7b071-00b3-4a69-8de5-2639a1a8d8ac:c1149]
2019-06-12 16:04:47,986 INFO  client.GrpcClientProtocolClient (GrpcClientProtocolClient.java:onNext(254)) - client-7F7296B99608->ffc7b071-00b3-4a69-8de5-2639a1a8d8ac: receive RaftClientReply:client-7F7296B99608->ffc7b071-00b3-4a69-8de5-2639a1a8d8ac@group-6911E2D50CC5, cid=652, SUCCESS, logIndex=1149, commits[ffc7b071-00b3-4a69-8de5-2639a1a8d8ac:c1150]
2019-06-12 16:04:47,992 INFO  client.GrpcClientProtocolClient (GrpcClientProtocolClient.java:onNext(254)) - client-7F7296B99608->ffc7b071-00b3-4a69-8de5-2639a1a8d8ac: receive RaftClientReply:client-7F7296B99608->ffc7b071-00b3-4a69-8de5-2639a1a8d8ac@group-6911E2D50CC5, cid=653, SUCCESS, logIndex=1151, commits[ffc7b071-00b3-4a69-8de5-2639a1a8d8ac:c1151]
2019-06-12 16:04:47,993 INFO  client.GrpcClientProtocolClient (GrpcClientProtocolClient.java:onNext(254)) - client-7F7296B99608->ffc7b071-00b3-4a69-8de5-2639a1a8d8ac: receive RaftClientReply:client-7F7296B99608->ffc7b071-00b3-4a69-8de5-2639a1a8d8ac@group-6911E2D50CC5, cid=654, SUCCESS, logIndex=1153, commits[ffc7b071-00b3-4a69-8de5-2639a1a8d8ac:c1153]
2019-06-12 16:04:47,994 INFO  client.GrpcClientProtocolClient (GrpcClientProtocolClient.java:onNext(254)) - client-7F7296B99608->ffc7b071-00b3-4a69-8de5-2639a1a8d8ac: receive RaftClientReply:client-7F7296B99608->ffc7b071-00b3-4a69-8de5-2639a1a8d8ac@group-6911E2D50CC5, cid=655, SUCCESS, logIndex=1154, commits[ffc7b071-00b3-4a69-8de5-2639a1a8d8ac:c1156]
2019-06-12 16:04:47,995 INFO  client.GrpcClientProtocolClient (GrpcClientProtocolClient.java:onNext(254)) - client-7F7296B99608->ffc7b071-00b3-4a69-8de5-2639a1a8d8ac: receive RaftClientReply:client-7F7296B99608->ffc7b071-00b3-4a69-8de5-2639a1a8d8ac@group-6911E2D50CC5, cid=656, SUCCESS, logIndex=1156, commits[ffc7b071-00b3-4a69-8de5-2639a1a8d8ac:c1156]
2019-06-12 16:04:48,005 INFO  client.GrpcClientProtocolClient (GrpcClientProtocolClient.java:onNext(254)) - client-7F7296B99608->ffc7b071-00b3-4a69-8de5-2639a1a8d8ac: receive RaftClientReply:client-7F7296B99608->ffc7b071-00b3-4a69-8de5-2639a1a8d8ac@group-6911E2D50CC5, cid=657, SUCCESS, logIndex=1158, commits[ffc7b071-00b3-4a69-8de5-2639a1a8d8ac:c1158]
2019-06-12 16:04:48,007 INFO  client.GrpcClientProtocolClient (GrpcClientProtocolClient.java:onNext(254)) - client-7F7296B99608->ffc7b071-00b3-4a69-8de5-2639a1a8d8ac: receive RaftClientReply:client-7F7296B99608->ffc7b071-00b3-4a69-8de5-2639a1a8d8ac@group-6911E2D50CC5, cid=658, SUCCESS, logIndex=1160, commits[ffc7b071-00b3-4a69-8de5-2639a1a8d8ac:c1160]
2019-06-12 16:04:48,008 INFO  client.GrpcClientProtocolClient (GrpcClientProtocolClient.java:onNext(254)) - client-7F7296B99608->ffc7b071-00b3-4a69-8de5-2639a1a8d8ac: receive RaftClientReply:client-7F7296B99608->ffc7b071-00b3-4a69-8de5-2639a1a8d8ac@group-6911E2D50CC5, cid=659, SUCCESS, logIndex=1161, commits[ffc7b071-00b3-4a69-8de5-2639a1a8d8ac:c1161]
2019-06-12 16:04:48,009 INFO  client.GrpcClientProtocolClient (GrpcClientProtocolClient.java:onNext(254)) - client-7F7296B99608->ffc7b071-00b3-4a69-8de5-2639a1a8d8ac: receive RaftClientReply:client-7F7296B99608->ffc7b071-00b3-4a69-8de5-2639a1a8d8ac@group-6911E2D50CC5, cid=660, SUCCESS, logIndex=1164, commits[ffc7b071-00b3-4a69-8de5-2639a1a8d8ac:c1164]
2019-06-12 16:04:48,016 INFO  client.GrpcClientProtocolClient (GrpcClientProtocolClient.java:onNext(254)) - client-7F7296B99608->ffc7b071-00b3-4a69-8de5-2639a1a8d8ac: receive RaftClientReply:client-7F7296B99608->ffc7b071-00b3-4a69-8de5-2639a1a8d8ac@group-6911E2D50CC5, cid=661, SUCCESS, logIndex=1166, commits[ffc7b071-00b3-4a69-8de5-2639a1a8d8ac:c1166]
2019-06-12 16:04:48,017 INFO  client.GrpcClientProtocolClient (GrpcClientProtocolClient.java:onNext(254)) - client-7F7296B99608->ffc7b071-00b3-4a69-8de5-2639a1a8d8ac: receive RaftClientReply:client-7F7296B99608->ffc7b071-00b3-4a69-8de5-2639a1a8d8ac@group-6911E2D50CC5, cid=662, SUCCESS, logIndex=1168, commits[ffc7b071-00b3-4a69-8de5-2639a1a8d8ac:c1168]
2019-06-12 16:04:48,019 DEBUG block.SCMBlockDeletingService (SCMBlockDeletingService.java:call(138)) - Running DeletedBlockTransactionScanner
2019-06-12 16:04:48,019 DEBUG block.SCMBlockDeletingService (SCMBlockDeletingService.java:call(155)) - Scanned deleted blocks log and got 0 delTX to process.
2019-06-12 16:04:48,085 INFO  client.GrpcClientProtocolClient (GrpcClientProtocolClient.java:onNext(254)) - client-7F7296B99608->ffc7b071-00b3-4a69-8de5-2639a1a8d8ac: receive RaftClientReply:client-7F7296B99608->ffc7b071-00b3-4a69-8de5-2639a1a8d8ac@group-6911E2D50CC5, cid=663, SUCCESS, logIndex=1170, commits[ffc7b071-00b3-4a69-8de5-2639a1a8d8ac:c1170]
2019-06-12 16:04:48,087 INFO  client.GrpcClientProtocolClient (GrpcClientProtocolClient.java:onNext(254)) - client-7F7296B99608->ffc7b071-00b3-4a69-8de5-2639a1a8d8ac: receive RaftClientReply:client-7F7296B99608->ffc7b071-00b3-4a69-8de5-2639a1a8d8ac@group-6911E2D50CC5, cid=664, SUCCESS, logIndex=1172, commits[ffc7b071-00b3-4a69-8de5-2639a1a8d8ac:c1172]
2019-06-12 16:04:48,099 INFO  client.GrpcClientProtocolClient (GrpcClientProtocolClient.java:onNext(254)) - client-7F7296B99608->ffc7b071-00b3-4a69-8de5-2639a1a8d8ac: receive RaftClientReply:client-7F7296B99608->ffc7b071-00b3-4a69-8de5-2639a1a8d8ac@group-6911E2D50CC5, cid=665, SUCCESS, logIndex=1174, commits[ffc7b071-00b3-4a69-8de5-2639a1a8d8ac:c1174]
2019-06-12 16:04:48,102 INFO  client.GrpcClientProtocolClient (GrpcClientProtocolClient.java:onNext(254)) - client-7F7296B99608->ffc7b071-00b3-4a69-8de5-2639a1a8d8ac: receive RaftClientReply:client-7F7296B99608->ffc7b071-00b3-4a69-8de5-2639a1a8d8ac@group-6911E2D50CC5, cid=666, SUCCESS, logIndex=1176, commits[ffc7b071-00b3-4a69-8de5-2639a1a8d8ac:c1176]
2019-06-12 16:04:48,103 INFO  client.GrpcClientProtocolClient (GrpcClientProtocolClient.java:onNext(254)) - client-7F7296B99608->ffc7b071-00b3-4a69-8de5-2639a1a8d8ac: receive RaftClientReply:client-7F7296B99608->ffc7b071-00b3-4a69-8de5-2639a1a8d8ac@group-6911E2D50CC5, cid=667, SUCCESS, logIndex=1177, commits[ffc7b071-00b3-4a69-8de5-2639a1a8d8ac:c1179]
2019-06-12 16:04:48,103 INFO  client.GrpcClientProtocolClient (GrpcClientProtocolClient.java:onNext(254)) - client-7F7296B99608->ffc7b071-00b3-4a69-8de5-2639a1a8d8ac: receive RaftClientReply:client-7F7296B99608->ffc7b071-00b3-4a69-8de5-2639a1a8d8ac@group-6911E2D50CC5, cid=668, SUCCESS, logIndex=1178, commits[ffc7b071-00b3-4a69-8de5-2639a1a8d8ac:c1179]
2019-06-12 16:04:48,112 INFO  client.GrpcClientProtocolClient (GrpcClientProtocolClient.java:onNext(254)) - client-7F7296B99608->ffc7b071-00b3-4a69-8de5-2639a1a8d8ac: receive RaftClientReply:client-7F7296B99608->ffc7b071-00b3-4a69-8de5-2639a1a8d8ac@group-6911E2D50CC5, cid=669, SUCCESS, logIndex=1180, commits[ffc7b071-00b3-4a69-8de5-2639a1a8d8ac:c1180]
2019-06-12 16:04:48,113 INFO  client.GrpcClientProtocolClient (GrpcClientProtocolClient.java:onNext(254)) - client-7F7296B99608->ffc7b071-00b3-4a69-8de5-2639a1a8d8ac: receive RaftClientReply:client-7F7296B99608->ffc7b071-00b3-4a69-8de5-2639a1a8d8ac@group-6911E2D50CC5, cid=670, SUCCESS, logIndex=1182, commits[ffc7b071-00b3-4a69-8de5-2639a1a8d8ac:c1182]
2019-06-12 16:04:48,115 INFO  client.GrpcClientProtocolClient (GrpcClientProtocolClient.java:onNext(254)) - client-7F7296B99608->ffc7b071-00b3-4a69-8de5-2639a1a8d8ac: receive RaftClientReply:client-7F7296B99608->ffc7b071-00b3-4a69-8de5-2639a1a8d8ac@group-6911E2D50CC5, cid=671, SUCCESS, logIndex=1183, commits[ffc7b071-00b3-4a69-8de5-2639a1a8d8ac:c1185]
2019-06-12 16:04:48,115 INFO  client.GrpcClientProtocolClient (GrpcClientProtocolClient.java:onNext(254)) - client-7F7296B99608->ffc7b071-00b3-4a69-8de5-2639a1a8d8ac: receive RaftClientReply:client-7F7296B99608->ffc7b071-00b3-4a69-8de5-2639a1a8d8ac@group-6911E2D50CC5, cid=672, SUCCESS, logIndex=1185, commits[ffc7b071-00b3-4a69-8de5-2639a1a8d8ac:c1186]
2019-06-12 16:04:48,119 DEBUG block.SCMBlockDeletingService (SCMBlockDeletingService.java:call(138)) - Running DeletedBlockTransactionScanner
2019-06-12 16:04:48,119 DEBUG block.SCMBlockDeletingService (SCMBlockDeletingService.java:call(155)) - Scanned deleted blocks log and got 0 delTX to process.
2019-06-12 16:04:48,126 INFO  client.GrpcClientProtocolClient (GrpcClientProtocolClient.java:onNext(254)) - client-7F7296B99608->ffc7b071-00b3-4a69-8de5-2639a1a8d8ac: receive RaftClientReply:client-7F7296B99608->ffc7b071-00b3-4a69-8de5-2639a1a8d8ac@group-6911E2D50CC5, cid=673, SUCCESS, logIndex=1187, commits[ffc7b071-00b3-4a69-8de5-2639a1a8d8ac:c1187]
2019-06-12 16:04:48,128 INFO  client.GrpcClientProtocolClient (GrpcClientProtocolClient.java:onNext(254)) - client-7F7296B99608->ffc7b071-00b3-4a69-8de5-2639a1a8d8ac: receive RaftClientReply:client-7F7296B99608->ffc7b071-00b3-4a69-8de5-2639a1a8d8ac@group-6911E2D50CC5, cid=674, SUCCESS, logIndex=1189, commits[ffc7b071-00b3-4a69-8de5-2639a1a8d8ac:c1189]
2019-06-12 16:04:48,129 INFO  client.GrpcClientProtocolClient (GrpcClientProtocolClient.java:onNext(254)) - client-7F7296B99608->ffc7b071-00b3-4a69-8de5-2639a1a8d8ac: receive RaftClientReply:client-7F7296B99608->ffc7b071-00b3-4a69-8de5-2639a1a8d8ac@group-6911E2D50CC5, cid=675, SUCCESS, logIndex=1190, commits[ffc7b071-00b3-4a69-8de5-2639a1a8d8ac:c1190]
2019-06-12 16:04:48,130 INFO  client.GrpcClientProtocolClient (GrpcClientProtocolClient.java:onNext(254)) - client-7F7296B99608->ffc7b071-00b3-4a69-8de5-2639a1a8d8ac: receive RaftClientReply:client-7F7296B99608->ffc7b071-00b3-4a69-8de5-2639a1a8d8ac@group-6911E2D50CC5, cid=676, SUCCESS, logIndex=1192, commits[ffc7b071-00b3-4a69-8de5-2639a1a8d8ac:c1192]
2019-06-12 16:04:48,136 INFO  client.GrpcClientProtocolClient (GrpcClientProtocolClient.java:onNext(254)) - client-7F7296B99608->ffc7b071-00b3-4a69-8de5-2639a1a8d8ac: receive RaftClientReply:client-7F7296B99608->ffc7b071-00b3-4a69-8de5-2639a1a8d8ac@group-6911E2D50CC5, cid=677, SUCCESS, logIndex=1195, commits[ffc7b071-00b3-4a69-8de5-2639a1a8d8ac:c1195]
2019-06-12 16:04:48,138 INFO  client.GrpcClientProtocolClient (GrpcClientProtocolClient.java:onNext(254)) - client-7F7296B99608->ffc7b071-00b3-4a69-8de5-2639a1a8d8ac: receive RaftClientReply:client-7F7296B99608->ffc7b071-00b3-4a69-8de5-2639a1a8d8ac@group-6911E2D50CC5, cid=678, SUCCESS, logIndex=1197, commits[ffc7b071-00b3-4a69-8de5-2639a1a8d8ac:c1197]
2019-06-12 16:04:48,139 INFO  client.GrpcClientProtocolClient (GrpcClientProtocolClient.java:onNext(254)) - client-7F7296B99608->ffc7b071-00b3-4a69-8de5-2639a1a8d8ac: receive RaftClientReply:client-7F7296B99608->ffc7b071-00b3-4a69-8de5-2639a1a8d8ac@group-6911E2D50CC5, cid=679, SUCCESS, logIndex=1198, commits[ffc7b071-00b3-4a69-8de5-2639a1a8d8ac:c1200]
2019-06-12 16:04:48,139 INFO  client.GrpcClientProtocolClient (GrpcClientProtocolClient.java:onNext(254)) - client-7F7296B99608->ffc7b071-00b3-4a69-8de5-2639a1a8d8ac: receive RaftClientReply:client-7F7296B99608->ffc7b071-00b3-4a69-8de5-2639a1a8d8ac@group-6911E2D50CC5, cid=680, SUCCESS, logIndex=1200, commits[ffc7b071-00b3-4a69-8de5-2639a1a8d8ac:c1201]
2019-06-12 16:04:48,154 INFO  client.GrpcClientProtocolClient (GrpcClientProtocolClient.java:onNext(254)) - client-7F7296B99608->ffc7b071-00b3-4a69-8de5-2639a1a8d8ac: receive RaftClientReply:client-7F7296B99608->ffc7b071-00b3-4a69-8de5-2639a1a8d8ac@group-6911E2D50CC5, cid=681, SUCCESS, logIndex=1202, commits[ffc7b071-00b3-4a69-8de5-2639a1a8d8ac:c1202]
2019-06-12 16:04:48,158 INFO  client.GrpcClientProtocolClient (GrpcClientProtocolClient.java:onNext(254)) - client-7F7296B99608->ffc7b071-00b3-4a69-8de5-2639a1a8d8ac: receive RaftClientReply:client-7F7296B99608->ffc7b071-00b3-4a69-8de5-2639a1a8d8ac@group-6911E2D50CC5, cid=682, SUCCESS, logIndex=1204, commits[ffc7b071-00b3-4a69-8de5-2639a1a8d8ac:c1204]
2019-06-12 16:04:48,158 INFO  client.GrpcClientProtocolClient (GrpcClientProtocolClient.java:onNext(254)) - client-7F7296B99608->ffc7b071-00b3-4a69-8de5-2639a1a8d8ac: receive RaftClientReply:client-7F7296B99608->ffc7b071-00b3-4a69-8de5-2639a1a8d8ac@group-6911E2D50CC5, cid=683, SUCCESS, logIndex=1205, commits[ffc7b071-00b3-4a69-8de5-2639a1a8d8ac:c1205]
2019-06-12 16:04:48,159 INFO  client.GrpcClientProtocolClient (GrpcClientProtocolClient.java:onNext(254)) - client-7F7296B99608->ffc7b071-00b3-4a69-8de5-2639a1a8d8ac: receive RaftClientReply:client-7F7296B99608->ffc7b071-00b3-4a69-8de5-2639a1a8d8ac@group-6911E2D50CC5, cid=684, SUCCESS, logIndex=1207, commits[ffc7b071-00b3-4a69-8de5-2639a1a8d8ac:c1208]
2019-06-12 16:04:48,167 INFO  client.GrpcClientProtocolClient (GrpcClientProtocolClient.java:onNext(254)) - client-7F7296B99608->ffc7b071-00b3-4a69-8de5-2639a1a8d8ac: receive RaftClientReply:client-7F7296B99608->ffc7b071-00b3-4a69-8de5-2639a1a8d8ac@group-6911E2D50CC5, cid=685, SUCCESS, logIndex=1210, commits[ffc7b071-00b3-4a69-8de5-2639a1a8d8ac:c1210]
2019-06-12 16:04:48,167 INFO  storage.RaftLogWorker (RaftLogWorker.java:rollLogSegment(303)) - ffc7b071-00b3-4a69-8de5-2639a1a8d8ac-RaftLogWorker: Rolling segment log-1133_1211 to index:1211
2019-06-12 16:04:48,167 INFO  storage.RaftLogWorker (RaftLogWorker.java:execute(433)) - ffc7b071-00b3-4a69-8de5-2639a1a8d8ac-RaftLogWorker: Rolled log segment from /opt/src/hadoop-ozone/integration-test/target/test-dir/MiniOzoneClusterImpl-a1c7246e-c692-4524-ad55-32b507b20431/datanode-0/data/ratis/4417d833-4fb6-4fa2-9413-6911e2d50cc5/current/log_inprogress_1133 to /opt/src/hadoop-ozone/integration-test/target/test-dir/MiniOzoneClusterImpl-a1c7246e-c692-4524-ad55-32b507b20431/datanode-0/data/ratis/4417d833-4fb6-4fa2-9413-6911e2d50cc5/current/log_1133-1211
2019-06-12 16:04:48,202 INFO  storage.RaftLogWorker (RaftLogWorker.java:execute(469)) - ffc7b071-00b3-4a69-8de5-2639a1a8d8ac-RaftLogWorker: created new log segment /opt/src/hadoop-ozone/integration-test/target/test-dir/MiniOzoneClusterImpl-a1c7246e-c692-4524-ad55-32b507b20431/datanode-0/data/ratis/4417d833-4fb6-4fa2-9413-6911e2d50cc5/current/log_inprogress_1212
2019-06-12 16:04:48,204 INFO  client.GrpcClientProtocolClient (GrpcClientProtocolClient.java:onNext(254)) - client-7F7296B99608->ffc7b071-00b3-4a69-8de5-2639a1a8d8ac: receive RaftClientReply:client-7F7296B99608->ffc7b071-00b3-4a69-8de5-2639a1a8d8ac@group-6911E2D50CC5, cid=686, SUCCESS, logIndex=1212, commits[ffc7b071-00b3-4a69-8de5-2639a1a8d8ac:c1214]
2019-06-12 16:04:48,206 INFO  client.GrpcClientProtocolClient (GrpcClientProtocolClient.java:onNext(254)) - client-7F7296B99608->ffc7b071-00b3-4a69-8de5-2639a1a8d8ac: receive RaftClientReply:client-7F7296B99608->ffc7b071-00b3-4a69-8de5-2639a1a8d8ac@group-6911E2D50CC5, cid=687, SUCCESS, logIndex=1213, commits[ffc7b071-00b3-4a69-8de5-2639a1a8d8ac:c1215]
2019-06-12 16:04:48,206 INFO  client.GrpcClientProtocolClient (GrpcClientProtocolClient.java:onNext(254)) - client-7F7296B99608->ffc7b071-00b3-4a69-8de5-2639a1a8d8ac: receive RaftClientReply:client-7F7296B99608->ffc7b071-00b3-4a69-8de5-2639a1a8d8ac@group-6911E2D50CC5, cid=688, SUCCESS, logIndex=1214, commits[ffc7b071-00b3-4a69-8de5-2639a1a8d8ac:c1215]
2019-06-12 16:04:48,217 INFO  client.GrpcClientProtocolClient (GrpcClientProtocolClient.java:onNext(254)) - client-7F7296B99608->ffc7b071-00b3-4a69-8de5-2639a1a8d8ac: receive RaftClientReply:client-7F7296B99608->ffc7b071-00b3-4a69-8de5-2639a1a8d8ac@group-6911E2D50CC5, cid=689, SUCCESS, logIndex=1216, commits[ffc7b071-00b3-4a69-8de5-2639a1a8d8ac:c1216]
2019-06-12 16:04:48,219 DEBUG block.SCMBlockDeletingService (SCMBlockDeletingService.java:call(138)) - Running DeletedBlockTransactionScanner
2019-06-12 16:04:48,219 DEBUG block.SCMBlockDeletingService (SCMBlockDeletingService.java:call(155)) - Scanned deleted blocks log and got 0 delTX to process.
2019-06-12 16:04:48,220 INFO  client.GrpcClientProtocolClient (GrpcClientProtocolClient.java:onNext(254)) - client-7F7296B99608->ffc7b071-00b3-4a69-8de5-2639a1a8d8ac: receive RaftClientReply:client-7F7296B99608->ffc7b071-00b3-4a69-8de5-2639a1a8d8ac@group-6911E2D50CC5, cid=690, SUCCESS, logIndex=1218, commits[ffc7b071-00b3-4a69-8de5-2639a1a8d8ac:c1218]
2019-06-12 16:04:48,221 INFO  client.GrpcClientProtocolClient (GrpcClientProtocolClient.java:onNext(254)) - client-7F7296B99608->ffc7b071-00b3-4a69-8de5-2639a1a8d8ac: receive RaftClientReply:client-7F7296B99608->ffc7b071-00b3-4a69-8de5-2639a1a8d8ac@group-6911E2D50CC5, cid=691, SUCCESS, logIndex=1219, commits[ffc7b071-00b3-4a69-8de5-2639a1a8d8ac:c1221]
2019-06-12 16:04:48,221 INFO  client.GrpcClientProtocolClient (GrpcClientProtocolClient.java:onNext(254)) - client-7F7296B99608->ffc7b071-00b3-4a69-8de5-2639a1a8d8ac: receive RaftClientReply:client-7F7296B99608->ffc7b071-00b3-4a69-8de5-2639a1a8d8ac@group-6911E2D50CC5, cid=692, SUCCESS, logIndex=1221, commits[ffc7b071-00b3-4a69-8de5-2639a1a8d8ac:c1222]
2019-06-12 16:04:48,227 INFO  client.GrpcClientProtocolClient (GrpcClientProtocolClient.java:onNext(254)) - client-7F7296B99608->ffc7b071-00b3-4a69-8de5-2639a1a8d8ac: receive RaftClientReply:client-7F7296B99608->ffc7b071-00b3-4a69-8de5-2639a1a8d8ac@group-6911E2D50CC5, cid=693, SUCCESS, logIndex=1223, commits[ffc7b071-00b3-4a69-8de5-2639a1a8d8ac:c1223]
2019-06-12 16:04:48,229 INFO  client.GrpcClientProtocolClient (GrpcClientProtocolClient.java:onNext(254)) - client-7F7296B99608->ffc7b071-00b3-4a69-8de5-2639a1a8d8ac: receive RaftClientReply:client-7F7296B99608->ffc7b071-00b3-4a69-8de5-2639a1a8d8ac@group-6911E2D50CC5, cid=694, SUCCESS, logIndex=1225, commits[ffc7b071-00b3-4a69-8de5-2639a1a8d8ac:c1225]
2019-06-12 16:04:48,230 INFO  client.GrpcClientProtocolClient (GrpcClientProtocolClient.java:onNext(254)) - client-7F7296B99608->ffc7b071-00b3-4a69-8de5-2639a1a8d8ac: receive RaftClientReply:client-7F7296B99608->ffc7b071-00b3-4a69-8de5-2639a1a8d8ac@group-6911E2D50CC5, cid=695, SUCCESS, logIndex=1226, commits[ffc7b071-00b3-4a69-8de5-2639a1a8d8ac:c1228]
2019-06-12 16:04:48,230 INFO  client.GrpcClientProtocolClient (GrpcClientProtocolClient.java:onNext(254)) - client-7F7296B99608->ffc7b071-00b3-4a69-8de5-2639a1a8d8ac: receive RaftClientReply:client-7F7296B99608->ffc7b071-00b3-4a69-8de5-2639a1a8d8ac@group-6911E2D50CC5, cid=696, SUCCESS, logIndex=1228, commits[ffc7b071-00b3-4a69-8de5-2639a1a8d8ac:c1228]
2019-06-12 16:04:48,241 INFO  client.GrpcClientProtocolClient (GrpcClientProtocolClient.java:onNext(254)) - client-7F7296B99608->ffc7b071-00b3-4a69-8de5-2639a1a8d8ac: receive RaftClientReply:client-7F7296B99608->ffc7b071-00b3-4a69-8de5-2639a1a8d8ac@group-6911E2D50CC5, cid=697, SUCCESS, logIndex=1230, commits[ffc7b071-00b3-4a69-8de5-2639a1a8d8ac:c1230]
2019-06-12 16:04:48,243 INFO  client.GrpcClientProtocolClient (GrpcClientProtocolClient.java:onNext(254)) - client-7F7296B99608->ffc7b071-00b3-4a69-8de5-2639a1a8d8ac: receive RaftClientReply:client-7F7296B99608->ffc7b071-00b3-4a69-8de5-2639a1a8d8ac@group-6911E2D50CC5, cid=698, SUCCESS, logIndex=1232, commits[ffc7b071-00b3-4a69-8de5-2639a1a8d8ac:c1232]
2019-06-12 16:04:48,245 INFO  client.GrpcClientProtocolClient (GrpcClientProtocolClient.java:onNext(254)) - client-7F7296B99608->ffc7b071-00b3-4a69-8de5-2639a1a8d8ac: receive RaftClientReply:client-7F7296B99608->ffc7b071-00b3-4a69-8de5-2639a1a8d8ac@group-6911E2D50CC5, cid=699, SUCCESS, logIndex=1234, commits[ffc7b071-00b3-4a69-8de5-2639a1a8d8ac:c1235]
2019-06-12 16:04:48,246 INFO  client.GrpcClientProtocolClient (GrpcClientProtocolClient.java:onNext(254)) - client-7F7296B99608->ffc7b071-00b3-4a69-8de5-2639a1a8d8ac: receive RaftClientReply:client-7F7296B99608->ffc7b071-00b3-4a69-8de5-2639a1a8d8ac@group-6911E2D50CC5, cid=700, SUCCESS, logIndex=1235, commits[ffc7b071-00b3-4a69-8de5-2639a1a8d8ac:c1236]
2019-06-12 16:04:48,251 INFO  client.GrpcClientProtocolClient (GrpcClientProtocolClient.java:onNext(254)) - client-7F7296B99608->ffc7b071-00b3-4a69-8de5-2639a1a8d8ac: receive RaftClientReply:client-7F7296B99608->ffc7b071-00b3-4a69-8de5-2639a1a8d8ac@group-6911E2D50CC5, cid=701, SUCCESS, logIndex=1237, commits[ffc7b071-00b3-4a69-8de5-2639a1a8d8ac:c1237]
2019-06-12 16:04:48,300 INFO  client.GrpcClientProtocolClient (GrpcClientProtocolClient.java:onNext(254)) - client-7F7296B99608->ffc7b071-00b3-4a69-8de5-2639a1a8d8ac: receive RaftClientReply:client-7F7296B99608->ffc7b071-00b3-4a69-8de5-2639a1a8d8ac@group-6911E2D50CC5, cid=702, SUCCESS, logIndex=1239, commits[ffc7b071-00b3-4a69-8de5-2639a1a8d8ac:c1239]
2019-06-12 16:04:48,302 INFO  client.GrpcClientProtocolClient (GrpcClientProtocolClient.java:onNext(254)) - client-7F7296B99608->ffc7b071-00b3-4a69-8de5-2639a1a8d8ac: receive RaftClientReply:client-7F7296B99608->ffc7b071-00b3-4a69-8de5-2639a1a8d8ac@group-6911E2D50CC5, cid=703, SUCCESS, logIndex=1241, commits[ffc7b071-00b3-4a69-8de5-2639a1a8d8ac:c1241]
2019-06-12 16:04:48,303 INFO  client.GrpcClientProtocolClient (GrpcClientProtocolClient.java:onNext(254)) - client-7F7296B99608->ffc7b071-00b3-4a69-8de5-2639a1a8d8ac: receive RaftClientReply:client-7F7296B99608->ffc7b071-00b3-4a69-8de5-2639a1a8d8ac@group-6911E2D50CC5, cid=704, SUCCESS, logIndex=1242, commits[ffc7b071-00b3-4a69-8de5-2639a1a8d8ac:c1243]
2019-06-12 16:04:48,313 INFO  client.GrpcClientProtocolClient (GrpcClientProtocolClient.java:onNext(254)) - client-7F7296B99608->ffc7b071-00b3-4a69-8de5-2639a1a8d8ac: receive RaftClientReply:client-7F7296B99608->ffc7b071-00b3-4a69-8de5-2639a1a8d8ac@group-6911E2D50CC5, cid=705, SUCCESS, logIndex=1245, commits[ffc7b071-00b3-4a69-8de5-2639a1a8d8ac:c1245]
2019-06-12 16:04:48,314 INFO  client.GrpcClientProtocolClient (GrpcClientProtocolClient.java:onNext(254)) - client-7F7296B99608->ffc7b071-00b3-4a69-8de5-2639a1a8d8ac: receive RaftClientReply:client-7F7296B99608->ffc7b071-00b3-4a69-8de5-2639a1a8d8ac@group-6911E2D50CC5, cid=706, SUCCESS, logIndex=1247, commits[ffc7b071-00b3-4a69-8de5-2639a1a8d8ac:c1247]
2019-06-12 16:04:48,320 DEBUG block.SCMBlockDeletingService (SCMBlockDeletingService.java:call(138)) - Running DeletedBlockTransactionScanner
2019-06-12 16:04:48,320 DEBUG block.SCMBlockDeletingService (SCMBlockDeletingService.java:call(155)) - Scanned deleted blocks log and got 0 delTX to process.
2019-06-12 16:04:48,403 INFO  client.GrpcClientProtocolClient (GrpcClientProtocolClient.java:onNext(254)) - client-7F7296B99608->ffc7b071-00b3-4a69-8de5-2639a1a8d8ac: receive RaftClientReply:client-7F7296B99608->ffc7b071-00b3-4a69-8de5-2639a1a8d8ac@group-6911E2D50CC5, cid=707, SUCCESS, logIndex=1249, commits[ffc7b071-00b3-4a69-8de5-2639a1a8d8ac:c1249]
2019-06-12 16:04:48,405 INFO  client.GrpcClientProtocolClient (GrpcClientProtocolClient.java:onNext(254)) - client-7F7296B99608->ffc7b071-00b3-4a69-8de5-2639a1a8d8ac: receive RaftClientReply:client-7F7296B99608->ffc7b071-00b3-4a69-8de5-2639a1a8d8ac@group-6911E2D50CC5, cid=708, SUCCESS, logIndex=1251, commits[ffc7b071-00b3-4a69-8de5-2639a1a8d8ac:c1251]
2019-06-12 16:04:48,411 INFO  client.GrpcClientProtocolClient (GrpcClientProtocolClient.java:onNext(254)) - client-7F7296B99608->ffc7b071-00b3-4a69-8de5-2639a1a8d8ac: receive RaftClientReply:client-7F7296B99608->ffc7b071-00b3-4a69-8de5-2639a1a8d8ac@group-6911E2D50CC5, cid=709, SUCCESS, logIndex=1253, commits[ffc7b071-00b3-4a69-8de5-2639a1a8d8ac:c1253]
2019-06-12 16:04:48,413 INFO  client.GrpcClientProtocolClient (GrpcClientProtocolClient.java:onNext(254)) - client-7F7296B99608->ffc7b071-00b3-4a69-8de5-2639a1a8d8ac: receive RaftClientReply:client-7F7296B99608->ffc7b071-00b3-4a69-8de5-2639a1a8d8ac@group-6911E2D50CC5, cid=710, SUCCESS, logIndex=1255, commits[ffc7b071-00b3-4a69-8de5-2639a1a8d8ac:c1255]
2019-06-12 16:04:48,413 INFO  client.GrpcClientProtocolClient (GrpcClientProtocolClient.java:onNext(254)) - client-7F7296B99608->ffc7b071-00b3-4a69-8de5-2639a1a8d8ac: receive RaftClientReply:client-7F7296B99608->ffc7b071-00b3-4a69-8de5-2639a1a8d8ac@group-6911E2D50CC5, cid=711, SUCCESS, logIndex=1256, commits[ffc7b071-00b3-4a69-8de5-2639a1a8d8ac:c1257]
2019-06-12 16:04:48,415 INFO  client.GrpcClientProtocolClient (GrpcClientProtocolClient.java:onNext(254)) - client-7F7296B99608->ffc7b071-00b3-4a69-8de5-2639a1a8d8ac: receive RaftClientReply:client-7F7296B99608->ffc7b071-00b3-4a69-8de5-2639a1a8d8ac@group-6911E2D50CC5, cid=712, SUCCESS, logIndex=1258, commits[ffc7b071-00b3-4a69-8de5-2639a1a8d8ac:c1258]
2019-06-12 16:04:48,420 DEBUG block.SCMBlockDeletingService (SCMBlockDeletingService.java:call(138)) - Running DeletedBlockTransactionScanner
2019-06-12 16:04:48,420 DEBUG block.SCMBlockDeletingService (SCMBlockDeletingService.java:call(155)) - Scanned deleted blocks log and got 0 delTX to process.
2019-06-12 16:04:48,426 INFO  client.GrpcClientProtocolClient (GrpcClientProtocolClient.java:onNext(254)) - client-7F7296B99608->ffc7b071-00b3-4a69-8de5-2639a1a8d8ac: receive RaftClientReply:client-7F7296B99608->ffc7b071-00b3-4a69-8de5-2639a1a8d8ac@group-6911E2D50CC5, cid=713, SUCCESS, logIndex=1260, commits[ffc7b071-00b3-4a69-8de5-2639a1a8d8ac:c1260]
2019-06-12 16:04:48,429 INFO  client.GrpcClientProtocolClient (GrpcClientProtocolClient.java:onNext(254)) - client-7F7296B99608->ffc7b071-00b3-4a69-8de5-2639a1a8d8ac: receive RaftClientReply:client-7F7296B99608->ffc7b071-00b3-4a69-8de5-2639a1a8d8ac@group-6911E2D50CC5, cid=714, SUCCESS, logIndex=1262, commits[ffc7b071-00b3-4a69-8de5-2639a1a8d8ac:c1262]
2019-06-12 16:04:48,429 INFO  client.GrpcClientProtocolClient (GrpcClientProtocolClient.java:onNext(254)) - client-7F7296B99608->ffc7b071-00b3-4a69-8de5-2639a1a8d8ac: receive RaftClientReply:client-7F7296B99608->ffc7b071-00b3-4a69-8de5-2639a1a8d8ac@group-6911E2D50CC5, cid=715, SUCCESS, logIndex=1263, commits[ffc7b071-00b3-4a69-8de5-2639a1a8d8ac:c1263]
2019-06-12 16:04:48,435 INFO  client.GrpcClientProtocolClient (GrpcClientProtocolClient.java:onNext(254)) - client-7F7296B99608->ffc7b071-00b3-4a69-8de5-2639a1a8d8ac: receive RaftClientReply:client-7F7296B99608->ffc7b071-00b3-4a69-8de5-2639a1a8d8ac@group-6911E2D50CC5, cid=716, SUCCESS, logIndex=1264, commits[ffc7b071-00b3-4a69-8de5-2639a1a8d8ac:c1265]
2019-06-12 16:04:48,442 INFO  client.GrpcClientProtocolClient (GrpcClientProtocolClient.java:onNext(254)) - client-7F7296B99608->ffc7b071-00b3-4a69-8de5-2639a1a8d8ac: receive RaftClientReply:client-7F7296B99608->ffc7b071-00b3-4a69-8de5-2639a1a8d8ac@group-6911E2D50CC5, cid=717, SUCCESS, logIndex=1267, commits[ffc7b071-00b3-4a69-8de5-2639a1a8d8ac:c1267]
2019-06-12 16:04:48,444 INFO  client.GrpcClientProtocolClient (GrpcClientProtocolClient.java:onNext(254)) - client-7F7296B99608->ffc7b071-00b3-4a69-8de5-2639a1a8d8ac: receive RaftClientReply:client-7F7296B99608->ffc7b071-00b3-4a69-8de5-2639a1a8d8ac@group-6911E2D50CC5, cid=718, SUCCESS, logIndex=1269, commits[ffc7b071-00b3-4a69-8de5-2639a1a8d8ac:c1269]
2019-06-12 16:04:48,445 INFO  client.GrpcClientProtocolClient (GrpcClientProtocolClient.java:onNext(254)) - client-7F7296B99608->ffc7b071-00b3-4a69-8de5-2639a1a8d8ac: receive RaftClientReply:client-7F7296B99608->ffc7b071-00b3-4a69-8de5-2639a1a8d8ac@group-6911E2D50CC5, cid=719, SUCCESS, logIndex=1270, commits[ffc7b071-00b3-4a69-8de5-2639a1a8d8ac:c1272]
2019-06-12 16:04:48,445 INFO  client.GrpcClientProtocolClient (GrpcClientProtocolClient.java:onNext(254)) - client-7F7296B99608->ffc7b071-00b3-4a69-8de5-2639a1a8d8ac: receive RaftClientReply:client-7F7296B99608->ffc7b071-00b3-4a69-8de5-2639a1a8d8ac@group-6911E2D50CC5, cid=720, SUCCESS, logIndex=1272, commits[ffc7b071-00b3-4a69-8de5-2639a1a8d8ac:c1273]
2019-06-12 16:04:48,457 INFO  client.GrpcClientProtocolClient (GrpcClientProtocolClient.java:onNext(254)) - client-7F7296B99608->ffc7b071-00b3-4a69-8de5-2639a1a8d8ac: receive RaftClientReply:client-7F7296B99608->ffc7b071-00b3-4a69-8de5-2639a1a8d8ac@group-6911E2D50CC5, cid=721, SUCCESS, logIndex=1274, commits[ffc7b071-00b3-4a69-8de5-2639a1a8d8ac:c1274]
2019-06-12 16:04:48,459 INFO  client.GrpcClientProtocolClient (GrpcClientProtocolClient.java:onNext(254)) - client-7F7296B99608->ffc7b071-00b3-4a69-8de5-2639a1a8d8ac: receive RaftClientReply:client-7F7296B99608->ffc7b071-00b3-4a69-8de5-2639a1a8d8ac@group-6911E2D50CC5, cid=722, SUCCESS, logIndex=1276, commits[ffc7b071-00b3-4a69-8de5-2639a1a8d8ac:c1276]
2019-06-12 16:04:48,459 INFO  client.GrpcClientProtocolClient (GrpcClientProtocolClient.java:onNext(254)) - client-7F7296B99608->ffc7b071-00b3-4a69-8de5-2639a1a8d8ac: receive RaftClientReply:client-7F7296B99608->ffc7b071-00b3-4a69-8de5-2639a1a8d8ac@group-6911E2D50CC5, cid=723, SUCCESS, logIndex=1277, commits[ffc7b071-00b3-4a69-8de5-2639a1a8d8ac:c1279]
2019-06-12 16:04:48,460 INFO  client.GrpcClientProtocolClient (GrpcClientProtocolClient.java:onNext(254)) - client-7F7296B99608->ffc7b071-00b3-4a69-8de5-2639a1a8d8ac: receive RaftClientReply:client-7F7296B99608->ffc7b071-00b3-4a69-8de5-2639a1a8d8ac@group-6911E2D50CC5, cid=724, SUCCESS, logIndex=1279, commits[ffc7b071-00b3-4a69-8de5-2639a1a8d8ac:c1280]
2019-06-12 16:04:48,467 INFO  client.GrpcClientProtocolClient (GrpcClientProtocolClient.java:onNext(254)) - client-7F7296B99608->ffc7b071-00b3-4a69-8de5-2639a1a8d8ac: receive RaftClientReply:client-7F7296B99608->ffc7b071-00b3-4a69-8de5-2639a1a8d8ac@group-6911E2D50CC5, cid=725, SUCCESS, logIndex=1281, commits[ffc7b071-00b3-4a69-8de5-2639a1a8d8ac:c1281]
2019-06-12 16:04:48,468 INFO  storage.RaftLogWorker (RaftLogWorker.java:rollLogSegment(303)) - ffc7b071-00b3-4a69-8de5-2639a1a8d8ac-RaftLogWorker: Rolling segment log-1212_1284 to index:1284
2019-06-12 16:04:48,469 INFO  storage.RaftLogWorker (RaftLogWorker.java:execute(433)) - ffc7b071-00b3-4a69-8de5-2639a1a8d8ac-RaftLogWorker: Rolled log segment from /opt/src/hadoop-ozone/integration-test/target/test-dir/MiniOzoneClusterImpl-a1c7246e-c692-4524-ad55-32b507b20431/datanode-0/data/ratis/4417d833-4fb6-4fa2-9413-6911e2d50cc5/current/log_inprogress_1212 to /opt/src/hadoop-ozone/integration-test/target/test-dir/MiniOzoneClusterImpl-a1c7246e-c692-4524-ad55-32b507b20431/datanode-0/data/ratis/4417d833-4fb6-4fa2-9413-6911e2d50cc5/current/log_1212-1284
2019-06-12 16:04:48,471 INFO  client.GrpcClientProtocolClient (GrpcClientProtocolClient.java:onNext(254)) - client-7F7296B99608->ffc7b071-00b3-4a69-8de5-2639a1a8d8ac: receive RaftClientReply:client-7F7296B99608->ffc7b071-00b3-4a69-8de5-2639a1a8d8ac@group-6911E2D50CC5, cid=726, SUCCESS, logIndex=1283, commits[ffc7b071-00b3-4a69-8de5-2639a1a8d8ac:c1284]
2019-06-12 16:04:48,473 INFO  client.GrpcClientProtocolClient (GrpcClientProtocolClient.java:onNext(254)) - client-7F7296B99608->ffc7b071-00b3-4a69-8de5-2639a1a8d8ac: receive RaftClientReply:client-7F7296B99608->ffc7b071-00b3-4a69-8de5-2639a1a8d8ac@group-6911E2D50CC5, cid=727, SUCCESS, logIndex=1284, commits[ffc7b071-00b3-4a69-8de5-2639a1a8d8ac:c1284]
2019-06-12 16:04:48,505 INFO  storage.RaftLogWorker (RaftLogWorker.java:execute(469)) - ffc7b071-00b3-4a69-8de5-2639a1a8d8ac-RaftLogWorker: created new log segment /opt/src/hadoop-ozone/integration-test/target/test-dir/MiniOzoneClusterImpl-a1c7246e-c692-4524-ad55-32b507b20431/datanode-0/data/ratis/4417d833-4fb6-4fa2-9413-6911e2d50cc5/current/log_inprogress_1285
2019-06-12 16:04:48,508 INFO  client.GrpcClientProtocolClient (GrpcClientProtocolClient.java:onNext(254)) - client-7F7296B99608->ffc7b071-00b3-4a69-8de5-2639a1a8d8ac: receive RaftClientReply:client-7F7296B99608->ffc7b071-00b3-4a69-8de5-2639a1a8d8ac@group-6911E2D50CC5, cid=728, SUCCESS, logIndex=1285, commits[ffc7b071-00b3-4a69-8de5-2639a1a8d8ac:c1287]
2019-06-12 16:04:48,520 INFO  client.GrpcClientProtocolClient (GrpcClientProtocolClient.java:onNext(254)) - client-7F7296B99608->ffc7b071-00b3-4a69-8de5-2639a1a8d8ac: receive RaftClientReply:client-7F7296B99608->ffc7b071-00b3-4a69-8de5-2639a1a8d8ac@group-6911E2D50CC5, cid=729, SUCCESS, logIndex=1288, commits[ffc7b071-00b3-4a69-8de5-2639a1a8d8ac:c1288]
2019-06-12 16:04:48,520 DEBUG block.SCMBlockDeletingService (SCMBlockDeletingService.java:call(138)) - Running DeletedBlockTransactionScanner
2019-06-12 16:04:48,521 DEBUG block.SCMBlockDeletingService (SCMBlockDeletingService.java:call(155)) - Scanned deleted blocks log and got 0 delTX to process.
2019-06-12 16:04:48,521 INFO  client.GrpcClientProtocolClient (GrpcClientProtocolClient.java:onNext(254)) - client-7F7296B99608->ffc7b071-00b3-4a69-8de5-2639a1a8d8ac: receive RaftClientReply:client-7F7296B99608->ffc7b071-00b3-4a69-8de5-2639a1a8d8ac@group-6911E2D50CC5, cid=730, SUCCESS, logIndex=1290, commits[ffc7b071-00b3-4a69-8de5-2639a1a8d8ac:c1290]
2019-06-12 16:04:48,526 INFO  client.GrpcClientProtocolClient (GrpcClientProtocolClient.java:onNext(254)) - client-7F7296B99608->ffc7b071-00b3-4a69-8de5-2639a1a8d8ac: receive RaftClientReply:client-7F7296B99608->ffc7b071-00b3-4a69-8de5-2639a1a8d8ac@group-6911E2D50CC5, cid=731, SUCCESS, logIndex=1292, commits[ffc7b071-00b3-4a69-8de5-2639a1a8d8ac:c1293]
2019-06-12 16:04:48,527 INFO  client.GrpcClientProtocolClient (GrpcClientProtocolClient.java:onNext(254)) - client-7F7296B99608->ffc7b071-00b3-4a69-8de5-2639a1a8d8ac: receive RaftClientReply:client-7F7296B99608->ffc7b071-00b3-4a69-8de5-2639a1a8d8ac@group-6911E2D50CC5, cid=732, SUCCESS, logIndex=1293, commits[ffc7b071-00b3-4a69-8de5-2639a1a8d8ac:c1294]
2019-06-12 16:04:48,533 INFO  client.GrpcClientProtocolClient (GrpcClientProtocolClient.java:onNext(254)) - client-7F7296B99608->ffc7b071-00b3-4a69-8de5-2639a1a8d8ac: receive RaftClientReply:client-7F7296B99608->ffc7b071-00b3-4a69-8de5-2639a1a8d8ac@group-6911E2D50CC5, cid=733, SUCCESS, logIndex=1295, commits[ffc7b071-00b3-4a69-8de5-2639a1a8d8ac:c1295]
2019-06-12 16:04:48,535 INFO  client.GrpcClientProtocolClient (GrpcClientProtocolClient.java:onNext(254)) - client-7F7296B99608->ffc7b071-00b3-4a69-8de5-2639a1a8d8ac: receive RaftClientReply:client-7F7296B99608->ffc7b071-00b3-4a69-8de5-2639a1a8d8ac@group-6911E2D50CC5, cid=734, SUCCESS, logIndex=1297, commits[ffc7b071-00b3-4a69-8de5-2639a1a8d8ac:c1297]
2019-06-12 16:04:48,536 INFO  client.GrpcClientProtocolClient (GrpcClientProtocolClient.java:onNext(254)) - client-7F7296B99608->ffc7b071-00b3-4a69-8de5-2639a1a8d8ac: receive RaftClientReply:client-7F7296B99608->ffc7b071-00b3-4a69-8de5-2639a1a8d8ac@group-6911E2D50CC5, cid=735, SUCCESS, logIndex=1298, commits[ffc7b071-00b3-4a69-8de5-2639a1a8d8ac:c1300]
2019-06-12 16:04:48,537 INFO  client.GrpcClientProtocolClient (GrpcClientProtocolClient.java:onNext(254)) - client-7F7296B99608->ffc7b071-00b3-4a69-8de5-2639a1a8d8ac: receive RaftClientReply:client-7F7296B99608->ffc7b071-00b3-4a69-8de5-2639a1a8d8ac@group-6911E2D50CC5, cid=736, SUCCESS, logIndex=1299, commits[ffc7b071-00b3-4a69-8de5-2639a1a8d8ac:c1300]
2019-06-12 16:04:48,547 INFO  client.GrpcClientProtocolClient (GrpcClientProtocolClient.java:onNext(254)) - client-7F7296B99608->ffc7b071-00b3-4a69-8de5-2639a1a8d8ac: receive RaftClientReply:client-7F7296B99608->ffc7b071-00b3-4a69-8de5-2639a1a8d8ac@group-6911E2D50CC5, cid=737, SUCCESS, logIndex=1301, commits[ffc7b071-00b3-4a69-8de5-2639a1a8d8ac:c1301]
2019-06-12 16:04:48,550 INFO  client.GrpcClientProtocolClient (GrpcClientProtocolClient.java:onNext(254)) - client-7F7296B99608->ffc7b071-00b3-4a69-8de5-2639a1a8d8ac: receive RaftClientReply:client-7F7296B99608->ffc7b071-00b3-4a69-8de5-2639a1a8d8ac@group-6911E2D50CC5, cid=738, SUCCESS, logIndex=1303, commits[ffc7b071-00b3-4a69-8de5-2639a1a8d8ac:c1303]
2019-06-12 16:04:48,550 INFO  client.GrpcClientProtocolClient (GrpcClientProtocolClient.java:onNext(254)) - client-7F7296B99608->ffc7b071-00b3-4a69-8de5-2639a1a8d8ac: receive RaftClientReply:client-7F7296B99608->ffc7b071-00b3-4a69-8de5-2639a1a8d8ac@group-6911E2D50CC5, cid=739, SUCCESS, logIndex=1304, commits[ffc7b071-00b3-4a69-8de5-2639a1a8d8ac:c1305]
2019-06-12 16:04:48,551 INFO  client.GrpcClientProtocolClient (GrpcClientProtocolClient.java:onNext(254)) - client-7F7296B99608->ffc7b071-00b3-4a69-8de5-2639a1a8d8ac: receive RaftClientReply:client-7F7296B99608->ffc7b071-00b3-4a69-8de5-2639a1a8d8ac@group-6911E2D50CC5, cid=740, SUCCESS, logIndex=1305, commits[ffc7b071-00b3-4a69-8de5-2639a1a8d8ac:c1305]
2019-06-12 16:04:48,558 INFO  client.GrpcClientProtocolClient (GrpcClientProtocolClient.java:onNext(254)) - client-7F7296B99608->ffc7b071-00b3-4a69-8de5-2639a1a8d8ac: receive RaftClientReply:client-7F7296B99608->ffc7b071-00b3-4a69-8de5-2639a1a8d8ac@group-6911E2D50CC5, cid=741, SUCCESS, logIndex=1308, commits[ffc7b071-00b3-4a69-8de5-2639a1a8d8ac:c1308]
2019-06-12 16:04:48,559 INFO  client.GrpcClientProtocolClient (GrpcClientProtocolClient.java:onNext(254)) - client-7F7296B99608->ffc7b071-00b3-4a69-8de5-2639a1a8d8ac: receive RaftClientReply:client-7F7296B99608->ffc7b071-00b3-4a69-8de5-2639a1a8d8ac@group-6911E2D50CC5, cid=742, SUCCESS, logIndex=1310, commits[ffc7b071-00b3-4a69-8de5-2639a1a8d8ac:c1310]
2019-06-12 16:04:48,561 INFO  client.GrpcClientProtocolClient (GrpcClientProtocolClient.java:onNext(254)) - client-7F7296B99608->ffc7b071-00b3-4a69-8de5-2639a1a8d8ac: receive RaftClientReply:client-7F7296B99608->ffc7b071-00b3-4a69-8de5-2639a1a8d8ac@group-6911E2D50CC5, cid=743, SUCCESS, logIndex=1312, commits[ffc7b071-00b3-4a69-8de5-2639a1a8d8ac:c1313]
2019-06-12 16:04:48,562 INFO  client.GrpcClientProtocolClient (GrpcClientProtocolClient.java:onNext(254)) - client-7F7296B99608->ffc7b071-00b3-4a69-8de5-2639a1a8d8ac: receive RaftClientReply:client-7F7296B99608->ffc7b071-00b3-4a69-8de5-2639a1a8d8ac@group-6911E2D50CC5, cid=744, SUCCESS, logIndex=1313, commits[ffc7b071-00b3-4a69-8de5-2639a1a8d8ac:c1314]
2019-06-12 16:04:48,571 INFO  client.GrpcClientProtocolClient (GrpcClientProtocolClient.java:onNext(254)) - client-7F7296B99608->ffc7b071-00b3-4a69-8de5-2639a1a8d8ac: receive RaftClientReply:client-7F7296B99608->ffc7b071-00b3-4a69-8de5-2639a1a8d8ac@group-6911E2D50CC5, cid=745, SUCCESS, logIndex=1315, commits[ffc7b071-00b3-4a69-8de5-2639a1a8d8ac:c1315]
2019-06-12 16:04:48,574 INFO  client.GrpcClientProtocolClient (GrpcClientProtocolClient.java:onNext(254)) - client-7F7296B99608->ffc7b071-00b3-4a69-8de5-2639a1a8d8ac: receive RaftClientReply:client-7F7296B99608->ffc7b071-00b3-4a69-8de5-2639a1a8d8ac@group-6911E2D50CC5, cid=746, SUCCESS, logIndex=1317, commits[ffc7b071-00b3-4a69-8de5-2639a1a8d8ac:c1317]
2019-06-12 16:04:48,574 INFO  client.GrpcClientProtocolClient (GrpcClientProtocolClient.java:onNext(254)) - client-7F7296B99608->ffc7b071-00b3-4a69-8de5-2639a1a8d8ac: receive RaftClientReply:client-7F7296B99608->ffc7b071-00b3-4a69-8de5-2639a1a8d8ac@group-6911E2D50CC5, cid=747, SUCCESS, logIndex=1318, commits[ffc7b071-00b3-4a69-8de5-2639a1a8d8ac:c1319]
2019-06-12 16:04:48,574 INFO  client.GrpcClientProtocolClient (GrpcClientProtocolClient.java:onNext(254)) - client-7F7296B99608->ffc7b071-00b3-4a69-8de5-2639a1a8d8ac: receive RaftClientReply:client-7F7296B99608->ffc7b071-00b3-4a69-8de5-2639a1a8d8ac@group-6911E2D50CC5, cid=748, SUCCESS, logIndex=1319, commits[ffc7b071-00b3-4a69-8de5-2639a1a8d8ac:c1319]
2019-06-12 16:04:48,583 INFO  client.GrpcClientProtocolClient (GrpcClientProtocolClient.java:onNext(254)) - client-7F7296B99608->ffc7b071-00b3-4a69-8de5-2639a1a8d8ac: receive RaftClientReply:client-7F7296B99608->ffc7b071-00b3-4a69-8de5-2639a1a8d8ac@group-6911E2D50CC5, cid=749, SUCCESS, logIndex=1322, commits[ffc7b071-00b3-4a69-8de5-2639a1a8d8ac:c1322]
2019-06-12 16:04:48,585 INFO  client.GrpcClientProtocolClient (GrpcClientProtocolClient.java:onNext(254)) - client-7F7296B99608->ffc7b071-00b3-4a69-8de5-2639a1a8d8ac: receive RaftClientReply:client-7F7296B99608->ffc7b071-00b3-4a69-8de5-2639a1a8d8ac@group-6911E2D50CC5, cid=750, SUCCESS, logIndex=1324, commits[ffc7b071-00b3-4a69-8de5-2639a1a8d8ac:c1324]
2019-06-12 16:04:48,621 DEBUG block.SCMBlockDeletingService (SCMBlockDeletingService.java:call(138)) - Running DeletedBlockTransactionScanner
2019-06-12 16:04:48,621 DEBUG block.SCMBlockDeletingService (SCMBlockDeletingService.java:call(155)) - Scanned deleted blocks log and got 0 delTX to process.
2019-06-12 16:04:48,654 INFO  client.GrpcClientProtocolClient (GrpcClientProtocolClient.java:onNext(254)) - client-7F7296B99608->ffc7b071-00b3-4a69-8de5-2639a1a8d8ac: receive RaftClientReply:client-7F7296B99608->ffc7b071-00b3-4a69-8de5-2639a1a8d8ac@group-6911E2D50CC5, cid=751, SUCCESS, logIndex=1326, commits[ffc7b071-00b3-4a69-8de5-2639a1a8d8ac:c1326]
2019-06-12 16:04:48,655 INFO  client.GrpcClientProtocolClient (GrpcClientProtocolClient.java:onNext(254)) - client-7F7296B99608->ffc7b071-00b3-4a69-8de5-2639a1a8d8ac: receive RaftClientReply:client-7F7296B99608->ffc7b071-00b3-4a69-8de5-2639a1a8d8ac@group-6911E2D50CC5, cid=752, SUCCESS, logIndex=1328, commits[ffc7b071-00b3-4a69-8de5-2639a1a8d8ac:c1328]
2019-06-12 16:04:48,666 INFO  client.GrpcClientProtocolClient (GrpcClientProtocolClient.java:onNext(254)) - client-7F7296B99608->ffc7b071-00b3-4a69-8de5-2639a1a8d8ac: receive RaftClientReply:client-7F7296B99608->ffc7b071-00b3-4a69-8de5-2639a1a8d8ac@group-6911E2D50CC5, cid=753, SUCCESS, logIndex=1330, commits[ffc7b071-00b3-4a69-8de5-2639a1a8d8ac:c1330]
2019-06-12 16:04:48,669 INFO  client.GrpcClientProtocolClient (GrpcClientProtocolClient.java:onNext(254)) - client-7F7296B99608->ffc7b071-00b3-4a69-8de5-2639a1a8d8ac: receive RaftClientReply:client-7F7296B99608->ffc7b071-00b3-4a69-8de5-2639a1a8d8ac@group-6911E2D50CC5, cid=754, SUCCESS, logIndex=1332, commits[ffc7b071-00b3-4a69-8de5-2639a1a8d8ac:c1332]
2019-06-12 16:04:48,670 INFO  client.GrpcClientProtocolClient (GrpcClientProtocolClient.java:onNext(254)) - client-7F7296B99608->ffc7b071-00b3-4a69-8de5-2639a1a8d8ac: receive RaftClientReply:client-7F7296B99608->ffc7b071-00b3-4a69-8de5-2639a1a8d8ac@group-6911E2D50CC5, cid=755, SUCCESS, logIndex=1333, commits[ffc7b071-00b3-4a69-8de5-2639a1a8d8ac:c1335]
2019-06-12 16:04:48,670 INFO  client.GrpcClientProtocolClient (GrpcClientProtocolClient.java:onNext(254)) - client-7F7296B99608->ffc7b071-00b3-4a69-8de5-2639a1a8d8ac: receive RaftClientReply:client-7F7296B99608->ffc7b071-00b3-4a69-8de5-2639a1a8d8ac@group-6911E2D50CC5, cid=756, SUCCESS, logIndex=1335, commits[ffc7b071-00b3-4a69-8de5-2639a1a8d8ac:c1335]
2019-06-12 16:04:48,676 INFO  client.GrpcClientProtocolClient (GrpcClientProtocolClient.java:onNext(254)) - client-7F7296B99608->ffc7b071-00b3-4a69-8de5-2639a1a8d8ac: receive RaftClientReply:client-7F7296B99608->ffc7b071-00b3-4a69-8de5-2639a1a8d8ac@group-6911E2D50CC5, cid=757, SUCCESS, logIndex=1337, commits[ffc7b071-00b3-4a69-8de5-2639a1a8d8ac:c1337]
2019-06-12 16:04:48,678 INFO  client.GrpcClientProtocolClient (GrpcClientProtocolClient.java:onNext(254)) - client-7F7296B99608->ffc7b071-00b3-4a69-8de5-2639a1a8d8ac: receive RaftClientReply:client-7F7296B99608->ffc7b071-00b3-4a69-8de5-2639a1a8d8ac@group-6911E2D50CC5, cid=758, SUCCESS, logIndex=1339, commits[ffc7b071-00b3-4a69-8de5-2639a1a8d8ac:c1339]
2019-06-12 16:04:48,679 INFO  client.GrpcClientProtocolClient (GrpcClientProtocolClient.java:onNext(254)) - client-7F7296B99608->ffc7b071-00b3-4a69-8de5-2639a1a8d8ac: receive RaftClientReply:client-7F7296B99608->ffc7b071-00b3-4a69-8de5-2639a1a8d8ac@group-6911E2D50CC5, cid=759, SUCCESS, logIndex=1340, commits[ffc7b071-00b3-4a69-8de5-2639a1a8d8ac:c1342]
2019-06-12 16:04:48,682 INFO  client.GrpcClientProtocolClient (GrpcClientProtocolClient.java:onNext(254)) - client-7F7296B99608->ffc7b071-00b3-4a69-8de5-2639a1a8d8ac: receive RaftClientReply:client-7F7296B99608->ffc7b071-00b3-4a69-8de5-2639a1a8d8ac@group-6911E2D50CC5, cid=760, SUCCESS, logIndex=1342, commits[ffc7b071-00b3-4a69-8de5-2639a1a8d8ac:c1343]
2019-06-12 16:04:48,694 INFO  client.GrpcClientProtocolClient (GrpcClientProtocolClient.java:onNext(254)) - client-7F7296B99608->ffc7b071-00b3-4a69-8de5-2639a1a8d8ac: receive RaftClientReply:client-7F7296B99608->ffc7b071-00b3-4a69-8de5-2639a1a8d8ac@group-6911E2D50CC5, cid=761, SUCCESS, logIndex=1344, commits[ffc7b071-00b3-4a69-8de5-2639a1a8d8ac:c1344]
2019-06-12 16:04:48,697 INFO  client.GrpcClientProtocolClient (GrpcClientProtocolClient.java:onNext(254)) - client-7F7296B99608->ffc7b071-00b3-4a69-8de5-2639a1a8d8ac: receive RaftClientReply:client-7F7296B99608->ffc7b071-00b3-4a69-8de5-2639a1a8d8ac@group-6911E2D50CC5, cid=762, SUCCESS, logIndex=1346, commits[ffc7b071-00b3-4a69-8de5-2639a1a8d8ac:c1346]
2019-06-12 16:04:48,697 INFO  client.GrpcClientProtocolClient (GrpcClientProtocolClient.java:onNext(254)) - client-7F7296B99608->ffc7b071-00b3-4a69-8de5-2639a1a8d8ac: receive RaftClientReply:client-7F7296B99608->ffc7b071-00b3-4a69-8de5-2639a1a8d8ac@group-6911E2D50CC5, cid=763, SUCCESS, logIndex=1347, commits[ffc7b071-00b3-4a69-8de5-2639a1a8d8ac:c1349]
2019-06-12 16:04:48,698 INFO  client.GrpcClientProtocolClient (GrpcClientProtocolClient.java:onNext(254)) - client-7F7296B99608->ffc7b071-00b3-4a69-8de5-2639a1a8d8ac: receive RaftClientReply:client-7F7296B99608->ffc7b071-00b3-4a69-8de5-2639a1a8d8ac@group-6911E2D50CC5, cid=764, SUCCESS, logIndex=1348, commits[ffc7b071-00b3-4a69-8de5-2639a1a8d8ac:c1349]
2019-06-12 16:04:48,704 INFO  client.GrpcClientProtocolClient (GrpcClientProtocolClient.java:onNext(254)) - client-7F7296B99608->ffc7b071-00b3-4a69-8de5-2639a1a8d8ac: receive RaftClientReply:client-7F7296B99608->ffc7b071-00b3-4a69-8de5-2639a1a8d8ac@group-6911E2D50CC5, cid=765, SUCCESS, logIndex=1350, commits[ffc7b071-00b3-4a69-8de5-2639a1a8d8ac:c1350]
2019-06-12 16:04:48,705 INFO  client.GrpcClientProtocolClient (GrpcClientProtocolClient.java:onNext(254)) - client-7F7296B99608->ffc7b071-00b3-4a69-8de5-2639a1a8d8ac: receive RaftClientReply:client-7F7296B99608->ffc7b071-00b3-4a69-8de5-2639a1a8d8ac@group-6911E2D50CC5, cid=766, SUCCESS, logIndex=1352, commits[ffc7b071-00b3-4a69-8de5-2639a1a8d8ac:c1352]
2019-06-12 16:04:48,710 INFO  client.GrpcClientProtocolClient (GrpcClientProtocolClient.java:onNext(254)) - client-7F7296B99608->ffc7b071-00b3-4a69-8de5-2639a1a8d8ac: receive RaftClientReply:client-7F7296B99608->ffc7b071-00b3-4a69-8de5-2639a1a8d8ac@group-6911E2D50CC5, cid=767, SUCCESS, logIndex=1354, commits[ffc7b071-00b3-4a69-8de5-2639a1a8d8ac:c1355]
2019-06-12 16:04:48,716 INFO  client.GrpcClientProtocolClient (GrpcClientProtocolClient.java:onNext(254)) - client-7F7296B99608->ffc7b071-00b3-4a69-8de5-2639a1a8d8ac: receive RaftClientReply:client-7F7296B99608->ffc7b071-00b3-4a69-8de5-2639a1a8d8ac@group-6911E2D50CC5, cid=768, SUCCESS, logIndex=1355, commits[ffc7b071-00b3-4a69-8de5-2639a1a8d8ac:c1356]
2019-06-12 16:04:48,722 DEBUG block.SCMBlockDeletingService (SCMBlockDeletingService.java:call(138)) - Running DeletedBlockTransactionScanner
2019-06-12 16:04:48,722 DEBUG block.SCMBlockDeletingService (SCMBlockDeletingService.java:call(155)) - Scanned deleted blocks log and got 0 delTX to process.
2019-06-12 16:04:48,735 INFO  client.GrpcClientProtocolClient (GrpcClientProtocolClient.java:onNext(254)) - client-7F7296B99608->ffc7b071-00b3-4a69-8de5-2639a1a8d8ac: receive RaftClientReply:client-7F7296B99608->ffc7b071-00b3-4a69-8de5-2639a1a8d8ac@group-6911E2D50CC5, cid=769, SUCCESS, logIndex=1357, commits[ffc7b071-00b3-4a69-8de5-2639a1a8d8ac:c1357]
2019-06-12 16:04:48,736 INFO  storage.RaftLogWorker (RaftLogWorker.java:rollLogSegment(303)) - ffc7b071-00b3-4a69-8de5-2639a1a8d8ac-RaftLogWorker: Rolling segment log-1285_1359 to index:1359
2019-06-12 16:04:48,736 INFO  storage.RaftLogWorker (RaftLogWorker.java:execute(433)) - ffc7b071-00b3-4a69-8de5-2639a1a8d8ac-RaftLogWorker: Rolled log segment from /opt/src/hadoop-ozone/integration-test/target/test-dir/MiniOzoneClusterImpl-a1c7246e-c692-4524-ad55-32b507b20431/datanode-0/data/ratis/4417d833-4fb6-4fa2-9413-6911e2d50cc5/current/log_inprogress_1285 to /opt/src/hadoop-ozone/integration-test/target/test-dir/MiniOzoneClusterImpl-a1c7246e-c692-4524-ad55-32b507b20431/datanode-0/data/ratis/4417d833-4fb6-4fa2-9413-6911e2d50cc5/current/log_1285-1359
2019-06-12 16:04:48,739 INFO  client.GrpcClientProtocolClient (GrpcClientProtocolClient.java:onNext(254)) - client-7F7296B99608->ffc7b071-00b3-4a69-8de5-2639a1a8d8ac: receive RaftClientReply:client-7F7296B99608->ffc7b071-00b3-4a69-8de5-2639a1a8d8ac@group-6911E2D50CC5, cid=770, SUCCESS, logIndex=1359, commits[ffc7b071-00b3-4a69-8de5-2639a1a8d8ac:c1359]
2019-06-12 16:04:48,773 INFO  storage.RaftLogWorker (RaftLogWorker.java:execute(469)) - ffc7b071-00b3-4a69-8de5-2639a1a8d8ac-RaftLogWorker: created new log segment /opt/src/hadoop-ozone/integration-test/target/test-dir/MiniOzoneClusterImpl-a1c7246e-c692-4524-ad55-32b507b20431/datanode-0/data/ratis/4417d833-4fb6-4fa2-9413-6911e2d50cc5/current/log_inprogress_1360
2019-06-12 16:04:48,776 INFO  client.GrpcClientProtocolClient (GrpcClientProtocolClient.java:onNext(254)) - client-7F7296B99608->ffc7b071-00b3-4a69-8de5-2639a1a8d8ac: receive RaftClientReply:client-7F7296B99608->ffc7b071-00b3-4a69-8de5-2639a1a8d8ac@group-6911E2D50CC5, cid=771, SUCCESS, logIndex=1360, commits[ffc7b071-00b3-4a69-8de5-2639a1a8d8ac:c1362]
2019-06-12 16:04:48,776 INFO  client.GrpcClientProtocolClient (GrpcClientProtocolClient.java:onNext(254)) - client-7F7296B99608->ffc7b071-00b3-4a69-8de5-2639a1a8d8ac: receive RaftClientReply:client-7F7296B99608->ffc7b071-00b3-4a69-8de5-2639a1a8d8ac@group-6911E2D50CC5, cid=772, SUCCESS, logIndex=1361, commits[ffc7b071-00b3-4a69-8de5-2639a1a8d8ac:c1362]
2019-06-12 16:04:48,783 INFO  client.GrpcClientProtocolClient (GrpcClientProtocolClient.java:onNext(254)) - client-7F7296B99608->ffc7b071-00b3-4a69-8de5-2639a1a8d8ac: receive RaftClientReply:client-7F7296B99608->ffc7b071-00b3-4a69-8de5-2639a1a8d8ac@group-6911E2D50CC5, cid=773, SUCCESS, logIndex=1363, commits[ffc7b071-00b3-4a69-8de5-2639a1a8d8ac:c1363]
2019-06-12 16:04:49,022 DEBUG block.SCMBlockDeletingService (SCMBlockDeletingService.java:call(138)) - Running DeletedBlockTransactionScanner
2019-06-12 16:04:49,025 DEBUG block.SCMBlockDeletingService (SCMBlockDeletingService.java:call(155)) - Scanned deleted blocks log and got 0 delTX to process.
2019-06-12 16:04:49,030 INFO  client.GrpcClientProtocolClient (GrpcClientProtocolClient.java:onNext(254)) - client-7F7296B99608->ffc7b071-00b3-4a69-8de5-2639a1a8d8ac: receive RaftClientReply:client-7F7296B99608->ffc7b071-00b3-4a69-8de5-2639a1a8d8ac@group-6911E2D50CC5, cid=774, SUCCESS, logIndex=1365, commits[ffc7b071-00b3-4a69-8de5-2639a1a8d8ac:c1369]
2019-06-12 16:04:49,034 INFO  client.GrpcClientProtocolClient (GrpcClientProtocolClient.java:onNext(254)) - client-7F7296B99608->ffc7b071-00b3-4a69-8de5-2639a1a8d8ac: receive RaftClientReply:client-7F7296B99608->ffc7b071-00b3-4a69-8de5-2639a1a8d8ac@group-6911E2D50CC5, cid=775, SUCCESS, logIndex=1366, commits[ffc7b071-00b3-4a69-8de5-2639a1a8d8ac:c1369]
2019-06-12 16:04:49,035 INFO  client.GrpcClientProtocolClient (GrpcClientProtocolClient.java:onNext(254)) - client-7F7296B99608->ffc7b071-00b3-4a69-8de5-2639a1a8d8ac: receive RaftClientReply:client-7F7296B99608->ffc7b071-00b3-4a69-8de5-2639a1a8d8ac@group-6911E2D50CC5, cid=776, SUCCESS, logIndex=1367, commits[ffc7b071-00b3-4a69-8de5-2639a1a8d8ac:c1369]
2019-06-12 16:04:49,045 INFO  client.GrpcClientProtocolClient (GrpcClientProtocolClient.java:onNext(254)) - client-7F7296B99608->ffc7b071-00b3-4a69-8de5-2639a1a8d8ac: receive RaftClientReply:client-7F7296B99608->ffc7b071-00b3-4a69-8de5-2639a1a8d8ac@group-6911E2D50CC5, cid=777, SUCCESS, logIndex=1370, commits[ffc7b071-00b3-4a69-8de5-2639a1a8d8ac:c1370]
2019-06-12 16:04:49,050 INFO  client.GrpcClientProtocolClient (GrpcClientProtocolClient.java:onNext(254)) - client-7F7296B99608->ffc7b071-00b3-4a69-8de5-2639a1a8d8ac: receive RaftClientReply:client-7F7296B99608->ffc7b071-00b3-4a69-8de5-2639a1a8d8ac@group-6911E2D50CC5, cid=778, SUCCESS, logIndex=1372, commits[ffc7b071-00b3-4a69-8de5-2639a1a8d8ac:c1372]
2019-06-12 16:04:49,051 INFO  client.GrpcClientProtocolClient (GrpcClientProtocolClient.java:onNext(254)) - client-7F7296B99608->ffc7b071-00b3-4a69-8de5-2639a1a8d8ac: receive RaftClientReply:client-7F7296B99608->ffc7b071-00b3-4a69-8de5-2639a1a8d8ac@group-6911E2D50CC5, cid=779, SUCCESS, logIndex=1373, commits[ffc7b071-00b3-4a69-8de5-2639a1a8d8ac:c1375]
2019-06-12 16:04:49,051 INFO  client.GrpcClientProtocolClient (GrpcClientProtocolClient.java:onNext(254)) - client-7F7296B99608->ffc7b071-00b3-4a69-8de5-2639a1a8d8ac: receive RaftClientReply:client-7F7296B99608->ffc7b071-00b3-4a69-8de5-2639a1a8d8ac@group-6911E2D50CC5, cid=780, SUCCESS, logIndex=1374, commits[ffc7b071-00b3-4a69-8de5-2639a1a8d8ac:c1375]
2019-06-12 16:04:49,057 INFO  client.GrpcClientProtocolClient (GrpcClientProtocolClient.java:onNext(254)) - client-7F7296B99608->ffc7b071-00b3-4a69-8de5-2639a1a8d8ac: receive RaftClientReply:client-7F7296B99608->ffc7b071-00b3-4a69-8de5-2639a1a8d8ac@group-6911E2D50CC5, cid=781, SUCCESS, logIndex=1376, commits[ffc7b071-00b3-4a69-8de5-2639a1a8d8ac:c1376]
2019-06-12 16:04:49,059 INFO  client.GrpcClientProtocolClient (GrpcClientProtocolClient.java:onNext(254)) - client-7F7296B99608->ffc7b071-00b3-4a69-8de5-2639a1a8d8ac: receive RaftClientReply:client-7F7296B99608->ffc7b071-00b3-4a69-8de5-2639a1a8d8ac@group-6911E2D50CC5, cid=782, SUCCESS, logIndex=1378, commits[ffc7b071-00b3-4a69-8de5-2639a1a8d8ac:c1378]
2019-06-12 16:04:49,060 INFO  client.GrpcClientProtocolClient (GrpcClientProtocolClient.java:onNext(254)) - client-7F7296B99608->ffc7b071-00b3-4a69-8de5-2639a1a8d8ac: receive RaftClientReply:client-7F7296B99608->ffc7b071-00b3-4a69-8de5-2639a1a8d8ac@group-6911E2D50CC5, cid=783, SUCCESS, logIndex=1379, commits[ffc7b071-00b3-4a69-8de5-2639a1a8d8ac:c1381]
2019-06-12 16:04:49,060 INFO  client.GrpcClientProtocolClient (GrpcClientProtocolClient.java:onNext(254)) - client-7F7296B99608->ffc7b071-00b3-4a69-8de5-2639a1a8d8ac: receive RaftClientReply:client-7F7296B99608->ffc7b071-00b3-4a69-8de5-2639a1a8d8ac@group-6911E2D50CC5, cid=784, SUCCESS, logIndex=1381, commits[ffc7b071-00b3-4a69-8de5-2639a1a8d8ac:c1381]
2019-06-12 16:04:49,071 INFO  client.GrpcClientProtocolClient (GrpcClientProtocolClient.java:onNext(254)) - client-7F7296B99608->ffc7b071-00b3-4a69-8de5-2639a1a8d8ac: receive RaftClientReply:client-7F7296B99608->ffc7b071-00b3-4a69-8de5-2639a1a8d8ac@group-6911E2D50CC5, cid=785, SUCCESS, logIndex=1383, commits[ffc7b071-00b3-4a69-8de5-2639a1a8d8ac:c1383]
2019-06-12 16:04:49,073 INFO  client.GrpcClientProtocolClient (GrpcClientProtocolClient.java:onNext(254)) - client-7F7296B99608->ffc7b071-00b3-4a69-8de5-2639a1a8d8ac: receive RaftClientReply:client-7F7296B99608->ffc7b071-00b3-4a69-8de5-2639a1a8d8ac@group-6911E2D50CC5, cid=786, SUCCESS, logIndex=1385, commits[ffc7b071-00b3-4a69-8de5-2639a1a8d8ac:c1385]
2019-06-12 16:04:49,074 INFO  client.GrpcClientProtocolClient (GrpcClientProtocolClient.java:onNext(254)) - client-7F7296B99608->ffc7b071-00b3-4a69-8de5-2639a1a8d8ac: receive RaftClientReply:client-7F7296B99608->ffc7b071-00b3-4a69-8de5-2639a1a8d8ac@group-6911E2D50CC5, cid=787, SUCCESS, logIndex=1386, commits[ffc7b071-00b3-4a69-8de5-2639a1a8d8ac:c1388]
2019-06-12 16:04:49,075 INFO  client.GrpcClientProtocolClient (GrpcClientProtocolClient.java:onNext(254)) - client-7F7296B99608->ffc7b071-00b3-4a69-8de5-2639a1a8d8ac: receive RaftClientReply:client-7F7296B99608->ffc7b071-00b3-4a69-8de5-2639a1a8d8ac@group-6911E2D50CC5, cid=788, SUCCESS, logIndex=1387, commits[ffc7b071-00b3-4a69-8de5-2639a1a8d8ac:c1388]
2019-06-12 16:04:49,080 INFO  client.GrpcClientProtocolClient (GrpcClientProtocolClient.java:onNext(254)) - client-7F7296B99608->ffc7b071-00b3-4a69-8de5-2639a1a8d8ac: receive RaftClientReply:client-7F7296B99608->ffc7b071-00b3-4a69-8de5-2639a1a8d8ac@group-6911E2D50CC5, cid=789, SUCCESS, logIndex=1389, commits[ffc7b071-00b3-4a69-8de5-2639a1a8d8ac:c1389]
2019-06-12 16:04:49,083 INFO  client.GrpcClientProtocolClient (GrpcClientProtocolClient.java:onNext(254)) - client-7F7296B99608->ffc7b071-00b3-4a69-8de5-2639a1a8d8ac: receive RaftClientReply:client-7F7296B99608->ffc7b071-00b3-4a69-8de5-2639a1a8d8ac@group-6911E2D50CC5, cid=790, SUCCESS, logIndex=1391, commits[ffc7b071-00b3-4a69-8de5-2639a1a8d8ac:c1391]
2019-06-12 16:04:49,084 INFO  client.GrpcClientProtocolClient (GrpcClientProtocolClient.java:onNext(254)) - client-7F7296B99608->ffc7b071-00b3-4a69-8de5-2639a1a8d8ac: receive RaftClientReply:client-7F7296B99608->ffc7b071-00b3-4a69-8de5-2639a1a8d8ac@group-6911E2D50CC5, cid=791, SUCCESS, logIndex=1392, commits[ffc7b071-00b3-4a69-8de5-2639a1a8d8ac:c1394]
2019-06-12 16:04:49,084 INFO  client.GrpcClientProtocolClient (GrpcClientProtocolClient.java:onNext(254)) - client-7F7296B99608->ffc7b071-00b3-4a69-8de5-2639a1a8d8ac: receive RaftClientReply:client-7F7296B99608->ffc7b071-00b3-4a69-8de5-2639a1a8d8ac@group-6911E2D50CC5, cid=792, SUCCESS, logIndex=1393, commits[ffc7b071-00b3-4a69-8de5-2639a1a8d8ac:c1394]
2019-06-12 16:04:49,094 INFO  client.GrpcClientProtocolClient (GrpcClientProtocolClient.java:onNext(254)) - client-7F7296B99608->ffc7b071-00b3-4a69-8de5-2639a1a8d8ac: receive RaftClientReply:client-7F7296B99608->ffc7b071-00b3-4a69-8de5-2639a1a8d8ac@group-6911E2D50CC5, cid=793, SUCCESS, logIndex=1395, commits[ffc7b071-00b3-4a69-8de5-2639a1a8d8ac:c1395]
2019-06-12 16:04:49,096 INFO  client.GrpcClientProtocolClient (GrpcClientProtocolClient.java:onNext(254)) - client-7F7296B99608->ffc7b071-00b3-4a69-8de5-2639a1a8d8ac: receive RaftClientReply:client-7F7296B99608->ffc7b071-00b3-4a69-8de5-2639a1a8d8ac@group-6911E2D50CC5, cid=794, SUCCESS, logIndex=1397, commits[ffc7b071-00b3-4a69-8de5-2639a1a8d8ac:c1397]
2019-06-12 16:04:49,125 DEBUG block.SCMBlockDeletingService (SCMBlockDeletingService.java:call(138)) - Running DeletedBlockTransactionScanner
2019-06-12 16:04:49,125 DEBUG block.SCMBlockDeletingService (SCMBlockDeletingService.java:call(155)) - Scanned deleted blocks log and got 0 delTX to process.
2019-06-12 16:04:49,180 INFO  client.GrpcClientProtocolClient (GrpcClientProtocolClient.java:onNext(254)) - client-7F7296B99608->ffc7b071-00b3-4a69-8de5-2639a1a8d8ac: receive RaftClientReply:client-7F7296B99608->ffc7b071-00b3-4a69-8de5-2639a1a8d8ac@group-6911E2D50CC5, cid=795, SUCCESS, logIndex=1399, commits[ffc7b071-00b3-4a69-8de5-2639a1a8d8ac:c1399]
2019-06-12 16:04:49,181 INFO  client.GrpcClientProtocolClient (GrpcClientProtocolClient.java:onNext(254)) - client-7F7296B99608->ffc7b071-00b3-4a69-8de5-2639a1a8d8ac: receive RaftClientReply:client-7F7296B99608->ffc7b071-00b3-4a69-8de5-2639a1a8d8ac@group-6911E2D50CC5, cid=796, SUCCESS, logIndex=1401, commits[ffc7b071-00b3-4a69-8de5-2639a1a8d8ac:c1401]
2019-06-12 16:04:49,190 INFO  client.GrpcClientProtocolClient (GrpcClientProtocolClient.java:onNext(254)) - client-7F7296B99608->ffc7b071-00b3-4a69-8de5-2639a1a8d8ac: receive RaftClientReply:client-7F7296B99608->ffc7b071-00b3-4a69-8de5-2639a1a8d8ac@group-6911E2D50CC5, cid=797, SUCCESS, logIndex=1403, commits[ffc7b071-00b3-4a69-8de5-2639a1a8d8ac:c1403]
2019-06-12 16:04:49,191 INFO  client.GrpcClientProtocolClient (GrpcClientProtocolClient.java:onNext(254)) - client-7F7296B99608->ffc7b071-00b3-4a69-8de5-2639a1a8d8ac: receive RaftClientReply:client-7F7296B99608->ffc7b071-00b3-4a69-8de5-2639a1a8d8ac@group-6911E2D50CC5, cid=798, SUCCESS, logIndex=1405, commits[ffc7b071-00b3-4a69-8de5-2639a1a8d8ac:c1405]
2019-06-12 16:04:49,194 INFO  client.GrpcClientProtocolClient (GrpcClientProtocolClient.java:onNext(254)) - client-7F7296B99608->ffc7b071-00b3-4a69-8de5-2639a1a8d8ac: receive RaftClientReply:client-7F7296B99608->ffc7b071-00b3-4a69-8de5-2639a1a8d8ac@group-6911E2D50CC5, cid=799, SUCCESS, logIndex=1407, commits[ffc7b071-00b3-4a69-8de5-2639a1a8d8ac:c1407]
2019-06-12 16:04:49,195 INFO  client.GrpcClientProtocolClient (GrpcClientProtocolClient.java:onNext(254)) - client-7F7296B99608->ffc7b071-00b3-4a69-8de5-2639a1a8d8ac: receive RaftClientReply:client-7F7296B99608->ffc7b071-00b3-4a69-8de5-2639a1a8d8ac@group-6911E2D50CC5, cid=800, SUCCESS, logIndex=1409, commits[ffc7b071-00b3-4a69-8de5-2639a1a8d8ac:c1409]
2019-06-12 16:04:49,207 INFO  client.GrpcClientProtocolClient (GrpcClientProtocolClient.java:onNext(254)) - client-7F7296B99608->ffc7b071-00b3-4a69-8de5-2639a1a8d8ac: receive RaftClientReply:client-7F7296B99608->ffc7b071-00b3-4a69-8de5-2639a1a8d8ac@group-6911E2D50CC5, cid=801, SUCCESS, logIndex=1411, commits[ffc7b071-00b3-4a69-8de5-2639a1a8d8ac:c1411]
2019-06-12 16:04:49,209 INFO  client.GrpcClientProtocolClient (GrpcClientProtocolClient.java:onNext(254)) - client-7F7296B99608->ffc7b071-00b3-4a69-8de5-2639a1a8d8ac: receive RaftClientReply:client-7F7296B99608->ffc7b071-00b3-4a69-8de5-2639a1a8d8ac@group-6911E2D50CC5, cid=802, SUCCESS, logIndex=1413, commits[ffc7b071-00b3-4a69-8de5-2639a1a8d8ac:c1413]
2019-06-12 16:04:49,210 INFO  client.GrpcClientProtocolClient (GrpcClientProtocolClient.java:onNext(254)) - client-7F7296B99608->ffc7b071-00b3-4a69-8de5-2639a1a8d8ac: receive RaftClientReply:client-7F7296B99608->ffc7b071-00b3-4a69-8de5-2639a1a8d8ac@group-6911E2D50CC5, cid=803, SUCCESS, logIndex=1414, commits[ffc7b071-00b3-4a69-8de5-2639a1a8d8ac:c1415]
2019-06-12 16:04:49,211 INFO  client.GrpcClientProtocolClient (GrpcClientProtocolClient.java:onNext(254)) - client-7F7296B99608->ffc7b071-00b3-4a69-8de5-2639a1a8d8ac: receive RaftClientReply:client-7F7296B99608->ffc7b071-00b3-4a69-8de5-2639a1a8d8ac@group-6911E2D50CC5, cid=804, SUCCESS, logIndex=1415, commits[ffc7b071-00b3-4a69-8de5-2639a1a8d8ac:c1415]
2019-06-12 16:04:49,216 INFO  client.GrpcClientProtocolClient (GrpcClientProtocolClient.java:onNext(254)) - client-7F7296B99608->ffc7b071-00b3-4a69-8de5-2639a1a8d8ac: receive RaftClientReply:client-7F7296B99608->ffc7b071-00b3-4a69-8de5-2639a1a8d8ac@group-6911E2D50CC5, cid=805, SUCCESS, logIndex=1418, commits[ffc7b071-00b3-4a69-8de5-2639a1a8d8ac:c1418]
2019-06-12 16:04:49,218 INFO  client.GrpcClientProtocolClient (GrpcClientProtocolClient.java:onNext(254)) - client-7F7296B99608->ffc7b071-00b3-4a69-8de5-2639a1a8d8ac: receive RaftClientReply:client-7F7296B99608->ffc7b071-00b3-4a69-8de5-2639a1a8d8ac@group-6911E2D50CC5, cid=806, SUCCESS, logIndex=1420, commits[ffc7b071-00b3-4a69-8de5-2639a1a8d8ac:c1420]
2019-06-12 16:04:49,219 INFO  client.GrpcClientProtocolClient (GrpcClientProtocolClient.java:onNext(254)) - client-7F7296B99608->ffc7b071-00b3-4a69-8de5-2639a1a8d8ac: receive RaftClientReply:client-7F7296B99608->ffc7b071-00b3-4a69-8de5-2639a1a8d8ac@group-6911E2D50CC5, cid=807, SUCCESS, logIndex=1421, commits[ffc7b071-00b3-4a69-8de5-2639a1a8d8ac:c1423]
2019-06-12 16:04:49,220 INFO  client.GrpcClientProtocolClient (GrpcClientProtocolClient.java:onNext(254)) - client-7F7296B99608->ffc7b071-00b3-4a69-8de5-2639a1a8d8ac: receive RaftClientReply:client-7F7296B99608->ffc7b071-00b3-4a69-8de5-2639a1a8d8ac@group-6911E2D50CC5, cid=808, SUCCESS, logIndex=1423, commits[ffc7b071-00b3-4a69-8de5-2639a1a8d8ac:c1424]
2019-06-12 16:04:49,225 DEBUG block.SCMBlockDeletingService (SCMBlockDeletingService.java:call(138)) - Running DeletedBlockTransactionScanner
2019-06-12 16:04:49,225 DEBUG block.SCMBlockDeletingService (SCMBlockDeletingService.java:call(155)) - Scanned deleted blocks log and got 0 delTX to process.
2019-06-12 16:04:49,230 INFO  client.GrpcClientProtocolClient (GrpcClientProtocolClient.java:onNext(254)) - client-7F7296B99608->ffc7b071-00b3-4a69-8de5-2639a1a8d8ac: receive RaftClientReply:client-7F7296B99608->ffc7b071-00b3-4a69-8de5-2639a1a8d8ac@group-6911E2D50CC5, cid=809, SUCCESS, logIndex=1425, commits[ffc7b071-00b3-4a69-8de5-2639a1a8d8ac:c1425]
2019-06-12 16:04:49,232 INFO  client.GrpcClientProtocolClient (GrpcClientProtocolClient.java:onNext(254)) - client-7F7296B99608->ffc7b071-00b3-4a69-8de5-2639a1a8d8ac: receive RaftClientReply:client-7F7296B99608->ffc7b071-00b3-4a69-8de5-2639a1a8d8ac@group-6911E2D50CC5, cid=810, SUCCESS, logIndex=1427, commits[ffc7b071-00b3-4a69-8de5-2639a1a8d8ac:c1427]
2019-06-12 16:04:49,233 INFO  client.GrpcClientProtocolClient (GrpcClientProtocolClient.java:onNext(254)) - client-7F7296B99608->ffc7b071-00b3-4a69-8de5-2639a1a8d8ac: receive RaftClientReply:client-7F7296B99608->ffc7b071-00b3-4a69-8de5-2639a1a8d8ac@group-6911E2D50CC5, cid=811, SUCCESS, logIndex=1428, commits[ffc7b071-00b3-4a69-8de5-2639a1a8d8ac:c1430]
2019-06-12 16:04:49,233 INFO  client.GrpcClientProtocolClient (GrpcClientProtocolClient.java:onNext(254)) - client-7F7296B99608->ffc7b071-00b3-4a69-8de5-2639a1a8d8ac: receive RaftClientReply:client-7F7296B99608->ffc7b071-00b3-4a69-8de5-2639a1a8d8ac@group-6911E2D50CC5, cid=812, SUCCESS, logIndex=1430, commits[ffc7b071-00b3-4a69-8de5-2639a1a8d8ac:c1430]
2019-06-12 16:04:49,239 INFO  client.GrpcClientProtocolClient (GrpcClientProtocolClient.java:onNext(254)) - client-7F7296B99608->ffc7b071-00b3-4a69-8de5-2639a1a8d8ac: receive RaftClientReply:client-7F7296B99608->ffc7b071-00b3-4a69-8de5-2639a1a8d8ac@group-6911E2D50CC5, cid=813, SUCCESS, logIndex=1432, commits[ffc7b071-00b3-4a69-8de5-2639a1a8d8ac:c1433]
2019-06-12 16:04:49,239 INFO  storage.RaftLogWorker (RaftLogWorker.java:rollLogSegment(303)) - ffc7b071-00b3-4a69-8de5-2639a1a8d8ac-RaftLogWorker: Rolling segment log-1360_1433 to index:1433
2019-06-12 16:04:49,240 INFO  storage.RaftLogWorker (RaftLogWorker.java:execute(433)) - ffc7b071-00b3-4a69-8de5-2639a1a8d8ac-RaftLogWorker: Rolled log segment from /opt/src/hadoop-ozone/integration-test/target/test-dir/MiniOzoneClusterImpl-a1c7246e-c692-4524-ad55-32b507b20431/datanode-0/data/ratis/4417d833-4fb6-4fa2-9413-6911e2d50cc5/current/log_inprogress_1360 to /opt/src/hadoop-ozone/integration-test/target/test-dir/MiniOzoneClusterImpl-a1c7246e-c692-4524-ad55-32b507b20431/datanode-0/data/ratis/4417d833-4fb6-4fa2-9413-6911e2d50cc5/current/log_1360-1433
2019-06-12 16:04:49,282 INFO  storage.RaftLogWorker (RaftLogWorker.java:execute(469)) - ffc7b071-00b3-4a69-8de5-2639a1a8d8ac-RaftLogWorker: created new log segment /opt/src/hadoop-ozone/integration-test/target/test-dir/MiniOzoneClusterImpl-a1c7246e-c692-4524-ad55-32b507b20431/datanode-0/data/ratis/4417d833-4fb6-4fa2-9413-6911e2d50cc5/current/log_inprogress_1434
2019-06-12 16:04:49,284 INFO  client.GrpcClientProtocolClient (GrpcClientProtocolClient.java:onNext(254)) - client-7F7296B99608->ffc7b071-00b3-4a69-8de5-2639a1a8d8ac: receive RaftClientReply:client-7F7296B99608->ffc7b071-00b3-4a69-8de5-2639a1a8d8ac@group-6911E2D50CC5, cid=814, SUCCESS, logIndex=1434, commits[ffc7b071-00b3-4a69-8de5-2639a1a8d8ac:c1436]
2019-06-12 16:04:49,286 INFO  client.GrpcClientProtocolClient (GrpcClientProtocolClient.java:onNext(254)) - client-7F7296B99608->ffc7b071-00b3-4a69-8de5-2639a1a8d8ac: receive RaftClientReply:client-7F7296B99608->ffc7b071-00b3-4a69-8de5-2639a1a8d8ac@group-6911E2D50CC5, cid=815, SUCCESS, logIndex=1435, commits[ffc7b071-00b3-4a69-8de5-2639a1a8d8ac:c1437]
2019-06-12 16:04:49,286 INFO  client.GrpcClientProtocolClient (GrpcClientProtocolClient.java:onNext(254)) - client-7F7296B99608->ffc7b071-00b3-4a69-8de5-2639a1a8d8ac: receive RaftClientReply:client-7F7296B99608->ffc7b071-00b3-4a69-8de5-2639a1a8d8ac@group-6911E2D50CC5, cid=816, SUCCESS, logIndex=1436, commits[ffc7b071-00b3-4a69-8de5-2639a1a8d8ac:c1437]
2019-06-12 16:04:49,296 INFO  client.GrpcClientProtocolClient (GrpcClientProtocolClient.java:onNext(254)) - client-7F7296B99608->ffc7b071-00b3-4a69-8de5-2639a1a8d8ac: receive RaftClientReply:client-7F7296B99608->ffc7b071-00b3-4a69-8de5-2639a1a8d8ac@group-6911E2D50CC5, cid=817, SUCCESS, logIndex=1438, commits[ffc7b071-00b3-4a69-8de5-2639a1a8d8ac:c1438]
2019-06-12 16:04:49,298 INFO  client.GrpcClientProtocolClient (GrpcClientProtocolClient.java:onNext(254)) - client-7F7296B99608->ffc7b071-00b3-4a69-8de5-2639a1a8d8ac: receive RaftClientReply:client-7F7296B99608->ffc7b071-00b3-4a69-8de5-2639a1a8d8ac@group-6911E2D50CC5, cid=818, SUCCESS, logIndex=1440, commits[ffc7b071-00b3-4a69-8de5-2639a1a8d8ac:c1440]
2019-06-12 16:04:49,299 INFO  client.GrpcClientProtocolClient (GrpcClientProtocolClient.java:onNext(254)) - client-7F7296B99608->ffc7b071-00b3-4a69-8de5-2639a1a8d8ac: receive RaftClientReply:client-7F7296B99608->ffc7b071-00b3-4a69-8de5-2639a1a8d8ac@group-6911E2D50CC5, cid=819, SUCCESS, logIndex=1441, commits[ffc7b071-00b3-4a69-8de5-2639a1a8d8ac:c1441]
2019-06-12 16:04:49,300 INFO  client.GrpcClientProtocolClient (GrpcClientProtocolClient.java:onNext(254)) - client-7F7296B99608->ffc7b071-00b3-4a69-8de5-2639a1a8d8ac: receive RaftClientReply:client-7F7296B99608->ffc7b071-00b3-4a69-8de5-2639a1a8d8ac@group-6911E2D50CC5, cid=820, SUCCESS, logIndex=1444, commits[ffc7b071-00b3-4a69-8de5-2639a1a8d8ac:c1444]
2019-06-12 16:04:49,310 INFO  client.GrpcClientProtocolClient (GrpcClientProtocolClient.java:onNext(254)) - client-7F7296B99608->ffc7b071-00b3-4a69-8de5-2639a1a8d8ac: receive RaftClientReply:client-7F7296B99608->ffc7b071-00b3-4a69-8de5-2639a1a8d8ac@group-6911E2D50CC5, cid=821, SUCCESS, logIndex=1446, commits[ffc7b071-00b3-4a69-8de5-2639a1a8d8ac:c1446]
2019-06-12 16:04:49,312 INFO  client.GrpcClientProtocolClient (GrpcClientProtocolClient.java:onNext(254)) - client-7F7296B99608->ffc7b071-00b3-4a69-8de5-2639a1a8d8ac: receive RaftClientReply:client-7F7296B99608->ffc7b071-00b3-4a69-8de5-2639a1a8d8ac@group-6911E2D50CC5, cid=822, SUCCESS, logIndex=1448, commits[ffc7b071-00b3-4a69-8de5-2639a1a8d8ac:c1448]
2019-06-12 16:04:49,313 INFO  client.GrpcClientProtocolClient (GrpcClientProtocolClient.java:onNext(254)) - client-7F7296B99608->ffc7b071-00b3-4a69-8de5-2639a1a8d8ac: receive RaftClientReply:client-7F7296B99608->ffc7b071-00b3-4a69-8de5-2639a1a8d8ac@group-6911E2D50CC5, cid=823, SUCCESS, logIndex=1449, commits[ffc7b071-00b3-4a69-8de5-2639a1a8d8ac:c1451]
2019-06-12 16:04:49,313 INFO  client.GrpcClientProtocolClient (GrpcClientProtocolClient.java:onNext(254)) - client-7F7296B99608->ffc7b071-00b3-4a69-8de5-2639a1a8d8ac: receive RaftClientReply:client-7F7296B99608->ffc7b071-00b3-4a69-8de5-2639a1a8d8ac@group-6911E2D50CC5, cid=824, SUCCESS, logIndex=1451, commits[ffc7b071-00b3-4a69-8de5-2639a1a8d8ac:c1451]
2019-06-12 16:04:49,323 INFO  client.GrpcClientProtocolClient (GrpcClientProtocolClient.java:onNext(254)) - client-7F7296B99608->ffc7b071-00b3-4a69-8de5-2639a1a8d8ac: receive RaftClientReply:client-7F7296B99608->ffc7b071-00b3-4a69-8de5-2639a1a8d8ac@group-6911E2D50CC5, cid=825, SUCCESS, logIndex=1453, commits[ffc7b071-00b3-4a69-8de5-2639a1a8d8ac:c1453]
2019-06-12 16:04:49,325 INFO  client.GrpcClientProtocolClient (GrpcClientProtocolClient.java:onNext(254)) - client-7F7296B99608->ffc7b071-00b3-4a69-8de5-2639a1a8d8ac: receive RaftClientReply:client-7F7296B99608->ffc7b071-00b3-4a69-8de5-2639a1a8d8ac@group-6911E2D50CC5, cid=826, SUCCESS, logIndex=1455, commits[ffc7b071-00b3-4a69-8de5-2639a1a8d8ac:c1455]
2019-06-12 16:04:49,326 DEBUG block.SCMBlockDeletingService (SCMBlockDeletingService.java:call(138)) - Running DeletedBlockTransactionScanner
2019-06-12 16:04:49,326 INFO  client.GrpcClientProtocolClient (GrpcClientProtocolClient.java:onNext(254)) - client-7F7296B99608->ffc7b071-00b3-4a69-8de5-2639a1a8d8ac: receive RaftClientReply:client-7F7296B99608->ffc7b071-00b3-4a69-8de5-2639a1a8d8ac@group-6911E2D50CC5, cid=827, SUCCESS, logIndex=1456, commits[ffc7b071-00b3-4a69-8de5-2639a1a8d8ac:c1456]
2019-06-12 16:04:49,326 DEBUG block.SCMBlockDeletingService (SCMBlockDeletingService.java:call(155)) - Scanned deleted blocks log and got 0 delTX to process.
2019-06-12 16:04:49,326 INFO  client.GrpcClientProtocolClient (GrpcClientProtocolClient.java:onNext(254)) - client-7F7296B99608->ffc7b071-00b3-4a69-8de5-2639a1a8d8ac: receive RaftClientReply:client-7F7296B99608->ffc7b071-00b3-4a69-8de5-2639a1a8d8ac@group-6911E2D50CC5, cid=828, SUCCESS, logIndex=1458, commits[ffc7b071-00b3-4a69-8de5-2639a1a8d8ac:c1458]
2019-06-12 16:04:49,332 INFO  client.GrpcClientProtocolClient (GrpcClientProtocolClient.java:onNext(254)) - client-7F7296B99608->ffc7b071-00b3-4a69-8de5-2639a1a8d8ac: receive RaftClientReply:client-7F7296B99608->ffc7b071-00b3-4a69-8de5-2639a1a8d8ac@group-6911E2D50CC5, cid=829, SUCCESS, logIndex=1461, commits[ffc7b071-00b3-4a69-8de5-2639a1a8d8ac:c1461]
2019-06-12 16:04:49,335 INFO  client.GrpcClientProtocolClient (GrpcClientProtocolClient.java:onNext(254)) - client-7F7296B99608->ffc7b071-00b3-4a69-8de5-2639a1a8d8ac: receive RaftClientReply:client-7F7296B99608->ffc7b071-00b3-4a69-8de5-2639a1a8d8ac@group-6911E2D50CC5, cid=830, SUCCESS, logIndex=1463, commits[ffc7b071-00b3-4a69-8de5-2639a1a8d8ac:c1463]
2019-06-12 16:04:49,335 INFO  client.GrpcClientProtocolClient (GrpcClientProtocolClient.java:onNext(254)) - client-7F7296B99608->ffc7b071-00b3-4a69-8de5-2639a1a8d8ac: receive RaftClientReply:client-7F7296B99608->ffc7b071-00b3-4a69-8de5-2639a1a8d8ac@group-6911E2D50CC5, cid=831, SUCCESS, logIndex=1464, commits[ffc7b071-00b3-4a69-8de5-2639a1a8d8ac:c1466]
2019-06-12 16:04:49,336 INFO  client.GrpcClientProtocolClient (GrpcClientProtocolClient.java:onNext(254)) - client-7F7296B99608->ffc7b071-00b3-4a69-8de5-2639a1a8d8ac: receive RaftClientReply:client-7F7296B99608->ffc7b071-00b3-4a69-8de5-2639a1a8d8ac@group-6911E2D50CC5, cid=832, SUCCESS, logIndex=1466, commits[ffc7b071-00b3-4a69-8de5-2639a1a8d8ac:c1467]
2019-06-12 16:04:49,346 INFO  client.GrpcClientProtocolClient (GrpcClientProtocolClient.java:onNext(254)) - client-7F7296B99608->ffc7b071-00b3-4a69-8de5-2639a1a8d8ac: receive RaftClientReply:client-7F7296B99608->ffc7b071-00b3-4a69-8de5-2639a1a8d8ac@group-6911E2D50CC5, cid=833, SUCCESS, logIndex=1468, commits[ffc7b071-00b3-4a69-8de5-2639a1a8d8ac:c1468]
2019-06-12 16:04:49,349 INFO  client.GrpcClientProtocolClient (GrpcClientProtocolClient.java:onNext(254)) - client-7F7296B99608->ffc7b071-00b3-4a69-8de5-2639a1a8d8ac: receive RaftClientReply:client-7F7296B99608->ffc7b071-00b3-4a69-8de5-2639a1a8d8ac@group-6911E2D50CC5, cid=834, SUCCESS, logIndex=1470, commits[ffc7b071-00b3-4a69-8de5-2639a1a8d8ac:c1470]
2019-06-12 16:04:49,350 INFO  client.GrpcClientProtocolClient (GrpcClientProtocolClient.java:onNext(254)) - client-7F7296B99608->ffc7b071-00b3-4a69-8de5-2639a1a8d8ac: receive RaftClientReply:client-7F7296B99608->ffc7b071-00b3-4a69-8de5-2639a1a8d8ac@group-6911E2D50CC5, cid=835, SUCCESS, logIndex=1471, commits[ffc7b071-00b3-4a69-8de5-2639a1a8d8ac:c1473]
2019-06-12 16:04:49,350 INFO  client.GrpcClientProtocolClient (GrpcClientProtocolClient.java:onNext(254)) - client-7F7296B99608->ffc7b071-00b3-4a69-8de5-2639a1a8d8ac: receive RaftClientReply:client-7F7296B99608->ffc7b071-00b3-4a69-8de5-2639a1a8d8ac@group-6911E2D50CC5, cid=836, SUCCESS, logIndex=1473, commits[ffc7b071-00b3-4a69-8de5-2639a1a8d8ac:c1474]
2019-06-12 16:04:49,356 INFO  client.GrpcClientProtocolClient (GrpcClientProtocolClient.java:onNext(254)) - client-7F7296B99608->ffc7b071-00b3-4a69-8de5-2639a1a8d8ac: receive RaftClientReply:client-7F7296B99608->ffc7b071-00b3-4a69-8de5-2639a1a8d8ac@group-6911E2D50CC5, cid=837, SUCCESS, logIndex=1475, commits[ffc7b071-00b3-4a69-8de5-2639a1a8d8ac:c1475]
2019-06-12 16:04:49,358 INFO  client.GrpcClientProtocolClient (GrpcClientProtocolClient.java:onNext(254)) - client-7F7296B99608->ffc7b071-00b3-4a69-8de5-2639a1a8d8ac: receive RaftClientReply:client-7F7296B99608->ffc7b071-00b3-4a69-8de5-2639a1a8d8ac@group-6911E2D50CC5, cid=838, SUCCESS, logIndex=1477, commits[ffc7b071-00b3-4a69-8de5-2639a1a8d8ac:c1477]
2019-06-12 16:04:49,426 DEBUG block.SCMBlockDeletingService (SCMBlockDeletingService.java:call(138)) - Running DeletedBlockTransactionScanner
2019-06-12 16:04:49,426 DEBUG block.SCMBlockDeletingService (SCMBlockDeletingService.java:call(155)) - Scanned deleted blocks log and got 0 delTX to process.
2019-06-12 16:04:49,452 INFO  client.GrpcClientProtocolClient (GrpcClientProtocolClient.java:onNext(254)) - client-7F7296B99608->ffc7b071-00b3-4a69-8de5-2639a1a8d8ac: receive RaftClientReply:client-7F7296B99608->ffc7b071-00b3-4a69-8de5-2639a1a8d8ac@group-6911E2D50CC5, cid=839, SUCCESS, logIndex=1479, commits[ffc7b071-00b3-4a69-8de5-2639a1a8d8ac:c1479]
2019-06-12 16:04:49,453 INFO  client.GrpcClientProtocolClient (GrpcClientProtocolClient.java:onNext(254)) - client-7F7296B99608->ffc7b071-00b3-4a69-8de5-2639a1a8d8ac: receive RaftClientReply:client-7F7296B99608->ffc7b071-00b3-4a69-8de5-2639a1a8d8ac@group-6911E2D50CC5, cid=840, SUCCESS, logIndex=1481, commits[ffc7b071-00b3-4a69-8de5-2639a1a8d8ac:c1481]
2019-06-12 16:04:49,463 INFO  client.GrpcClientProtocolClient (GrpcClientProtocolClient.java:onNext(254)) - client-7F7296B99608->ffc7b071-00b3-4a69-8de5-2639a1a8d8ac: receive RaftClientReply:client-7F7296B99608->ffc7b071-00b3-4a69-8de5-2639a1a8d8ac@group-6911E2D50CC5, cid=841, SUCCESS, logIndex=1483, commits[ffc7b071-00b3-4a69-8de5-2639a1a8d8ac:c1483]
2019-06-12 16:04:49,464 INFO  client.GrpcClientProtocolClient (GrpcClientProtocolClient.java:onNext(254)) - client-7F7296B99608->ffc7b071-00b3-4a69-8de5-2639a1a8d8ac: receive RaftClientReply:client-7F7296B99608->ffc7b071-00b3-4a69-8de5-2639a1a8d8ac@group-6911E2D50CC5, cid=842, SUCCESS, logIndex=1485, commits[ffc7b071-00b3-4a69-8de5-2639a1a8d8ac:c1485]
2019-06-12 16:04:49,466 INFO  client.GrpcClientProtocolClient (GrpcClientProtocolClient.java:onNext(254)) - client-7F7296B99608->ffc7b071-00b3-4a69-8de5-2639a1a8d8ac: receive RaftClientReply:client-7F7296B99608->ffc7b071-00b3-4a69-8de5-2639a1a8d8ac@group-6911E2D50CC5, cid=843, SUCCESS, logIndex=1486, commits[ffc7b071-00b3-4a69-8de5-2639a1a8d8ac:c1488]
2019-06-12 16:04:49,466 INFO  client.GrpcClientProtocolClient (GrpcClientProtocolClient.java:onNext(254)) - client-7F7296B99608->ffc7b071-00b3-4a69-8de5-2639a1a8d8ac: receive RaftClientReply:client-7F7296B99608->ffc7b071-00b3-4a69-8de5-2639a1a8d8ac@group-6911E2D50CC5, cid=844, SUCCESS, logIndex=1487, commits[ffc7b071-00b3-4a69-8de5-2639a1a8d8ac:c1488]
2019-06-12 16:04:49,472 INFO  client.GrpcClientProtocolClient (GrpcClientProtocolClient.java:onNext(254)) - client-7F7296B99608->ffc7b071-00b3-4a69-8de5-2639a1a8d8ac: receive RaftClientReply:client-7F7296B99608->ffc7b071-00b3-4a69-8de5-2639a1a8d8ac@group-6911E2D50CC5, cid=845, SUCCESS, logIndex=1489, commits[ffc7b071-00b3-4a69-8de5-2639a1a8d8ac:c1489]
2019-06-12 16:04:49,475 INFO  client.GrpcClientProtocolClient (GrpcClientProtocolClient.java:onNext(254)) - client-7F7296B99608->ffc7b071-00b3-4a69-8de5-2639a1a8d8ac: receive RaftClientReply:client-7F7296B99608->ffc7b071-00b3-4a69-8de5-2639a1a8d8ac@group-6911E2D50CC5, cid=846, SUCCESS, logIndex=1491, commits[ffc7b071-00b3-4a69-8de5-2639a1a8d8ac:c1491]
2019-06-12 16:04:49,475 INFO  client.GrpcClientProtocolClient (GrpcClientProtocolClient.java:onNext(254)) - client-7F7296B99608->ffc7b071-00b3-4a69-8de5-2639a1a8d8ac: receive RaftClientReply:client-7F7296B99608->ffc7b071-00b3-4a69-8de5-2639a1a8d8ac@group-6911E2D50CC5, cid=847, SUCCESS, logIndex=1492, commits[ffc7b071-00b3-4a69-8de5-2639a1a8d8ac:c1494]
2019-06-12 16:04:49,476 INFO  client.GrpcClientProtocolClient (GrpcClientProtocolClient.java:onNext(254)) - client-7F7296B99608->ffc7b071-00b3-4a69-8de5-2639a1a8d8ac: receive RaftClientReply:client-7F7296B99608->ffc7b071-00b3-4a69-8de5-2639a1a8d8ac@group-6911E2D50CC5, cid=848, SUCCESS, logIndex=1493, commits[ffc7b071-00b3-4a69-8de5-2639a1a8d8ac:c1494]
2019-06-12 16:04:49,527 DEBUG block.SCMBlockDeletingService (SCMBlockDeletingService.java:call(138)) - Running DeletedBlockTransactionScanner
2019-06-12 16:04:49,527 DEBUG block.SCMBlockDeletingService (SCMBlockDeletingService.java:call(155)) - Scanned deleted blocks log and got 0 delTX to process.
2019-06-12 16:04:49,530 INFO  client.GrpcClientProtocolClient (GrpcClientProtocolClient.java:onNext(254)) - client-7F7296B99608->ffc7b071-00b3-4a69-8de5-2639a1a8d8ac: receive RaftClientReply:client-7F7296B99608->ffc7b071-00b3-4a69-8de5-2639a1a8d8ac@group-6911E2D50CC5, cid=849, SUCCESS, logIndex=1495, commits[ffc7b071-00b3-4a69-8de5-2639a1a8d8ac:c1495]
2019-06-12 16:04:49,537 INFO  client.GrpcClientProtocolClient (GrpcClientProtocolClient.java:onNext(254)) - client-7F7296B99608->ffc7b071-00b3-4a69-8de5-2639a1a8d8ac: receive RaftClientReply:client-7F7296B99608->ffc7b071-00b3-4a69-8de5-2639a1a8d8ac@group-6911E2D50CC5, cid=850, SUCCESS, logIndex=1497, commits[ffc7b071-00b3-4a69-8de5-2639a1a8d8ac:c1497]
2019-06-12 16:04:49,538 INFO  client.GrpcClientProtocolClient (GrpcClientProtocolClient.java:onNext(254)) - client-7F7296B99608->ffc7b071-00b3-4a69-8de5-2639a1a8d8ac: receive RaftClientReply:client-7F7296B99608->ffc7b071-00b3-4a69-8de5-2639a1a8d8ac@group-6911E2D50CC5, cid=851, SUCCESS, logIndex=1498, commits[ffc7b071-00b3-4a69-8de5-2639a1a8d8ac:c1499]
2019-06-12 16:04:49,538 INFO  client.GrpcClientProtocolClient (GrpcClientProtocolClient.java:onNext(254)) - client-7F7296B99608->ffc7b071-00b3-4a69-8de5-2639a1a8d8ac: receive RaftClientReply:client-7F7296B99608->ffc7b071-00b3-4a69-8de5-2639a1a8d8ac@group-6911E2D50CC5, cid=852, SUCCESS, logIndex=1500, commits[ffc7b071-00b3-4a69-8de5-2639a1a8d8ac:c1500]
2019-06-12 16:04:49,546 INFO  client.GrpcClientProtocolClient (GrpcClientProtocolClient.java:onNext(254)) - client-7F7296B99608->ffc7b071-00b3-4a69-8de5-2639a1a8d8ac: receive RaftClientReply:client-7F7296B99608->ffc7b071-00b3-4a69-8de5-2639a1a8d8ac@group-6911E2D50CC5, cid=853, SUCCESS, logIndex=1502, commits[ffc7b071-00b3-4a69-8de5-2639a1a8d8ac:c1502]
2019-06-12 16:04:49,548 INFO  storage.RaftLogWorker (RaftLogWorker.java:rollLogSegment(303)) - ffc7b071-00b3-4a69-8de5-2639a1a8d8ac-RaftLogWorker: Rolling segment log-1434_1506 to index:1506
2019-06-12 16:04:49,549 INFO  storage.RaftLogWorker (RaftLogWorker.java:execute(433)) - ffc7b071-00b3-4a69-8de5-2639a1a8d8ac-RaftLogWorker: Rolled log segment from /opt/src/hadoop-ozone/integration-test/target/test-dir/MiniOzoneClusterImpl-a1c7246e-c692-4524-ad55-32b507b20431/datanode-0/data/ratis/4417d833-4fb6-4fa2-9413-6911e2d50cc5/current/log_inprogress_1434 to /opt/src/hadoop-ozone/integration-test/target/test-dir/MiniOzoneClusterImpl-a1c7246e-c692-4524-ad55-32b507b20431/datanode-0/data/ratis/4417d833-4fb6-4fa2-9413-6911e2d50cc5/current/log_1434-1506
2019-06-12 16:04:49,550 INFO  client.GrpcClientProtocolClient (GrpcClientProtocolClient.java:onNext(254)) - client-7F7296B99608->ffc7b071-00b3-4a69-8de5-2639a1a8d8ac: receive RaftClientReply:client-7F7296B99608->ffc7b071-00b3-4a69-8de5-2639a1a8d8ac@group-6911E2D50CC5, cid=854, SUCCESS, logIndex=1504, commits[ffc7b071-00b3-4a69-8de5-2639a1a8d8ac:c1504]
2019-06-12 16:04:49,550 INFO  client.GrpcClientProtocolClient (GrpcClientProtocolClient.java:onNext(254)) - client-7F7296B99608->ffc7b071-00b3-4a69-8de5-2639a1a8d8ac: receive RaftClientReply:client-7F7296B99608->ffc7b071-00b3-4a69-8de5-2639a1a8d8ac@group-6911E2D50CC5, cid=855, SUCCESS, logIndex=1505, commits[ffc7b071-00b3-4a69-8de5-2639a1a8d8ac:c1506]
2019-06-12 16:04:49,590 INFO  storage.RaftLogWorker (RaftLogWorker.java:execute(469)) - ffc7b071-00b3-4a69-8de5-2639a1a8d8ac-RaftLogWorker: created new log segment /opt/src/hadoop-ozone/integration-test/target/test-dir/MiniOzoneClusterImpl-a1c7246e-c692-4524-ad55-32b507b20431/datanode-0/data/ratis/4417d833-4fb6-4fa2-9413-6911e2d50cc5/current/log_inprogress_1507
2019-06-12 16:04:49,594 INFO  client.GrpcClientProtocolClient (GrpcClientProtocolClient.java:onNext(254)) - client-7F7296B99608->ffc7b071-00b3-4a69-8de5-2639a1a8d8ac: receive RaftClientReply:client-7F7296B99608->ffc7b071-00b3-4a69-8de5-2639a1a8d8ac@group-6911E2D50CC5, cid=856, SUCCESS, logIndex=1507, commits[ffc7b071-00b3-4a69-8de5-2639a1a8d8ac:c1508]
2019-06-12 16:04:49,605 INFO  client.GrpcClientProtocolClient (GrpcClientProtocolClient.java:onNext(254)) - client-7F7296B99608->ffc7b071-00b3-4a69-8de5-2639a1a8d8ac: receive RaftClientReply:client-7F7296B99608->ffc7b071-00b3-4a69-8de5-2639a1a8d8ac@group-6911E2D50CC5, cid=857, SUCCESS, logIndex=1509, commits[ffc7b071-00b3-4a69-8de5-2639a1a8d8ac:c1509]
2019-06-12 16:04:49,608 INFO  client.GrpcClientProtocolClient (GrpcClientProtocolClient.java:onNext(254)) - client-7F7296B99608->ffc7b071-00b3-4a69-8de5-2639a1a8d8ac: receive RaftClientReply:client-7F7296B99608->ffc7b071-00b3-4a69-8de5-2639a1a8d8ac@group-6911E2D50CC5, cid=858, SUCCESS, logIndex=1511, commits[ffc7b071-00b3-4a69-8de5-2639a1a8d8ac:c1511]
2019-06-12 16:04:49,608 INFO  client.GrpcClientProtocolClient (GrpcClientProtocolClient.java:onNext(254)) - client-7F7296B99608->ffc7b071-00b3-4a69-8de5-2639a1a8d8ac: receive RaftClientReply:client-7F7296B99608->ffc7b071-00b3-4a69-8de5-2639a1a8d8ac@group-6911E2D50CC5, cid=859, SUCCESS, logIndex=1512, commits[ffc7b071-00b3-4a69-8de5-2639a1a8d8ac:c1514]
2019-06-12 16:04:49,608 INFO  client.GrpcClientProtocolClient (GrpcClientProtocolClient.java:onNext(254)) - client-7F7296B99608->ffc7b071-00b3-4a69-8de5-2639a1a8d8ac: receive RaftClientReply:client-7F7296B99608->ffc7b071-00b3-4a69-8de5-2639a1a8d8ac@group-6911E2D50CC5, cid=860, SUCCESS, logIndex=1513, commits[ffc7b071-00b3-4a69-8de5-2639a1a8d8ac:c1514]
2019-06-12 16:04:49,615 INFO  client.GrpcClientProtocolClient (GrpcClientProtocolClient.java:onNext(254)) - client-7F7296B99608->ffc7b071-00b3-4a69-8de5-2639a1a8d8ac: receive RaftClientReply:client-7F7296B99608->ffc7b071-00b3-4a69-8de5-2639a1a8d8ac@group-6911E2D50CC5, cid=861, SUCCESS, logIndex=1515, commits[ffc7b071-00b3-4a69-8de5-2639a1a8d8ac:c1515]
2019-06-12 16:04:49,617 INFO  client.GrpcClientProtocolClient (GrpcClientProtocolClient.java:onNext(254)) - client-7F7296B99608->ffc7b071-00b3-4a69-8de5-2639a1a8d8ac: receive RaftClientReply:client-7F7296B99608->ffc7b071-00b3-4a69-8de5-2639a1a8d8ac@group-6911E2D50CC5, cid=862, SUCCESS, logIndex=1517, commits[ffc7b071-00b3-4a69-8de5-2639a1a8d8ac:c1517]
2019-06-12 16:04:49,619 INFO  client.GrpcClientProtocolClient (GrpcClientProtocolClient.java:onNext(254)) - client-7F7296B99608->ffc7b071-00b3-4a69-8de5-2639a1a8d8ac: receive RaftClientReply:client-7F7296B99608->ffc7b071-00b3-4a69-8de5-2639a1a8d8ac@group-6911E2D50CC5, cid=863, SUCCESS, logIndex=1518, commits[ffc7b071-00b3-4a69-8de5-2639a1a8d8ac:c1520]
2019-06-12 16:04:49,619 INFO  client.GrpcClientProtocolClient (GrpcClientProtocolClient.java:onNext(254)) - client-7F7296B99608->ffc7b071-00b3-4a69-8de5-2639a1a8d8ac: receive RaftClientReply:client-7F7296B99608->ffc7b071-00b3-4a69-8de5-2639a1a8d8ac@group-6911E2D50CC5, cid=864, SUCCESS, logIndex=1520, commits[ffc7b071-00b3-4a69-8de5-2639a1a8d8ac:c1521]
2019-06-12 16:04:49,627 DEBUG block.SCMBlockDeletingService (SCMBlockDeletingService.java:call(138)) - Running DeletedBlockTransactionScanner
2019-06-12 16:04:49,627 DEBUG block.SCMBlockDeletingService (SCMBlockDeletingService.java:call(155)) - Scanned deleted blocks log and got 0 delTX to process.
2019-06-12 16:04:49,634 INFO  client.GrpcClientProtocolClient (GrpcClientProtocolClient.java:onNext(254)) - client-7F7296B99608->ffc7b071-00b3-4a69-8de5-2639a1a8d8ac: receive RaftClientReply:client-7F7296B99608->ffc7b071-00b3-4a69-8de5-2639a1a8d8ac@group-6911E2D50CC5, cid=865, SUCCESS, logIndex=1522, commits[ffc7b071-00b3-4a69-8de5-2639a1a8d8ac:c1522]
2019-06-12 16:04:49,636 INFO  client.GrpcClientProtocolClient (GrpcClientProtocolClient.java:onNext(254)) - client-7F7296B99608->ffc7b071-00b3-4a69-8de5-2639a1a8d8ac: receive RaftClientReply:client-7F7296B99608->ffc7b071-00b3-4a69-8de5-2639a1a8d8ac@group-6911E2D50CC5, cid=866, SUCCESS, logIndex=1524, commits[ffc7b071-00b3-4a69-8de5-2639a1a8d8ac:c1524]
2019-06-12 16:04:49,637 INFO  client.GrpcClientProtocolClient (GrpcClientProtocolClient.java:onNext(254)) - client-7F7296B99608->ffc7b071-00b3-4a69-8de5-2639a1a8d8ac: receive RaftClientReply:client-7F7296B99608->ffc7b071-00b3-4a69-8de5-2639a1a8d8ac@group-6911E2D50CC5, cid=867, SUCCESS, logIndex=1525, commits[ffc7b071-00b3-4a69-8de5-2639a1a8d8ac:c1527]
2019-06-12 16:04:49,637 INFO  client.GrpcClientProtocolClient (GrpcClientProtocolClient.java:onNext(254)) - client-7F7296B99608->ffc7b071-00b3-4a69-8de5-2639a1a8d8ac: receive RaftClientReply:client-7F7296B99608->ffc7b071-00b3-4a69-8de5-2639a1a8d8ac@group-6911E2D50CC5, cid=868, SUCCESS, logIndex=1527, commits[ffc7b071-00b3-4a69-8de5-2639a1a8d8ac:c1527]
2019-06-12 16:04:49,644 INFO  client.GrpcClientProtocolClient (GrpcClientProtocolClient.java:onNext(254)) - client-7F7296B99608->ffc7b071-00b3-4a69-8de5-2639a1a8d8ac: receive RaftClientReply:client-7F7296B99608->ffc7b071-00b3-4a69-8de5-2639a1a8d8ac@group-6911E2D50CC5, cid=869, SUCCESS, logIndex=1529, commits[ffc7b071-00b3-4a69-8de5-2639a1a8d8ac:c1529]
2019-06-12 16:04:49,645 INFO  client.GrpcClientProtocolClient (GrpcClientProtocolClient.java:onNext(254)) - client-7F7296B99608->ffc7b071-00b3-4a69-8de5-2639a1a8d8ac: receive RaftClientReply:client-7F7296B99608->ffc7b071-00b3-4a69-8de5-2639a1a8d8ac@group-6911E2D50CC5, cid=870, SUCCESS, logIndex=1531, commits[ffc7b071-00b3-4a69-8de5-2639a1a8d8ac:c1531]
2019-06-12 16:04:49,648 INFO  client.GrpcClientProtocolClient (GrpcClientProtocolClient.java:onNext(254)) - client-7F7296B99608->ffc7b071-00b3-4a69-8de5-2639a1a8d8ac: receive RaftClientReply:client-7F7296B99608->ffc7b071-00b3-4a69-8de5-2639a1a8d8ac@group-6911E2D50CC5, cid=871, SUCCESS, logIndex=1533, commits[ffc7b071-00b3-4a69-8de5-2639a1a8d8ac:c1534]
2019-06-12 16:04:49,648 INFO  client.GrpcClientProtocolClient (GrpcClientProtocolClient.java:onNext(254)) - client-7F7296B99608->ffc7b071-00b3-4a69-8de5-2639a1a8d8ac: receive RaftClientReply:client-7F7296B99608->ffc7b071-00b3-4a69-8de5-2639a1a8d8ac@group-6911E2D50CC5, cid=872, SUCCESS, logIndex=1534, commits[ffc7b071-00b3-4a69-8de5-2639a1a8d8ac:c1534]
2019-06-12 16:04:49,659 INFO  client.GrpcClientProtocolClient (GrpcClientProtocolClient.java:onNext(254)) - client-7F7296B99608->ffc7b071-00b3-4a69-8de5-2639a1a8d8ac: receive RaftClientReply:client-7F7296B99608->ffc7b071-00b3-4a69-8de5-2639a1a8d8ac@group-6911E2D50CC5, cid=873, SUCCESS, logIndex=1536, commits[ffc7b071-00b3-4a69-8de5-2639a1a8d8ac:c1536]
2019-06-12 16:04:49,662 INFO  client.GrpcClientProtocolClient (GrpcClientProtocolClient.java:onNext(254)) - client-7F7296B99608->ffc7b071-00b3-4a69-8de5-2639a1a8d8ac: receive RaftClientReply:client-7F7296B99608->ffc7b071-00b3-4a69-8de5-2639a1a8d8ac@group-6911E2D50CC5, cid=874, SUCCESS, logIndex=1538, commits[ffc7b071-00b3-4a69-8de5-2639a1a8d8ac:c1538]
2019-06-12 16:04:49,664 INFO  client.GrpcClientProtocolClient (GrpcClientProtocolClient.java:onNext(254)) - client-7F7296B99608->ffc7b071-00b3-4a69-8de5-2639a1a8d8ac: receive RaftClientReply:client-7F7296B99608->ffc7b071-00b3-4a69-8de5-2639a1a8d8ac@group-6911E2D50CC5, cid=875, SUCCESS, logIndex=1539, commits[ffc7b071-00b3-4a69-8de5-2639a1a8d8ac:c1540]
2019-06-12 16:04:49,664 INFO  client.GrpcClientProtocolClient (GrpcClientProtocolClient.java:onNext(254)) - client-7F7296B99608->ffc7b071-00b3-4a69-8de5-2639a1a8d8ac: receive RaftClientReply:client-7F7296B99608->ffc7b071-00b3-4a69-8de5-2639a1a8d8ac@group-6911E2D50CC5, cid=876, SUCCESS, logIndex=1540, commits[ffc7b071-00b3-4a69-8de5-2639a1a8d8ac:c1541]
2019-06-12 16:04:49,672 INFO  client.GrpcClientProtocolClient (GrpcClientProtocolClient.java:onNext(254)) - client-7F7296B99608->ffc7b071-00b3-4a69-8de5-2639a1a8d8ac: receive RaftClientReply:client-7F7296B99608->ffc7b071-00b3-4a69-8de5-2639a1a8d8ac@group-6911E2D50CC5, cid=877, SUCCESS, logIndex=1543, commits[ffc7b071-00b3-4a69-8de5-2639a1a8d8ac:c1543]
2019-06-12 16:04:49,674 INFO  client.GrpcClientProtocolClient (GrpcClientProtocolClient.java:onNext(254)) - client-7F7296B99608->ffc7b071-00b3-4a69-8de5-2639a1a8d8ac: receive RaftClientReply:client-7F7296B99608->ffc7b071-00b3-4a69-8de5-2639a1a8d8ac@group-6911E2D50CC5, cid=878, SUCCESS, logIndex=1545, commits[ffc7b071-00b3-4a69-8de5-2639a1a8d8ac:c1545]
2019-06-12 16:04:49,675 INFO  client.GrpcClientProtocolClient (GrpcClientProtocolClient.java:onNext(254)) - client-7F7296B99608->ffc7b071-00b3-4a69-8de5-2639a1a8d8ac: receive RaftClientReply:client-7F7296B99608->ffc7b071-00b3-4a69-8de5-2639a1a8d8ac@group-6911E2D50CC5, cid=879, SUCCESS, logIndex=1546, commits[ffc7b071-00b3-4a69-8de5-2639a1a8d8ac:c1548]
2019-06-12 16:04:49,675 INFO  client.GrpcClientProtocolClient (GrpcClientProtocolClient.java:onNext(254)) - client-7F7296B99608->ffc7b071-00b3-4a69-8de5-2639a1a8d8ac: receive RaftClientReply:client-7F7296B99608->ffc7b071-00b3-4a69-8de5-2639a1a8d8ac@group-6911E2D50CC5, cid=880, SUCCESS, logIndex=1547, commits[ffc7b071-00b3-4a69-8de5-2639a1a8d8ac:c1548]
2019-06-12 16:04:49,686 INFO  client.GrpcClientProtocolClient (GrpcClientProtocolClient.java:onNext(254)) - client-7F7296B99608->ffc7b071-00b3-4a69-8de5-2639a1a8d8ac: receive RaftClientReply:client-7F7296B99608->ffc7b071-00b3-4a69-8de5-2639a1a8d8ac@group-6911E2D50CC5, cid=881, SUCCESS, logIndex=1549, commits[ffc7b071-00b3-4a69-8de5-2639a1a8d8ac:c1549]
2019-06-12 16:04:49,688 INFO  client.GrpcClientProtocolClient (GrpcClientProtocolClient.java:onNext(254)) - client-7F7296B99608->ffc7b071-00b3-4a69-8de5-2639a1a8d8ac: receive RaftClientReply:client-7F7296B99608->ffc7b071-00b3-4a69-8de5-2639a1a8d8ac@group-6911E2D50CC5, cid=882, SUCCESS, logIndex=1551, commits[ffc7b071-00b3-4a69-8de5-2639a1a8d8ac:c1551]
2019-06-12 16:04:49,689 INFO  client.GrpcClientProtocolClient (GrpcClientProtocolClient.java:onNext(254)) - client-7F7296B99608->ffc7b071-00b3-4a69-8de5-2639a1a8d8ac: receive RaftClientReply:client-7F7296B99608->ffc7b071-00b3-4a69-8de5-2639a1a8d8ac@group-6911E2D50CC5, cid=883, SUCCESS, logIndex=1552, commits[ffc7b071-00b3-4a69-8de5-2639a1a8d8ac:c1554]
2019-06-12 16:04:49,690 INFO  client.GrpcClientProtocolClient (GrpcClientProtocolClient.java:onNext(254)) - client-7F7296B99608->ffc7b071-00b3-4a69-8de5-2639a1a8d8ac: receive RaftClientReply:client-7F7296B99608->ffc7b071-00b3-4a69-8de5-2639a1a8d8ac@group-6911E2D50CC5, cid=884, SUCCESS, logIndex=1553, commits[ffc7b071-00b3-4a69-8de5-2639a1a8d8ac:c1554]
2019-06-12 16:04:49,727 DEBUG block.SCMBlockDeletingService (SCMBlockDeletingService.java:call(138)) - Running DeletedBlockTransactionScanner
2019-06-12 16:04:49,728 DEBUG block.SCMBlockDeletingService (SCMBlockDeletingService.java:call(155)) - Scanned deleted blocks log and got 0 delTX to process.
2019-06-12 16:04:49,763 INFO  client.GrpcClientProtocolClient (GrpcClientProtocolClient.java:onNext(254)) - client-7F7296B99608->ffc7b071-00b3-4a69-8de5-2639a1a8d8ac: receive RaftClientReply:client-7F7296B99608->ffc7b071-00b3-4a69-8de5-2639a1a8d8ac@group-6911E2D50CC5, cid=885, SUCCESS, logIndex=1555, commits[ffc7b071-00b3-4a69-8de5-2639a1a8d8ac:c1555]
2019-06-12 16:04:49,765 INFO  client.GrpcClientProtocolClient (GrpcClientProtocolClient.java:onNext(254)) - client-7F7296B99608->ffc7b071-00b3-4a69-8de5-2639a1a8d8ac: receive RaftClientReply:client-7F7296B99608->ffc7b071-00b3-4a69-8de5-2639a1a8d8ac@group-6911E2D50CC5, cid=886, SUCCESS, logIndex=1557, commits[ffc7b071-00b3-4a69-8de5-2639a1a8d8ac:c1557]
2019-06-12 16:04:49,766 INFO  client.GrpcClientProtocolClient (GrpcClientProtocolClient.java:onNext(254)) - client-7F7296B99608->ffc7b071-00b3-4a69-8de5-2639a1a8d8ac: receive RaftClientReply:client-7F7296B99608->ffc7b071-00b3-4a69-8de5-2639a1a8d8ac@group-6911E2D50CC5, cid=887, SUCCESS, logIndex=1558, commits[ffc7b071-00b3-4a69-8de5-2639a1a8d8ac:c1559]
2019-06-12 16:04:49,767 INFO  client.GrpcClientProtocolClient (GrpcClientProtocolClient.java:onNext(254)) - client-7F7296B99608->ffc7b071-00b3-4a69-8de5-2639a1a8d8ac: receive RaftClientReply:client-7F7296B99608->ffc7b071-00b3-4a69-8de5-2639a1a8d8ac@group-6911E2D50CC5, cid=888, SUCCESS, logIndex=1559, commits[ffc7b071-00b3-4a69-8de5-2639a1a8d8ac:c1561]
2019-06-12 16:04:49,777 INFO  client.GrpcClientProtocolClient (GrpcClientProtocolClient.java:onNext(254)) - client-7F7296B99608->ffc7b071-00b3-4a69-8de5-2639a1a8d8ac: receive RaftClientReply:client-7F7296B99608->ffc7b071-00b3-4a69-8de5-2639a1a8d8ac@group-6911E2D50CC5, cid=889, SUCCESS, logIndex=1562, commits[ffc7b071-00b3-4a69-8de5-2639a1a8d8ac:c1562]
2019-06-12 16:04:49,779 INFO  client.GrpcClientProtocolClient (GrpcClientProtocolClient.java:onNext(254)) - client-7F7296B99608->ffc7b071-00b3-4a69-8de5-2639a1a8d8ac: receive RaftClientReply:client-7F7296B99608->ffc7b071-00b3-4a69-8de5-2639a1a8d8ac@group-6911E2D50CC5, cid=890, SUCCESS, logIndex=1564, commits[ffc7b071-00b3-4a69-8de5-2639a1a8d8ac:c1564]
2019-06-12 16:04:49,780 INFO  client.GrpcClientProtocolClient (GrpcClientProtocolClient.java:onNext(254)) - client-7F7296B99608->ffc7b071-00b3-4a69-8de5-2639a1a8d8ac: receive RaftClientReply:client-7F7296B99608->ffc7b071-00b3-4a69-8de5-2639a1a8d8ac@group-6911E2D50CC5, cid=891, SUCCESS, logIndex=1565, commits[ffc7b071-00b3-4a69-8de5-2639a1a8d8ac:c1567]
2019-06-12 16:04:49,782 INFO  client.GrpcClientProtocolClient (GrpcClientProtocolClient.java:onNext(254)) - client-7F7296B99608->ffc7b071-00b3-4a69-8de5-2639a1a8d8ac: receive RaftClientReply:client-7F7296B99608->ffc7b071-00b3-4a69-8de5-2639a1a8d8ac@group-6911E2D50CC5, cid=892, SUCCESS, logIndex=1566, commits[ffc7b071-00b3-4a69-8de5-2639a1a8d8ac:c1567]
2019-06-12 16:04:49,788 INFO  client.GrpcClientProtocolClient (GrpcClientProtocolClient.java:onNext(254)) - client-7F7296B99608->ffc7b071-00b3-4a69-8de5-2639a1a8d8ac: receive RaftClientReply:client-7F7296B99608->ffc7b071-00b3-4a69-8de5-2639a1a8d8ac@group-6911E2D50CC5, cid=893, SUCCESS, logIndex=1568, commits[ffc7b071-00b3-4a69-8de5-2639a1a8d8ac:c1568]
2019-06-12 16:04:49,794 INFO  client.GrpcClientProtocolClient (GrpcClientProtocolClient.java:onNext(254)) - client-7F7296B99608->ffc7b071-00b3-4a69-8de5-2639a1a8d8ac: receive RaftClientReply:client-7F7296B99608->ffc7b071-00b3-4a69-8de5-2639a1a8d8ac@group-6911E2D50CC5, cid=894, SUCCESS, logIndex=1570, commits[ffc7b071-00b3-4a69-8de5-2639a1a8d8ac:c1570]
2019-06-12 16:04:49,798 INFO  client.GrpcClientProtocolClient (GrpcClientProtocolClient.java:onNext(254)) - client-7F7296B99608->ffc7b071-00b3-4a69-8de5-2639a1a8d8ac: receive RaftClientReply:client-7F7296B99608->ffc7b071-00b3-4a69-8de5-2639a1a8d8ac@group-6911E2D50CC5, cid=895, SUCCESS, logIndex=1571, commits[ffc7b071-00b3-4a69-8de5-2639a1a8d8ac:c1573]
2019-06-12 16:04:49,806 INFO  client.GrpcClientProtocolClient (GrpcClientProtocolClient.java:onNext(254)) - client-7F7296B99608->ffc7b071-00b3-4a69-8de5-2639a1a8d8ac: receive RaftClientReply:client-7F7296B99608->ffc7b071-00b3-4a69-8de5-2639a1a8d8ac@group-6911E2D50CC5, cid=896, SUCCESS, logIndex=1572, commits[ffc7b071-00b3-4a69-8de5-2639a1a8d8ac:c1573]
2019-06-12 16:04:49,820 INFO  storage.RaftLogWorker (RaftLogWorker.java:rollLogSegment(303)) - ffc7b071-00b3-4a69-8de5-2639a1a8d8ac-RaftLogWorker: Rolling segment log-1507_1576 to index:1576
2019-06-12 16:04:49,822 INFO  storage.RaftLogWorker (RaftLogWorker.java:execute(433)) - ffc7b071-00b3-4a69-8de5-2639a1a8d8ac-RaftLogWorker: Rolled log segment from /opt/src/hadoop-ozone/integration-test/target/test-dir/MiniOzoneClusterImpl-a1c7246e-c692-4524-ad55-32b507b20431/datanode-0/data/ratis/4417d833-4fb6-4fa2-9413-6911e2d50cc5/current/log_inprogress_1507 to /opt/src/hadoop-ozone/integration-test/target/test-dir/MiniOzoneClusterImpl-a1c7246e-c692-4524-ad55-32b507b20431/datanode-0/data/ratis/4417d833-4fb6-4fa2-9413-6911e2d50cc5/current/log_1507-1576
2019-06-12 16:04:49,829 DEBUG block.SCMBlockDeletingService (SCMBlockDeletingService.java:call(138)) - Running DeletedBlockTransactionScanner
2019-06-12 16:04:49,829 DEBUG block.SCMBlockDeletingService (SCMBlockDeletingService.java:call(155)) - Scanned deleted blocks log and got 0 delTX to process.
2019-06-12 16:04:49,830 INFO  client.GrpcClientProtocolClient (GrpcClientProtocolClient.java:onNext(254)) - client-7F7296B99608->ffc7b071-00b3-4a69-8de5-2639a1a8d8ac: receive RaftClientReply:client-7F7296B99608->ffc7b071-00b3-4a69-8de5-2639a1a8d8ac@group-6911E2D50CC5, cid=897, SUCCESS, logIndex=1574, commits[ffc7b071-00b3-4a69-8de5-2639a1a8d8ac:c1574]
2019-06-12 16:04:49,843 INFO  client.GrpcClientProtocolClient (GrpcClientProtocolClient.java:onNext(254)) - client-7F7296B99608->ffc7b071-00b3-4a69-8de5-2639a1a8d8ac: receive RaftClientReply:client-7F7296B99608->ffc7b071-00b3-4a69-8de5-2639a1a8d8ac@group-6911E2D50CC5, cid=898, SUCCESS, logIndex=1576, commits[ffc7b071-00b3-4a69-8de5-2639a1a8d8ac:c1576]
2019-06-12 16:04:49,864 INFO  storage.RaftLogWorker (RaftLogWorker.java:execute(469)) - ffc7b071-00b3-4a69-8de5-2639a1a8d8ac-RaftLogWorker: created new log segment /opt/src/hadoop-ozone/integration-test/target/test-dir/MiniOzoneClusterImpl-a1c7246e-c692-4524-ad55-32b507b20431/datanode-0/data/ratis/4417d833-4fb6-4fa2-9413-6911e2d50cc5/current/log_inprogress_1577
2019-06-12 16:04:49,866 INFO  client.GrpcClientProtocolClient (GrpcClientProtocolClient.java:onNext(254)) - client-7F7296B99608->ffc7b071-00b3-4a69-8de5-2639a1a8d8ac: receive RaftClientReply:client-7F7296B99608->ffc7b071-00b3-4a69-8de5-2639a1a8d8ac@group-6911E2D50CC5, cid=899, SUCCESS, logIndex=1577, commits[ffc7b071-00b3-4a69-8de5-2639a1a8d8ac:c1579]
2019-06-12 16:04:49,867 INFO  client.GrpcClientProtocolClient (GrpcClientProtocolClient.java:onNext(254)) - client-7F7296B99608->ffc7b071-00b3-4a69-8de5-2639a1a8d8ac: receive RaftClientReply:client-7F7296B99608->ffc7b071-00b3-4a69-8de5-2639a1a8d8ac@group-6911E2D50CC5, cid=900, SUCCESS, logIndex=1578, commits[ffc7b071-00b3-4a69-8de5-2639a1a8d8ac:c1579]
2019-06-12 16:04:49,874 INFO  client.GrpcClientProtocolClient (GrpcClientProtocolClient.java:onNext(254)) - client-7F7296B99608->ffc7b071-00b3-4a69-8de5-2639a1a8d8ac: receive RaftClientReply:client-7F7296B99608->ffc7b071-00b3-4a69-8de5-2639a1a8d8ac@group-6911E2D50CC5, cid=901, SUCCESS, logIndex=1580, commits[ffc7b071-00b3-4a69-8de5-2639a1a8d8ac:c1580]
2019-06-12 16:04:49,877 INFO  client.GrpcClientProtocolClient (GrpcClientProtocolClient.java:onNext(254)) - client-7F7296B99608->ffc7b071-00b3-4a69-8de5-2639a1a8d8ac: receive RaftClientReply:client-7F7296B99608->ffc7b071-00b3-4a69-8de5-2639a1a8d8ac@group-6911E2D50CC5, cid=902, SUCCESS, logIndex=1582, commits[ffc7b071-00b3-4a69-8de5-2639a1a8d8ac:c1582]
2019-06-12 16:04:49,878 INFO  client.GrpcClientProtocolClient (GrpcClientProtocolClient.java:onNext(254)) - client-7F7296B99608->ffc7b071-00b3-4a69-8de5-2639a1a8d8ac: receive RaftClientReply:client-7F7296B99608->ffc7b071-00b3-4a69-8de5-2639a1a8d8ac@group-6911E2D50CC5, cid=903, SUCCESS, logIndex=1583, commits[ffc7b071-00b3-4a69-8de5-2639a1a8d8ac:c1584]
2019-06-12 16:04:49,878 INFO  client.GrpcClientProtocolClient (GrpcClientProtocolClient.java:onNext(254)) - client-7F7296B99608->ffc7b071-00b3-4a69-8de5-2639a1a8d8ac: receive RaftClientReply:client-7F7296B99608->ffc7b071-00b3-4a69-8de5-2639a1a8d8ac@group-6911E2D50CC5, cid=904, SUCCESS, logIndex=1584, commits[ffc7b071-00b3-4a69-8de5-2639a1a8d8ac:c1584]
2019-06-12 16:04:49,887 INFO  client.GrpcClientProtocolClient (GrpcClientProtocolClient.java:onNext(254)) - client-7F7296B99608->ffc7b071-00b3-4a69-8de5-2639a1a8d8ac: receive RaftClientReply:client-7F7296B99608->ffc7b071-00b3-4a69-8de5-2639a1a8d8ac@group-6911E2D50CC5, cid=905, SUCCESS, logIndex=1587, commits[ffc7b071-00b3-4a69-8de5-2639a1a8d8ac:c1587]
2019-06-12 16:04:49,890 INFO  client.GrpcClientProtocolClient (GrpcClientProtocolClient.java:onNext(254)) - client-7F7296B99608->ffc7b071-00b3-4a69-8de5-2639a1a8d8ac: receive RaftClientReply:client-7F7296B99608->ffc7b071-00b3-4a69-8de5-2639a1a8d8ac@group-6911E2D50CC5, cid=906, SUCCESS, logIndex=1589, commits[ffc7b071-00b3-4a69-8de5-2639a1a8d8ac:c1591]
2019-06-12 16:04:49,890 INFO  client.GrpcClientProtocolClient (GrpcClientProtocolClient.java:onNext(254)) - client-7F7296B99608->ffc7b071-00b3-4a69-8de5-2639a1a8d8ac: receive RaftClientReply:client-7F7296B99608->ffc7b071-00b3-4a69-8de5-2639a1a8d8ac@group-6911E2D50CC5, cid=907, SUCCESS, logIndex=1590, commits[ffc7b071-00b3-4a69-8de5-2639a1a8d8ac:c1591]
2019-06-12 16:04:49,891 INFO  client.GrpcClientProtocolClient (GrpcClientProtocolClient.java:onNext(254)) - client-7F7296B99608->ffc7b071-00b3-4a69-8de5-2639a1a8d8ac: receive RaftClientReply:client-7F7296B99608->ffc7b071-00b3-4a69-8de5-2639a1a8d8ac@group-6911E2D50CC5, cid=908, SUCCESS, logIndex=1591, commits[ffc7b071-00b3-4a69-8de5-2639a1a8d8ac:c1591]
2019-06-12 16:04:49,897 INFO  client.GrpcClientProtocolClient (GrpcClientProtocolClient.java:onNext(254)) - client-7F7296B99608->ffc7b071-00b3-4a69-8de5-2639a1a8d8ac: receive RaftClientReply:client-7F7296B99608->ffc7b071-00b3-4a69-8de5-2639a1a8d8ac@group-6911E2D50CC5, cid=909, SUCCESS, logIndex=1593, commits[ffc7b071-00b3-4a69-8de5-2639a1a8d8ac:c1593]
2019-06-12 16:04:49,898 INFO  client.GrpcClientProtocolClient (GrpcClientProtocolClient.java:onNext(254)) - client-7F7296B99608->ffc7b071-00b3-4a69-8de5-2639a1a8d8ac: receive RaftClientReply:client-7F7296B99608->ffc7b071-00b3-4a69-8de5-2639a1a8d8ac@group-6911E2D50CC5, cid=910, SUCCESS, logIndex=1595, commits[ffc7b071-00b3-4a69-8de5-2639a1a8d8ac:c1595]
2019-06-12 16:04:49,900 INFO  client.GrpcClientProtocolClient (GrpcClientProtocolClient.java:onNext(254)) - client-7F7296B99608->ffc7b071-00b3-4a69-8de5-2639a1a8d8ac: receive RaftClientReply:client-7F7296B99608->ffc7b071-00b3-4a69-8de5-2639a1a8d8ac@group-6911E2D50CC5, cid=911, SUCCESS, logIndex=1596, commits[ffc7b071-00b3-4a69-8de5-2639a1a8d8ac:c1598]
2019-06-12 16:04:49,900 INFO  client.GrpcClientProtocolClient (GrpcClientProtocolClient.java:onNext(254)) - client-7F7296B99608->ffc7b071-00b3-4a69-8de5-2639a1a8d8ac: receive RaftClientReply:client-7F7296B99608->ffc7b071-00b3-4a69-8de5-2639a1a8d8ac@group-6911E2D50CC5, cid=912, SUCCESS, logIndex=1597, commits[ffc7b071-00b3-4a69-8de5-2639a1a8d8ac:c1598]
2019-06-12 16:04:49,910 INFO  client.GrpcClientProtocolClient (GrpcClientProtocolClient.java:onNext(254)) - client-7F7296B99608->ffc7b071-00b3-4a69-8de5-2639a1a8d8ac: receive RaftClientReply:client-7F7296B99608->ffc7b071-00b3-4a69-8de5-2639a1a8d8ac@group-6911E2D50CC5, cid=913, SUCCESS, logIndex=1599, commits[ffc7b071-00b3-4a69-8de5-2639a1a8d8ac:c1599]
2019-06-12 16:04:49,912 INFO  client.GrpcClientProtocolClient (GrpcClientProtocolClient.java:onNext(254)) - client-7F7296B99608->ffc7b071-00b3-4a69-8de5-2639a1a8d8ac: receive RaftClientReply:client-7F7296B99608->ffc7b071-00b3-4a69-8de5-2639a1a8d8ac@group-6911E2D50CC5, cid=914, SUCCESS, logIndex=1601, commits[ffc7b071-00b3-4a69-8de5-2639a1a8d8ac:c1601]
2019-06-12 16:04:49,912 INFO  client.GrpcClientProtocolClient (GrpcClientProtocolClient.java:onNext(254)) - client-7F7296B99608->ffc7b071-00b3-4a69-8de5-2639a1a8d8ac: receive RaftClientReply:client-7F7296B99608->ffc7b071-00b3-4a69-8de5-2639a1a8d8ac@group-6911E2D50CC5, cid=915, SUCCESS, logIndex=1602, commits[ffc7b071-00b3-4a69-8de5-2639a1a8d8ac:c1603]
2019-06-12 16:04:49,913 INFO  client.GrpcClientProtocolClient (GrpcClientProtocolClient.java:onNext(254)) - client-7F7296B99608->ffc7b071-00b3-4a69-8de5-2639a1a8d8ac: receive RaftClientReply:client-7F7296B99608->ffc7b071-00b3-4a69-8de5-2639a1a8d8ac@group-6911E2D50CC5, cid=916, SUCCESS, logIndex=1603, commits[ffc7b071-00b3-4a69-8de5-2639a1a8d8ac:c1603]
2019-06-12 16:04:49,919 INFO  client.GrpcClientProtocolClient (GrpcClientProtocolClient.java:onNext(254)) - client-7F7296B99608->ffc7b071-00b3-4a69-8de5-2639a1a8d8ac: receive RaftClientReply:client-7F7296B99608->ffc7b071-00b3-4a69-8de5-2639a1a8d8ac@group-6911E2D50CC5, cid=917, SUCCESS, logIndex=1606, commits[ffc7b071-00b3-4a69-8de5-2639a1a8d8ac:c1606]
2019-06-12 16:04:49,921 INFO  client.GrpcClientProtocolClient (GrpcClientProtocolClient.java:onNext(254)) - client-7F7296B99608->ffc7b071-00b3-4a69-8de5-2639a1a8d8ac: receive RaftClientReply:client-7F7296B99608->ffc7b071-00b3-4a69-8de5-2639a1a8d8ac@group-6911E2D50CC5, cid=918, SUCCESS, logIndex=1608, commits[ffc7b071-00b3-4a69-8de5-2639a1a8d8ac:c1608]
2019-06-12 16:04:49,923 INFO  client.GrpcClientProtocolClient (GrpcClientProtocolClient.java:onNext(254)) - client-7F7296B99608->ffc7b071-00b3-4a69-8de5-2639a1a8d8ac: receive RaftClientReply:client-7F7296B99608->ffc7b071-00b3-4a69-8de5-2639a1a8d8ac@group-6911E2D50CC5, cid=919, SUCCESS, logIndex=1610, commits[ffc7b071-00b3-4a69-8de5-2639a1a8d8ac:c1611]
2019-06-12 16:04:49,924 INFO  client.GrpcClientProtocolClient (GrpcClientProtocolClient.java:onNext(254)) - client-7F7296B99608->ffc7b071-00b3-4a69-8de5-2639a1a8d8ac: receive RaftClientReply:client-7F7296B99608->ffc7b071-00b3-4a69-8de5-2639a1a8d8ac@group-6911E2D50CC5, cid=920, SUCCESS, logIndex=1611, commits[ffc7b071-00b3-4a69-8de5-2639a1a8d8ac:c1611]
2019-06-12 16:04:49,931 DEBUG block.SCMBlockDeletingService (SCMBlockDeletingService.java:call(138)) - Running DeletedBlockTransactionScanner
2019-06-12 16:04:49,931 DEBUG block.SCMBlockDeletingService (SCMBlockDeletingService.java:call(155)) - Scanned deleted blocks log and got 0 delTX to process.
2019-06-12 16:04:49,933 INFO  client.GrpcClientProtocolClient (GrpcClientProtocolClient.java:onNext(254)) - client-7F7296B99608->ffc7b071-00b3-4a69-8de5-2639a1a8d8ac: receive RaftClientReply:client-7F7296B99608->ffc7b071-00b3-4a69-8de5-2639a1a8d8ac@group-6911E2D50CC5, cid=921, SUCCESS, logIndex=1613, commits[ffc7b071-00b3-4a69-8de5-2639a1a8d8ac:c1613]
2019-06-12 16:04:49,934 INFO  client.GrpcClientProtocolClient (GrpcClientProtocolClient.java:onNext(254)) - client-7F7296B99608->ffc7b071-00b3-4a69-8de5-2639a1a8d8ac: receive RaftClientReply:client-7F7296B99608->ffc7b071-00b3-4a69-8de5-2639a1a8d8ac@group-6911E2D50CC5, cid=922, SUCCESS, logIndex=1615, commits[ffc7b071-00b3-4a69-8de5-2639a1a8d8ac:c1615]
2019-06-12 16:04:49,937 INFO  client.GrpcClientProtocolClient (GrpcClientProtocolClient.java:onNext(254)) - client-7F7296B99608->ffc7b071-00b3-4a69-8de5-2639a1a8d8ac: receive RaftClientReply:client-7F7296B99608->ffc7b071-00b3-4a69-8de5-2639a1a8d8ac@group-6911E2D50CC5, cid=923, SUCCESS, logIndex=1617, commits[ffc7b071-00b3-4a69-8de5-2639a1a8d8ac:c1618]
2019-06-12 16:04:49,937 INFO  client.GrpcClientProtocolClient (GrpcClientProtocolClient.java:onNext(254)) - client-7F7296B99608->ffc7b071-00b3-4a69-8de5-2639a1a8d8ac: receive RaftClientReply:client-7F7296B99608->ffc7b071-00b3-4a69-8de5-2639a1a8d8ac@group-6911E2D50CC5, cid=924, SUCCESS, logIndex=1618, commits[ffc7b071-00b3-4a69-8de5-2639a1a8d8ac:c1619]
2019-06-12 16:04:49,944 INFO  client.GrpcClientProtocolClient (GrpcClientProtocolClient.java:onNext(254)) - client-7F7296B99608->ffc7b071-00b3-4a69-8de5-2639a1a8d8ac: receive RaftClientReply:client-7F7296B99608->ffc7b071-00b3-4a69-8de5-2639a1a8d8ac@group-6911E2D50CC5, cid=925, SUCCESS, logIndex=1620, commits[ffc7b071-00b3-4a69-8de5-2639a1a8d8ac:c1620]
2019-06-12 16:04:49,945 INFO  client.GrpcClientProtocolClient (GrpcClientProtocolClient.java:onNext(254)) - client-7F7296B99608->ffc7b071-00b3-4a69-8de5-2639a1a8d8ac: receive RaftClientReply:client-7F7296B99608->ffc7b071-00b3-4a69-8de5-2639a1a8d8ac@group-6911E2D50CC5, cid=926, SUCCESS, logIndex=1622, commits[ffc7b071-00b3-4a69-8de5-2639a1a8d8ac:c1622]
2019-06-12 16:04:49,948 INFO  client.GrpcClientProtocolClient (GrpcClientProtocolClient.java:onNext(254)) - client-7F7296B99608->ffc7b071-00b3-4a69-8de5-2639a1a8d8ac: receive RaftClientReply:client-7F7296B99608->ffc7b071-00b3-4a69-8de5-2639a1a8d8ac@group-6911E2D50CC5, cid=927, SUCCESS, logIndex=1624, commits[ffc7b071-00b3-4a69-8de5-2639a1a8d8ac:c1625]
2019-06-12 16:04:49,948 INFO  client.GrpcClientProtocolClient (GrpcClientProtocolClient.java:onNext(254)) - client-7F7296B99608->ffc7b071-00b3-4a69-8de5-2639a1a8d8ac: receive RaftClientReply:client-7F7296B99608->ffc7b071-00b3-4a69-8de5-2639a1a8d8ac@group-6911E2D50CC5, cid=928, SUCCESS, logIndex=1625, commits[ffc7b071-00b3-4a69-8de5-2639a1a8d8ac:c1625]
2019-06-12 16:04:50,032 DEBUG block.SCMBlockDeletingService (SCMBlockDeletingService.java:call(138)) - Running DeletedBlockTransactionScanner
2019-06-12 16:04:50,032 DEBUG block.SCMBlockDeletingService (SCMBlockDeletingService.java:call(155)) - Scanned deleted blocks log and got 0 delTX to process.
2019-06-12 16:04:50,088 INFO  client.GrpcClientProtocolClient (GrpcClientProtocolClient.java:onNext(254)) - client-7F7296B99608->ffc7b071-00b3-4a69-8de5-2639a1a8d8ac: receive RaftClientReply:client-7F7296B99608->ffc7b071-00b3-4a69-8de5-2639a1a8d8ac@group-6911E2D50CC5, cid=929, SUCCESS, logIndex=1627, commits[ffc7b071-00b3-4a69-8de5-2639a1a8d8ac:c1627]
2019-06-12 16:04:50,090 INFO  client.GrpcClientProtocolClient (GrpcClientProtocolClient.java:onNext(254)) - client-7F7296B99608->ffc7b071-00b3-4a69-8de5-2639a1a8d8ac: receive RaftClientReply:client-7F7296B99608->ffc7b071-00b3-4a69-8de5-2639a1a8d8ac@group-6911E2D50CC5, cid=930, SUCCESS, logIndex=1629, commits[ffc7b071-00b3-4a69-8de5-2639a1a8d8ac:c1629]
2019-06-12 16:04:50,091 INFO  client.GrpcClientProtocolClient (GrpcClientProtocolClient.java:onNext(254)) - client-7F7296B99608->ffc7b071-00b3-4a69-8de5-2639a1a8d8ac: receive RaftClientReply:client-7F7296B99608->ffc7b071-00b3-4a69-8de5-2639a1a8d8ac@group-6911E2D50CC5, cid=931, SUCCESS, logIndex=1630, commits[ffc7b071-00b3-4a69-8de5-2639a1a8d8ac:c1632]
2019-06-12 16:04:50,091 INFO  client.GrpcClientProtocolClient (GrpcClientProtocolClient.java:onNext(254)) - client-7F7296B99608->ffc7b071-00b3-4a69-8de5-2639a1a8d8ac: receive RaftClientReply:client-7F7296B99608->ffc7b071-00b3-4a69-8de5-2639a1a8d8ac@group-6911E2D50CC5, cid=932, SUCCESS, logIndex=1632, commits[ffc7b071-00b3-4a69-8de5-2639a1a8d8ac:c1633]
2019-06-12 16:04:50,098 INFO  client.GrpcClientProtocolClient (GrpcClientProtocolClient.java:onNext(254)) - client-7F7296B99608->ffc7b071-00b3-4a69-8de5-2639a1a8d8ac: receive RaftClientReply:client-7F7296B99608->ffc7b071-00b3-4a69-8de5-2639a1a8d8ac@group-6911E2D50CC5, cid=933, SUCCESS, logIndex=1634, commits[ffc7b071-00b3-4a69-8de5-2639a1a8d8ac:c1634]
2019-06-12 16:04:50,099 INFO  client.GrpcClientProtocolClient (GrpcClientProtocolClient.java:onNext(254)) - client-7F7296B99608->ffc7b071-00b3-4a69-8de5-2639a1a8d8ac: receive RaftClientReply:client-7F7296B99608->ffc7b071-00b3-4a69-8de5-2639a1a8d8ac@group-6911E2D50CC5, cid=934, SUCCESS, logIndex=1636, commits[ffc7b071-00b3-4a69-8de5-2639a1a8d8ac:c1636]
2019-06-12 16:04:50,101 INFO  client.GrpcClientProtocolClient (GrpcClientProtocolClient.java:onNext(254)) - client-7F7296B99608->ffc7b071-00b3-4a69-8de5-2639a1a8d8ac: receive RaftClientReply:client-7F7296B99608->ffc7b071-00b3-4a69-8de5-2639a1a8d8ac@group-6911E2D50CC5, cid=935, SUCCESS, logIndex=1637, commits[ffc7b071-00b3-4a69-8de5-2639a1a8d8ac:c1639]
2019-06-12 16:04:50,101 INFO  client.GrpcClientProtocolClient (GrpcClientProtocolClient.java:onNext(254)) - client-7F7296B99608->ffc7b071-00b3-4a69-8de5-2639a1a8d8ac: receive RaftClientReply:client-7F7296B99608->ffc7b071-00b3-4a69-8de5-2639a1a8d8ac@group-6911E2D50CC5, cid=936, SUCCESS, logIndex=1639, commits[ffc7b071-00b3-4a69-8de5-2639a1a8d8ac:c1639]
2019-06-12 16:04:50,111 INFO  client.GrpcClientProtocolClient (GrpcClientProtocolClient.java:onNext(254)) - client-7F7296B99608->ffc7b071-00b3-4a69-8de5-2639a1a8d8ac: receive RaftClientReply:client-7F7296B99608->ffc7b071-00b3-4a69-8de5-2639a1a8d8ac@group-6911E2D50CC5, cid=937, SUCCESS, logIndex=1641, commits[ffc7b071-00b3-4a69-8de5-2639a1a8d8ac:c1641]
2019-06-12 16:04:50,112 INFO  client.GrpcClientProtocolClient (GrpcClientProtocolClient.java:onNext(254)) - client-7F7296B99608->ffc7b071-00b3-4a69-8de5-2639a1a8d8ac: receive RaftClientReply:client-7F7296B99608->ffc7b071-00b3-4a69-8de5-2639a1a8d8ac@group-6911E2D50CC5, cid=938, SUCCESS, logIndex=1643, commits[ffc7b071-00b3-4a69-8de5-2639a1a8d8ac:c1643]
2019-06-12 16:04:50,114 INFO  client.GrpcClientProtocolClient (GrpcClientProtocolClient.java:onNext(254)) - client-7F7296B99608->ffc7b071-00b3-4a69-8de5-2639a1a8d8ac: receive RaftClientReply:client-7F7296B99608->ffc7b071-00b3-4a69-8de5-2639a1a8d8ac@group-6911E2D50CC5, cid=939, SUCCESS, logIndex=1644, commits[ffc7b071-00b3-4a69-8de5-2639a1a8d8ac:c1646]
2019-06-12 16:04:50,114 INFO  client.GrpcClientProtocolClient (GrpcClientProtocolClient.java:onNext(254)) - client-7F7296B99608->ffc7b071-00b3-4a69-8de5-2639a1a8d8ac: receive RaftClientReply:client-7F7296B99608->ffc7b071-00b3-4a69-8de5-2639a1a8d8ac@group-6911E2D50CC5, cid=940, SUCCESS, logIndex=1646, commits[ffc7b071-00b3-4a69-8de5-2639a1a8d8ac:c1646]
2019-06-12 16:04:50,120 INFO  storage.RaftLogWorker (RaftLogWorker.java:rollLogSegment(303)) - ffc7b071-00b3-4a69-8de5-2639a1a8d8ac-RaftLogWorker: Rolling segment log-1577_1649 to index:1649
2019-06-12 16:04:50,120 INFO  client.GrpcClientProtocolClient (GrpcClientProtocolClient.java:onNext(254)) - client-7F7296B99608->ffc7b071-00b3-4a69-8de5-2639a1a8d8ac: receive RaftClientReply:client-7F7296B99608->ffc7b071-00b3-4a69-8de5-2639a1a8d8ac@group-6911E2D50CC5, cid=941, SUCCESS, logIndex=1648, commits[ffc7b071-00b3-4a69-8de5-2639a1a8d8ac:c1648]
2019-06-12 16:04:50,121 INFO  storage.RaftLogWorker (RaftLogWorker.java:execute(433)) - ffc7b071-00b3-4a69-8de5-2639a1a8d8ac-RaftLogWorker: Rolled log segment from /opt/src/hadoop-ozone/integration-test/target/test-dir/MiniOzoneClusterImpl-a1c7246e-c692-4524-ad55-32b507b20431/datanode-0/data/ratis/4417d833-4fb6-4fa2-9413-6911e2d50cc5/current/log_inprogress_1577 to /opt/src/hadoop-ozone/integration-test/target/test-dir/MiniOzoneClusterImpl-a1c7246e-c692-4524-ad55-32b507b20431/datanode-0/data/ratis/4417d833-4fb6-4fa2-9413-6911e2d50cc5/current/log_1577-1649
2019-06-12 16:04:50,132 DEBUG block.SCMBlockDeletingService (SCMBlockDeletingService.java:call(138)) - Running DeletedBlockTransactionScanner
2019-06-12 16:04:50,132 DEBUG block.SCMBlockDeletingService (SCMBlockDeletingService.java:call(155)) - Scanned deleted blocks log and got 0 delTX to process.
2019-06-12 16:04:50,168 INFO  storage.RaftLogWorker (RaftLogWorker.java:execute(469)) - ffc7b071-00b3-4a69-8de5-2639a1a8d8ac-RaftLogWorker: created new log segment /opt/src/hadoop-ozone/integration-test/target/test-dir/MiniOzoneClusterImpl-a1c7246e-c692-4524-ad55-32b507b20431/datanode-0/data/ratis/4417d833-4fb6-4fa2-9413-6911e2d50cc5/current/log_inprogress_1650
2019-06-12 16:04:50,171 INFO  client.GrpcClientProtocolClient (GrpcClientProtocolClient.java:onNext(254)) - client-7F7296B99608->ffc7b071-00b3-4a69-8de5-2639a1a8d8ac: receive RaftClientReply:client-7F7296B99608->ffc7b071-00b3-4a69-8de5-2639a1a8d8ac@group-6911E2D50CC5, cid=942, SUCCESS, logIndex=1650, commits[ffc7b071-00b3-4a69-8de5-2639a1a8d8ac:c1652]
2019-06-12 16:04:50,171 INFO  client.GrpcClientProtocolClient (GrpcClientProtocolClient.java:onNext(254)) - client-7F7296B99608->ffc7b071-00b3-4a69-8de5-2639a1a8d8ac: receive RaftClientReply:client-7F7296B99608->ffc7b071-00b3-4a69-8de5-2639a1a8d8ac@group-6911E2D50CC5, cid=943, SUCCESS, logIndex=1651, commits[ffc7b071-00b3-4a69-8de5-2639a1a8d8ac:c1653]
2019-06-12 16:04:50,172 INFO  client.GrpcClientProtocolClient (GrpcClientProtocolClient.java:onNext(254)) - client-7F7296B99608->ffc7b071-00b3-4a69-8de5-2639a1a8d8ac: receive RaftClientReply:client-7F7296B99608->ffc7b071-00b3-4a69-8de5-2639a1a8d8ac@group-6911E2D50CC5, cid=944, SUCCESS, logIndex=1652, commits[ffc7b071-00b3-4a69-8de5-2639a1a8d8ac:c1653]
2019-06-12 16:04:50,183 INFO  client.GrpcClientProtocolClient (GrpcClientProtocolClient.java:onNext(254)) - client-7F7296B99608->ffc7b071-00b3-4a69-8de5-2639a1a8d8ac: receive RaftClientReply:client-7F7296B99608->ffc7b071-00b3-4a69-8de5-2639a1a8d8ac@group-6911E2D50CC5, cid=945, SUCCESS, logIndex=1654, commits[ffc7b071-00b3-4a69-8de5-2639a1a8d8ac:c1654]
2019-06-12 16:04:50,185 INFO  client.GrpcClientProtocolClient (GrpcClientProtocolClient.java:onNext(254)) - client-7F7296B99608->ffc7b071-00b3-4a69-8de5-2639a1a8d8ac: receive RaftClientReply:client-7F7296B99608->ffc7b071-00b3-4a69-8de5-2639a1a8d8ac@group-6911E2D50CC5, cid=946, SUCCESS, logIndex=1656, commits[ffc7b071-00b3-4a69-8de5-2639a1a8d8ac:c1656]
2019-06-12 16:04:50,186 INFO  client.GrpcClientProtocolClient (GrpcClientProtocolClient.java:onNext(254)) - client-7F7296B99608->ffc7b071-00b3-4a69-8de5-2639a1a8d8ac: receive RaftClientReply:client-7F7296B99608->ffc7b071-00b3-4a69-8de5-2639a1a8d8ac@group-6911E2D50CC5, cid=947, SUCCESS, logIndex=1657, commits[ffc7b071-00b3-4a69-8de5-2639a1a8d8ac:c1657]
2019-06-12 16:04:50,187 INFO  client.GrpcClientProtocolClient (GrpcClientProtocolClient.java:onNext(254)) - client-7F7296B99608->ffc7b071-00b3-4a69-8de5-2639a1a8d8ac: receive RaftClientReply:client-7F7296B99608->ffc7b071-00b3-4a69-8de5-2639a1a8d8ac@group-6911E2D50CC5, cid=948, SUCCESS, logIndex=1660, commits[ffc7b071-00b3-4a69-8de5-2639a1a8d8ac:c1660]
2019-06-12 16:04:50,193 INFO  client.GrpcClientProtocolClient (GrpcClientProtocolClient.java:onNext(254)) - client-7F7296B99608->ffc7b071-00b3-4a69-8de5-2639a1a8d8ac: receive RaftClientReply:client-7F7296B99608->ffc7b071-00b3-4a69-8de5-2639a1a8d8ac@group-6911E2D50CC5, cid=949, SUCCESS, logIndex=1662, commits[ffc7b071-00b3-4a69-8de5-2639a1a8d8ac:c1662]
2019-06-12 16:04:50,195 INFO  client.GrpcClientProtocolClient (GrpcClientProtocolClient.java:onNext(254)) - client-7F7296B99608->ffc7b071-00b3-4a69-8de5-2639a1a8d8ac: receive RaftClientReply:client-7F7296B99608->ffc7b071-00b3-4a69-8de5-2639a1a8d8ac@group-6911E2D50CC5, cid=950, SUCCESS, logIndex=1664, commits[ffc7b071-00b3-4a69-8de5-2639a1a8d8ac:c1664]
2019-06-12 16:04:50,196 INFO  client.GrpcClientProtocolClient (GrpcClientProtocolClient.java:onNext(254)) - client-7F7296B99608->ffc7b071-00b3-4a69-8de5-2639a1a8d8ac: receive RaftClientReply:client-7F7296B99608->ffc7b071-00b3-4a69-8de5-2639a1a8d8ac@group-6911E2D50CC5, cid=951, SUCCESS, logIndex=1665, commits[ffc7b071-00b3-4a69-8de5-2639a1a8d8ac:c1667]
2019-06-12 16:04:50,196 INFO  client.GrpcClientProtocolClient (GrpcClientProtocolClient.java:onNext(254)) - client-7F7296B99608->ffc7b071-00b3-4a69-8de5-2639a1a8d8ac: receive RaftClientReply:client-7F7296B99608->ffc7b071-00b3-4a69-8de5-2639a1a8d8ac@group-6911E2D50CC5, cid=952, SUCCESS, logIndex=1667, commits[ffc7b071-00b3-4a69-8de5-2639a1a8d8ac:c1667]
2019-06-12 16:04:50,206 INFO  client.GrpcClientProtocolClient (GrpcClientProtocolClient.java:onNext(254)) - client-7F7296B99608->ffc7b071-00b3-4a69-8de5-2639a1a8d8ac: receive RaftClientReply:client-7F7296B99608->ffc7b071-00b3-4a69-8de5-2639a1a8d8ac@group-6911E2D50CC5, cid=953, SUCCESS, logIndex=1669, commits[ffc7b071-00b3-4a69-8de5-2639a1a8d8ac:c1669]
2019-06-12 16:04:50,208 INFO  client.GrpcClientProtocolClient (GrpcClientProtocolClient.java:onNext(254)) - client-7F7296B99608->ffc7b071-00b3-4a69-8de5-2639a1a8d8ac: receive RaftClientReply:client-7F7296B99608->ffc7b071-00b3-4a69-8de5-2639a1a8d8ac@group-6911E2D50CC5, cid=954, SUCCESS, logIndex=1671, commits[ffc7b071-00b3-4a69-8de5-2639a1a8d8ac:c1671]
2019-06-12 16:04:50,209 INFO  client.GrpcClientProtocolClient (GrpcClientProtocolClient.java:onNext(254)) - client-7F7296B99608->ffc7b071-00b3-4a69-8de5-2639a1a8d8ac: receive RaftClientReply:client-7F7296B99608->ffc7b071-00b3-4a69-8de5-2639a1a8d8ac@group-6911E2D50CC5, cid=955, SUCCESS, logIndex=1672, commits[ffc7b071-00b3-4a69-8de5-2639a1a8d8ac:c1674]
2019-06-12 16:04:50,209 INFO  client.GrpcClientProtocolClient (GrpcClientProtocolClient.java:onNext(254)) - client-7F7296B99608->ffc7b071-00b3-4a69-8de5-2639a1a8d8ac: receive RaftClientReply:client-7F7296B99608->ffc7b071-00b3-4a69-8de5-2639a1a8d8ac@group-6911E2D50CC5, cid=956, SUCCESS, logIndex=1673, commits[ffc7b071-00b3-4a69-8de5-2639a1a8d8ac:c1674]
2019-06-12 16:04:50,215 INFO  client.GrpcClientProtocolClient (GrpcClientProtocolClient.java:onNext(254)) - client-7F7296B99608->ffc7b071-00b3-4a69-8de5-2639a1a8d8ac: receive RaftClientReply:client-7F7296B99608->ffc7b071-00b3-4a69-8de5-2639a1a8d8ac@group-6911E2D50CC5, cid=957, SUCCESS, logIndex=1675, commits[ffc7b071-00b3-4a69-8de5-2639a1a8d8ac:c1675]
2019-06-12 16:04:50,216 INFO  client.GrpcClientProtocolClient (GrpcClientProtocolClient.java:onNext(254)) - client-7F7296B99608->ffc7b071-00b3-4a69-8de5-2639a1a8d8ac: receive RaftClientReply:client-7F7296B99608->ffc7b071-00b3-4a69-8de5-2639a1a8d8ac@group-6911E2D50CC5, cid=958, SUCCESS, logIndex=1677, commits[ffc7b071-00b3-4a69-8de5-2639a1a8d8ac:c1677]
2019-06-12 16:04:50,219 INFO  client.GrpcClientProtocolClient (GrpcClientProtocolClient.java:onNext(254)) - client-7F7296B99608->ffc7b071-00b3-4a69-8de5-2639a1a8d8ac: receive RaftClientReply:client-7F7296B99608->ffc7b071-00b3-4a69-8de5-2639a1a8d8ac@group-6911E2D50CC5, cid=959, SUCCESS, logIndex=1679, commits[ffc7b071-00b3-4a69-8de5-2639a1a8d8ac:c1680]
2019-06-12 16:04:50,219 INFO  client.GrpcClientProtocolClient (GrpcClientProtocolClient.java:onNext(254)) - client-7F7296B99608->ffc7b071-00b3-4a69-8de5-2639a1a8d8ac: receive RaftClientReply:client-7F7296B99608->ffc7b071-00b3-4a69-8de5-2639a1a8d8ac@group-6911E2D50CC5, cid=960, SUCCESS, logIndex=1680, commits[ffc7b071-00b3-4a69-8de5-2639a1a8d8ac:c1680]
2019-06-12 16:04:50,229 INFO  client.GrpcClientProtocolClient (GrpcClientProtocolClient.java:onNext(254)) - client-7F7296B99608->ffc7b071-00b3-4a69-8de5-2639a1a8d8ac: receive RaftClientReply:client-7F7296B99608->ffc7b071-00b3-4a69-8de5-2639a1a8d8ac@group-6911E2D50CC5, cid=961, SUCCESS, logIndex=1682, commits[ffc7b071-00b3-4a69-8de5-2639a1a8d8ac:c1682]
2019-06-12 16:04:50,231 INFO  client.GrpcClientProtocolClient (GrpcClientProtocolClient.java:onNext(254)) - client-7F7296B99608->ffc7b071-00b3-4a69-8de5-2639a1a8d8ac: receive RaftClientReply:client-7F7296B99608->ffc7b071-00b3-4a69-8de5-2639a1a8d8ac@group-6911E2D50CC5, cid=962, SUCCESS, logIndex=1684, commits[ffc7b071-00b3-4a69-8de5-2639a1a8d8ac:c1684]
2019-06-12 16:04:50,232 INFO  client.GrpcClientProtocolClient (GrpcClientProtocolClient.java:onNext(254)) - client-7F7296B99608->ffc7b071-00b3-4a69-8de5-2639a1a8d8ac: receive RaftClientReply:client-7F7296B99608->ffc7b071-00b3-4a69-8de5-2639a1a8d8ac@group-6911E2D50CC5, cid=963, SUCCESS, logIndex=1685, commits[ffc7b071-00b3-4a69-8de5-2639a1a8d8ac:c1686]
2019-06-12 16:04:50,232 INFO  client.GrpcClientProtocolClient (GrpcClientProtocolClient.java:onNext(254)) - client-7F7296B99608->ffc7b071-00b3-4a69-8de5-2639a1a8d8ac: receive RaftClientReply:client-7F7296B99608->ffc7b071-00b3-4a69-8de5-2639a1a8d8ac@group-6911E2D50CC5, cid=964, SUCCESS, logIndex=1686, commits[ffc7b071-00b3-4a69-8de5-2639a1a8d8ac:c1686]
2019-06-12 16:04:50,233 DEBUG block.SCMBlockDeletingService (SCMBlockDeletingService.java:call(138)) - Running DeletedBlockTransactionScanner
2019-06-12 16:04:50,233 DEBUG block.SCMBlockDeletingService (SCMBlockDeletingService.java:call(155)) - Scanned deleted blocks log and got 0 delTX to process.
2019-06-12 16:04:50,238 INFO  client.GrpcClientProtocolClient (GrpcClientProtocolClient.java:onNext(254)) - client-7F7296B99608->ffc7b071-00b3-4a69-8de5-2639a1a8d8ac: receive RaftClientReply:client-7F7296B99608->ffc7b071-00b3-4a69-8de5-2639a1a8d8ac@group-6911E2D50CC5, cid=965, SUCCESS, logIndex=1689, commits[ffc7b071-00b3-4a69-8de5-2639a1a8d8ac:c1689]
2019-06-12 16:04:50,239 INFO  client.GrpcClientProtocolClient (GrpcClientProtocolClient.java:onNext(254)) - client-7F7296B99608->ffc7b071-00b3-4a69-8de5-2639a1a8d8ac: receive RaftClientReply:client-7F7296B99608->ffc7b071-00b3-4a69-8de5-2639a1a8d8ac@group-6911E2D50CC5, cid=966, SUCCESS, logIndex=1691, commits[ffc7b071-00b3-4a69-8de5-2639a1a8d8ac:c1691]
2019-06-12 16:04:50,241 INFO  client.GrpcClientProtocolClient (GrpcClientProtocolClient.java:onNext(254)) - client-7F7296B99608->ffc7b071-00b3-4a69-8de5-2639a1a8d8ac: receive RaftClientReply:client-7F7296B99608->ffc7b071-00b3-4a69-8de5-2639a1a8d8ac@group-6911E2D50CC5, cid=967, SUCCESS, logIndex=1692, commits[ffc7b071-00b3-4a69-8de5-2639a1a8d8ac:c1694]
2019-06-12 16:04:50,241 INFO  client.GrpcClientProtocolClient (GrpcClientProtocolClient.java:onNext(254)) - client-7F7296B99608->ffc7b071-00b3-4a69-8de5-2639a1a8d8ac: receive RaftClientReply:client-7F7296B99608->ffc7b071-00b3-4a69-8de5-2639a1a8d8ac@group-6911E2D50CC5, cid=968, SUCCESS, logIndex=1694, commits[ffc7b071-00b3-4a69-8de5-2639a1a8d8ac:c1694]
2019-06-12 16:04:50,250 INFO  client.GrpcClientProtocolClient (GrpcClientProtocolClient.java:onNext(254)) - client-7F7296B99608->ffc7b071-00b3-4a69-8de5-2639a1a8d8ac: receive RaftClientReply:client-7F7296B99608->ffc7b071-00b3-4a69-8de5-2639a1a8d8ac@group-6911E2D50CC5, cid=969, SUCCESS, logIndex=1696, commits[ffc7b071-00b3-4a69-8de5-2639a1a8d8ac:c1696]
2019-06-12 16:04:50,253 INFO  client.GrpcClientProtocolClient (GrpcClientProtocolClient.java:onNext(254)) - client-7F7296B99608->ffc7b071-00b3-4a69-8de5-2639a1a8d8ac: receive RaftClientReply:client-7F7296B99608->ffc7b071-00b3-4a69-8de5-2639a1a8d8ac@group-6911E2D50CC5, cid=970, SUCCESS, logIndex=1698, commits[ffc7b071-00b3-4a69-8de5-2639a1a8d8ac:c1698]
2019-06-12 16:04:50,253 INFO  client.GrpcClientProtocolClient (GrpcClientProtocolClient.java:onNext(254)) - client-7F7296B99608->ffc7b071-00b3-4a69-8de5-2639a1a8d8ac: receive RaftClientReply:client-7F7296B99608->ffc7b071-00b3-4a69-8de5-2639a1a8d8ac@group-6911E2D50CC5, cid=971, SUCCESS, logIndex=1699, commits[ffc7b071-00b3-4a69-8de5-2639a1a8d8ac:c1701]
2019-06-12 16:04:50,254 INFO  client.GrpcClientProtocolClient (GrpcClientProtocolClient.java:onNext(254)) - client-7F7296B99608->ffc7b071-00b3-4a69-8de5-2639a1a8d8ac: receive RaftClientReply:client-7F7296B99608->ffc7b071-00b3-4a69-8de5-2639a1a8d8ac@group-6911E2D50CC5, cid=972, SUCCESS, logIndex=1701, commits[ffc7b071-00b3-4a69-8de5-2639a1a8d8ac:c1701]
2019-06-12 16:04:50,333 DEBUG block.SCMBlockDeletingService (SCMBlockDeletingService.java:call(138)) - Running DeletedBlockTransactionScanner
2019-06-12 16:04:50,333 DEBUG block.SCMBlockDeletingService (SCMBlockDeletingService.java:call(155)) - Scanned deleted blocks log and got 0 delTX to process.
2019-06-12 16:04:50,338 INFO  client.GrpcClientProtocolClient (GrpcClientProtocolClient.java:onNext(254)) - client-7F7296B99608->ffc7b071-00b3-4a69-8de5-2639a1a8d8ac: receive RaftClientReply:client-7F7296B99608->ffc7b071-00b3-4a69-8de5-2639a1a8d8ac@group-6911E2D50CC5, cid=973, SUCCESS, logIndex=1703, commits[ffc7b071-00b3-4a69-8de5-2639a1a8d8ac:c1703]
2019-06-12 16:04:50,341 INFO  client.GrpcClientProtocolClient (GrpcClientProtocolClient.java:onNext(254)) - client-7F7296B99608->ffc7b071-00b3-4a69-8de5-2639a1a8d8ac: receive RaftClientReply:client-7F7296B99608->ffc7b071-00b3-4a69-8de5-2639a1a8d8ac@group-6911E2D50CC5, cid=974, SUCCESS, logIndex=1705, commits[ffc7b071-00b3-4a69-8de5-2639a1a8d8ac:c1705]
2019-06-12 16:04:50,341 INFO  client.GrpcClientProtocolClient (GrpcClientProtocolClient.java:onNext(254)) - client-7F7296B99608->ffc7b071-00b3-4a69-8de5-2639a1a8d8ac: receive RaftClientReply:client-7F7296B99608->ffc7b071-00b3-4a69-8de5-2639a1a8d8ac@group-6911E2D50CC5, cid=975, SUCCESS, logIndex=1706, commits[ffc7b071-00b3-4a69-8de5-2639a1a8d8ac:c1707]
2019-06-12 16:04:50,342 INFO  client.GrpcClientProtocolClient (GrpcClientProtocolClient.java:onNext(254)) - client-7F7296B99608->ffc7b071-00b3-4a69-8de5-2639a1a8d8ac: receive RaftClientReply:client-7F7296B99608->ffc7b071-00b3-4a69-8de5-2639a1a8d8ac@group-6911E2D50CC5, cid=976, SUCCESS, logIndex=1707, commits[ffc7b071-00b3-4a69-8de5-2639a1a8d8ac:c1707]
2019-06-12 16:04:50,351 INFO  client.GrpcClientProtocolClient (GrpcClientProtocolClient.java:onNext(254)) - client-7F7296B99608->ffc7b071-00b3-4a69-8de5-2639a1a8d8ac: receive RaftClientReply:client-7F7296B99608->ffc7b071-00b3-4a69-8de5-2639a1a8d8ac@group-6911E2D50CC5, cid=977, SUCCESS, logIndex=1710, commits[ffc7b071-00b3-4a69-8de5-2639a1a8d8ac:c1710]
2019-06-12 16:04:50,353 INFO  client.GrpcClientProtocolClient (GrpcClientProtocolClient.java:onNext(254)) - client-7F7296B99608->ffc7b071-00b3-4a69-8de5-2639a1a8d8ac: receive RaftClientReply:client-7F7296B99608->ffc7b071-00b3-4a69-8de5-2639a1a8d8ac@group-6911E2D50CC5, cid=978, SUCCESS, logIndex=1712, commits[ffc7b071-00b3-4a69-8de5-2639a1a8d8ac:c1712]
2019-06-12 16:04:50,354 INFO  client.GrpcClientProtocolClient (GrpcClientProtocolClient.java:onNext(254)) - client-7F7296B99608->ffc7b071-00b3-4a69-8de5-2639a1a8d8ac: receive RaftClientReply:client-7F7296B99608->ffc7b071-00b3-4a69-8de5-2639a1a8d8ac@group-6911E2D50CC5, cid=979, SUCCESS, logIndex=1713, commits[ffc7b071-00b3-4a69-8de5-2639a1a8d8ac:c1715]
2019-06-12 16:04:50,354 INFO  client.GrpcClientProtocolClient (GrpcClientProtocolClient.java:onNext(254)) - client-7F7296B99608->ffc7b071-00b3-4a69-8de5-2639a1a8d8ac: receive RaftClientReply:client-7F7296B99608->ffc7b071-00b3-4a69-8de5-2639a1a8d8ac@group-6911E2D50CC5, cid=980, SUCCESS, logIndex=1714, commits[ffc7b071-00b3-4a69-8de5-2639a1a8d8ac:c1715]
2019-06-12 16:04:50,360 INFO  client.GrpcClientProtocolClient (GrpcClientProtocolClient.java:onNext(254)) - client-7F7296B99608->ffc7b071-00b3-4a69-8de5-2639a1a8d8ac: receive RaftClientReply:client-7F7296B99608->ffc7b071-00b3-4a69-8de5-2639a1a8d8ac@group-6911E2D50CC5, cid=981, SUCCESS, logIndex=1716, commits[ffc7b071-00b3-4a69-8de5-2639a1a8d8ac:c1716]
2019-06-12 16:04:50,361 INFO  storage.RaftLogWorker (RaftLogWorker.java:rollLogSegment(303)) - ffc7b071-00b3-4a69-8de5-2639a1a8d8ac-RaftLogWorker: Rolling segment log-1650_1720 to index:1720
2019-06-12 16:04:50,362 INFO  storage.RaftLogWorker (RaftLogWorker.java:execute(433)) - ffc7b071-00b3-4a69-8de5-2639a1a8d8ac-RaftLogWorker: Rolled log segment from /opt/src/hadoop-ozone/integration-test/target/test-dir/MiniOzoneClusterImpl-a1c7246e-c692-4524-ad55-32b507b20431/datanode-0/data/ratis/4417d833-4fb6-4fa2-9413-6911e2d50cc5/current/log_inprogress_1650 to /opt/src/hadoop-ozone/integration-test/target/test-dir/MiniOzoneClusterImpl-a1c7246e-c692-4524-ad55-32b507b20431/datanode-0/data/ratis/4417d833-4fb6-4fa2-9413-6911e2d50cc5/current/log_1650-1720
2019-06-12 16:04:50,364 INFO  client.GrpcClientProtocolClient (GrpcClientProtocolClient.java:onNext(254)) - client-7F7296B99608->ffc7b071-00b3-4a69-8de5-2639a1a8d8ac: receive RaftClientReply:client-7F7296B99608->ffc7b071-00b3-4a69-8de5-2639a1a8d8ac@group-6911E2D50CC5, cid=982, SUCCESS, logIndex=1718, commits[ffc7b071-00b3-4a69-8de5-2639a1a8d8ac:c1718]
2019-06-12 16:04:50,367 INFO  client.GrpcClientProtocolClient (GrpcClientProtocolClient.java:onNext(254)) - client-7F7296B99608->ffc7b071-00b3-4a69-8de5-2639a1a8d8ac: receive RaftClientReply:client-7F7296B99608->ffc7b071-00b3-4a69-8de5-2639a1a8d8ac@group-6911E2D50CC5, cid=983, SUCCESS, logIndex=1719, commits[ffc7b071-00b3-4a69-8de5-2639a1a8d8ac:c1720]
2019-06-12 16:04:50,397 INFO  storage.RaftLogWorker (RaftLogWorker.java:execute(469)) - ffc7b071-00b3-4a69-8de5-2639a1a8d8ac-RaftLogWorker: created new log segment /opt/src/hadoop-ozone/integration-test/target/test-dir/MiniOzoneClusterImpl-a1c7246e-c692-4524-ad55-32b507b20431/datanode-0/data/ratis/4417d833-4fb6-4fa2-9413-6911e2d50cc5/current/log_inprogress_1721
2019-06-12 16:04:50,399 INFO  client.GrpcClientProtocolClient (GrpcClientProtocolClient.java:onNext(254)) - client-7F7296B99608->ffc7b071-00b3-4a69-8de5-2639a1a8d8ac: receive RaftClientReply:client-7F7296B99608->ffc7b071-00b3-4a69-8de5-2639a1a8d8ac@group-6911E2D50CC5, cid=984, SUCCESS, logIndex=1721, commits[ffc7b071-00b3-4a69-8de5-2639a1a8d8ac:c1721]
2019-06-12 16:04:50,410 INFO  client.GrpcClientProtocolClient (GrpcClientProtocolClient.java:onNext(254)) - client-7F7296B99608->ffc7b071-00b3-4a69-8de5-2639a1a8d8ac: receive RaftClientReply:client-7F7296B99608->ffc7b071-00b3-4a69-8de5-2639a1a8d8ac@group-6911E2D50CC5, cid=985, SUCCESS, logIndex=1723, commits[ffc7b071-00b3-4a69-8de5-2639a1a8d8ac:c1723]
2019-06-12 16:04:50,411 INFO  client.GrpcClientProtocolClient (GrpcClientProtocolClient.java:onNext(254)) - client-7F7296B99608->ffc7b071-00b3-4a69-8de5-2639a1a8d8ac: receive RaftClientReply:client-7F7296B99608->ffc7b071-00b3-4a69-8de5-2639a1a8d8ac@group-6911E2D50CC5, cid=986, SUCCESS, logIndex=1725, commits[ffc7b071-00b3-4a69-8de5-2639a1a8d8ac:c1725]
2019-06-12 16:04:50,412 INFO  client.GrpcClientProtocolClient (GrpcClientProtocolClient.java:onNext(254)) - client-7F7296B99608->ffc7b071-00b3-4a69-8de5-2639a1a8d8ac: receive RaftClientReply:client-7F7296B99608->ffc7b071-00b3-4a69-8de5-2639a1a8d8ac@group-6911E2D50CC5, cid=987, SUCCESS, logIndex=1726, commits[ffc7b071-00b3-4a69-8de5-2639a1a8d8ac:c1728]
2019-06-12 16:04:50,413 INFO  client.GrpcClientProtocolClient (GrpcClientProtocolClient.java:onNext(254)) - client-7F7296B99608->ffc7b071-00b3-4a69-8de5-2639a1a8d8ac: receive RaftClientReply:client-7F7296B99608->ffc7b071-00b3-4a69-8de5-2639a1a8d8ac@group-6911E2D50CC5, cid=988, SUCCESS, logIndex=1728, commits[ffc7b071-00b3-4a69-8de5-2639a1a8d8ac:c1729]
2019-06-12 16:04:50,418 INFO  client.GrpcClientProtocolClient (GrpcClientProtocolClient.java:onNext(254)) - client-7F7296B99608->ffc7b071-00b3-4a69-8de5-2639a1a8d8ac: receive RaftClientReply:client-7F7296B99608->ffc7b071-00b3-4a69-8de5-2639a1a8d8ac@group-6911E2D50CC5, cid=989, SUCCESS, logIndex=1730, commits[ffc7b071-00b3-4a69-8de5-2639a1a8d8ac:c1730]
2019-06-12 16:04:50,420 INFO  client.GrpcClientProtocolClient (GrpcClientProtocolClient.java:onNext(254)) - client-7F7296B99608->ffc7b071-00b3-4a69-8de5-2639a1a8d8ac: receive RaftClientReply:client-7F7296B99608->ffc7b071-00b3-4a69-8de5-2639a1a8d8ac@group-6911E2D50CC5, cid=990, SUCCESS, logIndex=1732, commits[ffc7b071-00b3-4a69-8de5-2639a1a8d8ac:c1732]
2019-06-12 16:04:50,421 INFO  client.GrpcClientProtocolClient (GrpcClientProtocolClient.java:onNext(254)) - client-7F7296B99608->ffc7b071-00b3-4a69-8de5-2639a1a8d8ac: receive RaftClientReply:client-7F7296B99608->ffc7b071-00b3-4a69-8de5-2639a1a8d8ac@group-6911E2D50CC5, cid=991, SUCCESS, logIndex=1733, commits[ffc7b071-00b3-4a69-8de5-2639a1a8d8ac:c1734]
2019-06-12 16:04:50,422 INFO  client.GrpcClientProtocolClient (GrpcClientProtocolClient.java:onNext(254)) - client-7F7296B99608->ffc7b071-00b3-4a69-8de5-2639a1a8d8ac: receive RaftClientReply:client-7F7296B99608->ffc7b071-00b3-4a69-8de5-2639a1a8d8ac@group-6911E2D50CC5, cid=992, SUCCESS, logIndex=1734, commits[ffc7b071-00b3-4a69-8de5-2639a1a8d8ac:c1734]
2019-06-12 16:04:50,432 INFO  client.GrpcClientProtocolClient (GrpcClientProtocolClient.java:onNext(254)) - client-7F7296B99608->ffc7b071-00b3-4a69-8de5-2639a1a8d8ac: receive RaftClientReply:client-7F7296B99608->ffc7b071-00b3-4a69-8de5-2639a1a8d8ac@group-6911E2D50CC5, cid=993, SUCCESS, logIndex=1737, commits[ffc7b071-00b3-4a69-8de5-2639a1a8d8ac:c1737]
2019-06-12 16:04:50,434 DEBUG block.SCMBlockDeletingService (SCMBlockDeletingService.java:call(138)) - Running DeletedBlockTransactionScanner
2019-06-12 16:04:50,434 DEBUG block.SCMBlockDeletingService (SCMBlockDeletingService.java:call(155)) - Scanned deleted blocks log and got 0 delTX to process.
2019-06-12 16:04:50,434 INFO  client.GrpcClientProtocolClient (GrpcClientProtocolClient.java:onNext(254)) - client-7F7296B99608->ffc7b071-00b3-4a69-8de5-2639a1a8d8ac: receive RaftClientReply:client-7F7296B99608->ffc7b071-00b3-4a69-8de5-2639a1a8d8ac@group-6911E2D50CC5, cid=994, SUCCESS, logIndex=1739, commits[ffc7b071-00b3-4a69-8de5-2639a1a8d8ac:c1739]
2019-06-12 16:04:50,435 INFO  client.GrpcClientProtocolClient (GrpcClientProtocolClient.java:onNext(254)) - client-7F7296B99608->ffc7b071-00b3-4a69-8de5-2639a1a8d8ac: receive RaftClientReply:client-7F7296B99608->ffc7b071-00b3-4a69-8de5-2639a1a8d8ac@group-6911E2D50CC5, cid=995, SUCCESS, logIndex=1740, commits[ffc7b071-00b3-4a69-8de5-2639a1a8d8ac:c1740]
2019-06-12 16:04:50,435 INFO  client.GrpcClientProtocolClient (GrpcClientProtocolClient.java:onNext(254)) - client-7F7296B99608->ffc7b071-00b3-4a69-8de5-2639a1a8d8ac: receive RaftClientReply:client-7F7296B99608->ffc7b071-00b3-4a69-8de5-2639a1a8d8ac@group-6911E2D50CC5, cid=996, SUCCESS, logIndex=1742, commits[ffc7b071-00b3-4a69-8de5-2639a1a8d8ac:c1742]
2019-06-12 16:04:50,441 INFO  client.GrpcClientProtocolClient (GrpcClientProtocolClient.java:onNext(254)) - client-7F7296B99608->ffc7b071-00b3-4a69-8de5-2639a1a8d8ac: receive RaftClientReply:client-7F7296B99608->ffc7b071-00b3-4a69-8de5-2639a1a8d8ac@group-6911E2D50CC5, cid=997, SUCCESS, logIndex=1745, commits[ffc7b071-00b3-4a69-8de5-2639a1a8d8ac:c1745]
2019-06-12 16:04:50,442 INFO  client.GrpcClientProtocolClient (GrpcClientProtocolClient.java:onNext(254)) - client-7F7296B99608->ffc7b071-00b3-4a69-8de5-2639a1a8d8ac: receive RaftClientReply:client-7F7296B99608->ffc7b071-00b3-4a69-8de5-2639a1a8d8ac@group-6911E2D50CC5, cid=998, SUCCESS, logIndex=1747, commits[ffc7b071-00b3-4a69-8de5-2639a1a8d8ac:c1747]
2019-06-12 16:04:50,443 INFO  client.GrpcClientProtocolClient (GrpcClientProtocolClient.java:onNext(254)) - client-7F7296B99608->ffc7b071-00b3-4a69-8de5-2639a1a8d8ac: receive RaftClientReply:client-7F7296B99608->ffc7b071-00b3-4a69-8de5-2639a1a8d8ac@group-6911E2D50CC5, cid=999, SUCCESS, logIndex=1748, commits[ffc7b071-00b3-4a69-8de5-2639a1a8d8ac:c1750]
2019-06-12 16:04:50,444 INFO  client.GrpcClientProtocolClient (GrpcClientProtocolClient.java:onNext(254)) - client-7F7296B99608->ffc7b071-00b3-4a69-8de5-2639a1a8d8ac: receive RaftClientReply:client-7F7296B99608->ffc7b071-00b3-4a69-8de5-2639a1a8d8ac@group-6911E2D50CC5, cid=1000, SUCCESS, logIndex=1749, commits[ffc7b071-00b3-4a69-8de5-2639a1a8d8ac:c1750]
2019-06-12 16:04:50,454 INFO  client.GrpcClientProtocolClient (GrpcClientProtocolClient.java:onNext(254)) - client-7F7296B99608->ffc7b071-00b3-4a69-8de5-2639a1a8d8ac: receive RaftClientReply:client-7F7296B99608->ffc7b071-00b3-4a69-8de5-2639a1a8d8ac@group-6911E2D50CC5, cid=1001, SUCCESS, logIndex=1751, commits[ffc7b071-00b3-4a69-8de5-2639a1a8d8ac:c1751]
2019-06-12 16:04:50,457 INFO  client.GrpcClientProtocolClient (GrpcClientProtocolClient.java:onNext(254)) - client-7F7296B99608->ffc7b071-00b3-4a69-8de5-2639a1a8d8ac: receive RaftClientReply:client-7F7296B99608->ffc7b071-00b3-4a69-8de5-2639a1a8d8ac@group-6911E2D50CC5, cid=1002, SUCCESS, logIndex=1753, commits[ffc7b071-00b3-4a69-8de5-2639a1a8d8ac:c1753]
2019-06-12 16:04:50,457 INFO  client.GrpcClientProtocolClient (GrpcClientProtocolClient.java:onNext(254)) - client-7F7296B99608->ffc7b071-00b3-4a69-8de5-2639a1a8d8ac: receive RaftClientReply:client-7F7296B99608->ffc7b071-00b3-4a69-8de5-2639a1a8d8ac@group-6911E2D50CC5, cid=1003, SUCCESS, logIndex=1754, commits[ffc7b071-00b3-4a69-8de5-2639a1a8d8ac:c1755]
2019-06-12 16:04:50,458 INFO  client.GrpcClientProtocolClient (GrpcClientProtocolClient.java:onNext(254)) - client-7F7296B99608->ffc7b071-00b3-4a69-8de5-2639a1a8d8ac: receive RaftClientReply:client-7F7296B99608->ffc7b071-00b3-4a69-8de5-2639a1a8d8ac@group-6911E2D50CC5, cid=1004, SUCCESS, logIndex=1755, commits[ffc7b071-00b3-4a69-8de5-2639a1a8d8ac:c1755]
2019-06-12 16:04:50,464 INFO  client.GrpcClientProtocolClient (GrpcClientProtocolClient.java:onNext(254)) - client-7F7296B99608->ffc7b071-00b3-4a69-8de5-2639a1a8d8ac: receive RaftClientReply:client-7F7296B99608->ffc7b071-00b3-4a69-8de5-2639a1a8d8ac@group-6911E2D50CC5, cid=1005, SUCCESS, logIndex=1758, commits[ffc7b071-00b3-4a69-8de5-2639a1a8d8ac:c1758]
2019-06-12 16:04:50,466 INFO  client.GrpcClientProtocolClient (GrpcClientProtocolClient.java:onNext(254)) - client-7F7296B99608->ffc7b071-00b3-4a69-8de5-2639a1a8d8ac: receive RaftClientReply:client-7F7296B99608->ffc7b071-00b3-4a69-8de5-2639a1a8d8ac@group-6911E2D50CC5, cid=1006, SUCCESS, logIndex=1760, commits[ffc7b071-00b3-4a69-8de5-2639a1a8d8ac:c1760]
2019-06-12 16:04:50,467 INFO  client.GrpcClientProtocolClient (GrpcClientProtocolClient.java:onNext(254)) - client-7F7296B99608->ffc7b071-00b3-4a69-8de5-2639a1a8d8ac: receive RaftClientReply:client-7F7296B99608->ffc7b071-00b3-4a69-8de5-2639a1a8d8ac@group-6911E2D50CC5, cid=1007, SUCCESS, logIndex=1761, commits[ffc7b071-00b3-4a69-8de5-2639a1a8d8ac:c1763]
2019-06-12 16:04:50,468 INFO  client.GrpcClientProtocolClient (GrpcClientProtocolClient.java:onNext(254)) - client-7F7296B99608->ffc7b071-00b3-4a69-8de5-2639a1a8d8ac: receive RaftClientReply:client-7F7296B99608->ffc7b071-00b3-4a69-8de5-2639a1a8d8ac@group-6911E2D50CC5, cid=1008, SUCCESS, logIndex=1762, commits[ffc7b071-00b3-4a69-8de5-2639a1a8d8ac:c1763]
2019-06-12 16:04:50,477 INFO  client.GrpcClientProtocolClient (GrpcClientProtocolClient.java:onNext(254)) - client-7F7296B99608->ffc7b071-00b3-4a69-8de5-2639a1a8d8ac: receive RaftClientReply:client-7F7296B99608->ffc7b071-00b3-4a69-8de5-2639a1a8d8ac@group-6911E2D50CC5, cid=1009, SUCCESS, logIndex=1764, commits[ffc7b071-00b3-4a69-8de5-2639a1a8d8ac:c1764]
2019-06-12 16:04:50,479 INFO  client.GrpcClientProtocolClient (GrpcClientProtocolClient.java:onNext(254)) - client-7F7296B99608->ffc7b071-00b3-4a69-8de5-2639a1a8d8ac: receive RaftClientReply:client-7F7296B99608->ffc7b071-00b3-4a69-8de5-2639a1a8d8ac@group-6911E2D50CC5, cid=1010, SUCCESS, logIndex=1766, commits[ffc7b071-00b3-4a69-8de5-2639a1a8d8ac:c1766]
2019-06-12 16:04:50,480 INFO  client.GrpcClientProtocolClient (GrpcClientProtocolClient.java:onNext(254)) - client-7F7296B99608->ffc7b071-00b3-4a69-8de5-2639a1a8d8ac: receive RaftClientReply:client-7F7296B99608->ffc7b071-00b3-4a69-8de5-2639a1a8d8ac@group-6911E2D50CC5, cid=1011, SUCCESS, logIndex=1767, commits[ffc7b071-00b3-4a69-8de5-2639a1a8d8ac:c1768]
2019-06-12 16:04:50,480 INFO  client.GrpcClientProtocolClient (GrpcClientProtocolClient.java:onNext(254)) - client-7F7296B99608->ffc7b071-00b3-4a69-8de5-2639a1a8d8ac: receive RaftClientReply:client-7F7296B99608->ffc7b071-00b3-4a69-8de5-2639a1a8d8ac@group-6911E2D50CC5, cid=1012, SUCCESS, logIndex=1768, commits[ffc7b071-00b3-4a69-8de5-2639a1a8d8ac:c1768]
2019-06-12 16:04:50,486 INFO  client.GrpcClientProtocolClient (GrpcClientProtocolClient.java:onNext(254)) - client-7F7296B99608->ffc7b071-00b3-4a69-8de5-2639a1a8d8ac: receive RaftClientReply:client-7F7296B99608->ffc7b071-00b3-4a69-8de5-2639a1a8d8ac@group-6911E2D50CC5, cid=1013, SUCCESS, logIndex=1771, commits[ffc7b071-00b3-4a69-8de5-2639a1a8d8ac:c1771]
2019-06-12 16:04:50,488 INFO  client.GrpcClientProtocolClient (GrpcClientProtocolClient.java:onNext(254)) - client-7F7296B99608->ffc7b071-00b3-4a69-8de5-2639a1a8d8ac: receive RaftClientReply:client-7F7296B99608->ffc7b071-00b3-4a69-8de5-2639a1a8d8ac@group-6911E2D50CC5, cid=1014, SUCCESS, logIndex=1773, commits[ffc7b071-00b3-4a69-8de5-2639a1a8d8ac:c1773]
2019-06-12 16:04:50,489 INFO  client.GrpcClientProtocolClient (GrpcClientProtocolClient.java:onNext(254)) - client-7F7296B99608->ffc7b071-00b3-4a69-8de5-2639a1a8d8ac: receive RaftClientReply:client-7F7296B99608->ffc7b071-00b3-4a69-8de5-2639a1a8d8ac@group-6911E2D50CC5, cid=1015, SUCCESS, logIndex=1774, commits[ffc7b071-00b3-4a69-8de5-2639a1a8d8ac:c1776]
2019-06-12 16:04:50,489 INFO  client.GrpcClientProtocolClient (GrpcClientProtocolClient.java:onNext(254)) - client-7F7296B99608->ffc7b071-00b3-4a69-8de5-2639a1a8d8ac: receive RaftClientReply:client-7F7296B99608->ffc7b071-00b3-4a69-8de5-2639a1a8d8ac@group-6911E2D50CC5, cid=1016, SUCCESS, logIndex=1775, commits[ffc7b071-00b3-4a69-8de5-2639a1a8d8ac:c1776]
2019-06-12 16:04:50,534 DEBUG block.SCMBlockDeletingService (SCMBlockDeletingService.java:call(138)) - Running DeletedBlockTransactionScanner
2019-06-12 16:04:50,534 DEBUG block.SCMBlockDeletingService (SCMBlockDeletingService.java:call(155)) - Scanned deleted blocks log and got 0 delTX to process.
2019-06-12 16:04:50,610 INFO  client.GrpcClientProtocolClient (GrpcClientProtocolClient.java:onNext(254)) - client-7F7296B99608->ffc7b071-00b3-4a69-8de5-2639a1a8d8ac: receive RaftClientReply:client-7F7296B99608->ffc7b071-00b3-4a69-8de5-2639a1a8d8ac@group-6911E2D50CC5, cid=1017, SUCCESS, logIndex=1777, commits[ffc7b071-00b3-4a69-8de5-2639a1a8d8ac:c1777]
2019-06-12 16:04:50,611 INFO  client.GrpcClientProtocolClient (GrpcClientProtocolClient.java:onNext(254)) - client-7F7296B99608->ffc7b071-00b3-4a69-8de5-2639a1a8d8ac: receive RaftClientReply:client-7F7296B99608->ffc7b071-00b3-4a69-8de5-2639a1a8d8ac@group-6911E2D50CC5, cid=1018, SUCCESS, logIndex=1779, commits[ffc7b071-00b3-4a69-8de5-2639a1a8d8ac:c1779]
2019-06-12 16:04:50,612 INFO  client.GrpcClientProtocolClient (GrpcClientProtocolClient.java:onNext(254)) - client-7F7296B99608->ffc7b071-00b3-4a69-8de5-2639a1a8d8ac: receive RaftClientReply:client-7F7296B99608->ffc7b071-00b3-4a69-8de5-2639a1a8d8ac@group-6911E2D50CC5, cid=1019, SUCCESS, logIndex=1780, commits[ffc7b071-00b3-4a69-8de5-2639a1a8d8ac:c1782]
2019-06-12 16:04:50,613 INFO  client.GrpcClientProtocolClient (GrpcClientProtocolClient.java:onNext(254)) - client-7F7296B99608->ffc7b071-00b3-4a69-8de5-2639a1a8d8ac: receive RaftClientReply:client-7F7296B99608->ffc7b071-00b3-4a69-8de5-2639a1a8d8ac@group-6911E2D50CC5, cid=1020, SUCCESS, logIndex=1781, commits[ffc7b071-00b3-4a69-8de5-2639a1a8d8ac:c1782]
2019-06-12 16:04:50,619 INFO  client.GrpcClientProtocolClient (GrpcClientProtocolClient.java:onNext(254)) - client-7F7296B99608->ffc7b071-00b3-4a69-8de5-2639a1a8d8ac: receive RaftClientReply:client-7F7296B99608->ffc7b071-00b3-4a69-8de5-2639a1a8d8ac@group-6911E2D50CC5, cid=1021, SUCCESS, logIndex=1783, commits[ffc7b071-00b3-4a69-8de5-2639a1a8d8ac:c1783]
2019-06-12 16:04:50,623 INFO  client.GrpcClientProtocolClient (GrpcClientProtocolClient.java:onNext(254)) - client-7F7296B99608->ffc7b071-00b3-4a69-8de5-2639a1a8d8ac: receive RaftClientReply:client-7F7296B99608->ffc7b071-00b3-4a69-8de5-2639a1a8d8ac@group-6911E2D50CC5, cid=1022, SUCCESS, logIndex=1785, commits[ffc7b071-00b3-4a69-8de5-2639a1a8d8ac:c1787]
2019-06-12 16:04:50,623 INFO  client.GrpcClientProtocolClient (GrpcClientProtocolClient.java:onNext(254)) - client-7F7296B99608->ffc7b071-00b3-4a69-8de5-2639a1a8d8ac: receive RaftClientReply:client-7F7296B99608->ffc7b071-00b3-4a69-8de5-2639a1a8d8ac@group-6911E2D50CC5, cid=1023, SUCCESS, logIndex=1786, commits[ffc7b071-00b3-4a69-8de5-2639a1a8d8ac:c1787]
2019-06-12 16:04:50,624 INFO  client.GrpcClientProtocolClient (GrpcClientProtocolClient.java:onNext(254)) - client-7F7296B99608->ffc7b071-00b3-4a69-8de5-2639a1a8d8ac: receive RaftClientReply:client-7F7296B99608->ffc7b071-00b3-4a69-8de5-2639a1a8d8ac@group-6911E2D50CC5, cid=1024, SUCCESS, logIndex=1787, commits[ffc7b071-00b3-4a69-8de5-2639a1a8d8ac:c1787]
2019-06-12 16:04:50,635 DEBUG block.SCMBlockDeletingService (SCMBlockDeletingService.java:call(138)) - Running DeletedBlockTransactionScanner
2019-06-12 16:04:50,635 DEBUG block.SCMBlockDeletingService (SCMBlockDeletingService.java:call(155)) - Scanned deleted blocks log and got 0 delTX to process.
2019-06-12 16:04:50,636 INFO  client.GrpcClientProtocolClient (GrpcClientProtocolClient.java:onNext(254)) - client-7F7296B99608->ffc7b071-00b3-4a69-8de5-2639a1a8d8ac: receive RaftClientReply:client-7F7296B99608->ffc7b071-00b3-4a69-8de5-2639a1a8d8ac@group-6911E2D50CC5, cid=1025, SUCCESS, logIndex=1790, commits[ffc7b071-00b3-4a69-8de5-2639a1a8d8ac:c1790]
2019-06-12 16:04:50,636 INFO  storage.RaftLogWorker (RaftLogWorker.java:rollLogSegment(303)) - ffc7b071-00b3-4a69-8de5-2639a1a8d8ac-RaftLogWorker: Rolling segment log-1721_1792 to index:1792
2019-06-12 16:04:50,637 INFO  storage.RaftLogWorker (RaftLogWorker.java:execute(433)) - ffc7b071-00b3-4a69-8de5-2639a1a8d8ac-RaftLogWorker: Rolled log segment from /opt/src/hadoop-ozone/integration-test/target/test-dir/MiniOzoneClusterImpl-a1c7246e-c692-4524-ad55-32b507b20431/datanode-0/data/ratis/4417d833-4fb6-4fa2-9413-6911e2d50cc5/current/log_inprogress_1721 to /opt/src/hadoop-ozone/integration-test/target/test-dir/MiniOzoneClusterImpl-a1c7246e-c692-4524-ad55-32b507b20431/datanode-0/data/ratis/4417d833-4fb6-4fa2-9413-6911e2d50cc5/current/log_1721-1792
2019-06-12 16:04:50,639 INFO  client.GrpcClientProtocolClient (GrpcClientProtocolClient.java:onNext(254)) - client-7F7296B99608->ffc7b071-00b3-4a69-8de5-2639a1a8d8ac: receive RaftClientReply:client-7F7296B99608->ffc7b071-00b3-4a69-8de5-2639a1a8d8ac@group-6911E2D50CC5, cid=1026, SUCCESS, logIndex=1792, commits[ffc7b071-00b3-4a69-8de5-2639a1a8d8ac:c1792]
2019-06-12 16:04:50,672 INFO  storage.RaftLogWorker (RaftLogWorker.java:execute(469)) - ffc7b071-00b3-4a69-8de5-2639a1a8d8ac-RaftLogWorker: created new log segment /opt/src/hadoop-ozone/integration-test/target/test-dir/MiniOzoneClusterImpl-a1c7246e-c692-4524-ad55-32b507b20431/datanode-0/data/ratis/4417d833-4fb6-4fa2-9413-6911e2d50cc5/current/log_inprogress_1793
2019-06-12 16:04:50,674 INFO  client.GrpcClientProtocolClient (GrpcClientProtocolClient.java:onNext(254)) - client-7F7296B99608->ffc7b071-00b3-4a69-8de5-2639a1a8d8ac: receive RaftClientReply:client-7F7296B99608->ffc7b071-00b3-4a69-8de5-2639a1a8d8ac@group-6911E2D50CC5, cid=1027, SUCCESS, logIndex=1793, commits[ffc7b071-00b3-4a69-8de5-2639a1a8d8ac:c1795]
2019-06-12 16:04:50,675 INFO  client.GrpcClientProtocolClient (GrpcClientProtocolClient.java:onNext(254)) - client-7F7296B99608->ffc7b071-00b3-4a69-8de5-2639a1a8d8ac: receive RaftClientReply:client-7F7296B99608->ffc7b071-00b3-4a69-8de5-2639a1a8d8ac@group-6911E2D50CC5, cid=1028, SUCCESS, logIndex=1795, commits[ffc7b071-00b3-4a69-8de5-2639a1a8d8ac:c1795]
2019-06-12 16:04:50,681 INFO  client.GrpcClientProtocolClient (GrpcClientProtocolClient.java:onNext(254)) - client-7F7296B99608->ffc7b071-00b3-4a69-8de5-2639a1a8d8ac: receive RaftClientReply:client-7F7296B99608->ffc7b071-00b3-4a69-8de5-2639a1a8d8ac@group-6911E2D50CC5, cid=1029, SUCCESS, logIndex=1797, commits[ffc7b071-00b3-4a69-8de5-2639a1a8d8ac:c1797]
2019-06-12 16:04:50,682 INFO  client.GrpcClientProtocolClient (GrpcClientProtocolClient.java:onNext(254)) - client-7F7296B99608->ffc7b071-00b3-4a69-8de5-2639a1a8d8ac: receive RaftClientReply:client-7F7296B99608->ffc7b071-00b3-4a69-8de5-2639a1a8d8ac@group-6911E2D50CC5, cid=1030, SUCCESS, logIndex=1799, commits[ffc7b071-00b3-4a69-8de5-2639a1a8d8ac:c1799]
2019-06-12 16:04:50,683 INFO  client.GrpcClientProtocolClient (GrpcClientProtocolClient.java:onNext(254)) - client-7F7296B99608->ffc7b071-00b3-4a69-8de5-2639a1a8d8ac: receive RaftClientReply:client-7F7296B99608->ffc7b071-00b3-4a69-8de5-2639a1a8d8ac@group-6911E2D50CC5, cid=1031, SUCCESS, logIndex=1800, commits[ffc7b071-00b3-4a69-8de5-2639a1a8d8ac:c1802]
2019-06-12 16:04:50,684 INFO  client.GrpcClientProtocolClient (GrpcClientProtocolClient.java:onNext(254)) - client-7F7296B99608->ffc7b071-00b3-4a69-8de5-2639a1a8d8ac: receive RaftClientReply:client-7F7296B99608->ffc7b071-00b3-4a69-8de5-2639a1a8d8ac@group-6911E2D50CC5, cid=1032, SUCCESS, logIndex=1801, commits[ffc7b071-00b3-4a69-8de5-2639a1a8d8ac:c1802]
2019-06-12 16:04:50,694 INFO  client.GrpcClientProtocolClient (GrpcClientProtocolClient.java:onNext(254)) - client-7F7296B99608->ffc7b071-00b3-4a69-8de5-2639a1a8d8ac: receive RaftClientReply:client-7F7296B99608->ffc7b071-00b3-4a69-8de5-2639a1a8d8ac@group-6911E2D50CC5, cid=1033, SUCCESS, logIndex=1803, commits[ffc7b071-00b3-4a69-8de5-2639a1a8d8ac:c1803]
2019-06-12 16:04:50,699 INFO  client.GrpcClientProtocolClient (GrpcClientProtocolClient.java:onNext(254)) - client-7F7296B99608->ffc7b071-00b3-4a69-8de5-2639a1a8d8ac: receive RaftClientReply:client-7F7296B99608->ffc7b071-00b3-4a69-8de5-2639a1a8d8ac@group-6911E2D50CC5, cid=1034, SUCCESS, logIndex=1805, commits[ffc7b071-00b3-4a69-8de5-2639a1a8d8ac:c1805]
2019-06-12 16:04:50,699 INFO  client.GrpcClientProtocolClient (GrpcClientProtocolClient.java:onNext(254)) - client-7F7296B99608->ffc7b071-00b3-4a69-8de5-2639a1a8d8ac: receive RaftClientReply:client-7F7296B99608->ffc7b071-00b3-4a69-8de5-2639a1a8d8ac@group-6911E2D50CC5, cid=1035, SUCCESS, logIndex=1806, commits[ffc7b071-00b3-4a69-8de5-2639a1a8d8ac:c1808]
2019-06-12 16:04:50,699 INFO  client.GrpcClientProtocolClient (GrpcClientProtocolClient.java:onNext(254)) - client-7F7296B99608->ffc7b071-00b3-4a69-8de5-2639a1a8d8ac: receive RaftClientReply:client-7F7296B99608->ffc7b071-00b3-4a69-8de5-2639a1a8d8ac@group-6911E2D50CC5, cid=1036, SUCCESS, logIndex=1807, commits[ffc7b071-00b3-4a69-8de5-2639a1a8d8ac:c1808]
2019-06-12 16:04:50,705 INFO  client.GrpcClientProtocolClient (GrpcClientProtocolClient.java:onNext(254)) - client-7F7296B99608->ffc7b071-00b3-4a69-8de5-2639a1a8d8ac: receive RaftClientReply:client-7F7296B99608->ffc7b071-00b3-4a69-8de5-2639a1a8d8ac@group-6911E2D50CC5, cid=1037, SUCCESS, logIndex=1809, commits[ffc7b071-00b3-4a69-8de5-2639a1a8d8ac:c1810]
2019-06-12 16:04:50,708 INFO  client.GrpcClientProtocolClient (GrpcClientProtocolClient.java:onNext(254)) - client-7F7296B99608->ffc7b071-00b3-4a69-8de5-2639a1a8d8ac: receive RaftClientReply:client-7F7296B99608->ffc7b071-00b3-4a69-8de5-2639a1a8d8ac@group-6911E2D50CC5, cid=1038, SUCCESS, logIndex=1811, commits[ffc7b071-00b3-4a69-8de5-2639a1a8d8ac:c1811]
2019-06-12 16:04:50,708 INFO  client.GrpcClientProtocolClient (GrpcClientProtocolClient.java:onNext(254)) - client-7F7296B99608->ffc7b071-00b3-4a69-8de5-2639a1a8d8ac: receive RaftClientReply:client-7F7296B99608->ffc7b071-00b3-4a69-8de5-2639a1a8d8ac@group-6911E2D50CC5, cid=1039, SUCCESS, logIndex=1812, commits[ffc7b071-00b3-4a69-8de5-2639a1a8d8ac:c1814]
2019-06-12 16:04:50,708 INFO  client.GrpcClientProtocolClient (GrpcClientProtocolClient.java:onNext(254)) - client-7F7296B99608->ffc7b071-00b3-4a69-8de5-2639a1a8d8ac: receive RaftClientReply:client-7F7296B99608->ffc7b071-00b3-4a69-8de5-2639a1a8d8ac@group-6911E2D50CC5, cid=1040, SUCCESS, logIndex=1814, commits[ffc7b071-00b3-4a69-8de5-2639a1a8d8ac:c1814]
2019-06-12 16:04:50,718 INFO  client.GrpcClientProtocolClient (GrpcClientProtocolClient.java:onNext(254)) - client-7F7296B99608->ffc7b071-00b3-4a69-8de5-2639a1a8d8ac: receive RaftClientReply:client-7F7296B99608->ffc7b071-00b3-4a69-8de5-2639a1a8d8ac@group-6911E2D50CC5, cid=1041, SUCCESS, logIndex=1816, commits[ffc7b071-00b3-4a69-8de5-2639a1a8d8ac:c1816]
2019-06-12 16:04:50,719 INFO  client.GrpcClientProtocolClient (GrpcClientProtocolClient.java:onNext(254)) - client-7F7296B99608->ffc7b071-00b3-4a69-8de5-2639a1a8d8ac: receive RaftClientReply:client-7F7296B99608->ffc7b071-00b3-4a69-8de5-2639a1a8d8ac@group-6911E2D50CC5, cid=1042, SUCCESS, logIndex=1818, commits[ffc7b071-00b3-4a69-8de5-2639a1a8d8ac:c1818]
2019-06-12 16:04:50,722 INFO  client.GrpcClientProtocolClient (GrpcClientProtocolClient.java:onNext(254)) - client-7F7296B99608->ffc7b071-00b3-4a69-8de5-2639a1a8d8ac: receive RaftClientReply:client-7F7296B99608->ffc7b071-00b3-4a69-8de5-2639a1a8d8ac@group-6911E2D50CC5, cid=1043, SUCCESS, logIndex=1820, commits[ffc7b071-00b3-4a69-8de5-2639a1a8d8ac:c1821]
2019-06-12 16:04:50,722 INFO  client.GrpcClientProtocolClient (GrpcClientProtocolClient.java:onNext(254)) - client-7F7296B99608->ffc7b071-00b3-4a69-8de5-2639a1a8d8ac: receive RaftClientReply:client-7F7296B99608->ffc7b071-00b3-4a69-8de5-2639a1a8d8ac@group-6911E2D50CC5, cid=1044, SUCCESS, logIndex=1821, commits[ffc7b071-00b3-4a69-8de5-2639a1a8d8ac:c1821]
2019-06-12 16:04:50,728 INFO  client.GrpcClientProtocolClient (GrpcClientProtocolClient.java:onNext(254)) - client-7F7296B99608->ffc7b071-00b3-4a69-8de5-2639a1a8d8ac: receive RaftClientReply:client-7F7296B99608->ffc7b071-00b3-4a69-8de5-2639a1a8d8ac@group-6911E2D50CC5, cid=1045, SUCCESS, logIndex=1823, commits[ffc7b071-00b3-4a69-8de5-2639a1a8d8ac:c1823]
2019-06-12 16:04:50,729 INFO  client.GrpcClientProtocolClient (GrpcClientProtocolClient.java:onNext(254)) - client-7F7296B99608->ffc7b071-00b3-4a69-8de5-2639a1a8d8ac: receive RaftClientReply:client-7F7296B99608->ffc7b071-00b3-4a69-8de5-2639a1a8d8ac@group-6911E2D50CC5, cid=1046, SUCCESS, logIndex=1825, commits[ffc7b071-00b3-4a69-8de5-2639a1a8d8ac:c1825]
2019-06-12 16:04:50,730 INFO  client.GrpcClientProtocolClient (GrpcClientProtocolClient.java:onNext(254)) - client-7F7296B99608->ffc7b071-00b3-4a69-8de5-2639a1a8d8ac: receive RaftClientReply:client-7F7296B99608->ffc7b071-00b3-4a69-8de5-2639a1a8d8ac@group-6911E2D50CC5, cid=1047, SUCCESS, logIndex=1826, commits[ffc7b071-00b3-4a69-8de5-2639a1a8d8ac:c1828]
2019-06-12 16:04:50,731 INFO  client.GrpcClientProtocolClient (GrpcClientProtocolClient.java:onNext(254)) - client-7F7296B99608->ffc7b071-00b3-4a69-8de5-2639a1a8d8ac: receive RaftClientReply:client-7F7296B99608->ffc7b071-00b3-4a69-8de5-2639a1a8d8ac@group-6911E2D50CC5, cid=1048, SUCCESS, logIndex=1827, commits[ffc7b071-00b3-4a69-8de5-2639a1a8d8ac:c1828]
2019-06-12 16:04:50,735 DEBUG block.SCMBlockDeletingService (SCMBlockDeletingService.java:call(138)) - Running DeletedBlockTransactionScanner
2019-06-12 16:04:50,735 DEBUG block.SCMBlockDeletingService (SCMBlockDeletingService.java:call(155)) - Scanned deleted blocks log and got 0 delTX to process.
2019-06-12 16:04:50,742 INFO  client.GrpcClientProtocolClient (GrpcClientProtocolClient.java:onNext(254)) - client-7F7296B99608->ffc7b071-00b3-4a69-8de5-2639a1a8d8ac: receive RaftClientReply:client-7F7296B99608->ffc7b071-00b3-4a69-8de5-2639a1a8d8ac@group-6911E2D50CC5, cid=1049, SUCCESS, logIndex=1829, commits[ffc7b071-00b3-4a69-8de5-2639a1a8d8ac:c1829]
2019-06-12 16:04:50,743 INFO  client.GrpcClientProtocolClient (GrpcClientProtocolClient.java:onNext(254)) - client-7F7296B99608->ffc7b071-00b3-4a69-8de5-2639a1a8d8ac: receive RaftClientReply:client-7F7296B99608->ffc7b071-00b3-4a69-8de5-2639a1a8d8ac@group-6911E2D50CC5, cid=1050, SUCCESS, logIndex=1831, commits[ffc7b071-00b3-4a69-8de5-2639a1a8d8ac:c1831]
2019-06-12 16:04:50,745 INFO  client.GrpcClientProtocolClient (GrpcClientProtocolClient.java:onNext(254)) - client-7F7296B99608->ffc7b071-00b3-4a69-8de5-2639a1a8d8ac: receive RaftClientReply:client-7F7296B99608->ffc7b071-00b3-4a69-8de5-2639a1a8d8ac@group-6911E2D50CC5, cid=1051, SUCCESS, logIndex=1833, commits[ffc7b071-00b3-4a69-8de5-2639a1a8d8ac:c1834]
2019-06-12 16:04:50,746 INFO  client.GrpcClientProtocolClient (GrpcClientProtocolClient.java:onNext(254)) - client-7F7296B99608->ffc7b071-00b3-4a69-8de5-2639a1a8d8ac: receive RaftClientReply:client-7F7296B99608->ffc7b071-00b3-4a69-8de5-2639a1a8d8ac@group-6911E2D50CC5, cid=1052, SUCCESS, logIndex=1834, commits[ffc7b071-00b3-4a69-8de5-2639a1a8d8ac:c1834]
2019-06-12 16:04:50,751 INFO  client.GrpcClientProtocolClient (GrpcClientProtocolClient.java:onNext(254)) - client-7F7296B99608->ffc7b071-00b3-4a69-8de5-2639a1a8d8ac: receive RaftClientReply:client-7F7296B99608->ffc7b071-00b3-4a69-8de5-2639a1a8d8ac@group-6911E2D50CC5, cid=1053, SUCCESS, logIndex=1836, commits[ffc7b071-00b3-4a69-8de5-2639a1a8d8ac:c1836]
2019-06-12 16:04:50,753 INFO  client.GrpcClientProtocolClient (GrpcClientProtocolClient.java:onNext(254)) - client-7F7296B99608->ffc7b071-00b3-4a69-8de5-2639a1a8d8ac: receive RaftClientReply:client-7F7296B99608->ffc7b071-00b3-4a69-8de5-2639a1a8d8ac@group-6911E2D50CC5, cid=1054, SUCCESS, logIndex=1838, commits[ffc7b071-00b3-4a69-8de5-2639a1a8d8ac:c1838]
2019-06-12 16:04:50,754 INFO  client.GrpcClientProtocolClient (GrpcClientProtocolClient.java:onNext(254)) - client-7F7296B99608->ffc7b071-00b3-4a69-8de5-2639a1a8d8ac: receive RaftClientReply:client-7F7296B99608->ffc7b071-00b3-4a69-8de5-2639a1a8d8ac@group-6911E2D50CC5, cid=1055, SUCCESS, logIndex=1839, commits[ffc7b071-00b3-4a69-8de5-2639a1a8d8ac:c1841]
2019-06-12 16:04:50,754 INFO  client.GrpcClientProtocolClient (GrpcClientProtocolClient.java:onNext(254)) - client-7F7296B99608->ffc7b071-00b3-4a69-8de5-2639a1a8d8ac: receive RaftClientReply:client-7F7296B99608->ffc7b071-00b3-4a69-8de5-2639a1a8d8ac@group-6911E2D50CC5, cid=1056, SUCCESS, logIndex=1840, commits[ffc7b071-00b3-4a69-8de5-2639a1a8d8ac:c1841]
2019-06-12 16:04:50,769 INFO  client.GrpcClientProtocolClient (GrpcClientProtocolClient.java:onNext(254)) - client-7F7296B99608->ffc7b071-00b3-4a69-8de5-2639a1a8d8ac: receive RaftClientReply:client-7F7296B99608->ffc7b071-00b3-4a69-8de5-2639a1a8d8ac@group-6911E2D50CC5, cid=1057, SUCCESS, logIndex=1842, commits[ffc7b071-00b3-4a69-8de5-2639a1a8d8ac:c1842]
2019-06-12 16:04:50,771 INFO  client.GrpcClientProtocolClient (GrpcClientProtocolClient.java:onNext(254)) - client-7F7296B99608->ffc7b071-00b3-4a69-8de5-2639a1a8d8ac: receive RaftClientReply:client-7F7296B99608->ffc7b071-00b3-4a69-8de5-2639a1a8d8ac@group-6911E2D50CC5, cid=1058, SUCCESS, logIndex=1844, commits[ffc7b071-00b3-4a69-8de5-2639a1a8d8ac:c1844]
2019-06-12 16:04:50,771 INFO  client.GrpcClientProtocolClient (GrpcClientProtocolClient.java:onNext(254)) - client-7F7296B99608->ffc7b071-00b3-4a69-8de5-2639a1a8d8ac: receive RaftClientReply:client-7F7296B99608->ffc7b071-00b3-4a69-8de5-2639a1a8d8ac@group-6911E2D50CC5, cid=1059, SUCCESS, logIndex=1845, commits[ffc7b071-00b3-4a69-8de5-2639a1a8d8ac:c1846]
2019-06-12 16:04:50,772 INFO  client.GrpcClientProtocolClient (GrpcClientProtocolClient.java:onNext(254)) - client-7F7296B99608->ffc7b071-00b3-4a69-8de5-2639a1a8d8ac: receive RaftClientReply:client-7F7296B99608->ffc7b071-00b3-4a69-8de5-2639a1a8d8ac@group-6911E2D50CC5, cid=1060, SUCCESS, logIndex=1847, commits[ffc7b071-00b3-4a69-8de5-2639a1a8d8ac:c1847]
2019-06-12 16:04:50,836 DEBUG block.SCMBlockDeletingService (SCMBlockDeletingService.java:call(138)) - Running DeletedBlockTransactionScanner
2019-06-12 16:04:50,836 DEBUG block.SCMBlockDeletingService (SCMBlockDeletingService.java:call(155)) - Scanned deleted blocks log and got 0 delTX to process.
2019-06-12 16:04:50,849 INFO  client.GrpcClientProtocolClient (GrpcClientProtocolClient.java:onNext(254)) - client-7F7296B99608->ffc7b071-00b3-4a69-8de5-2639a1a8d8ac: receive RaftClientReply:client-7F7296B99608->ffc7b071-00b3-4a69-8de5-2639a1a8d8ac@group-6911E2D50CC5, cid=1061, SUCCESS, logIndex=1849, commits[ffc7b071-00b3-4a69-8de5-2639a1a8d8ac:c1849]
2019-06-12 16:04:50,851 INFO  client.GrpcClientProtocolClient (GrpcClientProtocolClient.java:onNext(254)) - client-7F7296B99608->ffc7b071-00b3-4a69-8de5-2639a1a8d8ac: receive RaftClientReply:client-7F7296B99608->ffc7b071-00b3-4a69-8de5-2639a1a8d8ac@group-6911E2D50CC5, cid=1062, SUCCESS, logIndex=1851, commits[ffc7b071-00b3-4a69-8de5-2639a1a8d8ac:c1851]
2019-06-12 16:04:50,852 INFO  client.GrpcClientProtocolClient (GrpcClientProtocolClient.java:onNext(254)) - client-7F7296B99608->ffc7b071-00b3-4a69-8de5-2639a1a8d8ac: receive RaftClientReply:client-7F7296B99608->ffc7b071-00b3-4a69-8de5-2639a1a8d8ac@group-6911E2D50CC5, cid=1063, SUCCESS, logIndex=1852, commits[ffc7b071-00b3-4a69-8de5-2639a1a8d8ac:c1854]
2019-06-12 16:04:50,853 INFO  client.GrpcClientProtocolClient (GrpcClientProtocolClient.java:onNext(254)) - client-7F7296B99608->ffc7b071-00b3-4a69-8de5-2639a1a8d8ac: receive RaftClientReply:client-7F7296B99608->ffc7b071-00b3-4a69-8de5-2639a1a8d8ac@group-6911E2D50CC5, cid=1064, SUCCESS, logIndex=1854, commits[ffc7b071-00b3-4a69-8de5-2639a1a8d8ac:c1854]
2019-06-12 16:04:50,863 INFO  client.GrpcClientProtocolClient (GrpcClientProtocolClient.java:onNext(254)) - client-7F7296B99608->ffc7b071-00b3-4a69-8de5-2639a1a8d8ac: receive RaftClientReply:client-7F7296B99608->ffc7b071-00b3-4a69-8de5-2639a1a8d8ac@group-6911E2D50CC5, cid=1065, SUCCESS, logIndex=1856, commits[ffc7b071-00b3-4a69-8de5-2639a1a8d8ac:c1856]
2019-06-12 16:04:50,865 INFO  client.GrpcClientProtocolClient (GrpcClientProtocolClient.java:onNext(254)) - client-7F7296B99608->ffc7b071-00b3-4a69-8de5-2639a1a8d8ac: receive RaftClientReply:client-7F7296B99608->ffc7b071-00b3-4a69-8de5-2639a1a8d8ac@group-6911E2D50CC5, cid=1066, SUCCESS, logIndex=1858, commits[ffc7b071-00b3-4a69-8de5-2639a1a8d8ac:c1858]
2019-06-12 16:04:50,865 INFO  client.GrpcClientProtocolClient (GrpcClientProtocolClient.java:onNext(254)) - client-7F7296B99608->ffc7b071-00b3-4a69-8de5-2639a1a8d8ac: receive RaftClientReply:client-7F7296B99608->ffc7b071-00b3-4a69-8de5-2639a1a8d8ac@group-6911E2D50CC5, cid=1067, SUCCESS, logIndex=1859, commits[ffc7b071-00b3-4a69-8de5-2639a1a8d8ac:c1859]
2019-06-12 16:04:50,866 INFO  client.GrpcClientProtocolClient (GrpcClientProtocolClient.java:onNext(254)) - client-7F7296B99608->ffc7b071-00b3-4a69-8de5-2639a1a8d8ac: receive RaftClientReply:client-7F7296B99608->ffc7b071-00b3-4a69-8de5-2639a1a8d8ac@group-6911E2D50CC5, cid=1068, SUCCESS, logIndex=1861, commits[ffc7b071-00b3-4a69-8de5-2639a1a8d8ac:c1862]
2019-06-12 16:04:50,872 INFO  client.GrpcClientProtocolClient (GrpcClientProtocolClient.java:onNext(254)) - client-7F7296B99608->ffc7b071-00b3-4a69-8de5-2639a1a8d8ac: receive RaftClientReply:client-7F7296B99608->ffc7b071-00b3-4a69-8de5-2639a1a8d8ac@group-6911E2D50CC5, cid=1069, SUCCESS, logIndex=1864, commits[ffc7b071-00b3-4a69-8de5-2639a1a8d8ac:c1864]
2019-06-12 16:04:50,872 INFO  storage.RaftLogWorker (RaftLogWorker.java:rollLogSegment(303)) - ffc7b071-00b3-4a69-8de5-2639a1a8d8ac-RaftLogWorker: Rolling segment log-1793_1865 to index:1865
2019-06-12 16:04:50,873 INFO  storage.RaftLogWorker (RaftLogWorker.java:execute(433)) - ffc7b071-00b3-4a69-8de5-2639a1a8d8ac-RaftLogWorker: Rolled log segment from /opt/src/hadoop-ozone/integration-test/target/test-dir/MiniOzoneClusterImpl-a1c7246e-c692-4524-ad55-32b507b20431/datanode-0/data/ratis/4417d833-4fb6-4fa2-9413-6911e2d50cc5/current/log_inprogress_1793 to /opt/src/hadoop-ozone/integration-test/target/test-dir/MiniOzoneClusterImpl-a1c7246e-c692-4524-ad55-32b507b20431/datanode-0/data/ratis/4417d833-4fb6-4fa2-9413-6911e2d50cc5/current/log_1793-1865
2019-06-12 16:04:50,907 INFO  storage.RaftLogWorker (RaftLogWorker.java:execute(469)) - ffc7b071-00b3-4a69-8de5-2639a1a8d8ac-RaftLogWorker: created new log segment /opt/src/hadoop-ozone/integration-test/target/test-dir/MiniOzoneClusterImpl-a1c7246e-c692-4524-ad55-32b507b20431/datanode-0/data/ratis/4417d833-4fb6-4fa2-9413-6911e2d50cc5/current/log_inprogress_1866
2019-06-12 16:04:50,909 INFO  client.GrpcClientProtocolClient (GrpcClientProtocolClient.java:onNext(254)) - client-7F7296B99608->ffc7b071-00b3-4a69-8de5-2639a1a8d8ac: receive RaftClientReply:client-7F7296B99608->ffc7b071-00b3-4a69-8de5-2639a1a8d8ac@group-6911E2D50CC5, cid=1070, SUCCESS, logIndex=1866, commits[ffc7b071-00b3-4a69-8de5-2639a1a8d8ac:c1867]
2019-06-12 16:04:50,910 INFO  client.GrpcClientProtocolClient (GrpcClientProtocolClient.java:onNext(254)) - client-7F7296B99608->ffc7b071-00b3-4a69-8de5-2639a1a8d8ac: receive RaftClientReply:client-7F7296B99608->ffc7b071-00b3-4a69-8de5-2639a1a8d8ac@group-6911E2D50CC5, cid=1071, SUCCESS, logIndex=1867, commits[ffc7b071-00b3-4a69-8de5-2639a1a8d8ac:c1868]
2019-06-12 16:04:50,912 INFO  client.GrpcClientProtocolClient (GrpcClientProtocolClient.java:onNext(254)) - client-7F7296B99608->ffc7b071-00b3-4a69-8de5-2639a1a8d8ac: receive RaftClientReply:client-7F7296B99608->ffc7b071-00b3-4a69-8de5-2639a1a8d8ac@group-6911E2D50CC5, cid=1072, SUCCESS, logIndex=1869, commits[ffc7b071-00b3-4a69-8de5-2639a1a8d8ac:c1869]
2019-06-12 16:04:50,923 INFO  client.GrpcClientProtocolClient (GrpcClientProtocolClient.java:onNext(254)) - client-7F7296B99608->ffc7b071-00b3-4a69-8de5-2639a1a8d8ac: receive RaftClientReply:client-7F7296B99608->ffc7b071-00b3-4a69-8de5-2639a1a8d8ac@group-6911E2D50CC5, cid=1073, SUCCESS, logIndex=1871, commits[ffc7b071-00b3-4a69-8de5-2639a1a8d8ac:c1871]
2019-06-12 16:04:50,925 INFO  client.GrpcClientProtocolClient (GrpcClientProtocolClient.java:onNext(254)) - client-7F7296B99608->ffc7b071-00b3-4a69-8de5-2639a1a8d8ac: receive RaftClientReply:client-7F7296B99608->ffc7b071-00b3-4a69-8de5-2639a1a8d8ac@group-6911E2D50CC5, cid=1074, SUCCESS, logIndex=1873, commits[ffc7b071-00b3-4a69-8de5-2639a1a8d8ac:c1873]
2019-06-12 16:04:50,926 INFO  client.GrpcClientProtocolClient (GrpcClientProtocolClient.java:onNext(254)) - client-7F7296B99608->ffc7b071-00b3-4a69-8de5-2639a1a8d8ac: receive RaftClientReply:client-7F7296B99608->ffc7b071-00b3-4a69-8de5-2639a1a8d8ac@group-6911E2D50CC5, cid=1075, SUCCESS, logIndex=1874, commits[ffc7b071-00b3-4a69-8de5-2639a1a8d8ac:c1876]
2019-06-12 16:04:50,927 INFO  client.GrpcClientProtocolClient (GrpcClientProtocolClient.java:onNext(254)) - client-7F7296B99608->ffc7b071-00b3-4a69-8de5-2639a1a8d8ac: receive RaftClientReply:client-7F7296B99608->ffc7b071-00b3-4a69-8de5-2639a1a8d8ac@group-6911E2D50CC5, cid=1076, SUCCESS, logIndex=1876, commits[ffc7b071-00b3-4a69-8de5-2639a1a8d8ac:c1876]
2019-06-12 16:04:50,932 INFO  client.GrpcClientProtocolClient (GrpcClientProtocolClient.java:onNext(254)) - client-7F7296B99608->ffc7b071-00b3-4a69-8de5-2639a1a8d8ac: receive RaftClientReply:client-7F7296B99608->ffc7b071-00b3-4a69-8de5-2639a1a8d8ac@group-6911E2D50CC5, cid=1077, SUCCESS, logIndex=1878, commits[ffc7b071-00b3-4a69-8de5-2639a1a8d8ac:c1878]
2019-06-12 16:04:50,934 INFO  client.GrpcClientProtocolClient (GrpcClientProtocolClient.java:onNext(254)) - client-7F7296B99608->ffc7b071-00b3-4a69-8de5-2639a1a8d8ac: receive RaftClientReply:client-7F7296B99608->ffc7b071-00b3-4a69-8de5-2639a1a8d8ac@group-6911E2D50CC5, cid=1078, SUCCESS, logIndex=1880, commits[ffc7b071-00b3-4a69-8de5-2639a1a8d8ac:c1880]
2019-06-12 16:04:50,936 DEBUG block.SCMBlockDeletingService (SCMBlockDeletingService.java:call(138)) - Running DeletedBlockTransactionScanner
2019-06-12 16:04:50,936 DEBUG block.SCMBlockDeletingService (SCMBlockDeletingService.java:call(155)) - Scanned deleted blocks log and got 0 delTX to process.
2019-06-12 16:04:50,936 INFO  client.GrpcClientProtocolClient (GrpcClientProtocolClient.java:onNext(254)) - client-7F7296B99608->ffc7b071-00b3-4a69-8de5-2639a1a8d8ac: receive RaftClientReply:client-7F7296B99608->ffc7b071-00b3-4a69-8de5-2639a1a8d8ac@group-6911E2D50CC5, cid=1079, SUCCESS, logIndex=1882, commits[ffc7b071-00b3-4a69-8de5-2639a1a8d8ac:c1883]
2019-06-12 16:04:50,937 INFO  client.GrpcClientProtocolClient (GrpcClientProtocolClient.java:onNext(254)) - client-7F7296B99608->ffc7b071-00b3-4a69-8de5-2639a1a8d8ac: receive RaftClientReply:client-7F7296B99608->ffc7b071-00b3-4a69-8de5-2639a1a8d8ac@group-6911E2D50CC5, cid=1080, SUCCESS, logIndex=1883, commits[ffc7b071-00b3-4a69-8de5-2639a1a8d8ac:c1883]
2019-06-12 16:04:50,946 INFO  client.GrpcClientProtocolClient (GrpcClientProtocolClient.java:onNext(254)) - client-7F7296B99608->ffc7b071-00b3-4a69-8de5-2639a1a8d8ac: receive RaftClientReply:client-7F7296B99608->ffc7b071-00b3-4a69-8de5-2639a1a8d8ac@group-6911E2D50CC5, cid=1081, SUCCESS, logIndex=1885, commits[ffc7b071-00b3-4a69-8de5-2639a1a8d8ac:c1885]
2019-06-12 16:04:50,948 INFO  client.GrpcClientProtocolClient (GrpcClientProtocolClient.java:onNext(254)) - client-7F7296B99608->ffc7b071-00b3-4a69-8de5-2639a1a8d8ac: receive RaftClientReply:client-7F7296B99608->ffc7b071-00b3-4a69-8de5-2639a1a8d8ac@group-6911E2D50CC5, cid=1082, SUCCESS, logIndex=1887, commits[ffc7b071-00b3-4a69-8de5-2639a1a8d8ac:c1887]
2019-06-12 16:04:50,949 INFO  client.GrpcClientProtocolClient (GrpcClientProtocolClient.java:onNext(254)) - client-7F7296B99608->ffc7b071-00b3-4a69-8de5-2639a1a8d8ac: receive RaftClientReply:client-7F7296B99608->ffc7b071-00b3-4a69-8de5-2639a1a8d8ac@group-6911E2D50CC5, cid=1083, SUCCESS, logIndex=1888, commits[ffc7b071-00b3-4a69-8de5-2639a1a8d8ac:c1889]
2019-06-12 16:04:50,949 INFO  client.GrpcClientProtocolClient (GrpcClientProtocolClient.java:onNext(254)) - client-7F7296B99608->ffc7b071-00b3-4a69-8de5-2639a1a8d8ac: receive RaftClientReply:client-7F7296B99608->ffc7b071-00b3-4a69-8de5-2639a1a8d8ac@group-6911E2D50CC5, cid=1084, SUCCESS, logIndex=1889, commits[ffc7b071-00b3-4a69-8de5-2639a1a8d8ac:c1889]
2019-06-12 16:04:50,955 INFO  client.GrpcClientProtocolClient (GrpcClientProtocolClient.java:onNext(254)) - client-7F7296B99608->ffc7b071-00b3-4a69-8de5-2639a1a8d8ac: receive RaftClientReply:client-7F7296B99608->ffc7b071-00b3-4a69-8de5-2639a1a8d8ac@group-6911E2D50CC5, cid=1085, SUCCESS, logIndex=1892, commits[ffc7b071-00b3-4a69-8de5-2639a1a8d8ac:c1892]
2019-06-12 16:04:50,958 INFO  client.GrpcClientProtocolClient (GrpcClientProtocolClient.java:onNext(254)) - client-7F7296B99608->ffc7b071-00b3-4a69-8de5-2639a1a8d8ac: receive RaftClientReply:client-7F7296B99608->ffc7b071-00b3-4a69-8de5-2639a1a8d8ac@group-6911E2D50CC5, cid=1086, SUCCESS, logIndex=1894, commits[ffc7b071-00b3-4a69-8de5-2639a1a8d8ac:c1894]
2019-06-12 16:04:50,959 INFO  client.GrpcClientProtocolClient (GrpcClientProtocolClient.java:onNext(254)) - client-7F7296B99608->ffc7b071-00b3-4a69-8de5-2639a1a8d8ac: receive RaftClientReply:client-7F7296B99608->ffc7b071-00b3-4a69-8de5-2639a1a8d8ac@group-6911E2D50CC5, cid=1087, SUCCESS, logIndex=1895, commits[ffc7b071-00b3-4a69-8de5-2639a1a8d8ac:c1897]
2019-06-12 16:04:50,960 INFO  client.GrpcClientProtocolClient (GrpcClientProtocolClient.java:onNext(254)) - client-7F7296B99608->ffc7b071-00b3-4a69-8de5-2639a1a8d8ac: receive RaftClientReply:client-7F7296B99608->ffc7b071-00b3-4a69-8de5-2639a1a8d8ac@group-6911E2D50CC5, cid=1088, SUCCESS, logIndex=1896, commits[ffc7b071-00b3-4a69-8de5-2639a1a8d8ac:c1897]
2019-06-12 16:04:51,228 DEBUG block.SCMBlockDeletingService (SCMBlockDeletingService.java:call(138)) - Running DeletedBlockTransactionScanner
2019-06-12 16:04:51,229 DEBUG block.SCMBlockDeletingService (SCMBlockDeletingService.java:call(155)) - Scanned deleted blocks log and got 0 delTX to process.
2019-06-12 16:04:51,237 INFO  client.GrpcClientProtocolClient (GrpcClientProtocolClient.java:onNext(254)) - client-7F7296B99608->ffc7b071-00b3-4a69-8de5-2639a1a8d8ac: receive RaftClientReply:client-7F7296B99608->ffc7b071-00b3-4a69-8de5-2639a1a8d8ac@group-6911E2D50CC5, cid=1089, SUCCESS, logIndex=1898, commits[ffc7b071-00b3-4a69-8de5-2639a1a8d8ac:c1898]
2019-06-12 16:04:51,239 INFO  client.GrpcClientProtocolClient (GrpcClientProtocolClient.java:onNext(254)) - client-7F7296B99608->ffc7b071-00b3-4a69-8de5-2639a1a8d8ac: receive RaftClientReply:client-7F7296B99608->ffc7b071-00b3-4a69-8de5-2639a1a8d8ac@group-6911E2D50CC5, cid=1090, SUCCESS, logIndex=1900, commits[ffc7b071-00b3-4a69-8de5-2639a1a8d8ac:c1900]
2019-06-12 16:04:51,240 INFO  client.GrpcClientProtocolClient (GrpcClientProtocolClient.java:onNext(254)) - client-7F7296B99608->ffc7b071-00b3-4a69-8de5-2639a1a8d8ac: receive RaftClientReply:client-7F7296B99608->ffc7b071-00b3-4a69-8de5-2639a1a8d8ac@group-6911E2D50CC5, cid=1091, SUCCESS, logIndex=1901, commits[ffc7b071-00b3-4a69-8de5-2639a1a8d8ac:c1903]
2019-06-12 16:04:51,240 INFO  client.GrpcClientProtocolClient (GrpcClientProtocolClient.java:onNext(254)) - client-7F7296B99608->ffc7b071-00b3-4a69-8de5-2639a1a8d8ac: receive RaftClientReply:client-7F7296B99608->ffc7b071-00b3-4a69-8de5-2639a1a8d8ac@group-6911E2D50CC5, cid=1092, SUCCESS, logIndex=1903, commits[ffc7b071-00b3-4a69-8de5-2639a1a8d8ac:c1904]
2019-06-12 16:04:51,246 INFO  client.GrpcClientProtocolClient (GrpcClientProtocolClient.java:onNext(254)) - client-7F7296B99608->ffc7b071-00b3-4a69-8de5-2639a1a8d8ac: receive RaftClientReply:client-7F7296B99608->ffc7b071-00b3-4a69-8de5-2639a1a8d8ac@group-6911E2D50CC5, cid=1093, SUCCESS, logIndex=1905, commits[ffc7b071-00b3-4a69-8de5-2639a1a8d8ac:c1905]
2019-06-12 16:04:51,247 INFO  client.GrpcClientProtocolClient (GrpcClientProtocolClient.java:onNext(254)) - client-7F7296B99608->ffc7b071-00b3-4a69-8de5-2639a1a8d8ac: receive RaftClientReply:client-7F7296B99608->ffc7b071-00b3-4a69-8de5-2639a1a8d8ac@group-6911E2D50CC5, cid=1094, SUCCESS, logIndex=1907, commits[ffc7b071-00b3-4a69-8de5-2639a1a8d8ac:c1907]
2019-06-12 16:04:51,250 INFO  client.GrpcClientProtocolClient (GrpcClientProtocolClient.java:onNext(254)) - client-7F7296B99608->ffc7b071-00b3-4a69-8de5-2639a1a8d8ac: receive RaftClientReply:client-7F7296B99608->ffc7b071-00b3-4a69-8de5-2639a1a8d8ac@group-6911E2D50CC5, cid=1095, SUCCESS, logIndex=1908, commits[ffc7b071-00b3-4a69-8de5-2639a1a8d8ac:c1910]
2019-06-12 16:04:51,250 INFO  client.GrpcClientProtocolClient (GrpcClientProtocolClient.java:onNext(254)) - client-7F7296B99608->ffc7b071-00b3-4a69-8de5-2639a1a8d8ac: receive RaftClientReply:client-7F7296B99608->ffc7b071-00b3-4a69-8de5-2639a1a8d8ac@group-6911E2D50CC5, cid=1096, SUCCESS, logIndex=1910, commits[ffc7b071-00b3-4a69-8de5-2639a1a8d8ac:c1910]
2019-06-12 16:04:51,259 INFO  client.GrpcClientProtocolClient (GrpcClientProtocolClient.java:onNext(254)) - client-7F7296B99608->ffc7b071-00b3-4a69-8de5-2639a1a8d8ac: receive RaftClientReply:client-7F7296B99608->ffc7b071-00b3-4a69-8de5-2639a1a8d8ac@group-6911E2D50CC5, cid=1097, SUCCESS, logIndex=1912, commits[ffc7b071-00b3-4a69-8de5-2639a1a8d8ac:c1912]
2019-06-12 16:04:51,262 INFO  client.GrpcClientProtocolClient (GrpcClientProtocolClient.java:onNext(254)) - client-7F7296B99608->ffc7b071-00b3-4a69-8de5-2639a1a8d8ac: receive RaftClientReply:client-7F7296B99608->ffc7b071-00b3-4a69-8de5-2639a1a8d8ac@group-6911E2D50CC5, cid=1098, SUCCESS, logIndex=1914, commits[ffc7b071-00b3-4a69-8de5-2639a1a8d8ac:c1914]
2019-06-12 16:04:51,262 INFO  client.GrpcClientProtocolClient (GrpcClientProtocolClient.java:onNext(254)) - client-7F7296B99608->ffc7b071-00b3-4a69-8de5-2639a1a8d8ac: receive RaftClientReply:client-7F7296B99608->ffc7b071-00b3-4a69-8de5-2639a1a8d8ac@group-6911E2D50CC5, cid=1099, SUCCESS, logIndex=1915, commits[ffc7b071-00b3-4a69-8de5-2639a1a8d8ac:c1917]
2019-06-12 16:04:51,263 INFO  client.GrpcClientProtocolClient (GrpcClientProtocolClient.java:onNext(254)) - client-7F7296B99608->ffc7b071-00b3-4a69-8de5-2639a1a8d8ac: receive RaftClientReply:client-7F7296B99608->ffc7b071-00b3-4a69-8de5-2639a1a8d8ac@group-6911E2D50CC5, cid=1100, SUCCESS, logIndex=1917, commits[ffc7b071-00b3-4a69-8de5-2639a1a8d8ac:c1918]
2019-06-12 16:04:51,268 INFO  client.GrpcClientProtocolClient (GrpcClientProtocolClient.java:onNext(254)) - client-7F7296B99608->ffc7b071-00b3-4a69-8de5-2639a1a8d8ac: receive RaftClientReply:client-7F7296B99608->ffc7b071-00b3-4a69-8de5-2639a1a8d8ac@group-6911E2D50CC5, cid=1101, SUCCESS, logIndex=1919, commits[ffc7b071-00b3-4a69-8de5-2639a1a8d8ac:c1919]
2019-06-12 16:04:51,270 INFO  client.GrpcClientProtocolClient (GrpcClientProtocolClient.java:onNext(254)) - client-7F7296B99608->ffc7b071-00b3-4a69-8de5-2639a1a8d8ac: receive RaftClientReply:client-7F7296B99608->ffc7b071-00b3-4a69-8de5-2639a1a8d8ac@group-6911E2D50CC5, cid=1102, SUCCESS, logIndex=1921, commits[ffc7b071-00b3-4a69-8de5-2639a1a8d8ac:c1921]
2019-06-12 16:04:51,271 INFO  client.GrpcClientProtocolClient (GrpcClientProtocolClient.java:onNext(254)) - client-7F7296B99608->ffc7b071-00b3-4a69-8de5-2639a1a8d8ac: receive RaftClientReply:client-7F7296B99608->ffc7b071-00b3-4a69-8de5-2639a1a8d8ac@group-6911E2D50CC5, cid=1103, SUCCESS, logIndex=1922, commits[ffc7b071-00b3-4a69-8de5-2639a1a8d8ac:c1924]
2019-06-12 16:04:51,274 INFO  client.GrpcClientProtocolClient (GrpcClientProtocolClient.java:onNext(254)) - client-7F7296B99608->ffc7b071-00b3-4a69-8de5-2639a1a8d8ac: receive RaftClientReply:client-7F7296B99608->ffc7b071-00b3-4a69-8de5-2639a1a8d8ac@group-6911E2D50CC5, cid=1104, SUCCESS, logIndex=1923, commits[ffc7b071-00b3-4a69-8de5-2639a1a8d8ac:c1924]
2019-06-12 16:04:51,329 DEBUG block.SCMBlockDeletingService (SCMBlockDeletingService.java:call(138)) - Running DeletedBlockTransactionScanner
2019-06-12 16:04:51,329 DEBUG block.SCMBlockDeletingService (SCMBlockDeletingService.java:call(155)) - Scanned deleted blocks log and got 0 delTX to process.
2019-06-12 16:04:51,352 INFO  client.GrpcClientProtocolClient (GrpcClientProtocolClient.java:onNext(254)) - client-7F7296B99608->ffc7b071-00b3-4a69-8de5-2639a1a8d8ac: receive RaftClientReply:client-7F7296B99608->ffc7b071-00b3-4a69-8de5-2639a1a8d8ac@group-6911E2D50CC5, cid=1105, SUCCESS, logIndex=1925, commits[ffc7b071-00b3-4a69-8de5-2639a1a8d8ac:c1925]
2019-06-12 16:04:51,353 INFO  client.GrpcClientProtocolClient (GrpcClientProtocolClient.java:onNext(254)) - client-7F7296B99608->ffc7b071-00b3-4a69-8de5-2639a1a8d8ac: receive RaftClientReply:client-7F7296B99608->ffc7b071-00b3-4a69-8de5-2639a1a8d8ac@group-6911E2D50CC5, cid=1106, SUCCESS, logIndex=1927, commits[ffc7b071-00b3-4a69-8de5-2639a1a8d8ac:c1927]
2019-06-12 16:04:51,355 INFO  client.GrpcClientProtocolClient (GrpcClientProtocolClient.java:onNext(254)) - client-7F7296B99608->ffc7b071-00b3-4a69-8de5-2639a1a8d8ac: receive RaftClientReply:client-7F7296B99608->ffc7b071-00b3-4a69-8de5-2639a1a8d8ac@group-6911E2D50CC5, cid=1107, SUCCESS, logIndex=1928, commits[ffc7b071-00b3-4a69-8de5-2639a1a8d8ac:c1930]
2019-06-12 16:04:51,355 INFO  client.GrpcClientProtocolClient (GrpcClientProtocolClient.java:onNext(254)) - client-7F7296B99608->ffc7b071-00b3-4a69-8de5-2639a1a8d8ac: receive RaftClientReply:client-7F7296B99608->ffc7b071-00b3-4a69-8de5-2639a1a8d8ac@group-6911E2D50CC5, cid=1108, SUCCESS, logIndex=1930, commits[ffc7b071-00b3-4a69-8de5-2639a1a8d8ac:c1930]
2019-06-12 16:04:51,366 INFO  client.GrpcClientProtocolClient (GrpcClientProtocolClient.java:onNext(254)) - client-7F7296B99608->ffc7b071-00b3-4a69-8de5-2639a1a8d8ac: receive RaftClientReply:client-7F7296B99608->ffc7b071-00b3-4a69-8de5-2639a1a8d8ac@group-6911E2D50CC5, cid=1109, SUCCESS, logIndex=1932, commits[ffc7b071-00b3-4a69-8de5-2639a1a8d8ac:c1932]
2019-06-12 16:04:51,367 INFO  storage.RaftLogWorker (RaftLogWorker.java:rollLogSegment(303)) - ffc7b071-00b3-4a69-8de5-2639a1a8d8ac-RaftLogWorker: Rolling segment log-1866_1935 to index:1935
2019-06-12 16:04:51,368 INFO  storage.RaftLogWorker (RaftLogWorker.java:execute(433)) - ffc7b071-00b3-4a69-8de5-2639a1a8d8ac-RaftLogWorker: Rolled log segment from /opt/src/hadoop-ozone/integration-test/target/test-dir/MiniOzoneClusterImpl-a1c7246e-c692-4524-ad55-32b507b20431/datanode-0/data/ratis/4417d833-4fb6-4fa2-9413-6911e2d50cc5/current/log_inprogress_1866 to /opt/src/hadoop-ozone/integration-test/target/test-dir/MiniOzoneClusterImpl-a1c7246e-c692-4524-ad55-32b507b20431/datanode-0/data/ratis/4417d833-4fb6-4fa2-9413-6911e2d50cc5/current/log_1866-1935
2019-06-12 16:04:51,369 INFO  client.GrpcClientProtocolClient (GrpcClientProtocolClient.java:onNext(254)) - client-7F7296B99608->ffc7b071-00b3-4a69-8de5-2639a1a8d8ac: receive RaftClientReply:client-7F7296B99608->ffc7b071-00b3-4a69-8de5-2639a1a8d8ac@group-6911E2D50CC5, cid=1110, SUCCESS, logIndex=1934, commits[ffc7b071-00b3-4a69-8de5-2639a1a8d8ac:c1934]
2019-06-12 16:04:51,370 INFO  client.GrpcClientProtocolClient (GrpcClientProtocolClient.java:onNext(254)) - client-7F7296B99608->ffc7b071-00b3-4a69-8de5-2639a1a8d8ac: receive RaftClientReply:client-7F7296B99608->ffc7b071-00b3-4a69-8de5-2639a1a8d8ac@group-6911E2D50CC5, cid=1111, SUCCESS, logIndex=1935, commits[ffc7b071-00b3-4a69-8de5-2639a1a8d8ac:c1935]
2019-06-12 16:04:51,403 INFO  storage.RaftLogWorker (RaftLogWorker.java:execute(469)) - ffc7b071-00b3-4a69-8de5-2639a1a8d8ac-RaftLogWorker: created new log segment /opt/src/hadoop-ozone/integration-test/target/test-dir/MiniOzoneClusterImpl-a1c7246e-c692-4524-ad55-32b507b20431/datanode-0/data/ratis/4417d833-4fb6-4fa2-9413-6911e2d50cc5/current/log_inprogress_1936
2019-06-12 16:04:51,406 INFO  client.GrpcClientProtocolClient (GrpcClientProtocolClient.java:onNext(254)) - client-7F7296B99608->ffc7b071-00b3-4a69-8de5-2639a1a8d8ac: receive RaftClientReply:client-7F7296B99608->ffc7b071-00b3-4a69-8de5-2639a1a8d8ac@group-6911E2D50CC5, cid=1112, SUCCESS, logIndex=1936, commits[ffc7b071-00b3-4a69-8de5-2639a1a8d8ac:c1938]
2019-06-12 16:04:51,416 INFO  client.GrpcClientProtocolClient (GrpcClientProtocolClient.java:onNext(254)) - client-7F7296B99608->ffc7b071-00b3-4a69-8de5-2639a1a8d8ac: receive RaftClientReply:client-7F7296B99608->ffc7b071-00b3-4a69-8de5-2639a1a8d8ac@group-6911E2D50CC5, cid=1113, SUCCESS, logIndex=1939, commits[ffc7b071-00b3-4a69-8de5-2639a1a8d8ac:c1939]
2019-06-12 16:04:51,417 INFO  client.GrpcClientProtocolClient (GrpcClientProtocolClient.java:onNext(254)) - client-7F7296B99608->ffc7b071-00b3-4a69-8de5-2639a1a8d8ac: receive RaftClientReply:client-7F7296B99608->ffc7b071-00b3-4a69-8de5-2639a1a8d8ac@group-6911E2D50CC5, cid=1114, SUCCESS, logIndex=1941, commits[ffc7b071-00b3-4a69-8de5-2639a1a8d8ac:c1941]
2019-06-12 16:04:51,418 INFO  client.GrpcClientProtocolClient (GrpcClientProtocolClient.java:onNext(254)) - client-7F7296B99608->ffc7b071-00b3-4a69-8de5-2639a1a8d8ac: receive RaftClientReply:client-7F7296B99608->ffc7b071-00b3-4a69-8de5-2639a1a8d8ac@group-6911E2D50CC5, cid=1115, SUCCESS, logIndex=1942, commits[ffc7b071-00b3-4a69-8de5-2639a1a8d8ac:c1944]
2019-06-12 16:04:51,419 INFO  client.GrpcClientProtocolClient (GrpcClientProtocolClient.java:onNext(254)) - client-7F7296B99608->ffc7b071-00b3-4a69-8de5-2639a1a8d8ac: receive RaftClientReply:client-7F7296B99608->ffc7b071-00b3-4a69-8de5-2639a1a8d8ac@group-6911E2D50CC5, cid=1116, SUCCESS, logIndex=1943, commits[ffc7b071-00b3-4a69-8de5-2639a1a8d8ac:c1944]
2019-06-12 16:04:51,425 INFO  client.GrpcClientProtocolClient (GrpcClientProtocolClient.java:onNext(254)) - client-7F7296B99608->ffc7b071-00b3-4a69-8de5-2639a1a8d8ac: receive RaftClientReply:client-7F7296B99608->ffc7b071-00b3-4a69-8de5-2639a1a8d8ac@group-6911E2D50CC5, cid=1117, SUCCESS, logIndex=1945, commits[ffc7b071-00b3-4a69-8de5-2639a1a8d8ac:c1945]
2019-06-12 16:04:51,427 INFO  client.GrpcClientProtocolClient (GrpcClientProtocolClient.java:onNext(254)) - client-7F7296B99608->ffc7b071-00b3-4a69-8de5-2639a1a8d8ac: receive RaftClientReply:client-7F7296B99608->ffc7b071-00b3-4a69-8de5-2639a1a8d8ac@group-6911E2D50CC5, cid=1118, SUCCESS, logIndex=1947, commits[ffc7b071-00b3-4a69-8de5-2639a1a8d8ac:c1947]
2019-06-12 16:04:51,427 INFO  client.GrpcClientProtocolClient (GrpcClientProtocolClient.java:onNext(254)) - client-7F7296B99608->ffc7b071-00b3-4a69-8de5-2639a1a8d8ac: receive RaftClientReply:client-7F7296B99608->ffc7b071-00b3-4a69-8de5-2639a1a8d8ac@group-6911E2D50CC5, cid=1119, SUCCESS, logIndex=1948, commits[ffc7b071-00b3-4a69-8de5-2639a1a8d8ac:c1950]
2019-06-12 16:04:51,428 INFO  client.GrpcClientProtocolClient (GrpcClientProtocolClient.java:onNext(254)) - client-7F7296B99608->ffc7b071-00b3-4a69-8de5-2639a1a8d8ac: receive RaftClientReply:client-7F7296B99608->ffc7b071-00b3-4a69-8de5-2639a1a8d8ac@group-6911E2D50CC5, cid=1120, SUCCESS, logIndex=1949, commits[ffc7b071-00b3-4a69-8de5-2639a1a8d8ac:c1950]
2019-06-12 16:04:51,429 DEBUG block.SCMBlockDeletingService (SCMBlockDeletingService.java:call(138)) - Running DeletedBlockTransactionScanner
2019-06-12 16:04:51,430 DEBUG block.SCMBlockDeletingService (SCMBlockDeletingService.java:call(155)) - Scanned deleted blocks log and got 0 delTX to process.
2019-06-12 16:04:51,438 INFO  client.GrpcClientProtocolClient (GrpcClientProtocolClient.java:onNext(254)) - client-7F7296B99608->ffc7b071-00b3-4a69-8de5-2639a1a8d8ac: receive RaftClientReply:client-7F7296B99608->ffc7b071-00b3-4a69-8de5-2639a1a8d8ac@group-6911E2D50CC5, cid=1121, SUCCESS, logIndex=1951, commits[ffc7b071-00b3-4a69-8de5-2639a1a8d8ac:c1951]
2019-06-12 16:04:51,440 INFO  client.GrpcClientProtocolClient (GrpcClientProtocolClient.java:onNext(254)) - client-7F7296B99608->ffc7b071-00b3-4a69-8de5-2639a1a8d8ac: receive RaftClientReply:client-7F7296B99608->ffc7b071-00b3-4a69-8de5-2639a1a8d8ac@group-6911E2D50CC5, cid=1122, SUCCESS, logIndex=1953, commits[ffc7b071-00b3-4a69-8de5-2639a1a8d8ac:c1953]
2019-06-12 16:04:51,441 INFO  client.GrpcClientProtocolClient (GrpcClientProtocolClient.java:onNext(254)) - client-7F7296B99608->ffc7b071-00b3-4a69-8de5-2639a1a8d8ac: receive RaftClientReply:client-7F7296B99608->ffc7b071-00b3-4a69-8de5-2639a1a8d8ac@group-6911E2D50CC5, cid=1123, SUCCESS, logIndex=1954, commits[ffc7b071-00b3-4a69-8de5-2639a1a8d8ac:c1955]
2019-06-12 16:04:51,441 INFO  client.GrpcClientProtocolClient (GrpcClientProtocolClient.java:onNext(254)) - client-7F7296B99608->ffc7b071-00b3-4a69-8de5-2639a1a8d8ac: receive RaftClientReply:client-7F7296B99608->ffc7b071-00b3-4a69-8de5-2639a1a8d8ac@group-6911E2D50CC5, cid=1124, SUCCESS, logIndex=1955, commits[ffc7b071-00b3-4a69-8de5-2639a1a8d8ac:c1955]
2019-06-12 16:04:51,447 INFO  client.GrpcClientProtocolClient (GrpcClientProtocolClient.java:onNext(254)) - client-7F7296B99608->ffc7b071-00b3-4a69-8de5-2639a1a8d8ac: receive RaftClientReply:client-7F7296B99608->ffc7b071-00b3-4a69-8de5-2639a1a8d8ac@group-6911E2D50CC5, cid=1125, SUCCESS, logIndex=1958, commits[ffc7b071-00b3-4a69-8de5-2639a1a8d8ac:c1958]
2019-06-12 16:04:51,449 INFO  client.GrpcClientProtocolClient (GrpcClientProtocolClient.java:onNext(254)) - client-7F7296B99608->ffc7b071-00b3-4a69-8de5-2639a1a8d8ac: receive RaftClientReply:client-7F7296B99608->ffc7b071-00b3-4a69-8de5-2639a1a8d8ac@group-6911E2D50CC5, cid=1126, SUCCESS, logIndex=1960, commits[ffc7b071-00b3-4a69-8de5-2639a1a8d8ac:c1960]
2019-06-12 16:04:51,449 INFO  client.GrpcClientProtocolClient (GrpcClientProtocolClient.java:onNext(254)) - client-7F7296B99608->ffc7b071-00b3-4a69-8de5-2639a1a8d8ac: receive RaftClientReply:client-7F7296B99608->ffc7b071-00b3-4a69-8de5-2639a1a8d8ac@group-6911E2D50CC5, cid=1127, SUCCESS, logIndex=1961, commits[ffc7b071-00b3-4a69-8de5-2639a1a8d8ac:c1963]
2019-06-12 16:04:51,449 INFO  client.GrpcClientProtocolClient (GrpcClientProtocolClient.java:onNext(254)) - client-7F7296B99608->ffc7b071-00b3-4a69-8de5-2639a1a8d8ac: receive RaftClientReply:client-7F7296B99608->ffc7b071-00b3-4a69-8de5-2639a1a8d8ac@group-6911E2D50CC5, cid=1128, SUCCESS, logIndex=1962, commits[ffc7b071-00b3-4a69-8de5-2639a1a8d8ac:c1963]
2019-06-12 16:04:51,459 INFO  client.GrpcClientProtocolClient (GrpcClientProtocolClient.java:onNext(254)) - client-7F7296B99608->ffc7b071-00b3-4a69-8de5-2639a1a8d8ac: receive RaftClientReply:client-7F7296B99608->ffc7b071-00b3-4a69-8de5-2639a1a8d8ac@group-6911E2D50CC5, cid=1129, SUCCESS, logIndex=1964, commits[ffc7b071-00b3-4a69-8de5-2639a1a8d8ac:c1964]
2019-06-12 16:04:51,460 INFO  client.GrpcClientProtocolClient (GrpcClientProtocolClient.java:onNext(254)) - client-7F7296B99608->ffc7b071-00b3-4a69-8de5-2639a1a8d8ac: receive RaftClientReply:client-7F7296B99608->ffc7b071-00b3-4a69-8de5-2639a1a8d8ac@group-6911E2D50CC5, cid=1130, SUCCESS, logIndex=1966, commits[ffc7b071-00b3-4a69-8de5-2639a1a8d8ac:c1966]
2019-06-12 16:04:51,462 INFO  client.GrpcClientProtocolClient (GrpcClientProtocolClient.java:onNext(254)) - client-7F7296B99608->ffc7b071-00b3-4a69-8de5-2639a1a8d8ac: receive RaftClientReply:client-7F7296B99608->ffc7b071-00b3-4a69-8de5-2639a1a8d8ac@group-6911E2D50CC5, cid=1131, SUCCESS, logIndex=1967, commits[ffc7b071-00b3-4a69-8de5-2639a1a8d8ac:c1969]
2019-06-12 16:04:51,462 INFO  client.GrpcClientProtocolClient (GrpcClientProtocolClient.java:onNext(254)) - client-7F7296B99608->ffc7b071-00b3-4a69-8de5-2639a1a8d8ac: receive RaftClientReply:client-7F7296B99608->ffc7b071-00b3-4a69-8de5-2639a1a8d8ac@group-6911E2D50CC5, cid=1132, SUCCESS, logIndex=1969, commits[ffc7b071-00b3-4a69-8de5-2639a1a8d8ac:c1969]
2019-06-12 16:04:51,467 INFO  client.GrpcClientProtocolClient (GrpcClientProtocolClient.java:onNext(254)) - client-7F7296B99608->ffc7b071-00b3-4a69-8de5-2639a1a8d8ac: receive RaftClientReply:client-7F7296B99608->ffc7b071-00b3-4a69-8de5-2639a1a8d8ac@group-6911E2D50CC5, cid=1133, SUCCESS, logIndex=1971, commits[ffc7b071-00b3-4a69-8de5-2639a1a8d8ac:c1971]
2019-06-12 16:04:51,468 INFO  client.GrpcClientProtocolClient (GrpcClientProtocolClient.java:onNext(254)) - client-7F7296B99608->ffc7b071-00b3-4a69-8de5-2639a1a8d8ac: receive RaftClientReply:client-7F7296B99608->ffc7b071-00b3-4a69-8de5-2639a1a8d8ac@group-6911E2D50CC5, cid=1134, SUCCESS, logIndex=1973, commits[ffc7b071-00b3-4a69-8de5-2639a1a8d8ac:c1973]
2019-06-12 16:04:51,470 INFO  client.GrpcClientProtocolClient (GrpcClientProtocolClient.java:onNext(254)) - client-7F7296B99608->ffc7b071-00b3-4a69-8de5-2639a1a8d8ac: receive RaftClientReply:client-7F7296B99608->ffc7b071-00b3-4a69-8de5-2639a1a8d8ac@group-6911E2D50CC5, cid=1135, SUCCESS, logIndex=1974, commits[ffc7b071-00b3-4a69-8de5-2639a1a8d8ac:c1976]
2019-06-12 16:04:51,471 INFO  client.GrpcClientProtocolClient (GrpcClientProtocolClient.java:onNext(254)) - client-7F7296B99608->ffc7b071-00b3-4a69-8de5-2639a1a8d8ac: receive RaftClientReply:client-7F7296B99608->ffc7b071-00b3-4a69-8de5-2639a1a8d8ac@group-6911E2D50CC5, cid=1136, SUCCESS, logIndex=1976, commits[ffc7b071-00b3-4a69-8de5-2639a1a8d8ac:c1976]
2019-06-12 16:04:51,480 INFO  client.GrpcClientProtocolClient (GrpcClientProtocolClient.java:onNext(254)) - client-7F7296B99608->ffc7b071-00b3-4a69-8de5-2639a1a8d8ac: receive RaftClientReply:client-7F7296B99608->ffc7b071-00b3-4a69-8de5-2639a1a8d8ac@group-6911E2D50CC5, cid=1137, SUCCESS, logIndex=1978, commits[ffc7b071-00b3-4a69-8de5-2639a1a8d8ac:c1978]
2019-06-12 16:04:51,482 INFO  client.GrpcClientProtocolClient (GrpcClientProtocolClient.java:onNext(254)) - client-7F7296B99608->ffc7b071-00b3-4a69-8de5-2639a1a8d8ac: receive RaftClientReply:client-7F7296B99608->ffc7b071-00b3-4a69-8de5-2639a1a8d8ac@group-6911E2D50CC5, cid=1138, SUCCESS, logIndex=1980, commits[ffc7b071-00b3-4a69-8de5-2639a1a8d8ac:c1980]
2019-06-12 16:04:51,483 INFO  client.GrpcClientProtocolClient (GrpcClientProtocolClient.java:onNext(254)) - client-7F7296B99608->ffc7b071-00b3-4a69-8de5-2639a1a8d8ac: receive RaftClientReply:client-7F7296B99608->ffc7b071-00b3-4a69-8de5-2639a1a8d8ac@group-6911E2D50CC5, cid=1139, SUCCESS, logIndex=1981, commits[ffc7b071-00b3-4a69-8de5-2639a1a8d8ac:c1983]
2019-06-12 16:04:51,484 INFO  client.GrpcClientProtocolClient (GrpcClientProtocolClient.java:onNext(254)) - client-7F7296B99608->ffc7b071-00b3-4a69-8de5-2639a1a8d8ac: receive RaftClientReply:client-7F7296B99608->ffc7b071-00b3-4a69-8de5-2639a1a8d8ac@group-6911E2D50CC5, cid=1140, SUCCESS, logIndex=1983, commits[ffc7b071-00b3-4a69-8de5-2639a1a8d8ac:c1983]
2019-06-12 16:04:51,489 INFO  client.GrpcClientProtocolClient (GrpcClientProtocolClient.java:onNext(254)) - client-7F7296B99608->ffc7b071-00b3-4a69-8de5-2639a1a8d8ac: receive RaftClientReply:client-7F7296B99608->ffc7b071-00b3-4a69-8de5-2639a1a8d8ac@group-6911E2D50CC5, cid=1141, SUCCESS, logIndex=1985, commits[ffc7b071-00b3-4a69-8de5-2639a1a8d8ac:c1985]
2019-06-12 16:04:51,491 INFO  client.GrpcClientProtocolClient (GrpcClientProtocolClient.java:onNext(254)) - client-7F7296B99608->ffc7b071-00b3-4a69-8de5-2639a1a8d8ac: receive RaftClientReply:client-7F7296B99608->ffc7b071-00b3-4a69-8de5-2639a1a8d8ac@group-6911E2D50CC5, cid=1142, SUCCESS, logIndex=1987, commits[ffc7b071-00b3-4a69-8de5-2639a1a8d8ac:c1987]
2019-06-12 16:04:51,492 INFO  client.GrpcClientProtocolClient (GrpcClientProtocolClient.java:onNext(254)) - client-7F7296B99608->ffc7b071-00b3-4a69-8de5-2639a1a8d8ac: receive RaftClientReply:client-7F7296B99608->ffc7b071-00b3-4a69-8de5-2639a1a8d8ac@group-6911E2D50CC5, cid=1143, SUCCESS, logIndex=1988, commits[ffc7b071-00b3-4a69-8de5-2639a1a8d8ac:c1990]
2019-06-12 16:04:51,493 INFO  client.GrpcClientProtocolClient (GrpcClientProtocolClient.java:onNext(254)) - client-7F7296B99608->ffc7b071-00b3-4a69-8de5-2639a1a8d8ac: receive RaftClientReply:client-7F7296B99608->ffc7b071-00b3-4a69-8de5-2639a1a8d8ac@group-6911E2D50CC5, cid=1144, SUCCESS, logIndex=1989, commits[ffc7b071-00b3-4a69-8de5-2639a1a8d8ac:c1990]
2019-06-12 16:04:51,502 INFO  client.GrpcClientProtocolClient (GrpcClientProtocolClient.java:onNext(254)) - client-7F7296B99608->ffc7b071-00b3-4a69-8de5-2639a1a8d8ac: receive RaftClientReply:client-7F7296B99608->ffc7b071-00b3-4a69-8de5-2639a1a8d8ac@group-6911E2D50CC5, cid=1145, SUCCESS, logIndex=1991, commits[ffc7b071-00b3-4a69-8de5-2639a1a8d8ac:c1991]
2019-06-12 16:04:51,504 INFO  client.GrpcClientProtocolClient (GrpcClientProtocolClient.java:onNext(254)) - client-7F7296B99608->ffc7b071-00b3-4a69-8de5-2639a1a8d8ac: receive RaftClientReply:client-7F7296B99608->ffc7b071-00b3-4a69-8de5-2639a1a8d8ac@group-6911E2D50CC5, cid=1146, SUCCESS, logIndex=1993, commits[ffc7b071-00b3-4a69-8de5-2639a1a8d8ac:c1993]
2019-06-12 16:04:51,505 INFO  client.GrpcClientProtocolClient (GrpcClientProtocolClient.java:onNext(254)) - client-7F7296B99608->ffc7b071-00b3-4a69-8de5-2639a1a8d8ac: receive RaftClientReply:client-7F7296B99608->ffc7b071-00b3-4a69-8de5-2639a1a8d8ac@group-6911E2D50CC5, cid=1147, SUCCESS, logIndex=1994, commits[ffc7b071-00b3-4a69-8de5-2639a1a8d8ac:c1996]
2019-06-12 16:04:51,505 INFO  client.GrpcClientProtocolClient (GrpcClientProtocolClient.java:onNext(254)) - client-7F7296B99608->ffc7b071-00b3-4a69-8de5-2639a1a8d8ac: receive RaftClientReply:client-7F7296B99608->ffc7b071-00b3-4a69-8de5-2639a1a8d8ac@group-6911E2D50CC5, cid=1148, SUCCESS, logIndex=1995, commits[ffc7b071-00b3-4a69-8de5-2639a1a8d8ac:c1996]
2019-06-12 16:04:51,530 DEBUG block.SCMBlockDeletingService (SCMBlockDeletingService.java:call(138)) - Running DeletedBlockTransactionScanner
2019-06-12 16:04:51,530 DEBUG block.SCMBlockDeletingService (SCMBlockDeletingService.java:call(155)) - Scanned deleted blocks log and got 0 delTX to process.
2019-06-12 16:04:51,576 INFO  client.GrpcClientProtocolClient (GrpcClientProtocolClient.java:onNext(254)) - client-7F7296B99608->ffc7b071-00b3-4a69-8de5-2639a1a8d8ac: receive RaftClientReply:client-7F7296B99608->ffc7b071-00b3-4a69-8de5-2639a1a8d8ac@group-6911E2D50CC5, cid=1149, SUCCESS, logIndex=1997, commits[ffc7b071-00b3-4a69-8de5-2639a1a8d8ac:c1997]
2019-06-12 16:04:51,578 INFO  client.GrpcClientProtocolClient (GrpcClientProtocolClient.java:onNext(254)) - client-7F7296B99608->ffc7b071-00b3-4a69-8de5-2639a1a8d8ac: receive RaftClientReply:client-7F7296B99608->ffc7b071-00b3-4a69-8de5-2639a1a8d8ac@group-6911E2D50CC5, cid=1150, SUCCESS, logIndex=1999, commits[ffc7b071-00b3-4a69-8de5-2639a1a8d8ac:c1999]
2019-06-12 16:04:51,579 INFO  client.GrpcClientProtocolClient (GrpcClientProtocolClient.java:onNext(254)) - client-7F7296B99608->ffc7b071-00b3-4a69-8de5-2639a1a8d8ac: receive RaftClientReply:client-7F7296B99608->ffc7b071-00b3-4a69-8de5-2639a1a8d8ac@group-6911E2D50CC5, cid=1151, SUCCESS, logIndex=2000, commits[ffc7b071-00b3-4a69-8de5-2639a1a8d8ac:c2002]
2019-06-12 16:04:51,581 INFO  client.GrpcClientProtocolClient (GrpcClientProtocolClient.java:onNext(254)) - client-7F7296B99608->ffc7b071-00b3-4a69-8de5-2639a1a8d8ac: receive RaftClientReply:client-7F7296B99608->ffc7b071-00b3-4a69-8de5-2639a1a8d8ac@group-6911E2D50CC5, cid=1152, SUCCESS, logIndex=2002, commits[ffc7b071-00b3-4a69-8de5-2639a1a8d8ac:c2002]
2019-06-12 16:04:51,593 INFO  client.GrpcClientProtocolClient (GrpcClientProtocolClient.java:onNext(254)) - client-7F7296B99608->ffc7b071-00b3-4a69-8de5-2639a1a8d8ac: receive RaftClientReply:client-7F7296B99608->ffc7b071-00b3-4a69-8de5-2639a1a8d8ac@group-6911E2D50CC5, cid=1153, SUCCESS, logIndex=2004, commits[ffc7b071-00b3-4a69-8de5-2639a1a8d8ac:c2004]
2019-06-12 16:04:51,595 INFO  client.GrpcClientProtocolClient (GrpcClientProtocolClient.java:onNext(254)) - client-7F7296B99608->ffc7b071-00b3-4a69-8de5-2639a1a8d8ac: receive RaftClientReply:client-7F7296B99608->ffc7b071-00b3-4a69-8de5-2639a1a8d8ac@group-6911E2D50CC5, cid=1154, SUCCESS, logIndex=2006, commits[ffc7b071-00b3-4a69-8de5-2639a1a8d8ac:c2006]
2019-06-12 16:04:51,595 INFO  storage.RaftLogWorker (RaftLogWorker.java:rollLogSegment(303)) - ffc7b071-00b3-4a69-8de5-2639a1a8d8ac-RaftLogWorker: Rolling segment log-1936_2007 to index:2007
2019-06-12 16:04:51,595 INFO  storage.RaftLogWorker (RaftLogWorker.java:execute(433)) - ffc7b071-00b3-4a69-8de5-2639a1a8d8ac-RaftLogWorker: Rolled log segment from /opt/src/hadoop-ozone/integration-test/target/test-dir/MiniOzoneClusterImpl-a1c7246e-c692-4524-ad55-32b507b20431/datanode-0/data/ratis/4417d833-4fb6-4fa2-9413-6911e2d50cc5/current/log_inprogress_1936 to /opt/src/hadoop-ozone/integration-test/target/test-dir/MiniOzoneClusterImpl-a1c7246e-c692-4524-ad55-32b507b20431/datanode-0/data/ratis/4417d833-4fb6-4fa2-9413-6911e2d50cc5/current/log_1936-2007
2019-06-12 16:04:51,630 DEBUG block.SCMBlockDeletingService (SCMBlockDeletingService.java:call(138)) - Running DeletedBlockTransactionScanner
2019-06-12 16:04:51,630 DEBUG block.SCMBlockDeletingService (SCMBlockDeletingService.java:call(155)) - Scanned deleted blocks log and got 0 delTX to process.
2019-06-12 16:04:51,642 INFO  storage.RaftLogWorker (RaftLogWorker.java:execute(469)) - ffc7b071-00b3-4a69-8de5-2639a1a8d8ac-RaftLogWorker: created new log segment /opt/src/hadoop-ozone/integration-test/target/test-dir/MiniOzoneClusterImpl-a1c7246e-c692-4524-ad55-32b507b20431/datanode-0/data/ratis/4417d833-4fb6-4fa2-9413-6911e2d50cc5/current/log_inprogress_2008
2019-06-12 16:04:51,645 INFO  client.GrpcClientProtocolClient (GrpcClientProtocolClient.java:onNext(254)) - client-7F7296B99608->ffc7b071-00b3-4a69-8de5-2639a1a8d8ac: receive RaftClientReply:client-7F7296B99608->ffc7b071-00b3-4a69-8de5-2639a1a8d8ac@group-6911E2D50CC5, cid=1155, SUCCESS, logIndex=2008, commits[ffc7b071-00b3-4a69-8de5-2639a1a8d8ac:c2009]
2019-06-12 16:04:51,645 INFO  client.GrpcClientProtocolClient (GrpcClientProtocolClient.java:onNext(254)) - client-7F7296B99608->ffc7b071-00b3-4a69-8de5-2639a1a8d8ac: receive RaftClientReply:client-7F7296B99608->ffc7b071-00b3-4a69-8de5-2639a1a8d8ac@group-6911E2D50CC5, cid=1156, SUCCESS, logIndex=2009, commits[ffc7b071-00b3-4a69-8de5-2639a1a8d8ac:c2010]
2019-06-12 16:04:51,651 INFO  client.GrpcClientProtocolClient (GrpcClientProtocolClient.java:onNext(254)) - client-7F7296B99608->ffc7b071-00b3-4a69-8de5-2639a1a8d8ac: receive RaftClientReply:client-7F7296B99608->ffc7b071-00b3-4a69-8de5-2639a1a8d8ac@group-6911E2D50CC5, cid=1157, SUCCESS, logIndex=2011, commits[ffc7b071-00b3-4a69-8de5-2639a1a8d8ac:c2011]
2019-06-12 16:04:51,653 INFO  client.GrpcClientProtocolClient (GrpcClientProtocolClient.java:onNext(254)) - client-7F7296B99608->ffc7b071-00b3-4a69-8de5-2639a1a8d8ac: receive RaftClientReply:client-7F7296B99608->ffc7b071-00b3-4a69-8de5-2639a1a8d8ac@group-6911E2D50CC5, cid=1158, SUCCESS, logIndex=2013, commits[ffc7b071-00b3-4a69-8de5-2639a1a8d8ac:c2013]
2019-06-12 16:04:51,654 INFO  client.GrpcClientProtocolClient (GrpcClientProtocolClient.java:onNext(254)) - client-7F7296B99608->ffc7b071-00b3-4a69-8de5-2639a1a8d8ac: receive RaftClientReply:client-7F7296B99608->ffc7b071-00b3-4a69-8de5-2639a1a8d8ac@group-6911E2D50CC5, cid=1159, SUCCESS, logIndex=2014, commits[ffc7b071-00b3-4a69-8de5-2639a1a8d8ac:c2016]
2019-06-12 16:04:51,654 INFO  client.GrpcClientProtocolClient (GrpcClientProtocolClient.java:onNext(254)) - client-7F7296B99608->ffc7b071-00b3-4a69-8de5-2639a1a8d8ac: receive RaftClientReply:client-7F7296B99608->ffc7b071-00b3-4a69-8de5-2639a1a8d8ac@group-6911E2D50CC5, cid=1160, SUCCESS, logIndex=2015, commits[ffc7b071-00b3-4a69-8de5-2639a1a8d8ac:c2016]
2019-06-12 16:04:51,702 INFO  client.GrpcClientProtocolClient (GrpcClientProtocolClient.java:onNext(254)) - client-7F7296B99608->ffc7b071-00b3-4a69-8de5-2639a1a8d8ac: receive RaftClientReply:client-7F7296B99608->ffc7b071-00b3-4a69-8de5-2639a1a8d8ac@group-6911E2D50CC5, cid=1161, SUCCESS, logIndex=2017, commits[ffc7b071-00b3-4a69-8de5-2639a1a8d8ac:c2017]
2019-06-12 16:04:51,703 INFO  client.GrpcClientProtocolClient (GrpcClientProtocolClient.java:onNext(254)) - client-7F7296B99608->ffc7b071-00b3-4a69-8de5-2639a1a8d8ac: receive RaftClientReply:client-7F7296B99608->ffc7b071-00b3-4a69-8de5-2639a1a8d8ac@group-6911E2D50CC5, cid=1162, SUCCESS, logIndex=2019, commits[ffc7b071-00b3-4a69-8de5-2639a1a8d8ac:c2019]
2019-06-12 16:04:51,704 INFO  client.GrpcClientProtocolClient (GrpcClientProtocolClient.java:onNext(254)) - client-7F7296B99608->ffc7b071-00b3-4a69-8de5-2639a1a8d8ac: receive RaftClientReply:client-7F7296B99608->ffc7b071-00b3-4a69-8de5-2639a1a8d8ac@group-6911E2D50CC5, cid=1163, SUCCESS, logIndex=2020, commits[ffc7b071-00b3-4a69-8de5-2639a1a8d8ac:c2022]
2019-06-12 16:04:51,705 INFO  client.GrpcClientProtocolClient (GrpcClientProtocolClient.java:onNext(254)) - client-7F7296B99608->ffc7b071-00b3-4a69-8de5-2639a1a8d8ac: receive RaftClientReply:client-7F7296B99608->ffc7b071-00b3-4a69-8de5-2639a1a8d8ac@group-6911E2D50CC5, cid=1164, SUCCESS, logIndex=2022, commits[ffc7b071-00b3-4a69-8de5-2639a1a8d8ac:c2022]
2019-06-12 16:04:51,711 INFO  client.GrpcClientProtocolClient (GrpcClientProtocolClient.java:onNext(254)) - client-7F7296B99608->ffc7b071-00b3-4a69-8de5-2639a1a8d8ac: receive RaftClientReply:client-7F7296B99608->ffc7b071-00b3-4a69-8de5-2639a1a8d8ac@group-6911E2D50CC5, cid=1165, SUCCESS, logIndex=2024, commits[ffc7b071-00b3-4a69-8de5-2639a1a8d8ac:c2024]
2019-06-12 16:04:51,712 INFO  client.GrpcClientProtocolClient (GrpcClientProtocolClient.java:onNext(254)) - client-7F7296B99608->ffc7b071-00b3-4a69-8de5-2639a1a8d8ac: receive RaftClientReply:client-7F7296B99608->ffc7b071-00b3-4a69-8de5-2639a1a8d8ac@group-6911E2D50CC5, cid=1166, SUCCESS, logIndex=2026, commits[ffc7b071-00b3-4a69-8de5-2639a1a8d8ac:c2026]
2019-06-12 16:04:51,714 INFO  client.GrpcClientProtocolClient (GrpcClientProtocolClient.java:onNext(254)) - client-7F7296B99608->ffc7b071-00b3-4a69-8de5-2639a1a8d8ac: receive RaftClientReply:client-7F7296B99608->ffc7b071-00b3-4a69-8de5-2639a1a8d8ac@group-6911E2D50CC5, cid=1167, SUCCESS, logIndex=2027, commits[ffc7b071-00b3-4a69-8de5-2639a1a8d8ac:c2029]
2019-06-12 16:04:51,714 INFO  client.GrpcClientProtocolClient (GrpcClientProtocolClient.java:onNext(254)) - client-7F7296B99608->ffc7b071-00b3-4a69-8de5-2639a1a8d8ac: receive RaftClientReply:client-7F7296B99608->ffc7b071-00b3-4a69-8de5-2639a1a8d8ac@group-6911E2D50CC5, cid=1168, SUCCESS, logIndex=2028, commits[ffc7b071-00b3-4a69-8de5-2639a1a8d8ac:c2029]
2019-06-12 16:04:51,724 INFO  client.GrpcClientProtocolClient (GrpcClientProtocolClient.java:onNext(254)) - client-7F7296B99608->ffc7b071-00b3-4a69-8de5-2639a1a8d8ac: receive RaftClientReply:client-7F7296B99608->ffc7b071-00b3-4a69-8de5-2639a1a8d8ac@group-6911E2D50CC5, cid=1169, SUCCESS, logIndex=2030, commits[ffc7b071-00b3-4a69-8de5-2639a1a8d8ac:c2030]
2019-06-12 16:04:51,726 INFO  client.GrpcClientProtocolClient (GrpcClientProtocolClient.java:onNext(254)) - client-7F7296B99608->ffc7b071-00b3-4a69-8de5-2639a1a8d8ac: receive RaftClientReply:client-7F7296B99608->ffc7b071-00b3-4a69-8de5-2639a1a8d8ac@group-6911E2D50CC5, cid=1170, SUCCESS, logIndex=2032, commits[ffc7b071-00b3-4a69-8de5-2639a1a8d8ac:c2032]
2019-06-12 16:04:51,727 INFO  client.GrpcClientProtocolClient (GrpcClientProtocolClient.java:onNext(254)) - client-7F7296B99608->ffc7b071-00b3-4a69-8de5-2639a1a8d8ac: receive RaftClientReply:client-7F7296B99608->ffc7b071-00b3-4a69-8de5-2639a1a8d8ac@group-6911E2D50CC5, cid=1171, SUCCESS, logIndex=2033, commits[ffc7b071-00b3-4a69-8de5-2639a1a8d8ac:c2035]
2019-06-12 16:04:51,727 INFO  client.GrpcClientProtocolClient (GrpcClientProtocolClient.java:onNext(254)) - client-7F7296B99608->ffc7b071-00b3-4a69-8de5-2639a1a8d8ac: receive RaftClientReply:client-7F7296B99608->ffc7b071-00b3-4a69-8de5-2639a1a8d8ac@group-6911E2D50CC5, cid=1172, SUCCESS, logIndex=2035, commits[ffc7b071-00b3-4a69-8de5-2639a1a8d8ac:c2035]
2019-06-12 16:04:51,732 DEBUG block.SCMBlockDeletingService (SCMBlockDeletingService.java:call(138)) - Running DeletedBlockTransactionScanner
2019-06-12 16:04:51,732 DEBUG block.SCMBlockDeletingService (SCMBlockDeletingService.java:call(155)) - Scanned deleted blocks log and got 0 delTX to process.
2019-06-12 16:04:51,733 INFO  client.GrpcClientProtocolClient (GrpcClientProtocolClient.java:onNext(254)) - client-7F7296B99608->ffc7b071-00b3-4a69-8de5-2639a1a8d8ac: receive RaftClientReply:client-7F7296B99608->ffc7b071-00b3-4a69-8de5-2639a1a8d8ac@group-6911E2D50CC5, cid=1173, SUCCESS, logIndex=2037, commits[ffc7b071-00b3-4a69-8de5-2639a1a8d8ac:c2037]
2019-06-12 16:04:51,734 INFO  client.GrpcClientProtocolClient (GrpcClientProtocolClient.java:onNext(254)) - client-7F7296B99608->ffc7b071-00b3-4a69-8de5-2639a1a8d8ac: receive RaftClientReply:client-7F7296B99608->ffc7b071-00b3-4a69-8de5-2639a1a8d8ac@group-6911E2D50CC5, cid=1174, SUCCESS, logIndex=2039, commits[ffc7b071-00b3-4a69-8de5-2639a1a8d8ac:c2039]
2019-06-12 16:04:51,735 INFO  client.GrpcClientProtocolClient (GrpcClientProtocolClient.java:onNext(254)) - client-7F7296B99608->ffc7b071-00b3-4a69-8de5-2639a1a8d8ac: receive RaftClientReply:client-7F7296B99608->ffc7b071-00b3-4a69-8de5-2639a1a8d8ac@group-6911E2D50CC5, cid=1175, SUCCESS, logIndex=2040, commits[ffc7b071-00b3-4a69-8de5-2639a1a8d8ac:c2042]
2019-06-12 16:04:51,736 INFO  client.GrpcClientProtocolClient (GrpcClientProtocolClient.java:onNext(254)) - client-7F7296B99608->ffc7b071-00b3-4a69-8de5-2639a1a8d8ac: receive RaftClientReply:client-7F7296B99608->ffc7b071-00b3-4a69-8de5-2639a1a8d8ac@group-6911E2D50CC5, cid=1176, SUCCESS, logIndex=2042, commits[ffc7b071-00b3-4a69-8de5-2639a1a8d8ac:c2042]
2019-06-12 16:04:51,745 INFO  client.GrpcClientProtocolClient (GrpcClientProtocolClient.java:onNext(254)) - client-7F7296B99608->ffc7b071-00b3-4a69-8de5-2639a1a8d8ac: receive RaftClientReply:client-7F7296B99608->ffc7b071-00b3-4a69-8de5-2639a1a8d8ac@group-6911E2D50CC5, cid=1177, SUCCESS, logIndex=2044, commits[ffc7b071-00b3-4a69-8de5-2639a1a8d8ac:c2044]
2019-06-12 16:04:51,746 INFO  client.GrpcClientProtocolClient (GrpcClientProtocolClient.java:onNext(254)) - client-7F7296B99608->ffc7b071-00b3-4a69-8de5-2639a1a8d8ac: receive RaftClientReply:client-7F7296B99608->ffc7b071-00b3-4a69-8de5-2639a1a8d8ac@group-6911E2D50CC5, cid=1178, SUCCESS, logIndex=2046, commits[ffc7b071-00b3-4a69-8de5-2639a1a8d8ac:c2046]
2019-06-12 16:04:51,747 INFO  client.GrpcClientProtocolClient (GrpcClientProtocolClient.java:onNext(254)) - client-7F7296B99608->ffc7b071-00b3-4a69-8de5-2639a1a8d8ac: receive RaftClientReply:client-7F7296B99608->ffc7b071-00b3-4a69-8de5-2639a1a8d8ac@group-6911E2D50CC5, cid=1179, SUCCESS, logIndex=2047, commits[ffc7b071-00b3-4a69-8de5-2639a1a8d8ac:c2049]
2019-06-12 16:04:51,748 INFO  client.GrpcClientProtocolClient (GrpcClientProtocolClient.java:onNext(254)) - client-7F7296B99608->ffc7b071-00b3-4a69-8de5-2639a1a8d8ac: receive RaftClientReply:client-7F7296B99608->ffc7b071-00b3-4a69-8de5-2639a1a8d8ac@group-6911E2D50CC5, cid=1180, SUCCESS, logIndex=2049, commits[ffc7b071-00b3-4a69-8de5-2639a1a8d8ac:c2049]
2019-06-12 16:04:51,754 INFO  client.GrpcClientProtocolClient (GrpcClientProtocolClient.java:onNext(254)) - client-7F7296B99608->ffc7b071-00b3-4a69-8de5-2639a1a8d8ac: receive RaftClientReply:client-7F7296B99608->ffc7b071-00b3-4a69-8de5-2639a1a8d8ac@group-6911E2D50CC5, cid=1181, SUCCESS, logIndex=2051, commits[ffc7b071-00b3-4a69-8de5-2639a1a8d8ac:c2051]
2019-06-12 16:04:51,756 INFO  client.GrpcClientProtocolClient (GrpcClientProtocolClient.java:onNext(254)) - client-7F7296B99608->ffc7b071-00b3-4a69-8de5-2639a1a8d8ac: receive RaftClientReply:client-7F7296B99608->ffc7b071-00b3-4a69-8de5-2639a1a8d8ac@group-6911E2D50CC5, cid=1182, SUCCESS, logIndex=2053, commits[ffc7b071-00b3-4a69-8de5-2639a1a8d8ac:c2053]
2019-06-12 16:04:51,757 INFO  client.GrpcClientProtocolClient (GrpcClientProtocolClient.java:onNext(254)) - client-7F7296B99608->ffc7b071-00b3-4a69-8de5-2639a1a8d8ac: receive RaftClientReply:client-7F7296B99608->ffc7b071-00b3-4a69-8de5-2639a1a8d8ac@group-6911E2D50CC5, cid=1183, SUCCESS, logIndex=2054, commits[ffc7b071-00b3-4a69-8de5-2639a1a8d8ac:c2056]
2019-06-12 16:04:51,757 INFO  client.GrpcClientProtocolClient (GrpcClientProtocolClient.java:onNext(254)) - client-7F7296B99608->ffc7b071-00b3-4a69-8de5-2639a1a8d8ac: receive RaftClientReply:client-7F7296B99608->ffc7b071-00b3-4a69-8de5-2639a1a8d8ac@group-6911E2D50CC5, cid=1184, SUCCESS, logIndex=2055, commits[ffc7b071-00b3-4a69-8de5-2639a1a8d8ac:c2056]
2019-06-12 16:04:51,766 INFO  client.GrpcClientProtocolClient (GrpcClientProtocolClient.java:onNext(254)) - client-7F7296B99608->ffc7b071-00b3-4a69-8de5-2639a1a8d8ac: receive RaftClientReply:client-7F7296B99608->ffc7b071-00b3-4a69-8de5-2639a1a8d8ac@group-6911E2D50CC5, cid=1185, SUCCESS, logIndex=2057, commits[ffc7b071-00b3-4a69-8de5-2639a1a8d8ac:c2057]
2019-06-12 16:04:51,768 INFO  client.GrpcClientProtocolClient (GrpcClientProtocolClient.java:onNext(254)) - client-7F7296B99608->ffc7b071-00b3-4a69-8de5-2639a1a8d8ac: receive RaftClientReply:client-7F7296B99608->ffc7b071-00b3-4a69-8de5-2639a1a8d8ac@group-6911E2D50CC5, cid=1186, SUCCESS, logIndex=2059, commits[ffc7b071-00b3-4a69-8de5-2639a1a8d8ac:c2059]
2019-06-12 16:04:51,769 INFO  client.GrpcClientProtocolClient (GrpcClientProtocolClient.java:onNext(254)) - client-7F7296B99608->ffc7b071-00b3-4a69-8de5-2639a1a8d8ac: receive RaftClientReply:client-7F7296B99608->ffc7b071-00b3-4a69-8de5-2639a1a8d8ac@group-6911E2D50CC5, cid=1187, SUCCESS, logIndex=2060, commits[ffc7b071-00b3-4a69-8de5-2639a1a8d8ac:c2062]
2019-06-12 16:04:51,770 INFO  client.GrpcClientProtocolClient (GrpcClientProtocolClient.java:onNext(254)) - client-7F7296B99608->ffc7b071-00b3-4a69-8de5-2639a1a8d8ac: receive RaftClientReply:client-7F7296B99608->ffc7b071-00b3-4a69-8de5-2639a1a8d8ac@group-6911E2D50CC5, cid=1188, SUCCESS, logIndex=2062, commits[ffc7b071-00b3-4a69-8de5-2639a1a8d8ac:c2062]
2019-06-12 16:04:51,775 INFO  client.GrpcClientProtocolClient (GrpcClientProtocolClient.java:onNext(254)) - client-7F7296B99608->ffc7b071-00b3-4a69-8de5-2639a1a8d8ac: receive RaftClientReply:client-7F7296B99608->ffc7b071-00b3-4a69-8de5-2639a1a8d8ac@group-6911E2D50CC5, cid=1189, SUCCESS, logIndex=2064, commits[ffc7b071-00b3-4a69-8de5-2639a1a8d8ac:c2064]
2019-06-12 16:04:51,779 INFO  client.GrpcClientProtocolClient (GrpcClientProtocolClient.java:onNext(254)) - client-7F7296B99608->ffc7b071-00b3-4a69-8de5-2639a1a8d8ac: receive RaftClientReply:client-7F7296B99608->ffc7b071-00b3-4a69-8de5-2639a1a8d8ac@group-6911E2D50CC5, cid=1190, SUCCESS, logIndex=2066, commits[ffc7b071-00b3-4a69-8de5-2639a1a8d8ac:c2066]
2019-06-12 16:04:51,779 INFO  client.GrpcClientProtocolClient (GrpcClientProtocolClient.java:onNext(254)) - client-7F7296B99608->ffc7b071-00b3-4a69-8de5-2639a1a8d8ac: receive RaftClientReply:client-7F7296B99608->ffc7b071-00b3-4a69-8de5-2639a1a8d8ac@group-6911E2D50CC5, cid=1191, SUCCESS, logIndex=2067, commits[ffc7b071-00b3-4a69-8de5-2639a1a8d8ac:c2069]
2019-06-12 16:04:51,779 INFO  client.GrpcClientProtocolClient (GrpcClientProtocolClient.java:onNext(254)) - client-7F7296B99608->ffc7b071-00b3-4a69-8de5-2639a1a8d8ac: receive RaftClientReply:client-7F7296B99608->ffc7b071-00b3-4a69-8de5-2639a1a8d8ac@group-6911E2D50CC5, cid=1192, SUCCESS, logIndex=2068, commits[ffc7b071-00b3-4a69-8de5-2639a1a8d8ac:c2069]
2019-06-12 16:04:51,832 DEBUG block.SCMBlockDeletingService (SCMBlockDeletingService.java:call(138)) - Running DeletedBlockTransactionScanner
2019-06-12 16:04:51,832 DEBUG block.SCMBlockDeletingService (SCMBlockDeletingService.java:call(155)) - Scanned deleted blocks log and got 0 delTX to process.
2019-06-12 16:04:51,863 INFO  client.GrpcClientProtocolClient (GrpcClientProtocolClient.java:onNext(254)) - client-7F7296B99608->ffc7b071-00b3-4a69-8de5-2639a1a8d8ac: receive RaftClientReply:client-7F7296B99608->ffc7b071-00b3-4a69-8de5-2639a1a8d8ac@group-6911E2D50CC5, cid=1193, SUCCESS, logIndex=2070, commits[ffc7b071-00b3-4a69-8de5-2639a1a8d8ac:c2070]
2019-06-12 16:04:51,865 INFO  client.GrpcClientProtocolClient (GrpcClientProtocolClient.java:onNext(254)) - client-7F7296B99608->ffc7b071-00b3-4a69-8de5-2639a1a8d8ac: receive RaftClientReply:client-7F7296B99608->ffc7b071-00b3-4a69-8de5-2639a1a8d8ac@group-6911E2D50CC5, cid=1194, SUCCESS, logIndex=2072, commits[ffc7b071-00b3-4a69-8de5-2639a1a8d8ac:c2072]
2019-06-12 16:04:51,866 INFO  client.GrpcClientProtocolClient (GrpcClientProtocolClient.java:onNext(254)) - client-7F7296B99608->ffc7b071-00b3-4a69-8de5-2639a1a8d8ac: receive RaftClientReply:client-7F7296B99608->ffc7b071-00b3-4a69-8de5-2639a1a8d8ac@group-6911E2D50CC5, cid=1195, SUCCESS, logIndex=2073, commits[ffc7b071-00b3-4a69-8de5-2639a1a8d8ac:c2075]
2019-06-12 16:04:51,867 INFO  client.GrpcClientProtocolClient (GrpcClientProtocolClient.java:onNext(254)) - client-7F7296B99608->ffc7b071-00b3-4a69-8de5-2639a1a8d8ac: receive RaftClientReply:client-7F7296B99608->ffc7b071-00b3-4a69-8de5-2639a1a8d8ac@group-6911E2D50CC5, cid=1196, SUCCESS, logIndex=2075, commits[ffc7b071-00b3-4a69-8de5-2639a1a8d8ac:c2075]
2019-06-12 16:04:51,873 INFO  client.GrpcClientProtocolClient (GrpcClientProtocolClient.java:onNext(254)) - client-7F7296B99608->ffc7b071-00b3-4a69-8de5-2639a1a8d8ac: receive RaftClientReply:client-7F7296B99608->ffc7b071-00b3-4a69-8de5-2639a1a8d8ac@group-6911E2D50CC5, cid=1197, SUCCESS, logIndex=2077, commits[ffc7b071-00b3-4a69-8de5-2639a1a8d8ac:c2077]
2019-06-12 16:04:51,873 INFO  storage.RaftLogWorker (RaftLogWorker.java:rollLogSegment(303)) - ffc7b071-00b3-4a69-8de5-2639a1a8d8ac-RaftLogWorker: Rolling segment log-2008_2078 to index:2078
2019-06-12 16:04:51,873 INFO  storage.RaftLogWorker (RaftLogWorker.java:execute(433)) - ffc7b071-00b3-4a69-8de5-2639a1a8d8ac-RaftLogWorker: Rolled log segment from /opt/src/hadoop-ozone/integration-test/target/test-dir/MiniOzoneClusterImpl-a1c7246e-c692-4524-ad55-32b507b20431/datanode-0/data/ratis/4417d833-4fb6-4fa2-9413-6911e2d50cc5/current/log_inprogress_2008 to /opt/src/hadoop-ozone/integration-test/target/test-dir/MiniOzoneClusterImpl-a1c7246e-c692-4524-ad55-32b507b20431/datanode-0/data/ratis/4417d833-4fb6-4fa2-9413-6911e2d50cc5/current/log_2008-2078
2019-06-12 16:04:51,909 INFO  storage.RaftLogWorker (RaftLogWorker.java:execute(469)) - ffc7b071-00b3-4a69-8de5-2639a1a8d8ac-RaftLogWorker: created new log segment /opt/src/hadoop-ozone/integration-test/target/test-dir/MiniOzoneClusterImpl-a1c7246e-c692-4524-ad55-32b507b20431/datanode-0/data/ratis/4417d833-4fb6-4fa2-9413-6911e2d50cc5/current/log_inprogress_2079
2019-06-12 16:04:51,911 INFO  client.GrpcClientProtocolClient (GrpcClientProtocolClient.java:onNext(254)) - client-7F7296B99608->ffc7b071-00b3-4a69-8de5-2639a1a8d8ac: receive RaftClientReply:client-7F7296B99608->ffc7b071-00b3-4a69-8de5-2639a1a8d8ac@group-6911E2D50CC5, cid=1198, SUCCESS, logIndex=2079, commits[ffc7b071-00b3-4a69-8de5-2639a1a8d8ac:c2081]
2019-06-12 16:04:51,912 INFO  client.GrpcClientProtocolClient (GrpcClientProtocolClient.java:onNext(254)) - client-7F7296B99608->ffc7b071-00b3-4a69-8de5-2639a1a8d8ac: receive RaftClientReply:client-7F7296B99608->ffc7b071-00b3-4a69-8de5-2639a1a8d8ac@group-6911E2D50CC5, cid=1199, SUCCESS, logIndex=2080, commits[ffc7b071-00b3-4a69-8de5-2639a1a8d8ac:c2082]
2019-06-12 16:04:51,912 INFO  client.GrpcClientProtocolClient (GrpcClientProtocolClient.java:onNext(254)) - client-7F7296B99608->ffc7b071-00b3-4a69-8de5-2639a1a8d8ac: receive RaftClientReply:client-7F7296B99608->ffc7b071-00b3-4a69-8de5-2639a1a8d8ac@group-6911E2D50CC5, cid=1200, SUCCESS, logIndex=2081, commits[ffc7b071-00b3-4a69-8de5-2639a1a8d8ac:c2082]
2019-06-12 16:04:51,922 INFO  client.GrpcClientProtocolClient (GrpcClientProtocolClient.java:onNext(254)) - client-7F7296B99608->ffc7b071-00b3-4a69-8de5-2639a1a8d8ac: receive RaftClientReply:client-7F7296B99608->ffc7b071-00b3-4a69-8de5-2639a1a8d8ac@group-6911E2D50CC5, cid=1201, SUCCESS, logIndex=2083, commits[ffc7b071-00b3-4a69-8de5-2639a1a8d8ac:c2083]
2019-06-12 16:04:51,924 INFO  client.GrpcClientProtocolClient (GrpcClientProtocolClient.java:onNext(254)) - client-7F7296B99608->ffc7b071-00b3-4a69-8de5-2639a1a8d8ac: receive RaftClientReply:client-7F7296B99608->ffc7b071-00b3-4a69-8de5-2639a1a8d8ac@group-6911E2D50CC5, cid=1202, SUCCESS, logIndex=2085, commits[ffc7b071-00b3-4a69-8de5-2639a1a8d8ac:c2085]
2019-06-12 16:04:51,925 INFO  client.GrpcClientProtocolClient (GrpcClientProtocolClient.java:onNext(254)) - client-7F7296B99608->ffc7b071-00b3-4a69-8de5-2639a1a8d8ac: receive RaftClientReply:client-7F7296B99608->ffc7b071-00b3-4a69-8de5-2639a1a8d8ac@group-6911E2D50CC5, cid=1203, SUCCESS, logIndex=2086, commits[ffc7b071-00b3-4a69-8de5-2639a1a8d8ac:c2087]
2019-06-12 16:04:51,925 INFO  client.GrpcClientProtocolClient (GrpcClientProtocolClient.java:onNext(254)) - client-7F7296B99608->ffc7b071-00b3-4a69-8de5-2639a1a8d8ac: receive RaftClientReply:client-7F7296B99608->ffc7b071-00b3-4a69-8de5-2639a1a8d8ac@group-6911E2D50CC5, cid=1204, SUCCESS, logIndex=2087, commits[ffc7b071-00b3-4a69-8de5-2639a1a8d8ac:c2087]
2019-06-12 16:04:51,931 INFO  client.GrpcClientProtocolClient (GrpcClientProtocolClient.java:onNext(254)) - client-7F7296B99608->ffc7b071-00b3-4a69-8de5-2639a1a8d8ac: receive RaftClientReply:client-7F7296B99608->ffc7b071-00b3-4a69-8de5-2639a1a8d8ac@group-6911E2D50CC5, cid=1205, SUCCESS, logIndex=2090, commits[ffc7b071-00b3-4a69-8de5-2639a1a8d8ac:c2090]
2019-06-12 16:04:51,933 DEBUG block.SCMBlockDeletingService (SCMBlockDeletingService.java:call(138)) - Running DeletedBlockTransactionScanner
2019-06-12 16:04:51,933 DEBUG block.SCMBlockDeletingService (SCMBlockDeletingService.java:call(155)) - Scanned deleted blocks log and got 0 delTX to process.
2019-06-12 16:04:51,934 INFO  client.GrpcClientProtocolClient (GrpcClientProtocolClient.java:onNext(254)) - client-7F7296B99608->ffc7b071-00b3-4a69-8de5-2639a1a8d8ac: receive RaftClientReply:client-7F7296B99608->ffc7b071-00b3-4a69-8de5-2639a1a8d8ac@group-6911E2D50CC5, cid=1206, SUCCESS, logIndex=2092, commits[ffc7b071-00b3-4a69-8de5-2639a1a8d8ac:c2092]
2019-06-12 16:04:51,934 INFO  client.GrpcClientProtocolClient (GrpcClientProtocolClient.java:onNext(254)) - client-7F7296B99608->ffc7b071-00b3-4a69-8de5-2639a1a8d8ac: receive RaftClientReply:client-7F7296B99608->ffc7b071-00b3-4a69-8de5-2639a1a8d8ac@group-6911E2D50CC5, cid=1207, SUCCESS, logIndex=2093, commits[ffc7b071-00b3-4a69-8de5-2639a1a8d8ac:c2095]
2019-06-12 16:04:51,934 INFO  client.GrpcClientProtocolClient (GrpcClientProtocolClient.java:onNext(254)) - client-7F7296B99608->ffc7b071-00b3-4a69-8de5-2639a1a8d8ac: receive RaftClientReply:client-7F7296B99608->ffc7b071-00b3-4a69-8de5-2639a1a8d8ac@group-6911E2D50CC5, cid=1208, SUCCESS, logIndex=2095, commits[ffc7b071-00b3-4a69-8de5-2639a1a8d8ac:c2095]
2019-06-12 16:04:51,944 INFO  client.GrpcClientProtocolClient (GrpcClientProtocolClient.java:onNext(254)) - client-7F7296B99608->ffc7b071-00b3-4a69-8de5-2639a1a8d8ac: receive RaftClientReply:client-7F7296B99608->ffc7b071-00b3-4a69-8de5-2639a1a8d8ac@group-6911E2D50CC5, cid=1209, SUCCESS, logIndex=2097, commits[ffc7b071-00b3-4a69-8de5-2639a1a8d8ac:c2097]
2019-06-12 16:04:51,946 INFO  client.GrpcClientProtocolClient (GrpcClientProtocolClient.java:onNext(254)) - client-7F7296B99608->ffc7b071-00b3-4a69-8de5-2639a1a8d8ac: receive RaftClientReply:client-7F7296B99608->ffc7b071-00b3-4a69-8de5-2639a1a8d8ac@group-6911E2D50CC5, cid=1210, SUCCESS, logIndex=2099, commits[ffc7b071-00b3-4a69-8de5-2639a1a8d8ac:c2099]
2019-06-12 16:04:51,947 INFO  client.GrpcClientProtocolClient (GrpcClientProtocolClient.java:onNext(254)) - client-7F7296B99608->ffc7b071-00b3-4a69-8de5-2639a1a8d8ac: receive RaftClientReply:client-7F7296B99608->ffc7b071-00b3-4a69-8de5-2639a1a8d8ac@group-6911E2D50CC5, cid=1211, SUCCESS, logIndex=2100, commits[ffc7b071-00b3-4a69-8de5-2639a1a8d8ac:c2102]
2019-06-12 16:04:51,947 INFO  client.GrpcClientProtocolClient (GrpcClientProtocolClient.java:onNext(254)) - client-7F7296B99608->ffc7b071-00b3-4a69-8de5-2639a1a8d8ac: receive RaftClientReply:client-7F7296B99608->ffc7b071-00b3-4a69-8de5-2639a1a8d8ac@group-6911E2D50CC5, cid=1212, SUCCESS, logIndex=2101, commits[ffc7b071-00b3-4a69-8de5-2639a1a8d8ac:c2102]
2019-06-12 16:04:51,954 INFO  client.GrpcClientProtocolClient (GrpcClientProtocolClient.java:onNext(254)) - client-7F7296B99608->ffc7b071-00b3-4a69-8de5-2639a1a8d8ac: receive RaftClientReply:client-7F7296B99608->ffc7b071-00b3-4a69-8de5-2639a1a8d8ac@group-6911E2D50CC5, cid=1213, SUCCESS, logIndex=2103, commits[ffc7b071-00b3-4a69-8de5-2639a1a8d8ac:c2103]
2019-06-12 16:04:51,955 INFO  client.GrpcClientProtocolClient (GrpcClientProtocolClient.java:onNext(254)) - client-7F7296B99608->ffc7b071-00b3-4a69-8de5-2639a1a8d8ac: receive RaftClientReply:client-7F7296B99608->ffc7b071-00b3-4a69-8de5-2639a1a8d8ac@group-6911E2D50CC5, cid=1214, SUCCESS, logIndex=2105, commits[ffc7b071-00b3-4a69-8de5-2639a1a8d8ac:c2105]
2019-06-12 16:04:51,957 INFO  client.GrpcClientProtocolClient (GrpcClientProtocolClient.java:onNext(254)) - client-7F7296B99608->ffc7b071-00b3-4a69-8de5-2639a1a8d8ac: receive RaftClientReply:client-7F7296B99608->ffc7b071-00b3-4a69-8de5-2639a1a8d8ac@group-6911E2D50CC5, cid=1215, SUCCESS, logIndex=2106, commits[ffc7b071-00b3-4a69-8de5-2639a1a8d8ac:c2108]
2019-06-12 16:04:51,957 INFO  client.GrpcClientProtocolClient (GrpcClientProtocolClient.java:onNext(254)) - client-7F7296B99608->ffc7b071-00b3-4a69-8de5-2639a1a8d8ac: receive RaftClientReply:client-7F7296B99608->ffc7b071-00b3-4a69-8de5-2639a1a8d8ac@group-6911E2D50CC5, cid=1216, SUCCESS, logIndex=2108, commits[ffc7b071-00b3-4a69-8de5-2639a1a8d8ac:c2109]
2019-06-12 16:04:51,966 INFO  client.GrpcClientProtocolClient (GrpcClientProtocolClient.java:onNext(254)) - client-7F7296B99608->ffc7b071-00b3-4a69-8de5-2639a1a8d8ac: receive RaftClientReply:client-7F7296B99608->ffc7b071-00b3-4a69-8de5-2639a1a8d8ac@group-6911E2D50CC5, cid=1217, SUCCESS, logIndex=2110, commits[ffc7b071-00b3-4a69-8de5-2639a1a8d8ac:c2110]
2019-06-12 16:04:51,968 INFO  client.GrpcClientProtocolClient (GrpcClientProtocolClient.java:onNext(254)) - client-7F7296B99608->ffc7b071-00b3-4a69-8de5-2639a1a8d8ac: receive RaftClientReply:client-7F7296B99608->ffc7b071-00b3-4a69-8de5-2639a1a8d8ac@group-6911E2D50CC5, cid=1218, SUCCESS, logIndex=2112, commits[ffc7b071-00b3-4a69-8de5-2639a1a8d8ac:c2112]
2019-06-12 16:04:51,969 INFO  client.GrpcClientProtocolClient (GrpcClientProtocolClient.java:onNext(254)) - client-7F7296B99608->ffc7b071-00b3-4a69-8de5-2639a1a8d8ac: receive RaftClientReply:client-7F7296B99608->ffc7b071-00b3-4a69-8de5-2639a1a8d8ac@group-6911E2D50CC5, cid=1219, SUCCESS, logIndex=2113, commits[ffc7b071-00b3-4a69-8de5-2639a1a8d8ac:c2113]
2019-06-12 16:04:51,970 INFO  client.GrpcClientProtocolClient (GrpcClientProtocolClient.java:onNext(254)) - client-7F7296B99608->ffc7b071-00b3-4a69-8de5-2639a1a8d8ac: receive RaftClientReply:client-7F7296B99608->ffc7b071-00b3-4a69-8de5-2639a1a8d8ac@group-6911E2D50CC5, cid=1220, SUCCESS, logIndex=2115, commits[ffc7b071-00b3-4a69-8de5-2639a1a8d8ac:c2115]
2019-06-12 16:04:51,976 INFO  client.GrpcClientProtocolClient (GrpcClientProtocolClient.java:onNext(254)) - client-7F7296B99608->ffc7b071-00b3-4a69-8de5-2639a1a8d8ac: receive RaftClientReply:client-7F7296B99608->ffc7b071-00b3-4a69-8de5-2639a1a8d8ac@group-6911E2D50CC5, cid=1221, SUCCESS, logIndex=2118, commits[ffc7b071-00b3-4a69-8de5-2639a1a8d8ac:c2118]
2019-06-12 16:04:51,978 INFO  client.GrpcClientProtocolClient (GrpcClientProtocolClient.java:onNext(254)) - client-7F7296B99608->ffc7b071-00b3-4a69-8de5-2639a1a8d8ac: receive RaftClientReply:client-7F7296B99608->ffc7b071-00b3-4a69-8de5-2639a1a8d8ac@group-6911E2D50CC5, cid=1222, SUCCESS, logIndex=2120, commits[ffc7b071-00b3-4a69-8de5-2639a1a8d8ac:c2120]
2019-06-12 16:04:51,980 INFO  client.GrpcClientProtocolClient (GrpcClientProtocolClient.java:onNext(254)) - client-7F7296B99608->ffc7b071-00b3-4a69-8de5-2639a1a8d8ac: receive RaftClientReply:client-7F7296B99608->ffc7b071-00b3-4a69-8de5-2639a1a8d8ac@group-6911E2D50CC5, cid=1223, SUCCESS, logIndex=2122, commits[ffc7b071-00b3-4a69-8de5-2639a1a8d8ac:c2123]
2019-06-12 16:04:51,980 INFO  client.GrpcClientProtocolClient (GrpcClientProtocolClient.java:onNext(254)) - client-7F7296B99608->ffc7b071-00b3-4a69-8de5-2639a1a8d8ac: receive RaftClientReply:client-7F7296B99608->ffc7b071-00b3-4a69-8de5-2639a1a8d8ac@group-6911E2D50CC5, cid=1224, SUCCESS, logIndex=2123, commits[ffc7b071-00b3-4a69-8de5-2639a1a8d8ac:c2123]
2019-06-12 16:04:51,990 INFO  client.GrpcClientProtocolClient (GrpcClientProtocolClient.java:onNext(254)) - client-7F7296B99608->ffc7b071-00b3-4a69-8de5-2639a1a8d8ac: receive RaftClientReply:client-7F7296B99608->ffc7b071-00b3-4a69-8de5-2639a1a8d8ac@group-6911E2D50CC5, cid=1225, SUCCESS, logIndex=2125, commits[ffc7b071-00b3-4a69-8de5-2639a1a8d8ac:c2125]
2019-06-12 16:04:51,992 INFO  client.GrpcClientProtocolClient (GrpcClientProtocolClient.java:onNext(254)) - client-7F7296B99608->ffc7b071-00b3-4a69-8de5-2639a1a8d8ac: receive RaftClientReply:client-7F7296B99608->ffc7b071-00b3-4a69-8de5-2639a1a8d8ac@group-6911E2D50CC5, cid=1226, SUCCESS, logIndex=2127, commits[ffc7b071-00b3-4a69-8de5-2639a1a8d8ac:c2127]
2019-06-12 16:04:51,993 INFO  client.GrpcClientProtocolClient (GrpcClientProtocolClient.java:onNext(254)) - client-7F7296B99608->ffc7b071-00b3-4a69-8de5-2639a1a8d8ac: receive RaftClientReply:client-7F7296B99608->ffc7b071-00b3-4a69-8de5-2639a1a8d8ac@group-6911E2D50CC5, cid=1227, SUCCESS, logIndex=2128, commits[ffc7b071-00b3-4a69-8de5-2639a1a8d8ac:c2130]
2019-06-12 16:04:51,993 INFO  client.GrpcClientProtocolClient (GrpcClientProtocolClient.java:onNext(254)) - client-7F7296B99608->ffc7b071-00b3-4a69-8de5-2639a1a8d8ac: receive RaftClientReply:client-7F7296B99608->ffc7b071-00b3-4a69-8de5-2639a1a8d8ac@group-6911E2D50CC5, cid=1228, SUCCESS, logIndex=2130, commits[ffc7b071-00b3-4a69-8de5-2639a1a8d8ac:c2131]
2019-06-12 16:04:51,999 INFO  client.GrpcClientProtocolClient (GrpcClientProtocolClient.java:onNext(254)) - client-7F7296B99608->ffc7b071-00b3-4a69-8de5-2639a1a8d8ac: receive RaftClientReply:client-7F7296B99608->ffc7b071-00b3-4a69-8de5-2639a1a8d8ac@group-6911E2D50CC5, cid=1229, SUCCESS, logIndex=2132, commits[ffc7b071-00b3-4a69-8de5-2639a1a8d8ac:c2132]
2019-06-12 16:04:52,001 INFO  client.GrpcClientProtocolClient (GrpcClientProtocolClient.java:onNext(254)) - client-7F7296B99608->ffc7b071-00b3-4a69-8de5-2639a1a8d8ac: receive RaftClientReply:client-7F7296B99608->ffc7b071-00b3-4a69-8de5-2639a1a8d8ac@group-6911E2D50CC5, cid=1230, SUCCESS, logIndex=2134, commits[ffc7b071-00b3-4a69-8de5-2639a1a8d8ac:c2134]
2019-06-12 16:04:52,001 INFO  client.GrpcClientProtocolClient (GrpcClientProtocolClient.java:onNext(254)) - client-7F7296B99608->ffc7b071-00b3-4a69-8de5-2639a1a8d8ac: receive RaftClientReply:client-7F7296B99608->ffc7b071-00b3-4a69-8de5-2639a1a8d8ac@group-6911E2D50CC5, cid=1231, SUCCESS, logIndex=2135, commits[ffc7b071-00b3-4a69-8de5-2639a1a8d8ac:c2136]
2019-06-12 16:04:52,002 INFO  client.GrpcClientProtocolClient (GrpcClientProtocolClient.java:onNext(254)) - client-7F7296B99608->ffc7b071-00b3-4a69-8de5-2639a1a8d8ac: receive RaftClientReply:client-7F7296B99608->ffc7b071-00b3-4a69-8de5-2639a1a8d8ac@group-6911E2D50CC5, cid=1232, SUCCESS, logIndex=2136, commits[ffc7b071-00b3-4a69-8de5-2639a1a8d8ac:c2136]
2019-06-12 16:04:52,011 INFO  client.GrpcClientProtocolClient (GrpcClientProtocolClient.java:onNext(254)) - client-7F7296B99608->ffc7b071-00b3-4a69-8de5-2639a1a8d8ac: receive RaftClientReply:client-7F7296B99608->ffc7b071-00b3-4a69-8de5-2639a1a8d8ac@group-6911E2D50CC5, cid=1233, SUCCESS, logIndex=2139, commits[ffc7b071-00b3-4a69-8de5-2639a1a8d8ac:c2139]
2019-06-12 16:04:52,013 INFO  client.GrpcClientProtocolClient (GrpcClientProtocolClient.java:onNext(254)) - client-7F7296B99608->ffc7b071-00b3-4a69-8de5-2639a1a8d8ac: receive RaftClientReply:client-7F7296B99608->ffc7b071-00b3-4a69-8de5-2639a1a8d8ac@group-6911E2D50CC5, cid=1234, SUCCESS, logIndex=2141, commits[ffc7b071-00b3-4a69-8de5-2639a1a8d8ac:c2141]
2019-06-12 16:04:52,014 INFO  client.GrpcClientProtocolClient (GrpcClientProtocolClient.java:onNext(254)) - client-7F7296B99608->ffc7b071-00b3-4a69-8de5-2639a1a8d8ac: receive RaftClientReply:client-7F7296B99608->ffc7b071-00b3-4a69-8de5-2639a1a8d8ac@group-6911E2D50CC5, cid=1235, SUCCESS, logIndex=2142, commits[ffc7b071-00b3-4a69-8de5-2639a1a8d8ac:c2144]
2019-06-12 16:04:52,014 INFO  client.GrpcClientProtocolClient (GrpcClientProtocolClient.java:onNext(254)) - client-7F7296B99608->ffc7b071-00b3-4a69-8de5-2639a1a8d8ac: receive RaftClientReply:client-7F7296B99608->ffc7b071-00b3-4a69-8de5-2639a1a8d8ac@group-6911E2D50CC5, cid=1236, SUCCESS, logIndex=2143, commits[ffc7b071-00b3-4a69-8de5-2639a1a8d8ac:c2144]
2019-06-12 16:04:52,034 DEBUG block.SCMBlockDeletingService (SCMBlockDeletingService.java:call(138)) - Running DeletedBlockTransactionScanner
2019-06-12 16:04:52,034 DEBUG block.SCMBlockDeletingService (SCMBlockDeletingService.java:call(155)) - Scanned deleted blocks log and got 0 delTX to process.
2019-06-12 16:04:52,123 INFO  client.GrpcClientProtocolClient (GrpcClientProtocolClient.java:onNext(254)) - client-7F7296B99608->ffc7b071-00b3-4a69-8de5-2639a1a8d8ac: receive RaftClientReply:client-7F7296B99608->ffc7b071-00b3-4a69-8de5-2639a1a8d8ac@group-6911E2D50CC5, cid=1237, SUCCESS, logIndex=2145, commits[ffc7b071-00b3-4a69-8de5-2639a1a8d8ac:c2145]
2019-06-12 16:04:52,123 INFO  storage.RaftLogWorker (RaftLogWorker.java:rollLogSegment(303)) - ffc7b071-00b3-4a69-8de5-2639a1a8d8ac-RaftLogWorker: Rolling segment log-2079_2149 to index:2149
2019-06-12 16:04:52,124 INFO  client.GrpcClientProtocolClient (GrpcClientProtocolClient.java:onNext(254)) - client-7F7296B99608->ffc7b071-00b3-4a69-8de5-2639a1a8d8ac: receive RaftClientReply:client-7F7296B99608->ffc7b071-00b3-4a69-8de5-2639a1a8d8ac@group-6911E2D50CC5, cid=1238, SUCCESS, logIndex=2147, commits[ffc7b071-00b3-4a69-8de5-2639a1a8d8ac:c2147]
2019-06-12 16:04:52,124 INFO  storage.RaftLogWorker (RaftLogWorker.java:execute(433)) - ffc7b071-00b3-4a69-8de5-2639a1a8d8ac-RaftLogWorker: Rolled log segment from /opt/src/hadoop-ozone/integration-test/target/test-dir/MiniOzoneClusterImpl-a1c7246e-c692-4524-ad55-32b507b20431/datanode-0/data/ratis/4417d833-4fb6-4fa2-9413-6911e2d50cc5/current/log_inprogress_2079 to /opt/src/hadoop-ozone/integration-test/target/test-dir/MiniOzoneClusterImpl-a1c7246e-c692-4524-ad55-32b507b20431/datanode-0/data/ratis/4417d833-4fb6-4fa2-9413-6911e2d50cc5/current/log_2079-2149
2019-06-12 16:04:52,125 INFO  client.GrpcClientProtocolClient (GrpcClientProtocolClient.java:onNext(254)) - client-7F7296B99608->ffc7b071-00b3-4a69-8de5-2639a1a8d8ac: receive RaftClientReply:client-7F7296B99608->ffc7b071-00b3-4a69-8de5-2639a1a8d8ac@group-6911E2D50CC5, cid=1239, SUCCESS, logIndex=2148, commits[ffc7b071-00b3-4a69-8de5-2639a1a8d8ac:c2149]
2019-06-12 16:04:52,134 DEBUG block.SCMBlockDeletingService (SCMBlockDeletingService.java:call(138)) - Running DeletedBlockTransactionScanner
2019-06-12 16:04:52,142 DEBUG block.SCMBlockDeletingService (SCMBlockDeletingService.java:call(155)) - Scanned deleted blocks log and got 0 delTX to process.
2019-06-12 16:04:52,161 INFO  storage.RaftLogWorker (RaftLogWorker.java:execute(469)) - ffc7b071-00b3-4a69-8de5-2639a1a8d8ac-RaftLogWorker: created new log segment /opt/src/hadoop-ozone/integration-test/target/test-dir/MiniOzoneClusterImpl-a1c7246e-c692-4524-ad55-32b507b20431/datanode-0/data/ratis/4417d833-4fb6-4fa2-9413-6911e2d50cc5/current/log_inprogress_2150
2019-06-12 16:04:52,163 INFO  client.GrpcClientProtocolClient (GrpcClientProtocolClient.java:onNext(254)) - client-7F7296B99608->ffc7b071-00b3-4a69-8de5-2639a1a8d8ac: receive RaftClientReply:client-7F7296B99608->ffc7b071-00b3-4a69-8de5-2639a1a8d8ac@group-6911E2D50CC5, cid=1240, SUCCESS, logIndex=2150, commits[ffc7b071-00b3-4a69-8de5-2639a1a8d8ac:c2150]
2019-06-12 16:04:52,172 INFO  client.GrpcClientProtocolClient (GrpcClientProtocolClient.java:onNext(254)) - client-7F7296B99608->ffc7b071-00b3-4a69-8de5-2639a1a8d8ac: receive RaftClientReply:client-7F7296B99608->ffc7b071-00b3-4a69-8de5-2639a1a8d8ac@group-6911E2D50CC5, cid=1241, SUCCESS, logIndex=2152, commits[ffc7b071-00b3-4a69-8de5-2639a1a8d8ac:c2152]
2019-06-12 16:04:52,174 INFO  client.GrpcClientProtocolClient (GrpcClientProtocolClient.java:onNext(254)) - client-7F7296B99608->ffc7b071-00b3-4a69-8de5-2639a1a8d8ac: receive RaftClientReply:client-7F7296B99608->ffc7b071-00b3-4a69-8de5-2639a1a8d8ac@group-6911E2D50CC5, cid=1242, SUCCESS, logIndex=2154, commits[ffc7b071-00b3-4a69-8de5-2639a1a8d8ac:c2154]
2019-06-12 16:04:52,175 INFO  client.GrpcClientProtocolClient (GrpcClientProtocolClient.java:onNext(254)) - client-7F7296B99608->ffc7b071-00b3-4a69-8de5-2639a1a8d8ac: receive RaftClientReply:client-7F7296B99608->ffc7b071-00b3-4a69-8de5-2639a1a8d8ac@group-6911E2D50CC5, cid=1243, SUCCESS, logIndex=2155, commits[ffc7b071-00b3-4a69-8de5-2639a1a8d8ac:c2156]
2019-06-12 16:04:52,178 INFO  client.GrpcClientProtocolClient (GrpcClientProtocolClient.java:onNext(254)) - client-7F7296B99608->ffc7b071-00b3-4a69-8de5-2639a1a8d8ac: receive RaftClientReply:client-7F7296B99608->ffc7b071-00b3-4a69-8de5-2639a1a8d8ac@group-6911E2D50CC5, cid=1244, SUCCESS, logIndex=2156, commits[ffc7b071-00b3-4a69-8de5-2639a1a8d8ac:c2157]
2019-06-12 16:04:52,185 INFO  client.GrpcClientProtocolClient (GrpcClientProtocolClient.java:onNext(254)) - client-7F7296B99608->ffc7b071-00b3-4a69-8de5-2639a1a8d8ac: receive RaftClientReply:client-7F7296B99608->ffc7b071-00b3-4a69-8de5-2639a1a8d8ac@group-6911E2D50CC5, cid=1245, SUCCESS, logIndex=2159, commits[ffc7b071-00b3-4a69-8de5-2639a1a8d8ac:c2159]
2019-06-12 16:04:52,187 INFO  client.GrpcClientProtocolClient (GrpcClientProtocolClient.java:onNext(254)) - client-7F7296B99608->ffc7b071-00b3-4a69-8de5-2639a1a8d8ac: receive RaftClientReply:client-7F7296B99608->ffc7b071-00b3-4a69-8de5-2639a1a8d8ac@group-6911E2D50CC5, cid=1246, SUCCESS, logIndex=2161, commits[ffc7b071-00b3-4a69-8de5-2639a1a8d8ac:c2161]
2019-06-12 16:04:52,188 INFO  client.GrpcClientProtocolClient (GrpcClientProtocolClient.java:onNext(254)) - client-7F7296B99608->ffc7b071-00b3-4a69-8de5-2639a1a8d8ac: receive RaftClientReply:client-7F7296B99608->ffc7b071-00b3-4a69-8de5-2639a1a8d8ac@group-6911E2D50CC5, cid=1247, SUCCESS, logIndex=2162, commits[ffc7b071-00b3-4a69-8de5-2639a1a8d8ac:c2164]
2019-06-12 16:04:52,189 INFO  client.GrpcClientProtocolClient (GrpcClientProtocolClient.java:onNext(254)) - client-7F7296B99608->ffc7b071-00b3-4a69-8de5-2639a1a8d8ac: receive RaftClientReply:client-7F7296B99608->ffc7b071-00b3-4a69-8de5-2639a1a8d8ac@group-6911E2D50CC5, cid=1248, SUCCESS, logIndex=2164, commits[ffc7b071-00b3-4a69-8de5-2639a1a8d8ac:c2164]
2019-06-12 16:04:52,198 INFO  client.GrpcClientProtocolClient (GrpcClientProtocolClient.java:onNext(254)) - client-7F7296B99608->ffc7b071-00b3-4a69-8de5-2639a1a8d8ac: receive RaftClientReply:client-7F7296B99608->ffc7b071-00b3-4a69-8de5-2639a1a8d8ac@group-6911E2D50CC5, cid=1249, SUCCESS, logIndex=2166, commits[ffc7b071-00b3-4a69-8de5-2639a1a8d8ac:c2166]
2019-06-12 16:04:52,200 INFO  client.GrpcClientProtocolClient (GrpcClientProtocolClient.java:onNext(254)) - client-7F7296B99608->ffc7b071-00b3-4a69-8de5-2639a1a8d8ac: receive RaftClientReply:client-7F7296B99608->ffc7b071-00b3-4a69-8de5-2639a1a8d8ac@group-6911E2D50CC5, cid=1250, SUCCESS, logIndex=2168, commits[ffc7b071-00b3-4a69-8de5-2639a1a8d8ac:c2168]
2019-06-12 16:04:52,200 INFO  client.GrpcClientProtocolClient (GrpcClientProtocolClient.java:onNext(254)) - client-7F7296B99608->ffc7b071-00b3-4a69-8de5-2639a1a8d8ac: receive RaftClientReply:client-7F7296B99608->ffc7b071-00b3-4a69-8de5-2639a1a8d8ac@group-6911E2D50CC5, cid=1251, SUCCESS, logIndex=2169, commits[ffc7b071-00b3-4a69-8de5-2639a1a8d8ac:c2169]
2019-06-12 16:04:52,201 INFO  client.GrpcClientProtocolClient (GrpcClientProtocolClient.java:onNext(254)) - client-7F7296B99608->ffc7b071-00b3-4a69-8de5-2639a1a8d8ac: receive RaftClientReply:client-7F7296B99608->ffc7b071-00b3-4a69-8de5-2639a1a8d8ac@group-6911E2D50CC5, cid=1252, SUCCESS, logIndex=2171, commits[ffc7b071-00b3-4a69-8de5-2639a1a8d8ac:c2171]
2019-06-12 16:04:52,207 INFO  client.GrpcClientProtocolClient (GrpcClientProtocolClient.java:onNext(254)) - client-7F7296B99608->ffc7b071-00b3-4a69-8de5-2639a1a8d8ac: receive RaftClientReply:client-7F7296B99608->ffc7b071-00b3-4a69-8de5-2639a1a8d8ac@group-6911E2D50CC5, cid=1253, SUCCESS, logIndex=2174, commits[ffc7b071-00b3-4a69-8de5-2639a1a8d8ac:c2174]
2019-06-12 16:04:52,208 INFO  client.GrpcClientProtocolClient (GrpcClientProtocolClient.java:onNext(254)) - client-7F7296B99608->ffc7b071-00b3-4a69-8de5-2639a1a8d8ac: receive RaftClientReply:client-7F7296B99608->ffc7b071-00b3-4a69-8de5-2639a1a8d8ac@group-6911E2D50CC5, cid=1254, SUCCESS, logIndex=2176, commits[ffc7b071-00b3-4a69-8de5-2639a1a8d8ac:c2176]
2019-06-12 16:04:52,209 INFO  client.GrpcClientProtocolClient (GrpcClientProtocolClient.java:onNext(254)) - client-7F7296B99608->ffc7b071-00b3-4a69-8de5-2639a1a8d8ac: receive RaftClientReply:client-7F7296B99608->ffc7b071-00b3-4a69-8de5-2639a1a8d8ac@group-6911E2D50CC5, cid=1255, SUCCESS, logIndex=2177, commits[ffc7b071-00b3-4a69-8de5-2639a1a8d8ac:c2179]
2019-06-12 16:04:52,210 INFO  client.GrpcClientProtocolClient (GrpcClientProtocolClient.java:onNext(254)) - client-7F7296B99608->ffc7b071-00b3-4a69-8de5-2639a1a8d8ac: receive RaftClientReply:client-7F7296B99608->ffc7b071-00b3-4a69-8de5-2639a1a8d8ac@group-6911E2D50CC5, cid=1256, SUCCESS, logIndex=2178, commits[ffc7b071-00b3-4a69-8de5-2639a1a8d8ac:c2179]
2019-06-12 16:04:52,219 INFO  client.GrpcClientProtocolClient (GrpcClientProtocolClient.java:onNext(254)) - client-7F7296B99608->ffc7b071-00b3-4a69-8de5-2639a1a8d8ac: receive RaftClientReply:client-7F7296B99608->ffc7b071-00b3-4a69-8de5-2639a1a8d8ac@group-6911E2D50CC5, cid=1257, SUCCESS, logIndex=2180, commits[ffc7b071-00b3-4a69-8de5-2639a1a8d8ac:c2180]
2019-06-12 16:04:52,220 INFO  client.GrpcClientProtocolClient (GrpcClientProtocolClient.java:onNext(254)) - client-7F7296B99608->ffc7b071-00b3-4a69-8de5-2639a1a8d8ac: receive RaftClientReply:client-7F7296B99608->ffc7b071-00b3-4a69-8de5-2639a1a8d8ac@group-6911E2D50CC5, cid=1258, SUCCESS, logIndex=2182, commits[ffc7b071-00b3-4a69-8de5-2639a1a8d8ac:c2182]
2019-06-12 16:04:52,222 INFO  client.GrpcClientProtocolClient (GrpcClientProtocolClient.java:onNext(254)) - client-7F7296B99608->ffc7b071-00b3-4a69-8de5-2639a1a8d8ac: receive RaftClientReply:client-7F7296B99608->ffc7b071-00b3-4a69-8de5-2639a1a8d8ac@group-6911E2D50CC5, cid=1259, SUCCESS, logIndex=2183, commits[ffc7b071-00b3-4a69-8de5-2639a1a8d8ac:c2185]
2019-06-12 16:04:52,222 INFO  client.GrpcClientProtocolClient (GrpcClientProtocolClient.java:onNext(254)) - client-7F7296B99608->ffc7b071-00b3-4a69-8de5-2639a1a8d8ac: receive RaftClientReply:client-7F7296B99608->ffc7b071-00b3-4a69-8de5-2639a1a8d8ac@group-6911E2D50CC5, cid=1260, SUCCESS, logIndex=2185, commits[ffc7b071-00b3-4a69-8de5-2639a1a8d8ac:c2185]
2019-06-12 16:04:52,228 INFO  client.GrpcClientProtocolClient (GrpcClientProtocolClient.java:onNext(254)) - client-7F7296B99608->ffc7b071-00b3-4a69-8de5-2639a1a8d8ac: receive RaftClientReply:client-7F7296B99608->ffc7b071-00b3-4a69-8de5-2639a1a8d8ac@group-6911E2D50CC5, cid=1261, SUCCESS, logIndex=2187, commits[ffc7b071-00b3-4a69-8de5-2639a1a8d8ac:c2187]
2019-06-12 16:04:52,229 INFO  client.GrpcClientProtocolClient (GrpcClientProtocolClient.java:onNext(254)) - client-7F7296B99608->ffc7b071-00b3-4a69-8de5-2639a1a8d8ac: receive RaftClientReply:client-7F7296B99608->ffc7b071-00b3-4a69-8de5-2639a1a8d8ac@group-6911E2D50CC5, cid=1262, SUCCESS, logIndex=2189, commits[ffc7b071-00b3-4a69-8de5-2639a1a8d8ac:c2189]
2019-06-12 16:04:52,230 INFO  client.GrpcClientProtocolClient (GrpcClientProtocolClient.java:onNext(254)) - client-7F7296B99608->ffc7b071-00b3-4a69-8de5-2639a1a8d8ac: receive RaftClientReply:client-7F7296B99608->ffc7b071-00b3-4a69-8de5-2639a1a8d8ac@group-6911E2D50CC5, cid=1263, SUCCESS, logIndex=2190, commits[ffc7b071-00b3-4a69-8de5-2639a1a8d8ac:c2192]
2019-06-12 16:04:52,231 INFO  client.GrpcClientProtocolClient (GrpcClientProtocolClient.java:onNext(254)) - client-7F7296B99608->ffc7b071-00b3-4a69-8de5-2639a1a8d8ac: receive RaftClientReply:client-7F7296B99608->ffc7b071-00b3-4a69-8de5-2639a1a8d8ac@group-6911E2D50CC5, cid=1264, SUCCESS, logIndex=2191, commits[ffc7b071-00b3-4a69-8de5-2639a1a8d8ac:c2192]
2019-06-12 16:04:52,241 INFO  client.GrpcClientProtocolClient (GrpcClientProtocolClient.java:onNext(254)) - client-7F7296B99608->ffc7b071-00b3-4a69-8de5-2639a1a8d8ac: receive RaftClientReply:client-7F7296B99608->ffc7b071-00b3-4a69-8de5-2639a1a8d8ac@group-6911E2D50CC5, cid=1265, SUCCESS, logIndex=2193, commits[ffc7b071-00b3-4a69-8de5-2639a1a8d8ac:c2193]
2019-06-12 16:04:52,242 DEBUG block.SCMBlockDeletingService (SCMBlockDeletingService.java:call(138)) - Running DeletedBlockTransactionScanner
2019-06-12 16:04:52,242 DEBUG block.SCMBlockDeletingService (SCMBlockDeletingService.java:call(155)) - Scanned deleted blocks log and got 0 delTX to process.
2019-06-12 16:04:52,243 INFO  client.GrpcClientProtocolClient (GrpcClientProtocolClient.java:onNext(254)) - client-7F7296B99608->ffc7b071-00b3-4a69-8de5-2639a1a8d8ac: receive RaftClientReply:client-7F7296B99608->ffc7b071-00b3-4a69-8de5-2639a1a8d8ac@group-6911E2D50CC5, cid=1266, SUCCESS, logIndex=2195, commits[ffc7b071-00b3-4a69-8de5-2639a1a8d8ac:c2195]
2019-06-12 16:04:52,243 INFO  client.GrpcClientProtocolClient (GrpcClientProtocolClient.java:onNext(254)) - client-7F7296B99608->ffc7b071-00b3-4a69-8de5-2639a1a8d8ac: receive RaftClientReply:client-7F7296B99608->ffc7b071-00b3-4a69-8de5-2639a1a8d8ac@group-6911E2D50CC5, cid=1267, SUCCESS, logIndex=2196, commits[ffc7b071-00b3-4a69-8de5-2639a1a8d8ac:c2197]
2019-06-12 16:04:52,244 INFO  client.GrpcClientProtocolClient (GrpcClientProtocolClient.java:onNext(254)) - client-7F7296B99608->ffc7b071-00b3-4a69-8de5-2639a1a8d8ac: receive RaftClientReply:client-7F7296B99608->ffc7b071-00b3-4a69-8de5-2639a1a8d8ac@group-6911E2D50CC5, cid=1268, SUCCESS, logIndex=2198, commits[ffc7b071-00b3-4a69-8de5-2639a1a8d8ac:c2198]
2019-06-12 16:04:52,251 INFO  client.GrpcClientProtocolClient (GrpcClientProtocolClient.java:onNext(254)) - client-7F7296B99608->ffc7b071-00b3-4a69-8de5-2639a1a8d8ac: receive RaftClientReply:client-7F7296B99608->ffc7b071-00b3-4a69-8de5-2639a1a8d8ac@group-6911E2D50CC5, cid=1269, SUCCESS, logIndex=2200, commits[ffc7b071-00b3-4a69-8de5-2639a1a8d8ac:c2200]
2019-06-12 16:04:52,252 INFO  client.GrpcClientProtocolClient (GrpcClientProtocolClient.java:onNext(254)) - client-7F7296B99608->ffc7b071-00b3-4a69-8de5-2639a1a8d8ac: receive RaftClientReply:client-7F7296B99608->ffc7b071-00b3-4a69-8de5-2639a1a8d8ac@group-6911E2D50CC5, cid=1270, SUCCESS, logIndex=2202, commits[ffc7b071-00b3-4a69-8de5-2639a1a8d8ac:c2202]
2019-06-12 16:04:52,253 INFO  client.GrpcClientProtocolClient (GrpcClientProtocolClient.java:onNext(254)) - client-7F7296B99608->ffc7b071-00b3-4a69-8de5-2639a1a8d8ac: receive RaftClientReply:client-7F7296B99608->ffc7b071-00b3-4a69-8de5-2639a1a8d8ac@group-6911E2D50CC5, cid=1271, SUCCESS, logIndex=2203, commits[ffc7b071-00b3-4a69-8de5-2639a1a8d8ac:c2205]
2019-06-12 16:04:52,254 INFO  client.GrpcClientProtocolClient (GrpcClientProtocolClient.java:onNext(254)) - client-7F7296B99608->ffc7b071-00b3-4a69-8de5-2639a1a8d8ac: receive RaftClientReply:client-7F7296B99608->ffc7b071-00b3-4a69-8de5-2639a1a8d8ac@group-6911E2D50CC5, cid=1272, SUCCESS, logIndex=2205, commits[ffc7b071-00b3-4a69-8de5-2639a1a8d8ac:c2205]
2019-06-12 16:04:52,262 INFO  client.GrpcClientProtocolClient (GrpcClientProtocolClient.java:onNext(254)) - client-7F7296B99608->ffc7b071-00b3-4a69-8de5-2639a1a8d8ac: receive RaftClientReply:client-7F7296B99608->ffc7b071-00b3-4a69-8de5-2639a1a8d8ac@group-6911E2D50CC5, cid=1273, SUCCESS, logIndex=2207, commits[ffc7b071-00b3-4a69-8de5-2639a1a8d8ac:c2207]
2019-06-12 16:04:52,264 INFO  client.GrpcClientProtocolClient (GrpcClientProtocolClient.java:onNext(254)) - client-7F7296B99608->ffc7b071-00b3-4a69-8de5-2639a1a8d8ac: receive RaftClientReply:client-7F7296B99608->ffc7b071-00b3-4a69-8de5-2639a1a8d8ac@group-6911E2D50CC5, cid=1274, SUCCESS, logIndex=2209, commits[ffc7b071-00b3-4a69-8de5-2639a1a8d8ac:c2209]
2019-06-12 16:04:52,265 INFO  client.GrpcClientProtocolClient (GrpcClientProtocolClient.java:onNext(254)) - client-7F7296B99608->ffc7b071-00b3-4a69-8de5-2639a1a8d8ac: receive RaftClientReply:client-7F7296B99608->ffc7b071-00b3-4a69-8de5-2639a1a8d8ac@group-6911E2D50CC5, cid=1275, SUCCESS, logIndex=2210, commits[ffc7b071-00b3-4a69-8de5-2639a1a8d8ac:c2212]
2019-06-12 16:04:52,266 INFO  client.GrpcClientProtocolClient (GrpcClientProtocolClient.java:onNext(254)) - client-7F7296B99608->ffc7b071-00b3-4a69-8de5-2639a1a8d8ac: receive RaftClientReply:client-7F7296B99608->ffc7b071-00b3-4a69-8de5-2639a1a8d8ac@group-6911E2D50CC5, cid=1276, SUCCESS, logIndex=2212, commits[ffc7b071-00b3-4a69-8de5-2639a1a8d8ac:c2213]
2019-06-12 16:04:52,273 INFO  client.GrpcClientProtocolClient (GrpcClientProtocolClient.java:onNext(254)) - client-7F7296B99608->ffc7b071-00b3-4a69-8de5-2639a1a8d8ac: receive RaftClientReply:client-7F7296B99608->ffc7b071-00b3-4a69-8de5-2639a1a8d8ac@group-6911E2D50CC5, cid=1277, SUCCESS, logIndex=2214, commits[ffc7b071-00b3-4a69-8de5-2639a1a8d8ac:c2214]
2019-06-12 16:04:52,274 INFO  client.GrpcClientProtocolClient (GrpcClientProtocolClient.java:onNext(254)) - client-7F7296B99608->ffc7b071-00b3-4a69-8de5-2639a1a8d8ac: receive RaftClientReply:client-7F7296B99608->ffc7b071-00b3-4a69-8de5-2639a1a8d8ac@group-6911E2D50CC5, cid=1278, SUCCESS, logIndex=2216, commits[ffc7b071-00b3-4a69-8de5-2639a1a8d8ac:c2216]
2019-06-12 16:04:52,276 INFO  client.GrpcClientProtocolClient (GrpcClientProtocolClient.java:onNext(254)) - client-7F7296B99608->ffc7b071-00b3-4a69-8de5-2639a1a8d8ac: receive RaftClientReply:client-7F7296B99608->ffc7b071-00b3-4a69-8de5-2639a1a8d8ac@group-6911E2D50CC5, cid=1279, SUCCESS, logIndex=2217, commits[ffc7b071-00b3-4a69-8de5-2639a1a8d8ac:c2219]
2019-06-12 16:04:52,276 INFO  client.GrpcClientProtocolClient (GrpcClientProtocolClient.java:onNext(254)) - client-7F7296B99608->ffc7b071-00b3-4a69-8de5-2639a1a8d8ac: receive RaftClientReply:client-7F7296B99608->ffc7b071-00b3-4a69-8de5-2639a1a8d8ac@group-6911E2D50CC5, cid=1280, SUCCESS, logIndex=2219, commits[ffc7b071-00b3-4a69-8de5-2639a1a8d8ac:c2220]
2019-06-12 16:04:52,292 INFO  client.GrpcClientProtocolClient (GrpcClientProtocolClient.java:onNext(254)) - client-7F7296B99608->ffc7b071-00b3-4a69-8de5-2639a1a8d8ac: receive RaftClientReply:client-7F7296B99608->ffc7b071-00b3-4a69-8de5-2639a1a8d8ac@group-6911E2D50CC5, cid=1281, SUCCESS, logIndex=2221, commits[ffc7b071-00b3-4a69-8de5-2639a1a8d8ac:c2221]
2019-06-12 16:04:52,293 INFO  client.GrpcClientProtocolClient (GrpcClientProtocolClient.java:onNext(254)) - client-7F7296B99608->ffc7b071-00b3-4a69-8de5-2639a1a8d8ac: receive RaftClientReply:client-7F7296B99608->ffc7b071-00b3-4a69-8de5-2639a1a8d8ac@group-6911E2D50CC5, cid=1282, SUCCESS, logIndex=2223, commits[ffc7b071-00b3-4a69-8de5-2639a1a8d8ac:c2223]
2019-06-12 16:04:52,342 DEBUG block.SCMBlockDeletingService (SCMBlockDeletingService.java:call(138)) - Running DeletedBlockTransactionScanner
2019-06-12 16:04:52,343 DEBUG block.SCMBlockDeletingService (SCMBlockDeletingService.java:call(155)) - Scanned deleted blocks log and got 0 delTX to process.
2019-06-12 16:04:52,356 INFO  storage.RaftLogWorker (RaftLogWorker.java:rollLogSegment(303)) - ffc7b071-00b3-4a69-8de5-2639a1a8d8ac-RaftLogWorker: Rolling segment log-2150_2224 to index:2224
2019-06-12 16:04:52,356 INFO  storage.RaftLogWorker (RaftLogWorker.java:execute(433)) - ffc7b071-00b3-4a69-8de5-2639a1a8d8ac-RaftLogWorker: Rolled log segment from /opt/src/hadoop-ozone/integration-test/target/test-dir/MiniOzoneClusterImpl-a1c7246e-c692-4524-ad55-32b507b20431/datanode-0/data/ratis/4417d833-4fb6-4fa2-9413-6911e2d50cc5/current/log_inprogress_2150 to /opt/src/hadoop-ozone/integration-test/target/test-dir/MiniOzoneClusterImpl-a1c7246e-c692-4524-ad55-32b507b20431/datanode-0/data/ratis/4417d833-4fb6-4fa2-9413-6911e2d50cc5/current/log_2150-2224
2019-06-12 16:04:52,391 INFO  storage.RaftLogWorker (RaftLogWorker.java:execute(469)) - ffc7b071-00b3-4a69-8de5-2639a1a8d8ac-RaftLogWorker: created new log segment /opt/src/hadoop-ozone/integration-test/target/test-dir/MiniOzoneClusterImpl-a1c7246e-c692-4524-ad55-32b507b20431/datanode-0/data/ratis/4417d833-4fb6-4fa2-9413-6911e2d50cc5/current/log_inprogress_2225
2019-06-12 16:04:52,393 INFO  client.GrpcClientProtocolClient (GrpcClientProtocolClient.java:onNext(254)) - client-7F7296B99608->ffc7b071-00b3-4a69-8de5-2639a1a8d8ac: receive RaftClientReply:client-7F7296B99608->ffc7b071-00b3-4a69-8de5-2639a1a8d8ac@group-6911E2D50CC5, cid=1283, SUCCESS, logIndex=2225, commits[ffc7b071-00b3-4a69-8de5-2639a1a8d8ac:c2225]
2019-06-12 16:04:52,395 INFO  client.GrpcClientProtocolClient (GrpcClientProtocolClient.java:onNext(254)) - client-7F7296B99608->ffc7b071-00b3-4a69-8de5-2639a1a8d8ac: receive RaftClientReply:client-7F7296B99608->ffc7b071-00b3-4a69-8de5-2639a1a8d8ac@group-6911E2D50CC5, cid=1284, SUCCESS, logIndex=2227, commits[ffc7b071-00b3-4a69-8de5-2639a1a8d8ac:c2227]
2019-06-12 16:04:52,401 INFO  client.GrpcClientProtocolClient (GrpcClientProtocolClient.java:onNext(254)) - client-7F7296B99608->ffc7b071-00b3-4a69-8de5-2639a1a8d8ac: receive RaftClientReply:client-7F7296B99608->ffc7b071-00b3-4a69-8de5-2639a1a8d8ac@group-6911E2D50CC5, cid=1285, SUCCESS, logIndex=2229, commits[ffc7b071-00b3-4a69-8de5-2639a1a8d8ac:c2229]
2019-06-12 16:04:52,404 INFO  client.GrpcClientProtocolClient (GrpcClientProtocolClient.java:onNext(254)) - client-7F7296B99608->ffc7b071-00b3-4a69-8de5-2639a1a8d8ac: receive RaftClientReply:client-7F7296B99608->ffc7b071-00b3-4a69-8de5-2639a1a8d8ac@group-6911E2D50CC5, cid=1286, SUCCESS, logIndex=2231, commits[ffc7b071-00b3-4a69-8de5-2639a1a8d8ac:c2231]
2019-06-12 16:04:52,404 INFO  client.GrpcClientProtocolClient (GrpcClientProtocolClient.java:onNext(254)) - client-7F7296B99608->ffc7b071-00b3-4a69-8de5-2639a1a8d8ac: receive RaftClientReply:client-7F7296B99608->ffc7b071-00b3-4a69-8de5-2639a1a8d8ac@group-6911E2D50CC5, cid=1287, SUCCESS, logIndex=2232, commits[ffc7b071-00b3-4a69-8de5-2639a1a8d8ac:c2234]
2019-06-12 16:04:52,404 INFO  client.GrpcClientProtocolClient (GrpcClientProtocolClient.java:onNext(254)) - client-7F7296B99608->ffc7b071-00b3-4a69-8de5-2639a1a8d8ac: receive RaftClientReply:client-7F7296B99608->ffc7b071-00b3-4a69-8de5-2639a1a8d8ac@group-6911E2D50CC5, cid=1288, SUCCESS, logIndex=2234, commits[ffc7b071-00b3-4a69-8de5-2639a1a8d8ac:c2234]
2019-06-12 16:04:52,415 INFO  client.GrpcClientProtocolClient (GrpcClientProtocolClient.java:onNext(254)) - client-7F7296B99608->ffc7b071-00b3-4a69-8de5-2639a1a8d8ac: receive RaftClientReply:client-7F7296B99608->ffc7b071-00b3-4a69-8de5-2639a1a8d8ac@group-6911E2D50CC5, cid=1289, SUCCESS, logIndex=2236, commits[ffc7b071-00b3-4a69-8de5-2639a1a8d8ac:c2236]
2019-06-12 16:04:52,417 INFO  client.GrpcClientProtocolClient (GrpcClientProtocolClient.java:onNext(254)) - client-7F7296B99608->ffc7b071-00b3-4a69-8de5-2639a1a8d8ac: receive RaftClientReply:client-7F7296B99608->ffc7b071-00b3-4a69-8de5-2639a1a8d8ac@group-6911E2D50CC5, cid=1290, SUCCESS, logIndex=2238, commits[ffc7b071-00b3-4a69-8de5-2639a1a8d8ac:c2238]
2019-06-12 16:04:52,418 INFO  client.GrpcClientProtocolClient (GrpcClientProtocolClient.java:onNext(254)) - client-7F7296B99608->ffc7b071-00b3-4a69-8de5-2639a1a8d8ac: receive RaftClientReply:client-7F7296B99608->ffc7b071-00b3-4a69-8de5-2639a1a8d8ac@group-6911E2D50CC5, cid=1291, SUCCESS, logIndex=2239, commits[ffc7b071-00b3-4a69-8de5-2639a1a8d8ac:c2240]
2019-06-12 16:04:52,418 INFO  client.GrpcClientProtocolClient (GrpcClientProtocolClient.java:onNext(254)) - client-7F7296B99608->ffc7b071-00b3-4a69-8de5-2639a1a8d8ac: receive RaftClientReply:client-7F7296B99608->ffc7b071-00b3-4a69-8de5-2639a1a8d8ac@group-6911E2D50CC5, cid=1292, SUCCESS, logIndex=2240, commits[ffc7b071-00b3-4a69-8de5-2639a1a8d8ac:c2240]
2019-06-12 16:04:52,424 INFO  client.GrpcClientProtocolClient (GrpcClientProtocolClient.java:onNext(254)) - client-7F7296B99608->ffc7b071-00b3-4a69-8de5-2639a1a8d8ac: receive RaftClientReply:client-7F7296B99608->ffc7b071-00b3-4a69-8de5-2639a1a8d8ac@group-6911E2D50CC5, cid=1293, SUCCESS, logIndex=2243, commits[ffc7b071-00b3-4a69-8de5-2639a1a8d8ac:c2243]
2019-06-12 16:04:52,426 INFO  client.GrpcClientProtocolClient (GrpcClientProtocolClient.java:onNext(254)) - client-7F7296B99608->ffc7b071-00b3-4a69-8de5-2639a1a8d8ac: receive RaftClientReply:client-7F7296B99608->ffc7b071-00b3-4a69-8de5-2639a1a8d8ac@group-6911E2D50CC5, cid=1294, SUCCESS, logIndex=2245, commits[ffc7b071-00b3-4a69-8de5-2639a1a8d8ac:c2245]
2019-06-12 16:04:52,427 INFO  client.GrpcClientProtocolClient (GrpcClientProtocolClient.java:onNext(254)) - client-7F7296B99608->ffc7b071-00b3-4a69-8de5-2639a1a8d8ac: receive RaftClientReply:client-7F7296B99608->ffc7b071-00b3-4a69-8de5-2639a1a8d8ac@group-6911E2D50CC5, cid=1295, SUCCESS, logIndex=2246, commits[ffc7b071-00b3-4a69-8de5-2639a1a8d8ac:c2247]
2019-06-12 16:04:52,427 INFO  client.GrpcClientProtocolClient (GrpcClientProtocolClient.java:onNext(254)) - client-7F7296B99608->ffc7b071-00b3-4a69-8de5-2639a1a8d8ac: receive RaftClientReply:client-7F7296B99608->ffc7b071-00b3-4a69-8de5-2639a1a8d8ac@group-6911E2D50CC5, cid=1296, SUCCESS, logIndex=2247, commits[ffc7b071-00b3-4a69-8de5-2639a1a8d8ac:c2247]
2019-06-12 16:04:52,436 INFO  client.GrpcClientProtocolClient (GrpcClientProtocolClient.java:onNext(254)) - client-7F7296B99608->ffc7b071-00b3-4a69-8de5-2639a1a8d8ac: receive RaftClientReply:client-7F7296B99608->ffc7b071-00b3-4a69-8de5-2639a1a8d8ac@group-6911E2D50CC5, cid=1297, SUCCESS, logIndex=2250, commits[ffc7b071-00b3-4a69-8de5-2639a1a8d8ac:c2250]
2019-06-12 16:04:52,438 INFO  client.GrpcClientProtocolClient (GrpcClientProtocolClient.java:onNext(254)) - client-7F7296B99608->ffc7b071-00b3-4a69-8de5-2639a1a8d8ac: receive RaftClientReply:client-7F7296B99608->ffc7b071-00b3-4a69-8de5-2639a1a8d8ac@group-6911E2D50CC5, cid=1298, SUCCESS, logIndex=2252, commits[ffc7b071-00b3-4a69-8de5-2639a1a8d8ac:c2252]
2019-06-12 16:04:52,439 INFO  client.GrpcClientProtocolClient (GrpcClientProtocolClient.java:onNext(254)) - client-7F7296B99608->ffc7b071-00b3-4a69-8de5-2639a1a8d8ac: receive RaftClientReply:client-7F7296B99608->ffc7b071-00b3-4a69-8de5-2639a1a8d8ac@group-6911E2D50CC5, cid=1299, SUCCESS, logIndex=2253, commits[ffc7b071-00b3-4a69-8de5-2639a1a8d8ac:c2255]
2019-06-12 16:04:52,439 INFO  client.GrpcClientProtocolClient (GrpcClientProtocolClient.java:onNext(254)) - client-7F7296B99608->ffc7b071-00b3-4a69-8de5-2639a1a8d8ac: receive RaftClientReply:client-7F7296B99608->ffc7b071-00b3-4a69-8de5-2639a1a8d8ac@group-6911E2D50CC5, cid=1300, SUCCESS, logIndex=2254, commits[ffc7b071-00b3-4a69-8de5-2639a1a8d8ac:c2255]
2019-06-12 16:04:52,443 DEBUG block.SCMBlockDeletingService (SCMBlockDeletingService.java:call(138)) - Running DeletedBlockTransactionScanner
2019-06-12 16:04:52,443 DEBUG block.SCMBlockDeletingService (SCMBlockDeletingService.java:call(155)) - Scanned deleted blocks log and got 0 delTX to process.
2019-06-12 16:04:52,444 INFO  client.GrpcClientProtocolClient (GrpcClientProtocolClient.java:onNext(254)) - client-7F7296B99608->ffc7b071-00b3-4a69-8de5-2639a1a8d8ac: receive RaftClientReply:client-7F7296B99608->ffc7b071-00b3-4a69-8de5-2639a1a8d8ac@group-6911E2D50CC5, cid=1301, SUCCESS, logIndex=2256, commits[ffc7b071-00b3-4a69-8de5-2639a1a8d8ac:c2256]
2019-06-12 16:04:52,446 INFO  client.GrpcClientProtocolClient (GrpcClientProtocolClient.java:onNext(254)) - client-7F7296B99608->ffc7b071-00b3-4a69-8de5-2639a1a8d8ac: receive RaftClientReply:client-7F7296B99608->ffc7b071-00b3-4a69-8de5-2639a1a8d8ac@group-6911E2D50CC5, cid=1302, SUCCESS, logIndex=2258, commits[ffc7b071-00b3-4a69-8de5-2639a1a8d8ac:c2258]
2019-06-12 16:04:52,448 INFO  client.GrpcClientProtocolClient (GrpcClientProtocolClient.java:onNext(254)) - client-7F7296B99608->ffc7b071-00b3-4a69-8de5-2639a1a8d8ac: receive RaftClientReply:client-7F7296B99608->ffc7b071-00b3-4a69-8de5-2639a1a8d8ac@group-6911E2D50CC5, cid=1303, SUCCESS, logIndex=2260, commits[ffc7b071-00b3-4a69-8de5-2639a1a8d8ac:c2261]
2019-06-12 16:04:52,449 INFO  client.GrpcClientProtocolClient (GrpcClientProtocolClient.java:onNext(254)) - client-7F7296B99608->ffc7b071-00b3-4a69-8de5-2639a1a8d8ac: receive RaftClientReply:client-7F7296B99608->ffc7b071-00b3-4a69-8de5-2639a1a8d8ac@group-6911E2D50CC5, cid=1304, SUCCESS, logIndex=2261, commits[ffc7b071-00b3-4a69-8de5-2639a1a8d8ac:c2261]
2019-06-12 16:04:52,459 INFO  client.GrpcClientProtocolClient (GrpcClientProtocolClient.java:onNext(254)) - client-7F7296B99608->ffc7b071-00b3-4a69-8de5-2639a1a8d8ac: receive RaftClientReply:client-7F7296B99608->ffc7b071-00b3-4a69-8de5-2639a1a8d8ac@group-6911E2D50CC5, cid=1305, SUCCESS, logIndex=2263, commits[ffc7b071-00b3-4a69-8de5-2639a1a8d8ac:c2263]
2019-06-12 16:04:52,460 INFO  client.GrpcClientProtocolClient (GrpcClientProtocolClient.java:onNext(254)) - client-7F7296B99608->ffc7b071-00b3-4a69-8de5-2639a1a8d8ac: receive RaftClientReply:client-7F7296B99608->ffc7b071-00b3-4a69-8de5-2639a1a8d8ac@group-6911E2D50CC5, cid=1306, SUCCESS, logIndex=2265, commits[ffc7b071-00b3-4a69-8de5-2639a1a8d8ac:c2265]
2019-06-12 16:04:52,462 INFO  client.GrpcClientProtocolClient (GrpcClientProtocolClient.java:onNext(254)) - client-7F7296B99608->ffc7b071-00b3-4a69-8de5-2639a1a8d8ac: receive RaftClientReply:client-7F7296B99608->ffc7b071-00b3-4a69-8de5-2639a1a8d8ac@group-6911E2D50CC5, cid=1307, SUCCESS, logIndex=2266, commits[ffc7b071-00b3-4a69-8de5-2639a1a8d8ac:c2268]
2019-06-12 16:04:52,462 INFO  client.GrpcClientProtocolClient (GrpcClientProtocolClient.java:onNext(254)) - client-7F7296B99608->ffc7b071-00b3-4a69-8de5-2639a1a8d8ac: receive RaftClientReply:client-7F7296B99608->ffc7b071-00b3-4a69-8de5-2639a1a8d8ac@group-6911E2D50CC5, cid=1308, SUCCESS, logIndex=2267, commits[ffc7b071-00b3-4a69-8de5-2639a1a8d8ac:c2268]
2019-06-12 16:04:52,467 INFO  client.GrpcClientProtocolClient (GrpcClientProtocolClient.java:onNext(254)) - client-7F7296B99608->ffc7b071-00b3-4a69-8de5-2639a1a8d8ac: receive RaftClientReply:client-7F7296B99608->ffc7b071-00b3-4a69-8de5-2639a1a8d8ac@group-6911E2D50CC5, cid=1309, SUCCESS, logIndex=2269, commits[ffc7b071-00b3-4a69-8de5-2639a1a8d8ac:c2269]
2019-06-12 16:04:52,469 INFO  client.GrpcClientProtocolClient (GrpcClientProtocolClient.java:onNext(254)) - client-7F7296B99608->ffc7b071-00b3-4a69-8de5-2639a1a8d8ac: receive RaftClientReply:client-7F7296B99608->ffc7b071-00b3-4a69-8de5-2639a1a8d8ac@group-6911E2D50CC5, cid=1310, SUCCESS, logIndex=2271, commits[ffc7b071-00b3-4a69-8de5-2639a1a8d8ac:c2271]
2019-06-12 16:04:52,470 INFO  client.GrpcClientProtocolClient (GrpcClientProtocolClient.java:onNext(254)) - client-7F7296B99608->ffc7b071-00b3-4a69-8de5-2639a1a8d8ac: receive RaftClientReply:client-7F7296B99608->ffc7b071-00b3-4a69-8de5-2639a1a8d8ac@group-6911E2D50CC5, cid=1311, SUCCESS, logIndex=2272, commits[ffc7b071-00b3-4a69-8de5-2639a1a8d8ac:c2274]
2019-06-12 16:04:52,470 INFO  client.GrpcClientProtocolClient (GrpcClientProtocolClient.java:onNext(254)) - client-7F7296B99608->ffc7b071-00b3-4a69-8de5-2639a1a8d8ac: receive RaftClientReply:client-7F7296B99608->ffc7b071-00b3-4a69-8de5-2639a1a8d8ac@group-6911E2D50CC5, cid=1312, SUCCESS, logIndex=2273, commits[ffc7b071-00b3-4a69-8de5-2639a1a8d8ac:c2274]
2019-06-12 16:04:52,480 INFO  client.GrpcClientProtocolClient (GrpcClientProtocolClient.java:onNext(254)) - client-7F7296B99608->ffc7b071-00b3-4a69-8de5-2639a1a8d8ac: receive RaftClientReply:client-7F7296B99608->ffc7b071-00b3-4a69-8de5-2639a1a8d8ac@group-6911E2D50CC5, cid=1313, SUCCESS, logIndex=2275, commits[ffc7b071-00b3-4a69-8de5-2639a1a8d8ac:c2275]
2019-06-12 16:04:52,482 INFO  client.GrpcClientProtocolClient (GrpcClientProtocolClient.java:onNext(254)) - client-7F7296B99608->ffc7b071-00b3-4a69-8de5-2639a1a8d8ac: receive RaftClientReply:client-7F7296B99608->ffc7b071-00b3-4a69-8de5-2639a1a8d8ac@group-6911E2D50CC5, cid=1314, SUCCESS, logIndex=2277, commits[ffc7b071-00b3-4a69-8de5-2639a1a8d8ac:c2277]
2019-06-12 16:04:52,483 INFO  client.GrpcClientProtocolClient (GrpcClientProtocolClient.java:onNext(254)) - client-7F7296B99608->ffc7b071-00b3-4a69-8de5-2639a1a8d8ac: receive RaftClientReply:client-7F7296B99608->ffc7b071-00b3-4a69-8de5-2639a1a8d8ac@group-6911E2D50CC5, cid=1315, SUCCESS, logIndex=2278, commits[ffc7b071-00b3-4a69-8de5-2639a1a8d8ac:c2278]
2019-06-12 16:04:52,483 INFO  client.GrpcClientProtocolClient (GrpcClientProtocolClient.java:onNext(254)) - client-7F7296B99608->ffc7b071-00b3-4a69-8de5-2639a1a8d8ac: receive RaftClientReply:client-7F7296B99608->ffc7b071-00b3-4a69-8de5-2639a1a8d8ac@group-6911E2D50CC5, cid=1316, SUCCESS, logIndex=2280, commits[ffc7b071-00b3-4a69-8de5-2639a1a8d8ac:c2280]
2019-06-12 16:04:52,489 INFO  client.GrpcClientProtocolClient (GrpcClientProtocolClient.java:onNext(254)) - client-7F7296B99608->ffc7b071-00b3-4a69-8de5-2639a1a8d8ac: receive RaftClientReply:client-7F7296B99608->ffc7b071-00b3-4a69-8de5-2639a1a8d8ac@group-6911E2D50CC5, cid=1317, SUCCESS, logIndex=2283, commits[ffc7b071-00b3-4a69-8de5-2639a1a8d8ac:c2283]
2019-06-12 16:04:52,491 INFO  client.GrpcClientProtocolClient (GrpcClientProtocolClient.java:onNext(254)) - client-7F7296B99608->ffc7b071-00b3-4a69-8de5-2639a1a8d8ac: receive RaftClientReply:client-7F7296B99608->ffc7b071-00b3-4a69-8de5-2639a1a8d8ac@group-6911E2D50CC5, cid=1318, SUCCESS, logIndex=2285, commits[ffc7b071-00b3-4a69-8de5-2639a1a8d8ac:c2285]
2019-06-12 16:04:52,491 INFO  client.GrpcClientProtocolClient (GrpcClientProtocolClient.java:onNext(254)) - client-7F7296B99608->ffc7b071-00b3-4a69-8de5-2639a1a8d8ac: receive RaftClientReply:client-7F7296B99608->ffc7b071-00b3-4a69-8de5-2639a1a8d8ac@group-6911E2D50CC5, cid=1319, SUCCESS, logIndex=2286, commits[ffc7b071-00b3-4a69-8de5-2639a1a8d8ac:c2288]
2019-06-12 16:04:52,492 INFO  client.GrpcClientProtocolClient (GrpcClientProtocolClient.java:onNext(254)) - client-7F7296B99608->ffc7b071-00b3-4a69-8de5-2639a1a8d8ac: receive RaftClientReply:client-7F7296B99608->ffc7b071-00b3-4a69-8de5-2639a1a8d8ac@group-6911E2D50CC5, cid=1320, SUCCESS, logIndex=2287, commits[ffc7b071-00b3-4a69-8de5-2639a1a8d8ac:c2288]
2019-06-12 16:04:52,503 INFO  client.GrpcClientProtocolClient (GrpcClientProtocolClient.java:onNext(254)) - client-7F7296B99608->ffc7b071-00b3-4a69-8de5-2639a1a8d8ac: receive RaftClientReply:client-7F7296B99608->ffc7b071-00b3-4a69-8de5-2639a1a8d8ac@group-6911E2D50CC5, cid=1321, SUCCESS, logIndex=2289, commits[ffc7b071-00b3-4a69-8de5-2639a1a8d8ac:c2289]
2019-06-12 16:04:52,505 INFO  client.GrpcClientProtocolClient (GrpcClientProtocolClient.java:onNext(254)) - client-7F7296B99608->ffc7b071-00b3-4a69-8de5-2639a1a8d8ac: receive RaftClientReply:client-7F7296B99608->ffc7b071-00b3-4a69-8de5-2639a1a8d8ac@group-6911E2D50CC5, cid=1322, SUCCESS, logIndex=2291, commits[ffc7b071-00b3-4a69-8de5-2639a1a8d8ac:c2291]
2019-06-12 16:04:52,506 INFO  client.GrpcClientProtocolClient (GrpcClientProtocolClient.java:onNext(254)) - client-7F7296B99608->ffc7b071-00b3-4a69-8de5-2639a1a8d8ac: receive RaftClientReply:client-7F7296B99608->ffc7b071-00b3-4a69-8de5-2639a1a8d8ac@group-6911E2D50CC5, cid=1323, SUCCESS, logIndex=2292, commits[ffc7b071-00b3-4a69-8de5-2639a1a8d8ac:c2294]
2019-06-12 16:04:52,507 INFO  client.GrpcClientProtocolClient (GrpcClientProtocolClient.java:onNext(254)) - client-7F7296B99608->ffc7b071-00b3-4a69-8de5-2639a1a8d8ac: receive RaftClientReply:client-7F7296B99608->ffc7b071-00b3-4a69-8de5-2639a1a8d8ac@group-6911E2D50CC5, cid=1324, SUCCESS, logIndex=2294, commits[ffc7b071-00b3-4a69-8de5-2639a1a8d8ac:c2294]
2019-06-12 16:04:52,546 DEBUG block.SCMBlockDeletingService (SCMBlockDeletingService.java:call(138)) - Running DeletedBlockTransactionScanner
2019-06-12 16:04:52,546 DEBUG block.SCMBlockDeletingService (SCMBlockDeletingService.java:call(155)) - Scanned deleted blocks log and got 0 delTX to process.
2019-06-12 16:04:52,551 INFO  client.GrpcClientProtocolClient (GrpcClientProtocolClient.java:onNext(254)) - client-7F7296B99608->ffc7b071-00b3-4a69-8de5-2639a1a8d8ac: receive RaftClientReply:client-7F7296B99608->ffc7b071-00b3-4a69-8de5-2639a1a8d8ac@group-6911E2D50CC5, cid=1325, SUCCESS, logIndex=2296, commits[ffc7b071-00b3-4a69-8de5-2639a1a8d8ac:c2296]
2019-06-12 16:04:52,552 INFO  storage.RaftLogWorker (RaftLogWorker.java:rollLogSegment(303)) - ffc7b071-00b3-4a69-8de5-2639a1a8d8ac-RaftLogWorker: Rolling segment log-2225_2297 to index:2297
2019-06-12 16:04:52,552 INFO  storage.RaftLogWorker (RaftLogWorker.java:execute(433)) - ffc7b071-00b3-4a69-8de5-2639a1a8d8ac-RaftLogWorker: Rolled log segment from /opt/src/hadoop-ozone/integration-test/target/test-dir/MiniOzoneClusterImpl-a1c7246e-c692-4524-ad55-32b507b20431/datanode-0/data/ratis/4417d833-4fb6-4fa2-9413-6911e2d50cc5/current/log_inprogress_2225 to /opt/src/hadoop-ozone/integration-test/target/test-dir/MiniOzoneClusterImpl-a1c7246e-c692-4524-ad55-32b507b20431/datanode-0/data/ratis/4417d833-4fb6-4fa2-9413-6911e2d50cc5/current/log_2225-2297
2019-06-12 16:04:52,595 INFO  storage.RaftLogWorker (RaftLogWorker.java:execute(469)) - ffc7b071-00b3-4a69-8de5-2639a1a8d8ac-RaftLogWorker: created new log segment /opt/src/hadoop-ozone/integration-test/target/test-dir/MiniOzoneClusterImpl-a1c7246e-c692-4524-ad55-32b507b20431/datanode-0/data/ratis/4417d833-4fb6-4fa2-9413-6911e2d50cc5/current/log_inprogress_2298
2019-06-12 16:04:52,608 INFO  client.GrpcClientProtocolClient (GrpcClientProtocolClient.java:onNext(254)) - client-7F7296B99608->ffc7b071-00b3-4a69-8de5-2639a1a8d8ac: receive RaftClientReply:client-7F7296B99608->ffc7b071-00b3-4a69-8de5-2639a1a8d8ac@group-6911E2D50CC5, cid=1326, SUCCESS, logIndex=2298, commits[ffc7b071-00b3-4a69-8de5-2639a1a8d8ac:c2298]
2019-06-12 16:04:52,626 INFO  client.GrpcClientProtocolClient (GrpcClientProtocolClient.java:onNext(254)) - client-7F7296B99608->ffc7b071-00b3-4a69-8de5-2639a1a8d8ac: receive RaftClientReply:client-7F7296B99608->ffc7b071-00b3-4a69-8de5-2639a1a8d8ac@group-6911E2D50CC5, cid=1327, SUCCESS, logIndex=2300, commits[ffc7b071-00b3-4a69-8de5-2639a1a8d8ac:c2300]
2019-06-12 16:04:52,627 INFO  client.GrpcClientProtocolClient (GrpcClientProtocolClient.java:onNext(254)) - client-7F7296B99608->ffc7b071-00b3-4a69-8de5-2639a1a8d8ac: receive RaftClientReply:client-7F7296B99608->ffc7b071-00b3-4a69-8de5-2639a1a8d8ac@group-6911E2D50CC5, cid=1328, SUCCESS, logIndex=2302, commits[ffc7b071-00b3-4a69-8de5-2639a1a8d8ac:c2302]
2019-06-12 16:04:52,641 INFO  client.GrpcClientProtocolClient (GrpcClientProtocolClient.java:onNext(254)) - client-7F7296B99608->ffc7b071-00b3-4a69-8de5-2639a1a8d8ac: receive RaftClientReply:client-7F7296B99608->ffc7b071-00b3-4a69-8de5-2639a1a8d8ac@group-6911E2D50CC5, cid=1329, SUCCESS, logIndex=2304, commits[ffc7b071-00b3-4a69-8de5-2639a1a8d8ac:c2304]
2019-06-12 16:04:52,644 INFO  client.GrpcClientProtocolClient (GrpcClientProtocolClient.java:onNext(254)) - client-7F7296B99608->ffc7b071-00b3-4a69-8de5-2639a1a8d8ac: receive RaftClientReply:client-7F7296B99608->ffc7b071-00b3-4a69-8de5-2639a1a8d8ac@group-6911E2D50CC5, cid=1330, SUCCESS, logIndex=2306, commits[ffc7b071-00b3-4a69-8de5-2639a1a8d8ac:c2306]
2019-06-12 16:04:52,644 INFO  client.GrpcClientProtocolClient (GrpcClientProtocolClient.java:onNext(254)) - client-7F7296B99608->ffc7b071-00b3-4a69-8de5-2639a1a8d8ac: receive RaftClientReply:client-7F7296B99608->ffc7b071-00b3-4a69-8de5-2639a1a8d8ac@group-6911E2D50CC5, cid=1331, SUCCESS, logIndex=2307, commits[ffc7b071-00b3-4a69-8de5-2639a1a8d8ac:c2307]
2019-06-12 16:04:52,645 INFO  client.GrpcClientProtocolClient (GrpcClientProtocolClient.java:onNext(254)) - client-7F7296B99608->ffc7b071-00b3-4a69-8de5-2639a1a8d8ac: receive RaftClientReply:client-7F7296B99608->ffc7b071-00b3-4a69-8de5-2639a1a8d8ac@group-6911E2D50CC5, cid=1332, SUCCESS, logIndex=2309, commits[ffc7b071-00b3-4a69-8de5-2639a1a8d8ac:c2309]
2019-06-12 16:04:52,646 DEBUG block.SCMBlockDeletingService (SCMBlockDeletingService.java:call(138)) - Running DeletedBlockTransactionScanner
2019-06-12 16:04:52,646 DEBUG block.SCMBlockDeletingService (SCMBlockDeletingService.java:call(155)) - Scanned deleted blocks log and got 0 delTX to process.
2019-06-12 16:04:52,650 INFO  client.GrpcClientProtocolClient (GrpcClientProtocolClient.java:onNext(254)) - client-7F7296B99608->ffc7b071-00b3-4a69-8de5-2639a1a8d8ac: receive RaftClientReply:client-7F7296B99608->ffc7b071-00b3-4a69-8de5-2639a1a8d8ac@group-6911E2D50CC5, cid=1333, SUCCESS, logIndex=2312, commits[ffc7b071-00b3-4a69-8de5-2639a1a8d8ac:c2312]
2019-06-12 16:04:52,652 INFO  client.GrpcClientProtocolClient (GrpcClientProtocolClient.java:onNext(254)) - client-7F7296B99608->ffc7b071-00b3-4a69-8de5-2639a1a8d8ac: receive RaftClientReply:client-7F7296B99608->ffc7b071-00b3-4a69-8de5-2639a1a8d8ac@group-6911E2D50CC5, cid=1334, SUCCESS, logIndex=2314, commits[ffc7b071-00b3-4a69-8de5-2639a1a8d8ac:c2314]
2019-06-12 16:04:52,653 INFO  client.GrpcClientProtocolClient (GrpcClientProtocolClient.java:onNext(254)) - client-7F7296B99608->ffc7b071-00b3-4a69-8de5-2639a1a8d8ac: receive RaftClientReply:client-7F7296B99608->ffc7b071-00b3-4a69-8de5-2639a1a8d8ac@group-6911E2D50CC5, cid=1335, SUCCESS, logIndex=2315, commits[ffc7b071-00b3-4a69-8de5-2639a1a8d8ac:c2317]
2019-06-12 16:04:52,653 INFO  client.GrpcClientProtocolClient (GrpcClientProtocolClient.java:onNext(254)) - client-7F7296B99608->ffc7b071-00b3-4a69-8de5-2639a1a8d8ac: receive RaftClientReply:client-7F7296B99608->ffc7b071-00b3-4a69-8de5-2639a1a8d8ac@group-6911E2D50CC5, cid=1336, SUCCESS, logIndex=2316, commits[ffc7b071-00b3-4a69-8de5-2639a1a8d8ac:c2317]
2019-06-12 16:04:52,664 INFO  client.GrpcClientProtocolClient (GrpcClientProtocolClient.java:onNext(254)) - client-7F7296B99608->ffc7b071-00b3-4a69-8de5-2639a1a8d8ac: receive RaftClientReply:client-7F7296B99608->ffc7b071-00b3-4a69-8de5-2639a1a8d8ac@group-6911E2D50CC5, cid=1337, SUCCESS, logIndex=2318, commits[ffc7b071-00b3-4a69-8de5-2639a1a8d8ac:c2318]
2019-06-12 16:04:52,666 INFO  client.GrpcClientProtocolClient (GrpcClientProtocolClient.java:onNext(254)) - client-7F7296B99608->ffc7b071-00b3-4a69-8de5-2639a1a8d8ac: receive RaftClientReply:client-7F7296B99608->ffc7b071-00b3-4a69-8de5-2639a1a8d8ac@group-6911E2D50CC5, cid=1338, SUCCESS, logIndex=2320, commits[ffc7b071-00b3-4a69-8de5-2639a1a8d8ac:c2320]
2019-06-12 16:04:52,667 INFO  client.GrpcClientProtocolClient (GrpcClientProtocolClient.java:onNext(254)) - client-7F7296B99608->ffc7b071-00b3-4a69-8de5-2639a1a8d8ac: receive RaftClientReply:client-7F7296B99608->ffc7b071-00b3-4a69-8de5-2639a1a8d8ac@group-6911E2D50CC5, cid=1339, SUCCESS, logIndex=2321, commits[ffc7b071-00b3-4a69-8de5-2639a1a8d8ac:c2322]
2019-06-12 16:04:52,667 INFO  client.GrpcClientProtocolClient (GrpcClientProtocolClient.java:onNext(254)) - client-7F7296B99608->ffc7b071-00b3-4a69-8de5-2639a1a8d8ac: receive RaftClientReply:client-7F7296B99608->ffc7b071-00b3-4a69-8de5-2639a1a8d8ac@group-6911E2D50CC5, cid=1340, SUCCESS, logIndex=2322, commits[ffc7b071-00b3-4a69-8de5-2639a1a8d8ac:c2323]
2019-06-12 16:04:52,672 INFO  client.GrpcClientProtocolClient (GrpcClientProtocolClient.java:onNext(254)) - client-7F7296B99608->ffc7b071-00b3-4a69-8de5-2639a1a8d8ac: receive RaftClientReply:client-7F7296B99608->ffc7b071-00b3-4a69-8de5-2639a1a8d8ac@group-6911E2D50CC5, cid=1341, SUCCESS, logIndex=2325, commits[ffc7b071-00b3-4a69-8de5-2639a1a8d8ac:c2325]
2019-06-12 16:04:52,674 INFO  client.GrpcClientProtocolClient (GrpcClientProtocolClient.java:onNext(254)) - client-7F7296B99608->ffc7b071-00b3-4a69-8de5-2639a1a8d8ac: receive RaftClientReply:client-7F7296B99608->ffc7b071-00b3-4a69-8de5-2639a1a8d8ac@group-6911E2D50CC5, cid=1342, SUCCESS, logIndex=2327, commits[ffc7b071-00b3-4a69-8de5-2639a1a8d8ac:c2327]
2019-06-12 16:04:52,675 INFO  client.GrpcClientProtocolClient (GrpcClientProtocolClient.java:onNext(254)) - client-7F7296B99608->ffc7b071-00b3-4a69-8de5-2639a1a8d8ac: receive RaftClientReply:client-7F7296B99608->ffc7b071-00b3-4a69-8de5-2639a1a8d8ac@group-6911E2D50CC5, cid=1343, SUCCESS, logIndex=2328, commits[ffc7b071-00b3-4a69-8de5-2639a1a8d8ac:c2330]
2019-06-12 16:04:52,675 INFO  client.GrpcClientProtocolClient (GrpcClientProtocolClient.java:onNext(254)) - client-7F7296B99608->ffc7b071-00b3-4a69-8de5-2639a1a8d8ac: receive RaftClientReply:client-7F7296B99608->ffc7b071-00b3-4a69-8de5-2639a1a8d8ac@group-6911E2D50CC5, cid=1344, SUCCESS, logIndex=2329, commits[ffc7b071-00b3-4a69-8de5-2639a1a8d8ac:c2330]
2019-06-12 16:04:52,686 INFO  client.GrpcClientProtocolClient (GrpcClientProtocolClient.java:onNext(254)) - client-7F7296B99608->ffc7b071-00b3-4a69-8de5-2639a1a8d8ac: receive RaftClientReply:client-7F7296B99608->ffc7b071-00b3-4a69-8de5-2639a1a8d8ac@group-6911E2D50CC5, cid=1345, SUCCESS, logIndex=2331, commits[ffc7b071-00b3-4a69-8de5-2639a1a8d8ac:c2331]
2019-06-12 16:04:52,689 INFO  client.GrpcClientProtocolClient (GrpcClientProtocolClient.java:onNext(254)) - client-7F7296B99608->ffc7b071-00b3-4a69-8de5-2639a1a8d8ac: receive RaftClientReply:client-7F7296B99608->ffc7b071-00b3-4a69-8de5-2639a1a8d8ac@group-6911E2D50CC5, cid=1346, SUCCESS, logIndex=2333, commits[ffc7b071-00b3-4a69-8de5-2639a1a8d8ac:c2333]
2019-06-12 16:04:52,690 INFO  client.GrpcClientProtocolClient (GrpcClientProtocolClient.java:onNext(254)) - client-7F7296B99608->ffc7b071-00b3-4a69-8de5-2639a1a8d8ac: receive RaftClientReply:client-7F7296B99608->ffc7b071-00b3-4a69-8de5-2639a1a8d8ac@group-6911E2D50CC5, cid=1347, SUCCESS, logIndex=2334, commits[ffc7b071-00b3-4a69-8de5-2639a1a8d8ac:c2335]
2019-06-12 16:04:52,692 INFO  client.GrpcClientProtocolClient (GrpcClientProtocolClient.java:onNext(254)) - client-7F7296B99608->ffc7b071-00b3-4a69-8de5-2639a1a8d8ac: receive RaftClientReply:client-7F7296B99608->ffc7b071-00b3-4a69-8de5-2639a1a8d8ac@group-6911E2D50CC5, cid=1348, SUCCESS, logIndex=2335, commits[ffc7b071-00b3-4a69-8de5-2639a1a8d8ac:c2336]
2019-06-12 16:04:52,697 INFO  client.GrpcClientProtocolClient (GrpcClientProtocolClient.java:onNext(254)) - client-7F7296B99608->ffc7b071-00b3-4a69-8de5-2639a1a8d8ac: receive RaftClientReply:client-7F7296B99608->ffc7b071-00b3-4a69-8de5-2639a1a8d8ac@group-6911E2D50CC5, cid=1349, SUCCESS, logIndex=2338, commits[ffc7b071-00b3-4a69-8de5-2639a1a8d8ac:c2338]
2019-06-12 16:04:52,699 INFO  client.GrpcClientProtocolClient (GrpcClientProtocolClient.java:onNext(254)) - client-7F7296B99608->ffc7b071-00b3-4a69-8de5-2639a1a8d8ac: receive RaftClientReply:client-7F7296B99608->ffc7b071-00b3-4a69-8de5-2639a1a8d8ac@group-6911E2D50CC5, cid=1350, SUCCESS, logIndex=2340, commits[ffc7b071-00b3-4a69-8de5-2639a1a8d8ac:c2340]
2019-06-12 16:04:52,700 INFO  client.GrpcClientProtocolClient (GrpcClientProtocolClient.java:onNext(254)) - client-7F7296B99608->ffc7b071-00b3-4a69-8de5-2639a1a8d8ac: receive RaftClientReply:client-7F7296B99608->ffc7b071-00b3-4a69-8de5-2639a1a8d8ac@group-6911E2D50CC5, cid=1351, SUCCESS, logIndex=2341, commits[ffc7b071-00b3-4a69-8de5-2639a1a8d8ac:c2343]
2019-06-12 16:04:52,700 INFO  client.GrpcClientProtocolClient (GrpcClientProtocolClient.java:onNext(254)) - client-7F7296B99608->ffc7b071-00b3-4a69-8de5-2639a1a8d8ac: receive RaftClientReply:client-7F7296B99608->ffc7b071-00b3-4a69-8de5-2639a1a8d8ac@group-6911E2D50CC5, cid=1352, SUCCESS, logIndex=2342, commits[ffc7b071-00b3-4a69-8de5-2639a1a8d8ac:c2343]
2019-06-12 16:04:52,710 INFO  client.GrpcClientProtocolClient (GrpcClientProtocolClient.java:onNext(254)) - client-7F7296B99608->ffc7b071-00b3-4a69-8de5-2639a1a8d8ac: receive RaftClientReply:client-7F7296B99608->ffc7b071-00b3-4a69-8de5-2639a1a8d8ac@group-6911E2D50CC5, cid=1353, SUCCESS, logIndex=2344, commits[ffc7b071-00b3-4a69-8de5-2639a1a8d8ac:c2344]
2019-06-12 16:04:52,711 INFO  client.GrpcClientProtocolClient (GrpcClientProtocolClient.java:onNext(254)) - client-7F7296B99608->ffc7b071-00b3-4a69-8de5-2639a1a8d8ac: receive RaftClientReply:client-7F7296B99608->ffc7b071-00b3-4a69-8de5-2639a1a8d8ac@group-6911E2D50CC5, cid=1354, SUCCESS, logIndex=2346, commits[ffc7b071-00b3-4a69-8de5-2639a1a8d8ac:c2346]
2019-06-12 16:04:52,713 INFO  client.GrpcClientProtocolClient (GrpcClientProtocolClient.java:onNext(254)) - client-7F7296B99608->ffc7b071-00b3-4a69-8de5-2639a1a8d8ac: receive RaftClientReply:client-7F7296B99608->ffc7b071-00b3-4a69-8de5-2639a1a8d8ac@group-6911E2D50CC5, cid=1355, SUCCESS, logIndex=2347, commits[ffc7b071-00b3-4a69-8de5-2639a1a8d8ac:c2349]
2019-06-12 16:04:52,713 INFO  client.GrpcClientProtocolClient (GrpcClientProtocolClient.java:onNext(254)) - client-7F7296B99608->ffc7b071-00b3-4a69-8de5-2639a1a8d8ac: receive RaftClientReply:client-7F7296B99608->ffc7b071-00b3-4a69-8de5-2639a1a8d8ac@group-6911E2D50CC5, cid=1356, SUCCESS, logIndex=2348, commits[ffc7b071-00b3-4a69-8de5-2639a1a8d8ac:c2349]
2019-06-12 16:04:52,718 INFO  client.GrpcClientProtocolClient (GrpcClientProtocolClient.java:onNext(254)) - client-7F7296B99608->ffc7b071-00b3-4a69-8de5-2639a1a8d8ac: receive RaftClientReply:client-7F7296B99608->ffc7b071-00b3-4a69-8de5-2639a1a8d8ac@group-6911E2D50CC5, cid=1357, SUCCESS, logIndex=2350, commits[ffc7b071-00b3-4a69-8de5-2639a1a8d8ac:c2350]
2019-06-12 16:04:52,720 INFO  client.GrpcClientProtocolClient (GrpcClientProtocolClient.java:onNext(254)) - client-7F7296B99608->ffc7b071-00b3-4a69-8de5-2639a1a8d8ac: receive RaftClientReply:client-7F7296B99608->ffc7b071-00b3-4a69-8de5-2639a1a8d8ac@group-6911E2D50CC5, cid=1358, SUCCESS, logIndex=2352, commits[ffc7b071-00b3-4a69-8de5-2639a1a8d8ac:c2352]
2019-06-12 16:04:52,721 INFO  client.GrpcClientProtocolClient (GrpcClientProtocolClient.java:onNext(254)) - client-7F7296B99608->ffc7b071-00b3-4a69-8de5-2639a1a8d8ac: receive RaftClientReply:client-7F7296B99608->ffc7b071-00b3-4a69-8de5-2639a1a8d8ac@group-6911E2D50CC5, cid=1359, SUCCESS, logIndex=2353, commits[ffc7b071-00b3-4a69-8de5-2639a1a8d8ac:c2355]
2019-06-12 16:04:52,721 INFO  client.GrpcClientProtocolClient (GrpcClientProtocolClient.java:onNext(254)) - client-7F7296B99608->ffc7b071-00b3-4a69-8de5-2639a1a8d8ac: receive RaftClientReply:client-7F7296B99608->ffc7b071-00b3-4a69-8de5-2639a1a8d8ac@group-6911E2D50CC5, cid=1360, SUCCESS, logIndex=2354, commits[ffc7b071-00b3-4a69-8de5-2639a1a8d8ac:c2355]
2019-06-12 16:04:52,731 INFO  client.GrpcClientProtocolClient (GrpcClientProtocolClient.java:onNext(254)) - client-7F7296B99608->ffc7b071-00b3-4a69-8de5-2639a1a8d8ac: receive RaftClientReply:client-7F7296B99608->ffc7b071-00b3-4a69-8de5-2639a1a8d8ac@group-6911E2D50CC5, cid=1361, SUCCESS, logIndex=2356, commits[ffc7b071-00b3-4a69-8de5-2639a1a8d8ac:c2356]
2019-06-12 16:04:52,734 INFO  client.GrpcClientProtocolClient (GrpcClientProtocolClient.java:onNext(254)) - client-7F7296B99608->ffc7b071-00b3-4a69-8de5-2639a1a8d8ac: receive RaftClientReply:client-7F7296B99608->ffc7b071-00b3-4a69-8de5-2639a1a8d8ac@group-6911E2D50CC5, cid=1362, SUCCESS, logIndex=2358, commits[ffc7b071-00b3-4a69-8de5-2639a1a8d8ac:c2358]
2019-06-12 16:04:52,734 INFO  client.GrpcClientProtocolClient (GrpcClientProtocolClient.java:onNext(254)) - client-7F7296B99608->ffc7b071-00b3-4a69-8de5-2639a1a8d8ac: receive RaftClientReply:client-7F7296B99608->ffc7b071-00b3-4a69-8de5-2639a1a8d8ac@group-6911E2D50CC5, cid=1363, SUCCESS, logIndex=2359, commits[ffc7b071-00b3-4a69-8de5-2639a1a8d8ac:c2360]
2019-06-12 16:04:52,738 INFO  client.GrpcClientProtocolClient (GrpcClientProtocolClient.java:onNext(254)) - client-7F7296B99608->ffc7b071-00b3-4a69-8de5-2639a1a8d8ac: receive RaftClientReply:client-7F7296B99608->ffc7b071-00b3-4a69-8de5-2639a1a8d8ac@group-6911E2D50CC5, cid=1364, SUCCESS, logIndex=2360, commits[ffc7b071-00b3-4a69-8de5-2639a1a8d8ac:c2360]
2019-06-12 16:04:52,744 INFO  client.GrpcClientProtocolClient (GrpcClientProtocolClient.java:onNext(254)) - client-7F7296B99608->ffc7b071-00b3-4a69-8de5-2639a1a8d8ac: receive RaftClientReply:client-7F7296B99608->ffc7b071-00b3-4a69-8de5-2639a1a8d8ac@group-6911E2D50CC5, cid=1365, SUCCESS, logIndex=2363, commits[ffc7b071-00b3-4a69-8de5-2639a1a8d8ac:c2363]
2019-06-12 16:04:52,744 INFO  storage.RaftLogWorker (RaftLogWorker.java:rollLogSegment(303)) - ffc7b071-00b3-4a69-8de5-2639a1a8d8ac-RaftLogWorker: Rolling segment log-2298_2367 to index:2367
2019-06-12 16:04:52,745 INFO  client.GrpcClientProtocolClient (GrpcClientProtocolClient.java:onNext(254)) - client-7F7296B99608->ffc7b071-00b3-4a69-8de5-2639a1a8d8ac: receive RaftClientReply:client-7F7296B99608->ffc7b071-00b3-4a69-8de5-2639a1a8d8ac@group-6911E2D50CC5, cid=1366, SUCCESS, logIndex=2365, commits[ffc7b071-00b3-4a69-8de5-2639a1a8d8ac:c2365]
2019-06-12 16:04:52,746 INFO  storage.RaftLogWorker (RaftLogWorker.java:execute(433)) - ffc7b071-00b3-4a69-8de5-2639a1a8d8ac-RaftLogWorker: Rolled log segment from /opt/src/hadoop-ozone/integration-test/target/test-dir/MiniOzoneClusterImpl-a1c7246e-c692-4524-ad55-32b507b20431/datanode-0/data/ratis/4417d833-4fb6-4fa2-9413-6911e2d50cc5/current/log_inprogress_2298 to /opt/src/hadoop-ozone/integration-test/target/test-dir/MiniOzoneClusterImpl-a1c7246e-c692-4524-ad55-32b507b20431/datanode-0/data/ratis/4417d833-4fb6-4fa2-9413-6911e2d50cc5/current/log_2298-2367
2019-06-12 16:04:52,746 DEBUG block.SCMBlockDeletingService (SCMBlockDeletingService.java:call(138)) - Running DeletedBlockTransactionScanner
2019-06-12 16:04:52,747 DEBUG block.SCMBlockDeletingService (SCMBlockDeletingService.java:call(155)) - Scanned deleted blocks log and got 0 delTX to process.
2019-06-12 16:04:52,750 INFO  client.GrpcClientProtocolClient (GrpcClientProtocolClient.java:onNext(254)) - client-7F7296B99608->ffc7b071-00b3-4a69-8de5-2639a1a8d8ac: receive RaftClientReply:client-7F7296B99608->ffc7b071-00b3-4a69-8de5-2639a1a8d8ac@group-6911E2D50CC5, cid=1367, SUCCESS, logIndex=2366, commits[ffc7b071-00b3-4a69-8de5-2639a1a8d8ac:c2367]
2019-06-12 16:04:52,783 INFO  storage.RaftLogWorker (RaftLogWorker.java:execute(469)) - ffc7b071-00b3-4a69-8de5-2639a1a8d8ac-RaftLogWorker: created new log segment /opt/src/hadoop-ozone/integration-test/target/test-dir/MiniOzoneClusterImpl-a1c7246e-c692-4524-ad55-32b507b20431/datanode-0/data/ratis/4417d833-4fb6-4fa2-9413-6911e2d50cc5/current/log_inprogress_2368
2019-06-12 16:04:52,785 INFO  client.GrpcClientProtocolClient (GrpcClientProtocolClient.java:onNext(254)) - client-7F7296B99608->ffc7b071-00b3-4a69-8de5-2639a1a8d8ac: receive RaftClientReply:client-7F7296B99608->ffc7b071-00b3-4a69-8de5-2639a1a8d8ac@group-6911E2D50CC5, cid=1368, SUCCESS, logIndex=2368, commits[ffc7b071-00b3-4a69-8de5-2639a1a8d8ac:c2368]
2019-06-12 16:04:52,795 INFO  client.GrpcClientProtocolClient (GrpcClientProtocolClient.java:onNext(254)) - client-7F7296B99608->ffc7b071-00b3-4a69-8de5-2639a1a8d8ac: receive RaftClientReply:client-7F7296B99608->ffc7b071-00b3-4a69-8de5-2639a1a8d8ac@group-6911E2D50CC5, cid=1369, SUCCESS, logIndex=2370, commits[ffc7b071-00b3-4a69-8de5-2639a1a8d8ac:c2370]
2019-06-12 16:04:52,797 INFO  client.GrpcClientProtocolClient (GrpcClientProtocolClient.java:onNext(254)) - client-7F7296B99608->ffc7b071-00b3-4a69-8de5-2639a1a8d8ac: receive RaftClientReply:client-7F7296B99608->ffc7b071-00b3-4a69-8de5-2639a1a8d8ac@group-6911E2D50CC5, cid=1370, SUCCESS, logIndex=2372, commits[ffc7b071-00b3-4a69-8de5-2639a1a8d8ac:c2372]
2019-06-12 16:04:52,847 DEBUG block.SCMBlockDeletingService (SCMBlockDeletingService.java:call(138)) - Running DeletedBlockTransactionScanner
2019-06-12 16:04:52,847 DEBUG block.SCMBlockDeletingService (SCMBlockDeletingService.java:call(155)) - Scanned deleted blocks log and got 0 delTX to process.
2019-06-12 16:04:52,862 INFO  client.GrpcClientProtocolClient (GrpcClientProtocolClient.java:onNext(254)) - client-7F7296B99608->ffc7b071-00b3-4a69-8de5-2639a1a8d8ac: receive RaftClientReply:client-7F7296B99608->ffc7b071-00b3-4a69-8de5-2639a1a8d8ac@group-6911E2D50CC5, cid=1371, SUCCESS, logIndex=2374, commits[ffc7b071-00b3-4a69-8de5-2639a1a8d8ac:c2374]
2019-06-12 16:04:52,863 INFO  client.GrpcClientProtocolClient (GrpcClientProtocolClient.java:onNext(254)) - client-7F7296B99608->ffc7b071-00b3-4a69-8de5-2639a1a8d8ac: receive RaftClientReply:client-7F7296B99608->ffc7b071-00b3-4a69-8de5-2639a1a8d8ac@group-6911E2D50CC5, cid=1372, SUCCESS, logIndex=2376, commits[ffc7b071-00b3-4a69-8de5-2639a1a8d8ac:c2376]
2019-06-12 16:04:52,872 INFO  client.GrpcClientProtocolClient (GrpcClientProtocolClient.java:onNext(254)) - client-7F7296B99608->ffc7b071-00b3-4a69-8de5-2639a1a8d8ac: receive RaftClientReply:client-7F7296B99608->ffc7b071-00b3-4a69-8de5-2639a1a8d8ac@group-6911E2D50CC5, cid=1373, SUCCESS, logIndex=2378, commits[ffc7b071-00b3-4a69-8de5-2639a1a8d8ac:c2378]
2019-06-12 16:04:52,873 INFO  client.GrpcClientProtocolClient (GrpcClientProtocolClient.java:onNext(254)) - client-7F7296B99608->ffc7b071-00b3-4a69-8de5-2639a1a8d8ac: receive RaftClientReply:client-7F7296B99608->ffc7b071-00b3-4a69-8de5-2639a1a8d8ac@group-6911E2D50CC5, cid=1374, SUCCESS, logIndex=2380, commits[ffc7b071-00b3-4a69-8de5-2639a1a8d8ac:c2380]
2019-06-12 16:04:52,878 INFO  client.GrpcClientProtocolClient (GrpcClientProtocolClient.java:onNext(254)) - client-7F7296B99608->ffc7b071-00b3-4a69-8de5-2639a1a8d8ac: receive RaftClientReply:client-7F7296B99608->ffc7b071-00b3-4a69-8de5-2639a1a8d8ac@group-6911E2D50CC5, cid=1375, SUCCESS, logIndex=2382, commits[ffc7b071-00b3-4a69-8de5-2639a1a8d8ac:c2384]
2019-06-12 16:04:52,882 INFO  client.GrpcClientProtocolClient (GrpcClientProtocolClient.java:onNext(254)) - client-7F7296B99608->ffc7b071-00b3-4a69-8de5-2639a1a8d8ac: receive RaftClientReply:client-7F7296B99608->ffc7b071-00b3-4a69-8de5-2639a1a8d8ac@group-6911E2D50CC5, cid=1376, SUCCESS, logIndex=2383, commits[ffc7b071-00b3-4a69-8de5-2639a1a8d8ac:c2384]
2019-06-12 16:04:52,892 INFO  client.GrpcClientProtocolClient (GrpcClientProtocolClient.java:onNext(254)) - client-7F7296B99608->ffc7b071-00b3-4a69-8de5-2639a1a8d8ac: receive RaftClientReply:client-7F7296B99608->ffc7b071-00b3-4a69-8de5-2639a1a8d8ac@group-6911E2D50CC5, cid=1377, SUCCESS, logIndex=2385, commits[ffc7b071-00b3-4a69-8de5-2639a1a8d8ac:c2385]
2019-06-12 16:04:52,893 INFO  client.GrpcClientProtocolClient (GrpcClientProtocolClient.java:onNext(254)) - client-7F7296B99608->ffc7b071-00b3-4a69-8de5-2639a1a8d8ac: receive RaftClientReply:client-7F7296B99608->ffc7b071-00b3-4a69-8de5-2639a1a8d8ac@group-6911E2D50CC5, cid=1378, SUCCESS, logIndex=2387, commits[ffc7b071-00b3-4a69-8de5-2639a1a8d8ac:c2387]
2019-06-12 16:04:52,895 INFO  client.GrpcClientProtocolClient (GrpcClientProtocolClient.java:onNext(254)) - client-7F7296B99608->ffc7b071-00b3-4a69-8de5-2639a1a8d8ac: receive RaftClientReply:client-7F7296B99608->ffc7b071-00b3-4a69-8de5-2639a1a8d8ac@group-6911E2D50CC5, cid=1379, SUCCESS, logIndex=2388, commits[ffc7b071-00b3-4a69-8de5-2639a1a8d8ac:c2390]
2019-06-12 16:04:52,895 INFO  client.GrpcClientProtocolClient (GrpcClientProtocolClient.java:onNext(254)) - client-7F7296B99608->ffc7b071-00b3-4a69-8de5-2639a1a8d8ac: receive RaftClientReply:client-7F7296B99608->ffc7b071-00b3-4a69-8de5-2639a1a8d8ac@group-6911E2D50CC5, cid=1380, SUCCESS, logIndex=2389, commits[ffc7b071-00b3-4a69-8de5-2639a1a8d8ac:c2390]
2019-06-12 16:04:52,900 INFO  client.GrpcClientProtocolClient (GrpcClientProtocolClient.java:onNext(254)) - client-7F7296B99608->ffc7b071-00b3-4a69-8de5-2639a1a8d8ac: receive RaftClientReply:client-7F7296B99608->ffc7b071-00b3-4a69-8de5-2639a1a8d8ac@group-6911E2D50CC5, cid=1381, SUCCESS, logIndex=2391, commits[ffc7b071-00b3-4a69-8de5-2639a1a8d8ac:c2391]
2019-06-12 16:04:52,903 INFO  client.GrpcClientProtocolClient (GrpcClientProtocolClient.java:onNext(254)) - client-7F7296B99608->ffc7b071-00b3-4a69-8de5-2639a1a8d8ac: receive RaftClientReply:client-7F7296B99608->ffc7b071-00b3-4a69-8de5-2639a1a8d8ac@group-6911E2D50CC5, cid=1382, SUCCESS, logIndex=2393, commits[ffc7b071-00b3-4a69-8de5-2639a1a8d8ac:c2393]
2019-06-12 16:04:52,903 INFO  client.GrpcClientProtocolClient (GrpcClientProtocolClient.java:onNext(254)) - client-7F7296B99608->ffc7b071-00b3-4a69-8de5-2639a1a8d8ac: receive RaftClientReply:client-7F7296B99608->ffc7b071-00b3-4a69-8de5-2639a1a8d8ac@group-6911E2D50CC5, cid=1383, SUCCESS, logIndex=2394, commits[ffc7b071-00b3-4a69-8de5-2639a1a8d8ac:c2396]
2019-06-12 16:04:52,903 INFO  client.GrpcClientProtocolClient (GrpcClientProtocolClient.java:onNext(254)) - client-7F7296B99608->ffc7b071-00b3-4a69-8de5-2639a1a8d8ac: receive RaftClientReply:client-7F7296B99608->ffc7b071-00b3-4a69-8de5-2639a1a8d8ac@group-6911E2D50CC5, cid=1384, SUCCESS, logIndex=2396, commits[ffc7b071-00b3-4a69-8de5-2639a1a8d8ac:c2396]
2019-06-12 16:04:52,913 INFO  client.GrpcClientProtocolClient (GrpcClientProtocolClient.java:onNext(254)) - client-7F7296B99608->ffc7b071-00b3-4a69-8de5-2639a1a8d8ac: receive RaftClientReply:client-7F7296B99608->ffc7b071-00b3-4a69-8de5-2639a1a8d8ac@group-6911E2D50CC5, cid=1385, SUCCESS, logIndex=2398, commits[ffc7b071-00b3-4a69-8de5-2639a1a8d8ac:c2398]
2019-06-12 16:04:52,915 INFO  client.GrpcClientProtocolClient (GrpcClientProtocolClient.java:onNext(254)) - client-7F7296B99608->ffc7b071-00b3-4a69-8de5-2639a1a8d8ac: receive RaftClientReply:client-7F7296B99608->ffc7b071-00b3-4a69-8de5-2639a1a8d8ac@group-6911E2D50CC5, cid=1386, SUCCESS, logIndex=2400, commits[ffc7b071-00b3-4a69-8de5-2639a1a8d8ac:c2400]
2019-06-12 16:04:52,916 INFO  client.GrpcClientProtocolClient (GrpcClientProtocolClient.java:onNext(254)) - client-7F7296B99608->ffc7b071-00b3-4a69-8de5-2639a1a8d8ac: receive RaftClientReply:client-7F7296B99608->ffc7b071-00b3-4a69-8de5-2639a1a8d8ac@group-6911E2D50CC5, cid=1387, SUCCESS, logIndex=2401, commits[ffc7b071-00b3-4a69-8de5-2639a1a8d8ac:c2403]
2019-06-12 16:04:52,916 INFO  client.GrpcClientProtocolClient (GrpcClientProtocolClient.java:onNext(254)) - client-7F7296B99608->ffc7b071-00b3-4a69-8de5-2639a1a8d8ac: receive RaftClientReply:client-7F7296B99608->ffc7b071-00b3-4a69-8de5-2639a1a8d8ac@group-6911E2D50CC5, cid=1388, SUCCESS, logIndex=2403, commits[ffc7b071-00b3-4a69-8de5-2639a1a8d8ac:c2403]
2019-06-12 16:04:52,922 INFO  client.GrpcClientProtocolClient (GrpcClientProtocolClient.java:onNext(254)) - client-7F7296B99608->ffc7b071-00b3-4a69-8de5-2639a1a8d8ac: receive RaftClientReply:client-7F7296B99608->ffc7b071-00b3-4a69-8de5-2639a1a8d8ac@group-6911E2D50CC5, cid=1389, SUCCESS, logIndex=2405, commits[ffc7b071-00b3-4a69-8de5-2639a1a8d8ac:c2405]
2019-06-12 16:04:52,924 INFO  client.GrpcClientProtocolClient (GrpcClientProtocolClient.java:onNext(254)) - client-7F7296B99608->ffc7b071-00b3-4a69-8de5-2639a1a8d8ac: receive RaftClientReply:client-7F7296B99608->ffc7b071-00b3-4a69-8de5-2639a1a8d8ac@group-6911E2D50CC5, cid=1390, SUCCESS, logIndex=2407, commits[ffc7b071-00b3-4a69-8de5-2639a1a8d8ac:c2407]
2019-06-12 16:04:52,925 INFO  client.GrpcClientProtocolClient (GrpcClientProtocolClient.java:onNext(254)) - client-7F7296B99608->ffc7b071-00b3-4a69-8de5-2639a1a8d8ac: receive RaftClientReply:client-7F7296B99608->ffc7b071-00b3-4a69-8de5-2639a1a8d8ac@group-6911E2D50CC5, cid=1391, SUCCESS, logIndex=2408, commits[ffc7b071-00b3-4a69-8de5-2639a1a8d8ac:c2408]
2019-06-12 16:04:52,926 INFO  client.GrpcClientProtocolClient (GrpcClientProtocolClient.java:onNext(254)) - client-7F7296B99608->ffc7b071-00b3-4a69-8de5-2639a1a8d8ac: receive RaftClientReply:client-7F7296B99608->ffc7b071-00b3-4a69-8de5-2639a1a8d8ac@group-6911E2D50CC5, cid=1392, SUCCESS, logIndex=2411, commits[ffc7b071-00b3-4a69-8de5-2639a1a8d8ac:c2411]
2019-06-12 16:04:52,935 INFO  client.GrpcClientProtocolClient (GrpcClientProtocolClient.java:onNext(254)) - client-7F7296B99608->ffc7b071-00b3-4a69-8de5-2639a1a8d8ac: receive RaftClientReply:client-7F7296B99608->ffc7b071-00b3-4a69-8de5-2639a1a8d8ac@group-6911E2D50CC5, cid=1393, SUCCESS, logIndex=2413, commits[ffc7b071-00b3-4a69-8de5-2639a1a8d8ac:c2413]
2019-06-12 16:04:52,937 INFO  client.GrpcClientProtocolClient (GrpcClientProtocolClient.java:onNext(254)) - client-7F7296B99608->ffc7b071-00b3-4a69-8de5-2639a1a8d8ac: receive RaftClientReply:client-7F7296B99608->ffc7b071-00b3-4a69-8de5-2639a1a8d8ac@group-6911E2D50CC5, cid=1394, SUCCESS, logIndex=2415, commits[ffc7b071-00b3-4a69-8de5-2639a1a8d8ac:c2415]
2019-06-12 16:04:52,938 INFO  client.GrpcClientProtocolClient (GrpcClientProtocolClient.java:onNext(254)) - client-7F7296B99608->ffc7b071-00b3-4a69-8de5-2639a1a8d8ac: receive RaftClientReply:client-7F7296B99608->ffc7b071-00b3-4a69-8de5-2639a1a8d8ac@group-6911E2D50CC5, cid=1395, SUCCESS, logIndex=2416, commits[ffc7b071-00b3-4a69-8de5-2639a1a8d8ac:c2418]
2019-06-12 16:04:52,938 INFO  client.GrpcClientProtocolClient (GrpcClientProtocolClient.java:onNext(254)) - client-7F7296B99608->ffc7b071-00b3-4a69-8de5-2639a1a8d8ac: receive RaftClientReply:client-7F7296B99608->ffc7b071-00b3-4a69-8de5-2639a1a8d8ac@group-6911E2D50CC5, cid=1396, SUCCESS, logIndex=2417, commits[ffc7b071-00b3-4a69-8de5-2639a1a8d8ac:c2418]
2019-06-12 16:04:53,189 DEBUG block.SCMBlockDeletingService (SCMBlockDeletingService.java:call(138)) - Running DeletedBlockTransactionScanner
2019-06-12 16:04:53,189 DEBUG block.SCMBlockDeletingService (SCMBlockDeletingService.java:call(155)) - Scanned deleted blocks log and got 0 delTX to process.
2019-06-12 16:04:53,197 INFO  client.GrpcClientProtocolClient (GrpcClientProtocolClient.java:onNext(254)) - client-7F7296B99608->ffc7b071-00b3-4a69-8de5-2639a1a8d8ac: receive RaftClientReply:client-7F7296B99608->ffc7b071-00b3-4a69-8de5-2639a1a8d8ac@group-6911E2D50CC5, cid=1397, SUCCESS, logIndex=2420, commits[ffc7b071-00b3-4a69-8de5-2639a1a8d8ac:c2420]
2019-06-12 16:04:53,199 INFO  client.GrpcClientProtocolClient (GrpcClientProtocolClient.java:onNext(254)) - client-7F7296B99608->ffc7b071-00b3-4a69-8de5-2639a1a8d8ac: receive RaftClientReply:client-7F7296B99608->ffc7b071-00b3-4a69-8de5-2639a1a8d8ac@group-6911E2D50CC5, cid=1398, SUCCESS, logIndex=2422, commits[ffc7b071-00b3-4a69-8de5-2639a1a8d8ac:c2422]
2019-06-12 16:04:53,200 INFO  client.GrpcClientProtocolClient (GrpcClientProtocolClient.java:onNext(254)) - client-7F7296B99608->ffc7b071-00b3-4a69-8de5-2639a1a8d8ac: receive RaftClientReply:client-7F7296B99608->ffc7b071-00b3-4a69-8de5-2639a1a8d8ac@group-6911E2D50CC5, cid=1399, SUCCESS, logIndex=2423, commits[ffc7b071-00b3-4a69-8de5-2639a1a8d8ac:c2425]
2019-06-12 16:04:53,200 INFO  client.GrpcClientProtocolClient (GrpcClientProtocolClient.java:onNext(254)) - client-7F7296B99608->ffc7b071-00b3-4a69-8de5-2639a1a8d8ac: receive RaftClientReply:client-7F7296B99608->ffc7b071-00b3-4a69-8de5-2639a1a8d8ac@group-6911E2D50CC5, cid=1400, SUCCESS, logIndex=2424, commits[ffc7b071-00b3-4a69-8de5-2639a1a8d8ac:c2425]
2019-06-12 16:04:53,209 INFO  client.GrpcClientProtocolClient (GrpcClientProtocolClient.java:onNext(254)) - client-7F7296B99608->ffc7b071-00b3-4a69-8de5-2639a1a8d8ac: receive RaftClientReply:client-7F7296B99608->ffc7b071-00b3-4a69-8de5-2639a1a8d8ac@group-6911E2D50CC5, cid=1401, SUCCESS, logIndex=2426, commits[ffc7b071-00b3-4a69-8de5-2639a1a8d8ac:c2426]
2019-06-12 16:04:53,210 INFO  client.GrpcClientProtocolClient (GrpcClientProtocolClient.java:onNext(254)) - client-7F7296B99608->ffc7b071-00b3-4a69-8de5-2639a1a8d8ac: receive RaftClientReply:client-7F7296B99608->ffc7b071-00b3-4a69-8de5-2639a1a8d8ac@group-6911E2D50CC5, cid=1402, SUCCESS, logIndex=2428, commits[ffc7b071-00b3-4a69-8de5-2639a1a8d8ac:c2428]
2019-06-12 16:04:53,212 INFO  client.GrpcClientProtocolClient (GrpcClientProtocolClient.java:onNext(254)) - client-7F7296B99608->ffc7b071-00b3-4a69-8de5-2639a1a8d8ac: receive RaftClientReply:client-7F7296B99608->ffc7b071-00b3-4a69-8de5-2639a1a8d8ac@group-6911E2D50CC5, cid=1403, SUCCESS, logIndex=2429, commits[ffc7b071-00b3-4a69-8de5-2639a1a8d8ac:c2431]
2019-06-12 16:04:53,212 INFO  client.GrpcClientProtocolClient (GrpcClientProtocolClient.java:onNext(254)) - client-7F7296B99608->ffc7b071-00b3-4a69-8de5-2639a1a8d8ac: receive RaftClientReply:client-7F7296B99608->ffc7b071-00b3-4a69-8de5-2639a1a8d8ac@group-6911E2D50CC5, cid=1404, SUCCESS, logIndex=2431, commits[ffc7b071-00b3-4a69-8de5-2639a1a8d8ac:c2431]
2019-06-12 16:04:53,217 INFO  client.GrpcClientProtocolClient (GrpcClientProtocolClient.java:onNext(254)) - client-7F7296B99608->ffc7b071-00b3-4a69-8de5-2639a1a8d8ac: receive RaftClientReply:client-7F7296B99608->ffc7b071-00b3-4a69-8de5-2639a1a8d8ac@group-6911E2D50CC5, cid=1405, SUCCESS, logIndex=2433, commits[ffc7b071-00b3-4a69-8de5-2639a1a8d8ac:c2433]
2019-06-12 16:04:53,220 INFO  client.GrpcClientProtocolClient (GrpcClientProtocolClient.java:onNext(254)) - client-7F7296B99608->ffc7b071-00b3-4a69-8de5-2639a1a8d8ac: receive RaftClientReply:client-7F7296B99608->ffc7b071-00b3-4a69-8de5-2639a1a8d8ac@group-6911E2D50CC5, cid=1406, SUCCESS, logIndex=2435, commits[ffc7b071-00b3-4a69-8de5-2639a1a8d8ac:c2435]
2019-06-12 16:04:53,220 INFO  client.GrpcClientProtocolClient (GrpcClientProtocolClient.java:onNext(254)) - client-7F7296B99608->ffc7b071-00b3-4a69-8de5-2639a1a8d8ac: receive RaftClientReply:client-7F7296B99608->ffc7b071-00b3-4a69-8de5-2639a1a8d8ac@group-6911E2D50CC5, cid=1407, SUCCESS, logIndex=2436, commits[ffc7b071-00b3-4a69-8de5-2639a1a8d8ac:c2438]
2019-06-12 16:04:53,221 INFO  client.GrpcClientProtocolClient (GrpcClientProtocolClient.java:onNext(254)) - client-7F7296B99608->ffc7b071-00b3-4a69-8de5-2639a1a8d8ac: receive RaftClientReply:client-7F7296B99608->ffc7b071-00b3-4a69-8de5-2639a1a8d8ac@group-6911E2D50CC5, cid=1408, SUCCESS, logIndex=2437, commits[ffc7b071-00b3-4a69-8de5-2639a1a8d8ac:c2438]
2019-06-12 16:04:53,232 INFO  client.GrpcClientProtocolClient (GrpcClientProtocolClient.java:onNext(254)) - client-7F7296B99608->ffc7b071-00b3-4a69-8de5-2639a1a8d8ac: receive RaftClientReply:client-7F7296B99608->ffc7b071-00b3-4a69-8de5-2639a1a8d8ac@group-6911E2D50CC5, cid=1409, SUCCESS, logIndex=2439, commits[ffc7b071-00b3-4a69-8de5-2639a1a8d8ac:c2439]
2019-06-12 16:04:53,233 INFO  client.GrpcClientProtocolClient (GrpcClientProtocolClient.java:onNext(254)) - client-7F7296B99608->ffc7b071-00b3-4a69-8de5-2639a1a8d8ac: receive RaftClientReply:client-7F7296B99608->ffc7b071-00b3-4a69-8de5-2639a1a8d8ac@group-6911E2D50CC5, cid=1410, SUCCESS, logIndex=2441, commits[ffc7b071-00b3-4a69-8de5-2639a1a8d8ac:c2441]
2019-06-12 16:04:53,233 INFO  storage.RaftLogWorker (RaftLogWorker.java:rollLogSegment(303)) - ffc7b071-00b3-4a69-8de5-2639a1a8d8ac-RaftLogWorker: Rolling segment log-2368_2442 to index:2442
2019-06-12 16:04:53,234 INFO  storage.RaftLogWorker (RaftLogWorker.java:execute(433)) - ffc7b071-00b3-4a69-8de5-2639a1a8d8ac-RaftLogWorker: Rolled log segment from /opt/src/hadoop-ozone/integration-test/target/test-dir/MiniOzoneClusterImpl-a1c7246e-c692-4524-ad55-32b507b20431/datanode-0/data/ratis/4417d833-4fb6-4fa2-9413-6911e2d50cc5/current/log_inprogress_2368 to /opt/src/hadoop-ozone/integration-test/target/test-dir/MiniOzoneClusterImpl-a1c7246e-c692-4524-ad55-32b507b20431/datanode-0/data/ratis/4417d833-4fb6-4fa2-9413-6911e2d50cc5/current/log_2368-2442
2019-06-12 16:04:53,269 INFO  storage.RaftLogWorker (RaftLogWorker.java:execute(469)) - ffc7b071-00b3-4a69-8de5-2639a1a8d8ac-RaftLogWorker: created new log segment /opt/src/hadoop-ozone/integration-test/target/test-dir/MiniOzoneClusterImpl-a1c7246e-c692-4524-ad55-32b507b20431/datanode-0/data/ratis/4417d833-4fb6-4fa2-9413-6911e2d50cc5/current/log_inprogress_2443
2019-06-12 16:04:53,271 INFO  client.GrpcClientProtocolClient (GrpcClientProtocolClient.java:onNext(254)) - client-7F7296B99608->ffc7b071-00b3-4a69-8de5-2639a1a8d8ac: receive RaftClientReply:client-7F7296B99608->ffc7b071-00b3-4a69-8de5-2639a1a8d8ac@group-6911E2D50CC5, cid=1411, SUCCESS, logIndex=2443, commits[ffc7b071-00b3-4a69-8de5-2639a1a8d8ac:c2444]
2019-06-12 16:04:53,272 INFO  client.GrpcClientProtocolClient (GrpcClientProtocolClient.java:onNext(254)) - client-7F7296B99608->ffc7b071-00b3-4a69-8de5-2639a1a8d8ac: receive RaftClientReply:client-7F7296B99608->ffc7b071-00b3-4a69-8de5-2639a1a8d8ac@group-6911E2D50CC5, cid=1412, SUCCESS, logIndex=2444, commits[ffc7b071-00b3-4a69-8de5-2639a1a8d8ac:c2445]
2019-06-12 16:04:53,279 INFO  client.GrpcClientProtocolClient (GrpcClientProtocolClient.java:onNext(254)) - client-7F7296B99608->ffc7b071-00b3-4a69-8de5-2639a1a8d8ac: receive RaftClientReply:client-7F7296B99608->ffc7b071-00b3-4a69-8de5-2639a1a8d8ac@group-6911E2D50CC5, cid=1413, SUCCESS, logIndex=2446, commits[ffc7b071-00b3-4a69-8de5-2639a1a8d8ac:c2446]
2019-06-12 16:04:53,280 INFO  client.GrpcClientProtocolClient (GrpcClientProtocolClient.java:onNext(254)) - client-7F7296B99608->ffc7b071-00b3-4a69-8de5-2639a1a8d8ac: receive RaftClientReply:client-7F7296B99608->ffc7b071-00b3-4a69-8de5-2639a1a8d8ac@group-6911E2D50CC5, cid=1414, SUCCESS, logIndex=2448, commits[ffc7b071-00b3-4a69-8de5-2639a1a8d8ac:c2448]
2019-06-12 16:04:53,290 DEBUG block.SCMBlockDeletingService (SCMBlockDeletingService.java:call(138)) - Running DeletedBlockTransactionScanner
2019-06-12 16:04:53,290 DEBUG block.SCMBlockDeletingService (SCMBlockDeletingService.java:call(155)) - Scanned deleted blocks log and got 0 delTX to process.
2019-06-12 16:04:53,349 INFO  client.GrpcClientProtocolClient (GrpcClientProtocolClient.java:onNext(254)) - client-7F7296B99608->ffc7b071-00b3-4a69-8de5-2639a1a8d8ac: receive RaftClientReply:client-7F7296B99608->ffc7b071-00b3-4a69-8de5-2639a1a8d8ac@group-6911E2D50CC5, cid=1415, SUCCESS, logIndex=2450, commits[ffc7b071-00b3-4a69-8de5-2639a1a8d8ac:c2450]
2019-06-12 16:04:53,351 INFO  client.GrpcClientProtocolClient (GrpcClientProtocolClient.java:onNext(254)) - client-7F7296B99608->ffc7b071-00b3-4a69-8de5-2639a1a8d8ac: receive RaftClientReply:client-7F7296B99608->ffc7b071-00b3-4a69-8de5-2639a1a8d8ac@group-6911E2D50CC5, cid=1416, SUCCESS, logIndex=2452, commits[ffc7b071-00b3-4a69-8de5-2639a1a8d8ac:c2452]
2019-06-12 16:04:53,360 INFO  client.GrpcClientProtocolClient (GrpcClientProtocolClient.java:onNext(254)) - client-7F7296B99608->ffc7b071-00b3-4a69-8de5-2639a1a8d8ac: receive RaftClientReply:client-7F7296B99608->ffc7b071-00b3-4a69-8de5-2639a1a8d8ac@group-6911E2D50CC5, cid=1417, SUCCESS, logIndex=2454, commits[ffc7b071-00b3-4a69-8de5-2639a1a8d8ac:c2454]
2019-06-12 16:04:53,361 INFO  client.GrpcClientProtocolClient (GrpcClientProtocolClient.java:onNext(254)) - client-7F7296B99608->ffc7b071-00b3-4a69-8de5-2639a1a8d8ac: receive RaftClientReply:client-7F7296B99608->ffc7b071-00b3-4a69-8de5-2639a1a8d8ac@group-6911E2D50CC5, cid=1418, SUCCESS, logIndex=2456, commits[ffc7b071-00b3-4a69-8de5-2639a1a8d8ac:c2456]
2019-06-12 16:04:53,363 INFO  client.GrpcClientProtocolClient (GrpcClientProtocolClient.java:onNext(254)) - client-7F7296B99608->ffc7b071-00b3-4a69-8de5-2639a1a8d8ac: receive RaftClientReply:client-7F7296B99608->ffc7b071-00b3-4a69-8de5-2639a1a8d8ac@group-6911E2D50CC5, cid=1419, SUCCESS, logIndex=2457, commits[ffc7b071-00b3-4a69-8de5-2639a1a8d8ac:c2459]
2019-06-12 16:04:53,363 INFO  client.GrpcClientProtocolClient (GrpcClientProtocolClient.java:onNext(254)) - client-7F7296B99608->ffc7b071-00b3-4a69-8de5-2639a1a8d8ac: receive RaftClientReply:client-7F7296B99608->ffc7b071-00b3-4a69-8de5-2639a1a8d8ac@group-6911E2D50CC5, cid=1420, SUCCESS, logIndex=2458, commits[ffc7b071-00b3-4a69-8de5-2639a1a8d8ac:c2459]
2019-06-12 16:04:53,368 INFO  client.GrpcClientProtocolClient (GrpcClientProtocolClient.java:onNext(254)) - client-7F7296B99608->ffc7b071-00b3-4a69-8de5-2639a1a8d8ac: receive RaftClientReply:client-7F7296B99608->ffc7b071-00b3-4a69-8de5-2639a1a8d8ac@group-6911E2D50CC5, cid=1421, SUCCESS, logIndex=2460, commits[ffc7b071-00b3-4a69-8de5-2639a1a8d8ac:c2460]
2019-06-12 16:04:53,370 INFO  client.GrpcClientProtocolClient (GrpcClientProtocolClient.java:onNext(254)) - client-7F7296B99608->ffc7b071-00b3-4a69-8de5-2639a1a8d8ac: receive RaftClientReply:client-7F7296B99608->ffc7b071-00b3-4a69-8de5-2639a1a8d8ac@group-6911E2D50CC5, cid=1422, SUCCESS, logIndex=2462, commits[ffc7b071-00b3-4a69-8de5-2639a1a8d8ac:c2462]
2019-06-12 16:04:53,371 INFO  client.GrpcClientProtocolClient (GrpcClientProtocolClient.java:onNext(254)) - client-7F7296B99608->ffc7b071-00b3-4a69-8de5-2639a1a8d8ac: receive RaftClientReply:client-7F7296B99608->ffc7b071-00b3-4a69-8de5-2639a1a8d8ac@group-6911E2D50CC5, cid=1423, SUCCESS, logIndex=2463, commits[ffc7b071-00b3-4a69-8de5-2639a1a8d8ac:c2465]
2019-06-12 16:04:53,374 INFO  client.GrpcClientProtocolClient (GrpcClientProtocolClient.java:onNext(254)) - client-7F7296B99608->ffc7b071-00b3-4a69-8de5-2639a1a8d8ac: receive RaftClientReply:client-7F7296B99608->ffc7b071-00b3-4a69-8de5-2639a1a8d8ac@group-6911E2D50CC5, cid=1424, SUCCESS, logIndex=2464, commits[ffc7b071-00b3-4a69-8de5-2639a1a8d8ac:c2465]
2019-06-12 16:04:53,383 INFO  client.GrpcClientProtocolClient (GrpcClientProtocolClient.java:onNext(254)) - client-7F7296B99608->ffc7b071-00b3-4a69-8de5-2639a1a8d8ac: receive RaftClientReply:client-7F7296B99608->ffc7b071-00b3-4a69-8de5-2639a1a8d8ac@group-6911E2D50CC5, cid=1425, SUCCESS, logIndex=2466, commits[ffc7b071-00b3-4a69-8de5-2639a1a8d8ac:c2466]
2019-06-12 16:04:53,386 INFO  client.GrpcClientProtocolClient (GrpcClientProtocolClient.java:onNext(254)) - client-7F7296B99608->ffc7b071-00b3-4a69-8de5-2639a1a8d8ac: receive RaftClientReply:client-7F7296B99608->ffc7b071-00b3-4a69-8de5-2639a1a8d8ac@group-6911E2D50CC5, cid=1426, SUCCESS, logIndex=2468, commits[ffc7b071-00b3-4a69-8de5-2639a1a8d8ac:c2468]
2019-06-12 16:04:53,386 INFO  client.GrpcClientProtocolClient (GrpcClientProtocolClient.java:onNext(254)) - client-7F7296B99608->ffc7b071-00b3-4a69-8de5-2639a1a8d8ac: receive RaftClientReply:client-7F7296B99608->ffc7b071-00b3-4a69-8de5-2639a1a8d8ac@group-6911E2D50CC5, cid=1427, SUCCESS, logIndex=2469, commits[ffc7b071-00b3-4a69-8de5-2639a1a8d8ac:c2470]
2019-06-12 16:04:53,390 DEBUG block.SCMBlockDeletingService (SCMBlockDeletingService.java:call(138)) - Running DeletedBlockTransactionScanner
2019-06-12 16:04:53,390 DEBUG block.SCMBlockDeletingService (SCMBlockDeletingService.java:call(155)) - Scanned deleted blocks log and got 0 delTX to process.
2019-06-12 16:04:53,390 INFO  client.GrpcClientProtocolClient (GrpcClientProtocolClient.java:onNext(254)) - client-7F7296B99608->ffc7b071-00b3-4a69-8de5-2639a1a8d8ac: receive RaftClientReply:client-7F7296B99608->ffc7b071-00b3-4a69-8de5-2639a1a8d8ac@group-6911E2D50CC5, cid=1428, SUCCESS, logIndex=2470, commits[ffc7b071-00b3-4a69-8de5-2639a1a8d8ac:c2470]
2019-06-12 16:04:53,396 INFO  client.GrpcClientProtocolClient (GrpcClientProtocolClient.java:onNext(254)) - client-7F7296B99608->ffc7b071-00b3-4a69-8de5-2639a1a8d8ac: receive RaftClientReply:client-7F7296B99608->ffc7b071-00b3-4a69-8de5-2639a1a8d8ac@group-6911E2D50CC5, cid=1429, SUCCESS, logIndex=2473, commits[ffc7b071-00b3-4a69-8de5-2639a1a8d8ac:c2473]
2019-06-12 16:04:53,398 INFO  client.GrpcClientProtocolClient (GrpcClientProtocolClient.java:onNext(254)) - client-7F7296B99608->ffc7b071-00b3-4a69-8de5-2639a1a8d8ac: receive RaftClientReply:client-7F7296B99608->ffc7b071-00b3-4a69-8de5-2639a1a8d8ac@group-6911E2D50CC5, cid=1430, SUCCESS, logIndex=2475, commits[ffc7b071-00b3-4a69-8de5-2639a1a8d8ac:c2475]
2019-06-12 16:04:53,399 INFO  client.GrpcClientProtocolClient (GrpcClientProtocolClient.java:onNext(254)) - client-7F7296B99608->ffc7b071-00b3-4a69-8de5-2639a1a8d8ac: receive RaftClientReply:client-7F7296B99608->ffc7b071-00b3-4a69-8de5-2639a1a8d8ac@group-6911E2D50CC5, cid=1431, SUCCESS, logIndex=2476, commits[ffc7b071-00b3-4a69-8de5-2639a1a8d8ac:c2478]
2019-06-12 16:04:53,399 INFO  client.GrpcClientProtocolClient (GrpcClientProtocolClient.java:onNext(254)) - client-7F7296B99608->ffc7b071-00b3-4a69-8de5-2639a1a8d8ac: receive RaftClientReply:client-7F7296B99608->ffc7b071-00b3-4a69-8de5-2639a1a8d8ac@group-6911E2D50CC5, cid=1432, SUCCESS, logIndex=2477, commits[ffc7b071-00b3-4a69-8de5-2639a1a8d8ac:c2478]
2019-06-12 16:04:53,409 INFO  client.GrpcClientProtocolClient (GrpcClientProtocolClient.java:onNext(254)) - client-7F7296B99608->ffc7b071-00b3-4a69-8de5-2639a1a8d8ac: receive RaftClientReply:client-7F7296B99608->ffc7b071-00b3-4a69-8de5-2639a1a8d8ac@group-6911E2D50CC5, cid=1433, SUCCESS, logIndex=2479, commits[ffc7b071-00b3-4a69-8de5-2639a1a8d8ac:c2479]
2019-06-12 16:04:53,411 INFO  client.GrpcClientProtocolClient (GrpcClientProtocolClient.java:onNext(254)) - client-7F7296B99608->ffc7b071-00b3-4a69-8de5-2639a1a8d8ac: receive RaftClientReply:client-7F7296B99608->ffc7b071-00b3-4a69-8de5-2639a1a8d8ac@group-6911E2D50CC5, cid=1434, SUCCESS, logIndex=2481, commits[ffc7b071-00b3-4a69-8de5-2639a1a8d8ac:c2481]
2019-06-12 16:04:53,411 INFO  client.GrpcClientProtocolClient (GrpcClientProtocolClient.java:onNext(254)) - client-7F7296B99608->ffc7b071-00b3-4a69-8de5-2639a1a8d8ac: receive RaftClientReply:client-7F7296B99608->ffc7b071-00b3-4a69-8de5-2639a1a8d8ac@group-6911E2D50CC5, cid=1435, SUCCESS, logIndex=2482, commits[ffc7b071-00b3-4a69-8de5-2639a1a8d8ac:c2484]
2019-06-12 16:04:53,412 INFO  client.GrpcClientProtocolClient (GrpcClientProtocolClient.java:onNext(254)) - client-7F7296B99608->ffc7b071-00b3-4a69-8de5-2639a1a8d8ac: receive RaftClientReply:client-7F7296B99608->ffc7b071-00b3-4a69-8de5-2639a1a8d8ac@group-6911E2D50CC5, cid=1436, SUCCESS, logIndex=2484, commits[ffc7b071-00b3-4a69-8de5-2639a1a8d8ac:c2484]
2019-06-12 16:04:53,418 INFO  client.GrpcClientProtocolClient (GrpcClientProtocolClient.java:onNext(254)) - client-7F7296B99608->ffc7b071-00b3-4a69-8de5-2639a1a8d8ac: receive RaftClientReply:client-7F7296B99608->ffc7b071-00b3-4a69-8de5-2639a1a8d8ac@group-6911E2D50CC5, cid=1437, SUCCESS, logIndex=2486, commits[ffc7b071-00b3-4a69-8de5-2639a1a8d8ac:c2486]
2019-06-12 16:04:53,420 INFO  client.GrpcClientProtocolClient (GrpcClientProtocolClient.java:onNext(254)) - client-7F7296B99608->ffc7b071-00b3-4a69-8de5-2639a1a8d8ac: receive RaftClientReply:client-7F7296B99608->ffc7b071-00b3-4a69-8de5-2639a1a8d8ac@group-6911E2D50CC5, cid=1438, SUCCESS, logIndex=2488, commits[ffc7b071-00b3-4a69-8de5-2639a1a8d8ac:c2488]
2019-06-12 16:04:53,421 INFO  client.GrpcClientProtocolClient (GrpcClientProtocolClient.java:onNext(254)) - client-7F7296B99608->ffc7b071-00b3-4a69-8de5-2639a1a8d8ac: receive RaftClientReply:client-7F7296B99608->ffc7b071-00b3-4a69-8de5-2639a1a8d8ac@group-6911E2D50CC5, cid=1439, SUCCESS, logIndex=2489, commits[ffc7b071-00b3-4a69-8de5-2639a1a8d8ac:c2491]
2019-06-12 16:04:53,422 INFO  client.GrpcClientProtocolClient (GrpcClientProtocolClient.java:onNext(254)) - client-7F7296B99608->ffc7b071-00b3-4a69-8de5-2639a1a8d8ac: receive RaftClientReply:client-7F7296B99608->ffc7b071-00b3-4a69-8de5-2639a1a8d8ac@group-6911E2D50CC5, cid=1440, SUCCESS, logIndex=2491, commits[ffc7b071-00b3-4a69-8de5-2639a1a8d8ac:c2491]
2019-06-12 16:04:53,431 INFO  client.GrpcClientProtocolClient (GrpcClientProtocolClient.java:onNext(254)) - client-7F7296B99608->ffc7b071-00b3-4a69-8de5-2639a1a8d8ac: receive RaftClientReply:client-7F7296B99608->ffc7b071-00b3-4a69-8de5-2639a1a8d8ac@group-6911E2D50CC5, cid=1441, SUCCESS, logIndex=2493, commits[ffc7b071-00b3-4a69-8de5-2639a1a8d8ac:c2493]
2019-06-12 16:04:53,433 INFO  client.GrpcClientProtocolClient (GrpcClientProtocolClient.java:onNext(254)) - client-7F7296B99608->ffc7b071-00b3-4a69-8de5-2639a1a8d8ac: receive RaftClientReply:client-7F7296B99608->ffc7b071-00b3-4a69-8de5-2639a1a8d8ac@group-6911E2D50CC5, cid=1442, SUCCESS, logIndex=2495, commits[ffc7b071-00b3-4a69-8de5-2639a1a8d8ac:c2495]
2019-06-12 16:04:53,435 INFO  client.GrpcClientProtocolClient (GrpcClientProtocolClient.java:onNext(254)) - client-7F7296B99608->ffc7b071-00b3-4a69-8de5-2639a1a8d8ac: receive RaftClientReply:client-7F7296B99608->ffc7b071-00b3-4a69-8de5-2639a1a8d8ac@group-6911E2D50CC5, cid=1443, SUCCESS, logIndex=2497, commits[ffc7b071-00b3-4a69-8de5-2639a1a8d8ac:c2497]
2019-06-12 16:04:53,435 INFO  client.GrpcClientProtocolClient (GrpcClientProtocolClient.java:onNext(254)) - client-7F7296B99608->ffc7b071-00b3-4a69-8de5-2639a1a8d8ac: receive RaftClientReply:client-7F7296B99608->ffc7b071-00b3-4a69-8de5-2639a1a8d8ac@group-6911E2D50CC5, cid=1444, SUCCESS, logIndex=2498, commits[ffc7b071-00b3-4a69-8de5-2639a1a8d8ac:c2498]
2019-06-12 16:04:53,441 INFO  client.GrpcClientProtocolClient (GrpcClientProtocolClient.java:onNext(254)) - client-7F7296B99608->ffc7b071-00b3-4a69-8de5-2639a1a8d8ac: receive RaftClientReply:client-7F7296B99608->ffc7b071-00b3-4a69-8de5-2639a1a8d8ac@group-6911E2D50CC5, cid=1445, SUCCESS, logIndex=2501, commits[ffc7b071-00b3-4a69-8de5-2639a1a8d8ac:c2501]
2019-06-12 16:04:53,443 INFO  client.GrpcClientProtocolClient (GrpcClientProtocolClient.java:onNext(254)) - client-7F7296B99608->ffc7b071-00b3-4a69-8de5-2639a1a8d8ac: receive RaftClientReply:client-7F7296B99608->ffc7b071-00b3-4a69-8de5-2639a1a8d8ac@group-6911E2D50CC5, cid=1446, SUCCESS, logIndex=2503, commits[ffc7b071-00b3-4a69-8de5-2639a1a8d8ac:c2503]
2019-06-12 16:04:53,444 INFO  client.GrpcClientProtocolClient (GrpcClientProtocolClient.java:onNext(254)) - client-7F7296B99608->ffc7b071-00b3-4a69-8de5-2639a1a8d8ac: receive RaftClientReply:client-7F7296B99608->ffc7b071-00b3-4a69-8de5-2639a1a8d8ac@group-6911E2D50CC5, cid=1447, SUCCESS, logIndex=2504, commits[ffc7b071-00b3-4a69-8de5-2639a1a8d8ac:c2505]
2019-06-12 16:04:53,445 INFO  client.GrpcClientProtocolClient (GrpcClientProtocolClient.java:onNext(254)) - client-7F7296B99608->ffc7b071-00b3-4a69-8de5-2639a1a8d8ac: receive RaftClientReply:client-7F7296B99608->ffc7b071-00b3-4a69-8de5-2639a1a8d8ac@group-6911E2D50CC5, cid=1448, SUCCESS, logIndex=2506, commits[ffc7b071-00b3-4a69-8de5-2639a1a8d8ac:c2506]
2019-06-12 16:04:53,453 INFO  client.GrpcClientProtocolClient (GrpcClientProtocolClient.java:onNext(254)) - client-7F7296B99608->ffc7b071-00b3-4a69-8de5-2639a1a8d8ac: receive RaftClientReply:client-7F7296B99608->ffc7b071-00b3-4a69-8de5-2639a1a8d8ac@group-6911E2D50CC5, cid=1449, SUCCESS, logIndex=2508, commits[ffc7b071-00b3-4a69-8de5-2639a1a8d8ac:c2508]
2019-06-12 16:04:53,456 INFO  client.GrpcClientProtocolClient (GrpcClientProtocolClient.java:onNext(254)) - client-7F7296B99608->ffc7b071-00b3-4a69-8de5-2639a1a8d8ac: receive RaftClientReply:client-7F7296B99608->ffc7b071-00b3-4a69-8de5-2639a1a8d8ac@group-6911E2D50CC5, cid=1450, SUCCESS, logIndex=2510, commits[ffc7b071-00b3-4a69-8de5-2639a1a8d8ac:c2510]
2019-06-12 16:04:53,456 INFO  client.GrpcClientProtocolClient (GrpcClientProtocolClient.java:onNext(254)) - client-7F7296B99608->ffc7b071-00b3-4a69-8de5-2639a1a8d8ac: receive RaftClientReply:client-7F7296B99608->ffc7b071-00b3-4a69-8de5-2639a1a8d8ac@group-6911E2D50CC5, cid=1451, SUCCESS, logIndex=2511, commits[ffc7b071-00b3-4a69-8de5-2639a1a8d8ac:c2512]
2019-06-12 16:04:53,457 INFO  client.GrpcClientProtocolClient (GrpcClientProtocolClient.java:onNext(254)) - client-7F7296B99608->ffc7b071-00b3-4a69-8de5-2639a1a8d8ac: receive RaftClientReply:client-7F7296B99608->ffc7b071-00b3-4a69-8de5-2639a1a8d8ac@group-6911E2D50CC5, cid=1452, SUCCESS, logIndex=2512, commits[ffc7b071-00b3-4a69-8de5-2639a1a8d8ac:c2512]
2019-06-12 16:04:53,462 INFO  client.GrpcClientProtocolClient (GrpcClientProtocolClient.java:onNext(254)) - client-7F7296B99608->ffc7b071-00b3-4a69-8de5-2639a1a8d8ac: receive RaftClientReply:client-7F7296B99608->ffc7b071-00b3-4a69-8de5-2639a1a8d8ac@group-6911E2D50CC5, cid=1453, SUCCESS, logIndex=2515, commits[ffc7b071-00b3-4a69-8de5-2639a1a8d8ac:c2515]
2019-06-12 16:04:53,462 INFO  storage.RaftLogWorker (RaftLogWorker.java:rollLogSegment(303)) - ffc7b071-00b3-4a69-8de5-2639a1a8d8ac-RaftLogWorker: Rolling segment log-2443_2516 to index:2516
2019-06-12 16:04:53,462 INFO  storage.RaftLogWorker (RaftLogWorker.java:execute(433)) - ffc7b071-00b3-4a69-8de5-2639a1a8d8ac-RaftLogWorker: Rolled log segment from /opt/src/hadoop-ozone/integration-test/target/test-dir/MiniOzoneClusterImpl-a1c7246e-c692-4524-ad55-32b507b20431/datanode-0/data/ratis/4417d833-4fb6-4fa2-9413-6911e2d50cc5/current/log_inprogress_2443 to /opt/src/hadoop-ozone/integration-test/target/test-dir/MiniOzoneClusterImpl-a1c7246e-c692-4524-ad55-32b507b20431/datanode-0/data/ratis/4417d833-4fb6-4fa2-9413-6911e2d50cc5/current/log_2443-2516
2019-06-12 16:04:53,490 DEBUG block.SCMBlockDeletingService (SCMBlockDeletingService.java:call(138)) - Running DeletedBlockTransactionScanner
2019-06-12 16:04:53,491 DEBUG block.SCMBlockDeletingService (SCMBlockDeletingService.java:call(155)) - Scanned deleted blocks log and got 0 delTX to process.
2019-06-12 16:04:53,497 INFO  storage.RaftLogWorker (RaftLogWorker.java:execute(469)) - ffc7b071-00b3-4a69-8de5-2639a1a8d8ac-RaftLogWorker: created new log segment /opt/src/hadoop-ozone/integration-test/target/test-dir/MiniOzoneClusterImpl-a1c7246e-c692-4524-ad55-32b507b20431/datanode-0/data/ratis/4417d833-4fb6-4fa2-9413-6911e2d50cc5/current/log_inprogress_2517
2019-06-12 16:04:53,499 INFO  client.GrpcClientProtocolClient (GrpcClientProtocolClient.java:onNext(254)) - client-7F7296B99608->ffc7b071-00b3-4a69-8de5-2639a1a8d8ac: receive RaftClientReply:client-7F7296B99608->ffc7b071-00b3-4a69-8de5-2639a1a8d8ac@group-6911E2D50CC5, cid=1454, SUCCESS, logIndex=2517, commits[ffc7b071-00b3-4a69-8de5-2639a1a8d8ac:c2519]
2019-06-12 16:04:53,500 INFO  client.GrpcClientProtocolClient (GrpcClientProtocolClient.java:onNext(254)) - client-7F7296B99608->ffc7b071-00b3-4a69-8de5-2639a1a8d8ac: receive RaftClientReply:client-7F7296B99608->ffc7b071-00b3-4a69-8de5-2639a1a8d8ac@group-6911E2D50CC5, cid=1455, SUCCESS, logIndex=2518, commits[ffc7b071-00b3-4a69-8de5-2639a1a8d8ac:c2520]
2019-06-12 16:04:53,500 INFO  client.GrpcClientProtocolClient (GrpcClientProtocolClient.java:onNext(254)) - client-7F7296B99608->ffc7b071-00b3-4a69-8de5-2639a1a8d8ac: receive RaftClientReply:client-7F7296B99608->ffc7b071-00b3-4a69-8de5-2639a1a8d8ac@group-6911E2D50CC5, cid=1456, SUCCESS, logIndex=2519, commits[ffc7b071-00b3-4a69-8de5-2639a1a8d8ac:c2520]
2019-06-12 16:04:53,513 INFO  client.GrpcClientProtocolClient (GrpcClientProtocolClient.java:onNext(254)) - client-7F7296B99608->ffc7b071-00b3-4a69-8de5-2639a1a8d8ac: receive RaftClientReply:client-7F7296B99608->ffc7b071-00b3-4a69-8de5-2639a1a8d8ac@group-6911E2D50CC5, cid=1457, SUCCESS, logIndex=2521, commits[ffc7b071-00b3-4a69-8de5-2639a1a8d8ac:c2521]
2019-06-12 16:04:53,515 INFO  client.GrpcClientProtocolClient (GrpcClientProtocolClient.java:onNext(254)) - client-7F7296B99608->ffc7b071-00b3-4a69-8de5-2639a1a8d8ac: receive RaftClientReply:client-7F7296B99608->ffc7b071-00b3-4a69-8de5-2639a1a8d8ac@group-6911E2D50CC5, cid=1458, SUCCESS, logIndex=2523, commits[ffc7b071-00b3-4a69-8de5-2639a1a8d8ac:c2523]
2019-06-12 16:04:53,578 INFO  client.GrpcClientProtocolClient (GrpcClientProtocolClient.java:onNext(254)) - client-7F7296B99608->ffc7b071-00b3-4a69-8de5-2639a1a8d8ac: receive RaftClientReply:client-7F7296B99608->ffc7b071-00b3-4a69-8de5-2639a1a8d8ac@group-6911E2D50CC5, cid=1459, SUCCESS, logIndex=2525, commits[ffc7b071-00b3-4a69-8de5-2639a1a8d8ac:c2525]
2019-06-12 16:04:53,580 INFO  client.GrpcClientProtocolClient (GrpcClientProtocolClient.java:onNext(254)) - client-7F7296B99608->ffc7b071-00b3-4a69-8de5-2639a1a8d8ac: receive RaftClientReply:client-7F7296B99608->ffc7b071-00b3-4a69-8de5-2639a1a8d8ac@group-6911E2D50CC5, cid=1460, SUCCESS, logIndex=2527, commits[ffc7b071-00b3-4a69-8de5-2639a1a8d8ac:c2527]
2019-06-12 16:04:53,585 INFO  client.GrpcClientProtocolClient (GrpcClientProtocolClient.java:onNext(254)) - client-7F7296B99608->ffc7b071-00b3-4a69-8de5-2639a1a8d8ac: receive RaftClientReply:client-7F7296B99608->ffc7b071-00b3-4a69-8de5-2639a1a8d8ac@group-6911E2D50CC5, cid=1461, SUCCESS, logIndex=2529, commits[ffc7b071-00b3-4a69-8de5-2639a1a8d8ac:c2529]
2019-06-12 16:04:53,586 INFO  client.GrpcClientProtocolClient (GrpcClientProtocolClient.java:onNext(254)) - client-7F7296B99608->ffc7b071-00b3-4a69-8de5-2639a1a8d8ac: receive RaftClientReply:client-7F7296B99608->ffc7b071-00b3-4a69-8de5-2639a1a8d8ac@group-6911E2D50CC5, cid=1462, SUCCESS, logIndex=2531, commits[ffc7b071-00b3-4a69-8de5-2639a1a8d8ac:c2531]
2019-06-12 16:04:53,588 INFO  client.GrpcClientProtocolClient (GrpcClientProtocolClient.java:onNext(254)) - client-7F7296B99608->ffc7b071-00b3-4a69-8de5-2639a1a8d8ac: receive RaftClientReply:client-7F7296B99608->ffc7b071-00b3-4a69-8de5-2639a1a8d8ac@group-6911E2D50CC5, cid=1463, SUCCESS, logIndex=2532, commits[ffc7b071-00b3-4a69-8de5-2639a1a8d8ac:c2534]
2019-06-12 16:04:53,588 INFO  client.GrpcClientProtocolClient (GrpcClientProtocolClient.java:onNext(254)) - client-7F7296B99608->ffc7b071-00b3-4a69-8de5-2639a1a8d8ac: receive RaftClientReply:client-7F7296B99608->ffc7b071-00b3-4a69-8de5-2639a1a8d8ac@group-6911E2D50CC5, cid=1464, SUCCESS, logIndex=2533, commits[ffc7b071-00b3-4a69-8de5-2639a1a8d8ac:c2534]
2019-06-12 16:04:53,593 DEBUG block.SCMBlockDeletingService (SCMBlockDeletingService.java:call(138)) - Running DeletedBlockTransactionScanner
2019-06-12 16:04:53,595 DEBUG block.SCMBlockDeletingService (SCMBlockDeletingService.java:call(155)) - Scanned deleted blocks log and got 0 delTX to process.
2019-06-12 16:04:53,602 INFO  client.GrpcClientProtocolClient (GrpcClientProtocolClient.java:onNext(254)) - client-7F7296B99608->ffc7b071-00b3-4a69-8de5-2639a1a8d8ac: receive RaftClientReply:client-7F7296B99608->ffc7b071-00b3-4a69-8de5-2639a1a8d8ac@group-6911E2D50CC5, cid=1465, SUCCESS, logIndex=2535, commits[ffc7b071-00b3-4a69-8de5-2639a1a8d8ac:c2535]
2019-06-12 16:04:53,604 INFO  client.GrpcClientProtocolClient (GrpcClientProtocolClient.java:onNext(254)) - client-7F7296B99608->ffc7b071-00b3-4a69-8de5-2639a1a8d8ac: receive RaftClientReply:client-7F7296B99608->ffc7b071-00b3-4a69-8de5-2639a1a8d8ac@group-6911E2D50CC5, cid=1466, SUCCESS, logIndex=2537, commits[ffc7b071-00b3-4a69-8de5-2639a1a8d8ac:c2537]
2019-06-12 16:04:53,604 INFO  client.GrpcClientProtocolClient (GrpcClientProtocolClient.java:onNext(254)) - client-7F7296B99608->ffc7b071-00b3-4a69-8de5-2639a1a8d8ac: receive RaftClientReply:client-7F7296B99608->ffc7b071-00b3-4a69-8de5-2639a1a8d8ac@group-6911E2D50CC5, cid=1467, SUCCESS, logIndex=2538, commits[ffc7b071-00b3-4a69-8de5-2639a1a8d8ac:c2539]
2019-06-12 16:04:53,605 INFO  client.GrpcClientProtocolClient (GrpcClientProtocolClient.java:onNext(254)) - client-7F7296B99608->ffc7b071-00b3-4a69-8de5-2639a1a8d8ac: receive RaftClientReply:client-7F7296B99608->ffc7b071-00b3-4a69-8de5-2639a1a8d8ac@group-6911E2D50CC5, cid=1468, SUCCESS, logIndex=2539, commits[ffc7b071-00b3-4a69-8de5-2639a1a8d8ac:c2539]
2019-06-12 16:04:53,610 INFO  client.GrpcClientProtocolClient (GrpcClientProtocolClient.java:onNext(254)) - client-7F7296B99608->ffc7b071-00b3-4a69-8de5-2639a1a8d8ac: receive RaftClientReply:client-7F7296B99608->ffc7b071-00b3-4a69-8de5-2639a1a8d8ac@group-6911E2D50CC5, cid=1469, SUCCESS, logIndex=2542, commits[ffc7b071-00b3-4a69-8de5-2639a1a8d8ac:c2542]
2019-06-12 16:04:53,612 INFO  client.GrpcClientProtocolClient (GrpcClientProtocolClient.java:onNext(254)) - client-7F7296B99608->ffc7b071-00b3-4a69-8de5-2639a1a8d8ac: receive RaftClientReply:client-7F7296B99608->ffc7b071-00b3-4a69-8de5-2639a1a8d8ac@group-6911E2D50CC5, cid=1470, SUCCESS, logIndex=2544, commits[ffc7b071-00b3-4a69-8de5-2639a1a8d8ac:c2544]
2019-06-12 16:04:53,613 INFO  client.GrpcClientProtocolClient (GrpcClientProtocolClient.java:onNext(254)) - client-7F7296B99608->ffc7b071-00b3-4a69-8de5-2639a1a8d8ac: receive RaftClientReply:client-7F7296B99608->ffc7b071-00b3-4a69-8de5-2639a1a8d8ac@group-6911E2D50CC5, cid=1471, SUCCESS, logIndex=2545, commits[ffc7b071-00b3-4a69-8de5-2639a1a8d8ac:c2546]
2019-06-12 16:04:53,613 INFO  client.GrpcClientProtocolClient (GrpcClientProtocolClient.java:onNext(254)) - client-7F7296B99608->ffc7b071-00b3-4a69-8de5-2639a1a8d8ac: receive RaftClientReply:client-7F7296B99608->ffc7b071-00b3-4a69-8de5-2639a1a8d8ac@group-6911E2D50CC5, cid=1472, SUCCESS, logIndex=2546, commits[ffc7b071-00b3-4a69-8de5-2639a1a8d8ac:c2546]
2019-06-12 16:04:53,623 INFO  client.GrpcClientProtocolClient (GrpcClientProtocolClient.java:onNext(254)) - client-7F7296B99608->ffc7b071-00b3-4a69-8de5-2639a1a8d8ac: receive RaftClientReply:client-7F7296B99608->ffc7b071-00b3-4a69-8de5-2639a1a8d8ac@group-6911E2D50CC5, cid=1473, SUCCESS, logIndex=2549, commits[ffc7b071-00b3-4a69-8de5-2639a1a8d8ac:c2549]
2019-06-12 16:04:53,624 INFO  client.GrpcClientProtocolClient (GrpcClientProtocolClient.java:onNext(254)) - client-7F7296B99608->ffc7b071-00b3-4a69-8de5-2639a1a8d8ac: receive RaftClientReply:client-7F7296B99608->ffc7b071-00b3-4a69-8de5-2639a1a8d8ac@group-6911E2D50CC5, cid=1474, SUCCESS, logIndex=2551, commits[ffc7b071-00b3-4a69-8de5-2639a1a8d8ac:c2551]
2019-06-12 16:04:53,627 INFO  client.GrpcClientProtocolClient (GrpcClientProtocolClient.java:onNext(254)) - client-7F7296B99608->ffc7b071-00b3-4a69-8de5-2639a1a8d8ac: receive RaftClientReply:client-7F7296B99608->ffc7b071-00b3-4a69-8de5-2639a1a8d8ac@group-6911E2D50CC5, cid=1475, SUCCESS, logIndex=2553, commits[ffc7b071-00b3-4a69-8de5-2639a1a8d8ac:c2554]
2019-06-12 16:04:53,627 INFO  client.GrpcClientProtocolClient (GrpcClientProtocolClient.java:onNext(254)) - client-7F7296B99608->ffc7b071-00b3-4a69-8de5-2639a1a8d8ac: receive RaftClientReply:client-7F7296B99608->ffc7b071-00b3-4a69-8de5-2639a1a8d8ac@group-6911E2D50CC5, cid=1476, SUCCESS, logIndex=2554, commits[ffc7b071-00b3-4a69-8de5-2639a1a8d8ac:c2554]
2019-06-12 16:04:53,633 INFO  client.GrpcClientProtocolClient (GrpcClientProtocolClient.java:onNext(254)) - client-7F7296B99608->ffc7b071-00b3-4a69-8de5-2639a1a8d8ac: receive RaftClientReply:client-7F7296B99608->ffc7b071-00b3-4a69-8de5-2639a1a8d8ac@group-6911E2D50CC5, cid=1477, SUCCESS, logIndex=2556, commits[ffc7b071-00b3-4a69-8de5-2639a1a8d8ac:c2556]
2019-06-12 16:04:53,685 INFO  client.GrpcClientProtocolClient (GrpcClientProtocolClient.java:onNext(254)) - client-7F7296B99608->ffc7b071-00b3-4a69-8de5-2639a1a8d8ac: receive RaftClientReply:client-7F7296B99608->ffc7b071-00b3-4a69-8de5-2639a1a8d8ac@group-6911E2D50CC5, cid=1478, SUCCESS, logIndex=2558, commits[ffc7b071-00b3-4a69-8de5-2639a1a8d8ac:c2558]
2019-06-12 16:04:53,689 INFO  client.GrpcClientProtocolClient (GrpcClientProtocolClient.java:onNext(254)) - client-7F7296B99608->ffc7b071-00b3-4a69-8de5-2639a1a8d8ac: receive RaftClientReply:client-7F7296B99608->ffc7b071-00b3-4a69-8de5-2639a1a8d8ac@group-6911E2D50CC5, cid=1479, SUCCESS, logIndex=2559, commits[ffc7b071-00b3-4a69-8de5-2639a1a8d8ac:c2559]
2019-06-12 16:04:53,691 INFO  client.GrpcClientProtocolClient (GrpcClientProtocolClient.java:onNext(254)) - client-7F7296B99608->ffc7b071-00b3-4a69-8de5-2639a1a8d8ac: receive RaftClientReply:client-7F7296B99608->ffc7b071-00b3-4a69-8de5-2639a1a8d8ac@group-6911E2D50CC5, cid=1480, SUCCESS, logIndex=2562, commits[ffc7b071-00b3-4a69-8de5-2639a1a8d8ac:c2562]
2019-06-12 16:04:53,695 DEBUG block.SCMBlockDeletingService (SCMBlockDeletingService.java:call(138)) - Running DeletedBlockTransactionScanner
2019-06-12 16:04:53,695 DEBUG block.SCMBlockDeletingService (SCMBlockDeletingService.java:call(155)) - Scanned deleted blocks log and got 0 delTX to process.
2019-06-12 16:04:53,701 INFO  client.GrpcClientProtocolClient (GrpcClientProtocolClient.java:onNext(254)) - client-7F7296B99608->ffc7b071-00b3-4a69-8de5-2639a1a8d8ac: receive RaftClientReply:client-7F7296B99608->ffc7b071-00b3-4a69-8de5-2639a1a8d8ac@group-6911E2D50CC5, cid=1481, SUCCESS, logIndex=2564, commits[ffc7b071-00b3-4a69-8de5-2639a1a8d8ac:c2564]
2019-06-12 16:04:53,703 INFO  client.GrpcClientProtocolClient (GrpcClientProtocolClient.java:onNext(254)) - client-7F7296B99608->ffc7b071-00b3-4a69-8de5-2639a1a8d8ac: receive RaftClientReply:client-7F7296B99608->ffc7b071-00b3-4a69-8de5-2639a1a8d8ac@group-6911E2D50CC5, cid=1482, SUCCESS, logIndex=2566, commits[ffc7b071-00b3-4a69-8de5-2639a1a8d8ac:c2566]
2019-06-12 16:04:53,705 INFO  client.GrpcClientProtocolClient (GrpcClientProtocolClient.java:onNext(254)) - client-7F7296B99608->ffc7b071-00b3-4a69-8de5-2639a1a8d8ac: receive RaftClientReply:client-7F7296B99608->ffc7b071-00b3-4a69-8de5-2639a1a8d8ac@group-6911E2D50CC5, cid=1483, SUCCESS, logIndex=2568, commits[ffc7b071-00b3-4a69-8de5-2639a1a8d8ac:c2569]
2019-06-12 16:04:53,705 INFO  client.GrpcClientProtocolClient (GrpcClientProtocolClient.java:onNext(254)) - client-7F7296B99608->ffc7b071-00b3-4a69-8de5-2639a1a8d8ac: receive RaftClientReply:client-7F7296B99608->ffc7b071-00b3-4a69-8de5-2639a1a8d8ac@group-6911E2D50CC5, cid=1484, SUCCESS, logIndex=2569, commits[ffc7b071-00b3-4a69-8de5-2639a1a8d8ac:c2569]
2019-06-12 16:04:53,711 INFO  client.GrpcClientProtocolClient (GrpcClientProtocolClient.java:onNext(254)) - client-7F7296B99608->ffc7b071-00b3-4a69-8de5-2639a1a8d8ac: receive RaftClientReply:client-7F7296B99608->ffc7b071-00b3-4a69-8de5-2639a1a8d8ac@group-6911E2D50CC5, cid=1485, SUCCESS, logIndex=2571, commits[ffc7b071-00b3-4a69-8de5-2639a1a8d8ac:c2571]
2019-06-12 16:04:53,713 INFO  client.GrpcClientProtocolClient (GrpcClientProtocolClient.java:onNext(254)) - client-7F7296B99608->ffc7b071-00b3-4a69-8de5-2639a1a8d8ac: receive RaftClientReply:client-7F7296B99608->ffc7b071-00b3-4a69-8de5-2639a1a8d8ac@group-6911E2D50CC5, cid=1486, SUCCESS, logIndex=2573, commits[ffc7b071-00b3-4a69-8de5-2639a1a8d8ac:c2573]
2019-06-12 16:04:53,713 INFO  client.GrpcClientProtocolClient (GrpcClientProtocolClient.java:onNext(254)) - client-7F7296B99608->ffc7b071-00b3-4a69-8de5-2639a1a8d8ac: receive RaftClientReply:client-7F7296B99608->ffc7b071-00b3-4a69-8de5-2639a1a8d8ac@group-6911E2D50CC5, cid=1487, SUCCESS, logIndex=2574, commits[ffc7b071-00b3-4a69-8de5-2639a1a8d8ac:c2576]
2019-06-12 16:04:53,714 INFO  client.GrpcClientProtocolClient (GrpcClientProtocolClient.java:onNext(254)) - client-7F7296B99608->ffc7b071-00b3-4a69-8de5-2639a1a8d8ac: receive RaftClientReply:client-7F7296B99608->ffc7b071-00b3-4a69-8de5-2639a1a8d8ac@group-6911E2D50CC5, cid=1488, SUCCESS, logIndex=2575, commits[ffc7b071-00b3-4a69-8de5-2639a1a8d8ac:c2576]
2019-06-12 16:04:53,724 INFO  client.GrpcClientProtocolClient (GrpcClientProtocolClient.java:onNext(254)) - client-7F7296B99608->ffc7b071-00b3-4a69-8de5-2639a1a8d8ac: receive RaftClientReply:client-7F7296B99608->ffc7b071-00b3-4a69-8de5-2639a1a8d8ac@group-6911E2D50CC5, cid=1489, SUCCESS, logIndex=2577, commits[ffc7b071-00b3-4a69-8de5-2639a1a8d8ac:c2577]
2019-06-12 16:04:53,726 INFO  client.GrpcClientProtocolClient (GrpcClientProtocolClient.java:onNext(254)) - client-7F7296B99608->ffc7b071-00b3-4a69-8de5-2639a1a8d8ac: receive RaftClientReply:client-7F7296B99608->ffc7b071-00b3-4a69-8de5-2639a1a8d8ac@group-6911E2D50CC5, cid=1490, SUCCESS, logIndex=2579, commits[ffc7b071-00b3-4a69-8de5-2639a1a8d8ac:c2579]
2019-06-12 16:04:53,726 INFO  client.GrpcClientProtocolClient (GrpcClientProtocolClient.java:onNext(254)) - client-7F7296B99608->ffc7b071-00b3-4a69-8de5-2639a1a8d8ac: receive RaftClientReply:client-7F7296B99608->ffc7b071-00b3-4a69-8de5-2639a1a8d8ac@group-6911E2D50CC5, cid=1491, SUCCESS, logIndex=2580, commits[ffc7b071-00b3-4a69-8de5-2639a1a8d8ac:c2581]
2019-06-12 16:04:53,727 INFO  client.GrpcClientProtocolClient (GrpcClientProtocolClient.java:onNext(254)) - client-7F7296B99608->ffc7b071-00b3-4a69-8de5-2639a1a8d8ac: receive RaftClientReply:client-7F7296B99608->ffc7b071-00b3-4a69-8de5-2639a1a8d8ac@group-6911E2D50CC5, cid=1492, SUCCESS, logIndex=2581, commits[ffc7b071-00b3-4a69-8de5-2639a1a8d8ac:c2582]
2019-06-12 16:04:53,733 INFO  client.GrpcClientProtocolClient (GrpcClientProtocolClient.java:onNext(254)) - client-7F7296B99608->ffc7b071-00b3-4a69-8de5-2639a1a8d8ac: receive RaftClientReply:client-7F7296B99608->ffc7b071-00b3-4a69-8de5-2639a1a8d8ac@group-6911E2D50CC5, cid=1493, SUCCESS, logIndex=2584, commits[ffc7b071-00b3-4a69-8de5-2639a1a8d8ac:c2584]
2019-06-12 16:04:53,734 INFO  storage.RaftLogWorker (RaftLogWorker.java:rollLogSegment(303)) - ffc7b071-00b3-4a69-8de5-2639a1a8d8ac-RaftLogWorker: Rolling segment log-2517_2587 to index:2587
2019-06-12 16:04:53,734 INFO  client.GrpcClientProtocolClient (GrpcClientProtocolClient.java:onNext(254)) - client-7F7296B99608->ffc7b071-00b3-4a69-8de5-2639a1a8d8ac: receive RaftClientReply:client-7F7296B99608->ffc7b071-00b3-4a69-8de5-2639a1a8d8ac@group-6911E2D50CC5, cid=1494, SUCCESS, logIndex=2586, commits[ffc7b071-00b3-4a69-8de5-2639a1a8d8ac:c2586]
2019-06-12 16:04:53,735 INFO  storage.RaftLogWorker (RaftLogWorker.java:execute(433)) - ffc7b071-00b3-4a69-8de5-2639a1a8d8ac-RaftLogWorker: Rolled log segment from /opt/src/hadoop-ozone/integration-test/target/test-dir/MiniOzoneClusterImpl-a1c7246e-c692-4524-ad55-32b507b20431/datanode-0/data/ratis/4417d833-4fb6-4fa2-9413-6911e2d50cc5/current/log_inprogress_2517 to /opt/src/hadoop-ozone/integration-test/target/test-dir/MiniOzoneClusterImpl-a1c7246e-c692-4524-ad55-32b507b20431/datanode-0/data/ratis/4417d833-4fb6-4fa2-9413-6911e2d50cc5/current/log_2517-2587
2019-06-12 16:04:53,738 INFO  client.GrpcClientProtocolClient (GrpcClientProtocolClient.java:onNext(254)) - client-7F7296B99608->ffc7b071-00b3-4a69-8de5-2639a1a8d8ac: receive RaftClientReply:client-7F7296B99608->ffc7b071-00b3-4a69-8de5-2639a1a8d8ac@group-6911E2D50CC5, cid=1495, SUCCESS, logIndex=2587, commits[ffc7b071-00b3-4a69-8de5-2639a1a8d8ac:c2587]
2019-06-12 16:04:53,772 INFO  storage.RaftLogWorker (RaftLogWorker.java:execute(469)) - ffc7b071-00b3-4a69-8de5-2639a1a8d8ac-RaftLogWorker: created new log segment /opt/src/hadoop-ozone/integration-test/target/test-dir/MiniOzoneClusterImpl-a1c7246e-c692-4524-ad55-32b507b20431/datanode-0/data/ratis/4417d833-4fb6-4fa2-9413-6911e2d50cc5/current/log_inprogress_2588
2019-06-12 16:04:53,774 INFO  client.GrpcClientProtocolClient (GrpcClientProtocolClient.java:onNext(254)) - client-7F7296B99608->ffc7b071-00b3-4a69-8de5-2639a1a8d8ac: receive RaftClientReply:client-7F7296B99608->ffc7b071-00b3-4a69-8de5-2639a1a8d8ac@group-6911E2D50CC5, cid=1496, SUCCESS, logIndex=2588, commits[ffc7b071-00b3-4a69-8de5-2639a1a8d8ac:c2590]
2019-06-12 16:04:53,783 INFO  client.GrpcClientProtocolClient (GrpcClientProtocolClient.java:onNext(254)) - client-7F7296B99608->ffc7b071-00b3-4a69-8de5-2639a1a8d8ac: receive RaftClientReply:client-7F7296B99608->ffc7b071-00b3-4a69-8de5-2639a1a8d8ac@group-6911E2D50CC5, cid=1497, SUCCESS, logIndex=2591, commits[ffc7b071-00b3-4a69-8de5-2639a1a8d8ac:c2591]
2019-06-12 16:04:53,784 INFO  client.GrpcClientProtocolClient (GrpcClientProtocolClient.java:onNext(254)) - client-7F7296B99608->ffc7b071-00b3-4a69-8de5-2639a1a8d8ac: receive RaftClientReply:client-7F7296B99608->ffc7b071-00b3-4a69-8de5-2639a1a8d8ac@group-6911E2D50CC5, cid=1498, SUCCESS, logIndex=2593, commits[ffc7b071-00b3-4a69-8de5-2639a1a8d8ac:c2593]
2019-06-12 16:04:53,786 INFO  client.GrpcClientProtocolClient (GrpcClientProtocolClient.java:onNext(254)) - client-7F7296B99608->ffc7b071-00b3-4a69-8de5-2639a1a8d8ac: receive RaftClientReply:client-7F7296B99608->ffc7b071-00b3-4a69-8de5-2639a1a8d8ac@group-6911E2D50CC5, cid=1499, SUCCESS, logIndex=2594, commits[ffc7b071-00b3-4a69-8de5-2639a1a8d8ac:c2596]
2019-06-12 16:04:53,786 INFO  client.GrpcClientProtocolClient (GrpcClientProtocolClient.java:onNext(254)) - client-7F7296B99608->ffc7b071-00b3-4a69-8de5-2639a1a8d8ac: receive RaftClientReply:client-7F7296B99608->ffc7b071-00b3-4a69-8de5-2639a1a8d8ac@group-6911E2D50CC5, cid=1500, SUCCESS, logIndex=2595, commits[ffc7b071-00b3-4a69-8de5-2639a1a8d8ac:c2596]
2019-06-12 16:04:53,791 INFO  client.GrpcClientProtocolClient (GrpcClientProtocolClient.java:onNext(254)) - client-7F7296B99608->ffc7b071-00b3-4a69-8de5-2639a1a8d8ac: receive RaftClientReply:client-7F7296B99608->ffc7b071-00b3-4a69-8de5-2639a1a8d8ac@group-6911E2D50CC5, cid=1501, SUCCESS, logIndex=2597, commits[ffc7b071-00b3-4a69-8de5-2639a1a8d8ac:c2597]
2019-06-12 16:04:53,792 INFO  client.GrpcClientProtocolClient (GrpcClientProtocolClient.java:onNext(254)) - client-7F7296B99608->ffc7b071-00b3-4a69-8de5-2639a1a8d8ac: receive RaftClientReply:client-7F7296B99608->ffc7b071-00b3-4a69-8de5-2639a1a8d8ac@group-6911E2D50CC5, cid=1502, SUCCESS, logIndex=2599, commits[ffc7b071-00b3-4a69-8de5-2639a1a8d8ac:c2599]
2019-06-12 16:04:53,796 DEBUG block.SCMBlockDeletingService (SCMBlockDeletingService.java:call(138)) - Running DeletedBlockTransactionScanner
2019-06-12 16:04:53,796 DEBUG block.SCMBlockDeletingService (SCMBlockDeletingService.java:call(155)) - Scanned deleted blocks log and got 0 delTX to process.
2019-06-12 16:04:53,859 INFO  client.GrpcClientProtocolClient (GrpcClientProtocolClient.java:onNext(254)) - client-7F7296B99608->ffc7b071-00b3-4a69-8de5-2639a1a8d8ac: receive RaftClientReply:client-7F7296B99608->ffc7b071-00b3-4a69-8de5-2639a1a8d8ac@group-6911E2D50CC5, cid=1503, SUCCESS, logIndex=2601, commits[ffc7b071-00b3-4a69-8de5-2639a1a8d8ac:c2601]
2019-06-12 16:04:53,860 INFO  client.GrpcClientProtocolClient (GrpcClientProtocolClient.java:onNext(254)) - client-7F7296B99608->ffc7b071-00b3-4a69-8de5-2639a1a8d8ac: receive RaftClientReply:client-7F7296B99608->ffc7b071-00b3-4a69-8de5-2639a1a8d8ac@group-6911E2D50CC5, cid=1504, SUCCESS, logIndex=2603, commits[ffc7b071-00b3-4a69-8de5-2639a1a8d8ac:c2603]
2019-06-12 16:04:53,870 INFO  client.GrpcClientProtocolClient (GrpcClientProtocolClient.java:onNext(254)) - client-7F7296B99608->ffc7b071-00b3-4a69-8de5-2639a1a8d8ac: receive RaftClientReply:client-7F7296B99608->ffc7b071-00b3-4a69-8de5-2639a1a8d8ac@group-6911E2D50CC5, cid=1505, SUCCESS, logIndex=2605, commits[ffc7b071-00b3-4a69-8de5-2639a1a8d8ac:c2605]
2019-06-12 16:04:53,874 INFO  client.GrpcClientProtocolClient (GrpcClientProtocolClient.java:onNext(254)) - client-7F7296B99608->ffc7b071-00b3-4a69-8de5-2639a1a8d8ac: receive RaftClientReply:client-7F7296B99608->ffc7b071-00b3-4a69-8de5-2639a1a8d8ac@group-6911E2D50CC5, cid=1506, SUCCESS, logIndex=2607, commits[ffc7b071-00b3-4a69-8de5-2639a1a8d8ac:c2607]
2019-06-12 16:04:53,875 INFO  client.GrpcClientProtocolClient (GrpcClientProtocolClient.java:onNext(254)) - client-7F7296B99608->ffc7b071-00b3-4a69-8de5-2639a1a8d8ac: receive RaftClientReply:client-7F7296B99608->ffc7b071-00b3-4a69-8de5-2639a1a8d8ac@group-6911E2D50CC5, cid=1507, SUCCESS, logIndex=2608, commits[ffc7b071-00b3-4a69-8de5-2639a1a8d8ac:c2610]
2019-06-12 16:04:53,875 INFO  client.GrpcClientProtocolClient (GrpcClientProtocolClient.java:onNext(254)) - client-7F7296B99608->ffc7b071-00b3-4a69-8de5-2639a1a8d8ac: receive RaftClientReply:client-7F7296B99608->ffc7b071-00b3-4a69-8de5-2639a1a8d8ac@group-6911E2D50CC5, cid=1508, SUCCESS, logIndex=2609, commits[ffc7b071-00b3-4a69-8de5-2639a1a8d8ac:c2610]
2019-06-12 16:04:53,881 INFO  client.GrpcClientProtocolClient (GrpcClientProtocolClient.java:onNext(254)) - client-7F7296B99608->ffc7b071-00b3-4a69-8de5-2639a1a8d8ac: receive RaftClientReply:client-7F7296B99608->ffc7b071-00b3-4a69-8de5-2639a1a8d8ac@group-6911E2D50CC5, cid=1509, SUCCESS, logIndex=2611, commits[ffc7b071-00b3-4a69-8de5-2639a1a8d8ac:c2611]
2019-06-12 16:04:53,887 INFO  client.GrpcClientProtocolClient (GrpcClientProtocolClient.java:onNext(254)) - client-7F7296B99608->ffc7b071-00b3-4a69-8de5-2639a1a8d8ac: receive RaftClientReply:client-7F7296B99608->ffc7b071-00b3-4a69-8de5-2639a1a8d8ac@group-6911E2D50CC5, cid=1510, SUCCESS, logIndex=2613, commits[ffc7b071-00b3-4a69-8de5-2639a1a8d8ac:c2613]
2019-06-12 16:04:53,887 INFO  client.GrpcClientProtocolClient (GrpcClientProtocolClient.java:onNext(254)) - client-7F7296B99608->ffc7b071-00b3-4a69-8de5-2639a1a8d8ac: receive RaftClientReply:client-7F7296B99608->ffc7b071-00b3-4a69-8de5-2639a1a8d8ac@group-6911E2D50CC5, cid=1511, SUCCESS, logIndex=2614, commits[ffc7b071-00b3-4a69-8de5-2639a1a8d8ac:c2616]
2019-06-12 16:04:53,887 INFO  client.GrpcClientProtocolClient (GrpcClientProtocolClient.java:onNext(254)) - client-7F7296B99608->ffc7b071-00b3-4a69-8de5-2639a1a8d8ac: receive RaftClientReply:client-7F7296B99608->ffc7b071-00b3-4a69-8de5-2639a1a8d8ac@group-6911E2D50CC5, cid=1512, SUCCESS, logIndex=2615, commits[ffc7b071-00b3-4a69-8de5-2639a1a8d8ac:c2616]
2019-06-12 16:04:53,896 DEBUG block.SCMBlockDeletingService (SCMBlockDeletingService.java:call(138)) - Running DeletedBlockTransactionScanner
2019-06-12 16:04:53,896 DEBUG block.SCMBlockDeletingService (SCMBlockDeletingService.java:call(155)) - Scanned deleted blocks log and got 0 delTX to process.
2019-06-12 16:04:53,900 INFO  client.GrpcClientProtocolClient (GrpcClientProtocolClient.java:onNext(254)) - client-7F7296B99608->ffc7b071-00b3-4a69-8de5-2639a1a8d8ac: receive RaftClientReply:client-7F7296B99608->ffc7b071-00b3-4a69-8de5-2639a1a8d8ac@group-6911E2D50CC5, cid=1513, SUCCESS, logIndex=2617, commits[ffc7b071-00b3-4a69-8de5-2639a1a8d8ac:c2617]
2019-06-12 16:04:53,901 INFO  client.GrpcClientProtocolClient (GrpcClientProtocolClient.java:onNext(254)) - client-7F7296B99608->ffc7b071-00b3-4a69-8de5-2639a1a8d8ac: receive RaftClientReply:client-7F7296B99608->ffc7b071-00b3-4a69-8de5-2639a1a8d8ac@group-6911E2D50CC5, cid=1514, SUCCESS, logIndex=2619, commits[ffc7b071-00b3-4a69-8de5-2639a1a8d8ac:c2619]
2019-06-12 16:04:53,903 INFO  client.GrpcClientProtocolClient (GrpcClientProtocolClient.java:onNext(254)) - client-7F7296B99608->ffc7b071-00b3-4a69-8de5-2639a1a8d8ac: receive RaftClientReply:client-7F7296B99608->ffc7b071-00b3-4a69-8de5-2639a1a8d8ac@group-6911E2D50CC5, cid=1515, SUCCESS, logIndex=2620, commits[ffc7b071-00b3-4a69-8de5-2639a1a8d8ac:c2621]
2019-06-12 16:04:53,904 INFO  client.GrpcClientProtocolClient (GrpcClientProtocolClient.java:onNext(254)) - client-7F7296B99608->ffc7b071-00b3-4a69-8de5-2639a1a8d8ac: receive RaftClientReply:client-7F7296B99608->ffc7b071-00b3-4a69-8de5-2639a1a8d8ac@group-6911E2D50CC5, cid=1516, SUCCESS, logIndex=2622, commits[ffc7b071-00b3-4a69-8de5-2639a1a8d8ac:c2622]
2019-06-12 16:04:53,910 INFO  client.GrpcClientProtocolClient (GrpcClientProtocolClient.java:onNext(254)) - client-7F7296B99608->ffc7b071-00b3-4a69-8de5-2639a1a8d8ac: receive RaftClientReply:client-7F7296B99608->ffc7b071-00b3-4a69-8de5-2639a1a8d8ac@group-6911E2D50CC5, cid=1517, SUCCESS, logIndex=2624, commits[ffc7b071-00b3-4a69-8de5-2639a1a8d8ac:c2624]
2019-06-12 16:04:53,914 INFO  client.GrpcClientProtocolClient (GrpcClientProtocolClient.java:onNext(254)) - client-7F7296B99608->ffc7b071-00b3-4a69-8de5-2639a1a8d8ac: receive RaftClientReply:client-7F7296B99608->ffc7b071-00b3-4a69-8de5-2639a1a8d8ac@group-6911E2D50CC5, cid=1518, SUCCESS, logIndex=2626, commits[ffc7b071-00b3-4a69-8de5-2639a1a8d8ac:c2626]
2019-06-12 16:04:53,915 INFO  client.GrpcClientProtocolClient (GrpcClientProtocolClient.java:onNext(254)) - client-7F7296B99608->ffc7b071-00b3-4a69-8de5-2639a1a8d8ac: receive RaftClientReply:client-7F7296B99608->ffc7b071-00b3-4a69-8de5-2639a1a8d8ac@group-6911E2D50CC5, cid=1519, SUCCESS, logIndex=2627, commits[ffc7b071-00b3-4a69-8de5-2639a1a8d8ac:c2629]
2019-06-12 16:04:53,915 INFO  client.GrpcClientProtocolClient (GrpcClientProtocolClient.java:onNext(254)) - client-7F7296B99608->ffc7b071-00b3-4a69-8de5-2639a1a8d8ac: receive RaftClientReply:client-7F7296B99608->ffc7b071-00b3-4a69-8de5-2639a1a8d8ac@group-6911E2D50CC5, cid=1520, SUCCESS, logIndex=2628, commits[ffc7b071-00b3-4a69-8de5-2639a1a8d8ac:c2629]
2019-06-12 16:04:53,925 INFO  client.GrpcClientProtocolClient (GrpcClientProtocolClient.java:onNext(254)) - client-7F7296B99608->ffc7b071-00b3-4a69-8de5-2639a1a8d8ac: receive RaftClientReply:client-7F7296B99608->ffc7b071-00b3-4a69-8de5-2639a1a8d8ac@group-6911E2D50CC5, cid=1521, SUCCESS, logIndex=2630, commits[ffc7b071-00b3-4a69-8de5-2639a1a8d8ac:c2630]
2019-06-12 16:04:53,927 INFO  client.GrpcClientProtocolClient (GrpcClientProtocolClient.java:onNext(254)) - client-7F7296B99608->ffc7b071-00b3-4a69-8de5-2639a1a8d8ac: receive RaftClientReply:client-7F7296B99608->ffc7b071-00b3-4a69-8de5-2639a1a8d8ac@group-6911E2D50CC5, cid=1522, SUCCESS, logIndex=2632, commits[ffc7b071-00b3-4a69-8de5-2639a1a8d8ac:c2632]
2019-06-12 16:04:53,927 INFO  client.GrpcClientProtocolClient (GrpcClientProtocolClient.java:onNext(254)) - client-7F7296B99608->ffc7b071-00b3-4a69-8de5-2639a1a8d8ac: receive RaftClientReply:client-7F7296B99608->ffc7b071-00b3-4a69-8de5-2639a1a8d8ac@group-6911E2D50CC5, cid=1523, SUCCESS, logIndex=2633, commits[ffc7b071-00b3-4a69-8de5-2639a1a8d8ac:c2633]
2019-06-12 16:04:53,928 INFO  client.GrpcClientProtocolClient (GrpcClientProtocolClient.java:onNext(254)) - client-7F7296B99608->ffc7b071-00b3-4a69-8de5-2639a1a8d8ac: receive RaftClientReply:client-7F7296B99608->ffc7b071-00b3-4a69-8de5-2639a1a8d8ac@group-6911E2D50CC5, cid=1524, SUCCESS, logIndex=2635, commits[ffc7b071-00b3-4a69-8de5-2639a1a8d8ac:c2635]
2019-06-12 16:04:53,933 INFO  client.GrpcClientProtocolClient (GrpcClientProtocolClient.java:onNext(254)) - client-7F7296B99608->ffc7b071-00b3-4a69-8de5-2639a1a8d8ac: receive RaftClientReply:client-7F7296B99608->ffc7b071-00b3-4a69-8de5-2639a1a8d8ac@group-6911E2D50CC5, cid=1525, SUCCESS, logIndex=2638, commits[ffc7b071-00b3-4a69-8de5-2639a1a8d8ac:c2638]
2019-06-12 16:04:53,935 INFO  client.GrpcClientProtocolClient (GrpcClientProtocolClient.java:onNext(254)) - client-7F7296B99608->ffc7b071-00b3-4a69-8de5-2639a1a8d8ac: receive RaftClientReply:client-7F7296B99608->ffc7b071-00b3-4a69-8de5-2639a1a8d8ac@group-6911E2D50CC5, cid=1526, SUCCESS, logIndex=2640, commits[ffc7b071-00b3-4a69-8de5-2639a1a8d8ac:c2640]
2019-06-12 16:04:53,937 INFO  client.GrpcClientProtocolClient (GrpcClientProtocolClient.java:onNext(254)) - client-7F7296B99608->ffc7b071-00b3-4a69-8de5-2639a1a8d8ac: receive RaftClientReply:client-7F7296B99608->ffc7b071-00b3-4a69-8de5-2639a1a8d8ac@group-6911E2D50CC5, cid=1527, SUCCESS, logIndex=2641, commits[ffc7b071-00b3-4a69-8de5-2639a1a8d8ac:c2643]
2019-06-12 16:04:53,937 INFO  client.GrpcClientProtocolClient (GrpcClientProtocolClient.java:onNext(254)) - client-7F7296B99608->ffc7b071-00b3-4a69-8de5-2639a1a8d8ac: receive RaftClientReply:client-7F7296B99608->ffc7b071-00b3-4a69-8de5-2639a1a8d8ac@group-6911E2D50CC5, cid=1528, SUCCESS, logIndex=2643, commits[ffc7b071-00b3-4a69-8de5-2639a1a8d8ac:c2643]
2019-06-12 16:04:53,946 INFO  client.GrpcClientProtocolClient (GrpcClientProtocolClient.java:onNext(254)) - client-7F7296B99608->ffc7b071-00b3-4a69-8de5-2639a1a8d8ac: receive RaftClientReply:client-7F7296B99608->ffc7b071-00b3-4a69-8de5-2639a1a8d8ac@group-6911E2D50CC5, cid=1529, SUCCESS, logIndex=2645, commits[ffc7b071-00b3-4a69-8de5-2639a1a8d8ac:c2645]
2019-06-12 16:04:53,948 INFO  client.GrpcClientProtocolClient (GrpcClientProtocolClient.java:onNext(254)) - client-7F7296B99608->ffc7b071-00b3-4a69-8de5-2639a1a8d8ac: receive RaftClientReply:client-7F7296B99608->ffc7b071-00b3-4a69-8de5-2639a1a8d8ac@group-6911E2D50CC5, cid=1530, SUCCESS, logIndex=2647, commits[ffc7b071-00b3-4a69-8de5-2639a1a8d8ac:c2647]
2019-06-12 16:04:53,949 INFO  client.GrpcClientProtocolClient (GrpcClientProtocolClient.java:onNext(254)) - client-7F7296B99608->ffc7b071-00b3-4a69-8de5-2639a1a8d8ac: receive RaftClientReply:client-7F7296B99608->ffc7b071-00b3-4a69-8de5-2639a1a8d8ac@group-6911E2D50CC5, cid=1531, SUCCESS, logIndex=2648, commits[ffc7b071-00b3-4a69-8de5-2639a1a8d8ac:c2650]
2019-06-12 16:04:53,949 INFO  client.GrpcClientProtocolClient (GrpcClientProtocolClient.java:onNext(254)) - client-7F7296B99608->ffc7b071-00b3-4a69-8de5-2639a1a8d8ac: receive RaftClientReply:client-7F7296B99608->ffc7b071-00b3-4a69-8de5-2639a1a8d8ac@group-6911E2D50CC5, cid=1532, SUCCESS, logIndex=2650, commits[ffc7b071-00b3-4a69-8de5-2639a1a8d8ac:c2650]
2019-06-12 16:04:53,956 INFO  client.GrpcClientProtocolClient (GrpcClientProtocolClient.java:onNext(254)) - client-7F7296B99608->ffc7b071-00b3-4a69-8de5-2639a1a8d8ac: receive RaftClientReply:client-7F7296B99608->ffc7b071-00b3-4a69-8de5-2639a1a8d8ac@group-6911E2D50CC5, cid=1533, SUCCESS, logIndex=2652, commits[ffc7b071-00b3-4a69-8de5-2639a1a8d8ac:c2652]
2019-06-12 16:04:53,958 INFO  client.GrpcClientProtocolClient (GrpcClientProtocolClient.java:onNext(254)) - client-7F7296B99608->ffc7b071-00b3-4a69-8de5-2639a1a8d8ac: receive RaftClientReply:client-7F7296B99608->ffc7b071-00b3-4a69-8de5-2639a1a8d8ac@group-6911E2D50CC5, cid=1534, SUCCESS, logIndex=2654, commits[ffc7b071-00b3-4a69-8de5-2639a1a8d8ac:c2654]
2019-06-12 16:04:53,959 INFO  client.GrpcClientProtocolClient (GrpcClientProtocolClient.java:onNext(254)) - client-7F7296B99608->ffc7b071-00b3-4a69-8de5-2639a1a8d8ac: receive RaftClientReply:client-7F7296B99608->ffc7b071-00b3-4a69-8de5-2639a1a8d8ac@group-6911E2D50CC5, cid=1535, SUCCESS, logIndex=2655, commits[ffc7b071-00b3-4a69-8de5-2639a1a8d8ac:c2655]
2019-06-12 16:04:53,960 INFO  client.GrpcClientProtocolClient (GrpcClientProtocolClient.java:onNext(254)) - client-7F7296B99608->ffc7b071-00b3-4a69-8de5-2639a1a8d8ac: receive RaftClientReply:client-7F7296B99608->ffc7b071-00b3-4a69-8de5-2639a1a8d8ac@group-6911E2D50CC5, cid=1536, SUCCESS, logIndex=2657, commits[ffc7b071-00b3-4a69-8de5-2639a1a8d8ac:c2657]
2019-06-12 16:04:53,971 INFO  client.GrpcClientProtocolClient (GrpcClientProtocolClient.java:onNext(254)) - client-7F7296B99608->ffc7b071-00b3-4a69-8de5-2639a1a8d8ac: receive RaftClientReply:client-7F7296B99608->ffc7b071-00b3-4a69-8de5-2639a1a8d8ac@group-6911E2D50CC5, cid=1537, SUCCESS, logIndex=2660, commits[ffc7b071-00b3-4a69-8de5-2639a1a8d8ac:c2660]
2019-06-12 16:04:53,972 INFO  storage.RaftLogWorker (RaftLogWorker.java:rollLogSegment(303)) - ffc7b071-00b3-4a69-8de5-2639a1a8d8ac-RaftLogWorker: Rolling segment log-2588_2662 to index:2662
2019-06-12 16:04:53,972 INFO  storage.RaftLogWorker (RaftLogWorker.java:execute(433)) - ffc7b071-00b3-4a69-8de5-2639a1a8d8ac-RaftLogWorker: Rolled log segment from /opt/src/hadoop-ozone/integration-test/target/test-dir/MiniOzoneClusterImpl-a1c7246e-c692-4524-ad55-32b507b20431/datanode-0/data/ratis/4417d833-4fb6-4fa2-9413-6911e2d50cc5/current/log_inprogress_2588 to /opt/src/hadoop-ozone/integration-test/target/test-dir/MiniOzoneClusterImpl-a1c7246e-c692-4524-ad55-32b507b20431/datanode-0/data/ratis/4417d833-4fb6-4fa2-9413-6911e2d50cc5/current/log_2588-2662
2019-06-12 16:04:53,983 INFO  client.GrpcClientProtocolClient (GrpcClientProtocolClient.java:onNext(254)) - client-7F7296B99608->ffc7b071-00b3-4a69-8de5-2639a1a8d8ac: receive RaftClientReply:client-7F7296B99608->ffc7b071-00b3-4a69-8de5-2639a1a8d8ac@group-6911E2D50CC5, cid=1538, SUCCESS, logIndex=2662, commits[ffc7b071-00b3-4a69-8de5-2639a1a8d8ac:c2662]
2019-06-12 16:04:53,996 DEBUG block.SCMBlockDeletingService (SCMBlockDeletingService.java:call(138)) - Running DeletedBlockTransactionScanner
2019-06-12 16:04:54,009 DEBUG block.SCMBlockDeletingService (SCMBlockDeletingService.java:call(155)) - Scanned deleted blocks log and got 0 delTX to process.
2019-06-12 16:04:54,011 INFO  storage.RaftLogWorker (RaftLogWorker.java:execute(469)) - ffc7b071-00b3-4a69-8de5-2639a1a8d8ac-RaftLogWorker: created new log segment /opt/src/hadoop-ozone/integration-test/target/test-dir/MiniOzoneClusterImpl-a1c7246e-c692-4524-ad55-32b507b20431/datanode-0/data/ratis/4417d833-4fb6-4fa2-9413-6911e2d50cc5/current/log_inprogress_2663
2019-06-12 16:04:54,013 INFO  client.GrpcClientProtocolClient (GrpcClientProtocolClient.java:onNext(254)) - client-7F7296B99608->ffc7b071-00b3-4a69-8de5-2639a1a8d8ac: receive RaftClientReply:client-7F7296B99608->ffc7b071-00b3-4a69-8de5-2639a1a8d8ac@group-6911E2D50CC5, cid=1539, SUCCESS, logIndex=2663, commits[ffc7b071-00b3-4a69-8de5-2639a1a8d8ac:c2665]
2019-06-12 16:04:54,013 INFO  client.GrpcClientProtocolClient (GrpcClientProtocolClient.java:onNext(254)) - client-7F7296B99608->ffc7b071-00b3-4a69-8de5-2639a1a8d8ac: receive RaftClientReply:client-7F7296B99608->ffc7b071-00b3-4a69-8de5-2639a1a8d8ac@group-6911E2D50CC5, cid=1540, SUCCESS, logIndex=2665, commits[ffc7b071-00b3-4a69-8de5-2639a1a8d8ac:c2666]
2019-06-12 16:04:54,021 INFO  client.GrpcClientProtocolClient (GrpcClientProtocolClient.java:onNext(254)) - client-7F7296B99608->ffc7b071-00b3-4a69-8de5-2639a1a8d8ac: receive RaftClientReply:client-7F7296B99608->ffc7b071-00b3-4a69-8de5-2639a1a8d8ac@group-6911E2D50CC5, cid=1541, SUCCESS, logIndex=2667, commits[ffc7b071-00b3-4a69-8de5-2639a1a8d8ac:c2667]
2019-06-12 16:04:54,023 INFO  client.GrpcClientProtocolClient (GrpcClientProtocolClient.java:onNext(254)) - client-7F7296B99608->ffc7b071-00b3-4a69-8de5-2639a1a8d8ac: receive RaftClientReply:client-7F7296B99608->ffc7b071-00b3-4a69-8de5-2639a1a8d8ac@group-6911E2D50CC5, cid=1542, SUCCESS, logIndex=2669, commits[ffc7b071-00b3-4a69-8de5-2639a1a8d8ac:c2669]
2019-06-12 16:04:54,024 INFO  client.GrpcClientProtocolClient (GrpcClientProtocolClient.java:onNext(254)) - client-7F7296B99608->ffc7b071-00b3-4a69-8de5-2639a1a8d8ac: receive RaftClientReply:client-7F7296B99608->ffc7b071-00b3-4a69-8de5-2639a1a8d8ac@group-6911E2D50CC5, cid=1543, SUCCESS, logIndex=2671, commits[ffc7b071-00b3-4a69-8de5-2639a1a8d8ac:c2671]
2019-06-12 16:04:54,024 INFO  client.GrpcClientProtocolClient (GrpcClientProtocolClient.java:onNext(254)) - client-7F7296B99608->ffc7b071-00b3-4a69-8de5-2639a1a8d8ac: receive RaftClientReply:client-7F7296B99608->ffc7b071-00b3-4a69-8de5-2639a1a8d8ac@group-6911E2D50CC5, cid=1544, SUCCESS, logIndex=2672, commits[ffc7b071-00b3-4a69-8de5-2639a1a8d8ac:c2672]
2019-06-12 16:04:54,034 INFO  client.GrpcClientProtocolClient (GrpcClientProtocolClient.java:onNext(254)) - client-7F7296B99608->ffc7b071-00b3-4a69-8de5-2639a1a8d8ac: receive RaftClientReply:client-7F7296B99608->ffc7b071-00b3-4a69-8de5-2639a1a8d8ac@group-6911E2D50CC5, cid=1545, SUCCESS, logIndex=2675, commits[ffc7b071-00b3-4a69-8de5-2639a1a8d8ac:c2675]
2019-06-12 16:04:54,036 INFO  client.GrpcClientProtocolClient (GrpcClientProtocolClient.java:onNext(254)) - client-7F7296B99608->ffc7b071-00b3-4a69-8de5-2639a1a8d8ac: receive RaftClientReply:client-7F7296B99608->ffc7b071-00b3-4a69-8de5-2639a1a8d8ac@group-6911E2D50CC5, cid=1546, SUCCESS, logIndex=2677, commits[ffc7b071-00b3-4a69-8de5-2639a1a8d8ac:c2677]
2019-06-12 16:04:54,101 INFO  client.GrpcClientProtocolClient (GrpcClientProtocolClient.java:onNext(254)) - client-7F7296B99608->ffc7b071-00b3-4a69-8de5-2639a1a8d8ac: receive RaftClientReply:client-7F7296B99608->ffc7b071-00b3-4a69-8de5-2639a1a8d8ac@group-6911E2D50CC5, cid=1547, SUCCESS, logIndex=2679, commits[ffc7b071-00b3-4a69-8de5-2639a1a8d8ac:c2679]
2019-06-12 16:04:54,103 INFO  client.GrpcClientProtocolClient (GrpcClientProtocolClient.java:onNext(254)) - client-7F7296B99608->ffc7b071-00b3-4a69-8de5-2639a1a8d8ac: receive RaftClientReply:client-7F7296B99608->ffc7b071-00b3-4a69-8de5-2639a1a8d8ac@group-6911E2D50CC5, cid=1548, SUCCESS, logIndex=2681, commits[ffc7b071-00b3-4a69-8de5-2639a1a8d8ac:c2681]
2019-06-12 16:04:54,109 INFO  client.GrpcClientProtocolClient (GrpcClientProtocolClient.java:onNext(254)) - client-7F7296B99608->ffc7b071-00b3-4a69-8de5-2639a1a8d8ac: receive RaftClientReply:client-7F7296B99608->ffc7b071-00b3-4a69-8de5-2639a1a8d8ac@group-6911E2D50CC5, cid=1549, SUCCESS, logIndex=2683, commits[ffc7b071-00b3-4a69-8de5-2639a1a8d8ac:c2683]
2019-06-12 16:04:54,109 DEBUG block.SCMBlockDeletingService (SCMBlockDeletingService.java:call(138)) - Running DeletedBlockTransactionScanner
2019-06-12 16:04:54,109 DEBUG block.SCMBlockDeletingService (SCMBlockDeletingService.java:call(155)) - Scanned deleted blocks log and got 0 delTX to process.
2019-06-12 16:04:54,111 INFO  client.GrpcClientProtocolClient (GrpcClientProtocolClient.java:onNext(254)) - client-7F7296B99608->ffc7b071-00b3-4a69-8de5-2639a1a8d8ac: receive RaftClientReply:client-7F7296B99608->ffc7b071-00b3-4a69-8de5-2639a1a8d8ac@group-6911E2D50CC5, cid=1550, SUCCESS, logIndex=2685, commits[ffc7b071-00b3-4a69-8de5-2639a1a8d8ac:c2685]
2019-06-12 16:04:54,111 INFO  client.GrpcClientProtocolClient (GrpcClientProtocolClient.java:onNext(254)) - client-7F7296B99608->ffc7b071-00b3-4a69-8de5-2639a1a8d8ac: receive RaftClientReply:client-7F7296B99608->ffc7b071-00b3-4a69-8de5-2639a1a8d8ac@group-6911E2D50CC5, cid=1551, SUCCESS, logIndex=2686, commits[ffc7b071-00b3-4a69-8de5-2639a1a8d8ac:c2687]
2019-06-12 16:04:54,112 INFO  client.GrpcClientProtocolClient (GrpcClientProtocolClient.java:onNext(254)) - client-7F7296B99608->ffc7b071-00b3-4a69-8de5-2639a1a8d8ac: receive RaftClientReply:client-7F7296B99608->ffc7b071-00b3-4a69-8de5-2639a1a8d8ac@group-6911E2D50CC5, cid=1552, SUCCESS, logIndex=2687, commits[ffc7b071-00b3-4a69-8de5-2639a1a8d8ac:c2687]
2019-06-12 16:04:54,120 INFO  client.GrpcClientProtocolClient (GrpcClientProtocolClient.java:onNext(254)) - client-7F7296B99608->ffc7b071-00b3-4a69-8de5-2639a1a8d8ac: receive RaftClientReply:client-7F7296B99608->ffc7b071-00b3-4a69-8de5-2639a1a8d8ac@group-6911E2D50CC5, cid=1553, SUCCESS, logIndex=2690, commits[ffc7b071-00b3-4a69-8de5-2639a1a8d8ac:c2690]
2019-06-12 16:04:54,121 INFO  client.GrpcClientProtocolClient (GrpcClientProtocolClient.java:onNext(254)) - client-7F7296B99608->ffc7b071-00b3-4a69-8de5-2639a1a8d8ac: receive RaftClientReply:client-7F7296B99608->ffc7b071-00b3-4a69-8de5-2639a1a8d8ac@group-6911E2D50CC5, cid=1554, SUCCESS, logIndex=2692, commits[ffc7b071-00b3-4a69-8de5-2639a1a8d8ac:c2692]
2019-06-12 16:04:54,122 INFO  client.GrpcClientProtocolClient (GrpcClientProtocolClient.java:onNext(254)) - client-7F7296B99608->ffc7b071-00b3-4a69-8de5-2639a1a8d8ac: receive RaftClientReply:client-7F7296B99608->ffc7b071-00b3-4a69-8de5-2639a1a8d8ac@group-6911E2D50CC5, cid=1555, SUCCESS, logIndex=2693, commits[ffc7b071-00b3-4a69-8de5-2639a1a8d8ac:c2695]
2019-06-12 16:04:54,123 INFO  client.GrpcClientProtocolClient (GrpcClientProtocolClient.java:onNext(254)) - client-7F7296B99608->ffc7b071-00b3-4a69-8de5-2639a1a8d8ac: receive RaftClientReply:client-7F7296B99608->ffc7b071-00b3-4a69-8de5-2639a1a8d8ac@group-6911E2D50CC5, cid=1556, SUCCESS, logIndex=2694, commits[ffc7b071-00b3-4a69-8de5-2639a1a8d8ac:c2695]
2019-06-12 16:04:54,127 INFO  client.GrpcClientProtocolClient (GrpcClientProtocolClient.java:onNext(254)) - client-7F7296B99608->ffc7b071-00b3-4a69-8de5-2639a1a8d8ac: receive RaftClientReply:client-7F7296B99608->ffc7b071-00b3-4a69-8de5-2639a1a8d8ac@group-6911E2D50CC5, cid=1557, SUCCESS, logIndex=2696, commits[ffc7b071-00b3-4a69-8de5-2639a1a8d8ac:c2696]
2019-06-12 16:04:54,129 INFO  client.GrpcClientProtocolClient (GrpcClientProtocolClient.java:onNext(254)) - client-7F7296B99608->ffc7b071-00b3-4a69-8de5-2639a1a8d8ac: receive RaftClientReply:client-7F7296B99608->ffc7b071-00b3-4a69-8de5-2639a1a8d8ac@group-6911E2D50CC5, cid=1558, SUCCESS, logIndex=2698, commits[ffc7b071-00b3-4a69-8de5-2639a1a8d8ac:c2698]
2019-06-12 16:04:54,130 INFO  client.GrpcClientProtocolClient (GrpcClientProtocolClient.java:onNext(254)) - client-7F7296B99608->ffc7b071-00b3-4a69-8de5-2639a1a8d8ac: receive RaftClientReply:client-7F7296B99608->ffc7b071-00b3-4a69-8de5-2639a1a8d8ac@group-6911E2D50CC5, cid=1559, SUCCESS, logIndex=2699, commits[ffc7b071-00b3-4a69-8de5-2639a1a8d8ac:c2699]
2019-06-12 16:04:54,134 INFO  client.GrpcClientProtocolClient (GrpcClientProtocolClient.java:onNext(254)) - client-7F7296B99608->ffc7b071-00b3-4a69-8de5-2639a1a8d8ac: receive RaftClientReply:client-7F7296B99608->ffc7b071-00b3-4a69-8de5-2639a1a8d8ac@group-6911E2D50CC5, cid=1560, SUCCESS, logIndex=2701, commits[ffc7b071-00b3-4a69-8de5-2639a1a8d8ac:c2702]
2019-06-12 16:04:54,183 INFO  client.GrpcClientProtocolClient (GrpcClientProtocolClient.java:onNext(254)) - client-7F7296B99608->ffc7b071-00b3-4a69-8de5-2639a1a8d8ac: receive RaftClientReply:client-7F7296B99608->ffc7b071-00b3-4a69-8de5-2639a1a8d8ac@group-6911E2D50CC5, cid=1561, SUCCESS, logIndex=2703, commits[ffc7b071-00b3-4a69-8de5-2639a1a8d8ac:c2703]
2019-06-12 16:04:54,185 INFO  client.GrpcClientProtocolClient (GrpcClientProtocolClient.java:onNext(254)) - client-7F7296B99608->ffc7b071-00b3-4a69-8de5-2639a1a8d8ac: receive RaftClientReply:client-7F7296B99608->ffc7b071-00b3-4a69-8de5-2639a1a8d8ac@group-6911E2D50CC5, cid=1562, SUCCESS, logIndex=2705, commits[ffc7b071-00b3-4a69-8de5-2639a1a8d8ac:c2705]
2019-06-12 16:04:54,186 INFO  client.GrpcClientProtocolClient (GrpcClientProtocolClient.java:onNext(254)) - client-7F7296B99608->ffc7b071-00b3-4a69-8de5-2639a1a8d8ac: receive RaftClientReply:client-7F7296B99608->ffc7b071-00b3-4a69-8de5-2639a1a8d8ac@group-6911E2D50CC5, cid=1563, SUCCESS, logIndex=2706, commits[ffc7b071-00b3-4a69-8de5-2639a1a8d8ac:c2708]
2019-06-12 16:04:54,186 INFO  client.GrpcClientProtocolClient (GrpcClientProtocolClient.java:onNext(254)) - client-7F7296B99608->ffc7b071-00b3-4a69-8de5-2639a1a8d8ac: receive RaftClientReply:client-7F7296B99608->ffc7b071-00b3-4a69-8de5-2639a1a8d8ac@group-6911E2D50CC5, cid=1564, SUCCESS, logIndex=2707, commits[ffc7b071-00b3-4a69-8de5-2639a1a8d8ac:c2708]
2019-06-12 16:04:54,192 INFO  client.GrpcClientProtocolClient (GrpcClientProtocolClient.java:onNext(254)) - client-7F7296B99608->ffc7b071-00b3-4a69-8de5-2639a1a8d8ac: receive RaftClientReply:client-7F7296B99608->ffc7b071-00b3-4a69-8de5-2639a1a8d8ac@group-6911E2D50CC5, cid=1565, SUCCESS, logIndex=2709, commits[ffc7b071-00b3-4a69-8de5-2639a1a8d8ac:c2709]
2019-06-12 16:04:54,194 INFO  client.GrpcClientProtocolClient (GrpcClientProtocolClient.java:onNext(254)) - client-7F7296B99608->ffc7b071-00b3-4a69-8de5-2639a1a8d8ac: receive RaftClientReply:client-7F7296B99608->ffc7b071-00b3-4a69-8de5-2639a1a8d8ac@group-6911E2D50CC5, cid=1566, SUCCESS, logIndex=2711, commits[ffc7b071-00b3-4a69-8de5-2639a1a8d8ac:c2711]
2019-06-12 16:04:54,194 INFO  client.GrpcClientProtocolClient (GrpcClientProtocolClient.java:onNext(254)) - client-7F7296B99608->ffc7b071-00b3-4a69-8de5-2639a1a8d8ac: receive RaftClientReply:client-7F7296B99608->ffc7b071-00b3-4a69-8de5-2639a1a8d8ac@group-6911E2D50CC5, cid=1567, SUCCESS, logIndex=2712, commits[ffc7b071-00b3-4a69-8de5-2639a1a8d8ac:c2713]
2019-06-12 16:04:54,195 INFO  client.GrpcClientProtocolClient (GrpcClientProtocolClient.java:onNext(254)) - client-7F7296B99608->ffc7b071-00b3-4a69-8de5-2639a1a8d8ac: receive RaftClientReply:client-7F7296B99608->ffc7b071-00b3-4a69-8de5-2639a1a8d8ac@group-6911E2D50CC5, cid=1568, SUCCESS, logIndex=2713, commits[ffc7b071-00b3-4a69-8de5-2639a1a8d8ac:c2714]
2019-06-12 16:04:54,206 INFO  client.GrpcClientProtocolClient (GrpcClientProtocolClient.java:onNext(254)) - client-7F7296B99608->ffc7b071-00b3-4a69-8de5-2639a1a8d8ac: receive RaftClientReply:client-7F7296B99608->ffc7b071-00b3-4a69-8de5-2639a1a8d8ac@group-6911E2D50CC5, cid=1569, SUCCESS, logIndex=2716, commits[ffc7b071-00b3-4a69-8de5-2639a1a8d8ac:c2716]
2019-06-12 16:04:54,208 INFO  client.GrpcClientProtocolClient (GrpcClientProtocolClient.java:onNext(254)) - client-7F7296B99608->ffc7b071-00b3-4a69-8de5-2639a1a8d8ac: receive RaftClientReply:client-7F7296B99608->ffc7b071-00b3-4a69-8de5-2639a1a8d8ac@group-6911E2D50CC5, cid=1570, SUCCESS, logIndex=2718, commits[ffc7b071-00b3-4a69-8de5-2639a1a8d8ac:c2718]
2019-06-12 16:04:54,209 INFO  client.GrpcClientProtocolClient (GrpcClientProtocolClient.java:onNext(254)) - client-7F7296B99608->ffc7b071-00b3-4a69-8de5-2639a1a8d8ac: receive RaftClientReply:client-7F7296B99608->ffc7b071-00b3-4a69-8de5-2639a1a8d8ac@group-6911E2D50CC5, cid=1571, SUCCESS, logIndex=2719, commits[ffc7b071-00b3-4a69-8de5-2639a1a8d8ac:c2721]
2019-06-12 16:04:54,209 INFO  client.GrpcClientProtocolClient (GrpcClientProtocolClient.java:onNext(254)) - client-7F7296B99608->ffc7b071-00b3-4a69-8de5-2639a1a8d8ac: receive RaftClientReply:client-7F7296B99608->ffc7b071-00b3-4a69-8de5-2639a1a8d8ac@group-6911E2D50CC5, cid=1572, SUCCESS, logIndex=2720, commits[ffc7b071-00b3-4a69-8de5-2639a1a8d8ac:c2721]
2019-06-12 16:04:54,210 DEBUG block.SCMBlockDeletingService (SCMBlockDeletingService.java:call(138)) - Running DeletedBlockTransactionScanner
2019-06-12 16:04:54,211 DEBUG block.SCMBlockDeletingService (SCMBlockDeletingService.java:call(155)) - Scanned deleted blocks log and got 0 delTX to process.
2019-06-12 16:04:54,218 INFO  client.GrpcClientProtocolClient (GrpcClientProtocolClient.java:onNext(254)) - client-7F7296B99608->ffc7b071-00b3-4a69-8de5-2639a1a8d8ac: receive RaftClientReply:client-7F7296B99608->ffc7b071-00b3-4a69-8de5-2639a1a8d8ac@group-6911E2D50CC5, cid=1573, SUCCESS, logIndex=2722, commits[ffc7b071-00b3-4a69-8de5-2639a1a8d8ac:c2722]
2019-06-12 16:04:54,219 INFO  client.GrpcClientProtocolClient (GrpcClientProtocolClient.java:onNext(254)) - client-7F7296B99608->ffc7b071-00b3-4a69-8de5-2639a1a8d8ac: receive RaftClientReply:client-7F7296B99608->ffc7b071-00b3-4a69-8de5-2639a1a8d8ac@group-6911E2D50CC5, cid=1574, SUCCESS, logIndex=2724, commits[ffc7b071-00b3-4a69-8de5-2639a1a8d8ac:c2724]
2019-06-12 16:04:54,221 INFO  client.GrpcClientProtocolClient (GrpcClientProtocolClient.java:onNext(254)) - client-7F7296B99608->ffc7b071-00b3-4a69-8de5-2639a1a8d8ac: receive RaftClientReply:client-7F7296B99608->ffc7b071-00b3-4a69-8de5-2639a1a8d8ac@group-6911E2D50CC5, cid=1575, SUCCESS, logIndex=2725, commits[ffc7b071-00b3-4a69-8de5-2639a1a8d8ac:c2727]
2019-06-12 16:04:54,221 INFO  client.GrpcClientProtocolClient (GrpcClientProtocolClient.java:onNext(254)) - client-7F7296B99608->ffc7b071-00b3-4a69-8de5-2639a1a8d8ac: receive RaftClientReply:client-7F7296B99608->ffc7b071-00b3-4a69-8de5-2639a1a8d8ac@group-6911E2D50CC5, cid=1576, SUCCESS, logIndex=2726, commits[ffc7b071-00b3-4a69-8de5-2639a1a8d8ac:c2727]
2019-06-12 16:04:54,231 INFO  client.GrpcClientProtocolClient (GrpcClientProtocolClient.java:onNext(254)) - client-7F7296B99608->ffc7b071-00b3-4a69-8de5-2639a1a8d8ac: receive RaftClientReply:client-7F7296B99608->ffc7b071-00b3-4a69-8de5-2639a1a8d8ac@group-6911E2D50CC5, cid=1577, SUCCESS, logIndex=2728, commits[ffc7b071-00b3-4a69-8de5-2639a1a8d8ac:c2728]
2019-06-12 16:04:54,232 INFO  client.GrpcClientProtocolClient (GrpcClientProtocolClient.java:onNext(254)) - client-7F7296B99608->ffc7b071-00b3-4a69-8de5-2639a1a8d8ac: receive RaftClientReply:client-7F7296B99608->ffc7b071-00b3-4a69-8de5-2639a1a8d8ac@group-6911E2D50CC5, cid=1578, SUCCESS, logIndex=2730, commits[ffc7b071-00b3-4a69-8de5-2639a1a8d8ac:c2730]
2019-06-12 16:04:54,234 INFO  client.GrpcClientProtocolClient (GrpcClientProtocolClient.java:onNext(254)) - client-7F7296B99608->ffc7b071-00b3-4a69-8de5-2639a1a8d8ac: receive RaftClientReply:client-7F7296B99608->ffc7b071-00b3-4a69-8de5-2639a1a8d8ac@group-6911E2D50CC5, cid=1579, SUCCESS, logIndex=2732, commits[ffc7b071-00b3-4a69-8de5-2639a1a8d8ac:c2732]
2019-06-12 16:04:54,235 INFO  client.GrpcClientProtocolClient (GrpcClientProtocolClient.java:onNext(254)) - client-7F7296B99608->ffc7b071-00b3-4a69-8de5-2639a1a8d8ac: receive RaftClientReply:client-7F7296B99608->ffc7b071-00b3-4a69-8de5-2639a1a8d8ac@group-6911E2D50CC5, cid=1580, SUCCESS, logIndex=2734, commits[ffc7b071-00b3-4a69-8de5-2639a1a8d8ac:c2734]
2019-06-12 16:04:54,241 INFO  client.GrpcClientProtocolClient (GrpcClientProtocolClient.java:onNext(254)) - client-7F7296B99608->ffc7b071-00b3-4a69-8de5-2639a1a8d8ac: receive RaftClientReply:client-7F7296B99608->ffc7b071-00b3-4a69-8de5-2639a1a8d8ac@group-6911E2D50CC5, cid=1581, SUCCESS, logIndex=2736, commits[ffc7b071-00b3-4a69-8de5-2639a1a8d8ac:c2736]
2019-06-12 16:04:54,241 INFO  storage.RaftLogWorker (RaftLogWorker.java:rollLogSegment(303)) - ffc7b071-00b3-4a69-8de5-2639a1a8d8ac-RaftLogWorker: Rolling segment log-2663_2737 to index:2737
2019-06-12 16:04:54,241 INFO  storage.RaftLogWorker (RaftLogWorker.java:execute(433)) - ffc7b071-00b3-4a69-8de5-2639a1a8d8ac-RaftLogWorker: Rolled log segment from /opt/src/hadoop-ozone/integration-test/target/test-dir/MiniOzoneClusterImpl-a1c7246e-c692-4524-ad55-32b507b20431/datanode-0/data/ratis/4417d833-4fb6-4fa2-9413-6911e2d50cc5/current/log_inprogress_2663 to /opt/src/hadoop-ozone/integration-test/target/test-dir/MiniOzoneClusterImpl-a1c7246e-c692-4524-ad55-32b507b20431/datanode-0/data/ratis/4417d833-4fb6-4fa2-9413-6911e2d50cc5/current/log_2663-2737
2019-06-12 16:04:54,284 INFO  storage.RaftLogWorker (RaftLogWorker.java:execute(469)) - ffc7b071-00b3-4a69-8de5-2639a1a8d8ac-RaftLogWorker: created new log segment /opt/src/hadoop-ozone/integration-test/target/test-dir/MiniOzoneClusterImpl-a1c7246e-c692-4524-ad55-32b507b20431/datanode-0/data/ratis/4417d833-4fb6-4fa2-9413-6911e2d50cc5/current/log_inprogress_2738
2019-06-12 16:04:54,286 INFO  client.GrpcClientProtocolClient (GrpcClientProtocolClient.java:onNext(254)) - client-7F7296B99608->ffc7b071-00b3-4a69-8de5-2639a1a8d8ac: receive RaftClientReply:client-7F7296B99608->ffc7b071-00b3-4a69-8de5-2639a1a8d8ac@group-6911E2D50CC5, cid=1582, SUCCESS, logIndex=2738, commits[ffc7b071-00b3-4a69-8de5-2639a1a8d8ac:c2740]
2019-06-12 16:04:54,287 INFO  client.GrpcClientProtocolClient (GrpcClientProtocolClient.java:onNext(254)) - client-7F7296B99608->ffc7b071-00b3-4a69-8de5-2639a1a8d8ac: receive RaftClientReply:client-7F7296B99608->ffc7b071-00b3-4a69-8de5-2639a1a8d8ac@group-6911E2D50CC5, cid=1583, SUCCESS, logIndex=2739, commits[ffc7b071-00b3-4a69-8de5-2639a1a8d8ac:c2740]
2019-06-12 16:04:54,287 INFO  client.GrpcClientProtocolClient (GrpcClientProtocolClient.java:onNext(254)) - client-7F7296B99608->ffc7b071-00b3-4a69-8de5-2639a1a8d8ac: receive RaftClientReply:client-7F7296B99608->ffc7b071-00b3-4a69-8de5-2639a1a8d8ac@group-6911E2D50CC5, cid=1584, SUCCESS, logIndex=2740, commits[ffc7b071-00b3-4a69-8de5-2639a1a8d8ac:c2741]
2019-06-12 16:04:54,298 INFO  client.GrpcClientProtocolClient (GrpcClientProtocolClient.java:onNext(254)) - client-7F7296B99608->ffc7b071-00b3-4a69-8de5-2639a1a8d8ac: receive RaftClientReply:client-7F7296B99608->ffc7b071-00b3-4a69-8de5-2639a1a8d8ac@group-6911E2D50CC5, cid=1585, SUCCESS, logIndex=2742, commits[ffc7b071-00b3-4a69-8de5-2639a1a8d8ac:c2742]
2019-06-12 16:04:54,300 INFO  client.GrpcClientProtocolClient (GrpcClientProtocolClient.java:onNext(254)) - client-7F7296B99608->ffc7b071-00b3-4a69-8de5-2639a1a8d8ac: receive RaftClientReply:client-7F7296B99608->ffc7b071-00b3-4a69-8de5-2639a1a8d8ac@group-6911E2D50CC5, cid=1586, SUCCESS, logIndex=2744, commits[ffc7b071-00b3-4a69-8de5-2639a1a8d8ac:c2744]
2019-06-12 16:04:54,300 INFO  client.GrpcClientProtocolClient (GrpcClientProtocolClient.java:onNext(254)) - client-7F7296B99608->ffc7b071-00b3-4a69-8de5-2639a1a8d8ac: receive RaftClientReply:client-7F7296B99608->ffc7b071-00b3-4a69-8de5-2639a1a8d8ac@group-6911E2D50CC5, cid=1587, SUCCESS, logIndex=2745, commits[ffc7b071-00b3-4a69-8de5-2639a1a8d8ac:c2747]
2019-06-12 16:04:54,301 INFO  client.GrpcClientProtocolClient (GrpcClientProtocolClient.java:onNext(254)) - client-7F7296B99608->ffc7b071-00b3-4a69-8de5-2639a1a8d8ac: receive RaftClientReply:client-7F7296B99608->ffc7b071-00b3-4a69-8de5-2639a1a8d8ac@group-6911E2D50CC5, cid=1588, SUCCESS, logIndex=2746, commits[ffc7b071-00b3-4a69-8de5-2639a1a8d8ac:c2747]
2019-06-12 16:04:54,307 INFO  client.GrpcClientProtocolClient (GrpcClientProtocolClient.java:onNext(254)) - client-7F7296B99608->ffc7b071-00b3-4a69-8de5-2639a1a8d8ac: receive RaftClientReply:client-7F7296B99608->ffc7b071-00b3-4a69-8de5-2639a1a8d8ac@group-6911E2D50CC5, cid=1589, SUCCESS, logIndex=2748, commits[ffc7b071-00b3-4a69-8de5-2639a1a8d8ac:c2748]
2019-06-12 16:04:54,310 INFO  client.GrpcClientProtocolClient (GrpcClientProtocolClient.java:onNext(254)) - client-7F7296B99608->ffc7b071-00b3-4a69-8de5-2639a1a8d8ac: receive RaftClientReply:client-7F7296B99608->ffc7b071-00b3-4a69-8de5-2639a1a8d8ac@group-6911E2D50CC5, cid=1590, SUCCESS, logIndex=2750, commits[ffc7b071-00b3-4a69-8de5-2639a1a8d8ac:c2750]
2019-06-12 16:04:54,311 DEBUG block.SCMBlockDeletingService (SCMBlockDeletingService.java:call(138)) - Running DeletedBlockTransactionScanner
2019-06-12 16:04:54,311 DEBUG block.SCMBlockDeletingService (SCMBlockDeletingService.java:call(155)) - Scanned deleted blocks log and got 0 delTX to process.
2019-06-12 16:04:54,377 INFO  client.GrpcClientProtocolClient (GrpcClientProtocolClient.java:onNext(254)) - client-7F7296B99608->ffc7b071-00b3-4a69-8de5-2639a1a8d8ac: receive RaftClientReply:client-7F7296B99608->ffc7b071-00b3-4a69-8de5-2639a1a8d8ac@group-6911E2D50CC5, cid=1591, SUCCESS, logIndex=2752, commits[ffc7b071-00b3-4a69-8de5-2639a1a8d8ac:c2752]
2019-06-12 16:04:54,379 INFO  client.GrpcClientProtocolClient (GrpcClientProtocolClient.java:onNext(254)) - client-7F7296B99608->ffc7b071-00b3-4a69-8de5-2639a1a8d8ac: receive RaftClientReply:client-7F7296B99608->ffc7b071-00b3-4a69-8de5-2639a1a8d8ac@group-6911E2D50CC5, cid=1592, SUCCESS, logIndex=2754, commits[ffc7b071-00b3-4a69-8de5-2639a1a8d8ac:c2754]
2019-06-12 16:04:54,390 INFO  client.GrpcClientProtocolClient (GrpcClientProtocolClient.java:onNext(254)) - client-7F7296B99608->ffc7b071-00b3-4a69-8de5-2639a1a8d8ac: receive RaftClientReply:client-7F7296B99608->ffc7b071-00b3-4a69-8de5-2639a1a8d8ac@group-6911E2D50CC5, cid=1593, SUCCESS, logIndex=2756, commits[ffc7b071-00b3-4a69-8de5-2639a1a8d8ac:c2757]
2019-06-12 16:04:54,392 INFO  client.GrpcClientProtocolClient (GrpcClientProtocolClient.java:onNext(254)) - client-7F7296B99608->ffc7b071-00b3-4a69-8de5-2639a1a8d8ac: receive RaftClientReply:client-7F7296B99608->ffc7b071-00b3-4a69-8de5-2639a1a8d8ac@group-6911E2D50CC5, cid=1594, SUCCESS, logIndex=2758, commits[ffc7b071-00b3-4a69-8de5-2639a1a8d8ac:c2758]
2019-06-12 16:04:54,393 INFO  client.GrpcClientProtocolClient (GrpcClientProtocolClient.java:onNext(254)) - client-7F7296B99608->ffc7b071-00b3-4a69-8de5-2639a1a8d8ac: receive RaftClientReply:client-7F7296B99608->ffc7b071-00b3-4a69-8de5-2639a1a8d8ac@group-6911E2D50CC5, cid=1595, SUCCESS, logIndex=2759, commits[ffc7b071-00b3-4a69-8de5-2639a1a8d8ac:c2760]
2019-06-12 16:04:54,394 INFO  client.GrpcClientProtocolClient (GrpcClientProtocolClient.java:onNext(254)) - client-7F7296B99608->ffc7b071-00b3-4a69-8de5-2639a1a8d8ac: receive RaftClientReply:client-7F7296B99608->ffc7b071-00b3-4a69-8de5-2639a1a8d8ac@group-6911E2D50CC5, cid=1596, SUCCESS, logIndex=2760, commits[ffc7b071-00b3-4a69-8de5-2639a1a8d8ac:c2761]
2019-06-12 16:04:54,400 INFO  client.GrpcClientProtocolClient (GrpcClientProtocolClient.java:onNext(254)) - client-7F7296B99608->ffc7b071-00b3-4a69-8de5-2639a1a8d8ac: receive RaftClientReply:client-7F7296B99608->ffc7b071-00b3-4a69-8de5-2639a1a8d8ac@group-6911E2D50CC5, cid=1597, SUCCESS, logIndex=2763, commits[ffc7b071-00b3-4a69-8de5-2639a1a8d8ac:c2763]
2019-06-12 16:04:54,401 INFO  client.GrpcClientProtocolClient (GrpcClientProtocolClient.java:onNext(254)) - client-7F7296B99608->ffc7b071-00b3-4a69-8de5-2639a1a8d8ac: receive RaftClientReply:client-7F7296B99608->ffc7b071-00b3-4a69-8de5-2639a1a8d8ac@group-6911E2D50CC5, cid=1598, SUCCESS, logIndex=2765, commits[ffc7b071-00b3-4a69-8de5-2639a1a8d8ac:c2765]
2019-06-12 16:04:54,403 INFO  client.GrpcClientProtocolClient (GrpcClientProtocolClient.java:onNext(254)) - client-7F7296B99608->ffc7b071-00b3-4a69-8de5-2639a1a8d8ac: receive RaftClientReply:client-7F7296B99608->ffc7b071-00b3-4a69-8de5-2639a1a8d8ac@group-6911E2D50CC5, cid=1599, SUCCESS, logIndex=2767, commits[ffc7b071-00b3-4a69-8de5-2639a1a8d8ac:c2768]
2019-06-12 16:04:54,404 INFO  client.GrpcClientProtocolClient (GrpcClientProtocolClient.java:onNext(254)) - client-7F7296B99608->ffc7b071-00b3-4a69-8de5-2639a1a8d8ac: receive RaftClientReply:client-7F7296B99608->ffc7b071-00b3-4a69-8de5-2639a1a8d8ac@group-6911E2D50CC5, cid=1600, SUCCESS, logIndex=2768, commits[ffc7b071-00b3-4a69-8de5-2639a1a8d8ac:c2768]
2019-06-12 16:04:54,411 DEBUG block.SCMBlockDeletingService (SCMBlockDeletingService.java:call(138)) - Running DeletedBlockTransactionScanner
2019-06-12 16:04:54,411 DEBUG block.SCMBlockDeletingService (SCMBlockDeletingService.java:call(155)) - Scanned deleted blocks log and got 0 delTX to process.
2019-06-12 16:04:54,414 INFO  client.GrpcClientProtocolClient (GrpcClientProtocolClient.java:onNext(254)) - client-7F7296B99608->ffc7b071-00b3-4a69-8de5-2639a1a8d8ac: receive RaftClientReply:client-7F7296B99608->ffc7b071-00b3-4a69-8de5-2639a1a8d8ac@group-6911E2D50CC5, cid=1601, SUCCESS, logIndex=2770, commits[ffc7b071-00b3-4a69-8de5-2639a1a8d8ac:c2770]
2019-06-12 16:04:54,416 INFO  client.GrpcClientProtocolClient (GrpcClientProtocolClient.java:onNext(254)) - client-7F7296B99608->ffc7b071-00b3-4a69-8de5-2639a1a8d8ac: receive RaftClientReply:client-7F7296B99608->ffc7b071-00b3-4a69-8de5-2639a1a8d8ac@group-6911E2D50CC5, cid=1602, SUCCESS, logIndex=2772, commits[ffc7b071-00b3-4a69-8de5-2639a1a8d8ac:c2772]
2019-06-12 16:04:54,419 INFO  client.GrpcClientProtocolClient (GrpcClientProtocolClient.java:onNext(254)) - client-7F7296B99608->ffc7b071-00b3-4a69-8de5-2639a1a8d8ac: receive RaftClientReply:client-7F7296B99608->ffc7b071-00b3-4a69-8de5-2639a1a8d8ac@group-6911E2D50CC5, cid=1603, SUCCESS, logIndex=2774, commits[ffc7b071-00b3-4a69-8de5-2639a1a8d8ac:c2775]
2019-06-12 16:04:54,419 INFO  client.GrpcClientProtocolClient (GrpcClientProtocolClient.java:onNext(254)) - client-7F7296B99608->ffc7b071-00b3-4a69-8de5-2639a1a8d8ac: receive RaftClientReply:client-7F7296B99608->ffc7b071-00b3-4a69-8de5-2639a1a8d8ac@group-6911E2D50CC5, cid=1604, SUCCESS, logIndex=2775, commits[ffc7b071-00b3-4a69-8de5-2639a1a8d8ac:c2775]
2019-06-12 16:04:54,426 INFO  client.GrpcClientProtocolClient (GrpcClientProtocolClient.java:onNext(254)) - client-7F7296B99608->ffc7b071-00b3-4a69-8de5-2639a1a8d8ac: receive RaftClientReply:client-7F7296B99608->ffc7b071-00b3-4a69-8de5-2639a1a8d8ac@group-6911E2D50CC5, cid=1605, SUCCESS, logIndex=2777, commits[ffc7b071-00b3-4a69-8de5-2639a1a8d8ac:c2777]
2019-06-12 16:04:54,428 INFO  client.GrpcClientProtocolClient (GrpcClientProtocolClient.java:onNext(254)) - client-7F7296B99608->ffc7b071-00b3-4a69-8de5-2639a1a8d8ac: receive RaftClientReply:client-7F7296B99608->ffc7b071-00b3-4a69-8de5-2639a1a8d8ac@group-6911E2D50CC5, cid=1606, SUCCESS, logIndex=2779, commits[ffc7b071-00b3-4a69-8de5-2639a1a8d8ac:c2779]
2019-06-12 16:04:54,429 INFO  client.GrpcClientProtocolClient (GrpcClientProtocolClient.java:onNext(254)) - client-7F7296B99608->ffc7b071-00b3-4a69-8de5-2639a1a8d8ac: receive RaftClientReply:client-7F7296B99608->ffc7b071-00b3-4a69-8de5-2639a1a8d8ac@group-6911E2D50CC5, cid=1607, SUCCESS, logIndex=2780, commits[ffc7b071-00b3-4a69-8de5-2639a1a8d8ac:c2782]
2019-06-12 16:04:54,429 INFO  client.GrpcClientProtocolClient (GrpcClientProtocolClient.java:onNext(254)) - client-7F7296B99608->ffc7b071-00b3-4a69-8de5-2639a1a8d8ac: receive RaftClientReply:client-7F7296B99608->ffc7b071-00b3-4a69-8de5-2639a1a8d8ac@group-6911E2D50CC5, cid=1608, SUCCESS, logIndex=2781, commits[ffc7b071-00b3-4a69-8de5-2639a1a8d8ac:c2782]
2019-06-12 16:04:54,438 INFO  client.GrpcClientProtocolClient (GrpcClientProtocolClient.java:onNext(254)) - client-7F7296B99608->ffc7b071-00b3-4a69-8de5-2639a1a8d8ac: receive RaftClientReply:client-7F7296B99608->ffc7b071-00b3-4a69-8de5-2639a1a8d8ac@group-6911E2D50CC5, cid=1609, SUCCESS, logIndex=2783, commits[ffc7b071-00b3-4a69-8de5-2639a1a8d8ac:c2783]
2019-06-12 16:04:54,440 INFO  client.GrpcClientProtocolClient (GrpcClientProtocolClient.java:onNext(254)) - client-7F7296B99608->ffc7b071-00b3-4a69-8de5-2639a1a8d8ac: receive RaftClientReply:client-7F7296B99608->ffc7b071-00b3-4a69-8de5-2639a1a8d8ac@group-6911E2D50CC5, cid=1610, SUCCESS, logIndex=2785, commits[ffc7b071-00b3-4a69-8de5-2639a1a8d8ac:c2785]
2019-06-12 16:04:54,441 INFO  client.GrpcClientProtocolClient (GrpcClientProtocolClient.java:onNext(254)) - client-7F7296B99608->ffc7b071-00b3-4a69-8de5-2639a1a8d8ac: receive RaftClientReply:client-7F7296B99608->ffc7b071-00b3-4a69-8de5-2639a1a8d8ac@group-6911E2D50CC5, cid=1611, SUCCESS, logIndex=2786, commits[ffc7b071-00b3-4a69-8de5-2639a1a8d8ac:c2788]
2019-06-12 16:04:54,442 INFO  client.GrpcClientProtocolClient (GrpcClientProtocolClient.java:onNext(254)) - client-7F7296B99608->ffc7b071-00b3-4a69-8de5-2639a1a8d8ac: receive RaftClientReply:client-7F7296B99608->ffc7b071-00b3-4a69-8de5-2639a1a8d8ac@group-6911E2D50CC5, cid=1612, SUCCESS, logIndex=2787, commits[ffc7b071-00b3-4a69-8de5-2639a1a8d8ac:c2788]
2019-06-12 16:04:54,447 INFO  client.GrpcClientProtocolClient (GrpcClientProtocolClient.java:onNext(254)) - client-7F7296B99608->ffc7b071-00b3-4a69-8de5-2639a1a8d8ac: receive RaftClientReply:client-7F7296B99608->ffc7b071-00b3-4a69-8de5-2639a1a8d8ac@group-6911E2D50CC5, cid=1613, SUCCESS, logIndex=2789, commits[ffc7b071-00b3-4a69-8de5-2639a1a8d8ac:c2789]
2019-06-12 16:04:54,449 INFO  client.GrpcClientProtocolClient (GrpcClientProtocolClient.java:onNext(254)) - client-7F7296B99608->ffc7b071-00b3-4a69-8de5-2639a1a8d8ac: receive RaftClientReply:client-7F7296B99608->ffc7b071-00b3-4a69-8de5-2639a1a8d8ac@group-6911E2D50CC5, cid=1614, SUCCESS, logIndex=2791, commits[ffc7b071-00b3-4a69-8de5-2639a1a8d8ac:c2791]
2019-06-12 16:04:54,450 INFO  client.GrpcClientProtocolClient (GrpcClientProtocolClient.java:onNext(254)) - client-7F7296B99608->ffc7b071-00b3-4a69-8de5-2639a1a8d8ac: receive RaftClientReply:client-7F7296B99608->ffc7b071-00b3-4a69-8de5-2639a1a8d8ac@group-6911E2D50CC5, cid=1615, SUCCESS, logIndex=2792, commits[ffc7b071-00b3-4a69-8de5-2639a1a8d8ac:c2794]
2019-06-12 16:04:54,450 INFO  client.GrpcClientProtocolClient (GrpcClientProtocolClient.java:onNext(254)) - client-7F7296B99608->ffc7b071-00b3-4a69-8de5-2639a1a8d8ac: receive RaftClientReply:client-7F7296B99608->ffc7b071-00b3-4a69-8de5-2639a1a8d8ac@group-6911E2D50CC5, cid=1616, SUCCESS, logIndex=2793, commits[ffc7b071-00b3-4a69-8de5-2639a1a8d8ac:c2794]
2019-06-12 16:04:54,458 INFO  client.GrpcClientProtocolClient (GrpcClientProtocolClient.java:onNext(254)) - client-7F7296B99608->ffc7b071-00b3-4a69-8de5-2639a1a8d8ac: receive RaftClientReply:client-7F7296B99608->ffc7b071-00b3-4a69-8de5-2639a1a8d8ac@group-6911E2D50CC5, cid=1617, SUCCESS, logIndex=2795, commits[ffc7b071-00b3-4a69-8de5-2639a1a8d8ac:c2795]
2019-06-12 16:04:54,461 INFO  client.GrpcClientProtocolClient (GrpcClientProtocolClient.java:onNext(254)) - client-7F7296B99608->ffc7b071-00b3-4a69-8de5-2639a1a8d8ac: receive RaftClientReply:client-7F7296B99608->ffc7b071-00b3-4a69-8de5-2639a1a8d8ac@group-6911E2D50CC5, cid=1618, SUCCESS, logIndex=2797, commits[ffc7b071-00b3-4a69-8de5-2639a1a8d8ac:c2797]
2019-06-12 16:04:54,461 INFO  client.GrpcClientProtocolClient (GrpcClientProtocolClient.java:onNext(254)) - client-7F7296B99608->ffc7b071-00b3-4a69-8de5-2639a1a8d8ac: receive RaftClientReply:client-7F7296B99608->ffc7b071-00b3-4a69-8de5-2639a1a8d8ac@group-6911E2D50CC5, cid=1619, SUCCESS, logIndex=2798, commits[ffc7b071-00b3-4a69-8de5-2639a1a8d8ac:c2799]
2019-06-12 16:04:54,462 INFO  client.GrpcClientProtocolClient (GrpcClientProtocolClient.java:onNext(254)) - client-7F7296B99608->ffc7b071-00b3-4a69-8de5-2639a1a8d8ac: receive RaftClientReply:client-7F7296B99608->ffc7b071-00b3-4a69-8de5-2639a1a8d8ac@group-6911E2D50CC5, cid=1620, SUCCESS, logIndex=2799, commits[ffc7b071-00b3-4a69-8de5-2639a1a8d8ac:c2800]
2019-06-12 16:04:54,467 INFO  client.GrpcClientProtocolClient (GrpcClientProtocolClient.java:onNext(254)) - client-7F7296B99608->ffc7b071-00b3-4a69-8de5-2639a1a8d8ac: receive RaftClientReply:client-7F7296B99608->ffc7b071-00b3-4a69-8de5-2639a1a8d8ac@group-6911E2D50CC5, cid=1621, SUCCESS, logIndex=2802, commits[ffc7b071-00b3-4a69-8de5-2639a1a8d8ac:c2802]
2019-06-12 16:04:54,468 INFO  storage.RaftLogWorker (RaftLogWorker.java:rollLogSegment(303)) - ffc7b071-00b3-4a69-8de5-2639a1a8d8ac-RaftLogWorker: Rolling segment log-2738_2806 to index:2806
2019-06-12 16:04:54,469 INFO  storage.RaftLogWorker (RaftLogWorker.java:execute(433)) - ffc7b071-00b3-4a69-8de5-2639a1a8d8ac-RaftLogWorker: Rolled log segment from /opt/src/hadoop-ozone/integration-test/target/test-dir/MiniOzoneClusterImpl-a1c7246e-c692-4524-ad55-32b507b20431/datanode-0/data/ratis/4417d833-4fb6-4fa2-9413-6911e2d50cc5/current/log_inprogress_2738 to /opt/src/hadoop-ozone/integration-test/target/test-dir/MiniOzoneClusterImpl-a1c7246e-c692-4524-ad55-32b507b20431/datanode-0/data/ratis/4417d833-4fb6-4fa2-9413-6911e2d50cc5/current/log_2738-2806
2019-06-12 16:04:54,469 INFO  client.GrpcClientProtocolClient (GrpcClientProtocolClient.java:onNext(254)) - client-7F7296B99608->ffc7b071-00b3-4a69-8de5-2639a1a8d8ac: receive RaftClientReply:client-7F7296B99608->ffc7b071-00b3-4a69-8de5-2639a1a8d8ac@group-6911E2D50CC5, cid=1622, SUCCESS, logIndex=2804, commits[ffc7b071-00b3-4a69-8de5-2639a1a8d8ac:c2804]
2019-06-12 16:04:54,470 INFO  client.GrpcClientProtocolClient (GrpcClientProtocolClient.java:onNext(254)) - client-7F7296B99608->ffc7b071-00b3-4a69-8de5-2639a1a8d8ac: receive RaftClientReply:client-7F7296B99608->ffc7b071-00b3-4a69-8de5-2639a1a8d8ac@group-6911E2D50CC5, cid=1623, SUCCESS, logIndex=2805, commits[ffc7b071-00b3-4a69-8de5-2639a1a8d8ac:c2806]
2019-06-12 16:04:54,470 INFO  client.GrpcClientProtocolClient (GrpcClientProtocolClient.java:onNext(254)) - client-7F7296B99608->ffc7b071-00b3-4a69-8de5-2639a1a8d8ac: receive RaftClientReply:client-7F7296B99608->ffc7b071-00b3-4a69-8de5-2639a1a8d8ac@group-6911E2D50CC5, cid=1624, SUCCESS, logIndex=2806, commits[ffc7b071-00b3-4a69-8de5-2639a1a8d8ac:c2806]
2019-06-12 16:04:54,512 DEBUG block.SCMBlockDeletingService (SCMBlockDeletingService.java:call(138)) - Running DeletedBlockTransactionScanner
2019-06-12 16:04:54,512 INFO  storage.RaftLogWorker (RaftLogWorker.java:execute(469)) - ffc7b071-00b3-4a69-8de5-2639a1a8d8ac-RaftLogWorker: created new log segment /opt/src/hadoop-ozone/integration-test/target/test-dir/MiniOzoneClusterImpl-a1c7246e-c692-4524-ad55-32b507b20431/datanode-0/data/ratis/4417d833-4fb6-4fa2-9413-6911e2d50cc5/current/log_inprogress_2807
2019-06-12 16:04:54,512 DEBUG block.SCMBlockDeletingService (SCMBlockDeletingService.java:call(155)) - Scanned deleted blocks log and got 0 delTX to process.
2019-06-12 16:04:54,514 INFO  client.GrpcClientProtocolClient (GrpcClientProtocolClient.java:onNext(254)) - client-7F7296B99608->ffc7b071-00b3-4a69-8de5-2639a1a8d8ac: receive RaftClientReply:client-7F7296B99608->ffc7b071-00b3-4a69-8de5-2639a1a8d8ac@group-6911E2D50CC5, cid=1625, SUCCESS, logIndex=2809, commits[ffc7b071-00b3-4a69-8de5-2639a1a8d8ac:c2809]
2019-06-12 16:04:54,516 INFO  client.GrpcClientProtocolClient (GrpcClientProtocolClient.java:onNext(254)) - client-7F7296B99608->ffc7b071-00b3-4a69-8de5-2639a1a8d8ac: receive RaftClientReply:client-7F7296B99608->ffc7b071-00b3-4a69-8de5-2639a1a8d8ac@group-6911E2D50CC5, cid=1626, SUCCESS, logIndex=2811, commits[ffc7b071-00b3-4a69-8de5-2639a1a8d8ac:c2811]
2019-06-12 16:04:54,517 INFO  client.GrpcClientProtocolClient (GrpcClientProtocolClient.java:onNext(254)) - client-7F7296B99608->ffc7b071-00b3-4a69-8de5-2639a1a8d8ac: receive RaftClientReply:client-7F7296B99608->ffc7b071-00b3-4a69-8de5-2639a1a8d8ac@group-6911E2D50CC5, cid=1627, SUCCESS, logIndex=2812, commits[ffc7b071-00b3-4a69-8de5-2639a1a8d8ac:c2814]
2019-06-12 16:04:54,517 INFO  client.GrpcClientProtocolClient (GrpcClientProtocolClient.java:onNext(254)) - client-7F7296B99608->ffc7b071-00b3-4a69-8de5-2639a1a8d8ac: receive RaftClientReply:client-7F7296B99608->ffc7b071-00b3-4a69-8de5-2639a1a8d8ac@group-6911E2D50CC5, cid=1628, SUCCESS, logIndex=2813, commits[ffc7b071-00b3-4a69-8de5-2639a1a8d8ac:c2814]
2019-06-12 16:04:54,523 INFO  client.GrpcClientProtocolClient (GrpcClientProtocolClient.java:onNext(254)) - client-7F7296B99608->ffc7b071-00b3-4a69-8de5-2639a1a8d8ac: receive RaftClientReply:client-7F7296B99608->ffc7b071-00b3-4a69-8de5-2639a1a8d8ac@group-6911E2D50CC5, cid=1629, SUCCESS, logIndex=2815, commits[ffc7b071-00b3-4a69-8de5-2639a1a8d8ac:c2815]
2019-06-12 16:04:54,525 INFO  client.GrpcClientProtocolClient (GrpcClientProtocolClient.java:onNext(254)) - client-7F7296B99608->ffc7b071-00b3-4a69-8de5-2639a1a8d8ac: receive RaftClientReply:client-7F7296B99608->ffc7b071-00b3-4a69-8de5-2639a1a8d8ac@group-6911E2D50CC5, cid=1630, SUCCESS, logIndex=2817, commits[ffc7b071-00b3-4a69-8de5-2639a1a8d8ac:c2817]
2019-06-12 16:04:54,525 INFO  client.GrpcClientProtocolClient (GrpcClientProtocolClient.java:onNext(254)) - client-7F7296B99608->ffc7b071-00b3-4a69-8de5-2639a1a8d8ac: receive RaftClientReply:client-7F7296B99608->ffc7b071-00b3-4a69-8de5-2639a1a8d8ac@group-6911E2D50CC5, cid=1631, SUCCESS, logIndex=2818, commits[ffc7b071-00b3-4a69-8de5-2639a1a8d8ac:c2819]
2019-06-12 16:04:54,526 INFO  client.GrpcClientProtocolClient (GrpcClientProtocolClient.java:onNext(254)) - client-7F7296B99608->ffc7b071-00b3-4a69-8de5-2639a1a8d8ac: receive RaftClientReply:client-7F7296B99608->ffc7b071-00b3-4a69-8de5-2639a1a8d8ac@group-6911E2D50CC5, cid=1632, SUCCESS, logIndex=2819, commits[ffc7b071-00b3-4a69-8de5-2639a1a8d8ac:c2820]
2019-06-12 16:04:54,547 INFO  client.GrpcClientProtocolClient (GrpcClientProtocolClient.java:onNext(254)) - client-7F7296B99608->ffc7b071-00b3-4a69-8de5-2639a1a8d8ac: receive RaftClientReply:client-7F7296B99608->ffc7b071-00b3-4a69-8de5-2639a1a8d8ac@group-6911E2D50CC5, cid=1633, SUCCESS, logIndex=2822, commits[ffc7b071-00b3-4a69-8de5-2639a1a8d8ac:c2822]
2019-06-12 16:04:54,549 INFO  client.GrpcClientProtocolClient (GrpcClientProtocolClient.java:onNext(254)) - client-7F7296B99608->ffc7b071-00b3-4a69-8de5-2639a1a8d8ac: receive RaftClientReply:client-7F7296B99608->ffc7b071-00b3-4a69-8de5-2639a1a8d8ac@group-6911E2D50CC5, cid=1634, SUCCESS, logIndex=2824, commits[ffc7b071-00b3-4a69-8de5-2639a1a8d8ac:c2824]
2019-06-12 16:04:54,604 INFO  client.GrpcClientProtocolClient (GrpcClientProtocolClient.java:onNext(254)) - client-7F7296B99608->ffc7b071-00b3-4a69-8de5-2639a1a8d8ac: receive RaftClientReply:client-7F7296B99608->ffc7b071-00b3-4a69-8de5-2639a1a8d8ac@group-6911E2D50CC5, cid=1635, SUCCESS, logIndex=2826, commits[ffc7b071-00b3-4a69-8de5-2639a1a8d8ac:c2826]
2019-06-12 16:04:54,605 INFO  client.GrpcClientProtocolClient (GrpcClientProtocolClient.java:onNext(254)) - client-7F7296B99608->ffc7b071-00b3-4a69-8de5-2639a1a8d8ac: receive RaftClientReply:client-7F7296B99608->ffc7b071-00b3-4a69-8de5-2639a1a8d8ac@group-6911E2D50CC5, cid=1636, SUCCESS, logIndex=2828, commits[ffc7b071-00b3-4a69-8de5-2639a1a8d8ac:c2828]
2019-06-12 16:04:54,611 INFO  client.GrpcClientProtocolClient (GrpcClientProtocolClient.java:onNext(254)) - client-7F7296B99608->ffc7b071-00b3-4a69-8de5-2639a1a8d8ac: receive RaftClientReply:client-7F7296B99608->ffc7b071-00b3-4a69-8de5-2639a1a8d8ac@group-6911E2D50CC5, cid=1637, SUCCESS, logIndex=2830, commits[ffc7b071-00b3-4a69-8de5-2639a1a8d8ac:c2830]
2019-06-12 16:04:54,612 INFO  client.GrpcClientProtocolClient (GrpcClientProtocolClient.java:onNext(254)) - client-7F7296B99608->ffc7b071-00b3-4a69-8de5-2639a1a8d8ac: receive RaftClientReply:client-7F7296B99608->ffc7b071-00b3-4a69-8de5-2639a1a8d8ac@group-6911E2D50CC5, cid=1638, SUCCESS, logIndex=2832, commits[ffc7b071-00b3-4a69-8de5-2639a1a8d8ac:c2832]
2019-06-12 16:04:54,613 DEBUG block.SCMBlockDeletingService (SCMBlockDeletingService.java:call(138)) - Running DeletedBlockTransactionScanner
2019-06-12 16:04:54,613 DEBUG block.SCMBlockDeletingService (SCMBlockDeletingService.java:call(155)) - Scanned deleted blocks log and got 0 delTX to process.
2019-06-12 16:04:54,614 INFO  client.GrpcClientProtocolClient (GrpcClientProtocolClient.java:onNext(254)) - client-7F7296B99608->ffc7b071-00b3-4a69-8de5-2639a1a8d8ac: receive RaftClientReply:client-7F7296B99608->ffc7b071-00b3-4a69-8de5-2639a1a8d8ac@group-6911E2D50CC5, cid=1639, SUCCESS, logIndex=2834, commits[ffc7b071-00b3-4a69-8de5-2639a1a8d8ac:c2835]
2019-06-12 16:04:54,615 INFO  client.GrpcClientProtocolClient (GrpcClientProtocolClient.java:onNext(254)) - client-7F7296B99608->ffc7b071-00b3-4a69-8de5-2639a1a8d8ac: receive RaftClientReply:client-7F7296B99608->ffc7b071-00b3-4a69-8de5-2639a1a8d8ac@group-6911E2D50CC5, cid=1640, SUCCESS, logIndex=2835, commits[ffc7b071-00b3-4a69-8de5-2639a1a8d8ac:c2835]
2019-06-12 16:04:54,665 INFO  client.GrpcClientProtocolClient (GrpcClientProtocolClient.java:onNext(254)) - client-7F7296B99608->ffc7b071-00b3-4a69-8de5-2639a1a8d8ac: receive RaftClientReply:client-7F7296B99608->ffc7b071-00b3-4a69-8de5-2639a1a8d8ac@group-6911E2D50CC5, cid=1641, SUCCESS, logIndex=2837, commits[ffc7b071-00b3-4a69-8de5-2639a1a8d8ac:c2837]
2019-06-12 16:04:54,667 INFO  client.GrpcClientProtocolClient (GrpcClientProtocolClient.java:onNext(254)) - client-7F7296B99608->ffc7b071-00b3-4a69-8de5-2639a1a8d8ac: receive RaftClientReply:client-7F7296B99608->ffc7b071-00b3-4a69-8de5-2639a1a8d8ac@group-6911E2D50CC5, cid=1642, SUCCESS, logIndex=2839, commits[ffc7b071-00b3-4a69-8de5-2639a1a8d8ac:c2839]
2019-06-12 16:04:54,668 INFO  client.GrpcClientProtocolClient (GrpcClientProtocolClient.java:onNext(254)) - client-7F7296B99608->ffc7b071-00b3-4a69-8de5-2639a1a8d8ac: receive RaftClientReply:client-7F7296B99608->ffc7b071-00b3-4a69-8de5-2639a1a8d8ac@group-6911E2D50CC5, cid=1643, SUCCESS, logIndex=2840, commits[ffc7b071-00b3-4a69-8de5-2639a1a8d8ac:c2842]
2019-06-12 16:04:54,668 INFO  client.GrpcClientProtocolClient (GrpcClientProtocolClient.java:onNext(254)) - client-7F7296B99608->ffc7b071-00b3-4a69-8de5-2639a1a8d8ac: receive RaftClientReply:client-7F7296B99608->ffc7b071-00b3-4a69-8de5-2639a1a8d8ac@group-6911E2D50CC5, cid=1644, SUCCESS, logIndex=2841, commits[ffc7b071-00b3-4a69-8de5-2639a1a8d8ac:c2842]
2019-06-12 16:04:54,674 INFO  client.GrpcClientProtocolClient (GrpcClientProtocolClient.java:onNext(254)) - client-7F7296B99608->ffc7b071-00b3-4a69-8de5-2639a1a8d8ac: receive RaftClientReply:client-7F7296B99608->ffc7b071-00b3-4a69-8de5-2639a1a8d8ac@group-6911E2D50CC5, cid=1645, SUCCESS, logIndex=2843, commits[ffc7b071-00b3-4a69-8de5-2639a1a8d8ac:c2843]
2019-06-12 16:04:54,675 INFO  client.GrpcClientProtocolClient (GrpcClientProtocolClient.java:onNext(254)) - client-7F7296B99608->ffc7b071-00b3-4a69-8de5-2639a1a8d8ac: receive RaftClientReply:client-7F7296B99608->ffc7b071-00b3-4a69-8de5-2639a1a8d8ac@group-6911E2D50CC5, cid=1646, SUCCESS, logIndex=2845, commits[ffc7b071-00b3-4a69-8de5-2639a1a8d8ac:c2845]
2019-06-12 16:04:54,676 INFO  client.GrpcClientProtocolClient (GrpcClientProtocolClient.java:onNext(254)) - client-7F7296B99608->ffc7b071-00b3-4a69-8de5-2639a1a8d8ac: receive RaftClientReply:client-7F7296B99608->ffc7b071-00b3-4a69-8de5-2639a1a8d8ac@group-6911E2D50CC5, cid=1647, SUCCESS, logIndex=2846, commits[ffc7b071-00b3-4a69-8de5-2639a1a8d8ac:c2848]
2019-06-12 16:04:54,677 INFO  client.GrpcClientProtocolClient (GrpcClientProtocolClient.java:onNext(254)) - client-7F7296B99608->ffc7b071-00b3-4a69-8de5-2639a1a8d8ac: receive RaftClientReply:client-7F7296B99608->ffc7b071-00b3-4a69-8de5-2639a1a8d8ac@group-6911E2D50CC5, cid=1648, SUCCESS, logIndex=2847, commits[ffc7b071-00b3-4a69-8de5-2639a1a8d8ac:c2848]
2019-06-12 16:04:54,687 INFO  client.GrpcClientProtocolClient (GrpcClientProtocolClient.java:onNext(254)) - client-7F7296B99608->ffc7b071-00b3-4a69-8de5-2639a1a8d8ac: receive RaftClientReply:client-7F7296B99608->ffc7b071-00b3-4a69-8de5-2639a1a8d8ac@group-6911E2D50CC5, cid=1649, SUCCESS, logIndex=2849, commits[ffc7b071-00b3-4a69-8de5-2639a1a8d8ac:c2849]
2019-06-12 16:04:54,689 INFO  client.GrpcClientProtocolClient (GrpcClientProtocolClient.java:onNext(254)) - client-7F7296B99608->ffc7b071-00b3-4a69-8de5-2639a1a8d8ac: receive RaftClientReply:client-7F7296B99608->ffc7b071-00b3-4a69-8de5-2639a1a8d8ac@group-6911E2D50CC5, cid=1650, SUCCESS, logIndex=2851, commits[ffc7b071-00b3-4a69-8de5-2639a1a8d8ac:c2851]
2019-06-12 16:04:54,690 INFO  client.GrpcClientProtocolClient (GrpcClientProtocolClient.java:onNext(254)) - client-7F7296B99608->ffc7b071-00b3-4a69-8de5-2639a1a8d8ac: receive RaftClientReply:client-7F7296B99608->ffc7b071-00b3-4a69-8de5-2639a1a8d8ac@group-6911E2D50CC5, cid=1651, SUCCESS, logIndex=2852, commits[ffc7b071-00b3-4a69-8de5-2639a1a8d8ac:c2854]
2019-06-12 16:04:54,690 INFO  client.GrpcClientProtocolClient (GrpcClientProtocolClient.java:onNext(254)) - client-7F7296B99608->ffc7b071-00b3-4a69-8de5-2639a1a8d8ac: receive RaftClientReply:client-7F7296B99608->ffc7b071-00b3-4a69-8de5-2639a1a8d8ac@group-6911E2D50CC5, cid=1652, SUCCESS, logIndex=2853, commits[ffc7b071-00b3-4a69-8de5-2639a1a8d8ac:c2854]
2019-06-12 16:04:54,696 INFO  client.GrpcClientProtocolClient (GrpcClientProtocolClient.java:onNext(254)) - client-7F7296B99608->ffc7b071-00b3-4a69-8de5-2639a1a8d8ac: receive RaftClientReply:client-7F7296B99608->ffc7b071-00b3-4a69-8de5-2639a1a8d8ac@group-6911E2D50CC5, cid=1653, SUCCESS, logIndex=2855, commits[ffc7b071-00b3-4a69-8de5-2639a1a8d8ac:c2855]
2019-06-12 16:04:54,698 INFO  client.GrpcClientProtocolClient (GrpcClientProtocolClient.java:onNext(254)) - client-7F7296B99608->ffc7b071-00b3-4a69-8de5-2639a1a8d8ac: receive RaftClientReply:client-7F7296B99608->ffc7b071-00b3-4a69-8de5-2639a1a8d8ac@group-6911E2D50CC5, cid=1654, SUCCESS, logIndex=2857, commits[ffc7b071-00b3-4a69-8de5-2639a1a8d8ac:c2857]
2019-06-12 16:04:54,699 INFO  client.GrpcClientProtocolClient (GrpcClientProtocolClient.java:onNext(254)) - client-7F7296B99608->ffc7b071-00b3-4a69-8de5-2639a1a8d8ac: receive RaftClientReply:client-7F7296B99608->ffc7b071-00b3-4a69-8de5-2639a1a8d8ac@group-6911E2D50CC5, cid=1655, SUCCESS, logIndex=2858, commits[ffc7b071-00b3-4a69-8de5-2639a1a8d8ac:c2860]
2019-06-12 16:04:54,699 INFO  client.GrpcClientProtocolClient (GrpcClientProtocolClient.java:onNext(254)) - client-7F7296B99608->ffc7b071-00b3-4a69-8de5-2639a1a8d8ac: receive RaftClientReply:client-7F7296B99608->ffc7b071-00b3-4a69-8de5-2639a1a8d8ac@group-6911E2D50CC5, cid=1656, SUCCESS, logIndex=2859, commits[ffc7b071-00b3-4a69-8de5-2639a1a8d8ac:c2860]
2019-06-12 16:04:54,708 INFO  client.GrpcClientProtocolClient (GrpcClientProtocolClient.java:onNext(254)) - client-7F7296B99608->ffc7b071-00b3-4a69-8de5-2639a1a8d8ac: receive RaftClientReply:client-7F7296B99608->ffc7b071-00b3-4a69-8de5-2639a1a8d8ac@group-6911E2D50CC5, cid=1657, SUCCESS, logIndex=2861, commits[ffc7b071-00b3-4a69-8de5-2639a1a8d8ac:c2861]
2019-06-12 16:04:54,710 INFO  client.GrpcClientProtocolClient (GrpcClientProtocolClient.java:onNext(254)) - client-7F7296B99608->ffc7b071-00b3-4a69-8de5-2639a1a8d8ac: receive RaftClientReply:client-7F7296B99608->ffc7b071-00b3-4a69-8de5-2639a1a8d8ac@group-6911E2D50CC5, cid=1658, SUCCESS, logIndex=2863, commits[ffc7b071-00b3-4a69-8de5-2639a1a8d8ac:c2863]
2019-06-12 16:04:54,711 INFO  client.GrpcClientProtocolClient (GrpcClientProtocolClient.java:onNext(254)) - client-7F7296B99608->ffc7b071-00b3-4a69-8de5-2639a1a8d8ac: receive RaftClientReply:client-7F7296B99608->ffc7b071-00b3-4a69-8de5-2639a1a8d8ac@group-6911E2D50CC5, cid=1659, SUCCESS, logIndex=2864, commits[ffc7b071-00b3-4a69-8de5-2639a1a8d8ac:c2866]
2019-06-12 16:04:54,711 INFO  client.GrpcClientProtocolClient (GrpcClientProtocolClient.java:onNext(254)) - client-7F7296B99608->ffc7b071-00b3-4a69-8de5-2639a1a8d8ac: receive RaftClientReply:client-7F7296B99608->ffc7b071-00b3-4a69-8de5-2639a1a8d8ac@group-6911E2D50CC5, cid=1660, SUCCESS, logIndex=2865, commits[ffc7b071-00b3-4a69-8de5-2639a1a8d8ac:c2866]
2019-06-12 16:04:54,713 DEBUG block.SCMBlockDeletingService (SCMBlockDeletingService.java:call(138)) - Running DeletedBlockTransactionScanner
2019-06-12 16:04:54,713 DEBUG block.SCMBlockDeletingService (SCMBlockDeletingService.java:call(155)) - Scanned deleted blocks log and got 0 delTX to process.
2019-06-12 16:04:54,717 INFO  client.GrpcClientProtocolClient (GrpcClientProtocolClient.java:onNext(254)) - client-7F7296B99608->ffc7b071-00b3-4a69-8de5-2639a1a8d8ac: receive RaftClientReply:client-7F7296B99608->ffc7b071-00b3-4a69-8de5-2639a1a8d8ac@group-6911E2D50CC5, cid=1661, SUCCESS, logIndex=2867, commits[ffc7b071-00b3-4a69-8de5-2639a1a8d8ac:c2868]
2019-06-12 16:04:54,722 INFO  client.GrpcClientProtocolClient (GrpcClientProtocolClient.java:onNext(254)) - client-7F7296B99608->ffc7b071-00b3-4a69-8de5-2639a1a8d8ac: receive RaftClientReply:client-7F7296B99608->ffc7b071-00b3-4a69-8de5-2639a1a8d8ac@group-6911E2D50CC5, cid=1662, SUCCESS, logIndex=2869, commits[ffc7b071-00b3-4a69-8de5-2639a1a8d8ac:c2869]
2019-06-12 16:04:54,723 INFO  client.GrpcClientProtocolClient (GrpcClientProtocolClient.java:onNext(254)) - client-7F7296B99608->ffc7b071-00b3-4a69-8de5-2639a1a8d8ac: receive RaftClientReply:client-7F7296B99608->ffc7b071-00b3-4a69-8de5-2639a1a8d8ac@group-6911E2D50CC5, cid=1663, SUCCESS, logIndex=2870, commits[ffc7b071-00b3-4a69-8de5-2639a1a8d8ac:c2872]
2019-06-12 16:04:54,723 INFO  client.GrpcClientProtocolClient (GrpcClientProtocolClient.java:onNext(254)) - client-7F7296B99608->ffc7b071-00b3-4a69-8de5-2639a1a8d8ac: receive RaftClientReply:client-7F7296B99608->ffc7b071-00b3-4a69-8de5-2639a1a8d8ac@group-6911E2D50CC5, cid=1664, SUCCESS, logIndex=2871, commits[ffc7b071-00b3-4a69-8de5-2639a1a8d8ac:c2872]
2019-06-12 16:04:54,735 INFO  client.GrpcClientProtocolClient (GrpcClientProtocolClient.java:onNext(254)) - client-7F7296B99608->ffc7b071-00b3-4a69-8de5-2639a1a8d8ac: receive RaftClientReply:client-7F7296B99608->ffc7b071-00b3-4a69-8de5-2639a1a8d8ac@group-6911E2D50CC5, cid=1665, SUCCESS, logIndex=2873, commits[ffc7b071-00b3-4a69-8de5-2639a1a8d8ac:c2873]
2019-06-12 16:04:54,736 INFO  client.GrpcClientProtocolClient (GrpcClientProtocolClient.java:onNext(254)) - client-7F7296B99608->ffc7b071-00b3-4a69-8de5-2639a1a8d8ac: receive RaftClientReply:client-7F7296B99608->ffc7b071-00b3-4a69-8de5-2639a1a8d8ac@group-6911E2D50CC5, cid=1666, SUCCESS, logIndex=2875, commits[ffc7b071-00b3-4a69-8de5-2639a1a8d8ac:c2875]
2019-06-12 16:04:54,737 INFO  client.GrpcClientProtocolClient (GrpcClientProtocolClient.java:onNext(254)) - client-7F7296B99608->ffc7b071-00b3-4a69-8de5-2639a1a8d8ac: receive RaftClientReply:client-7F7296B99608->ffc7b071-00b3-4a69-8de5-2639a1a8d8ac@group-6911E2D50CC5, cid=1667, SUCCESS, logIndex=2876, commits[ffc7b071-00b3-4a69-8de5-2639a1a8d8ac:c2878]
2019-06-12 16:04:54,738 INFO  client.GrpcClientProtocolClient (GrpcClientProtocolClient.java:onNext(254)) - client-7F7296B99608->ffc7b071-00b3-4a69-8de5-2639a1a8d8ac: receive RaftClientReply:client-7F7296B99608->ffc7b071-00b3-4a69-8de5-2639a1a8d8ac@group-6911E2D50CC5, cid=1668, SUCCESS, logIndex=2877, commits[ffc7b071-00b3-4a69-8de5-2639a1a8d8ac:c2878]
2019-06-12 16:04:54,742 INFO  storage.RaftLogWorker (RaftLogWorker.java:rollLogSegment(303)) - ffc7b071-00b3-4a69-8de5-2639a1a8d8ac-RaftLogWorker: Rolling segment log-2807_2878 to index:2878
2019-06-12 16:04:54,742 INFO  storage.RaftLogWorker (RaftLogWorker.java:execute(433)) - ffc7b071-00b3-4a69-8de5-2639a1a8d8ac-RaftLogWorker: Rolled log segment from /opt/src/hadoop-ozone/integration-test/target/test-dir/MiniOzoneClusterImpl-a1c7246e-c692-4524-ad55-32b507b20431/datanode-0/data/ratis/4417d833-4fb6-4fa2-9413-6911e2d50cc5/current/log_inprogress_2807 to /opt/src/hadoop-ozone/integration-test/target/test-dir/MiniOzoneClusterImpl-a1c7246e-c692-4524-ad55-32b507b20431/datanode-0/data/ratis/4417d833-4fb6-4fa2-9413-6911e2d50cc5/current/log_2807-2878
2019-06-12 16:04:54,777 INFO  storage.RaftLogWorker (RaftLogWorker.java:execute(469)) - ffc7b071-00b3-4a69-8de5-2639a1a8d8ac-RaftLogWorker: created new log segment /opt/src/hadoop-ozone/integration-test/target/test-dir/MiniOzoneClusterImpl-a1c7246e-c692-4524-ad55-32b507b20431/datanode-0/data/ratis/4417d833-4fb6-4fa2-9413-6911e2d50cc5/current/log_inprogress_2879
2019-06-12 16:04:54,778 INFO  client.GrpcClientProtocolClient (GrpcClientProtocolClient.java:onNext(254)) - client-7F7296B99608->ffc7b071-00b3-4a69-8de5-2639a1a8d8ac: receive RaftClientReply:client-7F7296B99608->ffc7b071-00b3-4a69-8de5-2639a1a8d8ac@group-6911E2D50CC5, cid=1669, SUCCESS, logIndex=2879, commits[ffc7b071-00b3-4a69-8de5-2639a1a8d8ac:c2879]
2019-06-12 16:04:54,781 INFO  client.GrpcClientProtocolClient (GrpcClientProtocolClient.java:onNext(254)) - client-7F7296B99608->ffc7b071-00b3-4a69-8de5-2639a1a8d8ac: receive RaftClientReply:client-7F7296B99608->ffc7b071-00b3-4a69-8de5-2639a1a8d8ac@group-6911E2D50CC5, cid=1670, SUCCESS, logIndex=2881, commits[ffc7b071-00b3-4a69-8de5-2639a1a8d8ac:c2881]
2019-06-12 16:04:54,782 INFO  client.GrpcClientProtocolClient (GrpcClientProtocolClient.java:onNext(254)) - client-7F7296B99608->ffc7b071-00b3-4a69-8de5-2639a1a8d8ac: receive RaftClientReply:client-7F7296B99608->ffc7b071-00b3-4a69-8de5-2639a1a8d8ac@group-6911E2D50CC5, cid=1671, SUCCESS, logIndex=2883, commits[ffc7b071-00b3-4a69-8de5-2639a1a8d8ac:c2884]
2019-06-12 16:04:54,783 INFO  client.GrpcClientProtocolClient (GrpcClientProtocolClient.java:onNext(254)) - client-7F7296B99608->ffc7b071-00b3-4a69-8de5-2639a1a8d8ac: receive RaftClientReply:client-7F7296B99608->ffc7b071-00b3-4a69-8de5-2639a1a8d8ac@group-6911E2D50CC5, cid=1672, SUCCESS, logIndex=2884, commits[ffc7b071-00b3-4a69-8de5-2639a1a8d8ac:c2884]
2019-06-12 16:04:54,791 INFO  client.GrpcClientProtocolClient (GrpcClientProtocolClient.java:onNext(254)) - client-7F7296B99608->ffc7b071-00b3-4a69-8de5-2639a1a8d8ac: receive RaftClientReply:client-7F7296B99608->ffc7b071-00b3-4a69-8de5-2639a1a8d8ac@group-6911E2D50CC5, cid=1673, SUCCESS, logIndex=2886, commits[ffc7b071-00b3-4a69-8de5-2639a1a8d8ac:c2886]
2019-06-12 16:04:54,792 INFO  client.GrpcClientProtocolClient (GrpcClientProtocolClient.java:onNext(254)) - client-7F7296B99608->ffc7b071-00b3-4a69-8de5-2639a1a8d8ac: receive RaftClientReply:client-7F7296B99608->ffc7b071-00b3-4a69-8de5-2639a1a8d8ac@group-6911E2D50CC5, cid=1674, SUCCESS, logIndex=2888, commits[ffc7b071-00b3-4a69-8de5-2639a1a8d8ac:c2888]
2019-06-12 16:04:54,794 INFO  client.GrpcClientProtocolClient (GrpcClientProtocolClient.java:onNext(254)) - client-7F7296B99608->ffc7b071-00b3-4a69-8de5-2639a1a8d8ac: receive RaftClientReply:client-7F7296B99608->ffc7b071-00b3-4a69-8de5-2639a1a8d8ac@group-6911E2D50CC5, cid=1675, SUCCESS, logIndex=2889, commits[ffc7b071-00b3-4a69-8de5-2639a1a8d8ac:c2891]
2019-06-12 16:04:54,794 INFO  client.GrpcClientProtocolClient (GrpcClientProtocolClient.java:onNext(254)) - client-7F7296B99608->ffc7b071-00b3-4a69-8de5-2639a1a8d8ac: receive RaftClientReply:client-7F7296B99608->ffc7b071-00b3-4a69-8de5-2639a1a8d8ac@group-6911E2D50CC5, cid=1676, SUCCESS, logIndex=2890, commits[ffc7b071-00b3-4a69-8de5-2639a1a8d8ac:c2891]
2019-06-12 16:04:54,799 INFO  client.GrpcClientProtocolClient (GrpcClientProtocolClient.java:onNext(254)) - client-7F7296B99608->ffc7b071-00b3-4a69-8de5-2639a1a8d8ac: receive RaftClientReply:client-7F7296B99608->ffc7b071-00b3-4a69-8de5-2639a1a8d8ac@group-6911E2D50CC5, cid=1677, SUCCESS, logIndex=2892, commits[ffc7b071-00b3-4a69-8de5-2639a1a8d8ac:c2892]
2019-06-12 16:04:54,800 INFO  client.GrpcClientProtocolClient (GrpcClientProtocolClient.java:onNext(254)) - client-7F7296B99608->ffc7b071-00b3-4a69-8de5-2639a1a8d8ac: receive RaftClientReply:client-7F7296B99608->ffc7b071-00b3-4a69-8de5-2639a1a8d8ac@group-6911E2D50CC5, cid=1678, SUCCESS, logIndex=2894, commits[ffc7b071-00b3-4a69-8de5-2639a1a8d8ac:c2894]
2019-06-12 16:04:54,813 DEBUG block.SCMBlockDeletingService (SCMBlockDeletingService.java:call(138)) - Running DeletedBlockTransactionScanner
2019-06-12 16:04:54,814 DEBUG block.SCMBlockDeletingService (SCMBlockDeletingService.java:call(155)) - Scanned deleted blocks log and got 0 delTX to process.
2019-06-12 16:04:54,868 INFO  client.GrpcClientProtocolClient (GrpcClientProtocolClient.java:onNext(254)) - client-7F7296B99608->ffc7b071-00b3-4a69-8de5-2639a1a8d8ac: receive RaftClientReply:client-7F7296B99608->ffc7b071-00b3-4a69-8de5-2639a1a8d8ac@group-6911E2D50CC5, cid=1679, SUCCESS, logIndex=2896, commits[ffc7b071-00b3-4a69-8de5-2639a1a8d8ac:c2896]
2019-06-12 16:04:54,869 INFO  client.GrpcClientProtocolClient (GrpcClientProtocolClient.java:onNext(254)) - client-7F7296B99608->ffc7b071-00b3-4a69-8de5-2639a1a8d8ac: receive RaftClientReply:client-7F7296B99608->ffc7b071-00b3-4a69-8de5-2639a1a8d8ac@group-6911E2D50CC5, cid=1680, SUCCESS, logIndex=2898, commits[ffc7b071-00b3-4a69-8de5-2639a1a8d8ac:c2898]
2019-06-12 16:04:54,882 INFO  client.GrpcClientProtocolClient (GrpcClientProtocolClient.java:onNext(254)) - client-7F7296B99608->ffc7b071-00b3-4a69-8de5-2639a1a8d8ac: receive RaftClientReply:client-7F7296B99608->ffc7b071-00b3-4a69-8de5-2639a1a8d8ac@group-6911E2D50CC5, cid=1681, SUCCESS, logIndex=2900, commits[ffc7b071-00b3-4a69-8de5-2639a1a8d8ac:c2900]
2019-06-12 16:04:54,884 INFO  client.GrpcClientProtocolClient (GrpcClientProtocolClient.java:onNext(254)) - client-7F7296B99608->ffc7b071-00b3-4a69-8de5-2639a1a8d8ac: receive RaftClientReply:client-7F7296B99608->ffc7b071-00b3-4a69-8de5-2639a1a8d8ac@group-6911E2D50CC5, cid=1682, SUCCESS, logIndex=2902, commits[ffc7b071-00b3-4a69-8de5-2639a1a8d8ac:c2904]
2019-06-12 16:04:54,885 INFO  client.GrpcClientProtocolClient (GrpcClientProtocolClient.java:onNext(254)) - client-7F7296B99608->ffc7b071-00b3-4a69-8de5-2639a1a8d8ac: receive RaftClientReply:client-7F7296B99608->ffc7b071-00b3-4a69-8de5-2639a1a8d8ac@group-6911E2D50CC5, cid=1683, SUCCESS, logIndex=2903, commits[ffc7b071-00b3-4a69-8de5-2639a1a8d8ac:c2904]
2019-06-12 16:04:54,885 INFO  client.GrpcClientProtocolClient (GrpcClientProtocolClient.java:onNext(254)) - client-7F7296B99608->ffc7b071-00b3-4a69-8de5-2639a1a8d8ac: receive RaftClientReply:client-7F7296B99608->ffc7b071-00b3-4a69-8de5-2639a1a8d8ac@group-6911E2D50CC5, cid=1684, SUCCESS, logIndex=2904, commits[ffc7b071-00b3-4a69-8de5-2639a1a8d8ac:c2904]
2019-06-12 16:04:54,890 INFO  client.GrpcClientProtocolClient (GrpcClientProtocolClient.java:onNext(254)) - client-7F7296B99608->ffc7b071-00b3-4a69-8de5-2639a1a8d8ac: receive RaftClientReply:client-7F7296B99608->ffc7b071-00b3-4a69-8de5-2639a1a8d8ac@group-6911E2D50CC5, cid=1685, SUCCESS, logIndex=2906, commits[ffc7b071-00b3-4a69-8de5-2639a1a8d8ac:c2906]
2019-06-12 16:04:54,891 INFO  client.GrpcClientProtocolClient (GrpcClientProtocolClient.java:onNext(254)) - client-7F7296B99608->ffc7b071-00b3-4a69-8de5-2639a1a8d8ac: receive RaftClientReply:client-7F7296B99608->ffc7b071-00b3-4a69-8de5-2639a1a8d8ac@group-6911E2D50CC5, cid=1686, SUCCESS, logIndex=2908, commits[ffc7b071-00b3-4a69-8de5-2639a1a8d8ac:c2908]
2019-06-12 16:04:54,893 INFO  client.GrpcClientProtocolClient (GrpcClientProtocolClient.java:onNext(254)) - client-7F7296B99608->ffc7b071-00b3-4a69-8de5-2639a1a8d8ac: receive RaftClientReply:client-7F7296B99608->ffc7b071-00b3-4a69-8de5-2639a1a8d8ac@group-6911E2D50CC5, cid=1687, SUCCESS, logIndex=2910, commits[ffc7b071-00b3-4a69-8de5-2639a1a8d8ac:c2911]
2019-06-12 16:04:54,894 INFO  client.GrpcClientProtocolClient (GrpcClientProtocolClient.java:onNext(254)) - client-7F7296B99608->ffc7b071-00b3-4a69-8de5-2639a1a8d8ac: receive RaftClientReply:client-7F7296B99608->ffc7b071-00b3-4a69-8de5-2639a1a8d8ac@group-6911E2D50CC5, cid=1688, SUCCESS, logIndex=2911, commits[ffc7b071-00b3-4a69-8de5-2639a1a8d8ac:c2911]
2019-06-12 16:04:54,917 DEBUG block.SCMBlockDeletingService (SCMBlockDeletingService.java:call(138)) - Running DeletedBlockTransactionScanner
2019-06-12 16:04:54,918 DEBUG block.SCMBlockDeletingService (SCMBlockDeletingService.java:call(155)) - Scanned deleted blocks log and got 0 delTX to process.
2019-06-12 16:04:54,918 INFO  client.GrpcClientProtocolClient (GrpcClientProtocolClient.java:onNext(254)) - client-7F7296B99608->ffc7b071-00b3-4a69-8de5-2639a1a8d8ac: receive RaftClientReply:client-7F7296B99608->ffc7b071-00b3-4a69-8de5-2639a1a8d8ac@group-6911E2D50CC5, cid=1689, SUCCESS, logIndex=2913, commits[ffc7b071-00b3-4a69-8de5-2639a1a8d8ac:c2914]
2019-06-12 16:04:54,918 INFO  client.GrpcClientProtocolClient (GrpcClientProtocolClient.java:onNext(254)) - client-7F7296B99608->ffc7b071-00b3-4a69-8de5-2639a1a8d8ac: receive RaftClientReply:client-7F7296B99608->ffc7b071-00b3-4a69-8de5-2639a1a8d8ac@group-6911E2D50CC5, cid=1690, SUCCESS, logIndex=2915, commits[ffc7b071-00b3-4a69-8de5-2639a1a8d8ac:c2915]
2019-06-12 16:04:54,919 INFO  client.GrpcClientProtocolClient (GrpcClientProtocolClient.java:onNext(254)) - client-7F7296B99608->ffc7b071-00b3-4a69-8de5-2639a1a8d8ac: receive RaftClientReply:client-7F7296B99608->ffc7b071-00b3-4a69-8de5-2639a1a8d8ac@group-6911E2D50CC5, cid=1691, SUCCESS, logIndex=2916, commits[ffc7b071-00b3-4a69-8de5-2639a1a8d8ac:c2917]
2019-06-12 16:04:54,919 INFO  client.GrpcClientProtocolClient (GrpcClientProtocolClient.java:onNext(254)) - client-7F7296B99608->ffc7b071-00b3-4a69-8de5-2639a1a8d8ac: receive RaftClientReply:client-7F7296B99608->ffc7b071-00b3-4a69-8de5-2639a1a8d8ac@group-6911E2D50CC5, cid=1692, SUCCESS, logIndex=2917, commits[ffc7b071-00b3-4a69-8de5-2639a1a8d8ac:c2917]
2019-06-12 16:04:54,925 INFO  client.GrpcClientProtocolClient (GrpcClientProtocolClient.java:onNext(254)) - client-7F7296B99608->ffc7b071-00b3-4a69-8de5-2639a1a8d8ac: receive RaftClientReply:client-7F7296B99608->ffc7b071-00b3-4a69-8de5-2639a1a8d8ac@group-6911E2D50CC5, cid=1693, SUCCESS, logIndex=2920, commits[ffc7b071-00b3-4a69-8de5-2639a1a8d8ac:c2920]
2019-06-12 16:04:54,927 INFO  client.GrpcClientProtocolClient (GrpcClientProtocolClient.java:onNext(254)) - client-7F7296B99608->ffc7b071-00b3-4a69-8de5-2639a1a8d8ac: receive RaftClientReply:client-7F7296B99608->ffc7b071-00b3-4a69-8de5-2639a1a8d8ac@group-6911E2D50CC5, cid=1694, SUCCESS, logIndex=2922, commits[ffc7b071-00b3-4a69-8de5-2639a1a8d8ac:c2922]
2019-06-12 16:04:54,928 INFO  client.GrpcClientProtocolClient (GrpcClientProtocolClient.java:onNext(254)) - client-7F7296B99608->ffc7b071-00b3-4a69-8de5-2639a1a8d8ac: receive RaftClientReply:client-7F7296B99608->ffc7b071-00b3-4a69-8de5-2639a1a8d8ac@group-6911E2D50CC5, cid=1695, SUCCESS, logIndex=2923, commits[ffc7b071-00b3-4a69-8de5-2639a1a8d8ac:c2923]
2019-06-12 16:04:54,929 INFO  client.GrpcClientProtocolClient (GrpcClientProtocolClient.java:onNext(254)) - client-7F7296B99608->ffc7b071-00b3-4a69-8de5-2639a1a8d8ac: receive RaftClientReply:client-7F7296B99608->ffc7b071-00b3-4a69-8de5-2639a1a8d8ac@group-6911E2D50CC5, cid=1696, SUCCESS, logIndex=2926, commits[ffc7b071-00b3-4a69-8de5-2639a1a8d8ac:c2926]
2019-06-12 16:04:54,938 INFO  client.GrpcClientProtocolClient (GrpcClientProtocolClient.java:onNext(254)) - client-7F7296B99608->ffc7b071-00b3-4a69-8de5-2639a1a8d8ac: receive RaftClientReply:client-7F7296B99608->ffc7b071-00b3-4a69-8de5-2639a1a8d8ac@group-6911E2D50CC5, cid=1697, SUCCESS, logIndex=2928, commits[ffc7b071-00b3-4a69-8de5-2639a1a8d8ac:c2928]
2019-06-12 16:04:54,940 INFO  client.GrpcClientProtocolClient (GrpcClientProtocolClient.java:onNext(254)) - client-7F7296B99608->ffc7b071-00b3-4a69-8de5-2639a1a8d8ac: receive RaftClientReply:client-7F7296B99608->ffc7b071-00b3-4a69-8de5-2639a1a8d8ac@group-6911E2D50CC5, cid=1698, SUCCESS, logIndex=2930, commits[ffc7b071-00b3-4a69-8de5-2639a1a8d8ac:c2930]
2019-06-12 16:04:54,940 INFO  client.GrpcClientProtocolClient (GrpcClientProtocolClient.java:onNext(254)) - client-7F7296B99608->ffc7b071-00b3-4a69-8de5-2639a1a8d8ac: receive RaftClientReply:client-7F7296B99608->ffc7b071-00b3-4a69-8de5-2639a1a8d8ac@group-6911E2D50CC5, cid=1699, SUCCESS, logIndex=2931, commits[ffc7b071-00b3-4a69-8de5-2639a1a8d8ac:c2931]
2019-06-12 16:04:54,941 INFO  client.GrpcClientProtocolClient (GrpcClientProtocolClient.java:onNext(254)) - client-7F7296B99608->ffc7b071-00b3-4a69-8de5-2639a1a8d8ac: receive RaftClientReply:client-7F7296B99608->ffc7b071-00b3-4a69-8de5-2639a1a8d8ac@group-6911E2D50CC5, cid=1700, SUCCESS, logIndex=2933, commits[ffc7b071-00b3-4a69-8de5-2639a1a8d8ac:c2933]
2019-06-12 16:04:54,948 INFO  client.GrpcClientProtocolClient (GrpcClientProtocolClient.java:onNext(254)) - client-7F7296B99608->ffc7b071-00b3-4a69-8de5-2639a1a8d8ac: receive RaftClientReply:client-7F7296B99608->ffc7b071-00b3-4a69-8de5-2639a1a8d8ac@group-6911E2D50CC5, cid=1701, SUCCESS, logIndex=2936, commits[ffc7b071-00b3-4a69-8de5-2639a1a8d8ac:c2936]
2019-06-12 16:04:54,950 INFO  client.GrpcClientProtocolClient (GrpcClientProtocolClient.java:onNext(254)) - client-7F7296B99608->ffc7b071-00b3-4a69-8de5-2639a1a8d8ac: receive RaftClientReply:client-7F7296B99608->ffc7b071-00b3-4a69-8de5-2639a1a8d8ac@group-6911E2D50CC5, cid=1702, SUCCESS, logIndex=2938, commits[ffc7b071-00b3-4a69-8de5-2639a1a8d8ac:c2938]
2019-06-12 16:04:54,951 INFO  client.GrpcClientProtocolClient (GrpcClientProtocolClient.java:onNext(254)) - client-7F7296B99608->ffc7b071-00b3-4a69-8de5-2639a1a8d8ac: receive RaftClientReply:client-7F7296B99608->ffc7b071-00b3-4a69-8de5-2639a1a8d8ac@group-6911E2D50CC5, cid=1703, SUCCESS, logIndex=2939, commits[ffc7b071-00b3-4a69-8de5-2639a1a8d8ac:c2940]
2019-06-12 16:04:54,952 INFO  client.GrpcClientProtocolClient (GrpcClientProtocolClient.java:onNext(254)) - client-7F7296B99608->ffc7b071-00b3-4a69-8de5-2639a1a8d8ac: receive RaftClientReply:client-7F7296B99608->ffc7b071-00b3-4a69-8de5-2639a1a8d8ac@group-6911E2D50CC5, cid=1704, SUCCESS, logIndex=2940, commits[ffc7b071-00b3-4a69-8de5-2639a1a8d8ac:c2941]
2019-06-12 16:04:54,966 INFO  client.GrpcClientProtocolClient (GrpcClientProtocolClient.java:onNext(254)) - client-7F7296B99608->ffc7b071-00b3-4a69-8de5-2639a1a8d8ac: receive RaftClientReply:client-7F7296B99608->ffc7b071-00b3-4a69-8de5-2639a1a8d8ac@group-6911E2D50CC5, cid=1705, SUCCESS, logIndex=2943, commits[ffc7b071-00b3-4a69-8de5-2639a1a8d8ac:c2943]
2019-06-12 16:04:54,968 INFO  client.GrpcClientProtocolClient (GrpcClientProtocolClient.java:onNext(254)) - client-7F7296B99608->ffc7b071-00b3-4a69-8de5-2639a1a8d8ac: receive RaftClientReply:client-7F7296B99608->ffc7b071-00b3-4a69-8de5-2639a1a8d8ac@group-6911E2D50CC5, cid=1706, SUCCESS, logIndex=2945, commits[ffc7b071-00b3-4a69-8de5-2639a1a8d8ac:c2945]
2019-06-12 16:04:54,968 INFO  client.GrpcClientProtocolClient (GrpcClientProtocolClient.java:onNext(254)) - client-7F7296B99608->ffc7b071-00b3-4a69-8de5-2639a1a8d8ac: receive RaftClientReply:client-7F7296B99608->ffc7b071-00b3-4a69-8de5-2639a1a8d8ac@group-6911E2D50CC5, cid=1707, SUCCESS, logIndex=2946, commits[ffc7b071-00b3-4a69-8de5-2639a1a8d8ac:c2948]
2019-06-12 16:04:54,975 INFO  client.GrpcClientProtocolClient (GrpcClientProtocolClient.java:onNext(254)) - client-7F7296B99608->ffc7b071-00b3-4a69-8de5-2639a1a8d8ac: receive RaftClientReply:client-7F7296B99608->ffc7b071-00b3-4a69-8de5-2639a1a8d8ac@group-6911E2D50CC5, cid=1708, SUCCESS, logIndex=2947, commits[ffc7b071-00b3-4a69-8de5-2639a1a8d8ac:c2948]
2019-06-12 16:04:54,982 INFO  client.GrpcClientProtocolClient (GrpcClientProtocolClient.java:onNext(254)) - client-7F7296B99608->ffc7b071-00b3-4a69-8de5-2639a1a8d8ac: receive RaftClientReply:client-7F7296B99608->ffc7b071-00b3-4a69-8de5-2639a1a8d8ac@group-6911E2D50CC5, cid=1709, SUCCESS, logIndex=2949, commits[ffc7b071-00b3-4a69-8de5-2639a1a8d8ac:c2949]
2019-06-12 16:04:54,983 INFO  storage.RaftLogWorker (RaftLogWorker.java:rollLogSegment(303)) - ffc7b071-00b3-4a69-8de5-2639a1a8d8ac-RaftLogWorker: Rolling segment log-2879_2952 to index:2952
2019-06-12 16:04:54,984 INFO  storage.RaftLogWorker (RaftLogWorker.java:execute(433)) - ffc7b071-00b3-4a69-8de5-2639a1a8d8ac-RaftLogWorker: Rolled log segment from /opt/src/hadoop-ozone/integration-test/target/test-dir/MiniOzoneClusterImpl-a1c7246e-c692-4524-ad55-32b507b20431/datanode-0/data/ratis/4417d833-4fb6-4fa2-9413-6911e2d50cc5/current/log_inprogress_2879 to /opt/src/hadoop-ozone/integration-test/target/test-dir/MiniOzoneClusterImpl-a1c7246e-c692-4524-ad55-32b507b20431/datanode-0/data/ratis/4417d833-4fb6-4fa2-9413-6911e2d50cc5/current/log_2879-2952
2019-06-12 16:04:54,987 INFO  client.GrpcClientProtocolClient (GrpcClientProtocolClient.java:onNext(254)) - client-7F7296B99608->ffc7b071-00b3-4a69-8de5-2639a1a8d8ac: receive RaftClientReply:client-7F7296B99608->ffc7b071-00b3-4a69-8de5-2639a1a8d8ac@group-6911E2D50CC5, cid=1710, SUCCESS, logIndex=2951, commits[ffc7b071-00b3-4a69-8de5-2639a1a8d8ac:c2951]
2019-06-12 16:04:54,987 INFO  client.GrpcClientProtocolClient (GrpcClientProtocolClient.java:onNext(254)) - client-7F7296B99608->ffc7b071-00b3-4a69-8de5-2639a1a8d8ac: receive RaftClientReply:client-7F7296B99608->ffc7b071-00b3-4a69-8de5-2639a1a8d8ac@group-6911E2D50CC5, cid=1711, SUCCESS, logIndex=2952, commits[ffc7b071-00b3-4a69-8de5-2639a1a8d8ac:c2952]
2019-06-12 16:04:55,018 DEBUG block.SCMBlockDeletingService (SCMBlockDeletingService.java:call(138)) - Running DeletedBlockTransactionScanner
2019-06-12 16:04:55,018 DEBUG block.SCMBlockDeletingService (SCMBlockDeletingService.java:call(155)) - Scanned deleted blocks log and got 0 delTX to process.
2019-06-12 16:04:55,022 INFO  storage.RaftLogWorker (RaftLogWorker.java:execute(469)) - ffc7b071-00b3-4a69-8de5-2639a1a8d8ac-RaftLogWorker: created new log segment /opt/src/hadoop-ozone/integration-test/target/test-dir/MiniOzoneClusterImpl-a1c7246e-c692-4524-ad55-32b507b20431/datanode-0/data/ratis/4417d833-4fb6-4fa2-9413-6911e2d50cc5/current/log_inprogress_2953
2019-06-12 16:04:55,023 INFO  client.GrpcClientProtocolClient (GrpcClientProtocolClient.java:onNext(254)) - client-7F7296B99608->ffc7b071-00b3-4a69-8de5-2639a1a8d8ac: receive RaftClientReply:client-7F7296B99608->ffc7b071-00b3-4a69-8de5-2639a1a8d8ac@group-6911E2D50CC5, cid=1712, SUCCESS, logIndex=2953, commits[ffc7b071-00b3-4a69-8de5-2639a1a8d8ac:c2955]
2019-06-12 16:04:55,032 INFO  client.GrpcClientProtocolClient (GrpcClientProtocolClient.java:onNext(254)) - client-7F7296B99608->ffc7b071-00b3-4a69-8de5-2639a1a8d8ac: receive RaftClientReply:client-7F7296B99608->ffc7b071-00b3-4a69-8de5-2639a1a8d8ac@group-6911E2D50CC5, cid=1713, SUCCESS, logIndex=2956, commits[ffc7b071-00b3-4a69-8de5-2639a1a8d8ac:c2956]
2019-06-12 16:04:55,034 INFO  client.GrpcClientProtocolClient (GrpcClientProtocolClient.java:onNext(254)) - client-7F7296B99608->ffc7b071-00b3-4a69-8de5-2639a1a8d8ac: receive RaftClientReply:client-7F7296B99608->ffc7b071-00b3-4a69-8de5-2639a1a8d8ac@group-6911E2D50CC5, cid=1714, SUCCESS, logIndex=2958, commits[ffc7b071-00b3-4a69-8de5-2639a1a8d8ac:c2958]
2019-06-12 16:04:55,035 INFO  client.GrpcClientProtocolClient (GrpcClientProtocolClient.java:onNext(254)) - client-7F7296B99608->ffc7b071-00b3-4a69-8de5-2639a1a8d8ac: receive RaftClientReply:client-7F7296B99608->ffc7b071-00b3-4a69-8de5-2639a1a8d8ac@group-6911E2D50CC5, cid=1715, SUCCESS, logIndex=2959, commits[ffc7b071-00b3-4a69-8de5-2639a1a8d8ac:c2961]
2019-06-12 16:04:55,035 INFO  client.GrpcClientProtocolClient (GrpcClientProtocolClient.java:onNext(254)) - client-7F7296B99608->ffc7b071-00b3-4a69-8de5-2639a1a8d8ac: receive RaftClientReply:client-7F7296B99608->ffc7b071-00b3-4a69-8de5-2639a1a8d8ac@group-6911E2D50CC5, cid=1716, SUCCESS, logIndex=2960, commits[ffc7b071-00b3-4a69-8de5-2639a1a8d8ac:c2961]
2019-06-12 16:04:55,040 INFO  client.GrpcClientProtocolClient (GrpcClientProtocolClient.java:onNext(254)) - client-7F7296B99608->ffc7b071-00b3-4a69-8de5-2639a1a8d8ac: receive RaftClientReply:client-7F7296B99608->ffc7b071-00b3-4a69-8de5-2639a1a8d8ac@group-6911E2D50CC5, cid=1717, SUCCESS, logIndex=2962, commits[ffc7b071-00b3-4a69-8de5-2639a1a8d8ac:c2962]
2019-06-12 16:04:55,041 INFO  client.GrpcClientProtocolClient (GrpcClientProtocolClient.java:onNext(254)) - client-7F7296B99608->ffc7b071-00b3-4a69-8de5-2639a1a8d8ac: receive RaftClientReply:client-7F7296B99608->ffc7b071-00b3-4a69-8de5-2639a1a8d8ac@group-6911E2D50CC5, cid=1718, SUCCESS, logIndex=2964, commits[ffc7b071-00b3-4a69-8de5-2639a1a8d8ac:c2964]
2019-06-12 16:04:55,043 INFO  client.GrpcClientProtocolClient (GrpcClientProtocolClient.java:onNext(254)) - client-7F7296B99608->ffc7b071-00b3-4a69-8de5-2639a1a8d8ac: receive RaftClientReply:client-7F7296B99608->ffc7b071-00b3-4a69-8de5-2639a1a8d8ac@group-6911E2D50CC5, cid=1719, SUCCESS, logIndex=2965, commits[ffc7b071-00b3-4a69-8de5-2639a1a8d8ac:c2967]
2019-06-12 16:04:55,046 INFO  client.GrpcClientProtocolClient (GrpcClientProtocolClient.java:onNext(254)) - client-7F7296B99608->ffc7b071-00b3-4a69-8de5-2639a1a8d8ac: receive RaftClientReply:client-7F7296B99608->ffc7b071-00b3-4a69-8de5-2639a1a8d8ac@group-6911E2D50CC5, cid=1720, SUCCESS, logIndex=2966, commits[ffc7b071-00b3-4a69-8de5-2639a1a8d8ac:c2967]
2019-06-12 16:04:55,055 INFO  client.GrpcClientProtocolClient (GrpcClientProtocolClient.java:onNext(254)) - client-7F7296B99608->ffc7b071-00b3-4a69-8de5-2639a1a8d8ac: receive RaftClientReply:client-7F7296B99608->ffc7b071-00b3-4a69-8de5-2639a1a8d8ac@group-6911E2D50CC5, cid=1721, SUCCESS, logIndex=2968, commits[ffc7b071-00b3-4a69-8de5-2639a1a8d8ac:c2968]
2019-06-12 16:04:55,057 INFO  client.GrpcClientProtocolClient (GrpcClientProtocolClient.java:onNext(254)) - client-7F7296B99608->ffc7b071-00b3-4a69-8de5-2639a1a8d8ac: receive RaftClientReply:client-7F7296B99608->ffc7b071-00b3-4a69-8de5-2639a1a8d8ac@group-6911E2D50CC5, cid=1722, SUCCESS, logIndex=2970, commits[ffc7b071-00b3-4a69-8de5-2639a1a8d8ac:c2970]
2019-06-12 16:04:55,058 INFO  client.GrpcClientProtocolClient (GrpcClientProtocolClient.java:onNext(254)) - client-7F7296B99608->ffc7b071-00b3-4a69-8de5-2639a1a8d8ac: receive RaftClientReply:client-7F7296B99608->ffc7b071-00b3-4a69-8de5-2639a1a8d8ac@group-6911E2D50CC5, cid=1723, SUCCESS, logIndex=2971, commits[ffc7b071-00b3-4a69-8de5-2639a1a8d8ac:c2973]
2019-06-12 16:04:55,058 INFO  client.GrpcClientProtocolClient (GrpcClientProtocolClient.java:onNext(254)) - client-7F7296B99608->ffc7b071-00b3-4a69-8de5-2639a1a8d8ac: receive RaftClientReply:client-7F7296B99608->ffc7b071-00b3-4a69-8de5-2639a1a8d8ac@group-6911E2D50CC5, cid=1724, SUCCESS, logIndex=2972, commits[ffc7b071-00b3-4a69-8de5-2639a1a8d8ac:c2973]
2019-06-12 16:04:55,118 DEBUG block.SCMBlockDeletingService (SCMBlockDeletingService.java:call(138)) - Running DeletedBlockTransactionScanner
2019-06-12 16:04:55,119 DEBUG block.SCMBlockDeletingService (SCMBlockDeletingService.java:call(155)) - Scanned deleted blocks log and got 0 delTX to process.
2019-06-12 16:04:55,378 DEBUG block.SCMBlockDeletingService (SCMBlockDeletingService.java:call(138)) - Running DeletedBlockTransactionScanner
2019-06-12 16:04:55,378 DEBUG block.SCMBlockDeletingService (SCMBlockDeletingService.java:call(155)) - Scanned deleted blocks log and got 0 delTX to process.
2019-06-12 16:04:55,392 INFO  client.GrpcClientProtocolClient (GrpcClientProtocolClient.java:onNext(254)) - client-7F7296B99608->ffc7b071-00b3-4a69-8de5-2639a1a8d8ac: receive RaftClientReply:client-7F7296B99608->ffc7b071-00b3-4a69-8de5-2639a1a8d8ac@group-6911E2D50CC5, cid=1725, SUCCESS, logIndex=2974, commits[ffc7b071-00b3-4a69-8de5-2639a1a8d8ac:c2974]
2019-06-12 16:04:55,399 INFO  client.GrpcClientProtocolClient (GrpcClientProtocolClient.java:onNext(254)) - client-7F7296B99608->ffc7b071-00b3-4a69-8de5-2639a1a8d8ac: receive RaftClientReply:client-7F7296B99608->ffc7b071-00b3-4a69-8de5-2639a1a8d8ac@group-6911E2D50CC5, cid=1726, SUCCESS, logIndex=2976, commits[ffc7b071-00b3-4a69-8de5-2639a1a8d8ac:c2976]
2019-06-12 16:04:55,399 INFO  client.GrpcClientProtocolClient (GrpcClientProtocolClient.java:onNext(254)) - client-7F7296B99608->ffc7b071-00b3-4a69-8de5-2639a1a8d8ac: receive RaftClientReply:client-7F7296B99608->ffc7b071-00b3-4a69-8de5-2639a1a8d8ac@group-6911E2D50CC5, cid=1727, SUCCESS, logIndex=2977, commits[ffc7b071-00b3-4a69-8de5-2639a1a8d8ac:c2979]
2019-06-12 16:04:55,400 INFO  client.GrpcClientProtocolClient (GrpcClientProtocolClient.java:onNext(254)) - client-7F7296B99608->ffc7b071-00b3-4a69-8de5-2639a1a8d8ac: receive RaftClientReply:client-7F7296B99608->ffc7b071-00b3-4a69-8de5-2639a1a8d8ac@group-6911E2D50CC5, cid=1728, SUCCESS, logIndex=2978, commits[ffc7b071-00b3-4a69-8de5-2639a1a8d8ac:c2979]
2019-06-12 16:04:55,416 INFO  client.GrpcClientProtocolClient (GrpcClientProtocolClient.java:onNext(254)) - client-7F7296B99608->ffc7b071-00b3-4a69-8de5-2639a1a8d8ac: receive RaftClientReply:client-7F7296B99608->ffc7b071-00b3-4a69-8de5-2639a1a8d8ac@group-6911E2D50CC5, cid=1729, SUCCESS, logIndex=2980, commits[ffc7b071-00b3-4a69-8de5-2639a1a8d8ac:c2980]
2019-06-12 16:04:55,417 INFO  client.GrpcClientProtocolClient (GrpcClientProtocolClient.java:onNext(254)) - client-7F7296B99608->ffc7b071-00b3-4a69-8de5-2639a1a8d8ac: receive RaftClientReply:client-7F7296B99608->ffc7b071-00b3-4a69-8de5-2639a1a8d8ac@group-6911E2D50CC5, cid=1730, SUCCESS, logIndex=2982, commits[ffc7b071-00b3-4a69-8de5-2639a1a8d8ac:c2982]
2019-06-12 16:04:55,418 INFO  client.GrpcClientProtocolClient (GrpcClientProtocolClient.java:onNext(254)) - client-7F7296B99608->ffc7b071-00b3-4a69-8de5-2639a1a8d8ac: receive RaftClientReply:client-7F7296B99608->ffc7b071-00b3-4a69-8de5-2639a1a8d8ac@group-6911E2D50CC5, cid=1731, SUCCESS, logIndex=2983, commits[ffc7b071-00b3-4a69-8de5-2639a1a8d8ac:c2985]
2019-06-12 16:04:55,418 INFO  client.GrpcClientProtocolClient (GrpcClientProtocolClient.java:onNext(254)) - client-7F7296B99608->ffc7b071-00b3-4a69-8de5-2639a1a8d8ac: receive RaftClientReply:client-7F7296B99608->ffc7b071-00b3-4a69-8de5-2639a1a8d8ac@group-6911E2D50CC5, cid=1732, SUCCESS, logIndex=2984, commits[ffc7b071-00b3-4a69-8de5-2639a1a8d8ac:c2985]
2019-06-12 16:04:55,424 INFO  client.GrpcClientProtocolClient (GrpcClientProtocolClient.java:onNext(254)) - client-7F7296B99608->ffc7b071-00b3-4a69-8de5-2639a1a8d8ac: receive RaftClientReply:client-7F7296B99608->ffc7b071-00b3-4a69-8de5-2639a1a8d8ac@group-6911E2D50CC5, cid=1733, SUCCESS, logIndex=2986, commits[ffc7b071-00b3-4a69-8de5-2639a1a8d8ac:c2986]
2019-06-12 16:04:55,427 INFO  client.GrpcClientProtocolClient (GrpcClientProtocolClient.java:onNext(254)) - client-7F7296B99608->ffc7b071-00b3-4a69-8de5-2639a1a8d8ac: receive RaftClientReply:client-7F7296B99608->ffc7b071-00b3-4a69-8de5-2639a1a8d8ac@group-6911E2D50CC5, cid=1734, SUCCESS, logIndex=2988, commits[ffc7b071-00b3-4a69-8de5-2639a1a8d8ac:c2988]
2019-06-12 16:04:55,427 INFO  client.GrpcClientProtocolClient (GrpcClientProtocolClient.java:onNext(254)) - client-7F7296B99608->ffc7b071-00b3-4a69-8de5-2639a1a8d8ac: receive RaftClientReply:client-7F7296B99608->ffc7b071-00b3-4a69-8de5-2639a1a8d8ac@group-6911E2D50CC5, cid=1735, SUCCESS, logIndex=2989, commits[ffc7b071-00b3-4a69-8de5-2639a1a8d8ac:c2991]
2019-06-12 16:04:55,428 INFO  client.GrpcClientProtocolClient (GrpcClientProtocolClient.java:onNext(254)) - client-7F7296B99608->ffc7b071-00b3-4a69-8de5-2639a1a8d8ac: receive RaftClientReply:client-7F7296B99608->ffc7b071-00b3-4a69-8de5-2639a1a8d8ac@group-6911E2D50CC5, cid=1736, SUCCESS, logIndex=2990, commits[ffc7b071-00b3-4a69-8de5-2639a1a8d8ac:c2991]
2019-06-12 16:04:55,438 INFO  client.GrpcClientProtocolClient (GrpcClientProtocolClient.java:onNext(254)) - client-7F7296B99608->ffc7b071-00b3-4a69-8de5-2639a1a8d8ac: receive RaftClientReply:client-7F7296B99608->ffc7b071-00b3-4a69-8de5-2639a1a8d8ac@group-6911E2D50CC5, cid=1737, SUCCESS, logIndex=2992, commits[ffc7b071-00b3-4a69-8de5-2639a1a8d8ac:c2992]
2019-06-12 16:04:55,440 INFO  client.GrpcClientProtocolClient (GrpcClientProtocolClient.java:onNext(254)) - client-7F7296B99608->ffc7b071-00b3-4a69-8de5-2639a1a8d8ac: receive RaftClientReply:client-7F7296B99608->ffc7b071-00b3-4a69-8de5-2639a1a8d8ac@group-6911E2D50CC5, cid=1738, SUCCESS, logIndex=2994, commits[ffc7b071-00b3-4a69-8de5-2639a1a8d8ac:c2994]
2019-06-12 16:04:55,440 INFO  client.GrpcClientProtocolClient (GrpcClientProtocolClient.java:onNext(254)) - client-7F7296B99608->ffc7b071-00b3-4a69-8de5-2639a1a8d8ac: receive RaftClientReply:client-7F7296B99608->ffc7b071-00b3-4a69-8de5-2639a1a8d8ac@group-6911E2D50CC5, cid=1739, SUCCESS, logIndex=2995, commits[ffc7b071-00b3-4a69-8de5-2639a1a8d8ac:c2997]
2019-06-12 16:04:55,441 INFO  client.GrpcClientProtocolClient (GrpcClientProtocolClient.java:onNext(254)) - client-7F7296B99608->ffc7b071-00b3-4a69-8de5-2639a1a8d8ac: receive RaftClientReply:client-7F7296B99608->ffc7b071-00b3-4a69-8de5-2639a1a8d8ac@group-6911E2D50CC5, cid=1740, SUCCESS, logIndex=2997, commits[ffc7b071-00b3-4a69-8de5-2639a1a8d8ac:c2997]
2019-06-12 16:04:55,446 INFO  client.GrpcClientProtocolClient (GrpcClientProtocolClient.java:onNext(254)) - client-7F7296B99608->ffc7b071-00b3-4a69-8de5-2639a1a8d8ac: receive RaftClientReply:client-7F7296B99608->ffc7b071-00b3-4a69-8de5-2639a1a8d8ac@group-6911E2D50CC5, cid=1741, SUCCESS, logIndex=2999, commits[ffc7b071-00b3-4a69-8de5-2639a1a8d8ac:c2999]
2019-06-12 16:04:55,450 INFO  client.GrpcClientProtocolClient (GrpcClientProtocolClient.java:onNext(254)) - client-7F7296B99608->ffc7b071-00b3-4a69-8de5-2639a1a8d8ac: receive RaftClientReply:client-7F7296B99608->ffc7b071-00b3-4a69-8de5-2639a1a8d8ac@group-6911E2D50CC5, cid=1742, SUCCESS, logIndex=3001, commits[ffc7b071-00b3-4a69-8de5-2639a1a8d8ac:c3003]
2019-06-12 16:04:55,450 INFO  client.GrpcClientProtocolClient (GrpcClientProtocolClient.java:onNext(254)) - client-7F7296B99608->ffc7b071-00b3-4a69-8de5-2639a1a8d8ac: receive RaftClientReply:client-7F7296B99608->ffc7b071-00b3-4a69-8de5-2639a1a8d8ac@group-6911E2D50CC5, cid=1743, SUCCESS, logIndex=3002, commits[ffc7b071-00b3-4a69-8de5-2639a1a8d8ac:c3003]
2019-06-12 16:04:55,451 INFO  client.GrpcClientProtocolClient (GrpcClientProtocolClient.java:onNext(254)) - client-7F7296B99608->ffc7b071-00b3-4a69-8de5-2639a1a8d8ac: receive RaftClientReply:client-7F7296B99608->ffc7b071-00b3-4a69-8de5-2639a1a8d8ac@group-6911E2D50CC5, cid=1744, SUCCESS, logIndex=3003, commits[ffc7b071-00b3-4a69-8de5-2639a1a8d8ac:c3004]
2019-06-12 16:04:55,461 INFO  client.GrpcClientProtocolClient (GrpcClientProtocolClient.java:onNext(254)) - client-7F7296B99608->ffc7b071-00b3-4a69-8de5-2639a1a8d8ac: receive RaftClientReply:client-7F7296B99608->ffc7b071-00b3-4a69-8de5-2639a1a8d8ac@group-6911E2D50CC5, cid=1745, SUCCESS, logIndex=3005, commits[ffc7b071-00b3-4a69-8de5-2639a1a8d8ac:c3005]
2019-06-12 16:04:55,464 INFO  client.GrpcClientProtocolClient (GrpcClientProtocolClient.java:onNext(254)) - client-7F7296B99608->ffc7b071-00b3-4a69-8de5-2639a1a8d8ac: receive RaftClientReply:client-7F7296B99608->ffc7b071-00b3-4a69-8de5-2639a1a8d8ac@group-6911E2D50CC5, cid=1746, SUCCESS, logIndex=3007, commits[ffc7b071-00b3-4a69-8de5-2639a1a8d8ac:c3007]
2019-06-12 16:04:55,464 INFO  client.GrpcClientProtocolClient (GrpcClientProtocolClient.java:onNext(254)) - client-7F7296B99608->ffc7b071-00b3-4a69-8de5-2639a1a8d8ac: receive RaftClientReply:client-7F7296B99608->ffc7b071-00b3-4a69-8de5-2639a1a8d8ac@group-6911E2D50CC5, cid=1747, SUCCESS, logIndex=3008, commits[ffc7b071-00b3-4a69-8de5-2639a1a8d8ac:c3009]
2019-06-12 16:04:55,465 INFO  client.GrpcClientProtocolClient (GrpcClientProtocolClient.java:onNext(254)) - client-7F7296B99608->ffc7b071-00b3-4a69-8de5-2639a1a8d8ac: receive RaftClientReply:client-7F7296B99608->ffc7b071-00b3-4a69-8de5-2639a1a8d8ac@group-6911E2D50CC5, cid=1748, SUCCESS, logIndex=3009, commits[ffc7b071-00b3-4a69-8de5-2639a1a8d8ac:c3009]
2019-06-12 16:04:55,471 INFO  client.GrpcClientProtocolClient (GrpcClientProtocolClient.java:onNext(254)) - client-7F7296B99608->ffc7b071-00b3-4a69-8de5-2639a1a8d8ac: receive RaftClientReply:client-7F7296B99608->ffc7b071-00b3-4a69-8de5-2639a1a8d8ac@group-6911E2D50CC5, cid=1749, SUCCESS, logIndex=3012, commits[ffc7b071-00b3-4a69-8de5-2639a1a8d8ac:c3013]
2019-06-12 16:04:55,473 INFO  client.GrpcClientProtocolClient (GrpcClientProtocolClient.java:onNext(254)) - client-7F7296B99608->ffc7b071-00b3-4a69-8de5-2639a1a8d8ac: receive RaftClientReply:client-7F7296B99608->ffc7b071-00b3-4a69-8de5-2639a1a8d8ac@group-6911E2D50CC5, cid=1750, SUCCESS, logIndex=3014, commits[ffc7b071-00b3-4a69-8de5-2639a1a8d8ac:c3014]
2019-06-12 16:04:55,474 INFO  client.GrpcClientProtocolClient (GrpcClientProtocolClient.java:onNext(254)) - client-7F7296B99608->ffc7b071-00b3-4a69-8de5-2639a1a8d8ac: receive RaftClientReply:client-7F7296B99608->ffc7b071-00b3-4a69-8de5-2639a1a8d8ac@group-6911E2D50CC5, cid=1751, SUCCESS, logIndex=3015, commits[ffc7b071-00b3-4a69-8de5-2639a1a8d8ac:c3017]
2019-06-12 16:04:55,474 INFO  client.GrpcClientProtocolClient (GrpcClientProtocolClient.java:onNext(254)) - client-7F7296B99608->ffc7b071-00b3-4a69-8de5-2639a1a8d8ac: receive RaftClientReply:client-7F7296B99608->ffc7b071-00b3-4a69-8de5-2639a1a8d8ac@group-6911E2D50CC5, cid=1752, SUCCESS, logIndex=3016, commits[ffc7b071-00b3-4a69-8de5-2639a1a8d8ac:c3017]
2019-06-12 16:04:55,479 DEBUG block.SCMBlockDeletingService (SCMBlockDeletingService.java:call(138)) - Running DeletedBlockTransactionScanner
2019-06-12 16:04:55,479 DEBUG block.SCMBlockDeletingService (SCMBlockDeletingService.java:call(155)) - Scanned deleted blocks log and got 0 delTX to process.
2019-06-12 16:04:55,484 INFO  client.GrpcClientProtocolClient (GrpcClientProtocolClient.java:onNext(254)) - client-7F7296B99608->ffc7b071-00b3-4a69-8de5-2639a1a8d8ac: receive RaftClientReply:client-7F7296B99608->ffc7b071-00b3-4a69-8de5-2639a1a8d8ac@group-6911E2D50CC5, cid=1753, SUCCESS, logIndex=3018, commits[ffc7b071-00b3-4a69-8de5-2639a1a8d8ac:c3018]
2019-06-12 16:04:55,484 INFO  storage.RaftLogWorker (RaftLogWorker.java:rollLogSegment(303)) - ffc7b071-00b3-4a69-8de5-2639a1a8d8ac-RaftLogWorker: Rolling segment log-2953_3020 to index:3020
2019-06-12 16:04:55,484 INFO  storage.RaftLogWorker (RaftLogWorker.java:execute(433)) - ffc7b071-00b3-4a69-8de5-2639a1a8d8ac-RaftLogWorker: Rolled log segment from /opt/src/hadoop-ozone/integration-test/target/test-dir/MiniOzoneClusterImpl-a1c7246e-c692-4524-ad55-32b507b20431/datanode-0/data/ratis/4417d833-4fb6-4fa2-9413-6911e2d50cc5/current/log_inprogress_2953 to /opt/src/hadoop-ozone/integration-test/target/test-dir/MiniOzoneClusterImpl-a1c7246e-c692-4524-ad55-32b507b20431/datanode-0/data/ratis/4417d833-4fb6-4fa2-9413-6911e2d50cc5/current/log_2953-3020
2019-06-12 16:04:55,487 INFO  client.GrpcClientProtocolClient (GrpcClientProtocolClient.java:onNext(254)) - client-7F7296B99608->ffc7b071-00b3-4a69-8de5-2639a1a8d8ac: receive RaftClientReply:client-7F7296B99608->ffc7b071-00b3-4a69-8de5-2639a1a8d8ac@group-6911E2D50CC5, cid=1754, SUCCESS, logIndex=3020, commits[ffc7b071-00b3-4a69-8de5-2639a1a8d8ac:c3020]
2019-06-12 16:04:55,520 INFO  storage.RaftLogWorker (RaftLogWorker.java:execute(469)) - ffc7b071-00b3-4a69-8de5-2639a1a8d8ac-RaftLogWorker: created new log segment /opt/src/hadoop-ozone/integration-test/target/test-dir/MiniOzoneClusterImpl-a1c7246e-c692-4524-ad55-32b507b20431/datanode-0/data/ratis/4417d833-4fb6-4fa2-9413-6911e2d50cc5/current/log_inprogress_3021
2019-06-12 16:04:55,521 INFO  client.GrpcClientProtocolClient (GrpcClientProtocolClient.java:onNext(254)) - client-7F7296B99608->ffc7b071-00b3-4a69-8de5-2639a1a8d8ac: receive RaftClientReply:client-7F7296B99608->ffc7b071-00b3-4a69-8de5-2639a1a8d8ac@group-6911E2D50CC5, cid=1755, SUCCESS, logIndex=3021, commits[ffc7b071-00b3-4a69-8de5-2639a1a8d8ac:c3023]
2019-06-12 16:04:55,522 INFO  client.GrpcClientProtocolClient (GrpcClientProtocolClient.java:onNext(254)) - client-7F7296B99608->ffc7b071-00b3-4a69-8de5-2639a1a8d8ac: receive RaftClientReply:client-7F7296B99608->ffc7b071-00b3-4a69-8de5-2639a1a8d8ac@group-6911E2D50CC5, cid=1756, SUCCESS, logIndex=3022, commits[ffc7b071-00b3-4a69-8de5-2639a1a8d8ac:c3023]
2019-06-12 16:04:55,528 INFO  client.GrpcClientProtocolClient (GrpcClientProtocolClient.java:onNext(254)) - client-7F7296B99608->ffc7b071-00b3-4a69-8de5-2639a1a8d8ac: receive RaftClientReply:client-7F7296B99608->ffc7b071-00b3-4a69-8de5-2639a1a8d8ac@group-6911E2D50CC5, cid=1757, SUCCESS, logIndex=3024, commits[ffc7b071-00b3-4a69-8de5-2639a1a8d8ac:c3024]
2019-06-12 16:04:55,529 INFO  client.GrpcClientProtocolClient (GrpcClientProtocolClient.java:onNext(254)) - client-7F7296B99608->ffc7b071-00b3-4a69-8de5-2639a1a8d8ac: receive RaftClientReply:client-7F7296B99608->ffc7b071-00b3-4a69-8de5-2639a1a8d8ac@group-6911E2D50CC5, cid=1758, SUCCESS, logIndex=3026, commits[ffc7b071-00b3-4a69-8de5-2639a1a8d8ac:c3026]
2019-06-12 16:04:55,530 INFO  client.GrpcClientProtocolClient (GrpcClientProtocolClient.java:onNext(254)) - client-7F7296B99608->ffc7b071-00b3-4a69-8de5-2639a1a8d8ac: receive RaftClientReply:client-7F7296B99608->ffc7b071-00b3-4a69-8de5-2639a1a8d8ac@group-6911E2D50CC5, cid=1759, SUCCESS, logIndex=3027, commits[ffc7b071-00b3-4a69-8de5-2639a1a8d8ac:c3029]
2019-06-12 16:04:55,530 INFO  client.GrpcClientProtocolClient (GrpcClientProtocolClient.java:onNext(254)) - client-7F7296B99608->ffc7b071-00b3-4a69-8de5-2639a1a8d8ac: receive RaftClientReply:client-7F7296B99608->ffc7b071-00b3-4a69-8de5-2639a1a8d8ac@group-6911E2D50CC5, cid=1760, SUCCESS, logIndex=3028, commits[ffc7b071-00b3-4a69-8de5-2639a1a8d8ac:c3029]
2019-06-12 16:04:55,540 INFO  client.GrpcClientProtocolClient (GrpcClientProtocolClient.java:onNext(254)) - client-7F7296B99608->ffc7b071-00b3-4a69-8de5-2639a1a8d8ac: receive RaftClientReply:client-7F7296B99608->ffc7b071-00b3-4a69-8de5-2639a1a8d8ac@group-6911E2D50CC5, cid=1761, SUCCESS, logIndex=3030, commits[ffc7b071-00b3-4a69-8de5-2639a1a8d8ac:c3030]
2019-06-12 16:04:55,541 INFO  client.GrpcClientProtocolClient (GrpcClientProtocolClient.java:onNext(254)) - client-7F7296B99608->ffc7b071-00b3-4a69-8de5-2639a1a8d8ac: receive RaftClientReply:client-7F7296B99608->ffc7b071-00b3-4a69-8de5-2639a1a8d8ac@group-6911E2D50CC5, cid=1762, SUCCESS, logIndex=3032, commits[ffc7b071-00b3-4a69-8de5-2639a1a8d8ac:c3032]
2019-06-12 16:04:55,544 INFO  client.GrpcClientProtocolClient (GrpcClientProtocolClient.java:onNext(254)) - client-7F7296B99608->ffc7b071-00b3-4a69-8de5-2639a1a8d8ac: receive RaftClientReply:client-7F7296B99608->ffc7b071-00b3-4a69-8de5-2639a1a8d8ac@group-6911E2D50CC5, cid=1763, SUCCESS, logIndex=3034, commits[ffc7b071-00b3-4a69-8de5-2639a1a8d8ac:c3035]
2019-06-12 16:04:55,544 INFO  client.GrpcClientProtocolClient (GrpcClientProtocolClient.java:onNext(254)) - client-7F7296B99608->ffc7b071-00b3-4a69-8de5-2639a1a8d8ac: receive RaftClientReply:client-7F7296B99608->ffc7b071-00b3-4a69-8de5-2639a1a8d8ac@group-6911E2D50CC5, cid=1764, SUCCESS, logIndex=3035, commits[ffc7b071-00b3-4a69-8de5-2639a1a8d8ac:c3035]
2019-06-12 16:04:55,549 INFO  client.GrpcClientProtocolClient (GrpcClientProtocolClient.java:onNext(254)) - client-7F7296B99608->ffc7b071-00b3-4a69-8de5-2639a1a8d8ac: receive RaftClientReply:client-7F7296B99608->ffc7b071-00b3-4a69-8de5-2639a1a8d8ac@group-6911E2D50CC5, cid=1765, SUCCESS, logIndex=3037, commits[ffc7b071-00b3-4a69-8de5-2639a1a8d8ac:c3037]
2019-06-12 16:04:55,551 INFO  client.GrpcClientProtocolClient (GrpcClientProtocolClient.java:onNext(254)) - client-7F7296B99608->ffc7b071-00b3-4a69-8de5-2639a1a8d8ac: receive RaftClientReply:client-7F7296B99608->ffc7b071-00b3-4a69-8de5-2639a1a8d8ac@group-6911E2D50CC5, cid=1766, SUCCESS, logIndex=3039, commits[ffc7b071-00b3-4a69-8de5-2639a1a8d8ac:c3039]
2019-06-12 16:04:55,552 INFO  client.GrpcClientProtocolClient (GrpcClientProtocolClient.java:onNext(254)) - client-7F7296B99608->ffc7b071-00b3-4a69-8de5-2639a1a8d8ac: receive RaftClientReply:client-7F7296B99608->ffc7b071-00b3-4a69-8de5-2639a1a8d8ac@group-6911E2D50CC5, cid=1767, SUCCESS, logIndex=3040, commits[ffc7b071-00b3-4a69-8de5-2639a1a8d8ac:c3042]
2019-06-12 16:04:55,552 INFO  client.GrpcClientProtocolClient (GrpcClientProtocolClient.java:onNext(254)) - client-7F7296B99608->ffc7b071-00b3-4a69-8de5-2639a1a8d8ac: receive RaftClientReply:client-7F7296B99608->ffc7b071-00b3-4a69-8de5-2639a1a8d8ac@group-6911E2D50CC5, cid=1768, SUCCESS, logIndex=3041, commits[ffc7b071-00b3-4a69-8de5-2639a1a8d8ac:c3042]
2019-06-12 16:04:55,579 DEBUG block.SCMBlockDeletingService (SCMBlockDeletingService.java:call(138)) - Running DeletedBlockTransactionScanner
2019-06-12 16:04:55,579 DEBUG block.SCMBlockDeletingService (SCMBlockDeletingService.java:call(155)) - Scanned deleted blocks log and got 0 delTX to process.
2019-06-12 16:04:55,629 INFO  client.GrpcClientProtocolClient (GrpcClientProtocolClient.java:onNext(254)) - client-7F7296B99608->ffc7b071-00b3-4a69-8de5-2639a1a8d8ac: receive RaftClientReply:client-7F7296B99608->ffc7b071-00b3-4a69-8de5-2639a1a8d8ac@group-6911E2D50CC5, cid=1769, SUCCESS, logIndex=3043, commits[ffc7b071-00b3-4a69-8de5-2639a1a8d8ac:c3043]
2019-06-12 16:04:55,630 INFO  client.GrpcClientProtocolClient (GrpcClientProtocolClient.java:onNext(254)) - client-7F7296B99608->ffc7b071-00b3-4a69-8de5-2639a1a8d8ac: receive RaftClientReply:client-7F7296B99608->ffc7b071-00b3-4a69-8de5-2639a1a8d8ac@group-6911E2D50CC5, cid=1770, SUCCESS, logIndex=3045, commits[ffc7b071-00b3-4a69-8de5-2639a1a8d8ac:c3045]
2019-06-12 16:04:55,632 INFO  client.GrpcClientProtocolClient (GrpcClientProtocolClient.java:onNext(254)) - client-7F7296B99608->ffc7b071-00b3-4a69-8de5-2639a1a8d8ac: receive RaftClientReply:client-7F7296B99608->ffc7b071-00b3-4a69-8de5-2639a1a8d8ac@group-6911E2D50CC5, cid=1771, SUCCESS, logIndex=3046, commits[ffc7b071-00b3-4a69-8de5-2639a1a8d8ac:c3048]
2019-06-12 16:04:55,632 INFO  client.GrpcClientProtocolClient (GrpcClientProtocolClient.java:onNext(254)) - client-7F7296B99608->ffc7b071-00b3-4a69-8de5-2639a1a8d8ac: receive RaftClientReply:client-7F7296B99608->ffc7b071-00b3-4a69-8de5-2639a1a8d8ac@group-6911E2D50CC5, cid=1772, SUCCESS, logIndex=3047, commits[ffc7b071-00b3-4a69-8de5-2639a1a8d8ac:c3048]
2019-06-12 16:04:55,637 INFO  client.GrpcClientProtocolClient (GrpcClientProtocolClient.java:onNext(254)) - client-7F7296B99608->ffc7b071-00b3-4a69-8de5-2639a1a8d8ac: receive RaftClientReply:client-7F7296B99608->ffc7b071-00b3-4a69-8de5-2639a1a8d8ac@group-6911E2D50CC5, cid=1773, SUCCESS, logIndex=3049, commits[ffc7b071-00b3-4a69-8de5-2639a1a8d8ac:c3049]
2019-06-12 16:04:55,638 INFO  client.GrpcClientProtocolClient (GrpcClientProtocolClient.java:onNext(254)) - client-7F7296B99608->ffc7b071-00b3-4a69-8de5-2639a1a8d8ac: receive RaftClientReply:client-7F7296B99608->ffc7b071-00b3-4a69-8de5-2639a1a8d8ac@group-6911E2D50CC5, cid=1774, SUCCESS, logIndex=3051, commits[ffc7b071-00b3-4a69-8de5-2639a1a8d8ac:c3051]
2019-06-12 16:04:55,639 INFO  client.GrpcClientProtocolClient (GrpcClientProtocolClient.java:onNext(254)) - client-7F7296B99608->ffc7b071-00b3-4a69-8de5-2639a1a8d8ac: receive RaftClientReply:client-7F7296B99608->ffc7b071-00b3-4a69-8de5-2639a1a8d8ac@group-6911E2D50CC5, cid=1775, SUCCESS, logIndex=3052, commits[ffc7b071-00b3-4a69-8de5-2639a1a8d8ac:c3054]
2019-06-12 16:04:55,639 INFO  client.GrpcClientProtocolClient (GrpcClientProtocolClient.java:onNext(254)) - client-7F7296B99608->ffc7b071-00b3-4a69-8de5-2639a1a8d8ac: receive RaftClientReply:client-7F7296B99608->ffc7b071-00b3-4a69-8de5-2639a1a8d8ac@group-6911E2D50CC5, cid=1776, SUCCESS, logIndex=3053, commits[ffc7b071-00b3-4a69-8de5-2639a1a8d8ac:c3054]
2019-06-12 16:04:55,650 INFO  client.GrpcClientProtocolClient (GrpcClientProtocolClient.java:onNext(254)) - client-7F7296B99608->ffc7b071-00b3-4a69-8de5-2639a1a8d8ac: receive RaftClientReply:client-7F7296B99608->ffc7b071-00b3-4a69-8de5-2639a1a8d8ac@group-6911E2D50CC5, cid=1777, SUCCESS, logIndex=3055, commits[ffc7b071-00b3-4a69-8de5-2639a1a8d8ac:c3055]
2019-06-12 16:04:55,654 INFO  client.GrpcClientProtocolClient (GrpcClientProtocolClient.java:onNext(254)) - client-7F7296B99608->ffc7b071-00b3-4a69-8de5-2639a1a8d8ac: receive RaftClientReply:client-7F7296B99608->ffc7b071-00b3-4a69-8de5-2639a1a8d8ac@group-6911E2D50CC5, cid=1778, SUCCESS, logIndex=3057, commits[ffc7b071-00b3-4a69-8de5-2639a1a8d8ac:c3057]
2019-06-12 16:04:55,655 INFO  client.GrpcClientProtocolClient (GrpcClientProtocolClient.java:onNext(254)) - client-7F7296B99608->ffc7b071-00b3-4a69-8de5-2639a1a8d8ac: receive RaftClientReply:client-7F7296B99608->ffc7b071-00b3-4a69-8de5-2639a1a8d8ac@group-6911E2D50CC5, cid=1779, SUCCESS, logIndex=3058, commits[ffc7b071-00b3-4a69-8de5-2639a1a8d8ac:c3060]
2019-06-12 16:04:55,655 INFO  client.GrpcClientProtocolClient (GrpcClientProtocolClient.java:onNext(254)) - client-7F7296B99608->ffc7b071-00b3-4a69-8de5-2639a1a8d8ac: receive RaftClientReply:client-7F7296B99608->ffc7b071-00b3-4a69-8de5-2639a1a8d8ac@group-6911E2D50CC5, cid=1780, SUCCESS, logIndex=3059, commits[ffc7b071-00b3-4a69-8de5-2639a1a8d8ac:c3060]
2019-06-12 16:04:55,660 INFO  client.GrpcClientProtocolClient (GrpcClientProtocolClient.java:onNext(254)) - client-7F7296B99608->ffc7b071-00b3-4a69-8de5-2639a1a8d8ac: receive RaftClientReply:client-7F7296B99608->ffc7b071-00b3-4a69-8de5-2639a1a8d8ac@group-6911E2D50CC5, cid=1781, SUCCESS, logIndex=3061, commits[ffc7b071-00b3-4a69-8de5-2639a1a8d8ac:c3061]
2019-06-12 16:04:55,662 INFO  client.GrpcClientProtocolClient (GrpcClientProtocolClient.java:onNext(254)) - client-7F7296B99608->ffc7b071-00b3-4a69-8de5-2639a1a8d8ac: receive RaftClientReply:client-7F7296B99608->ffc7b071-00b3-4a69-8de5-2639a1a8d8ac@group-6911E2D50CC5, cid=1782, SUCCESS, logIndex=3063, commits[ffc7b071-00b3-4a69-8de5-2639a1a8d8ac:c3063]
2019-06-12 16:04:55,663 INFO  client.GrpcClientProtocolClient (GrpcClientProtocolClient.java:onNext(254)) - client-7F7296B99608->ffc7b071-00b3-4a69-8de5-2639a1a8d8ac: receive RaftClientReply:client-7F7296B99608->ffc7b071-00b3-4a69-8de5-2639a1a8d8ac@group-6911E2D50CC5, cid=1783, SUCCESS, logIndex=3064, commits[ffc7b071-00b3-4a69-8de5-2639a1a8d8ac:c3066]
2019-06-12 16:04:55,663 INFO  client.GrpcClientProtocolClient (GrpcClientProtocolClient.java:onNext(254)) - client-7F7296B99608->ffc7b071-00b3-4a69-8de5-2639a1a8d8ac: receive RaftClientReply:client-7F7296B99608->ffc7b071-00b3-4a69-8de5-2639a1a8d8ac@group-6911E2D50CC5, cid=1784, SUCCESS, logIndex=3065, commits[ffc7b071-00b3-4a69-8de5-2639a1a8d8ac:c3066]
2019-06-12 16:04:55,674 INFO  client.GrpcClientProtocolClient (GrpcClientProtocolClient.java:onNext(254)) - client-7F7296B99608->ffc7b071-00b3-4a69-8de5-2639a1a8d8ac: receive RaftClientReply:client-7F7296B99608->ffc7b071-00b3-4a69-8de5-2639a1a8d8ac@group-6911E2D50CC5, cid=1785, SUCCESS, logIndex=3067, commits[ffc7b071-00b3-4a69-8de5-2639a1a8d8ac:c3067]
2019-06-12 16:04:55,676 INFO  client.GrpcClientProtocolClient (GrpcClientProtocolClient.java:onNext(254)) - client-7F7296B99608->ffc7b071-00b3-4a69-8de5-2639a1a8d8ac: receive RaftClientReply:client-7F7296B99608->ffc7b071-00b3-4a69-8de5-2639a1a8d8ac@group-6911E2D50CC5, cid=1786, SUCCESS, logIndex=3069, commits[ffc7b071-00b3-4a69-8de5-2639a1a8d8ac:c3069]
2019-06-12 16:04:55,677 INFO  client.GrpcClientProtocolClient (GrpcClientProtocolClient.java:onNext(254)) - client-7F7296B99608->ffc7b071-00b3-4a69-8de5-2639a1a8d8ac: receive RaftClientReply:client-7F7296B99608->ffc7b071-00b3-4a69-8de5-2639a1a8d8ac@group-6911E2D50CC5, cid=1787, SUCCESS, logIndex=3070, commits[ffc7b071-00b3-4a69-8de5-2639a1a8d8ac:c3072]
2019-06-12 16:04:55,677 INFO  client.GrpcClientProtocolClient (GrpcClientProtocolClient.java:onNext(254)) - client-7F7296B99608->ffc7b071-00b3-4a69-8de5-2639a1a8d8ac: receive RaftClientReply:client-7F7296B99608->ffc7b071-00b3-4a69-8de5-2639a1a8d8ac@group-6911E2D50CC5, cid=1788, SUCCESS, logIndex=3071, commits[ffc7b071-00b3-4a69-8de5-2639a1a8d8ac:c3072]
2019-06-12 16:04:55,680 DEBUG block.SCMBlockDeletingService (SCMBlockDeletingService.java:call(138)) - Running DeletedBlockTransactionScanner
2019-06-12 16:04:55,680 DEBUG block.SCMBlockDeletingService (SCMBlockDeletingService.java:call(155)) - Scanned deleted blocks log and got 0 delTX to process.
2019-06-12 16:04:55,684 INFO  client.GrpcClientProtocolClient (GrpcClientProtocolClient.java:onNext(254)) - client-7F7296B99608->ffc7b071-00b3-4a69-8de5-2639a1a8d8ac: receive RaftClientReply:client-7F7296B99608->ffc7b071-00b3-4a69-8de5-2639a1a8d8ac@group-6911E2D50CC5, cid=1789, SUCCESS, logIndex=3073, commits[ffc7b071-00b3-4a69-8de5-2639a1a8d8ac:c3073]
2019-06-12 16:04:55,687 INFO  client.GrpcClientProtocolClient (GrpcClientProtocolClient.java:onNext(254)) - client-7F7296B99608->ffc7b071-00b3-4a69-8de5-2639a1a8d8ac: receive RaftClientReply:client-7F7296B99608->ffc7b071-00b3-4a69-8de5-2639a1a8d8ac@group-6911E2D50CC5, cid=1790, SUCCESS, logIndex=3075, commits[ffc7b071-00b3-4a69-8de5-2639a1a8d8ac:c3075]
2019-06-12 16:04:55,687 INFO  client.GrpcClientProtocolClient (GrpcClientProtocolClient.java:onNext(254)) - client-7F7296B99608->ffc7b071-00b3-4a69-8de5-2639a1a8d8ac: receive RaftClientReply:client-7F7296B99608->ffc7b071-00b3-4a69-8de5-2639a1a8d8ac@group-6911E2D50CC5, cid=1791, SUCCESS, logIndex=3076, commits[ffc7b071-00b3-4a69-8de5-2639a1a8d8ac:c3076]
2019-06-12 16:04:55,688 INFO  client.GrpcClientProtocolClient (GrpcClientProtocolClient.java:onNext(254)) - client-7F7296B99608->ffc7b071-00b3-4a69-8de5-2639a1a8d8ac: receive RaftClientReply:client-7F7296B99608->ffc7b071-00b3-4a69-8de5-2639a1a8d8ac@group-6911E2D50CC5, cid=1792, SUCCESS, logIndex=3078, commits[ffc7b071-00b3-4a69-8de5-2639a1a8d8ac:c3078]
2019-06-12 16:04:55,699 INFO  client.GrpcClientProtocolClient (GrpcClientProtocolClient.java:onNext(254)) - client-7F7296B99608->ffc7b071-00b3-4a69-8de5-2639a1a8d8ac: receive RaftClientReply:client-7F7296B99608->ffc7b071-00b3-4a69-8de5-2639a1a8d8ac@group-6911E2D50CC5, cid=1793, SUCCESS, logIndex=3081, commits[ffc7b071-00b3-4a69-8de5-2639a1a8d8ac:c3081]
2019-06-12 16:04:55,706 INFO  client.GrpcClientProtocolClient (GrpcClientProtocolClient.java:onNext(254)) - client-7F7296B99608->ffc7b071-00b3-4a69-8de5-2639a1a8d8ac: receive RaftClientReply:client-7F7296B99608->ffc7b071-00b3-4a69-8de5-2639a1a8d8ac@group-6911E2D50CC5, cid=1794, SUCCESS, logIndex=3083, commits[ffc7b071-00b3-4a69-8de5-2639a1a8d8ac:c3083]
2019-06-12 16:04:55,707 INFO  client.GrpcClientProtocolClient (GrpcClientProtocolClient.java:onNext(254)) - client-7F7296B99608->ffc7b071-00b3-4a69-8de5-2639a1a8d8ac: receive RaftClientReply:client-7F7296B99608->ffc7b071-00b3-4a69-8de5-2639a1a8d8ac@group-6911E2D50CC5, cid=1795, SUCCESS, logIndex=3084, commits[ffc7b071-00b3-4a69-8de5-2639a1a8d8ac:c3086]
2019-06-12 16:04:55,710 INFO  client.GrpcClientProtocolClient (GrpcClientProtocolClient.java:onNext(254)) - client-7F7296B99608->ffc7b071-00b3-4a69-8de5-2639a1a8d8ac: receive RaftClientReply:client-7F7296B99608->ffc7b071-00b3-4a69-8de5-2639a1a8d8ac@group-6911E2D50CC5, cid=1796, SUCCESS, logIndex=3085, commits[ffc7b071-00b3-4a69-8de5-2639a1a8d8ac:c3086]
2019-06-12 16:04:55,716 INFO  client.GrpcClientProtocolClient (GrpcClientProtocolClient.java:onNext(254)) - client-7F7296B99608->ffc7b071-00b3-4a69-8de5-2639a1a8d8ac: receive RaftClientReply:client-7F7296B99608->ffc7b071-00b3-4a69-8de5-2639a1a8d8ac@group-6911E2D50CC5, cid=1797, SUCCESS, logIndex=3087, commits[ffc7b071-00b3-4a69-8de5-2639a1a8d8ac:c3087]
2019-06-12 16:04:55,716 INFO  storage.RaftLogWorker (RaftLogWorker.java:rollLogSegment(303)) - ffc7b071-00b3-4a69-8de5-2639a1a8d8ac-RaftLogWorker: Rolling segment log-3021_3088 to index:3088
2019-06-12 16:04:55,717 INFO  storage.RaftLogWorker (RaftLogWorker.java:execute(433)) - ffc7b071-00b3-4a69-8de5-2639a1a8d8ac-RaftLogWorker: Rolled log segment from /opt/src/hadoop-ozone/integration-test/target/test-dir/MiniOzoneClusterImpl-a1c7246e-c692-4524-ad55-32b507b20431/datanode-0/data/ratis/4417d833-4fb6-4fa2-9413-6911e2d50cc5/current/log_inprogress_3021 to /opt/src/hadoop-ozone/integration-test/target/test-dir/MiniOzoneClusterImpl-a1c7246e-c692-4524-ad55-32b507b20431/datanode-0/data/ratis/4417d833-4fb6-4fa2-9413-6911e2d50cc5/current/log_3021-3088
2019-06-12 16:04:55,752 INFO  storage.RaftLogWorker (RaftLogWorker.java:execute(469)) - ffc7b071-00b3-4a69-8de5-2639a1a8d8ac-RaftLogWorker: created new log segment /opt/src/hadoop-ozone/integration-test/target/test-dir/MiniOzoneClusterImpl-a1c7246e-c692-4524-ad55-32b507b20431/datanode-0/data/ratis/4417d833-4fb6-4fa2-9413-6911e2d50cc5/current/log_inprogress_3089
2019-06-12 16:04:55,753 INFO  client.GrpcClientProtocolClient (GrpcClientProtocolClient.java:onNext(254)) - client-7F7296B99608->ffc7b071-00b3-4a69-8de5-2639a1a8d8ac: receive RaftClientReply:client-7F7296B99608->ffc7b071-00b3-4a69-8de5-2639a1a8d8ac@group-6911E2D50CC5, cid=1798, SUCCESS, logIndex=3089, commits[ffc7b071-00b3-4a69-8de5-2639a1a8d8ac:c3091]
2019-06-12 16:04:55,754 INFO  client.GrpcClientProtocolClient (GrpcClientProtocolClient.java:onNext(254)) - client-7F7296B99608->ffc7b071-00b3-4a69-8de5-2639a1a8d8ac: receive RaftClientReply:client-7F7296B99608->ffc7b071-00b3-4a69-8de5-2639a1a8d8ac@group-6911E2D50CC5, cid=1799, SUCCESS, logIndex=3090, commits[ffc7b071-00b3-4a69-8de5-2639a1a8d8ac:c3092]
2019-06-12 16:04:55,754 INFO  client.GrpcClientProtocolClient (GrpcClientProtocolClient.java:onNext(254)) - client-7F7296B99608->ffc7b071-00b3-4a69-8de5-2639a1a8d8ac: receive RaftClientReply:client-7F7296B99608->ffc7b071-00b3-4a69-8de5-2639a1a8d8ac@group-6911E2D50CC5, cid=1800, SUCCESS, logIndex=3091, commits[ffc7b071-00b3-4a69-8de5-2639a1a8d8ac:c3092]
2019-06-12 16:04:55,763 INFO  client.GrpcClientProtocolClient (GrpcClientProtocolClient.java:onNext(254)) - client-7F7296B99608->ffc7b071-00b3-4a69-8de5-2639a1a8d8ac: receive RaftClientReply:client-7F7296B99608->ffc7b071-00b3-4a69-8de5-2639a1a8d8ac@group-6911E2D50CC5, cid=1801, SUCCESS, logIndex=3093, commits[ffc7b071-00b3-4a69-8de5-2639a1a8d8ac:c3093]
2019-06-12 16:04:55,764 INFO  client.GrpcClientProtocolClient (GrpcClientProtocolClient.java:onNext(254)) - client-7F7296B99608->ffc7b071-00b3-4a69-8de5-2639a1a8d8ac: receive RaftClientReply:client-7F7296B99608->ffc7b071-00b3-4a69-8de5-2639a1a8d8ac@group-6911E2D50CC5, cid=1802, SUCCESS, logIndex=3095, commits[ffc7b071-00b3-4a69-8de5-2639a1a8d8ac:c3095]
2019-06-12 16:04:55,765 INFO  client.GrpcClientProtocolClient (GrpcClientProtocolClient.java:onNext(254)) - client-7F7296B99608->ffc7b071-00b3-4a69-8de5-2639a1a8d8ac: receive RaftClientReply:client-7F7296B99608->ffc7b071-00b3-4a69-8de5-2639a1a8d8ac@group-6911E2D50CC5, cid=1803, SUCCESS, logIndex=3096, commits[ffc7b071-00b3-4a69-8de5-2639a1a8d8ac:c3098]
2019-06-12 16:04:55,765 INFO  client.GrpcClientProtocolClient (GrpcClientProtocolClient.java:onNext(254)) - client-7F7296B99608->ffc7b071-00b3-4a69-8de5-2639a1a8d8ac: receive RaftClientReply:client-7F7296B99608->ffc7b071-00b3-4a69-8de5-2639a1a8d8ac@group-6911E2D50CC5, cid=1804, SUCCESS, logIndex=3097, commits[ffc7b071-00b3-4a69-8de5-2639a1a8d8ac:c3098]
2019-06-12 16:04:55,770 INFO  client.GrpcClientProtocolClient (GrpcClientProtocolClient.java:onNext(254)) - client-7F7296B99608->ffc7b071-00b3-4a69-8de5-2639a1a8d8ac: receive RaftClientReply:client-7F7296B99608->ffc7b071-00b3-4a69-8de5-2639a1a8d8ac@group-6911E2D50CC5, cid=1805, SUCCESS, logIndex=3099, commits[ffc7b071-00b3-4a69-8de5-2639a1a8d8ac:c3099]
2019-06-12 16:04:55,774 INFO  client.GrpcClientProtocolClient (GrpcClientProtocolClient.java:onNext(254)) - client-7F7296B99608->ffc7b071-00b3-4a69-8de5-2639a1a8d8ac: receive RaftClientReply:client-7F7296B99608->ffc7b071-00b3-4a69-8de5-2639a1a8d8ac@group-6911E2D50CC5, cid=1806, SUCCESS, logIndex=3101, commits[ffc7b071-00b3-4a69-8de5-2639a1a8d8ac:c3101]
2019-06-12 16:04:55,774 INFO  client.GrpcClientProtocolClient (GrpcClientProtocolClient.java:onNext(254)) - client-7F7296B99608->ffc7b071-00b3-4a69-8de5-2639a1a8d8ac: receive RaftClientReply:client-7F7296B99608->ffc7b071-00b3-4a69-8de5-2639a1a8d8ac@group-6911E2D50CC5, cid=1807, SUCCESS, logIndex=3102, commits[ffc7b071-00b3-4a69-8de5-2639a1a8d8ac:c3104]
2019-06-12 16:04:55,775 INFO  client.GrpcClientProtocolClient (GrpcClientProtocolClient.java:onNext(254)) - client-7F7296B99608->ffc7b071-00b3-4a69-8de5-2639a1a8d8ac: receive RaftClientReply:client-7F7296B99608->ffc7b071-00b3-4a69-8de5-2639a1a8d8ac@group-6911E2D50CC5, cid=1808, SUCCESS, logIndex=3103, commits[ffc7b071-00b3-4a69-8de5-2639a1a8d8ac:c3104]
2019-06-12 16:04:55,781 DEBUG block.SCMBlockDeletingService (SCMBlockDeletingService.java:call(138)) - Running DeletedBlockTransactionScanner
2019-06-12 16:04:55,781 DEBUG block.SCMBlockDeletingService (SCMBlockDeletingService.java:call(155)) - Scanned deleted blocks log and got 0 delTX to process.
2019-06-12 16:04:55,784 INFO  client.GrpcClientProtocolClient (GrpcClientProtocolClient.java:onNext(254)) - client-7F7296B99608->ffc7b071-00b3-4a69-8de5-2639a1a8d8ac: receive RaftClientReply:client-7F7296B99608->ffc7b071-00b3-4a69-8de5-2639a1a8d8ac@group-6911E2D50CC5, cid=1809, SUCCESS, logIndex=3105, commits[ffc7b071-00b3-4a69-8de5-2639a1a8d8ac:c3105]
2019-06-12 16:04:55,786 INFO  client.GrpcClientProtocolClient (GrpcClientProtocolClient.java:onNext(254)) - client-7F7296B99608->ffc7b071-00b3-4a69-8de5-2639a1a8d8ac: receive RaftClientReply:client-7F7296B99608->ffc7b071-00b3-4a69-8de5-2639a1a8d8ac@group-6911E2D50CC5, cid=1810, SUCCESS, logIndex=3107, commits[ffc7b071-00b3-4a69-8de5-2639a1a8d8ac:c3107]
2019-06-12 16:04:55,786 INFO  client.GrpcClientProtocolClient (GrpcClientProtocolClient.java:onNext(254)) - client-7F7296B99608->ffc7b071-00b3-4a69-8de5-2639a1a8d8ac: receive RaftClientReply:client-7F7296B99608->ffc7b071-00b3-4a69-8de5-2639a1a8d8ac@group-6911E2D50CC5, cid=1811, SUCCESS, logIndex=3108, commits[ffc7b071-00b3-4a69-8de5-2639a1a8d8ac:c3110]
2019-06-12 16:04:55,787 INFO  client.GrpcClientProtocolClient (GrpcClientProtocolClient.java:onNext(254)) - client-7F7296B99608->ffc7b071-00b3-4a69-8de5-2639a1a8d8ac: receive RaftClientReply:client-7F7296B99608->ffc7b071-00b3-4a69-8de5-2639a1a8d8ac@group-6911E2D50CC5, cid=1812, SUCCESS, logIndex=3109, commits[ffc7b071-00b3-4a69-8de5-2639a1a8d8ac:c3110]
2019-06-12 16:04:55,881 DEBUG block.SCMBlockDeletingService (SCMBlockDeletingService.java:call(138)) - Running DeletedBlockTransactionScanner
2019-06-12 16:04:55,881 DEBUG block.SCMBlockDeletingService (SCMBlockDeletingService.java:call(155)) - Scanned deleted blocks log and got 0 delTX to process.
2019-06-12 16:04:55,897 INFO  client.GrpcClientProtocolClient (GrpcClientProtocolClient.java:onNext(254)) - client-7F7296B99608->ffc7b071-00b3-4a69-8de5-2639a1a8d8ac: receive RaftClientReply:client-7F7296B99608->ffc7b071-00b3-4a69-8de5-2639a1a8d8ac@group-6911E2D50CC5, cid=1813, SUCCESS, logIndex=3111, commits[ffc7b071-00b3-4a69-8de5-2639a1a8d8ac:c3111]
2019-06-12 16:04:55,900 INFO  client.GrpcClientProtocolClient (GrpcClientProtocolClient.java:onNext(254)) - client-7F7296B99608->ffc7b071-00b3-4a69-8de5-2639a1a8d8ac: receive RaftClientReply:client-7F7296B99608->ffc7b071-00b3-4a69-8de5-2639a1a8d8ac@group-6911E2D50CC5, cid=1814, SUCCESS, logIndex=3113, commits[ffc7b071-00b3-4a69-8de5-2639a1a8d8ac:c3113]
2019-06-12 16:04:55,900 INFO  client.GrpcClientProtocolClient (GrpcClientProtocolClient.java:onNext(254)) - client-7F7296B99608->ffc7b071-00b3-4a69-8de5-2639a1a8d8ac: receive RaftClientReply:client-7F7296B99608->ffc7b071-00b3-4a69-8de5-2639a1a8d8ac@group-6911E2D50CC5, cid=1815, SUCCESS, logIndex=3114, commits[ffc7b071-00b3-4a69-8de5-2639a1a8d8ac:c3115]
2019-06-12 16:04:55,901 INFO  client.GrpcClientProtocolClient (GrpcClientProtocolClient.java:onNext(254)) - client-7F7296B99608->ffc7b071-00b3-4a69-8de5-2639a1a8d8ac: receive RaftClientReply:client-7F7296B99608->ffc7b071-00b3-4a69-8de5-2639a1a8d8ac@group-6911E2D50CC5, cid=1816, SUCCESS, logIndex=3115, commits[ffc7b071-00b3-4a69-8de5-2639a1a8d8ac:c3116]
2019-06-12 16:04:55,909 INFO  client.GrpcClientProtocolClient (GrpcClientProtocolClient.java:onNext(254)) - client-7F7296B99608->ffc7b071-00b3-4a69-8de5-2639a1a8d8ac: receive RaftClientReply:client-7F7296B99608->ffc7b071-00b3-4a69-8de5-2639a1a8d8ac@group-6911E2D50CC5, cid=1817, SUCCESS, logIndex=3118, commits[ffc7b071-00b3-4a69-8de5-2639a1a8d8ac:c3118]
2019-06-12 16:04:55,910 INFO  client.GrpcClientProtocolClient (GrpcClientProtocolClient.java:onNext(254)) - client-7F7296B99608->ffc7b071-00b3-4a69-8de5-2639a1a8d8ac: receive RaftClientReply:client-7F7296B99608->ffc7b071-00b3-4a69-8de5-2639a1a8d8ac@group-6911E2D50CC5, cid=1818, SUCCESS, logIndex=3120, commits[ffc7b071-00b3-4a69-8de5-2639a1a8d8ac:c3120]
2019-06-12 16:04:55,911 INFO  client.GrpcClientProtocolClient (GrpcClientProtocolClient.java:onNext(254)) - client-7F7296B99608->ffc7b071-00b3-4a69-8de5-2639a1a8d8ac: receive RaftClientReply:client-7F7296B99608->ffc7b071-00b3-4a69-8de5-2639a1a8d8ac@group-6911E2D50CC5, cid=1819, SUCCESS, logIndex=3121, commits[ffc7b071-00b3-4a69-8de5-2639a1a8d8ac:c3123]
2019-06-12 16:04:55,912 INFO  client.GrpcClientProtocolClient (GrpcClientProtocolClient.java:onNext(254)) - client-7F7296B99608->ffc7b071-00b3-4a69-8de5-2639a1a8d8ac: receive RaftClientReply:client-7F7296B99608->ffc7b071-00b3-4a69-8de5-2639a1a8d8ac@group-6911E2D50CC5, cid=1820, SUCCESS, logIndex=3122, commits[ffc7b071-00b3-4a69-8de5-2639a1a8d8ac:c3123]
2019-06-12 16:04:55,917 INFO  client.GrpcClientProtocolClient (GrpcClientProtocolClient.java:onNext(254)) - client-7F7296B99608->ffc7b071-00b3-4a69-8de5-2639a1a8d8ac: receive RaftClientReply:client-7F7296B99608->ffc7b071-00b3-4a69-8de5-2639a1a8d8ac@group-6911E2D50CC5, cid=1821, SUCCESS, logIndex=3124, commits[ffc7b071-00b3-4a69-8de5-2639a1a8d8ac:c3124]
2019-06-12 16:04:55,918 INFO  client.GrpcClientProtocolClient (GrpcClientProtocolClient.java:onNext(254)) - client-7F7296B99608->ffc7b071-00b3-4a69-8de5-2639a1a8d8ac: receive RaftClientReply:client-7F7296B99608->ffc7b071-00b3-4a69-8de5-2639a1a8d8ac@group-6911E2D50CC5, cid=1822, SUCCESS, logIndex=3126, commits[ffc7b071-00b3-4a69-8de5-2639a1a8d8ac:c3126]
2019-06-12 16:04:55,919 INFO  client.GrpcClientProtocolClient (GrpcClientProtocolClient.java:onNext(254)) - client-7F7296B99608->ffc7b071-00b3-4a69-8de5-2639a1a8d8ac: receive RaftClientReply:client-7F7296B99608->ffc7b071-00b3-4a69-8de5-2639a1a8d8ac@group-6911E2D50CC5, cid=1823, SUCCESS, logIndex=3127, commits[ffc7b071-00b3-4a69-8de5-2639a1a8d8ac:c3129]
2019-06-12 16:04:55,920 INFO  client.GrpcClientProtocolClient (GrpcClientProtocolClient.java:onNext(254)) - client-7F7296B99608->ffc7b071-00b3-4a69-8de5-2639a1a8d8ac: receive RaftClientReply:client-7F7296B99608->ffc7b071-00b3-4a69-8de5-2639a1a8d8ac@group-6911E2D50CC5, cid=1824, SUCCESS, logIndex=3128, commits[ffc7b071-00b3-4a69-8de5-2639a1a8d8ac:c3129]
2019-06-12 16:04:55,930 INFO  client.GrpcClientProtocolClient (GrpcClientProtocolClient.java:onNext(254)) - client-7F7296B99608->ffc7b071-00b3-4a69-8de5-2639a1a8d8ac: receive RaftClientReply:client-7F7296B99608->ffc7b071-00b3-4a69-8de5-2639a1a8d8ac@group-6911E2D50CC5, cid=1825, SUCCESS, logIndex=3130, commits[ffc7b071-00b3-4a69-8de5-2639a1a8d8ac:c3130]
2019-06-12 16:04:55,934 INFO  client.GrpcClientProtocolClient (GrpcClientProtocolClient.java:onNext(254)) - client-7F7296B99608->ffc7b071-00b3-4a69-8de5-2639a1a8d8ac: receive RaftClientReply:client-7F7296B99608->ffc7b071-00b3-4a69-8de5-2639a1a8d8ac@group-6911E2D50CC5, cid=1826, SUCCESS, logIndex=3132, commits[ffc7b071-00b3-4a69-8de5-2639a1a8d8ac:c3132]
2019-06-12 16:04:55,938 INFO  client.GrpcClientProtocolClient (GrpcClientProtocolClient.java:onNext(254)) - client-7F7296B99608->ffc7b071-00b3-4a69-8de5-2639a1a8d8ac: receive RaftClientReply:client-7F7296B99608->ffc7b071-00b3-4a69-8de5-2639a1a8d8ac@group-6911E2D50CC5, cid=1827, SUCCESS, logIndex=3134, commits[ffc7b071-00b3-4a69-8de5-2639a1a8d8ac:c3135]
2019-06-12 16:04:55,938 INFO  client.GrpcClientProtocolClient (GrpcClientProtocolClient.java:onNext(254)) - client-7F7296B99608->ffc7b071-00b3-4a69-8de5-2639a1a8d8ac: receive RaftClientReply:client-7F7296B99608->ffc7b071-00b3-4a69-8de5-2639a1a8d8ac@group-6911E2D50CC5, cid=1828, SUCCESS, logIndex=3135, commits[ffc7b071-00b3-4a69-8de5-2639a1a8d8ac:c3136]
2019-06-12 16:04:55,944 INFO  client.GrpcClientProtocolClient (GrpcClientProtocolClient.java:onNext(254)) - client-7F7296B99608->ffc7b071-00b3-4a69-8de5-2639a1a8d8ac: receive RaftClientReply:client-7F7296B99608->ffc7b071-00b3-4a69-8de5-2639a1a8d8ac@group-6911E2D50CC5, cid=1829, SUCCESS, logIndex=3137, commits[ffc7b071-00b3-4a69-8de5-2639a1a8d8ac:c3137]
2019-06-12 16:04:55,946 INFO  client.GrpcClientProtocolClient (GrpcClientProtocolClient.java:onNext(254)) - client-7F7296B99608->ffc7b071-00b3-4a69-8de5-2639a1a8d8ac: receive RaftClientReply:client-7F7296B99608->ffc7b071-00b3-4a69-8de5-2639a1a8d8ac@group-6911E2D50CC5, cid=1830, SUCCESS, logIndex=3139, commits[ffc7b071-00b3-4a69-8de5-2639a1a8d8ac:c3139]
2019-06-12 16:04:55,947 INFO  client.GrpcClientProtocolClient (GrpcClientProtocolClient.java:onNext(254)) - client-7F7296B99608->ffc7b071-00b3-4a69-8de5-2639a1a8d8ac: receive RaftClientReply:client-7F7296B99608->ffc7b071-00b3-4a69-8de5-2639a1a8d8ac@group-6911E2D50CC5, cid=1831, SUCCESS, logIndex=3140, commits[ffc7b071-00b3-4a69-8de5-2639a1a8d8ac:c3140]
2019-06-12 16:04:55,948 INFO  client.GrpcClientProtocolClient (GrpcClientProtocolClient.java:onNext(254)) - client-7F7296B99608->ffc7b071-00b3-4a69-8de5-2639a1a8d8ac: receive RaftClientReply:client-7F7296B99608->ffc7b071-00b3-4a69-8de5-2639a1a8d8ac@group-6911E2D50CC5, cid=1832, SUCCESS, logIndex=3142, commits[ffc7b071-00b3-4a69-8de5-2639a1a8d8ac:c3143]
2019-06-12 16:04:55,956 INFO  client.GrpcClientProtocolClient (GrpcClientProtocolClient.java:onNext(254)) - client-7F7296B99608->ffc7b071-00b3-4a69-8de5-2639a1a8d8ac: receive RaftClientReply:client-7F7296B99608->ffc7b071-00b3-4a69-8de5-2639a1a8d8ac@group-6911E2D50CC5, cid=1833, SUCCESS, logIndex=3144, commits[ffc7b071-00b3-4a69-8de5-2639a1a8d8ac:c3144]
2019-06-12 16:04:55,957 INFO  client.GrpcClientProtocolClient (GrpcClientProtocolClient.java:onNext(254)) - client-7F7296B99608->ffc7b071-00b3-4a69-8de5-2639a1a8d8ac: receive RaftClientReply:client-7F7296B99608->ffc7b071-00b3-4a69-8de5-2639a1a8d8ac@group-6911E2D50CC5, cid=1834, SUCCESS, logIndex=3146, commits[ffc7b071-00b3-4a69-8de5-2639a1a8d8ac:c3146]
2019-06-12 16:04:55,959 INFO  client.GrpcClientProtocolClient (GrpcClientProtocolClient.java:onNext(254)) - client-7F7296B99608->ffc7b071-00b3-4a69-8de5-2639a1a8d8ac: receive RaftClientReply:client-7F7296B99608->ffc7b071-00b3-4a69-8de5-2639a1a8d8ac@group-6911E2D50CC5, cid=1835, SUCCESS, logIndex=3147, commits[ffc7b071-00b3-4a69-8de5-2639a1a8d8ac:c3149]
2019-06-12 16:04:55,959 INFO  client.GrpcClientProtocolClient (GrpcClientProtocolClient.java:onNext(254)) - client-7F7296B99608->ffc7b071-00b3-4a69-8de5-2639a1a8d8ac: receive RaftClientReply:client-7F7296B99608->ffc7b071-00b3-4a69-8de5-2639a1a8d8ac@group-6911E2D50CC5, cid=1836, SUCCESS, logIndex=3148, commits[ffc7b071-00b3-4a69-8de5-2639a1a8d8ac:c3149]
2019-06-12 16:04:55,964 INFO  client.GrpcClientProtocolClient (GrpcClientProtocolClient.java:onNext(254)) - client-7F7296B99608->ffc7b071-00b3-4a69-8de5-2639a1a8d8ac: receive RaftClientReply:client-7F7296B99608->ffc7b071-00b3-4a69-8de5-2639a1a8d8ac@group-6911E2D50CC5, cid=1837, SUCCESS, logIndex=3150, commits[ffc7b071-00b3-4a69-8de5-2639a1a8d8ac:c3150]
2019-06-12 16:04:55,965 INFO  client.GrpcClientProtocolClient (GrpcClientProtocolClient.java:onNext(254)) - client-7F7296B99608->ffc7b071-00b3-4a69-8de5-2639a1a8d8ac: receive RaftClientReply:client-7F7296B99608->ffc7b071-00b3-4a69-8de5-2639a1a8d8ac@group-6911E2D50CC5, cid=1838, SUCCESS, logIndex=3152, commits[ffc7b071-00b3-4a69-8de5-2639a1a8d8ac:c3152]
2019-06-12 16:04:55,967 INFO  client.GrpcClientProtocolClient (GrpcClientProtocolClient.java:onNext(254)) - client-7F7296B99608->ffc7b071-00b3-4a69-8de5-2639a1a8d8ac: receive RaftClientReply:client-7F7296B99608->ffc7b071-00b3-4a69-8de5-2639a1a8d8ac@group-6911E2D50CC5, cid=1839, SUCCESS, logIndex=3153, commits[ffc7b071-00b3-4a69-8de5-2639a1a8d8ac:c3155]
2019-06-12 16:04:55,967 INFO  client.GrpcClientProtocolClient (GrpcClientProtocolClient.java:onNext(254)) - client-7F7296B99608->ffc7b071-00b3-4a69-8de5-2639a1a8d8ac: receive RaftClientReply:client-7F7296B99608->ffc7b071-00b3-4a69-8de5-2639a1a8d8ac@group-6911E2D50CC5, cid=1840, SUCCESS, logIndex=3154, commits[ffc7b071-00b3-4a69-8de5-2639a1a8d8ac:c3155]
2019-06-12 16:04:55,974 INFO  storage.RaftLogWorker (RaftLogWorker.java:rollLogSegment(303)) - ffc7b071-00b3-4a69-8de5-2639a1a8d8ac-RaftLogWorker: Rolling segment log-3089_3155 to index:3155
2019-06-12 16:04:55,974 INFO  storage.RaftLogWorker (RaftLogWorker.java:execute(433)) - ffc7b071-00b3-4a69-8de5-2639a1a8d8ac-RaftLogWorker: Rolled log segment from /opt/src/hadoop-ozone/integration-test/target/test-dir/MiniOzoneClusterImpl-a1c7246e-c692-4524-ad55-32b507b20431/datanode-0/data/ratis/4417d833-4fb6-4fa2-9413-6911e2d50cc5/current/log_inprogress_3089 to /opt/src/hadoop-ozone/integration-test/target/test-dir/MiniOzoneClusterImpl-a1c7246e-c692-4524-ad55-32b507b20431/datanode-0/data/ratis/4417d833-4fb6-4fa2-9413-6911e2d50cc5/current/log_3089-3155
2019-06-12 16:04:55,981 DEBUG block.SCMBlockDeletingService (SCMBlockDeletingService.java:call(138)) - Running DeletedBlockTransactionScanner
2019-06-12 16:04:55,982 DEBUG block.SCMBlockDeletingService (SCMBlockDeletingService.java:call(155)) - Scanned deleted blocks log and got 0 delTX to process.
2019-06-12 16:04:56,017 INFO  storage.RaftLogWorker (RaftLogWorker.java:execute(469)) - ffc7b071-00b3-4a69-8de5-2639a1a8d8ac-RaftLogWorker: created new log segment /opt/src/hadoop-ozone/integration-test/target/test-dir/MiniOzoneClusterImpl-a1c7246e-c692-4524-ad55-32b507b20431/datanode-0/data/ratis/4417d833-4fb6-4fa2-9413-6911e2d50cc5/current/log_inprogress_3156
2019-06-12 16:04:56,019 INFO  client.GrpcClientProtocolClient (GrpcClientProtocolClient.java:onNext(254)) - client-7F7296B99608->ffc7b071-00b3-4a69-8de5-2639a1a8d8ac: receive RaftClientReply:client-7F7296B99608->ffc7b071-00b3-4a69-8de5-2639a1a8d8ac@group-6911E2D50CC5, cid=1841, SUCCESS, logIndex=3156, commits[ffc7b071-00b3-4a69-8de5-2639a1a8d8ac:c3156]
2019-06-12 16:04:56,020 INFO  client.GrpcClientProtocolClient (GrpcClientProtocolClient.java:onNext(254)) - client-7F7296B99608->ffc7b071-00b3-4a69-8de5-2639a1a8d8ac: receive RaftClientReply:client-7F7296B99608->ffc7b071-00b3-4a69-8de5-2639a1a8d8ac@group-6911E2D50CC5, cid=1842, SUCCESS, logIndex=3158, commits[ffc7b071-00b3-4a69-8de5-2639a1a8d8ac:c3158]
2019-06-12 16:04:56,021 INFO  client.GrpcClientProtocolClient (GrpcClientProtocolClient.java:onNext(254)) - client-7F7296B99608->ffc7b071-00b3-4a69-8de5-2639a1a8d8ac: receive RaftClientReply:client-7F7296B99608->ffc7b071-00b3-4a69-8de5-2639a1a8d8ac@group-6911E2D50CC5, cid=1843, SUCCESS, logIndex=3159, commits[ffc7b071-00b3-4a69-8de5-2639a1a8d8ac:c3161]
2019-06-12 16:04:56,022 INFO  client.GrpcClientProtocolClient (GrpcClientProtocolClient.java:onNext(254)) - client-7F7296B99608->ffc7b071-00b3-4a69-8de5-2639a1a8d8ac: receive RaftClientReply:client-7F7296B99608->ffc7b071-00b3-4a69-8de5-2639a1a8d8ac@group-6911E2D50CC5, cid=1844, SUCCESS, logIndex=3160, commits[ffc7b071-00b3-4a69-8de5-2639a1a8d8ac:c3161]
2019-06-12 16:04:56,028 INFO  client.GrpcClientProtocolClient (GrpcClientProtocolClient.java:onNext(254)) - client-7F7296B99608->ffc7b071-00b3-4a69-8de5-2639a1a8d8ac: receive RaftClientReply:client-7F7296B99608->ffc7b071-00b3-4a69-8de5-2639a1a8d8ac@group-6911E2D50CC5, cid=1845, SUCCESS, logIndex=3162, commits[ffc7b071-00b3-4a69-8de5-2639a1a8d8ac:c3162]
2019-06-12 16:04:56,029 INFO  client.GrpcClientProtocolClient (GrpcClientProtocolClient.java:onNext(254)) - client-7F7296B99608->ffc7b071-00b3-4a69-8de5-2639a1a8d8ac: receive RaftClientReply:client-7F7296B99608->ffc7b071-00b3-4a69-8de5-2639a1a8d8ac@group-6911E2D50CC5, cid=1846, SUCCESS, logIndex=3164, commits[ffc7b071-00b3-4a69-8de5-2639a1a8d8ac:c3164]
2019-06-12 16:04:56,031 INFO  client.GrpcClientProtocolClient (GrpcClientProtocolClient.java:onNext(254)) - client-7F7296B99608->ffc7b071-00b3-4a69-8de5-2639a1a8d8ac: receive RaftClientReply:client-7F7296B99608->ffc7b071-00b3-4a69-8de5-2639a1a8d8ac@group-6911E2D50CC5, cid=1847, SUCCESS, logIndex=3165, commits[ffc7b071-00b3-4a69-8de5-2639a1a8d8ac:c3167]
2019-06-12 16:04:56,031 INFO  client.GrpcClientProtocolClient (GrpcClientProtocolClient.java:onNext(254)) - client-7F7296B99608->ffc7b071-00b3-4a69-8de5-2639a1a8d8ac: receive RaftClientReply:client-7F7296B99608->ffc7b071-00b3-4a69-8de5-2639a1a8d8ac@group-6911E2D50CC5, cid=1848, SUCCESS, logIndex=3166, commits[ffc7b071-00b3-4a69-8de5-2639a1a8d8ac:c3167]
2019-06-12 16:04:56,040 INFO  client.GrpcClientProtocolClient (GrpcClientProtocolClient.java:onNext(254)) - client-7F7296B99608->ffc7b071-00b3-4a69-8de5-2639a1a8d8ac: receive RaftClientReply:client-7F7296B99608->ffc7b071-00b3-4a69-8de5-2639a1a8d8ac@group-6911E2D50CC5, cid=1849, SUCCESS, logIndex=3168, commits[ffc7b071-00b3-4a69-8de5-2639a1a8d8ac:c3168]
2019-06-12 16:04:56,042 INFO  client.GrpcClientProtocolClient (GrpcClientProtocolClient.java:onNext(254)) - client-7F7296B99608->ffc7b071-00b3-4a69-8de5-2639a1a8d8ac: receive RaftClientReply:client-7F7296B99608->ffc7b071-00b3-4a69-8de5-2639a1a8d8ac@group-6911E2D50CC5, cid=1850, SUCCESS, logIndex=3170, commits[ffc7b071-00b3-4a69-8de5-2639a1a8d8ac:c3170]
2019-06-12 16:04:56,043 INFO  client.GrpcClientProtocolClient (GrpcClientProtocolClient.java:onNext(254)) - client-7F7296B99608->ffc7b071-00b3-4a69-8de5-2639a1a8d8ac: receive RaftClientReply:client-7F7296B99608->ffc7b071-00b3-4a69-8de5-2639a1a8d8ac@group-6911E2D50CC5, cid=1851, SUCCESS, logIndex=3171, commits[ffc7b071-00b3-4a69-8de5-2639a1a8d8ac:c3172]
2019-06-12 16:04:56,043 INFO  client.GrpcClientProtocolClient (GrpcClientProtocolClient.java:onNext(254)) - client-7F7296B99608->ffc7b071-00b3-4a69-8de5-2639a1a8d8ac: receive RaftClientReply:client-7F7296B99608->ffc7b071-00b3-4a69-8de5-2639a1a8d8ac@group-6911E2D50CC5, cid=1852, SUCCESS, logIndex=3172, commits[ffc7b071-00b3-4a69-8de5-2639a1a8d8ac:c3172]
2019-06-12 16:04:56,048 INFO  client.GrpcClientProtocolClient (GrpcClientProtocolClient.java:onNext(254)) - client-7F7296B99608->ffc7b071-00b3-4a69-8de5-2639a1a8d8ac: receive RaftClientReply:client-7F7296B99608->ffc7b071-00b3-4a69-8de5-2639a1a8d8ac@group-6911E2D50CC5, cid=1853, SUCCESS, logIndex=3175, commits[ffc7b071-00b3-4a69-8de5-2639a1a8d8ac:c3175]
2019-06-12 16:04:56,051 INFO  client.GrpcClientProtocolClient (GrpcClientProtocolClient.java:onNext(254)) - client-7F7296B99608->ffc7b071-00b3-4a69-8de5-2639a1a8d8ac: receive RaftClientReply:client-7F7296B99608->ffc7b071-00b3-4a69-8de5-2639a1a8d8ac@group-6911E2D50CC5, cid=1854, SUCCESS, logIndex=3177, commits[ffc7b071-00b3-4a69-8de5-2639a1a8d8ac:c3179]
2019-06-12 16:04:56,051 INFO  client.GrpcClientProtocolClient (GrpcClientProtocolClient.java:onNext(254)) - client-7F7296B99608->ffc7b071-00b3-4a69-8de5-2639a1a8d8ac: receive RaftClientReply:client-7F7296B99608->ffc7b071-00b3-4a69-8de5-2639a1a8d8ac@group-6911E2D50CC5, cid=1855, SUCCESS, logIndex=3178, commits[ffc7b071-00b3-4a69-8de5-2639a1a8d8ac:c3179]
2019-06-12 16:04:56,051 INFO  client.GrpcClientProtocolClient (GrpcClientProtocolClient.java:onNext(254)) - client-7F7296B99608->ffc7b071-00b3-4a69-8de5-2639a1a8d8ac: receive RaftClientReply:client-7F7296B99608->ffc7b071-00b3-4a69-8de5-2639a1a8d8ac@group-6911E2D50CC5, cid=1856, SUCCESS, logIndex=3179, commits[ffc7b071-00b3-4a69-8de5-2639a1a8d8ac:c3180]
2019-06-12 16:04:56,082 DEBUG block.SCMBlockDeletingService (SCMBlockDeletingService.java:call(138)) - Running DeletedBlockTransactionScanner
2019-06-12 16:04:56,082 DEBUG block.SCMBlockDeletingService (SCMBlockDeletingService.java:call(155)) - Scanned deleted blocks log and got 0 delTX to process.
2019-06-12 16:04:56,126 INFO  client.GrpcClientProtocolClient (GrpcClientProtocolClient.java:onNext(254)) - client-7F7296B99608->ffc7b071-00b3-4a69-8de5-2639a1a8d8ac: receive RaftClientReply:client-7F7296B99608->ffc7b071-00b3-4a69-8de5-2639a1a8d8ac@group-6911E2D50CC5, cid=1857, SUCCESS, logIndex=3181, commits[ffc7b071-00b3-4a69-8de5-2639a1a8d8ac:c3181]
2019-06-12 16:04:56,128 INFO  client.GrpcClientProtocolClient (GrpcClientProtocolClient.java:onNext(254)) - client-7F7296B99608->ffc7b071-00b3-4a69-8de5-2639a1a8d8ac: receive RaftClientReply:client-7F7296B99608->ffc7b071-00b3-4a69-8de5-2639a1a8d8ac@group-6911E2D50CC5, cid=1858, SUCCESS, logIndex=3183, commits[ffc7b071-00b3-4a69-8de5-2639a1a8d8ac:c3183]
2019-06-12 16:04:56,128 INFO  client.GrpcClientProtocolClient (GrpcClientProtocolClient.java:onNext(254)) - client-7F7296B99608->ffc7b071-00b3-4a69-8de5-2639a1a8d8ac: receive RaftClientReply:client-7F7296B99608->ffc7b071-00b3-4a69-8de5-2639a1a8d8ac@group-6911E2D50CC5, cid=1859, SUCCESS, logIndex=3184, commits[ffc7b071-00b3-4a69-8de5-2639a1a8d8ac:c3186]
2019-06-12 16:04:56,129 INFO  client.GrpcClientProtocolClient (GrpcClientProtocolClient.java:onNext(254)) - client-7F7296B99608->ffc7b071-00b3-4a69-8de5-2639a1a8d8ac: receive RaftClientReply:client-7F7296B99608->ffc7b071-00b3-4a69-8de5-2639a1a8d8ac@group-6911E2D50CC5, cid=1860, SUCCESS, logIndex=3185, commits[ffc7b071-00b3-4a69-8de5-2639a1a8d8ac:c3186]
2019-06-12 16:04:56,134 INFO  client.GrpcClientProtocolClient (GrpcClientProtocolClient.java:onNext(254)) - client-7F7296B99608->ffc7b071-00b3-4a69-8de5-2639a1a8d8ac: receive RaftClientReply:client-7F7296B99608->ffc7b071-00b3-4a69-8de5-2639a1a8d8ac@group-6911E2D50CC5, cid=1861, SUCCESS, logIndex=3187, commits[ffc7b071-00b3-4a69-8de5-2639a1a8d8ac:c3187]
2019-06-12 16:04:56,136 INFO  client.GrpcClientProtocolClient (GrpcClientProtocolClient.java:onNext(254)) - client-7F7296B99608->ffc7b071-00b3-4a69-8de5-2639a1a8d8ac: receive RaftClientReply:client-7F7296B99608->ffc7b071-00b3-4a69-8de5-2639a1a8d8ac@group-6911E2D50CC5, cid=1862, SUCCESS, logIndex=3189, commits[ffc7b071-00b3-4a69-8de5-2639a1a8d8ac:c3189]
2019-06-12 16:04:56,137 INFO  client.GrpcClientProtocolClient (GrpcClientProtocolClient.java:onNext(254)) - client-7F7296B99608->ffc7b071-00b3-4a69-8de5-2639a1a8d8ac: receive RaftClientReply:client-7F7296B99608->ffc7b071-00b3-4a69-8de5-2639a1a8d8ac@group-6911E2D50CC5, cid=1863, SUCCESS, logIndex=3190, commits[ffc7b071-00b3-4a69-8de5-2639a1a8d8ac:c3192]
2019-06-12 16:04:56,137 INFO  client.GrpcClientProtocolClient (GrpcClientProtocolClient.java:onNext(254)) - client-7F7296B99608->ffc7b071-00b3-4a69-8de5-2639a1a8d8ac: receive RaftClientReply:client-7F7296B99608->ffc7b071-00b3-4a69-8de5-2639a1a8d8ac@group-6911E2D50CC5, cid=1864, SUCCESS, logIndex=3191, commits[ffc7b071-00b3-4a69-8de5-2639a1a8d8ac:c3192]
2019-06-12 16:04:56,146 INFO  client.GrpcClientProtocolClient (GrpcClientProtocolClient.java:onNext(254)) - client-7F7296B99608->ffc7b071-00b3-4a69-8de5-2639a1a8d8ac: receive RaftClientReply:client-7F7296B99608->ffc7b071-00b3-4a69-8de5-2639a1a8d8ac@group-6911E2D50CC5, cid=1865, SUCCESS, logIndex=3193, commits[ffc7b071-00b3-4a69-8de5-2639a1a8d8ac:c3193]
2019-06-12 16:04:56,148 INFO  client.GrpcClientProtocolClient (GrpcClientProtocolClient.java:onNext(254)) - client-7F7296B99608->ffc7b071-00b3-4a69-8de5-2639a1a8d8ac: receive RaftClientReply:client-7F7296B99608->ffc7b071-00b3-4a69-8de5-2639a1a8d8ac@group-6911E2D50CC5, cid=1866, SUCCESS, logIndex=3195, commits[ffc7b071-00b3-4a69-8de5-2639a1a8d8ac:c3195]
2019-06-12 16:04:56,148 INFO  client.GrpcClientProtocolClient (GrpcClientProtocolClient.java:onNext(254)) - client-7F7296B99608->ffc7b071-00b3-4a69-8de5-2639a1a8d8ac: receive RaftClientReply:client-7F7296B99608->ffc7b071-00b3-4a69-8de5-2639a1a8d8ac@group-6911E2D50CC5, cid=1867, SUCCESS, logIndex=3196, commits[ffc7b071-00b3-4a69-8de5-2639a1a8d8ac:c3197]
2019-06-12 16:04:56,149 INFO  client.GrpcClientProtocolClient (GrpcClientProtocolClient.java:onNext(254)) - client-7F7296B99608->ffc7b071-00b3-4a69-8de5-2639a1a8d8ac: receive RaftClientReply:client-7F7296B99608->ffc7b071-00b3-4a69-8de5-2639a1a8d8ac@group-6911E2D50CC5, cid=1868, SUCCESS, logIndex=3197, commits[ffc7b071-00b3-4a69-8de5-2639a1a8d8ac:c3197]
2019-06-12 16:04:56,153 INFO  client.GrpcClientProtocolClient (GrpcClientProtocolClient.java:onNext(254)) - client-7F7296B99608->ffc7b071-00b3-4a69-8de5-2639a1a8d8ac: receive RaftClientReply:client-7F7296B99608->ffc7b071-00b3-4a69-8de5-2639a1a8d8ac@group-6911E2D50CC5, cid=1869, SUCCESS, logIndex=3200, commits[ffc7b071-00b3-4a69-8de5-2639a1a8d8ac:c3200]
2019-06-12 16:04:56,154 INFO  client.GrpcClientProtocolClient (GrpcClientProtocolClient.java:onNext(254)) - client-7F7296B99608->ffc7b071-00b3-4a69-8de5-2639a1a8d8ac: receive RaftClientReply:client-7F7296B99608->ffc7b071-00b3-4a69-8de5-2639a1a8d8ac@group-6911E2D50CC5, cid=1870, SUCCESS, logIndex=3202, commits[ffc7b071-00b3-4a69-8de5-2639a1a8d8ac:c3202]
2019-06-12 16:04:56,156 INFO  client.GrpcClientProtocolClient (GrpcClientProtocolClient.java:onNext(254)) - client-7F7296B99608->ffc7b071-00b3-4a69-8de5-2639a1a8d8ac: receive RaftClientReply:client-7F7296B99608->ffc7b071-00b3-4a69-8de5-2639a1a8d8ac@group-6911E2D50CC5, cid=1871, SUCCESS, logIndex=3203, commits[ffc7b071-00b3-4a69-8de5-2639a1a8d8ac:c3205]
2019-06-12 16:04:56,156 INFO  client.GrpcClientProtocolClient (GrpcClientProtocolClient.java:onNext(254)) - client-7F7296B99608->ffc7b071-00b3-4a69-8de5-2639a1a8d8ac: receive RaftClientReply:client-7F7296B99608->ffc7b071-00b3-4a69-8de5-2639a1a8d8ac@group-6911E2D50CC5, cid=1872, SUCCESS, logIndex=3204, commits[ffc7b071-00b3-4a69-8de5-2639a1a8d8ac:c3205]
2019-06-12 16:04:56,164 INFO  client.GrpcClientProtocolClient (GrpcClientProtocolClient.java:onNext(254)) - client-7F7296B99608->ffc7b071-00b3-4a69-8de5-2639a1a8d8ac: receive RaftClientReply:client-7F7296B99608->ffc7b071-00b3-4a69-8de5-2639a1a8d8ac@group-6911E2D50CC5, cid=1873, SUCCESS, logIndex=3206, commits[ffc7b071-00b3-4a69-8de5-2639a1a8d8ac:c3206]
2019-06-12 16:04:56,165 INFO  client.GrpcClientProtocolClient (GrpcClientProtocolClient.java:onNext(254)) - client-7F7296B99608->ffc7b071-00b3-4a69-8de5-2639a1a8d8ac: receive RaftClientReply:client-7F7296B99608->ffc7b071-00b3-4a69-8de5-2639a1a8d8ac@group-6911E2D50CC5, cid=1874, SUCCESS, logIndex=3208, commits[ffc7b071-00b3-4a69-8de5-2639a1a8d8ac:c3208]
2019-06-12 16:04:56,166 INFO  client.GrpcClientProtocolClient (GrpcClientProtocolClient.java:onNext(254)) - client-7F7296B99608->ffc7b071-00b3-4a69-8de5-2639a1a8d8ac: receive RaftClientReply:client-7F7296B99608->ffc7b071-00b3-4a69-8de5-2639a1a8d8ac@group-6911E2D50CC5, cid=1875, SUCCESS, logIndex=3209, commits[ffc7b071-00b3-4a69-8de5-2639a1a8d8ac:c3211]
2019-06-12 16:04:56,166 INFO  client.GrpcClientProtocolClient (GrpcClientProtocolClient.java:onNext(254)) - client-7F7296B99608->ffc7b071-00b3-4a69-8de5-2639a1a8d8ac: receive RaftClientReply:client-7F7296B99608->ffc7b071-00b3-4a69-8de5-2639a1a8d8ac@group-6911E2D50CC5, cid=1876, SUCCESS, logIndex=3210, commits[ffc7b071-00b3-4a69-8de5-2639a1a8d8ac:c3211]
2019-06-12 16:04:56,171 INFO  client.GrpcClientProtocolClient (GrpcClientProtocolClient.java:onNext(254)) - client-7F7296B99608->ffc7b071-00b3-4a69-8de5-2639a1a8d8ac: receive RaftClientReply:client-7F7296B99608->ffc7b071-00b3-4a69-8de5-2639a1a8d8ac@group-6911E2D50CC5, cid=1877, SUCCESS, logIndex=3212, commits[ffc7b071-00b3-4a69-8de5-2639a1a8d8ac:c3212]
2019-06-12 16:04:56,173 INFO  client.GrpcClientProtocolClient (GrpcClientProtocolClient.java:onNext(254)) - client-7F7296B99608->ffc7b071-00b3-4a69-8de5-2639a1a8d8ac: receive RaftClientReply:client-7F7296B99608->ffc7b071-00b3-4a69-8de5-2639a1a8d8ac@group-6911E2D50CC5, cid=1878, SUCCESS, logIndex=3214, commits[ffc7b071-00b3-4a69-8de5-2639a1a8d8ac:c3214]
2019-06-12 16:04:56,174 INFO  client.GrpcClientProtocolClient (GrpcClientProtocolClient.java:onNext(254)) - client-7F7296B99608->ffc7b071-00b3-4a69-8de5-2639a1a8d8ac: receive RaftClientReply:client-7F7296B99608->ffc7b071-00b3-4a69-8de5-2639a1a8d8ac@group-6911E2D50CC5, cid=1879, SUCCESS, logIndex=3215, commits[ffc7b071-00b3-4a69-8de5-2639a1a8d8ac:c3217]
2019-06-12 16:04:56,174 INFO  client.GrpcClientProtocolClient (GrpcClientProtocolClient.java:onNext(254)) - client-7F7296B99608->ffc7b071-00b3-4a69-8de5-2639a1a8d8ac: receive RaftClientReply:client-7F7296B99608->ffc7b071-00b3-4a69-8de5-2639a1a8d8ac@group-6911E2D50CC5, cid=1880, SUCCESS, logIndex=3216, commits[ffc7b071-00b3-4a69-8de5-2639a1a8d8ac:c3217]
2019-06-12 16:04:56,182 DEBUG block.SCMBlockDeletingService (SCMBlockDeletingService.java:call(138)) - Running DeletedBlockTransactionScanner
2019-06-12 16:04:56,182 DEBUG block.SCMBlockDeletingService (SCMBlockDeletingService.java:call(155)) - Scanned deleted blocks log and got 0 delTX to process.
2019-06-12 16:04:56,185 INFO  client.GrpcClientProtocolClient (GrpcClientProtocolClient.java:onNext(254)) - client-7F7296B99608->ffc7b071-00b3-4a69-8de5-2639a1a8d8ac: receive RaftClientReply:client-7F7296B99608->ffc7b071-00b3-4a69-8de5-2639a1a8d8ac@group-6911E2D50CC5, cid=1881, SUCCESS, logIndex=3218, commits[ffc7b071-00b3-4a69-8de5-2639a1a8d8ac:c3218]
2019-06-12 16:04:56,187 INFO  client.GrpcClientProtocolClient (GrpcClientProtocolClient.java:onNext(254)) - client-7F7296B99608->ffc7b071-00b3-4a69-8de5-2639a1a8d8ac: receive RaftClientReply:client-7F7296B99608->ffc7b071-00b3-4a69-8de5-2639a1a8d8ac@group-6911E2D50CC5, cid=1882, SUCCESS, logIndex=3220, commits[ffc7b071-00b3-4a69-8de5-2639a1a8d8ac:c3220]
2019-06-12 16:04:56,188 INFO  client.GrpcClientProtocolClient (GrpcClientProtocolClient.java:onNext(254)) - client-7F7296B99608->ffc7b071-00b3-4a69-8de5-2639a1a8d8ac: receive RaftClientReply:client-7F7296B99608->ffc7b071-00b3-4a69-8de5-2639a1a8d8ac@group-6911E2D50CC5, cid=1883, SUCCESS, logIndex=3221, commits[ffc7b071-00b3-4a69-8de5-2639a1a8d8ac:c3223]
2019-06-12 16:04:56,188 INFO  client.GrpcClientProtocolClient (GrpcClientProtocolClient.java:onNext(254)) - client-7F7296B99608->ffc7b071-00b3-4a69-8de5-2639a1a8d8ac: receive RaftClientReply:client-7F7296B99608->ffc7b071-00b3-4a69-8de5-2639a1a8d8ac@group-6911E2D50CC5, cid=1884, SUCCESS, logIndex=3223, commits[ffc7b071-00b3-4a69-8de5-2639a1a8d8ac:c3223]
2019-06-12 16:04:56,191 INFO  storage.RaftLogWorker (RaftLogWorker.java:rollLogSegment(303)) - ffc7b071-00b3-4a69-8de5-2639a1a8d8ac-RaftLogWorker: Rolling segment log-3156_3224 to index:3224
2019-06-12 16:04:56,191 INFO  storage.RaftLogWorker (RaftLogWorker.java:execute(433)) - ffc7b071-00b3-4a69-8de5-2639a1a8d8ac-RaftLogWorker: Rolled log segment from /opt/src/hadoop-ozone/integration-test/target/test-dir/MiniOzoneClusterImpl-a1c7246e-c692-4524-ad55-32b507b20431/datanode-0/data/ratis/4417d833-4fb6-4fa2-9413-6911e2d50cc5/current/log_inprogress_3156 to /opt/src/hadoop-ozone/integration-test/target/test-dir/MiniOzoneClusterImpl-a1c7246e-c692-4524-ad55-32b507b20431/datanode-0/data/ratis/4417d833-4fb6-4fa2-9413-6911e2d50cc5/current/log_3156-3224
2019-06-12 16:04:56,226 INFO  storage.RaftLogWorker (RaftLogWorker.java:execute(469)) - ffc7b071-00b3-4a69-8de5-2639a1a8d8ac-RaftLogWorker: created new log segment /opt/src/hadoop-ozone/integration-test/target/test-dir/MiniOzoneClusterImpl-a1c7246e-c692-4524-ad55-32b507b20431/datanode-0/data/ratis/4417d833-4fb6-4fa2-9413-6911e2d50cc5/current/log_inprogress_3225
2019-06-12 16:04:56,228 INFO  client.GrpcClientProtocolClient (GrpcClientProtocolClient.java:onNext(254)) - client-7F7296B99608->ffc7b071-00b3-4a69-8de5-2639a1a8d8ac: receive RaftClientReply:client-7F7296B99608->ffc7b071-00b3-4a69-8de5-2639a1a8d8ac@group-6911E2D50CC5, cid=1885, SUCCESS, logIndex=3225, commits[ffc7b071-00b3-4a69-8de5-2639a1a8d8ac:c3225]
2019-06-12 16:04:56,230 INFO  client.GrpcClientProtocolClient (GrpcClientProtocolClient.java:onNext(254)) - client-7F7296B99608->ffc7b071-00b3-4a69-8de5-2639a1a8d8ac: receive RaftClientReply:client-7F7296B99608->ffc7b071-00b3-4a69-8de5-2639a1a8d8ac@group-6911E2D50CC5, cid=1886, SUCCESS, logIndex=3227, commits[ffc7b071-00b3-4a69-8de5-2639a1a8d8ac:c3227]
2019-06-12 16:04:56,230 INFO  client.GrpcClientProtocolClient (GrpcClientProtocolClient.java:onNext(254)) - client-7F7296B99608->ffc7b071-00b3-4a69-8de5-2639a1a8d8ac: receive RaftClientReply:client-7F7296B99608->ffc7b071-00b3-4a69-8de5-2639a1a8d8ac@group-6911E2D50CC5, cid=1887, SUCCESS, logIndex=3228, commits[ffc7b071-00b3-4a69-8de5-2639a1a8d8ac:c3228]
2019-06-12 16:04:56,231 INFO  client.GrpcClientProtocolClient (GrpcClientProtocolClient.java:onNext(254)) - client-7F7296B99608->ffc7b071-00b3-4a69-8de5-2639a1a8d8ac: receive RaftClientReply:client-7F7296B99608->ffc7b071-00b3-4a69-8de5-2639a1a8d8ac@group-6911E2D50CC5, cid=1888, SUCCESS, logIndex=3230, commits[ffc7b071-00b3-4a69-8de5-2639a1a8d8ac:c3230]
2019-06-12 16:04:56,240 INFO  client.GrpcClientProtocolClient (GrpcClientProtocolClient.java:onNext(254)) - client-7F7296B99608->ffc7b071-00b3-4a69-8de5-2639a1a8d8ac: receive RaftClientReply:client-7F7296B99608->ffc7b071-00b3-4a69-8de5-2639a1a8d8ac@group-6911E2D50CC5, cid=1889, SUCCESS, logIndex=3233, commits[ffc7b071-00b3-4a69-8de5-2639a1a8d8ac:c3233]
2019-06-12 16:04:56,241 INFO  client.GrpcClientProtocolClient (GrpcClientProtocolClient.java:onNext(254)) - client-7F7296B99608->ffc7b071-00b3-4a69-8de5-2639a1a8d8ac: receive RaftClientReply:client-7F7296B99608->ffc7b071-00b3-4a69-8de5-2639a1a8d8ac@group-6911E2D50CC5, cid=1890, SUCCESS, logIndex=3235, commits[ffc7b071-00b3-4a69-8de5-2639a1a8d8ac:c3235]
2019-06-12 16:04:56,242 INFO  client.GrpcClientProtocolClient (GrpcClientProtocolClient.java:onNext(254)) - client-7F7296B99608->ffc7b071-00b3-4a69-8de5-2639a1a8d8ac: receive RaftClientReply:client-7F7296B99608->ffc7b071-00b3-4a69-8de5-2639a1a8d8ac@group-6911E2D50CC5, cid=1891, SUCCESS, logIndex=3236, commits[ffc7b071-00b3-4a69-8de5-2639a1a8d8ac:c3238]
2019-06-12 16:04:56,242 INFO  client.GrpcClientProtocolClient (GrpcClientProtocolClient.java:onNext(254)) - client-7F7296B99608->ffc7b071-00b3-4a69-8de5-2639a1a8d8ac: receive RaftClientReply:client-7F7296B99608->ffc7b071-00b3-4a69-8de5-2639a1a8d8ac@group-6911E2D50CC5, cid=1892, SUCCESS, logIndex=3237, commits[ffc7b071-00b3-4a69-8de5-2639a1a8d8ac:c3238]
2019-06-12 16:04:56,288 DEBUG block.SCMBlockDeletingService (SCMBlockDeletingService.java:call(138)) - Running DeletedBlockTransactionScanner
2019-06-12 16:04:56,289 DEBUG block.SCMBlockDeletingService (SCMBlockDeletingService.java:call(155)) - Scanned deleted blocks log and got 0 delTX to process.
2019-06-12 16:04:56,292 INFO  client.GrpcClientProtocolClient (GrpcClientProtocolClient.java:onNext(254)) - client-7F7296B99608->ffc7b071-00b3-4a69-8de5-2639a1a8d8ac: receive RaftClientReply:client-7F7296B99608->ffc7b071-00b3-4a69-8de5-2639a1a8d8ac@group-6911E2D50CC5, cid=1893, SUCCESS, logIndex=3239, commits[ffc7b071-00b3-4a69-8de5-2639a1a8d8ac:c3239]
2019-06-12 16:04:56,293 INFO  client.GrpcClientProtocolClient (GrpcClientProtocolClient.java:onNext(254)) - client-7F7296B99608->ffc7b071-00b3-4a69-8de5-2639a1a8d8ac: receive RaftClientReply:client-7F7296B99608->ffc7b071-00b3-4a69-8de5-2639a1a8d8ac@group-6911E2D50CC5, cid=1894, SUCCESS, logIndex=3241, commits[ffc7b071-00b3-4a69-8de5-2639a1a8d8ac:c3241]
2019-06-12 16:04:56,294 INFO  client.GrpcClientProtocolClient (GrpcClientProtocolClient.java:onNext(254)) - client-7F7296B99608->ffc7b071-00b3-4a69-8de5-2639a1a8d8ac: receive RaftClientReply:client-7F7296B99608->ffc7b071-00b3-4a69-8de5-2639a1a8d8ac@group-6911E2D50CC5, cid=1895, SUCCESS, logIndex=3242, commits[ffc7b071-00b3-4a69-8de5-2639a1a8d8ac:c3244]
2019-06-12 16:04:56,295 INFO  client.GrpcClientProtocolClient (GrpcClientProtocolClient.java:onNext(254)) - client-7F7296B99608->ffc7b071-00b3-4a69-8de5-2639a1a8d8ac: receive RaftClientReply:client-7F7296B99608->ffc7b071-00b3-4a69-8de5-2639a1a8d8ac@group-6911E2D50CC5, cid=1896, SUCCESS, logIndex=3243, commits[ffc7b071-00b3-4a69-8de5-2639a1a8d8ac:c3244]
2019-06-12 16:04:56,304 INFO  client.GrpcClientProtocolClient (GrpcClientProtocolClient.java:onNext(254)) - client-7F7296B99608->ffc7b071-00b3-4a69-8de5-2639a1a8d8ac: receive RaftClientReply:client-7F7296B99608->ffc7b071-00b3-4a69-8de5-2639a1a8d8ac@group-6911E2D50CC5, cid=1897, SUCCESS, logIndex=3245, commits[ffc7b071-00b3-4a69-8de5-2639a1a8d8ac:c3245]
2019-06-12 16:04:56,305 INFO  client.GrpcClientProtocolClient (GrpcClientProtocolClient.java:onNext(254)) - client-7F7296B99608->ffc7b071-00b3-4a69-8de5-2639a1a8d8ac: receive RaftClientReply:client-7F7296B99608->ffc7b071-00b3-4a69-8de5-2639a1a8d8ac@group-6911E2D50CC5, cid=1898, SUCCESS, logIndex=3247, commits[ffc7b071-00b3-4a69-8de5-2639a1a8d8ac:c3247]
2019-06-12 16:04:56,306 INFO  client.GrpcClientProtocolClient (GrpcClientProtocolClient.java:onNext(254)) - client-7F7296B99608->ffc7b071-00b3-4a69-8de5-2639a1a8d8ac: receive RaftClientReply:client-7F7296B99608->ffc7b071-00b3-4a69-8de5-2639a1a8d8ac@group-6911E2D50CC5, cid=1899, SUCCESS, logIndex=3248, commits[ffc7b071-00b3-4a69-8de5-2639a1a8d8ac:c3249]
2019-06-12 16:04:56,306 INFO  client.GrpcClientProtocolClient (GrpcClientProtocolClient.java:onNext(254)) - client-7F7296B99608->ffc7b071-00b3-4a69-8de5-2639a1a8d8ac: receive RaftClientReply:client-7F7296B99608->ffc7b071-00b3-4a69-8de5-2639a1a8d8ac@group-6911E2D50CC5, cid=1900, SUCCESS, logIndex=3249, commits[ffc7b071-00b3-4a69-8de5-2639a1a8d8ac:c3249]
2019-06-12 16:04:56,377 INFO  client.GrpcClientProtocolClient (GrpcClientProtocolClient.java:onNext(254)) - client-7F7296B99608->ffc7b071-00b3-4a69-8de5-2639a1a8d8ac: receive RaftClientReply:client-7F7296B99608->ffc7b071-00b3-4a69-8de5-2639a1a8d8ac@group-6911E2D50CC5, cid=1901, SUCCESS, logIndex=3252, commits[ffc7b071-00b3-4a69-8de5-2639a1a8d8ac:c3252]
2019-06-12 16:04:56,378 INFO  client.GrpcClientProtocolClient (GrpcClientProtocolClient.java:onNext(254)) - client-7F7296B99608->ffc7b071-00b3-4a69-8de5-2639a1a8d8ac: receive RaftClientReply:client-7F7296B99608->ffc7b071-00b3-4a69-8de5-2639a1a8d8ac@group-6911E2D50CC5, cid=1902, SUCCESS, logIndex=3254, commits[ffc7b071-00b3-4a69-8de5-2639a1a8d8ac:c3254]
2019-06-12 16:04:56,380 INFO  client.GrpcClientProtocolClient (GrpcClientProtocolClient.java:onNext(254)) - client-7F7296B99608->ffc7b071-00b3-4a69-8de5-2639a1a8d8ac: receive RaftClientReply:client-7F7296B99608->ffc7b071-00b3-4a69-8de5-2639a1a8d8ac@group-6911E2D50CC5, cid=1903, SUCCESS, logIndex=3255, commits[ffc7b071-00b3-4a69-8de5-2639a1a8d8ac:c3257]
2019-06-12 16:04:56,380 INFO  client.GrpcClientProtocolClient (GrpcClientProtocolClient.java:onNext(254)) - client-7F7296B99608->ffc7b071-00b3-4a69-8de5-2639a1a8d8ac: receive RaftClientReply:client-7F7296B99608->ffc7b071-00b3-4a69-8de5-2639a1a8d8ac@group-6911E2D50CC5, cid=1904, SUCCESS, logIndex=3256, commits[ffc7b071-00b3-4a69-8de5-2639a1a8d8ac:c3257]
2019-06-12 16:04:56,389 DEBUG block.SCMBlockDeletingService (SCMBlockDeletingService.java:call(138)) - Running DeletedBlockTransactionScanner
2019-06-12 16:04:56,389 INFO  client.GrpcClientProtocolClient (GrpcClientProtocolClient.java:onNext(254)) - client-7F7296B99608->ffc7b071-00b3-4a69-8de5-2639a1a8d8ac: receive RaftClientReply:client-7F7296B99608->ffc7b071-00b3-4a69-8de5-2639a1a8d8ac@group-6911E2D50CC5, cid=1905, SUCCESS, logIndex=3258, commits[ffc7b071-00b3-4a69-8de5-2639a1a8d8ac:c3258]
2019-06-12 16:04:56,389 DEBUG block.SCMBlockDeletingService (SCMBlockDeletingService.java:call(155)) - Scanned deleted blocks log and got 0 delTX to process.
2019-06-12 16:04:56,392 INFO  client.GrpcClientProtocolClient (GrpcClientProtocolClient.java:onNext(254)) - client-7F7296B99608->ffc7b071-00b3-4a69-8de5-2639a1a8d8ac: receive RaftClientReply:client-7F7296B99608->ffc7b071-00b3-4a69-8de5-2639a1a8d8ac@group-6911E2D50CC5, cid=1906, SUCCESS, logIndex=3260, commits[ffc7b071-00b3-4a69-8de5-2639a1a8d8ac:c3260]
2019-06-12 16:04:56,394 INFO  client.GrpcClientProtocolClient (GrpcClientProtocolClient.java:onNext(254)) - client-7F7296B99608->ffc7b071-00b3-4a69-8de5-2639a1a8d8ac: receive RaftClientReply:client-7F7296B99608->ffc7b071-00b3-4a69-8de5-2639a1a8d8ac@group-6911E2D50CC5, cid=1907, SUCCESS, logIndex=3262, commits[ffc7b071-00b3-4a69-8de5-2639a1a8d8ac:c3263]
2019-06-12 16:04:56,394 INFO  client.GrpcClientProtocolClient (GrpcClientProtocolClient.java:onNext(254)) - client-7F7296B99608->ffc7b071-00b3-4a69-8de5-2639a1a8d8ac: receive RaftClientReply:client-7F7296B99608->ffc7b071-00b3-4a69-8de5-2639a1a8d8ac@group-6911E2D50CC5, cid=1908, SUCCESS, logIndex=3263, commits[ffc7b071-00b3-4a69-8de5-2639a1a8d8ac:c3263]
2019-06-12 16:04:56,399 INFO  client.GrpcClientProtocolClient (GrpcClientProtocolClient.java:onNext(254)) - client-7F7296B99608->ffc7b071-00b3-4a69-8de5-2639a1a8d8ac: receive RaftClientReply:client-7F7296B99608->ffc7b071-00b3-4a69-8de5-2639a1a8d8ac@group-6911E2D50CC5, cid=1909, SUCCESS, logIndex=3265, commits[ffc7b071-00b3-4a69-8de5-2639a1a8d8ac:c3265]
2019-06-12 16:04:56,402 INFO  client.GrpcClientProtocolClient (GrpcClientProtocolClient.java:onNext(254)) - client-7F7296B99608->ffc7b071-00b3-4a69-8de5-2639a1a8d8ac: receive RaftClientReply:client-7F7296B99608->ffc7b071-00b3-4a69-8de5-2639a1a8d8ac@group-6911E2D50CC5, cid=1910, SUCCESS, logIndex=3267, commits[ffc7b071-00b3-4a69-8de5-2639a1a8d8ac:c3267]
2019-06-12 16:04:56,402 INFO  client.GrpcClientProtocolClient (GrpcClientProtocolClient.java:onNext(254)) - client-7F7296B99608->ffc7b071-00b3-4a69-8de5-2639a1a8d8ac: receive RaftClientReply:client-7F7296B99608->ffc7b071-00b3-4a69-8de5-2639a1a8d8ac@group-6911E2D50CC5, cid=1911, SUCCESS, logIndex=3268, commits[ffc7b071-00b3-4a69-8de5-2639a1a8d8ac:c3269]
2019-06-12 16:04:56,404 INFO  client.GrpcClientProtocolClient (GrpcClientProtocolClient.java:onNext(254)) - client-7F7296B99608->ffc7b071-00b3-4a69-8de5-2639a1a8d8ac: receive RaftClientReply:client-7F7296B99608->ffc7b071-00b3-4a69-8de5-2639a1a8d8ac@group-6911E2D50CC5, cid=1912, SUCCESS, logIndex=3270, commits[ffc7b071-00b3-4a69-8de5-2639a1a8d8ac:c3270]
2019-06-12 16:04:56,413 INFO  client.GrpcClientProtocolClient (GrpcClientProtocolClient.java:onNext(254)) - client-7F7296B99608->ffc7b071-00b3-4a69-8de5-2639a1a8d8ac: receive RaftClientReply:client-7F7296B99608->ffc7b071-00b3-4a69-8de5-2639a1a8d8ac@group-6911E2D50CC5, cid=1913, SUCCESS, logIndex=3272, commits[ffc7b071-00b3-4a69-8de5-2639a1a8d8ac:c3272]
2019-06-12 16:04:56,415 INFO  client.GrpcClientProtocolClient (GrpcClientProtocolClient.java:onNext(254)) - client-7F7296B99608->ffc7b071-00b3-4a69-8de5-2639a1a8d8ac: receive RaftClientReply:client-7F7296B99608->ffc7b071-00b3-4a69-8de5-2639a1a8d8ac@group-6911E2D50CC5, cid=1914, SUCCESS, logIndex=3274, commits[ffc7b071-00b3-4a69-8de5-2639a1a8d8ac:c3274]
2019-06-12 16:04:56,415 INFO  client.GrpcClientProtocolClient (GrpcClientProtocolClient.java:onNext(254)) - client-7F7296B99608->ffc7b071-00b3-4a69-8de5-2639a1a8d8ac: receive RaftClientReply:client-7F7296B99608->ffc7b071-00b3-4a69-8de5-2639a1a8d8ac@group-6911E2D50CC5, cid=1915, SUCCESS, logIndex=3275, commits[ffc7b071-00b3-4a69-8de5-2639a1a8d8ac:c3275]
2019-06-12 16:04:56,416 INFO  client.GrpcClientProtocolClient (GrpcClientProtocolClient.java:onNext(254)) - client-7F7296B99608->ffc7b071-00b3-4a69-8de5-2639a1a8d8ac: receive RaftClientReply:client-7F7296B99608->ffc7b071-00b3-4a69-8de5-2639a1a8d8ac@group-6911E2D50CC5, cid=1916, SUCCESS, logIndex=3277, commits[ffc7b071-00b3-4a69-8de5-2639a1a8d8ac:c3277]
2019-06-12 16:04:56,422 INFO  client.GrpcClientProtocolClient (GrpcClientProtocolClient.java:onNext(254)) - client-7F7296B99608->ffc7b071-00b3-4a69-8de5-2639a1a8d8ac: receive RaftClientReply:client-7F7296B99608->ffc7b071-00b3-4a69-8de5-2639a1a8d8ac@group-6911E2D50CC5, cid=1917, SUCCESS, logIndex=3280, commits[ffc7b071-00b3-4a69-8de5-2639a1a8d8ac:c3280]
2019-06-12 16:04:56,424 INFO  client.GrpcClientProtocolClient (GrpcClientProtocolClient.java:onNext(254)) - client-7F7296B99608->ffc7b071-00b3-4a69-8de5-2639a1a8d8ac: receive RaftClientReply:client-7F7296B99608->ffc7b071-00b3-4a69-8de5-2639a1a8d8ac@group-6911E2D50CC5, cid=1918, SUCCESS, logIndex=3282, commits[ffc7b071-00b3-4a69-8de5-2639a1a8d8ac:c3282]
2019-06-12 16:04:56,424 INFO  client.GrpcClientProtocolClient (GrpcClientProtocolClient.java:onNext(254)) - client-7F7296B99608->ffc7b071-00b3-4a69-8de5-2639a1a8d8ac: receive RaftClientReply:client-7F7296B99608->ffc7b071-00b3-4a69-8de5-2639a1a8d8ac@group-6911E2D50CC5, cid=1919, SUCCESS, logIndex=3283, commits[ffc7b071-00b3-4a69-8de5-2639a1a8d8ac:c3283]
2019-06-12 16:04:56,430 INFO  client.GrpcClientProtocolClient (GrpcClientProtocolClient.java:onNext(254)) - client-7F7296B99608->ffc7b071-00b3-4a69-8de5-2639a1a8d8ac: receive RaftClientReply:client-7F7296B99608->ffc7b071-00b3-4a69-8de5-2639a1a8d8ac@group-6911E2D50CC5, cid=1920, SUCCESS, logIndex=3285, commits[ffc7b071-00b3-4a69-8de5-2639a1a8d8ac:c3285]
2019-06-12 16:04:56,442 INFO  client.GrpcClientProtocolClient (GrpcClientProtocolClient.java:onNext(254)) - client-7F7296B99608->ffc7b071-00b3-4a69-8de5-2639a1a8d8ac: receive RaftClientReply:client-7F7296B99608->ffc7b071-00b3-4a69-8de5-2639a1a8d8ac@group-6911E2D50CC5, cid=1921, SUCCESS, logIndex=3288, commits[ffc7b071-00b3-4a69-8de5-2639a1a8d8ac:c3288]
2019-06-12 16:04:56,449 INFO  client.GrpcClientProtocolClient (GrpcClientProtocolClient.java:onNext(254)) - client-7F7296B99608->ffc7b071-00b3-4a69-8de5-2639a1a8d8ac: receive RaftClientReply:client-7F7296B99608->ffc7b071-00b3-4a69-8de5-2639a1a8d8ac@group-6911E2D50CC5, cid=1922, SUCCESS, logIndex=3290, commits[ffc7b071-00b3-4a69-8de5-2639a1a8d8ac:c3290]
2019-06-12 16:04:56,450 INFO  client.GrpcClientProtocolClient (GrpcClientProtocolClient.java:onNext(254)) - client-7F7296B99608->ffc7b071-00b3-4a69-8de5-2639a1a8d8ac: receive RaftClientReply:client-7F7296B99608->ffc7b071-00b3-4a69-8de5-2639a1a8d8ac@group-6911E2D50CC5, cid=1923, SUCCESS, logIndex=3291, commits[ffc7b071-00b3-4a69-8de5-2639a1a8d8ac:c3293]
2019-06-12 16:04:56,451 INFO  client.GrpcClientProtocolClient (GrpcClientProtocolClient.java:onNext(254)) - client-7F7296B99608->ffc7b071-00b3-4a69-8de5-2639a1a8d8ac: receive RaftClientReply:client-7F7296B99608->ffc7b071-00b3-4a69-8de5-2639a1a8d8ac@group-6911E2D50CC5, cid=1924, SUCCESS, logIndex=3293, commits[ffc7b071-00b3-4a69-8de5-2639a1a8d8ac:c3293]
2019-06-12 16:04:56,458 INFO  client.GrpcClientProtocolClient (GrpcClientProtocolClient.java:onNext(254)) - client-7F7296B99608->ffc7b071-00b3-4a69-8de5-2639a1a8d8ac: receive RaftClientReply:client-7F7296B99608->ffc7b071-00b3-4a69-8de5-2639a1a8d8ac@group-6911E2D50CC5, cid=1925, SUCCESS, logIndex=3295, commits[ffc7b071-00b3-4a69-8de5-2639a1a8d8ac:c3295]
2019-06-12 16:04:56,458 INFO  storage.RaftLogWorker (RaftLogWorker.java:rollLogSegment(303)) - ffc7b071-00b3-4a69-8de5-2639a1a8d8ac-RaftLogWorker: Rolling segment log-3225_3298 to index:3298
2019-06-12 16:04:56,459 INFO  client.GrpcClientProtocolClient (GrpcClientProtocolClient.java:onNext(254)) - client-7F7296B99608->ffc7b071-00b3-4a69-8de5-2639a1a8d8ac: receive RaftClientReply:client-7F7296B99608->ffc7b071-00b3-4a69-8de5-2639a1a8d8ac@group-6911E2D50CC5, cid=1926, SUCCESS, logIndex=3297, commits[ffc7b071-00b3-4a69-8de5-2639a1a8d8ac:c3297]
2019-06-12 16:04:56,459 INFO  storage.RaftLogWorker (RaftLogWorker.java:execute(433)) - ffc7b071-00b3-4a69-8de5-2639a1a8d8ac-RaftLogWorker: Rolled log segment from /opt/src/hadoop-ozone/integration-test/target/test-dir/MiniOzoneClusterImpl-a1c7246e-c692-4524-ad55-32b507b20431/datanode-0/data/ratis/4417d833-4fb6-4fa2-9413-6911e2d50cc5/current/log_inprogress_3225 to /opt/src/hadoop-ozone/integration-test/target/test-dir/MiniOzoneClusterImpl-a1c7246e-c692-4524-ad55-32b507b20431/datanode-0/data/ratis/4417d833-4fb6-4fa2-9413-6911e2d50cc5/current/log_3225-3298
2019-06-12 16:04:56,460 INFO  client.GrpcClientProtocolClient (GrpcClientProtocolClient.java:onNext(254)) - client-7F7296B99608->ffc7b071-00b3-4a69-8de5-2639a1a8d8ac: receive RaftClientReply:client-7F7296B99608->ffc7b071-00b3-4a69-8de5-2639a1a8d8ac@group-6911E2D50CC5, cid=1927, SUCCESS, logIndex=3298, commits[ffc7b071-00b3-4a69-8de5-2639a1a8d8ac:c3298]
2019-06-12 16:04:56,492 DEBUG block.SCMBlockDeletingService (SCMBlockDeletingService.java:call(138)) - Running DeletedBlockTransactionScanner
2019-06-12 16:04:56,492 DEBUG block.SCMBlockDeletingService (SCMBlockDeletingService.java:call(155)) - Scanned deleted blocks log and got 0 delTX to process.
2019-06-12 16:04:56,495 INFO  storage.RaftLogWorker (RaftLogWorker.java:execute(469)) - ffc7b071-00b3-4a69-8de5-2639a1a8d8ac-RaftLogWorker: created new log segment /opt/src/hadoop-ozone/integration-test/target/test-dir/MiniOzoneClusterImpl-a1c7246e-c692-4524-ad55-32b507b20431/datanode-0/data/ratis/4417d833-4fb6-4fa2-9413-6911e2d50cc5/current/log_inprogress_3299
2019-06-12 16:04:56,496 INFO  client.GrpcClientProtocolClient (GrpcClientProtocolClient.java:onNext(254)) - client-7F7296B99608->ffc7b071-00b3-4a69-8de5-2639a1a8d8ac: receive RaftClientReply:client-7F7296B99608->ffc7b071-00b3-4a69-8de5-2639a1a8d8ac@group-6911E2D50CC5, cid=1928, SUCCESS, logIndex=3299, commits[ffc7b071-00b3-4a69-8de5-2639a1a8d8ac:c3301]
2019-06-12 16:04:56,506 INFO  client.GrpcClientProtocolClient (GrpcClientProtocolClient.java:onNext(254)) - client-7F7296B99608->ffc7b071-00b3-4a69-8de5-2639a1a8d8ac: receive RaftClientReply:client-7F7296B99608->ffc7b071-00b3-4a69-8de5-2639a1a8d8ac@group-6911E2D50CC5, cid=1929, SUCCESS, logIndex=3302, commits[ffc7b071-00b3-4a69-8de5-2639a1a8d8ac:c3302]
2019-06-12 16:04:56,508 INFO  client.GrpcClientProtocolClient (GrpcClientProtocolClient.java:onNext(254)) - client-7F7296B99608->ffc7b071-00b3-4a69-8de5-2639a1a8d8ac: receive RaftClientReply:client-7F7296B99608->ffc7b071-00b3-4a69-8de5-2639a1a8d8ac@group-6911E2D50CC5, cid=1930, SUCCESS, logIndex=3304, commits[ffc7b071-00b3-4a69-8de5-2639a1a8d8ac:c3304]
2019-06-12 16:04:56,508 INFO  client.GrpcClientProtocolClient (GrpcClientProtocolClient.java:onNext(254)) - client-7F7296B99608->ffc7b071-00b3-4a69-8de5-2639a1a8d8ac: receive RaftClientReply:client-7F7296B99608->ffc7b071-00b3-4a69-8de5-2639a1a8d8ac@group-6911E2D50CC5, cid=1931, SUCCESS, logIndex=3305, commits[ffc7b071-00b3-4a69-8de5-2639a1a8d8ac:c3306]
2019-06-12 16:04:56,509 INFO  client.GrpcClientProtocolClient (GrpcClientProtocolClient.java:onNext(254)) - client-7F7296B99608->ffc7b071-00b3-4a69-8de5-2639a1a8d8ac: receive RaftClientReply:client-7F7296B99608->ffc7b071-00b3-4a69-8de5-2639a1a8d8ac@group-6911E2D50CC5, cid=1932, SUCCESS, logIndex=3306, commits[ffc7b071-00b3-4a69-8de5-2639a1a8d8ac:c3306]
2019-06-12 16:04:56,514 INFO  client.GrpcClientProtocolClient (GrpcClientProtocolClient.java:onNext(254)) - client-7F7296B99608->ffc7b071-00b3-4a69-8de5-2639a1a8d8ac: receive RaftClientReply:client-7F7296B99608->ffc7b071-00b3-4a69-8de5-2639a1a8d8ac@group-6911E2D50CC5, cid=1933, SUCCESS, logIndex=3309, commits[ffc7b071-00b3-4a69-8de5-2639a1a8d8ac:c3309]
2019-06-12 16:04:56,515 INFO  client.GrpcClientProtocolClient (GrpcClientProtocolClient.java:onNext(254)) - client-7F7296B99608->ffc7b071-00b3-4a69-8de5-2639a1a8d8ac: receive RaftClientReply:client-7F7296B99608->ffc7b071-00b3-4a69-8de5-2639a1a8d8ac@group-6911E2D50CC5, cid=1934, SUCCESS, logIndex=3311, commits[ffc7b071-00b3-4a69-8de5-2639a1a8d8ac:c3311]
2019-06-12 16:04:56,517 INFO  client.GrpcClientProtocolClient (GrpcClientProtocolClient.java:onNext(254)) - client-7F7296B99608->ffc7b071-00b3-4a69-8de5-2639a1a8d8ac: receive RaftClientReply:client-7F7296B99608->ffc7b071-00b3-4a69-8de5-2639a1a8d8ac@group-6911E2D50CC5, cid=1935, SUCCESS, logIndex=3312, commits[ffc7b071-00b3-4a69-8de5-2639a1a8d8ac:c3314]
2019-06-12 16:04:56,517 INFO  client.GrpcClientProtocolClient (GrpcClientProtocolClient.java:onNext(254)) - client-7F7296B99608->ffc7b071-00b3-4a69-8de5-2639a1a8d8ac: receive RaftClientReply:client-7F7296B99608->ffc7b071-00b3-4a69-8de5-2639a1a8d8ac@group-6911E2D50CC5, cid=1936, SUCCESS, logIndex=3313, commits[ffc7b071-00b3-4a69-8de5-2639a1a8d8ac:c3314]
2019-06-12 16:04:56,526 INFO  client.GrpcClientProtocolClient (GrpcClientProtocolClient.java:onNext(254)) - client-7F7296B99608->ffc7b071-00b3-4a69-8de5-2639a1a8d8ac: receive RaftClientReply:client-7F7296B99608->ffc7b071-00b3-4a69-8de5-2639a1a8d8ac@group-6911E2D50CC5, cid=1937, SUCCESS, logIndex=3315, commits[ffc7b071-00b3-4a69-8de5-2639a1a8d8ac:c3315]
2019-06-12 16:04:56,528 INFO  client.GrpcClientProtocolClient (GrpcClientProtocolClient.java:onNext(254)) - client-7F7296B99608->ffc7b071-00b3-4a69-8de5-2639a1a8d8ac: receive RaftClientReply:client-7F7296B99608->ffc7b071-00b3-4a69-8de5-2639a1a8d8ac@group-6911E2D50CC5, cid=1938, SUCCESS, logIndex=3317, commits[ffc7b071-00b3-4a69-8de5-2639a1a8d8ac:c3317]
2019-06-12 16:04:56,529 INFO  client.GrpcClientProtocolClient (GrpcClientProtocolClient.java:onNext(254)) - client-7F7296B99608->ffc7b071-00b3-4a69-8de5-2639a1a8d8ac: receive RaftClientReply:client-7F7296B99608->ffc7b071-00b3-4a69-8de5-2639a1a8d8ac@group-6911E2D50CC5, cid=1939, SUCCESS, logIndex=3318, commits[ffc7b071-00b3-4a69-8de5-2639a1a8d8ac:c3320]
2019-06-12 16:04:56,529 INFO  client.GrpcClientProtocolClient (GrpcClientProtocolClient.java:onNext(254)) - client-7F7296B99608->ffc7b071-00b3-4a69-8de5-2639a1a8d8ac: receive RaftClientReply:client-7F7296B99608->ffc7b071-00b3-4a69-8de5-2639a1a8d8ac@group-6911E2D50CC5, cid=1940, SUCCESS, logIndex=3319, commits[ffc7b071-00b3-4a69-8de5-2639a1a8d8ac:c3320]
2019-06-12 16:04:56,535 INFO  client.GrpcClientProtocolClient (GrpcClientProtocolClient.java:onNext(254)) - client-7F7296B99608->ffc7b071-00b3-4a69-8de5-2639a1a8d8ac: receive RaftClientReply:client-7F7296B99608->ffc7b071-00b3-4a69-8de5-2639a1a8d8ac@group-6911E2D50CC5, cid=1941, SUCCESS, logIndex=3321, commits[ffc7b071-00b3-4a69-8de5-2639a1a8d8ac:c3321]
2019-06-12 16:04:56,536 INFO  client.GrpcClientProtocolClient (GrpcClientProtocolClient.java:onNext(254)) - client-7F7296B99608->ffc7b071-00b3-4a69-8de5-2639a1a8d8ac: receive RaftClientReply:client-7F7296B99608->ffc7b071-00b3-4a69-8de5-2639a1a8d8ac@group-6911E2D50CC5, cid=1942, SUCCESS, logIndex=3323, commits[ffc7b071-00b3-4a69-8de5-2639a1a8d8ac:c3323]
2019-06-12 16:04:56,538 INFO  client.GrpcClientProtocolClient (GrpcClientProtocolClient.java:onNext(254)) - client-7F7296B99608->ffc7b071-00b3-4a69-8de5-2639a1a8d8ac: receive RaftClientReply:client-7F7296B99608->ffc7b071-00b3-4a69-8de5-2639a1a8d8ac@group-6911E2D50CC5, cid=1943, SUCCESS, logIndex=3325, commits[ffc7b071-00b3-4a69-8de5-2639a1a8d8ac:c3326]
2019-06-12 16:04:56,538 INFO  client.GrpcClientProtocolClient (GrpcClientProtocolClient.java:onNext(254)) - client-7F7296B99608->ffc7b071-00b3-4a69-8de5-2639a1a8d8ac: receive RaftClientReply:client-7F7296B99608->ffc7b071-00b3-4a69-8de5-2639a1a8d8ac@group-6911E2D50CC5, cid=1944, SUCCESS, logIndex=3326, commits[ffc7b071-00b3-4a69-8de5-2639a1a8d8ac:c3326]
2019-06-12 16:04:56,592 DEBUG block.SCMBlockDeletingService (SCMBlockDeletingService.java:call(138)) - Running DeletedBlockTransactionScanner
2019-06-12 16:04:56,592 DEBUG block.SCMBlockDeletingService (SCMBlockDeletingService.java:call(155)) - Scanned deleted blocks log and got 0 delTX to process.
2019-06-12 16:04:56,613 INFO  client.GrpcClientProtocolClient (GrpcClientProtocolClient.java:onNext(254)) - client-7F7296B99608->ffc7b071-00b3-4a69-8de5-2639a1a8d8ac: receive RaftClientReply:client-7F7296B99608->ffc7b071-00b3-4a69-8de5-2639a1a8d8ac@group-6911E2D50CC5, cid=1945, SUCCESS, logIndex=3328, commits[ffc7b071-00b3-4a69-8de5-2639a1a8d8ac:c3328]
2019-06-12 16:04:56,614 INFO  client.GrpcClientProtocolClient (GrpcClientProtocolClient.java:onNext(254)) - client-7F7296B99608->ffc7b071-00b3-4a69-8de5-2639a1a8d8ac: receive RaftClientReply:client-7F7296B99608->ffc7b071-00b3-4a69-8de5-2639a1a8d8ac@group-6911E2D50CC5, cid=1946, SUCCESS, logIndex=3330, commits[ffc7b071-00b3-4a69-8de5-2639a1a8d8ac:c3330]
2019-06-12 16:04:56,616 INFO  client.GrpcClientProtocolClient (GrpcClientProtocolClient.java:onNext(254)) - client-7F7296B99608->ffc7b071-00b3-4a69-8de5-2639a1a8d8ac: receive RaftClientReply:client-7F7296B99608->ffc7b071-00b3-4a69-8de5-2639a1a8d8ac@group-6911E2D50CC5, cid=1947, SUCCESS, logIndex=3331, commits[ffc7b071-00b3-4a69-8de5-2639a1a8d8ac:c3333]
2019-06-12 16:04:56,617 INFO  client.GrpcClientProtocolClient (GrpcClientProtocolClient.java:onNext(254)) - client-7F7296B99608->ffc7b071-00b3-4a69-8de5-2639a1a8d8ac: receive RaftClientReply:client-7F7296B99608->ffc7b071-00b3-4a69-8de5-2639a1a8d8ac@group-6911E2D50CC5, cid=1948, SUCCESS, logIndex=3332, commits[ffc7b071-00b3-4a69-8de5-2639a1a8d8ac:c3333]
2019-06-12 16:04:56,623 INFO  client.GrpcClientProtocolClient (GrpcClientProtocolClient.java:onNext(254)) - client-7F7296B99608->ffc7b071-00b3-4a69-8de5-2639a1a8d8ac: receive RaftClientReply:client-7F7296B99608->ffc7b071-00b3-4a69-8de5-2639a1a8d8ac@group-6911E2D50CC5, cid=1949, SUCCESS, logIndex=3334, commits[ffc7b071-00b3-4a69-8de5-2639a1a8d8ac:c3334]
2019-06-12 16:04:56,624 INFO  client.GrpcClientProtocolClient (GrpcClientProtocolClient.java:onNext(254)) - client-7F7296B99608->ffc7b071-00b3-4a69-8de5-2639a1a8d8ac: receive RaftClientReply:client-7F7296B99608->ffc7b071-00b3-4a69-8de5-2639a1a8d8ac@group-6911E2D50CC5, cid=1950, SUCCESS, logIndex=3336, commits[ffc7b071-00b3-4a69-8de5-2639a1a8d8ac:c3336]
2019-06-12 16:04:56,625 INFO  client.GrpcClientProtocolClient (GrpcClientProtocolClient.java:onNext(254)) - client-7F7296B99608->ffc7b071-00b3-4a69-8de5-2639a1a8d8ac: receive RaftClientReply:client-7F7296B99608->ffc7b071-00b3-4a69-8de5-2639a1a8d8ac@group-6911E2D50CC5, cid=1951, SUCCESS, logIndex=3337, commits[ffc7b071-00b3-4a69-8de5-2639a1a8d8ac:c3339]
2019-06-12 16:04:56,625 INFO  client.GrpcClientProtocolClient (GrpcClientProtocolClient.java:onNext(254)) - client-7F7296B99608->ffc7b071-00b3-4a69-8de5-2639a1a8d8ac: receive RaftClientReply:client-7F7296B99608->ffc7b071-00b3-4a69-8de5-2639a1a8d8ac@group-6911E2D50CC5, cid=1952, SUCCESS, logIndex=3338, commits[ffc7b071-00b3-4a69-8de5-2639a1a8d8ac:c3339]
2019-06-12 16:04:56,635 INFO  client.GrpcClientProtocolClient (GrpcClientProtocolClient.java:onNext(254)) - client-7F7296B99608->ffc7b071-00b3-4a69-8de5-2639a1a8d8ac: receive RaftClientReply:client-7F7296B99608->ffc7b071-00b3-4a69-8de5-2639a1a8d8ac@group-6911E2D50CC5, cid=1953, SUCCESS, logIndex=3340, commits[ffc7b071-00b3-4a69-8de5-2639a1a8d8ac:c3340]
2019-06-12 16:04:56,636 INFO  client.GrpcClientProtocolClient (GrpcClientProtocolClient.java:onNext(254)) - client-7F7296B99608->ffc7b071-00b3-4a69-8de5-2639a1a8d8ac: receive RaftClientReply:client-7F7296B99608->ffc7b071-00b3-4a69-8de5-2639a1a8d8ac@group-6911E2D50CC5, cid=1954, SUCCESS, logIndex=3342, commits[ffc7b071-00b3-4a69-8de5-2639a1a8d8ac:c3342]
2019-06-12 16:04:56,638 INFO  client.GrpcClientProtocolClient (GrpcClientProtocolClient.java:onNext(254)) - client-7F7296B99608->ffc7b071-00b3-4a69-8de5-2639a1a8d8ac: receive RaftClientReply:client-7F7296B99608->ffc7b071-00b3-4a69-8de5-2639a1a8d8ac@group-6911E2D50CC5, cid=1955, SUCCESS, logIndex=3343, commits[ffc7b071-00b3-4a69-8de5-2639a1a8d8ac:c3345]
2019-06-12 16:04:56,638 INFO  client.GrpcClientProtocolClient (GrpcClientProtocolClient.java:onNext(254)) - client-7F7296B99608->ffc7b071-00b3-4a69-8de5-2639a1a8d8ac: receive RaftClientReply:client-7F7296B99608->ffc7b071-00b3-4a69-8de5-2639a1a8d8ac@group-6911E2D50CC5, cid=1956, SUCCESS, logIndex=3344, commits[ffc7b071-00b3-4a69-8de5-2639a1a8d8ac:c3345]
2019-06-12 16:04:56,643 INFO  client.GrpcClientProtocolClient (GrpcClientProtocolClient.java:onNext(254)) - client-7F7296B99608->ffc7b071-00b3-4a69-8de5-2639a1a8d8ac: receive RaftClientReply:client-7F7296B99608->ffc7b071-00b3-4a69-8de5-2639a1a8d8ac@group-6911E2D50CC5, cid=1957, SUCCESS, logIndex=3346, commits[ffc7b071-00b3-4a69-8de5-2639a1a8d8ac:c3346]
2019-06-12 16:04:56,644 INFO  client.GrpcClientProtocolClient (GrpcClientProtocolClient.java:onNext(254)) - client-7F7296B99608->ffc7b071-00b3-4a69-8de5-2639a1a8d8ac: receive RaftClientReply:client-7F7296B99608->ffc7b071-00b3-4a69-8de5-2639a1a8d8ac@group-6911E2D50CC5, cid=1958, SUCCESS, logIndex=3348, commits[ffc7b071-00b3-4a69-8de5-2639a1a8d8ac:c3348]
2019-06-12 16:04:56,645 INFO  client.GrpcClientProtocolClient (GrpcClientProtocolClient.java:onNext(254)) - client-7F7296B99608->ffc7b071-00b3-4a69-8de5-2639a1a8d8ac: receive RaftClientReply:client-7F7296B99608->ffc7b071-00b3-4a69-8de5-2639a1a8d8ac@group-6911E2D50CC5, cid=1959, SUCCESS, logIndex=3349, commits[ffc7b071-00b3-4a69-8de5-2639a1a8d8ac:c3351]
2019-06-12 16:04:56,645 INFO  client.GrpcClientProtocolClient (GrpcClientProtocolClient.java:onNext(254)) - client-7F7296B99608->ffc7b071-00b3-4a69-8de5-2639a1a8d8ac: receive RaftClientReply:client-7F7296B99608->ffc7b071-00b3-4a69-8de5-2639a1a8d8ac@group-6911E2D50CC5, cid=1960, SUCCESS, logIndex=3350, commits[ffc7b071-00b3-4a69-8de5-2639a1a8d8ac:c3351]
2019-06-12 16:04:56,654 INFO  client.GrpcClientProtocolClient (GrpcClientProtocolClient.java:onNext(254)) - client-7F7296B99608->ffc7b071-00b3-4a69-8de5-2639a1a8d8ac: receive RaftClientReply:client-7F7296B99608->ffc7b071-00b3-4a69-8de5-2639a1a8d8ac@group-6911E2D50CC5, cid=1961, SUCCESS, logIndex=3352, commits[ffc7b071-00b3-4a69-8de5-2639a1a8d8ac:c3352]
2019-06-12 16:04:56,655 INFO  client.GrpcClientProtocolClient (GrpcClientProtocolClient.java:onNext(254)) - client-7F7296B99608->ffc7b071-00b3-4a69-8de5-2639a1a8d8ac: receive RaftClientReply:client-7F7296B99608->ffc7b071-00b3-4a69-8de5-2639a1a8d8ac@group-6911E2D50CC5, cid=1962, SUCCESS, logIndex=3354, commits[ffc7b071-00b3-4a69-8de5-2639a1a8d8ac:c3354]
2019-06-12 16:04:56,656 INFO  client.GrpcClientProtocolClient (GrpcClientProtocolClient.java:onNext(254)) - client-7F7296B99608->ffc7b071-00b3-4a69-8de5-2639a1a8d8ac: receive RaftClientReply:client-7F7296B99608->ffc7b071-00b3-4a69-8de5-2639a1a8d8ac@group-6911E2D50CC5, cid=1963, SUCCESS, logIndex=3355, commits[ffc7b071-00b3-4a69-8de5-2639a1a8d8ac:c3357]
2019-06-12 16:04:56,656 INFO  client.GrpcClientProtocolClient (GrpcClientProtocolClient.java:onNext(254)) - client-7F7296B99608->ffc7b071-00b3-4a69-8de5-2639a1a8d8ac: receive RaftClientReply:client-7F7296B99608->ffc7b071-00b3-4a69-8de5-2639a1a8d8ac@group-6911E2D50CC5, cid=1964, SUCCESS, logIndex=3357, commits[ffc7b071-00b3-4a69-8de5-2639a1a8d8ac:c3357]
2019-06-12 16:04:56,661 INFO  client.GrpcClientProtocolClient (GrpcClientProtocolClient.java:onNext(254)) - client-7F7296B99608->ffc7b071-00b3-4a69-8de5-2639a1a8d8ac: receive RaftClientReply:client-7F7296B99608->ffc7b071-00b3-4a69-8de5-2639a1a8d8ac@group-6911E2D50CC5, cid=1965, SUCCESS, logIndex=3359, commits[ffc7b071-00b3-4a69-8de5-2639a1a8d8ac:c3359]
2019-06-12 16:04:56,663 INFO  client.GrpcClientProtocolClient (GrpcClientProtocolClient.java:onNext(254)) - client-7F7296B99608->ffc7b071-00b3-4a69-8de5-2639a1a8d8ac: receive RaftClientReply:client-7F7296B99608->ffc7b071-00b3-4a69-8de5-2639a1a8d8ac@group-6911E2D50CC5, cid=1966, SUCCESS, logIndex=3361, commits[ffc7b071-00b3-4a69-8de5-2639a1a8d8ac:c3361]
2019-06-12 16:04:56,664 INFO  client.GrpcClientProtocolClient (GrpcClientProtocolClient.java:onNext(254)) - client-7F7296B99608->ffc7b071-00b3-4a69-8de5-2639a1a8d8ac: receive RaftClientReply:client-7F7296B99608->ffc7b071-00b3-4a69-8de5-2639a1a8d8ac@group-6911E2D50CC5, cid=1967, SUCCESS, logIndex=3362, commits[ffc7b071-00b3-4a69-8de5-2639a1a8d8ac:c3364]
2019-06-12 16:04:56,664 INFO  client.GrpcClientProtocolClient (GrpcClientProtocolClient.java:onNext(254)) - client-7F7296B99608->ffc7b071-00b3-4a69-8de5-2639a1a8d8ac: receive RaftClientReply:client-7F7296B99608->ffc7b071-00b3-4a69-8de5-2639a1a8d8ac@group-6911E2D50CC5, cid=1968, SUCCESS, logIndex=3363, commits[ffc7b071-00b3-4a69-8de5-2639a1a8d8ac:c3364]
2019-06-12 16:04:56,673 INFO  client.GrpcClientProtocolClient (GrpcClientProtocolClient.java:onNext(254)) - client-7F7296B99608->ffc7b071-00b3-4a69-8de5-2639a1a8d8ac: receive RaftClientReply:client-7F7296B99608->ffc7b071-00b3-4a69-8de5-2639a1a8d8ac@group-6911E2D50CC5, cid=1969, SUCCESS, logIndex=3365, commits[ffc7b071-00b3-4a69-8de5-2639a1a8d8ac:c3365]
2019-06-12 16:04:56,673 INFO  storage.RaftLogWorker (RaftLogWorker.java:rollLogSegment(303)) - ffc7b071-00b3-4a69-8de5-2639a1a8d8ac-RaftLogWorker: Rolling segment log-3299_3367 to index:3367
2019-06-12 16:04:56,674 INFO  storage.RaftLogWorker (RaftLogWorker.java:execute(433)) - ffc7b071-00b3-4a69-8de5-2639a1a8d8ac-RaftLogWorker: Rolled log segment from /opt/src/hadoop-ozone/integration-test/target/test-dir/MiniOzoneClusterImpl-a1c7246e-c692-4524-ad55-32b507b20431/datanode-0/data/ratis/4417d833-4fb6-4fa2-9413-6911e2d50cc5/current/log_inprogress_3299 to /opt/src/hadoop-ozone/integration-test/target/test-dir/MiniOzoneClusterImpl-a1c7246e-c692-4524-ad55-32b507b20431/datanode-0/data/ratis/4417d833-4fb6-4fa2-9413-6911e2d50cc5/current/log_3299-3367
2019-06-12 16:04:56,675 INFO  client.GrpcClientProtocolClient (GrpcClientProtocolClient.java:onNext(254)) - client-7F7296B99608->ffc7b071-00b3-4a69-8de5-2639a1a8d8ac: receive RaftClientReply:client-7F7296B99608->ffc7b071-00b3-4a69-8de5-2639a1a8d8ac@group-6911E2D50CC5, cid=1970, SUCCESS, logIndex=3367, commits[ffc7b071-00b3-4a69-8de5-2639a1a8d8ac:c3367]
2019-06-12 16:04:56,692 DEBUG block.SCMBlockDeletingService (SCMBlockDeletingService.java:call(138)) - Running DeletedBlockTransactionScanner
2019-06-12 16:04:56,693 DEBUG block.SCMBlockDeletingService (SCMBlockDeletingService.java:call(155)) - Scanned deleted blocks log and got 0 delTX to process.
2019-06-12 16:04:56,710 INFO  storage.RaftLogWorker (RaftLogWorker.java:execute(469)) - ffc7b071-00b3-4a69-8de5-2639a1a8d8ac-RaftLogWorker: created new log segment /opt/src/hadoop-ozone/integration-test/target/test-dir/MiniOzoneClusterImpl-a1c7246e-c692-4524-ad55-32b507b20431/datanode-0/data/ratis/4417d833-4fb6-4fa2-9413-6911e2d50cc5/current/log_inprogress_3368
2019-06-12 16:04:56,712 INFO  client.GrpcClientProtocolClient (GrpcClientProtocolClient.java:onNext(254)) - client-7F7296B99608->ffc7b071-00b3-4a69-8de5-2639a1a8d8ac: receive RaftClientReply:client-7F7296B99608->ffc7b071-00b3-4a69-8de5-2639a1a8d8ac@group-6911E2D50CC5, cid=1971, SUCCESS, logIndex=3368, commits[ffc7b071-00b3-4a69-8de5-2639a1a8d8ac:c3370]
2019-06-12 16:04:56,712 INFO  client.GrpcClientProtocolClient (GrpcClientProtocolClient.java:onNext(254)) - client-7F7296B99608->ffc7b071-00b3-4a69-8de5-2639a1a8d8ac: receive RaftClientReply:client-7F7296B99608->ffc7b071-00b3-4a69-8de5-2639a1a8d8ac@group-6911E2D50CC5, cid=1972, SUCCESS, logIndex=3369, commits[ffc7b071-00b3-4a69-8de5-2639a1a8d8ac:c3370]
2019-06-12 16:04:56,717 INFO  client.GrpcClientProtocolClient (GrpcClientProtocolClient.java:onNext(254)) - client-7F7296B99608->ffc7b071-00b3-4a69-8de5-2639a1a8d8ac: receive RaftClientReply:client-7F7296B99608->ffc7b071-00b3-4a69-8de5-2639a1a8d8ac@group-6911E2D50CC5, cid=1973, SUCCESS, logIndex=3371, commits[ffc7b071-00b3-4a69-8de5-2639a1a8d8ac:c3371]
2019-06-12 16:04:56,719 INFO  client.GrpcClientProtocolClient (GrpcClientProtocolClient.java:onNext(254)) - client-7F7296B99608->ffc7b071-00b3-4a69-8de5-2639a1a8d8ac: receive RaftClientReply:client-7F7296B99608->ffc7b071-00b3-4a69-8de5-2639a1a8d8ac@group-6911E2D50CC5, cid=1974, SUCCESS, logIndex=3373, commits[ffc7b071-00b3-4a69-8de5-2639a1a8d8ac:c3373]
2019-06-12 16:04:56,720 INFO  client.GrpcClientProtocolClient (GrpcClientProtocolClient.java:onNext(254)) - client-7F7296B99608->ffc7b071-00b3-4a69-8de5-2639a1a8d8ac: receive RaftClientReply:client-7F7296B99608->ffc7b071-00b3-4a69-8de5-2639a1a8d8ac@group-6911E2D50CC5, cid=1975, SUCCESS, logIndex=3374, commits[ffc7b071-00b3-4a69-8de5-2639a1a8d8ac:c3376]
2019-06-12 16:04:56,720 INFO  client.GrpcClientProtocolClient (GrpcClientProtocolClient.java:onNext(254)) - client-7F7296B99608->ffc7b071-00b3-4a69-8de5-2639a1a8d8ac: receive RaftClientReply:client-7F7296B99608->ffc7b071-00b3-4a69-8de5-2639a1a8d8ac@group-6911E2D50CC5, cid=1976, SUCCESS, logIndex=3375, commits[ffc7b071-00b3-4a69-8de5-2639a1a8d8ac:c3376]
2019-06-12 16:04:56,770 INFO  client.GrpcClientProtocolClient (GrpcClientProtocolClient.java:onNext(254)) - client-7F7296B99608->ffc7b071-00b3-4a69-8de5-2639a1a8d8ac: receive RaftClientReply:client-7F7296B99608->ffc7b071-00b3-4a69-8de5-2639a1a8d8ac@group-6911E2D50CC5, cid=1977, SUCCESS, logIndex=3377, commits[ffc7b071-00b3-4a69-8de5-2639a1a8d8ac:c3377]
2019-06-12 16:04:56,772 INFO  client.GrpcClientProtocolClient (GrpcClientProtocolClient.java:onNext(254)) - client-7F7296B99608->ffc7b071-00b3-4a69-8de5-2639a1a8d8ac: receive RaftClientReply:client-7F7296B99608->ffc7b071-00b3-4a69-8de5-2639a1a8d8ac@group-6911E2D50CC5, cid=1978, SUCCESS, logIndex=3379, commits[ffc7b071-00b3-4a69-8de5-2639a1a8d8ac:c3379]
2019-06-12 16:04:56,773 INFO  client.GrpcClientProtocolClient (GrpcClientProtocolClient.java:onNext(254)) - client-7F7296B99608->ffc7b071-00b3-4a69-8de5-2639a1a8d8ac: receive RaftClientReply:client-7F7296B99608->ffc7b071-00b3-4a69-8de5-2639a1a8d8ac@group-6911E2D50CC5, cid=1979, SUCCESS, logIndex=3380, commits[ffc7b071-00b3-4a69-8de5-2639a1a8d8ac:c3382]
2019-06-12 16:04:56,773 INFO  client.GrpcClientProtocolClient (GrpcClientProtocolClient.java:onNext(254)) - client-7F7296B99608->ffc7b071-00b3-4a69-8de5-2639a1a8d8ac: receive RaftClientReply:client-7F7296B99608->ffc7b071-00b3-4a69-8de5-2639a1a8d8ac@group-6911E2D50CC5, cid=1980, SUCCESS, logIndex=3381, commits[ffc7b071-00b3-4a69-8de5-2639a1a8d8ac:c3382]
2019-06-12 16:04:56,778 INFO  client.GrpcClientProtocolClient (GrpcClientProtocolClient.java:onNext(254)) - client-7F7296B99608->ffc7b071-00b3-4a69-8de5-2639a1a8d8ac: receive RaftClientReply:client-7F7296B99608->ffc7b071-00b3-4a69-8de5-2639a1a8d8ac@group-6911E2D50CC5, cid=1981, SUCCESS, logIndex=3383, commits[ffc7b071-00b3-4a69-8de5-2639a1a8d8ac:c3383]
2019-06-12 16:04:56,780 INFO  client.GrpcClientProtocolClient (GrpcClientProtocolClient.java:onNext(254)) - client-7F7296B99608->ffc7b071-00b3-4a69-8de5-2639a1a8d8ac: receive RaftClientReply:client-7F7296B99608->ffc7b071-00b3-4a69-8de5-2639a1a8d8ac@group-6911E2D50CC5, cid=1982, SUCCESS, logIndex=3385, commits[ffc7b071-00b3-4a69-8de5-2639a1a8d8ac:c3385]
2019-06-12 16:04:56,781 INFO  client.GrpcClientProtocolClient (GrpcClientProtocolClient.java:onNext(254)) - client-7F7296B99608->ffc7b071-00b3-4a69-8de5-2639a1a8d8ac: receive RaftClientReply:client-7F7296B99608->ffc7b071-00b3-4a69-8de5-2639a1a8d8ac@group-6911E2D50CC5, cid=1983, SUCCESS, logIndex=3386, commits[ffc7b071-00b3-4a69-8de5-2639a1a8d8ac:c3388]
2019-06-12 16:04:56,781 INFO  client.GrpcClientProtocolClient (GrpcClientProtocolClient.java:onNext(254)) - client-7F7296B99608->ffc7b071-00b3-4a69-8de5-2639a1a8d8ac: receive RaftClientReply:client-7F7296B99608->ffc7b071-00b3-4a69-8de5-2639a1a8d8ac@group-6911E2D50CC5, cid=1984, SUCCESS, logIndex=3387, commits[ffc7b071-00b3-4a69-8de5-2639a1a8d8ac:c3388]
2019-06-12 16:04:56,789 INFO  client.GrpcClientProtocolClient (GrpcClientProtocolClient.java:onNext(254)) - client-7F7296B99608->ffc7b071-00b3-4a69-8de5-2639a1a8d8ac: receive RaftClientReply:client-7F7296B99608->ffc7b071-00b3-4a69-8de5-2639a1a8d8ac@group-6911E2D50CC5, cid=1985, SUCCESS, logIndex=3389, commits[ffc7b071-00b3-4a69-8de5-2639a1a8d8ac:c3389]
2019-06-12 16:04:56,791 INFO  client.GrpcClientProtocolClient (GrpcClientProtocolClient.java:onNext(254)) - client-7F7296B99608->ffc7b071-00b3-4a69-8de5-2639a1a8d8ac: receive RaftClientReply:client-7F7296B99608->ffc7b071-00b3-4a69-8de5-2639a1a8d8ac@group-6911E2D50CC5, cid=1986, SUCCESS, logIndex=3391, commits[ffc7b071-00b3-4a69-8de5-2639a1a8d8ac:c3391]
2019-06-12 16:04:56,792 INFO  client.GrpcClientProtocolClient (GrpcClientProtocolClient.java:onNext(254)) - client-7F7296B99608->ffc7b071-00b3-4a69-8de5-2639a1a8d8ac: receive RaftClientReply:client-7F7296B99608->ffc7b071-00b3-4a69-8de5-2639a1a8d8ac@group-6911E2D50CC5, cid=1987, SUCCESS, logIndex=3392, commits[ffc7b071-00b3-4a69-8de5-2639a1a8d8ac:c3393]
2019-06-12 16:04:56,793 INFO  client.GrpcClientProtocolClient (GrpcClientProtocolClient.java:onNext(254)) - client-7F7296B99608->ffc7b071-00b3-4a69-8de5-2639a1a8d8ac: receive RaftClientReply:client-7F7296B99608->ffc7b071-00b3-4a69-8de5-2639a1a8d8ac@group-6911E2D50CC5, cid=1988, SUCCESS, logIndex=3394, commits[ffc7b071-00b3-4a69-8de5-2639a1a8d8ac:c3394]
2019-06-12 16:04:56,793 DEBUG block.SCMBlockDeletingService (SCMBlockDeletingService.java:call(138)) - Running DeletedBlockTransactionScanner
2019-06-12 16:04:56,793 DEBUG block.SCMBlockDeletingService (SCMBlockDeletingService.java:call(155)) - Scanned deleted blocks log and got 0 delTX to process.
2019-06-12 16:04:56,865 INFO  client.GrpcClientProtocolClient (GrpcClientProtocolClient.java:onNext(254)) - client-7F7296B99608->ffc7b071-00b3-4a69-8de5-2639a1a8d8ac: receive RaftClientReply:client-7F7296B99608->ffc7b071-00b3-4a69-8de5-2639a1a8d8ac@group-6911E2D50CC5, cid=1989, SUCCESS, logIndex=3396, commits[ffc7b071-00b3-4a69-8de5-2639a1a8d8ac:c3396]
2019-06-12 16:04:56,867 INFO  client.GrpcClientProtocolClient (GrpcClientProtocolClient.java:onNext(254)) - client-7F7296B99608->ffc7b071-00b3-4a69-8de5-2639a1a8d8ac: receive RaftClientReply:client-7F7296B99608->ffc7b071-00b3-4a69-8de5-2639a1a8d8ac@group-6911E2D50CC5, cid=1990, SUCCESS, logIndex=3398, commits[ffc7b071-00b3-4a69-8de5-2639a1a8d8ac:c3398]
2019-06-12 16:04:56,868 INFO  client.GrpcClientProtocolClient (GrpcClientProtocolClient.java:onNext(254)) - client-7F7296B99608->ffc7b071-00b3-4a69-8de5-2639a1a8d8ac: receive RaftClientReply:client-7F7296B99608->ffc7b071-00b3-4a69-8de5-2639a1a8d8ac@group-6911E2D50CC5, cid=1991, SUCCESS, logIndex=3399, commits[ffc7b071-00b3-4a69-8de5-2639a1a8d8ac:c3401]
2019-06-12 16:04:56,868 INFO  client.GrpcClientProtocolClient (GrpcClientProtocolClient.java:onNext(254)) - client-7F7296B99608->ffc7b071-00b3-4a69-8de5-2639a1a8d8ac: receive RaftClientReply:client-7F7296B99608->ffc7b071-00b3-4a69-8de5-2639a1a8d8ac@group-6911E2D50CC5, cid=1992, SUCCESS, logIndex=3400, commits[ffc7b071-00b3-4a69-8de5-2639a1a8d8ac:c3401]
2019-06-12 16:04:56,876 INFO  client.GrpcClientProtocolClient (GrpcClientProtocolClient.java:onNext(254)) - client-7F7296B99608->ffc7b071-00b3-4a69-8de5-2639a1a8d8ac: receive RaftClientReply:client-7F7296B99608->ffc7b071-00b3-4a69-8de5-2639a1a8d8ac@group-6911E2D50CC5, cid=1993, SUCCESS, logIndex=3402, commits[ffc7b071-00b3-4a69-8de5-2639a1a8d8ac:c3402]
2019-06-12 16:04:56,878 INFO  client.GrpcClientProtocolClient (GrpcClientProtocolClient.java:onNext(254)) - client-7F7296B99608->ffc7b071-00b3-4a69-8de5-2639a1a8d8ac: receive RaftClientReply:client-7F7296B99608->ffc7b071-00b3-4a69-8de5-2639a1a8d8ac@group-6911E2D50CC5, cid=1994, SUCCESS, logIndex=3404, commits[ffc7b071-00b3-4a69-8de5-2639a1a8d8ac:c3404]
2019-06-12 16:04:56,879 INFO  client.GrpcClientProtocolClient (GrpcClientProtocolClient.java:onNext(254)) - client-7F7296B99608->ffc7b071-00b3-4a69-8de5-2639a1a8d8ac: receive RaftClientReply:client-7F7296B99608->ffc7b071-00b3-4a69-8de5-2639a1a8d8ac@group-6911E2D50CC5, cid=1995, SUCCESS, logIndex=3405, commits[ffc7b071-00b3-4a69-8de5-2639a1a8d8ac:c3407]
2019-06-12 16:04:56,879 INFO  client.GrpcClientProtocolClient (GrpcClientProtocolClient.java:onNext(254)) - client-7F7296B99608->ffc7b071-00b3-4a69-8de5-2639a1a8d8ac: receive RaftClientReply:client-7F7296B99608->ffc7b071-00b3-4a69-8de5-2639a1a8d8ac@group-6911E2D50CC5, cid=1996, SUCCESS, logIndex=3406, commits[ffc7b071-00b3-4a69-8de5-2639a1a8d8ac:c3407]
2019-06-12 16:04:56,884 INFO  client.GrpcClientProtocolClient (GrpcClientProtocolClient.java:onNext(254)) - client-7F7296B99608->ffc7b071-00b3-4a69-8de5-2639a1a8d8ac: receive RaftClientReply:client-7F7296B99608->ffc7b071-00b3-4a69-8de5-2639a1a8d8ac@group-6911E2D50CC5, cid=1997, SUCCESS, logIndex=3408, commits[ffc7b071-00b3-4a69-8de5-2639a1a8d8ac:c3408]
2019-06-12 16:04:56,886 INFO  client.GrpcClientProtocolClient (GrpcClientProtocolClient.java:onNext(254)) - client-7F7296B99608->ffc7b071-00b3-4a69-8de5-2639a1a8d8ac: receive RaftClientReply:client-7F7296B99608->ffc7b071-00b3-4a69-8de5-2639a1a8d8ac@group-6911E2D50CC5, cid=1998, SUCCESS, logIndex=3410, commits[ffc7b071-00b3-4a69-8de5-2639a1a8d8ac:c3410]
2019-06-12 16:04:56,886 INFO  client.GrpcClientProtocolClient (GrpcClientProtocolClient.java:onNext(254)) - client-7F7296B99608->ffc7b071-00b3-4a69-8de5-2639a1a8d8ac: receive RaftClientReply:client-7F7296B99608->ffc7b071-00b3-4a69-8de5-2639a1a8d8ac@group-6911E2D50CC5, cid=1999, SUCCESS, logIndex=3411, commits[ffc7b071-00b3-4a69-8de5-2639a1a8d8ac:c3413]
2019-06-12 16:04:56,887 INFO  client.GrpcClientProtocolClient (GrpcClientProtocolClient.java:onNext(254)) - client-7F7296B99608->ffc7b071-00b3-4a69-8de5-2639a1a8d8ac: receive RaftClientReply:client-7F7296B99608->ffc7b071-00b3-4a69-8de5-2639a1a8d8ac@group-6911E2D50CC5, cid=2000, SUCCESS, logIndex=3412, commits[ffc7b071-00b3-4a69-8de5-2639a1a8d8ac:c3413]
2019-06-12 16:04:56,893 DEBUG block.SCMBlockDeletingService (SCMBlockDeletingService.java:call(138)) - Running DeletedBlockTransactionScanner
2019-06-12 16:04:56,894 DEBUG block.SCMBlockDeletingService (SCMBlockDeletingService.java:call(155)) - Scanned deleted blocks log and got 0 delTX to process.
2019-06-12 16:04:56,895 INFO  client.GrpcClientProtocolClient (GrpcClientProtocolClient.java:onNext(254)) - client-7F7296B99608->ffc7b071-00b3-4a69-8de5-2639a1a8d8ac: receive RaftClientReply:client-7F7296B99608->ffc7b071-00b3-4a69-8de5-2639a1a8d8ac@group-6911E2D50CC5, cid=2001, SUCCESS, logIndex=3414, commits[ffc7b071-00b3-4a69-8de5-2639a1a8d8ac:c3414]
2019-06-12 16:04:56,896 INFO  client.GrpcClientProtocolClient (GrpcClientProtocolClient.java:onNext(254)) - client-7F7296B99608->ffc7b071-00b3-4a69-8de5-2639a1a8d8ac: receive RaftClientReply:client-7F7296B99608->ffc7b071-00b3-4a69-8de5-2639a1a8d8ac@group-6911E2D50CC5, cid=2002, SUCCESS, logIndex=3416, commits[ffc7b071-00b3-4a69-8de5-2639a1a8d8ac:c3416]
2019-06-12 16:04:56,898 INFO  client.GrpcClientProtocolClient (GrpcClientProtocolClient.java:onNext(254)) - client-7F7296B99608->ffc7b071-00b3-4a69-8de5-2639a1a8d8ac: receive RaftClientReply:client-7F7296B99608->ffc7b071-00b3-4a69-8de5-2639a1a8d8ac@group-6911E2D50CC5, cid=2003, SUCCESS, logIndex=3417, commits[ffc7b071-00b3-4a69-8de5-2639a1a8d8ac:c3419]
2019-06-12 16:04:56,898 INFO  client.GrpcClientProtocolClient (GrpcClientProtocolClient.java:onNext(254)) - client-7F7296B99608->ffc7b071-00b3-4a69-8de5-2639a1a8d8ac: receive RaftClientReply:client-7F7296B99608->ffc7b071-00b3-4a69-8de5-2639a1a8d8ac@group-6911E2D50CC5, cid=2004, SUCCESS, logIndex=3418, commits[ffc7b071-00b3-4a69-8de5-2639a1a8d8ac:c3419]
2019-06-12 16:04:56,902 INFO  client.GrpcClientProtocolClient (GrpcClientProtocolClient.java:onNext(254)) - client-7F7296B99608->ffc7b071-00b3-4a69-8de5-2639a1a8d8ac: receive RaftClientReply:client-7F7296B99608->ffc7b071-00b3-4a69-8de5-2639a1a8d8ac@group-6911E2D50CC5, cid=2005, SUCCESS, logIndex=3420, commits[ffc7b071-00b3-4a69-8de5-2639a1a8d8ac:c3420]
2019-06-12 16:04:56,903 INFO  client.GrpcClientProtocolClient (GrpcClientProtocolClient.java:onNext(254)) - client-7F7296B99608->ffc7b071-00b3-4a69-8de5-2639a1a8d8ac: receive RaftClientReply:client-7F7296B99608->ffc7b071-00b3-4a69-8de5-2639a1a8d8ac@group-6911E2D50CC5, cid=2006, SUCCESS, logIndex=3422, commits[ffc7b071-00b3-4a69-8de5-2639a1a8d8ac:c3422]
2019-06-12 16:04:56,905 INFO  client.GrpcClientProtocolClient (GrpcClientProtocolClient.java:onNext(254)) - client-7F7296B99608->ffc7b071-00b3-4a69-8de5-2639a1a8d8ac: receive RaftClientReply:client-7F7296B99608->ffc7b071-00b3-4a69-8de5-2639a1a8d8ac@group-6911E2D50CC5, cid=2007, SUCCESS, logIndex=3423, commits[ffc7b071-00b3-4a69-8de5-2639a1a8d8ac:c3425]
2019-06-12 16:04:56,905 INFO  client.GrpcClientProtocolClient (GrpcClientProtocolClient.java:onNext(254)) - client-7F7296B99608->ffc7b071-00b3-4a69-8de5-2639a1a8d8ac: receive RaftClientReply:client-7F7296B99608->ffc7b071-00b3-4a69-8de5-2639a1a8d8ac@group-6911E2D50CC5, cid=2008, SUCCESS, logIndex=3424, commits[ffc7b071-00b3-4a69-8de5-2639a1a8d8ac:c3425]
2019-06-12 16:04:56,913 INFO  client.GrpcClientProtocolClient (GrpcClientProtocolClient.java:onNext(254)) - client-7F7296B99608->ffc7b071-00b3-4a69-8de5-2639a1a8d8ac: receive RaftClientReply:client-7F7296B99608->ffc7b071-00b3-4a69-8de5-2639a1a8d8ac@group-6911E2D50CC5, cid=2009, SUCCESS, logIndex=3426, commits[ffc7b071-00b3-4a69-8de5-2639a1a8d8ac:c3426]
2019-06-12 16:04:56,914 INFO  client.GrpcClientProtocolClient (GrpcClientProtocolClient.java:onNext(254)) - client-7F7296B99608->ffc7b071-00b3-4a69-8de5-2639a1a8d8ac: receive RaftClientReply:client-7F7296B99608->ffc7b071-00b3-4a69-8de5-2639a1a8d8ac@group-6911E2D50CC5, cid=2010, SUCCESS, logIndex=3428, commits[ffc7b071-00b3-4a69-8de5-2639a1a8d8ac:c3428]
2019-06-12 16:04:56,916 INFO  client.GrpcClientProtocolClient (GrpcClientProtocolClient.java:onNext(254)) - client-7F7296B99608->ffc7b071-00b3-4a69-8de5-2639a1a8d8ac: receive RaftClientReply:client-7F7296B99608->ffc7b071-00b3-4a69-8de5-2639a1a8d8ac@group-6911E2D50CC5, cid=2011, SUCCESS, logIndex=3429, commits[ffc7b071-00b3-4a69-8de5-2639a1a8d8ac:c3431]
2019-06-12 16:04:56,916 INFO  client.GrpcClientProtocolClient (GrpcClientProtocolClient.java:onNext(254)) - client-7F7296B99608->ffc7b071-00b3-4a69-8de5-2639a1a8d8ac: receive RaftClientReply:client-7F7296B99608->ffc7b071-00b3-4a69-8de5-2639a1a8d8ac@group-6911E2D50CC5, cid=2012, SUCCESS, logIndex=3430, commits[ffc7b071-00b3-4a69-8de5-2639a1a8d8ac:c3431]
2019-06-12 16:04:56,921 INFO  storage.RaftLogWorker (RaftLogWorker.java:rollLogSegment(303)) - ffc7b071-00b3-4a69-8de5-2639a1a8d8ac-RaftLogWorker: Rolling segment log-3368_3433 to index:3433
2019-06-12 16:04:56,921 INFO  client.GrpcClientProtocolClient (GrpcClientProtocolClient.java:onNext(254)) - client-7F7296B99608->ffc7b071-00b3-4a69-8de5-2639a1a8d8ac: receive RaftClientReply:client-7F7296B99608->ffc7b071-00b3-4a69-8de5-2639a1a8d8ac@group-6911E2D50CC5, cid=2013, SUCCESS, logIndex=3432, commits[ffc7b071-00b3-4a69-8de5-2639a1a8d8ac:c3432]
2019-06-12 16:04:56,921 INFO  storage.RaftLogWorker (RaftLogWorker.java:execute(433)) - ffc7b071-00b3-4a69-8de5-2639a1a8d8ac-RaftLogWorker: Rolled log segment from /opt/src/hadoop-ozone/integration-test/target/test-dir/MiniOzoneClusterImpl-a1c7246e-c692-4524-ad55-32b507b20431/datanode-0/data/ratis/4417d833-4fb6-4fa2-9413-6911e2d50cc5/current/log_inprogress_3368 to /opt/src/hadoop-ozone/integration-test/target/test-dir/MiniOzoneClusterImpl-a1c7246e-c692-4524-ad55-32b507b20431/datanode-0/data/ratis/4417d833-4fb6-4fa2-9413-6911e2d50cc5/current/log_3368-3433
2019-06-12 16:04:56,957 INFO  storage.RaftLogWorker (RaftLogWorker.java:execute(469)) - ffc7b071-00b3-4a69-8de5-2639a1a8d8ac-RaftLogWorker: created new log segment /opt/src/hadoop-ozone/integration-test/target/test-dir/MiniOzoneClusterImpl-a1c7246e-c692-4524-ad55-32b507b20431/datanode-0/data/ratis/4417d833-4fb6-4fa2-9413-6911e2d50cc5/current/log_inprogress_3434
2019-06-12 16:04:56,958 INFO  client.GrpcClientProtocolClient (GrpcClientProtocolClient.java:onNext(254)) - client-7F7296B99608->ffc7b071-00b3-4a69-8de5-2639a1a8d8ac: receive RaftClientReply:client-7F7296B99608->ffc7b071-00b3-4a69-8de5-2639a1a8d8ac@group-6911E2D50CC5, cid=2014, SUCCESS, logIndex=3434, commits[ffc7b071-00b3-4a69-8de5-2639a1a8d8ac:c3436]
2019-06-12 16:04:56,959 INFO  client.GrpcClientProtocolClient (GrpcClientProtocolClient.java:onNext(254)) - client-7F7296B99608->ffc7b071-00b3-4a69-8de5-2639a1a8d8ac: receive RaftClientReply:client-7F7296B99608->ffc7b071-00b3-4a69-8de5-2639a1a8d8ac@group-6911E2D50CC5, cid=2015, SUCCESS, logIndex=3435, commits[ffc7b071-00b3-4a69-8de5-2639a1a8d8ac:c3436]
2019-06-12 16:04:56,959 INFO  client.GrpcClientProtocolClient (GrpcClientProtocolClient.java:onNext(254)) - client-7F7296B99608->ffc7b071-00b3-4a69-8de5-2639a1a8d8ac: receive RaftClientReply:client-7F7296B99608->ffc7b071-00b3-4a69-8de5-2639a1a8d8ac@group-6911E2D50CC5, cid=2016, SUCCESS, logIndex=3436, commits[ffc7b071-00b3-4a69-8de5-2639a1a8d8ac:c3436]
2019-06-12 16:04:56,969 INFO  client.GrpcClientProtocolClient (GrpcClientProtocolClient.java:onNext(254)) - client-7F7296B99608->ffc7b071-00b3-4a69-8de5-2639a1a8d8ac: receive RaftClientReply:client-7F7296B99608->ffc7b071-00b3-4a69-8de5-2639a1a8d8ac@group-6911E2D50CC5, cid=2017, SUCCESS, logIndex=3438, commits[ffc7b071-00b3-4a69-8de5-2639a1a8d8ac:c3438]
2019-06-12 16:04:56,970 INFO  client.GrpcClientProtocolClient (GrpcClientProtocolClient.java:onNext(254)) - client-7F7296B99608->ffc7b071-00b3-4a69-8de5-2639a1a8d8ac: receive RaftClientReply:client-7F7296B99608->ffc7b071-00b3-4a69-8de5-2639a1a8d8ac@group-6911E2D50CC5, cid=2018, SUCCESS, logIndex=3440, commits[ffc7b071-00b3-4a69-8de5-2639a1a8d8ac:c3440]
2019-06-12 16:04:56,971 INFO  client.GrpcClientProtocolClient (GrpcClientProtocolClient.java:onNext(254)) - client-7F7296B99608->ffc7b071-00b3-4a69-8de5-2639a1a8d8ac: receive RaftClientReply:client-7F7296B99608->ffc7b071-00b3-4a69-8de5-2639a1a8d8ac@group-6911E2D50CC5, cid=2019, SUCCESS, logIndex=3441, commits[ffc7b071-00b3-4a69-8de5-2639a1a8d8ac:c3443]
2019-06-12 16:04:56,971 INFO  client.GrpcClientProtocolClient (GrpcClientProtocolClient.java:onNext(254)) - client-7F7296B99608->ffc7b071-00b3-4a69-8de5-2639a1a8d8ac: receive RaftClientReply:client-7F7296B99608->ffc7b071-00b3-4a69-8de5-2639a1a8d8ac@group-6911E2D50CC5, cid=2020, SUCCESS, logIndex=3442, commits[ffc7b071-00b3-4a69-8de5-2639a1a8d8ac:c3443]
2019-06-12 16:04:56,976 INFO  client.GrpcClientProtocolClient (GrpcClientProtocolClient.java:onNext(254)) - client-7F7296B99608->ffc7b071-00b3-4a69-8de5-2639a1a8d8ac: receive RaftClientReply:client-7F7296B99608->ffc7b071-00b3-4a69-8de5-2639a1a8d8ac@group-6911E2D50CC5, cid=2021, SUCCESS, logIndex=3444, commits[ffc7b071-00b3-4a69-8de5-2639a1a8d8ac:c3444]
2019-06-12 16:04:56,977 INFO  client.GrpcClientProtocolClient (GrpcClientProtocolClient.java:onNext(254)) - client-7F7296B99608->ffc7b071-00b3-4a69-8de5-2639a1a8d8ac: receive RaftClientReply:client-7F7296B99608->ffc7b071-00b3-4a69-8de5-2639a1a8d8ac@group-6911E2D50CC5, cid=2022, SUCCESS, logIndex=3446, commits[ffc7b071-00b3-4a69-8de5-2639a1a8d8ac:c3446]
2019-06-12 16:04:56,979 INFO  client.GrpcClientProtocolClient (GrpcClientProtocolClient.java:onNext(254)) - client-7F7296B99608->ffc7b071-00b3-4a69-8de5-2639a1a8d8ac: receive RaftClientReply:client-7F7296B99608->ffc7b071-00b3-4a69-8de5-2639a1a8d8ac@group-6911E2D50CC5, cid=2023, SUCCESS, logIndex=3447, commits[ffc7b071-00b3-4a69-8de5-2639a1a8d8ac:c3449]
2019-06-12 16:04:56,979 INFO  client.GrpcClientProtocolClient (GrpcClientProtocolClient.java:onNext(254)) - client-7F7296B99608->ffc7b071-00b3-4a69-8de5-2639a1a8d8ac: receive RaftClientReply:client-7F7296B99608->ffc7b071-00b3-4a69-8de5-2639a1a8d8ac@group-6911E2D50CC5, cid=2024, SUCCESS, logIndex=3448, commits[ffc7b071-00b3-4a69-8de5-2639a1a8d8ac:c3449]
2019-06-12 16:04:56,989 INFO  client.GrpcClientProtocolClient (GrpcClientProtocolClient.java:onNext(254)) - client-7F7296B99608->ffc7b071-00b3-4a69-8de5-2639a1a8d8ac: receive RaftClientReply:client-7F7296B99608->ffc7b071-00b3-4a69-8de5-2639a1a8d8ac@group-6911E2D50CC5, cid=2025, SUCCESS, logIndex=3450, commits[ffc7b071-00b3-4a69-8de5-2639a1a8d8ac:c3450]
2019-06-12 16:04:56,992 INFO  client.GrpcClientProtocolClient (GrpcClientProtocolClient.java:onNext(254)) - client-7F7296B99608->ffc7b071-00b3-4a69-8de5-2639a1a8d8ac: receive RaftClientReply:client-7F7296B99608->ffc7b071-00b3-4a69-8de5-2639a1a8d8ac@group-6911E2D50CC5, cid=2026, SUCCESS, logIndex=3452, commits[ffc7b071-00b3-4a69-8de5-2639a1a8d8ac:c3454]
2019-06-12 16:04:56,994 DEBUG block.SCMBlockDeletingService (SCMBlockDeletingService.java:call(138)) - Running DeletedBlockTransactionScanner
2019-06-12 16:04:56,994 DEBUG block.SCMBlockDeletingService (SCMBlockDeletingService.java:call(155)) - Scanned deleted blocks log and got 0 delTX to process.
2019-06-12 16:04:56,996 INFO  client.GrpcClientProtocolClient (GrpcClientProtocolClient.java:onNext(254)) - client-7F7296B99608->ffc7b071-00b3-4a69-8de5-2639a1a8d8ac: receive RaftClientReply:client-7F7296B99608->ffc7b071-00b3-4a69-8de5-2639a1a8d8ac@group-6911E2D50CC5, cid=2027, SUCCESS, logIndex=3453, commits[ffc7b071-00b3-4a69-8de5-2639a1a8d8ac:c3454]
2019-06-12 16:04:56,996 INFO  client.GrpcClientProtocolClient (GrpcClientProtocolClient.java:onNext(254)) - client-7F7296B99608->ffc7b071-00b3-4a69-8de5-2639a1a8d8ac: receive RaftClientReply:client-7F7296B99608->ffc7b071-00b3-4a69-8de5-2639a1a8d8ac@group-6911E2D50CC5, cid=2028, SUCCESS, logIndex=3454, commits[ffc7b071-00b3-4a69-8de5-2639a1a8d8ac:c3455]
2019-06-12 16:04:57,004 INFO  client.GrpcClientProtocolClient (GrpcClientProtocolClient.java:onNext(254)) - client-7F7296B99608->ffc7b071-00b3-4a69-8de5-2639a1a8d8ac: receive RaftClientReply:client-7F7296B99608->ffc7b071-00b3-4a69-8de5-2639a1a8d8ac@group-6911E2D50CC5, cid=2029, SUCCESS, logIndex=3456, commits[ffc7b071-00b3-4a69-8de5-2639a1a8d8ac:c3456]
2019-06-12 16:04:57,005 INFO  client.GrpcClientProtocolClient (GrpcClientProtocolClient.java:onNext(254)) - client-7F7296B99608->ffc7b071-00b3-4a69-8de5-2639a1a8d8ac: receive RaftClientReply:client-7F7296B99608->ffc7b071-00b3-4a69-8de5-2639a1a8d8ac@group-6911E2D50CC5, cid=2030, SUCCESS, logIndex=3458, commits[ffc7b071-00b3-4a69-8de5-2639a1a8d8ac:c3458]
2019-06-12 16:04:57,008 INFO  client.GrpcClientProtocolClient (GrpcClientProtocolClient.java:onNext(254)) - client-7F7296B99608->ffc7b071-00b3-4a69-8de5-2639a1a8d8ac: receive RaftClientReply:client-7F7296B99608->ffc7b071-00b3-4a69-8de5-2639a1a8d8ac@group-6911E2D50CC5, cid=2031, SUCCESS, logIndex=3460, commits[ffc7b071-00b3-4a69-8de5-2639a1a8d8ac:c3461]
2019-06-12 16:04:57,013 INFO  client.GrpcClientProtocolClient (GrpcClientProtocolClient.java:onNext(254)) - client-7F7296B99608->ffc7b071-00b3-4a69-8de5-2639a1a8d8ac: receive RaftClientReply:client-7F7296B99608->ffc7b071-00b3-4a69-8de5-2639a1a8d8ac@group-6911E2D50CC5, cid=2032, SUCCESS, logIndex=3461, commits[ffc7b071-00b3-4a69-8de5-2639a1a8d8ac:c3461]
2019-06-12 16:04:57,090 INFO  client.GrpcClientProtocolClient (GrpcClientProtocolClient.java:onNext(254)) - client-7F7296B99608->ffc7b071-00b3-4a69-8de5-2639a1a8d8ac: receive RaftClientReply:client-7F7296B99608->ffc7b071-00b3-4a69-8de5-2639a1a8d8ac@group-6911E2D50CC5, cid=2033, SUCCESS, logIndex=3463, commits[ffc7b071-00b3-4a69-8de5-2639a1a8d8ac:c3463]
2019-06-12 16:04:57,092 INFO  client.GrpcClientProtocolClient (GrpcClientProtocolClient.java:onNext(254)) - client-7F7296B99608->ffc7b071-00b3-4a69-8de5-2639a1a8d8ac: receive RaftClientReply:client-7F7296B99608->ffc7b071-00b3-4a69-8de5-2639a1a8d8ac@group-6911E2D50CC5, cid=2034, SUCCESS, logIndex=3465, commits[ffc7b071-00b3-4a69-8de5-2639a1a8d8ac:c3465]
2019-06-12 16:04:57,093 INFO  client.GrpcClientProtocolClient (GrpcClientProtocolClient.java:onNext(254)) - client-7F7296B99608->ffc7b071-00b3-4a69-8de5-2639a1a8d8ac: receive RaftClientReply:client-7F7296B99608->ffc7b071-00b3-4a69-8de5-2639a1a8d8ac@group-6911E2D50CC5, cid=2035, SUCCESS, logIndex=3466, commits[ffc7b071-00b3-4a69-8de5-2639a1a8d8ac:c3468]
2019-06-12 16:04:57,093 INFO  client.GrpcClientProtocolClient (GrpcClientProtocolClient.java:onNext(254)) - client-7F7296B99608->ffc7b071-00b3-4a69-8de5-2639a1a8d8ac: receive RaftClientReply:client-7F7296B99608->ffc7b071-00b3-4a69-8de5-2639a1a8d8ac@group-6911E2D50CC5, cid=2036, SUCCESS, logIndex=3467, commits[ffc7b071-00b3-4a69-8de5-2639a1a8d8ac:c3468]
2019-06-12 16:04:57,094 DEBUG block.SCMBlockDeletingService (SCMBlockDeletingService.java:call(138)) - Running DeletedBlockTransactionScanner
2019-06-12 16:04:57,094 DEBUG block.SCMBlockDeletingService (SCMBlockDeletingService.java:call(155)) - Scanned deleted blocks log and got 0 delTX to process.
2019-06-12 16:04:57,098 INFO  client.GrpcClientProtocolClient (GrpcClientProtocolClient.java:onNext(254)) - client-7F7296B99608->ffc7b071-00b3-4a69-8de5-2639a1a8d8ac: receive RaftClientReply:client-7F7296B99608->ffc7b071-00b3-4a69-8de5-2639a1a8d8ac@group-6911E2D50CC5, cid=2037, SUCCESS, logIndex=3469, commits[ffc7b071-00b3-4a69-8de5-2639a1a8d8ac:c3469]
2019-06-12 16:04:57,100 INFO  client.GrpcClientProtocolClient (GrpcClientProtocolClient.java:onNext(254)) - client-7F7296B99608->ffc7b071-00b3-4a69-8de5-2639a1a8d8ac: receive RaftClientReply:client-7F7296B99608->ffc7b071-00b3-4a69-8de5-2639a1a8d8ac@group-6911E2D50CC5, cid=2038, SUCCESS, logIndex=3471, commits[ffc7b071-00b3-4a69-8de5-2639a1a8d8ac:c3471]
2019-06-12 16:04:57,101 INFO  client.GrpcClientProtocolClient (GrpcClientProtocolClient.java:onNext(254)) - client-7F7296B99608->ffc7b071-00b3-4a69-8de5-2639a1a8d8ac: receive RaftClientReply:client-7F7296B99608->ffc7b071-00b3-4a69-8de5-2639a1a8d8ac@group-6911E2D50CC5, cid=2039, SUCCESS, logIndex=3472, commits[ffc7b071-00b3-4a69-8de5-2639a1a8d8ac:c3474]
2019-06-12 16:04:57,101 INFO  client.GrpcClientProtocolClient (GrpcClientProtocolClient.java:onNext(254)) - client-7F7296B99608->ffc7b071-00b3-4a69-8de5-2639a1a8d8ac: receive RaftClientReply:client-7F7296B99608->ffc7b071-00b3-4a69-8de5-2639a1a8d8ac@group-6911E2D50CC5, cid=2040, SUCCESS, logIndex=3473, commits[ffc7b071-00b3-4a69-8de5-2639a1a8d8ac:c3474]
2019-06-12 16:04:57,112 INFO  client.GrpcClientProtocolClient (GrpcClientProtocolClient.java:onNext(254)) - client-7F7296B99608->ffc7b071-00b3-4a69-8de5-2639a1a8d8ac: receive RaftClientReply:client-7F7296B99608->ffc7b071-00b3-4a69-8de5-2639a1a8d8ac@group-6911E2D50CC5, cid=2041, SUCCESS, logIndex=3475, commits[ffc7b071-00b3-4a69-8de5-2639a1a8d8ac:c3475]
2019-06-12 16:04:57,114 INFO  client.GrpcClientProtocolClient (GrpcClientProtocolClient.java:onNext(254)) - client-7F7296B99608->ffc7b071-00b3-4a69-8de5-2639a1a8d8ac: receive RaftClientReply:client-7F7296B99608->ffc7b071-00b3-4a69-8de5-2639a1a8d8ac@group-6911E2D50CC5, cid=2042, SUCCESS, logIndex=3477, commits[ffc7b071-00b3-4a69-8de5-2639a1a8d8ac:c3477]
2019-06-12 16:04:57,117 INFO  client.GrpcClientProtocolClient (GrpcClientProtocolClient.java:onNext(254)) - client-7F7296B99608->ffc7b071-00b3-4a69-8de5-2639a1a8d8ac: receive RaftClientReply:client-7F7296B99608->ffc7b071-00b3-4a69-8de5-2639a1a8d8ac@group-6911E2D50CC5, cid=2043, SUCCESS, logIndex=3479, commits[ffc7b071-00b3-4a69-8de5-2639a1a8d8ac:c3480]
2019-06-12 16:04:57,117 INFO  client.GrpcClientProtocolClient (GrpcClientProtocolClient.java:onNext(254)) - client-7F7296B99608->ffc7b071-00b3-4a69-8de5-2639a1a8d8ac: receive RaftClientReply:client-7F7296B99608->ffc7b071-00b3-4a69-8de5-2639a1a8d8ac@group-6911E2D50CC5, cid=2044, SUCCESS, logIndex=3480, commits[ffc7b071-00b3-4a69-8de5-2639a1a8d8ac:c3480]
2019-06-12 16:04:57,123 INFO  client.GrpcClientProtocolClient (GrpcClientProtocolClient.java:onNext(254)) - client-7F7296B99608->ffc7b071-00b3-4a69-8de5-2639a1a8d8ac: receive RaftClientReply:client-7F7296B99608->ffc7b071-00b3-4a69-8de5-2639a1a8d8ac@group-6911E2D50CC5, cid=2045, SUCCESS, logIndex=3482, commits[ffc7b071-00b3-4a69-8de5-2639a1a8d8ac:c3482]
2019-06-12 16:04:57,129 INFO  client.GrpcClientProtocolClient (GrpcClientProtocolClient.java:onNext(254)) - client-7F7296B99608->ffc7b071-00b3-4a69-8de5-2639a1a8d8ac: receive RaftClientReply:client-7F7296B99608->ffc7b071-00b3-4a69-8de5-2639a1a8d8ac@group-6911E2D50CC5, cid=2046, SUCCESS, logIndex=3484, commits[ffc7b071-00b3-4a69-8de5-2639a1a8d8ac:c3484]
2019-06-12 16:04:57,130 INFO  client.GrpcClientProtocolClient (GrpcClientProtocolClient.java:onNext(254)) - client-7F7296B99608->ffc7b071-00b3-4a69-8de5-2639a1a8d8ac: receive RaftClientReply:client-7F7296B99608->ffc7b071-00b3-4a69-8de5-2639a1a8d8ac@group-6911E2D50CC5, cid=2047, SUCCESS, logIndex=3485, commits[ffc7b071-00b3-4a69-8de5-2639a1a8d8ac:c3487]
2019-06-12 16:04:57,130 INFO  client.GrpcClientProtocolClient (GrpcClientProtocolClient.java:onNext(254)) - client-7F7296B99608->ffc7b071-00b3-4a69-8de5-2639a1a8d8ac: receive RaftClientReply:client-7F7296B99608->ffc7b071-00b3-4a69-8de5-2639a1a8d8ac@group-6911E2D50CC5, cid=2048, SUCCESS, logIndex=3486, commits[ffc7b071-00b3-4a69-8de5-2639a1a8d8ac:c3487]
2019-06-12 16:04:57,141 INFO  client.GrpcClientProtocolClient (GrpcClientProtocolClient.java:onNext(254)) - client-7F7296B99608->ffc7b071-00b3-4a69-8de5-2639a1a8d8ac: receive RaftClientReply:client-7F7296B99608->ffc7b071-00b3-4a69-8de5-2639a1a8d8ac@group-6911E2D50CC5, cid=2049, SUCCESS, logIndex=3488, commits[ffc7b071-00b3-4a69-8de5-2639a1a8d8ac:c3489]
2019-06-12 16:04:57,143 INFO  client.GrpcClientProtocolClient (GrpcClientProtocolClient.java:onNext(254)) - client-7F7296B99608->ffc7b071-00b3-4a69-8de5-2639a1a8d8ac: receive RaftClientReply:client-7F7296B99608->ffc7b071-00b3-4a69-8de5-2639a1a8d8ac@group-6911E2D50CC5, cid=2050, SUCCESS, logIndex=3490, commits[ffc7b071-00b3-4a69-8de5-2639a1a8d8ac:c3490]
2019-06-12 16:04:57,143 INFO  client.GrpcClientProtocolClient (GrpcClientProtocolClient.java:onNext(254)) - client-7F7296B99608->ffc7b071-00b3-4a69-8de5-2639a1a8d8ac: receive RaftClientReply:client-7F7296B99608->ffc7b071-00b3-4a69-8de5-2639a1a8d8ac@group-6911E2D50CC5, cid=2051, SUCCESS, logIndex=3491, commits[ffc7b071-00b3-4a69-8de5-2639a1a8d8ac:c3491]
2019-06-12 16:04:57,144 INFO  client.GrpcClientProtocolClient (GrpcClientProtocolClient.java:onNext(254)) - client-7F7296B99608->ffc7b071-00b3-4a69-8de5-2639a1a8d8ac: receive RaftClientReply:client-7F7296B99608->ffc7b071-00b3-4a69-8de5-2639a1a8d8ac@group-6911E2D50CC5, cid=2052, SUCCESS, logIndex=3493, commits[ffc7b071-00b3-4a69-8de5-2639a1a8d8ac:c3493]
2019-06-12 16:04:57,149 INFO  client.GrpcClientProtocolClient (GrpcClientProtocolClient.java:onNext(254)) - client-7F7296B99608->ffc7b071-00b3-4a69-8de5-2639a1a8d8ac: receive RaftClientReply:client-7F7296B99608->ffc7b071-00b3-4a69-8de5-2639a1a8d8ac@group-6911E2D50CC5, cid=2053, SUCCESS, logIndex=3496, commits[ffc7b071-00b3-4a69-8de5-2639a1a8d8ac:c3496]
2019-06-12 16:04:57,150 INFO  client.GrpcClientProtocolClient (GrpcClientProtocolClient.java:onNext(254)) - client-7F7296B99608->ffc7b071-00b3-4a69-8de5-2639a1a8d8ac: receive RaftClientReply:client-7F7296B99608->ffc7b071-00b3-4a69-8de5-2639a1a8d8ac@group-6911E2D50CC5, cid=2054, SUCCESS, logIndex=3498, commits[ffc7b071-00b3-4a69-8de5-2639a1a8d8ac:c3498]
2019-06-12 16:04:57,151 INFO  client.GrpcClientProtocolClient (GrpcClientProtocolClient.java:onNext(254)) - client-7F7296B99608->ffc7b071-00b3-4a69-8de5-2639a1a8d8ac: receive RaftClientReply:client-7F7296B99608->ffc7b071-00b3-4a69-8de5-2639a1a8d8ac@group-6911E2D50CC5, cid=2055, SUCCESS, logIndex=3499, commits[ffc7b071-00b3-4a69-8de5-2639a1a8d8ac:c3501]
2019-06-12 16:04:57,152 INFO  client.GrpcClientProtocolClient (GrpcClientProtocolClient.java:onNext(254)) - client-7F7296B99608->ffc7b071-00b3-4a69-8de5-2639a1a8d8ac: receive RaftClientReply:client-7F7296B99608->ffc7b071-00b3-4a69-8de5-2639a1a8d8ac@group-6911E2D50CC5, cid=2056, SUCCESS, logIndex=3500, commits[ffc7b071-00b3-4a69-8de5-2639a1a8d8ac:c3501]
2019-06-12 16:04:57,159 INFO  storage.RaftLogWorker (RaftLogWorker.java:rollLogSegment(303)) - ffc7b071-00b3-4a69-8de5-2639a1a8d8ac-RaftLogWorker: Rolling segment log-3434_3501 to index:3501
2019-06-12 16:04:57,159 INFO  storage.RaftLogWorker (RaftLogWorker.java:execute(433)) - ffc7b071-00b3-4a69-8de5-2639a1a8d8ac-RaftLogWorker: Rolled log segment from /opt/src/hadoop-ozone/integration-test/target/test-dir/MiniOzoneClusterImpl-a1c7246e-c692-4524-ad55-32b507b20431/datanode-0/data/ratis/4417d833-4fb6-4fa2-9413-6911e2d50cc5/current/log_inprogress_3434 to /opt/src/hadoop-ozone/integration-test/target/test-dir/MiniOzoneClusterImpl-a1c7246e-c692-4524-ad55-32b507b20431/datanode-0/data/ratis/4417d833-4fb6-4fa2-9413-6911e2d50cc5/current/log_3434-3501
2019-06-12 16:04:57,445 DEBUG block.SCMBlockDeletingService (SCMBlockDeletingService.java:call(138)) - Running DeletedBlockTransactionScanner
2019-06-12 16:04:57,445 DEBUG block.SCMBlockDeletingService (SCMBlockDeletingService.java:call(155)) - Scanned deleted blocks log and got 0 delTX to process.
2019-06-12 16:04:57,469 INFO  storage.RaftLogWorker (RaftLogWorker.java:execute(469)) - ffc7b071-00b3-4a69-8de5-2639a1a8d8ac-RaftLogWorker: created new log segment /opt/src/hadoop-ozone/integration-test/target/test-dir/MiniOzoneClusterImpl-a1c7246e-c692-4524-ad55-32b507b20431/datanode-0/data/ratis/4417d833-4fb6-4fa2-9413-6911e2d50cc5/current/log_inprogress_3502
2019-06-12 16:04:57,471 INFO  client.GrpcClientProtocolClient (GrpcClientProtocolClient.java:onNext(254)) - client-7F7296B99608->ffc7b071-00b3-4a69-8de5-2639a1a8d8ac: receive RaftClientReply:client-7F7296B99608->ffc7b071-00b3-4a69-8de5-2639a1a8d8ac@group-6911E2D50CC5, cid=2057, SUCCESS, logIndex=3502, commits[ffc7b071-00b3-4a69-8de5-2639a1a8d8ac:c3502]
2019-06-12 16:04:57,472 INFO  client.GrpcClientProtocolClient (GrpcClientProtocolClient.java:onNext(254)) - client-7F7296B99608->ffc7b071-00b3-4a69-8de5-2639a1a8d8ac: receive RaftClientReply:client-7F7296B99608->ffc7b071-00b3-4a69-8de5-2639a1a8d8ac@group-6911E2D50CC5, cid=2058, SUCCESS, logIndex=3504, commits[ffc7b071-00b3-4a69-8de5-2639a1a8d8ac:c3504]
2019-06-12 16:04:57,473 INFO  client.GrpcClientProtocolClient (GrpcClientProtocolClient.java:onNext(254)) - client-7F7296B99608->ffc7b071-00b3-4a69-8de5-2639a1a8d8ac: receive RaftClientReply:client-7F7296B99608->ffc7b071-00b3-4a69-8de5-2639a1a8d8ac@group-6911E2D50CC5, cid=2059, SUCCESS, logIndex=3505, commits[ffc7b071-00b3-4a69-8de5-2639a1a8d8ac:c3507]
2019-06-12 16:04:57,473 INFO  client.GrpcClientProtocolClient (GrpcClientProtocolClient.java:onNext(254)) - client-7F7296B99608->ffc7b071-00b3-4a69-8de5-2639a1a8d8ac: receive RaftClientReply:client-7F7296B99608->ffc7b071-00b3-4a69-8de5-2639a1a8d8ac@group-6911E2D50CC5, cid=2060, SUCCESS, logIndex=3506, commits[ffc7b071-00b3-4a69-8de5-2639a1a8d8ac:c3507]
2019-06-12 16:04:57,479 INFO  client.GrpcClientProtocolClient (GrpcClientProtocolClient.java:onNext(254)) - client-7F7296B99608->ffc7b071-00b3-4a69-8de5-2639a1a8d8ac: receive RaftClientReply:client-7F7296B99608->ffc7b071-00b3-4a69-8de5-2639a1a8d8ac@group-6911E2D50CC5, cid=2061, SUCCESS, logIndex=3508, commits[ffc7b071-00b3-4a69-8de5-2639a1a8d8ac:c3508]
2019-06-12 16:04:57,480 INFO  client.GrpcClientProtocolClient (GrpcClientProtocolClient.java:onNext(254)) - client-7F7296B99608->ffc7b071-00b3-4a69-8de5-2639a1a8d8ac: receive RaftClientReply:client-7F7296B99608->ffc7b071-00b3-4a69-8de5-2639a1a8d8ac@group-6911E2D50CC5, cid=2062, SUCCESS, logIndex=3510, commits[ffc7b071-00b3-4a69-8de5-2639a1a8d8ac:c3510]
2019-06-12 16:04:57,481 INFO  client.GrpcClientProtocolClient (GrpcClientProtocolClient.java:onNext(254)) - client-7F7296B99608->ffc7b071-00b3-4a69-8de5-2639a1a8d8ac: receive RaftClientReply:client-7F7296B99608->ffc7b071-00b3-4a69-8de5-2639a1a8d8ac@group-6911E2D50CC5, cid=2063, SUCCESS, logIndex=3511, commits[ffc7b071-00b3-4a69-8de5-2639a1a8d8ac:c3513]
2019-06-12 16:04:57,481 INFO  client.GrpcClientProtocolClient (GrpcClientProtocolClient.java:onNext(254)) - client-7F7296B99608->ffc7b071-00b3-4a69-8de5-2639a1a8d8ac: receive RaftClientReply:client-7F7296B99608->ffc7b071-00b3-4a69-8de5-2639a1a8d8ac@group-6911E2D50CC5, cid=2064, SUCCESS, logIndex=3512, commits[ffc7b071-00b3-4a69-8de5-2639a1a8d8ac:c3513]
2019-06-12 16:04:57,490 INFO  client.GrpcClientProtocolClient (GrpcClientProtocolClient.java:onNext(254)) - client-7F7296B99608->ffc7b071-00b3-4a69-8de5-2639a1a8d8ac: receive RaftClientReply:client-7F7296B99608->ffc7b071-00b3-4a69-8de5-2639a1a8d8ac@group-6911E2D50CC5, cid=2065, SUCCESS, logIndex=3514, commits[ffc7b071-00b3-4a69-8de5-2639a1a8d8ac:c3514]
2019-06-12 16:04:57,491 INFO  client.GrpcClientProtocolClient (GrpcClientProtocolClient.java:onNext(254)) - client-7F7296B99608->ffc7b071-00b3-4a69-8de5-2639a1a8d8ac: receive RaftClientReply:client-7F7296B99608->ffc7b071-00b3-4a69-8de5-2639a1a8d8ac@group-6911E2D50CC5, cid=2066, SUCCESS, logIndex=3516, commits[ffc7b071-00b3-4a69-8de5-2639a1a8d8ac:c3516]
2019-06-12 16:04:57,492 INFO  client.GrpcClientProtocolClient (GrpcClientProtocolClient.java:onNext(254)) - client-7F7296B99608->ffc7b071-00b3-4a69-8de5-2639a1a8d8ac: receive RaftClientReply:client-7F7296B99608->ffc7b071-00b3-4a69-8de5-2639a1a8d8ac@group-6911E2D50CC5, cid=2067, SUCCESS, logIndex=3517, commits[ffc7b071-00b3-4a69-8de5-2639a1a8d8ac:c3519]
2019-06-12 16:04:57,492 INFO  client.GrpcClientProtocolClient (GrpcClientProtocolClient.java:onNext(254)) - client-7F7296B99608->ffc7b071-00b3-4a69-8de5-2639a1a8d8ac: receive RaftClientReply:client-7F7296B99608->ffc7b071-00b3-4a69-8de5-2639a1a8d8ac@group-6911E2D50CC5, cid=2068, SUCCESS, logIndex=3518, commits[ffc7b071-00b3-4a69-8de5-2639a1a8d8ac:c3519]
2019-06-12 16:04:57,498 INFO  client.GrpcClientProtocolClient (GrpcClientProtocolClient.java:onNext(254)) - client-7F7296B99608->ffc7b071-00b3-4a69-8de5-2639a1a8d8ac: receive RaftClientReply:client-7F7296B99608->ffc7b071-00b3-4a69-8de5-2639a1a8d8ac@group-6911E2D50CC5, cid=2069, SUCCESS, logIndex=3520, commits[ffc7b071-00b3-4a69-8de5-2639a1a8d8ac:c3520]
2019-06-12 16:04:57,499 INFO  client.GrpcClientProtocolClient (GrpcClientProtocolClient.java:onNext(254)) - client-7F7296B99608->ffc7b071-00b3-4a69-8de5-2639a1a8d8ac: receive RaftClientReply:client-7F7296B99608->ffc7b071-00b3-4a69-8de5-2639a1a8d8ac@group-6911E2D50CC5, cid=2070, SUCCESS, logIndex=3522, commits[ffc7b071-00b3-4a69-8de5-2639a1a8d8ac:c3522]
2019-06-12 16:04:57,500 INFO  client.GrpcClientProtocolClient (GrpcClientProtocolClient.java:onNext(254)) - client-7F7296B99608->ffc7b071-00b3-4a69-8de5-2639a1a8d8ac: receive RaftClientReply:client-7F7296B99608->ffc7b071-00b3-4a69-8de5-2639a1a8d8ac@group-6911E2D50CC5, cid=2071, SUCCESS, logIndex=3523, commits[ffc7b071-00b3-4a69-8de5-2639a1a8d8ac:c3525]
2019-06-12 16:04:57,500 INFO  client.GrpcClientProtocolClient (GrpcClientProtocolClient.java:onNext(254)) - client-7F7296B99608->ffc7b071-00b3-4a69-8de5-2639a1a8d8ac: receive RaftClientReply:client-7F7296B99608->ffc7b071-00b3-4a69-8de5-2639a1a8d8ac@group-6911E2D50CC5, cid=2072, SUCCESS, logIndex=3524, commits[ffc7b071-00b3-4a69-8de5-2639a1a8d8ac:c3525]
2019-06-12 16:04:57,511 INFO  client.GrpcClientProtocolClient (GrpcClientProtocolClient.java:onNext(254)) - client-7F7296B99608->ffc7b071-00b3-4a69-8de5-2639a1a8d8ac: receive RaftClientReply:client-7F7296B99608->ffc7b071-00b3-4a69-8de5-2639a1a8d8ac@group-6911E2D50CC5, cid=2073, SUCCESS, logIndex=3526, commits[ffc7b071-00b3-4a69-8de5-2639a1a8d8ac:c3526]
2019-06-12 16:04:57,512 INFO  client.GrpcClientProtocolClient (GrpcClientProtocolClient.java:onNext(254)) - client-7F7296B99608->ffc7b071-00b3-4a69-8de5-2639a1a8d8ac: receive RaftClientReply:client-7F7296B99608->ffc7b071-00b3-4a69-8de5-2639a1a8d8ac@group-6911E2D50CC5, cid=2074, SUCCESS, logIndex=3528, commits[ffc7b071-00b3-4a69-8de5-2639a1a8d8ac:c3528]
2019-06-12 16:04:57,513 INFO  client.GrpcClientProtocolClient (GrpcClientProtocolClient.java:onNext(254)) - client-7F7296B99608->ffc7b071-00b3-4a69-8de5-2639a1a8d8ac: receive RaftClientReply:client-7F7296B99608->ffc7b071-00b3-4a69-8de5-2639a1a8d8ac@group-6911E2D50CC5, cid=2075, SUCCESS, logIndex=3529, commits[ffc7b071-00b3-4a69-8de5-2639a1a8d8ac:c3531]
2019-06-12 16:04:57,513 INFO  client.GrpcClientProtocolClient (GrpcClientProtocolClient.java:onNext(254)) - client-7F7296B99608->ffc7b071-00b3-4a69-8de5-2639a1a8d8ac: receive RaftClientReply:client-7F7296B99608->ffc7b071-00b3-4a69-8de5-2639a1a8d8ac@group-6911E2D50CC5, cid=2076, SUCCESS, logIndex=3530, commits[ffc7b071-00b3-4a69-8de5-2639a1a8d8ac:c3531]
2019-06-12 16:04:57,545 DEBUG block.SCMBlockDeletingService (SCMBlockDeletingService.java:call(138)) - Running DeletedBlockTransactionScanner
2019-06-12 16:04:57,546 DEBUG block.SCMBlockDeletingService (SCMBlockDeletingService.java:call(155)) - Scanned deleted blocks log and got 0 delTX to process.
2019-06-12 16:04:57,583 INFO  client.GrpcClientProtocolClient (GrpcClientProtocolClient.java:onNext(254)) - client-7F7296B99608->ffc7b071-00b3-4a69-8de5-2639a1a8d8ac: receive RaftClientReply:client-7F7296B99608->ffc7b071-00b3-4a69-8de5-2639a1a8d8ac@group-6911E2D50CC5, cid=2077, SUCCESS, logIndex=3532, commits[ffc7b071-00b3-4a69-8de5-2639a1a8d8ac:c3532]
2019-06-12 16:04:57,584 INFO  client.GrpcClientProtocolClient (GrpcClientProtocolClient.java:onNext(254)) - client-7F7296B99608->ffc7b071-00b3-4a69-8de5-2639a1a8d8ac: receive RaftClientReply:client-7F7296B99608->ffc7b071-00b3-4a69-8de5-2639a1a8d8ac@group-6911E2D50CC5, cid=2078, SUCCESS, logIndex=3534, commits[ffc7b071-00b3-4a69-8de5-2639a1a8d8ac:c3534]
2019-06-12 16:04:57,585 INFO  client.GrpcClientProtocolClient (GrpcClientProtocolClient.java:onNext(254)) - client-7F7296B99608->ffc7b071-00b3-4a69-8de5-2639a1a8d8ac: receive RaftClientReply:client-7F7296B99608->ffc7b071-00b3-4a69-8de5-2639a1a8d8ac@group-6911E2D50CC5, cid=2079, SUCCESS, logIndex=3535, commits[ffc7b071-00b3-4a69-8de5-2639a1a8d8ac:c3537]
2019-06-12 16:04:57,586 INFO  client.GrpcClientProtocolClient (GrpcClientProtocolClient.java:onNext(254)) - client-7F7296B99608->ffc7b071-00b3-4a69-8de5-2639a1a8d8ac: receive RaftClientReply:client-7F7296B99608->ffc7b071-00b3-4a69-8de5-2639a1a8d8ac@group-6911E2D50CC5, cid=2080, SUCCESS, logIndex=3536, commits[ffc7b071-00b3-4a69-8de5-2639a1a8d8ac:c3537]
2019-06-12 16:04:57,597 INFO  client.GrpcClientProtocolClient (GrpcClientProtocolClient.java:onNext(254)) - client-7F7296B99608->ffc7b071-00b3-4a69-8de5-2639a1a8d8ac: receive RaftClientReply:client-7F7296B99608->ffc7b071-00b3-4a69-8de5-2639a1a8d8ac@group-6911E2D50CC5, cid=2081, SUCCESS, logIndex=3538, commits[ffc7b071-00b3-4a69-8de5-2639a1a8d8ac:c3538]
2019-06-12 16:04:57,598 INFO  client.GrpcClientProtocolClient (GrpcClientProtocolClient.java:onNext(254)) - client-7F7296B99608->ffc7b071-00b3-4a69-8de5-2639a1a8d8ac: receive RaftClientReply:client-7F7296B99608->ffc7b071-00b3-4a69-8de5-2639a1a8d8ac@group-6911E2D50CC5, cid=2082, SUCCESS, logIndex=3540, commits[ffc7b071-00b3-4a69-8de5-2639a1a8d8ac:c3540]
2019-06-12 16:04:57,599 INFO  client.GrpcClientProtocolClient (GrpcClientProtocolClient.java:onNext(254)) - client-7F7296B99608->ffc7b071-00b3-4a69-8de5-2639a1a8d8ac: receive RaftClientReply:client-7F7296B99608->ffc7b071-00b3-4a69-8de5-2639a1a8d8ac@group-6911E2D50CC5, cid=2083, SUCCESS, logIndex=3541, commits[ffc7b071-00b3-4a69-8de5-2639a1a8d8ac:c3543]
2019-06-12 16:04:57,599 INFO  client.GrpcClientProtocolClient (GrpcClientProtocolClient.java:onNext(254)) - client-7F7296B99608->ffc7b071-00b3-4a69-8de5-2639a1a8d8ac: receive RaftClientReply:client-7F7296B99608->ffc7b071-00b3-4a69-8de5-2639a1a8d8ac@group-6911E2D50CC5, cid=2084, SUCCESS, logIndex=3542, commits[ffc7b071-00b3-4a69-8de5-2639a1a8d8ac:c3543]
2019-06-12 16:04:57,604 INFO  client.GrpcClientProtocolClient (GrpcClientProtocolClient.java:onNext(254)) - client-7F7296B99608->ffc7b071-00b3-4a69-8de5-2639a1a8d8ac: receive RaftClientReply:client-7F7296B99608->ffc7b071-00b3-4a69-8de5-2639a1a8d8ac@group-6911E2D50CC5, cid=2085, SUCCESS, logIndex=3544, commits[ffc7b071-00b3-4a69-8de5-2639a1a8d8ac:c3544]
2019-06-12 16:04:57,605 INFO  client.GrpcClientProtocolClient (GrpcClientProtocolClient.java:onNext(254)) - client-7F7296B99608->ffc7b071-00b3-4a69-8de5-2639a1a8d8ac: receive RaftClientReply:client-7F7296B99608->ffc7b071-00b3-4a69-8de5-2639a1a8d8ac@group-6911E2D50CC5, cid=2086, SUCCESS, logIndex=3546, commits[ffc7b071-00b3-4a69-8de5-2639a1a8d8ac:c3546]
2019-06-12 16:04:57,606 INFO  client.GrpcClientProtocolClient (GrpcClientProtocolClient.java:onNext(254)) - client-7F7296B99608->ffc7b071-00b3-4a69-8de5-2639a1a8d8ac: receive RaftClientReply:client-7F7296B99608->ffc7b071-00b3-4a69-8de5-2639a1a8d8ac@group-6911E2D50CC5, cid=2087, SUCCESS, logIndex=3547, commits[ffc7b071-00b3-4a69-8de5-2639a1a8d8ac:c3549]
2019-06-12 16:04:57,607 INFO  client.GrpcClientProtocolClient (GrpcClientProtocolClient.java:onNext(254)) - client-7F7296B99608->ffc7b071-00b3-4a69-8de5-2639a1a8d8ac: receive RaftClientReply:client-7F7296B99608->ffc7b071-00b3-4a69-8de5-2639a1a8d8ac@group-6911E2D50CC5, cid=2088, SUCCESS, logIndex=3548, commits[ffc7b071-00b3-4a69-8de5-2639a1a8d8ac:c3549]
2019-06-12 16:04:57,616 INFO  client.GrpcClientProtocolClient (GrpcClientProtocolClient.java:onNext(254)) - client-7F7296B99608->ffc7b071-00b3-4a69-8de5-2639a1a8d8ac: receive RaftClientReply:client-7F7296B99608->ffc7b071-00b3-4a69-8de5-2639a1a8d8ac@group-6911E2D50CC5, cid=2089, SUCCESS, logIndex=3550, commits[ffc7b071-00b3-4a69-8de5-2639a1a8d8ac:c3550]
2019-06-12 16:04:57,618 INFO  client.GrpcClientProtocolClient (GrpcClientProtocolClient.java:onNext(254)) - client-7F7296B99608->ffc7b071-00b3-4a69-8de5-2639a1a8d8ac: receive RaftClientReply:client-7F7296B99608->ffc7b071-00b3-4a69-8de5-2639a1a8d8ac@group-6911E2D50CC5, cid=2090, SUCCESS, logIndex=3552, commits[ffc7b071-00b3-4a69-8de5-2639a1a8d8ac:c3552]
2019-06-12 16:04:57,619 INFO  client.GrpcClientProtocolClient (GrpcClientProtocolClient.java:onNext(254)) - client-7F7296B99608->ffc7b071-00b3-4a69-8de5-2639a1a8d8ac: receive RaftClientReply:client-7F7296B99608->ffc7b071-00b3-4a69-8de5-2639a1a8d8ac@group-6911E2D50CC5, cid=2091, SUCCESS, logIndex=3553, commits[ffc7b071-00b3-4a69-8de5-2639a1a8d8ac:c3555]
2019-06-12 16:04:57,619 INFO  client.GrpcClientProtocolClient (GrpcClientProtocolClient.java:onNext(254)) - client-7F7296B99608->ffc7b071-00b3-4a69-8de5-2639a1a8d8ac: receive RaftClientReply:client-7F7296B99608->ffc7b071-00b3-4a69-8de5-2639a1a8d8ac@group-6911E2D50CC5, cid=2092, SUCCESS, logIndex=3554, commits[ffc7b071-00b3-4a69-8de5-2639a1a8d8ac:c3555]
2019-06-12 16:04:57,624 INFO  client.GrpcClientProtocolClient (GrpcClientProtocolClient.java:onNext(254)) - client-7F7296B99608->ffc7b071-00b3-4a69-8de5-2639a1a8d8ac: receive RaftClientReply:client-7F7296B99608->ffc7b071-00b3-4a69-8de5-2639a1a8d8ac@group-6911E2D50CC5, cid=2093, SUCCESS, logIndex=3556, commits[ffc7b071-00b3-4a69-8de5-2639a1a8d8ac:c3556]
2019-06-12 16:04:57,625 INFO  client.GrpcClientProtocolClient (GrpcClientProtocolClient.java:onNext(254)) - client-7F7296B99608->ffc7b071-00b3-4a69-8de5-2639a1a8d8ac: receive RaftClientReply:client-7F7296B99608->ffc7b071-00b3-4a69-8de5-2639a1a8d8ac@group-6911E2D50CC5, cid=2094, SUCCESS, logIndex=3558, commits[ffc7b071-00b3-4a69-8de5-2639a1a8d8ac:c3558]
2019-06-12 16:04:57,626 INFO  client.GrpcClientProtocolClient (GrpcClientProtocolClient.java:onNext(254)) - client-7F7296B99608->ffc7b071-00b3-4a69-8de5-2639a1a8d8ac: receive RaftClientReply:client-7F7296B99608->ffc7b071-00b3-4a69-8de5-2639a1a8d8ac@group-6911E2D50CC5, cid=2095, SUCCESS, logIndex=3559, commits[ffc7b071-00b3-4a69-8de5-2639a1a8d8ac:c3561]
2019-06-12 16:04:57,626 INFO  client.GrpcClientProtocolClient (GrpcClientProtocolClient.java:onNext(254)) - client-7F7296B99608->ffc7b071-00b3-4a69-8de5-2639a1a8d8ac: receive RaftClientReply:client-7F7296B99608->ffc7b071-00b3-4a69-8de5-2639a1a8d8ac@group-6911E2D50CC5, cid=2096, SUCCESS, logIndex=3560, commits[ffc7b071-00b3-4a69-8de5-2639a1a8d8ac:c3561]
2019-06-12 16:04:57,634 INFO  client.GrpcClientProtocolClient (GrpcClientProtocolClient.java:onNext(254)) - client-7F7296B99608->ffc7b071-00b3-4a69-8de5-2639a1a8d8ac: receive RaftClientReply:client-7F7296B99608->ffc7b071-00b3-4a69-8de5-2639a1a8d8ac@group-6911E2D50CC5, cid=2097, SUCCESS, logIndex=3562, commits[ffc7b071-00b3-4a69-8de5-2639a1a8d8ac:c3562]
2019-06-12 16:04:57,635 INFO  client.GrpcClientProtocolClient (GrpcClientProtocolClient.java:onNext(254)) - client-7F7296B99608->ffc7b071-00b3-4a69-8de5-2639a1a8d8ac: receive RaftClientReply:client-7F7296B99608->ffc7b071-00b3-4a69-8de5-2639a1a8d8ac@group-6911E2D50CC5, cid=2098, SUCCESS, logIndex=3564, commits[ffc7b071-00b3-4a69-8de5-2639a1a8d8ac:c3564]
2019-06-12 16:04:57,636 INFO  client.GrpcClientProtocolClient (GrpcClientProtocolClient.java:onNext(254)) - client-7F7296B99608->ffc7b071-00b3-4a69-8de5-2639a1a8d8ac: receive RaftClientReply:client-7F7296B99608->ffc7b071-00b3-4a69-8de5-2639a1a8d8ac@group-6911E2D50CC5, cid=2099, SUCCESS, logIndex=3565, commits[ffc7b071-00b3-4a69-8de5-2639a1a8d8ac:c3567]
2019-06-12 16:04:57,636 INFO  client.GrpcClientProtocolClient (GrpcClientProtocolClient.java:onNext(254)) - client-7F7296B99608->ffc7b071-00b3-4a69-8de5-2639a1a8d8ac: receive RaftClientReply:client-7F7296B99608->ffc7b071-00b3-4a69-8de5-2639a1a8d8ac@group-6911E2D50CC5, cid=2100, SUCCESS, logIndex=3566, commits[ffc7b071-00b3-4a69-8de5-2639a1a8d8ac:c3567]
2019-06-12 16:04:57,639 INFO  storage.RaftLogWorker (RaftLogWorker.java:rollLogSegment(303)) - ffc7b071-00b3-4a69-8de5-2639a1a8d8ac-RaftLogWorker: Rolling segment log-3502_3567 to index:3567
2019-06-12 16:04:57,639 INFO  storage.RaftLogWorker (RaftLogWorker.java:execute(433)) - ffc7b071-00b3-4a69-8de5-2639a1a8d8ac-RaftLogWorker: Rolled log segment from /opt/src/hadoop-ozone/integration-test/target/test-dir/MiniOzoneClusterImpl-a1c7246e-c692-4524-ad55-32b507b20431/datanode-0/data/ratis/4417d833-4fb6-4fa2-9413-6911e2d50cc5/current/log_inprogress_3502 to /opt/src/hadoop-ozone/integration-test/target/test-dir/MiniOzoneClusterImpl-a1c7246e-c692-4524-ad55-32b507b20431/datanode-0/data/ratis/4417d833-4fb6-4fa2-9413-6911e2d50cc5/current/log_3502-3567
2019-06-12 16:04:57,646 DEBUG block.SCMBlockDeletingService (SCMBlockDeletingService.java:call(138)) - Running DeletedBlockTransactionScanner
2019-06-12 16:04:57,646 DEBUG block.SCMBlockDeletingService (SCMBlockDeletingService.java:call(155)) - Scanned deleted blocks log and got 0 delTX to process.
2019-06-12 16:04:57,674 INFO  storage.RaftLogWorker (RaftLogWorker.java:execute(469)) - ffc7b071-00b3-4a69-8de5-2639a1a8d8ac-RaftLogWorker: created new log segment /opt/src/hadoop-ozone/integration-test/target/test-dir/MiniOzoneClusterImpl-a1c7246e-c692-4524-ad55-32b507b20431/datanode-0/data/ratis/4417d833-4fb6-4fa2-9413-6911e2d50cc5/current/log_inprogress_3568
2019-06-12 16:04:57,676 INFO  client.GrpcClientProtocolClient (GrpcClientProtocolClient.java:onNext(254)) - client-7F7296B99608->ffc7b071-00b3-4a69-8de5-2639a1a8d8ac: receive RaftClientReply:client-7F7296B99608->ffc7b071-00b3-4a69-8de5-2639a1a8d8ac@group-6911E2D50CC5, cid=2101, SUCCESS, logIndex=3568, commits[ffc7b071-00b3-4a69-8de5-2639a1a8d8ac:c3568]
2019-06-12 16:04:57,677 INFO  client.GrpcClientProtocolClient (GrpcClientProtocolClient.java:onNext(254)) - client-7F7296B99608->ffc7b071-00b3-4a69-8de5-2639a1a8d8ac: receive RaftClientReply:client-7F7296B99608->ffc7b071-00b3-4a69-8de5-2639a1a8d8ac@group-6911E2D50CC5, cid=2102, SUCCESS, logIndex=3570, commits[ffc7b071-00b3-4a69-8de5-2639a1a8d8ac:c3570]
2019-06-12 16:04:57,678 INFO  client.GrpcClientProtocolClient (GrpcClientProtocolClient.java:onNext(254)) - client-7F7296B99608->ffc7b071-00b3-4a69-8de5-2639a1a8d8ac: receive RaftClientReply:client-7F7296B99608->ffc7b071-00b3-4a69-8de5-2639a1a8d8ac@group-6911E2D50CC5, cid=2103, SUCCESS, logIndex=3571, commits[ffc7b071-00b3-4a69-8de5-2639a1a8d8ac:c3573]
2019-06-12 16:04:57,679 INFO  client.GrpcClientProtocolClient (GrpcClientProtocolClient.java:onNext(254)) - client-7F7296B99608->ffc7b071-00b3-4a69-8de5-2639a1a8d8ac: receive RaftClientReply:client-7F7296B99608->ffc7b071-00b3-4a69-8de5-2639a1a8d8ac@group-6911E2D50CC5, cid=2104, SUCCESS, logIndex=3572, commits[ffc7b071-00b3-4a69-8de5-2639a1a8d8ac:c3573]
2019-06-12 16:04:57,687 INFO  client.GrpcClientProtocolClient (GrpcClientProtocolClient.java:onNext(254)) - client-7F7296B99608->ffc7b071-00b3-4a69-8de5-2639a1a8d8ac: receive RaftClientReply:client-7F7296B99608->ffc7b071-00b3-4a69-8de5-2639a1a8d8ac@group-6911E2D50CC5, cid=2105, SUCCESS, logIndex=3574, commits[ffc7b071-00b3-4a69-8de5-2639a1a8d8ac:c3574]
2019-06-12 16:04:57,688 INFO  client.GrpcClientProtocolClient (GrpcClientProtocolClient.java:onNext(254)) - client-7F7296B99608->ffc7b071-00b3-4a69-8de5-2639a1a8d8ac: receive RaftClientReply:client-7F7296B99608->ffc7b071-00b3-4a69-8de5-2639a1a8d8ac@group-6911E2D50CC5, cid=2106, SUCCESS, logIndex=3576, commits[ffc7b071-00b3-4a69-8de5-2639a1a8d8ac:c3576]
2019-06-12 16:04:57,690 INFO  client.GrpcClientProtocolClient (GrpcClientProtocolClient.java:onNext(254)) - client-7F7296B99608->ffc7b071-00b3-4a69-8de5-2639a1a8d8ac: receive RaftClientReply:client-7F7296B99608->ffc7b071-00b3-4a69-8de5-2639a1a8d8ac@group-6911E2D50CC5, cid=2107, SUCCESS, logIndex=3577, commits[ffc7b071-00b3-4a69-8de5-2639a1a8d8ac:c3579]
2019-06-12 16:04:57,690 INFO  client.GrpcClientProtocolClient (GrpcClientProtocolClient.java:onNext(254)) - client-7F7296B99608->ffc7b071-00b3-4a69-8de5-2639a1a8d8ac: receive RaftClientReply:client-7F7296B99608->ffc7b071-00b3-4a69-8de5-2639a1a8d8ac@group-6911E2D50CC5, cid=2108, SUCCESS, logIndex=3578, commits[ffc7b071-00b3-4a69-8de5-2639a1a8d8ac:c3579]
2019-06-12 16:04:57,695 INFO  client.GrpcClientProtocolClient (GrpcClientProtocolClient.java:onNext(254)) - client-7F7296B99608->ffc7b071-00b3-4a69-8de5-2639a1a8d8ac: receive RaftClientReply:client-7F7296B99608->ffc7b071-00b3-4a69-8de5-2639a1a8d8ac@group-6911E2D50CC5, cid=2109, SUCCESS, logIndex=3580, commits[ffc7b071-00b3-4a69-8de5-2639a1a8d8ac:c3580]
2019-06-12 16:04:57,698 INFO  client.GrpcClientProtocolClient (GrpcClientProtocolClient.java:onNext(254)) - client-7F7296B99608->ffc7b071-00b3-4a69-8de5-2639a1a8d8ac: receive RaftClientReply:client-7F7296B99608->ffc7b071-00b3-4a69-8de5-2639a1a8d8ac@group-6911E2D50CC5, cid=2110, SUCCESS, logIndex=3582, commits[ffc7b071-00b3-4a69-8de5-2639a1a8d8ac:c3582]
2019-06-12 16:04:57,698 INFO  client.GrpcClientProtocolClient (GrpcClientProtocolClient.java:onNext(254)) - client-7F7296B99608->ffc7b071-00b3-4a69-8de5-2639a1a8d8ac: receive RaftClientReply:client-7F7296B99608->ffc7b071-00b3-4a69-8de5-2639a1a8d8ac@group-6911E2D50CC5, cid=2111, SUCCESS, logIndex=3583, commits[ffc7b071-00b3-4a69-8de5-2639a1a8d8ac:c3585]
2019-06-12 16:04:57,699 INFO  client.GrpcClientProtocolClient (GrpcClientProtocolClient.java:onNext(254)) - client-7F7296B99608->ffc7b071-00b3-4a69-8de5-2639a1a8d8ac: receive RaftClientReply:client-7F7296B99608->ffc7b071-00b3-4a69-8de5-2639a1a8d8ac@group-6911E2D50CC5, cid=2112, SUCCESS, logIndex=3584, commits[ffc7b071-00b3-4a69-8de5-2639a1a8d8ac:c3585]
2019-06-12 16:04:57,707 INFO  client.GrpcClientProtocolClient (GrpcClientProtocolClient.java:onNext(254)) - client-7F7296B99608->ffc7b071-00b3-4a69-8de5-2639a1a8d8ac: receive RaftClientReply:client-7F7296B99608->ffc7b071-00b3-4a69-8de5-2639a1a8d8ac@group-6911E2D50CC5, cid=2113, SUCCESS, logIndex=3586, commits[ffc7b071-00b3-4a69-8de5-2639a1a8d8ac:c3586]
2019-06-12 16:04:57,708 INFO  client.GrpcClientProtocolClient (GrpcClientProtocolClient.java:onNext(254)) - client-7F7296B99608->ffc7b071-00b3-4a69-8de5-2639a1a8d8ac: receive RaftClientReply:client-7F7296B99608->ffc7b071-00b3-4a69-8de5-2639a1a8d8ac@group-6911E2D50CC5, cid=2114, SUCCESS, logIndex=3588, commits[ffc7b071-00b3-4a69-8de5-2639a1a8d8ac:c3588]
2019-06-12 16:04:57,710 INFO  client.GrpcClientProtocolClient (GrpcClientProtocolClient.java:onNext(254)) - client-7F7296B99608->ffc7b071-00b3-4a69-8de5-2639a1a8d8ac: receive RaftClientReply:client-7F7296B99608->ffc7b071-00b3-4a69-8de5-2639a1a8d8ac@group-6911E2D50CC5, cid=2115, SUCCESS, logIndex=3589, commits[ffc7b071-00b3-4a69-8de5-2639a1a8d8ac:c3591]
2019-06-12 16:04:57,710 INFO  client.GrpcClientProtocolClient (GrpcClientProtocolClient.java:onNext(254)) - client-7F7296B99608->ffc7b071-00b3-4a69-8de5-2639a1a8d8ac: receive RaftClientReply:client-7F7296B99608->ffc7b071-00b3-4a69-8de5-2639a1a8d8ac@group-6911E2D50CC5, cid=2116, SUCCESS, logIndex=3590, commits[ffc7b071-00b3-4a69-8de5-2639a1a8d8ac:c3591]
2019-06-12 16:04:57,715 INFO  client.GrpcClientProtocolClient (GrpcClientProtocolClient.java:onNext(254)) - client-7F7296B99608->ffc7b071-00b3-4a69-8de5-2639a1a8d8ac: receive RaftClientReply:client-7F7296B99608->ffc7b071-00b3-4a69-8de5-2639a1a8d8ac@group-6911E2D50CC5, cid=2117, SUCCESS, logIndex=3592, commits[ffc7b071-00b3-4a69-8de5-2639a1a8d8ac:c3592]
2019-06-12 16:04:57,716 INFO  client.GrpcClientProtocolClient (GrpcClientProtocolClient.java:onNext(254)) - client-7F7296B99608->ffc7b071-00b3-4a69-8de5-2639a1a8d8ac: receive RaftClientReply:client-7F7296B99608->ffc7b071-00b3-4a69-8de5-2639a1a8d8ac@group-6911E2D50CC5, cid=2118, SUCCESS, logIndex=3594, commits[ffc7b071-00b3-4a69-8de5-2639a1a8d8ac:c3594]
2019-06-12 16:04:57,717 INFO  client.GrpcClientProtocolClient (GrpcClientProtocolClient.java:onNext(254)) - client-7F7296B99608->ffc7b071-00b3-4a69-8de5-2639a1a8d8ac: receive RaftClientReply:client-7F7296B99608->ffc7b071-00b3-4a69-8de5-2639a1a8d8ac@group-6911E2D50CC5, cid=2119, SUCCESS, logIndex=3595, commits[ffc7b071-00b3-4a69-8de5-2639a1a8d8ac:c3597]
2019-06-12 16:04:57,717 INFO  client.GrpcClientProtocolClient (GrpcClientProtocolClient.java:onNext(254)) - client-7F7296B99608->ffc7b071-00b3-4a69-8de5-2639a1a8d8ac: receive RaftClientReply:client-7F7296B99608->ffc7b071-00b3-4a69-8de5-2639a1a8d8ac@group-6911E2D50CC5, cid=2120, SUCCESS, logIndex=3596, commits[ffc7b071-00b3-4a69-8de5-2639a1a8d8ac:c3597]
2019-06-12 16:04:57,746 DEBUG block.SCMBlockDeletingService (SCMBlockDeletingService.java:call(138)) - Running DeletedBlockTransactionScanner
2019-06-12 16:04:57,746 DEBUG block.SCMBlockDeletingService (SCMBlockDeletingService.java:call(155)) - Scanned deleted blocks log and got 0 delTX to process.
2019-06-12 16:04:57,792 INFO  client.GrpcClientProtocolClient (GrpcClientProtocolClient.java:onNext(254)) - client-7F7296B99608->ffc7b071-00b3-4a69-8de5-2639a1a8d8ac: receive RaftClientReply:client-7F7296B99608->ffc7b071-00b3-4a69-8de5-2639a1a8d8ac@group-6911E2D50CC5, cid=2121, SUCCESS, logIndex=3598, commits[ffc7b071-00b3-4a69-8de5-2639a1a8d8ac:c3598]
2019-06-12 16:04:57,794 INFO  client.GrpcClientProtocolClient (GrpcClientProtocolClient.java:onNext(254)) - client-7F7296B99608->ffc7b071-00b3-4a69-8de5-2639a1a8d8ac: receive RaftClientReply:client-7F7296B99608->ffc7b071-00b3-4a69-8de5-2639a1a8d8ac@group-6911E2D50CC5, cid=2122, SUCCESS, logIndex=3600, commits[ffc7b071-00b3-4a69-8de5-2639a1a8d8ac:c3600]
2019-06-12 16:04:57,795 INFO  client.GrpcClientProtocolClient (GrpcClientProtocolClient.java:onNext(254)) - client-7F7296B99608->ffc7b071-00b3-4a69-8de5-2639a1a8d8ac: receive RaftClientReply:client-7F7296B99608->ffc7b071-00b3-4a69-8de5-2639a1a8d8ac@group-6911E2D50CC5, cid=2123, SUCCESS, logIndex=3601, commits[ffc7b071-00b3-4a69-8de5-2639a1a8d8ac:c3603]
2019-06-12 16:04:57,795 INFO  client.GrpcClientProtocolClient (GrpcClientProtocolClient.java:onNext(254)) - client-7F7296B99608->ffc7b071-00b3-4a69-8de5-2639a1a8d8ac: receive RaftClientReply:client-7F7296B99608->ffc7b071-00b3-4a69-8de5-2639a1a8d8ac@group-6911E2D50CC5, cid=2124, SUCCESS, logIndex=3602, commits[ffc7b071-00b3-4a69-8de5-2639a1a8d8ac:c3603]
2019-06-12 16:04:57,801 INFO  client.GrpcClientProtocolClient (GrpcClientProtocolClient.java:onNext(254)) - client-7F7296B99608->ffc7b071-00b3-4a69-8de5-2639a1a8d8ac: receive RaftClientReply:client-7F7296B99608->ffc7b071-00b3-4a69-8de5-2639a1a8d8ac@group-6911E2D50CC5, cid=2125, SUCCESS, logIndex=3604, commits[ffc7b071-00b3-4a69-8de5-2639a1a8d8ac:c3604]
2019-06-12 16:04:57,802 INFO  client.GrpcClientProtocolClient (GrpcClientProtocolClient.java:onNext(254)) - client-7F7296B99608->ffc7b071-00b3-4a69-8de5-2639a1a8d8ac: receive RaftClientReply:client-7F7296B99608->ffc7b071-00b3-4a69-8de5-2639a1a8d8ac@group-6911E2D50CC5, cid=2126, SUCCESS, logIndex=3606, commits[ffc7b071-00b3-4a69-8de5-2639a1a8d8ac:c3606]
2019-06-12 16:04:57,803 INFO  client.GrpcClientProtocolClient (GrpcClientProtocolClient.java:onNext(254)) - client-7F7296B99608->ffc7b071-00b3-4a69-8de5-2639a1a8d8ac: receive RaftClientReply:client-7F7296B99608->ffc7b071-00b3-4a69-8de5-2639a1a8d8ac@group-6911E2D50CC5, cid=2127, SUCCESS, logIndex=3607, commits[ffc7b071-00b3-4a69-8de5-2639a1a8d8ac:c3609]
2019-06-12 16:04:57,803 INFO  client.GrpcClientProtocolClient (GrpcClientProtocolClient.java:onNext(254)) - client-7F7296B99608->ffc7b071-00b3-4a69-8de5-2639a1a8d8ac: receive RaftClientReply:client-7F7296B99608->ffc7b071-00b3-4a69-8de5-2639a1a8d8ac@group-6911E2D50CC5, cid=2128, SUCCESS, logIndex=3608, commits[ffc7b071-00b3-4a69-8de5-2639a1a8d8ac:c3609]
2019-06-12 16:04:57,811 INFO  client.GrpcClientProtocolClient (GrpcClientProtocolClient.java:onNext(254)) - client-7F7296B99608->ffc7b071-00b3-4a69-8de5-2639a1a8d8ac: receive RaftClientReply:client-7F7296B99608->ffc7b071-00b3-4a69-8de5-2639a1a8d8ac@group-6911E2D50CC5, cid=2129, SUCCESS, logIndex=3610, commits[ffc7b071-00b3-4a69-8de5-2639a1a8d8ac:c3610]
2019-06-12 16:04:57,812 INFO  client.GrpcClientProtocolClient (GrpcClientProtocolClient.java:onNext(254)) - client-7F7296B99608->ffc7b071-00b3-4a69-8de5-2639a1a8d8ac: receive RaftClientReply:client-7F7296B99608->ffc7b071-00b3-4a69-8de5-2639a1a8d8ac@group-6911E2D50CC5, cid=2130, SUCCESS, logIndex=3612, commits[ffc7b071-00b3-4a69-8de5-2639a1a8d8ac:c3612]
2019-06-12 16:04:57,814 INFO  client.GrpcClientProtocolClient (GrpcClientProtocolClient.java:onNext(254)) - client-7F7296B99608->ffc7b071-00b3-4a69-8de5-2639a1a8d8ac: receive RaftClientReply:client-7F7296B99608->ffc7b071-00b3-4a69-8de5-2639a1a8d8ac@group-6911E2D50CC5, cid=2131, SUCCESS, logIndex=3613, commits[ffc7b071-00b3-4a69-8de5-2639a1a8d8ac:c3615]
2019-06-12 16:04:57,814 INFO  client.GrpcClientProtocolClient (GrpcClientProtocolClient.java:onNext(254)) - client-7F7296B99608->ffc7b071-00b3-4a69-8de5-2639a1a8d8ac: receive RaftClientReply:client-7F7296B99608->ffc7b071-00b3-4a69-8de5-2639a1a8d8ac@group-6911E2D50CC5, cid=2132, SUCCESS, logIndex=3614, commits[ffc7b071-00b3-4a69-8de5-2639a1a8d8ac:c3615]
2019-06-12 16:04:57,818 INFO  client.GrpcClientProtocolClient (GrpcClientProtocolClient.java:onNext(254)) - client-7F7296B99608->ffc7b071-00b3-4a69-8de5-2639a1a8d8ac: receive RaftClientReply:client-7F7296B99608->ffc7b071-00b3-4a69-8de5-2639a1a8d8ac@group-6911E2D50CC5, cid=2133, SUCCESS, logIndex=3616, commits[ffc7b071-00b3-4a69-8de5-2639a1a8d8ac:c3616]
2019-06-12 16:04:57,820 INFO  client.GrpcClientProtocolClient (GrpcClientProtocolClient.java:onNext(254)) - client-7F7296B99608->ffc7b071-00b3-4a69-8de5-2639a1a8d8ac: receive RaftClientReply:client-7F7296B99608->ffc7b071-00b3-4a69-8de5-2639a1a8d8ac@group-6911E2D50CC5, cid=2134, SUCCESS, logIndex=3618, commits[ffc7b071-00b3-4a69-8de5-2639a1a8d8ac:c3618]
2019-06-12 16:04:57,821 INFO  client.GrpcClientProtocolClient (GrpcClientProtocolClient.java:onNext(254)) - client-7F7296B99608->ffc7b071-00b3-4a69-8de5-2639a1a8d8ac: receive RaftClientReply:client-7F7296B99608->ffc7b071-00b3-4a69-8de5-2639a1a8d8ac@group-6911E2D50CC5, cid=2135, SUCCESS, logIndex=3619, commits[ffc7b071-00b3-4a69-8de5-2639a1a8d8ac:c3621]
2019-06-12 16:04:57,822 INFO  client.GrpcClientProtocolClient (GrpcClientProtocolClient.java:onNext(254)) - client-7F7296B99608->ffc7b071-00b3-4a69-8de5-2639a1a8d8ac: receive RaftClientReply:client-7F7296B99608->ffc7b071-00b3-4a69-8de5-2639a1a8d8ac@group-6911E2D50CC5, cid=2136, SUCCESS, logIndex=3620, commits[ffc7b071-00b3-4a69-8de5-2639a1a8d8ac:c3621]
2019-06-12 16:04:57,832 INFO  client.GrpcClientProtocolClient (GrpcClientProtocolClient.java:onNext(254)) - client-7F7296B99608->ffc7b071-00b3-4a69-8de5-2639a1a8d8ac: receive RaftClientReply:client-7F7296B99608->ffc7b071-00b3-4a69-8de5-2639a1a8d8ac@group-6911E2D50CC5, cid=2137, SUCCESS, logIndex=3622, commits[ffc7b071-00b3-4a69-8de5-2639a1a8d8ac:c3622]
2019-06-12 16:04:57,833 INFO  client.GrpcClientProtocolClient (GrpcClientProtocolClient.java:onNext(254)) - client-7F7296B99608->ffc7b071-00b3-4a69-8de5-2639a1a8d8ac: receive RaftClientReply:client-7F7296B99608->ffc7b071-00b3-4a69-8de5-2639a1a8d8ac@group-6911E2D50CC5, cid=2138, SUCCESS, logIndex=3624, commits[ffc7b071-00b3-4a69-8de5-2639a1a8d8ac:c3624]
2019-06-12 16:04:57,835 INFO  client.GrpcClientProtocolClient (GrpcClientProtocolClient.java:onNext(254)) - client-7F7296B99608->ffc7b071-00b3-4a69-8de5-2639a1a8d8ac: receive RaftClientReply:client-7F7296B99608->ffc7b071-00b3-4a69-8de5-2639a1a8d8ac@group-6911E2D50CC5, cid=2139, SUCCESS, logIndex=3625, commits[ffc7b071-00b3-4a69-8de5-2639a1a8d8ac:c3627]
2019-06-12 16:04:57,836 INFO  client.GrpcClientProtocolClient (GrpcClientProtocolClient.java:onNext(254)) - client-7F7296B99608->ffc7b071-00b3-4a69-8de5-2639a1a8d8ac: receive RaftClientReply:client-7F7296B99608->ffc7b071-00b3-4a69-8de5-2639a1a8d8ac@group-6911E2D50CC5, cid=2140, SUCCESS, logIndex=3626, commits[ffc7b071-00b3-4a69-8de5-2639a1a8d8ac:c3627]
2019-06-12 16:04:57,841 INFO  client.GrpcClientProtocolClient (GrpcClientProtocolClient.java:onNext(254)) - client-7F7296B99608->ffc7b071-00b3-4a69-8de5-2639a1a8d8ac: receive RaftClientReply:client-7F7296B99608->ffc7b071-00b3-4a69-8de5-2639a1a8d8ac@group-6911E2D50CC5, cid=2141, SUCCESS, logIndex=3628, commits[ffc7b071-00b3-4a69-8de5-2639a1a8d8ac:c3628]
2019-06-12 16:04:57,842 INFO  storage.RaftLogWorker (RaftLogWorker.java:rollLogSegment(303)) - ffc7b071-00b3-4a69-8de5-2639a1a8d8ac-RaftLogWorker: Rolling segment log-3568_3631 to index:3631
2019-06-12 16:04:57,843 INFO  storage.RaftLogWorker (RaftLogWorker.java:execute(433)) - ffc7b071-00b3-4a69-8de5-2639a1a8d8ac-RaftLogWorker: Rolled log segment from /opt/src/hadoop-ozone/integration-test/target/test-dir/MiniOzoneClusterImpl-a1c7246e-c692-4524-ad55-32b507b20431/datanode-0/data/ratis/4417d833-4fb6-4fa2-9413-6911e2d50cc5/current/log_inprogress_3568 to /opt/src/hadoop-ozone/integration-test/target/test-dir/MiniOzoneClusterImpl-a1c7246e-c692-4524-ad55-32b507b20431/datanode-0/data/ratis/4417d833-4fb6-4fa2-9413-6911e2d50cc5/current/log_3568-3631
2019-06-12 16:04:57,843 INFO  client.GrpcClientProtocolClient (GrpcClientProtocolClient.java:onNext(254)) - client-7F7296B99608->ffc7b071-00b3-4a69-8de5-2639a1a8d8ac: receive RaftClientReply:client-7F7296B99608->ffc7b071-00b3-4a69-8de5-2639a1a8d8ac@group-6911E2D50CC5, cid=2142, SUCCESS, logIndex=3630, commits[ffc7b071-00b3-4a69-8de5-2639a1a8d8ac:c3630]
2019-06-12 16:04:57,844 INFO  client.GrpcClientProtocolClient (GrpcClientProtocolClient.java:onNext(254)) - client-7F7296B99608->ffc7b071-00b3-4a69-8de5-2639a1a8d8ac: receive RaftClientReply:client-7F7296B99608->ffc7b071-00b3-4a69-8de5-2639a1a8d8ac@group-6911E2D50CC5, cid=2143, SUCCESS, logIndex=3631, commits[ffc7b071-00b3-4a69-8de5-2639a1a8d8ac:c3631]
2019-06-12 16:04:57,847 DEBUG block.SCMBlockDeletingService (SCMBlockDeletingService.java:call(138)) - Running DeletedBlockTransactionScanner
2019-06-12 16:04:57,847 DEBUG block.SCMBlockDeletingService (SCMBlockDeletingService.java:call(155)) - Scanned deleted blocks log and got 0 delTX to process.
2019-06-12 16:04:57,878 INFO  storage.RaftLogWorker (RaftLogWorker.java:execute(469)) - ffc7b071-00b3-4a69-8de5-2639a1a8d8ac-RaftLogWorker: created new log segment /opt/src/hadoop-ozone/integration-test/target/test-dir/MiniOzoneClusterImpl-a1c7246e-c692-4524-ad55-32b507b20431/datanode-0/data/ratis/4417d833-4fb6-4fa2-9413-6911e2d50cc5/current/log_inprogress_3632
2019-06-12 16:04:57,880 INFO  client.GrpcClientProtocolClient (GrpcClientProtocolClient.java:onNext(254)) - client-7F7296B99608->ffc7b071-00b3-4a69-8de5-2639a1a8d8ac: receive RaftClientReply:client-7F7296B99608->ffc7b071-00b3-4a69-8de5-2639a1a8d8ac@group-6911E2D50CC5, cid=2144, SUCCESS, logIndex=3632, commits[ffc7b071-00b3-4a69-8de5-2639a1a8d8ac:c3634]
2019-06-12 16:04:57,888 INFO  client.GrpcClientProtocolClient (GrpcClientProtocolClient.java:onNext(254)) - client-7F7296B99608->ffc7b071-00b3-4a69-8de5-2639a1a8d8ac: receive RaftClientReply:client-7F7296B99608->ffc7b071-00b3-4a69-8de5-2639a1a8d8ac@group-6911E2D50CC5, cid=2145, SUCCESS, logIndex=3635, commits[ffc7b071-00b3-4a69-8de5-2639a1a8d8ac:c3635]
2019-06-12 16:04:57,890 INFO  client.GrpcClientProtocolClient (GrpcClientProtocolClient.java:onNext(254)) - client-7F7296B99608->ffc7b071-00b3-4a69-8de5-2639a1a8d8ac: receive RaftClientReply:client-7F7296B99608->ffc7b071-00b3-4a69-8de5-2639a1a8d8ac@group-6911E2D50CC5, cid=2146, SUCCESS, logIndex=3637, commits[ffc7b071-00b3-4a69-8de5-2639a1a8d8ac:c3637]
2019-06-12 16:04:57,891 INFO  client.GrpcClientProtocolClient (GrpcClientProtocolClient.java:onNext(254)) - client-7F7296B99608->ffc7b071-00b3-4a69-8de5-2639a1a8d8ac: receive RaftClientReply:client-7F7296B99608->ffc7b071-00b3-4a69-8de5-2639a1a8d8ac@group-6911E2D50CC5, cid=2147, SUCCESS, logIndex=3638, commits[ffc7b071-00b3-4a69-8de5-2639a1a8d8ac:c3640]
2019-06-12 16:04:57,891 INFO  client.GrpcClientProtocolClient (GrpcClientProtocolClient.java:onNext(254)) - client-7F7296B99608->ffc7b071-00b3-4a69-8de5-2639a1a8d8ac: receive RaftClientReply:client-7F7296B99608->ffc7b071-00b3-4a69-8de5-2639a1a8d8ac@group-6911E2D50CC5, cid=2148, SUCCESS, logIndex=3639, commits[ffc7b071-00b3-4a69-8de5-2639a1a8d8ac:c3640]
2019-06-12 16:04:57,896 INFO  client.GrpcClientProtocolClient (GrpcClientProtocolClient.java:onNext(254)) - client-7F7296B99608->ffc7b071-00b3-4a69-8de5-2639a1a8d8ac: receive RaftClientReply:client-7F7296B99608->ffc7b071-00b3-4a69-8de5-2639a1a8d8ac@group-6911E2D50CC5, cid=2149, SUCCESS, logIndex=3641, commits[ffc7b071-00b3-4a69-8de5-2639a1a8d8ac:c3641]
2019-06-12 16:04:57,898 INFO  client.GrpcClientProtocolClient (GrpcClientProtocolClient.java:onNext(254)) - client-7F7296B99608->ffc7b071-00b3-4a69-8de5-2639a1a8d8ac: receive RaftClientReply:client-7F7296B99608->ffc7b071-00b3-4a69-8de5-2639a1a8d8ac@group-6911E2D50CC5, cid=2150, SUCCESS, logIndex=3643, commits[ffc7b071-00b3-4a69-8de5-2639a1a8d8ac:c3643]
2019-06-12 16:04:57,952 DEBUG block.SCMBlockDeletingService (SCMBlockDeletingService.java:call(138)) - Running DeletedBlockTransactionScanner
2019-06-12 16:04:57,953 DEBUG block.SCMBlockDeletingService (SCMBlockDeletingService.java:call(155)) - Scanned deleted blocks log and got 0 delTX to process.
2019-06-12 16:04:57,955 INFO  client.GrpcClientProtocolClient (GrpcClientProtocolClient.java:onNext(254)) - client-7F7296B99608->ffc7b071-00b3-4a69-8de5-2639a1a8d8ac: receive RaftClientReply:client-7F7296B99608->ffc7b071-00b3-4a69-8de5-2639a1a8d8ac@group-6911E2D50CC5, cid=2151, SUCCESS, logIndex=3644, commits[ffc7b071-00b3-4a69-8de5-2639a1a8d8ac:c3646]
2019-06-12 16:04:57,958 INFO  client.GrpcClientProtocolClient (GrpcClientProtocolClient.java:onNext(254)) - client-7F7296B99608->ffc7b071-00b3-4a69-8de5-2639a1a8d8ac: receive RaftClientReply:client-7F7296B99608->ffc7b071-00b3-4a69-8de5-2639a1a8d8ac@group-6911E2D50CC5, cid=2152, SUCCESS, logIndex=3645, commits[ffc7b071-00b3-4a69-8de5-2639a1a8d8ac:c3646]
2019-06-12 16:04:57,974 INFO  client.GrpcClientProtocolClient (GrpcClientProtocolClient.java:onNext(254)) - client-7F7296B99608->ffc7b071-00b3-4a69-8de5-2639a1a8d8ac: receive RaftClientReply:client-7F7296B99608->ffc7b071-00b3-4a69-8de5-2639a1a8d8ac@group-6911E2D50CC5, cid=2153, SUCCESS, logIndex=3647, commits[ffc7b071-00b3-4a69-8de5-2639a1a8d8ac:c3647]
2019-06-12 16:04:57,976 INFO  client.GrpcClientProtocolClient (GrpcClientProtocolClient.java:onNext(254)) - client-7F7296B99608->ffc7b071-00b3-4a69-8de5-2639a1a8d8ac: receive RaftClientReply:client-7F7296B99608->ffc7b071-00b3-4a69-8de5-2639a1a8d8ac@group-6911E2D50CC5, cid=2154, SUCCESS, logIndex=3649, commits[ffc7b071-00b3-4a69-8de5-2639a1a8d8ac:c3649]
2019-06-12 16:04:57,977 INFO  client.GrpcClientProtocolClient (GrpcClientProtocolClient.java:onNext(254)) - client-7F7296B99608->ffc7b071-00b3-4a69-8de5-2639a1a8d8ac: receive RaftClientReply:client-7F7296B99608->ffc7b071-00b3-4a69-8de5-2639a1a8d8ac@group-6911E2D50CC5, cid=2155, SUCCESS, logIndex=3650, commits[ffc7b071-00b3-4a69-8de5-2639a1a8d8ac:c3650]
2019-06-12 16:04:57,977 INFO  client.GrpcClientProtocolClient (GrpcClientProtocolClient.java:onNext(254)) - client-7F7296B99608->ffc7b071-00b3-4a69-8de5-2639a1a8d8ac: receive RaftClientReply:client-7F7296B99608->ffc7b071-00b3-4a69-8de5-2639a1a8d8ac@group-6911E2D50CC5, cid=2156, SUCCESS, logIndex=3652, commits[ffc7b071-00b3-4a69-8de5-2639a1a8d8ac:c3652]
2019-06-12 16:04:57,982 INFO  client.GrpcClientProtocolClient (GrpcClientProtocolClient.java:onNext(254)) - client-7F7296B99608->ffc7b071-00b3-4a69-8de5-2639a1a8d8ac: receive RaftClientReply:client-7F7296B99608->ffc7b071-00b3-4a69-8de5-2639a1a8d8ac@group-6911E2D50CC5, cid=2157, SUCCESS, logIndex=3655, commits[ffc7b071-00b3-4a69-8de5-2639a1a8d8ac:c3655]
2019-06-12 16:04:57,984 INFO  client.GrpcClientProtocolClient (GrpcClientProtocolClient.java:onNext(254)) - client-7F7296B99608->ffc7b071-00b3-4a69-8de5-2639a1a8d8ac: receive RaftClientReply:client-7F7296B99608->ffc7b071-00b3-4a69-8de5-2639a1a8d8ac@group-6911E2D50CC5, cid=2158, SUCCESS, logIndex=3657, commits[ffc7b071-00b3-4a69-8de5-2639a1a8d8ac:c3657]
2019-06-12 16:04:57,985 INFO  client.GrpcClientProtocolClient (GrpcClientProtocolClient.java:onNext(254)) - client-7F7296B99608->ffc7b071-00b3-4a69-8de5-2639a1a8d8ac: receive RaftClientReply:client-7F7296B99608->ffc7b071-00b3-4a69-8de5-2639a1a8d8ac@group-6911E2D50CC5, cid=2159, SUCCESS, logIndex=3658, commits[ffc7b071-00b3-4a69-8de5-2639a1a8d8ac:c3660]
2019-06-12 16:04:57,985 INFO  client.GrpcClientProtocolClient (GrpcClientProtocolClient.java:onNext(254)) - client-7F7296B99608->ffc7b071-00b3-4a69-8de5-2639a1a8d8ac: receive RaftClientReply:client-7F7296B99608->ffc7b071-00b3-4a69-8de5-2639a1a8d8ac@group-6911E2D50CC5, cid=2160, SUCCESS, logIndex=3659, commits[ffc7b071-00b3-4a69-8de5-2639a1a8d8ac:c3660]
2019-06-12 16:04:57,994 INFO  client.GrpcClientProtocolClient (GrpcClientProtocolClient.java:onNext(254)) - client-7F7296B99608->ffc7b071-00b3-4a69-8de5-2639a1a8d8ac: receive RaftClientReply:client-7F7296B99608->ffc7b071-00b3-4a69-8de5-2639a1a8d8ac@group-6911E2D50CC5, cid=2161, SUCCESS, logIndex=3661, commits[ffc7b071-00b3-4a69-8de5-2639a1a8d8ac:c3661]
2019-06-12 16:04:57,996 INFO  client.GrpcClientProtocolClient (GrpcClientProtocolClient.java:onNext(254)) - client-7F7296B99608->ffc7b071-00b3-4a69-8de5-2639a1a8d8ac: receive RaftClientReply:client-7F7296B99608->ffc7b071-00b3-4a69-8de5-2639a1a8d8ac@group-6911E2D50CC5, cid=2162, SUCCESS, logIndex=3663, commits[ffc7b071-00b3-4a69-8de5-2639a1a8d8ac:c3663]
2019-06-12 16:04:57,996 INFO  client.GrpcClientProtocolClient (GrpcClientProtocolClient.java:onNext(254)) - client-7F7296B99608->ffc7b071-00b3-4a69-8de5-2639a1a8d8ac: receive RaftClientReply:client-7F7296B99608->ffc7b071-00b3-4a69-8de5-2639a1a8d8ac@group-6911E2D50CC5, cid=2163, SUCCESS, logIndex=3664, commits[ffc7b071-00b3-4a69-8de5-2639a1a8d8ac:c3665]
2019-06-12 16:04:57,997 INFO  client.GrpcClientProtocolClient (GrpcClientProtocolClient.java:onNext(254)) - client-7F7296B99608->ffc7b071-00b3-4a69-8de5-2639a1a8d8ac: receive RaftClientReply:client-7F7296B99608->ffc7b071-00b3-4a69-8de5-2639a1a8d8ac@group-6911E2D50CC5, cid=2164, SUCCESS, logIndex=3665, commits[ffc7b071-00b3-4a69-8de5-2639a1a8d8ac:c3666]
2019-06-12 16:04:58,001 INFO  client.GrpcClientProtocolClient (GrpcClientProtocolClient.java:onNext(254)) - client-7F7296B99608->ffc7b071-00b3-4a69-8de5-2639a1a8d8ac: receive RaftClientReply:client-7F7296B99608->ffc7b071-00b3-4a69-8de5-2639a1a8d8ac@group-6911E2D50CC5, cid=2165, SUCCESS, logIndex=3668, commits[ffc7b071-00b3-4a69-8de5-2639a1a8d8ac:c3668]
2019-06-12 16:04:58,002 INFO  client.GrpcClientProtocolClient (GrpcClientProtocolClient.java:onNext(254)) - client-7F7296B99608->ffc7b071-00b3-4a69-8de5-2639a1a8d8ac: receive RaftClientReply:client-7F7296B99608->ffc7b071-00b3-4a69-8de5-2639a1a8d8ac@group-6911E2D50CC5, cid=2166, SUCCESS, logIndex=3670, commits[ffc7b071-00b3-4a69-8de5-2639a1a8d8ac:c3670]
2019-06-12 16:04:58,053 DEBUG block.SCMBlockDeletingService (SCMBlockDeletingService.java:call(138)) - Running DeletedBlockTransactionScanner
2019-06-12 16:04:58,053 DEBUG block.SCMBlockDeletingService (SCMBlockDeletingService.java:call(155)) - Scanned deleted blocks log and got 0 delTX to process.
2019-06-12 16:04:58,069 INFO  client.GrpcClientProtocolClient (GrpcClientProtocolClient.java:onNext(254)) - client-7F7296B99608->ffc7b071-00b3-4a69-8de5-2639a1a8d8ac: receive RaftClientReply:client-7F7296B99608->ffc7b071-00b3-4a69-8de5-2639a1a8d8ac@group-6911E2D50CC5, cid=2167, SUCCESS, logIndex=3672, commits[ffc7b071-00b3-4a69-8de5-2639a1a8d8ac:c3672]
2019-06-12 16:04:58,070 INFO  client.GrpcClientProtocolClient (GrpcClientProtocolClient.java:onNext(254)) - client-7F7296B99608->ffc7b071-00b3-4a69-8de5-2639a1a8d8ac: receive RaftClientReply:client-7F7296B99608->ffc7b071-00b3-4a69-8de5-2639a1a8d8ac@group-6911E2D50CC5, cid=2168, SUCCESS, logIndex=3674, commits[ffc7b071-00b3-4a69-8de5-2639a1a8d8ac:c3674]
2019-06-12 16:04:58,079 INFO  client.GrpcClientProtocolClient (GrpcClientProtocolClient.java:onNext(254)) - client-7F7296B99608->ffc7b071-00b3-4a69-8de5-2639a1a8d8ac: receive RaftClientReply:client-7F7296B99608->ffc7b071-00b3-4a69-8de5-2639a1a8d8ac@group-6911E2D50CC5, cid=2169, SUCCESS, logIndex=3676, commits[ffc7b071-00b3-4a69-8de5-2639a1a8d8ac:c3676]
2019-06-12 16:04:58,082 INFO  client.GrpcClientProtocolClient (GrpcClientProtocolClient.java:onNext(254)) - client-7F7296B99608->ffc7b071-00b3-4a69-8de5-2639a1a8d8ac: receive RaftClientReply:client-7F7296B99608->ffc7b071-00b3-4a69-8de5-2639a1a8d8ac@group-6911E2D50CC5, cid=2170, SUCCESS, logIndex=3678, commits[ffc7b071-00b3-4a69-8de5-2639a1a8d8ac:c3678]
2019-06-12 16:04:58,083 INFO  client.GrpcClientProtocolClient (GrpcClientProtocolClient.java:onNext(254)) - client-7F7296B99608->ffc7b071-00b3-4a69-8de5-2639a1a8d8ac: receive RaftClientReply:client-7F7296B99608->ffc7b071-00b3-4a69-8de5-2639a1a8d8ac@group-6911E2D50CC5, cid=2171, SUCCESS, logIndex=3679, commits[ffc7b071-00b3-4a69-8de5-2639a1a8d8ac:c3681]
2019-06-12 16:04:58,086 INFO  client.GrpcClientProtocolClient (GrpcClientProtocolClient.java:onNext(254)) - client-7F7296B99608->ffc7b071-00b3-4a69-8de5-2639a1a8d8ac: receive RaftClientReply:client-7F7296B99608->ffc7b071-00b3-4a69-8de5-2639a1a8d8ac@group-6911E2D50CC5, cid=2172, SUCCESS, logIndex=3680, commits[ffc7b071-00b3-4a69-8de5-2639a1a8d8ac:c3681]
2019-06-12 16:04:58,091 INFO  client.GrpcClientProtocolClient (GrpcClientProtocolClient.java:onNext(254)) - client-7F7296B99608->ffc7b071-00b3-4a69-8de5-2639a1a8d8ac: receive RaftClientReply:client-7F7296B99608->ffc7b071-00b3-4a69-8de5-2639a1a8d8ac@group-6911E2D50CC5, cid=2173, SUCCESS, logIndex=3682, commits[ffc7b071-00b3-4a69-8de5-2639a1a8d8ac:c3682]
2019-06-12 16:04:58,093 INFO  client.GrpcClientProtocolClient (GrpcClientProtocolClient.java:onNext(254)) - client-7F7296B99608->ffc7b071-00b3-4a69-8de5-2639a1a8d8ac: receive RaftClientReply:client-7F7296B99608->ffc7b071-00b3-4a69-8de5-2639a1a8d8ac@group-6911E2D50CC5, cid=2174, SUCCESS, logIndex=3684, commits[ffc7b071-00b3-4a69-8de5-2639a1a8d8ac:c3684]
2019-06-12 16:04:58,094 INFO  client.GrpcClientProtocolClient (GrpcClientProtocolClient.java:onNext(254)) - client-7F7296B99608->ffc7b071-00b3-4a69-8de5-2639a1a8d8ac: receive RaftClientReply:client-7F7296B99608->ffc7b071-00b3-4a69-8de5-2639a1a8d8ac@group-6911E2D50CC5, cid=2175, SUCCESS, logIndex=3685, commits[ffc7b071-00b3-4a69-8de5-2639a1a8d8ac:c3687]
2019-06-12 16:04:58,094 INFO  client.GrpcClientProtocolClient (GrpcClientProtocolClient.java:onNext(254)) - client-7F7296B99608->ffc7b071-00b3-4a69-8de5-2639a1a8d8ac: receive RaftClientReply:client-7F7296B99608->ffc7b071-00b3-4a69-8de5-2639a1a8d8ac@group-6911E2D50CC5, cid=2176, SUCCESS, logIndex=3686, commits[ffc7b071-00b3-4a69-8de5-2639a1a8d8ac:c3687]
2019-06-12 16:04:58,105 INFO  client.GrpcClientProtocolClient (GrpcClientProtocolClient.java:onNext(254)) - client-7F7296B99608->ffc7b071-00b3-4a69-8de5-2639a1a8d8ac: receive RaftClientReply:client-7F7296B99608->ffc7b071-00b3-4a69-8de5-2639a1a8d8ac@group-6911E2D50CC5, cid=2177, SUCCESS, logIndex=3688, commits[ffc7b071-00b3-4a69-8de5-2639a1a8d8ac:c3688]
2019-06-12 16:04:58,106 INFO  client.GrpcClientProtocolClient (GrpcClientProtocolClient.java:onNext(254)) - client-7F7296B99608->ffc7b071-00b3-4a69-8de5-2639a1a8d8ac: receive RaftClientReply:client-7F7296B99608->ffc7b071-00b3-4a69-8de5-2639a1a8d8ac@group-6911E2D50CC5, cid=2178, SUCCESS, logIndex=3690, commits[ffc7b071-00b3-4a69-8de5-2639a1a8d8ac:c3690]
2019-06-12 16:04:58,108 INFO  client.GrpcClientProtocolClient (GrpcClientProtocolClient.java:onNext(254)) - client-7F7296B99608->ffc7b071-00b3-4a69-8de5-2639a1a8d8ac: receive RaftClientReply:client-7F7296B99608->ffc7b071-00b3-4a69-8de5-2639a1a8d8ac@group-6911E2D50CC5, cid=2179, SUCCESS, logIndex=3691, commits[ffc7b071-00b3-4a69-8de5-2639a1a8d8ac:c3693]
2019-06-12 16:04:58,108 INFO  client.GrpcClientProtocolClient (GrpcClientProtocolClient.java:onNext(254)) - client-7F7296B99608->ffc7b071-00b3-4a69-8de5-2639a1a8d8ac: receive RaftClientReply:client-7F7296B99608->ffc7b071-00b3-4a69-8de5-2639a1a8d8ac@group-6911E2D50CC5, cid=2180, SUCCESS, logIndex=3692, commits[ffc7b071-00b3-4a69-8de5-2639a1a8d8ac:c3693]
2019-06-12 16:04:58,113 INFO  client.GrpcClientProtocolClient (GrpcClientProtocolClient.java:onNext(254)) - client-7F7296B99608->ffc7b071-00b3-4a69-8de5-2639a1a8d8ac: receive RaftClientReply:client-7F7296B99608->ffc7b071-00b3-4a69-8de5-2639a1a8d8ac@group-6911E2D50CC5, cid=2181, SUCCESS, logIndex=3694, commits[ffc7b071-00b3-4a69-8de5-2639a1a8d8ac:c3694]
2019-06-12 16:04:58,115 INFO  client.GrpcClientProtocolClient (GrpcClientProtocolClient.java:onNext(254)) - client-7F7296B99608->ffc7b071-00b3-4a69-8de5-2639a1a8d8ac: receive RaftClientReply:client-7F7296B99608->ffc7b071-00b3-4a69-8de5-2639a1a8d8ac@group-6911E2D50CC5, cid=2182, SUCCESS, logIndex=3696, commits[ffc7b071-00b3-4a69-8de5-2639a1a8d8ac:c3696]
2019-06-12 16:04:58,116 INFO  client.GrpcClientProtocolClient (GrpcClientProtocolClient.java:onNext(254)) - client-7F7296B99608->ffc7b071-00b3-4a69-8de5-2639a1a8d8ac: receive RaftClientReply:client-7F7296B99608->ffc7b071-00b3-4a69-8de5-2639a1a8d8ac@group-6911E2D50CC5, cid=2183, SUCCESS, logIndex=3697, commits[ffc7b071-00b3-4a69-8de5-2639a1a8d8ac:c3698]
2019-06-12 16:04:58,118 INFO  client.GrpcClientProtocolClient (GrpcClientProtocolClient.java:onNext(254)) - client-7F7296B99608->ffc7b071-00b3-4a69-8de5-2639a1a8d8ac: receive RaftClientReply:client-7F7296B99608->ffc7b071-00b3-4a69-8de5-2639a1a8d8ac@group-6911E2D50CC5, cid=2184, SUCCESS, logIndex=3698, commits[ffc7b071-00b3-4a69-8de5-2639a1a8d8ac:c3698]
2019-06-12 16:04:58,128 INFO  client.GrpcClientProtocolClient (GrpcClientProtocolClient.java:onNext(254)) - client-7F7296B99608->ffc7b071-00b3-4a69-8de5-2639a1a8d8ac: receive RaftClientReply:client-7F7296B99608->ffc7b071-00b3-4a69-8de5-2639a1a8d8ac@group-6911E2D50CC5, cid=2185, SUCCESS, logIndex=3701, commits[ffc7b071-00b3-4a69-8de5-2639a1a8d8ac:c3701]
2019-06-12 16:04:58,128 INFO  storage.RaftLogWorker (RaftLogWorker.java:rollLogSegment(303)) - ffc7b071-00b3-4a69-8de5-2639a1a8d8ac-RaftLogWorker: Rolling segment log-3632_3703 to index:3703
2019-06-12 16:04:58,129 INFO  storage.RaftLogWorker (RaftLogWorker.java:execute(433)) - ffc7b071-00b3-4a69-8de5-2639a1a8d8ac-RaftLogWorker: Rolled log segment from /opt/src/hadoop-ozone/integration-test/target/test-dir/MiniOzoneClusterImpl-a1c7246e-c692-4524-ad55-32b507b20431/datanode-0/data/ratis/4417d833-4fb6-4fa2-9413-6911e2d50cc5/current/log_inprogress_3632 to /opt/src/hadoop-ozone/integration-test/target/test-dir/MiniOzoneClusterImpl-a1c7246e-c692-4524-ad55-32b507b20431/datanode-0/data/ratis/4417d833-4fb6-4fa2-9413-6911e2d50cc5/current/log_3632-3703
2019-06-12 16:04:58,130 INFO  client.GrpcClientProtocolClient (GrpcClientProtocolClient.java:onNext(254)) - client-7F7296B99608->ffc7b071-00b3-4a69-8de5-2639a1a8d8ac: receive RaftClientReply:client-7F7296B99608->ffc7b071-00b3-4a69-8de5-2639a1a8d8ac@group-6911E2D50CC5, cid=2186, SUCCESS, logIndex=3703, commits[ffc7b071-00b3-4a69-8de5-2639a1a8d8ac:c3703]
2019-06-12 16:04:58,153 DEBUG block.SCMBlockDeletingService (SCMBlockDeletingService.java:call(138)) - Running DeletedBlockTransactionScanner
2019-06-12 16:04:58,154 DEBUG block.SCMBlockDeletingService (SCMBlockDeletingService.java:call(155)) - Scanned deleted blocks log and got 0 delTX to process.
2019-06-12 16:04:58,164 INFO  storage.RaftLogWorker (RaftLogWorker.java:execute(469)) - ffc7b071-00b3-4a69-8de5-2639a1a8d8ac-RaftLogWorker: created new log segment /opt/src/hadoop-ozone/integration-test/target/test-dir/MiniOzoneClusterImpl-a1c7246e-c692-4524-ad55-32b507b20431/datanode-0/data/ratis/4417d833-4fb6-4fa2-9413-6911e2d50cc5/current/log_inprogress_3704
2019-06-12 16:04:58,166 INFO  client.GrpcClientProtocolClient (GrpcClientProtocolClient.java:onNext(254)) - client-7F7296B99608->ffc7b071-00b3-4a69-8de5-2639a1a8d8ac: receive RaftClientReply:client-7F7296B99608->ffc7b071-00b3-4a69-8de5-2639a1a8d8ac@group-6911E2D50CC5, cid=2187, SUCCESS, logIndex=3704, commits[ffc7b071-00b3-4a69-8de5-2639a1a8d8ac:c3706]
2019-06-12 16:04:58,166 INFO  client.GrpcClientProtocolClient (GrpcClientProtocolClient.java:onNext(254)) - client-7F7296B99608->ffc7b071-00b3-4a69-8de5-2639a1a8d8ac: receive RaftClientReply:client-7F7296B99608->ffc7b071-00b3-4a69-8de5-2639a1a8d8ac@group-6911E2D50CC5, cid=2188, SUCCESS, logIndex=3706, commits[ffc7b071-00b3-4a69-8de5-2639a1a8d8ac:c3706]
2019-06-12 16:04:58,172 INFO  client.GrpcClientProtocolClient (GrpcClientProtocolClient.java:onNext(254)) - client-7F7296B99608->ffc7b071-00b3-4a69-8de5-2639a1a8d8ac: receive RaftClientReply:client-7F7296B99608->ffc7b071-00b3-4a69-8de5-2639a1a8d8ac@group-6911E2D50CC5, cid=2189, SUCCESS, logIndex=3708, commits[ffc7b071-00b3-4a69-8de5-2639a1a8d8ac:c3708]
2019-06-12 16:04:58,173 INFO  client.GrpcClientProtocolClient (GrpcClientProtocolClient.java:onNext(254)) - client-7F7296B99608->ffc7b071-00b3-4a69-8de5-2639a1a8d8ac: receive RaftClientReply:client-7F7296B99608->ffc7b071-00b3-4a69-8de5-2639a1a8d8ac@group-6911E2D50CC5, cid=2190, SUCCESS, logIndex=3710, commits[ffc7b071-00b3-4a69-8de5-2639a1a8d8ac:c3710]
2019-06-12 16:04:58,174 INFO  client.GrpcClientProtocolClient (GrpcClientProtocolClient.java:onNext(254)) - client-7F7296B99608->ffc7b071-00b3-4a69-8de5-2639a1a8d8ac: receive RaftClientReply:client-7F7296B99608->ffc7b071-00b3-4a69-8de5-2639a1a8d8ac@group-6911E2D50CC5, cid=2191, SUCCESS, logIndex=3711, commits[ffc7b071-00b3-4a69-8de5-2639a1a8d8ac:c3713]
2019-06-12 16:04:58,175 INFO  client.GrpcClientProtocolClient (GrpcClientProtocolClient.java:onNext(254)) - client-7F7296B99608->ffc7b071-00b3-4a69-8de5-2639a1a8d8ac: receive RaftClientReply:client-7F7296B99608->ffc7b071-00b3-4a69-8de5-2639a1a8d8ac@group-6911E2D50CC5, cid=2192, SUCCESS, logIndex=3712, commits[ffc7b071-00b3-4a69-8de5-2639a1a8d8ac:c3713]
2019-06-12 16:04:58,185 INFO  client.GrpcClientProtocolClient (GrpcClientProtocolClient.java:onNext(254)) - client-7F7296B99608->ffc7b071-00b3-4a69-8de5-2639a1a8d8ac: receive RaftClientReply:client-7F7296B99608->ffc7b071-00b3-4a69-8de5-2639a1a8d8ac@group-6911E2D50CC5, cid=2193, SUCCESS, logIndex=3714, commits[ffc7b071-00b3-4a69-8de5-2639a1a8d8ac:c3714]
2019-06-12 16:04:58,187 INFO  client.GrpcClientProtocolClient (GrpcClientProtocolClient.java:onNext(254)) - client-7F7296B99608->ffc7b071-00b3-4a69-8de5-2639a1a8d8ac: receive RaftClientReply:client-7F7296B99608->ffc7b071-00b3-4a69-8de5-2639a1a8d8ac@group-6911E2D50CC5, cid=2194, SUCCESS, logIndex=3716, commits[ffc7b071-00b3-4a69-8de5-2639a1a8d8ac:c3716]
2019-06-12 16:04:58,188 INFO  client.GrpcClientProtocolClient (GrpcClientProtocolClient.java:onNext(254)) - client-7F7296B99608->ffc7b071-00b3-4a69-8de5-2639a1a8d8ac: receive RaftClientReply:client-7F7296B99608->ffc7b071-00b3-4a69-8de5-2639a1a8d8ac@group-6911E2D50CC5, cid=2195, SUCCESS, logIndex=3717, commits[ffc7b071-00b3-4a69-8de5-2639a1a8d8ac:c3718]
2019-06-12 16:04:58,188 INFO  client.GrpcClientProtocolClient (GrpcClientProtocolClient.java:onNext(254)) - client-7F7296B99608->ffc7b071-00b3-4a69-8de5-2639a1a8d8ac: receive RaftClientReply:client-7F7296B99608->ffc7b071-00b3-4a69-8de5-2639a1a8d8ac@group-6911E2D50CC5, cid=2196, SUCCESS, logIndex=3718, commits[ffc7b071-00b3-4a69-8de5-2639a1a8d8ac:c3718]
2019-06-12 16:04:58,194 INFO  client.GrpcClientProtocolClient (GrpcClientProtocolClient.java:onNext(254)) - client-7F7296B99608->ffc7b071-00b3-4a69-8de5-2639a1a8d8ac: receive RaftClientReply:client-7F7296B99608->ffc7b071-00b3-4a69-8de5-2639a1a8d8ac@group-6911E2D50CC5, cid=2197, SUCCESS, logIndex=3721, commits[ffc7b071-00b3-4a69-8de5-2639a1a8d8ac:c3721]
2019-06-12 16:04:58,195 INFO  client.GrpcClientProtocolClient (GrpcClientProtocolClient.java:onNext(254)) - client-7F7296B99608->ffc7b071-00b3-4a69-8de5-2639a1a8d8ac: receive RaftClientReply:client-7F7296B99608->ffc7b071-00b3-4a69-8de5-2639a1a8d8ac@group-6911E2D50CC5, cid=2198, SUCCESS, logIndex=3723, commits[ffc7b071-00b3-4a69-8de5-2639a1a8d8ac:c3723]
2019-06-12 16:04:58,197 INFO  client.GrpcClientProtocolClient (GrpcClientProtocolClient.java:onNext(254)) - client-7F7296B99608->ffc7b071-00b3-4a69-8de5-2639a1a8d8ac: receive RaftClientReply:client-7F7296B99608->ffc7b071-00b3-4a69-8de5-2639a1a8d8ac@group-6911E2D50CC5, cid=2199, SUCCESS, logIndex=3724, commits[ffc7b071-00b3-4a69-8de5-2639a1a8d8ac:c3726]
2019-06-12 16:04:58,197 INFO  client.GrpcClientProtocolClient (GrpcClientProtocolClient.java:onNext(254)) - client-7F7296B99608->ffc7b071-00b3-4a69-8de5-2639a1a8d8ac: receive RaftClientReply:client-7F7296B99608->ffc7b071-00b3-4a69-8de5-2639a1a8d8ac@group-6911E2D50CC5, cid=2200, SUCCESS, logIndex=3725, commits[ffc7b071-00b3-4a69-8de5-2639a1a8d8ac:c3726]
2019-06-12 16:04:58,207 INFO  client.GrpcClientProtocolClient (GrpcClientProtocolClient.java:onNext(254)) - client-7F7296B99608->ffc7b071-00b3-4a69-8de5-2639a1a8d8ac: receive RaftClientReply:client-7F7296B99608->ffc7b071-00b3-4a69-8de5-2639a1a8d8ac@group-6911E2D50CC5, cid=2201, SUCCESS, logIndex=3727, commits[ffc7b071-00b3-4a69-8de5-2639a1a8d8ac:c3727]
2019-06-12 16:04:58,209 INFO  client.GrpcClientProtocolClient (GrpcClientProtocolClient.java:onNext(254)) - client-7F7296B99608->ffc7b071-00b3-4a69-8de5-2639a1a8d8ac: receive RaftClientReply:client-7F7296B99608->ffc7b071-00b3-4a69-8de5-2639a1a8d8ac@group-6911E2D50CC5, cid=2202, SUCCESS, logIndex=3729, commits[ffc7b071-00b3-4a69-8de5-2639a1a8d8ac:c3729]
2019-06-12 16:04:58,209 INFO  client.GrpcClientProtocolClient (GrpcClientProtocolClient.java:onNext(254)) - client-7F7296B99608->ffc7b071-00b3-4a69-8de5-2639a1a8d8ac: receive RaftClientReply:client-7F7296B99608->ffc7b071-00b3-4a69-8de5-2639a1a8d8ac@group-6911E2D50CC5, cid=2203, SUCCESS, logIndex=3730, commits[ffc7b071-00b3-4a69-8de5-2639a1a8d8ac:c3732]
2019-06-12 16:04:58,210 INFO  client.GrpcClientProtocolClient (GrpcClientProtocolClient.java:onNext(254)) - client-7F7296B99608->ffc7b071-00b3-4a69-8de5-2639a1a8d8ac: receive RaftClientReply:client-7F7296B99608->ffc7b071-00b3-4a69-8de5-2639a1a8d8ac@group-6911E2D50CC5, cid=2204, SUCCESS, logIndex=3731, commits[ffc7b071-00b3-4a69-8de5-2639a1a8d8ac:c3732]
2019-06-12 16:04:58,215 INFO  client.GrpcClientProtocolClient (GrpcClientProtocolClient.java:onNext(254)) - client-7F7296B99608->ffc7b071-00b3-4a69-8de5-2639a1a8d8ac: receive RaftClientReply:client-7F7296B99608->ffc7b071-00b3-4a69-8de5-2639a1a8d8ac@group-6911E2D50CC5, cid=2205, SUCCESS, logIndex=3733, commits[ffc7b071-00b3-4a69-8de5-2639a1a8d8ac:c3733]
2019-06-12 16:04:58,216 INFO  client.GrpcClientProtocolClient (GrpcClientProtocolClient.java:onNext(254)) - client-7F7296B99608->ffc7b071-00b3-4a69-8de5-2639a1a8d8ac: receive RaftClientReply:client-7F7296B99608->ffc7b071-00b3-4a69-8de5-2639a1a8d8ac@group-6911E2D50CC5, cid=2206, SUCCESS, logIndex=3735, commits[ffc7b071-00b3-4a69-8de5-2639a1a8d8ac:c3735]
2019-06-12 16:04:58,218 INFO  client.GrpcClientProtocolClient (GrpcClientProtocolClient.java:onNext(254)) - client-7F7296B99608->ffc7b071-00b3-4a69-8de5-2639a1a8d8ac: receive RaftClientReply:client-7F7296B99608->ffc7b071-00b3-4a69-8de5-2639a1a8d8ac@group-6911E2D50CC5, cid=2207, SUCCESS, logIndex=3737, commits[ffc7b071-00b3-4a69-8de5-2639a1a8d8ac:c3737]
2019-06-12 16:04:58,219 INFO  client.GrpcClientProtocolClient (GrpcClientProtocolClient.java:onNext(254)) - client-7F7296B99608->ffc7b071-00b3-4a69-8de5-2639a1a8d8ac: receive RaftClientReply:client-7F7296B99608->ffc7b071-00b3-4a69-8de5-2639a1a8d8ac@group-6911E2D50CC5, cid=2208, SUCCESS, logIndex=3738, commits[ffc7b071-00b3-4a69-8de5-2639a1a8d8ac:c3738]
2019-06-12 16:04:58,230 INFO  client.GrpcClientProtocolClient (GrpcClientProtocolClient.java:onNext(254)) - client-7F7296B99608->ffc7b071-00b3-4a69-8de5-2639a1a8d8ac: receive RaftClientReply:client-7F7296B99608->ffc7b071-00b3-4a69-8de5-2639a1a8d8ac@group-6911E2D50CC5, cid=2209, SUCCESS, logIndex=3741, commits[ffc7b071-00b3-4a69-8de5-2639a1a8d8ac:c3741]
2019-06-12 16:04:58,234 INFO  client.GrpcClientProtocolClient (GrpcClientProtocolClient.java:onNext(254)) - client-7F7296B99608->ffc7b071-00b3-4a69-8de5-2639a1a8d8ac: receive RaftClientReply:client-7F7296B99608->ffc7b071-00b3-4a69-8de5-2639a1a8d8ac@group-6911E2D50CC5, cid=2210, SUCCESS, logIndex=3743, commits[ffc7b071-00b3-4a69-8de5-2639a1a8d8ac:c3743]
2019-06-12 16:04:58,254 DEBUG block.SCMBlockDeletingService (SCMBlockDeletingService.java:call(138)) - Running DeletedBlockTransactionScanner
2019-06-12 16:04:58,254 DEBUG block.SCMBlockDeletingService (SCMBlockDeletingService.java:call(155)) - Scanned deleted blocks log and got 0 delTX to process.
2019-06-12 16:04:58,297 INFO  client.GrpcClientProtocolClient (GrpcClientProtocolClient.java:onNext(254)) - client-7F7296B99608->ffc7b071-00b3-4a69-8de5-2639a1a8d8ac: receive RaftClientReply:client-7F7296B99608->ffc7b071-00b3-4a69-8de5-2639a1a8d8ac@group-6911E2D50CC5, cid=2211, SUCCESS, logIndex=3745, commits[ffc7b071-00b3-4a69-8de5-2639a1a8d8ac:c3745]
2019-06-12 16:04:58,298 INFO  client.GrpcClientProtocolClient (GrpcClientProtocolClient.java:onNext(254)) - client-7F7296B99608->ffc7b071-00b3-4a69-8de5-2639a1a8d8ac: receive RaftClientReply:client-7F7296B99608->ffc7b071-00b3-4a69-8de5-2639a1a8d8ac@group-6911E2D50CC5, cid=2212, SUCCESS, logIndex=3747, commits[ffc7b071-00b3-4a69-8de5-2639a1a8d8ac:c3747]
2019-06-12 16:04:58,303 INFO  client.GrpcClientProtocolClient (GrpcClientProtocolClient.java:onNext(254)) - client-7F7296B99608->ffc7b071-00b3-4a69-8de5-2639a1a8d8ac: receive RaftClientReply:client-7F7296B99608->ffc7b071-00b3-4a69-8de5-2639a1a8d8ac@group-6911E2D50CC5, cid=2213, SUCCESS, logIndex=3749, commits[ffc7b071-00b3-4a69-8de5-2639a1a8d8ac:c3749]
2019-06-12 16:04:58,304 INFO  client.GrpcClientProtocolClient (GrpcClientProtocolClient.java:onNext(254)) - client-7F7296B99608->ffc7b071-00b3-4a69-8de5-2639a1a8d8ac: receive RaftClientReply:client-7F7296B99608->ffc7b071-00b3-4a69-8de5-2639a1a8d8ac@group-6911E2D50CC5, cid=2214, SUCCESS, logIndex=3751, commits[ffc7b071-00b3-4a69-8de5-2639a1a8d8ac:c3751]
2019-06-12 16:04:58,306 INFO  client.GrpcClientProtocolClient (GrpcClientProtocolClient.java:onNext(254)) - client-7F7296B99608->ffc7b071-00b3-4a69-8de5-2639a1a8d8ac: receive RaftClientReply:client-7F7296B99608->ffc7b071-00b3-4a69-8de5-2639a1a8d8ac@group-6911E2D50CC5, cid=2215, SUCCESS, logIndex=3752, commits[ffc7b071-00b3-4a69-8de5-2639a1a8d8ac:c3754]
2019-06-12 16:04:58,306 INFO  client.GrpcClientProtocolClient (GrpcClientProtocolClient.java:onNext(254)) - client-7F7296B99608->ffc7b071-00b3-4a69-8de5-2639a1a8d8ac: receive RaftClientReply:client-7F7296B99608->ffc7b071-00b3-4a69-8de5-2639a1a8d8ac@group-6911E2D50CC5, cid=2216, SUCCESS, logIndex=3753, commits[ffc7b071-00b3-4a69-8de5-2639a1a8d8ac:c3754]
2019-06-12 16:04:58,315 INFO  client.GrpcClientProtocolClient (GrpcClientProtocolClient.java:onNext(254)) - client-7F7296B99608->ffc7b071-00b3-4a69-8de5-2639a1a8d8ac: receive RaftClientReply:client-7F7296B99608->ffc7b071-00b3-4a69-8de5-2639a1a8d8ac@group-6911E2D50CC5, cid=2217, SUCCESS, logIndex=3755, commits[ffc7b071-00b3-4a69-8de5-2639a1a8d8ac:c3755]
2019-06-12 16:04:58,318 INFO  client.GrpcClientProtocolClient (GrpcClientProtocolClient.java:onNext(254)) - client-7F7296B99608->ffc7b071-00b3-4a69-8de5-2639a1a8d8ac: receive RaftClientReply:client-7F7296B99608->ffc7b071-00b3-4a69-8de5-2639a1a8d8ac@group-6911E2D50CC5, cid=2218, SUCCESS, logIndex=3757, commits[ffc7b071-00b3-4a69-8de5-2639a1a8d8ac:c3757]
2019-06-12 16:04:58,322 INFO  client.GrpcClientProtocolClient (GrpcClientProtocolClient.java:onNext(254)) - client-7F7296B99608->ffc7b071-00b3-4a69-8de5-2639a1a8d8ac: receive RaftClientReply:client-7F7296B99608->ffc7b071-00b3-4a69-8de5-2639a1a8d8ac@group-6911E2D50CC5, cid=2219, SUCCESS, logIndex=3758, commits[ffc7b071-00b3-4a69-8de5-2639a1a8d8ac:c3760]
2019-06-12 16:04:58,322 INFO  client.GrpcClientProtocolClient (GrpcClientProtocolClient.java:onNext(254)) - client-7F7296B99608->ffc7b071-00b3-4a69-8de5-2639a1a8d8ac: receive RaftClientReply:client-7F7296B99608->ffc7b071-00b3-4a69-8de5-2639a1a8d8ac@group-6911E2D50CC5, cid=2220, SUCCESS, logIndex=3760, commits[ffc7b071-00b3-4a69-8de5-2639a1a8d8ac:c3760]
2019-06-12 16:04:58,328 INFO  client.GrpcClientProtocolClient (GrpcClientProtocolClient.java:onNext(254)) - client-7F7296B99608->ffc7b071-00b3-4a69-8de5-2639a1a8d8ac: receive RaftClientReply:client-7F7296B99608->ffc7b071-00b3-4a69-8de5-2639a1a8d8ac@group-6911E2D50CC5, cid=2221, SUCCESS, logIndex=3762, commits[ffc7b071-00b3-4a69-8de5-2639a1a8d8ac:c3762]
2019-06-12 16:04:58,329 INFO  client.GrpcClientProtocolClient (GrpcClientProtocolClient.java:onNext(254)) - client-7F7296B99608->ffc7b071-00b3-4a69-8de5-2639a1a8d8ac: receive RaftClientReply:client-7F7296B99608->ffc7b071-00b3-4a69-8de5-2639a1a8d8ac@group-6911E2D50CC5, cid=2222, SUCCESS, logIndex=3764, commits[ffc7b071-00b3-4a69-8de5-2639a1a8d8ac:c3764]
2019-06-12 16:04:58,330 INFO  client.GrpcClientProtocolClient (GrpcClientProtocolClient.java:onNext(254)) - client-7F7296B99608->ffc7b071-00b3-4a69-8de5-2639a1a8d8ac: receive RaftClientReply:client-7F7296B99608->ffc7b071-00b3-4a69-8de5-2639a1a8d8ac@group-6911E2D50CC5, cid=2223, SUCCESS, logIndex=3765, commits[ffc7b071-00b3-4a69-8de5-2639a1a8d8ac:c3765]
2019-06-12 16:04:58,330 INFO  client.GrpcClientProtocolClient (GrpcClientProtocolClient.java:onNext(254)) - client-7F7296B99608->ffc7b071-00b3-4a69-8de5-2639a1a8d8ac: receive RaftClientReply:client-7F7296B99608->ffc7b071-00b3-4a69-8de5-2639a1a8d8ac@group-6911E2D50CC5, cid=2224, SUCCESS, logIndex=3767, commits[ffc7b071-00b3-4a69-8de5-2639a1a8d8ac:c3767]
2019-06-12 16:04:58,339 INFO  client.GrpcClientProtocolClient (GrpcClientProtocolClient.java:onNext(254)) - client-7F7296B99608->ffc7b071-00b3-4a69-8de5-2639a1a8d8ac: receive RaftClientReply:client-7F7296B99608->ffc7b071-00b3-4a69-8de5-2639a1a8d8ac@group-6911E2D50CC5, cid=2225, SUCCESS, logIndex=3770, commits[ffc7b071-00b3-4a69-8de5-2639a1a8d8ac:c3770]
2019-06-12 16:04:58,340 INFO  client.GrpcClientProtocolClient (GrpcClientProtocolClient.java:onNext(254)) - client-7F7296B99608->ffc7b071-00b3-4a69-8de5-2639a1a8d8ac: receive RaftClientReply:client-7F7296B99608->ffc7b071-00b3-4a69-8de5-2639a1a8d8ac@group-6911E2D50CC5, cid=2226, SUCCESS, logIndex=3772, commits[ffc7b071-00b3-4a69-8de5-2639a1a8d8ac:c3772]
2019-06-12 16:04:58,341 INFO  client.GrpcClientProtocolClient (GrpcClientProtocolClient.java:onNext(254)) - client-7F7296B99608->ffc7b071-00b3-4a69-8de5-2639a1a8d8ac: receive RaftClientReply:client-7F7296B99608->ffc7b071-00b3-4a69-8de5-2639a1a8d8ac@group-6911E2D50CC5, cid=2227, SUCCESS, logIndex=3773, commits[ffc7b071-00b3-4a69-8de5-2639a1a8d8ac:c3775]
2019-06-12 16:04:58,342 INFO  client.GrpcClientProtocolClient (GrpcClientProtocolClient.java:onNext(254)) - client-7F7296B99608->ffc7b071-00b3-4a69-8de5-2639a1a8d8ac: receive RaftClientReply:client-7F7296B99608->ffc7b071-00b3-4a69-8de5-2639a1a8d8ac@group-6911E2D50CC5, cid=2228, SUCCESS, logIndex=3774, commits[ffc7b071-00b3-4a69-8de5-2639a1a8d8ac:c3775]
2019-06-12 16:04:58,346 INFO  storage.RaftLogWorker (RaftLogWorker.java:rollLogSegment(303)) - ffc7b071-00b3-4a69-8de5-2639a1a8d8ac-RaftLogWorker: Rolling segment log-3704_3777 to index:3777
2019-06-12 16:04:58,346 INFO  client.GrpcClientProtocolClient (GrpcClientProtocolClient.java:onNext(254)) - client-7F7296B99608->ffc7b071-00b3-4a69-8de5-2639a1a8d8ac: receive RaftClientReply:client-7F7296B99608->ffc7b071-00b3-4a69-8de5-2639a1a8d8ac@group-6911E2D50CC5, cid=2229, SUCCESS, logIndex=3776, commits[ffc7b071-00b3-4a69-8de5-2639a1a8d8ac:c3776]
2019-06-12 16:04:58,347 INFO  storage.RaftLogWorker (RaftLogWorker.java:execute(433)) - ffc7b071-00b3-4a69-8de5-2639a1a8d8ac-RaftLogWorker: Rolled log segment from /opt/src/hadoop-ozone/integration-test/target/test-dir/MiniOzoneClusterImpl-a1c7246e-c692-4524-ad55-32b507b20431/datanode-0/data/ratis/4417d833-4fb6-4fa2-9413-6911e2d50cc5/current/log_inprogress_3704 to /opt/src/hadoop-ozone/integration-test/target/test-dir/MiniOzoneClusterImpl-a1c7246e-c692-4524-ad55-32b507b20431/datanode-0/data/ratis/4417d833-4fb6-4fa2-9413-6911e2d50cc5/current/log_3704-3777
2019-06-12 16:04:58,354 DEBUG block.SCMBlockDeletingService (SCMBlockDeletingService.java:call(138)) - Running DeletedBlockTransactionScanner
2019-06-12 16:04:58,354 DEBUG block.SCMBlockDeletingService (SCMBlockDeletingService.java:call(155)) - Scanned deleted blocks log and got 0 delTX to process.
2019-06-12 16:04:58,381 INFO  storage.RaftLogWorker (RaftLogWorker.java:execute(469)) - ffc7b071-00b3-4a69-8de5-2639a1a8d8ac-RaftLogWorker: created new log segment /opt/src/hadoop-ozone/integration-test/target/test-dir/MiniOzoneClusterImpl-a1c7246e-c692-4524-ad55-32b507b20431/datanode-0/data/ratis/4417d833-4fb6-4fa2-9413-6911e2d50cc5/current/log_inprogress_3778
2019-06-12 16:04:58,383 INFO  client.GrpcClientProtocolClient (GrpcClientProtocolClient.java:onNext(254)) - client-7F7296B99608->ffc7b071-00b3-4a69-8de5-2639a1a8d8ac: receive RaftClientReply:client-7F7296B99608->ffc7b071-00b3-4a69-8de5-2639a1a8d8ac@group-6911E2D50CC5, cid=2230, SUCCESS, logIndex=3778, commits[ffc7b071-00b3-4a69-8de5-2639a1a8d8ac:c3780]
2019-06-12 16:04:58,383 INFO  client.GrpcClientProtocolClient (GrpcClientProtocolClient.java:onNext(254)) - client-7F7296B99608->ffc7b071-00b3-4a69-8de5-2639a1a8d8ac: receive RaftClientReply:client-7F7296B99608->ffc7b071-00b3-4a69-8de5-2639a1a8d8ac@group-6911E2D50CC5, cid=2231, SUCCESS, logIndex=3779, commits[ffc7b071-00b3-4a69-8de5-2639a1a8d8ac:c3780]
2019-06-12 16:04:58,383 INFO  client.GrpcClientProtocolClient (GrpcClientProtocolClient.java:onNext(254)) - client-7F7296B99608->ffc7b071-00b3-4a69-8de5-2639a1a8d8ac: receive RaftClientReply:client-7F7296B99608->ffc7b071-00b3-4a69-8de5-2639a1a8d8ac@group-6911E2D50CC5, cid=2232, SUCCESS, logIndex=3780, commits[ffc7b071-00b3-4a69-8de5-2639a1a8d8ac:c3781]
2019-06-12 16:04:58,393 INFO  client.GrpcClientProtocolClient (GrpcClientProtocolClient.java:onNext(254)) - client-7F7296B99608->ffc7b071-00b3-4a69-8de5-2639a1a8d8ac: receive RaftClientReply:client-7F7296B99608->ffc7b071-00b3-4a69-8de5-2639a1a8d8ac@group-6911E2D50CC5, cid=2233, SUCCESS, logIndex=3782, commits[ffc7b071-00b3-4a69-8de5-2639a1a8d8ac:c3782]
2019-06-12 16:04:58,394 INFO  client.GrpcClientProtocolClient (GrpcClientProtocolClient.java:onNext(254)) - client-7F7296B99608->ffc7b071-00b3-4a69-8de5-2639a1a8d8ac: receive RaftClientReply:client-7F7296B99608->ffc7b071-00b3-4a69-8de5-2639a1a8d8ac@group-6911E2D50CC5, cid=2234, SUCCESS, logIndex=3784, commits[ffc7b071-00b3-4a69-8de5-2639a1a8d8ac:c3784]
2019-06-12 16:04:58,395 INFO  client.GrpcClientProtocolClient (GrpcClientProtocolClient.java:onNext(254)) - client-7F7296B99608->ffc7b071-00b3-4a69-8de5-2639a1a8d8ac: receive RaftClientReply:client-7F7296B99608->ffc7b071-00b3-4a69-8de5-2639a1a8d8ac@group-6911E2D50CC5, cid=2235, SUCCESS, logIndex=3785, commits[ffc7b071-00b3-4a69-8de5-2639a1a8d8ac:c3787]
2019-06-12 16:04:58,395 INFO  client.GrpcClientProtocolClient (GrpcClientProtocolClient.java:onNext(254)) - client-7F7296B99608->ffc7b071-00b3-4a69-8de5-2639a1a8d8ac: receive RaftClientReply:client-7F7296B99608->ffc7b071-00b3-4a69-8de5-2639a1a8d8ac@group-6911E2D50CC5, cid=2236, SUCCESS, logIndex=3786, commits[ffc7b071-00b3-4a69-8de5-2639a1a8d8ac:c3787]
2019-06-12 16:04:58,400 INFO  client.GrpcClientProtocolClient (GrpcClientProtocolClient.java:onNext(254)) - client-7F7296B99608->ffc7b071-00b3-4a69-8de5-2639a1a8d8ac: receive RaftClientReply:client-7F7296B99608->ffc7b071-00b3-4a69-8de5-2639a1a8d8ac@group-6911E2D50CC5, cid=2237, SUCCESS, logIndex=3788, commits[ffc7b071-00b3-4a69-8de5-2639a1a8d8ac:c3788]
2019-06-12 16:04:58,401 INFO  client.GrpcClientProtocolClient (GrpcClientProtocolClient.java:onNext(254)) - client-7F7296B99608->ffc7b071-00b3-4a69-8de5-2639a1a8d8ac: receive RaftClientReply:client-7F7296B99608->ffc7b071-00b3-4a69-8de5-2639a1a8d8ac@group-6911E2D50CC5, cid=2238, SUCCESS, logIndex=3790, commits[ffc7b071-00b3-4a69-8de5-2639a1a8d8ac:c3790]
2019-06-12 16:04:58,403 INFO  client.GrpcClientProtocolClient (GrpcClientProtocolClient.java:onNext(254)) - client-7F7296B99608->ffc7b071-00b3-4a69-8de5-2639a1a8d8ac: receive RaftClientReply:client-7F7296B99608->ffc7b071-00b3-4a69-8de5-2639a1a8d8ac@group-6911E2D50CC5, cid=2239, SUCCESS, logIndex=3791, commits[ffc7b071-00b3-4a69-8de5-2639a1a8d8ac:c3793]
2019-06-12 16:04:58,403 INFO  client.GrpcClientProtocolClient (GrpcClientProtocolClient.java:onNext(254)) - client-7F7296B99608->ffc7b071-00b3-4a69-8de5-2639a1a8d8ac: receive RaftClientReply:client-7F7296B99608->ffc7b071-00b3-4a69-8de5-2639a1a8d8ac@group-6911E2D50CC5, cid=2240, SUCCESS, logIndex=3792, commits[ffc7b071-00b3-4a69-8de5-2639a1a8d8ac:c3793]
2019-06-12 16:04:58,459 DEBUG block.SCMBlockDeletingService (SCMBlockDeletingService.java:call(138)) - Running DeletedBlockTransactionScanner
2019-06-12 16:04:58,460 DEBUG block.SCMBlockDeletingService (SCMBlockDeletingService.java:call(155)) - Scanned deleted blocks log and got 0 delTX to process.
2019-06-12 16:04:58,466 INFO  client.GrpcClientProtocolClient (GrpcClientProtocolClient.java:onNext(254)) - client-7F7296B99608->ffc7b071-00b3-4a69-8de5-2639a1a8d8ac: receive RaftClientReply:client-7F7296B99608->ffc7b071-00b3-4a69-8de5-2639a1a8d8ac@group-6911E2D50CC5, cid=2241, SUCCESS, logIndex=3794, commits[ffc7b071-00b3-4a69-8de5-2639a1a8d8ac:c3794]
2019-06-12 16:04:58,469 INFO  client.GrpcClientProtocolClient (GrpcClientProtocolClient.java:onNext(254)) - client-7F7296B99608->ffc7b071-00b3-4a69-8de5-2639a1a8d8ac: receive RaftClientReply:client-7F7296B99608->ffc7b071-00b3-4a69-8de5-2639a1a8d8ac@group-6911E2D50CC5, cid=2242, SUCCESS, logIndex=3796, commits[ffc7b071-00b3-4a69-8de5-2639a1a8d8ac:c3798]
2019-06-12 16:04:58,469 INFO  client.GrpcClientProtocolClient (GrpcClientProtocolClient.java:onNext(254)) - client-7F7296B99608->ffc7b071-00b3-4a69-8de5-2639a1a8d8ac: receive RaftClientReply:client-7F7296B99608->ffc7b071-00b3-4a69-8de5-2639a1a8d8ac@group-6911E2D50CC5, cid=2243, SUCCESS, logIndex=3797, commits[ffc7b071-00b3-4a69-8de5-2639a1a8d8ac:c3799]
2019-06-12 16:04:58,469 INFO  client.GrpcClientProtocolClient (GrpcClientProtocolClient.java:onNext(254)) - client-7F7296B99608->ffc7b071-00b3-4a69-8de5-2639a1a8d8ac: receive RaftClientReply:client-7F7296B99608->ffc7b071-00b3-4a69-8de5-2639a1a8d8ac@group-6911E2D50CC5, cid=2244, SUCCESS, logIndex=3798, commits[ffc7b071-00b3-4a69-8de5-2639a1a8d8ac:c3799]
2019-06-12 16:04:58,475 INFO  client.GrpcClientProtocolClient (GrpcClientProtocolClient.java:onNext(254)) - client-7F7296B99608->ffc7b071-00b3-4a69-8de5-2639a1a8d8ac: receive RaftClientReply:client-7F7296B99608->ffc7b071-00b3-4a69-8de5-2639a1a8d8ac@group-6911E2D50CC5, cid=2245, SUCCESS, logIndex=3800, commits[ffc7b071-00b3-4a69-8de5-2639a1a8d8ac:c3800]
2019-06-12 16:04:58,476 INFO  client.GrpcClientProtocolClient (GrpcClientProtocolClient.java:onNext(254)) - client-7F7296B99608->ffc7b071-00b3-4a69-8de5-2639a1a8d8ac: receive RaftClientReply:client-7F7296B99608->ffc7b071-00b3-4a69-8de5-2639a1a8d8ac@group-6911E2D50CC5, cid=2246, SUCCESS, logIndex=3802, commits[ffc7b071-00b3-4a69-8de5-2639a1a8d8ac:c3802]
2019-06-12 16:04:58,477 INFO  client.GrpcClientProtocolClient (GrpcClientProtocolClient.java:onNext(254)) - client-7F7296B99608->ffc7b071-00b3-4a69-8de5-2639a1a8d8ac: receive RaftClientReply:client-7F7296B99608->ffc7b071-00b3-4a69-8de5-2639a1a8d8ac@group-6911E2D50CC5, cid=2247, SUCCESS, logIndex=3803, commits[ffc7b071-00b3-4a69-8de5-2639a1a8d8ac:c3805]
2019-06-12 16:04:58,478 INFO  client.GrpcClientProtocolClient (GrpcClientProtocolClient.java:onNext(254)) - client-7F7296B99608->ffc7b071-00b3-4a69-8de5-2639a1a8d8ac: receive RaftClientReply:client-7F7296B99608->ffc7b071-00b3-4a69-8de5-2639a1a8d8ac@group-6911E2D50CC5, cid=2248, SUCCESS, logIndex=3804, commits[ffc7b071-00b3-4a69-8de5-2639a1a8d8ac:c3805]
2019-06-12 16:04:58,487 INFO  client.GrpcClientProtocolClient (GrpcClientProtocolClient.java:onNext(254)) - client-7F7296B99608->ffc7b071-00b3-4a69-8de5-2639a1a8d8ac: receive RaftClientReply:client-7F7296B99608->ffc7b071-00b3-4a69-8de5-2639a1a8d8ac@group-6911E2D50CC5, cid=2249, SUCCESS, logIndex=3806, commits[ffc7b071-00b3-4a69-8de5-2639a1a8d8ac:c3806]
2019-06-12 16:04:58,488 INFO  client.GrpcClientProtocolClient (GrpcClientProtocolClient.java:onNext(254)) - client-7F7296B99608->ffc7b071-00b3-4a69-8de5-2639a1a8d8ac: receive RaftClientReply:client-7F7296B99608->ffc7b071-00b3-4a69-8de5-2639a1a8d8ac@group-6911E2D50CC5, cid=2250, SUCCESS, logIndex=3808, commits[ffc7b071-00b3-4a69-8de5-2639a1a8d8ac:c3808]
2019-06-12 16:04:58,489 INFO  client.GrpcClientProtocolClient (GrpcClientProtocolClient.java:onNext(254)) - client-7F7296B99608->ffc7b071-00b3-4a69-8de5-2639a1a8d8ac: receive RaftClientReply:client-7F7296B99608->ffc7b071-00b3-4a69-8de5-2639a1a8d8ac@group-6911E2D50CC5, cid=2251, SUCCESS, logIndex=3809, commits[ffc7b071-00b3-4a69-8de5-2639a1a8d8ac:c3811]
2019-06-12 16:04:58,489 INFO  client.GrpcClientProtocolClient (GrpcClientProtocolClient.java:onNext(254)) - client-7F7296B99608->ffc7b071-00b3-4a69-8de5-2639a1a8d8ac: receive RaftClientReply:client-7F7296B99608->ffc7b071-00b3-4a69-8de5-2639a1a8d8ac@group-6911E2D50CC5, cid=2252, SUCCESS, logIndex=3810, commits[ffc7b071-00b3-4a69-8de5-2639a1a8d8ac:c3811]
2019-06-12 16:04:58,495 INFO  client.GrpcClientProtocolClient (GrpcClientProtocolClient.java:onNext(254)) - client-7F7296B99608->ffc7b071-00b3-4a69-8de5-2639a1a8d8ac: receive RaftClientReply:client-7F7296B99608->ffc7b071-00b3-4a69-8de5-2639a1a8d8ac@group-6911E2D50CC5, cid=2253, SUCCESS, logIndex=3812, commits[ffc7b071-00b3-4a69-8de5-2639a1a8d8ac:c3812]
2019-06-12 16:04:58,496 INFO  client.GrpcClientProtocolClient (GrpcClientProtocolClient.java:onNext(254)) - client-7F7296B99608->ffc7b071-00b3-4a69-8de5-2639a1a8d8ac: receive RaftClientReply:client-7F7296B99608->ffc7b071-00b3-4a69-8de5-2639a1a8d8ac@group-6911E2D50CC5, cid=2254, SUCCESS, logIndex=3814, commits[ffc7b071-00b3-4a69-8de5-2639a1a8d8ac:c3814]
2019-06-12 16:04:58,560 DEBUG block.SCMBlockDeletingService (SCMBlockDeletingService.java:call(138)) - Running DeletedBlockTransactionScanner
2019-06-12 16:04:58,560 DEBUG block.SCMBlockDeletingService (SCMBlockDeletingService.java:call(155)) - Scanned deleted blocks log and got 0 delTX to process.
2019-06-12 16:04:58,562 INFO  client.GrpcClientProtocolClient (GrpcClientProtocolClient.java:onNext(254)) - client-7F7296B99608->ffc7b071-00b3-4a69-8de5-2639a1a8d8ac: receive RaftClientReply:client-7F7296B99608->ffc7b071-00b3-4a69-8de5-2639a1a8d8ac@group-6911E2D50CC5, cid=2255, SUCCESS, logIndex=3816, commits[ffc7b071-00b3-4a69-8de5-2639a1a8d8ac:c3816]
2019-06-12 16:04:58,563 INFO  client.GrpcClientProtocolClient (GrpcClientProtocolClient.java:onNext(254)) - client-7F7296B99608->ffc7b071-00b3-4a69-8de5-2639a1a8d8ac: receive RaftClientReply:client-7F7296B99608->ffc7b071-00b3-4a69-8de5-2639a1a8d8ac@group-6911E2D50CC5, cid=2256, SUCCESS, logIndex=3818, commits[ffc7b071-00b3-4a69-8de5-2639a1a8d8ac:c3818]
2019-06-12 16:04:58,573 INFO  client.GrpcClientProtocolClient (GrpcClientProtocolClient.java:onNext(254)) - client-7F7296B99608->ffc7b071-00b3-4a69-8de5-2639a1a8d8ac: receive RaftClientReply:client-7F7296B99608->ffc7b071-00b3-4a69-8de5-2639a1a8d8ac@group-6911E2D50CC5, cid=2257, SUCCESS, logIndex=3820, commits[ffc7b071-00b3-4a69-8de5-2639a1a8d8ac:c3820]
2019-06-12 16:04:58,575 INFO  client.GrpcClientProtocolClient (GrpcClientProtocolClient.java:onNext(254)) - client-7F7296B99608->ffc7b071-00b3-4a69-8de5-2639a1a8d8ac: receive RaftClientReply:client-7F7296B99608->ffc7b071-00b3-4a69-8de5-2639a1a8d8ac@group-6911E2D50CC5, cid=2258, SUCCESS, logIndex=3822, commits[ffc7b071-00b3-4a69-8de5-2639a1a8d8ac:c3822]
2019-06-12 16:04:58,575 INFO  client.GrpcClientProtocolClient (GrpcClientProtocolClient.java:onNext(254)) - client-7F7296B99608->ffc7b071-00b3-4a69-8de5-2639a1a8d8ac: receive RaftClientReply:client-7F7296B99608->ffc7b071-00b3-4a69-8de5-2639a1a8d8ac@group-6911E2D50CC5, cid=2259, SUCCESS, logIndex=3823, commits[ffc7b071-00b3-4a69-8de5-2639a1a8d8ac:c3825]
2019-06-12 16:04:58,576 INFO  client.GrpcClientProtocolClient (GrpcClientProtocolClient.java:onNext(254)) - client-7F7296B99608->ffc7b071-00b3-4a69-8de5-2639a1a8d8ac: receive RaftClientReply:client-7F7296B99608->ffc7b071-00b3-4a69-8de5-2639a1a8d8ac@group-6911E2D50CC5, cid=2260, SUCCESS, logIndex=3825, commits[ffc7b071-00b3-4a69-8de5-2639a1a8d8ac:c3825]
2019-06-12 16:04:58,581 INFO  client.GrpcClientProtocolClient (GrpcClientProtocolClient.java:onNext(254)) - client-7F7296B99608->ffc7b071-00b3-4a69-8de5-2639a1a8d8ac: receive RaftClientReply:client-7F7296B99608->ffc7b071-00b3-4a69-8de5-2639a1a8d8ac@group-6911E2D50CC5, cid=2261, SUCCESS, logIndex=3827, commits[ffc7b071-00b3-4a69-8de5-2639a1a8d8ac:c3827]
2019-06-12 16:04:58,582 INFO  client.GrpcClientProtocolClient (GrpcClientProtocolClient.java:onNext(254)) - client-7F7296B99608->ffc7b071-00b3-4a69-8de5-2639a1a8d8ac: receive RaftClientReply:client-7F7296B99608->ffc7b071-00b3-4a69-8de5-2639a1a8d8ac@group-6911E2D50CC5, cid=2262, SUCCESS, logIndex=3829, commits[ffc7b071-00b3-4a69-8de5-2639a1a8d8ac:c3829]
2019-06-12 16:04:58,583 INFO  client.GrpcClientProtocolClient (GrpcClientProtocolClient.java:onNext(254)) - client-7F7296B99608->ffc7b071-00b3-4a69-8de5-2639a1a8d8ac: receive RaftClientReply:client-7F7296B99608->ffc7b071-00b3-4a69-8de5-2639a1a8d8ac@group-6911E2D50CC5, cid=2263, SUCCESS, logIndex=3830, commits[ffc7b071-00b3-4a69-8de5-2639a1a8d8ac:c3832]
2019-06-12 16:04:58,583 INFO  client.GrpcClientProtocolClient (GrpcClientProtocolClient.java:onNext(254)) - client-7F7296B99608->ffc7b071-00b3-4a69-8de5-2639a1a8d8ac: receive RaftClientReply:client-7F7296B99608->ffc7b071-00b3-4a69-8de5-2639a1a8d8ac@group-6911E2D50CC5, cid=2264, SUCCESS, logIndex=3831, commits[ffc7b071-00b3-4a69-8de5-2639a1a8d8ac:c3832]
2019-06-12 16:04:58,593 INFO  client.GrpcClientProtocolClient (GrpcClientProtocolClient.java:onNext(254)) - client-7F7296B99608->ffc7b071-00b3-4a69-8de5-2639a1a8d8ac: receive RaftClientReply:client-7F7296B99608->ffc7b071-00b3-4a69-8de5-2639a1a8d8ac@group-6911E2D50CC5, cid=2265, SUCCESS, logIndex=3833, commits[ffc7b071-00b3-4a69-8de5-2639a1a8d8ac:c3833]
2019-06-12 16:04:58,594 INFO  client.GrpcClientProtocolClient (GrpcClientProtocolClient.java:onNext(254)) - client-7F7296B99608->ffc7b071-00b3-4a69-8de5-2639a1a8d8ac: receive RaftClientReply:client-7F7296B99608->ffc7b071-00b3-4a69-8de5-2639a1a8d8ac@group-6911E2D50CC5, cid=2266, SUCCESS, logIndex=3835, commits[ffc7b071-00b3-4a69-8de5-2639a1a8d8ac:c3835]
2019-06-12 16:04:58,595 INFO  client.GrpcClientProtocolClient (GrpcClientProtocolClient.java:onNext(254)) - client-7F7296B99608->ffc7b071-00b3-4a69-8de5-2639a1a8d8ac: receive RaftClientReply:client-7F7296B99608->ffc7b071-00b3-4a69-8de5-2639a1a8d8ac@group-6911E2D50CC5, cid=2267, SUCCESS, logIndex=3836, commits[ffc7b071-00b3-4a69-8de5-2639a1a8d8ac:c3838]
2019-06-12 16:04:58,595 INFO  client.GrpcClientProtocolClient (GrpcClientProtocolClient.java:onNext(254)) - client-7F7296B99608->ffc7b071-00b3-4a69-8de5-2639a1a8d8ac: receive RaftClientReply:client-7F7296B99608->ffc7b071-00b3-4a69-8de5-2639a1a8d8ac@group-6911E2D50CC5, cid=2268, SUCCESS, logIndex=3837, commits[ffc7b071-00b3-4a69-8de5-2639a1a8d8ac:c3838]
2019-06-12 16:04:58,600 INFO  client.GrpcClientProtocolClient (GrpcClientProtocolClient.java:onNext(254)) - client-7F7296B99608->ffc7b071-00b3-4a69-8de5-2639a1a8d8ac: receive RaftClientReply:client-7F7296B99608->ffc7b071-00b3-4a69-8de5-2639a1a8d8ac@group-6911E2D50CC5, cid=2269, SUCCESS, logIndex=3839, commits[ffc7b071-00b3-4a69-8de5-2639a1a8d8ac:c3839]
2019-06-12 16:04:58,602 INFO  client.GrpcClientProtocolClient (GrpcClientProtocolClient.java:onNext(254)) - client-7F7296B99608->ffc7b071-00b3-4a69-8de5-2639a1a8d8ac: receive RaftClientReply:client-7F7296B99608->ffc7b071-00b3-4a69-8de5-2639a1a8d8ac@group-6911E2D50CC5, cid=2270, SUCCESS, logIndex=3841, commits[ffc7b071-00b3-4a69-8de5-2639a1a8d8ac:c3841]
2019-06-12 16:04:58,603 INFO  client.GrpcClientProtocolClient (GrpcClientProtocolClient.java:onNext(254)) - client-7F7296B99608->ffc7b071-00b3-4a69-8de5-2639a1a8d8ac: receive RaftClientReply:client-7F7296B99608->ffc7b071-00b3-4a69-8de5-2639a1a8d8ac@group-6911E2D50CC5, cid=2271, SUCCESS, logIndex=3842, commits[ffc7b071-00b3-4a69-8de5-2639a1a8d8ac:c3844]
2019-06-12 16:04:58,603 INFO  client.GrpcClientProtocolClient (GrpcClientProtocolClient.java:onNext(254)) - client-7F7296B99608->ffc7b071-00b3-4a69-8de5-2639a1a8d8ac: receive RaftClientReply:client-7F7296B99608->ffc7b071-00b3-4a69-8de5-2639a1a8d8ac@group-6911E2D50CC5, cid=2272, SUCCESS, logIndex=3843, commits[ffc7b071-00b3-4a69-8de5-2639a1a8d8ac:c3844]
2019-06-12 16:04:58,611 INFO  storage.RaftLogWorker (RaftLogWorker.java:rollLogSegment(303)) - ffc7b071-00b3-4a69-8de5-2639a1a8d8ac-RaftLogWorker: Rolling segment log-3778_3844 to index:3844
2019-06-12 16:04:58,612 INFO  storage.RaftLogWorker (RaftLogWorker.java:execute(433)) - ffc7b071-00b3-4a69-8de5-2639a1a8d8ac-RaftLogWorker: Rolled log segment from /opt/src/hadoop-ozone/integration-test/target/test-dir/MiniOzoneClusterImpl-a1c7246e-c692-4524-ad55-32b507b20431/datanode-0/data/ratis/4417d833-4fb6-4fa2-9413-6911e2d50cc5/current/log_inprogress_3778 to /opt/src/hadoop-ozone/integration-test/target/test-dir/MiniOzoneClusterImpl-a1c7246e-c692-4524-ad55-32b507b20431/datanode-0/data/ratis/4417d833-4fb6-4fa2-9413-6911e2d50cc5/current/log_3778-3844
2019-06-12 16:04:58,647 INFO  storage.RaftLogWorker (RaftLogWorker.java:execute(469)) - ffc7b071-00b3-4a69-8de5-2639a1a8d8ac-RaftLogWorker: created new log segment /opt/src/hadoop-ozone/integration-test/target/test-dir/MiniOzoneClusterImpl-a1c7246e-c692-4524-ad55-32b507b20431/datanode-0/data/ratis/4417d833-4fb6-4fa2-9413-6911e2d50cc5/current/log_inprogress_3845
2019-06-12 16:04:58,649 INFO  client.GrpcClientProtocolClient (GrpcClientProtocolClient.java:onNext(254)) - client-7F7296B99608->ffc7b071-00b3-4a69-8de5-2639a1a8d8ac: receive RaftClientReply:client-7F7296B99608->ffc7b071-00b3-4a69-8de5-2639a1a8d8ac@group-6911E2D50CC5, cid=2273, SUCCESS, logIndex=3845, commits[ffc7b071-00b3-4a69-8de5-2639a1a8d8ac:c3845]
2019-06-12 16:04:58,650 INFO  client.GrpcClientProtocolClient (GrpcClientProtocolClient.java:onNext(254)) - client-7F7296B99608->ffc7b071-00b3-4a69-8de5-2639a1a8d8ac: receive RaftClientReply:client-7F7296B99608->ffc7b071-00b3-4a69-8de5-2639a1a8d8ac@group-6911E2D50CC5, cid=2274, SUCCESS, logIndex=3847, commits[ffc7b071-00b3-4a69-8de5-2639a1a8d8ac:c3847]
2019-06-12 16:04:58,651 INFO  client.GrpcClientProtocolClient (GrpcClientProtocolClient.java:onNext(254)) - client-7F7296B99608->ffc7b071-00b3-4a69-8de5-2639a1a8d8ac: receive RaftClientReply:client-7F7296B99608->ffc7b071-00b3-4a69-8de5-2639a1a8d8ac@group-6911E2D50CC5, cid=2275, SUCCESS, logIndex=3848, commits[ffc7b071-00b3-4a69-8de5-2639a1a8d8ac:c3850]
2019-06-12 16:04:58,651 INFO  client.GrpcClientProtocolClient (GrpcClientProtocolClient.java:onNext(254)) - client-7F7296B99608->ffc7b071-00b3-4a69-8de5-2639a1a8d8ac: receive RaftClientReply:client-7F7296B99608->ffc7b071-00b3-4a69-8de5-2639a1a8d8ac@group-6911E2D50CC5, cid=2276, SUCCESS, logIndex=3849, commits[ffc7b071-00b3-4a69-8de5-2639a1a8d8ac:c3850]
2019-06-12 16:04:58,657 INFO  client.GrpcClientProtocolClient (GrpcClientProtocolClient.java:onNext(254)) - client-7F7296B99608->ffc7b071-00b3-4a69-8de5-2639a1a8d8ac: receive RaftClientReply:client-7F7296B99608->ffc7b071-00b3-4a69-8de5-2639a1a8d8ac@group-6911E2D50CC5, cid=2277, SUCCESS, logIndex=3851, commits[ffc7b071-00b3-4a69-8de5-2639a1a8d8ac:c3851]
2019-06-12 16:04:58,658 INFO  client.GrpcClientProtocolClient (GrpcClientProtocolClient.java:onNext(254)) - client-7F7296B99608->ffc7b071-00b3-4a69-8de5-2639a1a8d8ac: receive RaftClientReply:client-7F7296B99608->ffc7b071-00b3-4a69-8de5-2639a1a8d8ac@group-6911E2D50CC5, cid=2278, SUCCESS, logIndex=3853, commits[ffc7b071-00b3-4a69-8de5-2639a1a8d8ac:c3853]
2019-06-12 16:04:58,659 INFO  client.GrpcClientProtocolClient (GrpcClientProtocolClient.java:onNext(254)) - client-7F7296B99608->ffc7b071-00b3-4a69-8de5-2639a1a8d8ac: receive RaftClientReply:client-7F7296B99608->ffc7b071-00b3-4a69-8de5-2639a1a8d8ac@group-6911E2D50CC5, cid=2279, SUCCESS, logIndex=3854, commits[ffc7b071-00b3-4a69-8de5-2639a1a8d8ac:c3856]
2019-06-12 16:04:58,660 INFO  client.GrpcClientProtocolClient (GrpcClientProtocolClient.java:onNext(254)) - client-7F7296B99608->ffc7b071-00b3-4a69-8de5-2639a1a8d8ac: receive RaftClientReply:client-7F7296B99608->ffc7b071-00b3-4a69-8de5-2639a1a8d8ac@group-6911E2D50CC5, cid=2280, SUCCESS, logIndex=3855, commits[ffc7b071-00b3-4a69-8de5-2639a1a8d8ac:c3856]
2019-06-12 16:04:58,660 DEBUG block.SCMBlockDeletingService (SCMBlockDeletingService.java:call(138)) - Running DeletedBlockTransactionScanner
2019-06-12 16:04:58,660 DEBUG block.SCMBlockDeletingService (SCMBlockDeletingService.java:call(155)) - Scanned deleted blocks log and got 0 delTX to process.
2019-06-12 16:04:58,670 INFO  client.GrpcClientProtocolClient (GrpcClientProtocolClient.java:onNext(254)) - client-7F7296B99608->ffc7b071-00b3-4a69-8de5-2639a1a8d8ac: receive RaftClientReply:client-7F7296B99608->ffc7b071-00b3-4a69-8de5-2639a1a8d8ac@group-6911E2D50CC5, cid=2281, SUCCESS, logIndex=3857, commits[ffc7b071-00b3-4a69-8de5-2639a1a8d8ac:c3857]
2019-06-12 16:04:58,673 INFO  client.GrpcClientProtocolClient (GrpcClientProtocolClient.java:onNext(254)) - client-7F7296B99608->ffc7b071-00b3-4a69-8de5-2639a1a8d8ac: receive RaftClientReply:client-7F7296B99608->ffc7b071-00b3-4a69-8de5-2639a1a8d8ac@group-6911E2D50CC5, cid=2282, SUCCESS, logIndex=3859, commits[ffc7b071-00b3-4a69-8de5-2639a1a8d8ac:c3861]
2019-06-12 16:04:58,673 INFO  client.GrpcClientProtocolClient (GrpcClientProtocolClient.java:onNext(254)) - client-7F7296B99608->ffc7b071-00b3-4a69-8de5-2639a1a8d8ac: receive RaftClientReply:client-7F7296B99608->ffc7b071-00b3-4a69-8de5-2639a1a8d8ac@group-6911E2D50CC5, cid=2283, SUCCESS, logIndex=3860, commits[ffc7b071-00b3-4a69-8de5-2639a1a8d8ac:c3861]
2019-06-12 16:04:58,673 INFO  client.GrpcClientProtocolClient (GrpcClientProtocolClient.java:onNext(254)) - client-7F7296B99608->ffc7b071-00b3-4a69-8de5-2639a1a8d8ac: receive RaftClientReply:client-7F7296B99608->ffc7b071-00b3-4a69-8de5-2639a1a8d8ac@group-6911E2D50CC5, cid=2284, SUCCESS, logIndex=3861, commits[ffc7b071-00b3-4a69-8de5-2639a1a8d8ac:c3861]
2019-06-12 16:04:58,678 INFO  client.GrpcClientProtocolClient (GrpcClientProtocolClient.java:onNext(254)) - client-7F7296B99608->ffc7b071-00b3-4a69-8de5-2639a1a8d8ac: receive RaftClientReply:client-7F7296B99608->ffc7b071-00b3-4a69-8de5-2639a1a8d8ac@group-6911E2D50CC5, cid=2285, SUCCESS, logIndex=3863, commits[ffc7b071-00b3-4a69-8de5-2639a1a8d8ac:c3863]
2019-06-12 16:04:58,680 INFO  client.GrpcClientProtocolClient (GrpcClientProtocolClient.java:onNext(254)) - client-7F7296B99608->ffc7b071-00b3-4a69-8de5-2639a1a8d8ac: receive RaftClientReply:client-7F7296B99608->ffc7b071-00b3-4a69-8de5-2639a1a8d8ac@group-6911E2D50CC5, cid=2286, SUCCESS, logIndex=3865, commits[ffc7b071-00b3-4a69-8de5-2639a1a8d8ac:c3865]
2019-06-12 16:04:58,680 INFO  client.GrpcClientProtocolClient (GrpcClientProtocolClient.java:onNext(254)) - client-7F7296B99608->ffc7b071-00b3-4a69-8de5-2639a1a8d8ac: receive RaftClientReply:client-7F7296B99608->ffc7b071-00b3-4a69-8de5-2639a1a8d8ac@group-6911E2D50CC5, cid=2287, SUCCESS, logIndex=3866, commits[ffc7b071-00b3-4a69-8de5-2639a1a8d8ac:c3866]
2019-06-12 16:04:58,681 INFO  client.GrpcClientProtocolClient (GrpcClientProtocolClient.java:onNext(254)) - client-7F7296B99608->ffc7b071-00b3-4a69-8de5-2639a1a8d8ac: receive RaftClientReply:client-7F7296B99608->ffc7b071-00b3-4a69-8de5-2639a1a8d8ac@group-6911E2D50CC5, cid=2288, SUCCESS, logIndex=3868, commits[ffc7b071-00b3-4a69-8de5-2639a1a8d8ac:c3868]
2019-06-12 16:04:58,691 INFO  client.GrpcClientProtocolClient (GrpcClientProtocolClient.java:onNext(254)) - client-7F7296B99608->ffc7b071-00b3-4a69-8de5-2639a1a8d8ac: receive RaftClientReply:client-7F7296B99608->ffc7b071-00b3-4a69-8de5-2639a1a8d8ac@group-6911E2D50CC5, cid=2289, SUCCESS, logIndex=3871, commits[ffc7b071-00b3-4a69-8de5-2639a1a8d8ac:c3871]
2019-06-12 16:04:58,693 INFO  client.GrpcClientProtocolClient (GrpcClientProtocolClient.java:onNext(254)) - client-7F7296B99608->ffc7b071-00b3-4a69-8de5-2639a1a8d8ac: receive RaftClientReply:client-7F7296B99608->ffc7b071-00b3-4a69-8de5-2639a1a8d8ac@group-6911E2D50CC5, cid=2290, SUCCESS, logIndex=3873, commits[ffc7b071-00b3-4a69-8de5-2639a1a8d8ac:c3873]
2019-06-12 16:04:58,693 INFO  client.GrpcClientProtocolClient (GrpcClientProtocolClient.java:onNext(254)) - client-7F7296B99608->ffc7b071-00b3-4a69-8de5-2639a1a8d8ac: receive RaftClientReply:client-7F7296B99608->ffc7b071-00b3-4a69-8de5-2639a1a8d8ac@group-6911E2D50CC5, cid=2291, SUCCESS, logIndex=3874, commits[ffc7b071-00b3-4a69-8de5-2639a1a8d8ac:c3875]
2019-06-12 16:04:58,694 INFO  client.GrpcClientProtocolClient (GrpcClientProtocolClient.java:onNext(254)) - client-7F7296B99608->ffc7b071-00b3-4a69-8de5-2639a1a8d8ac: receive RaftClientReply:client-7F7296B99608->ffc7b071-00b3-4a69-8de5-2639a1a8d8ac@group-6911E2D50CC5, cid=2292, SUCCESS, logIndex=3875, commits[ffc7b071-00b3-4a69-8de5-2639a1a8d8ac:c3875]
2019-06-12 16:04:58,699 INFO  client.GrpcClientProtocolClient (GrpcClientProtocolClient.java:onNext(254)) - client-7F7296B99608->ffc7b071-00b3-4a69-8de5-2639a1a8d8ac: receive RaftClientReply:client-7F7296B99608->ffc7b071-00b3-4a69-8de5-2639a1a8d8ac@group-6911E2D50CC5, cid=2293, SUCCESS, logIndex=3878, commits[ffc7b071-00b3-4a69-8de5-2639a1a8d8ac:c3878]
2019-06-12 16:04:58,700 INFO  client.GrpcClientProtocolClient (GrpcClientProtocolClient.java:onNext(254)) - client-7F7296B99608->ffc7b071-00b3-4a69-8de5-2639a1a8d8ac: receive RaftClientReply:client-7F7296B99608->ffc7b071-00b3-4a69-8de5-2639a1a8d8ac@group-6911E2D50CC5, cid=2294, SUCCESS, logIndex=3880, commits[ffc7b071-00b3-4a69-8de5-2639a1a8d8ac:c3880]
2019-06-12 16:04:58,702 INFO  client.GrpcClientProtocolClient (GrpcClientProtocolClient.java:onNext(254)) - client-7F7296B99608->ffc7b071-00b3-4a69-8de5-2639a1a8d8ac: receive RaftClientReply:client-7F7296B99608->ffc7b071-00b3-4a69-8de5-2639a1a8d8ac@group-6911E2D50CC5, cid=2295, SUCCESS, logIndex=3882, commits[ffc7b071-00b3-4a69-8de5-2639a1a8d8ac:c3883]
2019-06-12 16:04:58,702 INFO  client.GrpcClientProtocolClient (GrpcClientProtocolClient.java:onNext(254)) - client-7F7296B99608->ffc7b071-00b3-4a69-8de5-2639a1a8d8ac: receive RaftClientReply:client-7F7296B99608->ffc7b071-00b3-4a69-8de5-2639a1a8d8ac@group-6911E2D50CC5, cid=2296, SUCCESS, logIndex=3883, commits[ffc7b071-00b3-4a69-8de5-2639a1a8d8ac:c3883]
2019-06-12 16:04:58,712 INFO  client.GrpcClientProtocolClient (GrpcClientProtocolClient.java:onNext(254)) - client-7F7296B99608->ffc7b071-00b3-4a69-8de5-2639a1a8d8ac: receive RaftClientReply:client-7F7296B99608->ffc7b071-00b3-4a69-8de5-2639a1a8d8ac@group-6911E2D50CC5, cid=2297, SUCCESS, logIndex=3885, commits[ffc7b071-00b3-4a69-8de5-2639a1a8d8ac:c3885]
2019-06-12 16:04:58,713 INFO  client.GrpcClientProtocolClient (GrpcClientProtocolClient.java:onNext(254)) - client-7F7296B99608->ffc7b071-00b3-4a69-8de5-2639a1a8d8ac: receive RaftClientReply:client-7F7296B99608->ffc7b071-00b3-4a69-8de5-2639a1a8d8ac@group-6911E2D50CC5, cid=2298, SUCCESS, logIndex=3887, commits[ffc7b071-00b3-4a69-8de5-2639a1a8d8ac:c3887]
2019-06-12 16:04:58,761 DEBUG block.SCMBlockDeletingService (SCMBlockDeletingService.java:call(138)) - Running DeletedBlockTransactionScanner
2019-06-12 16:04:58,761 DEBUG block.SCMBlockDeletingService (SCMBlockDeletingService.java:call(155)) - Scanned deleted blocks log and got 0 delTX to process.
2019-06-12 16:04:58,803 INFO  client.GrpcClientProtocolClient (GrpcClientProtocolClient.java:onNext(254)) - client-7F7296B99608->ffc7b071-00b3-4a69-8de5-2639a1a8d8ac: receive RaftClientReply:client-7F7296B99608->ffc7b071-00b3-4a69-8de5-2639a1a8d8ac@group-6911E2D50CC5, cid=2299, SUCCESS, logIndex=3889, commits[ffc7b071-00b3-4a69-8de5-2639a1a8d8ac:c3889]
2019-06-12 16:04:58,804 INFO  client.GrpcClientProtocolClient (GrpcClientProtocolClient.java:onNext(254)) - client-7F7296B99608->ffc7b071-00b3-4a69-8de5-2639a1a8d8ac: receive RaftClientReply:client-7F7296B99608->ffc7b071-00b3-4a69-8de5-2639a1a8d8ac@group-6911E2D50CC5, cid=2300, SUCCESS, logIndex=3891, commits[ffc7b071-00b3-4a69-8de5-2639a1a8d8ac:c3891]
2019-06-12 16:04:58,809 INFO  client.GrpcClientProtocolClient (GrpcClientProtocolClient.java:onNext(254)) - client-7F7296B99608->ffc7b071-00b3-4a69-8de5-2639a1a8d8ac: receive RaftClientReply:client-7F7296B99608->ffc7b071-00b3-4a69-8de5-2639a1a8d8ac@group-6911E2D50CC5, cid=2301, SUCCESS, logIndex=3893, commits[ffc7b071-00b3-4a69-8de5-2639a1a8d8ac:c3893]
2019-06-12 16:04:58,810 INFO  client.GrpcClientProtocolClient (GrpcClientProtocolClient.java:onNext(254)) - client-7F7296B99608->ffc7b071-00b3-4a69-8de5-2639a1a8d8ac: receive RaftClientReply:client-7F7296B99608->ffc7b071-00b3-4a69-8de5-2639a1a8d8ac@group-6911E2D50CC5, cid=2302, SUCCESS, logIndex=3895, commits[ffc7b071-00b3-4a69-8de5-2639a1a8d8ac:c3895]
2019-06-12 16:04:58,814 INFO  client.GrpcClientProtocolClient (GrpcClientProtocolClient.java:onNext(254)) - client-7F7296B99608->ffc7b071-00b3-4a69-8de5-2639a1a8d8ac: receive RaftClientReply:client-7F7296B99608->ffc7b071-00b3-4a69-8de5-2639a1a8d8ac@group-6911E2D50CC5, cid=2303, SUCCESS, logIndex=3896, commits[ffc7b071-00b3-4a69-8de5-2639a1a8d8ac:c3898]
2019-06-12 16:04:58,814 INFO  client.GrpcClientProtocolClient (GrpcClientProtocolClient.java:onNext(254)) - client-7F7296B99608->ffc7b071-00b3-4a69-8de5-2639a1a8d8ac: receive RaftClientReply:client-7F7296B99608->ffc7b071-00b3-4a69-8de5-2639a1a8d8ac@group-6911E2D50CC5, cid=2304, SUCCESS, logIndex=3897, commits[ffc7b071-00b3-4a69-8de5-2639a1a8d8ac:c3898]
2019-06-12 16:04:58,826 INFO  client.GrpcClientProtocolClient (GrpcClientProtocolClient.java:onNext(254)) - client-7F7296B99608->ffc7b071-00b3-4a69-8de5-2639a1a8d8ac: receive RaftClientReply:client-7F7296B99608->ffc7b071-00b3-4a69-8de5-2639a1a8d8ac@group-6911E2D50CC5, cid=2305, SUCCESS, logIndex=3899, commits[ffc7b071-00b3-4a69-8de5-2639a1a8d8ac:c3899]
2019-06-12 16:04:58,830 INFO  client.GrpcClientProtocolClient (GrpcClientProtocolClient.java:onNext(254)) - client-7F7296B99608->ffc7b071-00b3-4a69-8de5-2639a1a8d8ac: receive RaftClientReply:client-7F7296B99608->ffc7b071-00b3-4a69-8de5-2639a1a8d8ac@group-6911E2D50CC5, cid=2306, SUCCESS, logIndex=3901, commits[ffc7b071-00b3-4a69-8de5-2639a1a8d8ac:c3901]
2019-06-12 16:04:58,831 INFO  client.GrpcClientProtocolClient (GrpcClientProtocolClient.java:onNext(254)) - client-7F7296B99608->ffc7b071-00b3-4a69-8de5-2639a1a8d8ac: receive RaftClientReply:client-7F7296B99608->ffc7b071-00b3-4a69-8de5-2639a1a8d8ac@group-6911E2D50CC5, cid=2307, SUCCESS, logIndex=3902, commits[ffc7b071-00b3-4a69-8de5-2639a1a8d8ac:c3904]
2019-06-12 16:04:58,831 INFO  client.GrpcClientProtocolClient (GrpcClientProtocolClient.java:onNext(254)) - client-7F7296B99608->ffc7b071-00b3-4a69-8de5-2639a1a8d8ac: receive RaftClientReply:client-7F7296B99608->ffc7b071-00b3-4a69-8de5-2639a1a8d8ac@group-6911E2D50CC5, cid=2308, SUCCESS, logIndex=3904, commits[ffc7b071-00b3-4a69-8de5-2639a1a8d8ac:c3904]
2019-06-12 16:04:58,836 INFO  client.GrpcClientProtocolClient (GrpcClientProtocolClient.java:onNext(254)) - client-7F7296B99608->ffc7b071-00b3-4a69-8de5-2639a1a8d8ac: receive RaftClientReply:client-7F7296B99608->ffc7b071-00b3-4a69-8de5-2639a1a8d8ac@group-6911E2D50CC5, cid=2309, SUCCESS, logIndex=3906, commits[ffc7b071-00b3-4a69-8de5-2639a1a8d8ac:c3906]
2019-06-12 16:04:58,837 INFO  client.GrpcClientProtocolClient (GrpcClientProtocolClient.java:onNext(254)) - client-7F7296B99608->ffc7b071-00b3-4a69-8de5-2639a1a8d8ac: receive RaftClientReply:client-7F7296B99608->ffc7b071-00b3-4a69-8de5-2639a1a8d8ac@group-6911E2D50CC5, cid=2310, SUCCESS, logIndex=3908, commits[ffc7b071-00b3-4a69-8de5-2639a1a8d8ac:c3908]
2019-06-12 16:04:58,838 INFO  client.GrpcClientProtocolClient (GrpcClientProtocolClient.java:onNext(254)) - client-7F7296B99608->ffc7b071-00b3-4a69-8de5-2639a1a8d8ac: receive RaftClientReply:client-7F7296B99608->ffc7b071-00b3-4a69-8de5-2639a1a8d8ac@group-6911E2D50CC5, cid=2311, SUCCESS, logIndex=3909, commits[ffc7b071-00b3-4a69-8de5-2639a1a8d8ac:c3911]
2019-06-12 16:04:58,838 INFO  client.GrpcClientProtocolClient (GrpcClientProtocolClient.java:onNext(254)) - client-7F7296B99608->ffc7b071-00b3-4a69-8de5-2639a1a8d8ac: receive RaftClientReply:client-7F7296B99608->ffc7b071-00b3-4a69-8de5-2639a1a8d8ac@group-6911E2D50CC5, cid=2312, SUCCESS, logIndex=3910, commits[ffc7b071-00b3-4a69-8de5-2639a1a8d8ac:c3911]
2019-06-12 16:04:58,848 INFO  client.GrpcClientProtocolClient (GrpcClientProtocolClient.java:onNext(254)) - client-7F7296B99608->ffc7b071-00b3-4a69-8de5-2639a1a8d8ac: receive RaftClientReply:client-7F7296B99608->ffc7b071-00b3-4a69-8de5-2639a1a8d8ac@group-6911E2D50CC5, cid=2313, SUCCESS, logIndex=3912, commits[ffc7b071-00b3-4a69-8de5-2639a1a8d8ac:c3912]
2019-06-12 16:04:58,851 INFO  client.GrpcClientProtocolClient (GrpcClientProtocolClient.java:onNext(254)) - client-7F7296B99608->ffc7b071-00b3-4a69-8de5-2639a1a8d8ac: receive RaftClientReply:client-7F7296B99608->ffc7b071-00b3-4a69-8de5-2639a1a8d8ac@group-6911E2D50CC5, cid=2314, SUCCESS, logIndex=3914, commits[ffc7b071-00b3-4a69-8de5-2639a1a8d8ac:c3916]
2019-06-12 16:04:58,851 INFO  client.GrpcClientProtocolClient (GrpcClientProtocolClient.java:onNext(254)) - client-7F7296B99608->ffc7b071-00b3-4a69-8de5-2639a1a8d8ac: receive RaftClientReply:client-7F7296B99608->ffc7b071-00b3-4a69-8de5-2639a1a8d8ac@group-6911E2D50CC5, cid=2315, SUCCESS, logIndex=3915, commits[ffc7b071-00b3-4a69-8de5-2639a1a8d8ac:c3917]
2019-06-12 16:04:58,852 INFO  client.GrpcClientProtocolClient (GrpcClientProtocolClient.java:onNext(254)) - client-7F7296B99608->ffc7b071-00b3-4a69-8de5-2639a1a8d8ac: receive RaftClientReply:client-7F7296B99608->ffc7b071-00b3-4a69-8de5-2639a1a8d8ac@group-6911E2D50CC5, cid=2316, SUCCESS, logIndex=3916, commits[ffc7b071-00b3-4a69-8de5-2639a1a8d8ac:c3917]
2019-06-12 16:04:58,855 INFO  storage.RaftLogWorker (RaftLogWorker.java:rollLogSegment(303)) - ffc7b071-00b3-4a69-8de5-2639a1a8d8ac-RaftLogWorker: Rolling segment log-3845_3917 to index:3917
2019-06-12 16:04:58,856 INFO  storage.RaftLogWorker (RaftLogWorker.java:execute(433)) - ffc7b071-00b3-4a69-8de5-2639a1a8d8ac-RaftLogWorker: Rolled log segment from /opt/src/hadoop-ozone/integration-test/target/test-dir/MiniOzoneClusterImpl-a1c7246e-c692-4524-ad55-32b507b20431/datanode-0/data/ratis/4417d833-4fb6-4fa2-9413-6911e2d50cc5/current/log_inprogress_3845 to /opt/src/hadoop-ozone/integration-test/target/test-dir/MiniOzoneClusterImpl-a1c7246e-c692-4524-ad55-32b507b20431/datanode-0/data/ratis/4417d833-4fb6-4fa2-9413-6911e2d50cc5/current/log_3845-3917
2019-06-12 16:04:58,861 DEBUG block.SCMBlockDeletingService (SCMBlockDeletingService.java:call(138)) - Running DeletedBlockTransactionScanner
2019-06-12 16:04:58,861 DEBUG block.SCMBlockDeletingService (SCMBlockDeletingService.java:call(155)) - Scanned deleted blocks log and got 0 delTX to process.
2019-06-12 16:04:58,892 INFO  storage.RaftLogWorker (RaftLogWorker.java:execute(469)) - ffc7b071-00b3-4a69-8de5-2639a1a8d8ac-RaftLogWorker: created new log segment /opt/src/hadoop-ozone/integration-test/target/test-dir/MiniOzoneClusterImpl-a1c7246e-c692-4524-ad55-32b507b20431/datanode-0/data/ratis/4417d833-4fb6-4fa2-9413-6911e2d50cc5/current/log_inprogress_3918
2019-06-12 16:04:58,894 INFO  client.GrpcClientProtocolClient (GrpcClientProtocolClient.java:onNext(254)) - client-7F7296B99608->ffc7b071-00b3-4a69-8de5-2639a1a8d8ac: receive RaftClientReply:client-7F7296B99608->ffc7b071-00b3-4a69-8de5-2639a1a8d8ac@group-6911E2D50CC5, cid=2317, SUCCESS, logIndex=3918, commits[ffc7b071-00b3-4a69-8de5-2639a1a8d8ac:c3918]
2019-06-12 16:04:58,895 INFO  client.GrpcClientProtocolClient (GrpcClientProtocolClient.java:onNext(254)) - client-7F7296B99608->ffc7b071-00b3-4a69-8de5-2639a1a8d8ac: receive RaftClientReply:client-7F7296B99608->ffc7b071-00b3-4a69-8de5-2639a1a8d8ac@group-6911E2D50CC5, cid=2318, SUCCESS, logIndex=3920, commits[ffc7b071-00b3-4a69-8de5-2639a1a8d8ac:c3920]
2019-06-12 16:04:58,896 INFO  client.GrpcClientProtocolClient (GrpcClientProtocolClient.java:onNext(254)) - client-7F7296B99608->ffc7b071-00b3-4a69-8de5-2639a1a8d8ac: receive RaftClientReply:client-7F7296B99608->ffc7b071-00b3-4a69-8de5-2639a1a8d8ac@group-6911E2D50CC5, cid=2319, SUCCESS, logIndex=3921, commits[ffc7b071-00b3-4a69-8de5-2639a1a8d8ac:c3923]
2019-06-12 16:04:58,896 INFO  client.GrpcClientProtocolClient (GrpcClientProtocolClient.java:onNext(254)) - client-7F7296B99608->ffc7b071-00b3-4a69-8de5-2639a1a8d8ac: receive RaftClientReply:client-7F7296B99608->ffc7b071-00b3-4a69-8de5-2639a1a8d8ac@group-6911E2D50CC5, cid=2320, SUCCESS, logIndex=3922, commits[ffc7b071-00b3-4a69-8de5-2639a1a8d8ac:c3923]
2019-06-12 16:04:58,905 INFO  client.GrpcClientProtocolClient (GrpcClientProtocolClient.java:onNext(254)) - client-7F7296B99608->ffc7b071-00b3-4a69-8de5-2639a1a8d8ac: receive RaftClientReply:client-7F7296B99608->ffc7b071-00b3-4a69-8de5-2639a1a8d8ac@group-6911E2D50CC5, cid=2321, SUCCESS, logIndex=3924, commits[ffc7b071-00b3-4a69-8de5-2639a1a8d8ac:c3924]
2019-06-12 16:04:58,907 INFO  client.GrpcClientProtocolClient (GrpcClientProtocolClient.java:onNext(254)) - client-7F7296B99608->ffc7b071-00b3-4a69-8de5-2639a1a8d8ac: receive RaftClientReply:client-7F7296B99608->ffc7b071-00b3-4a69-8de5-2639a1a8d8ac@group-6911E2D50CC5, cid=2322, SUCCESS, logIndex=3926, commits[ffc7b071-00b3-4a69-8de5-2639a1a8d8ac:c3926]
2019-06-12 16:04:58,908 INFO  client.GrpcClientProtocolClient (GrpcClientProtocolClient.java:onNext(254)) - client-7F7296B99608->ffc7b071-00b3-4a69-8de5-2639a1a8d8ac: receive RaftClientReply:client-7F7296B99608->ffc7b071-00b3-4a69-8de5-2639a1a8d8ac@group-6911E2D50CC5, cid=2323, SUCCESS, logIndex=3927, commits[ffc7b071-00b3-4a69-8de5-2639a1a8d8ac:c3929]
2019-06-12 16:04:58,908 INFO  client.GrpcClientProtocolClient (GrpcClientProtocolClient.java:onNext(254)) - client-7F7296B99608->ffc7b071-00b3-4a69-8de5-2639a1a8d8ac: receive RaftClientReply:client-7F7296B99608->ffc7b071-00b3-4a69-8de5-2639a1a8d8ac@group-6911E2D50CC5, cid=2324, SUCCESS, logIndex=3928, commits[ffc7b071-00b3-4a69-8de5-2639a1a8d8ac:c3929]
2019-06-12 16:04:58,913 INFO  client.GrpcClientProtocolClient (GrpcClientProtocolClient.java:onNext(254)) - client-7F7296B99608->ffc7b071-00b3-4a69-8de5-2639a1a8d8ac: receive RaftClientReply:client-7F7296B99608->ffc7b071-00b3-4a69-8de5-2639a1a8d8ac@group-6911E2D50CC5, cid=2325, SUCCESS, logIndex=3930, commits[ffc7b071-00b3-4a69-8de5-2639a1a8d8ac:c3930]
2019-06-12 16:04:58,915 INFO  client.GrpcClientProtocolClient (GrpcClientProtocolClient.java:onNext(254)) - client-7F7296B99608->ffc7b071-00b3-4a69-8de5-2639a1a8d8ac: receive RaftClientReply:client-7F7296B99608->ffc7b071-00b3-4a69-8de5-2639a1a8d8ac@group-6911E2D50CC5, cid=2326, SUCCESS, logIndex=3932, commits[ffc7b071-00b3-4a69-8de5-2639a1a8d8ac:c3932]
2019-06-12 16:04:58,916 INFO  client.GrpcClientProtocolClient (GrpcClientProtocolClient.java:onNext(254)) - client-7F7296B99608->ffc7b071-00b3-4a69-8de5-2639a1a8d8ac: receive RaftClientReply:client-7F7296B99608->ffc7b071-00b3-4a69-8de5-2639a1a8d8ac@group-6911E2D50CC5, cid=2327, SUCCESS, logIndex=3933, commits[ffc7b071-00b3-4a69-8de5-2639a1a8d8ac:c3935]
2019-06-12 16:04:58,916 INFO  client.GrpcClientProtocolClient (GrpcClientProtocolClient.java:onNext(254)) - client-7F7296B99608->ffc7b071-00b3-4a69-8de5-2639a1a8d8ac: receive RaftClientReply:client-7F7296B99608->ffc7b071-00b3-4a69-8de5-2639a1a8d8ac@group-6911E2D50CC5, cid=2328, SUCCESS, logIndex=3934, commits[ffc7b071-00b3-4a69-8de5-2639a1a8d8ac:c3935]
2019-06-12 16:04:58,926 INFO  client.GrpcClientProtocolClient (GrpcClientProtocolClient.java:onNext(254)) - client-7F7296B99608->ffc7b071-00b3-4a69-8de5-2639a1a8d8ac: receive RaftClientReply:client-7F7296B99608->ffc7b071-00b3-4a69-8de5-2639a1a8d8ac@group-6911E2D50CC5, cid=2329, SUCCESS, logIndex=3936, commits[ffc7b071-00b3-4a69-8de5-2639a1a8d8ac:c3936]
2019-06-12 16:04:58,928 INFO  client.GrpcClientProtocolClient (GrpcClientProtocolClient.java:onNext(254)) - client-7F7296B99608->ffc7b071-00b3-4a69-8de5-2639a1a8d8ac: receive RaftClientReply:client-7F7296B99608->ffc7b071-00b3-4a69-8de5-2639a1a8d8ac@group-6911E2D50CC5, cid=2330, SUCCESS, logIndex=3938, commits[ffc7b071-00b3-4a69-8de5-2639a1a8d8ac:c3938]
2019-06-12 16:04:58,929 INFO  client.GrpcClientProtocolClient (GrpcClientProtocolClient.java:onNext(254)) - client-7F7296B99608->ffc7b071-00b3-4a69-8de5-2639a1a8d8ac: receive RaftClientReply:client-7F7296B99608->ffc7b071-00b3-4a69-8de5-2639a1a8d8ac@group-6911E2D50CC5, cid=2331, SUCCESS, logIndex=3939, commits[ffc7b071-00b3-4a69-8de5-2639a1a8d8ac:c3941]
2019-06-12 16:04:58,929 INFO  client.GrpcClientProtocolClient (GrpcClientProtocolClient.java:onNext(254)) - client-7F7296B99608->ffc7b071-00b3-4a69-8de5-2639a1a8d8ac: receive RaftClientReply:client-7F7296B99608->ffc7b071-00b3-4a69-8de5-2639a1a8d8ac@group-6911E2D50CC5, cid=2332, SUCCESS, logIndex=3940, commits[ffc7b071-00b3-4a69-8de5-2639a1a8d8ac:c3941]
2019-06-12 16:04:58,980 DEBUG block.SCMBlockDeletingService (SCMBlockDeletingService.java:call(138)) - Running DeletedBlockTransactionScanner
2019-06-12 16:04:58,980 DEBUG block.SCMBlockDeletingService (SCMBlockDeletingService.java:call(155)) - Scanned deleted blocks log and got 0 delTX to process.
2019-06-12 16:04:58,984 INFO  client.GrpcClientProtocolClient (GrpcClientProtocolClient.java:onNext(254)) - client-7F7296B99608->ffc7b071-00b3-4a69-8de5-2639a1a8d8ac: receive RaftClientReply:client-7F7296B99608->ffc7b071-00b3-4a69-8de5-2639a1a8d8ac@group-6911E2D50CC5, cid=2333, SUCCESS, logIndex=3942, commits[ffc7b071-00b3-4a69-8de5-2639a1a8d8ac:c3943]
2019-06-12 16:04:58,986 INFO  client.GrpcClientProtocolClient (GrpcClientProtocolClient.java:onNext(254)) - client-7F7296B99608->ffc7b071-00b3-4a69-8de5-2639a1a8d8ac: receive RaftClientReply:client-7F7296B99608->ffc7b071-00b3-4a69-8de5-2639a1a8d8ac@group-6911E2D50CC5, cid=2334, SUCCESS, logIndex=3944, commits[ffc7b071-00b3-4a69-8de5-2639a1a8d8ac:c3944]
2019-06-12 16:04:58,987 INFO  client.GrpcClientProtocolClient (GrpcClientProtocolClient.java:onNext(254)) - client-7F7296B99608->ffc7b071-00b3-4a69-8de5-2639a1a8d8ac: receive RaftClientReply:client-7F7296B99608->ffc7b071-00b3-4a69-8de5-2639a1a8d8ac@group-6911E2D50CC5, cid=2335, SUCCESS, logIndex=3945, commits[ffc7b071-00b3-4a69-8de5-2639a1a8d8ac:c3947]
2019-06-12 16:04:58,987 INFO  client.GrpcClientProtocolClient (GrpcClientProtocolClient.java:onNext(254)) - client-7F7296B99608->ffc7b071-00b3-4a69-8de5-2639a1a8d8ac: receive RaftClientReply:client-7F7296B99608->ffc7b071-00b3-4a69-8de5-2639a1a8d8ac@group-6911E2D50CC5, cid=2336, SUCCESS, logIndex=3946, commits[ffc7b071-00b3-4a69-8de5-2639a1a8d8ac:c3947]
2019-06-12 16:04:59,000 INFO  client.GrpcClientProtocolClient (GrpcClientProtocolClient.java:onNext(254)) - client-7F7296B99608->ffc7b071-00b3-4a69-8de5-2639a1a8d8ac: receive RaftClientReply:client-7F7296B99608->ffc7b071-00b3-4a69-8de5-2639a1a8d8ac@group-6911E2D50CC5, cid=2337, SUCCESS, logIndex=3948, commits[ffc7b071-00b3-4a69-8de5-2639a1a8d8ac:c3948]
2019-06-12 16:04:59,003 INFO  client.GrpcClientProtocolClient (GrpcClientProtocolClient.java:onNext(254)) - client-7F7296B99608->ffc7b071-00b3-4a69-8de5-2639a1a8d8ac: receive RaftClientReply:client-7F7296B99608->ffc7b071-00b3-4a69-8de5-2639a1a8d8ac@group-6911E2D50CC5, cid=2338, SUCCESS, logIndex=3950, commits[ffc7b071-00b3-4a69-8de5-2639a1a8d8ac:c3950]
2019-06-12 16:04:59,004 INFO  client.GrpcClientProtocolClient (GrpcClientProtocolClient.java:onNext(254)) - client-7F7296B99608->ffc7b071-00b3-4a69-8de5-2639a1a8d8ac: receive RaftClientReply:client-7F7296B99608->ffc7b071-00b3-4a69-8de5-2639a1a8d8ac@group-6911E2D50CC5, cid=2339, SUCCESS, logIndex=3951, commits[ffc7b071-00b3-4a69-8de5-2639a1a8d8ac:c3953]
2019-06-12 16:04:59,004 INFO  client.GrpcClientProtocolClient (GrpcClientProtocolClient.java:onNext(254)) - client-7F7296B99608->ffc7b071-00b3-4a69-8de5-2639a1a8d8ac: receive RaftClientReply:client-7F7296B99608->ffc7b071-00b3-4a69-8de5-2639a1a8d8ac@group-6911E2D50CC5, cid=2340, SUCCESS, logIndex=3952, commits[ffc7b071-00b3-4a69-8de5-2639a1a8d8ac:c3953]
2019-06-12 16:04:59,015 INFO  client.GrpcClientProtocolClient (GrpcClientProtocolClient.java:onNext(254)) - client-7F7296B99608->ffc7b071-00b3-4a69-8de5-2639a1a8d8ac: receive RaftClientReply:client-7F7296B99608->ffc7b071-00b3-4a69-8de5-2639a1a8d8ac@group-6911E2D50CC5, cid=2341, SUCCESS, logIndex=3954, commits[ffc7b071-00b3-4a69-8de5-2639a1a8d8ac:c3954]
2019-06-12 16:04:59,017 INFO  client.GrpcClientProtocolClient (GrpcClientProtocolClient.java:onNext(254)) - client-7F7296B99608->ffc7b071-00b3-4a69-8de5-2639a1a8d8ac: receive RaftClientReply:client-7F7296B99608->ffc7b071-00b3-4a69-8de5-2639a1a8d8ac@group-6911E2D50CC5, cid=2342, SUCCESS, logIndex=3956, commits[ffc7b071-00b3-4a69-8de5-2639a1a8d8ac:c3956]
2019-06-12 16:04:59,080 DEBUG block.SCMBlockDeletingService (SCMBlockDeletingService.java:call(138)) - Running DeletedBlockTransactionScanner
2019-06-12 16:04:59,081 DEBUG block.SCMBlockDeletingService (SCMBlockDeletingService.java:call(155)) - Scanned deleted blocks log and got 0 delTX to process.
2019-06-12 16:04:59,086 INFO  client.GrpcClientProtocolClient (GrpcClientProtocolClient.java:onNext(254)) - client-7F7296B99608->ffc7b071-00b3-4a69-8de5-2639a1a8d8ac: receive RaftClientReply:client-7F7296B99608->ffc7b071-00b3-4a69-8de5-2639a1a8d8ac@group-6911E2D50CC5, cid=2343, SUCCESS, logIndex=3958, commits[ffc7b071-00b3-4a69-8de5-2639a1a8d8ac:c3958]
2019-06-12 16:04:59,088 INFO  client.GrpcClientProtocolClient (GrpcClientProtocolClient.java:onNext(254)) - client-7F7296B99608->ffc7b071-00b3-4a69-8de5-2639a1a8d8ac: receive RaftClientReply:client-7F7296B99608->ffc7b071-00b3-4a69-8de5-2639a1a8d8ac@group-6911E2D50CC5, cid=2344, SUCCESS, logIndex=3960, commits[ffc7b071-00b3-4a69-8de5-2639a1a8d8ac:c3960]
2019-06-12 16:04:59,098 INFO  client.GrpcClientProtocolClient (GrpcClientProtocolClient.java:onNext(254)) - client-7F7296B99608->ffc7b071-00b3-4a69-8de5-2639a1a8d8ac: receive RaftClientReply:client-7F7296B99608->ffc7b071-00b3-4a69-8de5-2639a1a8d8ac@group-6911E2D50CC5, cid=2345, SUCCESS, logIndex=3962, commits[ffc7b071-00b3-4a69-8de5-2639a1a8d8ac:c3962]
2019-06-12 16:04:59,099 INFO  client.GrpcClientProtocolClient (GrpcClientProtocolClient.java:onNext(254)) - client-7F7296B99608->ffc7b071-00b3-4a69-8de5-2639a1a8d8ac: receive RaftClientReply:client-7F7296B99608->ffc7b071-00b3-4a69-8de5-2639a1a8d8ac@group-6911E2D50CC5, cid=2346, SUCCESS, logIndex=3964, commits[ffc7b071-00b3-4a69-8de5-2639a1a8d8ac:c3964]
2019-06-12 16:04:59,100 INFO  client.GrpcClientProtocolClient (GrpcClientProtocolClient.java:onNext(254)) - client-7F7296B99608->ffc7b071-00b3-4a69-8de5-2639a1a8d8ac: receive RaftClientReply:client-7F7296B99608->ffc7b071-00b3-4a69-8de5-2639a1a8d8ac@group-6911E2D50CC5, cid=2347, SUCCESS, logIndex=3965, commits[ffc7b071-00b3-4a69-8de5-2639a1a8d8ac:c3967]
2019-06-12 16:04:59,100 INFO  client.GrpcClientProtocolClient (GrpcClientProtocolClient.java:onNext(254)) - client-7F7296B99608->ffc7b071-00b3-4a69-8de5-2639a1a8d8ac: receive RaftClientReply:client-7F7296B99608->ffc7b071-00b3-4a69-8de5-2639a1a8d8ac@group-6911E2D50CC5, cid=2348, SUCCESS, logIndex=3966, commits[ffc7b071-00b3-4a69-8de5-2639a1a8d8ac:c3967]
2019-06-12 16:04:59,105 INFO  client.GrpcClientProtocolClient (GrpcClientProtocolClient.java:onNext(254)) - client-7F7296B99608->ffc7b071-00b3-4a69-8de5-2639a1a8d8ac: receive RaftClientReply:client-7F7296B99608->ffc7b071-00b3-4a69-8de5-2639a1a8d8ac@group-6911E2D50CC5, cid=2349, SUCCESS, logIndex=3968, commits[ffc7b071-00b3-4a69-8de5-2639a1a8d8ac:c3968]
2019-06-12 16:04:59,106 INFO  client.GrpcClientProtocolClient (GrpcClientProtocolClient.java:onNext(254)) - client-7F7296B99608->ffc7b071-00b3-4a69-8de5-2639a1a8d8ac: receive RaftClientReply:client-7F7296B99608->ffc7b071-00b3-4a69-8de5-2639a1a8d8ac@group-6911E2D50CC5, cid=2350, SUCCESS, logIndex=3970, commits[ffc7b071-00b3-4a69-8de5-2639a1a8d8ac:c3970]
2019-06-12 16:04:59,107 INFO  client.GrpcClientProtocolClient (GrpcClientProtocolClient.java:onNext(254)) - client-7F7296B99608->ffc7b071-00b3-4a69-8de5-2639a1a8d8ac: receive RaftClientReply:client-7F7296B99608->ffc7b071-00b3-4a69-8de5-2639a1a8d8ac@group-6911E2D50CC5, cid=2351, SUCCESS, logIndex=3971, commits[ffc7b071-00b3-4a69-8de5-2639a1a8d8ac:c3973]
2019-06-12 16:04:59,107 INFO  client.GrpcClientProtocolClient (GrpcClientProtocolClient.java:onNext(254)) - client-7F7296B99608->ffc7b071-00b3-4a69-8de5-2639a1a8d8ac: receive RaftClientReply:client-7F7296B99608->ffc7b071-00b3-4a69-8de5-2639a1a8d8ac@group-6911E2D50CC5, cid=2352, SUCCESS, logIndex=3972, commits[ffc7b071-00b3-4a69-8de5-2639a1a8d8ac:c3973]
2019-06-12 16:04:59,115 INFO  client.GrpcClientProtocolClient (GrpcClientProtocolClient.java:onNext(254)) - client-7F7296B99608->ffc7b071-00b3-4a69-8de5-2639a1a8d8ac: receive RaftClientReply:client-7F7296B99608->ffc7b071-00b3-4a69-8de5-2639a1a8d8ac@group-6911E2D50CC5, cid=2353, SUCCESS, logIndex=3974, commits[ffc7b071-00b3-4a69-8de5-2639a1a8d8ac:c3974]
2019-06-12 16:04:59,116 INFO  client.GrpcClientProtocolClient (GrpcClientProtocolClient.java:onNext(254)) - client-7F7296B99608->ffc7b071-00b3-4a69-8de5-2639a1a8d8ac: receive RaftClientReply:client-7F7296B99608->ffc7b071-00b3-4a69-8de5-2639a1a8d8ac@group-6911E2D50CC5, cid=2354, SUCCESS, logIndex=3976, commits[ffc7b071-00b3-4a69-8de5-2639a1a8d8ac:c3976]
2019-06-12 16:04:59,117 INFO  client.GrpcClientProtocolClient (GrpcClientProtocolClient.java:onNext(254)) - client-7F7296B99608->ffc7b071-00b3-4a69-8de5-2639a1a8d8ac: receive RaftClientReply:client-7F7296B99608->ffc7b071-00b3-4a69-8de5-2639a1a8d8ac@group-6911E2D50CC5, cid=2355, SUCCESS, logIndex=3977, commits[ffc7b071-00b3-4a69-8de5-2639a1a8d8ac:c3979]
2019-06-12 16:04:59,118 INFO  client.GrpcClientProtocolClient (GrpcClientProtocolClient.java:onNext(254)) - client-7F7296B99608->ffc7b071-00b3-4a69-8de5-2639a1a8d8ac: receive RaftClientReply:client-7F7296B99608->ffc7b071-00b3-4a69-8de5-2639a1a8d8ac@group-6911E2D50CC5, cid=2356, SUCCESS, logIndex=3978, commits[ffc7b071-00b3-4a69-8de5-2639a1a8d8ac:c3979]
2019-06-12 16:04:59,122 INFO  client.GrpcClientProtocolClient (GrpcClientProtocolClient.java:onNext(254)) - client-7F7296B99608->ffc7b071-00b3-4a69-8de5-2639a1a8d8ac: receive RaftClientReply:client-7F7296B99608->ffc7b071-00b3-4a69-8de5-2639a1a8d8ac@group-6911E2D50CC5, cid=2357, SUCCESS, logIndex=3980, commits[ffc7b071-00b3-4a69-8de5-2639a1a8d8ac:c3980]
2019-06-12 16:04:59,123 INFO  storage.RaftLogWorker (RaftLogWorker.java:rollLogSegment(303)) - ffc7b071-00b3-4a69-8de5-2639a1a8d8ac-RaftLogWorker: Rolling segment log-3918_3983 to index:3983
2019-06-12 16:04:59,123 INFO  client.GrpcClientProtocolClient (GrpcClientProtocolClient.java:onNext(254)) - client-7F7296B99608->ffc7b071-00b3-4a69-8de5-2639a1a8d8ac: receive RaftClientReply:client-7F7296B99608->ffc7b071-00b3-4a69-8de5-2639a1a8d8ac@group-6911E2D50CC5, cid=2358, SUCCESS, logIndex=3982, commits[ffc7b071-00b3-4a69-8de5-2639a1a8d8ac:c3982]
2019-06-12 16:04:59,124 INFO  storage.RaftLogWorker (RaftLogWorker.java:execute(433)) - ffc7b071-00b3-4a69-8de5-2639a1a8d8ac-RaftLogWorker: Rolled log segment from /opt/src/hadoop-ozone/integration-test/target/test-dir/MiniOzoneClusterImpl-a1c7246e-c692-4524-ad55-32b507b20431/datanode-0/data/ratis/4417d833-4fb6-4fa2-9413-6911e2d50cc5/current/log_inprogress_3918 to /opt/src/hadoop-ozone/integration-test/target/test-dir/MiniOzoneClusterImpl-a1c7246e-c692-4524-ad55-32b507b20431/datanode-0/data/ratis/4417d833-4fb6-4fa2-9413-6911e2d50cc5/current/log_3918-3983
2019-06-12 16:04:59,124 INFO  client.GrpcClientProtocolClient (GrpcClientProtocolClient.java:onNext(254)) - client-7F7296B99608->ffc7b071-00b3-4a69-8de5-2639a1a8d8ac: receive RaftClientReply:client-7F7296B99608->ffc7b071-00b3-4a69-8de5-2639a1a8d8ac@group-6911E2D50CC5, cid=2359, SUCCESS, logIndex=3983, commits[ffc7b071-00b3-4a69-8de5-2639a1a8d8ac:c3983]
2019-06-12 16:04:59,158 INFO  storage.RaftLogWorker (RaftLogWorker.java:execute(469)) - ffc7b071-00b3-4a69-8de5-2639a1a8d8ac-RaftLogWorker: created new log segment /opt/src/hadoop-ozone/integration-test/target/test-dir/MiniOzoneClusterImpl-a1c7246e-c692-4524-ad55-32b507b20431/datanode-0/data/ratis/4417d833-4fb6-4fa2-9413-6911e2d50cc5/current/log_inprogress_3984
2019-06-12 16:04:59,160 INFO  client.GrpcClientProtocolClient (GrpcClientProtocolClient.java:onNext(254)) - client-7F7296B99608->ffc7b071-00b3-4a69-8de5-2639a1a8d8ac: receive RaftClientReply:client-7F7296B99608->ffc7b071-00b3-4a69-8de5-2639a1a8d8ac@group-6911E2D50CC5, cid=2360, SUCCESS, logIndex=3984, commits[ffc7b071-00b3-4a69-8de5-2639a1a8d8ac:c3986]
2019-06-12 16:04:59,169 INFO  client.GrpcClientProtocolClient (GrpcClientProtocolClient.java:onNext(254)) - client-7F7296B99608->ffc7b071-00b3-4a69-8de5-2639a1a8d8ac: receive RaftClientReply:client-7F7296B99608->ffc7b071-00b3-4a69-8de5-2639a1a8d8ac@group-6911E2D50CC5, cid=2361, SUCCESS, logIndex=3987, commits[ffc7b071-00b3-4a69-8de5-2639a1a8d8ac:c3987]
2019-06-12 16:04:59,170 INFO  client.GrpcClientProtocolClient (GrpcClientProtocolClient.java:onNext(254)) - client-7F7296B99608->ffc7b071-00b3-4a69-8de5-2639a1a8d8ac: receive RaftClientReply:client-7F7296B99608->ffc7b071-00b3-4a69-8de5-2639a1a8d8ac@group-6911E2D50CC5, cid=2362, SUCCESS, logIndex=3989, commits[ffc7b071-00b3-4a69-8de5-2639a1a8d8ac:c3989]
2019-06-12 16:04:59,172 INFO  client.GrpcClientProtocolClient (GrpcClientProtocolClient.java:onNext(254)) - client-7F7296B99608->ffc7b071-00b3-4a69-8de5-2639a1a8d8ac: receive RaftClientReply:client-7F7296B99608->ffc7b071-00b3-4a69-8de5-2639a1a8d8ac@group-6911E2D50CC5, cid=2363, SUCCESS, logIndex=3990, commits[ffc7b071-00b3-4a69-8de5-2639a1a8d8ac:c3992]
2019-06-12 16:04:59,172 INFO  client.GrpcClientProtocolClient (GrpcClientProtocolClient.java:onNext(254)) - client-7F7296B99608->ffc7b071-00b3-4a69-8de5-2639a1a8d8ac: receive RaftClientReply:client-7F7296B99608->ffc7b071-00b3-4a69-8de5-2639a1a8d8ac@group-6911E2D50CC5, cid=2364, SUCCESS, logIndex=3991, commits[ffc7b071-00b3-4a69-8de5-2639a1a8d8ac:c3992]
2019-06-12 16:04:59,177 INFO  client.GrpcClientProtocolClient (GrpcClientProtocolClient.java:onNext(254)) - client-7F7296B99608->ffc7b071-00b3-4a69-8de5-2639a1a8d8ac: receive RaftClientReply:client-7F7296B99608->ffc7b071-00b3-4a69-8de5-2639a1a8d8ac@group-6911E2D50CC5, cid=2365, SUCCESS, logIndex=3993, commits[ffc7b071-00b3-4a69-8de5-2639a1a8d8ac:c3993]
2019-06-12 16:04:59,178 INFO  client.GrpcClientProtocolClient (GrpcClientProtocolClient.java:onNext(254)) - client-7F7296B99608->ffc7b071-00b3-4a69-8de5-2639a1a8d8ac: receive RaftClientReply:client-7F7296B99608->ffc7b071-00b3-4a69-8de5-2639a1a8d8ac@group-6911E2D50CC5, cid=2366, SUCCESS, logIndex=3995, commits[ffc7b071-00b3-4a69-8de5-2639a1a8d8ac:c3995]
2019-06-12 16:04:59,179 INFO  client.GrpcClientProtocolClient (GrpcClientProtocolClient.java:onNext(254)) - client-7F7296B99608->ffc7b071-00b3-4a69-8de5-2639a1a8d8ac: receive RaftClientReply:client-7F7296B99608->ffc7b071-00b3-4a69-8de5-2639a1a8d8ac@group-6911E2D50CC5, cid=2367, SUCCESS, logIndex=3996, commits[ffc7b071-00b3-4a69-8de5-2639a1a8d8ac:c3998]
2019-06-12 16:04:59,179 INFO  client.GrpcClientProtocolClient (GrpcClientProtocolClient.java:onNext(254)) - client-7F7296B99608->ffc7b071-00b3-4a69-8de5-2639a1a8d8ac: receive RaftClientReply:client-7F7296B99608->ffc7b071-00b3-4a69-8de5-2639a1a8d8ac@group-6911E2D50CC5, cid=2368, SUCCESS, logIndex=3997, commits[ffc7b071-00b3-4a69-8de5-2639a1a8d8ac:c3998]
2019-06-12 16:04:59,181 DEBUG block.SCMBlockDeletingService (SCMBlockDeletingService.java:call(138)) - Running DeletedBlockTransactionScanner
2019-06-12 16:04:59,181 DEBUG block.SCMBlockDeletingService (SCMBlockDeletingService.java:call(155)) - Scanned deleted blocks log and got 0 delTX to process.
2019-06-12 16:04:59,190 INFO  client.GrpcClientProtocolClient (GrpcClientProtocolClient.java:onNext(254)) - client-7F7296B99608->ffc7b071-00b3-4a69-8de5-2639a1a8d8ac: receive RaftClientReply:client-7F7296B99608->ffc7b071-00b3-4a69-8de5-2639a1a8d8ac@group-6911E2D50CC5, cid=2369, SUCCESS, logIndex=3999, commits[ffc7b071-00b3-4a69-8de5-2639a1a8d8ac:c3999]
2019-06-12 16:04:59,192 INFO  client.GrpcClientProtocolClient (GrpcClientProtocolClient.java:onNext(254)) - client-7F7296B99608->ffc7b071-00b3-4a69-8de5-2639a1a8d8ac: receive RaftClientReply:client-7F7296B99608->ffc7b071-00b3-4a69-8de5-2639a1a8d8ac@group-6911E2D50CC5, cid=2370, SUCCESS, logIndex=4001, commits[ffc7b071-00b3-4a69-8de5-2639a1a8d8ac:c4001]
2019-06-12 16:04:59,192 INFO  client.GrpcClientProtocolClient (GrpcClientProtocolClient.java:onNext(254)) - client-7F7296B99608->ffc7b071-00b3-4a69-8de5-2639a1a8d8ac: receive RaftClientReply:client-7F7296B99608->ffc7b071-00b3-4a69-8de5-2639a1a8d8ac@group-6911E2D50CC5, cid=2371, SUCCESS, logIndex=4002, commits[ffc7b071-00b3-4a69-8de5-2639a1a8d8ac:c4004]
2019-06-12 16:04:59,192 INFO  client.GrpcClientProtocolClient (GrpcClientProtocolClient.java:onNext(254)) - client-7F7296B99608->ffc7b071-00b3-4a69-8de5-2639a1a8d8ac: receive RaftClientReply:client-7F7296B99608->ffc7b071-00b3-4a69-8de5-2639a1a8d8ac@group-6911E2D50CC5, cid=2372, SUCCESS, logIndex=4003, commits[ffc7b071-00b3-4a69-8de5-2639a1a8d8ac:c4004]
2019-06-12 16:04:59,197 INFO  client.GrpcClientProtocolClient (GrpcClientProtocolClient.java:onNext(254)) - client-7F7296B99608->ffc7b071-00b3-4a69-8de5-2639a1a8d8ac: receive RaftClientReply:client-7F7296B99608->ffc7b071-00b3-4a69-8de5-2639a1a8d8ac@group-6911E2D50CC5, cid=2373, SUCCESS, logIndex=4005, commits[ffc7b071-00b3-4a69-8de5-2639a1a8d8ac:c4005]
2019-06-12 16:04:59,199 INFO  client.GrpcClientProtocolClient (GrpcClientProtocolClient.java:onNext(254)) - client-7F7296B99608->ffc7b071-00b3-4a69-8de5-2639a1a8d8ac: receive RaftClientReply:client-7F7296B99608->ffc7b071-00b3-4a69-8de5-2639a1a8d8ac@group-6911E2D50CC5, cid=2374, SUCCESS, logIndex=4007, commits[ffc7b071-00b3-4a69-8de5-2639a1a8d8ac:c4007]
2019-06-12 16:04:59,200 INFO  client.GrpcClientProtocolClient (GrpcClientProtocolClient.java:onNext(254)) - client-7F7296B99608->ffc7b071-00b3-4a69-8de5-2639a1a8d8ac: receive RaftClientReply:client-7F7296B99608->ffc7b071-00b3-4a69-8de5-2639a1a8d8ac@group-6911E2D50CC5, cid=2375, SUCCESS, logIndex=4009, commits[ffc7b071-00b3-4a69-8de5-2639a1a8d8ac:c4010]
2019-06-12 16:04:59,202 INFO  client.GrpcClientProtocolClient (GrpcClientProtocolClient.java:onNext(254)) - client-7F7296B99608->ffc7b071-00b3-4a69-8de5-2639a1a8d8ac: receive RaftClientReply:client-7F7296B99608->ffc7b071-00b3-4a69-8de5-2639a1a8d8ac@group-6911E2D50CC5, cid=2376, SUCCESS, logIndex=4010, commits[ffc7b071-00b3-4a69-8de5-2639a1a8d8ac:c4010]
2019-06-12 16:04:59,211 INFO  client.GrpcClientProtocolClient (GrpcClientProtocolClient.java:onNext(254)) - client-7F7296B99608->ffc7b071-00b3-4a69-8de5-2639a1a8d8ac: receive RaftClientReply:client-7F7296B99608->ffc7b071-00b3-4a69-8de5-2639a1a8d8ac@group-6911E2D50CC5, cid=2377, SUCCESS, logIndex=4012, commits[ffc7b071-00b3-4a69-8de5-2639a1a8d8ac:c4012]
2019-06-12 16:04:59,213 INFO  client.GrpcClientProtocolClient (GrpcClientProtocolClient.java:onNext(254)) - client-7F7296B99608->ffc7b071-00b3-4a69-8de5-2639a1a8d8ac: receive RaftClientReply:client-7F7296B99608->ffc7b071-00b3-4a69-8de5-2639a1a8d8ac@group-6911E2D50CC5, cid=2378, SUCCESS, logIndex=4014, commits[ffc7b071-00b3-4a69-8de5-2639a1a8d8ac:c4014]
2019-06-12 16:04:59,213 INFO  client.GrpcClientProtocolClient (GrpcClientProtocolClient.java:onNext(254)) - client-7F7296B99608->ffc7b071-00b3-4a69-8de5-2639a1a8d8ac: receive RaftClientReply:client-7F7296B99608->ffc7b071-00b3-4a69-8de5-2639a1a8d8ac@group-6911E2D50CC5, cid=2379, SUCCESS, logIndex=4015, commits[ffc7b071-00b3-4a69-8de5-2639a1a8d8ac:c4015]
2019-06-12 16:04:59,214 INFO  client.GrpcClientProtocolClient (GrpcClientProtocolClient.java:onNext(254)) - client-7F7296B99608->ffc7b071-00b3-4a69-8de5-2639a1a8d8ac: receive RaftClientReply:client-7F7296B99608->ffc7b071-00b3-4a69-8de5-2639a1a8d8ac@group-6911E2D50CC5, cid=2380, SUCCESS, logIndex=4017, commits[ffc7b071-00b3-4a69-8de5-2639a1a8d8ac:c4017]
2019-06-12 16:04:59,219 INFO  client.GrpcClientProtocolClient (GrpcClientProtocolClient.java:onNext(254)) - client-7F7296B99608->ffc7b071-00b3-4a69-8de5-2639a1a8d8ac: receive RaftClientReply:client-7F7296B99608->ffc7b071-00b3-4a69-8de5-2639a1a8d8ac@group-6911E2D50CC5, cid=2381, SUCCESS, logIndex=4020, commits[ffc7b071-00b3-4a69-8de5-2639a1a8d8ac:c4020]
2019-06-12 16:04:59,220 INFO  client.GrpcClientProtocolClient (GrpcClientProtocolClient.java:onNext(254)) - client-7F7296B99608->ffc7b071-00b3-4a69-8de5-2639a1a8d8ac: receive RaftClientReply:client-7F7296B99608->ffc7b071-00b3-4a69-8de5-2639a1a8d8ac@group-6911E2D50CC5, cid=2382, SUCCESS, logIndex=4022, commits[ffc7b071-00b3-4a69-8de5-2639a1a8d8ac:c4022]
2019-06-12 16:04:59,221 INFO  client.GrpcClientProtocolClient (GrpcClientProtocolClient.java:onNext(254)) - client-7F7296B99608->ffc7b071-00b3-4a69-8de5-2639a1a8d8ac: receive RaftClientReply:client-7F7296B99608->ffc7b071-00b3-4a69-8de5-2639a1a8d8ac@group-6911E2D50CC5, cid=2383, SUCCESS, logIndex=4023, commits[ffc7b071-00b3-4a69-8de5-2639a1a8d8ac:c4025]
2019-06-12 16:04:59,221 INFO  client.GrpcClientProtocolClient (GrpcClientProtocolClient.java:onNext(254)) - client-7F7296B99608->ffc7b071-00b3-4a69-8de5-2639a1a8d8ac: receive RaftClientReply:client-7F7296B99608->ffc7b071-00b3-4a69-8de5-2639a1a8d8ac@group-6911E2D50CC5, cid=2384, SUCCESS, logIndex=4024, commits[ffc7b071-00b3-4a69-8de5-2639a1a8d8ac:c4025]
2019-06-12 16:04:59,230 INFO  client.GrpcClientProtocolClient (GrpcClientProtocolClient.java:onNext(254)) - client-7F7296B99608->ffc7b071-00b3-4a69-8de5-2639a1a8d8ac: receive RaftClientReply:client-7F7296B99608->ffc7b071-00b3-4a69-8de5-2639a1a8d8ac@group-6911E2D50CC5, cid=2385, SUCCESS, logIndex=4026, commits[ffc7b071-00b3-4a69-8de5-2639a1a8d8ac:c4026]
2019-06-12 16:04:59,231 INFO  client.GrpcClientProtocolClient (GrpcClientProtocolClient.java:onNext(254)) - client-7F7296B99608->ffc7b071-00b3-4a69-8de5-2639a1a8d8ac: receive RaftClientReply:client-7F7296B99608->ffc7b071-00b3-4a69-8de5-2639a1a8d8ac@group-6911E2D50CC5, cid=2386, SUCCESS, logIndex=4028, commits[ffc7b071-00b3-4a69-8de5-2639a1a8d8ac:c4028]
2019-06-12 16:04:59,281 DEBUG block.SCMBlockDeletingService (SCMBlockDeletingService.java:call(138)) - Running DeletedBlockTransactionScanner
2019-06-12 16:04:59,282 DEBUG block.SCMBlockDeletingService (SCMBlockDeletingService.java:call(155)) - Scanned deleted blocks log and got 0 delTX to process.
2019-06-12 16:04:59,296 INFO  client.GrpcClientProtocolClient (GrpcClientProtocolClient.java:onNext(254)) - client-7F7296B99608->ffc7b071-00b3-4a69-8de5-2639a1a8d8ac: receive RaftClientReply:client-7F7296B99608->ffc7b071-00b3-4a69-8de5-2639a1a8d8ac@group-6911E2D50CC5, cid=2387, SUCCESS, logIndex=4030, commits[ffc7b071-00b3-4a69-8de5-2639a1a8d8ac:c4030]
2019-06-12 16:04:59,297 INFO  client.GrpcClientProtocolClient (GrpcClientProtocolClient.java:onNext(254)) - client-7F7296B99608->ffc7b071-00b3-4a69-8de5-2639a1a8d8ac: receive RaftClientReply:client-7F7296B99608->ffc7b071-00b3-4a69-8de5-2639a1a8d8ac@group-6911E2D50CC5, cid=2388, SUCCESS, logIndex=4032, commits[ffc7b071-00b3-4a69-8de5-2639a1a8d8ac:c4032]
2019-06-12 16:04:59,302 INFO  client.GrpcClientProtocolClient (GrpcClientProtocolClient.java:onNext(254)) - client-7F7296B99608->ffc7b071-00b3-4a69-8de5-2639a1a8d8ac: receive RaftClientReply:client-7F7296B99608->ffc7b071-00b3-4a69-8de5-2639a1a8d8ac@group-6911E2D50CC5, cid=2389, SUCCESS, logIndex=4034, commits[ffc7b071-00b3-4a69-8de5-2639a1a8d8ac:c4034]
2019-06-12 16:04:59,304 INFO  client.GrpcClientProtocolClient (GrpcClientProtocolClient.java:onNext(254)) - client-7F7296B99608->ffc7b071-00b3-4a69-8de5-2639a1a8d8ac: receive RaftClientReply:client-7F7296B99608->ffc7b071-00b3-4a69-8de5-2639a1a8d8ac@group-6911E2D50CC5, cid=2390, SUCCESS, logIndex=4036, commits[ffc7b071-00b3-4a69-8de5-2639a1a8d8ac:c4036]
2019-06-12 16:04:59,305 INFO  client.GrpcClientProtocolClient (GrpcClientProtocolClient.java:onNext(254)) - client-7F7296B99608->ffc7b071-00b3-4a69-8de5-2639a1a8d8ac: receive RaftClientReply:client-7F7296B99608->ffc7b071-00b3-4a69-8de5-2639a1a8d8ac@group-6911E2D50CC5, cid=2391, SUCCESS, logIndex=4037, commits[ffc7b071-00b3-4a69-8de5-2639a1a8d8ac:c4039]
2019-06-12 16:04:59,305 INFO  client.GrpcClientProtocolClient (GrpcClientProtocolClient.java:onNext(254)) - client-7F7296B99608->ffc7b071-00b3-4a69-8de5-2639a1a8d8ac: receive RaftClientReply:client-7F7296B99608->ffc7b071-00b3-4a69-8de5-2639a1a8d8ac@group-6911E2D50CC5, cid=2392, SUCCESS, logIndex=4038, commits[ffc7b071-00b3-4a69-8de5-2639a1a8d8ac:c4039]
2019-06-12 16:04:59,315 INFO  client.GrpcClientProtocolClient (GrpcClientProtocolClient.java:onNext(254)) - client-7F7296B99608->ffc7b071-00b3-4a69-8de5-2639a1a8d8ac: receive RaftClientReply:client-7F7296B99608->ffc7b071-00b3-4a69-8de5-2639a1a8d8ac@group-6911E2D50CC5, cid=2393, SUCCESS, logIndex=4040, commits[ffc7b071-00b3-4a69-8de5-2639a1a8d8ac:c4040]
2019-06-12 16:04:59,316 INFO  client.GrpcClientProtocolClient (GrpcClientProtocolClient.java:onNext(254)) - client-7F7296B99608->ffc7b071-00b3-4a69-8de5-2639a1a8d8ac: receive RaftClientReply:client-7F7296B99608->ffc7b071-00b3-4a69-8de5-2639a1a8d8ac@group-6911E2D50CC5, cid=2394, SUCCESS, logIndex=4042, commits[ffc7b071-00b3-4a69-8de5-2639a1a8d8ac:c4042]
2019-06-12 16:04:59,317 INFO  client.GrpcClientProtocolClient (GrpcClientProtocolClient.java:onNext(254)) - client-7F7296B99608->ffc7b071-00b3-4a69-8de5-2639a1a8d8ac: receive RaftClientReply:client-7F7296B99608->ffc7b071-00b3-4a69-8de5-2639a1a8d8ac@group-6911E2D50CC5, cid=2395, SUCCESS, logIndex=4043, commits[ffc7b071-00b3-4a69-8de5-2639a1a8d8ac:c4045]
2019-06-12 16:04:59,317 INFO  client.GrpcClientProtocolClient (GrpcClientProtocolClient.java:onNext(254)) - client-7F7296B99608->ffc7b071-00b3-4a69-8de5-2639a1a8d8ac: receive RaftClientReply:client-7F7296B99608->ffc7b071-00b3-4a69-8de5-2639a1a8d8ac@group-6911E2D50CC5, cid=2396, SUCCESS, logIndex=4044, commits[ffc7b071-00b3-4a69-8de5-2639a1a8d8ac:c4045]
2019-06-12 16:04:59,322 INFO  client.GrpcClientProtocolClient (GrpcClientProtocolClient.java:onNext(254)) - client-7F7296B99608->ffc7b071-00b3-4a69-8de5-2639a1a8d8ac: receive RaftClientReply:client-7F7296B99608->ffc7b071-00b3-4a69-8de5-2639a1a8d8ac@group-6911E2D50CC5, cid=2397, SUCCESS, logIndex=4046, commits[ffc7b071-00b3-4a69-8de5-2639a1a8d8ac:c4046]
2019-06-12 16:04:59,323 INFO  client.GrpcClientProtocolClient (GrpcClientProtocolClient.java:onNext(254)) - client-7F7296B99608->ffc7b071-00b3-4a69-8de5-2639a1a8d8ac: receive RaftClientReply:client-7F7296B99608->ffc7b071-00b3-4a69-8de5-2639a1a8d8ac@group-6911E2D50CC5, cid=2398, SUCCESS, logIndex=4048, commits[ffc7b071-00b3-4a69-8de5-2639a1a8d8ac:c4048]
2019-06-12 16:04:59,324 INFO  client.GrpcClientProtocolClient (GrpcClientProtocolClient.java:onNext(254)) - client-7F7296B99608->ffc7b071-00b3-4a69-8de5-2639a1a8d8ac: receive RaftClientReply:client-7F7296B99608->ffc7b071-00b3-4a69-8de5-2639a1a8d8ac@group-6911E2D50CC5, cid=2399, SUCCESS, logIndex=4049, commits[ffc7b071-00b3-4a69-8de5-2639a1a8d8ac:c4051]
2019-06-12 16:04:59,324 INFO  client.GrpcClientProtocolClient (GrpcClientProtocolClient.java:onNext(254)) - client-7F7296B99608->ffc7b071-00b3-4a69-8de5-2639a1a8d8ac: receive RaftClientReply:client-7F7296B99608->ffc7b071-00b3-4a69-8de5-2639a1a8d8ac@group-6911E2D50CC5, cid=2400, SUCCESS, logIndex=4050, commits[ffc7b071-00b3-4a69-8de5-2639a1a8d8ac:c4051]
2019-06-12 16:04:59,333 INFO  client.GrpcClientProtocolClient (GrpcClientProtocolClient.java:onNext(254)) - client-7F7296B99608->ffc7b071-00b3-4a69-8de5-2639a1a8d8ac: receive RaftClientReply:client-7F7296B99608->ffc7b071-00b3-4a69-8de5-2639a1a8d8ac@group-6911E2D50CC5, cid=2401, SUCCESS, logIndex=4052, commits[ffc7b071-00b3-4a69-8de5-2639a1a8d8ac:c4052]
2019-06-12 16:04:59,333 INFO  storage.RaftLogWorker (RaftLogWorker.java:rollLogSegment(303)) - ffc7b071-00b3-4a69-8de5-2639a1a8d8ac-RaftLogWorker: Rolling segment log-3984_4054 to index:4054
2019-06-12 16:04:59,334 INFO  storage.RaftLogWorker (RaftLogWorker.java:execute(433)) - ffc7b071-00b3-4a69-8de5-2639a1a8d8ac-RaftLogWorker: Rolled log segment from /opt/src/hadoop-ozone/integration-test/target/test-dir/MiniOzoneClusterImpl-a1c7246e-c692-4524-ad55-32b507b20431/datanode-0/data/ratis/4417d833-4fb6-4fa2-9413-6911e2d50cc5/current/log_inprogress_3984 to /opt/src/hadoop-ozone/integration-test/target/test-dir/MiniOzoneClusterImpl-a1c7246e-c692-4524-ad55-32b507b20431/datanode-0/data/ratis/4417d833-4fb6-4fa2-9413-6911e2d50cc5/current/log_3984-4054
2019-06-12 16:04:59,334 INFO  client.GrpcClientProtocolClient (GrpcClientProtocolClient.java:onNext(254)) - client-7F7296B99608->ffc7b071-00b3-4a69-8de5-2639a1a8d8ac: receive RaftClientReply:client-7F7296B99608->ffc7b071-00b3-4a69-8de5-2639a1a8d8ac@group-6911E2D50CC5, cid=2402, SUCCESS, logIndex=4054, commits[ffc7b071-00b3-4a69-8de5-2639a1a8d8ac:c4054]
2019-06-12 16:04:59,372 INFO  storage.RaftLogWorker (RaftLogWorker.java:execute(469)) - ffc7b071-00b3-4a69-8de5-2639a1a8d8ac-RaftLogWorker: created new log segment /opt/src/hadoop-ozone/integration-test/target/test-dir/MiniOzoneClusterImpl-a1c7246e-c692-4524-ad55-32b507b20431/datanode-0/data/ratis/4417d833-4fb6-4fa2-9413-6911e2d50cc5/current/log_inprogress_4055
2019-06-12 16:04:59,373 INFO  client.GrpcClientProtocolClient (GrpcClientProtocolClient.java:onNext(254)) - client-7F7296B99608->ffc7b071-00b3-4a69-8de5-2639a1a8d8ac: receive RaftClientReply:client-7F7296B99608->ffc7b071-00b3-4a69-8de5-2639a1a8d8ac@group-6911E2D50CC5, cid=2403, SUCCESS, logIndex=4055, commits[ffc7b071-00b3-4a69-8de5-2639a1a8d8ac:c4057]
2019-06-12 16:04:59,373 INFO  client.GrpcClientProtocolClient (GrpcClientProtocolClient.java:onNext(254)) - client-7F7296B99608->ffc7b071-00b3-4a69-8de5-2639a1a8d8ac: receive RaftClientReply:client-7F7296B99608->ffc7b071-00b3-4a69-8de5-2639a1a8d8ac@group-6911E2D50CC5, cid=2404, SUCCESS, logIndex=4057, commits[ffc7b071-00b3-4a69-8de5-2639a1a8d8ac:c4057]
2019-06-12 16:04:59,379 INFO  client.GrpcClientProtocolClient (GrpcClientProtocolClient.java:onNext(254)) - client-7F7296B99608->ffc7b071-00b3-4a69-8de5-2639a1a8d8ac: receive RaftClientReply:client-7F7296B99608->ffc7b071-00b3-4a69-8de5-2639a1a8d8ac@group-6911E2D50CC5, cid=2405, SUCCESS, logIndex=4059, commits[ffc7b071-00b3-4a69-8de5-2639a1a8d8ac:c4059]
2019-06-12 16:04:59,380 INFO  client.GrpcClientProtocolClient (GrpcClientProtocolClient.java:onNext(254)) - client-7F7296B99608->ffc7b071-00b3-4a69-8de5-2639a1a8d8ac: receive RaftClientReply:client-7F7296B99608->ffc7b071-00b3-4a69-8de5-2639a1a8d8ac@group-6911E2D50CC5, cid=2406, SUCCESS, logIndex=4061, commits[ffc7b071-00b3-4a69-8de5-2639a1a8d8ac:c4061]
2019-06-12 16:04:59,381 INFO  client.GrpcClientProtocolClient (GrpcClientProtocolClient.java:onNext(254)) - client-7F7296B99608->ffc7b071-00b3-4a69-8de5-2639a1a8d8ac: receive RaftClientReply:client-7F7296B99608->ffc7b071-00b3-4a69-8de5-2639a1a8d8ac@group-6911E2D50CC5, cid=2407, SUCCESS, logIndex=4062, commits[ffc7b071-00b3-4a69-8de5-2639a1a8d8ac:c4064]
2019-06-12 16:04:59,382 DEBUG block.SCMBlockDeletingService (SCMBlockDeletingService.java:call(138)) - Running DeletedBlockTransactionScanner
2019-06-12 16:04:59,382 INFO  client.GrpcClientProtocolClient (GrpcClientProtocolClient.java:onNext(254)) - client-7F7296B99608->ffc7b071-00b3-4a69-8de5-2639a1a8d8ac: receive RaftClientReply:client-7F7296B99608->ffc7b071-00b3-4a69-8de5-2639a1a8d8ac@group-6911E2D50CC5, cid=2408, SUCCESS, logIndex=4063, commits[ffc7b071-00b3-4a69-8de5-2639a1a8d8ac:c4064]
2019-06-12 16:04:59,382 DEBUG block.SCMBlockDeletingService (SCMBlockDeletingService.java:call(155)) - Scanned deleted blocks log and got 0 delTX to process.
2019-06-12 16:04:59,391 INFO  client.GrpcClientProtocolClient (GrpcClientProtocolClient.java:onNext(254)) - client-7F7296B99608->ffc7b071-00b3-4a69-8de5-2639a1a8d8ac: receive RaftClientReply:client-7F7296B99608->ffc7b071-00b3-4a69-8de5-2639a1a8d8ac@group-6911E2D50CC5, cid=2409, SUCCESS, logIndex=4065, commits[ffc7b071-00b3-4a69-8de5-2639a1a8d8ac:c4065]
2019-06-12 16:04:59,392 INFO  client.GrpcClientProtocolClient (GrpcClientProtocolClient.java:onNext(254)) - client-7F7296B99608->ffc7b071-00b3-4a69-8de5-2639a1a8d8ac: receive RaftClientReply:client-7F7296B99608->ffc7b071-00b3-4a69-8de5-2639a1a8d8ac@group-6911E2D50CC5, cid=2410, SUCCESS, logIndex=4067, commits[ffc7b071-00b3-4a69-8de5-2639a1a8d8ac:c4067]
2019-06-12 16:04:59,393 INFO  client.GrpcClientProtocolClient (GrpcClientProtocolClient.java:onNext(254)) - client-7F7296B99608->ffc7b071-00b3-4a69-8de5-2639a1a8d8ac: receive RaftClientReply:client-7F7296B99608->ffc7b071-00b3-4a69-8de5-2639a1a8d8ac@group-6911E2D50CC5, cid=2411, SUCCESS, logIndex=4068, commits[ffc7b071-00b3-4a69-8de5-2639a1a8d8ac:c4070]
2019-06-12 16:04:59,393 INFO  client.GrpcClientProtocolClient (GrpcClientProtocolClient.java:onNext(254)) - client-7F7296B99608->ffc7b071-00b3-4a69-8de5-2639a1a8d8ac: receive RaftClientReply:client-7F7296B99608->ffc7b071-00b3-4a69-8de5-2639a1a8d8ac@group-6911E2D50CC5, cid=2412, SUCCESS, logIndex=4069, commits[ffc7b071-00b3-4a69-8de5-2639a1a8d8ac:c4070]
2019-06-12 16:04:59,398 INFO  client.GrpcClientProtocolClient (GrpcClientProtocolClient.java:onNext(254)) - client-7F7296B99608->ffc7b071-00b3-4a69-8de5-2639a1a8d8ac: receive RaftClientReply:client-7F7296B99608->ffc7b071-00b3-4a69-8de5-2639a1a8d8ac@group-6911E2D50CC5, cid=2413, SUCCESS, logIndex=4071, commits[ffc7b071-00b3-4a69-8de5-2639a1a8d8ac:c4071]
2019-06-12 16:04:59,400 INFO  client.GrpcClientProtocolClient (GrpcClientProtocolClient.java:onNext(254)) - client-7F7296B99608->ffc7b071-00b3-4a69-8de5-2639a1a8d8ac: receive RaftClientReply:client-7F7296B99608->ffc7b071-00b3-4a69-8de5-2639a1a8d8ac@group-6911E2D50CC5, cid=2414, SUCCESS, logIndex=4073, commits[ffc7b071-00b3-4a69-8de5-2639a1a8d8ac:c4073]
2019-06-12 16:04:59,401 INFO  client.GrpcClientProtocolClient (GrpcClientProtocolClient.java:onNext(254)) - client-7F7296B99608->ffc7b071-00b3-4a69-8de5-2639a1a8d8ac: receive RaftClientReply:client-7F7296B99608->ffc7b071-00b3-4a69-8de5-2639a1a8d8ac@group-6911E2D50CC5, cid=2415, SUCCESS, logIndex=4074, commits[ffc7b071-00b3-4a69-8de5-2639a1a8d8ac:c4076]
2019-06-12 16:04:59,401 INFO  client.GrpcClientProtocolClient (GrpcClientProtocolClient.java:onNext(254)) - client-7F7296B99608->ffc7b071-00b3-4a69-8de5-2639a1a8d8ac: receive RaftClientReply:client-7F7296B99608->ffc7b071-00b3-4a69-8de5-2639a1a8d8ac@group-6911E2D50CC5, cid=2416, SUCCESS, logIndex=4075, commits[ffc7b071-00b3-4a69-8de5-2639a1a8d8ac:c4076]
2019-06-12 16:04:59,409 INFO  client.GrpcClientProtocolClient (GrpcClientProtocolClient.java:onNext(254)) - client-7F7296B99608->ffc7b071-00b3-4a69-8de5-2639a1a8d8ac: receive RaftClientReply:client-7F7296B99608->ffc7b071-00b3-4a69-8de5-2639a1a8d8ac@group-6911E2D50CC5, cid=2417, SUCCESS, logIndex=4077, commits[ffc7b071-00b3-4a69-8de5-2639a1a8d8ac:c4077]
2019-06-12 16:04:59,410 INFO  client.GrpcClientProtocolClient (GrpcClientProtocolClient.java:onNext(254)) - client-7F7296B99608->ffc7b071-00b3-4a69-8de5-2639a1a8d8ac: receive RaftClientReply:client-7F7296B99608->ffc7b071-00b3-4a69-8de5-2639a1a8d8ac@group-6911E2D50CC5, cid=2418, SUCCESS, logIndex=4079, commits[ffc7b071-00b3-4a69-8de5-2639a1a8d8ac:c4079]
2019-06-12 16:04:59,411 INFO  client.GrpcClientProtocolClient (GrpcClientProtocolClient.java:onNext(254)) - client-7F7296B99608->ffc7b071-00b3-4a69-8de5-2639a1a8d8ac: receive RaftClientReply:client-7F7296B99608->ffc7b071-00b3-4a69-8de5-2639a1a8d8ac@group-6911E2D50CC5, cid=2419, SUCCESS, logIndex=4080, commits[ffc7b071-00b3-4a69-8de5-2639a1a8d8ac:c4082]
2019-06-12 16:04:59,412 INFO  client.GrpcClientProtocolClient (GrpcClientProtocolClient.java:onNext(254)) - client-7F7296B99608->ffc7b071-00b3-4a69-8de5-2639a1a8d8ac: receive RaftClientReply:client-7F7296B99608->ffc7b071-00b3-4a69-8de5-2639a1a8d8ac@group-6911E2D50CC5, cid=2420, SUCCESS, logIndex=4081, commits[ffc7b071-00b3-4a69-8de5-2639a1a8d8ac:c4082]
2019-06-12 16:04:59,416 INFO  client.GrpcClientProtocolClient (GrpcClientProtocolClient.java:onNext(254)) - client-7F7296B99608->ffc7b071-00b3-4a69-8de5-2639a1a8d8ac: receive RaftClientReply:client-7F7296B99608->ffc7b071-00b3-4a69-8de5-2639a1a8d8ac@group-6911E2D50CC5, cid=2421, SUCCESS, logIndex=4083, commits[ffc7b071-00b3-4a69-8de5-2639a1a8d8ac:c4083]
2019-06-12 16:04:59,417 INFO  client.GrpcClientProtocolClient (GrpcClientProtocolClient.java:onNext(254)) - client-7F7296B99608->ffc7b071-00b3-4a69-8de5-2639a1a8d8ac: receive RaftClientReply:client-7F7296B99608->ffc7b071-00b3-4a69-8de5-2639a1a8d8ac@group-6911E2D50CC5, cid=2422, SUCCESS, logIndex=4085, commits[ffc7b071-00b3-4a69-8de5-2639a1a8d8ac:c4085]
2019-06-12 16:04:59,418 INFO  client.GrpcClientProtocolClient (GrpcClientProtocolClient.java:onNext(254)) - client-7F7296B99608->ffc7b071-00b3-4a69-8de5-2639a1a8d8ac: receive RaftClientReply:client-7F7296B99608->ffc7b071-00b3-4a69-8de5-2639a1a8d8ac@group-6911E2D50CC5, cid=2423, SUCCESS, logIndex=4086, commits[ffc7b071-00b3-4a69-8de5-2639a1a8d8ac:c4088]
2019-06-12 16:04:59,419 INFO  client.GrpcClientProtocolClient (GrpcClientProtocolClient.java:onNext(254)) - client-7F7296B99608->ffc7b071-00b3-4a69-8de5-2639a1a8d8ac: receive RaftClientReply:client-7F7296B99608->ffc7b071-00b3-4a69-8de5-2639a1a8d8ac@group-6911E2D50CC5, cid=2424, SUCCESS, logIndex=4087, commits[ffc7b071-00b3-4a69-8de5-2639a1a8d8ac:c4088]
2019-06-12 16:04:59,710 DEBUG block.SCMBlockDeletingService (SCMBlockDeletingService.java:call(138)) - Running DeletedBlockTransactionScanner
2019-06-12 16:04:59,710 DEBUG block.SCMBlockDeletingService (SCMBlockDeletingService.java:call(155)) - Scanned deleted blocks log and got 0 delTX to process.
2019-06-12 16:04:59,722 INFO  client.GrpcClientProtocolClient (GrpcClientProtocolClient.java:onNext(254)) - client-7F7296B99608->ffc7b071-00b3-4a69-8de5-2639a1a8d8ac: receive RaftClientReply:client-7F7296B99608->ffc7b071-00b3-4a69-8de5-2639a1a8d8ac@group-6911E2D50CC5, cid=2425, SUCCESS, logIndex=4089, commits[ffc7b071-00b3-4a69-8de5-2639a1a8d8ac:c4089]
2019-06-12 16:04:59,724 INFO  client.GrpcClientProtocolClient (GrpcClientProtocolClient.java:onNext(254)) - client-7F7296B99608->ffc7b071-00b3-4a69-8de5-2639a1a8d8ac: receive RaftClientReply:client-7F7296B99608->ffc7b071-00b3-4a69-8de5-2639a1a8d8ac@group-6911E2D50CC5, cid=2426, SUCCESS, logIndex=4091, commits[ffc7b071-00b3-4a69-8de5-2639a1a8d8ac:c4091]
2019-06-12 16:04:59,725 INFO  client.GrpcClientProtocolClient (GrpcClientProtocolClient.java:onNext(254)) - client-7F7296B99608->ffc7b071-00b3-4a69-8de5-2639a1a8d8ac: receive RaftClientReply:client-7F7296B99608->ffc7b071-00b3-4a69-8de5-2639a1a8d8ac@group-6911E2D50CC5, cid=2427, SUCCESS, logIndex=4092, commits[ffc7b071-00b3-4a69-8de5-2639a1a8d8ac:c4094]
2019-06-12 16:04:59,725 INFO  client.GrpcClientProtocolClient (GrpcClientProtocolClient.java:onNext(254)) - client-7F7296B99608->ffc7b071-00b3-4a69-8de5-2639a1a8d8ac: receive RaftClientReply:client-7F7296B99608->ffc7b071-00b3-4a69-8de5-2639a1a8d8ac@group-6911E2D50CC5, cid=2428, SUCCESS, logIndex=4093, commits[ffc7b071-00b3-4a69-8de5-2639a1a8d8ac:c4094]
2019-06-12 16:04:59,731 INFO  client.GrpcClientProtocolClient (GrpcClientProtocolClient.java:onNext(254)) - client-7F7296B99608->ffc7b071-00b3-4a69-8de5-2639a1a8d8ac: receive RaftClientReply:client-7F7296B99608->ffc7b071-00b3-4a69-8de5-2639a1a8d8ac@group-6911E2D50CC5, cid=2429, SUCCESS, logIndex=4095, commits[ffc7b071-00b3-4a69-8de5-2639a1a8d8ac:c4095]
2019-06-12 16:04:59,732 INFO  client.GrpcClientProtocolClient (GrpcClientProtocolClient.java:onNext(254)) - client-7F7296B99608->ffc7b071-00b3-4a69-8de5-2639a1a8d8ac: receive RaftClientReply:client-7F7296B99608->ffc7b071-00b3-4a69-8de5-2639a1a8d8ac@group-6911E2D50CC5, cid=2430, SUCCESS, logIndex=4097, commits[ffc7b071-00b3-4a69-8de5-2639a1a8d8ac:c4097]
2019-06-12 16:04:59,798 INFO  client.GrpcClientProtocolClient (GrpcClientProtocolClient.java:onNext(254)) - client-7F7296B99608->ffc7b071-00b3-4a69-8de5-2639a1a8d8ac: receive RaftClientReply:client-7F7296B99608->ffc7b071-00b3-4a69-8de5-2639a1a8d8ac@group-6911E2D50CC5, cid=2431, SUCCESS, logIndex=4099, commits[ffc7b071-00b3-4a69-8de5-2639a1a8d8ac:c4099]
2019-06-12 16:04:59,799 INFO  client.GrpcClientProtocolClient (GrpcClientProtocolClient.java:onNext(254)) - client-7F7296B99608->ffc7b071-00b3-4a69-8de5-2639a1a8d8ac: receive RaftClientReply:client-7F7296B99608->ffc7b071-00b3-4a69-8de5-2639a1a8d8ac@group-6911E2D50CC5, cid=2432, SUCCESS, logIndex=4101, commits[ffc7b071-00b3-4a69-8de5-2639a1a8d8ac:c4101]
2019-06-12 16:04:59,807 INFO  client.GrpcClientProtocolClient (GrpcClientProtocolClient.java:onNext(254)) - client-7F7296B99608->ffc7b071-00b3-4a69-8de5-2639a1a8d8ac: receive RaftClientReply:client-7F7296B99608->ffc7b071-00b3-4a69-8de5-2639a1a8d8ac@group-6911E2D50CC5, cid=2433, SUCCESS, logIndex=4103, commits[ffc7b071-00b3-4a69-8de5-2639a1a8d8ac:c4103]
2019-06-12 16:04:59,810 DEBUG block.SCMBlockDeletingService (SCMBlockDeletingService.java:call(138)) - Running DeletedBlockTransactionScanner
2019-06-12 16:04:59,811 DEBUG block.SCMBlockDeletingService (SCMBlockDeletingService.java:call(155)) - Scanned deleted blocks log and got 0 delTX to process.
2019-06-12 16:04:59,811 INFO  client.GrpcClientProtocolClient (GrpcClientProtocolClient.java:onNext(254)) - client-7F7296B99608->ffc7b071-00b3-4a69-8de5-2639a1a8d8ac: receive RaftClientReply:client-7F7296B99608->ffc7b071-00b3-4a69-8de5-2639a1a8d8ac@group-6911E2D50CC5, cid=2434, SUCCESS, logIndex=4105, commits[ffc7b071-00b3-4a69-8de5-2639a1a8d8ac:c4105]
2019-06-12 16:04:59,813 INFO  client.GrpcClientProtocolClient (GrpcClientProtocolClient.java:onNext(254)) - client-7F7296B99608->ffc7b071-00b3-4a69-8de5-2639a1a8d8ac: receive RaftClientReply:client-7F7296B99608->ffc7b071-00b3-4a69-8de5-2639a1a8d8ac@group-6911E2D50CC5, cid=2435, SUCCESS, logIndex=4106, commits[ffc7b071-00b3-4a69-8de5-2639a1a8d8ac:c4107]
2019-06-12 16:04:59,813 INFO  client.GrpcClientProtocolClient (GrpcClientProtocolClient.java:onNext(254)) - client-7F7296B99608->ffc7b071-00b3-4a69-8de5-2639a1a8d8ac: receive RaftClientReply:client-7F7296B99608->ffc7b071-00b3-4a69-8de5-2639a1a8d8ac@group-6911E2D50CC5, cid=2436, SUCCESS, logIndex=4107, commits[ffc7b071-00b3-4a69-8de5-2639a1a8d8ac:c4107]
2019-06-12 16:04:59,819 INFO  client.GrpcClientProtocolClient (GrpcClientProtocolClient.java:onNext(254)) - client-7F7296B99608->ffc7b071-00b3-4a69-8de5-2639a1a8d8ac: receive RaftClientReply:client-7F7296B99608->ffc7b071-00b3-4a69-8de5-2639a1a8d8ac@group-6911E2D50CC5, cid=2437, SUCCESS, logIndex=4110, commits[ffc7b071-00b3-4a69-8de5-2639a1a8d8ac:c4111]
2019-06-12 16:04:59,820 INFO  client.GrpcClientProtocolClient (GrpcClientProtocolClient.java:onNext(254)) - client-7F7296B99608->ffc7b071-00b3-4a69-8de5-2639a1a8d8ac: receive RaftClientReply:client-7F7296B99608->ffc7b071-00b3-4a69-8de5-2639a1a8d8ac@group-6911E2D50CC5, cid=2438, SUCCESS, logIndex=4112, commits[ffc7b071-00b3-4a69-8de5-2639a1a8d8ac:c4112]
2019-06-12 16:04:59,821 INFO  client.GrpcClientProtocolClient (GrpcClientProtocolClient.java:onNext(254)) - client-7F7296B99608->ffc7b071-00b3-4a69-8de5-2639a1a8d8ac: receive RaftClientReply:client-7F7296B99608->ffc7b071-00b3-4a69-8de5-2639a1a8d8ac@group-6911E2D50CC5, cid=2439, SUCCESS, logIndex=4113, commits[ffc7b071-00b3-4a69-8de5-2639a1a8d8ac:c4113]
2019-06-12 16:04:59,821 INFO  client.GrpcClientProtocolClient (GrpcClientProtocolClient.java:onNext(254)) - client-7F7296B99608->ffc7b071-00b3-4a69-8de5-2639a1a8d8ac: receive RaftClientReply:client-7F7296B99608->ffc7b071-00b3-4a69-8de5-2639a1a8d8ac@group-6911E2D50CC5, cid=2440, SUCCESS, logIndex=4115, commits[ffc7b071-00b3-4a69-8de5-2639a1a8d8ac:c4115]
2019-06-12 16:04:59,832 INFO  client.GrpcClientProtocolClient (GrpcClientProtocolClient.java:onNext(254)) - client-7F7296B99608->ffc7b071-00b3-4a69-8de5-2639a1a8d8ac: receive RaftClientReply:client-7F7296B99608->ffc7b071-00b3-4a69-8de5-2639a1a8d8ac@group-6911E2D50CC5, cid=2441, SUCCESS, logIndex=4118, commits[ffc7b071-00b3-4a69-8de5-2639a1a8d8ac:c4118]
2019-06-12 16:04:59,833 INFO  client.GrpcClientProtocolClient (GrpcClientProtocolClient.java:onNext(254)) - client-7F7296B99608->ffc7b071-00b3-4a69-8de5-2639a1a8d8ac: receive RaftClientReply:client-7F7296B99608->ffc7b071-00b3-4a69-8de5-2639a1a8d8ac@group-6911E2D50CC5, cid=2442, SUCCESS, logIndex=4120, commits[ffc7b071-00b3-4a69-8de5-2639a1a8d8ac:c4120]
2019-06-12 16:04:59,834 INFO  client.GrpcClientProtocolClient (GrpcClientProtocolClient.java:onNext(254)) - client-7F7296B99608->ffc7b071-00b3-4a69-8de5-2639a1a8d8ac: receive RaftClientReply:client-7F7296B99608->ffc7b071-00b3-4a69-8de5-2639a1a8d8ac@group-6911E2D50CC5, cid=2443, SUCCESS, logIndex=4121, commits[ffc7b071-00b3-4a69-8de5-2639a1a8d8ac:c4123]
2019-06-12 16:04:59,834 INFO  client.GrpcClientProtocolClient (GrpcClientProtocolClient.java:onNext(254)) - client-7F7296B99608->ffc7b071-00b3-4a69-8de5-2639a1a8d8ac: receive RaftClientReply:client-7F7296B99608->ffc7b071-00b3-4a69-8de5-2639a1a8d8ac@group-6911E2D50CC5, cid=2444, SUCCESS, logIndex=4122, commits[ffc7b071-00b3-4a69-8de5-2639a1a8d8ac:c4123]
2019-06-12 16:04:59,839 INFO  client.GrpcClientProtocolClient (GrpcClientProtocolClient.java:onNext(254)) - client-7F7296B99608->ffc7b071-00b3-4a69-8de5-2639a1a8d8ac: receive RaftClientReply:client-7F7296B99608->ffc7b071-00b3-4a69-8de5-2639a1a8d8ac@group-6911E2D50CC5, cid=2445, SUCCESS, logIndex=4124, commits[ffc7b071-00b3-4a69-8de5-2639a1a8d8ac:c4124]
2019-06-12 16:04:59,839 INFO  storage.RaftLogWorker (RaftLogWorker.java:rollLogSegment(303)) - ffc7b071-00b3-4a69-8de5-2639a1a8d8ac-RaftLogWorker: Rolling segment log-4055_4125 to index:4125
2019-06-12 16:04:59,839 INFO  storage.RaftLogWorker (RaftLogWorker.java:execute(433)) - ffc7b071-00b3-4a69-8de5-2639a1a8d8ac-RaftLogWorker: Rolled log segment from /opt/src/hadoop-ozone/integration-test/target/test-dir/MiniOzoneClusterImpl-a1c7246e-c692-4524-ad55-32b507b20431/datanode-0/data/ratis/4417d833-4fb6-4fa2-9413-6911e2d50cc5/current/log_inprogress_4055 to /opt/src/hadoop-ozone/integration-test/target/test-dir/MiniOzoneClusterImpl-a1c7246e-c692-4524-ad55-32b507b20431/datanode-0/data/ratis/4417d833-4fb6-4fa2-9413-6911e2d50cc5/current/log_4055-4125
2019-06-12 16:04:59,874 INFO  storage.RaftLogWorker (RaftLogWorker.java:execute(469)) - ffc7b071-00b3-4a69-8de5-2639a1a8d8ac-RaftLogWorker: created new log segment /opt/src/hadoop-ozone/integration-test/target/test-dir/MiniOzoneClusterImpl-a1c7246e-c692-4524-ad55-32b507b20431/datanode-0/data/ratis/4417d833-4fb6-4fa2-9413-6911e2d50cc5/current/log_inprogress_4126
2019-06-12 16:04:59,876 INFO  client.GrpcClientProtocolClient (GrpcClientProtocolClient.java:onNext(254)) - client-7F7296B99608->ffc7b071-00b3-4a69-8de5-2639a1a8d8ac: receive RaftClientReply:client-7F7296B99608->ffc7b071-00b3-4a69-8de5-2639a1a8d8ac@group-6911E2D50CC5, cid=2446, SUCCESS, logIndex=4126, commits[ffc7b071-00b3-4a69-8de5-2639a1a8d8ac:c4128]
2019-06-12 16:04:59,877 INFO  client.GrpcClientProtocolClient (GrpcClientProtocolClient.java:onNext(254)) - client-7F7296B99608->ffc7b071-00b3-4a69-8de5-2639a1a8d8ac: receive RaftClientReply:client-7F7296B99608->ffc7b071-00b3-4a69-8de5-2639a1a8d8ac@group-6911E2D50CC5, cid=2447, SUCCESS, logIndex=4127, commits[ffc7b071-00b3-4a69-8de5-2639a1a8d8ac:c4129]
2019-06-12 16:04:59,877 INFO  client.GrpcClientProtocolClient (GrpcClientProtocolClient.java:onNext(254)) - client-7F7296B99608->ffc7b071-00b3-4a69-8de5-2639a1a8d8ac: receive RaftClientReply:client-7F7296B99608->ffc7b071-00b3-4a69-8de5-2639a1a8d8ac@group-6911E2D50CC5, cid=2448, SUCCESS, logIndex=4128, commits[ffc7b071-00b3-4a69-8de5-2639a1a8d8ac:c4129]
2019-06-12 16:04:59,890 INFO  client.GrpcClientProtocolClient (GrpcClientProtocolClient.java:onNext(254)) - client-7F7296B99608->ffc7b071-00b3-4a69-8de5-2639a1a8d8ac: receive RaftClientReply:client-7F7296B99608->ffc7b071-00b3-4a69-8de5-2639a1a8d8ac@group-6911E2D50CC5, cid=2449, SUCCESS, logIndex=4130, commits[ffc7b071-00b3-4a69-8de5-2639a1a8d8ac:c4130]
2019-06-12 16:04:59,891 INFO  client.GrpcClientProtocolClient (GrpcClientProtocolClient.java:onNext(254)) - client-7F7296B99608->ffc7b071-00b3-4a69-8de5-2639a1a8d8ac: receive RaftClientReply:client-7F7296B99608->ffc7b071-00b3-4a69-8de5-2639a1a8d8ac@group-6911E2D50CC5, cid=2450, SUCCESS, logIndex=4132, commits[ffc7b071-00b3-4a69-8de5-2639a1a8d8ac:c4132]
2019-06-12 16:04:59,892 INFO  client.GrpcClientProtocolClient (GrpcClientProtocolClient.java:onNext(254)) - client-7F7296B99608->ffc7b071-00b3-4a69-8de5-2639a1a8d8ac: receive RaftClientReply:client-7F7296B99608->ffc7b071-00b3-4a69-8de5-2639a1a8d8ac@group-6911E2D50CC5, cid=2451, SUCCESS, logIndex=4133, commits[ffc7b071-00b3-4a69-8de5-2639a1a8d8ac:c4135]
2019-06-12 16:04:59,892 INFO  client.GrpcClientProtocolClient (GrpcClientProtocolClient.java:onNext(254)) - client-7F7296B99608->ffc7b071-00b3-4a69-8de5-2639a1a8d8ac: receive RaftClientReply:client-7F7296B99608->ffc7b071-00b3-4a69-8de5-2639a1a8d8ac@group-6911E2D50CC5, cid=2452, SUCCESS, logIndex=4134, commits[ffc7b071-00b3-4a69-8de5-2639a1a8d8ac:c4135]
2019-06-12 16:04:59,898 INFO  client.GrpcClientProtocolClient (GrpcClientProtocolClient.java:onNext(254)) - client-7F7296B99608->ffc7b071-00b3-4a69-8de5-2639a1a8d8ac: receive RaftClientReply:client-7F7296B99608->ffc7b071-00b3-4a69-8de5-2639a1a8d8ac@group-6911E2D50CC5, cid=2453, SUCCESS, logIndex=4136, commits[ffc7b071-00b3-4a69-8de5-2639a1a8d8ac:c4136]
2019-06-12 16:04:59,898 INFO  client.GrpcClientProtocolClient (GrpcClientProtocolClient.java:onNext(254)) - client-7F7296B99608->ffc7b071-00b3-4a69-8de5-2639a1a8d8ac: receive RaftClientReply:client-7F7296B99608->ffc7b071-00b3-4a69-8de5-2639a1a8d8ac@group-6911E2D50CC5, cid=2454, SUCCESS, logIndex=4138, commits[ffc7b071-00b3-4a69-8de5-2639a1a8d8ac:c4138]
2019-06-12 16:04:59,900 INFO  client.GrpcClientProtocolClient (GrpcClientProtocolClient.java:onNext(254)) - client-7F7296B99608->ffc7b071-00b3-4a69-8de5-2639a1a8d8ac: receive RaftClientReply:client-7F7296B99608->ffc7b071-00b3-4a69-8de5-2639a1a8d8ac@group-6911E2D50CC5, cid=2455, SUCCESS, logIndex=4140, commits[ffc7b071-00b3-4a69-8de5-2639a1a8d8ac:c4140]
2019-06-12 16:04:59,901 INFO  client.GrpcClientProtocolClient (GrpcClientProtocolClient.java:onNext(254)) - client-7F7296B99608->ffc7b071-00b3-4a69-8de5-2639a1a8d8ac: receive RaftClientReply:client-7F7296B99608->ffc7b071-00b3-4a69-8de5-2639a1a8d8ac@group-6911E2D50CC5, cid=2456, SUCCESS, logIndex=4141, commits[ffc7b071-00b3-4a69-8de5-2639a1a8d8ac:c4141]
2019-06-12 16:04:59,910 INFO  client.GrpcClientProtocolClient (GrpcClientProtocolClient.java:onNext(254)) - client-7F7296B99608->ffc7b071-00b3-4a69-8de5-2639a1a8d8ac: receive RaftClientReply:client-7F7296B99608->ffc7b071-00b3-4a69-8de5-2639a1a8d8ac@group-6911E2D50CC5, cid=2457, SUCCESS, logIndex=4144, commits[ffc7b071-00b3-4a69-8de5-2639a1a8d8ac:c4144]
2019-06-12 16:04:59,911 DEBUG block.SCMBlockDeletingService (SCMBlockDeletingService.java:call(138)) - Running DeletedBlockTransactionScanner
2019-06-12 16:04:59,911 DEBUG block.SCMBlockDeletingService (SCMBlockDeletingService.java:call(155)) - Scanned deleted blocks log and got 0 delTX to process.
2019-06-12 16:04:59,912 INFO  client.GrpcClientProtocolClient (GrpcClientProtocolClient.java:onNext(254)) - client-7F7296B99608->ffc7b071-00b3-4a69-8de5-2639a1a8d8ac: receive RaftClientReply:client-7F7296B99608->ffc7b071-00b3-4a69-8de5-2639a1a8d8ac@group-6911E2D50CC5, cid=2458, SUCCESS, logIndex=4146, commits[ffc7b071-00b3-4a69-8de5-2639a1a8d8ac:c4146]
2019-06-12 16:04:59,912 INFO  client.GrpcClientProtocolClient (GrpcClientProtocolClient.java:onNext(254)) - client-7F7296B99608->ffc7b071-00b3-4a69-8de5-2639a1a8d8ac: receive RaftClientReply:client-7F7296B99608->ffc7b071-00b3-4a69-8de5-2639a1a8d8ac@group-6911E2D50CC5, cid=2459, SUCCESS, logIndex=4147, commits[ffc7b071-00b3-4a69-8de5-2639a1a8d8ac:c4149]
2019-06-12 16:04:59,913 INFO  client.GrpcClientProtocolClient (GrpcClientProtocolClient.java:onNext(254)) - client-7F7296B99608->ffc7b071-00b3-4a69-8de5-2639a1a8d8ac: receive RaftClientReply:client-7F7296B99608->ffc7b071-00b3-4a69-8de5-2639a1a8d8ac@group-6911E2D50CC5, cid=2460, SUCCESS, logIndex=4148, commits[ffc7b071-00b3-4a69-8de5-2639a1a8d8ac:c4149]
2019-06-12 16:04:59,918 INFO  client.GrpcClientProtocolClient (GrpcClientProtocolClient.java:onNext(254)) - client-7F7296B99608->ffc7b071-00b3-4a69-8de5-2639a1a8d8ac: receive RaftClientReply:client-7F7296B99608->ffc7b071-00b3-4a69-8de5-2639a1a8d8ac@group-6911E2D50CC5, cid=2461, SUCCESS, logIndex=4150, commits[ffc7b071-00b3-4a69-8de5-2639a1a8d8ac:c4150]
2019-06-12 16:04:59,919 INFO  client.GrpcClientProtocolClient (GrpcClientProtocolClient.java:onNext(254)) - client-7F7296B99608->ffc7b071-00b3-4a69-8de5-2639a1a8d8ac: receive RaftClientReply:client-7F7296B99608->ffc7b071-00b3-4a69-8de5-2639a1a8d8ac@group-6911E2D50CC5, cid=2462, SUCCESS, logIndex=4152, commits[ffc7b071-00b3-4a69-8de5-2639a1a8d8ac:c4152]
2019-06-12 16:04:59,920 INFO  client.GrpcClientProtocolClient (GrpcClientProtocolClient.java:onNext(254)) - client-7F7296B99608->ffc7b071-00b3-4a69-8de5-2639a1a8d8ac: receive RaftClientReply:client-7F7296B99608->ffc7b071-00b3-4a69-8de5-2639a1a8d8ac@group-6911E2D50CC5, cid=2463, SUCCESS, logIndex=4153, commits[ffc7b071-00b3-4a69-8de5-2639a1a8d8ac:c4155]
2019-06-12 16:04:59,921 INFO  client.GrpcClientProtocolClient (GrpcClientProtocolClient.java:onNext(254)) - client-7F7296B99608->ffc7b071-00b3-4a69-8de5-2639a1a8d8ac: receive RaftClientReply:client-7F7296B99608->ffc7b071-00b3-4a69-8de5-2639a1a8d8ac@group-6911E2D50CC5, cid=2464, SUCCESS, logIndex=4154, commits[ffc7b071-00b3-4a69-8de5-2639a1a8d8ac:c4155]
2019-06-12 16:04:59,929 INFO  client.GrpcClientProtocolClient (GrpcClientProtocolClient.java:onNext(254)) - client-7F7296B99608->ffc7b071-00b3-4a69-8de5-2639a1a8d8ac: receive RaftClientReply:client-7F7296B99608->ffc7b071-00b3-4a69-8de5-2639a1a8d8ac@group-6911E2D50CC5, cid=2465, SUCCESS, logIndex=4156, commits[ffc7b071-00b3-4a69-8de5-2639a1a8d8ac:c4156]
2019-06-12 16:04:59,930 INFO  client.GrpcClientProtocolClient (GrpcClientProtocolClient.java:onNext(254)) - client-7F7296B99608->ffc7b071-00b3-4a69-8de5-2639a1a8d8ac: receive RaftClientReply:client-7F7296B99608->ffc7b071-00b3-4a69-8de5-2639a1a8d8ac@group-6911E2D50CC5, cid=2466, SUCCESS, logIndex=4158, commits[ffc7b071-00b3-4a69-8de5-2639a1a8d8ac:c4158]
2019-06-12 16:04:59,932 INFO  client.GrpcClientProtocolClient (GrpcClientProtocolClient.java:onNext(254)) - client-7F7296B99608->ffc7b071-00b3-4a69-8de5-2639a1a8d8ac: receive RaftClientReply:client-7F7296B99608->ffc7b071-00b3-4a69-8de5-2639a1a8d8ac@group-6911E2D50CC5, cid=2467, SUCCESS, logIndex=4159, commits[ffc7b071-00b3-4a69-8de5-2639a1a8d8ac:c4161]
2019-06-12 16:04:59,932 INFO  client.GrpcClientProtocolClient (GrpcClientProtocolClient.java:onNext(254)) - client-7F7296B99608->ffc7b071-00b3-4a69-8de5-2639a1a8d8ac: receive RaftClientReply:client-7F7296B99608->ffc7b071-00b3-4a69-8de5-2639a1a8d8ac@group-6911E2D50CC5, cid=2468, SUCCESS, logIndex=4160, commits[ffc7b071-00b3-4a69-8de5-2639a1a8d8ac:c4161]
2019-06-12 16:04:59,936 INFO  client.GrpcClientProtocolClient (GrpcClientProtocolClient.java:onNext(254)) - client-7F7296B99608->ffc7b071-00b3-4a69-8de5-2639a1a8d8ac: receive RaftClientReply:client-7F7296B99608->ffc7b071-00b3-4a69-8de5-2639a1a8d8ac@group-6911E2D50CC5, cid=2469, SUCCESS, logIndex=4162, commits[ffc7b071-00b3-4a69-8de5-2639a1a8d8ac:c4162]
2019-06-12 16:04:59,938 INFO  client.GrpcClientProtocolClient (GrpcClientProtocolClient.java:onNext(254)) - client-7F7296B99608->ffc7b071-00b3-4a69-8de5-2639a1a8d8ac: receive RaftClientReply:client-7F7296B99608->ffc7b071-00b3-4a69-8de5-2639a1a8d8ac@group-6911E2D50CC5, cid=2470, SUCCESS, logIndex=4164, commits[ffc7b071-00b3-4a69-8de5-2639a1a8d8ac:c4164]
2019-06-12 16:04:59,939 INFO  client.GrpcClientProtocolClient (GrpcClientProtocolClient.java:onNext(254)) - client-7F7296B99608->ffc7b071-00b3-4a69-8de5-2639a1a8d8ac: receive RaftClientReply:client-7F7296B99608->ffc7b071-00b3-4a69-8de5-2639a1a8d8ac@group-6911E2D50CC5, cid=2471, SUCCESS, logIndex=4165, commits[ffc7b071-00b3-4a69-8de5-2639a1a8d8ac:c4167]
2019-06-12 16:04:59,939 INFO  client.GrpcClientProtocolClient (GrpcClientProtocolClient.java:onNext(254)) - client-7F7296B99608->ffc7b071-00b3-4a69-8de5-2639a1a8d8ac: receive RaftClientReply:client-7F7296B99608->ffc7b071-00b3-4a69-8de5-2639a1a8d8ac@group-6911E2D50CC5, cid=2472, SUCCESS, logIndex=4166, commits[ffc7b071-00b3-4a69-8de5-2639a1a8d8ac:c4167]
2019-06-12 16:04:59,947 INFO  client.GrpcClientProtocolClient (GrpcClientProtocolClient.java:onNext(254)) - client-7F7296B99608->ffc7b071-00b3-4a69-8de5-2639a1a8d8ac: receive RaftClientReply:client-7F7296B99608->ffc7b071-00b3-4a69-8de5-2639a1a8d8ac@group-6911E2D50CC5, cid=2473, SUCCESS, logIndex=4168, commits[ffc7b071-00b3-4a69-8de5-2639a1a8d8ac:c4168]
2019-06-12 16:04:59,948 INFO  client.GrpcClientProtocolClient (GrpcClientProtocolClient.java:onNext(254)) - client-7F7296B99608->ffc7b071-00b3-4a69-8de5-2639a1a8d8ac: receive RaftClientReply:client-7F7296B99608->ffc7b071-00b3-4a69-8de5-2639a1a8d8ac@group-6911E2D50CC5, cid=2474, SUCCESS, logIndex=4170, commits[ffc7b071-00b3-4a69-8de5-2639a1a8d8ac:c4170]
2019-06-12 16:05:00,011 DEBUG block.SCMBlockDeletingService (SCMBlockDeletingService.java:call(138)) - Running DeletedBlockTransactionScanner
2019-06-12 16:05:00,012 DEBUG block.SCMBlockDeletingService (SCMBlockDeletingService.java:call(155)) - Scanned deleted blocks log and got 0 delTX to process.
2019-06-12 16:05:00,019 INFO  client.GrpcClientProtocolClient (GrpcClientProtocolClient.java:onNext(254)) - client-7F7296B99608->ffc7b071-00b3-4a69-8de5-2639a1a8d8ac: receive RaftClientReply:client-7F7296B99608->ffc7b071-00b3-4a69-8de5-2639a1a8d8ac@group-6911E2D50CC5, cid=2475, SUCCESS, logIndex=4172, commits[ffc7b071-00b3-4a69-8de5-2639a1a8d8ac:c4172]
2019-06-12 16:05:00,020 INFO  client.GrpcClientProtocolClient (GrpcClientProtocolClient.java:onNext(254)) - client-7F7296B99608->ffc7b071-00b3-4a69-8de5-2639a1a8d8ac: receive RaftClientReply:client-7F7296B99608->ffc7b071-00b3-4a69-8de5-2639a1a8d8ac@group-6911E2D50CC5, cid=2476, SUCCESS, logIndex=4174, commits[ffc7b071-00b3-4a69-8de5-2639a1a8d8ac:c4174]
2019-06-12 16:05:00,026 INFO  client.GrpcClientProtocolClient (GrpcClientProtocolClient.java:onNext(254)) - client-7F7296B99608->ffc7b071-00b3-4a69-8de5-2639a1a8d8ac: receive RaftClientReply:client-7F7296B99608->ffc7b071-00b3-4a69-8de5-2639a1a8d8ac@group-6911E2D50CC5, cid=2477, SUCCESS, logIndex=4176, commits[ffc7b071-00b3-4a69-8de5-2639a1a8d8ac:c4176]
2019-06-12 16:05:00,028 INFO  client.GrpcClientProtocolClient (GrpcClientProtocolClient.java:onNext(254)) - client-7F7296B99608->ffc7b071-00b3-4a69-8de5-2639a1a8d8ac: receive RaftClientReply:client-7F7296B99608->ffc7b071-00b3-4a69-8de5-2639a1a8d8ac@group-6911E2D50CC5, cid=2478, SUCCESS, logIndex=4178, commits[ffc7b071-00b3-4a69-8de5-2639a1a8d8ac:c4178]
2019-06-12 16:05:00,028 INFO  client.GrpcClientProtocolClient (GrpcClientProtocolClient.java:onNext(254)) - client-7F7296B99608->ffc7b071-00b3-4a69-8de5-2639a1a8d8ac: receive RaftClientReply:client-7F7296B99608->ffc7b071-00b3-4a69-8de5-2639a1a8d8ac@group-6911E2D50CC5, cid=2479, SUCCESS, logIndex=4179, commits[ffc7b071-00b3-4a69-8de5-2639a1a8d8ac:c4181]
2019-06-12 16:05:00,028 INFO  client.GrpcClientProtocolClient (GrpcClientProtocolClient.java:onNext(254)) - client-7F7296B99608->ffc7b071-00b3-4a69-8de5-2639a1a8d8ac: receive RaftClientReply:client-7F7296B99608->ffc7b071-00b3-4a69-8de5-2639a1a8d8ac@group-6911E2D50CC5, cid=2480, SUCCESS, logIndex=4180, commits[ffc7b071-00b3-4a69-8de5-2639a1a8d8ac:c4181]
2019-06-12 16:05:00,038 INFO  client.GrpcClientProtocolClient (GrpcClientProtocolClient.java:onNext(254)) - client-7F7296B99608->ffc7b071-00b3-4a69-8de5-2639a1a8d8ac: receive RaftClientReply:client-7F7296B99608->ffc7b071-00b3-4a69-8de5-2639a1a8d8ac@group-6911E2D50CC5, cid=2481, SUCCESS, logIndex=4182, commits[ffc7b071-00b3-4a69-8de5-2639a1a8d8ac:c4182]
2019-06-12 16:05:00,040 INFO  client.GrpcClientProtocolClient (GrpcClientProtocolClient.java:onNext(254)) - client-7F7296B99608->ffc7b071-00b3-4a69-8de5-2639a1a8d8ac: receive RaftClientReply:client-7F7296B99608->ffc7b071-00b3-4a69-8de5-2639a1a8d8ac@group-6911E2D50CC5, cid=2482, SUCCESS, logIndex=4184, commits[ffc7b071-00b3-4a69-8de5-2639a1a8d8ac:c4184]
2019-06-12 16:05:00,040 INFO  client.GrpcClientProtocolClient (GrpcClientProtocolClient.java:onNext(254)) - client-7F7296B99608->ffc7b071-00b3-4a69-8de5-2639a1a8d8ac: receive RaftClientReply:client-7F7296B99608->ffc7b071-00b3-4a69-8de5-2639a1a8d8ac@group-6911E2D50CC5, cid=2483, SUCCESS, logIndex=4185, commits[ffc7b071-00b3-4a69-8de5-2639a1a8d8ac:c4185]
2019-06-12 16:05:00,041 INFO  client.GrpcClientProtocolClient (GrpcClientProtocolClient.java:onNext(254)) - client-7F7296B99608->ffc7b071-00b3-4a69-8de5-2639a1a8d8ac: receive RaftClientReply:client-7F7296B99608->ffc7b071-00b3-4a69-8de5-2639a1a8d8ac@group-6911E2D50CC5, cid=2484, SUCCESS, logIndex=4187, commits[ffc7b071-00b3-4a69-8de5-2639a1a8d8ac:c4187]
2019-06-12 16:05:00,046 INFO  client.GrpcClientProtocolClient (GrpcClientProtocolClient.java:onNext(254)) - client-7F7296B99608->ffc7b071-00b3-4a69-8de5-2639a1a8d8ac: receive RaftClientReply:client-7F7296B99608->ffc7b071-00b3-4a69-8de5-2639a1a8d8ac@group-6911E2D50CC5, cid=2485, SUCCESS, logIndex=4190, commits[ffc7b071-00b3-4a69-8de5-2639a1a8d8ac:c4190]
2019-06-12 16:05:00,047 INFO  client.GrpcClientProtocolClient (GrpcClientProtocolClient.java:onNext(254)) - client-7F7296B99608->ffc7b071-00b3-4a69-8de5-2639a1a8d8ac: receive RaftClientReply:client-7F7296B99608->ffc7b071-00b3-4a69-8de5-2639a1a8d8ac@group-6911E2D50CC5, cid=2486, SUCCESS, logIndex=4192, commits[ffc7b071-00b3-4a69-8de5-2639a1a8d8ac:c4192]
2019-06-12 16:05:00,048 INFO  client.GrpcClientProtocolClient (GrpcClientProtocolClient.java:onNext(254)) - client-7F7296B99608->ffc7b071-00b3-4a69-8de5-2639a1a8d8ac: receive RaftClientReply:client-7F7296B99608->ffc7b071-00b3-4a69-8de5-2639a1a8d8ac@group-6911E2D50CC5, cid=2487, SUCCESS, logIndex=4193, commits[ffc7b071-00b3-4a69-8de5-2639a1a8d8ac:c4195]
2019-06-12 16:05:00,049 INFO  client.GrpcClientProtocolClient (GrpcClientProtocolClient.java:onNext(254)) - client-7F7296B99608->ffc7b071-00b3-4a69-8de5-2639a1a8d8ac: receive RaftClientReply:client-7F7296B99608->ffc7b071-00b3-4a69-8de5-2639a1a8d8ac@group-6911E2D50CC5, cid=2488, SUCCESS, logIndex=4194, commits[ffc7b071-00b3-4a69-8de5-2639a1a8d8ac:c4195]
2019-06-12 16:05:00,055 INFO  storage.RaftLogWorker (RaftLogWorker.java:rollLogSegment(303)) - ffc7b071-00b3-4a69-8de5-2639a1a8d8ac-RaftLogWorker: Rolling segment log-4126_4195 to index:4195
2019-06-12 16:05:00,055 INFO  storage.RaftLogWorker (RaftLogWorker.java:execute(433)) - ffc7b071-00b3-4a69-8de5-2639a1a8d8ac-RaftLogWorker: Rolled log segment from /opt/src/hadoop-ozone/integration-test/target/test-dir/MiniOzoneClusterImpl-a1c7246e-c692-4524-ad55-32b507b20431/datanode-0/data/ratis/4417d833-4fb6-4fa2-9413-6911e2d50cc5/current/log_inprogress_4126 to /opt/src/hadoop-ozone/integration-test/target/test-dir/MiniOzoneClusterImpl-a1c7246e-c692-4524-ad55-32b507b20431/datanode-0/data/ratis/4417d833-4fb6-4fa2-9413-6911e2d50cc5/current/log_4126-4195
2019-06-12 16:05:00,090 INFO  storage.RaftLogWorker (RaftLogWorker.java:execute(469)) - ffc7b071-00b3-4a69-8de5-2639a1a8d8ac-RaftLogWorker: created new log segment /opt/src/hadoop-ozone/integration-test/target/test-dir/MiniOzoneClusterImpl-a1c7246e-c692-4524-ad55-32b507b20431/datanode-0/data/ratis/4417d833-4fb6-4fa2-9413-6911e2d50cc5/current/log_inprogress_4196
2019-06-12 16:05:00,092 INFO  client.GrpcClientProtocolClient (GrpcClientProtocolClient.java:onNext(254)) - client-7F7296B99608->ffc7b071-00b3-4a69-8de5-2639a1a8d8ac: receive RaftClientReply:client-7F7296B99608->ffc7b071-00b3-4a69-8de5-2639a1a8d8ac@group-6911E2D50CC5, cid=2489, SUCCESS, logIndex=4196, commits[ffc7b071-00b3-4a69-8de5-2639a1a8d8ac:c4196]
2019-06-12 16:05:00,093 INFO  client.GrpcClientProtocolClient (GrpcClientProtocolClient.java:onNext(254)) - client-7F7296B99608->ffc7b071-00b3-4a69-8de5-2639a1a8d8ac: receive RaftClientReply:client-7F7296B99608->ffc7b071-00b3-4a69-8de5-2639a1a8d8ac@group-6911E2D50CC5, cid=2490, SUCCESS, logIndex=4198, commits[ffc7b071-00b3-4a69-8de5-2639a1a8d8ac:c4198]
2019-06-12 16:05:00,094 INFO  client.GrpcClientProtocolClient (GrpcClientProtocolClient.java:onNext(254)) - client-7F7296B99608->ffc7b071-00b3-4a69-8de5-2639a1a8d8ac: receive RaftClientReply:client-7F7296B99608->ffc7b071-00b3-4a69-8de5-2639a1a8d8ac@group-6911E2D50CC5, cid=2491, SUCCESS, logIndex=4199, commits[ffc7b071-00b3-4a69-8de5-2639a1a8d8ac:c4201]
2019-06-12 16:05:00,094 INFO  client.GrpcClientProtocolClient (GrpcClientProtocolClient.java:onNext(254)) - client-7F7296B99608->ffc7b071-00b3-4a69-8de5-2639a1a8d8ac: receive RaftClientReply:client-7F7296B99608->ffc7b071-00b3-4a69-8de5-2639a1a8d8ac@group-6911E2D50CC5, cid=2492, SUCCESS, logIndex=4200, commits[ffc7b071-00b3-4a69-8de5-2639a1a8d8ac:c4201]
2019-06-12 16:05:00,099 INFO  client.GrpcClientProtocolClient (GrpcClientProtocolClient.java:onNext(254)) - client-7F7296B99608->ffc7b071-00b3-4a69-8de5-2639a1a8d8ac: receive RaftClientReply:client-7F7296B99608->ffc7b071-00b3-4a69-8de5-2639a1a8d8ac@group-6911E2D50CC5, cid=2493, SUCCESS, logIndex=4202, commits[ffc7b071-00b3-4a69-8de5-2639a1a8d8ac:c4202]
2019-06-12 16:05:00,100 INFO  client.GrpcClientProtocolClient (GrpcClientProtocolClient.java:onNext(254)) - client-7F7296B99608->ffc7b071-00b3-4a69-8de5-2639a1a8d8ac: receive RaftClientReply:client-7F7296B99608->ffc7b071-00b3-4a69-8de5-2639a1a8d8ac@group-6911E2D50CC5, cid=2494, SUCCESS, logIndex=4204, commits[ffc7b071-00b3-4a69-8de5-2639a1a8d8ac:c4204]
2019-06-12 16:05:00,101 INFO  client.GrpcClientProtocolClient (GrpcClientProtocolClient.java:onNext(254)) - client-7F7296B99608->ffc7b071-00b3-4a69-8de5-2639a1a8d8ac: receive RaftClientReply:client-7F7296B99608->ffc7b071-00b3-4a69-8de5-2639a1a8d8ac@group-6911E2D50CC5, cid=2495, SUCCESS, logIndex=4205, commits[ffc7b071-00b3-4a69-8de5-2639a1a8d8ac:c4207]
2019-06-12 16:05:00,101 INFO  client.GrpcClientProtocolClient (GrpcClientProtocolClient.java:onNext(254)) - client-7F7296B99608->ffc7b071-00b3-4a69-8de5-2639a1a8d8ac: receive RaftClientReply:client-7F7296B99608->ffc7b071-00b3-4a69-8de5-2639a1a8d8ac@group-6911E2D50CC5, cid=2496, SUCCESS, logIndex=4206, commits[ffc7b071-00b3-4a69-8de5-2639a1a8d8ac:c4207]
2019-06-12 16:05:00,110 INFO  client.GrpcClientProtocolClient (GrpcClientProtocolClient.java:onNext(254)) - client-7F7296B99608->ffc7b071-00b3-4a69-8de5-2639a1a8d8ac: receive RaftClientReply:client-7F7296B99608->ffc7b071-00b3-4a69-8de5-2639a1a8d8ac@group-6911E2D50CC5, cid=2497, SUCCESS, logIndex=4208, commits[ffc7b071-00b3-4a69-8de5-2639a1a8d8ac:c4208]
2019-06-12 16:05:00,111 INFO  client.GrpcClientProtocolClient (GrpcClientProtocolClient.java:onNext(254)) - client-7F7296B99608->ffc7b071-00b3-4a69-8de5-2639a1a8d8ac: receive RaftClientReply:client-7F7296B99608->ffc7b071-00b3-4a69-8de5-2639a1a8d8ac@group-6911E2D50CC5, cid=2498, SUCCESS, logIndex=4210, commits[ffc7b071-00b3-4a69-8de5-2639a1a8d8ac:c4210]
2019-06-12 16:05:00,112 DEBUG block.SCMBlockDeletingService (SCMBlockDeletingService.java:call(138)) - Running DeletedBlockTransactionScanner
2019-06-12 16:05:00,112 DEBUG block.SCMBlockDeletingService (SCMBlockDeletingService.java:call(155)) - Scanned deleted blocks log and got 0 delTX to process.
2019-06-12 16:05:00,112 INFO  client.GrpcClientProtocolClient (GrpcClientProtocolClient.java:onNext(254)) - client-7F7296B99608->ffc7b071-00b3-4a69-8de5-2639a1a8d8ac: receive RaftClientReply:client-7F7296B99608->ffc7b071-00b3-4a69-8de5-2639a1a8d8ac@group-6911E2D50CC5, cid=2499, SUCCESS, logIndex=4211, commits[ffc7b071-00b3-4a69-8de5-2639a1a8d8ac:c4213]
2019-06-12 16:05:00,112 INFO  client.GrpcClientProtocolClient (GrpcClientProtocolClient.java:onNext(254)) - client-7F7296B99608->ffc7b071-00b3-4a69-8de5-2639a1a8d8ac: receive RaftClientReply:client-7F7296B99608->ffc7b071-00b3-4a69-8de5-2639a1a8d8ac@group-6911E2D50CC5, cid=2500, SUCCESS, logIndex=4212, commits[ffc7b071-00b3-4a69-8de5-2639a1a8d8ac:c4213]
2019-06-12 16:05:00,117 INFO  client.GrpcClientProtocolClient (GrpcClientProtocolClient.java:onNext(254)) - client-7F7296B99608->ffc7b071-00b3-4a69-8de5-2639a1a8d8ac: receive RaftClientReply:client-7F7296B99608->ffc7b071-00b3-4a69-8de5-2639a1a8d8ac@group-6911E2D50CC5, cid=2501, SUCCESS, logIndex=4214, commits[ffc7b071-00b3-4a69-8de5-2639a1a8d8ac:c4214]
2019-06-12 16:05:00,118 INFO  client.GrpcClientProtocolClient (GrpcClientProtocolClient.java:onNext(254)) - client-7F7296B99608->ffc7b071-00b3-4a69-8de5-2639a1a8d8ac: receive RaftClientReply:client-7F7296B99608->ffc7b071-00b3-4a69-8de5-2639a1a8d8ac@group-6911E2D50CC5, cid=2502, SUCCESS, logIndex=4216, commits[ffc7b071-00b3-4a69-8de5-2639a1a8d8ac:c4216]
2019-06-12 16:05:00,119 INFO  client.GrpcClientProtocolClient (GrpcClientProtocolClient.java:onNext(254)) - client-7F7296B99608->ffc7b071-00b3-4a69-8de5-2639a1a8d8ac: receive RaftClientReply:client-7F7296B99608->ffc7b071-00b3-4a69-8de5-2639a1a8d8ac@group-6911E2D50CC5, cid=2503, SUCCESS, logIndex=4217, commits[ffc7b071-00b3-4a69-8de5-2639a1a8d8ac:c4219]
2019-06-12 16:05:00,119 INFO  client.GrpcClientProtocolClient (GrpcClientProtocolClient.java:onNext(254)) - client-7F7296B99608->ffc7b071-00b3-4a69-8de5-2639a1a8d8ac: receive RaftClientReply:client-7F7296B99608->ffc7b071-00b3-4a69-8de5-2639a1a8d8ac@group-6911E2D50CC5, cid=2504, SUCCESS, logIndex=4218, commits[ffc7b071-00b3-4a69-8de5-2639a1a8d8ac:c4219]
2019-06-12 16:05:00,128 INFO  client.GrpcClientProtocolClient (GrpcClientProtocolClient.java:onNext(254)) - client-7F7296B99608->ffc7b071-00b3-4a69-8de5-2639a1a8d8ac: receive RaftClientReply:client-7F7296B99608->ffc7b071-00b3-4a69-8de5-2639a1a8d8ac@group-6911E2D50CC5, cid=2505, SUCCESS, logIndex=4220, commits[ffc7b071-00b3-4a69-8de5-2639a1a8d8ac:c4220]
2019-06-12 16:05:00,130 INFO  client.GrpcClientProtocolClient (GrpcClientProtocolClient.java:onNext(254)) - client-7F7296B99608->ffc7b071-00b3-4a69-8de5-2639a1a8d8ac: receive RaftClientReply:client-7F7296B99608->ffc7b071-00b3-4a69-8de5-2639a1a8d8ac@group-6911E2D50CC5, cid=2506, SUCCESS, logIndex=4222, commits[ffc7b071-00b3-4a69-8de5-2639a1a8d8ac:c4224]
2019-06-12 16:05:00,131 INFO  client.GrpcClientProtocolClient (GrpcClientProtocolClient.java:onNext(254)) - client-7F7296B99608->ffc7b071-00b3-4a69-8de5-2639a1a8d8ac: receive RaftClientReply:client-7F7296B99608->ffc7b071-00b3-4a69-8de5-2639a1a8d8ac@group-6911E2D50CC5, cid=2507, SUCCESS, logIndex=4223, commits[ffc7b071-00b3-4a69-8de5-2639a1a8d8ac:c4224]
2019-06-12 16:05:00,131 INFO  client.GrpcClientProtocolClient (GrpcClientProtocolClient.java:onNext(254)) - client-7F7296B99608->ffc7b071-00b3-4a69-8de5-2639a1a8d8ac: receive RaftClientReply:client-7F7296B99608->ffc7b071-00b3-4a69-8de5-2639a1a8d8ac@group-6911E2D50CC5, cid=2508, SUCCESS, logIndex=4224, commits[ffc7b071-00b3-4a69-8de5-2639a1a8d8ac:c4224]
2019-06-12 16:05:00,136 INFO  client.GrpcClientProtocolClient (GrpcClientProtocolClient.java:onNext(254)) - client-7F7296B99608->ffc7b071-00b3-4a69-8de5-2639a1a8d8ac: receive RaftClientReply:client-7F7296B99608->ffc7b071-00b3-4a69-8de5-2639a1a8d8ac@group-6911E2D50CC5, cid=2509, SUCCESS, logIndex=4226, commits[ffc7b071-00b3-4a69-8de5-2639a1a8d8ac:c4226]
2019-06-12 16:05:00,137 INFO  client.GrpcClientProtocolClient (GrpcClientProtocolClient.java:onNext(254)) - client-7F7296B99608->ffc7b071-00b3-4a69-8de5-2639a1a8d8ac: receive RaftClientReply:client-7F7296B99608->ffc7b071-00b3-4a69-8de5-2639a1a8d8ac@group-6911E2D50CC5, cid=2510, SUCCESS, logIndex=4228, commits[ffc7b071-00b3-4a69-8de5-2639a1a8d8ac:c4228]
2019-06-12 16:05:00,138 INFO  client.GrpcClientProtocolClient (GrpcClientProtocolClient.java:onNext(254)) - client-7F7296B99608->ffc7b071-00b3-4a69-8de5-2639a1a8d8ac: receive RaftClientReply:client-7F7296B99608->ffc7b071-00b3-4a69-8de5-2639a1a8d8ac@group-6911E2D50CC5, cid=2511, SUCCESS, logIndex=4229, commits[ffc7b071-00b3-4a69-8de5-2639a1a8d8ac:c4231]
2019-06-12 16:05:00,139 INFO  client.GrpcClientProtocolClient (GrpcClientProtocolClient.java:onNext(254)) - client-7F7296B99608->ffc7b071-00b3-4a69-8de5-2639a1a8d8ac: receive RaftClientReply:client-7F7296B99608->ffc7b071-00b3-4a69-8de5-2639a1a8d8ac@group-6911E2D50CC5, cid=2512, SUCCESS, logIndex=4230, commits[ffc7b071-00b3-4a69-8de5-2639a1a8d8ac:c4231]
2019-06-12 16:05:00,191 INFO  client.GrpcClientProtocolClient (GrpcClientProtocolClient.java:onNext(254)) - client-7F7296B99608->ffc7b071-00b3-4a69-8de5-2639a1a8d8ac: receive RaftClientReply:client-7F7296B99608->ffc7b071-00b3-4a69-8de5-2639a1a8d8ac@group-6911E2D50CC5, cid=2513, SUCCESS, logIndex=4232, commits[ffc7b071-00b3-4a69-8de5-2639a1a8d8ac:c4232]
2019-06-12 16:05:00,193 INFO  client.GrpcClientProtocolClient (GrpcClientProtocolClient.java:onNext(254)) - client-7F7296B99608->ffc7b071-00b3-4a69-8de5-2639a1a8d8ac: receive RaftClientReply:client-7F7296B99608->ffc7b071-00b3-4a69-8de5-2639a1a8d8ac@group-6911E2D50CC5, cid=2514, SUCCESS, logIndex=4234, commits[ffc7b071-00b3-4a69-8de5-2639a1a8d8ac:c4234]
2019-06-12 16:05:00,194 INFO  client.GrpcClientProtocolClient (GrpcClientProtocolClient.java:onNext(254)) - client-7F7296B99608->ffc7b071-00b3-4a69-8de5-2639a1a8d8ac: receive RaftClientReply:client-7F7296B99608->ffc7b071-00b3-4a69-8de5-2639a1a8d8ac@group-6911E2D50CC5, cid=2515, SUCCESS, logIndex=4235, commits[ffc7b071-00b3-4a69-8de5-2639a1a8d8ac:c4237]
2019-06-12 16:05:00,194 INFO  client.GrpcClientProtocolClient (GrpcClientProtocolClient.java:onNext(254)) - client-7F7296B99608->ffc7b071-00b3-4a69-8de5-2639a1a8d8ac: receive RaftClientReply:client-7F7296B99608->ffc7b071-00b3-4a69-8de5-2639a1a8d8ac@group-6911E2D50CC5, cid=2516, SUCCESS, logIndex=4236, commits[ffc7b071-00b3-4a69-8de5-2639a1a8d8ac:c4237]
2019-06-12 16:05:00,199 INFO  client.GrpcClientProtocolClient (GrpcClientProtocolClient.java:onNext(254)) - client-7F7296B99608->ffc7b071-00b3-4a69-8de5-2639a1a8d8ac: receive RaftClientReply:client-7F7296B99608->ffc7b071-00b3-4a69-8de5-2639a1a8d8ac@group-6911E2D50CC5, cid=2517, SUCCESS, logIndex=4238, commits[ffc7b071-00b3-4a69-8de5-2639a1a8d8ac:c4238]
2019-06-12 16:05:00,200 INFO  client.GrpcClientProtocolClient (GrpcClientProtocolClient.java:onNext(254)) - client-7F7296B99608->ffc7b071-00b3-4a69-8de5-2639a1a8d8ac: receive RaftClientReply:client-7F7296B99608->ffc7b071-00b3-4a69-8de5-2639a1a8d8ac@group-6911E2D50CC5, cid=2518, SUCCESS, logIndex=4240, commits[ffc7b071-00b3-4a69-8de5-2639a1a8d8ac:c4240]
2019-06-12 16:05:00,212 DEBUG block.SCMBlockDeletingService (SCMBlockDeletingService.java:call(138)) - Running DeletedBlockTransactionScanner
2019-06-12 16:05:00,212 DEBUG block.SCMBlockDeletingService (SCMBlockDeletingService.java:call(155)) - Scanned deleted blocks log and got 0 delTX to process.
2019-06-12 16:05:00,266 INFO  client.GrpcClientProtocolClient (GrpcClientProtocolClient.java:onNext(254)) - client-7F7296B99608->ffc7b071-00b3-4a69-8de5-2639a1a8d8ac: receive RaftClientReply:client-7F7296B99608->ffc7b071-00b3-4a69-8de5-2639a1a8d8ac@group-6911E2D50CC5, cid=2519, SUCCESS, logIndex=4242, commits[ffc7b071-00b3-4a69-8de5-2639a1a8d8ac:c4242]
2019-06-12 16:05:00,267 INFO  client.GrpcClientProtocolClient (GrpcClientProtocolClient.java:onNext(254)) - client-7F7296B99608->ffc7b071-00b3-4a69-8de5-2639a1a8d8ac: receive RaftClientReply:client-7F7296B99608->ffc7b071-00b3-4a69-8de5-2639a1a8d8ac@group-6911E2D50CC5, cid=2520, SUCCESS, logIndex=4244, commits[ffc7b071-00b3-4a69-8de5-2639a1a8d8ac:c4244]
2019-06-12 16:05:00,277 INFO  client.GrpcClientProtocolClient (GrpcClientProtocolClient.java:onNext(254)) - client-7F7296B99608->ffc7b071-00b3-4a69-8de5-2639a1a8d8ac: receive RaftClientReply:client-7F7296B99608->ffc7b071-00b3-4a69-8de5-2639a1a8d8ac@group-6911E2D50CC5, cid=2521, SUCCESS, logIndex=4246, commits[ffc7b071-00b3-4a69-8de5-2639a1a8d8ac:c4246]
2019-06-12 16:05:00,278 INFO  client.GrpcClientProtocolClient (GrpcClientProtocolClient.java:onNext(254)) - client-7F7296B99608->ffc7b071-00b3-4a69-8de5-2639a1a8d8ac: receive RaftClientReply:client-7F7296B99608->ffc7b071-00b3-4a69-8de5-2639a1a8d8ac@group-6911E2D50CC5, cid=2522, SUCCESS, logIndex=4248, commits[ffc7b071-00b3-4a69-8de5-2639a1a8d8ac:c4248]
2019-06-12 16:05:00,281 INFO  client.GrpcClientProtocolClient (GrpcClientProtocolClient.java:onNext(254)) - client-7F7296B99608->ffc7b071-00b3-4a69-8de5-2639a1a8d8ac: receive RaftClientReply:client-7F7296B99608->ffc7b071-00b3-4a69-8de5-2639a1a8d8ac@group-6911E2D50CC5, cid=2523, SUCCESS, logIndex=4250, commits[ffc7b071-00b3-4a69-8de5-2639a1a8d8ac:c4250]
2019-06-12 16:05:00,283 INFO  client.GrpcClientProtocolClient (GrpcClientProtocolClient.java:onNext(254)) - client-7F7296B99608->ffc7b071-00b3-4a69-8de5-2639a1a8d8ac: receive RaftClientReply:client-7F7296B99608->ffc7b071-00b3-4a69-8de5-2639a1a8d8ac@group-6911E2D50CC5, cid=2524, SUCCESS, logIndex=4252, commits[ffc7b071-00b3-4a69-8de5-2639a1a8d8ac:c4252]
2019-06-12 16:05:00,288 INFO  client.GrpcClientProtocolClient (GrpcClientProtocolClient.java:onNext(254)) - client-7F7296B99608->ffc7b071-00b3-4a69-8de5-2639a1a8d8ac: receive RaftClientReply:client-7F7296B99608->ffc7b071-00b3-4a69-8de5-2639a1a8d8ac@group-6911E2D50CC5, cid=2525, SUCCESS, logIndex=4254, commits[ffc7b071-00b3-4a69-8de5-2639a1a8d8ac:c4254]
2019-06-12 16:05:00,289 INFO  client.GrpcClientProtocolClient (GrpcClientProtocolClient.java:onNext(254)) - client-7F7296B99608->ffc7b071-00b3-4a69-8de5-2639a1a8d8ac: receive RaftClientReply:client-7F7296B99608->ffc7b071-00b3-4a69-8de5-2639a1a8d8ac@group-6911E2D50CC5, cid=2526, SUCCESS, logIndex=4256, commits[ffc7b071-00b3-4a69-8de5-2639a1a8d8ac:c4256]
2019-06-12 16:05:00,290 INFO  client.GrpcClientProtocolClient (GrpcClientProtocolClient.java:onNext(254)) - client-7F7296B99608->ffc7b071-00b3-4a69-8de5-2639a1a8d8ac: receive RaftClientReply:client-7F7296B99608->ffc7b071-00b3-4a69-8de5-2639a1a8d8ac@group-6911E2D50CC5, cid=2527, SUCCESS, logIndex=4257, commits[ffc7b071-00b3-4a69-8de5-2639a1a8d8ac:c4259]
2019-06-12 16:05:00,290 INFO  client.GrpcClientProtocolClient (GrpcClientProtocolClient.java:onNext(254)) - client-7F7296B99608->ffc7b071-00b3-4a69-8de5-2639a1a8d8ac: receive RaftClientReply:client-7F7296B99608->ffc7b071-00b3-4a69-8de5-2639a1a8d8ac@group-6911E2D50CC5, cid=2528, SUCCESS, logIndex=4258, commits[ffc7b071-00b3-4a69-8de5-2639a1a8d8ac:c4259]
2019-06-12 16:05:00,300 INFO  client.GrpcClientProtocolClient (GrpcClientProtocolClient.java:onNext(254)) - client-7F7296B99608->ffc7b071-00b3-4a69-8de5-2639a1a8d8ac: receive RaftClientReply:client-7F7296B99608->ffc7b071-00b3-4a69-8de5-2639a1a8d8ac@group-6911E2D50CC5, cid=2529, SUCCESS, logIndex=4260, commits[ffc7b071-00b3-4a69-8de5-2639a1a8d8ac:c4260]
2019-06-12 16:05:00,301 INFO  client.GrpcClientProtocolClient (GrpcClientProtocolClient.java:onNext(254)) - client-7F7296B99608->ffc7b071-00b3-4a69-8de5-2639a1a8d8ac: receive RaftClientReply:client-7F7296B99608->ffc7b071-00b3-4a69-8de5-2639a1a8d8ac@group-6911E2D50CC5, cid=2530, SUCCESS, logIndex=4262, commits[ffc7b071-00b3-4a69-8de5-2639a1a8d8ac:c4262]
2019-06-12 16:05:00,302 INFO  client.GrpcClientProtocolClient (GrpcClientProtocolClient.java:onNext(254)) - client-7F7296B99608->ffc7b071-00b3-4a69-8de5-2639a1a8d8ac: receive RaftClientReply:client-7F7296B99608->ffc7b071-00b3-4a69-8de5-2639a1a8d8ac@group-6911E2D50CC5, cid=2531, SUCCESS, logIndex=4263, commits[ffc7b071-00b3-4a69-8de5-2639a1a8d8ac:c4265]
2019-06-12 16:05:00,303 INFO  client.GrpcClientProtocolClient (GrpcClientProtocolClient.java:onNext(254)) - client-7F7296B99608->ffc7b071-00b3-4a69-8de5-2639a1a8d8ac: receive RaftClientReply:client-7F7296B99608->ffc7b071-00b3-4a69-8de5-2639a1a8d8ac@group-6911E2D50CC5, cid=2532, SUCCESS, logIndex=4264, commits[ffc7b071-00b3-4a69-8de5-2639a1a8d8ac:c4265]
2019-06-12 16:05:00,306 INFO  storage.RaftLogWorker (RaftLogWorker.java:rollLogSegment(303)) - ffc7b071-00b3-4a69-8de5-2639a1a8d8ac-RaftLogWorker: Rolling segment log-4196_4265 to index:4265
2019-06-12 16:05:00,306 INFO  storage.RaftLogWorker (RaftLogWorker.java:execute(433)) - ffc7b071-00b3-4a69-8de5-2639a1a8d8ac-RaftLogWorker: Rolled log segment from /opt/src/hadoop-ozone/integration-test/target/test-dir/MiniOzoneClusterImpl-a1c7246e-c692-4524-ad55-32b507b20431/datanode-0/data/ratis/4417d833-4fb6-4fa2-9413-6911e2d50cc5/current/log_inprogress_4196 to /opt/src/hadoop-ozone/integration-test/target/test-dir/MiniOzoneClusterImpl-a1c7246e-c692-4524-ad55-32b507b20431/datanode-0/data/ratis/4417d833-4fb6-4fa2-9413-6911e2d50cc5/current/log_4196-4265
2019-06-12 16:05:00,313 DEBUG block.SCMBlockDeletingService (SCMBlockDeletingService.java:call(138)) - Running DeletedBlockTransactionScanner
2019-06-12 16:05:00,313 DEBUG block.SCMBlockDeletingService (SCMBlockDeletingService.java:call(155)) - Scanned deleted blocks log and got 0 delTX to process.
2019-06-12 16:05:00,342 INFO  storage.RaftLogWorker (RaftLogWorker.java:execute(469)) - ffc7b071-00b3-4a69-8de5-2639a1a8d8ac-RaftLogWorker: created new log segment /opt/src/hadoop-ozone/integration-test/target/test-dir/MiniOzoneClusterImpl-a1c7246e-c692-4524-ad55-32b507b20431/datanode-0/data/ratis/4417d833-4fb6-4fa2-9413-6911e2d50cc5/current/log_inprogress_4266
2019-06-12 16:05:00,344 INFO  client.GrpcClientProtocolClient (GrpcClientProtocolClient.java:onNext(254)) - client-7F7296B99608->ffc7b071-00b3-4a69-8de5-2639a1a8d8ac: receive RaftClientReply:client-7F7296B99608->ffc7b071-00b3-4a69-8de5-2639a1a8d8ac@group-6911E2D50CC5, cid=2533, SUCCESS, logIndex=4266, commits[ffc7b071-00b3-4a69-8de5-2639a1a8d8ac:c4266]
2019-06-12 16:05:00,345 INFO  client.GrpcClientProtocolClient (GrpcClientProtocolClient.java:onNext(254)) - client-7F7296B99608->ffc7b071-00b3-4a69-8de5-2639a1a8d8ac: receive RaftClientReply:client-7F7296B99608->ffc7b071-00b3-4a69-8de5-2639a1a8d8ac@group-6911E2D50CC5, cid=2534, SUCCESS, logIndex=4268, commits[ffc7b071-00b3-4a69-8de5-2639a1a8d8ac:c4268]
2019-06-12 16:05:00,346 INFO  client.GrpcClientProtocolClient (GrpcClientProtocolClient.java:onNext(254)) - client-7F7296B99608->ffc7b071-00b3-4a69-8de5-2639a1a8d8ac: receive RaftClientReply:client-7F7296B99608->ffc7b071-00b3-4a69-8de5-2639a1a8d8ac@group-6911E2D50CC5, cid=2535, SUCCESS, logIndex=4269, commits[ffc7b071-00b3-4a69-8de5-2639a1a8d8ac:c4271]
2019-06-12 16:05:00,348 INFO  client.GrpcClientProtocolClient (GrpcClientProtocolClient.java:onNext(254)) - client-7F7296B99608->ffc7b071-00b3-4a69-8de5-2639a1a8d8ac: receive RaftClientReply:client-7F7296B99608->ffc7b071-00b3-4a69-8de5-2639a1a8d8ac@group-6911E2D50CC5, cid=2536, SUCCESS, logIndex=4271, commits[ffc7b071-00b3-4a69-8de5-2639a1a8d8ac:c4271]
2019-06-12 16:05:00,360 INFO  client.GrpcClientProtocolClient (GrpcClientProtocolClient.java:onNext(254)) - client-7F7296B99608->ffc7b071-00b3-4a69-8de5-2639a1a8d8ac: receive RaftClientReply:client-7F7296B99608->ffc7b071-00b3-4a69-8de5-2639a1a8d8ac@group-6911E2D50CC5, cid=2537, SUCCESS, logIndex=4273, commits[ffc7b071-00b3-4a69-8de5-2639a1a8d8ac:c4273]
2019-06-12 16:05:00,361 INFO  client.GrpcClientProtocolClient (GrpcClientProtocolClient.java:onNext(254)) - client-7F7296B99608->ffc7b071-00b3-4a69-8de5-2639a1a8d8ac: receive RaftClientReply:client-7F7296B99608->ffc7b071-00b3-4a69-8de5-2639a1a8d8ac@group-6911E2D50CC5, cid=2538, SUCCESS, logIndex=4275, commits[ffc7b071-00b3-4a69-8de5-2639a1a8d8ac:c4275]
2019-06-12 16:05:00,362 INFO  client.GrpcClientProtocolClient (GrpcClientProtocolClient.java:onNext(254)) - client-7F7296B99608->ffc7b071-00b3-4a69-8de5-2639a1a8d8ac: receive RaftClientReply:client-7F7296B99608->ffc7b071-00b3-4a69-8de5-2639a1a8d8ac@group-6911E2D50CC5, cid=2539, SUCCESS, logIndex=4276, commits[ffc7b071-00b3-4a69-8de5-2639a1a8d8ac:c4278]
2019-06-12 16:05:00,362 INFO  client.GrpcClientProtocolClient (GrpcClientProtocolClient.java:onNext(254)) - client-7F7296B99608->ffc7b071-00b3-4a69-8de5-2639a1a8d8ac: receive RaftClientReply:client-7F7296B99608->ffc7b071-00b3-4a69-8de5-2639a1a8d8ac@group-6911E2D50CC5, cid=2540, SUCCESS, logIndex=4277, commits[ffc7b071-00b3-4a69-8de5-2639a1a8d8ac:c4278]
2019-06-12 16:05:00,367 INFO  client.GrpcClientProtocolClient (GrpcClientProtocolClient.java:onNext(254)) - client-7F7296B99608->ffc7b071-00b3-4a69-8de5-2639a1a8d8ac: receive RaftClientReply:client-7F7296B99608->ffc7b071-00b3-4a69-8de5-2639a1a8d8ac@group-6911E2D50CC5, cid=2541, SUCCESS, logIndex=4279, commits[ffc7b071-00b3-4a69-8de5-2639a1a8d8ac:c4279]
2019-06-12 16:05:00,368 INFO  client.GrpcClientProtocolClient (GrpcClientProtocolClient.java:onNext(254)) - client-7F7296B99608->ffc7b071-00b3-4a69-8de5-2639a1a8d8ac: receive RaftClientReply:client-7F7296B99608->ffc7b071-00b3-4a69-8de5-2639a1a8d8ac@group-6911E2D50CC5, cid=2542, SUCCESS, logIndex=4281, commits[ffc7b071-00b3-4a69-8de5-2639a1a8d8ac:c4281]
2019-06-12 16:05:00,370 INFO  client.GrpcClientProtocolClient (GrpcClientProtocolClient.java:onNext(254)) - client-7F7296B99608->ffc7b071-00b3-4a69-8de5-2639a1a8d8ac: receive RaftClientReply:client-7F7296B99608->ffc7b071-00b3-4a69-8de5-2639a1a8d8ac@group-6911E2D50CC5, cid=2543, SUCCESS, logIndex=4282, commits[ffc7b071-00b3-4a69-8de5-2639a1a8d8ac:c4284]
2019-06-12 16:05:00,370 INFO  client.GrpcClientProtocolClient (GrpcClientProtocolClient.java:onNext(254)) - client-7F7296B99608->ffc7b071-00b3-4a69-8de5-2639a1a8d8ac: receive RaftClientReply:client-7F7296B99608->ffc7b071-00b3-4a69-8de5-2639a1a8d8ac@group-6911E2D50CC5, cid=2544, SUCCESS, logIndex=4283, commits[ffc7b071-00b3-4a69-8de5-2639a1a8d8ac:c4284]
2019-06-12 16:05:00,378 INFO  client.GrpcClientProtocolClient (GrpcClientProtocolClient.java:onNext(254)) - client-7F7296B99608->ffc7b071-00b3-4a69-8de5-2639a1a8d8ac: receive RaftClientReply:client-7F7296B99608->ffc7b071-00b3-4a69-8de5-2639a1a8d8ac@group-6911E2D50CC5, cid=2545, SUCCESS, logIndex=4285, commits[ffc7b071-00b3-4a69-8de5-2639a1a8d8ac:c4285]
2019-06-12 16:05:00,380 INFO  client.GrpcClientProtocolClient (GrpcClientProtocolClient.java:onNext(254)) - client-7F7296B99608->ffc7b071-00b3-4a69-8de5-2639a1a8d8ac: receive RaftClientReply:client-7F7296B99608->ffc7b071-00b3-4a69-8de5-2639a1a8d8ac@group-6911E2D50CC5, cid=2546, SUCCESS, logIndex=4287, commits[ffc7b071-00b3-4a69-8de5-2639a1a8d8ac:c4287]
2019-06-12 16:05:00,381 INFO  client.GrpcClientProtocolClient (GrpcClientProtocolClient.java:onNext(254)) - client-7F7296B99608->ffc7b071-00b3-4a69-8de5-2639a1a8d8ac: receive RaftClientReply:client-7F7296B99608->ffc7b071-00b3-4a69-8de5-2639a1a8d8ac@group-6911E2D50CC5, cid=2547, SUCCESS, logIndex=4288, commits[ffc7b071-00b3-4a69-8de5-2639a1a8d8ac:c4290]
2019-06-12 16:05:00,381 INFO  client.GrpcClientProtocolClient (GrpcClientProtocolClient.java:onNext(254)) - client-7F7296B99608->ffc7b071-00b3-4a69-8de5-2639a1a8d8ac: receive RaftClientReply:client-7F7296B99608->ffc7b071-00b3-4a69-8de5-2639a1a8d8ac@group-6911E2D50CC5, cid=2548, SUCCESS, logIndex=4289, commits[ffc7b071-00b3-4a69-8de5-2639a1a8d8ac:c4290]
2019-06-12 16:05:00,386 INFO  client.GrpcClientProtocolClient (GrpcClientProtocolClient.java:onNext(254)) - client-7F7296B99608->ffc7b071-00b3-4a69-8de5-2639a1a8d8ac: receive RaftClientReply:client-7F7296B99608->ffc7b071-00b3-4a69-8de5-2639a1a8d8ac@group-6911E2D50CC5, cid=2549, SUCCESS, logIndex=4291, commits[ffc7b071-00b3-4a69-8de5-2639a1a8d8ac:c4291]
2019-06-12 16:05:00,388 INFO  client.GrpcClientProtocolClient (GrpcClientProtocolClient.java:onNext(254)) - client-7F7296B99608->ffc7b071-00b3-4a69-8de5-2639a1a8d8ac: receive RaftClientReply:client-7F7296B99608->ffc7b071-00b3-4a69-8de5-2639a1a8d8ac@group-6911E2D50CC5, cid=2550, SUCCESS, logIndex=4293, commits[ffc7b071-00b3-4a69-8de5-2639a1a8d8ac:c4293]
2019-06-12 16:05:00,388 INFO  client.GrpcClientProtocolClient (GrpcClientProtocolClient.java:onNext(254)) - client-7F7296B99608->ffc7b071-00b3-4a69-8de5-2639a1a8d8ac: receive RaftClientReply:client-7F7296B99608->ffc7b071-00b3-4a69-8de5-2639a1a8d8ac@group-6911E2D50CC5, cid=2551, SUCCESS, logIndex=4294, commits[ffc7b071-00b3-4a69-8de5-2639a1a8d8ac:c4296]
2019-06-12 16:05:00,389 INFO  client.GrpcClientProtocolClient (GrpcClientProtocolClient.java:onNext(254)) - client-7F7296B99608->ffc7b071-00b3-4a69-8de5-2639a1a8d8ac: receive RaftClientReply:client-7F7296B99608->ffc7b071-00b3-4a69-8de5-2639a1a8d8ac@group-6911E2D50CC5, cid=2552, SUCCESS, logIndex=4295, commits[ffc7b071-00b3-4a69-8de5-2639a1a8d8ac:c4296]
2019-06-12 16:05:00,400 INFO  client.GrpcClientProtocolClient (GrpcClientProtocolClient.java:onNext(254)) - client-7F7296B99608->ffc7b071-00b3-4a69-8de5-2639a1a8d8ac: receive RaftClientReply:client-7F7296B99608->ffc7b071-00b3-4a69-8de5-2639a1a8d8ac@group-6911E2D50CC5, cid=2553, SUCCESS, logIndex=4297, commits[ffc7b071-00b3-4a69-8de5-2639a1a8d8ac:c4297]
2019-06-12 16:05:00,401 INFO  client.GrpcClientProtocolClient (GrpcClientProtocolClient.java:onNext(254)) - client-7F7296B99608->ffc7b071-00b3-4a69-8de5-2639a1a8d8ac: receive RaftClientReply:client-7F7296B99608->ffc7b071-00b3-4a69-8de5-2639a1a8d8ac@group-6911E2D50CC5, cid=2554, SUCCESS, logIndex=4299, commits[ffc7b071-00b3-4a69-8de5-2639a1a8d8ac:c4299]
2019-06-12 16:05:00,402 INFO  client.GrpcClientProtocolClient (GrpcClientProtocolClient.java:onNext(254)) - client-7F7296B99608->ffc7b071-00b3-4a69-8de5-2639a1a8d8ac: receive RaftClientReply:client-7F7296B99608->ffc7b071-00b3-4a69-8de5-2639a1a8d8ac@group-6911E2D50CC5, cid=2555, SUCCESS, logIndex=4301, commits[ffc7b071-00b3-4a69-8de5-2639a1a8d8ac:c4302]
2019-06-12 16:05:00,402 INFO  client.GrpcClientProtocolClient (GrpcClientProtocolClient.java:onNext(254)) - client-7F7296B99608->ffc7b071-00b3-4a69-8de5-2639a1a8d8ac: receive RaftClientReply:client-7F7296B99608->ffc7b071-00b3-4a69-8de5-2639a1a8d8ac@group-6911E2D50CC5, cid=2556, SUCCESS, logIndex=4302, commits[ffc7b071-00b3-4a69-8de5-2639a1a8d8ac:c4302]
2019-06-12 16:05:00,407 INFO  client.GrpcClientProtocolClient (GrpcClientProtocolClient.java:onNext(254)) - client-7F7296B99608->ffc7b071-00b3-4a69-8de5-2639a1a8d8ac: receive RaftClientReply:client-7F7296B99608->ffc7b071-00b3-4a69-8de5-2639a1a8d8ac@group-6911E2D50CC5, cid=2557, SUCCESS, logIndex=4304, commits[ffc7b071-00b3-4a69-8de5-2639a1a8d8ac:c4304]
2019-06-12 16:05:00,408 INFO  client.GrpcClientProtocolClient (GrpcClientProtocolClient.java:onNext(254)) - client-7F7296B99608->ffc7b071-00b3-4a69-8de5-2639a1a8d8ac: receive RaftClientReply:client-7F7296B99608->ffc7b071-00b3-4a69-8de5-2639a1a8d8ac@group-6911E2D50CC5, cid=2558, SUCCESS, logIndex=4306, commits[ffc7b071-00b3-4a69-8de5-2639a1a8d8ac:c4306]
2019-06-12 16:05:00,410 INFO  client.GrpcClientProtocolClient (GrpcClientProtocolClient.java:onNext(254)) - client-7F7296B99608->ffc7b071-00b3-4a69-8de5-2639a1a8d8ac: receive RaftClientReply:client-7F7296B99608->ffc7b071-00b3-4a69-8de5-2639a1a8d8ac@group-6911E2D50CC5, cid=2559, SUCCESS, logIndex=4307, commits[ffc7b071-00b3-4a69-8de5-2639a1a8d8ac:c4309]
2019-06-12 16:05:00,410 INFO  client.GrpcClientProtocolClient (GrpcClientProtocolClient.java:onNext(254)) - client-7F7296B99608->ffc7b071-00b3-4a69-8de5-2639a1a8d8ac: receive RaftClientReply:client-7F7296B99608->ffc7b071-00b3-4a69-8de5-2639a1a8d8ac@group-6911E2D50CC5, cid=2560, SUCCESS, logIndex=4308, commits[ffc7b071-00b3-4a69-8de5-2639a1a8d8ac:c4309]
2019-06-12 16:05:00,413 DEBUG block.SCMBlockDeletingService (SCMBlockDeletingService.java:call(138)) - Running DeletedBlockTransactionScanner
2019-06-12 16:05:00,413 DEBUG block.SCMBlockDeletingService (SCMBlockDeletingService.java:call(155)) - Scanned deleted blocks log and got 0 delTX to process.
2019-06-12 16:05:00,422 INFO  client.GrpcClientProtocolClient (GrpcClientProtocolClient.java:onNext(254)) - client-7F7296B99608->ffc7b071-00b3-4a69-8de5-2639a1a8d8ac: receive RaftClientReply:client-7F7296B99608->ffc7b071-00b3-4a69-8de5-2639a1a8d8ac@group-6911E2D50CC5, cid=2561, SUCCESS, logIndex=4310, commits[ffc7b071-00b3-4a69-8de5-2639a1a8d8ac:c4310]
2019-06-12 16:05:00,423 INFO  client.GrpcClientProtocolClient (GrpcClientProtocolClient.java:onNext(254)) - client-7F7296B99608->ffc7b071-00b3-4a69-8de5-2639a1a8d8ac: receive RaftClientReply:client-7F7296B99608->ffc7b071-00b3-4a69-8de5-2639a1a8d8ac@group-6911E2D50CC5, cid=2562, SUCCESS, logIndex=4312, commits[ffc7b071-00b3-4a69-8de5-2639a1a8d8ac:c4312]
2019-06-12 16:05:00,425 INFO  client.GrpcClientProtocolClient (GrpcClientProtocolClient.java:onNext(254)) - client-7F7296B99608->ffc7b071-00b3-4a69-8de5-2639a1a8d8ac: receive RaftClientReply:client-7F7296B99608->ffc7b071-00b3-4a69-8de5-2639a1a8d8ac@group-6911E2D50CC5, cid=2563, SUCCESS, logIndex=4314, commits[ffc7b071-00b3-4a69-8de5-2639a1a8d8ac:c4315]
2019-06-12 16:05:00,425 INFO  client.GrpcClientProtocolClient (GrpcClientProtocolClient.java:onNext(254)) - client-7F7296B99608->ffc7b071-00b3-4a69-8de5-2639a1a8d8ac: receive RaftClientReply:client-7F7296B99608->ffc7b071-00b3-4a69-8de5-2639a1a8d8ac@group-6911E2D50CC5, cid=2564, SUCCESS, logIndex=4315, commits[ffc7b071-00b3-4a69-8de5-2639a1a8d8ac:c4315]
2019-06-12 16:05:00,514 INFO  client.GrpcClientProtocolClient (GrpcClientProtocolClient.java:onNext(254)) - client-7F7296B99608->ffc7b071-00b3-4a69-8de5-2639a1a8d8ac: receive RaftClientReply:client-7F7296B99608->ffc7b071-00b3-4a69-8de5-2639a1a8d8ac@group-6911E2D50CC5, cid=2565, SUCCESS, logIndex=4317, commits[ffc7b071-00b3-4a69-8de5-2639a1a8d8ac:c4317]
2019-06-12 16:05:00,515 DEBUG block.SCMBlockDeletingService (SCMBlockDeletingService.java:call(138)) - Running DeletedBlockTransactionScanner
2019-06-12 16:05:00,515 DEBUG block.SCMBlockDeletingService (SCMBlockDeletingService.java:call(155)) - Scanned deleted blocks log and got 0 delTX to process.
2019-06-12 16:05:00,516 INFO  client.GrpcClientProtocolClient (GrpcClientProtocolClient.java:onNext(254)) - client-7F7296B99608->ffc7b071-00b3-4a69-8de5-2639a1a8d8ac: receive RaftClientReply:client-7F7296B99608->ffc7b071-00b3-4a69-8de5-2639a1a8d8ac@group-6911E2D50CC5, cid=2566, SUCCESS, logIndex=4319, commits[ffc7b071-00b3-4a69-8de5-2639a1a8d8ac:c4319]
2019-06-12 16:05:00,517 INFO  client.GrpcClientProtocolClient (GrpcClientProtocolClient.java:onNext(254)) - client-7F7296B99608->ffc7b071-00b3-4a69-8de5-2639a1a8d8ac: receive RaftClientReply:client-7F7296B99608->ffc7b071-00b3-4a69-8de5-2639a1a8d8ac@group-6911E2D50CC5, cid=2567, SUCCESS, logIndex=4320, commits[ffc7b071-00b3-4a69-8de5-2639a1a8d8ac:c4320]
2019-06-12 16:05:00,517 INFO  client.GrpcClientProtocolClient (GrpcClientProtocolClient.java:onNext(254)) - client-7F7296B99608->ffc7b071-00b3-4a69-8de5-2639a1a8d8ac: receive RaftClientReply:client-7F7296B99608->ffc7b071-00b3-4a69-8de5-2639a1a8d8ac@group-6911E2D50CC5, cid=2568, SUCCESS, logIndex=4322, commits[ffc7b071-00b3-4a69-8de5-2639a1a8d8ac:c4322]
2019-06-12 16:05:00,527 INFO  client.GrpcClientProtocolClient (GrpcClientProtocolClient.java:onNext(254)) - client-7F7296B99608->ffc7b071-00b3-4a69-8de5-2639a1a8d8ac: receive RaftClientReply:client-7F7296B99608->ffc7b071-00b3-4a69-8de5-2639a1a8d8ac@group-6911E2D50CC5, cid=2569, SUCCESS, logIndex=4325, commits[ffc7b071-00b3-4a69-8de5-2639a1a8d8ac:c4325]
2019-06-12 16:05:00,529 INFO  client.GrpcClientProtocolClient (GrpcClientProtocolClient.java:onNext(254)) - client-7F7296B99608->ffc7b071-00b3-4a69-8de5-2639a1a8d8ac: receive RaftClientReply:client-7F7296B99608->ffc7b071-00b3-4a69-8de5-2639a1a8d8ac@group-6911E2D50CC5, cid=2570, SUCCESS, logIndex=4327, commits[ffc7b071-00b3-4a69-8de5-2639a1a8d8ac:c4327]
2019-06-12 16:05:00,529 INFO  client.GrpcClientProtocolClient (GrpcClientProtocolClient.java:onNext(254)) - client-7F7296B99608->ffc7b071-00b3-4a69-8de5-2639a1a8d8ac: receive RaftClientReply:client-7F7296B99608->ffc7b071-00b3-4a69-8de5-2639a1a8d8ac@group-6911E2D50CC5, cid=2571, SUCCESS, logIndex=4328, commits[ffc7b071-00b3-4a69-8de5-2639a1a8d8ac:c4328]
2019-06-12 16:05:00,529 INFO  client.GrpcClientProtocolClient (GrpcClientProtocolClient.java:onNext(254)) - client-7F7296B99608->ffc7b071-00b3-4a69-8de5-2639a1a8d8ac: receive RaftClientReply:client-7F7296B99608->ffc7b071-00b3-4a69-8de5-2639a1a8d8ac@group-6911E2D50CC5, cid=2572, SUCCESS, logIndex=4330, commits[ffc7b071-00b3-4a69-8de5-2639a1a8d8ac:c4330]
2019-06-12 16:05:00,535 INFO  client.GrpcClientProtocolClient (GrpcClientProtocolClient.java:onNext(254)) - client-7F7296B99608->ffc7b071-00b3-4a69-8de5-2639a1a8d8ac: receive RaftClientReply:client-7F7296B99608->ffc7b071-00b3-4a69-8de5-2639a1a8d8ac@group-6911E2D50CC5, cid=2573, SUCCESS, logIndex=4333, commits[ffc7b071-00b3-4a69-8de5-2639a1a8d8ac:c4333]
2019-06-12 16:05:00,535 INFO  storage.RaftLogWorker (RaftLogWorker.java:rollLogSegment(303)) - ffc7b071-00b3-4a69-8de5-2639a1a8d8ac-RaftLogWorker: Rolling segment log-4266_4336 to index:4336
2019-06-12 16:05:00,536 INFO  client.GrpcClientProtocolClient (GrpcClientProtocolClient.java:onNext(254)) - client-7F7296B99608->ffc7b071-00b3-4a69-8de5-2639a1a8d8ac: receive RaftClientReply:client-7F7296B99608->ffc7b071-00b3-4a69-8de5-2639a1a8d8ac@group-6911E2D50CC5, cid=2574, SUCCESS, logIndex=4335, commits[ffc7b071-00b3-4a69-8de5-2639a1a8d8ac:c4335]
2019-06-12 16:05:00,536 INFO  storage.RaftLogWorker (RaftLogWorker.java:execute(433)) - ffc7b071-00b3-4a69-8de5-2639a1a8d8ac-RaftLogWorker: Rolled log segment from /opt/src/hadoop-ozone/integration-test/target/test-dir/MiniOzoneClusterImpl-a1c7246e-c692-4524-ad55-32b507b20431/datanode-0/data/ratis/4417d833-4fb6-4fa2-9413-6911e2d50cc5/current/log_inprogress_4266 to /opt/src/hadoop-ozone/integration-test/target/test-dir/MiniOzoneClusterImpl-a1c7246e-c692-4524-ad55-32b507b20431/datanode-0/data/ratis/4417d833-4fb6-4fa2-9413-6911e2d50cc5/current/log_4266-4336
2019-06-12 16:05:00,541 INFO  client.GrpcClientProtocolClient (GrpcClientProtocolClient.java:onNext(254)) - client-7F7296B99608->ffc7b071-00b3-4a69-8de5-2639a1a8d8ac: receive RaftClientReply:client-7F7296B99608->ffc7b071-00b3-4a69-8de5-2639a1a8d8ac@group-6911E2D50CC5, cid=2575, SUCCESS, logIndex=4336, commits[ffc7b071-00b3-4a69-8de5-2639a1a8d8ac:c4336]
2019-06-12 16:05:00,571 INFO  storage.RaftLogWorker (RaftLogWorker.java:execute(469)) - ffc7b071-00b3-4a69-8de5-2639a1a8d8ac-RaftLogWorker: created new log segment /opt/src/hadoop-ozone/integration-test/target/test-dir/MiniOzoneClusterImpl-a1c7246e-c692-4524-ad55-32b507b20431/datanode-0/data/ratis/4417d833-4fb6-4fa2-9413-6911e2d50cc5/current/log_inprogress_4337
2019-06-12 16:05:00,573 INFO  client.GrpcClientProtocolClient (GrpcClientProtocolClient.java:onNext(254)) - client-7F7296B99608->ffc7b071-00b3-4a69-8de5-2639a1a8d8ac: receive RaftClientReply:client-7F7296B99608->ffc7b071-00b3-4a69-8de5-2639a1a8d8ac@group-6911E2D50CC5, cid=2576, SUCCESS, logIndex=4337, commits[ffc7b071-00b3-4a69-8de5-2639a1a8d8ac:c4339]
2019-06-12 16:05:00,585 INFO  client.GrpcClientProtocolClient (GrpcClientProtocolClient.java:onNext(254)) - client-7F7296B99608->ffc7b071-00b3-4a69-8de5-2639a1a8d8ac: receive RaftClientReply:client-7F7296B99608->ffc7b071-00b3-4a69-8de5-2639a1a8d8ac@group-6911E2D50CC5, cid=2577, SUCCESS, logIndex=4340, commits[ffc7b071-00b3-4a69-8de5-2639a1a8d8ac:c4340]
2019-06-12 16:05:00,586 INFO  client.GrpcClientProtocolClient (GrpcClientProtocolClient.java:onNext(254)) - client-7F7296B99608->ffc7b071-00b3-4a69-8de5-2639a1a8d8ac: receive RaftClientReply:client-7F7296B99608->ffc7b071-00b3-4a69-8de5-2639a1a8d8ac@group-6911E2D50CC5, cid=2578, SUCCESS, logIndex=4342, commits[ffc7b071-00b3-4a69-8de5-2639a1a8d8ac:c4342]
2019-06-12 16:05:00,587 INFO  client.GrpcClientProtocolClient (GrpcClientProtocolClient.java:onNext(254)) - client-7F7296B99608->ffc7b071-00b3-4a69-8de5-2639a1a8d8ac: receive RaftClientReply:client-7F7296B99608->ffc7b071-00b3-4a69-8de5-2639a1a8d8ac@group-6911E2D50CC5, cid=2579, SUCCESS, logIndex=4343, commits[ffc7b071-00b3-4a69-8de5-2639a1a8d8ac:c4345]
2019-06-12 16:05:00,587 INFO  client.GrpcClientProtocolClient (GrpcClientProtocolClient.java:onNext(254)) - client-7F7296B99608->ffc7b071-00b3-4a69-8de5-2639a1a8d8ac: receive RaftClientReply:client-7F7296B99608->ffc7b071-00b3-4a69-8de5-2639a1a8d8ac@group-6911E2D50CC5, cid=2580, SUCCESS, logIndex=4344, commits[ffc7b071-00b3-4a69-8de5-2639a1a8d8ac:c4345]
2019-06-12 16:05:00,592 INFO  client.GrpcClientProtocolClient (GrpcClientProtocolClient.java:onNext(254)) - client-7F7296B99608->ffc7b071-00b3-4a69-8de5-2639a1a8d8ac: receive RaftClientReply:client-7F7296B99608->ffc7b071-00b3-4a69-8de5-2639a1a8d8ac@group-6911E2D50CC5, cid=2581, SUCCESS, logIndex=4346, commits[ffc7b071-00b3-4a69-8de5-2639a1a8d8ac:c4346]
2019-06-12 16:05:00,594 INFO  client.GrpcClientProtocolClient (GrpcClientProtocolClient.java:onNext(254)) - client-7F7296B99608->ffc7b071-00b3-4a69-8de5-2639a1a8d8ac: receive RaftClientReply:client-7F7296B99608->ffc7b071-00b3-4a69-8de5-2639a1a8d8ac@group-6911E2D50CC5, cid=2582, SUCCESS, logIndex=4348, commits[ffc7b071-00b3-4a69-8de5-2639a1a8d8ac:c4348]
2019-06-12 16:05:00,594 INFO  client.GrpcClientProtocolClient (GrpcClientProtocolClient.java:onNext(254)) - client-7F7296B99608->ffc7b071-00b3-4a69-8de5-2639a1a8d8ac: receive RaftClientReply:client-7F7296B99608->ffc7b071-00b3-4a69-8de5-2639a1a8d8ac@group-6911E2D50CC5, cid=2583, SUCCESS, logIndex=4349, commits[ffc7b071-00b3-4a69-8de5-2639a1a8d8ac:c4351]
2019-06-12 16:05:00,595 INFO  client.GrpcClientProtocolClient (GrpcClientProtocolClient.java:onNext(254)) - client-7F7296B99608->ffc7b071-00b3-4a69-8de5-2639a1a8d8ac: receive RaftClientReply:client-7F7296B99608->ffc7b071-00b3-4a69-8de5-2639a1a8d8ac@group-6911E2D50CC5, cid=2584, SUCCESS, logIndex=4350, commits[ffc7b071-00b3-4a69-8de5-2639a1a8d8ac:c4351]
2019-06-12 16:05:00,605 INFO  client.GrpcClientProtocolClient (GrpcClientProtocolClient.java:onNext(254)) - client-7F7296B99608->ffc7b071-00b3-4a69-8de5-2639a1a8d8ac: receive RaftClientReply:client-7F7296B99608->ffc7b071-00b3-4a69-8de5-2639a1a8d8ac@group-6911E2D50CC5, cid=2585, SUCCESS, logIndex=4352, commits[ffc7b071-00b3-4a69-8de5-2639a1a8d8ac:c4352]
2019-06-12 16:05:00,606 INFO  client.GrpcClientProtocolClient (GrpcClientProtocolClient.java:onNext(254)) - client-7F7296B99608->ffc7b071-00b3-4a69-8de5-2639a1a8d8ac: receive RaftClientReply:client-7F7296B99608->ffc7b071-00b3-4a69-8de5-2639a1a8d8ac@group-6911E2D50CC5, cid=2586, SUCCESS, logIndex=4354, commits[ffc7b071-00b3-4a69-8de5-2639a1a8d8ac:c4354]
2019-06-12 16:05:00,608 INFO  client.GrpcClientProtocolClient (GrpcClientProtocolClient.java:onNext(254)) - client-7F7296B99608->ffc7b071-00b3-4a69-8de5-2639a1a8d8ac: receive RaftClientReply:client-7F7296B99608->ffc7b071-00b3-4a69-8de5-2639a1a8d8ac@group-6911E2D50CC5, cid=2587, SUCCESS, logIndex=4356, commits[ffc7b071-00b3-4a69-8de5-2639a1a8d8ac:c4357]
2019-06-12 16:05:00,608 INFO  client.GrpcClientProtocolClient (GrpcClientProtocolClient.java:onNext(254)) - client-7F7296B99608->ffc7b071-00b3-4a69-8de5-2639a1a8d8ac: receive RaftClientReply:client-7F7296B99608->ffc7b071-00b3-4a69-8de5-2639a1a8d8ac@group-6911E2D50CC5, cid=2588, SUCCESS, logIndex=4357, commits[ffc7b071-00b3-4a69-8de5-2639a1a8d8ac:c4357]
2019-06-12 16:05:00,614 INFO  client.GrpcClientProtocolClient (GrpcClientProtocolClient.java:onNext(254)) - client-7F7296B99608->ffc7b071-00b3-4a69-8de5-2639a1a8d8ac: receive RaftClientReply:client-7F7296B99608->ffc7b071-00b3-4a69-8de5-2639a1a8d8ac@group-6911E2D50CC5, cid=2589, SUCCESS, logIndex=4359, commits[ffc7b071-00b3-4a69-8de5-2639a1a8d8ac:c4359]
2019-06-12 16:05:00,615 DEBUG block.SCMBlockDeletingService (SCMBlockDeletingService.java:call(138)) - Running DeletedBlockTransactionScanner
2019-06-12 16:05:00,615 DEBUG block.SCMBlockDeletingService (SCMBlockDeletingService.java:call(155)) - Scanned deleted blocks log and got 0 delTX to process.
2019-06-12 16:05:00,615 INFO  client.GrpcClientProtocolClient (GrpcClientProtocolClient.java:onNext(254)) - client-7F7296B99608->ffc7b071-00b3-4a69-8de5-2639a1a8d8ac: receive RaftClientReply:client-7F7296B99608->ffc7b071-00b3-4a69-8de5-2639a1a8d8ac@group-6911E2D50CC5, cid=2590, SUCCESS, logIndex=4361, commits[ffc7b071-00b3-4a69-8de5-2639a1a8d8ac:c4361]
2019-06-12 16:05:00,616 INFO  client.GrpcClientProtocolClient (GrpcClientProtocolClient.java:onNext(254)) - client-7F7296B99608->ffc7b071-00b3-4a69-8de5-2639a1a8d8ac: receive RaftClientReply:client-7F7296B99608->ffc7b071-00b3-4a69-8de5-2639a1a8d8ac@group-6911E2D50CC5, cid=2591, SUCCESS, logIndex=4362, commits[ffc7b071-00b3-4a69-8de5-2639a1a8d8ac:c4364]
2019-06-12 16:05:00,617 INFO  client.GrpcClientProtocolClient (GrpcClientProtocolClient.java:onNext(254)) - client-7F7296B99608->ffc7b071-00b3-4a69-8de5-2639a1a8d8ac: receive RaftClientReply:client-7F7296B99608->ffc7b071-00b3-4a69-8de5-2639a1a8d8ac@group-6911E2D50CC5, cid=2592, SUCCESS, logIndex=4363, commits[ffc7b071-00b3-4a69-8de5-2639a1a8d8ac:c4364]
2019-06-12 16:05:00,626 INFO  client.GrpcClientProtocolClient (GrpcClientProtocolClient.java:onNext(254)) - client-7F7296B99608->ffc7b071-00b3-4a69-8de5-2639a1a8d8ac: receive RaftClientReply:client-7F7296B99608->ffc7b071-00b3-4a69-8de5-2639a1a8d8ac@group-6911E2D50CC5, cid=2593, SUCCESS, logIndex=4365, commits[ffc7b071-00b3-4a69-8de5-2639a1a8d8ac:c4365]
2019-06-12 16:05:00,628 INFO  client.GrpcClientProtocolClient (GrpcClientProtocolClient.java:onNext(254)) - client-7F7296B99608->ffc7b071-00b3-4a69-8de5-2639a1a8d8ac: receive RaftClientReply:client-7F7296B99608->ffc7b071-00b3-4a69-8de5-2639a1a8d8ac@group-6911E2D50CC5, cid=2594, SUCCESS, logIndex=4367, commits[ffc7b071-00b3-4a69-8de5-2639a1a8d8ac:c4367]
2019-06-12 16:05:00,629 INFO  client.GrpcClientProtocolClient (GrpcClientProtocolClient.java:onNext(254)) - client-7F7296B99608->ffc7b071-00b3-4a69-8de5-2639a1a8d8ac: receive RaftClientReply:client-7F7296B99608->ffc7b071-00b3-4a69-8de5-2639a1a8d8ac@group-6911E2D50CC5, cid=2595, SUCCESS, logIndex=4368, commits[ffc7b071-00b3-4a69-8de5-2639a1a8d8ac:c4370]
2019-06-12 16:05:00,629 INFO  client.GrpcClientProtocolClient (GrpcClientProtocolClient.java:onNext(254)) - client-7F7296B99608->ffc7b071-00b3-4a69-8de5-2639a1a8d8ac: receive RaftClientReply:client-7F7296B99608->ffc7b071-00b3-4a69-8de5-2639a1a8d8ac@group-6911E2D50CC5, cid=2596, SUCCESS, logIndex=4369, commits[ffc7b071-00b3-4a69-8de5-2639a1a8d8ac:c4370]
2019-06-12 16:05:00,634 INFO  client.GrpcClientProtocolClient (GrpcClientProtocolClient.java:onNext(254)) - client-7F7296B99608->ffc7b071-00b3-4a69-8de5-2639a1a8d8ac: receive RaftClientReply:client-7F7296B99608->ffc7b071-00b3-4a69-8de5-2639a1a8d8ac@group-6911E2D50CC5, cid=2597, SUCCESS, logIndex=4371, commits[ffc7b071-00b3-4a69-8de5-2639a1a8d8ac:c4371]
2019-06-12 16:05:00,635 INFO  client.GrpcClientProtocolClient (GrpcClientProtocolClient.java:onNext(254)) - client-7F7296B99608->ffc7b071-00b3-4a69-8de5-2639a1a8d8ac: receive RaftClientReply:client-7F7296B99608->ffc7b071-00b3-4a69-8de5-2639a1a8d8ac@group-6911E2D50CC5, cid=2598, SUCCESS, logIndex=4373, commits[ffc7b071-00b3-4a69-8de5-2639a1a8d8ac:c4373]
2019-06-12 16:05:00,636 INFO  client.GrpcClientProtocolClient (GrpcClientProtocolClient.java:onNext(254)) - client-7F7296B99608->ffc7b071-00b3-4a69-8de5-2639a1a8d8ac: receive RaftClientReply:client-7F7296B99608->ffc7b071-00b3-4a69-8de5-2639a1a8d8ac@group-6911E2D50CC5, cid=2599, SUCCESS, logIndex=4374, commits[ffc7b071-00b3-4a69-8de5-2639a1a8d8ac:c4376]
2019-06-12 16:05:00,637 INFO  client.GrpcClientProtocolClient (GrpcClientProtocolClient.java:onNext(254)) - client-7F7296B99608->ffc7b071-00b3-4a69-8de5-2639a1a8d8ac: receive RaftClientReply:client-7F7296B99608->ffc7b071-00b3-4a69-8de5-2639a1a8d8ac@group-6911E2D50CC5, cid=2600, SUCCESS, logIndex=4375, commits[ffc7b071-00b3-4a69-8de5-2639a1a8d8ac:c4376]
2019-06-12 16:05:00,690 INFO  client.GrpcClientProtocolClient (GrpcClientProtocolClient.java:onNext(254)) - client-7F7296B99608->ffc7b071-00b3-4a69-8de5-2639a1a8d8ac: receive RaftClientReply:client-7F7296B99608->ffc7b071-00b3-4a69-8de5-2639a1a8d8ac@group-6911E2D50CC5, cid=2601, SUCCESS, logIndex=4377, commits[ffc7b071-00b3-4a69-8de5-2639a1a8d8ac:c4377]
2019-06-12 16:05:00,691 INFO  client.GrpcClientProtocolClient (GrpcClientProtocolClient.java:onNext(254)) - client-7F7296B99608->ffc7b071-00b3-4a69-8de5-2639a1a8d8ac: receive RaftClientReply:client-7F7296B99608->ffc7b071-00b3-4a69-8de5-2639a1a8d8ac@group-6911E2D50CC5, cid=2602, SUCCESS, logIndex=4379, commits[ffc7b071-00b3-4a69-8de5-2639a1a8d8ac:c4379]
2019-06-12 16:05:00,692 INFO  client.GrpcClientProtocolClient (GrpcClientProtocolClient.java:onNext(254)) - client-7F7296B99608->ffc7b071-00b3-4a69-8de5-2639a1a8d8ac: receive RaftClientReply:client-7F7296B99608->ffc7b071-00b3-4a69-8de5-2639a1a8d8ac@group-6911E2D50CC5, cid=2603, SUCCESS, logIndex=4380, commits[ffc7b071-00b3-4a69-8de5-2639a1a8d8ac:c4382]
2019-06-12 16:05:00,693 INFO  client.GrpcClientProtocolClient (GrpcClientProtocolClient.java:onNext(254)) - client-7F7296B99608->ffc7b071-00b3-4a69-8de5-2639a1a8d8ac: receive RaftClientReply:client-7F7296B99608->ffc7b071-00b3-4a69-8de5-2639a1a8d8ac@group-6911E2D50CC5, cid=2604, SUCCESS, logIndex=4381, commits[ffc7b071-00b3-4a69-8de5-2639a1a8d8ac:c4382]
2019-06-12 16:05:00,698 INFO  client.GrpcClientProtocolClient (GrpcClientProtocolClient.java:onNext(254)) - client-7F7296B99608->ffc7b071-00b3-4a69-8de5-2639a1a8d8ac: receive RaftClientReply:client-7F7296B99608->ffc7b071-00b3-4a69-8de5-2639a1a8d8ac@group-6911E2D50CC5, cid=2605, SUCCESS, logIndex=4383, commits[ffc7b071-00b3-4a69-8de5-2639a1a8d8ac:c4383]
2019-06-12 16:05:00,699 INFO  client.GrpcClientProtocolClient (GrpcClientProtocolClient.java:onNext(254)) - client-7F7296B99608->ffc7b071-00b3-4a69-8de5-2639a1a8d8ac: receive RaftClientReply:client-7F7296B99608->ffc7b071-00b3-4a69-8de5-2639a1a8d8ac@group-6911E2D50CC5, cid=2606, SUCCESS, logIndex=4385, commits[ffc7b071-00b3-4a69-8de5-2639a1a8d8ac:c4385]
2019-06-12 16:05:00,700 INFO  client.GrpcClientProtocolClient (GrpcClientProtocolClient.java:onNext(254)) - client-7F7296B99608->ffc7b071-00b3-4a69-8de5-2639a1a8d8ac: receive RaftClientReply:client-7F7296B99608->ffc7b071-00b3-4a69-8de5-2639a1a8d8ac@group-6911E2D50CC5, cid=2607, SUCCESS, logIndex=4386, commits[ffc7b071-00b3-4a69-8de5-2639a1a8d8ac:c4388]
2019-06-12 16:05:00,701 INFO  client.GrpcClientProtocolClient (GrpcClientProtocolClient.java:onNext(254)) - client-7F7296B99608->ffc7b071-00b3-4a69-8de5-2639a1a8d8ac: receive RaftClientReply:client-7F7296B99608->ffc7b071-00b3-4a69-8de5-2639a1a8d8ac@group-6911E2D50CC5, cid=2608, SUCCESS, logIndex=4387, commits[ffc7b071-00b3-4a69-8de5-2639a1a8d8ac:c4388]
2019-06-12 16:05:00,715 DEBUG block.SCMBlockDeletingService (SCMBlockDeletingService.java:call(138)) - Running DeletedBlockTransactionScanner
2019-06-12 16:05:00,716 DEBUG block.SCMBlockDeletingService (SCMBlockDeletingService.java:call(155)) - Scanned deleted blocks log and got 0 delTX to process.
2019-06-12 16:05:00,778 INFO  client.GrpcClientProtocolClient (GrpcClientProtocolClient.java:onNext(254)) - client-7F7296B99608->ffc7b071-00b3-4a69-8de5-2639a1a8d8ac: receive RaftClientReply:client-7F7296B99608->ffc7b071-00b3-4a69-8de5-2639a1a8d8ac@group-6911E2D50CC5, cid=2609, SUCCESS, logIndex=4389, commits[ffc7b071-00b3-4a69-8de5-2639a1a8d8ac:c4389]
2019-06-12 16:05:00,780 INFO  client.GrpcClientProtocolClient (GrpcClientProtocolClient.java:onNext(254)) - client-7F7296B99608->ffc7b071-00b3-4a69-8de5-2639a1a8d8ac: receive RaftClientReply:client-7F7296B99608->ffc7b071-00b3-4a69-8de5-2639a1a8d8ac@group-6911E2D50CC5, cid=2610, SUCCESS, logIndex=4391, commits[ffc7b071-00b3-4a69-8de5-2639a1a8d8ac:c4391]
2019-06-12 16:05:00,781 INFO  client.GrpcClientProtocolClient (GrpcClientProtocolClient.java:onNext(254)) - client-7F7296B99608->ffc7b071-00b3-4a69-8de5-2639a1a8d8ac: receive RaftClientReply:client-7F7296B99608->ffc7b071-00b3-4a69-8de5-2639a1a8d8ac@group-6911E2D50CC5, cid=2611, SUCCESS, logIndex=4392, commits[ffc7b071-00b3-4a69-8de5-2639a1a8d8ac:c4393]
2019-06-12 16:05:00,781 INFO  client.GrpcClientProtocolClient (GrpcClientProtocolClient.java:onNext(254)) - client-7F7296B99608->ffc7b071-00b3-4a69-8de5-2639a1a8d8ac: receive RaftClientReply:client-7F7296B99608->ffc7b071-00b3-4a69-8de5-2639a1a8d8ac@group-6911E2D50CC5, cid=2612, SUCCESS, logIndex=4393, commits[ffc7b071-00b3-4a69-8de5-2639a1a8d8ac:c4393]
2019-06-12 16:05:00,786 INFO  client.GrpcClientProtocolClient (GrpcClientProtocolClient.java:onNext(254)) - client-7F7296B99608->ffc7b071-00b3-4a69-8de5-2639a1a8d8ac: receive RaftClientReply:client-7F7296B99608->ffc7b071-00b3-4a69-8de5-2639a1a8d8ac@group-6911E2D50CC5, cid=2613, SUCCESS, logIndex=4396, commits[ffc7b071-00b3-4a69-8de5-2639a1a8d8ac:c4396]
2019-06-12 16:05:00,787 INFO  client.GrpcClientProtocolClient (GrpcClientProtocolClient.java:onNext(254)) - client-7F7296B99608->ffc7b071-00b3-4a69-8de5-2639a1a8d8ac: receive RaftClientReply:client-7F7296B99608->ffc7b071-00b3-4a69-8de5-2639a1a8d8ac@group-6911E2D50CC5, cid=2614, SUCCESS, logIndex=4398, commits[ffc7b071-00b3-4a69-8de5-2639a1a8d8ac:c4398]
2019-06-12 16:05:00,789 INFO  client.GrpcClientProtocolClient (GrpcClientProtocolClient.java:onNext(254)) - client-7F7296B99608->ffc7b071-00b3-4a69-8de5-2639a1a8d8ac: receive RaftClientReply:client-7F7296B99608->ffc7b071-00b3-4a69-8de5-2639a1a8d8ac@group-6911E2D50CC5, cid=2615, SUCCESS, logIndex=4399, commits[ffc7b071-00b3-4a69-8de5-2639a1a8d8ac:c4401]
2019-06-12 16:05:00,789 INFO  client.GrpcClientProtocolClient (GrpcClientProtocolClient.java:onNext(254)) - client-7F7296B99608->ffc7b071-00b3-4a69-8de5-2639a1a8d8ac: receive RaftClientReply:client-7F7296B99608->ffc7b071-00b3-4a69-8de5-2639a1a8d8ac@group-6911E2D50CC5, cid=2616, SUCCESS, logIndex=4400, commits[ffc7b071-00b3-4a69-8de5-2639a1a8d8ac:c4401]
2019-06-12 16:05:00,800 INFO  client.GrpcClientProtocolClient (GrpcClientProtocolClient.java:onNext(254)) - client-7F7296B99608->ffc7b071-00b3-4a69-8de5-2639a1a8d8ac: receive RaftClientReply:client-7F7296B99608->ffc7b071-00b3-4a69-8de5-2639a1a8d8ac@group-6911E2D50CC5, cid=2617, SUCCESS, logIndex=4402, commits[ffc7b071-00b3-4a69-8de5-2639a1a8d8ac:c4402]
2019-06-12 16:05:00,800 INFO  storage.RaftLogWorker (RaftLogWorker.java:rollLogSegment(303)) - ffc7b071-00b3-4a69-8de5-2639a1a8d8ac-RaftLogWorker: Rolling segment log-4337_4404 to index:4404
2019-06-12 16:05:00,801 INFO  storage.RaftLogWorker (RaftLogWorker.java:execute(433)) - ffc7b071-00b3-4a69-8de5-2639a1a8d8ac-RaftLogWorker: Rolled log segment from /opt/src/hadoop-ozone/integration-test/target/test-dir/MiniOzoneClusterImpl-a1c7246e-c692-4524-ad55-32b507b20431/datanode-0/data/ratis/4417d833-4fb6-4fa2-9413-6911e2d50cc5/current/log_inprogress_4337 to /opt/src/hadoop-ozone/integration-test/target/test-dir/MiniOzoneClusterImpl-a1c7246e-c692-4524-ad55-32b507b20431/datanode-0/data/ratis/4417d833-4fb6-4fa2-9413-6911e2d50cc5/current/log_4337-4404
2019-06-12 16:05:00,802 INFO  client.GrpcClientProtocolClient (GrpcClientProtocolClient.java:onNext(254)) - client-7F7296B99608->ffc7b071-00b3-4a69-8de5-2639a1a8d8ac: receive RaftClientReply:client-7F7296B99608->ffc7b071-00b3-4a69-8de5-2639a1a8d8ac@group-6911E2D50CC5, cid=2618, SUCCESS, logIndex=4404, commits[ffc7b071-00b3-4a69-8de5-2639a1a8d8ac:c4404]
2019-06-12 16:05:00,816 DEBUG block.SCMBlockDeletingService (SCMBlockDeletingService.java:call(138)) - Running DeletedBlockTransactionScanner
2019-06-12 16:05:00,816 DEBUG block.SCMBlockDeletingService (SCMBlockDeletingService.java:call(155)) - Scanned deleted blocks log and got 0 delTX to process.
2019-06-12 16:05:00,844 INFO  storage.RaftLogWorker (RaftLogWorker.java:execute(469)) - ffc7b071-00b3-4a69-8de5-2639a1a8d8ac-RaftLogWorker: created new log segment /opt/src/hadoop-ozone/integration-test/target/test-dir/MiniOzoneClusterImpl-a1c7246e-c692-4524-ad55-32b507b20431/datanode-0/data/ratis/4417d833-4fb6-4fa2-9413-6911e2d50cc5/current/log_inprogress_4405
2019-06-12 16:05:00,845 INFO  client.GrpcClientProtocolClient (GrpcClientProtocolClient.java:onNext(254)) - client-7F7296B99608->ffc7b071-00b3-4a69-8de5-2639a1a8d8ac: receive RaftClientReply:client-7F7296B99608->ffc7b071-00b3-4a69-8de5-2639a1a8d8ac@group-6911E2D50CC5, cid=2619, SUCCESS, logIndex=4405, commits[ffc7b071-00b3-4a69-8de5-2639a1a8d8ac:c4407]
2019-06-12 16:05:00,845 INFO  client.GrpcClientProtocolClient (GrpcClientProtocolClient.java:onNext(254)) - client-7F7296B99608->ffc7b071-00b3-4a69-8de5-2639a1a8d8ac: receive RaftClientReply:client-7F7296B99608->ffc7b071-00b3-4a69-8de5-2639a1a8d8ac@group-6911E2D50CC5, cid=2620, SUCCESS, logIndex=4406, commits[ffc7b071-00b3-4a69-8de5-2639a1a8d8ac:c4407]
2019-06-12 16:05:00,851 INFO  client.GrpcClientProtocolClient (GrpcClientProtocolClient.java:onNext(254)) - client-7F7296B99608->ffc7b071-00b3-4a69-8de5-2639a1a8d8ac: receive RaftClientReply:client-7F7296B99608->ffc7b071-00b3-4a69-8de5-2639a1a8d8ac@group-6911E2D50CC5, cid=2621, SUCCESS, logIndex=4408, commits[ffc7b071-00b3-4a69-8de5-2639a1a8d8ac:c4408]
2019-06-12 16:05:00,852 INFO  client.GrpcClientProtocolClient (GrpcClientProtocolClient.java:onNext(254)) - client-7F7296B99608->ffc7b071-00b3-4a69-8de5-2639a1a8d8ac: receive RaftClientReply:client-7F7296B99608->ffc7b071-00b3-4a69-8de5-2639a1a8d8ac@group-6911E2D50CC5, cid=2622, SUCCESS, logIndex=4410, commits[ffc7b071-00b3-4a69-8de5-2639a1a8d8ac:c4410]
2019-06-12 16:05:00,853 INFO  client.GrpcClientProtocolClient (GrpcClientProtocolClient.java:onNext(254)) - client-7F7296B99608->ffc7b071-00b3-4a69-8de5-2639a1a8d8ac: receive RaftClientReply:client-7F7296B99608->ffc7b071-00b3-4a69-8de5-2639a1a8d8ac@group-6911E2D50CC5, cid=2623, SUCCESS, logIndex=4411, commits[ffc7b071-00b3-4a69-8de5-2639a1a8d8ac:c4413]
2019-06-12 16:05:00,854 INFO  client.GrpcClientProtocolClient (GrpcClientProtocolClient.java:onNext(254)) - client-7F7296B99608->ffc7b071-00b3-4a69-8de5-2639a1a8d8ac: receive RaftClientReply:client-7F7296B99608->ffc7b071-00b3-4a69-8de5-2639a1a8d8ac@group-6911E2D50CC5, cid=2624, SUCCESS, logIndex=4412, commits[ffc7b071-00b3-4a69-8de5-2639a1a8d8ac:c4413]
2019-06-12 16:05:00,863 INFO  client.GrpcClientProtocolClient (GrpcClientProtocolClient.java:onNext(254)) - client-7F7296B99608->ffc7b071-00b3-4a69-8de5-2639a1a8d8ac: receive RaftClientReply:client-7F7296B99608->ffc7b071-00b3-4a69-8de5-2639a1a8d8ac@group-6911E2D50CC5, cid=2625, SUCCESS, logIndex=4414, commits[ffc7b071-00b3-4a69-8de5-2639a1a8d8ac:c4414]
2019-06-12 16:05:00,864 INFO  client.GrpcClientProtocolClient (GrpcClientProtocolClient.java:onNext(254)) - client-7F7296B99608->ffc7b071-00b3-4a69-8de5-2639a1a8d8ac: receive RaftClientReply:client-7F7296B99608->ffc7b071-00b3-4a69-8de5-2639a1a8d8ac@group-6911E2D50CC5, cid=2626, SUCCESS, logIndex=4416, commits[ffc7b071-00b3-4a69-8de5-2639a1a8d8ac:c4416]
2019-06-12 16:05:00,865 INFO  client.GrpcClientProtocolClient (GrpcClientProtocolClient.java:onNext(254)) - client-7F7296B99608->ffc7b071-00b3-4a69-8de5-2639a1a8d8ac: receive RaftClientReply:client-7F7296B99608->ffc7b071-00b3-4a69-8de5-2639a1a8d8ac@group-6911E2D50CC5, cid=2627, SUCCESS, logIndex=4417, commits[ffc7b071-00b3-4a69-8de5-2639a1a8d8ac:c4419]
2019-06-12 16:05:00,865 INFO  client.GrpcClientProtocolClient (GrpcClientProtocolClient.java:onNext(254)) - client-7F7296B99608->ffc7b071-00b3-4a69-8de5-2639a1a8d8ac: receive RaftClientReply:client-7F7296B99608->ffc7b071-00b3-4a69-8de5-2639a1a8d8ac@group-6911E2D50CC5, cid=2628, SUCCESS, logIndex=4418, commits[ffc7b071-00b3-4a69-8de5-2639a1a8d8ac:c4419]
2019-06-12 16:05:00,870 INFO  client.GrpcClientProtocolClient (GrpcClientProtocolClient.java:onNext(254)) - client-7F7296B99608->ffc7b071-00b3-4a69-8de5-2639a1a8d8ac: receive RaftClientReply:client-7F7296B99608->ffc7b071-00b3-4a69-8de5-2639a1a8d8ac@group-6911E2D50CC5, cid=2629, SUCCESS, logIndex=4420, commits[ffc7b071-00b3-4a69-8de5-2639a1a8d8ac:c4420]
2019-06-12 16:05:00,872 INFO  client.GrpcClientProtocolClient (GrpcClientProtocolClient.java:onNext(254)) - client-7F7296B99608->ffc7b071-00b3-4a69-8de5-2639a1a8d8ac: receive RaftClientReply:client-7F7296B99608->ffc7b071-00b3-4a69-8de5-2639a1a8d8ac@group-6911E2D50CC5, cid=2630, SUCCESS, logIndex=4422, commits[ffc7b071-00b3-4a69-8de5-2639a1a8d8ac:c4424]
2019-06-12 16:05:00,872 INFO  client.GrpcClientProtocolClient (GrpcClientProtocolClient.java:onNext(254)) - client-7F7296B99608->ffc7b071-00b3-4a69-8de5-2639a1a8d8ac: receive RaftClientReply:client-7F7296B99608->ffc7b071-00b3-4a69-8de5-2639a1a8d8ac@group-6911E2D50CC5, cid=2631, SUCCESS, logIndex=4423, commits[ffc7b071-00b3-4a69-8de5-2639a1a8d8ac:c4424]
2019-06-12 16:05:00,873 INFO  client.GrpcClientProtocolClient (GrpcClientProtocolClient.java:onNext(254)) - client-7F7296B99608->ffc7b071-00b3-4a69-8de5-2639a1a8d8ac: receive RaftClientReply:client-7F7296B99608->ffc7b071-00b3-4a69-8de5-2639a1a8d8ac@group-6911E2D50CC5, cid=2632, SUCCESS, logIndex=4424, commits[ffc7b071-00b3-4a69-8de5-2639a1a8d8ac:c4425]
2019-06-12 16:05:00,881 INFO  client.GrpcClientProtocolClient (GrpcClientProtocolClient.java:onNext(254)) - client-7F7296B99608->ffc7b071-00b3-4a69-8de5-2639a1a8d8ac: receive RaftClientReply:client-7F7296B99608->ffc7b071-00b3-4a69-8de5-2639a1a8d8ac@group-6911E2D50CC5, cid=2633, SUCCESS, logIndex=4426, commits[ffc7b071-00b3-4a69-8de5-2639a1a8d8ac:c4426]
2019-06-12 16:05:00,882 INFO  client.GrpcClientProtocolClient (GrpcClientProtocolClient.java:onNext(254)) - client-7F7296B99608->ffc7b071-00b3-4a69-8de5-2639a1a8d8ac: receive RaftClientReply:client-7F7296B99608->ffc7b071-00b3-4a69-8de5-2639a1a8d8ac@group-6911E2D50CC5, cid=2634, SUCCESS, logIndex=4428, commits[ffc7b071-00b3-4a69-8de5-2639a1a8d8ac:c4428]
2019-06-12 16:05:00,884 INFO  client.GrpcClientProtocolClient (GrpcClientProtocolClient.java:onNext(254)) - client-7F7296B99608->ffc7b071-00b3-4a69-8de5-2639a1a8d8ac: receive RaftClientReply:client-7F7296B99608->ffc7b071-00b3-4a69-8de5-2639a1a8d8ac@group-6911E2D50CC5, cid=2635, SUCCESS, logIndex=4429, commits[ffc7b071-00b3-4a69-8de5-2639a1a8d8ac:c4431]
2019-06-12 16:05:00,884 INFO  client.GrpcClientProtocolClient (GrpcClientProtocolClient.java:onNext(254)) - client-7F7296B99608->ffc7b071-00b3-4a69-8de5-2639a1a8d8ac: receive RaftClientReply:client-7F7296B99608->ffc7b071-00b3-4a69-8de5-2639a1a8d8ac@group-6911E2D50CC5, cid=2636, SUCCESS, logIndex=4430, commits[ffc7b071-00b3-4a69-8de5-2639a1a8d8ac:c4431]
2019-06-12 16:05:00,889 INFO  client.GrpcClientProtocolClient (GrpcClientProtocolClient.java:onNext(254)) - client-7F7296B99608->ffc7b071-00b3-4a69-8de5-2639a1a8d8ac: receive RaftClientReply:client-7F7296B99608->ffc7b071-00b3-4a69-8de5-2639a1a8d8ac@group-6911E2D50CC5, cid=2637, SUCCESS, logIndex=4432, commits[ffc7b071-00b3-4a69-8de5-2639a1a8d8ac:c4432]
2019-06-12 16:05:00,890 INFO  client.GrpcClientProtocolClient (GrpcClientProtocolClient.java:onNext(254)) - client-7F7296B99608->ffc7b071-00b3-4a69-8de5-2639a1a8d8ac: receive RaftClientReply:client-7F7296B99608->ffc7b071-00b3-4a69-8de5-2639a1a8d8ac@group-6911E2D50CC5, cid=2638, SUCCESS, logIndex=4434, commits[ffc7b071-00b3-4a69-8de5-2639a1a8d8ac:c4434]
2019-06-12 16:05:00,891 INFO  client.GrpcClientProtocolClient (GrpcClientProtocolClient.java:onNext(254)) - client-7F7296B99608->ffc7b071-00b3-4a69-8de5-2639a1a8d8ac: receive RaftClientReply:client-7F7296B99608->ffc7b071-00b3-4a69-8de5-2639a1a8d8ac@group-6911E2D50CC5, cid=2639, SUCCESS, logIndex=4435, commits[ffc7b071-00b3-4a69-8de5-2639a1a8d8ac:c4437]
2019-06-12 16:05:00,891 INFO  client.GrpcClientProtocolClient (GrpcClientProtocolClient.java:onNext(254)) - client-7F7296B99608->ffc7b071-00b3-4a69-8de5-2639a1a8d8ac: receive RaftClientReply:client-7F7296B99608->ffc7b071-00b3-4a69-8de5-2639a1a8d8ac@group-6911E2D50CC5, cid=2640, SUCCESS, logIndex=4436, commits[ffc7b071-00b3-4a69-8de5-2639a1a8d8ac:c4437]
2019-06-12 16:05:00,900 INFO  client.GrpcClientProtocolClient (GrpcClientProtocolClient.java:onNext(254)) - client-7F7296B99608->ffc7b071-00b3-4a69-8de5-2639a1a8d8ac: receive RaftClientReply:client-7F7296B99608->ffc7b071-00b3-4a69-8de5-2639a1a8d8ac@group-6911E2D50CC5, cid=2641, SUCCESS, logIndex=4438, commits[ffc7b071-00b3-4a69-8de5-2639a1a8d8ac:c4438]
2019-06-12 16:05:00,901 INFO  client.GrpcClientProtocolClient (GrpcClientProtocolClient.java:onNext(254)) - client-7F7296B99608->ffc7b071-00b3-4a69-8de5-2639a1a8d8ac: receive RaftClientReply:client-7F7296B99608->ffc7b071-00b3-4a69-8de5-2639a1a8d8ac@group-6911E2D50CC5, cid=2642, SUCCESS, logIndex=4440, commits[ffc7b071-00b3-4a69-8de5-2639a1a8d8ac:c4440]
2019-06-12 16:05:00,902 INFO  client.GrpcClientProtocolClient (GrpcClientProtocolClient.java:onNext(254)) - client-7F7296B99608->ffc7b071-00b3-4a69-8de5-2639a1a8d8ac: receive RaftClientReply:client-7F7296B99608->ffc7b071-00b3-4a69-8de5-2639a1a8d8ac@group-6911E2D50CC5, cid=2643, SUCCESS, logIndex=4441, commits[ffc7b071-00b3-4a69-8de5-2639a1a8d8ac:c4443]
2019-06-12 16:05:00,903 INFO  client.GrpcClientProtocolClient (GrpcClientProtocolClient.java:onNext(254)) - client-7F7296B99608->ffc7b071-00b3-4a69-8de5-2639a1a8d8ac: receive RaftClientReply:client-7F7296B99608->ffc7b071-00b3-4a69-8de5-2639a1a8d8ac@group-6911E2D50CC5, cid=2644, SUCCESS, logIndex=4442, commits[ffc7b071-00b3-4a69-8de5-2639a1a8d8ac:c4443]
2019-06-12 16:05:00,907 INFO  client.GrpcClientProtocolClient (GrpcClientProtocolClient.java:onNext(254)) - client-7F7296B99608->ffc7b071-00b3-4a69-8de5-2639a1a8d8ac: receive RaftClientReply:client-7F7296B99608->ffc7b071-00b3-4a69-8de5-2639a1a8d8ac@group-6911E2D50CC5, cid=2645, SUCCESS, logIndex=4444, commits[ffc7b071-00b3-4a69-8de5-2639a1a8d8ac:c4444]
2019-06-12 16:05:00,909 INFO  client.GrpcClientProtocolClient (GrpcClientProtocolClient.java:onNext(254)) - client-7F7296B99608->ffc7b071-00b3-4a69-8de5-2639a1a8d8ac: receive RaftClientReply:client-7F7296B99608->ffc7b071-00b3-4a69-8de5-2639a1a8d8ac@group-6911E2D50CC5, cid=2646, SUCCESS, logIndex=4446, commits[ffc7b071-00b3-4a69-8de5-2639a1a8d8ac:c4446]
2019-06-12 16:05:00,910 INFO  client.GrpcClientProtocolClient (GrpcClientProtocolClient.java:onNext(254)) - client-7F7296B99608->ffc7b071-00b3-4a69-8de5-2639a1a8d8ac: receive RaftClientReply:client-7F7296B99608->ffc7b071-00b3-4a69-8de5-2639a1a8d8ac@group-6911E2D50CC5, cid=2647, SUCCESS, logIndex=4447, commits[ffc7b071-00b3-4a69-8de5-2639a1a8d8ac:c4449]
2019-06-12 16:05:00,910 INFO  client.GrpcClientProtocolClient (GrpcClientProtocolClient.java:onNext(254)) - client-7F7296B99608->ffc7b071-00b3-4a69-8de5-2639a1a8d8ac: receive RaftClientReply:client-7F7296B99608->ffc7b071-00b3-4a69-8de5-2639a1a8d8ac@group-6911E2D50CC5, cid=2648, SUCCESS, logIndex=4448, commits[ffc7b071-00b3-4a69-8de5-2639a1a8d8ac:c4449]
2019-06-12 16:05:00,916 DEBUG block.SCMBlockDeletingService (SCMBlockDeletingService.java:call(138)) - Running DeletedBlockTransactionScanner
2019-06-12 16:05:00,916 DEBUG block.SCMBlockDeletingService (SCMBlockDeletingService.java:call(155)) - Scanned deleted blocks log and got 0 delTX to process.
2019-06-12 16:05:00,919 INFO  client.GrpcClientProtocolClient (GrpcClientProtocolClient.java:onNext(254)) - client-7F7296B99608->ffc7b071-00b3-4a69-8de5-2639a1a8d8ac: receive RaftClientReply:client-7F7296B99608->ffc7b071-00b3-4a69-8de5-2639a1a8d8ac@group-6911E2D50CC5, cid=2649, SUCCESS, logIndex=4450, commits[ffc7b071-00b3-4a69-8de5-2639a1a8d8ac:c4450]
2019-06-12 16:05:00,921 INFO  client.GrpcClientProtocolClient (GrpcClientProtocolClient.java:onNext(254)) - client-7F7296B99608->ffc7b071-00b3-4a69-8de5-2639a1a8d8ac: receive RaftClientReply:client-7F7296B99608->ffc7b071-00b3-4a69-8de5-2639a1a8d8ac@group-6911E2D50CC5, cid=2650, SUCCESS, logIndex=4452, commits[ffc7b071-00b3-4a69-8de5-2639a1a8d8ac:c4452]
2019-06-12 16:05:00,922 INFO  client.GrpcClientProtocolClient (GrpcClientProtocolClient.java:onNext(254)) - client-7F7296B99608->ffc7b071-00b3-4a69-8de5-2639a1a8d8ac: receive RaftClientReply:client-7F7296B99608->ffc7b071-00b3-4a69-8de5-2639a1a8d8ac@group-6911E2D50CC5, cid=2651, SUCCESS, logIndex=4453, commits[ffc7b071-00b3-4a69-8de5-2639a1a8d8ac:c4455]
2019-06-12 16:05:00,922 INFO  client.GrpcClientProtocolClient (GrpcClientProtocolClient.java:onNext(254)) - client-7F7296B99608->ffc7b071-00b3-4a69-8de5-2639a1a8d8ac: receive RaftClientReply:client-7F7296B99608->ffc7b071-00b3-4a69-8de5-2639a1a8d8ac@group-6911E2D50CC5, cid=2652, SUCCESS, logIndex=4454, commits[ffc7b071-00b3-4a69-8de5-2639a1a8d8ac:c4455]
2019-06-12 16:05:01,003 INFO  client.GrpcClientProtocolClient (GrpcClientProtocolClient.java:onNext(254)) - client-7F7296B99608->ffc7b071-00b3-4a69-8de5-2639a1a8d8ac: receive RaftClientReply:client-7F7296B99608->ffc7b071-00b3-4a69-8de5-2639a1a8d8ac@group-6911E2D50CC5, cid=2653, SUCCESS, logIndex=4456, commits[ffc7b071-00b3-4a69-8de5-2639a1a8d8ac:c4456]
2019-06-12 16:05:01,005 INFO  client.GrpcClientProtocolClient (GrpcClientProtocolClient.java:onNext(254)) - client-7F7296B99608->ffc7b071-00b3-4a69-8de5-2639a1a8d8ac: receive RaftClientReply:client-7F7296B99608->ffc7b071-00b3-4a69-8de5-2639a1a8d8ac@group-6911E2D50CC5, cid=2654, SUCCESS, logIndex=4458, commits[ffc7b071-00b3-4a69-8de5-2639a1a8d8ac:c4458]
2019-06-12 16:05:01,010 INFO  client.GrpcClientProtocolClient (GrpcClientProtocolClient.java:onNext(254)) - client-7F7296B99608->ffc7b071-00b3-4a69-8de5-2639a1a8d8ac: receive RaftClientReply:client-7F7296B99608->ffc7b071-00b3-4a69-8de5-2639a1a8d8ac@group-6911E2D50CC5, cid=2655, SUCCESS, logIndex=4459, commits[ffc7b071-00b3-4a69-8de5-2639a1a8d8ac:c4461]
2019-06-12 16:05:01,010 INFO  client.GrpcClientProtocolClient (GrpcClientProtocolClient.java:onNext(254)) - client-7F7296B99608->ffc7b071-00b3-4a69-8de5-2639a1a8d8ac: receive RaftClientReply:client-7F7296B99608->ffc7b071-00b3-4a69-8de5-2639a1a8d8ac@group-6911E2D50CC5, cid=2656, SUCCESS, logIndex=4460, commits[ffc7b071-00b3-4a69-8de5-2639a1a8d8ac:c4461]
2019-06-12 16:05:01,016 DEBUG block.SCMBlockDeletingService (SCMBlockDeletingService.java:call(138)) - Running DeletedBlockTransactionScanner
2019-06-12 16:05:01,017 DEBUG block.SCMBlockDeletingService (SCMBlockDeletingService.java:call(155)) - Scanned deleted blocks log and got 0 delTX to process.
2019-06-12 16:05:01,023 INFO  client.GrpcClientProtocolClient (GrpcClientProtocolClient.java:onNext(254)) - client-7F7296B99608->ffc7b071-00b3-4a69-8de5-2639a1a8d8ac: receive RaftClientReply:client-7F7296B99608->ffc7b071-00b3-4a69-8de5-2639a1a8d8ac@group-6911E2D50CC5, cid=2657, SUCCESS, logIndex=4462, commits[ffc7b071-00b3-4a69-8de5-2639a1a8d8ac:c4462]
2019-06-12 16:05:01,024 INFO  client.GrpcClientProtocolClient (GrpcClientProtocolClient.java:onNext(254)) - client-7F7296B99608->ffc7b071-00b3-4a69-8de5-2639a1a8d8ac: receive RaftClientReply:client-7F7296B99608->ffc7b071-00b3-4a69-8de5-2639a1a8d8ac@group-6911E2D50CC5, cid=2658, SUCCESS, logIndex=4464, commits[ffc7b071-00b3-4a69-8de5-2639a1a8d8ac:c4464]
2019-06-12 16:05:01,025 INFO  client.GrpcClientProtocolClient (GrpcClientProtocolClient.java:onNext(254)) - client-7F7296B99608->ffc7b071-00b3-4a69-8de5-2639a1a8d8ac: receive RaftClientReply:client-7F7296B99608->ffc7b071-00b3-4a69-8de5-2639a1a8d8ac@group-6911E2D50CC5, cid=2659, SUCCESS, logIndex=4465, commits[ffc7b071-00b3-4a69-8de5-2639a1a8d8ac:c4467]
2019-06-12 16:05:01,025 INFO  client.GrpcClientProtocolClient (GrpcClientProtocolClient.java:onNext(254)) - client-7F7296B99608->ffc7b071-00b3-4a69-8de5-2639a1a8d8ac: receive RaftClientReply:client-7F7296B99608->ffc7b071-00b3-4a69-8de5-2639a1a8d8ac@group-6911E2D50CC5, cid=2660, SUCCESS, logIndex=4466, commits[ffc7b071-00b3-4a69-8de5-2639a1a8d8ac:c4467]
2019-06-12 16:05:01,030 INFO  client.GrpcClientProtocolClient (GrpcClientProtocolClient.java:onNext(254)) - client-7F7296B99608->ffc7b071-00b3-4a69-8de5-2639a1a8d8ac: receive RaftClientReply:client-7F7296B99608->ffc7b071-00b3-4a69-8de5-2639a1a8d8ac@group-6911E2D50CC5, cid=2661, SUCCESS, logIndex=4468, commits[ffc7b071-00b3-4a69-8de5-2639a1a8d8ac:c4468]
2019-06-12 16:05:01,030 INFO  storage.RaftLogWorker (RaftLogWorker.java:rollLogSegment(303)) - ffc7b071-00b3-4a69-8de5-2639a1a8d8ac-RaftLogWorker: Rolling segment log-4405_4469 to index:4469
2019-06-12 16:05:01,031 INFO  storage.RaftLogWorker (RaftLogWorker.java:execute(433)) - ffc7b071-00b3-4a69-8de5-2639a1a8d8ac-RaftLogWorker: Rolled log segment from /opt/src/hadoop-ozone/integration-test/target/test-dir/MiniOzoneClusterImpl-a1c7246e-c692-4524-ad55-32b507b20431/datanode-0/data/ratis/4417d833-4fb6-4fa2-9413-6911e2d50cc5/current/log_inprogress_4405 to /opt/src/hadoop-ozone/integration-test/target/test-dir/MiniOzoneClusterImpl-a1c7246e-c692-4524-ad55-32b507b20431/datanode-0/data/ratis/4417d833-4fb6-4fa2-9413-6911e2d50cc5/current/log_4405-4469
2019-06-12 16:05:01,065 INFO  storage.RaftLogWorker (RaftLogWorker.java:execute(469)) - ffc7b071-00b3-4a69-8de5-2639a1a8d8ac-RaftLogWorker: created new log segment /opt/src/hadoop-ozone/integration-test/target/test-dir/MiniOzoneClusterImpl-a1c7246e-c692-4524-ad55-32b507b20431/datanode-0/data/ratis/4417d833-4fb6-4fa2-9413-6911e2d50cc5/current/log_inprogress_4470
2019-06-12 16:05:01,067 INFO  client.GrpcClientProtocolClient (GrpcClientProtocolClient.java:onNext(254)) - client-7F7296B99608->ffc7b071-00b3-4a69-8de5-2639a1a8d8ac: receive RaftClientReply:client-7F7296B99608->ffc7b071-00b3-4a69-8de5-2639a1a8d8ac@group-6911E2D50CC5, cid=2662, SUCCESS, logIndex=4470, commits[ffc7b071-00b3-4a69-8de5-2639a1a8d8ac:c4472]
2019-06-12 16:05:01,068 INFO  client.GrpcClientProtocolClient (GrpcClientProtocolClient.java:onNext(254)) - client-7F7296B99608->ffc7b071-00b3-4a69-8de5-2639a1a8d8ac: receive RaftClientReply:client-7F7296B99608->ffc7b071-00b3-4a69-8de5-2639a1a8d8ac@group-6911E2D50CC5, cid=2663, SUCCESS, logIndex=4471, commits[ffc7b071-00b3-4a69-8de5-2639a1a8d8ac:c4472]
2019-06-12 16:05:01,068 INFO  client.GrpcClientProtocolClient (GrpcClientProtocolClient.java:onNext(254)) - client-7F7296B99608->ffc7b071-00b3-4a69-8de5-2639a1a8d8ac: receive RaftClientReply:client-7F7296B99608->ffc7b071-00b3-4a69-8de5-2639a1a8d8ac@group-6911E2D50CC5, cid=2664, SUCCESS, logIndex=4472, commits[ffc7b071-00b3-4a69-8de5-2639a1a8d8ac:c4472]
2019-06-12 16:05:01,078 INFO  client.GrpcClientProtocolClient (GrpcClientProtocolClient.java:onNext(254)) - client-7F7296B99608->ffc7b071-00b3-4a69-8de5-2639a1a8d8ac: receive RaftClientReply:client-7F7296B99608->ffc7b071-00b3-4a69-8de5-2639a1a8d8ac@group-6911E2D50CC5, cid=2665, SUCCESS, logIndex=4474, commits[ffc7b071-00b3-4a69-8de5-2639a1a8d8ac:c4474]
2019-06-12 16:05:01,079 INFO  client.GrpcClientProtocolClient (GrpcClientProtocolClient.java:onNext(254)) - client-7F7296B99608->ffc7b071-00b3-4a69-8de5-2639a1a8d8ac: receive RaftClientReply:client-7F7296B99608->ffc7b071-00b3-4a69-8de5-2639a1a8d8ac@group-6911E2D50CC5, cid=2666, SUCCESS, logIndex=4476, commits[ffc7b071-00b3-4a69-8de5-2639a1a8d8ac:c4476]
2019-06-12 16:05:01,080 INFO  client.GrpcClientProtocolClient (GrpcClientProtocolClient.java:onNext(254)) - client-7F7296B99608->ffc7b071-00b3-4a69-8de5-2639a1a8d8ac: receive RaftClientReply:client-7F7296B99608->ffc7b071-00b3-4a69-8de5-2639a1a8d8ac@group-6911E2D50CC5, cid=2667, SUCCESS, logIndex=4477, commits[ffc7b071-00b3-4a69-8de5-2639a1a8d8ac:c4479]
2019-06-12 16:05:01,080 INFO  client.GrpcClientProtocolClient (GrpcClientProtocolClient.java:onNext(254)) - client-7F7296B99608->ffc7b071-00b3-4a69-8de5-2639a1a8d8ac: receive RaftClientReply:client-7F7296B99608->ffc7b071-00b3-4a69-8de5-2639a1a8d8ac@group-6911E2D50CC5, cid=2668, SUCCESS, logIndex=4478, commits[ffc7b071-00b3-4a69-8de5-2639a1a8d8ac:c4479]
2019-06-12 16:05:01,085 INFO  client.GrpcClientProtocolClient (GrpcClientProtocolClient.java:onNext(254)) - client-7F7296B99608->ffc7b071-00b3-4a69-8de5-2639a1a8d8ac: receive RaftClientReply:client-7F7296B99608->ffc7b071-00b3-4a69-8de5-2639a1a8d8ac@group-6911E2D50CC5, cid=2669, SUCCESS, logIndex=4480, commits[ffc7b071-00b3-4a69-8de5-2639a1a8d8ac:c4480]
2019-06-12 16:05:01,087 INFO  client.GrpcClientProtocolClient (GrpcClientProtocolClient.java:onNext(254)) - client-7F7296B99608->ffc7b071-00b3-4a69-8de5-2639a1a8d8ac: receive RaftClientReply:client-7F7296B99608->ffc7b071-00b3-4a69-8de5-2639a1a8d8ac@group-6911E2D50CC5, cid=2670, SUCCESS, logIndex=4482, commits[ffc7b071-00b3-4a69-8de5-2639a1a8d8ac:c4482]
2019-06-12 16:05:01,088 INFO  client.GrpcClientProtocolClient (GrpcClientProtocolClient.java:onNext(254)) - client-7F7296B99608->ffc7b071-00b3-4a69-8de5-2639a1a8d8ac: receive RaftClientReply:client-7F7296B99608->ffc7b071-00b3-4a69-8de5-2639a1a8d8ac@group-6911E2D50CC5, cid=2671, SUCCESS, logIndex=4483, commits[ffc7b071-00b3-4a69-8de5-2639a1a8d8ac:c4483]
2019-06-12 16:05:01,088 INFO  client.GrpcClientProtocolClient (GrpcClientProtocolClient.java:onNext(254)) - client-7F7296B99608->ffc7b071-00b3-4a69-8de5-2639a1a8d8ac: receive RaftClientReply:client-7F7296B99608->ffc7b071-00b3-4a69-8de5-2639a1a8d8ac@group-6911E2D50CC5, cid=2672, SUCCESS, logIndex=4485, commits[ffc7b071-00b3-4a69-8de5-2639a1a8d8ac:c4485]
2019-06-12 16:05:01,098 INFO  client.GrpcClientProtocolClient (GrpcClientProtocolClient.java:onNext(254)) - client-7F7296B99608->ffc7b071-00b3-4a69-8de5-2639a1a8d8ac: receive RaftClientReply:client-7F7296B99608->ffc7b071-00b3-4a69-8de5-2639a1a8d8ac@group-6911E2D50CC5, cid=2673, SUCCESS, logIndex=4488, commits[ffc7b071-00b3-4a69-8de5-2639a1a8d8ac:c4488]
2019-06-12 16:05:01,099 INFO  client.GrpcClientProtocolClient (GrpcClientProtocolClient.java:onNext(254)) - client-7F7296B99608->ffc7b071-00b3-4a69-8de5-2639a1a8d8ac: receive RaftClientReply:client-7F7296B99608->ffc7b071-00b3-4a69-8de5-2639a1a8d8ac@group-6911E2D50CC5, cid=2674, SUCCESS, logIndex=4490, commits[ffc7b071-00b3-4a69-8de5-2639a1a8d8ac:c4490]
2019-06-12 16:05:01,100 INFO  client.GrpcClientProtocolClient (GrpcClientProtocolClient.java:onNext(254)) - client-7F7296B99608->ffc7b071-00b3-4a69-8de5-2639a1a8d8ac: receive RaftClientReply:client-7F7296B99608->ffc7b071-00b3-4a69-8de5-2639a1a8d8ac@group-6911E2D50CC5, cid=2675, SUCCESS, logIndex=4491, commits[ffc7b071-00b3-4a69-8de5-2639a1a8d8ac:c4493]
2019-06-12 16:05:01,100 INFO  client.GrpcClientProtocolClient (GrpcClientProtocolClient.java:onNext(254)) - client-7F7296B99608->ffc7b071-00b3-4a69-8de5-2639a1a8d8ac: receive RaftClientReply:client-7F7296B99608->ffc7b071-00b3-4a69-8de5-2639a1a8d8ac@group-6911E2D50CC5, cid=2676, SUCCESS, logIndex=4492, commits[ffc7b071-00b3-4a69-8de5-2639a1a8d8ac:c4493]
2019-06-12 16:05:01,105 INFO  client.GrpcClientProtocolClient (GrpcClientProtocolClient.java:onNext(254)) - client-7F7296B99608->ffc7b071-00b3-4a69-8de5-2639a1a8d8ac: receive RaftClientReply:client-7F7296B99608->ffc7b071-00b3-4a69-8de5-2639a1a8d8ac@group-6911E2D50CC5, cid=2677, SUCCESS, logIndex=4494, commits[ffc7b071-00b3-4a69-8de5-2639a1a8d8ac:c4494]
2019-06-12 16:05:01,106 INFO  client.GrpcClientProtocolClient (GrpcClientProtocolClient.java:onNext(254)) - client-7F7296B99608->ffc7b071-00b3-4a69-8de5-2639a1a8d8ac: receive RaftClientReply:client-7F7296B99608->ffc7b071-00b3-4a69-8de5-2639a1a8d8ac@group-6911E2D50CC5, cid=2678, SUCCESS, logIndex=4496, commits[ffc7b071-00b3-4a69-8de5-2639a1a8d8ac:c4496]
2019-06-12 16:05:01,107 INFO  client.GrpcClientProtocolClient (GrpcClientProtocolClient.java:onNext(254)) - client-7F7296B99608->ffc7b071-00b3-4a69-8de5-2639a1a8d8ac: receive RaftClientReply:client-7F7296B99608->ffc7b071-00b3-4a69-8de5-2639a1a8d8ac@group-6911E2D50CC5, cid=2679, SUCCESS, logIndex=4497, commits[ffc7b071-00b3-4a69-8de5-2639a1a8d8ac:c4499]
2019-06-12 16:05:01,107 INFO  client.GrpcClientProtocolClient (GrpcClientProtocolClient.java:onNext(254)) - client-7F7296B99608->ffc7b071-00b3-4a69-8de5-2639a1a8d8ac: receive RaftClientReply:client-7F7296B99608->ffc7b071-00b3-4a69-8de5-2639a1a8d8ac@group-6911E2D50CC5, cid=2680, SUCCESS, logIndex=4498, commits[ffc7b071-00b3-4a69-8de5-2639a1a8d8ac:c4499]
2019-06-12 16:05:01,118 INFO  client.GrpcClientProtocolClient (GrpcClientProtocolClient.java:onNext(254)) - client-7F7296B99608->ffc7b071-00b3-4a69-8de5-2639a1a8d8ac: receive RaftClientReply:client-7F7296B99608->ffc7b071-00b3-4a69-8de5-2639a1a8d8ac@group-6911E2D50CC5, cid=2681, SUCCESS, logIndex=4500, commits[ffc7b071-00b3-4a69-8de5-2639a1a8d8ac:c4500]
2019-06-12 16:05:01,120 INFO  client.GrpcClientProtocolClient (GrpcClientProtocolClient.java:onNext(254)) - client-7F7296B99608->ffc7b071-00b3-4a69-8de5-2639a1a8d8ac: receive RaftClientReply:client-7F7296B99608->ffc7b071-00b3-4a69-8de5-2639a1a8d8ac@group-6911E2D50CC5, cid=2682, SUCCESS, logIndex=4502, commits[ffc7b071-00b3-4a69-8de5-2639a1a8d8ac:c4502]
2019-06-12 16:05:01,120 DEBUG block.SCMBlockDeletingService (SCMBlockDeletingService.java:call(138)) - Running DeletedBlockTransactionScanner
2019-06-12 16:05:01,122 DEBUG block.SCMBlockDeletingService (SCMBlockDeletingService.java:call(155)) - Scanned deleted blocks log and got 0 delTX to process.
2019-06-12 16:05:01,123 INFO  client.GrpcClientProtocolClient (GrpcClientProtocolClient.java:onNext(254)) - client-7F7296B99608->ffc7b071-00b3-4a69-8de5-2639a1a8d8ac: receive RaftClientReply:client-7F7296B99608->ffc7b071-00b3-4a69-8de5-2639a1a8d8ac@group-6911E2D50CC5, cid=2683, SUCCESS, logIndex=4503, commits[ffc7b071-00b3-4a69-8de5-2639a1a8d8ac:c4505]
2019-06-12 16:05:01,123 INFO  client.GrpcClientProtocolClient (GrpcClientProtocolClient.java:onNext(254)) - client-7F7296B99608->ffc7b071-00b3-4a69-8de5-2639a1a8d8ac: receive RaftClientReply:client-7F7296B99608->ffc7b071-00b3-4a69-8de5-2639a1a8d8ac@group-6911E2D50CC5, cid=2684, SUCCESS, logIndex=4504, commits[ffc7b071-00b3-4a69-8de5-2639a1a8d8ac:c4505]
2019-06-12 16:05:01,128 INFO  client.GrpcClientProtocolClient (GrpcClientProtocolClient.java:onNext(254)) - client-7F7296B99608->ffc7b071-00b3-4a69-8de5-2639a1a8d8ac: receive RaftClientReply:client-7F7296B99608->ffc7b071-00b3-4a69-8de5-2639a1a8d8ac@group-6911E2D50CC5, cid=2685, SUCCESS, logIndex=4506, commits[ffc7b071-00b3-4a69-8de5-2639a1a8d8ac:c4506]
2019-06-12 16:05:01,129 INFO  client.GrpcClientProtocolClient (GrpcClientProtocolClient.java:onNext(254)) - client-7F7296B99608->ffc7b071-00b3-4a69-8de5-2639a1a8d8ac: receive RaftClientReply:client-7F7296B99608->ffc7b071-00b3-4a69-8de5-2639a1a8d8ac@group-6911E2D50CC5, cid=2686, SUCCESS, logIndex=4508, commits[ffc7b071-00b3-4a69-8de5-2639a1a8d8ac:c4508]
2019-06-12 16:05:01,130 INFO  client.GrpcClientProtocolClient (GrpcClientProtocolClient.java:onNext(254)) - client-7F7296B99608->ffc7b071-00b3-4a69-8de5-2639a1a8d8ac: receive RaftClientReply:client-7F7296B99608->ffc7b071-00b3-4a69-8de5-2639a1a8d8ac@group-6911E2D50CC5, cid=2687, SUCCESS, logIndex=4509, commits[ffc7b071-00b3-4a69-8de5-2639a1a8d8ac:c4511]
2019-06-12 16:05:01,131 INFO  client.GrpcClientProtocolClient (GrpcClientProtocolClient.java:onNext(254)) - client-7F7296B99608->ffc7b071-00b3-4a69-8de5-2639a1a8d8ac: receive RaftClientReply:client-7F7296B99608->ffc7b071-00b3-4a69-8de5-2639a1a8d8ac@group-6911E2D50CC5, cid=2688, SUCCESS, logIndex=4510, commits[ffc7b071-00b3-4a69-8de5-2639a1a8d8ac:c4511]
2019-06-12 16:05:01,140 INFO  client.GrpcClientProtocolClient (GrpcClientProtocolClient.java:onNext(254)) - client-7F7296B99608->ffc7b071-00b3-4a69-8de5-2639a1a8d8ac: receive RaftClientReply:client-7F7296B99608->ffc7b071-00b3-4a69-8de5-2639a1a8d8ac@group-6911E2D50CC5, cid=2689, SUCCESS, logIndex=4512, commits[ffc7b071-00b3-4a69-8de5-2639a1a8d8ac:c4512]
2019-06-12 16:05:01,142 INFO  client.GrpcClientProtocolClient (GrpcClientProtocolClient.java:onNext(254)) - client-7F7296B99608->ffc7b071-00b3-4a69-8de5-2639a1a8d8ac: receive RaftClientReply:client-7F7296B99608->ffc7b071-00b3-4a69-8de5-2639a1a8d8ac@group-6911E2D50CC5, cid=2690, SUCCESS, logIndex=4514, commits[ffc7b071-00b3-4a69-8de5-2639a1a8d8ac:c4514]
2019-06-12 16:05:01,142 INFO  client.GrpcClientProtocolClient (GrpcClientProtocolClient.java:onNext(254)) - client-7F7296B99608->ffc7b071-00b3-4a69-8de5-2639a1a8d8ac: receive RaftClientReply:client-7F7296B99608->ffc7b071-00b3-4a69-8de5-2639a1a8d8ac@group-6911E2D50CC5, cid=2691, SUCCESS, logIndex=4515, commits[ffc7b071-00b3-4a69-8de5-2639a1a8d8ac:c4515]
2019-06-12 16:05:01,143 INFO  client.GrpcClientProtocolClient (GrpcClientProtocolClient.java:onNext(254)) - client-7F7296B99608->ffc7b071-00b3-4a69-8de5-2639a1a8d8ac: receive RaftClientReply:client-7F7296B99608->ffc7b071-00b3-4a69-8de5-2639a1a8d8ac@group-6911E2D50CC5, cid=2692, SUCCESS, logIndex=4517, commits[ffc7b071-00b3-4a69-8de5-2639a1a8d8ac:c4517]
2019-06-12 16:05:01,190 INFO  client.GrpcClientProtocolClient (GrpcClientProtocolClient.java:onNext(254)) - client-7F7296B99608->ffc7b071-00b3-4a69-8de5-2639a1a8d8ac: receive RaftClientReply:client-7F7296B99608->ffc7b071-00b3-4a69-8de5-2639a1a8d8ac@group-6911E2D50CC5, cid=2693, SUCCESS, logIndex=4520, commits[ffc7b071-00b3-4a69-8de5-2639a1a8d8ac:c4521]
2019-06-12 16:05:01,192 INFO  client.GrpcClientProtocolClient (GrpcClientProtocolClient.java:onNext(254)) - client-7F7296B99608->ffc7b071-00b3-4a69-8de5-2639a1a8d8ac: receive RaftClientReply:client-7F7296B99608->ffc7b071-00b3-4a69-8de5-2639a1a8d8ac@group-6911E2D50CC5, cid=2694, SUCCESS, logIndex=4522, commits[ffc7b071-00b3-4a69-8de5-2639a1a8d8ac:c4522]
2019-06-12 16:05:01,192 INFO  client.GrpcClientProtocolClient (GrpcClientProtocolClient.java:onNext(254)) - client-7F7296B99608->ffc7b071-00b3-4a69-8de5-2639a1a8d8ac: receive RaftClientReply:client-7F7296B99608->ffc7b071-00b3-4a69-8de5-2639a1a8d8ac@group-6911E2D50CC5, cid=2695, SUCCESS, logIndex=4523, commits[ffc7b071-00b3-4a69-8de5-2639a1a8d8ac:c4525]
2019-06-12 16:05:01,193 INFO  client.GrpcClientProtocolClient (GrpcClientProtocolClient.java:onNext(254)) - client-7F7296B99608->ffc7b071-00b3-4a69-8de5-2639a1a8d8ac: receive RaftClientReply:client-7F7296B99608->ffc7b071-00b3-4a69-8de5-2639a1a8d8ac@group-6911E2D50CC5, cid=2696, SUCCESS, logIndex=4524, commits[ffc7b071-00b3-4a69-8de5-2639a1a8d8ac:c4525]
2019-06-12 16:05:01,223 DEBUG block.SCMBlockDeletingService (SCMBlockDeletingService.java:call(138)) - Running DeletedBlockTransactionScanner
2019-06-12 16:05:01,223 DEBUG block.SCMBlockDeletingService (SCMBlockDeletingService.java:call(155)) - Scanned deleted blocks log and got 0 delTX to process.
2019-06-12 16:05:01,271 INFO  client.GrpcClientProtocolClient (GrpcClientProtocolClient.java:onNext(254)) - client-7F7296B99608->ffc7b071-00b3-4a69-8de5-2639a1a8d8ac: receive RaftClientReply:client-7F7296B99608->ffc7b071-00b3-4a69-8de5-2639a1a8d8ac@group-6911E2D50CC5, cid=2697, SUCCESS, logIndex=4526, commits[ffc7b071-00b3-4a69-8de5-2639a1a8d8ac:c4526]
2019-06-12 16:05:01,272 INFO  client.GrpcClientProtocolClient (GrpcClientProtocolClient.java:onNext(254)) - client-7F7296B99608->ffc7b071-00b3-4a69-8de5-2639a1a8d8ac: receive RaftClientReply:client-7F7296B99608->ffc7b071-00b3-4a69-8de5-2639a1a8d8ac@group-6911E2D50CC5, cid=2698, SUCCESS, logIndex=4528, commits[ffc7b071-00b3-4a69-8de5-2639a1a8d8ac:c4528]
2019-06-12 16:05:01,273 INFO  client.GrpcClientProtocolClient (GrpcClientProtocolClient.java:onNext(254)) - client-7F7296B99608->ffc7b071-00b3-4a69-8de5-2639a1a8d8ac: receive RaftClientReply:client-7F7296B99608->ffc7b071-00b3-4a69-8de5-2639a1a8d8ac@group-6911E2D50CC5, cid=2699, SUCCESS, logIndex=4529, commits[ffc7b071-00b3-4a69-8de5-2639a1a8d8ac:c4529]
2019-06-12 16:05:01,274 INFO  client.GrpcClientProtocolClient (GrpcClientProtocolClient.java:onNext(254)) - client-7F7296B99608->ffc7b071-00b3-4a69-8de5-2639a1a8d8ac: receive RaftClientReply:client-7F7296B99608->ffc7b071-00b3-4a69-8de5-2639a1a8d8ac@group-6911E2D50CC5, cid=2700, SUCCESS, logIndex=4531, commits[ffc7b071-00b3-4a69-8de5-2639a1a8d8ac:c4531]
2019-06-12 16:05:01,279 INFO  client.GrpcClientProtocolClient (GrpcClientProtocolClient.java:onNext(254)) - client-7F7296B99608->ffc7b071-00b3-4a69-8de5-2639a1a8d8ac: receive RaftClientReply:client-7F7296B99608->ffc7b071-00b3-4a69-8de5-2639a1a8d8ac@group-6911E2D50CC5, cid=2701, SUCCESS, logIndex=4534, commits[ffc7b071-00b3-4a69-8de5-2639a1a8d8ac:c4534]
2019-06-12 16:05:01,280 INFO  client.GrpcClientProtocolClient (GrpcClientProtocolClient.java:onNext(254)) - client-7F7296B99608->ffc7b071-00b3-4a69-8de5-2639a1a8d8ac: receive RaftClientReply:client-7F7296B99608->ffc7b071-00b3-4a69-8de5-2639a1a8d8ac@group-6911E2D50CC5, cid=2702, SUCCESS, logIndex=4536, commits[ffc7b071-00b3-4a69-8de5-2639a1a8d8ac:c4536]
2019-06-12 16:05:01,281 INFO  client.GrpcClientProtocolClient (GrpcClientProtocolClient.java:onNext(254)) - client-7F7296B99608->ffc7b071-00b3-4a69-8de5-2639a1a8d8ac: receive RaftClientReply:client-7F7296B99608->ffc7b071-00b3-4a69-8de5-2639a1a8d8ac@group-6911E2D50CC5, cid=2703, SUCCESS, logIndex=4537, commits[ffc7b071-00b3-4a69-8de5-2639a1a8d8ac:c4539]
2019-06-12 16:05:01,281 INFO  client.GrpcClientProtocolClient (GrpcClientProtocolClient.java:onNext(254)) - client-7F7296B99608->ffc7b071-00b3-4a69-8de5-2639a1a8d8ac: receive RaftClientReply:client-7F7296B99608->ffc7b071-00b3-4a69-8de5-2639a1a8d8ac@group-6911E2D50CC5, cid=2704, SUCCESS, logIndex=4538, commits[ffc7b071-00b3-4a69-8de5-2639a1a8d8ac:c4539]
2019-06-12 16:05:01,288 INFO  storage.RaftLogWorker (RaftLogWorker.java:rollLogSegment(303)) - ffc7b071-00b3-4a69-8de5-2639a1a8d8ac-RaftLogWorker: Rolling segment log-4470_4539 to index:4539
2019-06-12 16:05:01,289 INFO  storage.RaftLogWorker (RaftLogWorker.java:execute(433)) - ffc7b071-00b3-4a69-8de5-2639a1a8d8ac-RaftLogWorker: Rolled log segment from /opt/src/hadoop-ozone/integration-test/target/test-dir/MiniOzoneClusterImpl-a1c7246e-c692-4524-ad55-32b507b20431/datanode-0/data/ratis/4417d833-4fb6-4fa2-9413-6911e2d50cc5/current/log_inprogress_4470 to /opt/src/hadoop-ozone/integration-test/target/test-dir/MiniOzoneClusterImpl-a1c7246e-c692-4524-ad55-32b507b20431/datanode-0/data/ratis/4417d833-4fb6-4fa2-9413-6911e2d50cc5/current/log_4470-4539
2019-06-12 16:05:01,323 DEBUG block.SCMBlockDeletingService (SCMBlockDeletingService.java:call(138)) - Running DeletedBlockTransactionScanner
2019-06-12 16:05:01,323 DEBUG block.SCMBlockDeletingService (SCMBlockDeletingService.java:call(155)) - Scanned deleted blocks log and got 0 delTX to process.
2019-06-12 16:05:01,332 INFO  storage.RaftLogWorker (RaftLogWorker.java:execute(469)) - ffc7b071-00b3-4a69-8de5-2639a1a8d8ac-RaftLogWorker: created new log segment /opt/src/hadoop-ozone/integration-test/target/test-dir/MiniOzoneClusterImpl-a1c7246e-c692-4524-ad55-32b507b20431/datanode-0/data/ratis/4417d833-4fb6-4fa2-9413-6911e2d50cc5/current/log_inprogress_4540
2019-06-12 16:05:01,333 INFO  client.GrpcClientProtocolClient (GrpcClientProtocolClient.java:onNext(254)) - client-7F7296B99608->ffc7b071-00b3-4a69-8de5-2639a1a8d8ac: receive RaftClientReply:client-7F7296B99608->ffc7b071-00b3-4a69-8de5-2639a1a8d8ac@group-6911E2D50CC5, cid=2705, SUCCESS, logIndex=4540, commits[ffc7b071-00b3-4a69-8de5-2639a1a8d8ac:c4540]
2019-06-12 16:05:01,335 INFO  client.GrpcClientProtocolClient (GrpcClientProtocolClient.java:onNext(254)) - client-7F7296B99608->ffc7b071-00b3-4a69-8de5-2639a1a8d8ac: receive RaftClientReply:client-7F7296B99608->ffc7b071-00b3-4a69-8de5-2639a1a8d8ac@group-6911E2D50CC5, cid=2706, SUCCESS, logIndex=4542, commits[ffc7b071-00b3-4a69-8de5-2639a1a8d8ac:c4542]
2019-06-12 16:05:01,336 INFO  client.GrpcClientProtocolClient (GrpcClientProtocolClient.java:onNext(254)) - client-7F7296B99608->ffc7b071-00b3-4a69-8de5-2639a1a8d8ac: receive RaftClientReply:client-7F7296B99608->ffc7b071-00b3-4a69-8de5-2639a1a8d8ac@group-6911E2D50CC5, cid=2707, SUCCESS, logIndex=4543, commits[ffc7b071-00b3-4a69-8de5-2639a1a8d8ac:c4543]
2019-06-12 16:05:01,336 INFO  client.GrpcClientProtocolClient (GrpcClientProtocolClient.java:onNext(254)) - client-7F7296B99608->ffc7b071-00b3-4a69-8de5-2639a1a8d8ac: receive RaftClientReply:client-7F7296B99608->ffc7b071-00b3-4a69-8de5-2639a1a8d8ac@group-6911E2D50CC5, cid=2708, SUCCESS, logIndex=4545, commits[ffc7b071-00b3-4a69-8de5-2639a1a8d8ac:c4545]
2019-06-12 16:05:01,341 INFO  client.GrpcClientProtocolClient (GrpcClientProtocolClient.java:onNext(254)) - client-7F7296B99608->ffc7b071-00b3-4a69-8de5-2639a1a8d8ac: receive RaftClientReply:client-7F7296B99608->ffc7b071-00b3-4a69-8de5-2639a1a8d8ac@group-6911E2D50CC5, cid=2709, SUCCESS, logIndex=4548, commits[ffc7b071-00b3-4a69-8de5-2639a1a8d8ac:c4548]
2019-06-12 16:05:01,343 INFO  client.GrpcClientProtocolClient (GrpcClientProtocolClient.java:onNext(254)) - client-7F7296B99608->ffc7b071-00b3-4a69-8de5-2639a1a8d8ac: receive RaftClientReply:client-7F7296B99608->ffc7b071-00b3-4a69-8de5-2639a1a8d8ac@group-6911E2D50CC5, cid=2710, SUCCESS, logIndex=4550, commits[ffc7b071-00b3-4a69-8de5-2639a1a8d8ac:c4550]
2019-06-12 16:05:01,344 INFO  client.GrpcClientProtocolClient (GrpcClientProtocolClient.java:onNext(254)) - client-7F7296B99608->ffc7b071-00b3-4a69-8de5-2639a1a8d8ac: receive RaftClientReply:client-7F7296B99608->ffc7b071-00b3-4a69-8de5-2639a1a8d8ac@group-6911E2D50CC5, cid=2711, SUCCESS, logIndex=4551, commits[ffc7b071-00b3-4a69-8de5-2639a1a8d8ac:c4552]
2019-06-12 16:05:01,344 INFO  client.GrpcClientProtocolClient (GrpcClientProtocolClient.java:onNext(254)) - client-7F7296B99608->ffc7b071-00b3-4a69-8de5-2639a1a8d8ac: receive RaftClientReply:client-7F7296B99608->ffc7b071-00b3-4a69-8de5-2639a1a8d8ac@group-6911E2D50CC5, cid=2712, SUCCESS, logIndex=4552, commits[ffc7b071-00b3-4a69-8de5-2639a1a8d8ac:c4552]
2019-06-12 16:05:01,353 INFO  client.GrpcClientProtocolClient (GrpcClientProtocolClient.java:onNext(254)) - client-7F7296B99608->ffc7b071-00b3-4a69-8de5-2639a1a8d8ac: receive RaftClientReply:client-7F7296B99608->ffc7b071-00b3-4a69-8de5-2639a1a8d8ac@group-6911E2D50CC5, cid=2713, SUCCESS, logIndex=4555, commits[ffc7b071-00b3-4a69-8de5-2639a1a8d8ac:c4555]
2019-06-12 16:05:01,355 INFO  client.GrpcClientProtocolClient (GrpcClientProtocolClient.java:onNext(254)) - client-7F7296B99608->ffc7b071-00b3-4a69-8de5-2639a1a8d8ac: receive RaftClientReply:client-7F7296B99608->ffc7b071-00b3-4a69-8de5-2639a1a8d8ac@group-6911E2D50CC5, cid=2714, SUCCESS, logIndex=4557, commits[ffc7b071-00b3-4a69-8de5-2639a1a8d8ac:c4557]
2019-06-12 16:05:01,356 INFO  client.GrpcClientProtocolClient (GrpcClientProtocolClient.java:onNext(254)) - client-7F7296B99608->ffc7b071-00b3-4a69-8de5-2639a1a8d8ac: receive RaftClientReply:client-7F7296B99608->ffc7b071-00b3-4a69-8de5-2639a1a8d8ac@group-6911E2D50CC5, cid=2715, SUCCESS, logIndex=4558, commits[ffc7b071-00b3-4a69-8de5-2639a1a8d8ac:c4560]
2019-06-12 16:05:01,356 INFO  client.GrpcClientProtocolClient (GrpcClientProtocolClient.java:onNext(254)) - client-7F7296B99608->ffc7b071-00b3-4a69-8de5-2639a1a8d8ac: receive RaftClientReply:client-7F7296B99608->ffc7b071-00b3-4a69-8de5-2639a1a8d8ac@group-6911E2D50CC5, cid=2716, SUCCESS, logIndex=4559, commits[ffc7b071-00b3-4a69-8de5-2639a1a8d8ac:c4560]
2019-06-12 16:05:01,361 INFO  client.GrpcClientProtocolClient (GrpcClientProtocolClient.java:onNext(254)) - client-7F7296B99608->ffc7b071-00b3-4a69-8de5-2639a1a8d8ac: receive RaftClientReply:client-7F7296B99608->ffc7b071-00b3-4a69-8de5-2639a1a8d8ac@group-6911E2D50CC5, cid=2717, SUCCESS, logIndex=4561, commits[ffc7b071-00b3-4a69-8de5-2639a1a8d8ac:c4561]
2019-06-12 16:05:01,362 INFO  client.GrpcClientProtocolClient (GrpcClientProtocolClient.java:onNext(254)) - client-7F7296B99608->ffc7b071-00b3-4a69-8de5-2639a1a8d8ac: receive RaftClientReply:client-7F7296B99608->ffc7b071-00b3-4a69-8de5-2639a1a8d8ac@group-6911E2D50CC5, cid=2718, SUCCESS, logIndex=4563, commits[ffc7b071-00b3-4a69-8de5-2639a1a8d8ac:c4563]
2019-06-12 16:05:01,363 INFO  client.GrpcClientProtocolClient (GrpcClientProtocolClient.java:onNext(254)) - client-7F7296B99608->ffc7b071-00b3-4a69-8de5-2639a1a8d8ac: receive RaftClientReply:client-7F7296B99608->ffc7b071-00b3-4a69-8de5-2639a1a8d8ac@group-6911E2D50CC5, cid=2719, SUCCESS, logIndex=4564, commits[ffc7b071-00b3-4a69-8de5-2639a1a8d8ac:c4566]
2019-06-12 16:05:01,364 INFO  client.GrpcClientProtocolClient (GrpcClientProtocolClient.java:onNext(254)) - client-7F7296B99608->ffc7b071-00b3-4a69-8de5-2639a1a8d8ac: receive RaftClientReply:client-7F7296B99608->ffc7b071-00b3-4a69-8de5-2639a1a8d8ac@group-6911E2D50CC5, cid=2720, SUCCESS, logIndex=4565, commits[ffc7b071-00b3-4a69-8de5-2639a1a8d8ac:c4566]
2019-06-12 16:05:01,372 INFO  client.GrpcClientProtocolClient (GrpcClientProtocolClient.java:onNext(254)) - client-7F7296B99608->ffc7b071-00b3-4a69-8de5-2639a1a8d8ac: receive RaftClientReply:client-7F7296B99608->ffc7b071-00b3-4a69-8de5-2639a1a8d8ac@group-6911E2D50CC5, cid=2721, SUCCESS, logIndex=4567, commits[ffc7b071-00b3-4a69-8de5-2639a1a8d8ac:c4567]
2019-06-12 16:05:01,373 INFO  client.GrpcClientProtocolClient (GrpcClientProtocolClient.java:onNext(254)) - client-7F7296B99608->ffc7b071-00b3-4a69-8de5-2639a1a8d8ac: receive RaftClientReply:client-7F7296B99608->ffc7b071-00b3-4a69-8de5-2639a1a8d8ac@group-6911E2D50CC5, cid=2722, SUCCESS, logIndex=4569, commits[ffc7b071-00b3-4a69-8de5-2639a1a8d8ac:c4569]
2019-06-12 16:05:01,374 INFO  client.GrpcClientProtocolClient (GrpcClientProtocolClient.java:onNext(254)) - client-7F7296B99608->ffc7b071-00b3-4a69-8de5-2639a1a8d8ac: receive RaftClientReply:client-7F7296B99608->ffc7b071-00b3-4a69-8de5-2639a1a8d8ac@group-6911E2D50CC5, cid=2723, SUCCESS, logIndex=4570, commits[ffc7b071-00b3-4a69-8de5-2639a1a8d8ac:c4572]
2019-06-12 16:05:01,375 INFO  client.GrpcClientProtocolClient (GrpcClientProtocolClient.java:onNext(254)) - client-7F7296B99608->ffc7b071-00b3-4a69-8de5-2639a1a8d8ac: receive RaftClientReply:client-7F7296B99608->ffc7b071-00b3-4a69-8de5-2639a1a8d8ac@group-6911E2D50CC5, cid=2724, SUCCESS, logIndex=4571, commits[ffc7b071-00b3-4a69-8de5-2639a1a8d8ac:c4572]
2019-06-12 16:05:01,379 INFO  client.GrpcClientProtocolClient (GrpcClientProtocolClient.java:onNext(254)) - client-7F7296B99608->ffc7b071-00b3-4a69-8de5-2639a1a8d8ac: receive RaftClientReply:client-7F7296B99608->ffc7b071-00b3-4a69-8de5-2639a1a8d8ac@group-6911E2D50CC5, cid=2725, SUCCESS, logIndex=4573, commits[ffc7b071-00b3-4a69-8de5-2639a1a8d8ac:c4573]
2019-06-12 16:05:01,381 INFO  client.GrpcClientProtocolClient (GrpcClientProtocolClient.java:onNext(254)) - client-7F7296B99608->ffc7b071-00b3-4a69-8de5-2639a1a8d8ac: receive RaftClientReply:client-7F7296B99608->ffc7b071-00b3-4a69-8de5-2639a1a8d8ac@group-6911E2D50CC5, cid=2726, SUCCESS, logIndex=4575, commits[ffc7b071-00b3-4a69-8de5-2639a1a8d8ac:c4575]
2019-06-12 16:05:01,382 INFO  client.GrpcClientProtocolClient (GrpcClientProtocolClient.java:onNext(254)) - client-7F7296B99608->ffc7b071-00b3-4a69-8de5-2639a1a8d8ac: receive RaftClientReply:client-7F7296B99608->ffc7b071-00b3-4a69-8de5-2639a1a8d8ac@group-6911E2D50CC5, cid=2727, SUCCESS, logIndex=4576, commits[ffc7b071-00b3-4a69-8de5-2639a1a8d8ac:c4576]
2019-06-12 16:05:01,382 INFO  client.GrpcClientProtocolClient (GrpcClientProtocolClient.java:onNext(254)) - client-7F7296B99608->ffc7b071-00b3-4a69-8de5-2639a1a8d8ac: receive RaftClientReply:client-7F7296B99608->ffc7b071-00b3-4a69-8de5-2639a1a8d8ac@group-6911E2D50CC5, cid=2728, SUCCESS, logIndex=4578, commits[ffc7b071-00b3-4a69-8de5-2639a1a8d8ac:c4578]
2019-06-12 16:05:01,392 INFO  client.GrpcClientProtocolClient (GrpcClientProtocolClient.java:onNext(254)) - client-7F7296B99608->ffc7b071-00b3-4a69-8de5-2639a1a8d8ac: receive RaftClientReply:client-7F7296B99608->ffc7b071-00b3-4a69-8de5-2639a1a8d8ac@group-6911E2D50CC5, cid=2729, SUCCESS, logIndex=4581, commits[ffc7b071-00b3-4a69-8de5-2639a1a8d8ac:c4581]
2019-06-12 16:05:01,394 INFO  client.GrpcClientProtocolClient (GrpcClientProtocolClient.java:onNext(254)) - client-7F7296B99608->ffc7b071-00b3-4a69-8de5-2639a1a8d8ac: receive RaftClientReply:client-7F7296B99608->ffc7b071-00b3-4a69-8de5-2639a1a8d8ac@group-6911E2D50CC5, cid=2730, SUCCESS, logIndex=4583, commits[ffc7b071-00b3-4a69-8de5-2639a1a8d8ac:c4583]
2019-06-12 16:05:01,395 INFO  client.GrpcClientProtocolClient (GrpcClientProtocolClient.java:onNext(254)) - client-7F7296B99608->ffc7b071-00b3-4a69-8de5-2639a1a8d8ac: receive RaftClientReply:client-7F7296B99608->ffc7b071-00b3-4a69-8de5-2639a1a8d8ac@group-6911E2D50CC5, cid=2731, SUCCESS, logIndex=4584, commits[ffc7b071-00b3-4a69-8de5-2639a1a8d8ac:c4584]
2019-06-12 16:05:01,395 INFO  client.GrpcClientProtocolClient (GrpcClientProtocolClient.java:onNext(254)) - client-7F7296B99608->ffc7b071-00b3-4a69-8de5-2639a1a8d8ac: receive RaftClientReply:client-7F7296B99608->ffc7b071-00b3-4a69-8de5-2639a1a8d8ac@group-6911E2D50CC5, cid=2732, SUCCESS, logIndex=4586, commits[ffc7b071-00b3-4a69-8de5-2639a1a8d8ac:c4586]
2019-06-12 16:05:01,400 INFO  client.GrpcClientProtocolClient (GrpcClientProtocolClient.java:onNext(254)) - client-7F7296B99608->ffc7b071-00b3-4a69-8de5-2639a1a8d8ac: receive RaftClientReply:client-7F7296B99608->ffc7b071-00b3-4a69-8de5-2639a1a8d8ac@group-6911E2D50CC5, cid=2733, SUCCESS, logIndex=4589, commits[ffc7b071-00b3-4a69-8de5-2639a1a8d8ac:c4589]
2019-06-12 16:05:01,402 INFO  client.GrpcClientProtocolClient (GrpcClientProtocolClient.java:onNext(254)) - client-7F7296B99608->ffc7b071-00b3-4a69-8de5-2639a1a8d8ac: receive RaftClientReply:client-7F7296B99608->ffc7b071-00b3-4a69-8de5-2639a1a8d8ac@group-6911E2D50CC5, cid=2734, SUCCESS, logIndex=4591, commits[ffc7b071-00b3-4a69-8de5-2639a1a8d8ac:c4591]
2019-06-12 16:05:01,403 INFO  client.GrpcClientProtocolClient (GrpcClientProtocolClient.java:onNext(254)) - client-7F7296B99608->ffc7b071-00b3-4a69-8de5-2639a1a8d8ac: receive RaftClientReply:client-7F7296B99608->ffc7b071-00b3-4a69-8de5-2639a1a8d8ac@group-6911E2D50CC5, cid=2735, SUCCESS, logIndex=4592, commits[ffc7b071-00b3-4a69-8de5-2639a1a8d8ac:c4594]
2019-06-12 16:05:01,403 INFO  client.GrpcClientProtocolClient (GrpcClientProtocolClient.java:onNext(254)) - client-7F7296B99608->ffc7b071-00b3-4a69-8de5-2639a1a8d8ac: receive RaftClientReply:client-7F7296B99608->ffc7b071-00b3-4a69-8de5-2639a1a8d8ac@group-6911E2D50CC5, cid=2736, SUCCESS, logIndex=4593, commits[ffc7b071-00b3-4a69-8de5-2639a1a8d8ac:c4594]
2019-06-12 16:05:01,414 INFO  client.GrpcClientProtocolClient (GrpcClientProtocolClient.java:onNext(254)) - client-7F7296B99608->ffc7b071-00b3-4a69-8de5-2639a1a8d8ac: receive RaftClientReply:client-7F7296B99608->ffc7b071-00b3-4a69-8de5-2639a1a8d8ac@group-6911E2D50CC5, cid=2737, SUCCESS, logIndex=4595, commits[ffc7b071-00b3-4a69-8de5-2639a1a8d8ac:c4595]
2019-06-12 16:05:01,415 INFO  client.GrpcClientProtocolClient (GrpcClientProtocolClient.java:onNext(254)) - client-7F7296B99608->ffc7b071-00b3-4a69-8de5-2639a1a8d8ac: receive RaftClientReply:client-7F7296B99608->ffc7b071-00b3-4a69-8de5-2639a1a8d8ac@group-6911E2D50CC5, cid=2738, SUCCESS, logIndex=4597, commits[ffc7b071-00b3-4a69-8de5-2639a1a8d8ac:c4597]
2019-06-12 16:05:01,416 INFO  client.GrpcClientProtocolClient (GrpcClientProtocolClient.java:onNext(254)) - client-7F7296B99608->ffc7b071-00b3-4a69-8de5-2639a1a8d8ac: receive RaftClientReply:client-7F7296B99608->ffc7b071-00b3-4a69-8de5-2639a1a8d8ac@group-6911E2D50CC5, cid=2739, SUCCESS, logIndex=4598, commits[ffc7b071-00b3-4a69-8de5-2639a1a8d8ac:c4600]
2019-06-12 16:05:01,417 INFO  client.GrpcClientProtocolClient (GrpcClientProtocolClient.java:onNext(254)) - client-7F7296B99608->ffc7b071-00b3-4a69-8de5-2639a1a8d8ac: receive RaftClientReply:client-7F7296B99608->ffc7b071-00b3-4a69-8de5-2639a1a8d8ac@group-6911E2D50CC5, cid=2740, SUCCESS, logIndex=4599, commits[ffc7b071-00b3-4a69-8de5-2639a1a8d8ac:c4600]
2019-06-12 16:05:01,423 DEBUG block.SCMBlockDeletingService (SCMBlockDeletingService.java:call(138)) - Running DeletedBlockTransactionScanner
2019-06-12 16:05:01,423 DEBUG block.SCMBlockDeletingService (SCMBlockDeletingService.java:call(155)) - Scanned deleted blocks log and got 0 delTX to process.
2019-06-12 16:05:01,487 INFO  client.GrpcClientProtocolClient (GrpcClientProtocolClient.java:onNext(254)) - client-7F7296B99608->ffc7b071-00b3-4a69-8de5-2639a1a8d8ac: receive RaftClientReply:client-7F7296B99608->ffc7b071-00b3-4a69-8de5-2639a1a8d8ac@group-6911E2D50CC5, cid=2741, SUCCESS, logIndex=4601, commits[ffc7b071-00b3-4a69-8de5-2639a1a8d8ac:c4601]
2019-06-12 16:05:01,488 INFO  client.GrpcClientProtocolClient (GrpcClientProtocolClient.java:onNext(254)) - client-7F7296B99608->ffc7b071-00b3-4a69-8de5-2639a1a8d8ac: receive RaftClientReply:client-7F7296B99608->ffc7b071-00b3-4a69-8de5-2639a1a8d8ac@group-6911E2D50CC5, cid=2742, SUCCESS, logIndex=4603, commits[ffc7b071-00b3-4a69-8de5-2639a1a8d8ac:c4603]
2019-06-12 16:05:01,490 INFO  client.GrpcClientProtocolClient (GrpcClientProtocolClient.java:onNext(254)) - client-7F7296B99608->ffc7b071-00b3-4a69-8de5-2639a1a8d8ac: receive RaftClientReply:client-7F7296B99608->ffc7b071-00b3-4a69-8de5-2639a1a8d8ac@group-6911E2D50CC5, cid=2743, SUCCESS, logIndex=4605, commits[ffc7b071-00b3-4a69-8de5-2639a1a8d8ac:c4606]
2019-06-12 16:05:01,494 INFO  client.GrpcClientProtocolClient (GrpcClientProtocolClient.java:onNext(254)) - client-7F7296B99608->ffc7b071-00b3-4a69-8de5-2639a1a8d8ac: receive RaftClientReply:client-7F7296B99608->ffc7b071-00b3-4a69-8de5-2639a1a8d8ac@group-6911E2D50CC5, cid=2744, SUCCESS, logIndex=4606, commits[ffc7b071-00b3-4a69-8de5-2639a1a8d8ac:c4606]
2019-06-12 16:05:01,504 INFO  client.GrpcClientProtocolClient (GrpcClientProtocolClient.java:onNext(254)) - client-7F7296B99608->ffc7b071-00b3-4a69-8de5-2639a1a8d8ac: receive RaftClientReply:client-7F7296B99608->ffc7b071-00b3-4a69-8de5-2639a1a8d8ac@group-6911E2D50CC5, cid=2745, SUCCESS, logIndex=4608, commits[ffc7b071-00b3-4a69-8de5-2639a1a8d8ac:c4608]
2019-06-12 16:05:01,505 INFO  client.GrpcClientProtocolClient (GrpcClientProtocolClient.java:onNext(254)) - client-7F7296B99608->ffc7b071-00b3-4a69-8de5-2639a1a8d8ac: receive RaftClientReply:client-7F7296B99608->ffc7b071-00b3-4a69-8de5-2639a1a8d8ac@group-6911E2D50CC5, cid=2746, SUCCESS, logIndex=4610, commits[ffc7b071-00b3-4a69-8de5-2639a1a8d8ac:c4610]
2019-06-12 16:05:01,507 INFO  client.GrpcClientProtocolClient (GrpcClientProtocolClient.java:onNext(254)) - client-7F7296B99608->ffc7b071-00b3-4a69-8de5-2639a1a8d8ac: receive RaftClientReply:client-7F7296B99608->ffc7b071-00b3-4a69-8de5-2639a1a8d8ac@group-6911E2D50CC5, cid=2747, SUCCESS, logIndex=4611, commits[ffc7b071-00b3-4a69-8de5-2639a1a8d8ac:c4613]
2019-06-12 16:05:01,507 INFO  client.GrpcClientProtocolClient (GrpcClientProtocolClient.java:onNext(254)) - client-7F7296B99608->ffc7b071-00b3-4a69-8de5-2639a1a8d8ac: receive RaftClientReply:client-7F7296B99608->ffc7b071-00b3-4a69-8de5-2639a1a8d8ac@group-6911E2D50CC5, cid=2748, SUCCESS, logIndex=4612, commits[ffc7b071-00b3-4a69-8de5-2639a1a8d8ac:c4613]
2019-06-12 16:05:01,510 INFO  storage.RaftLogWorker (RaftLogWorker.java:rollLogSegment(303)) - ffc7b071-00b3-4a69-8de5-2639a1a8d8ac-RaftLogWorker: Rolling segment log-4540_4613 to index:4613
2019-06-12 16:05:01,510 INFO  storage.RaftLogWorker (RaftLogWorker.java:execute(433)) - ffc7b071-00b3-4a69-8de5-2639a1a8d8ac-RaftLogWorker: Rolled log segment from /opt/src/hadoop-ozone/integration-test/target/test-dir/MiniOzoneClusterImpl-a1c7246e-c692-4524-ad55-32b507b20431/datanode-0/data/ratis/4417d833-4fb6-4fa2-9413-6911e2d50cc5/current/log_inprogress_4540 to /opt/src/hadoop-ozone/integration-test/target/test-dir/MiniOzoneClusterImpl-a1c7246e-c692-4524-ad55-32b507b20431/datanode-0/data/ratis/4417d833-4fb6-4fa2-9413-6911e2d50cc5/current/log_4540-4613
2019-06-12 16:05:01,524 DEBUG block.SCMBlockDeletingService (SCMBlockDeletingService.java:call(138)) - Running DeletedBlockTransactionScanner
2019-06-12 16:05:01,524 DEBUG block.SCMBlockDeletingService (SCMBlockDeletingService.java:call(155)) - Scanned deleted blocks log and got 0 delTX to process.
2019-06-12 16:05:01,547 INFO  storage.RaftLogWorker (RaftLogWorker.java:execute(469)) - ffc7b071-00b3-4a69-8de5-2639a1a8d8ac-RaftLogWorker: created new log segment /opt/src/hadoop-ozone/integration-test/target/test-dir/MiniOzoneClusterImpl-a1c7246e-c692-4524-ad55-32b507b20431/datanode-0/data/ratis/4417d833-4fb6-4fa2-9413-6911e2d50cc5/current/log_inprogress_4614
2019-06-12 16:05:01,548 INFO  client.GrpcClientProtocolClient (GrpcClientProtocolClient.java:onNext(254)) - client-7F7296B99608->ffc7b071-00b3-4a69-8de5-2639a1a8d8ac: receive RaftClientReply:client-7F7296B99608->ffc7b071-00b3-4a69-8de5-2639a1a8d8ac@group-6911E2D50CC5, cid=2749, SUCCESS, logIndex=4614, commits[ffc7b071-00b3-4a69-8de5-2639a1a8d8ac:c4614]
2019-06-12 16:05:01,550 INFO  client.GrpcClientProtocolClient (GrpcClientProtocolClient.java:onNext(254)) - client-7F7296B99608->ffc7b071-00b3-4a69-8de5-2639a1a8d8ac: receive RaftClientReply:client-7F7296B99608->ffc7b071-00b3-4a69-8de5-2639a1a8d8ac@group-6911E2D50CC5, cid=2750, SUCCESS, logIndex=4616, commits[ffc7b071-00b3-4a69-8de5-2639a1a8d8ac:c4616]
2019-06-12 16:05:01,551 INFO  client.GrpcClientProtocolClient (GrpcClientProtocolClient.java:onNext(254)) - client-7F7296B99608->ffc7b071-00b3-4a69-8de5-2639a1a8d8ac: receive RaftClientReply:client-7F7296B99608->ffc7b071-00b3-4a69-8de5-2639a1a8d8ac@group-6911E2D50CC5, cid=2751, SUCCESS, logIndex=4617, commits[ffc7b071-00b3-4a69-8de5-2639a1a8d8ac:c4619]
2019-06-12 16:05:01,551 INFO  client.GrpcClientProtocolClient (GrpcClientProtocolClient.java:onNext(254)) - client-7F7296B99608->ffc7b071-00b3-4a69-8de5-2639a1a8d8ac: receive RaftClientReply:client-7F7296B99608->ffc7b071-00b3-4a69-8de5-2639a1a8d8ac@group-6911E2D50CC5, cid=2752, SUCCESS, logIndex=4618, commits[ffc7b071-00b3-4a69-8de5-2639a1a8d8ac:c4619]
2019-06-12 16:05:01,561 INFO  client.GrpcClientProtocolClient (GrpcClientProtocolClient.java:onNext(254)) - client-7F7296B99608->ffc7b071-00b3-4a69-8de5-2639a1a8d8ac: receive RaftClientReply:client-7F7296B99608->ffc7b071-00b3-4a69-8de5-2639a1a8d8ac@group-6911E2D50CC5, cid=2753, SUCCESS, logIndex=4620, commits[ffc7b071-00b3-4a69-8de5-2639a1a8d8ac:c4620]
2019-06-12 16:05:01,562 INFO  client.GrpcClientProtocolClient (GrpcClientProtocolClient.java:onNext(254)) - client-7F7296B99608->ffc7b071-00b3-4a69-8de5-2639a1a8d8ac: receive RaftClientReply:client-7F7296B99608->ffc7b071-00b3-4a69-8de5-2639a1a8d8ac@group-6911E2D50CC5, cid=2754, SUCCESS, logIndex=4622, commits[ffc7b071-00b3-4a69-8de5-2639a1a8d8ac:c4622]
2019-06-12 16:05:01,564 INFO  client.GrpcClientProtocolClient (GrpcClientProtocolClient.java:onNext(254)) - client-7F7296B99608->ffc7b071-00b3-4a69-8de5-2639a1a8d8ac: receive RaftClientReply:client-7F7296B99608->ffc7b071-00b3-4a69-8de5-2639a1a8d8ac@group-6911E2D50CC5, cid=2755, SUCCESS, logIndex=4623, commits[ffc7b071-00b3-4a69-8de5-2639a1a8d8ac:c4625]
2019-06-12 16:05:01,564 INFO  client.GrpcClientProtocolClient (GrpcClientProtocolClient.java:onNext(254)) - client-7F7296B99608->ffc7b071-00b3-4a69-8de5-2639a1a8d8ac: receive RaftClientReply:client-7F7296B99608->ffc7b071-00b3-4a69-8de5-2639a1a8d8ac@group-6911E2D50CC5, cid=2756, SUCCESS, logIndex=4625, commits[ffc7b071-00b3-4a69-8de5-2639a1a8d8ac:c4625]
2019-06-12 16:05:01,569 INFO  client.GrpcClientProtocolClient (GrpcClientProtocolClient.java:onNext(254)) - client-7F7296B99608->ffc7b071-00b3-4a69-8de5-2639a1a8d8ac: receive RaftClientReply:client-7F7296B99608->ffc7b071-00b3-4a69-8de5-2639a1a8d8ac@group-6911E2D50CC5, cid=2757, SUCCESS, logIndex=4627, commits[ffc7b071-00b3-4a69-8de5-2639a1a8d8ac:c4627]
2019-06-12 16:05:01,571 INFO  client.GrpcClientProtocolClient (GrpcClientProtocolClient.java:onNext(254)) - client-7F7296B99608->ffc7b071-00b3-4a69-8de5-2639a1a8d8ac: receive RaftClientReply:client-7F7296B99608->ffc7b071-00b3-4a69-8de5-2639a1a8d8ac@group-6911E2D50CC5, cid=2758, SUCCESS, logIndex=4629, commits[ffc7b071-00b3-4a69-8de5-2639a1a8d8ac:c4629]
2019-06-12 16:05:01,572 INFO  client.GrpcClientProtocolClient (GrpcClientProtocolClient.java:onNext(254)) - client-7F7296B99608->ffc7b071-00b3-4a69-8de5-2639a1a8d8ac: receive RaftClientReply:client-7F7296B99608->ffc7b071-00b3-4a69-8de5-2639a1a8d8ac@group-6911E2D50CC5, cid=2759, SUCCESS, logIndex=4630, commits[ffc7b071-00b3-4a69-8de5-2639a1a8d8ac:c4632]
2019-06-12 16:05:01,572 INFO  client.GrpcClientProtocolClient (GrpcClientProtocolClient.java:onNext(254)) - client-7F7296B99608->ffc7b071-00b3-4a69-8de5-2639a1a8d8ac: receive RaftClientReply:client-7F7296B99608->ffc7b071-00b3-4a69-8de5-2639a1a8d8ac@group-6911E2D50CC5, cid=2760, SUCCESS, logIndex=4631, commits[ffc7b071-00b3-4a69-8de5-2639a1a8d8ac:c4632]
2019-06-12 16:05:01,581 INFO  client.GrpcClientProtocolClient (GrpcClientProtocolClient.java:onNext(254)) - client-7F7296B99608->ffc7b071-00b3-4a69-8de5-2639a1a8d8ac: receive RaftClientReply:client-7F7296B99608->ffc7b071-00b3-4a69-8de5-2639a1a8d8ac@group-6911E2D50CC5, cid=2761, SUCCESS, logIndex=4633, commits[ffc7b071-00b3-4a69-8de5-2639a1a8d8ac:c4633]
2019-06-12 16:05:01,582 INFO  client.GrpcClientProtocolClient (GrpcClientProtocolClient.java:onNext(254)) - client-7F7296B99608->ffc7b071-00b3-4a69-8de5-2639a1a8d8ac: receive RaftClientReply:client-7F7296B99608->ffc7b071-00b3-4a69-8de5-2639a1a8d8ac@group-6911E2D50CC5, cid=2762, SUCCESS, logIndex=4635, commits[ffc7b071-00b3-4a69-8de5-2639a1a8d8ac:c4635]
2019-06-12 16:05:01,583 INFO  client.GrpcClientProtocolClient (GrpcClientProtocolClient.java:onNext(254)) - client-7F7296B99608->ffc7b071-00b3-4a69-8de5-2639a1a8d8ac: receive RaftClientReply:client-7F7296B99608->ffc7b071-00b3-4a69-8de5-2639a1a8d8ac@group-6911E2D50CC5, cid=2763, SUCCESS, logIndex=4636, commits[ffc7b071-00b3-4a69-8de5-2639a1a8d8ac:c4638]
2019-06-12 16:05:01,583 INFO  client.GrpcClientProtocolClient (GrpcClientProtocolClient.java:onNext(254)) - client-7F7296B99608->ffc7b071-00b3-4a69-8de5-2639a1a8d8ac: receive RaftClientReply:client-7F7296B99608->ffc7b071-00b3-4a69-8de5-2639a1a8d8ac@group-6911E2D50CC5, cid=2764, SUCCESS, logIndex=4637, commits[ffc7b071-00b3-4a69-8de5-2639a1a8d8ac:c4638]
2019-06-12 16:05:01,588 INFO  client.GrpcClientProtocolClient (GrpcClientProtocolClient.java:onNext(254)) - client-7F7296B99608->ffc7b071-00b3-4a69-8de5-2639a1a8d8ac: receive RaftClientReply:client-7F7296B99608->ffc7b071-00b3-4a69-8de5-2639a1a8d8ac@group-6911E2D50CC5, cid=2765, SUCCESS, logIndex=4639, commits[ffc7b071-00b3-4a69-8de5-2639a1a8d8ac:c4639]
2019-06-12 16:05:01,590 INFO  client.GrpcClientProtocolClient (GrpcClientProtocolClient.java:onNext(254)) - client-7F7296B99608->ffc7b071-00b3-4a69-8de5-2639a1a8d8ac: receive RaftClientReply:client-7F7296B99608->ffc7b071-00b3-4a69-8de5-2639a1a8d8ac@group-6911E2D50CC5, cid=2766, SUCCESS, logIndex=4641, commits[ffc7b071-00b3-4a69-8de5-2639a1a8d8ac:c4641]
2019-06-12 16:05:01,590 INFO  client.GrpcClientProtocolClient (GrpcClientProtocolClient.java:onNext(254)) - client-7F7296B99608->ffc7b071-00b3-4a69-8de5-2639a1a8d8ac: receive RaftClientReply:client-7F7296B99608->ffc7b071-00b3-4a69-8de5-2639a1a8d8ac@group-6911E2D50CC5, cid=2767, SUCCESS, logIndex=4642, commits[ffc7b071-00b3-4a69-8de5-2639a1a8d8ac:c4643]
2019-06-12 16:05:01,591 INFO  client.GrpcClientProtocolClient (GrpcClientProtocolClient.java:onNext(254)) - client-7F7296B99608->ffc7b071-00b3-4a69-8de5-2639a1a8d8ac: receive RaftClientReply:client-7F7296B99608->ffc7b071-00b3-4a69-8de5-2639a1a8d8ac@group-6911E2D50CC5, cid=2768, SUCCESS, logIndex=4643, commits[ffc7b071-00b3-4a69-8de5-2639a1a8d8ac:c4643]
2019-06-12 16:05:01,599 INFO  client.GrpcClientProtocolClient (GrpcClientProtocolClient.java:onNext(254)) - client-7F7296B99608->ffc7b071-00b3-4a69-8de5-2639a1a8d8ac: receive RaftClientReply:client-7F7296B99608->ffc7b071-00b3-4a69-8de5-2639a1a8d8ac@group-6911E2D50CC5, cid=2769, SUCCESS, logIndex=4646, commits[ffc7b071-00b3-4a69-8de5-2639a1a8d8ac:c4646]
2019-06-12 16:05:01,601 INFO  client.GrpcClientProtocolClient (GrpcClientProtocolClient.java:onNext(254)) - client-7F7296B99608->ffc7b071-00b3-4a69-8de5-2639a1a8d8ac: receive RaftClientReply:client-7F7296B99608->ffc7b071-00b3-4a69-8de5-2639a1a8d8ac@group-6911E2D50CC5, cid=2770, SUCCESS, logIndex=4648, commits[ffc7b071-00b3-4a69-8de5-2639a1a8d8ac:c4648]
2019-06-12 16:05:01,602 INFO  client.GrpcClientProtocolClient (GrpcClientProtocolClient.java:onNext(254)) - client-7F7296B99608->ffc7b071-00b3-4a69-8de5-2639a1a8d8ac: receive RaftClientReply:client-7F7296B99608->ffc7b071-00b3-4a69-8de5-2639a1a8d8ac@group-6911E2D50CC5, cid=2771, SUCCESS, logIndex=4649, commits[ffc7b071-00b3-4a69-8de5-2639a1a8d8ac:c4651]
2019-06-12 16:05:01,602 INFO  client.GrpcClientProtocolClient (GrpcClientProtocolClient.java:onNext(254)) - client-7F7296B99608->ffc7b071-00b3-4a69-8de5-2639a1a8d8ac: receive RaftClientReply:client-7F7296B99608->ffc7b071-00b3-4a69-8de5-2639a1a8d8ac@group-6911E2D50CC5, cid=2772, SUCCESS, logIndex=4650, commits[ffc7b071-00b3-4a69-8de5-2639a1a8d8ac:c4651]
2019-06-12 16:05:01,607 INFO  client.GrpcClientProtocolClient (GrpcClientProtocolClient.java:onNext(254)) - client-7F7296B99608->ffc7b071-00b3-4a69-8de5-2639a1a8d8ac: receive RaftClientReply:client-7F7296B99608->ffc7b071-00b3-4a69-8de5-2639a1a8d8ac@group-6911E2D50CC5, cid=2773, SUCCESS, logIndex=4652, commits[ffc7b071-00b3-4a69-8de5-2639a1a8d8ac:c4652]
2019-06-12 16:05:01,608 INFO  client.GrpcClientProtocolClient (GrpcClientProtocolClient.java:onNext(254)) - client-7F7296B99608->ffc7b071-00b3-4a69-8de5-2639a1a8d8ac: receive RaftClientReply:client-7F7296B99608->ffc7b071-00b3-4a69-8de5-2639a1a8d8ac@group-6911E2D50CC5, cid=2774, SUCCESS, logIndex=4654, commits[ffc7b071-00b3-4a69-8de5-2639a1a8d8ac:c4654]
2019-06-12 16:05:01,609 INFO  client.GrpcClientProtocolClient (GrpcClientProtocolClient.java:onNext(254)) - client-7F7296B99608->ffc7b071-00b3-4a69-8de5-2639a1a8d8ac: receive RaftClientReply:client-7F7296B99608->ffc7b071-00b3-4a69-8de5-2639a1a8d8ac@group-6911E2D50CC5, cid=2775, SUCCESS, logIndex=4655, commits[ffc7b071-00b3-4a69-8de5-2639a1a8d8ac:c4657]
2019-06-12 16:05:01,609 INFO  client.GrpcClientProtocolClient (GrpcClientProtocolClient.java:onNext(254)) - client-7F7296B99608->ffc7b071-00b3-4a69-8de5-2639a1a8d8ac: receive RaftClientReply:client-7F7296B99608->ffc7b071-00b3-4a69-8de5-2639a1a8d8ac@group-6911E2D50CC5, cid=2776, SUCCESS, logIndex=4656, commits[ffc7b071-00b3-4a69-8de5-2639a1a8d8ac:c4657]
2019-06-12 16:05:01,618 INFO  client.GrpcClientProtocolClient (GrpcClientProtocolClient.java:onNext(254)) - client-7F7296B99608->ffc7b071-00b3-4a69-8de5-2639a1a8d8ac: receive RaftClientReply:client-7F7296B99608->ffc7b071-00b3-4a69-8de5-2639a1a8d8ac@group-6911E2D50CC5, cid=2777, SUCCESS, logIndex=4658, commits[ffc7b071-00b3-4a69-8de5-2639a1a8d8ac:c4658]
2019-06-12 16:05:01,620 INFO  client.GrpcClientProtocolClient (GrpcClientProtocolClient.java:onNext(254)) - client-7F7296B99608->ffc7b071-00b3-4a69-8de5-2639a1a8d8ac: receive RaftClientReply:client-7F7296B99608->ffc7b071-00b3-4a69-8de5-2639a1a8d8ac@group-6911E2D50CC5, cid=2778, SUCCESS, logIndex=4660, commits[ffc7b071-00b3-4a69-8de5-2639a1a8d8ac:c4660]
2019-06-12 16:05:01,620 INFO  client.GrpcClientProtocolClient (GrpcClientProtocolClient.java:onNext(254)) - client-7F7296B99608->ffc7b071-00b3-4a69-8de5-2639a1a8d8ac: receive RaftClientReply:client-7F7296B99608->ffc7b071-00b3-4a69-8de5-2639a1a8d8ac@group-6911E2D50CC5, cid=2779, SUCCESS, logIndex=4661, commits[ffc7b071-00b3-4a69-8de5-2639a1a8d8ac:c4662]
2019-06-12 16:05:01,620 INFO  client.GrpcClientProtocolClient (GrpcClientProtocolClient.java:onNext(254)) - client-7F7296B99608->ffc7b071-00b3-4a69-8de5-2639a1a8d8ac: receive RaftClientReply:client-7F7296B99608->ffc7b071-00b3-4a69-8de5-2639a1a8d8ac@group-6911E2D50CC5, cid=2780, SUCCESS, logIndex=4662, commits[ffc7b071-00b3-4a69-8de5-2639a1a8d8ac:c4662]
2019-06-12 16:05:01,862 DEBUG block.SCMBlockDeletingService (SCMBlockDeletingService.java:call(138)) - Running DeletedBlockTransactionScanner
2019-06-12 16:05:01,862 DEBUG block.SCMBlockDeletingService (SCMBlockDeletingService.java:call(155)) - Scanned deleted blocks log and got 0 delTX to process.
2019-06-12 16:05:01,870 INFO  client.GrpcClientProtocolClient (GrpcClientProtocolClient.java:onNext(254)) - client-7F7296B99608->ffc7b071-00b3-4a69-8de5-2639a1a8d8ac: receive RaftClientReply:client-7F7296B99608->ffc7b071-00b3-4a69-8de5-2639a1a8d8ac@group-6911E2D50CC5, cid=2781, SUCCESS, logIndex=4665, commits[ffc7b071-00b3-4a69-8de5-2639a1a8d8ac:c4665]
2019-06-12 16:05:01,874 INFO  client.GrpcClientProtocolClient (GrpcClientProtocolClient.java:onNext(254)) - client-7F7296B99608->ffc7b071-00b3-4a69-8de5-2639a1a8d8ac: receive RaftClientReply:client-7F7296B99608->ffc7b071-00b3-4a69-8de5-2639a1a8d8ac@group-6911E2D50CC5, cid=2782, SUCCESS, logIndex=4667, commits[ffc7b071-00b3-4a69-8de5-2639a1a8d8ac:c4667]
2019-06-12 16:05:01,874 INFO  client.GrpcClientProtocolClient (GrpcClientProtocolClient.java:onNext(254)) - client-7F7296B99608->ffc7b071-00b3-4a69-8de5-2639a1a8d8ac: receive RaftClientReply:client-7F7296B99608->ffc7b071-00b3-4a69-8de5-2639a1a8d8ac@group-6911E2D50CC5, cid=2783, SUCCESS, logIndex=4668, commits[ffc7b071-00b3-4a69-8de5-2639a1a8d8ac:c4670]
2019-06-12 16:05:01,874 INFO  client.GrpcClientProtocolClient (GrpcClientProtocolClient.java:onNext(254)) - client-7F7296B99608->ffc7b071-00b3-4a69-8de5-2639a1a8d8ac: receive RaftClientReply:client-7F7296B99608->ffc7b071-00b3-4a69-8de5-2639a1a8d8ac@group-6911E2D50CC5, cid=2784, SUCCESS, logIndex=4669, commits[ffc7b071-00b3-4a69-8de5-2639a1a8d8ac:c4670]
2019-06-12 16:05:01,954 INFO  client.GrpcClientProtocolClient (GrpcClientProtocolClient.java:onNext(254)) - client-7F7296B99608->ffc7b071-00b3-4a69-8de5-2639a1a8d8ac: receive RaftClientReply:client-7F7296B99608->ffc7b071-00b3-4a69-8de5-2639a1a8d8ac@group-6911E2D50CC5, cid=2785, SUCCESS, logIndex=4671, commits[ffc7b071-00b3-4a69-8de5-2639a1a8d8ac:c4671]
2019-06-12 16:05:01,955 INFO  client.GrpcClientProtocolClient (GrpcClientProtocolClient.java:onNext(254)) - client-7F7296B99608->ffc7b071-00b3-4a69-8de5-2639a1a8d8ac: receive RaftClientReply:client-7F7296B99608->ffc7b071-00b3-4a69-8de5-2639a1a8d8ac@group-6911E2D50CC5, cid=2786, SUCCESS, logIndex=4673, commits[ffc7b071-00b3-4a69-8de5-2639a1a8d8ac:c4673]
2019-06-12 16:05:01,956 INFO  client.GrpcClientProtocolClient (GrpcClientProtocolClient.java:onNext(254)) - client-7F7296B99608->ffc7b071-00b3-4a69-8de5-2639a1a8d8ac: receive RaftClientReply:client-7F7296B99608->ffc7b071-00b3-4a69-8de5-2639a1a8d8ac@group-6911E2D50CC5, cid=2787, SUCCESS, logIndex=4674, commits[ffc7b071-00b3-4a69-8de5-2639a1a8d8ac:c4676]
2019-06-12 16:05:01,956 INFO  client.GrpcClientProtocolClient (GrpcClientProtocolClient.java:onNext(254)) - client-7F7296B99608->ffc7b071-00b3-4a69-8de5-2639a1a8d8ac: receive RaftClientReply:client-7F7296B99608->ffc7b071-00b3-4a69-8de5-2639a1a8d8ac@group-6911E2D50CC5, cid=2788, SUCCESS, logIndex=4675, commits[ffc7b071-00b3-4a69-8de5-2639a1a8d8ac:c4676]
2019-06-12 16:05:01,961 INFO  client.GrpcClientProtocolClient (GrpcClientProtocolClient.java:onNext(254)) - client-7F7296B99608->ffc7b071-00b3-4a69-8de5-2639a1a8d8ac: receive RaftClientReply:client-7F7296B99608->ffc7b071-00b3-4a69-8de5-2639a1a8d8ac@group-6911E2D50CC5, cid=2789, SUCCESS, logIndex=4677, commits[ffc7b071-00b3-4a69-8de5-2639a1a8d8ac:c4677]
2019-06-12 16:05:01,961 INFO  storage.RaftLogWorker (RaftLogWorker.java:rollLogSegment(303)) - ffc7b071-00b3-4a69-8de5-2639a1a8d8ac-RaftLogWorker: Rolling segment log-4614_4680 to index:4680
2019-06-12 16:05:01,962 INFO  storage.RaftLogWorker (RaftLogWorker.java:execute(433)) - ffc7b071-00b3-4a69-8de5-2639a1a8d8ac-RaftLogWorker: Rolled log segment from /opt/src/hadoop-ozone/integration-test/target/test-dir/MiniOzoneClusterImpl-a1c7246e-c692-4524-ad55-32b507b20431/datanode-0/data/ratis/4417d833-4fb6-4fa2-9413-6911e2d50cc5/current/log_inprogress_4614 to /opt/src/hadoop-ozone/integration-test/target/test-dir/MiniOzoneClusterImpl-a1c7246e-c692-4524-ad55-32b507b20431/datanode-0/data/ratis/4417d833-4fb6-4fa2-9413-6911e2d50cc5/current/log_4614-4680
2019-06-12 16:05:01,962 DEBUG block.SCMBlockDeletingService (SCMBlockDeletingService.java:call(138)) - Running DeletedBlockTransactionScanner
2019-06-12 16:05:01,963 DEBUG block.SCMBlockDeletingService (SCMBlockDeletingService.java:call(155)) - Scanned deleted blocks log and got 0 delTX to process.
2019-06-12 16:05:01,966 INFO  client.GrpcClientProtocolClient (GrpcClientProtocolClient.java:onNext(254)) - client-7F7296B99608->ffc7b071-00b3-4a69-8de5-2639a1a8d8ac: receive RaftClientReply:client-7F7296B99608->ffc7b071-00b3-4a69-8de5-2639a1a8d8ac@group-6911E2D50CC5, cid=2790, SUCCESS, logIndex=4679, commits[ffc7b071-00b3-4a69-8de5-2639a1a8d8ac:c4679]
2019-06-12 16:05:01,967 INFO  client.GrpcClientProtocolClient (GrpcClientProtocolClient.java:onNext(254)) - client-7F7296B99608->ffc7b071-00b3-4a69-8de5-2639a1a8d8ac: receive RaftClientReply:client-7F7296B99608->ffc7b071-00b3-4a69-8de5-2639a1a8d8ac@group-6911E2D50CC5, cid=2791, SUCCESS, logIndex=4680, commits[ffc7b071-00b3-4a69-8de5-2639a1a8d8ac:c4680]
2019-06-12 16:05:01,998 INFO  storage.RaftLogWorker (RaftLogWorker.java:execute(469)) - ffc7b071-00b3-4a69-8de5-2639a1a8d8ac-RaftLogWorker: created new log segment /opt/src/hadoop-ozone/integration-test/target/test-dir/MiniOzoneClusterImpl-a1c7246e-c692-4524-ad55-32b507b20431/datanode-0/data/ratis/4417d833-4fb6-4fa2-9413-6911e2d50cc5/current/log_inprogress_4681
2019-06-12 16:05:02,000 INFO  client.GrpcClientProtocolClient (GrpcClientProtocolClient.java:onNext(254)) - client-7F7296B99608->ffc7b071-00b3-4a69-8de5-2639a1a8d8ac: receive RaftClientReply:client-7F7296B99608->ffc7b071-00b3-4a69-8de5-2639a1a8d8ac@group-6911E2D50CC5, cid=2792, SUCCESS, logIndex=4681, commits[ffc7b071-00b3-4a69-8de5-2639a1a8d8ac:c4683]
2019-06-12 16:05:02,011 INFO  client.GrpcClientProtocolClient (GrpcClientProtocolClient.java:onNext(254)) - client-7F7296B99608->ffc7b071-00b3-4a69-8de5-2639a1a8d8ac: receive RaftClientReply:client-7F7296B99608->ffc7b071-00b3-4a69-8de5-2639a1a8d8ac@group-6911E2D50CC5, cid=2793, SUCCESS, logIndex=4684, commits[ffc7b071-00b3-4a69-8de5-2639a1a8d8ac:c4684]
2019-06-12 16:05:02,012 INFO  client.GrpcClientProtocolClient (GrpcClientProtocolClient.java:onNext(254)) - client-7F7296B99608->ffc7b071-00b3-4a69-8de5-2639a1a8d8ac: receive RaftClientReply:client-7F7296B99608->ffc7b071-00b3-4a69-8de5-2639a1a8d8ac@group-6911E2D50CC5, cid=2794, SUCCESS, logIndex=4686, commits[ffc7b071-00b3-4a69-8de5-2639a1a8d8ac:c4686]
2019-06-12 16:05:02,022 INFO  client.GrpcClientProtocolClient (GrpcClientProtocolClient.java:onNext(254)) - client-7F7296B99608->ffc7b071-00b3-4a69-8de5-2639a1a8d8ac: receive RaftClientReply:client-7F7296B99608->ffc7b071-00b3-4a69-8de5-2639a1a8d8ac@group-6911E2D50CC5, cid=2795, SUCCESS, logIndex=4688, commits[ffc7b071-00b3-4a69-8de5-2639a1a8d8ac:c4688]
2019-06-12 16:05:02,023 INFO  client.GrpcClientProtocolClient (GrpcClientProtocolClient.java:onNext(254)) - client-7F7296B99608->ffc7b071-00b3-4a69-8de5-2639a1a8d8ac: receive RaftClientReply:client-7F7296B99608->ffc7b071-00b3-4a69-8de5-2639a1a8d8ac@group-6911E2D50CC5, cid=2796, SUCCESS, logIndex=4690, commits[ffc7b071-00b3-4a69-8de5-2639a1a8d8ac:c4690]
2019-06-12 16:05:02,030 INFO  client.GrpcClientProtocolClient (GrpcClientProtocolClient.java:onNext(254)) - client-7F7296B99608->ffc7b071-00b3-4a69-8de5-2639a1a8d8ac: receive RaftClientReply:client-7F7296B99608->ffc7b071-00b3-4a69-8de5-2639a1a8d8ac@group-6911E2D50CC5, cid=2797, SUCCESS, logIndex=4692, commits[ffc7b071-00b3-4a69-8de5-2639a1a8d8ac:c4692]
2019-06-12 16:05:02,031 INFO  client.GrpcClientProtocolClient (GrpcClientProtocolClient.java:onNext(254)) - client-7F7296B99608->ffc7b071-00b3-4a69-8de5-2639a1a8d8ac: receive RaftClientReply:client-7F7296B99608->ffc7b071-00b3-4a69-8de5-2639a1a8d8ac@group-6911E2D50CC5, cid=2798, SUCCESS, logIndex=4694, commits[ffc7b071-00b3-4a69-8de5-2639a1a8d8ac:c4694]
2019-06-12 16:05:02,032 INFO  client.GrpcClientProtocolClient (GrpcClientProtocolClient.java:onNext(254)) - client-7F7296B99608->ffc7b071-00b3-4a69-8de5-2639a1a8d8ac: receive RaftClientReply:client-7F7296B99608->ffc7b071-00b3-4a69-8de5-2639a1a8d8ac@group-6911E2D50CC5, cid=2799, SUCCESS, logIndex=4695, commits[ffc7b071-00b3-4a69-8de5-2639a1a8d8ac:c4697]
2019-06-12 16:05:02,032 INFO  client.GrpcClientProtocolClient (GrpcClientProtocolClient.java:onNext(254)) - client-7F7296B99608->ffc7b071-00b3-4a69-8de5-2639a1a8d8ac: receive RaftClientReply:client-7F7296B99608->ffc7b071-00b3-4a69-8de5-2639a1a8d8ac@group-6911E2D50CC5, cid=2800, SUCCESS, logIndex=4696, commits[ffc7b071-00b3-4a69-8de5-2639a1a8d8ac:c4697]
2019-06-12 16:05:02,043 INFO  client.GrpcClientProtocolClient (GrpcClientProtocolClient.java:onNext(254)) - client-7F7296B99608->ffc7b071-00b3-4a69-8de5-2639a1a8d8ac: receive RaftClientReply:client-7F7296B99608->ffc7b071-00b3-4a69-8de5-2639a1a8d8ac@group-6911E2D50CC5, cid=2801, SUCCESS, logIndex=4698, commits[ffc7b071-00b3-4a69-8de5-2639a1a8d8ac:c4698]
2019-06-12 16:05:02,045 INFO  client.GrpcClientProtocolClient (GrpcClientProtocolClient.java:onNext(254)) - client-7F7296B99608->ffc7b071-00b3-4a69-8de5-2639a1a8d8ac: receive RaftClientReply:client-7F7296B99608->ffc7b071-00b3-4a69-8de5-2639a1a8d8ac@group-6911E2D50CC5, cid=2802, SUCCESS, logIndex=4700, commits[ffc7b071-00b3-4a69-8de5-2639a1a8d8ac:c4700]
2019-06-12 16:05:02,045 INFO  client.GrpcClientProtocolClient (GrpcClientProtocolClient.java:onNext(254)) - client-7F7296B99608->ffc7b071-00b3-4a69-8de5-2639a1a8d8ac: receive RaftClientReply:client-7F7296B99608->ffc7b071-00b3-4a69-8de5-2639a1a8d8ac@group-6911E2D50CC5, cid=2803, SUCCESS, logIndex=4701, commits[ffc7b071-00b3-4a69-8de5-2639a1a8d8ac:c4703]
2019-06-12 16:05:02,045 INFO  client.GrpcClientProtocolClient (GrpcClientProtocolClient.java:onNext(254)) - client-7F7296B99608->ffc7b071-00b3-4a69-8de5-2639a1a8d8ac: receive RaftClientReply:client-7F7296B99608->ffc7b071-00b3-4a69-8de5-2639a1a8d8ac@group-6911E2D50CC5, cid=2804, SUCCESS, logIndex=4702, commits[ffc7b071-00b3-4a69-8de5-2639a1a8d8ac:c4703]
2019-06-12 16:05:02,051 INFO  client.GrpcClientProtocolClient (GrpcClientProtocolClient.java:onNext(254)) - client-7F7296B99608->ffc7b071-00b3-4a69-8de5-2639a1a8d8ac: receive RaftClientReply:client-7F7296B99608->ffc7b071-00b3-4a69-8de5-2639a1a8d8ac@group-6911E2D50CC5, cid=2805, SUCCESS, logIndex=4704, commits[ffc7b071-00b3-4a69-8de5-2639a1a8d8ac:c4704]
2019-06-12 16:05:02,053 INFO  client.GrpcClientProtocolClient (GrpcClientProtocolClient.java:onNext(254)) - client-7F7296B99608->ffc7b071-00b3-4a69-8de5-2639a1a8d8ac: receive RaftClientReply:client-7F7296B99608->ffc7b071-00b3-4a69-8de5-2639a1a8d8ac@group-6911E2D50CC5, cid=2806, SUCCESS, logIndex=4706, commits[ffc7b071-00b3-4a69-8de5-2639a1a8d8ac:c4706]
2019-06-12 16:05:02,053 INFO  client.GrpcClientProtocolClient (GrpcClientProtocolClient.java:onNext(254)) - client-7F7296B99608->ffc7b071-00b3-4a69-8de5-2639a1a8d8ac: receive RaftClientReply:client-7F7296B99608->ffc7b071-00b3-4a69-8de5-2639a1a8d8ac@group-6911E2D50CC5, cid=2807, SUCCESS, logIndex=4707, commits[ffc7b071-00b3-4a69-8de5-2639a1a8d8ac:c4708]
2019-06-12 16:05:02,054 INFO  client.GrpcClientProtocolClient (GrpcClientProtocolClient.java:onNext(254)) - client-7F7296B99608->ffc7b071-00b3-4a69-8de5-2639a1a8d8ac: receive RaftClientReply:client-7F7296B99608->ffc7b071-00b3-4a69-8de5-2639a1a8d8ac@group-6911E2D50CC5, cid=2808, SUCCESS, logIndex=4709, commits[ffc7b071-00b3-4a69-8de5-2639a1a8d8ac:c4709]
2019-06-12 16:05:02,063 DEBUG block.SCMBlockDeletingService (SCMBlockDeletingService.java:call(138)) - Running DeletedBlockTransactionScanner
2019-06-12 16:05:02,063 DEBUG block.SCMBlockDeletingService (SCMBlockDeletingService.java:call(155)) - Scanned deleted blocks log and got 0 delTX to process.
2019-06-12 16:05:02,065 INFO  client.GrpcClientProtocolClient (GrpcClientProtocolClient.java:onNext(254)) - client-7F7296B99608->ffc7b071-00b3-4a69-8de5-2639a1a8d8ac: receive RaftClientReply:client-7F7296B99608->ffc7b071-00b3-4a69-8de5-2639a1a8d8ac@group-6911E2D50CC5, cid=2809, SUCCESS, logIndex=4711, commits[ffc7b071-00b3-4a69-8de5-2639a1a8d8ac:c4711]
2019-06-12 16:05:02,066 INFO  client.GrpcClientProtocolClient (GrpcClientProtocolClient.java:onNext(254)) - client-7F7296B99608->ffc7b071-00b3-4a69-8de5-2639a1a8d8ac: receive RaftClientReply:client-7F7296B99608->ffc7b071-00b3-4a69-8de5-2639a1a8d8ac@group-6911E2D50CC5, cid=2810, SUCCESS, logIndex=4713, commits[ffc7b071-00b3-4a69-8de5-2639a1a8d8ac:c4713]
2019-06-12 16:05:02,067 INFO  client.GrpcClientProtocolClient (GrpcClientProtocolClient.java:onNext(254)) - client-7F7296B99608->ffc7b071-00b3-4a69-8de5-2639a1a8d8ac: receive RaftClientReply:client-7F7296B99608->ffc7b071-00b3-4a69-8de5-2639a1a8d8ac@group-6911E2D50CC5, cid=2811, SUCCESS, logIndex=4714, commits[ffc7b071-00b3-4a69-8de5-2639a1a8d8ac:c4716]
2019-06-12 16:05:02,068 INFO  client.GrpcClientProtocolClient (GrpcClientProtocolClient.java:onNext(254)) - client-7F7296B99608->ffc7b071-00b3-4a69-8de5-2639a1a8d8ac: receive RaftClientReply:client-7F7296B99608->ffc7b071-00b3-4a69-8de5-2639a1a8d8ac@group-6911E2D50CC5, cid=2812, SUCCESS, logIndex=4715, commits[ffc7b071-00b3-4a69-8de5-2639a1a8d8ac:c4716]
2019-06-12 16:05:02,073 INFO  client.GrpcClientProtocolClient (GrpcClientProtocolClient.java:onNext(254)) - client-7F7296B99608->ffc7b071-00b3-4a69-8de5-2639a1a8d8ac: receive RaftClientReply:client-7F7296B99608->ffc7b071-00b3-4a69-8de5-2639a1a8d8ac@group-6911E2D50CC5, cid=2813, SUCCESS, logIndex=4717, commits[ffc7b071-00b3-4a69-8de5-2639a1a8d8ac:c4717]
2019-06-12 16:05:02,074 INFO  client.GrpcClientProtocolClient (GrpcClientProtocolClient.java:onNext(254)) - client-7F7296B99608->ffc7b071-00b3-4a69-8de5-2639a1a8d8ac: receive RaftClientReply:client-7F7296B99608->ffc7b071-00b3-4a69-8de5-2639a1a8d8ac@group-6911E2D50CC5, cid=2814, SUCCESS, logIndex=4719, commits[ffc7b071-00b3-4a69-8de5-2639a1a8d8ac:c4719]
2019-06-12 16:05:02,075 INFO  client.GrpcClientProtocolClient (GrpcClientProtocolClient.java:onNext(254)) - client-7F7296B99608->ffc7b071-00b3-4a69-8de5-2639a1a8d8ac: receive RaftClientReply:client-7F7296B99608->ffc7b071-00b3-4a69-8de5-2639a1a8d8ac@group-6911E2D50CC5, cid=2815, SUCCESS, logIndex=4720, commits[ffc7b071-00b3-4a69-8de5-2639a1a8d8ac:c4722]
2019-06-12 16:05:02,075 INFO  client.GrpcClientProtocolClient (GrpcClientProtocolClient.java:onNext(254)) - client-7F7296B99608->ffc7b071-00b3-4a69-8de5-2639a1a8d8ac: receive RaftClientReply:client-7F7296B99608->ffc7b071-00b3-4a69-8de5-2639a1a8d8ac@group-6911E2D50CC5, cid=2816, SUCCESS, logIndex=4721, commits[ffc7b071-00b3-4a69-8de5-2639a1a8d8ac:c4722]
2019-06-12 16:05:02,086 INFO  client.GrpcClientProtocolClient (GrpcClientProtocolClient.java:onNext(254)) - client-7F7296B99608->ffc7b071-00b3-4a69-8de5-2639a1a8d8ac: receive RaftClientReply:client-7F7296B99608->ffc7b071-00b3-4a69-8de5-2639a1a8d8ac@group-6911E2D50CC5, cid=2817, SUCCESS, logIndex=4723, commits[ffc7b071-00b3-4a69-8de5-2639a1a8d8ac:c4723]
2019-06-12 16:05:02,088 INFO  client.GrpcClientProtocolClient (GrpcClientProtocolClient.java:onNext(254)) - client-7F7296B99608->ffc7b071-00b3-4a69-8de5-2639a1a8d8ac: receive RaftClientReply:client-7F7296B99608->ffc7b071-00b3-4a69-8de5-2639a1a8d8ac@group-6911E2D50CC5, cid=2818, SUCCESS, logIndex=4725, commits[ffc7b071-00b3-4a69-8de5-2639a1a8d8ac:c4725]
2019-06-12 16:05:02,088 INFO  client.GrpcClientProtocolClient (GrpcClientProtocolClient.java:onNext(254)) - client-7F7296B99608->ffc7b071-00b3-4a69-8de5-2639a1a8d8ac: receive RaftClientReply:client-7F7296B99608->ffc7b071-00b3-4a69-8de5-2639a1a8d8ac@group-6911E2D50CC5, cid=2819, SUCCESS, logIndex=4726, commits[ffc7b071-00b3-4a69-8de5-2639a1a8d8ac:c4726]
2019-06-12 16:05:02,090 INFO  client.GrpcClientProtocolClient (GrpcClientProtocolClient.java:onNext(254)) - client-7F7296B99608->ffc7b071-00b3-4a69-8de5-2639a1a8d8ac: receive RaftClientReply:client-7F7296B99608->ffc7b071-00b3-4a69-8de5-2639a1a8d8ac@group-6911E2D50CC5, cid=2820, SUCCESS, logIndex=4729, commits[ffc7b071-00b3-4a69-8de5-2639a1a8d8ac:c4729]
2019-06-12 16:05:02,095 INFO  client.GrpcClientProtocolClient (GrpcClientProtocolClient.java:onNext(254)) - client-7F7296B99608->ffc7b071-00b3-4a69-8de5-2639a1a8d8ac: receive RaftClientReply:client-7F7296B99608->ffc7b071-00b3-4a69-8de5-2639a1a8d8ac@group-6911E2D50CC5, cid=2821, SUCCESS, logIndex=4731, commits[ffc7b071-00b3-4a69-8de5-2639a1a8d8ac:c4731]
2019-06-12 16:05:02,096 INFO  client.GrpcClientProtocolClient (GrpcClientProtocolClient.java:onNext(254)) - client-7F7296B99608->ffc7b071-00b3-4a69-8de5-2639a1a8d8ac: receive RaftClientReply:client-7F7296B99608->ffc7b071-00b3-4a69-8de5-2639a1a8d8ac@group-6911E2D50CC5, cid=2822, SUCCESS, logIndex=4733, commits[ffc7b071-00b3-4a69-8de5-2639a1a8d8ac:c4733]
2019-06-12 16:05:02,098 INFO  client.GrpcClientProtocolClient (GrpcClientProtocolClient.java:onNext(254)) - client-7F7296B99608->ffc7b071-00b3-4a69-8de5-2639a1a8d8ac: receive RaftClientReply:client-7F7296B99608->ffc7b071-00b3-4a69-8de5-2639a1a8d8ac@group-6911E2D50CC5, cid=2823, SUCCESS, logIndex=4735, commits[ffc7b071-00b3-4a69-8de5-2639a1a8d8ac:c4736]
2019-06-12 16:05:02,098 INFO  client.GrpcClientProtocolClient (GrpcClientProtocolClient.java:onNext(254)) - client-7F7296B99608->ffc7b071-00b3-4a69-8de5-2639a1a8d8ac: receive RaftClientReply:client-7F7296B99608->ffc7b071-00b3-4a69-8de5-2639a1a8d8ac@group-6911E2D50CC5, cid=2824, SUCCESS, logIndex=4736, commits[ffc7b071-00b3-4a69-8de5-2639a1a8d8ac:c4736]
2019-06-12 16:05:02,109 INFO  client.GrpcClientProtocolClient (GrpcClientProtocolClient.java:onNext(254)) - client-7F7296B99608->ffc7b071-00b3-4a69-8de5-2639a1a8d8ac: receive RaftClientReply:client-7F7296B99608->ffc7b071-00b3-4a69-8de5-2639a1a8d8ac@group-6911E2D50CC5, cid=2825, SUCCESS, logIndex=4738, commits[ffc7b071-00b3-4a69-8de5-2639a1a8d8ac:c4738]
2019-06-12 16:05:02,111 INFO  client.GrpcClientProtocolClient (GrpcClientProtocolClient.java:onNext(254)) - client-7F7296B99608->ffc7b071-00b3-4a69-8de5-2639a1a8d8ac: receive RaftClientReply:client-7F7296B99608->ffc7b071-00b3-4a69-8de5-2639a1a8d8ac@group-6911E2D50CC5, cid=2826, SUCCESS, logIndex=4740, commits[ffc7b071-00b3-4a69-8de5-2639a1a8d8ac:c4742]
2019-06-12 16:05:02,111 INFO  client.GrpcClientProtocolClient (GrpcClientProtocolClient.java:onNext(254)) - client-7F7296B99608->ffc7b071-00b3-4a69-8de5-2639a1a8d8ac: receive RaftClientReply:client-7F7296B99608->ffc7b071-00b3-4a69-8de5-2639a1a8d8ac@group-6911E2D50CC5, cid=2827, SUCCESS, logIndex=4741, commits[ffc7b071-00b3-4a69-8de5-2639a1a8d8ac:c4742]
2019-06-12 16:05:02,112 INFO  client.GrpcClientProtocolClient (GrpcClientProtocolClient.java:onNext(254)) - client-7F7296B99608->ffc7b071-00b3-4a69-8de5-2639a1a8d8ac: receive RaftClientReply:client-7F7296B99608->ffc7b071-00b3-4a69-8de5-2639a1a8d8ac@group-6911E2D50CC5, cid=2828, SUCCESS, logIndex=4742, commits[ffc7b071-00b3-4a69-8de5-2639a1a8d8ac:c4742]
2019-06-12 16:05:02,163 DEBUG block.SCMBlockDeletingService (SCMBlockDeletingService.java:call(138)) - Running DeletedBlockTransactionScanner
2019-06-12 16:05:02,164 DEBUG block.SCMBlockDeletingService (SCMBlockDeletingService.java:call(155)) - Scanned deleted blocks log and got 0 delTX to process.
2019-06-12 16:05:02,196 INFO  client.GrpcClientProtocolClient (GrpcClientProtocolClient.java:onNext(254)) - client-7F7296B99608->ffc7b071-00b3-4a69-8de5-2639a1a8d8ac: receive RaftClientReply:client-7F7296B99608->ffc7b071-00b3-4a69-8de5-2639a1a8d8ac@group-6911E2D50CC5, cid=2829, SUCCESS, logIndex=4744, commits[ffc7b071-00b3-4a69-8de5-2639a1a8d8ac:c4744]
2019-06-12 16:05:02,197 INFO  client.GrpcClientProtocolClient (GrpcClientProtocolClient.java:onNext(254)) - client-7F7296B99608->ffc7b071-00b3-4a69-8de5-2639a1a8d8ac: receive RaftClientReply:client-7F7296B99608->ffc7b071-00b3-4a69-8de5-2639a1a8d8ac@group-6911E2D50CC5, cid=2830, SUCCESS, logIndex=4746, commits[ffc7b071-00b3-4a69-8de5-2639a1a8d8ac:c4746]
2019-06-12 16:05:02,200 INFO  client.GrpcClientProtocolClient (GrpcClientProtocolClient.java:onNext(254)) - client-7F7296B99608->ffc7b071-00b3-4a69-8de5-2639a1a8d8ac: receive RaftClientReply:client-7F7296B99608->ffc7b071-00b3-4a69-8de5-2639a1a8d8ac@group-6911E2D50CC5, cid=2831, SUCCESS, logIndex=4747, commits[ffc7b071-00b3-4a69-8de5-2639a1a8d8ac:c4749]
2019-06-12 16:05:02,200 INFO  client.GrpcClientProtocolClient (GrpcClientProtocolClient.java:onNext(254)) - client-7F7296B99608->ffc7b071-00b3-4a69-8de5-2639a1a8d8ac: receive RaftClientReply:client-7F7296B99608->ffc7b071-00b3-4a69-8de5-2639a1a8d8ac@group-6911E2D50CC5, cid=2832, SUCCESS, logIndex=4748, commits[ffc7b071-00b3-4a69-8de5-2639a1a8d8ac:c4749]
2019-06-12 16:05:02,210 INFO  client.GrpcClientProtocolClient (GrpcClientProtocolClient.java:onNext(254)) - client-7F7296B99608->ffc7b071-00b3-4a69-8de5-2639a1a8d8ac: receive RaftClientReply:client-7F7296B99608->ffc7b071-00b3-4a69-8de5-2639a1a8d8ac@group-6911E2D50CC5, cid=2833, SUCCESS, logIndex=4750, commits[ffc7b071-00b3-4a69-8de5-2639a1a8d8ac:c4750]
2019-06-12 16:05:02,210 INFO  storage.RaftLogWorker (RaftLogWorker.java:rollLogSegment(303)) - ffc7b071-00b3-4a69-8de5-2639a1a8d8ac-RaftLogWorker: Rolling segment log-4681_4752 to index:4752
2019-06-12 16:05:02,210 INFO  storage.RaftLogWorker (RaftLogWorker.java:execute(433)) - ffc7b071-00b3-4a69-8de5-2639a1a8d8ac-RaftLogWorker: Rolled log segment from /opt/src/hadoop-ozone/integration-test/target/test-dir/MiniOzoneClusterImpl-a1c7246e-c692-4524-ad55-32b507b20431/datanode-0/data/ratis/4417d833-4fb6-4fa2-9413-6911e2d50cc5/current/log_inprogress_4681 to /opt/src/hadoop-ozone/integration-test/target/test-dir/MiniOzoneClusterImpl-a1c7246e-c692-4524-ad55-32b507b20431/datanode-0/data/ratis/4417d833-4fb6-4fa2-9413-6911e2d50cc5/current/log_4681-4752
2019-06-12 16:05:02,211 INFO  client.GrpcClientProtocolClient (GrpcClientProtocolClient.java:onNext(254)) - client-7F7296B99608->ffc7b071-00b3-4a69-8de5-2639a1a8d8ac: receive RaftClientReply:client-7F7296B99608->ffc7b071-00b3-4a69-8de5-2639a1a8d8ac@group-6911E2D50CC5, cid=2834, SUCCESS, logIndex=4752, commits[ffc7b071-00b3-4a69-8de5-2639a1a8d8ac:c4752]
2019-06-12 16:05:02,245 INFO  storage.RaftLogWorker (RaftLogWorker.java:execute(469)) - ffc7b071-00b3-4a69-8de5-2639a1a8d8ac-RaftLogWorker: created new log segment /opt/src/hadoop-ozone/integration-test/target/test-dir/MiniOzoneClusterImpl-a1c7246e-c692-4524-ad55-32b507b20431/datanode-0/data/ratis/4417d833-4fb6-4fa2-9413-6911e2d50cc5/current/log_inprogress_4753
2019-06-12 16:05:02,246 INFO  client.GrpcClientProtocolClient (GrpcClientProtocolClient.java:onNext(254)) - client-7F7296B99608->ffc7b071-00b3-4a69-8de5-2639a1a8d8ac: receive RaftClientReply:client-7F7296B99608->ffc7b071-00b3-4a69-8de5-2639a1a8d8ac@group-6911E2D50CC5, cid=2835, SUCCESS, logIndex=4753, commits[ffc7b071-00b3-4a69-8de5-2639a1a8d8ac:c4755]
2019-06-12 16:05:02,246 INFO  client.GrpcClientProtocolClient (GrpcClientProtocolClient.java:onNext(254)) - client-7F7296B99608->ffc7b071-00b3-4a69-8de5-2639a1a8d8ac: receive RaftClientReply:client-7F7296B99608->ffc7b071-00b3-4a69-8de5-2639a1a8d8ac@group-6911E2D50CC5, cid=2836, SUCCESS, logIndex=4755, commits[ffc7b071-00b3-4a69-8de5-2639a1a8d8ac:c4756]
2019-06-12 16:05:02,252 INFO  client.GrpcClientProtocolClient (GrpcClientProtocolClient.java:onNext(254)) - client-7F7296B99608->ffc7b071-00b3-4a69-8de5-2639a1a8d8ac: receive RaftClientReply:client-7F7296B99608->ffc7b071-00b3-4a69-8de5-2639a1a8d8ac@group-6911E2D50CC5, cid=2837, SUCCESS, logIndex=4757, commits[ffc7b071-00b3-4a69-8de5-2639a1a8d8ac:c4757]
2019-06-12 16:05:02,253 INFO  client.GrpcClientProtocolClient (GrpcClientProtocolClient.java:onNext(254)) - client-7F7296B99608->ffc7b071-00b3-4a69-8de5-2639a1a8d8ac: receive RaftClientReply:client-7F7296B99608->ffc7b071-00b3-4a69-8de5-2639a1a8d8ac@group-6911E2D50CC5, cid=2838, SUCCESS, logIndex=4759, commits[ffc7b071-00b3-4a69-8de5-2639a1a8d8ac:c4759]
2019-06-12 16:05:02,254 INFO  client.GrpcClientProtocolClient (GrpcClientProtocolClient.java:onNext(254)) - client-7F7296B99608->ffc7b071-00b3-4a69-8de5-2639a1a8d8ac: receive RaftClientReply:client-7F7296B99608->ffc7b071-00b3-4a69-8de5-2639a1a8d8ac@group-6911E2D50CC5, cid=2839, SUCCESS, logIndex=4760, commits[ffc7b071-00b3-4a69-8de5-2639a1a8d8ac:c4762]
2019-06-12 16:05:02,254 INFO  client.GrpcClientProtocolClient (GrpcClientProtocolClient.java:onNext(254)) - client-7F7296B99608->ffc7b071-00b3-4a69-8de5-2639a1a8d8ac: receive RaftClientReply:client-7F7296B99608->ffc7b071-00b3-4a69-8de5-2639a1a8d8ac@group-6911E2D50CC5, cid=2840, SUCCESS, logIndex=4761, commits[ffc7b071-00b3-4a69-8de5-2639a1a8d8ac:c4762]
2019-06-12 16:05:02,264 DEBUG block.SCMBlockDeletingService (SCMBlockDeletingService.java:call(138)) - Running DeletedBlockTransactionScanner
2019-06-12 16:05:02,264 DEBUG block.SCMBlockDeletingService (SCMBlockDeletingService.java:call(155)) - Scanned deleted blocks log and got 0 delTX to process.
2019-06-12 16:05:02,266 INFO  client.GrpcClientProtocolClient (GrpcClientProtocolClient.java:onNext(254)) - client-7F7296B99608->ffc7b071-00b3-4a69-8de5-2639a1a8d8ac: receive RaftClientReply:client-7F7296B99608->ffc7b071-00b3-4a69-8de5-2639a1a8d8ac@group-6911E2D50CC5, cid=2841, SUCCESS, logIndex=4763, commits[ffc7b071-00b3-4a69-8de5-2639a1a8d8ac:c4763]
2019-06-12 16:05:02,270 INFO  client.GrpcClientProtocolClient (GrpcClientProtocolClient.java:onNext(254)) - client-7F7296B99608->ffc7b071-00b3-4a69-8de5-2639a1a8d8ac: receive RaftClientReply:client-7F7296B99608->ffc7b071-00b3-4a69-8de5-2639a1a8d8ac@group-6911E2D50CC5, cid=2842, SUCCESS, logIndex=4765, commits[ffc7b071-00b3-4a69-8de5-2639a1a8d8ac:c4765]
2019-06-12 16:05:02,271 INFO  client.GrpcClientProtocolClient (GrpcClientProtocolClient.java:onNext(254)) - client-7F7296B99608->ffc7b071-00b3-4a69-8de5-2639a1a8d8ac: receive RaftClientReply:client-7F7296B99608->ffc7b071-00b3-4a69-8de5-2639a1a8d8ac@group-6911E2D50CC5, cid=2843, SUCCESS, logIndex=4766, commits[ffc7b071-00b3-4a69-8de5-2639a1a8d8ac:c4768]
2019-06-12 16:05:02,274 INFO  client.GrpcClientProtocolClient (GrpcClientProtocolClient.java:onNext(254)) - client-7F7296B99608->ffc7b071-00b3-4a69-8de5-2639a1a8d8ac: receive RaftClientReply:client-7F7296B99608->ffc7b071-00b3-4a69-8de5-2639a1a8d8ac@group-6911E2D50CC5, cid=2844, SUCCESS, logIndex=4767, commits[ffc7b071-00b3-4a69-8de5-2639a1a8d8ac:c4768]
2019-06-12 16:05:02,279 INFO  client.GrpcClientProtocolClient (GrpcClientProtocolClient.java:onNext(254)) - client-7F7296B99608->ffc7b071-00b3-4a69-8de5-2639a1a8d8ac: receive RaftClientReply:client-7F7296B99608->ffc7b071-00b3-4a69-8de5-2639a1a8d8ac@group-6911E2D50CC5, cid=2845, SUCCESS, logIndex=4769, commits[ffc7b071-00b3-4a69-8de5-2639a1a8d8ac:c4769]
2019-06-12 16:05:02,281 INFO  client.GrpcClientProtocolClient (GrpcClientProtocolClient.java:onNext(254)) - client-7F7296B99608->ffc7b071-00b3-4a69-8de5-2639a1a8d8ac: receive RaftClientReply:client-7F7296B99608->ffc7b071-00b3-4a69-8de5-2639a1a8d8ac@group-6911E2D50CC5, cid=2846, SUCCESS, logIndex=4771, commits[ffc7b071-00b3-4a69-8de5-2639a1a8d8ac:c4771]
2019-06-12 16:05:02,282 INFO  client.GrpcClientProtocolClient (GrpcClientProtocolClient.java:onNext(254)) - client-7F7296B99608->ffc7b071-00b3-4a69-8de5-2639a1a8d8ac: receive RaftClientReply:client-7F7296B99608->ffc7b071-00b3-4a69-8de5-2639a1a8d8ac@group-6911E2D50CC5, cid=2847, SUCCESS, logIndex=4772, commits[ffc7b071-00b3-4a69-8de5-2639a1a8d8ac:c4774]
2019-06-12 16:05:02,282 INFO  client.GrpcClientProtocolClient (GrpcClientProtocolClient.java:onNext(254)) - client-7F7296B99608->ffc7b071-00b3-4a69-8de5-2639a1a8d8ac: receive RaftClientReply:client-7F7296B99608->ffc7b071-00b3-4a69-8de5-2639a1a8d8ac@group-6911E2D50CC5, cid=2848, SUCCESS, logIndex=4773, commits[ffc7b071-00b3-4a69-8de5-2639a1a8d8ac:c4774]
2019-06-12 16:05:02,291 INFO  client.GrpcClientProtocolClient (GrpcClientProtocolClient.java:onNext(254)) - client-7F7296B99608->ffc7b071-00b3-4a69-8de5-2639a1a8d8ac: receive RaftClientReply:client-7F7296B99608->ffc7b071-00b3-4a69-8de5-2639a1a8d8ac@group-6911E2D50CC5, cid=2849, SUCCESS, logIndex=4775, commits[ffc7b071-00b3-4a69-8de5-2639a1a8d8ac:c4775]
2019-06-12 16:05:02,294 INFO  client.GrpcClientProtocolClient (GrpcClientProtocolClient.java:onNext(254)) - client-7F7296B99608->ffc7b071-00b3-4a69-8de5-2639a1a8d8ac: receive RaftClientReply:client-7F7296B99608->ffc7b071-00b3-4a69-8de5-2639a1a8d8ac@group-6911E2D50CC5, cid=2850, SUCCESS, logIndex=4777, commits[ffc7b071-00b3-4a69-8de5-2639a1a8d8ac:c4777]
2019-06-12 16:05:02,294 INFO  client.GrpcClientProtocolClient (GrpcClientProtocolClient.java:onNext(254)) - client-7F7296B99608->ffc7b071-00b3-4a69-8de5-2639a1a8d8ac: receive RaftClientReply:client-7F7296B99608->ffc7b071-00b3-4a69-8de5-2639a1a8d8ac@group-6911E2D50CC5, cid=2851, SUCCESS, logIndex=4778, commits[ffc7b071-00b3-4a69-8de5-2639a1a8d8ac:c4778]
2019-06-12 16:05:02,295 INFO  client.GrpcClientProtocolClient (GrpcClientProtocolClient.java:onNext(254)) - client-7F7296B99608->ffc7b071-00b3-4a69-8de5-2639a1a8d8ac: receive RaftClientReply:client-7F7296B99608->ffc7b071-00b3-4a69-8de5-2639a1a8d8ac@group-6911E2D50CC5, cid=2852, SUCCESS, logIndex=4780, commits[ffc7b071-00b3-4a69-8de5-2639a1a8d8ac:c4780]
2019-06-12 16:05:02,300 INFO  client.GrpcClientProtocolClient (GrpcClientProtocolClient.java:onNext(254)) - client-7F7296B99608->ffc7b071-00b3-4a69-8de5-2639a1a8d8ac: receive RaftClientReply:client-7F7296B99608->ffc7b071-00b3-4a69-8de5-2639a1a8d8ac@group-6911E2D50CC5, cid=2853, SUCCESS, logIndex=4783, commits[ffc7b071-00b3-4a69-8de5-2639a1a8d8ac:c4783]
2019-06-12 16:05:02,301 INFO  client.GrpcClientProtocolClient (GrpcClientProtocolClient.java:onNext(254)) - client-7F7296B99608->ffc7b071-00b3-4a69-8de5-2639a1a8d8ac: receive RaftClientReply:client-7F7296B99608->ffc7b071-00b3-4a69-8de5-2639a1a8d8ac@group-6911E2D50CC5, cid=2854, SUCCESS, logIndex=4785, commits[ffc7b071-00b3-4a69-8de5-2639a1a8d8ac:c4785]
2019-06-12 16:05:02,303 INFO  client.GrpcClientProtocolClient (GrpcClientProtocolClient.java:onNext(254)) - client-7F7296B99608->ffc7b071-00b3-4a69-8de5-2639a1a8d8ac: receive RaftClientReply:client-7F7296B99608->ffc7b071-00b3-4a69-8de5-2639a1a8d8ac@group-6911E2D50CC5, cid=2855, SUCCESS, logIndex=4787, commits[ffc7b071-00b3-4a69-8de5-2639a1a8d8ac:c4788]
2019-06-12 16:05:02,303 INFO  client.GrpcClientProtocolClient (GrpcClientProtocolClient.java:onNext(254)) - client-7F7296B99608->ffc7b071-00b3-4a69-8de5-2639a1a8d8ac: receive RaftClientReply:client-7F7296B99608->ffc7b071-00b3-4a69-8de5-2639a1a8d8ac@group-6911E2D50CC5, cid=2856, SUCCESS, logIndex=4788, commits[ffc7b071-00b3-4a69-8de5-2639a1a8d8ac:c4788]
2019-06-12 16:05:02,312 INFO  client.GrpcClientProtocolClient (GrpcClientProtocolClient.java:onNext(254)) - client-7F7296B99608->ffc7b071-00b3-4a69-8de5-2639a1a8d8ac: receive RaftClientReply:client-7F7296B99608->ffc7b071-00b3-4a69-8de5-2639a1a8d8ac@group-6911E2D50CC5, cid=2857, SUCCESS, logIndex=4790, commits[ffc7b071-00b3-4a69-8de5-2639a1a8d8ac:c4790]
2019-06-12 16:05:02,313 INFO  client.GrpcClientProtocolClient (GrpcClientProtocolClient.java:onNext(254)) - client-7F7296B99608->ffc7b071-00b3-4a69-8de5-2639a1a8d8ac: receive RaftClientReply:client-7F7296B99608->ffc7b071-00b3-4a69-8de5-2639a1a8d8ac@group-6911E2D50CC5, cid=2858, SUCCESS, logIndex=4792, commits[ffc7b071-00b3-4a69-8de5-2639a1a8d8ac:c4792]
2019-06-12 16:05:02,314 INFO  client.GrpcClientProtocolClient (GrpcClientProtocolClient.java:onNext(254)) - client-7F7296B99608->ffc7b071-00b3-4a69-8de5-2639a1a8d8ac: receive RaftClientReply:client-7F7296B99608->ffc7b071-00b3-4a69-8de5-2639a1a8d8ac@group-6911E2D50CC5, cid=2859, SUCCESS, logIndex=4793, commits[ffc7b071-00b3-4a69-8de5-2639a1a8d8ac:c4795]
2019-06-12 16:05:02,315 INFO  client.GrpcClientProtocolClient (GrpcClientProtocolClient.java:onNext(254)) - client-7F7296B99608->ffc7b071-00b3-4a69-8de5-2639a1a8d8ac: receive RaftClientReply:client-7F7296B99608->ffc7b071-00b3-4a69-8de5-2639a1a8d8ac@group-6911E2D50CC5, cid=2860, SUCCESS, logIndex=4794, commits[ffc7b071-00b3-4a69-8de5-2639a1a8d8ac:c4795]
2019-06-12 16:05:02,319 INFO  client.GrpcClientProtocolClient (GrpcClientProtocolClient.java:onNext(254)) - client-7F7296B99608->ffc7b071-00b3-4a69-8de5-2639a1a8d8ac: receive RaftClientReply:client-7F7296B99608->ffc7b071-00b3-4a69-8de5-2639a1a8d8ac@group-6911E2D50CC5, cid=2861, SUCCESS, logIndex=4796, commits[ffc7b071-00b3-4a69-8de5-2639a1a8d8ac:c4796]
2019-06-12 16:05:02,320 INFO  client.GrpcClientProtocolClient (GrpcClientProtocolClient.java:onNext(254)) - client-7F7296B99608->ffc7b071-00b3-4a69-8de5-2639a1a8d8ac: receive RaftClientReply:client-7F7296B99608->ffc7b071-00b3-4a69-8de5-2639a1a8d8ac@group-6911E2D50CC5, cid=2862, SUCCESS, logIndex=4798, commits[ffc7b071-00b3-4a69-8de5-2639a1a8d8ac:c4798]
2019-06-12 16:05:02,322 INFO  client.GrpcClientProtocolClient (GrpcClientProtocolClient.java:onNext(254)) - client-7F7296B99608->ffc7b071-00b3-4a69-8de5-2639a1a8d8ac: receive RaftClientReply:client-7F7296B99608->ffc7b071-00b3-4a69-8de5-2639a1a8d8ac@group-6911E2D50CC5, cid=2863, SUCCESS, logIndex=4799, commits[ffc7b071-00b3-4a69-8de5-2639a1a8d8ac:c4801]
2019-06-12 16:05:02,322 INFO  client.GrpcClientProtocolClient (GrpcClientProtocolClient.java:onNext(254)) - client-7F7296B99608->ffc7b071-00b3-4a69-8de5-2639a1a8d8ac: receive RaftClientReply:client-7F7296B99608->ffc7b071-00b3-4a69-8de5-2639a1a8d8ac@group-6911E2D50CC5, cid=2864, SUCCESS, logIndex=4800, commits[ffc7b071-00b3-4a69-8de5-2639a1a8d8ac:c4801]
2019-06-12 16:05:02,332 INFO  client.GrpcClientProtocolClient (GrpcClientProtocolClient.java:onNext(254)) - client-7F7296B99608->ffc7b071-00b3-4a69-8de5-2639a1a8d8ac: receive RaftClientReply:client-7F7296B99608->ffc7b071-00b3-4a69-8de5-2639a1a8d8ac@group-6911E2D50CC5, cid=2865, SUCCESS, logIndex=4802, commits[ffc7b071-00b3-4a69-8de5-2639a1a8d8ac:c4802]
2019-06-12 16:05:02,374 DEBUG block.SCMBlockDeletingService (SCMBlockDeletingService.java:call(138)) - Running DeletedBlockTransactionScanner
2019-06-12 16:05:02,374 DEBUG block.SCMBlockDeletingService (SCMBlockDeletingService.java:call(155)) - Scanned deleted blocks log and got 0 delTX to process.
2019-06-12 16:05:02,378 INFO  client.GrpcClientProtocolClient (GrpcClientProtocolClient.java:onNext(254)) - client-7F7296B99608->ffc7b071-00b3-4a69-8de5-2639a1a8d8ac: receive RaftClientReply:client-7F7296B99608->ffc7b071-00b3-4a69-8de5-2639a1a8d8ac@group-6911E2D50CC5, cid=2866, SUCCESS, logIndex=4804, commits[ffc7b071-00b3-4a69-8de5-2639a1a8d8ac:c4804]
2019-06-12 16:05:02,379 INFO  client.GrpcClientProtocolClient (GrpcClientProtocolClient.java:onNext(254)) - client-7F7296B99608->ffc7b071-00b3-4a69-8de5-2639a1a8d8ac: receive RaftClientReply:client-7F7296B99608->ffc7b071-00b3-4a69-8de5-2639a1a8d8ac@group-6911E2D50CC5, cid=2867, SUCCESS, logIndex=4805, commits[ffc7b071-00b3-4a69-8de5-2639a1a8d8ac:c4807]
2019-06-12 16:05:02,379 INFO  client.GrpcClientProtocolClient (GrpcClientProtocolClient.java:onNext(254)) - client-7F7296B99608->ffc7b071-00b3-4a69-8de5-2639a1a8d8ac: receive RaftClientReply:client-7F7296B99608->ffc7b071-00b3-4a69-8de5-2639a1a8d8ac@group-6911E2D50CC5, cid=2868, SUCCESS, logIndex=4807, commits[ffc7b071-00b3-4a69-8de5-2639a1a8d8ac:c4807]
2019-06-12 16:05:02,384 INFO  client.GrpcClientProtocolClient (GrpcClientProtocolClient.java:onNext(254)) - client-7F7296B99608->ffc7b071-00b3-4a69-8de5-2639a1a8d8ac: receive RaftClientReply:client-7F7296B99608->ffc7b071-00b3-4a69-8de5-2639a1a8d8ac@group-6911E2D50CC5, cid=2869, SUCCESS, logIndex=4809, commits[ffc7b071-00b3-4a69-8de5-2639a1a8d8ac:c4809]
2019-06-12 16:05:02,385 INFO  client.GrpcClientProtocolClient (GrpcClientProtocolClient.java:onNext(254)) - client-7F7296B99608->ffc7b071-00b3-4a69-8de5-2639a1a8d8ac: receive RaftClientReply:client-7F7296B99608->ffc7b071-00b3-4a69-8de5-2639a1a8d8ac@group-6911E2D50CC5, cid=2870, SUCCESS, logIndex=4811, commits[ffc7b071-00b3-4a69-8de5-2639a1a8d8ac:c4811]
2019-06-12 16:05:02,387 INFO  client.GrpcClientProtocolClient (GrpcClientProtocolClient.java:onNext(254)) - client-7F7296B99608->ffc7b071-00b3-4a69-8de5-2639a1a8d8ac: receive RaftClientReply:client-7F7296B99608->ffc7b071-00b3-4a69-8de5-2639a1a8d8ac@group-6911E2D50CC5, cid=2871, SUCCESS, logIndex=4812, commits[ffc7b071-00b3-4a69-8de5-2639a1a8d8ac:c4814]
2019-06-12 16:05:02,387 INFO  client.GrpcClientProtocolClient (GrpcClientProtocolClient.java:onNext(254)) - client-7F7296B99608->ffc7b071-00b3-4a69-8de5-2639a1a8d8ac: receive RaftClientReply:client-7F7296B99608->ffc7b071-00b3-4a69-8de5-2639a1a8d8ac@group-6911E2D50CC5, cid=2872, SUCCESS, logIndex=4813, commits[ffc7b071-00b3-4a69-8de5-2639a1a8d8ac:c4814]
2019-06-12 16:05:02,461 INFO  client.GrpcClientProtocolClient (GrpcClientProtocolClient.java:onNext(254)) - client-7F7296B99608->ffc7b071-00b3-4a69-8de5-2639a1a8d8ac: receive RaftClientReply:client-7F7296B99608->ffc7b071-00b3-4a69-8de5-2639a1a8d8ac@group-6911E2D50CC5, cid=2873, SUCCESS, logIndex=4815, commits[ffc7b071-00b3-4a69-8de5-2639a1a8d8ac:c4815]
2019-06-12 16:05:02,463 INFO  client.GrpcClientProtocolClient (GrpcClientProtocolClient.java:onNext(254)) - client-7F7296B99608->ffc7b071-00b3-4a69-8de5-2639a1a8d8ac: receive RaftClientReply:client-7F7296B99608->ffc7b071-00b3-4a69-8de5-2639a1a8d8ac@group-6911E2D50CC5, cid=2874, SUCCESS, logIndex=4817, commits[ffc7b071-00b3-4a69-8de5-2639a1a8d8ac:c4817]
2019-06-12 16:05:02,463 INFO  client.GrpcClientProtocolClient (GrpcClientProtocolClient.java:onNext(254)) - client-7F7296B99608->ffc7b071-00b3-4a69-8de5-2639a1a8d8ac: receive RaftClientReply:client-7F7296B99608->ffc7b071-00b3-4a69-8de5-2639a1a8d8ac@group-6911E2D50CC5, cid=2875, SUCCESS, logIndex=4818, commits[ffc7b071-00b3-4a69-8de5-2639a1a8d8ac:c4818]
2019-06-12 16:05:02,464 INFO  client.GrpcClientProtocolClient (GrpcClientProtocolClient.java:onNext(254)) - client-7F7296B99608->ffc7b071-00b3-4a69-8de5-2639a1a8d8ac: receive RaftClientReply:client-7F7296B99608->ffc7b071-00b3-4a69-8de5-2639a1a8d8ac@group-6911E2D50CC5, cid=2876, SUCCESS, logIndex=4820, commits[ffc7b071-00b3-4a69-8de5-2639a1a8d8ac:c4820]
2019-06-12 16:05:02,469 INFO  storage.RaftLogWorker (RaftLogWorker.java:rollLogSegment(303)) - ffc7b071-00b3-4a69-8de5-2639a1a8d8ac-RaftLogWorker: Rolling segment log-4753_4824 to index:4824
2019-06-12 16:05:02,469 INFO  client.GrpcClientProtocolClient (GrpcClientProtocolClient.java:onNext(254)) - client-7F7296B99608->ffc7b071-00b3-4a69-8de5-2639a1a8d8ac: receive RaftClientReply:client-7F7296B99608->ffc7b071-00b3-4a69-8de5-2639a1a8d8ac@group-6911E2D50CC5, cid=2877, SUCCESS, logIndex=4823, commits[ffc7b071-00b3-4a69-8de5-2639a1a8d8ac:c4823]
2019-06-12 16:05:02,469 INFO  storage.RaftLogWorker (RaftLogWorker.java:execute(433)) - ffc7b071-00b3-4a69-8de5-2639a1a8d8ac-RaftLogWorker: Rolled log segment from /opt/src/hadoop-ozone/integration-test/target/test-dir/MiniOzoneClusterImpl-a1c7246e-c692-4524-ad55-32b507b20431/datanode-0/data/ratis/4417d833-4fb6-4fa2-9413-6911e2d50cc5/current/log_inprogress_4753 to /opt/src/hadoop-ozone/integration-test/target/test-dir/MiniOzoneClusterImpl-a1c7246e-c692-4524-ad55-32b507b20431/datanode-0/data/ratis/4417d833-4fb6-4fa2-9413-6911e2d50cc5/current/log_4753-4824
2019-06-12 16:05:02,475 DEBUG block.SCMBlockDeletingService (SCMBlockDeletingService.java:call(138)) - Running DeletedBlockTransactionScanner
2019-06-12 16:05:02,475 DEBUG block.SCMBlockDeletingService (SCMBlockDeletingService.java:call(155)) - Scanned deleted blocks log and got 0 delTX to process.
2019-06-12 16:05:02,504 INFO  storage.RaftLogWorker (RaftLogWorker.java:execute(469)) - ffc7b071-00b3-4a69-8de5-2639a1a8d8ac-RaftLogWorker: created new log segment /opt/src/hadoop-ozone/integration-test/target/test-dir/MiniOzoneClusterImpl-a1c7246e-c692-4524-ad55-32b507b20431/datanode-0/data/ratis/4417d833-4fb6-4fa2-9413-6911e2d50cc5/current/log_inprogress_4825
2019-06-12 16:05:02,506 INFO  client.GrpcClientProtocolClient (GrpcClientProtocolClient.java:onNext(254)) - client-7F7296B99608->ffc7b071-00b3-4a69-8de5-2639a1a8d8ac: receive RaftClientReply:client-7F7296B99608->ffc7b071-00b3-4a69-8de5-2639a1a8d8ac@group-6911E2D50CC5, cid=2878, SUCCESS, logIndex=4825, commits[ffc7b071-00b3-4a69-8de5-2639a1a8d8ac:c4827]
2019-06-12 16:05:02,506 INFO  client.GrpcClientProtocolClient (GrpcClientProtocolClient.java:onNext(254)) - client-7F7296B99608->ffc7b071-00b3-4a69-8de5-2639a1a8d8ac: receive RaftClientReply:client-7F7296B99608->ffc7b071-00b3-4a69-8de5-2639a1a8d8ac@group-6911E2D50CC5, cid=2879, SUCCESS, logIndex=4826, commits[ffc7b071-00b3-4a69-8de5-2639a1a8d8ac:c4827]
2019-06-12 16:05:02,506 INFO  client.GrpcClientProtocolClient (GrpcClientProtocolClient.java:onNext(254)) - client-7F7296B99608->ffc7b071-00b3-4a69-8de5-2639a1a8d8ac: receive RaftClientReply:client-7F7296B99608->ffc7b071-00b3-4a69-8de5-2639a1a8d8ac@group-6911E2D50CC5, cid=2880, SUCCESS, logIndex=4827, commits[ffc7b071-00b3-4a69-8de5-2639a1a8d8ac:c4828]
2019-06-12 16:05:02,515 INFO  client.GrpcClientProtocolClient (GrpcClientProtocolClient.java:onNext(254)) - client-7F7296B99608->ffc7b071-00b3-4a69-8de5-2639a1a8d8ac: receive RaftClientReply:client-7F7296B99608->ffc7b071-00b3-4a69-8de5-2639a1a8d8ac@group-6911E2D50CC5, cid=2881, SUCCESS, logIndex=4829, commits[ffc7b071-00b3-4a69-8de5-2639a1a8d8ac:c4829]
2019-06-12 16:05:02,517 INFO  client.GrpcClientProtocolClient (GrpcClientProtocolClient.java:onNext(254)) - client-7F7296B99608->ffc7b071-00b3-4a69-8de5-2639a1a8d8ac: receive RaftClientReply:client-7F7296B99608->ffc7b071-00b3-4a69-8de5-2639a1a8d8ac@group-6911E2D50CC5, cid=2882, SUCCESS, logIndex=4831, commits[ffc7b071-00b3-4a69-8de5-2639a1a8d8ac:c4831]
2019-06-12 16:05:02,518 INFO  client.GrpcClientProtocolClient (GrpcClientProtocolClient.java:onNext(254)) - client-7F7296B99608->ffc7b071-00b3-4a69-8de5-2639a1a8d8ac: receive RaftClientReply:client-7F7296B99608->ffc7b071-00b3-4a69-8de5-2639a1a8d8ac@group-6911E2D50CC5, cid=2883, SUCCESS, logIndex=4832, commits[ffc7b071-00b3-4a69-8de5-2639a1a8d8ac:c4834]
2019-06-12 16:05:02,518 INFO  client.GrpcClientProtocolClient (GrpcClientProtocolClient.java:onNext(254)) - client-7F7296B99608->ffc7b071-00b3-4a69-8de5-2639a1a8d8ac: receive RaftClientReply:client-7F7296B99608->ffc7b071-00b3-4a69-8de5-2639a1a8d8ac@group-6911E2D50CC5, cid=2884, SUCCESS, logIndex=4833, commits[ffc7b071-00b3-4a69-8de5-2639a1a8d8ac:c4834]
2019-06-12 16:05:02,523 INFO  client.GrpcClientProtocolClient (GrpcClientProtocolClient.java:onNext(254)) - client-7F7296B99608->ffc7b071-00b3-4a69-8de5-2639a1a8d8ac: receive RaftClientReply:client-7F7296B99608->ffc7b071-00b3-4a69-8de5-2639a1a8d8ac@group-6911E2D50CC5, cid=2885, SUCCESS, logIndex=4835, commits[ffc7b071-00b3-4a69-8de5-2639a1a8d8ac:c4835]
2019-06-12 16:05:02,524 INFO  client.GrpcClientProtocolClient (GrpcClientProtocolClient.java:onNext(254)) - client-7F7296B99608->ffc7b071-00b3-4a69-8de5-2639a1a8d8ac: receive RaftClientReply:client-7F7296B99608->ffc7b071-00b3-4a69-8de5-2639a1a8d8ac@group-6911E2D50CC5, cid=2886, SUCCESS, logIndex=4837, commits[ffc7b071-00b3-4a69-8de5-2639a1a8d8ac:c4837]
2019-06-12 16:05:02,525 INFO  client.GrpcClientProtocolClient (GrpcClientProtocolClient.java:onNext(254)) - client-7F7296B99608->ffc7b071-00b3-4a69-8de5-2639a1a8d8ac: receive RaftClientReply:client-7F7296B99608->ffc7b071-00b3-4a69-8de5-2639a1a8d8ac@group-6911E2D50CC5, cid=2887, SUCCESS, logIndex=4838, commits[ffc7b071-00b3-4a69-8de5-2639a1a8d8ac:c4840]
2019-06-12 16:05:02,526 INFO  client.GrpcClientProtocolClient (GrpcClientProtocolClient.java:onNext(254)) - client-7F7296B99608->ffc7b071-00b3-4a69-8de5-2639a1a8d8ac: receive RaftClientReply:client-7F7296B99608->ffc7b071-00b3-4a69-8de5-2639a1a8d8ac@group-6911E2D50CC5, cid=2888, SUCCESS, logIndex=4839, commits[ffc7b071-00b3-4a69-8de5-2639a1a8d8ac:c4840]
2019-06-12 16:05:02,536 INFO  client.GrpcClientProtocolClient (GrpcClientProtocolClient.java:onNext(254)) - client-7F7296B99608->ffc7b071-00b3-4a69-8de5-2639a1a8d8ac: receive RaftClientReply:client-7F7296B99608->ffc7b071-00b3-4a69-8de5-2639a1a8d8ac@group-6911E2D50CC5, cid=2889, SUCCESS, logIndex=4841, commits[ffc7b071-00b3-4a69-8de5-2639a1a8d8ac:c4841]
2019-06-12 16:05:02,537 INFO  client.GrpcClientProtocolClient (GrpcClientProtocolClient.java:onNext(254)) - client-7F7296B99608->ffc7b071-00b3-4a69-8de5-2639a1a8d8ac: receive RaftClientReply:client-7F7296B99608->ffc7b071-00b3-4a69-8de5-2639a1a8d8ac@group-6911E2D50CC5, cid=2890, SUCCESS, logIndex=4843, commits[ffc7b071-00b3-4a69-8de5-2639a1a8d8ac:c4843]
2019-06-12 16:05:02,538 INFO  client.GrpcClientProtocolClient (GrpcClientProtocolClient.java:onNext(254)) - client-7F7296B99608->ffc7b071-00b3-4a69-8de5-2639a1a8d8ac: receive RaftClientReply:client-7F7296B99608->ffc7b071-00b3-4a69-8de5-2639a1a8d8ac@group-6911E2D50CC5, cid=2891, SUCCESS, logIndex=4844, commits[ffc7b071-00b3-4a69-8de5-2639a1a8d8ac:c4846]
2019-06-12 16:05:02,538 INFO  client.GrpcClientProtocolClient (GrpcClientProtocolClient.java:onNext(254)) - client-7F7296B99608->ffc7b071-00b3-4a69-8de5-2639a1a8d8ac: receive RaftClientReply:client-7F7296B99608->ffc7b071-00b3-4a69-8de5-2639a1a8d8ac@group-6911E2D50CC5, cid=2892, SUCCESS, logIndex=4845, commits[ffc7b071-00b3-4a69-8de5-2639a1a8d8ac:c4846]
2019-06-12 16:05:02,543 INFO  client.GrpcClientProtocolClient (GrpcClientProtocolClient.java:onNext(254)) - client-7F7296B99608->ffc7b071-00b3-4a69-8de5-2639a1a8d8ac: receive RaftClientReply:client-7F7296B99608->ffc7b071-00b3-4a69-8de5-2639a1a8d8ac@group-6911E2D50CC5, cid=2893, SUCCESS, logIndex=4847, commits[ffc7b071-00b3-4a69-8de5-2639a1a8d8ac:c4847]
2019-06-12 16:05:02,544 INFO  client.GrpcClientProtocolClient (GrpcClientProtocolClient.java:onNext(254)) - client-7F7296B99608->ffc7b071-00b3-4a69-8de5-2639a1a8d8ac: receive RaftClientReply:client-7F7296B99608->ffc7b071-00b3-4a69-8de5-2639a1a8d8ac@group-6911E2D50CC5, cid=2894, SUCCESS, logIndex=4849, commits[ffc7b071-00b3-4a69-8de5-2639a1a8d8ac:c4849]
2019-06-12 16:05:02,545 INFO  client.GrpcClientProtocolClient (GrpcClientProtocolClient.java:onNext(254)) - client-7F7296B99608->ffc7b071-00b3-4a69-8de5-2639a1a8d8ac: receive RaftClientReply:client-7F7296B99608->ffc7b071-00b3-4a69-8de5-2639a1a8d8ac@group-6911E2D50CC5, cid=2895, SUCCESS, logIndex=4850, commits[ffc7b071-00b3-4a69-8de5-2639a1a8d8ac:c4852]
2019-06-12 16:05:02,545 INFO  client.GrpcClientProtocolClient (GrpcClientProtocolClient.java:onNext(254)) - client-7F7296B99608->ffc7b071-00b3-4a69-8de5-2639a1a8d8ac: receive RaftClientReply:client-7F7296B99608->ffc7b071-00b3-4a69-8de5-2639a1a8d8ac@group-6911E2D50CC5, cid=2896, SUCCESS, logIndex=4851, commits[ffc7b071-00b3-4a69-8de5-2639a1a8d8ac:c4852]
2019-06-12 16:05:02,556 INFO  client.GrpcClientProtocolClient (GrpcClientProtocolClient.java:onNext(254)) - client-7F7296B99608->ffc7b071-00b3-4a69-8de5-2639a1a8d8ac: receive RaftClientReply:client-7F7296B99608->ffc7b071-00b3-4a69-8de5-2639a1a8d8ac@group-6911E2D50CC5, cid=2897, SUCCESS, logIndex=4853, commits[ffc7b071-00b3-4a69-8de5-2639a1a8d8ac:c4853]
2019-06-12 16:05:02,557 INFO  client.GrpcClientProtocolClient (GrpcClientProtocolClient.java:onNext(254)) - client-7F7296B99608->ffc7b071-00b3-4a69-8de5-2639a1a8d8ac: receive RaftClientReply:client-7F7296B99608->ffc7b071-00b3-4a69-8de5-2639a1a8d8ac@group-6911E2D50CC5, cid=2898, SUCCESS, logIndex=4855, commits[ffc7b071-00b3-4a69-8de5-2639a1a8d8ac:c4855]
2019-06-12 16:05:02,558 INFO  client.GrpcClientProtocolClient (GrpcClientProtocolClient.java:onNext(254)) - client-7F7296B99608->ffc7b071-00b3-4a69-8de5-2639a1a8d8ac: receive RaftClientReply:client-7F7296B99608->ffc7b071-00b3-4a69-8de5-2639a1a8d8ac@group-6911E2D50CC5, cid=2899, SUCCESS, logIndex=4856, commits[ffc7b071-00b3-4a69-8de5-2639a1a8d8ac:c4858]
2019-06-12 16:05:02,559 INFO  client.GrpcClientProtocolClient (GrpcClientProtocolClient.java:onNext(254)) - client-7F7296B99608->ffc7b071-00b3-4a69-8de5-2639a1a8d8ac: receive RaftClientReply:client-7F7296B99608->ffc7b071-00b3-4a69-8de5-2639a1a8d8ac@group-6911E2D50CC5, cid=2900, SUCCESS, logIndex=4857, commits[ffc7b071-00b3-4a69-8de5-2639a1a8d8ac:c4858]
2019-06-12 16:05:02,564 INFO  client.GrpcClientProtocolClient (GrpcClientProtocolClient.java:onNext(254)) - client-7F7296B99608->ffc7b071-00b3-4a69-8de5-2639a1a8d8ac: receive RaftClientReply:client-7F7296B99608->ffc7b071-00b3-4a69-8de5-2639a1a8d8ac@group-6911E2D50CC5, cid=2901, SUCCESS, logIndex=4859, commits[ffc7b071-00b3-4a69-8de5-2639a1a8d8ac:c4859]
2019-06-12 16:05:02,565 INFO  client.GrpcClientProtocolClient (GrpcClientProtocolClient.java:onNext(254)) - client-7F7296B99608->ffc7b071-00b3-4a69-8de5-2639a1a8d8ac: receive RaftClientReply:client-7F7296B99608->ffc7b071-00b3-4a69-8de5-2639a1a8d8ac@group-6911E2D50CC5, cid=2902, SUCCESS, logIndex=4861, commits[ffc7b071-00b3-4a69-8de5-2639a1a8d8ac:c4861]
2019-06-12 16:05:02,566 INFO  client.GrpcClientProtocolClient (GrpcClientProtocolClient.java:onNext(254)) - client-7F7296B99608->ffc7b071-00b3-4a69-8de5-2639a1a8d8ac: receive RaftClientReply:client-7F7296B99608->ffc7b071-00b3-4a69-8de5-2639a1a8d8ac@group-6911E2D50CC5, cid=2903, SUCCESS, logIndex=4862, commits[ffc7b071-00b3-4a69-8de5-2639a1a8d8ac:c4864]
2019-06-12 16:05:02,566 INFO  client.GrpcClientProtocolClient (GrpcClientProtocolClient.java:onNext(254)) - client-7F7296B99608->ffc7b071-00b3-4a69-8de5-2639a1a8d8ac: receive RaftClientReply:client-7F7296B99608->ffc7b071-00b3-4a69-8de5-2639a1a8d8ac@group-6911E2D50CC5, cid=2904, SUCCESS, logIndex=4863, commits[ffc7b071-00b3-4a69-8de5-2639a1a8d8ac:c4864]
2019-06-12 16:05:02,576 DEBUG block.SCMBlockDeletingService (SCMBlockDeletingService.java:call(138)) - Running DeletedBlockTransactionScanner
2019-06-12 16:05:02,576 DEBUG block.SCMBlockDeletingService (SCMBlockDeletingService.java:call(155)) - Scanned deleted blocks log and got 0 delTX to process.
2019-06-12 16:05:02,577 INFO  client.GrpcClientProtocolClient (GrpcClientProtocolClient.java:onNext(254)) - client-7F7296B99608->ffc7b071-00b3-4a69-8de5-2639a1a8d8ac: receive RaftClientReply:client-7F7296B99608->ffc7b071-00b3-4a69-8de5-2639a1a8d8ac@group-6911E2D50CC5, cid=2905, SUCCESS, logIndex=4865, commits[ffc7b071-00b3-4a69-8de5-2639a1a8d8ac:c4865]
2019-06-12 16:05:02,578 INFO  client.GrpcClientProtocolClient (GrpcClientProtocolClient.java:onNext(254)) - client-7F7296B99608->ffc7b071-00b3-4a69-8de5-2639a1a8d8ac: receive RaftClientReply:client-7F7296B99608->ffc7b071-00b3-4a69-8de5-2639a1a8d8ac@group-6911E2D50CC5, cid=2906, SUCCESS, logIndex=4867, commits[ffc7b071-00b3-4a69-8de5-2639a1a8d8ac:c4867]
2019-06-12 16:05:02,580 INFO  client.GrpcClientProtocolClient (GrpcClientProtocolClient.java:onNext(254)) - client-7F7296B99608->ffc7b071-00b3-4a69-8de5-2639a1a8d8ac: receive RaftClientReply:client-7F7296B99608->ffc7b071-00b3-4a69-8de5-2639a1a8d8ac@group-6911E2D50CC5, cid=2907, SUCCESS, logIndex=4869, commits[ffc7b071-00b3-4a69-8de5-2639a1a8d8ac:c4870]
2019-06-12 16:05:02,580 INFO  client.GrpcClientProtocolClient (GrpcClientProtocolClient.java:onNext(254)) - client-7F7296B99608->ffc7b071-00b3-4a69-8de5-2639a1a8d8ac: receive RaftClientReply:client-7F7296B99608->ffc7b071-00b3-4a69-8de5-2639a1a8d8ac@group-6911E2D50CC5, cid=2908, SUCCESS, logIndex=4870, commits[ffc7b071-00b3-4a69-8de5-2639a1a8d8ac:c4870]
2019-06-12 16:05:02,586 INFO  client.GrpcClientProtocolClient (GrpcClientProtocolClient.java:onNext(254)) - client-7F7296B99608->ffc7b071-00b3-4a69-8de5-2639a1a8d8ac: receive RaftClientReply:client-7F7296B99608->ffc7b071-00b3-4a69-8de5-2639a1a8d8ac@group-6911E2D50CC5, cid=2909, SUCCESS, logIndex=4872, commits[ffc7b071-00b3-4a69-8de5-2639a1a8d8ac:c4872]
2019-06-12 16:05:02,587 INFO  client.GrpcClientProtocolClient (GrpcClientProtocolClient.java:onNext(254)) - client-7F7296B99608->ffc7b071-00b3-4a69-8de5-2639a1a8d8ac: receive RaftClientReply:client-7F7296B99608->ffc7b071-00b3-4a69-8de5-2639a1a8d8ac@group-6911E2D50CC5, cid=2910, SUCCESS, logIndex=4874, commits[ffc7b071-00b3-4a69-8de5-2639a1a8d8ac:c4874]
2019-06-12 16:05:02,588 INFO  client.GrpcClientProtocolClient (GrpcClientProtocolClient.java:onNext(254)) - client-7F7296B99608->ffc7b071-00b3-4a69-8de5-2639a1a8d8ac: receive RaftClientReply:client-7F7296B99608->ffc7b071-00b3-4a69-8de5-2639a1a8d8ac@group-6911E2D50CC5, cid=2911, SUCCESS, logIndex=4875, commits[ffc7b071-00b3-4a69-8de5-2639a1a8d8ac:c4877]
2019-06-12 16:05:02,588 INFO  client.GrpcClientProtocolClient (GrpcClientProtocolClient.java:onNext(254)) - client-7F7296B99608->ffc7b071-00b3-4a69-8de5-2639a1a8d8ac: receive RaftClientReply:client-7F7296B99608->ffc7b071-00b3-4a69-8de5-2639a1a8d8ac@group-6911E2D50CC5, cid=2912, SUCCESS, logIndex=4876, commits[ffc7b071-00b3-4a69-8de5-2639a1a8d8ac:c4877]
2019-06-12 16:05:02,597 INFO  client.GrpcClientProtocolClient (GrpcClientProtocolClient.java:onNext(254)) - client-7F7296B99608->ffc7b071-00b3-4a69-8de5-2639a1a8d8ac: receive RaftClientReply:client-7F7296B99608->ffc7b071-00b3-4a69-8de5-2639a1a8d8ac@group-6911E2D50CC5, cid=2913, SUCCESS, logIndex=4878, commits[ffc7b071-00b3-4a69-8de5-2639a1a8d8ac:c4878]
2019-06-12 16:05:02,598 INFO  client.GrpcClientProtocolClient (GrpcClientProtocolClient.java:onNext(254)) - client-7F7296B99608->ffc7b071-00b3-4a69-8de5-2639a1a8d8ac: receive RaftClientReply:client-7F7296B99608->ffc7b071-00b3-4a69-8de5-2639a1a8d8ac@group-6911E2D50CC5, cid=2914, SUCCESS, logIndex=4880, commits[ffc7b071-00b3-4a69-8de5-2639a1a8d8ac:c4880]
2019-06-12 16:05:02,600 INFO  client.GrpcClientProtocolClient (GrpcClientProtocolClient.java:onNext(254)) - client-7F7296B99608->ffc7b071-00b3-4a69-8de5-2639a1a8d8ac: receive RaftClientReply:client-7F7296B99608->ffc7b071-00b3-4a69-8de5-2639a1a8d8ac@group-6911E2D50CC5, cid=2915, SUCCESS, logIndex=4881, commits[ffc7b071-00b3-4a69-8de5-2639a1a8d8ac:c4883]
2019-06-12 16:05:02,600 INFO  client.GrpcClientProtocolClient (GrpcClientProtocolClient.java:onNext(254)) - client-7F7296B99608->ffc7b071-00b3-4a69-8de5-2639a1a8d8ac: receive RaftClientReply:client-7F7296B99608->ffc7b071-00b3-4a69-8de5-2639a1a8d8ac@group-6911E2D50CC5, cid=2916, SUCCESS, logIndex=4882, commits[ffc7b071-00b3-4a69-8de5-2639a1a8d8ac:c4883]
2019-06-12 16:05:02,676 DEBUG block.SCMBlockDeletingService (SCMBlockDeletingService.java:call(138)) - Running DeletedBlockTransactionScanner
2019-06-12 16:05:02,676 DEBUG block.SCMBlockDeletingService (SCMBlockDeletingService.java:call(155)) - Scanned deleted blocks log and got 0 delTX to process.
2019-06-12 16:05:02,679 INFO  client.GrpcClientProtocolClient (GrpcClientProtocolClient.java:onNext(254)) - client-7F7296B99608->ffc7b071-00b3-4a69-8de5-2639a1a8d8ac: receive RaftClientReply:client-7F7296B99608->ffc7b071-00b3-4a69-8de5-2639a1a8d8ac@group-6911E2D50CC5, cid=2917, SUCCESS, logIndex=4884, commits[ffc7b071-00b3-4a69-8de5-2639a1a8d8ac:c4884]
2019-06-12 16:05:02,680 INFO  client.GrpcClientProtocolClient (GrpcClientProtocolClient.java:onNext(254)) - client-7F7296B99608->ffc7b071-00b3-4a69-8de5-2639a1a8d8ac: receive RaftClientReply:client-7F7296B99608->ffc7b071-00b3-4a69-8de5-2639a1a8d8ac@group-6911E2D50CC5, cid=2918, SUCCESS, logIndex=4886, commits[ffc7b071-00b3-4a69-8de5-2639a1a8d8ac:c4886]
2019-06-12 16:05:02,681 INFO  client.GrpcClientProtocolClient (GrpcClientProtocolClient.java:onNext(254)) - client-7F7296B99608->ffc7b071-00b3-4a69-8de5-2639a1a8d8ac: receive RaftClientReply:client-7F7296B99608->ffc7b071-00b3-4a69-8de5-2639a1a8d8ac@group-6911E2D50CC5, cid=2919, SUCCESS, logIndex=4887, commits[ffc7b071-00b3-4a69-8de5-2639a1a8d8ac:c4889]
2019-06-12 16:05:02,682 INFO  client.GrpcClientProtocolClient (GrpcClientProtocolClient.java:onNext(254)) - client-7F7296B99608->ffc7b071-00b3-4a69-8de5-2639a1a8d8ac: receive RaftClientReply:client-7F7296B99608->ffc7b071-00b3-4a69-8de5-2639a1a8d8ac@group-6911E2D50CC5, cid=2920, SUCCESS, logIndex=4888, commits[ffc7b071-00b3-4a69-8de5-2639a1a8d8ac:c4889]
2019-06-12 16:05:02,689 INFO  storage.RaftLogWorker (RaftLogWorker.java:rollLogSegment(303)) - ffc7b071-00b3-4a69-8de5-2639a1a8d8ac-RaftLogWorker: Rolling segment log-4825_4889 to index:4889
2019-06-12 16:05:02,689 INFO  storage.RaftLogWorker (RaftLogWorker.java:execute(433)) - ffc7b071-00b3-4a69-8de5-2639a1a8d8ac-RaftLogWorker: Rolled log segment from /opt/src/hadoop-ozone/integration-test/target/test-dir/MiniOzoneClusterImpl-a1c7246e-c692-4524-ad55-32b507b20431/datanode-0/data/ratis/4417d833-4fb6-4fa2-9413-6911e2d50cc5/current/log_inprogress_4825 to /opt/src/hadoop-ozone/integration-test/target/test-dir/MiniOzoneClusterImpl-a1c7246e-c692-4524-ad55-32b507b20431/datanode-0/data/ratis/4417d833-4fb6-4fa2-9413-6911e2d50cc5/current/log_4825-4889
2019-06-12 16:05:02,725 INFO  storage.RaftLogWorker (RaftLogWorker.java:execute(469)) - ffc7b071-00b3-4a69-8de5-2639a1a8d8ac-RaftLogWorker: created new log segment /opt/src/hadoop-ozone/integration-test/target/test-dir/MiniOzoneClusterImpl-a1c7246e-c692-4524-ad55-32b507b20431/datanode-0/data/ratis/4417d833-4fb6-4fa2-9413-6911e2d50cc5/current/log_inprogress_4890
2019-06-12 16:05:02,726 INFO  client.GrpcClientProtocolClient (GrpcClientProtocolClient.java:onNext(254)) - client-7F7296B99608->ffc7b071-00b3-4a69-8de5-2639a1a8d8ac: receive RaftClientReply:client-7F7296B99608->ffc7b071-00b3-4a69-8de5-2639a1a8d8ac@group-6911E2D50CC5, cid=2921, SUCCESS, logIndex=4890, commits[ffc7b071-00b3-4a69-8de5-2639a1a8d8ac:c4890]
2019-06-12 16:05:02,727 INFO  client.GrpcClientProtocolClient (GrpcClientProtocolClient.java:onNext(254)) - client-7F7296B99608->ffc7b071-00b3-4a69-8de5-2639a1a8d8ac: receive RaftClientReply:client-7F7296B99608->ffc7b071-00b3-4a69-8de5-2639a1a8d8ac@group-6911E2D50CC5, cid=2922, SUCCESS, logIndex=4892, commits[ffc7b071-00b3-4a69-8de5-2639a1a8d8ac:c4892]
2019-06-12 16:05:02,729 INFO  client.GrpcClientProtocolClient (GrpcClientProtocolClient.java:onNext(254)) - client-7F7296B99608->ffc7b071-00b3-4a69-8de5-2639a1a8d8ac: receive RaftClientReply:client-7F7296B99608->ffc7b071-00b3-4a69-8de5-2639a1a8d8ac@group-6911E2D50CC5, cid=2923, SUCCESS, logIndex=4893, commits[ffc7b071-00b3-4a69-8de5-2639a1a8d8ac:c4895]
2019-06-12 16:05:02,729 INFO  client.GrpcClientProtocolClient (GrpcClientProtocolClient.java:onNext(254)) - client-7F7296B99608->ffc7b071-00b3-4a69-8de5-2639a1a8d8ac: receive RaftClientReply:client-7F7296B99608->ffc7b071-00b3-4a69-8de5-2639a1a8d8ac@group-6911E2D50CC5, cid=2924, SUCCESS, logIndex=4894, commits[ffc7b071-00b3-4a69-8de5-2639a1a8d8ac:c4895]
2019-06-12 16:05:02,734 INFO  client.GrpcClientProtocolClient (GrpcClientProtocolClient.java:onNext(254)) - client-7F7296B99608->ffc7b071-00b3-4a69-8de5-2639a1a8d8ac: receive RaftClientReply:client-7F7296B99608->ffc7b071-00b3-4a69-8de5-2639a1a8d8ac@group-6911E2D50CC5, cid=2925, SUCCESS, logIndex=4896, commits[ffc7b071-00b3-4a69-8de5-2639a1a8d8ac:c4896]
2019-06-12 16:05:02,736 INFO  client.GrpcClientProtocolClient (GrpcClientProtocolClient.java:onNext(254)) - client-7F7296B99608->ffc7b071-00b3-4a69-8de5-2639a1a8d8ac: receive RaftClientReply:client-7F7296B99608->ffc7b071-00b3-4a69-8de5-2639a1a8d8ac@group-6911E2D50CC5, cid=2926, SUCCESS, logIndex=4898, commits[ffc7b071-00b3-4a69-8de5-2639a1a8d8ac:c4898]
2019-06-12 16:05:02,736 INFO  client.GrpcClientProtocolClient (GrpcClientProtocolClient.java:onNext(254)) - client-7F7296B99608->ffc7b071-00b3-4a69-8de5-2639a1a8d8ac: receive RaftClientReply:client-7F7296B99608->ffc7b071-00b3-4a69-8de5-2639a1a8d8ac@group-6911E2D50CC5, cid=2927, SUCCESS, logIndex=4899, commits[ffc7b071-00b3-4a69-8de5-2639a1a8d8ac:c4901]
2019-06-12 16:05:02,737 INFO  client.GrpcClientProtocolClient (GrpcClientProtocolClient.java:onNext(254)) - client-7F7296B99608->ffc7b071-00b3-4a69-8de5-2639a1a8d8ac: receive RaftClientReply:client-7F7296B99608->ffc7b071-00b3-4a69-8de5-2639a1a8d8ac@group-6911E2D50CC5, cid=2928, SUCCESS, logIndex=4900, commits[ffc7b071-00b3-4a69-8de5-2639a1a8d8ac:c4901]
2019-06-12 16:05:02,746 INFO  client.GrpcClientProtocolClient (GrpcClientProtocolClient.java:onNext(254)) - client-7F7296B99608->ffc7b071-00b3-4a69-8de5-2639a1a8d8ac: receive RaftClientReply:client-7F7296B99608->ffc7b071-00b3-4a69-8de5-2639a1a8d8ac@group-6911E2D50CC5, cid=2929, SUCCESS, logIndex=4902, commits[ffc7b071-00b3-4a69-8de5-2639a1a8d8ac:c4902]
2019-06-12 16:05:02,747 INFO  client.GrpcClientProtocolClient (GrpcClientProtocolClient.java:onNext(254)) - client-7F7296B99608->ffc7b071-00b3-4a69-8de5-2639a1a8d8ac: receive RaftClientReply:client-7F7296B99608->ffc7b071-00b3-4a69-8de5-2639a1a8d8ac@group-6911E2D50CC5, cid=2930, SUCCESS, logIndex=4904, commits[ffc7b071-00b3-4a69-8de5-2639a1a8d8ac:c4904]
2019-06-12 16:05:02,748 INFO  client.GrpcClientProtocolClient (GrpcClientProtocolClient.java:onNext(254)) - client-7F7296B99608->ffc7b071-00b3-4a69-8de5-2639a1a8d8ac: receive RaftClientReply:client-7F7296B99608->ffc7b071-00b3-4a69-8de5-2639a1a8d8ac@group-6911E2D50CC5, cid=2931, SUCCESS, logIndex=4905, commits[ffc7b071-00b3-4a69-8de5-2639a1a8d8ac:c4907]
2019-06-12 16:05:02,748 INFO  client.GrpcClientProtocolClient (GrpcClientProtocolClient.java:onNext(254)) - client-7F7296B99608->ffc7b071-00b3-4a69-8de5-2639a1a8d8ac: receive RaftClientReply:client-7F7296B99608->ffc7b071-00b3-4a69-8de5-2639a1a8d8ac@group-6911E2D50CC5, cid=2932, SUCCESS, logIndex=4906, commits[ffc7b071-00b3-4a69-8de5-2639a1a8d8ac:c4907]
2019-06-12 16:05:02,753 INFO  client.GrpcClientProtocolClient (GrpcClientProtocolClient.java:onNext(254)) - client-7F7296B99608->ffc7b071-00b3-4a69-8de5-2639a1a8d8ac: receive RaftClientReply:client-7F7296B99608->ffc7b071-00b3-4a69-8de5-2639a1a8d8ac@group-6911E2D50CC5, cid=2933, SUCCESS, logIndex=4908, commits[ffc7b071-00b3-4a69-8de5-2639a1a8d8ac:c4908]
2019-06-12 16:05:02,754 INFO  client.GrpcClientProtocolClient (GrpcClientProtocolClient.java:onNext(254)) - client-7F7296B99608->ffc7b071-00b3-4a69-8de5-2639a1a8d8ac: receive RaftClientReply:client-7F7296B99608->ffc7b071-00b3-4a69-8de5-2639a1a8d8ac@group-6911E2D50CC5, cid=2934, SUCCESS, logIndex=4910, commits[ffc7b071-00b3-4a69-8de5-2639a1a8d8ac:c4910]
2019-06-12 16:05:02,755 INFO  client.GrpcClientProtocolClient (GrpcClientProtocolClient.java:onNext(254)) - client-7F7296B99608->ffc7b071-00b3-4a69-8de5-2639a1a8d8ac: receive RaftClientReply:client-7F7296B99608->ffc7b071-00b3-4a69-8de5-2639a1a8d8ac@group-6911E2D50CC5, cid=2935, SUCCESS, logIndex=4911, commits[ffc7b071-00b3-4a69-8de5-2639a1a8d8ac:c4913]
2019-06-12 16:05:02,755 INFO  client.GrpcClientProtocolClient (GrpcClientProtocolClient.java:onNext(254)) - client-7F7296B99608->ffc7b071-00b3-4a69-8de5-2639a1a8d8ac: receive RaftClientReply:client-7F7296B99608->ffc7b071-00b3-4a69-8de5-2639a1a8d8ac@group-6911E2D50CC5, cid=2936, SUCCESS, logIndex=4912, commits[ffc7b071-00b3-4a69-8de5-2639a1a8d8ac:c4913]
2019-06-12 16:05:02,764 INFO  client.GrpcClientProtocolClient (GrpcClientProtocolClient.java:onNext(254)) - client-7F7296B99608->ffc7b071-00b3-4a69-8de5-2639a1a8d8ac: receive RaftClientReply:client-7F7296B99608->ffc7b071-00b3-4a69-8de5-2639a1a8d8ac@group-6911E2D50CC5, cid=2937, SUCCESS, logIndex=4914, commits[ffc7b071-00b3-4a69-8de5-2639a1a8d8ac:c4914]
2019-06-12 16:05:02,766 INFO  client.GrpcClientProtocolClient (GrpcClientProtocolClient.java:onNext(254)) - client-7F7296B99608->ffc7b071-00b3-4a69-8de5-2639a1a8d8ac: receive RaftClientReply:client-7F7296B99608->ffc7b071-00b3-4a69-8de5-2639a1a8d8ac@group-6911E2D50CC5, cid=2938, SUCCESS, logIndex=4916, commits[ffc7b071-00b3-4a69-8de5-2639a1a8d8ac:c4918]
2019-06-12 16:05:02,767 INFO  client.GrpcClientProtocolClient (GrpcClientProtocolClient.java:onNext(254)) - client-7F7296B99608->ffc7b071-00b3-4a69-8de5-2639a1a8d8ac: receive RaftClientReply:client-7F7296B99608->ffc7b071-00b3-4a69-8de5-2639a1a8d8ac@group-6911E2D50CC5, cid=2939, SUCCESS, logIndex=4917, commits[ffc7b071-00b3-4a69-8de5-2639a1a8d8ac:c4918]
2019-06-12 16:05:02,767 INFO  client.GrpcClientProtocolClient (GrpcClientProtocolClient.java:onNext(254)) - client-7F7296B99608->ffc7b071-00b3-4a69-8de5-2639a1a8d8ac: receive RaftClientReply:client-7F7296B99608->ffc7b071-00b3-4a69-8de5-2639a1a8d8ac@group-6911E2D50CC5, cid=2940, SUCCESS, logIndex=4918, commits[ffc7b071-00b3-4a69-8de5-2639a1a8d8ac:c4919]
2019-06-12 16:05:02,772 INFO  client.GrpcClientProtocolClient (GrpcClientProtocolClient.java:onNext(254)) - client-7F7296B99608->ffc7b071-00b3-4a69-8de5-2639a1a8d8ac: receive RaftClientReply:client-7F7296B99608->ffc7b071-00b3-4a69-8de5-2639a1a8d8ac@group-6911E2D50CC5, cid=2941, SUCCESS, logIndex=4920, commits[ffc7b071-00b3-4a69-8de5-2639a1a8d8ac:c4920]
2019-06-12 16:05:02,774 INFO  client.GrpcClientProtocolClient (GrpcClientProtocolClient.java:onNext(254)) - client-7F7296B99608->ffc7b071-00b3-4a69-8de5-2639a1a8d8ac: receive RaftClientReply:client-7F7296B99608->ffc7b071-00b3-4a69-8de5-2639a1a8d8ac@group-6911E2D50CC5, cid=2942, SUCCESS, logIndex=4922, commits[ffc7b071-00b3-4a69-8de5-2639a1a8d8ac:c4922]
2019-06-12 16:05:02,774 INFO  client.GrpcClientProtocolClient (GrpcClientProtocolClient.java:onNext(254)) - client-7F7296B99608->ffc7b071-00b3-4a69-8de5-2639a1a8d8ac: receive RaftClientReply:client-7F7296B99608->ffc7b071-00b3-4a69-8de5-2639a1a8d8ac@group-6911E2D50CC5, cid=2943, SUCCESS, logIndex=4923, commits[ffc7b071-00b3-4a69-8de5-2639a1a8d8ac:c4923]
2019-06-12 16:05:02,775 INFO  client.GrpcClientProtocolClient (GrpcClientProtocolClient.java:onNext(254)) - client-7F7296B99608->ffc7b071-00b3-4a69-8de5-2639a1a8d8ac: receive RaftClientReply:client-7F7296B99608->ffc7b071-00b3-4a69-8de5-2639a1a8d8ac@group-6911E2D50CC5, cid=2944, SUCCESS, logIndex=4925, commits[ffc7b071-00b3-4a69-8de5-2639a1a8d8ac:c4925]
2019-06-12 16:05:02,777 DEBUG block.SCMBlockDeletingService (SCMBlockDeletingService.java:call(138)) - Running DeletedBlockTransactionScanner
2019-06-12 16:05:02,777 DEBUG block.SCMBlockDeletingService (SCMBlockDeletingService.java:call(155)) - Scanned deleted blocks log and got 0 delTX to process.
2019-06-12 16:05:02,785 INFO  client.GrpcClientProtocolClient (GrpcClientProtocolClient.java:onNext(254)) - client-7F7296B99608->ffc7b071-00b3-4a69-8de5-2639a1a8d8ac: receive RaftClientReply:client-7F7296B99608->ffc7b071-00b3-4a69-8de5-2639a1a8d8ac@group-6911E2D50CC5, cid=2945, SUCCESS, logIndex=4928, commits[ffc7b071-00b3-4a69-8de5-2639a1a8d8ac:c4928]
2019-06-12 16:05:02,786 INFO  client.GrpcClientProtocolClient (GrpcClientProtocolClient.java:onNext(254)) - client-7F7296B99608->ffc7b071-00b3-4a69-8de5-2639a1a8d8ac: receive RaftClientReply:client-7F7296B99608->ffc7b071-00b3-4a69-8de5-2639a1a8d8ac@group-6911E2D50CC5, cid=2946, SUCCESS, logIndex=4930, commits[ffc7b071-00b3-4a69-8de5-2639a1a8d8ac:c4930]
2019-06-12 16:05:02,788 INFO  client.GrpcClientProtocolClient (GrpcClientProtocolClient.java:onNext(254)) - client-7F7296B99608->ffc7b071-00b3-4a69-8de5-2639a1a8d8ac: receive RaftClientReply:client-7F7296B99608->ffc7b071-00b3-4a69-8de5-2639a1a8d8ac@group-6911E2D50CC5, cid=2947, SUCCESS, logIndex=4931, commits[ffc7b071-00b3-4a69-8de5-2639a1a8d8ac:c4933]
2019-06-12 16:05:02,788 INFO  client.GrpcClientProtocolClient (GrpcClientProtocolClient.java:onNext(254)) - client-7F7296B99608->ffc7b071-00b3-4a69-8de5-2639a1a8d8ac: receive RaftClientReply:client-7F7296B99608->ffc7b071-00b3-4a69-8de5-2639a1a8d8ac@group-6911E2D50CC5, cid=2948, SUCCESS, logIndex=4932, commits[ffc7b071-00b3-4a69-8de5-2639a1a8d8ac:c4933]
2019-06-12 16:05:02,793 INFO  client.GrpcClientProtocolClient (GrpcClientProtocolClient.java:onNext(254)) - client-7F7296B99608->ffc7b071-00b3-4a69-8de5-2639a1a8d8ac: receive RaftClientReply:client-7F7296B99608->ffc7b071-00b3-4a69-8de5-2639a1a8d8ac@group-6911E2D50CC5, cid=2949, SUCCESS, logIndex=4934, commits[ffc7b071-00b3-4a69-8de5-2639a1a8d8ac:c4934]
2019-06-12 16:05:02,794 INFO  client.GrpcClientProtocolClient (GrpcClientProtocolClient.java:onNext(254)) - client-7F7296B99608->ffc7b071-00b3-4a69-8de5-2639a1a8d8ac: receive RaftClientReply:client-7F7296B99608->ffc7b071-00b3-4a69-8de5-2639a1a8d8ac@group-6911E2D50CC5, cid=2950, SUCCESS, logIndex=4936, commits[ffc7b071-00b3-4a69-8de5-2639a1a8d8ac:c4936]
2019-06-12 16:05:02,795 INFO  client.GrpcClientProtocolClient (GrpcClientProtocolClient.java:onNext(254)) - client-7F7296B99608->ffc7b071-00b3-4a69-8de5-2639a1a8d8ac: receive RaftClientReply:client-7F7296B99608->ffc7b071-00b3-4a69-8de5-2639a1a8d8ac@group-6911E2D50CC5, cid=2951, SUCCESS, logIndex=4937, commits[ffc7b071-00b3-4a69-8de5-2639a1a8d8ac:c4939]
2019-06-12 16:05:02,795 INFO  client.GrpcClientProtocolClient (GrpcClientProtocolClient.java:onNext(254)) - client-7F7296B99608->ffc7b071-00b3-4a69-8de5-2639a1a8d8ac: receive RaftClientReply:client-7F7296B99608->ffc7b071-00b3-4a69-8de5-2639a1a8d8ac@group-6911E2D50CC5, cid=2952, SUCCESS, logIndex=4938, commits[ffc7b071-00b3-4a69-8de5-2639a1a8d8ac:c4939]
2019-06-12 16:05:02,848 INFO  client.GrpcClientProtocolClient (GrpcClientProtocolClient.java:onNext(254)) - client-7F7296B99608->ffc7b071-00b3-4a69-8de5-2639a1a8d8ac: receive RaftClientReply:client-7F7296B99608->ffc7b071-00b3-4a69-8de5-2639a1a8d8ac@group-6911E2D50CC5, cid=2953, SUCCESS, logIndex=4940, commits[ffc7b071-00b3-4a69-8de5-2639a1a8d8ac:c4940]
2019-06-12 16:05:02,849 INFO  client.GrpcClientProtocolClient (GrpcClientProtocolClient.java:onNext(254)) - client-7F7296B99608->ffc7b071-00b3-4a69-8de5-2639a1a8d8ac: receive RaftClientReply:client-7F7296B99608->ffc7b071-00b3-4a69-8de5-2639a1a8d8ac@group-6911E2D50CC5, cid=2954, SUCCESS, logIndex=4942, commits[ffc7b071-00b3-4a69-8de5-2639a1a8d8ac:c4942]
2019-06-12 16:05:02,850 INFO  client.GrpcClientProtocolClient (GrpcClientProtocolClient.java:onNext(254)) - client-7F7296B99608->ffc7b071-00b3-4a69-8de5-2639a1a8d8ac: receive RaftClientReply:client-7F7296B99608->ffc7b071-00b3-4a69-8de5-2639a1a8d8ac@group-6911E2D50CC5, cid=2955, SUCCESS, logIndex=4943, commits[ffc7b071-00b3-4a69-8de5-2639a1a8d8ac:c4945]
2019-06-12 16:05:02,851 INFO  client.GrpcClientProtocolClient (GrpcClientProtocolClient.java:onNext(254)) - client-7F7296B99608->ffc7b071-00b3-4a69-8de5-2639a1a8d8ac: receive RaftClientReply:client-7F7296B99608->ffc7b071-00b3-4a69-8de5-2639a1a8d8ac@group-6911E2D50CC5, cid=2956, SUCCESS, logIndex=4944, commits[ffc7b071-00b3-4a69-8de5-2639a1a8d8ac:c4945]
2019-06-12 16:05:02,856 INFO  client.GrpcClientProtocolClient (GrpcClientProtocolClient.java:onNext(254)) - client-7F7296B99608->ffc7b071-00b3-4a69-8de5-2639a1a8d8ac: receive RaftClientReply:client-7F7296B99608->ffc7b071-00b3-4a69-8de5-2639a1a8d8ac@group-6911E2D50CC5, cid=2957, SUCCESS, logIndex=4946, commits[ffc7b071-00b3-4a69-8de5-2639a1a8d8ac:c4946]
2019-06-12 16:05:02,857 INFO  client.GrpcClientProtocolClient (GrpcClientProtocolClient.java:onNext(254)) - client-7F7296B99608->ffc7b071-00b3-4a69-8de5-2639a1a8d8ac: receive RaftClientReply:client-7F7296B99608->ffc7b071-00b3-4a69-8de5-2639a1a8d8ac@group-6911E2D50CC5, cid=2958, SUCCESS, logIndex=4948, commits[ffc7b071-00b3-4a69-8de5-2639a1a8d8ac:c4948]
2019-06-12 16:05:02,858 INFO  client.GrpcClientProtocolClient (GrpcClientProtocolClient.java:onNext(254)) - client-7F7296B99608->ffc7b071-00b3-4a69-8de5-2639a1a8d8ac: receive RaftClientReply:client-7F7296B99608->ffc7b071-00b3-4a69-8de5-2639a1a8d8ac@group-6911E2D50CC5, cid=2959, SUCCESS, logIndex=4949, commits[ffc7b071-00b3-4a69-8de5-2639a1a8d8ac:c4951]
2019-06-12 16:05:02,858 INFO  client.GrpcClientProtocolClient (GrpcClientProtocolClient.java:onNext(254)) - client-7F7296B99608->ffc7b071-00b3-4a69-8de5-2639a1a8d8ac: receive RaftClientReply:client-7F7296B99608->ffc7b071-00b3-4a69-8de5-2639a1a8d8ac@group-6911E2D50CC5, cid=2960, SUCCESS, logIndex=4950, commits[ffc7b071-00b3-4a69-8de5-2639a1a8d8ac:c4951]
2019-06-12 16:05:02,877 DEBUG block.SCMBlockDeletingService (SCMBlockDeletingService.java:call(138)) - Running DeletedBlockTransactionScanner
2019-06-12 16:05:02,877 DEBUG block.SCMBlockDeletingService (SCMBlockDeletingService.java:call(155)) - Scanned deleted blocks log and got 0 delTX to process.
2019-06-12 16:05:02,934 INFO  client.GrpcClientProtocolClient (GrpcClientProtocolClient.java:onNext(254)) - client-7F7296B99608->ffc7b071-00b3-4a69-8de5-2639a1a8d8ac: receive RaftClientReply:client-7F7296B99608->ffc7b071-00b3-4a69-8de5-2639a1a8d8ac@group-6911E2D50CC5, cid=2961, SUCCESS, logIndex=4952, commits[ffc7b071-00b3-4a69-8de5-2639a1a8d8ac:c4952]
2019-06-12 16:05:02,936 INFO  client.GrpcClientProtocolClient (GrpcClientProtocolClient.java:onNext(254)) - client-7F7296B99608->ffc7b071-00b3-4a69-8de5-2639a1a8d8ac: receive RaftClientReply:client-7F7296B99608->ffc7b071-00b3-4a69-8de5-2639a1a8d8ac@group-6911E2D50CC5, cid=2962, SUCCESS, logIndex=4954, commits[ffc7b071-00b3-4a69-8de5-2639a1a8d8ac:c4954]
2019-06-12 16:05:02,937 INFO  client.GrpcClientProtocolClient (GrpcClientProtocolClient.java:onNext(254)) - client-7F7296B99608->ffc7b071-00b3-4a69-8de5-2639a1a8d8ac: receive RaftClientReply:client-7F7296B99608->ffc7b071-00b3-4a69-8de5-2639a1a8d8ac@group-6911E2D50CC5, cid=2963, SUCCESS, logIndex=4955, commits[ffc7b071-00b3-4a69-8de5-2639a1a8d8ac:c4957]
2019-06-12 16:05:02,937 INFO  client.GrpcClientProtocolClient (GrpcClientProtocolClient.java:onNext(254)) - client-7F7296B99608->ffc7b071-00b3-4a69-8de5-2639a1a8d8ac: receive RaftClientReply:client-7F7296B99608->ffc7b071-00b3-4a69-8de5-2639a1a8d8ac@group-6911E2D50CC5, cid=2964, SUCCESS, logIndex=4956, commits[ffc7b071-00b3-4a69-8de5-2639a1a8d8ac:c4957]
2019-06-12 16:05:02,940 INFO  storage.RaftLogWorker (RaftLogWorker.java:rollLogSegment(303)) - ffc7b071-00b3-4a69-8de5-2639a1a8d8ac-RaftLogWorker: Rolling segment log-4890_4957 to index:4957
2019-06-12 16:05:02,940 INFO  storage.RaftLogWorker (RaftLogWorker.java:execute(433)) - ffc7b071-00b3-4a69-8de5-2639a1a8d8ac-RaftLogWorker: Rolled log segment from /opt/src/hadoop-ozone/integration-test/target/test-dir/MiniOzoneClusterImpl-a1c7246e-c692-4524-ad55-32b507b20431/datanode-0/data/ratis/4417d833-4fb6-4fa2-9413-6911e2d50cc5/current/log_inprogress_4890 to /opt/src/hadoop-ozone/integration-test/target/test-dir/MiniOzoneClusterImpl-a1c7246e-c692-4524-ad55-32b507b20431/datanode-0/data/ratis/4417d833-4fb6-4fa2-9413-6911e2d50cc5/current/log_4890-4957
2019-06-12 16:05:02,975 INFO  storage.RaftLogWorker (RaftLogWorker.java:execute(469)) - ffc7b071-00b3-4a69-8de5-2639a1a8d8ac-RaftLogWorker: created new log segment /opt/src/hadoop-ozone/integration-test/target/test-dir/MiniOzoneClusterImpl-a1c7246e-c692-4524-ad55-32b507b20431/datanode-0/data/ratis/4417d833-4fb6-4fa2-9413-6911e2d50cc5/current/log_inprogress_4958
2019-06-12 16:05:02,977 INFO  client.GrpcClientProtocolClient (GrpcClientProtocolClient.java:onNext(254)) - client-7F7296B99608->ffc7b071-00b3-4a69-8de5-2639a1a8d8ac: receive RaftClientReply:client-7F7296B99608->ffc7b071-00b3-4a69-8de5-2639a1a8d8ac@group-6911E2D50CC5, cid=2965, SUCCESS, logIndex=4958, commits[ffc7b071-00b3-4a69-8de5-2639a1a8d8ac:c4958]
2019-06-12 16:05:02,978 DEBUG block.SCMBlockDeletingService (SCMBlockDeletingService.java:call(138)) - Running DeletedBlockTransactionScanner
2019-06-12 16:05:02,978 DEBUG block.SCMBlockDeletingService (SCMBlockDeletingService.java:call(155)) - Scanned deleted blocks log and got 0 delTX to process.
2019-06-12 16:05:02,982 INFO  client.GrpcClientProtocolClient (GrpcClientProtocolClient.java:onNext(254)) - client-7F7296B99608->ffc7b071-00b3-4a69-8de5-2639a1a8d8ac: receive RaftClientReply:client-7F7296B99608->ffc7b071-00b3-4a69-8de5-2639a1a8d8ac@group-6911E2D50CC5, cid=2966, SUCCESS, logIndex=4960, commits[ffc7b071-00b3-4a69-8de5-2639a1a8d8ac:c4960]
2019-06-12 16:05:02,983 INFO  client.GrpcClientProtocolClient (GrpcClientProtocolClient.java:onNext(254)) - client-7F7296B99608->ffc7b071-00b3-4a69-8de5-2639a1a8d8ac: receive RaftClientReply:client-7F7296B99608->ffc7b071-00b3-4a69-8de5-2639a1a8d8ac@group-6911E2D50CC5, cid=2967, SUCCESS, logIndex=4961, commits[ffc7b071-00b3-4a69-8de5-2639a1a8d8ac:c4963]
2019-06-12 16:05:02,984 INFO  client.GrpcClientProtocolClient (GrpcClientProtocolClient.java:onNext(254)) - client-7F7296B99608->ffc7b071-00b3-4a69-8de5-2639a1a8d8ac: receive RaftClientReply:client-7F7296B99608->ffc7b071-00b3-4a69-8de5-2639a1a8d8ac@group-6911E2D50CC5, cid=2968, SUCCESS, logIndex=4962, commits[ffc7b071-00b3-4a69-8de5-2639a1a8d8ac:c4963]
2019-06-12 16:05:02,993 INFO  client.GrpcClientProtocolClient (GrpcClientProtocolClient.java:onNext(254)) - client-7F7296B99608->ffc7b071-00b3-4a69-8de5-2639a1a8d8ac: receive RaftClientReply:client-7F7296B99608->ffc7b071-00b3-4a69-8de5-2639a1a8d8ac@group-6911E2D50CC5, cid=2969, SUCCESS, logIndex=4964, commits[ffc7b071-00b3-4a69-8de5-2639a1a8d8ac:c4964]
2019-06-12 16:05:02,995 INFO  client.GrpcClientProtocolClient (GrpcClientProtocolClient.java:onNext(254)) - client-7F7296B99608->ffc7b071-00b3-4a69-8de5-2639a1a8d8ac: receive RaftClientReply:client-7F7296B99608->ffc7b071-00b3-4a69-8de5-2639a1a8d8ac@group-6911E2D50CC5, cid=2970, SUCCESS, logIndex=4966, commits[ffc7b071-00b3-4a69-8de5-2639a1a8d8ac:c4966]
2019-06-12 16:05:02,998 INFO  client.GrpcClientProtocolClient (GrpcClientProtocolClient.java:onNext(254)) - client-7F7296B99608->ffc7b071-00b3-4a69-8de5-2639a1a8d8ac: receive RaftClientReply:client-7F7296B99608->ffc7b071-00b3-4a69-8de5-2639a1a8d8ac@group-6911E2D50CC5, cid=2971, SUCCESS, logIndex=4967, commits[ffc7b071-00b3-4a69-8de5-2639a1a8d8ac:c4969]
2019-06-12 16:05:02,998 INFO  client.GrpcClientProtocolClient (GrpcClientProtocolClient.java:onNext(254)) - client-7F7296B99608->ffc7b071-00b3-4a69-8de5-2639a1a8d8ac: receive RaftClientReply:client-7F7296B99608->ffc7b071-00b3-4a69-8de5-2639a1a8d8ac@group-6911E2D50CC5, cid=2972, SUCCESS, logIndex=4968, commits[ffc7b071-00b3-4a69-8de5-2639a1a8d8ac:c4969]
2019-06-12 16:05:03,014 INFO  client.GrpcClientProtocolClient (GrpcClientProtocolClient.java:onNext(254)) - client-7F7296B99608->ffc7b071-00b3-4a69-8de5-2639a1a8d8ac: receive RaftClientReply:client-7F7296B99608->ffc7b071-00b3-4a69-8de5-2639a1a8d8ac@group-6911E2D50CC5, cid=2973, SUCCESS, logIndex=4970, commits[ffc7b071-00b3-4a69-8de5-2639a1a8d8ac:c4970]
2019-06-12 16:05:03,014 INFO  client.GrpcClientProtocolClient (GrpcClientProtocolClient.java:onNext(254)) - client-7F7296B99608->ffc7b071-00b3-4a69-8de5-2639a1a8d8ac: receive RaftClientReply:client-7F7296B99608->ffc7b071-00b3-4a69-8de5-2639a1a8d8ac@group-6911E2D50CC5, cid=2974, SUCCESS, logIndex=4972, commits[ffc7b071-00b3-4a69-8de5-2639a1a8d8ac:c4972]
2019-06-12 16:05:03,015 INFO  client.GrpcClientProtocolClient (GrpcClientProtocolClient.java:onNext(254)) - client-7F7296B99608->ffc7b071-00b3-4a69-8de5-2639a1a8d8ac: receive RaftClientReply:client-7F7296B99608->ffc7b071-00b3-4a69-8de5-2639a1a8d8ac@group-6911E2D50CC5, cid=2975, SUCCESS, logIndex=4973, commits[ffc7b071-00b3-4a69-8de5-2639a1a8d8ac:c4974]
2019-06-12 16:05:03,015 INFO  client.GrpcClientProtocolClient (GrpcClientProtocolClient.java:onNext(254)) - client-7F7296B99608->ffc7b071-00b3-4a69-8de5-2639a1a8d8ac: receive RaftClientReply:client-7F7296B99608->ffc7b071-00b3-4a69-8de5-2639a1a8d8ac@group-6911E2D50CC5, cid=2976, SUCCESS, logIndex=4974, commits[ffc7b071-00b3-4a69-8de5-2639a1a8d8ac:c4975]
2019-06-12 16:05:03,026 INFO  client.GrpcClientProtocolClient (GrpcClientProtocolClient.java:onNext(254)) - client-7F7296B99608->ffc7b071-00b3-4a69-8de5-2639a1a8d8ac: receive RaftClientReply:client-7F7296B99608->ffc7b071-00b3-4a69-8de5-2639a1a8d8ac@group-6911E2D50CC5, cid=2977, SUCCESS, logIndex=4977, commits[ffc7b071-00b3-4a69-8de5-2639a1a8d8ac:c4977]
2019-06-12 16:05:03,028 INFO  client.GrpcClientProtocolClient (GrpcClientProtocolClient.java:onNext(254)) - client-7F7296B99608->ffc7b071-00b3-4a69-8de5-2639a1a8d8ac: receive RaftClientReply:client-7F7296B99608->ffc7b071-00b3-4a69-8de5-2639a1a8d8ac@group-6911E2D50CC5, cid=2978, SUCCESS, logIndex=4979, commits[ffc7b071-00b3-4a69-8de5-2639a1a8d8ac:c4979]
2019-06-12 16:05:03,030 INFO  client.GrpcClientProtocolClient (GrpcClientProtocolClient.java:onNext(254)) - client-7F7296B99608->ffc7b071-00b3-4a69-8de5-2639a1a8d8ac: receive RaftClientReply:client-7F7296B99608->ffc7b071-00b3-4a69-8de5-2639a1a8d8ac@group-6911E2D50CC5, cid=2979, SUCCESS, logIndex=4980, commits[ffc7b071-00b3-4a69-8de5-2639a1a8d8ac:c4982]
2019-06-12 16:05:03,030 INFO  client.GrpcClientProtocolClient (GrpcClientProtocolClient.java:onNext(254)) - client-7F7296B99608->ffc7b071-00b3-4a69-8de5-2639a1a8d8ac: receive RaftClientReply:client-7F7296B99608->ffc7b071-00b3-4a69-8de5-2639a1a8d8ac@group-6911E2D50CC5, cid=2980, SUCCESS, logIndex=4981, commits[ffc7b071-00b3-4a69-8de5-2639a1a8d8ac:c4982]
2019-06-12 16:05:03,038 INFO  client.GrpcClientProtocolClient (GrpcClientProtocolClient.java:onNext(254)) - client-7F7296B99608->ffc7b071-00b3-4a69-8de5-2639a1a8d8ac: receive RaftClientReply:client-7F7296B99608->ffc7b071-00b3-4a69-8de5-2639a1a8d8ac@group-6911E2D50CC5, cid=2981, SUCCESS, logIndex=4983, commits[ffc7b071-00b3-4a69-8de5-2639a1a8d8ac:c4983]
2019-06-12 16:05:03,038 INFO  client.GrpcClientProtocolClient (GrpcClientProtocolClient.java:onNext(254)) - client-7F7296B99608->ffc7b071-00b3-4a69-8de5-2639a1a8d8ac: receive RaftClientReply:client-7F7296B99608->ffc7b071-00b3-4a69-8de5-2639a1a8d8ac@group-6911E2D50CC5, cid=2982, SUCCESS, logIndex=4985, commits[ffc7b071-00b3-4a69-8de5-2639a1a8d8ac:c4985]
2019-06-12 16:05:03,038 INFO  client.GrpcClientProtocolClient (GrpcClientProtocolClient.java:onNext(254)) - client-7F7296B99608->ffc7b071-00b3-4a69-8de5-2639a1a8d8ac: receive RaftClientReply:client-7F7296B99608->ffc7b071-00b3-4a69-8de5-2639a1a8d8ac@group-6911E2D50CC5, cid=2983, SUCCESS, logIndex=4986, commits[ffc7b071-00b3-4a69-8de5-2639a1a8d8ac:c4988]
2019-06-12 16:05:03,038 INFO  client.GrpcClientProtocolClient (GrpcClientProtocolClient.java:onNext(254)) - client-7F7296B99608->ffc7b071-00b3-4a69-8de5-2639a1a8d8ac: receive RaftClientReply:client-7F7296B99608->ffc7b071-00b3-4a69-8de5-2639a1a8d8ac@group-6911E2D50CC5, cid=2984, SUCCESS, logIndex=4987, commits[ffc7b071-00b3-4a69-8de5-2639a1a8d8ac:c4988]
2019-06-12 16:05:03,048 INFO  client.GrpcClientProtocolClient (GrpcClientProtocolClient.java:onNext(254)) - client-7F7296B99608->ffc7b071-00b3-4a69-8de5-2639a1a8d8ac: receive RaftClientReply:client-7F7296B99608->ffc7b071-00b3-4a69-8de5-2639a1a8d8ac@group-6911E2D50CC5, cid=2985, SUCCESS, logIndex=4989, commits[ffc7b071-00b3-4a69-8de5-2639a1a8d8ac:c4989]
2019-06-12 16:05:03,050 INFO  client.GrpcClientProtocolClient (GrpcClientProtocolClient.java:onNext(254)) - client-7F7296B99608->ffc7b071-00b3-4a69-8de5-2639a1a8d8ac: receive RaftClientReply:client-7F7296B99608->ffc7b071-00b3-4a69-8de5-2639a1a8d8ac@group-6911E2D50CC5, cid=2986, SUCCESS, logIndex=4991, commits[ffc7b071-00b3-4a69-8de5-2639a1a8d8ac:c4993]
2019-06-12 16:05:03,051 INFO  client.GrpcClientProtocolClient (GrpcClientProtocolClient.java:onNext(254)) - client-7F7296B99608->ffc7b071-00b3-4a69-8de5-2639a1a8d8ac: receive RaftClientReply:client-7F7296B99608->ffc7b071-00b3-4a69-8de5-2639a1a8d8ac@group-6911E2D50CC5, cid=2987, SUCCESS, logIndex=4992, commits[ffc7b071-00b3-4a69-8de5-2639a1a8d8ac:c4993]
2019-06-12 16:05:03,051 INFO  client.GrpcClientProtocolClient (GrpcClientProtocolClient.java:onNext(254)) - client-7F7296B99608->ffc7b071-00b3-4a69-8de5-2639a1a8d8ac: receive RaftClientReply:client-7F7296B99608->ffc7b071-00b3-4a69-8de5-2639a1a8d8ac@group-6911E2D50CC5, cid=2988, SUCCESS, logIndex=4993, commits[ffc7b071-00b3-4a69-8de5-2639a1a8d8ac:c4993]
2019-06-12 16:05:03,057 INFO  client.GrpcClientProtocolClient (GrpcClientProtocolClient.java:onNext(254)) - client-7F7296B99608->ffc7b071-00b3-4a69-8de5-2639a1a8d8ac: receive RaftClientReply:client-7F7296B99608->ffc7b071-00b3-4a69-8de5-2639a1a8d8ac@group-6911E2D50CC5, cid=2989, SUCCESS, logIndex=4995, commits[ffc7b071-00b3-4a69-8de5-2639a1a8d8ac:c4995]
2019-06-12 16:05:03,059 INFO  client.GrpcClientProtocolClient (GrpcClientProtocolClient.java:onNext(254)) - client-7F7296B99608->ffc7b071-00b3-4a69-8de5-2639a1a8d8ac: receive RaftClientReply:client-7F7296B99608->ffc7b071-00b3-4a69-8de5-2639a1a8d8ac@group-6911E2D50CC5, cid=2990, SUCCESS, logIndex=4997, commits[ffc7b071-00b3-4a69-8de5-2639a1a8d8ac:c4997]
2019-06-12 16:05:03,060 INFO  client.GrpcClientProtocolClient (GrpcClientProtocolClient.java:onNext(254)) - client-7F7296B99608->ffc7b071-00b3-4a69-8de5-2639a1a8d8ac: receive RaftClientReply:client-7F7296B99608->ffc7b071-00b3-4a69-8de5-2639a1a8d8ac@group-6911E2D50CC5, cid=2991, SUCCESS, logIndex=4998, commits[ffc7b071-00b3-4a69-8de5-2639a1a8d8ac:c5000]
2019-06-12 16:05:03,060 INFO  client.GrpcClientProtocolClient (GrpcClientProtocolClient.java:onNext(254)) - client-7F7296B99608->ffc7b071-00b3-4a69-8de5-2639a1a8d8ac: receive RaftClientReply:client-7F7296B99608->ffc7b071-00b3-4a69-8de5-2639a1a8d8ac@group-6911E2D50CC5, cid=2992, SUCCESS, logIndex=4999, commits[ffc7b071-00b3-4a69-8de5-2639a1a8d8ac:c5000]
2019-06-12 16:05:03,072 INFO  client.GrpcClientProtocolClient (GrpcClientProtocolClient.java:onNext(254)) - client-7F7296B99608->ffc7b071-00b3-4a69-8de5-2639a1a8d8ac: receive RaftClientReply:client-7F7296B99608->ffc7b071-00b3-4a69-8de5-2639a1a8d8ac@group-6911E2D50CC5, cid=2993, SUCCESS, logIndex=5001, commits[ffc7b071-00b3-4a69-8de5-2639a1a8d8ac:c5001]
2019-06-12 16:05:03,074 INFO  client.GrpcClientProtocolClient (GrpcClientProtocolClient.java:onNext(254)) - client-7F7296B99608->ffc7b071-00b3-4a69-8de5-2639a1a8d8ac: receive RaftClientReply:client-7F7296B99608->ffc7b071-00b3-4a69-8de5-2639a1a8d8ac@group-6911E2D50CC5, cid=2994, SUCCESS, logIndex=5003, commits[ffc7b071-00b3-4a69-8de5-2639a1a8d8ac:c5003]
2019-06-12 16:05:03,078 INFO  client.GrpcClientProtocolClient (GrpcClientProtocolClient.java:onNext(254)) - client-7F7296B99608->ffc7b071-00b3-4a69-8de5-2639a1a8d8ac: receive RaftClientReply:client-7F7296B99608->ffc7b071-00b3-4a69-8de5-2639a1a8d8ac@group-6911E2D50CC5, cid=2995, SUCCESS, logIndex=5004, commits[ffc7b071-00b3-4a69-8de5-2639a1a8d8ac:c5006]
2019-06-12 16:05:03,078 DEBUG block.SCMBlockDeletingService (SCMBlockDeletingService.java:call(138)) - Running DeletedBlockTransactionScanner
2019-06-12 16:05:03,078 DEBUG block.SCMBlockDeletingService (SCMBlockDeletingService.java:call(155)) - Scanned deleted blocks log and got 0 delTX to process.
2019-06-12 16:05:03,078 INFO  client.GrpcClientProtocolClient (GrpcClientProtocolClient.java:onNext(254)) - client-7F7296B99608->ffc7b071-00b3-4a69-8de5-2639a1a8d8ac: receive RaftClientReply:client-7F7296B99608->ffc7b071-00b3-4a69-8de5-2639a1a8d8ac@group-6911E2D50CC5, cid=2996, SUCCESS, logIndex=5005, commits[ffc7b071-00b3-4a69-8de5-2639a1a8d8ac:c5006]
2019-06-12 16:05:03,083 INFO  client.GrpcClientProtocolClient (GrpcClientProtocolClient.java:onNext(254)) - client-7F7296B99608->ffc7b071-00b3-4a69-8de5-2639a1a8d8ac: receive RaftClientReply:client-7F7296B99608->ffc7b071-00b3-4a69-8de5-2639a1a8d8ac@group-6911E2D50CC5, cid=2997, SUCCESS, logIndex=5007, commits[ffc7b071-00b3-4a69-8de5-2639a1a8d8ac:c5007]
2019-06-12 16:05:03,084 INFO  client.GrpcClientProtocolClient (GrpcClientProtocolClient.java:onNext(254)) - client-7F7296B99608->ffc7b071-00b3-4a69-8de5-2639a1a8d8ac: receive RaftClientReply:client-7F7296B99608->ffc7b071-00b3-4a69-8de5-2639a1a8d8ac@group-6911E2D50CC5, cid=2998, SUCCESS, logIndex=5009, commits[ffc7b071-00b3-4a69-8de5-2639a1a8d8ac:c5009]
2019-06-12 16:05:03,086 INFO  client.GrpcClientProtocolClient (GrpcClientProtocolClient.java:onNext(254)) - client-7F7296B99608->ffc7b071-00b3-4a69-8de5-2639a1a8d8ac: receive RaftClientReply:client-7F7296B99608->ffc7b071-00b3-4a69-8de5-2639a1a8d8ac@group-6911E2D50CC5, cid=2999, SUCCESS, logIndex=5010, commits[ffc7b071-00b3-4a69-8de5-2639a1a8d8ac:c5012]
2019-06-12 16:05:03,086 INFO  client.GrpcClientProtocolClient (GrpcClientProtocolClient.java:onNext(254)) - client-7F7296B99608->ffc7b071-00b3-4a69-8de5-2639a1a8d8ac: receive RaftClientReply:client-7F7296B99608->ffc7b071-00b3-4a69-8de5-2639a1a8d8ac@group-6911E2D50CC5, cid=3000, SUCCESS, logIndex=5011, commits[ffc7b071-00b3-4a69-8de5-2639a1a8d8ac:c5012]
2019-06-12 16:05:03,095 INFO  client.GrpcClientProtocolClient (GrpcClientProtocolClient.java:onNext(254)) - client-7F7296B99608->ffc7b071-00b3-4a69-8de5-2639a1a8d8ac: receive RaftClientReply:client-7F7296B99608->ffc7b071-00b3-4a69-8de5-2639a1a8d8ac@group-6911E2D50CC5, cid=3001, SUCCESS, logIndex=5013, commits[ffc7b071-00b3-4a69-8de5-2639a1a8d8ac:c5013]
2019-06-12 16:05:03,097 INFO  client.GrpcClientProtocolClient (GrpcClientProtocolClient.java:onNext(254)) - client-7F7296B99608->ffc7b071-00b3-4a69-8de5-2639a1a8d8ac: receive RaftClientReply:client-7F7296B99608->ffc7b071-00b3-4a69-8de5-2639a1a8d8ac@group-6911E2D50CC5, cid=3002, SUCCESS, logIndex=5015, commits[ffc7b071-00b3-4a69-8de5-2639a1a8d8ac:c5015]
2019-06-12 16:05:03,098 INFO  client.GrpcClientProtocolClient (GrpcClientProtocolClient.java:onNext(254)) - client-7F7296B99608->ffc7b071-00b3-4a69-8de5-2639a1a8d8ac: receive RaftClientReply:client-7F7296B99608->ffc7b071-00b3-4a69-8de5-2639a1a8d8ac@group-6911E2D50CC5, cid=3003, SUCCESS, logIndex=5016, commits[ffc7b071-00b3-4a69-8de5-2639a1a8d8ac:c5018]
2019-06-12 16:05:03,098 INFO  client.GrpcClientProtocolClient (GrpcClientProtocolClient.java:onNext(254)) - client-7F7296B99608->ffc7b071-00b3-4a69-8de5-2639a1a8d8ac: receive RaftClientReply:client-7F7296B99608->ffc7b071-00b3-4a69-8de5-2639a1a8d8ac@group-6911E2D50CC5, cid=3004, SUCCESS, logIndex=5017, commits[ffc7b071-00b3-4a69-8de5-2639a1a8d8ac:c5018]
2019-06-12 16:05:03,103 INFO  client.GrpcClientProtocolClient (GrpcClientProtocolClient.java:onNext(254)) - client-7F7296B99608->ffc7b071-00b3-4a69-8de5-2639a1a8d8ac: receive RaftClientReply:client-7F7296B99608->ffc7b071-00b3-4a69-8de5-2639a1a8d8ac@group-6911E2D50CC5, cid=3005, SUCCESS, logIndex=5019, commits[ffc7b071-00b3-4a69-8de5-2639a1a8d8ac:c5019]
2019-06-12 16:05:03,104 INFO  client.GrpcClientProtocolClient (GrpcClientProtocolClient.java:onNext(254)) - client-7F7296B99608->ffc7b071-00b3-4a69-8de5-2639a1a8d8ac: receive RaftClientReply:client-7F7296B99608->ffc7b071-00b3-4a69-8de5-2639a1a8d8ac@group-6911E2D50CC5, cid=3006, SUCCESS, logIndex=5021, commits[ffc7b071-00b3-4a69-8de5-2639a1a8d8ac:c5021]
2019-06-12 16:05:03,170 INFO  client.GrpcClientProtocolClient (GrpcClientProtocolClient.java:onNext(254)) - client-7F7296B99608->ffc7b071-00b3-4a69-8de5-2639a1a8d8ac: receive RaftClientReply:client-7F7296B99608->ffc7b071-00b3-4a69-8de5-2639a1a8d8ac@group-6911E2D50CC5, cid=3007, SUCCESS, logIndex=5023, commits[ffc7b071-00b3-4a69-8de5-2639a1a8d8ac:c5023]
2019-06-12 16:05:03,170 INFO  storage.RaftLogWorker (RaftLogWorker.java:rollLogSegment(303)) - ffc7b071-00b3-4a69-8de5-2639a1a8d8ac-RaftLogWorker: Rolling segment log-4958_5024 to index:5024
2019-06-12 16:05:03,171 INFO  storage.RaftLogWorker (RaftLogWorker.java:execute(433)) - ffc7b071-00b3-4a69-8de5-2639a1a8d8ac-RaftLogWorker: Rolled log segment from /opt/src/hadoop-ozone/integration-test/target/test-dir/MiniOzoneClusterImpl-a1c7246e-c692-4524-ad55-32b507b20431/datanode-0/data/ratis/4417d833-4fb6-4fa2-9413-6911e2d50cc5/current/log_inprogress_4958 to /opt/src/hadoop-ozone/integration-test/target/test-dir/MiniOzoneClusterImpl-a1c7246e-c692-4524-ad55-32b507b20431/datanode-0/data/ratis/4417d833-4fb6-4fa2-9413-6911e2d50cc5/current/log_4958-5024
2019-06-12 16:05:03,178 DEBUG block.SCMBlockDeletingService (SCMBlockDeletingService.java:call(138)) - Running DeletedBlockTransactionScanner
2019-06-12 16:05:03,179 DEBUG block.SCMBlockDeletingService (SCMBlockDeletingService.java:call(155)) - Scanned deleted blocks log and got 0 delTX to process.
2019-06-12 16:05:03,206 INFO  storage.RaftLogWorker (RaftLogWorker.java:execute(469)) - ffc7b071-00b3-4a69-8de5-2639a1a8d8ac-RaftLogWorker: created new log segment /opt/src/hadoop-ozone/integration-test/target/test-dir/MiniOzoneClusterImpl-a1c7246e-c692-4524-ad55-32b507b20431/datanode-0/data/ratis/4417d833-4fb6-4fa2-9413-6911e2d50cc5/current/log_inprogress_5025
2019-06-12 16:05:03,207 INFO  client.GrpcClientProtocolClient (GrpcClientProtocolClient.java:onNext(254)) - client-7F7296B99608->ffc7b071-00b3-4a69-8de5-2639a1a8d8ac: receive RaftClientReply:client-7F7296B99608->ffc7b071-00b3-4a69-8de5-2639a1a8d8ac@group-6911E2D50CC5, cid=3008, SUCCESS, logIndex=5025, commits[ffc7b071-00b3-4a69-8de5-2639a1a8d8ac:c5025]
2019-06-12 16:05:03,217 INFO  client.GrpcClientProtocolClient (GrpcClientProtocolClient.java:onNext(254)) - client-7F7296B99608->ffc7b071-00b3-4a69-8de5-2639a1a8d8ac: receive RaftClientReply:client-7F7296B99608->ffc7b071-00b3-4a69-8de5-2639a1a8d8ac@group-6911E2D50CC5, cid=3009, SUCCESS, logIndex=5027, commits[ffc7b071-00b3-4a69-8de5-2639a1a8d8ac:c5027]
2019-06-12 16:05:03,219 INFO  client.GrpcClientProtocolClient (GrpcClientProtocolClient.java:onNext(254)) - client-7F7296B99608->ffc7b071-00b3-4a69-8de5-2639a1a8d8ac: receive RaftClientReply:client-7F7296B99608->ffc7b071-00b3-4a69-8de5-2639a1a8d8ac@group-6911E2D50CC5, cid=3010, SUCCESS, logIndex=5029, commits[ffc7b071-00b3-4a69-8de5-2639a1a8d8ac:c5031]
2019-06-12 16:05:03,220 INFO  client.GrpcClientProtocolClient (GrpcClientProtocolClient.java:onNext(254)) - client-7F7296B99608->ffc7b071-00b3-4a69-8de5-2639a1a8d8ac: receive RaftClientReply:client-7F7296B99608->ffc7b071-00b3-4a69-8de5-2639a1a8d8ac@group-6911E2D50CC5, cid=3011, SUCCESS, logIndex=5030, commits[ffc7b071-00b3-4a69-8de5-2639a1a8d8ac:c5031]
2019-06-12 16:05:03,220 INFO  client.GrpcClientProtocolClient (GrpcClientProtocolClient.java:onNext(254)) - client-7F7296B99608->ffc7b071-00b3-4a69-8de5-2639a1a8d8ac: receive RaftClientReply:client-7F7296B99608->ffc7b071-00b3-4a69-8de5-2639a1a8d8ac@group-6911E2D50CC5, cid=3012, SUCCESS, logIndex=5031, commits[ffc7b071-00b3-4a69-8de5-2639a1a8d8ac:c5032]
2019-06-12 16:05:03,225 INFO  client.GrpcClientProtocolClient (GrpcClientProtocolClient.java:onNext(254)) - client-7F7296B99608->ffc7b071-00b3-4a69-8de5-2639a1a8d8ac: receive RaftClientReply:client-7F7296B99608->ffc7b071-00b3-4a69-8de5-2639a1a8d8ac@group-6911E2D50CC5, cid=3013, SUCCESS, logIndex=5033, commits[ffc7b071-00b3-4a69-8de5-2639a1a8d8ac:c5033]
2019-06-12 16:05:03,226 INFO  client.GrpcClientProtocolClient (GrpcClientProtocolClient.java:onNext(254)) - client-7F7296B99608->ffc7b071-00b3-4a69-8de5-2639a1a8d8ac: receive RaftClientReply:client-7F7296B99608->ffc7b071-00b3-4a69-8de5-2639a1a8d8ac@group-6911E2D50CC5, cid=3014, SUCCESS, logIndex=5035, commits[ffc7b071-00b3-4a69-8de5-2639a1a8d8ac:c5035]
2019-06-12 16:05:03,228 INFO  client.GrpcClientProtocolClient (GrpcClientProtocolClient.java:onNext(254)) - client-7F7296B99608->ffc7b071-00b3-4a69-8de5-2639a1a8d8ac: receive RaftClientReply:client-7F7296B99608->ffc7b071-00b3-4a69-8de5-2639a1a8d8ac@group-6911E2D50CC5, cid=3015, SUCCESS, logIndex=5036, commits[ffc7b071-00b3-4a69-8de5-2639a1a8d8ac:c5038]
2019-06-12 16:05:03,228 INFO  client.GrpcClientProtocolClient (GrpcClientProtocolClient.java:onNext(254)) - client-7F7296B99608->ffc7b071-00b3-4a69-8de5-2639a1a8d8ac: receive RaftClientReply:client-7F7296B99608->ffc7b071-00b3-4a69-8de5-2639a1a8d8ac@group-6911E2D50CC5, cid=3016, SUCCESS, logIndex=5037, commits[ffc7b071-00b3-4a69-8de5-2639a1a8d8ac:c5038]
2019-06-12 16:05:03,237 INFO  client.GrpcClientProtocolClient (GrpcClientProtocolClient.java:onNext(254)) - client-7F7296B99608->ffc7b071-00b3-4a69-8de5-2639a1a8d8ac: receive RaftClientReply:client-7F7296B99608->ffc7b071-00b3-4a69-8de5-2639a1a8d8ac@group-6911E2D50CC5, cid=3017, SUCCESS, logIndex=5039, commits[ffc7b071-00b3-4a69-8de5-2639a1a8d8ac:c5039]
2019-06-12 16:05:03,238 INFO  client.GrpcClientProtocolClient (GrpcClientProtocolClient.java:onNext(254)) - client-7F7296B99608->ffc7b071-00b3-4a69-8de5-2639a1a8d8ac: receive RaftClientReply:client-7F7296B99608->ffc7b071-00b3-4a69-8de5-2639a1a8d8ac@group-6911E2D50CC5, cid=3018, SUCCESS, logIndex=5041, commits[ffc7b071-00b3-4a69-8de5-2639a1a8d8ac:c5041]
2019-06-12 16:05:03,240 INFO  client.GrpcClientProtocolClient (GrpcClientProtocolClient.java:onNext(254)) - client-7F7296B99608->ffc7b071-00b3-4a69-8de5-2639a1a8d8ac: receive RaftClientReply:client-7F7296B99608->ffc7b071-00b3-4a69-8de5-2639a1a8d8ac@group-6911E2D50CC5, cid=3019, SUCCESS, logIndex=5042, commits[ffc7b071-00b3-4a69-8de5-2639a1a8d8ac:c5044]
2019-06-12 16:05:03,240 INFO  client.GrpcClientProtocolClient (GrpcClientProtocolClient.java:onNext(254)) - client-7F7296B99608->ffc7b071-00b3-4a69-8de5-2639a1a8d8ac: receive RaftClientReply:client-7F7296B99608->ffc7b071-00b3-4a69-8de5-2639a1a8d8ac@group-6911E2D50CC5, cid=3020, SUCCESS, logIndex=5043, commits[ffc7b071-00b3-4a69-8de5-2639a1a8d8ac:c5044]
2019-06-12 16:05:03,246 INFO  client.GrpcClientProtocolClient (GrpcClientProtocolClient.java:onNext(254)) - client-7F7296B99608->ffc7b071-00b3-4a69-8de5-2639a1a8d8ac: receive RaftClientReply:client-7F7296B99608->ffc7b071-00b3-4a69-8de5-2639a1a8d8ac@group-6911E2D50CC5, cid=3021, SUCCESS, logIndex=5045, commits[ffc7b071-00b3-4a69-8de5-2639a1a8d8ac:c5045]
2019-06-12 16:05:03,248 INFO  client.GrpcClientProtocolClient (GrpcClientProtocolClient.java:onNext(254)) - client-7F7296B99608->ffc7b071-00b3-4a69-8de5-2639a1a8d8ac: receive RaftClientReply:client-7F7296B99608->ffc7b071-00b3-4a69-8de5-2639a1a8d8ac@group-6911E2D50CC5, cid=3022, SUCCESS, logIndex=5047, commits[ffc7b071-00b3-4a69-8de5-2639a1a8d8ac:c5047]
2019-06-12 16:05:03,248 INFO  client.GrpcClientProtocolClient (GrpcClientProtocolClient.java:onNext(254)) - client-7F7296B99608->ffc7b071-00b3-4a69-8de5-2639a1a8d8ac: receive RaftClientReply:client-7F7296B99608->ffc7b071-00b3-4a69-8de5-2639a1a8d8ac@group-6911E2D50CC5, cid=3023, SUCCESS, logIndex=5048, commits[ffc7b071-00b3-4a69-8de5-2639a1a8d8ac:c5050]
2019-06-12 16:05:03,249 INFO  client.GrpcClientProtocolClient (GrpcClientProtocolClient.java:onNext(254)) - client-7F7296B99608->ffc7b071-00b3-4a69-8de5-2639a1a8d8ac: receive RaftClientReply:client-7F7296B99608->ffc7b071-00b3-4a69-8de5-2639a1a8d8ac@group-6911E2D50CC5, cid=3024, SUCCESS, logIndex=5049, commits[ffc7b071-00b3-4a69-8de5-2639a1a8d8ac:c5050]
2019-06-12 16:05:03,258 INFO  client.GrpcClientProtocolClient (GrpcClientProtocolClient.java:onNext(254)) - client-7F7296B99608->ffc7b071-00b3-4a69-8de5-2639a1a8d8ac: receive RaftClientReply:client-7F7296B99608->ffc7b071-00b3-4a69-8de5-2639a1a8d8ac@group-6911E2D50CC5, cid=3025, SUCCESS, logIndex=5051, commits[ffc7b071-00b3-4a69-8de5-2639a1a8d8ac:c5051]
2019-06-12 16:05:03,259 INFO  client.GrpcClientProtocolClient (GrpcClientProtocolClient.java:onNext(254)) - client-7F7296B99608->ffc7b071-00b3-4a69-8de5-2639a1a8d8ac: receive RaftClientReply:client-7F7296B99608->ffc7b071-00b3-4a69-8de5-2639a1a8d8ac@group-6911E2D50CC5, cid=3026, SUCCESS, logIndex=5053, commits[ffc7b071-00b3-4a69-8de5-2639a1a8d8ac:c5053]
2019-06-12 16:05:03,261 INFO  client.GrpcClientProtocolClient (GrpcClientProtocolClient.java:onNext(254)) - client-7F7296B99608->ffc7b071-00b3-4a69-8de5-2639a1a8d8ac: receive RaftClientReply:client-7F7296B99608->ffc7b071-00b3-4a69-8de5-2639a1a8d8ac@group-6911E2D50CC5, cid=3027, SUCCESS, logIndex=5055, commits[ffc7b071-00b3-4a69-8de5-2639a1a8d8ac:c5056]
2019-06-12 16:05:03,261 INFO  client.GrpcClientProtocolClient (GrpcClientProtocolClient.java:onNext(254)) - client-7F7296B99608->ffc7b071-00b3-4a69-8de5-2639a1a8d8ac: receive RaftClientReply:client-7F7296B99608->ffc7b071-00b3-4a69-8de5-2639a1a8d8ac@group-6911E2D50CC5, cid=3028, SUCCESS, logIndex=5056, commits[ffc7b071-00b3-4a69-8de5-2639a1a8d8ac:c5056]
2019-06-12 16:05:03,268 INFO  client.GrpcClientProtocolClient (GrpcClientProtocolClient.java:onNext(254)) - client-7F7296B99608->ffc7b071-00b3-4a69-8de5-2639a1a8d8ac: receive RaftClientReply:client-7F7296B99608->ffc7b071-00b3-4a69-8de5-2639a1a8d8ac@group-6911E2D50CC5, cid=3029, SUCCESS, logIndex=5058, commits[ffc7b071-00b3-4a69-8de5-2639a1a8d8ac:c5058]
2019-06-12 16:05:03,270 INFO  client.GrpcClientProtocolClient (GrpcClientProtocolClient.java:onNext(254)) - client-7F7296B99608->ffc7b071-00b3-4a69-8de5-2639a1a8d8ac: receive RaftClientReply:client-7F7296B99608->ffc7b071-00b3-4a69-8de5-2639a1a8d8ac@group-6911E2D50CC5, cid=3030, SUCCESS, logIndex=5060, commits[ffc7b071-00b3-4a69-8de5-2639a1a8d8ac:c5060]
2019-06-12 16:05:03,271 INFO  client.GrpcClientProtocolClient (GrpcClientProtocolClient.java:onNext(254)) - client-7F7296B99608->ffc7b071-00b3-4a69-8de5-2639a1a8d8ac: receive RaftClientReply:client-7F7296B99608->ffc7b071-00b3-4a69-8de5-2639a1a8d8ac@group-6911E2D50CC5, cid=3031, SUCCESS, logIndex=5061, commits[ffc7b071-00b3-4a69-8de5-2639a1a8d8ac:c5063]
2019-06-12 16:05:03,271 INFO  client.GrpcClientProtocolClient (GrpcClientProtocolClient.java:onNext(254)) - client-7F7296B99608->ffc7b071-00b3-4a69-8de5-2639a1a8d8ac: receive RaftClientReply:client-7F7296B99608->ffc7b071-00b3-4a69-8de5-2639a1a8d8ac@group-6911E2D50CC5, cid=3032, SUCCESS, logIndex=5062, commits[ffc7b071-00b3-4a69-8de5-2639a1a8d8ac:c5063]
2019-06-12 16:05:03,279 DEBUG block.SCMBlockDeletingService (SCMBlockDeletingService.java:call(138)) - Running DeletedBlockTransactionScanner
2019-06-12 16:05:03,279 DEBUG block.SCMBlockDeletingService (SCMBlockDeletingService.java:call(155)) - Scanned deleted blocks log and got 0 delTX to process.
2019-06-12 16:05:03,281 INFO  client.GrpcClientProtocolClient (GrpcClientProtocolClient.java:onNext(254)) - client-7F7296B99608->ffc7b071-00b3-4a69-8de5-2639a1a8d8ac: receive RaftClientReply:client-7F7296B99608->ffc7b071-00b3-4a69-8de5-2639a1a8d8ac@group-6911E2D50CC5, cid=3033, SUCCESS, logIndex=5064, commits[ffc7b071-00b3-4a69-8de5-2639a1a8d8ac:c5064]
2019-06-12 16:05:03,282 INFO  client.GrpcClientProtocolClient (GrpcClientProtocolClient.java:onNext(254)) - client-7F7296B99608->ffc7b071-00b3-4a69-8de5-2639a1a8d8ac: receive RaftClientReply:client-7F7296B99608->ffc7b071-00b3-4a69-8de5-2639a1a8d8ac@group-6911E2D50CC5, cid=3034, SUCCESS, logIndex=5066, commits[ffc7b071-00b3-4a69-8de5-2639a1a8d8ac:c5066]
2019-06-12 16:05:03,283 INFO  client.GrpcClientProtocolClient (GrpcClientProtocolClient.java:onNext(254)) - client-7F7296B99608->ffc7b071-00b3-4a69-8de5-2639a1a8d8ac: receive RaftClientReply:client-7F7296B99608->ffc7b071-00b3-4a69-8de5-2639a1a8d8ac@group-6911E2D50CC5, cid=3035, SUCCESS, logIndex=5067, commits[ffc7b071-00b3-4a69-8de5-2639a1a8d8ac:c5069]
2019-06-12 16:05:03,284 INFO  client.GrpcClientProtocolClient (GrpcClientProtocolClient.java:onNext(254)) - client-7F7296B99608->ffc7b071-00b3-4a69-8de5-2639a1a8d8ac: receive RaftClientReply:client-7F7296B99608->ffc7b071-00b3-4a69-8de5-2639a1a8d8ac@group-6911E2D50CC5, cid=3036, SUCCESS, logIndex=5068, commits[ffc7b071-00b3-4a69-8de5-2639a1a8d8ac:c5069]
2019-06-12 16:05:03,333 INFO  client.GrpcClientProtocolClient (GrpcClientProtocolClient.java:onNext(254)) - client-7F7296B99608->ffc7b071-00b3-4a69-8de5-2639a1a8d8ac: receive RaftClientReply:client-7F7296B99608->ffc7b071-00b3-4a69-8de5-2639a1a8d8ac@group-6911E2D50CC5, cid=3037, SUCCESS, logIndex=5070, commits[ffc7b071-00b3-4a69-8de5-2639a1a8d8ac:c5070]
2019-06-12 16:05:03,334 INFO  client.GrpcClientProtocolClient (GrpcClientProtocolClient.java:onNext(254)) - client-7F7296B99608->ffc7b071-00b3-4a69-8de5-2639a1a8d8ac: receive RaftClientReply:client-7F7296B99608->ffc7b071-00b3-4a69-8de5-2639a1a8d8ac@group-6911E2D50CC5, cid=3038, SUCCESS, logIndex=5072, commits[ffc7b071-00b3-4a69-8de5-2639a1a8d8ac:c5072]
2019-06-12 16:05:03,336 INFO  client.GrpcClientProtocolClient (GrpcClientProtocolClient.java:onNext(254)) - client-7F7296B99608->ffc7b071-00b3-4a69-8de5-2639a1a8d8ac: receive RaftClientReply:client-7F7296B99608->ffc7b071-00b3-4a69-8de5-2639a1a8d8ac@group-6911E2D50CC5, cid=3039, SUCCESS, logIndex=5073, commits[ffc7b071-00b3-4a69-8de5-2639a1a8d8ac:c5075]
2019-06-12 16:05:03,336 INFO  client.GrpcClientProtocolClient (GrpcClientProtocolClient.java:onNext(254)) - client-7F7296B99608->ffc7b071-00b3-4a69-8de5-2639a1a8d8ac: receive RaftClientReply:client-7F7296B99608->ffc7b071-00b3-4a69-8de5-2639a1a8d8ac@group-6911E2D50CC5, cid=3040, SUCCESS, logIndex=5074, commits[ffc7b071-00b3-4a69-8de5-2639a1a8d8ac:c5075]
2019-06-12 16:05:03,346 INFO  client.GrpcClientProtocolClient (GrpcClientProtocolClient.java:onNext(254)) - client-7F7296B99608->ffc7b071-00b3-4a69-8de5-2639a1a8d8ac: receive RaftClientReply:client-7F7296B99608->ffc7b071-00b3-4a69-8de5-2639a1a8d8ac@group-6911E2D50CC5, cid=3041, SUCCESS, logIndex=5076, commits[ffc7b071-00b3-4a69-8de5-2639a1a8d8ac:c5076]
2019-06-12 16:05:03,348 INFO  client.GrpcClientProtocolClient (GrpcClientProtocolClient.java:onNext(254)) - client-7F7296B99608->ffc7b071-00b3-4a69-8de5-2639a1a8d8ac: receive RaftClientReply:client-7F7296B99608->ffc7b071-00b3-4a69-8de5-2639a1a8d8ac@group-6911E2D50CC5, cid=3042, SUCCESS, logIndex=5078, commits[ffc7b071-00b3-4a69-8de5-2639a1a8d8ac:c5080]
2019-06-12 16:05:03,348 INFO  client.GrpcClientProtocolClient (GrpcClientProtocolClient.java:onNext(254)) - client-7F7296B99608->ffc7b071-00b3-4a69-8de5-2639a1a8d8ac: receive RaftClientReply:client-7F7296B99608->ffc7b071-00b3-4a69-8de5-2639a1a8d8ac@group-6911E2D50CC5, cid=3043, SUCCESS, logIndex=5079, commits[ffc7b071-00b3-4a69-8de5-2639a1a8d8ac:c5080]
2019-06-12 16:05:03,349 INFO  client.GrpcClientProtocolClient (GrpcClientProtocolClient.java:onNext(254)) - client-7F7296B99608->ffc7b071-00b3-4a69-8de5-2639a1a8d8ac: receive RaftClientReply:client-7F7296B99608->ffc7b071-00b3-4a69-8de5-2639a1a8d8ac@group-6911E2D50CC5, cid=3044, SUCCESS, logIndex=5080, commits[ffc7b071-00b3-4a69-8de5-2639a1a8d8ac:c5080]
2019-06-12 16:05:03,354 INFO  client.GrpcClientProtocolClient (GrpcClientProtocolClient.java:onNext(254)) - client-7F7296B99608->ffc7b071-00b3-4a69-8de5-2639a1a8d8ac: receive RaftClientReply:client-7F7296B99608->ffc7b071-00b3-4a69-8de5-2639a1a8d8ac@group-6911E2D50CC5, cid=3045, SUCCESS, logIndex=5082, commits[ffc7b071-00b3-4a69-8de5-2639a1a8d8ac:c5082]
2019-06-12 16:05:03,356 INFO  client.GrpcClientProtocolClient (GrpcClientProtocolClient.java:onNext(254)) - client-7F7296B99608->ffc7b071-00b3-4a69-8de5-2639a1a8d8ac: receive RaftClientReply:client-7F7296B99608->ffc7b071-00b3-4a69-8de5-2639a1a8d8ac@group-6911E2D50CC5, cid=3046, SUCCESS, logIndex=5084, commits[ffc7b071-00b3-4a69-8de5-2639a1a8d8ac:c5084]
2019-06-12 16:05:03,356 INFO  client.GrpcClientProtocolClient (GrpcClientProtocolClient.java:onNext(254)) - client-7F7296B99608->ffc7b071-00b3-4a69-8de5-2639a1a8d8ac: receive RaftClientReply:client-7F7296B99608->ffc7b071-00b3-4a69-8de5-2639a1a8d8ac@group-6911E2D50CC5, cid=3047, SUCCESS, logIndex=5085, commits[ffc7b071-00b3-4a69-8de5-2639a1a8d8ac:c5086]
2019-06-12 16:05:03,357 INFO  client.GrpcClientProtocolClient (GrpcClientProtocolClient.java:onNext(254)) - client-7F7296B99608->ffc7b071-00b3-4a69-8de5-2639a1a8d8ac: receive RaftClientReply:client-7F7296B99608->ffc7b071-00b3-4a69-8de5-2639a1a8d8ac@group-6911E2D50CC5, cid=3048, SUCCESS, logIndex=5086, commits[ffc7b071-00b3-4a69-8de5-2639a1a8d8ac:c5086]
2019-06-12 16:05:03,367 INFO  client.GrpcClientProtocolClient (GrpcClientProtocolClient.java:onNext(254)) - client-7F7296B99608->ffc7b071-00b3-4a69-8de5-2639a1a8d8ac: receive RaftClientReply:client-7F7296B99608->ffc7b071-00b3-4a69-8de5-2639a1a8d8ac@group-6911E2D50CC5, cid=3049, SUCCESS, logIndex=5089, commits[ffc7b071-00b3-4a69-8de5-2639a1a8d8ac:c5089]
2019-06-12 16:05:03,368 INFO  client.GrpcClientProtocolClient (GrpcClientProtocolClient.java:onNext(254)) - client-7F7296B99608->ffc7b071-00b3-4a69-8de5-2639a1a8d8ac: receive RaftClientReply:client-7F7296B99608->ffc7b071-00b3-4a69-8de5-2639a1a8d8ac@group-6911E2D50CC5, cid=3050, SUCCESS, logIndex=5091, commits[ffc7b071-00b3-4a69-8de5-2639a1a8d8ac:c5091]
2019-06-12 16:05:03,379 DEBUG block.SCMBlockDeletingService (SCMBlockDeletingService.java:call(138)) - Running DeletedBlockTransactionScanner
2019-06-12 16:05:03,379 DEBUG block.SCMBlockDeletingService (SCMBlockDeletingService.java:call(155)) - Scanned deleted blocks log and got 0 delTX to process.
2019-06-12 16:05:03,431 INFO  storage.RaftLogWorker (RaftLogWorker.java:rollLogSegment(303)) - ffc7b071-00b3-4a69-8de5-2639a1a8d8ac-RaftLogWorker: Rolling segment log-5025_5092 to index:5092
2019-06-12 16:05:03,432 INFO  storage.RaftLogWorker (RaftLogWorker.java:execute(433)) - ffc7b071-00b3-4a69-8de5-2639a1a8d8ac-RaftLogWorker: Rolled log segment from /opt/src/hadoop-ozone/integration-test/target/test-dir/MiniOzoneClusterImpl-a1c7246e-c692-4524-ad55-32b507b20431/datanode-0/data/ratis/4417d833-4fb6-4fa2-9413-6911e2d50cc5/current/log_inprogress_5025 to /opt/src/hadoop-ozone/integration-test/target/test-dir/MiniOzoneClusterImpl-a1c7246e-c692-4524-ad55-32b507b20431/datanode-0/data/ratis/4417d833-4fb6-4fa2-9413-6911e2d50cc5/current/log_5025-5092
2019-06-12 16:05:03,466 INFO  storage.RaftLogWorker (RaftLogWorker.java:execute(469)) - ffc7b071-00b3-4a69-8de5-2639a1a8d8ac-RaftLogWorker: created new log segment /opt/src/hadoop-ozone/integration-test/target/test-dir/MiniOzoneClusterImpl-a1c7246e-c692-4524-ad55-32b507b20431/datanode-0/data/ratis/4417d833-4fb6-4fa2-9413-6911e2d50cc5/current/log_inprogress_5093
2019-06-12 16:05:03,468 INFO  client.GrpcClientProtocolClient (GrpcClientProtocolClient.java:onNext(254)) - client-7F7296B99608->ffc7b071-00b3-4a69-8de5-2639a1a8d8ac: receive RaftClientReply:client-7F7296B99608->ffc7b071-00b3-4a69-8de5-2639a1a8d8ac@group-6911E2D50CC5, cid=3051, SUCCESS, logIndex=5093, commits[ffc7b071-00b3-4a69-8de5-2639a1a8d8ac:c5093]
2019-06-12 16:05:03,469 INFO  client.GrpcClientProtocolClient (GrpcClientProtocolClient.java:onNext(254)) - client-7F7296B99608->ffc7b071-00b3-4a69-8de5-2639a1a8d8ac: receive RaftClientReply:client-7F7296B99608->ffc7b071-00b3-4a69-8de5-2639a1a8d8ac@group-6911E2D50CC5, cid=3052, SUCCESS, logIndex=5095, commits[ffc7b071-00b3-4a69-8de5-2639a1a8d8ac:c5095]
2019-06-12 16:05:03,474 INFO  client.GrpcClientProtocolClient (GrpcClientProtocolClient.java:onNext(254)) - client-7F7296B99608->ffc7b071-00b3-4a69-8de5-2639a1a8d8ac: receive RaftClientReply:client-7F7296B99608->ffc7b071-00b3-4a69-8de5-2639a1a8d8ac@group-6911E2D50CC5, cid=3053, SUCCESS, logIndex=5097, commits[ffc7b071-00b3-4a69-8de5-2639a1a8d8ac:c5097]
2019-06-12 16:05:03,475 INFO  client.GrpcClientProtocolClient (GrpcClientProtocolClient.java:onNext(254)) - client-7F7296B99608->ffc7b071-00b3-4a69-8de5-2639a1a8d8ac: receive RaftClientReply:client-7F7296B99608->ffc7b071-00b3-4a69-8de5-2639a1a8d8ac@group-6911E2D50CC5, cid=3054, SUCCESS, logIndex=5099, commits[ffc7b071-00b3-4a69-8de5-2639a1a8d8ac:c5099]
2019-06-12 16:05:03,476 INFO  client.GrpcClientProtocolClient (GrpcClientProtocolClient.java:onNext(254)) - client-7F7296B99608->ffc7b071-00b3-4a69-8de5-2639a1a8d8ac: receive RaftClientReply:client-7F7296B99608->ffc7b071-00b3-4a69-8de5-2639a1a8d8ac@group-6911E2D50CC5, cid=3055, SUCCESS, logIndex=5100, commits[ffc7b071-00b3-4a69-8de5-2639a1a8d8ac:c5102]
2019-06-12 16:05:03,477 INFO  client.GrpcClientProtocolClient (GrpcClientProtocolClient.java:onNext(254)) - client-7F7296B99608->ffc7b071-00b3-4a69-8de5-2639a1a8d8ac: receive RaftClientReply:client-7F7296B99608->ffc7b071-00b3-4a69-8de5-2639a1a8d8ac@group-6911E2D50CC5, cid=3056, SUCCESS, logIndex=5101, commits[ffc7b071-00b3-4a69-8de5-2639a1a8d8ac:c5102]
2019-06-12 16:05:03,480 DEBUG block.SCMBlockDeletingService (SCMBlockDeletingService.java:call(138)) - Running DeletedBlockTransactionScanner
2019-06-12 16:05:03,480 DEBUG block.SCMBlockDeletingService (SCMBlockDeletingService.java:call(155)) - Scanned deleted blocks log and got 0 delTX to process.
2019-06-12 16:05:03,487 INFO  client.GrpcClientProtocolClient (GrpcClientProtocolClient.java:onNext(254)) - client-7F7296B99608->ffc7b071-00b3-4a69-8de5-2639a1a8d8ac: receive RaftClientReply:client-7F7296B99608->ffc7b071-00b3-4a69-8de5-2639a1a8d8ac@group-6911E2D50CC5, cid=3057, SUCCESS, logIndex=5103, commits[ffc7b071-00b3-4a69-8de5-2639a1a8d8ac:c5103]
2019-06-12 16:05:03,488 INFO  client.GrpcClientProtocolClient (GrpcClientProtocolClient.java:onNext(254)) - client-7F7296B99608->ffc7b071-00b3-4a69-8de5-2639a1a8d8ac: receive RaftClientReply:client-7F7296B99608->ffc7b071-00b3-4a69-8de5-2639a1a8d8ac@group-6911E2D50CC5, cid=3058, SUCCESS, logIndex=5105, commits[ffc7b071-00b3-4a69-8de5-2639a1a8d8ac:c5105]
2019-06-12 16:05:03,489 INFO  client.GrpcClientProtocolClient (GrpcClientProtocolClient.java:onNext(254)) - client-7F7296B99608->ffc7b071-00b3-4a69-8de5-2639a1a8d8ac: receive RaftClientReply:client-7F7296B99608->ffc7b071-00b3-4a69-8de5-2639a1a8d8ac@group-6911E2D50CC5, cid=3059, SUCCESS, logIndex=5106, commits[ffc7b071-00b3-4a69-8de5-2639a1a8d8ac:c5108]
2019-06-12 16:05:03,489 INFO  client.GrpcClientProtocolClient (GrpcClientProtocolClient.java:onNext(254)) - client-7F7296B99608->ffc7b071-00b3-4a69-8de5-2639a1a8d8ac: receive RaftClientReply:client-7F7296B99608->ffc7b071-00b3-4a69-8de5-2639a1a8d8ac@group-6911E2D50CC5, cid=3060, SUCCESS, logIndex=5107, commits[ffc7b071-00b3-4a69-8de5-2639a1a8d8ac:c5108]
2019-06-12 16:05:03,494 INFO  client.GrpcClientProtocolClient (GrpcClientProtocolClient.java:onNext(254)) - client-7F7296B99608->ffc7b071-00b3-4a69-8de5-2639a1a8d8ac: receive RaftClientReply:client-7F7296B99608->ffc7b071-00b3-4a69-8de5-2639a1a8d8ac@group-6911E2D50CC5, cid=3061, SUCCESS, logIndex=5109, commits[ffc7b071-00b3-4a69-8de5-2639a1a8d8ac:c5109]
2019-06-12 16:05:03,495 INFO  client.GrpcClientProtocolClient (GrpcClientProtocolClient.java:onNext(254)) - client-7F7296B99608->ffc7b071-00b3-4a69-8de5-2639a1a8d8ac: receive RaftClientReply:client-7F7296B99608->ffc7b071-00b3-4a69-8de5-2639a1a8d8ac@group-6911E2D50CC5, cid=3062, SUCCESS, logIndex=5111, commits[ffc7b071-00b3-4a69-8de5-2639a1a8d8ac:c5111]
2019-06-12 16:05:03,496 INFO  client.GrpcClientProtocolClient (GrpcClientProtocolClient.java:onNext(254)) - client-7F7296B99608->ffc7b071-00b3-4a69-8de5-2639a1a8d8ac: receive RaftClientReply:client-7F7296B99608->ffc7b071-00b3-4a69-8de5-2639a1a8d8ac@group-6911E2D50CC5, cid=3063, SUCCESS, logIndex=5112, commits[ffc7b071-00b3-4a69-8de5-2639a1a8d8ac:c5114]
2019-06-12 16:05:03,496 INFO  client.GrpcClientProtocolClient (GrpcClientProtocolClient.java:onNext(254)) - client-7F7296B99608->ffc7b071-00b3-4a69-8de5-2639a1a8d8ac: receive RaftClientReply:client-7F7296B99608->ffc7b071-00b3-4a69-8de5-2639a1a8d8ac@group-6911E2D50CC5, cid=3064, SUCCESS, logIndex=5113, commits[ffc7b071-00b3-4a69-8de5-2639a1a8d8ac:c5114]
2019-06-12 16:05:03,506 INFO  client.GrpcClientProtocolClient (GrpcClientProtocolClient.java:onNext(254)) - client-7F7296B99608->ffc7b071-00b3-4a69-8de5-2639a1a8d8ac: receive RaftClientReply:client-7F7296B99608->ffc7b071-00b3-4a69-8de5-2639a1a8d8ac@group-6911E2D50CC5, cid=3065, SUCCESS, logIndex=5115, commits[ffc7b071-00b3-4a69-8de5-2639a1a8d8ac:c5115]
2019-06-12 16:05:03,508 INFO  client.GrpcClientProtocolClient (GrpcClientProtocolClient.java:onNext(254)) - client-7F7296B99608->ffc7b071-00b3-4a69-8de5-2639a1a8d8ac: receive RaftClientReply:client-7F7296B99608->ffc7b071-00b3-4a69-8de5-2639a1a8d8ac@group-6911E2D50CC5, cid=3066, SUCCESS, logIndex=5117, commits[ffc7b071-00b3-4a69-8de5-2639a1a8d8ac:c5117]
2019-06-12 16:05:03,509 INFO  client.GrpcClientProtocolClient (GrpcClientProtocolClient.java:onNext(254)) - client-7F7296B99608->ffc7b071-00b3-4a69-8de5-2639a1a8d8ac: receive RaftClientReply:client-7F7296B99608->ffc7b071-00b3-4a69-8de5-2639a1a8d8ac@group-6911E2D50CC5, cid=3067, SUCCESS, logIndex=5118, commits[ffc7b071-00b3-4a69-8de5-2639a1a8d8ac:c5120]
2019-06-12 16:05:03,510 INFO  client.GrpcClientProtocolClient (GrpcClientProtocolClient.java:onNext(254)) - client-7F7296B99608->ffc7b071-00b3-4a69-8de5-2639a1a8d8ac: receive RaftClientReply:client-7F7296B99608->ffc7b071-00b3-4a69-8de5-2639a1a8d8ac@group-6911E2D50CC5, cid=3068, SUCCESS, logIndex=5119, commits[ffc7b071-00b3-4a69-8de5-2639a1a8d8ac:c5120]
2019-06-12 16:05:03,514 INFO  client.GrpcClientProtocolClient (GrpcClientProtocolClient.java:onNext(254)) - client-7F7296B99608->ffc7b071-00b3-4a69-8de5-2639a1a8d8ac: receive RaftClientReply:client-7F7296B99608->ffc7b071-00b3-4a69-8de5-2639a1a8d8ac@group-6911E2D50CC5, cid=3069, SUCCESS, logIndex=5121, commits[ffc7b071-00b3-4a69-8de5-2639a1a8d8ac:c5121]
2019-06-12 16:05:03,515 INFO  client.GrpcClientProtocolClient (GrpcClientProtocolClient.java:onNext(254)) - client-7F7296B99608->ffc7b071-00b3-4a69-8de5-2639a1a8d8ac: receive RaftClientReply:client-7F7296B99608->ffc7b071-00b3-4a69-8de5-2639a1a8d8ac@group-6911E2D50CC5, cid=3070, SUCCESS, logIndex=5123, commits[ffc7b071-00b3-4a69-8de5-2639a1a8d8ac:c5123]
2019-06-12 16:05:03,516 INFO  client.GrpcClientProtocolClient (GrpcClientProtocolClient.java:onNext(254)) - client-7F7296B99608->ffc7b071-00b3-4a69-8de5-2639a1a8d8ac: receive RaftClientReply:client-7F7296B99608->ffc7b071-00b3-4a69-8de5-2639a1a8d8ac@group-6911E2D50CC5, cid=3071, SUCCESS, logIndex=5124, commits[ffc7b071-00b3-4a69-8de5-2639a1a8d8ac:c5126]
2019-06-12 16:05:03,517 INFO  client.GrpcClientProtocolClient (GrpcClientProtocolClient.java:onNext(254)) - client-7F7296B99608->ffc7b071-00b3-4a69-8de5-2639a1a8d8ac: receive RaftClientReply:client-7F7296B99608->ffc7b071-00b3-4a69-8de5-2639a1a8d8ac@group-6911E2D50CC5, cid=3072, SUCCESS, logIndex=5125, commits[ffc7b071-00b3-4a69-8de5-2639a1a8d8ac:c5126]
2019-06-12 16:05:03,529 INFO  client.GrpcClientProtocolClient (GrpcClientProtocolClient.java:onNext(254)) - client-7F7296B99608->ffc7b071-00b3-4a69-8de5-2639a1a8d8ac: receive RaftClientReply:client-7F7296B99608->ffc7b071-00b3-4a69-8de5-2639a1a8d8ac@group-6911E2D50CC5, cid=3073, SUCCESS, logIndex=5127, commits[ffc7b071-00b3-4a69-8de5-2639a1a8d8ac:c5127]
2019-06-12 16:05:03,531 INFO  client.GrpcClientProtocolClient (GrpcClientProtocolClient.java:onNext(254)) - client-7F7296B99608->ffc7b071-00b3-4a69-8de5-2639a1a8d8ac: receive RaftClientReply:client-7F7296B99608->ffc7b071-00b3-4a69-8de5-2639a1a8d8ac@group-6911E2D50CC5, cid=3074, SUCCESS, logIndex=5129, commits[ffc7b071-00b3-4a69-8de5-2639a1a8d8ac:c5131]
2019-06-12 16:05:03,532 INFO  client.GrpcClientProtocolClient (GrpcClientProtocolClient.java:onNext(254)) - client-7F7296B99608->ffc7b071-00b3-4a69-8de5-2639a1a8d8ac: receive RaftClientReply:client-7F7296B99608->ffc7b071-00b3-4a69-8de5-2639a1a8d8ac@group-6911E2D50CC5, cid=3075, SUCCESS, logIndex=5130, commits[ffc7b071-00b3-4a69-8de5-2639a1a8d8ac:c5131]
2019-06-12 16:05:03,532 INFO  client.GrpcClientProtocolClient (GrpcClientProtocolClient.java:onNext(254)) - client-7F7296B99608->ffc7b071-00b3-4a69-8de5-2639a1a8d8ac: receive RaftClientReply:client-7F7296B99608->ffc7b071-00b3-4a69-8de5-2639a1a8d8ac@group-6911E2D50CC5, cid=3076, SUCCESS, logIndex=5131, commits[ffc7b071-00b3-4a69-8de5-2639a1a8d8ac:c5132]
2019-06-12 16:05:03,537 INFO  client.GrpcClientProtocolClient (GrpcClientProtocolClient.java:onNext(254)) - client-7F7296B99608->ffc7b071-00b3-4a69-8de5-2639a1a8d8ac: receive RaftClientReply:client-7F7296B99608->ffc7b071-00b3-4a69-8de5-2639a1a8d8ac@group-6911E2D50CC5, cid=3077, SUCCESS, logIndex=5133, commits[ffc7b071-00b3-4a69-8de5-2639a1a8d8ac:c5133]
2019-06-12 16:05:03,538 INFO  client.GrpcClientProtocolClient (GrpcClientProtocolClient.java:onNext(254)) - client-7F7296B99608->ffc7b071-00b3-4a69-8de5-2639a1a8d8ac: receive RaftClientReply:client-7F7296B99608->ffc7b071-00b3-4a69-8de5-2639a1a8d8ac@group-6911E2D50CC5, cid=3078, SUCCESS, logIndex=5135, commits[ffc7b071-00b3-4a69-8de5-2639a1a8d8ac:c5135]
2019-06-12 16:05:03,539 INFO  client.GrpcClientProtocolClient (GrpcClientProtocolClient.java:onNext(254)) - client-7F7296B99608->ffc7b071-00b3-4a69-8de5-2639a1a8d8ac: receive RaftClientReply:client-7F7296B99608->ffc7b071-00b3-4a69-8de5-2639a1a8d8ac@group-6911E2D50CC5, cid=3079, SUCCESS, logIndex=5136, commits[ffc7b071-00b3-4a69-8de5-2639a1a8d8ac:c5138]
2019-06-12 16:05:03,540 INFO  client.GrpcClientProtocolClient (GrpcClientProtocolClient.java:onNext(254)) - client-7F7296B99608->ffc7b071-00b3-4a69-8de5-2639a1a8d8ac: receive RaftClientReply:client-7F7296B99608->ffc7b071-00b3-4a69-8de5-2639a1a8d8ac@group-6911E2D50CC5, cid=3080, SUCCESS, logIndex=5137, commits[ffc7b071-00b3-4a69-8de5-2639a1a8d8ac:c5138]
2019-06-12 16:05:03,551 INFO  client.GrpcClientProtocolClient (GrpcClientProtocolClient.java:onNext(254)) - client-7F7296B99608->ffc7b071-00b3-4a69-8de5-2639a1a8d8ac: receive RaftClientReply:client-7F7296B99608->ffc7b071-00b3-4a69-8de5-2639a1a8d8ac@group-6911E2D50CC5, cid=3081, SUCCESS, logIndex=5139, commits[ffc7b071-00b3-4a69-8de5-2639a1a8d8ac:c5139]
2019-06-12 16:05:03,552 INFO  client.GrpcClientProtocolClient (GrpcClientProtocolClient.java:onNext(254)) - client-7F7296B99608->ffc7b071-00b3-4a69-8de5-2639a1a8d8ac: receive RaftClientReply:client-7F7296B99608->ffc7b071-00b3-4a69-8de5-2639a1a8d8ac@group-6911E2D50CC5, cid=3082, SUCCESS, logIndex=5141, commits[ffc7b071-00b3-4a69-8de5-2639a1a8d8ac:c5141]
2019-06-12 16:05:03,553 INFO  client.GrpcClientProtocolClient (GrpcClientProtocolClient.java:onNext(254)) - client-7F7296B99608->ffc7b071-00b3-4a69-8de5-2639a1a8d8ac: receive RaftClientReply:client-7F7296B99608->ffc7b071-00b3-4a69-8de5-2639a1a8d8ac@group-6911E2D50CC5, cid=3083, SUCCESS, logIndex=5142, commits[ffc7b071-00b3-4a69-8de5-2639a1a8d8ac:c5144]
2019-06-12 16:05:03,553 INFO  client.GrpcClientProtocolClient (GrpcClientProtocolClient.java:onNext(254)) - client-7F7296B99608->ffc7b071-00b3-4a69-8de5-2639a1a8d8ac: receive RaftClientReply:client-7F7296B99608->ffc7b071-00b3-4a69-8de5-2639a1a8d8ac@group-6911E2D50CC5, cid=3084, SUCCESS, logIndex=5143, commits[ffc7b071-00b3-4a69-8de5-2639a1a8d8ac:c5144]
2019-06-12 16:05:03,558 INFO  client.GrpcClientProtocolClient (GrpcClientProtocolClient.java:onNext(254)) - client-7F7296B99608->ffc7b071-00b3-4a69-8de5-2639a1a8d8ac: receive RaftClientReply:client-7F7296B99608->ffc7b071-00b3-4a69-8de5-2639a1a8d8ac@group-6911E2D50CC5, cid=3085, SUCCESS, logIndex=5145, commits[ffc7b071-00b3-4a69-8de5-2639a1a8d8ac:c5145]
2019-06-12 16:05:03,560 INFO  client.GrpcClientProtocolClient (GrpcClientProtocolClient.java:onNext(254)) - client-7F7296B99608->ffc7b071-00b3-4a69-8de5-2639a1a8d8ac: receive RaftClientReply:client-7F7296B99608->ffc7b071-00b3-4a69-8de5-2639a1a8d8ac@group-6911E2D50CC5, cid=3086, SUCCESS, logIndex=5147, commits[ffc7b071-00b3-4a69-8de5-2639a1a8d8ac:c5147]
2019-06-12 16:05:03,561 INFO  client.GrpcClientProtocolClient (GrpcClientProtocolClient.java:onNext(254)) - client-7F7296B99608->ffc7b071-00b3-4a69-8de5-2639a1a8d8ac: receive RaftClientReply:client-7F7296B99608->ffc7b071-00b3-4a69-8de5-2639a1a8d8ac@group-6911E2D50CC5, cid=3087, SUCCESS, logIndex=5148, commits[ffc7b071-00b3-4a69-8de5-2639a1a8d8ac:c5149]
2019-06-12 16:05:03,561 INFO  client.GrpcClientProtocolClient (GrpcClientProtocolClient.java:onNext(254)) - client-7F7296B99608->ffc7b071-00b3-4a69-8de5-2639a1a8d8ac: receive RaftClientReply:client-7F7296B99608->ffc7b071-00b3-4a69-8de5-2639a1a8d8ac@group-6911E2D50CC5, cid=3088, SUCCESS, logIndex=5149, commits[ffc7b071-00b3-4a69-8de5-2639a1a8d8ac:c5149]
2019-06-12 16:05:03,573 INFO  client.GrpcClientProtocolClient (GrpcClientProtocolClient.java:onNext(254)) - client-7F7296B99608->ffc7b071-00b3-4a69-8de5-2639a1a8d8ac: receive RaftClientReply:client-7F7296B99608->ffc7b071-00b3-4a69-8de5-2639a1a8d8ac@group-6911E2D50CC5, cid=3089, SUCCESS, logIndex=5152, commits[ffc7b071-00b3-4a69-8de5-2639a1a8d8ac:c5152]
2019-06-12 16:05:03,575 INFO  client.GrpcClientProtocolClient (GrpcClientProtocolClient.java:onNext(254)) - client-7F7296B99608->ffc7b071-00b3-4a69-8de5-2639a1a8d8ac: receive RaftClientReply:client-7F7296B99608->ffc7b071-00b3-4a69-8de5-2639a1a8d8ac@group-6911E2D50CC5, cid=3090, SUCCESS, logIndex=5154, commits[ffc7b071-00b3-4a69-8de5-2639a1a8d8ac:c5154]
2019-06-12 16:05:03,576 INFO  client.GrpcClientProtocolClient (GrpcClientProtocolClient.java:onNext(254)) - client-7F7296B99608->ffc7b071-00b3-4a69-8de5-2639a1a8d8ac: receive RaftClientReply:client-7F7296B99608->ffc7b071-00b3-4a69-8de5-2639a1a8d8ac@group-6911E2D50CC5, cid=3091, SUCCESS, logIndex=5156, commits[ffc7b071-00b3-4a69-8de5-2639a1a8d8ac:c5157]
2019-06-12 16:05:03,576 INFO  client.GrpcClientProtocolClient (GrpcClientProtocolClient.java:onNext(254)) - client-7F7296B99608->ffc7b071-00b3-4a69-8de5-2639a1a8d8ac: receive RaftClientReply:client-7F7296B99608->ffc7b071-00b3-4a69-8de5-2639a1a8d8ac@group-6911E2D50CC5, cid=3092, SUCCESS, logIndex=5157, commits[ffc7b071-00b3-4a69-8de5-2639a1a8d8ac:c5157]
2019-06-12 16:05:03,580 DEBUG block.SCMBlockDeletingService (SCMBlockDeletingService.java:call(138)) - Running DeletedBlockTransactionScanner
2019-06-12 16:05:03,580 DEBUG block.SCMBlockDeletingService (SCMBlockDeletingService.java:call(155)) - Scanned deleted blocks log and got 0 delTX to process.
2019-06-12 16:05:03,581 INFO  client.GrpcClientProtocolClient (GrpcClientProtocolClient.java:onNext(254)) - client-7F7296B99608->ffc7b071-00b3-4a69-8de5-2639a1a8d8ac: receive RaftClientReply:client-7F7296B99608->ffc7b071-00b3-4a69-8de5-2639a1a8d8ac@group-6911E2D50CC5, cid=3093, SUCCESS, logIndex=5159, commits[ffc7b071-00b3-4a69-8de5-2639a1a8d8ac:c5159]
2019-06-12 16:05:03,581 INFO  storage.RaftLogWorker (RaftLogWorker.java:rollLogSegment(303)) - ffc7b071-00b3-4a69-8de5-2639a1a8d8ac-RaftLogWorker: Rolling segment log-5093_5160 to index:5160
2019-06-12 16:05:03,582 INFO  storage.RaftLogWorker (RaftLogWorker.java:execute(433)) - ffc7b071-00b3-4a69-8de5-2639a1a8d8ac-RaftLogWorker: Rolled log segment from /opt/src/hadoop-ozone/integration-test/target/test-dir/MiniOzoneClusterImpl-a1c7246e-c692-4524-ad55-32b507b20431/datanode-0/data/ratis/4417d833-4fb6-4fa2-9413-6911e2d50cc5/current/log_inprogress_5093 to /opt/src/hadoop-ozone/integration-test/target/test-dir/MiniOzoneClusterImpl-a1c7246e-c692-4524-ad55-32b507b20431/datanode-0/data/ratis/4417d833-4fb6-4fa2-9413-6911e2d50cc5/current/log_5093-5160
2019-06-12 16:05:03,619 INFO  storage.RaftLogWorker (RaftLogWorker.java:execute(469)) - ffc7b071-00b3-4a69-8de5-2639a1a8d8ac-RaftLogWorker: created new log segment /opt/src/hadoop-ozone/integration-test/target/test-dir/MiniOzoneClusterImpl-a1c7246e-c692-4524-ad55-32b507b20431/datanode-0/data/ratis/4417d833-4fb6-4fa2-9413-6911e2d50cc5/current/log_inprogress_5161
2019-06-12 16:05:03,621 INFO  client.GrpcClientProtocolClient (GrpcClientProtocolClient.java:onNext(254)) - client-7F7296B99608->ffc7b071-00b3-4a69-8de5-2639a1a8d8ac: receive RaftClientReply:client-7F7296B99608->ffc7b071-00b3-4a69-8de5-2639a1a8d8ac@group-6911E2D50CC5, cid=3094, SUCCESS, logIndex=5161, commits[ffc7b071-00b3-4a69-8de5-2639a1a8d8ac:c5161]
2019-06-12 16:05:03,654 INFO  client.GrpcClientProtocolClient (GrpcClientProtocolClient.java:onNext(254)) - client-7F7296B99608->ffc7b071-00b3-4a69-8de5-2639a1a8d8ac: receive RaftClientReply:client-7F7296B99608->ffc7b071-00b3-4a69-8de5-2639a1a8d8ac@group-6911E2D50CC5, cid=3095, SUCCESS, logIndex=5163, commits[ffc7b071-00b3-4a69-8de5-2639a1a8d8ac:c5163]
2019-06-12 16:05:03,655 INFO  client.GrpcClientProtocolClient (GrpcClientProtocolClient.java:onNext(254)) - client-7F7296B99608->ffc7b071-00b3-4a69-8de5-2639a1a8d8ac: receive RaftClientReply:client-7F7296B99608->ffc7b071-00b3-4a69-8de5-2639a1a8d8ac@group-6911E2D50CC5, cid=3096, SUCCESS, logIndex=5165, commits[ffc7b071-00b3-4a69-8de5-2639a1a8d8ac:c5165]
2019-06-12 16:05:03,666 INFO  client.GrpcClientProtocolClient (GrpcClientProtocolClient.java:onNext(254)) - client-7F7296B99608->ffc7b071-00b3-4a69-8de5-2639a1a8d8ac: receive RaftClientReply:client-7F7296B99608->ffc7b071-00b3-4a69-8de5-2639a1a8d8ac@group-6911E2D50CC5, cid=3097, SUCCESS, logIndex=5167, commits[ffc7b071-00b3-4a69-8de5-2639a1a8d8ac:c5167]
2019-06-12 16:05:03,669 INFO  client.GrpcClientProtocolClient (GrpcClientProtocolClient.java:onNext(254)) - client-7F7296B99608->ffc7b071-00b3-4a69-8de5-2639a1a8d8ac: receive RaftClientReply:client-7F7296B99608->ffc7b071-00b3-4a69-8de5-2639a1a8d8ac@group-6911E2D50CC5, cid=3098, SUCCESS, logIndex=5169, commits[ffc7b071-00b3-4a69-8de5-2639a1a8d8ac:c5169]
2019-06-12 16:05:03,671 INFO  client.GrpcClientProtocolClient (GrpcClientProtocolClient.java:onNext(254)) - client-7F7296B99608->ffc7b071-00b3-4a69-8de5-2639a1a8d8ac: receive RaftClientReply:client-7F7296B99608->ffc7b071-00b3-4a69-8de5-2639a1a8d8ac@group-6911E2D50CC5, cid=3099, SUCCESS, logIndex=5171, commits[ffc7b071-00b3-4a69-8de5-2639a1a8d8ac:c5172]
2019-06-12 16:05:03,671 INFO  client.GrpcClientProtocolClient (GrpcClientProtocolClient.java:onNext(254)) - client-7F7296B99608->ffc7b071-00b3-4a69-8de5-2639a1a8d8ac: receive RaftClientReply:client-7F7296B99608->ffc7b071-00b3-4a69-8de5-2639a1a8d8ac@group-6911E2D50CC5, cid=3100, SUCCESS, logIndex=5172, commits[ffc7b071-00b3-4a69-8de5-2639a1a8d8ac:c5172]
2019-06-12 16:05:03,676 INFO  client.GrpcClientProtocolClient (GrpcClientProtocolClient.java:onNext(254)) - client-7F7296B99608->ffc7b071-00b3-4a69-8de5-2639a1a8d8ac: receive RaftClientReply:client-7F7296B99608->ffc7b071-00b3-4a69-8de5-2639a1a8d8ac@group-6911E2D50CC5, cid=3101, SUCCESS, logIndex=5174, commits[ffc7b071-00b3-4a69-8de5-2639a1a8d8ac:c5174]
2019-06-12 16:05:03,677 INFO  client.GrpcClientProtocolClient (GrpcClientProtocolClient.java:onNext(254)) - client-7F7296B99608->ffc7b071-00b3-4a69-8de5-2639a1a8d8ac: receive RaftClientReply:client-7F7296B99608->ffc7b071-00b3-4a69-8de5-2639a1a8d8ac@group-6911E2D50CC5, cid=3102, SUCCESS, logIndex=5176, commits[ffc7b071-00b3-4a69-8de5-2639a1a8d8ac:c5176]
2019-06-12 16:05:03,678 INFO  client.GrpcClientProtocolClient (GrpcClientProtocolClient.java:onNext(254)) - client-7F7296B99608->ffc7b071-00b3-4a69-8de5-2639a1a8d8ac: receive RaftClientReply:client-7F7296B99608->ffc7b071-00b3-4a69-8de5-2639a1a8d8ac@group-6911E2D50CC5, cid=3103, SUCCESS, logIndex=5177, commits[ffc7b071-00b3-4a69-8de5-2639a1a8d8ac:c5179]
2019-06-12 16:05:03,678 INFO  client.GrpcClientProtocolClient (GrpcClientProtocolClient.java:onNext(254)) - client-7F7296B99608->ffc7b071-00b3-4a69-8de5-2639a1a8d8ac: receive RaftClientReply:client-7F7296B99608->ffc7b071-00b3-4a69-8de5-2639a1a8d8ac@group-6911E2D50CC5, cid=3104, SUCCESS, logIndex=5178, commits[ffc7b071-00b3-4a69-8de5-2639a1a8d8ac:c5179]
2019-06-12 16:05:03,680 DEBUG block.SCMBlockDeletingService (SCMBlockDeletingService.java:call(138)) - Running DeletedBlockTransactionScanner
2019-06-12 16:05:03,681 DEBUG block.SCMBlockDeletingService (SCMBlockDeletingService.java:call(155)) - Scanned deleted blocks log and got 0 delTX to process.
2019-06-12 16:05:03,688 INFO  client.GrpcClientProtocolClient (GrpcClientProtocolClient.java:onNext(254)) - client-7F7296B99608->ffc7b071-00b3-4a69-8de5-2639a1a8d8ac: receive RaftClientReply:client-7F7296B99608->ffc7b071-00b3-4a69-8de5-2639a1a8d8ac@group-6911E2D50CC5, cid=3105, SUCCESS, logIndex=5180, commits[ffc7b071-00b3-4a69-8de5-2639a1a8d8ac:c5180]
2019-06-12 16:05:03,689 INFO  client.GrpcClientProtocolClient (GrpcClientProtocolClient.java:onNext(254)) - client-7F7296B99608->ffc7b071-00b3-4a69-8de5-2639a1a8d8ac: receive RaftClientReply:client-7F7296B99608->ffc7b071-00b3-4a69-8de5-2639a1a8d8ac@group-6911E2D50CC5, cid=3106, SUCCESS, logIndex=5182, commits[ffc7b071-00b3-4a69-8de5-2639a1a8d8ac:c5182]
2019-06-12 16:05:03,690 INFO  client.GrpcClientProtocolClient (GrpcClientProtocolClient.java:onNext(254)) - client-7F7296B99608->ffc7b071-00b3-4a69-8de5-2639a1a8d8ac: receive RaftClientReply:client-7F7296B99608->ffc7b071-00b3-4a69-8de5-2639a1a8d8ac@group-6911E2D50CC5, cid=3107, SUCCESS, logIndex=5183, commits[ffc7b071-00b3-4a69-8de5-2639a1a8d8ac:c5185]
2019-06-12 16:05:03,690 INFO  client.GrpcClientProtocolClient (GrpcClientProtocolClient.java:onNext(254)) - client-7F7296B99608->ffc7b071-00b3-4a69-8de5-2639a1a8d8ac: receive RaftClientReply:client-7F7296B99608->ffc7b071-00b3-4a69-8de5-2639a1a8d8ac@group-6911E2D50CC5, cid=3108, SUCCESS, logIndex=5184, commits[ffc7b071-00b3-4a69-8de5-2639a1a8d8ac:c5185]
2019-06-12 16:05:03,695 INFO  client.GrpcClientProtocolClient (GrpcClientProtocolClient.java:onNext(254)) - client-7F7296B99608->ffc7b071-00b3-4a69-8de5-2639a1a8d8ac: receive RaftClientReply:client-7F7296B99608->ffc7b071-00b3-4a69-8de5-2639a1a8d8ac@group-6911E2D50CC5, cid=3109, SUCCESS, logIndex=5186, commits[ffc7b071-00b3-4a69-8de5-2639a1a8d8ac:c5186]
2019-06-12 16:05:03,696 INFO  client.GrpcClientProtocolClient (GrpcClientProtocolClient.java:onNext(254)) - client-7F7296B99608->ffc7b071-00b3-4a69-8de5-2639a1a8d8ac: receive RaftClientReply:client-7F7296B99608->ffc7b071-00b3-4a69-8de5-2639a1a8d8ac@group-6911E2D50CC5, cid=3110, SUCCESS, logIndex=5188, commits[ffc7b071-00b3-4a69-8de5-2639a1a8d8ac:c5188]
2019-06-12 16:05:03,697 INFO  client.GrpcClientProtocolClient (GrpcClientProtocolClient.java:onNext(254)) - client-7F7296B99608->ffc7b071-00b3-4a69-8de5-2639a1a8d8ac: receive RaftClientReply:client-7F7296B99608->ffc7b071-00b3-4a69-8de5-2639a1a8d8ac@group-6911E2D50CC5, cid=3111, SUCCESS, logIndex=5189, commits[ffc7b071-00b3-4a69-8de5-2639a1a8d8ac:c5191]
2019-06-12 16:05:03,697 INFO  client.GrpcClientProtocolClient (GrpcClientProtocolClient.java:onNext(254)) - client-7F7296B99608->ffc7b071-00b3-4a69-8de5-2639a1a8d8ac: receive RaftClientReply:client-7F7296B99608->ffc7b071-00b3-4a69-8de5-2639a1a8d8ac@group-6911E2D50CC5, cid=3112, SUCCESS, logIndex=5190, commits[ffc7b071-00b3-4a69-8de5-2639a1a8d8ac:c5191]
2019-06-12 16:05:03,707 INFO  client.GrpcClientProtocolClient (GrpcClientProtocolClient.java:onNext(254)) - client-7F7296B99608->ffc7b071-00b3-4a69-8de5-2639a1a8d8ac: receive RaftClientReply:client-7F7296B99608->ffc7b071-00b3-4a69-8de5-2639a1a8d8ac@group-6911E2D50CC5, cid=3113, SUCCESS, logIndex=5192, commits[ffc7b071-00b3-4a69-8de5-2639a1a8d8ac:c5192]
2019-06-12 16:05:03,714 INFO  client.GrpcClientProtocolClient (GrpcClientProtocolClient.java:onNext(254)) - client-7F7296B99608->ffc7b071-00b3-4a69-8de5-2639a1a8d8ac: receive RaftClientReply:client-7F7296B99608->ffc7b071-00b3-4a69-8de5-2639a1a8d8ac@group-6911E2D50CC5, cid=3114, SUCCESS, logIndex=5194, commits[ffc7b071-00b3-4a69-8de5-2639a1a8d8ac:c5194]
2019-06-12 16:05:03,718 INFO  client.GrpcClientProtocolClient (GrpcClientProtocolClient.java:onNext(254)) - client-7F7296B99608->ffc7b071-00b3-4a69-8de5-2639a1a8d8ac: receive RaftClientReply:client-7F7296B99608->ffc7b071-00b3-4a69-8de5-2639a1a8d8ac@group-6911E2D50CC5, cid=3115, SUCCESS, logIndex=5195, commits[ffc7b071-00b3-4a69-8de5-2639a1a8d8ac:c5197]
2019-06-12 16:05:03,718 INFO  client.GrpcClientProtocolClient (GrpcClientProtocolClient.java:onNext(254)) - client-7F7296B99608->ffc7b071-00b3-4a69-8de5-2639a1a8d8ac: receive RaftClientReply:client-7F7296B99608->ffc7b071-00b3-4a69-8de5-2639a1a8d8ac@group-6911E2D50CC5, cid=3116, SUCCESS, logIndex=5196, commits[ffc7b071-00b3-4a69-8de5-2639a1a8d8ac:c5197]
2019-06-12 16:05:03,725 INFO  client.GrpcClientProtocolClient (GrpcClientProtocolClient.java:onNext(254)) - client-7F7296B99608->ffc7b071-00b3-4a69-8de5-2639a1a8d8ac: receive RaftClientReply:client-7F7296B99608->ffc7b071-00b3-4a69-8de5-2639a1a8d8ac@group-6911E2D50CC5, cid=3117, SUCCESS, logIndex=5198, commits[ffc7b071-00b3-4a69-8de5-2639a1a8d8ac:c5198]
2019-06-12 16:05:03,726 INFO  client.GrpcClientProtocolClient (GrpcClientProtocolClient.java:onNext(254)) - client-7F7296B99608->ffc7b071-00b3-4a69-8de5-2639a1a8d8ac: receive RaftClientReply:client-7F7296B99608->ffc7b071-00b3-4a69-8de5-2639a1a8d8ac@group-6911E2D50CC5, cid=3118, SUCCESS, logIndex=5200, commits[ffc7b071-00b3-4a69-8de5-2639a1a8d8ac:c5200]
2019-06-12 16:05:03,727 INFO  client.GrpcClientProtocolClient (GrpcClientProtocolClient.java:onNext(254)) - client-7F7296B99608->ffc7b071-00b3-4a69-8de5-2639a1a8d8ac: receive RaftClientReply:client-7F7296B99608->ffc7b071-00b3-4a69-8de5-2639a1a8d8ac@group-6911E2D50CC5, cid=3119, SUCCESS, logIndex=5201, commits[ffc7b071-00b3-4a69-8de5-2639a1a8d8ac:c5203]
2019-06-12 16:05:03,727 INFO  client.GrpcClientProtocolClient (GrpcClientProtocolClient.java:onNext(254)) - client-7F7296B99608->ffc7b071-00b3-4a69-8de5-2639a1a8d8ac: receive RaftClientReply:client-7F7296B99608->ffc7b071-00b3-4a69-8de5-2639a1a8d8ac@group-6911E2D50CC5, cid=3120, SUCCESS, logIndex=5202, commits[ffc7b071-00b3-4a69-8de5-2639a1a8d8ac:c5203]
2019-06-12 16:05:03,998 DEBUG block.SCMBlockDeletingService (SCMBlockDeletingService.java:call(138)) - Running DeletedBlockTransactionScanner
2019-06-12 16:05:03,998 DEBUG block.SCMBlockDeletingService (SCMBlockDeletingService.java:call(155)) - Scanned deleted blocks log and got 0 delTX to process.
2019-06-12 16:05:04,003 INFO  client.GrpcClientProtocolClient (GrpcClientProtocolClient.java:onNext(254)) - client-7F7296B99608->ffc7b071-00b3-4a69-8de5-2639a1a8d8ac: receive RaftClientReply:client-7F7296B99608->ffc7b071-00b3-4a69-8de5-2639a1a8d8ac@group-6911E2D50CC5, cid=3121, SUCCESS, logIndex=5204, commits[ffc7b071-00b3-4a69-8de5-2639a1a8d8ac:c5204]
2019-06-12 16:05:04,011 INFO  client.GrpcClientProtocolClient (GrpcClientProtocolClient.java:onNext(254)) - client-7F7296B99608->ffc7b071-00b3-4a69-8de5-2639a1a8d8ac: receive RaftClientReply:client-7F7296B99608->ffc7b071-00b3-4a69-8de5-2639a1a8d8ac@group-6911E2D50CC5, cid=3122, SUCCESS, logIndex=5206, commits[ffc7b071-00b3-4a69-8de5-2639a1a8d8ac:c5206]
2019-06-12 16:05:04,011 INFO  client.GrpcClientProtocolClient (GrpcClientProtocolClient.java:onNext(254)) - client-7F7296B99608->ffc7b071-00b3-4a69-8de5-2639a1a8d8ac: receive RaftClientReply:client-7F7296B99608->ffc7b071-00b3-4a69-8de5-2639a1a8d8ac@group-6911E2D50CC5, cid=3123, SUCCESS, logIndex=5207, commits[ffc7b071-00b3-4a69-8de5-2639a1a8d8ac:c5209]
2019-06-12 16:05:04,014 INFO  client.GrpcClientProtocolClient (GrpcClientProtocolClient.java:onNext(254)) - client-7F7296B99608->ffc7b071-00b3-4a69-8de5-2639a1a8d8ac: receive RaftClientReply:client-7F7296B99608->ffc7b071-00b3-4a69-8de5-2639a1a8d8ac@group-6911E2D50CC5, cid=3124, SUCCESS, logIndex=5209, commits[ffc7b071-00b3-4a69-8de5-2639a1a8d8ac:c5210]
2019-06-12 16:05:04,020 INFO  client.GrpcClientProtocolClient (GrpcClientProtocolClient.java:onNext(254)) - client-7F7296B99608->ffc7b071-00b3-4a69-8de5-2639a1a8d8ac: receive RaftClientReply:client-7F7296B99608->ffc7b071-00b3-4a69-8de5-2639a1a8d8ac@group-6911E2D50CC5, cid=3125, SUCCESS, logIndex=5211, commits[ffc7b071-00b3-4a69-8de5-2639a1a8d8ac:c5211]
2019-06-12 16:05:04,022 INFO  client.GrpcClientProtocolClient (GrpcClientProtocolClient.java:onNext(254)) - client-7F7296B99608->ffc7b071-00b3-4a69-8de5-2639a1a8d8ac: receive RaftClientReply:client-7F7296B99608->ffc7b071-00b3-4a69-8de5-2639a1a8d8ac@group-6911E2D50CC5, cid=3126, SUCCESS, logIndex=5213, commits[ffc7b071-00b3-4a69-8de5-2639a1a8d8ac:c5213]
2019-06-12 16:05:04,023 INFO  client.GrpcClientProtocolClient (GrpcClientProtocolClient.java:onNext(254)) - client-7F7296B99608->ffc7b071-00b3-4a69-8de5-2639a1a8d8ac: receive RaftClientReply:client-7F7296B99608->ffc7b071-00b3-4a69-8de5-2639a1a8d8ac@group-6911E2D50CC5, cid=3127, SUCCESS, logIndex=5215, commits[ffc7b071-00b3-4a69-8de5-2639a1a8d8ac:c5215]
2019-06-12 16:05:04,023 INFO  client.GrpcClientProtocolClient (GrpcClientProtocolClient.java:onNext(254)) - client-7F7296B99608->ffc7b071-00b3-4a69-8de5-2639a1a8d8ac: receive RaftClientReply:client-7F7296B99608->ffc7b071-00b3-4a69-8de5-2639a1a8d8ac@group-6911E2D50CC5, cid=3128, SUCCESS, logIndex=5216, commits[ffc7b071-00b3-4a69-8de5-2639a1a8d8ac:c5216]
2019-06-12 16:05:04,033 INFO  client.GrpcClientProtocolClient (GrpcClientProtocolClient.java:onNext(254)) - client-7F7296B99608->ffc7b071-00b3-4a69-8de5-2639a1a8d8ac: receive RaftClientReply:client-7F7296B99608->ffc7b071-00b3-4a69-8de5-2639a1a8d8ac@group-6911E2D50CC5, cid=3129, SUCCESS, logIndex=5219, commits[ffc7b071-00b3-4a69-8de5-2639a1a8d8ac:c5219]
2019-06-12 16:05:04,034 INFO  client.GrpcClientProtocolClient (GrpcClientProtocolClient.java:onNext(254)) - client-7F7296B99608->ffc7b071-00b3-4a69-8de5-2639a1a8d8ac: receive RaftClientReply:client-7F7296B99608->ffc7b071-00b3-4a69-8de5-2639a1a8d8ac@group-6911E2D50CC5, cid=3130, SUCCESS, logIndex=5221, commits[ffc7b071-00b3-4a69-8de5-2639a1a8d8ac:c5221]
2019-06-12 16:05:04,035 INFO  client.GrpcClientProtocolClient (GrpcClientProtocolClient.java:onNext(254)) - client-7F7296B99608->ffc7b071-00b3-4a69-8de5-2639a1a8d8ac: receive RaftClientReply:client-7F7296B99608->ffc7b071-00b3-4a69-8de5-2639a1a8d8ac@group-6911E2D50CC5, cid=3131, SUCCESS, logIndex=5222, commits[ffc7b071-00b3-4a69-8de5-2639a1a8d8ac:c5224]
2019-06-12 16:05:04,036 INFO  client.GrpcClientProtocolClient (GrpcClientProtocolClient.java:onNext(254)) - client-7F7296B99608->ffc7b071-00b3-4a69-8de5-2639a1a8d8ac: receive RaftClientReply:client-7F7296B99608->ffc7b071-00b3-4a69-8de5-2639a1a8d8ac@group-6911E2D50CC5, cid=3132, SUCCESS, logIndex=5223, commits[ffc7b071-00b3-4a69-8de5-2639a1a8d8ac:c5224]
2019-06-12 16:05:04,044 INFO  client.GrpcClientProtocolClient (GrpcClientProtocolClient.java:onNext(254)) - client-7F7296B99608->ffc7b071-00b3-4a69-8de5-2639a1a8d8ac: receive RaftClientReply:client-7F7296B99608->ffc7b071-00b3-4a69-8de5-2639a1a8d8ac@group-6911E2D50CC5, cid=3133, SUCCESS, logIndex=5225, commits[ffc7b071-00b3-4a69-8de5-2639a1a8d8ac:c5226]
2019-06-12 16:05:04,047 INFO  storage.RaftLogWorker (RaftLogWorker.java:rollLogSegment(303)) - ffc7b071-00b3-4a69-8de5-2639a1a8d8ac-RaftLogWorker: Rolling segment log-5161_5229 to index:5229
2019-06-12 16:05:04,048 INFO  storage.RaftLogWorker (RaftLogWorker.java:execute(433)) - ffc7b071-00b3-4a69-8de5-2639a1a8d8ac-RaftLogWorker: Rolled log segment from /opt/src/hadoop-ozone/integration-test/target/test-dir/MiniOzoneClusterImpl-a1c7246e-c692-4524-ad55-32b507b20431/datanode-0/data/ratis/4417d833-4fb6-4fa2-9413-6911e2d50cc5/current/log_inprogress_5161 to /opt/src/hadoop-ozone/integration-test/target/test-dir/MiniOzoneClusterImpl-a1c7246e-c692-4524-ad55-32b507b20431/datanode-0/data/ratis/4417d833-4fb6-4fa2-9413-6911e2d50cc5/current/log_5161-5229
2019-06-12 16:05:04,050 INFO  client.GrpcClientProtocolClient (GrpcClientProtocolClient.java:onNext(254)) - client-7F7296B99608->ffc7b071-00b3-4a69-8de5-2639a1a8d8ac: receive RaftClientReply:client-7F7296B99608->ffc7b071-00b3-4a69-8de5-2639a1a8d8ac@group-6911E2D50CC5, cid=3134, SUCCESS, logIndex=5227, commits[ffc7b071-00b3-4a69-8de5-2639a1a8d8ac:c5227]
2019-06-12 16:05:04,050 INFO  client.GrpcClientProtocolClient (GrpcClientProtocolClient.java:onNext(254)) - client-7F7296B99608->ffc7b071-00b3-4a69-8de5-2639a1a8d8ac: receive RaftClientReply:client-7F7296B99608->ffc7b071-00b3-4a69-8de5-2639a1a8d8ac@group-6911E2D50CC5, cid=3135, SUCCESS, logIndex=5229, commits[ffc7b071-00b3-4a69-8de5-2639a1a8d8ac:c5229]
2019-06-12 16:05:04,084 INFO  storage.RaftLogWorker (RaftLogWorker.java:execute(469)) - ffc7b071-00b3-4a69-8de5-2639a1a8d8ac-RaftLogWorker: created new log segment /opt/src/hadoop-ozone/integration-test/target/test-dir/MiniOzoneClusterImpl-a1c7246e-c692-4524-ad55-32b507b20431/datanode-0/data/ratis/4417d833-4fb6-4fa2-9413-6911e2d50cc5/current/log_inprogress_5230
2019-06-12 16:05:04,086 INFO  client.GrpcClientProtocolClient (GrpcClientProtocolClient.java:onNext(254)) - client-7F7296B99608->ffc7b071-00b3-4a69-8de5-2639a1a8d8ac: receive RaftClientReply:client-7F7296B99608->ffc7b071-00b3-4a69-8de5-2639a1a8d8ac@group-6911E2D50CC5, cid=3136, SUCCESS, logIndex=5230, commits[ffc7b071-00b3-4a69-8de5-2639a1a8d8ac:c5231]
2019-06-12 16:05:04,098 INFO  client.GrpcClientProtocolClient (GrpcClientProtocolClient.java:onNext(254)) - client-7F7296B99608->ffc7b071-00b3-4a69-8de5-2639a1a8d8ac: receive RaftClientReply:client-7F7296B99608->ffc7b071-00b3-4a69-8de5-2639a1a8d8ac@group-6911E2D50CC5, cid=3137, SUCCESS, logIndex=5232, commits[ffc7b071-00b3-4a69-8de5-2639a1a8d8ac:c5232]
2019-06-12 16:05:04,099 DEBUG block.SCMBlockDeletingService (SCMBlockDeletingService.java:call(138)) - Running DeletedBlockTransactionScanner
2019-06-12 16:05:04,099 DEBUG block.SCMBlockDeletingService (SCMBlockDeletingService.java:call(155)) - Scanned deleted blocks log and got 0 delTX to process.
2019-06-12 16:05:04,103 INFO  client.GrpcClientProtocolClient (GrpcClientProtocolClient.java:onNext(254)) - client-7F7296B99608->ffc7b071-00b3-4a69-8de5-2639a1a8d8ac: receive RaftClientReply:client-7F7296B99608->ffc7b071-00b3-4a69-8de5-2639a1a8d8ac@group-6911E2D50CC5, cid=3138, SUCCESS, logIndex=5234, commits[ffc7b071-00b3-4a69-8de5-2639a1a8d8ac:c5234]
2019-06-12 16:05:04,165 INFO  client.GrpcClientProtocolClient (GrpcClientProtocolClient.java:onNext(254)) - client-7F7296B99608->ffc7b071-00b3-4a69-8de5-2639a1a8d8ac: receive RaftClientReply:client-7F7296B99608->ffc7b071-00b3-4a69-8de5-2639a1a8d8ac@group-6911E2D50CC5, cid=3139, SUCCESS, logIndex=5236, commits[ffc7b071-00b3-4a69-8de5-2639a1a8d8ac:c5236]
2019-06-12 16:05:04,166 INFO  client.GrpcClientProtocolClient (GrpcClientProtocolClient.java:onNext(254)) - client-7F7296B99608->ffc7b071-00b3-4a69-8de5-2639a1a8d8ac: receive RaftClientReply:client-7F7296B99608->ffc7b071-00b3-4a69-8de5-2639a1a8d8ac@group-6911E2D50CC5, cid=3140, SUCCESS, logIndex=5238, commits[ffc7b071-00b3-4a69-8de5-2639a1a8d8ac:c5238]
2019-06-12 16:05:04,171 INFO  client.GrpcClientProtocolClient (GrpcClientProtocolClient.java:onNext(254)) - client-7F7296B99608->ffc7b071-00b3-4a69-8de5-2639a1a8d8ac: receive RaftClientReply:client-7F7296B99608->ffc7b071-00b3-4a69-8de5-2639a1a8d8ac@group-6911E2D50CC5, cid=3141, SUCCESS, logIndex=5240, commits[ffc7b071-00b3-4a69-8de5-2639a1a8d8ac:c5240]
2019-06-12 16:05:04,173 INFO  client.GrpcClientProtocolClient (GrpcClientProtocolClient.java:onNext(254)) - client-7F7296B99608->ffc7b071-00b3-4a69-8de5-2639a1a8d8ac: receive RaftClientReply:client-7F7296B99608->ffc7b071-00b3-4a69-8de5-2639a1a8d8ac@group-6911E2D50CC5, cid=3142, SUCCESS, logIndex=5242, commits[ffc7b071-00b3-4a69-8de5-2639a1a8d8ac:c5242]
2019-06-12 16:05:04,174 INFO  client.GrpcClientProtocolClient (GrpcClientProtocolClient.java:onNext(254)) - client-7F7296B99608->ffc7b071-00b3-4a69-8de5-2639a1a8d8ac: receive RaftClientReply:client-7F7296B99608->ffc7b071-00b3-4a69-8de5-2639a1a8d8ac@group-6911E2D50CC5, cid=3143, SUCCESS, logIndex=5243, commits[ffc7b071-00b3-4a69-8de5-2639a1a8d8ac:c5244]
2019-06-12 16:05:04,174 INFO  client.GrpcClientProtocolClient (GrpcClientProtocolClient.java:onNext(254)) - client-7F7296B99608->ffc7b071-00b3-4a69-8de5-2639a1a8d8ac: receive RaftClientReply:client-7F7296B99608->ffc7b071-00b3-4a69-8de5-2639a1a8d8ac@group-6911E2D50CC5, cid=3144, SUCCESS, logIndex=5245, commits[ffc7b071-00b3-4a69-8de5-2639a1a8d8ac:c5245]
2019-06-12 16:05:04,183 INFO  client.GrpcClientProtocolClient (GrpcClientProtocolClient.java:onNext(254)) - client-7F7296B99608->ffc7b071-00b3-4a69-8de5-2639a1a8d8ac: receive RaftClientReply:client-7F7296B99608->ffc7b071-00b3-4a69-8de5-2639a1a8d8ac@group-6911E2D50CC5, cid=3145, SUCCESS, logIndex=5247, commits[ffc7b071-00b3-4a69-8de5-2639a1a8d8ac:c5247]
2019-06-12 16:05:04,185 INFO  client.GrpcClientProtocolClient (GrpcClientProtocolClient.java:onNext(254)) - client-7F7296B99608->ffc7b071-00b3-4a69-8de5-2639a1a8d8ac: receive RaftClientReply:client-7F7296B99608->ffc7b071-00b3-4a69-8de5-2639a1a8d8ac@group-6911E2D50CC5, cid=3146, SUCCESS, logIndex=5249, commits[ffc7b071-00b3-4a69-8de5-2639a1a8d8ac:c5249]
2019-06-12 16:05:04,185 INFO  client.GrpcClientProtocolClient (GrpcClientProtocolClient.java:onNext(254)) - client-7F7296B99608->ffc7b071-00b3-4a69-8de5-2639a1a8d8ac: receive RaftClientReply:client-7F7296B99608->ffc7b071-00b3-4a69-8de5-2639a1a8d8ac@group-6911E2D50CC5, cid=3147, SUCCESS, logIndex=5250, commits[ffc7b071-00b3-4a69-8de5-2639a1a8d8ac:c5252]
2019-06-12 16:05:04,186 INFO  client.GrpcClientProtocolClient (GrpcClientProtocolClient.java:onNext(254)) - client-7F7296B99608->ffc7b071-00b3-4a69-8de5-2639a1a8d8ac: receive RaftClientReply:client-7F7296B99608->ffc7b071-00b3-4a69-8de5-2639a1a8d8ac@group-6911E2D50CC5, cid=3148, SUCCESS, logIndex=5251, commits[ffc7b071-00b3-4a69-8de5-2639a1a8d8ac:c5252]
2019-06-12 16:05:04,190 INFO  client.GrpcClientProtocolClient (GrpcClientProtocolClient.java:onNext(254)) - client-7F7296B99608->ffc7b071-00b3-4a69-8de5-2639a1a8d8ac: receive RaftClientReply:client-7F7296B99608->ffc7b071-00b3-4a69-8de5-2639a1a8d8ac@group-6911E2D50CC5, cid=3149, SUCCESS, logIndex=5253, commits[ffc7b071-00b3-4a69-8de5-2639a1a8d8ac:c5253]
2019-06-12 16:05:04,192 INFO  client.GrpcClientProtocolClient (GrpcClientProtocolClient.java:onNext(254)) - client-7F7296B99608->ffc7b071-00b3-4a69-8de5-2639a1a8d8ac: receive RaftClientReply:client-7F7296B99608->ffc7b071-00b3-4a69-8de5-2639a1a8d8ac@group-6911E2D50CC5, cid=3150, SUCCESS, logIndex=5255, commits[ffc7b071-00b3-4a69-8de5-2639a1a8d8ac:c5255]
2019-06-12 16:05:04,193 INFO  client.GrpcClientProtocolClient (GrpcClientProtocolClient.java:onNext(254)) - client-7F7296B99608->ffc7b071-00b3-4a69-8de5-2639a1a8d8ac: receive RaftClientReply:client-7F7296B99608->ffc7b071-00b3-4a69-8de5-2639a1a8d8ac@group-6911E2D50CC5, cid=3151, SUCCESS, logIndex=5256, commits[ffc7b071-00b3-4a69-8de5-2639a1a8d8ac:c5258]
2019-06-12 16:05:04,194 INFO  client.GrpcClientProtocolClient (GrpcClientProtocolClient.java:onNext(254)) - client-7F7296B99608->ffc7b071-00b3-4a69-8de5-2639a1a8d8ac: receive RaftClientReply:client-7F7296B99608->ffc7b071-00b3-4a69-8de5-2639a1a8d8ac@group-6911E2D50CC5, cid=3152, SUCCESS, logIndex=5257, commits[ffc7b071-00b3-4a69-8de5-2639a1a8d8ac:c5258]
2019-06-12 16:05:04,199 DEBUG block.SCMBlockDeletingService (SCMBlockDeletingService.java:call(138)) - Running DeletedBlockTransactionScanner
2019-06-12 16:05:04,199 DEBUG block.SCMBlockDeletingService (SCMBlockDeletingService.java:call(155)) - Scanned deleted blocks log and got 0 delTX to process.
2019-06-12 16:05:04,207 INFO  client.GrpcClientProtocolClient (GrpcClientProtocolClient.java:onNext(254)) - client-7F7296B99608->ffc7b071-00b3-4a69-8de5-2639a1a8d8ac: receive RaftClientReply:client-7F7296B99608->ffc7b071-00b3-4a69-8de5-2639a1a8d8ac@group-6911E2D50CC5, cid=3153, SUCCESS, logIndex=5259, commits[ffc7b071-00b3-4a69-8de5-2639a1a8d8ac:c5259]
2019-06-12 16:05:04,213 INFO  client.GrpcClientProtocolClient (GrpcClientProtocolClient.java:onNext(254)) - client-7F7296B99608->ffc7b071-00b3-4a69-8de5-2639a1a8d8ac: receive RaftClientReply:client-7F7296B99608->ffc7b071-00b3-4a69-8de5-2639a1a8d8ac@group-6911E2D50CC5, cid=3154, SUCCESS, logIndex=5261, commits[ffc7b071-00b3-4a69-8de5-2639a1a8d8ac:c5261]
2019-06-12 16:05:04,214 INFO  client.GrpcClientProtocolClient (GrpcClientProtocolClient.java:onNext(254)) - client-7F7296B99608->ffc7b071-00b3-4a69-8de5-2639a1a8d8ac: receive RaftClientReply:client-7F7296B99608->ffc7b071-00b3-4a69-8de5-2639a1a8d8ac@group-6911E2D50CC5, cid=3155, SUCCESS, logIndex=5262, commits[ffc7b071-00b3-4a69-8de5-2639a1a8d8ac:c5264]
2019-06-12 16:05:04,216 INFO  client.GrpcClientProtocolClient (GrpcClientProtocolClient.java:onNext(254)) - client-7F7296B99608->ffc7b071-00b3-4a69-8de5-2639a1a8d8ac: receive RaftClientReply:client-7F7296B99608->ffc7b071-00b3-4a69-8de5-2639a1a8d8ac@group-6911E2D50CC5, cid=3156, SUCCESS, logIndex=5263, commits[ffc7b071-00b3-4a69-8de5-2639a1a8d8ac:c5264]
2019-06-12 16:05:04,221 INFO  client.GrpcClientProtocolClient (GrpcClientProtocolClient.java:onNext(254)) - client-7F7296B99608->ffc7b071-00b3-4a69-8de5-2639a1a8d8ac: receive RaftClientReply:client-7F7296B99608->ffc7b071-00b3-4a69-8de5-2639a1a8d8ac@group-6911E2D50CC5, cid=3157, SUCCESS, logIndex=5265, commits[ffc7b071-00b3-4a69-8de5-2639a1a8d8ac:c5265]
2019-06-12 16:05:04,222 INFO  client.GrpcClientProtocolClient (GrpcClientProtocolClient.java:onNext(254)) - client-7F7296B99608->ffc7b071-00b3-4a69-8de5-2639a1a8d8ac: receive RaftClientReply:client-7F7296B99608->ffc7b071-00b3-4a69-8de5-2639a1a8d8ac@group-6911E2D50CC5, cid=3158, SUCCESS, logIndex=5267, commits[ffc7b071-00b3-4a69-8de5-2639a1a8d8ac:c5267]
2019-06-12 16:05:04,223 INFO  client.GrpcClientProtocolClient (GrpcClientProtocolClient.java:onNext(254)) - client-7F7296B99608->ffc7b071-00b3-4a69-8de5-2639a1a8d8ac: receive RaftClientReply:client-7F7296B99608->ffc7b071-00b3-4a69-8de5-2639a1a8d8ac@group-6911E2D50CC5, cid=3159, SUCCESS, logIndex=5268, commits[ffc7b071-00b3-4a69-8de5-2639a1a8d8ac:c5268]
2019-06-12 16:05:04,223 INFO  client.GrpcClientProtocolClient (GrpcClientProtocolClient.java:onNext(254)) - client-7F7296B99608->ffc7b071-00b3-4a69-8de5-2639a1a8d8ac: receive RaftClientReply:client-7F7296B99608->ffc7b071-00b3-4a69-8de5-2639a1a8d8ac@group-6911E2D50CC5, cid=3160, SUCCESS, logIndex=5269, commits[ffc7b071-00b3-4a69-8de5-2639a1a8d8ac:c5270]
2019-06-12 16:05:04,235 INFO  client.GrpcClientProtocolClient (GrpcClientProtocolClient.java:onNext(254)) - client-7F7296B99608->ffc7b071-00b3-4a69-8de5-2639a1a8d8ac: receive RaftClientReply:client-7F7296B99608->ffc7b071-00b3-4a69-8de5-2639a1a8d8ac@group-6911E2D50CC5, cid=3161, SUCCESS, logIndex=5272, commits[ffc7b071-00b3-4a69-8de5-2639a1a8d8ac:c5272]
2019-06-12 16:05:04,236 INFO  client.GrpcClientProtocolClient (GrpcClientProtocolClient.java:onNext(254)) - client-7F7296B99608->ffc7b071-00b3-4a69-8de5-2639a1a8d8ac: receive RaftClientReply:client-7F7296B99608->ffc7b071-00b3-4a69-8de5-2639a1a8d8ac@group-6911E2D50CC5, cid=3162, SUCCESS, logIndex=5274, commits[ffc7b071-00b3-4a69-8de5-2639a1a8d8ac:c5274]
2019-06-12 16:05:04,239 INFO  client.GrpcClientProtocolClient (GrpcClientProtocolClient.java:onNext(254)) - client-7F7296B99608->ffc7b071-00b3-4a69-8de5-2639a1a8d8ac: receive RaftClientReply:client-7F7296B99608->ffc7b071-00b3-4a69-8de5-2639a1a8d8ac@group-6911E2D50CC5, cid=3163, SUCCESS, logIndex=5276, commits[ffc7b071-00b3-4a69-8de5-2639a1a8d8ac:c5277]
2019-06-12 16:05:04,239 INFO  client.GrpcClientProtocolClient (GrpcClientProtocolClient.java:onNext(254)) - client-7F7296B99608->ffc7b071-00b3-4a69-8de5-2639a1a8d8ac: receive RaftClientReply:client-7F7296B99608->ffc7b071-00b3-4a69-8de5-2639a1a8d8ac@group-6911E2D50CC5, cid=3164, SUCCESS, logIndex=5277, commits[ffc7b071-00b3-4a69-8de5-2639a1a8d8ac:c5277]
2019-06-12 16:05:04,244 INFO  client.GrpcClientProtocolClient (GrpcClientProtocolClient.java:onNext(254)) - client-7F7296B99608->ffc7b071-00b3-4a69-8de5-2639a1a8d8ac: receive RaftClientReply:client-7F7296B99608->ffc7b071-00b3-4a69-8de5-2639a1a8d8ac@group-6911E2D50CC5, cid=3165, SUCCESS, logIndex=5279, commits[ffc7b071-00b3-4a69-8de5-2639a1a8d8ac:c5279]
2019-06-12 16:05:04,245 INFO  client.GrpcClientProtocolClient (GrpcClientProtocolClient.java:onNext(254)) - client-7F7296B99608->ffc7b071-00b3-4a69-8de5-2639a1a8d8ac: receive RaftClientReply:client-7F7296B99608->ffc7b071-00b3-4a69-8de5-2639a1a8d8ac@group-6911E2D50CC5, cid=3166, SUCCESS, logIndex=5281, commits[ffc7b071-00b3-4a69-8de5-2639a1a8d8ac:c5281]
2019-06-12 16:05:04,246 INFO  client.GrpcClientProtocolClient (GrpcClientProtocolClient.java:onNext(254)) - client-7F7296B99608->ffc7b071-00b3-4a69-8de5-2639a1a8d8ac: receive RaftClientReply:client-7F7296B99608->ffc7b071-00b3-4a69-8de5-2639a1a8d8ac@group-6911E2D50CC5, cid=3167, SUCCESS, logIndex=5282, commits[ffc7b071-00b3-4a69-8de5-2639a1a8d8ac:c5284]
2019-06-12 16:05:04,247 INFO  client.GrpcClientProtocolClient (GrpcClientProtocolClient.java:onNext(254)) - client-7F7296B99608->ffc7b071-00b3-4a69-8de5-2639a1a8d8ac: receive RaftClientReply:client-7F7296B99608->ffc7b071-00b3-4a69-8de5-2639a1a8d8ac@group-6911E2D50CC5, cid=3168, SUCCESS, logIndex=5283, commits[ffc7b071-00b3-4a69-8de5-2639a1a8d8ac:c5284]
2019-06-12 16:05:04,256 INFO  client.GrpcClientProtocolClient (GrpcClientProtocolClient.java:onNext(254)) - client-7F7296B99608->ffc7b071-00b3-4a69-8de5-2639a1a8d8ac: receive RaftClientReply:client-7F7296B99608->ffc7b071-00b3-4a69-8de5-2639a1a8d8ac@group-6911E2D50CC5, cid=3169, SUCCESS, logIndex=5285, commits[ffc7b071-00b3-4a69-8de5-2639a1a8d8ac:c5285]
2019-06-12 16:05:04,257 INFO  client.GrpcClientProtocolClient (GrpcClientProtocolClient.java:onNext(254)) - client-7F7296B99608->ffc7b071-00b3-4a69-8de5-2639a1a8d8ac: receive RaftClientReply:client-7F7296B99608->ffc7b071-00b3-4a69-8de5-2639a1a8d8ac@group-6911E2D50CC5, cid=3170, SUCCESS, logIndex=5287, commits[ffc7b071-00b3-4a69-8de5-2639a1a8d8ac:c5287]
2019-06-12 16:05:04,258 INFO  client.GrpcClientProtocolClient (GrpcClientProtocolClient.java:onNext(254)) - client-7F7296B99608->ffc7b071-00b3-4a69-8de5-2639a1a8d8ac: receive RaftClientReply:client-7F7296B99608->ffc7b071-00b3-4a69-8de5-2639a1a8d8ac@group-6911E2D50CC5, cid=3171, SUCCESS, logIndex=5288, commits[ffc7b071-00b3-4a69-8de5-2639a1a8d8ac:c5290]
2019-06-12 16:05:04,258 INFO  client.GrpcClientProtocolClient (GrpcClientProtocolClient.java:onNext(254)) - client-7F7296B99608->ffc7b071-00b3-4a69-8de5-2639a1a8d8ac: receive RaftClientReply:client-7F7296B99608->ffc7b071-00b3-4a69-8de5-2639a1a8d8ac@group-6911E2D50CC5, cid=3172, SUCCESS, logIndex=5289, commits[ffc7b071-00b3-4a69-8de5-2639a1a8d8ac:c5290]
2019-06-12 16:05:04,263 INFO  client.GrpcClientProtocolClient (GrpcClientProtocolClient.java:onNext(254)) - client-7F7296B99608->ffc7b071-00b3-4a69-8de5-2639a1a8d8ac: receive RaftClientReply:client-7F7296B99608->ffc7b071-00b3-4a69-8de5-2639a1a8d8ac@group-6911E2D50CC5, cid=3173, SUCCESS, logIndex=5291, commits[ffc7b071-00b3-4a69-8de5-2639a1a8d8ac:c5291]
2019-06-12 16:05:04,264 INFO  client.GrpcClientProtocolClient (GrpcClientProtocolClient.java:onNext(254)) - client-7F7296B99608->ffc7b071-00b3-4a69-8de5-2639a1a8d8ac: receive RaftClientReply:client-7F7296B99608->ffc7b071-00b3-4a69-8de5-2639a1a8d8ac@group-6911E2D50CC5, cid=3174, SUCCESS, logIndex=5293, commits[ffc7b071-00b3-4a69-8de5-2639a1a8d8ac:c5293]
2019-06-12 16:05:04,266 INFO  client.GrpcClientProtocolClient (GrpcClientProtocolClient.java:onNext(254)) - client-7F7296B99608->ffc7b071-00b3-4a69-8de5-2639a1a8d8ac: receive RaftClientReply:client-7F7296B99608->ffc7b071-00b3-4a69-8de5-2639a1a8d8ac@group-6911E2D50CC5, cid=3175, SUCCESS, logIndex=5294, commits[ffc7b071-00b3-4a69-8de5-2639a1a8d8ac:c5296]
2019-06-12 16:05:04,267 INFO  client.GrpcClientProtocolClient (GrpcClientProtocolClient.java:onNext(254)) - client-7F7296B99608->ffc7b071-00b3-4a69-8de5-2639a1a8d8ac: receive RaftClientReply:client-7F7296B99608->ffc7b071-00b3-4a69-8de5-2639a1a8d8ac@group-6911E2D50CC5, cid=3176, SUCCESS, logIndex=5295, commits[ffc7b071-00b3-4a69-8de5-2639a1a8d8ac:c5296]
2019-06-12 16:05:04,276 INFO  client.GrpcClientProtocolClient (GrpcClientProtocolClient.java:onNext(254)) - client-7F7296B99608->ffc7b071-00b3-4a69-8de5-2639a1a8d8ac: receive RaftClientReply:client-7F7296B99608->ffc7b071-00b3-4a69-8de5-2639a1a8d8ac@group-6911E2D50CC5, cid=3177, SUCCESS, logIndex=5297, commits[ffc7b071-00b3-4a69-8de5-2639a1a8d8ac:c5297]
2019-06-12 16:05:04,276 INFO  storage.RaftLogWorker (RaftLogWorker.java:rollLogSegment(303)) - ffc7b071-00b3-4a69-8de5-2639a1a8d8ac-RaftLogWorker: Rolling segment log-5230_5299 to index:5299
2019-06-12 16:05:04,277 INFO  storage.RaftLogWorker (RaftLogWorker.java:execute(433)) - ffc7b071-00b3-4a69-8de5-2639a1a8d8ac-RaftLogWorker: Rolled log segment from /opt/src/hadoop-ozone/integration-test/target/test-dir/MiniOzoneClusterImpl-a1c7246e-c692-4524-ad55-32b507b20431/datanode-0/data/ratis/4417d833-4fb6-4fa2-9413-6911e2d50cc5/current/log_inprogress_5230 to /opt/src/hadoop-ozone/integration-test/target/test-dir/MiniOzoneClusterImpl-a1c7246e-c692-4524-ad55-32b507b20431/datanode-0/data/ratis/4417d833-4fb6-4fa2-9413-6911e2d50cc5/current/log_5230-5299
2019-06-12 16:05:04,278 INFO  client.GrpcClientProtocolClient (GrpcClientProtocolClient.java:onNext(254)) - client-7F7296B99608->ffc7b071-00b3-4a69-8de5-2639a1a8d8ac: receive RaftClientReply:client-7F7296B99608->ffc7b071-00b3-4a69-8de5-2639a1a8d8ac@group-6911E2D50CC5, cid=3178, SUCCESS, logIndex=5299, commits[ffc7b071-00b3-4a69-8de5-2639a1a8d8ac:c5299]
2019-06-12 16:05:04,299 DEBUG block.SCMBlockDeletingService (SCMBlockDeletingService.java:call(138)) - Running DeletedBlockTransactionScanner
2019-06-12 16:05:04,299 DEBUG block.SCMBlockDeletingService (SCMBlockDeletingService.java:call(155)) - Scanned deleted blocks log and got 0 delTX to process.
2019-06-12 16:05:04,312 INFO  storage.RaftLogWorker (RaftLogWorker.java:execute(469)) - ffc7b071-00b3-4a69-8de5-2639a1a8d8ac-RaftLogWorker: created new log segment /opt/src/hadoop-ozone/integration-test/target/test-dir/MiniOzoneClusterImpl-a1c7246e-c692-4524-ad55-32b507b20431/datanode-0/data/ratis/4417d833-4fb6-4fa2-9413-6911e2d50cc5/current/log_inprogress_5300
2019-06-12 16:05:04,313 INFO  client.GrpcClientProtocolClient (GrpcClientProtocolClient.java:onNext(254)) - client-7F7296B99608->ffc7b071-00b3-4a69-8de5-2639a1a8d8ac: receive RaftClientReply:client-7F7296B99608->ffc7b071-00b3-4a69-8de5-2639a1a8d8ac@group-6911E2D50CC5, cid=3179, SUCCESS, logIndex=5300, commits[ffc7b071-00b3-4a69-8de5-2639a1a8d8ac:c5302]
2019-06-12 16:05:04,314 INFO  client.GrpcClientProtocolClient (GrpcClientProtocolClient.java:onNext(254)) - client-7F7296B99608->ffc7b071-00b3-4a69-8de5-2639a1a8d8ac: receive RaftClientReply:client-7F7296B99608->ffc7b071-00b3-4a69-8de5-2639a1a8d8ac@group-6911E2D50CC5, cid=3180, SUCCESS, logIndex=5302, commits[ffc7b071-00b3-4a69-8de5-2639a1a8d8ac:c5303]
2019-06-12 16:05:04,319 INFO  client.GrpcClientProtocolClient (GrpcClientProtocolClient.java:onNext(254)) - client-7F7296B99608->ffc7b071-00b3-4a69-8de5-2639a1a8d8ac: receive RaftClientReply:client-7F7296B99608->ffc7b071-00b3-4a69-8de5-2639a1a8d8ac@group-6911E2D50CC5, cid=3181, SUCCESS, logIndex=5304, commits[ffc7b071-00b3-4a69-8de5-2639a1a8d8ac:c5304]
2019-06-12 16:05:04,320 INFO  client.GrpcClientProtocolClient (GrpcClientProtocolClient.java:onNext(254)) - client-7F7296B99608->ffc7b071-00b3-4a69-8de5-2639a1a8d8ac: receive RaftClientReply:client-7F7296B99608->ffc7b071-00b3-4a69-8de5-2639a1a8d8ac@group-6911E2D50CC5, cid=3182, SUCCESS, logIndex=5306, commits[ffc7b071-00b3-4a69-8de5-2639a1a8d8ac:c5306]
2019-06-12 16:05:04,386 INFO  client.GrpcClientProtocolClient (GrpcClientProtocolClient.java:onNext(254)) - client-7F7296B99608->ffc7b071-00b3-4a69-8de5-2639a1a8d8ac: receive RaftClientReply:client-7F7296B99608->ffc7b071-00b3-4a69-8de5-2639a1a8d8ac@group-6911E2D50CC5, cid=3183, SUCCESS, logIndex=5308, commits[ffc7b071-00b3-4a69-8de5-2639a1a8d8ac:c5308]
2019-06-12 16:05:04,388 INFO  client.GrpcClientProtocolClient (GrpcClientProtocolClient.java:onNext(254)) - client-7F7296B99608->ffc7b071-00b3-4a69-8de5-2639a1a8d8ac: receive RaftClientReply:client-7F7296B99608->ffc7b071-00b3-4a69-8de5-2639a1a8d8ac@group-6911E2D50CC5, cid=3184, SUCCESS, logIndex=5310, commits[ffc7b071-00b3-4a69-8de5-2639a1a8d8ac:c5310]
2019-06-12 16:05:04,398 INFO  client.GrpcClientProtocolClient (GrpcClientProtocolClient.java:onNext(254)) - client-7F7296B99608->ffc7b071-00b3-4a69-8de5-2639a1a8d8ac: receive RaftClientReply:client-7F7296B99608->ffc7b071-00b3-4a69-8de5-2639a1a8d8ac@group-6911E2D50CC5, cid=3185, SUCCESS, logIndex=5312, commits[ffc7b071-00b3-4a69-8de5-2639a1a8d8ac:c5312]
2019-06-12 16:05:04,400 DEBUG block.SCMBlockDeletingService (SCMBlockDeletingService.java:call(138)) - Running DeletedBlockTransactionScanner
2019-06-12 16:05:04,400 DEBUG block.SCMBlockDeletingService (SCMBlockDeletingService.java:call(155)) - Scanned deleted blocks log and got 0 delTX to process.
2019-06-12 16:05:04,402 INFO  client.GrpcClientProtocolClient (GrpcClientProtocolClient.java:onNext(254)) - client-7F7296B99608->ffc7b071-00b3-4a69-8de5-2639a1a8d8ac: receive RaftClientReply:client-7F7296B99608->ffc7b071-00b3-4a69-8de5-2639a1a8d8ac@group-6911E2D50CC5, cid=3186, SUCCESS, logIndex=5314, commits[ffc7b071-00b3-4a69-8de5-2639a1a8d8ac:c5314]
2019-06-12 16:05:04,402 INFO  client.GrpcClientProtocolClient (GrpcClientProtocolClient.java:onNext(254)) - client-7F7296B99608->ffc7b071-00b3-4a69-8de5-2639a1a8d8ac: receive RaftClientReply:client-7F7296B99608->ffc7b071-00b3-4a69-8de5-2639a1a8d8ac@group-6911E2D50CC5, cid=3187, SUCCESS, logIndex=5315, commits[ffc7b071-00b3-4a69-8de5-2639a1a8d8ac:c5317]
2019-06-12 16:05:04,402 INFO  client.GrpcClientProtocolClient (GrpcClientProtocolClient.java:onNext(254)) - client-7F7296B99608->ffc7b071-00b3-4a69-8de5-2639a1a8d8ac: receive RaftClientReply:client-7F7296B99608->ffc7b071-00b3-4a69-8de5-2639a1a8d8ac@group-6911E2D50CC5, cid=3188, SUCCESS, logIndex=5316, commits[ffc7b071-00b3-4a69-8de5-2639a1a8d8ac:c5317]
2019-06-12 16:05:04,407 INFO  client.GrpcClientProtocolClient (GrpcClientProtocolClient.java:onNext(254)) - client-7F7296B99608->ffc7b071-00b3-4a69-8de5-2639a1a8d8ac: receive RaftClientReply:client-7F7296B99608->ffc7b071-00b3-4a69-8de5-2639a1a8d8ac@group-6911E2D50CC5, cid=3189, SUCCESS, logIndex=5318, commits[ffc7b071-00b3-4a69-8de5-2639a1a8d8ac:c5318]
2019-06-12 16:05:04,408 INFO  client.GrpcClientProtocolClient (GrpcClientProtocolClient.java:onNext(254)) - client-7F7296B99608->ffc7b071-00b3-4a69-8de5-2639a1a8d8ac: receive RaftClientReply:client-7F7296B99608->ffc7b071-00b3-4a69-8de5-2639a1a8d8ac@group-6911E2D50CC5, cid=3190, SUCCESS, logIndex=5320, commits[ffc7b071-00b3-4a69-8de5-2639a1a8d8ac:c5320]
2019-06-12 16:05:04,409 INFO  client.GrpcClientProtocolClient (GrpcClientProtocolClient.java:onNext(254)) - client-7F7296B99608->ffc7b071-00b3-4a69-8de5-2639a1a8d8ac: receive RaftClientReply:client-7F7296B99608->ffc7b071-00b3-4a69-8de5-2639a1a8d8ac@group-6911E2D50CC5, cid=3191, SUCCESS, logIndex=5321, commits[ffc7b071-00b3-4a69-8de5-2639a1a8d8ac:c5323]
2019-06-12 16:05:04,409 INFO  client.GrpcClientProtocolClient (GrpcClientProtocolClient.java:onNext(254)) - client-7F7296B99608->ffc7b071-00b3-4a69-8de5-2639a1a8d8ac: receive RaftClientReply:client-7F7296B99608->ffc7b071-00b3-4a69-8de5-2639a1a8d8ac@group-6911E2D50CC5, cid=3192, SUCCESS, logIndex=5322, commits[ffc7b071-00b3-4a69-8de5-2639a1a8d8ac:c5323]
2019-06-12 16:05:04,418 INFO  client.GrpcClientProtocolClient (GrpcClientProtocolClient.java:onNext(254)) - client-7F7296B99608->ffc7b071-00b3-4a69-8de5-2639a1a8d8ac: receive RaftClientReply:client-7F7296B99608->ffc7b071-00b3-4a69-8de5-2639a1a8d8ac@group-6911E2D50CC5, cid=3193, SUCCESS, logIndex=5324, commits[ffc7b071-00b3-4a69-8de5-2639a1a8d8ac:c5324]
2019-06-12 16:05:04,419 INFO  client.GrpcClientProtocolClient (GrpcClientProtocolClient.java:onNext(254)) - client-7F7296B99608->ffc7b071-00b3-4a69-8de5-2639a1a8d8ac: receive RaftClientReply:client-7F7296B99608->ffc7b071-00b3-4a69-8de5-2639a1a8d8ac@group-6911E2D50CC5, cid=3194, SUCCESS, logIndex=5326, commits[ffc7b071-00b3-4a69-8de5-2639a1a8d8ac:c5326]
2019-06-12 16:05:04,420 INFO  client.GrpcClientProtocolClient (GrpcClientProtocolClient.java:onNext(254)) - client-7F7296B99608->ffc7b071-00b3-4a69-8de5-2639a1a8d8ac: receive RaftClientReply:client-7F7296B99608->ffc7b071-00b3-4a69-8de5-2639a1a8d8ac@group-6911E2D50CC5, cid=3195, SUCCESS, logIndex=5327, commits[ffc7b071-00b3-4a69-8de5-2639a1a8d8ac:c5329]
2019-06-12 16:05:04,420 INFO  client.GrpcClientProtocolClient (GrpcClientProtocolClient.java:onNext(254)) - client-7F7296B99608->ffc7b071-00b3-4a69-8de5-2639a1a8d8ac: receive RaftClientReply:client-7F7296B99608->ffc7b071-00b3-4a69-8de5-2639a1a8d8ac@group-6911E2D50CC5, cid=3196, SUCCESS, logIndex=5328, commits[ffc7b071-00b3-4a69-8de5-2639a1a8d8ac:c5329]
2019-06-12 16:05:04,425 INFO  client.GrpcClientProtocolClient (GrpcClientProtocolClient.java:onNext(254)) - client-7F7296B99608->ffc7b071-00b3-4a69-8de5-2639a1a8d8ac: receive RaftClientReply:client-7F7296B99608->ffc7b071-00b3-4a69-8de5-2639a1a8d8ac@group-6911E2D50CC5, cid=3197, SUCCESS, logIndex=5330, commits[ffc7b071-00b3-4a69-8de5-2639a1a8d8ac:c5330]
2019-06-12 16:05:04,426 INFO  client.GrpcClientProtocolClient (GrpcClientProtocolClient.java:onNext(254)) - client-7F7296B99608->ffc7b071-00b3-4a69-8de5-2639a1a8d8ac: receive RaftClientReply:client-7F7296B99608->ffc7b071-00b3-4a69-8de5-2639a1a8d8ac@group-6911E2D50CC5, cid=3198, SUCCESS, logIndex=5332, commits[ffc7b071-00b3-4a69-8de5-2639a1a8d8ac:c5332]
2019-06-12 16:05:04,427 INFO  client.GrpcClientProtocolClient (GrpcClientProtocolClient.java:onNext(254)) - client-7F7296B99608->ffc7b071-00b3-4a69-8de5-2639a1a8d8ac: receive RaftClientReply:client-7F7296B99608->ffc7b071-00b3-4a69-8de5-2639a1a8d8ac@group-6911E2D50CC5, cid=3199, SUCCESS, logIndex=5333, commits[ffc7b071-00b3-4a69-8de5-2639a1a8d8ac:c5335]
2019-06-12 16:05:04,430 INFO  client.GrpcClientProtocolClient (GrpcClientProtocolClient.java:onNext(254)) - client-7F7296B99608->ffc7b071-00b3-4a69-8de5-2639a1a8d8ac: receive RaftClientReply:client-7F7296B99608->ffc7b071-00b3-4a69-8de5-2639a1a8d8ac@group-6911E2D50CC5, cid=3200, SUCCESS, logIndex=5334, commits[ffc7b071-00b3-4a69-8de5-2639a1a8d8ac:c5335]
2019-06-12 16:05:04,440 INFO  client.GrpcClientProtocolClient (GrpcClientProtocolClient.java:onNext(254)) - client-7F7296B99608->ffc7b071-00b3-4a69-8de5-2639a1a8d8ac: receive RaftClientReply:client-7F7296B99608->ffc7b071-00b3-4a69-8de5-2639a1a8d8ac@group-6911E2D50CC5, cid=3201, SUCCESS, logIndex=5336, commits[ffc7b071-00b3-4a69-8de5-2639a1a8d8ac:c5336]
2019-06-12 16:05:04,442 INFO  client.GrpcClientProtocolClient (GrpcClientProtocolClient.java:onNext(254)) - client-7F7296B99608->ffc7b071-00b3-4a69-8de5-2639a1a8d8ac: receive RaftClientReply:client-7F7296B99608->ffc7b071-00b3-4a69-8de5-2639a1a8d8ac@group-6911E2D50CC5, cid=3202, SUCCESS, logIndex=5338, commits[ffc7b071-00b3-4a69-8de5-2639a1a8d8ac:c5338]
2019-06-12 16:05:04,442 INFO  client.GrpcClientProtocolClient (GrpcClientProtocolClient.java:onNext(254)) - client-7F7296B99608->ffc7b071-00b3-4a69-8de5-2639a1a8d8ac: receive RaftClientReply:client-7F7296B99608->ffc7b071-00b3-4a69-8de5-2639a1a8d8ac@group-6911E2D50CC5, cid=3203, SUCCESS, logIndex=5339, commits[ffc7b071-00b3-4a69-8de5-2639a1a8d8ac:c5341]
2019-06-12 16:05:04,443 INFO  client.GrpcClientProtocolClient (GrpcClientProtocolClient.java:onNext(254)) - client-7F7296B99608->ffc7b071-00b3-4a69-8de5-2639a1a8d8ac: receive RaftClientReply:client-7F7296B99608->ffc7b071-00b3-4a69-8de5-2639a1a8d8ac@group-6911E2D50CC5, cid=3204, SUCCESS, logIndex=5340, commits[ffc7b071-00b3-4a69-8de5-2639a1a8d8ac:c5341]
2019-06-12 16:05:04,448 INFO  client.GrpcClientProtocolClient (GrpcClientProtocolClient.java:onNext(254)) - client-7F7296B99608->ffc7b071-00b3-4a69-8de5-2639a1a8d8ac: receive RaftClientReply:client-7F7296B99608->ffc7b071-00b3-4a69-8de5-2639a1a8d8ac@group-6911E2D50CC5, cid=3205, SUCCESS, logIndex=5342, commits[ffc7b071-00b3-4a69-8de5-2639a1a8d8ac:c5342]
2019-06-12 16:05:04,494 INFO  client.GrpcClientProtocolClient (GrpcClientProtocolClient.java:onNext(254)) - client-7F7296B99608->ffc7b071-00b3-4a69-8de5-2639a1a8d8ac: receive RaftClientReply:client-7F7296B99608->ffc7b071-00b3-4a69-8de5-2639a1a8d8ac@group-6911E2D50CC5, cid=3206, SUCCESS, logIndex=5344, commits[ffc7b071-00b3-4a69-8de5-2639a1a8d8ac:c5344]
2019-06-12 16:05:04,494 INFO  client.GrpcClientProtocolClient (GrpcClientProtocolClient.java:onNext(254)) - client-7F7296B99608->ffc7b071-00b3-4a69-8de5-2639a1a8d8ac: receive RaftClientReply:client-7F7296B99608->ffc7b071-00b3-4a69-8de5-2639a1a8d8ac@group-6911E2D50CC5, cid=3207, SUCCESS, logIndex=5345, commits[ffc7b071-00b3-4a69-8de5-2639a1a8d8ac:c5347]
2019-06-12 16:05:04,495 INFO  client.GrpcClientProtocolClient (GrpcClientProtocolClient.java:onNext(254)) - client-7F7296B99608->ffc7b071-00b3-4a69-8de5-2639a1a8d8ac: receive RaftClientReply:client-7F7296B99608->ffc7b071-00b3-4a69-8de5-2639a1a8d8ac@group-6911E2D50CC5, cid=3208, SUCCESS, logIndex=5346, commits[ffc7b071-00b3-4a69-8de5-2639a1a8d8ac:c5348]
2019-06-12 16:05:04,500 DEBUG block.SCMBlockDeletingService (SCMBlockDeletingService.java:call(138)) - Running DeletedBlockTransactionScanner
2019-06-12 16:05:04,500 DEBUG block.SCMBlockDeletingService (SCMBlockDeletingService.java:call(155)) - Scanned deleted blocks log and got 0 delTX to process.
2019-06-12 16:05:04,505 INFO  client.GrpcClientProtocolClient (GrpcClientProtocolClient.java:onNext(254)) - client-7F7296B99608->ffc7b071-00b3-4a69-8de5-2639a1a8d8ac: receive RaftClientReply:client-7F7296B99608->ffc7b071-00b3-4a69-8de5-2639a1a8d8ac@group-6911E2D50CC5, cid=3209, SUCCESS, logIndex=5349, commits[ffc7b071-00b3-4a69-8de5-2639a1a8d8ac:c5349]
2019-06-12 16:05:04,506 INFO  client.GrpcClientProtocolClient (GrpcClientProtocolClient.java:onNext(254)) - client-7F7296B99608->ffc7b071-00b3-4a69-8de5-2639a1a8d8ac: receive RaftClientReply:client-7F7296B99608->ffc7b071-00b3-4a69-8de5-2639a1a8d8ac@group-6911E2D50CC5, cid=3210, SUCCESS, logIndex=5351, commits[ffc7b071-00b3-4a69-8de5-2639a1a8d8ac:c5351]
2019-06-12 16:05:04,507 INFO  client.GrpcClientProtocolClient (GrpcClientProtocolClient.java:onNext(254)) - client-7F7296B99608->ffc7b071-00b3-4a69-8de5-2639a1a8d8ac: receive RaftClientReply:client-7F7296B99608->ffc7b071-00b3-4a69-8de5-2639a1a8d8ac@group-6911E2D50CC5, cid=3211, SUCCESS, logIndex=5352, commits[ffc7b071-00b3-4a69-8de5-2639a1a8d8ac:c5354]
2019-06-12 16:05:04,507 INFO  client.GrpcClientProtocolClient (GrpcClientProtocolClient.java:onNext(254)) - client-7F7296B99608->ffc7b071-00b3-4a69-8de5-2639a1a8d8ac: receive RaftClientReply:client-7F7296B99608->ffc7b071-00b3-4a69-8de5-2639a1a8d8ac@group-6911E2D50CC5, cid=3212, SUCCESS, logIndex=5353, commits[ffc7b071-00b3-4a69-8de5-2639a1a8d8ac:c5354]
2019-06-12 16:05:04,513 INFO  client.GrpcClientProtocolClient (GrpcClientProtocolClient.java:onNext(254)) - client-7F7296B99608->ffc7b071-00b3-4a69-8de5-2639a1a8d8ac: receive RaftClientReply:client-7F7296B99608->ffc7b071-00b3-4a69-8de5-2639a1a8d8ac@group-6911E2D50CC5, cid=3213, SUCCESS, logIndex=5355, commits[ffc7b071-00b3-4a69-8de5-2639a1a8d8ac:c5355]
2019-06-12 16:05:04,514 INFO  client.GrpcClientProtocolClient (GrpcClientProtocolClient.java:onNext(254)) - client-7F7296B99608->ffc7b071-00b3-4a69-8de5-2639a1a8d8ac: receive RaftClientReply:client-7F7296B99608->ffc7b071-00b3-4a69-8de5-2639a1a8d8ac@group-6911E2D50CC5, cid=3214, SUCCESS, logIndex=5357, commits[ffc7b071-00b3-4a69-8de5-2639a1a8d8ac:c5357]
2019-06-12 16:05:04,515 INFO  client.GrpcClientProtocolClient (GrpcClientProtocolClient.java:onNext(254)) - client-7F7296B99608->ffc7b071-00b3-4a69-8de5-2639a1a8d8ac: receive RaftClientReply:client-7F7296B99608->ffc7b071-00b3-4a69-8de5-2639a1a8d8ac@group-6911E2D50CC5, cid=3215, SUCCESS, logIndex=5358, commits[ffc7b071-00b3-4a69-8de5-2639a1a8d8ac:c5360]
2019-06-12 16:05:04,515 INFO  client.GrpcClientProtocolClient (GrpcClientProtocolClient.java:onNext(254)) - client-7F7296B99608->ffc7b071-00b3-4a69-8de5-2639a1a8d8ac: receive RaftClientReply:client-7F7296B99608->ffc7b071-00b3-4a69-8de5-2639a1a8d8ac@group-6911E2D50CC5, cid=3216, SUCCESS, logIndex=5359, commits[ffc7b071-00b3-4a69-8de5-2639a1a8d8ac:c5360]
2019-06-12 16:05:04,527 INFO  client.GrpcClientProtocolClient (GrpcClientProtocolClient.java:onNext(254)) - client-7F7296B99608->ffc7b071-00b3-4a69-8de5-2639a1a8d8ac: receive RaftClientReply:client-7F7296B99608->ffc7b071-00b3-4a69-8de5-2639a1a8d8ac@group-6911E2D50CC5, cid=3217, SUCCESS, logIndex=5361, commits[ffc7b071-00b3-4a69-8de5-2639a1a8d8ac:c5361]
2019-06-12 16:05:04,528 INFO  client.GrpcClientProtocolClient (GrpcClientProtocolClient.java:onNext(254)) - client-7F7296B99608->ffc7b071-00b3-4a69-8de5-2639a1a8d8ac: receive RaftClientReply:client-7F7296B99608->ffc7b071-00b3-4a69-8de5-2639a1a8d8ac@group-6911E2D50CC5, cid=3218, SUCCESS, logIndex=5363, commits[ffc7b071-00b3-4a69-8de5-2639a1a8d8ac:c5363]
2019-06-12 16:05:04,529 INFO  client.GrpcClientProtocolClient (GrpcClientProtocolClient.java:onNext(254)) - client-7F7296B99608->ffc7b071-00b3-4a69-8de5-2639a1a8d8ac: receive RaftClientReply:client-7F7296B99608->ffc7b071-00b3-4a69-8de5-2639a1a8d8ac@group-6911E2D50CC5, cid=3219, SUCCESS, logIndex=5364, commits[ffc7b071-00b3-4a69-8de5-2639a1a8d8ac:c5366]
2019-06-12 16:05:04,530 INFO  client.GrpcClientProtocolClient (GrpcClientProtocolClient.java:onNext(254)) - client-7F7296B99608->ffc7b071-00b3-4a69-8de5-2639a1a8d8ac: receive RaftClientReply:client-7F7296B99608->ffc7b071-00b3-4a69-8de5-2639a1a8d8ac@group-6911E2D50CC5, cid=3220, SUCCESS, logIndex=5366, commits[ffc7b071-00b3-4a69-8de5-2639a1a8d8ac:c5366]
2019-06-12 16:05:04,535 INFO  storage.RaftLogWorker (RaftLogWorker.java:rollLogSegment(303)) - ffc7b071-00b3-4a69-8de5-2639a1a8d8ac-RaftLogWorker: Rolling segment log-5300_5370 to index:5370
2019-06-12 16:05:04,535 INFO  client.GrpcClientProtocolClient (GrpcClientProtocolClient.java:onNext(254)) - client-7F7296B99608->ffc7b071-00b3-4a69-8de5-2639a1a8d8ac: receive RaftClientReply:client-7F7296B99608->ffc7b071-00b3-4a69-8de5-2639a1a8d8ac@group-6911E2D50CC5, cid=3221, SUCCESS, logIndex=5369, commits[ffc7b071-00b3-4a69-8de5-2639a1a8d8ac:c5369]
2019-06-12 16:05:04,535 INFO  storage.RaftLogWorker (RaftLogWorker.java:execute(433)) - ffc7b071-00b3-4a69-8de5-2639a1a8d8ac-RaftLogWorker: Rolled log segment from /opt/src/hadoop-ozone/integration-test/target/test-dir/MiniOzoneClusterImpl-a1c7246e-c692-4524-ad55-32b507b20431/datanode-0/data/ratis/4417d833-4fb6-4fa2-9413-6911e2d50cc5/current/log_inprogress_5300 to /opt/src/hadoop-ozone/integration-test/target/test-dir/MiniOzoneClusterImpl-a1c7246e-c692-4524-ad55-32b507b20431/datanode-0/data/ratis/4417d833-4fb6-4fa2-9413-6911e2d50cc5/current/log_5300-5370
2019-06-12 16:05:04,570 INFO  storage.RaftLogWorker (RaftLogWorker.java:execute(469)) - ffc7b071-00b3-4a69-8de5-2639a1a8d8ac-RaftLogWorker: created new log segment /opt/src/hadoop-ozone/integration-test/target/test-dir/MiniOzoneClusterImpl-a1c7246e-c692-4524-ad55-32b507b20431/datanode-0/data/ratis/4417d833-4fb6-4fa2-9413-6911e2d50cc5/current/log_inprogress_5371
2019-06-12 16:05:04,572 INFO  client.GrpcClientProtocolClient (GrpcClientProtocolClient.java:onNext(254)) - client-7F7296B99608->ffc7b071-00b3-4a69-8de5-2639a1a8d8ac: receive RaftClientReply:client-7F7296B99608->ffc7b071-00b3-4a69-8de5-2639a1a8d8ac@group-6911E2D50CC5, cid=3222, SUCCESS, logIndex=5371, commits[ffc7b071-00b3-4a69-8de5-2639a1a8d8ac:c5371]
2019-06-12 16:05:04,574 INFO  client.GrpcClientProtocolClient (GrpcClientProtocolClient.java:onNext(254)) - client-7F7296B99608->ffc7b071-00b3-4a69-8de5-2639a1a8d8ac: receive RaftClientReply:client-7F7296B99608->ffc7b071-00b3-4a69-8de5-2639a1a8d8ac@group-6911E2D50CC5, cid=3223, SUCCESS, logIndex=5373, commits[ffc7b071-00b3-4a69-8de5-2639a1a8d8ac:c5374]
2019-06-12 16:05:04,574 INFO  client.GrpcClientProtocolClient (GrpcClientProtocolClient.java:onNext(254)) - client-7F7296B99608->ffc7b071-00b3-4a69-8de5-2639a1a8d8ac: receive RaftClientReply:client-7F7296B99608->ffc7b071-00b3-4a69-8de5-2639a1a8d8ac@group-6911E2D50CC5, cid=3224, SUCCESS, logIndex=5374, commits[ffc7b071-00b3-4a69-8de5-2639a1a8d8ac:c5374]
2019-06-12 16:05:04,584 INFO  client.GrpcClientProtocolClient (GrpcClientProtocolClient.java:onNext(254)) - client-7F7296B99608->ffc7b071-00b3-4a69-8de5-2639a1a8d8ac: receive RaftClientReply:client-7F7296B99608->ffc7b071-00b3-4a69-8de5-2639a1a8d8ac@group-6911E2D50CC5, cid=3225, SUCCESS, logIndex=5376, commits[ffc7b071-00b3-4a69-8de5-2639a1a8d8ac:c5376]
2019-06-12 16:05:04,585 INFO  client.GrpcClientProtocolClient (GrpcClientProtocolClient.java:onNext(254)) - client-7F7296B99608->ffc7b071-00b3-4a69-8de5-2639a1a8d8ac: receive RaftClientReply:client-7F7296B99608->ffc7b071-00b3-4a69-8de5-2639a1a8d8ac@group-6911E2D50CC5, cid=3226, SUCCESS, logIndex=5378, commits[ffc7b071-00b3-4a69-8de5-2639a1a8d8ac:c5378]
2019-06-12 16:05:04,600 DEBUG block.SCMBlockDeletingService (SCMBlockDeletingService.java:call(138)) - Running DeletedBlockTransactionScanner
2019-06-12 16:05:04,601 DEBUG block.SCMBlockDeletingService (SCMBlockDeletingService.java:call(155)) - Scanned deleted blocks log and got 0 delTX to process.
2019-06-12 16:05:04,680 INFO  client.GrpcClientProtocolClient (GrpcClientProtocolClient.java:onNext(254)) - client-7F7296B99608->ffc7b071-00b3-4a69-8de5-2639a1a8d8ac: receive RaftClientReply:client-7F7296B99608->ffc7b071-00b3-4a69-8de5-2639a1a8d8ac@group-6911E2D50CC5, cid=3227, SUCCESS, logIndex=5380, commits[ffc7b071-00b3-4a69-8de5-2639a1a8d8ac:c5380]
2019-06-12 16:05:04,681 INFO  client.GrpcClientProtocolClient (GrpcClientProtocolClient.java:onNext(254)) - client-7F7296B99608->ffc7b071-00b3-4a69-8de5-2639a1a8d8ac: receive RaftClientReply:client-7F7296B99608->ffc7b071-00b3-4a69-8de5-2639a1a8d8ac@group-6911E2D50CC5, cid=3228, SUCCESS, logIndex=5382, commits[ffc7b071-00b3-4a69-8de5-2639a1a8d8ac:c5382]
2019-06-12 16:05:04,686 INFO  client.GrpcClientProtocolClient (GrpcClientProtocolClient.java:onNext(254)) - client-7F7296B99608->ffc7b071-00b3-4a69-8de5-2639a1a8d8ac: receive RaftClientReply:client-7F7296B99608->ffc7b071-00b3-4a69-8de5-2639a1a8d8ac@group-6911E2D50CC5, cid=3229, SUCCESS, logIndex=5384, commits[ffc7b071-00b3-4a69-8de5-2639a1a8d8ac:c5384]
2019-06-12 16:05:04,687 INFO  client.GrpcClientProtocolClient (GrpcClientProtocolClient.java:onNext(254)) - client-7F7296B99608->ffc7b071-00b3-4a69-8de5-2639a1a8d8ac: receive RaftClientReply:client-7F7296B99608->ffc7b071-00b3-4a69-8de5-2639a1a8d8ac@group-6911E2D50CC5, cid=3230, SUCCESS, logIndex=5386, commits[ffc7b071-00b3-4a69-8de5-2639a1a8d8ac:c5386]
2019-06-12 16:05:04,689 INFO  client.GrpcClientProtocolClient (GrpcClientProtocolClient.java:onNext(254)) - client-7F7296B99608->ffc7b071-00b3-4a69-8de5-2639a1a8d8ac: receive RaftClientReply:client-7F7296B99608->ffc7b071-00b3-4a69-8de5-2639a1a8d8ac@group-6911E2D50CC5, cid=3231, SUCCESS, logIndex=5388, commits[ffc7b071-00b3-4a69-8de5-2639a1a8d8ac:c5389]
2019-06-12 16:05:04,690 INFO  client.GrpcClientProtocolClient (GrpcClientProtocolClient.java:onNext(254)) - client-7F7296B99608->ffc7b071-00b3-4a69-8de5-2639a1a8d8ac: receive RaftClientReply:client-7F7296B99608->ffc7b071-00b3-4a69-8de5-2639a1a8d8ac@group-6911E2D50CC5, cid=3232, SUCCESS, logIndex=5389, commits[ffc7b071-00b3-4a69-8de5-2639a1a8d8ac:c5389]
2019-06-12 16:05:04,701 DEBUG block.SCMBlockDeletingService (SCMBlockDeletingService.java:call(138)) - Running DeletedBlockTransactionScanner
2019-06-12 16:05:04,701 DEBUG block.SCMBlockDeletingService (SCMBlockDeletingService.java:call(155)) - Scanned deleted blocks log and got 0 delTX to process.
2019-06-12 16:05:04,704 INFO  client.GrpcClientProtocolClient (GrpcClientProtocolClient.java:onNext(254)) - client-7F7296B99608->ffc7b071-00b3-4a69-8de5-2639a1a8d8ac: receive RaftClientReply:client-7F7296B99608->ffc7b071-00b3-4a69-8de5-2639a1a8d8ac@group-6911E2D50CC5, cid=3233, SUCCESS, logIndex=5391, commits[ffc7b071-00b3-4a69-8de5-2639a1a8d8ac:c5391]
2019-06-12 16:05:04,706 INFO  client.GrpcClientProtocolClient (GrpcClientProtocolClient.java:onNext(254)) - client-7F7296B99608->ffc7b071-00b3-4a69-8de5-2639a1a8d8ac: receive RaftClientReply:client-7F7296B99608->ffc7b071-00b3-4a69-8de5-2639a1a8d8ac@group-6911E2D50CC5, cid=3234, SUCCESS, logIndex=5393, commits[ffc7b071-00b3-4a69-8de5-2639a1a8d8ac:c5393]
2019-06-12 16:05:04,707 INFO  client.GrpcClientProtocolClient (GrpcClientProtocolClient.java:onNext(254)) - client-7F7296B99608->ffc7b071-00b3-4a69-8de5-2639a1a8d8ac: receive RaftClientReply:client-7F7296B99608->ffc7b071-00b3-4a69-8de5-2639a1a8d8ac@group-6911E2D50CC5, cid=3235, SUCCESS, logIndex=5394, commits[ffc7b071-00b3-4a69-8de5-2639a1a8d8ac:c5396]
2019-06-12 16:05:04,707 INFO  client.GrpcClientProtocolClient (GrpcClientProtocolClient.java:onNext(254)) - client-7F7296B99608->ffc7b071-00b3-4a69-8de5-2639a1a8d8ac: receive RaftClientReply:client-7F7296B99608->ffc7b071-00b3-4a69-8de5-2639a1a8d8ac@group-6911E2D50CC5, cid=3236, SUCCESS, logIndex=5395, commits[ffc7b071-00b3-4a69-8de5-2639a1a8d8ac:c5396]
2019-06-12 16:05:04,712 INFO  client.GrpcClientProtocolClient (GrpcClientProtocolClient.java:onNext(254)) - client-7F7296B99608->ffc7b071-00b3-4a69-8de5-2639a1a8d8ac: receive RaftClientReply:client-7F7296B99608->ffc7b071-00b3-4a69-8de5-2639a1a8d8ac@group-6911E2D50CC5, cid=3237, SUCCESS, logIndex=5397, commits[ffc7b071-00b3-4a69-8de5-2639a1a8d8ac:c5397]
2019-06-12 16:05:04,713 INFO  client.GrpcClientProtocolClient (GrpcClientProtocolClient.java:onNext(254)) - client-7F7296B99608->ffc7b071-00b3-4a69-8de5-2639a1a8d8ac: receive RaftClientReply:client-7F7296B99608->ffc7b071-00b3-4a69-8de5-2639a1a8d8ac@group-6911E2D50CC5, cid=3238, SUCCESS, logIndex=5399, commits[ffc7b071-00b3-4a69-8de5-2639a1a8d8ac:c5399]
2019-06-12 16:05:04,715 INFO  client.GrpcClientProtocolClient (GrpcClientProtocolClient.java:onNext(254)) - client-7F7296B99608->ffc7b071-00b3-4a69-8de5-2639a1a8d8ac: receive RaftClientReply:client-7F7296B99608->ffc7b071-00b3-4a69-8de5-2639a1a8d8ac@group-6911E2D50CC5, cid=3239, SUCCESS, logIndex=5401, commits[ffc7b071-00b3-4a69-8de5-2639a1a8d8ac:c5402]
2019-06-12 16:05:04,716 INFO  client.GrpcClientProtocolClient (GrpcClientProtocolClient.java:onNext(254)) - client-7F7296B99608->ffc7b071-00b3-4a69-8de5-2639a1a8d8ac: receive RaftClientReply:client-7F7296B99608->ffc7b071-00b3-4a69-8de5-2639a1a8d8ac@group-6911E2D50CC5, cid=3240, SUCCESS, logIndex=5402, commits[ffc7b071-00b3-4a69-8de5-2639a1a8d8ac:c5402]
2019-06-12 16:05:04,725 INFO  client.GrpcClientProtocolClient (GrpcClientProtocolClient.java:onNext(254)) - client-7F7296B99608->ffc7b071-00b3-4a69-8de5-2639a1a8d8ac: receive RaftClientReply:client-7F7296B99608->ffc7b071-00b3-4a69-8de5-2639a1a8d8ac@group-6911E2D50CC5, cid=3241, SUCCESS, logIndex=5404, commits[ffc7b071-00b3-4a69-8de5-2639a1a8d8ac:c5404]
2019-06-12 16:05:04,726 INFO  client.GrpcClientProtocolClient (GrpcClientProtocolClient.java:onNext(254)) - client-7F7296B99608->ffc7b071-00b3-4a69-8de5-2639a1a8d8ac: receive RaftClientReply:client-7F7296B99608->ffc7b071-00b3-4a69-8de5-2639a1a8d8ac@group-6911E2D50CC5, cid=3242, SUCCESS, logIndex=5406, commits[ffc7b071-00b3-4a69-8de5-2639a1a8d8ac:c5406]
2019-06-12 16:05:04,727 INFO  client.GrpcClientProtocolClient (GrpcClientProtocolClient.java:onNext(254)) - client-7F7296B99608->ffc7b071-00b3-4a69-8de5-2639a1a8d8ac: receive RaftClientReply:client-7F7296B99608->ffc7b071-00b3-4a69-8de5-2639a1a8d8ac@group-6911E2D50CC5, cid=3243, SUCCESS, logIndex=5407, commits[ffc7b071-00b3-4a69-8de5-2639a1a8d8ac:c5408]
2019-06-12 16:05:04,727 INFO  client.GrpcClientProtocolClient (GrpcClientProtocolClient.java:onNext(254)) - client-7F7296B99608->ffc7b071-00b3-4a69-8de5-2639a1a8d8ac: receive RaftClientReply:client-7F7296B99608->ffc7b071-00b3-4a69-8de5-2639a1a8d8ac@group-6911E2D50CC5, cid=3244, SUCCESS, logIndex=5409, commits[ffc7b071-00b3-4a69-8de5-2639a1a8d8ac:c5409]
2019-06-12 16:05:04,732 INFO  client.GrpcClientProtocolClient (GrpcClientProtocolClient.java:onNext(254)) - client-7F7296B99608->ffc7b071-00b3-4a69-8de5-2639a1a8d8ac: receive RaftClientReply:client-7F7296B99608->ffc7b071-00b3-4a69-8de5-2639a1a8d8ac@group-6911E2D50CC5, cid=3245, SUCCESS, logIndex=5411, commits[ffc7b071-00b3-4a69-8de5-2639a1a8d8ac:c5411]
2019-06-12 16:05:04,734 INFO  client.GrpcClientProtocolClient (GrpcClientProtocolClient.java:onNext(254)) - client-7F7296B99608->ffc7b071-00b3-4a69-8de5-2639a1a8d8ac: receive RaftClientReply:client-7F7296B99608->ffc7b071-00b3-4a69-8de5-2639a1a8d8ac@group-6911E2D50CC5, cid=3246, SUCCESS, logIndex=5413, commits[ffc7b071-00b3-4a69-8de5-2639a1a8d8ac:c5415]
2019-06-12 16:05:04,734 INFO  client.GrpcClientProtocolClient (GrpcClientProtocolClient.java:onNext(254)) - client-7F7296B99608->ffc7b071-00b3-4a69-8de5-2639a1a8d8ac: receive RaftClientReply:client-7F7296B99608->ffc7b071-00b3-4a69-8de5-2639a1a8d8ac@group-6911E2D50CC5, cid=3247, SUCCESS, logIndex=5414, commits[ffc7b071-00b3-4a69-8de5-2639a1a8d8ac:c5415]
2019-06-12 16:05:04,735 INFO  client.GrpcClientProtocolClient (GrpcClientProtocolClient.java:onNext(254)) - client-7F7296B99608->ffc7b071-00b3-4a69-8de5-2639a1a8d8ac: receive RaftClientReply:client-7F7296B99608->ffc7b071-00b3-4a69-8de5-2639a1a8d8ac@group-6911E2D50CC5, cid=3248, SUCCESS, logIndex=5415, commits[ffc7b071-00b3-4a69-8de5-2639a1a8d8ac:c5415]
2019-06-12 16:05:04,745 INFO  client.GrpcClientProtocolClient (GrpcClientProtocolClient.java:onNext(254)) - client-7F7296B99608->ffc7b071-00b3-4a69-8de5-2639a1a8d8ac: receive RaftClientReply:client-7F7296B99608->ffc7b071-00b3-4a69-8de5-2639a1a8d8ac@group-6911E2D50CC5, cid=3249, SUCCESS, logIndex=5417, commits[ffc7b071-00b3-4a69-8de5-2639a1a8d8ac:c5417]
2019-06-12 16:05:04,746 INFO  client.GrpcClientProtocolClient (GrpcClientProtocolClient.java:onNext(254)) - client-7F7296B99608->ffc7b071-00b3-4a69-8de5-2639a1a8d8ac: receive RaftClientReply:client-7F7296B99608->ffc7b071-00b3-4a69-8de5-2639a1a8d8ac@group-6911E2D50CC5, cid=3250, SUCCESS, logIndex=5419, commits[ffc7b071-00b3-4a69-8de5-2639a1a8d8ac:c5419]
2019-06-12 16:05:04,748 INFO  client.GrpcClientProtocolClient (GrpcClientProtocolClient.java:onNext(254)) - client-7F7296B99608->ffc7b071-00b3-4a69-8de5-2639a1a8d8ac: receive RaftClientReply:client-7F7296B99608->ffc7b071-00b3-4a69-8de5-2639a1a8d8ac@group-6911E2D50CC5, cid=3251, SUCCESS, logIndex=5421, commits[ffc7b071-00b3-4a69-8de5-2639a1a8d8ac:c5422]
2019-06-12 16:05:04,748 INFO  client.GrpcClientProtocolClient (GrpcClientProtocolClient.java:onNext(254)) - client-7F7296B99608->ffc7b071-00b3-4a69-8de5-2639a1a8d8ac: receive RaftClientReply:client-7F7296B99608->ffc7b071-00b3-4a69-8de5-2639a1a8d8ac@group-6911E2D50CC5, cid=3252, SUCCESS, logIndex=5422, commits[ffc7b071-00b3-4a69-8de5-2639a1a8d8ac:c5422]
2019-06-12 16:05:04,753 INFO  client.GrpcClientProtocolClient (GrpcClientProtocolClient.java:onNext(254)) - client-7F7296B99608->ffc7b071-00b3-4a69-8de5-2639a1a8d8ac: receive RaftClientReply:client-7F7296B99608->ffc7b071-00b3-4a69-8de5-2639a1a8d8ac@group-6911E2D50CC5, cid=3253, SUCCESS, logIndex=5424, commits[ffc7b071-00b3-4a69-8de5-2639a1a8d8ac:c5424]
2019-06-12 16:05:04,756 INFO  client.GrpcClientProtocolClient (GrpcClientProtocolClient.java:onNext(254)) - client-7F7296B99608->ffc7b071-00b3-4a69-8de5-2639a1a8d8ac: receive RaftClientReply:client-7F7296B99608->ffc7b071-00b3-4a69-8de5-2639a1a8d8ac@group-6911E2D50CC5, cid=3254, SUCCESS, logIndex=5426, commits[ffc7b071-00b3-4a69-8de5-2639a1a8d8ac:c5428]
2019-06-12 16:05:04,756 INFO  client.GrpcClientProtocolClient (GrpcClientProtocolClient.java:onNext(254)) - client-7F7296B99608->ffc7b071-00b3-4a69-8de5-2639a1a8d8ac: receive RaftClientReply:client-7F7296B99608->ffc7b071-00b3-4a69-8de5-2639a1a8d8ac@group-6911E2D50CC5, cid=3255, SUCCESS, logIndex=5427, commits[ffc7b071-00b3-4a69-8de5-2639a1a8d8ac:c5428]
2019-06-12 16:05:04,756 INFO  client.GrpcClientProtocolClient (GrpcClientProtocolClient.java:onNext(254)) - client-7F7296B99608->ffc7b071-00b3-4a69-8de5-2639a1a8d8ac: receive RaftClientReply:client-7F7296B99608->ffc7b071-00b3-4a69-8de5-2639a1a8d8ac@group-6911E2D50CC5, cid=3256, SUCCESS, logIndex=5428, commits[ffc7b071-00b3-4a69-8de5-2639a1a8d8ac:c5428]
2019-06-12 16:05:04,766 INFO  client.GrpcClientProtocolClient (GrpcClientProtocolClient.java:onNext(254)) - client-7F7296B99608->ffc7b071-00b3-4a69-8de5-2639a1a8d8ac: receive RaftClientReply:client-7F7296B99608->ffc7b071-00b3-4a69-8de5-2639a1a8d8ac@group-6911E2D50CC5, cid=3257, SUCCESS, logIndex=5430, commits[ffc7b071-00b3-4a69-8de5-2639a1a8d8ac:c5430]
2019-06-12 16:05:04,767 INFO  client.GrpcClientProtocolClient (GrpcClientProtocolClient.java:onNext(254)) - client-7F7296B99608->ffc7b071-00b3-4a69-8de5-2639a1a8d8ac: receive RaftClientReply:client-7F7296B99608->ffc7b071-00b3-4a69-8de5-2639a1a8d8ac@group-6911E2D50CC5, cid=3258, SUCCESS, logIndex=5432, commits[ffc7b071-00b3-4a69-8de5-2639a1a8d8ac:c5432]
2019-06-12 16:05:04,769 INFO  client.GrpcClientProtocolClient (GrpcClientProtocolClient.java:onNext(254)) - client-7F7296B99608->ffc7b071-00b3-4a69-8de5-2639a1a8d8ac: receive RaftClientReply:client-7F7296B99608->ffc7b071-00b3-4a69-8de5-2639a1a8d8ac@group-6911E2D50CC5, cid=3259, SUCCESS, logIndex=5434, commits[ffc7b071-00b3-4a69-8de5-2639a1a8d8ac:c5434]
2019-06-12 16:05:04,770 INFO  client.GrpcClientProtocolClient (GrpcClientProtocolClient.java:onNext(254)) - client-7F7296B99608->ffc7b071-00b3-4a69-8de5-2639a1a8d8ac: receive RaftClientReply:client-7F7296B99608->ffc7b071-00b3-4a69-8de5-2639a1a8d8ac@group-6911E2D50CC5, cid=3260, SUCCESS, logIndex=5435, commits[ffc7b071-00b3-4a69-8de5-2639a1a8d8ac:c5435]
2019-06-12 16:05:04,775 INFO  client.GrpcClientProtocolClient (GrpcClientProtocolClient.java:onNext(254)) - client-7F7296B99608->ffc7b071-00b3-4a69-8de5-2639a1a8d8ac: receive RaftClientReply:client-7F7296B99608->ffc7b071-00b3-4a69-8de5-2639a1a8d8ac@group-6911E2D50CC5, cid=3261, SUCCESS, logIndex=5438, commits[ffc7b071-00b3-4a69-8de5-2639a1a8d8ac:c5438]
2019-06-12 16:05:04,775 INFO  storage.RaftLogWorker (RaftLogWorker.java:rollLogSegment(303)) - ffc7b071-00b3-4a69-8de5-2639a1a8d8ac-RaftLogWorker: Rolling segment log-5371_5441 to index:5441
2019-06-12 16:05:04,776 INFO  storage.RaftLogWorker (RaftLogWorker.java:execute(433)) - ffc7b071-00b3-4a69-8de5-2639a1a8d8ac-RaftLogWorker: Rolled log segment from /opt/src/hadoop-ozone/integration-test/target/test-dir/MiniOzoneClusterImpl-a1c7246e-c692-4524-ad55-32b507b20431/datanode-0/data/ratis/4417d833-4fb6-4fa2-9413-6911e2d50cc5/current/log_inprogress_5371 to /opt/src/hadoop-ozone/integration-test/target/test-dir/MiniOzoneClusterImpl-a1c7246e-c692-4524-ad55-32b507b20431/datanode-0/data/ratis/4417d833-4fb6-4fa2-9413-6911e2d50cc5/current/log_5371-5441
2019-06-12 16:05:04,777 INFO  client.GrpcClientProtocolClient (GrpcClientProtocolClient.java:onNext(254)) - client-7F7296B99608->ffc7b071-00b3-4a69-8de5-2639a1a8d8ac: receive RaftClientReply:client-7F7296B99608->ffc7b071-00b3-4a69-8de5-2639a1a8d8ac@group-6911E2D50CC5, cid=3262, SUCCESS, logIndex=5440, commits[ffc7b071-00b3-4a69-8de5-2639a1a8d8ac:c5440]
2019-06-12 16:05:04,777 INFO  client.GrpcClientProtocolClient (GrpcClientProtocolClient.java:onNext(254)) - client-7F7296B99608->ffc7b071-00b3-4a69-8de5-2639a1a8d8ac: receive RaftClientReply:client-7F7296B99608->ffc7b071-00b3-4a69-8de5-2639a1a8d8ac@group-6911E2D50CC5, cid=3263, SUCCESS, logIndex=5441, commits[ffc7b071-00b3-4a69-8de5-2639a1a8d8ac:c5441]
2019-06-12 16:05:04,801 DEBUG block.SCMBlockDeletingService (SCMBlockDeletingService.java:call(138)) - Running DeletedBlockTransactionScanner
2019-06-12 16:05:04,801 DEBUG block.SCMBlockDeletingService (SCMBlockDeletingService.java:call(155)) - Scanned deleted blocks log and got 0 delTX to process.
2019-06-12 16:05:04,819 INFO  storage.RaftLogWorker (RaftLogWorker.java:execute(469)) - ffc7b071-00b3-4a69-8de5-2639a1a8d8ac-RaftLogWorker: created new log segment /opt/src/hadoop-ozone/integration-test/target/test-dir/MiniOzoneClusterImpl-a1c7246e-c692-4524-ad55-32b507b20431/datanode-0/data/ratis/4417d833-4fb6-4fa2-9413-6911e2d50cc5/current/log_inprogress_5442
2019-06-12 16:05:04,820 INFO  client.GrpcClientProtocolClient (GrpcClientProtocolClient.java:onNext(254)) - client-7F7296B99608->ffc7b071-00b3-4a69-8de5-2639a1a8d8ac: receive RaftClientReply:client-7F7296B99608->ffc7b071-00b3-4a69-8de5-2639a1a8d8ac@group-6911E2D50CC5, cid=3264, SUCCESS, logIndex=5442, commits[ffc7b071-00b3-4a69-8de5-2639a1a8d8ac:c5444]
2019-06-12 16:05:04,832 INFO  client.GrpcClientProtocolClient (GrpcClientProtocolClient.java:onNext(254)) - client-7F7296B99608->ffc7b071-00b3-4a69-8de5-2639a1a8d8ac: receive RaftClientReply:client-7F7296B99608->ffc7b071-00b3-4a69-8de5-2639a1a8d8ac@group-6911E2D50CC5, cid=3265, SUCCESS, logIndex=5445, commits[ffc7b071-00b3-4a69-8de5-2639a1a8d8ac:c5445]
2019-06-12 16:05:04,833 INFO  client.GrpcClientProtocolClient (GrpcClientProtocolClient.java:onNext(254)) - client-7F7296B99608->ffc7b071-00b3-4a69-8de5-2639a1a8d8ac: receive RaftClientReply:client-7F7296B99608->ffc7b071-00b3-4a69-8de5-2639a1a8d8ac@group-6911E2D50CC5, cid=3266, SUCCESS, logIndex=5447, commits[ffc7b071-00b3-4a69-8de5-2639a1a8d8ac:c5447]
2019-06-12 16:05:04,834 INFO  client.GrpcClientProtocolClient (GrpcClientProtocolClient.java:onNext(254)) - client-7F7296B99608->ffc7b071-00b3-4a69-8de5-2639a1a8d8ac: receive RaftClientReply:client-7F7296B99608->ffc7b071-00b3-4a69-8de5-2639a1a8d8ac@group-6911E2D50CC5, cid=3267, SUCCESS, logIndex=5448, commits[ffc7b071-00b3-4a69-8de5-2639a1a8d8ac:c5450]
2019-06-12 16:05:04,834 INFO  client.GrpcClientProtocolClient (GrpcClientProtocolClient.java:onNext(254)) - client-7F7296B99608->ffc7b071-00b3-4a69-8de5-2639a1a8d8ac: receive RaftClientReply:client-7F7296B99608->ffc7b071-00b3-4a69-8de5-2639a1a8d8ac@group-6911E2D50CC5, cid=3268, SUCCESS, logIndex=5449, commits[ffc7b071-00b3-4a69-8de5-2639a1a8d8ac:c5450]
2019-06-12 16:05:04,840 INFO  client.GrpcClientProtocolClient (GrpcClientProtocolClient.java:onNext(254)) - client-7F7296B99608->ffc7b071-00b3-4a69-8de5-2639a1a8d8ac: receive RaftClientReply:client-7F7296B99608->ffc7b071-00b3-4a69-8de5-2639a1a8d8ac@group-6911E2D50CC5, cid=3269, SUCCESS, logIndex=5451, commits[ffc7b071-00b3-4a69-8de5-2639a1a8d8ac:c5451]
2019-06-12 16:05:04,842 INFO  client.GrpcClientProtocolClient (GrpcClientProtocolClient.java:onNext(254)) - client-7F7296B99608->ffc7b071-00b3-4a69-8de5-2639a1a8d8ac: receive RaftClientReply:client-7F7296B99608->ffc7b071-00b3-4a69-8de5-2639a1a8d8ac@group-6911E2D50CC5, cid=3270, SUCCESS, logIndex=5453, commits[ffc7b071-00b3-4a69-8de5-2639a1a8d8ac:c5453]
2019-06-12 16:05:04,901 DEBUG block.SCMBlockDeletingService (SCMBlockDeletingService.java:call(138)) - Running DeletedBlockTransactionScanner
2019-06-12 16:05:04,902 DEBUG block.SCMBlockDeletingService (SCMBlockDeletingService.java:call(155)) - Scanned deleted blocks log and got 0 delTX to process.
2019-06-12 16:05:04,907 INFO  client.GrpcClientProtocolClient (GrpcClientProtocolClient.java:onNext(254)) - client-7F7296B99608->ffc7b071-00b3-4a69-8de5-2639a1a8d8ac: receive RaftClientReply:client-7F7296B99608->ffc7b071-00b3-4a69-8de5-2639a1a8d8ac@group-6911E2D50CC5, cid=3271, SUCCESS, logIndex=5455, commits[ffc7b071-00b3-4a69-8de5-2639a1a8d8ac:c5455]
2019-06-12 16:05:04,909 INFO  client.GrpcClientProtocolClient (GrpcClientProtocolClient.java:onNext(254)) - client-7F7296B99608->ffc7b071-00b3-4a69-8de5-2639a1a8d8ac: receive RaftClientReply:client-7F7296B99608->ffc7b071-00b3-4a69-8de5-2639a1a8d8ac@group-6911E2D50CC5, cid=3272, SUCCESS, logIndex=5457, commits[ffc7b071-00b3-4a69-8de5-2639a1a8d8ac:c5457]
2019-06-12 16:05:04,918 INFO  client.GrpcClientProtocolClient (GrpcClientProtocolClient.java:onNext(254)) - client-7F7296B99608->ffc7b071-00b3-4a69-8de5-2639a1a8d8ac: receive RaftClientReply:client-7F7296B99608->ffc7b071-00b3-4a69-8de5-2639a1a8d8ac@group-6911E2D50CC5, cid=3273, SUCCESS, logIndex=5459, commits[ffc7b071-00b3-4a69-8de5-2639a1a8d8ac:c5459]
2019-06-12 16:05:04,920 INFO  client.GrpcClientProtocolClient (GrpcClientProtocolClient.java:onNext(254)) - client-7F7296B99608->ffc7b071-00b3-4a69-8de5-2639a1a8d8ac: receive RaftClientReply:client-7F7296B99608->ffc7b071-00b3-4a69-8de5-2639a1a8d8ac@group-6911E2D50CC5, cid=3274, SUCCESS, logIndex=5461, commits[ffc7b071-00b3-4a69-8de5-2639a1a8d8ac:c5461]
2019-06-12 16:05:04,920 INFO  client.GrpcClientProtocolClient (GrpcClientProtocolClient.java:onNext(254)) - client-7F7296B99608->ffc7b071-00b3-4a69-8de5-2639a1a8d8ac: receive RaftClientReply:client-7F7296B99608->ffc7b071-00b3-4a69-8de5-2639a1a8d8ac@group-6911E2D50CC5, cid=3275, SUCCESS, logIndex=5462, commits[ffc7b071-00b3-4a69-8de5-2639a1a8d8ac:c5463]
2019-06-12 16:05:04,920 INFO  client.GrpcClientProtocolClient (GrpcClientProtocolClient.java:onNext(254)) - client-7F7296B99608->ffc7b071-00b3-4a69-8de5-2639a1a8d8ac: receive RaftClientReply:client-7F7296B99608->ffc7b071-00b3-4a69-8de5-2639a1a8d8ac@group-6911E2D50CC5, cid=3276, SUCCESS, logIndex=5463, commits[ffc7b071-00b3-4a69-8de5-2639a1a8d8ac:c5463]
2019-06-12 16:05:04,925 INFO  client.GrpcClientProtocolClient (GrpcClientProtocolClient.java:onNext(254)) - client-7F7296B99608->ffc7b071-00b3-4a69-8de5-2639a1a8d8ac: receive RaftClientReply:client-7F7296B99608->ffc7b071-00b3-4a69-8de5-2639a1a8d8ac@group-6911E2D50CC5, cid=3277, SUCCESS, logIndex=5466, commits[ffc7b071-00b3-4a69-8de5-2639a1a8d8ac:c5466]
2019-06-12 16:05:04,926 INFO  client.GrpcClientProtocolClient (GrpcClientProtocolClient.java:onNext(254)) - client-7F7296B99608->ffc7b071-00b3-4a69-8de5-2639a1a8d8ac: receive RaftClientReply:client-7F7296B99608->ffc7b071-00b3-4a69-8de5-2639a1a8d8ac@group-6911E2D50CC5, cid=3278, SUCCESS, logIndex=5468, commits[ffc7b071-00b3-4a69-8de5-2639a1a8d8ac:c5468]
2019-06-12 16:05:04,928 INFO  client.GrpcClientProtocolClient (GrpcClientProtocolClient.java:onNext(254)) - client-7F7296B99608->ffc7b071-00b3-4a69-8de5-2639a1a8d8ac: receive RaftClientReply:client-7F7296B99608->ffc7b071-00b3-4a69-8de5-2639a1a8d8ac@group-6911E2D50CC5, cid=3279, SUCCESS, logIndex=5469, commits[ffc7b071-00b3-4a69-8de5-2639a1a8d8ac:c5471]
2019-06-12 16:05:04,928 INFO  client.GrpcClientProtocolClient (GrpcClientProtocolClient.java:onNext(254)) - client-7F7296B99608->ffc7b071-00b3-4a69-8de5-2639a1a8d8ac: receive RaftClientReply:client-7F7296B99608->ffc7b071-00b3-4a69-8de5-2639a1a8d8ac@group-6911E2D50CC5, cid=3280, SUCCESS, logIndex=5470, commits[ffc7b071-00b3-4a69-8de5-2639a1a8d8ac:c5471]
2019-06-12 16:05:04,941 INFO  client.GrpcClientProtocolClient (GrpcClientProtocolClient.java:onNext(254)) - client-7F7296B99608->ffc7b071-00b3-4a69-8de5-2639a1a8d8ac: receive RaftClientReply:client-7F7296B99608->ffc7b071-00b3-4a69-8de5-2639a1a8d8ac@group-6911E2D50CC5, cid=3281, SUCCESS, logIndex=5472, commits[ffc7b071-00b3-4a69-8de5-2639a1a8d8ac:c5472]
2019-06-12 16:05:04,942 INFO  client.GrpcClientProtocolClient (GrpcClientProtocolClient.java:onNext(254)) - client-7F7296B99608->ffc7b071-00b3-4a69-8de5-2639a1a8d8ac: receive RaftClientReply:client-7F7296B99608->ffc7b071-00b3-4a69-8de5-2639a1a8d8ac@group-6911E2D50CC5, cid=3282, SUCCESS, logIndex=5474, commits[ffc7b071-00b3-4a69-8de5-2639a1a8d8ac:c5475]
2019-06-12 16:05:04,943 INFO  client.GrpcClientProtocolClient (GrpcClientProtocolClient.java:onNext(254)) - client-7F7296B99608->ffc7b071-00b3-4a69-8de5-2639a1a8d8ac: receive RaftClientReply:client-7F7296B99608->ffc7b071-00b3-4a69-8de5-2639a1a8d8ac@group-6911E2D50CC5, cid=3283, SUCCESS, logIndex=5475, commits[ffc7b071-00b3-4a69-8de5-2639a1a8d8ac:c5476]
2019-06-12 16:05:04,944 INFO  client.GrpcClientProtocolClient (GrpcClientProtocolClient.java:onNext(254)) - client-7F7296B99608->ffc7b071-00b3-4a69-8de5-2639a1a8d8ac: receive RaftClientReply:client-7F7296B99608->ffc7b071-00b3-4a69-8de5-2639a1a8d8ac@group-6911E2D50CC5, cid=3284, SUCCESS, logIndex=5477, commits[ffc7b071-00b3-4a69-8de5-2639a1a8d8ac:c5477]
2019-06-12 16:05:04,954 INFO  client.GrpcClientProtocolClient (GrpcClientProtocolClient.java:onNext(254)) - client-7F7296B99608->ffc7b071-00b3-4a69-8de5-2639a1a8d8ac: receive RaftClientReply:client-7F7296B99608->ffc7b071-00b3-4a69-8de5-2639a1a8d8ac@group-6911E2D50CC5, cid=3285, SUCCESS, logIndex=5479, commits[ffc7b071-00b3-4a69-8de5-2639a1a8d8ac:c5479]
2019-06-12 16:05:04,955 INFO  client.GrpcClientProtocolClient (GrpcClientProtocolClient.java:onNext(254)) - client-7F7296B99608->ffc7b071-00b3-4a69-8de5-2639a1a8d8ac: receive RaftClientReply:client-7F7296B99608->ffc7b071-00b3-4a69-8de5-2639a1a8d8ac@group-6911E2D50CC5, cid=3286, SUCCESS, logIndex=5481, commits[ffc7b071-00b3-4a69-8de5-2639a1a8d8ac:c5481]
2019-06-12 16:05:04,959 INFO  client.GrpcClientProtocolClient (GrpcClientProtocolClient.java:onNext(254)) - client-7F7296B99608->ffc7b071-00b3-4a69-8de5-2639a1a8d8ac: receive RaftClientReply:client-7F7296B99608->ffc7b071-00b3-4a69-8de5-2639a1a8d8ac@group-6911E2D50CC5, cid=3287, SUCCESS, logIndex=5483, commits[ffc7b071-00b3-4a69-8de5-2639a1a8d8ac:c5484]
2019-06-12 16:05:04,962 INFO  client.GrpcClientProtocolClient (GrpcClientProtocolClient.java:onNext(254)) - client-7F7296B99608->ffc7b071-00b3-4a69-8de5-2639a1a8d8ac: receive RaftClientReply:client-7F7296B99608->ffc7b071-00b3-4a69-8de5-2639a1a8d8ac@group-6911E2D50CC5, cid=3288, SUCCESS, logIndex=5485, commits[ffc7b071-00b3-4a69-8de5-2639a1a8d8ac:c5485]
2019-06-12 16:05:05,022 DEBUG block.SCMBlockDeletingService (SCMBlockDeletingService.java:call(138)) - Running DeletedBlockTransactionScanner
2019-06-12 16:05:05,022 DEBUG block.SCMBlockDeletingService (SCMBlockDeletingService.java:call(155)) - Scanned deleted blocks log and got 0 delTX to process.
2019-06-12 16:05:05,027 INFO  client.GrpcClientProtocolClient (GrpcClientProtocolClient.java:onNext(254)) - client-7F7296B99608->ffc7b071-00b3-4a69-8de5-2639a1a8d8ac: receive RaftClientReply:client-7F7296B99608->ffc7b071-00b3-4a69-8de5-2639a1a8d8ac@group-6911E2D50CC5, cid=3289, SUCCESS, logIndex=5487, commits[ffc7b071-00b3-4a69-8de5-2639a1a8d8ac:c5487]
2019-06-12 16:05:05,031 INFO  client.GrpcClientProtocolClient (GrpcClientProtocolClient.java:onNext(254)) - client-7F7296B99608->ffc7b071-00b3-4a69-8de5-2639a1a8d8ac: receive RaftClientReply:client-7F7296B99608->ffc7b071-00b3-4a69-8de5-2639a1a8d8ac@group-6911E2D50CC5, cid=3290, SUCCESS, logIndex=5489, commits[ffc7b071-00b3-4a69-8de5-2639a1a8d8ac:c5489]
2019-06-12 16:05:05,031 INFO  client.GrpcClientProtocolClient (GrpcClientProtocolClient.java:onNext(254)) - client-7F7296B99608->ffc7b071-00b3-4a69-8de5-2639a1a8d8ac: receive RaftClientReply:client-7F7296B99608->ffc7b071-00b3-4a69-8de5-2639a1a8d8ac@group-6911E2D50CC5, cid=3291, SUCCESS, logIndex=5490, commits[ffc7b071-00b3-4a69-8de5-2639a1a8d8ac:c5491]
2019-06-12 16:05:05,031 INFO  client.GrpcClientProtocolClient (GrpcClientProtocolClient.java:onNext(254)) - client-7F7296B99608->ffc7b071-00b3-4a69-8de5-2639a1a8d8ac: receive RaftClientReply:client-7F7296B99608->ffc7b071-00b3-4a69-8de5-2639a1a8d8ac@group-6911E2D50CC5, cid=3292, SUCCESS, logIndex=5492, commits[ffc7b071-00b3-4a69-8de5-2639a1a8d8ac:c5492]
2019-06-12 16:05:05,036 INFO  client.GrpcClientProtocolClient (GrpcClientProtocolClient.java:onNext(254)) - client-7F7296B99608->ffc7b071-00b3-4a69-8de5-2639a1a8d8ac: receive RaftClientReply:client-7F7296B99608->ffc7b071-00b3-4a69-8de5-2639a1a8d8ac@group-6911E2D50CC5, cid=3293, SUCCESS, logIndex=5494, commits[ffc7b071-00b3-4a69-8de5-2639a1a8d8ac:c5494]
2019-06-12 16:05:05,037 INFO  client.GrpcClientProtocolClient (GrpcClientProtocolClient.java:onNext(254)) - client-7F7296B99608->ffc7b071-00b3-4a69-8de5-2639a1a8d8ac: receive RaftClientReply:client-7F7296B99608->ffc7b071-00b3-4a69-8de5-2639a1a8d8ac@group-6911E2D50CC5, cid=3294, SUCCESS, logIndex=5496, commits[ffc7b071-00b3-4a69-8de5-2639a1a8d8ac:c5496]
2019-06-12 16:05:05,039 INFO  client.GrpcClientProtocolClient (GrpcClientProtocolClient.java:onNext(254)) - client-7F7296B99608->ffc7b071-00b3-4a69-8de5-2639a1a8d8ac: receive RaftClientReply:client-7F7296B99608->ffc7b071-00b3-4a69-8de5-2639a1a8d8ac@group-6911E2D50CC5, cid=3295, SUCCESS, logIndex=5497, commits[ffc7b071-00b3-4a69-8de5-2639a1a8d8ac:c5499]
2019-06-12 16:05:05,039 INFO  client.GrpcClientProtocolClient (GrpcClientProtocolClient.java:onNext(254)) - client-7F7296B99608->ffc7b071-00b3-4a69-8de5-2639a1a8d8ac: receive RaftClientReply:client-7F7296B99608->ffc7b071-00b3-4a69-8de5-2639a1a8d8ac@group-6911E2D50CC5, cid=3296, SUCCESS, logIndex=5498, commits[ffc7b071-00b3-4a69-8de5-2639a1a8d8ac:c5499]
2019-06-12 16:05:05,050 INFO  client.GrpcClientProtocolClient (GrpcClientProtocolClient.java:onNext(254)) - client-7F7296B99608->ffc7b071-00b3-4a69-8de5-2639a1a8d8ac: receive RaftClientReply:client-7F7296B99608->ffc7b071-00b3-4a69-8de5-2639a1a8d8ac@group-6911E2D50CC5, cid=3297, SUCCESS, logIndex=5500, commits[ffc7b071-00b3-4a69-8de5-2639a1a8d8ac:c5500]
2019-06-12 16:05:05,051 INFO  client.GrpcClientProtocolClient (GrpcClientProtocolClient.java:onNext(254)) - client-7F7296B99608->ffc7b071-00b3-4a69-8de5-2639a1a8d8ac: receive RaftClientReply:client-7F7296B99608->ffc7b071-00b3-4a69-8de5-2639a1a8d8ac@group-6911E2D50CC5, cid=3298, SUCCESS, logIndex=5502, commits[ffc7b071-00b3-4a69-8de5-2639a1a8d8ac:c5502]
2019-06-12 16:05:05,052 INFO  client.GrpcClientProtocolClient (GrpcClientProtocolClient.java:onNext(254)) - client-7F7296B99608->ffc7b071-00b3-4a69-8de5-2639a1a8d8ac: receive RaftClientReply:client-7F7296B99608->ffc7b071-00b3-4a69-8de5-2639a1a8d8ac@group-6911E2D50CC5, cid=3299, SUCCESS, logIndex=5503, commits[ffc7b071-00b3-4a69-8de5-2639a1a8d8ac:c5505]
2019-06-12 16:05:05,052 INFO  client.GrpcClientProtocolClient (GrpcClientProtocolClient.java:onNext(254)) - client-7F7296B99608->ffc7b071-00b3-4a69-8de5-2639a1a8d8ac: receive RaftClientReply:client-7F7296B99608->ffc7b071-00b3-4a69-8de5-2639a1a8d8ac@group-6911E2D50CC5, cid=3300, SUCCESS, logIndex=5504, commits[ffc7b071-00b3-4a69-8de5-2639a1a8d8ac:c5505]
2019-06-12 16:05:05,062 INFO  client.GrpcClientProtocolClient (GrpcClientProtocolClient.java:onNext(254)) - client-7F7296B99608->ffc7b071-00b3-4a69-8de5-2639a1a8d8ac: receive RaftClientReply:client-7F7296B99608->ffc7b071-00b3-4a69-8de5-2639a1a8d8ac@group-6911E2D50CC5, cid=3301, SUCCESS, logIndex=5506, commits[ffc7b071-00b3-4a69-8de5-2639a1a8d8ac:c5506]
2019-06-12 16:05:05,069 INFO  client.GrpcClientProtocolClient (GrpcClientProtocolClient.java:onNext(254)) - client-7F7296B99608->ffc7b071-00b3-4a69-8de5-2639a1a8d8ac: receive RaftClientReply:client-7F7296B99608->ffc7b071-00b3-4a69-8de5-2639a1a8d8ac@group-6911E2D50CC5, cid=3302, SUCCESS, logIndex=5508, commits[ffc7b071-00b3-4a69-8de5-2639a1a8d8ac:c5510]
2019-06-12 16:05:05,070 INFO  client.GrpcClientProtocolClient (GrpcClientProtocolClient.java:onNext(254)) - client-7F7296B99608->ffc7b071-00b3-4a69-8de5-2639a1a8d8ac: receive RaftClientReply:client-7F7296B99608->ffc7b071-00b3-4a69-8de5-2639a1a8d8ac@group-6911E2D50CC5, cid=3303, SUCCESS, logIndex=5509, commits[ffc7b071-00b3-4a69-8de5-2639a1a8d8ac:c5510]
2019-06-12 16:05:05,070 INFO  client.GrpcClientProtocolClient (GrpcClientProtocolClient.java:onNext(254)) - client-7F7296B99608->ffc7b071-00b3-4a69-8de5-2639a1a8d8ac: receive RaftClientReply:client-7F7296B99608->ffc7b071-00b3-4a69-8de5-2639a1a8d8ac@group-6911E2D50CC5, cid=3304, SUCCESS, logIndex=5510, commits[ffc7b071-00b3-4a69-8de5-2639a1a8d8ac:c5511]
2019-06-12 16:05:05,080 INFO  client.GrpcClientProtocolClient (GrpcClientProtocolClient.java:onNext(254)) - client-7F7296B99608->ffc7b071-00b3-4a69-8de5-2639a1a8d8ac: receive RaftClientReply:client-7F7296B99608->ffc7b071-00b3-4a69-8de5-2639a1a8d8ac@group-6911E2D50CC5, cid=3305, SUCCESS, logIndex=5512, commits[ffc7b071-00b3-4a69-8de5-2639a1a8d8ac:c5512]
2019-06-12 16:05:05,080 INFO  storage.RaftLogWorker (RaftLogWorker.java:rollLogSegment(303)) - ffc7b071-00b3-4a69-8de5-2639a1a8d8ac-RaftLogWorker: Rolling segment log-5442_5514 to index:5514
2019-06-12 16:05:05,081 INFO  storage.RaftLogWorker (RaftLogWorker.java:execute(433)) - ffc7b071-00b3-4a69-8de5-2639a1a8d8ac-RaftLogWorker: Rolled log segment from /opt/src/hadoop-ozone/integration-test/target/test-dir/MiniOzoneClusterImpl-a1c7246e-c692-4524-ad55-32b507b20431/datanode-0/data/ratis/4417d833-4fb6-4fa2-9413-6911e2d50cc5/current/log_inprogress_5442 to /opt/src/hadoop-ozone/integration-test/target/test-dir/MiniOzoneClusterImpl-a1c7246e-c692-4524-ad55-32b507b20431/datanode-0/data/ratis/4417d833-4fb6-4fa2-9413-6911e2d50cc5/current/log_5442-5514
2019-06-12 16:05:05,082 INFO  client.GrpcClientProtocolClient (GrpcClientProtocolClient.java:onNext(254)) - client-7F7296B99608->ffc7b071-00b3-4a69-8de5-2639a1a8d8ac: receive RaftClientReply:client-7F7296B99608->ffc7b071-00b3-4a69-8de5-2639a1a8d8ac@group-6911E2D50CC5, cid=3306, SUCCESS, logIndex=5514, commits[ffc7b071-00b3-4a69-8de5-2639a1a8d8ac:c5514]
2019-06-12 16:05:05,118 INFO  storage.RaftLogWorker (RaftLogWorker.java:execute(469)) - ffc7b071-00b3-4a69-8de5-2639a1a8d8ac-RaftLogWorker: created new log segment /opt/src/hadoop-ozone/integration-test/target/test-dir/MiniOzoneClusterImpl-a1c7246e-c692-4524-ad55-32b507b20431/datanode-0/data/ratis/4417d833-4fb6-4fa2-9413-6911e2d50cc5/current/log_inprogress_5515
2019-06-12 16:05:05,119 INFO  client.GrpcClientProtocolClient (GrpcClientProtocolClient.java:onNext(254)) - client-7F7296B99608->ffc7b071-00b3-4a69-8de5-2639a1a8d8ac: receive RaftClientReply:client-7F7296B99608->ffc7b071-00b3-4a69-8de5-2639a1a8d8ac@group-6911E2D50CC5, cid=3307, SUCCESS, logIndex=5515, commits[ffc7b071-00b3-4a69-8de5-2639a1a8d8ac:c5517]
2019-06-12 16:05:05,120 INFO  client.GrpcClientProtocolClient (GrpcClientProtocolClient.java:onNext(254)) - client-7F7296B99608->ffc7b071-00b3-4a69-8de5-2639a1a8d8ac: receive RaftClientReply:client-7F7296B99608->ffc7b071-00b3-4a69-8de5-2639a1a8d8ac@group-6911E2D50CC5, cid=3308, SUCCESS, logIndex=5517, commits[ffc7b071-00b3-4a69-8de5-2639a1a8d8ac:c5518]
2019-06-12 16:05:05,123 DEBUG block.SCMBlockDeletingService (SCMBlockDeletingService.java:call(138)) - Running DeletedBlockTransactionScanner
2019-06-12 16:05:05,123 DEBUG block.SCMBlockDeletingService (SCMBlockDeletingService.java:call(155)) - Scanned deleted blocks log and got 0 delTX to process.
2019-06-12 16:05:05,125 INFO  client.GrpcClientProtocolClient (GrpcClientProtocolClient.java:onNext(254)) - client-7F7296B99608->ffc7b071-00b3-4a69-8de5-2639a1a8d8ac: receive RaftClientReply:client-7F7296B99608->ffc7b071-00b3-4a69-8de5-2639a1a8d8ac@group-6911E2D50CC5, cid=3309, SUCCESS, logIndex=5519, commits[ffc7b071-00b3-4a69-8de5-2639a1a8d8ac:c5519]
2019-06-12 16:05:05,127 INFO  client.GrpcClientProtocolClient (GrpcClientProtocolClient.java:onNext(254)) - client-7F7296B99608->ffc7b071-00b3-4a69-8de5-2639a1a8d8ac: receive RaftClientReply:client-7F7296B99608->ffc7b071-00b3-4a69-8de5-2639a1a8d8ac@group-6911E2D50CC5, cid=3310, SUCCESS, logIndex=5521, commits[ffc7b071-00b3-4a69-8de5-2639a1a8d8ac:c5521]
2019-06-12 16:05:05,127 INFO  client.GrpcClientProtocolClient (GrpcClientProtocolClient.java:onNext(254)) - client-7F7296B99608->ffc7b071-00b3-4a69-8de5-2639a1a8d8ac: receive RaftClientReply:client-7F7296B99608->ffc7b071-00b3-4a69-8de5-2639a1a8d8ac@group-6911E2D50CC5, cid=3311, SUCCESS, logIndex=5522, commits[ffc7b071-00b3-4a69-8de5-2639a1a8d8ac:c5524]
2019-06-12 16:05:05,128 INFO  client.GrpcClientProtocolClient (GrpcClientProtocolClient.java:onNext(254)) - client-7F7296B99608->ffc7b071-00b3-4a69-8de5-2639a1a8d8ac: receive RaftClientReply:client-7F7296B99608->ffc7b071-00b3-4a69-8de5-2639a1a8d8ac@group-6911E2D50CC5, cid=3312, SUCCESS, logIndex=5523, commits[ffc7b071-00b3-4a69-8de5-2639a1a8d8ac:c5524]
2019-06-12 16:05:05,138 INFO  client.GrpcClientProtocolClient (GrpcClientProtocolClient.java:onNext(254)) - client-7F7296B99608->ffc7b071-00b3-4a69-8de5-2639a1a8d8ac: receive RaftClientReply:client-7F7296B99608->ffc7b071-00b3-4a69-8de5-2639a1a8d8ac@group-6911E2D50CC5, cid=3313, SUCCESS, logIndex=5525, commits[ffc7b071-00b3-4a69-8de5-2639a1a8d8ac:c5525]
2019-06-12 16:05:05,139 INFO  client.GrpcClientProtocolClient (GrpcClientProtocolClient.java:onNext(254)) - client-7F7296B99608->ffc7b071-00b3-4a69-8de5-2639a1a8d8ac: receive RaftClientReply:client-7F7296B99608->ffc7b071-00b3-4a69-8de5-2639a1a8d8ac@group-6911E2D50CC5, cid=3314, SUCCESS, logIndex=5527, commits[ffc7b071-00b3-4a69-8de5-2639a1a8d8ac:c5527]
2019-06-12 16:05:05,206 INFO  client.GrpcClientProtocolClient (GrpcClientProtocolClient.java:onNext(254)) - client-7F7296B99608->ffc7b071-00b3-4a69-8de5-2639a1a8d8ac: receive RaftClientReply:client-7F7296B99608->ffc7b071-00b3-4a69-8de5-2639a1a8d8ac@group-6911E2D50CC5, cid=3315, SUCCESS, logIndex=5529, commits[ffc7b071-00b3-4a69-8de5-2639a1a8d8ac:c5529]
2019-06-12 16:05:05,207 INFO  client.GrpcClientProtocolClient (GrpcClientProtocolClient.java:onNext(254)) - client-7F7296B99608->ffc7b071-00b3-4a69-8de5-2639a1a8d8ac: receive RaftClientReply:client-7F7296B99608->ffc7b071-00b3-4a69-8de5-2639a1a8d8ac@group-6911E2D50CC5, cid=3316, SUCCESS, logIndex=5531, commits[ffc7b071-00b3-4a69-8de5-2639a1a8d8ac:c5531]
2019-06-12 16:05:05,212 INFO  client.GrpcClientProtocolClient (GrpcClientProtocolClient.java:onNext(254)) - client-7F7296B99608->ffc7b071-00b3-4a69-8de5-2639a1a8d8ac: receive RaftClientReply:client-7F7296B99608->ffc7b071-00b3-4a69-8de5-2639a1a8d8ac@group-6911E2D50CC5, cid=3317, SUCCESS, logIndex=5533, commits[ffc7b071-00b3-4a69-8de5-2639a1a8d8ac:c5533]
2019-06-12 16:05:05,214 INFO  client.GrpcClientProtocolClient (GrpcClientProtocolClient.java:onNext(254)) - client-7F7296B99608->ffc7b071-00b3-4a69-8de5-2639a1a8d8ac: receive RaftClientReply:client-7F7296B99608->ffc7b071-00b3-4a69-8de5-2639a1a8d8ac@group-6911E2D50CC5, cid=3318, SUCCESS, logIndex=5535, commits[ffc7b071-00b3-4a69-8de5-2639a1a8d8ac:c5535]
2019-06-12 16:05:05,218 INFO  client.GrpcClientProtocolClient (GrpcClientProtocolClient.java:onNext(254)) - client-7F7296B99608->ffc7b071-00b3-4a69-8de5-2639a1a8d8ac: receive RaftClientReply:client-7F7296B99608->ffc7b071-00b3-4a69-8de5-2639a1a8d8ac@group-6911E2D50CC5, cid=3319, SUCCESS, logIndex=5536, commits[ffc7b071-00b3-4a69-8de5-2639a1a8d8ac:c5537]
2019-06-12 16:05:05,219 INFO  client.GrpcClientProtocolClient (GrpcClientProtocolClient.java:onNext(254)) - client-7F7296B99608->ffc7b071-00b3-4a69-8de5-2639a1a8d8ac: receive RaftClientReply:client-7F7296B99608->ffc7b071-00b3-4a69-8de5-2639a1a8d8ac@group-6911E2D50CC5, cid=3320, SUCCESS, logIndex=5537, commits[ffc7b071-00b3-4a69-8de5-2639a1a8d8ac:c5539]
2019-06-12 16:05:05,224 DEBUG block.SCMBlockDeletingService (SCMBlockDeletingService.java:call(138)) - Running DeletedBlockTransactionScanner
2019-06-12 16:05:05,224 DEBUG block.SCMBlockDeletingService (SCMBlockDeletingService.java:call(155)) - Scanned deleted blocks log and got 0 delTX to process.
2019-06-12 16:05:05,230 INFO  client.GrpcClientProtocolClient (GrpcClientProtocolClient.java:onNext(254)) - client-7F7296B99608->ffc7b071-00b3-4a69-8de5-2639a1a8d8ac: receive RaftClientReply:client-7F7296B99608->ffc7b071-00b3-4a69-8de5-2639a1a8d8ac@group-6911E2D50CC5, cid=3321, SUCCESS, logIndex=5540, commits[ffc7b071-00b3-4a69-8de5-2639a1a8d8ac:c5540]
2019-06-12 16:05:05,231 INFO  client.GrpcClientProtocolClient (GrpcClientProtocolClient.java:onNext(254)) - client-7F7296B99608->ffc7b071-00b3-4a69-8de5-2639a1a8d8ac: receive RaftClientReply:client-7F7296B99608->ffc7b071-00b3-4a69-8de5-2639a1a8d8ac@group-6911E2D50CC5, cid=3322, SUCCESS, logIndex=5542, commits[ffc7b071-00b3-4a69-8de5-2639a1a8d8ac:c5542]
2019-06-12 16:05:05,232 INFO  client.GrpcClientProtocolClient (GrpcClientProtocolClient.java:onNext(254)) - client-7F7296B99608->ffc7b071-00b3-4a69-8de5-2639a1a8d8ac: receive RaftClientReply:client-7F7296B99608->ffc7b071-00b3-4a69-8de5-2639a1a8d8ac@group-6911E2D50CC5, cid=3323, SUCCESS, logIndex=5543, commits[ffc7b071-00b3-4a69-8de5-2639a1a8d8ac:c5545]
2019-06-12 16:05:05,233 INFO  client.GrpcClientProtocolClient (GrpcClientProtocolClient.java:onNext(254)) - client-7F7296B99608->ffc7b071-00b3-4a69-8de5-2639a1a8d8ac: receive RaftClientReply:client-7F7296B99608->ffc7b071-00b3-4a69-8de5-2639a1a8d8ac@group-6911E2D50CC5, cid=3324, SUCCESS, logIndex=5544, commits[ffc7b071-00b3-4a69-8de5-2639a1a8d8ac:c5545]
2019-06-12 16:05:05,238 INFO  client.GrpcClientProtocolClient (GrpcClientProtocolClient.java:onNext(254)) - client-7F7296B99608->ffc7b071-00b3-4a69-8de5-2639a1a8d8ac: receive RaftClientReply:client-7F7296B99608->ffc7b071-00b3-4a69-8de5-2639a1a8d8ac@group-6911E2D50CC5, cid=3325, SUCCESS, logIndex=5546, commits[ffc7b071-00b3-4a69-8de5-2639a1a8d8ac:c5546]
2019-06-12 16:05:05,239 INFO  client.GrpcClientProtocolClient (GrpcClientProtocolClient.java:onNext(254)) - client-7F7296B99608->ffc7b071-00b3-4a69-8de5-2639a1a8d8ac: receive RaftClientReply:client-7F7296B99608->ffc7b071-00b3-4a69-8de5-2639a1a8d8ac@group-6911E2D50CC5, cid=3326, SUCCESS, logIndex=5548, commits[ffc7b071-00b3-4a69-8de5-2639a1a8d8ac:c5548]
2019-06-12 16:05:05,241 INFO  client.GrpcClientProtocolClient (GrpcClientProtocolClient.java:onNext(254)) - client-7F7296B99608->ffc7b071-00b3-4a69-8de5-2639a1a8d8ac: receive RaftClientReply:client-7F7296B99608->ffc7b071-00b3-4a69-8de5-2639a1a8d8ac@group-6911E2D50CC5, cid=3327, SUCCESS, logIndex=5550, commits[ffc7b071-00b3-4a69-8de5-2639a1a8d8ac:c5551]
2019-06-12 16:05:05,242 INFO  client.GrpcClientProtocolClient (GrpcClientProtocolClient.java:onNext(254)) - client-7F7296B99608->ffc7b071-00b3-4a69-8de5-2639a1a8d8ac: receive RaftClientReply:client-7F7296B99608->ffc7b071-00b3-4a69-8de5-2639a1a8d8ac@group-6911E2D50CC5, cid=3328, SUCCESS, logIndex=5551, commits[ffc7b071-00b3-4a69-8de5-2639a1a8d8ac:c5551]
2019-06-12 16:05:05,251 INFO  client.GrpcClientProtocolClient (GrpcClientProtocolClient.java:onNext(254)) - client-7F7296B99608->ffc7b071-00b3-4a69-8de5-2639a1a8d8ac: receive RaftClientReply:client-7F7296B99608->ffc7b071-00b3-4a69-8de5-2639a1a8d8ac@group-6911E2D50CC5, cid=3329, SUCCESS, logIndex=5553, commits[ffc7b071-00b3-4a69-8de5-2639a1a8d8ac:c5553]
2019-06-12 16:05:05,253 INFO  client.GrpcClientProtocolClient (GrpcClientProtocolClient.java:onNext(254)) - client-7F7296B99608->ffc7b071-00b3-4a69-8de5-2639a1a8d8ac: receive RaftClientReply:client-7F7296B99608->ffc7b071-00b3-4a69-8de5-2639a1a8d8ac@group-6911E2D50CC5, cid=3330, SUCCESS, logIndex=5555, commits[ffc7b071-00b3-4a69-8de5-2639a1a8d8ac:c5555]
2019-06-12 16:05:05,253 INFO  client.GrpcClientProtocolClient (GrpcClientProtocolClient.java:onNext(254)) - client-7F7296B99608->ffc7b071-00b3-4a69-8de5-2639a1a8d8ac: receive RaftClientReply:client-7F7296B99608->ffc7b071-00b3-4a69-8de5-2639a1a8d8ac@group-6911E2D50CC5, cid=3331, SUCCESS, logIndex=5556, commits[ffc7b071-00b3-4a69-8de5-2639a1a8d8ac:c5557]
2019-06-12 16:05:05,254 INFO  client.GrpcClientProtocolClient (GrpcClientProtocolClient.java:onNext(254)) - client-7F7296B99608->ffc7b071-00b3-4a69-8de5-2639a1a8d8ac: receive RaftClientReply:client-7F7296B99608->ffc7b071-00b3-4a69-8de5-2639a1a8d8ac@group-6911E2D50CC5, cid=3332, SUCCESS, logIndex=5557, commits[ffc7b071-00b3-4a69-8de5-2639a1a8d8ac:c5557]
2019-06-12 16:05:05,259 INFO  client.GrpcClientProtocolClient (GrpcClientProtocolClient.java:onNext(254)) - client-7F7296B99608->ffc7b071-00b3-4a69-8de5-2639a1a8d8ac: receive RaftClientReply:client-7F7296B99608->ffc7b071-00b3-4a69-8de5-2639a1a8d8ac@group-6911E2D50CC5, cid=3333, SUCCESS, logIndex=5560, commits[ffc7b071-00b3-4a69-8de5-2639a1a8d8ac:c5560]
2019-06-12 16:05:05,260 INFO  client.GrpcClientProtocolClient (GrpcClientProtocolClient.java:onNext(254)) - client-7F7296B99608->ffc7b071-00b3-4a69-8de5-2639a1a8d8ac: receive RaftClientReply:client-7F7296B99608->ffc7b071-00b3-4a69-8de5-2639a1a8d8ac@group-6911E2D50CC5, cid=3334, SUCCESS, logIndex=5562, commits[ffc7b071-00b3-4a69-8de5-2639a1a8d8ac:c5562]
2019-06-12 16:05:05,263 INFO  client.GrpcClientProtocolClient (GrpcClientProtocolClient.java:onNext(254)) - client-7F7296B99608->ffc7b071-00b3-4a69-8de5-2639a1a8d8ac: receive RaftClientReply:client-7F7296B99608->ffc7b071-00b3-4a69-8de5-2639a1a8d8ac@group-6911E2D50CC5, cid=3335, SUCCESS, logIndex=5564, commits[ffc7b071-00b3-4a69-8de5-2639a1a8d8ac:c5565]
2019-06-12 16:05:05,263 INFO  client.GrpcClientProtocolClient (GrpcClientProtocolClient.java:onNext(254)) - client-7F7296B99608->ffc7b071-00b3-4a69-8de5-2639a1a8d8ac: receive RaftClientReply:client-7F7296B99608->ffc7b071-00b3-4a69-8de5-2639a1a8d8ac@group-6911E2D50CC5, cid=3336, SUCCESS, logIndex=5565, commits[ffc7b071-00b3-4a69-8de5-2639a1a8d8ac:c5565]
2019-06-12 16:05:05,275 INFO  client.GrpcClientProtocolClient (GrpcClientProtocolClient.java:onNext(254)) - client-7F7296B99608->ffc7b071-00b3-4a69-8de5-2639a1a8d8ac: receive RaftClientReply:client-7F7296B99608->ffc7b071-00b3-4a69-8de5-2639a1a8d8ac@group-6911E2D50CC5, cid=3337, SUCCESS, logIndex=5567, commits[ffc7b071-00b3-4a69-8de5-2639a1a8d8ac:c5567]
2019-06-12 16:05:05,277 INFO  client.GrpcClientProtocolClient (GrpcClientProtocolClient.java:onNext(254)) - client-7F7296B99608->ffc7b071-00b3-4a69-8de5-2639a1a8d8ac: receive RaftClientReply:client-7F7296B99608->ffc7b071-00b3-4a69-8de5-2639a1a8d8ac@group-6911E2D50CC5, cid=3338, SUCCESS, logIndex=5569, commits[ffc7b071-00b3-4a69-8de5-2639a1a8d8ac:c5569]
2019-06-12 16:05:05,278 INFO  client.GrpcClientProtocolClient (GrpcClientProtocolClient.java:onNext(254)) - client-7F7296B99608->ffc7b071-00b3-4a69-8de5-2639a1a8d8ac: receive RaftClientReply:client-7F7296B99608->ffc7b071-00b3-4a69-8de5-2639a1a8d8ac@group-6911E2D50CC5, cid=3339, SUCCESS, logIndex=5570, commits[ffc7b071-00b3-4a69-8de5-2639a1a8d8ac:c5571]
2019-06-12 16:05:05,278 INFO  client.GrpcClientProtocolClient (GrpcClientProtocolClient.java:onNext(254)) - client-7F7296B99608->ffc7b071-00b3-4a69-8de5-2639a1a8d8ac: receive RaftClientReply:client-7F7296B99608->ffc7b071-00b3-4a69-8de5-2639a1a8d8ac@group-6911E2D50CC5, cid=3340, SUCCESS, logIndex=5571, commits[ffc7b071-00b3-4a69-8de5-2639a1a8d8ac:c5571]
2019-06-12 16:05:05,282 INFO  client.GrpcClientProtocolClient (GrpcClientProtocolClient.java:onNext(254)) - client-7F7296B99608->ffc7b071-00b3-4a69-8de5-2639a1a8d8ac: receive RaftClientReply:client-7F7296B99608->ffc7b071-00b3-4a69-8de5-2639a1a8d8ac@group-6911E2D50CC5, cid=3341, SUCCESS, logIndex=5574, commits[ffc7b071-00b3-4a69-8de5-2639a1a8d8ac:c5574]
2019-06-12 16:05:05,286 INFO  client.GrpcClientProtocolClient (GrpcClientProtocolClient.java:onNext(254)) - client-7F7296B99608->ffc7b071-00b3-4a69-8de5-2639a1a8d8ac: receive RaftClientReply:client-7F7296B99608->ffc7b071-00b3-4a69-8de5-2639a1a8d8ac@group-6911E2D50CC5, cid=3342, SUCCESS, logIndex=5576, commits[ffc7b071-00b3-4a69-8de5-2639a1a8d8ac:c5579]
2019-06-12 16:05:05,286 INFO  client.GrpcClientProtocolClient (GrpcClientProtocolClient.java:onNext(254)) - client-7F7296B99608->ffc7b071-00b3-4a69-8de5-2639a1a8d8ac: receive RaftClientReply:client-7F7296B99608->ffc7b071-00b3-4a69-8de5-2639a1a8d8ac@group-6911E2D50CC5, cid=3343, SUCCESS, logIndex=5577, commits[ffc7b071-00b3-4a69-8de5-2639a1a8d8ac:c5579]
2019-06-12 16:05:05,286 INFO  client.GrpcClientProtocolClient (GrpcClientProtocolClient.java:onNext(254)) - client-7F7296B99608->ffc7b071-00b3-4a69-8de5-2639a1a8d8ac: receive RaftClientReply:client-7F7296B99608->ffc7b071-00b3-4a69-8de5-2639a1a8d8ac@group-6911E2D50CC5, cid=3344, SUCCESS, logIndex=5578, commits[ffc7b071-00b3-4a69-8de5-2639a1a8d8ac:c5579]
2019-06-12 16:05:05,295 INFO  client.GrpcClientProtocolClient (GrpcClientProtocolClient.java:onNext(254)) - client-7F7296B99608->ffc7b071-00b3-4a69-8de5-2639a1a8d8ac: receive RaftClientReply:client-7F7296B99608->ffc7b071-00b3-4a69-8de5-2639a1a8d8ac@group-6911E2D50CC5, cid=3345, SUCCESS, logIndex=5580, commits[ffc7b071-00b3-4a69-8de5-2639a1a8d8ac:c5580]
2019-06-12 16:05:05,296 INFO  client.GrpcClientProtocolClient (GrpcClientProtocolClient.java:onNext(254)) - client-7F7296B99608->ffc7b071-00b3-4a69-8de5-2639a1a8d8ac: receive RaftClientReply:client-7F7296B99608->ffc7b071-00b3-4a69-8de5-2639a1a8d8ac@group-6911E2D50CC5, cid=3346, SUCCESS, logIndex=5582, commits[ffc7b071-00b3-4a69-8de5-2639a1a8d8ac:c5582]
2019-06-12 16:05:05,297 INFO  client.GrpcClientProtocolClient (GrpcClientProtocolClient.java:onNext(254)) - client-7F7296B99608->ffc7b071-00b3-4a69-8de5-2639a1a8d8ac: receive RaftClientReply:client-7F7296B99608->ffc7b071-00b3-4a69-8de5-2639a1a8d8ac@group-6911E2D50CC5, cid=3347, SUCCESS, logIndex=5583, commits[ffc7b071-00b3-4a69-8de5-2639a1a8d8ac:c5585]
2019-06-12 16:05:05,298 INFO  client.GrpcClientProtocolClient (GrpcClientProtocolClient.java:onNext(254)) - client-7F7296B99608->ffc7b071-00b3-4a69-8de5-2639a1a8d8ac: receive RaftClientReply:client-7F7296B99608->ffc7b071-00b3-4a69-8de5-2639a1a8d8ac@group-6911E2D50CC5, cid=3348, SUCCESS, logIndex=5584, commits[ffc7b071-00b3-4a69-8de5-2639a1a8d8ac:c5585]
2019-06-12 16:05:05,302 INFO  client.GrpcClientProtocolClient (GrpcClientProtocolClient.java:onNext(254)) - client-7F7296B99608->ffc7b071-00b3-4a69-8de5-2639a1a8d8ac: receive RaftClientReply:client-7F7296B99608->ffc7b071-00b3-4a69-8de5-2639a1a8d8ac@group-6911E2D50CC5, cid=3349, SUCCESS, logIndex=5586, commits[ffc7b071-00b3-4a69-8de5-2639a1a8d8ac:c5586]
2019-06-12 16:05:05,302 INFO  storage.RaftLogWorker (RaftLogWorker.java:rollLogSegment(303)) - ffc7b071-00b3-4a69-8de5-2639a1a8d8ac-RaftLogWorker: Rolling segment log-5515_5587 to index:5587
2019-06-12 16:05:05,303 INFO  storage.RaftLogWorker (RaftLogWorker.java:execute(433)) - ffc7b071-00b3-4a69-8de5-2639a1a8d8ac-RaftLogWorker: Rolled log segment from /opt/src/hadoop-ozone/integration-test/target/test-dir/MiniOzoneClusterImpl-a1c7246e-c692-4524-ad55-32b507b20431/datanode-0/data/ratis/4417d833-4fb6-4fa2-9413-6911e2d50cc5/current/log_inprogress_5515 to /opt/src/hadoop-ozone/integration-test/target/test-dir/MiniOzoneClusterImpl-a1c7246e-c692-4524-ad55-32b507b20431/datanode-0/data/ratis/4417d833-4fb6-4fa2-9413-6911e2d50cc5/current/log_5515-5587
2019-06-12 16:05:05,324 DEBUG block.SCMBlockDeletingService (SCMBlockDeletingService.java:call(138)) - Running DeletedBlockTransactionScanner
2019-06-12 16:05:05,324 DEBUG block.SCMBlockDeletingService (SCMBlockDeletingService.java:call(155)) - Scanned deleted blocks log and got 0 delTX to process.
2019-06-12 16:05:05,338 INFO  storage.RaftLogWorker (RaftLogWorker.java:execute(469)) - ffc7b071-00b3-4a69-8de5-2639a1a8d8ac-RaftLogWorker: created new log segment /opt/src/hadoop-ozone/integration-test/target/test-dir/MiniOzoneClusterImpl-a1c7246e-c692-4524-ad55-32b507b20431/datanode-0/data/ratis/4417d833-4fb6-4fa2-9413-6911e2d50cc5/current/log_inprogress_5588
2019-06-12 16:05:05,343 INFO  client.GrpcClientProtocolClient (GrpcClientProtocolClient.java:onNext(254)) - client-7F7296B99608->ffc7b071-00b3-4a69-8de5-2639a1a8d8ac: receive RaftClientReply:client-7F7296B99608->ffc7b071-00b3-4a69-8de5-2639a1a8d8ac@group-6911E2D50CC5, cid=3350, SUCCESS, logIndex=5588, commits[ffc7b071-00b3-4a69-8de5-2639a1a8d8ac:c5590]
2019-06-12 16:05:05,344 INFO  client.GrpcClientProtocolClient (GrpcClientProtocolClient.java:onNext(254)) - client-7F7296B99608->ffc7b071-00b3-4a69-8de5-2639a1a8d8ac: receive RaftClientReply:client-7F7296B99608->ffc7b071-00b3-4a69-8de5-2639a1a8d8ac@group-6911E2D50CC5, cid=3351, SUCCESS, logIndex=5589, commits[ffc7b071-00b3-4a69-8de5-2639a1a8d8ac:c5590]
2019-06-12 16:05:05,344 INFO  client.GrpcClientProtocolClient (GrpcClientProtocolClient.java:onNext(254)) - client-7F7296B99608->ffc7b071-00b3-4a69-8de5-2639a1a8d8ac: receive RaftClientReply:client-7F7296B99608->ffc7b071-00b3-4a69-8de5-2639a1a8d8ac@group-6911E2D50CC5, cid=3352, SUCCESS, logIndex=5590, commits[ffc7b071-00b3-4a69-8de5-2639a1a8d8ac:c5590]
2019-06-12 16:05:05,424 DEBUG block.SCMBlockDeletingService (SCMBlockDeletingService.java:call(138)) - Running DeletedBlockTransactionScanner
2019-06-12 16:05:05,424 DEBUG block.SCMBlockDeletingService (SCMBlockDeletingService.java:call(155)) - Scanned deleted blocks log and got 0 delTX to process.
2019-06-12 16:05:05,477 INFO  client.GrpcClientProtocolClient (GrpcClientProtocolClient.java:onNext(254)) - client-7F7296B99608->ffc7b071-00b3-4a69-8de5-2639a1a8d8ac: receive RaftClientReply:client-7F7296B99608->ffc7b071-00b3-4a69-8de5-2639a1a8d8ac@group-6911E2D50CC5, cid=3353, SUCCESS, logIndex=5592, commits[ffc7b071-00b3-4a69-8de5-2639a1a8d8ac:c5592]
2019-06-12 16:05:05,482 INFO  client.GrpcClientProtocolClient (GrpcClientProtocolClient.java:onNext(254)) - client-7F7296B99608->ffc7b071-00b3-4a69-8de5-2639a1a8d8ac: receive RaftClientReply:client-7F7296B99608->ffc7b071-00b3-4a69-8de5-2639a1a8d8ac@group-6911E2D50CC5, cid=3354, SUCCESS, logIndex=5594, commits[ffc7b071-00b3-4a69-8de5-2639a1a8d8ac:c5596]
2019-06-12 16:05:05,483 INFO  client.GrpcClientProtocolClient (GrpcClientProtocolClient.java:onNext(254)) - client-7F7296B99608->ffc7b071-00b3-4a69-8de5-2639a1a8d8ac: receive RaftClientReply:client-7F7296B99608->ffc7b071-00b3-4a69-8de5-2639a1a8d8ac@group-6911E2D50CC5, cid=3355, SUCCESS, logIndex=5595, commits[ffc7b071-00b3-4a69-8de5-2639a1a8d8ac:c5597]
2019-06-12 16:05:05,483 INFO  client.GrpcClientProtocolClient (GrpcClientProtocolClient.java:onNext(254)) - client-7F7296B99608->ffc7b071-00b3-4a69-8de5-2639a1a8d8ac: receive RaftClientReply:client-7F7296B99608->ffc7b071-00b3-4a69-8de5-2639a1a8d8ac@group-6911E2D50CC5, cid=3356, SUCCESS, logIndex=5596, commits[ffc7b071-00b3-4a69-8de5-2639a1a8d8ac:c5597]
2019-06-12 16:05:05,488 INFO  client.GrpcClientProtocolClient (GrpcClientProtocolClient.java:onNext(254)) - client-7F7296B99608->ffc7b071-00b3-4a69-8de5-2639a1a8d8ac: receive RaftClientReply:client-7F7296B99608->ffc7b071-00b3-4a69-8de5-2639a1a8d8ac@group-6911E2D50CC5, cid=3357, SUCCESS, logIndex=5598, commits[ffc7b071-00b3-4a69-8de5-2639a1a8d8ac:c5598]
2019-06-12 16:05:05,490 INFO  client.GrpcClientProtocolClient (GrpcClientProtocolClient.java:onNext(254)) - client-7F7296B99608->ffc7b071-00b3-4a69-8de5-2639a1a8d8ac: receive RaftClientReply:client-7F7296B99608->ffc7b071-00b3-4a69-8de5-2639a1a8d8ac@group-6911E2D50CC5, cid=3358, SUCCESS, logIndex=5600, commits[ffc7b071-00b3-4a69-8de5-2639a1a8d8ac:c5600]
2019-06-12 16:05:05,525 DEBUG block.SCMBlockDeletingService (SCMBlockDeletingService.java:call(138)) - Running DeletedBlockTransactionScanner
2019-06-12 16:05:05,525 DEBUG block.SCMBlockDeletingService (SCMBlockDeletingService.java:call(155)) - Scanned deleted blocks log and got 0 delTX to process.
2019-06-12 16:05:05,561 INFO  client.GrpcClientProtocolClient (GrpcClientProtocolClient.java:onNext(254)) - client-7F7296B99608->ffc7b071-00b3-4a69-8de5-2639a1a8d8ac: receive RaftClientReply:client-7F7296B99608->ffc7b071-00b3-4a69-8de5-2639a1a8d8ac@group-6911E2D50CC5, cid=3359, SUCCESS, logIndex=5602, commits[ffc7b071-00b3-4a69-8de5-2639a1a8d8ac:c5602]
2019-06-12 16:05:05,562 INFO  client.GrpcClientProtocolClient (GrpcClientProtocolClient.java:onNext(254)) - client-7F7296B99608->ffc7b071-00b3-4a69-8de5-2639a1a8d8ac: receive RaftClientReply:client-7F7296B99608->ffc7b071-00b3-4a69-8de5-2639a1a8d8ac@group-6911E2D50CC5, cid=3360, SUCCESS, logIndex=5604, commits[ffc7b071-00b3-4a69-8de5-2639a1a8d8ac:c5604]
2019-06-12 16:05:05,572 INFO  client.GrpcClientProtocolClient (GrpcClientProtocolClient.java:onNext(254)) - client-7F7296B99608->ffc7b071-00b3-4a69-8de5-2639a1a8d8ac: receive RaftClientReply:client-7F7296B99608->ffc7b071-00b3-4a69-8de5-2639a1a8d8ac@group-6911E2D50CC5, cid=3361, SUCCESS, logIndex=5606, commits[ffc7b071-00b3-4a69-8de5-2639a1a8d8ac:c5606]
2019-06-12 16:05:05,574 INFO  client.GrpcClientProtocolClient (GrpcClientProtocolClient.java:onNext(254)) - client-7F7296B99608->ffc7b071-00b3-4a69-8de5-2639a1a8d8ac: receive RaftClientReply:client-7F7296B99608->ffc7b071-00b3-4a69-8de5-2639a1a8d8ac@group-6911E2D50CC5, cid=3362, SUCCESS, logIndex=5608, commits[ffc7b071-00b3-4a69-8de5-2639a1a8d8ac:c5608]
2019-06-12 16:05:05,574 INFO  client.GrpcClientProtocolClient (GrpcClientProtocolClient.java:onNext(254)) - client-7F7296B99608->ffc7b071-00b3-4a69-8de5-2639a1a8d8ac: receive RaftClientReply:client-7F7296B99608->ffc7b071-00b3-4a69-8de5-2639a1a8d8ac@group-6911E2D50CC5, cid=3363, SUCCESS, logIndex=5609, commits[ffc7b071-00b3-4a69-8de5-2639a1a8d8ac:c5611]
2019-06-12 16:05:05,574 INFO  client.GrpcClientProtocolClient (GrpcClientProtocolClient.java:onNext(254)) - client-7F7296B99608->ffc7b071-00b3-4a69-8de5-2639a1a8d8ac: receive RaftClientReply:client-7F7296B99608->ffc7b071-00b3-4a69-8de5-2639a1a8d8ac@group-6911E2D50CC5, cid=3364, SUCCESS, logIndex=5610, commits[ffc7b071-00b3-4a69-8de5-2639a1a8d8ac:c5611]
2019-06-12 16:05:05,579 INFO  client.GrpcClientProtocolClient (GrpcClientProtocolClient.java:onNext(254)) - client-7F7296B99608->ffc7b071-00b3-4a69-8de5-2639a1a8d8ac: receive RaftClientReply:client-7F7296B99608->ffc7b071-00b3-4a69-8de5-2639a1a8d8ac@group-6911E2D50CC5, cid=3365, SUCCESS, logIndex=5612, commits[ffc7b071-00b3-4a69-8de5-2639a1a8d8ac:c5612]
2019-06-12 16:05:05,580 INFO  client.GrpcClientProtocolClient (GrpcClientProtocolClient.java:onNext(254)) - client-7F7296B99608->ffc7b071-00b3-4a69-8de5-2639a1a8d8ac: receive RaftClientReply:client-7F7296B99608->ffc7b071-00b3-4a69-8de5-2639a1a8d8ac@group-6911E2D50CC5, cid=3366, SUCCESS, logIndex=5614, commits[ffc7b071-00b3-4a69-8de5-2639a1a8d8ac:c5614]
2019-06-12 16:05:05,581 INFO  client.GrpcClientProtocolClient (GrpcClientProtocolClient.java:onNext(254)) - client-7F7296B99608->ffc7b071-00b3-4a69-8de5-2639a1a8d8ac: receive RaftClientReply:client-7F7296B99608->ffc7b071-00b3-4a69-8de5-2639a1a8d8ac@group-6911E2D50CC5, cid=3367, SUCCESS, logIndex=5615, commits[ffc7b071-00b3-4a69-8de5-2639a1a8d8ac:c5617]
2019-06-12 16:05:05,581 INFO  client.GrpcClientProtocolClient (GrpcClientProtocolClient.java:onNext(254)) - client-7F7296B99608->ffc7b071-00b3-4a69-8de5-2639a1a8d8ac: receive RaftClientReply:client-7F7296B99608->ffc7b071-00b3-4a69-8de5-2639a1a8d8ac@group-6911E2D50CC5, cid=3368, SUCCESS, logIndex=5616, commits[ffc7b071-00b3-4a69-8de5-2639a1a8d8ac:c5617]
2019-06-12 16:05:05,590 INFO  client.GrpcClientProtocolClient (GrpcClientProtocolClient.java:onNext(254)) - client-7F7296B99608->ffc7b071-00b3-4a69-8de5-2639a1a8d8ac: receive RaftClientReply:client-7F7296B99608->ffc7b071-00b3-4a69-8de5-2639a1a8d8ac@group-6911E2D50CC5, cid=3369, SUCCESS, logIndex=5618, commits[ffc7b071-00b3-4a69-8de5-2639a1a8d8ac:c5618]
2019-06-12 16:05:05,592 INFO  client.GrpcClientProtocolClient (GrpcClientProtocolClient.java:onNext(254)) - client-7F7296B99608->ffc7b071-00b3-4a69-8de5-2639a1a8d8ac: receive RaftClientReply:client-7F7296B99608->ffc7b071-00b3-4a69-8de5-2639a1a8d8ac@group-6911E2D50CC5, cid=3370, SUCCESS, logIndex=5620, commits[ffc7b071-00b3-4a69-8de5-2639a1a8d8ac:c5620]
2019-06-12 16:05:05,593 INFO  client.GrpcClientProtocolClient (GrpcClientProtocolClient.java:onNext(254)) - client-7F7296B99608->ffc7b071-00b3-4a69-8de5-2639a1a8d8ac: receive RaftClientReply:client-7F7296B99608->ffc7b071-00b3-4a69-8de5-2639a1a8d8ac@group-6911E2D50CC5, cid=3371, SUCCESS, logIndex=5621, commits[ffc7b071-00b3-4a69-8de5-2639a1a8d8ac:c5623]
2019-06-12 16:05:05,593 INFO  client.GrpcClientProtocolClient (GrpcClientProtocolClient.java:onNext(254)) - client-7F7296B99608->ffc7b071-00b3-4a69-8de5-2639a1a8d8ac: receive RaftClientReply:client-7F7296B99608->ffc7b071-00b3-4a69-8de5-2639a1a8d8ac@group-6911E2D50CC5, cid=3372, SUCCESS, logIndex=5622, commits[ffc7b071-00b3-4a69-8de5-2639a1a8d8ac:c5623]
2019-06-12 16:05:05,639 DEBUG block.SCMBlockDeletingService (SCMBlockDeletingService.java:call(138)) - Running DeletedBlockTransactionScanner
2019-06-12 16:05:05,640 DEBUG block.SCMBlockDeletingService (SCMBlockDeletingService.java:call(155)) - Scanned deleted blocks log and got 0 delTX to process.
2019-06-12 16:05:05,643 INFO  client.GrpcClientProtocolClient (GrpcClientProtocolClient.java:onNext(254)) - client-7F7296B99608->ffc7b071-00b3-4a69-8de5-2639a1a8d8ac: receive RaftClientReply:client-7F7296B99608->ffc7b071-00b3-4a69-8de5-2639a1a8d8ac@group-6911E2D50CC5, cid=3373, SUCCESS, logIndex=5624, commits[ffc7b071-00b3-4a69-8de5-2639a1a8d8ac:c5624]
2019-06-12 16:05:05,644 INFO  client.GrpcClientProtocolClient (GrpcClientProtocolClient.java:onNext(254)) - client-7F7296B99608->ffc7b071-00b3-4a69-8de5-2639a1a8d8ac: receive RaftClientReply:client-7F7296B99608->ffc7b071-00b3-4a69-8de5-2639a1a8d8ac@group-6911E2D50CC5, cid=3374, SUCCESS, logIndex=5626, commits[ffc7b071-00b3-4a69-8de5-2639a1a8d8ac:c5626]
2019-06-12 16:05:05,645 INFO  client.GrpcClientProtocolClient (GrpcClientProtocolClient.java:onNext(254)) - client-7F7296B99608->ffc7b071-00b3-4a69-8de5-2639a1a8d8ac: receive RaftClientReply:client-7F7296B99608->ffc7b071-00b3-4a69-8de5-2639a1a8d8ac@group-6911E2D50CC5, cid=3375, SUCCESS, logIndex=5627, commits[ffc7b071-00b3-4a69-8de5-2639a1a8d8ac:c5629]
2019-06-12 16:05:05,646 INFO  client.GrpcClientProtocolClient (GrpcClientProtocolClient.java:onNext(254)) - client-7F7296B99608->ffc7b071-00b3-4a69-8de5-2639a1a8d8ac: receive RaftClientReply:client-7F7296B99608->ffc7b071-00b3-4a69-8de5-2639a1a8d8ac@group-6911E2D50CC5, cid=3376, SUCCESS, logIndex=5628, commits[ffc7b071-00b3-4a69-8de5-2639a1a8d8ac:c5629]
2019-06-12 16:05:05,658 INFO  client.GrpcClientProtocolClient (GrpcClientProtocolClient.java:onNext(254)) - client-7F7296B99608->ffc7b071-00b3-4a69-8de5-2639a1a8d8ac: receive RaftClientReply:client-7F7296B99608->ffc7b071-00b3-4a69-8de5-2639a1a8d8ac@group-6911E2D50CC5, cid=3377, SUCCESS, logIndex=5630, commits[ffc7b071-00b3-4a69-8de5-2639a1a8d8ac:c5630]
2019-06-12 16:05:05,658 INFO  client.GrpcClientProtocolClient (GrpcClientProtocolClient.java:onNext(254)) - client-7F7296B99608->ffc7b071-00b3-4a69-8de5-2639a1a8d8ac: receive RaftClientReply:client-7F7296B99608->ffc7b071-00b3-4a69-8de5-2639a1a8d8ac@group-6911E2D50CC5, cid=3378, SUCCESS, logIndex=5632, commits[ffc7b071-00b3-4a69-8de5-2639a1a8d8ac:c5632]
2019-06-12 16:05:05,658 INFO  client.GrpcClientProtocolClient (GrpcClientProtocolClient.java:onNext(254)) - client-7F7296B99608->ffc7b071-00b3-4a69-8de5-2639a1a8d8ac: receive RaftClientReply:client-7F7296B99608->ffc7b071-00b3-4a69-8de5-2639a1a8d8ac@group-6911E2D50CC5, cid=3379, SUCCESS, logIndex=5633, commits[ffc7b071-00b3-4a69-8de5-2639a1a8d8ac:c5635]
2019-06-12 16:05:05,659 INFO  client.GrpcClientProtocolClient (GrpcClientProtocolClient.java:onNext(254)) - client-7F7296B99608->ffc7b071-00b3-4a69-8de5-2639a1a8d8ac: receive RaftClientReply:client-7F7296B99608->ffc7b071-00b3-4a69-8de5-2639a1a8d8ac@group-6911E2D50CC5, cid=3380, SUCCESS, logIndex=5634, commits[ffc7b071-00b3-4a69-8de5-2639a1a8d8ac:c5635]
2019-06-12 16:05:05,667 INFO  client.GrpcClientProtocolClient (GrpcClientProtocolClient.java:onNext(254)) - client-7F7296B99608->ffc7b071-00b3-4a69-8de5-2639a1a8d8ac: receive RaftClientReply:client-7F7296B99608->ffc7b071-00b3-4a69-8de5-2639a1a8d8ac@group-6911E2D50CC5, cid=3381, SUCCESS, logIndex=5636, commits[ffc7b071-00b3-4a69-8de5-2639a1a8d8ac:c5636]
2019-06-12 16:05:05,669 INFO  client.GrpcClientProtocolClient (GrpcClientProtocolClient.java:onNext(254)) - client-7F7296B99608->ffc7b071-00b3-4a69-8de5-2639a1a8d8ac: receive RaftClientReply:client-7F7296B99608->ffc7b071-00b3-4a69-8de5-2639a1a8d8ac@group-6911E2D50CC5, cid=3382, SUCCESS, logIndex=5638, commits[ffc7b071-00b3-4a69-8de5-2639a1a8d8ac:c5638]
2019-06-12 16:05:05,669 INFO  client.GrpcClientProtocolClient (GrpcClientProtocolClient.java:onNext(254)) - client-7F7296B99608->ffc7b071-00b3-4a69-8de5-2639a1a8d8ac: receive RaftClientReply:client-7F7296B99608->ffc7b071-00b3-4a69-8de5-2639a1a8d8ac@group-6911E2D50CC5, cid=3383, SUCCESS, logIndex=5639, commits[ffc7b071-00b3-4a69-8de5-2639a1a8d8ac:c5641]
2019-06-12 16:05:05,670 INFO  client.GrpcClientProtocolClient (GrpcClientProtocolClient.java:onNext(254)) - client-7F7296B99608->ffc7b071-00b3-4a69-8de5-2639a1a8d8ac: receive RaftClientReply:client-7F7296B99608->ffc7b071-00b3-4a69-8de5-2639a1a8d8ac@group-6911E2D50CC5, cid=3384, SUCCESS, logIndex=5640, commits[ffc7b071-00b3-4a69-8de5-2639a1a8d8ac:c5641]
2019-06-12 16:05:05,680 INFO  client.GrpcClientProtocolClient (GrpcClientProtocolClient.java:onNext(254)) - client-7F7296B99608->ffc7b071-00b3-4a69-8de5-2639a1a8d8ac: receive RaftClientReply:client-7F7296B99608->ffc7b071-00b3-4a69-8de5-2639a1a8d8ac@group-6911E2D50CC5, cid=3385, SUCCESS, logIndex=5642, commits[ffc7b071-00b3-4a69-8de5-2639a1a8d8ac:c5642]
2019-06-12 16:05:05,683 INFO  client.GrpcClientProtocolClient (GrpcClientProtocolClient.java:onNext(254)) - client-7F7296B99608->ffc7b071-00b3-4a69-8de5-2639a1a8d8ac: receive RaftClientReply:client-7F7296B99608->ffc7b071-00b3-4a69-8de5-2639a1a8d8ac@group-6911E2D50CC5, cid=3386, SUCCESS, logIndex=5644, commits[ffc7b071-00b3-4a69-8de5-2639a1a8d8ac:c5646]
2019-06-12 16:05:05,683 INFO  client.GrpcClientProtocolClient (GrpcClientProtocolClient.java:onNext(254)) - client-7F7296B99608->ffc7b071-00b3-4a69-8de5-2639a1a8d8ac: receive RaftClientReply:client-7F7296B99608->ffc7b071-00b3-4a69-8de5-2639a1a8d8ac@group-6911E2D50CC5, cid=3387, SUCCESS, logIndex=5645, commits[ffc7b071-00b3-4a69-8de5-2639a1a8d8ac:c5646]
2019-06-12 16:05:05,683 INFO  client.GrpcClientProtocolClient (GrpcClientProtocolClient.java:onNext(254)) - client-7F7296B99608->ffc7b071-00b3-4a69-8de5-2639a1a8d8ac: receive RaftClientReply:client-7F7296B99608->ffc7b071-00b3-4a69-8de5-2639a1a8d8ac@group-6911E2D50CC5, cid=3388, SUCCESS, logIndex=5646, commits[ffc7b071-00b3-4a69-8de5-2639a1a8d8ac:c5646]
2019-06-12 16:05:05,689 INFO  client.GrpcClientProtocolClient (GrpcClientProtocolClient.java:onNext(254)) - client-7F7296B99608->ffc7b071-00b3-4a69-8de5-2639a1a8d8ac: receive RaftClientReply:client-7F7296B99608->ffc7b071-00b3-4a69-8de5-2639a1a8d8ac@group-6911E2D50CC5, cid=3389, SUCCESS, logIndex=5648, commits[ffc7b071-00b3-4a69-8de5-2639a1a8d8ac:c5648]
2019-06-12 16:05:05,690 INFO  client.GrpcClientProtocolClient (GrpcClientProtocolClient.java:onNext(254)) - client-7F7296B99608->ffc7b071-00b3-4a69-8de5-2639a1a8d8ac: receive RaftClientReply:client-7F7296B99608->ffc7b071-00b3-4a69-8de5-2639a1a8d8ac@group-6911E2D50CC5, cid=3390, SUCCESS, logIndex=5650, commits[ffc7b071-00b3-4a69-8de5-2639a1a8d8ac:c5650]
2019-06-12 16:05:05,691 INFO  client.GrpcClientProtocolClient (GrpcClientProtocolClient.java:onNext(254)) - client-7F7296B99608->ffc7b071-00b3-4a69-8de5-2639a1a8d8ac: receive RaftClientReply:client-7F7296B99608->ffc7b071-00b3-4a69-8de5-2639a1a8d8ac@group-6911E2D50CC5, cid=3391, SUCCESS, logIndex=5651, commits[ffc7b071-00b3-4a69-8de5-2639a1a8d8ac:c5653]
2019-06-12 16:05:05,694 INFO  client.GrpcClientProtocolClient (GrpcClientProtocolClient.java:onNext(254)) - client-7F7296B99608->ffc7b071-00b3-4a69-8de5-2639a1a8d8ac: receive RaftClientReply:client-7F7296B99608->ffc7b071-00b3-4a69-8de5-2639a1a8d8ac@group-6911E2D50CC5, cid=3392, SUCCESS, logIndex=5653, commits[ffc7b071-00b3-4a69-8de5-2639a1a8d8ac:c5653]
2019-06-12 16:05:05,702 INFO  storage.RaftLogWorker (RaftLogWorker.java:rollLogSegment(303)) - ffc7b071-00b3-4a69-8de5-2639a1a8d8ac-RaftLogWorker: Rolling segment log-5588_5654 to index:5654
2019-06-12 16:05:05,703 INFO  storage.RaftLogWorker (RaftLogWorker.java:execute(433)) - ffc7b071-00b3-4a69-8de5-2639a1a8d8ac-RaftLogWorker: Rolled log segment from /opt/src/hadoop-ozone/integration-test/target/test-dir/MiniOzoneClusterImpl-a1c7246e-c692-4524-ad55-32b507b20431/datanode-0/data/ratis/4417d833-4fb6-4fa2-9413-6911e2d50cc5/current/log_inprogress_5588 to /opt/src/hadoop-ozone/integration-test/target/test-dir/MiniOzoneClusterImpl-a1c7246e-c692-4524-ad55-32b507b20431/datanode-0/data/ratis/4417d833-4fb6-4fa2-9413-6911e2d50cc5/current/log_5588-5654
2019-06-12 16:05:05,740 DEBUG block.SCMBlockDeletingService (SCMBlockDeletingService.java:call(138)) - Running DeletedBlockTransactionScanner
2019-06-12 16:05:05,740 DEBUG block.SCMBlockDeletingService (SCMBlockDeletingService.java:call(155)) - Scanned deleted blocks log and got 0 delTX to process.
2019-06-12 16:05:05,744 INFO  storage.RaftLogWorker (RaftLogWorker.java:execute(469)) - ffc7b071-00b3-4a69-8de5-2639a1a8d8ac-RaftLogWorker: created new log segment /opt/src/hadoop-ozone/integration-test/target/test-dir/MiniOzoneClusterImpl-a1c7246e-c692-4524-ad55-32b507b20431/datanode-0/data/ratis/4417d833-4fb6-4fa2-9413-6911e2d50cc5/current/log_inprogress_5655
2019-06-12 16:05:05,745 INFO  client.GrpcClientProtocolClient (GrpcClientProtocolClient.java:onNext(254)) - client-7F7296B99608->ffc7b071-00b3-4a69-8de5-2639a1a8d8ac: receive RaftClientReply:client-7F7296B99608->ffc7b071-00b3-4a69-8de5-2639a1a8d8ac@group-6911E2D50CC5, cid=3393, SUCCESS, logIndex=5655, commits[ffc7b071-00b3-4a69-8de5-2639a1a8d8ac:c5655]
2019-06-12 16:05:05,747 INFO  client.GrpcClientProtocolClient (GrpcClientProtocolClient.java:onNext(254)) - client-7F7296B99608->ffc7b071-00b3-4a69-8de5-2639a1a8d8ac: receive RaftClientReply:client-7F7296B99608->ffc7b071-00b3-4a69-8de5-2639a1a8d8ac@group-6911E2D50CC5, cid=3394, SUCCESS, logIndex=5657, commits[ffc7b071-00b3-4a69-8de5-2639a1a8d8ac:c5657]
2019-06-12 16:05:05,747 INFO  client.GrpcClientProtocolClient (GrpcClientProtocolClient.java:onNext(254)) - client-7F7296B99608->ffc7b071-00b3-4a69-8de5-2639a1a8d8ac: receive RaftClientReply:client-7F7296B99608->ffc7b071-00b3-4a69-8de5-2639a1a8d8ac@group-6911E2D50CC5, cid=3395, SUCCESS, logIndex=5658, commits[ffc7b071-00b3-4a69-8de5-2639a1a8d8ac:c5660]
2019-06-12 16:05:05,748 INFO  client.GrpcClientProtocolClient (GrpcClientProtocolClient.java:onNext(254)) - client-7F7296B99608->ffc7b071-00b3-4a69-8de5-2639a1a8d8ac: receive RaftClientReply:client-7F7296B99608->ffc7b071-00b3-4a69-8de5-2639a1a8d8ac@group-6911E2D50CC5, cid=3396, SUCCESS, logIndex=5659, commits[ffc7b071-00b3-4a69-8de5-2639a1a8d8ac:c5660]
2019-06-12 16:05:05,754 INFO  client.GrpcClientProtocolClient (GrpcClientProtocolClient.java:onNext(254)) - client-7F7296B99608->ffc7b071-00b3-4a69-8de5-2639a1a8d8ac: receive RaftClientReply:client-7F7296B99608->ffc7b071-00b3-4a69-8de5-2639a1a8d8ac@group-6911E2D50CC5, cid=3397, SUCCESS, logIndex=5661, commits[ffc7b071-00b3-4a69-8de5-2639a1a8d8ac:c5661]
2019-06-12 16:05:05,756 INFO  client.GrpcClientProtocolClient (GrpcClientProtocolClient.java:onNext(254)) - client-7F7296B99608->ffc7b071-00b3-4a69-8de5-2639a1a8d8ac: receive RaftClientReply:client-7F7296B99608->ffc7b071-00b3-4a69-8de5-2639a1a8d8ac@group-6911E2D50CC5, cid=3398, SUCCESS, logIndex=5663, commits[ffc7b071-00b3-4a69-8de5-2639a1a8d8ac:c5663]
2019-06-12 16:05:05,756 INFO  client.GrpcClientProtocolClient (GrpcClientProtocolClient.java:onNext(254)) - client-7F7296B99608->ffc7b071-00b3-4a69-8de5-2639a1a8d8ac: receive RaftClientReply:client-7F7296B99608->ffc7b071-00b3-4a69-8de5-2639a1a8d8ac@group-6911E2D50CC5, cid=3399, SUCCESS, logIndex=5664, commits[ffc7b071-00b3-4a69-8de5-2639a1a8d8ac:c5665]
2019-06-12 16:05:05,756 INFO  client.GrpcClientProtocolClient (GrpcClientProtocolClient.java:onNext(254)) - client-7F7296B99608->ffc7b071-00b3-4a69-8de5-2639a1a8d8ac: receive RaftClientReply:client-7F7296B99608->ffc7b071-00b3-4a69-8de5-2639a1a8d8ac@group-6911E2D50CC5, cid=3400, SUCCESS, logIndex=5665, commits[ffc7b071-00b3-4a69-8de5-2639a1a8d8ac:c5665]
2019-06-12 16:05:05,767 INFO  client.GrpcClientProtocolClient (GrpcClientProtocolClient.java:onNext(254)) - client-7F7296B99608->ffc7b071-00b3-4a69-8de5-2639a1a8d8ac: receive RaftClientReply:client-7F7296B99608->ffc7b071-00b3-4a69-8de5-2639a1a8d8ac@group-6911E2D50CC5, cid=3401, SUCCESS, logIndex=5668, commits[ffc7b071-00b3-4a69-8de5-2639a1a8d8ac:c5668]
2019-06-12 16:05:05,770 INFO  client.GrpcClientProtocolClient (GrpcClientProtocolClient.java:onNext(254)) - client-7F7296B99608->ffc7b071-00b3-4a69-8de5-2639a1a8d8ac: receive RaftClientReply:client-7F7296B99608->ffc7b071-00b3-4a69-8de5-2639a1a8d8ac@group-6911E2D50CC5, cid=3402, SUCCESS, logIndex=5670, commits[ffc7b071-00b3-4a69-8de5-2639a1a8d8ac:c5672]
2019-06-12 16:05:05,770 INFO  client.GrpcClientProtocolClient (GrpcClientProtocolClient.java:onNext(254)) - client-7F7296B99608->ffc7b071-00b3-4a69-8de5-2639a1a8d8ac: receive RaftClientReply:client-7F7296B99608->ffc7b071-00b3-4a69-8de5-2639a1a8d8ac@group-6911E2D50CC5, cid=3403, SUCCESS, logIndex=5671, commits[ffc7b071-00b3-4a69-8de5-2639a1a8d8ac:c5672]
2019-06-12 16:05:05,770 INFO  client.GrpcClientProtocolClient (GrpcClientProtocolClient.java:onNext(254)) - client-7F7296B99608->ffc7b071-00b3-4a69-8de5-2639a1a8d8ac: receive RaftClientReply:client-7F7296B99608->ffc7b071-00b3-4a69-8de5-2639a1a8d8ac@group-6911E2D50CC5, cid=3404, SUCCESS, logIndex=5672, commits[ffc7b071-00b3-4a69-8de5-2639a1a8d8ac:c5673]
2019-06-12 16:05:05,841 DEBUG block.SCMBlockDeletingService (SCMBlockDeletingService.java:call(138)) - Running DeletedBlockTransactionScanner
2019-06-12 16:05:05,841 DEBUG block.SCMBlockDeletingService (SCMBlockDeletingService.java:call(155)) - Scanned deleted blocks log and got 0 delTX to process.
2019-06-12 16:05:05,841 INFO  client.GrpcClientProtocolClient (GrpcClientProtocolClient.java:onNext(254)) - client-7F7296B99608->ffc7b071-00b3-4a69-8de5-2639a1a8d8ac: receive RaftClientReply:client-7F7296B99608->ffc7b071-00b3-4a69-8de5-2639a1a8d8ac@group-6911E2D50CC5, cid=3405, SUCCESS, logIndex=5674, commits[ffc7b071-00b3-4a69-8de5-2639a1a8d8ac:c5674]
2019-06-12 16:05:05,843 INFO  client.GrpcClientProtocolClient (GrpcClientProtocolClient.java:onNext(254)) - client-7F7296B99608->ffc7b071-00b3-4a69-8de5-2639a1a8d8ac: receive RaftClientReply:client-7F7296B99608->ffc7b071-00b3-4a69-8de5-2639a1a8d8ac@group-6911E2D50CC5, cid=3406, SUCCESS, logIndex=5676, commits[ffc7b071-00b3-4a69-8de5-2639a1a8d8ac:c5676]
2019-06-12 16:05:05,844 INFO  client.GrpcClientProtocolClient (GrpcClientProtocolClient.java:onNext(254)) - client-7F7296B99608->ffc7b071-00b3-4a69-8de5-2639a1a8d8ac: receive RaftClientReply:client-7F7296B99608->ffc7b071-00b3-4a69-8de5-2639a1a8d8ac@group-6911E2D50CC5, cid=3407, SUCCESS, logIndex=5677, commits[ffc7b071-00b3-4a69-8de5-2639a1a8d8ac:c5679]
2019-06-12 16:05:05,844 INFO  client.GrpcClientProtocolClient (GrpcClientProtocolClient.java:onNext(254)) - client-7F7296B99608->ffc7b071-00b3-4a69-8de5-2639a1a8d8ac: receive RaftClientReply:client-7F7296B99608->ffc7b071-00b3-4a69-8de5-2639a1a8d8ac@group-6911E2D50CC5, cid=3408, SUCCESS, logIndex=5678, commits[ffc7b071-00b3-4a69-8de5-2639a1a8d8ac:c5679]
2019-06-12 16:05:05,855 INFO  client.GrpcClientProtocolClient (GrpcClientProtocolClient.java:onNext(254)) - client-7F7296B99608->ffc7b071-00b3-4a69-8de5-2639a1a8d8ac: receive RaftClientReply:client-7F7296B99608->ffc7b071-00b3-4a69-8de5-2639a1a8d8ac@group-6911E2D50CC5, cid=3409, SUCCESS, logIndex=5680, commits[ffc7b071-00b3-4a69-8de5-2639a1a8d8ac:c5680]
2019-06-12 16:05:05,857 INFO  client.GrpcClientProtocolClient (GrpcClientProtocolClient.java:onNext(254)) - client-7F7296B99608->ffc7b071-00b3-4a69-8de5-2639a1a8d8ac: receive RaftClientReply:client-7F7296B99608->ffc7b071-00b3-4a69-8de5-2639a1a8d8ac@group-6911E2D50CC5, cid=3410, SUCCESS, logIndex=5682, commits[ffc7b071-00b3-4a69-8de5-2639a1a8d8ac:c5682]
2019-06-12 16:05:05,857 INFO  client.GrpcClientProtocolClient (GrpcClientProtocolClient.java:onNext(254)) - client-7F7296B99608->ffc7b071-00b3-4a69-8de5-2639a1a8d8ac: receive RaftClientReply:client-7F7296B99608->ffc7b071-00b3-4a69-8de5-2639a1a8d8ac@group-6911E2D50CC5, cid=3411, SUCCESS, logIndex=5683, commits[ffc7b071-00b3-4a69-8de5-2639a1a8d8ac:c5685]
2019-06-12 16:05:05,857 INFO  client.GrpcClientProtocolClient (GrpcClientProtocolClient.java:onNext(254)) - client-7F7296B99608->ffc7b071-00b3-4a69-8de5-2639a1a8d8ac: receive RaftClientReply:client-7F7296B99608->ffc7b071-00b3-4a69-8de5-2639a1a8d8ac@group-6911E2D50CC5, cid=3412, SUCCESS, logIndex=5684, commits[ffc7b071-00b3-4a69-8de5-2639a1a8d8ac:c5685]
2019-06-12 16:05:05,862 INFO  client.GrpcClientProtocolClient (GrpcClientProtocolClient.java:onNext(254)) - client-7F7296B99608->ffc7b071-00b3-4a69-8de5-2639a1a8d8ac: receive RaftClientReply:client-7F7296B99608->ffc7b071-00b3-4a69-8de5-2639a1a8d8ac@group-6911E2D50CC5, cid=3413, SUCCESS, logIndex=5686, commits[ffc7b071-00b3-4a69-8de5-2639a1a8d8ac:c5686]
2019-06-12 16:05:05,864 INFO  client.GrpcClientProtocolClient (GrpcClientProtocolClient.java:onNext(254)) - client-7F7296B99608->ffc7b071-00b3-4a69-8de5-2639a1a8d8ac: receive RaftClientReply:client-7F7296B99608->ffc7b071-00b3-4a69-8de5-2639a1a8d8ac@group-6911E2D50CC5, cid=3414, SUCCESS, logIndex=5688, commits[ffc7b071-00b3-4a69-8de5-2639a1a8d8ac:c5688]
2019-06-12 16:05:05,865 INFO  client.GrpcClientProtocolClient (GrpcClientProtocolClient.java:onNext(254)) - client-7F7296B99608->ffc7b071-00b3-4a69-8de5-2639a1a8d8ac: receive RaftClientReply:client-7F7296B99608->ffc7b071-00b3-4a69-8de5-2639a1a8d8ac@group-6911E2D50CC5, cid=3415, SUCCESS, logIndex=5689, commits[ffc7b071-00b3-4a69-8de5-2639a1a8d8ac:c5691]
2019-06-12 16:05:05,865 INFO  client.GrpcClientProtocolClient (GrpcClientProtocolClient.java:onNext(254)) - client-7F7296B99608->ffc7b071-00b3-4a69-8de5-2639a1a8d8ac: receive RaftClientReply:client-7F7296B99608->ffc7b071-00b3-4a69-8de5-2639a1a8d8ac@group-6911E2D50CC5, cid=3416, SUCCESS, logIndex=5691, commits[ffc7b071-00b3-4a69-8de5-2639a1a8d8ac:c5691]
2019-06-12 16:05:05,875 INFO  client.GrpcClientProtocolClient (GrpcClientProtocolClient.java:onNext(254)) - client-7F7296B99608->ffc7b071-00b3-4a69-8de5-2639a1a8d8ac: receive RaftClientReply:client-7F7296B99608->ffc7b071-00b3-4a69-8de5-2639a1a8d8ac@group-6911E2D50CC5, cid=3417, SUCCESS, logIndex=5693, commits[ffc7b071-00b3-4a69-8de5-2639a1a8d8ac:c5693]
2019-06-12 16:05:05,877 INFO  client.GrpcClientProtocolClient (GrpcClientProtocolClient.java:onNext(254)) - client-7F7296B99608->ffc7b071-00b3-4a69-8de5-2639a1a8d8ac: receive RaftClientReply:client-7F7296B99608->ffc7b071-00b3-4a69-8de5-2639a1a8d8ac@group-6911E2D50CC5, cid=3418, SUCCESS, logIndex=5695, commits[ffc7b071-00b3-4a69-8de5-2639a1a8d8ac:c5695]
2019-06-12 16:05:05,877 INFO  client.GrpcClientProtocolClient (GrpcClientProtocolClient.java:onNext(254)) - client-7F7296B99608->ffc7b071-00b3-4a69-8de5-2639a1a8d8ac: receive RaftClientReply:client-7F7296B99608->ffc7b071-00b3-4a69-8de5-2639a1a8d8ac@group-6911E2D50CC5, cid=3419, SUCCESS, logIndex=5696, commits[ffc7b071-00b3-4a69-8de5-2639a1a8d8ac:c5697]
2019-06-12 16:05:05,878 INFO  client.GrpcClientProtocolClient (GrpcClientProtocolClient.java:onNext(254)) - client-7F7296B99608->ffc7b071-00b3-4a69-8de5-2639a1a8d8ac: receive RaftClientReply:client-7F7296B99608->ffc7b071-00b3-4a69-8de5-2639a1a8d8ac@group-6911E2D50CC5, cid=3420, SUCCESS, logIndex=5697, commits[ffc7b071-00b3-4a69-8de5-2639a1a8d8ac:c5697]
2019-06-12 16:05:05,882 INFO  client.GrpcClientProtocolClient (GrpcClientProtocolClient.java:onNext(254)) - client-7F7296B99608->ffc7b071-00b3-4a69-8de5-2639a1a8d8ac: receive RaftClientReply:client-7F7296B99608->ffc7b071-00b3-4a69-8de5-2639a1a8d8ac@group-6911E2D50CC5, cid=3421, SUCCESS, logIndex=5700, commits[ffc7b071-00b3-4a69-8de5-2639a1a8d8ac:c5700]
2019-06-12 16:05:05,884 INFO  client.GrpcClientProtocolClient (GrpcClientProtocolClient.java:onNext(254)) - client-7F7296B99608->ffc7b071-00b3-4a69-8de5-2639a1a8d8ac: receive RaftClientReply:client-7F7296B99608->ffc7b071-00b3-4a69-8de5-2639a1a8d8ac@group-6911E2D50CC5, cid=3422, SUCCESS, logIndex=5702, commits[ffc7b071-00b3-4a69-8de5-2639a1a8d8ac:c5702]
2019-06-12 16:05:05,885 INFO  client.GrpcClientProtocolClient (GrpcClientProtocolClient.java:onNext(254)) - client-7F7296B99608->ffc7b071-00b3-4a69-8de5-2639a1a8d8ac: receive RaftClientReply:client-7F7296B99608->ffc7b071-00b3-4a69-8de5-2639a1a8d8ac@group-6911E2D50CC5, cid=3423, SUCCESS, logIndex=5703, commits[ffc7b071-00b3-4a69-8de5-2639a1a8d8ac:c5705]
2019-06-12 16:05:05,885 INFO  client.GrpcClientProtocolClient (GrpcClientProtocolClient.java:onNext(254)) - client-7F7296B99608->ffc7b071-00b3-4a69-8de5-2639a1a8d8ac: receive RaftClientReply:client-7F7296B99608->ffc7b071-00b3-4a69-8de5-2639a1a8d8ac@group-6911E2D50CC5, cid=3424, SUCCESS, logIndex=5704, commits[ffc7b071-00b3-4a69-8de5-2639a1a8d8ac:c5705]
2019-06-12 16:05:05,894 INFO  client.GrpcClientProtocolClient (GrpcClientProtocolClient.java:onNext(254)) - client-7F7296B99608->ffc7b071-00b3-4a69-8de5-2639a1a8d8ac: receive RaftClientReply:client-7F7296B99608->ffc7b071-00b3-4a69-8de5-2639a1a8d8ac@group-6911E2D50CC5, cid=3425, SUCCESS, logIndex=5706, commits[ffc7b071-00b3-4a69-8de5-2639a1a8d8ac:c5706]
2019-06-12 16:05:05,896 INFO  client.GrpcClientProtocolClient (GrpcClientProtocolClient.java:onNext(254)) - client-7F7296B99608->ffc7b071-00b3-4a69-8de5-2639a1a8d8ac: receive RaftClientReply:client-7F7296B99608->ffc7b071-00b3-4a69-8de5-2639a1a8d8ac@group-6911E2D50CC5, cid=3426, SUCCESS, logIndex=5708, commits[ffc7b071-00b3-4a69-8de5-2639a1a8d8ac:c5708]
2019-06-12 16:05:05,897 INFO  client.GrpcClientProtocolClient (GrpcClientProtocolClient.java:onNext(254)) - client-7F7296B99608->ffc7b071-00b3-4a69-8de5-2639a1a8d8ac: receive RaftClientReply:client-7F7296B99608->ffc7b071-00b3-4a69-8de5-2639a1a8d8ac@group-6911E2D50CC5, cid=3427, SUCCESS, logIndex=5709, commits[ffc7b071-00b3-4a69-8de5-2639a1a8d8ac:c5710]
2019-06-12 16:05:05,897 INFO  client.GrpcClientProtocolClient (GrpcClientProtocolClient.java:onNext(254)) - client-7F7296B99608->ffc7b071-00b3-4a69-8de5-2639a1a8d8ac: receive RaftClientReply:client-7F7296B99608->ffc7b071-00b3-4a69-8de5-2639a1a8d8ac@group-6911E2D50CC5, cid=3428, SUCCESS, logIndex=5710, commits[ffc7b071-00b3-4a69-8de5-2639a1a8d8ac:c5710]
2019-06-12 16:05:05,902 INFO  client.GrpcClientProtocolClient (GrpcClientProtocolClient.java:onNext(254)) - client-7F7296B99608->ffc7b071-00b3-4a69-8de5-2639a1a8d8ac: receive RaftClientReply:client-7F7296B99608->ffc7b071-00b3-4a69-8de5-2639a1a8d8ac@group-6911E2D50CC5, cid=3429, SUCCESS, logIndex=5713, commits[ffc7b071-00b3-4a69-8de5-2639a1a8d8ac:c5713]
2019-06-12 16:05:05,903 INFO  client.GrpcClientProtocolClient (GrpcClientProtocolClient.java:onNext(254)) - client-7F7296B99608->ffc7b071-00b3-4a69-8de5-2639a1a8d8ac: receive RaftClientReply:client-7F7296B99608->ffc7b071-00b3-4a69-8de5-2639a1a8d8ac@group-6911E2D50CC5, cid=3430, SUCCESS, logIndex=5715, commits[ffc7b071-00b3-4a69-8de5-2639a1a8d8ac:c5715]
2019-06-12 16:05:05,904 INFO  client.GrpcClientProtocolClient (GrpcClientProtocolClient.java:onNext(254)) - client-7F7296B99608->ffc7b071-00b3-4a69-8de5-2639a1a8d8ac: receive RaftClientReply:client-7F7296B99608->ffc7b071-00b3-4a69-8de5-2639a1a8d8ac@group-6911E2D50CC5, cid=3431, SUCCESS, logIndex=5716, commits[ffc7b071-00b3-4a69-8de5-2639a1a8d8ac:c5718]
2019-06-12 16:05:05,904 INFO  client.GrpcClientProtocolClient (GrpcClientProtocolClient.java:onNext(254)) - client-7F7296B99608->ffc7b071-00b3-4a69-8de5-2639a1a8d8ac: receive RaftClientReply:client-7F7296B99608->ffc7b071-00b3-4a69-8de5-2639a1a8d8ac@group-6911E2D50CC5, cid=3432, SUCCESS, logIndex=5717, commits[ffc7b071-00b3-4a69-8de5-2639a1a8d8ac:c5718]
2019-06-12 16:05:05,913 INFO  client.GrpcClientProtocolClient (GrpcClientProtocolClient.java:onNext(254)) - client-7F7296B99608->ffc7b071-00b3-4a69-8de5-2639a1a8d8ac: receive RaftClientReply:client-7F7296B99608->ffc7b071-00b3-4a69-8de5-2639a1a8d8ac@group-6911E2D50CC5, cid=3433, SUCCESS, logIndex=5719, commits[ffc7b071-00b3-4a69-8de5-2639a1a8d8ac:c5719]
2019-06-12 16:05:05,915 INFO  client.GrpcClientProtocolClient (GrpcClientProtocolClient.java:onNext(254)) - client-7F7296B99608->ffc7b071-00b3-4a69-8de5-2639a1a8d8ac: receive RaftClientReply:client-7F7296B99608->ffc7b071-00b3-4a69-8de5-2639a1a8d8ac@group-6911E2D50CC5, cid=3434, SUCCESS, logIndex=5721, commits[ffc7b071-00b3-4a69-8de5-2639a1a8d8ac:c5723]
2019-06-12 16:05:05,916 INFO  client.GrpcClientProtocolClient (GrpcClientProtocolClient.java:onNext(254)) - client-7F7296B99608->ffc7b071-00b3-4a69-8de5-2639a1a8d8ac: receive RaftClientReply:client-7F7296B99608->ffc7b071-00b3-4a69-8de5-2639a1a8d8ac@group-6911E2D50CC5, cid=3435, SUCCESS, logIndex=5722, commits[ffc7b071-00b3-4a69-8de5-2639a1a8d8ac:c5723]
2019-06-12 16:05:05,916 INFO  client.GrpcClientProtocolClient (GrpcClientProtocolClient.java:onNext(254)) - client-7F7296B99608->ffc7b071-00b3-4a69-8de5-2639a1a8d8ac: receive RaftClientReply:client-7F7296B99608->ffc7b071-00b3-4a69-8de5-2639a1a8d8ac@group-6911E2D50CC5, cid=3436, SUCCESS, logIndex=5723, commits[ffc7b071-00b3-4a69-8de5-2639a1a8d8ac:c5723]
2019-06-12 16:05:05,918 INFO  storage.RaftLogWorker (RaftLogWorker.java:rollLogSegment(303)) - ffc7b071-00b3-4a69-8de5-2639a1a8d8ac-RaftLogWorker: Rolling segment log-5655_5724 to index:5724
2019-06-12 16:05:05,919 INFO  storage.RaftLogWorker (RaftLogWorker.java:execute(433)) - ffc7b071-00b3-4a69-8de5-2639a1a8d8ac-RaftLogWorker: Rolled log segment from /opt/src/hadoop-ozone/integration-test/target/test-dir/MiniOzoneClusterImpl-a1c7246e-c692-4524-ad55-32b507b20431/datanode-0/data/ratis/4417d833-4fb6-4fa2-9413-6911e2d50cc5/current/log_inprogress_5655 to /opt/src/hadoop-ozone/integration-test/target/test-dir/MiniOzoneClusterImpl-a1c7246e-c692-4524-ad55-32b507b20431/datanode-0/data/ratis/4417d833-4fb6-4fa2-9413-6911e2d50cc5/current/log_5655-5724
2019-06-12 16:05:05,941 DEBUG block.SCMBlockDeletingService (SCMBlockDeletingService.java:call(138)) - Running DeletedBlockTransactionScanner
2019-06-12 16:05:05,941 DEBUG block.SCMBlockDeletingService (SCMBlockDeletingService.java:call(155)) - Scanned deleted blocks log and got 0 delTX to process.
2019-06-12 16:05:05,954 INFO  storage.RaftLogWorker (RaftLogWorker.java:execute(469)) - ffc7b071-00b3-4a69-8de5-2639a1a8d8ac-RaftLogWorker: created new log segment /opt/src/hadoop-ozone/integration-test/target/test-dir/MiniOzoneClusterImpl-a1c7246e-c692-4524-ad55-32b507b20431/datanode-0/data/ratis/4417d833-4fb6-4fa2-9413-6911e2d50cc5/current/log_inprogress_5725
2019-06-12 16:05:05,956 INFO  client.GrpcClientProtocolClient (GrpcClientProtocolClient.java:onNext(254)) - client-7F7296B99608->ffc7b071-00b3-4a69-8de5-2639a1a8d8ac: receive RaftClientReply:client-7F7296B99608->ffc7b071-00b3-4a69-8de5-2639a1a8d8ac@group-6911E2D50CC5, cid=3437, SUCCESS, logIndex=5725, commits[ffc7b071-00b3-4a69-8de5-2639a1a8d8ac:c5725]
2019-06-12 16:05:05,957 INFO  client.GrpcClientProtocolClient (GrpcClientProtocolClient.java:onNext(254)) - client-7F7296B99608->ffc7b071-00b3-4a69-8de5-2639a1a8d8ac: receive RaftClientReply:client-7F7296B99608->ffc7b071-00b3-4a69-8de5-2639a1a8d8ac@group-6911E2D50CC5, cid=3438, SUCCESS, logIndex=5727, commits[ffc7b071-00b3-4a69-8de5-2639a1a8d8ac:c5727]
2019-06-12 16:05:05,958 INFO  client.GrpcClientProtocolClient (GrpcClientProtocolClient.java:onNext(254)) - client-7F7296B99608->ffc7b071-00b3-4a69-8de5-2639a1a8d8ac: receive RaftClientReply:client-7F7296B99608->ffc7b071-00b3-4a69-8de5-2639a1a8d8ac@group-6911E2D50CC5, cid=3439, SUCCESS, logIndex=5728, commits[ffc7b071-00b3-4a69-8de5-2639a1a8d8ac:c5730]
2019-06-12 16:05:05,958 INFO  client.GrpcClientProtocolClient (GrpcClientProtocolClient.java:onNext(254)) - client-7F7296B99608->ffc7b071-00b3-4a69-8de5-2639a1a8d8ac: receive RaftClientReply:client-7F7296B99608->ffc7b071-00b3-4a69-8de5-2639a1a8d8ac@group-6911E2D50CC5, cid=3440, SUCCESS, logIndex=5729, commits[ffc7b071-00b3-4a69-8de5-2639a1a8d8ac:c5730]
2019-06-12 16:05:05,969 INFO  client.GrpcClientProtocolClient (GrpcClientProtocolClient.java:onNext(254)) - client-7F7296B99608->ffc7b071-00b3-4a69-8de5-2639a1a8d8ac: receive RaftClientReply:client-7F7296B99608->ffc7b071-00b3-4a69-8de5-2639a1a8d8ac@group-6911E2D50CC5, cid=3441, SUCCESS, logIndex=5731, commits[ffc7b071-00b3-4a69-8de5-2639a1a8d8ac:c5731]
2019-06-12 16:05:05,970 INFO  client.GrpcClientProtocolClient (GrpcClientProtocolClient.java:onNext(254)) - client-7F7296B99608->ffc7b071-00b3-4a69-8de5-2639a1a8d8ac: receive RaftClientReply:client-7F7296B99608->ffc7b071-00b3-4a69-8de5-2639a1a8d8ac@group-6911E2D50CC5, cid=3442, SUCCESS, logIndex=5733, commits[ffc7b071-00b3-4a69-8de5-2639a1a8d8ac:c5733]
2019-06-12 16:05:05,972 INFO  client.GrpcClientProtocolClient (GrpcClientProtocolClient.java:onNext(254)) - client-7F7296B99608->ffc7b071-00b3-4a69-8de5-2639a1a8d8ac: receive RaftClientReply:client-7F7296B99608->ffc7b071-00b3-4a69-8de5-2639a1a8d8ac@group-6911E2D50CC5, cid=3443, SUCCESS, logIndex=5735, commits[ffc7b071-00b3-4a69-8de5-2639a1a8d8ac:c5735]
2019-06-12 16:05:05,972 INFO  client.GrpcClientProtocolClient (GrpcClientProtocolClient.java:onNext(254)) - client-7F7296B99608->ffc7b071-00b3-4a69-8de5-2639a1a8d8ac: receive RaftClientReply:client-7F7296B99608->ffc7b071-00b3-4a69-8de5-2639a1a8d8ac@group-6911E2D50CC5, cid=3444, SUCCESS, logIndex=5736, commits[ffc7b071-00b3-4a69-8de5-2639a1a8d8ac:c5736]
2019-06-12 16:05:05,978 INFO  client.GrpcClientProtocolClient (GrpcClientProtocolClient.java:onNext(254)) - client-7F7296B99608->ffc7b071-00b3-4a69-8de5-2639a1a8d8ac: receive RaftClientReply:client-7F7296B99608->ffc7b071-00b3-4a69-8de5-2639a1a8d8ac@group-6911E2D50CC5, cid=3445, SUCCESS, logIndex=5739, commits[ffc7b071-00b3-4a69-8de5-2639a1a8d8ac:c5739]
2019-06-12 16:05:05,980 INFO  client.GrpcClientProtocolClient (GrpcClientProtocolClient.java:onNext(254)) - client-7F7296B99608->ffc7b071-00b3-4a69-8de5-2639a1a8d8ac: receive RaftClientReply:client-7F7296B99608->ffc7b071-00b3-4a69-8de5-2639a1a8d8ac@group-6911E2D50CC5, cid=3446, SUCCESS, logIndex=5741, commits[ffc7b071-00b3-4a69-8de5-2639a1a8d8ac:c5741]
2019-06-12 16:05:05,981 INFO  client.GrpcClientProtocolClient (GrpcClientProtocolClient.java:onNext(254)) - client-7F7296B99608->ffc7b071-00b3-4a69-8de5-2639a1a8d8ac: receive RaftClientReply:client-7F7296B99608->ffc7b071-00b3-4a69-8de5-2639a1a8d8ac@group-6911E2D50CC5, cid=3447, SUCCESS, logIndex=5742, commits[ffc7b071-00b3-4a69-8de5-2639a1a8d8ac:c5744]
2019-06-12 16:05:05,981 INFO  client.GrpcClientProtocolClient (GrpcClientProtocolClient.java:onNext(254)) - client-7F7296B99608->ffc7b071-00b3-4a69-8de5-2639a1a8d8ac: receive RaftClientReply:client-7F7296B99608->ffc7b071-00b3-4a69-8de5-2639a1a8d8ac@group-6911E2D50CC5, cid=3448, SUCCESS, logIndex=5743, commits[ffc7b071-00b3-4a69-8de5-2639a1a8d8ac:c5744]
2019-06-12 16:05:06,042 DEBUG block.SCMBlockDeletingService (SCMBlockDeletingService.java:call(138)) - Running DeletedBlockTransactionScanner
2019-06-12 16:05:06,042 DEBUG block.SCMBlockDeletingService (SCMBlockDeletingService.java:call(155)) - Scanned deleted blocks log and got 0 delTX to process.
2019-06-12 16:05:06,059 INFO  client.GrpcClientProtocolClient (GrpcClientProtocolClient.java:onNext(254)) - client-7F7296B99608->ffc7b071-00b3-4a69-8de5-2639a1a8d8ac: receive RaftClientReply:client-7F7296B99608->ffc7b071-00b3-4a69-8de5-2639a1a8d8ac@group-6911E2D50CC5, cid=3449, SUCCESS, logIndex=5745, commits[ffc7b071-00b3-4a69-8de5-2639a1a8d8ac:c5745]
2019-06-12 16:05:06,061 INFO  client.GrpcClientProtocolClient (GrpcClientProtocolClient.java:onNext(254)) - client-7F7296B99608->ffc7b071-00b3-4a69-8de5-2639a1a8d8ac: receive RaftClientReply:client-7F7296B99608->ffc7b071-00b3-4a69-8de5-2639a1a8d8ac@group-6911E2D50CC5, cid=3450, SUCCESS, logIndex=5747, commits[ffc7b071-00b3-4a69-8de5-2639a1a8d8ac:c5747]
2019-06-12 16:05:06,062 INFO  client.GrpcClientProtocolClient (GrpcClientProtocolClient.java:onNext(254)) - client-7F7296B99608->ffc7b071-00b3-4a69-8de5-2639a1a8d8ac: receive RaftClientReply:client-7F7296B99608->ffc7b071-00b3-4a69-8de5-2639a1a8d8ac@group-6911E2D50CC5, cid=3451, SUCCESS, logIndex=5748, commits[ffc7b071-00b3-4a69-8de5-2639a1a8d8ac:c5750]
2019-06-12 16:05:06,062 INFO  client.GrpcClientProtocolClient (GrpcClientProtocolClient.java:onNext(254)) - client-7F7296B99608->ffc7b071-00b3-4a69-8de5-2639a1a8d8ac: receive RaftClientReply:client-7F7296B99608->ffc7b071-00b3-4a69-8de5-2639a1a8d8ac@group-6911E2D50CC5, cid=3452, SUCCESS, logIndex=5749, commits[ffc7b071-00b3-4a69-8de5-2639a1a8d8ac:c5750]
2019-06-12 16:05:06,067 INFO  client.GrpcClientProtocolClient (GrpcClientProtocolClient.java:onNext(254)) - client-7F7296B99608->ffc7b071-00b3-4a69-8de5-2639a1a8d8ac: receive RaftClientReply:client-7F7296B99608->ffc7b071-00b3-4a69-8de5-2639a1a8d8ac@group-6911E2D50CC5, cid=3453, SUCCESS, logIndex=5751, commits[ffc7b071-00b3-4a69-8de5-2639a1a8d8ac:c5751]
2019-06-12 16:05:06,068 INFO  client.GrpcClientProtocolClient (GrpcClientProtocolClient.java:onNext(254)) - client-7F7296B99608->ffc7b071-00b3-4a69-8de5-2639a1a8d8ac: receive RaftClientReply:client-7F7296B99608->ffc7b071-00b3-4a69-8de5-2639a1a8d8ac@group-6911E2D50CC5, cid=3454, SUCCESS, logIndex=5753, commits[ffc7b071-00b3-4a69-8de5-2639a1a8d8ac:c5753]
2019-06-12 16:05:06,070 INFO  client.GrpcClientProtocolClient (GrpcClientProtocolClient.java:onNext(254)) - client-7F7296B99608->ffc7b071-00b3-4a69-8de5-2639a1a8d8ac: receive RaftClientReply:client-7F7296B99608->ffc7b071-00b3-4a69-8de5-2639a1a8d8ac@group-6911E2D50CC5, cid=3455, SUCCESS, logIndex=5754, commits[ffc7b071-00b3-4a69-8de5-2639a1a8d8ac:c5755]
2019-06-12 16:05:06,074 INFO  client.GrpcClientProtocolClient (GrpcClientProtocolClient.java:onNext(254)) - client-7F7296B99608->ffc7b071-00b3-4a69-8de5-2639a1a8d8ac: receive RaftClientReply:client-7F7296B99608->ffc7b071-00b3-4a69-8de5-2639a1a8d8ac@group-6911E2D50CC5, cid=3456, SUCCESS, logIndex=5756, commits[ffc7b071-00b3-4a69-8de5-2639a1a8d8ac:c5757]
2019-06-12 16:05:06,339 DEBUG block.SCMBlockDeletingService (SCMBlockDeletingService.java:call(138)) - Running DeletedBlockTransactionScanner
2019-06-12 16:05:06,340 DEBUG block.SCMBlockDeletingService (SCMBlockDeletingService.java:call(155)) - Scanned deleted blocks log and got 0 delTX to process.
2019-06-12 16:05:06,349 INFO  client.GrpcClientProtocolClient (GrpcClientProtocolClient.java:onNext(254)) - client-7F7296B99608->ffc7b071-00b3-4a69-8de5-2639a1a8d8ac: receive RaftClientReply:client-7F7296B99608->ffc7b071-00b3-4a69-8de5-2639a1a8d8ac@group-6911E2D50CC5, cid=3457, SUCCESS, logIndex=5758, commits[ffc7b071-00b3-4a69-8de5-2639a1a8d8ac:c5758]
2019-06-12 16:05:06,351 INFO  client.GrpcClientProtocolClient (GrpcClientProtocolClient.java:onNext(254)) - client-7F7296B99608->ffc7b071-00b3-4a69-8de5-2639a1a8d8ac: receive RaftClientReply:client-7F7296B99608->ffc7b071-00b3-4a69-8de5-2639a1a8d8ac@group-6911E2D50CC5, cid=3458, SUCCESS, logIndex=5760, commits[ffc7b071-00b3-4a69-8de5-2639a1a8d8ac:c5760]
2019-06-12 16:05:06,352 INFO  client.GrpcClientProtocolClient (GrpcClientProtocolClient.java:onNext(254)) - client-7F7296B99608->ffc7b071-00b3-4a69-8de5-2639a1a8d8ac: receive RaftClientReply:client-7F7296B99608->ffc7b071-00b3-4a69-8de5-2639a1a8d8ac@group-6911E2D50CC5, cid=3459, SUCCESS, logIndex=5761, commits[ffc7b071-00b3-4a69-8de5-2639a1a8d8ac:c5763]
2019-06-12 16:05:06,352 INFO  client.GrpcClientProtocolClient (GrpcClientProtocolClient.java:onNext(254)) - client-7F7296B99608->ffc7b071-00b3-4a69-8de5-2639a1a8d8ac: receive RaftClientReply:client-7F7296B99608->ffc7b071-00b3-4a69-8de5-2639a1a8d8ac@group-6911E2D50CC5, cid=3460, SUCCESS, logIndex=5762, commits[ffc7b071-00b3-4a69-8de5-2639a1a8d8ac:c5763]
2019-06-12 16:05:06,358 INFO  client.GrpcClientProtocolClient (GrpcClientProtocolClient.java:onNext(254)) - client-7F7296B99608->ffc7b071-00b3-4a69-8de5-2639a1a8d8ac: receive RaftClientReply:client-7F7296B99608->ffc7b071-00b3-4a69-8de5-2639a1a8d8ac@group-6911E2D50CC5, cid=3461, SUCCESS, logIndex=5764, commits[ffc7b071-00b3-4a69-8de5-2639a1a8d8ac:c5764]
2019-06-12 16:05:06,362 INFO  client.GrpcClientProtocolClient (GrpcClientProtocolClient.java:onNext(254)) - client-7F7296B99608->ffc7b071-00b3-4a69-8de5-2639a1a8d8ac: receive RaftClientReply:client-7F7296B99608->ffc7b071-00b3-4a69-8de5-2639a1a8d8ac@group-6911E2D50CC5, cid=3462, SUCCESS, logIndex=5766, commits[ffc7b071-00b3-4a69-8de5-2639a1a8d8ac:c5768]
2019-06-12 16:05:06,362 INFO  client.GrpcClientProtocolClient (GrpcClientProtocolClient.java:onNext(254)) - client-7F7296B99608->ffc7b071-00b3-4a69-8de5-2639a1a8d8ac: receive RaftClientReply:client-7F7296B99608->ffc7b071-00b3-4a69-8de5-2639a1a8d8ac@group-6911E2D50CC5, cid=3463, SUCCESS, logIndex=5767, commits[ffc7b071-00b3-4a69-8de5-2639a1a8d8ac:c5768]
2019-06-12 16:05:06,363 INFO  client.GrpcClientProtocolClient (GrpcClientProtocolClient.java:onNext(254)) - client-7F7296B99608->ffc7b071-00b3-4a69-8de5-2639a1a8d8ac: receive RaftClientReply:client-7F7296B99608->ffc7b071-00b3-4a69-8de5-2639a1a8d8ac@group-6911E2D50CC5, cid=3464, SUCCESS, logIndex=5769, commits[ffc7b071-00b3-4a69-8de5-2639a1a8d8ac:c5769]
2019-06-12 16:05:06,374 INFO  client.GrpcClientProtocolClient (GrpcClientProtocolClient.java:onNext(254)) - client-7F7296B99608->ffc7b071-00b3-4a69-8de5-2639a1a8d8ac: receive RaftClientReply:client-7F7296B99608->ffc7b071-00b3-4a69-8de5-2639a1a8d8ac@group-6911E2D50CC5, cid=3465, SUCCESS, logIndex=5771, commits[ffc7b071-00b3-4a69-8de5-2639a1a8d8ac:c5771]
2019-06-12 16:05:06,375 INFO  client.GrpcClientProtocolClient (GrpcClientProtocolClient.java:onNext(254)) - client-7F7296B99608->ffc7b071-00b3-4a69-8de5-2639a1a8d8ac: receive RaftClientReply:client-7F7296B99608->ffc7b071-00b3-4a69-8de5-2639a1a8d8ac@group-6911E2D50CC5, cid=3466, SUCCESS, logIndex=5773, commits[ffc7b071-00b3-4a69-8de5-2639a1a8d8ac:c5773]
2019-06-12 16:05:06,376 INFO  client.GrpcClientProtocolClient (GrpcClientProtocolClient.java:onNext(254)) - client-7F7296B99608->ffc7b071-00b3-4a69-8de5-2639a1a8d8ac: receive RaftClientReply:client-7F7296B99608->ffc7b071-00b3-4a69-8de5-2639a1a8d8ac@group-6911E2D50CC5, cid=3467, SUCCESS, logIndex=5774, commits[ffc7b071-00b3-4a69-8de5-2639a1a8d8ac:c5776]
2019-06-12 16:05:06,376 INFO  client.GrpcClientProtocolClient (GrpcClientProtocolClient.java:onNext(254)) - client-7F7296B99608->ffc7b071-00b3-4a69-8de5-2639a1a8d8ac: receive RaftClientReply:client-7F7296B99608->ffc7b071-00b3-4a69-8de5-2639a1a8d8ac@group-6911E2D50CC5, cid=3468, SUCCESS, logIndex=5775, commits[ffc7b071-00b3-4a69-8de5-2639a1a8d8ac:c5776]
2019-06-12 16:05:06,382 INFO  client.GrpcClientProtocolClient (GrpcClientProtocolClient.java:onNext(254)) - client-7F7296B99608->ffc7b071-00b3-4a69-8de5-2639a1a8d8ac: receive RaftClientReply:client-7F7296B99608->ffc7b071-00b3-4a69-8de5-2639a1a8d8ac@group-6911E2D50CC5, cid=3469, SUCCESS, logIndex=5777, commits[ffc7b071-00b3-4a69-8de5-2639a1a8d8ac:c5777]
2019-06-12 16:05:06,384 INFO  client.GrpcClientProtocolClient (GrpcClientProtocolClient.java:onNext(254)) - client-7F7296B99608->ffc7b071-00b3-4a69-8de5-2639a1a8d8ac: receive RaftClientReply:client-7F7296B99608->ffc7b071-00b3-4a69-8de5-2639a1a8d8ac@group-6911E2D50CC5, cid=3470, SUCCESS, logIndex=5779, commits[ffc7b071-00b3-4a69-8de5-2639a1a8d8ac:c5779]
2019-06-12 16:05:06,384 INFO  client.GrpcClientProtocolClient (GrpcClientProtocolClient.java:onNext(254)) - client-7F7296B99608->ffc7b071-00b3-4a69-8de5-2639a1a8d8ac: receive RaftClientReply:client-7F7296B99608->ffc7b071-00b3-4a69-8de5-2639a1a8d8ac@group-6911E2D50CC5, cid=3471, SUCCESS, logIndex=5780, commits[ffc7b071-00b3-4a69-8de5-2639a1a8d8ac:c5782]
2019-06-12 16:05:06,385 INFO  client.GrpcClientProtocolClient (GrpcClientProtocolClient.java:onNext(254)) - client-7F7296B99608->ffc7b071-00b3-4a69-8de5-2639a1a8d8ac: receive RaftClientReply:client-7F7296B99608->ffc7b071-00b3-4a69-8de5-2639a1a8d8ac@group-6911E2D50CC5, cid=3472, SUCCESS, logIndex=5781, commits[ffc7b071-00b3-4a69-8de5-2639a1a8d8ac:c5782]
2019-06-12 16:05:06,395 INFO  client.GrpcClientProtocolClient (GrpcClientProtocolClient.java:onNext(254)) - client-7F7296B99608->ffc7b071-00b3-4a69-8de5-2639a1a8d8ac: receive RaftClientReply:client-7F7296B99608->ffc7b071-00b3-4a69-8de5-2639a1a8d8ac@group-6911E2D50CC5, cid=3473, SUCCESS, logIndex=5783, commits[ffc7b071-00b3-4a69-8de5-2639a1a8d8ac:c5783]
2019-06-12 16:05:06,397 INFO  client.GrpcClientProtocolClient (GrpcClientProtocolClient.java:onNext(254)) - client-7F7296B99608->ffc7b071-00b3-4a69-8de5-2639a1a8d8ac: receive RaftClientReply:client-7F7296B99608->ffc7b071-00b3-4a69-8de5-2639a1a8d8ac@group-6911E2D50CC5, cid=3474, SUCCESS, logIndex=5785, commits[ffc7b071-00b3-4a69-8de5-2639a1a8d8ac:c5787]
2019-06-12 16:05:06,397 INFO  client.GrpcClientProtocolClient (GrpcClientProtocolClient.java:onNext(254)) - client-7F7296B99608->ffc7b071-00b3-4a69-8de5-2639a1a8d8ac: receive RaftClientReply:client-7F7296B99608->ffc7b071-00b3-4a69-8de5-2639a1a8d8ac@group-6911E2D50CC5, cid=3475, SUCCESS, logIndex=5786, commits[ffc7b071-00b3-4a69-8de5-2639a1a8d8ac:c5787]
2019-06-12 16:05:06,398 INFO  client.GrpcClientProtocolClient (GrpcClientProtocolClient.java:onNext(254)) - client-7F7296B99608->ffc7b071-00b3-4a69-8de5-2639a1a8d8ac: receive RaftClientReply:client-7F7296B99608->ffc7b071-00b3-4a69-8de5-2639a1a8d8ac@group-6911E2D50CC5, cid=3476, SUCCESS, logIndex=5787, commits[ffc7b071-00b3-4a69-8de5-2639a1a8d8ac:c5788]
2019-06-12 16:05:06,403 INFO  client.GrpcClientProtocolClient (GrpcClientProtocolClient.java:onNext(254)) - client-7F7296B99608->ffc7b071-00b3-4a69-8de5-2639a1a8d8ac: receive RaftClientReply:client-7F7296B99608->ffc7b071-00b3-4a69-8de5-2639a1a8d8ac@group-6911E2D50CC5, cid=3477, SUCCESS, logIndex=5789, commits[ffc7b071-00b3-4a69-8de5-2639a1a8d8ac:c5789]
2019-06-12 16:05:06,403 INFO  storage.RaftLogWorker (RaftLogWorker.java:rollLogSegment(303)) - ffc7b071-00b3-4a69-8de5-2639a1a8d8ac-RaftLogWorker: Rolling segment log-5725_5792 to index:5792
2019-06-12 16:05:06,404 INFO  storage.RaftLogWorker (RaftLogWorker.java:execute(433)) - ffc7b071-00b3-4a69-8de5-2639a1a8d8ac-RaftLogWorker: Rolled log segment from /opt/src/hadoop-ozone/integration-test/target/test-dir/MiniOzoneClusterImpl-a1c7246e-c692-4524-ad55-32b507b20431/datanode-0/data/ratis/4417d833-4fb6-4fa2-9413-6911e2d50cc5/current/log_inprogress_5725 to /opt/src/hadoop-ozone/integration-test/target/test-dir/MiniOzoneClusterImpl-a1c7246e-c692-4524-ad55-32b507b20431/datanode-0/data/ratis/4417d833-4fb6-4fa2-9413-6911e2d50cc5/current/log_5725-5792
2019-06-12 16:05:06,405 INFO  client.GrpcClientProtocolClient (GrpcClientProtocolClient.java:onNext(254)) - client-7F7296B99608->ffc7b071-00b3-4a69-8de5-2639a1a8d8ac: receive RaftClientReply:client-7F7296B99608->ffc7b071-00b3-4a69-8de5-2639a1a8d8ac@group-6911E2D50CC5, cid=3478, SUCCESS, logIndex=5791, commits[ffc7b071-00b3-4a69-8de5-2639a1a8d8ac:c5792]
2019-06-12 16:05:06,405 INFO  client.GrpcClientProtocolClient (GrpcClientProtocolClient.java:onNext(254)) - client-7F7296B99608->ffc7b071-00b3-4a69-8de5-2639a1a8d8ac: receive RaftClientReply:client-7F7296B99608->ffc7b071-00b3-4a69-8de5-2639a1a8d8ac@group-6911E2D50CC5, cid=3479, SUCCESS, logIndex=5792, commits[ffc7b071-00b3-4a69-8de5-2639a1a8d8ac:c5792]
2019-06-12 16:05:06,440 DEBUG block.SCMBlockDeletingService (SCMBlockDeletingService.java:call(138)) - Running DeletedBlockTransactionScanner
2019-06-12 16:05:06,440 DEBUG block.SCMBlockDeletingService (SCMBlockDeletingService.java:call(155)) - Scanned deleted blocks log and got 0 delTX to process.
2019-06-12 16:05:06,447 INFO  storage.RaftLogWorker (RaftLogWorker.java:execute(469)) - ffc7b071-00b3-4a69-8de5-2639a1a8d8ac-RaftLogWorker: created new log segment /opt/src/hadoop-ozone/integration-test/target/test-dir/MiniOzoneClusterImpl-a1c7246e-c692-4524-ad55-32b507b20431/datanode-0/data/ratis/4417d833-4fb6-4fa2-9413-6911e2d50cc5/current/log_inprogress_5793
2019-06-12 16:05:06,449 INFO  client.GrpcClientProtocolClient (GrpcClientProtocolClient.java:onNext(254)) - client-7F7296B99608->ffc7b071-00b3-4a69-8de5-2639a1a8d8ac: receive RaftClientReply:client-7F7296B99608->ffc7b071-00b3-4a69-8de5-2639a1a8d8ac@group-6911E2D50CC5, cid=3480, SUCCESS, logIndex=5793, commits[ffc7b071-00b3-4a69-8de5-2639a1a8d8ac:c5794]
2019-06-12 16:05:06,460 INFO  client.GrpcClientProtocolClient (GrpcClientProtocolClient.java:onNext(254)) - client-7F7296B99608->ffc7b071-00b3-4a69-8de5-2639a1a8d8ac: receive RaftClientReply:client-7F7296B99608->ffc7b071-00b3-4a69-8de5-2639a1a8d8ac@group-6911E2D50CC5, cid=3481, SUCCESS, logIndex=5795, commits[ffc7b071-00b3-4a69-8de5-2639a1a8d8ac:c5795]
2019-06-12 16:05:06,461 INFO  client.GrpcClientProtocolClient (GrpcClientProtocolClient.java:onNext(254)) - client-7F7296B99608->ffc7b071-00b3-4a69-8de5-2639a1a8d8ac: receive RaftClientReply:client-7F7296B99608->ffc7b071-00b3-4a69-8de5-2639a1a8d8ac@group-6911E2D50CC5, cid=3482, SUCCESS, logIndex=5797, commits[ffc7b071-00b3-4a69-8de5-2639a1a8d8ac:c5797]
2019-06-12 16:05:06,462 INFO  client.GrpcClientProtocolClient (GrpcClientProtocolClient.java:onNext(254)) - client-7F7296B99608->ffc7b071-00b3-4a69-8de5-2639a1a8d8ac: receive RaftClientReply:client-7F7296B99608->ffc7b071-00b3-4a69-8de5-2639a1a8d8ac@group-6911E2D50CC5, cid=3483, SUCCESS, logIndex=5798, commits[ffc7b071-00b3-4a69-8de5-2639a1a8d8ac:c5800]
2019-06-12 16:05:06,462 INFO  client.GrpcClientProtocolClient (GrpcClientProtocolClient.java:onNext(254)) - client-7F7296B99608->ffc7b071-00b3-4a69-8de5-2639a1a8d8ac: receive RaftClientReply:client-7F7296B99608->ffc7b071-00b3-4a69-8de5-2639a1a8d8ac@group-6911E2D50CC5, cid=3484, SUCCESS, logIndex=5799, commits[ffc7b071-00b3-4a69-8de5-2639a1a8d8ac:c5800]
2019-06-12 16:05:06,468 INFO  client.GrpcClientProtocolClient (GrpcClientProtocolClient.java:onNext(254)) - client-7F7296B99608->ffc7b071-00b3-4a69-8de5-2639a1a8d8ac: receive RaftClientReply:client-7F7296B99608->ffc7b071-00b3-4a69-8de5-2639a1a8d8ac@group-6911E2D50CC5, cid=3485, SUCCESS, logIndex=5801, commits[ffc7b071-00b3-4a69-8de5-2639a1a8d8ac:c5801]
2019-06-12 16:05:06,469 INFO  client.GrpcClientProtocolClient (GrpcClientProtocolClient.java:onNext(254)) - client-7F7296B99608->ffc7b071-00b3-4a69-8de5-2639a1a8d8ac: receive RaftClientReply:client-7F7296B99608->ffc7b071-00b3-4a69-8de5-2639a1a8d8ac@group-6911E2D50CC5, cid=3486, SUCCESS, logIndex=5803, commits[ffc7b071-00b3-4a69-8de5-2639a1a8d8ac:c5803]
2019-06-12 16:05:06,470 INFO  client.GrpcClientProtocolClient (GrpcClientProtocolClient.java:onNext(254)) - client-7F7296B99608->ffc7b071-00b3-4a69-8de5-2639a1a8d8ac: receive RaftClientReply:client-7F7296B99608->ffc7b071-00b3-4a69-8de5-2639a1a8d8ac@group-6911E2D50CC5, cid=3487, SUCCESS, logIndex=5804, commits[ffc7b071-00b3-4a69-8de5-2639a1a8d8ac:c5806]
2019-06-12 16:05:06,470 INFO  client.GrpcClientProtocolClient (GrpcClientProtocolClient.java:onNext(254)) - client-7F7296B99608->ffc7b071-00b3-4a69-8de5-2639a1a8d8ac: receive RaftClientReply:client-7F7296B99608->ffc7b071-00b3-4a69-8de5-2639a1a8d8ac@group-6911E2D50CC5, cid=3488, SUCCESS, logIndex=5805, commits[ffc7b071-00b3-4a69-8de5-2639a1a8d8ac:c5806]
2019-06-12 16:05:06,480 INFO  client.GrpcClientProtocolClient (GrpcClientProtocolClient.java:onNext(254)) - client-7F7296B99608->ffc7b071-00b3-4a69-8de5-2639a1a8d8ac: receive RaftClientReply:client-7F7296B99608->ffc7b071-00b3-4a69-8de5-2639a1a8d8ac@group-6911E2D50CC5, cid=3489, SUCCESS, logIndex=5807, commits[ffc7b071-00b3-4a69-8de5-2639a1a8d8ac:c5807]
2019-06-12 16:05:06,483 INFO  client.GrpcClientProtocolClient (GrpcClientProtocolClient.java:onNext(254)) - client-7F7296B99608->ffc7b071-00b3-4a69-8de5-2639a1a8d8ac: receive RaftClientReply:client-7F7296B99608->ffc7b071-00b3-4a69-8de5-2639a1a8d8ac@group-6911E2D50CC5, cid=3490, SUCCESS, logIndex=5809, commits[ffc7b071-00b3-4a69-8de5-2639a1a8d8ac:c5811]
2019-06-12 16:05:06,483 INFO  client.GrpcClientProtocolClient (GrpcClientProtocolClient.java:onNext(254)) - client-7F7296B99608->ffc7b071-00b3-4a69-8de5-2639a1a8d8ac: receive RaftClientReply:client-7F7296B99608->ffc7b071-00b3-4a69-8de5-2639a1a8d8ac@group-6911E2D50CC5, cid=3491, SUCCESS, logIndex=5810, commits[ffc7b071-00b3-4a69-8de5-2639a1a8d8ac:c5811]
2019-06-12 16:05:06,483 INFO  client.GrpcClientProtocolClient (GrpcClientProtocolClient.java:onNext(254)) - client-7F7296B99608->ffc7b071-00b3-4a69-8de5-2639a1a8d8ac: receive RaftClientReply:client-7F7296B99608->ffc7b071-00b3-4a69-8de5-2639a1a8d8ac@group-6911E2D50CC5, cid=3492, SUCCESS, logIndex=5811, commits[ffc7b071-00b3-4a69-8de5-2639a1a8d8ac:c5812]
2019-06-12 16:05:06,540 DEBUG block.SCMBlockDeletingService (SCMBlockDeletingService.java:call(138)) - Running DeletedBlockTransactionScanner
2019-06-12 16:05:06,541 DEBUG block.SCMBlockDeletingService (SCMBlockDeletingService.java:call(155)) - Scanned deleted blocks log and got 0 delTX to process.
2019-06-12 16:05:06,555 INFO  client.GrpcClientProtocolClient (GrpcClientProtocolClient.java:onNext(254)) - client-7F7296B99608->ffc7b071-00b3-4a69-8de5-2639a1a8d8ac: receive RaftClientReply:client-7F7296B99608->ffc7b071-00b3-4a69-8de5-2639a1a8d8ac@group-6911E2D50CC5, cid=3493, SUCCESS, logIndex=5813, commits[ffc7b071-00b3-4a69-8de5-2639a1a8d8ac:c5813]
2019-06-12 16:05:06,555 INFO  client.GrpcClientProtocolClient (GrpcClientProtocolClient.java:onNext(254)) - client-7F7296B99608->ffc7b071-00b3-4a69-8de5-2639a1a8d8ac: receive RaftClientReply:client-7F7296B99608->ffc7b071-00b3-4a69-8de5-2639a1a8d8ac@group-6911E2D50CC5, cid=3494, SUCCESS, logIndex=5815, commits[ffc7b071-00b3-4a69-8de5-2639a1a8d8ac:c5815]
2019-06-12 16:05:06,558 INFO  client.GrpcClientProtocolClient (GrpcClientProtocolClient.java:onNext(254)) - client-7F7296B99608->ffc7b071-00b3-4a69-8de5-2639a1a8d8ac: receive RaftClientReply:client-7F7296B99608->ffc7b071-00b3-4a69-8de5-2639a1a8d8ac@group-6911E2D50CC5, cid=3495, SUCCESS, logIndex=5817, commits[ffc7b071-00b3-4a69-8de5-2639a1a8d8ac:c5818]
2019-06-12 16:05:06,558 INFO  client.GrpcClientProtocolClient (GrpcClientProtocolClient.java:onNext(254)) - client-7F7296B99608->ffc7b071-00b3-4a69-8de5-2639a1a8d8ac: receive RaftClientReply:client-7F7296B99608->ffc7b071-00b3-4a69-8de5-2639a1a8d8ac@group-6911E2D50CC5, cid=3496, SUCCESS, logIndex=5818, commits[ffc7b071-00b3-4a69-8de5-2639a1a8d8ac:c5818]
2019-06-12 16:05:06,568 INFO  client.GrpcClientProtocolClient (GrpcClientProtocolClient.java:onNext(254)) - client-7F7296B99608->ffc7b071-00b3-4a69-8de5-2639a1a8d8ac: receive RaftClientReply:client-7F7296B99608->ffc7b071-00b3-4a69-8de5-2639a1a8d8ac@group-6911E2D50CC5, cid=3497, SUCCESS, logIndex=5820, commits[ffc7b071-00b3-4a69-8de5-2639a1a8d8ac:c5820]
2019-06-12 16:05:06,569 INFO  client.GrpcClientProtocolClient (GrpcClientProtocolClient.java:onNext(254)) - client-7F7296B99608->ffc7b071-00b3-4a69-8de5-2639a1a8d8ac: receive RaftClientReply:client-7F7296B99608->ffc7b071-00b3-4a69-8de5-2639a1a8d8ac@group-6911E2D50CC5, cid=3498, SUCCESS, logIndex=5822, commits[ffc7b071-00b3-4a69-8de5-2639a1a8d8ac:c5822]
2019-06-12 16:05:06,571 INFO  client.GrpcClientProtocolClient (GrpcClientProtocolClient.java:onNext(254)) - client-7F7296B99608->ffc7b071-00b3-4a69-8de5-2639a1a8d8ac: receive RaftClientReply:client-7F7296B99608->ffc7b071-00b3-4a69-8de5-2639a1a8d8ac@group-6911E2D50CC5, cid=3499, SUCCESS, logIndex=5824, commits[ffc7b071-00b3-4a69-8de5-2639a1a8d8ac:c5824]
2019-06-12 16:05:06,571 INFO  client.GrpcClientProtocolClient (GrpcClientProtocolClient.java:onNext(254)) - client-7F7296B99608->ffc7b071-00b3-4a69-8de5-2639a1a8d8ac: receive RaftClientReply:client-7F7296B99608->ffc7b071-00b3-4a69-8de5-2639a1a8d8ac@group-6911E2D50CC5, cid=3500, SUCCESS, logIndex=5825, commits[ffc7b071-00b3-4a69-8de5-2639a1a8d8ac:c5825]
2019-06-12 16:05:06,577 INFO  client.GrpcClientProtocolClient (GrpcClientProtocolClient.java:onNext(254)) - client-7F7296B99608->ffc7b071-00b3-4a69-8de5-2639a1a8d8ac: receive RaftClientReply:client-7F7296B99608->ffc7b071-00b3-4a69-8de5-2639a1a8d8ac@group-6911E2D50CC5, cid=3501, SUCCESS, logIndex=5828, commits[ffc7b071-00b3-4a69-8de5-2639a1a8d8ac:c5828]
2019-06-12 16:05:06,579 INFO  client.GrpcClientProtocolClient (GrpcClientProtocolClient.java:onNext(254)) - client-7F7296B99608->ffc7b071-00b3-4a69-8de5-2639a1a8d8ac: receive RaftClientReply:client-7F7296B99608->ffc7b071-00b3-4a69-8de5-2639a1a8d8ac@group-6911E2D50CC5, cid=3502, SUCCESS, logIndex=5830, commits[ffc7b071-00b3-4a69-8de5-2639a1a8d8ac:c5830]
2019-06-12 16:05:06,579 INFO  client.GrpcClientProtocolClient (GrpcClientProtocolClient.java:onNext(254)) - client-7F7296B99608->ffc7b071-00b3-4a69-8de5-2639a1a8d8ac: receive RaftClientReply:client-7F7296B99608->ffc7b071-00b3-4a69-8de5-2639a1a8d8ac@group-6911E2D50CC5, cid=3503, SUCCESS, logIndex=5831, commits[ffc7b071-00b3-4a69-8de5-2639a1a8d8ac:c5832]
2019-06-12 16:05:06,580 INFO  client.GrpcClientProtocolClient (GrpcClientProtocolClient.java:onNext(254)) - client-7F7296B99608->ffc7b071-00b3-4a69-8de5-2639a1a8d8ac: receive RaftClientReply:client-7F7296B99608->ffc7b071-00b3-4a69-8de5-2639a1a8d8ac@group-6911E2D50CC5, cid=3504, SUCCESS, logIndex=5832, commits[ffc7b071-00b3-4a69-8de5-2639a1a8d8ac:c5832]
2019-06-12 16:05:06,591 INFO  client.GrpcClientProtocolClient (GrpcClientProtocolClient.java:onNext(254)) - client-7F7296B99608->ffc7b071-00b3-4a69-8de5-2639a1a8d8ac: receive RaftClientReply:client-7F7296B99608->ffc7b071-00b3-4a69-8de5-2639a1a8d8ac@group-6911E2D50CC5, cid=3505, SUCCESS, logIndex=5835, commits[ffc7b071-00b3-4a69-8de5-2639a1a8d8ac:c5835]
2019-06-12 16:05:06,592 INFO  client.GrpcClientProtocolClient (GrpcClientProtocolClient.java:onNext(254)) - client-7F7296B99608->ffc7b071-00b3-4a69-8de5-2639a1a8d8ac: receive RaftClientReply:client-7F7296B99608->ffc7b071-00b3-4a69-8de5-2639a1a8d8ac@group-6911E2D50CC5, cid=3506, SUCCESS, logIndex=5837, commits[ffc7b071-00b3-4a69-8de5-2639a1a8d8ac:c5837]
2019-06-12 16:05:06,593 INFO  client.GrpcClientProtocolClient (GrpcClientProtocolClient.java:onNext(254)) - client-7F7296B99608->ffc7b071-00b3-4a69-8de5-2639a1a8d8ac: receive RaftClientReply:client-7F7296B99608->ffc7b071-00b3-4a69-8de5-2639a1a8d8ac@group-6911E2D50CC5, cid=3507, SUCCESS, logIndex=5839, commits[ffc7b071-00b3-4a69-8de5-2639a1a8d8ac:c5840]
2019-06-12 16:05:06,594 INFO  client.GrpcClientProtocolClient (GrpcClientProtocolClient.java:onNext(254)) - client-7F7296B99608->ffc7b071-00b3-4a69-8de5-2639a1a8d8ac: receive RaftClientReply:client-7F7296B99608->ffc7b071-00b3-4a69-8de5-2639a1a8d8ac@group-6911E2D50CC5, cid=3508, SUCCESS, logIndex=5840, commits[ffc7b071-00b3-4a69-8de5-2639a1a8d8ac:c5840]
2019-06-12 16:05:06,602 INFO  client.GrpcClientProtocolClient (GrpcClientProtocolClient.java:onNext(254)) - client-7F7296B99608->ffc7b071-00b3-4a69-8de5-2639a1a8d8ac: receive RaftClientReply:client-7F7296B99608->ffc7b071-00b3-4a69-8de5-2639a1a8d8ac@group-6911E2D50CC5, cid=3509, SUCCESS, logIndex=5842, commits[ffc7b071-00b3-4a69-8de5-2639a1a8d8ac:c5842]
2019-06-12 16:05:06,604 INFO  client.GrpcClientProtocolClient (GrpcClientProtocolClient.java:onNext(254)) - client-7F7296B99608->ffc7b071-00b3-4a69-8de5-2639a1a8d8ac: receive RaftClientReply:client-7F7296B99608->ffc7b071-00b3-4a69-8de5-2639a1a8d8ac@group-6911E2D50CC5, cid=3510, SUCCESS, logIndex=5844, commits[ffc7b071-00b3-4a69-8de5-2639a1a8d8ac:c5844]
2019-06-12 16:05:06,604 INFO  client.GrpcClientProtocolClient (GrpcClientProtocolClient.java:onNext(254)) - client-7F7296B99608->ffc7b071-00b3-4a69-8de5-2639a1a8d8ac: receive RaftClientReply:client-7F7296B99608->ffc7b071-00b3-4a69-8de5-2639a1a8d8ac@group-6911E2D50CC5, cid=3511, SUCCESS, logIndex=5845, commits[ffc7b071-00b3-4a69-8de5-2639a1a8d8ac:c5845]
2019-06-12 16:05:06,605 INFO  client.GrpcClientProtocolClient (GrpcClientProtocolClient.java:onNext(254)) - client-7F7296B99608->ffc7b071-00b3-4a69-8de5-2639a1a8d8ac: receive RaftClientReply:client-7F7296B99608->ffc7b071-00b3-4a69-8de5-2639a1a8d8ac@group-6911E2D50CC5, cid=3512, SUCCESS, logIndex=5847, commits[ffc7b071-00b3-4a69-8de5-2639a1a8d8ac:c5847]
2019-06-12 16:05:06,617 INFO  client.GrpcClientProtocolClient (GrpcClientProtocolClient.java:onNext(254)) - client-7F7296B99608->ffc7b071-00b3-4a69-8de5-2639a1a8d8ac: receive RaftClientReply:client-7F7296B99608->ffc7b071-00b3-4a69-8de5-2639a1a8d8ac@group-6911E2D50CC5, cid=3513, SUCCESS, logIndex=5850, commits[ffc7b071-00b3-4a69-8de5-2639a1a8d8ac:c5850]
2019-06-12 16:05:06,619 INFO  client.GrpcClientProtocolClient (GrpcClientProtocolClient.java:onNext(254)) - client-7F7296B99608->ffc7b071-00b3-4a69-8de5-2639a1a8d8ac: receive RaftClientReply:client-7F7296B99608->ffc7b071-00b3-4a69-8de5-2639a1a8d8ac@group-6911E2D50CC5, cid=3514, SUCCESS, logIndex=5852, commits[ffc7b071-00b3-4a69-8de5-2639a1a8d8ac:c5852]
2019-06-12 16:05:06,619 INFO  client.GrpcClientProtocolClient (GrpcClientProtocolClient.java:onNext(254)) - client-7F7296B99608->ffc7b071-00b3-4a69-8de5-2639a1a8d8ac: receive RaftClientReply:client-7F7296B99608->ffc7b071-00b3-4a69-8de5-2639a1a8d8ac@group-6911E2D50CC5, cid=3515, SUCCESS, logIndex=5853, commits[ffc7b071-00b3-4a69-8de5-2639a1a8d8ac:c5855]
2019-06-12 16:05:06,620 INFO  client.GrpcClientProtocolClient (GrpcClientProtocolClient.java:onNext(254)) - client-7F7296B99608->ffc7b071-00b3-4a69-8de5-2639a1a8d8ac: receive RaftClientReply:client-7F7296B99608->ffc7b071-00b3-4a69-8de5-2639a1a8d8ac@group-6911E2D50CC5, cid=3516, SUCCESS, logIndex=5854, commits[ffc7b071-00b3-4a69-8de5-2639a1a8d8ac:c5855]
2019-06-12 16:05:06,625 INFO  client.GrpcClientProtocolClient (GrpcClientProtocolClient.java:onNext(254)) - client-7F7296B99608->ffc7b071-00b3-4a69-8de5-2639a1a8d8ac: receive RaftClientReply:client-7F7296B99608->ffc7b071-00b3-4a69-8de5-2639a1a8d8ac@group-6911E2D50CC5, cid=3517, SUCCESS, logIndex=5856, commits[ffc7b071-00b3-4a69-8de5-2639a1a8d8ac:c5856]
2019-06-12 16:05:06,626 INFO  client.GrpcClientProtocolClient (GrpcClientProtocolClient.java:onNext(254)) - client-7F7296B99608->ffc7b071-00b3-4a69-8de5-2639a1a8d8ac: receive RaftClientReply:client-7F7296B99608->ffc7b071-00b3-4a69-8de5-2639a1a8d8ac@group-6911E2D50CC5, cid=3518, SUCCESS, logIndex=5858, commits[ffc7b071-00b3-4a69-8de5-2639a1a8d8ac:c5858]
2019-06-12 16:05:06,628 INFO  client.GrpcClientProtocolClient (GrpcClientProtocolClient.java:onNext(254)) - client-7F7296B99608->ffc7b071-00b3-4a69-8de5-2639a1a8d8ac: receive RaftClientReply:client-7F7296B99608->ffc7b071-00b3-4a69-8de5-2639a1a8d8ac@group-6911E2D50CC5, cid=3519, SUCCESS, logIndex=5860, commits[ffc7b071-00b3-4a69-8de5-2639a1a8d8ac:c5861]
2019-06-12 16:05:06,628 INFO  client.GrpcClientProtocolClient (GrpcClientProtocolClient.java:onNext(254)) - client-7F7296B99608->ffc7b071-00b3-4a69-8de5-2639a1a8d8ac: receive RaftClientReply:client-7F7296B99608->ffc7b071-00b3-4a69-8de5-2639a1a8d8ac@group-6911E2D50CC5, cid=3520, SUCCESS, logIndex=5861, commits[ffc7b071-00b3-4a69-8de5-2639a1a8d8ac:c5861]
2019-06-12 16:05:06,640 INFO  client.GrpcClientProtocolClient (GrpcClientProtocolClient.java:onNext(254)) - client-7F7296B99608->ffc7b071-00b3-4a69-8de5-2639a1a8d8ac: receive RaftClientReply:client-7F7296B99608->ffc7b071-00b3-4a69-8de5-2639a1a8d8ac@group-6911E2D50CC5, cid=3521, SUCCESS, logIndex=5863, commits[ffc7b071-00b3-4a69-8de5-2639a1a8d8ac:c5863]
2019-06-12 16:05:06,640 INFO  storage.RaftLogWorker (RaftLogWorker.java:rollLogSegment(303)) - ffc7b071-00b3-4a69-8de5-2639a1a8d8ac-RaftLogWorker: Rolling segment log-5793_5865 to index:5865
2019-06-12 16:05:06,640 INFO  storage.RaftLogWorker (RaftLogWorker.java:execute(433)) - ffc7b071-00b3-4a69-8de5-2639a1a8d8ac-RaftLogWorker: Rolled log segment from /opt/src/hadoop-ozone/integration-test/target/test-dir/MiniOzoneClusterImpl-a1c7246e-c692-4524-ad55-32b507b20431/datanode-0/data/ratis/4417d833-4fb6-4fa2-9413-6911e2d50cc5/current/log_inprogress_5793 to /opt/src/hadoop-ozone/integration-test/target/test-dir/MiniOzoneClusterImpl-a1c7246e-c692-4524-ad55-32b507b20431/datanode-0/data/ratis/4417d833-4fb6-4fa2-9413-6911e2d50cc5/current/log_5793-5865
2019-06-12 16:05:06,641 DEBUG block.SCMBlockDeletingService (SCMBlockDeletingService.java:call(138)) - Running DeletedBlockTransactionScanner
2019-06-12 16:05:06,641 DEBUG block.SCMBlockDeletingService (SCMBlockDeletingService.java:call(155)) - Scanned deleted blocks log and got 0 delTX to process.
2019-06-12 16:05:06,642 INFO  client.GrpcClientProtocolClient (GrpcClientProtocolClient.java:onNext(254)) - client-7F7296B99608->ffc7b071-00b3-4a69-8de5-2639a1a8d8ac: receive RaftClientReply:client-7F7296B99608->ffc7b071-00b3-4a69-8de5-2639a1a8d8ac@group-6911E2D50CC5, cid=3522, SUCCESS, logIndex=5865, commits[ffc7b071-00b3-4a69-8de5-2639a1a8d8ac:c5865]
2019-06-12 16:05:06,677 INFO  storage.RaftLogWorker (RaftLogWorker.java:execute(469)) - ffc7b071-00b3-4a69-8de5-2639a1a8d8ac-RaftLogWorker: created new log segment /opt/src/hadoop-ozone/integration-test/target/test-dir/MiniOzoneClusterImpl-a1c7246e-c692-4524-ad55-32b507b20431/datanode-0/data/ratis/4417d833-4fb6-4fa2-9413-6911e2d50cc5/current/log_inprogress_5866
2019-06-12 16:05:06,679 INFO  client.GrpcClientProtocolClient (GrpcClientProtocolClient.java:onNext(254)) - client-7F7296B99608->ffc7b071-00b3-4a69-8de5-2639a1a8d8ac: receive RaftClientReply:client-7F7296B99608->ffc7b071-00b3-4a69-8de5-2639a1a8d8ac@group-6911E2D50CC5, cid=3523, SUCCESS, logIndex=5866, commits[ffc7b071-00b3-4a69-8de5-2639a1a8d8ac:c5868]
2019-06-12 16:05:06,679 INFO  client.GrpcClientProtocolClient (GrpcClientProtocolClient.java:onNext(254)) - client-7F7296B99608->ffc7b071-00b3-4a69-8de5-2639a1a8d8ac: receive RaftClientReply:client-7F7296B99608->ffc7b071-00b3-4a69-8de5-2639a1a8d8ac@group-6911E2D50CC5, cid=3524, SUCCESS, logIndex=5867, commits[ffc7b071-00b3-4a69-8de5-2639a1a8d8ac:c5868]
2019-06-12 16:05:06,685 INFO  client.GrpcClientProtocolClient (GrpcClientProtocolClient.java:onNext(254)) - client-7F7296B99608->ffc7b071-00b3-4a69-8de5-2639a1a8d8ac: receive RaftClientReply:client-7F7296B99608->ffc7b071-00b3-4a69-8de5-2639a1a8d8ac@group-6911E2D50CC5, cid=3525, SUCCESS, logIndex=5869, commits[ffc7b071-00b3-4a69-8de5-2639a1a8d8ac:c5869]
2019-06-12 16:05:06,686 INFO  client.GrpcClientProtocolClient (GrpcClientProtocolClient.java:onNext(254)) - client-7F7296B99608->ffc7b071-00b3-4a69-8de5-2639a1a8d8ac: receive RaftClientReply:client-7F7296B99608->ffc7b071-00b3-4a69-8de5-2639a1a8d8ac@group-6911E2D50CC5, cid=3526, SUCCESS, logIndex=5871, commits[ffc7b071-00b3-4a69-8de5-2639a1a8d8ac:c5871]
2019-06-12 16:05:06,687 INFO  client.GrpcClientProtocolClient (GrpcClientProtocolClient.java:onNext(254)) - client-7F7296B99608->ffc7b071-00b3-4a69-8de5-2639a1a8d8ac: receive RaftClientReply:client-7F7296B99608->ffc7b071-00b3-4a69-8de5-2639a1a8d8ac@group-6911E2D50CC5, cid=3527, SUCCESS, logIndex=5872, commits[ffc7b071-00b3-4a69-8de5-2639a1a8d8ac:c5873]
2019-06-12 16:05:06,688 INFO  client.GrpcClientProtocolClient (GrpcClientProtocolClient.java:onNext(254)) - client-7F7296B99608->ffc7b071-00b3-4a69-8de5-2639a1a8d8ac: receive RaftClientReply:client-7F7296B99608->ffc7b071-00b3-4a69-8de5-2639a1a8d8ac@group-6911E2D50CC5, cid=3528, SUCCESS, logIndex=5874, commits[ffc7b071-00b3-4a69-8de5-2639a1a8d8ac:c5874]
2019-06-12 16:05:06,700 INFO  client.GrpcClientProtocolClient (GrpcClientProtocolClient.java:onNext(254)) - client-7F7296B99608->ffc7b071-00b3-4a69-8de5-2639a1a8d8ac: receive RaftClientReply:client-7F7296B99608->ffc7b071-00b3-4a69-8de5-2639a1a8d8ac@group-6911E2D50CC5, cid=3529, SUCCESS, logIndex=5876, commits[ffc7b071-00b3-4a69-8de5-2639a1a8d8ac:c5876]
2019-06-12 16:05:06,702 INFO  client.GrpcClientProtocolClient (GrpcClientProtocolClient.java:onNext(254)) - client-7F7296B99608->ffc7b071-00b3-4a69-8de5-2639a1a8d8ac: receive RaftClientReply:client-7F7296B99608->ffc7b071-00b3-4a69-8de5-2639a1a8d8ac@group-6911E2D50CC5, cid=3530, SUCCESS, logIndex=5878, commits[ffc7b071-00b3-4a69-8de5-2639a1a8d8ac:c5878]
2019-06-12 16:05:06,702 INFO  client.GrpcClientProtocolClient (GrpcClientProtocolClient.java:onNext(254)) - client-7F7296B99608->ffc7b071-00b3-4a69-8de5-2639a1a8d8ac: receive RaftClientReply:client-7F7296B99608->ffc7b071-00b3-4a69-8de5-2639a1a8d8ac@group-6911E2D50CC5, cid=3531, SUCCESS, logIndex=5879, commits[ffc7b071-00b3-4a69-8de5-2639a1a8d8ac:c5880]
2019-06-12 16:05:06,703 INFO  client.GrpcClientProtocolClient (GrpcClientProtocolClient.java:onNext(254)) - client-7F7296B99608->ffc7b071-00b3-4a69-8de5-2639a1a8d8ac: receive RaftClientReply:client-7F7296B99608->ffc7b071-00b3-4a69-8de5-2639a1a8d8ac@group-6911E2D50CC5, cid=3532, SUCCESS, logIndex=5880, commits[ffc7b071-00b3-4a69-8de5-2639a1a8d8ac:c5880]
2019-06-12 16:05:06,708 INFO  client.GrpcClientProtocolClient (GrpcClientProtocolClient.java:onNext(254)) - client-7F7296B99608->ffc7b071-00b3-4a69-8de5-2639a1a8d8ac: receive RaftClientReply:client-7F7296B99608->ffc7b071-00b3-4a69-8de5-2639a1a8d8ac@group-6911E2D50CC5, cid=3533, SUCCESS, logIndex=5883, commits[ffc7b071-00b3-4a69-8de5-2639a1a8d8ac:c5883]
2019-06-12 16:05:06,710 INFO  client.GrpcClientProtocolClient (GrpcClientProtocolClient.java:onNext(254)) - client-7F7296B99608->ffc7b071-00b3-4a69-8de5-2639a1a8d8ac: receive RaftClientReply:client-7F7296B99608->ffc7b071-00b3-4a69-8de5-2639a1a8d8ac@group-6911E2D50CC5, cid=3534, SUCCESS, logIndex=5885, commits[ffc7b071-00b3-4a69-8de5-2639a1a8d8ac:c5885]
2019-06-12 16:05:06,711 INFO  client.GrpcClientProtocolClient (GrpcClientProtocolClient.java:onNext(254)) - client-7F7296B99608->ffc7b071-00b3-4a69-8de5-2639a1a8d8ac: receive RaftClientReply:client-7F7296B99608->ffc7b071-00b3-4a69-8de5-2639a1a8d8ac@group-6911E2D50CC5, cid=3535, SUCCESS, logIndex=5886, commits[ffc7b071-00b3-4a69-8de5-2639a1a8d8ac:c5887]
2019-06-12 16:05:06,711 INFO  client.GrpcClientProtocolClient (GrpcClientProtocolClient.java:onNext(254)) - client-7F7296B99608->ffc7b071-00b3-4a69-8de5-2639a1a8d8ac: receive RaftClientReply:client-7F7296B99608->ffc7b071-00b3-4a69-8de5-2639a1a8d8ac@group-6911E2D50CC5, cid=3536, SUCCESS, logIndex=5887, commits[ffc7b071-00b3-4a69-8de5-2639a1a8d8ac:c5888]
2019-06-12 16:05:06,742 DEBUG block.SCMBlockDeletingService (SCMBlockDeletingService.java:call(138)) - Running DeletedBlockTransactionScanner
2019-06-12 16:05:06,742 DEBUG block.SCMBlockDeletingService (SCMBlockDeletingService.java:call(155)) - Scanned deleted blocks log and got 0 delTX to process.
2019-06-12 16:05:06,793 INFO  client.GrpcClientProtocolClient (GrpcClientProtocolClient.java:onNext(254)) - client-7F7296B99608->ffc7b071-00b3-4a69-8de5-2639a1a8d8ac: receive RaftClientReply:client-7F7296B99608->ffc7b071-00b3-4a69-8de5-2639a1a8d8ac@group-6911E2D50CC5, cid=3537, SUCCESS, logIndex=5890, commits[ffc7b071-00b3-4a69-8de5-2639a1a8d8ac:c5890]
2019-06-12 16:05:06,795 INFO  client.GrpcClientProtocolClient (GrpcClientProtocolClient.java:onNext(254)) - client-7F7296B99608->ffc7b071-00b3-4a69-8de5-2639a1a8d8ac: receive RaftClientReply:client-7F7296B99608->ffc7b071-00b3-4a69-8de5-2639a1a8d8ac@group-6911E2D50CC5, cid=3538, SUCCESS, logIndex=5892, commits[ffc7b071-00b3-4a69-8de5-2639a1a8d8ac:c5892]
2019-06-12 16:05:06,795 INFO  client.GrpcClientProtocolClient (GrpcClientProtocolClient.java:onNext(254)) - client-7F7296B99608->ffc7b071-00b3-4a69-8de5-2639a1a8d8ac: receive RaftClientReply:client-7F7296B99608->ffc7b071-00b3-4a69-8de5-2639a1a8d8ac@group-6911E2D50CC5, cid=3539, SUCCESS, logIndex=5893, commits[ffc7b071-00b3-4a69-8de5-2639a1a8d8ac:c5893]
2019-06-12 16:05:06,796 INFO  client.GrpcClientProtocolClient (GrpcClientProtocolClient.java:onNext(254)) - client-7F7296B99608->ffc7b071-00b3-4a69-8de5-2639a1a8d8ac: receive RaftClientReply:client-7F7296B99608->ffc7b071-00b3-4a69-8de5-2639a1a8d8ac@group-6911E2D50CC5, cid=3540, SUCCESS, logIndex=5895, commits[ffc7b071-00b3-4a69-8de5-2639a1a8d8ac:c5895]
2019-06-12 16:05:06,843 DEBUG block.SCMBlockDeletingService (SCMBlockDeletingService.java:call(138)) - Running DeletedBlockTransactionScanner
2019-06-12 16:05:06,843 DEBUG block.SCMBlockDeletingService (SCMBlockDeletingService.java:call(155)) - Scanned deleted blocks log and got 0 delTX to process.
2019-06-12 16:05:06,846 INFO  client.GrpcClientProtocolClient (GrpcClientProtocolClient.java:onNext(254)) - client-7F7296B99608->ffc7b071-00b3-4a69-8de5-2639a1a8d8ac: receive RaftClientReply:client-7F7296B99608->ffc7b071-00b3-4a69-8de5-2639a1a8d8ac@group-6911E2D50CC5, cid=3541, SUCCESS, logIndex=5898, commits[ffc7b071-00b3-4a69-8de5-2639a1a8d8ac:c5898]
2019-06-12 16:05:06,847 INFO  client.GrpcClientProtocolClient (GrpcClientProtocolClient.java:onNext(254)) - client-7F7296B99608->ffc7b071-00b3-4a69-8de5-2639a1a8d8ac: receive RaftClientReply:client-7F7296B99608->ffc7b071-00b3-4a69-8de5-2639a1a8d8ac@group-6911E2D50CC5, cid=3542, SUCCESS, logIndex=5900, commits[ffc7b071-00b3-4a69-8de5-2639a1a8d8ac:c5900]
2019-06-12 16:05:06,848 INFO  client.GrpcClientProtocolClient (GrpcClientProtocolClient.java:onNext(254)) - client-7F7296B99608->ffc7b071-00b3-4a69-8de5-2639a1a8d8ac: receive RaftClientReply:client-7F7296B99608->ffc7b071-00b3-4a69-8de5-2639a1a8d8ac@group-6911E2D50CC5, cid=3543, SUCCESS, logIndex=5901, commits[ffc7b071-00b3-4a69-8de5-2639a1a8d8ac:c5903]
2019-06-12 16:05:06,849 INFO  client.GrpcClientProtocolClient (GrpcClientProtocolClient.java:onNext(254)) - client-7F7296B99608->ffc7b071-00b3-4a69-8de5-2639a1a8d8ac: receive RaftClientReply:client-7F7296B99608->ffc7b071-00b3-4a69-8de5-2639a1a8d8ac@group-6911E2D50CC5, cid=3544, SUCCESS, logIndex=5902, commits[ffc7b071-00b3-4a69-8de5-2639a1a8d8ac:c5903]
2019-06-12 16:05:06,860 INFO  client.GrpcClientProtocolClient (GrpcClientProtocolClient.java:onNext(254)) - client-7F7296B99608->ffc7b071-00b3-4a69-8de5-2639a1a8d8ac: receive RaftClientReply:client-7F7296B99608->ffc7b071-00b3-4a69-8de5-2639a1a8d8ac@group-6911E2D50CC5, cid=3545, SUCCESS, logIndex=5904, commits[ffc7b071-00b3-4a69-8de5-2639a1a8d8ac:c5904]
2019-06-12 16:05:06,862 INFO  client.GrpcClientProtocolClient (GrpcClientProtocolClient.java:onNext(254)) - client-7F7296B99608->ffc7b071-00b3-4a69-8de5-2639a1a8d8ac: receive RaftClientReply:client-7F7296B99608->ffc7b071-00b3-4a69-8de5-2639a1a8d8ac@group-6911E2D50CC5, cid=3546, SUCCESS, logIndex=5906, commits[ffc7b071-00b3-4a69-8de5-2639a1a8d8ac:c5906]
2019-06-12 16:05:06,862 INFO  client.GrpcClientProtocolClient (GrpcClientProtocolClient.java:onNext(254)) - client-7F7296B99608->ffc7b071-00b3-4a69-8de5-2639a1a8d8ac: receive RaftClientReply:client-7F7296B99608->ffc7b071-00b3-4a69-8de5-2639a1a8d8ac@group-6911E2D50CC5, cid=3547, SUCCESS, logIndex=5907, commits[ffc7b071-00b3-4a69-8de5-2639a1a8d8ac:c5908]
2019-06-12 16:05:06,863 INFO  client.GrpcClientProtocolClient (GrpcClientProtocolClient.java:onNext(254)) - client-7F7296B99608->ffc7b071-00b3-4a69-8de5-2639a1a8d8ac: receive RaftClientReply:client-7F7296B99608->ffc7b071-00b3-4a69-8de5-2639a1a8d8ac@group-6911E2D50CC5, cid=3548, SUCCESS, logIndex=5908, commits[ffc7b071-00b3-4a69-8de5-2639a1a8d8ac:c5908]
2019-06-12 16:05:06,868 INFO  client.GrpcClientProtocolClient (GrpcClientProtocolClient.java:onNext(254)) - client-7F7296B99608->ffc7b071-00b3-4a69-8de5-2639a1a8d8ac: receive RaftClientReply:client-7F7296B99608->ffc7b071-00b3-4a69-8de5-2639a1a8d8ac@group-6911E2D50CC5, cid=3549, SUCCESS, logIndex=5911, commits[ffc7b071-00b3-4a69-8de5-2639a1a8d8ac:c5911]
2019-06-12 16:05:06,869 INFO  client.GrpcClientProtocolClient (GrpcClientProtocolClient.java:onNext(254)) - client-7F7296B99608->ffc7b071-00b3-4a69-8de5-2639a1a8d8ac: receive RaftClientReply:client-7F7296B99608->ffc7b071-00b3-4a69-8de5-2639a1a8d8ac@group-6911E2D50CC5, cid=3550, SUCCESS, logIndex=5913, commits[ffc7b071-00b3-4a69-8de5-2639a1a8d8ac:c5913]
2019-06-12 16:05:06,870 INFO  client.GrpcClientProtocolClient (GrpcClientProtocolClient.java:onNext(254)) - client-7F7296B99608->ffc7b071-00b3-4a69-8de5-2639a1a8d8ac: receive RaftClientReply:client-7F7296B99608->ffc7b071-00b3-4a69-8de5-2639a1a8d8ac@group-6911E2D50CC5, cid=3551, SUCCESS, logIndex=5914, commits[ffc7b071-00b3-4a69-8de5-2639a1a8d8ac:c5916]
2019-06-12 16:05:06,871 INFO  client.GrpcClientProtocolClient (GrpcClientProtocolClient.java:onNext(254)) - client-7F7296B99608->ffc7b071-00b3-4a69-8de5-2639a1a8d8ac: receive RaftClientReply:client-7F7296B99608->ffc7b071-00b3-4a69-8de5-2639a1a8d8ac@group-6911E2D50CC5, cid=3552, SUCCESS, logIndex=5915, commits[ffc7b071-00b3-4a69-8de5-2639a1a8d8ac:c5916]
2019-06-12 16:05:06,882 INFO  client.GrpcClientProtocolClient (GrpcClientProtocolClient.java:onNext(254)) - client-7F7296B99608->ffc7b071-00b3-4a69-8de5-2639a1a8d8ac: receive RaftClientReply:client-7F7296B99608->ffc7b071-00b3-4a69-8de5-2639a1a8d8ac@group-6911E2D50CC5, cid=3553, SUCCESS, logIndex=5917, commits[ffc7b071-00b3-4a69-8de5-2639a1a8d8ac:c5917]
2019-06-12 16:05:06,885 INFO  client.GrpcClientProtocolClient (GrpcClientProtocolClient.java:onNext(254)) - client-7F7296B99608->ffc7b071-00b3-4a69-8de5-2639a1a8d8ac: receive RaftClientReply:client-7F7296B99608->ffc7b071-00b3-4a69-8de5-2639a1a8d8ac@group-6911E2D50CC5, cid=3554, SUCCESS, logIndex=5919, commits[ffc7b071-00b3-4a69-8de5-2639a1a8d8ac:c5921]
2019-06-12 16:05:06,885 INFO  client.GrpcClientProtocolClient (GrpcClientProtocolClient.java:onNext(254)) - client-7F7296B99608->ffc7b071-00b3-4a69-8de5-2639a1a8d8ac: receive RaftClientReply:client-7F7296B99608->ffc7b071-00b3-4a69-8de5-2639a1a8d8ac@group-6911E2D50CC5, cid=3555, SUCCESS, logIndex=5920, commits[ffc7b071-00b3-4a69-8de5-2639a1a8d8ac:c5921]
2019-06-12 16:05:06,885 INFO  client.GrpcClientProtocolClient (GrpcClientProtocolClient.java:onNext(254)) - client-7F7296B99608->ffc7b071-00b3-4a69-8de5-2639a1a8d8ac: receive RaftClientReply:client-7F7296B99608->ffc7b071-00b3-4a69-8de5-2639a1a8d8ac@group-6911E2D50CC5, cid=3556, SUCCESS, logIndex=5921, commits[ffc7b071-00b3-4a69-8de5-2639a1a8d8ac:c5921]
2019-06-12 16:05:06,891 INFO  client.GrpcClientProtocolClient (GrpcClientProtocolClient.java:onNext(254)) - client-7F7296B99608->ffc7b071-00b3-4a69-8de5-2639a1a8d8ac: receive RaftClientReply:client-7F7296B99608->ffc7b071-00b3-4a69-8de5-2639a1a8d8ac@group-6911E2D50CC5, cid=3557, SUCCESS, logIndex=5923, commits[ffc7b071-00b3-4a69-8de5-2639a1a8d8ac:c5923]
2019-06-12 16:05:06,891 INFO  client.GrpcClientProtocolClient (GrpcClientProtocolClient.java:onNext(254)) - client-7F7296B99608->ffc7b071-00b3-4a69-8de5-2639a1a8d8ac: receive RaftClientReply:client-7F7296B99608->ffc7b071-00b3-4a69-8de5-2639a1a8d8ac@group-6911E2D50CC5, cid=3558, SUCCESS, logIndex=5925, commits[ffc7b071-00b3-4a69-8de5-2639a1a8d8ac:c5925]
2019-06-12 16:05:06,893 INFO  client.GrpcClientProtocolClient (GrpcClientProtocolClient.java:onNext(254)) - client-7F7296B99608->ffc7b071-00b3-4a69-8de5-2639a1a8d8ac: receive RaftClientReply:client-7F7296B99608->ffc7b071-00b3-4a69-8de5-2639a1a8d8ac@group-6911E2D50CC5, cid=3559, SUCCESS, logIndex=5927, commits[ffc7b071-00b3-4a69-8de5-2639a1a8d8ac:c5927]
2019-06-12 16:05:06,894 INFO  client.GrpcClientProtocolClient (GrpcClientProtocolClient.java:onNext(254)) - client-7F7296B99608->ffc7b071-00b3-4a69-8de5-2639a1a8d8ac: receive RaftClientReply:client-7F7296B99608->ffc7b071-00b3-4a69-8de5-2639a1a8d8ac@group-6911E2D50CC5, cid=3560, SUCCESS, logIndex=5928, commits[ffc7b071-00b3-4a69-8de5-2639a1a8d8ac:c5928]
2019-06-12 16:05:06,904 INFO  client.GrpcClientProtocolClient (GrpcClientProtocolClient.java:onNext(254)) - client-7F7296B99608->ffc7b071-00b3-4a69-8de5-2639a1a8d8ac: receive RaftClientReply:client-7F7296B99608->ffc7b071-00b3-4a69-8de5-2639a1a8d8ac@group-6911E2D50CC5, cid=3561, SUCCESS, logIndex=5931, commits[ffc7b071-00b3-4a69-8de5-2639a1a8d8ac:c5931]
2019-06-12 16:05:06,906 INFO  client.GrpcClientProtocolClient (GrpcClientProtocolClient.java:onNext(254)) - client-7F7296B99608->ffc7b071-00b3-4a69-8de5-2639a1a8d8ac: receive RaftClientReply:client-7F7296B99608->ffc7b071-00b3-4a69-8de5-2639a1a8d8ac@group-6911E2D50CC5, cid=3562, SUCCESS, logIndex=5933, commits[ffc7b071-00b3-4a69-8de5-2639a1a8d8ac:c5933]
2019-06-12 16:05:06,906 INFO  client.GrpcClientProtocolClient (GrpcClientProtocolClient.java:onNext(254)) - client-7F7296B99608->ffc7b071-00b3-4a69-8de5-2639a1a8d8ac: receive RaftClientReply:client-7F7296B99608->ffc7b071-00b3-4a69-8de5-2639a1a8d8ac@group-6911E2D50CC5, cid=3563, SUCCESS, logIndex=5934, commits[ffc7b071-00b3-4a69-8de5-2639a1a8d8ac:c5935]
2019-06-12 16:05:06,907 INFO  client.GrpcClientProtocolClient (GrpcClientProtocolClient.java:onNext(254)) - client-7F7296B99608->ffc7b071-00b3-4a69-8de5-2639a1a8d8ac: receive RaftClientReply:client-7F7296B99608->ffc7b071-00b3-4a69-8de5-2639a1a8d8ac@group-6911E2D50CC5, cid=3564, SUCCESS, logIndex=5935, commits[ffc7b071-00b3-4a69-8de5-2639a1a8d8ac:c5935]
2019-06-12 16:05:06,912 INFO  storage.RaftLogWorker (RaftLogWorker.java:rollLogSegment(303)) - ffc7b071-00b3-4a69-8de5-2639a1a8d8ac-RaftLogWorker: Rolling segment log-5866_5939 to index:5939
2019-06-12 16:05:06,912 INFO  client.GrpcClientProtocolClient (GrpcClientProtocolClient.java:onNext(254)) - client-7F7296B99608->ffc7b071-00b3-4a69-8de5-2639a1a8d8ac: receive RaftClientReply:client-7F7296B99608->ffc7b071-00b3-4a69-8de5-2639a1a8d8ac@group-6911E2D50CC5, cid=3565, SUCCESS, logIndex=5938, commits[ffc7b071-00b3-4a69-8de5-2639a1a8d8ac:c5938]
2019-06-12 16:05:06,913 INFO  storage.RaftLogWorker (RaftLogWorker.java:execute(433)) - ffc7b071-00b3-4a69-8de5-2639a1a8d8ac-RaftLogWorker: Rolled log segment from /opt/src/hadoop-ozone/integration-test/target/test-dir/MiniOzoneClusterImpl-a1c7246e-c692-4524-ad55-32b507b20431/datanode-0/data/ratis/4417d833-4fb6-4fa2-9413-6911e2d50cc5/current/log_inprogress_5866 to /opt/src/hadoop-ozone/integration-test/target/test-dir/MiniOzoneClusterImpl-a1c7246e-c692-4524-ad55-32b507b20431/datanode-0/data/ratis/4417d833-4fb6-4fa2-9413-6911e2d50cc5/current/log_5866-5939
2019-06-12 16:05:06,944 DEBUG block.SCMBlockDeletingService (SCMBlockDeletingService.java:call(138)) - Running DeletedBlockTransactionScanner
2019-06-12 16:05:06,944 DEBUG block.SCMBlockDeletingService (SCMBlockDeletingService.java:call(155)) - Scanned deleted blocks log and got 0 delTX to process.
2019-06-12 16:05:06,953 INFO  storage.RaftLogWorker (RaftLogWorker.java:execute(469)) - ffc7b071-00b3-4a69-8de5-2639a1a8d8ac-RaftLogWorker: created new log segment /opt/src/hadoop-ozone/integration-test/target/test-dir/MiniOzoneClusterImpl-a1c7246e-c692-4524-ad55-32b507b20431/datanode-0/data/ratis/4417d833-4fb6-4fa2-9413-6911e2d50cc5/current/log_inprogress_5940
2019-06-12 16:05:06,955 INFO  client.GrpcClientProtocolClient (GrpcClientProtocolClient.java:onNext(254)) - client-7F7296B99608->ffc7b071-00b3-4a69-8de5-2639a1a8d8ac: receive RaftClientReply:client-7F7296B99608->ffc7b071-00b3-4a69-8de5-2639a1a8d8ac@group-6911E2D50CC5, cid=3566, SUCCESS, logIndex=5940, commits[ffc7b071-00b3-4a69-8de5-2639a1a8d8ac:c5942]
2019-06-12 16:05:06,955 INFO  client.GrpcClientProtocolClient (GrpcClientProtocolClient.java:onNext(254)) - client-7F7296B99608->ffc7b071-00b3-4a69-8de5-2639a1a8d8ac: receive RaftClientReply:client-7F7296B99608->ffc7b071-00b3-4a69-8de5-2639a1a8d8ac@group-6911E2D50CC5, cid=3567, SUCCESS, logIndex=5941, commits[ffc7b071-00b3-4a69-8de5-2639a1a8d8ac:c5942]
2019-06-12 16:05:06,955 INFO  client.GrpcClientProtocolClient (GrpcClientProtocolClient.java:onNext(254)) - client-7F7296B99608->ffc7b071-00b3-4a69-8de5-2639a1a8d8ac: receive RaftClientReply:client-7F7296B99608->ffc7b071-00b3-4a69-8de5-2639a1a8d8ac@group-6911E2D50CC5, cid=3568, SUCCESS, logIndex=5942, commits[ffc7b071-00b3-4a69-8de5-2639a1a8d8ac:c5942]
2019-06-12 16:05:06,966 INFO  client.GrpcClientProtocolClient (GrpcClientProtocolClient.java:onNext(254)) - client-7F7296B99608->ffc7b071-00b3-4a69-8de5-2639a1a8d8ac: receive RaftClientReply:client-7F7296B99608->ffc7b071-00b3-4a69-8de5-2639a1a8d8ac@group-6911E2D50CC5, cid=3569, SUCCESS, logIndex=5944, commits[ffc7b071-00b3-4a69-8de5-2639a1a8d8ac:c5944]
2019-06-12 16:05:06,968 INFO  client.GrpcClientProtocolClient (GrpcClientProtocolClient.java:onNext(254)) - client-7F7296B99608->ffc7b071-00b3-4a69-8de5-2639a1a8d8ac: receive RaftClientReply:client-7F7296B99608->ffc7b071-00b3-4a69-8de5-2639a1a8d8ac@group-6911E2D50CC5, cid=3570, SUCCESS, logIndex=5946, commits[ffc7b071-00b3-4a69-8de5-2639a1a8d8ac:c5948]
2019-06-12 16:05:06,969 INFO  client.GrpcClientProtocolClient (GrpcClientProtocolClient.java:onNext(254)) - client-7F7296B99608->ffc7b071-00b3-4a69-8de5-2639a1a8d8ac: receive RaftClientReply:client-7F7296B99608->ffc7b071-00b3-4a69-8de5-2639a1a8d8ac@group-6911E2D50CC5, cid=3571, SUCCESS, logIndex=5947, commits[ffc7b071-00b3-4a69-8de5-2639a1a8d8ac:c5948]
2019-06-12 16:05:06,969 INFO  client.GrpcClientProtocolClient (GrpcClientProtocolClient.java:onNext(254)) - client-7F7296B99608->ffc7b071-00b3-4a69-8de5-2639a1a8d8ac: receive RaftClientReply:client-7F7296B99608->ffc7b071-00b3-4a69-8de5-2639a1a8d8ac@group-6911E2D50CC5, cid=3572, SUCCESS, logIndex=5948, commits[ffc7b071-00b3-4a69-8de5-2639a1a8d8ac:c5948]
2019-06-12 16:05:06,974 INFO  client.GrpcClientProtocolClient (GrpcClientProtocolClient.java:onNext(254)) - client-7F7296B99608->ffc7b071-00b3-4a69-8de5-2639a1a8d8ac: receive RaftClientReply:client-7F7296B99608->ffc7b071-00b3-4a69-8de5-2639a1a8d8ac@group-6911E2D50CC5, cid=3573, SUCCESS, logIndex=5950, commits[ffc7b071-00b3-4a69-8de5-2639a1a8d8ac:c5950]
2019-06-12 16:05:06,975 INFO  client.GrpcClientProtocolClient (GrpcClientProtocolClient.java:onNext(254)) - client-7F7296B99608->ffc7b071-00b3-4a69-8de5-2639a1a8d8ac: receive RaftClientReply:client-7F7296B99608->ffc7b071-00b3-4a69-8de5-2639a1a8d8ac@group-6911E2D50CC5, cid=3574, SUCCESS, logIndex=5952, commits[ffc7b071-00b3-4a69-8de5-2639a1a8d8ac:c5952]
2019-06-12 16:05:06,978 INFO  client.GrpcClientProtocolClient (GrpcClientProtocolClient.java:onNext(254)) - client-7F7296B99608->ffc7b071-00b3-4a69-8de5-2639a1a8d8ac: receive RaftClientReply:client-7F7296B99608->ffc7b071-00b3-4a69-8de5-2639a1a8d8ac@group-6911E2D50CC5, cid=3575, SUCCESS, logIndex=5954, commits[ffc7b071-00b3-4a69-8de5-2639a1a8d8ac:c5955]
2019-06-12 16:05:06,978 INFO  client.GrpcClientProtocolClient (GrpcClientProtocolClient.java:onNext(254)) - client-7F7296B99608->ffc7b071-00b3-4a69-8de5-2639a1a8d8ac: receive RaftClientReply:client-7F7296B99608->ffc7b071-00b3-4a69-8de5-2639a1a8d8ac@group-6911E2D50CC5, cid=3576, SUCCESS, logIndex=5955, commits[ffc7b071-00b3-4a69-8de5-2639a1a8d8ac:c5955]
2019-06-12 16:05:06,989 INFO  client.GrpcClientProtocolClient (GrpcClientProtocolClient.java:onNext(254)) - client-7F7296B99608->ffc7b071-00b3-4a69-8de5-2639a1a8d8ac: receive RaftClientReply:client-7F7296B99608->ffc7b071-00b3-4a69-8de5-2639a1a8d8ac@group-6911E2D50CC5, cid=3577, SUCCESS, logIndex=5957, commits[ffc7b071-00b3-4a69-8de5-2639a1a8d8ac:c5957]
2019-06-12 16:05:06,990 INFO  client.GrpcClientProtocolClient (GrpcClientProtocolClient.java:onNext(254)) - client-7F7296B99608->ffc7b071-00b3-4a69-8de5-2639a1a8d8ac: receive RaftClientReply:client-7F7296B99608->ffc7b071-00b3-4a69-8de5-2639a1a8d8ac@group-6911E2D50CC5, cid=3578, SUCCESS, logIndex=5959, commits[ffc7b071-00b3-4a69-8de5-2639a1a8d8ac:c5959]
2019-06-12 16:05:06,992 INFO  client.GrpcClientProtocolClient (GrpcClientProtocolClient.java:onNext(254)) - client-7F7296B99608->ffc7b071-00b3-4a69-8de5-2639a1a8d8ac: receive RaftClientReply:client-7F7296B99608->ffc7b071-00b3-4a69-8de5-2639a1a8d8ac@group-6911E2D50CC5, cid=3579, SUCCESS, logIndex=5961, commits[ffc7b071-00b3-4a69-8de5-2639a1a8d8ac:c5961]
2019-06-12 16:05:06,993 INFO  client.GrpcClientProtocolClient (GrpcClientProtocolClient.java:onNext(254)) - client-7F7296B99608->ffc7b071-00b3-4a69-8de5-2639a1a8d8ac: receive RaftClientReply:client-7F7296B99608->ffc7b071-00b3-4a69-8de5-2639a1a8d8ac@group-6911E2D50CC5, cid=3580, SUCCESS, logIndex=5962, commits[ffc7b071-00b3-4a69-8de5-2639a1a8d8ac:c5962]
2019-06-12 16:05:07,044 DEBUG block.SCMBlockDeletingService (SCMBlockDeletingService.java:call(138)) - Running DeletedBlockTransactionScanner
2019-06-12 16:05:07,044 DEBUG block.SCMBlockDeletingService (SCMBlockDeletingService.java:call(155)) - Scanned deleted blocks log and got 0 delTX to process.
2019-06-12 16:05:07,103 INFO  client.GrpcClientProtocolClient (GrpcClientProtocolClient.java:onNext(254)) - client-7F7296B99608->ffc7b071-00b3-4a69-8de5-2639a1a8d8ac: receive RaftClientReply:client-7F7296B99608->ffc7b071-00b3-4a69-8de5-2639a1a8d8ac@group-6911E2D50CC5, cid=3581, SUCCESS, logIndex=5965, commits[ffc7b071-00b3-4a69-8de5-2639a1a8d8ac:c5965]
2019-06-12 16:05:07,105 INFO  client.GrpcClientProtocolClient (GrpcClientProtocolClient.java:onNext(254)) - client-7F7296B99608->ffc7b071-00b3-4a69-8de5-2639a1a8d8ac: receive RaftClientReply:client-7F7296B99608->ffc7b071-00b3-4a69-8de5-2639a1a8d8ac@group-6911E2D50CC5, cid=3582, SUCCESS, logIndex=5967, commits[ffc7b071-00b3-4a69-8de5-2639a1a8d8ac:c5967]
2019-06-12 16:05:07,106 INFO  client.GrpcClientProtocolClient (GrpcClientProtocolClient.java:onNext(254)) - client-7F7296B99608->ffc7b071-00b3-4a69-8de5-2639a1a8d8ac: receive RaftClientReply:client-7F7296B99608->ffc7b071-00b3-4a69-8de5-2639a1a8d8ac@group-6911E2D50CC5, cid=3583, SUCCESS, logIndex=5968, commits[ffc7b071-00b3-4a69-8de5-2639a1a8d8ac:c5968]
2019-06-12 16:05:07,106 INFO  client.GrpcClientProtocolClient (GrpcClientProtocolClient.java:onNext(254)) - client-7F7296B99608->ffc7b071-00b3-4a69-8de5-2639a1a8d8ac: receive RaftClientReply:client-7F7296B99608->ffc7b071-00b3-4a69-8de5-2639a1a8d8ac@group-6911E2D50CC5, cid=3584, SUCCESS, logIndex=5970, commits[ffc7b071-00b3-4a69-8de5-2639a1a8d8ac:c5970]
2019-06-12 16:05:07,117 INFO  client.GrpcClientProtocolClient (GrpcClientProtocolClient.java:onNext(254)) - client-7F7296B99608->ffc7b071-00b3-4a69-8de5-2639a1a8d8ac: receive RaftClientReply:client-7F7296B99608->ffc7b071-00b3-4a69-8de5-2639a1a8d8ac@group-6911E2D50CC5, cid=3585, SUCCESS, logIndex=5973, commits[ffc7b071-00b3-4a69-8de5-2639a1a8d8ac:c5973]
2019-06-12 16:05:07,118 INFO  client.GrpcClientProtocolClient (GrpcClientProtocolClient.java:onNext(254)) - client-7F7296B99608->ffc7b071-00b3-4a69-8de5-2639a1a8d8ac: receive RaftClientReply:client-7F7296B99608->ffc7b071-00b3-4a69-8de5-2639a1a8d8ac@group-6911E2D50CC5, cid=3586, SUCCESS, logIndex=5975, commits[ffc7b071-00b3-4a69-8de5-2639a1a8d8ac:c5975]
2019-06-12 16:05:07,120 INFO  client.GrpcClientProtocolClient (GrpcClientProtocolClient.java:onNext(254)) - client-7F7296B99608->ffc7b071-00b3-4a69-8de5-2639a1a8d8ac: receive RaftClientReply:client-7F7296B99608->ffc7b071-00b3-4a69-8de5-2639a1a8d8ac@group-6911E2D50CC5, cid=3587, SUCCESS, logIndex=5976, commits[ffc7b071-00b3-4a69-8de5-2639a1a8d8ac:c5978]
2019-06-12 16:05:07,120 INFO  client.GrpcClientProtocolClient (GrpcClientProtocolClient.java:onNext(254)) - client-7F7296B99608->ffc7b071-00b3-4a69-8de5-2639a1a8d8ac: receive RaftClientReply:client-7F7296B99608->ffc7b071-00b3-4a69-8de5-2639a1a8d8ac@group-6911E2D50CC5, cid=3588, SUCCESS, logIndex=5977, commits[ffc7b071-00b3-4a69-8de5-2639a1a8d8ac:c5978]
2019-06-12 16:05:07,125 INFO  client.GrpcClientProtocolClient (GrpcClientProtocolClient.java:onNext(254)) - client-7F7296B99608->ffc7b071-00b3-4a69-8de5-2639a1a8d8ac: receive RaftClientReply:client-7F7296B99608->ffc7b071-00b3-4a69-8de5-2639a1a8d8ac@group-6911E2D50CC5, cid=3589, SUCCESS, logIndex=5979, commits[ffc7b071-00b3-4a69-8de5-2639a1a8d8ac:c5979]
2019-06-12 16:05:07,126 INFO  client.GrpcClientProtocolClient (GrpcClientProtocolClient.java:onNext(254)) - client-7F7296B99608->ffc7b071-00b3-4a69-8de5-2639a1a8d8ac: receive RaftClientReply:client-7F7296B99608->ffc7b071-00b3-4a69-8de5-2639a1a8d8ac@group-6911E2D50CC5, cid=3590, SUCCESS, logIndex=5981, commits[ffc7b071-00b3-4a69-8de5-2639a1a8d8ac:c5981]
2019-06-12 16:05:07,127 INFO  client.GrpcClientProtocolClient (GrpcClientProtocolClient.java:onNext(254)) - client-7F7296B99608->ffc7b071-00b3-4a69-8de5-2639a1a8d8ac: receive RaftClientReply:client-7F7296B99608->ffc7b071-00b3-4a69-8de5-2639a1a8d8ac@group-6911E2D50CC5, cid=3591, SUCCESS, logIndex=5982, commits[ffc7b071-00b3-4a69-8de5-2639a1a8d8ac:c5984]
2019-06-12 16:05:07,128 INFO  client.GrpcClientProtocolClient (GrpcClientProtocolClient.java:onNext(254)) - client-7F7296B99608->ffc7b071-00b3-4a69-8de5-2639a1a8d8ac: receive RaftClientReply:client-7F7296B99608->ffc7b071-00b3-4a69-8de5-2639a1a8d8ac@group-6911E2D50CC5, cid=3592, SUCCESS, logIndex=5983, commits[ffc7b071-00b3-4a69-8de5-2639a1a8d8ac:c5984]
2019-06-12 16:05:07,137 INFO  client.GrpcClientProtocolClient (GrpcClientProtocolClient.java:onNext(254)) - client-7F7296B99608->ffc7b071-00b3-4a69-8de5-2639a1a8d8ac: receive RaftClientReply:client-7F7296B99608->ffc7b071-00b3-4a69-8de5-2639a1a8d8ac@group-6911E2D50CC5, cid=3593, SUCCESS, logIndex=5985, commits[ffc7b071-00b3-4a69-8de5-2639a1a8d8ac:c5985]
2019-06-12 16:05:07,140 INFO  client.GrpcClientProtocolClient (GrpcClientProtocolClient.java:onNext(254)) - client-7F7296B99608->ffc7b071-00b3-4a69-8de5-2639a1a8d8ac: receive RaftClientReply:client-7F7296B99608->ffc7b071-00b3-4a69-8de5-2639a1a8d8ac@group-6911E2D50CC5, cid=3594, SUCCESS, logIndex=5987, commits[ffc7b071-00b3-4a69-8de5-2639a1a8d8ac:c5989]
2019-06-12 16:05:07,140 INFO  client.GrpcClientProtocolClient (GrpcClientProtocolClient.java:onNext(254)) - client-7F7296B99608->ffc7b071-00b3-4a69-8de5-2639a1a8d8ac: receive RaftClientReply:client-7F7296B99608->ffc7b071-00b3-4a69-8de5-2639a1a8d8ac@group-6911E2D50CC5, cid=3595, SUCCESS, logIndex=5988, commits[ffc7b071-00b3-4a69-8de5-2639a1a8d8ac:c5989]
2019-06-12 16:05:07,141 INFO  client.GrpcClientProtocolClient (GrpcClientProtocolClient.java:onNext(254)) - client-7F7296B99608->ffc7b071-00b3-4a69-8de5-2639a1a8d8ac: receive RaftClientReply:client-7F7296B99608->ffc7b071-00b3-4a69-8de5-2639a1a8d8ac@group-6911E2D50CC5, cid=3596, SUCCESS, logIndex=5989, commits[ffc7b071-00b3-4a69-8de5-2639a1a8d8ac:c5990]
2019-06-12 16:05:07,145 DEBUG block.SCMBlockDeletingService (SCMBlockDeletingService.java:call(138)) - Running DeletedBlockTransactionScanner
2019-06-12 16:05:07,145 DEBUG block.SCMBlockDeletingService (SCMBlockDeletingService.java:call(155)) - Scanned deleted blocks log and got 0 delTX to process.
2019-06-12 16:05:07,146 INFO  client.GrpcClientProtocolClient (GrpcClientProtocolClient.java:onNext(254)) - client-7F7296B99608->ffc7b071-00b3-4a69-8de5-2639a1a8d8ac: receive RaftClientReply:client-7F7296B99608->ffc7b071-00b3-4a69-8de5-2639a1a8d8ac@group-6911E2D50CC5, cid=3597, SUCCESS, logIndex=5991, commits[ffc7b071-00b3-4a69-8de5-2639a1a8d8ac:c5991]
2019-06-12 16:05:07,148 INFO  client.GrpcClientProtocolClient (GrpcClientProtocolClient.java:onNext(254)) - client-7F7296B99608->ffc7b071-00b3-4a69-8de5-2639a1a8d8ac: receive RaftClientReply:client-7F7296B99608->ffc7b071-00b3-4a69-8de5-2639a1a8d8ac@group-6911E2D50CC5, cid=3598, SUCCESS, logIndex=5993, commits[ffc7b071-00b3-4a69-8de5-2639a1a8d8ac:c5993]
2019-06-12 16:05:07,149 INFO  client.GrpcClientProtocolClient (GrpcClientProtocolClient.java:onNext(254)) - client-7F7296B99608->ffc7b071-00b3-4a69-8de5-2639a1a8d8ac: receive RaftClientReply:client-7F7296B99608->ffc7b071-00b3-4a69-8de5-2639a1a8d8ac@group-6911E2D50CC5, cid=3599, SUCCESS, logIndex=5994, commits[ffc7b071-00b3-4a69-8de5-2639a1a8d8ac:c5995]
2019-06-12 16:05:07,149 INFO  client.GrpcClientProtocolClient (GrpcClientProtocolClient.java:onNext(254)) - client-7F7296B99608->ffc7b071-00b3-4a69-8de5-2639a1a8d8ac: receive RaftClientReply:client-7F7296B99608->ffc7b071-00b3-4a69-8de5-2639a1a8d8ac@group-6911E2D50CC5, cid=3600, SUCCESS, logIndex=5995, commits[ffc7b071-00b3-4a69-8de5-2639a1a8d8ac:c5995]
2019-06-12 16:05:07,160 INFO  client.GrpcClientProtocolClient (GrpcClientProtocolClient.java:onNext(254)) - client-7F7296B99608->ffc7b071-00b3-4a69-8de5-2639a1a8d8ac: receive RaftClientReply:client-7F7296B99608->ffc7b071-00b3-4a69-8de5-2639a1a8d8ac@group-6911E2D50CC5, cid=3601, SUCCESS, logIndex=5998, commits[ffc7b071-00b3-4a69-8de5-2639a1a8d8ac:c5998]
2019-06-12 16:05:07,161 INFO  client.GrpcClientProtocolClient (GrpcClientProtocolClient.java:onNext(254)) - client-7F7296B99608->ffc7b071-00b3-4a69-8de5-2639a1a8d8ac: receive RaftClientReply:client-7F7296B99608->ffc7b071-00b3-4a69-8de5-2639a1a8d8ac@group-6911E2D50CC5, cid=3602, SUCCESS, logIndex=6000, commits[ffc7b071-00b3-4a69-8de5-2639a1a8d8ac:c6000]
2019-06-12 16:05:07,162 INFO  client.GrpcClientProtocolClient (GrpcClientProtocolClient.java:onNext(254)) - client-7F7296B99608->ffc7b071-00b3-4a69-8de5-2639a1a8d8ac: receive RaftClientReply:client-7F7296B99608->ffc7b071-00b3-4a69-8de5-2639a1a8d8ac@group-6911E2D50CC5, cid=3603, SUCCESS, logIndex=6001, commits[ffc7b071-00b3-4a69-8de5-2639a1a8d8ac:c6003]
2019-06-12 16:05:07,163 INFO  client.GrpcClientProtocolClient (GrpcClientProtocolClient.java:onNext(254)) - client-7F7296B99608->ffc7b071-00b3-4a69-8de5-2639a1a8d8ac: receive RaftClientReply:client-7F7296B99608->ffc7b071-00b3-4a69-8de5-2639a1a8d8ac@group-6911E2D50CC5, cid=3604, SUCCESS, logIndex=6002, commits[ffc7b071-00b3-4a69-8de5-2639a1a8d8ac:c6003]
2019-06-12 16:05:07,169 INFO  client.GrpcClientProtocolClient (GrpcClientProtocolClient.java:onNext(254)) - client-7F7296B99608->ffc7b071-00b3-4a69-8de5-2639a1a8d8ac: receive RaftClientReply:client-7F7296B99608->ffc7b071-00b3-4a69-8de5-2639a1a8d8ac@group-6911E2D50CC5, cid=3605, SUCCESS, logIndex=6004, commits[ffc7b071-00b3-4a69-8de5-2639a1a8d8ac:c6005]
2019-06-12 16:05:07,169 INFO  client.GrpcClientProtocolClient (GrpcClientProtocolClient.java:onNext(254)) - client-7F7296B99608->ffc7b071-00b3-4a69-8de5-2639a1a8d8ac: receive RaftClientReply:client-7F7296B99608->ffc7b071-00b3-4a69-8de5-2639a1a8d8ac@group-6911E2D50CC5, cid=3606, SUCCESS, logIndex=6006, commits[ffc7b071-00b3-4a69-8de5-2639a1a8d8ac:c6006]
2019-06-12 16:05:07,171 INFO  storage.RaftLogWorker (RaftLogWorker.java:rollLogSegment(303)) - ffc7b071-00b3-4a69-8de5-2639a1a8d8ac-RaftLogWorker: Rolling segment log-5940_6009 to index:6009
2019-06-12 16:05:07,172 INFO  storage.RaftLogWorker (RaftLogWorker.java:execute(433)) - ffc7b071-00b3-4a69-8de5-2639a1a8d8ac-RaftLogWorker: Rolled log segment from /opt/src/hadoop-ozone/integration-test/target/test-dir/MiniOzoneClusterImpl-a1c7246e-c692-4524-ad55-32b507b20431/datanode-0/data/ratis/4417d833-4fb6-4fa2-9413-6911e2d50cc5/current/log_inprogress_5940 to /opt/src/hadoop-ozone/integration-test/target/test-dir/MiniOzoneClusterImpl-a1c7246e-c692-4524-ad55-32b507b20431/datanode-0/data/ratis/4417d833-4fb6-4fa2-9413-6911e2d50cc5/current/log_5940-6009
2019-06-12 16:05:07,172 INFO  client.GrpcClientProtocolClient (GrpcClientProtocolClient.java:onNext(254)) - client-7F7296B99608->ffc7b071-00b3-4a69-8de5-2639a1a8d8ac: receive RaftClientReply:client-7F7296B99608->ffc7b071-00b3-4a69-8de5-2639a1a8d8ac@group-6911E2D50CC5, cid=3607, SUCCESS, logIndex=6008, commits[ffc7b071-00b3-4a69-8de5-2639a1a8d8ac:c6009]
2019-06-12 16:05:07,172 INFO  client.GrpcClientProtocolClient (GrpcClientProtocolClient.java:onNext(254)) - client-7F7296B99608->ffc7b071-00b3-4a69-8de5-2639a1a8d8ac: receive RaftClientReply:client-7F7296B99608->ffc7b071-00b3-4a69-8de5-2639a1a8d8ac@group-6911E2D50CC5, cid=3608, SUCCESS, logIndex=6009, commits[ffc7b071-00b3-4a69-8de5-2639a1a8d8ac:c6009]
2019-06-12 16:05:07,211 INFO  storage.RaftLogWorker (RaftLogWorker.java:execute(469)) - ffc7b071-00b3-4a69-8de5-2639a1a8d8ac-RaftLogWorker: created new log segment /opt/src/hadoop-ozone/integration-test/target/test-dir/MiniOzoneClusterImpl-a1c7246e-c692-4524-ad55-32b507b20431/datanode-0/data/ratis/4417d833-4fb6-4fa2-9413-6911e2d50cc5/current/log_inprogress_6010
2019-06-12 16:05:07,212 INFO  client.GrpcClientProtocolClient (GrpcClientProtocolClient.java:onNext(254)) - client-7F7296B99608->ffc7b071-00b3-4a69-8de5-2639a1a8d8ac: receive RaftClientReply:client-7F7296B99608->ffc7b071-00b3-4a69-8de5-2639a1a8d8ac@group-6911E2D50CC5, cid=3609, SUCCESS, logIndex=6011, commits[ffc7b071-00b3-4a69-8de5-2639a1a8d8ac:c6011]
2019-06-12 16:05:07,214 INFO  client.GrpcClientProtocolClient (GrpcClientProtocolClient.java:onNext(254)) - client-7F7296B99608->ffc7b071-00b3-4a69-8de5-2639a1a8d8ac: receive RaftClientReply:client-7F7296B99608->ffc7b071-00b3-4a69-8de5-2639a1a8d8ac@group-6911E2D50CC5, cid=3610, SUCCESS, logIndex=6013, commits[ffc7b071-00b3-4a69-8de5-2639a1a8d8ac:c6013]
2019-06-12 16:05:07,215 INFO  client.GrpcClientProtocolClient (GrpcClientProtocolClient.java:onNext(254)) - client-7F7296B99608->ffc7b071-00b3-4a69-8de5-2639a1a8d8ac: receive RaftClientReply:client-7F7296B99608->ffc7b071-00b3-4a69-8de5-2639a1a8d8ac@group-6911E2D50CC5, cid=3611, SUCCESS, logIndex=6014, commits[ffc7b071-00b3-4a69-8de5-2639a1a8d8ac:c6015]
2019-06-12 16:05:07,215 INFO  client.GrpcClientProtocolClient (GrpcClientProtocolClient.java:onNext(254)) - client-7F7296B99608->ffc7b071-00b3-4a69-8de5-2639a1a8d8ac: receive RaftClientReply:client-7F7296B99608->ffc7b071-00b3-4a69-8de5-2639a1a8d8ac@group-6911E2D50CC5, cid=3612, SUCCESS, logIndex=6015, commits[ffc7b071-00b3-4a69-8de5-2639a1a8d8ac:c6015]
2019-06-12 16:05:07,222 INFO  client.GrpcClientProtocolClient (GrpcClientProtocolClient.java:onNext(254)) - client-7F7296B99608->ffc7b071-00b3-4a69-8de5-2639a1a8d8ac: receive RaftClientReply:client-7F7296B99608->ffc7b071-00b3-4a69-8de5-2639a1a8d8ac@group-6911E2D50CC5, cid=3613, SUCCESS, logIndex=6018, commits[ffc7b071-00b3-4a69-8de5-2639a1a8d8ac:c6018]
2019-06-12 16:05:07,224 INFO  client.GrpcClientProtocolClient (GrpcClientProtocolClient.java:onNext(254)) - client-7F7296B99608->ffc7b071-00b3-4a69-8de5-2639a1a8d8ac: receive RaftClientReply:client-7F7296B99608->ffc7b071-00b3-4a69-8de5-2639a1a8d8ac@group-6911E2D50CC5, cid=3614, SUCCESS, logIndex=6020, commits[ffc7b071-00b3-4a69-8de5-2639a1a8d8ac:c6020]
2019-06-12 16:05:07,224 INFO  client.GrpcClientProtocolClient (GrpcClientProtocolClient.java:onNext(254)) - client-7F7296B99608->ffc7b071-00b3-4a69-8de5-2639a1a8d8ac: receive RaftClientReply:client-7F7296B99608->ffc7b071-00b3-4a69-8de5-2639a1a8d8ac@group-6911E2D50CC5, cid=3615, SUCCESS, logIndex=6021, commits[ffc7b071-00b3-4a69-8de5-2639a1a8d8ac:c6023]
2019-06-12 16:05:07,225 INFO  client.GrpcClientProtocolClient (GrpcClientProtocolClient.java:onNext(254)) - client-7F7296B99608->ffc7b071-00b3-4a69-8de5-2639a1a8d8ac: receive RaftClientReply:client-7F7296B99608->ffc7b071-00b3-4a69-8de5-2639a1a8d8ac@group-6911E2D50CC5, cid=3616, SUCCESS, logIndex=6022, commits[ffc7b071-00b3-4a69-8de5-2639a1a8d8ac:c6023]
2019-06-12 16:05:07,235 INFO  client.GrpcClientProtocolClient (GrpcClientProtocolClient.java:onNext(254)) - client-7F7296B99608->ffc7b071-00b3-4a69-8de5-2639a1a8d8ac: receive RaftClientReply:client-7F7296B99608->ffc7b071-00b3-4a69-8de5-2639a1a8d8ac@group-6911E2D50CC5, cid=3617, SUCCESS, logIndex=6024, commits[ffc7b071-00b3-4a69-8de5-2639a1a8d8ac:c6024]
2019-06-12 16:05:07,237 INFO  client.GrpcClientProtocolClient (GrpcClientProtocolClient.java:onNext(254)) - client-7F7296B99608->ffc7b071-00b3-4a69-8de5-2639a1a8d8ac: receive RaftClientReply:client-7F7296B99608->ffc7b071-00b3-4a69-8de5-2639a1a8d8ac@group-6911E2D50CC5, cid=3618, SUCCESS, logIndex=6026, commits[ffc7b071-00b3-4a69-8de5-2639a1a8d8ac:c6026]
2019-06-12 16:05:07,237 INFO  client.GrpcClientProtocolClient (GrpcClientProtocolClient.java:onNext(254)) - client-7F7296B99608->ffc7b071-00b3-4a69-8de5-2639a1a8d8ac: receive RaftClientReply:client-7F7296B99608->ffc7b071-00b3-4a69-8de5-2639a1a8d8ac@group-6911E2D50CC5, cid=3619, SUCCESS, logIndex=6027, commits[ffc7b071-00b3-4a69-8de5-2639a1a8d8ac:c6028]
2019-06-12 16:05:07,238 INFO  client.GrpcClientProtocolClient (GrpcClientProtocolClient.java:onNext(254)) - client-7F7296B99608->ffc7b071-00b3-4a69-8de5-2639a1a8d8ac: receive RaftClientReply:client-7F7296B99608->ffc7b071-00b3-4a69-8de5-2639a1a8d8ac@group-6911E2D50CC5, cid=3620, SUCCESS, logIndex=6029, commits[ffc7b071-00b3-4a69-8de5-2639a1a8d8ac:c6029]
2019-06-12 16:05:07,244 INFO  client.GrpcClientProtocolClient (GrpcClientProtocolClient.java:onNext(254)) - client-7F7296B99608->ffc7b071-00b3-4a69-8de5-2639a1a8d8ac: receive RaftClientReply:client-7F7296B99608->ffc7b071-00b3-4a69-8de5-2639a1a8d8ac@group-6911E2D50CC5, cid=3621, SUCCESS, logIndex=6031, commits[ffc7b071-00b3-4a69-8de5-2639a1a8d8ac:c6031]
2019-06-12 16:05:07,245 INFO  client.GrpcClientProtocolClient (GrpcClientProtocolClient.java:onNext(254)) - client-7F7296B99608->ffc7b071-00b3-4a69-8de5-2639a1a8d8ac: receive RaftClientReply:client-7F7296B99608->ffc7b071-00b3-4a69-8de5-2639a1a8d8ac@group-6911E2D50CC5, cid=3622, SUCCESS, logIndex=6033, commits[ffc7b071-00b3-4a69-8de5-2639a1a8d8ac:c6033]
2019-06-12 16:05:07,245 DEBUG block.SCMBlockDeletingService (SCMBlockDeletingService.java:call(138)) - Running DeletedBlockTransactionScanner
2019-06-12 16:05:07,245 DEBUG block.SCMBlockDeletingService (SCMBlockDeletingService.java:call(155)) - Scanned deleted blocks log and got 0 delTX to process.
2019-06-12 16:05:07,247 INFO  client.GrpcClientProtocolClient (GrpcClientProtocolClient.java:onNext(254)) - client-7F7296B99608->ffc7b071-00b3-4a69-8de5-2639a1a8d8ac: receive RaftClientReply:client-7F7296B99608->ffc7b071-00b3-4a69-8de5-2639a1a8d8ac@group-6911E2D50CC5, cid=3623, SUCCESS, logIndex=6035, commits[ffc7b071-00b3-4a69-8de5-2639a1a8d8ac:c6035]
2019-06-12 16:05:07,248 INFO  client.GrpcClientProtocolClient (GrpcClientProtocolClient.java:onNext(254)) - client-7F7296B99608->ffc7b071-00b3-4a69-8de5-2639a1a8d8ac: receive RaftClientReply:client-7F7296B99608->ffc7b071-00b3-4a69-8de5-2639a1a8d8ac@group-6911E2D50CC5, cid=3624, SUCCESS, logIndex=6036, commits[ffc7b071-00b3-4a69-8de5-2639a1a8d8ac:c6036]
2019-06-12 16:05:07,362 DEBUG block.SCMBlockDeletingService (SCMBlockDeletingService.java:call(138)) - Running DeletedBlockTransactionScanner
2019-06-12 16:05:07,362 DEBUG block.SCMBlockDeletingService (SCMBlockDeletingService.java:call(155)) - Scanned deleted blocks log and got 0 delTX to process.
2019-06-12 16:05:07,373 INFO  client.GrpcClientProtocolClient (GrpcClientProtocolClient.java:onNext(254)) - client-7F7296B99608->ffc7b071-00b3-4a69-8de5-2639a1a8d8ac: receive RaftClientReply:client-7F7296B99608->ffc7b071-00b3-4a69-8de5-2639a1a8d8ac@group-6911E2D50CC5, cid=3625, SUCCESS, logIndex=6039, commits[ffc7b071-00b3-4a69-8de5-2639a1a8d8ac:c6039]
2019-06-12 16:05:07,374 INFO  client.GrpcClientProtocolClient (GrpcClientProtocolClient.java:onNext(254)) - client-7F7296B99608->ffc7b071-00b3-4a69-8de5-2639a1a8d8ac: receive RaftClientReply:client-7F7296B99608->ffc7b071-00b3-4a69-8de5-2639a1a8d8ac@group-6911E2D50CC5, cid=3626, SUCCESS, logIndex=6041, commits[ffc7b071-00b3-4a69-8de5-2639a1a8d8ac:c6041]
2019-06-12 16:05:07,375 INFO  client.GrpcClientProtocolClient (GrpcClientProtocolClient.java:onNext(254)) - client-7F7296B99608->ffc7b071-00b3-4a69-8de5-2639a1a8d8ac: receive RaftClientReply:client-7F7296B99608->ffc7b071-00b3-4a69-8de5-2639a1a8d8ac@group-6911E2D50CC5, cid=3627, SUCCESS, logIndex=6042, commits[ffc7b071-00b3-4a69-8de5-2639a1a8d8ac:c6044]
2019-06-12 16:05:07,375 INFO  client.GrpcClientProtocolClient (GrpcClientProtocolClient.java:onNext(254)) - client-7F7296B99608->ffc7b071-00b3-4a69-8de5-2639a1a8d8ac: receive RaftClientReply:client-7F7296B99608->ffc7b071-00b3-4a69-8de5-2639a1a8d8ac@group-6911E2D50CC5, cid=3628, SUCCESS, logIndex=6043, commits[ffc7b071-00b3-4a69-8de5-2639a1a8d8ac:c6044]
2019-06-12 16:05:07,381 INFO  client.GrpcClientProtocolClient (GrpcClientProtocolClient.java:onNext(254)) - client-7F7296B99608->ffc7b071-00b3-4a69-8de5-2639a1a8d8ac: receive RaftClientReply:client-7F7296B99608->ffc7b071-00b3-4a69-8de5-2639a1a8d8ac@group-6911E2D50CC5, cid=3629, SUCCESS, logIndex=6045, commits[ffc7b071-00b3-4a69-8de5-2639a1a8d8ac:c6046]
2019-06-12 16:05:07,382 INFO  client.GrpcClientProtocolClient (GrpcClientProtocolClient.java:onNext(254)) - client-7F7296B99608->ffc7b071-00b3-4a69-8de5-2639a1a8d8ac: receive RaftClientReply:client-7F7296B99608->ffc7b071-00b3-4a69-8de5-2639a1a8d8ac@group-6911E2D50CC5, cid=3630, SUCCESS, logIndex=6047, commits[ffc7b071-00b3-4a69-8de5-2639a1a8d8ac:c6047]
2019-06-12 16:05:07,383 INFO  client.GrpcClientProtocolClient (GrpcClientProtocolClient.java:onNext(254)) - client-7F7296B99608->ffc7b071-00b3-4a69-8de5-2639a1a8d8ac: receive RaftClientReply:client-7F7296B99608->ffc7b071-00b3-4a69-8de5-2639a1a8d8ac@group-6911E2D50CC5, cid=3631, SUCCESS, logIndex=6048, commits[ffc7b071-00b3-4a69-8de5-2639a1a8d8ac:c6049]
2019-06-12 16:05:07,384 INFO  client.GrpcClientProtocolClient (GrpcClientProtocolClient.java:onNext(254)) - client-7F7296B99608->ffc7b071-00b3-4a69-8de5-2639a1a8d8ac: receive RaftClientReply:client-7F7296B99608->ffc7b071-00b3-4a69-8de5-2639a1a8d8ac@group-6911E2D50CC5, cid=3632, SUCCESS, logIndex=6050, commits[ffc7b071-00b3-4a69-8de5-2639a1a8d8ac:c6050]
2019-06-12 16:05:07,395 INFO  client.GrpcClientProtocolClient (GrpcClientProtocolClient.java:onNext(254)) - client-7F7296B99608->ffc7b071-00b3-4a69-8de5-2639a1a8d8ac: receive RaftClientReply:client-7F7296B99608->ffc7b071-00b3-4a69-8de5-2639a1a8d8ac@group-6911E2D50CC5, cid=3633, SUCCESS, logIndex=6052, commits[ffc7b071-00b3-4a69-8de5-2639a1a8d8ac:c6052]
2019-06-12 16:05:07,397 INFO  client.GrpcClientProtocolClient (GrpcClientProtocolClient.java:onNext(254)) - client-7F7296B99608->ffc7b071-00b3-4a69-8de5-2639a1a8d8ac: receive RaftClientReply:client-7F7296B99608->ffc7b071-00b3-4a69-8de5-2639a1a8d8ac@group-6911E2D50CC5, cid=3634, SUCCESS, logIndex=6054, commits[ffc7b071-00b3-4a69-8de5-2639a1a8d8ac:c6054]
2019-06-12 16:05:07,398 INFO  client.GrpcClientProtocolClient (GrpcClientProtocolClient.java:onNext(254)) - client-7F7296B99608->ffc7b071-00b3-4a69-8de5-2639a1a8d8ac: receive RaftClientReply:client-7F7296B99608->ffc7b071-00b3-4a69-8de5-2639a1a8d8ac@group-6911E2D50CC5, cid=3635, SUCCESS, logIndex=6055, commits[ffc7b071-00b3-4a69-8de5-2639a1a8d8ac:c6057]
2019-06-12 16:05:07,398 INFO  client.GrpcClientProtocolClient (GrpcClientProtocolClient.java:onNext(254)) - client-7F7296B99608->ffc7b071-00b3-4a69-8de5-2639a1a8d8ac: receive RaftClientReply:client-7F7296B99608->ffc7b071-00b3-4a69-8de5-2639a1a8d8ac@group-6911E2D50CC5, cid=3636, SUCCESS, logIndex=6056, commits[ffc7b071-00b3-4a69-8de5-2639a1a8d8ac:c6057]
2019-06-12 16:05:07,403 INFO  client.GrpcClientProtocolClient (GrpcClientProtocolClient.java:onNext(254)) - client-7F7296B99608->ffc7b071-00b3-4a69-8de5-2639a1a8d8ac: receive RaftClientReply:client-7F7296B99608->ffc7b071-00b3-4a69-8de5-2639a1a8d8ac@group-6911E2D50CC5, cid=3637, SUCCESS, logIndex=6058, commits[ffc7b071-00b3-4a69-8de5-2639a1a8d8ac:c6058]
2019-06-12 16:05:07,405 INFO  client.GrpcClientProtocolClient (GrpcClientProtocolClient.java:onNext(254)) - client-7F7296B99608->ffc7b071-00b3-4a69-8de5-2639a1a8d8ac: receive RaftClientReply:client-7F7296B99608->ffc7b071-00b3-4a69-8de5-2639a1a8d8ac@group-6911E2D50CC5, cid=3638, SUCCESS, logIndex=6060, commits[ffc7b071-00b3-4a69-8de5-2639a1a8d8ac:c6060]
2019-06-12 16:05:07,406 INFO  client.GrpcClientProtocolClient (GrpcClientProtocolClient.java:onNext(254)) - client-7F7296B99608->ffc7b071-00b3-4a69-8de5-2639a1a8d8ac: receive RaftClientReply:client-7F7296B99608->ffc7b071-00b3-4a69-8de5-2639a1a8d8ac@group-6911E2D50CC5, cid=3639, SUCCESS, logIndex=6061, commits[ffc7b071-00b3-4a69-8de5-2639a1a8d8ac:c6062]
2019-06-12 16:05:07,406 INFO  client.GrpcClientProtocolClient (GrpcClientProtocolClient.java:onNext(254)) - client-7F7296B99608->ffc7b071-00b3-4a69-8de5-2639a1a8d8ac: receive RaftClientReply:client-7F7296B99608->ffc7b071-00b3-4a69-8de5-2639a1a8d8ac@group-6911E2D50CC5, cid=3640, SUCCESS, logIndex=6062, commits[ffc7b071-00b3-4a69-8de5-2639a1a8d8ac:c6062]
2019-06-12 16:05:07,416 INFO  client.GrpcClientProtocolClient (GrpcClientProtocolClient.java:onNext(254)) - client-7F7296B99608->ffc7b071-00b3-4a69-8de5-2639a1a8d8ac: receive RaftClientReply:client-7F7296B99608->ffc7b071-00b3-4a69-8de5-2639a1a8d8ac@group-6911E2D50CC5, cid=3641, SUCCESS, logIndex=6065, commits[ffc7b071-00b3-4a69-8de5-2639a1a8d8ac:c6065]
2019-06-12 16:05:07,418 INFO  client.GrpcClientProtocolClient (GrpcClientProtocolClient.java:onNext(254)) - client-7F7296B99608->ffc7b071-00b3-4a69-8de5-2639a1a8d8ac: receive RaftClientReply:client-7F7296B99608->ffc7b071-00b3-4a69-8de5-2639a1a8d8ac@group-6911E2D50CC5, cid=3642, SUCCESS, logIndex=6067, commits[ffc7b071-00b3-4a69-8de5-2639a1a8d8ac:c6067]
2019-06-12 16:05:07,419 INFO  client.GrpcClientProtocolClient (GrpcClientProtocolClient.java:onNext(254)) - client-7F7296B99608->ffc7b071-00b3-4a69-8de5-2639a1a8d8ac: receive RaftClientReply:client-7F7296B99608->ffc7b071-00b3-4a69-8de5-2639a1a8d8ac@group-6911E2D50CC5, cid=3643, SUCCESS, logIndex=6068, commits[ffc7b071-00b3-4a69-8de5-2639a1a8d8ac:c6070]
2019-06-12 16:05:07,419 INFO  client.GrpcClientProtocolClient (GrpcClientProtocolClient.java:onNext(254)) - client-7F7296B99608->ffc7b071-00b3-4a69-8de5-2639a1a8d8ac: receive RaftClientReply:client-7F7296B99608->ffc7b071-00b3-4a69-8de5-2639a1a8d8ac@group-6911E2D50CC5, cid=3644, SUCCESS, logIndex=6069, commits[ffc7b071-00b3-4a69-8de5-2639a1a8d8ac:c6070]
2019-06-12 16:05:07,425 INFO  client.GrpcClientProtocolClient (GrpcClientProtocolClient.java:onNext(254)) - client-7F7296B99608->ffc7b071-00b3-4a69-8de5-2639a1a8d8ac: receive RaftClientReply:client-7F7296B99608->ffc7b071-00b3-4a69-8de5-2639a1a8d8ac@group-6911E2D50CC5, cid=3645, SUCCESS, logIndex=6071, commits[ffc7b071-00b3-4a69-8de5-2639a1a8d8ac:c6071]
2019-06-12 16:05:07,426 INFO  client.GrpcClientProtocolClient (GrpcClientProtocolClient.java:onNext(254)) - client-7F7296B99608->ffc7b071-00b3-4a69-8de5-2639a1a8d8ac: receive RaftClientReply:client-7F7296B99608->ffc7b071-00b3-4a69-8de5-2639a1a8d8ac@group-6911E2D50CC5, cid=3646, SUCCESS, logIndex=6073, commits[ffc7b071-00b3-4a69-8de5-2639a1a8d8ac:c6073]
2019-06-12 16:05:07,427 INFO  client.GrpcClientProtocolClient (GrpcClientProtocolClient.java:onNext(254)) - client-7F7296B99608->ffc7b071-00b3-4a69-8de5-2639a1a8d8ac: receive RaftClientReply:client-7F7296B99608->ffc7b071-00b3-4a69-8de5-2639a1a8d8ac@group-6911E2D50CC5, cid=3647, SUCCESS, logIndex=6074, commits[ffc7b071-00b3-4a69-8de5-2639a1a8d8ac:c6076]
2019-06-12 16:05:07,427 INFO  client.GrpcClientProtocolClient (GrpcClientProtocolClient.java:onNext(254)) - client-7F7296B99608->ffc7b071-00b3-4a69-8de5-2639a1a8d8ac: receive RaftClientReply:client-7F7296B99608->ffc7b071-00b3-4a69-8de5-2639a1a8d8ac@group-6911E2D50CC5, cid=3648, SUCCESS, logIndex=6075, commits[ffc7b071-00b3-4a69-8de5-2639a1a8d8ac:c6076]
2019-06-12 16:05:07,437 INFO  client.GrpcClientProtocolClient (GrpcClientProtocolClient.java:onNext(254)) - client-7F7296B99608->ffc7b071-00b3-4a69-8de5-2639a1a8d8ac: receive RaftClientReply:client-7F7296B99608->ffc7b071-00b3-4a69-8de5-2639a1a8d8ac@group-6911E2D50CC5, cid=3649, SUCCESS, logIndex=6077, commits[ffc7b071-00b3-4a69-8de5-2639a1a8d8ac:c6077]
2019-06-12 16:05:07,438 INFO  client.GrpcClientProtocolClient (GrpcClientProtocolClient.java:onNext(254)) - client-7F7296B99608->ffc7b071-00b3-4a69-8de5-2639a1a8d8ac: receive RaftClientReply:client-7F7296B99608->ffc7b071-00b3-4a69-8de5-2639a1a8d8ac@group-6911E2D50CC5, cid=3650, SUCCESS, logIndex=6079, commits[ffc7b071-00b3-4a69-8de5-2639a1a8d8ac:c6079]
2019-06-12 16:05:07,440 INFO  client.GrpcClientProtocolClient (GrpcClientProtocolClient.java:onNext(254)) - client-7F7296B99608->ffc7b071-00b3-4a69-8de5-2639a1a8d8ac: receive RaftClientReply:client-7F7296B99608->ffc7b071-00b3-4a69-8de5-2639a1a8d8ac@group-6911E2D50CC5, cid=3651, SUCCESS, logIndex=6081, commits[ffc7b071-00b3-4a69-8de5-2639a1a8d8ac:c6082]
2019-06-12 16:05:07,440 INFO  client.GrpcClientProtocolClient (GrpcClientProtocolClient.java:onNext(254)) - client-7F7296B99608->ffc7b071-00b3-4a69-8de5-2639a1a8d8ac: receive RaftClientReply:client-7F7296B99608->ffc7b071-00b3-4a69-8de5-2639a1a8d8ac@group-6911E2D50CC5, cid=3652, SUCCESS, logIndex=6082, commits[ffc7b071-00b3-4a69-8de5-2639a1a8d8ac:c6082]
2019-06-12 16:05:07,443 INFO  storage.RaftLogWorker (RaftLogWorker.java:rollLogSegment(303)) - ffc7b071-00b3-4a69-8de5-2639a1a8d8ac-RaftLogWorker: Rolling segment log-6010_6083 to index:6083
2019-06-12 16:05:07,444 INFO  storage.RaftLogWorker (RaftLogWorker.java:execute(433)) - ffc7b071-00b3-4a69-8de5-2639a1a8d8ac-RaftLogWorker: Rolled log segment from /opt/src/hadoop-ozone/integration-test/target/test-dir/MiniOzoneClusterImpl-a1c7246e-c692-4524-ad55-32b507b20431/datanode-0/data/ratis/4417d833-4fb6-4fa2-9413-6911e2d50cc5/current/log_inprogress_6010 to /opt/src/hadoop-ozone/integration-test/target/test-dir/MiniOzoneClusterImpl-a1c7246e-c692-4524-ad55-32b507b20431/datanode-0/data/ratis/4417d833-4fb6-4fa2-9413-6911e2d50cc5/current/log_6010-6083
2019-06-12 16:05:07,463 DEBUG block.SCMBlockDeletingService (SCMBlockDeletingService.java:call(138)) - Running DeletedBlockTransactionScanner
2019-06-12 16:05:07,463 DEBUG block.SCMBlockDeletingService (SCMBlockDeletingService.java:call(155)) - Scanned deleted blocks log and got 0 delTX to process.
2019-06-12 16:05:07,486 INFO  storage.RaftLogWorker (RaftLogWorker.java:execute(469)) - ffc7b071-00b3-4a69-8de5-2639a1a8d8ac-RaftLogWorker: created new log segment /opt/src/hadoop-ozone/integration-test/target/test-dir/MiniOzoneClusterImpl-a1c7246e-c692-4524-ad55-32b507b20431/datanode-0/data/ratis/4417d833-4fb6-4fa2-9413-6911e2d50cc5/current/log_inprogress_6084
2019-06-12 16:05:07,487 INFO  client.GrpcClientProtocolClient (GrpcClientProtocolClient.java:onNext(254)) - client-7F7296B99608->ffc7b071-00b3-4a69-8de5-2639a1a8d8ac: receive RaftClientReply:client-7F7296B99608->ffc7b071-00b3-4a69-8de5-2639a1a8d8ac@group-6911E2D50CC5, cid=3653, SUCCESS, logIndex=6084, commits[ffc7b071-00b3-4a69-8de5-2639a1a8d8ac:c6084]
2019-06-12 16:05:07,488 INFO  client.GrpcClientProtocolClient (GrpcClientProtocolClient.java:onNext(254)) - client-7F7296B99608->ffc7b071-00b3-4a69-8de5-2639a1a8d8ac: receive RaftClientReply:client-7F7296B99608->ffc7b071-00b3-4a69-8de5-2639a1a8d8ac@group-6911E2D50CC5, cid=3654, SUCCESS, logIndex=6086, commits[ffc7b071-00b3-4a69-8de5-2639a1a8d8ac:c6086]
2019-06-12 16:05:07,489 INFO  client.GrpcClientProtocolClient (GrpcClientProtocolClient.java:onNext(254)) - client-7F7296B99608->ffc7b071-00b3-4a69-8de5-2639a1a8d8ac: receive RaftClientReply:client-7F7296B99608->ffc7b071-00b3-4a69-8de5-2639a1a8d8ac@group-6911E2D50CC5, cid=3655, SUCCESS, logIndex=6087, commits[ffc7b071-00b3-4a69-8de5-2639a1a8d8ac:c6089]
2019-06-12 16:05:07,489 INFO  client.GrpcClientProtocolClient (GrpcClientProtocolClient.java:onNext(254)) - client-7F7296B99608->ffc7b071-00b3-4a69-8de5-2639a1a8d8ac: receive RaftClientReply:client-7F7296B99608->ffc7b071-00b3-4a69-8de5-2639a1a8d8ac@group-6911E2D50CC5, cid=3656, SUCCESS, logIndex=6088, commits[ffc7b071-00b3-4a69-8de5-2639a1a8d8ac:c6089]
2019-06-12 16:05:07,499 INFO  client.GrpcClientProtocolClient (GrpcClientProtocolClient.java:onNext(254)) - client-7F7296B99608->ffc7b071-00b3-4a69-8de5-2639a1a8d8ac: receive RaftClientReply:client-7F7296B99608->ffc7b071-00b3-4a69-8de5-2639a1a8d8ac@group-6911E2D50CC5, cid=3657, SUCCESS, logIndex=6090, commits[ffc7b071-00b3-4a69-8de5-2639a1a8d8ac:c6090]
2019-06-12 16:05:07,501 INFO  client.GrpcClientProtocolClient (GrpcClientProtocolClient.java:onNext(254)) - client-7F7296B99608->ffc7b071-00b3-4a69-8de5-2639a1a8d8ac: receive RaftClientReply:client-7F7296B99608->ffc7b071-00b3-4a69-8de5-2639a1a8d8ac@group-6911E2D50CC5, cid=3658, SUCCESS, logIndex=6092, commits[ffc7b071-00b3-4a69-8de5-2639a1a8d8ac:c6092]
2019-06-12 16:05:07,502 INFO  client.GrpcClientProtocolClient (GrpcClientProtocolClient.java:onNext(254)) - client-7F7296B99608->ffc7b071-00b3-4a69-8de5-2639a1a8d8ac: receive RaftClientReply:client-7F7296B99608->ffc7b071-00b3-4a69-8de5-2639a1a8d8ac@group-6911E2D50CC5, cid=3659, SUCCESS, logIndex=6093, commits[ffc7b071-00b3-4a69-8de5-2639a1a8d8ac:c6095]
2019-06-12 16:05:07,502 INFO  client.GrpcClientProtocolClient (GrpcClientProtocolClient.java:onNext(254)) - client-7F7296B99608->ffc7b071-00b3-4a69-8de5-2639a1a8d8ac: receive RaftClientReply:client-7F7296B99608->ffc7b071-00b3-4a69-8de5-2639a1a8d8ac@group-6911E2D50CC5, cid=3660, SUCCESS, logIndex=6094, commits[ffc7b071-00b3-4a69-8de5-2639a1a8d8ac:c6095]
2019-06-12 16:05:07,508 INFO  client.GrpcClientProtocolClient (GrpcClientProtocolClient.java:onNext(254)) - client-7F7296B99608->ffc7b071-00b3-4a69-8de5-2639a1a8d8ac: receive RaftClientReply:client-7F7296B99608->ffc7b071-00b3-4a69-8de5-2639a1a8d8ac@group-6911E2D50CC5, cid=3661, SUCCESS, logIndex=6096, commits[ffc7b071-00b3-4a69-8de5-2639a1a8d8ac:c6096]
2019-06-12 16:05:07,510 INFO  client.GrpcClientProtocolClient (GrpcClientProtocolClient.java:onNext(254)) - client-7F7296B99608->ffc7b071-00b3-4a69-8de5-2639a1a8d8ac: receive RaftClientReply:client-7F7296B99608->ffc7b071-00b3-4a69-8de5-2639a1a8d8ac@group-6911E2D50CC5, cid=3662, SUCCESS, logIndex=6098, commits[ffc7b071-00b3-4a69-8de5-2639a1a8d8ac:c6098]
2019-06-12 16:05:07,510 INFO  client.GrpcClientProtocolClient (GrpcClientProtocolClient.java:onNext(254)) - client-7F7296B99608->ffc7b071-00b3-4a69-8de5-2639a1a8d8ac: receive RaftClientReply:client-7F7296B99608->ffc7b071-00b3-4a69-8de5-2639a1a8d8ac@group-6911E2D50CC5, cid=3663, SUCCESS, logIndex=6099, commits[ffc7b071-00b3-4a69-8de5-2639a1a8d8ac:c6100]
2019-06-12 16:05:07,510 INFO  client.GrpcClientProtocolClient (GrpcClientProtocolClient.java:onNext(254)) - client-7F7296B99608->ffc7b071-00b3-4a69-8de5-2639a1a8d8ac: receive RaftClientReply:client-7F7296B99608->ffc7b071-00b3-4a69-8de5-2639a1a8d8ac@group-6911E2D50CC5, cid=3664, SUCCESS, logIndex=6100, commits[ffc7b071-00b3-4a69-8de5-2639a1a8d8ac:c6100]
2019-06-12 16:05:07,523 INFO  client.GrpcClientProtocolClient (GrpcClientProtocolClient.java:onNext(254)) - client-7F7296B99608->ffc7b071-00b3-4a69-8de5-2639a1a8d8ac: receive RaftClientReply:client-7F7296B99608->ffc7b071-00b3-4a69-8de5-2639a1a8d8ac@group-6911E2D50CC5, cid=3665, SUCCESS, logIndex=6103, commits[ffc7b071-00b3-4a69-8de5-2639a1a8d8ac:c6103]
2019-06-12 16:05:07,525 INFO  client.GrpcClientProtocolClient (GrpcClientProtocolClient.java:onNext(254)) - client-7F7296B99608->ffc7b071-00b3-4a69-8de5-2639a1a8d8ac: receive RaftClientReply:client-7F7296B99608->ffc7b071-00b3-4a69-8de5-2639a1a8d8ac@group-6911E2D50CC5, cid=3666, SUCCESS, logIndex=6105, commits[ffc7b071-00b3-4a69-8de5-2639a1a8d8ac:c6105]
2019-06-12 16:05:07,526 INFO  client.GrpcClientProtocolClient (GrpcClientProtocolClient.java:onNext(254)) - client-7F7296B99608->ffc7b071-00b3-4a69-8de5-2639a1a8d8ac: receive RaftClientReply:client-7F7296B99608->ffc7b071-00b3-4a69-8de5-2639a1a8d8ac@group-6911E2D50CC5, cid=3667, SUCCESS, logIndex=6106, commits[ffc7b071-00b3-4a69-8de5-2639a1a8d8ac:c6108]
2019-06-12 16:05:07,526 INFO  client.GrpcClientProtocolClient (GrpcClientProtocolClient.java:onNext(254)) - client-7F7296B99608->ffc7b071-00b3-4a69-8de5-2639a1a8d8ac: receive RaftClientReply:client-7F7296B99608->ffc7b071-00b3-4a69-8de5-2639a1a8d8ac@group-6911E2D50CC5, cid=3668, SUCCESS, logIndex=6107, commits[ffc7b071-00b3-4a69-8de5-2639a1a8d8ac:c6108]
2019-06-12 16:05:07,563 DEBUG block.SCMBlockDeletingService (SCMBlockDeletingService.java:call(138)) - Running DeletedBlockTransactionScanner
2019-06-12 16:05:07,563 DEBUG block.SCMBlockDeletingService (SCMBlockDeletingService.java:call(155)) - Scanned deleted blocks log and got 0 delTX to process.
2019-06-12 16:05:07,598 INFO  client.GrpcClientProtocolClient (GrpcClientProtocolClient.java:onNext(254)) - client-7F7296B99608->ffc7b071-00b3-4a69-8de5-2639a1a8d8ac: receive RaftClientReply:client-7F7296B99608->ffc7b071-00b3-4a69-8de5-2639a1a8d8ac@group-6911E2D50CC5, cid=3669, SUCCESS, logIndex=6110, commits[ffc7b071-00b3-4a69-8de5-2639a1a8d8ac:c6110]
2019-06-12 16:05:07,599 INFO  client.GrpcClientProtocolClient (GrpcClientProtocolClient.java:onNext(254)) - client-7F7296B99608->ffc7b071-00b3-4a69-8de5-2639a1a8d8ac: receive RaftClientReply:client-7F7296B99608->ffc7b071-00b3-4a69-8de5-2639a1a8d8ac@group-6911E2D50CC5, cid=3670, SUCCESS, logIndex=6112, commits[ffc7b071-00b3-4a69-8de5-2639a1a8d8ac:c6112]
2019-06-12 16:05:07,601 INFO  client.GrpcClientProtocolClient (GrpcClientProtocolClient.java:onNext(254)) - client-7F7296B99608->ffc7b071-00b3-4a69-8de5-2639a1a8d8ac: receive RaftClientReply:client-7F7296B99608->ffc7b071-00b3-4a69-8de5-2639a1a8d8ac@group-6911E2D50CC5, cid=3671, SUCCESS, logIndex=6113, commits[ffc7b071-00b3-4a69-8de5-2639a1a8d8ac:c6115]
2019-06-12 16:05:07,601 INFO  client.GrpcClientProtocolClient (GrpcClientProtocolClient.java:onNext(254)) - client-7F7296B99608->ffc7b071-00b3-4a69-8de5-2639a1a8d8ac: receive RaftClientReply:client-7F7296B99608->ffc7b071-00b3-4a69-8de5-2639a1a8d8ac@group-6911E2D50CC5, cid=3672, SUCCESS, logIndex=6114, commits[ffc7b071-00b3-4a69-8de5-2639a1a8d8ac:c6115]
2019-06-12 16:05:07,612 INFO  client.GrpcClientProtocolClient (GrpcClientProtocolClient.java:onNext(254)) - client-7F7296B99608->ffc7b071-00b3-4a69-8de5-2639a1a8d8ac: receive RaftClientReply:client-7F7296B99608->ffc7b071-00b3-4a69-8de5-2639a1a8d8ac@group-6911E2D50CC5, cid=3673, SUCCESS, logIndex=6116, commits[ffc7b071-00b3-4a69-8de5-2639a1a8d8ac:c6116]
2019-06-12 16:05:07,613 INFO  client.GrpcClientProtocolClient (GrpcClientProtocolClient.java:onNext(254)) - client-7F7296B99608->ffc7b071-00b3-4a69-8de5-2639a1a8d8ac: receive RaftClientReply:client-7F7296B99608->ffc7b071-00b3-4a69-8de5-2639a1a8d8ac@group-6911E2D50CC5, cid=3674, SUCCESS, logIndex=6118, commits[ffc7b071-00b3-4a69-8de5-2639a1a8d8ac:c6118]
2019-06-12 16:05:07,614 INFO  client.GrpcClientProtocolClient (GrpcClientProtocolClient.java:onNext(254)) - client-7F7296B99608->ffc7b071-00b3-4a69-8de5-2639a1a8d8ac: receive RaftClientReply:client-7F7296B99608->ffc7b071-00b3-4a69-8de5-2639a1a8d8ac@group-6911E2D50CC5, cid=3675, SUCCESS, logIndex=6119, commits[ffc7b071-00b3-4a69-8de5-2639a1a8d8ac:c6121]
2019-06-12 16:05:07,614 INFO  client.GrpcClientProtocolClient (GrpcClientProtocolClient.java:onNext(254)) - client-7F7296B99608->ffc7b071-00b3-4a69-8de5-2639a1a8d8ac: receive RaftClientReply:client-7F7296B99608->ffc7b071-00b3-4a69-8de5-2639a1a8d8ac@group-6911E2D50CC5, cid=3676, SUCCESS, logIndex=6120, commits[ffc7b071-00b3-4a69-8de5-2639a1a8d8ac:c6121]
2019-06-12 16:05:07,619 INFO  client.GrpcClientProtocolClient (GrpcClientProtocolClient.java:onNext(254)) - client-7F7296B99608->ffc7b071-00b3-4a69-8de5-2639a1a8d8ac: receive RaftClientReply:client-7F7296B99608->ffc7b071-00b3-4a69-8de5-2639a1a8d8ac@group-6911E2D50CC5, cid=3677, SUCCESS, logIndex=6122, commits[ffc7b071-00b3-4a69-8de5-2639a1a8d8ac:c6122]
2019-06-12 16:05:07,620 INFO  client.GrpcClientProtocolClient (GrpcClientProtocolClient.java:onNext(254)) - client-7F7296B99608->ffc7b071-00b3-4a69-8de5-2639a1a8d8ac: receive RaftClientReply:client-7F7296B99608->ffc7b071-00b3-4a69-8de5-2639a1a8d8ac@group-6911E2D50CC5, cid=3678, SUCCESS, logIndex=6124, commits[ffc7b071-00b3-4a69-8de5-2639a1a8d8ac:c6124]
2019-06-12 16:05:07,621 INFO  client.GrpcClientProtocolClient (GrpcClientProtocolClient.java:onNext(254)) - client-7F7296B99608->ffc7b071-00b3-4a69-8de5-2639a1a8d8ac: receive RaftClientReply:client-7F7296B99608->ffc7b071-00b3-4a69-8de5-2639a1a8d8ac@group-6911E2D50CC5, cid=3679, SUCCESS, logIndex=6125, commits[ffc7b071-00b3-4a69-8de5-2639a1a8d8ac:c6127]
2019-06-12 16:05:07,621 INFO  client.GrpcClientProtocolClient (GrpcClientProtocolClient.java:onNext(254)) - client-7F7296B99608->ffc7b071-00b3-4a69-8de5-2639a1a8d8ac: receive RaftClientReply:client-7F7296B99608->ffc7b071-00b3-4a69-8de5-2639a1a8d8ac@group-6911E2D50CC5, cid=3680, SUCCESS, logIndex=6126, commits[ffc7b071-00b3-4a69-8de5-2639a1a8d8ac:c6127]
2019-06-12 16:05:07,632 INFO  client.GrpcClientProtocolClient (GrpcClientProtocolClient.java:onNext(254)) - client-7F7296B99608->ffc7b071-00b3-4a69-8de5-2639a1a8d8ac: receive RaftClientReply:client-7F7296B99608->ffc7b071-00b3-4a69-8de5-2639a1a8d8ac@group-6911E2D50CC5, cid=3681, SUCCESS, logIndex=6128, commits[ffc7b071-00b3-4a69-8de5-2639a1a8d8ac:c6128]
2019-06-12 16:05:07,634 INFO  client.GrpcClientProtocolClient (GrpcClientProtocolClient.java:onNext(254)) - client-7F7296B99608->ffc7b071-00b3-4a69-8de5-2639a1a8d8ac: receive RaftClientReply:client-7F7296B99608->ffc7b071-00b3-4a69-8de5-2639a1a8d8ac@group-6911E2D50CC5, cid=3682, SUCCESS, logIndex=6130, commits[ffc7b071-00b3-4a69-8de5-2639a1a8d8ac:c6130]
2019-06-12 16:05:07,634 INFO  client.GrpcClientProtocolClient (GrpcClientProtocolClient.java:onNext(254)) - client-7F7296B99608->ffc7b071-00b3-4a69-8de5-2639a1a8d8ac: receive RaftClientReply:client-7F7296B99608->ffc7b071-00b3-4a69-8de5-2639a1a8d8ac@group-6911E2D50CC5, cid=3683, SUCCESS, logIndex=6131, commits[ffc7b071-00b3-4a69-8de5-2639a1a8d8ac:c6133]
2019-06-12 16:05:07,634 INFO  client.GrpcClientProtocolClient (GrpcClientProtocolClient.java:onNext(254)) - client-7F7296B99608->ffc7b071-00b3-4a69-8de5-2639a1a8d8ac: receive RaftClientReply:client-7F7296B99608->ffc7b071-00b3-4a69-8de5-2639a1a8d8ac@group-6911E2D50CC5, cid=3684, SUCCESS, logIndex=6132, commits[ffc7b071-00b3-4a69-8de5-2639a1a8d8ac:c6133]
2019-06-12 16:05:07,639 INFO  client.GrpcClientProtocolClient (GrpcClientProtocolClient.java:onNext(254)) - client-7F7296B99608->ffc7b071-00b3-4a69-8de5-2639a1a8d8ac: receive RaftClientReply:client-7F7296B99608->ffc7b071-00b3-4a69-8de5-2639a1a8d8ac@group-6911E2D50CC5, cid=3685, SUCCESS, logIndex=6134, commits[ffc7b071-00b3-4a69-8de5-2639a1a8d8ac:c6134]
2019-06-12 16:05:07,640 INFO  client.GrpcClientProtocolClient (GrpcClientProtocolClient.java:onNext(254)) - client-7F7296B99608->ffc7b071-00b3-4a69-8de5-2639a1a8d8ac: receive RaftClientReply:client-7F7296B99608->ffc7b071-00b3-4a69-8de5-2639a1a8d8ac@group-6911E2D50CC5, cid=3686, SUCCESS, logIndex=6136, commits[ffc7b071-00b3-4a69-8de5-2639a1a8d8ac:c6136]
2019-06-12 16:05:07,641 INFO  client.GrpcClientProtocolClient (GrpcClientProtocolClient.java:onNext(254)) - client-7F7296B99608->ffc7b071-00b3-4a69-8de5-2639a1a8d8ac: receive RaftClientReply:client-7F7296B99608->ffc7b071-00b3-4a69-8de5-2639a1a8d8ac@group-6911E2D50CC5, cid=3687, SUCCESS, logIndex=6137, commits[ffc7b071-00b3-4a69-8de5-2639a1a8d8ac:c6139]
2019-06-12 16:05:07,641 INFO  client.GrpcClientProtocolClient (GrpcClientProtocolClient.java:onNext(254)) - client-7F7296B99608->ffc7b071-00b3-4a69-8de5-2639a1a8d8ac: receive RaftClientReply:client-7F7296B99608->ffc7b071-00b3-4a69-8de5-2639a1a8d8ac@group-6911E2D50CC5, cid=3688, SUCCESS, logIndex=6138, commits[ffc7b071-00b3-4a69-8de5-2639a1a8d8ac:c6139]
2019-06-12 16:05:07,651 INFO  client.GrpcClientProtocolClient (GrpcClientProtocolClient.java:onNext(254)) - client-7F7296B99608->ffc7b071-00b3-4a69-8de5-2639a1a8d8ac: receive RaftClientReply:client-7F7296B99608->ffc7b071-00b3-4a69-8de5-2639a1a8d8ac@group-6911E2D50CC5, cid=3689, SUCCESS, logIndex=6140, commits[ffc7b071-00b3-4a69-8de5-2639a1a8d8ac:c6140]
2019-06-12 16:05:07,654 INFO  client.GrpcClientProtocolClient (GrpcClientProtocolClient.java:onNext(254)) - client-7F7296B99608->ffc7b071-00b3-4a69-8de5-2639a1a8d8ac: receive RaftClientReply:client-7F7296B99608->ffc7b071-00b3-4a69-8de5-2639a1a8d8ac@group-6911E2D50CC5, cid=3690, SUCCESS, logIndex=6142, commits[ffc7b071-00b3-4a69-8de5-2639a1a8d8ac:c6142]
2019-06-12 16:05:07,654 INFO  client.GrpcClientProtocolClient (GrpcClientProtocolClient.java:onNext(254)) - client-7F7296B99608->ffc7b071-00b3-4a69-8de5-2639a1a8d8ac: receive RaftClientReply:client-7F7296B99608->ffc7b071-00b3-4a69-8de5-2639a1a8d8ac@group-6911E2D50CC5, cid=3691, SUCCESS, logIndex=6143, commits[ffc7b071-00b3-4a69-8de5-2639a1a8d8ac:c6144]
2019-06-12 16:05:07,655 INFO  client.GrpcClientProtocolClient (GrpcClientProtocolClient.java:onNext(254)) - client-7F7296B99608->ffc7b071-00b3-4a69-8de5-2639a1a8d8ac: receive RaftClientReply:client-7F7296B99608->ffc7b071-00b3-4a69-8de5-2639a1a8d8ac@group-6911E2D50CC5, cid=3692, SUCCESS, logIndex=6145, commits[ffc7b071-00b3-4a69-8de5-2639a1a8d8ac:c6145]
2019-06-12 16:05:07,660 INFO  client.GrpcClientProtocolClient (GrpcClientProtocolClient.java:onNext(254)) - client-7F7296B99608->ffc7b071-00b3-4a69-8de5-2639a1a8d8ac: receive RaftClientReply:client-7F7296B99608->ffc7b071-00b3-4a69-8de5-2639a1a8d8ac@group-6911E2D50CC5, cid=3693, SUCCESS, logIndex=6147, commits[ffc7b071-00b3-4a69-8de5-2639a1a8d8ac:c6147]
2019-06-12 16:05:07,661 INFO  storage.RaftLogWorker (RaftLogWorker.java:rollLogSegment(303)) - ffc7b071-00b3-4a69-8de5-2639a1a8d8ac-RaftLogWorker: Rolling segment log-6084_6150 to index:6150
2019-06-12 16:05:07,662 INFO  storage.RaftLogWorker (RaftLogWorker.java:execute(433)) - ffc7b071-00b3-4a69-8de5-2639a1a8d8ac-RaftLogWorker: Rolled log segment from /opt/src/hadoop-ozone/integration-test/target/test-dir/MiniOzoneClusterImpl-a1c7246e-c692-4524-ad55-32b507b20431/datanode-0/data/ratis/4417d833-4fb6-4fa2-9413-6911e2d50cc5/current/log_inprogress_6084 to /opt/src/hadoop-ozone/integration-test/target/test-dir/MiniOzoneClusterImpl-a1c7246e-c692-4524-ad55-32b507b20431/datanode-0/data/ratis/4417d833-4fb6-4fa2-9413-6911e2d50cc5/current/log_6084-6150
2019-06-12 16:05:07,662 INFO  client.GrpcClientProtocolClient (GrpcClientProtocolClient.java:onNext(254)) - client-7F7296B99608->ffc7b071-00b3-4a69-8de5-2639a1a8d8ac: receive RaftClientReply:client-7F7296B99608->ffc7b071-00b3-4a69-8de5-2639a1a8d8ac@group-6911E2D50CC5, cid=3694, SUCCESS, logIndex=6149, commits[ffc7b071-00b3-4a69-8de5-2639a1a8d8ac:c6149]
2019-06-12 16:05:07,663 INFO  client.GrpcClientProtocolClient (GrpcClientProtocolClient.java:onNext(254)) - client-7F7296B99608->ffc7b071-00b3-4a69-8de5-2639a1a8d8ac: receive RaftClientReply:client-7F7296B99608->ffc7b071-00b3-4a69-8de5-2639a1a8d8ac@group-6911E2D50CC5, cid=3695, SUCCESS, logIndex=6150, commits[ffc7b071-00b3-4a69-8de5-2639a1a8d8ac:c6150]
2019-06-12 16:05:07,663 DEBUG block.SCMBlockDeletingService (SCMBlockDeletingService.java:call(138)) - Running DeletedBlockTransactionScanner
2019-06-12 16:05:07,664 DEBUG block.SCMBlockDeletingService (SCMBlockDeletingService.java:call(155)) - Scanned deleted blocks log and got 0 delTX to process.
2019-06-12 16:05:07,698 INFO  storage.RaftLogWorker (RaftLogWorker.java:execute(469)) - ffc7b071-00b3-4a69-8de5-2639a1a8d8ac-RaftLogWorker: created new log segment /opt/src/hadoop-ozone/integration-test/target/test-dir/MiniOzoneClusterImpl-a1c7246e-c692-4524-ad55-32b507b20431/datanode-0/data/ratis/4417d833-4fb6-4fa2-9413-6911e2d50cc5/current/log_inprogress_6151
2019-06-12 16:05:07,700 INFO  client.GrpcClientProtocolClient (GrpcClientProtocolClient.java:onNext(254)) - client-7F7296B99608->ffc7b071-00b3-4a69-8de5-2639a1a8d8ac: receive RaftClientReply:client-7F7296B99608->ffc7b071-00b3-4a69-8de5-2639a1a8d8ac@group-6911E2D50CC5, cid=3696, SUCCESS, logIndex=6151, commits[ffc7b071-00b3-4a69-8de5-2639a1a8d8ac:c6153]
2019-06-12 16:05:07,713 INFO  client.GrpcClientProtocolClient (GrpcClientProtocolClient.java:onNext(254)) - client-7F7296B99608->ffc7b071-00b3-4a69-8de5-2639a1a8d8ac: receive RaftClientReply:client-7F7296B99608->ffc7b071-00b3-4a69-8de5-2639a1a8d8ac@group-6911E2D50CC5, cid=3697, SUCCESS, logIndex=6154, commits[ffc7b071-00b3-4a69-8de5-2639a1a8d8ac:c6154]
2019-06-12 16:05:07,714 INFO  client.GrpcClientProtocolClient (GrpcClientProtocolClient.java:onNext(254)) - client-7F7296B99608->ffc7b071-00b3-4a69-8de5-2639a1a8d8ac: receive RaftClientReply:client-7F7296B99608->ffc7b071-00b3-4a69-8de5-2639a1a8d8ac@group-6911E2D50CC5, cid=3698, SUCCESS, logIndex=6156, commits[ffc7b071-00b3-4a69-8de5-2639a1a8d8ac:c6156]
2019-06-12 16:05:07,715 INFO  client.GrpcClientProtocolClient (GrpcClientProtocolClient.java:onNext(254)) - client-7F7296B99608->ffc7b071-00b3-4a69-8de5-2639a1a8d8ac: receive RaftClientReply:client-7F7296B99608->ffc7b071-00b3-4a69-8de5-2639a1a8d8ac@group-6911E2D50CC5, cid=3699, SUCCESS, logIndex=6157, commits[ffc7b071-00b3-4a69-8de5-2639a1a8d8ac:c6157]
2019-06-12 16:05:07,715 INFO  client.GrpcClientProtocolClient (GrpcClientProtocolClient.java:onNext(254)) - client-7F7296B99608->ffc7b071-00b3-4a69-8de5-2639a1a8d8ac: receive RaftClientReply:client-7F7296B99608->ffc7b071-00b3-4a69-8de5-2639a1a8d8ac@group-6911E2D50CC5, cid=3700, SUCCESS, logIndex=6159, commits[ffc7b071-00b3-4a69-8de5-2639a1a8d8ac:c6159]
2019-06-12 16:05:07,721 INFO  client.GrpcClientProtocolClient (GrpcClientProtocolClient.java:onNext(254)) - client-7F7296B99608->ffc7b071-00b3-4a69-8de5-2639a1a8d8ac: receive RaftClientReply:client-7F7296B99608->ffc7b071-00b3-4a69-8de5-2639a1a8d8ac@group-6911E2D50CC5, cid=3701, SUCCESS, logIndex=6162, commits[ffc7b071-00b3-4a69-8de5-2639a1a8d8ac:c6162]
2019-06-12 16:05:07,722 INFO  client.GrpcClientProtocolClient (GrpcClientProtocolClient.java:onNext(254)) - client-7F7296B99608->ffc7b071-00b3-4a69-8de5-2639a1a8d8ac: receive RaftClientReply:client-7F7296B99608->ffc7b071-00b3-4a69-8de5-2639a1a8d8ac@group-6911E2D50CC5, cid=3702, SUCCESS, logIndex=6164, commits[ffc7b071-00b3-4a69-8de5-2639a1a8d8ac:c6164]
2019-06-12 16:05:07,723 INFO  client.GrpcClientProtocolClient (GrpcClientProtocolClient.java:onNext(254)) - client-7F7296B99608->ffc7b071-00b3-4a69-8de5-2639a1a8d8ac: receive RaftClientReply:client-7F7296B99608->ffc7b071-00b3-4a69-8de5-2639a1a8d8ac@group-6911E2D50CC5, cid=3703, SUCCESS, logIndex=6165, commits[ffc7b071-00b3-4a69-8de5-2639a1a8d8ac:c6167]
2019-06-12 16:05:07,723 INFO  client.GrpcClientProtocolClient (GrpcClientProtocolClient.java:onNext(254)) - client-7F7296B99608->ffc7b071-00b3-4a69-8de5-2639a1a8d8ac: receive RaftClientReply:client-7F7296B99608->ffc7b071-00b3-4a69-8de5-2639a1a8d8ac@group-6911E2D50CC5, cid=3704, SUCCESS, logIndex=6166, commits[ffc7b071-00b3-4a69-8de5-2639a1a8d8ac:c6167]
2019-06-12 16:05:07,735 INFO  client.GrpcClientProtocolClient (GrpcClientProtocolClient.java:onNext(254)) - client-7F7296B99608->ffc7b071-00b3-4a69-8de5-2639a1a8d8ac: receive RaftClientReply:client-7F7296B99608->ffc7b071-00b3-4a69-8de5-2639a1a8d8ac@group-6911E2D50CC5, cid=3705, SUCCESS, logIndex=6168, commits[ffc7b071-00b3-4a69-8de5-2639a1a8d8ac:c6168]
2019-06-12 16:05:07,737 INFO  client.GrpcClientProtocolClient (GrpcClientProtocolClient.java:onNext(254)) - client-7F7296B99608->ffc7b071-00b3-4a69-8de5-2639a1a8d8ac: receive RaftClientReply:client-7F7296B99608->ffc7b071-00b3-4a69-8de5-2639a1a8d8ac@group-6911E2D50CC5, cid=3706, SUCCESS, logIndex=6170, commits[ffc7b071-00b3-4a69-8de5-2639a1a8d8ac:c6170]
2019-06-12 16:05:07,737 INFO  client.GrpcClientProtocolClient (GrpcClientProtocolClient.java:onNext(254)) - client-7F7296B99608->ffc7b071-00b3-4a69-8de5-2639a1a8d8ac: receive RaftClientReply:client-7F7296B99608->ffc7b071-00b3-4a69-8de5-2639a1a8d8ac@group-6911E2D50CC5, cid=3707, SUCCESS, logIndex=6171, commits[ffc7b071-00b3-4a69-8de5-2639a1a8d8ac:c6173]
2019-06-12 16:05:07,738 INFO  client.GrpcClientProtocolClient (GrpcClientProtocolClient.java:onNext(254)) - client-7F7296B99608->ffc7b071-00b3-4a69-8de5-2639a1a8d8ac: receive RaftClientReply:client-7F7296B99608->ffc7b071-00b3-4a69-8de5-2639a1a8d8ac@group-6911E2D50CC5, cid=3708, SUCCESS, logIndex=6172, commits[ffc7b071-00b3-4a69-8de5-2639a1a8d8ac:c6173]
2019-06-12 16:05:07,743 INFO  client.GrpcClientProtocolClient (GrpcClientProtocolClient.java:onNext(254)) - client-7F7296B99608->ffc7b071-00b3-4a69-8de5-2639a1a8d8ac: receive RaftClientReply:client-7F7296B99608->ffc7b071-00b3-4a69-8de5-2639a1a8d8ac@group-6911E2D50CC5, cid=3709, SUCCESS, logIndex=6174, commits[ffc7b071-00b3-4a69-8de5-2639a1a8d8ac:c6174]
2019-06-12 16:05:07,745 INFO  client.GrpcClientProtocolClient (GrpcClientProtocolClient.java:onNext(254)) - client-7F7296B99608->ffc7b071-00b3-4a69-8de5-2639a1a8d8ac: receive RaftClientReply:client-7F7296B99608->ffc7b071-00b3-4a69-8de5-2639a1a8d8ac@group-6911E2D50CC5, cid=3710, SUCCESS, logIndex=6176, commits[ffc7b071-00b3-4a69-8de5-2639a1a8d8ac:c6176]
2019-06-12 16:05:07,745 INFO  client.GrpcClientProtocolClient (GrpcClientProtocolClient.java:onNext(254)) - client-7F7296B99608->ffc7b071-00b3-4a69-8de5-2639a1a8d8ac: receive RaftClientReply:client-7F7296B99608->ffc7b071-00b3-4a69-8de5-2639a1a8d8ac@group-6911E2D50CC5, cid=3711, SUCCESS, logIndex=6177, commits[ffc7b071-00b3-4a69-8de5-2639a1a8d8ac:c6178]
2019-06-12 16:05:07,746 INFO  client.GrpcClientProtocolClient (GrpcClientProtocolClient.java:onNext(254)) - client-7F7296B99608->ffc7b071-00b3-4a69-8de5-2639a1a8d8ac: receive RaftClientReply:client-7F7296B99608->ffc7b071-00b3-4a69-8de5-2639a1a8d8ac@group-6911E2D50CC5, cid=3712, SUCCESS, logIndex=6178, commits[ffc7b071-00b3-4a69-8de5-2639a1a8d8ac:c6178]
2019-06-12 16:05:07,787 DEBUG block.SCMBlockDeletingService (SCMBlockDeletingService.java:call(138)) - Running DeletedBlockTransactionScanner
2019-06-12 16:05:07,787 DEBUG block.SCMBlockDeletingService (SCMBlockDeletingService.java:call(155)) - Scanned deleted blocks log and got 0 delTX to process.
2019-06-12 16:05:07,857 INFO  client.GrpcClientProtocolClient (GrpcClientProtocolClient.java:onNext(254)) - client-7F7296B99608->ffc7b071-00b3-4a69-8de5-2639a1a8d8ac: receive RaftClientReply:client-7F7296B99608->ffc7b071-00b3-4a69-8de5-2639a1a8d8ac@group-6911E2D50CC5, cid=3713, SUCCESS, logIndex=6181, commits[ffc7b071-00b3-4a69-8de5-2639a1a8d8ac:c6181]
2019-06-12 16:05:07,859 INFO  client.GrpcClientProtocolClient (GrpcClientProtocolClient.java:onNext(254)) - client-7F7296B99608->ffc7b071-00b3-4a69-8de5-2639a1a8d8ac: receive RaftClientReply:client-7F7296B99608->ffc7b071-00b3-4a69-8de5-2639a1a8d8ac@group-6911E2D50CC5, cid=3714, SUCCESS, logIndex=6183, commits[ffc7b071-00b3-4a69-8de5-2639a1a8d8ac:c6183]
2019-06-12 16:05:07,860 INFO  client.GrpcClientProtocolClient (GrpcClientProtocolClient.java:onNext(254)) - client-7F7296B99608->ffc7b071-00b3-4a69-8de5-2639a1a8d8ac: receive RaftClientReply:client-7F7296B99608->ffc7b071-00b3-4a69-8de5-2639a1a8d8ac@group-6911E2D50CC5, cid=3715, SUCCESS, logIndex=6184, commits[ffc7b071-00b3-4a69-8de5-2639a1a8d8ac:c6185]
2019-06-12 16:05:07,860 INFO  client.GrpcClientProtocolClient (GrpcClientProtocolClient.java:onNext(254)) - client-7F7296B99608->ffc7b071-00b3-4a69-8de5-2639a1a8d8ac: receive RaftClientReply:client-7F7296B99608->ffc7b071-00b3-4a69-8de5-2639a1a8d8ac@group-6911E2D50CC5, cid=3716, SUCCESS, logIndex=6185, commits[ffc7b071-00b3-4a69-8de5-2639a1a8d8ac:c6185]
2019-06-12 16:05:07,865 INFO  client.GrpcClientProtocolClient (GrpcClientProtocolClient.java:onNext(254)) - client-7F7296B99608->ffc7b071-00b3-4a69-8de5-2639a1a8d8ac: receive RaftClientReply:client-7F7296B99608->ffc7b071-00b3-4a69-8de5-2639a1a8d8ac@group-6911E2D50CC5, cid=3717, SUCCESS, logIndex=6188, commits[ffc7b071-00b3-4a69-8de5-2639a1a8d8ac:c6188]
2019-06-12 16:05:07,866 INFO  client.GrpcClientProtocolClient (GrpcClientProtocolClient.java:onNext(254)) - client-7F7296B99608->ffc7b071-00b3-4a69-8de5-2639a1a8d8ac: receive RaftClientReply:client-7F7296B99608->ffc7b071-00b3-4a69-8de5-2639a1a8d8ac@group-6911E2D50CC5, cid=3718, SUCCESS, logIndex=6190, commits[ffc7b071-00b3-4a69-8de5-2639a1a8d8ac:c6190]
2019-06-12 16:05:07,867 INFO  client.GrpcClientProtocolClient (GrpcClientProtocolClient.java:onNext(254)) - client-7F7296B99608->ffc7b071-00b3-4a69-8de5-2639a1a8d8ac: receive RaftClientReply:client-7F7296B99608->ffc7b071-00b3-4a69-8de5-2639a1a8d8ac@group-6911E2D50CC5, cid=3719, SUCCESS, logIndex=6191, commits[ffc7b071-00b3-4a69-8de5-2639a1a8d8ac:c6193]
2019-06-12 16:05:07,867 INFO  client.GrpcClientProtocolClient (GrpcClientProtocolClient.java:onNext(254)) - client-7F7296B99608->ffc7b071-00b3-4a69-8de5-2639a1a8d8ac: receive RaftClientReply:client-7F7296B99608->ffc7b071-00b3-4a69-8de5-2639a1a8d8ac@group-6911E2D50CC5, cid=3720, SUCCESS, logIndex=6192, commits[ffc7b071-00b3-4a69-8de5-2639a1a8d8ac:c6193]
2019-06-12 16:05:07,877 INFO  client.GrpcClientProtocolClient (GrpcClientProtocolClient.java:onNext(254)) - client-7F7296B99608->ffc7b071-00b3-4a69-8de5-2639a1a8d8ac: receive RaftClientReply:client-7F7296B99608->ffc7b071-00b3-4a69-8de5-2639a1a8d8ac@group-6911E2D50CC5, cid=3721, SUCCESS, logIndex=6194, commits[ffc7b071-00b3-4a69-8de5-2639a1a8d8ac:c6194]
2019-06-12 16:05:07,879 INFO  client.GrpcClientProtocolClient (GrpcClientProtocolClient.java:onNext(254)) - client-7F7296B99608->ffc7b071-00b3-4a69-8de5-2639a1a8d8ac: receive RaftClientReply:client-7F7296B99608->ffc7b071-00b3-4a69-8de5-2639a1a8d8ac@group-6911E2D50CC5, cid=3722, SUCCESS, logIndex=6196, commits[ffc7b071-00b3-4a69-8de5-2639a1a8d8ac:c6196]
2019-06-12 16:05:07,879 INFO  client.GrpcClientProtocolClient (GrpcClientProtocolClient.java:onNext(254)) - client-7F7296B99608->ffc7b071-00b3-4a69-8de5-2639a1a8d8ac: receive RaftClientReply:client-7F7296B99608->ffc7b071-00b3-4a69-8de5-2639a1a8d8ac@group-6911E2D50CC5, cid=3723, SUCCESS, logIndex=6197, commits[ffc7b071-00b3-4a69-8de5-2639a1a8d8ac:c6198]
2019-06-12 16:05:07,880 INFO  client.GrpcClientProtocolClient (GrpcClientProtocolClient.java:onNext(254)) - client-7F7296B99608->ffc7b071-00b3-4a69-8de5-2639a1a8d8ac: receive RaftClientReply:client-7F7296B99608->ffc7b071-00b3-4a69-8de5-2639a1a8d8ac@group-6911E2D50CC5, cid=3724, SUCCESS, logIndex=6198, commits[ffc7b071-00b3-4a69-8de5-2639a1a8d8ac:c6198]
2019-06-12 16:05:07,885 INFO  client.GrpcClientProtocolClient (GrpcClientProtocolClient.java:onNext(254)) - client-7F7296B99608->ffc7b071-00b3-4a69-8de5-2639a1a8d8ac: receive RaftClientReply:client-7F7296B99608->ffc7b071-00b3-4a69-8de5-2639a1a8d8ac@group-6911E2D50CC5, cid=3725, SUCCESS, logIndex=6201, commits[ffc7b071-00b3-4a69-8de5-2639a1a8d8ac:c6201]
2019-06-12 16:05:07,886 INFO  client.GrpcClientProtocolClient (GrpcClientProtocolClient.java:onNext(254)) - client-7F7296B99608->ffc7b071-00b3-4a69-8de5-2639a1a8d8ac: receive RaftClientReply:client-7F7296B99608->ffc7b071-00b3-4a69-8de5-2639a1a8d8ac@group-6911E2D50CC5, cid=3726, SUCCESS, logIndex=6203, commits[ffc7b071-00b3-4a69-8de5-2639a1a8d8ac:c6203]
2019-06-12 16:05:07,887 INFO  client.GrpcClientProtocolClient (GrpcClientProtocolClient.java:onNext(254)) - client-7F7296B99608->ffc7b071-00b3-4a69-8de5-2639a1a8d8ac: receive RaftClientReply:client-7F7296B99608->ffc7b071-00b3-4a69-8de5-2639a1a8d8ac@group-6911E2D50CC5, cid=3727, SUCCESS, logIndex=6204, commits[ffc7b071-00b3-4a69-8de5-2639a1a8d8ac:c6206]
2019-06-12 16:05:07,887 INFO  client.GrpcClientProtocolClient (GrpcClientProtocolClient.java:onNext(254)) - client-7F7296B99608->ffc7b071-00b3-4a69-8de5-2639a1a8d8ac: receive RaftClientReply:client-7F7296B99608->ffc7b071-00b3-4a69-8de5-2639a1a8d8ac@group-6911E2D50CC5, cid=3728, SUCCESS, logIndex=6205, commits[ffc7b071-00b3-4a69-8de5-2639a1a8d8ac:c6206]
2019-06-12 16:05:07,888 DEBUG block.SCMBlockDeletingService (SCMBlockDeletingService.java:call(138)) - Running DeletedBlockTransactionScanner
2019-06-12 16:05:07,888 DEBUG block.SCMBlockDeletingService (SCMBlockDeletingService.java:call(155)) - Scanned deleted blocks log and got 0 delTX to process.
2019-06-12 16:05:07,897 INFO  client.GrpcClientProtocolClient (GrpcClientProtocolClient.java:onNext(254)) - client-7F7296B99608->ffc7b071-00b3-4a69-8de5-2639a1a8d8ac: receive RaftClientReply:client-7F7296B99608->ffc7b071-00b3-4a69-8de5-2639a1a8d8ac@group-6911E2D50CC5, cid=3729, SUCCESS, logIndex=6207, commits[ffc7b071-00b3-4a69-8de5-2639a1a8d8ac:c6207]
2019-06-12 16:05:07,898 INFO  client.GrpcClientProtocolClient (GrpcClientProtocolClient.java:onNext(254)) - client-7F7296B99608->ffc7b071-00b3-4a69-8de5-2639a1a8d8ac: receive RaftClientReply:client-7F7296B99608->ffc7b071-00b3-4a69-8de5-2639a1a8d8ac@group-6911E2D50CC5, cid=3730, SUCCESS, logIndex=6209, commits[ffc7b071-00b3-4a69-8de5-2639a1a8d8ac:c6209]
2019-06-12 16:05:07,899 INFO  client.GrpcClientProtocolClient (GrpcClientProtocolClient.java:onNext(254)) - client-7F7296B99608->ffc7b071-00b3-4a69-8de5-2639a1a8d8ac: receive RaftClientReply:client-7F7296B99608->ffc7b071-00b3-4a69-8de5-2639a1a8d8ac@group-6911E2D50CC5, cid=3731, SUCCESS, logIndex=6210, commits[ffc7b071-00b3-4a69-8de5-2639a1a8d8ac:c6212]
2019-06-12 16:05:07,899 INFO  client.GrpcClientProtocolClient (GrpcClientProtocolClient.java:onNext(254)) - client-7F7296B99608->ffc7b071-00b3-4a69-8de5-2639a1a8d8ac: receive RaftClientReply:client-7F7296B99608->ffc7b071-00b3-4a69-8de5-2639a1a8d8ac@group-6911E2D50CC5, cid=3732, SUCCESS, logIndex=6211, commits[ffc7b071-00b3-4a69-8de5-2639a1a8d8ac:c6212]
2019-06-12 16:05:07,904 INFO  client.GrpcClientProtocolClient (GrpcClientProtocolClient.java:onNext(254)) - client-7F7296B99608->ffc7b071-00b3-4a69-8de5-2639a1a8d8ac: receive RaftClientReply:client-7F7296B99608->ffc7b071-00b3-4a69-8de5-2639a1a8d8ac@group-6911E2D50CC5, cid=3733, SUCCESS, logIndex=6213, commits[ffc7b071-00b3-4a69-8de5-2639a1a8d8ac:c6213]
2019-06-12 16:05:07,905 INFO  client.GrpcClientProtocolClient (GrpcClientProtocolClient.java:onNext(254)) - client-7F7296B99608->ffc7b071-00b3-4a69-8de5-2639a1a8d8ac: receive RaftClientReply:client-7F7296B99608->ffc7b071-00b3-4a69-8de5-2639a1a8d8ac@group-6911E2D50CC5, cid=3734, SUCCESS, logIndex=6215, commits[ffc7b071-00b3-4a69-8de5-2639a1a8d8ac:c6215]
2019-06-12 16:05:07,906 INFO  client.GrpcClientProtocolClient (GrpcClientProtocolClient.java:onNext(254)) - client-7F7296B99608->ffc7b071-00b3-4a69-8de5-2639a1a8d8ac: receive RaftClientReply:client-7F7296B99608->ffc7b071-00b3-4a69-8de5-2639a1a8d8ac@group-6911E2D50CC5, cid=3735, SUCCESS, logIndex=6216, commits[ffc7b071-00b3-4a69-8de5-2639a1a8d8ac:c6218]
2019-06-12 16:05:07,906 INFO  client.GrpcClientProtocolClient (GrpcClientProtocolClient.java:onNext(254)) - client-7F7296B99608->ffc7b071-00b3-4a69-8de5-2639a1a8d8ac: receive RaftClientReply:client-7F7296B99608->ffc7b071-00b3-4a69-8de5-2639a1a8d8ac@group-6911E2D50CC5, cid=3736, SUCCESS, logIndex=6217, commits[ffc7b071-00b3-4a69-8de5-2639a1a8d8ac:c6218]
2019-06-12 16:05:07,916 INFO  client.GrpcClientProtocolClient (GrpcClientProtocolClient.java:onNext(254)) - client-7F7296B99608->ffc7b071-00b3-4a69-8de5-2639a1a8d8ac: receive RaftClientReply:client-7F7296B99608->ffc7b071-00b3-4a69-8de5-2639a1a8d8ac@group-6911E2D50CC5, cid=3737, SUCCESS, logIndex=6219, commits[ffc7b071-00b3-4a69-8de5-2639a1a8d8ac:c6219]
2019-06-12 16:05:07,916 INFO  storage.RaftLogWorker (RaftLogWorker.java:rollLogSegment(303)) - ffc7b071-00b3-4a69-8de5-2639a1a8d8ac-RaftLogWorker: Rolling segment log-6151_6221 to index:6221
2019-06-12 16:05:07,917 INFO  storage.RaftLogWorker (RaftLogWorker.java:execute(433)) - ffc7b071-00b3-4a69-8de5-2639a1a8d8ac-RaftLogWorker: Rolled log segment from /opt/src/hadoop-ozone/integration-test/target/test-dir/MiniOzoneClusterImpl-a1c7246e-c692-4524-ad55-32b507b20431/datanode-0/data/ratis/4417d833-4fb6-4fa2-9413-6911e2d50cc5/current/log_inprogress_6151 to /opt/src/hadoop-ozone/integration-test/target/test-dir/MiniOzoneClusterImpl-a1c7246e-c692-4524-ad55-32b507b20431/datanode-0/data/ratis/4417d833-4fb6-4fa2-9413-6911e2d50cc5/current/log_6151-6221
2019-06-12 16:05:07,918 INFO  client.GrpcClientProtocolClient (GrpcClientProtocolClient.java:onNext(254)) - client-7F7296B99608->ffc7b071-00b3-4a69-8de5-2639a1a8d8ac: receive RaftClientReply:client-7F7296B99608->ffc7b071-00b3-4a69-8de5-2639a1a8d8ac@group-6911E2D50CC5, cid=3738, SUCCESS, logIndex=6221, commits[ffc7b071-00b3-4a69-8de5-2639a1a8d8ac:c6221]
2019-06-12 16:05:07,953 INFO  storage.RaftLogWorker (RaftLogWorker.java:execute(469)) - ffc7b071-00b3-4a69-8de5-2639a1a8d8ac-RaftLogWorker: created new log segment /opt/src/hadoop-ozone/integration-test/target/test-dir/MiniOzoneClusterImpl-a1c7246e-c692-4524-ad55-32b507b20431/datanode-0/data/ratis/4417d833-4fb6-4fa2-9413-6911e2d50cc5/current/log_inprogress_6222
2019-06-12 16:05:07,955 INFO  client.GrpcClientProtocolClient (GrpcClientProtocolClient.java:onNext(254)) - client-7F7296B99608->ffc7b071-00b3-4a69-8de5-2639a1a8d8ac: receive RaftClientReply:client-7F7296B99608->ffc7b071-00b3-4a69-8de5-2639a1a8d8ac@group-6911E2D50CC5, cid=3739, SUCCESS, logIndex=6222, commits[ffc7b071-00b3-4a69-8de5-2639a1a8d8ac:c6224]
2019-06-12 16:05:07,955 INFO  client.GrpcClientProtocolClient (GrpcClientProtocolClient.java:onNext(254)) - client-7F7296B99608->ffc7b071-00b3-4a69-8de5-2639a1a8d8ac: receive RaftClientReply:client-7F7296B99608->ffc7b071-00b3-4a69-8de5-2639a1a8d8ac@group-6911E2D50CC5, cid=3740, SUCCESS, logIndex=6223, commits[ffc7b071-00b3-4a69-8de5-2639a1a8d8ac:c6224]
2019-06-12 16:05:07,960 INFO  client.GrpcClientProtocolClient (GrpcClientProtocolClient.java:onNext(254)) - client-7F7296B99608->ffc7b071-00b3-4a69-8de5-2639a1a8d8ac: receive RaftClientReply:client-7F7296B99608->ffc7b071-00b3-4a69-8de5-2639a1a8d8ac@group-6911E2D50CC5, cid=3741, SUCCESS, logIndex=6225, commits[ffc7b071-00b3-4a69-8de5-2639a1a8d8ac:c6225]
2019-06-12 16:05:07,961 INFO  client.GrpcClientProtocolClient (GrpcClientProtocolClient.java:onNext(254)) - client-7F7296B99608->ffc7b071-00b3-4a69-8de5-2639a1a8d8ac: receive RaftClientReply:client-7F7296B99608->ffc7b071-00b3-4a69-8de5-2639a1a8d8ac@group-6911E2D50CC5, cid=3742, SUCCESS, logIndex=6227, commits[ffc7b071-00b3-4a69-8de5-2639a1a8d8ac:c6227]
2019-06-12 16:05:07,962 INFO  client.GrpcClientProtocolClient (GrpcClientProtocolClient.java:onNext(254)) - client-7F7296B99608->ffc7b071-00b3-4a69-8de5-2639a1a8d8ac: receive RaftClientReply:client-7F7296B99608->ffc7b071-00b3-4a69-8de5-2639a1a8d8ac@group-6911E2D50CC5, cid=3743, SUCCESS, logIndex=6228, commits[ffc7b071-00b3-4a69-8de5-2639a1a8d8ac:c6230]
2019-06-12 16:05:07,962 INFO  client.GrpcClientProtocolClient (GrpcClientProtocolClient.java:onNext(254)) - client-7F7296B99608->ffc7b071-00b3-4a69-8de5-2639a1a8d8ac: receive RaftClientReply:client-7F7296B99608->ffc7b071-00b3-4a69-8de5-2639a1a8d8ac@group-6911E2D50CC5, cid=3744, SUCCESS, logIndex=6229, commits[ffc7b071-00b3-4a69-8de5-2639a1a8d8ac:c6230]
2019-06-12 16:05:07,972 INFO  client.GrpcClientProtocolClient (GrpcClientProtocolClient.java:onNext(254)) - client-7F7296B99608->ffc7b071-00b3-4a69-8de5-2639a1a8d8ac: receive RaftClientReply:client-7F7296B99608->ffc7b071-00b3-4a69-8de5-2639a1a8d8ac@group-6911E2D50CC5, cid=3745, SUCCESS, logIndex=6231, commits[ffc7b071-00b3-4a69-8de5-2639a1a8d8ac:c6231]
2019-06-12 16:05:07,973 INFO  client.GrpcClientProtocolClient (GrpcClientProtocolClient.java:onNext(254)) - client-7F7296B99608->ffc7b071-00b3-4a69-8de5-2639a1a8d8ac: receive RaftClientReply:client-7F7296B99608->ffc7b071-00b3-4a69-8de5-2639a1a8d8ac@group-6911E2D50CC5, cid=3746, SUCCESS, logIndex=6233, commits[ffc7b071-00b3-4a69-8de5-2639a1a8d8ac:c6233]
2019-06-12 16:05:07,974 INFO  client.GrpcClientProtocolClient (GrpcClientProtocolClient.java:onNext(254)) - client-7F7296B99608->ffc7b071-00b3-4a69-8de5-2639a1a8d8ac: receive RaftClientReply:client-7F7296B99608->ffc7b071-00b3-4a69-8de5-2639a1a8d8ac@group-6911E2D50CC5, cid=3747, SUCCESS, logIndex=6234, commits[ffc7b071-00b3-4a69-8de5-2639a1a8d8ac:c6236]
2019-06-12 16:05:07,974 INFO  client.GrpcClientProtocolClient (GrpcClientProtocolClient.java:onNext(254)) - client-7F7296B99608->ffc7b071-00b3-4a69-8de5-2639a1a8d8ac: receive RaftClientReply:client-7F7296B99608->ffc7b071-00b3-4a69-8de5-2639a1a8d8ac@group-6911E2D50CC5, cid=3748, SUCCESS, logIndex=6235, commits[ffc7b071-00b3-4a69-8de5-2639a1a8d8ac:c6236]
2019-06-12 16:05:07,979 INFO  client.GrpcClientProtocolClient (GrpcClientProtocolClient.java:onNext(254)) - client-7F7296B99608->ffc7b071-00b3-4a69-8de5-2639a1a8d8ac: receive RaftClientReply:client-7F7296B99608->ffc7b071-00b3-4a69-8de5-2639a1a8d8ac@group-6911E2D50CC5, cid=3749, SUCCESS, logIndex=6237, commits[ffc7b071-00b3-4a69-8de5-2639a1a8d8ac:c6237]
2019-06-12 16:05:07,980 INFO  client.GrpcClientProtocolClient (GrpcClientProtocolClient.java:onNext(254)) - client-7F7296B99608->ffc7b071-00b3-4a69-8de5-2639a1a8d8ac: receive RaftClientReply:client-7F7296B99608->ffc7b071-00b3-4a69-8de5-2639a1a8d8ac@group-6911E2D50CC5, cid=3750, SUCCESS, logIndex=6239, commits[ffc7b071-00b3-4a69-8de5-2639a1a8d8ac:c6239]
2019-06-12 16:05:07,981 INFO  client.GrpcClientProtocolClient (GrpcClientProtocolClient.java:onNext(254)) - client-7F7296B99608->ffc7b071-00b3-4a69-8de5-2639a1a8d8ac: receive RaftClientReply:client-7F7296B99608->ffc7b071-00b3-4a69-8de5-2639a1a8d8ac@group-6911E2D50CC5, cid=3751, SUCCESS, logIndex=6240, commits[ffc7b071-00b3-4a69-8de5-2639a1a8d8ac:c6242]
2019-06-12 16:05:07,981 INFO  client.GrpcClientProtocolClient (GrpcClientProtocolClient.java:onNext(254)) - client-7F7296B99608->ffc7b071-00b3-4a69-8de5-2639a1a8d8ac: receive RaftClientReply:client-7F7296B99608->ffc7b071-00b3-4a69-8de5-2639a1a8d8ac@group-6911E2D50CC5, cid=3752, SUCCESS, logIndex=6241, commits[ffc7b071-00b3-4a69-8de5-2639a1a8d8ac:c6242]
2019-06-12 16:05:07,989 DEBUG block.SCMBlockDeletingService (SCMBlockDeletingService.java:call(138)) - Running DeletedBlockTransactionScanner
2019-06-12 16:05:07,989 DEBUG block.SCMBlockDeletingService (SCMBlockDeletingService.java:call(155)) - Scanned deleted blocks log and got 0 delTX to process.
2019-06-12 16:05:07,992 INFO  client.GrpcClientProtocolClient (GrpcClientProtocolClient.java:onNext(254)) - client-7F7296B99608->ffc7b071-00b3-4a69-8de5-2639a1a8d8ac: receive RaftClientReply:client-7F7296B99608->ffc7b071-00b3-4a69-8de5-2639a1a8d8ac@group-6911E2D50CC5, cid=3753, SUCCESS, logIndex=6243, commits[ffc7b071-00b3-4a69-8de5-2639a1a8d8ac:c6243]
2019-06-12 16:05:07,993 INFO  client.GrpcClientProtocolClient (GrpcClientProtocolClient.java:onNext(254)) - client-7F7296B99608->ffc7b071-00b3-4a69-8de5-2639a1a8d8ac: receive RaftClientReply:client-7F7296B99608->ffc7b071-00b3-4a69-8de5-2639a1a8d8ac@group-6911E2D50CC5, cid=3754, SUCCESS, logIndex=6245, commits[ffc7b071-00b3-4a69-8de5-2639a1a8d8ac:c6245]
2019-06-12 16:05:07,994 INFO  client.GrpcClientProtocolClient (GrpcClientProtocolClient.java:onNext(254)) - client-7F7296B99608->ffc7b071-00b3-4a69-8de5-2639a1a8d8ac: receive RaftClientReply:client-7F7296B99608->ffc7b071-00b3-4a69-8de5-2639a1a8d8ac@group-6911E2D50CC5, cid=3755, SUCCESS, logIndex=6246, commits[ffc7b071-00b3-4a69-8de5-2639a1a8d8ac:c6248]
2019-06-12 16:05:07,994 INFO  client.GrpcClientProtocolClient (GrpcClientProtocolClient.java:onNext(254)) - client-7F7296B99608->ffc7b071-00b3-4a69-8de5-2639a1a8d8ac: receive RaftClientReply:client-7F7296B99608->ffc7b071-00b3-4a69-8de5-2639a1a8d8ac@group-6911E2D50CC5, cid=3756, SUCCESS, logIndex=6247, commits[ffc7b071-00b3-4a69-8de5-2639a1a8d8ac:c6248]
2019-06-12 16:05:08,066 INFO  client.GrpcClientProtocolClient (GrpcClientProtocolClient.java:onNext(254)) - client-7F7296B99608->ffc7b071-00b3-4a69-8de5-2639a1a8d8ac: receive RaftClientReply:client-7F7296B99608->ffc7b071-00b3-4a69-8de5-2639a1a8d8ac@group-6911E2D50CC5, cid=3757, SUCCESS, logIndex=6249, commits[ffc7b071-00b3-4a69-8de5-2639a1a8d8ac:c6249]
2019-06-12 16:05:08,067 INFO  client.GrpcClientProtocolClient (GrpcClientProtocolClient.java:onNext(254)) - client-7F7296B99608->ffc7b071-00b3-4a69-8de5-2639a1a8d8ac: receive RaftClientReply:client-7F7296B99608->ffc7b071-00b3-4a69-8de5-2639a1a8d8ac@group-6911E2D50CC5, cid=3758, SUCCESS, logIndex=6251, commits[ffc7b071-00b3-4a69-8de5-2639a1a8d8ac:c6251]
2019-06-12 16:05:08,068 INFO  client.GrpcClientProtocolClient (GrpcClientProtocolClient.java:onNext(254)) - client-7F7296B99608->ffc7b071-00b3-4a69-8de5-2639a1a8d8ac: receive RaftClientReply:client-7F7296B99608->ffc7b071-00b3-4a69-8de5-2639a1a8d8ac@group-6911E2D50CC5, cid=3759, SUCCESS, logIndex=6252, commits[ffc7b071-00b3-4a69-8de5-2639a1a8d8ac:c6254]
2019-06-12 16:05:08,069 INFO  client.GrpcClientProtocolClient (GrpcClientProtocolClient.java:onNext(254)) - client-7F7296B99608->ffc7b071-00b3-4a69-8de5-2639a1a8d8ac: receive RaftClientReply:client-7F7296B99608->ffc7b071-00b3-4a69-8de5-2639a1a8d8ac@group-6911E2D50CC5, cid=3760, SUCCESS, logIndex=6253, commits[ffc7b071-00b3-4a69-8de5-2639a1a8d8ac:c6254]
2019-06-12 16:05:08,078 INFO  client.GrpcClientProtocolClient (GrpcClientProtocolClient.java:onNext(254)) - client-7F7296B99608->ffc7b071-00b3-4a69-8de5-2639a1a8d8ac: receive RaftClientReply:client-7F7296B99608->ffc7b071-00b3-4a69-8de5-2639a1a8d8ac@group-6911E2D50CC5, cid=3761, SUCCESS, logIndex=6255, commits[ffc7b071-00b3-4a69-8de5-2639a1a8d8ac:c6255]
2019-06-12 16:05:08,079 INFO  client.GrpcClientProtocolClient (GrpcClientProtocolClient.java:onNext(254)) - client-7F7296B99608->ffc7b071-00b3-4a69-8de5-2639a1a8d8ac: receive RaftClientReply:client-7F7296B99608->ffc7b071-00b3-4a69-8de5-2639a1a8d8ac@group-6911E2D50CC5, cid=3762, SUCCESS, logIndex=6257, commits[ffc7b071-00b3-4a69-8de5-2639a1a8d8ac:c6257]
2019-06-12 16:05:08,081 INFO  client.GrpcClientProtocolClient (GrpcClientProtocolClient.java:onNext(254)) - client-7F7296B99608->ffc7b071-00b3-4a69-8de5-2639a1a8d8ac: receive RaftClientReply:client-7F7296B99608->ffc7b071-00b3-4a69-8de5-2639a1a8d8ac@group-6911E2D50CC5, cid=3763, SUCCESS, logIndex=6258, commits[ffc7b071-00b3-4a69-8de5-2639a1a8d8ac:c6260]
2019-06-12 16:05:08,081 INFO  client.GrpcClientProtocolClient (GrpcClientProtocolClient.java:onNext(254)) - client-7F7296B99608->ffc7b071-00b3-4a69-8de5-2639a1a8d8ac: receive RaftClientReply:client-7F7296B99608->ffc7b071-00b3-4a69-8de5-2639a1a8d8ac@group-6911E2D50CC5, cid=3764, SUCCESS, logIndex=6259, commits[ffc7b071-00b3-4a69-8de5-2639a1a8d8ac:c6260]
2019-06-12 16:05:08,086 INFO  client.GrpcClientProtocolClient (GrpcClientProtocolClient.java:onNext(254)) - client-7F7296B99608->ffc7b071-00b3-4a69-8de5-2639a1a8d8ac: receive RaftClientReply:client-7F7296B99608->ffc7b071-00b3-4a69-8de5-2639a1a8d8ac@group-6911E2D50CC5, cid=3765, SUCCESS, logIndex=6261, commits[ffc7b071-00b3-4a69-8de5-2639a1a8d8ac:c6261]
2019-06-12 16:05:08,087 INFO  client.GrpcClientProtocolClient (GrpcClientProtocolClient.java:onNext(254)) - client-7F7296B99608->ffc7b071-00b3-4a69-8de5-2639a1a8d8ac: receive RaftClientReply:client-7F7296B99608->ffc7b071-00b3-4a69-8de5-2639a1a8d8ac@group-6911E2D50CC5, cid=3766, SUCCESS, logIndex=6263, commits[ffc7b071-00b3-4a69-8de5-2639a1a8d8ac:c6263]
2019-06-12 16:05:08,088 INFO  client.GrpcClientProtocolClient (GrpcClientProtocolClient.java:onNext(254)) - client-7F7296B99608->ffc7b071-00b3-4a69-8de5-2639a1a8d8ac: receive RaftClientReply:client-7F7296B99608->ffc7b071-00b3-4a69-8de5-2639a1a8d8ac@group-6911E2D50CC5, cid=3767, SUCCESS, logIndex=6264, commits[ffc7b071-00b3-4a69-8de5-2639a1a8d8ac:c6266]
2019-06-12 16:05:08,088 INFO  client.GrpcClientProtocolClient (GrpcClientProtocolClient.java:onNext(254)) - client-7F7296B99608->ffc7b071-00b3-4a69-8de5-2639a1a8d8ac: receive RaftClientReply:client-7F7296B99608->ffc7b071-00b3-4a69-8de5-2639a1a8d8ac@group-6911E2D50CC5, cid=3768, SUCCESS, logIndex=6265, commits[ffc7b071-00b3-4a69-8de5-2639a1a8d8ac:c6266]
2019-06-12 16:05:08,089 DEBUG block.SCMBlockDeletingService (SCMBlockDeletingService.java:call(138)) - Running DeletedBlockTransactionScanner
2019-06-12 16:05:08,089 DEBUG block.SCMBlockDeletingService (SCMBlockDeletingService.java:call(155)) - Scanned deleted blocks log and got 0 delTX to process.
2019-06-12 16:05:08,098 INFO  client.GrpcClientProtocolClient (GrpcClientProtocolClient.java:onNext(254)) - client-7F7296B99608->ffc7b071-00b3-4a69-8de5-2639a1a8d8ac: receive RaftClientReply:client-7F7296B99608->ffc7b071-00b3-4a69-8de5-2639a1a8d8ac@group-6911E2D50CC5, cid=3769, SUCCESS, logIndex=6267, commits[ffc7b071-00b3-4a69-8de5-2639a1a8d8ac:c6267]
2019-06-12 16:05:08,101 INFO  client.GrpcClientProtocolClient (GrpcClientProtocolClient.java:onNext(254)) - client-7F7296B99608->ffc7b071-00b3-4a69-8de5-2639a1a8d8ac: receive RaftClientReply:client-7F7296B99608->ffc7b071-00b3-4a69-8de5-2639a1a8d8ac@group-6911E2D50CC5, cid=3770, SUCCESS, logIndex=6269, commits[ffc7b071-00b3-4a69-8de5-2639a1a8d8ac:c6271]
2019-06-12 16:05:08,101 INFO  client.GrpcClientProtocolClient (GrpcClientProtocolClient.java:onNext(254)) - client-7F7296B99608->ffc7b071-00b3-4a69-8de5-2639a1a8d8ac: receive RaftClientReply:client-7F7296B99608->ffc7b071-00b3-4a69-8de5-2639a1a8d8ac@group-6911E2D50CC5, cid=3771, SUCCESS, logIndex=6270, commits[ffc7b071-00b3-4a69-8de5-2639a1a8d8ac:c6271]
2019-06-12 16:05:08,101 INFO  client.GrpcClientProtocolClient (GrpcClientProtocolClient.java:onNext(254)) - client-7F7296B99608->ffc7b071-00b3-4a69-8de5-2639a1a8d8ac: receive RaftClientReply:client-7F7296B99608->ffc7b071-00b3-4a69-8de5-2639a1a8d8ac@group-6911E2D50CC5, cid=3772, SUCCESS, logIndex=6271, commits[ffc7b071-00b3-4a69-8de5-2639a1a8d8ac:c6271]
2019-06-12 16:05:08,106 INFO  client.GrpcClientProtocolClient (GrpcClientProtocolClient.java:onNext(254)) - client-7F7296B99608->ffc7b071-00b3-4a69-8de5-2639a1a8d8ac: receive RaftClientReply:client-7F7296B99608->ffc7b071-00b3-4a69-8de5-2639a1a8d8ac@group-6911E2D50CC5, cid=3773, SUCCESS, logIndex=6273, commits[ffc7b071-00b3-4a69-8de5-2639a1a8d8ac:c6273]
2019-06-12 16:05:08,110 INFO  client.GrpcClientProtocolClient (GrpcClientProtocolClient.java:onNext(254)) - client-7F7296B99608->ffc7b071-00b3-4a69-8de5-2639a1a8d8ac: receive RaftClientReply:client-7F7296B99608->ffc7b071-00b3-4a69-8de5-2639a1a8d8ac@group-6911E2D50CC5, cid=3774, SUCCESS, logIndex=6275, commits[ffc7b071-00b3-4a69-8de5-2639a1a8d8ac:c6275]
2019-06-12 16:05:08,110 INFO  client.GrpcClientProtocolClient (GrpcClientProtocolClient.java:onNext(254)) - client-7F7296B99608->ffc7b071-00b3-4a69-8de5-2639a1a8d8ac: receive RaftClientReply:client-7F7296B99608->ffc7b071-00b3-4a69-8de5-2639a1a8d8ac@group-6911E2D50CC5, cid=3775, SUCCESS, logIndex=6276, commits[ffc7b071-00b3-4a69-8de5-2639a1a8d8ac:c6278]
2019-06-12 16:05:08,110 INFO  client.GrpcClientProtocolClient (GrpcClientProtocolClient.java:onNext(254)) - client-7F7296B99608->ffc7b071-00b3-4a69-8de5-2639a1a8d8ac: receive RaftClientReply:client-7F7296B99608->ffc7b071-00b3-4a69-8de5-2639a1a8d8ac@group-6911E2D50CC5, cid=3776, SUCCESS, logIndex=6277, commits[ffc7b071-00b3-4a69-8de5-2639a1a8d8ac:c6278]
2019-06-12 16:05:08,126 INFO  client.GrpcClientProtocolClient (GrpcClientProtocolClient.java:onNext(254)) - client-7F7296B99608->ffc7b071-00b3-4a69-8de5-2639a1a8d8ac: receive RaftClientReply:client-7F7296B99608->ffc7b071-00b3-4a69-8de5-2639a1a8d8ac@group-6911E2D50CC5, cid=3777, SUCCESS, logIndex=6279, commits[ffc7b071-00b3-4a69-8de5-2639a1a8d8ac:c6279]
2019-06-12 16:05:08,129 INFO  client.GrpcClientProtocolClient (GrpcClientProtocolClient.java:onNext(254)) - client-7F7296B99608->ffc7b071-00b3-4a69-8de5-2639a1a8d8ac: receive RaftClientReply:client-7F7296B99608->ffc7b071-00b3-4a69-8de5-2639a1a8d8ac@group-6911E2D50CC5, cid=3778, SUCCESS, logIndex=6281, commits[ffc7b071-00b3-4a69-8de5-2639a1a8d8ac:c6281]
2019-06-12 16:05:08,130 INFO  client.GrpcClientProtocolClient (GrpcClientProtocolClient.java:onNext(254)) - client-7F7296B99608->ffc7b071-00b3-4a69-8de5-2639a1a8d8ac: receive RaftClientReply:client-7F7296B99608->ffc7b071-00b3-4a69-8de5-2639a1a8d8ac@group-6911E2D50CC5, cid=3779, SUCCESS, logIndex=6282, commits[ffc7b071-00b3-4a69-8de5-2639a1a8d8ac:c6283]
2019-06-12 16:05:08,131 INFO  client.GrpcClientProtocolClient (GrpcClientProtocolClient.java:onNext(254)) - client-7F7296B99608->ffc7b071-00b3-4a69-8de5-2639a1a8d8ac: receive RaftClientReply:client-7F7296B99608->ffc7b071-00b3-4a69-8de5-2639a1a8d8ac@group-6911E2D50CC5, cid=3780, SUCCESS, logIndex=6283, commits[ffc7b071-00b3-4a69-8de5-2639a1a8d8ac:c6283]
2019-06-12 16:05:08,136 INFO  client.GrpcClientProtocolClient (GrpcClientProtocolClient.java:onNext(254)) - client-7F7296B99608->ffc7b071-00b3-4a69-8de5-2639a1a8d8ac: receive RaftClientReply:client-7F7296B99608->ffc7b071-00b3-4a69-8de5-2639a1a8d8ac@group-6911E2D50CC5, cid=3781, SUCCESS, logIndex=6286, commits[ffc7b071-00b3-4a69-8de5-2639a1a8d8ac:c6286]
2019-06-12 16:05:08,136 INFO  storage.RaftLogWorker (RaftLogWorker.java:rollLogSegment(303)) - ffc7b071-00b3-4a69-8de5-2639a1a8d8ac-RaftLogWorker: Rolling segment log-6222_6287 to index:6287
2019-06-12 16:05:08,137 INFO  storage.RaftLogWorker (RaftLogWorker.java:execute(433)) - ffc7b071-00b3-4a69-8de5-2639a1a8d8ac-RaftLogWorker: Rolled log segment from /opt/src/hadoop-ozone/integration-test/target/test-dir/MiniOzoneClusterImpl-a1c7246e-c692-4524-ad55-32b507b20431/datanode-0/data/ratis/4417d833-4fb6-4fa2-9413-6911e2d50cc5/current/log_inprogress_6222 to /opt/src/hadoop-ozone/integration-test/target/test-dir/MiniOzoneClusterImpl-a1c7246e-c692-4524-ad55-32b507b20431/datanode-0/data/ratis/4417d833-4fb6-4fa2-9413-6911e2d50cc5/current/log_6222-6287
2019-06-12 16:05:08,173 INFO  storage.RaftLogWorker (RaftLogWorker.java:execute(469)) - ffc7b071-00b3-4a69-8de5-2639a1a8d8ac-RaftLogWorker: created new log segment /opt/src/hadoop-ozone/integration-test/target/test-dir/MiniOzoneClusterImpl-a1c7246e-c692-4524-ad55-32b507b20431/datanode-0/data/ratis/4417d833-4fb6-4fa2-9413-6911e2d50cc5/current/log_inprogress_6288
2019-06-12 16:05:08,174 INFO  client.GrpcClientProtocolClient (GrpcClientProtocolClient.java:onNext(254)) - client-7F7296B99608->ffc7b071-00b3-4a69-8de5-2639a1a8d8ac: receive RaftClientReply:client-7F7296B99608->ffc7b071-00b3-4a69-8de5-2639a1a8d8ac@group-6911E2D50CC5, cid=3782, SUCCESS, logIndex=6288, commits[ffc7b071-00b3-4a69-8de5-2639a1a8d8ac:c6290]
2019-06-12 16:05:08,175 INFO  client.GrpcClientProtocolClient (GrpcClientProtocolClient.java:onNext(254)) - client-7F7296B99608->ffc7b071-00b3-4a69-8de5-2639a1a8d8ac: receive RaftClientReply:client-7F7296B99608->ffc7b071-00b3-4a69-8de5-2639a1a8d8ac@group-6911E2D50CC5, cid=3783, SUCCESS, logIndex=6289, commits[ffc7b071-00b3-4a69-8de5-2639a1a8d8ac:c6291]
2019-06-12 16:05:08,175 INFO  client.GrpcClientProtocolClient (GrpcClientProtocolClient.java:onNext(254)) - client-7F7296B99608->ffc7b071-00b3-4a69-8de5-2639a1a8d8ac: receive RaftClientReply:client-7F7296B99608->ffc7b071-00b3-4a69-8de5-2639a1a8d8ac@group-6911E2D50CC5, cid=3784, SUCCESS, logIndex=6290, commits[ffc7b071-00b3-4a69-8de5-2639a1a8d8ac:c6291]
2019-06-12 16:05:08,186 INFO  client.GrpcClientProtocolClient (GrpcClientProtocolClient.java:onNext(254)) - client-7F7296B99608->ffc7b071-00b3-4a69-8de5-2639a1a8d8ac: receive RaftClientReply:client-7F7296B99608->ffc7b071-00b3-4a69-8de5-2639a1a8d8ac@group-6911E2D50CC5, cid=3785, SUCCESS, logIndex=6292, commits[ffc7b071-00b3-4a69-8de5-2639a1a8d8ac:c6292]
2019-06-12 16:05:08,187 INFO  client.GrpcClientProtocolClient (GrpcClientProtocolClient.java:onNext(254)) - client-7F7296B99608->ffc7b071-00b3-4a69-8de5-2639a1a8d8ac: receive RaftClientReply:client-7F7296B99608->ffc7b071-00b3-4a69-8de5-2639a1a8d8ac@group-6911E2D50CC5, cid=3786, SUCCESS, logIndex=6294, commits[ffc7b071-00b3-4a69-8de5-2639a1a8d8ac:c6294]
2019-06-12 16:05:08,188 INFO  client.GrpcClientProtocolClient (GrpcClientProtocolClient.java:onNext(254)) - client-7F7296B99608->ffc7b071-00b3-4a69-8de5-2639a1a8d8ac: receive RaftClientReply:client-7F7296B99608->ffc7b071-00b3-4a69-8de5-2639a1a8d8ac@group-6911E2D50CC5, cid=3787, SUCCESS, logIndex=6295, commits[ffc7b071-00b3-4a69-8de5-2639a1a8d8ac:c6297]
2019-06-12 16:05:08,189 DEBUG block.SCMBlockDeletingService (SCMBlockDeletingService.java:call(138)) - Running DeletedBlockTransactionScanner
2019-06-12 16:05:08,189 DEBUG block.SCMBlockDeletingService (SCMBlockDeletingService.java:call(155)) - Scanned deleted blocks log and got 0 delTX to process.
2019-06-12 16:05:08,190 INFO  client.GrpcClientProtocolClient (GrpcClientProtocolClient.java:onNext(254)) - client-7F7296B99608->ffc7b071-00b3-4a69-8de5-2639a1a8d8ac: receive RaftClientReply:client-7F7296B99608->ffc7b071-00b3-4a69-8de5-2639a1a8d8ac@group-6911E2D50CC5, cid=3788, SUCCESS, logIndex=6296, commits[ffc7b071-00b3-4a69-8de5-2639a1a8d8ac:c6297]
2019-06-12 16:05:08,195 INFO  client.GrpcClientProtocolClient (GrpcClientProtocolClient.java:onNext(254)) - client-7F7296B99608->ffc7b071-00b3-4a69-8de5-2639a1a8d8ac: receive RaftClientReply:client-7F7296B99608->ffc7b071-00b3-4a69-8de5-2639a1a8d8ac@group-6911E2D50CC5, cid=3789, SUCCESS, logIndex=6298, commits[ffc7b071-00b3-4a69-8de5-2639a1a8d8ac:c6298]
2019-06-12 16:05:08,197 INFO  client.GrpcClientProtocolClient (GrpcClientProtocolClient.java:onNext(254)) - client-7F7296B99608->ffc7b071-00b3-4a69-8de5-2639a1a8d8ac: receive RaftClientReply:client-7F7296B99608->ffc7b071-00b3-4a69-8de5-2639a1a8d8ac@group-6911E2D50CC5, cid=3790, SUCCESS, logIndex=6300, commits[ffc7b071-00b3-4a69-8de5-2639a1a8d8ac:c6300]
2019-06-12 16:05:08,197 INFO  client.GrpcClientProtocolClient (GrpcClientProtocolClient.java:onNext(254)) - client-7F7296B99608->ffc7b071-00b3-4a69-8de5-2639a1a8d8ac: receive RaftClientReply:client-7F7296B99608->ffc7b071-00b3-4a69-8de5-2639a1a8d8ac@group-6911E2D50CC5, cid=3791, SUCCESS, logIndex=6301, commits[ffc7b071-00b3-4a69-8de5-2639a1a8d8ac:c6301]
2019-06-12 16:05:08,198 INFO  client.GrpcClientProtocolClient (GrpcClientProtocolClient.java:onNext(254)) - client-7F7296B99608->ffc7b071-00b3-4a69-8de5-2639a1a8d8ac: receive RaftClientReply:client-7F7296B99608->ffc7b071-00b3-4a69-8de5-2639a1a8d8ac@group-6911E2D50CC5, cid=3792, SUCCESS, logIndex=6303, commits[ffc7b071-00b3-4a69-8de5-2639a1a8d8ac:c6304]
2019-06-12 16:05:08,208 INFO  client.GrpcClientProtocolClient (GrpcClientProtocolClient.java:onNext(254)) - client-7F7296B99608->ffc7b071-00b3-4a69-8de5-2639a1a8d8ac: receive RaftClientReply:client-7F7296B99608->ffc7b071-00b3-4a69-8de5-2639a1a8d8ac@group-6911E2D50CC5, cid=3793, SUCCESS, logIndex=6305, commits[ffc7b071-00b3-4a69-8de5-2639a1a8d8ac:c6305]
2019-06-12 16:05:08,209 INFO  client.GrpcClientProtocolClient (GrpcClientProtocolClient.java:onNext(254)) - client-7F7296B99608->ffc7b071-00b3-4a69-8de5-2639a1a8d8ac: receive RaftClientReply:client-7F7296B99608->ffc7b071-00b3-4a69-8de5-2639a1a8d8ac@group-6911E2D50CC5, cid=3794, SUCCESS, logIndex=6307, commits[ffc7b071-00b3-4a69-8de5-2639a1a8d8ac:c6307]
2019-06-12 16:05:08,210 INFO  client.GrpcClientProtocolClient (GrpcClientProtocolClient.java:onNext(254)) - client-7F7296B99608->ffc7b071-00b3-4a69-8de5-2639a1a8d8ac: receive RaftClientReply:client-7F7296B99608->ffc7b071-00b3-4a69-8de5-2639a1a8d8ac@group-6911E2D50CC5, cid=3795, SUCCESS, logIndex=6308, commits[ffc7b071-00b3-4a69-8de5-2639a1a8d8ac:c6310]
2019-06-12 16:05:08,210 INFO  client.GrpcClientProtocolClient (GrpcClientProtocolClient.java:onNext(254)) - client-7F7296B99608->ffc7b071-00b3-4a69-8de5-2639a1a8d8ac: receive RaftClientReply:client-7F7296B99608->ffc7b071-00b3-4a69-8de5-2639a1a8d8ac@group-6911E2D50CC5, cid=3796, SUCCESS, logIndex=6309, commits[ffc7b071-00b3-4a69-8de5-2639a1a8d8ac:c6310]
2019-06-12 16:05:08,453 DEBUG block.SCMBlockDeletingService (SCMBlockDeletingService.java:call(138)) - Running DeletedBlockTransactionScanner
2019-06-12 16:05:08,453 DEBUG block.SCMBlockDeletingService (SCMBlockDeletingService.java:call(155)) - Scanned deleted blocks log and got 0 delTX to process.
2019-06-12 16:05:08,462 INFO  client.GrpcClientProtocolClient (GrpcClientProtocolClient.java:onNext(254)) - client-7F7296B99608->ffc7b071-00b3-4a69-8de5-2639a1a8d8ac: receive RaftClientReply:client-7F7296B99608->ffc7b071-00b3-4a69-8de5-2639a1a8d8ac@group-6911E2D50CC5, cid=3797, SUCCESS, logIndex=6311, commits[ffc7b071-00b3-4a69-8de5-2639a1a8d8ac:c6311]
2019-06-12 16:05:08,463 INFO  client.GrpcClientProtocolClient (GrpcClientProtocolClient.java:onNext(254)) - client-7F7296B99608->ffc7b071-00b3-4a69-8de5-2639a1a8d8ac: receive RaftClientReply:client-7F7296B99608->ffc7b071-00b3-4a69-8de5-2639a1a8d8ac@group-6911E2D50CC5, cid=3798, SUCCESS, logIndex=6313, commits[ffc7b071-00b3-4a69-8de5-2639a1a8d8ac:c6313]
2019-06-12 16:05:08,464 INFO  client.GrpcClientProtocolClient (GrpcClientProtocolClient.java:onNext(254)) - client-7F7296B99608->ffc7b071-00b3-4a69-8de5-2639a1a8d8ac: receive RaftClientReply:client-7F7296B99608->ffc7b071-00b3-4a69-8de5-2639a1a8d8ac@group-6911E2D50CC5, cid=3799, SUCCESS, logIndex=6314, commits[ffc7b071-00b3-4a69-8de5-2639a1a8d8ac:c6316]
2019-06-12 16:05:08,464 INFO  client.GrpcClientProtocolClient (GrpcClientProtocolClient.java:onNext(254)) - client-7F7296B99608->ffc7b071-00b3-4a69-8de5-2639a1a8d8ac: receive RaftClientReply:client-7F7296B99608->ffc7b071-00b3-4a69-8de5-2639a1a8d8ac@group-6911E2D50CC5, cid=3800, SUCCESS, logIndex=6315, commits[ffc7b071-00b3-4a69-8de5-2639a1a8d8ac:c6316]
2019-06-12 16:05:08,539 INFO  client.GrpcClientProtocolClient (GrpcClientProtocolClient.java:onNext(254)) - client-7F7296B99608->ffc7b071-00b3-4a69-8de5-2639a1a8d8ac: receive RaftClientReply:client-7F7296B99608->ffc7b071-00b3-4a69-8de5-2639a1a8d8ac@group-6911E2D50CC5, cid=3801, SUCCESS, logIndex=6317, commits[ffc7b071-00b3-4a69-8de5-2639a1a8d8ac:c6317]
2019-06-12 16:05:08,541 INFO  client.GrpcClientProtocolClient (GrpcClientProtocolClient.java:onNext(254)) - client-7F7296B99608->ffc7b071-00b3-4a69-8de5-2639a1a8d8ac: receive RaftClientReply:client-7F7296B99608->ffc7b071-00b3-4a69-8de5-2639a1a8d8ac@group-6911E2D50CC5, cid=3802, SUCCESS, logIndex=6319, commits[ffc7b071-00b3-4a69-8de5-2639a1a8d8ac:c6319]
2019-06-12 16:05:08,541 INFO  client.GrpcClientProtocolClient (GrpcClientProtocolClient.java:onNext(254)) - client-7F7296B99608->ffc7b071-00b3-4a69-8de5-2639a1a8d8ac: receive RaftClientReply:client-7F7296B99608->ffc7b071-00b3-4a69-8de5-2639a1a8d8ac@group-6911E2D50CC5, cid=3803, SUCCESS, logIndex=6320, commits[ffc7b071-00b3-4a69-8de5-2639a1a8d8ac:c6322]
2019-06-12 16:05:08,542 INFO  client.GrpcClientProtocolClient (GrpcClientProtocolClient.java:onNext(254)) - client-7F7296B99608->ffc7b071-00b3-4a69-8de5-2639a1a8d8ac: receive RaftClientReply:client-7F7296B99608->ffc7b071-00b3-4a69-8de5-2639a1a8d8ac@group-6911E2D50CC5, cid=3804, SUCCESS, logIndex=6321, commits[ffc7b071-00b3-4a69-8de5-2639a1a8d8ac:c6322]
2019-06-12 16:05:08,546 INFO  client.GrpcClientProtocolClient (GrpcClientProtocolClient.java:onNext(254)) - client-7F7296B99608->ffc7b071-00b3-4a69-8de5-2639a1a8d8ac: receive RaftClientReply:client-7F7296B99608->ffc7b071-00b3-4a69-8de5-2639a1a8d8ac@group-6911E2D50CC5, cid=3805, SUCCESS, logIndex=6323, commits[ffc7b071-00b3-4a69-8de5-2639a1a8d8ac:c6323]
2019-06-12 16:05:08,548 INFO  client.GrpcClientProtocolClient (GrpcClientProtocolClient.java:onNext(254)) - client-7F7296B99608->ffc7b071-00b3-4a69-8de5-2639a1a8d8ac: receive RaftClientReply:client-7F7296B99608->ffc7b071-00b3-4a69-8de5-2639a1a8d8ac@group-6911E2D50CC5, cid=3806, SUCCESS, logIndex=6325, commits[ffc7b071-00b3-4a69-8de5-2639a1a8d8ac:c6325]
2019-06-12 16:05:08,549 INFO  client.GrpcClientProtocolClient (GrpcClientProtocolClient.java:onNext(254)) - client-7F7296B99608->ffc7b071-00b3-4a69-8de5-2639a1a8d8ac: receive RaftClientReply:client-7F7296B99608->ffc7b071-00b3-4a69-8de5-2639a1a8d8ac@group-6911E2D50CC5, cid=3807, SUCCESS, logIndex=6326, commits[ffc7b071-00b3-4a69-8de5-2639a1a8d8ac:c6328]
2019-06-12 16:05:08,549 INFO  client.GrpcClientProtocolClient (GrpcClientProtocolClient.java:onNext(254)) - client-7F7296B99608->ffc7b071-00b3-4a69-8de5-2639a1a8d8ac: receive RaftClientReply:client-7F7296B99608->ffc7b071-00b3-4a69-8de5-2639a1a8d8ac@group-6911E2D50CC5, cid=3808, SUCCESS, logIndex=6327, commits[ffc7b071-00b3-4a69-8de5-2639a1a8d8ac:c6328]
2019-06-12 16:05:08,554 DEBUG block.SCMBlockDeletingService (SCMBlockDeletingService.java:call(138)) - Running DeletedBlockTransactionScanner
2019-06-12 16:05:08,554 DEBUG block.SCMBlockDeletingService (SCMBlockDeletingService.java:call(155)) - Scanned deleted blocks log and got 0 delTX to process.
2019-06-12 16:05:08,559 INFO  client.GrpcClientProtocolClient (GrpcClientProtocolClient.java:onNext(254)) - client-7F7296B99608->ffc7b071-00b3-4a69-8de5-2639a1a8d8ac: receive RaftClientReply:client-7F7296B99608->ffc7b071-00b3-4a69-8de5-2639a1a8d8ac@group-6911E2D50CC5, cid=3809, SUCCESS, logIndex=6329, commits[ffc7b071-00b3-4a69-8de5-2639a1a8d8ac:c6329]
2019-06-12 16:05:08,560 INFO  client.GrpcClientProtocolClient (GrpcClientProtocolClient.java:onNext(254)) - client-7F7296B99608->ffc7b071-00b3-4a69-8de5-2639a1a8d8ac: receive RaftClientReply:client-7F7296B99608->ffc7b071-00b3-4a69-8de5-2639a1a8d8ac@group-6911E2D50CC5, cid=3810, SUCCESS, logIndex=6331, commits[ffc7b071-00b3-4a69-8de5-2639a1a8d8ac:c6331]
2019-06-12 16:05:08,561 INFO  client.GrpcClientProtocolClient (GrpcClientProtocolClient.java:onNext(254)) - client-7F7296B99608->ffc7b071-00b3-4a69-8de5-2639a1a8d8ac: receive RaftClientReply:client-7F7296B99608->ffc7b071-00b3-4a69-8de5-2639a1a8d8ac@group-6911E2D50CC5, cid=3811, SUCCESS, logIndex=6332, commits[ffc7b071-00b3-4a69-8de5-2639a1a8d8ac:c6333]
2019-06-12 16:05:08,561 INFO  client.GrpcClientProtocolClient (GrpcClientProtocolClient.java:onNext(254)) - client-7F7296B99608->ffc7b071-00b3-4a69-8de5-2639a1a8d8ac: receive RaftClientReply:client-7F7296B99608->ffc7b071-00b3-4a69-8de5-2639a1a8d8ac@group-6911E2D50CC5, cid=3812, SUCCESS, logIndex=6333, commits[ffc7b071-00b3-4a69-8de5-2639a1a8d8ac:c6333]
2019-06-12 16:05:08,566 INFO  client.GrpcClientProtocolClient (GrpcClientProtocolClient.java:onNext(254)) - client-7F7296B99608->ffc7b071-00b3-4a69-8de5-2639a1a8d8ac: receive RaftClientReply:client-7F7296B99608->ffc7b071-00b3-4a69-8de5-2639a1a8d8ac@group-6911E2D50CC5, cid=3813, SUCCESS, logIndex=6336, commits[ffc7b071-00b3-4a69-8de5-2639a1a8d8ac:c6336]
2019-06-12 16:05:08,567 INFO  client.GrpcClientProtocolClient (GrpcClientProtocolClient.java:onNext(254)) - client-7F7296B99608->ffc7b071-00b3-4a69-8de5-2639a1a8d8ac: receive RaftClientReply:client-7F7296B99608->ffc7b071-00b3-4a69-8de5-2639a1a8d8ac@group-6911E2D50CC5, cid=3814, SUCCESS, logIndex=6338, commits[ffc7b071-00b3-4a69-8de5-2639a1a8d8ac:c6338]
2019-06-12 16:05:08,568 INFO  client.GrpcClientProtocolClient (GrpcClientProtocolClient.java:onNext(254)) - client-7F7296B99608->ffc7b071-00b3-4a69-8de5-2639a1a8d8ac: receive RaftClientReply:client-7F7296B99608->ffc7b071-00b3-4a69-8de5-2639a1a8d8ac@group-6911E2D50CC5, cid=3815, SUCCESS, logIndex=6339, commits[ffc7b071-00b3-4a69-8de5-2639a1a8d8ac:c6341]
2019-06-12 16:05:08,569 INFO  client.GrpcClientProtocolClient (GrpcClientProtocolClient.java:onNext(254)) - client-7F7296B99608->ffc7b071-00b3-4a69-8de5-2639a1a8d8ac: receive RaftClientReply:client-7F7296B99608->ffc7b071-00b3-4a69-8de5-2639a1a8d8ac@group-6911E2D50CC5, cid=3816, SUCCESS, logIndex=6340, commits[ffc7b071-00b3-4a69-8de5-2639a1a8d8ac:c6341]
2019-06-12 16:05:08,579 INFO  client.GrpcClientProtocolClient (GrpcClientProtocolClient.java:onNext(254)) - client-7F7296B99608->ffc7b071-00b3-4a69-8de5-2639a1a8d8ac: receive RaftClientReply:client-7F7296B99608->ffc7b071-00b3-4a69-8de5-2639a1a8d8ac@group-6911E2D50CC5, cid=3817, SUCCESS, logIndex=6342, commits[ffc7b071-00b3-4a69-8de5-2639a1a8d8ac:c6342]
2019-06-12 16:05:08,579 INFO  client.GrpcClientProtocolClient (GrpcClientProtocolClient.java:onNext(254)) - client-7F7296B99608->ffc7b071-00b3-4a69-8de5-2639a1a8d8ac: receive RaftClientReply:client-7F7296B99608->ffc7b071-00b3-4a69-8de5-2639a1a8d8ac@group-6911E2D50CC5, cid=3818, SUCCESS, logIndex=6344, commits[ffc7b071-00b3-4a69-8de5-2639a1a8d8ac:c6344]
2019-06-12 16:05:08,581 INFO  client.GrpcClientProtocolClient (GrpcClientProtocolClient.java:onNext(254)) - client-7F7296B99608->ffc7b071-00b3-4a69-8de5-2639a1a8d8ac: receive RaftClientReply:client-7F7296B99608->ffc7b071-00b3-4a69-8de5-2639a1a8d8ac@group-6911E2D50CC5, cid=3819, SUCCESS, logIndex=6345, commits[ffc7b071-00b3-4a69-8de5-2639a1a8d8ac:c6347]
2019-06-12 16:05:08,581 INFO  client.GrpcClientProtocolClient (GrpcClientProtocolClient.java:onNext(254)) - client-7F7296B99608->ffc7b071-00b3-4a69-8de5-2639a1a8d8ac: receive RaftClientReply:client-7F7296B99608->ffc7b071-00b3-4a69-8de5-2639a1a8d8ac@group-6911E2D50CC5, cid=3820, SUCCESS, logIndex=6346, commits[ffc7b071-00b3-4a69-8de5-2639a1a8d8ac:c6347]
2019-06-12 16:05:08,586 INFO  client.GrpcClientProtocolClient (GrpcClientProtocolClient.java:onNext(254)) - client-7F7296B99608->ffc7b071-00b3-4a69-8de5-2639a1a8d8ac: receive RaftClientReply:client-7F7296B99608->ffc7b071-00b3-4a69-8de5-2639a1a8d8ac@group-6911E2D50CC5, cid=3821, SUCCESS, logIndex=6348, commits[ffc7b071-00b3-4a69-8de5-2639a1a8d8ac:c6348]
2019-06-12 16:05:08,587 INFO  client.GrpcClientProtocolClient (GrpcClientProtocolClient.java:onNext(254)) - client-7F7296B99608->ffc7b071-00b3-4a69-8de5-2639a1a8d8ac: receive RaftClientReply:client-7F7296B99608->ffc7b071-00b3-4a69-8de5-2639a1a8d8ac@group-6911E2D50CC5, cid=3822, SUCCESS, logIndex=6350, commits[ffc7b071-00b3-4a69-8de5-2639a1a8d8ac:c6350]
2019-06-12 16:05:08,588 INFO  client.GrpcClientProtocolClient (GrpcClientProtocolClient.java:onNext(254)) - client-7F7296B99608->ffc7b071-00b3-4a69-8de5-2639a1a8d8ac: receive RaftClientReply:client-7F7296B99608->ffc7b071-00b3-4a69-8de5-2639a1a8d8ac@group-6911E2D50CC5, cid=3823, SUCCESS, logIndex=6351, commits[ffc7b071-00b3-4a69-8de5-2639a1a8d8ac:c6353]
2019-06-12 16:05:08,588 INFO  client.GrpcClientProtocolClient (GrpcClientProtocolClient.java:onNext(254)) - client-7F7296B99608->ffc7b071-00b3-4a69-8de5-2639a1a8d8ac: receive RaftClientReply:client-7F7296B99608->ffc7b071-00b3-4a69-8de5-2639a1a8d8ac@group-6911E2D50CC5, cid=3824, SUCCESS, logIndex=6352, commits[ffc7b071-00b3-4a69-8de5-2639a1a8d8ac:c6353]
2019-06-12 16:05:08,595 INFO  storage.RaftLogWorker (RaftLogWorker.java:rollLogSegment(303)) - ffc7b071-00b3-4a69-8de5-2639a1a8d8ac-RaftLogWorker: Rolling segment log-6288_6353 to index:6353
2019-06-12 16:05:08,598 INFO  storage.RaftLogWorker (RaftLogWorker.java:execute(433)) - ffc7b071-00b3-4a69-8de5-2639a1a8d8ac-RaftLogWorker: Rolled log segment from /opt/src/hadoop-ozone/integration-test/target/test-dir/MiniOzoneClusterImpl-a1c7246e-c692-4524-ad55-32b507b20431/datanode-0/data/ratis/4417d833-4fb6-4fa2-9413-6911e2d50cc5/current/log_inprogress_6288 to /opt/src/hadoop-ozone/integration-test/target/test-dir/MiniOzoneClusterImpl-a1c7246e-c692-4524-ad55-32b507b20431/datanode-0/data/ratis/4417d833-4fb6-4fa2-9413-6911e2d50cc5/current/log_6288-6353
2019-06-12 16:05:08,635 INFO  storage.RaftLogWorker (RaftLogWorker.java:execute(469)) - ffc7b071-00b3-4a69-8de5-2639a1a8d8ac-RaftLogWorker: created new log segment /opt/src/hadoop-ozone/integration-test/target/test-dir/MiniOzoneClusterImpl-a1c7246e-c692-4524-ad55-32b507b20431/datanode-0/data/ratis/4417d833-4fb6-4fa2-9413-6911e2d50cc5/current/log_inprogress_6354
2019-06-12 16:05:08,636 INFO  client.GrpcClientProtocolClient (GrpcClientProtocolClient.java:onNext(254)) - client-7F7296B99608->ffc7b071-00b3-4a69-8de5-2639a1a8d8ac: receive RaftClientReply:client-7F7296B99608->ffc7b071-00b3-4a69-8de5-2639a1a8d8ac@group-6911E2D50CC5, cid=3825, SUCCESS, logIndex=6354, commits[ffc7b071-00b3-4a69-8de5-2639a1a8d8ac:c6354]
2019-06-12 16:05:08,637 INFO  client.GrpcClientProtocolClient (GrpcClientProtocolClient.java:onNext(254)) - client-7F7296B99608->ffc7b071-00b3-4a69-8de5-2639a1a8d8ac: receive RaftClientReply:client-7F7296B99608->ffc7b071-00b3-4a69-8de5-2639a1a8d8ac@group-6911E2D50CC5, cid=3826, SUCCESS, logIndex=6356, commits[ffc7b071-00b3-4a69-8de5-2639a1a8d8ac:c6356]
2019-06-12 16:05:08,639 INFO  client.GrpcClientProtocolClient (GrpcClientProtocolClient.java:onNext(254)) - client-7F7296B99608->ffc7b071-00b3-4a69-8de5-2639a1a8d8ac: receive RaftClientReply:client-7F7296B99608->ffc7b071-00b3-4a69-8de5-2639a1a8d8ac@group-6911E2D50CC5, cid=3827, SUCCESS, logIndex=6357, commits[ffc7b071-00b3-4a69-8de5-2639a1a8d8ac:c6359]
2019-06-12 16:05:08,639 INFO  client.GrpcClientProtocolClient (GrpcClientProtocolClient.java:onNext(254)) - client-7F7296B99608->ffc7b071-00b3-4a69-8de5-2639a1a8d8ac: receive RaftClientReply:client-7F7296B99608->ffc7b071-00b3-4a69-8de5-2639a1a8d8ac@group-6911E2D50CC5, cid=3828, SUCCESS, logIndex=6358, commits[ffc7b071-00b3-4a69-8de5-2639a1a8d8ac:c6359]
2019-06-12 16:05:08,644 INFO  client.GrpcClientProtocolClient (GrpcClientProtocolClient.java:onNext(254)) - client-7F7296B99608->ffc7b071-00b3-4a69-8de5-2639a1a8d8ac: receive RaftClientReply:client-7F7296B99608->ffc7b071-00b3-4a69-8de5-2639a1a8d8ac@group-6911E2D50CC5, cid=3829, SUCCESS, logIndex=6360, commits[ffc7b071-00b3-4a69-8de5-2639a1a8d8ac:c6360]
2019-06-12 16:05:08,645 INFO  client.GrpcClientProtocolClient (GrpcClientProtocolClient.java:onNext(254)) - client-7F7296B99608->ffc7b071-00b3-4a69-8de5-2639a1a8d8ac: receive RaftClientReply:client-7F7296B99608->ffc7b071-00b3-4a69-8de5-2639a1a8d8ac@group-6911E2D50CC5, cid=3830, SUCCESS, logIndex=6362, commits[ffc7b071-00b3-4a69-8de5-2639a1a8d8ac:c6362]
2019-06-12 16:05:08,646 INFO  client.GrpcClientProtocolClient (GrpcClientProtocolClient.java:onNext(254)) - client-7F7296B99608->ffc7b071-00b3-4a69-8de5-2639a1a8d8ac: receive RaftClientReply:client-7F7296B99608->ffc7b071-00b3-4a69-8de5-2639a1a8d8ac@group-6911E2D50CC5, cid=3831, SUCCESS, logIndex=6363, commits[ffc7b071-00b3-4a69-8de5-2639a1a8d8ac:c6365]
2019-06-12 16:05:08,646 INFO  client.GrpcClientProtocolClient (GrpcClientProtocolClient.java:onNext(254)) - client-7F7296B99608->ffc7b071-00b3-4a69-8de5-2639a1a8d8ac: receive RaftClientReply:client-7F7296B99608->ffc7b071-00b3-4a69-8de5-2639a1a8d8ac@group-6911E2D50CC5, cid=3832, SUCCESS, logIndex=6364, commits[ffc7b071-00b3-4a69-8de5-2639a1a8d8ac:c6365]
2019-06-12 16:05:08,658 DEBUG block.SCMBlockDeletingService (SCMBlockDeletingService.java:call(138)) - Running DeletedBlockTransactionScanner
2019-06-12 16:05:08,658 DEBUG block.SCMBlockDeletingService (SCMBlockDeletingService.java:call(155)) - Scanned deleted blocks log and got 0 delTX to process.
2019-06-12 16:05:08,660 INFO  client.GrpcClientProtocolClient (GrpcClientProtocolClient.java:onNext(254)) - client-7F7296B99608->ffc7b071-00b3-4a69-8de5-2639a1a8d8ac: receive RaftClientReply:client-7F7296B99608->ffc7b071-00b3-4a69-8de5-2639a1a8d8ac@group-6911E2D50CC5, cid=3833, SUCCESS, logIndex=6366, commits[ffc7b071-00b3-4a69-8de5-2639a1a8d8ac:c6366]
2019-06-12 16:05:08,662 INFO  client.GrpcClientProtocolClient (GrpcClientProtocolClient.java:onNext(254)) - client-7F7296B99608->ffc7b071-00b3-4a69-8de5-2639a1a8d8ac: receive RaftClientReply:client-7F7296B99608->ffc7b071-00b3-4a69-8de5-2639a1a8d8ac@group-6911E2D50CC5, cid=3834, SUCCESS, logIndex=6368, commits[ffc7b071-00b3-4a69-8de5-2639a1a8d8ac:c6368]
2019-06-12 16:05:08,662 INFO  client.GrpcClientProtocolClient (GrpcClientProtocolClient.java:onNext(254)) - client-7F7296B99608->ffc7b071-00b3-4a69-8de5-2639a1a8d8ac: receive RaftClientReply:client-7F7296B99608->ffc7b071-00b3-4a69-8de5-2639a1a8d8ac@group-6911E2D50CC5, cid=3835, SUCCESS, logIndex=6369, commits[ffc7b071-00b3-4a69-8de5-2639a1a8d8ac:c6371]
2019-06-12 16:05:08,663 INFO  client.GrpcClientProtocolClient (GrpcClientProtocolClient.java:onNext(254)) - client-7F7296B99608->ffc7b071-00b3-4a69-8de5-2639a1a8d8ac: receive RaftClientReply:client-7F7296B99608->ffc7b071-00b3-4a69-8de5-2639a1a8d8ac@group-6911E2D50CC5, cid=3836, SUCCESS, logIndex=6370, commits[ffc7b071-00b3-4a69-8de5-2639a1a8d8ac:c6371]
2019-06-12 16:05:08,668 INFO  client.GrpcClientProtocolClient (GrpcClientProtocolClient.java:onNext(254)) - client-7F7296B99608->ffc7b071-00b3-4a69-8de5-2639a1a8d8ac: receive RaftClientReply:client-7F7296B99608->ffc7b071-00b3-4a69-8de5-2639a1a8d8ac@group-6911E2D50CC5, cid=3837, SUCCESS, logIndex=6372, commits[ffc7b071-00b3-4a69-8de5-2639a1a8d8ac:c6372]
2019-06-12 16:05:08,670 INFO  client.GrpcClientProtocolClient (GrpcClientProtocolClient.java:onNext(254)) - client-7F7296B99608->ffc7b071-00b3-4a69-8de5-2639a1a8d8ac: receive RaftClientReply:client-7F7296B99608->ffc7b071-00b3-4a69-8de5-2639a1a8d8ac@group-6911E2D50CC5, cid=3838, SUCCESS, logIndex=6374, commits[ffc7b071-00b3-4a69-8de5-2639a1a8d8ac:c6374]
2019-06-12 16:05:08,671 INFO  client.GrpcClientProtocolClient (GrpcClientProtocolClient.java:onNext(254)) - client-7F7296B99608->ffc7b071-00b3-4a69-8de5-2639a1a8d8ac: receive RaftClientReply:client-7F7296B99608->ffc7b071-00b3-4a69-8de5-2639a1a8d8ac@group-6911E2D50CC5, cid=3839, SUCCESS, logIndex=6375, commits[ffc7b071-00b3-4a69-8de5-2639a1a8d8ac:c6376]
2019-06-12 16:05:08,671 INFO  client.GrpcClientProtocolClient (GrpcClientProtocolClient.java:onNext(254)) - client-7F7296B99608->ffc7b071-00b3-4a69-8de5-2639a1a8d8ac: receive RaftClientReply:client-7F7296B99608->ffc7b071-00b3-4a69-8de5-2639a1a8d8ac@group-6911E2D50CC5, cid=3840, SUCCESS, logIndex=6376, commits[ffc7b071-00b3-4a69-8de5-2639a1a8d8ac:c6376]
2019-06-12 16:05:08,682 INFO  client.GrpcClientProtocolClient (GrpcClientProtocolClient.java:onNext(254)) - client-7F7296B99608->ffc7b071-00b3-4a69-8de5-2639a1a8d8ac: receive RaftClientReply:client-7F7296B99608->ffc7b071-00b3-4a69-8de5-2639a1a8d8ac@group-6911E2D50CC5, cid=3841, SUCCESS, logIndex=6379, commits[ffc7b071-00b3-4a69-8de5-2639a1a8d8ac:c6379]
2019-06-12 16:05:08,683 INFO  client.GrpcClientProtocolClient (GrpcClientProtocolClient.java:onNext(254)) - client-7F7296B99608->ffc7b071-00b3-4a69-8de5-2639a1a8d8ac: receive RaftClientReply:client-7F7296B99608->ffc7b071-00b3-4a69-8de5-2639a1a8d8ac@group-6911E2D50CC5, cid=3842, SUCCESS, logIndex=6381, commits[ffc7b071-00b3-4a69-8de5-2639a1a8d8ac:c6381]
2019-06-12 16:05:08,685 INFO  client.GrpcClientProtocolClient (GrpcClientProtocolClient.java:onNext(254)) - client-7F7296B99608->ffc7b071-00b3-4a69-8de5-2639a1a8d8ac: receive RaftClientReply:client-7F7296B99608->ffc7b071-00b3-4a69-8de5-2639a1a8d8ac@group-6911E2D50CC5, cid=3843, SUCCESS, logIndex=6382, commits[ffc7b071-00b3-4a69-8de5-2639a1a8d8ac:c6384]
2019-06-12 16:05:08,685 INFO  client.GrpcClientProtocolClient (GrpcClientProtocolClient.java:onNext(254)) - client-7F7296B99608->ffc7b071-00b3-4a69-8de5-2639a1a8d8ac: receive RaftClientReply:client-7F7296B99608->ffc7b071-00b3-4a69-8de5-2639a1a8d8ac@group-6911E2D50CC5, cid=3844, SUCCESS, logIndex=6384, commits[ffc7b071-00b3-4a69-8de5-2639a1a8d8ac:c6384]
2019-06-12 16:05:08,695 INFO  client.GrpcClientProtocolClient (GrpcClientProtocolClient.java:onNext(254)) - client-7F7296B99608->ffc7b071-00b3-4a69-8de5-2639a1a8d8ac: receive RaftClientReply:client-7F7296B99608->ffc7b071-00b3-4a69-8de5-2639a1a8d8ac@group-6911E2D50CC5, cid=3845, SUCCESS, logIndex=6386, commits[ffc7b071-00b3-4a69-8de5-2639a1a8d8ac:c6386]
2019-06-12 16:05:08,701 INFO  client.GrpcClientProtocolClient (GrpcClientProtocolClient.java:onNext(254)) - client-7F7296B99608->ffc7b071-00b3-4a69-8de5-2639a1a8d8ac: receive RaftClientReply:client-7F7296B99608->ffc7b071-00b3-4a69-8de5-2639a1a8d8ac@group-6911E2D50CC5, cid=3846, SUCCESS, logIndex=6388, commits[ffc7b071-00b3-4a69-8de5-2639a1a8d8ac:c6388]
2019-06-12 16:05:08,758 DEBUG block.SCMBlockDeletingService (SCMBlockDeletingService.java:call(138)) - Running DeletedBlockTransactionScanner
2019-06-12 16:05:08,758 DEBUG block.SCMBlockDeletingService (SCMBlockDeletingService.java:call(155)) - Scanned deleted blocks log and got 0 delTX to process.
2019-06-12 16:05:08,759 INFO  client.GrpcClientProtocolClient (GrpcClientProtocolClient.java:onNext(254)) - client-7F7296B99608->ffc7b071-00b3-4a69-8de5-2639a1a8d8ac: receive RaftClientReply:client-7F7296B99608->ffc7b071-00b3-4a69-8de5-2639a1a8d8ac@group-6911E2D50CC5, cid=3847, SUCCESS, logIndex=6390, commits[ffc7b071-00b3-4a69-8de5-2639a1a8d8ac:c6390]
2019-06-12 16:05:08,759 INFO  client.GrpcClientProtocolClient (GrpcClientProtocolClient.java:onNext(254)) - client-7F7296B99608->ffc7b071-00b3-4a69-8de5-2639a1a8d8ac: receive RaftClientReply:client-7F7296B99608->ffc7b071-00b3-4a69-8de5-2639a1a8d8ac@group-6911E2D50CC5, cid=3848, SUCCESS, logIndex=6392, commits[ffc7b071-00b3-4a69-8de5-2639a1a8d8ac:c6392]
2019-06-12 16:05:08,770 INFO  client.GrpcClientProtocolClient (GrpcClientProtocolClient.java:onNext(254)) - client-7F7296B99608->ffc7b071-00b3-4a69-8de5-2639a1a8d8ac: receive RaftClientReply:client-7F7296B99608->ffc7b071-00b3-4a69-8de5-2639a1a8d8ac@group-6911E2D50CC5, cid=3849, SUCCESS, logIndex=6394, commits[ffc7b071-00b3-4a69-8de5-2639a1a8d8ac:c6394]
2019-06-12 16:05:08,771 INFO  client.GrpcClientProtocolClient (GrpcClientProtocolClient.java:onNext(254)) - client-7F7296B99608->ffc7b071-00b3-4a69-8de5-2639a1a8d8ac: receive RaftClientReply:client-7F7296B99608->ffc7b071-00b3-4a69-8de5-2639a1a8d8ac@group-6911E2D50CC5, cid=3850, SUCCESS, logIndex=6396, commits[ffc7b071-00b3-4a69-8de5-2639a1a8d8ac:c6396]
2019-06-12 16:05:08,772 INFO  client.GrpcClientProtocolClient (GrpcClientProtocolClient.java:onNext(254)) - client-7F7296B99608->ffc7b071-00b3-4a69-8de5-2639a1a8d8ac: receive RaftClientReply:client-7F7296B99608->ffc7b071-00b3-4a69-8de5-2639a1a8d8ac@group-6911E2D50CC5, cid=3851, SUCCESS, logIndex=6397, commits[ffc7b071-00b3-4a69-8de5-2639a1a8d8ac:c6399]
2019-06-12 16:05:08,773 INFO  client.GrpcClientProtocolClient (GrpcClientProtocolClient.java:onNext(254)) - client-7F7296B99608->ffc7b071-00b3-4a69-8de5-2639a1a8d8ac: receive RaftClientReply:client-7F7296B99608->ffc7b071-00b3-4a69-8de5-2639a1a8d8ac@group-6911E2D50CC5, cid=3852, SUCCESS, logIndex=6398, commits[ffc7b071-00b3-4a69-8de5-2639a1a8d8ac:c6399]
2019-06-12 16:05:08,778 INFO  client.GrpcClientProtocolClient (GrpcClientProtocolClient.java:onNext(254)) - client-7F7296B99608->ffc7b071-00b3-4a69-8de5-2639a1a8d8ac: receive RaftClientReply:client-7F7296B99608->ffc7b071-00b3-4a69-8de5-2639a1a8d8ac@group-6911E2D50CC5, cid=3853, SUCCESS, logIndex=6400, commits[ffc7b071-00b3-4a69-8de5-2639a1a8d8ac:c6400]
2019-06-12 16:05:08,779 INFO  client.GrpcClientProtocolClient (GrpcClientProtocolClient.java:onNext(254)) - client-7F7296B99608->ffc7b071-00b3-4a69-8de5-2639a1a8d8ac: receive RaftClientReply:client-7F7296B99608->ffc7b071-00b3-4a69-8de5-2639a1a8d8ac@group-6911E2D50CC5, cid=3854, SUCCESS, logIndex=6402, commits[ffc7b071-00b3-4a69-8de5-2639a1a8d8ac:c6402]
2019-06-12 16:05:08,780 INFO  client.GrpcClientProtocolClient (GrpcClientProtocolClient.java:onNext(254)) - client-7F7296B99608->ffc7b071-00b3-4a69-8de5-2639a1a8d8ac: receive RaftClientReply:client-7F7296B99608->ffc7b071-00b3-4a69-8de5-2639a1a8d8ac@group-6911E2D50CC5, cid=3855, SUCCESS, logIndex=6403, commits[ffc7b071-00b3-4a69-8de5-2639a1a8d8ac:c6403]
2019-06-12 16:05:08,780 INFO  client.GrpcClientProtocolClient (GrpcClientProtocolClient.java:onNext(254)) - client-7F7296B99608->ffc7b071-00b3-4a69-8de5-2639a1a8d8ac: receive RaftClientReply:client-7F7296B99608->ffc7b071-00b3-4a69-8de5-2639a1a8d8ac@group-6911E2D50CC5, cid=3856, SUCCESS, logIndex=6405, commits[ffc7b071-00b3-4a69-8de5-2639a1a8d8ac:c6405]
2019-06-12 16:05:08,790 INFO  client.GrpcClientProtocolClient (GrpcClientProtocolClient.java:onNext(254)) - client-7F7296B99608->ffc7b071-00b3-4a69-8de5-2639a1a8d8ac: receive RaftClientReply:client-7F7296B99608->ffc7b071-00b3-4a69-8de5-2639a1a8d8ac@group-6911E2D50CC5, cid=3857, SUCCESS, logIndex=6408, commits[ffc7b071-00b3-4a69-8de5-2639a1a8d8ac:c6408]
2019-06-12 16:05:08,791 INFO  client.GrpcClientProtocolClient (GrpcClientProtocolClient.java:onNext(254)) - client-7F7296B99608->ffc7b071-00b3-4a69-8de5-2639a1a8d8ac: receive RaftClientReply:client-7F7296B99608->ffc7b071-00b3-4a69-8de5-2639a1a8d8ac@group-6911E2D50CC5, cid=3858, SUCCESS, logIndex=6410, commits[ffc7b071-00b3-4a69-8de5-2639a1a8d8ac:c6410]
2019-06-12 16:05:08,792 INFO  client.GrpcClientProtocolClient (GrpcClientProtocolClient.java:onNext(254)) - client-7F7296B99608->ffc7b071-00b3-4a69-8de5-2639a1a8d8ac: receive RaftClientReply:client-7F7296B99608->ffc7b071-00b3-4a69-8de5-2639a1a8d8ac@group-6911E2D50CC5, cid=3859, SUCCESS, logIndex=6411, commits[ffc7b071-00b3-4a69-8de5-2639a1a8d8ac:c6413]
2019-06-12 16:05:08,792 INFO  client.GrpcClientProtocolClient (GrpcClientProtocolClient.java:onNext(254)) - client-7F7296B99608->ffc7b071-00b3-4a69-8de5-2639a1a8d8ac: receive RaftClientReply:client-7F7296B99608->ffc7b071-00b3-4a69-8de5-2639a1a8d8ac@group-6911E2D50CC5, cid=3860, SUCCESS, logIndex=6412, commits[ffc7b071-00b3-4a69-8de5-2639a1a8d8ac:c6413]
2019-06-12 16:05:08,797 INFO  client.GrpcClientProtocolClient (GrpcClientProtocolClient.java:onNext(254)) - client-7F7296B99608->ffc7b071-00b3-4a69-8de5-2639a1a8d8ac: receive RaftClientReply:client-7F7296B99608->ffc7b071-00b3-4a69-8de5-2639a1a8d8ac@group-6911E2D50CC5, cid=3861, SUCCESS, logIndex=6414, commits[ffc7b071-00b3-4a69-8de5-2639a1a8d8ac:c6414]
2019-06-12 16:05:08,799 INFO  client.GrpcClientProtocolClient (GrpcClientProtocolClient.java:onNext(254)) - client-7F7296B99608->ffc7b071-00b3-4a69-8de5-2639a1a8d8ac: receive RaftClientReply:client-7F7296B99608->ffc7b071-00b3-4a69-8de5-2639a1a8d8ac@group-6911E2D50CC5, cid=3862, SUCCESS, logIndex=6416, commits[ffc7b071-00b3-4a69-8de5-2639a1a8d8ac:c6416]
2019-06-12 16:05:08,800 INFO  client.GrpcClientProtocolClient (GrpcClientProtocolClient.java:onNext(254)) - client-7F7296B99608->ffc7b071-00b3-4a69-8de5-2639a1a8d8ac: receive RaftClientReply:client-7F7296B99608->ffc7b071-00b3-4a69-8de5-2639a1a8d8ac@group-6911E2D50CC5, cid=3863, SUCCESS, logIndex=6417, commits[ffc7b071-00b3-4a69-8de5-2639a1a8d8ac:c6419]
2019-06-12 16:05:08,800 INFO  client.GrpcClientProtocolClient (GrpcClientProtocolClient.java:onNext(254)) - client-7F7296B99608->ffc7b071-00b3-4a69-8de5-2639a1a8d8ac: receive RaftClientReply:client-7F7296B99608->ffc7b071-00b3-4a69-8de5-2639a1a8d8ac@group-6911E2D50CC5, cid=3864, SUCCESS, logIndex=6418, commits[ffc7b071-00b3-4a69-8de5-2639a1a8d8ac:c6419]
2019-06-12 16:05:08,810 INFO  client.GrpcClientProtocolClient (GrpcClientProtocolClient.java:onNext(254)) - client-7F7296B99608->ffc7b071-00b3-4a69-8de5-2639a1a8d8ac: receive RaftClientReply:client-7F7296B99608->ffc7b071-00b3-4a69-8de5-2639a1a8d8ac@group-6911E2D50CC5, cid=3865, SUCCESS, logIndex=6420, commits[ffc7b071-00b3-4a69-8de5-2639a1a8d8ac:c6420]
2019-06-12 16:05:08,812 INFO  client.GrpcClientProtocolClient (GrpcClientProtocolClient.java:onNext(254)) - client-7F7296B99608->ffc7b071-00b3-4a69-8de5-2639a1a8d8ac: receive RaftClientReply:client-7F7296B99608->ffc7b071-00b3-4a69-8de5-2639a1a8d8ac@group-6911E2D50CC5, cid=3866, SUCCESS, logIndex=6422, commits[ffc7b071-00b3-4a69-8de5-2639a1a8d8ac:c6422]
2019-06-12 16:05:08,812 INFO  client.GrpcClientProtocolClient (GrpcClientProtocolClient.java:onNext(254)) - client-7F7296B99608->ffc7b071-00b3-4a69-8de5-2639a1a8d8ac: receive RaftClientReply:client-7F7296B99608->ffc7b071-00b3-4a69-8de5-2639a1a8d8ac@group-6911E2D50CC5, cid=3867, SUCCESS, logIndex=6423, commits[ffc7b071-00b3-4a69-8de5-2639a1a8d8ac:c6423]
2019-06-12 16:05:08,813 INFO  client.GrpcClientProtocolClient (GrpcClientProtocolClient.java:onNext(254)) - client-7F7296B99608->ffc7b071-00b3-4a69-8de5-2639a1a8d8ac: receive RaftClientReply:client-7F7296B99608->ffc7b071-00b3-4a69-8de5-2639a1a8d8ac@group-6911E2D50CC5, cid=3868, SUCCESS, logIndex=6425, commits[ffc7b071-00b3-4a69-8de5-2639a1a8d8ac:c6425]
2019-06-12 16:05:08,815 INFO  storage.RaftLogWorker (RaftLogWorker.java:rollLogSegment(303)) - ffc7b071-00b3-4a69-8de5-2639a1a8d8ac-RaftLogWorker: Rolling segment log-6354_6427 to index:6427
2019-06-12 16:05:08,816 INFO  storage.RaftLogWorker (RaftLogWorker.java:execute(433)) - ffc7b071-00b3-4a69-8de5-2639a1a8d8ac-RaftLogWorker: Rolled log segment from /opt/src/hadoop-ozone/integration-test/target/test-dir/MiniOzoneClusterImpl-a1c7246e-c692-4524-ad55-32b507b20431/datanode-0/data/ratis/4417d833-4fb6-4fa2-9413-6911e2d50cc5/current/log_inprogress_6354 to /opt/src/hadoop-ozone/integration-test/target/test-dir/MiniOzoneClusterImpl-a1c7246e-c692-4524-ad55-32b507b20431/datanode-0/data/ratis/4417d833-4fb6-4fa2-9413-6911e2d50cc5/current/log_6354-6427
2019-06-12 16:05:08,859 DEBUG block.SCMBlockDeletingService (SCMBlockDeletingService.java:call(138)) - Running DeletedBlockTransactionScanner
2019-06-12 16:05:08,859 DEBUG block.SCMBlockDeletingService (SCMBlockDeletingService.java:call(155)) - Scanned deleted blocks log and got 0 delTX to process.
2019-06-12 16:05:08,859 INFO  storage.RaftLogWorker (RaftLogWorker.java:execute(469)) - ffc7b071-00b3-4a69-8de5-2639a1a8d8ac-RaftLogWorker: created new log segment /opt/src/hadoop-ozone/integration-test/target/test-dir/MiniOzoneClusterImpl-a1c7246e-c692-4524-ad55-32b507b20431/datanode-0/data/ratis/4417d833-4fb6-4fa2-9413-6911e2d50cc5/current/log_inprogress_6428
2019-06-12 16:05:08,860 INFO  client.GrpcClientProtocolClient (GrpcClientProtocolClient.java:onNext(254)) - client-7F7296B99608->ffc7b071-00b3-4a69-8de5-2639a1a8d8ac: receive RaftClientReply:client-7F7296B99608->ffc7b071-00b3-4a69-8de5-2639a1a8d8ac@group-6911E2D50CC5, cid=3869, SUCCESS, logIndex=6428, commits[ffc7b071-00b3-4a69-8de5-2639a1a8d8ac:c6428]
2019-06-12 16:05:08,863 INFO  client.GrpcClientProtocolClient (GrpcClientProtocolClient.java:onNext(254)) - client-7F7296B99608->ffc7b071-00b3-4a69-8de5-2639a1a8d8ac: receive RaftClientReply:client-7F7296B99608->ffc7b071-00b3-4a69-8de5-2639a1a8d8ac@group-6911E2D50CC5, cid=3870, SUCCESS, logIndex=6430, commits[ffc7b071-00b3-4a69-8de5-2639a1a8d8ac:c6432]
2019-06-12 16:05:08,863 INFO  client.GrpcClientProtocolClient (GrpcClientProtocolClient.java:onNext(254)) - client-7F7296B99608->ffc7b071-00b3-4a69-8de5-2639a1a8d8ac: receive RaftClientReply:client-7F7296B99608->ffc7b071-00b3-4a69-8de5-2639a1a8d8ac@group-6911E2D50CC5, cid=3871, SUCCESS, logIndex=6431, commits[ffc7b071-00b3-4a69-8de5-2639a1a8d8ac:c6432]
2019-06-12 16:05:08,863 INFO  client.GrpcClientProtocolClient (GrpcClientProtocolClient.java:onNext(254)) - client-7F7296B99608->ffc7b071-00b3-4a69-8de5-2639a1a8d8ac: receive RaftClientReply:client-7F7296B99608->ffc7b071-00b3-4a69-8de5-2639a1a8d8ac@group-6911E2D50CC5, cid=3872, SUCCESS, logIndex=6432, commits[ffc7b071-00b3-4a69-8de5-2639a1a8d8ac:c6433]
2019-06-12 16:05:08,876 INFO  client.GrpcClientProtocolClient (GrpcClientProtocolClient.java:onNext(254)) - client-7F7296B99608->ffc7b071-00b3-4a69-8de5-2639a1a8d8ac: receive RaftClientReply:client-7F7296B99608->ffc7b071-00b3-4a69-8de5-2639a1a8d8ac@group-6911E2D50CC5, cid=3873, SUCCESS, logIndex=6434, commits[ffc7b071-00b3-4a69-8de5-2639a1a8d8ac:c6434]
2019-06-12 16:05:08,878 INFO  client.GrpcClientProtocolClient (GrpcClientProtocolClient.java:onNext(254)) - client-7F7296B99608->ffc7b071-00b3-4a69-8de5-2639a1a8d8ac: receive RaftClientReply:client-7F7296B99608->ffc7b071-00b3-4a69-8de5-2639a1a8d8ac@group-6911E2D50CC5, cid=3874, SUCCESS, logIndex=6436, commits[ffc7b071-00b3-4a69-8de5-2639a1a8d8ac:c6438]
2019-06-12 16:05:08,878 INFO  client.GrpcClientProtocolClient (GrpcClientProtocolClient.java:onNext(254)) - client-7F7296B99608->ffc7b071-00b3-4a69-8de5-2639a1a8d8ac: receive RaftClientReply:client-7F7296B99608->ffc7b071-00b3-4a69-8de5-2639a1a8d8ac@group-6911E2D50CC5, cid=3875, SUCCESS, logIndex=6437, commits[ffc7b071-00b3-4a69-8de5-2639a1a8d8ac:c6438]
2019-06-12 16:05:08,879 INFO  client.GrpcClientProtocolClient (GrpcClientProtocolClient.java:onNext(254)) - client-7F7296B99608->ffc7b071-00b3-4a69-8de5-2639a1a8d8ac: receive RaftClientReply:client-7F7296B99608->ffc7b071-00b3-4a69-8de5-2639a1a8d8ac@group-6911E2D50CC5, cid=3876, SUCCESS, logIndex=6438, commits[ffc7b071-00b3-4a69-8de5-2639a1a8d8ac:c6438]
2019-06-12 16:05:08,926 INFO  client.GrpcClientProtocolClient (GrpcClientProtocolClient.java:onNext(254)) - client-7F7296B99608->ffc7b071-00b3-4a69-8de5-2639a1a8d8ac: receive RaftClientReply:client-7F7296B99608->ffc7b071-00b3-4a69-8de5-2639a1a8d8ac@group-6911E2D50CC5, cid=3877, SUCCESS, logIndex=6440, commits[ffc7b071-00b3-4a69-8de5-2639a1a8d8ac:c6440]
2019-06-12 16:05:08,928 INFO  client.GrpcClientProtocolClient (GrpcClientProtocolClient.java:onNext(254)) - client-7F7296B99608->ffc7b071-00b3-4a69-8de5-2639a1a8d8ac: receive RaftClientReply:client-7F7296B99608->ffc7b071-00b3-4a69-8de5-2639a1a8d8ac@group-6911E2D50CC5, cid=3878, SUCCESS, logIndex=6442, commits[ffc7b071-00b3-4a69-8de5-2639a1a8d8ac:c6442]
2019-06-12 16:05:08,931 INFO  client.GrpcClientProtocolClient (GrpcClientProtocolClient.java:onNext(254)) - client-7F7296B99608->ffc7b071-00b3-4a69-8de5-2639a1a8d8ac: receive RaftClientReply:client-7F7296B99608->ffc7b071-00b3-4a69-8de5-2639a1a8d8ac@group-6911E2D50CC5, cid=3879, SUCCESS, logIndex=6444, commits[ffc7b071-00b3-4a69-8de5-2639a1a8d8ac:c6445]
2019-06-12 16:05:08,931 INFO  client.GrpcClientProtocolClient (GrpcClientProtocolClient.java:onNext(254)) - client-7F7296B99608->ffc7b071-00b3-4a69-8de5-2639a1a8d8ac: receive RaftClientReply:client-7F7296B99608->ffc7b071-00b3-4a69-8de5-2639a1a8d8ac@group-6911E2D50CC5, cid=3880, SUCCESS, logIndex=6445, commits[ffc7b071-00b3-4a69-8de5-2639a1a8d8ac:c6446]
2019-06-12 16:05:08,941 INFO  client.GrpcClientProtocolClient (GrpcClientProtocolClient.java:onNext(254)) - client-7F7296B99608->ffc7b071-00b3-4a69-8de5-2639a1a8d8ac: receive RaftClientReply:client-7F7296B99608->ffc7b071-00b3-4a69-8de5-2639a1a8d8ac@group-6911E2D50CC5, cid=3881, SUCCESS, logIndex=6447, commits[ffc7b071-00b3-4a69-8de5-2639a1a8d8ac:c6447]
2019-06-12 16:05:08,942 INFO  client.GrpcClientProtocolClient (GrpcClientProtocolClient.java:onNext(254)) - client-7F7296B99608->ffc7b071-00b3-4a69-8de5-2639a1a8d8ac: receive RaftClientReply:client-7F7296B99608->ffc7b071-00b3-4a69-8de5-2639a1a8d8ac@group-6911E2D50CC5, cid=3882, SUCCESS, logIndex=6449, commits[ffc7b071-00b3-4a69-8de5-2639a1a8d8ac:c6449]
2019-06-12 16:05:08,944 INFO  client.GrpcClientProtocolClient (GrpcClientProtocolClient.java:onNext(254)) - client-7F7296B99608->ffc7b071-00b3-4a69-8de5-2639a1a8d8ac: receive RaftClientReply:client-7F7296B99608->ffc7b071-00b3-4a69-8de5-2639a1a8d8ac@group-6911E2D50CC5, cid=3883, SUCCESS, logIndex=6450, commits[ffc7b071-00b3-4a69-8de5-2639a1a8d8ac:c6452]
2019-06-12 16:05:08,944 INFO  client.GrpcClientProtocolClient (GrpcClientProtocolClient.java:onNext(254)) - client-7F7296B99608->ffc7b071-00b3-4a69-8de5-2639a1a8d8ac: receive RaftClientReply:client-7F7296B99608->ffc7b071-00b3-4a69-8de5-2639a1a8d8ac@group-6911E2D50CC5, cid=3884, SUCCESS, logIndex=6451, commits[ffc7b071-00b3-4a69-8de5-2639a1a8d8ac:c6452]
2019-06-12 16:05:08,949 INFO  client.GrpcClientProtocolClient (GrpcClientProtocolClient.java:onNext(254)) - client-7F7296B99608->ffc7b071-00b3-4a69-8de5-2639a1a8d8ac: receive RaftClientReply:client-7F7296B99608->ffc7b071-00b3-4a69-8de5-2639a1a8d8ac@group-6911E2D50CC5, cid=3885, SUCCESS, logIndex=6453, commits[ffc7b071-00b3-4a69-8de5-2639a1a8d8ac:c6453]
2019-06-12 16:05:08,951 INFO  client.GrpcClientProtocolClient (GrpcClientProtocolClient.java:onNext(254)) - client-7F7296B99608->ffc7b071-00b3-4a69-8de5-2639a1a8d8ac: receive RaftClientReply:client-7F7296B99608->ffc7b071-00b3-4a69-8de5-2639a1a8d8ac@group-6911E2D50CC5, cid=3886, SUCCESS, logIndex=6455, commits[ffc7b071-00b3-4a69-8de5-2639a1a8d8ac:c6455]
2019-06-12 16:05:08,952 INFO  client.GrpcClientProtocolClient (GrpcClientProtocolClient.java:onNext(254)) - client-7F7296B99608->ffc7b071-00b3-4a69-8de5-2639a1a8d8ac: receive RaftClientReply:client-7F7296B99608->ffc7b071-00b3-4a69-8de5-2639a1a8d8ac@group-6911E2D50CC5, cid=3887, SUCCESS, logIndex=6456, commits[ffc7b071-00b3-4a69-8de5-2639a1a8d8ac:c6457]
2019-06-12 16:05:08,952 INFO  client.GrpcClientProtocolClient (GrpcClientProtocolClient.java:onNext(254)) - client-7F7296B99608->ffc7b071-00b3-4a69-8de5-2639a1a8d8ac: receive RaftClientReply:client-7F7296B99608->ffc7b071-00b3-4a69-8de5-2639a1a8d8ac@group-6911E2D50CC5, cid=3888, SUCCESS, logIndex=6457, commits[ffc7b071-00b3-4a69-8de5-2639a1a8d8ac:c6457]
2019-06-12 16:05:08,959 DEBUG block.SCMBlockDeletingService (SCMBlockDeletingService.java:call(138)) - Running DeletedBlockTransactionScanner
2019-06-12 16:05:08,959 DEBUG block.SCMBlockDeletingService (SCMBlockDeletingService.java:call(155)) - Scanned deleted blocks log and got 0 delTX to process.
2019-06-12 16:05:08,964 INFO  client.GrpcClientProtocolClient (GrpcClientProtocolClient.java:onNext(254)) - client-7F7296B99608->ffc7b071-00b3-4a69-8de5-2639a1a8d8ac: receive RaftClientReply:client-7F7296B99608->ffc7b071-00b3-4a69-8de5-2639a1a8d8ac@group-6911E2D50CC5, cid=3889, SUCCESS, logIndex=6460, commits[ffc7b071-00b3-4a69-8de5-2639a1a8d8ac:c6460]
2019-06-12 16:05:08,965 INFO  client.GrpcClientProtocolClient (GrpcClientProtocolClient.java:onNext(254)) - client-7F7296B99608->ffc7b071-00b3-4a69-8de5-2639a1a8d8ac: receive RaftClientReply:client-7F7296B99608->ffc7b071-00b3-4a69-8de5-2639a1a8d8ac@group-6911E2D50CC5, cid=3890, SUCCESS, logIndex=6462, commits[ffc7b071-00b3-4a69-8de5-2639a1a8d8ac:c6462]
2019-06-12 16:05:09,036 INFO  client.GrpcClientProtocolClient (GrpcClientProtocolClient.java:onNext(254)) - client-7F7296B99608->ffc7b071-00b3-4a69-8de5-2639a1a8d8ac: receive RaftClientReply:client-7F7296B99608->ffc7b071-00b3-4a69-8de5-2639a1a8d8ac@group-6911E2D50CC5, cid=3891, SUCCESS, logIndex=6464, commits[ffc7b071-00b3-4a69-8de5-2639a1a8d8ac:c6464]
2019-06-12 16:05:09,037 INFO  client.GrpcClientProtocolClient (GrpcClientProtocolClient.java:onNext(254)) - client-7F7296B99608->ffc7b071-00b3-4a69-8de5-2639a1a8d8ac: receive RaftClientReply:client-7F7296B99608->ffc7b071-00b3-4a69-8de5-2639a1a8d8ac@group-6911E2D50CC5, cid=3892, SUCCESS, logIndex=6466, commits[ffc7b071-00b3-4a69-8de5-2639a1a8d8ac:c6466]
2019-06-12 16:05:09,046 INFO  client.GrpcClientProtocolClient (GrpcClientProtocolClient.java:onNext(254)) - client-7F7296B99608->ffc7b071-00b3-4a69-8de5-2639a1a8d8ac: receive RaftClientReply:client-7F7296B99608->ffc7b071-00b3-4a69-8de5-2639a1a8d8ac@group-6911E2D50CC5, cid=3893, SUCCESS, logIndex=6468, commits[ffc7b071-00b3-4a69-8de5-2639a1a8d8ac:c6469]
2019-06-12 16:05:09,047 INFO  client.GrpcClientProtocolClient (GrpcClientProtocolClient.java:onNext(254)) - client-7F7296B99608->ffc7b071-00b3-4a69-8de5-2639a1a8d8ac: receive RaftClientReply:client-7F7296B99608->ffc7b071-00b3-4a69-8de5-2639a1a8d8ac@group-6911E2D50CC5, cid=3894, SUCCESS, logIndex=6470, commits[ffc7b071-00b3-4a69-8de5-2639a1a8d8ac:c6470]
2019-06-12 16:05:09,048 INFO  client.GrpcClientProtocolClient (GrpcClientProtocolClient.java:onNext(254)) - client-7F7296B99608->ffc7b071-00b3-4a69-8de5-2639a1a8d8ac: receive RaftClientReply:client-7F7296B99608->ffc7b071-00b3-4a69-8de5-2639a1a8d8ac@group-6911E2D50CC5, cid=3895, SUCCESS, logIndex=6471, commits[ffc7b071-00b3-4a69-8de5-2639a1a8d8ac:c6473]
2019-06-12 16:05:09,049 INFO  client.GrpcClientProtocolClient (GrpcClientProtocolClient.java:onNext(254)) - client-7F7296B99608->ffc7b071-00b3-4a69-8de5-2639a1a8d8ac: receive RaftClientReply:client-7F7296B99608->ffc7b071-00b3-4a69-8de5-2639a1a8d8ac@group-6911E2D50CC5, cid=3896, SUCCESS, logIndex=6472, commits[ffc7b071-00b3-4a69-8de5-2639a1a8d8ac:c6473]
2019-06-12 16:05:09,060 DEBUG block.SCMBlockDeletingService (SCMBlockDeletingService.java:call(138)) - Running DeletedBlockTransactionScanner
2019-06-12 16:05:09,060 DEBUG block.SCMBlockDeletingService (SCMBlockDeletingService.java:call(155)) - Scanned deleted blocks log and got 0 delTX to process.
2019-06-12 16:05:09,062 INFO  client.GrpcClientProtocolClient (GrpcClientProtocolClient.java:onNext(254)) - client-7F7296B99608->ffc7b071-00b3-4a69-8de5-2639a1a8d8ac: receive RaftClientReply:client-7F7296B99608->ffc7b071-00b3-4a69-8de5-2639a1a8d8ac@group-6911E2D50CC5, cid=3897, SUCCESS, logIndex=6474, commits[ffc7b071-00b3-4a69-8de5-2639a1a8d8ac:c6474]
2019-06-12 16:05:09,064 INFO  client.GrpcClientProtocolClient (GrpcClientProtocolClient.java:onNext(254)) - client-7F7296B99608->ffc7b071-00b3-4a69-8de5-2639a1a8d8ac: receive RaftClientReply:client-7F7296B99608->ffc7b071-00b3-4a69-8de5-2639a1a8d8ac@group-6911E2D50CC5, cid=3898, SUCCESS, logIndex=6476, commits[ffc7b071-00b3-4a69-8de5-2639a1a8d8ac:c6476]
2019-06-12 16:05:09,065 INFO  client.GrpcClientProtocolClient (GrpcClientProtocolClient.java:onNext(254)) - client-7F7296B99608->ffc7b071-00b3-4a69-8de5-2639a1a8d8ac: receive RaftClientReply:client-7F7296B99608->ffc7b071-00b3-4a69-8de5-2639a1a8d8ac@group-6911E2D50CC5, cid=3899, SUCCESS, logIndex=6477, commits[ffc7b071-00b3-4a69-8de5-2639a1a8d8ac:c6479]
2019-06-12 16:05:09,066 INFO  client.GrpcClientProtocolClient (GrpcClientProtocolClient.java:onNext(254)) - client-7F7296B99608->ffc7b071-00b3-4a69-8de5-2639a1a8d8ac: receive RaftClientReply:client-7F7296B99608->ffc7b071-00b3-4a69-8de5-2639a1a8d8ac@group-6911E2D50CC5, cid=3900, SUCCESS, logIndex=6478, commits[ffc7b071-00b3-4a69-8de5-2639a1a8d8ac:c6479]
2019-06-12 16:05:09,072 INFO  client.GrpcClientProtocolClient (GrpcClientProtocolClient.java:onNext(254)) - client-7F7296B99608->ffc7b071-00b3-4a69-8de5-2639a1a8d8ac: receive RaftClientReply:client-7F7296B99608->ffc7b071-00b3-4a69-8de5-2639a1a8d8ac@group-6911E2D50CC5, cid=3901, SUCCESS, logIndex=6480, commits[ffc7b071-00b3-4a69-8de5-2639a1a8d8ac:c6480]
2019-06-12 16:05:09,074 INFO  client.GrpcClientProtocolClient (GrpcClientProtocolClient.java:onNext(254)) - client-7F7296B99608->ffc7b071-00b3-4a69-8de5-2639a1a8d8ac: receive RaftClientReply:client-7F7296B99608->ffc7b071-00b3-4a69-8de5-2639a1a8d8ac@group-6911E2D50CC5, cid=3902, SUCCESS, logIndex=6482, commits[ffc7b071-00b3-4a69-8de5-2639a1a8d8ac:c6482]
2019-06-12 16:05:09,076 INFO  client.GrpcClientProtocolClient (GrpcClientProtocolClient.java:onNext(254)) - client-7F7296B99608->ffc7b071-00b3-4a69-8de5-2639a1a8d8ac: receive RaftClientReply:client-7F7296B99608->ffc7b071-00b3-4a69-8de5-2639a1a8d8ac@group-6911E2D50CC5, cid=3903, SUCCESS, logIndex=6484, commits[ffc7b071-00b3-4a69-8de5-2639a1a8d8ac:c6485]
2019-06-12 16:05:09,076 INFO  client.GrpcClientProtocolClient (GrpcClientProtocolClient.java:onNext(254)) - client-7F7296B99608->ffc7b071-00b3-4a69-8de5-2639a1a8d8ac: receive RaftClientReply:client-7F7296B99608->ffc7b071-00b3-4a69-8de5-2639a1a8d8ac@group-6911E2D50CC5, cid=3904, SUCCESS, logIndex=6485, commits[ffc7b071-00b3-4a69-8de5-2639a1a8d8ac:c6485]
2019-06-12 16:05:09,089 INFO  client.GrpcClientProtocolClient (GrpcClientProtocolClient.java:onNext(254)) - client-7F7296B99608->ffc7b071-00b3-4a69-8de5-2639a1a8d8ac: receive RaftClientReply:client-7F7296B99608->ffc7b071-00b3-4a69-8de5-2639a1a8d8ac@group-6911E2D50CC5, cid=3905, SUCCESS, logIndex=6487, commits[ffc7b071-00b3-4a69-8de5-2639a1a8d8ac:c6487]
2019-06-12 16:05:09,090 INFO  client.GrpcClientProtocolClient (GrpcClientProtocolClient.java:onNext(254)) - client-7F7296B99608->ffc7b071-00b3-4a69-8de5-2639a1a8d8ac: receive RaftClientReply:client-7F7296B99608->ffc7b071-00b3-4a69-8de5-2639a1a8d8ac@group-6911E2D50CC5, cid=3906, SUCCESS, logIndex=6489, commits[ffc7b071-00b3-4a69-8de5-2639a1a8d8ac:c6489]
2019-06-12 16:05:09,093 INFO  client.GrpcClientProtocolClient (GrpcClientProtocolClient.java:onNext(254)) - client-7F7296B99608->ffc7b071-00b3-4a69-8de5-2639a1a8d8ac: receive RaftClientReply:client-7F7296B99608->ffc7b071-00b3-4a69-8de5-2639a1a8d8ac@group-6911E2D50CC5, cid=3907, SUCCESS, logIndex=6491, commits[ffc7b071-00b3-4a69-8de5-2639a1a8d8ac:c6492]
2019-06-12 16:05:09,093 INFO  client.GrpcClientProtocolClient (GrpcClientProtocolClient.java:onNext(254)) - client-7F7296B99608->ffc7b071-00b3-4a69-8de5-2639a1a8d8ac: receive RaftClientReply:client-7F7296B99608->ffc7b071-00b3-4a69-8de5-2639a1a8d8ac@group-6911E2D50CC5, cid=3908, SUCCESS, logIndex=6492, commits[ffc7b071-00b3-4a69-8de5-2639a1a8d8ac:c6492]
2019-06-12 16:05:09,099 INFO  client.GrpcClientProtocolClient (GrpcClientProtocolClient.java:onNext(254)) - client-7F7296B99608->ffc7b071-00b3-4a69-8de5-2639a1a8d8ac: receive RaftClientReply:client-7F7296B99608->ffc7b071-00b3-4a69-8de5-2639a1a8d8ac@group-6911E2D50CC5, cid=3909, SUCCESS, logIndex=6494, commits[ffc7b071-00b3-4a69-8de5-2639a1a8d8ac:c6494]
2019-06-12 16:05:09,100 INFO  client.GrpcClientProtocolClient (GrpcClientProtocolClient.java:onNext(254)) - client-7F7296B99608->ffc7b071-00b3-4a69-8de5-2639a1a8d8ac: receive RaftClientReply:client-7F7296B99608->ffc7b071-00b3-4a69-8de5-2639a1a8d8ac@group-6911E2D50CC5, cid=3910, SUCCESS, logIndex=6496, commits[ffc7b071-00b3-4a69-8de5-2639a1a8d8ac:c6496]
2019-06-12 16:05:09,102 INFO  storage.RaftLogWorker (RaftLogWorker.java:rollLogSegment(303)) - ffc7b071-00b3-4a69-8de5-2639a1a8d8ac-RaftLogWorker: Rolling segment log-6428_6498 to index:6498
2019-06-12 16:05:09,102 INFO  storage.RaftLogWorker (RaftLogWorker.java:execute(433)) - ffc7b071-00b3-4a69-8de5-2639a1a8d8ac-RaftLogWorker: Rolled log segment from /opt/src/hadoop-ozone/integration-test/target/test-dir/MiniOzoneClusterImpl-a1c7246e-c692-4524-ad55-32b507b20431/datanode-0/data/ratis/4417d833-4fb6-4fa2-9413-6911e2d50cc5/current/log_inprogress_6428 to /opt/src/hadoop-ozone/integration-test/target/test-dir/MiniOzoneClusterImpl-a1c7246e-c692-4524-ad55-32b507b20431/datanode-0/data/ratis/4417d833-4fb6-4fa2-9413-6911e2d50cc5/current/log_6428-6498
2019-06-12 16:05:09,107 INFO  client.GrpcClientProtocolClient (GrpcClientProtocolClient.java:onNext(254)) - client-7F7296B99608->ffc7b071-00b3-4a69-8de5-2639a1a8d8ac: receive RaftClientReply:client-7F7296B99608->ffc7b071-00b3-4a69-8de5-2639a1a8d8ac@group-6911E2D50CC5, cid=3911, SUCCESS, logIndex=6498, commits[ffc7b071-00b3-4a69-8de5-2639a1a8d8ac:c6498]
2019-06-12 16:05:09,147 INFO  storage.RaftLogWorker (RaftLogWorker.java:execute(469)) - ffc7b071-00b3-4a69-8de5-2639a1a8d8ac-RaftLogWorker: created new log segment /opt/src/hadoop-ozone/integration-test/target/test-dir/MiniOzoneClusterImpl-a1c7246e-c692-4524-ad55-32b507b20431/datanode-0/data/ratis/4417d833-4fb6-4fa2-9413-6911e2d50cc5/current/log_inprogress_6499
2019-06-12 16:05:09,148 INFO  client.GrpcClientProtocolClient (GrpcClientProtocolClient.java:onNext(254)) - client-7F7296B99608->ffc7b071-00b3-4a69-8de5-2639a1a8d8ac: receive RaftClientReply:client-7F7296B99608->ffc7b071-00b3-4a69-8de5-2639a1a8d8ac@group-6911E2D50CC5, cid=3912, SUCCESS, logIndex=6499, commits[ffc7b071-00b3-4a69-8de5-2639a1a8d8ac:c6500]
2019-06-12 16:05:09,161 DEBUG block.SCMBlockDeletingService (SCMBlockDeletingService.java:call(138)) - Running DeletedBlockTransactionScanner
2019-06-12 16:05:09,161 DEBUG block.SCMBlockDeletingService (SCMBlockDeletingService.java:call(155)) - Scanned deleted blocks log and got 0 delTX to process.
2019-06-12 16:05:09,161 INFO  client.GrpcClientProtocolClient (GrpcClientProtocolClient.java:onNext(254)) - client-7F7296B99608->ffc7b071-00b3-4a69-8de5-2639a1a8d8ac: receive RaftClientReply:client-7F7296B99608->ffc7b071-00b3-4a69-8de5-2639a1a8d8ac@group-6911E2D50CC5, cid=3913, SUCCESS, logIndex=6501, commits[ffc7b071-00b3-4a69-8de5-2639a1a8d8ac:c6501]
2019-06-12 16:05:09,163 INFO  client.GrpcClientProtocolClient (GrpcClientProtocolClient.java:onNext(254)) - client-7F7296B99608->ffc7b071-00b3-4a69-8de5-2639a1a8d8ac: receive RaftClientReply:client-7F7296B99608->ffc7b071-00b3-4a69-8de5-2639a1a8d8ac@group-6911E2D50CC5, cid=3914, SUCCESS, logIndex=6503, commits[ffc7b071-00b3-4a69-8de5-2639a1a8d8ac:c6503]
2019-06-12 16:05:09,164 INFO  client.GrpcClientProtocolClient (GrpcClientProtocolClient.java:onNext(254)) - client-7F7296B99608->ffc7b071-00b3-4a69-8de5-2639a1a8d8ac: receive RaftClientReply:client-7F7296B99608->ffc7b071-00b3-4a69-8de5-2639a1a8d8ac@group-6911E2D50CC5, cid=3915, SUCCESS, logIndex=6504, commits[ffc7b071-00b3-4a69-8de5-2639a1a8d8ac:c6506]
2019-06-12 16:05:09,164 INFO  client.GrpcClientProtocolClient (GrpcClientProtocolClient.java:onNext(254)) - client-7F7296B99608->ffc7b071-00b3-4a69-8de5-2639a1a8d8ac: receive RaftClientReply:client-7F7296B99608->ffc7b071-00b3-4a69-8de5-2639a1a8d8ac@group-6911E2D50CC5, cid=3916, SUCCESS, logIndex=6505, commits[ffc7b071-00b3-4a69-8de5-2639a1a8d8ac:c6506]
2019-06-12 16:05:09,169 INFO  client.GrpcClientProtocolClient (GrpcClientProtocolClient.java:onNext(254)) - client-7F7296B99608->ffc7b071-00b3-4a69-8de5-2639a1a8d8ac: receive RaftClientReply:client-7F7296B99608->ffc7b071-00b3-4a69-8de5-2639a1a8d8ac@group-6911E2D50CC5, cid=3917, SUCCESS, logIndex=6507, commits[ffc7b071-00b3-4a69-8de5-2639a1a8d8ac:c6507]
2019-06-12 16:05:09,171 INFO  client.GrpcClientProtocolClient (GrpcClientProtocolClient.java:onNext(254)) - client-7F7296B99608->ffc7b071-00b3-4a69-8de5-2639a1a8d8ac: receive RaftClientReply:client-7F7296B99608->ffc7b071-00b3-4a69-8de5-2639a1a8d8ac@group-6911E2D50CC5, cid=3918, SUCCESS, logIndex=6509, commits[ffc7b071-00b3-4a69-8de5-2639a1a8d8ac:c6509]
2019-06-12 16:05:09,173 INFO  client.GrpcClientProtocolClient (GrpcClientProtocolClient.java:onNext(254)) - client-7F7296B99608->ffc7b071-00b3-4a69-8de5-2639a1a8d8ac: receive RaftClientReply:client-7F7296B99608->ffc7b071-00b3-4a69-8de5-2639a1a8d8ac@group-6911E2D50CC5, cid=3919, SUCCESS, logIndex=6511, commits[ffc7b071-00b3-4a69-8de5-2639a1a8d8ac:c6512]
2019-06-12 16:05:09,174 INFO  client.GrpcClientProtocolClient (GrpcClientProtocolClient.java:onNext(254)) - client-7F7296B99608->ffc7b071-00b3-4a69-8de5-2639a1a8d8ac: receive RaftClientReply:client-7F7296B99608->ffc7b071-00b3-4a69-8de5-2639a1a8d8ac@group-6911E2D50CC5, cid=3920, SUCCESS, logIndex=6512, commits[ffc7b071-00b3-4a69-8de5-2639a1a8d8ac:c6512]
2019-06-12 16:05:09,186 INFO  client.GrpcClientProtocolClient (GrpcClientProtocolClient.java:onNext(254)) - client-7F7296B99608->ffc7b071-00b3-4a69-8de5-2639a1a8d8ac: receive RaftClientReply:client-7F7296B99608->ffc7b071-00b3-4a69-8de5-2639a1a8d8ac@group-6911E2D50CC5, cid=3921, SUCCESS, logIndex=6514, commits[ffc7b071-00b3-4a69-8de5-2639a1a8d8ac:c6514]
2019-06-12 16:05:09,189 INFO  client.GrpcClientProtocolClient (GrpcClientProtocolClient.java:onNext(254)) - client-7F7296B99608->ffc7b071-00b3-4a69-8de5-2639a1a8d8ac: receive RaftClientReply:client-7F7296B99608->ffc7b071-00b3-4a69-8de5-2639a1a8d8ac@group-6911E2D50CC5, cid=3922, SUCCESS, logIndex=6516, commits[ffc7b071-00b3-4a69-8de5-2639a1a8d8ac:c6518]
2019-06-12 16:05:09,189 INFO  client.GrpcClientProtocolClient (GrpcClientProtocolClient.java:onNext(254)) - client-7F7296B99608->ffc7b071-00b3-4a69-8de5-2639a1a8d8ac: receive RaftClientReply:client-7F7296B99608->ffc7b071-00b3-4a69-8de5-2639a1a8d8ac@group-6911E2D50CC5, cid=3923, SUCCESS, logIndex=6517, commits[ffc7b071-00b3-4a69-8de5-2639a1a8d8ac:c6518]
2019-06-12 16:05:09,190 INFO  client.GrpcClientProtocolClient (GrpcClientProtocolClient.java:onNext(254)) - client-7F7296B99608->ffc7b071-00b3-4a69-8de5-2639a1a8d8ac: receive RaftClientReply:client-7F7296B99608->ffc7b071-00b3-4a69-8de5-2639a1a8d8ac@group-6911E2D50CC5, cid=3924, SUCCESS, logIndex=6518, commits[ffc7b071-00b3-4a69-8de5-2639a1a8d8ac:c6518]
2019-06-12 16:05:09,195 INFO  client.GrpcClientProtocolClient (GrpcClientProtocolClient.java:onNext(254)) - client-7F7296B99608->ffc7b071-00b3-4a69-8de5-2639a1a8d8ac: receive RaftClientReply:client-7F7296B99608->ffc7b071-00b3-4a69-8de5-2639a1a8d8ac@group-6911E2D50CC5, cid=3925, SUCCESS, logIndex=6520, commits[ffc7b071-00b3-4a69-8de5-2639a1a8d8ac:c6520]
2019-06-12 16:05:09,197 INFO  client.GrpcClientProtocolClient (GrpcClientProtocolClient.java:onNext(254)) - client-7F7296B99608->ffc7b071-00b3-4a69-8de5-2639a1a8d8ac: receive RaftClientReply:client-7F7296B99608->ffc7b071-00b3-4a69-8de5-2639a1a8d8ac@group-6911E2D50CC5, cid=3926, SUCCESS, logIndex=6522, commits[ffc7b071-00b3-4a69-8de5-2639a1a8d8ac:c6522]
2019-06-12 16:05:09,198 INFO  client.GrpcClientProtocolClient (GrpcClientProtocolClient.java:onNext(254)) - client-7F7296B99608->ffc7b071-00b3-4a69-8de5-2639a1a8d8ac: receive RaftClientReply:client-7F7296B99608->ffc7b071-00b3-4a69-8de5-2639a1a8d8ac@group-6911E2D50CC5, cid=3927, SUCCESS, logIndex=6523, commits[ffc7b071-00b3-4a69-8de5-2639a1a8d8ac:c6523]
2019-06-12 16:05:09,198 INFO  client.GrpcClientProtocolClient (GrpcClientProtocolClient.java:onNext(254)) - client-7F7296B99608->ffc7b071-00b3-4a69-8de5-2639a1a8d8ac: receive RaftClientReply:client-7F7296B99608->ffc7b071-00b3-4a69-8de5-2639a1a8d8ac@group-6911E2D50CC5, cid=3928, SUCCESS, logIndex=6526, commits[ffc7b071-00b3-4a69-8de5-2639a1a8d8ac:c6526]
2019-06-12 16:05:09,211 INFO  client.GrpcClientProtocolClient (GrpcClientProtocolClient.java:onNext(254)) - client-7F7296B99608->ffc7b071-00b3-4a69-8de5-2639a1a8d8ac: receive RaftClientReply:client-7F7296B99608->ffc7b071-00b3-4a69-8de5-2639a1a8d8ac@group-6911E2D50CC5, cid=3929, SUCCESS, logIndex=6528, commits[ffc7b071-00b3-4a69-8de5-2639a1a8d8ac:c6528]
2019-06-12 16:05:09,214 INFO  client.GrpcClientProtocolClient (GrpcClientProtocolClient.java:onNext(254)) - client-7F7296B99608->ffc7b071-00b3-4a69-8de5-2639a1a8d8ac: receive RaftClientReply:client-7F7296B99608->ffc7b071-00b3-4a69-8de5-2639a1a8d8ac@group-6911E2D50CC5, cid=3930, SUCCESS, logIndex=6530, commits[ffc7b071-00b3-4a69-8de5-2639a1a8d8ac:c6530]
2019-06-12 16:05:09,216 INFO  client.GrpcClientProtocolClient (GrpcClientProtocolClient.java:onNext(254)) - client-7F7296B99608->ffc7b071-00b3-4a69-8de5-2639a1a8d8ac: receive RaftClientReply:client-7F7296B99608->ffc7b071-00b3-4a69-8de5-2639a1a8d8ac@group-6911E2D50CC5, cid=3931, SUCCESS, logIndex=6532, commits[ffc7b071-00b3-4a69-8de5-2639a1a8d8ac:c6533]
2019-06-12 16:05:09,216 INFO  client.GrpcClientProtocolClient (GrpcClientProtocolClient.java:onNext(254)) - client-7F7296B99608->ffc7b071-00b3-4a69-8de5-2639a1a8d8ac: receive RaftClientReply:client-7F7296B99608->ffc7b071-00b3-4a69-8de5-2639a1a8d8ac@group-6911E2D50CC5, cid=3932, SUCCESS, logIndex=6533, commits[ffc7b071-00b3-4a69-8de5-2639a1a8d8ac:c6533]
2019-06-12 16:05:09,222 INFO  client.GrpcClientProtocolClient (GrpcClientProtocolClient.java:onNext(254)) - client-7F7296B99608->ffc7b071-00b3-4a69-8de5-2639a1a8d8ac: receive RaftClientReply:client-7F7296B99608->ffc7b071-00b3-4a69-8de5-2639a1a8d8ac@group-6911E2D50CC5, cid=3933, SUCCESS, logIndex=6535, commits[ffc7b071-00b3-4a69-8de5-2639a1a8d8ac:c6535]
2019-06-12 16:05:09,223 INFO  client.GrpcClientProtocolClient (GrpcClientProtocolClient.java:onNext(254)) - client-7F7296B99608->ffc7b071-00b3-4a69-8de5-2639a1a8d8ac: receive RaftClientReply:client-7F7296B99608->ffc7b071-00b3-4a69-8de5-2639a1a8d8ac@group-6911E2D50CC5, cid=3934, SUCCESS, logIndex=6537, commits[ffc7b071-00b3-4a69-8de5-2639a1a8d8ac:c6537]
2019-06-12 16:05:09,261 DEBUG block.SCMBlockDeletingService (SCMBlockDeletingService.java:call(138)) - Running DeletedBlockTransactionScanner
2019-06-12 16:05:09,261 DEBUG block.SCMBlockDeletingService (SCMBlockDeletingService.java:call(155)) - Scanned deleted blocks log and got 0 delTX to process.
2019-06-12 16:05:09,316 INFO  client.GrpcClientProtocolClient (GrpcClientProtocolClient.java:onNext(254)) - client-7F7296B99608->ffc7b071-00b3-4a69-8de5-2639a1a8d8ac: receive RaftClientReply:client-7F7296B99608->ffc7b071-00b3-4a69-8de5-2639a1a8d8ac@group-6911E2D50CC5, cid=3935, SUCCESS, logIndex=6539, commits[ffc7b071-00b3-4a69-8de5-2639a1a8d8ac:c6539]
2019-06-12 16:05:09,318 INFO  client.GrpcClientProtocolClient (GrpcClientProtocolClient.java:onNext(254)) - client-7F7296B99608->ffc7b071-00b3-4a69-8de5-2639a1a8d8ac: receive RaftClientReply:client-7F7296B99608->ffc7b071-00b3-4a69-8de5-2639a1a8d8ac@group-6911E2D50CC5, cid=3936, SUCCESS, logIndex=6541, commits[ffc7b071-00b3-4a69-8de5-2639a1a8d8ac:c6541]
2019-06-12 16:05:09,331 INFO  client.GrpcClientProtocolClient (GrpcClientProtocolClient.java:onNext(254)) - client-7F7296B99608->ffc7b071-00b3-4a69-8de5-2639a1a8d8ac: receive RaftClientReply:client-7F7296B99608->ffc7b071-00b3-4a69-8de5-2639a1a8d8ac@group-6911E2D50CC5, cid=3937, SUCCESS, logIndex=6543, commits[ffc7b071-00b3-4a69-8de5-2639a1a8d8ac:c6543]
2019-06-12 16:05:09,332 INFO  client.GrpcClientProtocolClient (GrpcClientProtocolClient.java:onNext(254)) - client-7F7296B99608->ffc7b071-00b3-4a69-8de5-2639a1a8d8ac: receive RaftClientReply:client-7F7296B99608->ffc7b071-00b3-4a69-8de5-2639a1a8d8ac@group-6911E2D50CC5, cid=3938, SUCCESS, logIndex=6545, commits[ffc7b071-00b3-4a69-8de5-2639a1a8d8ac:c6545]
2019-06-12 16:05:09,334 INFO  client.GrpcClientProtocolClient (GrpcClientProtocolClient.java:onNext(254)) - client-7F7296B99608->ffc7b071-00b3-4a69-8de5-2639a1a8d8ac: receive RaftClientReply:client-7F7296B99608->ffc7b071-00b3-4a69-8de5-2639a1a8d8ac@group-6911E2D50CC5, cid=3939, SUCCESS, logIndex=6547, commits[ffc7b071-00b3-4a69-8de5-2639a1a8d8ac:c6547]
2019-06-12 16:05:09,335 INFO  client.GrpcClientProtocolClient (GrpcClientProtocolClient.java:onNext(254)) - client-7F7296B99608->ffc7b071-00b3-4a69-8de5-2639a1a8d8ac: receive RaftClientReply:client-7F7296B99608->ffc7b071-00b3-4a69-8de5-2639a1a8d8ac@group-6911E2D50CC5, cid=3940, SUCCESS, logIndex=6548, commits[ffc7b071-00b3-4a69-8de5-2639a1a8d8ac:c6548]
2019-06-12 16:05:09,341 INFO  client.GrpcClientProtocolClient (GrpcClientProtocolClient.java:onNext(254)) - client-7F7296B99608->ffc7b071-00b3-4a69-8de5-2639a1a8d8ac: receive RaftClientReply:client-7F7296B99608->ffc7b071-00b3-4a69-8de5-2639a1a8d8ac@group-6911E2D50CC5, cid=3941, SUCCESS, logIndex=6551, commits[ffc7b071-00b3-4a69-8de5-2639a1a8d8ac:c6551]
2019-06-12 16:05:09,344 INFO  client.GrpcClientProtocolClient (GrpcClientProtocolClient.java:onNext(254)) - client-7F7296B99608->ffc7b071-00b3-4a69-8de5-2639a1a8d8ac: receive RaftClientReply:client-7F7296B99608->ffc7b071-00b3-4a69-8de5-2639a1a8d8ac@group-6911E2D50CC5, cid=3942, SUCCESS, logIndex=6553, commits[ffc7b071-00b3-4a69-8de5-2639a1a8d8ac:c6553]
2019-06-12 16:05:09,344 INFO  client.GrpcClientProtocolClient (GrpcClientProtocolClient.java:onNext(254)) - client-7F7296B99608->ffc7b071-00b3-4a69-8de5-2639a1a8d8ac: receive RaftClientReply:client-7F7296B99608->ffc7b071-00b3-4a69-8de5-2639a1a8d8ac@group-6911E2D50CC5, cid=3943, SUCCESS, logIndex=6554, commits[ffc7b071-00b3-4a69-8de5-2639a1a8d8ac:c6555]
2019-06-12 16:05:09,344 INFO  client.GrpcClientProtocolClient (GrpcClientProtocolClient.java:onNext(254)) - client-7F7296B99608->ffc7b071-00b3-4a69-8de5-2639a1a8d8ac: receive RaftClientReply:client-7F7296B99608->ffc7b071-00b3-4a69-8de5-2639a1a8d8ac@group-6911E2D50CC5, cid=3944, SUCCESS, logIndex=6555, commits[ffc7b071-00b3-4a69-8de5-2639a1a8d8ac:c6555]
2019-06-12 16:05:09,357 INFO  client.GrpcClientProtocolClient (GrpcClientProtocolClient.java:onNext(254)) - client-7F7296B99608->ffc7b071-00b3-4a69-8de5-2639a1a8d8ac: receive RaftClientReply:client-7F7296B99608->ffc7b071-00b3-4a69-8de5-2639a1a8d8ac@group-6911E2D50CC5, cid=3945, SUCCESS, logIndex=6558, commits[ffc7b071-00b3-4a69-8de5-2639a1a8d8ac:c6558]
2019-06-12 16:05:09,359 INFO  client.GrpcClientProtocolClient (GrpcClientProtocolClient.java:onNext(254)) - client-7F7296B99608->ffc7b071-00b3-4a69-8de5-2639a1a8d8ac: receive RaftClientReply:client-7F7296B99608->ffc7b071-00b3-4a69-8de5-2639a1a8d8ac@group-6911E2D50CC5, cid=3946, SUCCESS, logIndex=6560, commits[ffc7b071-00b3-4a69-8de5-2639a1a8d8ac:c6560]
2019-06-12 16:05:09,362 DEBUG block.SCMBlockDeletingService (SCMBlockDeletingService.java:call(138)) - Running DeletedBlockTransactionScanner
2019-06-12 16:05:09,362 DEBUG block.SCMBlockDeletingService (SCMBlockDeletingService.java:call(155)) - Scanned deleted blocks log and got 0 delTX to process.
2019-06-12 16:05:09,362 INFO  client.GrpcClientProtocolClient (GrpcClientProtocolClient.java:onNext(254)) - client-7F7296B99608->ffc7b071-00b3-4a69-8de5-2639a1a8d8ac: receive RaftClientReply:client-7F7296B99608->ffc7b071-00b3-4a69-8de5-2639a1a8d8ac@group-6911E2D50CC5, cid=3947, SUCCESS, logIndex=6561, commits[ffc7b071-00b3-4a69-8de5-2639a1a8d8ac:c6561]
2019-06-12 16:05:09,363 INFO  client.GrpcClientProtocolClient (GrpcClientProtocolClient.java:onNext(254)) - client-7F7296B99608->ffc7b071-00b3-4a69-8de5-2639a1a8d8ac: receive RaftClientReply:client-7F7296B99608->ffc7b071-00b3-4a69-8de5-2639a1a8d8ac@group-6911E2D50CC5, cid=3948, SUCCESS, logIndex=6563, commits[ffc7b071-00b3-4a69-8de5-2639a1a8d8ac:c6564]
2019-06-12 16:05:09,369 INFO  client.GrpcClientProtocolClient (GrpcClientProtocolClient.java:onNext(254)) - client-7F7296B99608->ffc7b071-00b3-4a69-8de5-2639a1a8d8ac: receive RaftClientReply:client-7F7296B99608->ffc7b071-00b3-4a69-8de5-2639a1a8d8ac@group-6911E2D50CC5, cid=3949, SUCCESS, logIndex=6565, commits[ffc7b071-00b3-4a69-8de5-2639a1a8d8ac:c6565]
2019-06-12 16:05:09,372 INFO  client.GrpcClientProtocolClient (GrpcClientProtocolClient.java:onNext(254)) - client-7F7296B99608->ffc7b071-00b3-4a69-8de5-2639a1a8d8ac: receive RaftClientReply:client-7F7296B99608->ffc7b071-00b3-4a69-8de5-2639a1a8d8ac@group-6911E2D50CC5, cid=3950, SUCCESS, logIndex=6567, commits[ffc7b071-00b3-4a69-8de5-2639a1a8d8ac:c6567]
2019-06-12 16:05:09,372 INFO  client.GrpcClientProtocolClient (GrpcClientProtocolClient.java:onNext(254)) - client-7F7296B99608->ffc7b071-00b3-4a69-8de5-2639a1a8d8ac: receive RaftClientReply:client-7F7296B99608->ffc7b071-00b3-4a69-8de5-2639a1a8d8ac@group-6911E2D50CC5, cid=3951, SUCCESS, logIndex=6568, commits[ffc7b071-00b3-4a69-8de5-2639a1a8d8ac:c6568]
2019-06-12 16:05:09,372 INFO  client.GrpcClientProtocolClient (GrpcClientProtocolClient.java:onNext(254)) - client-7F7296B99608->ffc7b071-00b3-4a69-8de5-2639a1a8d8ac: receive RaftClientReply:client-7F7296B99608->ffc7b071-00b3-4a69-8de5-2639a1a8d8ac@group-6911E2D50CC5, cid=3952, SUCCESS, logIndex=6570, commits[ffc7b071-00b3-4a69-8de5-2639a1a8d8ac:c6570]
2019-06-12 16:05:09,385 INFO  client.GrpcClientProtocolClient (GrpcClientProtocolClient.java:onNext(254)) - client-7F7296B99608->ffc7b071-00b3-4a69-8de5-2639a1a8d8ac: receive RaftClientReply:client-7F7296B99608->ffc7b071-00b3-4a69-8de5-2639a1a8d8ac@group-6911E2D50CC5, cid=3953, SUCCESS, logIndex=6573, commits[ffc7b071-00b3-4a69-8de5-2639a1a8d8ac:c6573]
2019-06-12 16:05:09,385 INFO  storage.RaftLogWorker (RaftLogWorker.java:rollLogSegment(303)) - ffc7b071-00b3-4a69-8de5-2639a1a8d8ac-RaftLogWorker: Rolling segment log-6499_6575 to index:6575
2019-06-12 16:05:09,386 INFO  storage.RaftLogWorker (RaftLogWorker.java:execute(433)) - ffc7b071-00b3-4a69-8de5-2639a1a8d8ac-RaftLogWorker: Rolled log segment from /opt/src/hadoop-ozone/integration-test/target/test-dir/MiniOzoneClusterImpl-a1c7246e-c692-4524-ad55-32b507b20431/datanode-0/data/ratis/4417d833-4fb6-4fa2-9413-6911e2d50cc5/current/log_inprogress_6499 to /opt/src/hadoop-ozone/integration-test/target/test-dir/MiniOzoneClusterImpl-a1c7246e-c692-4524-ad55-32b507b20431/datanode-0/data/ratis/4417d833-4fb6-4fa2-9413-6911e2d50cc5/current/log_6499-6575
2019-06-12 16:05:09,398 INFO  client.GrpcClientProtocolClient (GrpcClientProtocolClient.java:onNext(254)) - client-7F7296B99608->ffc7b071-00b3-4a69-8de5-2639a1a8d8ac: receive RaftClientReply:client-7F7296B99608->ffc7b071-00b3-4a69-8de5-2639a1a8d8ac@group-6911E2D50CC5, cid=3954, SUCCESS, logIndex=6575, commits[ffc7b071-00b3-4a69-8de5-2639a1a8d8ac:c6575]
2019-06-12 16:05:09,430 INFO  storage.RaftLogWorker (RaftLogWorker.java:execute(469)) - ffc7b071-00b3-4a69-8de5-2639a1a8d8ac-RaftLogWorker: created new log segment /opt/src/hadoop-ozone/integration-test/target/test-dir/MiniOzoneClusterImpl-a1c7246e-c692-4524-ad55-32b507b20431/datanode-0/data/ratis/4417d833-4fb6-4fa2-9413-6911e2d50cc5/current/log_inprogress_6576
2019-06-12 16:05:09,431 INFO  client.GrpcClientProtocolClient (GrpcClientProtocolClient.java:onNext(254)) - client-7F7296B99608->ffc7b071-00b3-4a69-8de5-2639a1a8d8ac: receive RaftClientReply:client-7F7296B99608->ffc7b071-00b3-4a69-8de5-2639a1a8d8ac@group-6911E2D50CC5, cid=3955, SUCCESS, logIndex=6576, commits[ffc7b071-00b3-4a69-8de5-2639a1a8d8ac:c6578]
2019-06-12 16:05:09,432 INFO  client.GrpcClientProtocolClient (GrpcClientProtocolClient.java:onNext(254)) - client-7F7296B99608->ffc7b071-00b3-4a69-8de5-2639a1a8d8ac: receive RaftClientReply:client-7F7296B99608->ffc7b071-00b3-4a69-8de5-2639a1a8d8ac@group-6911E2D50CC5, cid=3956, SUCCESS, logIndex=6577, commits[ffc7b071-00b3-4a69-8de5-2639a1a8d8ac:c6578]
2019-06-12 16:05:09,438 INFO  client.GrpcClientProtocolClient (GrpcClientProtocolClient.java:onNext(254)) - client-7F7296B99608->ffc7b071-00b3-4a69-8de5-2639a1a8d8ac: receive RaftClientReply:client-7F7296B99608->ffc7b071-00b3-4a69-8de5-2639a1a8d8ac@group-6911E2D50CC5, cid=3957, SUCCESS, logIndex=6579, commits[ffc7b071-00b3-4a69-8de5-2639a1a8d8ac:c6579]
2019-06-12 16:05:09,440 INFO  client.GrpcClientProtocolClient (GrpcClientProtocolClient.java:onNext(254)) - client-7F7296B99608->ffc7b071-00b3-4a69-8de5-2639a1a8d8ac: receive RaftClientReply:client-7F7296B99608->ffc7b071-00b3-4a69-8de5-2639a1a8d8ac@group-6911E2D50CC5, cid=3958, SUCCESS, logIndex=6581, commits[ffc7b071-00b3-4a69-8de5-2639a1a8d8ac:c6583]
2019-06-12 16:05:09,441 INFO  client.GrpcClientProtocolClient (GrpcClientProtocolClient.java:onNext(254)) - client-7F7296B99608->ffc7b071-00b3-4a69-8de5-2639a1a8d8ac: receive RaftClientReply:client-7F7296B99608->ffc7b071-00b3-4a69-8de5-2639a1a8d8ac@group-6911E2D50CC5, cid=3959, SUCCESS, logIndex=6582, commits[ffc7b071-00b3-4a69-8de5-2639a1a8d8ac:c6583]
2019-06-12 16:05:09,441 INFO  client.GrpcClientProtocolClient (GrpcClientProtocolClient.java:onNext(254)) - client-7F7296B99608->ffc7b071-00b3-4a69-8de5-2639a1a8d8ac: receive RaftClientReply:client-7F7296B99608->ffc7b071-00b3-4a69-8de5-2639a1a8d8ac@group-6911E2D50CC5, cid=3960, SUCCESS, logIndex=6583, commits[ffc7b071-00b3-4a69-8de5-2639a1a8d8ac:c6583]
2019-06-12 16:05:09,492 DEBUG block.SCMBlockDeletingService (SCMBlockDeletingService.java:call(138)) - Running DeletedBlockTransactionScanner
2019-06-12 16:05:09,492 DEBUG block.SCMBlockDeletingService (SCMBlockDeletingService.java:call(155)) - Scanned deleted blocks log and got 0 delTX to process.
2019-06-12 16:05:09,512 INFO  client.GrpcClientProtocolClient (GrpcClientProtocolClient.java:onNext(254)) - client-7F7296B99608->ffc7b071-00b3-4a69-8de5-2639a1a8d8ac: receive RaftClientReply:client-7F7296B99608->ffc7b071-00b3-4a69-8de5-2639a1a8d8ac@group-6911E2D50CC5, cid=3961, SUCCESS, logIndex=6585, commits[ffc7b071-00b3-4a69-8de5-2639a1a8d8ac:c6585]
2019-06-12 16:05:09,513 INFO  client.GrpcClientProtocolClient (GrpcClientProtocolClient.java:onNext(254)) - client-7F7296B99608->ffc7b071-00b3-4a69-8de5-2639a1a8d8ac: receive RaftClientReply:client-7F7296B99608->ffc7b071-00b3-4a69-8de5-2639a1a8d8ac@group-6911E2D50CC5, cid=3962, SUCCESS, logIndex=6587, commits[ffc7b071-00b3-4a69-8de5-2639a1a8d8ac:c6587]
2019-06-12 16:05:09,516 INFO  client.GrpcClientProtocolClient (GrpcClientProtocolClient.java:onNext(254)) - client-7F7296B99608->ffc7b071-00b3-4a69-8de5-2639a1a8d8ac: receive RaftClientReply:client-7F7296B99608->ffc7b071-00b3-4a69-8de5-2639a1a8d8ac@group-6911E2D50CC5, cid=3963, SUCCESS, logIndex=6589, commits[ffc7b071-00b3-4a69-8de5-2639a1a8d8ac:c6590]
2019-06-12 16:05:09,516 INFO  client.GrpcClientProtocolClient (GrpcClientProtocolClient.java:onNext(254)) - client-7F7296B99608->ffc7b071-00b3-4a69-8de5-2639a1a8d8ac: receive RaftClientReply:client-7F7296B99608->ffc7b071-00b3-4a69-8de5-2639a1a8d8ac@group-6911E2D50CC5, cid=3964, SUCCESS, logIndex=6590, commits[ffc7b071-00b3-4a69-8de5-2639a1a8d8ac:c6590]
2019-06-12 16:05:09,523 INFO  client.GrpcClientProtocolClient (GrpcClientProtocolClient.java:onNext(254)) - client-7F7296B99608->ffc7b071-00b3-4a69-8de5-2639a1a8d8ac: receive RaftClientReply:client-7F7296B99608->ffc7b071-00b3-4a69-8de5-2639a1a8d8ac@group-6911E2D50CC5, cid=3965, SUCCESS, logIndex=6592, commits[ffc7b071-00b3-4a69-8de5-2639a1a8d8ac:c6592]
2019-06-12 16:05:09,524 INFO  client.GrpcClientProtocolClient (GrpcClientProtocolClient.java:onNext(254)) - client-7F7296B99608->ffc7b071-00b3-4a69-8de5-2639a1a8d8ac: receive RaftClientReply:client-7F7296B99608->ffc7b071-00b3-4a69-8de5-2639a1a8d8ac@group-6911E2D50CC5, cid=3966, SUCCESS, logIndex=6594, commits[ffc7b071-00b3-4a69-8de5-2639a1a8d8ac:c6594]
2019-06-12 16:05:09,525 INFO  client.GrpcClientProtocolClient (GrpcClientProtocolClient.java:onNext(254)) - client-7F7296B99608->ffc7b071-00b3-4a69-8de5-2639a1a8d8ac: receive RaftClientReply:client-7F7296B99608->ffc7b071-00b3-4a69-8de5-2639a1a8d8ac@group-6911E2D50CC5, cid=3967, SUCCESS, logIndex=6595, commits[ffc7b071-00b3-4a69-8de5-2639a1a8d8ac:c6597]
2019-06-12 16:05:09,525 INFO  client.GrpcClientProtocolClient (GrpcClientProtocolClient.java:onNext(254)) - client-7F7296B99608->ffc7b071-00b3-4a69-8de5-2639a1a8d8ac: receive RaftClientReply:client-7F7296B99608->ffc7b071-00b3-4a69-8de5-2639a1a8d8ac@group-6911E2D50CC5, cid=3968, SUCCESS, logIndex=6596, commits[ffc7b071-00b3-4a69-8de5-2639a1a8d8ac:c6597]
2019-06-12 16:05:09,537 INFO  client.GrpcClientProtocolClient (GrpcClientProtocolClient.java:onNext(254)) - client-7F7296B99608->ffc7b071-00b3-4a69-8de5-2639a1a8d8ac: receive RaftClientReply:client-7F7296B99608->ffc7b071-00b3-4a69-8de5-2639a1a8d8ac@group-6911E2D50CC5, cid=3969, SUCCESS, logIndex=6598, commits[ffc7b071-00b3-4a69-8de5-2639a1a8d8ac:c6598]
2019-06-12 16:05:09,538 INFO  client.GrpcClientProtocolClient (GrpcClientProtocolClient.java:onNext(254)) - client-7F7296B99608->ffc7b071-00b3-4a69-8de5-2639a1a8d8ac: receive RaftClientReply:client-7F7296B99608->ffc7b071-00b3-4a69-8de5-2639a1a8d8ac@group-6911E2D50CC5, cid=3970, SUCCESS, logIndex=6600, commits[ffc7b071-00b3-4a69-8de5-2639a1a8d8ac:c6600]
2019-06-12 16:05:09,540 INFO  client.GrpcClientProtocolClient (GrpcClientProtocolClient.java:onNext(254)) - client-7F7296B99608->ffc7b071-00b3-4a69-8de5-2639a1a8d8ac: receive RaftClientReply:client-7F7296B99608->ffc7b071-00b3-4a69-8de5-2639a1a8d8ac@group-6911E2D50CC5, cid=3971, SUCCESS, logIndex=6602, commits[ffc7b071-00b3-4a69-8de5-2639a1a8d8ac:c6603]
2019-06-12 16:05:09,540 INFO  client.GrpcClientProtocolClient (GrpcClientProtocolClient.java:onNext(254)) - client-7F7296B99608->ffc7b071-00b3-4a69-8de5-2639a1a8d8ac: receive RaftClientReply:client-7F7296B99608->ffc7b071-00b3-4a69-8de5-2639a1a8d8ac@group-6911E2D50CC5, cid=3972, SUCCESS, logIndex=6603, commits[ffc7b071-00b3-4a69-8de5-2639a1a8d8ac:c6603]
2019-06-12 16:05:09,545 INFO  client.GrpcClientProtocolClient (GrpcClientProtocolClient.java:onNext(254)) - client-7F7296B99608->ffc7b071-00b3-4a69-8de5-2639a1a8d8ac: receive RaftClientReply:client-7F7296B99608->ffc7b071-00b3-4a69-8de5-2639a1a8d8ac@group-6911E2D50CC5, cid=3973, SUCCESS, logIndex=6605, commits[ffc7b071-00b3-4a69-8de5-2639a1a8d8ac:c6605]
2019-06-12 16:05:09,548 INFO  client.GrpcClientProtocolClient (GrpcClientProtocolClient.java:onNext(254)) - client-7F7296B99608->ffc7b071-00b3-4a69-8de5-2639a1a8d8ac: receive RaftClientReply:client-7F7296B99608->ffc7b071-00b3-4a69-8de5-2639a1a8d8ac@group-6911E2D50CC5, cid=3974, SUCCESS, logIndex=6607, commits[ffc7b071-00b3-4a69-8de5-2639a1a8d8ac:c6607]
2019-06-12 16:05:09,548 INFO  client.GrpcClientProtocolClient (GrpcClientProtocolClient.java:onNext(254)) - client-7F7296B99608->ffc7b071-00b3-4a69-8de5-2639a1a8d8ac: receive RaftClientReply:client-7F7296B99608->ffc7b071-00b3-4a69-8de5-2639a1a8d8ac@group-6911E2D50CC5, cid=3975, SUCCESS, logIndex=6608, commits[ffc7b071-00b3-4a69-8de5-2639a1a8d8ac:c6609]
2019-06-12 16:05:09,548 INFO  client.GrpcClientProtocolClient (GrpcClientProtocolClient.java:onNext(254)) - client-7F7296B99608->ffc7b071-00b3-4a69-8de5-2639a1a8d8ac: receive RaftClientReply:client-7F7296B99608->ffc7b071-00b3-4a69-8de5-2639a1a8d8ac@group-6911E2D50CC5, cid=3976, SUCCESS, logIndex=6609, commits[ffc7b071-00b3-4a69-8de5-2639a1a8d8ac:c6609]
2019-06-12 16:05:09,560 INFO  client.GrpcClientProtocolClient (GrpcClientProtocolClient.java:onNext(254)) - client-7F7296B99608->ffc7b071-00b3-4a69-8de5-2639a1a8d8ac: receive RaftClientReply:client-7F7296B99608->ffc7b071-00b3-4a69-8de5-2639a1a8d8ac@group-6911E2D50CC5, cid=3977, SUCCESS, logIndex=6612, commits[ffc7b071-00b3-4a69-8de5-2639a1a8d8ac:c6612]
2019-06-12 16:05:09,561 INFO  client.GrpcClientProtocolClient (GrpcClientProtocolClient.java:onNext(254)) - client-7F7296B99608->ffc7b071-00b3-4a69-8de5-2639a1a8d8ac: receive RaftClientReply:client-7F7296B99608->ffc7b071-00b3-4a69-8de5-2639a1a8d8ac@group-6911E2D50CC5, cid=3978, SUCCESS, logIndex=6614, commits[ffc7b071-00b3-4a69-8de5-2639a1a8d8ac:c6614]
2019-06-12 16:05:09,603 DEBUG block.SCMBlockDeletingService (SCMBlockDeletingService.java:call(138)) - Running DeletedBlockTransactionScanner
2019-06-12 16:05:09,603 DEBUG block.SCMBlockDeletingService (SCMBlockDeletingService.java:call(155)) - Scanned deleted blocks log and got 0 delTX to process.
2019-06-12 16:05:09,635 INFO  client.GrpcClientProtocolClient (GrpcClientProtocolClient.java:onNext(254)) - client-7F7296B99608->ffc7b071-00b3-4a69-8de5-2639a1a8d8ac: receive RaftClientReply:client-7F7296B99608->ffc7b071-00b3-4a69-8de5-2639a1a8d8ac@group-6911E2D50CC5, cid=3979, SUCCESS, logIndex=6616, commits[ffc7b071-00b3-4a69-8de5-2639a1a8d8ac:c6616]
2019-06-12 16:05:09,636 INFO  client.GrpcClientProtocolClient (GrpcClientProtocolClient.java:onNext(254)) - client-7F7296B99608->ffc7b071-00b3-4a69-8de5-2639a1a8d8ac: receive RaftClientReply:client-7F7296B99608->ffc7b071-00b3-4a69-8de5-2639a1a8d8ac@group-6911E2D50CC5, cid=3980, SUCCESS, logIndex=6618, commits[ffc7b071-00b3-4a69-8de5-2639a1a8d8ac:c6618]
2019-06-12 16:05:09,642 INFO  client.GrpcClientProtocolClient (GrpcClientProtocolClient.java:onNext(254)) - client-7F7296B99608->ffc7b071-00b3-4a69-8de5-2639a1a8d8ac: receive RaftClientReply:client-7F7296B99608->ffc7b071-00b3-4a69-8de5-2639a1a8d8ac@group-6911E2D50CC5, cid=3981, SUCCESS, logIndex=6620, commits[ffc7b071-00b3-4a69-8de5-2639a1a8d8ac:c6620]
2019-06-12 16:05:09,643 INFO  client.GrpcClientProtocolClient (GrpcClientProtocolClient.java:onNext(254)) - client-7F7296B99608->ffc7b071-00b3-4a69-8de5-2639a1a8d8ac: receive RaftClientReply:client-7F7296B99608->ffc7b071-00b3-4a69-8de5-2639a1a8d8ac@group-6911E2D50CC5, cid=3982, SUCCESS, logIndex=6622, commits[ffc7b071-00b3-4a69-8de5-2639a1a8d8ac:c6622]
2019-06-12 16:05:09,645 INFO  client.GrpcClientProtocolClient (GrpcClientProtocolClient.java:onNext(254)) - client-7F7296B99608->ffc7b071-00b3-4a69-8de5-2639a1a8d8ac: receive RaftClientReply:client-7F7296B99608->ffc7b071-00b3-4a69-8de5-2639a1a8d8ac@group-6911E2D50CC5, cid=3983, SUCCESS, logIndex=6623, commits[ffc7b071-00b3-4a69-8de5-2639a1a8d8ac:c6625]
2019-06-12 16:05:09,645 INFO  client.GrpcClientProtocolClient (GrpcClientProtocolClient.java:onNext(254)) - client-7F7296B99608->ffc7b071-00b3-4a69-8de5-2639a1a8d8ac: receive RaftClientReply:client-7F7296B99608->ffc7b071-00b3-4a69-8de5-2639a1a8d8ac@group-6911E2D50CC5, cid=3984, SUCCESS, logIndex=6624, commits[ffc7b071-00b3-4a69-8de5-2639a1a8d8ac:c6625]
2019-06-12 16:05:09,655 INFO  client.GrpcClientProtocolClient (GrpcClientProtocolClient.java:onNext(254)) - client-7F7296B99608->ffc7b071-00b3-4a69-8de5-2639a1a8d8ac: receive RaftClientReply:client-7F7296B99608->ffc7b071-00b3-4a69-8de5-2639a1a8d8ac@group-6911E2D50CC5, cid=3985, SUCCESS, logIndex=6626, commits[ffc7b071-00b3-4a69-8de5-2639a1a8d8ac:c6626]
2019-06-12 16:05:09,656 INFO  client.GrpcClientProtocolClient (GrpcClientProtocolClient.java:onNext(254)) - client-7F7296B99608->ffc7b071-00b3-4a69-8de5-2639a1a8d8ac: receive RaftClientReply:client-7F7296B99608->ffc7b071-00b3-4a69-8de5-2639a1a8d8ac@group-6911E2D50CC5, cid=3986, SUCCESS, logIndex=6628, commits[ffc7b071-00b3-4a69-8de5-2639a1a8d8ac:c6628]
2019-06-12 16:05:09,657 INFO  client.GrpcClientProtocolClient (GrpcClientProtocolClient.java:onNext(254)) - client-7F7296B99608->ffc7b071-00b3-4a69-8de5-2639a1a8d8ac: receive RaftClientReply:client-7F7296B99608->ffc7b071-00b3-4a69-8de5-2639a1a8d8ac@group-6911E2D50CC5, cid=3987, SUCCESS, logIndex=6629, commits[ffc7b071-00b3-4a69-8de5-2639a1a8d8ac:c6631]
2019-06-12 16:05:09,658 INFO  client.GrpcClientProtocolClient (GrpcClientProtocolClient.java:onNext(254)) - client-7F7296B99608->ffc7b071-00b3-4a69-8de5-2639a1a8d8ac: receive RaftClientReply:client-7F7296B99608->ffc7b071-00b3-4a69-8de5-2639a1a8d8ac@group-6911E2D50CC5, cid=3988, SUCCESS, logIndex=6630, commits[ffc7b071-00b3-4a69-8de5-2639a1a8d8ac:c6631]
2019-06-12 16:05:09,663 INFO  client.GrpcClientProtocolClient (GrpcClientProtocolClient.java:onNext(254)) - client-7F7296B99608->ffc7b071-00b3-4a69-8de5-2639a1a8d8ac: receive RaftClientReply:client-7F7296B99608->ffc7b071-00b3-4a69-8de5-2639a1a8d8ac@group-6911E2D50CC5, cid=3989, SUCCESS, logIndex=6632, commits[ffc7b071-00b3-4a69-8de5-2639a1a8d8ac:c6632]
2019-06-12 16:05:09,664 INFO  client.GrpcClientProtocolClient (GrpcClientProtocolClient.java:onNext(254)) - client-7F7296B99608->ffc7b071-00b3-4a69-8de5-2639a1a8d8ac: receive RaftClientReply:client-7F7296B99608->ffc7b071-00b3-4a69-8de5-2639a1a8d8ac@group-6911E2D50CC5, cid=3990, SUCCESS, logIndex=6634, commits[ffc7b071-00b3-4a69-8de5-2639a1a8d8ac:c6634]
2019-06-12 16:05:09,665 INFO  client.GrpcClientProtocolClient (GrpcClientProtocolClient.java:onNext(254)) - client-7F7296B99608->ffc7b071-00b3-4a69-8de5-2639a1a8d8ac: receive RaftClientReply:client-7F7296B99608->ffc7b071-00b3-4a69-8de5-2639a1a8d8ac@group-6911E2D50CC5, cid=3991, SUCCESS, logIndex=6635, commits[ffc7b071-00b3-4a69-8de5-2639a1a8d8ac:c6637]
2019-06-12 16:05:09,665 INFO  client.GrpcClientProtocolClient (GrpcClientProtocolClient.java:onNext(254)) - client-7F7296B99608->ffc7b071-00b3-4a69-8de5-2639a1a8d8ac: receive RaftClientReply:client-7F7296B99608->ffc7b071-00b3-4a69-8de5-2639a1a8d8ac@group-6911E2D50CC5, cid=3992, SUCCESS, logIndex=6636, commits[ffc7b071-00b3-4a69-8de5-2639a1a8d8ac:c6637]
2019-06-12 16:05:09,675 INFO  client.GrpcClientProtocolClient (GrpcClientProtocolClient.java:onNext(254)) - client-7F7296B99608->ffc7b071-00b3-4a69-8de5-2639a1a8d8ac: receive RaftClientReply:client-7F7296B99608->ffc7b071-00b3-4a69-8de5-2639a1a8d8ac@group-6911E2D50CC5, cid=3993, SUCCESS, logIndex=6638, commits[ffc7b071-00b3-4a69-8de5-2639a1a8d8ac:c6638]
2019-06-12 16:05:09,676 INFO  client.GrpcClientProtocolClient (GrpcClientProtocolClient.java:onNext(254)) - client-7F7296B99608->ffc7b071-00b3-4a69-8de5-2639a1a8d8ac: receive RaftClientReply:client-7F7296B99608->ffc7b071-00b3-4a69-8de5-2639a1a8d8ac@group-6911E2D50CC5, cid=3994, SUCCESS, logIndex=6640, commits[ffc7b071-00b3-4a69-8de5-2639a1a8d8ac:c6640]
2019-06-12 16:05:09,677 INFO  client.GrpcClientProtocolClient (GrpcClientProtocolClient.java:onNext(254)) - client-7F7296B99608->ffc7b071-00b3-4a69-8de5-2639a1a8d8ac: receive RaftClientReply:client-7F7296B99608->ffc7b071-00b3-4a69-8de5-2639a1a8d8ac@group-6911E2D50CC5, cid=3995, SUCCESS, logIndex=6641, commits[ffc7b071-00b3-4a69-8de5-2639a1a8d8ac:c6643]
2019-06-12 16:05:09,677 INFO  client.GrpcClientProtocolClient (GrpcClientProtocolClient.java:onNext(254)) - client-7F7296B99608->ffc7b071-00b3-4a69-8de5-2639a1a8d8ac: receive RaftClientReply:client-7F7296B99608->ffc7b071-00b3-4a69-8de5-2639a1a8d8ac@group-6911E2D50CC5, cid=3996, SUCCESS, logIndex=6642, commits[ffc7b071-00b3-4a69-8de5-2639a1a8d8ac:c6643]
2019-06-12 16:05:09,682 INFO  client.GrpcClientProtocolClient (GrpcClientProtocolClient.java:onNext(254)) - client-7F7296B99608->ffc7b071-00b3-4a69-8de5-2639a1a8d8ac: receive RaftClientReply:client-7F7296B99608->ffc7b071-00b3-4a69-8de5-2639a1a8d8ac@group-6911E2D50CC5, cid=3997, SUCCESS, logIndex=6644, commits[ffc7b071-00b3-4a69-8de5-2639a1a8d8ac:c6644]
2019-06-12 16:05:09,682 INFO  storage.RaftLogWorker (RaftLogWorker.java:rollLogSegment(303)) - ffc7b071-00b3-4a69-8de5-2639a1a8d8ac-RaftLogWorker: Rolling segment log-6576_6645 to index:6645
2019-06-12 16:05:09,682 INFO  storage.RaftLogWorker (RaftLogWorker.java:execute(433)) - ffc7b071-00b3-4a69-8de5-2639a1a8d8ac-RaftLogWorker: Rolled log segment from /opt/src/hadoop-ozone/integration-test/target/test-dir/MiniOzoneClusterImpl-a1c7246e-c692-4524-ad55-32b507b20431/datanode-0/data/ratis/4417d833-4fb6-4fa2-9413-6911e2d50cc5/current/log_inprogress_6576 to /opt/src/hadoop-ozone/integration-test/target/test-dir/MiniOzoneClusterImpl-a1c7246e-c692-4524-ad55-32b507b20431/datanode-0/data/ratis/4417d833-4fb6-4fa2-9413-6911e2d50cc5/current/log_6576-6645
2019-06-12 16:05:09,703 DEBUG block.SCMBlockDeletingService (SCMBlockDeletingService.java:call(138)) - Running DeletedBlockTransactionScanner
2019-06-12 16:05:09,703 DEBUG block.SCMBlockDeletingService (SCMBlockDeletingService.java:call(155)) - Scanned deleted blocks log and got 0 delTX to process.
2019-06-12 16:05:09,718 INFO  storage.RaftLogWorker (RaftLogWorker.java:execute(469)) - ffc7b071-00b3-4a69-8de5-2639a1a8d8ac-RaftLogWorker: created new log segment /opt/src/hadoop-ozone/integration-test/target/test-dir/MiniOzoneClusterImpl-a1c7246e-c692-4524-ad55-32b507b20431/datanode-0/data/ratis/4417d833-4fb6-4fa2-9413-6911e2d50cc5/current/log_inprogress_6646
2019-06-12 16:05:09,719 INFO  client.GrpcClientProtocolClient (GrpcClientProtocolClient.java:onNext(254)) - client-7F7296B99608->ffc7b071-00b3-4a69-8de5-2639a1a8d8ac: receive RaftClientReply:client-7F7296B99608->ffc7b071-00b3-4a69-8de5-2639a1a8d8ac@group-6911E2D50CC5, cid=3998, SUCCESS, logIndex=6646, commits[ffc7b071-00b3-4a69-8de5-2639a1a8d8ac:c6648]
2019-06-12 16:05:09,719 INFO  client.GrpcClientProtocolClient (GrpcClientProtocolClient.java:onNext(254)) - client-7F7296B99608->ffc7b071-00b3-4a69-8de5-2639a1a8d8ac: receive RaftClientReply:client-7F7296B99608->ffc7b071-00b3-4a69-8de5-2639a1a8d8ac@group-6911E2D50CC5, cid=3999, SUCCESS, logIndex=6647, commits[ffc7b071-00b3-4a69-8de5-2639a1a8d8ac:c6648]
2019-06-12 16:05:09,720 INFO  client.GrpcClientProtocolClient (GrpcClientProtocolClient.java:onNext(254)) - client-7F7296B99608->ffc7b071-00b3-4a69-8de5-2639a1a8d8ac: receive RaftClientReply:client-7F7296B99608->ffc7b071-00b3-4a69-8de5-2639a1a8d8ac@group-6911E2D50CC5, cid=4000, SUCCESS, logIndex=6648, commits[ffc7b071-00b3-4a69-8de5-2639a1a8d8ac:c6649]
2019-06-12 16:05:09,730 INFO  client.GrpcClientProtocolClient (GrpcClientProtocolClient.java:onNext(254)) - client-7F7296B99608->ffc7b071-00b3-4a69-8de5-2639a1a8d8ac: receive RaftClientReply:client-7F7296B99608->ffc7b071-00b3-4a69-8de5-2639a1a8d8ac@group-6911E2D50CC5, cid=4001, SUCCESS, logIndex=6650, commits[ffc7b071-00b3-4a69-8de5-2639a1a8d8ac:c6650]
2019-06-12 16:05:09,731 INFO  client.GrpcClientProtocolClient (GrpcClientProtocolClient.java:onNext(254)) - client-7F7296B99608->ffc7b071-00b3-4a69-8de5-2639a1a8d8ac: receive RaftClientReply:client-7F7296B99608->ffc7b071-00b3-4a69-8de5-2639a1a8d8ac@group-6911E2D50CC5, cid=4002, SUCCESS, logIndex=6652, commits[ffc7b071-00b3-4a69-8de5-2639a1a8d8ac:c6652]
2019-06-12 16:05:09,732 INFO  client.GrpcClientProtocolClient (GrpcClientProtocolClient.java:onNext(254)) - client-7F7296B99608->ffc7b071-00b3-4a69-8de5-2639a1a8d8ac: receive RaftClientReply:client-7F7296B99608->ffc7b071-00b3-4a69-8de5-2639a1a8d8ac@group-6911E2D50CC5, cid=4003, SUCCESS, logIndex=6653, commits[ffc7b071-00b3-4a69-8de5-2639a1a8d8ac:c6655]
2019-06-12 16:05:09,732 INFO  client.GrpcClientProtocolClient (GrpcClientProtocolClient.java:onNext(254)) - client-7F7296B99608->ffc7b071-00b3-4a69-8de5-2639a1a8d8ac: receive RaftClientReply:client-7F7296B99608->ffc7b071-00b3-4a69-8de5-2639a1a8d8ac@group-6911E2D50CC5, cid=4004, SUCCESS, logIndex=6654, commits[ffc7b071-00b3-4a69-8de5-2639a1a8d8ac:c6655]
2019-06-12 16:05:09,740 INFO  client.GrpcClientProtocolClient (GrpcClientProtocolClient.java:onNext(254)) - client-7F7296B99608->ffc7b071-00b3-4a69-8de5-2639a1a8d8ac: receive RaftClientReply:client-7F7296B99608->ffc7b071-00b3-4a69-8de5-2639a1a8d8ac@group-6911E2D50CC5, cid=4005, SUCCESS, logIndex=6656, commits[ffc7b071-00b3-4a69-8de5-2639a1a8d8ac:c6656]
2019-06-12 16:05:09,742 INFO  client.GrpcClientProtocolClient (GrpcClientProtocolClient.java:onNext(254)) - client-7F7296B99608->ffc7b071-00b3-4a69-8de5-2639a1a8d8ac: receive RaftClientReply:client-7F7296B99608->ffc7b071-00b3-4a69-8de5-2639a1a8d8ac@group-6911E2D50CC5, cid=4006, SUCCESS, logIndex=6658, commits[ffc7b071-00b3-4a69-8de5-2639a1a8d8ac:c6658]
2019-06-12 16:05:09,743 INFO  client.GrpcClientProtocolClient (GrpcClientProtocolClient.java:onNext(254)) - client-7F7296B99608->ffc7b071-00b3-4a69-8de5-2639a1a8d8ac: receive RaftClientReply:client-7F7296B99608->ffc7b071-00b3-4a69-8de5-2639a1a8d8ac@group-6911E2D50CC5, cid=4007, SUCCESS, logIndex=6659, commits[ffc7b071-00b3-4a69-8de5-2639a1a8d8ac:c6661]
2019-06-12 16:05:09,743 INFO  client.GrpcClientProtocolClient (GrpcClientProtocolClient.java:onNext(254)) - client-7F7296B99608->ffc7b071-00b3-4a69-8de5-2639a1a8d8ac: receive RaftClientReply:client-7F7296B99608->ffc7b071-00b3-4a69-8de5-2639a1a8d8ac@group-6911E2D50CC5, cid=4008, SUCCESS, logIndex=6660, commits[ffc7b071-00b3-4a69-8de5-2639a1a8d8ac:c6661]
2019-06-12 16:05:09,752 INFO  client.GrpcClientProtocolClient (GrpcClientProtocolClient.java:onNext(254)) - client-7F7296B99608->ffc7b071-00b3-4a69-8de5-2639a1a8d8ac: receive RaftClientReply:client-7F7296B99608->ffc7b071-00b3-4a69-8de5-2639a1a8d8ac@group-6911E2D50CC5, cid=4009, SUCCESS, logIndex=6662, commits[ffc7b071-00b3-4a69-8de5-2639a1a8d8ac:c6662]
2019-06-12 16:05:09,754 INFO  client.GrpcClientProtocolClient (GrpcClientProtocolClient.java:onNext(254)) - client-7F7296B99608->ffc7b071-00b3-4a69-8de5-2639a1a8d8ac: receive RaftClientReply:client-7F7296B99608->ffc7b071-00b3-4a69-8de5-2639a1a8d8ac@group-6911E2D50CC5, cid=4010, SUCCESS, logIndex=6664, commits[ffc7b071-00b3-4a69-8de5-2639a1a8d8ac:c6664]
2019-06-12 16:05:09,755 INFO  client.GrpcClientProtocolClient (GrpcClientProtocolClient.java:onNext(254)) - client-7F7296B99608->ffc7b071-00b3-4a69-8de5-2639a1a8d8ac: receive RaftClientReply:client-7F7296B99608->ffc7b071-00b3-4a69-8de5-2639a1a8d8ac@group-6911E2D50CC5, cid=4011, SUCCESS, logIndex=6665, commits[ffc7b071-00b3-4a69-8de5-2639a1a8d8ac:c6666]
2019-06-12 16:05:09,755 INFO  client.GrpcClientProtocolClient (GrpcClientProtocolClient.java:onNext(254)) - client-7F7296B99608->ffc7b071-00b3-4a69-8de5-2639a1a8d8ac: receive RaftClientReply:client-7F7296B99608->ffc7b071-00b3-4a69-8de5-2639a1a8d8ac@group-6911E2D50CC5, cid=4012, SUCCESS, logIndex=6666, commits[ffc7b071-00b3-4a69-8de5-2639a1a8d8ac:c6666]
2019-06-12 16:05:09,759 INFO  client.GrpcClientProtocolClient (GrpcClientProtocolClient.java:onNext(254)) - client-7F7296B99608->ffc7b071-00b3-4a69-8de5-2639a1a8d8ac: receive RaftClientReply:client-7F7296B99608->ffc7b071-00b3-4a69-8de5-2639a1a8d8ac@group-6911E2D50CC5, cid=4013, SUCCESS, logIndex=6669, commits[ffc7b071-00b3-4a69-8de5-2639a1a8d8ac:c6669]
2019-06-12 16:05:09,760 INFO  client.GrpcClientProtocolClient (GrpcClientProtocolClient.java:onNext(254)) - client-7F7296B99608->ffc7b071-00b3-4a69-8de5-2639a1a8d8ac: receive RaftClientReply:client-7F7296B99608->ffc7b071-00b3-4a69-8de5-2639a1a8d8ac@group-6911E2D50CC5, cid=4014, SUCCESS, logIndex=6671, commits[ffc7b071-00b3-4a69-8de5-2639a1a8d8ac:c6671]
2019-06-12 16:05:09,761 INFO  client.GrpcClientProtocolClient (GrpcClientProtocolClient.java:onNext(254)) - client-7F7296B99608->ffc7b071-00b3-4a69-8de5-2639a1a8d8ac: receive RaftClientReply:client-7F7296B99608->ffc7b071-00b3-4a69-8de5-2639a1a8d8ac@group-6911E2D50CC5, cid=4015, SUCCESS, logIndex=6672, commits[ffc7b071-00b3-4a69-8de5-2639a1a8d8ac:c6674]
2019-06-12 16:05:09,762 INFO  client.GrpcClientProtocolClient (GrpcClientProtocolClient.java:onNext(254)) - client-7F7296B99608->ffc7b071-00b3-4a69-8de5-2639a1a8d8ac: receive RaftClientReply:client-7F7296B99608->ffc7b071-00b3-4a69-8de5-2639a1a8d8ac@group-6911E2D50CC5, cid=4016, SUCCESS, logIndex=6673, commits[ffc7b071-00b3-4a69-8de5-2639a1a8d8ac:c6674]
2019-06-12 16:05:09,772 INFO  client.GrpcClientProtocolClient (GrpcClientProtocolClient.java:onNext(254)) - client-7F7296B99608->ffc7b071-00b3-4a69-8de5-2639a1a8d8ac: receive RaftClientReply:client-7F7296B99608->ffc7b071-00b3-4a69-8de5-2639a1a8d8ac@group-6911E2D50CC5, cid=4017, SUCCESS, logIndex=6675, commits[ffc7b071-00b3-4a69-8de5-2639a1a8d8ac:c6675]
2019-06-12 16:05:09,773 INFO  client.GrpcClientProtocolClient (GrpcClientProtocolClient.java:onNext(254)) - client-7F7296B99608->ffc7b071-00b3-4a69-8de5-2639a1a8d8ac: receive RaftClientReply:client-7F7296B99608->ffc7b071-00b3-4a69-8de5-2639a1a8d8ac@group-6911E2D50CC5, cid=4018, SUCCESS, logIndex=6677, commits[ffc7b071-00b3-4a69-8de5-2639a1a8d8ac:c6677]
2019-06-12 16:05:09,774 INFO  client.GrpcClientProtocolClient (GrpcClientProtocolClient.java:onNext(254)) - client-7F7296B99608->ffc7b071-00b3-4a69-8de5-2639a1a8d8ac: receive RaftClientReply:client-7F7296B99608->ffc7b071-00b3-4a69-8de5-2639a1a8d8ac@group-6911E2D50CC5, cid=4019, SUCCESS, logIndex=6678, commits[ffc7b071-00b3-4a69-8de5-2639a1a8d8ac:c6680]
2019-06-12 16:05:09,774 INFO  client.GrpcClientProtocolClient (GrpcClientProtocolClient.java:onNext(254)) - client-7F7296B99608->ffc7b071-00b3-4a69-8de5-2639a1a8d8ac: receive RaftClientReply:client-7F7296B99608->ffc7b071-00b3-4a69-8de5-2639a1a8d8ac@group-6911E2D50CC5, cid=4020, SUCCESS, logIndex=6679, commits[ffc7b071-00b3-4a69-8de5-2639a1a8d8ac:c6680]
2019-06-12 16:05:09,778 INFO  client.GrpcClientProtocolClient (GrpcClientProtocolClient.java:onNext(254)) - client-7F7296B99608->ffc7b071-00b3-4a69-8de5-2639a1a8d8ac: receive RaftClientReply:client-7F7296B99608->ffc7b071-00b3-4a69-8de5-2639a1a8d8ac@group-6911E2D50CC5, cid=4021, SUCCESS, logIndex=6681, commits[ffc7b071-00b3-4a69-8de5-2639a1a8d8ac:c6681]
2019-06-12 16:05:09,779 INFO  client.GrpcClientProtocolClient (GrpcClientProtocolClient.java:onNext(254)) - client-7F7296B99608->ffc7b071-00b3-4a69-8de5-2639a1a8d8ac: receive RaftClientReply:client-7F7296B99608->ffc7b071-00b3-4a69-8de5-2639a1a8d8ac@group-6911E2D50CC5, cid=4022, SUCCESS, logIndex=6683, commits[ffc7b071-00b3-4a69-8de5-2639a1a8d8ac:c6683]
2019-06-12 16:05:09,804 DEBUG block.SCMBlockDeletingService (SCMBlockDeletingService.java:call(138)) - Running DeletedBlockTransactionScanner
2019-06-12 16:05:09,804 DEBUG block.SCMBlockDeletingService (SCMBlockDeletingService.java:call(155)) - Scanned deleted blocks log and got 0 delTX to process.
2019-06-12 16:05:09,845 INFO  client.GrpcClientProtocolClient (GrpcClientProtocolClient.java:onNext(254)) - client-7F7296B99608->ffc7b071-00b3-4a69-8de5-2639a1a8d8ac: receive RaftClientReply:client-7F7296B99608->ffc7b071-00b3-4a69-8de5-2639a1a8d8ac@group-6911E2D50CC5, cid=4023, SUCCESS, logIndex=6685, commits[ffc7b071-00b3-4a69-8de5-2639a1a8d8ac:c6685]
2019-06-12 16:05:09,846 INFO  client.GrpcClientProtocolClient (GrpcClientProtocolClient.java:onNext(254)) - client-7F7296B99608->ffc7b071-00b3-4a69-8de5-2639a1a8d8ac: receive RaftClientReply:client-7F7296B99608->ffc7b071-00b3-4a69-8de5-2639a1a8d8ac@group-6911E2D50CC5, cid=4024, SUCCESS, logIndex=6687, commits[ffc7b071-00b3-4a69-8de5-2639a1a8d8ac:c6687]
2019-06-12 16:05:09,856 INFO  client.GrpcClientProtocolClient (GrpcClientProtocolClient.java:onNext(254)) - client-7F7296B99608->ffc7b071-00b3-4a69-8de5-2639a1a8d8ac: receive RaftClientReply:client-7F7296B99608->ffc7b071-00b3-4a69-8de5-2639a1a8d8ac@group-6911E2D50CC5, cid=4025, SUCCESS, logIndex=6689, commits[ffc7b071-00b3-4a69-8de5-2639a1a8d8ac:c6689]
2019-06-12 16:05:09,857 INFO  client.GrpcClientProtocolClient (GrpcClientProtocolClient.java:onNext(254)) - client-7F7296B99608->ffc7b071-00b3-4a69-8de5-2639a1a8d8ac: receive RaftClientReply:client-7F7296B99608->ffc7b071-00b3-4a69-8de5-2639a1a8d8ac@group-6911E2D50CC5, cid=4026, SUCCESS, logIndex=6691, commits[ffc7b071-00b3-4a69-8de5-2639a1a8d8ac:c6691]
2019-06-12 16:05:09,859 INFO  client.GrpcClientProtocolClient (GrpcClientProtocolClient.java:onNext(254)) - client-7F7296B99608->ffc7b071-00b3-4a69-8de5-2639a1a8d8ac: receive RaftClientReply:client-7F7296B99608->ffc7b071-00b3-4a69-8de5-2639a1a8d8ac@group-6911E2D50CC5, cid=4027, SUCCESS, logIndex=6692, commits[ffc7b071-00b3-4a69-8de5-2639a1a8d8ac:c6694]
2019-06-12 16:05:09,859 INFO  client.GrpcClientProtocolClient (GrpcClientProtocolClient.java:onNext(254)) - client-7F7296B99608->ffc7b071-00b3-4a69-8de5-2639a1a8d8ac: receive RaftClientReply:client-7F7296B99608->ffc7b071-00b3-4a69-8de5-2639a1a8d8ac@group-6911E2D50CC5, cid=4028, SUCCESS, logIndex=6693, commits[ffc7b071-00b3-4a69-8de5-2639a1a8d8ac:c6694]
2019-06-12 16:05:09,863 INFO  client.GrpcClientProtocolClient (GrpcClientProtocolClient.java:onNext(254)) - client-7F7296B99608->ffc7b071-00b3-4a69-8de5-2639a1a8d8ac: receive RaftClientReply:client-7F7296B99608->ffc7b071-00b3-4a69-8de5-2639a1a8d8ac@group-6911E2D50CC5, cid=4029, SUCCESS, logIndex=6695, commits[ffc7b071-00b3-4a69-8de5-2639a1a8d8ac:c6695]
2019-06-12 16:05:09,864 INFO  client.GrpcClientProtocolClient (GrpcClientProtocolClient.java:onNext(254)) - client-7F7296B99608->ffc7b071-00b3-4a69-8de5-2639a1a8d8ac: receive RaftClientReply:client-7F7296B99608->ffc7b071-00b3-4a69-8de5-2639a1a8d8ac@group-6911E2D50CC5, cid=4030, SUCCESS, logIndex=6697, commits[ffc7b071-00b3-4a69-8de5-2639a1a8d8ac:c6697]
2019-06-12 16:05:09,866 INFO  client.GrpcClientProtocolClient (GrpcClientProtocolClient.java:onNext(254)) - client-7F7296B99608->ffc7b071-00b3-4a69-8de5-2639a1a8d8ac: receive RaftClientReply:client-7F7296B99608->ffc7b071-00b3-4a69-8de5-2639a1a8d8ac@group-6911E2D50CC5, cid=4031, SUCCESS, logIndex=6698, commits[ffc7b071-00b3-4a69-8de5-2639a1a8d8ac:c6700]
2019-06-12 16:05:09,866 INFO  client.GrpcClientProtocolClient (GrpcClientProtocolClient.java:onNext(254)) - client-7F7296B99608->ffc7b071-00b3-4a69-8de5-2639a1a8d8ac: receive RaftClientReply:client-7F7296B99608->ffc7b071-00b3-4a69-8de5-2639a1a8d8ac@group-6911E2D50CC5, cid=4032, SUCCESS, logIndex=6699, commits[ffc7b071-00b3-4a69-8de5-2639a1a8d8ac:c6700]
2019-06-12 16:05:09,876 INFO  client.GrpcClientProtocolClient (GrpcClientProtocolClient.java:onNext(254)) - client-7F7296B99608->ffc7b071-00b3-4a69-8de5-2639a1a8d8ac: receive RaftClientReply:client-7F7296B99608->ffc7b071-00b3-4a69-8de5-2639a1a8d8ac@group-6911E2D50CC5, cid=4033, SUCCESS, logIndex=6701, commits[ffc7b071-00b3-4a69-8de5-2639a1a8d8ac:c6701]
2019-06-12 16:05:09,877 INFO  client.GrpcClientProtocolClient (GrpcClientProtocolClient.java:onNext(254)) - client-7F7296B99608->ffc7b071-00b3-4a69-8de5-2639a1a8d8ac: receive RaftClientReply:client-7F7296B99608->ffc7b071-00b3-4a69-8de5-2639a1a8d8ac@group-6911E2D50CC5, cid=4034, SUCCESS, logIndex=6703, commits[ffc7b071-00b3-4a69-8de5-2639a1a8d8ac:c6703]
2019-06-12 16:05:09,879 INFO  client.GrpcClientProtocolClient (GrpcClientProtocolClient.java:onNext(254)) - client-7F7296B99608->ffc7b071-00b3-4a69-8de5-2639a1a8d8ac: receive RaftClientReply:client-7F7296B99608->ffc7b071-00b3-4a69-8de5-2639a1a8d8ac@group-6911E2D50CC5, cid=4035, SUCCESS, logIndex=6705, commits[ffc7b071-00b3-4a69-8de5-2639a1a8d8ac:c6706]
2019-06-12 16:05:09,879 INFO  client.GrpcClientProtocolClient (GrpcClientProtocolClient.java:onNext(254)) - client-7F7296B99608->ffc7b071-00b3-4a69-8de5-2639a1a8d8ac: receive RaftClientReply:client-7F7296B99608->ffc7b071-00b3-4a69-8de5-2639a1a8d8ac@group-6911E2D50CC5, cid=4036, SUCCESS, logIndex=6706, commits[ffc7b071-00b3-4a69-8de5-2639a1a8d8ac:c6706]
2019-06-12 16:05:09,884 INFO  client.GrpcClientProtocolClient (GrpcClientProtocolClient.java:onNext(254)) - client-7F7296B99608->ffc7b071-00b3-4a69-8de5-2639a1a8d8ac: receive RaftClientReply:client-7F7296B99608->ffc7b071-00b3-4a69-8de5-2639a1a8d8ac@group-6911E2D50CC5, cid=4037, SUCCESS, logIndex=6708, commits[ffc7b071-00b3-4a69-8de5-2639a1a8d8ac:c6708]
2019-06-12 16:05:09,885 INFO  client.GrpcClientProtocolClient (GrpcClientProtocolClient.java:onNext(254)) - client-7F7296B99608->ffc7b071-00b3-4a69-8de5-2639a1a8d8ac: receive RaftClientReply:client-7F7296B99608->ffc7b071-00b3-4a69-8de5-2639a1a8d8ac@group-6911E2D50CC5, cid=4038, SUCCESS, logIndex=6710, commits[ffc7b071-00b3-4a69-8de5-2639a1a8d8ac:c6710]
2019-06-12 16:05:09,886 INFO  client.GrpcClientProtocolClient (GrpcClientProtocolClient.java:onNext(254)) - client-7F7296B99608->ffc7b071-00b3-4a69-8de5-2639a1a8d8ac: receive RaftClientReply:client-7F7296B99608->ffc7b071-00b3-4a69-8de5-2639a1a8d8ac@group-6911E2D50CC5, cid=4039, SUCCESS, logIndex=6711, commits[ffc7b071-00b3-4a69-8de5-2639a1a8d8ac:c6713]
2019-06-12 16:05:09,887 INFO  client.GrpcClientProtocolClient (GrpcClientProtocolClient.java:onNext(254)) - client-7F7296B99608->ffc7b071-00b3-4a69-8de5-2639a1a8d8ac: receive RaftClientReply:client-7F7296B99608->ffc7b071-00b3-4a69-8de5-2639a1a8d8ac@group-6911E2D50CC5, cid=4040, SUCCESS, logIndex=6712, commits[ffc7b071-00b3-4a69-8de5-2639a1a8d8ac:c6713]
2019-06-12 16:05:09,932 DEBUG block.SCMBlockDeletingService (SCMBlockDeletingService.java:call(138)) - Running DeletedBlockTransactionScanner
2019-06-12 16:05:09,932 DEBUG block.SCMBlockDeletingService (SCMBlockDeletingService.java:call(155)) - Scanned deleted blocks log and got 0 delTX to process.
2019-06-12 16:05:09,937 INFO  storage.RaftLogWorker (RaftLogWorker.java:rollLogSegment(303)) - ffc7b071-00b3-4a69-8de5-2639a1a8d8ac-RaftLogWorker: Rolling segment log-6646_6713 to index:6713
2019-06-12 16:05:09,938 INFO  storage.RaftLogWorker (RaftLogWorker.java:execute(433)) - ffc7b071-00b3-4a69-8de5-2639a1a8d8ac-RaftLogWorker: Rolled log segment from /opt/src/hadoop-ozone/integration-test/target/test-dir/MiniOzoneClusterImpl-a1c7246e-c692-4524-ad55-32b507b20431/datanode-0/data/ratis/4417d833-4fb6-4fa2-9413-6911e2d50cc5/current/log_inprogress_6646 to /opt/src/hadoop-ozone/integration-test/target/test-dir/MiniOzoneClusterImpl-a1c7246e-c692-4524-ad55-32b507b20431/datanode-0/data/ratis/4417d833-4fb6-4fa2-9413-6911e2d50cc5/current/log_6646-6713
2019-06-12 16:05:09,973 INFO  storage.RaftLogWorker (RaftLogWorker.java:execute(469)) - ffc7b071-00b3-4a69-8de5-2639a1a8d8ac-RaftLogWorker: created new log segment /opt/src/hadoop-ozone/integration-test/target/test-dir/MiniOzoneClusterImpl-a1c7246e-c692-4524-ad55-32b507b20431/datanode-0/data/ratis/4417d833-4fb6-4fa2-9413-6911e2d50cc5/current/log_inprogress_6714
2019-06-12 16:05:09,975 INFO  client.GrpcClientProtocolClient (GrpcClientProtocolClient.java:onNext(254)) - client-7F7296B99608->ffc7b071-00b3-4a69-8de5-2639a1a8d8ac: receive RaftClientReply:client-7F7296B99608->ffc7b071-00b3-4a69-8de5-2639a1a8d8ac@group-6911E2D50CC5, cid=4041, SUCCESS, logIndex=6714, commits[ffc7b071-00b3-4a69-8de5-2639a1a8d8ac:c6714]
2019-06-12 16:05:09,976 INFO  client.GrpcClientProtocolClient (GrpcClientProtocolClient.java:onNext(254)) - client-7F7296B99608->ffc7b071-00b3-4a69-8de5-2639a1a8d8ac: receive RaftClientReply:client-7F7296B99608->ffc7b071-00b3-4a69-8de5-2639a1a8d8ac@group-6911E2D50CC5, cid=4042, SUCCESS, logIndex=6716, commits[ffc7b071-00b3-4a69-8de5-2639a1a8d8ac:c6716]
2019-06-12 16:05:09,977 INFO  client.GrpcClientProtocolClient (GrpcClientProtocolClient.java:onNext(254)) - client-7F7296B99608->ffc7b071-00b3-4a69-8de5-2639a1a8d8ac: receive RaftClientReply:client-7F7296B99608->ffc7b071-00b3-4a69-8de5-2639a1a8d8ac@group-6911E2D50CC5, cid=4043, SUCCESS, logIndex=6717, commits[ffc7b071-00b3-4a69-8de5-2639a1a8d8ac:c6719]
2019-06-12 16:05:09,978 INFO  client.GrpcClientProtocolClient (GrpcClientProtocolClient.java:onNext(254)) - client-7F7296B99608->ffc7b071-00b3-4a69-8de5-2639a1a8d8ac: receive RaftClientReply:client-7F7296B99608->ffc7b071-00b3-4a69-8de5-2639a1a8d8ac@group-6911E2D50CC5, cid=4044, SUCCESS, logIndex=6718, commits[ffc7b071-00b3-4a69-8de5-2639a1a8d8ac:c6719]
2019-06-12 16:05:09,983 INFO  client.GrpcClientProtocolClient (GrpcClientProtocolClient.java:onNext(254)) - client-7F7296B99608->ffc7b071-00b3-4a69-8de5-2639a1a8d8ac: receive RaftClientReply:client-7F7296B99608->ffc7b071-00b3-4a69-8de5-2639a1a8d8ac@group-6911E2D50CC5, cid=4045, SUCCESS, logIndex=6720, commits[ffc7b071-00b3-4a69-8de5-2639a1a8d8ac:c6720]
2019-06-12 16:05:09,984 INFO  client.GrpcClientProtocolClient (GrpcClientProtocolClient.java:onNext(254)) - client-7F7296B99608->ffc7b071-00b3-4a69-8de5-2639a1a8d8ac: receive RaftClientReply:client-7F7296B99608->ffc7b071-00b3-4a69-8de5-2639a1a8d8ac@group-6911E2D50CC5, cid=4046, SUCCESS, logIndex=6722, commits[ffc7b071-00b3-4a69-8de5-2639a1a8d8ac:c6722]
2019-06-12 16:05:09,987 INFO  client.GrpcClientProtocolClient (GrpcClientProtocolClient.java:onNext(254)) - client-7F7296B99608->ffc7b071-00b3-4a69-8de5-2639a1a8d8ac: receive RaftClientReply:client-7F7296B99608->ffc7b071-00b3-4a69-8de5-2639a1a8d8ac@group-6911E2D50CC5, cid=4047, SUCCESS, logIndex=6724, commits[ffc7b071-00b3-4a69-8de5-2639a1a8d8ac:c6725]
2019-06-12 16:05:09,987 INFO  client.GrpcClientProtocolClient (GrpcClientProtocolClient.java:onNext(254)) - client-7F7296B99608->ffc7b071-00b3-4a69-8de5-2639a1a8d8ac: receive RaftClientReply:client-7F7296B99608->ffc7b071-00b3-4a69-8de5-2639a1a8d8ac@group-6911E2D50CC5, cid=4048, SUCCESS, logIndex=6725, commits[ffc7b071-00b3-4a69-8de5-2639a1a8d8ac:c6725]
2019-06-12 16:05:09,999 INFO  client.GrpcClientProtocolClient (GrpcClientProtocolClient.java:onNext(254)) - client-7F7296B99608->ffc7b071-00b3-4a69-8de5-2639a1a8d8ac: receive RaftClientReply:client-7F7296B99608->ffc7b071-00b3-4a69-8de5-2639a1a8d8ac@group-6911E2D50CC5, cid=4049, SUCCESS, logIndex=6727, commits[ffc7b071-00b3-4a69-8de5-2639a1a8d8ac:c6727]
2019-06-12 16:05:10,000 INFO  client.GrpcClientProtocolClient (GrpcClientProtocolClient.java:onNext(254)) - client-7F7296B99608->ffc7b071-00b3-4a69-8de5-2639a1a8d8ac: receive RaftClientReply:client-7F7296B99608->ffc7b071-00b3-4a69-8de5-2639a1a8d8ac@group-6911E2D50CC5, cid=4050, SUCCESS, logIndex=6729, commits[ffc7b071-00b3-4a69-8de5-2639a1a8d8ac:c6729]
2019-06-12 16:05:10,001 INFO  client.GrpcClientProtocolClient (GrpcClientProtocolClient.java:onNext(254)) - client-7F7296B99608->ffc7b071-00b3-4a69-8de5-2639a1a8d8ac: receive RaftClientReply:client-7F7296B99608->ffc7b071-00b3-4a69-8de5-2639a1a8d8ac@group-6911E2D50CC5, cid=4051, SUCCESS, logIndex=6730, commits[ffc7b071-00b3-4a69-8de5-2639a1a8d8ac:c6730]
2019-06-12 16:05:10,001 INFO  client.GrpcClientProtocolClient (GrpcClientProtocolClient.java:onNext(254)) - client-7F7296B99608->ffc7b071-00b3-4a69-8de5-2639a1a8d8ac: receive RaftClientReply:client-7F7296B99608->ffc7b071-00b3-4a69-8de5-2639a1a8d8ac@group-6911E2D50CC5, cid=4052, SUCCESS, logIndex=6732, commits[ffc7b071-00b3-4a69-8de5-2639a1a8d8ac:c6732]
2019-06-12 16:05:10,006 INFO  client.GrpcClientProtocolClient (GrpcClientProtocolClient.java:onNext(254)) - client-7F7296B99608->ffc7b071-00b3-4a69-8de5-2639a1a8d8ac: receive RaftClientReply:client-7F7296B99608->ffc7b071-00b3-4a69-8de5-2639a1a8d8ac@group-6911E2D50CC5, cid=4053, SUCCESS, logIndex=6735, commits[ffc7b071-00b3-4a69-8de5-2639a1a8d8ac:c6735]
2019-06-12 16:05:10,007 INFO  client.GrpcClientProtocolClient (GrpcClientProtocolClient.java:onNext(254)) - client-7F7296B99608->ffc7b071-00b3-4a69-8de5-2639a1a8d8ac: receive RaftClientReply:client-7F7296B99608->ffc7b071-00b3-4a69-8de5-2639a1a8d8ac@group-6911E2D50CC5, cid=4054, SUCCESS, logIndex=6737, commits[ffc7b071-00b3-4a69-8de5-2639a1a8d8ac:c6737]
2019-06-12 16:05:10,009 INFO  client.GrpcClientProtocolClient (GrpcClientProtocolClient.java:onNext(254)) - client-7F7296B99608->ffc7b071-00b3-4a69-8de5-2639a1a8d8ac: receive RaftClientReply:client-7F7296B99608->ffc7b071-00b3-4a69-8de5-2639a1a8d8ac@group-6911E2D50CC5, cid=4055, SUCCESS, logIndex=6738, commits[ffc7b071-00b3-4a69-8de5-2639a1a8d8ac:c6740]
2019-06-12 16:05:10,009 INFO  client.GrpcClientProtocolClient (GrpcClientProtocolClient.java:onNext(254)) - client-7F7296B99608->ffc7b071-00b3-4a69-8de5-2639a1a8d8ac: receive RaftClientReply:client-7F7296B99608->ffc7b071-00b3-4a69-8de5-2639a1a8d8ac@group-6911E2D50CC5, cid=4056, SUCCESS, logIndex=6739, commits[ffc7b071-00b3-4a69-8de5-2639a1a8d8ac:c6740]
2019-06-12 16:05:10,020 INFO  client.GrpcClientProtocolClient (GrpcClientProtocolClient.java:onNext(254)) - client-7F7296B99608->ffc7b071-00b3-4a69-8de5-2639a1a8d8ac: receive RaftClientReply:client-7F7296B99608->ffc7b071-00b3-4a69-8de5-2639a1a8d8ac@group-6911E2D50CC5, cid=4057, SUCCESS, logIndex=6741, commits[ffc7b071-00b3-4a69-8de5-2639a1a8d8ac:c6741]
2019-06-12 16:05:10,022 INFO  client.GrpcClientProtocolClient (GrpcClientProtocolClient.java:onNext(254)) - client-7F7296B99608->ffc7b071-00b3-4a69-8de5-2639a1a8d8ac: receive RaftClientReply:client-7F7296B99608->ffc7b071-00b3-4a69-8de5-2639a1a8d8ac@group-6911E2D50CC5, cid=4058, SUCCESS, logIndex=6743, commits[ffc7b071-00b3-4a69-8de5-2639a1a8d8ac:c6743]
2019-06-12 16:05:10,022 INFO  client.GrpcClientProtocolClient (GrpcClientProtocolClient.java:onNext(254)) - client-7F7296B99608->ffc7b071-00b3-4a69-8de5-2639a1a8d8ac: receive RaftClientReply:client-7F7296B99608->ffc7b071-00b3-4a69-8de5-2639a1a8d8ac@group-6911E2D50CC5, cid=4059, SUCCESS, logIndex=6744, commits[ffc7b071-00b3-4a69-8de5-2639a1a8d8ac:c6746]
2019-06-12 16:05:10,023 INFO  client.GrpcClientProtocolClient (GrpcClientProtocolClient.java:onNext(254)) - client-7F7296B99608->ffc7b071-00b3-4a69-8de5-2639a1a8d8ac: receive RaftClientReply:client-7F7296B99608->ffc7b071-00b3-4a69-8de5-2639a1a8d8ac@group-6911E2D50CC5, cid=4060, SUCCESS, logIndex=6745, commits[ffc7b071-00b3-4a69-8de5-2639a1a8d8ac:c6746]
2019-06-12 16:05:10,027 INFO  client.GrpcClientProtocolClient (GrpcClientProtocolClient.java:onNext(254)) - client-7F7296B99608->ffc7b071-00b3-4a69-8de5-2639a1a8d8ac: receive RaftClientReply:client-7F7296B99608->ffc7b071-00b3-4a69-8de5-2639a1a8d8ac@group-6911E2D50CC5, cid=4061, SUCCESS, logIndex=6747, commits[ffc7b071-00b3-4a69-8de5-2639a1a8d8ac:c6747]
2019-06-12 16:05:10,029 INFO  client.GrpcClientProtocolClient (GrpcClientProtocolClient.java:onNext(254)) - client-7F7296B99608->ffc7b071-00b3-4a69-8de5-2639a1a8d8ac: receive RaftClientReply:client-7F7296B99608->ffc7b071-00b3-4a69-8de5-2639a1a8d8ac@group-6911E2D50CC5, cid=4062, SUCCESS, logIndex=6749, commits[ffc7b071-00b3-4a69-8de5-2639a1a8d8ac:c6749]
2019-06-12 16:05:10,030 INFO  client.GrpcClientProtocolClient (GrpcClientProtocolClient.java:onNext(254)) - client-7F7296B99608->ffc7b071-00b3-4a69-8de5-2639a1a8d8ac: receive RaftClientReply:client-7F7296B99608->ffc7b071-00b3-4a69-8de5-2639a1a8d8ac@group-6911E2D50CC5, cid=4063, SUCCESS, logIndex=6750, commits[ffc7b071-00b3-4a69-8de5-2639a1a8d8ac:c6750]
2019-06-12 16:05:10,031 INFO  client.GrpcClientProtocolClient (GrpcClientProtocolClient.java:onNext(254)) - client-7F7296B99608->ffc7b071-00b3-4a69-8de5-2639a1a8d8ac: receive RaftClientReply:client-7F7296B99608->ffc7b071-00b3-4a69-8de5-2639a1a8d8ac@group-6911E2D50CC5, cid=4064, SUCCESS, logIndex=6753, commits[ffc7b071-00b3-4a69-8de5-2639a1a8d8ac:c6753]
2019-06-12 16:05:10,032 DEBUG block.SCMBlockDeletingService (SCMBlockDeletingService.java:call(138)) - Running DeletedBlockTransactionScanner
2019-06-12 16:05:10,032 DEBUG block.SCMBlockDeletingService (SCMBlockDeletingService.java:call(155)) - Scanned deleted blocks log and got 0 delTX to process.
2019-06-12 16:05:10,043 INFO  client.GrpcClientProtocolClient (GrpcClientProtocolClient.java:onNext(254)) - client-7F7296B99608->ffc7b071-00b3-4a69-8de5-2639a1a8d8ac: receive RaftClientReply:client-7F7296B99608->ffc7b071-00b3-4a69-8de5-2639a1a8d8ac@group-6911E2D50CC5, cid=4065, SUCCESS, logIndex=6755, commits[ffc7b071-00b3-4a69-8de5-2639a1a8d8ac:c6755]
2019-06-12 16:05:10,044 INFO  client.GrpcClientProtocolClient (GrpcClientProtocolClient.java:onNext(254)) - client-7F7296B99608->ffc7b071-00b3-4a69-8de5-2639a1a8d8ac: receive RaftClientReply:client-7F7296B99608->ffc7b071-00b3-4a69-8de5-2639a1a8d8ac@group-6911E2D50CC5, cid=4066, SUCCESS, logIndex=6757, commits[ffc7b071-00b3-4a69-8de5-2639a1a8d8ac:c6757]
2019-06-12 16:05:10,114 INFO  client.GrpcClientProtocolClient (GrpcClientProtocolClient.java:onNext(254)) - client-7F7296B99608->ffc7b071-00b3-4a69-8de5-2639a1a8d8ac: receive RaftClientReply:client-7F7296B99608->ffc7b071-00b3-4a69-8de5-2639a1a8d8ac@group-6911E2D50CC5, cid=4067, SUCCESS, logIndex=6759, commits[ffc7b071-00b3-4a69-8de5-2639a1a8d8ac:c6759]
2019-06-12 16:05:10,115 INFO  client.GrpcClientProtocolClient (GrpcClientProtocolClient.java:onNext(254)) - client-7F7296B99608->ffc7b071-00b3-4a69-8de5-2639a1a8d8ac: receive RaftClientReply:client-7F7296B99608->ffc7b071-00b3-4a69-8de5-2639a1a8d8ac@group-6911E2D50CC5, cid=4068, SUCCESS, logIndex=6761, commits[ffc7b071-00b3-4a69-8de5-2639a1a8d8ac:c6761]
2019-06-12 16:05:10,120 INFO  client.GrpcClientProtocolClient (GrpcClientProtocolClient.java:onNext(254)) - client-7F7296B99608->ffc7b071-00b3-4a69-8de5-2639a1a8d8ac: receive RaftClientReply:client-7F7296B99608->ffc7b071-00b3-4a69-8de5-2639a1a8d8ac@group-6911E2D50CC5, cid=4069, SUCCESS, logIndex=6763, commits[ffc7b071-00b3-4a69-8de5-2639a1a8d8ac:c6763]
2019-06-12 16:05:10,121 INFO  client.GrpcClientProtocolClient (GrpcClientProtocolClient.java:onNext(254)) - client-7F7296B99608->ffc7b071-00b3-4a69-8de5-2639a1a8d8ac: receive RaftClientReply:client-7F7296B99608->ffc7b071-00b3-4a69-8de5-2639a1a8d8ac@group-6911E2D50CC5, cid=4070, SUCCESS, logIndex=6765, commits[ffc7b071-00b3-4a69-8de5-2639a1a8d8ac:c6765]
2019-06-12 16:05:10,122 INFO  client.GrpcClientProtocolClient (GrpcClientProtocolClient.java:onNext(254)) - client-7F7296B99608->ffc7b071-00b3-4a69-8de5-2639a1a8d8ac: receive RaftClientReply:client-7F7296B99608->ffc7b071-00b3-4a69-8de5-2639a1a8d8ac@group-6911E2D50CC5, cid=4071, SUCCESS, logIndex=6766, commits[ffc7b071-00b3-4a69-8de5-2639a1a8d8ac:c6768]
2019-06-12 16:05:10,122 INFO  client.GrpcClientProtocolClient (GrpcClientProtocolClient.java:onNext(254)) - client-7F7296B99608->ffc7b071-00b3-4a69-8de5-2639a1a8d8ac: receive RaftClientReply:client-7F7296B99608->ffc7b071-00b3-4a69-8de5-2639a1a8d8ac@group-6911E2D50CC5, cid=4072, SUCCESS, logIndex=6767, commits[ffc7b071-00b3-4a69-8de5-2639a1a8d8ac:c6768]
2019-06-12 16:05:10,132 INFO  client.GrpcClientProtocolClient (GrpcClientProtocolClient.java:onNext(254)) - client-7F7296B99608->ffc7b071-00b3-4a69-8de5-2639a1a8d8ac: receive RaftClientReply:client-7F7296B99608->ffc7b071-00b3-4a69-8de5-2639a1a8d8ac@group-6911E2D50CC5, cid=4073, SUCCESS, logIndex=6769, commits[ffc7b071-00b3-4a69-8de5-2639a1a8d8ac:c6769]
2019-06-12 16:05:10,133 DEBUG block.SCMBlockDeletingService (SCMBlockDeletingService.java:call(138)) - Running DeletedBlockTransactionScanner
2019-06-12 16:05:10,133 DEBUG block.SCMBlockDeletingService (SCMBlockDeletingService.java:call(155)) - Scanned deleted blocks log and got 0 delTX to process.
2019-06-12 16:05:10,134 INFO  client.GrpcClientProtocolClient (GrpcClientProtocolClient.java:onNext(254)) - client-7F7296B99608->ffc7b071-00b3-4a69-8de5-2639a1a8d8ac: receive RaftClientReply:client-7F7296B99608->ffc7b071-00b3-4a69-8de5-2639a1a8d8ac@group-6911E2D50CC5, cid=4074, SUCCESS, logIndex=6771, commits[ffc7b071-00b3-4a69-8de5-2639a1a8d8ac:c6771]
2019-06-12 16:05:10,135 INFO  client.GrpcClientProtocolClient (GrpcClientProtocolClient.java:onNext(254)) - client-7F7296B99608->ffc7b071-00b3-4a69-8de5-2639a1a8d8ac: receive RaftClientReply:client-7F7296B99608->ffc7b071-00b3-4a69-8de5-2639a1a8d8ac@group-6911E2D50CC5, cid=4075, SUCCESS, logIndex=6772, commits[ffc7b071-00b3-4a69-8de5-2639a1a8d8ac:c6774]
2019-06-12 16:05:10,135 INFO  client.GrpcClientProtocolClient (GrpcClientProtocolClient.java:onNext(254)) - client-7F7296B99608->ffc7b071-00b3-4a69-8de5-2639a1a8d8ac: receive RaftClientReply:client-7F7296B99608->ffc7b071-00b3-4a69-8de5-2639a1a8d8ac@group-6911E2D50CC5, cid=4076, SUCCESS, logIndex=6773, commits[ffc7b071-00b3-4a69-8de5-2639a1a8d8ac:c6774]
2019-06-12 16:05:10,140 INFO  client.GrpcClientProtocolClient (GrpcClientProtocolClient.java:onNext(254)) - client-7F7296B99608->ffc7b071-00b3-4a69-8de5-2639a1a8d8ac: receive RaftClientReply:client-7F7296B99608->ffc7b071-00b3-4a69-8de5-2639a1a8d8ac@group-6911E2D50CC5, cid=4077, SUCCESS, logIndex=6775, commits[ffc7b071-00b3-4a69-8de5-2639a1a8d8ac:c6775]
2019-06-12 16:05:10,141 INFO  client.GrpcClientProtocolClient (GrpcClientProtocolClient.java:onNext(254)) - client-7F7296B99608->ffc7b071-00b3-4a69-8de5-2639a1a8d8ac: receive RaftClientReply:client-7F7296B99608->ffc7b071-00b3-4a69-8de5-2639a1a8d8ac@group-6911E2D50CC5, cid=4078, SUCCESS, logIndex=6777, commits[ffc7b071-00b3-4a69-8de5-2639a1a8d8ac:c6777]
2019-06-12 16:05:10,143 INFO  client.GrpcClientProtocolClient (GrpcClientProtocolClient.java:onNext(254)) - client-7F7296B99608->ffc7b071-00b3-4a69-8de5-2639a1a8d8ac: receive RaftClientReply:client-7F7296B99608->ffc7b071-00b3-4a69-8de5-2639a1a8d8ac@group-6911E2D50CC5, cid=4079, SUCCESS, logIndex=6779, commits[ffc7b071-00b3-4a69-8de5-2639a1a8d8ac:c6780]
2019-06-12 16:05:10,144 INFO  client.GrpcClientProtocolClient (GrpcClientProtocolClient.java:onNext(254)) - client-7F7296B99608->ffc7b071-00b3-4a69-8de5-2639a1a8d8ac: receive RaftClientReply:client-7F7296B99608->ffc7b071-00b3-4a69-8de5-2639a1a8d8ac@group-6911E2D50CC5, cid=4080, SUCCESS, logIndex=6780, commits[ffc7b071-00b3-4a69-8de5-2639a1a8d8ac:c6780]
2019-06-12 16:05:10,158 INFO  client.GrpcClientProtocolClient (GrpcClientProtocolClient.java:onNext(254)) - client-7F7296B99608->ffc7b071-00b3-4a69-8de5-2639a1a8d8ac: receive RaftClientReply:client-7F7296B99608->ffc7b071-00b3-4a69-8de5-2639a1a8d8ac@group-6911E2D50CC5, cid=4081, SUCCESS, logIndex=6782, commits[ffc7b071-00b3-4a69-8de5-2639a1a8d8ac:c6782]
2019-06-12 16:05:10,164 INFO  client.GrpcClientProtocolClient (GrpcClientProtocolClient.java:onNext(254)) - client-7F7296B99608->ffc7b071-00b3-4a69-8de5-2639a1a8d8ac: receive RaftClientReply:client-7F7296B99608->ffc7b071-00b3-4a69-8de5-2639a1a8d8ac@group-6911E2D50CC5, cid=4082, SUCCESS, logIndex=6784, commits[ffc7b071-00b3-4a69-8de5-2639a1a8d8ac:c6784]
2019-06-12 16:05:10,164 INFO  client.GrpcClientProtocolClient (GrpcClientProtocolClient.java:onNext(254)) - client-7F7296B99608->ffc7b071-00b3-4a69-8de5-2639a1a8d8ac: receive RaftClientReply:client-7F7296B99608->ffc7b071-00b3-4a69-8de5-2639a1a8d8ac@group-6911E2D50CC5, cid=4083, SUCCESS, logIndex=6785, commits[ffc7b071-00b3-4a69-8de5-2639a1a8d8ac:c6787]
2019-06-12 16:05:10,164 INFO  client.GrpcClientProtocolClient (GrpcClientProtocolClient.java:onNext(254)) - client-7F7296B99608->ffc7b071-00b3-4a69-8de5-2639a1a8d8ac: receive RaftClientReply:client-7F7296B99608->ffc7b071-00b3-4a69-8de5-2639a1a8d8ac@group-6911E2D50CC5, cid=4084, SUCCESS, logIndex=6787, commits[ffc7b071-00b3-4a69-8de5-2639a1a8d8ac:c6787]
2019-06-12 16:05:10,167 INFO  storage.RaftLogWorker (RaftLogWorker.java:rollLogSegment(303)) - ffc7b071-00b3-4a69-8de5-2639a1a8d8ac-RaftLogWorker: Rolling segment log-6714_6788 to index:6788
2019-06-12 16:05:10,168 INFO  storage.RaftLogWorker (RaftLogWorker.java:execute(433)) - ffc7b071-00b3-4a69-8de5-2639a1a8d8ac-RaftLogWorker: Rolled log segment from /opt/src/hadoop-ozone/integration-test/target/test-dir/MiniOzoneClusterImpl-a1c7246e-c692-4524-ad55-32b507b20431/datanode-0/data/ratis/4417d833-4fb6-4fa2-9413-6911e2d50cc5/current/log_inprogress_6714 to /opt/src/hadoop-ozone/integration-test/target/test-dir/MiniOzoneClusterImpl-a1c7246e-c692-4524-ad55-32b507b20431/datanode-0/data/ratis/4417d833-4fb6-4fa2-9413-6911e2d50cc5/current/log_6714-6788
2019-06-12 16:05:10,209 INFO  storage.RaftLogWorker (RaftLogWorker.java:execute(469)) - ffc7b071-00b3-4a69-8de5-2639a1a8d8ac-RaftLogWorker: created new log segment /opt/src/hadoop-ozone/integration-test/target/test-dir/MiniOzoneClusterImpl-a1c7246e-c692-4524-ad55-32b507b20431/datanode-0/data/ratis/4417d833-4fb6-4fa2-9413-6911e2d50cc5/current/log_inprogress_6789
2019-06-12 16:05:10,211 INFO  client.GrpcClientProtocolClient (GrpcClientProtocolClient.java:onNext(254)) - client-7F7296B99608->ffc7b071-00b3-4a69-8de5-2639a1a8d8ac: receive RaftClientReply:client-7F7296B99608->ffc7b071-00b3-4a69-8de5-2639a1a8d8ac@group-6911E2D50CC5, cid=4085, SUCCESS, logIndex=6789, commits[ffc7b071-00b3-4a69-8de5-2639a1a8d8ac:c6789]
2019-06-12 16:05:10,212 INFO  client.GrpcClientProtocolClient (GrpcClientProtocolClient.java:onNext(254)) - client-7F7296B99608->ffc7b071-00b3-4a69-8de5-2639a1a8d8ac: receive RaftClientReply:client-7F7296B99608->ffc7b071-00b3-4a69-8de5-2639a1a8d8ac@group-6911E2D50CC5, cid=4086, SUCCESS, logIndex=6791, commits[ffc7b071-00b3-4a69-8de5-2639a1a8d8ac:c6791]
2019-06-12 16:05:10,213 INFO  client.GrpcClientProtocolClient (GrpcClientProtocolClient.java:onNext(254)) - client-7F7296B99608->ffc7b071-00b3-4a69-8de5-2639a1a8d8ac: receive RaftClientReply:client-7F7296B99608->ffc7b071-00b3-4a69-8de5-2639a1a8d8ac@group-6911E2D50CC5, cid=4087, SUCCESS, logIndex=6792, commits[ffc7b071-00b3-4a69-8de5-2639a1a8d8ac:c6794]
2019-06-12 16:05:10,214 INFO  client.GrpcClientProtocolClient (GrpcClientProtocolClient.java:onNext(254)) - client-7F7296B99608->ffc7b071-00b3-4a69-8de5-2639a1a8d8ac: receive RaftClientReply:client-7F7296B99608->ffc7b071-00b3-4a69-8de5-2639a1a8d8ac@group-6911E2D50CC5, cid=4088, SUCCESS, logIndex=6793, commits[ffc7b071-00b3-4a69-8de5-2639a1a8d8ac:c6794]
2019-06-12 16:05:10,225 INFO  client.GrpcClientProtocolClient (GrpcClientProtocolClient.java:onNext(254)) - client-7F7296B99608->ffc7b071-00b3-4a69-8de5-2639a1a8d8ac: receive RaftClientReply:client-7F7296B99608->ffc7b071-00b3-4a69-8de5-2639a1a8d8ac@group-6911E2D50CC5, cid=4089, SUCCESS, logIndex=6795, commits[ffc7b071-00b3-4a69-8de5-2639a1a8d8ac:c6795]
2019-06-12 16:05:10,227 INFO  client.GrpcClientProtocolClient (GrpcClientProtocolClient.java:onNext(254)) - client-7F7296B99608->ffc7b071-00b3-4a69-8de5-2639a1a8d8ac: receive RaftClientReply:client-7F7296B99608->ffc7b071-00b3-4a69-8de5-2639a1a8d8ac@group-6911E2D50CC5, cid=4090, SUCCESS, logIndex=6797, commits[ffc7b071-00b3-4a69-8de5-2639a1a8d8ac:c6797]
2019-06-12 16:05:10,229 INFO  client.GrpcClientProtocolClient (GrpcClientProtocolClient.java:onNext(254)) - client-7F7296B99608->ffc7b071-00b3-4a69-8de5-2639a1a8d8ac: receive RaftClientReply:client-7F7296B99608->ffc7b071-00b3-4a69-8de5-2639a1a8d8ac@group-6911E2D50CC5, cid=4091, SUCCESS, logIndex=6799, commits[ffc7b071-00b3-4a69-8de5-2639a1a8d8ac:c6800]
2019-06-12 16:05:10,229 INFO  client.GrpcClientProtocolClient (GrpcClientProtocolClient.java:onNext(254)) - client-7F7296B99608->ffc7b071-00b3-4a69-8de5-2639a1a8d8ac: receive RaftClientReply:client-7F7296B99608->ffc7b071-00b3-4a69-8de5-2639a1a8d8ac@group-6911E2D50CC5, cid=4092, SUCCESS, logIndex=6800, commits[ffc7b071-00b3-4a69-8de5-2639a1a8d8ac:c6800]
2019-06-12 16:05:10,233 DEBUG block.SCMBlockDeletingService (SCMBlockDeletingService.java:call(138)) - Running DeletedBlockTransactionScanner
2019-06-12 16:05:10,234 DEBUG block.SCMBlockDeletingService (SCMBlockDeletingService.java:call(155)) - Scanned deleted blocks log and got 0 delTX to process.
2019-06-12 16:05:10,235 INFO  client.GrpcClientProtocolClient (GrpcClientProtocolClient.java:onNext(254)) - client-7F7296B99608->ffc7b071-00b3-4a69-8de5-2639a1a8d8ac: receive RaftClientReply:client-7F7296B99608->ffc7b071-00b3-4a69-8de5-2639a1a8d8ac@group-6911E2D50CC5, cid=4093, SUCCESS, logIndex=6802, commits[ffc7b071-00b3-4a69-8de5-2639a1a8d8ac:c6802]
2019-06-12 16:05:10,236 INFO  client.GrpcClientProtocolClient (GrpcClientProtocolClient.java:onNext(254)) - client-7F7296B99608->ffc7b071-00b3-4a69-8de5-2639a1a8d8ac: receive RaftClientReply:client-7F7296B99608->ffc7b071-00b3-4a69-8de5-2639a1a8d8ac@group-6911E2D50CC5, cid=4094, SUCCESS, logIndex=6804, commits[ffc7b071-00b3-4a69-8de5-2639a1a8d8ac:c6804]
2019-06-12 16:05:10,238 INFO  client.GrpcClientProtocolClient (GrpcClientProtocolClient.java:onNext(254)) - client-7F7296B99608->ffc7b071-00b3-4a69-8de5-2639a1a8d8ac: receive RaftClientReply:client-7F7296B99608->ffc7b071-00b3-4a69-8de5-2639a1a8d8ac@group-6911E2D50CC5, cid=4095, SUCCESS, logIndex=6806, commits[ffc7b071-00b3-4a69-8de5-2639a1a8d8ac:c6806]
2019-06-12 16:05:10,239 INFO  client.GrpcClientProtocolClient (GrpcClientProtocolClient.java:onNext(254)) - client-7F7296B99608->ffc7b071-00b3-4a69-8de5-2639a1a8d8ac: receive RaftClientReply:client-7F7296B99608->ffc7b071-00b3-4a69-8de5-2639a1a8d8ac@group-6911E2D50CC5, cid=4096, SUCCESS, logIndex=6807, commits[ffc7b071-00b3-4a69-8de5-2639a1a8d8ac:c6807]
2019-06-12 16:05:10,250 INFO  client.GrpcClientProtocolClient (GrpcClientProtocolClient.java:onNext(254)) - client-7F7296B99608->ffc7b071-00b3-4a69-8de5-2639a1a8d8ac: receive RaftClientReply:client-7F7296B99608->ffc7b071-00b3-4a69-8de5-2639a1a8d8ac@group-6911E2D50CC5, cid=4097, SUCCESS, logIndex=6810, commits[ffc7b071-00b3-4a69-8de5-2639a1a8d8ac:c6810]
2019-06-12 16:05:10,251 INFO  client.GrpcClientProtocolClient (GrpcClientProtocolClient.java:onNext(254)) - client-7F7296B99608->ffc7b071-00b3-4a69-8de5-2639a1a8d8ac: receive RaftClientReply:client-7F7296B99608->ffc7b071-00b3-4a69-8de5-2639a1a8d8ac@group-6911E2D50CC5, cid=4098, SUCCESS, logIndex=6812, commits[ffc7b071-00b3-4a69-8de5-2639a1a8d8ac:c6812]
2019-06-12 16:05:10,252 INFO  client.GrpcClientProtocolClient (GrpcClientProtocolClient.java:onNext(254)) - client-7F7296B99608->ffc7b071-00b3-4a69-8de5-2639a1a8d8ac: receive RaftClientReply:client-7F7296B99608->ffc7b071-00b3-4a69-8de5-2639a1a8d8ac@group-6911E2D50CC5, cid=4099, SUCCESS, logIndex=6813, commits[ffc7b071-00b3-4a69-8de5-2639a1a8d8ac:c6813]
2019-06-12 16:05:10,252 INFO  client.GrpcClientProtocolClient (GrpcClientProtocolClient.java:onNext(254)) - client-7F7296B99608->ffc7b071-00b3-4a69-8de5-2639a1a8d8ac: receive RaftClientReply:client-7F7296B99608->ffc7b071-00b3-4a69-8de5-2639a1a8d8ac@group-6911E2D50CC5, cid=4100, SUCCESS, logIndex=6815, commits[ffc7b071-00b3-4a69-8de5-2639a1a8d8ac:c6815]
2019-06-12 16:05:10,257 INFO  client.GrpcClientProtocolClient (GrpcClientProtocolClient.java:onNext(254)) - client-7F7296B99608->ffc7b071-00b3-4a69-8de5-2639a1a8d8ac: receive RaftClientReply:client-7F7296B99608->ffc7b071-00b3-4a69-8de5-2639a1a8d8ac@group-6911E2D50CC5, cid=4101, SUCCESS, logIndex=6818, commits[ffc7b071-00b3-4a69-8de5-2639a1a8d8ac:c6818]
2019-06-12 16:05:10,258 INFO  client.GrpcClientProtocolClient (GrpcClientProtocolClient.java:onNext(254)) - client-7F7296B99608->ffc7b071-00b3-4a69-8de5-2639a1a8d8ac: receive RaftClientReply:client-7F7296B99608->ffc7b071-00b3-4a69-8de5-2639a1a8d8ac@group-6911E2D50CC5, cid=4102, SUCCESS, logIndex=6820, commits[ffc7b071-00b3-4a69-8de5-2639a1a8d8ac:c6820]
2019-06-12 16:05:10,259 INFO  client.GrpcClientProtocolClient (GrpcClientProtocolClient.java:onNext(254)) - client-7F7296B99608->ffc7b071-00b3-4a69-8de5-2639a1a8d8ac: receive RaftClientReply:client-7F7296B99608->ffc7b071-00b3-4a69-8de5-2639a1a8d8ac@group-6911E2D50CC5, cid=4103, SUCCESS, logIndex=6821, commits[ffc7b071-00b3-4a69-8de5-2639a1a8d8ac:c6823]
2019-06-12 16:05:10,260 INFO  client.GrpcClientProtocolClient (GrpcClientProtocolClient.java:onNext(254)) - client-7F7296B99608->ffc7b071-00b3-4a69-8de5-2639a1a8d8ac: receive RaftClientReply:client-7F7296B99608->ffc7b071-00b3-4a69-8de5-2639a1a8d8ac@group-6911E2D50CC5, cid=4104, SUCCESS, logIndex=6822, commits[ffc7b071-00b3-4a69-8de5-2639a1a8d8ac:c6823]
2019-06-12 16:05:10,272 INFO  client.GrpcClientProtocolClient (GrpcClientProtocolClient.java:onNext(254)) - client-7F7296B99608->ffc7b071-00b3-4a69-8de5-2639a1a8d8ac: receive RaftClientReply:client-7F7296B99608->ffc7b071-00b3-4a69-8de5-2639a1a8d8ac@group-6911E2D50CC5, cid=4105, SUCCESS, logIndex=6824, commits[ffc7b071-00b3-4a69-8de5-2639a1a8d8ac:c6824]
2019-06-12 16:05:10,273 INFO  client.GrpcClientProtocolClient (GrpcClientProtocolClient.java:onNext(254)) - client-7F7296B99608->ffc7b071-00b3-4a69-8de5-2639a1a8d8ac: receive RaftClientReply:client-7F7296B99608->ffc7b071-00b3-4a69-8de5-2639a1a8d8ac@group-6911E2D50CC5, cid=4106, SUCCESS, logIndex=6826, commits[ffc7b071-00b3-4a69-8de5-2639a1a8d8ac:c6826]
2019-06-12 16:05:10,274 INFO  client.GrpcClientProtocolClient (GrpcClientProtocolClient.java:onNext(254)) - client-7F7296B99608->ffc7b071-00b3-4a69-8de5-2639a1a8d8ac: receive RaftClientReply:client-7F7296B99608->ffc7b071-00b3-4a69-8de5-2639a1a8d8ac@group-6911E2D50CC5, cid=4107, SUCCESS, logIndex=6827, commits[ffc7b071-00b3-4a69-8de5-2639a1a8d8ac:c6829]
2019-06-12 16:05:10,274 INFO  client.GrpcClientProtocolClient (GrpcClientProtocolClient.java:onNext(254)) - client-7F7296B99608->ffc7b071-00b3-4a69-8de5-2639a1a8d8ac: receive RaftClientReply:client-7F7296B99608->ffc7b071-00b3-4a69-8de5-2639a1a8d8ac@group-6911E2D50CC5, cid=4108, SUCCESS, logIndex=6828, commits[ffc7b071-00b3-4a69-8de5-2639a1a8d8ac:c6829]
2019-06-12 16:05:10,280 INFO  client.GrpcClientProtocolClient (GrpcClientProtocolClient.java:onNext(254)) - client-7F7296B99608->ffc7b071-00b3-4a69-8de5-2639a1a8d8ac: receive RaftClientReply:client-7F7296B99608->ffc7b071-00b3-4a69-8de5-2639a1a8d8ac@group-6911E2D50CC5, cid=4109, SUCCESS, logIndex=6830, commits[ffc7b071-00b3-4a69-8de5-2639a1a8d8ac:c6830]
2019-06-12 16:05:10,282 INFO  client.GrpcClientProtocolClient (GrpcClientProtocolClient.java:onNext(254)) - client-7F7296B99608->ffc7b071-00b3-4a69-8de5-2639a1a8d8ac: receive RaftClientReply:client-7F7296B99608->ffc7b071-00b3-4a69-8de5-2639a1a8d8ac@group-6911E2D50CC5, cid=4110, SUCCESS, logIndex=6832, commits[ffc7b071-00b3-4a69-8de5-2639a1a8d8ac:c6832]
2019-06-12 16:05:10,334 DEBUG block.SCMBlockDeletingService (SCMBlockDeletingService.java:call(138)) - Running DeletedBlockTransactionScanner
2019-06-12 16:05:10,334 DEBUG block.SCMBlockDeletingService (SCMBlockDeletingService.java:call(155)) - Scanned deleted blocks log and got 0 delTX to process.
2019-06-12 16:05:10,347 INFO  client.GrpcClientProtocolClient (GrpcClientProtocolClient.java:onNext(254)) - client-7F7296B99608->ffc7b071-00b3-4a69-8de5-2639a1a8d8ac: receive RaftClientReply:client-7F7296B99608->ffc7b071-00b3-4a69-8de5-2639a1a8d8ac@group-6911E2D50CC5, cid=4111, SUCCESS, logIndex=6834, commits[ffc7b071-00b3-4a69-8de5-2639a1a8d8ac:c6834]
2019-06-12 16:05:10,348 INFO  client.GrpcClientProtocolClient (GrpcClientProtocolClient.java:onNext(254)) - client-7F7296B99608->ffc7b071-00b3-4a69-8de5-2639a1a8d8ac: receive RaftClientReply:client-7F7296B99608->ffc7b071-00b3-4a69-8de5-2639a1a8d8ac@group-6911E2D50CC5, cid=4112, SUCCESS, logIndex=6836, commits[ffc7b071-00b3-4a69-8de5-2639a1a8d8ac:c6836]
2019-06-12 16:05:10,359 INFO  client.GrpcClientProtocolClient (GrpcClientProtocolClient.java:onNext(254)) - client-7F7296B99608->ffc7b071-00b3-4a69-8de5-2639a1a8d8ac: receive RaftClientReply:client-7F7296B99608->ffc7b071-00b3-4a69-8de5-2639a1a8d8ac@group-6911E2D50CC5, cid=4113, SUCCESS, logIndex=6838, commits[ffc7b071-00b3-4a69-8de5-2639a1a8d8ac:c6838]
2019-06-12 16:05:10,360 INFO  client.GrpcClientProtocolClient (GrpcClientProtocolClient.java:onNext(254)) - client-7F7296B99608->ffc7b071-00b3-4a69-8de5-2639a1a8d8ac: receive RaftClientReply:client-7F7296B99608->ffc7b071-00b3-4a69-8de5-2639a1a8d8ac@group-6911E2D50CC5, cid=4114, SUCCESS, logIndex=6840, commits[ffc7b071-00b3-4a69-8de5-2639a1a8d8ac:c6840]
2019-06-12 16:05:10,361 INFO  client.GrpcClientProtocolClient (GrpcClientProtocolClient.java:onNext(254)) - client-7F7296B99608->ffc7b071-00b3-4a69-8de5-2639a1a8d8ac: receive RaftClientReply:client-7F7296B99608->ffc7b071-00b3-4a69-8de5-2639a1a8d8ac@group-6911E2D50CC5, cid=4115, SUCCESS, logIndex=6841, commits[ffc7b071-00b3-4a69-8de5-2639a1a8d8ac:c6841]
2019-06-12 16:05:10,361 INFO  client.GrpcClientProtocolClient (GrpcClientProtocolClient.java:onNext(254)) - client-7F7296B99608->ffc7b071-00b3-4a69-8de5-2639a1a8d8ac: receive RaftClientReply:client-7F7296B99608->ffc7b071-00b3-4a69-8de5-2639a1a8d8ac@group-6911E2D50CC5, cid=4116, SUCCESS, logIndex=6843, commits[ffc7b071-00b3-4a69-8de5-2639a1a8d8ac:c6843]
2019-06-12 16:05:10,366 INFO  client.GrpcClientProtocolClient (GrpcClientProtocolClient.java:onNext(254)) - client-7F7296B99608->ffc7b071-00b3-4a69-8de5-2639a1a8d8ac: receive RaftClientReply:client-7F7296B99608->ffc7b071-00b3-4a69-8de5-2639a1a8d8ac@group-6911E2D50CC5, cid=4117, SUCCESS, logIndex=6846, commits[ffc7b071-00b3-4a69-8de5-2639a1a8d8ac:c6846]
2019-06-12 16:05:10,368 INFO  client.GrpcClientProtocolClient (GrpcClientProtocolClient.java:onNext(254)) - client-7F7296B99608->ffc7b071-00b3-4a69-8de5-2639a1a8d8ac: receive RaftClientReply:client-7F7296B99608->ffc7b071-00b3-4a69-8de5-2639a1a8d8ac@group-6911E2D50CC5, cid=4118, SUCCESS, logIndex=6848, commits[ffc7b071-00b3-4a69-8de5-2639a1a8d8ac:c6848]
2019-06-12 16:05:10,368 INFO  client.GrpcClientProtocolClient (GrpcClientProtocolClient.java:onNext(254)) - client-7F7296B99608->ffc7b071-00b3-4a69-8de5-2639a1a8d8ac: receive RaftClientReply:client-7F7296B99608->ffc7b071-00b3-4a69-8de5-2639a1a8d8ac@group-6911E2D50CC5, cid=4119, SUCCESS, logIndex=6849, commits[ffc7b071-00b3-4a69-8de5-2639a1a8d8ac:c6851]
2019-06-12 16:05:10,369 INFO  client.GrpcClientProtocolClient (GrpcClientProtocolClient.java:onNext(254)) - client-7F7296B99608->ffc7b071-00b3-4a69-8de5-2639a1a8d8ac: receive RaftClientReply:client-7F7296B99608->ffc7b071-00b3-4a69-8de5-2639a1a8d8ac@group-6911E2D50CC5, cid=4120, SUCCESS, logIndex=6850, commits[ffc7b071-00b3-4a69-8de5-2639a1a8d8ac:c6851]
2019-06-12 16:05:10,421 INFO  client.GrpcClientProtocolClient (GrpcClientProtocolClient.java:onNext(254)) - client-7F7296B99608->ffc7b071-00b3-4a69-8de5-2639a1a8d8ac: receive RaftClientReply:client-7F7296B99608->ffc7b071-00b3-4a69-8de5-2639a1a8d8ac@group-6911E2D50CC5, cid=4121, SUCCESS, logIndex=6852, commits[ffc7b071-00b3-4a69-8de5-2639a1a8d8ac:c6852]
2019-06-12 16:05:10,422 INFO  client.GrpcClientProtocolClient (GrpcClientProtocolClient.java:onNext(254)) - client-7F7296B99608->ffc7b071-00b3-4a69-8de5-2639a1a8d8ac: receive RaftClientReply:client-7F7296B99608->ffc7b071-00b3-4a69-8de5-2639a1a8d8ac@group-6911E2D50CC5, cid=4122, SUCCESS, logIndex=6854, commits[ffc7b071-00b3-4a69-8de5-2639a1a8d8ac:c6854]
2019-06-12 16:05:10,423 INFO  client.GrpcClientProtocolClient (GrpcClientProtocolClient.java:onNext(254)) - client-7F7296B99608->ffc7b071-00b3-4a69-8de5-2639a1a8d8ac: receive RaftClientReply:client-7F7296B99608->ffc7b071-00b3-4a69-8de5-2639a1a8d8ac@group-6911E2D50CC5, cid=4123, SUCCESS, logIndex=6855, commits[ffc7b071-00b3-4a69-8de5-2639a1a8d8ac:c6855]
2019-06-12 16:05:10,424 INFO  client.GrpcClientProtocolClient (GrpcClientProtocolClient.java:onNext(254)) - client-7F7296B99608->ffc7b071-00b3-4a69-8de5-2639a1a8d8ac: receive RaftClientReply:client-7F7296B99608->ffc7b071-00b3-4a69-8de5-2639a1a8d8ac@group-6911E2D50CC5, cid=4124, SUCCESS, logIndex=6857, commits[ffc7b071-00b3-4a69-8de5-2639a1a8d8ac:c6857]
2019-06-12 16:05:10,428 INFO  client.GrpcClientProtocolClient (GrpcClientProtocolClient.java:onNext(254)) - client-7F7296B99608->ffc7b071-00b3-4a69-8de5-2639a1a8d8ac: receive RaftClientReply:client-7F7296B99608->ffc7b071-00b3-4a69-8de5-2639a1a8d8ac@group-6911E2D50CC5, cid=4125, SUCCESS, logIndex=6860, commits[ffc7b071-00b3-4a69-8de5-2639a1a8d8ac:c6860]
2019-06-12 16:05:10,430 INFO  client.GrpcClientProtocolClient (GrpcClientProtocolClient.java:onNext(254)) - client-7F7296B99608->ffc7b071-00b3-4a69-8de5-2639a1a8d8ac: receive RaftClientReply:client-7F7296B99608->ffc7b071-00b3-4a69-8de5-2639a1a8d8ac@group-6911E2D50CC5, cid=4126, SUCCESS, logIndex=6862, commits[ffc7b071-00b3-4a69-8de5-2639a1a8d8ac:c6862]
2019-06-12 16:05:10,430 INFO  storage.RaftLogWorker (RaftLogWorker.java:rollLogSegment(303)) - ffc7b071-00b3-4a69-8de5-2639a1a8d8ac-RaftLogWorker: Rolling segment log-6789_6864 to index:6864
2019-06-12 16:05:10,431 INFO  storage.RaftLogWorker (RaftLogWorker.java:execute(433)) - ffc7b071-00b3-4a69-8de5-2639a1a8d8ac-RaftLogWorker: Rolled log segment from /opt/src/hadoop-ozone/integration-test/target/test-dir/MiniOzoneClusterImpl-a1c7246e-c692-4524-ad55-32b507b20431/datanode-0/data/ratis/4417d833-4fb6-4fa2-9413-6911e2d50cc5/current/log_inprogress_6789 to /opt/src/hadoop-ozone/integration-test/target/test-dir/MiniOzoneClusterImpl-a1c7246e-c692-4524-ad55-32b507b20431/datanode-0/data/ratis/4417d833-4fb6-4fa2-9413-6911e2d50cc5/current/log_6789-6864
2019-06-12 16:05:10,434 INFO  client.GrpcClientProtocolClient (GrpcClientProtocolClient.java:onNext(254)) - client-7F7296B99608->ffc7b071-00b3-4a69-8de5-2639a1a8d8ac: receive RaftClientReply:client-7F7296B99608->ffc7b071-00b3-4a69-8de5-2639a1a8d8ac@group-6911E2D50CC5, cid=4127, SUCCESS, logIndex=6864, commits[ffc7b071-00b3-4a69-8de5-2639a1a8d8ac:c6864]
2019-06-12 16:05:10,435 DEBUG block.SCMBlockDeletingService (SCMBlockDeletingService.java:call(138)) - Running DeletedBlockTransactionScanner
2019-06-12 16:05:10,435 DEBUG block.SCMBlockDeletingService (SCMBlockDeletingService.java:call(155)) - Scanned deleted blocks log and got 0 delTX to process.
2019-06-12 16:05:10,475 INFO  storage.RaftLogWorker (RaftLogWorker.java:execute(469)) - ffc7b071-00b3-4a69-8de5-2639a1a8d8ac-RaftLogWorker: created new log segment /opt/src/hadoop-ozone/integration-test/target/test-dir/MiniOzoneClusterImpl-a1c7246e-c692-4524-ad55-32b507b20431/datanode-0/data/ratis/4417d833-4fb6-4fa2-9413-6911e2d50cc5/current/log_inprogress_6865
2019-06-12 16:05:10,476 INFO  client.GrpcClientProtocolClient (GrpcClientProtocolClient.java:onNext(254)) - client-7F7296B99608->ffc7b071-00b3-4a69-8de5-2639a1a8d8ac: receive RaftClientReply:client-7F7296B99608->ffc7b071-00b3-4a69-8de5-2639a1a8d8ac@group-6911E2D50CC5, cid=4128, SUCCESS, logIndex=6865, commits[ffc7b071-00b3-4a69-8de5-2639a1a8d8ac:c6866]
2019-06-12 16:05:10,489 INFO  client.GrpcClientProtocolClient (GrpcClientProtocolClient.java:onNext(254)) - client-7F7296B99608->ffc7b071-00b3-4a69-8de5-2639a1a8d8ac: receive RaftClientReply:client-7F7296B99608->ffc7b071-00b3-4a69-8de5-2639a1a8d8ac@group-6911E2D50CC5, cid=4129, SUCCESS, logIndex=6867, commits[ffc7b071-00b3-4a69-8de5-2639a1a8d8ac:c6867]
2019-06-12 16:05:10,491 INFO  client.GrpcClientProtocolClient (GrpcClientProtocolClient.java:onNext(254)) - client-7F7296B99608->ffc7b071-00b3-4a69-8de5-2639a1a8d8ac: receive RaftClientReply:client-7F7296B99608->ffc7b071-00b3-4a69-8de5-2639a1a8d8ac@group-6911E2D50CC5, cid=4130, SUCCESS, logIndex=6869, commits[ffc7b071-00b3-4a69-8de5-2639a1a8d8ac:c6869]
2019-06-12 16:05:10,492 INFO  client.GrpcClientProtocolClient (GrpcClientProtocolClient.java:onNext(254)) - client-7F7296B99608->ffc7b071-00b3-4a69-8de5-2639a1a8d8ac: receive RaftClientReply:client-7F7296B99608->ffc7b071-00b3-4a69-8de5-2639a1a8d8ac@group-6911E2D50CC5, cid=4131, SUCCESS, logIndex=6870, commits[ffc7b071-00b3-4a69-8de5-2639a1a8d8ac:c6872]
2019-06-12 16:05:10,492 INFO  client.GrpcClientProtocolClient (GrpcClientProtocolClient.java:onNext(254)) - client-7F7296B99608->ffc7b071-00b3-4a69-8de5-2639a1a8d8ac: receive RaftClientReply:client-7F7296B99608->ffc7b071-00b3-4a69-8de5-2639a1a8d8ac@group-6911E2D50CC5, cid=4132, SUCCESS, logIndex=6871, commits[ffc7b071-00b3-4a69-8de5-2639a1a8d8ac:c6872]
2019-06-12 16:05:10,497 INFO  client.GrpcClientProtocolClient (GrpcClientProtocolClient.java:onNext(254)) - client-7F7296B99608->ffc7b071-00b3-4a69-8de5-2639a1a8d8ac: receive RaftClientReply:client-7F7296B99608->ffc7b071-00b3-4a69-8de5-2639a1a8d8ac@group-6911E2D50CC5, cid=4133, SUCCESS, logIndex=6873, commits[ffc7b071-00b3-4a69-8de5-2639a1a8d8ac:c6873]
2019-06-12 16:05:10,498 INFO  client.GrpcClientProtocolClient (GrpcClientProtocolClient.java:onNext(254)) - client-7F7296B99608->ffc7b071-00b3-4a69-8de5-2639a1a8d8ac: receive RaftClientReply:client-7F7296B99608->ffc7b071-00b3-4a69-8de5-2639a1a8d8ac@group-6911E2D50CC5, cid=4134, SUCCESS, logIndex=6875, commits[ffc7b071-00b3-4a69-8de5-2639a1a8d8ac:c6875]
2019-06-12 16:05:10,500 INFO  client.GrpcClientProtocolClient (GrpcClientProtocolClient.java:onNext(254)) - client-7F7296B99608->ffc7b071-00b3-4a69-8de5-2639a1a8d8ac: receive RaftClientReply:client-7F7296B99608->ffc7b071-00b3-4a69-8de5-2639a1a8d8ac@group-6911E2D50CC5, cid=4135, SUCCESS, logIndex=6877, commits[ffc7b071-00b3-4a69-8de5-2639a1a8d8ac:c6878]
2019-06-12 16:05:10,500 INFO  client.GrpcClientProtocolClient (GrpcClientProtocolClient.java:onNext(254)) - client-7F7296B99608->ffc7b071-00b3-4a69-8de5-2639a1a8d8ac: receive RaftClientReply:client-7F7296B99608->ffc7b071-00b3-4a69-8de5-2639a1a8d8ac@group-6911E2D50CC5, cid=4136, SUCCESS, logIndex=6878, commits[ffc7b071-00b3-4a69-8de5-2639a1a8d8ac:c6878]
2019-06-12 16:05:10,514 INFO  client.GrpcClientProtocolClient (GrpcClientProtocolClient.java:onNext(254)) - client-7F7296B99608->ffc7b071-00b3-4a69-8de5-2639a1a8d8ac: receive RaftClientReply:client-7F7296B99608->ffc7b071-00b3-4a69-8de5-2639a1a8d8ac@group-6911E2D50CC5, cid=4137, SUCCESS, logIndex=6880, commits[ffc7b071-00b3-4a69-8de5-2639a1a8d8ac:c6880]
2019-06-12 16:05:10,516 INFO  client.GrpcClientProtocolClient (GrpcClientProtocolClient.java:onNext(254)) - client-7F7296B99608->ffc7b071-00b3-4a69-8de5-2639a1a8d8ac: receive RaftClientReply:client-7F7296B99608->ffc7b071-00b3-4a69-8de5-2639a1a8d8ac@group-6911E2D50CC5, cid=4138, SUCCESS, logIndex=6882, commits[ffc7b071-00b3-4a69-8de5-2639a1a8d8ac:c6882]
2019-06-12 16:05:10,518 INFO  client.GrpcClientProtocolClient (GrpcClientProtocolClient.java:onNext(254)) - client-7F7296B99608->ffc7b071-00b3-4a69-8de5-2639a1a8d8ac: receive RaftClientReply:client-7F7296B99608->ffc7b071-00b3-4a69-8de5-2639a1a8d8ac@group-6911E2D50CC5, cid=4139, SUCCESS, logIndex=6884, commits[ffc7b071-00b3-4a69-8de5-2639a1a8d8ac:c6884]
2019-06-12 16:05:10,519 INFO  client.GrpcClientProtocolClient (GrpcClientProtocolClient.java:onNext(254)) - client-7F7296B99608->ffc7b071-00b3-4a69-8de5-2639a1a8d8ac: receive RaftClientReply:client-7F7296B99608->ffc7b071-00b3-4a69-8de5-2639a1a8d8ac@group-6911E2D50CC5, cid=4140, SUCCESS, logIndex=6886, commits[ffc7b071-00b3-4a69-8de5-2639a1a8d8ac:c6886]
2019-06-12 16:05:10,524 INFO  client.GrpcClientProtocolClient (GrpcClientProtocolClient.java:onNext(254)) - client-7F7296B99608->ffc7b071-00b3-4a69-8de5-2639a1a8d8ac: receive RaftClientReply:client-7F7296B99608->ffc7b071-00b3-4a69-8de5-2639a1a8d8ac@group-6911E2D50CC5, cid=4141, SUCCESS, logIndex=6888, commits[ffc7b071-00b3-4a69-8de5-2639a1a8d8ac:c6888]
2019-06-12 16:05:10,526 INFO  client.GrpcClientProtocolClient (GrpcClientProtocolClient.java:onNext(254)) - client-7F7296B99608->ffc7b071-00b3-4a69-8de5-2639a1a8d8ac: receive RaftClientReply:client-7F7296B99608->ffc7b071-00b3-4a69-8de5-2639a1a8d8ac@group-6911E2D50CC5, cid=4142, SUCCESS, logIndex=6890, commits[ffc7b071-00b3-4a69-8de5-2639a1a8d8ac:c6890]
2019-06-12 16:05:10,526 INFO  client.GrpcClientProtocolClient (GrpcClientProtocolClient.java:onNext(254)) - client-7F7296B99608->ffc7b071-00b3-4a69-8de5-2639a1a8d8ac: receive RaftClientReply:client-7F7296B99608->ffc7b071-00b3-4a69-8de5-2639a1a8d8ac@group-6911E2D50CC5, cid=4143, SUCCESS, logIndex=6891, commits[ffc7b071-00b3-4a69-8de5-2639a1a8d8ac:c6893]
2019-06-12 16:05:10,527 INFO  client.GrpcClientProtocolClient (GrpcClientProtocolClient.java:onNext(254)) - client-7F7296B99608->ffc7b071-00b3-4a69-8de5-2639a1a8d8ac: receive RaftClientReply:client-7F7296B99608->ffc7b071-00b3-4a69-8de5-2639a1a8d8ac@group-6911E2D50CC5, cid=4144, SUCCESS, logIndex=6892, commits[ffc7b071-00b3-4a69-8de5-2639a1a8d8ac:c6893]
2019-06-12 16:05:10,536 DEBUG block.SCMBlockDeletingService (SCMBlockDeletingService.java:call(138)) - Running DeletedBlockTransactionScanner
2019-06-12 16:05:10,536 DEBUG block.SCMBlockDeletingService (SCMBlockDeletingService.java:call(155)) - Scanned deleted blocks log and got 0 delTX to process.
2019-06-12 16:05:10,537 INFO  client.GrpcClientProtocolClient (GrpcClientProtocolClient.java:onNext(254)) - client-7F7296B99608->ffc7b071-00b3-4a69-8de5-2639a1a8d8ac: receive RaftClientReply:client-7F7296B99608->ffc7b071-00b3-4a69-8de5-2639a1a8d8ac@group-6911E2D50CC5, cid=4145, SUCCESS, logIndex=6894, commits[ffc7b071-00b3-4a69-8de5-2639a1a8d8ac:c6894]
2019-06-12 16:05:10,539 INFO  client.GrpcClientProtocolClient (GrpcClientProtocolClient.java:onNext(254)) - client-7F7296B99608->ffc7b071-00b3-4a69-8de5-2639a1a8d8ac: receive RaftClientReply:client-7F7296B99608->ffc7b071-00b3-4a69-8de5-2639a1a8d8ac@group-6911E2D50CC5, cid=4146, SUCCESS, logIndex=6896, commits[ffc7b071-00b3-4a69-8de5-2639a1a8d8ac:c6896]
2019-06-12 16:05:10,539 INFO  client.GrpcClientProtocolClient (GrpcClientProtocolClient.java:onNext(254)) - client-7F7296B99608->ffc7b071-00b3-4a69-8de5-2639a1a8d8ac: receive RaftClientReply:client-7F7296B99608->ffc7b071-00b3-4a69-8de5-2639a1a8d8ac@group-6911E2D50CC5, cid=4147, SUCCESS, logIndex=6897, commits[ffc7b071-00b3-4a69-8de5-2639a1a8d8ac:c6899]
2019-06-12 16:05:10,540 INFO  client.GrpcClientProtocolClient (GrpcClientProtocolClient.java:onNext(254)) - client-7F7296B99608->ffc7b071-00b3-4a69-8de5-2639a1a8d8ac: receive RaftClientReply:client-7F7296B99608->ffc7b071-00b3-4a69-8de5-2639a1a8d8ac@group-6911E2D50CC5, cid=4148, SUCCESS, logIndex=6898, commits[ffc7b071-00b3-4a69-8de5-2639a1a8d8ac:c6899]
2019-06-12 16:05:10,544 INFO  client.GrpcClientProtocolClient (GrpcClientProtocolClient.java:onNext(254)) - client-7F7296B99608->ffc7b071-00b3-4a69-8de5-2639a1a8d8ac: receive RaftClientReply:client-7F7296B99608->ffc7b071-00b3-4a69-8de5-2639a1a8d8ac@group-6911E2D50CC5, cid=4149, SUCCESS, logIndex=6900, commits[ffc7b071-00b3-4a69-8de5-2639a1a8d8ac:c6900]
2019-06-12 16:05:10,546 INFO  client.GrpcClientProtocolClient (GrpcClientProtocolClient.java:onNext(254)) - client-7F7296B99608->ffc7b071-00b3-4a69-8de5-2639a1a8d8ac: receive RaftClientReply:client-7F7296B99608->ffc7b071-00b3-4a69-8de5-2639a1a8d8ac@group-6911E2D50CC5, cid=4150, SUCCESS, logIndex=6902, commits[ffc7b071-00b3-4a69-8de5-2639a1a8d8ac:c6902]
2019-06-12 16:05:10,547 INFO  client.GrpcClientProtocolClient (GrpcClientProtocolClient.java:onNext(254)) - client-7F7296B99608->ffc7b071-00b3-4a69-8de5-2639a1a8d8ac: receive RaftClientReply:client-7F7296B99608->ffc7b071-00b3-4a69-8de5-2639a1a8d8ac@group-6911E2D50CC5, cid=4151, SUCCESS, logIndex=6903, commits[ffc7b071-00b3-4a69-8de5-2639a1a8d8ac:c6905]
2019-06-12 16:05:10,547 INFO  client.GrpcClientProtocolClient (GrpcClientProtocolClient.java:onNext(254)) - client-7F7296B99608->ffc7b071-00b3-4a69-8de5-2639a1a8d8ac: receive RaftClientReply:client-7F7296B99608->ffc7b071-00b3-4a69-8de5-2639a1a8d8ac@group-6911E2D50CC5, cid=4152, SUCCESS, logIndex=6904, commits[ffc7b071-00b3-4a69-8de5-2639a1a8d8ac:c6905]
2019-06-12 16:05:10,557 INFO  client.GrpcClientProtocolClient (GrpcClientProtocolClient.java:onNext(254)) - client-7F7296B99608->ffc7b071-00b3-4a69-8de5-2639a1a8d8ac: receive RaftClientReply:client-7F7296B99608->ffc7b071-00b3-4a69-8de5-2639a1a8d8ac@group-6911E2D50CC5, cid=4153, SUCCESS, logIndex=6906, commits[ffc7b071-00b3-4a69-8de5-2639a1a8d8ac:c6906]
2019-06-12 16:05:10,558 INFO  client.GrpcClientProtocolClient (GrpcClientProtocolClient.java:onNext(254)) - client-7F7296B99608->ffc7b071-00b3-4a69-8de5-2639a1a8d8ac: receive RaftClientReply:client-7F7296B99608->ffc7b071-00b3-4a69-8de5-2639a1a8d8ac@group-6911E2D50CC5, cid=4154, SUCCESS, logIndex=6908, commits[ffc7b071-00b3-4a69-8de5-2639a1a8d8ac:c6908]
2019-06-12 16:05:10,624 INFO  client.GrpcClientProtocolClient (GrpcClientProtocolClient.java:onNext(254)) - client-7F7296B99608->ffc7b071-00b3-4a69-8de5-2639a1a8d8ac: receive RaftClientReply:client-7F7296B99608->ffc7b071-00b3-4a69-8de5-2639a1a8d8ac@group-6911E2D50CC5, cid=4155, SUCCESS, logIndex=6910, commits[ffc7b071-00b3-4a69-8de5-2639a1a8d8ac:c6910]
2019-06-12 16:05:10,625 INFO  client.GrpcClientProtocolClient (GrpcClientProtocolClient.java:onNext(254)) - client-7F7296B99608->ffc7b071-00b3-4a69-8de5-2639a1a8d8ac: receive RaftClientReply:client-7F7296B99608->ffc7b071-00b3-4a69-8de5-2639a1a8d8ac@group-6911E2D50CC5, cid=4156, SUCCESS, logIndex=6912, commits[ffc7b071-00b3-4a69-8de5-2639a1a8d8ac:c6912]
2019-06-12 16:05:10,631 INFO  client.GrpcClientProtocolClient (GrpcClientProtocolClient.java:onNext(254)) - client-7F7296B99608->ffc7b071-00b3-4a69-8de5-2639a1a8d8ac: receive RaftClientReply:client-7F7296B99608->ffc7b071-00b3-4a69-8de5-2639a1a8d8ac@group-6911E2D50CC5, cid=4157, SUCCESS, logIndex=6914, commits[ffc7b071-00b3-4a69-8de5-2639a1a8d8ac:c6914]
2019-06-12 16:05:10,632 INFO  client.GrpcClientProtocolClient (GrpcClientProtocolClient.java:onNext(254)) - client-7F7296B99608->ffc7b071-00b3-4a69-8de5-2639a1a8d8ac: receive RaftClientReply:client-7F7296B99608->ffc7b071-00b3-4a69-8de5-2639a1a8d8ac@group-6911E2D50CC5, cid=4158, SUCCESS, logIndex=6916, commits[ffc7b071-00b3-4a69-8de5-2639a1a8d8ac:c6916]
2019-06-12 16:05:10,634 INFO  client.GrpcClientProtocolClient (GrpcClientProtocolClient.java:onNext(254)) - client-7F7296B99608->ffc7b071-00b3-4a69-8de5-2639a1a8d8ac: receive RaftClientReply:client-7F7296B99608->ffc7b071-00b3-4a69-8de5-2639a1a8d8ac@group-6911E2D50CC5, cid=4159, SUCCESS, logIndex=6918, commits[ffc7b071-00b3-4a69-8de5-2639a1a8d8ac:c6919]
2019-06-12 16:05:10,635 INFO  client.GrpcClientProtocolClient (GrpcClientProtocolClient.java:onNext(254)) - client-7F7296B99608->ffc7b071-00b3-4a69-8de5-2639a1a8d8ac: receive RaftClientReply:client-7F7296B99608->ffc7b071-00b3-4a69-8de5-2639a1a8d8ac@group-6911E2D50CC5, cid=4160, SUCCESS, logIndex=6919, commits[ffc7b071-00b3-4a69-8de5-2639a1a8d8ac:c6919]
2019-06-12 16:05:10,636 DEBUG block.SCMBlockDeletingService (SCMBlockDeletingService.java:call(138)) - Running DeletedBlockTransactionScanner
2019-06-12 16:05:10,637 DEBUG block.SCMBlockDeletingService (SCMBlockDeletingService.java:call(155)) - Scanned deleted blocks log and got 0 delTX to process.
2019-06-12 16:05:10,645 INFO  client.GrpcClientProtocolClient (GrpcClientProtocolClient.java:onNext(254)) - client-7F7296B99608->ffc7b071-00b3-4a69-8de5-2639a1a8d8ac: receive RaftClientReply:client-7F7296B99608->ffc7b071-00b3-4a69-8de5-2639a1a8d8ac@group-6911E2D50CC5, cid=4161, SUCCESS, logIndex=6921, commits[ffc7b071-00b3-4a69-8de5-2639a1a8d8ac:c6921]
2019-06-12 16:05:10,646 INFO  client.GrpcClientProtocolClient (GrpcClientProtocolClient.java:onNext(254)) - client-7F7296B99608->ffc7b071-00b3-4a69-8de5-2639a1a8d8ac: receive RaftClientReply:client-7F7296B99608->ffc7b071-00b3-4a69-8de5-2639a1a8d8ac@group-6911E2D50CC5, cid=4162, SUCCESS, logIndex=6923, commits[ffc7b071-00b3-4a69-8de5-2639a1a8d8ac:c6923]
2019-06-12 16:05:10,647 INFO  client.GrpcClientProtocolClient (GrpcClientProtocolClient.java:onNext(254)) - client-7F7296B99608->ffc7b071-00b3-4a69-8de5-2639a1a8d8ac: receive RaftClientReply:client-7F7296B99608->ffc7b071-00b3-4a69-8de5-2639a1a8d8ac@group-6911E2D50CC5, cid=4163, SUCCESS, logIndex=6924, commits[ffc7b071-00b3-4a69-8de5-2639a1a8d8ac:c6926]
2019-06-12 16:05:10,647 INFO  client.GrpcClientProtocolClient (GrpcClientProtocolClient.java:onNext(254)) - client-7F7296B99608->ffc7b071-00b3-4a69-8de5-2639a1a8d8ac: receive RaftClientReply:client-7F7296B99608->ffc7b071-00b3-4a69-8de5-2639a1a8d8ac@group-6911E2D50CC5, cid=4164, SUCCESS, logIndex=6925, commits[ffc7b071-00b3-4a69-8de5-2639a1a8d8ac:c6926]
2019-06-12 16:05:10,652 INFO  client.GrpcClientProtocolClient (GrpcClientProtocolClient.java:onNext(254)) - client-7F7296B99608->ffc7b071-00b3-4a69-8de5-2639a1a8d8ac: receive RaftClientReply:client-7F7296B99608->ffc7b071-00b3-4a69-8de5-2639a1a8d8ac@group-6911E2D50CC5, cid=4165, SUCCESS, logIndex=6927, commits[ffc7b071-00b3-4a69-8de5-2639a1a8d8ac:c6927]
2019-06-12 16:05:10,653 INFO  client.GrpcClientProtocolClient (GrpcClientProtocolClient.java:onNext(254)) - client-7F7296B99608->ffc7b071-00b3-4a69-8de5-2639a1a8d8ac: receive RaftClientReply:client-7F7296B99608->ffc7b071-00b3-4a69-8de5-2639a1a8d8ac@group-6911E2D50CC5, cid=4166, SUCCESS, logIndex=6929, commits[ffc7b071-00b3-4a69-8de5-2639a1a8d8ac:c6929]
2019-06-12 16:05:10,654 INFO  client.GrpcClientProtocolClient (GrpcClientProtocolClient.java:onNext(254)) - client-7F7296B99608->ffc7b071-00b3-4a69-8de5-2639a1a8d8ac: receive RaftClientReply:client-7F7296B99608->ffc7b071-00b3-4a69-8de5-2639a1a8d8ac@group-6911E2D50CC5, cid=4167, SUCCESS, logIndex=6930, commits[ffc7b071-00b3-4a69-8de5-2639a1a8d8ac:c6932]
2019-06-12 16:05:10,655 INFO  client.GrpcClientProtocolClient (GrpcClientProtocolClient.java:onNext(254)) - client-7F7296B99608->ffc7b071-00b3-4a69-8de5-2639a1a8d8ac: receive RaftClientReply:client-7F7296B99608->ffc7b071-00b3-4a69-8de5-2639a1a8d8ac@group-6911E2D50CC5, cid=4168, SUCCESS, logIndex=6931, commits[ffc7b071-00b3-4a69-8de5-2639a1a8d8ac:c6932]
2019-06-12 16:05:10,665 INFO  client.GrpcClientProtocolClient (GrpcClientProtocolClient.java:onNext(254)) - client-7F7296B99608->ffc7b071-00b3-4a69-8de5-2639a1a8d8ac: receive RaftClientReply:client-7F7296B99608->ffc7b071-00b3-4a69-8de5-2639a1a8d8ac@group-6911E2D50CC5, cid=4169, SUCCESS, logIndex=6933, commits[ffc7b071-00b3-4a69-8de5-2639a1a8d8ac:c6933]
2019-06-12 16:05:10,665 INFO  storage.RaftLogWorker (RaftLogWorker.java:rollLogSegment(303)) - ffc7b071-00b3-4a69-8de5-2639a1a8d8ac-RaftLogWorker: Rolling segment log-6865_6935 to index:6935
2019-06-12 16:05:10,665 INFO  storage.RaftLogWorker (RaftLogWorker.java:execute(433)) - ffc7b071-00b3-4a69-8de5-2639a1a8d8ac-RaftLogWorker: Rolled log segment from /opt/src/hadoop-ozone/integration-test/target/test-dir/MiniOzoneClusterImpl-a1c7246e-c692-4524-ad55-32b507b20431/datanode-0/data/ratis/4417d833-4fb6-4fa2-9413-6911e2d50cc5/current/log_inprogress_6865 to /opt/src/hadoop-ozone/integration-test/target/test-dir/MiniOzoneClusterImpl-a1c7246e-c692-4524-ad55-32b507b20431/datanode-0/data/ratis/4417d833-4fb6-4fa2-9413-6911e2d50cc5/current/log_6865-6935
2019-06-12 16:05:10,667 INFO  client.GrpcClientProtocolClient (GrpcClientProtocolClient.java:onNext(254)) - client-7F7296B99608->ffc7b071-00b3-4a69-8de5-2639a1a8d8ac: receive RaftClientReply:client-7F7296B99608->ffc7b071-00b3-4a69-8de5-2639a1a8d8ac@group-6911E2D50CC5, cid=4170, SUCCESS, logIndex=6935, commits[ffc7b071-00b3-4a69-8de5-2639a1a8d8ac:c6935]
2019-06-12 16:05:10,700 INFO  storage.RaftLogWorker (RaftLogWorker.java:execute(469)) - ffc7b071-00b3-4a69-8de5-2639a1a8d8ac-RaftLogWorker: created new log segment /opt/src/hadoop-ozone/integration-test/target/test-dir/MiniOzoneClusterImpl-a1c7246e-c692-4524-ad55-32b507b20431/datanode-0/data/ratis/4417d833-4fb6-4fa2-9413-6911e2d50cc5/current/log_inprogress_6936
2019-06-12 16:05:10,702 INFO  client.GrpcClientProtocolClient (GrpcClientProtocolClient.java:onNext(254)) - client-7F7296B99608->ffc7b071-00b3-4a69-8de5-2639a1a8d8ac: receive RaftClientReply:client-7F7296B99608->ffc7b071-00b3-4a69-8de5-2639a1a8d8ac@group-6911E2D50CC5, cid=4171, SUCCESS, logIndex=6936, commits[ffc7b071-00b3-4a69-8de5-2639a1a8d8ac:c6938]
2019-06-12 16:05:10,702 INFO  client.GrpcClientProtocolClient (GrpcClientProtocolClient.java:onNext(254)) - client-7F7296B99608->ffc7b071-00b3-4a69-8de5-2639a1a8d8ac: receive RaftClientReply:client-7F7296B99608->ffc7b071-00b3-4a69-8de5-2639a1a8d8ac@group-6911E2D50CC5, cid=4172, SUCCESS, logIndex=6937, commits[ffc7b071-00b3-4a69-8de5-2639a1a8d8ac:c6938]
2019-06-12 16:05:10,708 INFO  client.GrpcClientProtocolClient (GrpcClientProtocolClient.java:onNext(254)) - client-7F7296B99608->ffc7b071-00b3-4a69-8de5-2639a1a8d8ac: receive RaftClientReply:client-7F7296B99608->ffc7b071-00b3-4a69-8de5-2639a1a8d8ac@group-6911E2D50CC5, cid=4173, SUCCESS, logIndex=6939, commits[ffc7b071-00b3-4a69-8de5-2639a1a8d8ac:c6939]
2019-06-12 16:05:10,709 INFO  client.GrpcClientProtocolClient (GrpcClientProtocolClient.java:onNext(254)) - client-7F7296B99608->ffc7b071-00b3-4a69-8de5-2639a1a8d8ac: receive RaftClientReply:client-7F7296B99608->ffc7b071-00b3-4a69-8de5-2639a1a8d8ac@group-6911E2D50CC5, cid=4174, SUCCESS, logIndex=6941, commits[ffc7b071-00b3-4a69-8de5-2639a1a8d8ac:c6941]
2019-06-12 16:05:10,711 INFO  client.GrpcClientProtocolClient (GrpcClientProtocolClient.java:onNext(254)) - client-7F7296B99608->ffc7b071-00b3-4a69-8de5-2639a1a8d8ac: receive RaftClientReply:client-7F7296B99608->ffc7b071-00b3-4a69-8de5-2639a1a8d8ac@group-6911E2D50CC5, cid=4175, SUCCESS, logIndex=6942, commits[ffc7b071-00b3-4a69-8de5-2639a1a8d8ac:c6944]
2019-06-12 16:05:10,711 INFO  client.GrpcClientProtocolClient (GrpcClientProtocolClient.java:onNext(254)) - client-7F7296B99608->ffc7b071-00b3-4a69-8de5-2639a1a8d8ac: receive RaftClientReply:client-7F7296B99608->ffc7b071-00b3-4a69-8de5-2639a1a8d8ac@group-6911E2D50CC5, cid=4176, SUCCESS, logIndex=6943, commits[ffc7b071-00b3-4a69-8de5-2639a1a8d8ac:c6944]
2019-06-12 16:05:10,723 INFO  client.GrpcClientProtocolClient (GrpcClientProtocolClient.java:onNext(254)) - client-7F7296B99608->ffc7b071-00b3-4a69-8de5-2639a1a8d8ac: receive RaftClientReply:client-7F7296B99608->ffc7b071-00b3-4a69-8de5-2639a1a8d8ac@group-6911E2D50CC5, cid=4177, SUCCESS, logIndex=6945, commits[ffc7b071-00b3-4a69-8de5-2639a1a8d8ac:c6945]
2019-06-12 16:05:10,725 INFO  client.GrpcClientProtocolClient (GrpcClientProtocolClient.java:onNext(254)) - client-7F7296B99608->ffc7b071-00b3-4a69-8de5-2639a1a8d8ac: receive RaftClientReply:client-7F7296B99608->ffc7b071-00b3-4a69-8de5-2639a1a8d8ac@group-6911E2D50CC5, cid=4178, SUCCESS, logIndex=6947, commits[ffc7b071-00b3-4a69-8de5-2639a1a8d8ac:c6949]
2019-06-12 16:05:10,726 INFO  client.GrpcClientProtocolClient (GrpcClientProtocolClient.java:onNext(254)) - client-7F7296B99608->ffc7b071-00b3-4a69-8de5-2639a1a8d8ac: receive RaftClientReply:client-7F7296B99608->ffc7b071-00b3-4a69-8de5-2639a1a8d8ac@group-6911E2D50CC5, cid=4179, SUCCESS, logIndex=6948, commits[ffc7b071-00b3-4a69-8de5-2639a1a8d8ac:c6949]
2019-06-12 16:05:10,726 INFO  client.GrpcClientProtocolClient (GrpcClientProtocolClient.java:onNext(254)) - client-7F7296B99608->ffc7b071-00b3-4a69-8de5-2639a1a8d8ac: receive RaftClientReply:client-7F7296B99608->ffc7b071-00b3-4a69-8de5-2639a1a8d8ac@group-6911E2D50CC5, cid=4180, SUCCESS, logIndex=6949, commits[ffc7b071-00b3-4a69-8de5-2639a1a8d8ac:c6949]
2019-06-12 16:05:10,732 INFO  client.GrpcClientProtocolClient (GrpcClientProtocolClient.java:onNext(254)) - client-7F7296B99608->ffc7b071-00b3-4a69-8de5-2639a1a8d8ac: receive RaftClientReply:client-7F7296B99608->ffc7b071-00b3-4a69-8de5-2639a1a8d8ac@group-6911E2D50CC5, cid=4181, SUCCESS, logIndex=6951, commits[ffc7b071-00b3-4a69-8de5-2639a1a8d8ac:c6951]
2019-06-12 16:05:10,733 INFO  client.GrpcClientProtocolClient (GrpcClientProtocolClient.java:onNext(254)) - client-7F7296B99608->ffc7b071-00b3-4a69-8de5-2639a1a8d8ac: receive RaftClientReply:client-7F7296B99608->ffc7b071-00b3-4a69-8de5-2639a1a8d8ac@group-6911E2D50CC5, cid=4182, SUCCESS, logIndex=6953, commits[ffc7b071-00b3-4a69-8de5-2639a1a8d8ac:c6953]
2019-06-12 16:05:10,734 INFO  client.GrpcClientProtocolClient (GrpcClientProtocolClient.java:onNext(254)) - client-7F7296B99608->ffc7b071-00b3-4a69-8de5-2639a1a8d8ac: receive RaftClientReply:client-7F7296B99608->ffc7b071-00b3-4a69-8de5-2639a1a8d8ac@group-6911E2D50CC5, cid=4183, SUCCESS, logIndex=6954, commits[ffc7b071-00b3-4a69-8de5-2639a1a8d8ac:c6956]
2019-06-12 16:05:10,735 INFO  client.GrpcClientProtocolClient (GrpcClientProtocolClient.java:onNext(254)) - client-7F7296B99608->ffc7b071-00b3-4a69-8de5-2639a1a8d8ac: receive RaftClientReply:client-7F7296B99608->ffc7b071-00b3-4a69-8de5-2639a1a8d8ac@group-6911E2D50CC5, cid=4184, SUCCESS, logIndex=6955, commits[ffc7b071-00b3-4a69-8de5-2639a1a8d8ac:c6956]
2019-06-12 16:05:10,737 DEBUG block.SCMBlockDeletingService (SCMBlockDeletingService.java:call(138)) - Running DeletedBlockTransactionScanner
2019-06-12 16:05:10,737 DEBUG block.SCMBlockDeletingService (SCMBlockDeletingService.java:call(155)) - Scanned deleted blocks log and got 0 delTX to process.
2019-06-12 16:05:10,746 INFO  client.GrpcClientProtocolClient (GrpcClientProtocolClient.java:onNext(254)) - client-7F7296B99608->ffc7b071-00b3-4a69-8de5-2639a1a8d8ac: receive RaftClientReply:client-7F7296B99608->ffc7b071-00b3-4a69-8de5-2639a1a8d8ac@group-6911E2D50CC5, cid=4185, SUCCESS, logIndex=6957, commits[ffc7b071-00b3-4a69-8de5-2639a1a8d8ac:c6957]
2019-06-12 16:05:10,748 INFO  client.GrpcClientProtocolClient (GrpcClientProtocolClient.java:onNext(254)) - client-7F7296B99608->ffc7b071-00b3-4a69-8de5-2639a1a8d8ac: receive RaftClientReply:client-7F7296B99608->ffc7b071-00b3-4a69-8de5-2639a1a8d8ac@group-6911E2D50CC5, cid=4186, SUCCESS, logIndex=6959, commits[ffc7b071-00b3-4a69-8de5-2639a1a8d8ac:c6959]
2019-06-12 16:05:10,748 INFO  client.GrpcClientProtocolClient (GrpcClientProtocolClient.java:onNext(254)) - client-7F7296B99608->ffc7b071-00b3-4a69-8de5-2639a1a8d8ac: receive RaftClientReply:client-7F7296B99608->ffc7b071-00b3-4a69-8de5-2639a1a8d8ac@group-6911E2D50CC5, cid=4187, SUCCESS, logIndex=6960, commits[ffc7b071-00b3-4a69-8de5-2639a1a8d8ac:c6961]
2019-06-12 16:05:10,749 INFO  client.GrpcClientProtocolClient (GrpcClientProtocolClient.java:onNext(254)) - client-7F7296B99608->ffc7b071-00b3-4a69-8de5-2639a1a8d8ac: receive RaftClientReply:client-7F7296B99608->ffc7b071-00b3-4a69-8de5-2639a1a8d8ac@group-6911E2D50CC5, cid=4188, SUCCESS, logIndex=6961, commits[ffc7b071-00b3-4a69-8de5-2639a1a8d8ac:c6961]
2019-06-12 16:05:10,754 INFO  client.GrpcClientProtocolClient (GrpcClientProtocolClient.java:onNext(254)) - client-7F7296B99608->ffc7b071-00b3-4a69-8de5-2639a1a8d8ac: receive RaftClientReply:client-7F7296B99608->ffc7b071-00b3-4a69-8de5-2639a1a8d8ac@group-6911E2D50CC5, cid=4189, SUCCESS, logIndex=6964, commits[ffc7b071-00b3-4a69-8de5-2639a1a8d8ac:c6964]
2019-06-12 16:05:10,757 INFO  client.GrpcClientProtocolClient (GrpcClientProtocolClient.java:onNext(254)) - client-7F7296B99608->ffc7b071-00b3-4a69-8de5-2639a1a8d8ac: receive RaftClientReply:client-7F7296B99608->ffc7b071-00b3-4a69-8de5-2639a1a8d8ac@group-6911E2D50CC5, cid=4190, SUCCESS, logIndex=6966, commits[ffc7b071-00b3-4a69-8de5-2639a1a8d8ac:c6968]
2019-06-12 16:05:10,757 INFO  client.GrpcClientProtocolClient (GrpcClientProtocolClient.java:onNext(254)) - client-7F7296B99608->ffc7b071-00b3-4a69-8de5-2639a1a8d8ac: receive RaftClientReply:client-7F7296B99608->ffc7b071-00b3-4a69-8de5-2639a1a8d8ac@group-6911E2D50CC5, cid=4191, SUCCESS, logIndex=6967, commits[ffc7b071-00b3-4a69-8de5-2639a1a8d8ac:c6968]
2019-06-12 16:05:10,757 INFO  client.GrpcClientProtocolClient (GrpcClientProtocolClient.java:onNext(254)) - client-7F7296B99608->ffc7b071-00b3-4a69-8de5-2639a1a8d8ac: receive RaftClientReply:client-7F7296B99608->ffc7b071-00b3-4a69-8de5-2639a1a8d8ac@group-6911E2D50CC5, cid=4192, SUCCESS, logIndex=6968, commits[ffc7b071-00b3-4a69-8de5-2639a1a8d8ac:c6968]
2019-06-12 16:05:10,768 INFO  client.GrpcClientProtocolClient (GrpcClientProtocolClient.java:onNext(254)) - client-7F7296B99608->ffc7b071-00b3-4a69-8de5-2639a1a8d8ac: receive RaftClientReply:client-7F7296B99608->ffc7b071-00b3-4a69-8de5-2639a1a8d8ac@group-6911E2D50CC5, cid=4193, SUCCESS, logIndex=6970, commits[ffc7b071-00b3-4a69-8de5-2639a1a8d8ac:c6971]
2019-06-12 16:05:10,770 INFO  client.GrpcClientProtocolClient (GrpcClientProtocolClient.java:onNext(254)) - client-7F7296B99608->ffc7b071-00b3-4a69-8de5-2639a1a8d8ac: receive RaftClientReply:client-7F7296B99608->ffc7b071-00b3-4a69-8de5-2639a1a8d8ac@group-6911E2D50CC5, cid=4194, SUCCESS, logIndex=6972, commits[ffc7b071-00b3-4a69-8de5-2639a1a8d8ac:c6972]
2019-06-12 16:05:10,770 INFO  client.GrpcClientProtocolClient (GrpcClientProtocolClient.java:onNext(254)) - client-7F7296B99608->ffc7b071-00b3-4a69-8de5-2639a1a8d8ac: receive RaftClientReply:client-7F7296B99608->ffc7b071-00b3-4a69-8de5-2639a1a8d8ac@group-6911E2D50CC5, cid=4195, SUCCESS, logIndex=6973, commits[ffc7b071-00b3-4a69-8de5-2639a1a8d8ac:c6974]
2019-06-12 16:05:10,771 INFO  client.GrpcClientProtocolClient (GrpcClientProtocolClient.java:onNext(254)) - client-7F7296B99608->ffc7b071-00b3-4a69-8de5-2639a1a8d8ac: receive RaftClientReply:client-7F7296B99608->ffc7b071-00b3-4a69-8de5-2639a1a8d8ac@group-6911E2D50CC5, cid=4196, SUCCESS, logIndex=6974, commits[ffc7b071-00b3-4a69-8de5-2639a1a8d8ac:c6974]
2019-06-12 16:05:10,777 INFO  client.GrpcClientProtocolClient (GrpcClientProtocolClient.java:onNext(254)) - client-7F7296B99608->ffc7b071-00b3-4a69-8de5-2639a1a8d8ac: receive RaftClientReply:client-7F7296B99608->ffc7b071-00b3-4a69-8de5-2639a1a8d8ac@group-6911E2D50CC5, cid=4197, SUCCESS, logIndex=6977, commits[ffc7b071-00b3-4a69-8de5-2639a1a8d8ac:c6977]
2019-06-12 16:05:10,778 INFO  client.GrpcClientProtocolClient (GrpcClientProtocolClient.java:onNext(254)) - client-7F7296B99608->ffc7b071-00b3-4a69-8de5-2639a1a8d8ac: receive RaftClientReply:client-7F7296B99608->ffc7b071-00b3-4a69-8de5-2639a1a8d8ac@group-6911E2D50CC5, cid=4198, SUCCESS, logIndex=6979, commits[ffc7b071-00b3-4a69-8de5-2639a1a8d8ac:c6979]
2019-06-12 16:05:10,837 DEBUG block.SCMBlockDeletingService (SCMBlockDeletingService.java:call(138)) - Running DeletedBlockTransactionScanner
2019-06-12 16:05:10,837 DEBUG block.SCMBlockDeletingService (SCMBlockDeletingService.java:call(155)) - Scanned deleted blocks log and got 0 delTX to process.
2019-06-12 16:05:10,843 INFO  client.GrpcClientProtocolClient (GrpcClientProtocolClient.java:onNext(254)) - client-7F7296B99608->ffc7b071-00b3-4a69-8de5-2639a1a8d8ac: receive RaftClientReply:client-7F7296B99608->ffc7b071-00b3-4a69-8de5-2639a1a8d8ac@group-6911E2D50CC5, cid=4199, SUCCESS, logIndex=6981, commits[ffc7b071-00b3-4a69-8de5-2639a1a8d8ac:c6981]
2019-06-12 16:05:10,844 INFO  client.GrpcClientProtocolClient (GrpcClientProtocolClient.java:onNext(254)) - client-7F7296B99608->ffc7b071-00b3-4a69-8de5-2639a1a8d8ac: receive RaftClientReply:client-7F7296B99608->ffc7b071-00b3-4a69-8de5-2639a1a8d8ac@group-6911E2D50CC5, cid=4200, SUCCESS, logIndex=6983, commits[ffc7b071-00b3-4a69-8de5-2639a1a8d8ac:c6983]
2019-06-12 16:05:11,134 DEBUG block.SCMBlockDeletingService (SCMBlockDeletingService.java:call(138)) - Running DeletedBlockTransactionScanner
2019-06-12 16:05:11,135 DEBUG block.SCMBlockDeletingService (SCMBlockDeletingService.java:call(155)) - Scanned deleted blocks log and got 0 delTX to process.
2019-06-12 16:05:11,140 INFO  client.GrpcClientProtocolClient (GrpcClientProtocolClient.java:onNext(254)) - client-7F7296B99608->ffc7b071-00b3-4a69-8de5-2639a1a8d8ac: receive RaftClientReply:client-7F7296B99608->ffc7b071-00b3-4a69-8de5-2639a1a8d8ac@group-6911E2D50CC5, cid=4201, SUCCESS, logIndex=6985, commits[ffc7b071-00b3-4a69-8de5-2639a1a8d8ac:c6986]
2019-06-12 16:05:11,146 INFO  client.GrpcClientProtocolClient (GrpcClientProtocolClient.java:onNext(254)) - client-7F7296B99608->ffc7b071-00b3-4a69-8de5-2639a1a8d8ac: receive RaftClientReply:client-7F7296B99608->ffc7b071-00b3-4a69-8de5-2639a1a8d8ac@group-6911E2D50CC5, cid=4202, SUCCESS, logIndex=6987, commits[ffc7b071-00b3-4a69-8de5-2639a1a8d8ac:c6987]
2019-06-12 16:05:11,148 INFO  client.GrpcClientProtocolClient (GrpcClientProtocolClient.java:onNext(254)) - client-7F7296B99608->ffc7b071-00b3-4a69-8de5-2639a1a8d8ac: receive RaftClientReply:client-7F7296B99608->ffc7b071-00b3-4a69-8de5-2639a1a8d8ac@group-6911E2D50CC5, cid=4203, SUCCESS, logIndex=6988, commits[ffc7b071-00b3-4a69-8de5-2639a1a8d8ac:c6991]
2019-06-12 16:05:11,148 INFO  client.GrpcClientProtocolClient (GrpcClientProtocolClient.java:onNext(254)) - client-7F7296B99608->ffc7b071-00b3-4a69-8de5-2639a1a8d8ac: receive RaftClientReply:client-7F7296B99608->ffc7b071-00b3-4a69-8de5-2639a1a8d8ac@group-6911E2D50CC5, cid=4204, SUCCESS, logIndex=6990, commits[ffc7b071-00b3-4a69-8de5-2639a1a8d8ac:c6991]
2019-06-12 16:05:11,154 INFO  client.GrpcClientProtocolClient (GrpcClientProtocolClient.java:onNext(254)) - client-7F7296B99608->ffc7b071-00b3-4a69-8de5-2639a1a8d8ac: receive RaftClientReply:client-7F7296B99608->ffc7b071-00b3-4a69-8de5-2639a1a8d8ac@group-6911E2D50CC5, cid=4205, SUCCESS, logIndex=6992, commits[ffc7b071-00b3-4a69-8de5-2639a1a8d8ac:c6992]
2019-06-12 16:05:11,155 INFO  client.GrpcClientProtocolClient (GrpcClientProtocolClient.java:onNext(254)) - client-7F7296B99608->ffc7b071-00b3-4a69-8de5-2639a1a8d8ac: receive RaftClientReply:client-7F7296B99608->ffc7b071-00b3-4a69-8de5-2639a1a8d8ac@group-6911E2D50CC5, cid=4206, SUCCESS, logIndex=6994, commits[ffc7b071-00b3-4a69-8de5-2639a1a8d8ac:c6994]
2019-06-12 16:05:11,156 INFO  client.GrpcClientProtocolClient (GrpcClientProtocolClient.java:onNext(254)) - client-7F7296B99608->ffc7b071-00b3-4a69-8de5-2639a1a8d8ac: receive RaftClientReply:client-7F7296B99608->ffc7b071-00b3-4a69-8de5-2639a1a8d8ac@group-6911E2D50CC5, cid=4207, SUCCESS, logIndex=6995, commits[ffc7b071-00b3-4a69-8de5-2639a1a8d8ac:c6997]
2019-06-12 16:05:11,156 INFO  client.GrpcClientProtocolClient (GrpcClientProtocolClient.java:onNext(254)) - client-7F7296B99608->ffc7b071-00b3-4a69-8de5-2639a1a8d8ac: receive RaftClientReply:client-7F7296B99608->ffc7b071-00b3-4a69-8de5-2639a1a8d8ac@group-6911E2D50CC5, cid=4208, SUCCESS, logIndex=6996, commits[ffc7b071-00b3-4a69-8de5-2639a1a8d8ac:c6997]
2019-06-12 16:05:11,170 INFO  client.GrpcClientProtocolClient (GrpcClientProtocolClient.java:onNext(254)) - client-7F7296B99608->ffc7b071-00b3-4a69-8de5-2639a1a8d8ac: receive RaftClientReply:client-7F7296B99608->ffc7b071-00b3-4a69-8de5-2639a1a8d8ac@group-6911E2D50CC5, cid=4209, SUCCESS, logIndex=6998, commits[ffc7b071-00b3-4a69-8de5-2639a1a8d8ac:c6998]
2019-06-12 16:05:11,176 INFO  client.GrpcClientProtocolClient (GrpcClientProtocolClient.java:onNext(254)) - client-7F7296B99608->ffc7b071-00b3-4a69-8de5-2639a1a8d8ac: receive RaftClientReply:client-7F7296B99608->ffc7b071-00b3-4a69-8de5-2639a1a8d8ac@group-6911E2D50CC5, cid=4210, SUCCESS, logIndex=7000, commits[ffc7b071-00b3-4a69-8de5-2639a1a8d8ac:c7000]
2019-06-12 16:05:11,183 INFO  client.GrpcClientProtocolClient (GrpcClientProtocolClient.java:onNext(254)) - client-7F7296B99608->ffc7b071-00b3-4a69-8de5-2639a1a8d8ac: receive RaftClientReply:client-7F7296B99608->ffc7b071-00b3-4a69-8de5-2639a1a8d8ac@group-6911E2D50CC5, cid=4211, SUCCESS, logIndex=7001, commits[ffc7b071-00b3-4a69-8de5-2639a1a8d8ac:c7003]
2019-06-12 16:05:11,183 INFO  client.GrpcClientProtocolClient (GrpcClientProtocolClient.java:onNext(254)) - client-7F7296B99608->ffc7b071-00b3-4a69-8de5-2639a1a8d8ac: receive RaftClientReply:client-7F7296B99608->ffc7b071-00b3-4a69-8de5-2639a1a8d8ac@group-6911E2D50CC5, cid=4212, SUCCESS, logIndex=7002, commits[ffc7b071-00b3-4a69-8de5-2639a1a8d8ac:c7003]
2019-06-12 16:05:11,188 INFO  client.GrpcClientProtocolClient (GrpcClientProtocolClient.java:onNext(254)) - client-7F7296B99608->ffc7b071-00b3-4a69-8de5-2639a1a8d8ac: receive RaftClientReply:client-7F7296B99608->ffc7b071-00b3-4a69-8de5-2639a1a8d8ac@group-6911E2D50CC5, cid=4213, SUCCESS, logIndex=7004, commits[ffc7b071-00b3-4a69-8de5-2639a1a8d8ac:c7004]
2019-06-12 16:05:11,188 INFO  storage.RaftLogWorker (RaftLogWorker.java:rollLogSegment(303)) - ffc7b071-00b3-4a69-8de5-2639a1a8d8ac-RaftLogWorker: Rolling segment log-6936_7005 to index:7005
2019-06-12 16:05:11,188 INFO  storage.RaftLogWorker (RaftLogWorker.java:execute(433)) - ffc7b071-00b3-4a69-8de5-2639a1a8d8ac-RaftLogWorker: Rolled log segment from /opt/src/hadoop-ozone/integration-test/target/test-dir/MiniOzoneClusterImpl-a1c7246e-c692-4524-ad55-32b507b20431/datanode-0/data/ratis/4417d833-4fb6-4fa2-9413-6911e2d50cc5/current/log_inprogress_6936 to /opt/src/hadoop-ozone/integration-test/target/test-dir/MiniOzoneClusterImpl-a1c7246e-c692-4524-ad55-32b507b20431/datanode-0/data/ratis/4417d833-4fb6-4fa2-9413-6911e2d50cc5/current/log_6936-7005
2019-06-12 16:05:11,223 INFO  storage.RaftLogWorker (RaftLogWorker.java:execute(469)) - ffc7b071-00b3-4a69-8de5-2639a1a8d8ac-RaftLogWorker: created new log segment /opt/src/hadoop-ozone/integration-test/target/test-dir/MiniOzoneClusterImpl-a1c7246e-c692-4524-ad55-32b507b20431/datanode-0/data/ratis/4417d833-4fb6-4fa2-9413-6911e2d50cc5/current/log_inprogress_7006
2019-06-12 16:05:11,225 INFO  client.GrpcClientProtocolClient (GrpcClientProtocolClient.java:onNext(254)) - client-7F7296B99608->ffc7b071-00b3-4a69-8de5-2639a1a8d8ac: receive RaftClientReply:client-7F7296B99608->ffc7b071-00b3-4a69-8de5-2639a1a8d8ac@group-6911E2D50CC5, cid=4214, SUCCESS, logIndex=7006, commits[ffc7b071-00b3-4a69-8de5-2639a1a8d8ac:c7008]
2019-06-12 16:05:11,225 INFO  client.GrpcClientProtocolClient (GrpcClientProtocolClient.java:onNext(254)) - client-7F7296B99608->ffc7b071-00b3-4a69-8de5-2639a1a8d8ac: receive RaftClientReply:client-7F7296B99608->ffc7b071-00b3-4a69-8de5-2639a1a8d8ac@group-6911E2D50CC5, cid=4215, SUCCESS, logIndex=7007, commits[ffc7b071-00b3-4a69-8de5-2639a1a8d8ac:c7009]
2019-06-12 16:05:11,225 INFO  client.GrpcClientProtocolClient (GrpcClientProtocolClient.java:onNext(254)) - client-7F7296B99608->ffc7b071-00b3-4a69-8de5-2639a1a8d8ac: receive RaftClientReply:client-7F7296B99608->ffc7b071-00b3-4a69-8de5-2639a1a8d8ac@group-6911E2D50CC5, cid=4216, SUCCESS, logIndex=7008, commits[ffc7b071-00b3-4a69-8de5-2639a1a8d8ac:c7009]
2019-06-12 16:05:11,235 DEBUG block.SCMBlockDeletingService (SCMBlockDeletingService.java:call(138)) - Running DeletedBlockTransactionScanner
2019-06-12 16:05:11,235 DEBUG block.SCMBlockDeletingService (SCMBlockDeletingService.java:call(155)) - Scanned deleted blocks log and got 0 delTX to process.
2019-06-12 16:05:11,235 INFO  client.GrpcClientProtocolClient (GrpcClientProtocolClient.java:onNext(254)) - client-7F7296B99608->ffc7b071-00b3-4a69-8de5-2639a1a8d8ac: receive RaftClientReply:client-7F7296B99608->ffc7b071-00b3-4a69-8de5-2639a1a8d8ac@group-6911E2D50CC5, cid=4217, SUCCESS, logIndex=7010, commits[ffc7b071-00b3-4a69-8de5-2639a1a8d8ac:c7010]
2019-06-12 16:05:11,236 INFO  client.GrpcClientProtocolClient (GrpcClientProtocolClient.java:onNext(254)) - client-7F7296B99608->ffc7b071-00b3-4a69-8de5-2639a1a8d8ac: receive RaftClientReply:client-7F7296B99608->ffc7b071-00b3-4a69-8de5-2639a1a8d8ac@group-6911E2D50CC5, cid=4218, SUCCESS, logIndex=7012, commits[ffc7b071-00b3-4a69-8de5-2639a1a8d8ac:c7012]
2019-06-12 16:05:11,238 INFO  client.GrpcClientProtocolClient (GrpcClientProtocolClient.java:onNext(254)) - client-7F7296B99608->ffc7b071-00b3-4a69-8de5-2639a1a8d8ac: receive RaftClientReply:client-7F7296B99608->ffc7b071-00b3-4a69-8de5-2639a1a8d8ac@group-6911E2D50CC5, cid=4219, SUCCESS, logIndex=7013, commits[ffc7b071-00b3-4a69-8de5-2639a1a8d8ac:c7015]
2019-06-12 16:05:11,238 INFO  client.GrpcClientProtocolClient (GrpcClientProtocolClient.java:onNext(254)) - client-7F7296B99608->ffc7b071-00b3-4a69-8de5-2639a1a8d8ac: receive RaftClientReply:client-7F7296B99608->ffc7b071-00b3-4a69-8de5-2639a1a8d8ac@group-6911E2D50CC5, cid=4220, SUCCESS, logIndex=7014, commits[ffc7b071-00b3-4a69-8de5-2639a1a8d8ac:c7015]
2019-06-12 16:05:11,242 INFO  client.GrpcClientProtocolClient (GrpcClientProtocolClient.java:onNext(254)) - client-7F7296B99608->ffc7b071-00b3-4a69-8de5-2639a1a8d8ac: receive RaftClientReply:client-7F7296B99608->ffc7b071-00b3-4a69-8de5-2639a1a8d8ac@group-6911E2D50CC5, cid=4221, SUCCESS, logIndex=7016, commits[ffc7b071-00b3-4a69-8de5-2639a1a8d8ac:c7016]
2019-06-12 16:05:11,243 INFO  client.GrpcClientProtocolClient (GrpcClientProtocolClient.java:onNext(254)) - client-7F7296B99608->ffc7b071-00b3-4a69-8de5-2639a1a8d8ac: receive RaftClientReply:client-7F7296B99608->ffc7b071-00b3-4a69-8de5-2639a1a8d8ac@group-6911E2D50CC5, cid=4222, SUCCESS, logIndex=7018, commits[ffc7b071-00b3-4a69-8de5-2639a1a8d8ac:c7018]
2019-06-12 16:05:11,245 INFO  client.GrpcClientProtocolClient (GrpcClientProtocolClient.java:onNext(254)) - client-7F7296B99608->ffc7b071-00b3-4a69-8de5-2639a1a8d8ac: receive RaftClientReply:client-7F7296B99608->ffc7b071-00b3-4a69-8de5-2639a1a8d8ac@group-6911E2D50CC5, cid=4223, SUCCESS, logIndex=7020, commits[ffc7b071-00b3-4a69-8de5-2639a1a8d8ac:c7021]
2019-06-12 16:05:11,245 INFO  client.GrpcClientProtocolClient (GrpcClientProtocolClient.java:onNext(254)) - client-7F7296B99608->ffc7b071-00b3-4a69-8de5-2639a1a8d8ac: receive RaftClientReply:client-7F7296B99608->ffc7b071-00b3-4a69-8de5-2639a1a8d8ac@group-6911E2D50CC5, cid=4224, SUCCESS, logIndex=7021, commits[ffc7b071-00b3-4a69-8de5-2639a1a8d8ac:c7021]
2019-06-12 16:05:11,255 INFO  client.GrpcClientProtocolClient (GrpcClientProtocolClient.java:onNext(254)) - client-7F7296B99608->ffc7b071-00b3-4a69-8de5-2639a1a8d8ac: receive RaftClientReply:client-7F7296B99608->ffc7b071-00b3-4a69-8de5-2639a1a8d8ac@group-6911E2D50CC5, cid=4225, SUCCESS, logIndex=7023, commits[ffc7b071-00b3-4a69-8de5-2639a1a8d8ac:c7023]
2019-06-12 16:05:11,256 INFO  client.GrpcClientProtocolClient (GrpcClientProtocolClient.java:onNext(254)) - client-7F7296B99608->ffc7b071-00b3-4a69-8de5-2639a1a8d8ac: receive RaftClientReply:client-7F7296B99608->ffc7b071-00b3-4a69-8de5-2639a1a8d8ac@group-6911E2D50CC5, cid=4226, SUCCESS, logIndex=7025, commits[ffc7b071-00b3-4a69-8de5-2639a1a8d8ac:c7025]
2019-06-12 16:05:11,257 INFO  client.GrpcClientProtocolClient (GrpcClientProtocolClient.java:onNext(254)) - client-7F7296B99608->ffc7b071-00b3-4a69-8de5-2639a1a8d8ac: receive RaftClientReply:client-7F7296B99608->ffc7b071-00b3-4a69-8de5-2639a1a8d8ac@group-6911E2D50CC5, cid=4227, SUCCESS, logIndex=7026, commits[ffc7b071-00b3-4a69-8de5-2639a1a8d8ac:c7028]
2019-06-12 16:05:11,257 INFO  client.GrpcClientProtocolClient (GrpcClientProtocolClient.java:onNext(254)) - client-7F7296B99608->ffc7b071-00b3-4a69-8de5-2639a1a8d8ac: receive RaftClientReply:client-7F7296B99608->ffc7b071-00b3-4a69-8de5-2639a1a8d8ac@group-6911E2D50CC5, cid=4228, SUCCESS, logIndex=7027, commits[ffc7b071-00b3-4a69-8de5-2639a1a8d8ac:c7028]
2019-06-12 16:05:11,262 INFO  client.GrpcClientProtocolClient (GrpcClientProtocolClient.java:onNext(254)) - client-7F7296B99608->ffc7b071-00b3-4a69-8de5-2639a1a8d8ac: receive RaftClientReply:client-7F7296B99608->ffc7b071-00b3-4a69-8de5-2639a1a8d8ac@group-6911E2D50CC5, cid=4229, SUCCESS, logIndex=7029, commits[ffc7b071-00b3-4a69-8de5-2639a1a8d8ac:c7029]
2019-06-12 16:05:11,263 INFO  client.GrpcClientProtocolClient (GrpcClientProtocolClient.java:onNext(254)) - client-7F7296B99608->ffc7b071-00b3-4a69-8de5-2639a1a8d8ac: receive RaftClientReply:client-7F7296B99608->ffc7b071-00b3-4a69-8de5-2639a1a8d8ac@group-6911E2D50CC5, cid=4230, SUCCESS, logIndex=7031, commits[ffc7b071-00b3-4a69-8de5-2639a1a8d8ac:c7031]
2019-06-12 16:05:11,264 INFO  client.GrpcClientProtocolClient (GrpcClientProtocolClient.java:onNext(254)) - client-7F7296B99608->ffc7b071-00b3-4a69-8de5-2639a1a8d8ac: receive RaftClientReply:client-7F7296B99608->ffc7b071-00b3-4a69-8de5-2639a1a8d8ac@group-6911E2D50CC5, cid=4231, SUCCESS, logIndex=7032, commits[ffc7b071-00b3-4a69-8de5-2639a1a8d8ac:c7034]
2019-06-12 16:05:11,264 INFO  client.GrpcClientProtocolClient (GrpcClientProtocolClient.java:onNext(254)) - client-7F7296B99608->ffc7b071-00b3-4a69-8de5-2639a1a8d8ac: receive RaftClientReply:client-7F7296B99608->ffc7b071-00b3-4a69-8de5-2639a1a8d8ac@group-6911E2D50CC5, cid=4232, SUCCESS, logIndex=7033, commits[ffc7b071-00b3-4a69-8de5-2639a1a8d8ac:c7034]
2019-06-12 16:05:11,275 INFO  client.GrpcClientProtocolClient (GrpcClientProtocolClient.java:onNext(254)) - client-7F7296B99608->ffc7b071-00b3-4a69-8de5-2639a1a8d8ac: receive RaftClientReply:client-7F7296B99608->ffc7b071-00b3-4a69-8de5-2639a1a8d8ac@group-6911E2D50CC5, cid=4233, SUCCESS, logIndex=7035, commits[ffc7b071-00b3-4a69-8de5-2639a1a8d8ac:c7035]
2019-06-12 16:05:11,277 INFO  client.GrpcClientProtocolClient (GrpcClientProtocolClient.java:onNext(254)) - client-7F7296B99608->ffc7b071-00b3-4a69-8de5-2639a1a8d8ac: receive RaftClientReply:client-7F7296B99608->ffc7b071-00b3-4a69-8de5-2639a1a8d8ac@group-6911E2D50CC5, cid=4234, SUCCESS, logIndex=7037, commits[ffc7b071-00b3-4a69-8de5-2639a1a8d8ac:c7037]
2019-06-12 16:05:11,278 INFO  client.GrpcClientProtocolClient (GrpcClientProtocolClient.java:onNext(254)) - client-7F7296B99608->ffc7b071-00b3-4a69-8de5-2639a1a8d8ac: receive RaftClientReply:client-7F7296B99608->ffc7b071-00b3-4a69-8de5-2639a1a8d8ac@group-6911E2D50CC5, cid=4235, SUCCESS, logIndex=7038, commits[ffc7b071-00b3-4a69-8de5-2639a1a8d8ac:c7040]
2019-06-12 16:05:11,278 INFO  client.GrpcClientProtocolClient (GrpcClientProtocolClient.java:onNext(254)) - client-7F7296B99608->ffc7b071-00b3-4a69-8de5-2639a1a8d8ac: receive RaftClientReply:client-7F7296B99608->ffc7b071-00b3-4a69-8de5-2639a1a8d8ac@group-6911E2D50CC5, cid=4236, SUCCESS, logIndex=7039, commits[ffc7b071-00b3-4a69-8de5-2639a1a8d8ac:c7040]
2019-06-12 16:05:11,283 INFO  client.GrpcClientProtocolClient (GrpcClientProtocolClient.java:onNext(254)) - client-7F7296B99608->ffc7b071-00b3-4a69-8de5-2639a1a8d8ac: receive RaftClientReply:client-7F7296B99608->ffc7b071-00b3-4a69-8de5-2639a1a8d8ac@group-6911E2D50CC5, cid=4237, SUCCESS, logIndex=7041, commits[ffc7b071-00b3-4a69-8de5-2639a1a8d8ac:c7041]
2019-06-12 16:05:11,284 INFO  client.GrpcClientProtocolClient (GrpcClientProtocolClient.java:onNext(254)) - client-7F7296B99608->ffc7b071-00b3-4a69-8de5-2639a1a8d8ac: receive RaftClientReply:client-7F7296B99608->ffc7b071-00b3-4a69-8de5-2639a1a8d8ac@group-6911E2D50CC5, cid=4238, SUCCESS, logIndex=7043, commits[ffc7b071-00b3-4a69-8de5-2639a1a8d8ac:c7043]
2019-06-12 16:05:11,285 INFO  client.GrpcClientProtocolClient (GrpcClientProtocolClient.java:onNext(254)) - client-7F7296B99608->ffc7b071-00b3-4a69-8de5-2639a1a8d8ac: receive RaftClientReply:client-7F7296B99608->ffc7b071-00b3-4a69-8de5-2639a1a8d8ac@group-6911E2D50CC5, cid=4239, SUCCESS, logIndex=7044, commits[ffc7b071-00b3-4a69-8de5-2639a1a8d8ac:c7046]
2019-06-12 16:05:11,285 INFO  client.GrpcClientProtocolClient (GrpcClientProtocolClient.java:onNext(254)) - client-7F7296B99608->ffc7b071-00b3-4a69-8de5-2639a1a8d8ac: receive RaftClientReply:client-7F7296B99608->ffc7b071-00b3-4a69-8de5-2639a1a8d8ac@group-6911E2D50CC5, cid=4240, SUCCESS, logIndex=7045, commits[ffc7b071-00b3-4a69-8de5-2639a1a8d8ac:c7046]
2019-06-12 16:05:11,295 INFO  client.GrpcClientProtocolClient (GrpcClientProtocolClient.java:onNext(254)) - client-7F7296B99608->ffc7b071-00b3-4a69-8de5-2639a1a8d8ac: receive RaftClientReply:client-7F7296B99608->ffc7b071-00b3-4a69-8de5-2639a1a8d8ac@group-6911E2D50CC5, cid=4241, SUCCESS, logIndex=7047, commits[ffc7b071-00b3-4a69-8de5-2639a1a8d8ac:c7047]
2019-06-12 16:05:11,297 INFO  client.GrpcClientProtocolClient (GrpcClientProtocolClient.java:onNext(254)) - client-7F7296B99608->ffc7b071-00b3-4a69-8de5-2639a1a8d8ac: receive RaftClientReply:client-7F7296B99608->ffc7b071-00b3-4a69-8de5-2639a1a8d8ac@group-6911E2D50CC5, cid=4242, SUCCESS, logIndex=7049, commits[ffc7b071-00b3-4a69-8de5-2639a1a8d8ac:c7049]
2019-06-12 16:05:11,335 DEBUG block.SCMBlockDeletingService (SCMBlockDeletingService.java:call(138)) - Running DeletedBlockTransactionScanner
2019-06-12 16:05:11,335 DEBUG block.SCMBlockDeletingService (SCMBlockDeletingService.java:call(155)) - Scanned deleted blocks log and got 0 delTX to process.
2019-06-12 16:05:11,362 INFO  client.GrpcClientProtocolClient (GrpcClientProtocolClient.java:onNext(254)) - client-7F7296B99608->ffc7b071-00b3-4a69-8de5-2639a1a8d8ac: receive RaftClientReply:client-7F7296B99608->ffc7b071-00b3-4a69-8de5-2639a1a8d8ac@group-6911E2D50CC5, cid=4243, SUCCESS, logIndex=7051, commits[ffc7b071-00b3-4a69-8de5-2639a1a8d8ac:c7051]
2019-06-12 16:05:11,366 INFO  client.GrpcClientProtocolClient (GrpcClientProtocolClient.java:onNext(254)) - client-7F7296B99608->ffc7b071-00b3-4a69-8de5-2639a1a8d8ac: receive RaftClientReply:client-7F7296B99608->ffc7b071-00b3-4a69-8de5-2639a1a8d8ac@group-6911E2D50CC5, cid=4244, SUCCESS, logIndex=7053, commits[ffc7b071-00b3-4a69-8de5-2639a1a8d8ac:c7053]
2019-06-12 16:05:11,371 INFO  client.GrpcClientProtocolClient (GrpcClientProtocolClient.java:onNext(254)) - client-7F7296B99608->ffc7b071-00b3-4a69-8de5-2639a1a8d8ac: receive RaftClientReply:client-7F7296B99608->ffc7b071-00b3-4a69-8de5-2639a1a8d8ac@group-6911E2D50CC5, cid=4245, SUCCESS, logIndex=7055, commits[ffc7b071-00b3-4a69-8de5-2639a1a8d8ac:c7055]
2019-06-12 16:05:11,372 INFO  client.GrpcClientProtocolClient (GrpcClientProtocolClient.java:onNext(254)) - client-7F7296B99608->ffc7b071-00b3-4a69-8de5-2639a1a8d8ac: receive RaftClientReply:client-7F7296B99608->ffc7b071-00b3-4a69-8de5-2639a1a8d8ac@group-6911E2D50CC5, cid=4246, SUCCESS, logIndex=7057, commits[ffc7b071-00b3-4a69-8de5-2639a1a8d8ac:c7057]
2019-06-12 16:05:11,373 INFO  client.GrpcClientProtocolClient (GrpcClientProtocolClient.java:onNext(254)) - client-7F7296B99608->ffc7b071-00b3-4a69-8de5-2639a1a8d8ac: receive RaftClientReply:client-7F7296B99608->ffc7b071-00b3-4a69-8de5-2639a1a8d8ac@group-6911E2D50CC5, cid=4247, SUCCESS, logIndex=7058, commits[ffc7b071-00b3-4a69-8de5-2639a1a8d8ac:c7060]
2019-06-12 16:05:11,374 INFO  client.GrpcClientProtocolClient (GrpcClientProtocolClient.java:onNext(254)) - client-7F7296B99608->ffc7b071-00b3-4a69-8de5-2639a1a8d8ac: receive RaftClientReply:client-7F7296B99608->ffc7b071-00b3-4a69-8de5-2639a1a8d8ac@group-6911E2D50CC5, cid=4248, SUCCESS, logIndex=7059, commits[ffc7b071-00b3-4a69-8de5-2639a1a8d8ac:c7060]
2019-06-12 16:05:11,386 INFO  client.GrpcClientProtocolClient (GrpcClientProtocolClient.java:onNext(254)) - client-7F7296B99608->ffc7b071-00b3-4a69-8de5-2639a1a8d8ac: receive RaftClientReply:client-7F7296B99608->ffc7b071-00b3-4a69-8de5-2639a1a8d8ac@group-6911E2D50CC5, cid=4249, SUCCESS, logIndex=7061, commits[ffc7b071-00b3-4a69-8de5-2639a1a8d8ac:c7061]
2019-06-12 16:05:11,388 INFO  client.GrpcClientProtocolClient (GrpcClientProtocolClient.java:onNext(254)) - client-7F7296B99608->ffc7b071-00b3-4a69-8de5-2639a1a8d8ac: receive RaftClientReply:client-7F7296B99608->ffc7b071-00b3-4a69-8de5-2639a1a8d8ac@group-6911E2D50CC5, cid=4250, SUCCESS, logIndex=7063, commits[ffc7b071-00b3-4a69-8de5-2639a1a8d8ac:c7063]
2019-06-12 16:05:11,388 INFO  client.GrpcClientProtocolClient (GrpcClientProtocolClient.java:onNext(254)) - client-7F7296B99608->ffc7b071-00b3-4a69-8de5-2639a1a8d8ac: receive RaftClientReply:client-7F7296B99608->ffc7b071-00b3-4a69-8de5-2639a1a8d8ac@group-6911E2D50CC5, cid=4251, SUCCESS, logIndex=7064, commits[ffc7b071-00b3-4a69-8de5-2639a1a8d8ac:c7065]
2019-06-12 16:05:11,389 INFO  client.GrpcClientProtocolClient (GrpcClientProtocolClient.java:onNext(254)) - client-7F7296B99608->ffc7b071-00b3-4a69-8de5-2639a1a8d8ac: receive RaftClientReply:client-7F7296B99608->ffc7b071-00b3-4a69-8de5-2639a1a8d8ac@group-6911E2D50CC5, cid=4252, SUCCESS, logIndex=7065, commits[ffc7b071-00b3-4a69-8de5-2639a1a8d8ac:c7065]
2019-06-12 16:05:11,394 INFO  client.GrpcClientProtocolClient (GrpcClientProtocolClient.java:onNext(254)) - client-7F7296B99608->ffc7b071-00b3-4a69-8de5-2639a1a8d8ac: receive RaftClientReply:client-7F7296B99608->ffc7b071-00b3-4a69-8de5-2639a1a8d8ac@group-6911E2D50CC5, cid=4253, SUCCESS, logIndex=7068, commits[ffc7b071-00b3-4a69-8de5-2639a1a8d8ac:c7068]
2019-06-12 16:05:11,396 INFO  client.GrpcClientProtocolClient (GrpcClientProtocolClient.java:onNext(254)) - client-7F7296B99608->ffc7b071-00b3-4a69-8de5-2639a1a8d8ac: receive RaftClientReply:client-7F7296B99608->ffc7b071-00b3-4a69-8de5-2639a1a8d8ac@group-6911E2D50CC5, cid=4254, SUCCESS, logIndex=7070, commits[ffc7b071-00b3-4a69-8de5-2639a1a8d8ac:c7072]
2019-06-12 16:05:11,398 INFO  client.GrpcClientProtocolClient (GrpcClientProtocolClient.java:onNext(254)) - client-7F7296B99608->ffc7b071-00b3-4a69-8de5-2639a1a8d8ac: receive RaftClientReply:client-7F7296B99608->ffc7b071-00b3-4a69-8de5-2639a1a8d8ac@group-6911E2D50CC5, cid=4255, SUCCESS, logIndex=7071, commits[ffc7b071-00b3-4a69-8de5-2639a1a8d8ac:c7072]
2019-06-12 16:05:11,398 INFO  client.GrpcClientProtocolClient (GrpcClientProtocolClient.java:onNext(254)) - client-7F7296B99608->ffc7b071-00b3-4a69-8de5-2639a1a8d8ac: receive RaftClientReply:client-7F7296B99608->ffc7b071-00b3-4a69-8de5-2639a1a8d8ac@group-6911E2D50CC5, cid=4256, SUCCESS, logIndex=7072, commits[ffc7b071-00b3-4a69-8de5-2639a1a8d8ac:c7073]
2019-06-12 16:05:11,408 INFO  storage.RaftLogWorker (RaftLogWorker.java:rollLogSegment(303)) - ffc7b071-00b3-4a69-8de5-2639a1a8d8ac-RaftLogWorker: Rolling segment log-7006_7073 to index:7073
2019-06-12 16:05:11,409 INFO  storage.RaftLogWorker (RaftLogWorker.java:execute(433)) - ffc7b071-00b3-4a69-8de5-2639a1a8d8ac-RaftLogWorker: Rolled log segment from /opt/src/hadoop-ozone/integration-test/target/test-dir/MiniOzoneClusterImpl-a1c7246e-c692-4524-ad55-32b507b20431/datanode-0/data/ratis/4417d833-4fb6-4fa2-9413-6911e2d50cc5/current/log_inprogress_7006 to /opt/src/hadoop-ozone/integration-test/target/test-dir/MiniOzoneClusterImpl-a1c7246e-c692-4524-ad55-32b507b20431/datanode-0/data/ratis/4417d833-4fb6-4fa2-9413-6911e2d50cc5/current/log_7006-7073
2019-06-12 16:05:11,435 DEBUG block.SCMBlockDeletingService (SCMBlockDeletingService.java:call(138)) - Running DeletedBlockTransactionScanner
2019-06-12 16:05:11,436 DEBUG block.SCMBlockDeletingService (SCMBlockDeletingService.java:call(155)) - Scanned deleted blocks log and got 0 delTX to process.
2019-06-12 16:05:11,444 INFO  storage.RaftLogWorker (RaftLogWorker.java:execute(469)) - ffc7b071-00b3-4a69-8de5-2639a1a8d8ac-RaftLogWorker: created new log segment /opt/src/hadoop-ozone/integration-test/target/test-dir/MiniOzoneClusterImpl-a1c7246e-c692-4524-ad55-32b507b20431/datanode-0/data/ratis/4417d833-4fb6-4fa2-9413-6911e2d50cc5/current/log_inprogress_7074
2019-06-12 16:05:11,446 INFO  client.GrpcClientProtocolClient (GrpcClientProtocolClient.java:onNext(254)) - client-7F7296B99608->ffc7b071-00b3-4a69-8de5-2639a1a8d8ac: receive RaftClientReply:client-7F7296B99608->ffc7b071-00b3-4a69-8de5-2639a1a8d8ac@group-6911E2D50CC5, cid=4257, SUCCESS, logIndex=7074, commits[ffc7b071-00b3-4a69-8de5-2639a1a8d8ac:c7074]
2019-06-12 16:05:11,447 INFO  client.GrpcClientProtocolClient (GrpcClientProtocolClient.java:onNext(254)) - client-7F7296B99608->ffc7b071-00b3-4a69-8de5-2639a1a8d8ac: receive RaftClientReply:client-7F7296B99608->ffc7b071-00b3-4a69-8de5-2639a1a8d8ac@group-6911E2D50CC5, cid=4258, SUCCESS, logIndex=7076, commits[ffc7b071-00b3-4a69-8de5-2639a1a8d8ac:c7076]
2019-06-12 16:05:11,448 INFO  client.GrpcClientProtocolClient (GrpcClientProtocolClient.java:onNext(254)) - client-7F7296B99608->ffc7b071-00b3-4a69-8de5-2639a1a8d8ac: receive RaftClientReply:client-7F7296B99608->ffc7b071-00b3-4a69-8de5-2639a1a8d8ac@group-6911E2D50CC5, cid=4259, SUCCESS, logIndex=7077, commits[ffc7b071-00b3-4a69-8de5-2639a1a8d8ac:c7079]
2019-06-12 16:05:11,448 INFO  client.GrpcClientProtocolClient (GrpcClientProtocolClient.java:onNext(254)) - client-7F7296B99608->ffc7b071-00b3-4a69-8de5-2639a1a8d8ac: receive RaftClientReply:client-7F7296B99608->ffc7b071-00b3-4a69-8de5-2639a1a8d8ac@group-6911E2D50CC5, cid=4260, SUCCESS, logIndex=7078, commits[ffc7b071-00b3-4a69-8de5-2639a1a8d8ac:c7079]
2019-06-12 16:05:11,454 INFO  client.GrpcClientProtocolClient (GrpcClientProtocolClient.java:onNext(254)) - client-7F7296B99608->ffc7b071-00b3-4a69-8de5-2639a1a8d8ac: receive RaftClientReply:client-7F7296B99608->ffc7b071-00b3-4a69-8de5-2639a1a8d8ac@group-6911E2D50CC5, cid=4261, SUCCESS, logIndex=7080, commits[ffc7b071-00b3-4a69-8de5-2639a1a8d8ac:c7080]
2019-06-12 16:05:11,456 INFO  client.GrpcClientProtocolClient (GrpcClientProtocolClient.java:onNext(254)) - client-7F7296B99608->ffc7b071-00b3-4a69-8de5-2639a1a8d8ac: receive RaftClientReply:client-7F7296B99608->ffc7b071-00b3-4a69-8de5-2639a1a8d8ac@group-6911E2D50CC5, cid=4262, SUCCESS, logIndex=7082, commits[ffc7b071-00b3-4a69-8de5-2639a1a8d8ac:c7082]
2019-06-12 16:05:11,456 INFO  client.GrpcClientProtocolClient (GrpcClientProtocolClient.java:onNext(254)) - client-7F7296B99608->ffc7b071-00b3-4a69-8de5-2639a1a8d8ac: receive RaftClientReply:client-7F7296B99608->ffc7b071-00b3-4a69-8de5-2639a1a8d8ac@group-6911E2D50CC5, cid=4263, SUCCESS, logIndex=7083, commits[ffc7b071-00b3-4a69-8de5-2639a1a8d8ac:c7085]
2019-06-12 16:05:11,456 INFO  client.GrpcClientProtocolClient (GrpcClientProtocolClient.java:onNext(254)) - client-7F7296B99608->ffc7b071-00b3-4a69-8de5-2639a1a8d8ac: receive RaftClientReply:client-7F7296B99608->ffc7b071-00b3-4a69-8de5-2639a1a8d8ac@group-6911E2D50CC5, cid=4264, SUCCESS, logIndex=7084, commits[ffc7b071-00b3-4a69-8de5-2639a1a8d8ac:c7085]
2019-06-12 16:05:11,468 INFO  client.GrpcClientProtocolClient (GrpcClientProtocolClient.java:onNext(254)) - client-7F7296B99608->ffc7b071-00b3-4a69-8de5-2639a1a8d8ac: receive RaftClientReply:client-7F7296B99608->ffc7b071-00b3-4a69-8de5-2639a1a8d8ac@group-6911E2D50CC5, cid=4265, SUCCESS, logIndex=7086, commits[ffc7b071-00b3-4a69-8de5-2639a1a8d8ac:c7086]
2019-06-12 16:05:11,469 INFO  client.GrpcClientProtocolClient (GrpcClientProtocolClient.java:onNext(254)) - client-7F7296B99608->ffc7b071-00b3-4a69-8de5-2639a1a8d8ac: receive RaftClientReply:client-7F7296B99608->ffc7b071-00b3-4a69-8de5-2639a1a8d8ac@group-6911E2D50CC5, cid=4266, SUCCESS, logIndex=7088, commits[ffc7b071-00b3-4a69-8de5-2639a1a8d8ac:c7088]
2019-06-12 16:05:11,470 INFO  client.GrpcClientProtocolClient (GrpcClientProtocolClient.java:onNext(254)) - client-7F7296B99608->ffc7b071-00b3-4a69-8de5-2639a1a8d8ac: receive RaftClientReply:client-7F7296B99608->ffc7b071-00b3-4a69-8de5-2639a1a8d8ac@group-6911E2D50CC5, cid=4267, SUCCESS, logIndex=7089, commits[ffc7b071-00b3-4a69-8de5-2639a1a8d8ac:c7091]
2019-06-12 16:05:11,471 INFO  client.GrpcClientProtocolClient (GrpcClientProtocolClient.java:onNext(254)) - client-7F7296B99608->ffc7b071-00b3-4a69-8de5-2639a1a8d8ac: receive RaftClientReply:client-7F7296B99608->ffc7b071-00b3-4a69-8de5-2639a1a8d8ac@group-6911E2D50CC5, cid=4268, SUCCESS, logIndex=7090, commits[ffc7b071-00b3-4a69-8de5-2639a1a8d8ac:c7091]
2019-06-12 16:05:11,475 INFO  client.GrpcClientProtocolClient (GrpcClientProtocolClient.java:onNext(254)) - client-7F7296B99608->ffc7b071-00b3-4a69-8de5-2639a1a8d8ac: receive RaftClientReply:client-7F7296B99608->ffc7b071-00b3-4a69-8de5-2639a1a8d8ac@group-6911E2D50CC5, cid=4269, SUCCESS, logIndex=7092, commits[ffc7b071-00b3-4a69-8de5-2639a1a8d8ac:c7092]
2019-06-12 16:05:11,476 INFO  client.GrpcClientProtocolClient (GrpcClientProtocolClient.java:onNext(254)) - client-7F7296B99608->ffc7b071-00b3-4a69-8de5-2639a1a8d8ac: receive RaftClientReply:client-7F7296B99608->ffc7b071-00b3-4a69-8de5-2639a1a8d8ac@group-6911E2D50CC5, cid=4270, SUCCESS, logIndex=7094, commits[ffc7b071-00b3-4a69-8de5-2639a1a8d8ac:c7094]
2019-06-12 16:05:11,478 INFO  client.GrpcClientProtocolClient (GrpcClientProtocolClient.java:onNext(254)) - client-7F7296B99608->ffc7b071-00b3-4a69-8de5-2639a1a8d8ac: receive RaftClientReply:client-7F7296B99608->ffc7b071-00b3-4a69-8de5-2639a1a8d8ac@group-6911E2D50CC5, cid=4271, SUCCESS, logIndex=7095, commits[ffc7b071-00b3-4a69-8de5-2639a1a8d8ac:c7097]
2019-06-12 16:05:11,478 INFO  client.GrpcClientProtocolClient (GrpcClientProtocolClient.java:onNext(254)) - client-7F7296B99608->ffc7b071-00b3-4a69-8de5-2639a1a8d8ac: receive RaftClientReply:client-7F7296B99608->ffc7b071-00b3-4a69-8de5-2639a1a8d8ac@group-6911E2D50CC5, cid=4272, SUCCESS, logIndex=7096, commits[ffc7b071-00b3-4a69-8de5-2639a1a8d8ac:c7097]
2019-06-12 16:05:11,489 INFO  client.GrpcClientProtocolClient (GrpcClientProtocolClient.java:onNext(254)) - client-7F7296B99608->ffc7b071-00b3-4a69-8de5-2639a1a8d8ac: receive RaftClientReply:client-7F7296B99608->ffc7b071-00b3-4a69-8de5-2639a1a8d8ac@group-6911E2D50CC5, cid=4273, SUCCESS, logIndex=7098, commits[ffc7b071-00b3-4a69-8de5-2639a1a8d8ac:c7098]
2019-06-12 16:05:11,490 INFO  client.GrpcClientProtocolClient (GrpcClientProtocolClient.java:onNext(254)) - client-7F7296B99608->ffc7b071-00b3-4a69-8de5-2639a1a8d8ac: receive RaftClientReply:client-7F7296B99608->ffc7b071-00b3-4a69-8de5-2639a1a8d8ac@group-6911E2D50CC5, cid=4274, SUCCESS, logIndex=7100, commits[ffc7b071-00b3-4a69-8de5-2639a1a8d8ac:c7100]
2019-06-12 16:05:11,491 INFO  client.GrpcClientProtocolClient (GrpcClientProtocolClient.java:onNext(254)) - client-7F7296B99608->ffc7b071-00b3-4a69-8de5-2639a1a8d8ac: receive RaftClientReply:client-7F7296B99608->ffc7b071-00b3-4a69-8de5-2639a1a8d8ac@group-6911E2D50CC5, cid=4275, SUCCESS, logIndex=7101, commits[ffc7b071-00b3-4a69-8de5-2639a1a8d8ac:c7103]
2019-06-12 16:05:11,491 INFO  client.GrpcClientProtocolClient (GrpcClientProtocolClient.java:onNext(254)) - client-7F7296B99608->ffc7b071-00b3-4a69-8de5-2639a1a8d8ac: receive RaftClientReply:client-7F7296B99608->ffc7b071-00b3-4a69-8de5-2639a1a8d8ac@group-6911E2D50CC5, cid=4276, SUCCESS, logIndex=7102, commits[ffc7b071-00b3-4a69-8de5-2639a1a8d8ac:c7103]
2019-06-12 16:05:11,497 INFO  client.GrpcClientProtocolClient (GrpcClientProtocolClient.java:onNext(254)) - client-7F7296B99608->ffc7b071-00b3-4a69-8de5-2639a1a8d8ac: receive RaftClientReply:client-7F7296B99608->ffc7b071-00b3-4a69-8de5-2639a1a8d8ac@group-6911E2D50CC5, cid=4277, SUCCESS, logIndex=7104, commits[ffc7b071-00b3-4a69-8de5-2639a1a8d8ac:c7104]
2019-06-12 16:05:11,498 INFO  client.GrpcClientProtocolClient (GrpcClientProtocolClient.java:onNext(254)) - client-7F7296B99608->ffc7b071-00b3-4a69-8de5-2639a1a8d8ac: receive RaftClientReply:client-7F7296B99608->ffc7b071-00b3-4a69-8de5-2639a1a8d8ac@group-6911E2D50CC5, cid=4278, SUCCESS, logIndex=7106, commits[ffc7b071-00b3-4a69-8de5-2639a1a8d8ac:c7106]
2019-06-12 16:05:11,499 INFO  client.GrpcClientProtocolClient (GrpcClientProtocolClient.java:onNext(254)) - client-7F7296B99608->ffc7b071-00b3-4a69-8de5-2639a1a8d8ac: receive RaftClientReply:client-7F7296B99608->ffc7b071-00b3-4a69-8de5-2639a1a8d8ac@group-6911E2D50CC5, cid=4279, SUCCESS, logIndex=7107, commits[ffc7b071-00b3-4a69-8de5-2639a1a8d8ac:c7109]
2019-06-12 16:05:11,500 INFO  client.GrpcClientProtocolClient (GrpcClientProtocolClient.java:onNext(254)) - client-7F7296B99608->ffc7b071-00b3-4a69-8de5-2639a1a8d8ac: receive RaftClientReply:client-7F7296B99608->ffc7b071-00b3-4a69-8de5-2639a1a8d8ac@group-6911E2D50CC5, cid=4280, SUCCESS, logIndex=7108, commits[ffc7b071-00b3-4a69-8de5-2639a1a8d8ac:c7109]
2019-06-12 16:05:11,510 INFO  client.GrpcClientProtocolClient (GrpcClientProtocolClient.java:onNext(254)) - client-7F7296B99608->ffc7b071-00b3-4a69-8de5-2639a1a8d8ac: receive RaftClientReply:client-7F7296B99608->ffc7b071-00b3-4a69-8de5-2639a1a8d8ac@group-6911E2D50CC5, cid=4281, SUCCESS, logIndex=7110, commits[ffc7b071-00b3-4a69-8de5-2639a1a8d8ac:c7110]
2019-06-12 16:05:11,512 INFO  client.GrpcClientProtocolClient (GrpcClientProtocolClient.java:onNext(254)) - client-7F7296B99608->ffc7b071-00b3-4a69-8de5-2639a1a8d8ac: receive RaftClientReply:client-7F7296B99608->ffc7b071-00b3-4a69-8de5-2639a1a8d8ac@group-6911E2D50CC5, cid=4282, SUCCESS, logIndex=7112, commits[ffc7b071-00b3-4a69-8de5-2639a1a8d8ac:c7112]
2019-06-12 16:05:11,513 INFO  client.GrpcClientProtocolClient (GrpcClientProtocolClient.java:onNext(254)) - client-7F7296B99608->ffc7b071-00b3-4a69-8de5-2639a1a8d8ac: receive RaftClientReply:client-7F7296B99608->ffc7b071-00b3-4a69-8de5-2639a1a8d8ac@group-6911E2D50CC5, cid=4283, SUCCESS, logIndex=7113, commits[ffc7b071-00b3-4a69-8de5-2639a1a8d8ac:c7115]
2019-06-12 16:05:11,513 INFO  client.GrpcClientProtocolClient (GrpcClientProtocolClient.java:onNext(254)) - client-7F7296B99608->ffc7b071-00b3-4a69-8de5-2639a1a8d8ac: receive RaftClientReply:client-7F7296B99608->ffc7b071-00b3-4a69-8de5-2639a1a8d8ac@group-6911E2D50CC5, cid=4284, SUCCESS, logIndex=7115, commits[ffc7b071-00b3-4a69-8de5-2639a1a8d8ac:c7115]
2019-06-12 16:05:11,518 INFO  client.GrpcClientProtocolClient (GrpcClientProtocolClient.java:onNext(254)) - client-7F7296B99608->ffc7b071-00b3-4a69-8de5-2639a1a8d8ac: receive RaftClientReply:client-7F7296B99608->ffc7b071-00b3-4a69-8de5-2639a1a8d8ac@group-6911E2D50CC5, cid=4285, SUCCESS, logIndex=7117, commits[ffc7b071-00b3-4a69-8de5-2639a1a8d8ac:c7117]
2019-06-12 16:05:11,520 INFO  client.GrpcClientProtocolClient (GrpcClientProtocolClient.java:onNext(254)) - client-7F7296B99608->ffc7b071-00b3-4a69-8de5-2639a1a8d8ac: receive RaftClientReply:client-7F7296B99608->ffc7b071-00b3-4a69-8de5-2639a1a8d8ac@group-6911E2D50CC5, cid=4286, SUCCESS, logIndex=7119, commits[ffc7b071-00b3-4a69-8de5-2639a1a8d8ac:c7119]
2019-06-12 16:05:11,520 INFO  client.GrpcClientProtocolClient (GrpcClientProtocolClient.java:onNext(254)) - client-7F7296B99608->ffc7b071-00b3-4a69-8de5-2639a1a8d8ac: receive RaftClientReply:client-7F7296B99608->ffc7b071-00b3-4a69-8de5-2639a1a8d8ac@group-6911E2D50CC5, cid=4287, SUCCESS, logIndex=7120, commits[ffc7b071-00b3-4a69-8de5-2639a1a8d8ac:c7122]
2019-06-12 16:05:11,521 INFO  client.GrpcClientProtocolClient (GrpcClientProtocolClient.java:onNext(254)) - client-7F7296B99608->ffc7b071-00b3-4a69-8de5-2639a1a8d8ac: receive RaftClientReply:client-7F7296B99608->ffc7b071-00b3-4a69-8de5-2639a1a8d8ac@group-6911E2D50CC5, cid=4288, SUCCESS, logIndex=7121, commits[ffc7b071-00b3-4a69-8de5-2639a1a8d8ac:c7122]
2019-06-12 16:05:11,536 DEBUG block.SCMBlockDeletingService (SCMBlockDeletingService.java:call(138)) - Running DeletedBlockTransactionScanner
2019-06-12 16:05:11,536 DEBUG block.SCMBlockDeletingService (SCMBlockDeletingService.java:call(155)) - Scanned deleted blocks log and got 0 delTX to process.
2019-06-12 16:05:11,636 DEBUG block.SCMBlockDeletingService (SCMBlockDeletingService.java:call(138)) - Running DeletedBlockTransactionScanner
2019-06-12 16:05:11,637 DEBUG block.SCMBlockDeletingService (SCMBlockDeletingService.java:call(155)) - Scanned deleted blocks log and got 0 delTX to process.
2019-06-12 16:05:11,638 INFO  client.GrpcClientProtocolClient (GrpcClientProtocolClient.java:onNext(254)) - client-7F7296B99608->ffc7b071-00b3-4a69-8de5-2639a1a8d8ac: receive RaftClientReply:client-7F7296B99608->ffc7b071-00b3-4a69-8de5-2639a1a8d8ac@group-6911E2D50CC5, cid=4289, SUCCESS, logIndex=7123, commits[ffc7b071-00b3-4a69-8de5-2639a1a8d8ac:c7123]
2019-06-12 16:05:11,640 INFO  client.GrpcClientProtocolClient (GrpcClientProtocolClient.java:onNext(254)) - client-7F7296B99608->ffc7b071-00b3-4a69-8de5-2639a1a8d8ac: receive RaftClientReply:client-7F7296B99608->ffc7b071-00b3-4a69-8de5-2639a1a8d8ac@group-6911E2D50CC5, cid=4290, SUCCESS, logIndex=7125, commits[ffc7b071-00b3-4a69-8de5-2639a1a8d8ac:c7125]
2019-06-12 16:05:11,640 INFO  client.GrpcClientProtocolClient (GrpcClientProtocolClient.java:onNext(254)) - client-7F7296B99608->ffc7b071-00b3-4a69-8de5-2639a1a8d8ac: receive RaftClientReply:client-7F7296B99608->ffc7b071-00b3-4a69-8de5-2639a1a8d8ac@group-6911E2D50CC5, cid=4291, SUCCESS, logIndex=7126, commits[ffc7b071-00b3-4a69-8de5-2639a1a8d8ac:c7128]
2019-06-12 16:05:11,641 INFO  client.GrpcClientProtocolClient (GrpcClientProtocolClient.java:onNext(254)) - client-7F7296B99608->ffc7b071-00b3-4a69-8de5-2639a1a8d8ac: receive RaftClientReply:client-7F7296B99608->ffc7b071-00b3-4a69-8de5-2639a1a8d8ac@group-6911E2D50CC5, cid=4292, SUCCESS, logIndex=7127, commits[ffc7b071-00b3-4a69-8de5-2639a1a8d8ac:c7128]
2019-06-12 16:05:11,646 INFO  client.GrpcClientProtocolClient (GrpcClientProtocolClient.java:onNext(254)) - client-7F7296B99608->ffc7b071-00b3-4a69-8de5-2639a1a8d8ac: receive RaftClientReply:client-7F7296B99608->ffc7b071-00b3-4a69-8de5-2639a1a8d8ac@group-6911E2D50CC5, cid=4293, SUCCESS, logIndex=7129, commits[ffc7b071-00b3-4a69-8de5-2639a1a8d8ac:c7129]
2019-06-12 16:05:11,647 INFO  client.GrpcClientProtocolClient (GrpcClientProtocolClient.java:onNext(254)) - client-7F7296B99608->ffc7b071-00b3-4a69-8de5-2639a1a8d8ac: receive RaftClientReply:client-7F7296B99608->ffc7b071-00b3-4a69-8de5-2639a1a8d8ac@group-6911E2D50CC5, cid=4294, SUCCESS, logIndex=7131, commits[ffc7b071-00b3-4a69-8de5-2639a1a8d8ac:c7131]
2019-06-12 16:05:11,648 INFO  client.GrpcClientProtocolClient (GrpcClientProtocolClient.java:onNext(254)) - client-7F7296B99608->ffc7b071-00b3-4a69-8de5-2639a1a8d8ac: receive RaftClientReply:client-7F7296B99608->ffc7b071-00b3-4a69-8de5-2639a1a8d8ac@group-6911E2D50CC5, cid=4295, SUCCESS, logIndex=7132, commits[ffc7b071-00b3-4a69-8de5-2639a1a8d8ac:c7134]
2019-06-12 16:05:11,648 INFO  client.GrpcClientProtocolClient (GrpcClientProtocolClient.java:onNext(254)) - client-7F7296B99608->ffc7b071-00b3-4a69-8de5-2639a1a8d8ac: receive RaftClientReply:client-7F7296B99608->ffc7b071-00b3-4a69-8de5-2639a1a8d8ac@group-6911E2D50CC5, cid=4296, SUCCESS, logIndex=7133, commits[ffc7b071-00b3-4a69-8de5-2639a1a8d8ac:c7134]
2019-06-12 16:05:11,658 INFO  client.GrpcClientProtocolClient (GrpcClientProtocolClient.java:onNext(254)) - client-7F7296B99608->ffc7b071-00b3-4a69-8de5-2639a1a8d8ac: receive RaftClientReply:client-7F7296B99608->ffc7b071-00b3-4a69-8de5-2639a1a8d8ac@group-6911E2D50CC5, cid=4297, SUCCESS, logIndex=7135, commits[ffc7b071-00b3-4a69-8de5-2639a1a8d8ac:c7135]
2019-06-12 16:05:11,660 INFO  client.GrpcClientProtocolClient (GrpcClientProtocolClient.java:onNext(254)) - client-7F7296B99608->ffc7b071-00b3-4a69-8de5-2639a1a8d8ac: receive RaftClientReply:client-7F7296B99608->ffc7b071-00b3-4a69-8de5-2639a1a8d8ac@group-6911E2D50CC5, cid=4298, SUCCESS, logIndex=7137, commits[ffc7b071-00b3-4a69-8de5-2639a1a8d8ac:c7137]
2019-06-12 16:05:11,660 INFO  client.GrpcClientProtocolClient (GrpcClientProtocolClient.java:onNext(254)) - client-7F7296B99608->ffc7b071-00b3-4a69-8de5-2639a1a8d8ac: receive RaftClientReply:client-7F7296B99608->ffc7b071-00b3-4a69-8de5-2639a1a8d8ac@group-6911E2D50CC5, cid=4299, SUCCESS, logIndex=7138, commits[ffc7b071-00b3-4a69-8de5-2639a1a8d8ac:c7140]
2019-06-12 16:05:11,661 INFO  client.GrpcClientProtocolClient (GrpcClientProtocolClient.java:onNext(254)) - client-7F7296B99608->ffc7b071-00b3-4a69-8de5-2639a1a8d8ac: receive RaftClientReply:client-7F7296B99608->ffc7b071-00b3-4a69-8de5-2639a1a8d8ac@group-6911E2D50CC5, cid=4300, SUCCESS, logIndex=7139, commits[ffc7b071-00b3-4a69-8de5-2639a1a8d8ac:c7140]
2019-06-12 16:05:11,665 INFO  storage.RaftLogWorker (RaftLogWorker.java:rollLogSegment(303)) - ffc7b071-00b3-4a69-8de5-2639a1a8d8ac-RaftLogWorker: Rolling segment log-7074_7140 to index:7140
2019-06-12 16:05:11,665 INFO  storage.RaftLogWorker (RaftLogWorker.java:execute(433)) - ffc7b071-00b3-4a69-8de5-2639a1a8d8ac-RaftLogWorker: Rolled log segment from /opt/src/hadoop-ozone/integration-test/target/test-dir/MiniOzoneClusterImpl-a1c7246e-c692-4524-ad55-32b507b20431/datanode-0/data/ratis/4417d833-4fb6-4fa2-9413-6911e2d50cc5/current/log_inprogress_7074 to /opt/src/hadoop-ozone/integration-test/target/test-dir/MiniOzoneClusterImpl-a1c7246e-c692-4524-ad55-32b507b20431/datanode-0/data/ratis/4417d833-4fb6-4fa2-9413-6911e2d50cc5/current/log_7074-7140
2019-06-12 16:05:11,700 INFO  storage.RaftLogWorker (RaftLogWorker.java:execute(469)) - ffc7b071-00b3-4a69-8de5-2639a1a8d8ac-RaftLogWorker: created new log segment /opt/src/hadoop-ozone/integration-test/target/test-dir/MiniOzoneClusterImpl-a1c7246e-c692-4524-ad55-32b507b20431/datanode-0/data/ratis/4417d833-4fb6-4fa2-9413-6911e2d50cc5/current/log_inprogress_7141
2019-06-12 16:05:11,702 INFO  client.GrpcClientProtocolClient (GrpcClientProtocolClient.java:onNext(254)) - client-7F7296B99608->ffc7b071-00b3-4a69-8de5-2639a1a8d8ac: receive RaftClientReply:client-7F7296B99608->ffc7b071-00b3-4a69-8de5-2639a1a8d8ac@group-6911E2D50CC5, cid=4301, SUCCESS, logIndex=7141, commits[ffc7b071-00b3-4a69-8de5-2639a1a8d8ac:c7141]
2019-06-12 16:05:11,703 INFO  client.GrpcClientProtocolClient (GrpcClientProtocolClient.java:onNext(254)) - client-7F7296B99608->ffc7b071-00b3-4a69-8de5-2639a1a8d8ac: receive RaftClientReply:client-7F7296B99608->ffc7b071-00b3-4a69-8de5-2639a1a8d8ac@group-6911E2D50CC5, cid=4302, SUCCESS, logIndex=7143, commits[ffc7b071-00b3-4a69-8de5-2639a1a8d8ac:c7143]
2019-06-12 16:05:11,704 INFO  client.GrpcClientProtocolClient (GrpcClientProtocolClient.java:onNext(254)) - client-7F7296B99608->ffc7b071-00b3-4a69-8de5-2639a1a8d8ac: receive RaftClientReply:client-7F7296B99608->ffc7b071-00b3-4a69-8de5-2639a1a8d8ac@group-6911E2D50CC5, cid=4303, SUCCESS, logIndex=7144, commits[ffc7b071-00b3-4a69-8de5-2639a1a8d8ac:c7146]
2019-06-12 16:05:11,704 INFO  client.GrpcClientProtocolClient (GrpcClientProtocolClient.java:onNext(254)) - client-7F7296B99608->ffc7b071-00b3-4a69-8de5-2639a1a8d8ac: receive RaftClientReply:client-7F7296B99608->ffc7b071-00b3-4a69-8de5-2639a1a8d8ac@group-6911E2D50CC5, cid=4304, SUCCESS, logIndex=7145, commits[ffc7b071-00b3-4a69-8de5-2639a1a8d8ac:c7146]
2019-06-12 16:05:11,714 INFO  client.GrpcClientProtocolClient (GrpcClientProtocolClient.java:onNext(254)) - client-7F7296B99608->ffc7b071-00b3-4a69-8de5-2639a1a8d8ac: receive RaftClientReply:client-7F7296B99608->ffc7b071-00b3-4a69-8de5-2639a1a8d8ac@group-6911E2D50CC5, cid=4305, SUCCESS, logIndex=7147, commits[ffc7b071-00b3-4a69-8de5-2639a1a8d8ac:c7147]
2019-06-12 16:05:11,715 INFO  client.GrpcClientProtocolClient (GrpcClientProtocolClient.java:onNext(254)) - client-7F7296B99608->ffc7b071-00b3-4a69-8de5-2639a1a8d8ac: receive RaftClientReply:client-7F7296B99608->ffc7b071-00b3-4a69-8de5-2639a1a8d8ac@group-6911E2D50CC5, cid=4306, SUCCESS, logIndex=7149, commits[ffc7b071-00b3-4a69-8de5-2639a1a8d8ac:c7149]
2019-06-12 16:05:11,716 INFO  client.GrpcClientProtocolClient (GrpcClientProtocolClient.java:onNext(254)) - client-7F7296B99608->ffc7b071-00b3-4a69-8de5-2639a1a8d8ac: receive RaftClientReply:client-7F7296B99608->ffc7b071-00b3-4a69-8de5-2639a1a8d8ac@group-6911E2D50CC5, cid=4307, SUCCESS, logIndex=7150, commits[ffc7b071-00b3-4a69-8de5-2639a1a8d8ac:c7151]
2019-06-12 16:05:11,717 INFO  client.GrpcClientProtocolClient (GrpcClientProtocolClient.java:onNext(254)) - client-7F7296B99608->ffc7b071-00b3-4a69-8de5-2639a1a8d8ac: receive RaftClientReply:client-7F7296B99608->ffc7b071-00b3-4a69-8de5-2639a1a8d8ac@group-6911E2D50CC5, cid=4308, SUCCESS, logIndex=7152, commits[ffc7b071-00b3-4a69-8de5-2639a1a8d8ac:c7152]
2019-06-12 16:05:11,722 INFO  client.GrpcClientProtocolClient (GrpcClientProtocolClient.java:onNext(254)) - client-7F7296B99608->ffc7b071-00b3-4a69-8de5-2639a1a8d8ac: receive RaftClientReply:client-7F7296B99608->ffc7b071-00b3-4a69-8de5-2639a1a8d8ac@group-6911E2D50CC5, cid=4309, SUCCESS, logIndex=7154, commits[ffc7b071-00b3-4a69-8de5-2639a1a8d8ac:c7154]
2019-06-12 16:05:11,724 INFO  client.GrpcClientProtocolClient (GrpcClientProtocolClient.java:onNext(254)) - client-7F7296B99608->ffc7b071-00b3-4a69-8de5-2639a1a8d8ac: receive RaftClientReply:client-7F7296B99608->ffc7b071-00b3-4a69-8de5-2639a1a8d8ac@group-6911E2D50CC5, cid=4310, SUCCESS, logIndex=7156, commits[ffc7b071-00b3-4a69-8de5-2639a1a8d8ac:c7156]
2019-06-12 16:05:11,724 INFO  client.GrpcClientProtocolClient (GrpcClientProtocolClient.java:onNext(254)) - client-7F7296B99608->ffc7b071-00b3-4a69-8de5-2639a1a8d8ac: receive RaftClientReply:client-7F7296B99608->ffc7b071-00b3-4a69-8de5-2639a1a8d8ac@group-6911E2D50CC5, cid=4311, SUCCESS, logIndex=7157, commits[ffc7b071-00b3-4a69-8de5-2639a1a8d8ac:c7159]
2019-06-12 16:05:11,725 INFO  client.GrpcClientProtocolClient (GrpcClientProtocolClient.java:onNext(254)) - client-7F7296B99608->ffc7b071-00b3-4a69-8de5-2639a1a8d8ac: receive RaftClientReply:client-7F7296B99608->ffc7b071-00b3-4a69-8de5-2639a1a8d8ac@group-6911E2D50CC5, cid=4312, SUCCESS, logIndex=7158, commits[ffc7b071-00b3-4a69-8de5-2639a1a8d8ac:c7159]
2019-06-12 16:05:11,736 INFO  client.GrpcClientProtocolClient (GrpcClientProtocolClient.java:onNext(254)) - client-7F7296B99608->ffc7b071-00b3-4a69-8de5-2639a1a8d8ac: receive RaftClientReply:client-7F7296B99608->ffc7b071-00b3-4a69-8de5-2639a1a8d8ac@group-6911E2D50CC5, cid=4313, SUCCESS, logIndex=7160, commits[ffc7b071-00b3-4a69-8de5-2639a1a8d8ac:c7160]
2019-06-12 16:05:11,737 DEBUG block.SCMBlockDeletingService (SCMBlockDeletingService.java:call(138)) - Running DeletedBlockTransactionScanner
2019-06-12 16:05:11,737 DEBUG block.SCMBlockDeletingService (SCMBlockDeletingService.java:call(155)) - Scanned deleted blocks log and got 0 delTX to process.
2019-06-12 16:05:11,737 INFO  client.GrpcClientProtocolClient (GrpcClientProtocolClient.java:onNext(254)) - client-7F7296B99608->ffc7b071-00b3-4a69-8de5-2639a1a8d8ac: receive RaftClientReply:client-7F7296B99608->ffc7b071-00b3-4a69-8de5-2639a1a8d8ac@group-6911E2D50CC5, cid=4314, SUCCESS, logIndex=7162, commits[ffc7b071-00b3-4a69-8de5-2639a1a8d8ac:c7163]
2019-06-12 16:05:11,738 INFO  client.GrpcClientProtocolClient (GrpcClientProtocolClient.java:onNext(254)) - client-7F7296B99608->ffc7b071-00b3-4a69-8de5-2639a1a8d8ac: receive RaftClientReply:client-7F7296B99608->ffc7b071-00b3-4a69-8de5-2639a1a8d8ac@group-6911E2D50CC5, cid=4315, SUCCESS, logIndex=7163, commits[ffc7b071-00b3-4a69-8de5-2639a1a8d8ac:c7163]
2019-06-12 16:05:11,739 INFO  client.GrpcClientProtocolClient (GrpcClientProtocolClient.java:onNext(254)) - client-7F7296B99608->ffc7b071-00b3-4a69-8de5-2639a1a8d8ac: receive RaftClientReply:client-7F7296B99608->ffc7b071-00b3-4a69-8de5-2639a1a8d8ac@group-6911E2D50CC5, cid=4316, SUCCESS, logIndex=7165, commits[ffc7b071-00b3-4a69-8de5-2639a1a8d8ac:c7165]
2019-06-12 16:05:11,743 INFO  client.GrpcClientProtocolClient (GrpcClientProtocolClient.java:onNext(254)) - client-7F7296B99608->ffc7b071-00b3-4a69-8de5-2639a1a8d8ac: receive RaftClientReply:client-7F7296B99608->ffc7b071-00b3-4a69-8de5-2639a1a8d8ac@group-6911E2D50CC5, cid=4317, SUCCESS, logIndex=7167, commits[ffc7b071-00b3-4a69-8de5-2639a1a8d8ac:c7167]
2019-06-12 16:05:11,745 INFO  client.GrpcClientProtocolClient (GrpcClientProtocolClient.java:onNext(254)) - client-7F7296B99608->ffc7b071-00b3-4a69-8de5-2639a1a8d8ac: receive RaftClientReply:client-7F7296B99608->ffc7b071-00b3-4a69-8de5-2639a1a8d8ac@group-6911E2D50CC5, cid=4318, SUCCESS, logIndex=7169, commits[ffc7b071-00b3-4a69-8de5-2639a1a8d8ac:c7169]
2019-06-12 16:05:11,746 INFO  client.GrpcClientProtocolClient (GrpcClientProtocolClient.java:onNext(254)) - client-7F7296B99608->ffc7b071-00b3-4a69-8de5-2639a1a8d8ac: receive RaftClientReply:client-7F7296B99608->ffc7b071-00b3-4a69-8de5-2639a1a8d8ac@group-6911E2D50CC5, cid=4319, SUCCESS, logIndex=7170, commits[ffc7b071-00b3-4a69-8de5-2639a1a8d8ac:c7172]
2019-06-12 16:05:11,746 INFO  client.GrpcClientProtocolClient (GrpcClientProtocolClient.java:onNext(254)) - client-7F7296B99608->ffc7b071-00b3-4a69-8de5-2639a1a8d8ac: receive RaftClientReply:client-7F7296B99608->ffc7b071-00b3-4a69-8de5-2639a1a8d8ac@group-6911E2D50CC5, cid=4320, SUCCESS, logIndex=7171, commits[ffc7b071-00b3-4a69-8de5-2639a1a8d8ac:c7172]
2019-06-12 16:05:11,757 INFO  client.GrpcClientProtocolClient (GrpcClientProtocolClient.java:onNext(254)) - client-7F7296B99608->ffc7b071-00b3-4a69-8de5-2639a1a8d8ac: receive RaftClientReply:client-7F7296B99608->ffc7b071-00b3-4a69-8de5-2639a1a8d8ac@group-6911E2D50CC5, cid=4321, SUCCESS, logIndex=7173, commits[ffc7b071-00b3-4a69-8de5-2639a1a8d8ac:c7173]
2019-06-12 16:05:11,758 INFO  client.GrpcClientProtocolClient (GrpcClientProtocolClient.java:onNext(254)) - client-7F7296B99608->ffc7b071-00b3-4a69-8de5-2639a1a8d8ac: receive RaftClientReply:client-7F7296B99608->ffc7b071-00b3-4a69-8de5-2639a1a8d8ac@group-6911E2D50CC5, cid=4322, SUCCESS, logIndex=7175, commits[ffc7b071-00b3-4a69-8de5-2639a1a8d8ac:c7175]
2019-06-12 16:05:11,759 INFO  client.GrpcClientProtocolClient (GrpcClientProtocolClient.java:onNext(254)) - client-7F7296B99608->ffc7b071-00b3-4a69-8de5-2639a1a8d8ac: receive RaftClientReply:client-7F7296B99608->ffc7b071-00b3-4a69-8de5-2639a1a8d8ac@group-6911E2D50CC5, cid=4323, SUCCESS, logIndex=7176, commits[ffc7b071-00b3-4a69-8de5-2639a1a8d8ac:c7178]
2019-06-12 16:05:11,760 INFO  client.GrpcClientProtocolClient (GrpcClientProtocolClient.java:onNext(254)) - client-7F7296B99608->ffc7b071-00b3-4a69-8de5-2639a1a8d8ac: receive RaftClientReply:client-7F7296B99608->ffc7b071-00b3-4a69-8de5-2639a1a8d8ac@group-6911E2D50CC5, cid=4324, SUCCESS, logIndex=7177, commits[ffc7b071-00b3-4a69-8de5-2639a1a8d8ac:c7178]
2019-06-12 16:05:11,766 INFO  client.GrpcClientProtocolClient (GrpcClientProtocolClient.java:onNext(254)) - client-7F7296B99608->ffc7b071-00b3-4a69-8de5-2639a1a8d8ac: receive RaftClientReply:client-7F7296B99608->ffc7b071-00b3-4a69-8de5-2639a1a8d8ac@group-6911E2D50CC5, cid=4325, SUCCESS, logIndex=7179, commits[ffc7b071-00b3-4a69-8de5-2639a1a8d8ac:c7179]
2019-06-12 16:05:11,767 INFO  client.GrpcClientProtocolClient (GrpcClientProtocolClient.java:onNext(254)) - client-7F7296B99608->ffc7b071-00b3-4a69-8de5-2639a1a8d8ac: receive RaftClientReply:client-7F7296B99608->ffc7b071-00b3-4a69-8de5-2639a1a8d8ac@group-6911E2D50CC5, cid=4326, SUCCESS, logIndex=7181, commits[ffc7b071-00b3-4a69-8de5-2639a1a8d8ac:c7181]
2019-06-12 16:05:11,769 INFO  client.GrpcClientProtocolClient (GrpcClientProtocolClient.java:onNext(254)) - client-7F7296B99608->ffc7b071-00b3-4a69-8de5-2639a1a8d8ac: receive RaftClientReply:client-7F7296B99608->ffc7b071-00b3-4a69-8de5-2639a1a8d8ac@group-6911E2D50CC5, cid=4327, SUCCESS, logIndex=7182, commits[ffc7b071-00b3-4a69-8de5-2639a1a8d8ac:c7184]
2019-06-12 16:05:11,769 INFO  client.GrpcClientProtocolClient (GrpcClientProtocolClient.java:onNext(254)) - client-7F7296B99608->ffc7b071-00b3-4a69-8de5-2639a1a8d8ac: receive RaftClientReply:client-7F7296B99608->ffc7b071-00b3-4a69-8de5-2639a1a8d8ac@group-6911E2D50CC5, cid=4328, SUCCESS, logIndex=7184, commits[ffc7b071-00b3-4a69-8de5-2639a1a8d8ac:c7184]
2019-06-12 16:05:11,779 INFO  client.GrpcClientProtocolClient (GrpcClientProtocolClient.java:onNext(254)) - client-7F7296B99608->ffc7b071-00b3-4a69-8de5-2639a1a8d8ac: receive RaftClientReply:client-7F7296B99608->ffc7b071-00b3-4a69-8de5-2639a1a8d8ac@group-6911E2D50CC5, cid=4329, SUCCESS, logIndex=7186, commits[ffc7b071-00b3-4a69-8de5-2639a1a8d8ac:c7186]
2019-06-12 16:05:11,781 INFO  client.GrpcClientProtocolClient (GrpcClientProtocolClient.java:onNext(254)) - client-7F7296B99608->ffc7b071-00b3-4a69-8de5-2639a1a8d8ac: receive RaftClientReply:client-7F7296B99608->ffc7b071-00b3-4a69-8de5-2639a1a8d8ac@group-6911E2D50CC5, cid=4330, SUCCESS, logIndex=7188, commits[ffc7b071-00b3-4a69-8de5-2639a1a8d8ac:c7188]
2019-06-12 16:05:11,781 INFO  client.GrpcClientProtocolClient (GrpcClientProtocolClient.java:onNext(254)) - client-7F7296B99608->ffc7b071-00b3-4a69-8de5-2639a1a8d8ac: receive RaftClientReply:client-7F7296B99608->ffc7b071-00b3-4a69-8de5-2639a1a8d8ac@group-6911E2D50CC5, cid=4331, SUCCESS, logIndex=7189, commits[ffc7b071-00b3-4a69-8de5-2639a1a8d8ac:c7189]
2019-06-12 16:05:11,782 INFO  client.GrpcClientProtocolClient (GrpcClientProtocolClient.java:onNext(254)) - client-7F7296B99608->ffc7b071-00b3-4a69-8de5-2639a1a8d8ac: receive RaftClientReply:client-7F7296B99608->ffc7b071-00b3-4a69-8de5-2639a1a8d8ac@group-6911E2D50CC5, cid=4332, SUCCESS, logIndex=7191, commits[ffc7b071-00b3-4a69-8de5-2639a1a8d8ac:c7191]
2019-06-12 16:05:11,837 DEBUG block.SCMBlockDeletingService (SCMBlockDeletingService.java:call(138)) - Running DeletedBlockTransactionScanner
2019-06-12 16:05:11,837 DEBUG block.SCMBlockDeletingService (SCMBlockDeletingService.java:call(155)) - Scanned deleted blocks log and got 0 delTX to process.
2019-06-12 16:05:11,852 INFO  client.GrpcClientProtocolClient (GrpcClientProtocolClient.java:onNext(254)) - client-7F7296B99608->ffc7b071-00b3-4a69-8de5-2639a1a8d8ac: receive RaftClientReply:client-7F7296B99608->ffc7b071-00b3-4a69-8de5-2639a1a8d8ac@group-6911E2D50CC5, cid=4333, SUCCESS, logIndex=7194, commits[ffc7b071-00b3-4a69-8de5-2639a1a8d8ac:c7194]
2019-06-12 16:05:11,853 INFO  client.GrpcClientProtocolClient (GrpcClientProtocolClient.java:onNext(254)) - client-7F7296B99608->ffc7b071-00b3-4a69-8de5-2639a1a8d8ac: receive RaftClientReply:client-7F7296B99608->ffc7b071-00b3-4a69-8de5-2639a1a8d8ac@group-6911E2D50CC5, cid=4334, SUCCESS, logIndex=7196, commits[ffc7b071-00b3-4a69-8de5-2639a1a8d8ac:c7196]
2019-06-12 16:05:11,854 INFO  client.GrpcClientProtocolClient (GrpcClientProtocolClient.java:onNext(254)) - client-7F7296B99608->ffc7b071-00b3-4a69-8de5-2639a1a8d8ac: receive RaftClientReply:client-7F7296B99608->ffc7b071-00b3-4a69-8de5-2639a1a8d8ac@group-6911E2D50CC5, cid=4335, SUCCESS, logIndex=7197, commits[ffc7b071-00b3-4a69-8de5-2639a1a8d8ac:c7199]
2019-06-12 16:05:11,854 INFO  client.GrpcClientProtocolClient (GrpcClientProtocolClient.java:onNext(254)) - client-7F7296B99608->ffc7b071-00b3-4a69-8de5-2639a1a8d8ac: receive RaftClientReply:client-7F7296B99608->ffc7b071-00b3-4a69-8de5-2639a1a8d8ac@group-6911E2D50CC5, cid=4336, SUCCESS, logIndex=7198, commits[ffc7b071-00b3-4a69-8de5-2639a1a8d8ac:c7199]
2019-06-12 16:05:11,864 INFO  client.GrpcClientProtocolClient (GrpcClientProtocolClient.java:onNext(254)) - client-7F7296B99608->ffc7b071-00b3-4a69-8de5-2639a1a8d8ac: receive RaftClientReply:client-7F7296B99608->ffc7b071-00b3-4a69-8de5-2639a1a8d8ac@group-6911E2D50CC5, cid=4337, SUCCESS, logIndex=7200, commits[ffc7b071-00b3-4a69-8de5-2639a1a8d8ac:c7200]
2019-06-12 16:05:11,865 INFO  client.GrpcClientProtocolClient (GrpcClientProtocolClient.java:onNext(254)) - client-7F7296B99608->ffc7b071-00b3-4a69-8de5-2639a1a8d8ac: receive RaftClientReply:client-7F7296B99608->ffc7b071-00b3-4a69-8de5-2639a1a8d8ac@group-6911E2D50CC5, cid=4338, SUCCESS, logIndex=7202, commits[ffc7b071-00b3-4a69-8de5-2639a1a8d8ac:c7202]
2019-06-12 16:05:11,867 INFO  client.GrpcClientProtocolClient (GrpcClientProtocolClient.java:onNext(254)) - client-7F7296B99608->ffc7b071-00b3-4a69-8de5-2639a1a8d8ac: receive RaftClientReply:client-7F7296B99608->ffc7b071-00b3-4a69-8de5-2639a1a8d8ac@group-6911E2D50CC5, cid=4339, SUCCESS, logIndex=7203, commits[ffc7b071-00b3-4a69-8de5-2639a1a8d8ac:c7205]
2019-06-12 16:05:11,867 INFO  client.GrpcClientProtocolClient (GrpcClientProtocolClient.java:onNext(254)) - client-7F7296B99608->ffc7b071-00b3-4a69-8de5-2639a1a8d8ac: receive RaftClientReply:client-7F7296B99608->ffc7b071-00b3-4a69-8de5-2639a1a8d8ac@group-6911E2D50CC5, cid=4340, SUCCESS, logIndex=7204, commits[ffc7b071-00b3-4a69-8de5-2639a1a8d8ac:c7205]
2019-06-12 16:05:11,874 INFO  client.GrpcClientProtocolClient (GrpcClientProtocolClient.java:onNext(254)) - client-7F7296B99608->ffc7b071-00b3-4a69-8de5-2639a1a8d8ac: receive RaftClientReply:client-7F7296B99608->ffc7b071-00b3-4a69-8de5-2639a1a8d8ac@group-6911E2D50CC5, cid=4341, SUCCESS, logIndex=7206, commits[ffc7b071-00b3-4a69-8de5-2639a1a8d8ac:c7206]
2019-06-12 16:05:11,874 INFO  storage.RaftLogWorker (RaftLogWorker.java:rollLogSegment(303)) - ffc7b071-00b3-4a69-8de5-2639a1a8d8ac-RaftLogWorker: Rolling segment log-7141_7209 to index:7209
2019-06-12 16:05:11,875 INFO  storage.RaftLogWorker (RaftLogWorker.java:execute(433)) - ffc7b071-00b3-4a69-8de5-2639a1a8d8ac-RaftLogWorker: Rolled log segment from /opt/src/hadoop-ozone/integration-test/target/test-dir/MiniOzoneClusterImpl-a1c7246e-c692-4524-ad55-32b507b20431/datanode-0/data/ratis/4417d833-4fb6-4fa2-9413-6911e2d50cc5/current/log_inprogress_7141 to /opt/src/hadoop-ozone/integration-test/target/test-dir/MiniOzoneClusterImpl-a1c7246e-c692-4524-ad55-32b507b20431/datanode-0/data/ratis/4417d833-4fb6-4fa2-9413-6911e2d50cc5/current/log_7141-7209
2019-06-12 16:05:11,876 INFO  client.GrpcClientProtocolClient (GrpcClientProtocolClient.java:onNext(254)) - client-7F7296B99608->ffc7b071-00b3-4a69-8de5-2639a1a8d8ac: receive RaftClientReply:client-7F7296B99608->ffc7b071-00b3-4a69-8de5-2639a1a8d8ac@group-6911E2D50CC5, cid=4342, SUCCESS, logIndex=7208, commits[ffc7b071-00b3-4a69-8de5-2639a1a8d8ac:c7208]
2019-06-12 16:05:11,876 INFO  client.GrpcClientProtocolClient (GrpcClientProtocolClient.java:onNext(254)) - client-7F7296B99608->ffc7b071-00b3-4a69-8de5-2639a1a8d8ac: receive RaftClientReply:client-7F7296B99608->ffc7b071-00b3-4a69-8de5-2639a1a8d8ac@group-6911E2D50CC5, cid=4343, SUCCESS, logIndex=7209, commits[ffc7b071-00b3-4a69-8de5-2639a1a8d8ac:c7209]
2019-06-12 16:05:11,913 INFO  storage.RaftLogWorker (RaftLogWorker.java:execute(469)) - ffc7b071-00b3-4a69-8de5-2639a1a8d8ac-RaftLogWorker: created new log segment /opt/src/hadoop-ozone/integration-test/target/test-dir/MiniOzoneClusterImpl-a1c7246e-c692-4524-ad55-32b507b20431/datanode-0/data/ratis/4417d833-4fb6-4fa2-9413-6911e2d50cc5/current/log_inprogress_7210
2019-06-12 16:05:11,914 INFO  client.GrpcClientProtocolClient (GrpcClientProtocolClient.java:onNext(254)) - client-7F7296B99608->ffc7b071-00b3-4a69-8de5-2639a1a8d8ac: receive RaftClientReply:client-7F7296B99608->ffc7b071-00b3-4a69-8de5-2639a1a8d8ac@group-6911E2D50CC5, cid=4344, SUCCESS, logIndex=7210, commits[ffc7b071-00b3-4a69-8de5-2639a1a8d8ac:c7212]
2019-06-12 16:05:11,925 INFO  client.GrpcClientProtocolClient (GrpcClientProtocolClient.java:onNext(254)) - client-7F7296B99608->ffc7b071-00b3-4a69-8de5-2639a1a8d8ac: receive RaftClientReply:client-7F7296B99608->ffc7b071-00b3-4a69-8de5-2639a1a8d8ac@group-6911E2D50CC5, cid=4345, SUCCESS, logIndex=7213, commits[ffc7b071-00b3-4a69-8de5-2639a1a8d8ac:c7213]
2019-06-12 16:05:11,926 INFO  client.GrpcClientProtocolClient (GrpcClientProtocolClient.java:onNext(254)) - client-7F7296B99608->ffc7b071-00b3-4a69-8de5-2639a1a8d8ac: receive RaftClientReply:client-7F7296B99608->ffc7b071-00b3-4a69-8de5-2639a1a8d8ac@group-6911E2D50CC5, cid=4346, SUCCESS, logIndex=7215, commits[ffc7b071-00b3-4a69-8de5-2639a1a8d8ac:c7215]
2019-06-12 16:05:11,927 INFO  client.GrpcClientProtocolClient (GrpcClientProtocolClient.java:onNext(254)) - client-7F7296B99608->ffc7b071-00b3-4a69-8de5-2639a1a8d8ac: receive RaftClientReply:client-7F7296B99608->ffc7b071-00b3-4a69-8de5-2639a1a8d8ac@group-6911E2D50CC5, cid=4347, SUCCESS, logIndex=7216, commits[ffc7b071-00b3-4a69-8de5-2639a1a8d8ac:c7218]
2019-06-12 16:05:11,927 INFO  client.GrpcClientProtocolClient (GrpcClientProtocolClient.java:onNext(254)) - client-7F7296B99608->ffc7b071-00b3-4a69-8de5-2639a1a8d8ac: receive RaftClientReply:client-7F7296B99608->ffc7b071-00b3-4a69-8de5-2639a1a8d8ac@group-6911E2D50CC5, cid=4348, SUCCESS, logIndex=7217, commits[ffc7b071-00b3-4a69-8de5-2639a1a8d8ac:c7218]
2019-06-12 16:05:11,932 INFO  client.GrpcClientProtocolClient (GrpcClientProtocolClient.java:onNext(254)) - client-7F7296B99608->ffc7b071-00b3-4a69-8de5-2639a1a8d8ac: receive RaftClientReply:client-7F7296B99608->ffc7b071-00b3-4a69-8de5-2639a1a8d8ac@group-6911E2D50CC5, cid=4349, SUCCESS, logIndex=7219, commits[ffc7b071-00b3-4a69-8de5-2639a1a8d8ac:c7219]
2019-06-12 16:05:11,937 INFO  client.GrpcClientProtocolClient (GrpcClientProtocolClient.java:onNext(254)) - client-7F7296B99608->ffc7b071-00b3-4a69-8de5-2639a1a8d8ac: receive RaftClientReply:client-7F7296B99608->ffc7b071-00b3-4a69-8de5-2639a1a8d8ac@group-6911E2D50CC5, cid=4350, SUCCESS, logIndex=7221, commits[ffc7b071-00b3-4a69-8de5-2639a1a8d8ac:c7223]
2019-06-12 16:05:11,937 INFO  client.GrpcClientProtocolClient (GrpcClientProtocolClient.java:onNext(254)) - client-7F7296B99608->ffc7b071-00b3-4a69-8de5-2639a1a8d8ac: receive RaftClientReply:client-7F7296B99608->ffc7b071-00b3-4a69-8de5-2639a1a8d8ac@group-6911E2D50CC5, cid=4351, SUCCESS, logIndex=7222, commits[ffc7b071-00b3-4a69-8de5-2639a1a8d8ac:c7223]
2019-06-12 16:05:11,938 INFO  client.GrpcClientProtocolClient (GrpcClientProtocolClient.java:onNext(254)) - client-7F7296B99608->ffc7b071-00b3-4a69-8de5-2639a1a8d8ac: receive RaftClientReply:client-7F7296B99608->ffc7b071-00b3-4a69-8de5-2639a1a8d8ac@group-6911E2D50CC5, cid=4352, SUCCESS, logIndex=7223, commits[ffc7b071-00b3-4a69-8de5-2639a1a8d8ac:c7223]
2019-06-12 16:05:11,938 DEBUG block.SCMBlockDeletingService (SCMBlockDeletingService.java:call(138)) - Running DeletedBlockTransactionScanner
2019-06-12 16:05:11,938 DEBUG block.SCMBlockDeletingService (SCMBlockDeletingService.java:call(155)) - Scanned deleted blocks log and got 0 delTX to process.
2019-06-12 16:05:11,948 INFO  client.GrpcClientProtocolClient (GrpcClientProtocolClient.java:onNext(254)) - client-7F7296B99608->ffc7b071-00b3-4a69-8de5-2639a1a8d8ac: receive RaftClientReply:client-7F7296B99608->ffc7b071-00b3-4a69-8de5-2639a1a8d8ac@group-6911E2D50CC5, cid=4353, SUCCESS, logIndex=7225, commits[ffc7b071-00b3-4a69-8de5-2639a1a8d8ac:c7225]
2019-06-12 16:05:11,949 INFO  client.GrpcClientProtocolClient (GrpcClientProtocolClient.java:onNext(254)) - client-7F7296B99608->ffc7b071-00b3-4a69-8de5-2639a1a8d8ac: receive RaftClientReply:client-7F7296B99608->ffc7b071-00b3-4a69-8de5-2639a1a8d8ac@group-6911E2D50CC5, cid=4354, SUCCESS, logIndex=7227, commits[ffc7b071-00b3-4a69-8de5-2639a1a8d8ac:c7227]
2019-06-12 16:05:11,957 INFO  client.GrpcClientProtocolClient (GrpcClientProtocolClient.java:onNext(254)) - client-7F7296B99608->ffc7b071-00b3-4a69-8de5-2639a1a8d8ac: receive RaftClientReply:client-7F7296B99608->ffc7b071-00b3-4a69-8de5-2639a1a8d8ac@group-6911E2D50CC5, cid=4355, SUCCESS, logIndex=7229, commits[ffc7b071-00b3-4a69-8de5-2639a1a8d8ac:c7229]
2019-06-12 16:05:11,958 INFO  client.GrpcClientProtocolClient (GrpcClientProtocolClient.java:onNext(254)) - client-7F7296B99608->ffc7b071-00b3-4a69-8de5-2639a1a8d8ac: receive RaftClientReply:client-7F7296B99608->ffc7b071-00b3-4a69-8de5-2639a1a8d8ac@group-6911E2D50CC5, cid=4356, SUCCESS, logIndex=7231, commits[ffc7b071-00b3-4a69-8de5-2639a1a8d8ac:c7231]
2019-06-12 16:05:11,964 INFO  client.GrpcClientProtocolClient (GrpcClientProtocolClient.java:onNext(254)) - client-7F7296B99608->ffc7b071-00b3-4a69-8de5-2639a1a8d8ac: receive RaftClientReply:client-7F7296B99608->ffc7b071-00b3-4a69-8de5-2639a1a8d8ac@group-6911E2D50CC5, cid=4357, SUCCESS, logIndex=7233, commits[ffc7b071-00b3-4a69-8de5-2639a1a8d8ac:c7233]
2019-06-12 16:05:11,965 INFO  client.GrpcClientProtocolClient (GrpcClientProtocolClient.java:onNext(254)) - client-7F7296B99608->ffc7b071-00b3-4a69-8de5-2639a1a8d8ac: receive RaftClientReply:client-7F7296B99608->ffc7b071-00b3-4a69-8de5-2639a1a8d8ac@group-6911E2D50CC5, cid=4358, SUCCESS, logIndex=7235, commits[ffc7b071-00b3-4a69-8de5-2639a1a8d8ac:c7235]
2019-06-12 16:05:11,966 INFO  client.GrpcClientProtocolClient (GrpcClientProtocolClient.java:onNext(254)) - client-7F7296B99608->ffc7b071-00b3-4a69-8de5-2639a1a8d8ac: receive RaftClientReply:client-7F7296B99608->ffc7b071-00b3-4a69-8de5-2639a1a8d8ac@group-6911E2D50CC5, cid=4359, SUCCESS, logIndex=7236, commits[ffc7b071-00b3-4a69-8de5-2639a1a8d8ac:c7238]
2019-06-12 16:05:11,967 INFO  client.GrpcClientProtocolClient (GrpcClientProtocolClient.java:onNext(254)) - client-7F7296B99608->ffc7b071-00b3-4a69-8de5-2639a1a8d8ac: receive RaftClientReply:client-7F7296B99608->ffc7b071-00b3-4a69-8de5-2639a1a8d8ac@group-6911E2D50CC5, cid=4360, SUCCESS, logIndex=7237, commits[ffc7b071-00b3-4a69-8de5-2639a1a8d8ac:c7238]
2019-06-12 16:05:11,989 INFO  client.GrpcClientProtocolClient (GrpcClientProtocolClient.java:onNext(254)) - client-7F7296B99608->ffc7b071-00b3-4a69-8de5-2639a1a8d8ac: receive RaftClientReply:client-7F7296B99608->ffc7b071-00b3-4a69-8de5-2639a1a8d8ac@group-6911E2D50CC5, cid=4361, SUCCESS, logIndex=7239, commits[ffc7b071-00b3-4a69-8de5-2639a1a8d8ac:c7239]
2019-06-12 16:05:11,991 INFO  client.GrpcClientProtocolClient (GrpcClientProtocolClient.java:onNext(254)) - client-7F7296B99608->ffc7b071-00b3-4a69-8de5-2639a1a8d8ac: receive RaftClientReply:client-7F7296B99608->ffc7b071-00b3-4a69-8de5-2639a1a8d8ac@group-6911E2D50CC5, cid=4362, SUCCESS, logIndex=7241, commits[ffc7b071-00b3-4a69-8de5-2639a1a8d8ac:c7241]
2019-06-12 16:05:11,992 INFO  client.GrpcClientProtocolClient (GrpcClientProtocolClient.java:onNext(254)) - client-7F7296B99608->ffc7b071-00b3-4a69-8de5-2639a1a8d8ac: receive RaftClientReply:client-7F7296B99608->ffc7b071-00b3-4a69-8de5-2639a1a8d8ac@group-6911E2D50CC5, cid=4363, SUCCESS, logIndex=7242, commits[ffc7b071-00b3-4a69-8de5-2639a1a8d8ac:c7244]
2019-06-12 16:05:11,993 INFO  client.GrpcClientProtocolClient (GrpcClientProtocolClient.java:onNext(254)) - client-7F7296B99608->ffc7b071-00b3-4a69-8de5-2639a1a8d8ac: receive RaftClientReply:client-7F7296B99608->ffc7b071-00b3-4a69-8de5-2639a1a8d8ac@group-6911E2D50CC5, cid=4364, SUCCESS, logIndex=7243, commits[ffc7b071-00b3-4a69-8de5-2639a1a8d8ac:c7244]
2019-06-12 16:05:11,998 INFO  client.GrpcClientProtocolClient (GrpcClientProtocolClient.java:onNext(254)) - client-7F7296B99608->ffc7b071-00b3-4a69-8de5-2639a1a8d8ac: receive RaftClientReply:client-7F7296B99608->ffc7b071-00b3-4a69-8de5-2639a1a8d8ac@group-6911E2D50CC5, cid=4365, SUCCESS, logIndex=7245, commits[ffc7b071-00b3-4a69-8de5-2639a1a8d8ac:c7245]
2019-06-12 16:05:11,999 INFO  client.GrpcClientProtocolClient (GrpcClientProtocolClient.java:onNext(254)) - client-7F7296B99608->ffc7b071-00b3-4a69-8de5-2639a1a8d8ac: receive RaftClientReply:client-7F7296B99608->ffc7b071-00b3-4a69-8de5-2639a1a8d8ac@group-6911E2D50CC5, cid=4366, SUCCESS, logIndex=7247, commits[ffc7b071-00b3-4a69-8de5-2639a1a8d8ac:c7247]
2019-06-12 16:05:12,000 INFO  client.GrpcClientProtocolClient (GrpcClientProtocolClient.java:onNext(254)) - client-7F7296B99608->ffc7b071-00b3-4a69-8de5-2639a1a8d8ac: receive RaftClientReply:client-7F7296B99608->ffc7b071-00b3-4a69-8de5-2639a1a8d8ac@group-6911E2D50CC5, cid=4367, SUCCESS, logIndex=7248, commits[ffc7b071-00b3-4a69-8de5-2639a1a8d8ac:c7250]
2019-06-12 16:05:12,001 INFO  client.GrpcClientProtocolClient (GrpcClientProtocolClient.java:onNext(254)) - client-7F7296B99608->ffc7b071-00b3-4a69-8de5-2639a1a8d8ac: receive RaftClientReply:client-7F7296B99608->ffc7b071-00b3-4a69-8de5-2639a1a8d8ac@group-6911E2D50CC5, cid=4368, SUCCESS, logIndex=7249, commits[ffc7b071-00b3-4a69-8de5-2639a1a8d8ac:c7250]
2019-06-12 16:05:12,010 INFO  client.GrpcClientProtocolClient (GrpcClientProtocolClient.java:onNext(254)) - client-7F7296B99608->ffc7b071-00b3-4a69-8de5-2639a1a8d8ac: receive RaftClientReply:client-7F7296B99608->ffc7b071-00b3-4a69-8de5-2639a1a8d8ac@group-6911E2D50CC5, cid=4369, SUCCESS, logIndex=7251, commits[ffc7b071-00b3-4a69-8de5-2639a1a8d8ac:c7251]
2019-06-12 16:05:12,011 INFO  client.GrpcClientProtocolClient (GrpcClientProtocolClient.java:onNext(254)) - client-7F7296B99608->ffc7b071-00b3-4a69-8de5-2639a1a8d8ac: receive RaftClientReply:client-7F7296B99608->ffc7b071-00b3-4a69-8de5-2639a1a8d8ac@group-6911E2D50CC5, cid=4370, SUCCESS, logIndex=7253, commits[ffc7b071-00b3-4a69-8de5-2639a1a8d8ac:c7253]
2019-06-12 16:05:12,013 INFO  client.GrpcClientProtocolClient (GrpcClientProtocolClient.java:onNext(254)) - client-7F7296B99608->ffc7b071-00b3-4a69-8de5-2639a1a8d8ac: receive RaftClientReply:client-7F7296B99608->ffc7b071-00b3-4a69-8de5-2639a1a8d8ac@group-6911E2D50CC5, cid=4371, SUCCESS, logIndex=7254, commits[ffc7b071-00b3-4a69-8de5-2639a1a8d8ac:c7256]
2019-06-12 16:05:12,013 INFO  client.GrpcClientProtocolClient (GrpcClientProtocolClient.java:onNext(254)) - client-7F7296B99608->ffc7b071-00b3-4a69-8de5-2639a1a8d8ac: receive RaftClientReply:client-7F7296B99608->ffc7b071-00b3-4a69-8de5-2639a1a8d8ac@group-6911E2D50CC5, cid=4372, SUCCESS, logIndex=7255, commits[ffc7b071-00b3-4a69-8de5-2639a1a8d8ac:c7256]
2019-06-12 16:05:12,017 INFO  client.GrpcClientProtocolClient (GrpcClientProtocolClient.java:onNext(254)) - client-7F7296B99608->ffc7b071-00b3-4a69-8de5-2639a1a8d8ac: receive RaftClientReply:client-7F7296B99608->ffc7b071-00b3-4a69-8de5-2639a1a8d8ac@group-6911E2D50CC5, cid=4373, SUCCESS, logIndex=7257, commits[ffc7b071-00b3-4a69-8de5-2639a1a8d8ac:c7257]
2019-06-12 16:05:12,019 INFO  client.GrpcClientProtocolClient (GrpcClientProtocolClient.java:onNext(254)) - client-7F7296B99608->ffc7b071-00b3-4a69-8de5-2639a1a8d8ac: receive RaftClientReply:client-7F7296B99608->ffc7b071-00b3-4a69-8de5-2639a1a8d8ac@group-6911E2D50CC5, cid=4374, SUCCESS, logIndex=7259, commits[ffc7b071-00b3-4a69-8de5-2639a1a8d8ac:c7259]
2019-06-12 16:05:12,020 INFO  client.GrpcClientProtocolClient (GrpcClientProtocolClient.java:onNext(254)) - client-7F7296B99608->ffc7b071-00b3-4a69-8de5-2639a1a8d8ac: receive RaftClientReply:client-7F7296B99608->ffc7b071-00b3-4a69-8de5-2639a1a8d8ac@group-6911E2D50CC5, cid=4375, SUCCESS, logIndex=7260, commits[ffc7b071-00b3-4a69-8de5-2639a1a8d8ac:c7261]
2019-06-12 16:05:12,020 INFO  client.GrpcClientProtocolClient (GrpcClientProtocolClient.java:onNext(254)) - client-7F7296B99608->ffc7b071-00b3-4a69-8de5-2639a1a8d8ac: receive RaftClientReply:client-7F7296B99608->ffc7b071-00b3-4a69-8de5-2639a1a8d8ac@group-6911E2D50CC5, cid=4376, SUCCESS, logIndex=7261, commits[ffc7b071-00b3-4a69-8de5-2639a1a8d8ac:c7261]
2019-06-12 16:05:12,063 DEBUG block.SCMBlockDeletingService (SCMBlockDeletingService.java:call(138)) - Running DeletedBlockTransactionScanner
2019-06-12 16:05:12,063 DEBUG block.SCMBlockDeletingService (SCMBlockDeletingService.java:call(155)) - Scanned deleted blocks log and got 0 delTX to process.
2019-06-12 16:05:12,133 INFO  client.GrpcClientProtocolClient (GrpcClientProtocolClient.java:onNext(254)) - client-7F7296B99608->ffc7b071-00b3-4a69-8de5-2639a1a8d8ac: receive RaftClientReply:client-7F7296B99608->ffc7b071-00b3-4a69-8de5-2639a1a8d8ac@group-6911E2D50CC5, cid=4377, SUCCESS, logIndex=7264, commits[ffc7b071-00b3-4a69-8de5-2639a1a8d8ac:c7264]
2019-06-12 16:05:12,134 INFO  client.GrpcClientProtocolClient (GrpcClientProtocolClient.java:onNext(254)) - client-7F7296B99608->ffc7b071-00b3-4a69-8de5-2639a1a8d8ac: receive RaftClientReply:client-7F7296B99608->ffc7b071-00b3-4a69-8de5-2639a1a8d8ac@group-6911E2D50CC5, cid=4378, SUCCESS, logIndex=7266, commits[ffc7b071-00b3-4a69-8de5-2639a1a8d8ac:c7266]
2019-06-12 16:05:12,135 INFO  client.GrpcClientProtocolClient (GrpcClientProtocolClient.java:onNext(254)) - client-7F7296B99608->ffc7b071-00b3-4a69-8de5-2639a1a8d8ac: receive RaftClientReply:client-7F7296B99608->ffc7b071-00b3-4a69-8de5-2639a1a8d8ac@group-6911E2D50CC5, cid=4379, SUCCESS, logIndex=7267, commits[ffc7b071-00b3-4a69-8de5-2639a1a8d8ac:c7269]
2019-06-12 16:05:12,135 INFO  client.GrpcClientProtocolClient (GrpcClientProtocolClient.java:onNext(254)) - client-7F7296B99608->ffc7b071-00b3-4a69-8de5-2639a1a8d8ac: receive RaftClientReply:client-7F7296B99608->ffc7b071-00b3-4a69-8de5-2639a1a8d8ac@group-6911E2D50CC5, cid=4380, SUCCESS, logIndex=7268, commits[ffc7b071-00b3-4a69-8de5-2639a1a8d8ac:c7269]
2019-06-12 16:05:12,140 INFO  client.GrpcClientProtocolClient (GrpcClientProtocolClient.java:onNext(254)) - client-7F7296B99608->ffc7b071-00b3-4a69-8de5-2639a1a8d8ac: receive RaftClientReply:client-7F7296B99608->ffc7b071-00b3-4a69-8de5-2639a1a8d8ac@group-6911E2D50CC5, cid=4381, SUCCESS, logIndex=7270, commits[ffc7b071-00b3-4a69-8de5-2639a1a8d8ac:c7270]
2019-06-12 16:05:12,143 INFO  client.GrpcClientProtocolClient (GrpcClientProtocolClient.java:onNext(254)) - client-7F7296B99608->ffc7b071-00b3-4a69-8de5-2639a1a8d8ac: receive RaftClientReply:client-7F7296B99608->ffc7b071-00b3-4a69-8de5-2639a1a8d8ac@group-6911E2D50CC5, cid=4382, SUCCESS, logIndex=7272, commits[ffc7b071-00b3-4a69-8de5-2639a1a8d8ac:c7273]
2019-06-12 16:05:12,144 INFO  client.GrpcClientProtocolClient (GrpcClientProtocolClient.java:onNext(254)) - client-7F7296B99608->ffc7b071-00b3-4a69-8de5-2639a1a8d8ac: receive RaftClientReply:client-7F7296B99608->ffc7b071-00b3-4a69-8de5-2639a1a8d8ac@group-6911E2D50CC5, cid=4383, SUCCESS, logIndex=7273, commits[ffc7b071-00b3-4a69-8de5-2639a1a8d8ac:c7274]
2019-06-12 16:05:12,144 INFO  client.GrpcClientProtocolClient (GrpcClientProtocolClient.java:onNext(254)) - client-7F7296B99608->ffc7b071-00b3-4a69-8de5-2639a1a8d8ac: receive RaftClientReply:client-7F7296B99608->ffc7b071-00b3-4a69-8de5-2639a1a8d8ac@group-6911E2D50CC5, cid=4384, SUCCESS, logIndex=7275, commits[ffc7b071-00b3-4a69-8de5-2639a1a8d8ac:c7275]
2019-06-12 16:05:12,154 INFO  client.GrpcClientProtocolClient (GrpcClientProtocolClient.java:onNext(254)) - client-7F7296B99608->ffc7b071-00b3-4a69-8de5-2639a1a8d8ac: receive RaftClientReply:client-7F7296B99608->ffc7b071-00b3-4a69-8de5-2639a1a8d8ac@group-6911E2D50CC5, cid=4385, SUCCESS, logIndex=7277, commits[ffc7b071-00b3-4a69-8de5-2639a1a8d8ac:c7277]
2019-06-12 16:05:12,155 INFO  storage.RaftLogWorker (RaftLogWorker.java:rollLogSegment(303)) - ffc7b071-00b3-4a69-8de5-2639a1a8d8ac-RaftLogWorker: Rolling segment log-7210_7279 to index:7279
2019-06-12 16:05:12,155 INFO  storage.RaftLogWorker (RaftLogWorker.java:execute(433)) - ffc7b071-00b3-4a69-8de5-2639a1a8d8ac-RaftLogWorker: Rolled log segment from /opt/src/hadoop-ozone/integration-test/target/test-dir/MiniOzoneClusterImpl-a1c7246e-c692-4524-ad55-32b507b20431/datanode-0/data/ratis/4417d833-4fb6-4fa2-9413-6911e2d50cc5/current/log_inprogress_7210 to /opt/src/hadoop-ozone/integration-test/target/test-dir/MiniOzoneClusterImpl-a1c7246e-c692-4524-ad55-32b507b20431/datanode-0/data/ratis/4417d833-4fb6-4fa2-9413-6911e2d50cc5/current/log_7210-7279
2019-06-12 16:05:12,155 INFO  client.GrpcClientProtocolClient (GrpcClientProtocolClient.java:onNext(254)) - client-7F7296B99608->ffc7b071-00b3-4a69-8de5-2639a1a8d8ac: receive RaftClientReply:client-7F7296B99608->ffc7b071-00b3-4a69-8de5-2639a1a8d8ac@group-6911E2D50CC5, cid=4386, SUCCESS, logIndex=7279, commits[ffc7b071-00b3-4a69-8de5-2639a1a8d8ac:c7279]
2019-06-12 16:05:12,163 DEBUG block.SCMBlockDeletingService (SCMBlockDeletingService.java:call(138)) - Running DeletedBlockTransactionScanner
2019-06-12 16:05:12,163 DEBUG block.SCMBlockDeletingService (SCMBlockDeletingService.java:call(155)) - Scanned deleted blocks log and got 0 delTX to process.
2019-06-12 16:05:12,191 INFO  storage.RaftLogWorker (RaftLogWorker.java:execute(469)) - ffc7b071-00b3-4a69-8de5-2639a1a8d8ac-RaftLogWorker: created new log segment /opt/src/hadoop-ozone/integration-test/target/test-dir/MiniOzoneClusterImpl-a1c7246e-c692-4524-ad55-32b507b20431/datanode-0/data/ratis/4417d833-4fb6-4fa2-9413-6911e2d50cc5/current/log_inprogress_7280
2019-06-12 16:05:12,193 INFO  client.GrpcClientProtocolClient (GrpcClientProtocolClient.java:onNext(254)) - client-7F7296B99608->ffc7b071-00b3-4a69-8de5-2639a1a8d8ac: receive RaftClientReply:client-7F7296B99608->ffc7b071-00b3-4a69-8de5-2639a1a8d8ac@group-6911E2D50CC5, cid=4387, SUCCESS, logIndex=7280, commits[ffc7b071-00b3-4a69-8de5-2639a1a8d8ac:c7282]
2019-06-12 16:05:12,193 INFO  client.GrpcClientProtocolClient (GrpcClientProtocolClient.java:onNext(254)) - client-7F7296B99608->ffc7b071-00b3-4a69-8de5-2639a1a8d8ac: receive RaftClientReply:client-7F7296B99608->ffc7b071-00b3-4a69-8de5-2639a1a8d8ac@group-6911E2D50CC5, cid=4388, SUCCESS, logIndex=7281, commits[ffc7b071-00b3-4a69-8de5-2639a1a8d8ac:c7282]
2019-06-12 16:05:12,198 INFO  client.GrpcClientProtocolClient (GrpcClientProtocolClient.java:onNext(254)) - client-7F7296B99608->ffc7b071-00b3-4a69-8de5-2639a1a8d8ac: receive RaftClientReply:client-7F7296B99608->ffc7b071-00b3-4a69-8de5-2639a1a8d8ac@group-6911E2D50CC5, cid=4389, SUCCESS, logIndex=7283, commits[ffc7b071-00b3-4a69-8de5-2639a1a8d8ac:c7283]
2019-06-12 16:05:12,199 INFO  client.GrpcClientProtocolClient (GrpcClientProtocolClient.java:onNext(254)) - client-7F7296B99608->ffc7b071-00b3-4a69-8de5-2639a1a8d8ac: receive RaftClientReply:client-7F7296B99608->ffc7b071-00b3-4a69-8de5-2639a1a8d8ac@group-6911E2D50CC5, cid=4390, SUCCESS, logIndex=7285, commits[ffc7b071-00b3-4a69-8de5-2639a1a8d8ac:c7285]
2019-06-12 16:05:12,204 INFO  client.GrpcClientProtocolClient (GrpcClientProtocolClient.java:onNext(254)) - client-7F7296B99608->ffc7b071-00b3-4a69-8de5-2639a1a8d8ac: receive RaftClientReply:client-7F7296B99608->ffc7b071-00b3-4a69-8de5-2639a1a8d8ac@group-6911E2D50CC5, cid=4391, SUCCESS, logIndex=7286, commits[ffc7b071-00b3-4a69-8de5-2639a1a8d8ac:c7288]
2019-06-12 16:05:12,204 INFO  client.GrpcClientProtocolClient (GrpcClientProtocolClient.java:onNext(254)) - client-7F7296B99608->ffc7b071-00b3-4a69-8de5-2639a1a8d8ac: receive RaftClientReply:client-7F7296B99608->ffc7b071-00b3-4a69-8de5-2639a1a8d8ac@group-6911E2D50CC5, cid=4392, SUCCESS, logIndex=7287, commits[ffc7b071-00b3-4a69-8de5-2639a1a8d8ac:c7288]
2019-06-12 16:05:12,214 INFO  client.GrpcClientProtocolClient (GrpcClientProtocolClient.java:onNext(254)) - client-7F7296B99608->ffc7b071-00b3-4a69-8de5-2639a1a8d8ac: receive RaftClientReply:client-7F7296B99608->ffc7b071-00b3-4a69-8de5-2639a1a8d8ac@group-6911E2D50CC5, cid=4393, SUCCESS, logIndex=7289, commits[ffc7b071-00b3-4a69-8de5-2639a1a8d8ac:c7289]
2019-06-12 16:05:12,215 INFO  client.GrpcClientProtocolClient (GrpcClientProtocolClient.java:onNext(254)) - client-7F7296B99608->ffc7b071-00b3-4a69-8de5-2639a1a8d8ac: receive RaftClientReply:client-7F7296B99608->ffc7b071-00b3-4a69-8de5-2639a1a8d8ac@group-6911E2D50CC5, cid=4394, SUCCESS, logIndex=7291, commits[ffc7b071-00b3-4a69-8de5-2639a1a8d8ac:c7291]
2019-06-12 16:05:12,216 INFO  client.GrpcClientProtocolClient (GrpcClientProtocolClient.java:onNext(254)) - client-7F7296B99608->ffc7b071-00b3-4a69-8de5-2639a1a8d8ac: receive RaftClientReply:client-7F7296B99608->ffc7b071-00b3-4a69-8de5-2639a1a8d8ac@group-6911E2D50CC5, cid=4395, SUCCESS, logIndex=7292, commits[ffc7b071-00b3-4a69-8de5-2639a1a8d8ac:c7294]
2019-06-12 16:05:12,217 INFO  client.GrpcClientProtocolClient (GrpcClientProtocolClient.java:onNext(254)) - client-7F7296B99608->ffc7b071-00b3-4a69-8de5-2639a1a8d8ac: receive RaftClientReply:client-7F7296B99608->ffc7b071-00b3-4a69-8de5-2639a1a8d8ac@group-6911E2D50CC5, cid=4396, SUCCESS, logIndex=7293, commits[ffc7b071-00b3-4a69-8de5-2639a1a8d8ac:c7294]
2019-06-12 16:05:12,221 INFO  client.GrpcClientProtocolClient (GrpcClientProtocolClient.java:onNext(254)) - client-7F7296B99608->ffc7b071-00b3-4a69-8de5-2639a1a8d8ac: receive RaftClientReply:client-7F7296B99608->ffc7b071-00b3-4a69-8de5-2639a1a8d8ac@group-6911E2D50CC5, cid=4397, SUCCESS, logIndex=7295, commits[ffc7b071-00b3-4a69-8de5-2639a1a8d8ac:c7295]
2019-06-12 16:05:12,222 INFO  client.GrpcClientProtocolClient (GrpcClientProtocolClient.java:onNext(254)) - client-7F7296B99608->ffc7b071-00b3-4a69-8de5-2639a1a8d8ac: receive RaftClientReply:client-7F7296B99608->ffc7b071-00b3-4a69-8de5-2639a1a8d8ac@group-6911E2D50CC5, cid=4398, SUCCESS, logIndex=7297, commits[ffc7b071-00b3-4a69-8de5-2639a1a8d8ac:c7297]
2019-06-12 16:05:12,223 INFO  client.GrpcClientProtocolClient (GrpcClientProtocolClient.java:onNext(254)) - client-7F7296B99608->ffc7b071-00b3-4a69-8de5-2639a1a8d8ac: receive RaftClientReply:client-7F7296B99608->ffc7b071-00b3-4a69-8de5-2639a1a8d8ac@group-6911E2D50CC5, cid=4399, SUCCESS, logIndex=7298, commits[ffc7b071-00b3-4a69-8de5-2639a1a8d8ac:c7300]
2019-06-12 16:05:12,223 INFO  client.GrpcClientProtocolClient (GrpcClientProtocolClient.java:onNext(254)) - client-7F7296B99608->ffc7b071-00b3-4a69-8de5-2639a1a8d8ac: receive RaftClientReply:client-7F7296B99608->ffc7b071-00b3-4a69-8de5-2639a1a8d8ac@group-6911E2D50CC5, cid=4400, SUCCESS, logIndex=7299, commits[ffc7b071-00b3-4a69-8de5-2639a1a8d8ac:c7300]
2019-06-12 16:05:12,233 INFO  client.GrpcClientProtocolClient (GrpcClientProtocolClient.java:onNext(254)) - client-7F7296B99608->ffc7b071-00b3-4a69-8de5-2639a1a8d8ac: receive RaftClientReply:client-7F7296B99608->ffc7b071-00b3-4a69-8de5-2639a1a8d8ac@group-6911E2D50CC5, cid=4401, SUCCESS, logIndex=7301, commits[ffc7b071-00b3-4a69-8de5-2639a1a8d8ac:c7301]
2019-06-12 16:05:12,234 INFO  client.GrpcClientProtocolClient (GrpcClientProtocolClient.java:onNext(254)) - client-7F7296B99608->ffc7b071-00b3-4a69-8de5-2639a1a8d8ac: receive RaftClientReply:client-7F7296B99608->ffc7b071-00b3-4a69-8de5-2639a1a8d8ac@group-6911E2D50CC5, cid=4402, SUCCESS, logIndex=7303, commits[ffc7b071-00b3-4a69-8de5-2639a1a8d8ac:c7303]
2019-06-12 16:05:12,236 INFO  client.GrpcClientProtocolClient (GrpcClientProtocolClient.java:onNext(254)) - client-7F7296B99608->ffc7b071-00b3-4a69-8de5-2639a1a8d8ac: receive RaftClientReply:client-7F7296B99608->ffc7b071-00b3-4a69-8de5-2639a1a8d8ac@group-6911E2D50CC5, cid=4403, SUCCESS, logIndex=7304, commits[ffc7b071-00b3-4a69-8de5-2639a1a8d8ac:c7306]
2019-06-12 16:05:12,236 INFO  client.GrpcClientProtocolClient (GrpcClientProtocolClient.java:onNext(254)) - client-7F7296B99608->ffc7b071-00b3-4a69-8de5-2639a1a8d8ac: receive RaftClientReply:client-7F7296B99608->ffc7b071-00b3-4a69-8de5-2639a1a8d8ac@group-6911E2D50CC5, cid=4404, SUCCESS, logIndex=7305, commits[ffc7b071-00b3-4a69-8de5-2639a1a8d8ac:c7306]
2019-06-12 16:05:12,246 INFO  client.GrpcClientProtocolClient (GrpcClientProtocolClient.java:onNext(254)) - client-7F7296B99608->ffc7b071-00b3-4a69-8de5-2639a1a8d8ac: receive RaftClientReply:client-7F7296B99608->ffc7b071-00b3-4a69-8de5-2639a1a8d8ac@group-6911E2D50CC5, cid=4405, SUCCESS, logIndex=7307, commits[ffc7b071-00b3-4a69-8de5-2639a1a8d8ac:c7307]
2019-06-12 16:05:12,246 INFO  client.GrpcClientProtocolClient (GrpcClientProtocolClient.java:onNext(254)) - client-7F7296B99608->ffc7b071-00b3-4a69-8de5-2639a1a8d8ac: receive RaftClientReply:client-7F7296B99608->ffc7b071-00b3-4a69-8de5-2639a1a8d8ac@group-6911E2D50CC5, cid=4406, SUCCESS, logIndex=7309, commits[ffc7b071-00b3-4a69-8de5-2639a1a8d8ac:c7309]
2019-06-12 16:05:12,250 INFO  client.GrpcClientProtocolClient (GrpcClientProtocolClient.java:onNext(254)) - client-7F7296B99608->ffc7b071-00b3-4a69-8de5-2639a1a8d8ac: receive RaftClientReply:client-7F7296B99608->ffc7b071-00b3-4a69-8de5-2639a1a8d8ac@group-6911E2D50CC5, cid=4407, SUCCESS, logIndex=7310, commits[ffc7b071-00b3-4a69-8de5-2639a1a8d8ac:c7310]
2019-06-12 16:05:12,250 INFO  client.GrpcClientProtocolClient (GrpcClientProtocolClient.java:onNext(254)) - client-7F7296B99608->ffc7b071-00b3-4a69-8de5-2639a1a8d8ac: receive RaftClientReply:client-7F7296B99608->ffc7b071-00b3-4a69-8de5-2639a1a8d8ac@group-6911E2D50CC5, cid=4408, SUCCESS, logIndex=7312, commits[ffc7b071-00b3-4a69-8de5-2639a1a8d8ac:c7313]
2019-06-12 16:05:12,263 DEBUG block.SCMBlockDeletingService (SCMBlockDeletingService.java:call(138)) - Running DeletedBlockTransactionScanner
2019-06-12 16:05:12,264 DEBUG block.SCMBlockDeletingService (SCMBlockDeletingService.java:call(155)) - Scanned deleted blocks log and got 0 delTX to process.
2019-06-12 16:05:12,264 INFO  client.GrpcClientProtocolClient (GrpcClientProtocolClient.java:onNext(254)) - client-7F7296B99608->ffc7b071-00b3-4a69-8de5-2639a1a8d8ac: receive RaftClientReply:client-7F7296B99608->ffc7b071-00b3-4a69-8de5-2639a1a8d8ac@group-6911E2D50CC5, cid=4409, SUCCESS, logIndex=7314, commits[ffc7b071-00b3-4a69-8de5-2639a1a8d8ac:c7314]
2019-06-12 16:05:12,265 INFO  client.GrpcClientProtocolClient (GrpcClientProtocolClient.java:onNext(254)) - client-7F7296B99608->ffc7b071-00b3-4a69-8de5-2639a1a8d8ac: receive RaftClientReply:client-7F7296B99608->ffc7b071-00b3-4a69-8de5-2639a1a8d8ac@group-6911E2D50CC5, cid=4410, SUCCESS, logIndex=7316, commits[ffc7b071-00b3-4a69-8de5-2639a1a8d8ac:c7316]
2019-06-12 16:05:12,267 INFO  client.GrpcClientProtocolClient (GrpcClientProtocolClient.java:onNext(254)) - client-7F7296B99608->ffc7b071-00b3-4a69-8de5-2639a1a8d8ac: receive RaftClientReply:client-7F7296B99608->ffc7b071-00b3-4a69-8de5-2639a1a8d8ac@group-6911E2D50CC5, cid=4411, SUCCESS, logIndex=7318, commits[ffc7b071-00b3-4a69-8de5-2639a1a8d8ac:c7319]
2019-06-12 16:05:12,268 INFO  client.GrpcClientProtocolClient (GrpcClientProtocolClient.java:onNext(254)) - client-7F7296B99608->ffc7b071-00b3-4a69-8de5-2639a1a8d8ac: receive RaftClientReply:client-7F7296B99608->ffc7b071-00b3-4a69-8de5-2639a1a8d8ac@group-6911E2D50CC5, cid=4412, SUCCESS, logIndex=7319, commits[ffc7b071-00b3-4a69-8de5-2639a1a8d8ac:c7319]
2019-06-12 16:05:12,276 INFO  client.GrpcClientProtocolClient (GrpcClientProtocolClient.java:onNext(254)) - client-7F7296B99608->ffc7b071-00b3-4a69-8de5-2639a1a8d8ac: receive RaftClientReply:client-7F7296B99608->ffc7b071-00b3-4a69-8de5-2639a1a8d8ac@group-6911E2D50CC5, cid=4413, SUCCESS, logIndex=7321, commits[ffc7b071-00b3-4a69-8de5-2639a1a8d8ac:c7321]
2019-06-12 16:05:12,278 INFO  client.GrpcClientProtocolClient (GrpcClientProtocolClient.java:onNext(254)) - client-7F7296B99608->ffc7b071-00b3-4a69-8de5-2639a1a8d8ac: receive RaftClientReply:client-7F7296B99608->ffc7b071-00b3-4a69-8de5-2639a1a8d8ac@group-6911E2D50CC5, cid=4414, SUCCESS, logIndex=7323, commits[ffc7b071-00b3-4a69-8de5-2639a1a8d8ac:c7323]
2019-06-12 16:05:12,280 INFO  client.GrpcClientProtocolClient (GrpcClientProtocolClient.java:onNext(254)) - client-7F7296B99608->ffc7b071-00b3-4a69-8de5-2639a1a8d8ac: receive RaftClientReply:client-7F7296B99608->ffc7b071-00b3-4a69-8de5-2639a1a8d8ac@group-6911E2D50CC5, cid=4415, SUCCESS, logIndex=7325, commits[ffc7b071-00b3-4a69-8de5-2639a1a8d8ac:c7325]
2019-06-12 16:05:12,281 INFO  client.GrpcClientProtocolClient (GrpcClientProtocolClient.java:onNext(254)) - client-7F7296B99608->ffc7b071-00b3-4a69-8de5-2639a1a8d8ac: receive RaftClientReply:client-7F7296B99608->ffc7b071-00b3-4a69-8de5-2639a1a8d8ac@group-6911E2D50CC5, cid=4416, SUCCESS, logIndex=7326, commits[ffc7b071-00b3-4a69-8de5-2639a1a8d8ac:c7326]
2019-06-12 16:05:12,292 INFO  client.GrpcClientProtocolClient (GrpcClientProtocolClient.java:onNext(254)) - client-7F7296B99608->ffc7b071-00b3-4a69-8de5-2639a1a8d8ac: receive RaftClientReply:client-7F7296B99608->ffc7b071-00b3-4a69-8de5-2639a1a8d8ac@group-6911E2D50CC5, cid=4417, SUCCESS, logIndex=7329, commits[ffc7b071-00b3-4a69-8de5-2639a1a8d8ac:c7329]
2019-06-12 16:05:12,293 INFO  client.GrpcClientProtocolClient (GrpcClientProtocolClient.java:onNext(254)) - client-7F7296B99608->ffc7b071-00b3-4a69-8de5-2639a1a8d8ac: receive RaftClientReply:client-7F7296B99608->ffc7b071-00b3-4a69-8de5-2639a1a8d8ac@group-6911E2D50CC5, cid=4418, SUCCESS, logIndex=7331, commits[ffc7b071-00b3-4a69-8de5-2639a1a8d8ac:c7331]
2019-06-12 16:05:12,294 INFO  client.GrpcClientProtocolClient (GrpcClientProtocolClient.java:onNext(254)) - client-7F7296B99608->ffc7b071-00b3-4a69-8de5-2639a1a8d8ac: receive RaftClientReply:client-7F7296B99608->ffc7b071-00b3-4a69-8de5-2639a1a8d8ac@group-6911E2D50CC5, cid=4419, SUCCESS, logIndex=7332, commits[ffc7b071-00b3-4a69-8de5-2639a1a8d8ac:c7334]
2019-06-12 16:05:12,294 INFO  client.GrpcClientProtocolClient (GrpcClientProtocolClient.java:onNext(254)) - client-7F7296B99608->ffc7b071-00b3-4a69-8de5-2639a1a8d8ac: receive RaftClientReply:client-7F7296B99608->ffc7b071-00b3-4a69-8de5-2639a1a8d8ac@group-6911E2D50CC5, cid=4420, SUCCESS, logIndex=7333, commits[ffc7b071-00b3-4a69-8de5-2639a1a8d8ac:c7334]
2019-06-12 16:05:12,297 INFO  client.GrpcClientProtocolClient (GrpcClientProtocolClient.java:onNext(254)) - client-7F7296B99608->ffc7b071-00b3-4a69-8de5-2639a1a8d8ac: receive RaftClientReply:client-7F7296B99608->ffc7b071-00b3-4a69-8de5-2639a1a8d8ac@group-6911E2D50CC5, cid=4421, SUCCESS, logIndex=7335, commits[ffc7b071-00b3-4a69-8de5-2639a1a8d8ac:c7335]
2019-06-12 16:05:12,298 INFO  client.GrpcClientProtocolClient (GrpcClientProtocolClient.java:onNext(254)) - client-7F7296B99608->ffc7b071-00b3-4a69-8de5-2639a1a8d8ac: receive RaftClientReply:client-7F7296B99608->ffc7b071-00b3-4a69-8de5-2639a1a8d8ac@group-6911E2D50CC5, cid=4422, SUCCESS, logIndex=7337, commits[ffc7b071-00b3-4a69-8de5-2639a1a8d8ac:c7337]
2019-06-12 16:05:12,364 DEBUG block.SCMBlockDeletingService (SCMBlockDeletingService.java:call(138)) - Running DeletedBlockTransactionScanner
2019-06-12 16:05:12,364 DEBUG block.SCMBlockDeletingService (SCMBlockDeletingService.java:call(155)) - Scanned deleted blocks log and got 0 delTX to process.
2019-06-12 16:05:12,464 DEBUG block.SCMBlockDeletingService (SCMBlockDeletingService.java:call(138)) - Running DeletedBlockTransactionScanner
2019-06-12 16:05:12,464 DEBUG block.SCMBlockDeletingService (SCMBlockDeletingService.java:call(155)) - Scanned deleted blocks log and got 0 delTX to process.
2019-06-12 16:05:12,565 DEBUG block.SCMBlockDeletingService (SCMBlockDeletingService.java:call(138)) - Running DeletedBlockTransactionScanner
2019-06-12 16:05:12,565 DEBUG block.SCMBlockDeletingService (SCMBlockDeletingService.java:call(155)) - Scanned deleted blocks log and got 0 delTX to process.
2019-06-12 16:05:12,576 INFO  server.SCMBlockProtocolServer (SCMBlockProtocolServer.java:deleteKeyBlocks(202)) - SCM is informed by OM to delete 1 blocks
2019-06-12 16:05:12,578 INFO  block.BlockManagerImpl (BlockManagerImpl.java:deleteBlocks(268)) - Deleting blocks conID: 1 locID: 102259456873660417 bcsId: 0,conID: 2 locID: 102259456873791490 bcsId: 0,conID: 3 locID: 102259456873791491 bcsId: 0,conID: 1 locID: 102259456873857028 bcsId: 0,conID: 2 locID: 102259456873922565 bcsId: 0,conID: 3 locID: 102259456873922566 bcsId: 0,conID: 1 locID: 102259456935002119 bcsId: 0,conID: 2 locID: 102259456937885704 bcsId: 0,conID: 3 locID: 102259456940965897 bcsId: 0,conID: 1 locID: 102259456947519498 bcsId: 0,conID: 2 locID: 102259456950730763 bcsId: 0,conID: 3 locID: 102259456956629004 bcsId: 0,conID: 1 locID: 102259456963641357 bcsId: 0,conID: 2 locID: 102259456966066190 bcsId: 0,conID: 3 locID: 102259456972357647 bcsId: 0,conID: 1 locID: 102259456974716944 bcsId: 0,conID: 2 locID: 102259456977207313 bcsId: 0,conID: 3 locID: 102259456986251282 bcsId: 0,conID: 1 locID: 102259456992215059 bcsId: 0,conID: 2 locID: 102259456994443284 bcsId: 0,conID: 3 locID: 102259456996737045 bcsId: 0,conID: 1 locID: 102259456999292950 bcsId: 0,conID: 2 locID: 102259457004208151 bcsId: 0,conID: 3 locID: 102259457025376280 bcsId: 0,conID: 1 locID: 102259457027866649 bcsId: 0,conID: 2 locID: 102259457029832730 bcsId: 0,conID: 3 locID: 102259457032323099 bcsId: 0,conID: 1 locID: 102259457037107228 bcsId: 0,conID: 2 locID: 102259457043464221 bcsId: 0,conID: 3 locID: 102259457045889054 bcsId: 0,conID: 1 locID: 102259457051721759 bcsId: 0,conID: 2 locID: 102259457053884448 bcsId: 0,conID: 3 locID: 102259457056505889 bcsId: 0,conID: 1 locID: 102259457062076450 bcsId: 0,conID: 2 locID: 102259457068957731 bcsId: 0,conID: 3 locID: 102259457070923812 bcsId: 0,conID: 1 locID: 102259457075773477 bcsId: 0,conID: 2 locID: 102259457077870630 bcsId: 0,conID: 3 locID: 102259457081999399 bcsId: 0,conID: 1 locID: 102259457088553000 bcsId: 0,conID: 2 locID: 102259457090388009 bcsId: 0,conID: 3 locID: 102259457092288554 bcsId: 0,conID: 1 locID: 102259457094254635 bcsId: 0,conID: 2 locID: 102259457112277036 bcsId: 0,conID: 3 locID: 102259457114701869 bcsId: 0,conID: 1 locID: 102259457120993326 bcsId: 0,conID: 2 locID: 102259457122959407 bcsId: 0,conID: 3 locID: 102259457124991024 bcsId: 0,conID: 1 locID: 102259457127088177 bcsId: 0,conID: 2 locID: 102259457131610162 bcsId: 0,conID: 3 locID: 102259457140916275 bcsId: 0,conID: 1 locID: 102259457142751284 bcsId: 0,conID: 2 locID: 102259457144979509 bcsId: 0,conID: 3 locID: 102259457146552374 bcsId: 0,conID: 1 locID: 102259457150943287 bcsId: 0,conID: 2 locID: 102259457152909368 bcsId: 0,conID: 3 locID: 102259457159266361 bcsId: 0,conID: 1 locID: 102259457161035834 bcsId: 0,conID: 2 locID: 102259457162739771 bcsId: 0,conID: 3 locID: 102259457166868540 bcsId: 0,conID: 1 locID: 102259457169424445 bcsId: 0,conID: 2 locID: 102259457179648062 bcsId: 0,conID: 3 locID: 102259457182335039 bcsId: 0,conID: 1 locID: 102259457184235584 bcsId: 0,conID: 2 locID: 102259457186070593 bcsId: 0,conID: 3 locID: 102259457190264898 bcsId: 0,conID: 1 locID: 102259457191968835 bcsId: 0,conID: 2 locID: 102259457198194756 bcsId: 0,conID: 3 locID: 102259457215889477 bcsId: 0,conID: 1 locID: 102259457217593414 bcsId: 0,conID: 2 locID: 102259457221787719 bcsId: 0,conID: 3 locID: 102259457223557192 bcsId: 0,conID: 1 locID: 102259457230307401 bcsId: 0,conID: 2 locID: 102259457231945802 bcsId: 0,conID: 3 locID: 102259457233649739 bcsId: 0,conID: 1 locID: 102259457238171724 bcsId: 0,conID: 2 locID: 102259457240006733 bcsId: 0,conID: 3 locID: 102259457241645134 bcsId: 0,conID: 1 locID: 102259457251934287 bcsId: 0,conID: 2 locID: 102259457253572688 bcsId: 0,conID: 3 locID: 102259457255800913 bcsId: 0,conID: 1 locID: 102259457259864146 bcsId: 0,conID: 2 locID: 102259457261371475 bcsId: 0,conID: 3 locID: 102259457267466324 bcsId: 0,conID: 1 locID: 102259457269301333 bcsId: 0,conID: 2 locID: 102259457271005270 bcsId: 0,conID: 3 locID: 102259457275265111 bcsId: 0,conID: 1 locID: 102259457276837976 bcsId: 0,conID: 2 locID: 102259457281556569 bcsId: 0,conID: 3 locID: 102259457288896602 bcsId: 0,conID: 1 locID: 102259457290928219 bcsId: 0,conID: 2 locID: 102259457294991452 bcsId: 0,conID: 3 locID: 102259457296891997 bcsId: 0,conID: 1 locID: 102259457298530398 bcsId: 0,conID: 2 locID: 102259457304690783 bcsId: 0,conID: 3 locID: 102259457306394720 bcsId: 0,conID: 1 locID: 102259457308622945 bcsId: 0,conID: 2 locID: 102259457329528930 bcsId: 0,conID: 3 locID: 102259457331167331 bcsId: 0,conID: 1 locID: 102259457332805732 bcsId: 0,conID: 2 locID: 102259457340145765 bcsId: 0,conID: 3 locID: 102259457341653094 bcsId: 0,conID: 1 locID: 102259457345978471 bcsId: 0,conID: 2 locID: 102259457347747944 bcsId: 0,conID: 3 locID: 102259457349255273 bcsId: 0,conID: 1 locID: 102259457356988522 bcsId: 0,conID: 2 locID: 102259457358430315 bcsId: 0,conID: 3 locID: 102259457366229100 bcsId: 0,conID: 1 locID: 102259457367867501 bcsId: 0,conID: 2 locID: 102259457369768046 bcsId: 0,conID: 3 locID: 102259457371537519 bcsId: 0,conID: 1 locID: 102259457377501296 bcsId: 0,conID: 2 locID: 102259457380057201 bcsId: 0,conID: 3 locID: 102259457384775794 bcsId: 0,conID: 1 locID: 102259457386217587 bcsId: 0,conID: 2 locID: 102259457387790452 bcsId: 0,conID: 3 locID: 102259457389428853 bcsId: 0,conID: 1 locID: 102259457399455862 bcsId: 0,conID: 2 locID: 102259457404043383 bcsId: 0,conID: 3 locID: 102259457405681784 bcsId: 0,conID: 1 locID: 102259457407189113 bcsId: 0,conID: 2 locID: 102259457408565370 bcsId: 0,conID: 3 locID: 102259457415184507 bcsId: 0,conID: 1 locID: 102259457418985596 bcsId: 0,conID: 2 locID: 102259457420427389 bcsId: 0,conID: 3 locID: 102259457421869182 bcsId: 0,conID: 1 locID: 102259457423442047 bcsId: 0,conID: 2 locID: 102259457424818304 bcsId: 0,conID: 3 locID: 102259457433731201 bcsId: 0,conID: 1 locID: 102259457437597826 bcsId: 0,conID: 2 locID: 102259457439236227 bcsId: 0,conID: 3 locID: 102259457440678020 bcsId: 0,conID: 1 locID: 102259457442447493 bcsId: 0,conID: 2 locID: 102259457448673414 bcsId: 0,conID: 3 locID: 102259457452605575 bcsId: 0,conID: 1 locID: 102259457454178440 bcsId: 0,conID: 2 locID: 102259457455882377 bcsId: 0,conID: 3 locID: 102259457474691210 bcsId: 0,conID: 1 locID: 102259457476264075 bcsId: 0,conID: 2 locID: 102259457484914828 bcsId: 0,conID: 3 locID: 102259457486356621 bcsId: 0,conID: 1 locID: 102259457487732878 bcsId: 0,conID: 2 locID: 102259457489174671 bcsId: 0,conID: 3 locID: 102259457490616464 bcsId: 0,conID: 1 locID: 102259457496449169 bcsId: 0,conID: 2 locID: 102259457501167762 bcsId: 0,conID: 3 locID: 102259457505099923 bcsId: 0,conID: 1 locID: 102259457506541716 bcsId: 0,conID: 2 locID: 102259457507917973 bcsId: 0,conID: 3 locID: 102259457509359766 bcsId: 0,conID: 1 locID: 102259457518076055 bcsId: 0,conID: 2 locID: 102259457519517848 bcsId: 0,conID: 3 locID: 102259457521025177 bcsId: 0,conID: 1 locID: 102259457522598042 bcsId: 0,conID: 2 locID: 102259457523974299 bcsId: 0,conID: 3 locID: 102259457534525596 bcsId: 0,conID: 1 locID: 102259457536229533 bcsId: 0,conID: 2 locID: 102259457537605790 bcsId: 0,conID: 3 locID: 102259457538982047 bcsId: 0,conID: 1 locID: 102259457540489376 bcsId: 0,conID: 2 locID: 102259457542062241 bcsId: 0,conID: 3 locID: 102259457550385314 bcsId: 0,conID: 1 locID: 102259457551827107 bcsId: 0,conID: 2 locID: 102259457553268900 bcsId: 0,conID: 3 locID: 102259457554710693 bcsId: 0,conID: 1 locID: 102259457556152486 bcsId: 0,conID: 2 locID: 102259457565261991 bcsId: 0,conID: 3 locID: 102259457566703784 bcsId: 0,conID: 1 locID: 102259457568145577 bcsId: 0,conID: 2 locID: 102259457569783978 bcsId: 0,conID: 3 locID: 102259457571160235 bcsId: 0,conID: 1 locID: 102259457575289004 bcsId: 0,conID: 2 locID: 102259457581645997 bcsId: 0,conID: 3 locID: 102259457583022254 bcsId: 0,conID: 1 locID: 102259457584529583 bcsId: 0,conID: 2 locID: 102259457602486448 bcsId: 0,conID: 3 locID: 102259457603928241 bcsId: 0,conID: 1 locID: 102259457612382386 bcsId: 0,conID: 2 locID: 102259457613889715 bcsId: 0,conID: 3 locID: 102259457615528116 bcsId: 0,conID: 1 locID: 102259457617035445 bcsId: 0,conID: 2 locID: 102259457618542774 bcsId: 0,conID: 3 locID: 102259457622147255 bcsId: 0,conID: 1 locID: 102259457628176568 bcsId: 0,conID: 2 locID: 102259457629552825 bcsId: 0,conID: 3 locID: 102259457634664634 bcsId: 0,conID: 1 locID: 102259457636171963 bcsId: 0,conID: 2 locID: 102259457640104124 bcsId: 0,conID: 3 locID: 102259457645740221 bcsId: 0,conID: 1 locID: 102259457647575230 bcsId: 0,conID: 2 locID: 102259457649410239 bcsId: 0,conID: 3 locID: 102259457650786496 bcsId: 0,conID: 1 locID: 102259457652293825 bcsId: 0,conID: 2 locID: 102259457656553666 bcsId: 0,conID: 3 locID: 102259457662255299 bcsId: 0,conID: 1 locID: 102259457663697092 bcsId: 0,conID: 2 locID: 102259457667694789 bcsId: 0,conID: 3 locID: 102259457669464262 bcsId: 0,conID: 1 locID: 102259457673789639 bcsId: 0,conID: 2 locID: 102259457679753416 bcsId: 0,conID: 3 locID: 102259457681391817 bcsId: 0,conID: 1 locID: 102259457683095754 bcsId: 0,conID: 2 locID: 102259457684406475 bcsId: 0,conID: 3 locID: 102259457685979340 bcsId: 0,conID: 1 locID: 102259457689387213 bcsId: 0,conID: 2 locID: 102259457695219918 bcsId: 0,conID: 3 locID: 102259457699283151 bcsId: 0,conID: 1 locID: 102259457700724944 bcsId: 0,conID: 2 locID: 102259457702363345 bcsId: 0,conID: 3 locID: 102259457706229970 bcsId: 0,conID: 1 locID: 102259457711866067 bcsId: 0,conID: 2 locID: 102259457713504468 bcsId: 0,conID: 3 locID: 102259457715798229 bcsId: 0,conID: 1 locID: 102259457717436630 bcsId: 0,conID: 2 locID: 102259457722024151 bcsId: 0,conID: 3 locID: 102259457723531480 bcsId: 0,conID: 1 locID: 102259457746796761 bcsId: 0,conID: 2 locID: 102259457748500698 bcsId: 0,conID: 3 locID: 102259457750008027 bcsId: 0,conID: 1 locID: 102259457751515356 bcsId: 0,conID: 2 locID: 102259457755250909 bcsId: 0,conID: 3 locID: 102259457756692702 bcsId: 0,conID: 1 locID: 102259457762459871 bcsId: 0,conID: 2 locID: 102259457763967200 bcsId: 0,conID: 3 locID: 102259457765540065 bcsId: 0,conID: 1 locID: 102259457769865442 bcsId: 0,conID: 2 locID: 102259457771241699 bcsId: 0,conID: 3 locID: 102259457779499236 bcsId: 0,conID: 1 locID: 102259457780744421 bcsId: 0,conID: 2 locID: 102259457782579430 bcsId: 0,conID: 3 locID: 102259457783824615 bcsId: 0,conID: 1 locID: 102259457788018920 bcsId: 0,conID: 2 locID: 102259457789329641 bcsId: 0,conID: 3 locID: 102259457794965738 bcsId: 0,conID: 1 locID: 102259457796210923 bcsId: 0,conID: 2 locID: 102259457797456108 bcsId: 0,conID: 3 locID: 102259457801126125 bcsId: 0,conID: 1 locID: 102259457805320430 bcsId: 0,conID: 2 locID: 102259457810890991 bcsId: 0,conID: 3 locID: 102259457812463856 bcsId: 0,conID: 1 locID: 102259457814233329 bcsId: 0,conID: 2 locID: 102259457818493170 bcsId: 0,conID: 3 locID: 102259457819869427 bcsId: 0,conID: 1 locID: 102259457821245684 bcsId: 0,conID: 2 locID: 102259457826947317 bcsId: 0,conID: 3 locID: 102259457828258038 bcsId: 0,conID: 1 locID: 102259457829503223 bcsId: 0,conID: 2 locID: 102259457833173240 bcsId: 0,conID: 3 locID: 102259457837170937 bcsId: 0,conID: 1 locID: 102259457842872570 bcsId: 0,conID: 2 locID: 102259457844117755 bcsId: 0,conID: 3 locID: 102259457845297404 bcsId: 0,conID: 1 locID: 102259457848901885 bcsId: 0,conID: 2 locID: 102259457850147070 bcsId: 0,conID: 3 locID: 102259457852375295 bcsId: 0,conID: 1 locID: 102259457858208000 bcsId: 0,conID: 2 locID: 102259457860043009 bcsId: 0,conID: 3 locID: 102259457861484802 bcsId: 0,conID: 1 locID: 102259457883046147 bcsId: 0,conID: 2 locID: 102259457884356868 bcsId: 0,conID: 3 locID: 102259457889992965 bcsId: 0,conID: 1 locID: 102259457891369222 bcsId: 0,conID: 2 locID: 102259457892548871 bcsId: 0,conID: 3 locID: 102259457896022280 bcsId: 0,conID: 1 locID: 102259457897333001 bcsId: 0,conID: 2 locID: 102259457898512650 bcsId: 0,conID: 3 locID: 102259457904148747 bcsId: 0,conID: 1 locID: 102259457905459468 bcsId: 0,conID: 2 locID: 102259457909195021 bcsId: 0,conID: 3 locID: 102259457914306830 bcsId: 0,conID: 1 locID: 102259457916076303 bcsId: 0,conID: 2 locID: 102259457921646864 bcsId: 0,conID: 3 locID: 102259457923285265 bcsId: 0,conID: 1 locID: 102259457924858130 bcsId: 0,conID: 2 locID: 102259457928528147 bcsId: 0,conID: 3 locID: 102259457930035476 bcsId: 0,conID: 1 locID: 102259457931477269 bcsId: 0,conID: 2 locID: 102259457937113366 bcsId: 0,conID: 3 locID: 102259457938686231 bcsId: 0,conID: 1 locID: 102259457942159640 bcsId: 0,conID: 2 locID: 102259457943732505 bcsId: 0,conID: 3 locID: 102259457948385562 bcsId: 0,conID: 1 locID: 102259457954021659 bcsId: 0,conID: 2 locID: 102259457955332380 bcsId: 0,conID: 3 locID: 102259457956708637 bcsId: 0,conID: 1 locID: 102259457960313118 bcsId: 0,conID: 2 locID: 102259457961754911 bcsId: 0,conID: 3 locID: 102259457963131168 bcsId: 0,conID: 1 locID: 102259457970471201 bcsId: 0,conID: 2 locID: 102259457972044066 bcsId: 0,conID: 3 locID: 102259457975845155 bcsId: 0,conID: 1 locID: 102259457977155876 bcsId: 0,conID: 2 locID: 102259457981743397 bcsId: 0,conID: 3 locID: 102259457988428070 bcsId: 0,conID: 1 locID: 102259457989607719 bcsId: 0,conID: 2 locID: 102259457993081128 bcsId: 0,conID: 3 locID: 102259457994391849 bcsId: 0,conID: 1 locID: 102259457995899178 bcsId: 0,conID: 2 locID: 102259457997078827 bcsId: 0,conID: 3 locID: 102259458002649388 bcsId: 0,conID: 1 locID: 102259458003829037 bcsId: 0,conID: 2 locID: 102259458007695662 bcsId: 0,conID: 3 locID: 102259458008875311 bcsId: 0,conID: 1 locID: 102259458010054960 bcsId: 0,conID: 2 locID: 102259458034958641 bcsId: 0,conID: 3 locID: 102259458036465970 bcsId: 0,conID: 1 locID: 102259458040332595 bcsId: 0,conID: 2 locID: 102259458041643316 bcsId: 0,conID: 3 locID: 102259458042954037 bcsId: 0,conID: 1 locID: 102259458044133686 bcsId: 0,conID: 2 locID: 102259458050031927 bcsId: 0,conID: 3 locID: 102259458051342648 bcsId: 0,conID: 1 locID: 102259458054750521 bcsId: 0,conID: 2 locID: 102259458055995706 bcsId: 0,conID: 3 locID: 102259458057240891 bcsId: 0,conID: 1 locID: 102259458065629500 bcsId: 0,conID: 2 locID: 102259458067202365 bcsId: 0,conID: 3 locID: 102259458071003454 bcsId: 0,conID: 1 locID: 102259458072379711 bcsId: 0,conID: 2 locID: 102259458073624896 bcsId: 0,conID: 3 locID: 102259458075197761 bcsId: 0,conID: 1 locID: 102259458082079042 bcsId: 0,conID: 2 locID: 102259458085749059 bcsId: 0,conID: 3 locID: 102259458087125316 bcsId: 0,conID: 1 locID: 102259458088567109 bcsId: 0,conID: 2 locID: 102259458089877830 bcsId: 0,conID: 3 locID: 102259458094072135 bcsId: 0,conID: 1 locID: 102259458099904840 bcsId: 0,conID: 2 locID: 102259458104099145 bcsId: 0,conID: 3 locID: 102259458105344330 bcsId: 0,conID: 1 locID: 102259458106523979 bcsId: 0,conID: 2 locID: 102259458107769164 bcsId: 0,conID: 3 locID: 102259458114519373 bcsId: 0,conID: 1 locID: 102259458118123854 bcsId: 0,conID: 2 locID: 102259458119500111 bcsId: 0,conID: 3 locID: 102259458120679760 bcsId: 0,conID: 1 locID: 102259458122252625 bcsId: 0,conID: 2 locID: 102259458126315858 bcsId: 0,conID: 3 locID: 102259458132148563 bcsId: 0,conID: 1 locID: 102259458136211796 bcsId: 0,conID: 2 locID: 102259458137522517 bcsId: 0,conID: 3 locID: 102259458138767702 bcsId: 0,conID: 1 locID: 102259458140143959 bcsId: 0,conID: 2 locID: 102259458146107736 bcsId: 0,conID: 3 locID: 102259458149777753 bcsId: 0,conID: 1 locID: 102259458151154010 bcsId: 0,conID: 2 locID: 102259458152399195 bcsId: 0,conID: 3 locID: 102259458153578844 bcsId: 0,conID: 1 locID: 102259458171076957 bcsId: 0,conID: 2 locID: 102259458179268958 bcsId: 0,conID: 3 locID: 102259458181366111 bcsId: 0,conID: 1 locID: 102259458182807904 bcsId: 0,conID: 2 locID: 102259458184184161 bcsId: 0,conID: 3 locID: 102259458185691490 bcsId: 0,conID: 1 locID: 102259458192376163 bcsId: 0,conID: 2 locID: 102259458195915108 bcsId: 0,conID: 3 locID: 102259458197684581 bcsId: 0,conID: 1 locID: 102259458199060838 bcsId: 0,conID: 2 locID: 102259458200306023 bcsId: 0,conID: 3 locID: 102259458204565864 bcsId: 0,conID: 1 locID: 102259458212364649 bcsId: 0,conID: 2 locID: 102259458213675370 bcsId: 0,conID: 3 locID: 102259458214986091 bcsId: 0,conID: 1 locID: 102259458216362348 bcsId: 0,conID: 2 locID: 102259458217738605 bcsId: 0,conID: 3 locID: 102259458223898990 bcsId: 0,conID: 1 locID: 102259458227503471 bcsId: 0,conID: 2 locID: 102259458228683120 bcsId: 0,conID: 3 locID: 102259458229993841 bcsId: 0,conID: 1 locID: 102259458234122610 bcsId: 0,conID: 2 locID: 102259458235498867 bcsId: 0,conID: 3 locID: 102259458243690868 bcsId: 0,conID: 1 locID: 102259458245788021 bcsId: 0,conID: 2 locID: 102259458247295350 bcsId: 0,conID: 3 locID: 102259458248737143 bcsId: 0,conID: 1 locID: 102259458250375544 bcsId: 0,conID: 2 locID: 102259458258370937 bcsId: 0,conID: 3 locID: 102259458259681658 bcsId: 0,conID: 1 locID: 102259458261057915 bcsId: 0,conID: 2 locID: 102259458262499708 bcsId: 0,conID: 3 locID: 102259458266759549 bcsId: 0,conID: 1 locID: 102259458268135806 bcsId: 0,conID: 2 locID: 102259458276065663 bcsId: 0,conID: 3 locID: 102259458277310848 bcsId: 0,conID: 1 locID: 102259458278687105 bcsId: 0,conID: 2 locID: 102259458280194434 bcsId: 0,conID: 3 locID: 102259458281570691 bcsId: 0,conID: 1 locID: 102259458287796612 bcsId: 0,conID: 2 locID: 102259458289238405 bcsId: 0,conID: 3 locID: 102259458290549126 bcsId: 0,conID: 1 locID: 102259458292515207 bcsId: 0,conID: 2 locID: 102259458311848328 bcsId: 0,conID: 3 locID: 102259458315911561 bcsId: 0,conID: 1 locID: 102259458321678730 bcsId: 0,conID: 2 locID: 102259458323054987 bcsId: 0,conID: 3 locID: 102259458325021068 bcsId: 0,conID: 1 locID: 102259458326462861 bcsId: 0,conID: 2 locID: 102259458327773582 bcsId: 0,conID: 3 locID: 102259458335768975 bcsId: 0,conID: 1 locID: 102259458337079696 bcsId: 0,conID: 2 locID: 102259458338455953 bcsId: 0,conID: 3 locID: 102259458342715794 bcsId: 0,conID: 1 locID: 102259458344092051 bcsId: 0,conID: 2 locID: 102259458347958676 bcsId: 0,conID: 3 locID: 102259458355757461 bcsId: 0,conID: 1 locID: 102259458357199254 bcsId: 0,conID: 2 locID: 102259458358444439 bcsId: 0,conID: 3 locID: 102259458359886232 bcsId: 0,conID: 1 locID: 102259458364146073 bcsId: 0,conID: 2 locID: 102259458369847706 bcsId: 0,conID: 3 locID: 102259458371092891 bcsId: 0,conID: 1 locID: 102259458373452188 bcsId: 0,conID: 2 locID: 102259458378367389 bcsId: 0,conID: 3 locID: 102259458380464542 bcsId: 0,conID: 1 locID: 102259458384200095 bcsId: 0,conID: 2 locID: 102259458390229408 bcsId: 0,conID: 3 locID: 102259458391671201 bcsId: 0,conID: 1 locID: 102259458393309602 bcsId: 0,conID: 2 locID: 102259458394554787 bcsId: 0,conID: 3 locID: 102259458398355876 bcsId: 0,conID: 1 locID: 102259458412708261 bcsId: 0,conID: 2 locID: 102259458413953446 bcsId: 0,conID: 3 locID: 102259458418147751 bcsId: 0,conID: 1 locID: 102259458419720616 bcsId: 0,conID: 2 locID: 102259458421359017 bcsId: 0,conID: 3 locID: 102259458425487786 bcsId: 0,conID: 1 locID: 102259458431189419 bcsId: 0,conID: 2 locID: 102259458432565676 bcsId: 0,conID: 3 locID: 102259458433810861 bcsId: 0,conID: 1 locID: 102259458435121582 bcsId: 0,conID: 2 locID: 102259458438660527 bcsId: 0,conID: 3 locID: 102259458440102320 bcsId: 0,conID: 1 locID: 102259458446459313 bcsId: 0,conID: 2 locID: 102259458465202610 bcsId: 0,conID: 3 locID: 102259458466578867 bcsId: 0,conID: 1 locID: 102259458470773172 bcsId: 0,conID: 2 locID: 102259458472214965 bcsId: 0,conID: 3 locID: 102259458477916598 bcsId: 0,conID: 1 locID: 102259458479423927 bcsId: 0,conID: 2 locID: 102259458481062328 bcsId: 0,conID: 3 locID: 102259458482635193 bcsId: 0,conID: 1 locID: 102259458486501818 bcsId: 0,conID: 2 locID: 102259458488074683 bcsId: 0,conID: 3 locID: 102259458497053116 bcsId: 0,conID: 1 locID: 102259458498494909 bcsId: 0,conID: 2 locID: 102259458499936702 bcsId: 0,conID: 3 locID: 102259458503999935 bcsId: 0,conID: 1 locID: 102259458505507264 bcsId: 0,conID: 2 locID: 102259458513895873 bcsId: 0,conID: 3 locID: 102259458515272130 bcsId: 0,conID: 1 locID: 102259458516648387 bcsId: 0,conID: 2 locID: 102259458518221252 bcsId: 0,conID: 3 locID: 102259458521629125 bcsId: 0,conID: 1 locID: 102259458523136454 bcsId: 0,conID: 2 locID: 102259458532114887 bcsId: 0,conID: 3 locID: 102259458533556680 bcsId: 0,conID: 1 locID: 102259458534932937 bcsId: 0,conID: 2 locID: 102259458538996170 bcsId: 0,conID: 3 locID: 102259458540437963 bcsId: 0,conID: 1 locID: 102259458546336204 bcsId: 0,conID: 2 locID: 102259458547712461 bcsId: 0,conID: 3 locID: 102259458548957646 bcsId: 0,conID: 1 locID: 102259458552889807 bcsId: 0,conID: 2 locID: 102259458554331600 bcsId: 0,conID: 3 locID: 102259458555773393 bcsId: 0,conID: 1 locID: 102259458563768786 bcsId: 0,conID: 2 locID: 102259458565079507 bcsId: 0,conID: 3 locID: 102259458566324692 bcsId: 0,conID: 1 locID: 102259458569994709 bcsId: 0,conID: 2 locID: 102259458571239894 bcsId: 0,conID: 3 locID: 102259458576941527 bcsId: 0,conID: 1 locID: 102259458578252248 bcsId: 0,conID: 2 locID: 102259458579694041 bcsId: 0,conID: 3 locID: 102259458583888346 bcsId: 0,conID: 1 locID: 102259458585395675 bcsId: 0,conID: 2 locID: 102259458602893788 bcsId: 0,conID: 3 locID: 102259458608398813 bcsId: 0,conID: 1 locID: 102259458609709534 bcsId: 0,conID: 2 locID: 102259458611020255 bcsId: 0,conID: 3 locID: 102259458614821344 bcsId: 0,conID: 1 locID: 102259458616394209 bcsId: 0,conID: 2 locID: 102259458622226914 bcsId: 0,conID: 3 locID: 102259458623603171 bcsId: 0,conID: 1 locID: 102259458624848356 bcsId: 0,conID: 2 locID: 102259458629108197 bcsId: 0,conID: 3 locID: 102259458633499110 bcsId: 0,conID: 1 locID: 102259458634940903 bcsId: 0,conID: 2 locID: 102259458641232360 bcsId: 0,conID: 3 locID: 102259458643067369 bcsId: 0,conID: 1 locID: 102259458647785962 bcsId: 0,conID: 2 locID: 102259458649424363 bcsId: 0,conID: 3 locID: 102259458651062764 bcsId: 0,conID: 1 locID: 102259458658927085 bcsId: 0,conID: 2 locID: 102259458660631022 bcsId: 0,conID: 3 locID: 102259458662466031 bcsId: 0,conID: 1 locID: 102259458670723568 bcsId: 0,conID: 2 locID: 102259458672558577 bcsId: 0,conID: 3 locID: 102259458674000370 bcsId: 0,conID: 1 locID: 102259458680226291 bcsId: 0,conID: 2 locID: 102259458681602548 bcsId: 0,conID: 3 locID: 102259458685141493 bcsId: 0,conID: 1 locID: 102259458686648822 bcsId: 0,conID: 2 locID: 102259458687894007 bcsId: 0,conID: 3 locID: 102259458693464568 bcsId: 0,conID: 1 locID: 102259458694775289 bcsId: 0,conID: 2 locID: 102259458696151546 bcsId: 0,conID: 3 locID: 102259458702705147 bcsId: 0,conID: 1 locID: 102259458704146940 bcsId: 0,conID: 2 locID: 102259458705523197 bcsId: 0,conID: 3 locID: 102259458711552510 bcsId: 0,conID: 1 locID: 102259458712928767 bcsId: 0,conID: 2 locID: 102259458717581824 bcsId: 0,conID: 3 locID: 102259458719220225 bcsId: 0,conID: 1 locID: 102259458720596482 bcsId: 0,conID: 2 locID: 102259458726363651 bcsId: 0,conID: 3 locID: 102259458727674372 bcsId: 0,conID: 1 locID: 102259458734817797 bcsId: 0,conID: 2 locID: 102259458736456198 bcsId: 0,conID: 3 locID: 102259458738094599 bcsId: 0,conID: 1 locID: 102259458739405320 bcsId: 0,conID: 2 locID: 102259458745106953 bcsId: 0,conID: 3 locID: 102259458746417674 bcsId: 0,conID: 1 locID: 102259458750153227 bcsId: 0,conID: 2 locID: 102259458751791628 bcsId: 0,conID: 3 locID: 102259458753167885 bcsId: 0,conID: 1 locID: 102259458758869518 bcsId: 0,conID: 2 locID: 102259458779316751 bcsId: 0,conID: 3 locID: 102259458783838736 bcsId: 0,conID: 1 locID: 102259458785149457 bcsId: 0,conID: 2 locID: 102259458786394642 bcsId: 0,conID: 3 locID: 102259458787770899 bcsId: 0,conID: 1 locID: 102259458793669140 bcsId: 0,conID: 2 locID: 102259458795242005 bcsId: 0,conID: 3 locID: 102259458799043094 bcsId: 0,conID: 1 locID: 102259458800353815 bcsId: 0,conID: 2 locID: 102259458801795608 bcsId: 0,conID: 3 locID: 102259458803171865 bcsId: 0,conID: 1 locID: 102259458811560474 bcsId: 0,conID: 2 locID: 102259458815230491 bcsId: 0,conID: 3 locID: 102259458816541212 bcsId: 0,conID: 1 locID: 102259458817983005 bcsId: 0,conID: 2 locID: 102259458819490334 bcsId: 0,conID: 3 locID: 102259458825060895 bcsId: 0,conID: 1 locID: 102259458828993056 bcsId: 0,conID: 2 locID: 102259458830500385 bcsId: 0,conID: 3 locID: 102259458832532002 bcsId: 0,conID: 1 locID: 102259458834629155 bcsId: 0,conID: 2 locID: 102259458835939876 bcsId: 0,conID: 3 locID: 102259458844066341 bcsId: 0,conID: 1 locID: 102259458847998502 bcsId: 0,conID: 2 locID: 102259458849243687 bcsId: 0,conID: 3 locID: 102259458851144232 bcsId: 0,conID: 1 locID: 102259458853044777 bcsId: 0
2019-06-12 16:05:12,665 DEBUG block.SCMBlockDeletingService (SCMBlockDeletingService.java:call(138)) - Running DeletedBlockTransactionScanner
2019-06-12 16:05:12,665 DEBUG block.SCMBlockDeletingService (SCMBlockDeletingService.java:call(155)) - Scanned deleted blocks log and got 0 delTX to process.
2019-06-12 16:05:12,766 DEBUG block.SCMBlockDeletingService (SCMBlockDeletingService.java:call(138)) - Running DeletedBlockTransactionScanner
2019-06-12 16:05:12,766 DEBUG block.SCMBlockDeletingService (SCMBlockDeletingService.java:call(155)) - Scanned deleted blocks log and got 0 delTX to process.
2019-06-12 16:05:12,866 DEBUG block.SCMBlockDeletingService (SCMBlockDeletingService.java:call(138)) - Running DeletedBlockTransactionScanner
2019-06-12 16:05:12,867 DEBUG block.SCMBlockDeletingService (SCMBlockDeletingService.java:call(155)) - Scanned deleted blocks log and got 0 delTX to process.
2019-06-12 16:05:12,967 DEBUG block.SCMBlockDeletingService (SCMBlockDeletingService.java:call(138)) - Running DeletedBlockTransactionScanner
2019-06-12 16:05:12,967 DEBUG block.SCMBlockDeletingService (SCMBlockDeletingService.java:call(155)) - Scanned deleted blocks log and got 0 delTX to process.
2019-06-12 16:05:13,067 DEBUG block.SCMBlockDeletingService (SCMBlockDeletingService.java:call(138)) - Running DeletedBlockTransactionScanner
2019-06-12 16:05:13,068 DEBUG block.SCMBlockDeletingService (SCMBlockDeletingService.java:call(155)) - Scanned deleted blocks log and got 0 delTX to process.
2019-06-12 16:05:13,168 DEBUG block.SCMBlockDeletingService (SCMBlockDeletingService.java:call(138)) - Running DeletedBlockTransactionScanner
2019-06-12 16:05:13,168 DEBUG block.SCMBlockDeletingService (SCMBlockDeletingService.java:call(155)) - Scanned deleted blocks log and got 0 delTX to process.
2019-06-12 16:05:13,268 DEBUG block.SCMBlockDeletingService (SCMBlockDeletingService.java:call(138)) - Running DeletedBlockTransactionScanner
2019-06-12 16:05:13,269 DEBUG block.SCMBlockDeletingService (SCMBlockDeletingService.java:call(155)) - Scanned deleted blocks log and got 0 delTX to process.
2019-06-12 16:05:13,369 DEBUG block.SCMBlockDeletingService (SCMBlockDeletingService.java:call(138)) - Running DeletedBlockTransactionScanner
2019-06-12 16:05:13,369 DEBUG block.SCMBlockDeletingService (SCMBlockDeletingService.java:call(155)) - Scanned deleted blocks log and got 0 delTX to process.
2019-06-12 16:05:13,469 DEBUG block.SCMBlockDeletingService (SCMBlockDeletingService.java:call(138)) - Running DeletedBlockTransactionScanner
2019-06-12 16:05:13,470 DEBUG block.SCMBlockDeletingService (SCMBlockDeletingService.java:call(155)) - Scanned deleted blocks log and got 0 delTX to process.
2019-06-12 16:05:13,570 DEBUG block.SCMBlockDeletingService (SCMBlockDeletingService.java:call(138)) - Running DeletedBlockTransactionScanner
2019-06-12 16:05:13,570 DEBUG block.SCMBlockDeletingService (SCMBlockDeletingService.java:call(155)) - Scanned deleted blocks log and got 0 delTX to process.
2019-06-12 16:05:13,670 DEBUG block.SCMBlockDeletingService (SCMBlockDeletingService.java:call(138)) - Running DeletedBlockTransactionScanner
2019-06-12 16:05:13,671 DEBUG block.SCMBlockDeletingService (SCMBlockDeletingService.java:call(155)) - Scanned deleted blocks log and got 0 delTX to process.
2019-06-12 16:05:13,771 DEBUG block.SCMBlockDeletingService (SCMBlockDeletingService.java:call(138)) - Running DeletedBlockTransactionScanner
2019-06-12 16:05:13,771 DEBUG block.SCMBlockDeletingService (SCMBlockDeletingService.java:call(155)) - Scanned deleted blocks log and got 0 delTX to process.
2019-06-12 16:05:13,871 DEBUG block.SCMBlockDeletingService (SCMBlockDeletingService.java:call(138)) - Running DeletedBlockTransactionScanner
2019-06-12 16:05:13,872 DEBUG block.SCMBlockDeletingService (SCMBlockDeletingService.java:call(155)) - Scanned deleted blocks log and got 0 delTX to process.
2019-06-12 16:05:13,972 DEBUG block.SCMBlockDeletingService (SCMBlockDeletingService.java:call(138)) - Running DeletedBlockTransactionScanner
2019-06-12 16:05:13,972 DEBUG block.SCMBlockDeletingService (SCMBlockDeletingService.java:call(155)) - Scanned deleted blocks log and got 0 delTX to process.
2019-06-12 16:05:14,073 DEBUG block.SCMBlockDeletingService (SCMBlockDeletingService.java:call(138)) - Running DeletedBlockTransactionScanner
2019-06-12 16:05:14,073 DEBUG block.SCMBlockDeletingService (SCMBlockDeletingService.java:call(155)) - Scanned deleted blocks log and got 0 delTX to process.
2019-06-12 16:05:14,173 DEBUG block.SCMBlockDeletingService (SCMBlockDeletingService.java:call(138)) - Running DeletedBlockTransactionScanner
2019-06-12 16:05:14,173 DEBUG block.SCMBlockDeletingService (SCMBlockDeletingService.java:call(155)) - Scanned deleted blocks log and got 0 delTX to process.
2019-06-12 16:05:14,274 DEBUG block.SCMBlockDeletingService (SCMBlockDeletingService.java:call(138)) - Running DeletedBlockTransactionScanner
2019-06-12 16:05:14,274 DEBUG block.SCMBlockDeletingService (SCMBlockDeletingService.java:call(155)) - Scanned deleted blocks log and got 0 delTX to process.
2019-06-12 16:05:14,374 DEBUG block.SCMBlockDeletingService (SCMBlockDeletingService.java:call(138)) - Running DeletedBlockTransactionScanner
2019-06-12 16:05:14,375 DEBUG block.SCMBlockDeletingService (SCMBlockDeletingService.java:call(155)) - Scanned deleted blocks log and got 0 delTX to process.
2019-06-12 16:05:14,475 DEBUG block.SCMBlockDeletingService (SCMBlockDeletingService.java:call(138)) - Running DeletedBlockTransactionScanner
2019-06-12 16:05:14,475 DEBUG block.SCMBlockDeletingService (SCMBlockDeletingService.java:call(155)) - Scanned deleted blocks log and got 0 delTX to process.
2019-06-12 16:05:14,575 DEBUG block.SCMBlockDeletingService (SCMBlockDeletingService.java:call(138)) - Running DeletedBlockTransactionScanner
2019-06-12 16:05:14,576 DEBUG block.SCMBlockDeletingService (SCMBlockDeletingService.java:call(155)) - Scanned deleted blocks log and got 0 delTX to process.
2019-06-12 16:05:14,676 DEBUG block.SCMBlockDeletingService (SCMBlockDeletingService.java:call(138)) - Running DeletedBlockTransactionScanner
2019-06-12 16:05:14,676 DEBUG block.SCMBlockDeletingService (SCMBlockDeletingService.java:call(155)) - Scanned deleted blocks log and got 0 delTX to process.
2019-06-12 16:05:14,777 DEBUG block.SCMBlockDeletingService (SCMBlockDeletingService.java:call(138)) - Running DeletedBlockTransactionScanner
2019-06-12 16:05:14,777 DEBUG block.SCMBlockDeletingService (SCMBlockDeletingService.java:call(155)) - Scanned deleted blocks log and got 0 delTX to process.
2019-06-12 16:05:14,877 DEBUG block.SCMBlockDeletingService (SCMBlockDeletingService.java:call(138)) - Running DeletedBlockTransactionScanner
2019-06-12 16:05:14,878 DEBUG block.SCMBlockDeletingService (SCMBlockDeletingService.java:call(155)) - Scanned deleted blocks log and got 0 delTX to process.
2019-06-12 16:05:14,978 DEBUG block.SCMBlockDeletingService (SCMBlockDeletingService.java:call(138)) - Running DeletedBlockTransactionScanner
2019-06-12 16:05:14,978 DEBUG block.SCMBlockDeletingService (SCMBlockDeletingService.java:call(155)) - Scanned deleted blocks log and got 0 delTX to process.
2019-06-12 16:05:15,079 DEBUG block.SCMBlockDeletingService (SCMBlockDeletingService.java:call(138)) - Running DeletedBlockTransactionScanner
2019-06-12 16:05:15,079 DEBUG block.SCMBlockDeletingService (SCMBlockDeletingService.java:call(155)) - Scanned deleted blocks log and got 0 delTX to process.
2019-06-12 16:05:15,179 DEBUG block.SCMBlockDeletingService (SCMBlockDeletingService.java:call(138)) - Running DeletedBlockTransactionScanner
2019-06-12 16:05:15,179 DEBUG block.SCMBlockDeletingService (SCMBlockDeletingService.java:call(155)) - Scanned deleted blocks log and got 0 delTX to process.
2019-06-12 16:05:15,280 DEBUG block.SCMBlockDeletingService (SCMBlockDeletingService.java:call(138)) - Running DeletedBlockTransactionScanner
2019-06-12 16:05:15,280 DEBUG block.SCMBlockDeletingService (SCMBlockDeletingService.java:call(155)) - Scanned deleted blocks log and got 0 delTX to process.
2019-06-12 16:05:15,380 DEBUG block.SCMBlockDeletingService (SCMBlockDeletingService.java:call(138)) - Running DeletedBlockTransactionScanner
2019-06-12 16:05:15,381 DEBUG block.SCMBlockDeletingService (SCMBlockDeletingService.java:call(155)) - Scanned deleted blocks log and got 0 delTX to process.
2019-06-12 16:05:15,481 DEBUG block.SCMBlockDeletingService (SCMBlockDeletingService.java:call(138)) - Running DeletedBlockTransactionScanner
2019-06-12 16:05:15,481 DEBUG block.SCMBlockDeletingService (SCMBlockDeletingService.java:call(155)) - Scanned deleted blocks log and got 0 delTX to process.
2019-06-12 16:05:15,581 DEBUG block.SCMBlockDeletingService (SCMBlockDeletingService.java:call(138)) - Running DeletedBlockTransactionScanner
2019-06-12 16:05:15,582 DEBUG block.SCMBlockDeletingService (SCMBlockDeletingService.java:call(155)) - Scanned deleted blocks log and got 0 delTX to process.
2019-06-12 16:05:15,682 DEBUG block.SCMBlockDeletingService (SCMBlockDeletingService.java:call(138)) - Running DeletedBlockTransactionScanner
2019-06-12 16:05:15,682 DEBUG block.SCMBlockDeletingService (SCMBlockDeletingService.java:call(155)) - Scanned deleted blocks log and got 0 delTX to process.
2019-06-12 16:05:15,782 DEBUG block.SCMBlockDeletingService (SCMBlockDeletingService.java:call(138)) - Running DeletedBlockTransactionScanner
2019-06-12 16:05:15,783 DEBUG block.SCMBlockDeletingService (SCMBlockDeletingService.java:call(155)) - Scanned deleted blocks log and got 0 delTX to process.
2019-06-12 16:05:15,883 DEBUG block.SCMBlockDeletingService (SCMBlockDeletingService.java:call(138)) - Running DeletedBlockTransactionScanner
2019-06-12 16:05:15,883 DEBUG block.SCMBlockDeletingService (SCMBlockDeletingService.java:call(155)) - Scanned deleted blocks log and got 0 delTX to process.
2019-06-12 16:05:15,983 DEBUG block.SCMBlockDeletingService (SCMBlockDeletingService.java:call(138)) - Running DeletedBlockTransactionScanner
2019-06-12 16:05:15,984 DEBUG block.SCMBlockDeletingService (SCMBlockDeletingService.java:call(155)) - Scanned deleted blocks log and got 0 delTX to process.
2019-06-12 16:05:16,084 DEBUG block.SCMBlockDeletingService (SCMBlockDeletingService.java:call(138)) - Running DeletedBlockTransactionScanner
2019-06-12 16:05:16,084 DEBUG block.SCMBlockDeletingService (SCMBlockDeletingService.java:call(155)) - Scanned deleted blocks log and got 0 delTX to process.
2019-06-12 16:05:16,184 DEBUG block.SCMBlockDeletingService (SCMBlockDeletingService.java:call(138)) - Running DeletedBlockTransactionScanner
2019-06-12 16:05:16,185 DEBUG block.SCMBlockDeletingService (SCMBlockDeletingService.java:call(155)) - Scanned deleted blocks log and got 0 delTX to process.
2019-06-12 16:05:16,285 DEBUG block.SCMBlockDeletingService (SCMBlockDeletingService.java:call(138)) - Running DeletedBlockTransactionScanner
2019-06-12 16:05:16,285 DEBUG block.SCMBlockDeletingService (SCMBlockDeletingService.java:call(155)) - Scanned deleted blocks log and got 0 delTX to process.
2019-06-12 16:05:16,385 DEBUG block.SCMBlockDeletingService (SCMBlockDeletingService.java:call(138)) - Running DeletedBlockTransactionScanner
2019-06-12 16:05:16,386 DEBUG block.SCMBlockDeletingService (SCMBlockDeletingService.java:call(155)) - Scanned deleted blocks log and got 0 delTX to process.
2019-06-12 16:05:16,486 DEBUG block.SCMBlockDeletingService (SCMBlockDeletingService.java:call(138)) - Running DeletedBlockTransactionScanner
2019-06-12 16:05:16,486 DEBUG block.SCMBlockDeletingService (SCMBlockDeletingService.java:call(155)) - Scanned deleted blocks log and got 0 delTX to process.
2019-06-12 16:05:16,586 DEBUG block.SCMBlockDeletingService (SCMBlockDeletingService.java:call(138)) - Running DeletedBlockTransactionScanner
2019-06-12 16:05:16,587 DEBUG block.SCMBlockDeletingService (SCMBlockDeletingService.java:call(155)) - Scanned deleted blocks log and got 0 delTX to process.
2019-06-12 16:05:16,687 DEBUG block.SCMBlockDeletingService (SCMBlockDeletingService.java:call(138)) - Running DeletedBlockTransactionScanner
2019-06-12 16:05:16,687 DEBUG block.SCMBlockDeletingService (SCMBlockDeletingService.java:call(155)) - Scanned deleted blocks log and got 0 delTX to process.
2019-06-12 16:05:16,787 DEBUG block.SCMBlockDeletingService (SCMBlockDeletingService.java:call(138)) - Running DeletedBlockTransactionScanner
2019-06-12 16:05:16,788 DEBUG block.SCMBlockDeletingService (SCMBlockDeletingService.java:call(155)) - Scanned deleted blocks log and got 0 delTX to process.
2019-06-12 16:05:16,888 DEBUG block.SCMBlockDeletingService (SCMBlockDeletingService.java:call(138)) - Running DeletedBlockTransactionScanner
2019-06-12 16:05:16,888 DEBUG block.SCMBlockDeletingService (SCMBlockDeletingService.java:call(155)) - Scanned deleted blocks log and got 0 delTX to process.
2019-06-12 16:05:16,988 DEBUG block.SCMBlockDeletingService (SCMBlockDeletingService.java:call(138)) - Running DeletedBlockTransactionScanner
2019-06-12 16:05:16,989 DEBUG block.SCMBlockDeletingService (SCMBlockDeletingService.java:call(155)) - Scanned deleted blocks log and got 0 delTX to process.
2019-06-12 16:05:17,089 DEBUG block.SCMBlockDeletingService (SCMBlockDeletingService.java:call(138)) - Running DeletedBlockTransactionScanner
2019-06-12 16:05:17,089 DEBUG block.SCMBlockDeletingService (SCMBlockDeletingService.java:call(155)) - Scanned deleted blocks log and got 0 delTX to process.
2019-06-12 16:05:17,189 DEBUG block.SCMBlockDeletingService (SCMBlockDeletingService.java:call(138)) - Running DeletedBlockTransactionScanner
2019-06-12 16:05:17,190 DEBUG block.SCMBlockDeletingService (SCMBlockDeletingService.java:call(155)) - Scanned deleted blocks log and got 0 delTX to process.
2019-06-12 16:05:17,290 DEBUG block.SCMBlockDeletingService (SCMBlockDeletingService.java:call(138)) - Running DeletedBlockTransactionScanner
2019-06-12 16:05:17,290 DEBUG block.SCMBlockDeletingService (SCMBlockDeletingService.java:call(155)) - Scanned deleted blocks log and got 0 delTX to process.
2019-06-12 16:05:17,390 DEBUG block.SCMBlockDeletingService (SCMBlockDeletingService.java:call(138)) - Running DeletedBlockTransactionScanner
2019-06-12 16:05:17,391 DEBUG block.SCMBlockDeletingService (SCMBlockDeletingService.java:call(155)) - Scanned deleted blocks log and got 0 delTX to process.
2019-06-12 16:05:17,491 DEBUG block.SCMBlockDeletingService (SCMBlockDeletingService.java:call(138)) - Running DeletedBlockTransactionScanner
2019-06-12 16:05:17,491 DEBUG block.SCMBlockDeletingService (SCMBlockDeletingService.java:call(155)) - Scanned deleted blocks log and got 0 delTX to process.
2019-06-12 16:05:17,528 INFO  datanode.ObjectStoreHandler (ObjectStoreHandler.java:close(155)) - Closing ObjectStoreHandler.
2019-06-12 16:05:17,529 INFO  ozone.HddsDatanodeService (HddsDatanodeService.java:stop(452)) - Stopped plug-in org.apache.hadoop.ozone.web.OzoneHddsDatanodeService@433d9680
2019-06-12 16:05:17,529 INFO  statemachine.DatanodeStateMachine (DatanodeStateMachine.java:lambda$startDaemon$0(350)) - Ozone container server started.
2019-06-12 16:05:17,530 INFO  ozoneimpl.OzoneContainer (OzoneContainer.java:stop(199)) - Attempting to stop container services.
2019-06-12 16:05:17,530 INFO  impl.RaftServerProxy (RaftServerProxy.java:lambda$close$4(314)) - ffc7b071-00b3-4a69-8de5-2639a1a8d8ac: close
2019-06-12 16:05:17,531 INFO  impl.RaftServerImpl (RaftServerImpl.java:lambda$shutdown$3(238)) - ffc7b071-00b3-4a69-8de5-2639a1a8d8ac: shutdown group-6911E2D50CC5
2019-06-12 16:05:17,531 INFO  util.JmxRegister (JmxRegister.java:unregister(73)) - Successfully un-registered JMX Bean with object name Ratis:service=RaftServer,group=group-6911E2D50CC5,id=ffc7b071-00b3-4a69-8de5-2639a1a8d8ac
2019-06-12 16:05:17,532 INFO  impl.RoleInfo (RoleInfo.java:shutdownLeaderState(104)) - ffc7b071-00b3-4a69-8de5-2639a1a8d8ac: shutdown LeaderState
2019-06-12 16:05:17,532 INFO  impl.PendingRequests (PendingRequests.java:sendNotLeaderResponses(140)) - ffc7b071-00b3-4a69-8de5-2639a1a8d8ac-PendingRequests: sendNotLeaderResponses
2019-06-12 16:05:17,536 INFO  impl.StateMachineUpdater (StateMachineUpdater.java:stopAndJoin(109)) - StateMachineUpdater-ffc7b071-00b3-4a69-8de5-2639a1a8d8ac-group-6911E2D50CC5: set stopIndex = 7338
2019-06-12 16:05:17,536 INFO  ratis.ContainerStateMachine (ContainerStateMachine.java:takeSnapshot(245)) - Taking snapshot at termIndex:(t:1, i:7337)
2019-06-12 16:05:17,536 INFO  ratis.ContainerStateMachine (ContainerStateMachine.java:takeSnapshot(249)) - Taking a snapshot to file /opt/src/hadoop-ozone/integration-test/target/test-dir/MiniOzoneClusterImpl-a1c7246e-c692-4524-ad55-32b507b20431/datanode-0/data/ratis/4417d833-4fb6-4fa2-9413-6911e2d50cc5/sm/snapshot.1_7337
2019-06-12 16:05:17,542 INFO  impl.RaftServerImpl (ServerState.java:close(394)) - ffc7b071-00b3-4a69-8de5-2639a1a8d8ac:group-6911E2D50CC5 closes. The last applied log index is 7338
2019-06-12 16:05:17,547 INFO  storage.RaftLogWorker (RaftLogWorker.java:close(168)) - ffc7b071-00b3-4a69-8de5-2639a1a8d8ac-RaftLogWorker close()
2019-06-12 16:05:17,548 INFO  server.GrpcService (GrpcService.java:closeImpl(154)) - ffc7b071-00b3-4a69-8de5-2639a1a8d8ac: shutdown server with port 33311 now
2019-06-12 16:05:17,549 INFO  server.GrpcService (GrpcService.java:closeImpl(162)) - ffc7b071-00b3-4a69-8de5-2639a1a8d8ac: shutdown server with port 33311 successfully
2019-06-12 16:05:17,554 WARN  fs.CachingGetSpaceUsed (CachingGetSpaceUsed.java:run(183)) - Thread Interrupted waiting to refresh disk information: sleep interrupted
2019-06-12 16:05:17,563 INFO  statemachine.DatanodeStateMachine (DatanodeStateMachine.java:stopDaemon(395)) - Ozone container server stopped.
2019-06-12 16:05:17,566 INFO  handler.ContextHandler (ContextHandler.java:doStop(910)) - Stopped o.e.j.w.WebAppContext@36c0d0bd{/,null,UNAVAILABLE}{/hddsDatanode}
2019-06-12 16:05:17,569 INFO  server.AbstractConnector (AbstractConnector.java:doStop(318)) - Stopped ServerConnector@5e1fc2aa{HTTP/1.1,[http/1.1]}{0.0.0.0:0}
2019-06-12 16:05:17,570 INFO  handler.ContextHandler (ContextHandler.java:doStop(910)) - Stopped o.e.j.s.ServletContextHandler@4f5f6e45{/static,jar:file:/root/.m2/repository/org/apache/hadoop/hadoop-hdds-container-service/0.5.0-SNAPSHOT/hadoop-hdds-container-service-0.5.0-SNAPSHOT.jar!/webapps/static,UNAVAILABLE}
2019-06-12 16:05:17,570 INFO  handler.ContextHandler (ContextHandler.java:doStop(910)) - Stopped o.e.j.s.ServletContextHandler@6438a7fe{/logs,file:///opt/src/hadoop-ozone/integration-test/target/log,UNAVAILABLE}
2019-06-12 16:05:17,591 DEBUG block.SCMBlockDeletingService (SCMBlockDeletingService.java:call(138)) - Running DeletedBlockTransactionScanner
2019-06-12 16:05:17,593 DEBUG block.SCMBlockDeletingService (SCMBlockDeletingService.java:call(155)) - Scanned deleted blocks log and got 3 delTX to process.
2019-06-12 16:05:17,596 DEBUG block.SCMBlockDeletingService (SCMBlockDeletingService.java:call(171)) - Added delete block command for datanode ffc7b071-00b3-4a69-8de5-2639a1a8d8ac in the queue, number of delete block transactions: 3, TxID list: 1,2,3
2019-06-12 16:05:17,597 INFO  block.SCMBlockDeletingService (SCMBlockDeletingService.java:call(182)) - Totally added 3 delete blocks command for 1 datanodes, task elapsed time: 5ms
2019-06-12 16:05:17,697 DEBUG block.SCMBlockDeletingService (SCMBlockDeletingService.java:call(138)) - Running DeletedBlockTransactionScanner
2019-06-12 16:05:17,697 DEBUG block.SCMBlockDeletingService (SCMBlockDeletingService.java:call(155)) - Scanned deleted blocks log and got 3 delTX to process.
2019-06-12 16:05:17,698 DEBUG block.SCMBlockDeletingService (SCMBlockDeletingService.java:call(171)) - Added delete block command for datanode ffc7b071-00b3-4a69-8de5-2639a1a8d8ac in the queue, number of delete block transactions: 3, TxID list: 1,2,3
2019-06-12 16:05:17,698 INFO  block.SCMBlockDeletingService (SCMBlockDeletingService.java:call(182)) - Totally added 3 delete blocks command for 1 datanodes, task elapsed time: 0ms
2019-06-12 16:05:17,798 DEBUG block.SCMBlockDeletingService (SCMBlockDeletingService.java:call(138)) - Running DeletedBlockTransactionScanner
2019-06-12 16:05:17,798 DEBUG block.SCMBlockDeletingService (SCMBlockDeletingService.java:call(155)) - Scanned deleted blocks log and got 3 delTX to process.
2019-06-12 16:05:17,799 DEBUG block.SCMBlockDeletingService (SCMBlockDeletingService.java:call(171)) - Added delete block command for datanode ffc7b071-00b3-4a69-8de5-2639a1a8d8ac in the queue, number of delete block transactions: 3, TxID list: 1,2,3
2019-06-12 16:05:17,799 INFO  block.SCMBlockDeletingService (SCMBlockDeletingService.java:call(182)) - Totally added 3 delete blocks command for 1 datanodes, task elapsed time: 1ms
2019-06-12 16:05:17,899 DEBUG block.SCMBlockDeletingService (SCMBlockDeletingService.java:call(138)) - Running DeletedBlockTransactionScanner
2019-06-12 16:05:17,899 DEBUG block.SCMBlockDeletingService (SCMBlockDeletingService.java:call(155)) - Scanned deleted blocks log and got 3 delTX to process.
2019-06-12 16:05:17,900 DEBUG block.SCMBlockDeletingService (SCMBlockDeletingService.java:call(171)) - Added delete block command for datanode ffc7b071-00b3-4a69-8de5-2639a1a8d8ac in the queue, number of delete block transactions: 3, TxID list: 1,2,3
2019-06-12 16:05:17,900 INFO  block.SCMBlockDeletingService (SCMBlockDeletingService.java:call(182)) - Totally added 3 delete blocks command for 1 datanodes, task elapsed time: 1ms
2019-06-12 16:05:18,000 DEBUG block.SCMBlockDeletingService (SCMBlockDeletingService.java:call(138)) - Running DeletedBlockTransactionScanner
2019-06-12 16:05:18,000 DEBUG block.SCMBlockDeletingService (SCMBlockDeletingService.java:call(155)) - Scanned deleted blocks log and got 3 delTX to process.
2019-06-12 16:05:18,001 DEBUG block.SCMBlockDeletingService (SCMBlockDeletingService.java:call(171)) - Added delete block command for datanode ffc7b071-00b3-4a69-8de5-2639a1a8d8ac in the queue, number of delete block transactions: 3, TxID list: 1,2,3
2019-06-12 16:05:18,001 INFO  block.SCMBlockDeletingService (SCMBlockDeletingService.java:call(182)) - Totally added 3 delete blocks command for 1 datanodes, task elapsed time: 1ms
2019-06-12 16:05:18,101 DEBUG block.SCMBlockDeletingService (SCMBlockDeletingService.java:call(138)) - Running DeletedBlockTransactionScanner
2019-06-12 16:05:18,101 DEBUG block.SCMBlockDeletingService (SCMBlockDeletingService.java:call(155)) - Scanned deleted blocks log and got 3 delTX to process.
2019-06-12 16:05:18,102 DEBUG block.SCMBlockDeletingService (SCMBlockDeletingService.java:call(171)) - Added delete block command for datanode ffc7b071-00b3-4a69-8de5-2639a1a8d8ac in the queue, number of delete block transactions: 3, TxID list: 1,2,3
2019-06-12 16:05:18,102 INFO  block.SCMBlockDeletingService (SCMBlockDeletingService.java:call(182)) - Totally added 3 delete blocks command for 1 datanodes, task elapsed time: 1ms
2019-06-12 16:05:18,202 DEBUG block.SCMBlockDeletingService (SCMBlockDeletingService.java:call(138)) - Running DeletedBlockTransactionScanner
2019-06-12 16:05:18,202 DEBUG block.SCMBlockDeletingService (SCMBlockDeletingService.java:call(155)) - Scanned deleted blocks log and got 3 delTX to process.
2019-06-12 16:05:18,202 DEBUG block.SCMBlockDeletingService (SCMBlockDeletingService.java:call(171)) - Added delete block command for datanode ffc7b071-00b3-4a69-8de5-2639a1a8d8ac in the queue, number of delete block transactions: 3, TxID list: 1,2,3
2019-06-12 16:05:18,203 INFO  block.SCMBlockDeletingService (SCMBlockDeletingService.java:call(182)) - Totally added 3 delete blocks command for 1 datanodes, task elapsed time: 0ms
2019-06-12 16:05:18,303 DEBUG block.SCMBlockDeletingService (SCMBlockDeletingService.java:call(138)) - Running DeletedBlockTransactionScanner
2019-06-12 16:05:18,303 DEBUG block.SCMBlockDeletingService (SCMBlockDeletingService.java:call(155)) - Scanned deleted blocks log and got 3 delTX to process.
2019-06-12 16:05:18,303 DEBUG block.SCMBlockDeletingService (SCMBlockDeletingService.java:call(171)) - Added delete block command for datanode ffc7b071-00b3-4a69-8de5-2639a1a8d8ac in the queue, number of delete block transactions: 3, TxID list: 1,2,3
2019-06-12 16:05:18,304 INFO  block.SCMBlockDeletingService (SCMBlockDeletingService.java:call(182)) - Totally added 3 delete blocks command for 1 datanodes, task elapsed time: 0ms
2019-06-12 16:05:18,404 DEBUG block.SCMBlockDeletingService (SCMBlockDeletingService.java:call(138)) - Running DeletedBlockTransactionScanner
2019-06-12 16:05:18,404 DEBUG block.SCMBlockDeletingService (SCMBlockDeletingService.java:call(155)) - Scanned deleted blocks log and got 3 delTX to process.
2019-06-12 16:05:18,404 DEBUG block.SCMBlockDeletingService (SCMBlockDeletingService.java:call(171)) - Added delete block command for datanode ffc7b071-00b3-4a69-8de5-2639a1a8d8ac in the queue, number of delete block transactions: 3, TxID list: 1,2,3
2019-06-12 16:05:18,405 INFO  block.SCMBlockDeletingService (SCMBlockDeletingService.java:call(182)) - Totally added 3 delete blocks command for 1 datanodes, task elapsed time: 0ms
2019-06-12 16:05:18,505 DEBUG block.SCMBlockDeletingService (SCMBlockDeletingService.java:call(138)) - Running DeletedBlockTransactionScanner
2019-06-12 16:05:18,505 DEBUG block.SCMBlockDeletingService (SCMBlockDeletingService.java:call(155)) - Scanned deleted blocks log and got 3 delTX to process.
2019-06-12 16:05:18,505 DEBUG block.SCMBlockDeletingService (SCMBlockDeletingService.java:call(171)) - Added delete block command for datanode ffc7b071-00b3-4a69-8de5-2639a1a8d8ac in the queue, number of delete block transactions: 3, TxID list: 1,2,3
2019-06-12 16:05:18,506 INFO  block.SCMBlockDeletingService (SCMBlockDeletingService.java:call(182)) - Totally added 3 delete blocks command for 1 datanodes, task elapsed time: 0ms
2019-06-12 16:05:18,597 INFO  commands.RetriableDatanodeEventWatcher (RetriableDatanodeEventWatcher.java:onTimeout(47)) - RetriableDatanodeCommand type=deleteBlocksCommand with id=1560355517596 timed out. Retrying.
2019-06-12 16:05:18,606 DEBUG block.SCMBlockDeletingService (SCMBlockDeletingService.java:call(138)) - Running DeletedBlockTransactionScanner
2019-06-12 16:05:18,606 DEBUG block.SCMBlockDeletingService (SCMBlockDeletingService.java:call(155)) - Scanned deleted blocks log and got 3 delTX to process.
2019-06-12 16:05:18,606 DEBUG block.SCMBlockDeletingService (SCMBlockDeletingService.java:call(171)) - Added delete block command for datanode ffc7b071-00b3-4a69-8de5-2639a1a8d8ac in the queue, number of delete block transactions: 3, TxID list: 1,2,3
2019-06-12 16:05:18,606 INFO  block.SCMBlockDeletingService (SCMBlockDeletingService.java:call(182)) - Totally added 3 delete blocks command for 1 datanodes, task elapsed time: 0ms
2019-06-12 16:05:18,697 INFO  commands.RetriableDatanodeEventWatcher (RetriableDatanodeEventWatcher.java:onTimeout(47)) - RetriableDatanodeCommand type=deleteBlocksCommand with id=1560355517597 timed out. Retrying.
2019-06-12 16:05:18,707 DEBUG block.SCMBlockDeletingService (SCMBlockDeletingService.java:call(138)) - Running DeletedBlockTransactionScanner
2019-06-12 16:05:18,707 DEBUG block.SCMBlockDeletingService (SCMBlockDeletingService.java:call(155)) - Scanned deleted blocks log and got 3 delTX to process.
2019-06-12 16:05:18,707 DEBUG block.SCMBlockDeletingService (SCMBlockDeletingService.java:call(171)) - Added delete block command for datanode ffc7b071-00b3-4a69-8de5-2639a1a8d8ac in the queue, number of delete block transactions: 3, TxID list: 1,2,3
2019-06-12 16:05:18,707 INFO  block.SCMBlockDeletingService (SCMBlockDeletingService.java:call(182)) - Totally added 3 delete blocks command for 1 datanodes, task elapsed time: 1ms
2019-06-12 16:05:18,798 INFO  commands.RetriableDatanodeEventWatcher (RetriableDatanodeEventWatcher.java:onTimeout(47)) - RetriableDatanodeCommand type=deleteBlocksCommand with id=1560355517598 timed out. Retrying.
2019-06-12 16:05:18,808 DEBUG block.SCMBlockDeletingService (SCMBlockDeletingService.java:call(138)) - Running DeletedBlockTransactionScanner
2019-06-12 16:05:18,808 DEBUG block.SCMBlockDeletingService (SCMBlockDeletingService.java:call(155)) - Scanned deleted blocks log and got 3 delTX to process.
2019-06-12 16:05:18,808 DEBUG block.SCMBlockDeletingService (SCMBlockDeletingService.java:call(171)) - Added delete block command for datanode ffc7b071-00b3-4a69-8de5-2639a1a8d8ac in the queue, number of delete block transactions: 3, TxID list: 1,2,3
2019-06-12 16:05:18,808 INFO  block.SCMBlockDeletingService (SCMBlockDeletingService.java:call(182)) - Totally added 3 delete blocks command for 1 datanodes, task elapsed time: 1ms
2019-06-12 16:05:18,899 INFO  commands.RetriableDatanodeEventWatcher (RetriableDatanodeEventWatcher.java:onTimeout(47)) - RetriableDatanodeCommand type=deleteBlocksCommand with id=1560355517599 timed out. Retrying.
2019-06-12 16:05:18,909 DEBUG block.SCMBlockDeletingService (SCMBlockDeletingService.java:call(138)) - Running DeletedBlockTransactionScanner
2019-06-12 16:05:18,909 DEBUG block.SCMBlockDeletingService (SCMBlockDeletingService.java:call(155)) - Scanned deleted blocks log and got 3 delTX to process.
2019-06-12 16:05:18,909 DEBUG block.SCMBlockDeletingService (SCMBlockDeletingService.java:call(171)) - Added delete block command for datanode ffc7b071-00b3-4a69-8de5-2639a1a8d8ac in the queue, number of delete block transactions: 3, TxID list: 1,2,3
2019-06-12 16:05:18,909 INFO  block.SCMBlockDeletingService (SCMBlockDeletingService.java:call(182)) - Totally added 3 delete blocks command for 1 datanodes, task elapsed time: 1ms
2019-06-12 16:05:19,000 INFO  commands.RetriableDatanodeEventWatcher (RetriableDatanodeEventWatcher.java:onTimeout(47)) - RetriableDatanodeCommand type=deleteBlocksCommand with id=1560355517600 timed out. Retrying.
2019-06-12 16:05:19,015 DEBUG block.SCMBlockDeletingService (SCMBlockDeletingService.java:call(138)) - Running DeletedBlockTransactionScanner
2019-06-12 16:05:19,015 DEBUG block.SCMBlockDeletingService (SCMBlockDeletingService.java:call(155)) - Scanned deleted blocks log and got 3 delTX to process.
2019-06-12 16:05:19,015 DEBUG block.SCMBlockDeletingService (SCMBlockDeletingService.java:call(171)) - Added delete block command for datanode ffc7b071-00b3-4a69-8de5-2639a1a8d8ac in the queue, number of delete block transactions: 3, TxID list: 1,2,3
2019-06-12 16:05:19,016 INFO  block.SCMBlockDeletingService (SCMBlockDeletingService.java:call(182)) - Totally added 3 delete blocks command for 1 datanodes, task elapsed time: 2ms
2019-06-12 16:05:19,072 INFO  ozone.MiniOzoneClusterImpl (MiniOzoneClusterImpl.java:lambda$waitForClusterToBeReady$0(142)) - Waiting for cluster to be ready. Got 1 of 0 DN Heartbeats.
2019-06-12 16:05:19,102 INFO  commands.RetriableDatanodeEventWatcher (RetriableDatanodeEventWatcher.java:onTimeout(47)) - RetriableDatanodeCommand type=deleteBlocksCommand with id=1560355517601 timed out. Retrying.
2019-06-12 16:05:19,116 DEBUG block.SCMBlockDeletingService (SCMBlockDeletingService.java:call(138)) - Running DeletedBlockTransactionScanner
2019-06-12 16:05:19,116 DEBUG block.SCMBlockDeletingService (SCMBlockDeletingService.java:call(155)) - Scanned deleted blocks log and got 3 delTX to process.
2019-06-12 16:05:19,117 DEBUG block.SCMBlockDeletingService (SCMBlockDeletingService.java:call(171)) - Added delete block command for datanode ffc7b071-00b3-4a69-8de5-2639a1a8d8ac in the queue, number of delete block transactions: 3, TxID list: 1,2,3
2019-06-12 16:05:19,117 INFO  block.SCMBlockDeletingService (SCMBlockDeletingService.java:call(182)) - Totally added 3 delete blocks command for 1 datanodes, task elapsed time: 1ms
2019-06-12 16:05:19,203 INFO  commands.RetriableDatanodeEventWatcher (RetriableDatanodeEventWatcher.java:onTimeout(47)) - RetriableDatanodeCommand type=deleteBlocksCommand with id=1560355517602 timed out. Retrying.
2019-06-12 16:05:19,217 DEBUG block.SCMBlockDeletingService (SCMBlockDeletingService.java:call(138)) - Running DeletedBlockTransactionScanner
2019-06-12 16:05:19,217 DEBUG block.SCMBlockDeletingService (SCMBlockDeletingService.java:call(155)) - Scanned deleted blocks log and got 3 delTX to process.
2019-06-12 16:05:19,218 DEBUG block.SCMBlockDeletingService (SCMBlockDeletingService.java:call(171)) - Added delete block command for datanode ffc7b071-00b3-4a69-8de5-2639a1a8d8ac in the queue, number of delete block transactions: 3, TxID list: 1,2,3
2019-06-12 16:05:19,218 INFO  block.SCMBlockDeletingService (SCMBlockDeletingService.java:call(182)) - Totally added 3 delete blocks command for 1 datanodes, task elapsed time: 1ms
2019-06-12 16:05:19,304 INFO  commands.RetriableDatanodeEventWatcher (RetriableDatanodeEventWatcher.java:onTimeout(47)) - RetriableDatanodeCommand type=deleteBlocksCommand with id=1560355517603 timed out. Retrying.
2019-06-12 16:05:19,318 DEBUG block.SCMBlockDeletingService (SCMBlockDeletingService.java:call(138)) - Running DeletedBlockTransactionScanner
2019-06-12 16:05:19,318 DEBUG block.SCMBlockDeletingService (SCMBlockDeletingService.java:call(155)) - Scanned deleted blocks log and got 3 delTX to process.
2019-06-12 16:05:19,318 DEBUG block.SCMBlockDeletingService (SCMBlockDeletingService.java:call(171)) - Added delete block command for datanode ffc7b071-00b3-4a69-8de5-2639a1a8d8ac in the queue, number of delete block transactions: 3, TxID list: 1,2,3
2019-06-12 16:05:19,319 INFO  block.SCMBlockDeletingService (SCMBlockDeletingService.java:call(182)) - Totally added 3 delete blocks command for 1 datanodes, task elapsed time: 0ms
2019-06-12 16:05:19,405 INFO  commands.RetriableDatanodeEventWatcher (RetriableDatanodeEventWatcher.java:onTimeout(47)) - RetriableDatanodeCommand type=deleteBlocksCommand with id=1560355517604 timed out. Retrying.
2019-06-12 16:05:19,419 DEBUG block.SCMBlockDeletingService (SCMBlockDeletingService.java:call(138)) - Running DeletedBlockTransactionScanner
2019-06-12 16:05:19,419 DEBUG block.SCMBlockDeletingService (SCMBlockDeletingService.java:call(155)) - Scanned deleted blocks log and got 3 delTX to process.
2019-06-12 16:05:19,419 DEBUG block.SCMBlockDeletingService (SCMBlockDeletingService.java:call(171)) - Added delete block command for datanode ffc7b071-00b3-4a69-8de5-2639a1a8d8ac in the queue, number of delete block transactions: 3, TxID list: 1,2,3
2019-06-12 16:05:19,420 INFO  block.SCMBlockDeletingService (SCMBlockDeletingService.java:call(182)) - Totally added 3 delete blocks command for 1 datanodes, task elapsed time: 0ms
2019-06-12 16:05:19,506 INFO  commands.RetriableDatanodeEventWatcher (RetriableDatanodeEventWatcher.java:onTimeout(47)) - RetriableDatanodeCommand type=deleteBlocksCommand with id=1560355517605 timed out. Retrying.
2019-06-12 16:05:19,520 DEBUG block.SCMBlockDeletingService (SCMBlockDeletingService.java:call(138)) - Running DeletedBlockTransactionScanner
2019-06-12 16:05:19,520 DEBUG block.SCMBlockDeletingService (SCMBlockDeletingService.java:call(155)) - Scanned deleted blocks log and got 3 delTX to process.
2019-06-12 16:05:19,520 DEBUG block.SCMBlockDeletingService (SCMBlockDeletingService.java:call(171)) - Added delete block command for datanode ffc7b071-00b3-4a69-8de5-2639a1a8d8ac in the queue, number of delete block transactions: 3, TxID list: 1,2,3
2019-06-12 16:05:19,521 INFO  block.SCMBlockDeletingService (SCMBlockDeletingService.java:call(182)) - Totally added 3 delete blocks command for 1 datanodes, task elapsed time: 0ms
2019-06-12 16:05:19,598 INFO  commands.RetriableDatanodeEventWatcher (RetriableDatanodeEventWatcher.java:onTimeout(47)) - RetriableDatanodeCommand type=deleteBlocksCommand with id=1560355517596 timed out. Retrying.
2019-06-12 16:05:19,607 INFO  commands.RetriableDatanodeEventWatcher (RetriableDatanodeEventWatcher.java:onTimeout(47)) - RetriableDatanodeCommand type=deleteBlocksCommand with id=1560355517606 timed out. Retrying.
2019-06-12 16:05:19,621 DEBUG block.SCMBlockDeletingService (SCMBlockDeletingService.java:call(138)) - Running DeletedBlockTransactionScanner
2019-06-12 16:05:19,621 DEBUG block.SCMBlockDeletingService (SCMBlockDeletingService.java:call(155)) - Scanned deleted blocks log and got 3 delTX to process.
2019-06-12 16:05:19,621 DEBUG block.SCMBlockDeletingService (SCMBlockDeletingService.java:call(171)) - Added delete block command for datanode ffc7b071-00b3-4a69-8de5-2639a1a8d8ac in the queue, number of delete block transactions: 3, TxID list: 1,2,3
2019-06-12 16:05:19,621 INFO  block.SCMBlockDeletingService (SCMBlockDeletingService.java:call(182)) - Totally added 3 delete blocks command for 1 datanodes, task elapsed time: 0ms
2019-06-12 16:05:19,697 INFO  commands.RetriableDatanodeEventWatcher (RetriableDatanodeEventWatcher.java:onTimeout(47)) - RetriableDatanodeCommand type=deleteBlocksCommand with id=1560355517597 timed out. Retrying.
2019-06-12 16:05:19,708 INFO  commands.RetriableDatanodeEventWatcher (RetriableDatanodeEventWatcher.java:onTimeout(47)) - RetriableDatanodeCommand type=deleteBlocksCommand with id=1560355517607 timed out. Retrying.
2019-06-12 16:05:19,722 DEBUG block.SCMBlockDeletingService (SCMBlockDeletingService.java:call(138)) - Running DeletedBlockTransactionScanner
2019-06-12 16:05:19,722 DEBUG block.SCMBlockDeletingService (SCMBlockDeletingService.java:call(155)) - Scanned deleted blocks log and got 3 delTX to process.
2019-06-12 16:05:19,722 DEBUG block.SCMBlockDeletingService (SCMBlockDeletingService.java:call(171)) - Added delete block command for datanode ffc7b071-00b3-4a69-8de5-2639a1a8d8ac in the queue, number of delete block transactions: 3, TxID list: 1,2,3
2019-06-12 16:05:19,722 INFO  block.SCMBlockDeletingService (SCMBlockDeletingService.java:call(182)) - Totally added 3 delete blocks command for 1 datanodes, task elapsed time: 1ms
2019-06-12 16:05:19,798 INFO  commands.RetriableDatanodeEventWatcher (RetriableDatanodeEventWatcher.java:onTimeout(47)) - RetriableDatanodeCommand type=deleteBlocksCommand with id=1560355517598 timed out. Retrying.
2019-06-12 16:05:19,809 INFO  commands.RetriableDatanodeEventWatcher (RetriableDatanodeEventWatcher.java:onTimeout(47)) - RetriableDatanodeCommand type=deleteBlocksCommand with id=1560355517608 timed out. Retrying.
2019-06-12 16:05:19,823 DEBUG block.SCMBlockDeletingService (SCMBlockDeletingService.java:call(138)) - Running DeletedBlockTransactionScanner
2019-06-12 16:05:19,823 DEBUG block.SCMBlockDeletingService (SCMBlockDeletingService.java:call(155)) - Scanned deleted blocks log and got 3 delTX to process.
2019-06-12 16:05:19,823 DEBUG block.SCMBlockDeletingService (SCMBlockDeletingService.java:call(171)) - Added delete block command for datanode ffc7b071-00b3-4a69-8de5-2639a1a8d8ac in the queue, number of delete block transactions: 3, TxID list: 1,2,3
2019-06-12 16:05:19,823 INFO  block.SCMBlockDeletingService (SCMBlockDeletingService.java:call(182)) - Totally added 3 delete blocks command for 1 datanodes, task elapsed time: 1ms
2019-06-12 16:05:19,899 INFO  commands.RetriableDatanodeEventWatcher (RetriableDatanodeEventWatcher.java:onTimeout(47)) - RetriableDatanodeCommand type=deleteBlocksCommand with id=1560355517599 timed out. Retrying.
2019-06-12 16:05:19,910 INFO  commands.RetriableDatanodeEventWatcher (RetriableDatanodeEventWatcher.java:onTimeout(47)) - RetriableDatanodeCommand type=deleteBlocksCommand with id=1560355517609 timed out. Retrying.
2019-06-12 16:05:19,924 DEBUG block.SCMBlockDeletingService (SCMBlockDeletingService.java:call(138)) - Running DeletedBlockTransactionScanner
2019-06-12 16:05:19,924 DEBUG block.SCMBlockDeletingService (SCMBlockDeletingService.java:call(155)) - Scanned deleted blocks log and got 3 delTX to process.
2019-06-12 16:05:19,924 DEBUG block.SCMBlockDeletingService (SCMBlockDeletingService.java:call(171)) - Added delete block command for datanode ffc7b071-00b3-4a69-8de5-2639a1a8d8ac in the queue, number of delete block transactions: 3, TxID list: 1,2,3
2019-06-12 16:05:19,924 INFO  block.SCMBlockDeletingService (SCMBlockDeletingService.java:call(182)) - Totally added 3 delete blocks command for 1 datanodes, task elapsed time: 1ms
2019-06-12 16:05:20,000 INFO  commands.RetriableDatanodeEventWatcher (RetriableDatanodeEventWatcher.java:onTimeout(47)) - RetriableDatanodeCommand type=deleteBlocksCommand with id=1560355517600 timed out. Retrying.
2019-06-12 16:05:20,016 INFO  commands.RetriableDatanodeEventWatcher (RetriableDatanodeEventWatcher.java:onTimeout(47)) - RetriableDatanodeCommand type=deleteBlocksCommand with id=1560355517610 timed out. Retrying.
2019-06-12 16:05:20,024 DEBUG block.SCMBlockDeletingService (SCMBlockDeletingService.java:call(138)) - Running DeletedBlockTransactionScanner
2019-06-12 16:05:20,025 DEBUG block.SCMBlockDeletingService (SCMBlockDeletingService.java:call(155)) - Scanned deleted blocks log and got 3 delTX to process.
2019-06-12 16:05:20,025 DEBUG block.SCMBlockDeletingService (SCMBlockDeletingService.java:call(171)) - Added delete block command for datanode ffc7b071-00b3-4a69-8de5-2639a1a8d8ac in the queue, number of delete block transactions: 3, TxID list: 1,2,3
2019-06-12 16:05:20,025 INFO  block.SCMBlockDeletingService (SCMBlockDeletingService.java:call(182)) - Totally added 3 delete blocks command for 1 datanodes, task elapsed time: 1ms
2019-06-12 16:05:20,072 INFO  ozone.MiniOzoneClusterImpl (MiniOzoneClusterImpl.java:lambda$waitForClusterToBeReady$0(142)) - Waiting for cluster to be ready. Got 1 of 0 DN Heartbeats.
2019-06-12 16:05:20,102 INFO  commands.RetriableDatanodeEventWatcher (RetriableDatanodeEventWatcher.java:onTimeout(47)) - RetriableDatanodeCommand type=deleteBlocksCommand with id=1560355517601 timed out. Retrying.
2019-06-12 16:05:20,116 INFO  commands.RetriableDatanodeEventWatcher (RetriableDatanodeEventWatcher.java:onTimeout(47)) - RetriableDatanodeCommand type=deleteBlocksCommand with id=1560355517611 timed out. Retrying.
2019-06-12 16:05:20,125 DEBUG block.SCMBlockDeletingService (SCMBlockDeletingService.java:call(138)) - Running DeletedBlockTransactionScanner
2019-06-12 16:05:20,126 DEBUG block.SCMBlockDeletingService (SCMBlockDeletingService.java:call(155)) - Scanned deleted blocks log and got 3 delTX to process.
2019-06-12 16:05:20,126 DEBUG block.SCMBlockDeletingService (SCMBlockDeletingService.java:call(171)) - Added delete block command for datanode ffc7b071-00b3-4a69-8de5-2639a1a8d8ac in the queue, number of delete block transactions: 3, TxID list: 1,2,3
2019-06-12 16:05:20,126 INFO  block.SCMBlockDeletingService (SCMBlockDeletingService.java:call(182)) - Totally added 3 delete blocks command for 1 datanodes, task elapsed time: 1ms
2019-06-12 16:05:20,204 INFO  commands.RetriableDatanodeEventWatcher (RetriableDatanodeEventWatcher.java:onTimeout(47)) - RetriableDatanodeCommand type=deleteBlocksCommand with id=1560355517602 timed out. Retrying.
2019-06-12 16:05:20,217 INFO  commands.RetriableDatanodeEventWatcher (RetriableDatanodeEventWatcher.java:onTimeout(47)) - RetriableDatanodeCommand type=deleteBlocksCommand with id=1560355517612 timed out. Retrying.
2019-06-12 16:05:20,226 DEBUG block.SCMBlockDeletingService (SCMBlockDeletingService.java:call(138)) - Running DeletedBlockTransactionScanner
2019-06-12 16:05:20,226 DEBUG block.SCMBlockDeletingService (SCMBlockDeletingService.java:call(155)) - Scanned deleted blocks log and got 3 delTX to process.
2019-06-12 16:05:20,226 DEBUG block.SCMBlockDeletingService (SCMBlockDeletingService.java:call(171)) - Added delete block command for datanode ffc7b071-00b3-4a69-8de5-2639a1a8d8ac in the queue, number of delete block transactions: 3, TxID list: 1,2,3
2019-06-12 16:05:20,227 INFO  block.SCMBlockDeletingService (SCMBlockDeletingService.java:call(182)) - Totally added 3 delete blocks command for 1 datanodes, task elapsed time: 0ms
2019-06-12 16:05:20,305 INFO  commands.RetriableDatanodeEventWatcher (RetriableDatanodeEventWatcher.java:onTimeout(47)) - RetriableDatanodeCommand type=deleteBlocksCommand with id=1560355517603 timed out. Retrying.
2019-06-12 16:05:20,318 INFO  commands.RetriableDatanodeEventWatcher (RetriableDatanodeEventWatcher.java:onTimeout(47)) - RetriableDatanodeCommand type=deleteBlocksCommand with id=1560355517613 timed out. Retrying.
2019-06-12 16:05:20,327 DEBUG block.SCMBlockDeletingService (SCMBlockDeletingService.java:call(138)) - Running DeletedBlockTransactionScanner
2019-06-12 16:05:20,327 DEBUG block.SCMBlockDeletingService (SCMBlockDeletingService.java:call(155)) - Scanned deleted blocks log and got 3 delTX to process.
2019-06-12 16:05:20,327 DEBUG block.SCMBlockDeletingService (SCMBlockDeletingService.java:call(171)) - Added delete block command for datanode ffc7b071-00b3-4a69-8de5-2639a1a8d8ac in the queue, number of delete block transactions: 3, TxID list: 1,2,3
2019-06-12 16:05:20,328 INFO  block.SCMBlockDeletingService (SCMBlockDeletingService.java:call(182)) - Totally added 3 delete blocks command for 1 datanodes, task elapsed time: 0ms
2019-06-12 16:05:20,371 INFO  node.StaleNodeHandler (StaleNodeHandler.java:onMessage(58)) - Datanode ffc7b071-00b3-4a69-8de5-2639a1a8d8ac{ip: 192.168.134.73, host: ozone-bzwcn-1332811729, networkLocation: /default-rack, certSerialId: null} moved to stale state. Finalizing its pipelines [PipelineID=4417d833-4fb6-4fa2-9413-6911e2d50cc5]
2019-06-12 16:05:20,372 INFO  pipeline.SCMPipelineManager (SCMPipelineManager.java:finalizeAndDestroyPipeline(307)) - destroying pipeline:Pipeline[ Id: 4417d833-4fb6-4fa2-9413-6911e2d50cc5, Nodes: ffc7b071-00b3-4a69-8de5-2639a1a8d8ac{ip: 192.168.134.73, host: ozone-bzwcn-1332811729, networkLocation: /default-rack, certSerialId: null}, Type:RATIS, Factor:ONE, State:OPEN]
2019-06-12 16:05:20,372 INFO  pipeline.PipelineStateManager (PipelineStateManager.java:finalizePipeline(123)) - Pipeline Pipeline[ Id: 4417d833-4fb6-4fa2-9413-6911e2d50cc5, Nodes: ffc7b071-00b3-4a69-8de5-2639a1a8d8ac{ip: 192.168.134.73, host: ozone-bzwcn-1332811729, networkLocation: /default-rack, certSerialId: null}, Type:RATIS, Factor:ONE, State:CLOSED] moved to CLOSED state
2019-06-12 16:05:20,406 INFO  commands.RetriableDatanodeEventWatcher (RetriableDatanodeEventWatcher.java:onTimeout(47)) - RetriableDatanodeCommand type=deleteBlocksCommand with id=1560355517604 timed out. Retrying.
2019-06-12 16:05:20,419 INFO  commands.RetriableDatanodeEventWatcher (RetriableDatanodeEventWatcher.java:onTimeout(47)) - RetriableDatanodeCommand type=deleteBlocksCommand with id=1560355517614 timed out. Retrying.
2019-06-12 16:05:20,428 DEBUG block.SCMBlockDeletingService (SCMBlockDeletingService.java:call(138)) - Running DeletedBlockTransactionScanner
2019-06-12 16:05:20,428 DEBUG block.SCMBlockDeletingService (SCMBlockDeletingService.java:call(155)) - Scanned deleted blocks log and got 3 delTX to process.
2019-06-12 16:05:20,428 DEBUG block.SCMBlockDeletingService (SCMBlockDeletingService.java:call(171)) - Added delete block command for datanode ffc7b071-00b3-4a69-8de5-2639a1a8d8ac in the queue, number of delete block transactions: 3, TxID list: 1,2,3
2019-06-12 16:05:20,429 INFO  block.SCMBlockDeletingService (SCMBlockDeletingService.java:call(182)) - Totally added 3 delete blocks command for 1 datanodes, task elapsed time: 0ms
2019-06-12 16:05:20,506 INFO  commands.RetriableDatanodeEventWatcher (RetriableDatanodeEventWatcher.java:onTimeout(47)) - RetriableDatanodeCommand type=deleteBlocksCommand with id=1560355517605 timed out. Retrying.
2019-06-12 16:05:20,521 INFO  commands.RetriableDatanodeEventWatcher (RetriableDatanodeEventWatcher.java:onTimeout(47)) - RetriableDatanodeCommand type=deleteBlocksCommand with id=1560355517615 timed out. Retrying.
2019-06-12 16:05:20,529 DEBUG block.SCMBlockDeletingService (SCMBlockDeletingService.java:call(138)) - Running DeletedBlockTransactionScanner
2019-06-12 16:05:20,529 DEBUG block.SCMBlockDeletingService (SCMBlockDeletingService.java:call(155)) - Scanned deleted blocks log and got 3 delTX to process.
2019-06-12 16:05:20,529 DEBUG block.SCMBlockDeletingService (SCMBlockDeletingService.java:call(171)) - Added delete block command for datanode ffc7b071-00b3-4a69-8de5-2639a1a8d8ac in the queue, number of delete block transactions: 3, TxID list: 1,2,3
2019-06-12 16:05:20,530 INFO  block.SCMBlockDeletingService (SCMBlockDeletingService.java:call(182)) - Totally added 3 delete blocks command for 1 datanodes, task elapsed time: 0ms
2019-06-12 16:05:20,597 INFO  commands.RetriableDatanodeEventWatcher (RetriableDatanodeEventWatcher.java:onTimeout(47)) - RetriableDatanodeCommand type=deleteBlocksCommand with id=1560355517596 timed out. Retrying.
2019-06-12 16:05:20,608 INFO  commands.RetriableDatanodeEventWatcher (RetriableDatanodeEventWatcher.java:onTimeout(47)) - RetriableDatanodeCommand type=deleteBlocksCommand with id=1560355517606 timed out. Retrying.
2019-06-12 16:05:20,621 INFO  commands.RetriableDatanodeEventWatcher (RetriableDatanodeEventWatcher.java:onTimeout(47)) - RetriableDatanodeCommand type=deleteBlocksCommand with id=1560355517616 timed out. Retrying.
2019-06-12 16:05:20,630 DEBUG block.SCMBlockDeletingService (SCMBlockDeletingService.java:call(138)) - Running DeletedBlockTransactionScanner
2019-06-12 16:05:20,630 DEBUG block.SCMBlockDeletingService (SCMBlockDeletingService.java:call(155)) - Scanned deleted blocks log and got 3 delTX to process.
2019-06-12 16:05:20,630 DEBUG block.SCMBlockDeletingService (SCMBlockDeletingService.java:call(171)) - Added delete block command for datanode ffc7b071-00b3-4a69-8de5-2639a1a8d8ac in the queue, number of delete block transactions: 3, TxID list: 1,2,3
2019-06-12 16:05:20,630 INFO  block.SCMBlockDeletingService (SCMBlockDeletingService.java:call(182)) - Totally added 3 delete blocks command for 1 datanodes, task elapsed time: 1ms
2019-06-12 16:05:20,697 INFO  commands.RetriableDatanodeEventWatcher (RetriableDatanodeEventWatcher.java:onTimeout(47)) - RetriableDatanodeCommand type=deleteBlocksCommand with id=1560355517597 timed out. Retrying.
2019-06-12 16:05:20,709 INFO  commands.RetriableDatanodeEventWatcher (RetriableDatanodeEventWatcher.java:onTimeout(47)) - RetriableDatanodeCommand type=deleteBlocksCommand with id=1560355517607 timed out. Retrying.
2019-06-12 16:05:20,722 INFO  commands.RetriableDatanodeEventWatcher (RetriableDatanodeEventWatcher.java:onTimeout(47)) - RetriableDatanodeCommand type=deleteBlocksCommand with id=1560355517617 timed out. Retrying.
2019-06-12 16:05:20,730 DEBUG block.SCMBlockDeletingService (SCMBlockDeletingService.java:call(138)) - Running DeletedBlockTransactionScanner
2019-06-12 16:05:20,731 DEBUG block.SCMBlockDeletingService (SCMBlockDeletingService.java:call(155)) - Scanned deleted blocks log and got 3 delTX to process.
2019-06-12 16:05:20,731 DEBUG block.SCMBlockDeletingService (SCMBlockDeletingService.java:call(171)) - Added delete block command for datanode ffc7b071-00b3-4a69-8de5-2639a1a8d8ac in the queue, number of delete block transactions: 3, TxID list: 1,2,3
2019-06-12 16:05:20,731 INFO  block.SCMBlockDeletingService (SCMBlockDeletingService.java:call(182)) - Totally added 3 delete blocks command for 1 datanodes, task elapsed time: 1ms
2019-06-12 16:05:20,798 INFO  commands.RetriableDatanodeEventWatcher (RetriableDatanodeEventWatcher.java:onTimeout(47)) - RetriableDatanodeCommand type=deleteBlocksCommand with id=1560355517598 timed out. Retrying.
2019-06-12 16:05:20,809 INFO  commands.RetriableDatanodeEventWatcher (RetriableDatanodeEventWatcher.java:onTimeout(47)) - RetriableDatanodeCommand type=deleteBlocksCommand with id=1560355517608 timed out. Retrying.
2019-06-12 16:05:20,824 INFO  commands.RetriableDatanodeEventWatcher (RetriableDatanodeEventWatcher.java:onTimeout(47)) - RetriableDatanodeCommand type=deleteBlocksCommand with id=1560355517618 timed out. Retrying.
2019-06-12 16:05:20,831 DEBUG block.SCMBlockDeletingService (SCMBlockDeletingService.java:call(138)) - Running DeletedBlockTransactionScanner
2019-06-12 16:05:20,832 DEBUG block.SCMBlockDeletingService (SCMBlockDeletingService.java:call(155)) - Scanned deleted blocks log and got 3 delTX to process.
2019-06-12 16:05:20,832 DEBUG block.SCMBlockDeletingService (SCMBlockDeletingService.java:call(171)) - Added delete block command for datanode ffc7b071-00b3-4a69-8de5-2639a1a8d8ac in the queue, number of delete block transactions: 3, TxID list: 1,2,3
2019-06-12 16:05:20,832 INFO  block.SCMBlockDeletingService (SCMBlockDeletingService.java:call(182)) - Totally added 3 delete blocks command for 1 datanodes, task elapsed time: 1ms
2019-06-12 16:05:20,900 INFO  commands.RetriableDatanodeEventWatcher (RetriableDatanodeEventWatcher.java:onTimeout(47)) - RetriableDatanodeCommand type=deleteBlocksCommand with id=1560355517599 timed out. Retrying.
2019-06-12 16:05:20,910 INFO  commands.RetriableDatanodeEventWatcher (RetriableDatanodeEventWatcher.java:onTimeout(47)) - RetriableDatanodeCommand type=deleteBlocksCommand with id=1560355517609 timed out. Retrying.
2019-06-12 16:05:20,924 INFO  commands.RetriableDatanodeEventWatcher (RetriableDatanodeEventWatcher.java:onTimeout(47)) - RetriableDatanodeCommand type=deleteBlocksCommand with id=1560355517619 timed out. Retrying.
2019-06-12 16:05:20,932 DEBUG block.SCMBlockDeletingService (SCMBlockDeletingService.java:call(138)) - Running DeletedBlockTransactionScanner
2019-06-12 16:05:20,932 DEBUG block.SCMBlockDeletingService (SCMBlockDeletingService.java:call(155)) - Scanned deleted blocks log and got 3 delTX to process.
2019-06-12 16:05:20,933 DEBUG block.SCMBlockDeletingService (SCMBlockDeletingService.java:call(171)) - Added delete block command for datanode ffc7b071-00b3-4a69-8de5-2639a1a8d8ac in the queue, number of delete block transactions: 3, TxID list: 1,2,3
2019-06-12 16:05:20,933 INFO  block.SCMBlockDeletingService (SCMBlockDeletingService.java:call(182)) - Totally added 3 delete blocks command for 1 datanodes, task elapsed time: 0ms
2019-06-12 16:05:21,001 INFO  commands.RetriableDatanodeEventWatcher (RetriableDatanodeEventWatcher.java:onTimeout(47)) - RetriableDatanodeCommand type=deleteBlocksCommand with id=1560355517600 timed out. Retrying.
2019-06-12 16:05:21,015 INFO  commands.RetriableDatanodeEventWatcher (RetriableDatanodeEventWatcher.java:onTimeout(47)) - RetriableDatanodeCommand type=deleteBlocksCommand with id=1560355517610 timed out. Retrying.
2019-06-12 16:05:21,025 INFO  commands.RetriableDatanodeEventWatcher (RetriableDatanodeEventWatcher.java:onTimeout(47)) - RetriableDatanodeCommand type=deleteBlocksCommand with id=1560355517620 timed out. Retrying.
2019-06-12 16:05:21,033 DEBUG block.SCMBlockDeletingService (SCMBlockDeletingService.java:call(138)) - Running DeletedBlockTransactionScanner
2019-06-12 16:05:21,033 DEBUG block.SCMBlockDeletingService (SCMBlockDeletingService.java:call(155)) - Scanned deleted blocks log and got 3 delTX to process.
2019-06-12 16:05:21,033 DEBUG block.SCMBlockDeletingService (SCMBlockDeletingService.java:call(171)) - Added delete block command for datanode ffc7b071-00b3-4a69-8de5-2639a1a8d8ac in the queue, number of delete block transactions: 3, TxID list: 1,2,3
2019-06-12 16:05:21,034 INFO  block.SCMBlockDeletingService (SCMBlockDeletingService.java:call(182)) - Totally added 3 delete blocks command for 1 datanodes, task elapsed time: 0ms
2019-06-12 16:05:21,072 INFO  ozone.MiniOzoneClusterImpl (MiniOzoneClusterImpl.java:lambda$waitForClusterToBeReady$0(142)) - Cluster is ready. Got 0 of 0 DN Heartbeats.
2019-06-12 16:05:21,074 INFO  impl.MetricsSystemImpl (MetricsSystemImpl.java:init(158)) - HddsDatanode metrics system started (again)
2019-06-12 16:05:21,097 INFO  ozone.HddsDatanodeService (HddsDatanodeService.java:start(185)) - HddsDatanodeService host:ozone-bzwcn-1332811729 ip:192.168.134.73
2019-06-12 16:05:21,099 INFO  volume.VolumeUsage (VolumeUsage.java:loadScmUsed(144)) - Cached ScmUsed found for /opt/src/hadoop-ozone/integration-test/target/test-dir/MiniOzoneClusterImpl-a1c7246e-c692-4524-ad55-32b507b20431/datanode-0/data/containers : 4096 
2019-06-12 16:05:21,100 INFO  volume.HddsVolume (HddsVolume.java:<init>(176)) - Creating Volume: /opt/src/hadoop-ozone/integration-test/target/test-dir/MiniOzoneClusterImpl-a1c7246e-c692-4524-ad55-32b507b20431/datanode-0/data/containers/hdds of  storage type : DISK and capacity : 104021790720
2019-06-12 16:05:21,100 INFO  volume.VolumeSet (VolumeSet.java:initializeVolumeSet(170)) - Added Volume : /opt/src/hadoop-ozone/integration-test/target/test-dir/MiniOzoneClusterImpl-a1c7246e-c692-4524-ad55-32b507b20431/datanode-0/data/containers/hdds to VolumeSet
2019-06-12 16:05:21,100 INFO  volume.ThrottledAsyncChecker (ThrottledAsyncChecker.java:schedule(140)) - Scheduling a check for org.apache.hadoop.ozone.container.common.volume.HddsVolume@6a3fbcb1
2019-06-12 16:05:21,101 INFO  volume.HddsVolumeChecker (HddsVolumeChecker.java:checkAllVolumes(203)) - Scheduled health check for volume org.apache.hadoop.ozone.container.common.volume.HddsVolume@6a3fbcb1
2019-06-12 16:05:21,102 INFO  commands.RetriableDatanodeEventWatcher (RetriableDatanodeEventWatcher.java:onTimeout(47)) - RetriableDatanodeCommand type=deleteBlocksCommand with id=1560355517601 timed out. Retrying.
2019-06-12 16:05:21,117 INFO  commands.RetriableDatanodeEventWatcher (RetriableDatanodeEventWatcher.java:onTimeout(47)) - RetriableDatanodeCommand type=deleteBlocksCommand with id=1560355517611 timed out. Retrying.
2019-06-12 16:05:21,125 INFO  commands.RetriableDatanodeEventWatcher (RetriableDatanodeEventWatcher.java:onTimeout(47)) - RetriableDatanodeCommand type=deleteBlocksCommand with id=1560355517621 timed out. Retrying.
2019-06-12 16:05:21,134 DEBUG block.SCMBlockDeletingService (SCMBlockDeletingService.java:call(138)) - Running DeletedBlockTransactionScanner
2019-06-12 16:05:21,134 DEBUG block.SCMBlockDeletingService (SCMBlockDeletingService.java:call(155)) - Scanned deleted blocks log and got 3 delTX to process.
2019-06-12 16:05:21,134 DEBUG block.SCMBlockDeletingService (SCMBlockDeletingService.java:call(171)) - Added delete block command for datanode ffc7b071-00b3-4a69-8de5-2639a1a8d8ac in the queue, number of delete block transactions: 3, TxID list: 1,2,3
2019-06-12 16:05:21,135 INFO  block.SCMBlockDeletingService (SCMBlockDeletingService.java:call(182)) - Totally added 3 delete blocks command for 1 datanodes, task elapsed time: 1ms
2019-06-12 16:05:21,160 INFO  impl.RaftServerProxy (ConfUtils.java:logGet(43)) - raft.rpc.type = GRPC (default)
2019-06-12 16:05:21,161 INFO  grpc.GrpcConfigKeys$Server (ConfUtils.java:logGet(43)) - raft.grpc.server.port = 33311 (custom)
2019-06-12 16:05:21,161 INFO  server.GrpcService (ConfUtils.java:logGet(43)) - raft.grpc.message.size.max = 33570816 (custom)
2019-06-12 16:05:21,161 INFO  server.RaftServerConfigKeys (ConfUtils.java:logGet(43)) - raft.server.log.appender.buffer.byte-limit = 33554432 (custom)
2019-06-12 16:05:21,161 INFO  server.GrpcService (ConfUtils.java:logGet(43)) - raft.grpc.flow.control.window = 1MB (=1048576) (default)
2019-06-12 16:05:21,161 INFO  server.RaftServerConfigKeys (ConfUtils.java:logGet(43)) - raft.server.rpc.request.timeout = 3000ms (default)
2019-06-12 16:05:21,162 INFO  server.RaftServerConfigKeys (ConfUtils.java:logGet(43)) - raft.server.storage.dir = [/opt/src/hadoop-ozone/integration-test/target/test-dir/MiniOzoneClusterImpl-a1c7246e-c692-4524-ad55-32b507b20431/datanode-0/data/ratis] (custom)
2019-06-12 16:05:21,162 INFO  impl.RaftServerProxy (RaftServerProxy.java:lambda$null$0(191)) - ffc7b071-00b3-4a69-8de5-2639a1a8d8ac: found a subdirectory /opt/src/hadoop-ozone/integration-test/target/test-dir/MiniOzoneClusterImpl-a1c7246e-c692-4524-ad55-32b507b20431/datanode-0/data/ratis/4417d833-4fb6-4fa2-9413-6911e2d50cc5
2019-06-12 16:05:21,166 INFO  impl.RaftServerProxy (RaftServerProxy.java:addNew(89)) - ffc7b071-00b3-4a69-8de5-2639a1a8d8ac: addNew group-6911E2D50CC5:[] returns group-6911E2D50CC5:java.util.concurrent.CompletableFuture@5e50df2e[Not completed]
2019-06-12 16:05:21,167 INFO  replication.SimpleContainerDownloader (SimpleContainerDownloader.java:<init>(72)) - Starting container downloader service to copy containers to replicate.
2019-06-12 16:05:21,167 INFO  impl.RaftServerImpl (RaftServerImpl.java:<init>(91)) - ffc7b071-00b3-4a69-8de5-2639a1a8d8ac: new RaftServerImpl for group-6911E2D50CC5:[] with ContainerStateMachine:uninitialized
2019-06-12 16:05:21,168 INFO  server.RaftServerConfigKeys (ConfUtils.java:logGet(43)) - raft.server.rpc.timeout.min = 1s (custom)
2019-06-12 16:05:21,168 INFO  server.RaftServerConfigKeys (ConfUtils.java:logGet(43)) - raft.server.rpc.timeout.max = 1200ms (custom)
2019-06-12 16:05:21,168 INFO  server.RaftServerConfigKeys (ConfUtils.java:logGet(43)) - raft.server.rpcslowness.timeout = 120s (custom)
2019-06-12 16:05:21,168 INFO  server.RaftServerConfigKeys (ConfUtils.java:logGet(43)) - raft.server.log.appender.install.snapshot.enabled = true (default)
2019-06-12 16:05:21,168 INFO  impl.RaftServerImpl (ServerState.java:<init>(101)) - ffc7b071-00b3-4a69-8de5-2639a1a8d8ac:group-6911E2D50CC5 ConfigurationManager, init=-1: [], old=null, confs=<EMPTY_MAP>
2019-06-12 16:05:21,169 INFO  server.RaftServerConfigKeys (ConfUtils.java:logGet(43)) - raft.server.storage.dir = [/opt/src/hadoop-ozone/integration-test/target/test-dir/MiniOzoneClusterImpl-a1c7246e-c692-4524-ad55-32b507b20431/datanode-0/data/ratis] (custom)
2019-06-12 16:05:21,169 INFO  hdfs.DFSUtil (DFSUtil.java:httpServerTemplateForNNAndJN(1641)) - Starting Web-server for hddsDatanode at: http://0.0.0.0:33101
2019-06-12 16:05:21,170 INFO  server.AuthenticationFilter (AuthenticationFilter.java:constructSecretProvider(240)) - Unable to initialize FileSignerSecretProvider, falling back to use random secrets.
2019-06-12 16:05:21,171 WARN  http.HttpRequestLog (HttpRequestLog.java:getRequestLog(97)) - Jetty request log can only be enabled using Log4j
2019-06-12 16:05:21,172 INFO  http.HttpServer2 (HttpServer2.java:addGlobalFilter(975)) - Added global filter 'safety' (class=org.apache.hadoop.http.HttpServer2$QuotingInputFilter)
2019-06-12 16:05:21,172 INFO  http.HttpServer2 (HttpServer2.java:addFilter(948)) - Added filter static_user_filter (class=org.apache.hadoop.http.lib.StaticUserWebFilter$StaticUserFilter) to context hddsDatanode
2019-06-12 16:05:21,172 INFO  http.HttpServer2 (HttpServer2.java:addFilter(958)) - Added filter static_user_filter (class=org.apache.hadoop.http.lib.StaticUserWebFilter$StaticUserFilter) to context static
2019-06-12 16:05:21,172 INFO  http.HttpServer2 (HttpServer2.java:addFilter(958)) - Added filter static_user_filter (class=org.apache.hadoop.http.lib.StaticUserWebFilter$StaticUserFilter) to context logs
2019-06-12 16:05:21,173 INFO  http.HttpServer2 (HttpServer2.java:bindListener(1191)) - Jetty bound to port 33101
2019-06-12 16:05:21,173 INFO  server.Server (Server.java:doStart(351)) - jetty-9.3.24.v20180605, build timestamp: 2018-06-05T17:11:56Z, git hash: 84205aa28f11a4f31f2a3b86d1bba2cc8ab69827
2019-06-12 16:05:21,174 INFO  handler.ContextHandler (ContextHandler.java:doStart(781)) - Started o.e.j.s.ServletContextHandler@29f3c438{/logs,file:///opt/src/hadoop-ozone/integration-test/target/log,AVAILABLE}
2019-06-12 16:05:21,175 INFO  handler.ContextHandler (ContextHandler.java:doStart(781)) - Started o.e.j.s.ServletContextHandler@5dbbb292{/static,jar:file:/root/.m2/repository/org/apache/hadoop/hadoop-hdds-container-service/0.5.0-SNAPSHOT/hadoop-hdds-container-service-0.5.0-SNAPSHOT.jar!/webapps/static,AVAILABLE}
2019-06-12 16:05:21,198 INFO  handler.ContextHandler (ContextHandler.java:doStart(781)) - Started o.e.j.w.WebAppContext@31834a2b{/,file:///tmp/jetty-0.0.0.0-33101-hddsDatanode-_-any-2552191624024841238.dir/webapp/,AVAILABLE}{/hddsDatanode}
2019-06-12 16:05:21,198 INFO  server.AbstractConnector (AbstractConnector.java:doStart(278)) - Started ServerConnector@76577b1a{HTTP/1.1,[http/1.1]}{0.0.0.0:33101}
2019-06-12 16:05:21,198 INFO  server.Server (Server.java:doStart(419)) - Started @50378ms
2019-06-12 16:05:21,199 INFO  server.BaseHttpServer (BaseHttpServer.java:updateConnectorAddress(207)) - HTTP server of HDDSDATANODE is listening at http://0.0.0.0:33101
2019-06-12 16:05:21,204 INFO  storage.RaftStorageDirectory (RaftStorageDirectory.java:tryLock(328)) - Lock on /opt/src/hadoop-ozone/integration-test/target/test-dir/MiniOzoneClusterImpl-a1c7246e-c692-4524-ad55-32b507b20431/datanode-0/data/ratis/4417d833-4fb6-4fa2-9413-6911e2d50cc5/in_use.lock acquired by nodename 10155@ozone-bzwcn-1332811729
2019-06-12 16:05:21,206 INFO  commands.RetriableDatanodeEventWatcher (RetriableDatanodeEventWatcher.java:onTimeout(47)) - RetriableDatanodeCommand type=deleteBlocksCommand with id=1560355517602 timed out. Retrying.
2019-06-12 16:05:21,207 INFO  ratis.ContainerStateMachine (ContainerStateMachine.java:loadSnapshot(209)) - Setting the last applied index to (t:1, i:7337)
2019-06-12 16:05:21,210 INFO  impl.RaftServerImpl (ServerState.java:setRaftConf(361)) - ffc7b071-00b3-4a69-8de5-2639a1a8d8ac:group-6911E2D50CC5 set configuration 0: [ffc7b071-00b3-4a69-8de5-2639a1a8d8ac:192.168.134.73:33311], old=null at 0
2019-06-12 16:05:21,211 INFO  server.RaftServerConfigKeys (ConfUtils.java:logGet(43)) - raft.server.leader.election.timeout = 120s (custom)
2019-06-12 16:05:21,211 INFO  server.RaftServerConfigKeys (ConfUtils.java:logGet(43)) - raft.server.log.use.memory = false (default)
2019-06-12 16:05:21,211 INFO  server.RaftServerConfigKeys (ConfUtils.java:logGet(43)) - raft.server.log.appender.buffer.byte-limit = 33554432 (custom)
2019-06-12 16:05:21,211 INFO  server.RaftServerConfigKeys (ConfUtils.java:logGet(43)) - raft.server.log.segment.size.max = 16384 (custom)
2019-06-12 16:05:21,211 INFO  server.RaftServerConfigKeys (ConfUtils.java:logGet(43)) - raft.server.log.segment.cache.num.max = 2 (custom)
2019-06-12 16:05:21,211 INFO  storage.RaftLogWorker (RaftLogWorker.java:<init>(123)) - new ffc7b071-00b3-4a69-8de5-2639a1a8d8ac-RaftLogWorker for Storage Directory /opt/src/hadoop-ozone/integration-test/target/test-dir/MiniOzoneClusterImpl-a1c7246e-c692-4524-ad55-32b507b20431/datanode-0/data/ratis/4417d833-4fb6-4fa2-9413-6911e2d50cc5
2019-06-12 16:05:21,211 INFO  server.RaftServerConfigKeys (ConfUtils.java:logGet(43)) - raft.server.log.queue.byte-limit = 2147483647 (custom)
2019-06-12 16:05:21,212 INFO  server.RaftServerConfigKeys (ConfUtils.java:logGet(43)) - raft.server.log.queue.element-limit = 1024 (custom)
2019-06-12 16:05:21,212 INFO  server.RaftServerConfigKeys (ConfUtils.java:logGet(43)) - raft.server.log.segment.size.max = 16384 (custom)
2019-06-12 16:05:21,212 INFO  server.RaftServerConfigKeys (ConfUtils.java:logGet(43)) - raft.server.log.preallocated.size = 16384 (custom)
2019-06-12 16:05:21,212 INFO  server.RaftServerConfigKeys (ConfUtils.java:logGet(43)) - raft.server.log.write.buffer.size = 33554432 (custom)
2019-06-12 16:05:21,212 INFO  server.RaftServerConfigKeys (ConfUtils.java:logGet(43)) - raft.server.log.force.sync.num = 128 (default)
2019-06-12 16:05:21,212 INFO  server.RaftServerConfigKeys (ConfUtils.java:logGet(43)) - raft.server.log.statemachine.data.sync = true (default)
2019-06-12 16:05:21,213 INFO  server.RaftServerConfigKeys (ConfUtils.java:logGet(43)) - raft.server.log.statemachine.data.sync.timeout = 10s (default)
2019-06-12 16:05:21,213 INFO  server.RaftServerConfigKeys (ConfUtils.java:logGet(43)) - raft.server.log.statemachine.data.sync.timeout.retry = -1 (default)
2019-06-12 16:05:21,213 INFO  server.RaftServerConfigKeys (ConfUtils.java:logGet(43)) - raft.server.log.statemachine.data.caching.enabled = true (custom)
2019-06-12 16:05:21,218 INFO  commands.RetriableDatanodeEventWatcher (RetriableDatanodeEventWatcher.java:onTimeout(47)) - RetriableDatanodeCommand type=deleteBlocksCommand with id=1560355517612 timed out. Retrying.
2019-06-12 16:05:21,220 INFO  storage.LogSegment (LogSegment.java:loadSegment(143)) - Successfully read 59 entries from segment file /opt/src/hadoop-ozone/integration-test/target/test-dir/MiniOzoneClusterImpl-a1c7246e-c692-4524-ad55-32b507b20431/datanode-0/data/ratis/4417d833-4fb6-4fa2-9413-6911e2d50cc5/current/log_inprogress_7280
2019-06-12 16:05:21,226 INFO  commands.RetriableDatanodeEventWatcher (RetriableDatanodeEventWatcher.java:onTimeout(47)) - RetriableDatanodeCommand type=deleteBlocksCommand with id=1560355517622 timed out. Retrying.
2019-06-12 16:05:21,235 DEBUG block.SCMBlockDeletingService (SCMBlockDeletingService.java:call(138)) - Running DeletedBlockTransactionScanner
2019-06-12 16:05:21,235 DEBUG block.SCMBlockDeletingService (SCMBlockDeletingService.java:call(155)) - Scanned deleted blocks log and got 3 delTX to process.
2019-06-12 16:05:21,235 DEBUG block.SCMBlockDeletingService (SCMBlockDeletingService.java:call(171)) - Added delete block command for datanode ffc7b071-00b3-4a69-8de5-2639a1a8d8ac in the queue, number of delete block transactions: 3, TxID list: 1,2,3
2019-06-12 16:05:21,236 INFO  block.SCMBlockDeletingService (SCMBlockDeletingService.java:call(182)) - Totally added 3 delete blocks command for 1 datanodes, task elapsed time: 0ms
2019-06-12 16:05:21,269 INFO  storage.RaftLog (RaftLog.java:lambda$new$0(59)) - ffc7b071-00b3-4a69-8de5-2639a1a8d8ac: commitIndex: updateToMax old=7337, new=7337, updated? false
2019-06-12 16:05:21,270 INFO  server.RaftServerConfigKeys (ConfUtils.java:logGet(43)) - raft.server.snapshot.auto.trigger.enabled = true (custom)
2019-06-12 16:05:21,270 INFO  server.RaftServerConfigKeys (ConfUtils.java:logGet(43)) - raft.server.snapshot.auto.trigger.threshold = 10000 (custom)
2019-06-12 16:05:21,270 INFO  server.RaftServerConfigKeys (ConfUtils.java:logGet(43)) - raft.server.retrycache.expirytime = 600000ms (custom)
2019-06-12 16:05:21,306 INFO  commands.RetriableDatanodeEventWatcher (RetriableDatanodeEventWatcher.java:onTimeout(47)) - RetriableDatanodeCommand type=deleteBlocksCommand with id=1560355517603 timed out. Retrying.
2019-06-12 16:05:21,318 INFO  commands.RetriableDatanodeEventWatcher (RetriableDatanodeEventWatcher.java:onTimeout(47)) - RetriableDatanodeCommand type=deleteBlocksCommand with id=1560355517613 timed out. Retrying.
2019-06-12 16:05:21,327 INFO  commands.RetriableDatanodeEventWatcher (RetriableDatanodeEventWatcher.java:onTimeout(47)) - RetriableDatanodeCommand type=deleteBlocksCommand with id=1560355517623 timed out. Retrying.
2019-06-12 16:05:21,336 DEBUG block.SCMBlockDeletingService (SCMBlockDeletingService.java:call(138)) - Running DeletedBlockTransactionScanner
2019-06-12 16:05:21,336 DEBUG block.SCMBlockDeletingService (SCMBlockDeletingService.java:call(155)) - Scanned deleted blocks log and got 3 delTX to process.
2019-06-12 16:05:21,336 DEBUG block.SCMBlockDeletingService (SCMBlockDeletingService.java:call(171)) - Added delete block command for datanode ffc7b071-00b3-4a69-8de5-2639a1a8d8ac in the queue, number of delete block transactions: 3, TxID list: 1,2,3
2019-06-12 16:05:21,337 INFO  block.SCMBlockDeletingService (SCMBlockDeletingService.java:call(182)) - Totally added 3 delete blocks command for 1 datanodes, task elapsed time: 0ms
2019-06-12 16:05:21,341 INFO  ozone.HddsDatanodeService (HddsDatanodeService.java:startPlugins(396)) - Started plug-in org.apache.hadoop.ozone.web.OzoneHddsDatanodeService@349c4d1c
2019-06-12 16:05:21,342 INFO  ozone.MiniOzoneClusterImpl (MiniOzoneClusterImpl.java:lambda$waitForClusterToBeReady$0(142)) - Waiting for cluster to be ready. Got 0 of 1 DN Heartbeats.
2019-06-12 16:05:21,342 INFO  util.JvmPauseMonitor (JvmPauseMonitor.java:run(188)) - Starting JVM pause monitor
2019-06-12 16:05:21,405 INFO  commands.RetriableDatanodeEventWatcher (RetriableDatanodeEventWatcher.java:onTimeout(47)) - RetriableDatanodeCommand type=deleteBlocksCommand with id=1560355517604 timed out. Retrying.
2019-06-12 16:05:21,419 INFO  commands.RetriableDatanodeEventWatcher (RetriableDatanodeEventWatcher.java:onTimeout(47)) - RetriableDatanodeCommand type=deleteBlocksCommand with id=1560355517614 timed out. Retrying.
2019-06-12 16:05:21,429 INFO  commands.RetriableDatanodeEventWatcher (RetriableDatanodeEventWatcher.java:onTimeout(47)) - RetriableDatanodeCommand type=deleteBlocksCommand with id=1560355517624 timed out. Retrying.
2019-06-12 16:05:21,437 DEBUG block.SCMBlockDeletingService (SCMBlockDeletingService.java:call(138)) - Running DeletedBlockTransactionScanner
2019-06-12 16:05:21,437 DEBUG block.SCMBlockDeletingService (SCMBlockDeletingService.java:call(155)) - Scanned deleted blocks log and got 3 delTX to process.
2019-06-12 16:05:21,438 DEBUG block.SCMBlockDeletingService (SCMBlockDeletingService.java:call(171)) - Added delete block command for datanode ffc7b071-00b3-4a69-8de5-2639a1a8d8ac in the queue, number of delete block transactions: 3, TxID list: 1,2,3
2019-06-12 16:05:21,438 INFO  block.SCMBlockDeletingService (SCMBlockDeletingService.java:call(182)) - Totally added 3 delete blocks command for 1 datanodes, task elapsed time: 1ms
2019-06-12 16:05:21,507 INFO  commands.RetriableDatanodeEventWatcher (RetriableDatanodeEventWatcher.java:onTimeout(47)) - RetriableDatanodeCommand type=deleteBlocksCommand with id=1560355517605 timed out. Retrying.
2019-06-12 16:05:21,521 INFO  commands.RetriableDatanodeEventWatcher (RetriableDatanodeEventWatcher.java:onTimeout(47)) - RetriableDatanodeCommand type=deleteBlocksCommand with id=1560355517615 timed out. Retrying.
2019-06-12 16:05:21,529 INFO  commands.RetriableDatanodeEventWatcher (RetriableDatanodeEventWatcher.java:onTimeout(47)) - RetriableDatanodeCommand type=deleteBlocksCommand with id=1560355517625 timed out. Retrying.
2019-06-12 16:05:21,538 DEBUG block.SCMBlockDeletingService (SCMBlockDeletingService.java:call(138)) - Running DeletedBlockTransactionScanner
2019-06-12 16:05:21,538 DEBUG block.SCMBlockDeletingService (SCMBlockDeletingService.java:call(155)) - Scanned deleted blocks log and got 3 delTX to process.
2019-06-12 16:05:21,538 DEBUG block.SCMBlockDeletingService (SCMBlockDeletingService.java:call(171)) - Added delete block command for datanode ffc7b071-00b3-4a69-8de5-2639a1a8d8ac in the queue, number of delete block transactions: 3, TxID list: 1,2,3
2019-06-12 16:05:21,539 INFO  block.SCMBlockDeletingService (SCMBlockDeletingService.java:call(182)) - Totally added 3 delete blocks command for 1 datanodes, task elapsed time: 0ms
2019-06-12 16:05:21,598 INFO  commands.RetriableDatanodeEventWatcher (RetriableDatanodeEventWatcher.java:onTimeout(47)) - RetriableDatanodeCommand type=deleteBlocksCommand with id=1560355517596 timed out. Retrying.
2019-06-12 16:05:21,609 INFO  commands.RetriableDatanodeEventWatcher (RetriableDatanodeEventWatcher.java:onTimeout(47)) - RetriableDatanodeCommand type=deleteBlocksCommand with id=1560355517606 timed out. Retrying.
2019-06-12 16:05:21,621 INFO  commands.RetriableDatanodeEventWatcher (RetriableDatanodeEventWatcher.java:onTimeout(47)) - RetriableDatanodeCommand type=deleteBlocksCommand with id=1560355517616 timed out. Retrying.
2019-06-12 16:05:21,630 INFO  commands.RetriableDatanodeEventWatcher (RetriableDatanodeEventWatcher.java:onTimeout(47)) - RetriableDatanodeCommand type=deleteBlocksCommand with id=1560355517626 timed out. Retrying.
2019-06-12 16:05:21,639 DEBUG block.SCMBlockDeletingService (SCMBlockDeletingService.java:call(138)) - Running DeletedBlockTransactionScanner
2019-06-12 16:05:21,639 DEBUG block.SCMBlockDeletingService (SCMBlockDeletingService.java:call(155)) - Scanned deleted blocks log and got 3 delTX to process.
2019-06-12 16:05:21,639 DEBUG block.SCMBlockDeletingService (SCMBlockDeletingService.java:call(171)) - Added delete block command for datanode ffc7b071-00b3-4a69-8de5-2639a1a8d8ac in the queue, number of delete block transactions: 3, TxID list: 1,2,3
2019-06-12 16:05:21,639 INFO  block.SCMBlockDeletingService (SCMBlockDeletingService.java:call(182)) - Totally added 3 delete blocks command for 1 datanodes, task elapsed time: 0ms
2019-06-12 16:05:21,697 INFO  commands.RetriableDatanodeEventWatcher (RetriableDatanodeEventWatcher.java:onTimeout(47)) - RetriableDatanodeCommand type=deleteBlocksCommand with id=1560355517597 timed out. Retrying.
2019-06-12 16:05:21,710 INFO  commands.RetriableDatanodeEventWatcher (RetriableDatanodeEventWatcher.java:onTimeout(47)) - RetriableDatanodeCommand type=deleteBlocksCommand with id=1560355517607 timed out. Retrying.
2019-06-12 16:05:21,722 INFO  commands.RetriableDatanodeEventWatcher (RetriableDatanodeEventWatcher.java:onTimeout(47)) - RetriableDatanodeCommand type=deleteBlocksCommand with id=1560355517617 timed out. Retrying.
2019-06-12 16:05:21,731 INFO  commands.RetriableDatanodeEventWatcher (RetriableDatanodeEventWatcher.java:onTimeout(47)) - RetriableDatanodeCommand type=deleteBlocksCommand with id=1560355517627 timed out. Retrying.
2019-06-12 16:05:21,740 DEBUG block.SCMBlockDeletingService (SCMBlockDeletingService.java:call(138)) - Running DeletedBlockTransactionScanner
2019-06-12 16:05:21,740 DEBUG block.SCMBlockDeletingService (SCMBlockDeletingService.java:call(155)) - Scanned deleted blocks log and got 3 delTX to process.
2019-06-12 16:05:21,740 DEBUG block.SCMBlockDeletingService (SCMBlockDeletingService.java:call(171)) - Added delete block command for datanode ffc7b071-00b3-4a69-8de5-2639a1a8d8ac in the queue, number of delete block transactions: 3, TxID list: 1,2,3
2019-06-12 16:05:21,740 INFO  block.SCMBlockDeletingService (SCMBlockDeletingService.java:call(182)) - Totally added 3 delete blocks command for 1 datanodes, task elapsed time: 1ms
2019-06-12 16:05:21,798 INFO  commands.RetriableDatanodeEventWatcher (RetriableDatanodeEventWatcher.java:onTimeout(47)) - RetriableDatanodeCommand type=deleteBlocksCommand with id=1560355517598 timed out. Retrying.
2019-06-12 16:05:21,810 INFO  commands.RetriableDatanodeEventWatcher (RetriableDatanodeEventWatcher.java:onTimeout(47)) - RetriableDatanodeCommand type=deleteBlocksCommand with id=1560355517608 timed out. Retrying.
2019-06-12 16:05:21,824 INFO  commands.RetriableDatanodeEventWatcher (RetriableDatanodeEventWatcher.java:onTimeout(47)) - RetriableDatanodeCommand type=deleteBlocksCommand with id=1560355517618 timed out. Retrying.
2019-06-12 16:05:21,831 INFO  commands.RetriableDatanodeEventWatcher (RetriableDatanodeEventWatcher.java:onTimeout(47)) - RetriableDatanodeCommand type=deleteBlocksCommand with id=1560355517628 timed out. Retrying.
2019-06-12 16:05:21,840 DEBUG block.SCMBlockDeletingService (SCMBlockDeletingService.java:call(138)) - Running DeletedBlockTransactionScanner
2019-06-12 16:05:21,841 DEBUG block.SCMBlockDeletingService (SCMBlockDeletingService.java:call(155)) - Scanned deleted blocks log and got 3 delTX to process.
2019-06-12 16:05:21,841 DEBUG block.SCMBlockDeletingService (SCMBlockDeletingService.java:call(171)) - Added delete block command for datanode ffc7b071-00b3-4a69-8de5-2639a1a8d8ac in the queue, number of delete block transactions: 3, TxID list: 1,2,3
2019-06-12 16:05:21,841 INFO  block.SCMBlockDeletingService (SCMBlockDeletingService.java:call(182)) - Totally added 3 delete blocks command for 1 datanodes, task elapsed time: 1ms
2019-06-12 16:05:21,900 INFO  commands.RetriableDatanodeEventWatcher (RetriableDatanodeEventWatcher.java:onTimeout(47)) - RetriableDatanodeCommand type=deleteBlocksCommand with id=1560355517599 timed out. Retrying.
2019-06-12 16:05:21,911 INFO  commands.RetriableDatanodeEventWatcher (RetriableDatanodeEventWatcher.java:onTimeout(47)) - RetriableDatanodeCommand type=deleteBlocksCommand with id=1560355517609 timed out. Retrying.
2019-06-12 16:05:21,925 INFO  commands.RetriableDatanodeEventWatcher (RetriableDatanodeEventWatcher.java:onTimeout(47)) - RetriableDatanodeCommand type=deleteBlocksCommand with id=1560355517619 timed out. Retrying.
2019-06-12 16:05:21,932 INFO  commands.RetriableDatanodeEventWatcher (RetriableDatanodeEventWatcher.java:onTimeout(47)) - RetriableDatanodeCommand type=deleteBlocksCommand with id=1560355517629 timed out. Retrying.
2019-06-12 16:05:21,942 DEBUG block.SCMBlockDeletingService (SCMBlockDeletingService.java:call(138)) - Running DeletedBlockTransactionScanner
2019-06-12 16:05:21,942 DEBUG block.SCMBlockDeletingService (SCMBlockDeletingService.java:call(155)) - Scanned deleted blocks log and got 3 delTX to process.
2019-06-12 16:05:21,942 DEBUG block.SCMBlockDeletingService (SCMBlockDeletingService.java:call(171)) - Added delete block command for datanode ffc7b071-00b3-4a69-8de5-2639a1a8d8ac in the queue, number of delete block transactions: 3, TxID list: 1,2,3
2019-06-12 16:05:21,942 INFO  block.SCMBlockDeletingService (SCMBlockDeletingService.java:call(182)) - Totally added 3 delete blocks command for 1 datanodes, task elapsed time: 1ms
2019-06-12 16:05:22,001 INFO  commands.RetriableDatanodeEventWatcher (RetriableDatanodeEventWatcher.java:onTimeout(47)) - RetriableDatanodeCommand type=deleteBlocksCommand with id=1560355517600 timed out. Retrying.
2019-06-12 16:05:22,016 INFO  commands.RetriableDatanodeEventWatcher (RetriableDatanodeEventWatcher.java:onTimeout(47)) - RetriableDatanodeCommand type=deleteBlocksCommand with id=1560355517610 timed out. Retrying.
2019-06-12 16:05:22,026 INFO  commands.RetriableDatanodeEventWatcher (RetriableDatanodeEventWatcher.java:onTimeout(47)) - RetriableDatanodeCommand type=deleteBlocksCommand with id=1560355517620 timed out. Retrying.
2019-06-12 16:05:22,033 INFO  commands.RetriableDatanodeEventWatcher (RetriableDatanodeEventWatcher.java:onTimeout(47)) - RetriableDatanodeCommand type=deleteBlocksCommand with id=1560355517630 timed out. Retrying.
2019-06-12 16:05:22,042 DEBUG block.SCMBlockDeletingService (SCMBlockDeletingService.java:call(138)) - Running DeletedBlockTransactionScanner
2019-06-12 16:05:22,043 DEBUG block.SCMBlockDeletingService (SCMBlockDeletingService.java:call(155)) - Scanned deleted blocks log and got 3 delTX to process.
2019-06-12 16:05:22,043 DEBUG block.SCMBlockDeletingService (SCMBlockDeletingService.java:call(171)) - Added delete block command for datanode ffc7b071-00b3-4a69-8de5-2639a1a8d8ac in the queue, number of delete block transactions: 3, TxID list: 1,2,3
2019-06-12 16:05:22,043 INFO  block.SCMBlockDeletingService (SCMBlockDeletingService.java:call(182)) - Totally added 3 delete blocks command for 1 datanodes, task elapsed time: 1ms
2019-06-12 16:05:22,102 INFO  commands.RetriableDatanodeEventWatcher (RetriableDatanodeEventWatcher.java:onTimeout(47)) - RetriableDatanodeCommand type=deleteBlocksCommand with id=1560355517601 timed out. Retrying.
2019-06-12 16:05:22,117 INFO  commands.RetriableDatanodeEventWatcher (RetriableDatanodeEventWatcher.java:onTimeout(47)) - RetriableDatanodeCommand type=deleteBlocksCommand with id=1560355517611 timed out. Retrying.
2019-06-12 16:05:22,126 INFO  commands.RetriableDatanodeEventWatcher (RetriableDatanodeEventWatcher.java:onTimeout(47)) - RetriableDatanodeCommand type=deleteBlocksCommand with id=1560355517621 timed out. Retrying.
2019-06-12 16:05:22,134 INFO  commands.RetriableDatanodeEventWatcher (RetriableDatanodeEventWatcher.java:onTimeout(47)) - RetriableDatanodeCommand type=deleteBlocksCommand with id=1560355517631 timed out. Retrying.
2019-06-12 16:05:22,143 DEBUG block.SCMBlockDeletingService (SCMBlockDeletingService.java:call(138)) - Running DeletedBlockTransactionScanner
2019-06-12 16:05:22,144 DEBUG block.SCMBlockDeletingService (SCMBlockDeletingService.java:call(155)) - Scanned deleted blocks log and got 3 delTX to process.
2019-06-12 16:05:22,144 DEBUG block.SCMBlockDeletingService (SCMBlockDeletingService.java:call(171)) - Added delete block command for datanode ffc7b071-00b3-4a69-8de5-2639a1a8d8ac in the queue, number of delete block transactions: 3, TxID list: 1,2,3
2019-06-12 16:05:22,144 INFO  block.SCMBlockDeletingService (SCMBlockDeletingService.java:call(182)) - Totally added 3 delete blocks command for 1 datanodes, task elapsed time: 1ms
2019-06-12 16:05:22,205 INFO  commands.RetriableDatanodeEventWatcher (RetriableDatanodeEventWatcher.java:onTimeout(47)) - RetriableDatanodeCommand type=deleteBlocksCommand with id=1560355517602 timed out. Retrying.
2019-06-12 16:05:22,218 INFO  commands.RetriableDatanodeEventWatcher (RetriableDatanodeEventWatcher.java:onTimeout(47)) - RetriableDatanodeCommand type=deleteBlocksCommand with id=1560355517612 timed out. Retrying.
2019-06-12 16:05:22,227 INFO  commands.RetriableDatanodeEventWatcher (RetriableDatanodeEventWatcher.java:onTimeout(47)) - RetriableDatanodeCommand type=deleteBlocksCommand with id=1560355517622 timed out. Retrying.
2019-06-12 16:05:22,236 INFO  commands.RetriableDatanodeEventWatcher (RetriableDatanodeEventWatcher.java:onTimeout(47)) - RetriableDatanodeCommand type=deleteBlocksCommand with id=1560355517632 timed out. Retrying.
2019-06-12 16:05:22,244 DEBUG block.SCMBlockDeletingService (SCMBlockDeletingService.java:call(138)) - Running DeletedBlockTransactionScanner
2019-06-12 16:05:22,245 DEBUG block.SCMBlockDeletingService (SCMBlockDeletingService.java:call(155)) - Scanned deleted blocks log and got 3 delTX to process.
2019-06-12 16:05:22,245 DEBUG block.SCMBlockDeletingService (SCMBlockDeletingService.java:call(171)) - Added delete block command for datanode ffc7b071-00b3-4a69-8de5-2639a1a8d8ac in the queue, number of delete block transactions: 3, TxID list: 1,2,3
2019-06-12 16:05:22,245 INFO  block.SCMBlockDeletingService (SCMBlockDeletingService.java:call(182)) - Totally added 3 delete blocks command for 1 datanodes, task elapsed time: 1ms
2019-06-12 16:05:22,307 INFO  commands.RetriableDatanodeEventWatcher (RetriableDatanodeEventWatcher.java:onTimeout(47)) - RetriableDatanodeCommand type=deleteBlocksCommand with id=1560355517603 timed out. Retrying.
2019-06-12 16:05:22,318 INFO  commands.RetriableDatanodeEventWatcher (RetriableDatanodeEventWatcher.java:onTimeout(47)) - RetriableDatanodeCommand type=deleteBlocksCommand with id=1560355517613 timed out. Retrying.
2019-06-12 16:05:22,328 INFO  commands.RetriableDatanodeEventWatcher (RetriableDatanodeEventWatcher.java:onTimeout(47)) - RetriableDatanodeCommand type=deleteBlocksCommand with id=1560355517623 timed out. Retrying.
2019-06-12 16:05:22,338 INFO  commands.RetriableDatanodeEventWatcher (RetriableDatanodeEventWatcher.java:onTimeout(47)) - RetriableDatanodeCommand type=deleteBlocksCommand with id=1560355517633 timed out. Retrying.
2019-06-12 16:05:22,342 INFO  ozone.MiniOzoneClusterImpl (MiniOzoneClusterImpl.java:lambda$waitForClusterToBeReady$0(142)) - Waiting for cluster to be ready. Got 0 of 1 DN Heartbeats.
2019-06-12 16:05:22,345 DEBUG block.SCMBlockDeletingService (SCMBlockDeletingService.java:call(138)) - Running DeletedBlockTransactionScanner
2019-06-12 16:05:22,345 DEBUG block.SCMBlockDeletingService (SCMBlockDeletingService.java:call(155)) - Scanned deleted blocks log and got 3 delTX to process.
2019-06-12 16:05:22,345 DEBUG block.SCMBlockDeletingService (SCMBlockDeletingService.java:call(171)) - Added delete block command for datanode ffc7b071-00b3-4a69-8de5-2639a1a8d8ac in the queue, number of delete block transactions: 3, TxID list: 1,2,3
2019-06-12 16:05:22,346 INFO  block.SCMBlockDeletingService (SCMBlockDeletingService.java:call(182)) - Totally added 3 delete blocks command for 1 datanodes, task elapsed time: 0ms
2019-06-12 16:05:22,406 INFO  commands.RetriableDatanodeEventWatcher (RetriableDatanodeEventWatcher.java:onTimeout(47)) - RetriableDatanodeCommand type=deleteBlocksCommand with id=1560355517604 timed out. Retrying.
2019-06-12 16:05:22,419 INFO  commands.RetriableDatanodeEventWatcher (RetriableDatanodeEventWatcher.java:onTimeout(47)) - RetriableDatanodeCommand type=deleteBlocksCommand with id=1560355517614 timed out. Retrying.
2019-06-12 16:05:22,429 INFO  commands.RetriableDatanodeEventWatcher (RetriableDatanodeEventWatcher.java:onTimeout(47)) - RetriableDatanodeCommand type=deleteBlocksCommand with id=1560355517624 timed out. Retrying.
2019-06-12 16:05:22,437 INFO  commands.RetriableDatanodeEventWatcher (RetriableDatanodeEventWatcher.java:onTimeout(47)) - RetriableDatanodeCommand type=deleteBlocksCommand with id=1560355517634 timed out. Retrying.
2019-06-12 16:05:22,446 DEBUG block.SCMBlockDeletingService (SCMBlockDeletingService.java:call(138)) - Running DeletedBlockTransactionScanner
2019-06-12 16:05:22,446 DEBUG block.SCMBlockDeletingService (SCMBlockDeletingService.java:call(155)) - Scanned deleted blocks log and got 3 delTX to process.
2019-06-12 16:05:22,446 DEBUG block.SCMBlockDeletingService (SCMBlockDeletingService.java:call(171)) - Added delete block command for datanode ffc7b071-00b3-4a69-8de5-2639a1a8d8ac in the queue, number of delete block transactions: 3, TxID list: 1,2,3
2019-06-12 16:05:22,446 INFO  block.SCMBlockDeletingService (SCMBlockDeletingService.java:call(182)) - Totally added 3 delete blocks command for 1 datanodes, task elapsed time: 0ms
2019-06-12 16:05:22,507 INFO  commands.RetriableDatanodeEventWatcher (RetriableDatanodeEventWatcher.java:onTimeout(47)) - RetriableDatanodeCommand type=deleteBlocksCommand with id=1560355517605 timed out. Retrying.
2019-06-12 16:05:22,522 INFO  commands.RetriableDatanodeEventWatcher (RetriableDatanodeEventWatcher.java:onTimeout(47)) - RetriableDatanodeCommand type=deleteBlocksCommand with id=1560355517615 timed out. Retrying.
2019-06-12 16:05:22,529 INFO  commands.RetriableDatanodeEventWatcher (RetriableDatanodeEventWatcher.java:onTimeout(47)) - RetriableDatanodeCommand type=deleteBlocksCommand with id=1560355517625 timed out. Retrying.
2019-06-12 16:05:22,538 INFO  commands.RetriableDatanodeEventWatcher (RetriableDatanodeEventWatcher.java:onTimeout(47)) - RetriableDatanodeCommand type=deleteBlocksCommand with id=1560355517635 timed out. Retrying.
2019-06-12 16:05:22,547 DEBUG block.SCMBlockDeletingService (SCMBlockDeletingService.java:call(138)) - Running DeletedBlockTransactionScanner
2019-06-12 16:05:22,547 DEBUG block.SCMBlockDeletingService (SCMBlockDeletingService.java:call(155)) - Scanned deleted blocks log and got 3 delTX to process.
2019-06-12 16:05:22,547 DEBUG block.SCMBlockDeletingService (SCMBlockDeletingService.java:call(171)) - Added delete block command for datanode ffc7b071-00b3-4a69-8de5-2639a1a8d8ac in the queue, number of delete block transactions: 3, TxID list: 1,2,3
2019-06-12 16:05:22,547 INFO  block.SCMBlockDeletingService (SCMBlockDeletingService.java:call(182)) - Totally added 3 delete blocks command for 1 datanodes, task elapsed time: 1ms
2019-06-12 16:05:22,597 INFO  commands.RetriableDatanodeEventWatcher (RetriableDatanodeEventWatcher.java:onTimeout(47)) - RetriableDatanodeCommand type=deleteBlocksCommand with id=1560355517596 timed out. Retrying.
2019-06-12 16:05:22,610 INFO  commands.RetriableDatanodeEventWatcher (RetriableDatanodeEventWatcher.java:onTimeout(47)) - RetriableDatanodeCommand type=deleteBlocksCommand with id=1560355517606 timed out. Retrying.
2019-06-12 16:05:22,622 INFO  commands.RetriableDatanodeEventWatcher (RetriableDatanodeEventWatcher.java:onTimeout(47)) - RetriableDatanodeCommand type=deleteBlocksCommand with id=1560355517616 timed out. Retrying.
2019-06-12 16:05:22,630 INFO  commands.RetriableDatanodeEventWatcher (RetriableDatanodeEventWatcher.java:onTimeout(47)) - RetriableDatanodeCommand type=deleteBlocksCommand with id=1560355517626 timed out. Retrying.
2019-06-12 16:05:22,639 INFO  commands.RetriableDatanodeEventWatcher (RetriableDatanodeEventWatcher.java:onTimeout(47)) - RetriableDatanodeCommand type=deleteBlocksCommand with id=1560355517636 timed out. Retrying.
2019-06-12 16:05:22,647 DEBUG block.SCMBlockDeletingService (SCMBlockDeletingService.java:call(138)) - Running DeletedBlockTransactionScanner
2019-06-12 16:05:22,648 DEBUG block.SCMBlockDeletingService (SCMBlockDeletingService.java:call(155)) - Scanned deleted blocks log and got 3 delTX to process.
2019-06-12 16:05:22,648 DEBUG block.SCMBlockDeletingService (SCMBlockDeletingService.java:call(171)) - Added delete block command for datanode ffc7b071-00b3-4a69-8de5-2639a1a8d8ac in the queue, number of delete block transactions: 3, TxID list: 1,2,3
2019-06-12 16:05:22,648 INFO  block.SCMBlockDeletingService (SCMBlockDeletingService.java:call(182)) - Totally added 3 delete blocks command for 1 datanodes, task elapsed time: 1ms
2019-06-12 16:05:22,697 INFO  commands.RetriableDatanodeEventWatcher (RetriableDatanodeEventWatcher.java:onTimeout(47)) - RetriableDatanodeCommand type=deleteBlocksCommand with id=1560355517597 timed out. Retrying.
2019-06-12 16:05:22,710 INFO  commands.RetriableDatanodeEventWatcher (RetriableDatanodeEventWatcher.java:onTimeout(47)) - RetriableDatanodeCommand type=deleteBlocksCommand with id=1560355517607 timed out. Retrying.
2019-06-12 16:05:22,723 INFO  commands.RetriableDatanodeEventWatcher (RetriableDatanodeEventWatcher.java:onTimeout(47)) - RetriableDatanodeCommand type=deleteBlocksCommand with id=1560355517617 timed out. Retrying.
2019-06-12 16:05:22,731 INFO  commands.RetriableDatanodeEventWatcher (RetriableDatanodeEventWatcher.java:onTimeout(47)) - RetriableDatanodeCommand type=deleteBlocksCommand with id=1560355517627 timed out. Retrying.
2019-06-12 16:05:22,740 INFO  commands.RetriableDatanodeEventWatcher (RetriableDatanodeEventWatcher.java:onTimeout(47)) - RetriableDatanodeCommand type=deleteBlocksCommand with id=1560355517637 timed out. Retrying.
2019-06-12 16:05:22,748 DEBUG block.SCMBlockDeletingService (SCMBlockDeletingService.java:call(138)) - Running DeletedBlockTransactionScanner
2019-06-12 16:05:22,749 DEBUG block.SCMBlockDeletingService (SCMBlockDeletingService.java:call(155)) - Scanned deleted blocks log and got 3 delTX to process.
2019-06-12 16:05:22,749 DEBUG block.SCMBlockDeletingService (SCMBlockDeletingService.java:call(171)) - Added delete block command for datanode ffc7b071-00b3-4a69-8de5-2639a1a8d8ac in the queue, number of delete block transactions: 3, TxID list: 1,2,3
2019-06-12 16:05:22,749 INFO  block.SCMBlockDeletingService (SCMBlockDeletingService.java:call(182)) - Totally added 3 delete blocks command for 1 datanodes, task elapsed time: 1ms
2019-06-12 16:05:22,798 INFO  commands.RetriableDatanodeEventWatcher (RetriableDatanodeEventWatcher.java:onTimeout(47)) - RetriableDatanodeCommand type=deleteBlocksCommand with id=1560355517598 timed out. Retrying.
2019-06-12 16:05:22,809 INFO  commands.RetriableDatanodeEventWatcher (RetriableDatanodeEventWatcher.java:onTimeout(47)) - RetriableDatanodeCommand type=deleteBlocksCommand with id=1560355517608 timed out. Retrying.
2019-06-12 16:05:22,824 INFO  commands.RetriableDatanodeEventWatcher (RetriableDatanodeEventWatcher.java:onTimeout(47)) - RetriableDatanodeCommand type=deleteBlocksCommand with id=1560355517618 timed out. Retrying.
2019-06-12 16:05:22,832 INFO  commands.RetriableDatanodeEventWatcher (RetriableDatanodeEventWatcher.java:onTimeout(47)) - RetriableDatanodeCommand type=deleteBlocksCommand with id=1560355517628 timed out. Retrying.
2019-06-12 16:05:22,841 INFO  commands.RetriableDatanodeEventWatcher (RetriableDatanodeEventWatcher.java:onTimeout(47)) - RetriableDatanodeCommand type=deleteBlocksCommand with id=1560355517638 timed out. Retrying.
2019-06-12 16:05:22,849 DEBUG block.SCMBlockDeletingService (SCMBlockDeletingService.java:call(138)) - Running DeletedBlockTransactionScanner
2019-06-12 16:05:22,850 DEBUG block.SCMBlockDeletingService (SCMBlockDeletingService.java:call(155)) - Scanned deleted blocks log and got 3 delTX to process.
2019-06-12 16:05:22,850 DEBUG block.SCMBlockDeletingService (SCMBlockDeletingService.java:call(171)) - Added delete block command for datanode ffc7b071-00b3-4a69-8de5-2639a1a8d8ac in the queue, number of delete block transactions: 3, TxID list: 1,2,3
2019-06-12 16:05:22,850 INFO  block.SCMBlockDeletingService (SCMBlockDeletingService.java:call(182)) - Totally added 3 delete blocks command for 1 datanodes, task elapsed time: 1ms
2019-06-12 16:05:22,901 INFO  commands.RetriableDatanodeEventWatcher (RetriableDatanodeEventWatcher.java:onTimeout(47)) - RetriableDatanodeCommand type=deleteBlocksCommand with id=1560355517599 timed out. Retrying.
2019-06-12 16:05:22,910 INFO  commands.RetriableDatanodeEventWatcher (RetriableDatanodeEventWatcher.java:onTimeout(47)) - RetriableDatanodeCommand type=deleteBlocksCommand with id=1560355517609 timed out. Retrying.
2019-06-12 16:05:22,925 INFO  commands.RetriableDatanodeEventWatcher (RetriableDatanodeEventWatcher.java:onTimeout(47)) - RetriableDatanodeCommand type=deleteBlocksCommand with id=1560355517619 timed out. Retrying.
2019-06-12 16:05:22,933 INFO  commands.RetriableDatanodeEventWatcher (RetriableDatanodeEventWatcher.java:onTimeout(47)) - RetriableDatanodeCommand type=deleteBlocksCommand with id=1560355517629 timed out. Retrying.
2019-06-12 16:05:22,942 INFO  commands.RetriableDatanodeEventWatcher (RetriableDatanodeEventWatcher.java:onTimeout(47)) - RetriableDatanodeCommand type=deleteBlocksCommand with id=1560355517639 timed out. Retrying.
2019-06-12 16:05:22,950 DEBUG block.SCMBlockDeletingService (SCMBlockDeletingService.java:call(138)) - Running DeletedBlockTransactionScanner
2019-06-12 16:05:22,950 DEBUG block.SCMBlockDeletingService (SCMBlockDeletingService.java:call(155)) - Scanned deleted blocks log and got 3 delTX to process.
2019-06-12 16:05:22,951 DEBUG block.SCMBlockDeletingService (SCMBlockDeletingService.java:call(171)) - Added delete block command for datanode ffc7b071-00b3-4a69-8de5-2639a1a8d8ac in the queue, number of delete block transactions: 3, TxID list: 1,2,3
2019-06-12 16:05:22,951 INFO  block.SCMBlockDeletingService (SCMBlockDeletingService.java:call(182)) - Totally added 3 delete blocks command for 1 datanodes, task elapsed time: 0ms
2019-06-12 16:05:23,002 INFO  commands.RetriableDatanodeEventWatcher (RetriableDatanodeEventWatcher.java:onTimeout(47)) - RetriableDatanodeCommand type=deleteBlocksCommand with id=1560355517600 timed out. Retrying.
2019-06-12 16:05:23,015 INFO  commands.RetriableDatanodeEventWatcher (RetriableDatanodeEventWatcher.java:onTimeout(47)) - RetriableDatanodeCommand type=deleteBlocksCommand with id=1560355517610 timed out. Retrying.
2019-06-12 16:05:23,026 INFO  commands.RetriableDatanodeEventWatcher (RetriableDatanodeEventWatcher.java:onTimeout(47)) - RetriableDatanodeCommand type=deleteBlocksCommand with id=1560355517620 timed out. Retrying.
2019-06-12 16:05:23,034 INFO  commands.RetriableDatanodeEventWatcher (RetriableDatanodeEventWatcher.java:onTimeout(47)) - RetriableDatanodeCommand type=deleteBlocksCommand with id=1560355517630 timed out. Retrying.
2019-06-12 16:05:23,044 INFO  commands.RetriableDatanodeEventWatcher (RetriableDatanodeEventWatcher.java:onTimeout(47)) - RetriableDatanodeCommand type=deleteBlocksCommand with id=1560355517640 timed out. Retrying.
2019-06-12 16:05:23,051 DEBUG block.SCMBlockDeletingService (SCMBlockDeletingService.java:call(138)) - Running DeletedBlockTransactionScanner
2019-06-12 16:05:23,051 DEBUG block.SCMBlockDeletingService (SCMBlockDeletingService.java:call(155)) - Scanned deleted blocks log and got 3 delTX to process.
2019-06-12 16:05:23,051 DEBUG block.SCMBlockDeletingService (SCMBlockDeletingService.java:call(171)) - Added delete block command for datanode ffc7b071-00b3-4a69-8de5-2639a1a8d8ac in the queue, number of delete block transactions: 3, TxID list: 1,2,3
2019-06-12 16:05:23,052 INFO  block.SCMBlockDeletingService (SCMBlockDeletingService.java:call(182)) - Totally added 3 delete blocks command for 1 datanodes, task elapsed time: 0ms
2019-06-12 16:05:23,102 INFO  commands.RetriableDatanodeEventWatcher (RetriableDatanodeEventWatcher.java:onTimeout(47)) - RetriableDatanodeCommand type=deleteBlocksCommand with id=1560355517601 timed out. Retrying.
2019-06-12 16:05:23,118 INFO  commands.RetriableDatanodeEventWatcher (RetriableDatanodeEventWatcher.java:onTimeout(47)) - RetriableDatanodeCommand type=deleteBlocksCommand with id=1560355517611 timed out. Retrying.
2019-06-12 16:05:23,126 INFO  commands.RetriableDatanodeEventWatcher (RetriableDatanodeEventWatcher.java:onTimeout(47)) - RetriableDatanodeCommand type=deleteBlocksCommand with id=1560355517621 timed out. Retrying.
2019-06-12 16:05:23,134 INFO  commands.RetriableDatanodeEventWatcher (RetriableDatanodeEventWatcher.java:onTimeout(47)) - RetriableDatanodeCommand type=deleteBlocksCommand with id=1560355517631 timed out. Retrying.
2019-06-12 16:05:23,144 INFO  commands.RetriableDatanodeEventWatcher (RetriableDatanodeEventWatcher.java:onTimeout(47)) - RetriableDatanodeCommand type=deleteBlocksCommand with id=1560355517641 timed out. Retrying.
2019-06-12 16:05:23,152 DEBUG block.SCMBlockDeletingService (SCMBlockDeletingService.java:call(138)) - Running DeletedBlockTransactionScanner
2019-06-12 16:05:23,152 DEBUG block.SCMBlockDeletingService (SCMBlockDeletingService.java:call(155)) - Scanned deleted blocks log and got 3 delTX to process.
2019-06-12 16:05:23,152 DEBUG block.SCMBlockDeletingService (SCMBlockDeletingService.java:call(171)) - Added delete block command for datanode ffc7b071-00b3-4a69-8de5-2639a1a8d8ac in the queue, number of delete block transactions: 3, TxID list: 1,2,3
2019-06-12 16:05:23,152 INFO  block.SCMBlockDeletingService (SCMBlockDeletingService.java:call(182)) - Totally added 3 delete blocks command for 1 datanodes, task elapsed time: 1ms
2019-06-12 16:05:23,205 INFO  commands.RetriableDatanodeEventWatcher (RetriableDatanodeEventWatcher.java:onTimeout(47)) - RetriableDatanodeCommand type=deleteBlocksCommand with id=1560355517602 timed out. Retrying.
2019-06-12 16:05:23,219 INFO  commands.RetriableDatanodeEventWatcher (RetriableDatanodeEventWatcher.java:onTimeout(47)) - RetriableDatanodeCommand type=deleteBlocksCommand with id=1560355517612 timed out. Retrying.
2019-06-12 16:05:23,226 INFO  commands.RetriableDatanodeEventWatcher (RetriableDatanodeEventWatcher.java:onTimeout(47)) - RetriableDatanodeCommand type=deleteBlocksCommand with id=1560355517622 timed out. Retrying.
2019-06-12 16:05:23,236 INFO  commands.RetriableDatanodeEventWatcher (RetriableDatanodeEventWatcher.java:onTimeout(47)) - RetriableDatanodeCommand type=deleteBlocksCommand with id=1560355517632 timed out. Retrying.
2019-06-12 16:05:23,244 INFO  commands.RetriableDatanodeEventWatcher (RetriableDatanodeEventWatcher.java:onTimeout(47)) - RetriableDatanodeCommand type=deleteBlocksCommand with id=1560355517642 timed out. Retrying.
2019-06-12 16:05:23,253 DEBUG block.SCMBlockDeletingService (SCMBlockDeletingService.java:call(138)) - Running DeletedBlockTransactionScanner
2019-06-12 16:05:23,253 DEBUG block.SCMBlockDeletingService (SCMBlockDeletingService.java:call(155)) - Scanned deleted blocks log and got 3 delTX to process.
2019-06-12 16:05:23,253 DEBUG block.SCMBlockDeletingService (SCMBlockDeletingService.java:call(171)) - Added delete block command for datanode ffc7b071-00b3-4a69-8de5-2639a1a8d8ac in the queue, number of delete block transactions: 3, TxID list: 1,2,3
2019-06-12 16:05:23,253 INFO  block.SCMBlockDeletingService (SCMBlockDeletingService.java:call(182)) - Totally added 3 delete blocks command for 1 datanodes, task elapsed time: 1ms
2019-06-12 16:05:23,307 INFO  commands.RetriableDatanodeEventWatcher (RetriableDatanodeEventWatcher.java:onTimeout(47)) - RetriableDatanodeCommand type=deleteBlocksCommand with id=1560355517603 timed out. Retrying.
2019-06-12 16:05:23,318 INFO  commands.RetriableDatanodeEventWatcher (RetriableDatanodeEventWatcher.java:onTimeout(47)) - RetriableDatanodeCommand type=deleteBlocksCommand with id=1560355517613 timed out. Retrying.
2019-06-12 16:05:23,328 INFO  commands.RetriableDatanodeEventWatcher (RetriableDatanodeEventWatcher.java:onTimeout(47)) - RetriableDatanodeCommand type=deleteBlocksCommand with id=1560355517623 timed out. Retrying.
2019-06-12 16:05:23,338 INFO  commands.RetriableDatanodeEventWatcher (RetriableDatanodeEventWatcher.java:onTimeout(47)) - RetriableDatanodeCommand type=deleteBlocksCommand with id=1560355517633 timed out. Retrying.
2019-06-12 16:05:23,342 INFO  ozone.MiniOzoneClusterImpl (MiniOzoneClusterImpl.java:lambda$waitForClusterToBeReady$0(142)) - Waiting for cluster to be ready. Got 0 of 1 DN Heartbeats.
2019-06-12 16:05:23,344 INFO  ozoneimpl.OzoneContainer (OzoneContainer.java:start(186)) - Attempting to start container services.
2019-06-12 16:05:23,345 INFO  ozoneimpl.OzoneContainer (OzoneContainer.java:startContainerScrub(160)) - Background container scrubber has been disabled by hdds.containerscrub.enabled
2019-06-12 16:05:23,345 INFO  ratis.XceiverServerRatis (XceiverServerRatis.java:start(418)) - Starting XceiverServerRatis ffc7b071-00b3-4a69-8de5-2639a1a8d8ac at port 33311
2019-06-12 16:05:23,345 INFO  commands.RetriableDatanodeEventWatcher (RetriableDatanodeEventWatcher.java:onTimeout(47)) - RetriableDatanodeCommand type=deleteBlocksCommand with id=1560355517643 timed out. Retrying.
2019-06-12 16:05:23,351 INFO  impl.RaftServerImpl (RaftServerImpl.java:start(173)) - ffc7b071-00b3-4a69-8de5-2639a1a8d8ac: start group-6911E2D50CC5
2019-06-12 16:05:23,351 INFO  impl.RaftServerImpl (RaftServerImpl.java:setRole(164)) - ffc7b071-00b3-4a69-8de5-2639a1a8d8ac:group-6911E2D50CC5 changes role from null to FOLLOWER at term 1 for startAsFollower
2019-06-12 16:05:23,351 INFO  impl.RoleInfo (RoleInfo.java:updateAndGet(143)) - ffc7b071-00b3-4a69-8de5-2639a1a8d8ac: start FollowerState
2019-06-12 16:05:23,352 INFO  util.JmxRegister (JmxRegister.java:tryRegister(44)) - Successfully registered JMX Bean with object name Ratis:service=RaftServer,group=group-6911E2D50CC5,id=ffc7b071-00b3-4a69-8de5-2639a1a8d8ac
2019-06-12 16:05:23,352 INFO  impl.RaftServerProxy (RaftServerProxy.java:lambda$start$3(299)) - ffc7b071-00b3-4a69-8de5-2639a1a8d8ac: start RPC server
2019-06-12 16:05:23,372 DEBUG block.SCMBlockDeletingService (SCMBlockDeletingService.java:call(138)) - Running DeletedBlockTransactionScanner
2019-06-12 16:05:23,373 DEBUG block.SCMBlockDeletingService (SCMBlockDeletingService.java:call(155)) - Scanned deleted blocks log and got 3 delTX to process.
2019-06-12 16:05:23,373 DEBUG block.SCMBlockDeletingService (SCMBlockDeletingService.java:call(171)) - Added delete block command for datanode ffc7b071-00b3-4a69-8de5-2639a1a8d8ac in the queue, number of delete block transactions: 3, TxID list: 1,2,3
2019-06-12 16:05:23,374 INFO  block.SCMBlockDeletingService (SCMBlockDeletingService.java:call(182)) - Totally added 3 delete blocks command for 1 datanodes, task elapsed time: 1ms
2019-06-12 16:05:23,380 INFO  server.GrpcService (GrpcService.java:startImpl(148)) - ffc7b071-00b3-4a69-8de5-2639a1a8d8ac: GrpcService started, listening on 0.0.0.0/0.0.0.0:33311
2019-06-12 16:05:23,407 INFO  commands.RetriableDatanodeEventWatcher (RetriableDatanodeEventWatcher.java:onTimeout(47)) - RetriableDatanodeCommand type=deleteBlocksCommand with id=1560355517604 timed out. Retrying.
2019-06-12 16:05:23,419 INFO  commands.RetriableDatanodeEventWatcher (RetriableDatanodeEventWatcher.java:onTimeout(47)) - RetriableDatanodeCommand type=deleteBlocksCommand with id=1560355517614 timed out. Retrying.
2019-06-12 16:05:23,429 INFO  commands.RetriableDatanodeEventWatcher (RetriableDatanodeEventWatcher.java:onTimeout(47)) - RetriableDatanodeCommand type=deleteBlocksCommand with id=1560355517624 timed out. Retrying.
2019-06-12 16:05:23,437 INFO  commands.RetriableDatanodeEventWatcher (RetriableDatanodeEventWatcher.java:onTimeout(47)) - RetriableDatanodeCommand type=deleteBlocksCommand with id=1560355517634 timed out. Retrying.
2019-06-12 16:05:23,447 INFO  commands.RetriableDatanodeEventWatcher (RetriableDatanodeEventWatcher.java:onTimeout(47)) - RetriableDatanodeCommand type=deleteBlocksCommand with id=1560355517644 timed out. Retrying.
2019-06-12 16:05:23,474 DEBUG block.SCMBlockDeletingService (SCMBlockDeletingService.java:call(138)) - Running DeletedBlockTransactionScanner
2019-06-12 16:05:23,474 DEBUG block.SCMBlockDeletingService (SCMBlockDeletingService.java:call(155)) - Scanned deleted blocks log and got 3 delTX to process.
2019-06-12 16:05:23,474 DEBUG block.SCMBlockDeletingService (SCMBlockDeletingService.java:call(171)) - Added delete block command for datanode ffc7b071-00b3-4a69-8de5-2639a1a8d8ac in the queue, number of delete block transactions: 3, TxID list: 1,2,3
2019-06-12 16:05:23,474 INFO  block.SCMBlockDeletingService (SCMBlockDeletingService.java:call(182)) - Totally added 3 delete blocks command for 1 datanodes, task elapsed time: 1ms
2019-06-12 16:05:23,507 INFO  commands.RetriableDatanodeEventWatcher (RetriableDatanodeEventWatcher.java:onTimeout(47)) - RetriableDatanodeCommand type=deleteBlocksCommand with id=1560355517605 timed out. Retrying.
2019-06-12 16:05:23,523 INFO  commands.RetriableDatanodeEventWatcher (RetriableDatanodeEventWatcher.java:onTimeout(47)) - RetriableDatanodeCommand type=deleteBlocksCommand with id=1560355517615 timed out. Retrying.
2019-06-12 16:05:23,530 INFO  commands.RetriableDatanodeEventWatcher (RetriableDatanodeEventWatcher.java:onTimeout(47)) - RetriableDatanodeCommand type=deleteBlocksCommand with id=1560355517625 timed out. Retrying.
2019-06-12 16:05:23,538 INFO  commands.RetriableDatanodeEventWatcher (RetriableDatanodeEventWatcher.java:onTimeout(47)) - RetriableDatanodeCommand type=deleteBlocksCommand with id=1560355517635 timed out. Retrying.
2019-06-12 16:05:23,547 INFO  commands.RetriableDatanodeEventWatcher (RetriableDatanodeEventWatcher.java:onTimeout(47)) - RetriableDatanodeCommand type=deleteBlocksCommand with id=1560355517645 timed out. Retrying.
2019-06-12 16:05:23,575 DEBUG block.SCMBlockDeletingService (SCMBlockDeletingService.java:call(138)) - Running DeletedBlockTransactionScanner
2019-06-12 16:05:23,575 DEBUG block.SCMBlockDeletingService (SCMBlockDeletingService.java:call(155)) - Scanned deleted blocks log and got 3 delTX to process.
2019-06-12 16:05:23,575 DEBUG block.SCMBlockDeletingService (SCMBlockDeletingService.java:call(171)) - Added delete block command for datanode ffc7b071-00b3-4a69-8de5-2639a1a8d8ac in the queue, number of delete block transactions: 3, TxID list: 1,2,3
2019-06-12 16:05:23,575 INFO  block.SCMBlockDeletingService (SCMBlockDeletingService.java:call(182)) - Totally added 3 delete blocks command for 1 datanodes, task elapsed time: 1ms
2019-06-12 16:05:23,597 INFO  commands.RetriableDatanodeEventWatcher (RetriableDatanodeEventWatcher.java:onTimeout(47)) - RetriableDatanodeCommand type=deleteBlocksCommand with id=1560355517596 timed out. Retrying.
2019-06-12 16:05:23,610 INFO  commands.RetriableDatanodeEventWatcher (RetriableDatanodeEventWatcher.java:onTimeout(47)) - RetriableDatanodeCommand type=deleteBlocksCommand with id=1560355517606 timed out. Retrying.
2019-06-12 16:05:23,623 INFO  commands.RetriableDatanodeEventWatcher (RetriableDatanodeEventWatcher.java:onTimeout(47)) - RetriableDatanodeCommand type=deleteBlocksCommand with id=1560355517616 timed out. Retrying.
2019-06-12 16:05:23,630 INFO  commands.RetriableDatanodeEventWatcher (RetriableDatanodeEventWatcher.java:onTimeout(47)) - RetriableDatanodeCommand type=deleteBlocksCommand with id=1560355517626 timed out. Retrying.
2019-06-12 16:05:23,639 INFO  commands.RetriableDatanodeEventWatcher (RetriableDatanodeEventWatcher.java:onTimeout(47)) - RetriableDatanodeCommand type=deleteBlocksCommand with id=1560355517636 timed out. Retrying.
2019-06-12 16:05:23,649 INFO  commands.RetriableDatanodeEventWatcher (RetriableDatanodeEventWatcher.java:onTimeout(47)) - RetriableDatanodeCommand type=deleteBlocksCommand with id=1560355517646 timed out. Retrying.
2019-06-12 16:05:23,676 DEBUG block.SCMBlockDeletingService (SCMBlockDeletingService.java:call(138)) - Running DeletedBlockTransactionScanner
2019-06-12 16:05:23,676 DEBUG block.SCMBlockDeletingService (SCMBlockDeletingService.java:call(155)) - Scanned deleted blocks log and got 3 delTX to process.
2019-06-12 16:05:23,676 DEBUG block.SCMBlockDeletingService (SCMBlockDeletingService.java:call(171)) - Added delete block command for datanode ffc7b071-00b3-4a69-8de5-2639a1a8d8ac in the queue, number of delete block transactions: 3, TxID list: 1,2,3
2019-06-12 16:05:23,676 INFO  block.SCMBlockDeletingService (SCMBlockDeletingService.java:call(182)) - Totally added 3 delete blocks command for 1 datanodes, task elapsed time: 1ms
2019-06-12 16:05:23,697 INFO  commands.RetriableDatanodeEventWatcher (RetriableDatanodeEventWatcher.java:onTimeout(47)) - RetriableDatanodeCommand type=deleteBlocksCommand with id=1560355517597 timed out. Retrying.
2019-06-12 16:05:23,710 INFO  commands.RetriableDatanodeEventWatcher (RetriableDatanodeEventWatcher.java:onTimeout(47)) - RetriableDatanodeCommand type=deleteBlocksCommand with id=1560355517607 timed out. Retrying.
2019-06-12 16:05:23,724 INFO  commands.RetriableDatanodeEventWatcher (RetriableDatanodeEventWatcher.java:onTimeout(47)) - RetriableDatanodeCommand type=deleteBlocksCommand with id=1560355517617 timed out. Retrying.
2019-06-12 16:05:23,731 INFO  commands.RetriableDatanodeEventWatcher (RetriableDatanodeEventWatcher.java:onTimeout(47)) - RetriableDatanodeCommand type=deleteBlocksCommand with id=1560355517627 timed out. Retrying.
2019-06-12 16:05:23,740 INFO  commands.RetriableDatanodeEventWatcher (RetriableDatanodeEventWatcher.java:onTimeout(47)) - RetriableDatanodeCommand type=deleteBlocksCommand with id=1560355517637 timed out. Retrying.
2019-06-12 16:05:23,749 INFO  commands.RetriableDatanodeEventWatcher (RetriableDatanodeEventWatcher.java:onTimeout(47)) - RetriableDatanodeCommand type=deleteBlocksCommand with id=1560355517647 timed out. Retrying.
2019-06-12 16:05:23,776 DEBUG block.SCMBlockDeletingService (SCMBlockDeletingService.java:call(138)) - Running DeletedBlockTransactionScanner
2019-06-12 16:05:23,777 DEBUG block.SCMBlockDeletingService (SCMBlockDeletingService.java:call(155)) - Scanned deleted blocks log and got 3 delTX to process.
2019-06-12 16:05:23,777 DEBUG block.SCMBlockDeletingService (SCMBlockDeletingService.java:call(171)) - Added delete block command for datanode ffc7b071-00b3-4a69-8de5-2639a1a8d8ac in the queue, number of delete block transactions: 3, TxID list: 1,2,3
2019-06-12 16:05:23,798 INFO  commands.RetriableDatanodeEventWatcher (RetriableDatanodeEventWatcher.java:onTimeout(47)) - RetriableDatanodeCommand type=deleteBlocksCommand with id=1560355517598 timed out. Retrying.
2019-06-12 16:05:23,809 INFO  commands.RetriableDatanodeEventWatcher (RetriableDatanodeEventWatcher.java:onTimeout(47)) - RetriableDatanodeCommand type=deleteBlocksCommand with id=1560355517608 timed out. Retrying.
2019-06-12 16:05:23,824 INFO  block.SCMBlockDeletingService (SCMBlockDeletingService.java:call(182)) - Totally added 3 delete blocks command for 1 datanodes, task elapsed time: 47ms
2019-06-12 16:05:23,825 INFO  commands.RetriableDatanodeEventWatcher (RetriableDatanodeEventWatcher.java:onTimeout(47)) - RetriableDatanodeCommand type=deleteBlocksCommand with id=1560355517618 timed out. Retrying.
2019-06-12 16:05:23,833 INFO  commands.RetriableDatanodeEventWatcher (RetriableDatanodeEventWatcher.java:onTimeout(47)) - RetriableDatanodeCommand type=deleteBlocksCommand with id=1560355517628 timed out. Retrying.
2019-06-12 16:05:23,841 INFO  commands.RetriableDatanodeEventWatcher (RetriableDatanodeEventWatcher.java:onTimeout(47)) - RetriableDatanodeCommand type=deleteBlocksCommand with id=1560355517638 timed out. Retrying.
2019-06-12 16:05:23,849 INFO  commands.RetriableDatanodeEventWatcher (RetriableDatanodeEventWatcher.java:onTimeout(47)) - RetriableDatanodeCommand type=deleteBlocksCommand with id=1560355517648 timed out. Retrying.
2019-06-12 16:05:23,902 INFO  commands.RetriableDatanodeEventWatcher (RetriableDatanodeEventWatcher.java:onTimeout(47)) - RetriableDatanodeCommand type=deleteBlocksCommand with id=1560355517599 timed out. Retrying.
2019-06-12 16:05:23,910 INFO  commands.RetriableDatanodeEventWatcher (RetriableDatanodeEventWatcher.java:onTimeout(47)) - RetriableDatanodeCommand type=deleteBlocksCommand with id=1560355517609 timed out. Retrying.
2019-06-12 16:05:23,924 DEBUG block.SCMBlockDeletingService (SCMBlockDeletingService.java:call(138)) - Running DeletedBlockTransactionScanner
2019-06-12 16:05:23,924 DEBUG block.SCMBlockDeletingService (SCMBlockDeletingService.java:call(155)) - Scanned deleted blocks log and got 3 delTX to process.
2019-06-12 16:05:23,924 DEBUG block.SCMBlockDeletingService (SCMBlockDeletingService.java:call(171)) - Added delete block command for datanode ffc7b071-00b3-4a69-8de5-2639a1a8d8ac in the queue, number of delete block transactions: 3, TxID list: 1,2,3
2019-06-12 16:05:23,925 INFO  block.SCMBlockDeletingService (SCMBlockDeletingService.java:call(182)) - Totally added 3 delete blocks command for 1 datanodes, task elapsed time: 0ms
2019-06-12 16:05:23,926 INFO  commands.RetriableDatanodeEventWatcher (RetriableDatanodeEventWatcher.java:onTimeout(47)) - RetriableDatanodeCommand type=deleteBlocksCommand with id=1560355517619 timed out. Retrying.
2019-06-12 16:05:23,933 INFO  commands.RetriableDatanodeEventWatcher (RetriableDatanodeEventWatcher.java:onTimeout(47)) - RetriableDatanodeCommand type=deleteBlocksCommand with id=1560355517629 timed out. Retrying.
2019-06-12 16:05:23,942 INFO  commands.RetriableDatanodeEventWatcher (RetriableDatanodeEventWatcher.java:onTimeout(47)) - RetriableDatanodeCommand type=deleteBlocksCommand with id=1560355517639 timed out. Retrying.
2019-06-12 16:05:23,950 INFO  commands.RetriableDatanodeEventWatcher (RetriableDatanodeEventWatcher.java:onTimeout(47)) - RetriableDatanodeCommand type=deleteBlocksCommand with id=1560355517649 timed out. Retrying.
2019-06-12 16:05:24,003 INFO  commands.RetriableDatanodeEventWatcher (RetriableDatanodeEventWatcher.java:onTimeout(47)) - RetriableDatanodeCommand type=deleteBlocksCommand with id=1560355517600 timed out. Retrying.
2019-06-12 16:05:24,016 INFO  commands.RetriableDatanodeEventWatcher (RetriableDatanodeEventWatcher.java:onTimeout(47)) - RetriableDatanodeCommand type=deleteBlocksCommand with id=1560355517610 timed out. Retrying.
2019-06-12 16:05:24,025 DEBUG block.SCMBlockDeletingService (SCMBlockDeletingService.java:call(138)) - Running DeletedBlockTransactionScanner
2019-06-12 16:05:24,025 DEBUG block.SCMBlockDeletingService (SCMBlockDeletingService.java:call(155)) - Scanned deleted blocks log and got 3 delTX to process.
2019-06-12 16:05:24,025 DEBUG block.SCMBlockDeletingService (SCMBlockDeletingService.java:call(171)) - Added delete block command for datanode ffc7b071-00b3-4a69-8de5-2639a1a8d8ac in the queue, number of delete block transactions: 3, TxID list: 1,2,3
2019-06-12 16:05:24,026 INFO  block.SCMBlockDeletingService (SCMBlockDeletingService.java:call(182)) - Totally added 3 delete blocks command for 1 datanodes, task elapsed time: 0ms
2019-06-12 16:05:24,026 INFO  commands.RetriableDatanodeEventWatcher (RetriableDatanodeEventWatcher.java:onTimeout(47)) - RetriableDatanodeCommand type=deleteBlocksCommand with id=1560355517620 timed out. Retrying.
2019-06-12 16:05:24,034 INFO  commands.RetriableDatanodeEventWatcher (RetriableDatanodeEventWatcher.java:onTimeout(47)) - RetriableDatanodeCommand type=deleteBlocksCommand with id=1560355517630 timed out. Retrying.
2019-06-12 16:05:24,045 INFO  commands.RetriableDatanodeEventWatcher (RetriableDatanodeEventWatcher.java:onTimeout(47)) - RetriableDatanodeCommand type=deleteBlocksCommand with id=1560355517640 timed out. Retrying.
2019-06-12 16:05:24,051 INFO  commands.RetriableDatanodeEventWatcher (RetriableDatanodeEventWatcher.java:onTimeout(47)) - RetriableDatanodeCommand type=deleteBlocksCommand with id=1560355517650 timed out. Retrying.
2019-06-12 16:05:24,102 INFO  commands.RetriableDatanodeEventWatcher (RetriableDatanodeEventWatcher.java:onTimeout(47)) - RetriableDatanodeCommand type=deleteBlocksCommand with id=1560355517601 timed out. Retrying.
2019-06-12 16:05:24,119 INFO  commands.RetriableDatanodeEventWatcher (RetriableDatanodeEventWatcher.java:onTimeout(47)) - RetriableDatanodeCommand type=deleteBlocksCommand with id=1560355517611 timed out. Retrying.
2019-06-12 16:05:24,126 DEBUG block.SCMBlockDeletingService (SCMBlockDeletingService.java:call(138)) - Running DeletedBlockTransactionScanner
2019-06-12 16:05:24,126 DEBUG block.SCMBlockDeletingService (RetriableDatanodeEventWatcher.java:onTimeout(47)) - RetriableDatanodeCommand type=deleteBlocksCommand with id=1560355517621 timed out. Retrying.
SCMBlockDeletingService.java:call(155)) - Scanned deleted blocks log and got 3 delTX to process.
2019-06-12 16:05:24,126 INFO  commands.RetriableDatanodeEventWatcher (RetriableDatanodeEventWatcher.java:onTimeout(47)) - RetriableDatanodeCommand type=deleteBlocksCommand with id=1560355517621 timed out. Retrying.
2019-06-12 16:05:24,126 DEBUG block.SCMBlockDeletingService (SCMBlockDeletingService.java:call(171)) - Added delete block command for datanode ffc7b071-00b3-4a69-8de5-2639a1a8d8ac in the queue, number of delete block transactions: 3, TxID list: 1,2,3
2019-06-12 16:05:24,127 INFO  block.SCMBlockDeletingService (SCMBlockDeletingService.java:call(182)) - Totally added 3 delete blocks command for 1 datanodes, task elapsed time: 1ms
2019-06-12 16:05:24,135 INFO  commands.RetriableDatanodeEventWatcher (RetriableDatanodeEventWatcher.java:onTimeout(47)) - RetriableDatanodeCommand type=deleteBlocksCommand with id=1560355517631 timed out. Retrying.
2019-06-12 16:05:24,143 INFO  commands.RetriableDatanodeEventWatcher (RetriableDatanodeEventWatcher.java:onTimeout(47)) - RetriableDatanodeCommand type=deleteBlocksCommand with id=1560355517641 timed out. Retrying.
2019-06-12 16:05:24,152 INFO  commands.RetriableDatanodeEventWatcher (RetriableDatanodeEventWatcher.java:onTimeout(47)) - RetriableDatanodeCommand type=deleteBlocksCommand with id=1560355517651 timed out. Retrying.
2019-06-12 16:05:24,205 INFO  commands.RetriableDatanodeEventWatcher (RetriableDatanodeEventWatcher.java:onTimeout(47)) - RetriableDatanodeCommand type=deleteBlocksCommand with id=1560355517602 timed out. Retrying.
2019-06-12 16:05:24,219 INFO  commands.RetriableDatanodeEventWatcher (RetriableDatanodeEventWatcher.java:onTimeout(47)) - RetriableDatanodeCommand type=deleteBlocksCommand with id=1560355517612 timed out. Retrying.
2019-06-12 16:05:24,226 INFO  commands.RetriableDatanodeEventWatcher (RetriableDatanodeEventWatcher.java:onTimeout(47)) - RetriableDatanodeCommand type=deleteBlocksCommand with id=1560355517622 timed out. Retrying.
2019-06-12 16:05:24,227 DEBUG block.SCMBlockDeletingService (SCMBlockDeletingService.java:call(138)) - Running DeletedBlockTransactionScanner
2019-06-12 16:05:24,227 DEBUG block.SCMBlockDeletingService (SCMBlockDeletingService.java:call(155)) - Scanned deleted blocks log and got 3 delTX to process.
2019-06-12 16:05:24,227 DEBUG block.SCMBlockDeletingService (SCMBlockDeletingService.java:call(171)) - Added delete block command for datanode ffc7b071-00b3-4a69-8de5-2639a1a8d8ac in the queue, number of delete block transactions: 3, TxID list: 1,2,3
2019-06-12 16:05:24,227 INFO  block.SCMBlockDeletingService (SCMBlockDeletingService.java:call(182)) - Totally added 3 delete blocks command for 1 datanodes, task elapsed time: 0ms
2019-06-12 16:05:24,236 INFO  commands.RetriableDatanodeEventWatcher (RetriableDatanodeEventWatcher.java:onTimeout(47)) - RetriableDatanodeCommand type=deleteBlocksCommand with id=1560355517632 timed out. Retrying.
2019-06-12 16:05:24,245 INFO  commands.RetriableDatanodeEventWatcher (RetriableDatanodeEventWatcher.java:onTimeout(47)) - RetriableDatanodeCommand type=deleteBlocksCommand with id=1560355517642 timed out. Retrying.
2019-06-12 16:05:24,253 INFO  commands.RetriableDatanodeEventWatcher (RetriableDatanodeEventWatcher.java:onTimeout(47)) - RetriableDatanodeCommand type=deleteBlocksCommand with id=1560355517652 timed out. Retrying.
2019-06-12 16:05:24,307 INFO  commands.RetriableDatanodeEventWatcher (RetriableDatanodeEventWatcher.java:onTimeout(47)) - RetriableDatanodeCommand type=deleteBlocksCommand with id=1560355517603 timed out. Retrying.
2019-06-12 16:05:24,319 INFO  commands.RetriableDatanodeEventWatcher (RetriableDatanodeEventWatcher.java:onTimeout(47)) - RetriableDatanodeCommand type=deleteBlocksCommand with id=1560355517613 timed out. Retrying.
2019-06-12 16:05:24,328 DEBUG block.SCMBlockDeletingService (SCMBlockDeletingService.java:call(138)) - Running DeletedBlockTransactionScanner
2019-06-12 16:05:24,328 DEBUG block.SCMBlockDeletingService (SCMBlockDeletingService.java:call(155)) - Scanned deleted blocks log and got 3 delTX to process.
2019-06-12 16:05:24,328 DEBUG block.SCMBlockDeletingService (SCMBlockDeletingService.java:call(171)) - Added delete block command for datanode ffc7b071-00b3-4a69-8de5-2639a1a8d8ac in the queue, number of delete block transactions: 3, TxID list: 1,2,3
2019-06-12 16:05:24,328 INFO  commands.RetriableDatanodeEventWatcher (RetriableDatanodeEventWatcher.java:onTimeout(47)) - RetriableDatanodeCommand type=deleteBlocksCommand with id=1560355517623 timed out. Retrying.
2019-06-12 16:05:24,328 INFO  block.SCMBlockDeletingService (SCMBlockDeletingService.java:call(182)) - Totally added 3 delete blocks command for 1 datanodes, task elapsed time: 1ms
2019-06-12 16:05:24,338 INFO  commands.RetriableDatanodeEventWatcher (RetriableDatanodeEventWatcher.java:onTimeout(47)) - RetriableDatanodeCommand type=deleteBlocksCommand with id=1560355517633 timed out. Retrying.
2019-06-12 16:05:24,342 INFO  ozone.MiniOzoneClusterImpl (MiniOzoneClusterImpl.java:lambda$waitForClusterToBeReady$0(142)) - Waiting for cluster to be ready. Got 0 of 1 DN Heartbeats.
2019-06-12 16:05:24,346 INFO  commands.RetriableDatanodeEventWatcher (RetriableDatanodeEventWatcher.java:onTimeout(47)) - RetriableDatanodeCommand type=deleteBlocksCommand with id=1560355517643 timed out. Retrying.
2019-06-12 16:05:24,373 INFO  commands.RetriableDatanodeEventWatcher (RetriableDatanodeEventWatcher.java:onTimeout(47)) - RetriableDatanodeCommand type=deleteBlocksCommand with id=1560355517653 timed out. Retrying.
2019-06-12 16:05:24,406 INFO  commands.RetriableDatanodeEventWatcher (RetriableDatanodeEventWatcher.java:onTimeout(47)) - RetriableDatanodeCommand type=deleteBlocksCommand with id=1560355517604 timed out. Retrying.
2019-06-12 16:05:24,420 INFO  commands.RetriableDatanodeEventWatcher (RetriableDatanodeEventWatcher.java:onTimeout(47)) - RetriableDatanodeCommand type=deleteBlocksCommand with id=1560355517614 timed out. Retrying.
2019-06-12 16:05:24,428 DEBUG block.SCMBlockDeletingService (SCMBlockDeletingService.java:call(138)) - Running DeletedBlockTransactionScanner
2019-06-12 16:05:24,429 DEBUG block.SCMBlockDeletingService (SCMBlockDeletingService.java:call(155)) - Scanned deleted blocks log and got 3 delTX to process.
2019-06-12 16:05:24,429 INFO  commands.RetriableDatanodeEventWatcher (SCMBlockDeletingService.java:call(171)) - Added delete block command for datanode ffc7b071-00b3-4a69-8de5-2639a1a8d8ac in the queue, number of delete block transactions: 3, TxID list: 1,2,3
2019-06-12 16:05:24,429 INFO  commands.RetriableDatanodeEventWatcher (RetriableDatanodeEventWatcher.java:onTimeout(47)) - RetriableDatanodeCommand type=deleteBlocksCommand with id=1560355517624 timed out. Retrying.
2019-06-12 16:05:24,429 INFO  block.SCMBlockDeletingService (SCMBlockDeletingService.java:call(182)) - Totally added 3 delete blocks command for 1 datanodes, task elapsed time: 1ms
2019-06-12 16:05:24,437 INFO  commands.RetriableDatanodeEventWatcher (RetriableDatanodeEventWatcher.java:onTimeout(47)) - RetriableDatanodeCommand type=deleteBlocksCommand with id=1560355517634 timed out. Retrying.
2019-06-12 16:05:24,447 INFO  commands.RetriableDatanodeEventWatcher (RetriableDatanodeEventWatcher.java:onTimeout(47)) - RetriableDatanodeCommand type=deleteBlocksCommand with id=1560355517644 timed out. Retrying.
2019-06-12 16:05:24,475 INFO  commands.RetriableDatanodeEventWatcher (RetriableDatanodeEventWatcher.java:onTimeout(47)) - RetriableDatanodeCommand type=deleteBlocksCommand with id=1560355517654 timed out. Retrying.
2019-06-12 16:05:24,507 INFO  commands.RetriableDatanodeEventWatcher (RetriableDatanodeEventWatcher.java:onTimeout(47)) - RetriableDatanodeCommand type=deleteBlocksCommand with id=1560355517605 timed out. Retrying.
2019-06-12 16:05:24,520 INFO  impl.FollowerState (FollowerState.java:run(101)) - ffc7b071-00b3-4a69-8de5-2639a1a8d8ac:group-6911E2D50CC5 changes to CANDIDATE, lastRpcTime:1168, electionTimeout:1168ms
2019-06-12 16:05:24,520 INFO  impl.RoleInfo (RoleInfo.java:shutdownFollowerState(121)) - ffc7b071-00b3-4a69-8de5-2639a1a8d8ac: shutdown FollowerState
2019-06-12 16:05:24,520 INFO  impl.RaftServerImpl (RaftServerImpl.java:setRole(164)) - ffc7b071-00b3-4a69-8de5-2639a1a8d8ac:group-6911E2D50CC5 changes role from FOLLOWER to CANDIDATE at term 1 for changeToCandidate
2019-06-12 16:05:24,520 INFO  impl.RoleInfo (RoleInfo.java:updateAndGet(143)) - ffc7b071-00b3-4a69-8de5-2639a1a8d8ac: start LeaderElection
2019-06-12 16:05:24,522 INFO  commands.RetriableDatanodeEventWatcher (RetriableDatanodeEventWatcher.java:onTimeout(47)) - RetriableDatanodeCommand type=deleteBlocksCommand with id=1560355517615 timed out. Retrying.
2019-06-12 16:05:24,529 DEBUG block.SCMBlockDeletingService (SCMBlockDeletingService.java:call(138)) - Running DeletedBlockTransactionScanner
2019-06-12 16:05:24,530 DEBUG block.SCMBlockDeletingService (SCMBlockDeletingService.java:call(155)) - Scanned deleted blocks log and got 3 delTX to process.
2019-06-12 16:05:24,530 DEBUG block.SCMBlockDeletingService (SCMBlockDeletingService.java:call(171)) - Added delete block command for datanode ffc7b071-00b3-4a69-8de5-2639a1a8d8ac in the queue, number of delete block transactions: 3, TxID list: 1,2,3
2019-06-12 16:05:24,531 INFO  commands.RetriableDatanodeEventWatcher (RetriableDatanodeEventWatcher.java:onTimeout(47)) - RetriableDatanodeCommand type=deleteBlocksCommand with id=1560355517625 timed out. Retrying.
2019-06-12 16:05:24,533 INFO  block.SCMBlockDeletingService (SCMBlockDeletingService.java:call(182)) - Totally added 3 delete blocks command for 1 datanodes, task elapsed time: 4ms
2019-06-12 16:05:24,534 INFO  impl.LeaderElection (LeaderElection.java:askForVotes(181)) - ffc7b071-00b3-4a69-8de5-2639a1a8d8ac:group-6911E2D50CC5:LeaderElection2: begin an election at term 2 for 0: [ffc7b071-00b3-4a69-8de5-2639a1a8d8ac:192.168.134.73:33311], old=null
2019-06-12 16:05:24,534 INFO  impl.RoleInfo (RoleInfo.java:shutdownLeaderElection(134)) - ffc7b071-00b3-4a69-8de5-2639a1a8d8ac: shutdown LeaderElection
2019-06-12 16:05:24,534 INFO  impl.RaftServerImpl (RaftServerImpl.java:setRole(164)) - ffc7b071-00b3-4a69-8de5-2639a1a8d8ac:group-6911E2D50CC5 changes role from CANDIDATE to LEADER at term 2 for changeToLeader
2019-06-12 16:05:24,534 INFO  impl.RaftServerImpl (ServerState.java:setLeader(263)) - ffc7b071-00b3-4a69-8de5-2639a1a8d8ac:group-6911E2D50CC5 change Leader from null to ffc7b071-00b3-4a69-8de5-2639a1a8d8ac at term 2 for becomeLeader, leader elected after 3323ms
2019-06-12 16:05:24,534 INFO  server.RaftServerConfigKeys (ConfUtils.java:logGet(43)) - raft.server.staging.catchup.gap = 1000 (default)
2019-06-12 16:05:24,534 INFO  server.RaftServerConfigKeys (ConfUtils.java:logGet(43)) - raft.server.rpc.sleep.time = 25ms (default)
2019-06-12 16:05:24,534 INFO  server.RaftServerConfigKeys (ConfUtils.java:logGet(43)) - raft.server.watch.timeout = 10s (default)
2019-06-12 16:05:24,534 INFO  server.RaftServerConfigKeys (ConfUtils.java:logGet(43)) - raft.server.watch.timeout.denomination = 1s (default)
2019-06-12 16:05:24,535 INFO  impl.RoleInfo (RoleInfo.java:updateAndGet(143)) - ffc7b071-00b3-4a69-8de5-2639a1a8d8ac: start LeaderState
2019-06-12 16:05:24,536 INFO  storage.RaftLogWorker (RaftLogWorker.java:rollLogSegment(303)) - ffc7b071-00b3-4a69-8de5-2639a1a8d8ac-RaftLogWorker: Rolling segment log-7280_7338 to index:7338
2019-06-12 16:05:24,536 INFO  storage.RaftLogWorker (RaftLogWorker.java:execute(433)) - ffc7b071-00b3-4a69-8de5-2639a1a8d8ac-RaftLogWorker: Rolled log segment from /opt/src/hadoop-ozone/integration-test/target/test-dir/MiniOzoneClusterImpl-a1c7246e-c692-4524-ad55-32b507b20431/datanode-0/data/ratis/4417d833-4fb6-4fa2-9413-6911e2d50cc5/current/log_inprogress_7280 to /opt/src/hadoop-ozone/integration-test/target/test-dir/MiniOzoneClusterImpl-a1c7246e-c692-4524-ad55-32b507b20431/datanode-0/data/ratis/4417d833-4fb6-4fa2-9413-6911e2d50cc5/current/log_7280-7338
2019-06-12 16:05:24,538 INFO  impl.RaftServerImpl (ServerState.java:setRaftConf(361)) - ffc7b071-00b3-4a69-8de5-2639a1a8d8ac:group-6911E2D50CC5 set configuration 7339: [ffc7b071-00b3-4a69-8de5-2639a1a8d8ac:192.168.134.73:33311], old=null at 7339
2019-06-12 16:05:24,554 INFO  commands.RetriableDatanodeEventWatcher (RetriableDatanodeEventWatcher.java:onTimeout(47)) - RetriableDatanodeCommand type=deleteBlocksCommand with id=1560355517635 timed out. Retrying.
2019-06-12 16:05:24,554 INFO  commands.RetriableDatanodeEventWatcher (RetriableDatanodeEventWatcher.java:onTimeout(47)) - RetriableDatanodeCommand type=deleteBlocksCommand with id=1560355517645 timed out. Retrying.
2019-06-12 16:05:24,575 INFO  commands.RetriableDatanodeEventWatcher (RetriableDatanodeEventWatcher.java:onTimeout(47)) - RetriableDatanodeCommand type=deleteBlocksCommand with id=1560355517655 timed out. Retrying.
2019-06-12 16:05:24,586 INFO  storage.RaftLogWorker (RaftLogWorker.java:execute(469)) - ffc7b071-00b3-4a69-8de5-2639a1a8d8ac-RaftLogWorker: created new log segment /opt/src/hadoop-ozone/integration-test/target/test-dir/MiniOzoneClusterImpl-a1c7246e-c692-4524-ad55-32b507b20431/datanode-0/data/ratis/4417d833-4fb6-4fa2-9413-6911e2d50cc5/current/log_inprogress_7339
2019-06-12 16:05:24,597 INFO  commands.RetriableDatanodeEventWatcher (RetriableDatanodeEventWatcher.java:onTimeout(47)) - RetriableDatanodeCommand type=deleteBlocksCommand with id=1560355517596 timed out. Retrying.
2019-06-12 16:05:24,610 INFO  commands.RetriableDatanodeEventWatcher (RetriableDatanodeEventWatcher.java:onTimeout(47)) - RetriableDatanodeCommand type=deleteBlocksCommand with id=1560355517606 timed out. Retrying.
2019-06-12 16:05:24,623 INFO  commands.RetriableDatanodeEventWatcher (RetriableDatanodeEventWatcher.java:onTimeout(47)) - RetriableDatanodeCommand type=deleteBlocksCommand with id=1560355517616 timed out. Retrying.
2019-06-12 16:05:24,630 INFO  commands.RetriableDatanodeEventWatcher (RetriableDatanodeEventWatcher.java:onTimeout(47)) - RetriableDatanodeCommand type=deleteBlocksCommand with id=1560355517626 timed out. Retrying.
2019-06-12 16:05:24,633 DEBUG block.SCMBlockDeletingService (SCMBlockDeletingService.java:call(138)) - Running DeletedBlockTransactionScanner
2019-06-12 16:05:24,634 DEBUG block.SCMBlockDeletingService (SCMBlockDeletingService.java:call(155)) - Scanned deleted blocks log and got 3 delTX to process.
2019-06-12 16:05:24,634 DEBUG block.SCMBlockDeletingService (SCMBlockDeletingService.java:call(171)) - Added delete block command for datanode ffc7b071-00b3-4a69-8de5-2639a1a8d8ac in the queue, number of delete block transactions: 3, TxID list: 1,2,3
2019-06-12 16:05:24,634 INFO  block.SCMBlockDeletingService (SCMBlockDeletingService.java:call(182)) - Totally added 3 delete blocks command for 1 datanodes, task elapsed time: 1ms
2019-06-12 16:05:24,639 INFO  commands.RetriableDatanodeEventWatcher (RetriableDatanodeEventWatcher.java:onTimeout(47)) - RetriableDatanodeCommand type=deleteBlocksCommand with id=1560355517636 timed out. Retrying.
2019-06-12 16:05:24,648 INFO  commands.RetriableDatanodeEventWatcher (RetriableDatanodeEventWatcher.java:onTimeout(47)) - RetriableDatanodeCommand type=deleteBlocksCommand with id=1560355517646 timed out. Retrying.
2019-06-12 16:05:24,677 INFO  commands.RetriableDatanodeEventWatcher (RetriableDatanodeEventWatcher.java:onTimeout(47)) - RetriableDatanodeCommand type=deleteBlocksCommand with id=1560355517656 timed out. Retrying.
2019-06-12 16:05:24,697 INFO  commands.RetriableDatanodeEventWatcher (RetriableDatanodeEventWatcher.java:onTimeout(47)) - RetriableDatanodeCommand type=deleteBlocksCommand with id=1560355517597 timed out. Retrying.
2019-06-12 16:05:24,710 INFO  commands.RetriableDatanodeEventWatcher (RetriableDatanodeEventWatcher.java:onTimeout(47)) - RetriableDatanodeCommand type=deleteBlocksCommand with id=1560355517607 timed out. Retrying.
2019-06-12 16:05:24,725 INFO  commands.RetriableDatanodeEventWatcher (RetriableDatanodeEventWatcher.java:onTimeout(47)) - RetriableDatanodeCommand type=deleteBlocksCommand with id=1560355517617 timed out. Retrying.
2019-06-12 16:05:24,731 INFO  commands.RetriableDatanodeEventWatcher (RetriableDatanodeEventWatcher.java:onTimeout(47)) - RetriableDatanodeCommand type=deleteBlocksCommand with id=1560355517627 timed out. Retrying.
2019-06-12 16:05:24,734 DEBUG block.SCMBlockDeletingService (SCMBlockDeletingService.java:call(138)) - Running DeletedBlockTransactionScanner
2019-06-12 16:05:24,735 DEBUG block.SCMBlockDeletingService (SCMBlockDeletingService.java:call(155)) - Scanned deleted blocks log and got 3 delTX to process.
2019-06-12 16:05:24,735 DEBUG block.SCMBlockDeletingService (SCMBlockDeletingService.java:call(171)) - Added delete block command for datanode ffc7b071-00b3-4a69-8de5-2639a1a8d8ac in the queue, number of delete block transactions: 3, TxID list: 1,2,3
2019-06-12 16:05:24,735 INFO  block.SCMBlockDeletingService (SCMBlockDeletingService.java:call(182)) - Totally added 3 delete blocks command for 1 datanodes, task elapsed time: 1ms
2019-06-12 16:05:24,741 INFO  commands.RetriableDatanodeEventWatcher (RetriableDatanodeEventWatcher.java:onTimeout(47)) - RetriableDatanodeCommand type=deleteBlocksCommand with id=1560355517637 timed out. Retrying.
2019-06-12 16:05:24,748 INFO  commands.RetriableDatanodeEventWatcher (RetriableDatanodeEventWatcher.java:onTimeout(47)) - RetriableDatanodeCommand type=deleteBlocksCommand with id=1560355517647 timed out. Retrying.
2019-06-12 16:05:24,777 INFO  commands.RetriableDatanodeEventWatcher (RetriableDatanodeEventWatcher.java:onTimeout(47)) - RetriableDatanodeCommand type=deleteBlocksCommand with id=1560355517657 timed out. Retrying.
2019-06-12 16:05:24,799 INFO  commands.RetriableDatanodeEventWatcher (RetriableDatanodeEventWatcher.java:onTimeout(47)) - RetriableDatanodeCommand type=deleteBlocksCommand with id=1560355517598 timed out. Retrying.
2019-06-12 16:05:24,809 INFO  commands.RetriableDatanodeEventWatcher (RetriableDatanodeEventWatcher.java:onTimeout(47)) - RetriableDatanodeCommand type=deleteBlocksCommand with id=1560355517608 timed out. Retrying.
2019-06-12 16:05:24,824 INFO  commands.RetriableDatanodeEventWatcher (RetriableDatanodeEventWatcher.java:onTimeout(47)) - RetriableDatanodeCommand type=deleteBlocksCommand with id=1560355517618 timed out. Retrying.
2019-06-12 16:05:24,834 INFO  commands.RetriableDatanodeEventWatcher (RetriableDatanodeEventWatcher.java:onTimeout(47)) - RetriableDatanodeCommand type=deleteBlocksCommand with id=1560355517628 timed out. Retrying.
2019-06-12 16:05:24,835 DEBUG block.SCMBlockDeletingService (SCMBlockDeletingService.java:call(138)) - Running DeletedBlockTransactionScanner
2019-06-12 16:05:24,835 DEBUG block.SCMBlockDeletingService (SCMBlockDeletingService.java:call(155)) - Scanned deleted blocks log and got 3 delTX to process.
2019-06-12 16:05:24,835 DEBUG block.SCMBlockDeletingService (SCMBlockDeletingService.java:call(171)) - Added delete block command for datanode ffc7b071-00b3-4a69-8de5-2639a1a8d8ac in the queue, number of delete block transactions: 3, TxID list: 1,2,3
2019-06-12 16:05:24,836 INFO  block.SCMBlockDeletingService (SCMBlockDeletingService.java:call(182)) - Totally added 3 delete blocks command for 1 datanodes, task elapsed time: 0ms
2019-06-12 16:05:24,842 INFO  commands.RetriableDatanodeEventWatcher (RetriableDatanodeEventWatcher.java:onTimeout(47)) - RetriableDatanodeCommand type=deleteBlocksCommand with id=1560355517638 timed out. Retrying.
2019-06-12 16:05:24,850 INFO  commands.RetriableDatanodeEventWatcher (RetriableDatanodeEventWatcher.java:onTimeout(47)) - RetriableDatanodeCommand type=deleteBlocksCommand with id=1560355517648 timed out. Retrying.
2019-06-12 16:05:24,902 INFO  commands.RetriableDatanodeEventWatcher (RetriableDatanodeEventWatcher.java:onTimeout(47)) - RetriableDatanodeCommand type=deleteBlocksCommand with id=1560355517599 timed out. Retrying.
2019-06-12 16:05:24,910 INFO  commands.RetriableDatanodeEventWatcher (RetriableDatanodeEventWatcher.java:onTimeout(47)) - RetriableDatanodeCommand type=deleteBlocksCommand with id=1560355517609 timed out. Retrying.
2019-06-12 16:05:24,925 INFO  commands.RetriableDatanodeEventWatcher (RetriableDatanodeEventWatcher.java:onTimeout(47)) - RetriableDatanodeCommand type=deleteBlocksCommand with id=1560355517658 timed out. Retrying.
2019-06-12 16:05:24,925 INFO  commands.RetriableDatanodeEventWatcher (RetriableDatanodeEventWatcher.java:onTimeout(47)) - RetriableDatanodeCommand type=deleteBlocksCommand with id=1560355517619 timed out. Retrying.
2019-06-12 16:05:24,933 INFO  commands.RetriableDatanodeEventWatcher (RetriableDatanodeEventWatcher.java:onTimeout(47)) - RetriableDatanodeCommand type=deleteBlocksCommand with id=1560355517629 timed out. Retrying.
2019-06-12 16:05:24,936 DEBUG block.SCMBlockDeletingService (SCMBlockDeletingService.java:call(138)) - Running DeletedBlockTransactionScanner
2019-06-12 16:05:24,936 DEBUG block.SCMBlockDeletingService (SCMBlockDeletingService.java:call(155)) - Scanned deleted blocks log and got 3 delTX to process.
2019-06-12 16:05:24,936 DEBUG block.SCMBlockDeletingService (SCMBlockDeletingService.java:call(171)) - Added delete block command for datanode ffc7b071-00b3-4a69-8de5-2639a1a8d8ac in the queue, number of delete block transactions: 3, TxID list: 1,2,3
2019-06-12 16:05:24,937 INFO  block.SCMBlockDeletingService (SCMBlockDeletingService.java:call(182)) - Totally added 3 delete blocks command for 1 datanodes, task elapsed time: 0ms
2019-06-12 16:05:24,942 INFO  commands.RetriableDatanodeEventWatcher (RetriableDatanodeEventWatcher.java:onTimeout(47)) - RetriableDatanodeCommand type=deleteBlocksCommand with id=1560355517639 timed out. Retrying.
2019-06-12 16:05:24,951 INFO  commands.RetriableDatanodeEventWatcher (RetriableDatanodeEventWatcher.java:onTimeout(47)) - RetriableDatanodeCommand type=deleteBlocksCommand with id=1560355517649 timed out. Retrying.
2019-06-12 16:05:25,002 INFO  commands.RetriableDatanodeEventWatcher (RetriableDatanodeEventWatcher.java:onTimeout(47)) - RetriableDatanodeCommand type=deleteBlocksCommand with id=1560355517600 timed out. Retrying.
2019-06-12 16:05:25,016 INFO  commands.RetriableDatanodeEventWatcher (RetriableDatanodeEventWatcher.java:onTimeout(47)) - RetriableDatanodeCommand type=deleteBlocksCommand with id=1560355517610 timed out. Retrying.
2019-06-12 16:05:25,026 INFO  commands.RetriableDatanodeEventWatcher (RetriableDatanodeEventWatcher.java:onTimeout(47)) - RetriableDatanodeCommand type=deleteBlocksCommand with id=1560355517659 timed out. Retrying.
2019-06-12 16:05:25,026 INFO  commands.RetriableDatanodeEventWatcher (RetriableDatanodeEventWatcher.java:onTimeout(47)) - RetriableDatanodeCommand type=deleteBlocksCommand with id=1560355517620 timed out. Retrying.
2019-06-12 16:05:25,033 INFO  commands.RetriableDatanodeEventWatcher (RetriableDatanodeEventWatcher.java:onTimeout(47)) - RetriableDatanodeCommand type=deleteBlocksCommand with id=1560355517630 timed out. Retrying.
2019-06-12 16:05:25,037 DEBUG block.SCMBlockDeletingService (SCMBlockDeletingService.java:call(138)) - Running DeletedBlockTransactionScanner
2019-06-12 16:05:25,037 DEBUG block.SCMBlockDeletingService (SCMBlockDeletingService.java:call(155)) - Scanned deleted blocks log and got 3 delTX to process.
2019-06-12 16:05:25,037 DEBUG block.SCMBlockDeletingService (SCMBlockDeletingService.java:call(171)) - Added delete block command for datanode ffc7b071-00b3-4a69-8de5-2639a1a8d8ac in the queue, number of delete block transactions: 3, TxID list: 1,2,3
2019-06-12 16:05:25,038 INFO  block.SCMBlockDeletingService (SCMBlockDeletingService.java:call(182)) - Totally added 3 delete blocks command for 1 datanodes, task elapsed time: 0ms
2019-06-12 16:05:25,046 INFO  commands.RetriableDatanodeEventWatcher (RetriableDatanodeEventWatcher.java:onTimeout(47)) - RetriableDatanodeCommand type=deleteBlocksCommand with id=1560355517640 timed out. Retrying.
2019-06-12 16:05:25,052 INFO  commands.RetriableDatanodeEventWatcher (RetriableDatanodeEventWatcher.java:onTimeout(47)) - RetriableDatanodeCommand type=deleteBlocksCommand with id=1560355517650 timed out. Retrying.
2019-06-12 16:05:25,102 INFO  commands.RetriableDatanodeEventWatcher (RetriableDatanodeEventWatcher.java:onTimeout(47)) - RetriableDatanodeCommand type=deleteBlocksCommand with id=1560355517601 timed out. Retrying.
2019-06-12 16:05:25,119 INFO  commands.RetriableDatanodeEventWatcher (RetriableDatanodeEventWatcher.java:onTimeout(47)) - RetriableDatanodeCommand type=deleteBlocksCommand with id=1560355517611 timed out. Retrying.
2019-06-12 16:05:25,127 INFO  commands.RetriableDatanodeEventWatcher (RetriableDatanodeEventWatcher.java:onTimeout(47)) - RetriableDatanodeCommand type=deleteBlocksCommand with id=1560355517621 timed out. Retrying.
2019-06-12 16:05:25,127 INFO  commands.RetriableDatanodeEventWatcher (RetriableDatanodeEventWatcher.java:onTimeout(47)) - RetriableDatanodeCommand type=deleteBlocksCommand with id=1560355517660 timed out. Retrying.
2019-06-12 16:05:25,135 INFO  commands.RetriableDatanodeEventWatcher (RetriableDatanodeEventWatcher.java:onTimeout(47)) - RetriableDatanodeCommand type=deleteBlocksCommand with id=1560355517631 timed out. Retrying.
2019-06-12 16:05:25,138 DEBUG block.SCMBlockDeletingService (SCMBlockDeletingService.java:call(138)) - Running DeletedBlockTransactionScanner
2019-06-12 16:05:25,138 DEBUG block.SCMBlockDeletingService (SCMBlockDeletingService.java:call(155)) - Scanned deleted blocks log and got 3 delTX to process.
2019-06-12 16:05:25,138 DEBUG block.SCMBlockDeletingService (SCMBlockDeletingService.java:call(171)) - Added delete block command for datanode ffc7b071-00b3-4a69-8de5-2639a1a8d8ac in the queue, number of delete block transactions: 3, TxID list: 1,2,3
2019-06-12 16:05:25,138 INFO  block.SCMBlockDeletingService (SCMBlockDeletingService.java:call(182)) - Totally added 3 delete blocks command for 1 datanodes, task elapsed time: 1ms
2019-06-12 16:05:25,143 INFO  commands.RetriableDatanodeEventWatcher (RetriableDatanodeEventWatcher.java:onTimeout(47)) - RetriableDatanodeCommand type=deleteBlocksCommand with id=1560355517641 timed out. Retrying.
2019-06-12 16:05:25,153 INFO  commands.RetriableDatanodeEventWatcher (RetriableDatanodeEventWatcher.java:onTimeout(47)) - RetriableDatanodeCommand type=deleteBlocksCommand with id=1560355517651 timed out. Retrying.
2019-06-12 16:05:25,206 INFO  commands.RetriableDatanodeEventWatcher (RetriableDatanodeEventWatcher.java:onTimeout(47)) - RetriableDatanodeCommand type=deleteBlocksCommand with id=1560355517602 timed out. Retrying.
2019-06-12 16:05:25,219 INFO  commands.RetriableDatanodeEventWatcher (RetriableDatanodeEventWatcher.java:onTimeout(47)) - RetriableDatanodeCommand type=deleteBlocksCommand with id=1560355517612 timed out. Retrying.
2019-06-12 16:05:25,226 INFO  commands.RetriableDatanodeEventWatcher (RetriableDatanodeEventWatcher.java:onTimeout(47)) - RetriableDatanodeCommand type=deleteBlocksCommand with id=1560355517622 timed out. Retrying.
2019-06-12 16:05:25,228 INFO  commands.RetriableDatanodeEventWatcher (RetriableDatanodeEventWatcher.java:onTimeout(47)) - RetriableDatanodeCommand type=deleteBlocksCommand with id=1560355517661 timed out. Retrying.
2019-06-12 16:05:25,237 INFO  commands.RetriableDatanodeEventWatcher (RetriableDatanodeEventWatcher.java:onTimeout(47)) - RetriableDatanodeCommand type=deleteBlocksCommand with id=1560355517632 timed out. Retrying.
2019-06-12 16:05:25,239 DEBUG block.SCMBlockDeletingService (SCMBlockDeletingService.java:call(138)) - Running DeletedBlockTransactionScanner
2019-06-12 16:05:25,239 DEBUG block.SCMBlockDeletingService (SCMBlockDeletingService.java:call(155)) - Scanned deleted blocks log and got 3 delTX to process.
2019-06-12 16:05:25,239 DEBUG block.SCMBlockDeletingService (SCMBlockDeletingService.java:call(171)) - Added delete block command for datanode ffc7b071-00b3-4a69-8de5-2639a1a8d8ac in the queue, number of delete block transactions: 3, TxID list: 1,2,3
2019-06-12 16:05:25,239 INFO  block.SCMBlockDeletingService (SCMBlockDeletingService.java:call(182)) - Totally added 3 delete blocks command for 1 datanodes, task elapsed time: 1ms
2019-06-12 16:05:25,244 INFO  commands.RetriableDatanodeEventWatcher (RetriableDatanodeEventWatcher.java:onTimeout(47)) - RetriableDatanodeCommand type=deleteBlocksCommand with id=1560355517642 timed out. Retrying.
2019-06-12 16:05:25,253 INFO  commands.RetriableDatanodeEventWatcher (RetriableDatanodeEventWatcher.java:onTimeout(47)) - RetriableDatanodeCommand type=deleteBlocksCommand with id=1560355517652 timed out. Retrying.
2019-06-12 16:05:25,308 INFO  commands.RetriableDatanodeEventWatcher (RetriableDatanodeEventWatcher.java:onTimeout(47)) - RetriableDatanodeCommand type=deleteBlocksCommand with id=1560355517603 timed out. Retrying.
2019-06-12 16:05:25,319 INFO  commands.RetriableDatanodeEventWatcher (RetriableDatanodeEventWatcher.java:onTimeout(47)) - RetriableDatanodeCommand type=deleteBlocksCommand with id=1560355517613 timed out. Retrying.
2019-06-12 16:05:25,328 INFO  commands.RetriableDatanodeEventWatcher (RetriableDatanodeEventWatcher.java:onTimeout(47)) - RetriableDatanodeCommand type=deleteBlocksCommand with id=1560355517623 timed out. Retrying.
2019-06-12 16:05:25,328 INFO  commands.RetriableDatanodeEventWatcher (RetriableDatanodeEventWatcher.java:onTimeout(47)) - RetriableDatanodeCommand type=deleteBlocksCommand with id=1560355517662 timed out. Retrying.
2019-06-12 16:05:25,339 INFO  commands.RetriableDatanodeEventWatcher (RetriableDatanodeEventWatcher.java:onTimeout(47)) - RetriableDatanodeCommand type=deleteBlocksCommand with id=1560355517633 timed out. Retrying.
2019-06-12 16:05:25,339 DEBUG block.SCMBlockDeletingService (SCMBlockDeletingService.java:call(138)) - Running DeletedBlockTransactionScanner
2019-06-12 16:05:25,340 DEBUG block.SCMBlockDeletingService (SCMBlockDeletingService.java:call(155)) - Scanned deleted blocks log and got 3 delTX to process.
2019-06-12 16:05:25,340 DEBUG block.SCMBlockDeletingService (SCMBlockDeletingService.java:call(171)) - Added delete block command for datanode ffc7b071-00b3-4a69-8de5-2639a1a8d8ac in the queue, number of delete block transactions: 3, TxID list: 1,2,3
2019-06-12 16:05:25,340 INFO  block.SCMBlockDeletingService (SCMBlockDeletingService.java:call(182)) - Totally added 3 delete blocks command for 1 datanodes, task elapsed time: 1ms
2019-06-12 16:05:25,343 INFO  ozone.MiniOzoneClusterImpl (MiniOzoneClusterImpl.java:lambda$waitForClusterToBeReady$0(142)) - Waiting for cluster to be ready. Got 0 of 1 DN Heartbeats.
2019-06-12 16:05:25,346 INFO  commands.RetriableDatanodeEventWatcher (RetriableDatanodeEventWatcher.java:onTimeout(47)) - RetriableDatanodeCommand type=deleteBlocksCommand with id=1560355517643 timed out. Retrying.
2019-06-12 16:05:25,347 INFO  block.SCMBlockDeletingService (SCMBlockDeletingService.java:handlePendingDeletes(115)) - Block deletion txnID mismatch in datanode ffc7b071-00b3-4a69-8de5-2639a1a8d8ac for containerID 1. Datanode delete txnID: 0, SCM txnID: 1
2019-06-12 16:05:25,347 INFO  block.SCMBlockDeletingService (SCMBlockDeletingService.java:handlePendingDeletes(115)) - Block deletion txnID mismatch in datanode ffc7b071-00b3-4a69-8de5-2639a1a8d8ac for containerID 2. Datanode delete txnID: 0, SCM txnID: 2
2019-06-12 16:05:25,347 INFO  block.SCMBlockDeletingService (SCMBlockDeletingService.java:handlePendingDeletes(115)) - Block deletion txnID mismatch in datanode ffc7b071-00b3-4a69-8de5-2639a1a8d8ac for containerID 3. Datanode delete txnID: 0, SCM txnID: 3
2019-06-12 16:05:25,373 INFO  commands.RetriableDatanodeEventWatcher (RetriableDatanodeEventWatcher.java:onTimeout(47)) - RetriableDatanodeCommand type=deleteBlocksCommand with id=1560355517653 timed out. Retrying.
2019-06-12 16:05:25,406 INFO  commands.RetriableDatanodeEventWatcher (RetriableDatanodeEventWatcher.java:onTimeout(47)) - RetriableDatanodeCommand type=deleteBlocksCommand with id=1560355517604 timed out. Retrying.
2019-06-12 16:05:25,421 INFO  commands.RetriableDatanodeEventWatcher (RetriableDatanodeEventWatcher.java:onTimeout(47)) - RetriableDatanodeCommand type=deleteBlocksCommand with id=1560355517614 timed out. Retrying.
2019-06-12 16:05:25,429 INFO  commands.RetriableDatanodeEventWatcher (RetriableDatanodeEventWatcher.java:onTimeout(47)) - RetriableDatanodeCommand type=deleteBlocksCommand with id=1560355517624 timed out. Retrying.
2019-06-12 16:05:25,429 INFO  commands.RetriableDatanodeEventWatcher (RetriableDatanodeEventWatcher.java:onTimeout(47)) - RetriableDatanodeCommand type=deleteBlocksCommand with id=1560355517663 timed out. Retrying.
2019-06-12 16:05:25,437 INFO  commands.RetriableDatanodeEventWatcher (RetriableDatanodeEventWatcher.java:onTimeout(47)) - RetriableDatanodeCommand type=deleteBlocksCommand with id=1560355517634 timed out. Retrying.
2019-06-12 16:05:25,440 DEBUG block.SCMBlockDeletingService (SCMBlockDeletingService.java:call(138)) - Running DeletedBlockTransactionScanner
2019-06-12 16:05:25,440 DEBUG block.SCMBlockDeletingService (SCMBlockDeletingService.java:call(155)) - Scanned deleted blocks log and got 3 delTX to process.
2019-06-12 16:05:25,440 DEBUG block.SCMBlockDeletingService (SCMBlockDeletingService.java:call(171)) - Added delete block command for datanode ffc7b071-00b3-4a69-8de5-2639a1a8d8ac in the queue, number of delete block transactions: 3, TxID list: 1,2,3
2019-06-12 16:05:25,441 INFO  block.SCMBlockDeletingService (SCMBlockDeletingService.java:call(182)) - Totally added 3 delete blocks command for 1 datanodes, task elapsed time: 0ms
2019-06-12 16:05:25,448 INFO  commands.RetriableDatanodeEventWatcher (RetriableDatanodeEventWatcher.java:onTimeout(47)) - RetriableDatanodeCommand type=deleteBlocksCommand with id=1560355517644 timed out. Retrying.
2019-06-12 16:05:25,476 INFO  commands.RetriableDatanodeEventWatcher (RetriableDatanodeEventWatcher.java:onTimeout(47)) - RetriableDatanodeCommand type=deleteBlocksCommand with id=1560355517654 timed out. Retrying.
2019-06-12 16:05:25,507 INFO  commands.RetriableDatanodeEventWatcher (RetriableDatanodeEventWatcher.java:onTimeout(47)) - RetriableDatanodeCommand type=deleteBlocksCommand with id=1560355517605 timed out. Retrying.
2019-06-12 16:05:25,523 INFO  commands.RetriableDatanodeEventWatcher (RetriableDatanodeEventWatcher.java:onTimeout(47)) - RetriableDatanodeCommand type=deleteBlocksCommand with id=1560355517615 timed out. Retrying.
2019-06-12 16:05:25,530 INFO  commands.RetriableDatanodeEventWatcher (RetriableDatanodeEventWatcher.java:onTimeout(47)) - RetriableDatanodeCommand type=deleteBlocksCommand with id=1560355517664 timed out. Retrying.
2019-06-12 16:05:25,531 INFO  commands.RetriableDatanodeEventWatcher (RetriableDatanodeEventWatcher.java:onTimeout(47)) - RetriableDatanodeCommand type=deleteBlocksCommand with id=1560355517625 timed out. Retrying.
2019-06-12 16:05:25,541 DEBUG block.SCMBlockDeletingService (SCMBlockDeletingService.java:call(138)) - Running DeletedBlockTransactionScanner
2019-06-12 16:05:25,541 DEBUG block.SCMBlockDeletingService (SCMBlockDeletingService.java:call(155)) - Scanned deleted blocks log and got 3 delTX to process.
2019-06-12 16:05:25,541 DEBUG block.SCMBlockDeletingService (SCMBlockDeletingService.java:call(171)) - Added delete block command for datanode ffc7b071-00b3-4a69-8de5-2639a1a8d8ac in the queue, number of delete block transactions: 3, TxID list: 1,2,3
2019-06-12 16:05:25,542 INFO  block.SCMBlockDeletingService (SCMBlockDeletingService.java:call(182)) - Totally added 3 delete blocks command for 1 datanodes, task elapsed time: 0ms
2019-06-12 16:05:25,553 INFO  commands.RetriableDatanodeEventWatcher (RetriableDatanodeEventWatcher.java:onTimeout(47)) - RetriableDatanodeCommand type=deleteBlocksCommand with id=1560355517635 timed out. Retrying.
2019-06-12 16:05:25,554 INFO  commands.RetriableDatanodeEventWatcher (RetriableDatanodeEventWatcher.java:onTimeout(47)) - RetriableDatanodeCommand type=deleteBlocksCommand with id=1560355517645 timed out. Retrying.
2019-06-12 16:05:25,576 INFO  commands.RetriableDatanodeEventWatcher (RetriableDatanodeEventWatcher.java:onTimeout(47)) - RetriableDatanodeCommand type=deleteBlocksCommand with id=1560355517655 timed out. Retrying.
2019-06-12 16:05:25,598 INFO  commands.RetriableDatanodeEventWatcher (RetriableDatanodeEventWatcher.java:onTimeout(47)) - RetriableDatanodeCommand type=deleteBlocksCommand with id=1560355517596 timed out. Retrying.
2019-06-12 16:05:25,610 INFO  commands.RetriableDatanodeEventWatcher (RetriableDatanodeEventWatcher.java:onTimeout(47)) - RetriableDatanodeCommand type=deleteBlocksCommand with id=1560355517606 timed out. Retrying.
2019-06-12 16:05:25,623 INFO  commands.RetriableDatanodeEventWatcher (RetriableDatanodeEventWatcher.java:onTimeout(47)) - RetriableDatanodeCommand type=deleteBlocksCommand with id=1560355517616 timed out. Retrying.
2019-06-12 16:05:25,631 INFO  commands.RetriableDatanodeEventWatcher (RetriableDatanodeEventWatcher.java:onTimeout(47)) - RetriableDatanodeCommand type=deleteBlocksCommand with id=1560355517626 timed out. Retrying.
2019-06-12 16:05:25,635 INFO  commands.RetriableDatanodeEventWatcher (RetriableDatanodeEventWatcher.java:onTimeout(47)) - RetriableDatanodeCommand type=deleteBlocksCommand with id=1560355517665 timed out. Retrying.
2019-06-12 16:05:25,639 INFO  commands.RetriableDatanodeEventWatcher (RetriableDatanodeEventWatcher.java:onTimeout(47)) - RetriableDatanodeCommand type=deleteBlocksCommand with id=1560355517636 timed out. Retrying.
2019-06-12 16:05:25,642 DEBUG block.SCMBlockDeletingService (SCMBlockDeletingService.java:call(138)) - Running DeletedBlockTransactionScanner
2019-06-12 16:05:25,642 DEBUG block.SCMBlockDeletingService (SCMBlockDeletingService.java:call(155)) - Scanned deleted blocks log and got 3 delTX to process.
2019-06-12 16:05:25,642 DEBUG block.SCMBlockDeletingService (SCMBlockDeletingService.java:call(171)) - Added delete block command for datanode ffc7b071-00b3-4a69-8de5-2639a1a8d8ac in the queue, number of delete block transactions: 3, TxID list: 1,2,3
2019-06-12 16:05:25,642 INFO  block.SCMBlockDeletingService (SCMBlockDeletingService.java:call(182)) - Totally added 3 delete blocks command for 1 datanodes, task elapsed time: 1ms
2019-06-12 16:05:25,648 INFO  commands.RetriableDatanodeEventWatcher (RetriableDatanodeEventWatcher.java:onTimeout(47)) - RetriableDatanodeCommand type=deleteBlocksCommand with id=1560355517646 timed out. Retrying.
2019-06-12 16:05:25,678 INFO  commands.RetriableDatanodeEventWatcher (RetriableDatanodeEventWatcher.java:onTimeout(47)) - RetriableDatanodeCommand type=deleteBlocksCommand with id=1560355517656 timed out. Retrying.
2019-06-12 16:05:25,698 INFO  commands.RetriableDatanodeEventWatcher (RetriableDatanodeEventWatcher.java:onTimeout(47)) - RetriableDatanodeCommand type=deleteBlocksCommand with id=1560355517597 timed out. Retrying.
2019-06-12 16:05:25,710 INFO  commands.RetriableDatanodeEventWatcher (RetriableDatanodeEventWatcher.java:onTimeout(47)) - RetriableDatanodeCommand type=deleteBlocksCommand with id=1560355517607 timed out. Retrying.
2019-06-12 16:05:25,725 INFO  commands.RetriableDatanodeEventWatcher (RetriableDatanodeEventWatcher.java:onTimeout(47)) - RetriableDatanodeCommand type=deleteBlocksCommand with id=1560355517617 timed out. Retrying.
2019-06-12 16:05:25,732 INFO  commands.RetriableDatanodeEventWatcher (RetriableDatanodeEventWatcher.java:onTimeout(47)) - RetriableDatanodeCommand type=deleteBlocksCommand with id=1560355517627 timed out. Retrying.
2019-06-12 16:05:25,734 INFO  commands.RetriableDatanodeEventWatcher (RetriableDatanodeEventWatcher.java:onTimeout(47)) - RetriableDatanodeCommand type=deleteBlocksCommand with id=1560355517666 timed out. Retrying.
2019-06-12 16:05:25,741 INFO  commands.RetriableDatanodeEventWatcher (RetriableDatanodeEventWatcher.java:onTimeout(47)) - RetriableDatanodeCommand type=deleteBlocksCommand with id=1560355517637 timed out. Retrying.
2019-06-12 16:05:25,743 DEBUG block.SCMBlockDeletingService (SCMBlockDeletingService.java:call(138)) - Running DeletedBlockTransactionScanner
2019-06-12 16:05:25,743 DEBUG block.SCMBlockDeletingService (SCMBlockDeletingService.java:call(155)) - Scanned deleted blocks log and got 3 delTX to process.
2019-06-12 16:05:25,743 DEBUG block.SCMBlockDeletingService (SCMBlockDeletingService.java:call(171)) - Added delete block command for datanode ffc7b071-00b3-4a69-8de5-2639a1a8d8ac in the queue, number of delete block transactions: 3, TxID list: 1,2,3
2019-06-12 16:05:25,743 INFO  block.SCMBlockDeletingService (SCMBlockDeletingService.java:call(182)) - Totally added 3 delete blocks command for 1 datanodes, task elapsed time: 1ms
2019-06-12 16:05:25,748 INFO  commands.RetriableDatanodeEventWatcher (RetriableDatanodeEventWatcher.java:onTimeout(47)) - RetriableDatanodeCommand type=deleteBlocksCommand with id=1560355517647 timed out. Retrying.
2019-06-12 16:05:25,777 INFO  commands.RetriableDatanodeEventWatcher (RetriableDatanodeEventWatcher.java:onTimeout(47)) - RetriableDatanodeCommand type=deleteBlocksCommand with id=1560355517657 timed out. Retrying.
2019-06-12 16:05:25,800 INFO  commands.RetriableDatanodeEventWatcher (RetriableDatanodeEventWatcher.java:onTimeout(47)) - RetriableDatanodeCommand type=deleteBlocksCommand with id=1560355517598 timed out. Retrying.
2019-06-12 16:05:25,810 INFO  commands.RetriableDatanodeEventWatcher (RetriableDatanodeEventWatcher.java:onTimeout(47)) - RetriableDatanodeCommand type=deleteBlocksCommand with id=1560355517608 timed out. Retrying.
2019-06-12 16:05:25,824 INFO  commands.RetriableDatanodeEventWatcher (RetriableDatanodeEventWatcher.java:onTimeout(47)) - RetriableDatanodeCommand type=deleteBlocksCommand with id=1560355517618 timed out. Retrying.
2019-06-12 16:05:25,833 INFO  commands.RetriableDatanodeEventWatcher (RetriableDatanodeEventWatcher.java:onTimeout(47)) - RetriableDatanodeCommand type=deleteBlocksCommand with id=1560355517628 timed out. Retrying.
2019-06-12 16:05:25,836 INFO  commands.RetriableDatanodeEventWatcher (RetriableDatanodeEventWatcher.java:onTimeout(47)) - RetriableDatanodeCommand type=deleteBlocksCommand with id=1560355517667 timed out. Retrying.
2019-06-12 16:05:25,842 INFO  commands.RetriableDatanodeEventWatcher (RetriableDatanodeEventWatcher.java:onTimeout(47)) - RetriableDatanodeCommand type=deleteBlocksCommand with id=1560355517638 timed out. Retrying.
2019-06-12 16:05:25,843 DEBUG block.SCMBlockDeletingService (SCMBlockDeletingService.java:call(138)) - Running DeletedBlockTransactionScanner
2019-06-12 16:05:25,843 DEBUG block.SCMBlockDeletingService (SCMBlockDeletingService.java:call(155)) - Scanned deleted blocks log and got 3 delTX to process.
2019-06-12 16:05:25,844 DEBUG block.SCMBlockDeletingService (SCMBlockDeletingService.java:call(171)) - Added delete block command for datanode ffc7b071-00b3-4a69-8de5-2639a1a8d8ac in the queue, number of delete block transactions: 3, TxID list: 1,2,3
2019-06-12 16:05:25,844 INFO  block.SCMBlockDeletingService (SCMBlockDeletingService.java:call(182)) - Totally added 3 delete blocks command for 1 datanodes, task elapsed time: 0ms
2019-06-12 16:05:25,851 INFO  commands.RetriableDatanodeEventWatcher (RetriableDatanodeEventWatcher.java:onTimeout(47)) - RetriableDatanodeCommand type=deleteBlocksCommand with id=1560355517648 timed out. Retrying.
2019-06-12 16:05:25,902 INFO  commands.RetriableDatanodeEventWatcher (RetriableDatanodeEventWatcher.java:onTimeout(47)) - RetriableDatanodeCommand type=deleteBlocksCommand with id=1560355517599 timed out. Retrying.
2019-06-12 16:05:25,910 INFO  commands.RetriableDatanodeEventWatcher (RetriableDatanodeEventWatcher.java:onTimeout(47)) - RetriableDatanodeCommand type=deleteBlocksCommand with id=1560355517609 timed out. Retrying.
2019-06-12 16:05:25,926 INFO  commands.RetriableDatanodeEventWatcher (RetriableDatanodeEventWatcher.java:onTimeout(47)) - RetriableDatanodeCommand type=deleteBlocksCommand with id=1560355517619 timed out. Retrying.
2019-06-12 16:05:25,926 INFO  commands.RetriableDatanodeEventWatcher (RetriableDatanodeEventWatcher.java:onTimeout(47)) - RetriableDatanodeCommand type=deleteBlocksCommand with id=1560355517658 timed out. Retrying.
2019-06-12 16:05:25,933 INFO  commands.RetriableDatanodeEventWatcher (RetriableDatanodeEventWatcher.java:onTimeout(47)) - RetriableDatanodeCommand type=deleteBlocksCommand with id=1560355517629 timed out. Retrying.
2019-06-12 16:05:25,936 INFO  commands.RetriableDatanodeEventWatcher (RetriableDatanodeEventWatcher.java:onTimeout(47)) - RetriableDatanodeCommand type=deleteBlocksCommand with id=1560355517668 timed out. Retrying.
2019-06-12 16:05:25,942 INFO  commands.RetriableDatanodeEventWatcher (RetriableDatanodeEventWatcher.java:onTimeout(47)) - RetriableDatanodeCommand type=deleteBlocksCommand with id=1560355517639 timed out. Retrying.
2019-06-12 16:05:25,944 DEBUG block.SCMBlockDeletingService (SCMBlockDeletingService.java:call(138)) - Running DeletedBlockTransactionScanner
2019-06-12 16:05:25,944 DEBUG block.SCMBlockDeletingService (SCMBlockDeletingService.java:call(155)) - Scanned deleted blocks log and got 3 delTX to process.
2019-06-12 16:05:25,944 DEBUG block.SCMBlockDeletingService (SCMBlockDeletingService.java:call(171)) - Added delete block command for datanode ffc7b071-00b3-4a69-8de5-2639a1a8d8ac in the queue, number of delete block transactions: 3, TxID list: 1,2,3
2019-06-12 16:05:25,945 INFO  block.SCMBlockDeletingService (SCMBlockDeletingService.java:call(182)) - Totally added 3 delete blocks command for 1 datanodes, task elapsed time: 0ms
2019-06-12 16:05:25,951 INFO  commands.RetriableDatanodeEventWatcher (RetriableDatanodeEventWatcher.java:onTimeout(47)) - RetriableDatanodeCommand type=deleteBlocksCommand with id=1560355517649 timed out. Retrying.
2019-06-12 16:05:26,003 INFO  commands.RetriableDatanodeEventWatcher (RetriableDatanodeEventWatcher.java:onTimeout(47)) - RetriableDatanodeCommand type=deleteBlocksCommand with id=1560355517600 timed out. Retrying.
2019-06-12 16:05:26,016 INFO  commands.RetriableDatanodeEventWatcher (RetriableDatanodeEventWatcher.java:onTimeout(47)) - RetriableDatanodeCommand type=deleteBlocksCommand with id=1560355517610 timed out. Retrying.
2019-06-12 16:05:26,026 INFO  commands.RetriableDatanodeEventWatcher (RetriableDatanodeEventWatcher.java:onTimeout(47)) - RetriableDatanodeCommand type=deleteBlocksCommand with id=1560355517620 timed out. Retrying.
2019-06-12 16:05:26,026 INFO  commands.RetriableDatanodeEventWatcher (RetriableDatanodeEventWatcher.java:onTimeout(47)) - RetriableDatanodeCommand type=deleteBlocksCommand with id=1560355517659 timed out. Retrying.
2019-06-12 16:05:26,034 INFO  commands.RetriableDatanodeEventWatcher (RetriableDatanodeEventWatcher.java:onTimeout(47)) - RetriableDatanodeCommand type=deleteBlocksCommand with id=1560355517630 timed out. Retrying.
2019-06-12 16:05:26,037 INFO  commands.RetriableDatanodeEventWatcher (RetriableDatanodeEventWatcher.java:onTimeout(47)) - RetriableDatanodeCommand type=deleteBlocksCommand with id=1560355517669 timed out. Retrying.
2019-06-12 16:05:26,045 DEBUG block.SCMBlockDeletingService (SCMBlockDeletingService.java:call(138)) - Running DeletedBlockTransactionScanner
2019-06-12 16:05:26,045 DEBUG block.SCMBlockDeletingService (SCMBlockDeletingService.java:call(155)) - Scanned deleted blocks log and got 3 delTX to process.
2019-06-12 16:05:26,045 INFO  commands.RetriableDatanodeEventWatcher (SCMBlockDeletingService.java:call(171)) - Added delete block command for datanode ffc7b071-00b3-4a69-8de5-2639a1a8d8ac in the queue, number of delete block transactions: 3, TxID list: 1,2,3
2019-06-12 16:05:26,045 INFO  commands.RetriableDatanodeEventWatcher (RetriableDatanodeEventWatcher.java:onTimeout(47)) - RetriableDatanodeCommand type=deleteBlocksCommand with id=1560355517640 timed out. Retrying.
2019-06-12 16:05:26,045 INFO  block.SCMBlockDeletingService (SCMBlockDeletingService.java:call(182)) - Totally added 3 delete blocks command for 1 datanodes, task elapsed time: 0ms
2019-06-12 16:05:26,052 INFO  commands.RetriableDatanodeEventWatcher (RetriableDatanodeEventWatcher.java:onTimeout(47)) - RetriableDatanodeCommand type=deleteBlocksCommand with id=1560355517650 timed out. Retrying.
2019-06-12 16:05:26,103 INFO  commands.RetriableDatanodeEventWatcher (RetriableDatanodeEventWatcher.java:onTimeout(47)) - RetriableDatanodeCommand type=deleteBlocksCommand with id=1560355517601 timed out. Retrying.
2019-06-12 16:05:26,119 INFO  commands.RetriableDatanodeEventWatcher (RetriableDatanodeEventWatcher.java:onTimeout(47)) - RetriableDatanodeCommand type=deleteBlocksCommand with id=1560355517611 timed out. Retrying.
2019-06-12 16:05:26,126 INFO  commands.RetriableDatanodeEventWatcher (RetriableDatanodeEventWatcher.java:onTimeout(47)) - RetriableDatanodeCommand type=deleteBlocksCommand with id=1560355517621 timed out. Retrying.
2019-06-12 16:05:26,128 INFO  commands.RetriableDatanodeEventWatcher (RetriableDatanodeEventWatcher.java:onTimeout(47)) - RetriableDatanodeCommand type=deleteBlocksCommand with id=1560355517660 timed out. Retrying.
2019-06-12 16:05:26,136 INFO  commands.RetriableDatanodeEventWatcher (RetriableDatanodeEventWatcher.java:onTimeout(47)) - RetriableDatanodeCommand type=deleteBlocksCommand with id=1560355517631 timed out. Retrying.
2019-06-12 16:05:26,138 INFO  commands.RetriableDatanodeEventWatcher (RetriableDatanodeEventWatcher.java:onTimeout(47)) - RetriableDatanodeCommand type=deleteBlocksCommand with id=1560355517670 timed out. Retrying.
2019-06-12 16:05:26,143 INFO  commands.RetriableDatanodeEventWatcher (RetriableDatanodeEventWatcher.java:onTimeout(47)) - RetriableDatanodeCommand type=deleteBlocksCommand with id=1560355517641 timed out. Retrying.
2019-06-12 16:05:26,146 DEBUG block.SCMBlockDeletingService (SCMBlockDeletingService.java:call(138)) - Running DeletedBlockTransactionScanner
2019-06-12 16:05:26,146 DEBUG block.SCMBlockDeletingService (SCMBlockDeletingService.java:call(155)) - Scanned deleted blocks log and got 3 delTX to process.
2019-06-12 16:05:26,146 DEBUG block.SCMBlockDeletingService (SCMBlockDeletingService.java:call(171)) - Added delete block command for datanode ffc7b071-00b3-4a69-8de5-2639a1a8d8ac in the queue, number of delete block transactions: 3, TxID list: 1,2,3
2019-06-12 16:05:26,146 INFO  block.SCMBlockDeletingService (SCMBlockDeletingService.java:call(182)) - Totally added 3 delete blocks command for 1 datanodes, task elapsed time: 1ms
2019-06-12 16:05:26,152 INFO  commands.RetriableDatanodeEventWatcher (RetriableDatanodeEventWatcher.java:onTimeout(47)) - RetriableDatanodeCommand type=deleteBlocksCommand with id=1560355517651 timed out. Retrying.
2019-06-12 16:05:26,206 INFO  commands.RetriableDatanodeEventWatcher (RetriableDatanodeEventWatcher.java:onTimeout(47)) - RetriableDatanodeCommand type=deleteBlocksCommand with id=1560355517602 timed out. Retrying.
2019-06-12 16:05:26,220 INFO  commands.RetriableDatanodeEventWatcher (RetriableDatanodeEventWatcher.java:onTimeout(47)) - RetriableDatanodeCommand type=deleteBlocksCommand with id=1560355517612 timed out. Retrying.
2019-06-12 16:05:26,226 INFO  commands.RetriableDatanodeEventWatcher (RetriableDatanodeEventWatcher.java:onTimeout(47)) - RetriableDatanodeCommand type=deleteBlocksCommand with id=1560355517622 timed out. Retrying.
2019-06-12 16:05:26,227 INFO  commands.RetriableDatanodeEventWatcher (RetriableDatanodeEventWatcher.java:onTimeout(47)) - RetriableDatanodeCommand type=deleteBlocksCommand with id=1560355517661 timed out. Retrying.
2019-06-12 16:05:26,237 INFO  commands.RetriableDatanodeEventWatcher (RetriableDatanodeEventWatcher.java:onTimeout(47)) - RetriableDatanodeCommand type=deleteBlocksCommand with id=1560355517632 timed out. Retrying.
2019-06-12 16:05:26,240 INFO  commands.RetriableDatanodeEventWatcher (RetriableDatanodeEventWatcher.java:onTimeout(47)) - RetriableDatanodeCommand type=deleteBlocksCommand with id=1560355517671 timed out. Retrying.
2019-06-12 16:05:26,244 INFO  commands.RetriableDatanodeEventWatcher (RetriableDatanodeEventWatcher.java:onTimeout(47)) - RetriableDatanodeCommand type=deleteBlocksCommand with id=1560355517642 timed out. Retrying.
2019-06-12 16:05:26,246 DEBUG block.SCMBlockDeletingService (SCMBlockDeletingService.java:call(138)) - Running DeletedBlockTransactionScanner
2019-06-12 16:05:26,247 DEBUG block.SCMBlockDeletingService (SCMBlockDeletingService.java:call(155)) - Scanned deleted blocks log and got 3 delTX to process.
2019-06-12 16:05:26,247 DEBUG block.SCMBlockDeletingService (SCMBlockDeletingService.java:call(171)) - Added delete block command for datanode ffc7b071-00b3-4a69-8de5-2639a1a8d8ac in the queue, number of delete block transactions: 3, TxID list: 1,2,3
2019-06-12 16:05:26,247 INFO  block.SCMBlockDeletingService (SCMBlockDeletingService.java:call(182)) - Totally added 3 delete blocks command for 1 datanodes, task elapsed time: 1ms
2019-06-12 16:05:26,253 INFO  commands.RetriableDatanodeEventWatcher (RetriableDatanodeEventWatcher.java:onTimeout(47)) - RetriableDatanodeCommand type=deleteBlocksCommand with id=1560355517652 timed out. Retrying.
2019-06-12 16:05:26,307 INFO  commands.RetriableDatanodeEventWatcher (RetriableDatanodeEventWatcher.java:onTimeout(47)) - RetriableDatanodeCommand type=deleteBlocksCommand with id=1560355517603 timed out. Retrying.
2019-06-12 16:05:26,320 INFO  commands.RetriableDatanodeEventWatcher (RetriableDatanodeEventWatcher.java:onTimeout(47)) - RetriableDatanodeCommand type=deleteBlocksCommand with id=1560355517613 timed out. Retrying.
2019-06-12 16:05:26,328 INFO  commands.RetriableDatanodeEventWatcher (RetriableDatanodeEventWatcher.java:onTimeout(47)) - RetriableDatanodeCommand type=deleteBlocksCommand with id=1560355517623 timed out. Retrying.
2019-06-12 16:05:26,328 INFO  commands.RetriableDatanodeEventWatcher (RetriableDatanodeEventWatcher.java:onTimeout(47)) - RetriableDatanodeCommand type=deleteBlocksCommand with id=1560355517662 timed out. Retrying.
2019-06-12 16:05:26,338 INFO  commands.RetriableDatanodeEventWatcher (RetriableDatanodeEventWatcher.java:onTimeout(47)) - RetriableDatanodeCommand type=deleteBlocksCommand with id=1560355517633 timed out. Retrying.
2019-06-12 16:05:26,340 INFO  commands.RetriableDatanodeEventWatcher (RetriableDatanodeEventWatcher.java:onTimeout(47)) - RetriableDatanodeCommand type=deleteBlocksCommand with id=1560355517672 timed out. Retrying.
2019-06-12 16:05:26,343 INFO  ozone.MiniOzoneClusterImpl (MiniOzoneClusterImpl.java:lambda$waitForClusterToBeReady$0(142)) - Waiting for cluster to be ready. Got 0 of 1 DN Heartbeats.
2019-06-12 16:05:26,346 INFO  commands.RetriableDatanodeEventWatcher (RetriableDatanodeEventWatcher.java:onTimeout(47)) - RetriableDatanodeCommand type=deleteBlocksCommand with id=1560355517643 timed out. Retrying.
2019-06-12 16:05:26,347 DEBUG block.SCMBlockDeletingService (SCMBlockDeletingService.java:call(138)) - Running DeletedBlockTransactionScanner
2019-06-12 16:05:26,348 DEBUG block.SCMBlockDeletingService (SCMBlockDeletingService.java:call(155)) - Scanned deleted blocks log and got 3 delTX to process.
2019-06-12 16:05:26,348 DEBUG block.SCMBlockDeletingService (SCMBlockDeletingService.java:call(171)) - Added delete block command for datanode ffc7b071-00b3-4a69-8de5-2639a1a8d8ac in the queue, number of delete block transactions: 3, TxID list: 1,2,3
2019-06-12 16:05:26,348 INFO  block.SCMBlockDeletingService (SCMBlockDeletingService.java:call(182)) - Totally added 3 delete blocks command for 1 datanodes, task elapsed time: 1ms
2019-06-12 16:05:26,373 INFO  commands.RetriableDatanodeEventWatcher (RetriableDatanodeEventWatcher.java:onTimeout(47)) - RetriableDatanodeCommand type=deleteBlocksCommand with id=1560355517653 timed out. Retrying.
2019-06-12 16:05:26,406 INFO  commands.RetriableDatanodeEventWatcher (RetriableDatanodeEventWatcher.java:onTimeout(47)) - RetriableDatanodeCommand type=deleteBlocksCommand with id=1560355517604 timed out. Retrying.
2019-06-12 16:05:26,422 INFO  commands.RetriableDatanodeEventWatcher (RetriableDatanodeEventWatcher.java:onTimeout(47)) - RetriableDatanodeCommand type=deleteBlocksCommand with id=1560355517614 timed out. Retrying.
2019-06-12 16:05:26,430 INFO  commands.RetriableDatanodeEventWatcher (RetriableDatanodeEventWatcher.java:onTimeout(47)) - RetriableDatanodeCommand type=deleteBlocksCommand with id=1560355517624 timed out. Retrying.
2019-06-12 16:05:26,430 INFO  commands.RetriableDatanodeEventWatcher (RetriableDatanodeEventWatcher.java:onTimeout(47)) - RetriableDatanodeCommand type=deleteBlocksCommand with id=1560355517663 timed out. Retrying.
2019-06-12 16:05:26,437 INFO  commands.RetriableDatanodeEventWatcher (RetriableDatanodeEventWatcher.java:onTimeout(47)) - RetriableDatanodeCommand type=deleteBlocksCommand with id=1560355517634 timed out. Retrying.
2019-06-12 16:05:26,440 INFO  commands.RetriableDatanodeEventWatcher (RetriableDatanodeEventWatcher.java:onTimeout(47)) - RetriableDatanodeCommand type=deleteBlocksCommand with id=1560355517673 timed out. Retrying.
2019-06-12 16:05:26,448 INFO  commands.RetriableDatanodeEventWatcher (RetriableDatanodeEventWatcher.java:onTimeout(47)) - RetriableDatanodeCommand type=deleteBlocksCommand with id=1560355517644 timed out. Retrying.
2019-06-12 16:05:26,448 DEBUG block.SCMBlockDeletingService (SCMBlockDeletingService.java:call(138)) - Running DeletedBlockTransactionScanner
2019-06-12 16:05:26,448 DEBUG block.SCMBlockDeletingService (SCMBlockDeletingService.java:call(155)) - Scanned deleted blocks log and got 3 delTX to process.
2019-06-12 16:05:26,449 DEBUG block.SCMBlockDeletingService (SCMBlockDeletingService.java:call(171)) - Added delete block command for datanode ffc7b071-00b3-4a69-8de5-2639a1a8d8ac in the queue, number of delete block transactions: 3, TxID list: 1,2,3
2019-06-12 16:05:26,449 INFO  block.SCMBlockDeletingService (SCMBlockDeletingService.java:call(182)) - Totally added 3 delete blocks command for 1 datanodes, task elapsed time: 1ms
2019-06-12 16:05:26,477 INFO  commands.RetriableDatanodeEventWatcher (RetriableDatanodeEventWatcher.java:onTimeout(47)) - RetriableDatanodeCommand type=deleteBlocksCommand with id=1560355517654 timed out. Retrying.
2019-06-12 16:05:26,507 INFO  commands.RetriableDatanodeEventWatcher (RetriableDatanodeEventWatcher.java:onTimeout(47)) - RetriableDatanodeCommand type=deleteBlocksCommand with id=1560355517605 timed out. Retrying.
2019-06-12 16:05:26,522 INFO  commands.RetriableDatanodeEventWatcher (RetriableDatanodeEventWatcher.java:onTimeout(47)) - RetriableDatanodeCommand type=deleteBlocksCommand with id=1560355517615 timed out. Retrying.
2019-06-12 16:05:26,531 INFO  commands.RetriableDatanodeEventWatcher (RetriableDatanodeEventWatcher.java:onTimeout(47)) - RetriableDatanodeCommand type=deleteBlocksCommand with id=1560355517664 timed out. Retrying.
2019-06-12 16:05:26,532 INFO  commands.RetriableDatanodeEventWatcher (RetriableDatanodeEventWatcher.java:onTimeout(47)) - RetriableDatanodeCommand type=deleteBlocksCommand with id=1560355517625 timed out. Retrying.
2019-06-12 16:05:26,541 INFO  commands.RetriableDatanodeEventWatcher (RetriableDatanodeEventWatcher.java:onTimeout(47)) - RetriableDatanodeCommand type=deleteBlocksCommand with id=1560355517674 timed out. Retrying.
2019-06-12 16:05:26,549 DEBUG block.SCMBlockDeletingService (SCMBlockDeletingService.java:call(138)) - Running DeletedBlockTransactionScanner
2019-06-12 16:05:26,549 DEBUG block.SCMBlockDeletingService (SCMBlockDeletingService.java:call(155)) - Scanned deleted blocks log and got 3 delTX to process.
2019-06-12 16:05:26,549 DEBUG block.SCMBlockDeletingService (SCMBlockDeletingService.java:call(171)) - Added delete block command for datanode ffc7b071-00b3-4a69-8de5-2639a1a8d8ac in the queue, number of delete block transactions: 3, TxID list: 1,2,3
2019-06-12 16:05:26,550 INFO  block.SCMBlockDeletingService (SCMBlockDeletingService.java:call(182)) - Totally added 3 delete blocks command for 1 datanodes, task elapsed time: 0ms
2019-06-12 16:05:26,555 INFO  commands.RetriableDatanodeEventWatcher (RetriableDatanodeEventWatcher.java:onTimeout(47)) - RetriableDatanodeCommand type=deleteBlocksCommand with id=1560355517635 timed out. Retrying.
2019-06-12 16:05:26,555 INFO  commands.RetriableDatanodeEventWatcher (RetriableDatanodeEventWatcher.java:onTimeout(47)) - RetriableDatanodeCommand type=deleteBlocksCommand with id=1560355517645 timed out. Retrying.
2019-06-12 16:05:26,575 INFO  commands.RetriableDatanodeEventWatcher (RetriableDatanodeEventWatcher.java:onTimeout(47)) - RetriableDatanodeCommand type=deleteBlocksCommand with id=1560355517655 timed out. Retrying.
2019-06-12 16:05:26,598 INFO  commands.RetriableDatanodeEventWatcher (RetriableDatanodeEventWatcher.java:onTimeout(47)) - RetriableDatanodeCommand type=deleteBlocksCommand with id=1560355517596 timed out. Retrying.
2019-06-12 16:05:26,611 INFO  commands.RetriableDatanodeEventWatcher (RetriableDatanodeEventWatcher.java:onTimeout(47)) - RetriableDatanodeCommand type=deleteBlocksCommand with id=1560355517606 timed out. Retrying.
2019-06-12 16:05:26,623 INFO  commands.RetriableDatanodeEventWatcher (RetriableDatanodeEventWatcher.java:onTimeout(47)) - RetriableDatanodeCommand type=deleteBlocksCommand with id=1560355517616 timed out. Retrying.
2019-06-12 16:05:26,630 INFO  commands.RetriableDatanodeEventWatcher (RetriableDatanodeEventWatcher.java:onTimeout(47)) - RetriableDatanodeCommand type=deleteBlocksCommand with id=1560355517626 timed out. Retrying.
2019-06-12 16:05:26,635 INFO  commands.RetriableDatanodeEventWatcher (RetriableDatanodeEventWatcher.java:onTimeout(47)) - RetriableDatanodeCommand type=deleteBlocksCommand with id=1560355517665 timed out. Retrying.
2019-06-12 16:05:26,640 INFO  commands.RetriableDatanodeEventWatcher (RetriableDatanodeEventWatcher.java:onTimeout(47)) - RetriableDatanodeCommand type=deleteBlocksCommand with id=1560355517636 timed out. Retrying.
2019-06-12 16:05:26,643 INFO  commands.RetriableDatanodeEventWatcher (RetriableDatanodeEventWatcher.java:onTimeout(47)) - RetriableDatanodeCommand type=deleteBlocksCommand with id=1560355517675 timed out. Retrying.
2019-06-12 16:05:26,648 INFO  commands.RetriableDatanodeEventWatcher (RetriableDatanodeEventWatcher.java:onTimeout(47)) - RetriableDatanodeCommand type=deleteBlocksCommand with id=1560355517646 timed out. Retrying.
2019-06-12 16:05:26,650 DEBUG block.SCMBlockDeletingService (SCMBlockDeletingService.java:call(138)) - Running DeletedBlockTransactionScanner
2019-06-12 16:05:26,650 DEBUG block.SCMBlockDeletingService (SCMBlockDeletingService.java:call(155)) - Scanned deleted blocks log and got 3 delTX to process.
2019-06-12 16:05:26,650 DEBUG block.SCMBlockDeletingService (SCMBlockDeletingService.java:call(171)) - Added delete block command for datanode ffc7b071-00b3-4a69-8de5-2639a1a8d8ac in the queue, number of delete block transactions: 3, TxID list: 1,2,3
2019-06-12 16:05:26,650 INFO  block.SCMBlockDeletingService (SCMBlockDeletingService.java:call(182)) - Totally added 3 delete blocks command for 1 datanodes, task elapsed time: 1ms
2019-06-12 16:05:26,677 INFO  commands.RetriableDatanodeEventWatcher (RetriableDatanodeEventWatcher.java:onTimeout(47)) - RetriableDatanodeCommand type=deleteBlocksCommand with id=1560355517656 timed out. Retrying.
2019-06-12 16:05:26,699 INFO  commands.RetriableDatanodeEventWatcher (RetriableDatanodeEventWatcher.java:onTimeout(47)) - RetriableDatanodeCommand type=deleteBlocksCommand with id=1560355517597 timed out. Retrying.
2019-06-12 16:05:26,711 INFO  commands.RetriableDatanodeEventWatcher (RetriableDatanodeEventWatcher.java:onTimeout(47)) - RetriableDatanodeCommand type=deleteBlocksCommand with id=1560355517607 timed out. Retrying.
2019-06-12 16:05:26,725 INFO  commands.RetriableDatanodeEventWatcher (RetriableDatanodeEventWatcher.java:onTimeout(47)) - RetriableDatanodeCommand type=deleteBlocksCommand with id=1560355517617 timed out. Retrying.
2019-06-12 16:05:26,732 INFO  commands.RetriableDatanodeEventWatcher (RetriableDatanodeEventWatcher.java:onTimeout(47)) - RetriableDatanodeCommand type=deleteBlocksCommand with id=1560355517627 timed out. Retrying.
2019-06-12 16:05:26,735 INFO  commands.RetriableDatanodeEventWatcher (RetriableDatanodeEventWatcher.java:onTimeout(47)) - RetriableDatanodeCommand type=deleteBlocksCommand with id=1560355517666 timed out. Retrying.
2019-06-12 16:05:26,742 INFO  commands.RetriableDatanodeEventWatcher (RetriableDatanodeEventWatcher.java:onTimeout(47)) - RetriableDatanodeCommand type=deleteBlocksCommand with id=1560355517637 timed out. Retrying.
2019-06-12 16:05:26,743 INFO  commands.RetriableDatanodeEventWatcher (RetriableDatanodeEventWatcher.java:onTimeout(47)) - RetriableDatanodeCommand type=deleteBlocksCommand with id=1560355517676 timed out. Retrying.
2019-06-12 16:05:26,748 INFO  commands.RetriableDatanodeEventWatcher (RetriableDatanodeEventWatcher.java:onTimeout(47)) - RetriableDatanodeCommand type=deleteBlocksCommand with id=1560355517647 timed out. Retrying.
2019-06-12 16:05:26,751 DEBUG block.SCMBlockDeletingService (SCMBlockDeletingService.java:call(138)) - Running DeletedBlockTransactionScanner
2019-06-12 16:05:26,751 DEBUG block.SCMBlockDeletingService (SCMBlockDeletingService.java:call(155)) - Scanned deleted blocks log and got 3 delTX to process.
2019-06-12 16:05:26,751 DEBUG block.SCMBlockDeletingService (SCMBlockDeletingService.java:call(171)) - Added delete block command for datanode ffc7b071-00b3-4a69-8de5-2639a1a8d8ac in the queue, number of delete block transactions: 3, TxID list: 1,2,3
2019-06-12 16:05:26,751 INFO  block.SCMBlockDeletingService (SCMBlockDeletingService.java:call(182)) - Totally added 3 delete blocks command for 1 datanodes, task elapsed time: 1ms
2019-06-12 16:05:26,777 INFO  commands.RetriableDatanodeEventWatcher (RetriableDatanodeEventWatcher.java:onTimeout(47)) - RetriableDatanodeCommand type=deleteBlocksCommand with id=1560355517657 timed out. Retrying.
2019-06-12 16:05:26,799 INFO  commands.RetriableDatanodeEventWatcher (RetriableDatanodeEventWatcher.java:onTimeout(47)) - RetriableDatanodeCommand type=deleteBlocksCommand with id=1560355517598 timed out. Retrying.
2019-06-12 16:05:26,811 INFO  commands.RetriableDatanodeEventWatcher (RetriableDatanodeEventWatcher.java:onTimeout(47)) - RetriableDatanodeCommand type=deleteBlocksCommand with id=1560355517608 timed out. Retrying.
2019-06-12 16:05:26,824 INFO  commands.RetriableDatanodeEventWatcher (RetriableDatanodeEventWatcher.java:onTimeout(47)) - RetriableDatanodeCommand type=deleteBlocksCommand with id=1560355517618 timed out. Retrying.
2019-06-12 16:05:26,833 INFO  commands.RetriableDatanodeEventWatcher (RetriableDatanodeEventWatcher.java:onTimeout(47)) - RetriableDatanodeCommand type=deleteBlocksCommand with id=1560355517628 timed out. Retrying.
2019-06-12 16:05:26,835 INFO  commands.RetriableDatanodeEventWatcher (RetriableDatanodeEventWatcher.java:onTimeout(47)) - RetriableDatanodeCommand type=deleteBlocksCommand with id=1560355517667 timed out. Retrying.
2019-06-12 16:05:26,843 INFO  commands.RetriableDatanodeEventWatcher (RetriableDatanodeEventWatcher.java:onTimeout(47)) - RetriableDatanodeCommand type=deleteBlocksCommand with id=1560355517638 timed out. Retrying.
2019-06-12 16:05:26,843 INFO  commands.RetriableDatanodeEventWatcher (RetriableDatanodeEventWatcher.java:onTimeout(47)) - RetriableDatanodeCommand type=deleteBlocksCommand with id=1560355517677 timed out. Retrying.
2019-06-12 16:05:26,851 INFO  commands.RetriableDatanodeEventWatcher (RetriableDatanodeEventWatcher.java:onTimeout(47)) - RetriableDatanodeCommand type=deleteBlocksCommand with id=1560355517648 timed out. Retrying.
2019-06-12 16:05:26,851 DEBUG block.SCMBlockDeletingService (SCMBlockDeletingService.java:call(138)) - Running DeletedBlockTransactionScanner
2019-06-12 16:05:26,852 DEBUG block.SCMBlockDeletingService (SCMBlockDeletingService.java:call(155)) - Scanned deleted blocks log and got 3 delTX to process.
2019-06-12 16:05:26,852 DEBUG block.SCMBlockDeletingService (SCMBlockDeletingService.java:call(171)) - Added delete block command for datanode ffc7b071-00b3-4a69-8de5-2639a1a8d8ac in the queue, number of delete block transactions: 3, TxID list: 1,2,3
2019-06-12 16:05:26,853 INFO  block.SCMBlockDeletingService (SCMBlockDeletingService.java:call(182)) - Totally added 3 delete blocks command for 1 datanodes, task elapsed time: 1ms
2019-06-12 16:05:26,902 INFO  commands.RetriableDatanodeEventWatcher (RetriableDatanodeEventWatcher.java:onTimeout(47)) - RetriableDatanodeCommand type=deleteBlocksCommand with id=1560355517599 timed out. Retrying.
2019-06-12 16:05:26,911 INFO  commands.RetriableDatanodeEventWatcher (RetriableDatanodeEventWatcher.java:onTimeout(47)) - RetriableDatanodeCommand type=deleteBlocksCommand with id=1560355517609 timed out. Retrying.
2019-06-12 16:05:26,925 INFO  commands.RetriableDatanodeEventWatcher (RetriableDatanodeEventWatcher.java:onTimeout(47)) - RetriableDatanodeCommand type=deleteBlocksCommand with id=1560355517619 timed out. Retrying.
2019-06-12 16:05:26,925 INFO  commands.RetriableDatanodeEventWatcher (RetriableDatanodeEventWatcher.java:onTimeout(47)) - RetriableDatanodeCommand type=deleteBlocksCommand with id=1560355517658 timed out. Retrying.
2019-06-12 16:05:26,933 INFO  commands.RetriableDatanodeEventWatcher (RetriableDatanodeEventWatcher.java:onTimeout(47)) - RetriableDatanodeCommand type=deleteBlocksCommand with id=1560355517629 timed out. Retrying.
2019-06-12 16:05:26,936 INFO  commands.RetriableDatanodeEventWatcher (RetriableDatanodeEventWatcher.java:onTimeout(47)) - RetriableDatanodeCommand type=deleteBlocksCommand with id=1560355517668 timed out. Retrying.
2019-06-12 16:05:26,943 INFO  commands.RetriableDatanodeEventWatcher (RetriableDatanodeEventWatcher.java:onTimeout(47)) - RetriableDatanodeCommand type=deleteBlocksCommand with id=1560355517639 timed out. Retrying.
2019-06-12 16:05:26,945 INFO  commands.RetriableDatanodeEventWatcher (RetriableDatanodeEventWatcher.java:onTimeout(47)) - RetriableDatanodeCommand type=deleteBlocksCommand with id=1560355517678 timed out. Retrying.
2019-06-12 16:05:26,951 INFO  commands.RetriableDatanodeEventWatcher (RetriableDatanodeEventWatcher.java:onTimeout(47)) - RetriableDatanodeCommand type=deleteBlocksCommand with id=1560355517649 timed out. Retrying.
2019-06-12 16:05:26,953 DEBUG block.SCMBlockDeletingService (SCMBlockDeletingService.java:call(138)) - Running DeletedBlockTransactionScanner
2019-06-12 16:05:26,953 DEBUG block.SCMBlockDeletingService (SCMBlockDeletingService.java:call(155)) - Scanned deleted blocks log and got 3 delTX to process.
2019-06-12 16:05:26,953 DEBUG block.SCMBlockDeletingService (SCMBlockDeletingService.java:call(171)) - Added delete block command for datanode ffc7b071-00b3-4a69-8de5-2639a1a8d8ac in the queue, number of delete block transactions: 3, TxID list: 1,2,3
2019-06-12 16:05:26,953 INFO  block.SCMBlockDeletingService (SCMBlockDeletingService.java:call(182)) - Totally added 3 delete blocks command for 1 datanodes, task elapsed time: 1ms
2019-06-12 16:05:27,003 INFO  commands.RetriableDatanodeEventWatcher (RetriableDatanodeEventWatcher.java:onTimeout(47)) - RetriableDatanodeCommand type=deleteBlocksCommand with id=1560355517600 timed out. Retrying.
2019-06-12 16:05:27,017 INFO  commands.RetriableDatanodeEventWatcher (RetriableDatanodeEventWatcher.java:onTimeout(47)) - RetriableDatanodeCommand type=deleteBlocksCommand with id=1560355517610 timed out. Retrying.
2019-06-12 16:05:27,027 INFO  commands.RetriableDatanodeEventWatcher (RetriableDatanodeEventWatcher.java:onTimeout(47)) - RetriableDatanodeCommand type=deleteBlocksCommand with id=1560355517620 timed out. Retrying.
2019-06-12 16:05:27,027 INFO  commands.RetriableDatanodeEventWatcher (RetriableDatanodeEventWatcher.java:onTimeout(47)) - RetriableDatanodeCommand type=deleteBlocksCommand with id=1560355517659 timed out. Retrying.
2019-06-12 16:05:27,034 INFO  commands.RetriableDatanodeEventWatcher (RetriableDatanodeEventWatcher.java:onTimeout(47)) - RetriableDatanodeCommand type=deleteBlocksCommand with id=1560355517630 timed out. Retrying.
2019-06-12 16:05:27,037 INFO  commands.RetriableDatanodeEventWatcher (RetriableDatanodeEventWatcher.java:onTimeout(47)) - RetriableDatanodeCommand type=deleteBlocksCommand with id=1560355517669 timed out. Retrying.
2019-06-12 16:05:27,046 INFO  commands.RetriableDatanodeEventWatcher (RetriableDatanodeEventWatcher.java:onTimeout(47)) - RetriableDatanodeCommand type=deleteBlocksCommand with id=1560355517640 timed out. Retrying.
2019-06-12 16:05:27,046 INFO  commands.RetriableDatanodeEventWatcher (RetriableDatanodeEventWatcher.java:onTimeout(47)) - RetriableDatanodeCommand type=deleteBlocksCommand with id=1560355517679 timed out. Retrying.
2019-06-12 16:05:27,052 INFO  commands.RetriableDatanodeEventWatcher (RetriableDatanodeEventWatcher.java:onTimeout(47)) - RetriableDatanodeCommand type=deleteBlocksCommand with id=1560355517650 timed out. Retrying.
2019-06-12 16:05:27,054 DEBUG block.SCMBlockDeletingService (SCMBlockDeletingService.java:call(138)) - Running DeletedBlockTransactionScanner
2019-06-12 16:05:27,054 DEBUG block.SCMBlockDeletingService (SCMBlockDeletingService.java:call(155)) - Scanned deleted blocks log and got 3 delTX to process.
2019-06-12 16:05:27,054 DEBUG block.SCMBlockDeletingService (SCMBlockDeletingService.java:call(171)) - Added delete block command for datanode ffc7b071-00b3-4a69-8de5-2639a1a8d8ac in the queue, number of delete block transactions: 3, TxID list: 1,2,3
2019-06-12 16:05:27,054 INFO  block.SCMBlockDeletingService (SCMBlockDeletingService.java:call(182)) - Totally added 3 delete blocks command for 1 datanodes, task elapsed time: 1ms
2019-06-12 16:05:27,103 INFO  commands.RetriableDatanodeEventWatcher (RetriableDatanodeEventWatcher.java:onTimeout(47)) - RetriableDatanodeCommand type=deleteBlocksCommand with id=1560355517601 timed out. Retrying.
2019-06-12 16:05:27,119 INFO  commands.RetriableDatanodeEventWatcher (RetriableDatanodeEventWatcher.java:onTimeout(47)) - RetriableDatanodeCommand type=deleteBlocksCommand with id=1560355517611 timed out. Retrying.
2019-06-12 16:05:27,126 INFO  commands.RetriableDatanodeEventWatcher (RetriableDatanodeEventWatcher.java:onTimeout(47)) - RetriableDatanodeCommand type=deleteBlocksCommand with id=1560355517621 timed out. Retrying.
2019-06-12 16:05:27,127 INFO  commands.RetriableDatanodeEventWatcher (RetriableDatanodeEventWatcher.java:onTimeout(47)) - RetriableDatanodeCommand type=deleteBlocksCommand with id=1560355517660 timed out. Retrying.
2019-06-12 16:05:27,136 INFO  commands.RetriableDatanodeEventWatcher (RetriableDatanodeEventWatcher.java:onTimeout(47)) - RetriableDatanodeCommand type=deleteBlocksCommand with id=1560355517631 timed out. Retrying.
2019-06-12 16:05:27,139 INFO  commands.RetriableDatanodeEventWatcher (RetriableDatanodeEventWatcher.java:onTimeout(47)) - RetriableDatanodeCommand type=deleteBlocksCommand with id=1560355517670 timed out. Retrying.
2019-06-12 16:05:27,143 INFO  commands.RetriableDatanodeEventWatcher (RetriableDatanodeEventWatcher.java:onTimeout(47)) - RetriableDatanodeCommand type=deleteBlocksCommand with id=1560355517641 timed out. Retrying.
2019-06-12 16:05:27,146 INFO  commands.RetriableDatanodeEventWatcher (RetriableDatanodeEventWatcher.java:onTimeout(47)) - RetriableDatanodeCommand type=deleteBlocksCommand with id=1560355517680 timed out. Retrying.
2019-06-12 16:05:27,152 INFO  commands.RetriableDatanodeEventWatcher (RetriableDatanodeEventWatcher.java:onTimeout(47)) - RetriableDatanodeCommand type=deleteBlocksCommand with id=1560355517651 timed out. Retrying.
2019-06-12 16:05:27,154 DEBUG block.SCMBlockDeletingService (SCMBlockDeletingService.java:call(138)) - Running DeletedBlockTransactionScanner
2019-06-12 16:05:27,155 DEBUG block.SCMBlockDeletingService (SCMBlockDeletingService.java:call(155)) - Scanned deleted blocks log and got 3 delTX to process.
2019-06-12 16:05:27,155 DEBUG block.SCMBlockDeletingService (SCMBlockDeletingService.java:call(171)) - Added delete block command for datanode ffc7b071-00b3-4a69-8de5-2639a1a8d8ac in the queue, number of delete block transactions: 3, TxID list: 1,2,3
2019-06-12 16:05:27,155 INFO  block.SCMBlockDeletingService (SCMBlockDeletingService.java:call(182)) - Totally added 3 delete blocks command for 1 datanodes, task elapsed time: 1ms
2019-06-12 16:05:27,207 INFO  commands.RetriableDatanodeEventWatcher (RetriableDatanodeEventWatcher.java:onTimeout(47)) - RetriableDatanodeCommand type=deleteBlocksCommand with id=1560355517602 timed out. Retrying.
2019-06-12 16:05:27,220 INFO  commands.RetriableDatanodeEventWatcher (RetriableDatanodeEventWatcher.java:onTimeout(47)) - RetriableDatanodeCommand type=deleteBlocksCommand with id=1560355517612 timed out. Retrying.
2019-06-12 16:05:27,226 INFO  commands.RetriableDatanodeEventWatcher (RetriableDatanodeEventWatcher.java:onTimeout(47)) - RetriableDatanodeCommand type=deleteBlocksCommand with id=1560355517622 timed out. Retrying.
2019-06-12 16:05:27,228 INFO  commands.RetriableDatanodeEventWatcher (RetriableDatanodeEventWatcher.java:onTimeout(47)) - RetriableDatanodeCommand type=deleteBlocksCommand with id=1560355517661 timed out. Retrying.
2019-06-12 16:05:27,237 INFO  commands.RetriableDatanodeEventWatcher (RetriableDatanodeEventWatcher.java:onTimeout(47)) - RetriableDatanodeCommand type=deleteBlocksCommand with id=1560355517632 timed out. Retrying.
2019-06-12 16:05:27,239 INFO  commands.RetriableDatanodeEventWatcher (RetriableDatanodeEventWatcher.java:onTimeout(47)) - RetriableDatanodeCommand type=deleteBlocksCommand with id=1560355517671 timed out. Retrying.
2019-06-12 16:05:27,244 INFO  commands.RetriableDatanodeEventWatcher (RetriableDatanodeEventWatcher.java:onTimeout(47)) - RetriableDatanodeCommand type=deleteBlocksCommand with id=1560355517642 timed out. Retrying.
2019-06-12 16:05:27,248 INFO  commands.RetriableDatanodeEventWatcher (RetriableDatanodeEventWatcher.java:onTimeout(47)) - RetriableDatanodeCommand type=deleteBlocksCommand with id=1560355517681 timed out. Retrying.
2019-06-12 16:05:27,253 INFO  commands.RetriableDatanodeEventWatcher (RetriableDatanodeEventWatcher.java:onTimeout(47)) - RetriableDatanodeCommand type=deleteBlocksCommand with id=1560355517652 timed out. Retrying.
2019-06-12 16:05:27,255 DEBUG block.SCMBlockDeletingService (SCMBlockDeletingService.java:call(138)) - Running DeletedBlockTransactionScanner
2019-06-12 16:05:27,255 DEBUG block.SCMBlockDeletingService (SCMBlockDeletingService.java:call(155)) - Scanned deleted blocks log and got 3 delTX to process.
2019-06-12 16:05:27,255 DEBUG block.SCMBlockDeletingService (SCMBlockDeletingService.java:call(171)) - Added delete block command for datanode ffc7b071-00b3-4a69-8de5-2639a1a8d8ac in the queue, number of delete block transactions: 3, TxID list: 1,2,3
2019-06-12 16:05:27,256 INFO  block.SCMBlockDeletingService (SCMBlockDeletingService.java:call(182)) - Totally added 3 delete blocks command for 1 datanodes, task elapsed time: 0ms
2019-06-12 16:05:27,308 INFO  commands.RetriableDatanodeEventWatcher (RetriableDatanodeEventWatcher.java:onTimeout(47)) - RetriableDatanodeCommand type=deleteBlocksCommand with id=1560355517603 timed out. Retrying.
2019-06-12 16:05:27,320 INFO  commands.RetriableDatanodeEventWatcher (RetriableDatanodeEventWatcher.java:onTimeout(47)) - RetriableDatanodeCommand type=deleteBlocksCommand with id=1560355517613 timed out. Retrying.
2019-06-12 16:05:27,328 INFO  commands.RetriableDatanodeEventWatcher (RetriableDatanodeEventWatcher.java:onTimeout(47)) - RetriableDatanodeCommand type=deleteBlocksCommand with id=1560355517623 timed out. Retrying.
2019-06-12 16:05:27,328 INFO  commands.RetriableDatanodeEventWatcher (RetriableDatanodeEventWatcher.java:onTimeout(47)) - RetriableDatanodeCommand type=deleteBlocksCommand with id=1560355517662 timed out. Retrying.
2019-06-12 16:05:27,339 INFO  commands.RetriableDatanodeEventWatcher (RetriableDatanodeEventWatcher.java:onTimeout(47)) - RetriableDatanodeCommand type=deleteBlocksCommand with id=1560355517633 timed out. Retrying.
2019-06-12 16:05:27,340 INFO  commands.RetriableDatanodeEventWatcher (RetriableDatanodeEventWatcher.java:onTimeout(47)) - RetriableDatanodeCommand type=deleteBlocksCommand with id=1560355517672 timed out. Retrying.
2019-06-12 16:05:27,343 INFO  ozone.MiniOzoneClusterImpl (MiniOzoneClusterImpl.java:lambda$waitForClusterToBeReady$0(142)) - Waiting for cluster to be ready. Got 0 of 1 DN Heartbeats.
2019-06-12 16:05:27,343 INFO  block.SCMBlockDeletingService (SCMBlockDeletingService.java:handlePendingDeletes(115)) - Block deletion txnID mismatch in datanode ffc7b071-00b3-4a69-8de5-2639a1a8d8ac for containerID 1. Datanode delete txnID: 0, SCM txnID: 1
2019-06-12 16:05:27,344 INFO  block.SCMBlockDeletingService (SCMBlockDeletingService.java:handlePendingDeletes(115)) - Block deletion txnID mismatch in datanode ffc7b071-00b3-4a69-8de5-2639a1a8d8ac for containerID 2. Datanode delete txnID: 0, SCM txnID: 2
2019-06-12 16:05:27,344 INFO  block.SCMBlockDeletingService (SCMBlockDeletingService.java:handlePendingDeletes(115)) - Block deletion txnID mismatch in datanode ffc7b071-00b3-4a69-8de5-2639a1a8d8ac for containerID 3. Datanode delete txnID: 0, SCM txnID: 3
2019-06-12 16:05:27,346 INFO  commands.RetriableDatanodeEventWatcher (RetriableDatanodeEventWatcher.java:onTimeout(47)) - RetriableDatanodeCommand type=deleteBlocksCommand with id=1560355517643 timed out. Retrying.
2019-06-12 16:05:27,348 INFO  commands.RetriableDatanodeEventWatcher (RetriableDatanodeEventWatcher.java:onTimeout(47)) - RetriableDatanodeCommand type=deleteBlocksCommand with id=1560355517682 timed out. Retrying.
2019-06-12 16:05:27,356 DEBUG block.SCMBlockDeletingService (SCMBlockDeletingService.java:call(138)) - Running DeletedBlockTransactionScanner
2019-06-12 16:05:27,356 DEBUG block.SCMBlockDeletingService (SCMBlockDeletingService.java:call(155)) - Scanned deleted blocks log and got 3 delTX to process.
2019-06-12 16:05:27,356 DEBUG block.SCMBlockDeletingService (SCMBlockDeletingService.java:call(171)) - Added delete block command for datanode ffc7b071-00b3-4a69-8de5-2639a1a8d8ac in the queue, number of delete block transactions: 3, TxID list: 1,2,3
2019-06-12 16:05:27,357 INFO  block.SCMBlockDeletingService (SCMBlockDeletingService.java:call(182)) - Totally added 3 delete blocks command for 1 datanodes, task elapsed time: 0ms
2019-06-12 16:05:27,391 INFO  commands.RetriableDatanodeEventWatcher (RetriableDatanodeEventWatcher.java:onTimeout(47)) - RetriableDatanodeCommand type=deleteBlocksCommand with id=1560355517653 timed out. Retrying.
2019-06-12 16:05:27,407 INFO  commands.RetriableDatanodeEventWatcher (RetriableDatanodeEventWatcher.java:onTimeout(47)) - RetriableDatanodeCommand type=deleteBlocksCommand with id=1560355517604 timed out. Retrying.
2019-06-12 16:05:27,414 INFO  impl.RaftServerProxy (RaftServerProxy.java:addNew(89)) - ffc7b071-00b3-4a69-8de5-2639a1a8d8ac: addNew group-8FDDBC3FA083:[ffc7b071-00b3-4a69-8de5-2639a1a8d8ac:192.168.134.73:33311] returns group-8FDDBC3FA083:java.util.concurrent.CompletableFuture@25f1d02c[Not completed]
2019-06-12 16:05:27,415 INFO  impl.RaftServerImpl (RaftServerImpl.java:<init>(91)) - ffc7b071-00b3-4a69-8de5-2639a1a8d8ac: new RaftServerImpl for group-8FDDBC3FA083:[ffc7b071-00b3-4a69-8de5-2639a1a8d8ac:192.168.134.73:33311] with ContainerStateMachine:uninitialized
2019-06-12 16:05:27,416 INFO  server.RaftServerConfigKeys (ConfUtils.java:logGet(43)) - raft.server.rpc.timeout.min = 1s (custom)
2019-06-12 16:05:27,416 INFO  server.RaftServerConfigKeys (ConfUtils.java:logGet(43)) - raft.server.rpc.timeout.max = 1200ms (custom)
2019-06-12 16:05:27,416 INFO  server.RaftServerConfigKeys (ConfUtils.java:logGet(43)) - raft.server.rpcslowness.timeout = 120s (custom)
2019-06-12 16:05:27,416 INFO  server.RaftServerConfigKeys (ConfUtils.java:logGet(43)) - raft.server.log.appender.install.snapshot.enabled = true (default)
2019-06-12 16:05:27,416 INFO  impl.RaftServerImpl (ServerState.java:<init>(101)) - ffc7b071-00b3-4a69-8de5-2639a1a8d8ac:group-8FDDBC3FA083 ConfigurationManager, init=-1: [ffc7b071-00b3-4a69-8de5-2639a1a8d8ac:192.168.134.73:33311], old=null, confs=<EMPTY_MAP>
2019-06-12 16:05:27,416 INFO  server.RaftServerConfigKeys (ConfUtils.java:logGet(43)) - raft.server.storage.dir = [/opt/src/hadoop-ozone/integration-test/target/test-dir/MiniOzoneClusterImpl-a1c7246e-c692-4524-ad55-32b507b20431/datanode-0/data/ratis] (custom)
2019-06-12 16:05:27,416 INFO  storage.RaftStorageDirectory (RaftStorageDirectory.java:analyzeStorage(246)) - The storage directory /opt/src/hadoop-ozone/integration-test/target/test-dir/MiniOzoneClusterImpl-a1c7246e-c692-4524-ad55-32b507b20431/datanode-0/data/ratis/96d67fb4-5a22-4973-930d-8fddbc3fa083 does not exist. Creating ...
2019-06-12 16:05:27,421 INFO  commands.RetriableDatanodeEventWatcher (RetriableDatanodeEventWatcher.java:onTimeout(47)) - RetriableDatanodeCommand type=deleteBlocksCommand with id=1560355517614 timed out. Retrying.
2019-06-12 16:05:27,431 INFO  commands.RetriableDatanodeEventWatcher (RetriableDatanodeEventWatcher.java:onTimeout(47)) - RetriableDatanodeCommand type=deleteBlocksCommand with id=1560355517663 timed out. Retrying.
2019-06-12 16:05:27,431 INFO  commands.RetriableDatanodeEventWatcher (RetriableDatanodeEventWatcher.java:onTimeout(47)) - RetriableDatanodeCommand type=deleteBlocksCommand with id=1560355517624 timed out. Retrying.
2019-06-12 16:05:27,437 INFO  commands.RetriableDatanodeEventWatcher (RetriableDatanodeEventWatcher.java:onTimeout(47)) - RetriableDatanodeCommand type=deleteBlocksCommand with id=1560355517634 timed out. Retrying.
2019-06-12 16:05:27,441 INFO  commands.RetriableDatanodeEventWatcher (RetriableDatanodeEventWatcher.java:onTimeout(47)) - RetriableDatanodeCommand type=deleteBlocksCommand with id=1560355517673 timed out. Retrying.
2019-06-12 16:05:27,448 INFO  commands.RetriableDatanodeEventWatcher (RetriableDatanodeEventWatcher.java:onTimeout(47)) - RetriableDatanodeCommand type=deleteBlocksCommand with id=1560355517644 timed out. Retrying.
2019-06-12 16:05:27,448 INFO  commands.RetriableDatanodeEventWatcher (RetriableDatanodeEventWatcher.java:onTimeout(47)) - RetriableDatanodeCommand type=deleteBlocksCommand with id=1560355517683 timed out. Retrying.
2019-06-12 16:05:27,457 DEBUG block.SCMBlockDeletingService (SCMBlockDeletingService.java:call(138)) - Running DeletedBlockTransactionScanner
2019-06-12 16:05:27,457 DEBUG block.SCMBlockDeletingService (SCMBlockDeletingService.java:call(155)) - Scanned deleted blocks log and got 3 delTX to process.
2019-06-12 16:05:27,457 DEBUG block.SCMBlockDeletingService (SCMBlockDeletingService.java:call(171)) - Added delete block command for datanode ffc7b071-00b3-4a69-8de5-2639a1a8d8ac in the queue, number of delete block transactions: 3, TxID list: 1,2,3
2019-06-12 16:05:27,458 INFO  block.SCMBlockDeletingService (SCMBlockDeletingService.java:call(182)) - Totally added 3 delete blocks command for 1 datanodes, task elapsed time: 0ms
2019-06-12 16:05:27,477 INFO  commands.RetriableDatanodeEventWatcher (RetriableDatanodeEventWatcher.java:onTimeout(47)) - RetriableDatanodeCommand type=deleteBlocksCommand with id=1560355517654 timed out. Retrying.
2019-06-12 16:05:27,507 INFO  commands.RetriableDatanodeEventWatcher (RetriableDatanodeEventWatcher.java:onTimeout(47)) - RetriableDatanodeCommand type=deleteBlocksCommand with id=1560355517605 timed out. Retrying.
2019-06-12 16:05:27,523 INFO  commands.RetriableDatanodeEventWatcher (RetriableDatanodeEventWatcher.java:onTimeout(47)) - RetriableDatanodeCommand type=deleteBlocksCommand with id=1560355517615 timed out. Retrying.
2019-06-12 16:05:27,530 INFO  commands.RetriableDatanodeEventWatcher (RetriableDatanodeEventWatcher.java:onTimeout(47)) - RetriableDatanodeCommand type=deleteBlocksCommand with id=1560355517664 timed out. Retrying.
2019-06-12 16:05:27,533 INFO  commands.RetriableDatanodeEventWatcher (RetriableDatanodeEventWatcher.java:onTimeout(47)) - RetriableDatanodeCommand type=deleteBlocksCommand with id=1560355517625 timed out. Retrying.
2019-06-12 16:05:27,541 INFO  commands.RetriableDatanodeEventWatcher (RaftStorageDirectory.java:tryLock(328)) - Lock on /opt/src/hadoop-ozone/integration-test/target/test-dir/MiniOzoneClusterImpl-a1c7246e-c692-4524-ad55-32b507b20431/datanode-0/data/ratis/96d67fb4-5a22-4973-930d-8fddbc3fa083/in_use.lock acquired by nodename 10155@ozone-bzwcn-1332811729
2019-06-12 16:05:27,541 INFO  commands.RetriableDatanodeEventWatcher (RetriableDatanodeEventWatcher.java:onTimeout(47)) - RetriableDatanodeCommand type=deleteBlocksCommand with id=1560355517674 timed out. Retrying.
2019-06-12 16:05:27,549 INFO  commands.RetriableDatanodeEventWatcher (RetriableDatanodeEventWatcher.java:onTimeout(47)) - RetriableDatanodeCommand type=deleteBlocksCommand with id=1560355517684 timed out. Retrying.
2019-06-12 16:05:27,556 INFO  commands.RetriableDatanodeEventWatcher (RetriableDatanodeEventWatcher.java:onTimeout(47)) - RetriableDatanodeCommand type=deleteBlocksCommand with id=1560355517645 timed out. Retrying.
2019-06-12 16:05:27,556 INFO  commands.RetriableDatanodeEventWatcher (RetriableDatanodeEventWatcher.java:onTimeout(47)) - RetriableDatanodeCommand type=deleteBlocksCommand with id=1560355517635 timed out. Retrying.
2019-06-12 16:05:27,558 DEBUG block.SCMBlockDeletingService (SCMBlockDeletingService.java:call(138)) - Running DeletedBlockTransactionScanner
2019-06-12 16:05:27,558 DEBUG block.SCMBlockDeletingService (SCMBlockDeletingService.java:call(155)) - Scanned deleted blocks log and got 3 delTX to process.
2019-06-12 16:05:27,558 DEBUG block.SCMBlockDeletingService (SCMBlockDeletingService.java:call(171)) - Added delete block command for datanode ffc7b071-00b3-4a69-8de5-2639a1a8d8ac in the queue, number of delete block transactions: 3, TxID list: 1,2,3
2019-06-12 16:05:27,559 INFO  block.SCMBlockDeletingService (SCMBlockDeletingService.java:call(182)) - Totally added 3 delete blocks command for 1 datanodes, task elapsed time: 0ms
2019-06-12 16:05:27,576 INFO  commands.RetriableDatanodeEventWatcher (RetriableDatanodeEventWatcher.java:onTimeout(47)) - RetriableDatanodeCommand type=deleteBlocksCommand with id=1560355517655 timed out. Retrying.
2019-06-12 16:05:27,598 INFO  commands.RetriableDatanodeEventWatcher (RetriableDatanodeEventWatcher.java:onTimeout(47)) - RetriableDatanodeCommand type=deleteBlocksCommand with id=1560355517596 timed out. Retrying.
2019-06-12 16:05:27,611 INFO  commands.RetriableDatanodeEventWatcher (RetriableDatanodeEventWatcher.java:onTimeout(47)) - RetriableDatanodeCommand type=deleteBlocksCommand with id=1560355517606 timed out. Retrying.
2019-06-12 16:05:27,624 INFO  commands.RetriableDatanodeEventWatcher (RetriableDatanodeEventWatcher.java:onTimeout(47)) - RetriableDatanodeCommand type=deleteBlocksCommand with id=1560355517616 timed out. Retrying.
2019-06-12 16:05:27,630 INFO  commands.RetriableDatanodeEventWatcher (RetriableDatanodeEventWatcher.java:onTimeout(47)) - RetriableDatanodeCommand type=deleteBlocksCommand with id=1560355517626 timed out. Retrying.
2019-06-12 16:05:27,635 INFO  commands.RetriableDatanodeEventWatcher (RetriableDatanodeEventWatcher.java:onTimeout(47)) - RetriableDatanodeCommand type=deleteBlocksCommand with id=1560355517665 timed out. Retrying.
2019-06-12 16:05:27,640 INFO  commands.RetriableDatanodeEventWatcher (RetriableDatanodeEventWatcher.java:onTimeout(47)) - RetriableDatanodeCommand type=deleteBlocksCommand with id=1560355517636 timed out. Retrying.
2019-06-12 16:05:27,644 INFO  commands.RetriableDatanodeEventWatcher (RetriableDatanodeEventWatcher.java:onTimeout(47)) - RetriableDatanodeCommand type=deleteBlocksCommand with id=1560355517675 timed out. Retrying.
2019-06-12 16:05:27,648 INFO  commands.RetriableDatanodeEventWatcher (RetriableDatanodeEventWatcher.java:onTimeout(47)) - RetriableDatanodeCommand type=deleteBlocksCommand with id=1560355517646 timed out. Retrying.
2019-06-12 16:05:27,650 INFO  commands.RetriableDatanodeEventWatcher (RetriableDatanodeEventWatcher.java:onTimeout(47)) - RetriableDatanodeCommand type=deleteBlocksCommand with id=1560355517685 timed out. Retrying.
2019-06-12 16:05:27,659 DEBUG block.SCMBlockDeletingService (SCMBlockDeletingService.java:call(138)) - Running DeletedBlockTransactionScanner
2019-06-12 16:05:27,659 DEBUG block.SCMBlockDeletingService (SCMBlockDeletingService.java:call(155)) - Scanned deleted blocks log and got 3 delTX to process.
2019-06-12 16:05:27,659 DEBUG block.SCMBlockDeletingService (SCMBlockDeletingService.java:call(171)) - Added delete block command for datanode ffc7b071-00b3-4a69-8de5-2639a1a8d8ac in the queue, number of delete block transactions: 3, TxID list: 1,2,3
2019-06-12 16:05:27,660 INFO  block.SCMBlockDeletingService (SCMBlockDeletingService.java:call(182)) - Totally added 3 delete blocks command for 1 datanodes, task elapsed time: 0ms
2019-06-12 16:05:27,678 INFO  commands.RetriableDatanodeEventWatcher (RetriableDatanodeEventWatcher.java:onTimeout(47)) - RetriableDatanodeCommand type=deleteBlocksCommand with id=1560355517656 timed out. Retrying.
2019-06-12 16:05:27,684 INFO  storage.RaftStorage (RaftStorage.java:format(75)) - Storage directory /opt/src/hadoop-ozone/integration-test/target/test-dir/MiniOzoneClusterImpl-a1c7246e-c692-4524-ad55-32b507b20431/datanode-0/data/ratis/96d67fb4-5a22-4973-930d-8fddbc3fa083 has been successfully formatted.
2019-06-12 16:05:27,685 INFO  ratis.ContainerStateMachine (ContainerStateMachine.java:loadSnapshot(199)) - The snapshot info is null.Setting the last applied index to:(t:0, i:~)
2019-06-12 16:05:27,685 INFO  server.RaftServerConfigKeys (ConfUtils.java:logGet(43)) - raft.server.leader.election.timeout = 120s (custom)
2019-06-12 16:05:27,685 INFO  server.RaftServerConfigKeys (ConfUtils.java:logGet(43)) - raft.server.log.use.memory = false (default)
2019-06-12 16:05:27,685 INFO  server.RaftServerConfigKeys (ConfUtils.java:logGet(43)) - raft.server.log.appender.buffer.byte-limit = 33554432 (custom)
2019-06-12 16:05:27,685 INFO  server.RaftServerConfigKeys (ConfUtils.java:logGet(43)) - raft.server.log.segment.size.max = 16384 (custom)
2019-06-12 16:05:27,685 INFO  server.RaftServerConfigKeys (ConfUtils.java:logGet(43)) - raft.server.log.segment.cache.num.max = 2 (custom)
2019-06-12 16:05:27,685 INFO  storage.RaftLogWorker (RaftLogWorker.java:<init>(123)) - new ffc7b071-00b3-4a69-8de5-2639a1a8d8ac-RaftLogWorker for Storage Directory /opt/src/hadoop-ozone/integration-test/target/test-dir/MiniOzoneClusterImpl-a1c7246e-c692-4524-ad55-32b507b20431/datanode-0/data/ratis/96d67fb4-5a22-4973-930d-8fddbc3fa083
2019-06-12 16:05:27,685 INFO  server.RaftServerConfigKeys (ConfUtils.java:logGet(43)) - raft.server.log.queue.byte-limit = 2147483647 (custom)
2019-06-12 16:05:27,685 INFO  server.RaftServerConfigKeys (ConfUtils.java:logGet(43)) - raft.server.log.queue.element-limit = 1024 (custom)
2019-06-12 16:05:27,685 INFO  server.RaftServerConfigKeys (ConfUtils.java:logGet(43)) - raft.server.log.segment.size.max = 16384 (custom)
2019-06-12 16:05:27,686 INFO  server.RaftServerConfigKeys (ConfUtils.java:logGet(43)) - raft.server.log.preallocated.size = 16384 (custom)
2019-06-12 16:05:27,686 INFO  server.RaftServerConfigKeys (ConfUtils.java:logGet(43)) - raft.server.log.write.buffer.size = 33554432 (custom)
2019-06-12 16:05:27,686 INFO  server.RaftServerConfigKeys (ConfUtils.java:logGet(43)) - raft.server.log.force.sync.num = 128 (default)
2019-06-12 16:05:27,686 INFO  server.RaftServerConfigKeys (ConfUtils.java:logGet(43)) - raft.server.log.statemachine.data.sync = true (default)
2019-06-12 16:05:27,686 INFO  server.RaftServerConfigKeys (ConfUtils.java:logGet(43)) - raft.server.log.statemachine.data.sync.timeout = 10s (default)
2019-06-12 16:05:27,686 INFO  server.RaftServerConfigKeys (ConfUtils.java:logGet(43)) - raft.server.log.statemachine.data.sync.timeout.retry = -1 (default)
2019-06-12 16:05:27,686 INFO  server.RaftServerConfigKeys (ConfUtils.java:logGet(43)) - raft.server.log.statemachine.data.caching.enabled = true (custom)
2019-06-12 16:05:27,687 INFO  server.RaftServerConfigKeys (ConfUtils.java:logGet(43)) - raft.server.snapshot.auto.trigger.enabled = true (custom)
2019-06-12 16:05:27,687 INFO  server.RaftServerConfigKeys (ConfUtils.java:logGet(43)) - raft.server.snapshot.auto.trigger.threshold = 10000 (custom)
2019-06-12 16:05:27,687 INFO  server.RaftServerConfigKeys (ConfUtils.java:logGet(43)) - raft.server.retrycache.expirytime = 600000ms (custom)
2019-06-12 16:05:27,687 INFO  impl.RaftServerImpl (RaftServerImpl.java:start(173)) - ffc7b071-00b3-4a69-8de5-2639a1a8d8ac: start group-8FDDBC3FA083
2019-06-12 16:05:27,687 INFO  impl.RaftServerImpl (RaftServerImpl.java:setRole(164)) - ffc7b071-00b3-4a69-8de5-2639a1a8d8ac:group-8FDDBC3FA083 changes role from null to FOLLOWER at term 0 for startAsFollower
2019-06-12 16:05:27,687 INFO  impl.RoleInfo (RoleInfo.java:updateAndGet(143)) - ffc7b071-00b3-4a69-8de5-2639a1a8d8ac: start FollowerState
2019-06-12 16:05:27,688 INFO  util.JmxRegister (JmxRegister.java:tryRegister(44)) - Successfully registered JMX Bean with object name Ratis:service=RaftServer,group=group-8FDDBC3FA083,id=ffc7b071-00b3-4a69-8de5-2639a1a8d8ac
2019-06-12 16:05:27,695 INFO  pipeline.PipelineStateManager (PipelineStateManager.java:addPipeline(56)) - Created pipeline Pipeline[ Id: 96d67fb4-5a22-4973-930d-8fddbc3fa083, Nodes: ffc7b071-00b3-4a69-8de5-2639a1a8d8ac{ip: 192.168.134.73, host: ozone-bzwcn-1332811729, networkLocation: /default-rack, certSerialId: null}, Type:RATIS, Factor:ONE, State:OPEN]
2019-06-12 16:05:27,698 INFO  commands.RetriableDatanodeEventWatcher (RetriableDatanodeEventWatcher.java:onTimeout(47)) - RetriableDatanodeCommand type=deleteBlocksCommand with id=1560355517597 timed out. Retrying.
2019-06-12 16:05:27,711 INFO  commands.RetriableDatanodeEventWatcher (RetriableDatanodeEventWatcher.java:onTimeout(47)) - RetriableDatanodeCommand type=deleteBlocksCommand with id=1560355517607 timed out. Retrying.
2019-06-12 16:05:27,726 INFO  commands.RetriableDatanodeEventWatcher (RetriableDatanodeEventWatcher.java:onTimeout(47)) - RetriableDatanodeCommand type=deleteBlocksCommand with id=1560355517617 timed out. Retrying.
2019-06-12 16:05:27,732 INFO  commands.RetriableDatanodeEventWatcher (RetriableDatanodeEventWatcher.java:onTimeout(47)) - RetriableDatanodeCommand type=deleteBlocksCommand with id=1560355517627 timed out. Retrying.
2019-06-12 16:05:27,734 INFO  commands.RetriableDatanodeEventWatcher (RetriableDatanodeEventWatcher.java:onTimeout(47)) - RetriableDatanodeCommand type=deleteBlocksCommand with id=1560355517666 timed out. Retrying.
2019-06-12 16:05:27,743 INFO  commands.RetriableDatanodeEventWatcher (RetriableDatanodeEventWatcher.java:onTimeout(47)) - RetriableDatanodeCommand type=deleteBlocksCommand with id=1560355517637 timed out. Retrying.
2019-06-12 16:05:27,744 INFO  commands.RetriableDatanodeEventWatcher (RetriableDatanodeEventWatcher.java:onTimeout(47)) - RetriableDatanodeCommand type=deleteBlocksCommand with id=1560355517676 timed out. Retrying.
2019-06-12 16:05:27,748 INFO  commands.RetriableDatanodeEventWatcher (RetriableDatanodeEventWatcher.java:onTimeout(47)) - RetriableDatanodeCommand type=deleteBlocksCommand with id=1560355517647 timed out. Retrying.
2019-06-12 16:05:27,751 INFO  commands.RetriableDatanodeEventWatcher (RetriableDatanodeEventWatcher.java:onTimeout(47)) - RetriableDatanodeCommand type=deleteBlocksCommand with id=1560355517686 timed out. Retrying.
2019-06-12 16:05:27,775 DEBUG block.SCMBlockDeletingService (SCMBlockDeletingService.java:call(138)) - Running DeletedBlockTransactionScanner
2019-06-12 16:05:27,775 DEBUG block.SCMBlockDeletingService (SCMBlockDeletingService.java:call(155)) - Scanned deleted blocks log and got 3 delTX to process.
2019-06-12 16:05:27,775 DEBUG block.SCMBlockDeletingService (SCMBlockDeletingService.java:call(171)) - Added delete block command for datanode ffc7b071-00b3-4a69-8de5-2639a1a8d8ac in the queue, number of delete block transactions: 3, TxID list: 1,2,3
2019-06-12 16:05:27,776 INFO  block.SCMBlockDeletingService (SCMBlockDeletingService.java:call(182)) - Totally added 3 delete blocks command for 1 datanodes, task elapsed time: 0ms
2019-06-12 16:05:27,778 INFO  commands.RetriableDatanodeEventWatcher (RetriableDatanodeEventWatcher.java:onTimeout(47)) - RetriableDatanodeCommand type=deleteBlocksCommand with id=1560355517657 timed out. Retrying.
2019-06-12 16:05:27,799 INFO  commands.RetriableDatanodeEventWatcher (RetriableDatanodeEventWatcher.java:onTimeout(47)) - RetriableDatanodeCommand type=deleteBlocksCommand with id=1560355517598 timed out. Retrying.
2019-06-12 16:05:27,811 INFO  commands.RetriableDatanodeEventWatcher (RetriableDatanodeEventWatcher.java:onTimeout(47)) - RetriableDatanodeCommand type=deleteBlocksCommand with id=1560355517608 timed out. Retrying.
2019-06-12 16:05:27,825 INFO  commands.RetriableDatanodeEventWatcher (RetriableDatanodeEventWatcher.java:onTimeout(47)) - RetriableDatanodeCommand type=deleteBlocksCommand with id=1560355517618 timed out. Retrying.
2019-06-12 16:05:27,833 INFO  commands.RetriableDatanodeEventWatcher (RetriableDatanodeEventWatcher.java:onTimeout(47)) - RetriableDatanodeCommand type=deleteBlocksCommand with id=1560355517628 timed out. Retrying.
2019-06-12 16:05:27,835 INFO  commands.RetriableDatanodeEventWatcher (RetriableDatanodeEventWatcher.java:onTimeout(47)) - RetriableDatanodeCommand type=deleteBlocksCommand with id=1560355517667 timed out. Retrying.
2019-06-12 16:05:27,842 INFO  commands.RetriableDatanodeEventWatcher (RetriableDatanodeEventWatcher.java:onTimeout(47)) - RetriableDatanodeCommand type=deleteBlocksCommand with id=1560355517638 timed out. Retrying.
2019-06-12 16:05:27,844 INFO  commands.RetriableDatanodeEventWatcher (RetriableDatanodeEventWatcher.java:onTimeout(47)) - RetriableDatanodeCommand type=deleteBlocksCommand with id=1560355517677 timed out. Retrying.
2019-06-12 16:05:27,851 INFO  commands.RetriableDatanodeEventWatcher (RetriableDatanodeEventWatcher.java:onTimeout(47)) - RetriableDatanodeCommand type=deleteBlocksCommand with id=1560355517648 timed out. Retrying.
2019-06-12 16:05:27,852 INFO  commands.RetriableDatanodeEventWatcher (RetriableDatanodeEventWatcher.java:onTimeout(47)) - RetriableDatanodeCommand type=deleteBlocksCommand with id=1560355517687 timed out. Retrying.
2019-06-12 16:05:27,876 DEBUG block.SCMBlockDeletingService (SCMBlockDeletingService.java:call(138)) - Running DeletedBlockTransactionScanner
2019-06-12 16:05:27,876 DEBUG block.SCMBlockDeletingService (SCMBlockDeletingService.java:call(155)) - Scanned deleted blocks log and got 3 delTX to process.
2019-06-12 16:05:27,876 DEBUG block.SCMBlockDeletingService (SCMBlockDeletingService.java:call(171)) - Added delete block command for datanode ffc7b071-00b3-4a69-8de5-2639a1a8d8ac in the queue, number of delete block transactions: 3, TxID list: 1,2,3
2019-06-12 16:05:27,879 INFO  block.SCMBlockDeletingService (SCMBlockDeletingService.java:call(182)) - Totally added 3 delete blocks command for 1 datanodes, task elapsed time: 4ms
2019-06-12 16:05:27,902 INFO  commands.RetriableDatanodeEventWatcher (RetriableDatanodeEventWatcher.java:onTimeout(47)) - RetriableDatanodeCommand type=deleteBlocksCommand with id=1560355517599 timed out. Retrying.
2019-06-12 16:05:27,911 INFO  commands.RetriableDatanodeEventWatcher (RetriableDatanodeEventWatcher.java:onTimeout(47)) - RetriableDatanodeCommand type=deleteBlocksCommand with id=1560355517609 timed out. Retrying.
2019-06-12 16:05:27,922 WARN  ipc.Server (Server.java:setupResponse(2950)) - Large response size 2908658 for call Call#1832 Retry#0 org.apache.hadoop.ozone.protocol.StorageContainerDatanodeProtocol.sendHeartbeat from 192.168.134.73:47282
2019-06-12 16:05:27,925 INFO  commands.RetriableDatanodeEventWatcher (RetriableDatanodeEventWatcher.java:onTimeout(47)) - RetriableDatanodeCommand type=deleteBlocksCommand with id=1560355517619 timed out. Retrying.
2019-06-12 16:05:27,925 INFO  commands.RetriableDatanodeEventWatcher (RetriableDatanodeEventWatcher.java:onTimeout(47)) - RetriableDatanodeCommand type=deleteBlocksCommand with id=1560355517658 timed out. Retrying.
2019-06-12 16:05:27,934 INFO  commands.RetriableDatanodeEventWatcher (RetriableDatanodeEventWatcher.java:onTimeout(47)) - RetriableDatanodeCommand type=deleteBlocksCommand with id=1560355517629 timed out. Retrying.
2019-06-12 16:05:27,937 INFO  commands.RetriableDatanodeEventWatcher (RetriableDatanodeEventWatcher.java:onTimeout(47)) - RetriableDatanodeCommand type=deleteBlocksCommand with id=1560355517668 timed out. Retrying.
2019-06-12 16:05:27,941 INFO  block.SCMBlockDeletingService (SCMBlockDeletingService.java:handlePendingDeletes(115)) - Block deletion txnID mismatch in datanode ffc7b071-00b3-4a69-8de5-2639a1a8d8ac for containerID 1. Datanode delete txnID: 0, SCM txnID: 1
2019-06-12 16:05:27,941 INFO  block.SCMBlockDeletingService (SCMBlockDeletingService.java:handlePendingDeletes(115)) - Block deletion txnID mismatch in datanode ffc7b071-00b3-4a69-8de5-2639a1a8d8ac for containerID 2. Datanode delete txnID: 0, SCM txnID: 2
2019-06-12 16:05:27,941 INFO  block.SCMBlockDeletingService (SCMBlockDeletingService.java:handlePendingDeletes(115)) - Block deletion txnID mismatch in datanode ffc7b071-00b3-4a69-8de5-2639a1a8d8ac for containerID 3. Datanode delete txnID: 0, SCM txnID: 3
2019-06-12 16:05:27,942 INFO  commands.RetriableDatanodeEventWatcher (RetriableDatanodeEventWatcher.java:onTimeout(47)) - RetriableDatanodeCommand type=deleteBlocksCommand with id=1560355517639 timed out. Retrying.
2019-06-12 16:05:27,945 INFO  commands.RetriableDatanodeEventWatcher (RetriableDatanodeEventWatcher.java:onTimeout(47)) - RetriableDatanodeCommand type=deleteBlocksCommand with id=1560355517678 timed out. Retrying.
2019-06-12 16:05:27,952 INFO  commands.RetriableDatanodeEventWatcher (RetriableDatanodeEventWatcher.java:onTimeout(47)) - RetriableDatanodeCommand type=deleteBlocksCommand with id=1560355517649 timed out. Retrying.
2019-06-12 16:05:27,953 INFO  commands.RetriableDatanodeEventWatcher (RetriableDatanodeEventWatcher.java:onTimeout(47)) - RetriableDatanodeCommand type=deleteBlocksCommand with id=1560355517688 timed out. Retrying.
2019-06-12 16:05:27,979 DEBUG block.SCMBlockDeletingService (SCMBlockDeletingService.java:call(138)) - Running DeletedBlockTransactionScanner
2019-06-12 16:05:27,979 DEBUG block.SCMBlockDeletingService (SCMBlockDeletingService.java:call(155)) - Scanned deleted blocks log and got 3 delTX to process.
2019-06-12 16:05:27,980 DEBUG block.SCMBlockDeletingService (SCMBlockDeletingService.java:call(171)) - Added delete block command for datanode ffc7b071-00b3-4a69-8de5-2639a1a8d8ac in the queue, number of delete block transactions: 3, TxID list: 1,2,3
2019-06-12 16:05:27,980 INFO  block.SCMBlockDeletingService (SCMBlockDeletingService.java:call(182)) - Totally added 3 delete blocks command for 1 datanodes, task elapsed time: 1ms
2019-06-12 16:05:28,004 INFO  commands.RetriableDatanodeEventWatcher (RetriableDatanodeEventWatcher.java:onTimeout(47)) - RetriableDatanodeCommand type=deleteBlocksCommand with id=1560355517600 timed out. Retrying.
2019-06-12 16:05:28,016 INFO  commands.RetriableDatanodeEventWatcher (RetriableDatanodeEventWatcher.java:onTimeout(47)) - RetriableDatanodeCommand type=deleteBlocksCommand with id=1560355517610 timed out. Retrying.
2019-06-12 16:05:28,027 INFO  commands.RetriableDatanodeEventWatcher (RetriableDatanodeEventWatcher.java:onTimeout(47)) - RetriableDatanodeCommand type=deleteBlocksCommand with id=1560355517620 timed out. Retrying.
2019-06-12 16:05:28,027 INFO  commands.RetriableDatanodeEventWatcher (RetriableDatanodeEventWatcher.java:onTimeout(47)) - RetriableDatanodeCommand type=deleteBlocksCommand with id=1560355517659 timed out. Retrying.
2019-06-12 16:05:28,035 INFO  commands.RetriableDatanodeEventWatcher (RetriableDatanodeEventWatcher.java:onTimeout(47)) - RetriableDatanodeCommand type=deleteBlocksCommand with id=1560355517630 timed out. Retrying.
2019-06-12 16:05:28,038 INFO  commands.RetriableDatanodeEventWatcher (RetriableDatanodeEventWatcher.java:onTimeout(47)) - RetriableDatanodeCommand type=deleteBlocksCommand with id=1560355517669 timed out. Retrying.
2019-06-12 16:05:28,045 INFO  commands.RetriableDatanodeEventWatcher (RetriableDatanodeEventWatcher.java:onTimeout(47)) - RetriableDatanodeCommand type=deleteBlocksCommand with id=1560355517640 timed out. Retrying.
2019-06-12 16:05:28,046 INFO  commands.RetriableDatanodeEventWatcher (RetriableDatanodeEventWatcher.java:onTimeout(47)) - RetriableDatanodeCommand type=deleteBlocksCommand with id=1560355517679 timed out. Retrying.
2019-06-12 16:05:28,052 INFO  commands.RetriableDatanodeEventWatcher (RetriableDatanodeEventWatcher.java:onTimeout(47)) - RetriableDatanodeCommand type=deleteBlocksCommand with id=1560355517650 timed out. Retrying.
2019-06-12 16:05:28,055 INFO  commands.RetriableDatanodeEventWatcher (RetriableDatanodeEventWatcher.java:onTimeout(47)) - RetriableDatanodeCommand type=deleteBlocksCommand with id=1560355517689 timed out. Retrying.
2019-06-12 16:05:28,080 DEBUG block.SCMBlockDeletingService (SCMBlockDeletingService.java:call(138)) - Running DeletedBlockTransactionScanner
2019-06-12 16:05:28,080 DEBUG block.SCMBlockDeletingService (SCMBlockDeletingService.java:call(155)) - Scanned deleted blocks log and got 3 delTX to process.
2019-06-12 16:05:28,081 DEBUG block.SCMBlockDeletingService (SCMBlockDeletingService.java:call(171)) - Added delete block command for datanode ffc7b071-00b3-4a69-8de5-2639a1a8d8ac in the queue, number of delete block transactions: 3, TxID list: 1,2,3
2019-06-12 16:05:28,081 INFO  block.SCMBlockDeletingService (SCMBlockDeletingService.java:call(182)) - Totally added 3 delete blocks command for 1 datanodes, task elapsed time: 1ms
2019-06-12 16:05:28,104 INFO  commands.RetriableDatanodeEventWatcher (RetriableDatanodeEventWatcher.java:onTimeout(47)) - RetriableDatanodeCommand type=deleteBlocksCommand with id=1560355517601 timed out. Retrying.
2019-06-12 16:05:28,119 INFO  commands.RetriableDatanodeEventWatcher (RetriableDatanodeEventWatcher.java:onTimeout(47)) - RetriableDatanodeCommand type=deleteBlocksCommand with id=1560355517611 timed out. Retrying.
2019-06-12 16:05:28,126 INFO  commands.RetriableDatanodeEventWatcher (RetriableDatanodeEventWatcher.java:onTimeout(47)) - RetriableDatanodeCommand type=deleteBlocksCommand with id=1560355517621 timed out. Retrying.
2019-06-12 16:05:28,127 INFO  commands.RetriableDatanodeEventWatcher (RetriableDatanodeEventWatcher.java:onTimeout(47)) - RetriableDatanodeCommand type=deleteBlocksCommand with id=1560355517660 timed out. Retrying.
2019-06-12 16:05:28,137 INFO  commands.RetriableDatanodeEventWatcher (RetriableDatanodeEventWatcher.java:onTimeout(47)) - RetriableDatanodeCommand type=deleteBlocksCommand with id=1560355517631 timed out. Retrying.
2019-06-12 16:05:28,139 INFO  commands.RetriableDatanodeEventWatcher (RetriableDatanodeEventWatcher.java:onTimeout(47)) - RetriableDatanodeCommand type=deleteBlocksCommand with id=1560355517670 timed out. Retrying.
2019-06-12 16:05:28,143 INFO  commands.RetriableDatanodeEventWatcher (RetriableDatanodeEventWatcher.java:onTimeout(47)) - RetriableDatanodeCommand type=deleteBlocksCommand with id=1560355517641 timed out. Retrying.
2019-06-12 16:05:28,144 INFO  block.SCMBlockDeletingService (SCMBlockDeletingService.java:handlePendingDeletes(115)) - Block deletion txnID mismatch in datanode ffc7b071-00b3-4a69-8de5-2639a1a8d8ac for containerID 1. Datanode delete txnID: 0, SCM txnID: 1
2019-06-12 16:05:28,144 INFO  block.SCMBlockDeletingService (SCMBlockDeletingService.java:handlePendingDeletes(115)) - Block deletion txnID mismatch in datanode ffc7b071-00b3-4a69-8de5-2639a1a8d8ac for containerID 2. Datanode delete txnID: 0, SCM txnID: 2
2019-06-12 16:05:28,144 INFO  block.SCMBlockDeletingService (SCMBlockDeletingService.java:handlePendingDeletes(115)) - Block deletion txnID mismatch in datanode ffc7b071-00b3-4a69-8de5-2639a1a8d8ac for containerID 3. Datanode delete txnID: 0, SCM txnID: 3
2019-06-12 16:05:28,146 INFO  commands.RetriableDatanodeEventWatcher (RetriableDatanodeEventWatcher.java:onTimeout(47)) - RetriableDatanodeCommand type=deleteBlocksCommand with id=1560355517680 timed out. Retrying.
2019-06-12 16:05:28,153 INFO  commands.RetriableDatanodeEventWatcher (RetriableDatanodeEventWatcher.java:onTimeout(47)) - RetriableDatanodeCommand type=deleteBlocksCommand with id=1560355517651 timed out. Retrying.
2019-06-12 16:05:28,155 INFO  commands.RetriableDatanodeEventWatcher (RetriableDatanodeEventWatcher.java:onTimeout(47)) - RetriableDatanodeCommand type=deleteBlocksCommand with id=1560355517690 timed out. Retrying.
2019-06-12 16:05:28,181 DEBUG block.SCMBlockDeletingService (SCMBlockDeletingService.java:call(138)) - Running DeletedBlockTransactionScanner
2019-06-12 16:05:28,181 DEBUG block.SCMBlockDeletingService (SCMBlockDeletingService.java:call(155)) - Scanned deleted blocks log and got 3 delTX to process.
2019-06-12 16:05:28,181 DEBUG block.SCMBlockDeletingService (SCMBlockDeletingService.java:call(171)) - Added delete block command for datanode ffc7b071-00b3-4a69-8de5-2639a1a8d8ac in the queue, number of delete block transactions: 3, TxID list: 1,2,3
2019-06-12 16:05:28,182 INFO  block.SCMBlockDeletingService (SCMBlockDeletingService.java:call(182)) - Totally added 3 delete blocks command for 1 datanodes, task elapsed time: 0ms
2019-06-12 16:05:28,207 INFO  commands.RetriableDatanodeEventWatcher (RetriableDatanodeEventWatcher.java:onTimeout(47)) - RetriableDatanodeCommand type=deleteBlocksCommand with id=1560355517602 timed out. Retrying.
2019-06-12 16:05:28,221 INFO  commands.RetriableDatanodeEventWatcher (RetriableDatanodeEventWatcher.java:onTimeout(47)) - RetriableDatanodeCommand type=deleteBlocksCommand with id=1560355517612 timed out. Retrying.
2019-06-12 16:05:28,226 INFO  commands.RetriableDatanodeEventWatcher (RetriableDatanodeEventWatcher.java:onTimeout(47)) - RetriableDatanodeCommand type=deleteBlocksCommand with id=1560355517622 timed out. Retrying.
2019-06-12 16:05:28,227 INFO  commands.RetriableDatanodeEventWatcher (RetriableDatanodeEventWatcher.java:onTimeout(47)) - RetriableDatanodeCommand type=deleteBlocksCommand with id=1560355517661 timed out. Retrying.
2019-06-12 16:05:28,237 INFO  commands.RetriableDatanodeEventWatcher (RetriableDatanodeEventWatcher.java:onTimeout(47)) - RetriableDatanodeCommand type=deleteBlocksCommand with id=1560355517632 timed out. Retrying.
2019-06-12 16:05:28,240 INFO  commands.RetriableDatanodeEventWatcher (RetriableDatanodeEventWatcher.java:onTimeout(47)) - RetriableDatanodeCommand type=deleteBlocksCommand with id=1560355517671 timed out. Retrying.
2019-06-12 16:05:28,244 INFO  commands.RetriableDatanodeEventWatcher (RetriableDatanodeEventWatcher.java:onTimeout(47)) - RetriableDatanodeCommand type=deleteBlocksCommand with id=1560355517642 timed out. Retrying.
2019-06-12 16:05:28,248 INFO  commands.RetriableDatanodeEventWatcher (RetriableDatanodeEventWatcher.java:onTimeout(47)) - RetriableDatanodeCommand type=deleteBlocksCommand with id=1560355517681 timed out. Retrying.
2019-06-12 16:05:28,253 INFO  commands.RetriableDatanodeEventWatcher (RetriableDatanodeEventWatcher.java:onTimeout(47)) - RetriableDatanodeCommand type=deleteBlocksCommand with id=1560355517652 timed out. Retrying.
2019-06-12 16:05:28,256 INFO  commands.RetriableDatanodeEventWatcher (RetriableDatanodeEventWatcher.java:onTimeout(47)) - RetriableDatanodeCommand type=deleteBlocksCommand with id=1560355517691 timed out. Retrying.
2019-06-12 16:05:28,282 DEBUG block.SCMBlockDeletingService (SCMBlockDeletingService.java:call(138)) - Running DeletedBlockTransactionScanner
2019-06-12 16:05:28,282 DEBUG block.SCMBlockDeletingService (SCMBlockDeletingService.java:call(155)) - Scanned deleted blocks log and got 3 delTX to process.
2019-06-12 16:05:28,282 DEBUG block.SCMBlockDeletingService (SCMBlockDeletingService.java:call(171)) - Added delete block command for datanode ffc7b071-00b3-4a69-8de5-2639a1a8d8ac in the queue, number of delete block transactions: 3, TxID list: 1,2,3
2019-06-12 16:05:28,282 INFO  block.SCMBlockDeletingService (SCMBlockDeletingService.java:call(182)) - Totally added 3 delete blocks command for 1 datanodes, task elapsed time: 1ms
2019-06-12 16:05:28,308 INFO  commands.RetriableDatanodeEventWatcher (RetriableDatanodeEventWatcher.java:onTimeout(47)) - RetriableDatanodeCommand type=deleteBlocksCommand with id=1560355517603 timed out. Retrying.
2019-06-12 16:05:28,320 INFO  commands.RetriableDatanodeEventWatcher (RetriableDatanodeEventWatcher.java:onTimeout(47)) - RetriableDatanodeCommand type=deleteBlocksCommand with id=1560355517613 timed out. Retrying.
2019-06-12 16:05:28,329 INFO  commands.RetriableDatanodeEventWatcher (RetriableDatanodeEventWatcher.java:onTimeout(47)) - RetriableDatanodeCommand type=deleteBlocksCommand with id=1560355517623 timed out. Retrying.
2019-06-12 16:05:28,329 INFO  commands.RetriableDatanodeEventWatcher (RetriableDatanodeEventWatcher.java:onTimeout(47)) - RetriableDatanodeCommand type=deleteBlocksCommand with id=1560355517662 timed out. Retrying.
2019-06-12 16:05:28,338 INFO  commands.RetriableDatanodeEventWatcher (RetriableDatanodeEventWatcher.java:onTimeout(47)) - RetriableDatanodeCommand type=deleteBlocksCommand with id=1560355517633 timed out. Retrying.
2019-06-12 16:05:28,340 INFO  commands.RetriableDatanodeEventWatcher (RetriableDatanodeEventWatcher.java:onTimeout(47)) - RetriableDatanodeCommand type=deleteBlocksCommand with id=1560355517672 timed out. Retrying.
2019-06-12 16:05:28,343 INFO  ozone.MiniOzoneClusterImpl (MiniOzoneClusterImpl.java:lambda$waitForClusterToBeReady$0(142)) - Cluster is ready. Got 1 of 1 DN Heartbeats.
2019-06-12 16:05:28,344 INFO  commandhandler.DeleteBlocksCommandHandler (DeleteBlocksCommandHandler.java:handle(106)) - Start to delete container blocks, TXIDs=[1(0),2(0),3(0)], numOfContainers=3, numOfBlocks=553
2019-06-12 16:05:28,348 INFO  commands.RetriableDatanodeEventWatcher (RetriableDatanodeEventWatcher.java:onTimeout(47)) - RetriableDatanodeCommand type=deleteBlocksCommand with id=1560355517682 timed out. Retrying.
2019-06-12 16:05:28,354 INFO  commands.RetriableDatanodeEventWatcher (RetriableDatanodeEventWatcher.java:onTimeout(47)) - RetriableDatanodeCommand type=deleteBlocksCommand with id=1560355517643 timed out. Retrying.
2019-06-12 16:05:28,356 INFO  commands.RetriableDatanodeEventWatcher (RetriableDatanodeEventWatcher.java:onTimeout(47)) - RetriableDatanodeCommand type=deleteBlocksCommand with id=1560355517692 timed out. Retrying.
2019-06-12 16:05:28,3952019-06-12 16:05:28,395 INFO   DEBUG commands.RetriableDatanodeEventWatcher (block.SCMBlockDeletingService (RetriableDatanodeEventWatcher.java:onTimeout(47)) - RetriableDatanodeCommand type=deleteBlocksCommand with id=1560355517653 timed out. Retrying.
SCMBlockDeletingService.java:call(138)) - Running DeletedBlockTransactionScanner
2019-06-12 16:05:28,395 INFO  commands.RetriableDatanodeEventWatcher (RetriableDatanodeEventWatcher.java:onTimeout(47)) - RetriableDatanodeCommand type=deleteBlocksCommand with id=1560355517653 timed out. Retrying.
2019-06-12 16:05:28,396 DEBUG block.SCMBlockDeletingService (SCMBlockDeletingService.java:call(155)) - Scanned deleted blocks log and got 3 delTX to process.
2019-06-12 16:05:28,396 DEBUG block.SCMBlockDeletingService (SCMBlockDeletingService.java:call(171)) - Added delete block command for datanode ffc7b071-00b3-4a69-8de5-2639a1a8d8ac in the queue, number of delete block transactions: 3, TxID list: 1,2,3
2019-06-12 16:05:28,396 INFO  block.SCMBlockDeletingService (SCMBlockDeletingService.java:call(182)) - Totally added 3 delete blocks command for 1 datanodes, task elapsed time: 1ms
2019-06-12 16:05:28,395 INFO  background.BlockDeletingService (BlockDeletingService.java:getTasks(123)) - Plan to choose 10 containers for block deletion, actually returns 3 valid containers.
2019-06-12 16:05:28,400 INFO  commandhandler.DeleteBlocksCommandHandler (DeleteBlocksCommandHandler.java:handle(106)) - Start to delete container blocks, TXIDs=[1(0),2(0),3(0)], numOfContainers=3, numOfBlocks=553
2019-06-12 16:05:28,401 INFO  commandhandler.DeleteBlocksCommandHandler (DeleteBlocksCommandHandler.java:handle(106)) - Start to delete container blocks, TXIDs=[1(0),2(0),3(0)], numOfContainers=3, numOfBlocks=553
2019-06-12 16:05:28,403 INFO  commandhandler.DeleteBlocksCommandHandler (DeleteBlocksCommandHandler.java:handle(106)) - Start to delete container blocks, TXIDs=[1(0),2(0),3(0)], numOfContainers=3, numOfBlocks=553
2019-06-12 16:05:28,404 INFO  commandhandler.DeleteBlocksCommandHandler (DeleteBlocksCommandHandler.java:handle(106)) - Start to delete container blocks, TXIDs=[1(0),2(0),3(0)], numOfContainers=3, numOfBlocks=553
2019-06-12 16:05:28,406 INFO  commandhandler.DeleteBlocksCommandHandler (DeleteBlocksCommandHandler.java:handle(106)) - Start to delete container blocks, TXIDs=[1(0),2(0),3(0)], numOfContainers=3, numOfBlocks=553
2019-06-12 16:05:28,407 INFO  commandhandler.DeleteBlocksCommandHandler (DeleteBlocksCommandHandler.java:handle(106)) - Start to delete container blocks, TXIDs=[1(0),2(0),3(0)], numOfContainers=3, numOfBlocks=553
2019-06-12 16:05:28,407 INFO  commands.RetriableDatanodeEventWatcher (RetriableDatanodeEventWatcher.java:onTimeout(47)) - RetriableDatanodeCommand type=deleteBlocksCommand with id=1560355517604 timed out. Retrying.
2019-06-12 16:05:28,409 INFO  commandhandler.DeleteBlocksCommandHandler (DeleteBlocksCommandHandler.java:handle(106)) - Start to delete container blocks, TXIDs=[1(0),2(0),3(0)], numOfContainers=3, numOfBlocks=553
2019-06-12 16:05:28,410 INFO  commandhandler.DeleteBlocksCommandHandler (DeleteBlocksCommandHandler.java:handle(106)) - Start to delete container blocks, TXIDs=[1(0),2(0),3(0)], numOfContainers=3, numOfBlocks=553
2019-06-12 16:05:28,411 INFO  commandhandler.DeleteBlocksCommandHandler (DeleteBlocksCommandHandler.java:handle(106)) - Start to delete container blocks, TXIDs=[1(0),2(0),3(0)], numOfContainers=3, numOfBlocks=553
2019-06-12 16:05:28,412 INFO  commandhandler.DeleteBlocksCommandHandler (DeleteBlocksCommandHandler.java:handle(106)) - Start to delete container blocks, TXIDs=[1(0),2(0),3(0)], numOfContainers=3, numOfBlocks=553
2019-06-12 16:05:28,415 INFO  commandhandler.DeleteBlocksCommandHandler (DeleteBlocksCommandHandler.java:handle(106)) - Start to delete container blocks, TXIDs=[1(0),2(0),3(0)], numOfContainers=3, numOfBlocks=553
2019-06-12 16:05:28,417 INFO  commandhandler.DeleteBlocksCommandHandler (DeleteBlocksCommandHandler.java:handle(106)) - Start to delete container blocks, TXIDs=[1(0),2(0),3(0)], numOfContainers=3, numOfBlocks=553
2019-06-12 16:05:28,419 INFO  commandhandler.DeleteBlocksCommandHandler (DeleteBlocksCommandHandler.java:handle(106)) - Start to delete container blocks, TXIDs=[1(0),2(0),3(0)], numOfContainers=3, numOfBlocks=553
2019-06-12 16:05:28,420 INFO  commandhandler.DeleteBlocksCommandHandler (DeleteBlocksCommandHandler.java:handle(106)) - Start to delete container blocks, TXIDs=[1(0),2(0),3(0)], numOfContainers=3, numOfBlocks=553
2019-06-12 16:05:28,421 INFO  commandhandler.DeleteBlocksCommandHandler (DeleteBlocksCommandHandler.java:handle(106)) - Start to delete container blocks, TXIDs=[1(0),2(0),3(0)], numOfContainers=3, numOfBlocks=553
2019-06-12 16:05:28,422 INFO  commands.RetriableDatanodeEventWatcher (RetriableDatanodeEventWatcher.java:onTimeout(47)) - RetriableDatanodeCommand type=deleteBlocksCommand with id=1560355517614 timed out. Retrying.
2019-06-12 16:05:28,422 INFO  commandhandler.DeleteBlocksCommandHandler (DeleteBlocksCommandHandler.java:handle(106)) - Start to delete container blocks, TXIDs=[1(0),2(0),3(0)], numOfContainers=3, numOfBlocks=553
2019-06-12 16:05:28,431 INFO  commands.RetriableDatanodeEventWatcher (RetriableDatanodeEventWatcher.java:onTimeout(47)) - RetriableDatanodeCommand type=deleteBlocksCommand with id=1560355517624 timed out. Retrying.
2019-06-12 16:05:28,431 INFO  commands.RetriableDatanodeEventWatcher (RetriableDatanodeEventWatcher.java:onTimeout(47)) - RetriableDatanodeCommand type=deleteBlocksCommand with id=1560355517663 timed out. Retrying.
2019-06-12 16:05:28,435 INFO  commandhandler.DeleteBlocksCommandHandler (DeleteBlocksCommandHandler.java:handle(106)) - Start to delete container blocks, TXIDs=[1(0),2(0),3(0)], numOfContainers=3, numOfBlocks=553
2019-06-12 16:05:28,436 INFO  commandhandler.DeleteBlocksCommandHandler (DeleteBlocksCommandHandler.java:handle(106)) - Start to delete container blocks, TXIDs=[1(0),2(0),3(0)], numOfContainers=3, numOfBlocks=553
2019-06-12 16:05:28,437 INFO  commandhandler.DeleteBlocksCommandHandler (DeleteBlocksCommandHandler.java:handle(106)) - Start to delete container blocks, TXIDs=[1(0),2(0),3(0)], numOfContainers=3, numOfBlocks=553
2019-06-12 16:05:28,438 INFO  commands.RetriableDatanodeEventWatcher (RetriableDatanodeEventWatcher.java:onTimeout(47)) - RetriableDatanodeCommand type=deleteBlocksCommand with id=1560355517634 timed out. Retrying.
2019-06-12 16:05:28,438 INFO  commandhandler.DeleteBlocksCommandHandler (DeleteBlocksCommandHandler.java:handle(106)) - Start to delete container blocks, TXIDs=[1(0),2(0),3(0)], numOfContainers=3, numOfBlocks=553
2019-06-12 16:05:28,439 INFO  commandhandler.DeleteBlocksCommandHandler (DeleteBlocksCommandHandler.java:handle(106)) - Start to delete container blocks, TXIDs=[1(0),2(0),3(0)], numOfContainers=3, numOfBlocks=553
2019-06-12 16:05:28,440 INFO  commands.RetriableDatanodeEventWatcher (RetriableDatanodeEventWatcher.java:onTimeout(47)) - RetriableDatanodeCommand type=deleteBlocksCommand with id=1560355517673 timed out. Retrying.
2019-06-12 16:05:28,441 INFO  commandhandler.DeleteBlocksCommandHandler (DeleteBlocksCommandHandler.java:handle(106)) - Start to delete container blocks, TXIDs=[1(0),2(0),3(0)], numOfContainers=3, numOfBlocks=553
2019-06-12 16:05:28,442 INFO  commandhandler.DeleteBlocksCommandHandler (DeleteBlocksCommandHandler.java:handle(106)) - Start to delete container blocks, TXIDs=[1(0),2(0),3(0)], numOfContainers=3, numOfBlocks=553
2019-06-12 16:05:28,443 INFO  commandhandler.DeleteBlocksCommandHandler (DeleteBlocksCommandHandler.java:handle(106)) - Start to delete container blocks, TXIDs=[1(0),2(0),3(0)], numOfContainers=3, numOfBlocks=553
2019-06-12 16:05:28,448 INFO  commands.RetriableDatanodeEventWatcher (RetriableDatanodeEventWatcher.java:onTimeout(47)) - RetriableDatanodeCommand type=deleteBlocksCommand with id=1560355517644 timed out. Retrying.
2019-06-12 16:05:28,449 INFO  commands.RetriableDatanodeEventWatcher (RetriableDatanodeEventWatcher.java:onTimeout(47)) - RetriableDatanodeCommand type=deleteBlocksCommand with id=1560355517683 timed out. Retrying.
2019-06-12 16:05:28,449 INFO  commandhandler.DeleteBlocksCommandHandler (DeleteBlocksCommandHandler.java:handle(106)) - Start to delete container blocks, TXIDs=[1(0),2(0),3(0)], numOfContainers=3, numOfBlocks=553
2019-06-12 16:05:28,450 INFO  commandhandler.DeleteBlocksCommandHandler (DeleteBlocksCommandHandler.java:handle(106)) - Start to delete container blocks, TXIDs=[1(0),2(0),3(0)], numOfContainers=3, numOfBlocks=553
2019-06-12 16:05:28,452 INFO  commandhandler.DeleteBlocksCommandHandler (DeleteBlocksCommandHandler.java:handle(106)) - Start to delete container blocks, TXIDs=[1(0),2(0),3(0)], numOfContainers=3, numOfBlocks=553
2019-06-12 16:05:28,453 INFO  commandhandler.DeleteBlocksCommandHandler (DeleteBlocksCommandHandler.java:handle(106)) - Start to delete container blocks, TXIDs=[1(0),2(0),3(0)], numOfContainers=3, numOfBlocks=553
2019-06-12 16:05:28,455 INFO  commandhandler.DeleteBlocksCommandHandler (DeleteBlocksCommandHandler.java:handle(106)) - Start to delete container blocks, TXIDs=[1(0),2(0),3(0)], numOfContainers=3, numOfBlocks=553
2019-06-12 16:05:28,456 INFO  commandhandler.DeleteBlocksCommandHandler (DeleteBlocksCommandHandler.java:handle(106)) - Start to delete container blocks, TXIDs=[1(0),2(0),3(0)], numOfContainers=3, numOfBlocks=553
2019-06-12 16:05:28,457 INFO  commandhandler.DeleteBlocksCommandHandler (DeleteBlocksCommandHandler.java:handle(106)) - Start to delete container blocks, TXIDs=[1(0),2(0),3(0)], numOfContainers=3, numOfBlocks=553
2019-06-12 16:05:28,458 INFO  commands.RetriableDatanodeEventWatcher (RetriableDatanodeEventWatcher.java:onTimeout(47)) - RetriableDatanodeCommand type=deleteBlocksCommand with id=1560355517693 timed out. Retrying.
2019-06-12 16:05:28,459 INFO  commandhandler.DeleteBlocksCommandHandler (DeleteBlocksCommandHandler.java:handle(106)) - Start to delete container blocks, TXIDs=[1(0),2(0),3(0)], numOfContainers=3, numOfBlocks=553
2019-06-12 16:05:28,460 INFO  commandhandler.DeleteBlocksCommandHandler (DeleteBlocksCommandHandler.java:handle(106)) - Start to delete container blocks, TXIDs=[1(0),2(0),3(0)], numOfContainers=3, numOfBlocks=553
2019-06-12 16:05:28,461 INFO  commandhandler.DeleteBlocksCommandHandler (DeleteBlocksCommandHandler.java:handle(106)) - Start to delete container blocks, TXIDs=[1(0),2(0),3(0)], numOfContainers=3, numOfBlocks=553
2019-06-12 16:05:28,462 INFO  commandhandler.DeleteBlocksCommandHandler (DeleteBlocksCommandHandler.java:handle(106)) - Start to delete container blocks, TXIDs=[1(0),2(0),3(0)], numOfContainers=3, numOfBlocks=553
2019-06-12 16:05:28,463 INFO  commandhandler.DeleteBlocksCommandHandler (DeleteBlocksCommandHandler.java:handle(106)) - Start to delete container blocks, TXIDs=[1(0),2(0),3(0)], numOfContainers=3, numOfBlocks=553
2019-06-12 16:05:28,471 INFO  commandhandler.DeleteBlocksCommandHandler (DeleteBlocksCommandHandler.java:handle(106)) - Start to delete container blocks, TXIDs=[1(0),2(0),3(0)], numOfContainers=3, numOfBlocks=553
2019-06-12 16:05:28,472 INFO  commandhandler.DeleteBlocksCommandHandler (DeleteBlocksCommandHandler.java:handle(106)) - Start to delete container blocks, TXIDs=[1(0),2(0),3(0)], numOfContainers=3, numOfBlocks=553
2019-06-12 16:05:28,473 INFO  commandhandler.DeleteBlocksCommandHandler (DeleteBlocksCommandHandler.java:handle(106)) - Start to delete container blocks, TXIDs=[1(0),2(0),3(0)], numOfContainers=3, numOfBlocks=553
2019-06-12 16:05:28,478 INFO  commands.RetriableDatanodeEventWatcher (RetriableDatanodeEventWatcher.java:onTimeout(47)) - RetriableDatanodeCommand type=deleteBlocksCommand with id=1560355517654 timed out. Retrying.
2019-06-12 16:05:28,474 INFO  commandhandler.DeleteBlocksCommandHandler (DeleteBlocksCommandHandler.java:handle(106)) - Start to delete container blocks, TXIDs=[1(0),2(0),3(0)], numOfContainers=3, numOfBlocks=553
2019-06-12 16:05:28,479 INFO  commandhandler.DeleteBlocksCommandHandler (DeleteBlocksCommandHandler.java:handle(106)) - Start to delete container blocks, TXIDs=[1(0),2(0),3(0)], numOfContainers=3, numOfBlocks=553
2019-06-12 16:05:28,480 INFO  commandhandler.DeleteBlocksCommandHandler (DeleteBlocksCommandHandler.java:handle(106)) - Start to delete container blocks, TXIDs=[1(0),2(0),3(0)], numOfContainers=3, numOfBlocks=553
2019-06-12 16:05:28,481 INFO  commandhandler.DeleteBlocksCommandHandler (DeleteBlocksCommandHandler.java:handle(106)) - Start to delete container blocks, TXIDs=[1(0),2(0),3(0)], numOfContainers=3, numOfBlocks=553
2019-06-12 16:05:28,482 INFO  commandhandler.DeleteBlocksCommandHandler (DeleteBlocksCommandHandler.java:handle(106)) - Start to delete container blocks, TXIDs=[1(0),2(0),3(0)], numOfContainers=3, numOfBlocks=553
2019-06-12 16:05:28,483 INFO  commandhandler.DeleteBlocksCommandHandler (DeleteBlocksCommandHandler.java:handle(106)) - Start to delete container blocks, TXIDs=[1(0),2(0),3(0)], numOfContainers=3, numOfBlocks=553
2019-06-12 16:05:28,484 INFO  commandhandler.DeleteBlocksCommandHandler (DeleteBlocksCommandHandler.java:handle(106)) - Start to delete container blocks, TXIDs=[1(0),2(0),3(0)], numOfContainers=3, numOfBlocks=553
2019-06-12 16:05:28,489 INFO  commandhandler.DeleteBlocksCommandHandler (DeleteBlocksCommandHandler.java:handle(106)) - Start to delete container blocks, TXIDs=[1(0),2(0),3(0)], numOfContainers=3, numOfBlocks=553
2019-06-12 16:05:28,490 INFO  commandhandler.DeleteBlocksCommandHandler (DeleteBlocksCommandHandler.java:handle(106)) - Start to delete container blocks, TXIDs=[1(0),2(0),3(0)], numOfContainers=3, numOfBlocks=553
2019-06-12 16:05:28,491 INFO  commandhandler.DeleteBlocksCommandHandler (DeleteBlocksCommandHandler.java:handle(106)) - Start to delete container blocks, TXIDs=[1(0),2(0),3(0)], numOfContainers=3, numOfBlocks=553
2019-06-12 16:05:28,492 INFO  commandhandler.DeleteBlocksCommandHandler (DeleteBlocksCommandHandler.java:handle(106)) - Start to delete container blocks, TXIDs=[1(0),2(0),3(0)], numOfContainers=3, numOfBlocks=553
2019-06-12 16:05:28,493 INFO  commandhandler.DeleteBlocksCommandHandler (DeleteBlocksCommandHandler.java:handle(106)) - Start to delete container blocks, TXIDs=[1(0),2(0),3(0)], numOfContainers=3, numOfBlocks=553
2019-06-12 16:05:28,494 INFO  commandhandler.DeleteBlocksCommandHandler (DeleteBlocksCommandHandler.java:handle(106)) - Start to delete container blocks, TXIDs=[1(0),2(0),3(0)], numOfContainers=3, numOfBlocks=553
2019-06-12 16:05:28,496 DEBUG block.SCMBlockDeletingService (SCMBlockDeletingService.java:call(138)) - Running DeletedBlockTransactionScanner
2019-06-12 16:05:28,497 DEBUG block.SCMBlockDeletingService (SCMBlockDeletingService.java:call(155)) - Scanned deleted blocks log and got 3 delTX to process.
2019-06-12 16:05:28,497 DEBUG block.SCMBlockDeletingService (SCMBlockDeletingService.java:call(171)) - Added delete block command for datanode ffc7b071-00b3-4a69-8de5-2639a1a8d8ac in the queue, number of delete block transactions: 3, TxID list: 1,2,3
2019-06-12 16:05:28,497 INFO  block.SCMBlockDeletingService (SCMBlockDeletingService.java:call(182)) - Totally added 3 delete blocks command for 1 datanodes, task elapsed time: 1ms
2019-06-12 16:05:28,495 INFO  commandhandler.DeleteBlocksCommandHandler (DeleteBlocksCommandHandler.java:handle(106)) - Start to delete container blocks, TXIDs=[1(0),2(0),3(0)], numOfContainers=3, numOfBlocks=553
2019-06-12 16:05:28,507 INFO  commandhandler.DeleteBlocksCommandHandler (DeleteBlocksCommandHandler.java:handle(106)) - Start to delete container blocks, TXIDs=[1(0),2(0),3(0)], numOfContainers=3, numOfBlocks=553
2019-06-12 16:05:28,507 INFO  commands.RetriableDatanodeEventWatcher (RetriableDatanodeEventWatcher.java:onTimeout(47)) - RetriableDatanodeCommand type=deleteBlocksCommand with id=1560355517605 timed out. Retrying.
2019-06-12 16:05:28,508 INFO  commandhandler.DeleteBlocksCommandHandler (DeleteBlocksCommandHandler.java:handle(106)) - Start to delete container blocks, TXIDs=[1(0),2(0),3(0)], numOfContainers=3, numOfBlocks=553
2019-06-12 16:05:28,509 INFO  commandhandler.DeleteBlocksCommandHandler (DeleteBlocksCommandHandler.java:handle(106)) - Start to delete container blocks, TXIDs=[1(0),2(0),3(0)], numOfContainers=3, numOfBlocks=553
2019-06-12 16:05:28,510 INFO  commandhandler.DeleteBlocksCommandHandler (DeleteBlocksCommandHandler.java:handle(106)) - Start to delete container blocks, TXIDs=[1(0),2(0),3(0)], numOfContainers=3, numOfBlocks=553
2019-06-12 16:05:28,514 INFO  commandhandler.DeleteBlocksCommandHandler (DeleteBlocksCommandHandler.java:handle(106)) - Start to delete container blocks, TXIDs=[1(0),2(0),3(0)], numOfContainers=3, numOfBlocks=553
2019-06-12 16:05:28,522 INFO  commandhandler.DeleteBlocksCommandHandler (DeleteBlocksCommandHandler.java:handle(106)) - Start to delete container blocks, TXIDs=[1(0),2(0),3(0)], numOfContainers=3, numOfBlocks=553
2019-06-12 16:05:28,523 INFO  commandhandler.DeleteBlocksCommandHandler (DeleteBlocksCommandHandler.java:handle(106)) - Start to delete container blocks, TXIDs=[1(0),2(0),3(0)], numOfContainers=3, numOfBlocks=553
2019-06-12 16:05:28,523 INFO  commands.RetriableDatanodeEventWatcher (RetriableDatanodeEventWatcher.java:onTimeout(47)) - RetriableDatanodeCommand type=deleteBlocksCommand with id=1560355517615 timed out. Retrying.
2019-06-12 16:05:28,524 INFO  commandhandler.DeleteBlocksCommandHandler (DeleteBlocksCommandHandler.java:handle(106)) - Start to delete container blocks, TXIDs=[1(0),2(0),3(0)], numOfContainers=3, numOfBlocks=553
2019-06-12 16:05:28,525 INFO  commandhandler.DeleteBlocksCommandHandler (DeleteBlocksCommandHandler.java:handle(106)) - Start to delete container blocks, TXIDs=[1(0),2(0),3(0)], numOfContainers=3, numOfBlocks=553
2019-06-12 16:05:28,526 INFO  commandhandler.DeleteBlocksCommandHandler (DeleteBlocksCommandHandler.java:handle(106)) - Start to delete container blocks, TXIDs=[1(0),2(0),3(0)], numOfContainers=3, numOfBlocks=553
2019-06-12 16:05:28,527 INFO  commandhandler.DeleteBlocksCommandHandler (DeleteBlocksCommandHandler.java:handle(106)) - Start to delete container blocks, TXIDs=[1(0),2(0),3(0)], numOfContainers=3, numOfBlocks=553
2019-06-12 16:05:28,528 INFO  commandhandler.DeleteBlocksCommandHandler (DeleteBlocksCommandHandler.java:handle(106)) - Start to delete container blocks, TXIDs=[1(0),2(0),3(0)], numOfContainers=3, numOfBlocks=553
2019-06-12 16:05:28,529 INFO  commandhandler.DeleteBlocksCommandHandler (DeleteBlocksCommandHandler.java:handle(106)) - Start to delete container blocks, TXIDs=[1(0),2(0),3(0)], numOfContainers=3, numOfBlocks=553
2019-06-12 16:05:28,531 INFO  commands.RetriableDatanodeEventWatcher (RetriableDatanodeEventWatcher.java:onTimeout(47)) - RetriableDatanodeCommand type=deleteBlocksCommand with id=1560355517664 timed out. Retrying.
2019-06-12 16:05:28,534 INFO  commands.RetriableDatanodeEventWatcher (RetriableDatanodeEventWatcher.java:onTimeout(47)) - RetriableDatanodeCommand type=deleteBlocksCommand with id=1560355517625 timed out. Retrying.
2019-06-12 16:05:28,535 INFO  commandhandler.DeleteBlocksCommandHandler (DeleteBlocksCommandHandler.java:handle(106)) - Start to delete container blocks, TXIDs=[1(0),2(0),3(0)], numOfContainers=3, numOfBlocks=553
2019-06-12 16:05:28,536 INFO  commandhandler.DeleteBlocksCommandHandler (DeleteBlocksCommandHandler.java:handle(106)) - Start to delete container blocks, TXIDs=[1(0),2(0),3(0)], numOfContainers=3, numOfBlocks=553
2019-06-12 16:05:28,537 INFO  commandhandler.DeleteBlocksCommandHandler (DeleteBlocksCommandHandler.java:handle(106)) - Start to delete container blocks, TXIDs=[1(0),2(0),3(0)], numOfContainers=3, numOfBlocks=553
2019-06-12 16:05:28,538 INFO  commandhandler.DeleteBlocksCommandHandler (DeleteBlocksCommandHandler.java:handle(106)) - Start to delete container blocks, TXIDs=[1(0),2(0),3(0)], numOfContainers=3, numOfBlocks=553
2019-06-12 16:05:28,540 INFO  commandhandler.DeleteBlocksCommandHandler (DeleteBlocksCommandHandler.java:handle(106)) - Start to delete container blocks, TXIDs=[1(0),2(0),3(0)], numOfContainers=3, numOfBlocks=553
2019-06-12 16:05:28,541 INFO  commands.RetriableDatanodeEventWatcher (RetriableDatanodeEventWatcher.java:onTimeout(47)) - RetriableDatanodeCommand type=deleteBlocksCommand with id=1560355517674 timed out. Retrying.
2019-06-12 16:05:28,541 INFO  commandhandler.DeleteBlocksCommandHandler (DeleteBlocksCommandHandler.java:handle(106)) - Start to delete container blocks, TXIDs=[1(0),2(0),3(0)], numOfContainers=3, numOfBlocks=553
2019-06-12 16:05:28,546 INFO  block.SCMBlockDeletingService (SCMBlockDeletingService.java:handlePendingDeletes(115)) - Block deletion txnID mismatch in datanode ffc7b071-00b3-4a69-8de5-2639a1a8d8ac for containerID 1. Datanode delete txnID: 0, SCM txnID: 1
2019-06-12 16:05:28,546 INFO  block.SCMBlockDeletingService (SCMBlockDeletingService.java:handlePendingDeletes(115)) - Block deletion txnID mismatch in datanode ffc7b071-00b3-4a69-8de5-2639a1a8d8ac for containerID 2. Datanode delete txnID: 0, SCM txnID: 2
2019-06-12 16:05:28,546 INFO  block.SCMBlockDeletingService (SCMBlockDeletingService.java:handlePendingDeletes(115)) - Block deletion txnID mismatch in datanode ffc7b071-00b3-4a69-8de5-2639a1a8d8ac for containerID 3. Datanode delete txnID: 0, SCM txnID: 3
2019-06-12 16:05:28,549 INFO  commands.RetriableDatanodeEventWatcher (RetriableDatanodeEventWatcher.java:onTimeout(47)) - RetriableDatanodeCommand type=deleteBlocksCommand with id=1560355517684 timed out. Retrying.
2019-06-12 16:05:28,551 INFO  commandhandler.DeleteBlocksCommandHandler (DeleteBlocksCommandHandler.java:handle(106)) - Start to delete container blocks, TXIDs=[1(0),2(0),3(0)], numOfContainers=3, numOfBlocks=553
2019-06-12 16:05:28,552 INFO  commandhandler.DeleteBlocksCommandHandler (DeleteBlocksCommandHandler.java:handle(106)) - Start to delete container blocks, TXIDs=[1(0),2(0),3(0)], numOfContainers=3, numOfBlocks=553
2019-06-12 16:05:28,553 INFO  commandhandler.DeleteBlocksCommandHandler (DeleteBlocksCommandHandler.java:handle(106)) - Start to delete container blocks, TXIDs=[1(0),2(0),3(0)], numOfContainers=3, numOfBlocks=553
2019-06-12 16:05:28,554 INFO  commandhandler.DeleteBlocksCommandHandler (DeleteBlocksCommandHandler.java:handle(106)) - Start to delete container blocks, TXIDs=[1(0),2(0),3(0)], numOfContainers=3, numOfBlocks=553
2019-06-12 16:05:28,555 INFO  commandhandler.DeleteBlocksCommandHandler (DeleteBlocksCommandHandler.java:handle(106)) - Start to delete container blocks, TXIDs=[1(0),2(0),3(0)], numOfContainers=3, numOfBlocks=553
2019-06-12 16:05:28,556 INFO  commandhandler.DeleteBlocksCommandHandler (DeleteBlocksCommandHandler.java:handle(106)) - Start to delete container blocks, TXIDs=[1(0),2(0),3(0)], numOfContainers=3, numOfBlocks=553
2019-06-12 16:05:28,557 INFO  commands.RetriableDatanodeEventWatcher (RetriableDatanodeEventWatcher.java:onTimeout(47)) - RetriableDatanodeCommand type=deleteBlocksCommand with id=1560355517635 timed out. Retrying.
2019-06-12 16:05:28,557 INFO  commands.RetriableDatanodeEventWatcher (RetriableDatanodeEventWatcher.java:onTimeout(47)) - RetriableDatanodeCommand type=deleteBlocksCommand with id=1560355517645 timed out. Retrying.
2019-06-12 16:05:28,557 INFO  commandhandler.DeleteBlocksCommandHandler (DeleteBlocksCommandHandler.java:handle(106)) - Start to delete container blocks, TXIDs=[1(0),2(0),3(0)], numOfContainers=3, numOfBlocks=553
2019-06-12 16:05:28,558 INFO  commandhandler.DeleteBlocksCommandHandler (DeleteBlocksCommandHandler.java:handle(106)) - Start to delete container blocks, TXIDs=[1(0),2(0),3(0)], numOfContainers=3, numOfBlocks=553
2019-06-12 16:05:28,558 INFO  commands.RetriableDatanodeEventWatcher (RetriableDatanodeEventWatcher.java:onTimeout(47)) - RetriableDatanodeCommand type=deleteBlocksCommand with id=1560355517694 timed out. Retrying.
2019-06-12 16:05:28,559 INFO  commandhandler.DeleteBlocksCommandHandler (DeleteBlocksCommandHandler.java:handle(106)) - Start to delete container blocks, TXIDs=[1(0),2(0),3(0)], numOfContainers=3, numOfBlocks=553
2019-06-12 16:05:28,561 INFO  commandhandler.DeleteBlocksCommandHandler (DeleteBlocksCommandHandler.java:handle(106)) - Start to delete container blocks, TXIDs=[1(0),2(0),3(0)], numOfContainers=3, numOfBlocks=553
2019-06-12 16:05:28,562 INFO  commandhandler.DeleteBlocksCommandHandler (DeleteBlocksCommandHandler.java:handle(106)) - Start to delete container blocks, TXIDs=[1(0),2(0),3(0)], numOfContainers=3, numOfBlocks=553
2019-06-12 16:05:28,563 INFO  commandhandler.DeleteBlocksCommandHandler (DeleteBlocksCommandHandler.java:handle(106)) - Start to delete container blocks, TXIDs=[1(0),2(0),3(0)], numOfContainers=3, numOfBlocks=553
2019-06-12 16:05:28,564 INFO  commandhandler.DeleteBlocksCommandHandler (DeleteBlocksCommandHandler.java:handle(106)) - Start to delete container blocks, TXIDs=[1(0),2(0),3(0)], numOfContainers=3, numOfBlocks=553
2019-06-12 16:05:28,565 INFO  commandhandler.DeleteBlocksCommandHandler (DeleteBlocksCommandHandler.java:handle(106)) - Start to delete container blocks, TXIDs=[1(0),2(0),3(0)], numOfContainers=3, numOfBlocks=553
2019-06-12 16:05:28,566 INFO  commandhandler.DeleteBlocksCommandHandler (DeleteBlocksCommandHandler.java:handle(106)) - Start to delete container blocks, TXIDs=[1(0),2(0),3(0)], numOfContainers=3, numOfBlocks=553
2019-06-12 16:05:28,567 INFO  commandhandler.DeleteBlocksCommandHandler (DeleteBlocksCommandHandler.java:handle(106)) - Start to delete container blocks, TXIDs=[1(0),2(0),3(0)], numOfContainers=3, numOfBlocks=553
2019-06-12 16:05:28,568 INFO  commandhandler.DeleteBlocksCommandHandler (DeleteBlocksCommandHandler.java:handle(106)) - Start to delete container blocks, TXIDs=[1(0),2(0),3(0)], numOfContainers=3, numOfBlocks=553
2019-06-12 16:05:28,569 INFO  commandhandler.DeleteBlocksCommandHandler (DeleteBlocksCommandHandler.java:handle(106)) - Start to delete container blocks, TXIDs=[1(0),2(0),3(0)], numOfContainers=3, numOfBlocks=553
2019-06-12 16:05:28,570 DEBUG block.DeletedBlockLogImpl (DeletedBlockLogImpl.java:isTransactionFailed(245)) - Got block deletion ACK from datanode, TXIDs=1, success=true
2019-06-12 16:05:28,572 DEBUG block.DeletedBlockLogImpl (DeletedBlockLogImpl.java:commitTransactions(227)) - Purging txId=1 from block deletion log
2019-06-12 16:05:28,572 DEBUG block.DeletedBlockLogImpl (DeletedBlockLogImpl.java:commitTransactions(231)) - Datanode txId=1 containerId=#1 committed by dnId=ffc7b071-00b3-4a69-8de5-2639a1a8d8ac
2019-06-12 16:05:28,572 DEBUG block.DeletedBlockLogImpl (DeletedBlockLogImpl.java:isTransactionFailed(245)) - Got block deletion ACK from datanode, TXIDs=2, success=true
2019-06-12 16:05:28,572 DEBUG block.DeletedBlockLogImpl (DeletedBlockLogImpl.java:commitTransactions(227)) - Purging txId=2 from block deletion log
2019-06-12 16:05:28,572 DEBUG block.DeletedBlockLogImpl (DeletedBlockLogImpl.java:commitTransactions(231)) - Datanode txId=2 containerId=#2 committed by dnId=ffc7b071-00b3-4a69-8de5-2639a1a8d8ac
2019-06-12 16:05:28,573 DEBUG block.DeletedBlockLogImpl (DeletedBlockLogImpl.java:isTransactionFailed(245)) - Got block deletion ACK from datanode, TXIDs=3, success=true
2019-06-12 16:05:28,573 DEBUG block.DeletedBlockLogImpl (DeletedBlockLogImpl.java:commitTransactions(227)) - Purging txId=3 from block deletion log
2019-06-12 16:05:28,573 DEBUG block.DeletedBlockLogImpl (DeletedBlockLogImpl.java:commitTransactions(231)) - Datanode txId=3 containerId=#3 committed by dnId=ffc7b071-00b3-4a69-8de5-2639a1a8d8ac
2019-06-12 16:05:28,573 DEBUG block.DeletedBlockLogImpl (DeletedBlockLogImpl.java:isTransactionFailed(245)) - Got block deletion ACK from datanode, TXIDs=1, success=true
2019-06-12 16:05:28,573 WARN  block.DeletedBlockLogImpl (DeletedBlockLogImpl.java:commitTransactions(205)) - Transaction txId=1 commit by dnId=ffc7b071-00b3-4a69-8de5-2639a1a8d8ac for containerID=#1 failed. Corresponding entry not found.
2019-06-12 16:05:28,573 DEBUG block.DeletedBlockLogImpl (DeletedBlockLogImpl.java:isTransactionFailed(245)) - Got block deletion ACK from datanode, TXIDs=1, success=true
2019-06-12 16:05:28,573 WARN  block.DeletedBlockLogImpl (DeletedBlockLogImpl.java:commitTransactions(205)) - Transaction txId=1 commit by dnId=ffc7b071-00b3-4a69-8de5-2639a1a8d8ac for containerID=#1 failed. Corresponding entry not found.
2019-06-12 16:05:28,573 DEBUG block.DeletedBlockLogImpl (DeletedBlockLogImpl.java:isTransactionFailed(245)) - Got block deletion ACK from datanode, TXIDs=1, success=true
2019-06-12 16:05:28,573 WARN  block.DeletedBlockLogImpl (DeletedBlockLogImpl.java:commitTransactions(205)) - Transaction txId=1 commit by dnId=ffc7b071-00b3-4a69-8de5-2639a1a8d8ac for containerID=#1 failed. Corresponding entry not found.
2019-06-12 16:05:28,573 DEBUG block.DeletedBlockLogImpl (DeletedBlockLogImpl.java:isTransactionFailed(245)) - Got block deletion ACK from datanode, TXIDs=1, success=true
2019-06-12 16:05:28,574 WARN  block.DeletedBlockLogImpl (DeletedBlockLogImpl.java:commitTransactions(205)) - Transaction txId=1 commit by dnId=ffc7b071-00b3-4a69-8de5-2639a1a8d8ac for containerID=#1 failed. Corresponding entry not found.
2019-06-12 16:05:28,574 DEBUG block.DeletedBlockLogImpl (DeletedBlockLogImpl.java:isTransactionFailed(245)) - Got block deletion ACK from datanode, TXIDs=1, success=true
2019-06-12 16:05:28,574 WARN  block.DeletedBlockLogImpl (DeletedBlockLogImpl.java:commitTransactions(205)) - Transaction txId=1 commit by dnId=ffc7b071-00b3-4a69-8de5-2639a1a8d8ac for containerID=#1 failed. Corresponding entry not found.
2019-06-12 16:05:28,574 DEBUG block.DeletedBlockLogImpl (DeletedBlockLogImpl.java:isTransactionFailed(245)) - Got block deletion ACK from datanode, TXIDs=1, success=true
2019-06-12 16:05:28,574 WARN  block.DeletedBlockLogImpl (DeletedBlockLogImpl.java:commitTransactions(205)) - Transaction txId=1 commit by dnId=ffc7b071-00b3-4a69-8de5-2639a1a8d8ac for containerID=#1 failed. Corresponding entry not found.
2019-06-12 16:05:28,574 DEBUG block.DeletedBlockLogImpl (DeletedBlockLogImpl.java:isTransactionFailed(245)) - Got block deletion ACK from datanode, TXIDs=1, success=true
2019-06-12 16:05:28,574 WARN  block.DeletedBlockLogImpl (DeletedBlockLogImpl.java:commitTransactions(205)) - Transaction txId=1 commit by dnId=ffc7b071-00b3-4a69-8de5-2639a1a8d8ac for containerID=#1 failed. Corresponding entry not found.
2019-06-12 16:05:28,574 DEBUG block.DeletedBlockLogImpl (DeletedBlockLogImpl.java:isTransactionFailed(245)) - Got block deletion ACK from datanode, TXIDs=1, success=true
2019-06-12 16:05:28,574 WARN  block.DeletedBlockLogImpl (DeletedBlockLogImpl.java:commitTransactions(205)) - Transaction txId=1 commit by dnId=ffc7b071-00b3-4a69-8de5-2639a1a8d8ac for containerID=#1 failed. Corresponding entry not found.
2019-06-12 16:05:28,574 DEBUG block.DeletedBlockLogImpl (DeletedBlockLogImpl.java:isTransactionFailed(245)) - Got block deletion ACK from datanode, TXIDs=1, success=true
2019-06-12 16:05:28,575 WARN  block.DeletedBlockLogImpl (DeletedBlockLogImpl.java:commitTransactions(205)) - Transaction txId=1 commit by dnId=ffc7b071-00b3-4a69-8de5-2639a1a8d8ac for containerID=#1 failed. Corresponding entry not found.
2019-06-12 16:05:28,571 INFO  commandhandler.DeleteBlocksCommandHandler (DeleteBlocksCommandHandler.java:handle(106)) - Start to delete container blocks, TXIDs=[1(0),2(0),3(0)], numOfContainers=3, numOfBlocks=553
2019-06-12 16:05:28,575 INFO  commandhandler.DeleteBlocksCommandHandler (DeleteBlocksCommandHandler.java:handle(106)) - Start to delete container blocks, TXIDs=[1(0),2(0),3(0)], numOfContainers=3, numOfBlocks=553
2019-06-12 16:05:28,575 INFO  commands.RetriableDatanodeEventWatcher (RetriableDatanodeEventWatcher.java:onTimeout(47)) - RetriableDatanodeCommand type=deleteBlocksCommand with id=1560355517655 timed out. Retrying.
2019-06-12 16:05:28,576 INFO  commandhandler.DeleteBlocksCommandHandler (DeleteBlocksCommandHandler.java:handle(106)) - Start to delete container blocks, TXIDs=[1(0),2(0),3(0)], numOfContainers=3, numOfBlocks=553
2019-06-12 16:05:28,577 INFO  commandhandler.DeleteBlocksCommandHandler (DeleteBlocksCommandHandler.java:handle(106)) - Start to delete container blocks, TXIDs=[1(0),2(0),3(0)], numOfContainers=3, numOfBlocks=553
2019-06-12 16:05:28,577 INFO  commandhandler.DeleteBlocksCommandHandler (DeleteBlocksCommandHandler.java:handle(106)) - Start to delete container blocks, TXIDs=[1(0),2(0),3(0)], numOfContainers=3, numOfBlocks=553
2019-06-12 16:05:28,578 INFO  commandhandler.DeleteBlocksCommandHandler (DeleteBlocksCommandHandler.java:handle(106)) - Start to delete container blocks, TXIDs=[1(0),2(0),3(0)], numOfContainers=3, numOfBlocks=553
2019-06-12 16:05:28,579 INFO  commandhandler.DeleteBlocksCommandHandler (DeleteBlocksCommandHandler.java:handle(106)) - Start to delete container blocks, TXIDs=[1(0),2(0),3(0)], numOfContainers=3, numOfBlocks=553
2019-06-12 16:05:28,580 INFO  commandhandler.DeleteBlocksCommandHandler (DeleteBlocksCommandHandler.java:handle(106)) - Start to delete container blocks, TXIDs=[1(0),2(0),3(0)], numOfContainers=3, numOfBlocks=553
2019-06-12 16:05:28,581 INFO  commandhandler.DeleteBlocksCommandHandler (DeleteBlocksCommandHandler.java:handle(106)) - Start to delete container blocks, TXIDs=[1(0),2(0),3(0)], numOfContainers=3, numOfBlocks=553
2019-06-12 16:05:28,582 INFO  commandhandler.DeleteBlocksCommandHandler (DeleteBlocksCommandHandler.java:handle(106)) - Start to delete container blocks, TXIDs=[1(0),2(0),3(0)], numOfContainers=3, numOfBlocks=553
2019-06-12 16:05:28,583 INFO  commandhandler.DeleteBlocksCommandHandler (DeleteBlocksCommandHandler.java:handle(106)) - Start to delete container blocks, TXIDs=[1(0),2(0),3(0)], numOfContainers=3, numOfBlocks=553
2019-06-12 16:05:28,587 INFO  commandhandler.DeleteBlocksCommandHandler (DeleteBlocksCommandHandler.java:handle(106)) - Start to delete container blocks, TXIDs=[1(0),2(0),3(0)], numOfContainers=3, numOfBlocks=553
2019-06-12 16:05:28,588 INFO  commandhandler.DeleteBlocksCommandHandler (DeleteBlocksCommandHandler.java:handle(106)) - Start to delete container blocks, TXIDs=[1(0),2(0),3(0)], numOfContainers=3, numOfBlocks=553
2019-06-12 16:05:28,589 INFO  commandhandler.DeleteBlocksCommandHandler (DeleteBlocksCommandHandler.java:handle(106)) - Start to delete container blocks, TXIDs=[1(0),2(0),3(0)], numOfContainers=3, numOfBlocks=553
2019-06-12 16:05:28,590 INFO  commandhandler.DeleteBlocksCommandHandler (DeleteBlocksCommandHandler.java:handle(106)) - Start to delete container blocks, TXIDs=[1(0),2(0),3(0)], numOfContainers=3, numOfBlocks=553
2019-06-12 16:05:28,591 INFO  commandhandler.DeleteBlocksCommandHandler (DeleteBlocksCommandHandler.java:handle(106)) - Start to delete container blocks, TXIDs=[1(0),2(0),3(0)], numOfContainers=3, numOfBlocks=553
2019-06-12 16:05:28,592 INFO  commandhandler.DeleteBlocksCommandHandler (DeleteBlocksCommandHandler.java:handle(106)) - Start to delete container blocks, TXIDs=[1(0),2(0),3(0)], numOfContainers=3, numOfBlocks=553
2019-06-12 16:05:28,593 INFO  commandhandler.DeleteBlocksCommandHandler (DeleteBlocksCommandHandler.java:handle(106)) - Start to delete container blocks, TXIDs=[1(0),2(0),3(0)], numOfContainers=3, numOfBlocks=553
2019-06-12 16:05:28,594 INFO  commandhandler.DeleteBlocksCommandHandler (DeleteBlocksCommandHandler.java:handle(106)) - Start to delete container blocks, TXIDs=[1(0),2(0),3(0)], numOfContainers=3, numOfBlocks=553
2019-06-12 16:05:28,595 INFO  commandhandler.DeleteBlocksCommandHandler (DeleteBlocksCommandHandler.java:handle(106)) - Start to delete container blocks, TXIDs=[1(0),2(0),3(0)], numOfContainers=3, numOfBlocks=553
2019-06-12 16:05:28,596 INFO  commandhandler.DeleteBlocksCommandHandler (DeleteBlocksCommandHandler.java:handle(106)) - Start to delete container blocks, TXIDs=[1(0),2(0),3(0)], numOfContainers=3, numOfBlocks=553
2019-06-12 16:05:28,597 INFO  commandhandler.DeleteBlocksCommandHandler (DeleteBlocksCommandHandler.java:handle(106)) - Start to delete container blocks, TXIDs=[1(0),2(0),3(0)], numOfContainers=3, numOfBlocks=553
2019-06-12 16:05:28,598 DEBUG block.SCMBlockDeletingService (SCMBlockDeletingService.java:call(138)) - Running DeletedBlockTransactionScanner
2019-06-12 16:05:28,598 DEBUG block.SCMBlockDeletingService (SCMBlockDeletingService.java:call(155)) - Scanned deleted blocks log and got 0 delTX to process.
2019-06-12 16:05:28,598 INFO  commandhandler.DeleteBlocksCommandHandler (DeleteBlocksCommandHandler.java:handle(106)) - Start to delete container blocks, TXIDs=[1(0),2(0),3(0)], numOfContainers=3, numOfBlocks=553
2019-06-12 16:05:28,599 INFO  commandhandler.DeleteBlocksCommandHandler (DeleteBlocksCommandHandler.java:handle(106)) - Start to delete container blocks, TXIDs=[1(0),2(0),3(0)], numOfContainers=3, numOfBlocks=553
2019-06-12 16:05:28,600 INFO  commandhandler.DeleteBlocksCommandHandler (DeleteBlocksCommandHandler.java:handle(106)) - Start to delete container blocks, TXIDs=[1(0),2(0),3(0)], numOfContainers=3, numOfBlocks=553
2019-06-12 16:05:28,601 INFO  commandhandler.DeleteBlocksCommandHandler (DeleteBlocksCommandHandler.java:handle(106)) - Start to delete container blocks, TXIDs=[1(0),2(0),3(0)], numOfContainers=3, numOfBlocks=553
2019-06-12 16:05:28,602 INFO  commandhandler.DeleteBlocksCommandHandler (DeleteBlocksCommandHandler.java:handle(106)) - Start to delete container blocks, TXIDs=[1(0),2(0),3(0)], numOfContainers=3, numOfBlocks=553
2019-06-12 16:05:28,603 INFO  commandhandler.DeleteBlocksCommandHandler (DeleteBlocksCommandHandler.java:handle(106)) - Start to delete container blocks, TXIDs=[1(0),2(0),3(0)], numOfContainers=3, numOfBlocks=553
2019-06-12 16:05:28,604 INFO  commandhandler.DeleteBlocksCommandHandler (DeleteBlocksCommandHandler.java:handle(106)) - Start to delete container blocks, TXIDs=[1(0),2(0),3(0)], numOfContainers=3, numOfBlocks=553
2019-06-12 16:05:28,605 INFO  commandhandler.DeleteBlocksCommandHandler (DeleteBlocksCommandHandler.java:handle(106)) - Start to delete container blocks, TXIDs=[1(0),2(0),3(0)], numOfContainers=3, numOfBlocks=553
2019-06-12 16:05:28,605 INFO  background.BlockDeletingService (BlockDeletingService.java:call(246)) - Container: 1, deleted blocks: 185, task elapsed time: 202ms
2019-06-12 16:05:28,606 INFO  commandhandler.DeleteBlocksCommandHandler (DeleteBlocksCommandHandler.java:handle(106)) - Start to delete container blocks, TXIDs=[1(0),2(0),3(0)], numOfContainers=3, numOfBlocks=553
2019-06-12 16:05:28,607 INFO  commandhandler.DeleteBlocksCommandHandler (DeleteBlocksCommandHandler.java:handle(106)) - Start to delete container blocks, TXIDs=[1(0),2(0),3(0)], numOfContainers=3, numOfBlocks=553
2019-06-12 16:05:28,607 INFO  commandhandler.DeleteBlocksCommandHandler (DeleteBlocksCommandHandler.java:handle(106)) - Start to delete container blocks, TXIDs=[1(0),2(0),3(0)], numOfContainers=3, numOfBlocks=553
2019-06-12 16:05:28,608 INFO  commandhandler.DeleteBlocksCommandHandler (DeleteBlocksCommandHandler.java:handle(106)) - Start to delete container blocks, TXIDs=[1(0),2(0),3(0)], numOfContainers=3, numOfBlocks=553
2019-06-12 16:05:28,609 INFO  commandhandler.DeleteBlocksCommandHandler (DeleteBlocksCommandHandler.java:handle(106)) - Start to delete container blocks, TXIDs=[1(0),2(0),3(0)], numOfContainers=3, numOfBlocks=553
2019-06-12 16:05:28,609 INFO  commandhandler.DeleteBlocksCommandHandler (DeleteBlocksCommandHandler.java:handle(106)) - Start to delete container blocks, TXIDs=[1(0),2(0),3(0)], numOfContainers=3, numOfBlocks=553
2019-06-12 16:05:28,610 INFO  commandhandler.DeleteBlocksCommandHandler (DeleteBlocksCommandHandler.java:handle(106)) - Start to delete container blocks, TXIDs=[1(0),2(0),3(0)], numOfContainers=3, numOfBlocks=553
2019-06-12 16:05:28,611 INFO  commandhandler.DeleteBlocksCommandHandler (DeleteBlocksCommandHandler.java:handle(106)) - Start to delete container blocks, TXIDs=[1(0),2(0),3(0)], numOfContainers=3, numOfBlocks=553
2019-06-12 16:05:28,613 INFO  commandhandler.DeleteBlocksCommandHandler (DeleteBlocksCommandHandler.java:handle(106)) - Start to delete container blocks, TXIDs=[1(0),2(0),3(0)], numOfContainers=3, numOfBlocks=553
2019-06-12 16:05:28,613 INFO  commands.RetriableDatanodeEventWatcher (RetriableDatanodeEventWatcher.java:onTimeout(47)) - RetriableDatanodeCommand type=deleteBlocksCommand with id=1560355517606 timed out. Retrying.
2019-06-12 16:05:28,614 INFO  commandhandler.DeleteBlocksCommandHandler (DeleteBlocksCommandHandler.java:handle(106)) - Start to delete container blocks, TXIDs=[1(0),2(0),3(0)], numOfContainers=3, numOfBlocks=553
2019-06-12 16:05:28,615 INFO  commandhandler.DeleteBlocksCommandHandler (DeleteBlocksCommandHandler.java:handle(106)) - Start to delete container blocks, TXIDs=[1(0),2(0),3(0)], numOfContainers=3, numOfBlocks=553
2019-06-12 16:05:28,616 INFO  background.BlockDeletingService (BlockDeletingService.java:call(246)) - Container: 3, deleted blocks: 184, task elapsed time: 216ms
2019-06-12 16:05:28,616 INFO  commandhandler.DeleteBlocksCommandHandler (DeleteBlocksCommandHandler.java:handle(106)) - Start to delete container blocks, TXIDs=[1(0),2(0),3(0)], numOfContainers=3, numOfBlocks=553
2019-06-12 16:05:28,618 INFO  commandhandler.DeleteBlocksCommandHandler (DeleteBlocksCommandHandler.java:handle(106)) - Start to delete container blocks, TXIDs=[1(0),2(0),3(0)], numOfContainers=3, numOfBlocks=553
2019-06-12 16:05:28,619 INFO  commandhandler.DeleteBlocksCommandHandler (DeleteBlocksCommandHandler.java:handle(106)) - Start to delete container blocks, TXIDs=[1(0),2(0),3(0)], numOfContainers=3, numOfBlocks=553
2019-06-12 16:05:28,620 INFO  commandhandler.DeleteBlocksCommandHandler (DeleteBlocksCommandHandler.java:handle(106)) - Start to delete container blocks, TXIDs=[1(0),2(0),3(0)], numOfContainers=3, numOfBlocks=553
2019-06-12 16:05:28,620 INFO  commandhandler.DeleteBlocksCommandHandler (DeleteBlocksCommandHandler.java:handle(106)) - Start to delete container blocks, TXIDs=[1(0),2(0),3(0)], numOfContainers=3, numOfBlocks=553
2019-06-12 16:05:28,621 INFO  commandhandler.DeleteBlocksCommandHandler (DeleteBlocksCommandHandler.java:handle(106)) - Start to delete container blocks, TXIDs=[1(0),2(0),3(0)], numOfContainers=3, numOfBlocks=553
2019-06-12 16:05:28,622 INFO  commandhandler.DeleteBlocksCommandHandler (DeleteBlocksCommandHandler.java:handle(106)) - Start to delete container blocks, TXIDs=[1(0),2(0),3(0)], numOfContainers=3, numOfBlocks=553
2019-06-12 16:05:28,622 INFO  commandhandler.DeleteBlocksCommandHandler (DeleteBlocksCommandHandler.java:handle(106)) - Start to delete container blocks, TXIDs=[1(0),2(0),3(0)], numOfContainers=3, numOfBlocks=553
2019-06-12 16:05:28,623 INFO  commandhandler.DeleteBlocksCommandHandler (DeleteBlocksCommandHandler.java:handle(106)) - Start to delete container blocks, TXIDs=[1(0),2(0),3(0)], numOfContainers=3, numOfBlocks=553
2019-06-12 16:05:28,624 INFO  commandhandler.DeleteBlocksCommandHandler (DeleteBlocksCommandHandler.java:handle(106)) - Start to delete container blocks, TXIDs=[1(0),2(0),3(0)], numOfContainers=3, numOfBlocks=553
2019-06-12 16:05:28,624 INFO  commands.RetriableDatanodeEventWatcher (RetriableDatanodeEventWatcher.java:onTimeout(47)) - RetriableDatanodeCommand type=deleteBlocksCommand with id=1560355517616 timed out. Retrying.
2019-06-12 16:05:28,624 INFO  commandhandler.DeleteBlocksCommandHandler (DeleteBlocksCommandHandler.java:handle(106)) - Start to delete container blocks, TXIDs=[1(0),2(0),3(0)], numOfContainers=3, numOfBlocks=553
2019-06-12 16:05:28,625 INFO  commandhandler.DeleteBlocksCommandHandler (DeleteBlocksCommandHandler.java:handle(106)) - Start to delete container blocks, TXIDs=[1(0),2(0),3(0)], numOfContainers=3, numOfBlocks=553
2019-06-12 16:05:28,626 INFO  commandhandler.DeleteBlocksCommandHandler (DeleteBlocksCommandHandler.java:handle(106)) - Start to delete container blocks, TXIDs=[1(0),2(0),3(0)], numOfContainers=3, numOfBlocks=553
2019-06-12 16:05:28,626 INFO  commandhandler.DeleteBlocksCommandHandler (DeleteBlocksCommandHandler.java:handle(106)) - Start to delete container blocks, TXIDs=[1(0),2(0),3(0)], numOfContainers=3, numOfBlocks=553
2019-06-12 16:05:28,627 INFO  commandhandler.DeleteBlocksCommandHandler (DeleteBlocksCommandHandler.java:handle(106)) - Start to delete container blocks, TXIDs=[1(0),2(0),3(0)], numOfContainers=3, numOfBlocks=553
2019-06-12 16:05:28,628 INFO  commandhandler.DeleteBlocksCommandHandler (DeleteBlocksCommandHandler.java:handle(106)) - Start to delete container blocks, TXIDs=[1(0),2(0),3(0)], numOfContainers=3, numOfBlocks=553
2019-06-12 16:05:28,629 INFO  commandhandler.DeleteBlocksCommandHandler (DeleteBlocksCommandHandler.java:handle(106)) - Start to delete container blocks, TXIDs=[1(0),2(0),3(0)], numOfContainers=3, numOfBlocks=553
2019-06-12 16:05:28,630 INFO  commandhandler.DeleteBlocksCommandHandler (DeleteBlocksCommandHandler.java:handle(106)) - Start to delete container blocks, TXIDs=[1(0),2(0),3(0)], numOfContainers=3, numOfBlocks=553
2019-06-12 16:05:28,630 INFO  commandhandler.DeleteBlocksCommandHandler (DeleteBlocksCommandHandler.java:handle(106)) - Start to delete container blocks, TXIDs=[1(0),2(0),3(0)], numOfContainers=3, numOfBlocks=553
2019-06-12 16:05:28,630 INFO  commands.RetriableDatanodeEventWatcher (RetriableDatanodeEventWatcher.java:onTimeout(47)) - RetriableDatanodeCommand type=deleteBlocksCommand with id=1560355517626 timed out. Retrying.
2019-06-12 16:05:28,631 INFO  commandhandler.DeleteBlocksCommandHandler (DeleteBlocksCommandHandler.java:handle(106)) - Start to delete container blocks, TXIDs=[1(0),2(0),3(0)], numOfContainers=3, numOfBlocks=553
2019-06-12 16:05:28,632 INFO  commandhandler.DeleteBlocksCommandHandler (DeleteBlocksCommandHandler.java:handle(106)) - Start to delete container blocks, TXIDs=[1(0),2(0),3(0)], numOfContainers=3, numOfBlocks=553
2019-06-12 16:05:28,632 INFO  commandhandler.DeleteBlocksCommandHandler (DeleteBlocksCommandHandler.java:handle(106)) - Start to delete container blocks, TXIDs=[1(0),2(0),3(0)], numOfContainers=3, numOfBlocks=553
2019-06-12 16:05:28,633 INFO  commandhandler.DeleteBlocksCommandHandler (DeleteBlocksCommandHandler.java:handle(106)) - Start to delete container blocks, TXIDs=[1(0),2(0),3(0)], numOfContainers=3, numOfBlocks=553
2019-06-12 16:05:28,634 INFO  commandhandler.DeleteBlocksCommandHandler (DeleteBlocksCommandHandler.java:handle(106)) - Start to delete container blocks, TXIDs=[1(0),2(0),3(0)], numOfContainers=3, numOfBlocks=553
2019-06-12 16:05:28,634 INFO  commandhandler.DeleteBlocksCommandHandler (DeleteBlocksCommandHandler.java:handle(106)) - Start to delete container blocks, TXIDs=[1(0),2(0),3(0)], numOfContainers=3, numOfBlocks=553
2019-06-12 16:05:28,635 INFO  commandhandler.DeleteBlocksCommandHandler (DeleteBlocksCommandHandler.java:handle(106)) - Start to delete container blocks, TXIDs=[1(0),2(0),3(0)], numOfContainers=3, numOfBlocks=553
2019-06-12 16:05:28,636 INFO  commandhandler.DeleteBlocksCommandHandler (DeleteBlocksCommandHandler.java:handle(106)) - Start to delete container blocks, TXIDs=[1(0),2(0),3(0)], numOfContainers=3, numOfBlocks=553
2019-06-12 16:05:28,636 INFO  commands.RetriableDatanodeEventWatcher (RetriableDatanodeEventWatcher.java:onTimeout(47)) - RetriableDatanodeCommand type=deleteBlocksCommand with id=1560355517665 timed out. Retrying.
2019-06-12 16:05:28,636 INFO  commandhandler.DeleteBlocksCommandHandler (DeleteBlocksCommandHandler.java:handle(106)) - Start to delete container blocks, TXIDs=[1(0),2(0),3(0)], numOfContainers=3, numOfBlocks=553
2019-06-12 16:05:28,637 INFO  commandhandler.DeleteBlocksCommandHandler (DeleteBlocksCommandHandler.java:handle(106)) - Start to delete container blocks, TXIDs=[1(0),2(0),3(0)], numOfContainers=3, numOfBlocks=553
2019-06-12 16:05:28,638 INFO  commandhandler.DeleteBlocksCommandHandler (DeleteBlocksCommandHandler.java:handle(106)) - Start to delete container blocks, TXIDs=[1(0),2(0),3(0)], numOfContainers=3, numOfBlocks=553
2019-06-12 16:05:28,639 INFO  commandhandler.DeleteBlocksCommandHandler (DeleteBlocksCommandHandler.java:handle(106)) - Start to delete container blocks, TXIDs=[1(0),2(0),3(0)], numOfContainers=3, numOfBlocks=553
2019-06-12 16:05:28,639 INFO  commands.RetriableDatanodeEventWatcher (RetriableDatanodeEventWatcher.java:onTimeout(47)) - RetriableDatanodeCommand type=deleteBlocksCommand with id=1560355517636 timed out. Retrying.
2019-06-12 16:05:28,639 INFO  commandhandler.DeleteBlocksCommandHandler (DeleteBlocksCommandHandler.java:handle(106)) - Start to delete container blocks, TXIDs=[1(0),2(0),3(0)], numOfContainers=3, numOfBlocks=553
2019-06-12 16:05:28,640 INFO  commandhandler.DeleteBlocksCommandHandler (DeleteBlocksCommandHandler.java:handle(106)) - Start to delete container blocks, TXIDs=[1(0),2(0),3(0)], numOfContainers=3, numOfBlocks=553
2019-06-12 16:05:28,641 INFO  commandhandler.DeleteBlocksCommandHandler (DeleteBlocksCommandHandler.java:handle(106)) - Start to delete container blocks, TXIDs=[1(0),2(0),3(0)], numOfContainers=3, numOfBlocks=553
2019-06-12 16:05:28,641 INFO  commandhandler.DeleteBlocksCommandHandler (DeleteBlocksCommandHandler.java:handle(106)) - Start to delete container blocks, TXIDs=[1(0),2(0),3(0)], numOfContainers=3, numOfBlocks=553
2019-06-12 16:05:28,642 INFO  commandhandler.DeleteBlocksCommandHandler (DeleteBlocksCommandHandler.java:handle(106)) - Start to delete container blocks, TXIDs=[1(0),2(0),3(0)], numOfContainers=3, numOfBlocks=553
2019-06-12 16:05:28,643 INFO  commandhandler.DeleteBlocksCommandHandler (DeleteBlocksCommandHandler.java:handle(106)) - Start to delete container blocks, TXIDs=[1(0),2(0),3(0)], numOfContainers=3, numOfBlocks=553
2019-06-12 16:05:28,643 INFO  commandhandler.DeleteBlocksCommandHandler (DeleteBlocksCommandHandler.java:handle(106)) - Start to delete container blocks, TXIDs=[1(0),2(0),3(0)], numOfContainers=3, numOfBlocks=553
2019-06-12 16:05:28,644 INFO  commandhandler.DeleteBlocksCommandHandler (DeleteBlocksCommandHandler.java:handle(106)) - Start to delete container blocks, TXIDs=[1(0),2(0),3(0)], numOfContainers=3, numOfBlocks=553
2019-06-12 16:05:28,644 INFO  commands.RetriableDatanodeEventWatcher (RetriableDatanodeEventWatcher.java:onTimeout(47)) - RetriableDatanodeCommand type=deleteBlocksCommand with id=1560355517675 timed out. Retrying.
2019-06-12 16:05:28,645 INFO  commandhandler.DeleteBlocksCommandHandler (DeleteBlocksCommandHandler.java:handle(106)) - Start to delete container blocks, TXIDs=[1(0),2(0),3(0)], numOfContainers=3, numOfBlocks=553
2019-06-12 16:05:28,646 INFO  commandhandler.DeleteBlocksCommandHandler (DeleteBlocksCommandHandler.java:handle(106)) - Start to delete container blocks, TXIDs=[1(0),2(0),3(0)], numOfContainers=3, numOfBlocks=553
2019-06-12 16:05:28,647 INFO  commandhandler.DeleteBlocksCommandHandler (DeleteBlocksCommandHandler.java:handle(106)) - Start to delete container blocks, TXIDs=[1(0),2(0),3(0)], numOfContainers=3, numOfBlocks=553
2019-06-12 16:05:28,648 INFO  commandhandler.DeleteBlocksCommandHandler (DeleteBlocksCommandHandler.java:handle(106)) - Start to delete container blocks, TXIDs=[1(0),2(0),3(0)], numOfContainers=3, numOfBlocks=553
2019-06-12 16:05:28,648 INFO  commands.RetriableDatanodeEventWatcher (RetriableDatanodeEventWatcher.java:onTimeout(47)) - RetriableDatanodeCommand type=deleteBlocksCommand with id=1560355517646 timed out. Retrying.
2019-06-12 16:05:28,649 INFO  commandhandler.DeleteBlocksCommandHandler (DeleteBlocksCommandHandler.java:handle(106)) - Start to delete container blocks, TXIDs=[1(0),2(0),3(0)], numOfContainers=3, numOfBlocks=553
2019-06-12 16:05:28,649 INFO  commandhandler.DeleteBlocksCommandHandler (DeleteBlocksCommandHandler.java:handle(106)) - Start to delete container blocks, TXIDs=[1(0),2(0),3(0)], numOfContainers=3, numOfBlocks=553
2019-06-12 16:05:28,650 INFO  commandhandler.DeleteBlocksCommandHandler (DeleteBlocksCommandHandler.java:handle(106)) - Start to delete container blocks, TXIDs=[1(0),2(0),3(0)], numOfContainers=3, numOfBlocks=553
2019-06-12 16:05:28,651 INFO  commands.RetriableDatanodeEventWatcher (RetriableDatanodeEventWatcher.java:onTimeout(47)) - RetriableDatanodeCommand type=deleteBlocksCommand with id=1560355517685 timed out. Retrying.
2019-06-12 16:05:28,651 INFO  commandhandler.DeleteBlocksCommandHandler (DeleteBlocksCommandHandler.java:handle(106)) - Start to delete container blocks, TXIDs=[1(0),2(0),3(0)], numOfContainers=3, numOfBlocks=553
2019-06-12 16:05:28,652 INFO  commandhandler.DeleteBlocksCommandHandler (DeleteBlocksCommandHandler.java:handle(106)) - Start to delete container blocks, TXIDs=[1(0),2(0),3(0)], numOfContainers=3, numOfBlocks=553
2019-06-12 16:05:28,652 INFO  commandhandler.DeleteBlocksCommandHandler (DeleteBlocksCommandHandler.java:handle(106)) - Start to delete container blocks, TXIDs=[1(0),2(0),3(0)], numOfContainers=3, numOfBlocks=553
2019-06-12 16:05:28,653 INFO  commandhandler.DeleteBlocksCommandHandler (DeleteBlocksCommandHandler.java:handle(106)) - Start to delete container blocks, TXIDs=[1(0),2(0),3(0)], numOfContainers=3, numOfBlocks=553
2019-06-12 16:05:28,654 INFO  commandhandler.DeleteBlocksCommandHandler (DeleteBlocksCommandHandler.java:handle(106)) - Start to delete container blocks, TXIDs=[1(0),2(0),3(0)], numOfContainers=3, numOfBlocks=553
2019-06-12 16:05:28,654 INFO  commandhandler.DeleteBlocksCommandHandler (DeleteBlocksCommandHandler.java:handle(106)) - Start to delete container blocks, TXIDs=[1(0),2(0),3(0)], numOfContainers=3, numOfBlocks=553
2019-06-12 16:05:28,655 INFO  commandhandler.DeleteBlocksCommandHandler (DeleteBlocksCommandHandler.java:handle(106)) - Start to delete container blocks, TXIDs=[1(0),2(0),3(0)], numOfContainers=3, numOfBlocks=553
2019-06-12 16:05:28,656 INFO  commandhandler.DeleteBlocksCommandHandler (DeleteBlocksCommandHandler.java:handle(106)) - Start to delete container blocks, TXIDs=[1(0),2(0),3(0)], numOfContainers=3, numOfBlocks=553
2019-06-12 16:05:28,657 INFO  commandhandler.DeleteBlocksCommandHandler (DeleteBlocksCommandHandler.java:handle(106)) - Start to delete container blocks, TXIDs=[1(0),2(0),3(0)], numOfContainers=3, numOfBlocks=553
2019-06-12 16:05:28,657 INFO  commandhandler.DeleteBlocksCommandHandler (DeleteBlocksCommandHandler.java:handle(106)) - Start to delete container blocks, TXIDs=[1(0),2(0),3(0)], numOfContainers=3, numOfBlocks=553
2019-06-12 16:05:28,658 INFO  commandhandler.DeleteBlocksCommandHandler (DeleteBlocksCommandHandler.java:handle(106)) - Start to delete container blocks, TXIDs=[1(0),2(0),3(0)], numOfContainers=3, numOfBlocks=553
2019-06-12 16:05:28,659 INFO  commandhandler.DeleteBlocksCommandHandler (DeleteBlocksCommandHandler.java:handle(106)) - Start to delete container blocks, TXIDs=[1(0),2(0),3(0)], numOfContainers=3, numOfBlocks=553
2019-06-12 16:05:28,659 INFO  commands.RetriableDatanodeEventWatcher (RetriableDatanodeEventWatcher.java:onTimeout(47)) - RetriableDatanodeCommand type=deleteBlocksCommand with id=1560355517695 timed out. Retrying.
2019-06-12 16:05:28,660 INFO  commandhandler.DeleteBlocksCommandHandler (DeleteBlocksCommandHandler.java:handle(106)) - Start to delete container blocks, TXIDs=[1(0),2(0),3(0)], numOfContainers=3, numOfBlocks=553
2019-06-12 16:05:28,660 INFO  commandhandler.DeleteBlocksCommandHandler (DeleteBlocksCommandHandler.java:handle(106)) - Start to delete container blocks, TXIDs=[1(0),2(0),3(0)], numOfContainers=3, numOfBlocks=553
2019-06-12 16:05:28,661 INFO  commandhandler.DeleteBlocksCommandHandler (DeleteBlocksCommandHandler.java:handle(106)) - Start to delete container blocks, TXIDs=[1(0),2(0),3(0)], numOfContainers=3, numOfBlocks=553
2019-06-12 16:05:28,662 INFO  commandhandler.DeleteBlocksCommandHandler (DeleteBlocksCommandHandler.java:handle(106)) - Start to delete container blocks, TXIDs=[1(0),2(0),3(0)], numOfContainers=3, numOfBlocks=553
2019-06-12 16:05:28,662 INFO  commandhandler.DeleteBlocksCommandHandler (DeleteBlocksCommandHandler.java:handle(106)) - Start to delete container blocks, TXIDs=[1(0),2(0),3(0)], numOfContainers=3, numOfBlocks=553
2019-06-12 16:05:28,663 INFO  commandhandler.DeleteBlocksCommandHandler (DeleteBlocksCommandHandler.java:handle(106)) - Start to delete container blocks, TXIDs=[1(0),2(0),3(0)], numOfContainers=3, numOfBlocks=553
2019-06-12 16:05:28,664 INFO  commandhandler.DeleteBlocksCommandHandler (DeleteBlocksCommandHandler.java:handle(106)) - Start to delete container blocks, TXIDs=[1(0),2(0),3(0)], numOfContainers=3, numOfBlocks=553
2019-06-12 16:05:28,664 INFO  commandhandler.DeleteBlocksCommandHandler (DeleteBlocksCommandHandler.java:handle(106)) - Start to delete container blocks, TXIDs=[1(0),2(0),3(0)], numOfContainers=3, numOfBlocks=553
2019-06-12 16:05:28,665 INFO  commandhandler.DeleteBlocksCommandHandler (DeleteBlocksCommandHandler.java:handle(106)) - Start to delete container blocks, TXIDs=[1(0),2(0),3(0)], numOfContainers=3, numOfBlocks=553
2019-06-12 16:05:28,666 INFO  commandhandler.DeleteBlocksCommandHandler (DeleteBlocksCommandHandler.java:handle(106)) - Start to delete container blocks, TXIDs=[1(0),2(0),3(0)], numOfContainers=3, numOfBlocks=553
2019-06-12 16:05:28,667 INFO  commandhandler.DeleteBlocksCommandHandler (DeleteBlocksCommandHandler.java:handle(106)) - Start to delete container blocks, TXIDs=[1(0),2(0),3(0)], numOfContainers=3, numOfBlocks=553
2019-06-12 16:05:28,667 INFO  commandhandler.DeleteBlocksCommandHandler (DeleteBlocksCommandHandler.java:handle(106)) - Start to delete container blocks, TXIDs=[1(0),2(0),3(0)], numOfContainers=3, numOfBlocks=553
2019-06-12 16:05:28,668 INFO  commandhandler.DeleteBlocksCommandHandler (DeleteBlocksCommandHandler.java:handle(106)) - Start to delete container blocks, TXIDs=[1(0),2(0),3(0)], numOfContainers=3, numOfBlocks=553
2019-06-12 16:05:28,669 INFO  commandhandler.DeleteBlocksCommandHandler (DeleteBlocksCommandHandler.java:handle(106)) - Start to delete container blocks, TXIDs=[1(0),2(0),3(0)], numOfContainers=3, numOfBlocks=553
2019-06-12 16:05:28,670 INFO  commandhandler.DeleteBlocksCommandHandler (DeleteBlocksCommandHandler.java:handle(106)) - Start to delete container blocks, TXIDs=[1(0),2(0),3(0)], numOfContainers=3, numOfBlocks=553
2019-06-12 16:05:28,670 INFO  commandhandler.DeleteBlocksCommandHandler (DeleteBlocksCommandHandler.java:handle(106)) - Start to delete container blocks, TXIDs=[1(0),2(0),3(0)], numOfContainers=3, numOfBlocks=553
2019-06-12 16:05:28,671 INFO  commandhandler.DeleteBlocksCommandHandler (DeleteBlocksCommandHandler.java:handle(106)) - Start to delete container blocks, TXIDs=[1(0),2(0),3(0)], numOfContainers=3, numOfBlocks=553
2019-06-12 16:05:28,672 INFO  commandhandler.DeleteBlocksCommandHandler (DeleteBlocksCommandHandler.java:handle(106)) - Start to delete container blocks, TXIDs=[1(0),2(0),3(0)], numOfContainers=3, numOfBlocks=553
2019-06-12 16:05:28,672 INFO  commandhandler.DeleteBlocksCommandHandler (DeleteBlocksCommandHandler.java:handle(106)) - Start to delete container blocks, TXIDs=[1(0),2(0),3(0)], numOfContainers=3, numOfBlocks=553
2019-06-12 16:05:28,673 INFO  commandhandler.DeleteBlocksCommandHandler (DeleteBlocksCommandHandler.java:handle(106)) - Start to delete container blocks, TXIDs=[1(0),2(0),3(0)], numOfContainers=3, numOfBlocks=553
2019-06-12 16:05:28,673 INFO  commandhandler.DeleteBlocksCommandHandler (DeleteBlocksCommandHandler.java:handle(106)) - Start to delete container blocks, TXIDs=[1(0),2(0),3(0)], numOfContainers=3, numOfBlocks=553
2019-06-12 16:05:28,674 INFO  commandhandler.DeleteBlocksCommandHandler (DeleteBlocksCommandHandler.java:handle(106)) - Start to delete container blocks, TXIDs=[1(0),2(0),3(0)], numOfContainers=3, numOfBlocks=553
2019-06-12 16:05:28,675 INFO  commandhandler.DeleteBlocksCommandHandler (DeleteBlocksCommandHandler.java:handle(106)) - Start to delete container blocks, TXIDs=[1(0),2(0),3(0)], numOfContainers=3, numOfBlocks=553
2019-06-12 16:05:28,675 INFO  commandhandler.DeleteBlocksCommandHandler (DeleteBlocksCommandHandler.java:handle(106)) - Start to delete container blocks, TXIDs=[1(0),2(0),3(0)], numOfContainers=3, numOfBlocks=553
2019-06-12 16:05:28,676 INFO  commandhandler.DeleteBlocksCommandHandler (DeleteBlocksCommandHandler.java:handle(106)) - Start to delete container blocks, TXIDs=[1(0),2(0),3(0)], numOfContainers=3, numOfBlocks=553
2019-06-12 16:05:28,677 INFO  commandhandler.DeleteBlocksCommandHandler (DeleteBlocksCommandHandler.java:handle(106)) - Start to delete container blocks, TXIDs=[1(0),2(0),3(0)], numOfContainers=3, numOfBlocks=553
2019-06-12 16:05:28,678 INFO  commandhandler.DeleteBlocksCommandHandler (DeleteBlocksCommandHandler.java:handle(106)) - Start to delete container blocks, TXIDs=[1(0),2(0),3(0)], numOfContainers=3, numOfBlocks=553
2019-06-12 16:05:28,678 INFO  commands.RetriableDatanodeEventWatcher (RetriableDatanodeEventWatcher.java:onTimeout(47)) - RetriableDatanodeCommand type=deleteBlocksCommand with id=1560355517656 timed out. Retrying.
2019-06-12 16:05:28,678 INFO  commandhandler.DeleteBlocksCommandHandler (DeleteBlocksCommandHandler.java:handle(106)) - Start to delete container blocks, TXIDs=[1(0),2(0),3(0)], numOfContainers=3, numOfBlocks=553
2019-06-12 16:05:28,679 INFO  commandhandler.DeleteBlocksCommandHandler (DeleteBlocksCommandHandler.java:handle(106)) - Start to delete container blocks, TXIDs=[1(0),2(0),3(0)], numOfContainers=3, numOfBlocks=553
2019-06-12 16:05:28,680 INFO  commandhandler.DeleteBlocksCommandHandler (DeleteBlocksCommandHandler.java:handle(106)) - Start to delete container blocks, TXIDs=[1(0),2(0),3(0)], numOfContainers=3, numOfBlocks=553
2019-06-12 16:05:28,680 INFO  commandhandler.DeleteBlocksCommandHandler (DeleteBlocksCommandHandler.java:handle(106)) - Start to delete container blocks, TXIDs=[1(0),2(0),3(0)], numOfContainers=3, numOfBlocks=553
2019-06-12 16:05:28,681 INFO  commandhandler.DeleteBlocksCommandHandler (DeleteBlocksCommandHandler.java:handle(106)) - Start to delete container blocks, TXIDs=[1(0),2(0),3(0)], numOfContainers=3, numOfBlocks=553
2019-06-12 16:05:28,682 INFO  commandhandler.DeleteBlocksCommandHandler (DeleteBlocksCommandHandler.java:handle(106)) - Start to delete container blocks, TXIDs=[1(0),2(0),3(0)], numOfContainers=3, numOfBlocks=553
2019-06-12 16:05:28,682 INFO  commandhandler.DeleteBlocksCommandHandler (DeleteBlocksCommandHandler.java:handle(106)) - Start to delete container blocks, TXIDs=[1(0),2(0),3(0)], numOfContainers=3, numOfBlocks=553
2019-06-12 16:05:28,683 INFO  commandhandler.DeleteBlocksCommandHandler (DeleteBlocksCommandHandler.java:handle(106)) - Start to delete container blocks, TXIDs=[1(0),2(0),3(0)], numOfContainers=3, numOfBlocks=553
2019-06-12 16:05:28,684 INFO  commandhandler.DeleteBlocksCommandHandler (DeleteBlocksCommandHandler.java:handle(106)) - Start to delete container blocks, TXIDs=[1(0),2(0),3(0)], numOfContainers=3, numOfBlocks=553
2019-06-12 16:05:28,684 INFO  commandhandler.DeleteBlocksCommandHandler (DeleteBlocksCommandHandler.java:handle(106)) - Start to delete container blocks, TXIDs=[1(0),2(0),3(0)], numOfContainers=3, numOfBlocks=553
2019-06-12 16:05:28,685 INFO  commandhandler.DeleteBlocksCommandHandler (DeleteBlocksCommandHandler.java:handle(106)) - Start to delete container blocks, TXIDs=[1(0),2(0),3(0)], numOfContainers=3, numOfBlocks=553
2019-06-12 16:05:28,686 INFO  commandhandler.DeleteBlocksCommandHandler (DeleteBlocksCommandHandler.java:handle(106)) - Start to delete container blocks, TXIDs=[1(0),2(0),3(0)], numOfContainers=3, numOfBlocks=553
2019-06-12 16:05:28,686 INFO  commandhandler.DeleteBlocksCommandHandler (DeleteBlocksCommandHandler.java:handle(106)) - Start to delete container blocks, TXIDs=[1(0),2(0),3(0)], numOfContainers=3, numOfBlocks=553
2019-06-12 16:05:28,687 INFO  commandhandler.DeleteBlocksCommandHandler (DeleteBlocksCommandHandler.java:handle(106)) - Start to delete container blocks, TXIDs=[1(0),2(0),3(0)], numOfContainers=3, numOfBlocks=553
2019-06-12 16:05:28,688 INFO  commandhandler.DeleteBlocksCommandHandler (DeleteBlocksCommandHandler.java:handle(106)) - Start to delete container blocks, TXIDs=[1(0),2(0),3(0)], numOfContainers=3, numOfBlocks=553
2019-06-12 16:05:28,688 INFO  commandhandler.DeleteBlocksCommandHandler (DeleteBlocksCommandHandler.java:handle(106)) - Start to delete container blocks, TXIDs=[1(0),2(0),3(0)], numOfContainers=3, numOfBlocks=553
2019-06-12 16:05:28,689 INFO  commandhandler.DeleteBlocksCommandHandler (DeleteBlocksCommandHandler.java:handle(106)) - Start to delete container blocks, TXIDs=[1(0),2(0),3(0)], numOfContainers=3, numOfBlocks=553
2019-06-12 16:05:28,689 INFO  commandhandler.DeleteBlocksCommandHandler (DeleteBlocksCommandHandler.java:handle(106)) - Start to delete container blocks, TXIDs=[1(0),2(0),3(0)], numOfContainers=3, numOfBlocks=553
2019-06-12 16:05:28,690 INFO  commandhandler.DeleteBlocksCommandHandler (DeleteBlocksCommandHandler.java:handle(106)) - Start to delete container blocks, TXIDs=[1(0),2(0),3(0)], numOfContainers=3, numOfBlocks=553
2019-06-12 16:05:28,691 INFO  commandhandler.DeleteBlocksCommandHandler (DeleteBlocksCommandHandler.java:handle(106)) - Start to delete container blocks, TXIDs=[1(0),2(0),3(0)], numOfContainers=3, numOfBlocks=553
2019-06-12 16:05:28,691 INFO  commandhandler.DeleteBlocksCommandHandler (DeleteBlocksCommandHandler.java:handle(106)) - Start to delete container blocks, TXIDs=[1(0),2(0),3(0)], numOfContainers=3, numOfBlocks=553
2019-06-12 16:05:28,692 INFO  commandhandler.DeleteBlocksCommandHandler (DeleteBlocksCommandHandler.java:handle(106)) - Start to delete container blocks, TXIDs=[1(0),2(0),3(0)], numOfContainers=3, numOfBlocks=553
2019-06-12 16:05:28,692 INFO  commandhandler.DeleteBlocksCommandHandler (DeleteBlocksCommandHandler.java:handle(106)) - Start to delete container blocks, TXIDs=[1(0),2(0),3(0)], numOfContainers=3, numOfBlocks=553
2019-06-12 16:05:28,693 INFO  commandhandler.DeleteBlocksCommandHandler (DeleteBlocksCommandHandler.java:handle(106)) - Start to delete container blocks, TXIDs=[1(0),2(0),3(0)], numOfContainers=3, numOfBlocks=553
2019-06-12 16:05:28,694 INFO  commandhandler.DeleteBlocksCommandHandler (DeleteBlocksCommandHandler.java:handle(106)) - Start to delete container blocks, TXIDs=[1(0),2(0),3(0)], numOfContainers=3, numOfBlocks=553
2019-06-12 16:05:28,694 INFO  commandhandler.DeleteBlocksCommandHandler (DeleteBlocksCommandHandler.java:handle(106)) - Start to delete container blocks, TXIDs=[1(0),2(0),3(0)], numOfContainers=3, numOfBlocks=553
2019-06-12 16:05:28,695 INFO  commandhandler.DeleteBlocksCommandHandler (DeleteBlocksCommandHandler.java:handle(106)) - Start to delete container blocks, TXIDs=[1(0),2(0),3(0)], numOfContainers=3, numOfBlocks=553
2019-06-12 16:05:28,695 INFO  commandhandler.DeleteBlocksCommandHandler (DeleteBlocksCommandHandler.java:handle(106)) - Start to delete container blocks, TXIDs=[1(0),2(0),3(0)], numOfContainers=3, numOfBlocks=553
2019-06-12 16:05:28,696 INFO  commandhandler.DeleteBlocksCommandHandler (DeleteBlocksCommandHandler.java:handle(106)) - Start to delete container blocks, TXIDs=[1(0),2(0),3(0)], numOfContainers=3, numOfBlocks=553
2019-06-12 16:05:28,697 INFO  commandhandler.DeleteBlocksCommandHandler (DeleteBlocksCommandHandler.java:handle(106)) - Start to delete container blocks, TXIDs=[1(0),2(0),3(0)], numOfContainers=3, numOfBlocks=553
2019-06-12 16:05:28,697 INFO  commandhandler.DeleteBlocksCommandHandler (DeleteBlocksCommandHandler.java:handle(106)) - Start to delete container blocks, TXIDs=[1(0),2(0),3(0)], numOfContainers=3, numOfBlocks=553
2019-06-12 16:05:28,698 INFO  commandhandler.DeleteBlocksCommandHandler (DeleteBlocksCommandHandler.java:handle(106)) - Start to delete container blocks, TXIDs=[1(0),2(0),3(0)], numOfContainers=3, numOfBlocks=553
2019-06-12 16:05:28,698 DEBUG block.SCMBlockDeletingService (SCMBlockDeletingService.java:call(138)) - Running DeletedBlockTransactionScanner
2019-06-12 16:05:28,698 DEBUG block.SCMBlockDeletingService (SCMBlockDeletingService.java:call(155)) - Scanned deleted blocks log and got 0 delTX to process.
2019-06-12 16:05:28,699 INFO  commandhandler.DeleteBlocksCommandHandler (DeleteBlocksCommandHandler.java:handle(106)) - Start to delete container blocks, TXIDs=[1(0),2(0),3(0)], numOfContainers=3, numOfBlocks=553
2019-06-12 16:05:28,699 INFO  commandhandler.DeleteBlocksCommandHandler (DeleteBlocksCommandHandler.java:handle(106)) - Start to delete container blocks, TXIDs=[1(0),2(0),3(0)], numOfContainers=3, numOfBlocks=553
2019-06-12 16:05:28,700 INFO  commandhandler.DeleteBlocksCommandHandler (DeleteBlocksCommandHandler.java:handle(106)) - Start to delete container blocks, TXIDs=[1(0),2(0),3(0)], numOfContainers=3, numOfBlocks=553
2019-06-12 16:05:28,700 INFO  commandhandler.DeleteBlocksCommandHandler (DeleteBlocksCommandHandler.java:handle(106)) - Start to delete container blocks, TXIDs=[1(0),2(0),3(0)], numOfContainers=3, numOfBlocks=553
2019-06-12 16:05:28,701 INFO  commandhandler.DeleteBlocksCommandHandler (DeleteBlocksCommandHandler.java:handle(106)) - Start to delete container blocks, TXIDs=[1(0),2(0),3(0)], numOfContainers=3, numOfBlocks=553
2019-06-12 16:05:28,702 INFO  commandhandler.DeleteBlocksCommandHandler (DeleteBlocksCommandHandler.java:handle(106)) - Start to delete container blocks, TXIDs=[1(0),2(0),3(0)], numOfContainers=3, numOfBlocks=553
2019-06-12 16:05:28,702 INFO  commandhandler.DeleteBlocksCommandHandler (DeleteBlocksCommandHandler.java:handle(106)) - Start to delete container blocks, TXIDs=[1(0),2(0),3(0)], numOfContainers=3, numOfBlocks=553
2019-06-12 16:05:28,703 INFO  commandhandler.DeleteBlocksCommandHandler (DeleteBlocksCommandHandler.java:handle(106)) - Start to delete container blocks, TXIDs=[1(0),2(0),3(0)], numOfContainers=3, numOfBlocks=553
2019-06-12 16:05:28,704 INFO  commandhandler.DeleteBlocksCommandHandler (DeleteBlocksCommandHandler.java:handle(106)) - Start to delete container blocks, TXIDs=[1(0),2(0),3(0)], numOfContainers=3, numOfBlocks=553
2019-06-12 16:05:28,705 INFO  commandhandler.DeleteBlocksCommandHandler (DeleteBlocksCommandHandler.java:handle(106)) - Start to delete container blocks, TXIDs=[1(0),2(0),3(0)], numOfContainers=3, numOfBlocks=553
2019-06-12 16:05:28,707 INFO  commandhandler.DeleteBlocksCommandHandler (DeleteBlocksCommandHandler.java:handle(106)) - Start to delete container blocks, TXIDs=[1(0),2(0),3(0)], numOfContainers=3, numOfBlocks=553
2019-06-12 16:05:28,708 INFO  commandhandler.DeleteBlocksCommandHandler (DeleteBlocksCommandHandler.java:handle(106)) - Start to delete container blocks, TXIDs=[1(0),2(0),3(0)], numOfContainers=3, numOfBlocks=553
2019-06-12 16:05:28,709 INFO  commandhandler.DeleteBlocksCommandHandler (DeleteBlocksCommandHandler.java:handle(106)) - Start to delete container blocks, TXIDs=[1(0),2(0),3(0)], numOfContainers=3, numOfBlocks=553
2019-06-12 16:05:28,710 INFO  commandhandler.DeleteBlocksCommandHandler (DeleteBlocksCommandHandler.java:handle(106)) - Start to delete container blocks, TXIDs=[1(0),2(0),3(0)], numOfContainers=3, numOfBlocks=553
2019-06-12 16:05:28,710 INFO  commandhandler.DeleteBlocksCommandHandler (DeleteBlocksCommandHandler.java:handle(106)) - Start to delete container blocks, TXIDs=[1(0),2(0),3(0)], numOfContainers=3, numOfBlocks=553
2019-06-12 16:05:28,711 INFO  commandhandler.DeleteBlocksCommandHandler (DeleteBlocksCommandHandler.java:handle(106)) - Start to delete container blocks, TXIDs=[1(0),2(0),3(0)], numOfContainers=3, numOfBlocks=553
2019-06-12 16:05:28,712 INFO  commands.RetriableDatanodeEventWatcher (RetriableDatanodeEventWatcher.java:onTimeout(47)) - RetriableDatanodeCommand type=deleteBlocksCommand with id=1560355517607 timed out. Retrying.
2019-06-12 16:05:28,712 INFO  commandhandler.DeleteBlocksCommandHandler (DeleteBlocksCommandHandler.java:handle(106)) - Start to delete container blocks, TXIDs=[1(0),2(0),3(0)], numOfContainers=3, numOfBlocks=553
2019-06-12 16:05:28,712 INFO  commandhandler.DeleteBlocksCommandHandler (DeleteBlocksCommandHandler.java:handle(106)) - Start to delete container blocks, TXIDs=[1(0),2(0),3(0)], numOfContainers=3, numOfBlocks=553
2019-06-12 16:05:28,713 INFO  commandhandler.DeleteBlocksCommandHandler (DeleteBlocksCommandHandler.java:handle(106)) - Start to delete container blocks, TXIDs=[1(0),2(0),3(0)], numOfContainers=3, numOfBlocks=553
2019-06-12 16:05:28,713 INFO  commandhandler.DeleteBlocksCommandHandler (DeleteBlocksCommandHandler.java:handle(106)) - Start to delete container blocks, TXIDs=[1(0),2(0),3(0)], numOfContainers=3, numOfBlocks=553
2019-06-12 16:05:28,714 INFO  commandhandler.DeleteBlocksCommandHandler (DeleteBlocksCommandHandler.java:handle(106)) - Start to delete container blocks, TXIDs=[1(0),2(0),3(0)], numOfContainers=3, numOfBlocks=553
2019-06-12 16:05:28,715 INFO  commandhandler.DeleteBlocksCommandHandler (DeleteBlocksCommandHandler.java:handle(106)) - Start to delete container blocks, TXIDs=[1(0),2(0),3(0)], numOfContainers=3, numOfBlocks=553
2019-06-12 16:05:28,715 INFO  commandhandler.DeleteBlocksCommandHandler (DeleteBlocksCommandHandler.java:handle(106)) - Start to delete container blocks, TXIDs=[1(0),2(0),3(0)], numOfContainers=3, numOfBlocks=553
2019-06-12 16:05:28,716 INFO  commandhandler.DeleteBlocksCommandHandler (DeleteBlocksCommandHandler.java:handle(106)) - Start to delete container blocks, TXIDs=[1(0),2(0),3(0)], numOfContainers=3, numOfBlocks=553
2019-06-12 16:05:28,716 INFO  commandhandler.DeleteBlocksCommandHandler (DeleteBlocksCommandHandler.java:handle(106)) - Start to delete container blocks, TXIDs=[1(0),2(0),3(0)], numOfContainers=3, numOfBlocks=553
2019-06-12 16:05:28,717 INFO  commandhandler.DeleteBlocksCommandHandler (DeleteBlocksCommandHandler.java:handle(106)) - Start to delete container blocks, TXIDs=[1(0),2(0),3(0)], numOfContainers=3, numOfBlocks=553
2019-06-12 16:05:28,718 INFO  commandhandler.DeleteBlocksCommandHandler (DeleteBlocksCommandHandler.java:handle(106)) - Start to delete container blocks, TXIDs=[1(0),2(0),3(0)], numOfContainers=3, numOfBlocks=553
2019-06-12 16:05:28,718 INFO  commandhandler.DeleteBlocksCommandHandler (DeleteBlocksCommandHandler.java:handle(106)) - Start to delete container blocks, TXIDs=[1(0),2(0),3(0)], numOfContainers=3, numOfBlocks=553
2019-06-12 16:05:28,719 INFO  commandhandler.DeleteBlocksCommandHandler (DeleteBlocksCommandHandler.java:handle(106)) - Start to delete container blocks, TXIDs=[1(0),2(0),3(0)], numOfContainers=3, numOfBlocks=553
2019-06-12 16:05:28,720 INFO  commandhandler.DeleteBlocksCommandHandler (DeleteBlocksCommandHandler.java:handle(106)) - Start to delete container blocks, TXIDs=[1(0),2(0),3(0)], numOfContainers=3, numOfBlocks=553
2019-06-12 16:05:28,720 INFO  commandhandler.DeleteBlocksCommandHandler (DeleteBlocksCommandHandler.java:handle(106)) - Start to delete container blocks, TXIDs=[1(0),2(0),3(0)], numOfContainers=3, numOfBlocks=553
2019-06-12 16:05:28,721 INFO  commandhandler.DeleteBlocksCommandHandler (DeleteBlocksCommandHandler.java:handle(106)) - Start to delete container blocks, TXIDs=[1(0),2(0),3(0)], numOfContainers=3, numOfBlocks=553
2019-06-12 16:05:28,721 INFO  commandhandler.DeleteBlocksCommandHandler (DeleteBlocksCommandHandler.java:handle(106)) - Start to delete container blocks, TXIDs=[1(0),2(0),3(0)], numOfContainers=3, numOfBlocks=553
2019-06-12 16:05:28,722 INFO  commandhandler.DeleteBlocksCommandHandler (DeleteBlocksCommandHandler.java:handle(106)) - Start to delete container blocks, TXIDs=[1(0),2(0),3(0)], numOfContainers=3, numOfBlocks=553
2019-06-12 16:05:28,723 INFO  commandhandler.DeleteBlocksCommandHandler (DeleteBlocksCommandHandler.java:handle(106)) - Start to delete container blocks, TXIDs=[1(0),2(0),3(0)], numOfContainers=3, numOfBlocks=553
2019-06-12 16:05:28,723 INFO  commandhandler.DeleteBlocksCommandHandler (DeleteBlocksCommandHandler.java:handle(106)) - Start to delete container blocks, TXIDs=[1(0),2(0),3(0)], numOfContainers=3, numOfBlocks=553
2019-06-12 16:05:28,724 INFO  commandhandler.DeleteBlocksCommandHandler (DeleteBlocksCommandHandler.java:handle(106)) - Start to delete container blocks, TXIDs=[1(0),2(0),3(0)], numOfContainers=3, numOfBlocks=553
2019-06-12 16:05:28,724 INFO  commandhandler.DeleteBlocksCommandHandler (DeleteBlocksCommandHandler.java:handle(106)) - Start to delete container blocks, TXIDs=[1(0),2(0),3(0)], numOfContainers=3, numOfBlocks=553
2019-06-12 16:05:28,725 INFO  commandhandler.DeleteBlocksCommandHandler (DeleteBlocksCommandHandler.java:handle(106)) - Start to delete container blocks, TXIDs=[1(0),2(0),3(0)], numOfContainers=3, numOfBlocks=553
2019-06-12 16:05:28,726 INFO  commandhandler.DeleteBlocksCommandHandler (DeleteBlocksCommandHandler.java:handle(106)) - Start to delete container blocks, TXIDs=[1(0),2(0),3(0)], numOfContainers=3, numOfBlocks=553
2019-06-12 16:05:28,726 INFO  commandhandler.DeleteBlocksCommandHandler (DeleteBlocksCommandHandler.java:handle(106)) - Start to delete container blocks, TXIDs=[1(0),2(0),3(0)], numOfContainers=3, numOfBlocks=553
2019-06-12 16:05:28,727 INFO  commands.RetriableDatanodeEventWatcher (RetriableDatanodeEventWatcher.java:onTimeout(47)) - RetriableDatanodeCommand type=deleteBlocksCommand with id=1560355517617 timed out. Retrying.
2019-06-12 16:05:28,727 INFO  commandhandler.DeleteBlocksCommandHandler (DeleteBlocksCommandHandler.java:handle(106)) - Start to delete container blocks, TXIDs=[1(0),2(0),3(0)], numOfContainers=3, numOfBlocks=553
2019-06-12 16:05:28,728 INFO  commandhandler.DeleteBlocksCommandHandler (DeleteBlocksCommandHandler.java:handle(106)) - Start to delete container blocks, TXIDs=[1(0),2(0),3(0)], numOfContainers=3, numOfBlocks=553
2019-06-12 16:05:28,728 INFO  commandhandler.DeleteBlocksCommandHandler (DeleteBlocksCommandHandler.java:handle(106)) - Start to delete container blocks, TXIDs=[1(0),2(0),3(0)], numOfContainers=3, numOfBlocks=553
2019-06-12 16:05:28,729 INFO  commandhandler.DeleteBlocksCommandHandler (DeleteBlocksCommandHandler.java:handle(106)) - Start to delete container blocks, TXIDs=[1(0),2(0),3(0)], numOfContainers=3, numOfBlocks=553
2019-06-12 16:05:28,729 INFO  commandhandler.DeleteBlocksCommandHandler (DeleteBlocksCommandHandler.java:handle(106)) - Start to delete container blocks, TXIDs=[1(0),2(0),3(0)], numOfContainers=3, numOfBlocks=553
2019-06-12 16:05:28,730 INFO  impl.FollowerState (FollowerState.java:run(101)) - ffc7b071-00b3-4a69-8de5-2639a1a8d8ac:group-8FDDBC3FA083 changes to CANDIDATE, lastRpcTime:1042, electionTimeout:1042ms
2019-06-12 16:05:28,730 INFO  impl.RoleInfo (RoleInfo.java:shutdownFollowerState(121)) - ffc7b071-00b3-4a69-8de5-2639a1a8d8ac: shutdown FollowerState
2019-06-12 16:05:28,730 INFO  impl.RaftServerImpl (RaftServerImpl.java:setRole(164)) - ffc7b071-00b3-4a69-8de5-2639a1a8d8ac:group-8FDDBC3FA083 changes role from FOLLOWER to CANDIDATE at term 0 for changeToCandidate
2019-06-12 16:05:28,730 INFO  impl.RoleInfo (RoleInfo.java:updateAndGet(143)) - ffc7b071-00b3-4a69-8de5-2639a1a8d8ac: start LeaderElection
2019-06-12 16:05:28,732 INFO  commands.RetriableDatanodeEventWatcher (RetriableDatanodeEventWatcher.java:onTimeout(47)) - RetriableDatanodeCommand type=deleteBlocksCommand with id=1560355517627 timed out. Retrying.
2019-06-12 16:05:28,732 INFO  commandhandler.DeleteBlocksCommandHandler (DeleteBlocksCommandHandler.java:handle(106)) - Start to delete container blocks, TXIDs=[1(0),2(0),3(0)], numOfContainers=3, numOfBlocks=553
2019-06-12 16:05:28,733 INFO  commandhandler.DeleteBlocksCommandHandler (DeleteBlocksCommandHandler.java:handle(106)) - Start to delete container blocks, TXIDs=[1(0),2(0),3(0)], numOfContainers=3, numOfBlocks=553
2019-06-12 16:05:28,734 INFO  commandhandler.DeleteBlocksCommandHandler (DeleteBlocksCommandHandler.java:handle(106)) - Start to delete container blocks, TXIDs=[1(0),2(0),3(0)], numOfContainers=3, numOfBlocks=553
2019-06-12 16:05:28,734 INFO  commandhandler.DeleteBlocksCommandHandler (DeleteBlocksCommandHandler.java:handle(106)) - Start to delete container blocks, TXIDs=[1(0),2(0),3(0)], numOfContainers=3, numOfBlocks=553
2019-06-12 16:05:28,734 INFO  commands.RetriableDatanodeEventWatcher (RetriableDatanodeEventWatcher.java:onTimeout(47)) - RetriableDatanodeCommand type=deleteBlocksCommand with id=1560355517666 timed out. Retrying.
2019-06-12 16:05:28,735 INFO  commandhandler.DeleteBlocksCommandHandler (DeleteBlocksCommandHandler.java:handle(106)) - Start to delete container blocks, TXIDs=[1(0),2(0),3(0)], numOfContainers=3, numOfBlocks=553
2019-06-12 16:05:28,735 INFO  commandhandler.DeleteBlocksCommandHandler (DeleteBlocksCommandHandler.java:handle(106)) - Start to delete container blocks, TXIDs=[1(0),2(0),3(0)], numOfContainers=3, numOfBlocks=553
2019-06-12 16:05:28,736 INFO  commandhandler.DeleteBlocksCommandHandler (DeleteBlocksCommandHandler.java:handle(106)) - Start to delete container blocks, TXIDs=[1(0),2(0),3(0)], numOfContainers=3, numOfBlocks=553
2019-06-12 16:05:28,737 INFO  commandhandler.DeleteBlocksCommandHandler (DeleteBlocksCommandHandler.java:handle(106)) - Start to delete container blocks, TXIDs=[1(0),2(0),3(0)], numOfContainers=3, numOfBlocks=553
2019-06-12 16:05:28,742 INFO  commands.RetriableDatanodeEventWatcher (RetriableDatanodeEventWatcher.java:onTimeout(47)) - RetriableDatanodeCommand type=deleteBlocksCommand with id=1560355517637 timed out. Retrying.
2019-06-12 16:05:28,744 INFO  commands.RetriableDatanodeEventWatcher (RetriableDatanodeEventWatcher.java:onTimeout(47)) - RetriableDatanodeCommand type=deleteBlocksCommand with id=1560355517676 timed out. Retrying.
2019-06-12 16:05:28,745 WARN  block.DeletedBlockLogImpl (DeletedBlockLogImpl.java:incrementCount(141)) - Deleted TXID not found.
2019-06-12 16:05:28,745 WARN  block.DeletedBlockLogImpl (DeletedBlockLogImpl.java:incrementCount(141)) - Deleted TXID not found.
2019-06-12 16:05:28,745 WARN  block.DeletedBlockLogImpl (DeletedBlockLogImpl.java:incrementCount(141)) - Deleted TXID not found.
2019-06-12 16:05:28,745 DEBUG block.DeletedBlockLogImpl (DeletedBlockLogImpl.java:isTransactionFailed(245)) - Got block deletion ACK from datanode, TXIDs=1, success=true
2019-06-12 16:05:28,745 WARN  block.DeletedBlockLogImpl (DeletedBlockLogImpl.java:commitTransactions(205)) - Transaction txId=1 commit by dnId=ffc7b071-00b3-4a69-8de5-2639a1a8d8ac for containerID=#1 failed. Corresponding entry not found.
2019-06-12 16:05:28,745 DEBUG block.DeletedBlockLogImpl (DeletedBlockLogImpl.java:isTransactionFailed(245)) - Got block deletion ACK from datanode, TXIDs=1, success=true
2019-06-12 16:05:28,745 WARN  block.DeletedBlockLogImpl (DeletedBlockLogImpl.java:commitTransactions(205)) - Transaction txId=1 commit by dnId=ffc7b071-00b3-4a69-8de5-2639a1a8d8ac for containerID=#1 failed. Corresponding entry not found.
2019-06-12 16:05:28,745 DEBUG block.DeletedBlockLogImpl (DeletedBlockLogImpl.java:isTransactionFailed(245)) - Got block deletion ACK from datanode, TXIDs=1, success=true
2019-06-12 16:05:28,745 WARN  block.DeletedBlockLogImpl (DeletedBlockLogImpl.java:commitTransactions(205)) - Transaction txId=1 commit by dnId=ffc7b071-00b3-4a69-8de5-2639a1a8d8ac for containerID=#1 failed. Corresponding entry not found.
2019-06-12 16:05:28,745 DEBUG block.DeletedBlockLogImpl (DeletedBlockLogImpl.java:isTransactionFailed(245)) - Got block deletion ACK from datanode, TXIDs=1, success=true
2019-06-12 16:05:28,745 WARN  block.DeletedBlockLogImpl (DeletedBlockLogImpl.java:commitTransactions(205)) - Transaction txId=1 commit by dnId=ffc7b071-00b3-4a69-8de5-2639a1a8d8ac for containerID=#1 failed. Corresponding entry not found.
2019-06-12 16:05:28,745 DEBUG block.DeletedBlockLogImpl (DeletedBlockLogImpl.java:isTransactionFailed(245)) - Got block deletion ACK from datanode, TXIDs=1, success=true
2019-06-12 16:05:28,745 WARN  block.DeletedBlockLogImpl (DeletedBlockLogImpl.java:commitTransactions(205)) - Transaction txId=1 commit by dnId=ffc7b071-00b3-4a69-8de5-2639a1a8d8ac for containerID=#1 failed. Corresponding entry not found.
2019-06-12 16:05:28,745 DEBUG block.DeletedBlockLogImpl (DeletedBlockLogImpl.java:isTransactionFailed(245)) - Got block deletion ACK from datanode, TXIDs=1, success=true
2019-06-12 16:05:28,746 WARN  block.DeletedBlockLogImpl (DeletedBlockLogImpl.java:commitTransactions(205)) - Transaction txId=1 commit by dnId=ffc7b071-00b3-4a69-8de5-2639a1a8d8ac for containerID=#1 failed. Corresponding entry not found.
2019-06-12 16:05:28,746 DEBUG block.DeletedBlockLogImpl (DeletedBlockLogImpl.java:isTransactionFailed(245)) - Got block deletion ACK from datanode, TXIDs=1, success=true
2019-06-12 16:05:28,746 WARN  block.DeletedBlockLogImpl (DeletedBlockLogImpl.java:commitTransactions(205)) - Transaction txId=1 commit by dnId=ffc7b071-00b3-4a69-8de5-2639a1a8d8ac for containerID=#1 failed. Corresponding entry not found.
2019-06-12 16:05:28,746 WARN  block.DeletedBlockLogImpl (DeletedBlockLogImpl.java:incrementCount(141)) - Deleted TXID not found.
2019-06-12 16:05:28,746 WARN  block.DeletedBlockLogImpl (DeletedBlockLogImpl.java:incrementCount(141)) - Deleted TXID not found.
2019-06-12 16:05:28,746 WARN  block.DeletedBlockLogImpl (DeletedBlockLogImpl.java:incrementCount(141)) - Deleted TXID not found.
2019-06-12 16:05:28,746 WARN  block.DeletedBlockLogImpl (DeletedBlockLogImpl.java:incrementCount(141)) - Deleted TXID not found.
2019-06-12 16:05:28,746 WARN  block.DeletedBlockLogImpl (DeletedBlockLogImpl.java:incrementCount(141)) - Deleted TXID not found.
2019-06-12 16:05:28,746 WARN  block.DeletedBlockLogImpl (DeletedBlockLogImpl.java:incrementCount(141)) - Deleted TXID not found.
2019-06-12 16:05:28,746 WARN  block.DeletedBlockLogImpl (DeletedBlockLogImpl.java:incrementCount(141)) - Deleted TXID not found.
2019-06-12 16:05:28,747 WARN  block.DeletedBlockLogImpl (DeletedBlockLogImpl.java:incrementCount(141)) - Deleted TXID not found.
2019-06-12 16:05:28,747 WARN  block.DeletedBlockLogImpl (DeletedBlockLogImpl.java:incrementCount(141)) - Deleted TXID not found.
2019-06-12 16:05:28,747 WARN  block.DeletedBlockLogImpl (DeletedBlockLogImpl.java:incrementCount(141)) - Deleted TXID not found.
2019-06-12 16:05:28,747 WARN  block.DeletedBlockLogImpl (DeletedBlockLogImpl.java:incrementCount(141)) - Deleted TXID not found.
2019-06-12 16:05:28,747 WARN  block.DeletedBlockLogImpl (DeletedBlockLogImpl.java:incrementCount(141)) - Deleted TXID not found.
2019-06-12 16:05:28,747 WARN  block.DeletedBlockLogImpl (DeletedBlockLogImpl.java:incrementCount(141)) - Deleted TXID not found.
2019-06-12 16:05:28,747 WARN  block.DeletedBlockLogImpl (DeletedBlockLogImpl.java:incrementCount(141)) - Deleted TXID not found.
2019-06-12 16:05:28,747 WARN  block.DeletedBlockLogImpl (DeletedBlockLogImpl.java:incrementCount(141)) - Deleted TXID not found.
2019-06-12 16:05:28,747 WARN  block.DeletedBlockLogImpl (DeletedBlockLogImpl.java:incrementCount(141)) - Deleted TXID not found.
2019-06-12 16:05:28,747 WARN  block.DeletedBlockLogImpl (DeletedBlockLogImpl.java:incrementCount(141)) - Deleted TXID not found.
2019-06-12 16:05:28,747 WARN  block.DeletedBlockLogImpl (DeletedBlockLogImpl.java:incrementCount(141)) - Deleted TXID not found.
2019-06-12 16:05:28,747 WARN  block.DeletedBlockLogImpl (DeletedBlockLogImpl.java:incrementCount(141)) - Deleted TXID not found.
2019-06-12 16:05:28,748 WARN  block.DeletedBlockLogImpl (DeletedBlockLogImpl.java:incrementCount(141)) - Deleted TXID not found.
2019-06-12 16:05:28,748 WARN  block.DeletedBlockLogImpl (DeletedBlockLogImpl.java:incrementCount(141)) - Deleted TXID not found.
2019-06-12 16:05:28,748 WARN  block.DeletedBlockLogImpl (DeletedBlockLogImpl.java:incrementCount(141)) - Deleted TXID not found.
2019-06-12 16:05:28,748 WARN  block.DeletedBlockLogImpl (DeletedBlockLogImpl.java:incrementCount(141)) - Deleted TXID not found.
2019-06-12 16:05:28,748 WARN  block.DeletedBlockLogImpl (DeletedBlockLogImpl.java:incrementCount(141)) - Deleted TXID not found.
2019-06-12 16:05:28,748 WARN  block.DeletedBlockLogImpl (DeletedBlockLogImpl.java:incrementCount(141)) - Deleted TXID not found.
2019-06-12 16:05:28,748 WARN  block.DeletedBlockLogImpl (DeletedBlockLogImpl.java:incrementCount(141)) - Deleted TXID not found.
2019-06-12 16:05:28,748 WARN  block.DeletedBlockLogImpl (DeletedBlockLogImpl.java:incrementCount(141)) - Deleted TXID not found.
2019-06-12 16:05:28,748 WARN  block.DeletedBlockLogImpl (DeletedBlockLogImpl.java:incrementCount(141)) - Deleted TXID not found.
2019-06-12 16:05:28,748 WARN  block.DeletedBlockLogImpl (DeletedBlockLogImpl.java:incrementCount(141)) - Deleted TXID not found.
2019-06-12 16:05:28,748 WARN  block.DeletedBlockLogImpl (DeletedBlockLogImpl.java:incrementCount(141)) - Deleted TXID not found.
2019-06-12 16:05:28,748 INFO  commands.RetriableDatanodeEventWatcher (DeletedBlockLogImpl.java:incrementCount(141)) - Deleted TXID not found.
2019-06-12 16:05:28,748 WARN  block.DeletedBlockLogImpl (RetriableDatanodeEventWatcher.java:onTimeout(47)) - RetriableDatanodeCommand type=deleteBlocksCommand with id=1560355517647 timed out. Retrying.
DeletedBlockLogImpl.java:incrementCount(141)) - Deleted TXID not found.
2019-06-12 16:05:28,748 INFO  commands.RetriableDatanodeEventWatcher (RetriableDatanodeEventWatcher.java:onTimeout(47)) - RetriableDatanodeCommand type=deleteBlocksCommand with id=1560355517647 timed out. Retrying.
2019-06-12 16:05:28,748 WARN  block.DeletedBlockLogImpl (DeletedBlockLogImpl.java:incrementCount(141)) - Deleted TXID not found.
2019-06-12 16:05:28,749 WARN  block.DeletedBlockLogImpl (DeletedBlockLogImpl.java:incrementCount(141)) - Deleted TXID not found.
2019-06-12 16:05:28,749 WARN  block.DeletedBlockLogImpl (DeletedBlockLogImpl.java:incrementCount(141)) - Deleted TXID not found.
2019-06-12 16:05:28,749 WARN  block.DeletedBlockLogImpl (DeletedBlockLogImpl.java:incrementCount(141)) - Deleted TXID not found.
2019-06-12 16:05:28,749 DEBUG block.DeletedBlockLogImpl (DeletedBlockLogImpl.java:isTransactionFailed(245)) - Got block deletion ACK from datanode, TXIDs=1, success=true
2019-06-12 16:05:28,749 WARN  block.DeletedBlockLogImpl (DeletedBlockLogImpl.java:commitTransactions(205)) - Transaction txId=1 commit by dnId=ffc7b071-00b3-4a69-8de5-2639a1a8d8ac for containerID=#1 failed. Corresponding entry not found.
2019-06-12 16:05:28,749 WARN  block.DeletedBlockLogImpl (DeletedBlockLogImpl.java:incrementCount(141)) - Deleted TXID not found.
2019-06-12 16:05:28,749 WARN  block.DeletedBlockLogImpl (DeletedBlockLogImpl.java:incrementCount(141)) - Deleted TXID not found.
2019-06-12 16:05:28,749 WARN  block.DeletedBlockLogImpl (DeletedBlockLogImpl.java:incrementCount(141)) - Deleted TXID not found.
2019-06-12 16:05:28,749 DEBUG block.DeletedBlockLogImpl (DeletedBlockLogImpl.java:isTransactionFailed(245)) - Got block deletion ACK from datanode, TXIDs=1, success=true
2019-06-12 16:05:28,749 WARN  block.DeletedBlockLogImpl (DeletedBlockLogImpl.java:commitTransactions(205)) - Transaction txId=1 commit by dnId=ffc7b071-00b3-4a69-8de5-2639a1a8d8ac for containerID=#1 failed. Corresponding entry not found.
2019-06-12 16:05:28,749 DEBUG block.DeletedBlockLogImpl (DeletedBlockLogImpl.java:isTransactionFailed(245)) - Got block deletion ACK from datanode, TXIDs=1, success=true
2019-06-12 16:05:28,749 WARN  block.DeletedBlockLogImpl (DeletedBlockLogImpl.java:commitTransactions(205)) - Transaction txId=1 commit by dnId=ffc7b071-00b3-4a69-8de5-2639a1a8d8ac for containerID=#1 failed. Corresponding entry not found.
2019-06-12 16:05:28,750 DEBUG block.DeletedBlockLogImpl (DeletedBlockLogImpl.java:isTransactionFailed(245)) - Got block deletion ACK from datanode, TXIDs=1, success=true
2019-06-12 16:05:28,750 WARN  block.DeletedBlockLogImpl (DeletedBlockLogImpl.java:commitTransactions(205)) - Transaction txId=1 commit by dnId=ffc7b071-00b3-4a69-8de5-2639a1a8d8ac for containerID=#1 failed. Corresponding entry not found.
2019-06-12 16:05:28,750 DEBUG block.DeletedBlockLogImpl (DeletedBlockLogImpl.java:isTransactionFailed(245)) - Got block deletion ACK from datanode, TXIDs=1, success=true
2019-06-12 16:05:28,750 WARN  block.DeletedBlockLogImpl (DeletedBlockLogImpl.java:commitTransactions(205)) - Transaction txId=1 commit by dnId=ffc7b071-00b3-4a69-8de5-2639a1a8d8ac for containerID=#1 failed. Corresponding entry not found.
2019-06-12 16:05:28,750 DEBUG block.DeletedBlockLogImpl (DeletedBlockLogImpl.java:isTransactionFailed(245)) - Got block deletion ACK from datanode, TXIDs=1, success=true
2019-06-12 16:05:28,750 WARN  block.DeletedBlockLogImpl (DeletedBlockLogImpl.java:commitTransactions(205)) - Transaction txId=1 commit by dnId=ffc7b071-00b3-4a69-8de5-2639a1a8d8ac for containerID=#1 failed. Corresponding entry not found.
2019-06-12 16:05:28,750 DEBUG block.DeletedBlockLogImpl (DeletedBlockLogImpl.java:isTransactionFailed(245)) - Got block deletion ACK from datanode, TXIDs=1, success=true
2019-06-12 16:05:28,750 WARN  block.DeletedBlockLogImpl (DeletedBlockLogImpl.java:commitTransactions(205)) - Transaction txId=1 commit by dnId=ffc7b071-00b3-4a69-8de5-2639a1a8d8ac for containerID=#1 failed. Corresponding entry not found.
2019-06-12 16:05:28,750 DEBUG block.DeletedBlockLogImpl (DeletedBlockLogImpl.java:isTransactionFailed(245)) - Got block deletion ACK from datanode, TXIDs=1, success=true
2019-06-12 16:05:28,750 WARN  block.DeletedBlockLogImpl (DeletedBlockLogImpl.java:commitTransactions(205)) - Transaction txId=1 commit by dnId=ffc7b071-00b3-4a69-8de5-2639a1a8d8ac for containerID=#1 failed. Corresponding entry not found.
2019-06-12 16:05:28,750 DEBUG block.DeletedBlockLogImpl (DeletedBlockLogImpl.java:isTransactionFailed(245)) - Got block deletion ACK from datanode, TXIDs=1, success=true
2019-06-12 16:05:28,750 WARN  block.DeletedBlockLogImpl (DeletedBlockLogImpl.java:commitTransactions(205)) - Transaction txId=1 commit by dnId=ffc7b071-00b3-4a69-8de5-2639a1a8d8ac for containerID=#1 failed. Corresponding entry not found.
2019-06-12 16:05:28,750 DEBUG block.DeletedBlockLogImpl (DeletedBlockLogImpl.java:isTransactionFailed(245)) - Got block deletion ACK from datanode, TXIDs=1, success=true
2019-06-12 16:05:28,750 WARN  block.DeletedBlockLogImpl (DeletedBlockLogImpl.java:commitTransactions(205)) - Transaction txId=1 commit by dnId=ffc7b071-00b3-4a69-8de5-2639a1a8d8ac for containerID=#1 failed. Corresponding entry not found.
2019-06-12 16:05:28,750 DEBUG block.DeletedBlockLogImpl (DeletedBlockLogImpl.java:isTransactionFailed(245)) - Got block deletion ACK from datanode, TXIDs=1, success=true
2019-06-12 16:05:28,750 WARN  block.DeletedBlockLogImpl (DeletedBlockLogImpl.java:commitTransactions(205)) - Transaction txId=1 commit by dnId=ffc7b071-00b3-4a69-8de5-2639a1a8d8ac for containerID=#1 failed. Corresponding entry not found.
2019-06-12 16:05:28,750 DEBUG block.DeletedBlockLogImpl (DeletedBlockLogImpl.java:isTransactionFailed(245)) - Got block deletion ACK from datanode, TXIDs=1, success=true
2019-06-12 16:05:28,750 WARN  block.DeletedBlockLogImpl (DeletedBlockLogImpl.java:commitTransactions(205)) - Transaction txId=1 commit by dnId=ffc7b071-00b3-4a69-8de5-2639a1a8d8ac for containerID=#1 failed. Corresponding entry not found.
2019-06-12 16:05:28,750 DEBUG block.DeletedBlockLogImpl (DeletedBlockLogImpl.java:isTransactionFailed(245)) - Got block deletion ACK from datanode, TXIDs=1, success=true
2019-06-12 16:05:28,750 WARN  block.DeletedBlockLogImpl (DeletedBlockLogImpl.java:commitTransactions(205)) - Transaction txId=1 commit by dnId=ffc7b071-00b3-4a69-8de5-2639a1a8d8ac for containerID=#1 failed. Corresponding entry not found.
2019-06-12 16:05:28,750 DEBUG block.DeletedBlockLogImpl (DeletedBlockLogImpl.java:isTransactionFailed(245)) - Got block deletion ACK from datanode, TXIDs=1, success=true
2019-06-12 16:05:28,750 WARN  block.DeletedBlockLogImpl (DeletedBlockLogImpl.java:commitTransactions(205)) - Transaction txId=1 commit by dnId=ffc7b071-00b3-4a69-8de5-2639a1a8d8ac for containerID=#1 failed. Corresponding entry not found.
2019-06-12 16:05:28,750 DEBUG block.DeletedBlockLogImpl (DeletedBlockLogImpl.java:isTransactionFailed(245)) - Got block deletion ACK from datanode, TXIDs=1, success=true
2019-06-12 16:05:28,751 WARN  block.DeletedBlockLogImpl (DeletedBlockLogImpl.java:commitTransactions(205)) - Transaction txId=1 commit by dnId=ffc7b071-00b3-4a69-8de5-2639a1a8d8ac for containerID=#1 failed. Corresponding entry not found.
2019-06-12 16:05:28,751 DEBUG block.DeletedBlockLogImpl (DeletedBlockLogImpl.java:isTransactionFailed(245)) - Got block deletion ACK from datanode, TXIDs=1, success=true
2019-06-12 16:05:28,751 WARN  block.DeletedBlockLogImpl (DeletedBlockLogImpl.java:commitTransactions(205)) - Transaction txId=1 commit by dnId=ffc7b071-00b3-4a69-8de5-2639a1a8d8ac for containerID=#1 failed. Corresponding entry not found.
2019-06-12 16:05:28,751 DEBUG block.DeletedBlockLogImpl (DeletedBlockLogImpl.java:isTransactionFailed(245)) - Got block deletion ACK from datanode, TXIDs=1, success=true
2019-06-12 16:05:28,751 WARN  block.DeletedBlockLogImpl (DeletedBlockLogImpl.java:commitTransactions(205)) - Transaction txId=1 commit by dnId=ffc7b071-00b3-4a69-8de5-2639a1a8d8ac for containerID=#1 failed. Corresponding entry not found.
2019-06-12 16:05:28,751 DEBUG block.DeletedBlockLogImpl (DeletedBlockLogImpl.java:isTransactionFailed(245)) - Got block deletion ACK from datanode, TXIDs=1, success=true
2019-06-12 16:05:28,751 WARN  block.DeletedBlockLogImpl (DeletedBlockLogImpl.java:commitTransactions(205)) - Transaction txId=1 commit by dnId=ffc7b071-00b3-4a69-8de5-2639a1a8d8ac for containerID=#1 failed. Corresponding entry not found.
2019-06-12 16:05:28,751 DEBUG block.DeletedBlockLogImpl (DeletedBlockLogImpl.java:isTransactionFailed(245)) - Got block deletion ACK from datanode, TXIDs=1, success=true
2019-06-12 16:05:28,751 WARN  block.DeletedBlockLogImpl (DeletedBlockLogImpl.java:commitTransactions(205)) - Transaction txId=1 commit by dnId=ffc7b071-00b3-4a69-8de5-2639a1a8d8ac for containerID=#1 failed. Corresponding entry not found.
2019-06-12 16:05:28,751 DEBUG block.DeletedBlockLogImpl (DeletedBlockLogImpl.java:isTransactionFailed(245)) - Got block deletion ACK from datanode, TXIDs=1, success=true
2019-06-12 16:05:28,751 WARN  block.DeletedBlockLogImpl (DeletedBlockLogImpl.java:commitTransactions(205)) - Transaction txId=1 commit by dnId=ffc7b071-00b3-4a69-8de5-2639a1a8d8ac for containerID=#1 failed. Corresponding entry not found.
2019-06-12 16:05:28,751 DEBUG block.DeletedBlockLogImpl (DeletedBlockLogImpl.java:isTransactionFailed(245)) - Got block deletion ACK from datanode, TXIDs=1, success=true
2019-06-12 16:05:28,751 WARN  block.DeletedBlockLogImpl (DeletedBlockLogImpl.java:commitTransactions(205)) - Transaction txId=1 commit by dnId=ffc7b071-00b3-4a69-8de5-2639a1a8d8ac for containerID=#1 failed. Corresponding entry not found.
2019-06-12 16:05:28,751 DEBUG block.DeletedBlockLogImpl (DeletedBlockLogImpl.java:isTransactionFailed(245)) - Got block deletion ACK from datanode, TXIDs=1, success=true
2019-06-12 16:05:28,751 WARN  block.DeletedBlockLogImpl (DeletedBlockLogImpl.java:commitTransactions(205)) - Transaction txId=1 commit by dnId=ffc7b071-00b3-4a69-8de5-2639a1a8d8ac for containerID=#1 failed. Corresponding entry not found.
2019-06-12 16:05:28,751 DEBUG block.DeletedBlockLogImpl (DeletedBlockLogImpl.java:isTransactionFailed(245)) - Got block deletion ACK from datanode, TXIDs=1, success=true
2019-06-12 16:05:28,751 WARN  block.DeletedBlockLogImpl (DeletedBlockLogImpl.java:commitTransactions(205)) - Transaction txId=1 commit by dnId=ffc7b071-00b3-4a69-8de5-2639a1a8d8ac for containerID=#1 failed. Corresponding entry not found.
2019-06-12 16:05:28,751 DEBUG block.DeletedBlockLogImpl (DeletedBlockLogImpl.java:isTransactionFailed(245)) - Got block deletion ACK from datanode, TXIDs=1, success=true
2019-06-12 16:05:28,751 WARN  block.DeletedBlockLogImpl (DeletedBlockLogImpl.java:commitTransactions(205)) - Transaction txId=1 commit by dnId=ffc7b071-00b3-4a69-8de5-2639a1a8d8ac for containerID=#1 failed. Corresponding entry not found.
2019-06-12 16:05:28,751 DEBUG block.DeletedBlockLogImpl (DeletedBlockLogImpl.java:isTransactionFailed(245)) - Got block deletion ACK from datanode, TXIDs=1, success=true
2019-06-12 16:05:28,751 WARN  block.DeletedBlockLogImpl (DeletedBlockLogImpl.java:commitTransactions(205)) - Transaction txId=1 commit by dnId=ffc7b071-00b3-4a69-8de5-2639a1a8d8ac for containerID=#1 failed. Corresponding entry not found.
2019-06-12 16:05:28,751 DEBUG block.DeletedBlockLogImpl (DeletedBlockLogImpl.java:isTransactionFailed(245)) - Got block deletion ACK from datanode, TXIDs=1, success=true
2019-06-12 16:05:28,751 WARN  block.DeletedBlockLogImpl (DeletedBlockLogImpl.java:commitTransactions(205)) - Transaction txId=1 commit by dnId=ffc7b071-00b3-4a69-8de5-2639a1a8d8ac for containerID=#1 failed. Corresponding entry not found.
2019-06-12 16:05:28,751 WARN  block.DeletedBlockLogImpl (DeletedBlockLogImpl.java:incrementCount(141)) - Deleted TXID not found.
2019-06-12 16:05:28,751 WARN  block.DeletedBlockLogImpl (DeletedBlockLogImpl.java:incrementCount(141)) - Deleted TXID not found.
2019-06-12 16:05:28,752 WARN  block.DeletedBlockLogImpl (DeletedBlockLogImpl.java:incrementCount(141)) - Deleted TXID not found.
2019-06-12 16:05:28,752 WARN  block.DeletedBlockLogImpl (DeletedBlockLogImpl.java:incrementCount(141)) - Deleted TXID not found.
2019-06-12 16:05:28,752 WARN  block.DeletedBlockLogImpl (DeletedBlockLogImpl.java:incrementCount(141)) - Deleted TXID not found.
INFO2019-06-12 16:05:28,752 WARN    commands.RetriableDatanodeEventWatcher (block.DeletedBlockLogImpl (DeletedBlockLogImpl.java:incrementCount(141)) - Deleted TXID not found.
2019-06-12 16:05:28,752 WARN  block.DeletedBlockLogImpl (RetriableDatanodeEventWatcher.java:onTimeout(47)) - RetriableDatanodeCommand type=deleteBlocksCommand with id=1560355517686 timed out. Retrying.
DeletedBlockLogImpl.java:incrementCount(141)) - Deleted TXID not found.
2019-06-12 16:05:28,752 WARN  block.DeletedBlockLogImpl (DeletedBlockLogImpl.java:incrementCount(141)) - Deleted TXID not found.
2019-06-12 16:05:28,752 WARN  block.DeletedBlockLogImpl (DeletedBlockLogImpl.java:incrementCount(141)) - Deleted TXID not found.
2019-06-12 16:05:28,752 INFO  commands.RetriableDatanodeEventWatcher (RetriableDatanodeEventWatcher.java:onTimeout(47)) - RetriableDatanodeCommand type=deleteBlocksCommand with id=1560355517686 timed out. Retrying.
2019-06-12 16:05:28,752 WARN  block.DeletedBlockLogImpl (DeletedBlockLogImpl.java:incrementCount(141)) - Deleted TXID not found.
2019-06-12 16:05:28,752 WARN  block.DeletedBlockLogImpl (DeletedBlockLogImpl.java:incrementCount(141)) - Deleted TXID not found.
2019-06-12 16:05:28,752 WARN  block.DeletedBlockLogImpl (DeletedBlockLogImpl.java:incrementCount(141)) - Deleted TXID not found.
2019-06-12 16:05:28,752 WARN  block.DeletedBlockLogImpl (DeletedBlockLogImpl.java:incrementCount(141)) - Deleted TXID not found.
2019-06-12 16:05:28,752 WARN  block.DeletedBlockLogImpl (DeletedBlockLogImpl.java:incrementCount(141)) - Deleted TXID not found.
2019-06-12 16:05:28,752 WARN  block.DeletedBlockLogImpl (DeletedBlockLogImpl.java:incrementCount(141)) - Deleted TXID not found.
2019-06-12 16:05:28,752 WARN  block.DeletedBlockLogImpl (DeletedBlockLogImpl.java:incrementCount(141)) - Deleted TXID not found.
2019-06-12 16:05:28,752 WARN  block.DeletedBlockLogImpl (DeletedBlockLogImpl.java:incrementCount(141)) - Deleted TXID not found.
2019-06-12 16:05:28,752 WARN  block.DeletedBlockLogImpl (DeletedBlockLogImpl.java:incrementCount(141)) - Deleted TXID not found.
2019-06-12 16:05:28,752 WARN  block.DeletedBlockLogImpl (DeletedBlockLogImpl.java:incrementCount(141)) - Deleted TXID not found.
2019-06-12 16:05:28,752 WARN  block.DeletedBlockLogImpl (DeletedBlockLogImpl.java:incrementCount(141)) - Deleted TXID not found.
2019-06-12 16:05:28,752 WARN  block.DeletedBlockLogImpl (DeletedBlockLogImpl.java:incrementCount(141)) - Deleted TXID not found.
2019-06-12 16:05:28,762 INFO  commandhandler.DeleteBlocksCommandHandler (DeleteBlocksCommandHandler.java:handle(106)) - Start to delete container blocks, TXIDs=[1(0),2(0),3(0)], numOfContainers=3, numOfBlocks=553
2019-06-12 16:05:28,763 INFO  commandhandler.DeleteBlocksCommandHandler (DeleteBlocksCommandHandler.java:handle(106)) - Start to delete container blocks, TXIDs=[1(0),2(0),3(0)], numOfContainers=3, numOfBlocks=553
2019-06-12 16:05:28,764 INFO  commandhandler.DeleteBlocksCommandHandler (DeleteBlocksCommandHandler.java:handle(106)) - Start to delete container blocks, TXIDs=[1(0),2(0),3(0)], numOfContainers=3, numOfBlocks=553
2019-06-12 16:05:28,765 INFO  commandhandler.DeleteBlocksCommandHandler (DeleteBlocksCommandHandler.java:handle(106)) - Start to delete container blocks, TXIDs=[1(0),2(0),3(0)], numOfContainers=3, numOfBlocks=553
2019-06-12 16:05:28,766 INFO  commandhandler.DeleteBlocksCommandHandler (DeleteBlocksCommandHandler.java:handle(106)) - Start to delete container blocks, TXIDs=[1(0),2(0),3(0)], numOfContainers=3, numOfBlocks=553
2019-06-12 16:05:28,767 INFO  commandhandler.DeleteBlocksCommandHandler (DeleteBlocksCommandHandler.java:handle(106)) - Start to delete container blocks, TXIDs=[1(0),2(0),3(0)], numOfContainers=3, numOfBlocks=553
2019-06-12 16:05:28,768 INFO  commandhandler.DeleteBlocksCommandHandler (DeleteBlocksCommandHandler.java:handle(106)) - Start to delete container blocks, TXIDs=[1(0),2(0),3(0)], numOfContainers=3, numOfBlocks=553
2019-06-12 16:05:28,769 INFO  commandhandler.DeleteBlocksCommandHandler (DeleteBlocksCommandHandler.java:handle(106)) - Start to delete container blocks, TXIDs=[1(0),2(0),3(0)], numOfContainers=3, numOfBlocks=553
2019-06-12 16:05:28,769 INFO  commandhandler.DeleteBlocksCommandHandler (DeleteBlocksCommandHandler.java:handle(106)) - Start to delete container blocks, TXIDs=[1(0),2(0),3(0)], numOfContainers=3, numOfBlocks=553
2019-06-12 16:05:28,770 INFO  commandhandler.DeleteBlocksCommandHandler (DeleteBlocksCommandHandler.java:handle(106)) - Start to delete container blocks, TXIDs=[1(0),2(0),3(0)], numOfContainers=3, numOfBlocks=553
2019-06-12 16:05:28,770 INFO  commandhandler.DeleteBlocksCommandHandler (DeleteBlocksCommandHandler.java:handle(106)) - Start to delete container blocks, TXIDs=[1(0),2(0),3(0)], numOfContainers=3, numOfBlocks=553
2019-06-12 16:05:28,771 INFO  commandhandler.DeleteBlocksCommandHandler (DeleteBlocksCommandHandler.java:handle(106)) - Start to delete container blocks, TXIDs=[1(0),2(0),3(0)], numOfContainers=3, numOfBlocks=553
2019-06-12 16:05:28,772 INFO  commandhandler.DeleteBlocksCommandHandler (DeleteBlocksCommandHandler.java:handle(106)) - Start to delete container blocks, TXIDs=[1(0),2(0),3(0)], numOfContainers=3, numOfBlocks=553
2019-06-12 16:05:28,772 INFO  commandhandler.DeleteBlocksCommandHandler (DeleteBlocksCommandHandler.java:handle(106)) - Start to delete container blocks, TXIDs=[1(0),2(0),3(0)], numOfContainers=3, numOfBlocks=553
2019-06-12 16:05:28,773 INFO  commandhandler.DeleteBlocksCommandHandler (DeleteBlocksCommandHandler.java:handle(106)) - Start to delete container blocks, TXIDs=[1(0),2(0),3(0)], numOfContainers=3, numOfBlocks=553
2019-06-12 16:05:28,773 INFO  commandhandler.DeleteBlocksCommandHandler (DeleteBlocksCommandHandler.java:handle(106)) - Start to delete container blocks, TXIDs=[1(0),2(0),3(0)], numOfContainers=3, numOfBlocks=553
2019-06-12 16:05:28,774 INFO  commandhandler.DeleteBlocksCommandHandler (DeleteBlocksCommandHandler.java:handle(106)) - Start to delete container blocks, TXIDs=[1(0),2(0),3(0)], numOfContainers=3, numOfBlocks=553
2019-06-12 16:05:28,774 INFO  commandhandler.DeleteBlocksCommandHandler (DeleteBlocksCommandHandler.java:handle(106)) - Start to delete container blocks, TXIDs=[1(0),2(0),3(0)], numOfContainers=3, numOfBlocks=553
2019-06-12 16:05:28,775 INFO  commandhandler.DeleteBlocksCommandHandler (DeleteBlocksCommandHandler.java:handle(106)) - Start to delete container blocks, TXIDs=[1(0),2(0),3(0)], numOfContainers=3, numOfBlocks=553
2019-06-12 16:05:28,775 INFO  commands.RetriableDatanodeEventWatcher (RetriableDatanodeEventWatcher.java:onTimeout(47)) - RetriableDatanodeCommand type=deleteBlocksCommand with id=1560355517696 timed out. Retrying.
2019-06-12 16:05:28,775 INFO  commandhandler.DeleteBlocksCommandHandler (DeleteBlocksCommandHandler.java:handle(106)) - Start to delete container blocks, TXIDs=[1(0),2(0),3(0)], numOfContainers=3, numOfBlocks=553
2019-06-12 16:05:28,776 INFO  commandhandler.DeleteBlocksCommandHandler (DeleteBlocksCommandHandler.java:handle(106)) - Start to delete container blocks, TXIDs=[1(0),2(0),3(0)], numOfContainers=3, numOfBlocks=553
2019-06-12 16:05:28,776 INFO  commandhandler.DeleteBlocksCommandHandler (DeleteBlocksCommandHandler.java:handle(106)) - Start to delete container blocks, TXIDs=[1(0),2(0),3(0)], numOfContainers=3, numOfBlocks=553
2019-06-12 16:05:28,777 INFO  commandhandler.DeleteBlocksCommandHandler (DeleteBlocksCommandHandler.java:handle(106)) - Start to delete container blocks, TXIDs=[1(0),2(0),3(0)], numOfContainers=3, numOfBlocks=553
2019-06-12 16:05:28,778 INFO  commandhandler.DeleteBlocksCommandHandler (DeleteBlocksCommandHandler.java:handle(106)) - Start to delete container blocks, TXIDs=[1(0),2(0),3(0)], numOfContainers=3, numOfBlocks=553
2019-06-12 16:05:28,778 INFO  commandhandler.DeleteBlocksCommandHandler (DeleteBlocksCommandHandler.java:handle(106)) - Start to delete container blocks, TXIDs=[1(0),2(0),3(0)], numOfContainers=3, numOfBlocks=553
2019-06-12 16:05:28,778 INFO  commands.RetriableDatanodeEventWatcher (RetriableDatanodeEventWatcher.java:onTimeout(47)) - RetriableDatanodeCommand type=deleteBlocksCommand with id=1560355517657 timed out. Retrying.
2019-06-12 16:05:28,779 INFO  commandhandler.DeleteBlocksCommandHandler (DeleteBlocksCommandHandler.java:handle(106)) - Start to delete container blocks, TXIDs=[1(0),2(0),3(0)], numOfContainers=3, numOfBlocks=553
2019-06-12 16:05:28,779 INFO  commandhandler.DeleteBlocksCommandHandler (DeleteBlocksCommandHandler.java:handle(106)) - Start to delete container blocks, TXIDs=[1(0),2(0),3(0)], numOfContainers=3, numOfBlocks=553
2019-06-12 16:05:28,780 INFO  commandhandler.DeleteBlocksCommandHandler (DeleteBlocksCommandHandler.java:handle(106)) - Start to delete container blocks, TXIDs=[1(0),2(0),3(0)], numOfContainers=3, numOfBlocks=553
2019-06-12 16:05:28,780 INFO  commandhandler.DeleteBlocksCommandHandler (DeleteBlocksCommandHandler.java:handle(106)) - Start to delete container blocks, TXIDs=[1(0),2(0),3(0)], numOfContainers=3, numOfBlocks=553
2019-06-12 16:05:28,781 INFO  commandhandler.DeleteBlocksCommandHandler (DeleteBlocksCommandHandler.java:handle(106)) - Start to delete container blocks, TXIDs=[1(0),2(0),3(0)], numOfContainers=3, numOfBlocks=553
2019-06-12 16:05:28,781 INFO  commandhandler.DeleteBlocksCommandHandler (DeleteBlocksCommandHandler.java:handle(106)) - Start to delete container blocks, TXIDs=[1(0),2(0),3(0)], numOfContainers=3, numOfBlocks=553
2019-06-12 16:05:28,782 INFO  commandhandler.DeleteBlocksCommandHandler (DeleteBlocksCommandHandler.java:handle(106)) - Start to delete container blocks, TXIDs=[1(0),2(0),3(0)], numOfContainers=3, numOfBlocks=553
2019-06-12 16:05:28,783 INFO  commandhandler.DeleteBlocksCommandHandler (DeleteBlocksCommandHandler.java:handle(106)) - Start to delete container blocks, TXIDs=[1(0),2(0),3(0)], numOfContainers=3, numOfBlocks=553
2019-06-12 16:05:28,783 INFO  commandhandler.DeleteBlocksCommandHandler (DeleteBlocksCommandHandler.java:handle(106)) - Start to delete container blocks, TXIDs=[1(0),2(0),3(0)], numOfContainers=3, numOfBlocks=553
2019-06-12 16:05:28,784 INFO  commandhandler.DeleteBlocksCommandHandler (DeleteBlocksCommandHandler.java:handle(106)) - Start to delete container blocks, TXIDs=[1(0),2(0),3(0)], numOfContainers=3, numOfBlocks=553
2019-06-12 16:05:28,784 INFO  commandhandler.DeleteBlocksCommandHandler (DeleteBlocksCommandHandler.java:handle(106)) - Start to delete container blocks, TXIDs=[1(0),2(0),3(0)], numOfContainers=3, numOfBlocks=553
2019-06-12 16:05:28,785 INFO  commandhandler.DeleteBlocksCommandHandler (DeleteBlocksCommandHandler.java:handle(106)) - Start to delete container blocks, TXIDs=[1(0),2(0),3(0)], numOfContainers=3, numOfBlocks=553
2019-06-12 16:05:28,785 INFO  commandhandler.DeleteBlocksCommandHandler (DeleteBlocksCommandHandler.java:handle(106)) - Start to delete container blocks, TXIDs=[1(0),2(0),3(0)], numOfContainers=3, numOfBlocks=553
2019-06-12 16:05:28,786 INFO  commandhandler.DeleteBlocksCommandHandler (DeleteBlocksCommandHandler.java:handle(106)) - Start to delete container blocks, TXIDs=[1(0),2(0),3(0)], numOfContainers=3, numOfBlocks=553
2019-06-12 16:05:28,786 INFO  commandhandler.DeleteBlocksCommandHandler (DeleteBlocksCommandHandler.java:handle(106)) - Start to delete container blocks, TXIDs=[1(0),2(0),3(0)], numOfContainers=3, numOfBlocks=553
2019-06-12 16:05:28,787 INFO  commandhandler.DeleteBlocksCommandHandler (DeleteBlocksCommandHandler.java:handle(106)) - Start to delete container blocks, TXIDs=[1(0),2(0),3(0)], numOfContainers=3, numOfBlocks=553
2019-06-12 16:05:28,787 INFO  commandhandler.DeleteBlocksCommandHandler (DeleteBlocksCommandHandler.java:handle(106)) - Start to delete container blocks, TXIDs=[1(0),2(0),3(0)], numOfContainers=3, numOfBlocks=553
2019-06-12 16:05:28,788 INFO  commandhandler.DeleteBlocksCommandHandler (DeleteBlocksCommandHandler.java:handle(106)) - Start to delete container blocks, TXIDs=[1(0),2(0),3(0)], numOfContainers=3, numOfBlocks=553
2019-06-12 16:05:28,788 INFO  commandhandler.DeleteBlocksCommandHandler (DeleteBlocksCommandHandler.java:handle(106)) - Start to delete container blocks, TXIDs=[1(0),2(0),3(0)], numOfContainers=3, numOfBlocks=553
2019-06-12 16:05:28,789 INFO  commandhandler.DeleteBlocksCommandHandler (DeleteBlocksCommandHandler.java:handle(106)) - Start to delete container blocks, TXIDs=[1(0),2(0),3(0)], numOfContainers=3, numOfBlocks=553
2019-06-12 16:05:28,790 INFO  commandhandler.DeleteBlocksCommandHandler (DeleteBlocksCommandHandler.java:handle(106)) - Start to delete container blocks, TXIDs=[1(0),2(0),3(0)], numOfContainers=3, numOfBlocks=553
2019-06-12 16:05:28,790 INFO  commandhandler.DeleteBlocksCommandHandler (DeleteBlocksCommandHandler.java:handle(106)) - Start to delete container blocks, TXIDs=[1(0),2(0),3(0)], numOfContainers=3, numOfBlocks=553
2019-06-12 16:05:28,791 INFO  commandhandler.DeleteBlocksCommandHandler (DeleteBlocksCommandHandler.java:handle(106)) - Start to delete container blocks, TXIDs=[1(0),2(0),3(0)], numOfContainers=3, numOfBlocks=553
2019-06-12 16:05:28,791 INFO  commandhandler.DeleteBlocksCommandHandler (DeleteBlocksCommandHandler.java:handle(106)) - Start to delete container blocks, TXIDs=[1(0),2(0),3(0)], numOfContainers=3, numOfBlocks=553
2019-06-12 16:05:28,792 INFO  commandhandler.DeleteBlocksCommandHandler (DeleteBlocksCommandHandler.java:handle(106)) - Start to delete container blocks, TXIDs=[1(0),2(0),3(0)], numOfContainers=3, numOfBlocks=553
2019-06-12 16:05:28,792 INFO  commandhandler.DeleteBlocksCommandHandler (DeleteBlocksCommandHandler.java:handle(106)) - Start to delete container blocks, TXIDs=[1(0),2(0),3(0)], numOfContainers=3, numOfBlocks=553
2019-06-12 16:05:28,793 INFO  commandhandler.DeleteBlocksCommandHandler (DeleteBlocksCommandHandler.java:handle(106)) - Start to delete container blocks, TXIDs=[1(0),2(0),3(0)], numOfContainers=3, numOfBlocks=553
2019-06-12 16:05:28,793 INFO  commandhandler.DeleteBlocksCommandHandler (DeleteBlocksCommandHandler.java:handle(106)) - Start to delete container blocks, TXIDs=[1(0),2(0),3(0)], numOfContainers=3, numOfBlocks=553
2019-06-12 16:05:28,794 INFO  commandhandler.DeleteBlocksCommandHandler (DeleteBlocksCommandHandler.java:handle(106)) - Start to delete container blocks, TXIDs=[1(0),2(0),3(0)], numOfContainers=3, numOfBlocks=553
2019-06-12 16:05:28,794 INFO  commandhandler.DeleteBlocksCommandHandler (DeleteBlocksCommandHandler.java:handle(106)) - Start to delete container blocks, TXIDs=[1(0),2(0),3(0)], numOfContainers=3, numOfBlocks=553
2019-06-12 16:05:28,795 INFO  commandhandler.DeleteBlocksCommandHandler (DeleteBlocksCommandHandler.java:handle(106)) - Start to delete container blocks, TXIDs=[1(0),2(0),3(0)], numOfContainers=3, numOfBlocks=553
2019-06-12 16:05:28,795 INFO  commandhandler.DeleteBlocksCommandHandler (DeleteBlocksCommandHandler.java:handle(106)) - Start to delete container blocks, TXIDs=[1(0),2(0),3(0)], numOfContainers=3, numOfBlocks=553
2019-06-12 16:05:28,796 INFO  commandhandler.DeleteBlocksCommandHandler (DeleteBlocksCommandHandler.java:handle(106)) - Start to delete container blocks, TXIDs=[1(0),2(0),3(0)], numOfContainers=3, numOfBlocks=553
2019-06-12 16:05:28,797 INFO  commandhandler.DeleteBlocksCommandHandler (DeleteBlocksCommandHandler.java:handle(106)) - Start to delete container blocks, TXIDs=[1(0),2(0),3(0)], numOfContainers=3, numOfBlocks=553
2019-06-12 16:05:28,797 INFO  commandhandler.DeleteBlocksCommandHandler (DeleteBlocksCommandHandler.java:handle(106)) - Start to delete container blocks, TXIDs=[1(0),2(0),3(0)], numOfContainers=3, numOfBlocks=553
2019-06-12 16:05:28,798 INFO  commandhandler.DeleteBlocksCommandHandler (DeleteBlocksCommandHandler.java:handle(106)) - Start to delete container blocks, TXIDs=[1(0),2(0),3(0)], numOfContainers=3, numOfBlocks=553
2019-06-12 16:05:28,798 INFO  commandhandler.DeleteBlocksCommandHandler (DeleteBlocksCommandHandler.java:handle(106)) - Start to delete container blocks, TXIDs=[1(0),2(0),3(0)], numOfContainers=3, numOfBlocks=553
2019-06-12 16:05:28,799 DEBUG block.SCMBlockDeletingService (SCMBlockDeletingService.java:call(138)) - Running DeletedBlockTransactionScanner
2019-06-12 16:05:28,799 INFO  commandhandler.DeleteBlocksCommandHandler (SCMBlockDeletingService.java:call(155)) - Scanned deleted blocks log and got 0 delTX to process.
2019-06-12 16:05:28,799 INFO  commandhandler.DeleteBlocksCommandHandler (DeleteBlocksCommandHandler.java:handle(106)) - Start to delete container blocks, TXIDs=[1(0),2(0),3(0)], numOfContainers=3, numOfBlocks=553
2019-06-12 16:05:28,799 INFO  commandhandler.DeleteBlocksCommandHandler (DeleteBlocksCommandHandler.java:handle(106)) - Start to delete container blocks, TXIDs=[1(0),2(0),3(0)], numOfContainers=3, numOfBlocks=553
2019-06-12 16:05:28,799 INFO  impl.LeaderElection (LeaderElection.java:askForVotes(181)) - ffc7b071-00b3-4a69-8de5-2639a1a8d8ac:group-8FDDBC3FA083:LeaderElection3: begin an election at term 1 for -1: [ffc7b071-00b3-4a69-8de5-2639a1a8d8ac:192.168.134.73:33311], old=null
2019-06-12 16:05:28,800 INFO  impl.RoleInfo (RoleInfo.java:shutdownLeaderElection(134)) - ffc7b071-00b3-4a69-8de5-2639a1a8d8ac: shutdown LeaderElection
2019-06-12 16:05:28,800 INFO  impl.RaftServerImpl (RaftServerImpl.java:setRole(164)) - ffc7b071-00b3-4a69-8de5-2639a1a8d8ac:group-8FDDBC3FA083 changes role from CANDIDATE to LEADER at term 1 for changeToLeader
2019-06-12 16:05:28,800 INFO  impl.RaftServerImpl (ServerState.java:setLeader(263)) - ffc7b071-00b3-4a69-8de5-2639a1a8d8ac:group-8FDDBC3FA083 change Leader from null to ffc7b071-00b3-4a69-8de5-2639a1a8d8ac at term 1 for becomeLeader, leader elected after 1115ms
2019-06-12 16:05:28,800 INFO  server.RaftServerConfigKeys (ConfUtils.java:logGet(43)) - raft.server.staging.catchup.gap = 1000 (default)
2019-06-12 16:05:28,800 INFO  server.RaftServerConfigKeys (ConfUtils.java:logGet(43)) - raft.server.rpc.sleep.time = 25ms (default)
2019-06-12 16:05:28,801 INFO  commandhandler.DeleteBlocksCommandHandler (ConfUtils.java:logGet(43)) - raft.server.watch.timeout = 10s (default)
2019-06-12 16:05:28,801 INFO  server.RaftServerConfigKeys (DeleteBlocksCommandHandler.java:handle(106)) - Start to delete container blocks, TXIDs=[1(0),2(0),3(0)], numOfContainers=3, numOfBlocks=553
ConfUtils.java:logGet(43)) - raft.server.watch.timeout.denomination = 1s (default)
2019-06-12 16:05:28,801 INFO  commandhandler.DeleteBlocksCommandHandler (DeleteBlocksCommandHandler.java:handle(106)) - Start to delete container blocks, TXIDs=[1(0),2(0),3(0)], numOfContainers=3, numOfBlocks=553
2019-06-12 16:05:28,801 INFO  impl.RoleInfo (RoleInfo.java:updateAndGet(143)) - ffc7b071-00b3-4a69-8de5-2639a1a8d8ac: start LeaderState
2019-06-12 16:05:28,801 INFO  storage.RaftLogWorker (RaftLogWorker.java:startLogSegment(298)) - ffc7b071-00b3-4a69-8de5-2639a1a8d8ac-RaftLogWorker: Starting segment from index:0
2019-06-12 16:05:28,801 INFO  commandhandler.DeleteBlocksCommandHandler (DeleteBlocksCommandHandler.java:handle(106)) - Start to delete container blocks, TXIDs=[1(0),2(0),3(0)], numOfContainers=3, numOfBlocks=553
2019-06-12 16:05:28,802 INFO  commandhandler.DeleteBlocksCommandHandler (DeleteBlocksCommandHandler.java:handle(106)) - Start to delete container blocks, TXIDs=[1(0),2(0),3(0)], numOfContainers=3, numOfBlocks=553
2019-06-12 16:05:28,803 INFO  commandhandler.DeleteBlocksCommandHandler (DeleteBlocksCommandHandler.java:handle(106)) - Start to delete container blocks, TXIDs=[1(0),2(0),3(0)], numOfContainers=3, numOfBlocks=553
2019-06-12 16:05:28,803 INFO  commandhandler.DeleteBlocksCommandHandler (DeleteBlocksCommandHandler.java:handle(106)) - Start to delete container blocks, TXIDs=[1(0),2(0),3(0)], numOfContainers=3, numOfBlocks=553
2019-06-12 16:05:28,804 INFO  commandhandler.DeleteBlocksCommandHandler (DeleteBlocksCommandHandler.java:handle(106)) - Start to delete container blocks, TXIDs=[1(0),2(0),3(0)], numOfContainers=3, numOfBlocks=553
2019-06-12 16:05:28,804 INFO  commandhandler.DeleteBlocksCommandHandler (DeleteBlocksCommandHandler.java:handle(106)) - Start to delete container blocks, TXIDs=[1(0),2(0),3(0)], numOfContainers=3, numOfBlocks=553
2019-06-12 16:05:28,805 INFO  commandhandler.DeleteBlocksCommandHandler (DeleteBlocksCommandHandler.java:handle(106)) - Start to delete container blocks, TXIDs=[1(0),2(0),3(0)], numOfContainers=3, numOfBlocks=553
2019-06-12 16:05:28,805 INFO  commandhandler.DeleteBlocksCommandHandler (DeleteBlocksCommandHandler.java:handle(106)) - Start to delete container blocks, TXIDs=[1(0),2(0),3(0)], numOfContainers=3, numOfBlocks=553
2019-06-12 16:05:28,806 INFO  commandhandler.DeleteBlocksCommandHandler (DeleteBlocksCommandHandler.java:handle(106)) - Start to delete container blocks, TXIDs=[1(0),2(0),3(0)], numOfContainers=3, numOfBlocks=553
2019-06-12 16:05:28,806 INFO  impl.RaftServerImpl (ServerState.java:setRaftConf(361)) - ffc7b071-00b3-4a69-8de5-2639a1a8d8ac:group-8FDDBC3FA083 set configuration 0: [ffc7b071-00b3-4a69-8de5-2639a1a8d8ac:192.168.134.73:33311], old=null at 0
2019-06-12 16:05:28,819 INFO  commandhandler.DeleteBlocksCommandHandler (DeleteBlocksCommandHandler.java:handle(106)) - Start to delete container blocks, TXIDs=[1(0),2(0),3(0)], numOfContainers=3, numOfBlocks=553
2019-06-12 16:05:28,820 INFO  commandhandler.DeleteBlocksCommandHandler (DeleteBlocksCommandHandler.java:handle(106)) - Start to delete container blocks, TXIDs=[1(0),2(0),3(0)], numOfContainers=3, numOfBlocks=553
2019-06-12 16:05:28,820 INFO  commandhandler.DeleteBlocksCommandHandler (DeleteBlocksCommandHandler.java:handle(106)) - Start to delete container blocks, TXIDs=[1(0),2(0),3(0)], numOfContainers=3, numOfBlocks=553
2019-06-12 16:05:28,821 INFO  commandhandler.DeleteBlocksCommandHandler (DeleteBlocksCommandHandler.java:handle(106)) - Start to delete container blocks, TXIDs=[1(0),2(0),3(0)], numOfContainers=3, numOfBlocks=553
2019-06-12 16:05:28,822 INFO  commandhandler.DeleteBlocksCommandHandler (DeleteBlocksCommandHandler.java:handle(106)) - Start to delete container blocks, TXIDs=[1(0),2(0),3(0)], numOfContainers=3, numOfBlocks=553
2019-06-12 16:05:28,822 INFO  commandhandler.DeleteBlocksCommandHandler (DeleteBlocksCommandHandler.java:handle(106)) - Start to delete container blocks, TXIDs=[1(0),2(0),3(0)], numOfContainers=3, numOfBlocks=553
2019-06-12 16:05:28,823 INFO  commandhandler.DeleteBlocksCommandHandler (DeleteBlocksCommandHandler.java:handle(106)) - Start to delete container blocks, TXIDs=[1(0),2(0),3(0)], numOfContainers=3, numOfBlocks=553
2019-06-12 16:05:28,823 INFO  commandhandler.DeleteBlocksCommandHandler (DeleteBlocksCommandHandler.java:handle(106)) - Start to delete container blocks, TXIDs=[1(0),2(0),3(0)], numOfContainers=3, numOfBlocks=553
2019-06-12 16:05:28,824 INFO  commandhandler.DeleteBlocksCommandHandler (DeleteBlocksCommandHandler.java:handle(106)) - Start to delete container blocks, TXIDs=[1(0),2(0),3(0)], numOfContainers=3, numOfBlocks=553
2019-06-12 16:05:28,825 INFO  commandhandler.DeleteBlocksCommandHandler (DeleteBlocksCommandHandler.java:handle(106)) - Start to delete container blocks, TXIDs=[1(0),2(0),3(0)], numOfContainers=3, numOfBlocks=553
2019-06-12 16:05:28,826 INFO  commandhandler.DeleteBlocksCommandHandler (DeleteBlocksCommandHandler.java:handle(106)) - Start to delete container blocks, TXIDs=[1(0),2(0),3(0)], numOfContainers=3, numOfBlocks=553
2019-06-12 16:05:28,827 INFO  commandhandler.DeleteBlocksCommandHandler (DeleteBlocksCommandHandler.java:handle(106)) - Start to delete container blocks, TXIDs=[1(0),2(0),3(0)], numOfContainers=3, numOfBlocks=553
2019-06-12 16:05:28,827 INFO  commandhandler.DeleteBlocksCommandHandler (DeleteBlocksCommandHandler.java:handle(106)) - Start to delete container blocks, TXIDs=[1(0),2(0),3(0)], numOfContainers=3, numOfBlocks=553
2019-06-12 16:05:28,828 INFO  commandhandler.DeleteBlocksCommandHandler (DeleteBlocksCommandHandler.java:handle(106)) - Start to delete container blocks, TXIDs=[1(0),2(0),3(0)], numOfContainers=3, numOfBlocks=553
2019-06-12 16:05:28,829 INFO  commandhandler.DeleteBlocksCommandHandler (DeleteBlocksCommandHandler.java:handle(106)) - Start to delete container blocks, TXIDs=[1(0),2(0),3(0)], numOfContainers=3, numOfBlocks=553
2019-06-12 16:05:28,829 INFO  commandhandler.DeleteBlocksCommandHandler (DeleteBlocksCommandHandler.java:handle(106)) - Start to delete container blocks, TXIDs=[1(0),2(0),3(0)], numOfContainers=3, numOfBlocks=553
2019-06-12 16:05:28,830 INFO  commandhandler.DeleteBlocksCommandHandler (DeleteBlocksCommandHandler.java:handle(106)) - Start to delete container blocks, TXIDs=[1(0),2(0),3(0)], numOfContainers=3, numOfBlocks=553
2019-06-12 16:05:28,830 INFO  commandhandler.DeleteBlocksCommandHandler (DeleteBlocksCommandHandler.java:handle(106)) - Start to delete container blocks, TXIDs=[1(0),2(0),3(0)], numOfContainers=3, numOfBlocks=553
2019-06-12 16:05:28,831 INFO  commandhandler.DeleteBlocksCommandHandler (DeleteBlocksCommandHandler.java:handle(106)) - Start to delete container blocks, TXIDs=[1(0),2(0),3(0)], numOfContainers=3, numOfBlocks=553
2019-06-12 16:05:28,831 INFO  commandhandler.DeleteBlocksCommandHandler (DeleteBlocksCommandHandler.java:handle(106)) - Start to delete container blocks, TXIDs=[1(0),2(0),3(0)], numOfContainers=3, numOfBlocks=553
2019-06-12 16:05:28,832 INFO  commandhandler.DeleteBlocksCommandHandler (DeleteBlocksCommandHandler.java:handle(106)) - Start to delete container blocks, TXIDs=[1(0),2(0),3(0)], numOfContainers=3, numOfBlocks=553
2019-06-12 16:05:28,832 INFO  commandhandler.DeleteBlocksCommandHandler (DeleteBlocksCommandHandler.java:handle(106)) - Start to delete container blocks, TXIDs=[1(0),2(0),3(0)], numOfContainers=3, numOfBlocks=553
2019-06-12 16:05:28,833 INFO  commandhandler.DeleteBlocksCommandHandler (DeleteBlocksCommandHandler.java:handle(106)) - Start to delete container blocks, TXIDs=[1(0),2(0),3(0)], numOfContainers=3, numOfBlocks=553
2019-06-12 16:05:28,834 INFO  commandhandler.DeleteBlocksCommandHandler (DeleteBlocksCommandHandler.java:handle(106)) - Start to delete container blocks, TXIDs=[1(0),2(0),3(0)], numOfContainers=3, numOfBlocks=553
2019-06-12 16:05:28,834 INFO  commandhandler.DeleteBlocksCommandHandler (DeleteBlocksCommandHandler.java:handle(106)) - Start to delete container blocks, TXIDs=[1(0),2(0),3(0)], numOfContainers=3, numOfBlocks=553
2019-06-12 16:05:28,835 INFO  commandhandler.DeleteBlocksCommandHandler (DeleteBlocksCommandHandler.java:handle(106)) - Start to delete container blocks, TXIDs=[1(0),2(0),3(0)], numOfContainers=3, numOfBlocks=553
2019-06-12 16:05:28,835 INFO  commandhandler.DeleteBlocksCommandHandler (DeleteBlocksCommandHandler.java:handle(106)) - Start to delete container blocks, TXIDs=[1(0),2(0),3(0)], numOfContainers=3, numOfBlocks=553
2019-06-12 16:05:28,836 INFO  commands.RetriableDatanodeEventWatcher (RetriableDatanodeEventWatcher.java:onTimeout(47)) - RetriableDatanodeCommand type=deleteBlocksCommand with id=1560355517667 timed out. Retrying.
2019-06-12 16:05:28,836 INFO  commandhandler.DeleteBlocksCommandHandler (DeleteBlocksCommandHandler.java:handle(106)) - Start to delete container blocks, TXIDs=[1(0),2(0),3(0)], numOfContainers=3, numOfBlocks=553
2019-06-12 16:05:28,836 INFO  commandhandler.DeleteBlocksCommandHandler (DeleteBlocksCommandHandler.java:handle(106)) - Start to delete container blocks, TXIDs=[1(0),2(0),3(0)], numOfContainers=3, numOfBlocks=553
2019-06-12 16:05:28,837 INFO  commandhandler.DeleteBlocksCommandHandler (DeleteBlocksCommandHandler.java:handle(106)) - Start to delete container blocks, TXIDs=[1(0),2(0),3(0)], numOfContainers=3, numOfBlocks=553
2019-06-12 16:05:28,837 INFO  commandhandler.DeleteBlocksCommandHandler (DeleteBlocksCommandHandler.java:handle(106)) - Start to delete container blocks, TXIDs=[1(0),2(0),3(0)], numOfContainers=3, numOfBlocks=553
2019-06-12 16:05:28,838 INFO  commandhandler.DeleteBlocksCommandHandler (DeleteBlocksCommandHandler.java:handle(106)) - Start to delete container blocks, TXIDs=[1(0),2(0),3(0)], numOfContainers=3, numOfBlocks=553
2019-06-12 16:05:28,838 INFO  commandhandler.DeleteBlocksCommandHandler (DeleteBlocksCommandHandler.java:handle(106)) - Start to delete container blocks, TXIDs=[1(0),2(0),3(0)], numOfContainers=3, numOfBlocks=553
2019-06-12 16:05:28,845 INFO  commands.RetriableDatanodeEventWatcher (RetriableDatanodeEventWatcher.java:onTimeout(47)) - RetriableDatanodeCommand type=deleteBlocksCommand with id=1560355517677 timed out. Retrying.
2019-06-12 16:05:28,851 INFO  commands.RetriableDatanodeEventWatcher (RetriableDatanodeEventWatcher.java:onTimeout(47)) - RetriableDatanodeCommand type=deleteBlocksCommand with id=1560355517648 timed out. Retrying.
2019-06-12 16:05:28,852 INFO  commands.RetriableDatanodeEventWatcher (RetriableDatanodeEventWatcher.java:onTimeout(47)) - RetriableDatanodeCommand type=deleteBlocksCommand with id=1560355517687 timed out. Retrying.
2019-06-12 16:05:28,863 INFO  commandhandler.DeleteBlocksCommandHandler (DeleteBlocksCommandHandler.java:handle(106)) - Start to delete container blocks, TXIDs=[1(0),2(0),3(0)], numOfContainers=3, numOfBlocks=553
2019-06-12 16:05:28,863 INFO  commandhandler.DeleteBlocksCommandHandler (DeleteBlocksCommandHandler.java:handle(106)) - Start to delete container blocks, TXIDs=[1(0),2(0),3(0)], numOfContainers=3, numOfBlocks=553
2019-06-12 16:05:28,864 INFO  commandhandler.DeleteBlocksCommandHandler (DeleteBlocksCommandHandler.java:handle(106)) - Start to delete container blocks, TXIDs=[1(0),2(0),3(0)], numOfContainers=3, numOfBlocks=553
2019-06-12 16:05:28,865 INFO  commandhandler.DeleteBlocksCommandHandler (DeleteBlocksCommandHandler.java:handle(106)) - Start to delete container blocks, TXIDs=[1(0),2(0),3(0)], numOfContainers=3, numOfBlocks=553
2019-06-12 16:05:28,865 INFO  commandhandler.DeleteBlocksCommandHandler (DeleteBlocksCommandHandler.java:handle(106)) - Start to delete container blocks, TXIDs=[1(0),2(0),3(0)], numOfContainers=3, numOfBlocks=553
2019-06-12 16:05:28,866 INFO  commandhandler.DeleteBlocksCommandHandler (DeleteBlocksCommandHandler.java:handle(106)) - Start to delete container blocks, TXIDs=[1(0),2(0),3(0)], numOfContainers=3, numOfBlocks=553
2019-06-12 16:05:28,867 INFO  commandhandler.DeleteBlocksCommandHandler (DeleteBlocksCommandHandler.java:handle(106)) - Start to delete container blocks, TXIDs=[1(0),2(0),3(0)], numOfContainers=3, numOfBlocks=553
2019-06-12 16:05:28,867 INFO  commandhandler.DeleteBlocksCommandHandler (DeleteBlocksCommandHandler.java:handle(106)) - Start to delete container blocks, TXIDs=[1(0),2(0),3(0)], numOfContainers=3, numOfBlocks=553
2019-06-12 16:05:28,868 INFO  commandhandler.DeleteBlocksCommandHandler (DeleteBlocksCommandHandler.java:handle(106)) - Start to delete container blocks, TXIDs=[1(0),2(0),3(0)], numOfContainers=3, numOfBlocks=553
2019-06-12 16:05:28,869 INFO  commandhandler.DeleteBlocksCommandHandler (DeleteBlocksCommandHandler.java:handle(106)) - Start to delete container blocks, TXIDs=[1(0),2(0),3(0)], numOfContainers=3, numOfBlocks=553
2019-06-12 16:05:28,869 INFO  commandhandler.DeleteBlocksCommandHandler (DeleteBlocksCommandHandler.java:handle(106)) - Start to delete container blocks, TXIDs=[1(0),2(0),3(0)], numOfContainers=3, numOfBlocks=553
2019-06-12 16:05:28,870 INFO  commandhandler.DeleteBlocksCommandHandler (DeleteBlocksCommandHandler.java:handle(106)) - Start to delete container blocks, TXIDs=[1(0),2(0),3(0)], numOfContainers=3, numOfBlocks=553
2019-06-12 16:05:28,870 INFO  commandhandler.DeleteBlocksCommandHandler (DeleteBlocksCommandHandler.java:handle(106)) - Start to delete container blocks, TXIDs=[1(0),2(0),3(0)], numOfContainers=3, numOfBlocks=553
2019-06-12 16:05:28,871 INFO  commandhandler.DeleteBlocksCommandHandler (DeleteBlocksCommandHandler.java:handle(106)) - Start to delete container blocks, TXIDs=[1(0),2(0),3(0)], numOfContainers=3, numOfBlocks=553
2019-06-12 16:05:28,872 INFO  commandhandler.DeleteBlocksCommandHandler (DeleteBlocksCommandHandler.java:handle(106)) - Start to delete container blocks, TXIDs=[1(0),2(0),3(0)], numOfContainers=3, numOfBlocks=553
2019-06-12 16:05:28,872 INFO  commandhandler.DeleteBlocksCommandHandler (DeleteBlocksCommandHandler.java:handle(106)) - Start to delete container blocks, TXIDs=[1(0),2(0),3(0)], numOfContainers=3, numOfBlocks=553
2019-06-12 16:05:28,873 INFO  commandhandler.DeleteBlocksCommandHandler (DeleteBlocksCommandHandler.java:handle(106)) - Start to delete container blocks, TXIDs=[1(0),2(0),3(0)], numOfContainers=3, numOfBlocks=553
2019-06-12 16:05:28,873 INFO  commandhandler.DeleteBlocksCommandHandler (DeleteBlocksCommandHandler.java:handle(106)) - Start to delete container blocks, TXIDs=[1(0),2(0),3(0)], numOfContainers=3, numOfBlocks=553
2019-06-12 16:05:28,874 INFO  commandhandler.DeleteBlocksCommandHandler (DeleteBlocksCommandHandler.java:handle(106)) - Start to delete container blocks, TXIDs=[1(0),2(0),3(0)], numOfContainers=3, numOfBlocks=553
2019-06-12 16:05:28,875 INFO  commandhandler.DeleteBlocksCommandHandler (DeleteBlocksCommandHandler.java:handle(106)) - Start to delete container blocks, TXIDs=[1(0),2(0),3(0)], numOfContainers=3, numOfBlocks=553
2019-06-12 16:05:28,875 INFO  commandhandler.DeleteBlocksCommandHandler (DeleteBlocksCommandHandler.java:handle(106)) - Start to delete container blocks, TXIDs=[1(0),2(0),3(0)], numOfContainers=3, numOfBlocks=553
2019-06-12 16:05:28,876 INFO  commandhandler.DeleteBlocksCommandHandler (DeleteBlocksCommandHandler.java:handle(106)) - Start to delete container blocks, TXIDs=[1(0),2(0),3(0)], numOfContainers=3, numOfBlocks=553
2019-06-12 16:05:28,876 INFO  commandhandler.DeleteBlocksCommandHandler (DeleteBlocksCommandHandler.java:handle(106)) - Start to delete container blocks, TXIDs=[1(0),2(0),3(0)], numOfContainers=3, numOfBlocks=553
2019-06-12 16:05:28,876 INFO  commands.RetriableDatanodeEventWatcher (RetriableDatanodeEventWatcher.java:onTimeout(47)) - RetriableDatanodeCommand type=deleteBlocksCommand with id=1560355517697 timed out. Retrying.
2019-06-12 16:05:28,877 INFO  commandhandler.DeleteBlocksCommandHandler (DeleteBlocksCommandHandler.java:handle(106)) - Start to delete container blocks, TXIDs=[1(0),2(0),3(0)], numOfContainers=3, numOfBlocks=553
2019-06-12 16:05:28,878 INFO  commandhandler.DeleteBlocksCommandHandler (DeleteBlocksCommandHandler.java:handle(106)) - Start to delete container blocks, TXIDs=[1(0),2(0),3(0)], numOfContainers=3, numOfBlocks=553
2019-06-12 16:05:28,878 INFO  commandhandler.DeleteBlocksCommandHandler (DeleteBlocksCommandHandler.java:handle(106)) - Start to delete container blocks, TXIDs=[1(0),2(0),3(0)], numOfContainers=3, numOfBlocks=553
2019-06-12 16:05:28,879 INFO  commandhandler.DeleteBlocksCommandHandler (DeleteBlocksCommandHandler.java:handle(106)) - Start to delete container blocks, TXIDs=[1(0),2(0),3(0)], numOfContainers=3, numOfBlocks=553
2019-06-12 16:05:28,880 INFO  commandhandler.DeleteBlocksCommandHandler (DeleteBlocksCommandHandler.java:handle(106)) - Start to delete container blocks, TXIDs=[1(0),2(0),3(0)], numOfContainers=3, numOfBlocks=553
2019-06-12 16:05:28,880 INFO  commandhandler.DeleteBlocksCommandHandler (DeleteBlocksCommandHandler.java:handle(106)) - Start to delete container blocks, TXIDs=[1(0),2(0),3(0)], numOfContainers=3, numOfBlocks=553
2019-06-12 16:05:28,881 INFO  commandhandler.DeleteBlocksCommandHandler (DeleteBlocksCommandHandler.java:handle(106)) - Start to delete container blocks, TXIDs=[1(0),2(0),3(0)], numOfContainers=3, numOfBlocks=553
2019-06-12 16:05:28,881 INFO  commandhandler.DeleteBlocksCommandHandler (DeleteBlocksCommandHandler.java:handle(106)) - Start to delete container blocks, TXIDs=[1(0),2(0),3(0)], numOfContainers=3, numOfBlocks=553
2019-06-12 16:05:28,882 INFO  commandhandler.DeleteBlocksCommandHandler (DeleteBlocksCommandHandler.java:handle(106)) - Start to delete container blocks, TXIDs=[1(0),2(0),3(0)], numOfContainers=3, numOfBlocks=553
2019-06-12 16:05:28,883 INFO  commandhandler.DeleteBlocksCommandHandler (DeleteBlocksCommandHandler.java:handle(106)) - Start to delete container blocks, TXIDs=[1(0),2(0),3(0)], numOfContainers=3, numOfBlocks=553
2019-06-12 16:05:28,883 INFO  commandhandler.DeleteBlocksCommandHandler (DeleteBlocksCommandHandler.java:handle(106)) - Start to delete container blocks, TXIDs=[1(0),2(0),3(0)], numOfContainers=3, numOfBlocks=553
2019-06-12 16:05:28,884 INFO  commandhandler.DeleteBlocksCommandHandler (DeleteBlocksCommandHandler.java:handle(106)) - Start to delete container blocks, TXIDs=[1(0),2(0),3(0)], numOfContainers=3, numOfBlocks=553
2019-06-12 16:05:28,884 INFO  commandhandler.DeleteBlocksCommandHandler (DeleteBlocksCommandHandler.java:handle(106)) - Start to delete container blocks, TXIDs=[1(0),2(0),3(0)], numOfContainers=3, numOfBlocks=553
2019-06-12 16:05:28,885 INFO  commandhandler.DeleteBlocksCommandHandler (DeleteBlocksCommandHandler.java:handle(106)) - Start to delete container blocks, TXIDs=[1(0),2(0),3(0)], numOfContainers=3, numOfBlocks=553
2019-06-12 16:05:28,886 INFO  commandhandler.DeleteBlocksCommandHandler (DeleteBlocksCommandHandler.java:handle(106)) - Start to delete container blocks, TXIDs=[1(0),2(0),3(0)], numOfContainers=3, numOfBlocks=553
2019-06-12 16:05:28,886 INFO  storage.RaftLogWorker (RaftLogWorker.java:execute(469)) - ffc7b071-00b3-4a69-8de5-2639a1a8d8ac-RaftLogWorker: created new log segment /opt/src/hadoop-ozone/integration-test/target/test-dir/MiniOzoneClusterImpl-a1c7246e-c692-4524-ad55-32b507b20431/datanode-0/data/ratis/96d67fb4-5a22-4973-930d-8fddbc3fa083/current/log_inprogress_0
2019-06-12 16:05:28,886 INFO  commandhandler.DeleteBlocksCommandHandler (DeleteBlocksCommandHandler.java:handle(106)) - Start to delete container blocks, TXIDs=[1(0),2(0),3(0)], numOfContainers=3, numOfBlocks=553
2019-06-12 16:05:28,887 INFO  commandhandler.DeleteBlocksCommandHandler (DeleteBlocksCommandHandler.java:handle(106)) - Start to delete container blocks, TXIDs=[1(0),2(0),3(0)], numOfContainers=3, numOfBlocks=553
2019-06-12 16:05:28,888 INFO  commandhandler.DeleteBlocksCommandHandler (DeleteBlocksCommandHandler.java:handle(106)) - Start to delete container blocks, TXIDs=[1(0),2(0),3(0)], numOfContainers=3, numOfBlocks=553
2019-06-12 16:05:28,888 INFO  commandhandler.DeleteBlocksCommandHandler (DeleteBlocksCommandHandler.java:handle(106)) - Start to delete container blocks, TXIDs=[1(0),2(0),3(0)], numOfContainers=3, numOfBlocks=553
2019-06-12 16:05:28,889 INFO  commandhandler.DeleteBlocksCommandHandler (DeleteBlocksCommandHandler.java:handle(106)) - Start to delete container blocks, TXIDs=[1(0),2(0),3(0)], numOfContainers=3, numOfBlocks=553
2019-06-12 16:05:28,890 INFO  commandhandler.DeleteBlocksCommandHandler (DeleteBlocksCommandHandler.java:handle(106)) - Start to delete container blocks, TXIDs=[1(0),2(0),3(0)], numOfContainers=3, numOfBlocks=553
2019-06-12 16:05:28,890 INFO  commandhandler.DeleteBlocksCommandHandler (DeleteBlocksCommandHandler.java:handle(106)) - Start to delete container blocks, TXIDs=[1(0),2(0),3(0)], numOfContainers=3, numOfBlocks=553
2019-06-12 16:05:28,891 INFO  commandhandler.DeleteBlocksCommandHandler (DeleteBlocksCommandHandler.java:handle(106)) - Start to delete container blocks, TXIDs=[1(0),2(0),3(0)], numOfContainers=3, numOfBlocks=553
2019-06-12 16:05:28,891 INFO  commandhandler.DeleteBlocksCommandHandler (DeleteBlocksCommandHandler.java:handle(106)) - Start to delete container blocks, TXIDs=[1(0),2(0),3(0)], numOfContainers=3, numOfBlocks=553
2019-06-12 16:05:28,892 INFO  commandhandler.DeleteBlocksCommandHandler (DeleteBlocksCommandHandler.java:handle(106)) - Start to delete container blocks, TXIDs=[1(0),2(0),3(0)], numOfContainers=3, numOfBlocks=553
2019-06-12 16:05:28,893 INFO  commandhandler.DeleteBlocksCommandHandler (DeleteBlocksCommandHandler.java:handle(106)) - Start to delete container blocks, TXIDs=[1(0),2(0),3(0)], numOfContainers=3, numOfBlocks=553
2019-06-12 16:05:28,893 INFO  commandhandler.DeleteBlocksCommandHandler (DeleteBlocksCommandHandler.java:handle(106)) - Start to delete container blocks, TXIDs=[1(0),2(0),3(0)], numOfContainers=3, numOfBlocks=553
2019-06-12 16:05:28,894 INFO  commandhandler.DeleteBlocksCommandHandler (DeleteBlocksCommandHandler.java:handle(106)) - Start to delete container blocks, TXIDs=[1(0),2(0),3(0)], numOfContainers=3, numOfBlocks=553
2019-06-12 16:05:28,894 INFO  commandhandler.DeleteBlocksCommandHandler (DeleteBlocksCommandHandler.java:handle(106)) - Start to delete container blocks, TXIDs=[1(0),2(0),3(0)], numOfContainers=3, numOfBlocks=553
2019-06-12 16:05:28,895 INFO  commandhandler.DeleteBlocksCommandHandler (DeleteBlocksCommandHandler.java:handle(106)) - Start to delete container blocks, TXIDs=[1(0),2(0),3(0)], numOfContainers=3, numOfBlocks=553
2019-06-12 16:05:28,896 INFO  commandhandler.DeleteBlocksCommandHandler (DeleteBlocksCommandHandler.java:handle(106)) - Start to delete container blocks, TXIDs=[1(0),2(0),3(0)], numOfContainers=3, numOfBlocks=553
2019-06-12 16:05:28,896 INFO  commandhandler.DeleteBlocksCommandHandler (DeleteBlocksCommandHandler.java:handle(106)) - Start to delete container blocks, TXIDs=[1(0),2(0),3(0)], numOfContainers=3, numOfBlocks=553
2019-06-12 16:05:28,897 INFO  commandhandler.DeleteBlocksCommandHandler (DeleteBlocksCommandHandler.java:handle(106)) - Start to delete container blocks, TXIDs=[1(0),2(0),3(0)], numOfContainers=3, numOfBlocks=553
2019-06-12 16:05:28,898 INFO  commandhandler.DeleteBlocksCommandHandler (DeleteBlocksCommandHandler.java:handle(106)) - Start to delete container blocks, TXIDs=[1(0),2(0),3(0)], numOfContainers=3, numOfBlocks=553
2019-06-12 16:05:28,898 INFO  commandhandler.DeleteBlocksCommandHandler (DeleteBlocksCommandHandler.java:handle(106)) - Start to delete container blocks, TXIDs=[1(0),2(0),3(0)], numOfContainers=3, numOfBlocks=553
2019-06-12 16:05:28,899 DEBUG block.SCMBlockDeletingService (DeleteBlocksCommandHandler.java:handle(106)) - Start to delete container blocks, TXIDs=[1(0),2(0),3(0)], numOfContainers=3, numOfBlocks=553
SCMBlockDeletingService.java:call(138)) - Running DeletedBlockTransactionScanner
2019-06-12 16:05:28,899 INFO  commandhandler.DeleteBlocksCommandHandler (DeleteBlocksCommandHandler.java:handle(106)) - Start to delete container blocks, TXIDs=[1(0),2(0),3(0)], numOfContainers=3, numOfBlocks=553
2019-06-12 16:05:28,899 DEBUG block.SCMBlockDeletingService (SCMBlockDeletingService.java:call(155)) - Scanned deleted blocks log and got 0 delTX to process.
2019-06-12 16:05:28,900 INFO  commandhandler.DeleteBlocksCommandHandler (DeleteBlocksCommandHandler.java:handle(106)) - Start to delete container blocks, TXIDs=[1(0),2(0),3(0)], numOfContainers=3, numOfBlocks=553
2019-06-12 16:05:28,900 INFO  commandhandler.DeleteBlocksCommandHandler (DeleteBlocksCommandHandler.java:handle(106)) - Start to delete container blocks, TXIDs=[1(0),2(0),3(0)], numOfContainers=3, numOfBlocks=553
2019-06-12 16:05:28,901 INFO  commandhandler.DeleteBlocksCommandHandler (DeleteBlocksCommandHandler.java:handle(106)) - Start to delete container blocks, TXIDs=[1(0),2(0),3(0)], numOfContainers=3, numOfBlocks=553
2019-06-12 16:05:28,902 INFO  commandhandler.DeleteBlocksCommandHandler (DeleteBlocksCommandHandler.java:handle(106)) - Start to delete container blocks, TXIDs=[1(0),2(0),3(0)], numOfContainers=3, numOfBlocks=553
2019-06-12 16:05:28,902 INFO  commandhandler.DeleteBlocksCommandHandler (DeleteBlocksCommandHandler.java:handle(106)) - Start to delete container blocks, TXIDs=[1(0),2(0),3(0)], numOfContainers=3, numOfBlocks=553
2019-06-12 16:05:28,903 INFO  commandhandler.DeleteBlocksCommandHandler (DeleteBlocksCommandHandler.java:handle(106)) - Start to delete container blocks, TXIDs=[1(0),2(0),3(0)], numOfContainers=3, numOfBlocks=553
2019-06-12 16:05:28,903 INFO  commandhandler.DeleteBlocksCommandHandler (DeleteBlocksCommandHandler.java:handle(106)) - Start to delete container blocks, TXIDs=[1(0),2(0),3(0)], numOfContainers=3, numOfBlocks=553
2019-06-12 16:05:28,904 INFO  commandhandler.DeleteBlocksCommandHandler (DeleteBlocksCommandHandler.java:handle(106)) - Start to delete container blocks, TXIDs=[1(0),2(0),3(0)], numOfContainers=3, numOfBlocks=553
2019-06-12 16:05:28,905 INFO  commandhandler.DeleteBlocksCommandHandler (DeleteBlocksCommandHandler.java:handle(106)) - Start to delete container blocks, TXIDs=[1(0),2(0),3(0)], numOfContainers=3, numOfBlocks=553
2019-06-12 16:05:28,905 INFO  commandhandler.DeleteBlocksCommandHandler (DeleteBlocksCommandHandler.java:handle(106)) - Start to delete container blocks, TXIDs=[1(0),2(0),3(0)], numOfContainers=3, numOfBlocks=553
2019-06-12 16:05:28,906 INFO  commandhandler.DeleteBlocksCommandHandler (DeleteBlocksCommandHandler.java:handle(106)) - Start to delete container blocks, TXIDs=[1(0),2(0),3(0)], numOfContainers=3, numOfBlocks=553
2019-06-12 16:05:28,907 INFO  commandhandler.DeleteBlocksCommandHandler (DeleteBlocksCommandHandler.java:handle(106)) - Start to delete container blocks, TXIDs=[1(0),2(0),3(0)], numOfContainers=3, numOfBlocks=553
2019-06-12 16:05:28,907 INFO  commandhandler.DeleteBlocksCommandHandler (DeleteBlocksCommandHandler.java:handle(106)) - Start to delete container blocks, TXIDs=[1(0),2(0),3(0)], numOfContainers=3, numOfBlocks=553
2019-06-12 16:05:28,908 INFO  commandhandler.DeleteBlocksCommandHandler (DeleteBlocksCommandHandler.java:handle(106)) - Start to delete container blocks, TXIDs=[1(0),2(0),3(0)], numOfContainers=3, numOfBlocks=553
2019-06-12 16:05:28,909 INFO  commandhandler.DeleteBlocksCommandHandler (DeleteBlocksCommandHandler.java:handle(106)) - Start to delete container blocks, TXIDs=[1(0),2(0),3(0)], numOfContainers=3, numOfBlocks=553
2019-06-12 16:05:28,910 INFO  commandhandler.DeleteBlocksCommandHandler (DeleteBlocksCommandHandler.java:handle(106)) - Start to delete container blocks, TXIDs=[1(0),2(0),3(0)], numOfContainers=3, numOfBlocks=553
2019-06-12 16:05:28,910 INFO  commandhandler.DeleteBlocksCommandHandler (DeleteBlocksCommandHandler.java:handle(106)) - Start to delete container blocks, TXIDs=[1(0),2(0),3(0)], numOfContainers=3, numOfBlocks=553
2019-06-12 16:05:28,911 INFO  commandhandler.DeleteBlocksCommandHandler (DeleteBlocksCommandHandler.java:handle(106)) - Start to delete container blocks, TXIDs=[1(0),2(0),3(0)], numOfContainers=3, numOfBlocks=553
2019-06-12 16:05:28,912 INFO  commandhandler.DeleteBlocksCommandHandler (DeleteBlocksCommandHandler.java:handle(106)) - Start to delete container blocks, TXIDs=[1(0),2(0),3(0)], numOfContainers=3, numOfBlocks=553
2019-06-12 16:05:28,912 INFO  commandhandler.DeleteBlocksCommandHandler (DeleteBlocksCommandHandler.java:handle(106)) - Start to delete container blocks, TXIDs=[1(0),2(0),3(0)], numOfContainers=3, numOfBlocks=553
2019-06-12 16:05:28,913 INFO  commandhandler.DeleteBlocksCommandHandler (DeleteBlocksCommandHandler.java:handle(106)) - Start to delete container blocks, TXIDs=[1(0),2(0),3(0)], numOfContainers=3, numOfBlocks=553
2019-06-12 16:05:28,913 INFO  commandhandler.DeleteBlocksCommandHandler (DeleteBlocksCommandHandler.java:handle(106)) - Start to delete container blocks, TXIDs=[1(0),2(0),3(0)], numOfContainers=3, numOfBlocks=553
2019-06-12 16:05:28,914 INFO  commandhandler.DeleteBlocksCommandHandler (DeleteBlocksCommandHandler.java:handle(106)) - Start to delete container blocks, TXIDs=[1(0),2(0),3(0)], numOfContainers=3, numOfBlocks=553
2019-06-12 16:05:28,915 INFO  commandhandler.DeleteBlocksCommandHandler (DeleteBlocksCommandHandler.java:handle(106)) - Start to delete container blocks, TXIDs=[1(0),2(0),3(0)], numOfContainers=3, numOfBlocks=553
2019-06-12 16:05:28,915 INFO  commandhandler.DeleteBlocksCommandHandler (DeleteBlocksCommandHandler.java:handle(106)) - Start to delete container blocks, TXIDs=[1(0),2(0),3(0)], numOfContainers=3, numOfBlocks=553
2019-06-12 16:05:28,916 INFO  commandhandler.DeleteBlocksCommandHandler (DeleteBlocksCommandHandler.java:handle(106)) - Start to delete container blocks, TXIDs=[1(0),2(0),3(0)], numOfContainers=3, numOfBlocks=553
2019-06-12 16:05:28,916 INFO  commandhandler.DeleteBlocksCommandHandler (DeleteBlocksCommandHandler.java:handle(106)) - Start to delete container blocks, TXIDs=[1(0),2(0),3(0)], numOfContainers=3, numOfBlocks=553
2019-06-12 16:05:28,917 INFO  commandhandler.DeleteBlocksCommandHandler (DeleteBlocksCommandHandler.java:handle(106)) - Start to delete container blocks, TXIDs=[1(0),2(0),3(0)], numOfContainers=3, numOfBlocks=553
2019-06-12 16:05:28,918 INFO  commandhandler.DeleteBlocksCommandHandler (DeleteBlocksCommandHandler.java:handle(106)) - Start to delete container blocks, TXIDs=[1(0),2(0),3(0)], numOfContainers=3, numOfBlocks=553
2019-06-12 16:05:28,918 INFO  commandhandler.DeleteBlocksCommandHandler (DeleteBlocksCommandHandler.java:handle(106)) - Start to delete container blocks, TXIDs=[1(0),2(0),3(0)], numOfContainers=3, numOfBlocks=553
2019-06-12 16:05:28,919 INFO  commandhandler.DeleteBlocksCommandHandler (DeleteBlocksCommandHandler.java:handle(106)) - Start to delete container blocks, TXIDs=[1(0),2(0),3(0)], numOfContainers=3, numOfBlocks=553
2019-06-12 16:05:28,920 INFO  commandhandler.DeleteBlocksCommandHandler (DeleteBlocksCommandHandler.java:handle(106)) - Start to delete container blocks, TXIDs=[1(0),2(0),3(0)], numOfContainers=3, numOfBlocks=553
2019-06-12 16:05:28,920 INFO  commandhandler.DeleteBlocksCommandHandler (DeleteBlocksCommandHandler.java:handle(106)) - Start to delete container blocks, TXIDs=[1(0),2(0),3(0)], numOfContainers=3, numOfBlocks=553
2019-06-12 16:05:28,921 INFO  commandhandler.DeleteBlocksCommandHandler (DeleteBlocksCommandHandler.java:handle(106)) - Start to delete container blocks, TXIDs=[1(0),2(0),3(0)], numOfContainers=3, numOfBlocks=553
2019-06-12 16:05:28,921 INFO  commandhandler.DeleteBlocksCommandHandler (DeleteBlocksCommandHandler.java:handle(106)) - Start to delete container blocks, TXIDs=[1(0),2(0),3(0)], numOfContainers=3, numOfBlocks=553
2019-06-12 16:05:28,922 INFO  commandhandler.DeleteBlocksCommandHandler (DeleteBlocksCommandHandler.java:handle(106)) - Start to delete container blocks, TXIDs=[1(0),2(0),3(0)], numOfContainers=3, numOfBlocks=553
2019-06-12 16:05:28,923 INFO  commandhandler.DeleteBlocksCommandHandler (DeleteBlocksCommandHandler.java:handle(106)) - Start to delete container blocks, TXIDs=[1(0),2(0),3(0)], numOfContainers=3, numOfBlocks=553
2019-06-12 16:05:28,923 INFO  commandhandler.DeleteBlocksCommandHandler (DeleteBlocksCommandHandler.java:handle(106)) - Start to delete container blocks, TXIDs=[1(0),2(0),3(0)], numOfContainers=3, numOfBlocks=553
2019-06-12 16:05:28,924 INFO  commandhandler.DeleteBlocksCommandHandler (DeleteBlocksCommandHandler.java:handle(106)) - Start to delete container blocks, TXIDs=[1(0),2(0),3(0)], numOfContainers=3, numOfBlocks=553
2019-06-12 16:05:28,924 INFO  commandhandler.DeleteBlocksCommandHandler (DeleteBlocksCommandHandler.java:handle(106)) - Start to delete container blocks, TXIDs=[1(0),2(0),3(0)], numOfContainers=3, numOfBlocks=553
2019-06-12 16:05:28,925 INFO  commandhandler.DeleteBlocksCommandHandler (DeleteBlocksCommandHandler.java:handle(106)) - Start to delete container blocks, TXIDs=[1(0),2(0),3(0)], numOfContainers=3, numOfBlocks=553
2019-06-12 16:05:28,925 INFO  commandhandler.DeleteBlocksCommandHandler (DeleteBlocksCommandHandler.java:handle(106)) - Start to delete container blocks, TXIDs=[1(0),2(0),3(0)], numOfContainers=3, numOfBlocks=553
2019-06-12 16:05:28,926 INFO  commands.RetriableDatanodeEventWatcher (RetriableDatanodeEventWatcher.java:onTimeout(47)) - RetriableDatanodeCommand type=deleteBlocksCommand with id=1560355517658 timed out. Retrying.
2019-06-12 16:05:28,926 INFO  commandhandler.DeleteBlocksCommandHandler (DeleteBlocksCommandHandler.java:handle(106)) - Start to delete container blocks, TXIDs=[1(0),2(0),3(0)], numOfContainers=3, numOfBlocks=553
2019-06-12 16:05:28,927 INFO  commandhandler.DeleteBlocksCommandHandler (DeleteBlocksCommandHandler.java:handle(106)) - Start to delete container blocks, TXIDs=[1(0),2(0),3(0)], numOfContainers=3, numOfBlocks=553
2019-06-12 16:05:28,928 INFO  commandhandler.DeleteBlocksCommandHandler (DeleteBlocksCommandHandler.java:handle(106)) - Start to delete container blocks, TXIDs=[1(0),2(0),3(0)], numOfContainers=3, numOfBlocks=553
2019-06-12 16:05:28,928 INFO  commandhandler.DeleteBlocksCommandHandler (DeleteBlocksCommandHandler.java:handle(106)) - Start to delete container blocks, TXIDs=[1(0),2(0),3(0)], numOfContainers=3, numOfBlocks=553
2019-06-12 16:05:28,929 INFO  commandhandler.DeleteBlocksCommandHandler (DeleteBlocksCommandHandler.java:handle(106)) - Start to delete container blocks, TXIDs=[1(0),2(0),3(0)], numOfContainers=3, numOfBlocks=553
2019-06-12 16:05:28,930 INFO  commandhandler.DeleteBlocksCommandHandler (DeleteBlocksCommandHandler.java:handle(106)) - Start to delete container blocks, TXIDs=[1(0),2(0),3(0)], numOfContainers=3, numOfBlocks=553
2019-06-12 16:05:28,930 INFO  commandhandler.DeleteBlocksCommandHandler (DeleteBlocksCommandHandler.java:handle(106)) - Start to delete container blocks, TXIDs=[1(0),2(0),3(0)], numOfContainers=3, numOfBlocks=553
2019-06-12 16:05:28,931 INFO  commandhandler.DeleteBlocksCommandHandler (DeleteBlocksCommandHandler.java:handle(106)) - Start to delete container blocks, TXIDs=[1(0),2(0),3(0)], numOfContainers=3, numOfBlocks=553
2019-06-12 16:05:28,932 INFO  commandhandler.DeleteBlocksCommandHandler (DeleteBlocksCommandHandler.java:handle(106)) - Start to delete container blocks, TXIDs=[1(0),2(0),3(0)], numOfContainers=3, numOfBlocks=553
2019-06-12 16:05:28,932 INFO  commandhandler.DeleteBlocksCommandHandler (DeleteBlocksCommandHandler.java:handle(106)) - Start to delete container blocks, TXIDs=[1(0),2(0),3(0)], numOfContainers=3, numOfBlocks=553
2019-06-12 16:05:28,933 INFO  commandhandler.DeleteBlocksCommandHandler (DeleteBlocksCommandHandler.java:handle(106)) - Start to delete container blocks, TXIDs=[1(0),2(0),3(0)], numOfContainers=3, numOfBlocks=553
2019-06-12 16:05:28,933 INFO  commandhandler.DeleteBlocksCommandHandler (DeleteBlocksCommandHandler.java:handle(106)) - Start to delete container blocks, TXIDs=[1(0),2(0),3(0)], numOfContainers=3, numOfBlocks=553
2019-06-12 16:05:28,934 INFO  commandhandler.DeleteBlocksCommandHandler (DeleteBlocksCommandHandler.java:handle(106)) - Start to delete container blocks, TXIDs=[1(0),2(0),3(0)], numOfContainers=3, numOfBlocks=553
2019-06-12 16:05:28,935 INFO  commandhandler.DeleteBlocksCommandHandler (DeleteBlocksCommandHandler.java:handle(106)) - Start to delete container blocks, TXIDs=[1(10),2(10),3(10)], numOfContainers=3, numOfBlocks=553
2019-06-12 16:05:28,935 INFO  commandhandler.DeleteBlocksCommandHandler (DeleteBlocksCommandHandler.java:handle(106)) - Start to delete container blocks, TXIDs=[1(0),2(0),3(0)], numOfContainers=3, numOfBlocks=553
2019-06-12 16:05:28,936 INFO  commandhandler.DeleteBlocksCommandHandler (DeleteBlocksCommandHandler.java:handle(106)) - Start to delete container blocks, TXIDs=[1(0),2(0),3(0)], numOfContainers=3, numOfBlocks=553
2019-06-12 16:05:28,936 INFO  commandhandler.DeleteBlocksCommandHandler (DeleteBlocksCommandHandler.java:handle(106)) - Start to delete container blocks, TXIDs=[1(0),2(0),3(0)], numOfContainers=3, numOfBlocks=553
2019-06-12 16:05:28,937 INFO  commandhandler.DeleteBlocksCommandHandler (DeleteBlocksCommandHandler.java:handle(106)) - Start to delete container blocks, TXIDs=[1(0),2(0),3(0)], numOfContainers=3, numOfBlocks=553
2019-06-12 16:05:28,937 INFO  commands.RetriableDatanodeEventWatcher (RetriableDatanodeEventWatcher.java:onTimeout(47)) - RetriableDatanodeCommand type=deleteBlocksCommand with id=1560355517668 timed out. Retrying.
2019-06-12 16:05:28,938 INFO  commandhandler.DeleteBlocksCommandHandler (DeleteBlocksCommandHandler.java:handle(106)) - Start to delete container blocks, TXIDs=[1(0),2(0),3(0)], numOfContainers=3, numOfBlocks=553
2019-06-12 16:05:28,938 INFO  commandhandler.DeleteBlocksCommandHandler (DeleteBlocksCommandHandler.java:handle(106)) - Start to delete container blocks, TXIDs=[1(0),2(0),3(0)], numOfContainers=3, numOfBlocks=553
2019-06-12 16:05:28,939 INFO  commandhandler.DeleteBlocksCommandHandler (DeleteBlocksCommandHandler.java:handle(106)) - Start to delete container blocks, TXIDs=[1(0),2(0),3(0)], numOfContainers=3, numOfBlocks=553
2019-06-12 16:05:28,940 INFO  commandhandler.DeleteBlocksCommandHandler (DeleteBlocksCommandHandler.java:handle(106)) - Start to delete container blocks, TXIDs=[1(0),2(0),3(0)], numOfContainers=3, numOfBlocks=553
2019-06-12 16:05:28,940 INFO  commandhandler.DeleteBlocksCommandHandler (DeleteBlocksCommandHandler.java:handle(106)) - Start to delete container blocks, TXIDs=[1(0),2(0),3(0)], numOfContainers=3, numOfBlocks=553
2019-06-12 16:05:28,941 INFO  commandhandler.DeleteBlocksCommandHandler (DeleteBlocksCommandHandler.java:handle(106)) - Start to delete container blocks, TXIDs=[1(522),2(522),3(522)], numOfContainers=3, numOfBlocks=553
2019-06-12 16:05:28,941 INFO  commandhandler.DeleteBlocksCommandHandler (DeleteBlocksCommandHandler.java:handle(106)) - Start to delete container blocks, TXIDs=[1(0),2(0),3(0)], numOfContainers=3, numOfBlocks=553
2019-06-12 16:05:28,942 INFO  commandhandler.DeleteBlocksCommandHandler (DeleteBlocksCommandHandler.java:handle(106)) - Start to delete container blocks, TXIDs=[1(0),2(0),3(0)], numOfContainers=3, numOfBlocks=553
2019-06-12 16:05:28,942 INFO  commandhandler.DeleteBlocksCommandHandler (DeleteBlocksCommandHandler.java:handle(106)) - Start to delete container blocks, TXIDs=[1(0),2(0),3(0)], numOfContainers=3, numOfBlocks=553
2019-06-12 16:05:28,943 INFO  commandhandler.DeleteBlocksCommandHandler (DeleteBlocksCommandHandler.java:handle(106)) - Start to delete container blocks, TXIDs=[1(0),2(0),3(0)], numOfContainers=3, numOfBlocks=553
2019-06-12 16:05:28,944 INFO  commandhandler.DeleteBlocksCommandHandler (DeleteBlocksCommandHandler.java:handle(106)) - Start to delete container blocks, TXIDs=[1(0),2(0),3(0)], numOfContainers=3, numOfBlocks=553
2019-06-12 16:05:28,944 WARN  block.DeletedBlockLogImpl (DeletedBlockLogImpl.java:incrementCount(141)) - Deleted TXID not found.
2019-06-12 16:05:28,944 WARN  block.DeletedBlockLogImpl (DeletedBlockLogImpl.java:incrementCount(141)) - Deleted TXID not found.
2019-06-12 16:05:28,944 WARN  block.DeletedBlockLogImpl (DeletedBlockLogImpl.java:incrementCount(141)) - Deleted TXID not found.
2019-06-12 16:05:28,944 WARN  events.EventWatcher (DeleteBlocksCommandHandler.java:handle(106)) - Start to delete container blocks, TXIDs=[1(0),2(0),3(0)], numOfContainers=3, numOfBlocks=553
EventWatcher.java:lambda$start$0(110)) - Completion event without active lease. Id=1560355517604
2019-06-12 16:05:28,944 INFO  commandhandler.DeleteBlocksCommandHandler (DeleteBlocksCommandHandler.java:handle(106)) - Start to delete container blocks, TXIDs=[1(0),2(0),3(0)], numOfContainers=3, numOfBlocks=553
2019-06-12 16:05:28,944 DEBUG block.DeletedBlockLogImpl (DeletedBlockLogImpl.java:isTransactionFailed(245)) - Got block deletion ACK from datanode, TXIDs=1, success=true
2019-06-12 16:05:28,945 WARN  block.DeletedBlockLogImpl (DeletedBlockLogImpl.java:commitTransactions(205)) - Transaction txId=1 commit by dnId=ffc7b071-00b3-4a69-8de5-2639a1a8d8ac for containerID=#1 failed. Corresponding entry not found.
2019-06-12 16:05:28,945 WARN  block.DeletedBlockLogImpl (DeletedBlockLogImpl.java:incrementCount(141)) - Deleted TXID not found.
2019-06-12 16:05:28,945 WARN  events.EventWatcher (EventWatcher.java:lambda$start$0(110)) - Completion event without active lease. Id=1560355517605
2019-06-12 16:05:28,945 WARN  events.EventWatcher (EventWatcher.java:lambda$start$0(110)) - Completion event without active lease. Id=1560355517606
2019-06-12 16:05:28,945 WARN  events.EventWatcher (EventWatcher.java:lambda$start$0(110)) - Completion event without active lease. Id=1560355517607
2019-06-12 16:05:28,945 WARN  events.EventWatcher (EventWatcher.java:lambda$start$0(110)) - Completion event without active lease. Id=1560355517616
2019-06-12 16:05:28,945 WARN  events.EventWatcher (EventWatcher.java:lambda$start$0(110)) - Completion event without active lease. Id=1560355517617
2019-06-12 16:05:28,945 WARN  events.EventWatcher (EventWatcher.java:lambda$start$0(110)) - Completion event without active lease. Id=1560355517626
2019-06-12 16:05:28,945 WARN  events.EventWatcher (EventWatcher.java:lambda$start$0(110)) - Completion event without active lease. Id=1560355517627
2019-06-12 16:05:28,945 WARN  events.EventWatcher (EventWatcher.java:lambda$start$0(110)) - Completion event without active lease. Id=1560355517636
2019-06-12 16:05:28,945 WARN  events.EventWatcher (EventWatcher.java:lambda$start$0(110)) - Completion event without active lease. Id=1560355517637
2019-06-12 16:05:28,945 INFO  commandhandler.DeleteBlocksCommandHandler (DeleteBlocksCommandHandler.java:handle(106)) - Start to delete container blocks, TXIDs=[1(0),2(0),3(0)], numOfContainers=3, numOfBlocks=553
DeletedBlockLogImpl.java:incrementCount(141)) - Deleted TXID not found.
2019-06-12 16:05:28,945 INFO  commandhandler.DeleteBlocksCommandHandler (DeleteBlocksCommandHandler.java:handle(106)) - Start to delete container blocks, TXIDs=[1(0),2(0),3(0)], numOfContainers=3, numOfBlocks=553
2019-06-12 16:05:28,946 WARN  block.DeletedBlockLogImpl (DeletedBlockLogImpl.java:incrementCount(141)) - Deleted TXID not found.
2019-06-12 16:05:28,946 DEBUG block.DeletedBlockLogImpl (DeletedBlockLogImpl.java:isTransactionFailed(245)) - Got block deletion ACK from datanode, TXIDs=1, success=true
2019-06-12 16:05:28,946 WARN  block.DeletedBlockLogImpl (DeletedBlockLogImpl.java:commitTransactions(205)) - Transaction txId=1 commit by dnId=ffc7b071-00b3-4a69-8de5-2639a1a8d8ac for containerID=#1 failed. Corresponding entry not found.
2019-06-12 16:05:28,946 WARN  block.DeletedBlockLogImpl (DeletedBlockLogImpl.java:incrementCount(141)) - Deleted TXID not found.
2019-06-12 16:05:28,945 INFO  commands.RetriableDatanodeEventWatcher (RetriableDatanodeEventWatcher.java:onTimeout(47)) - RetriableDatanodeCommand type=deleteBlocksCommand with id=1560355517678 timed out. Retrying.
2019-06-12 16:05:28,946 WARN  block.DeletedBlockLogImpl (DeletedBlockLogImpl.java:incrementCount(141)) - Deleted TXID not found.
2019-06-12 16:05:28,946 WARN  events.EventWatcher (EventWatcher.java:lambda$start$0(110)) - Completion event without active lease. Id=1560355517635
2019-06-12 16:05:28,946 WARN  block.DeletedBlockLogImpl (DeletedBlockLogImpl.java:incrementCount(141)) - Deleted TXID not found.
2019-06-12 16:05:28,946 INFO  commandhandler.DeleteBlocksCommandHandler (DeletedBlockLogImpl.java:incrementCount(141)) - Deleted TXID not found.
2019-06-12 16:05:28,946 WARN  block.DeletedBlockLogImpl (DeleteBlocksCommandHandler.java:handle(106)) - Start to delete container blocks, TXIDs=[1(0),2(0),3(0)], numOfContainers=3, numOfBlocks=553
DeletedBlockLogImpl.java:incrementCount(141)) - Deleted TXID not found.
2019-06-12 16:05:28,946 WARN  block.DeletedBlockLogImpl (DeletedBlockLogImpl.java:incrementCount(141)) - Deleted TXID not found.
2019-06-12 16:05:28,946 INFO  commandhandler.DeleteBlocksCommandHandler (DeleteBlocksCommandHandler.java:handle(106)) - Start to delete container blocks, TXIDs=[1(0),2(0),3(0)], numOfContainers=3, numOfBlocks=553
2019-06-12 16:05:28,946 WARN  block.DeletedBlockLogImpl (DeletedBlockLogImpl.java:incrementCount(141)) - Deleted TXID not found.
2019-06-12 16:05:28,946 WARN  block.DeletedBlockLogImpl (DeletedBlockLogImpl.java:incrementCount(141)) - Deleted TXID not found.
2019-06-12 16:05:28,947 WARN  block.DeletedBlockLogImpl (DeletedBlockLogImpl.java:incrementCount(141)) - Deleted TXID not found.
2019-06-12 16:05:28,947 DEBUG block.DeletedBlockLogImpl (DeletedBlockLogImpl.java:isTransactionFailed(245)) - Got block deletion ACK from datanode, TXIDs=1, success=true
2019-06-12 16:05:28,947 WARN  block.DeletedBlockLogImpl (DeletedBlockLogImpl.java:commitTransactions(205)) - Transaction txId=1 commit by dnId=ffc7b071-00b3-4a69-8de5-2639a1a8d8ac for containerID=#1 failed. Corresponding entry not found.
2019-06-12 16:05:28,947 WARN  block.DeletedBlockLogImpl (DeletedBlockLogImpl.java:incrementCount(141)) - Deleted TXID not found.
2019-06-12 16:05:28,947 WARN  block.DeletedBlockLogImpl (DeletedBlockLogImpl.java:incrementCount(141)) - Deleted TXID not found.
2019-06-12 16:05:28,947 WARN  block.DeletedBlockLogImpl (DeletedBlockLogImpl.java:incrementCount(141)) - Deleted TXID not found.
2019-06-12 16:05:28,947 INFO  commandhandler.DeleteBlocksCommandHandler (DeletedBlockLogImpl.java:isTransactionFailed(245)) - Got block deletion ACK from datanode, TXIDs=1, success=true
2019-06-12 16:05:28,947 WARN  block.DeletedBlockLogImpl (DeleteBlocksCommandHandler.java:handle(106)) - Start to delete container blocks, TXIDs=[1(0),2(0),3(0)], numOfContainers=3, numOfBlocks=553
DeletedBlockLogImpl.java:commitTransactions(205)) - Transaction txId=1 commit by dnId=ffc7b071-00b3-4a69-8de5-2639a1a8d8ac for containerID=#1 failed. Corresponding entry not found.
2019-06-12 16:05:28,947 INFO  commandhandler.DeleteBlocksCommandHandler (DeleteBlocksCommandHandler.java:handle(106)) - Start to delete container blocks, TXIDs=[1(0),2(0),3(0)], numOfContainers=3, numOfBlocks=553
2019-06-12 16:05:28,947 DEBUG block.DeletedBlockLogImpl (DeletedBlockLogImpl.java:isTransactionFailed(245)) - Got block deletion ACK from datanode, TXIDs=1, success=true
2019-06-12 16:05:28,947 WARN  block.DeletedBlockLogImpl (DeletedBlockLogImpl.java:commitTransactions(205)) - Transaction txId=1 commit by dnId=ffc7b071-00b3-4a69-8de5-2639a1a8d8ac for containerID=#1 failed. Corresponding entry not found.
2019-06-12 16:05:28,947 WARN  block.DeletedBlockLogImpl (DeletedBlockLogImpl.java:incrementCount(141)) - Deleted TXID not found.
2019-06-12 16:05:28,947 WARN  block.DeletedBlockLogImpl (DeletedBlockLogImpl.java:incrementCount(141)) - Deleted TXID not found.
2019-06-12 16:05:28,947 WARN  block.DeletedBlockLogImpl (DeletedBlockLogImpl.java:incrementCount(141)) - Deleted TXID not found.
2019-06-12 16:05:28,948 DEBUG block.DeletedBlockLogImpl (DeletedBlockLogImpl.java:isTransactionFailed(245)) - Got block deletion ACK from datanode, TXIDs=1, success=true
2019-06-12 16:05:28,948 WARN  block.DeletedBlockLogImpl (DeletedBlockLogImpl.java:commitTransactions(205)) - Transaction txId=1 commit by dnId=ffc7b071-00b3-4a69-8de5-2639a1a8d8ac for containerID=#1 failed. Corresponding entry not found.
2019-06-12 16:05:28,948 WARN  block.DeletedBlockLogImpl (DeletedBlockLogImpl.java:incrementCount(141)) - Deleted TXID not found.
2019-06-12 16:05:28,948 INFO  commandhandler.DeleteBlocksCommandHandler (DeletedBlockLogImpl.java:incrementCount(141)) - Deleted TXID not found.
2019-06-12 16:05:28,948 WARN  block.DeletedBlockLogImpl (DeleteBlocksCommandHandler.java:handle(106)) - Start to delete container blocks, TXIDs=[1(522),2(522),3(522)], numOfContainers=3, numOfBlocks=553
DeletedBlockLogImpl.java:incrementCount(141)) - Deleted TXID not found.
2019-06-12 16:05:28,948 INFO  commandhandler.DeleteBlocksCommandHandler (DeleteBlocksCommandHandler.java:handle(106)) - Start to delete container blocks, TXIDs=[1(522),2(522),3(522)], numOfContainers=3, numOfBlocks=553
2019-06-12 16:05:28,948 DEBUG block.DeletedBlockLogImpl (DeletedBlockLogImpl.java:isTransactionFailed(245)) - Got block deletion ACK from datanode, TXIDs=1, success=true
2019-06-12 16:05:28,948 WARN  block.DeletedBlockLogImpl (DeletedBlockLogImpl.java:commitTransactions(205)) - Transaction txId=1 commit by dnId=ffc7b071-00b3-4a69-8de5-2639a1a8d8ac for containerID=#1 failed. Corresponding entry not found.
2019-06-12 16:05:28,948 WARN  block.DeletedBlockLogImpl (DeletedBlockLogImpl.java:incrementCount(141)) - Deleted TXID not found.
2019-06-12 16:05:28,948 WARN  block.DeletedBlockLogImpl (DeletedBlockLogImpl.java:incrementCount(141)) - Deleted TXID not found.
2019-06-12 16:05:28,948 WARN  block.DeletedBlockLogImpl (DeletedBlockLogImpl.java:incrementCount(141)) - Deleted TXID not found.
2019-06-12 16:05:28,948 DEBUG block.DeletedBlockLogImpl (DeletedBlockLogImpl.java:isTransactionFailed(245)) - Got block deletion ACK from datanode, TXIDs=1, success=true
2019-06-12 16:05:28,948 WARN  block.DeletedBlockLogImpl (DeletedBlockLogImpl.java:commitTransactions(205)) - Transaction txId=1 commit by dnId=ffc7b071-00b3-4a69-8de5-2639a1a8d8ac for containerID=#1 failed. Corresponding entry not found.
2019-06-12 16:05:28,948 WARN  block.DeletedBlockLogImpl (DeletedBlockLogImpl.java:incrementCount(141)) - Deleted TXID not found.
2019-06-12 16:05:28,948 WARN  block.DeletedBlockLogImpl (DeletedBlockLogImpl.java:incrementCount(141)) - Deleted TXID not found.
2019-06-12 16:05:28,949 INFO  commandhandler.DeleteBlocksCommandHandler (DeleteBlocksCommandHandler.java:handle(106)) - Start to delete container blocks, TXIDs=[1(0),2(0),3(0)], numOfContainers=3, numOfBlocks=553
DeletedBlockLogImpl.java:incrementCount(141)) - Deleted TXID not found.
2019-06-12 16:05:28,949 INFO  commandhandler.DeleteBlocksCommandHandler (DeleteBlocksCommandHandler.java:handle(106)) - Start to delete container blocks, TXIDs=[1(0),2(0),3(0)], numOfContainers=3, numOfBlocks=553
2019-06-12 16:05:28,949 DEBUG block.DeletedBlockLogImpl (DeletedBlockLogImpl.java:isTransactionFailed(245)) - Got block deletion ACK from datanode, TXIDs=1, success=true
2019-06-12 16:05:28,949 WARN  block.DeletedBlockLogImpl (DeletedBlockLogImpl.java:commitTransactions(205)) - Transaction txId=1 commit by dnId=ffc7b071-00b3-4a69-8de5-2639a1a8d8ac for containerID=#1 failed. Corresponding entry not found.
2019-06-12 16:05:28,949 DEBUG block.DeletedBlockLogImpl (DeletedBlockLogImpl.java:isTransactionFailed(245)) - Got block deletion ACK from datanode, TXIDs=1, success=true
2019-06-12 16:05:28,949 WARN  block.DeletedBlockLogImpl (DeletedBlockLogImpl.java:commitTransactions(205)) - Transaction txId=1 commit by dnId=ffc7b071-00b3-4a69-8de5-2639a1a8d8ac for containerID=#1 failed. Corresponding entry not found.
2019-06-12 16:05:28,949 DEBUG block.DeletedBlockLogImpl (DeletedBlockLogImpl.java:isTransactionFailed(245)) - Got block deletion ACK from datanode, TXIDs=1, success=true
2019-06-12 16:05:28,949 WARN  block.DeletedBlockLogImpl (DeletedBlockLogImpl.java:commitTransactions(205)) - Transaction txId=1 commit by dnId=ffc7b071-00b3-4a69-8de5-2639a1a8d8ac for containerID=#1 failed. Corresponding entry not found.
2019-06-12 16:05:28,949 DEBUG block.DeletedBlockLogImpl (DeletedBlockLogImpl.java:isTransactionFailed(245)) - Got block deletion ACK from datanode, TXIDs=1, success=true
2019-06-12 16:05:28,949 WARN  block.DeletedBlockLogImpl (DeletedBlockLogImpl.java:commitTransactions(205)) - Transaction txId=1 commit by dnId=ffc7b071-00b3-4a69-8de5-2639a1a8d8ac for containerID=#1 failed. Corresponding entry not found.
2019-06-12 16:05:28,949 DEBUG block.DeletedBlockLogImpl (DeletedBlockLogImpl.java:isTransactionFailed(245)) - Got block deletion ACK from datanode, TXIDs=1, success=true
2019-06-12 16:05:28,949 WARN  block.DeletedBlockLogImpl (DeletedBlockLogImpl.java:commitTransactions(205)) - Transaction txId=1 commit by dnId=ffc7b071-00b3-4a69-8de5-2639a1a8d8ac for containerID=#1 failed. Corresponding entry not found.
2019-06-12 16:05:28,949 DEBUG block.DeletedBlockLogImpl (DeletedBlockLogImpl.java:isTransactionFailed(245)) - Got block deletion ACK from datanode, TXIDs=1, success=true
2019-06-12 16:05:28,949 WARN  block.DeletedBlockLogImpl (DeletedBlockLogImpl.java:commitTransactions(205)) - Transaction txId=1 commit by dnId=ffc7b071-00b3-4a69-8de5-2639a1a8d8ac for containerID=#1 failed. Corresponding entry not found.
2019-06-12 16:05:28,949 INFO  commandhandler.DeleteBlocksCommandHandler (DeletedBlockLogImpl.java:isTransactionFailed(245)) - Got block deletion ACK from datanode, TXIDs=1, success=true
2019-06-12 16:05:28,949 WARN  block.DeletedBlockLogImpl (DeleteBlocksCommandHandler.java:handle(106)) - Start to delete container blocks, TXIDs=[1(0),2(0),3(0)], numOfContainers=3, numOfBlocks=553
DeletedBlockLogImpl.java:commitTransactions(205)) - Transaction txId=1 commit by dnId=ffc7b071-00b3-4a69-8de5-2639a1a8d8ac for containerID=#1 failed. Corresponding entry not found.
2019-06-12 16:05:28,949 INFO  commandhandler.DeleteBlocksCommandHandler (DeleteBlocksCommandHandler.java:handle(106)) - Start to delete container blocks, TXIDs=[1(0),2(0),3(0)], numOfContainers=3, numOfBlocks=553
2019-06-12 16:05:28,949 DEBUG block.DeletedBlockLogImpl (DeletedBlockLogImpl.java:isTransactionFailed(245)) - Got block deletion ACK from datanode, TXIDs=1, success=true
2019-06-12 16:05:28,950 WARN  block.DeletedBlockLogImpl (DeletedBlockLogImpl.java:commitTransactions(205)) - Transaction txId=1 commit by dnId=ffc7b071-00b3-4a69-8de5-2639a1a8d8ac for containerID=#1 failed. Corresponding entry not found.
2019-06-12 16:05:28,950 DEBUG block.DeletedBlockLogImpl (DeletedBlockLogImpl.java:isTransactionFailed(245)) - Got block deletion ACK from datanode, TXIDs=1, success=true
2019-06-12 16:05:28,950 WARN  block.DeletedBlockLogImpl (DeletedBlockLogImpl.java:commitTransactions(205)) - Transaction txId=1 commit by dnId=ffc7b071-00b3-4a69-8de5-2639a1a8d8ac for containerID=#1 failed. Corresponding entry not found.
2019-06-12 16:05:28,950 DEBUG block.DeletedBlockLogImpl (DeletedBlockLogImpl.java:isTransactionFailed(245)) - Got block deletion ACK from datanode, TXIDs=1, success=true
2019-06-12 16:05:28,950 WARN  block.DeletedBlockLogImpl (DeletedBlockLogImpl.java:commitTransactions(205)) - Transaction txId=1 commit by dnId=ffc7b071-00b3-4a69-8de5-2639a1a8d8ac for containerID=#1 failed. Corresponding entry not found.
2019-06-12 16:05:28,950 DEBUG block.DeletedBlockLogImpl (DeletedBlockLogImpl.java:isTransactionFailed(245)) - Got block deletion ACK from datanode, TXIDs=1, success=true
2019-06-12 16:05:28,950 WARN  block.DeletedBlockLogImpl (DeletedBlockLogImpl.java:commitTransactions(205)) - Transaction txId=1 commit by dnId=ffc7b071-00b3-4a69-8de5-2639a1a8d8ac for containerID=#1 failed. Corresponding entry not found.
2019-06-12 16:05:28,950 DEBUG block.DeletedBlockLogImpl (DeletedBlockLogImpl.java:isTransactionFailed(245)) - Got block deletion ACK from datanode, TXIDs=1, success=true
2019-06-12 16:05:28,950 WARN  block.DeletedBlockLogImpl (DeletedBlockLogImpl.java:commitTransactions(205)) - Transaction txId=1 commit by dnId=ffc7b071-00b3-4a69-8de5-2639a1a8d8ac for containerID=#1 failed. Corresponding entry not found.
2019-06-12 16:05:28,950 DEBUG block.DeletedBlockLogImpl (DeletedBlockLogImpl.java:isTransactionFailed(245)) - Got block deletion ACK from datanode, TXIDs=1, success=true
2019-06-12 16:05:28,950 WARN  block.DeletedBlockLogImpl (DeletedBlockLogImpl.java:commitTransactions(205)) - Transaction txId=1 commit by dnId=ffc7b071-00b3-4a69-8de5-2639a1a8d8ac for containerID=#1 failed. Corresponding entry not found.
2019-06-12 16:05:28,950 WARN  block.DeletedBlockLogImpl (DeletedBlockLogImpl.java:incrementCount(141)) - Deleted TXID not found.
2019-06-12 16:05:28,950 WARN  block.DeletedBlockLogImpl (DeletedBlockLogImpl.java:incrementCount(141)) - Deleted TXID not found.
2019-06-12 16:05:28,950 WARN  block.DeletedBlockLogImpl (DeletedBlockLogImpl.java:incrementCount(141)) - Deleted TXID not found.
2019-06-12 16:05:28,951 INFO  commandhandler.DeleteBlocksCommandHandler (DeletedBlockLogImpl.java:isTransactionFailed(245)) - Got block deletion ACK from datanode, TXIDs=1, success=true
2019-06-12 16:05:28,951 INFO  commandhandler.DeleteBlocksCommandHandler (DeleteBlocksCommandHandler.java:handle(106)) - Start to delete container blocks, TXIDs=[1(0),2(0),3(0)], numOfContainers=3, numOfBlocks=553
2019-06-12 16:05:28,951 WARN  block.DeletedBlockLogImpl (DeletedBlockLogImpl.java:commitTransactions(205)) - Transaction txId=1 commit by dnId=ffc7b071-00b3-4a69-8de5-2639a1a8d8ac for containerID=#1 failed. Corresponding entry not found.
2019-06-12 16:05:28,951 DEBUG block.DeletedBlockLogImpl (DeletedBlockLogImpl.java:isTransactionFailed(245)) - Got block deletion ACK from datanode, TXIDs=1, success=true
2019-06-12 16:05:28,951 WARN  block.DeletedBlockLogImpl (DeletedBlockLogImpl.java:commitTransactions(205)) - Transaction txId=1 commit by dnId=ffc7b071-00b3-4a69-8de5-2639a1a8d8ac for containerID=#1 failed. Corresponding entry not found.
2019-06-12 16:05:28,951 DEBUG block.DeletedBlockLogImpl (DeletedBlockLogImpl.java:isTransactionFailed(245)) - Got block deletion ACK from datanode, TXIDs=1, success=true
2019-06-12 16:05:28,951 WARN  block.DeletedBlockLogImpl (DeletedBlockLogImpl.java:commitTransactions(205)) - Transaction txId=1 commit by dnId=ffc7b071-00b3-4a69-8de5-2639a1a8d8ac for containerID=#1 failed. Corresponding entry not found.
2019-06-12 16:05:28,951 DEBUG block.DeletedBlockLogImpl (DeletedBlockLogImpl.java:isTransactionFailed(245)) - Got block deletion ACK from datanode, TXIDs=1, success=true
2019-06-12 16:05:28,951 WARN  block.DeletedBlockLogImpl (DeletedBlockLogImpl.java:commitTransactions(205)) - Transaction txId=1 commit by dnId=ffc7b071-00b3-4a69-8de5-2639a1a8d8ac for containerID=#1 failed. Corresponding entry not found.
2019-06-12 16:05:28,951 DEBUG block.DeletedBlockLogImpl (DeletedBlockLogImpl.java:isTransactionFailed(245)) - Got block deletion ACK from datanode, TXIDs=1, success=true
2019-06-12 16:05:28,951 WARN  block.DeletedBlockLogImpl (DeletedBlockLogImpl.java:commitTransactions(205)) - Transaction txId=1 commit by dnId=ffc7b071-00b3-4a69-8de5-2639a1a8d8ac for containerID=#1 failed. Corresponding entry not found.
2019-06-12 16:05:28,951 DEBUG block.DeletedBlockLogImpl (DeletedBlockLogImpl.java:isTransactionFailed(245)) - Got block deletion ACK from datanode, TXIDs=1, success=true
2019-06-12 16:05:28,951 WARN  block.DeletedBlockLogImpl (DeletedBlockLogImpl.java:commitTransactions(205)) - Transaction txId=1 commit by dnId=ffc7b071-00b3-4a69-8de5-2639a1a8d8ac for containerID=#1 failed. Corresponding entry not found.
2019-06-12 16:05:28,951 DEBUG block.DeletedBlockLogImpl (DeletedBlockLogImpl.java:isTransactionFailed(245)) - Got block deletion ACK from datanode, TXIDs=1, success=true
2019-06-12 16:05:28,951 WARN  block.DeletedBlockLogImpl (DeletedBlockLogImpl.java:commitTransactions(205)) - Transaction txId=1 commit by dnId=ffc7b071-00b3-4a69-8de5-2639a1a8d8ac for containerID=#1 failed. Corresponding entry not found.
2019-06-12 16:05:28,951 DEBUG block.DeletedBlockLogImpl (DeleteBlocksCommandHandler.java:handle(106)) - Start to delete container blocks, TXIDs=[1(0),2(0),3(0)], numOfContainers=3, numOfBlocks=553
DeletedBlockLogImpl.java:isTransactionFailed(245)) - Got block deletion ACK from datanode, TXIDs=1, success=true
2019-06-12 16:05:28,951 INFO  commandhandler.DeleteBlocksCommandHandler (DeleteBlocksCommandHandler.java:handle(106)) - Start to delete container blocks, TXIDs=[1(0),2(0),3(0)], numOfContainers=3, numOfBlocks=553
2019-06-12 16:05:28,951 WARN  block.DeletedBlockLogImpl (DeletedBlockLogImpl.java:commitTransactions(205)) - Transaction txId=1 commit by dnId=ffc7b071-00b3-4a69-8de5-2639a1a8d8ac for containerID=#1 failed. Corresponding entry not found.
2019-06-12 16:05:28,952 DEBUG block.DeletedBlockLogImpl (DeletedBlockLogImpl.java:isTransactionFailed(245)) - Got block deletion ACK from datanode, TXIDs=1, success=true
2019-06-12 16:05:28,952 WARN  block.DeletedBlockLogImpl (DeletedBlockLogImpl.java:commitTransactions(205)) - Transaction txId=1 commit by dnId=ffc7b071-00b3-4a69-8de5-2639a1a8d8ac for containerID=#1 failed. Corresponding entry not found.
2019-06-12 16:05:28,952 DEBUG block.DeletedBlockLogImpl (DeletedBlockLogImpl.java:isTransactionFailed(245)) - Got block deletion ACK from datanode, TXIDs=1, success=true
2019-06-12 16:05:28,952 WARN  block.DeletedBlockLogImpl (DeletedBlockLogImpl.java:commitTransactions(205)) - Transaction txId=1 commit by dnId=ffc7b071-00b3-4a69-8de5-2639a1a8d8ac for containerID=#1 failed. Corresponding entry not found.
2019-06-12 16:05:28,952 DEBUG block.DeletedBlockLogImpl (DeletedBlockLogImpl.java:isTransactionFailed(245)) - Got block deletion ACK from datanode, TXIDs=1, success=true
2019-06-12 16:05:28,952 WARN  block.DeletedBlockLogImpl (DeletedBlockLogImpl.java:commitTransactions(205)) - Transaction txId=1 commit by dnId=ffc7b071-00b3-4a69-8de5-2639a1a8d8ac for containerID=#1 failed. Corresponding entry not found.
2019-06-12 16:05:28,952 DEBUG block.DeletedBlockLogImpl (DeletedBlockLogImpl.java:isTransactionFailed(245)) - Got block deletion ACK from datanode, TXIDs=1, success=true
2019-06-12 16:05:28,952 WARN  block.DeletedBlockLogImpl (DeletedBlockLogImpl.java:commitTransactions(205)) - Transaction txId=1 commit by dnId=ffc7b071-00b3-4a69-8de5-2639a1a8d8ac for containerID=#1 failed. Corresponding entry not found.
2019-06-12 16:05:28,952 DEBUG block.DeletedBlockLogImpl (DeletedBlockLogImpl.java:isTransactionFailed(245)) - Got block deletion ACK from datanode, TXIDs=1, success=true
2019-06-12 16:05:28,952 WARN  block.DeletedBlockLogImpl (DeletedBlockLogImpl.java:commitTransactions(205)) - Transaction txId=1 commit by dnId=ffc7b071-00b3-4a69-8de5-2639a1a8d8ac for containerID=#1 failed. Corresponding entry not found.
2019-06-12 16:05:28,952 DEBUG block.DeletedBlockLogImpl (DeletedBlockLogImpl.java:isTransactionFailed(245)) - Got block deletion ACK from datanode, TXIDs=1, success=true
2019-06-12 16:05:28,952 INFO  commandhandler.DeleteBlocksCommandHandler (DeletedBlockLogImpl.java:commitTransactions(205)) - Transaction txId=1 commit by dnId=ffc7b071-00b3-4a69-8de5-2639a1a8d8ac for containerID=#1 failed. Corresponding entry not found.
2019-06-12 16:05:28,952 DEBUG block.DeletedBlockLogImpl (DeleteBlocksCommandHandler.java:handle(106)) - Start to delete container blocks, TXIDs=[1(0),2(0),3(0)], numOfContainers=3, numOfBlocks=553
DeletedBlockLogImpl.java:isTransactionFailed(245)) - Got block deletion ACK from datanode, TXIDs=1, success=true
2019-06-12 16:05:28,952 INFO  commandhandler.DeleteBlocksCommandHandler (DeleteBlocksCommandHandler.java:handle(106)) - Start to delete container blocks, TXIDs=[1(0),2(0),3(0)], numOfContainers=3, numOfBlocks=553
2019-06-12 16:05:28,952 WARN  block.DeletedBlockLogImpl (DeletedBlockLogImpl.java:commitTransactions(205)) - Transaction txId=1 commit by dnId=ffc7b071-00b3-4a69-8de5-2639a1a8d8ac for containerID=#1 failed. Corresponding entry not found.
2019-06-12 16:05:28,952 DEBUG block.DeletedBlockLogImpl (DeletedBlockLogImpl.java:isTransactionFailed(245)) - Got block deletion ACK from datanode, TXIDs=1, success=true
2019-06-12 16:05:28,952 WARN  block.DeletedBlockLogImpl (DeletedBlockLogImpl.java:commitTransactions(205)) - Transaction txId=1 commit by dnId=ffc7b071-00b3-4a69-8de5-2639a1a8d8ac for containerID=#1 failed. Corresponding entry not found.
2019-06-12 16:05:28,953 DEBUG block.DeletedBlockLogImpl (DeletedBlockLogImpl.java:isTransactionFailed(245)) - Got block deletion ACK from datanode, TXIDs=1, success=true
2019-06-12 16:05:28,953 WARN  block.DeletedBlockLogImpl (DeletedBlockLogImpl.java:commitTransactions(205)) - Transaction txId=1 commit by dnId=ffc7b071-00b3-4a69-8de5-2639a1a8d8ac for containerID=#1 failed. Corresponding entry not found.
2019-06-12 16:05:28,953 DEBUG block.DeletedBlockLogImpl (DeletedBlockLogImpl.java:isTransactionFailed(245)) - Got block deletion ACK from datanode, TXIDs=1, success=true
2019-06-12 16:05:28,953 WARN  block.DeletedBlockLogImpl (DeletedBlockLogImpl.java:commitTransactions(205)) - Transaction txId=1 commit by dnId=ffc7b071-00b3-4a69-8de5-2639a1a8d8ac for containerID=#1 failed. Corresponding entry not found.
2019-06-12 16:05:28,953 DEBUG block.DeletedBlockLogImpl (DeletedBlockLogImpl.java:isTransactionFailed(245)) - Got block deletion ACK from datanode, TXIDs=1, success=true
2019-06-12 16:05:28,953 WARN  block.DeletedBlockLogImpl (DeletedBlockLogImpl.java:commitTransactions(205)) - Transaction txId=1 commit by dnId=ffc7b071-00b3-4a69-8de5-2639a1a8d8ac for containerID=#1 failed. Corresponding entry not found.
2019-06-12 16:05:28,953 DEBUG block.DeletedBlockLogImpl (DeletedBlockLogImpl.java:isTransactionFailed(245)) - Got block deletion ACK from datanode, TXIDs=1, success=true
2019-06-12 16:05:28,953 WARN  block.DeletedBlockLogImpl (DeletedBlockLogImpl.java:commitTransactions(205)) - Transaction txId=1 commit by dnId=ffc7b071-00b3-4a69-8de5-2639a1a8d8ac for containerID=#1 failed. Corresponding entry not found.
2019-06-12 16:05:28,953 DEBUG block.DeletedBlockLogImpl (DeletedBlockLogImpl.java:isTransactionFailed(245)) - Got block deletion ACK from datanode, TXIDs=1, success=true
2019-06-12 16:05:28,953 INFO  commandhandler.DeleteBlocksCommandHandler (DeletedBlockLogImpl.java:commitTransactions(205)) - Transaction txId=1 commit by dnId=ffc7b071-00b3-4a69-8de5-2639a1a8d8ac for containerID=#1 failed. Corresponding entry not found.
2019-06-12 16:05:28,953 INFO  commands.RetriableDatanodeEventWatcher (DeleteBlocksCommandHandler.java:handle(106)) - Start to delete container blocks, TXIDs=[1(0),2(0),3(0)], numOfContainers=3, numOfBlocks=553
DeletedBlockLogImpl.java:isTransactionFailed(245)) - Got block deletion ACK from datanode, TXIDs=1, success=true
2019-06-12 16:05:28,953 INFO  commandhandler.DeleteBlocksCommandHandler (DeleteBlocksCommandHandler.java:handle(106)) - Start to delete container blocks, TXIDs=[1(0),2(0),3(0)], numOfContainers=3, numOfBlocks=553
2019-06-12 16:05:28,953 WARN  block.DeletedBlockLogImpl (RetriableDatanodeEventWatcher.java:onTimeout(47)) - RetriableDatanodeCommand type=deleteBlocksCommand with id=1560355517688 timed out. Retrying.
DeletedBlockLogImpl.java:commitTransactions(205)) - Transaction txId=1 commit by dnId=ffc7b071-00b3-4a69-8de5-2639a1a8d8ac for containerID=#1 failed. Corresponding entry not found.
2019-06-12 16:05:28,953 INFO  commands.RetriableDatanodeEventWatcher (RetriableDatanodeEventWatcher.java:onTimeout(47)) - RetriableDatanodeCommand type=deleteBlocksCommand with id=1560355517688 timed out. Retrying.
2019-06-12 16:05:28,953 DEBUG block.DeletedBlockLogImpl (DeletedBlockLogImpl.java:isTransactionFailed(245)) - Got block deletion ACK from datanode, TXIDs=1, success=true
2019-06-12 16:05:28,953 WARN  block.DeletedBlockLogImpl (DeletedBlockLogImpl.java:commitTransactions(205)) - Transaction txId=1 commit by dnId=ffc7b071-00b3-4a69-8de5-2639a1a8d8ac for containerID=#1 failed. Corresponding entry not found.
2019-06-12 16:05:28,953 DEBUG block.DeletedBlockLogImpl (DeletedBlockLogImpl.java:isTransactionFailed(245)) - Got block deletion ACK from datanode, TXIDs=1, success=true
2019-06-12 16:05:28,953 WARN  block.DeletedBlockLogImpl (DeletedBlockLogImpl.java:commitTransactions(205)) - Transaction txId=1 commit by dnId=ffc7b071-00b3-4a69-8de5-2639a1a8d8ac for containerID=#1 failed. Corresponding entry not found.
2019-06-12 16:05:28,954 DEBUG block.DeletedBlockLogImpl (DeletedBlockLogImpl.java:isTransactionFailed(245)) - Got block deletion ACK from datanode, TXIDs=1, success=true
2019-06-12 16:05:28,954 WARN  block.DeletedBlockLogImpl (DeletedBlockLogImpl.java:commitTransactions(205)) - Transaction txId=1 commit by dnId=ffc7b071-00b3-4a69-8de5-2639a1a8d8ac for containerID=#1 failed. Corresponding entry not found.
2019-06-12 16:05:28,954 DEBUG block.DeletedBlockLogImpl (DeletedBlockLogImpl.java:isTransactionFailed(245)) - Got block deletion ACK from datanode, TXIDs=1, success=true
2019-06-12 16:05:28,954 WARN  block.DeletedBlockLogImpl (DeletedBlockLogImpl.java:commitTransactions(205)) - Transaction txId=1 commit by dnId=ffc7b071-00b3-4a69-8de5-2639a1a8d8ac for containerID=#1 failed. Corresponding entry not found.
2019-06-12 16:05:28,954 DEBUG block.DeletedBlockLogImpl (DeletedBlockLogImpl.java:isTransactionFailed(245)) - Got block deletion ACK from datanode, TXIDs=1, success=true
2019-06-12 16:05:28,954 WARN  block.DeletedBlockLogImpl (DeletedBlockLogImpl.java:commitTransactions(205)) - Transaction txId=1 commit by dnId=ffc7b071-00b3-4a69-8de5-2639a1a8d8ac for containerID=#1 failed. Corresponding entry not found.
2019-06-12 16:05:28,954 DEBUG block.DeletedBlockLogImpl (DeletedBlockLogImpl.java:isTransactionFailed(245)) - Got block deletion ACK from datanode, TXIDs=1, success=true
2019-06-12 16:05:28,954 INFO  commandhandler.DeleteBlocksCommandHandler (DeletedBlockLogImpl.java:commitTransactions(205)) - Transaction txId=1 commit by dnId=ffc7b071-00b3-4a69-8de5-2639a1a8d8ac for containerID=#1 failed. Corresponding entry not found.
2019-06-12 16:05:28,954 INFO  commandhandler.DeleteBlocksCommandHandler (DeleteBlocksCommandHandler.java:handle(106)) - Start to delete container blocks, TXIDs=[1(0),2(0),3(0)], numOfContainers=3, numOfBlocks=553
2019-06-12 16:05:28,955 INFO  commandhandler.DeleteBlocksCommandHandler (DeleteBlocksCommandHandler.java:handle(106)) - Start to delete container blocks, TXIDs=[1(0),2(0),3(0)], numOfContainers=3, numOfBlocks=553
2019-06-12 16:05:28,955 INFO  commandhandler.DeleteBlocksCommandHandler (DeleteBlocksCommandHandler.java:handle(106)) - Start to delete container blocks, TXIDs=[1(0),2(0),3(0)], numOfContainers=3, numOfBlocks=553
2019-06-12 16:05:28,956 INFO  commandhandler.DeleteBlocksCommandHandler (DeleteBlocksCommandHandler.java:handle(106)) - Start to delete container blocks, TXIDs=[1(0),2(0),3(0)], numOfContainers=3, numOfBlocks=553
2019-06-12 16:05:28,957 INFO  commandhandler.DeleteBlocksCommandHandler (DeleteBlocksCommandHandler.java:handle(106)) - Start to delete container blocks, TXIDs=[1(522),2(522),3(522)], numOfContainers=3, numOfBlocks=553
2019-06-12 16:05:28,957 INFO  commandhandler.DeleteBlocksCommandHandler (DeleteBlocksCommandHandler.java:handle(106)) - Start to delete container blocks, TXIDs=[1(0),2(0),3(0)], numOfContainers=3, numOfBlocks=553
2019-06-12 16:05:28,958 INFO  commandhandler.DeleteBlocksCommandHandler (DeleteBlocksCommandHandler.java:handle(106)) - Start to delete container blocks, TXIDs=[1(0),2(0),3(0)], numOfContainers=3, numOfBlocks=553
2019-06-12 16:05:28,958 INFO  commandhandler.DeleteBlocksCommandHandler (DeleteBlocksCommandHandler.java:handle(106)) - Start to delete container blocks, TXIDs=[1(0),2(0),3(0)], numOfContainers=3, numOfBlocks=553
2019-06-12 16:05:28,959 INFO  commandhandler.DeleteBlocksCommandHandler (DeleteBlocksCommandHandler.java:handle(106)) - Start to delete container blocks, TXIDs=[1(0),2(0),3(0)], numOfContainers=3, numOfBlocks=553
2019-06-12 16:05:28,959 INFO  commandhandler.DeleteBlocksCommandHandler (DeleteBlocksCommandHandler.java:handle(106)) - Start to delete container blocks, TXIDs=[1(0),2(0),3(0)], numOfContainers=3, numOfBlocks=553
2019-06-12 16:05:28,960 INFO  commandhandler.DeleteBlocksCommandHandler (DeleteBlocksCommandHandler.java:handle(106)) - Start to delete container blocks, TXIDs=[1(0),2(0),3(0)], numOfContainers=3, numOfBlocks=553
2019-06-12 16:05:28,961 INFO  commandhandler.DeleteBlocksCommandHandler (DeleteBlocksCommandHandler.java:handle(106)) - Start to delete container blocks, TXIDs=[1(0),2(0),3(0)], numOfContainers=3, numOfBlocks=553
2019-06-12 16:05:28,961 INFO  commandhandler.DeleteBlocksCommandHandler (DeleteBlocksCommandHandler.java:handle(106)) - Start to delete container blocks, TXIDs=[1(0),2(0),3(0)], numOfContainers=3, numOfBlocks=553
2019-06-12 16:05:28,962 INFO  commandhandler.DeleteBlocksCommandHandler (DeleteBlocksCommandHandler.java:handle(106)) - Start to delete container blocks, TXIDs=[1(0),2(0),3(0)], numOfContainers=3, numOfBlocks=553
2019-06-12 16:05:28,962 INFO  commandhandler.DeleteBlocksCommandHandler (DeleteBlocksCommandHandler.java:handle(106)) - Start to delete container blocks, TXIDs=[1(0),2(0),3(0)], numOfContainers=3, numOfBlocks=553
2019-06-12 16:05:28,963 INFO  commandhandler.DeleteBlocksCommandHandler (DeleteBlocksCommandHandler.java:handle(106)) - Start to delete container blocks, TXIDs=[1(522),2(522),3(522)], numOfContainers=3, numOfBlocks=553
2019-06-12 16:05:28,963 INFO  commandhandler.DeleteBlocksCommandHandler (DeleteBlocksCommandHandler.java:handle(106)) - Start to delete container blocks, TXIDs=[1(0),2(0),3(0)], numOfContainers=3, numOfBlocks=553
2019-06-12 16:05:28,964 INFO  commandhandler.DeleteBlocksCommandHandler (DeleteBlocksCommandHandler.java:handle(106)) - Start to delete container blocks, TXIDs=[1(0),2(0),3(0)], numOfContainers=3, numOfBlocks=553
2019-06-12 16:05:28,964 INFO  commandhandler.DeleteBlocksCommandHandler (DeleteBlocksCommandHandler.java:handle(106)) - Start to delete container blocks, TXIDs=[1(0),2(0),3(0)], numOfContainers=3, numOfBlocks=553
2019-06-12 16:05:28,965 INFO  commandhandler.DeleteBlocksCommandHandler (DeleteBlocksCommandHandler.java:handle(106)) - Start to delete container blocks, TXIDs=[1(0),2(0),3(0)], numOfContainers=3, numOfBlocks=553
2019-06-12 16:05:28,965 INFO  commandhandler.DeleteBlocksCommandHandler (DeleteBlocksCommandHandler.java:handle(106)) - Start to delete container blocks, TXIDs=[1(0),2(0),3(0)], numOfContainers=3, numOfBlocks=553
2019-06-12 16:05:28,966 INFO  commandhandler.DeleteBlocksCommandHandler (DeleteBlocksCommandHandler.java:handle(106)) - Start to delete container blocks, TXIDs=[1(0),2(0),3(0)], numOfContainers=3, numOfBlocks=553
2019-06-12 16:05:28,967 INFO  commandhandler.DeleteBlocksCommandHandler (DeleteBlocksCommandHandler.java:handle(106)) - Start to delete container blocks, TXIDs=[1(0),2(0),3(0)], numOfContainers=3, numOfBlocks=553
2019-06-12 16:05:28,967 INFO  commandhandler.DeleteBlocksCommandHandler (DeleteBlocksCommandHandler.java:handle(106)) - Start to delete container blocks, TXIDs=[1(0),2(0),3(0)], numOfContainers=3, numOfBlocks=553
2019-06-12 16:05:28,968 INFO  commandhandler.DeleteBlocksCommandHandler (DeleteBlocksCommandHandler.java:handle(106)) - Start to delete container blocks, TXIDs=[1(0),2(0),3(0)], numOfContainers=3, numOfBlocks=553
2019-06-12 16:05:28,968 INFO  commandhandler.DeleteBlocksCommandHandler (DeleteBlocksCommandHandler.java:handle(106)) - Start to delete container blocks, TXIDs=[1(0),2(0),3(0)], numOfContainers=3, numOfBlocks=553
2019-06-12 16:05:28,969 INFO  commandhandler.DeleteBlocksCommandHandler (DeleteBlocksCommandHandler.java:handle(106)) - Start to delete container blocks, TXIDs=[1(522),2(522),3(522)], numOfContainers=3, numOfBlocks=553
2019-06-12 16:05:28,969 INFO  commandhandler.DeleteBlocksCommandHandler (DeleteBlocksCommandHandler.java:handle(106)) - Start to delete container blocks, TXIDs=[1(0),2(0),3(0)], numOfContainers=3, numOfBlocks=553
2019-06-12 16:05:28,970 INFO  commandhandler.DeleteBlocksCommandHandler (DeleteBlocksCommandHandler.java:handle(106)) - Start to delete container blocks, TXIDs=[1(0),2(0),3(0)], numOfContainers=3, numOfBlocks=553
2019-06-12 16:05:28,971 INFO  commandhandler.DeleteBlocksCommandHandler (DeleteBlocksCommandHandler.java:handle(106)) - Start to delete container blocks, TXIDs=[1(0),2(0),3(0)], numOfContainers=3, numOfBlocks=553
2019-06-12 16:05:28,971 INFO  commandhandler.DeleteBlocksCommandHandler (DeleteBlocksCommandHandler.java:handle(106)) - Start to delete container blocks, TXIDs=[1(0),2(0),3(0)], numOfContainers=3, numOfBlocks=553
2019-06-12 16:05:28,972 INFO  commandhandler.DeleteBlocksCommandHandler (DeleteBlocksCommandHandler.java:handle(106)) - Start to delete container blocks, TXIDs=[1(0),2(0),3(0)], numOfContainers=3, numOfBlocks=553
2019-06-12 16:05:28,972 INFO  commandhandler.DeleteBlocksCommandHandler (DeleteBlocksCommandHandler.java:handle(106)) - Start to delete container blocks, TXIDs=[1(0),2(0),3(0)], numOfContainers=3, numOfBlocks=553
2019-06-12 16:05:28,973 INFO  commandhandler.DeleteBlocksCommandHandler (DeleteBlocksCommandHandler.java:handle(106)) - Start to delete container blocks, TXIDs=[1(0),2(0),3(0)], numOfContainers=3, numOfBlocks=553
2019-06-12 16:05:28,973 INFO  commandhandler.DeleteBlocksCommandHandler (DeleteBlocksCommandHandler.java:handle(106)) - Start to delete container blocks, TXIDs=[1(0),2(0),3(0)], numOfContainers=3, numOfBlocks=553
2019-06-12 16:05:28,974 INFO  commandhandler.DeleteBlocksCommandHandler (DeleteBlocksCommandHandler.java:handle(106)) - Start to delete container blocks, TXIDs=[1(0),2(0),3(0)], numOfContainers=3, numOfBlocks=553
2019-06-12 16:05:28,974 INFO  commandhandler.DeleteBlocksCommandHandler (DeleteBlocksCommandHandler.java:handle(106)) - Start to delete container blocks, TXIDs=[1(0),2(0),3(0)], numOfContainers=3, numOfBlocks=553
2019-06-12 16:05:28,975 INFO  commandhandler.DeleteBlocksCommandHandler (DeleteBlocksCommandHandler.java:handle(106)) - Start to delete container blocks, TXIDs=[1(584),2(584),3(584)], numOfContainers=3, numOfBlocks=553
2019-06-12 16:05:28,975 INFO  commandhandler.DeleteBlocksCommandHandler (DeleteBlocksCommandHandler.java:handle(106)) - Start to delete container blocks, TXIDs=[1(0),2(0),3(0)], numOfContainers=3, numOfBlocks=553
2019-06-12 16:05:28,976 INFO  commandhandler.DeleteBlocksCommandHandler (DeleteBlocksCommandHandler.java:handle(106)) - Start to delete container blocks, TXIDs=[1(0),2(0),3(0)], numOfContainers=3, numOfBlocks=553
2019-06-12 16:05:28,976 INFO  commandhandler.DeleteBlocksCommandHandler (DeleteBlocksCommandHandler.java:handle(106)) - Start to delete container blocks, TXIDs=[1(0),2(0),3(0)], numOfContainers=3, numOfBlocks=553
2019-06-12 16:05:28,977 INFO  commandhandler.DeleteBlocksCommandHandler (DeleteBlocksCommandHandler.java:handle(106)) - Start to delete container blocks, TXIDs=[1(0),2(0),3(0)], numOfContainers=3, numOfBlocks=553
2019-06-12 16:05:28,978 INFO  commandhandler.DeleteBlocksCommandHandler (DeleteBlocksCommandHandler.java:handle(106)) - Start to delete container blocks, TXIDs=[1(0),2(0),3(0)], numOfContainers=3, numOfBlocks=553
2019-06-12 16:05:28,978 INFO  commandhandler.DeleteBlocksCommandHandler (DeleteBlocksCommandHandler.java:handle(106)) - Start to delete container blocks, TXIDs=[1(0),2(0),3(0)], numOfContainers=3, numOfBlocks=553
2019-06-12 16:05:28,979 INFO  commandhandler.DeleteBlocksCommandHandler (DeleteBlocksCommandHandler.java:handle(106)) - Start to delete container blocks, TXIDs=[1(0),2(0),3(0)], numOfContainers=3, numOfBlocks=553
2019-06-12 16:05:28,979 INFO  commandhandler.DeleteBlocksCommandHandler (DeleteBlocksCommandHandler.java:handle(106)) - Start to delete container blocks, TXIDs=[1(0),2(0),3(0)], numOfContainers=3, numOfBlocks=553
2019-06-12 16:05:28,979 INFO  commands.RetriableDatanodeEventWatcher (RetriableDatanodeEventWatcher.java:onTimeout(47)) - RetriableDatanodeCommand type=deleteBlocksCommand with id=1560355517698 timed out. Retrying.
2019-06-12 16:05:28,980 INFO  commandhandler.DeleteBlocksCommandHandler (DeleteBlocksCommandHandler.java:handle(106)) - Start to delete container blocks, TXIDs=[1(0),2(0),3(0)], numOfContainers=3, numOfBlocks=553
2019-06-12 16:05:28,980 INFO  commandhandler.DeleteBlocksCommandHandler (DeleteBlocksCommandHandler.java:handle(106)) - Start to delete container blocks, TXIDs=[1(0),2(0),3(0)], numOfContainers=3, numOfBlocks=553
2019-06-12 16:05:28,981 INFO  commandhandler.DeleteBlocksCommandHandler (DeleteBlocksCommandHandler.java:handle(106)) - Start to delete container blocks, TXIDs=[1(589),2(589),3(589)], numOfContainers=3, numOfBlocks=553
2019-06-12 16:05:28,981 INFO  commandhandler.DeleteBlocksCommandHandler (DeleteBlocksCommandHandler.java:handle(106)) - Start to delete container blocks, TXIDs=[1(0),2(0),3(0)], numOfContainers=3, numOfBlocks=553
2019-06-12 16:05:28,982 INFO  commandhandler.DeleteBlocksCommandHandler (DeleteBlocksCommandHandler.java:handle(106)) - Start to delete container blocks, TXIDs=[1(0),2(0),3(0)], numOfContainers=3, numOfBlocks=553
2019-06-12 16:05:28,983 INFO  commandhandler.DeleteBlocksCommandHandler (DeleteBlocksCommandHandler.java:handle(106)) - Start to delete container blocks, TXIDs=[1(0),2(0),3(0)], numOfContainers=3, numOfBlocks=553
2019-06-12 16:05:28,983 INFO  commandhandler.DeleteBlocksCommandHandler (DeleteBlocksCommandHandler.java:handle(106)) - Start to delete container blocks, TXIDs=[1(0),2(0),3(0)], numOfContainers=3, numOfBlocks=553
2019-06-12 16:05:28,984 INFO  commandhandler.DeleteBlocksCommandHandler (DeleteBlocksCommandHandler.java:handle(106)) - Start to delete container blocks, TXIDs=[1(0),2(0),3(0)], numOfContainers=3, numOfBlocks=553
2019-06-12 16:05:28,984 INFO  commandhandler.DeleteBlocksCommandHandler (DeleteBlocksCommandHandler.java:handle(106)) - Start to delete container blocks, TXIDs=[1(0),2(0),3(0)], numOfContainers=3, numOfBlocks=553
2019-06-12 16:05:28,985 INFO  commandhandler.DeleteBlocksCommandHandler (DeleteBlocksCommandHandler.java:handle(106)) - Start to delete container blocks, TXIDs=[1(0),2(0),3(0)], numOfContainers=3, numOfBlocks=553
2019-06-12 16:05:28,985 INFO  commandhandler.DeleteBlocksCommandHandler (DeleteBlocksCommandHandler.java:handle(106)) - Start to delete container blocks, TXIDs=[1(0),2(0),3(0)], numOfContainers=3, numOfBlocks=553
2019-06-12 16:05:28,986 INFO  commandhandler.DeleteBlocksCommandHandler (DeleteBlocksCommandHandler.java:handle(106)) - Start to delete container blocks, TXIDs=[1(0),2(0),3(0)], numOfContainers=3, numOfBlocks=553
2019-06-12 16:05:28,986 INFO  commandhandler.DeleteBlocksCommandHandler (DeleteBlocksCommandHandler.java:handle(106)) - Start to delete container blocks, TXIDs=[1(0),2(0),3(0)], numOfContainers=3, numOfBlocks=553
2019-06-12 16:05:28,987 INFO  commandhandler.DeleteBlocksCommandHandler (DeleteBlocksCommandHandler.java:handle(106)) - Start to delete container blocks, TXIDs=[1(607),2(607),3(607)], numOfContainers=3, numOfBlocks=553
2019-06-12 16:05:28,987 INFO  commandhandler.DeleteBlocksCommandHandler (DeleteBlocksCommandHandler.java:handle(106)) - Start to delete container blocks, TXIDs=[1(0),2(0),3(0)], numOfContainers=3, numOfBlocks=553
2019-06-12 16:05:28,988 INFO  commandhandler.DeleteBlocksCommandHandler (DeleteBlocksCommandHandler.java:handle(106)) - Start to delete container blocks, TXIDs=[1(0),2(0),3(0)], numOfContainers=3, numOfBlocks=553
2019-06-12 16:05:28,989 INFO  commandhandler.DeleteBlocksCommandHandler (DeleteBlocksCommandHandler.java:handle(106)) - Start to delete container blocks, TXIDs=[1(0),2(0),3(0)], numOfContainers=3, numOfBlocks=553
2019-06-12 16:05:28,989 INFO  commandhandler.DeleteBlocksCommandHandler (DeleteBlocksCommandHandler.java:handle(106)) - Start to delete container blocks, TXIDs=[1(0),2(0),3(0)], numOfContainers=3, numOfBlocks=553
2019-06-12 16:05:28,990 INFO  commandhandler.DeleteBlocksCommandHandler (DeleteBlocksCommandHandler.java:handle(106)) - Start to delete container blocks, TXIDs=[1(0),2(0),3(0)], numOfContainers=3, numOfBlocks=553
2019-06-12 16:05:28,990 INFO  commandhandler.DeleteBlocksCommandHandler (DeleteBlocksCommandHandler.java:handle(106)) - Start to delete container blocks, TXIDs=[1(0),2(0),3(0)], numOfContainers=3, numOfBlocks=553
2019-06-12 16:05:28,991 INFO  commandhandler.DeleteBlocksCommandHandler (DeleteBlocksCommandHandler.java:handle(106)) - Start to delete container blocks, TXIDs=[1(0),2(0),3(0)], numOfContainers=3, numOfBlocks=553
2019-06-12 16:05:28,991 INFO  commandhandler.DeleteBlocksCommandHandler (DeleteBlocksCommandHandler.java:handle(106)) - Start to delete container blocks, TXIDs=[1(0),2(0),3(0)], numOfContainers=3, numOfBlocks=553
2019-06-12 16:05:28,992 INFO  commandhandler.DeleteBlocksCommandHandler (DeleteBlocksCommandHandler.java:handle(106)) - Start to delete container blocks, TXIDs=[1(0),2(0),3(0)], numOfContainers=3, numOfBlocks=553
2019-06-12 16:05:28,992 INFO  commandhandler.DeleteBlocksCommandHandler (DeleteBlocksCommandHandler.java:handle(106)) - Start to delete container blocks, TXIDs=[1(0),2(0),3(0)], numOfContainers=3, numOfBlocks=553
2019-06-12 16:05:28,993 INFO  commandhandler.DeleteBlocksCommandHandler (DeleteBlocksCommandHandler.java:handle(106)) - Start to delete container blocks, TXIDs=[1(607),2(607),3(607)], numOfContainers=3, numOfBlocks=553
2019-06-12 16:05:28,994 INFO  commandhandler.DeleteBlocksCommandHandler (DeleteBlocksCommandHandler.java:handle(106)) - Start to delete container blocks, TXIDs=[1(0),2(0),3(0)], numOfContainers=3, numOfBlocks=553
2019-06-12 16:05:28,994 INFO  commandhandler.DeleteBlocksCommandHandler (DeleteBlocksCommandHandler.java:handle(106)) - Start to delete container blocks, TXIDs=[1(0),2(0),3(0)], numOfContainers=3, numOfBlocks=553
2019-06-12 16:05:28,995 INFO  commandhandler.DeleteBlocksCommandHandler (DeleteBlocksCommandHandler.java:handle(106)) - Start to delete container blocks, TXIDs=[1(0),2(0),3(0)], numOfContainers=3, numOfBlocks=553
2019-06-12 16:05:28,995 INFO  commandhandler.DeleteBlocksCommandHandler (DeleteBlocksCommandHandler.java:handle(106)) - Start to delete container blocks, TXIDs=[1(0),2(0),3(0)], numOfContainers=3, numOfBlocks=553
2019-06-12 16:05:28,996 INFO  commandhandler.DeleteBlocksCommandHandler (DeleteBlocksCommandHandler.java:handle(106)) - Start to delete container blocks, TXIDs=[1(0),2(0),3(0)], numOfContainers=3, numOfBlocks=553
2019-06-12 16:05:28,997 INFO  commandhandler.DeleteBlocksCommandHandler (DeleteBlocksCommandHandler.java:handle(106)) - Start to delete container blocks, TXIDs=[1(0),2(0),3(0)], numOfContainers=3, numOfBlocks=553
2019-06-12 16:05:28,997 INFO  commandhandler.DeleteBlocksCommandHandler (DeleteBlocksCommandHandler.java:handle(106)) - Start to delete container blocks, TXIDs=[1(0),2(0),3(0)], numOfContainers=3, numOfBlocks=553
2019-06-12 16:05:28,998 INFO  commandhandler.DeleteBlocksCommandHandler (DeleteBlocksCommandHandler.java:handle(106)) - Start to delete container blocks, TXIDs=[1(0),2(0),3(0)], numOfContainers=3, numOfBlocks=553
2019-06-12 16:05:28,998 INFO  commandhandler.DeleteBlocksCommandHandler (DeleteBlocksCommandHandler.java:handle(106)) - Start to delete container blocks, TXIDs=[1(10),2(10),3(10)], numOfContainers=3, numOfBlocks=553
2019-06-12 16:05:28,999 INFO  commandhandler.DeleteBlocksCommandHandler (DeleteBlocksCommandHandler.java:handle(106)) - Start to delete container blocks, TXIDs=[1(0),2(0),3(0)], numOfContainers=3, numOfBlocks=553
2019-06-12 16:05:28,999 DEBUG block.SCMBlockDeletingService (SCMBlockDeletingService.java:call(138)) - Running DeletedBlockTransactionScanner
SCMBlockDeletingService.java:call(155)) - Scanned deleted blocks log and got 0 delTX to process.
2019-06-12 16:05:29,000 INFO  commandhandler.DeleteBlocksCommandHandler (DeleteBlocksCommandHandler.java:handle(106)) - Start to delete container blocks, TXIDs=[1(628),2(628),3(628)], numOfContainers=3, numOfBlocks=553
2019-06-12 16:05:29,000 INFO  commandhandler.DeleteBlocksCommandHandler (DeleteBlocksCommandHandler.java:handle(106)) - Start to delete container blocks, TXIDs=[1(0),2(0),3(0)], numOfContainers=3, numOfBlocks=553
2019-06-12 16:05:29,001 INFO  commandhandler.DeleteBlocksCommandHandler (DeleteBlocksCommandHandler.java:handle(106)) - Start to delete container blocks, TXIDs=[1(0),2(0),3(0)], numOfContainers=3, numOfBlocks=553
2019-06-12 16:05:29,001 INFO  commandhandler.DeleteBlocksCommandHandler (DeleteBlocksCommandHandler.java:handle(106)) - Start to delete container blocks, TXIDs=[1(0),2(0),3(0)], numOfContainers=3, numOfBlocks=553
2019-06-12 16:05:29,002 INFO  commandhandler.DeleteBlocksCommandHandler (DeleteBlocksCommandHandler.java:handle(106)) - Start to delete container blocks, TXIDs=[1(0),2(0),3(0)], numOfContainers=3, numOfBlocks=553
2019-06-12 16:05:29,003 INFO  commandhandler.DeleteBlocksCommandHandler (DeleteBlocksCommandHandler.java:handle(106)) - Start to delete container blocks, TXIDs=[1(0),2(0),3(0)], numOfContainers=3, numOfBlocks=553
2019-06-12 16:05:29,003 INFO  commandhandler.DeleteBlocksCommandHandler (DeleteBlocksCommandHandler.java:handle(106)) - Start to delete container blocks, TXIDs=[1(0),2(0),3(0)], numOfContainers=3, numOfBlocks=553
2019-06-12 16:05:29,004 INFO  commandhandler.DeleteBlocksCommandHandler (DeleteBlocksCommandHandler.java:handle(106)) - Start to delete container blocks, TXIDs=[1(0),2(0),3(0)], numOfContainers=3, numOfBlocks=553
2019-06-12 16:05:29,005 INFO  commandhandler.DeleteBlocksCommandHandler (DeleteBlocksCommandHandler.java:handle(106)) - Start to delete container blocks, TXIDs=[1(0),2(0),3(0)], numOfContainers=3, numOfBlocks=553
2019-06-12 16:05:29,005 INFO  commandhandler.DeleteBlocksCommandHandler (DeleteBlocksCommandHandler.java:handle(106)) - Start to delete container blocks, TXIDs=[1(522),2(522),3(522)], numOfContainers=3, numOfBlocks=553
2019-06-12 16:05:29,006 INFO  commandhandler.DeleteBlocksCommandHandler (DeleteBlocksCommandHandler.java:handle(106)) - Start to delete container blocks, TXIDs=[1(0),2(0),3(0)], numOfContainers=3, numOfBlocks=553
2019-06-12 16:05:29,007 INFO  commandhandler.DeleteBlocksCommandHandler (DeleteBlocksCommandHandler.java:handle(106)) - Start to delete container blocks, TXIDs=[1(628),2(628),3(628)], numOfContainers=3, numOfBlocks=553
2019-06-12 16:05:29,008 INFO  commandhandler.DeleteBlocksCommandHandler (DeleteBlocksCommandHandler.java:handle(106)) - Start to delete container blocks, TXIDs=[1(0),2(0),3(0)], numOfContainers=3, numOfBlocks=553
2019-06-12 16:05:29,008 INFO  commandhandler.DeleteBlocksCommandHandler (DeleteBlocksCommandHandler.java:handle(106)) - Start to delete container blocks, TXIDs=[1(0),2(0),3(0)], numOfContainers=3, numOfBlocks=553
2019-06-12 16:05:29,009 INFO  commandhandler.DeleteBlocksCommandHandler (DeleteBlocksCommandHandler.java:handle(106)) - Start to delete container blocks, TXIDs=[1(0),2(0),3(0)], numOfContainers=3, numOfBlocks=553
2019-06-12 16:05:29,010 INFO  commandhandler.DeleteBlocksCommandHandler (DeleteBlocksCommandHandler.java:handle(106)) - Start to delete container blocks, TXIDs=[1(0),2(0),3(0)], numOfContainers=3, numOfBlocks=553
2019-06-12 16:05:29,010 INFO  commandhandler.DeleteBlocksCommandHandler (DeleteBlocksCommandHandler.java:handle(106)) - Start to delete container blocks, TXIDs=[1(0),2(0),3(0)], numOfContainers=3, numOfBlocks=553
2019-06-12 16:05:29,011 INFO  commandhandler.DeleteBlocksCommandHandler (DeleteBlocksCommandHandler.java:handle(106)) - Start to delete container blocks, TXIDs=[1(0),2(0),3(0)], numOfContainers=3, numOfBlocks=553
2019-06-12 16:05:29,012 INFO  commandhandler.DeleteBlocksCommandHandler (DeleteBlocksCommandHandler.java:handle(106)) - Start to delete container blocks, TXIDs=[1(0),2(0),3(0)], numOfContainers=3, numOfBlocks=553
2019-06-12 16:05:29,013 INFO  commandhandler.DeleteBlocksCommandHandler (DeleteBlocksCommandHandler.java:handle(106)) - Start to delete container blocks, TXIDs=[1(0),2(0),3(0)], numOfContainers=3, numOfBlocks=553
2019-06-12 16:05:29,014 INFO  commandhandler.DeleteBlocksCommandHandler (DeleteBlocksCommandHandler.java:handle(106)) - Start to delete container blocks, TXIDs=[1(522),2(522),3(522)], numOfContainers=3, numOfBlocks=553
2019-06-12 16:05:29,014 INFO  commandhandler.DeleteBlocksCommandHandler (DeleteBlocksCommandHandler.java:handle(106)) - Start to delete container blocks, TXIDs=[1(0),2(0),3(0)], numOfContainers=3, numOfBlocks=553
2019-06-12 16:05:29,015 INFO  commandhandler.DeleteBlocksCommandHandler (DeleteBlocksCommandHandler.java:handle(106)) - Start to delete container blocks, TXIDs=[1(0),2(0),3(0)], numOfContainers=3, numOfBlocks=553
2019-06-12 16:05:29,015 INFO  commandhandler.DeleteBlocksCommandHandler (DeleteBlocksCommandHandler.java:handle(106)) - Start to delete container blocks, TXIDs=[1(0),2(0),3(0)], numOfContainers=3, numOfBlocks=553
2019-06-12 16:05:29,016 INFO  commandhandler.DeleteBlocksCommandHandler (DeleteBlocksCommandHandler.java:handle(106)) - Start to delete container blocks, TXIDs=[1(0),2(0),3(0)], numOfContainers=3, numOfBlocks=553
2019-06-12 16:05:29,017 INFO  commandhandler.DeleteBlocksCommandHandler (DeleteBlocksCommandHandler.java:handle(106)) - Start to delete container blocks, TXIDs=[1(0),2(0),3(0)], numOfContainers=3, numOfBlocks=553
2019-06-12 16:05:29,017 INFO  commandhandler.DeleteBlocksCommandHandler (DeleteBlocksCommandHandler.java:handle(106)) - Start to delete container blocks, TXIDs=[1(0),2(0),3(0)], numOfContainers=3, numOfBlocks=553
2019-06-12 16:05:29,018 INFO  commandhandler.DeleteBlocksCommandHandler (DeleteBlocksCommandHandler.java:handle(106)) - Start to delete container blocks, TXIDs=[1(0),2(0),3(0)], numOfContainers=3, numOfBlocks=553
2019-06-12 16:05:29,018 INFO  commandhandler.DeleteBlocksCommandHandler (DeleteBlocksCommandHandler.java:handle(106)) - Start to delete container blocks, TXIDs=[1(0),2(0),3(0)], numOfContainers=3, numOfBlocks=553
2019-06-12 16:05:29,019 INFO  commandhandler.DeleteBlocksCommandHandler (DeleteBlocksCommandHandler.java:handle(106)) - Start to delete container blocks, TXIDs=[1(0),2(0),3(0)], numOfContainers=3, numOfBlocks=553
2019-06-12 16:05:29,020 INFO  commandhandler.DeleteBlocksCommandHandler (DeleteBlocksCommandHandler.java:handle(106)) - Start to delete container blocks, TXIDs=[1(522),2(522),3(522)], numOfContainers=3, numOfBlocks=553
2019-06-12 16:05:29,020 INFO  commandhandler.DeleteBlocksCommandHandler (DeleteBlocksCommandHandler.java:handle(106)) - Start to delete container blocks, TXIDs=[1(0),2(0),3(0)], numOfContainers=3, numOfBlocks=553
2019-06-12 16:05:29,021 INFO  commandhandler.DeleteBlocksCommandHandler (DeleteBlocksCommandHandler.java:handle(106)) - Start to delete container blocks, TXIDs=[1(0),2(0),3(0)], numOfContainers=3, numOfBlocks=553
2019-06-12 16:05:29,021 INFO  commandhandler.DeleteBlocksCommandHandler (DeleteBlocksCommandHandler.java:handle(106)) - Start to delete container blocks, TXIDs=[1(0),2(0),3(0)], numOfContainers=3, numOfBlocks=553
2019-06-12 16:05:29,022 INFO  commandhandler.DeleteBlocksCommandHandler (DeleteBlocksCommandHandler.java:handle(106)) - Start to delete container blocks, TXIDs=[1(0),2(0),3(0)], numOfContainers=3, numOfBlocks=553
2019-06-12 16:05:29,022 INFO  commandhandler.DeleteBlocksCommandHandler (DeleteBlocksCommandHandler.java:handle(106)) - Start to delete container blocks, TXIDs=[1(0),2(0),3(0)], numOfContainers=3, numOfBlocks=553
2019-06-12 16:05:29,023 INFO  commandhandler.DeleteBlocksCommandHandler (DeleteBlocksCommandHandler.java:handle(106)) - Start to delete container blocks, TXIDs=[1(0),2(0),3(0)], numOfContainers=3, numOfBlocks=553
2019-06-12 16:05:29,023 INFO  commandhandler.DeleteBlocksCommandHandler (DeleteBlocksCommandHandler.java:handle(106)) - Start to delete container blocks, TXIDs=[1(0),2(0),3(0)], numOfContainers=3, numOfBlocks=553
2019-06-12 16:05:29,024 INFO  commandhandler.DeleteBlocksCommandHandler (DeleteBlocksCommandHandler.java:handle(106)) - Start to delete container blocks, TXIDs=[1(0),2(0),3(0)], numOfContainers=3, numOfBlocks=553
2019-06-12 16:05:29,025 INFO  commandhandler.DeleteBlocksCommandHandler (DeleteBlocksCommandHandler.java:handle(106)) - Start to delete container blocks, TXIDs=[1(0),2(0),3(0)], numOfContainers=3, numOfBlocks=553
2019-06-12 16:05:29,025 INFO  commandhandler.DeleteBlocksCommandHandler (DeleteBlocksCommandHandler.java:handle(106)) - Start to delete container blocks, TXIDs=[1(522),2(522),3(522)], numOfContainers=3, numOfBlocks=553
2019-06-12 16:05:29,026 INFO  commandhandler.DeleteBlocksCommandHandler (DeleteBlocksCommandHandler.java:handle(106)) - Start to delete container blocks, TXIDs=[1(0),2(0),3(0)], numOfContainers=3, numOfBlocks=553
2019-06-12 16:05:29,026 INFO  commandhandler.DeleteBlocksCommandHandler (DeleteBlocksCommandHandler.java:handle(106)) - Start to delete container blocks, TXIDs=[1(0),2(0),3(0)], numOfContainers=3, numOfBlocks=553
2019-06-12 16:05:29,027 INFO  commandhandler.DeleteBlocksCommandHandler (DeleteBlocksCommandHandler.java:handle(106)) - Start to delete container blocks, TXIDs=[1(0),2(0),3(0)], numOfContainers=3, numOfBlocks=553
2019-06-12 16:05:29,027 INFO  commandhandler.DeleteBlocksCommandHandler (DeleteBlocksCommandHandler.java:handle(106)) - Start to delete container blocks, TXIDs=[1(0),2(0),3(0)], numOfContainers=3, numOfBlocks=553
2019-06-12 16:05:29,028 INFO  commandhandler.DeleteBlocksCommandHandler (DeleteBlocksCommandHandler.java:handle(106)) - Start to delete container blocks, TXIDs=[1(0),2(0),3(0)], numOfContainers=3, numOfBlocks=553
2019-06-12 16:05:29,028 INFO  commandhandler.DeleteBlocksCommandHandler (DeleteBlocksCommandHandler.java:handle(106)) - Start to delete container blocks, TXIDs=[1(522),2(522),3(522)], numOfContainers=3, numOfBlocks=553
2019-06-12 16:05:29,029 INFO  commandhandler.DeleteBlocksCommandHandler (DeleteBlocksCommandHandler.java:handle(106)) - Start to delete container blocks, TXIDs=[1(0),2(0),3(0)], numOfContainers=3, numOfBlocks=553
2019-06-12 16:05:29,029 INFO  commandhandler.DeleteBlocksCommandHandler (DeleteBlocksCommandHandler.java:handle(106)) - Start to delete container blocks, TXIDs=[1(0),2(0),3(0)], numOfContainers=3, numOfBlocks=553
2019-06-12 16:05:29,047 INFO  commands.RetriableDatanodeEventWatcher (RetriableDatanodeEventWatcher.java:onTimeout(47)) - RetriableDatanodeCommand type=deleteBlocksCommand with id=1560355517679 timed out. Retrying.
2019-06-12 16:05:29,054 INFO  commands.RetriableDatanodeEventWatcher (RetriableDatanodeEventWatcher.java:onTimeout(47)) - RetriableDatanodeCommand type=deleteBlocksCommand with id=1560355517689 timed out. Retrying.
2019-06-12 16:05:29,080 INFO  commands.RetriableDatanodeEventWatcher (RetriableDatanodeEventWatcher.java:onTimeout(47)) - RetriableDatanodeCommand type=deleteBlocksCommand with id=1560355517699 timed out. Retrying.
2019-06-12 16:05:29,102 DEBUG block.SCMBlockDeletingService (SCMBlockDeletingService.java:call(138)) - Running DeletedBlockTransactionScanner
2019-06-12 16:05:29,102 DEBUG block.SCMBlockDeletingService (SCMBlockDeletingService.java:call(155)) - Scanned deleted blocks log and got 0 delTX to process.
2019-06-12 16:05:29,144 WARN  block.DeletedBlockLogImpl (DeletedBlockLogImpl.java:incrementCount(141)) - Deleted TXID not found.
2019-06-12 16:05:29,144 WARN  events.EventWatcher (EventWatcher.java:lambda$start$0(110)) - Completion event without active lease. Id=1560355517647
2019-06-12 16:05:29,144 WARN  block.DeletedBlockLogImpl (DeletedBlockLogImpl.java:incrementCount(141)) - Deleted TXID not found.
2019-06-12 16:05:29,144 WARN  events.EventWatcher (EventWatcher.java:lambda$start$0(110)) - Completion event without active lease. Id=1560355517648
2019-06-12 16:05:29,144 WARN  block.DeletedBlockLogImpl (DeletedBlockLogImpl.java:incrementCount(141)) - Deleted TXID not found.
2019-06-12 16:05:29,144 WARN  events.EventWatcher (EventWatcher.java:lambda$start$0(110)) - Completion event without active lease. Id=1560355517657
2019-06-12 16:05:29,144 DEBUG block.DeletedBlockLogImpl (DeletedBlockLogImpl.java:isTransactionFailed(245)) - Got block deletion ACK from datanode, TXIDs=1, success=true
2019-06-12 16:05:29,144 WARN  events.EventWatcher (EventWatcher.java:lambda$start$0(110)) - Completion event without active lease. Id=1560355517658
2019-06-12 16:05:29,144 WARN  block.DeletedBlockLogImpl (DeletedBlockLogImpl.java:commitTransactions(205)) - Transaction txId=1 commit by dnId=ffc7b071-00b3-4a69-8de5-2639a1a8d8ac for containerID=#1 failed. Corresponding entry not found.
2019-06-12 16:05:29,144 WARN  events.EventWatcher (EventWatcher.java:lambda$start$0(110)) - Completion event without active lease. Id=1560355517668
2019-06-12 16:05:29,144 WARN  block.DeletedBlockLogImpl (DeletedBlockLogImpl.java:incrementCount(141)) - Deleted TXID not found.
2019-06-12 16:05:29,144 WARN  events.EventWatcher (EventWatcher.java:lambda$start$0(110)) - Completion event without active lease. Id=1560355517667
2019-06-12 16:05:29,145 WARN  block.DeletedBlockLogImpl (DeletedBlockLogImpl.java:incrementCount(141)) - Deleted TXID not found.
2019-06-12 16:05:29,145 WARN  block.DeletedBlockLogImpl (DeletedBlockLogImpl.java:incrementCount(141)) - Deleted TXID not found.
2019-06-12 16:05:29,145 DEBUG block.DeletedBlockLogImpl (DeletedBlockLogImpl.java:isTransactionFailed(245)) - Got block deletion ACK from datanode, TXIDs=1, success=true
2019-06-12 16:05:29,145 WARN  block.DeletedBlockLogImpl (DeletedBlockLogImpl.java:commitTransactions(205)) - Transaction txId=1 commit by dnId=ffc7b071-00b3-4a69-8de5-2639a1a8d8ac for containerID=#1 failed. Corresponding entry not found.
2019-06-12 16:05:29,145 WARN  block.DeletedBlockLogImpl (DeletedBlockLogImpl.java:incrementCount(141)) - Deleted TXID not found.
2019-06-12 16:05:29,145 WARN  block.DeletedBlockLogImpl (DeletedBlockLogImpl.java:incrementCount(141)) - Deleted TXID not found.
2019-06-12 16:05:29,145 WARN  block.DeletedBlockLogImpl (DeletedBlockLogImpl.java:incrementCount(141)) - Deleted TXID not found.
2019-06-12 16:05:29,145 DEBUG block.DeletedBlockLogImpl (DeletedBlockLogImpl.java:isTransactionFailed(245)) - Got block deletion ACK from datanode, TXIDs=1, success=true
2019-06-12 16:05:29,145 WARN  block.DeletedBlockLogImpl (DeletedBlockLogImpl.java:commitTransactions(205)) - Transaction txId=1 commit by dnId=ffc7b071-00b3-4a69-8de5-2639a1a8d8ac for containerID=#1 failed. Corresponding entry not found.
2019-06-12 16:05:29,145 WARN  block.DeletedBlockLogImpl (DeletedBlockLogImpl.java:incrementCount(141)) - Deleted TXID not found.
2019-06-12 16:05:29,145 WARN  block.DeletedBlockLogImpl (DeletedBlockLogImpl.java:incrementCount(141)) - Deleted TXID not found.
2019-06-12 16:05:29,145 WARN  block.DeletedBlockLogImpl (DeletedBlockLogImpl.java:incrementCount(141)) - Deleted TXID not found.
2019-06-12 16:05:29,145 DEBUG block.DeletedBlockLogImpl (DeletedBlockLogImpl.java:isTransactionFailed(245)) - Got block deletion ACK from datanode, TXIDs=1, success=true
2019-06-12 16:05:29,145 WARN  block.DeletedBlockLogImpl (DeletedBlockLogImpl.java:commitTransactions(205)) - Transaction txId=1 commit by dnId=ffc7b071-00b3-4a69-8de5-2639a1a8d8ac for containerID=#1 failed. Corresponding entry not found.
2019-06-12 16:05:29,145 WARN  block.DeletedBlockLogImpl (DeletedBlockLogImpl.java:incrementCount(141)) - Deleted TXID not found.
2019-06-12 16:05:29,145 WARN  block.DeletedBlockLogImpl (DeletedBlockLogImpl.java:incrementCount(141)) - Deleted TXID not found.
2019-06-12 16:05:29,146 WARN  block.DeletedBlockLogImpl (DeletedBlockLogImpl.java:incrementCount(141)) - Deleted TXID not found.
2019-06-12 16:05:29,146 DEBUG block.DeletedBlockLogImpl (DeletedBlockLogImpl.java:isTransactionFailed(245)) - Got block deletion ACK from datanode, TXIDs=1, success=true
2019-06-12 16:05:29,146 WARN  block.DeletedBlockLogImpl (DeletedBlockLogImpl.java:commitTransactions(205)) - Transaction txId=1 commit by dnId=ffc7b071-00b3-4a69-8de5-2639a1a8d8ac for containerID=#1 failed. Corresponding entry not found.
2019-06-12 16:05:29,146 WARN  block.DeletedBlockLogImpl (DeletedBlockLogImpl.java:incrementCount(141)) - Deleted TXID not found.
2019-06-12 16:05:29,146 WARN  block.DeletedBlockLogImpl (DeletedBlockLogImpl.java:incrementCount(141)) - Deleted TXID not found.
2019-06-12 16:05:29,146 WARN  block.DeletedBlockLogImpl (DeletedBlockLogImpl.java:incrementCount(141)) - Deleted TXID not found.
2019-06-12 16:05:29,146 DEBUG block.DeletedBlockLogImpl (DeletedBlockLogImpl.java:isTransactionFailed(245)) - Got block deletion ACK from datanode, TXIDs=1, success=true
2019-06-12 16:05:29,146 WARN  block.DeletedBlockLogImpl (DeletedBlockLogImpl.java:commitTransactions(205)) - Transaction txId=1 commit by dnId=ffc7b071-00b3-4a69-8de5-2639a1a8d8ac for containerID=#1 failed. Corresponding entry not found.
2019-06-12 16:05:29,146 DEBUG block.DeletedBlockLogImpl (DeletedBlockLogImpl.java:isTransactionFailed(245)) - Got block deletion ACK from datanode, TXIDs=1, success=true
2019-06-12 16:05:29,146 WARN  block.DeletedBlockLogImpl (DeletedBlockLogImpl.java:commitTransactions(205)) - Transaction txId=1 commit by dnId=ffc7b071-00b3-4a69-8de5-2639a1a8d8ac for containerID=#1 failed. Corresponding entry not found.
2019-06-12 16:05:29,146 DEBUG block.DeletedBlockLogImpl (DeletedBlockLogImpl.java:isTransactionFailed(245)) - Got block deletion ACK from datanode, TXIDs=1, success=true
2019-06-12 16:05:29,146 WARN  block.DeletedBlockLogImpl (DeletedBlockLogImpl.java:commitTransactions(205)) - Transaction txId=1 commit by dnId=ffc7b071-00b3-4a69-8de5-2639a1a8d8ac for containerID=#1 failed. Corresponding entry not found.
2019-06-12 16:05:29,146 DEBUG block.DeletedBlockLogImpl (DeletedBlockLogImpl.java:isTransactionFailed(245)) - Got block deletion ACK from datanode, TXIDs=1, success=true
2019-06-12 16:05:29,146 WARN  block.DeletedBlockLogImpl (DeletedBlockLogImpl.java:commitTransactions(205)) - Transaction txId=1 commit by dnId=ffc7b071-00b3-4a69-8de5-2639a1a8d8ac for containerID=#1 failed. Corresponding entry not found.
2019-06-12 16:05:29,146 DEBUG block.DeletedBlockLogImpl (DeletedBlockLogImpl.java:isTransactionFailed(245)) - Got block deletion ACK from datanode, TXIDs=1, success=true
2019-06-12 16:05:29,146 WARN  block.DeletedBlockLogImpl (DeletedBlockLogImpl.java:commitTransactions(205)) - Transaction txId=1 commit by dnId=ffc7b071-00b3-4a69-8de5-2639a1a8d8ac for containerID=#1 failed. Corresponding entry not found.
2019-06-12 16:05:29,147 DEBUG block.DeletedBlockLogImpl (DeletedBlockLogImpl.java:isTransactionFailed(245)) - Got block deletion ACK from datanode, TXIDs=1, success=true
2019-06-12 16:05:29,147 WARN  block.DeletedBlockLogImpl (DeletedBlockLogImpl.java:commitTransactions(205)) - Transaction txId=1 commit by dnId=ffc7b071-00b3-4a69-8de5-2639a1a8d8ac for containerID=#1 failed. Corresponding entry not found.
2019-06-12 16:05:29,147 DEBUG block.DeletedBlockLogImpl (DeletedBlockLogImpl.java:isTransactionFailed(245)) - Got block deletion ACK from datanode, TXIDs=1, success=true
2019-06-12 16:05:29,147 WARN  block.DeletedBlockLogImpl (DeletedBlockLogImpl.java:commitTransactions(205)) - Transaction txId=1 commit by dnId=ffc7b071-00b3-4a69-8de5-2639a1a8d8ac for containerID=#1 failed. Corresponding entry not found.
2019-06-12 16:05:29,147 DEBUG block.DeletedBlockLogImpl (DeletedBlockLogImpl.java:isTransactionFailed(245)) - Got block deletion ACK from datanode, TXIDs=1, success=true
2019-06-12 16:05:29,147 WARN  block.DeletedBlockLogImpl (DeletedBlockLogImpl.java:commitTransactions(205)) - Transaction txId=1 commit by dnId=ffc7b071-00b3-4a69-8de5-2639a1a8d8ac for containerID=#1 failed. Corresponding entry not found.
2019-06-12 16:05:29,147 DEBUG block.DeletedBlockLogImpl (DeletedBlockLogImpl.java:isTransactionFailed(245)) - Got block deletion ACK from datanode, TXIDs=1, success=true
2019-06-12 16:05:29,147 WARN  block.DeletedBlockLogImpl (DeletedBlockLogImpl.java:commitTransactions(205)) - Transaction txId=1 commit by dnId=ffc7b071-00b3-4a69-8de5-2639a1a8d8ac for containerID=#1 failed. Corresponding entry not found.
2019-06-12 16:05:29,147 DEBUG block.DeletedBlockLogImpl (DeletedBlockLogImpl.java:isTransactionFailed(245)) - Got block deletion ACK from datanode, TXIDs=1, success=true
2019-06-12 16:05:29,147 WARN  block.DeletedBlockLogImpl (DeletedBlockLogImpl.java:commitTransactions(205)) - Transaction txId=1 commit by dnId=ffc7b071-00b3-4a69-8de5-2639a1a8d8ac for containerID=#1 failed. Corresponding entry not found.
2019-06-12 16:05:29,147 DEBUG block.DeletedBlockLogImpl (DeletedBlockLogImpl.java:isTransactionFailed(245)) - Got block deletion ACK from datanode, TXIDs=1, success=true
2019-06-12 16:05:29,147 WARN  block.DeletedBlockLogImpl (DeletedBlockLogImpl.java:commitTransactions(205)) - Transaction txId=1 commit by dnId=ffc7b071-00b3-4a69-8de5-2639a1a8d8ac for containerID=#1 failed. Corresponding entry not found.
2019-06-12 16:05:29,147 DEBUG block.DeletedBlockLogImpl (DeletedBlockLogImpl.java:isTransactionFailed(245)) - Got block deletion ACK from datanode, TXIDs=1, success=true
2019-06-12 16:05:29,147 WARN  block.DeletedBlockLogImpl (DeletedBlockLogImpl.java:commitTransactions(205)) - Transaction txId=1 commit by dnId=ffc7b071-00b3-4a69-8de5-2639a1a8d8ac for containerID=#1 failed. Corresponding entry not found.
2019-06-12 16:05:29,147 DEBUG block.DeletedBlockLogImpl (DeletedBlockLogImpl.java:isTransactionFailed(245)) - Got block deletion ACK from datanode, TXIDs=1, success=true
2019-06-12 16:05:29,147 WARN  block.DeletedBlockLogImpl (DeletedBlockLogImpl.java:commitTransactions(205)) - Transaction txId=1 commit by dnId=ffc7b071-00b3-4a69-8de5-2639a1a8d8ac for containerID=#1 failed. Corresponding entry not found.
2019-06-12 16:05:29,148 DEBUG block.DeletedBlockLogImpl (DeletedBlockLogImpl.java:isTransactionFailed(245)) - Got block deletion ACK from datanode, TXIDs=1, success=true
2019-06-12 16:05:29,148 WARN  block.DeletedBlockLogImpl (DeletedBlockLogImpl.java:commitTransactions(205)) - Transaction txId=1 commit by dnId=ffc7b071-00b3-4a69-8de5-2639a1a8d8ac for containerID=#1 failed. Corresponding entry not found.
2019-06-12 16:05:29,148 DEBUG block.DeletedBlockLogImpl (DeletedBlockLogImpl.java:isTransactionFailed(245)) - Got block deletion ACK from datanode, TXIDs=1, success=true
2019-06-12 16:05:29,148 WARN  block.DeletedBlockLogImpl (DeletedBlockLogImpl.java:commitTransactions(205)) - Transaction txId=1 commit by dnId=ffc7b071-00b3-4a69-8de5-2639a1a8d8ac for containerID=#1 failed. Corresponding entry not found.
2019-06-12 16:05:29,148 DEBUG block.DeletedBlockLogImpl (DeletedBlockLogImpl.java:isTransactionFailed(245)) - Got block deletion ACK from datanode, TXIDs=1, success=true
2019-06-12 16:05:29,148 WARN  block.DeletedBlockLogImpl (DeletedBlockLogImpl.java:commitTransactions(205)) - Transaction txId=1 commit by dnId=ffc7b071-00b3-4a69-8de5-2639a1a8d8ac for containerID=#1 failed. Corresponding entry not found.
2019-06-12 16:05:29,148 DEBUG block.DeletedBlockLogImpl (DeletedBlockLogImpl.java:isTransactionFailed(245)) - Got block deletion ACK from datanode, TXIDs=1, success=true
2019-06-12 16:05:29,148 WARN  block.DeletedBlockLogImpl (DeletedBlockLogImpl.java:commitTransactions(205)) - Transaction txId=1 commit by dnId=ffc7b071-00b3-4a69-8de5-2639a1a8d8ac for containerID=#1 failed. Corresponding entry not found.
2019-06-12 16:05:29,148 DEBUG block.DeletedBlockLogImpl (DeletedBlockLogImpl.java:isTransactionFailed(245)) - Got block deletion ACK from datanode, TXIDs=1, success=true
2019-06-12 16:05:29,148 WARN  block.DeletedBlockLogImpl (DeletedBlockLogImpl.java:commitTransactions(205)) - Transaction txId=1 commit by dnId=ffc7b071-00b3-4a69-8de5-2639a1a8d8ac for containerID=#1 failed. Corresponding entry not found.
2019-06-12 16:05:29,148 DEBUG block.DeletedBlockLogImpl (DeletedBlockLogImpl.java:isTransactionFailed(245)) - Got block deletion ACK from datanode, TXIDs=1, success=true
2019-06-12 16:05:29,148 WARN  block.DeletedBlockLogImpl (DeletedBlockLogImpl.java:commitTransactions(205)) - Transaction txId=1 commit by dnId=ffc7b071-00b3-4a69-8de5-2639a1a8d8ac for containerID=#1 failed. Corresponding entry not found.
2019-06-12 16:05:29,148 DEBUG block.DeletedBlockLogImpl (DeletedBlockLogImpl.java:isTransactionFailed(245)) - Got block deletion ACK from datanode, TXIDs=1, success=true
2019-06-12 16:05:29,148 WARN  block.DeletedBlockLogImpl (DeletedBlockLogImpl.java:commitTransactions(205)) - Transaction txId=1 commit by dnId=ffc7b071-00b3-4a69-8de5-2639a1a8d8ac for containerID=#1 failed. Corresponding entry not found.
2019-06-12 16:05:29,148 DEBUG block.DeletedBlockLogImpl (DeletedBlockLogImpl.java:isTransactionFailed(245)) - Got block deletion ACK from datanode, TXIDs=1, success=true
2019-06-12 16:05:29,148 WARN  block.DeletedBlockLogImpl (DeletedBlockLogImpl.java:commitTransactions(205)) - Transaction txId=1 commit by dnId=ffc7b071-00b3-4a69-8de5-2639a1a8d8ac for containerID=#1 failed. Corresponding entry not found.
2019-06-12 16:05:29,148 DEBUG block.DeletedBlockLogImpl (DeletedBlockLogImpl.java:isTransactionFailed(245)) - Got block deletion ACK from datanode, TXIDs=1, success=true
2019-06-12 16:05:29,148 WARN  block.DeletedBlockLogImpl (DeletedBlockLogImpl.java:commitTransactions(205)) - Transaction txId=1 commit by dnId=ffc7b071-00b3-4a69-8de5-2639a1a8d8ac for containerID=#1 failed. Corresponding entry not found.
2019-06-12 16:05:29,149 DEBUG block.DeletedBlockLogImpl (DeletedBlockLogImpl.java:isTransactionFailed(245)) - Got block deletion ACK from datanode, TXIDs=1, success=true
2019-06-12 16:05:29,149 WARN  block.DeletedBlockLogImpl (DeletedBlockLogImpl.java:commitTransactions(205)) - Transaction txId=1 commit by dnId=ffc7b071-00b3-4a69-8de5-2639a1a8d8ac for containerID=#1 failed. Corresponding entry not found.
2019-06-12 16:05:29,149 DEBUG block.DeletedBlockLogImpl (DeletedBlockLogImpl.java:isTransactionFailed(245)) - Got block deletion ACK from datanode, TXIDs=1, success=true
2019-06-12 16:05:29,149 WARN  block.DeletedBlockLogImpl (DeletedBlockLogImpl.java:commitTransactions(205)) - Transaction txId=1 commit by dnId=ffc7b071-00b3-4a69-8de5-2639a1a8d8ac for containerID=#1 failed. Corresponding entry not found.
2019-06-12 16:05:29,149 DEBUG block.DeletedBlockLogImpl (DeletedBlockLogImpl.java:isTransactionFailed(245)) - Got block deletion ACK from datanode, TXIDs=1, success=true
2019-06-12 16:05:29,149 WARN  block.DeletedBlockLogImpl (DeletedBlockLogImpl.java:commitTransactions(205)) - Transaction txId=1 commit by dnId=ffc7b071-00b3-4a69-8de5-2639a1a8d8ac for containerID=#1 failed. Corresponding entry not found.
2019-06-12 16:05:29,149 DEBUG block.DeletedBlockLogImpl (DeletedBlockLogImpl.java:isTransactionFailed(245)) - Got block deletion ACK from datanode, TXIDs=1, success=true
2019-06-12 16:05:29,149 WARN  block.DeletedBlockLogImpl (DeletedBlockLogImpl.java:commitTransactions(205)) - Transaction txId=1 commit by dnId=ffc7b071-00b3-4a69-8de5-2639a1a8d8ac for containerID=#1 failed. Corresponding entry not found.
2019-06-12 16:05:29,149 DEBUG block.DeletedBlockLogImpl (DeletedBlockLogImpl.java:isTransactionFailed(245)) - Got block deletion ACK from datanode, TXIDs=1, success=true
2019-06-12 16:05:29,149 WARN  block.DeletedBlockLogImpl (DeletedBlockLogImpl.java:commitTransactions(205)) - Transaction txId=1 commit by dnId=ffc7b071-00b3-4a69-8de5-2639a1a8d8ac for containerID=#1 failed. Corresponding entry not found.
2019-06-12 16:05:29,149 DEBUG block.DeletedBlockLogImpl (DeletedBlockLogImpl.java:isTransactionFailed(245)) - Got block deletion ACK from datanode, TXIDs=1, success=true
2019-06-12 16:05:29,149 WARN  block.DeletedBlockLogImpl (DeletedBlockLogImpl.java:commitTransactions(205)) - Transaction txId=1 commit by dnId=ffc7b071-00b3-4a69-8de5-2639a1a8d8ac for containerID=#1 failed. Corresponding entry not found.
2019-06-12 16:05:29,202 DEBUG block.SCMBlockDeletingService (SCMBlockDeletingService.java:call(138)) - Running DeletedBlockTransactionScanner
2019-06-12 16:05:29,202 DEBUG block.SCMBlockDeletingService (SCMBlockDeletingService.java:call(155)) - Scanned deleted blocks log and got 0 delTX to process.
2019-06-12 16:05:29,302 DEBUG block.SCMBlockDeletingService (SCMBlockDeletingService.java:call(138)) - Running DeletedBlockTransactionScanner
2019-06-12 16:05:29,303 DEBUG block.SCMBlockDeletingService (SCMBlockDeletingService.java:call(155)) - Scanned deleted blocks log and got 0 delTX to process.
2019-06-12 16:05:29,403 DEBUG block.SCMBlockDeletingService (SCMBlockDeletingService.java:call(138)) - Running DeletedBlockTransactionScanner
2019-06-12 16:05:29,403 DEBUG block.SCMBlockDeletingService (SCMBlockDeletingService.java:call(155)) - Scanned deleted blocks log and got 0 delTX to process.
2019-06-12 16:05:29,503 DEBUG block.SCMBlockDeletingService (SCMBlockDeletingService.java:call(138)) - Running DeletedBlockTransactionScanner
2019-06-12 16:05:29,503 DEBUG block.SCMBlockDeletingService (SCMBlockDeletingService.java:call(155)) - Scanned deleted blocks log and got 0 delTX to process.
2019-06-12 16:05:29,604 DEBUG block.SCMBlockDeletingService (SCMBlockDeletingService.java:call(138)) - Running DeletedBlockTransactionScanner
2019-06-12 16:05:29,604 DEBUG block.SCMBlockDeletingService (SCMBlockDeletingService.java:call(155)) - Scanned deleted blocks log and got 0 delTX to process.
2019-06-12 16:05:29,704 DEBUG block.SCMBlockDeletingService (SCMBlockDeletingService.java:call(138)) - Running DeletedBlockTransactionScanner
2019-06-12 16:05:29,704 DEBUG block.SCMBlockDeletingService (SCMBlockDeletingService.java:call(155)) - Scanned deleted blocks log and got 0 delTX to process.
2019-06-12 16:05:29,804 DEBUG block.SCMBlockDeletingService (SCMBlockDeletingService.java:call(138)) - Running DeletedBlockTransactionScanner
2019-06-12 16:05:29,804 DEBUG block.SCMBlockDeletingService (SCMBlockDeletingService.java:call(155)) - Scanned deleted blocks log and got 0 delTX to process.
]]></system-out>
    <system-err><![CDATA[ERROR StatusLogger No Log4j 2 configuration file found. Using default configuration (logging only errors to the console), or user programmatically provided configurations. Set system property 'log4j2.debug' to show Log4j 2 internal initialization logging. See https://logging.apache.org/log4j/2.x/manual/configuration.html for instructions on how to configure Log4j 2
Jun 12, 2019 4:04:34 PM com.sun.jersey.server.impl.application.WebApplicationImpl _initiate
INFO: Initiating Jersey application, version 'Jersey: 1.19 02/11/2015 03:25 AM'
Jun 12, 2019 4:05:21 PM com.sun.jersey.server.impl.application.WebApplicationImpl _initiate
INFO: Initiating Jersey application, version 'Jersey: 1.19 02/11/2015 03:25 AM'
]]></system-err>
  </testcase>
</testsuite>