<?xml version="1.0" encoding="UTF-8"?>
<testsuite xmlns:xsi="http://www.w3.org/2001/XMLSchema-instance" xsi:noNamespaceSchemaLocation="https://maven.apache.org/surefire/maven-surefire-plugin/xsd/surefire-test-report.xsd" name="org.apache.hadoop.hdds.scm.pipeline.TestNodeFailure" time="10.18" tests="1" errors="0" skipped="1" failures="0">
  <properties>
    <property name="awt.toolkit" value="sun.awt.X11.XToolkit"/>
    <property name="file.encoding.pkg" value="sun.io"/>
    <property name="java.specification.version" value="1.8"/>
    <property name="sun.cpu.isalist" value=""/>
    <property name="sun.jnu.encoding" value="UTF-8"/>
    <property name="java.class.path" value="/opt/src/hadoop-ozone/integration-test/target/test-classes:/opt/src/hadoop-ozone/integration-test/target/classes:/root/.m2/repository/org/apache/hadoop/hadoop-ozone-common/0.5.0-SNAPSHOT/hadoop-ozone-common-0.5.0-SNAPSHOT.jar:/root/.m2/repository/org/apache/commons/commons-compress/1.4.1/commons-compress-1.4.1.jar:/root/.m2/repository/org/tukaani/xz/1.0/xz-1.0.jar:/root/.m2/repository/org/apache/hadoop/hadoop-common/3.2.0/hadoop-common-3.2.0.jar:/root/.m2/repository/org/apache/hadoop/hadoop-hdfs/3.2.0/hadoop-hdfs-3.2.0.jar:/root/.m2/repository/org/apache/hadoop/hadoop-hdfs-client/3.2.0/hadoop-hdfs-client-3.2.0.jar:/root/.m2/repository/com/fasterxml/jackson/core/jackson-annotations/2.9.5/jackson-annotations-2.9.5.jar:/root/.m2/repository/org/apache/hadoop/hadoop-hdds-common/0.5.0-SNAPSHOT/hadoop-hdds-common-0.5.0-SNAPSHOT.jar:/root/.m2/repository/javax/annotation/javax.annotation-api/1.2/javax.annotation-api-1.2.jar:/root/.m2/repository/org/apache/ratis/ratis-server/0.4.0-fe2b15d-SNAPSHOT/ratis-server-0.4.0-fe2b15d-SNAPSHOT.jar:/root/.m2/repository/org/apache/ratis/ratis-thirdparty-misc/0.2.0/ratis-thirdparty-misc-0.2.0.jar:/root/.m2/repository/org/apache/ratis/ratis-proto/0.4.0-fe2b15d-SNAPSHOT/ratis-proto-0.4.0-fe2b15d-SNAPSHOT.jar:/root/.m2/repository/org/apache/ratis/ratis-common/0.4.0-fe2b15d-SNAPSHOT/ratis-common-0.4.0-fe2b15d-SNAPSHOT.jar:/root/.m2/repository/org/apache/ratis/ratis-client/0.4.0-fe2b15d-SNAPSHOT/ratis-client-0.4.0-fe2b15d-SNAPSHOT.jar:/root/.m2/repository/org/apache/ratis/ratis-netty/0.4.0-fe2b15d-SNAPSHOT/ratis-netty-0.4.0-fe2b15d-SNAPSHOT.jar:/root/.m2/repository/org/apache/ratis/ratis-grpc/0.4.0-fe2b15d-SNAPSHOT/ratis-grpc-0.4.0-fe2b15d-SNAPSHOT.jar:/root/.m2/repository/org/rocksdb/rocksdbjni/5.14.2/rocksdbjni-5.14.2.jar:/root/.m2/repository/org/apache/logging/log4j/log4j-api/2.11.0/log4j-api-2.11.0.jar:/root/.m2/repository/org/apache/logging/log4j/log4j-core/2.11.0/log4j-core-2.11.0.jar:/root/.m2/repository/com/lmax/disruptor/3.4.2/disruptor-3.4.2.jar:/root/.m2/repository/org/apache/commons/commons-pool2/2.6.0/commons-pool2-2.6.0.jar:/root/.m2/repository/org/bouncycastle/bcpkix-jdk15on/1.60/bcpkix-jdk15on-1.60.jar:/root/.m2/repository/commons-validator/commons-validator/1.6/commons-validator-1.6.jar:/root/.m2/repository/commons-digester/commons-digester/1.8.1/commons-digester-1.8.1.jar:/root/.m2/repository/io/jaegertracing/jaeger-client/0.33.1/jaeger-client-0.33.1.jar:/root/.m2/repository/io/jaegertracing/jaeger-thrift/0.33.1/jaeger-thrift-0.33.1.jar:/root/.m2/repository/org/apache/thrift/libthrift/0.11.0/libthrift-0.11.0.jar:/root/.m2/repository/com/squareup/okhttp3/okhttp/3.9.0/okhttp-3.9.0.jar:/root/.m2/repository/com/squareup/okio/okio/1.13.0/okio-1.13.0.jar:/root/.m2/repository/io/jaegertracing/jaeger-core/0.33.1/jaeger-core-0.33.1.jar:/root/.m2/repository/io/jaegertracing/jaeger-tracerresolver/0.33.1/jaeger-tracerresolver-0.33.1.jar:/root/.m2/repository/io/opentracing/contrib/opentracing-tracerresolver/0.1.5/opentracing-tracerresolver-0.1.5.jar:/root/.m2/repository/io/opentracing/opentracing-util/0.31.0/opentracing-util-0.31.0.jar:/root/.m2/repository/io/opentracing/opentracing-api/0.31.0/opentracing-api-0.31.0.jar:/root/.m2/repository/io/opentracing/opentracing-noop/0.31.0/opentracing-noop-0.31.0.jar:/root/.m2/repository/org/apache/hadoop/hadoop-hdds-server-framework/0.5.0-SNAPSHOT/hadoop-hdds-server-framework-0.5.0-SNAPSHOT.jar:/root/.m2/repository/org/apache/hadoop/hadoop-hdds-server-scm/0.5.0-SNAPSHOT/hadoop-hdds-server-scm-0.5.0-SNAPSHOT.jar:/root/.m2/repository/org/apache/hadoop/hadoop-hdds-container-service/0.5.0-SNAPSHOT/hadoop-hdds-container-service-0.5.0-SNAPSHOT.jar:/root/.m2/repository/org/apache/hadoop/hadoop-hdds-client/0.5.0-SNAPSHOT/hadoop-hdds-client-0.5.0-SNAPSHOT.jar:/root/.m2/repository/org/apache/hadoop/hadoop-hdds-tools/0.5.0-SNAPSHOT/hadoop-hdds-tools-0.5.0-SNAPSHOT.jar:/root/.m2/repository/org/apache/hadoop/hadoop-ozone-ozone-manager/0.5.0-SNAPSHOT/hadoop-ozone-ozone-manager-0.5.0-SNAPSHOT.jar:/root/.m2/repository/org/apache/hadoop/hadoop-hdds-docs/0.5.0-SNAPSHOT/hadoop-hdds-docs-0.5.0-SNAPSHOT.jar:/root/.m2/repository/org/bouncycastle/bcprov-jdk15on/1.60/bcprov-jdk15on-1.60.jar:/root/.m2/repository/org/apache/hadoop/hadoop-minikdc/3.2.0/hadoop-minikdc-3.2.0.jar:/root/.m2/repository/commons-io/commons-io/2.5/commons-io-2.5.jar:/root/.m2/repository/org/apache/kerby/kerb-simplekdc/1.0.1/kerb-simplekdc-1.0.1.jar:/root/.m2/repository/org/apache/kerby/kerb-client/1.0.1/kerb-client-1.0.1.jar:/root/.m2/repository/org/apache/kerby/kerby-config/1.0.1/kerby-config-1.0.1.jar:/root/.m2/repository/org/apache/kerby/kerb-core/1.0.1/kerb-core-1.0.1.jar:/root/.m2/repository/org/apache/kerby/kerby-pkix/1.0.1/kerby-pkix-1.0.1.jar:/root/.m2/repository/org/apache/kerby/kerby-asn1/1.0.1/kerby-asn1-1.0.1.jar:/root/.m2/repository/org/apache/kerby/kerby-util/1.0.1/kerby-util-1.0.1.jar:/root/.m2/repository/org/apache/kerby/kerb-common/1.0.1/kerb-common-1.0.1.jar:/root/.m2/repository/org/apache/kerby/kerb-crypto/1.0.1/kerb-crypto-1.0.1.jar:/root/.m2/repository/org/apache/kerby/kerb-util/1.0.1/kerb-util-1.0.1.jar:/root/.m2/repository/org/apache/kerby/token-provider/1.0.1/token-provider-1.0.1.jar:/root/.m2/repository/org/apache/kerby/kerb-admin/1.0.1/kerb-admin-1.0.1.jar:/root/.m2/repository/org/apache/kerby/kerb-server/1.0.1/kerb-server-1.0.1.jar:/root/.m2/repository/org/apache/kerby/kerb-identity/1.0.1/kerb-identity-1.0.1.jar:/root/.m2/repository/org/apache/kerby/kerby-xdr/1.0.1/kerby-xdr-1.0.1.jar:/root/.m2/repository/org/slf4j/slf4j-log4j12/1.7.25/slf4j-log4j12-1.7.25.jar:/root/.m2/repository/org/apache/hadoop/hadoop-ozone-objectstore-service/0.5.0-SNAPSHOT/hadoop-ozone-objectstore-service-0.5.0-SNAPSHOT.jar:/root/.m2/repository/org/apache/hadoop/hadoop-ozone-s3gateway/0.5.0-SNAPSHOT/hadoop-ozone-s3gateway-0.5.0-SNAPSHOT.jar:/root/.m2/repository/org/jboss/weld/servlet/weld-servlet/2.4.7.Final/weld-servlet-2.4.7.Final.jar:/root/.m2/repository/org/glassfish/jersey/containers/jersey-container-servlet-core/2.27/jersey-container-servlet-core-2.27.jar:/root/.m2/repository/org/glassfish/hk2/external/javax.inject/2.5.0-b42/javax.inject-2.5.0-b42.jar:/root/.m2/repository/org/glassfish/jersey/core/jersey-common/2.27/jersey-common-2.27.jar:/root/.m2/repository/org/glassfish/hk2/osgi-resource-locator/1.0.1/osgi-resource-locator-1.0.1.jar:/root/.m2/repository/javax/ws/rs/javax.ws.rs-api/2.1/javax.ws.rs-api-2.1.jar:/root/.m2/repository/org/glassfish/jersey/ext/cdi/jersey-cdi1x/2.27/jersey-cdi1x-2.27.jar:/root/.m2/repository/org/glassfish/jersey/inject/jersey-hk2/2.27/jersey-hk2-2.27.jar:/root/.m2/repository/org/glassfish/hk2/hk2-locator/2.5.0-b42/hk2-locator-2.5.0-b42.jar:/root/.m2/repository/org/javassist/javassist/3.22.0-CR2/javassist-3.22.0-CR2.jar:/root/.m2/repository/org/glassfish/hk2/hk2-api/2.5.0/hk2-api-2.5.0.jar:/root/.m2/repository/org/glassfish/hk2/external/jakarta.inject/2.5.0/jakarta.inject-2.5.0.jar:/root/.m2/repository/org/glassfish/hk2/hk2-utils/2.5.0/hk2-utils-2.5.0.jar:/root/.m2/repository/jakarta/annotation/jakarta.annotation-api/1.3.4/jakarta.annotation-api-1.3.4.jar:/root/.m2/repository/org/glassfish/hk2/external/aopalliance-repackaged/2.5.0/aopalliance-repackaged-2.5.0.jar:/root/.m2/repository/com/fasterxml/jackson/dataformat/jackson-dataformat-xml/2.9.0/jackson-dataformat-xml-2.9.0.jar:/root/.m2/repository/com/fasterxml/jackson/core/jackson-core/2.9.5/jackson-core-2.9.5.jar:/root/.m2/repository/com/fasterxml/jackson/module/jackson-module-jaxb-annotations/2.9.5/jackson-module-jaxb-annotations-2.9.5.jar:/root/.m2/repository/javax/enterprise/cdi-api/1.2/cdi-api-1.2.jar:/root/.m2/repository/javax/el/javax.el-api/3.0.0/javax.el-api-3.0.0.jar:/root/.m2/repository/javax/interceptor/javax.interceptor-api/1.2/javax.interceptor-api-1.2.jar:/root/.m2/repository/javax/inject/javax.inject/1/javax.inject-1.jar:/root/.m2/repository/com/sun/xml/bind/jaxb-impl/2.3.0.1/jaxb-impl-2.3.0.1.jar:/root/.m2/repository/com/sun/xml/bind/jaxb-core/2.3.0.1/jaxb-core-2.3.0.1.jar:/root/.m2/repository/javax/xml/bind/jaxb-api/2.3.0/jaxb-api-2.3.0.jar:/root/.m2/repository/javax/activation/activation/1.1.1/activation-1.1.1.jar:/root/.m2/repository/org/apache/hadoop/hadoop-ozone-csi/0.5.0-SNAPSHOT/hadoop-ozone-csi-0.5.0-SNAPSHOT.jar:/root/.m2/repository/com/google/protobuf/protobuf-java-util/3.5.1/protobuf-java-util-3.5.1.jar:/root/.m2/repository/org/apache/hadoop/hadoop-hdds-config/0.5.0-SNAPSHOT/hadoop-hdds-config-0.5.0-SNAPSHOT.jar:/root/.m2/repository/com/google/guava/guava/11.0.2/guava-11.0.2.jar:/root/.m2/repository/com/google/protobuf/protobuf-java/2.5.0/protobuf-java-2.5.0.jar:/root/.m2/repository/io/grpc/grpc-netty/1.17.1/grpc-netty-1.17.1.jar:/root/.m2/repository/io/grpc/grpc-core/1.17.1/grpc-core-1.17.1.jar:/root/.m2/repository/io/grpc/grpc-context/1.17.1/grpc-context-1.17.1.jar:/root/.m2/repository/com/google/errorprone/error_prone_annotations/2.2.0/error_prone_annotations-2.2.0.jar:/root/.m2/repository/org/codehaus/mojo/animal-sniffer-annotations/1.17/animal-sniffer-annotations-1.17.jar:/root/.m2/repository/io/opencensus/opencensus-api/0.17.0/opencensus-api-0.17.0.jar:/root/.m2/repository/io/opencensus/opencensus-contrib-grpc-metrics/0.17.0/opencensus-contrib-grpc-metrics-0.17.0.jar:/root/.m2/repository/io/netty/netty-codec-http2/4.1.30.Final/netty-codec-http2-4.1.30.Final.jar:/root/.m2/repository/io/netty/netty-codec-http/4.1.30.Final/netty-codec-http-4.1.30.Final.jar:/root/.m2/repository/io/netty/netty-codec/4.1.30.Final/netty-codec-4.1.30.Final.jar:/root/.m2/repository/io/netty/netty-handler/4.1.30.Final/netty-handler-4.1.30.Final.jar:/root/.m2/repository/io/netty/netty-handler-proxy/4.1.30.Final/netty-handler-proxy-4.1.30.Final.jar:/root/.m2/repository/io/netty/netty-codec-socks/4.1.30.Final/netty-codec-socks-4.1.30.Final.jar:/root/.m2/repository/io/netty/netty-transport-native-epoll/4.1.30.Final/netty-transport-native-epoll-4.1.30.Final.jar:/root/.m2/repository/io/netty/netty-common/4.1.30.Final/netty-common-4.1.30.Final.jar:/root/.m2/repository/io/netty/netty-buffer/4.1.30.Final/netty-buffer-4.1.30.Final.jar:/root/.m2/repository/io/netty/netty-transport/4.1.30.Final/netty-transport-4.1.30.Final.jar:/root/.m2/repository/io/netty/netty-resolver/4.1.30.Final/netty-resolver-4.1.30.Final.jar:/root/.m2/repository/io/netty/netty-transport-native-unix-common/4.1.30.Final/netty-transport-native-unix-common-4.1.30.Final.jar:/root/.m2/repository/io/grpc/grpc-protobuf/1.17.1/grpc-protobuf-1.17.1.jar:/root/.m2/repository/com/google/api/grpc/proto-google-common-protos/1.0.0/proto-google-common-protos-1.0.0.jar:/root/.m2/repository/io/grpc/grpc-protobuf-lite/1.17.1/grpc-protobuf-lite-1.17.1.jar:/root/.m2/repository/io/grpc/grpc-stub/1.17.1/grpc-stub-1.17.1.jar:/root/.m2/repository/org/apache/hadoop/hadoop-ozone-recon/0.5.0-SNAPSHOT/hadoop-ozone-recon-0.5.0-SNAPSHOT.jar:/root/.m2/repository/org/apache/hadoop/hadoop-ozone-reconcodegen/0.5.0-SNAPSHOT/hadoop-ozone-reconcodegen-0.5.0-SNAPSHOT.jar:/root/.m2/repository/com/google/inject/extensions/guice-multibindings/4.0/guice-multibindings-4.0.jar:/root/.m2/repository/com/google/inject/guice/4.0/guice-4.0.jar:/root/.m2/repository/aopalliance/aopalliance/1.0/aopalliance-1.0.jar:/root/.m2/repository/com/google/inject/extensions/guice-servlet/4.0/guice-servlet-4.0.jar:/root/.m2/repository/org/glassfish/jersey/containers/jersey-container-servlet/2.27/jersey-container-servlet-2.27.jar:/root/.m2/repository/org/glassfish/hk2/guice-bridge/2.5.0/guice-bridge-2.5.0.jar:/root/.m2/repository/org/glassfish/jersey/core/jersey-server/2.27/jersey-server-2.27.jar:/root/.m2/repository/org/glassfish/jersey/core/jersey-client/2.27/jersey-client-2.27.jar:/root/.m2/repository/org/glassfish/jersey/media/jersey-media-jaxb/2.27/jersey-media-jaxb-2.27.jar:/root/.m2/repository/javax/validation/validation-api/1.1.0.Final/validation-api-1.1.0.Final.jar:/root/.m2/repository/org/glassfish/jersey/media/jersey-media-json-jackson/2.27/jersey-media-json-jackson-2.27.jar:/root/.m2/repository/org/glassfish/jersey/ext/jersey-entity-filtering/2.27/jersey-entity-filtering-2.27.jar:/root/.m2/repository/com/google/inject/extensions/guice-assistedinject/4.0/guice-assistedinject-4.0.jar:/root/.m2/repository/org/jooq/jooq/3.11.10/jooq-3.11.10.jar:/root/.m2/repository/org/jooq/jooq-meta/3.11.10/jooq-meta-3.11.10.jar:/root/.m2/repository/org/jooq/jooq-codegen/3.11.10/jooq-codegen-3.11.10.jar:/root/.m2/repository/com/jolbox/bonecp/0.8.0.RELEASE/bonecp-0.8.0.RELEASE.jar:/root/.m2/repository/org/xerial/sqlite-jdbc/3.25.2/sqlite-jdbc-3.25.2.jar:/root/.m2/repository/org/springframework/spring-jdbc/5.1.3.RELEASE/spring-jdbc-5.1.3.RELEASE.jar:/root/.m2/repository/org/springframework/spring-beans/5.1.3.RELEASE/spring-beans-5.1.3.RELEASE.jar:/root/.m2/repository/org/springframework/spring-core/5.1.3.RELEASE/spring-core-5.1.3.RELEASE.jar:/root/.m2/repository/org/springframework/spring-jcl/5.1.3.RELEASE/spring-jcl-5.1.3.RELEASE.jar:/root/.m2/repository/org/springframework/spring-tx/5.1.3.RELEASE/spring-tx-5.1.3.RELEASE.jar:/root/.m2/repository/org/apache/hadoop/hadoop-ozone-client/0.5.0-SNAPSHOT/hadoop-ozone-client-0.5.0-SNAPSHOT.jar:/root/.m2/repository/org/apache/hadoop/hadoop-ozone-ozone-manager/0.5.0-SNAPSHOT/hadoop-ozone-ozone-manager-0.5.0-SNAPSHOT-tests.jar:/root/.m2/repository/junit/junit/4.11/junit-4.11.jar:/root/.m2/repository/org/hamcrest/hamcrest-core/1.3/hamcrest-core-1.3.jar:/root/.m2/repository/org/openjdk/jmh/jmh-core/1.19/jmh-core-1.19.jar:/root/.m2/repository/net/sf/jopt-simple/jopt-simple/4.6/jopt-simple-4.6.jar:/root/.m2/repository/org/apache/commons/commons-math3/3.1.1/commons-math3-3.1.1.jar:/root/.m2/repository/org/openjdk/jmh/jmh-generator-annprocess/1.19/jmh-generator-annprocess-1.19.jar:/root/.m2/repository/org/mockito/mockito-all/1.8.5/mockito-all-1.8.5.jar:/root/.m2/repository/org/apache/hadoop/hadoop-kms/3.2.0/hadoop-kms-3.2.0.jar:/root/.m2/repository/org/apache/hadoop/hadoop-auth/3.2.0/hadoop-auth-3.2.0.jar:/root/.m2/repository/com/nimbusds/nimbus-jose-jwt/4.41.1/nimbus-jose-jwt-4.41.1.jar:/root/.m2/repository/com/github/stephenc/jcip/jcip-annotations/1.0-1/jcip-annotations-1.0-1.jar:/root/.m2/repository/net/minidev/json-smart/2.3/json-smart-2.3.jar:/root/.m2/repository/net/minidev/accessors-smart/1.2/accessors-smart-1.2.jar:/root/.m2/repository/org/ow2/asm/asm/5.0.4/asm-5.0.4.jar:/root/.m2/repository/org/apache/curator/curator-framework/2.12.0/curator-framework-2.12.0.jar:/root/.m2/repository/com/sun/jersey/jersey-core/1.19/jersey-core-1.19.jar:/root/.m2/repository/javax/ws/rs/jsr311-api/1.1.1/jsr311-api-1.1.1.jar:/root/.m2/repository/com/sun/jersey/jersey-server/1.19/jersey-server-1.19.jar:/root/.m2/repository/javax/servlet/javax.servlet-api/3.1.0/javax.servlet-api-3.1.0.jar:/root/.m2/repository/org/eclipse/jetty/jetty-server/9.3.24.v20180605/jetty-server-9.3.24.v20180605.jar:/root/.m2/repository/org/eclipse/jetty/jetty-http/9.3.24.v20180605/jetty-http-9.3.24.v20180605.jar:/root/.m2/repository/org/eclipse/jetty/jetty-io/9.3.24.v20180605/jetty-io-9.3.24.v20180605.jar:/root/.m2/repository/org/eclipse/jetty/jetty-webapp/9.3.24.v20180605/jetty-webapp-9.3.24.v20180605.jar:/root/.m2/repository/org/eclipse/jetty/jetty-xml/9.3.24.v20180605/jetty-xml-9.3.24.v20180605.jar:/root/.m2/repository/log4j/log4j/1.2.17/log4j-1.2.17.jar:/root/.m2/repository/org/slf4j/slf4j-api/1.7.25/slf4j-api-1.7.25.jar:/root/.m2/repository/org/slf4j/jul-to-slf4j/1.7.25/jul-to-slf4j-1.7.25.jar:/root/.m2/repository/org/eclipse/jetty/jetty-util/9.3.24.v20180605/jetty-util-9.3.24.v20180605.jar:/root/.m2/repository/io/dropwizard/metrics/metrics-core/3.2.4/metrics-core-3.2.4.jar:/root/.m2/repository/com/fasterxml/jackson/core/jackson-databind/2.9.5/jackson-databind-2.9.5.jar:/root/.m2/repository/org/apache/hadoop/hadoop-kms/3.2.0/hadoop-kms-3.2.0-tests.jar:/root/.m2/repository/org/apache/hadoop/hadoop-hdds-server-scm/0.5.0-SNAPSHOT/hadoop-hdds-server-scm-0.5.0-SNAPSHOT-tests.jar:/root/.m2/repository/org/hamcrest/hamcrest-all/1.3/hamcrest-all-1.3.jar:/root/.m2/repository/info/picocli/picocli/3.9.6/picocli-3.9.6.jar:/root/.m2/repository/org/apache/hadoop/hadoop-hdds-container-service/0.5.0-SNAPSHOT/hadoop-hdds-container-service-0.5.0-SNAPSHOT-tests.jar:/root/.m2/repository/org/yaml/snakeyaml/1.16/snakeyaml-1.16.jar:/root/.m2/repository/org/apache/hadoop/hadoop-common/3.2.0/hadoop-common-3.2.0-tests.jar:/root/.m2/repository/org/apache/hadoop/hadoop-annotations/3.2.0/hadoop-annotations-3.2.0.jar:/usr/lib/jvm/java-1.8-openjdk/jre/../lib/tools.jar:/root/.m2/repository/commons-cli/commons-cli/1.2/commons-cli-1.2.jar:/root/.m2/repository/org/apache/httpcomponents/httpclient/4.5.2/httpclient-4.5.2.jar:/root/.m2/repository/org/apache/httpcomponents/httpcore/4.4.4/httpcore-4.4.4.jar:/root/.m2/repository/commons-codec/commons-codec/1.11/commons-codec-1.11.jar:/root/.m2/repository/commons-net/commons-net/3.6/commons-net-3.6.jar:/root/.m2/repository/commons-collections/commons-collections/3.2.2/commons-collections-3.2.2.jar:/root/.m2/repository/org/eclipse/jetty/jetty-servlet/9.3.24.v20180605/jetty-servlet-9.3.24.v20180605.jar:/root/.m2/repository/org/eclipse/jetty/jetty-security/9.3.24.v20180605/jetty-security-9.3.24.v20180605.jar:/root/.m2/repository/javax/servlet/jsp/jsp-api/2.1/jsp-api-2.1.jar:/root/.m2/repository/com/sun/jersey/jersey-servlet/1.19/jersey-servlet-1.19.jar:/root/.m2/repository/com/sun/jersey/jersey-json/1.19/jersey-json-1.19.jar:/root/.m2/repository/org/codehaus/jettison/jettison/1.1/jettison-1.1.jar:/root/.m2/repository/org/codehaus/jackson/jackson-core-asl/1.9.13/jackson-core-asl-1.9.13.jar:/root/.m2/repository/org/codehaus/jackson/jackson-mapper-asl/1.9.13/jackson-mapper-asl-1.9.13.jar:/root/.m2/repository/org/codehaus/jackson/jackson-jaxrs/1.9.13/jackson-jaxrs-1.9.13.jar:/root/.m2/repository/org/codehaus/jackson/jackson-xc/1.9.13/jackson-xc-1.9.13.jar:/root/.m2/repository/commons-logging/commons-logging/1.1.3/commons-logging-1.1.3.jar:/root/.m2/repository/commons-beanutils/commons-beanutils/1.9.3/commons-beanutils-1.9.3.jar:/root/.m2/repository/org/apache/commons/commons-configuration2/2.1.1/commons-configuration2-2.1.1.jar:/root/.m2/repository/org/apache/commons/commons-lang3/3.7/commons-lang3-3.7.jar:/root/.m2/repository/org/apache/commons/commons-text/1.4/commons-text-1.4.jar:/root/.m2/repository/org/apache/avro/avro/1.7.7/avro-1.7.7.jar:/root/.m2/repository/com/thoughtworks/paranamer/paranamer/2.3/paranamer-2.3.jar:/root/.m2/repository/org/xerial/snappy/snappy-java/1.0.5/snappy-java-1.0.5.jar:/root/.m2/repository/com/google/re2j/re2j/1.1/re2j-1.1.jar:/root/.m2/repository/com/google/code/gson/gson/2.2.4/gson-2.2.4.jar:/root/.m2/repository/com/jcraft/jsch/0.1.54/jsch-0.1.54.jar:/root/.m2/repository/org/apache/curator/curator-client/2.12.0/curator-client-2.12.0.jar:/root/.m2/repository/org/apache/curator/curator-recipes/2.12.0/curator-recipes-2.12.0.jar:/root/.m2/repository/com/google/code/findbugs/jsr305/3.0.0/jsr305-3.0.0.jar:/root/.m2/repository/org/apache/htrace/htrace-core4/4.1.0-incubating/htrace-core4-4.1.0-incubating.jar:/root/.m2/repository/org/apache/zookeeper/zookeeper/3.4.13/zookeeper-3.4.13.jar:/root/.m2/repository/org/apache/yetus/audience-annotations/0.5.0/audience-annotations-0.5.0.jar:/root/.m2/repository/org/codehaus/woodstox/stax2-api/3.1.4/stax2-api-3.1.4.jar:/root/.m2/repository/com/fasterxml/woodstox/woodstox-core/5.0.3/woodstox-core-5.0.3.jar:/root/.m2/repository/dnsjava/dnsjava/2.1.7/dnsjava-2.1.7.jar:/root/.m2/repository/org/apache/hadoop/hadoop-hdfs/3.2.0/hadoop-hdfs-3.2.0-tests.jar:/root/.m2/repository/org/eclipse/jetty/jetty-util-ajax/9.3.24.v20180605/jetty-util-ajax-9.3.24.v20180605.jar:/root/.m2/repository/commons-daemon/commons-daemon/1.0.13/commons-daemon-1.0.13.jar:/root/.m2/repository/io/netty/netty/3.10.5.Final/netty-3.10.5.Final.jar:/root/.m2/repository/io/netty/netty-all/4.0.52.Final/netty-all-4.0.52.Final.jar:/root/.m2/repository/org/fusesource/leveldbjni/leveldbjni-all/1.8/leveldbjni-all-1.8.jar:"/>
    <property name="java.vm.vendor" value="IcedTea"/>
    <property name="sun.arch.data.model" value="64"/>
    <property name="test.build.dir" value="/opt/src/hadoop-ozone/integration-test/target/test-dir"/>
    <property name="test.cache.data" value=""/>
    <property name="java.vendor.url" value="https://icedtea.classpath.org"/>
    <property name="user.timezone" value=""/>
    <property name="java.vm.specification.version" value="1.8"/>
    <property name="os.name" value="Linux"/>
    <property name="test.build.data" value="/opt/src/hadoop-ozone/integration-test/target/test-dir"/>
    <property name="user.country" value="US"/>
    <property name="sun.java.launcher" value="SUN_STANDARD"/>
    <property name="sun.boot.library.path" value="/usr/lib/jvm/java-1.8-openjdk/jre/lib/amd64"/>
    <property name="sun.java.command" value="/opt/src/hadoop-ozone/integration-test/target/surefire/surefirebooter4580232745272135898.jar /opt/src/hadoop-ozone/integration-test/target/surefire 2019-06-12T15-38-34_328-jvmRun1 surefire4124934364344056267tmp surefire_83760896605457372057tmp"/>
    <property name="surefire.test.class.path" value="/opt/src/hadoop-ozone/integration-test/target/test-classes:/opt/src/hadoop-ozone/integration-test/target/classes:/root/.m2/repository/org/apache/hadoop/hadoop-ozone-common/0.5.0-SNAPSHOT/hadoop-ozone-common-0.5.0-SNAPSHOT.jar:/root/.m2/repository/org/apache/commons/commons-compress/1.4.1/commons-compress-1.4.1.jar:/root/.m2/repository/org/tukaani/xz/1.0/xz-1.0.jar:/root/.m2/repository/org/apache/hadoop/hadoop-common/3.2.0/hadoop-common-3.2.0.jar:/root/.m2/repository/org/apache/hadoop/hadoop-hdfs/3.2.0/hadoop-hdfs-3.2.0.jar:/root/.m2/repository/org/apache/hadoop/hadoop-hdfs-client/3.2.0/hadoop-hdfs-client-3.2.0.jar:/root/.m2/repository/com/fasterxml/jackson/core/jackson-annotations/2.9.5/jackson-annotations-2.9.5.jar:/root/.m2/repository/org/apache/hadoop/hadoop-hdds-common/0.5.0-SNAPSHOT/hadoop-hdds-common-0.5.0-SNAPSHOT.jar:/root/.m2/repository/javax/annotation/javax.annotation-api/1.2/javax.annotation-api-1.2.jar:/root/.m2/repository/org/apache/ratis/ratis-server/0.4.0-fe2b15d-SNAPSHOT/ratis-server-0.4.0-fe2b15d-SNAPSHOT.jar:/root/.m2/repository/org/apache/ratis/ratis-thirdparty-misc/0.2.0/ratis-thirdparty-misc-0.2.0.jar:/root/.m2/repository/org/apache/ratis/ratis-proto/0.4.0-fe2b15d-SNAPSHOT/ratis-proto-0.4.0-fe2b15d-SNAPSHOT.jar:/root/.m2/repository/org/apache/ratis/ratis-common/0.4.0-fe2b15d-SNAPSHOT/ratis-common-0.4.0-fe2b15d-SNAPSHOT.jar:/root/.m2/repository/org/apache/ratis/ratis-client/0.4.0-fe2b15d-SNAPSHOT/ratis-client-0.4.0-fe2b15d-SNAPSHOT.jar:/root/.m2/repository/org/apache/ratis/ratis-netty/0.4.0-fe2b15d-SNAPSHOT/ratis-netty-0.4.0-fe2b15d-SNAPSHOT.jar:/root/.m2/repository/org/apache/ratis/ratis-grpc/0.4.0-fe2b15d-SNAPSHOT/ratis-grpc-0.4.0-fe2b15d-SNAPSHOT.jar:/root/.m2/repository/org/rocksdb/rocksdbjni/5.14.2/rocksdbjni-5.14.2.jar:/root/.m2/repository/org/apache/logging/log4j/log4j-api/2.11.0/log4j-api-2.11.0.jar:/root/.m2/repository/org/apache/logging/log4j/log4j-core/2.11.0/log4j-core-2.11.0.jar:/root/.m2/repository/com/lmax/disruptor/3.4.2/disruptor-3.4.2.jar:/root/.m2/repository/org/apache/commons/commons-pool2/2.6.0/commons-pool2-2.6.0.jar:/root/.m2/repository/org/bouncycastle/bcpkix-jdk15on/1.60/bcpkix-jdk15on-1.60.jar:/root/.m2/repository/commons-validator/commons-validator/1.6/commons-validator-1.6.jar:/root/.m2/repository/commons-digester/commons-digester/1.8.1/commons-digester-1.8.1.jar:/root/.m2/repository/io/jaegertracing/jaeger-client/0.33.1/jaeger-client-0.33.1.jar:/root/.m2/repository/io/jaegertracing/jaeger-thrift/0.33.1/jaeger-thrift-0.33.1.jar:/root/.m2/repository/org/apache/thrift/libthrift/0.11.0/libthrift-0.11.0.jar:/root/.m2/repository/com/squareup/okhttp3/okhttp/3.9.0/okhttp-3.9.0.jar:/root/.m2/repository/com/squareup/okio/okio/1.13.0/okio-1.13.0.jar:/root/.m2/repository/io/jaegertracing/jaeger-core/0.33.1/jaeger-core-0.33.1.jar:/root/.m2/repository/io/jaegertracing/jaeger-tracerresolver/0.33.1/jaeger-tracerresolver-0.33.1.jar:/root/.m2/repository/io/opentracing/contrib/opentracing-tracerresolver/0.1.5/opentracing-tracerresolver-0.1.5.jar:/root/.m2/repository/io/opentracing/opentracing-util/0.31.0/opentracing-util-0.31.0.jar:/root/.m2/repository/io/opentracing/opentracing-api/0.31.0/opentracing-api-0.31.0.jar:/root/.m2/repository/io/opentracing/opentracing-noop/0.31.0/opentracing-noop-0.31.0.jar:/root/.m2/repository/org/apache/hadoop/hadoop-hdds-server-framework/0.5.0-SNAPSHOT/hadoop-hdds-server-framework-0.5.0-SNAPSHOT.jar:/root/.m2/repository/org/apache/hadoop/hadoop-hdds-server-scm/0.5.0-SNAPSHOT/hadoop-hdds-server-scm-0.5.0-SNAPSHOT.jar:/root/.m2/repository/org/apache/hadoop/hadoop-hdds-container-service/0.5.0-SNAPSHOT/hadoop-hdds-container-service-0.5.0-SNAPSHOT.jar:/root/.m2/repository/org/apache/hadoop/hadoop-hdds-client/0.5.0-SNAPSHOT/hadoop-hdds-client-0.5.0-SNAPSHOT.jar:/root/.m2/repository/org/apache/hadoop/hadoop-hdds-tools/0.5.0-SNAPSHOT/hadoop-hdds-tools-0.5.0-SNAPSHOT.jar:/root/.m2/repository/org/apache/hadoop/hadoop-ozone-ozone-manager/0.5.0-SNAPSHOT/hadoop-ozone-ozone-manager-0.5.0-SNAPSHOT.jar:/root/.m2/repository/org/apache/hadoop/hadoop-hdds-docs/0.5.0-SNAPSHOT/hadoop-hdds-docs-0.5.0-SNAPSHOT.jar:/root/.m2/repository/org/bouncycastle/bcprov-jdk15on/1.60/bcprov-jdk15on-1.60.jar:/root/.m2/repository/org/apache/hadoop/hadoop-minikdc/3.2.0/hadoop-minikdc-3.2.0.jar:/root/.m2/repository/commons-io/commons-io/2.5/commons-io-2.5.jar:/root/.m2/repository/org/apache/kerby/kerb-simplekdc/1.0.1/kerb-simplekdc-1.0.1.jar:/root/.m2/repository/org/apache/kerby/kerb-client/1.0.1/kerb-client-1.0.1.jar:/root/.m2/repository/org/apache/kerby/kerby-config/1.0.1/kerby-config-1.0.1.jar:/root/.m2/repository/org/apache/kerby/kerb-core/1.0.1/kerb-core-1.0.1.jar:/root/.m2/repository/org/apache/kerby/kerby-pkix/1.0.1/kerby-pkix-1.0.1.jar:/root/.m2/repository/org/apache/kerby/kerby-asn1/1.0.1/kerby-asn1-1.0.1.jar:/root/.m2/repository/org/apache/kerby/kerby-util/1.0.1/kerby-util-1.0.1.jar:/root/.m2/repository/org/apache/kerby/kerb-common/1.0.1/kerb-common-1.0.1.jar:/root/.m2/repository/org/apache/kerby/kerb-crypto/1.0.1/kerb-crypto-1.0.1.jar:/root/.m2/repository/org/apache/kerby/kerb-util/1.0.1/kerb-util-1.0.1.jar:/root/.m2/repository/org/apache/kerby/token-provider/1.0.1/token-provider-1.0.1.jar:/root/.m2/repository/org/apache/kerby/kerb-admin/1.0.1/kerb-admin-1.0.1.jar:/root/.m2/repository/org/apache/kerby/kerb-server/1.0.1/kerb-server-1.0.1.jar:/root/.m2/repository/org/apache/kerby/kerb-identity/1.0.1/kerb-identity-1.0.1.jar:/root/.m2/repository/org/apache/kerby/kerby-xdr/1.0.1/kerby-xdr-1.0.1.jar:/root/.m2/repository/org/slf4j/slf4j-log4j12/1.7.25/slf4j-log4j12-1.7.25.jar:/root/.m2/repository/org/apache/hadoop/hadoop-ozone-objectstore-service/0.5.0-SNAPSHOT/hadoop-ozone-objectstore-service-0.5.0-SNAPSHOT.jar:/root/.m2/repository/org/apache/hadoop/hadoop-ozone-s3gateway/0.5.0-SNAPSHOT/hadoop-ozone-s3gateway-0.5.0-SNAPSHOT.jar:/root/.m2/repository/org/jboss/weld/servlet/weld-servlet/2.4.7.Final/weld-servlet-2.4.7.Final.jar:/root/.m2/repository/org/glassfish/jersey/containers/jersey-container-servlet-core/2.27/jersey-container-servlet-core-2.27.jar:/root/.m2/repository/org/glassfish/hk2/external/javax.inject/2.5.0-b42/javax.inject-2.5.0-b42.jar:/root/.m2/repository/org/glassfish/jersey/core/jersey-common/2.27/jersey-common-2.27.jar:/root/.m2/repository/org/glassfish/hk2/osgi-resource-locator/1.0.1/osgi-resource-locator-1.0.1.jar:/root/.m2/repository/javax/ws/rs/javax.ws.rs-api/2.1/javax.ws.rs-api-2.1.jar:/root/.m2/repository/org/glassfish/jersey/ext/cdi/jersey-cdi1x/2.27/jersey-cdi1x-2.27.jar:/root/.m2/repository/org/glassfish/jersey/inject/jersey-hk2/2.27/jersey-hk2-2.27.jar:/root/.m2/repository/org/glassfish/hk2/hk2-locator/2.5.0-b42/hk2-locator-2.5.0-b42.jar:/root/.m2/repository/org/javassist/javassist/3.22.0-CR2/javassist-3.22.0-CR2.jar:/root/.m2/repository/org/glassfish/hk2/hk2-api/2.5.0/hk2-api-2.5.0.jar:/root/.m2/repository/org/glassfish/hk2/external/jakarta.inject/2.5.0/jakarta.inject-2.5.0.jar:/root/.m2/repository/org/glassfish/hk2/hk2-utils/2.5.0/hk2-utils-2.5.0.jar:/root/.m2/repository/jakarta/annotation/jakarta.annotation-api/1.3.4/jakarta.annotation-api-1.3.4.jar:/root/.m2/repository/org/glassfish/hk2/external/aopalliance-repackaged/2.5.0/aopalliance-repackaged-2.5.0.jar:/root/.m2/repository/com/fasterxml/jackson/dataformat/jackson-dataformat-xml/2.9.0/jackson-dataformat-xml-2.9.0.jar:/root/.m2/repository/com/fasterxml/jackson/core/jackson-core/2.9.5/jackson-core-2.9.5.jar:/root/.m2/repository/com/fasterxml/jackson/module/jackson-module-jaxb-annotations/2.9.5/jackson-module-jaxb-annotations-2.9.5.jar:/root/.m2/repository/javax/enterprise/cdi-api/1.2/cdi-api-1.2.jar:/root/.m2/repository/javax/el/javax.el-api/3.0.0/javax.el-api-3.0.0.jar:/root/.m2/repository/javax/interceptor/javax.interceptor-api/1.2/javax.interceptor-api-1.2.jar:/root/.m2/repository/javax/inject/javax.inject/1/javax.inject-1.jar:/root/.m2/repository/com/sun/xml/bind/jaxb-impl/2.3.0.1/jaxb-impl-2.3.0.1.jar:/root/.m2/repository/com/sun/xml/bind/jaxb-core/2.3.0.1/jaxb-core-2.3.0.1.jar:/root/.m2/repository/javax/xml/bind/jaxb-api/2.3.0/jaxb-api-2.3.0.jar:/root/.m2/repository/javax/activation/activation/1.1.1/activation-1.1.1.jar:/root/.m2/repository/org/apache/hadoop/hadoop-ozone-csi/0.5.0-SNAPSHOT/hadoop-ozone-csi-0.5.0-SNAPSHOT.jar:/root/.m2/repository/com/google/protobuf/protobuf-java-util/3.5.1/protobuf-java-util-3.5.1.jar:/root/.m2/repository/org/apache/hadoop/hadoop-hdds-config/0.5.0-SNAPSHOT/hadoop-hdds-config-0.5.0-SNAPSHOT.jar:/root/.m2/repository/com/google/guava/guava/11.0.2/guava-11.0.2.jar:/root/.m2/repository/com/google/protobuf/protobuf-java/2.5.0/protobuf-java-2.5.0.jar:/root/.m2/repository/io/grpc/grpc-netty/1.17.1/grpc-netty-1.17.1.jar:/root/.m2/repository/io/grpc/grpc-core/1.17.1/grpc-core-1.17.1.jar:/root/.m2/repository/io/grpc/grpc-context/1.17.1/grpc-context-1.17.1.jar:/root/.m2/repository/com/google/errorprone/error_prone_annotations/2.2.0/error_prone_annotations-2.2.0.jar:/root/.m2/repository/org/codehaus/mojo/animal-sniffer-annotations/1.17/animal-sniffer-annotations-1.17.jar:/root/.m2/repository/io/opencensus/opencensus-api/0.17.0/opencensus-api-0.17.0.jar:/root/.m2/repository/io/opencensus/opencensus-contrib-grpc-metrics/0.17.0/opencensus-contrib-grpc-metrics-0.17.0.jar:/root/.m2/repository/io/netty/netty-codec-http2/4.1.30.Final/netty-codec-http2-4.1.30.Final.jar:/root/.m2/repository/io/netty/netty-codec-http/4.1.30.Final/netty-codec-http-4.1.30.Final.jar:/root/.m2/repository/io/netty/netty-codec/4.1.30.Final/netty-codec-4.1.30.Final.jar:/root/.m2/repository/io/netty/netty-handler/4.1.30.Final/netty-handler-4.1.30.Final.jar:/root/.m2/repository/io/netty/netty-handler-proxy/4.1.30.Final/netty-handler-proxy-4.1.30.Final.jar:/root/.m2/repository/io/netty/netty-codec-socks/4.1.30.Final/netty-codec-socks-4.1.30.Final.jar:/root/.m2/repository/io/netty/netty-transport-native-epoll/4.1.30.Final/netty-transport-native-epoll-4.1.30.Final.jar:/root/.m2/repository/io/netty/netty-common/4.1.30.Final/netty-common-4.1.30.Final.jar:/root/.m2/repository/io/netty/netty-buffer/4.1.30.Final/netty-buffer-4.1.30.Final.jar:/root/.m2/repository/io/netty/netty-transport/4.1.30.Final/netty-transport-4.1.30.Final.jar:/root/.m2/repository/io/netty/netty-resolver/4.1.30.Final/netty-resolver-4.1.30.Final.jar:/root/.m2/repository/io/netty/netty-transport-native-unix-common/4.1.30.Final/netty-transport-native-unix-common-4.1.30.Final.jar:/root/.m2/repository/io/grpc/grpc-protobuf/1.17.1/grpc-protobuf-1.17.1.jar:/root/.m2/repository/com/google/api/grpc/proto-google-common-protos/1.0.0/proto-google-common-protos-1.0.0.jar:/root/.m2/repository/io/grpc/grpc-protobuf-lite/1.17.1/grpc-protobuf-lite-1.17.1.jar:/root/.m2/repository/io/grpc/grpc-stub/1.17.1/grpc-stub-1.17.1.jar:/root/.m2/repository/org/apache/hadoop/hadoop-ozone-recon/0.5.0-SNAPSHOT/hadoop-ozone-recon-0.5.0-SNAPSHOT.jar:/root/.m2/repository/org/apache/hadoop/hadoop-ozone-reconcodegen/0.5.0-SNAPSHOT/hadoop-ozone-reconcodegen-0.5.0-SNAPSHOT.jar:/root/.m2/repository/com/google/inject/extensions/guice-multibindings/4.0/guice-multibindings-4.0.jar:/root/.m2/repository/com/google/inject/guice/4.0/guice-4.0.jar:/root/.m2/repository/aopalliance/aopalliance/1.0/aopalliance-1.0.jar:/root/.m2/repository/com/google/inject/extensions/guice-servlet/4.0/guice-servlet-4.0.jar:/root/.m2/repository/org/glassfish/jersey/containers/jersey-container-servlet/2.27/jersey-container-servlet-2.27.jar:/root/.m2/repository/org/glassfish/hk2/guice-bridge/2.5.0/guice-bridge-2.5.0.jar:/root/.m2/repository/org/glassfish/jersey/core/jersey-server/2.27/jersey-server-2.27.jar:/root/.m2/repository/org/glassfish/jersey/core/jersey-client/2.27/jersey-client-2.27.jar:/root/.m2/repository/org/glassfish/jersey/media/jersey-media-jaxb/2.27/jersey-media-jaxb-2.27.jar:/root/.m2/repository/javax/validation/validation-api/1.1.0.Final/validation-api-1.1.0.Final.jar:/root/.m2/repository/org/glassfish/jersey/media/jersey-media-json-jackson/2.27/jersey-media-json-jackson-2.27.jar:/root/.m2/repository/org/glassfish/jersey/ext/jersey-entity-filtering/2.27/jersey-entity-filtering-2.27.jar:/root/.m2/repository/com/google/inject/extensions/guice-assistedinject/4.0/guice-assistedinject-4.0.jar:/root/.m2/repository/org/jooq/jooq/3.11.10/jooq-3.11.10.jar:/root/.m2/repository/org/jooq/jooq-meta/3.11.10/jooq-meta-3.11.10.jar:/root/.m2/repository/org/jooq/jooq-codegen/3.11.10/jooq-codegen-3.11.10.jar:/root/.m2/repository/com/jolbox/bonecp/0.8.0.RELEASE/bonecp-0.8.0.RELEASE.jar:/root/.m2/repository/org/xerial/sqlite-jdbc/3.25.2/sqlite-jdbc-3.25.2.jar:/root/.m2/repository/org/springframework/spring-jdbc/5.1.3.RELEASE/spring-jdbc-5.1.3.RELEASE.jar:/root/.m2/repository/org/springframework/spring-beans/5.1.3.RELEASE/spring-beans-5.1.3.RELEASE.jar:/root/.m2/repository/org/springframework/spring-core/5.1.3.RELEASE/spring-core-5.1.3.RELEASE.jar:/root/.m2/repository/org/springframework/spring-jcl/5.1.3.RELEASE/spring-jcl-5.1.3.RELEASE.jar:/root/.m2/repository/org/springframework/spring-tx/5.1.3.RELEASE/spring-tx-5.1.3.RELEASE.jar:/root/.m2/repository/org/apache/hadoop/hadoop-ozone-client/0.5.0-SNAPSHOT/hadoop-ozone-client-0.5.0-SNAPSHOT.jar:/root/.m2/repository/org/apache/hadoop/hadoop-ozone-ozone-manager/0.5.0-SNAPSHOT/hadoop-ozone-ozone-manager-0.5.0-SNAPSHOT-tests.jar:/root/.m2/repository/junit/junit/4.11/junit-4.11.jar:/root/.m2/repository/org/hamcrest/hamcrest-core/1.3/hamcrest-core-1.3.jar:/root/.m2/repository/org/openjdk/jmh/jmh-core/1.19/jmh-core-1.19.jar:/root/.m2/repository/net/sf/jopt-simple/jopt-simple/4.6/jopt-simple-4.6.jar:/root/.m2/repository/org/apache/commons/commons-math3/3.1.1/commons-math3-3.1.1.jar:/root/.m2/repository/org/openjdk/jmh/jmh-generator-annprocess/1.19/jmh-generator-annprocess-1.19.jar:/root/.m2/repository/org/mockito/mockito-all/1.8.5/mockito-all-1.8.5.jar:/root/.m2/repository/org/apache/hadoop/hadoop-kms/3.2.0/hadoop-kms-3.2.0.jar:/root/.m2/repository/org/apache/hadoop/hadoop-auth/3.2.0/hadoop-auth-3.2.0.jar:/root/.m2/repository/com/nimbusds/nimbus-jose-jwt/4.41.1/nimbus-jose-jwt-4.41.1.jar:/root/.m2/repository/com/github/stephenc/jcip/jcip-annotations/1.0-1/jcip-annotations-1.0-1.jar:/root/.m2/repository/net/minidev/json-smart/2.3/json-smart-2.3.jar:/root/.m2/repository/net/minidev/accessors-smart/1.2/accessors-smart-1.2.jar:/root/.m2/repository/org/ow2/asm/asm/5.0.4/asm-5.0.4.jar:/root/.m2/repository/org/apache/curator/curator-framework/2.12.0/curator-framework-2.12.0.jar:/root/.m2/repository/com/sun/jersey/jersey-core/1.19/jersey-core-1.19.jar:/root/.m2/repository/javax/ws/rs/jsr311-api/1.1.1/jsr311-api-1.1.1.jar:/root/.m2/repository/com/sun/jersey/jersey-server/1.19/jersey-server-1.19.jar:/root/.m2/repository/javax/servlet/javax.servlet-api/3.1.0/javax.servlet-api-3.1.0.jar:/root/.m2/repository/org/eclipse/jetty/jetty-server/9.3.24.v20180605/jetty-server-9.3.24.v20180605.jar:/root/.m2/repository/org/eclipse/jetty/jetty-http/9.3.24.v20180605/jetty-http-9.3.24.v20180605.jar:/root/.m2/repository/org/eclipse/jetty/jetty-io/9.3.24.v20180605/jetty-io-9.3.24.v20180605.jar:/root/.m2/repository/org/eclipse/jetty/jetty-webapp/9.3.24.v20180605/jetty-webapp-9.3.24.v20180605.jar:/root/.m2/repository/org/eclipse/jetty/jetty-xml/9.3.24.v20180605/jetty-xml-9.3.24.v20180605.jar:/root/.m2/repository/log4j/log4j/1.2.17/log4j-1.2.17.jar:/root/.m2/repository/org/slf4j/slf4j-api/1.7.25/slf4j-api-1.7.25.jar:/root/.m2/repository/org/slf4j/jul-to-slf4j/1.7.25/jul-to-slf4j-1.7.25.jar:/root/.m2/repository/org/eclipse/jetty/jetty-util/9.3.24.v20180605/jetty-util-9.3.24.v20180605.jar:/root/.m2/repository/io/dropwizard/metrics/metrics-core/3.2.4/metrics-core-3.2.4.jar:/root/.m2/repository/com/fasterxml/jackson/core/jackson-databind/2.9.5/jackson-databind-2.9.5.jar:/root/.m2/repository/org/apache/hadoop/hadoop-kms/3.2.0/hadoop-kms-3.2.0-tests.jar:/root/.m2/repository/org/apache/hadoop/hadoop-hdds-server-scm/0.5.0-SNAPSHOT/hadoop-hdds-server-scm-0.5.0-SNAPSHOT-tests.jar:/root/.m2/repository/org/hamcrest/hamcrest-all/1.3/hamcrest-all-1.3.jar:/root/.m2/repository/info/picocli/picocli/3.9.6/picocli-3.9.6.jar:/root/.m2/repository/org/apache/hadoop/hadoop-hdds-container-service/0.5.0-SNAPSHOT/hadoop-hdds-container-service-0.5.0-SNAPSHOT-tests.jar:/root/.m2/repository/org/yaml/snakeyaml/1.16/snakeyaml-1.16.jar:/root/.m2/repository/org/apache/hadoop/hadoop-common/3.2.0/hadoop-common-3.2.0-tests.jar:/root/.m2/repository/org/apache/hadoop/hadoop-annotations/3.2.0/hadoop-annotations-3.2.0.jar:/usr/lib/jvm/java-1.8-openjdk/jre/../lib/tools.jar:/root/.m2/repository/commons-cli/commons-cli/1.2/commons-cli-1.2.jar:/root/.m2/repository/org/apache/httpcomponents/httpclient/4.5.2/httpclient-4.5.2.jar:/root/.m2/repository/org/apache/httpcomponents/httpcore/4.4.4/httpcore-4.4.4.jar:/root/.m2/repository/commons-codec/commons-codec/1.11/commons-codec-1.11.jar:/root/.m2/repository/commons-net/commons-net/3.6/commons-net-3.6.jar:/root/.m2/repository/commons-collections/commons-collections/3.2.2/commons-collections-3.2.2.jar:/root/.m2/repository/org/eclipse/jetty/jetty-servlet/9.3.24.v20180605/jetty-servlet-9.3.24.v20180605.jar:/root/.m2/repository/org/eclipse/jetty/jetty-security/9.3.24.v20180605/jetty-security-9.3.24.v20180605.jar:/root/.m2/repository/javax/servlet/jsp/jsp-api/2.1/jsp-api-2.1.jar:/root/.m2/repository/com/sun/jersey/jersey-servlet/1.19/jersey-servlet-1.19.jar:/root/.m2/repository/com/sun/jersey/jersey-json/1.19/jersey-json-1.19.jar:/root/.m2/repository/org/codehaus/jettison/jettison/1.1/jettison-1.1.jar:/root/.m2/repository/org/codehaus/jackson/jackson-core-asl/1.9.13/jackson-core-asl-1.9.13.jar:/root/.m2/repository/org/codehaus/jackson/jackson-mapper-asl/1.9.13/jackson-mapper-asl-1.9.13.jar:/root/.m2/repository/org/codehaus/jackson/jackson-jaxrs/1.9.13/jackson-jaxrs-1.9.13.jar:/root/.m2/repository/org/codehaus/jackson/jackson-xc/1.9.13/jackson-xc-1.9.13.jar:/root/.m2/repository/commons-logging/commons-logging/1.1.3/commons-logging-1.1.3.jar:/root/.m2/repository/commons-beanutils/commons-beanutils/1.9.3/commons-beanutils-1.9.3.jar:/root/.m2/repository/org/apache/commons/commons-configuration2/2.1.1/commons-configuration2-2.1.1.jar:/root/.m2/repository/org/apache/commons/commons-lang3/3.7/commons-lang3-3.7.jar:/root/.m2/repository/org/apache/commons/commons-text/1.4/commons-text-1.4.jar:/root/.m2/repository/org/apache/avro/avro/1.7.7/avro-1.7.7.jar:/root/.m2/repository/com/thoughtworks/paranamer/paranamer/2.3/paranamer-2.3.jar:/root/.m2/repository/org/xerial/snappy/snappy-java/1.0.5/snappy-java-1.0.5.jar:/root/.m2/repository/com/google/re2j/re2j/1.1/re2j-1.1.jar:/root/.m2/repository/com/google/code/gson/gson/2.2.4/gson-2.2.4.jar:/root/.m2/repository/com/jcraft/jsch/0.1.54/jsch-0.1.54.jar:/root/.m2/repository/org/apache/curator/curator-client/2.12.0/curator-client-2.12.0.jar:/root/.m2/repository/org/apache/curator/curator-recipes/2.12.0/curator-recipes-2.12.0.jar:/root/.m2/repository/com/google/code/findbugs/jsr305/3.0.0/jsr305-3.0.0.jar:/root/.m2/repository/org/apache/htrace/htrace-core4/4.1.0-incubating/htrace-core4-4.1.0-incubating.jar:/root/.m2/repository/org/apache/zookeeper/zookeeper/3.4.13/zookeeper-3.4.13.jar:/root/.m2/repository/org/apache/yetus/audience-annotations/0.5.0/audience-annotations-0.5.0.jar:/root/.m2/repository/org/codehaus/woodstox/stax2-api/3.1.4/stax2-api-3.1.4.jar:/root/.m2/repository/com/fasterxml/woodstox/woodstox-core/5.0.3/woodstox-core-5.0.3.jar:/root/.m2/repository/dnsjava/dnsjava/2.1.7/dnsjava-2.1.7.jar:/root/.m2/repository/org/apache/hadoop/hadoop-hdfs/3.2.0/hadoop-hdfs-3.2.0-tests.jar:/root/.m2/repository/org/eclipse/jetty/jetty-util-ajax/9.3.24.v20180605/jetty-util-ajax-9.3.24.v20180605.jar:/root/.m2/repository/commons-daemon/commons-daemon/1.0.13/commons-daemon-1.0.13.jar:/root/.m2/repository/io/netty/netty/3.10.5.Final/netty-3.10.5.Final.jar:/root/.m2/repository/io/netty/netty-all/4.0.52.Final/netty-all-4.0.52.Final.jar:/root/.m2/repository/org/fusesource/leveldbjni/leveldbjni-all/1.8/leveldbjni-all-1.8.jar:"/>
    <property name="sun.cpu.endian" value="little"/>
    <property name="user.home" value="/root"/>
    <property name="user.language" value="en"/>
    <property name="java.specification.vendor" value="Oracle Corporation"/>
    <property name="java.home" value="/usr/lib/jvm/java-1.8-openjdk/jre"/>
    <property name="java.security.krb5.conf" value="/opt/src/hadoop-ozone/integration-test/target/test-classes/krb5.conf"/>
    <property name="basedir" value="/opt/src/hadoop-ozone/integration-test"/>
    <property name="file.separator" value="/"/>
    <property name="line.separator" value="&#10;"/>
    <property name="java.vm.specification.vendor" value="Oracle Corporation"/>
    <property name="java.specification.name" value="Java Platform API Specification"/>
    <property name="java.awt.graphicsenv" value="sun.awt.X11GraphicsEnvironment"/>
    <property name="surefire.real.class.path" value="/opt/src/hadoop-ozone/integration-test/target/surefire/surefirebooter4580232745272135898.jar"/>
    <property name="hadoop.log.dir" value="/opt/src/hadoop-ozone/integration-test/target/log"/>
    <property name="sun.boot.class.path" value="/usr/lib/jvm/java-1.8-openjdk/jre/lib/resources.jar:/usr/lib/jvm/java-1.8-openjdk/jre/lib/rt.jar:/usr/lib/jvm/java-1.8-openjdk/jre/lib/sunrsasign.jar:/usr/lib/jvm/java-1.8-openjdk/jre/lib/jsse.jar:/usr/lib/jvm/java-1.8-openjdk/jre/lib/jce.jar:/usr/lib/jvm/java-1.8-openjdk/jre/lib/charsets.jar:/usr/lib/jvm/java-1.8-openjdk/jre/lib/jfr.jar:/usr/lib/jvm/java-1.8-openjdk/jre/classes"/>
    <property name="sun.management.compiler" value="HotSpot 64-Bit Tiered Compilers"/>
    <property name="java.runtime.version" value="1.8.0_212-b04"/>
    <property name="java.net.preferIPv4Stack" value="true"/>
    <property name="user.name" value="root"/>
    <property name="path.separator" value=":"/>
    <property name="java.security.egd" value="file:///dev/urandom"/>
    <property name="os.version" value="4.15.0-1021-aws"/>
    <property name="java.endorsed.dirs" value="/usr/lib/jvm/java-1.8-openjdk/jre/lib/endorsed"/>
    <property name="java.runtime.name" value="OpenJDK Runtime Environment"/>
    <property name="file.encoding" value="UTF-8"/>
    <property name="java.vm.name" value="OpenJDK 64-Bit Server VM"/>
    <property name="test.build.webapps" value=""/>
    <property name="localRepository" value="/root/.m2/repository"/>
    <property name="java.vendor.url.bug" value="https://icedtea.classpath.org/bugzilla"/>
    <property name="java.io.tmpdir" value="/tmp"/>
    <property name="require.test.libhadoop" value=""/>
    <property name="java.version" value="1.8.0_212"/>
    <property name="user.dir" value="/opt/src/hadoop-ozone/integration-test"/>
    <property name="os.arch" value="amd64"/>
    <property name="java.vm.specification.name" value="Java Virtual Machine Specification"/>
    <property name="test.build.classes" value="/opt/src/hadoop-ozone/integration-test/target/test-classes"/>
    <property name="java.awt.printerjob" value="sun.print.PSPrinterJob"/>
    <property name="sun.os.patch.level" value="unknown"/>
    <property name="hadoop.tmp.dir" value="/opt/src/hadoop-ozone/integration-test/target/tmp"/>
    <property name="java.library.path" value="/usr/lib/jvm/java-1.8-openjdk/jre/lib/amd64/server:/usr/lib/jvm/java-1.8-openjdk/jre/lib/amd64:/usr/lib/jvm/java-1.8-openjdk/jre/../lib/amd64:/opt/src/hadoop-ozone/integration-test/target/native/target/usr/local/lib:/opt/src/hadoop-ozone/integration-test/../../hadoop-common-project/hadoop-common/target/native/target/usr/local/lib:/usr/java/packages/lib/amd64:/usr/lib64:/lib64:/lib:/usr/lib"/>
    <property name="java.vm.info" value="mixed mode"/>
    <property name="java.vendor" value="IcedTea"/>
    <property name="java.vm.version" value="25.212-b04"/>
    <property name="java.ext.dirs" value="/usr/lib/jvm/java-1.8-openjdk/jre/lib/ext:/usr/java/packages/lib/ext"/>
    <property name="sun.io.unicode.encoding" value="UnicodeLittle"/>
    <property name="java.class.version" value="52.0"/>
  </properties>
  <testcase name="testPipelineFail" classname="org.apache.hadoop.hdds.scm.pipeline.TestNodeFailure" time="0">
    <skipped/>
    <system-out><![CDATA[2019-06-12 15:42:28,417 WARN  server.ServerUtils (ServerUtils.java:getScmDbDir(145)) - ozone.scm.db.dirs is not configured. We recommend adding this setting. Falling back to ozone.metadata.dirs instead.
2019-06-12 15:42:28,484 WARN  server.ServerUtils (ServerUtils.java:getScmDbDir(145)) - ozone.scm.db.dirs is not configured. We recommend adding this setting. Falling back to ozone.metadata.dirs instead.
2019-06-12 15:42:28,486 WARN  server.ServerUtils (ServerUtils.java:getScmDbDir(145)) - ozone.scm.db.dirs is not configured. We recommend adding this setting. Falling back to ozone.metadata.dirs instead.
2019-06-12 15:42:28,500 INFO  util.log (Log.java:initialized(192)) - Logging initialized @651ms
2019-06-12 15:42:28,580 INFO  db.DBStoreBuilder (DBStoreBuilder.java:addTable(110)) - using custom profile for table: deletedBlocks
2019-06-12 15:42:28,580 INFO  db.DBStoreBuilder (DBStoreBuilder.java:processTables(161)) - Using default column profile:DBProfile.DISK for Table:deletedBlocks
2019-06-12 15:42:28,580 INFO  db.DBStoreBuilder (DBStoreBuilder.java:addTable(110)) - using custom profile for table: validCerts
2019-06-12 15:42:28,580 INFO  db.DBStoreBuilder (DBStoreBuilder.java:processTables(161)) - Using default column profile:DBProfile.DISK for Table:validCerts
2019-06-12 15:42:28,581 INFO  db.DBStoreBuilder (DBStoreBuilder.java:addTable(110)) - using custom profile for table: revokedCerts
2019-06-12 15:42:28,581 INFO  db.DBStoreBuilder (DBStoreBuilder.java:processTables(161)) - Using default column profile:DBProfile.DISK for Table:revokedCerts
2019-06-12 15:42:28,591 INFO  db.DBStoreBuilder (DBStoreBuilder.java:addTable(110)) - using custom profile for table: default
2019-06-12 15:42:28,591 INFO  db.DBStoreBuilder (DBStoreBuilder.java:processTables(167)) - Using default column profile:DBProfile.DISK for Table:default
2019-06-12 15:42:28,592 INFO  db.DBStoreBuilder (DBStoreBuilder.java:getDbProfile(198)) - Using default options. DBProfile.DISK
2019-06-12 15:42:28,654 INFO  node.SCMNodeManager (SCMNodeManager.java:<init>(108)) - Entering startup safe mode.
2019-06-12 15:42:28,706 INFO  net.NodeSchemaLoader (NodeSchemaLoader.java:loadSchemaFromFile(125)) - Loading file from sun.misc.CompoundEnumeration@443118b0
2019-06-12 15:42:28,707 INFO  net.NodeSchemaLoader (NodeSchemaLoader.java:loadSchema(171)) - Loading network topology layer schema file
2019-06-12 15:42:28,754 WARN  server.ServerUtils (ServerUtils.java:getScmDbDir(145)) - ozone.scm.db.dirs is not configured. We recommend adding this setting. Falling back to ozone.metadata.dirs instead.
2019-06-12 15:42:28,773 INFO  pipeline.SCMPipelineManager (SCMPipelineManager.java:initializePipelineState(126)) - No pipeline exists in current db
2019-06-12 15:42:28,774 WARN  server.ServerUtils (ServerUtils.java:getScmDbDir(145)) - ozone.scm.db.dirs is not configured. We recommend adding this setting. Falling back to ozone.metadata.dirs instead.
2019-06-12 15:42:28,820 WARN  events.EventQueue (EventQueue.java:fireEvent(175)) - No event handler registered for event TypedEvent{payloadType=SafeModeStatus, name='SafeModeStatus'}
2019-06-12 15:42:29,063 INFO  ipc.CallQueueManager (CallQueueManager.java:<init>(84)) - Using callQueue: class java.util.concurrent.LinkedBlockingQueue, queueCapacity: 2000, scheduler: class org.apache.hadoop.ipc.DefaultRpcScheduler, ipcBackoff: false.
2019-06-12 15:42:29,084 INFO  ipc.Server (Server.java:run(1074)) - Starting Socket Reader #1 for port 46647
2019-06-12 15:42:29,101 INFO  ipc.CallQueueManager (CallQueueManager.java:<init>(84)) - Using callQueue: class java.util.concurrent.LinkedBlockingQueue, queueCapacity: 2000, scheduler: class org.apache.hadoop.ipc.DefaultRpcScheduler, ipcBackoff: false.
2019-06-12 15:42:29,101 INFO  ipc.Server (Server.java:run(1074)) - Starting Socket Reader #1 for port 40437
2019-06-12 15:42:29,107 INFO  ipc.CallQueueManager (CallQueueManager.java:<init>(84)) - Using callQueue: class java.util.concurrent.LinkedBlockingQueue, queueCapacity: 2000, scheduler: class org.apache.hadoop.ipc.DefaultRpcScheduler, ipcBackoff: false.
2019-06-12 15:42:29,131 INFO  ipc.Server (Server.java:run(1074)) - Starting Socket Reader #1 for port 41267
2019-06-12 15:42:29,146 INFO  hdfs.DFSUtil (DFSUtil.java:httpServerTemplateForNNAndJN(1641)) - Starting Web-server for scm at: http://0.0.0.0:0
2019-06-12 15:42:29,271 INFO  server.AuthenticationFilter (AuthenticationFilter.java:constructSecretProvider(240)) - Unable to initialize FileSignerSecretProvider, falling back to use random secrets.
2019-06-12 15:42:29,277 WARN  http.HttpRequestLog (HttpRequestLog.java:getRequestLog(97)) - Jetty request log can only be enabled using Log4j
2019-06-12 15:42:29,284 INFO  http.HttpServer2 (HttpServer2.java:addGlobalFilter(975)) - Added global filter 'safety' (class=org.apache.hadoop.http.HttpServer2$QuotingInputFilter)
2019-06-12 15:42:29,286 INFO  http.HttpServer2 (HttpServer2.java:addFilter(948)) - Added filter static_user_filter (class=org.apache.hadoop.http.lib.StaticUserWebFilter$StaticUserFilter) to context scm
2019-06-12 15:42:29,286 INFO  http.HttpServer2 (HttpServer2.java:addFilter(958)) - Added filter static_user_filter (class=org.apache.hadoop.http.lib.StaticUserWebFilter$StaticUserFilter) to context logs
2019-06-12 15:42:29,286 INFO  http.HttpServer2 (HttpServer2.java:addFilter(958)) - Added filter static_user_filter (class=org.apache.hadoop.http.lib.StaticUserWebFilter$StaticUserFilter) to context static
2019-06-12 15:42:29,306 INFO  server.StorageContainerManager (StorageContainerManager.java:start(752)) - StorageContainerLocationProtocol RPC server is listening at /0.0.0.0:41267
2019-06-12 15:42:29,347 WARN  impl.MetricsConfig (MetricsConfig.java:loadFirst(134)) - Cannot locate configuration: tried hadoop-metrics2-storagecontainermanager.properties,hadoop-metrics2.properties
2019-06-12 15:42:29,356 INFO  impl.MetricsSystemImpl (MetricsSystemImpl.java:startTimer(374)) - Scheduled Metric snapshot period at 10 second(s).
2019-06-12 15:42:29,356 INFO  impl.MetricsSystemImpl (MetricsSystemImpl.java:start(191)) - StorageContainerManager metrics system started
2019-06-12 15:42:29,515 INFO  server.SCMClientProtocolServer (SCMClientProtocolServer.java:start(149)) - RPC server for Client  is listening at /0.0.0.0:41267
2019-06-12 15:42:29,515 INFO  ipc.Server (Server.java:run(1314)) - IPC Server Responder: starting
2019-06-12 15:42:29,515 INFO  ipc.Server (Server.java:run(1153)) - IPC Server listener on 41267: starting
2019-06-12 15:42:29,517 INFO  server.StorageContainerManager (StorageContainerManager.java:start(761)) - ScmBlockLocationProtocol RPC server is listening at /0.0.0.0:40437
2019-06-12 15:42:29,517 INFO  server.SCMBlockProtocolServer (SCMBlockProtocolServer.java:start(137)) - RPC server for Block Protocol is listening at /0.0.0.0:40437
2019-06-12 15:42:29,518 INFO  ipc.Server (Server.java:run(1314)) - IPC Server Responder: starting
2019-06-12 15:42:29,518 INFO  ipc.Server (Server.java:run(1153)) - IPC Server listener on 40437: starting
2019-06-12 15:42:29,519 INFO  server.StorageContainerManager (StorageContainerManager.java:start(765)) - ScmDatanodeProtocl RPC server is listening at /0.0.0.0:46647
2019-06-12 15:42:29,520 INFO  server.SCMDatanodeProtocolServer (SCMDatanodeProtocolServer.java:start(191)) - RPC server for DataNodes is listening at /0.0.0.0:46647
2019-06-12 15:42:29,520 INFO  ipc.Server (Server.java:run(1314)) - IPC Server Responder: starting
2019-06-12 15:42:29,520 INFO  ipc.Server (Server.java:run(1153)) - IPC Server listener on 46647: starting
2019-06-12 15:42:29,522 INFO  http.HttpServer2 (HttpServer2.java:bindListener(1191)) - Jetty bound to port 41269
2019-06-12 15:42:29,524 INFO  server.Server (Server.java:doStart(351)) - jetty-9.3.24.v20180605, build timestamp: 2018-06-05T17:11:56Z, git hash: 84205aa28f11a4f31f2a3b86d1bba2cc8ab69827
2019-06-12 15:42:29,556 INFO  handler.ContextHandler (ContextHandler.java:doStart(781)) - Started o.e.j.s.ServletContextHandler@2df6226d{/logs,file:///opt/src/hadoop-ozone/integration-test/target/log,AVAILABLE}
2019-06-12 15:42:29,557 INFO  handler.ContextHandler (ContextHandler.java:doStart(781)) - Started o.e.j.s.ServletContextHandler@4ff4357f{/static,file:///opt/src/hadoop-ozone/integration-test/target/test-classes/webapps/static,AVAILABLE}
2019-06-12 15:42:29,581 INFO  handler.ContextHandler (ContextHandler.java:doStart(781)) - Started o.e.j.w.WebAppContext@2484f433{/,file:///opt/src/hadoop-ozone/integration-test/target/test-classes/webapps/scm/,AVAILABLE}{/scm}
2019-06-12 15:42:29,587 INFO  server.AbstractConnector (AbstractConnector.java:doStart(278)) - Started ServerConnector@841e575{HTTP/1.1,[http/1.1]}{0.0.0.0:41269}
2019-06-12 15:42:29,587 INFO  server.Server (Server.java:doStart(419)) - Started @1738ms
2019-06-12 15:42:29,588 INFO  server.BaseHttpServer (BaseHttpServer.java:updateConnectorAddress(207)) - HTTP server of SCM is listening at http://0.0.0.0:41269
2019-06-12 15:42:29,593 INFO  util.JvmPauseMonitor (JvmPauseMonitor.java:run(188)) - Starting JVM pause monitor
2019-06-12 15:42:29,596 WARN  scm.ScmUtils (ScmUtils.java:getDBPath(63)) - ozone.om.db.dirs is not configured. We recommend adding this setting. Falling back to ozone.metadata.dirs instead.
2019-06-12 15:42:29,670 WARN  scm.ScmUtils (ScmUtils.java:getDBPath(63)) - ozone.om.db.dirs is not configured. We recommend adding this setting. Falling back to ozone.metadata.dirs instead.
2019-06-12 15:42:29,671 INFO  om.OzoneManager (OzoneManager.java:setOMNodeDetails(519)) - OM Service ID is not set. Setting it to the default ID: omServiceIdDefault
2019-06-12 15:42:29,672 INFO  om.OzoneManager (OzoneManager.java:setOMNodeDetails(525)) - OM Node ID is not set. Setting it to the OmStorage's OmID: ce16d3f2-9946-44ee-b4f9-622dd9e1b8e9
2019-06-12 15:42:29,682 WARN  scm.HddsServerUtil (HddsServerUtil.java:getDefaultRatisDirectory(354)) - Storage directory for Ratis is not configured. It is a good idea to map this to an SSD disk. Falling back to ozone.metadata.dirs
2019-06-12 15:42:29,683 WARN  scm.HddsServerUtil (HddsServerUtil.java:getDefaultRatisDirectory(354)) - Storage directory for Ratis is not configured. It is a good idea to map this to an SSD disk. Falling back to ozone.metadata.dirs
2019-06-12 15:42:29,683 INFO  om.OzoneManager (OzoneManager.java:loadOMHAConfigs(476)) - Found matching OM address with OMServiceId: null, OMNodeId: null, RPC Address: localhost:0 and Ratis port: 9872
2019-06-12 15:42:29,842 WARN  scm.ScmUtils (ScmUtils.java:getDBPath(63)) - ozone.om.db.dirs is not configured. We recommend adding this setting. Falling back to ozone.metadata.dirs instead.
2019-06-12 15:42:29,849 INFO  db.DBStoreBuilder (DBStoreBuilder.java:addTable(110)) - using custom profile for table: userTable
2019-06-12 15:42:29,849 INFO  db.DBStoreBuilder (DBStoreBuilder.java:processTables(161)) - Using default column profile:DBProfile.DISK for Table:userTable
2019-06-12 15:42:29,850 INFO  db.DBStoreBuilder (DBStoreBuilder.java:addTable(110)) - using custom profile for table: volumeTable
2019-06-12 15:42:29,850 INFO  db.DBStoreBuilder (DBStoreBuilder.java:processTables(161)) - Using default column profile:DBProfile.DISK for Table:volumeTable
2019-06-12 15:42:29,850 INFO  db.DBStoreBuilder (DBStoreBuilder.java:addTable(110)) - using custom profile for table: bucketTable
2019-06-12 15:42:29,850 INFO  db.DBStoreBuilder (DBStoreBuilder.java:processTables(161)) - Using default column profile:DBProfile.DISK for Table:bucketTable
2019-06-12 15:42:29,851 INFO  db.DBStoreBuilder (DBStoreBuilder.java:addTable(110)) - using custom profile for table: keyTable
2019-06-12 15:42:29,851 INFO  db.DBStoreBuilder (DBStoreBuilder.java:processTables(161)) - Using default column profile:DBProfile.DISK for Table:keyTable
2019-06-12 15:42:29,851 INFO  db.DBStoreBuilder (DBStoreBuilder.java:addTable(110)) - using custom profile for table: deletedTable
2019-06-12 15:42:29,852 INFO  db.DBStoreBuilder (DBStoreBuilder.java:processTables(161)) - Using default column profile:DBProfile.DISK for Table:deletedTable
2019-06-12 15:42:29,852 INFO  db.DBStoreBuilder (DBStoreBuilder.java:addTable(110)) - using custom profile for table: openKeyTable
2019-06-12 15:42:29,852 INFO  db.DBStoreBuilder (DBStoreBuilder.java:processTables(161)) - Using default column profile:DBProfile.DISK for Table:openKeyTable
2019-06-12 15:42:29,852 INFO  db.DBStoreBuilder (DBStoreBuilder.java:addTable(110)) - using custom profile for table: s3Table
2019-06-12 15:42:29,853 INFO  db.DBStoreBuilder (DBStoreBuilder.java:processTables(161)) - Using default column profile:DBProfile.DISK for Table:s3Table
2019-06-12 15:42:29,853 INFO  db.DBStoreBuilder (DBStoreBuilder.java:addTable(110)) - using custom profile for table: multipartInfoTable
2019-06-12 15:42:29,853 INFO  db.DBStoreBuilder (DBStoreBuilder.java:processTables(161)) - Using default column profile:DBProfile.DISK for Table:multipartInfoTable
2019-06-12 15:42:29,853 INFO  db.DBStoreBuilder (DBStoreBuilder.java:addTable(110)) - using custom profile for table: dTokenTable
2019-06-12 15:42:29,853 INFO  db.DBStoreBuilder (DBStoreBuilder.java:processTables(161)) - Using default column profile:DBProfile.DISK for Table:dTokenTable
2019-06-12 15:42:29,854 INFO  db.DBStoreBuilder (DBStoreBuilder.java:addTable(110)) - using custom profile for table: s3SecretTable
2019-06-12 15:42:29,854 INFO  db.DBStoreBuilder (DBStoreBuilder.java:processTables(161)) - Using default column profile:DBProfile.DISK for Table:s3SecretTable
2019-06-12 15:42:29,854 INFO  db.DBStoreBuilder (DBStoreBuilder.java:addTable(110)) - using custom profile for table: prefixTable
2019-06-12 15:42:29,854 INFO  db.DBStoreBuilder (DBStoreBuilder.java:processTables(161)) - Using default column profile:DBProfile.DISK for Table:prefixTable
2019-06-12 15:42:29,855 INFO  db.DBStoreBuilder (DBStoreBuilder.java:addTable(110)) - using custom profile for table: default
2019-06-12 15:42:29,855 INFO  db.DBStoreBuilder (DBStoreBuilder.java:processTables(167)) - Using default column profile:DBProfile.DISK for Table:default
2019-06-12 15:42:29,855 INFO  db.DBStoreBuilder (DBStoreBuilder.java:getDbProfile(198)) - Using default options. DBProfile.DISK
2019-06-12 15:42:30,329 INFO  ipc.CallQueueManager (CallQueueManager.java:<init>(84)) - Using callQueue: class java.util.concurrent.LinkedBlockingQueue, queueCapacity: 2000, scheduler: class org.apache.hadoop.ipc.DefaultRpcScheduler, ipcBackoff: false.
2019-06-12 15:42:30,329 INFO  ipc.Server (Server.java:run(1074)) - Starting Socket Reader #1 for port 39759
2019-06-12 15:42:30,357 WARN  scm.ScmUtils (ScmUtils.java:getDBPath(63)) - ozone.om.db.dirs is not configured. We recommend adding this setting. Falling back to ozone.metadata.dirs instead.
2019-06-12 15:42:30,358 INFO  om.OzoneManager (OzoneManager.java:start(1217)) - OzoneManager RPC server is listening at localhost/127.0.0.1:39759
2019-06-12 15:42:30,358 INFO  impl.MetricsSystemImpl (MetricsSystemImpl.java:init(158)) - OzoneManager metrics system started (again)
2019-06-12 15:42:30,359 INFO  ipc.Server (Server.java:run(1314)) - IPC Server Responder: starting
2019-06-12 15:42:30,362 INFO  ipc.Server (Server.java:run(1153)) - IPC Server listener on 39759: starting
2019-06-12 15:42:30,377 INFO  hdfs.DFSUtil (DFSUtil.java:httpServerTemplateForNNAndJN(1641)) - Starting Web-server for ozoneManager at: http://0.0.0.0:0
2019-06-12 15:42:30,379 INFO  server.AuthenticationFilter (AuthenticationFilter.java:constructSecretProvider(240)) - Unable to initialize FileSignerSecretProvider, falling back to use random secrets.
2019-06-12 15:42:30,380 WARN  http.HttpRequestLog (HttpRequestLog.java:getRequestLog(97)) - Jetty request log can only be enabled using Log4j
2019-06-12 15:42:30,381 INFO  http.HttpServer2 (HttpServer2.java:addGlobalFilter(975)) - Added global filter 'safety' (class=org.apache.hadoop.http.HttpServer2$QuotingInputFilter)
2019-06-12 15:42:30,382 INFO  http.HttpServer2 (HttpServer2.java:addFilter(948)) - Added filter static_user_filter (class=org.apache.hadoop.http.lib.StaticUserWebFilter$StaticUserFilter) to context ozoneManager
2019-06-12 15:42:30,382 INFO  http.HttpServer2 (HttpServer2.java:addFilter(958)) - Added filter static_user_filter (class=org.apache.hadoop.http.lib.StaticUserWebFilter$StaticUserFilter) to context logs
2019-06-12 15:42:30,382 INFO  http.HttpServer2 (HttpServer2.java:addFilter(958)) - Added filter static_user_filter (class=org.apache.hadoop.http.lib.StaticUserWebFilter$StaticUserFilter) to context static
2019-06-12 15:42:30,384 INFO  http.HttpServer2 (HttpServer2.java:bindListener(1191)) - Jetty bound to port 43609
2019-06-12 15:42:30,384 INFO  server.Server (Server.java:doStart(351)) - jetty-9.3.24.v20180605, build timestamp: 2018-06-05T17:11:56Z, git hash: 84205aa28f11a4f31f2a3b86d1bba2cc8ab69827
2019-06-12 15:42:30,385 INFO  handler.ContextHandler (ContextHandler.java:doStart(781)) - Started o.e.j.s.ServletContextHandler@7c2a69b4{/logs,file:///opt/src/hadoop-ozone/integration-test/target/log,AVAILABLE}
2019-06-12 15:42:30,386 INFO  handler.ContextHandler (ContextHandler.java:doStart(781)) - Started o.e.j.s.ServletContextHandler@648ee871{/static,file:///opt/src/hadoop-ozone/integration-test/target/test-classes/webapps/static,AVAILABLE}
2019-06-12 15:42:30,389 INFO  handler.ContextHandler (ContextHandler.java:doStart(781)) - Started o.e.j.w.WebAppContext@6f012914{/,file:///opt/src/hadoop-ozone/integration-test/target/test-classes/webapps/ozoneManager/,AVAILABLE}{/ozoneManager}
2019-06-12 15:42:30,389 INFO  server.AbstractConnector (AbstractConnector.java:doStart(278)) - Started ServerConnector@18fdb6cf{HTTP/1.1,[http/1.1]}{0.0.0.0:43609}
2019-06-12 15:42:30,390 INFO  server.Server (Server.java:doStart(419)) - Started @2541ms
2019-06-12 15:42:30,390 INFO  server.BaseHttpServer (BaseHttpServer.java:updateConnectorAddress(207)) - HTTP server of OZONEMANAGER is listening at http://0.0.0.0:43609
2019-06-12 15:42:30,544 INFO  impl.MetricsSystemImpl (MetricsSystemImpl.java:init(158)) - HddsDatanode metrics system started (again)
2019-06-12 15:42:30,689 INFO  ozone.HddsDatanodeService (HddsDatanodeService.java:start(185)) - HddsDatanodeService host:ozone-bzwcn-1332811729 ip:192.168.134.73
2019-06-12 15:42:30,709 INFO  volume.HddsVolume (HddsVolume.java:<init>(176)) - Creating Volume: /opt/src/hadoop-ozone/integration-test/target/test-dir/MiniOzoneClusterImpl-faabf5b7-0d59-48d6-bf0d-ae8b06f64124/datanode-0/data/containers/hdds of  storage type : DISK and capacity : 104021790720
2019-06-12 15:42:30,711 INFO  volume.VolumeSet (VolumeSet.java:initializeVolumeSet(170)) - Added Volume : /opt/src/hadoop-ozone/integration-test/target/test-dir/MiniOzoneClusterImpl-faabf5b7-0d59-48d6-bf0d-ae8b06f64124/datanode-0/data/containers/hdds to VolumeSet
2019-06-12 15:42:30,713 INFO  volume.ThrottledAsyncChecker (ThrottledAsyncChecker.java:schedule(140)) - Scheduling a check for org.apache.hadoop.ozone.container.common.volume.HddsVolume@4a6c18ad
2019-06-12 15:42:30,730 INFO  volume.HddsVolumeChecker (HddsVolumeChecker.java:checkAllVolumes(203)) - Scheduled health check for volume org.apache.hadoop.ozone.container.common.volume.HddsVolume@4a6c18ad
2019-06-12 15:42:30,764 INFO  ratis.XceiverServerRatis (XceiverServerRatis.java:newXceiverServerRatis(401)) - Found a free port for the server : 39523
2019-06-12 15:42:30,821 INFO  impl.RaftServerProxy (ConfUtils.java:logGet(43)) - raft.rpc.type = GRPC (default)
2019-06-12 15:42:30,829 INFO  grpc.GrpcConfigKeys$Server (ConfUtils.java:logGet(43)) - raft.grpc.server.port = 39523 (custom)
2019-06-12 15:42:30,830 INFO  server.GrpcService (ConfUtils.java:logGet(43)) - raft.grpc.message.size.max = 33570816 (custom)
2019-06-12 15:42:30,832 INFO  server.RaftServerConfigKeys (ConfUtils.java:logGet(43)) - raft.server.log.appender.buffer.byte-limit = 33554432 (custom)
2019-06-12 15:42:30,832 INFO  server.GrpcService (ConfUtils.java:logGet(43)) - raft.grpc.flow.control.window = 1MB (=1048576) (default)
2019-06-12 15:42:30,833 INFO  server.RaftServerConfigKeys (ConfUtils.java:logGet(43)) - raft.server.rpc.request.timeout = 3000ms (default)
2019-06-12 15:42:30,956 INFO  server.RaftServerConfigKeys (ConfUtils.java:logGet(43)) - raft.server.storage.dir = [/opt/src/hadoop-ozone/integration-test/target/test-dir/MiniOzoneClusterImpl-faabf5b7-0d59-48d6-bf0d-ae8b06f64124/datanode-0/data/ratis] (custom)
2019-06-12 15:42:30,963 INFO  server.XceiverServerGrpc (XceiverServerGrpc.java:<init>(97)) - Found a free port for the server : 38959
2019-06-12 15:42:30,988 INFO  replication.SimpleContainerDownloader (SimpleContainerDownloader.java:<init>(72)) - Starting container downloader service to copy containers to replicate.
2019-06-12 15:42:31,010 INFO  hdfs.DFSUtil (DFSUtil.java:httpServerTemplateForNNAndJN(1641)) - Starting Web-server for hddsDatanode at: http://0.0.0.0:0
2019-06-12 15:42:31,012 INFO  server.AuthenticationFilter (AuthenticationFilter.java:constructSecretProvider(240)) - Unable to initialize FileSignerSecretProvider, falling back to use random secrets.
2019-06-12 15:42:31,014 WARN  http.HttpRequestLog (HttpRequestLog.java:getRequestLog(97)) - Jetty request log can only be enabled using Log4j
2019-06-12 15:42:31,015 INFO  http.HttpServer2 (HttpServer2.java:addGlobalFilter(975)) - Added global filter 'safety' (class=org.apache.hadoop.http.HttpServer2$QuotingInputFilter)
2019-06-12 15:42:31,016 INFO  http.HttpServer2 (HttpServer2.java:addFilter(948)) - Added filter static_user_filter (class=org.apache.hadoop.http.lib.StaticUserWebFilter$StaticUserFilter) to context hddsDatanode
2019-06-12 15:42:31,016 INFO  http.HttpServer2 (HttpServer2.java:addFilter(958)) - Added filter static_user_filter (class=org.apache.hadoop.http.lib.StaticUserWebFilter$StaticUserFilter) to context logs
2019-06-12 15:42:31,016 INFO  http.HttpServer2 (HttpServer2.java:addFilter(958)) - Added filter static_user_filter (class=org.apache.hadoop.http.lib.StaticUserWebFilter$StaticUserFilter) to context static
2019-06-12 15:42:31,017 INFO  http.HttpServer2 (HttpServer2.java:bindListener(1191)) - Jetty bound to port 43479
2019-06-12 15:42:31,017 INFO  server.Server (Server.java:doStart(351)) - jetty-9.3.24.v20180605, build timestamp: 2018-06-05T17:11:56Z, git hash: 84205aa28f11a4f31f2a3b86d1bba2cc8ab69827
2019-06-12 15:42:31,020 INFO  handler.ContextHandler (ContextHandler.java:doStart(781)) - Started o.e.j.s.ServletContextHandler@2e51d054{/logs,file:///opt/src/hadoop-ozone/integration-test/target/log,AVAILABLE}
2019-06-12 15:42:31,020 INFO  handler.ContextHandler (ContextHandler.java:doStart(781)) - Started o.e.j.s.ServletContextHandler@615e3f51{/static,jar:file:/root/.m2/repository/org/apache/hadoop/hadoop-hdds-container-service/0.5.0-SNAPSHOT/hadoop-hdds-container-service-0.5.0-SNAPSHOT.jar!/webapps/static,AVAILABLE}
2019-06-12 15:42:31,048 INFO  handler.ContextHandler (ContextHandler.java:doStart(781)) - Started o.e.j.w.WebAppContext@5e1fc2aa{/,file:///tmp/jetty-0.0.0.0-43479-hddsDatanode-_-any-8733113112849616006.dir/webapp/,AVAILABLE}{/hddsDatanode}
2019-06-12 15:42:31,048 INFO  server.AbstractConnector (AbstractConnector.java:doStart(278)) - Started ServerConnector@6927230{HTTP/1.1,[http/1.1]}{0.0.0.0:43479}
2019-06-12 15:42:31,049 INFO  server.Server (Server.java:doStart(419)) - Started @3200ms
2019-06-12 15:42:31,050 INFO  server.BaseHttpServer (BaseHttpServer.java:updateConnectorAddress(207)) - HTTP server of HDDSDATANODE is listening at http://0.0.0.0:43479
2019-06-12 15:42:31,841 INFO  ozone.HddsDatanodeService (HddsDatanodeService.java:startPlugins(396)) - Started plug-in org.apache.hadoop.ozone.web.OzoneHddsDatanodeService@1f992a3a
2019-06-12 15:42:31,842 INFO  impl.MetricsSystemImpl (MetricsSystemImpl.java:init(158)) - HddsDatanode metrics system started (again)
2019-06-12 15:42:31,842 INFO  ozone.HddsDatanodeService (HddsDatanodeService.java:start(185)) - HddsDatanodeService host:ozone-bzwcn-1332811729 ip:192.168.134.73
2019-06-12 15:42:31,849 INFO  util.JvmPauseMonitor (JvmPauseMonitor.java:run(188)) - Starting JVM pause monitor
2019-06-12 15:42:31,850 INFO  volume.HddsVolume (HddsVolume.java:<init>(176)) - Creating Volume: /opt/src/hadoop-ozone/integration-test/target/test-dir/MiniOzoneClusterImpl-faabf5b7-0d59-48d6-bf0d-ae8b06f64124/datanode-1/data/containers/hdds of  storage type : DISK and capacity : 104021790720
2019-06-12 15:42:31,851 INFO  volume.VolumeSet (VolumeSet.java:initializeVolumeSet(170)) - Added Volume : /opt/src/hadoop-ozone/integration-test/target/test-dir/MiniOzoneClusterImpl-faabf5b7-0d59-48d6-bf0d-ae8b06f64124/datanode-1/data/containers/hdds to VolumeSet
2019-06-12 15:42:31,851 INFO  volume.ThrottledAsyncChecker (ThrottledAsyncChecker.java:schedule(140)) - Scheduling a check for org.apache.hadoop.ozone.container.common.volume.HddsVolume@78a8978a
2019-06-12 15:42:31,855 INFO  volume.HddsVolumeChecker (HddsVolumeChecker.java:checkAllVolumes(203)) - Scheduled health check for volume org.apache.hadoop.ozone.container.common.volume.HddsVolume@78a8978a
2019-06-12 15:42:31,870 INFO  ratis.XceiverServerRatis (XceiverServerRatis.java:newXceiverServerRatis(401)) - Found a free port for the server : 40439
2019-06-12 15:42:31,871 INFO  impl.RaftServerProxy (ConfUtils.java:logGet(43)) - raft.rpc.type = GRPC (default)
2019-06-12 15:42:31,871 INFO  grpc.GrpcConfigKeys$Server (ConfUtils.java:logGet(43)) - raft.grpc.server.port = 40439 (custom)
2019-06-12 15:42:31,872 INFO  server.GrpcService (ConfUtils.java:logGet(43)) - raft.grpc.message.size.max = 33570816 (custom)
2019-06-12 15:42:31,872 INFO  server.RaftServerConfigKeys (ConfUtils.java:logGet(43)) - raft.server.log.appender.buffer.byte-limit = 33554432 (custom)
2019-06-12 15:42:31,872 INFO  server.GrpcService (ConfUtils.java:logGet(43)) - raft.grpc.flow.control.window = 1MB (=1048576) (default)
2019-06-12 15:42:31,872 INFO  server.RaftServerConfigKeys (ConfUtils.java:logGet(43)) - raft.server.rpc.request.timeout = 3000ms (default)
2019-06-12 15:42:31,873 INFO  server.RaftServerConfigKeys (ConfUtils.java:logGet(43)) - raft.server.storage.dir = [/opt/src/hadoop-ozone/integration-test/target/test-dir/MiniOzoneClusterImpl-faabf5b7-0d59-48d6-bf0d-ae8b06f64124/datanode-1/data/ratis] (custom)
2019-06-12 15:42:31,873 INFO  server.XceiverServerGrpc (XceiverServerGrpc.java:<init>(97)) - Found a free port for the server : 43413
2019-06-12 15:42:31,874 INFO  replication.SimpleContainerDownloader (SimpleContainerDownloader.java:<init>(72)) - Starting container downloader service to copy containers to replicate.
2019-06-12 15:42:31,875 INFO  hdfs.DFSUtil (DFSUtil.java:httpServerTemplateForNNAndJN(1641)) - Starting Web-server for hddsDatanode at: http://0.0.0.0:0
2019-06-12 15:42:31,877 INFO  server.AuthenticationFilter (AuthenticationFilter.java:constructSecretProvider(240)) - Unable to initialize FileSignerSecretProvider, falling back to use random secrets.
2019-06-12 15:42:31,878 WARN  http.HttpRequestLog (HttpRequestLog.java:getRequestLog(97)) - Jetty request log can only be enabled using Log4j
2019-06-12 15:42:31,880 INFO  http.HttpServer2 (HttpServer2.java:addGlobalFilter(975)) - Added global filter 'safety' (class=org.apache.hadoop.http.HttpServer2$QuotingInputFilter)
2019-06-12 15:42:31,880 INFO  http.HttpServer2 (HttpServer2.java:addFilter(948)) - Added filter static_user_filter (class=org.apache.hadoop.http.lib.StaticUserWebFilter$StaticUserFilter) to context hddsDatanode
2019-06-12 15:42:31,880 INFO  http.HttpServer2 (HttpServer2.java:addFilter(958)) - Added filter static_user_filter (class=org.apache.hadoop.http.lib.StaticUserWebFilter$StaticUserFilter) to context logs
2019-06-12 15:42:31,881 INFO  http.HttpServer2 (HttpServer2.java:addFilter(958)) - Added filter static_user_filter (class=org.apache.hadoop.http.lib.StaticUserWebFilter$StaticUserFilter) to context static
2019-06-12 15:42:31,881 INFO  http.HttpServer2 (HttpServer2.java:bindListener(1191)) - Jetty bound to port 33945
2019-06-12 15:42:31,881 INFO  server.Server (Server.java:doStart(351)) - jetty-9.3.24.v20180605, build timestamp: 2018-06-05T17:11:56Z, git hash: 84205aa28f11a4f31f2a3b86d1bba2cc8ab69827
2019-06-12 15:42:31,894 INFO  handler.ContextHandler (ContextHandler.java:doStart(781)) - Started o.e.j.s.ServletContextHandler@2574a9e3{/logs,file:///opt/src/hadoop-ozone/integration-test/target/log,AVAILABLE}
2019-06-12 15:42:31,897 INFO  handler.ContextHandler (ContextHandler.java:doStart(781)) - Started o.e.j.s.ServletContextHandler@422ab737{/static,jar:file:/root/.m2/repository/org/apache/hadoop/hadoop-hdds-container-service/0.5.0-SNAPSHOT/hadoop-hdds-container-service-0.5.0-SNAPSHOT.jar!/webapps/static,AVAILABLE}
2019-06-12 15:42:31,930 INFO  handler.ContextHandler (ContextHandler.java:doStart(781)) - Started o.e.j.w.WebAppContext@78da899f{/,file:///tmp/jetty-0.0.0.0-33945-hddsDatanode-_-any-8103638518978417766.dir/webapp/,AVAILABLE}{/hddsDatanode}
2019-06-12 15:42:31,931 INFO  server.AbstractConnector (AbstractConnector.java:doStart(278)) - Started ServerConnector@e7b265e{HTTP/1.1,[http/1.1]}{0.0.0.0:33945}
2019-06-12 15:42:31,931 INFO  server.Server (Server.java:doStart(419)) - Started @4082ms
2019-06-12 15:42:31,932 INFO  server.BaseHttpServer (BaseHttpServer.java:updateConnectorAddress(207)) - HTTP server of HDDSDATANODE is listening at http://0.0.0.0:33945
2019-06-12 15:42:31,942 INFO  datanode.InitDatanodeState (InitDatanodeState.java:persistContainerDatanodeDetails(140)) - DatanodeDetails is persisted to /opt/src/hadoop-ozone/integration-test/target/test-dir/MiniOzoneClusterImpl-faabf5b7-0d59-48d6-bf0d-ae8b06f64124/datanode-0/meta/datanode.id
2019-06-12 15:42:32,041 INFO  ozone.HddsDatanodeService (HddsDatanodeService.java:startPlugins(396)) - Started plug-in org.apache.hadoop.ozone.web.OzoneHddsDatanodeService@63fd4dda
2019-06-12 15:42:32,041 INFO  impl.MetricsSystemImpl (MetricsSystemImpl.java:init(158)) - HddsDatanode metrics system started (again)
2019-06-12 15:42:32,041 INFO  ozone.HddsDatanodeService (HddsDatanodeService.java:start(185)) - HddsDatanodeService host:ozone-bzwcn-1332811729 ip:192.168.134.73
2019-06-12 15:42:32,046 INFO  util.JvmPauseMonitor (JvmPauseMonitor.java:run(188)) - Starting JVM pause monitor
2019-06-12 15:42:32,053 INFO  datanode.InitDatanodeState (InitDatanodeState.java:persistContainerDatanodeDetails(140)) - DatanodeDetails is persisted to /opt/src/hadoop-ozone/integration-test/target/test-dir/MiniOzoneClusterImpl-faabf5b7-0d59-48d6-bf0d-ae8b06f64124/datanode-1/meta/datanode.id
2019-06-12 15:42:32,053 INFO  volume.HddsVolume (HddsVolume.java:<init>(176)) - Creating Volume: /opt/src/hadoop-ozone/integration-test/target/test-dir/MiniOzoneClusterImpl-faabf5b7-0d59-48d6-bf0d-ae8b06f64124/datanode-2/data/containers/hdds of  storage type : DISK and capacity : 104021790720
2019-06-12 15:42:32,053 INFO  volume.VolumeSet (VolumeSet.java:initializeVolumeSet(170)) - Added Volume : /opt/src/hadoop-ozone/integration-test/target/test-dir/MiniOzoneClusterImpl-faabf5b7-0d59-48d6-bf0d-ae8b06f64124/datanode-2/data/containers/hdds to VolumeSet
2019-06-12 15:42:32,054 INFO  volume.ThrottledAsyncChecker (ThrottledAsyncChecker.java:schedule(140)) - Scheduling a check for org.apache.hadoop.ozone.container.common.volume.HddsVolume@4b56b031
2019-06-12 15:42:32,056 INFO  volume.HddsVolumeChecker (HddsVolumeChecker.java:checkAllVolumes(203)) - Scheduled health check for volume org.apache.hadoop.ozone.container.common.volume.HddsVolume@4b56b031
2019-06-12 15:42:32,066 INFO  ratis.XceiverServerRatis (XceiverServerRatis.java:newXceiverServerRatis(401)) - Found a free port for the server : 40147
2019-06-12 15:42:32,067 INFO  impl.RaftServerProxy (ConfUtils.java:logGet(43)) - raft.rpc.type = GRPC (default)
2019-06-12 15:42:32,067 INFO  grpc.GrpcConfigKeys$Server (ConfUtils.java:logGet(43)) - raft.grpc.server.port = 40147 (custom)
2019-06-12 15:42:32,067 INFO  server.GrpcService (ConfUtils.java:logGet(43)) - raft.grpc.message.size.max = 33570816 (custom)
2019-06-12 15:42:32,067 INFO  server.RaftServerConfigKeys (ConfUtils.java:logGet(43)) - raft.server.log.appender.buffer.byte-limit = 33554432 (custom)
2019-06-12 15:42:32,068 INFO  server.GrpcService (ConfUtils.java:logGet(43)) - raft.grpc.flow.control.window = 1MB (=1048576) (default)
2019-06-12 15:42:32,068 INFO  server.RaftServerConfigKeys (ConfUtils.java:logGet(43)) - raft.server.rpc.request.timeout = 3000ms (default)
2019-06-12 15:42:32,068 INFO  server.RaftServerConfigKeys (ConfUtils.java:logGet(43)) - raft.server.storage.dir = [/opt/src/hadoop-ozone/integration-test/target/test-dir/MiniOzoneClusterImpl-faabf5b7-0d59-48d6-bf0d-ae8b06f64124/datanode-2/data/ratis] (custom)
2019-06-12 15:42:32,068 INFO  server.XceiverServerGrpc (XceiverServerGrpc.java:<init>(97)) - Found a free port for the server : 38443
2019-06-12 15:42:32,069 INFO  replication.SimpleContainerDownloader (SimpleContainerDownloader.java:<init>(72)) - Starting container downloader service to copy containers to replicate.
2019-06-12 15:42:32,070 INFO  hdfs.DFSUtil (DFSUtil.java:httpServerTemplateForNNAndJN(1641)) - Starting Web-server for hddsDatanode at: http://0.0.0.0:0
2019-06-12 15:42:32,071 INFO  server.AuthenticationFilter (AuthenticationFilter.java:constructSecretProvider(240)) - Unable to initialize FileSignerSecretProvider, falling back to use random secrets.
2019-06-12 15:42:32,071 WARN  http.HttpRequestLog (HttpRequestLog.java:getRequestLog(97)) - Jetty request log can only be enabled using Log4j
2019-06-12 15:42:32,072 INFO  http.HttpServer2 (HttpServer2.java:addGlobalFilter(975)) - Added global filter 'safety' (class=org.apache.hadoop.http.HttpServer2$QuotingInputFilter)
2019-06-12 15:42:32,073 INFO  http.HttpServer2 (HttpServer2.java:addFilter(948)) - Added filter static_user_filter (class=org.apache.hadoop.http.lib.StaticUserWebFilter$StaticUserFilter) to context hddsDatanode
2019-06-12 15:42:32,073 INFO  http.HttpServer2 (HttpServer2.java:addFilter(958)) - Added filter static_user_filter (class=org.apache.hadoop.http.lib.StaticUserWebFilter$StaticUserFilter) to context logs
2019-06-12 15:42:32,073 INFO  http.HttpServer2 (HttpServer2.java:addFilter(958)) - Added filter static_user_filter (class=org.apache.hadoop.http.lib.StaticUserWebFilter$StaticUserFilter) to context static
2019-06-12 15:42:32,073 INFO  http.HttpServer2 (HttpServer2.java:bindListener(1191)) - Jetty bound to port 37321
2019-06-12 15:42:32,074 INFO  server.Server (Server.java:doStart(351)) - jetty-9.3.24.v20180605, build timestamp: 2018-06-05T17:11:56Z, git hash: 84205aa28f11a4f31f2a3b86d1bba2cc8ab69827
2019-06-12 15:42:32,075 INFO  handler.ContextHandler (ContextHandler.java:doStart(781)) - Started o.e.j.s.ServletContextHandler@2443abd6{/logs,file:///opt/src/hadoop-ozone/integration-test/target/log,AVAILABLE}
2019-06-12 15:42:32,075 INFO  handler.ContextHandler (ContextHandler.java:doStart(781)) - Started o.e.j.s.ServletContextHandler@bd3eff4{/static,jar:file:/root/.m2/repository/org/apache/hadoop/hadoop-hdds-container-service/0.5.0-SNAPSHOT/hadoop-hdds-container-service-0.5.0-SNAPSHOT.jar!/webapps/static,AVAILABLE}
2019-06-12 15:42:32,095 INFO  handler.ContextHandler (ContextHandler.java:doStart(781)) - Started o.e.j.w.WebAppContext@4e80a001{/,file:///tmp/jetty-0.0.0.0-37321-hddsDatanode-_-any-8819355339041682696.dir/webapp/,AVAILABLE}{/hddsDatanode}
2019-06-12 15:42:32,096 INFO  server.AbstractConnector (AbstractConnector.java:doStart(278)) - Started ServerConnector@624b523{HTTP/1.1,[http/1.1]}{0.0.0.0:37321}
2019-06-12 15:42:32,097 INFO  server.Server (Server.java:doStart(419)) - Started @4248ms
2019-06-12 15:42:32,097 INFO  server.BaseHttpServer (BaseHttpServer.java:updateConnectorAddress(207)) - HTTP server of HDDSDATANODE is listening at http://0.0.0.0:37321
2019-06-12 15:42:32,251 INFO  ozone.HddsDatanodeService (HddsDatanodeService.java:startPlugins(396)) - Started plug-in org.apache.hadoop.ozone.web.OzoneHddsDatanodeService@11c78080
2019-06-12 15:42:32,251 INFO  impl.MetricsSystemImpl (MetricsSystemImpl.java:init(158)) - HddsDatanode metrics system started (again)
2019-06-12 15:42:32,252 INFO  ozone.HddsDatanodeService (HddsDatanodeService.java:start(185)) - HddsDatanodeService host:ozone-bzwcn-1332811729 ip:192.168.134.73
2019-06-12 15:42:32,263 INFO  util.JvmPauseMonitor (JvmPauseMonitor.java:run(188)) - Starting JVM pause monitor
2019-06-12 15:42:32,266 INFO  volume.HddsVolume (HddsVolume.java:<init>(176)) - Creating Volume: /opt/src/hadoop-ozone/integration-test/target/test-dir/MiniOzoneClusterImpl-faabf5b7-0d59-48d6-bf0d-ae8b06f64124/datanode-3/data/containers/hdds of  storage type : DISK and capacity : 104021790720
2019-06-12 15:42:32,267 INFO  volume.VolumeSet (VolumeSet.java:initializeVolumeSet(170)) - Added Volume : /opt/src/hadoop-ozone/integration-test/target/test-dir/MiniOzoneClusterImpl-faabf5b7-0d59-48d6-bf0d-ae8b06f64124/datanode-3/data/containers/hdds to VolumeSet
2019-06-12 15:42:32,267 INFO  volume.ThrottledAsyncChecker (ThrottledAsyncChecker.java:schedule(140)) - Scheduling a check for org.apache.hadoop.ozone.container.common.volume.HddsVolume@7c11d32
2019-06-12 15:42:32,268 INFO  datanode.InitDatanodeState (InitDatanodeState.java:persistContainerDatanodeDetails(140)) - DatanodeDetails is persisted to /opt/src/hadoop-ozone/integration-test/target/test-dir/MiniOzoneClusterImpl-faabf5b7-0d59-48d6-bf0d-ae8b06f64124/datanode-2/meta/datanode.id
2019-06-12 15:42:32,274 INFO  volume.HddsVolumeChecker (HddsVolumeChecker.java:checkAllVolumes(203)) - Scheduled health check for volume org.apache.hadoop.ozone.container.common.volume.HddsVolume@7c11d32
2019-06-12 15:42:32,285 INFO  ratis.XceiverServerRatis (XceiverServerRatis.java:newXceiverServerRatis(401)) - Found a free port for the server : 46101
2019-06-12 15:42:32,286 INFO  impl.RaftServerProxy (ConfUtils.java:logGet(43)) - raft.rpc.type = GRPC (default)
2019-06-12 15:42:32,287 INFO  grpc.GrpcConfigKeys$Server (ConfUtils.java:logGet(43)) - raft.grpc.server.port = 46101 (custom)
2019-06-12 15:42:32,287 INFO  server.GrpcService (ConfUtils.java:logGet(43)) - raft.grpc.message.size.max = 33570816 (custom)
2019-06-12 15:42:32,287 INFO  server.RaftServerConfigKeys (ConfUtils.java:logGet(43)) - raft.server.log.appender.buffer.byte-limit = 33554432 (custom)
2019-06-12 15:42:32,287 INFO  server.GrpcService (ConfUtils.java:logGet(43)) - raft.grpc.flow.control.window = 1MB (=1048576) (default)
2019-06-12 15:42:32,288 INFO  server.RaftServerConfigKeys (ConfUtils.java:logGet(43)) - raft.server.rpc.request.timeout = 3000ms (default)
2019-06-12 15:42:32,288 INFO  server.RaftServerConfigKeys (ConfUtils.java:logGet(43)) - raft.server.storage.dir = [/opt/src/hadoop-ozone/integration-test/target/test-dir/MiniOzoneClusterImpl-faabf5b7-0d59-48d6-bf0d-ae8b06f64124/datanode-3/data/ratis] (custom)
2019-06-12 15:42:32,289 INFO  server.XceiverServerGrpc (XceiverServerGrpc.java:<init>(97)) - Found a free port for the server : 45643
2019-06-12 15:42:32,289 INFO  replication.SimpleContainerDownloader (SimpleContainerDownloader.java:<init>(72)) - Starting container downloader service to copy containers to replicate.
2019-06-12 15:42:32,290 INFO  hdfs.DFSUtil (DFSUtil.java:httpServerTemplateForNNAndJN(1641)) - Starting Web-server for hddsDatanode at: http://0.0.0.0:0
2019-06-12 15:42:32,292 INFO  server.AuthenticationFilter (AuthenticationFilter.java:constructSecretProvider(240)) - Unable to initialize FileSignerSecretProvider, falling back to use random secrets.
2019-06-12 15:42:32,292 WARN  http.HttpRequestLog (HttpRequestLog.java:getRequestLog(97)) - Jetty request log can only be enabled using Log4j
2019-06-12 15:42:32,294 INFO  http.HttpServer2 (HttpServer2.java:addGlobalFilter(975)) - Added global filter 'safety' (class=org.apache.hadoop.http.HttpServer2$QuotingInputFilter)
2019-06-12 15:42:32,295 INFO  http.HttpServer2 (HttpServer2.java:addFilter(948)) - Added filter static_user_filter (class=org.apache.hadoop.http.lib.StaticUserWebFilter$StaticUserFilter) to context hddsDatanode
2019-06-12 15:42:32,295 INFO  http.HttpServer2 (HttpServer2.java:addFilter(958)) - Added filter static_user_filter (class=org.apache.hadoop.http.lib.StaticUserWebFilter$StaticUserFilter) to context logs
2019-06-12 15:42:32,295 INFO  http.HttpServer2 (HttpServer2.java:addFilter(958)) - Added filter static_user_filter (class=org.apache.hadoop.http.lib.StaticUserWebFilter$StaticUserFilter) to context static
2019-06-12 15:42:32,295 INFO  http.HttpServer2 (HttpServer2.java:bindListener(1191)) - Jetty bound to port 34831
2019-06-12 15:42:32,296 INFO  server.Server (Server.java:doStart(351)) - jetty-9.3.24.v20180605, build timestamp: 2018-06-05T17:11:56Z, git hash: 84205aa28f11a4f31f2a3b86d1bba2cc8ab69827
2019-06-12 15:42:32,301 INFO  handler.ContextHandler (ContextHandler.java:doStart(781)) - Started o.e.j.s.ServletContextHandler@25974207{/logs,file:///opt/src/hadoop-ozone/integration-test/target/log,AVAILABLE}
2019-06-12 15:42:32,302 INFO  handler.ContextHandler (ContextHandler.java:doStart(781)) - Started o.e.j.s.ServletContextHandler@195113de{/static,jar:file:/root/.m2/repository/org/apache/hadoop/hadoop-hdds-container-service/0.5.0-SNAPSHOT/hadoop-hdds-container-service-0.5.0-SNAPSHOT.jar!/webapps/static,AVAILABLE}
2019-06-12 15:42:32,330 INFO  handler.ContextHandler (ContextHandler.java:doStart(781)) - Started o.e.j.w.WebAppContext@74c9e11{/,file:///tmp/jetty-0.0.0.0-34831-hddsDatanode-_-any-9113729394727156304.dir/webapp/,AVAILABLE}{/hddsDatanode}
2019-06-12 15:42:32,332 INFO  server.AbstractConnector (AbstractConnector.java:doStart(278)) - Started ServerConnector@9fe720a{HTTP/1.1,[http/1.1]}{0.0.0.0:34831}
2019-06-12 15:42:32,333 INFO  server.Server (Server.java:doStart(419)) - Started @4484ms
2019-06-12 15:42:32,333 INFO  server.BaseHttpServer (BaseHttpServer.java:updateConnectorAddress(207)) - HTTP server of HDDSDATANODE is listening at http://0.0.0.0:34831
2019-06-12 15:42:32,460 INFO  ozone.HddsDatanodeService (HddsDatanodeService.java:startPlugins(396)) - Started plug-in org.apache.hadoop.ozone.web.OzoneHddsDatanodeService@76216830
2019-06-12 15:42:32,460 INFO  impl.MetricsSystemImpl (MetricsSystemImpl.java:init(158)) - HddsDatanode metrics system started (again)
2019-06-12 15:42:32,460 INFO  ozone.HddsDatanodeService (HddsDatanodeService.java:start(185)) - HddsDatanodeService host:ozone-bzwcn-1332811729 ip:192.168.134.73
2019-06-12 15:42:32,462 INFO  util.JvmPauseMonitor (JvmPauseMonitor.java:run(188)) - Starting JVM pause monitor
2019-06-12 15:42:32,472 INFO  datanode.InitDatanodeState (InitDatanodeState.java:persistContainerDatanodeDetails(140)) - DatanodeDetails is persisted to /opt/src/hadoop-ozone/integration-test/target/test-dir/MiniOzoneClusterImpl-faabf5b7-0d59-48d6-bf0d-ae8b06f64124/datanode-3/meta/datanode.id
2019-06-12 15:42:32,478 INFO  volume.HddsVolume (HddsVolume.java:<init>(176)) - Creating Volume: /opt/src/hadoop-ozone/integration-test/target/test-dir/MiniOzoneClusterImpl-faabf5b7-0d59-48d6-bf0d-ae8b06f64124/datanode-4/data/containers/hdds of  storage type : DISK and capacity : 104021790720
2019-06-12 15:42:32,478 INFO  volume.VolumeSet (VolumeSet.java:initializeVolumeSet(170)) - Added Volume : /opt/src/hadoop-ozone/integration-test/target/test-dir/MiniOzoneClusterImpl-faabf5b7-0d59-48d6-bf0d-ae8b06f64124/datanode-4/data/containers/hdds to VolumeSet
2019-06-12 15:42:32,478 INFO  volume.ThrottledAsyncChecker (ThrottledAsyncChecker.java:schedule(140)) - Scheduling a check for org.apache.hadoop.ozone.container.common.volume.HddsVolume@391d1e33
2019-06-12 15:42:32,480 INFO  volume.HddsVolumeChecker (HddsVolumeChecker.java:checkAllVolumes(203)) - Scheduled health check for volume org.apache.hadoop.ozone.container.common.volume.HddsVolume@391d1e33
2019-06-12 15:42:32,489 INFO  ratis.XceiverServerRatis (XceiverServerRatis.java:newXceiverServerRatis(401)) - Found a free port for the server : 33633
2019-06-12 15:42:32,491 INFO  impl.RaftServerProxy (ConfUtils.java:logGet(43)) - raft.rpc.type = GRPC (default)
2019-06-12 15:42:32,491 INFO  grpc.GrpcConfigKeys$Server (ConfUtils.java:logGet(43)) - raft.grpc.server.port = 33633 (custom)
2019-06-12 15:42:32,491 INFO  server.GrpcService (ConfUtils.java:logGet(43)) - raft.grpc.message.size.max = 33570816 (custom)
2019-06-12 15:42:32,492 INFO  server.RaftServerConfigKeys (ConfUtils.java:logGet(43)) - raft.server.log.appender.buffer.byte-limit = 33554432 (custom)
2019-06-12 15:42:32,492 INFO  server.GrpcService (ConfUtils.java:logGet(43)) - raft.grpc.flow.control.window = 1MB (=1048576) (default)
2019-06-12 15:42:32,492 INFO  server.RaftServerConfigKeys (ConfUtils.java:logGet(43)) - raft.server.rpc.request.timeout = 3000ms (default)
2019-06-12 15:42:32,492 INFO  server.RaftServerConfigKeys (ConfUtils.java:logGet(43)) - raft.server.storage.dir = [/opt/src/hadoop-ozone/integration-test/target/test-dir/MiniOzoneClusterImpl-faabf5b7-0d59-48d6-bf0d-ae8b06f64124/datanode-4/data/ratis] (custom)
2019-06-12 15:42:32,493 INFO  server.XceiverServerGrpc (XceiverServerGrpc.java:<init>(97)) - Found a free port for the server : 43855
2019-06-12 15:42:32,493 INFO  replication.SimpleContainerDownloader (SimpleContainerDownloader.java:<init>(72)) - Starting container downloader service to copy containers to replicate.
2019-06-12 15:42:32,494 INFO  hdfs.DFSUtil (DFSUtil.java:httpServerTemplateForNNAndJN(1641)) - Starting Web-server for hddsDatanode at: http://0.0.0.0:0
2019-06-12 15:42:32,495 INFO  server.AuthenticationFilter (AuthenticationFilter.java:constructSecretProvider(240)) - Unable to initialize FileSignerSecretProvider, falling back to use random secrets.
2019-06-12 15:42:32,496 WARN  http.HttpRequestLog (HttpRequestLog.java:getRequestLog(97)) - Jetty request log can only be enabled using Log4j
2019-06-12 15:42:32,497 INFO  http.HttpServer2 (HttpServer2.java:addGlobalFilter(975)) - Added global filter 'safety' (class=org.apache.hadoop.http.HttpServer2$QuotingInputFilter)
2019-06-12 15:42:32,497 INFO  http.HttpServer2 (HttpServer2.java:addFilter(948)) - Added filter static_user_filter (class=org.apache.hadoop.http.lib.StaticUserWebFilter$StaticUserFilter) to context hddsDatanode
2019-06-12 15:42:32,497 INFO  http.HttpServer2 (HttpServer2.java:addFilter(958)) - Added filter static_user_filter (class=org.apache.hadoop.http.lib.StaticUserWebFilter$StaticUserFilter) to context static
2019-06-12 15:42:32,497 INFO  http.HttpServer2 (HttpServer2.java:addFilter(958)) - Added filter static_user_filter (class=org.apache.hadoop.http.lib.StaticUserWebFilter$StaticUserFilter) to context logs
2019-06-12 15:42:32,498 INFO  http.HttpServer2 (HttpServer2.java:bindListener(1191)) - Jetty bound to port 38231
2019-06-12 15:42:32,498 INFO  server.Server (Server.java:doStart(351)) - jetty-9.3.24.v20180605, build timestamp: 2018-06-05T17:11:56Z, git hash: 84205aa28f11a4f31f2a3b86d1bba2cc8ab69827
2019-06-12 15:42:32,501 INFO  handler.ContextHandler (ContextHandler.java:doStart(781)) - Started o.e.j.s.ServletContextHandler@6f38f084{/logs,file:///opt/src/hadoop-ozone/integration-test/target/log,AVAILABLE}
2019-06-12 15:42:32,501 INFO  handler.ContextHandler (ContextHandler.java:doStart(781)) - Started o.e.j.s.ServletContextHandler@372f0a99{/static,jar:file:/root/.m2/repository/org/apache/hadoop/hadoop-hdds-container-service/0.5.0-SNAPSHOT/hadoop-hdds-container-service-0.5.0-SNAPSHOT.jar!/webapps/static,AVAILABLE}
2019-06-12 15:42:32,523 INFO  handler.ContextHandler (ContextHandler.java:doStart(781)) - Started o.e.j.w.WebAppContext@6b2fdffc{/,file:///tmp/jetty-0.0.0.0-38231-hddsDatanode-_-any-5639614595083724491.dir/webapp/,AVAILABLE}{/hddsDatanode}
2019-06-12 15:42:32,525 INFO  server.AbstractConnector (AbstractConnector.java:doStart(278)) - Started ServerConnector@9faea1{HTTP/1.1,[http/1.1]}{0.0.0.0:38231}
2019-06-12 15:42:32,525 INFO  server.Server (Server.java:doStart(419)) - Started @4676ms
2019-06-12 15:42:32,526 INFO  server.BaseHttpServer (BaseHttpServer.java:updateConnectorAddress(207)) - HTTP server of HDDSDATANODE is listening at http://0.0.0.0:38231
2019-06-12 15:42:32,649 INFO  ozone.HddsDatanodeService (HddsDatanodeService.java:startPlugins(396)) - Started plug-in org.apache.hadoop.ozone.web.OzoneHddsDatanodeService@20256a0b
2019-06-12 15:42:32,649 INFO  impl.MetricsSystemImpl (MetricsSystemImpl.java:init(158)) - HddsDatanode metrics system started (again)
2019-06-12 15:42:32,649 INFO  ozone.HddsDatanodeService (HddsDatanodeService.java:start(185)) - HddsDatanodeService host:ozone-bzwcn-1332811729 ip:192.168.134.73
2019-06-12 15:42:32,654 INFO  util.JvmPauseMonitor (JvmPauseMonitor.java:run(188)) - Starting JVM pause monitor
2019-06-12 15:42:32,656 INFO  datanode.InitDatanodeState (InitDatanodeState.java:persistContainerDatanodeDetails(140)) - DatanodeDetails is persisted to /opt/src/hadoop-ozone/integration-test/target/test-dir/MiniOzoneClusterImpl-faabf5b7-0d59-48d6-bf0d-ae8b06f64124/datanode-4/meta/datanode.id
2019-06-12 15:42:32,660 INFO  volume.HddsVolume (HddsVolume.java:<init>(176)) - Creating Volume: /opt/src/hadoop-ozone/integration-test/target/test-dir/MiniOzoneClusterImpl-faabf5b7-0d59-48d6-bf0d-ae8b06f64124/datanode-5/data/containers/hdds of  storage type : DISK and capacity : 104021790720
2019-06-12 15:42:32,660 INFO  volume.VolumeSet (VolumeSet.java:initializeVolumeSet(170)) - Added Volume : /opt/src/hadoop-ozone/integration-test/target/test-dir/MiniOzoneClusterImpl-faabf5b7-0d59-48d6-bf0d-ae8b06f64124/datanode-5/data/containers/hdds to VolumeSet
2019-06-12 15:42:32,660 INFO  volume.ThrottledAsyncChecker (ThrottledAsyncChecker.java:schedule(140)) - Scheduling a check for org.apache.hadoop.ozone.container.common.volume.HddsVolume@7364f68
2019-06-12 15:42:32,661 INFO  volume.HddsVolumeChecker (HddsVolumeChecker.java:checkAllVolumes(203)) - Scheduled health check for volume org.apache.hadoop.ozone.container.common.volume.HddsVolume@7364f68
2019-06-12 15:42:32,671 INFO  ratis.XceiverServerRatis (XceiverServerRatis.java:newXceiverServerRatis(401)) - Found a free port for the server : 33825
2019-06-12 15:42:32,672 INFO  impl.RaftServerProxy (ConfUtils.java:logGet(43)) - raft.rpc.type = GRPC (default)
2019-06-12 15:42:32,673 INFO  grpc.GrpcConfigKeys$Server (ConfUtils.java:logGet(43)) - raft.grpc.server.port = 33825 (custom)
2019-06-12 15:42:32,673 INFO  server.GrpcService (ConfUtils.java:logGet(43)) - raft.grpc.message.size.max = 33570816 (custom)
2019-06-12 15:42:32,673 INFO  server.RaftServerConfigKeys (ConfUtils.java:logGet(43)) - raft.server.log.appender.buffer.byte-limit = 33554432 (custom)
2019-06-12 15:42:32,673 INFO  server.GrpcService (ConfUtils.java:logGet(43)) - raft.grpc.flow.control.window = 1MB (=1048576) (default)
2019-06-12 15:42:32,673 INFO  server.RaftServerConfigKeys (ConfUtils.java:logGet(43)) - raft.server.rpc.request.timeout = 3000ms (default)
2019-06-12 15:42:32,674 INFO  server.RaftServerConfigKeys (ConfUtils.java:logGet(43)) - raft.server.storage.dir = [/opt/src/hadoop-ozone/integration-test/target/test-dir/MiniOzoneClusterImpl-faabf5b7-0d59-48d6-bf0d-ae8b06f64124/datanode-5/data/ratis] (custom)
2019-06-12 15:42:32,674 INFO  server.XceiverServerGrpc (XceiverServerGrpc.java:<init>(97)) - Found a free port for the server : 40069
2019-06-12 15:42:32,675 INFO  replication.SimpleContainerDownloader (SimpleContainerDownloader.java:<init>(72)) - Starting container downloader service to copy containers to replicate.
2019-06-12 15:42:32,676 INFO  hdfs.DFSUtil (DFSUtil.java:httpServerTemplateForNNAndJN(1641)) - Starting Web-server for hddsDatanode at: http://0.0.0.0:0
2019-06-12 15:42:32,677 INFO  server.AuthenticationFilter (AuthenticationFilter.java:constructSecretProvider(240)) - Unable to initialize FileSignerSecretProvider, falling back to use random secrets.
2019-06-12 15:42:32,678 WARN  http.HttpRequestLog (HttpRequestLog.java:getRequestLog(97)) - Jetty request log can only be enabled using Log4j
2019-06-12 15:42:32,679 INFO  http.HttpServer2 (HttpServer2.java:addGlobalFilter(975)) - Added global filter 'safety' (class=org.apache.hadoop.http.HttpServer2$QuotingInputFilter)
2019-06-12 15:42:32,679 INFO  http.HttpServer2 (HttpServer2.java:addFilter(948)) - Added filter static_user_filter (class=org.apache.hadoop.http.lib.StaticUserWebFilter$StaticUserFilter) to context hddsDatanode
2019-06-12 15:42:32,680 INFO  http.HttpServer2 (HttpServer2.java:addFilter(958)) - Added filter static_user_filter (class=org.apache.hadoop.http.lib.StaticUserWebFilter$StaticUserFilter) to context logs
2019-06-12 15:42:32,680 INFO  http.HttpServer2 (HttpServer2.java:addFilter(958)) - Added filter static_user_filter (class=org.apache.hadoop.http.lib.StaticUserWebFilter$StaticUserFilter) to context static
2019-06-12 15:42:32,680 INFO  http.HttpServer2 (HttpServer2.java:bindListener(1191)) - Jetty bound to port 38729
2019-06-12 15:42:32,680 INFO  server.Server (Server.java:doStart(351)) - jetty-9.3.24.v20180605, build timestamp: 2018-06-05T17:11:56Z, git hash: 84205aa28f11a4f31f2a3b86d1bba2cc8ab69827
2019-06-12 15:42:32,690 INFO  handler.ContextHandler (ContextHandler.java:doStart(781)) - Started o.e.j.s.ServletContextHandler@5122e4bf{/logs,file:///opt/src/hadoop-ozone/integration-test/target/log,AVAILABLE}
2019-06-12 15:42:32,691 INFO  handler.ContextHandler (ContextHandler.java:doStart(781)) - Started o.e.j.s.ServletContextHandler@58a7dc4{/static,jar:file:/root/.m2/repository/org/apache/hadoop/hadoop-hdds-container-service/0.5.0-SNAPSHOT/hadoop-hdds-container-service-0.5.0-SNAPSHOT.jar!/webapps/static,AVAILABLE}
2019-06-12 15:42:32,711 INFO  handler.ContextHandler (ContextHandler.java:doStart(781)) - Started o.e.j.w.WebAppContext@578c3fd9{/,file:///tmp/jetty-0.0.0.0-38729-hddsDatanode-_-any-8164515786194673563.dir/webapp/,AVAILABLE}{/hddsDatanode}
2019-06-12 15:42:32,711 INFO  server.AbstractConnector (AbstractConnector.java:doStart(278)) - Started ServerConnector@245cb8df{HTTP/1.1,[http/1.1]}{0.0.0.0:38729}
2019-06-12 15:42:32,713 INFO  server.Server (Server.java:doStart(419)) - Started @4865ms
2019-06-12 15:42:32,714 INFO  server.BaseHttpServer (BaseHttpServer.java:updateConnectorAddress(207)) - HTTP server of HDDSDATANODE is listening at http://0.0.0.0:38729
2019-06-12 15:42:32,868 INFO  ozone.HddsDatanodeService (HddsDatanodeService.java:startPlugins(396)) - Started plug-in org.apache.hadoop.ozone.web.OzoneHddsDatanodeService@28daf506
2019-06-12 15:42:32,870 INFO  ozone.MiniOzoneClusterImpl (MiniOzoneClusterImpl.java:lambda$waitForClusterToBeReady$0(142)) - Waiting for cluster to be ready. Got 0 of 6 DN Heartbeats.
2019-06-12 15:42:32,872 INFO  util.JvmPauseMonitor (JvmPauseMonitor.java:run(188)) - Starting JVM pause monitor
2019-06-12 15:42:32,873 INFO  datanode.InitDatanodeState (InitDatanodeState.java:persistContainerDatanodeDetails(140)) - DatanodeDetails is persisted to /opt/src/hadoop-ozone/integration-test/target/test-dir/MiniOzoneClusterImpl-faabf5b7-0d59-48d6-bf0d-ae8b06f64124/datanode-5/meta/datanode.id
2019-06-12 15:42:33,871 INFO  ozone.MiniOzoneClusterImpl (MiniOzoneClusterImpl.java:lambda$waitForClusterToBeReady$0(142)) - Waiting for cluster to be ready. Got 0 of 6 DN Heartbeats.
2019-06-12 15:42:33,871 INFO  ozoneimpl.OzoneContainer (OzoneContainer.java:start(186)) - Attempting to start container services.
2019-06-12 15:42:33,871 INFO  ozoneimpl.OzoneContainer (OzoneContainer.java:startContainerScrub(160)) - Background container scrubber has been disabled by hdds.containerscrub.enabled
2019-06-12 15:42:33,871 INFO  ratis.XceiverServerRatis (XceiverServerRatis.java:start(418)) - Starting XceiverServerRatis f5de6ccb-ec96-4be4-b728-58d3b8fde2b9 at port 39523
2019-06-12 15:42:33,883 INFO  impl.RaftServerProxy (RaftServerProxy.java:lambda$start$3(299)) - f5de6ccb-ec96-4be4-b728-58d3b8fde2b9: start RPC server
2019-06-12 15:42:34,006 INFO  server.GrpcService (GrpcService.java:startImpl(148)) - f5de6ccb-ec96-4be4-b728-58d3b8fde2b9: GrpcService started, listening on 0.0.0.0/0.0.0.0:39523
2019-06-12 15:42:34,051 INFO  ozoneimpl.OzoneContainer (OzoneContainer.java:start(186)) - Attempting to start container services.
2019-06-12 15:42:34,051 INFO  ozoneimpl.OzoneContainer (OzoneContainer.java:startContainerScrub(160)) - Background container scrubber has been disabled by hdds.containerscrub.enabled
2019-06-12 15:42:34,051 INFO  ratis.XceiverServerRatis (XceiverServerRatis.java:start(418)) - Starting XceiverServerRatis 76fc1153-c0ea-490d-8b13-d7a3d3f10376 at port 40439
2019-06-12 15:42:34,081 INFO  impl.RaftServerProxy (RaftServerProxy.java:lambda$start$3(299)) - 76fc1153-c0ea-490d-8b13-d7a3d3f10376: start RPC server
2019-06-12 15:42:34,084 INFO  server.GrpcService (GrpcService.java:startImpl(148)) - 76fc1153-c0ea-490d-8b13-d7a3d3f10376: GrpcService started, listening on 0.0.0.0/0.0.0.0:40439
2019-06-12 15:42:34,267 INFO  ozoneimpl.OzoneContainer (OzoneContainer.java:start(186)) - Attempting to start container services.
2019-06-12 15:42:34,269 INFO  ozoneimpl.OzoneContainer (OzoneContainer.java:startContainerScrub(160)) - Background container scrubber has been disabled by hdds.containerscrub.enabled
2019-06-12 15:42:34,269 INFO  ratis.XceiverServerRatis (XceiverServerRatis.java:start(418)) - Starting XceiverServerRatis ceb646f1-fa60-48b3-b284-fecd835937bc at port 40147
2019-06-12 15:42:34,274 INFO  impl.RaftServerProxy (RaftServerProxy.java:lambda$start$3(299)) - ceb646f1-fa60-48b3-b284-fecd835937bc: start RPC server
2019-06-12 15:42:34,276 INFO  server.GrpcService (GrpcService.java:startImpl(148)) - ceb646f1-fa60-48b3-b284-fecd835937bc: GrpcService started, listening on 0.0.0.0/0.0.0.0:40147
2019-06-12 15:42:34,467 INFO  ozoneimpl.OzoneContainer (OzoneContainer.java:start(186)) - Attempting to start container services.
2019-06-12 15:42:34,468 INFO  ozoneimpl.OzoneContainer (OzoneContainer.java:startContainerScrub(160)) - Background container scrubber has been disabled by hdds.containerscrub.enabled
2019-06-12 15:42:34,468 INFO  ratis.XceiverServerRatis (XceiverServerRatis.java:start(418)) - Starting XceiverServerRatis 1d50f365-b159-4806-a78c-85834496b96a at port 46101
2019-06-12 15:42:34,474 INFO  impl.RaftServerProxy (RaftServerProxy.java:lambda$start$3(299)) - 1d50f365-b159-4806-a78c-85834496b96a: start RPC server
2019-06-12 15:42:34,476 INFO  server.GrpcService (GrpcService.java:startImpl(148)) - 1d50f365-b159-4806-a78c-85834496b96a: GrpcService started, listening on 0.0.0.0/0.0.0.0:46101
2019-06-12 15:42:34,659 INFO  ozoneimpl.OzoneContainer (OzoneContainer.java:start(186)) - Attempting to start container services.
2019-06-12 15:42:34,660 INFO  ozoneimpl.OzoneContainer (OzoneContainer.java:startContainerScrub(160)) - Background container scrubber has been disabled by hdds.containerscrub.enabled
2019-06-12 15:42:34,660 INFO  ratis.XceiverServerRatis (XceiverServerRatis.java:start(418)) - Starting XceiverServerRatis b65088e1-4b07-4e21-a369-86eaa2dbd573 at port 33633
2019-06-12 15:42:34,664 INFO  impl.RaftServerProxy (RaftServerProxy.java:lambda$start$3(299)) - b65088e1-4b07-4e21-a369-86eaa2dbd573: start RPC server
2019-06-12 15:42:34,666 INFO  server.GrpcService (GrpcService.java:startImpl(148)) - b65088e1-4b07-4e21-a369-86eaa2dbd573: GrpcService started, listening on 0.0.0.0/0.0.0.0:33633
2019-06-12 15:42:34,871 INFO  ozone.MiniOzoneClusterImpl (MiniOzoneClusterImpl.java:lambda$waitForClusterToBeReady$0(142)) - Waiting for cluster to be ready. Got 0 of 6 DN Heartbeats.
2019-06-12 15:42:34,877 INFO  ozoneimpl.OzoneContainer (OzoneContainer.java:start(186)) - Attempting to start container services.
2019-06-12 15:42:34,879 INFO  ozoneimpl.OzoneContainer (OzoneContainer.java:startContainerScrub(160)) - Background container scrubber has been disabled by hdds.containerscrub.enabled
2019-06-12 15:42:34,879 INFO  ratis.XceiverServerRatis (XceiverServerRatis.java:start(418)) - Starting XceiverServerRatis 17bde3ba-dab2-41f1-855a-ac3b4b840598 at port 33825
2019-06-12 15:42:34,884 INFO  impl.RaftServerProxy (RaftServerProxy.java:lambda$start$3(299)) - 17bde3ba-dab2-41f1-855a-ac3b4b840598: start RPC server
2019-06-12 15:42:34,886 INFO  server.GrpcService (GrpcService.java:startImpl(148)) - 17bde3ba-dab2-41f1-855a-ac3b4b840598: GrpcService started, listening on 0.0.0.0/0.0.0.0:33825
2019-06-12 15:42:35,872 INFO  ozone.MiniOzoneClusterImpl (MiniOzoneClusterImpl.java:lambda$waitForClusterToBeReady$0(142)) - Waiting for cluster to be ready. Got 0 of 6 DN Heartbeats.
2019-06-12 15:42:35,875 INFO  node.SCMNodeManager (SCMNodeManager.java:register(234)) - Registered Data node : f5de6ccb-ec96-4be4-b728-58d3b8fde2b9{ip: 192.168.134.73, host: ozone-bzwcn-1332811729, networkLocation: /default-rack, certSerialId: null}
2019-06-12 15:42:35,879 INFO  safemode.SCMSafeModeManager (DataNodeSafeModeRule.java:process(71)) - SCM in safe mode. 1 DataNodes registered, 1 required.
2019-06-12 15:42:35,879 INFO  safemode.SCMSafeModeManager (SCMSafeModeManager.java:validateSafeModeExitRules(177)) - ScmSafeModeManager, all rules are successfully validated
2019-06-12 15:42:35,879 INFO  safemode.SCMSafeModeManager (SCMSafeModeManager.java:exitSafeMode(193)) - SCM exiting safe mode.
2019-06-12 15:42:36,049 INFO  node.SCMNodeManager (SCMNodeManager.java:register(234)) - Registered Data node : 76fc1153-c0ea-490d-8b13-d7a3d3f10376{ip: 192.168.134.73, host: ozone-bzwcn-1332811729, networkLocation: /default-rack, certSerialId: null}
2019-06-12 15:42:36,206 INFO  impl.RaftServerProxy (RaftServerProxy.java:addNew(89)) - f5de6ccb-ec96-4be4-b728-58d3b8fde2b9: addNew group-A64982AE239A:[f5de6ccb-ec96-4be4-b728-58d3b8fde2b9:192.168.134.73:39523] returns group-A64982AE239A:java.util.concurrent.CompletableFuture@77277a80[Not completed]
2019-06-12 15:42:36,211 INFO  impl.RaftServerImpl (RaftServerImpl.java:<init>(91)) - f5de6ccb-ec96-4be4-b728-58d3b8fde2b9: new RaftServerImpl for group-A64982AE239A:[f5de6ccb-ec96-4be4-b728-58d3b8fde2b9:192.168.134.73:39523] with ContainerStateMachine:uninitialized
2019-06-12 15:42:36,212 INFO  server.RaftServerConfigKeys (ConfUtils.java:logGet(43)) - raft.server.rpc.timeout.min = 1s (custom)
2019-06-12 15:42:36,213 INFO  server.RaftServerConfigKeys (ConfUtils.java:logGet(43)) - raft.server.rpc.timeout.max = 1200ms (custom)
2019-06-12 15:42:36,213 INFO  server.RaftServerConfigKeys (ConfUtils.java:logGet(43)) - raft.server.rpcslowness.timeout = 10s (custom)
2019-06-12 15:42:36,213 INFO  server.RaftServerConfigKeys (ConfUtils.java:logGet(43)) - raft.server.log.appender.install.snapshot.enabled = true (default)
2019-06-12 15:42:36,219 INFO  impl.RaftServerImpl (ServerState.java:<init>(101)) - f5de6ccb-ec96-4be4-b728-58d3b8fde2b9:group-A64982AE239A ConfigurationManager, init=-1: [f5de6ccb-ec96-4be4-b728-58d3b8fde2b9:192.168.134.73:39523], old=null, confs=<EMPTY_MAP>
2019-06-12 15:42:36,219 INFO  server.RaftServerConfigKeys (ConfUtils.java:logGet(43)) - raft.server.storage.dir = [/opt/src/hadoop-ozone/integration-test/target/test-dir/MiniOzoneClusterImpl-faabf5b7-0d59-48d6-bf0d-ae8b06f64124/datanode-0/data/ratis] (custom)
2019-06-12 15:42:36,223 INFO  storage.RaftStorageDirectory (RaftStorageDirectory.java:analyzeStorage(246)) - The storage directory /opt/src/hadoop-ozone/integration-test/target/test-dir/MiniOzoneClusterImpl-faabf5b7-0d59-48d6-bf0d-ae8b06f64124/datanode-0/data/ratis/e8a419f5-445b-4e98-81a1-a64982ae239a does not exist. Creating ...
2019-06-12 15:42:36,228 INFO  storage.RaftStorageDirectory (RaftStorageDirectory.java:tryLock(328)) - Lock on /opt/src/hadoop-ozone/integration-test/target/test-dir/MiniOzoneClusterImpl-faabf5b7-0d59-48d6-bf0d-ae8b06f64124/datanode-0/data/ratis/e8a419f5-445b-4e98-81a1-a64982ae239a/in_use.lock acquired by nodename 10159@ozone-bzwcn-1332811729
2019-06-12 15:42:36,231 INFO  storage.RaftStorage (RaftStorage.java:format(75)) - Storage directory /opt/src/hadoop-ozone/integration-test/target/test-dir/MiniOzoneClusterImpl-faabf5b7-0d59-48d6-bf0d-ae8b06f64124/datanode-0/data/ratis/e8a419f5-445b-4e98-81a1-a64982ae239a has been successfully formatted.
2019-06-12 15:42:36,232 INFO  ratis.ContainerStateMachine (ContainerStateMachine.java:loadSnapshot(199)) - The snapshot info is null.Setting the last applied index to:(t:0, i:~)
2019-06-12 15:42:36,232 INFO  server.RaftServerConfigKeys (ConfUtils.java:logGet(43)) - raft.server.leader.election.timeout = 10s (custom)
2019-06-12 15:42:36,233 INFO  server.RaftServerConfigKeys (ConfUtils.java:logGet(43)) - raft.server.log.use.memory = false (default)
2019-06-12 15:42:36,235 INFO  server.RaftServerConfigKeys (ConfUtils.java:logGet(43)) - raft.server.log.appender.buffer.byte-limit = 33554432 (custom)
2019-06-12 15:42:36,237 INFO  server.RaftServerConfigKeys (ConfUtils.java:logGet(43)) - raft.server.log.segment.size.max = 16384 (custom)
2019-06-12 15:42:36,240 INFO  server.RaftServerConfigKeys (ConfUtils.java:logGet(43)) - raft.server.log.segment.cache.num.max = 2 (custom)
2019-06-12 15:42:36,362 INFO  node.SCMNodeManager (SCMNodeManager.java:register(234)) - Registered Data node : ceb646f1-fa60-48b3-b284-fecd835937bc{ip: 192.168.134.73, host: ozone-bzwcn-1332811729, networkLocation: /default-rack, certSerialId: null}
2019-06-12 15:42:36,364 INFO  storage.RaftLogWorker (RaftLogWorker.java:<init>(123)) - new f5de6ccb-ec96-4be4-b728-58d3b8fde2b9-RaftLogWorker for Storage Directory /opt/src/hadoop-ozone/integration-test/target/test-dir/MiniOzoneClusterImpl-faabf5b7-0d59-48d6-bf0d-ae8b06f64124/datanode-0/data/ratis/e8a419f5-445b-4e98-81a1-a64982ae239a
2019-06-12 15:42:36,365 INFO  server.RaftServerConfigKeys (ConfUtils.java:logGet(43)) - raft.server.log.queue.byte-limit = 2147483647 (custom)
2019-06-12 15:42:36,365 INFO  server.RaftServerConfigKeys (ConfUtils.java:logGet(43)) - raft.server.log.queue.element-limit = 1024 (custom)
2019-06-12 15:42:36,367 INFO  server.RaftServerConfigKeys (ConfUtils.java:logGet(43)) - raft.server.log.segment.size.max = 16384 (custom)
2019-06-12 15:42:36,367 INFO  server.RaftServerConfigKeys (ConfUtils.java:logGet(43)) - raft.server.log.preallocated.size = 16384 (custom)
2019-06-12 15:42:36,368 INFO  server.RaftServerConfigKeys (ConfUtils.java:logGet(43)) - raft.server.log.write.buffer.size = 33554432 (custom)
2019-06-12 15:42:36,368 INFO  server.RaftServerConfigKeys (ConfUtils.java:logGet(43)) - raft.server.log.force.sync.num = 128 (default)
2019-06-12 15:42:36,369 INFO  server.RaftServerConfigKeys (ConfUtils.java:logGet(43)) - raft.server.log.statemachine.data.sync = true (default)
2019-06-12 15:42:36,369 INFO  server.RaftServerConfigKeys (ConfUtils.java:logGet(43)) - raft.server.log.statemachine.data.sync.timeout = 10s (default)
2019-06-12 15:42:36,369 INFO  server.RaftServerConfigKeys (ConfUtils.java:logGet(43)) - raft.server.log.statemachine.data.sync.timeout.retry = -1 (default)
2019-06-12 15:42:36,371 INFO  server.RaftServerConfigKeys (ConfUtils.java:logGet(43)) - raft.server.log.statemachine.data.caching.enabled = true (custom)
2019-06-12 15:42:36,377 INFO  server.RaftServerConfigKeys (ConfUtils.java:logGet(43)) - raft.server.snapshot.auto.trigger.enabled = true (custom)
2019-06-12 15:42:36,378 INFO  server.RaftServerConfigKeys (ConfUtils.java:logGet(43)) - raft.server.snapshot.auto.trigger.threshold = 10000 (custom)
2019-06-12 15:42:36,378 INFO  server.RaftServerConfigKeys (ConfUtils.java:logGet(43)) - raft.server.retrycache.expirytime = 600000ms (custom)
2019-06-12 15:42:36,398 INFO  impl.RaftServerImpl (RaftServerImpl.java:start(173)) - f5de6ccb-ec96-4be4-b728-58d3b8fde2b9: start group-A64982AE239A
2019-06-12 15:42:36,399 INFO  impl.RaftServerImpl (RaftServerImpl.java:setRole(164)) - f5de6ccb-ec96-4be4-b728-58d3b8fde2b9:group-A64982AE239A changes role from null to FOLLOWER at term 0 for startAsFollower
2019-06-12 15:42:36,400 INFO  impl.RoleInfo (RoleInfo.java:updateAndGet(143)) - f5de6ccb-ec96-4be4-b728-58d3b8fde2b9: start FollowerState
2019-06-12 15:42:36,401 INFO  util.JmxRegister (JmxRegister.java:tryRegister(44)) - Successfully registered JMX Bean with object name Ratis:service=RaftServer,group=group-A64982AE239A,id=f5de6ccb-ec96-4be4-b728-58d3b8fde2b9
2019-06-12 15:42:36,441 INFO  pipeline.PipelineStateManager (PipelineStateManager.java:addPipeline(56)) - Created pipeline Pipeline[ Id: e8a419f5-445b-4e98-81a1-a64982ae239a, Nodes: f5de6ccb-ec96-4be4-b728-58d3b8fde2b9{ip: 192.168.134.73, host: ozone-bzwcn-1332811729, networkLocation: /default-rack, certSerialId: null}, Type:RATIS, Factor:ONE, State:OPEN]
2019-06-12 15:42:36,460 INFO  impl.RaftServerProxy (RaftServerProxy.java:addNew(89)) - ceb646f1-fa60-48b3-b284-fecd835937bc: addNew group-871B6C1BF9D3:[ceb646f1-fa60-48b3-b284-fecd835937bc:192.168.134.73:40147] returns group-871B6C1BF9D3:java.util.concurrent.CompletableFuture@43c363a2[Not completed]
2019-06-12 15:42:36,460 INFO  impl.RaftServerImpl (RaftServerImpl.java:<init>(91)) - ceb646f1-fa60-48b3-b284-fecd835937bc: new RaftServerImpl for group-871B6C1BF9D3:[ceb646f1-fa60-48b3-b284-fecd835937bc:192.168.134.73:40147] with ContainerStateMachine:uninitialized
2019-06-12 15:42:36,462 INFO  server.RaftServerConfigKeys (ConfUtils.java:logGet(43)) - raft.server.rpc.timeout.min = 1s (custom)
2019-06-12 15:42:36,462 INFO  server.RaftServerConfigKeys (ConfUtils.java:logGet(43)) - raft.server.rpc.timeout.max = 1200ms (custom)
2019-06-12 15:42:36,462 INFO  server.RaftServerConfigKeys (ConfUtils.java:logGet(43)) - raft.server.rpcslowness.timeout = 10s (custom)
2019-06-12 15:42:36,462 INFO  server.RaftServerConfigKeys (ConfUtils.java:logGet(43)) - raft.server.log.appender.install.snapshot.enabled = true (default)
2019-06-12 15:42:36,462 INFO  impl.RaftServerImpl (ServerState.java:<init>(101)) - ceb646f1-fa60-48b3-b284-fecd835937bc:group-871B6C1BF9D3 ConfigurationManager, init=-1: [ceb646f1-fa60-48b3-b284-fecd835937bc:192.168.134.73:40147], old=null, confs=<EMPTY_MAP>
2019-06-12 15:42:36,462 INFO  server.RaftServerConfigKeys (ConfUtils.java:logGet(43)) - raft.server.storage.dir = [/opt/src/hadoop-ozone/integration-test/target/test-dir/MiniOzoneClusterImpl-faabf5b7-0d59-48d6-bf0d-ae8b06f64124/datanode-2/data/ratis] (custom)
2019-06-12 15:42:36,464 INFO  storage.RaftStorageDirectory (RaftStorageDirectory.java:analyzeStorage(246)) - The storage directory /opt/src/hadoop-ozone/integration-test/target/test-dir/MiniOzoneClusterImpl-faabf5b7-0d59-48d6-bf0d-ae8b06f64124/datanode-2/data/ratis/444c5dcf-68fd-4ac8-9671-871b6c1bf9d3 does not exist. Creating ...
2019-06-12 15:42:36,464 INFO  node.SCMNodeManager (SCMNodeManager.java:register(234)) - Registered Data node : 1d50f365-b159-4806-a78c-85834496b96a{ip: 192.168.134.73, host: ozone-bzwcn-1332811729, networkLocation: /default-rack, certSerialId: null}
2019-06-12 15:42:36,467 INFO  storage.RaftStorageDirectory (RaftStorageDirectory.java:tryLock(328)) - Lock on /opt/src/hadoop-ozone/integration-test/target/test-dir/MiniOzoneClusterImpl-faabf5b7-0d59-48d6-bf0d-ae8b06f64124/datanode-2/data/ratis/444c5dcf-68fd-4ac8-9671-871b6c1bf9d3/in_use.lock acquired by nodename 10159@ozone-bzwcn-1332811729
2019-06-12 15:42:36,469 INFO  storage.RaftStorage (RaftStorage.java:format(75)) - Storage directory /opt/src/hadoop-ozone/integration-test/target/test-dir/MiniOzoneClusterImpl-faabf5b7-0d59-48d6-bf0d-ae8b06f64124/datanode-2/data/ratis/444c5dcf-68fd-4ac8-9671-871b6c1bf9d3 has been successfully formatted.
2019-06-12 15:42:36,469 INFO  ratis.ContainerStateMachine (ContainerStateMachine.java:loadSnapshot(199)) - The snapshot info is null.Setting the last applied index to:(t:0, i:~)
2019-06-12 15:42:36,469 INFO  server.RaftServerConfigKeys (ConfUtils.java:logGet(43)) - raft.server.leader.election.timeout = 10s (custom)
2019-06-12 15:42:36,469 INFO  server.RaftServerConfigKeys (ConfUtils.java:logGet(43)) - raft.server.log.use.memory = false (default)
2019-06-12 15:42:36,469 INFO  server.RaftServerConfigKeys (ConfUtils.java:logGet(43)) - raft.server.log.appender.buffer.byte-limit = 33554432 (custom)
2019-06-12 15:42:36,469 INFO  server.RaftServerConfigKeys (ConfUtils.java:logGet(43)) - raft.server.log.segment.size.max = 16384 (custom)
2019-06-12 15:42:36,470 INFO  server.RaftServerConfigKeys (ConfUtils.java:logGet(43)) - raft.server.log.segment.cache.num.max = 2 (custom)
2019-06-12 15:42:36,470 INFO  storage.RaftLogWorker (RaftLogWorker.java:<init>(123)) - new ceb646f1-fa60-48b3-b284-fecd835937bc-RaftLogWorker for Storage Directory /opt/src/hadoop-ozone/integration-test/target/test-dir/MiniOzoneClusterImpl-faabf5b7-0d59-48d6-bf0d-ae8b06f64124/datanode-2/data/ratis/444c5dcf-68fd-4ac8-9671-871b6c1bf9d3
2019-06-12 15:42:36,471 INFO  server.RaftServerConfigKeys (ConfUtils.java:logGet(43)) - raft.server.log.queue.byte-limit = 2147483647 (custom)
2019-06-12 15:42:36,471 INFO  server.RaftServerConfigKeys (ConfUtils.java:logGet(43)) - raft.server.log.queue.element-limit = 1024 (custom)
2019-06-12 15:42:36,471 INFO  server.RaftServerConfigKeys (ConfUtils.java:logGet(43)) - raft.server.log.segment.size.max = 16384 (custom)
2019-06-12 15:42:36,471 INFO  server.RaftServerConfigKeys (ConfUtils.java:logGet(43)) - raft.server.log.preallocated.size = 16384 (custom)
2019-06-12 15:42:36,471 INFO  server.RaftServerConfigKeys (ConfUtils.java:logGet(43)) - raft.server.log.write.buffer.size = 33554432 (custom)
2019-06-12 15:42:36,471 INFO  server.RaftServerConfigKeys (ConfUtils.java:logGet(43)) - raft.server.log.force.sync.num = 128 (default)
2019-06-12 15:42:36,472 INFO  server.RaftServerConfigKeys (ConfUtils.java:logGet(43)) - raft.server.log.statemachine.data.sync = true (default)
2019-06-12 15:42:36,472 INFO  server.RaftServerConfigKeys (ConfUtils.java:logGet(43)) - raft.server.log.statemachine.data.sync.timeout = 10s (default)
2019-06-12 15:42:36,472 INFO  server.RaftServerConfigKeys (ConfUtils.java:logGet(43)) - raft.server.log.statemachine.data.sync.timeout.retry = -1 (default)
2019-06-12 15:42:36,472 INFO  server.RaftServerConfigKeys (ConfUtils.java:logGet(43)) - raft.server.log.statemachine.data.caching.enabled = true (custom)
2019-06-12 15:42:36,472 INFO  server.RaftServerConfigKeys (ConfUtils.java:logGet(43)) - raft.server.snapshot.auto.trigger.enabled = true (custom)
2019-06-12 15:42:36,472 INFO  server.RaftServerConfigKeys (ConfUtils.java:logGet(43)) - raft.server.snapshot.auto.trigger.threshold = 10000 (custom)
2019-06-12 15:42:36,473 INFO  server.RaftServerConfigKeys (ConfUtils.java:logGet(43)) - raft.server.retrycache.expirytime = 600000ms (custom)
2019-06-12 15:42:36,473 INFO  impl.RaftServerImpl (RaftServerImpl.java:start(173)) - ceb646f1-fa60-48b3-b284-fecd835937bc: start group-871B6C1BF9D3
2019-06-12 15:42:36,473 INFO  impl.RaftServerImpl (RaftServerImpl.java:setRole(164)) - ceb646f1-fa60-48b3-b284-fecd835937bc:group-871B6C1BF9D3 changes role from null to FOLLOWER at term 0 for startAsFollower
2019-06-12 15:42:36,473 INFO  impl.RoleInfo (RoleInfo.java:updateAndGet(143)) - ceb646f1-fa60-48b3-b284-fecd835937bc: start FollowerState
2019-06-12 15:42:36,474 INFO  util.JmxRegister (JmxRegister.java:tryRegister(44)) - Successfully registered JMX Bean with object name Ratis:service=RaftServer,group=group-871B6C1BF9D3,id=ceb646f1-fa60-48b3-b284-fecd835937bc
2019-06-12 15:42:36,482 INFO  pipeline.PipelineStateManager (PipelineStateManager.java:addPipeline(56)) - Created pipeline Pipeline[ Id: 444c5dcf-68fd-4ac8-9671-871b6c1bf9d3, Nodes: ceb646f1-fa60-48b3-b284-fecd835937bc{ip: 192.168.134.73, host: ozone-bzwcn-1332811729, networkLocation: /default-rack, certSerialId: null}, Type:RATIS, Factor:ONE, State:OPEN]
2019-06-12 15:42:36,497 INFO  impl.RaftServerProxy (RaftServerProxy.java:addNew(89)) - 1d50f365-b159-4806-a78c-85834496b96a: addNew group-5141D7C737AE:[1d50f365-b159-4806-a78c-85834496b96a:192.168.134.73:46101] returns group-5141D7C737AE:java.util.concurrent.CompletableFuture@3126c872[Not completed]
2019-06-12 15:42:36,522 INFO  impl.RaftServerImpl (RaftServerImpl.java:<init>(91)) - 1d50f365-b159-4806-a78c-85834496b96a: new RaftServerImpl for group-5141D7C737AE:[1d50f365-b159-4806-a78c-85834496b96a:192.168.134.73:46101] with ContainerStateMachine:uninitialized
2019-06-12 15:42:36,522 INFO  server.RaftServerConfigKeys (ConfUtils.java:logGet(43)) - raft.server.rpc.timeout.min = 1s (custom)
2019-06-12 15:42:36,522 INFO  server.RaftServerConfigKeys (ConfUtils.java:logGet(43)) - raft.server.rpc.timeout.max = 1200ms (custom)
2019-06-12 15:42:36,522 INFO  server.RaftServerConfigKeys (ConfUtils.java:logGet(43)) - raft.server.rpcslowness.timeout = 10s (custom)
2019-06-12 15:42:36,522 INFO  server.RaftServerConfigKeys (ConfUtils.java:logGet(43)) - raft.server.log.appender.install.snapshot.enabled = true (default)
2019-06-12 15:42:36,522 INFO  impl.RaftServerImpl (ServerState.java:<init>(101)) - 1d50f365-b159-4806-a78c-85834496b96a:group-5141D7C737AE ConfigurationManager, init=-1: [1d50f365-b159-4806-a78c-85834496b96a:192.168.134.73:46101], old=null, confs=<EMPTY_MAP>
2019-06-12 15:42:36,522 INFO  server.RaftServerConfigKeys (ConfUtils.java:logGet(43)) - raft.server.storage.dir = [/opt/src/hadoop-ozone/integration-test/target/test-dir/MiniOzoneClusterImpl-faabf5b7-0d59-48d6-bf0d-ae8b06f64124/datanode-3/data/ratis] (custom)
2019-06-12 15:42:36,523 INFO  storage.RaftStorageDirectory (RaftStorageDirectory.java:analyzeStorage(246)) - The storage directory /opt/src/hadoop-ozone/integration-test/target/test-dir/MiniOzoneClusterImpl-faabf5b7-0d59-48d6-bf0d-ae8b06f64124/datanode-3/data/ratis/6b3bdd47-0e0f-40d8-839e-5141d7c737ae does not exist. Creating ...
2019-06-12 15:42:36,525 INFO  storage.RaftStorageDirectory (RaftStorageDirectory.java:tryLock(328)) - Lock on /opt/src/hadoop-ozone/integration-test/target/test-dir/MiniOzoneClusterImpl-faabf5b7-0d59-48d6-bf0d-ae8b06f64124/datanode-3/data/ratis/6b3bdd47-0e0f-40d8-839e-5141d7c737ae/in_use.lock acquired by nodename 10159@ozone-bzwcn-1332811729
2019-06-12 15:42:36,527 INFO  storage.RaftStorage (RaftStorage.java:format(75)) - Storage directory /opt/src/hadoop-ozone/integration-test/target/test-dir/MiniOzoneClusterImpl-faabf5b7-0d59-48d6-bf0d-ae8b06f64124/datanode-3/data/ratis/6b3bdd47-0e0f-40d8-839e-5141d7c737ae has been successfully formatted.
2019-06-12 15:42:36,528 INFO  ratis.ContainerStateMachine (ContainerStateMachine.java:loadSnapshot(199)) - The snapshot info is null.Setting the last applied index to:(t:0, i:~)
2019-06-12 15:42:36,529 INFO  server.RaftServerConfigKeys (ConfUtils.java:logGet(43)) - raft.server.leader.election.timeout = 10s (custom)
2019-06-12 15:42:36,529 INFO  server.RaftServerConfigKeys (ConfUtils.java:logGet(43)) - raft.server.log.use.memory = false (default)
2019-06-12 15:42:36,530 INFO  server.RaftServerConfigKeys (ConfUtils.java:logGet(43)) - raft.server.log.appender.buffer.byte-limit = 33554432 (custom)
2019-06-12 15:42:36,530 INFO  server.RaftServerConfigKeys (ConfUtils.java:logGet(43)) - raft.server.log.segment.size.max = 16384 (custom)
2019-06-12 15:42:36,530 INFO  server.RaftServerConfigKeys (ConfUtils.java:logGet(43)) - raft.server.log.segment.cache.num.max = 2 (custom)
2019-06-12 15:42:36,530 INFO  storage.RaftLogWorker (RaftLogWorker.java:<init>(123)) - new 1d50f365-b159-4806-a78c-85834496b96a-RaftLogWorker for Storage Directory /opt/src/hadoop-ozone/integration-test/target/test-dir/MiniOzoneClusterImpl-faabf5b7-0d59-48d6-bf0d-ae8b06f64124/datanode-3/data/ratis/6b3bdd47-0e0f-40d8-839e-5141d7c737ae
2019-06-12 15:42:36,530 INFO  server.RaftServerConfigKeys (ConfUtils.java:logGet(43)) - raft.server.log.queue.byte-limit = 2147483647 (custom)
2019-06-12 15:42:36,530 INFO  server.RaftServerConfigKeys (ConfUtils.java:logGet(43)) - raft.server.log.queue.element-limit = 1024 (custom)
2019-06-12 15:42:36,530 INFO  server.RaftServerConfigKeys (ConfUtils.java:logGet(43)) - raft.server.log.segment.size.max = 16384 (custom)
2019-06-12 15:42:36,530 INFO  server.RaftServerConfigKeys (ConfUtils.java:logGet(43)) - raft.server.log.preallocated.size = 16384 (custom)
2019-06-12 15:42:36,530 INFO  server.RaftServerConfigKeys (ConfUtils.java:logGet(43)) - raft.server.log.write.buffer.size = 33554432 (custom)
2019-06-12 15:42:36,530 INFO  server.RaftServerConfigKeys (ConfUtils.java:logGet(43)) - raft.server.log.force.sync.num = 128 (default)
2019-06-12 15:42:36,530 INFO  server.RaftServerConfigKeys (ConfUtils.java:logGet(43)) - raft.server.log.statemachine.data.sync = true (default)
2019-06-12 15:42:36,530 INFO  server.RaftServerConfigKeys (ConfUtils.java:logGet(43)) - raft.server.log.statemachine.data.sync.timeout = 10s (default)
2019-06-12 15:42:36,530 INFO  server.RaftServerConfigKeys (ConfUtils.java:logGet(43)) - raft.server.log.statemachine.data.sync.timeout.retry = -1 (default)
2019-06-12 15:42:36,531 INFO  server.RaftServerConfigKeys (ConfUtils.java:logGet(43)) - raft.server.log.statemachine.data.caching.enabled = true (custom)
2019-06-12 15:42:36,531 INFO  server.RaftServerConfigKeys (ConfUtils.java:logGet(43)) - raft.server.snapshot.auto.trigger.enabled = true (custom)
2019-06-12 15:42:36,531 INFO  server.RaftServerConfigKeys (ConfUtils.java:logGet(43)) - raft.server.snapshot.auto.trigger.threshold = 10000 (custom)
2019-06-12 15:42:36,531 INFO  server.RaftServerConfigKeys (ConfUtils.java:logGet(43)) - raft.server.retrycache.expirytime = 600000ms (custom)
2019-06-12 15:42:36,531 INFO  impl.RaftServerImpl (RaftServerImpl.java:start(173)) - 1d50f365-b159-4806-a78c-85834496b96a: start group-5141D7C737AE
2019-06-12 15:42:36,531 INFO  impl.RaftServerImpl (RaftServerImpl.java:setRole(164)) - 1d50f365-b159-4806-a78c-85834496b96a:group-5141D7C737AE changes role from null to FOLLOWER at term 0 for startAsFollower
2019-06-12 15:42:36,532 INFO  impl.RoleInfo (RoleInfo.java:updateAndGet(143)) - 1d50f365-b159-4806-a78c-85834496b96a: start FollowerState
2019-06-12 15:42:36,532 INFO  util.JmxRegister (JmxRegister.java:tryRegister(44)) - Successfully registered JMX Bean with object name Ratis:service=RaftServer,group=group-5141D7C737AE,id=1d50f365-b159-4806-a78c-85834496b96a
2019-06-12 15:42:36,537 INFO  pipeline.PipelineStateManager (PipelineStateManager.java:addPipeline(56)) - Created pipeline Pipeline[ Id: 6b3bdd47-0e0f-40d8-839e-5141d7c737ae, Nodes: 1d50f365-b159-4806-a78c-85834496b96a{ip: 192.168.134.73, host: ozone-bzwcn-1332811729, networkLocation: /default-rack, certSerialId: null}, Type:RATIS, Factor:ONE, State:OPEN]
2019-06-12 15:42:36,551 INFO  impl.RaftServerProxy (RaftServerProxy.java:addNew(89)) - 76fc1153-c0ea-490d-8b13-d7a3d3f10376: addNew group-EF29249443BA:[76fc1153-c0ea-490d-8b13-d7a3d3f10376:192.168.134.73:40439] returns group-EF29249443BA:java.util.concurrent.CompletableFuture@5f3c0852[Not completed]
2019-06-12 15:42:36,554 INFO  impl.RaftServerImpl (RaftServerImpl.java:<init>(91)) - 76fc1153-c0ea-490d-8b13-d7a3d3f10376: new RaftServerImpl for group-EF29249443BA:[76fc1153-c0ea-490d-8b13-d7a3d3f10376:192.168.134.73:40439] with ContainerStateMachine:uninitialized
2019-06-12 15:42:36,555 INFO  server.RaftServerConfigKeys (ConfUtils.java:logGet(43)) - raft.server.rpc.timeout.min = 1s (custom)
2019-06-12 15:42:36,555 INFO  server.RaftServerConfigKeys (ConfUtils.java:logGet(43)) - raft.server.rpc.timeout.max = 1200ms (custom)
2019-06-12 15:42:36,555 INFO  server.RaftServerConfigKeys (ConfUtils.java:logGet(43)) - raft.server.rpcslowness.timeout = 10s (custom)
2019-06-12 15:42:36,555 INFO  server.RaftServerConfigKeys (ConfUtils.java:logGet(43)) - raft.server.log.appender.install.snapshot.enabled = true (default)
2019-06-12 15:42:36,555 INFO  impl.RaftServerImpl (ServerState.java:<init>(101)) - 76fc1153-c0ea-490d-8b13-d7a3d3f10376:group-EF29249443BA ConfigurationManager, init=-1: [76fc1153-c0ea-490d-8b13-d7a3d3f10376:192.168.134.73:40439], old=null, confs=<EMPTY_MAP>
2019-06-12 15:42:36,555 INFO  server.RaftServerConfigKeys (ConfUtils.java:logGet(43)) - raft.server.storage.dir = [/opt/src/hadoop-ozone/integration-test/target/test-dir/MiniOzoneClusterImpl-faabf5b7-0d59-48d6-bf0d-ae8b06f64124/datanode-1/data/ratis] (custom)
2019-06-12 15:42:36,555 INFO  storage.RaftStorageDirectory (RaftStorageDirectory.java:analyzeStorage(246)) - The storage directory /opt/src/hadoop-ozone/integration-test/target/test-dir/MiniOzoneClusterImpl-faabf5b7-0d59-48d6-bf0d-ae8b06f64124/datanode-1/data/ratis/76be0520-a5a4-4d55-81c0-ef29249443ba does not exist. Creating ...
2019-06-12 15:42:36,557 INFO  storage.RaftStorageDirectory (RaftStorageDirectory.java:tryLock(328)) - Lock on /opt/src/hadoop-ozone/integration-test/target/test-dir/MiniOzoneClusterImpl-faabf5b7-0d59-48d6-bf0d-ae8b06f64124/datanode-1/data/ratis/76be0520-a5a4-4d55-81c0-ef29249443ba/in_use.lock acquired by nodename 10159@ozone-bzwcn-1332811729
2019-06-12 15:42:36,559 INFO  storage.RaftStorage (RaftStorage.java:format(75)) - Storage directory /opt/src/hadoop-ozone/integration-test/target/test-dir/MiniOzoneClusterImpl-faabf5b7-0d59-48d6-bf0d-ae8b06f64124/datanode-1/data/ratis/76be0520-a5a4-4d55-81c0-ef29249443ba has been successfully formatted.
2019-06-12 15:42:36,559 INFO  ratis.ContainerStateMachine (ContainerStateMachine.java:loadSnapshot(199)) - The snapshot info is null.Setting the last applied index to:(t:0, i:~)
2019-06-12 15:42:36,559 INFO  server.RaftServerConfigKeys (ConfUtils.java:logGet(43)) - raft.server.leader.election.timeout = 10s (custom)
2019-06-12 15:42:36,559 INFO  server.RaftServerConfigKeys (ConfUtils.java:logGet(43)) - raft.server.log.use.memory = false (default)
2019-06-12 15:42:36,559 INFO  server.RaftServerConfigKeys (ConfUtils.java:logGet(43)) - raft.server.log.appender.buffer.byte-limit = 33554432 (custom)
2019-06-12 15:42:36,560 INFO  server.RaftServerConfigKeys (ConfUtils.java:logGet(43)) - raft.server.log.segment.size.max = 16384 (custom)
2019-06-12 15:42:36,560 INFO  server.RaftServerConfigKeys (ConfUtils.java:logGet(43)) - raft.server.log.segment.cache.num.max = 2 (custom)
2019-06-12 15:42:36,560 INFO  storage.RaftLogWorker (RaftLogWorker.java:<init>(123)) - new 76fc1153-c0ea-490d-8b13-d7a3d3f10376-RaftLogWorker for Storage Directory /opt/src/hadoop-ozone/integration-test/target/test-dir/MiniOzoneClusterImpl-faabf5b7-0d59-48d6-bf0d-ae8b06f64124/datanode-1/data/ratis/76be0520-a5a4-4d55-81c0-ef29249443ba
2019-06-12 15:42:36,560 INFO  server.RaftServerConfigKeys (ConfUtils.java:logGet(43)) - raft.server.log.queue.byte-limit = 2147483647 (custom)
2019-06-12 15:42:36,560 INFO  server.RaftServerConfigKeys (ConfUtils.java:logGet(43)) - raft.server.log.queue.element-limit = 1024 (custom)
2019-06-12 15:42:36,560 INFO  server.RaftServerConfigKeys (ConfUtils.java:logGet(43)) - raft.server.log.segment.size.max = 16384 (custom)
2019-06-12 15:42:36,560 INFO  server.RaftServerConfigKeys (ConfUtils.java:logGet(43)) - raft.server.log.preallocated.size = 16384 (custom)
2019-06-12 15:42:36,560 INFO  server.RaftServerConfigKeys (ConfUtils.java:logGet(43)) - raft.server.log.write.buffer.size = 33554432 (custom)
2019-06-12 15:42:36,560 INFO  server.RaftServerConfigKeys (ConfUtils.java:logGet(43)) - raft.server.log.force.sync.num = 128 (default)
2019-06-12 15:42:36,560 INFO  server.RaftServerConfigKeys (ConfUtils.java:logGet(43)) - raft.server.log.statemachine.data.sync = true (default)
2019-06-12 15:42:36,560 INFO  server.RaftServerConfigKeys (ConfUtils.java:logGet(43)) - raft.server.log.statemachine.data.sync.timeout = 10s (default)
2019-06-12 15:42:36,560 INFO  server.RaftServerConfigKeys (ConfUtils.java:logGet(43)) - raft.server.log.statemachine.data.sync.timeout.retry = -1 (default)
2019-06-12 15:42:36,561 INFO  server.RaftServerConfigKeys (ConfUtils.java:logGet(43)) - raft.server.log.statemachine.data.caching.enabled = true (custom)
2019-06-12 15:42:36,561 INFO  server.RaftServerConfigKeys (ConfUtils.java:logGet(43)) - raft.server.snapshot.auto.trigger.enabled = true (custom)
2019-06-12 15:42:36,561 INFO  server.RaftServerConfigKeys (ConfUtils.java:logGet(43)) - raft.server.snapshot.auto.trigger.threshold = 10000 (custom)
2019-06-12 15:42:36,561 INFO  server.RaftServerConfigKeys (ConfUtils.java:logGet(43)) - raft.server.retrycache.expirytime = 600000ms (custom)
2019-06-12 15:42:36,561 INFO  impl.RaftServerImpl (RaftServerImpl.java:start(173)) - 76fc1153-c0ea-490d-8b13-d7a3d3f10376: start group-EF29249443BA
2019-06-12 15:42:36,561 INFO  impl.RaftServerImpl (RaftServerImpl.java:setRole(164)) - 76fc1153-c0ea-490d-8b13-d7a3d3f10376:group-EF29249443BA changes role from null to FOLLOWER at term 0 for startAsFollower
2019-06-12 15:42:36,561 INFO  impl.RoleInfo (RoleInfo.java:updateAndGet(143)) - 76fc1153-c0ea-490d-8b13-d7a3d3f10376: start FollowerState
2019-06-12 15:42:36,562 INFO  util.JmxRegister (JmxRegister.java:tryRegister(44)) - Successfully registered JMX Bean with object name Ratis:service=RaftServer,group=group-EF29249443BA,id=76fc1153-c0ea-490d-8b13-d7a3d3f10376
2019-06-12 15:42:36,573 INFO  pipeline.PipelineStateManager (PipelineStateManager.java:addPipeline(56)) - Created pipeline Pipeline[ Id: 76be0520-a5a4-4d55-81c0-ef29249443ba, Nodes: 76fc1153-c0ea-490d-8b13-d7a3d3f10376{ip: 192.168.134.73, host: ozone-bzwcn-1332811729, networkLocation: /default-rack, certSerialId: null}, Type:RATIS, Factor:ONE, State:OPEN]
2019-06-12 15:42:36,605 INFO  impl.RaftServerProxy (RaftServerProxy.java:addNew(89)) - 1d50f365-b159-4806-a78c-85834496b96a: addNew group-4545F80AFB35:[f5de6ccb-ec96-4be4-b728-58d3b8fde2b9:192.168.134.73:39523, ceb646f1-fa60-48b3-b284-fecd835937bc:192.168.134.73:40147, 1d50f365-b159-4806-a78c-85834496b96a:192.168.134.73:46101] returns group-4545F80AFB35:java.util.concurrent.CompletableFuture@5340905a[Not completed]
2019-06-12 15:42:36,607 INFO  impl.RaftServerImpl (RaftServerImpl.java:<init>(91)) - 1d50f365-b159-4806-a78c-85834496b96a: new RaftServerImpl for group-4545F80AFB35:[f5de6ccb-ec96-4be4-b728-58d3b8fde2b9:192.168.134.73:39523, ceb646f1-fa60-48b3-b284-fecd835937bc:192.168.134.73:40147, 1d50f365-b159-4806-a78c-85834496b96a:192.168.134.73:46101] with ContainerStateMachine:uninitialized
2019-06-12 15:42:36,607 INFO  server.RaftServerConfigKeys (ConfUtils.java:logGet(43)) - raft.server.rpc.timeout.min = 1s (custom)
2019-06-12 15:42:36,607 INFO  server.RaftServerConfigKeys (ConfUtils.java:logGet(43)) - raft.server.rpc.timeout.max = 1200ms (custom)
2019-06-12 15:42:36,607 INFO  server.RaftServerConfigKeys (ConfUtils.java:logGet(43)) - raft.server.rpcslowness.timeout = 10s (custom)
2019-06-12 15:42:36,607 INFO  impl.RaftServerProxy (RaftServerProxy.java:addNew(89)) - f5de6ccb-ec96-4be4-b728-58d3b8fde2b9: addNew group-4545F80AFB35:[f5de6ccb-ec96-4be4-b728-58d3b8fde2b9:192.168.134.73:39523, ceb646f1-fa60-48b3-b284-fecd835937bc:192.168.134.73:40147, 1d50f365-b159-4806-a78c-85834496b96a:192.168.134.73:46101] returns group-4545F80AFB35:java.util.concurrent.CompletableFuture@19abc6b2[Not completed]
2019-06-12 15:42:36,608 INFO  impl.RaftServerImpl (RaftServerImpl.java:<init>(91)) - f5de6ccb-ec96-4be4-b728-58d3b8fde2b9: new RaftServerImpl for group-4545F80AFB35:[f5de6ccb-ec96-4be4-b728-58d3b8fde2b9:192.168.134.73:39523, ceb646f1-fa60-48b3-b284-fecd835937bc:192.168.134.73:40147, 1d50f365-b159-4806-a78c-85834496b96a:192.168.134.73:46101] with ContainerStateMachine:uninitialized
2019-06-12 15:42:36,608 INFO  server.RaftServerConfigKeys (ConfUtils.java:logGet(43)) - raft.server.rpc.timeout.min = 1s (custom)
2019-06-12 15:42:36,608 INFO  server.RaftServerConfigKeys (ConfUtils.java:logGet(43)) - raft.server.rpc.timeout.max = 1200ms (custom)
2019-06-12 15:42:36,608 INFO  server.RaftServerConfigKeys (ConfUtils.java:logGet(43)) - raft.server.rpcslowness.timeout = 10s (custom)
2019-06-12 15:42:36,608 INFO  server.RaftServerConfigKeys (ConfUtils.java:logGet(43)) - raft.server.log.appender.install.snapshot.enabled = true (default)
2019-06-12 15:42:36,608 INFO  impl.RaftServerImpl (ServerState.java:<init>(101)) - f5de6ccb-ec96-4be4-b728-58d3b8fde2b9:group-4545F80AFB35 ConfigurationManager, init=-1: [f5de6ccb-ec96-4be4-b728-58d3b8fde2b9:192.168.134.73:39523, ceb646f1-fa60-48b3-b284-fecd835937bc:192.168.134.73:40147, 1d50f365-b159-4806-a78c-85834496b96a:192.168.134.73:46101], old=null, confs=<EMPTY_MAP>
2019-06-12 15:42:36,608 INFO  server.RaftServerConfigKeys (ConfUtils.java:logGet(43)) - raft.server.storage.dir = [/opt/src/hadoop-ozone/integration-test/target/test-dir/MiniOzoneClusterImpl-faabf5b7-0d59-48d6-bf0d-ae8b06f64124/datanode-0/data/ratis] (custom)
2019-06-12 15:42:36,609 INFO  storage.RaftStorageDirectory (RaftStorageDirectory.java:analyzeStorage(246)) - The storage directory /opt/src/hadoop-ozone/integration-test/target/test-dir/MiniOzoneClusterImpl-faabf5b7-0d59-48d6-bf0d-ae8b06f64124/datanode-0/data/ratis/32fbd500-2a92-4c96-955f-4545f80afb35 does not exist. Creating ...
2019-06-12 15:42:36,609 INFO  impl.RaftServerImpl (RaftServerImpl.java:<init>(91)) - ceb646f1-fa60-48b3-b284-fecd835937bc: new RaftServerImpl for group-4545F80AFB35:[f5de6ccb-ec96-4be4-b728-58d3b8fde2b9:192.168.134.73:39523, ceb646f1-fa60-48b3-b284-fecd835937bc:192.168.134.73:40147, 1d50f365-b159-4806-a78c-85834496b96a:192.168.134.73:46101] with ContainerStateMachine:uninitialized
2019-06-12 15:42:36,609 INFO  server.RaftServerConfigKeys (ConfUtils.java:logGet(43)) - raft.server.rpc.timeout.min = 1s (custom)
2019-06-12 15:42:36,609 INFO  server.RaftServerConfigKeys (ConfUtils.java:logGet(43)) - raft.server.rpc.timeout.max = 1200ms (custom)
2019-06-12 15:42:36,609 INFO  server.RaftServerConfigKeys (ConfUtils.java:logGet(43)) - raft.server.rpcslowness.timeout = 10s (custom)
2019-06-12 15:42:36,609 INFO  server.RaftServerConfigKeys (ConfUtils.java:logGet(43)) - raft.server.log.appender.install.snapshot.enabled = true (default)
2019-06-12 15:42:36,610 INFO  impl.RaftServerImpl (ServerState.java:<init>(101)) - ceb646f1-fa60-48b3-b284-fecd835937bc:group-4545F80AFB35 ConfigurationManager, init=-1: [f5de6ccb-ec96-4be4-b728-58d3b8fde2b9:192.168.134.73:39523, ceb646f1-fa60-48b3-b284-fecd835937bc:192.168.134.73:40147, 1d50f365-b159-4806-a78c-85834496b96a:192.168.134.73:46101], old=null, confs=<EMPTY_MAP>
2019-06-12 15:42:36,610 INFO  server.RaftServerConfigKeys (ConfUtils.java:logGet(43)) - raft.server.storage.dir = [/opt/src/hadoop-ozone/integration-test/target/test-dir/MiniOzoneClusterImpl-faabf5b7-0d59-48d6-bf0d-ae8b06f64124/datanode-2/data/ratis] (custom)
2019-06-12 15:42:36,607 INFO  server.RaftServerConfigKeys (ConfUtils.java:logGet(43)) - raft.server.log.appender.install.snapshot.enabled = true (default)
2019-06-12 15:42:36,610 INFO  storage.RaftStorageDirectory (RaftStorageDirectory.java:analyzeStorage(246)) - The storage directory /opt/src/hadoop-ozone/integration-test/target/test-dir/MiniOzoneClusterImpl-faabf5b7-0d59-48d6-bf0d-ae8b06f64124/datanode-2/data/ratis/32fbd500-2a92-4c96-955f-4545f80afb35 does not exist. Creating ...
2019-06-12 15:42:36,608 INFO  impl.RaftServerProxy (RaftServerProxy.java:addNew(89)) - ceb646f1-fa60-48b3-b284-fecd835937bc: addNew group-4545F80AFB35:[f5de6ccb-ec96-4be4-b728-58d3b8fde2b9:192.168.134.73:39523, ceb646f1-fa60-48b3-b284-fecd835937bc:192.168.134.73:40147, 1d50f365-b159-4806-a78c-85834496b96a:192.168.134.73:46101] returns group-4545F80AFB35:java.util.concurrent.CompletableFuture@577f1eea[Not completed]
2019-06-12 15:42:36,610 INFO  impl.RaftServerImpl (ServerState.java:<init>(101)) - 1d50f365-b159-4806-a78c-85834496b96a:group-4545F80AFB35 ConfigurationManager, init=-1: [f5de6ccb-ec96-4be4-b728-58d3b8fde2b9:192.168.134.73:39523, ceb646f1-fa60-48b3-b284-fecd835937bc:192.168.134.73:40147, 1d50f365-b159-4806-a78c-85834496b96a:192.168.134.73:46101], old=null, confs=<EMPTY_MAP>
2019-06-12 15:42:36,610 INFO  server.RaftServerConfigKeys (ConfUtils.java:logGet(43)) - raft.server.storage.dir = [/opt/src/hadoop-ozone/integration-test/target/test-dir/MiniOzoneClusterImpl-faabf5b7-0d59-48d6-bf0d-ae8b06f64124/datanode-3/data/ratis] (custom)
2019-06-12 15:42:36,610 INFO  storage.RaftStorageDirectory (RaftStorageDirectory.java:analyzeStorage(246)) - The storage directory /opt/src/hadoop-ozone/integration-test/target/test-dir/MiniOzoneClusterImpl-faabf5b7-0d59-48d6-bf0d-ae8b06f64124/datanode-3/data/ratis/32fbd500-2a92-4c96-955f-4545f80afb35 does not exist. Creating ...
2019-06-12 15:42:36,611 INFO  storage.RaftStorageDirectory (RaftStorageDirectory.java:tryLock(328)) - Lock on /opt/src/hadoop-ozone/integration-test/target/test-dir/MiniOzoneClusterImpl-faabf5b7-0d59-48d6-bf0d-ae8b06f64124/datanode-0/data/ratis/32fbd500-2a92-4c96-955f-4545f80afb35/in_use.lock acquired by nodename 10159@ozone-bzwcn-1332811729
2019-06-12 15:42:36,613 INFO  storage.RaftStorageDirectory (RaftStorageDirectory.java:tryLock(328)) - Lock on /opt/src/hadoop-ozone/integration-test/target/test-dir/MiniOzoneClusterImpl-faabf5b7-0d59-48d6-bf0d-ae8b06f64124/datanode-2/data/ratis/32fbd500-2a92-4c96-955f-4545f80afb35/in_use.lock acquired by nodename 10159@ozone-bzwcn-1332811729
2019-06-12 15:42:36,613 INFO  storage.RaftStorageDirectory (RaftStorageDirectory.java:tryLock(328)) - Lock on /opt/src/hadoop-ozone/integration-test/target/test-dir/MiniOzoneClusterImpl-faabf5b7-0d59-48d6-bf0d-ae8b06f64124/datanode-3/data/ratis/32fbd500-2a92-4c96-955f-4545f80afb35/in_use.lock acquired by nodename 10159@ozone-bzwcn-1332811729
2019-06-12 15:42:36,614 INFO  storage.RaftStorage (RaftStorage.java:format(75)) - Storage directory /opt/src/hadoop-ozone/integration-test/target/test-dir/MiniOzoneClusterImpl-faabf5b7-0d59-48d6-bf0d-ae8b06f64124/datanode-3/data/ratis/32fbd500-2a92-4c96-955f-4545f80afb35 has been successfully formatted.
2019-06-12 15:42:36,614 INFO  storage.RaftStorage (RaftStorage.java:format(75)) - Storage directory /opt/src/hadoop-ozone/integration-test/target/test-dir/MiniOzoneClusterImpl-faabf5b7-0d59-48d6-bf0d-ae8b06f64124/datanode-2/data/ratis/32fbd500-2a92-4c96-955f-4545f80afb35 has been successfully formatted.
2019-06-12 15:42:36,615 INFO  storage.RaftStorage (RaftStorage.java:format(75)) - Storage directory /opt/src/hadoop-ozone/integration-test/target/test-dir/MiniOzoneClusterImpl-faabf5b7-0d59-48d6-bf0d-ae8b06f64124/datanode-0/data/ratis/32fbd500-2a92-4c96-955f-4545f80afb35 has been successfully formatted.
2019-06-12 15:42:36,615 INFO  ratis.ContainerStateMachine (ContainerStateMachine.java:loadSnapshot(199)) - The snapshot info is null.Setting the last applied index to:(t:0, i:~)
2019-06-12 15:42:36,615 INFO  server.RaftServerConfigKeys (ConfUtils.java:logGet(43)) - raft.server.leader.election.timeout = 10s (custom)
2019-06-12 15:42:36,615 INFO  server.RaftServerConfigKeys (ConfUtils.java:logGet(43)) - raft.server.log.use.memory = false (default)
2019-06-12 15:42:36,615 INFO  server.RaftServerConfigKeys (ConfUtils.java:logGet(43)) - raft.server.log.appender.buffer.byte-limit = 33554432 (custom)
2019-06-12 15:42:36,615 INFO  server.RaftServerConfigKeys (ConfUtils.java:logGet(43)) - raft.server.log.segment.size.max = 16384 (custom)
2019-06-12 15:42:36,616 INFO  server.RaftServerConfigKeys (ConfUtils.java:logGet(43)) - raft.server.log.segment.cache.num.max = 2 (custom)
2019-06-12 15:42:36,616 INFO  storage.RaftLogWorker (RaftLogWorker.java:<init>(123)) - new f5de6ccb-ec96-4be4-b728-58d3b8fde2b9-RaftLogWorker for Storage Directory /opt/src/hadoop-ozone/integration-test/target/test-dir/MiniOzoneClusterImpl-faabf5b7-0d59-48d6-bf0d-ae8b06f64124/datanode-0/data/ratis/32fbd500-2a92-4c96-955f-4545f80afb35
2019-06-12 15:42:36,616 INFO  server.RaftServerConfigKeys (ConfUtils.java:logGet(43)) - raft.server.log.queue.byte-limit = 2147483647 (custom)
2019-06-12 15:42:36,616 INFO  server.RaftServerConfigKeys (ConfUtils.java:logGet(43)) - raft.server.log.queue.element-limit = 1024 (custom)
2019-06-12 15:42:36,616 INFO  server.RaftServerConfigKeys (ConfUtils.java:logGet(43)) - raft.server.log.segment.size.max = 16384 (custom)
2019-06-12 15:42:36,616 INFO  server.RaftServerConfigKeys (ConfUtils.java:logGet(43)) - raft.server.log.preallocated.size = 16384 (custom)
2019-06-12 15:42:36,616 INFO  server.RaftServerConfigKeys (ConfUtils.java:logGet(43)) - raft.server.log.write.buffer.size = 33554432 (custom)
2019-06-12 15:42:36,616 INFO  server.RaftServerConfigKeys (ConfUtils.java:logGet(43)) - raft.server.log.force.sync.num = 128 (default)
2019-06-12 15:42:36,616 INFO  server.RaftServerConfigKeys (ConfUtils.java:logGet(43)) - raft.server.log.statemachine.data.sync = true (default)
2019-06-12 15:42:36,616 INFO  server.RaftServerConfigKeys (ConfUtils.java:logGet(43)) - raft.server.log.statemachine.data.sync.timeout = 10s (default)
2019-06-12 15:42:36,616 INFO  server.RaftServerConfigKeys (ConfUtils.java:logGet(43)) - raft.server.log.statemachine.data.sync.timeout.retry = -1 (default)
2019-06-12 15:42:36,616 INFO  server.RaftServerConfigKeys (ConfUtils.java:logGet(43)) - raft.server.log.statemachine.data.caching.enabled = true (custom)
2019-06-12 15:42:36,615 INFO  ratis.ContainerStateMachine (ContainerStateMachine.java:loadSnapshot(199)) - The snapshot info is null.Setting the last applied index to:(t:0, i:~)
2019-06-12 15:42:36,617 INFO  server.RaftServerConfigKeys (ConfUtils.java:logGet(43)) - raft.server.snapshot.auto.trigger.enabled = true (custom)
2019-06-12 15:42:36,615 INFO  ratis.ContainerStateMachine (ContainerStateMachine.java:loadSnapshot(199)) - The snapshot info is null.Setting the last applied index to:(t:0, i:~)
2019-06-12 15:42:36,617 INFO  server.RaftServerConfigKeys (ConfUtils.java:logGet(43)) - raft.server.leader.election.timeout = 10s (custom)
2019-06-12 15:42:36,617 INFO  server.RaftServerConfigKeys (ConfUtils.java:logGet(43)) - raft.server.log.use.memory = false (default)
2019-06-12 15:42:36,617 INFO  server.RaftServerConfigKeys (ConfUtils.java:logGet(43)) - raft.server.log.appender.buffer.byte-limit = 33554432 (custom)
2019-06-12 15:42:36,617 INFO  server.RaftServerConfigKeys (ConfUtils.java:logGet(43)) - raft.server.log.segment.size.max = 16384 (custom)
2019-06-12 15:42:36,617 INFO  server.RaftServerConfigKeys (ConfUtils.java:logGet(43)) - raft.server.log.segment.cache.num.max = 2 (custom)
2019-06-12 15:42:36,617 INFO  storage.RaftLogWorker (RaftLogWorker.java:<init>(123)) - new ceb646f1-fa60-48b3-b284-fecd835937bc-RaftLogWorker for Storage Directory /opt/src/hadoop-ozone/integration-test/target/test-dir/MiniOzoneClusterImpl-faabf5b7-0d59-48d6-bf0d-ae8b06f64124/datanode-2/data/ratis/32fbd500-2a92-4c96-955f-4545f80afb35
2019-06-12 15:42:36,618 INFO  server.RaftServerConfigKeys (ConfUtils.java:logGet(43)) - raft.server.log.queue.byte-limit = 2147483647 (custom)
2019-06-12 15:42:36,618 INFO  server.RaftServerConfigKeys (ConfUtils.java:logGet(43)) - raft.server.log.queue.element-limit = 1024 (custom)
2019-06-12 15:42:36,618 INFO  server.RaftServerConfigKeys (ConfUtils.java:logGet(43)) - raft.server.log.segment.size.max = 16384 (custom)
2019-06-12 15:42:36,618 INFO  server.RaftServerConfigKeys (ConfUtils.java:logGet(43)) - raft.server.log.preallocated.size = 16384 (custom)
2019-06-12 15:42:36,617 INFO  server.RaftServerConfigKeys (ConfUtils.java:logGet(43)) - raft.server.snapshot.auto.trigger.threshold = 10000 (custom)
2019-06-12 15:42:36,617 INFO  server.RaftServerConfigKeys (ConfUtils.java:logGet(43)) - raft.server.leader.election.timeout = 10s (custom)
2019-06-12 15:42:36,618 INFO  server.RaftServerConfigKeys (ConfUtils.java:logGet(43)) - raft.server.log.use.memory = false (default)
2019-06-12 15:42:36,618 INFO  server.RaftServerConfigKeys (ConfUtils.java:logGet(43)) - raft.server.log.appender.buffer.byte-limit = 33554432 (custom)
2019-06-12 15:42:36,618 INFO  server.RaftServerConfigKeys (ConfUtils.java:logGet(43)) - raft.server.log.segment.size.max = 16384 (custom)
2019-06-12 15:42:36,618 INFO  server.RaftServerConfigKeys (ConfUtils.java:logGet(43)) - raft.server.log.segment.cache.num.max = 2 (custom)
2019-06-12 15:42:36,618 INFO  storage.RaftLogWorker (RaftLogWorker.java:<init>(123)) - new 1d50f365-b159-4806-a78c-85834496b96a-RaftLogWorker for Storage Directory /opt/src/hadoop-ozone/integration-test/target/test-dir/MiniOzoneClusterImpl-faabf5b7-0d59-48d6-bf0d-ae8b06f64124/datanode-3/data/ratis/32fbd500-2a92-4c96-955f-4545f80afb35
2019-06-12 15:42:36,619 INFO  server.RaftServerConfigKeys (ConfUtils.java:logGet(43)) - raft.server.log.queue.byte-limit = 2147483647 (custom)
2019-06-12 15:42:36,619 INFO  server.RaftServerConfigKeys (ConfUtils.java:logGet(43)) - raft.server.log.queue.element-limit = 1024 (custom)
2019-06-12 15:42:36,619 INFO  server.RaftServerConfigKeys (ConfUtils.java:logGet(43)) - raft.server.log.segment.size.max = 16384 (custom)
2019-06-12 15:42:36,619 INFO  server.RaftServerConfigKeys (ConfUtils.java:logGet(43)) - raft.server.log.preallocated.size = 16384 (custom)
2019-06-12 15:42:36,619 INFO  server.RaftServerConfigKeys (ConfUtils.java:logGet(43)) - raft.server.log.write.buffer.size = 33554432 (custom)
2019-06-12 15:42:36,619 INFO  server.RaftServerConfigKeys (ConfUtils.java:logGet(43)) - raft.server.log.force.sync.num = 128 (default)
2019-06-12 15:42:36,619 INFO  server.RaftServerConfigKeys (ConfUtils.java:logGet(43)) - raft.server.log.statemachine.data.sync = true (default)
2019-06-12 15:42:36,619 INFO  server.RaftServerConfigKeys (ConfUtils.java:logGet(43)) - raft.server.log.statemachine.data.sync.timeout = 10s (default)
2019-06-12 15:42:36,619 INFO  server.RaftServerConfigKeys (ConfUtils.java:logGet(43)) - raft.server.log.statemachine.data.sync.timeout.retry = -1 (default)
2019-06-12 15:42:36,620 INFO  server.RaftServerConfigKeys (ConfUtils.java:logGet(43)) - raft.server.log.statemachine.data.caching.enabled = true (custom)
2019-06-12 15:42:36,618 INFO  server.RaftServerConfigKeys (ConfUtils.java:logGet(43)) - raft.server.log.write.buffer.size = 33554432 (custom)
2019-06-12 15:42:36,620 INFO  server.RaftServerConfigKeys (ConfUtils.java:logGet(43)) - raft.server.snapshot.auto.trigger.enabled = true (custom)
2019-06-12 15:42:36,618 INFO  server.RaftServerConfigKeys (ConfUtils.java:logGet(43)) - raft.server.retrycache.expirytime = 600000ms (custom)
2019-06-12 15:42:36,620 INFO  server.RaftServerConfigKeys (ConfUtils.java:logGet(43)) - raft.server.snapshot.auto.trigger.threshold = 10000 (custom)
2019-06-12 15:42:36,620 INFO  impl.RaftServerImpl (RaftServerImpl.java:start(173)) - f5de6ccb-ec96-4be4-b728-58d3b8fde2b9: start group-4545F80AFB35
2019-06-12 15:42:36,620 INFO  impl.RaftServerImpl (RaftServerImpl.java:setRole(164)) - f5de6ccb-ec96-4be4-b728-58d3b8fde2b9:group-4545F80AFB35 changes role from null to FOLLOWER at term 0 for startAsFollower
2019-06-12 15:42:36,620 INFO  impl.RoleInfo (RoleInfo.java:updateAndGet(143)) - f5de6ccb-ec96-4be4-b728-58d3b8fde2b9: start FollowerState
2019-06-12 15:42:36,620 INFO  server.RaftServerConfigKeys (ConfUtils.java:logGet(43)) - raft.server.log.force.sync.num = 128 (default)
2019-06-12 15:42:36,620 INFO  server.RaftServerConfigKeys (ConfUtils.java:logGet(43)) - raft.server.retrycache.expirytime = 600000ms (custom)
2019-06-12 15:42:36,621 INFO  impl.RaftServerImpl (RaftServerImpl.java:start(173)) - 1d50f365-b159-4806-a78c-85834496b96a: start group-4545F80AFB35
2019-06-12 15:42:36,621 INFO  impl.RaftServerImpl (RaftServerImpl.java:setRole(164)) - 1d50f365-b159-4806-a78c-85834496b96a:group-4545F80AFB35 changes role from null to FOLLOWER at term 0 for startAsFollower
2019-06-12 15:42:36,621 INFO  impl.RoleInfo (RoleInfo.java:updateAndGet(143)) - 1d50f365-b159-4806-a78c-85834496b96a: start FollowerState
2019-06-12 15:42:36,621 INFO  util.JmxRegister (JmxRegister.java:tryRegister(44)) - Successfully registered JMX Bean with object name Ratis:service=RaftServer,group=group-4545F80AFB35,id=f5de6ccb-ec96-4be4-b728-58d3b8fde2b9
2019-06-12 15:42:36,621 INFO  server.RaftServerConfigKeys (ConfUtils.java:logGet(43)) - raft.server.log.statemachine.data.sync = true (default)
2019-06-12 15:42:36,621 INFO  server.RaftServerConfigKeys (ConfUtils.java:logGet(43)) - raft.server.log.statemachine.data.sync.timeout = 10s (default)
2019-06-12 15:42:36,621 INFO  util.JmxRegister (JmxRegister.java:tryRegister(44)) - Successfully registered JMX Bean with object name Ratis:service=RaftServer,group=group-4545F80AFB35,id=1d50f365-b159-4806-a78c-85834496b96a
2019-06-12 15:42:36,621 INFO  server.RaftServerConfigKeys (ConfUtils.java:logGet(43)) - raft.server.log.statemachine.data.sync.timeout.retry = -1 (default)
2019-06-12 15:42:36,622 INFO  server.RaftServerConfigKeys (ConfUtils.java:logGet(43)) - raft.server.log.statemachine.data.caching.enabled = true (custom)
2019-06-12 15:42:36,622 INFO  server.RaftServerConfigKeys (ConfUtils.java:logGet(43)) - raft.server.snapshot.auto.trigger.enabled = true (custom)
2019-06-12 15:42:36,622 INFO  server.RaftServerConfigKeys (ConfUtils.java:logGet(43)) - raft.server.snapshot.auto.trigger.threshold = 10000 (custom)
2019-06-12 15:42:36,622 INFO  server.RaftServerConfigKeys (ConfUtils.java:logGet(43)) - raft.server.retrycache.expirytime = 600000ms (custom)
2019-06-12 15:42:36,623 INFO  impl.RaftServerImpl (RaftServerImpl.java:start(173)) - ceb646f1-fa60-48b3-b284-fecd835937bc: start group-4545F80AFB35
2019-06-12 15:42:36,623 INFO  impl.RaftServerImpl (RaftServerImpl.java:setRole(164)) - ceb646f1-fa60-48b3-b284-fecd835937bc:group-4545F80AFB35 changes role from null to FOLLOWER at term 0 for startAsFollower
2019-06-12 15:42:36,623 INFO  impl.RoleInfo (RoleInfo.java:updateAndGet(143)) - ceb646f1-fa60-48b3-b284-fecd835937bc: start FollowerState
2019-06-12 15:42:36,626 INFO  util.JmxRegister (JmxRegister.java:tryRegister(44)) - Successfully registered JMX Bean with object name Ratis:service=RaftServer,group=group-4545F80AFB35,id=ceb646f1-fa60-48b3-b284-fecd835937bc
2019-06-12 15:42:36,641 INFO  pipeline.PipelineStateManager (PipelineStateManager.java:addPipeline(56)) - Created pipeline Pipeline[ Id: 32fbd500-2a92-4c96-955f-4545f80afb35, Nodes: f5de6ccb-ec96-4be4-b728-58d3b8fde2b9{ip: 192.168.134.73, host: ozone-bzwcn-1332811729, networkLocation: /default-rack, certSerialId: null}ceb646f1-fa60-48b3-b284-fecd835937bc{ip: 192.168.134.73, host: ozone-bzwcn-1332811729, networkLocation: /default-rack, certSerialId: null}1d50f365-b159-4806-a78c-85834496b96a{ip: 192.168.134.73, host: ozone-bzwcn-1332811729, networkLocation: /default-rack, certSerialId: null}, Type:RATIS, Factor:THREE, State:OPEN]
2019-06-12 15:42:36,656 INFO  node.SCMNodeManager (SCMNodeManager.java:register(234)) - Registered Data node : b65088e1-4b07-4e21-a369-86eaa2dbd573{ip: 192.168.134.73, host: ozone-bzwcn-1332811729, networkLocation: /default-rack, certSerialId: null}
2019-06-12 15:42:36,667 INFO  impl.RaftServerProxy (RaftServerProxy.java:addNew(89)) - b65088e1-4b07-4e21-a369-86eaa2dbd573: addNew group-346A08C901D0:[b65088e1-4b07-4e21-a369-86eaa2dbd573:192.168.134.73:33633] returns group-346A08C901D0:java.util.concurrent.CompletableFuture@23258a9d[Not completed]
2019-06-12 15:42:36,671 INFO  impl.RaftServerImpl (RaftServerImpl.java:<init>(91)) - b65088e1-4b07-4e21-a369-86eaa2dbd573: new RaftServerImpl for group-346A08C901D0:[b65088e1-4b07-4e21-a369-86eaa2dbd573:192.168.134.73:33633] with ContainerStateMachine:uninitialized
2019-06-12 15:42:36,671 INFO  server.RaftServerConfigKeys (ConfUtils.java:logGet(43)) - raft.server.rpc.timeout.min = 1s (custom)
2019-06-12 15:42:36,671 INFO  server.RaftServerConfigKeys (ConfUtils.java:logGet(43)) - raft.server.rpc.timeout.max = 1200ms (custom)
2019-06-12 15:42:36,672 INFO  server.RaftServerConfigKeys (ConfUtils.java:logGet(43)) - raft.server.rpcslowness.timeout = 10s (custom)
2019-06-12 15:42:36,672 INFO  server.RaftServerConfigKeys (ConfUtils.java:logGet(43)) - raft.server.log.appender.install.snapshot.enabled = true (default)
2019-06-12 15:42:36,672 INFO  impl.RaftServerImpl (ServerState.java:<init>(101)) - b65088e1-4b07-4e21-a369-86eaa2dbd573:group-346A08C901D0 ConfigurationManager, init=-1: [b65088e1-4b07-4e21-a369-86eaa2dbd573:192.168.134.73:33633], old=null, confs=<EMPTY_MAP>
2019-06-12 15:42:36,672 INFO  server.RaftServerConfigKeys (ConfUtils.java:logGet(43)) - raft.server.storage.dir = [/opt/src/hadoop-ozone/integration-test/target/test-dir/MiniOzoneClusterImpl-faabf5b7-0d59-48d6-bf0d-ae8b06f64124/datanode-4/data/ratis] (custom)
2019-06-12 15:42:36,672 INFO  storage.RaftStorageDirectory (RaftStorageDirectory.java:analyzeStorage(246)) - The storage directory /opt/src/hadoop-ozone/integration-test/target/test-dir/MiniOzoneClusterImpl-faabf5b7-0d59-48d6-bf0d-ae8b06f64124/datanode-4/data/ratis/65fe2c0f-9315-4042-b723-346a08c901d0 does not exist. Creating ...
2019-06-12 15:42:36,674 INFO  storage.RaftStorageDirectory (RaftStorageDirectory.java:tryLock(328)) - Lock on /opt/src/hadoop-ozone/integration-test/target/test-dir/MiniOzoneClusterImpl-faabf5b7-0d59-48d6-bf0d-ae8b06f64124/datanode-4/data/ratis/65fe2c0f-9315-4042-b723-346a08c901d0/in_use.lock acquired by nodename 10159@ozone-bzwcn-1332811729
2019-06-12 15:42:36,676 INFO  storage.RaftStorage (RaftStorage.java:format(75)) - Storage directory /opt/src/hadoop-ozone/integration-test/target/test-dir/MiniOzoneClusterImpl-faabf5b7-0d59-48d6-bf0d-ae8b06f64124/datanode-4/data/ratis/65fe2c0f-9315-4042-b723-346a08c901d0 has been successfully formatted.
2019-06-12 15:42:36,676 INFO  ratis.ContainerStateMachine (ContainerStateMachine.java:loadSnapshot(199)) - The snapshot info is null.Setting the last applied index to:(t:0, i:~)
2019-06-12 15:42:36,676 INFO  server.RaftServerConfigKeys (ConfUtils.java:logGet(43)) - raft.server.leader.election.timeout = 10s (custom)
2019-06-12 15:42:36,676 INFO  server.RaftServerConfigKeys (ConfUtils.java:logGet(43)) - raft.server.log.use.memory = false (default)
2019-06-12 15:42:36,677 INFO  server.RaftServerConfigKeys (ConfUtils.java:logGet(43)) - raft.server.log.appender.buffer.byte-limit = 33554432 (custom)
2019-06-12 15:42:36,677 INFO  server.RaftServerConfigKeys (ConfUtils.java:logGet(43)) - raft.server.log.segment.size.max = 16384 (custom)
2019-06-12 15:42:36,677 INFO  server.RaftServerConfigKeys (ConfUtils.java:logGet(43)) - raft.server.log.segment.cache.num.max = 2 (custom)
2019-06-12 15:42:36,677 INFO  storage.RaftLogWorker (RaftLogWorker.java:<init>(123)) - new b65088e1-4b07-4e21-a369-86eaa2dbd573-RaftLogWorker for Storage Directory /opt/src/hadoop-ozone/integration-test/target/test-dir/MiniOzoneClusterImpl-faabf5b7-0d59-48d6-bf0d-ae8b06f64124/datanode-4/data/ratis/65fe2c0f-9315-4042-b723-346a08c901d0
2019-06-12 15:42:36,677 INFO  server.RaftServerConfigKeys (ConfUtils.java:logGet(43)) - raft.server.log.queue.byte-limit = 2147483647 (custom)
2019-06-12 15:42:36,677 INFO  server.RaftServerConfigKeys (ConfUtils.java:logGet(43)) - raft.server.log.queue.element-limit = 1024 (custom)
2019-06-12 15:42:36,677 INFO  server.RaftServerConfigKeys (ConfUtils.java:logGet(43)) - raft.server.log.segment.size.max = 16384 (custom)
2019-06-12 15:42:36,677 INFO  server.RaftServerConfigKeys (ConfUtils.java:logGet(43)) - raft.server.log.preallocated.size = 16384 (custom)
2019-06-12 15:42:36,677 INFO  server.RaftServerConfigKeys (ConfUtils.java:logGet(43)) - raft.server.log.write.buffer.size = 33554432 (custom)
2019-06-12 15:42:36,677 INFO  server.RaftServerConfigKeys (ConfUtils.java:logGet(43)) - raft.server.log.force.sync.num = 128 (default)
2019-06-12 15:42:36,678 INFO  server.RaftServerConfigKeys (ConfUtils.java:logGet(43)) - raft.server.log.statemachine.data.sync = true (default)
2019-06-12 15:42:36,678 INFO  server.RaftServerConfigKeys (ConfUtils.java:logGet(43)) - raft.server.log.statemachine.data.sync.timeout = 10s (default)
2019-06-12 15:42:36,678 INFO  server.RaftServerConfigKeys (ConfUtils.java:logGet(43)) - raft.server.log.statemachine.data.sync.timeout.retry = -1 (default)
2019-06-12 15:42:36,678 INFO  server.RaftServerConfigKeys (ConfUtils.java:logGet(43)) - raft.server.log.statemachine.data.caching.enabled = true (custom)
2019-06-12 15:42:36,678 INFO  server.RaftServerConfigKeys (ConfUtils.java:logGet(43)) - raft.server.snapshot.auto.trigger.enabled = true (custom)
2019-06-12 15:42:36,678 INFO  server.RaftServerConfigKeys (ConfUtils.java:logGet(43)) - raft.server.snapshot.auto.trigger.threshold = 10000 (custom)
2019-06-12 15:42:36,678 INFO  server.RaftServerConfigKeys (ConfUtils.java:logGet(43)) - raft.server.retrycache.expirytime = 600000ms (custom)
2019-06-12 15:42:36,678 INFO  impl.RaftServerImpl (RaftServerImpl.java:start(173)) - b65088e1-4b07-4e21-a369-86eaa2dbd573: start group-346A08C901D0
2019-06-12 15:42:36,679 INFO  impl.RaftServerImpl (RaftServerImpl.java:setRole(164)) - b65088e1-4b07-4e21-a369-86eaa2dbd573:group-346A08C901D0 changes role from null to FOLLOWER at term 0 for startAsFollower
2019-06-12 15:42:36,679 INFO  impl.RoleInfo (RoleInfo.java:updateAndGet(143)) - b65088e1-4b07-4e21-a369-86eaa2dbd573: start FollowerState
2019-06-12 15:42:36,679 INFO  util.JmxRegister (JmxRegister.java:tryRegister(44)) - Successfully registered JMX Bean with object name Ratis:service=RaftServer,group=group-346A08C901D0,id=b65088e1-4b07-4e21-a369-86eaa2dbd573
2019-06-12 15:42:36,684 INFO  pipeline.PipelineStateManager (PipelineStateManager.java:addPipeline(56)) - Created pipeline Pipeline[ Id: 65fe2c0f-9315-4042-b723-346a08c901d0, Nodes: b65088e1-4b07-4e21-a369-86eaa2dbd573{ip: 192.168.134.73, host: ozone-bzwcn-1332811729, networkLocation: /default-rack, certSerialId: null}, Type:RATIS, Factor:ONE, State:OPEN]
2019-06-12 15:42:36,872 INFO  ozone.MiniOzoneClusterImpl (MiniOzoneClusterImpl.java:lambda$waitForClusterToBeReady$0(142)) - Waiting for cluster to be ready. Got 5 of 6 DN Heartbeats.
2019-06-12 15:42:36,875 INFO  node.SCMNodeManager (SCMNodeManager.java:register(234)) - Registered Data node : 17bde3ba-dab2-41f1-855a-ac3b4b840598{ip: 192.168.134.73, host: ozone-bzwcn-1332811729, networkLocation: /default-rack, certSerialId: null}
2019-06-12 15:42:36,885 INFO  impl.RaftServerProxy (RaftServerProxy.java:addNew(89)) - 17bde3ba-dab2-41f1-855a-ac3b4b840598: addNew group-CDE8933FC526:[17bde3ba-dab2-41f1-855a-ac3b4b840598:192.168.134.73:33825] returns group-CDE8933FC526:java.util.concurrent.CompletableFuture@626e5eb[Not completed]
2019-06-12 15:42:36,885 INFO  impl.RaftServerImpl (RaftServerImpl.java:<init>(91)) - 17bde3ba-dab2-41f1-855a-ac3b4b840598: new RaftServerImpl for group-CDE8933FC526:[17bde3ba-dab2-41f1-855a-ac3b4b840598:192.168.134.73:33825] with ContainerStateMachine:uninitialized
2019-06-12 15:42:36,885 INFO  server.RaftServerConfigKeys (ConfUtils.java:logGet(43)) - raft.server.rpc.timeout.min = 1s (custom)
2019-06-12 15:42:36,885 INFO  server.RaftServerConfigKeys (ConfUtils.java:logGet(43)) - raft.server.rpc.timeout.max = 1200ms (custom)
2019-06-12 15:42:36,886 INFO  server.RaftServerConfigKeys (ConfUtils.java:logGet(43)) - raft.server.rpcslowness.timeout = 10s (custom)
2019-06-12 15:42:36,886 INFO  server.RaftServerConfigKeys (ConfUtils.java:logGet(43)) - raft.server.log.appender.install.snapshot.enabled = true (default)
2019-06-12 15:42:36,886 INFO  impl.RaftServerImpl (ServerState.java:<init>(101)) - 17bde3ba-dab2-41f1-855a-ac3b4b840598:group-CDE8933FC526 ConfigurationManager, init=-1: [17bde3ba-dab2-41f1-855a-ac3b4b840598:192.168.134.73:33825], old=null, confs=<EMPTY_MAP>
2019-06-12 15:42:36,886 INFO  server.RaftServerConfigKeys (ConfUtils.java:logGet(43)) - raft.server.storage.dir = [/opt/src/hadoop-ozone/integration-test/target/test-dir/MiniOzoneClusterImpl-faabf5b7-0d59-48d6-bf0d-ae8b06f64124/datanode-5/data/ratis] (custom)
2019-06-12 15:42:36,886 INFO  storage.RaftStorageDirectory (RaftStorageDirectory.java:analyzeStorage(246)) - The storage directory /opt/src/hadoop-ozone/integration-test/target/test-dir/MiniOzoneClusterImpl-faabf5b7-0d59-48d6-bf0d-ae8b06f64124/datanode-5/data/ratis/5f187d2b-3517-4dd8-8988-cde8933fc526 does not exist. Creating ...
2019-06-12 15:42:36,888 INFO  storage.RaftStorageDirectory (RaftStorageDirectory.java:tryLock(328)) - Lock on /opt/src/hadoop-ozone/integration-test/target/test-dir/MiniOzoneClusterImpl-faabf5b7-0d59-48d6-bf0d-ae8b06f64124/datanode-5/data/ratis/5f187d2b-3517-4dd8-8988-cde8933fc526/in_use.lock acquired by nodename 10159@ozone-bzwcn-1332811729
2019-06-12 15:42:36,890 INFO  storage.RaftStorage (RaftStorage.java:format(75)) - Storage directory /opt/src/hadoop-ozone/integration-test/target/test-dir/MiniOzoneClusterImpl-faabf5b7-0d59-48d6-bf0d-ae8b06f64124/datanode-5/data/ratis/5f187d2b-3517-4dd8-8988-cde8933fc526 has been successfully formatted.
2019-06-12 15:42:36,890 INFO  ratis.ContainerStateMachine (ContainerStateMachine.java:loadSnapshot(199)) - The snapshot info is null.Setting the last applied index to:(t:0, i:~)
2019-06-12 15:42:36,890 INFO  server.RaftServerConfigKeys (ConfUtils.java:logGet(43)) - raft.server.leader.election.timeout = 10s (custom)
2019-06-12 15:42:36,890 INFO  server.RaftServerConfigKeys (ConfUtils.java:logGet(43)) - raft.server.log.use.memory = false (default)
2019-06-12 15:42:36,890 INFO  server.RaftServerConfigKeys (ConfUtils.java:logGet(43)) - raft.server.log.appender.buffer.byte-limit = 33554432 (custom)
2019-06-12 15:42:36,890 INFO  server.RaftServerConfigKeys (ConfUtils.java:logGet(43)) - raft.server.log.segment.size.max = 16384 (custom)
2019-06-12 15:42:36,891 INFO  server.RaftServerConfigKeys (ConfUtils.java:logGet(43)) - raft.server.log.segment.cache.num.max = 2 (custom)
2019-06-12 15:42:36,891 INFO  storage.RaftLogWorker (RaftLogWorker.java:<init>(123)) - new 17bde3ba-dab2-41f1-855a-ac3b4b840598-RaftLogWorker for Storage Directory /opt/src/hadoop-ozone/integration-test/target/test-dir/MiniOzoneClusterImpl-faabf5b7-0d59-48d6-bf0d-ae8b06f64124/datanode-5/data/ratis/5f187d2b-3517-4dd8-8988-cde8933fc526
2019-06-12 15:42:36,891 INFO  server.RaftServerConfigKeys (ConfUtils.java:logGet(43)) - raft.server.log.queue.byte-limit = 2147483647 (custom)
2019-06-12 15:42:36,891 INFO  server.RaftServerConfigKeys (ConfUtils.java:logGet(43)) - raft.server.log.queue.element-limit = 1024 (custom)
2019-06-12 15:42:36,891 INFO  server.RaftServerConfigKeys (ConfUtils.java:logGet(43)) - raft.server.log.segment.size.max = 16384 (custom)
2019-06-12 15:42:36,891 INFO  server.RaftServerConfigKeys (ConfUtils.java:logGet(43)) - raft.server.log.preallocated.size = 16384 (custom)
2019-06-12 15:42:36,891 INFO  server.RaftServerConfigKeys (ConfUtils.java:logGet(43)) - raft.server.log.write.buffer.size = 33554432 (custom)
2019-06-12 15:42:36,891 INFO  server.RaftServerConfigKeys (ConfUtils.java:logGet(43)) - raft.server.log.force.sync.num = 128 (default)
2019-06-12 15:42:36,891 INFO  server.RaftServerConfigKeys (ConfUtils.java:logGet(43)) - raft.server.log.statemachine.data.sync = true (default)
2019-06-12 15:42:36,891 INFO  server.RaftServerConfigKeys (ConfUtils.java:logGet(43)) - raft.server.log.statemachine.data.sync.timeout = 10s (default)
2019-06-12 15:42:36,891 INFO  server.RaftServerConfigKeys (ConfUtils.java:logGet(43)) - raft.server.log.statemachine.data.sync.timeout.retry = -1 (default)
2019-06-12 15:42:36,891 INFO  server.RaftServerConfigKeys (ConfUtils.java:logGet(43)) - raft.server.log.statemachine.data.caching.enabled = true (custom)
2019-06-12 15:42:36,892 INFO  server.RaftServerConfigKeys (ConfUtils.java:logGet(43)) - raft.server.snapshot.auto.trigger.enabled = true (custom)
2019-06-12 15:42:36,892 INFO  server.RaftServerConfigKeys (ConfUtils.java:logGet(43)) - raft.server.snapshot.auto.trigger.threshold = 10000 (custom)
2019-06-12 15:42:36,892 INFO  server.RaftServerConfigKeys (ConfUtils.java:logGet(43)) - raft.server.retrycache.expirytime = 600000ms (custom)
2019-06-12 15:42:36,892 INFO  impl.RaftServerImpl (RaftServerImpl.java:start(173)) - 17bde3ba-dab2-41f1-855a-ac3b4b840598: start group-CDE8933FC526
2019-06-12 15:42:36,892 INFO  impl.RaftServerImpl (RaftServerImpl.java:setRole(164)) - 17bde3ba-dab2-41f1-855a-ac3b4b840598:group-CDE8933FC526 changes role from null to FOLLOWER at term 0 for startAsFollower
2019-06-12 15:42:36,892 INFO  impl.RoleInfo (RoleInfo.java:updateAndGet(143)) - 17bde3ba-dab2-41f1-855a-ac3b4b840598: start FollowerState
2019-06-12 15:42:36,893 INFO  util.JmxRegister (JmxRegister.java:tryRegister(44)) - Successfully registered JMX Bean with object name Ratis:service=RaftServer,group=group-CDE8933FC526,id=17bde3ba-dab2-41f1-855a-ac3b4b840598
2019-06-12 15:42:36,899 INFO  pipeline.PipelineStateManager (PipelineStateManager.java:addPipeline(56)) - Created pipeline Pipeline[ Id: 5f187d2b-3517-4dd8-8988-cde8933fc526, Nodes: 17bde3ba-dab2-41f1-855a-ac3b4b840598{ip: 192.168.134.73, host: ozone-bzwcn-1332811729, networkLocation: /default-rack, certSerialId: null}, Type:RATIS, Factor:ONE, State:OPEN]
2019-06-12 15:42:36,913 INFO  impl.RaftServerProxy (RaftServerProxy.java:addNew(89)) - b65088e1-4b07-4e21-a369-86eaa2dbd573: addNew group-32723F78E54A:[76fc1153-c0ea-490d-8b13-d7a3d3f10376:192.168.134.73:40439, 17bde3ba-dab2-41f1-855a-ac3b4b840598:192.168.134.73:33825, b65088e1-4b07-4e21-a369-86eaa2dbd573:192.168.134.73:33633] returns group-32723F78E54A:java.util.concurrent.CompletableFuture@37487c3e[Not completed]
2019-06-12 15:42:36,914 INFO  impl.RaftServerImpl (RaftServerImpl.java:<init>(91)) - b65088e1-4b07-4e21-a369-86eaa2dbd573: new RaftServerImpl for group-32723F78E54A:[76fc1153-c0ea-490d-8b13-d7a3d3f10376:192.168.134.73:40439, 17bde3ba-dab2-41f1-855a-ac3b4b840598:192.168.134.73:33825, b65088e1-4b07-4e21-a369-86eaa2dbd573:192.168.134.73:33633] with ContainerStateMachine:uninitialized
2019-06-12 15:42:36,914 INFO  server.RaftServerConfigKeys (ConfUtils.java:logGet(43)) - raft.server.rpc.timeout.min = 1s (custom)
2019-06-12 15:42:36,914 INFO  server.RaftServerConfigKeys (ConfUtils.java:logGet(43)) - raft.server.rpc.timeout.max = 1200ms (custom)
2019-06-12 15:42:36,914 INFO  server.RaftServerConfigKeys (ConfUtils.java:logGet(43)) - raft.server.rpcslowness.timeout = 10s (custom)
2019-06-12 15:42:36,914 INFO  server.RaftServerConfigKeys (ConfUtils.java:logGet(43)) - raft.server.log.appender.install.snapshot.enabled = true (default)
2019-06-12 15:42:36,914 INFO  impl.RaftServerImpl (ServerState.java:<init>(101)) - b65088e1-4b07-4e21-a369-86eaa2dbd573:group-32723F78E54A ConfigurationManager, init=-1: [76fc1153-c0ea-490d-8b13-d7a3d3f10376:192.168.134.73:40439, 17bde3ba-dab2-41f1-855a-ac3b4b840598:192.168.134.73:33825, b65088e1-4b07-4e21-a369-86eaa2dbd573:192.168.134.73:33633], old=null, confs=<EMPTY_MAP>
2019-06-12 15:42:36,914 INFO  server.RaftServerConfigKeys (ConfUtils.java:logGet(43)) - raft.server.storage.dir = [/opt/src/hadoop-ozone/integration-test/target/test-dir/MiniOzoneClusterImpl-faabf5b7-0d59-48d6-bf0d-ae8b06f64124/datanode-4/data/ratis] (custom)
2019-06-12 15:42:36,915 INFO  storage.RaftStorageDirectory (RaftStorageDirectory.java:analyzeStorage(246)) - The storage directory /opt/src/hadoop-ozone/integration-test/target/test-dir/MiniOzoneClusterImpl-faabf5b7-0d59-48d6-bf0d-ae8b06f64124/datanode-4/data/ratis/76770a1e-b8ca-4869-a436-32723f78e54a does not exist. Creating ...
2019-06-12 15:42:36,917 INFO  storage.RaftStorageDirectory (RaftStorageDirectory.java:tryLock(328)) - Lock on /opt/src/hadoop-ozone/integration-test/target/test-dir/MiniOzoneClusterImpl-faabf5b7-0d59-48d6-bf0d-ae8b06f64124/datanode-4/data/ratis/76770a1e-b8ca-4869-a436-32723f78e54a/in_use.lock acquired by nodename 10159@ozone-bzwcn-1332811729
2019-06-12 15:42:36,919 INFO  impl.RaftServerProxy (RaftServerProxy.java:addNew(89)) - 17bde3ba-dab2-41f1-855a-ac3b4b840598: addNew group-32723F78E54A:[76fc1153-c0ea-490d-8b13-d7a3d3f10376:192.168.134.73:40439, 17bde3ba-dab2-41f1-855a-ac3b4b840598:192.168.134.73:33825, b65088e1-4b07-4e21-a369-86eaa2dbd573:192.168.134.73:33633] returns group-32723F78E54A:java.util.concurrent.CompletableFuture@3377fe0f[Not completed]
2019-06-12 15:42:36,920 INFO  storage.RaftStorage (RaftStorage.java:format(75)) - Storage directory /opt/src/hadoop-ozone/integration-test/target/test-dir/MiniOzoneClusterImpl-faabf5b7-0d59-48d6-bf0d-ae8b06f64124/datanode-4/data/ratis/76770a1e-b8ca-4869-a436-32723f78e54a has been successfully formatted.
2019-06-12 15:42:36,920 INFO  impl.RaftServerProxy (RaftServerProxy.java:addNew(89)) - 76fc1153-c0ea-490d-8b13-d7a3d3f10376: addNew group-32723F78E54A:[76fc1153-c0ea-490d-8b13-d7a3d3f10376:192.168.134.73:40439, 17bde3ba-dab2-41f1-855a-ac3b4b840598:192.168.134.73:33825, b65088e1-4b07-4e21-a369-86eaa2dbd573:192.168.134.73:33633] returns group-32723F78E54A:java.util.concurrent.CompletableFuture@17069706[Not completed]
2019-06-12 15:42:36,920 INFO  ratis.ContainerStateMachine (ContainerStateMachine.java:loadSnapshot(199)) - The snapshot info is null.Setting the last applied index to:(t:0, i:~)
2019-06-12 15:42:36,920 INFO  server.RaftServerConfigKeys (ConfUtils.java:logGet(43)) - raft.server.leader.election.timeout = 10s (custom)
2019-06-12 15:42:36,920 INFO  server.RaftServerConfigKeys (ConfUtils.java:logGet(43)) - raft.server.log.use.memory = false (default)
2019-06-12 15:42:36,920 INFO  server.RaftServerConfigKeys (ConfUtils.java:logGet(43)) - raft.server.log.appender.buffer.byte-limit = 33554432 (custom)
2019-06-12 15:42:36,920 INFO  server.RaftServerConfigKeys (ConfUtils.java:logGet(43)) - raft.server.log.segment.size.max = 16384 (custom)
2019-06-12 15:42:36,920 INFO  server.RaftServerConfigKeys (ConfUtils.java:logGet(43)) - raft.server.log.segment.cache.num.max = 2 (custom)
2019-06-12 15:42:36,920 INFO  storage.RaftLogWorker (RaftLogWorker.java:<init>(123)) - new b65088e1-4b07-4e21-a369-86eaa2dbd573-RaftLogWorker for Storage Directory /opt/src/hadoop-ozone/integration-test/target/test-dir/MiniOzoneClusterImpl-faabf5b7-0d59-48d6-bf0d-ae8b06f64124/datanode-4/data/ratis/76770a1e-b8ca-4869-a436-32723f78e54a
2019-06-12 15:42:36,921 INFO  server.RaftServerConfigKeys (ConfUtils.java:logGet(43)) - raft.server.log.queue.byte-limit = 2147483647 (custom)
2019-06-12 15:42:36,921 INFO  impl.RaftServerImpl (RaftServerImpl.java:<init>(91)) - 76fc1153-c0ea-490d-8b13-d7a3d3f10376: new RaftServerImpl for group-32723F78E54A:[76fc1153-c0ea-490d-8b13-d7a3d3f10376:192.168.134.73:40439, 17bde3ba-dab2-41f1-855a-ac3b4b840598:192.168.134.73:33825, b65088e1-4b07-4e21-a369-86eaa2dbd573:192.168.134.73:33633] with ContainerStateMachine:uninitialized
2019-06-12 15:42:36,921 INFO  server.RaftServerConfigKeys (ConfUtils.java:logGet(43)) - raft.server.log.queue.element-limit = 1024 (custom)
2019-06-12 15:42:36,921 INFO  server.RaftServerConfigKeys (ConfUtils.java:logGet(43)) - raft.server.rpc.timeout.min = 1s (custom)
2019-06-12 15:42:36,921 INFO  server.RaftServerConfigKeys (ConfUtils.java:logGet(43)) - raft.server.log.segment.size.max = 16384 (custom)
2019-06-12 15:42:36,921 INFO  server.RaftServerConfigKeys (ConfUtils.java:logGet(43)) - raft.server.rpc.timeout.max = 1200ms (custom)
2019-06-12 15:42:36,921 INFO  server.RaftServerConfigKeys (ConfUtils.java:logGet(43)) - raft.server.log.preallocated.size = 16384 (custom)
2019-06-12 15:42:36,921 INFO  server.RaftServerConfigKeys (ConfUtils.java:logGet(43)) - raft.server.rpcslowness.timeout = 10s (custom)
2019-06-12 15:42:36,921 INFO  server.RaftServerConfigKeys (ConfUtils.java:logGet(43)) - raft.server.log.write.buffer.size = 33554432 (custom)
2019-06-12 15:42:36,921 INFO  server.RaftServerConfigKeys (ConfUtils.java:logGet(43)) - raft.server.log.appender.install.snapshot.enabled = true (default)
2019-06-12 15:42:36,921 INFO  server.RaftServerConfigKeys (ConfUtils.java:logGet(43)) - raft.server.log.force.sync.num = 128 (default)
2019-06-12 15:42:36,922 INFO  impl.RaftServerImpl (ServerState.java:<init>(101)) - 76fc1153-c0ea-490d-8b13-d7a3d3f10376:group-32723F78E54A ConfigurationManager, init=-1: [76fc1153-c0ea-490d-8b13-d7a3d3f10376:192.168.134.73:40439, 17bde3ba-dab2-41f1-855a-ac3b4b840598:192.168.134.73:33825, b65088e1-4b07-4e21-a369-86eaa2dbd573:192.168.134.73:33633], old=null, confs=<EMPTY_MAP>
2019-06-12 15:42:36,922 INFO  server.RaftServerConfigKeys (ConfUtils.java:logGet(43)) - raft.server.storage.dir = [/opt/src/hadoop-ozone/integration-test/target/test-dir/MiniOzoneClusterImpl-faabf5b7-0d59-48d6-bf0d-ae8b06f64124/datanode-1/data/ratis] (custom)
2019-06-12 15:42:36,922 INFO  storage.RaftStorageDirectory (RaftStorageDirectory.java:analyzeStorage(246)) - The storage directory /opt/src/hadoop-ozone/integration-test/target/test-dir/MiniOzoneClusterImpl-faabf5b7-0d59-48d6-bf0d-ae8b06f64124/datanode-1/data/ratis/76770a1e-b8ca-4869-a436-32723f78e54a does not exist. Creating ...
2019-06-12 15:42:36,922 INFO  impl.RaftServerImpl (RaftServerImpl.java:<init>(91)) - 17bde3ba-dab2-41f1-855a-ac3b4b840598: new RaftServerImpl for group-32723F78E54A:[76fc1153-c0ea-490d-8b13-d7a3d3f10376:192.168.134.73:40439, 17bde3ba-dab2-41f1-855a-ac3b4b840598:192.168.134.73:33825, b65088e1-4b07-4e21-a369-86eaa2dbd573:192.168.134.73:33633] with ContainerStateMachine:uninitialized
2019-06-12 15:42:36,922 INFO  server.RaftServerConfigKeys (ConfUtils.java:logGet(43)) - raft.server.rpc.timeout.min = 1s (custom)
2019-06-12 15:42:36,922 INFO  server.RaftServerConfigKeys (ConfUtils.java:logGet(43)) - raft.server.log.statemachine.data.sync = true (default)
2019-06-12 15:42:36,922 INFO  server.RaftServerConfigKeys (ConfUtils.java:logGet(43)) - raft.server.rpc.timeout.max = 1200ms (custom)
2019-06-12 15:42:36,923 INFO  server.RaftServerConfigKeys (ConfUtils.java:logGet(43)) - raft.server.log.statemachine.data.sync.timeout = 10s (default)
2019-06-12 15:42:36,923 INFO  server.RaftServerConfigKeys (ConfUtils.java:logGet(43)) - raft.server.rpcslowness.timeout = 10s (custom)
2019-06-12 15:42:36,923 INFO  server.RaftServerConfigKeys (ConfUtils.java:logGet(43)) - raft.server.log.statemachine.data.sync.timeout.retry = -1 (default)
2019-06-12 15:42:36,923 INFO  server.RaftServerConfigKeys (ConfUtils.java:logGet(43)) - raft.server.log.appender.install.snapshot.enabled = true (default)
2019-06-12 15:42:36,923 INFO  server.RaftServerConfigKeys (ConfUtils.java:logGet(43)) - raft.server.log.statemachine.data.caching.enabled = true (custom)
2019-06-12 15:42:36,923 INFO  impl.RaftServerImpl (ServerState.java:<init>(101)) - 17bde3ba-dab2-41f1-855a-ac3b4b840598:group-32723F78E54A ConfigurationManager, init=-1: [76fc1153-c0ea-490d-8b13-d7a3d3f10376:192.168.134.73:40439, 17bde3ba-dab2-41f1-855a-ac3b4b840598:192.168.134.73:33825, b65088e1-4b07-4e21-a369-86eaa2dbd573:192.168.134.73:33633], old=null, confs=<EMPTY_MAP>
2019-06-12 15:42:36,923 INFO  server.RaftServerConfigKeys (ConfUtils.java:logGet(43)) - raft.server.storage.dir = [/opt/src/hadoop-ozone/integration-test/target/test-dir/MiniOzoneClusterImpl-faabf5b7-0d59-48d6-bf0d-ae8b06f64124/datanode-5/data/ratis] (custom)
2019-06-12 15:42:36,923 INFO  storage.RaftStorageDirectory (RaftStorageDirectory.java:analyzeStorage(246)) - The storage directory /opt/src/hadoop-ozone/integration-test/target/test-dir/MiniOzoneClusterImpl-faabf5b7-0d59-48d6-bf0d-ae8b06f64124/datanode-5/data/ratis/76770a1e-b8ca-4869-a436-32723f78e54a does not exist. Creating ...
2019-06-12 15:42:36,927 INFO  storage.RaftStorageDirectory (RaftStorageDirectory.java:tryLock(328)) - Lock on /opt/src/hadoop-ozone/integration-test/target/test-dir/MiniOzoneClusterImpl-faabf5b7-0d59-48d6-bf0d-ae8b06f64124/datanode-1/data/ratis/76770a1e-b8ca-4869-a436-32723f78e54a/in_use.lock acquired by nodename 10159@ozone-bzwcn-1332811729
2019-06-12 15:42:36,927 INFO  server.RaftServerConfigKeys (ConfUtils.java:logGet(43)) - raft.server.snapshot.auto.trigger.enabled = true (custom)
2019-06-12 15:42:36,927 INFO  server.RaftServerConfigKeys (ConfUtils.java:logGet(43)) - raft.server.snapshot.auto.trigger.threshold = 10000 (custom)
2019-06-12 15:42:36,927 INFO  server.RaftServerConfigKeys (ConfUtils.java:logGet(43)) - raft.server.retrycache.expirytime = 600000ms (custom)
2019-06-12 15:42:36,927 INFO  impl.RaftServerImpl (RaftServerImpl.java:start(173)) - b65088e1-4b07-4e21-a369-86eaa2dbd573: start group-32723F78E54A
2019-06-12 15:42:36,928 INFO  impl.RaftServerImpl (RaftServerImpl.java:setRole(164)) - b65088e1-4b07-4e21-a369-86eaa2dbd573:group-32723F78E54A changes role from null to FOLLOWER at term 0 for startAsFollower
2019-06-12 15:42:36,928 INFO  impl.RoleInfo (RoleInfo.java:updateAndGet(143)) - b65088e1-4b07-4e21-a369-86eaa2dbd573: start FollowerState
2019-06-12 15:42:36,928 INFO  util.JmxRegister (JmxRegister.java:tryRegister(44)) - Successfully registered JMX Bean with object name Ratis:service=RaftServer,group=group-32723F78E54A,id=b65088e1-4b07-4e21-a369-86eaa2dbd573
2019-06-12 15:42:36,929 INFO  storage.RaftStorage (RaftStorage.java:format(75)) - Storage directory /opt/src/hadoop-ozone/integration-test/target/test-dir/MiniOzoneClusterImpl-faabf5b7-0d59-48d6-bf0d-ae8b06f64124/datanode-1/data/ratis/76770a1e-b8ca-4869-a436-32723f78e54a has been successfully formatted.
2019-06-12 15:42:36,929 INFO  ratis.ContainerStateMachine (ContainerStateMachine.java:loadSnapshot(199)) - The snapshot info is null.Setting the last applied index to:(t:0, i:~)
2019-06-12 15:42:36,929 INFO  server.RaftServerConfigKeys (ConfUtils.java:logGet(43)) - raft.server.leader.election.timeout = 10s (custom)
2019-06-12 15:42:36,929 INFO  server.RaftServerConfigKeys (ConfUtils.java:logGet(43)) - raft.server.log.use.memory = false (default)
2019-06-12 15:42:36,929 INFO  server.RaftServerConfigKeys (ConfUtils.java:logGet(43)) - raft.server.log.appender.buffer.byte-limit = 33554432 (custom)
2019-06-12 15:42:36,929 INFO  server.RaftServerConfigKeys (ConfUtils.java:logGet(43)) - raft.server.log.segment.size.max = 16384 (custom)
2019-06-12 15:42:36,930 INFO  server.RaftServerConfigKeys (ConfUtils.java:logGet(43)) - raft.server.log.segment.cache.num.max = 2 (custom)
2019-06-12 15:42:36,930 INFO  storage.RaftLogWorker (RaftLogWorker.java:<init>(123)) - new 76fc1153-c0ea-490d-8b13-d7a3d3f10376-RaftLogWorker for Storage Directory /opt/src/hadoop-ozone/integration-test/target/test-dir/MiniOzoneClusterImpl-faabf5b7-0d59-48d6-bf0d-ae8b06f64124/datanode-1/data/ratis/76770a1e-b8ca-4869-a436-32723f78e54a
2019-06-12 15:42:36,930 INFO  server.RaftServerConfigKeys (ConfUtils.java:logGet(43)) - raft.server.log.queue.byte-limit = 2147483647 (custom)
2019-06-12 15:42:36,931 INFO  server.RaftServerConfigKeys (ConfUtils.java:logGet(43)) - raft.server.log.queue.element-limit = 1024 (custom)
2019-06-12 15:42:36,931 INFO  server.RaftServerConfigKeys (ConfUtils.java:logGet(43)) - raft.server.log.segment.size.max = 16384 (custom)
2019-06-12 15:42:36,931 INFO  server.RaftServerConfigKeys (ConfUtils.java:logGet(43)) - raft.server.log.preallocated.size = 16384 (custom)
2019-06-12 15:42:36,930 INFO  storage.RaftStorageDirectory (RaftStorageDirectory.java:tryLock(328)) - Lock on /opt/src/hadoop-ozone/integration-test/target/test-dir/MiniOzoneClusterImpl-faabf5b7-0d59-48d6-bf0d-ae8b06f64124/datanode-5/data/ratis/76770a1e-b8ca-4869-a436-32723f78e54a/in_use.lock acquired by nodename 10159@ozone-bzwcn-1332811729
2019-06-12 15:42:36,932 INFO  server.RaftServerConfigKeys (ConfUtils.java:logGet(43)) - raft.server.log.write.buffer.size = 33554432 (custom)
2019-06-12 15:42:36,932 INFO  server.RaftServerConfigKeys (ConfUtils.java:logGet(43)) - raft.server.log.force.sync.num = 128 (default)
2019-06-12 15:42:36,932 INFO  server.RaftServerConfigKeys (ConfUtils.java:logGet(43)) - raft.server.log.statemachine.data.sync = true (default)
2019-06-12 15:42:36,932 INFO  server.RaftServerConfigKeys (ConfUtils.java:logGet(43)) - raft.server.log.statemachine.data.sync.timeout = 10s (default)
2019-06-12 15:42:36,932 INFO  server.RaftServerConfigKeys (ConfUtils.java:logGet(43)) - raft.server.log.statemachine.data.sync.timeout.retry = -1 (default)
2019-06-12 15:42:36,932 INFO  server.RaftServerConfigKeys (ConfUtils.java:logGet(43)) - raft.server.log.statemachine.data.caching.enabled = true (custom)
2019-06-12 15:42:36,934 INFO  storage.RaftStorage (RaftStorage.java:format(75)) - Storage directory /opt/src/hadoop-ozone/integration-test/target/test-dir/MiniOzoneClusterImpl-faabf5b7-0d59-48d6-bf0d-ae8b06f64124/datanode-5/data/ratis/76770a1e-b8ca-4869-a436-32723f78e54a has been successfully formatted.
2019-06-12 15:42:36,934 INFO  ratis.ContainerStateMachine (ContainerStateMachine.java:loadSnapshot(199)) - The snapshot info is null.Setting the last applied index to:(t:0, i:~)
2019-06-12 15:42:36,934 INFO  server.RaftServerConfigKeys (ConfUtils.java:logGet(43)) - raft.server.snapshot.auto.trigger.enabled = true (custom)
2019-06-12 15:42:36,934 INFO  server.RaftServerConfigKeys (ConfUtils.java:logGet(43)) - raft.server.leader.election.timeout = 10s (custom)
2019-06-12 15:42:36,934 INFO  server.RaftServerConfigKeys (ConfUtils.java:logGet(43)) - raft.server.snapshot.auto.trigger.threshold = 10000 (custom)
2019-06-12 15:42:36,939 INFO  server.RaftServerConfigKeys (ConfUtils.java:logGet(43)) - raft.server.retrycache.expirytime = 600000ms (custom)
2019-06-12 15:42:36,939 INFO  impl.RaftServerImpl (RaftServerImpl.java:start(173)) - 76fc1153-c0ea-490d-8b13-d7a3d3f10376: start group-32723F78E54A
2019-06-12 15:42:36,939 INFO  impl.RaftServerImpl (RaftServerImpl.java:setRole(164)) - 76fc1153-c0ea-490d-8b13-d7a3d3f10376:group-32723F78E54A changes role from null to FOLLOWER at term 0 for startAsFollower
2019-06-12 15:42:36,939 INFO  impl.RoleInfo (RoleInfo.java:updateAndGet(143)) - 76fc1153-c0ea-490d-8b13-d7a3d3f10376: start FollowerState
2019-06-12 15:42:36,939 INFO  server.RaftServerConfigKeys (ConfUtils.java:logGet(43)) - raft.server.log.use.memory = false (default)
2019-06-12 15:42:36,939 INFO  server.RaftServerConfigKeys (ConfUtils.java:logGet(43)) - raft.server.log.appender.buffer.byte-limit = 33554432 (custom)
2019-06-12 15:42:36,940 INFO  server.RaftServerConfigKeys (ConfUtils.java:logGet(43)) - raft.server.log.segment.size.max = 16384 (custom)
2019-06-12 15:42:36,940 INFO  server.RaftServerConfigKeys (ConfUtils.java:logGet(43)) - raft.server.log.segment.cache.num.max = 2 (custom)
2019-06-12 15:42:36,940 INFO  storage.RaftLogWorker (RaftLogWorker.java:<init>(123)) - new 17bde3ba-dab2-41f1-855a-ac3b4b840598-RaftLogWorker for Storage Directory /opt/src/hadoop-ozone/integration-test/target/test-dir/MiniOzoneClusterImpl-faabf5b7-0d59-48d6-bf0d-ae8b06f64124/datanode-5/data/ratis/76770a1e-b8ca-4869-a436-32723f78e54a
2019-06-12 15:42:36,940 INFO  server.RaftServerConfigKeys (ConfUtils.java:logGet(43)) - raft.server.log.queue.byte-limit = 2147483647 (custom)
2019-06-12 15:42:36,940 INFO  server.RaftServerConfigKeys (ConfUtils.java:logGet(43)) - raft.server.log.queue.element-limit = 1024 (custom)
2019-06-12 15:42:36,940 INFO  server.RaftServerConfigKeys (ConfUtils.java:logGet(43)) - raft.server.log.segment.size.max = 16384 (custom)
2019-06-12 15:42:36,940 INFO  server.RaftServerConfigKeys (ConfUtils.java:logGet(43)) - raft.server.log.preallocated.size = 16384 (custom)
2019-06-12 15:42:36,940 INFO  server.RaftServerConfigKeys (ConfUtils.java:logGet(43)) - raft.server.log.write.buffer.size = 33554432 (custom)
2019-06-12 15:42:36,940 INFO  server.RaftServerConfigKeys (ConfUtils.java:logGet(43)) - raft.server.log.force.sync.num = 128 (default)
2019-06-12 15:42:36,940 INFO  server.RaftServerConfigKeys (ConfUtils.java:logGet(43)) - raft.server.log.statemachine.data.sync = true (default)
2019-06-12 15:42:36,940 INFO  server.RaftServerConfigKeys (ConfUtils.java:logGet(43)) - raft.server.log.statemachine.data.sync.timeout = 10s (default)
2019-06-12 15:42:36,941 INFO  server.RaftServerConfigKeys (ConfUtils.java:logGet(43)) - raft.server.log.statemachine.data.sync.timeout.retry = -1 (default)
2019-06-12 15:42:36,942 INFO  server.RaftServerConfigKeys (ConfUtils.java:logGet(43)) - raft.server.log.statemachine.data.caching.enabled = true (custom)
2019-06-12 15:42:36,942 INFO  util.JmxRegister (JmxRegister.java:tryRegister(44)) - Successfully registered JMX Bean with object name Ratis:service=RaftServer,group=group-32723F78E54A,id=76fc1153-c0ea-490d-8b13-d7a3d3f10376
2019-06-12 15:42:36,942 INFO  server.RaftServerConfigKeys (ConfUtils.java:logGet(43)) - raft.server.snapshot.auto.trigger.enabled = true (custom)
2019-06-12 15:42:36,942 INFO  server.RaftServerConfigKeys (ConfUtils.java:logGet(43)) - raft.server.snapshot.auto.trigger.threshold = 10000 (custom)
2019-06-12 15:42:36,943 INFO  server.RaftServerConfigKeys (ConfUtils.java:logGet(43)) - raft.server.retrycache.expirytime = 600000ms (custom)
2019-06-12 15:42:36,943 INFO  impl.RaftServerImpl (RaftServerImpl.java:start(173)) - 17bde3ba-dab2-41f1-855a-ac3b4b840598: start group-32723F78E54A
2019-06-12 15:42:36,944 INFO  impl.RaftServerImpl (RaftServerImpl.java:setRole(164)) - 17bde3ba-dab2-41f1-855a-ac3b4b840598:group-32723F78E54A changes role from null to FOLLOWER at term 0 for startAsFollower
2019-06-12 15:42:36,944 INFO  impl.RoleInfo (RoleInfo.java:updateAndGet(143)) - 17bde3ba-dab2-41f1-855a-ac3b4b840598: start FollowerState
2019-06-12 15:42:36,944 INFO  util.JmxRegister (JmxRegister.java:tryRegister(44)) - Successfully registered JMX Bean with object name Ratis:service=RaftServer,group=group-32723F78E54A,id=17bde3ba-dab2-41f1-855a-ac3b4b840598
2019-06-12 15:42:36,954 INFO  pipeline.PipelineStateManager (PipelineStateManager.java:addPipeline(56)) - Created pipeline Pipeline[ Id: 76770a1e-b8ca-4869-a436-32723f78e54a, Nodes: 17bde3ba-dab2-41f1-855a-ac3b4b840598{ip: 192.168.134.73, host: ozone-bzwcn-1332811729, networkLocation: /default-rack, certSerialId: null}b65088e1-4b07-4e21-a369-86eaa2dbd573{ip: 192.168.134.73, host: ozone-bzwcn-1332811729, networkLocation: /default-rack, certSerialId: null}76fc1153-c0ea-490d-8b13-d7a3d3f10376{ip: 192.168.134.73, host: ozone-bzwcn-1332811729, networkLocation: /default-rack, certSerialId: null}, Type:RATIS, Factor:THREE, State:OPEN]
2019-06-12 15:42:37,513 INFO  impl.FollowerState (FollowerState.java:run(101)) - ceb646f1-fa60-48b3-b284-fecd835937bc:group-871B6C1BF9D3 changes to CANDIDATE, lastRpcTime:1040, electionTimeout:1039ms
2019-06-12 15:42:37,513 INFO  impl.RoleInfo (RoleInfo.java:shutdownFollowerState(121)) - ceb646f1-fa60-48b3-b284-fecd835937bc: shutdown FollowerState
2019-06-12 15:42:37,514 INFO  impl.RaftServerImpl (RaftServerImpl.java:setRole(164)) - ceb646f1-fa60-48b3-b284-fecd835937bc:group-871B6C1BF9D3 changes role from FOLLOWER to CANDIDATE at term 0 for changeToCandidate
2019-06-12 15:42:37,515 INFO  impl.RoleInfo (RoleInfo.java:updateAndGet(143)) - ceb646f1-fa60-48b3-b284-fecd835937bc: start LeaderElection
2019-06-12 15:42:37,521 INFO  impl.LeaderElection (LeaderElection.java:askForVotes(181)) - ceb646f1-fa60-48b3-b284-fecd835937bc:group-871B6C1BF9D3:LeaderElection1: begin an election at term 1 for -1: [ceb646f1-fa60-48b3-b284-fecd835937bc:192.168.134.73:40147], old=null
2019-06-12 15:42:37,523 INFO  impl.RoleInfo (RoleInfo.java:shutdownLeaderElection(134)) - ceb646f1-fa60-48b3-b284-fecd835937bc: shutdown LeaderElection
2019-06-12 15:42:37,523 INFO  impl.RaftServerImpl (RaftServerImpl.java:setRole(164)) - ceb646f1-fa60-48b3-b284-fecd835937bc:group-871B6C1BF9D3 changes role from CANDIDATE to LEADER at term 1 for changeToLeader
2019-06-12 15:42:37,524 INFO  impl.RaftServerImpl (ServerState.java:setLeader(263)) - ceb646f1-fa60-48b3-b284-fecd835937bc:group-871B6C1BF9D3 change Leader from null to ceb646f1-fa60-48b3-b284-fecd835937bc at term 1 for becomeLeader, leader elected after 1054ms
2019-06-12 15:42:37,526 INFO  impl.FollowerState (FollowerState.java:run(101)) - f5de6ccb-ec96-4be4-b728-58d3b8fde2b9:group-A64982AE239A changes to CANDIDATE, lastRpcTime:1126, electionTimeout:1126ms
2019-06-12 15:42:37,527 INFO  impl.RoleInfo (RoleInfo.java:shutdownFollowerState(121)) - f5de6ccb-ec96-4be4-b728-58d3b8fde2b9: shutdown FollowerState
2019-06-12 15:42:37,527 INFO  impl.RaftServerImpl (RaftServerImpl.java:setRole(164)) - f5de6ccb-ec96-4be4-b728-58d3b8fde2b9:group-A64982AE239A changes role from FOLLOWER to CANDIDATE at term 0 for changeToCandidate
2019-06-12 15:42:37,528 INFO  impl.RoleInfo (RoleInfo.java:updateAndGet(143)) - f5de6ccb-ec96-4be4-b728-58d3b8fde2b9: start LeaderElection
2019-06-12 15:42:37,529 INFO  server.RaftServerConfigKeys (ConfUtils.java:logGet(43)) - raft.server.staging.catchup.gap = 1000 (default)
2019-06-12 15:42:37,532 INFO  server.RaftServerConfigKeys (ConfUtils.java:logGet(43)) - raft.server.rpc.sleep.time = 25ms (default)
2019-06-12 15:42:37,534 INFO  server.RaftServerConfigKeys (ConfUtils.java:logGet(43)) - raft.server.watch.timeout = 10s (default)
2019-06-12 15:42:37,534 INFO  server.RaftServerConfigKeys (ConfUtils.java:logGet(43)) - raft.server.watch.timeout.denomination = 1s (default)
2019-06-12 15:42:37,534 INFO  impl.LeaderElection (LeaderElection.java:askForVotes(181)) - f5de6ccb-ec96-4be4-b728-58d3b8fde2b9:group-A64982AE239A:LeaderElection2: begin an election at term 1 for -1: [f5de6ccb-ec96-4be4-b728-58d3b8fde2b9:192.168.134.73:39523], old=null
2019-06-12 15:42:37,535 INFO  impl.RoleInfo (RoleInfo.java:shutdownLeaderElection(134)) - f5de6ccb-ec96-4be4-b728-58d3b8fde2b9: shutdown LeaderElection
2019-06-12 15:42:37,535 INFO  impl.RaftServerImpl (RaftServerImpl.java:setRole(164)) - f5de6ccb-ec96-4be4-b728-58d3b8fde2b9:group-A64982AE239A changes role from CANDIDATE to LEADER at term 1 for changeToLeader
2019-06-12 15:42:37,535 INFO  impl.RaftServerImpl (ServerState.java:setLeader(263)) - f5de6ccb-ec96-4be4-b728-58d3b8fde2b9:group-A64982AE239A change Leader from null to f5de6ccb-ec96-4be4-b728-58d3b8fde2b9 at term 1 for becomeLeader, leader elected after 1302ms
2019-06-12 15:42:37,535 INFO  server.RaftServerConfigKeys (ConfUtils.java:logGet(43)) - raft.server.staging.catchup.gap = 1000 (default)
2019-06-12 15:42:37,535 INFO  server.RaftServerConfigKeys (ConfUtils.java:logGet(43)) - raft.server.rpc.sleep.time = 25ms (default)
2019-06-12 15:42:37,535 INFO  server.RaftServerConfigKeys (ConfUtils.java:logGet(43)) - raft.server.watch.timeout = 10s (default)
2019-06-12 15:42:37,535 INFO  server.RaftServerConfigKeys (ConfUtils.java:logGet(43)) - raft.server.watch.timeout.denomination = 1s (default)
2019-06-12 15:42:37,541 INFO  impl.RoleInfo (RoleInfo.java:updateAndGet(143)) - f5de6ccb-ec96-4be4-b728-58d3b8fde2b9: start LeaderState
2019-06-12 15:42:37,541 INFO  impl.RoleInfo (RoleInfo.java:updateAndGet(143)) - ceb646f1-fa60-48b3-b284-fecd835937bc: start LeaderState
2019-06-12 15:42:37,543 INFO  impl.FollowerState (FollowerState.java:run(101)) - 1d50f365-b159-4806-a78c-85834496b96a:group-5141D7C737AE changes to CANDIDATE, lastRpcTime:1011, electionTimeout:1011ms
2019-06-12 15:42:37,543 INFO  impl.RoleInfo (RoleInfo.java:shutdownFollowerState(121)) - 1d50f365-b159-4806-a78c-85834496b96a: shutdown FollowerState
2019-06-12 15:42:37,543 INFO  impl.RaftServerImpl (RaftServerImpl.java:setRole(164)) - 1d50f365-b159-4806-a78c-85834496b96a:group-5141D7C737AE changes role from FOLLOWER to CANDIDATE at term 0 for changeToCandidate
2019-06-12 15:42:37,543 INFO  impl.RoleInfo (RoleInfo.java:updateAndGet(143)) - 1d50f365-b159-4806-a78c-85834496b96a: start LeaderElection
2019-06-12 15:42:37,549 INFO  impl.LeaderElection (LeaderElection.java:askForVotes(181)) - 1d50f365-b159-4806-a78c-85834496b96a:group-5141D7C737AE:LeaderElection3: begin an election at term 1 for -1: [1d50f365-b159-4806-a78c-85834496b96a:192.168.134.73:46101], old=null
2019-06-12 15:42:37,549 INFO  impl.RoleInfo (RoleInfo.java:shutdownLeaderElection(134)) - 1d50f365-b159-4806-a78c-85834496b96a: shutdown LeaderElection
2019-06-12 15:42:37,549 INFO  impl.RaftServerImpl (RaftServerImpl.java:setRole(164)) - 1d50f365-b159-4806-a78c-85834496b96a:group-5141D7C737AE changes role from CANDIDATE to LEADER at term 1 for changeToLeader
2019-06-12 15:42:37,549 INFO  impl.RaftServerImpl (ServerState.java:setLeader(263)) - 1d50f365-b159-4806-a78c-85834496b96a:group-5141D7C737AE change Leader from null to 1d50f365-b159-4806-a78c-85834496b96a at term 1 for becomeLeader, leader elected after 1019ms
2019-06-12 15:42:37,550 INFO  server.RaftServerConfigKeys (ConfUtils.java:logGet(43)) - raft.server.staging.catchup.gap = 1000 (default)
2019-06-12 15:42:37,550 INFO  server.RaftServerConfigKeys (ConfUtils.java:logGet(43)) - raft.server.rpc.sleep.time = 25ms (default)
2019-06-12 15:42:37,550 INFO  server.RaftServerConfigKeys (ConfUtils.java:logGet(43)) - raft.server.watch.timeout = 10s (default)
2019-06-12 15:42:37,550 INFO  server.RaftServerConfigKeys (ConfUtils.java:logGet(43)) - raft.server.watch.timeout.denomination = 1s (default)
2019-06-12 15:42:37,550 INFO  impl.RoleInfo (RoleInfo.java:updateAndGet(143)) - 1d50f365-b159-4806-a78c-85834496b96a: start LeaderState
2019-06-12 15:42:37,560 INFO  storage.RaftLogWorker (RaftLogWorker.java:startLogSegment(298)) - f5de6ccb-ec96-4be4-b728-58d3b8fde2b9-RaftLogWorker: Starting segment from index:0
2019-06-12 15:42:37,560 INFO  storage.RaftLogWorker (RaftLogWorker.java:startLogSegment(298)) - 1d50f365-b159-4806-a78c-85834496b96a-RaftLogWorker: Starting segment from index:0
2019-06-12 15:42:37,560 INFO  storage.RaftLogWorker (RaftLogWorker.java:startLogSegment(298)) - ceb646f1-fa60-48b3-b284-fecd835937bc-RaftLogWorker: Starting segment from index:0
2019-06-12 15:42:37,565 INFO  impl.FollowerState (FollowerState.java:run(101)) - 76fc1153-c0ea-490d-8b13-d7a3d3f10376:group-EF29249443BA changes to CANDIDATE, lastRpcTime:1003, electionTimeout:1003ms
2019-06-12 15:42:37,565 INFO  impl.RoleInfo (RoleInfo.java:shutdownFollowerState(121)) - 76fc1153-c0ea-490d-8b13-d7a3d3f10376: shutdown FollowerState
2019-06-12 15:42:37,565 INFO  impl.RaftServerImpl (RaftServerImpl.java:setRole(164)) - 76fc1153-c0ea-490d-8b13-d7a3d3f10376:group-EF29249443BA changes role from FOLLOWER to CANDIDATE at term 0 for changeToCandidate
2019-06-12 15:42:37,565 INFO  impl.RoleInfo (RoleInfo.java:updateAndGet(143)) - 76fc1153-c0ea-490d-8b13-d7a3d3f10376: start LeaderElection
2019-06-12 15:42:37,577 INFO  impl.RaftServerImpl (ServerState.java:setRaftConf(361)) - ceb646f1-fa60-48b3-b284-fecd835937bc:group-871B6C1BF9D3 set configuration 0: [ceb646f1-fa60-48b3-b284-fecd835937bc:192.168.134.73:40147], old=null at 0
2019-06-12 15:42:37,577 INFO  impl.RaftServerImpl (ServerState.java:setRaftConf(361)) - 1d50f365-b159-4806-a78c-85834496b96a:group-5141D7C737AE set configuration 0: [1d50f365-b159-4806-a78c-85834496b96a:192.168.134.73:46101], old=null at 0
2019-06-12 15:42:37,581 INFO  impl.LeaderElection (LeaderElection.java:askForVotes(181)) - 76fc1153-c0ea-490d-8b13-d7a3d3f10376:group-EF29249443BA:LeaderElection4: begin an election at term 1 for -1: [76fc1153-c0ea-490d-8b13-d7a3d3f10376:192.168.134.73:40439], old=null
2019-06-12 15:42:37,581 INFO  impl.RoleInfo (RoleInfo.java:shutdownLeaderElection(134)) - 76fc1153-c0ea-490d-8b13-d7a3d3f10376: shutdown LeaderElection
2019-06-12 15:42:37,581 INFO  impl.RaftServerImpl (RaftServerImpl.java:setRole(164)) - 76fc1153-c0ea-490d-8b13-d7a3d3f10376:group-EF29249443BA changes role from CANDIDATE to LEADER at term 1 for changeToLeader
2019-06-12 15:42:37,581 INFO  impl.RaftServerImpl (ServerState.java:setLeader(263)) - 76fc1153-c0ea-490d-8b13-d7a3d3f10376:group-EF29249443BA change Leader from null to 76fc1153-c0ea-490d-8b13-d7a3d3f10376 at term 1 for becomeLeader, leader elected after 1021ms
2019-06-12 15:42:37,581 INFO  impl.RaftServerImpl (ServerState.java:setRaftConf(361)) - f5de6ccb-ec96-4be4-b728-58d3b8fde2b9:group-A64982AE239A set configuration 0: [f5de6ccb-ec96-4be4-b728-58d3b8fde2b9:192.168.134.73:39523], old=null at 0
2019-06-12 15:42:37,581 INFO  server.RaftServerConfigKeys (ConfUtils.java:logGet(43)) - raft.server.staging.catchup.gap = 1000 (default)
2019-06-12 15:42:37,582 INFO  server.RaftServerConfigKeys (ConfUtils.java:logGet(43)) - raft.server.rpc.sleep.time = 25ms (default)
2019-06-12 15:42:37,582 INFO  server.RaftServerConfigKeys (ConfUtils.java:logGet(43)) - raft.server.watch.timeout = 10s (default)
2019-06-12 15:42:37,582 INFO  server.RaftServerConfigKeys (ConfUtils.java:logGet(43)) - raft.server.watch.timeout.denomination = 1s (default)
2019-06-12 15:42:37,582 INFO  impl.RoleInfo (RoleInfo.java:updateAndGet(143)) - 76fc1153-c0ea-490d-8b13-d7a3d3f10376: start LeaderState
2019-06-12 15:42:37,583 INFO  storage.RaftLogWorker (RaftLogWorker.java:startLogSegment(298)) - 76fc1153-c0ea-490d-8b13-d7a3d3f10376-RaftLogWorker: Starting segment from index:0
2019-06-12 15:42:37,583 INFO  impl.RaftServerImpl (ServerState.java:setRaftConf(361)) - 76fc1153-c0ea-490d-8b13-d7a3d3f10376:group-EF29249443BA set configuration 0: [76fc1153-c0ea-490d-8b13-d7a3d3f10376:192.168.134.73:40439], old=null at 0
2019-06-12 15:42:37,629 INFO  impl.FollowerState (FollowerState.java:run(101)) - ceb646f1-fa60-48b3-b284-fecd835937bc:group-4545F80AFB35 changes to CANDIDATE, lastRpcTime:1005, electionTimeout:1002ms
2019-06-12 15:42:37,629 INFO  impl.RoleInfo (RoleInfo.java:shutdownFollowerState(121)) - ceb646f1-fa60-48b3-b284-fecd835937bc: shutdown FollowerState
2019-06-12 15:42:37,629 INFO  impl.RaftServerImpl (RaftServerImpl.java:setRole(164)) - ceb646f1-fa60-48b3-b284-fecd835937bc:group-4545F80AFB35 changes role from FOLLOWER to CANDIDATE at term 0 for changeToCandidate
2019-06-12 15:42:37,629 INFO  impl.RoleInfo (RoleInfo.java:updateAndGet(143)) - ceb646f1-fa60-48b3-b284-fecd835937bc: start LeaderElection
2019-06-12 15:42:37,633 INFO  impl.LeaderElection (LeaderElection.java:askForVotes(181)) - ceb646f1-fa60-48b3-b284-fecd835937bc:group-4545F80AFB35:LeaderElection5: begin an election at term 1 for -1: [f5de6ccb-ec96-4be4-b728-58d3b8fde2b9:192.168.134.73:39523, ceb646f1-fa60-48b3-b284-fecd835937bc:192.168.134.73:40147, 1d50f365-b159-4806-a78c-85834496b96a:192.168.134.73:46101], old=null
2019-06-12 15:42:37,660 INFO  impl.RaftServerImpl (RaftServerImpl.java:setRole(164)) - 1d50f365-b159-4806-a78c-85834496b96a:group-4545F80AFB35 changes role from FOLLOWER to FOLLOWER at term 1 for recognizeCandidate:ceb646f1-fa60-48b3-b284-fecd835937bc
2019-06-12 15:42:37,660 INFO  impl.RoleInfo (RoleInfo.java:shutdownFollowerState(121)) - 1d50f365-b159-4806-a78c-85834496b96a: shutdown FollowerState
2019-06-12 15:42:37,660 INFO  impl.RaftServerImpl (RaftServerImpl.java:setRole(164)) - f5de6ccb-ec96-4be4-b728-58d3b8fde2b9:group-4545F80AFB35 changes role from FOLLOWER to FOLLOWER at term 1 for recognizeCandidate:ceb646f1-fa60-48b3-b284-fecd835937bc
2019-06-12 15:42:37,660 INFO  impl.RoleInfo (RoleInfo.java:shutdownFollowerState(121)) - f5de6ccb-ec96-4be4-b728-58d3b8fde2b9: shutdown FollowerState
2019-06-12 15:42:37,660 INFO  impl.RoleInfo (RoleInfo.java:updateAndGet(143)) - 1d50f365-b159-4806-a78c-85834496b96a: start FollowerState
2019-06-12 15:42:37,660 INFO  impl.FollowerState (FollowerState.java:run(109)) - 1d50f365-b159-4806-a78c-85834496b96a: FollowerState was interrupted: java.lang.InterruptedException: sleep interrupted
2019-06-12 15:42:37,660 INFO  impl.FollowerState (FollowerState.java:run(109)) - f5de6ccb-ec96-4be4-b728-58d3b8fde2b9: FollowerState was interrupted: java.lang.InterruptedException: sleep interrupted
2019-06-12 15:42:37,660 INFO  impl.RoleInfo (RoleInfo.java:updateAndGet(143)) - f5de6ccb-ec96-4be4-b728-58d3b8fde2b9: start FollowerState
2019-06-12 15:42:37,672 INFO  impl.LeaderElection (LeaderElection.java:logAndReturn(56)) - ceb646f1-fa60-48b3-b284-fecd835937bc:group-4545F80AFB35:LeaderElection5: Election PASSED; received 1 response(s) [ceb646f1-fa60-48b3-b284-fecd835937bc->1d50f365-b159-4806-a78c-85834496b96a,true-t1] and 0 exception(s); ceb646f1-fa60-48b3-b284-fecd835937bc:t1, leader=null, voted=ceb646f1-fa60-48b3-b284-fecd835937bc, raftlog=ceb646f1-fa60-48b3-b284-fecd835937bc-SegmentedRaftLog:OPENED:c-1,f-1,i0, conf=-1: [f5de6ccb-ec96-4be4-b728-58d3b8fde2b9:192.168.134.73:39523, ceb646f1-fa60-48b3-b284-fecd835937bc:192.168.134.73:40147, 1d50f365-b159-4806-a78c-85834496b96a:192.168.134.73:46101], old=null
2019-06-12 15:42:37,672 INFO  impl.RoleInfo (RoleInfo.java:shutdownLeaderElection(134)) - ceb646f1-fa60-48b3-b284-fecd835937bc: shutdown LeaderElection
2019-06-12 15:42:37,673 INFO  impl.RaftServerImpl (RaftServerImpl.java:setRole(164)) - ceb646f1-fa60-48b3-b284-fecd835937bc:group-4545F80AFB35 changes role from CANDIDATE to LEADER at term 1 for changeToLeader
2019-06-12 15:42:37,673 INFO  impl.RaftServerImpl (ServerState.java:setLeader(263)) - ceb646f1-fa60-48b3-b284-fecd835937bc:group-4545F80AFB35 change Leader from null to ceb646f1-fa60-48b3-b284-fecd835937bc at term 1 for becomeLeader, leader elected after 1056ms
2019-06-12 15:42:37,673 INFO  server.RaftServerConfigKeys (ConfUtils.java:logGet(43)) - raft.server.staging.catchup.gap = 1000 (default)
2019-06-12 15:42:37,673 INFO  server.RaftServerConfigKeys (ConfUtils.java:logGet(43)) - raft.server.rpc.sleep.time = 25ms (default)
2019-06-12 15:42:37,673 INFO  server.RaftServerConfigKeys (ConfUtils.java:logGet(43)) - raft.server.watch.timeout = 10s (default)
2019-06-12 15:42:37,674 INFO  server.RaftServerConfigKeys (ConfUtils.java:logGet(43)) - raft.server.watch.timeout.denomination = 1s (default)
2019-06-12 15:42:37,676 INFO  server.RaftServerConfigKeys (ConfUtils.java:logGet(43)) - raft.server.log.appender.snapshot.chunk.size.max = 16MB (=16777216) (default)
2019-06-12 15:42:37,676 INFO  server.RaftServerConfigKeys (ConfUtils.java:logGet(43)) - raft.server.log.appender.buffer.byte-limit = 33554432 (custom)
2019-06-12 15:42:37,676 INFO  server.RaftServerConfigKeys (ConfUtils.java:logGet(43)) - raft.server.log.appender.buffer.element-limit = 1 (custom)
2019-06-12 15:42:37,677 INFO  grpc.GrpcConfigKeys$Server (ConfUtils.java:logGet(43)) - raft.grpc.server.leader.outstanding.appends.max = 128 (default)
2019-06-12 15:42:37,678 INFO  server.RaftServerConfigKeys (ConfUtils.java:logGet(43)) - raft.server.rpc.request.timeout = 3000ms (default)
2019-06-12 15:42:37,678 INFO  server.RaftServerConfigKeys (ConfUtils.java:logGet(43)) - raft.server.log.appender.install.snapshot.enabled = true (default)
2019-06-12 15:42:37,678 INFO  server.RaftServerConfigKeys (ConfUtils.java:logGet(43)) - raft.server.log.appender.snapshot.chunk.size.max = 16MB (=16777216) (default)
2019-06-12 15:42:37,678 INFO  server.RaftServerConfigKeys (ConfUtils.java:logGet(43)) - raft.server.log.appender.buffer.byte-limit = 33554432 (custom)
2019-06-12 15:42:37,678 INFO  server.RaftServerConfigKeys (ConfUtils.java:logGet(43)) - raft.server.log.appender.buffer.element-limit = 1 (custom)
2019-06-12 15:42:37,678 INFO  grpc.GrpcConfigKeys$Server (ConfUtils.java:logGet(43)) - raft.grpc.server.leader.outstanding.appends.max = 128 (default)
2019-06-12 15:42:37,678 INFO  server.RaftServerConfigKeys (ConfUtils.java:logGet(43)) - raft.server.rpc.request.timeout = 3000ms (default)
2019-06-12 15:42:37,678 INFO  server.RaftServerConfigKeys (ConfUtils.java:logGet(43)) - raft.server.log.appender.install.snapshot.enabled = true (default)
2019-06-12 15:42:37,678 INFO  impl.RoleInfo (RoleInfo.java:updateAndGet(143)) - ceb646f1-fa60-48b3-b284-fecd835937bc: start LeaderState
2019-06-12 15:42:37,679 INFO  storage.RaftLogWorker (RaftLogWorker.java:startLogSegment(298)) - ceb646f1-fa60-48b3-b284-fecd835937bc-RaftLogWorker: Starting segment from index:0
2019-06-12 15:42:37,687 INFO  impl.FollowerState (FollowerState.java:run(101)) - b65088e1-4b07-4e21-a369-86eaa2dbd573:group-346A08C901D0 changes to CANDIDATE, lastRpcTime:1007, electionTimeout:1007ms
2019-06-12 15:42:37,687 INFO  impl.RaftServerImpl (ServerState.java:setRaftConf(361)) - ceb646f1-fa60-48b3-b284-fecd835937bc:group-4545F80AFB35 set configuration 0: [f5de6ccb-ec96-4be4-b728-58d3b8fde2b9:192.168.134.73:39523, ceb646f1-fa60-48b3-b284-fecd835937bc:192.168.134.73:40147, 1d50f365-b159-4806-a78c-85834496b96a:192.168.134.73:46101], old=null at 0
2019-06-12 15:42:37,688 INFO  impl.RoleInfo (RoleInfo.java:shutdownFollowerState(121)) - b65088e1-4b07-4e21-a369-86eaa2dbd573: shutdown FollowerState
2019-06-12 15:42:37,689 INFO  impl.RaftServerImpl (RaftServerImpl.java:setRole(164)) - b65088e1-4b07-4e21-a369-86eaa2dbd573:group-346A08C901D0 changes role from FOLLOWER to CANDIDATE at term 0 for changeToCandidate
2019-06-12 15:42:37,689 INFO  impl.RoleInfo (RoleInfo.java:updateAndGet(143)) - b65088e1-4b07-4e21-a369-86eaa2dbd573: start LeaderElection
2019-06-12 15:42:37,708 INFO  impl.RaftServerImpl (ServerState.java:setLeader(263)) - 1d50f365-b159-4806-a78c-85834496b96a:group-4545F80AFB35 change Leader from null to ceb646f1-fa60-48b3-b284-fecd835937bc at term 1 for appendEntries, leader elected after 1091ms
2019-06-12 15:42:37,735 INFO  impl.RaftServerImpl (ServerState.java:setLeader(263)) - f5de6ccb-ec96-4be4-b728-58d3b8fde2b9:group-4545F80AFB35 change Leader from null to ceb646f1-fa60-48b3-b284-fecd835937bc at term 1 for appendEntries, leader elected after 1120ms
2019-06-12 15:42:37,745 INFO  impl.LeaderElection (LeaderElection.java:askForVotes(181)) - b65088e1-4b07-4e21-a369-86eaa2dbd573:group-346A08C901D0:LeaderElection6: begin an election at term 1 for -1: [b65088e1-4b07-4e21-a369-86eaa2dbd573:192.168.134.73:33633], old=null
2019-06-12 15:42:37,745 INFO  impl.RoleInfo (RoleInfo.java:shutdownLeaderElection(134)) - b65088e1-4b07-4e21-a369-86eaa2dbd573: shutdown LeaderElection
2019-06-12 15:42:37,745 INFO  impl.RaftServerImpl (RaftServerImpl.java:setRole(164)) - b65088e1-4b07-4e21-a369-86eaa2dbd573:group-346A08C901D0 changes role from CANDIDATE to LEADER at term 1 for changeToLeader
2019-06-12 15:42:37,745 INFO  impl.RaftServerImpl (ServerState.java:setLeader(263)) - b65088e1-4b07-4e21-a369-86eaa2dbd573:group-346A08C901D0 change Leader from null to b65088e1-4b07-4e21-a369-86eaa2dbd573 at term 1 for becomeLeader, leader elected after 1068ms
2019-06-12 15:42:37,767 INFO  server.RaftServerConfigKeys (ConfUtils.java:logGet(43)) - raft.server.staging.catchup.gap = 1000 (default)
2019-06-12 15:42:37,767 INFO  server.RaftServerConfigKeys (ConfUtils.java:logGet(43)) - raft.server.rpc.sleep.time = 25ms (default)
2019-06-12 15:42:37,767 INFO  server.RaftServerConfigKeys (ConfUtils.java:logGet(43)) - raft.server.watch.timeout = 10s (default)
2019-06-12 15:42:37,786 INFO  server.RaftServerConfigKeys (ConfUtils.java:logGet(43)) - raft.server.watch.timeout.denomination = 1s (default)
2019-06-12 15:42:37,786 INFO  impl.RoleInfo (RoleInfo.java:updateAndGet(143)) - b65088e1-4b07-4e21-a369-86eaa2dbd573: start LeaderState
2019-06-12 15:42:37,788 INFO  storage.RaftLogWorker (RaftLogWorker.java:startLogSegment(298)) - b65088e1-4b07-4e21-a369-86eaa2dbd573-RaftLogWorker: Starting segment from index:0
2019-06-12 15:42:37,792 INFO  impl.RaftServerImpl (ServerState.java:setRaftConf(361)) - b65088e1-4b07-4e21-a369-86eaa2dbd573:group-346A08C901D0 set configuration 0: [b65088e1-4b07-4e21-a369-86eaa2dbd573:192.168.134.73:33633], old=null at 0
2019-06-12 15:42:37,812 INFO  storage.RaftLogWorker (RaftLogWorker.java:execute(469)) - 76fc1153-c0ea-490d-8b13-d7a3d3f10376-RaftLogWorker: created new log segment /opt/src/hadoop-ozone/integration-test/target/test-dir/MiniOzoneClusterImpl-faabf5b7-0d59-48d6-bf0d-ae8b06f64124/datanode-1/data/ratis/76be0520-a5a4-4d55-81c0-ef29249443ba/current/log_inprogress_0
2019-06-12 15:42:37,813 INFO  storage.RaftLogWorker (RaftLogWorker.java:execute(469)) - ceb646f1-fa60-48b3-b284-fecd835937bc-RaftLogWorker: created new log segment /opt/src/hadoop-ozone/integration-test/target/test-dir/MiniOzoneClusterImpl-faabf5b7-0d59-48d6-bf0d-ae8b06f64124/datanode-2/data/ratis/32fbd500-2a92-4c96-955f-4545f80afb35/current/log_inprogress_0
2019-06-12 15:42:37,812 INFO  storage.RaftLogWorker (RaftLogWorker.java:execute(469)) - 1d50f365-b159-4806-a78c-85834496b96a-RaftLogWorker: created new log segment /opt/src/hadoop-ozone/integration-test/target/test-dir/MiniOzoneClusterImpl-faabf5b7-0d59-48d6-bf0d-ae8b06f64124/datanode-3/data/ratis/6b3bdd47-0e0f-40d8-839e-5141d7c737ae/current/log_inprogress_0
2019-06-12 15:42:37,831 INFO  storage.RaftLogWorker (RaftLogWorker.java:execute(469)) - f5de6ccb-ec96-4be4-b728-58d3b8fde2b9-RaftLogWorker: created new log segment /opt/src/hadoop-ozone/integration-test/target/test-dir/MiniOzoneClusterImpl-faabf5b7-0d59-48d6-bf0d-ae8b06f64124/datanode-0/data/ratis/e8a419f5-445b-4e98-81a1-a64982ae239a/current/log_inprogress_0
2019-06-12 15:42:37,831 INFO  storage.RaftLogWorker (RaftLogWorker.java:execute(469)) - ceb646f1-fa60-48b3-b284-fecd835937bc-RaftLogWorker: created new log segment /opt/src/hadoop-ozone/integration-test/target/test-dir/MiniOzoneClusterImpl-faabf5b7-0d59-48d6-bf0d-ae8b06f64124/datanode-2/data/ratis/444c5dcf-68fd-4ac8-9671-871b6c1bf9d3/current/log_inprogress_0
2019-06-12 15:42:37,833 INFO  storage.RaftLogWorker (RaftLogWorker.java:execute(469)) - b65088e1-4b07-4e21-a369-86eaa2dbd573-RaftLogWorker: created new log segment /opt/src/hadoop-ozone/integration-test/target/test-dir/MiniOzoneClusterImpl-faabf5b7-0d59-48d6-bf0d-ae8b06f64124/datanode-4/data/ratis/65fe2c0f-9315-4042-b723-346a08c901d0/current/log_inprogress_0
2019-06-12 15:42:37,843 INFO  impl.RaftServerImpl (ServerState.java:setRaftConf(361)) - f5de6ccb-ec96-4be4-b728-58d3b8fde2b9:group-4545F80AFB35 set configuration 0: [f5de6ccb-ec96-4be4-b728-58d3b8fde2b9:192.168.134.73:39523, ceb646f1-fa60-48b3-b284-fecd835937bc:192.168.134.73:40147, 1d50f365-b159-4806-a78c-85834496b96a:192.168.134.73:46101], old=null at 0
2019-06-12 15:42:37,843 INFO  storage.RaftLogWorker (RaftLogWorker.java:startLogSegment(298)) - f5de6ccb-ec96-4be4-b728-58d3b8fde2b9-RaftLogWorker: Starting segment from index:0
2019-06-12 15:42:37,843 INFO  impl.RaftServerImpl (ServerState.java:setRaftConf(361)) - 1d50f365-b159-4806-a78c-85834496b96a:group-4545F80AFB35 set configuration 0: [f5de6ccb-ec96-4be4-b728-58d3b8fde2b9:192.168.134.73:39523, ceb646f1-fa60-48b3-b284-fecd835937bc:192.168.134.73:40147, 1d50f365-b159-4806-a78c-85834496b96a:192.168.134.73:46101], old=null at 0
2019-06-12 15:42:37,843 INFO  storage.RaftLogWorker (RaftLogWorker.java:startLogSegment(298)) - 1d50f365-b159-4806-a78c-85834496b96a-RaftLogWorker: Starting segment from index:0
2019-06-12 15:42:37,872 INFO  ozone.MiniOzoneClusterImpl (MiniOzoneClusterImpl.java:lambda$waitForClusterToBeReady$0(142)) - Cluster is ready. Got 6 of 6 DN Heartbeats.
]]></system-out>
    <system-err><![CDATA[ERROR StatusLogger No Log4j 2 configuration file found. Using default configuration (logging only errors to the console), or user programmatically provided configurations. Set system property 'log4j2.debug' to show Log4j 2 internal initialization logging. See https://logging.apache.org/log4j/2.x/manual/configuration.html for instructions on how to configure Log4j 2
Jun 12, 2019 3:42:31 PM com.sun.jersey.server.impl.application.WebApplicationImpl _initiate
INFO: Initiating Jersey application, version 'Jersey: 1.19 02/11/2015 03:25 AM'
Jun 12, 2019 3:42:31 PM com.sun.jersey.server.impl.application.WebApplicationImpl _initiate
INFO: Initiating Jersey application, version 'Jersey: 1.19 02/11/2015 03:25 AM'
Jun 12, 2019 3:42:32 PM com.sun.jersey.server.impl.application.WebApplicationImpl _initiate
INFO: Initiating Jersey application, version 'Jersey: 1.19 02/11/2015 03:25 AM'
Jun 12, 2019 3:42:32 PM com.sun.jersey.server.impl.application.WebApplicationImpl _initiate
INFO: Initiating Jersey application, version 'Jersey: 1.19 02/11/2015 03:25 AM'
Jun 12, 2019 3:42:32 PM com.sun.jersey.server.impl.application.WebApplicationImpl _initiate
INFO: Initiating Jersey application, version 'Jersey: 1.19 02/11/2015 03:25 AM'
Jun 12, 2019 3:42:32 PM com.sun.jersey.server.impl.application.WebApplicationImpl _initiate
INFO: Initiating Jersey application, version 'Jersey: 1.19 02/11/2015 03:25 AM'
]]></system-err>
  </testcase>
</testsuite>