<?xml version="1.0" encoding="UTF-8"?>
<testsuite xmlns:xsi="http://www.w3.org/2001/XMLSchema-instance" xsi:noNamespaceSchemaLocation="https://maven.apache.org/surefire/maven-surefire-plugin/xsd/surefire-test-report.xsd" name="org.apache.hadoop.ozone.client.rpc.TestFailureHandlingByClient" time="155.503" tests="7" errors="0" skipped="0" failures="1">
  <properties>
    <property name="awt.toolkit" value="sun.awt.X11.XToolkit"/>
    <property name="file.encoding.pkg" value="sun.io"/>
    <property name="java.specification.version" value="1.8"/>
    <property name="sun.cpu.isalist" value=""/>
    <property name="sun.jnu.encoding" value="UTF-8"/>
    <property name="java.class.path" value="/opt/src/hadoop-ozone/integration-test/target/test-classes:/opt/src/hadoop-ozone/integration-test/target/classes:/root/.m2/repository/org/apache/hadoop/hadoop-ozone-common/0.5.0-SNAPSHOT/hadoop-ozone-common-0.5.0-SNAPSHOT.jar:/root/.m2/repository/org/apache/commons/commons-compress/1.4.1/commons-compress-1.4.1.jar:/root/.m2/repository/org/tukaani/xz/1.0/xz-1.0.jar:/root/.m2/repository/org/apache/hadoop/hadoop-common/3.2.0/hadoop-common-3.2.0.jar:/root/.m2/repository/org/apache/hadoop/hadoop-hdfs/3.2.0/hadoop-hdfs-3.2.0.jar:/root/.m2/repository/org/apache/hadoop/hadoop-hdfs-client/3.2.0/hadoop-hdfs-client-3.2.0.jar:/root/.m2/repository/com/fasterxml/jackson/core/jackson-annotations/2.9.5/jackson-annotations-2.9.5.jar:/root/.m2/repository/org/apache/hadoop/hadoop-hdds-common/0.5.0-SNAPSHOT/hadoop-hdds-common-0.5.0-SNAPSHOT.jar:/root/.m2/repository/javax/annotation/javax.annotation-api/1.2/javax.annotation-api-1.2.jar:/root/.m2/repository/org/apache/ratis/ratis-server/0.4.0-fe2b15d-SNAPSHOT/ratis-server-0.4.0-fe2b15d-SNAPSHOT.jar:/root/.m2/repository/org/apache/ratis/ratis-thirdparty-misc/0.2.0/ratis-thirdparty-misc-0.2.0.jar:/root/.m2/repository/org/apache/ratis/ratis-proto/0.4.0-fe2b15d-SNAPSHOT/ratis-proto-0.4.0-fe2b15d-SNAPSHOT.jar:/root/.m2/repository/org/apache/ratis/ratis-common/0.4.0-fe2b15d-SNAPSHOT/ratis-common-0.4.0-fe2b15d-SNAPSHOT.jar:/root/.m2/repository/org/apache/ratis/ratis-client/0.4.0-fe2b15d-SNAPSHOT/ratis-client-0.4.0-fe2b15d-SNAPSHOT.jar:/root/.m2/repository/org/apache/ratis/ratis-netty/0.4.0-fe2b15d-SNAPSHOT/ratis-netty-0.4.0-fe2b15d-SNAPSHOT.jar:/root/.m2/repository/org/apache/ratis/ratis-grpc/0.4.0-fe2b15d-SNAPSHOT/ratis-grpc-0.4.0-fe2b15d-SNAPSHOT.jar:/root/.m2/repository/org/rocksdb/rocksdbjni/5.14.2/rocksdbjni-5.14.2.jar:/root/.m2/repository/org/apache/logging/log4j/log4j-api/2.11.0/log4j-api-2.11.0.jar:/root/.m2/repository/org/apache/logging/log4j/log4j-core/2.11.0/log4j-core-2.11.0.jar:/root/.m2/repository/com/lmax/disruptor/3.4.2/disruptor-3.4.2.jar:/root/.m2/repository/org/apache/commons/commons-pool2/2.6.0/commons-pool2-2.6.0.jar:/root/.m2/repository/org/bouncycastle/bcpkix-jdk15on/1.60/bcpkix-jdk15on-1.60.jar:/root/.m2/repository/commons-validator/commons-validator/1.6/commons-validator-1.6.jar:/root/.m2/repository/commons-digester/commons-digester/1.8.1/commons-digester-1.8.1.jar:/root/.m2/repository/io/jaegertracing/jaeger-client/0.33.1/jaeger-client-0.33.1.jar:/root/.m2/repository/io/jaegertracing/jaeger-thrift/0.33.1/jaeger-thrift-0.33.1.jar:/root/.m2/repository/org/apache/thrift/libthrift/0.11.0/libthrift-0.11.0.jar:/root/.m2/repository/com/squareup/okhttp3/okhttp/3.9.0/okhttp-3.9.0.jar:/root/.m2/repository/com/squareup/okio/okio/1.13.0/okio-1.13.0.jar:/root/.m2/repository/io/jaegertracing/jaeger-core/0.33.1/jaeger-core-0.33.1.jar:/root/.m2/repository/io/jaegertracing/jaeger-tracerresolver/0.33.1/jaeger-tracerresolver-0.33.1.jar:/root/.m2/repository/io/opentracing/contrib/opentracing-tracerresolver/0.1.5/opentracing-tracerresolver-0.1.5.jar:/root/.m2/repository/io/opentracing/opentracing-util/0.31.0/opentracing-util-0.31.0.jar:/root/.m2/repository/io/opentracing/opentracing-api/0.31.0/opentracing-api-0.31.0.jar:/root/.m2/repository/io/opentracing/opentracing-noop/0.31.0/opentracing-noop-0.31.0.jar:/root/.m2/repository/org/apache/hadoop/hadoop-hdds-server-framework/0.5.0-SNAPSHOT/hadoop-hdds-server-framework-0.5.0-SNAPSHOT.jar:/root/.m2/repository/org/apache/hadoop/hadoop-hdds-server-scm/0.5.0-SNAPSHOT/hadoop-hdds-server-scm-0.5.0-SNAPSHOT.jar:/root/.m2/repository/org/apache/hadoop/hadoop-hdds-container-service/0.5.0-SNAPSHOT/hadoop-hdds-container-service-0.5.0-SNAPSHOT.jar:/root/.m2/repository/org/apache/hadoop/hadoop-hdds-client/0.5.0-SNAPSHOT/hadoop-hdds-client-0.5.0-SNAPSHOT.jar:/root/.m2/repository/org/apache/hadoop/hadoop-hdds-tools/0.5.0-SNAPSHOT/hadoop-hdds-tools-0.5.0-SNAPSHOT.jar:/root/.m2/repository/org/apache/hadoop/hadoop-ozone-ozone-manager/0.5.0-SNAPSHOT/hadoop-ozone-ozone-manager-0.5.0-SNAPSHOT.jar:/root/.m2/repository/org/apache/hadoop/hadoop-hdds-docs/0.5.0-SNAPSHOT/hadoop-hdds-docs-0.5.0-SNAPSHOT.jar:/root/.m2/repository/org/bouncycastle/bcprov-jdk15on/1.60/bcprov-jdk15on-1.60.jar:/root/.m2/repository/org/apache/hadoop/hadoop-minikdc/3.2.0/hadoop-minikdc-3.2.0.jar:/root/.m2/repository/commons-io/commons-io/2.5/commons-io-2.5.jar:/root/.m2/repository/org/apache/kerby/kerb-simplekdc/1.0.1/kerb-simplekdc-1.0.1.jar:/root/.m2/repository/org/apache/kerby/kerb-client/1.0.1/kerb-client-1.0.1.jar:/root/.m2/repository/org/apache/kerby/kerby-config/1.0.1/kerby-config-1.0.1.jar:/root/.m2/repository/org/apache/kerby/kerb-core/1.0.1/kerb-core-1.0.1.jar:/root/.m2/repository/org/apache/kerby/kerby-pkix/1.0.1/kerby-pkix-1.0.1.jar:/root/.m2/repository/org/apache/kerby/kerby-asn1/1.0.1/kerby-asn1-1.0.1.jar:/root/.m2/repository/org/apache/kerby/kerby-util/1.0.1/kerby-util-1.0.1.jar:/root/.m2/repository/org/apache/kerby/kerb-common/1.0.1/kerb-common-1.0.1.jar:/root/.m2/repository/org/apache/kerby/kerb-crypto/1.0.1/kerb-crypto-1.0.1.jar:/root/.m2/repository/org/apache/kerby/kerb-util/1.0.1/kerb-util-1.0.1.jar:/root/.m2/repository/org/apache/kerby/token-provider/1.0.1/token-provider-1.0.1.jar:/root/.m2/repository/org/apache/kerby/kerb-admin/1.0.1/kerb-admin-1.0.1.jar:/root/.m2/repository/org/apache/kerby/kerb-server/1.0.1/kerb-server-1.0.1.jar:/root/.m2/repository/org/apache/kerby/kerb-identity/1.0.1/kerb-identity-1.0.1.jar:/root/.m2/repository/org/apache/kerby/kerby-xdr/1.0.1/kerby-xdr-1.0.1.jar:/root/.m2/repository/org/slf4j/slf4j-log4j12/1.7.25/slf4j-log4j12-1.7.25.jar:/root/.m2/repository/org/apache/hadoop/hadoop-ozone-objectstore-service/0.5.0-SNAPSHOT/hadoop-ozone-objectstore-service-0.5.0-SNAPSHOT.jar:/root/.m2/repository/org/apache/hadoop/hadoop-ozone-s3gateway/0.5.0-SNAPSHOT/hadoop-ozone-s3gateway-0.5.0-SNAPSHOT.jar:/root/.m2/repository/org/jboss/weld/servlet/weld-servlet/2.4.7.Final/weld-servlet-2.4.7.Final.jar:/root/.m2/repository/org/glassfish/jersey/containers/jersey-container-servlet-core/2.27/jersey-container-servlet-core-2.27.jar:/root/.m2/repository/org/glassfish/hk2/external/javax.inject/2.5.0-b42/javax.inject-2.5.0-b42.jar:/root/.m2/repository/org/glassfish/jersey/core/jersey-common/2.27/jersey-common-2.27.jar:/root/.m2/repository/org/glassfish/hk2/osgi-resource-locator/1.0.1/osgi-resource-locator-1.0.1.jar:/root/.m2/repository/javax/ws/rs/javax.ws.rs-api/2.1/javax.ws.rs-api-2.1.jar:/root/.m2/repository/org/glassfish/jersey/ext/cdi/jersey-cdi1x/2.27/jersey-cdi1x-2.27.jar:/root/.m2/repository/org/glassfish/jersey/inject/jersey-hk2/2.27/jersey-hk2-2.27.jar:/root/.m2/repository/org/glassfish/hk2/hk2-locator/2.5.0-b42/hk2-locator-2.5.0-b42.jar:/root/.m2/repository/org/javassist/javassist/3.22.0-CR2/javassist-3.22.0-CR2.jar:/root/.m2/repository/org/glassfish/hk2/hk2-api/2.5.0/hk2-api-2.5.0.jar:/root/.m2/repository/org/glassfish/hk2/external/jakarta.inject/2.5.0/jakarta.inject-2.5.0.jar:/root/.m2/repository/org/glassfish/hk2/hk2-utils/2.5.0/hk2-utils-2.5.0.jar:/root/.m2/repository/jakarta/annotation/jakarta.annotation-api/1.3.4/jakarta.annotation-api-1.3.4.jar:/root/.m2/repository/org/glassfish/hk2/external/aopalliance-repackaged/2.5.0/aopalliance-repackaged-2.5.0.jar:/root/.m2/repository/com/fasterxml/jackson/dataformat/jackson-dataformat-xml/2.9.0/jackson-dataformat-xml-2.9.0.jar:/root/.m2/repository/com/fasterxml/jackson/core/jackson-core/2.9.5/jackson-core-2.9.5.jar:/root/.m2/repository/com/fasterxml/jackson/module/jackson-module-jaxb-annotations/2.9.5/jackson-module-jaxb-annotations-2.9.5.jar:/root/.m2/repository/javax/enterprise/cdi-api/1.2/cdi-api-1.2.jar:/root/.m2/repository/javax/el/javax.el-api/3.0.0/javax.el-api-3.0.0.jar:/root/.m2/repository/javax/interceptor/javax.interceptor-api/1.2/javax.interceptor-api-1.2.jar:/root/.m2/repository/javax/inject/javax.inject/1/javax.inject-1.jar:/root/.m2/repository/com/sun/xml/bind/jaxb-impl/2.3.0.1/jaxb-impl-2.3.0.1.jar:/root/.m2/repository/com/sun/xml/bind/jaxb-core/2.3.0.1/jaxb-core-2.3.0.1.jar:/root/.m2/repository/javax/xml/bind/jaxb-api/2.3.0/jaxb-api-2.3.0.jar:/root/.m2/repository/javax/activation/activation/1.1.1/activation-1.1.1.jar:/root/.m2/repository/org/apache/hadoop/hadoop-ozone-csi/0.5.0-SNAPSHOT/hadoop-ozone-csi-0.5.0-SNAPSHOT.jar:/root/.m2/repository/com/google/protobuf/protobuf-java-util/3.5.1/protobuf-java-util-3.5.1.jar:/root/.m2/repository/org/apache/hadoop/hadoop-hdds-config/0.5.0-SNAPSHOT/hadoop-hdds-config-0.5.0-SNAPSHOT.jar:/root/.m2/repository/com/google/guava/guava/11.0.2/guava-11.0.2.jar:/root/.m2/repository/com/google/protobuf/protobuf-java/2.5.0/protobuf-java-2.5.0.jar:/root/.m2/repository/io/grpc/grpc-netty/1.17.1/grpc-netty-1.17.1.jar:/root/.m2/repository/io/grpc/grpc-core/1.17.1/grpc-core-1.17.1.jar:/root/.m2/repository/io/grpc/grpc-context/1.17.1/grpc-context-1.17.1.jar:/root/.m2/repository/com/google/errorprone/error_prone_annotations/2.2.0/error_prone_annotations-2.2.0.jar:/root/.m2/repository/org/codehaus/mojo/animal-sniffer-annotations/1.17/animal-sniffer-annotations-1.17.jar:/root/.m2/repository/io/opencensus/opencensus-api/0.17.0/opencensus-api-0.17.0.jar:/root/.m2/repository/io/opencensus/opencensus-contrib-grpc-metrics/0.17.0/opencensus-contrib-grpc-metrics-0.17.0.jar:/root/.m2/repository/io/netty/netty-codec-http2/4.1.30.Final/netty-codec-http2-4.1.30.Final.jar:/root/.m2/repository/io/netty/netty-codec-http/4.1.30.Final/netty-codec-http-4.1.30.Final.jar:/root/.m2/repository/io/netty/netty-codec/4.1.30.Final/netty-codec-4.1.30.Final.jar:/root/.m2/repository/io/netty/netty-handler/4.1.30.Final/netty-handler-4.1.30.Final.jar:/root/.m2/repository/io/netty/netty-handler-proxy/4.1.30.Final/netty-handler-proxy-4.1.30.Final.jar:/root/.m2/repository/io/netty/netty-codec-socks/4.1.30.Final/netty-codec-socks-4.1.30.Final.jar:/root/.m2/repository/io/netty/netty-transport-native-epoll/4.1.30.Final/netty-transport-native-epoll-4.1.30.Final.jar:/root/.m2/repository/io/netty/netty-common/4.1.30.Final/netty-common-4.1.30.Final.jar:/root/.m2/repository/io/netty/netty-buffer/4.1.30.Final/netty-buffer-4.1.30.Final.jar:/root/.m2/repository/io/netty/netty-transport/4.1.30.Final/netty-transport-4.1.30.Final.jar:/root/.m2/repository/io/netty/netty-resolver/4.1.30.Final/netty-resolver-4.1.30.Final.jar:/root/.m2/repository/io/netty/netty-transport-native-unix-common/4.1.30.Final/netty-transport-native-unix-common-4.1.30.Final.jar:/root/.m2/repository/io/grpc/grpc-protobuf/1.17.1/grpc-protobuf-1.17.1.jar:/root/.m2/repository/com/google/api/grpc/proto-google-common-protos/1.0.0/proto-google-common-protos-1.0.0.jar:/root/.m2/repository/io/grpc/grpc-protobuf-lite/1.17.1/grpc-protobuf-lite-1.17.1.jar:/root/.m2/repository/io/grpc/grpc-stub/1.17.1/grpc-stub-1.17.1.jar:/root/.m2/repository/org/apache/hadoop/hadoop-ozone-recon/0.5.0-SNAPSHOT/hadoop-ozone-recon-0.5.0-SNAPSHOT.jar:/root/.m2/repository/org/apache/hadoop/hadoop-ozone-reconcodegen/0.5.0-SNAPSHOT/hadoop-ozone-reconcodegen-0.5.0-SNAPSHOT.jar:/root/.m2/repository/com/google/inject/extensions/guice-multibindings/4.0/guice-multibindings-4.0.jar:/root/.m2/repository/com/google/inject/guice/4.0/guice-4.0.jar:/root/.m2/repository/aopalliance/aopalliance/1.0/aopalliance-1.0.jar:/root/.m2/repository/com/google/inject/extensions/guice-servlet/4.0/guice-servlet-4.0.jar:/root/.m2/repository/org/glassfish/jersey/containers/jersey-container-servlet/2.27/jersey-container-servlet-2.27.jar:/root/.m2/repository/org/glassfish/hk2/guice-bridge/2.5.0/guice-bridge-2.5.0.jar:/root/.m2/repository/org/glassfish/jersey/core/jersey-server/2.27/jersey-server-2.27.jar:/root/.m2/repository/org/glassfish/jersey/core/jersey-client/2.27/jersey-client-2.27.jar:/root/.m2/repository/org/glassfish/jersey/media/jersey-media-jaxb/2.27/jersey-media-jaxb-2.27.jar:/root/.m2/repository/javax/validation/validation-api/1.1.0.Final/validation-api-1.1.0.Final.jar:/root/.m2/repository/org/glassfish/jersey/media/jersey-media-json-jackson/2.27/jersey-media-json-jackson-2.27.jar:/root/.m2/repository/org/glassfish/jersey/ext/jersey-entity-filtering/2.27/jersey-entity-filtering-2.27.jar:/root/.m2/repository/com/google/inject/extensions/guice-assistedinject/4.0/guice-assistedinject-4.0.jar:/root/.m2/repository/org/jooq/jooq/3.11.10/jooq-3.11.10.jar:/root/.m2/repository/org/jooq/jooq-meta/3.11.10/jooq-meta-3.11.10.jar:/root/.m2/repository/org/jooq/jooq-codegen/3.11.10/jooq-codegen-3.11.10.jar:/root/.m2/repository/com/jolbox/bonecp/0.8.0.RELEASE/bonecp-0.8.0.RELEASE.jar:/root/.m2/repository/org/xerial/sqlite-jdbc/3.25.2/sqlite-jdbc-3.25.2.jar:/root/.m2/repository/org/springframework/spring-jdbc/5.1.3.RELEASE/spring-jdbc-5.1.3.RELEASE.jar:/root/.m2/repository/org/springframework/spring-beans/5.1.3.RELEASE/spring-beans-5.1.3.RELEASE.jar:/root/.m2/repository/org/springframework/spring-core/5.1.3.RELEASE/spring-core-5.1.3.RELEASE.jar:/root/.m2/repository/org/springframework/spring-jcl/5.1.3.RELEASE/spring-jcl-5.1.3.RELEASE.jar:/root/.m2/repository/org/springframework/spring-tx/5.1.3.RELEASE/spring-tx-5.1.3.RELEASE.jar:/root/.m2/repository/org/apache/hadoop/hadoop-ozone-client/0.5.0-SNAPSHOT/hadoop-ozone-client-0.5.0-SNAPSHOT.jar:/root/.m2/repository/org/apache/hadoop/hadoop-ozone-ozone-manager/0.5.0-SNAPSHOT/hadoop-ozone-ozone-manager-0.5.0-SNAPSHOT-tests.jar:/root/.m2/repository/junit/junit/4.11/junit-4.11.jar:/root/.m2/repository/org/hamcrest/hamcrest-core/1.3/hamcrest-core-1.3.jar:/root/.m2/repository/org/openjdk/jmh/jmh-core/1.19/jmh-core-1.19.jar:/root/.m2/repository/net/sf/jopt-simple/jopt-simple/4.6/jopt-simple-4.6.jar:/root/.m2/repository/org/apache/commons/commons-math3/3.1.1/commons-math3-3.1.1.jar:/root/.m2/repository/org/openjdk/jmh/jmh-generator-annprocess/1.19/jmh-generator-annprocess-1.19.jar:/root/.m2/repository/org/mockito/mockito-all/1.8.5/mockito-all-1.8.5.jar:/root/.m2/repository/org/apache/hadoop/hadoop-kms/3.2.0/hadoop-kms-3.2.0.jar:/root/.m2/repository/org/apache/hadoop/hadoop-auth/3.2.0/hadoop-auth-3.2.0.jar:/root/.m2/repository/com/nimbusds/nimbus-jose-jwt/4.41.1/nimbus-jose-jwt-4.41.1.jar:/root/.m2/repository/com/github/stephenc/jcip/jcip-annotations/1.0-1/jcip-annotations-1.0-1.jar:/root/.m2/repository/net/minidev/json-smart/2.3/json-smart-2.3.jar:/root/.m2/repository/net/minidev/accessors-smart/1.2/accessors-smart-1.2.jar:/root/.m2/repository/org/ow2/asm/asm/5.0.4/asm-5.0.4.jar:/root/.m2/repository/org/apache/curator/curator-framework/2.12.0/curator-framework-2.12.0.jar:/root/.m2/repository/com/sun/jersey/jersey-core/1.19/jersey-core-1.19.jar:/root/.m2/repository/javax/ws/rs/jsr311-api/1.1.1/jsr311-api-1.1.1.jar:/root/.m2/repository/com/sun/jersey/jersey-server/1.19/jersey-server-1.19.jar:/root/.m2/repository/javax/servlet/javax.servlet-api/3.1.0/javax.servlet-api-3.1.0.jar:/root/.m2/repository/org/eclipse/jetty/jetty-server/9.3.24.v20180605/jetty-server-9.3.24.v20180605.jar:/root/.m2/repository/org/eclipse/jetty/jetty-http/9.3.24.v20180605/jetty-http-9.3.24.v20180605.jar:/root/.m2/repository/org/eclipse/jetty/jetty-io/9.3.24.v20180605/jetty-io-9.3.24.v20180605.jar:/root/.m2/repository/org/eclipse/jetty/jetty-webapp/9.3.24.v20180605/jetty-webapp-9.3.24.v20180605.jar:/root/.m2/repository/org/eclipse/jetty/jetty-xml/9.3.24.v20180605/jetty-xml-9.3.24.v20180605.jar:/root/.m2/repository/log4j/log4j/1.2.17/log4j-1.2.17.jar:/root/.m2/repository/org/slf4j/slf4j-api/1.7.25/slf4j-api-1.7.25.jar:/root/.m2/repository/org/slf4j/jul-to-slf4j/1.7.25/jul-to-slf4j-1.7.25.jar:/root/.m2/repository/org/eclipse/jetty/jetty-util/9.3.24.v20180605/jetty-util-9.3.24.v20180605.jar:/root/.m2/repository/io/dropwizard/metrics/metrics-core/3.2.4/metrics-core-3.2.4.jar:/root/.m2/repository/com/fasterxml/jackson/core/jackson-databind/2.9.5/jackson-databind-2.9.5.jar:/root/.m2/repository/org/apache/hadoop/hadoop-kms/3.2.0/hadoop-kms-3.2.0-tests.jar:/root/.m2/repository/org/apache/hadoop/hadoop-hdds-server-scm/0.5.0-SNAPSHOT/hadoop-hdds-server-scm-0.5.0-SNAPSHOT-tests.jar:/root/.m2/repository/org/hamcrest/hamcrest-all/1.3/hamcrest-all-1.3.jar:/root/.m2/repository/info/picocli/picocli/3.9.6/picocli-3.9.6.jar:/root/.m2/repository/org/apache/hadoop/hadoop-hdds-container-service/0.5.0-SNAPSHOT/hadoop-hdds-container-service-0.5.0-SNAPSHOT-tests.jar:/root/.m2/repository/org/yaml/snakeyaml/1.16/snakeyaml-1.16.jar:/root/.m2/repository/org/apache/hadoop/hadoop-common/3.2.0/hadoop-common-3.2.0-tests.jar:/root/.m2/repository/org/apache/hadoop/hadoop-annotations/3.2.0/hadoop-annotations-3.2.0.jar:/usr/lib/jvm/java-1.8-openjdk/jre/../lib/tools.jar:/root/.m2/repository/commons-cli/commons-cli/1.2/commons-cli-1.2.jar:/root/.m2/repository/org/apache/httpcomponents/httpclient/4.5.2/httpclient-4.5.2.jar:/root/.m2/repository/org/apache/httpcomponents/httpcore/4.4.4/httpcore-4.4.4.jar:/root/.m2/repository/commons-codec/commons-codec/1.11/commons-codec-1.11.jar:/root/.m2/repository/commons-net/commons-net/3.6/commons-net-3.6.jar:/root/.m2/repository/commons-collections/commons-collections/3.2.2/commons-collections-3.2.2.jar:/root/.m2/repository/org/eclipse/jetty/jetty-servlet/9.3.24.v20180605/jetty-servlet-9.3.24.v20180605.jar:/root/.m2/repository/org/eclipse/jetty/jetty-security/9.3.24.v20180605/jetty-security-9.3.24.v20180605.jar:/root/.m2/repository/javax/servlet/jsp/jsp-api/2.1/jsp-api-2.1.jar:/root/.m2/repository/com/sun/jersey/jersey-servlet/1.19/jersey-servlet-1.19.jar:/root/.m2/repository/com/sun/jersey/jersey-json/1.19/jersey-json-1.19.jar:/root/.m2/repository/org/codehaus/jettison/jettison/1.1/jettison-1.1.jar:/root/.m2/repository/org/codehaus/jackson/jackson-core-asl/1.9.13/jackson-core-asl-1.9.13.jar:/root/.m2/repository/org/codehaus/jackson/jackson-mapper-asl/1.9.13/jackson-mapper-asl-1.9.13.jar:/root/.m2/repository/org/codehaus/jackson/jackson-jaxrs/1.9.13/jackson-jaxrs-1.9.13.jar:/root/.m2/repository/org/codehaus/jackson/jackson-xc/1.9.13/jackson-xc-1.9.13.jar:/root/.m2/repository/commons-logging/commons-logging/1.1.3/commons-logging-1.1.3.jar:/root/.m2/repository/commons-beanutils/commons-beanutils/1.9.3/commons-beanutils-1.9.3.jar:/root/.m2/repository/org/apache/commons/commons-configuration2/2.1.1/commons-configuration2-2.1.1.jar:/root/.m2/repository/org/apache/commons/commons-lang3/3.7/commons-lang3-3.7.jar:/root/.m2/repository/org/apache/commons/commons-text/1.4/commons-text-1.4.jar:/root/.m2/repository/org/apache/avro/avro/1.7.7/avro-1.7.7.jar:/root/.m2/repository/com/thoughtworks/paranamer/paranamer/2.3/paranamer-2.3.jar:/root/.m2/repository/org/xerial/snappy/snappy-java/1.0.5/snappy-java-1.0.5.jar:/root/.m2/repository/com/google/re2j/re2j/1.1/re2j-1.1.jar:/root/.m2/repository/com/google/code/gson/gson/2.2.4/gson-2.2.4.jar:/root/.m2/repository/com/jcraft/jsch/0.1.54/jsch-0.1.54.jar:/root/.m2/repository/org/apache/curator/curator-client/2.12.0/curator-client-2.12.0.jar:/root/.m2/repository/org/apache/curator/curator-recipes/2.12.0/curator-recipes-2.12.0.jar:/root/.m2/repository/com/google/code/findbugs/jsr305/3.0.0/jsr305-3.0.0.jar:/root/.m2/repository/org/apache/htrace/htrace-core4/4.1.0-incubating/htrace-core4-4.1.0-incubating.jar:/root/.m2/repository/org/apache/zookeeper/zookeeper/3.4.13/zookeeper-3.4.13.jar:/root/.m2/repository/org/apache/yetus/audience-annotations/0.5.0/audience-annotations-0.5.0.jar:/root/.m2/repository/org/codehaus/woodstox/stax2-api/3.1.4/stax2-api-3.1.4.jar:/root/.m2/repository/com/fasterxml/woodstox/woodstox-core/5.0.3/woodstox-core-5.0.3.jar:/root/.m2/repository/dnsjava/dnsjava/2.1.7/dnsjava-2.1.7.jar:/root/.m2/repository/org/apache/hadoop/hadoop-hdfs/3.2.0/hadoop-hdfs-3.2.0-tests.jar:/root/.m2/repository/org/eclipse/jetty/jetty-util-ajax/9.3.24.v20180605/jetty-util-ajax-9.3.24.v20180605.jar:/root/.m2/repository/commons-daemon/commons-daemon/1.0.13/commons-daemon-1.0.13.jar:/root/.m2/repository/io/netty/netty/3.10.5.Final/netty-3.10.5.Final.jar:/root/.m2/repository/io/netty/netty-all/4.0.52.Final/netty-all-4.0.52.Final.jar:/root/.m2/repository/org/fusesource/leveldbjni/leveldbjni-all/1.8/leveldbjni-all-1.8.jar:"/>
    <property name="java.vm.vendor" value="IcedTea"/>
    <property name="sun.arch.data.model" value="64"/>
    <property name="test.build.dir" value="/opt/src/hadoop-ozone/integration-test/target/test-dir"/>
    <property name="test.cache.data" value=""/>
    <property name="java.vendor.url" value="https://icedtea.classpath.org"/>
    <property name="user.timezone" value=""/>
    <property name="java.vm.specification.version" value="1.8"/>
    <property name="os.name" value="Linux"/>
    <property name="test.build.data" value="/opt/src/hadoop-ozone/integration-test/target/test-dir"/>
    <property name="user.country" value="US"/>
    <property name="sun.java.launcher" value="SUN_STANDARD"/>
    <property name="sun.boot.library.path" value="/usr/lib/jvm/java-1.8-openjdk/jre/lib/amd64"/>
    <property name="sun.java.command" value="/opt/src/hadoop-ozone/integration-test/target/surefire/surefirebooter2206137943178250935.jar /opt/src/hadoop-ozone/integration-test/target/surefire 2019-06-12T15-38-34_328-jvmRun1 surefire6247665898567037760tmp surefire_127723962883834015641tmp"/>
    <property name="surefire.test.class.path" value="/opt/src/hadoop-ozone/integration-test/target/test-classes:/opt/src/hadoop-ozone/integration-test/target/classes:/root/.m2/repository/org/apache/hadoop/hadoop-ozone-common/0.5.0-SNAPSHOT/hadoop-ozone-common-0.5.0-SNAPSHOT.jar:/root/.m2/repository/org/apache/commons/commons-compress/1.4.1/commons-compress-1.4.1.jar:/root/.m2/repository/org/tukaani/xz/1.0/xz-1.0.jar:/root/.m2/repository/org/apache/hadoop/hadoop-common/3.2.0/hadoop-common-3.2.0.jar:/root/.m2/repository/org/apache/hadoop/hadoop-hdfs/3.2.0/hadoop-hdfs-3.2.0.jar:/root/.m2/repository/org/apache/hadoop/hadoop-hdfs-client/3.2.0/hadoop-hdfs-client-3.2.0.jar:/root/.m2/repository/com/fasterxml/jackson/core/jackson-annotations/2.9.5/jackson-annotations-2.9.5.jar:/root/.m2/repository/org/apache/hadoop/hadoop-hdds-common/0.5.0-SNAPSHOT/hadoop-hdds-common-0.5.0-SNAPSHOT.jar:/root/.m2/repository/javax/annotation/javax.annotation-api/1.2/javax.annotation-api-1.2.jar:/root/.m2/repository/org/apache/ratis/ratis-server/0.4.0-fe2b15d-SNAPSHOT/ratis-server-0.4.0-fe2b15d-SNAPSHOT.jar:/root/.m2/repository/org/apache/ratis/ratis-thirdparty-misc/0.2.0/ratis-thirdparty-misc-0.2.0.jar:/root/.m2/repository/org/apache/ratis/ratis-proto/0.4.0-fe2b15d-SNAPSHOT/ratis-proto-0.4.0-fe2b15d-SNAPSHOT.jar:/root/.m2/repository/org/apache/ratis/ratis-common/0.4.0-fe2b15d-SNAPSHOT/ratis-common-0.4.0-fe2b15d-SNAPSHOT.jar:/root/.m2/repository/org/apache/ratis/ratis-client/0.4.0-fe2b15d-SNAPSHOT/ratis-client-0.4.0-fe2b15d-SNAPSHOT.jar:/root/.m2/repository/org/apache/ratis/ratis-netty/0.4.0-fe2b15d-SNAPSHOT/ratis-netty-0.4.0-fe2b15d-SNAPSHOT.jar:/root/.m2/repository/org/apache/ratis/ratis-grpc/0.4.0-fe2b15d-SNAPSHOT/ratis-grpc-0.4.0-fe2b15d-SNAPSHOT.jar:/root/.m2/repository/org/rocksdb/rocksdbjni/5.14.2/rocksdbjni-5.14.2.jar:/root/.m2/repository/org/apache/logging/log4j/log4j-api/2.11.0/log4j-api-2.11.0.jar:/root/.m2/repository/org/apache/logging/log4j/log4j-core/2.11.0/log4j-core-2.11.0.jar:/root/.m2/repository/com/lmax/disruptor/3.4.2/disruptor-3.4.2.jar:/root/.m2/repository/org/apache/commons/commons-pool2/2.6.0/commons-pool2-2.6.0.jar:/root/.m2/repository/org/bouncycastle/bcpkix-jdk15on/1.60/bcpkix-jdk15on-1.60.jar:/root/.m2/repository/commons-validator/commons-validator/1.6/commons-validator-1.6.jar:/root/.m2/repository/commons-digester/commons-digester/1.8.1/commons-digester-1.8.1.jar:/root/.m2/repository/io/jaegertracing/jaeger-client/0.33.1/jaeger-client-0.33.1.jar:/root/.m2/repository/io/jaegertracing/jaeger-thrift/0.33.1/jaeger-thrift-0.33.1.jar:/root/.m2/repository/org/apache/thrift/libthrift/0.11.0/libthrift-0.11.0.jar:/root/.m2/repository/com/squareup/okhttp3/okhttp/3.9.0/okhttp-3.9.0.jar:/root/.m2/repository/com/squareup/okio/okio/1.13.0/okio-1.13.0.jar:/root/.m2/repository/io/jaegertracing/jaeger-core/0.33.1/jaeger-core-0.33.1.jar:/root/.m2/repository/io/jaegertracing/jaeger-tracerresolver/0.33.1/jaeger-tracerresolver-0.33.1.jar:/root/.m2/repository/io/opentracing/contrib/opentracing-tracerresolver/0.1.5/opentracing-tracerresolver-0.1.5.jar:/root/.m2/repository/io/opentracing/opentracing-util/0.31.0/opentracing-util-0.31.0.jar:/root/.m2/repository/io/opentracing/opentracing-api/0.31.0/opentracing-api-0.31.0.jar:/root/.m2/repository/io/opentracing/opentracing-noop/0.31.0/opentracing-noop-0.31.0.jar:/root/.m2/repository/org/apache/hadoop/hadoop-hdds-server-framework/0.5.0-SNAPSHOT/hadoop-hdds-server-framework-0.5.0-SNAPSHOT.jar:/root/.m2/repository/org/apache/hadoop/hadoop-hdds-server-scm/0.5.0-SNAPSHOT/hadoop-hdds-server-scm-0.5.0-SNAPSHOT.jar:/root/.m2/repository/org/apache/hadoop/hadoop-hdds-container-service/0.5.0-SNAPSHOT/hadoop-hdds-container-service-0.5.0-SNAPSHOT.jar:/root/.m2/repository/org/apache/hadoop/hadoop-hdds-client/0.5.0-SNAPSHOT/hadoop-hdds-client-0.5.0-SNAPSHOT.jar:/root/.m2/repository/org/apache/hadoop/hadoop-hdds-tools/0.5.0-SNAPSHOT/hadoop-hdds-tools-0.5.0-SNAPSHOT.jar:/root/.m2/repository/org/apache/hadoop/hadoop-ozone-ozone-manager/0.5.0-SNAPSHOT/hadoop-ozone-ozone-manager-0.5.0-SNAPSHOT.jar:/root/.m2/repository/org/apache/hadoop/hadoop-hdds-docs/0.5.0-SNAPSHOT/hadoop-hdds-docs-0.5.0-SNAPSHOT.jar:/root/.m2/repository/org/bouncycastle/bcprov-jdk15on/1.60/bcprov-jdk15on-1.60.jar:/root/.m2/repository/org/apache/hadoop/hadoop-minikdc/3.2.0/hadoop-minikdc-3.2.0.jar:/root/.m2/repository/commons-io/commons-io/2.5/commons-io-2.5.jar:/root/.m2/repository/org/apache/kerby/kerb-simplekdc/1.0.1/kerb-simplekdc-1.0.1.jar:/root/.m2/repository/org/apache/kerby/kerb-client/1.0.1/kerb-client-1.0.1.jar:/root/.m2/repository/org/apache/kerby/kerby-config/1.0.1/kerby-config-1.0.1.jar:/root/.m2/repository/org/apache/kerby/kerb-core/1.0.1/kerb-core-1.0.1.jar:/root/.m2/repository/org/apache/kerby/kerby-pkix/1.0.1/kerby-pkix-1.0.1.jar:/root/.m2/repository/org/apache/kerby/kerby-asn1/1.0.1/kerby-asn1-1.0.1.jar:/root/.m2/repository/org/apache/kerby/kerby-util/1.0.1/kerby-util-1.0.1.jar:/root/.m2/repository/org/apache/kerby/kerb-common/1.0.1/kerb-common-1.0.1.jar:/root/.m2/repository/org/apache/kerby/kerb-crypto/1.0.1/kerb-crypto-1.0.1.jar:/root/.m2/repository/org/apache/kerby/kerb-util/1.0.1/kerb-util-1.0.1.jar:/root/.m2/repository/org/apache/kerby/token-provider/1.0.1/token-provider-1.0.1.jar:/root/.m2/repository/org/apache/kerby/kerb-admin/1.0.1/kerb-admin-1.0.1.jar:/root/.m2/repository/org/apache/kerby/kerb-server/1.0.1/kerb-server-1.0.1.jar:/root/.m2/repository/org/apache/kerby/kerb-identity/1.0.1/kerb-identity-1.0.1.jar:/root/.m2/repository/org/apache/kerby/kerby-xdr/1.0.1/kerby-xdr-1.0.1.jar:/root/.m2/repository/org/slf4j/slf4j-log4j12/1.7.25/slf4j-log4j12-1.7.25.jar:/root/.m2/repository/org/apache/hadoop/hadoop-ozone-objectstore-service/0.5.0-SNAPSHOT/hadoop-ozone-objectstore-service-0.5.0-SNAPSHOT.jar:/root/.m2/repository/org/apache/hadoop/hadoop-ozone-s3gateway/0.5.0-SNAPSHOT/hadoop-ozone-s3gateway-0.5.0-SNAPSHOT.jar:/root/.m2/repository/org/jboss/weld/servlet/weld-servlet/2.4.7.Final/weld-servlet-2.4.7.Final.jar:/root/.m2/repository/org/glassfish/jersey/containers/jersey-container-servlet-core/2.27/jersey-container-servlet-core-2.27.jar:/root/.m2/repository/org/glassfish/hk2/external/javax.inject/2.5.0-b42/javax.inject-2.5.0-b42.jar:/root/.m2/repository/org/glassfish/jersey/core/jersey-common/2.27/jersey-common-2.27.jar:/root/.m2/repository/org/glassfish/hk2/osgi-resource-locator/1.0.1/osgi-resource-locator-1.0.1.jar:/root/.m2/repository/javax/ws/rs/javax.ws.rs-api/2.1/javax.ws.rs-api-2.1.jar:/root/.m2/repository/org/glassfish/jersey/ext/cdi/jersey-cdi1x/2.27/jersey-cdi1x-2.27.jar:/root/.m2/repository/org/glassfish/jersey/inject/jersey-hk2/2.27/jersey-hk2-2.27.jar:/root/.m2/repository/org/glassfish/hk2/hk2-locator/2.5.0-b42/hk2-locator-2.5.0-b42.jar:/root/.m2/repository/org/javassist/javassist/3.22.0-CR2/javassist-3.22.0-CR2.jar:/root/.m2/repository/org/glassfish/hk2/hk2-api/2.5.0/hk2-api-2.5.0.jar:/root/.m2/repository/org/glassfish/hk2/external/jakarta.inject/2.5.0/jakarta.inject-2.5.0.jar:/root/.m2/repository/org/glassfish/hk2/hk2-utils/2.5.0/hk2-utils-2.5.0.jar:/root/.m2/repository/jakarta/annotation/jakarta.annotation-api/1.3.4/jakarta.annotation-api-1.3.4.jar:/root/.m2/repository/org/glassfish/hk2/external/aopalliance-repackaged/2.5.0/aopalliance-repackaged-2.5.0.jar:/root/.m2/repository/com/fasterxml/jackson/dataformat/jackson-dataformat-xml/2.9.0/jackson-dataformat-xml-2.9.0.jar:/root/.m2/repository/com/fasterxml/jackson/core/jackson-core/2.9.5/jackson-core-2.9.5.jar:/root/.m2/repository/com/fasterxml/jackson/module/jackson-module-jaxb-annotations/2.9.5/jackson-module-jaxb-annotations-2.9.5.jar:/root/.m2/repository/javax/enterprise/cdi-api/1.2/cdi-api-1.2.jar:/root/.m2/repository/javax/el/javax.el-api/3.0.0/javax.el-api-3.0.0.jar:/root/.m2/repository/javax/interceptor/javax.interceptor-api/1.2/javax.interceptor-api-1.2.jar:/root/.m2/repository/javax/inject/javax.inject/1/javax.inject-1.jar:/root/.m2/repository/com/sun/xml/bind/jaxb-impl/2.3.0.1/jaxb-impl-2.3.0.1.jar:/root/.m2/repository/com/sun/xml/bind/jaxb-core/2.3.0.1/jaxb-core-2.3.0.1.jar:/root/.m2/repository/javax/xml/bind/jaxb-api/2.3.0/jaxb-api-2.3.0.jar:/root/.m2/repository/javax/activation/activation/1.1.1/activation-1.1.1.jar:/root/.m2/repository/org/apache/hadoop/hadoop-ozone-csi/0.5.0-SNAPSHOT/hadoop-ozone-csi-0.5.0-SNAPSHOT.jar:/root/.m2/repository/com/google/protobuf/protobuf-java-util/3.5.1/protobuf-java-util-3.5.1.jar:/root/.m2/repository/org/apache/hadoop/hadoop-hdds-config/0.5.0-SNAPSHOT/hadoop-hdds-config-0.5.0-SNAPSHOT.jar:/root/.m2/repository/com/google/guava/guava/11.0.2/guava-11.0.2.jar:/root/.m2/repository/com/google/protobuf/protobuf-java/2.5.0/protobuf-java-2.5.0.jar:/root/.m2/repository/io/grpc/grpc-netty/1.17.1/grpc-netty-1.17.1.jar:/root/.m2/repository/io/grpc/grpc-core/1.17.1/grpc-core-1.17.1.jar:/root/.m2/repository/io/grpc/grpc-context/1.17.1/grpc-context-1.17.1.jar:/root/.m2/repository/com/google/errorprone/error_prone_annotations/2.2.0/error_prone_annotations-2.2.0.jar:/root/.m2/repository/org/codehaus/mojo/animal-sniffer-annotations/1.17/animal-sniffer-annotations-1.17.jar:/root/.m2/repository/io/opencensus/opencensus-api/0.17.0/opencensus-api-0.17.0.jar:/root/.m2/repository/io/opencensus/opencensus-contrib-grpc-metrics/0.17.0/opencensus-contrib-grpc-metrics-0.17.0.jar:/root/.m2/repository/io/netty/netty-codec-http2/4.1.30.Final/netty-codec-http2-4.1.30.Final.jar:/root/.m2/repository/io/netty/netty-codec-http/4.1.30.Final/netty-codec-http-4.1.30.Final.jar:/root/.m2/repository/io/netty/netty-codec/4.1.30.Final/netty-codec-4.1.30.Final.jar:/root/.m2/repository/io/netty/netty-handler/4.1.30.Final/netty-handler-4.1.30.Final.jar:/root/.m2/repository/io/netty/netty-handler-proxy/4.1.30.Final/netty-handler-proxy-4.1.30.Final.jar:/root/.m2/repository/io/netty/netty-codec-socks/4.1.30.Final/netty-codec-socks-4.1.30.Final.jar:/root/.m2/repository/io/netty/netty-transport-native-epoll/4.1.30.Final/netty-transport-native-epoll-4.1.30.Final.jar:/root/.m2/repository/io/netty/netty-common/4.1.30.Final/netty-common-4.1.30.Final.jar:/root/.m2/repository/io/netty/netty-buffer/4.1.30.Final/netty-buffer-4.1.30.Final.jar:/root/.m2/repository/io/netty/netty-transport/4.1.30.Final/netty-transport-4.1.30.Final.jar:/root/.m2/repository/io/netty/netty-resolver/4.1.30.Final/netty-resolver-4.1.30.Final.jar:/root/.m2/repository/io/netty/netty-transport-native-unix-common/4.1.30.Final/netty-transport-native-unix-common-4.1.30.Final.jar:/root/.m2/repository/io/grpc/grpc-protobuf/1.17.1/grpc-protobuf-1.17.1.jar:/root/.m2/repository/com/google/api/grpc/proto-google-common-protos/1.0.0/proto-google-common-protos-1.0.0.jar:/root/.m2/repository/io/grpc/grpc-protobuf-lite/1.17.1/grpc-protobuf-lite-1.17.1.jar:/root/.m2/repository/io/grpc/grpc-stub/1.17.1/grpc-stub-1.17.1.jar:/root/.m2/repository/org/apache/hadoop/hadoop-ozone-recon/0.5.0-SNAPSHOT/hadoop-ozone-recon-0.5.0-SNAPSHOT.jar:/root/.m2/repository/org/apache/hadoop/hadoop-ozone-reconcodegen/0.5.0-SNAPSHOT/hadoop-ozone-reconcodegen-0.5.0-SNAPSHOT.jar:/root/.m2/repository/com/google/inject/extensions/guice-multibindings/4.0/guice-multibindings-4.0.jar:/root/.m2/repository/com/google/inject/guice/4.0/guice-4.0.jar:/root/.m2/repository/aopalliance/aopalliance/1.0/aopalliance-1.0.jar:/root/.m2/repository/com/google/inject/extensions/guice-servlet/4.0/guice-servlet-4.0.jar:/root/.m2/repository/org/glassfish/jersey/containers/jersey-container-servlet/2.27/jersey-container-servlet-2.27.jar:/root/.m2/repository/org/glassfish/hk2/guice-bridge/2.5.0/guice-bridge-2.5.0.jar:/root/.m2/repository/org/glassfish/jersey/core/jersey-server/2.27/jersey-server-2.27.jar:/root/.m2/repository/org/glassfish/jersey/core/jersey-client/2.27/jersey-client-2.27.jar:/root/.m2/repository/org/glassfish/jersey/media/jersey-media-jaxb/2.27/jersey-media-jaxb-2.27.jar:/root/.m2/repository/javax/validation/validation-api/1.1.0.Final/validation-api-1.1.0.Final.jar:/root/.m2/repository/org/glassfish/jersey/media/jersey-media-json-jackson/2.27/jersey-media-json-jackson-2.27.jar:/root/.m2/repository/org/glassfish/jersey/ext/jersey-entity-filtering/2.27/jersey-entity-filtering-2.27.jar:/root/.m2/repository/com/google/inject/extensions/guice-assistedinject/4.0/guice-assistedinject-4.0.jar:/root/.m2/repository/org/jooq/jooq/3.11.10/jooq-3.11.10.jar:/root/.m2/repository/org/jooq/jooq-meta/3.11.10/jooq-meta-3.11.10.jar:/root/.m2/repository/org/jooq/jooq-codegen/3.11.10/jooq-codegen-3.11.10.jar:/root/.m2/repository/com/jolbox/bonecp/0.8.0.RELEASE/bonecp-0.8.0.RELEASE.jar:/root/.m2/repository/org/xerial/sqlite-jdbc/3.25.2/sqlite-jdbc-3.25.2.jar:/root/.m2/repository/org/springframework/spring-jdbc/5.1.3.RELEASE/spring-jdbc-5.1.3.RELEASE.jar:/root/.m2/repository/org/springframework/spring-beans/5.1.3.RELEASE/spring-beans-5.1.3.RELEASE.jar:/root/.m2/repository/org/springframework/spring-core/5.1.3.RELEASE/spring-core-5.1.3.RELEASE.jar:/root/.m2/repository/org/springframework/spring-jcl/5.1.3.RELEASE/spring-jcl-5.1.3.RELEASE.jar:/root/.m2/repository/org/springframework/spring-tx/5.1.3.RELEASE/spring-tx-5.1.3.RELEASE.jar:/root/.m2/repository/org/apache/hadoop/hadoop-ozone-client/0.5.0-SNAPSHOT/hadoop-ozone-client-0.5.0-SNAPSHOT.jar:/root/.m2/repository/org/apache/hadoop/hadoop-ozone-ozone-manager/0.5.0-SNAPSHOT/hadoop-ozone-ozone-manager-0.5.0-SNAPSHOT-tests.jar:/root/.m2/repository/junit/junit/4.11/junit-4.11.jar:/root/.m2/repository/org/hamcrest/hamcrest-core/1.3/hamcrest-core-1.3.jar:/root/.m2/repository/org/openjdk/jmh/jmh-core/1.19/jmh-core-1.19.jar:/root/.m2/repository/net/sf/jopt-simple/jopt-simple/4.6/jopt-simple-4.6.jar:/root/.m2/repository/org/apache/commons/commons-math3/3.1.1/commons-math3-3.1.1.jar:/root/.m2/repository/org/openjdk/jmh/jmh-generator-annprocess/1.19/jmh-generator-annprocess-1.19.jar:/root/.m2/repository/org/mockito/mockito-all/1.8.5/mockito-all-1.8.5.jar:/root/.m2/repository/org/apache/hadoop/hadoop-kms/3.2.0/hadoop-kms-3.2.0.jar:/root/.m2/repository/org/apache/hadoop/hadoop-auth/3.2.0/hadoop-auth-3.2.0.jar:/root/.m2/repository/com/nimbusds/nimbus-jose-jwt/4.41.1/nimbus-jose-jwt-4.41.1.jar:/root/.m2/repository/com/github/stephenc/jcip/jcip-annotations/1.0-1/jcip-annotations-1.0-1.jar:/root/.m2/repository/net/minidev/json-smart/2.3/json-smart-2.3.jar:/root/.m2/repository/net/minidev/accessors-smart/1.2/accessors-smart-1.2.jar:/root/.m2/repository/org/ow2/asm/asm/5.0.4/asm-5.0.4.jar:/root/.m2/repository/org/apache/curator/curator-framework/2.12.0/curator-framework-2.12.0.jar:/root/.m2/repository/com/sun/jersey/jersey-core/1.19/jersey-core-1.19.jar:/root/.m2/repository/javax/ws/rs/jsr311-api/1.1.1/jsr311-api-1.1.1.jar:/root/.m2/repository/com/sun/jersey/jersey-server/1.19/jersey-server-1.19.jar:/root/.m2/repository/javax/servlet/javax.servlet-api/3.1.0/javax.servlet-api-3.1.0.jar:/root/.m2/repository/org/eclipse/jetty/jetty-server/9.3.24.v20180605/jetty-server-9.3.24.v20180605.jar:/root/.m2/repository/org/eclipse/jetty/jetty-http/9.3.24.v20180605/jetty-http-9.3.24.v20180605.jar:/root/.m2/repository/org/eclipse/jetty/jetty-io/9.3.24.v20180605/jetty-io-9.3.24.v20180605.jar:/root/.m2/repository/org/eclipse/jetty/jetty-webapp/9.3.24.v20180605/jetty-webapp-9.3.24.v20180605.jar:/root/.m2/repository/org/eclipse/jetty/jetty-xml/9.3.24.v20180605/jetty-xml-9.3.24.v20180605.jar:/root/.m2/repository/log4j/log4j/1.2.17/log4j-1.2.17.jar:/root/.m2/repository/org/slf4j/slf4j-api/1.7.25/slf4j-api-1.7.25.jar:/root/.m2/repository/org/slf4j/jul-to-slf4j/1.7.25/jul-to-slf4j-1.7.25.jar:/root/.m2/repository/org/eclipse/jetty/jetty-util/9.3.24.v20180605/jetty-util-9.3.24.v20180605.jar:/root/.m2/repository/io/dropwizard/metrics/metrics-core/3.2.4/metrics-core-3.2.4.jar:/root/.m2/repository/com/fasterxml/jackson/core/jackson-databind/2.9.5/jackson-databind-2.9.5.jar:/root/.m2/repository/org/apache/hadoop/hadoop-kms/3.2.0/hadoop-kms-3.2.0-tests.jar:/root/.m2/repository/org/apache/hadoop/hadoop-hdds-server-scm/0.5.0-SNAPSHOT/hadoop-hdds-server-scm-0.5.0-SNAPSHOT-tests.jar:/root/.m2/repository/org/hamcrest/hamcrest-all/1.3/hamcrest-all-1.3.jar:/root/.m2/repository/info/picocli/picocli/3.9.6/picocli-3.9.6.jar:/root/.m2/repository/org/apache/hadoop/hadoop-hdds-container-service/0.5.0-SNAPSHOT/hadoop-hdds-container-service-0.5.0-SNAPSHOT-tests.jar:/root/.m2/repository/org/yaml/snakeyaml/1.16/snakeyaml-1.16.jar:/root/.m2/repository/org/apache/hadoop/hadoop-common/3.2.0/hadoop-common-3.2.0-tests.jar:/root/.m2/repository/org/apache/hadoop/hadoop-annotations/3.2.0/hadoop-annotations-3.2.0.jar:/usr/lib/jvm/java-1.8-openjdk/jre/../lib/tools.jar:/root/.m2/repository/commons-cli/commons-cli/1.2/commons-cli-1.2.jar:/root/.m2/repository/org/apache/httpcomponents/httpclient/4.5.2/httpclient-4.5.2.jar:/root/.m2/repository/org/apache/httpcomponents/httpcore/4.4.4/httpcore-4.4.4.jar:/root/.m2/repository/commons-codec/commons-codec/1.11/commons-codec-1.11.jar:/root/.m2/repository/commons-net/commons-net/3.6/commons-net-3.6.jar:/root/.m2/repository/commons-collections/commons-collections/3.2.2/commons-collections-3.2.2.jar:/root/.m2/repository/org/eclipse/jetty/jetty-servlet/9.3.24.v20180605/jetty-servlet-9.3.24.v20180605.jar:/root/.m2/repository/org/eclipse/jetty/jetty-security/9.3.24.v20180605/jetty-security-9.3.24.v20180605.jar:/root/.m2/repository/javax/servlet/jsp/jsp-api/2.1/jsp-api-2.1.jar:/root/.m2/repository/com/sun/jersey/jersey-servlet/1.19/jersey-servlet-1.19.jar:/root/.m2/repository/com/sun/jersey/jersey-json/1.19/jersey-json-1.19.jar:/root/.m2/repository/org/codehaus/jettison/jettison/1.1/jettison-1.1.jar:/root/.m2/repository/org/codehaus/jackson/jackson-core-asl/1.9.13/jackson-core-asl-1.9.13.jar:/root/.m2/repository/org/codehaus/jackson/jackson-mapper-asl/1.9.13/jackson-mapper-asl-1.9.13.jar:/root/.m2/repository/org/codehaus/jackson/jackson-jaxrs/1.9.13/jackson-jaxrs-1.9.13.jar:/root/.m2/repository/org/codehaus/jackson/jackson-xc/1.9.13/jackson-xc-1.9.13.jar:/root/.m2/repository/commons-logging/commons-logging/1.1.3/commons-logging-1.1.3.jar:/root/.m2/repository/commons-beanutils/commons-beanutils/1.9.3/commons-beanutils-1.9.3.jar:/root/.m2/repository/org/apache/commons/commons-configuration2/2.1.1/commons-configuration2-2.1.1.jar:/root/.m2/repository/org/apache/commons/commons-lang3/3.7/commons-lang3-3.7.jar:/root/.m2/repository/org/apache/commons/commons-text/1.4/commons-text-1.4.jar:/root/.m2/repository/org/apache/avro/avro/1.7.7/avro-1.7.7.jar:/root/.m2/repository/com/thoughtworks/paranamer/paranamer/2.3/paranamer-2.3.jar:/root/.m2/repository/org/xerial/snappy/snappy-java/1.0.5/snappy-java-1.0.5.jar:/root/.m2/repository/com/google/re2j/re2j/1.1/re2j-1.1.jar:/root/.m2/repository/com/google/code/gson/gson/2.2.4/gson-2.2.4.jar:/root/.m2/repository/com/jcraft/jsch/0.1.54/jsch-0.1.54.jar:/root/.m2/repository/org/apache/curator/curator-client/2.12.0/curator-client-2.12.0.jar:/root/.m2/repository/org/apache/curator/curator-recipes/2.12.0/curator-recipes-2.12.0.jar:/root/.m2/repository/com/google/code/findbugs/jsr305/3.0.0/jsr305-3.0.0.jar:/root/.m2/repository/org/apache/htrace/htrace-core4/4.1.0-incubating/htrace-core4-4.1.0-incubating.jar:/root/.m2/repository/org/apache/zookeeper/zookeeper/3.4.13/zookeeper-3.4.13.jar:/root/.m2/repository/org/apache/yetus/audience-annotations/0.5.0/audience-annotations-0.5.0.jar:/root/.m2/repository/org/codehaus/woodstox/stax2-api/3.1.4/stax2-api-3.1.4.jar:/root/.m2/repository/com/fasterxml/woodstox/woodstox-core/5.0.3/woodstox-core-5.0.3.jar:/root/.m2/repository/dnsjava/dnsjava/2.1.7/dnsjava-2.1.7.jar:/root/.m2/repository/org/apache/hadoop/hadoop-hdfs/3.2.0/hadoop-hdfs-3.2.0-tests.jar:/root/.m2/repository/org/eclipse/jetty/jetty-util-ajax/9.3.24.v20180605/jetty-util-ajax-9.3.24.v20180605.jar:/root/.m2/repository/commons-daemon/commons-daemon/1.0.13/commons-daemon-1.0.13.jar:/root/.m2/repository/io/netty/netty/3.10.5.Final/netty-3.10.5.Final.jar:/root/.m2/repository/io/netty/netty-all/4.0.52.Final/netty-all-4.0.52.Final.jar:/root/.m2/repository/org/fusesource/leveldbjni/leveldbjni-all/1.8/leveldbjni-all-1.8.jar:"/>
    <property name="sun.cpu.endian" value="little"/>
    <property name="user.home" value="/root"/>
    <property name="user.language" value="en"/>
    <property name="java.specification.vendor" value="Oracle Corporation"/>
    <property name="java.home" value="/usr/lib/jvm/java-1.8-openjdk/jre"/>
    <property name="java.security.krb5.conf" value="/opt/src/hadoop-ozone/integration-test/target/test-classes/krb5.conf"/>
    <property name="basedir" value="/opt/src/hadoop-ozone/integration-test"/>
    <property name="file.separator" value="/"/>
    <property name="line.separator" value="&#10;"/>
    <property name="java.vm.specification.vendor" value="Oracle Corporation"/>
    <property name="java.specification.name" value="Java Platform API Specification"/>
    <property name="java.awt.graphicsenv" value="sun.awt.X11GraphicsEnvironment"/>
    <property name="surefire.real.class.path" value="/opt/src/hadoop-ozone/integration-test/target/surefire/surefirebooter2206137943178250935.jar"/>
    <property name="hadoop.log.dir" value="/opt/src/hadoop-ozone/integration-test/target/log"/>
    <property name="sun.boot.class.path" value="/usr/lib/jvm/java-1.8-openjdk/jre/lib/resources.jar:/usr/lib/jvm/java-1.8-openjdk/jre/lib/rt.jar:/usr/lib/jvm/java-1.8-openjdk/jre/lib/sunrsasign.jar:/usr/lib/jvm/java-1.8-openjdk/jre/lib/jsse.jar:/usr/lib/jvm/java-1.8-openjdk/jre/lib/jce.jar:/usr/lib/jvm/java-1.8-openjdk/jre/lib/charsets.jar:/usr/lib/jvm/java-1.8-openjdk/jre/lib/jfr.jar:/usr/lib/jvm/java-1.8-openjdk/jre/classes"/>
    <property name="sun.management.compiler" value="HotSpot 64-Bit Tiered Compilers"/>
    <property name="java.runtime.version" value="1.8.0_212-b04"/>
    <property name="java.net.preferIPv4Stack" value="true"/>
    <property name="user.name" value="root"/>
    <property name="path.separator" value=":"/>
    <property name="java.security.egd" value="file:///dev/urandom"/>
    <property name="os.version" value="4.15.0-1021-aws"/>
    <property name="java.endorsed.dirs" value="/usr/lib/jvm/java-1.8-openjdk/jre/lib/endorsed"/>
    <property name="java.runtime.name" value="OpenJDK Runtime Environment"/>
    <property name="file.encoding" value="UTF-8"/>
    <property name="java.vm.name" value="OpenJDK 64-Bit Server VM"/>
    <property name="test.build.webapps" value=""/>
    <property name="localRepository" value="/root/.m2/repository"/>
    <property name="java.vendor.url.bug" value="https://icedtea.classpath.org/bugzilla"/>
    <property name="java.io.tmpdir" value="/tmp"/>
    <property name="require.test.libhadoop" value=""/>
    <property name="java.version" value="1.8.0_212"/>
    <property name="user.dir" value="/opt/src/hadoop-ozone/integration-test"/>
    <property name="os.arch" value="amd64"/>
    <property name="java.vm.specification.name" value="Java Virtual Machine Specification"/>
    <property name="test.build.classes" value="/opt/src/hadoop-ozone/integration-test/target/test-classes"/>
    <property name="java.awt.printerjob" value="sun.print.PSPrinterJob"/>
    <property name="sun.os.patch.level" value="unknown"/>
    <property name="hadoop.tmp.dir" value="/opt/src/hadoop-ozone/integration-test/target/tmp"/>
    <property name="java.library.path" value="/usr/lib/jvm/java-1.8-openjdk/jre/lib/amd64/server:/usr/lib/jvm/java-1.8-openjdk/jre/lib/amd64:/usr/lib/jvm/java-1.8-openjdk/jre/../lib/amd64:/opt/src/hadoop-ozone/integration-test/target/native/target/usr/local/lib:/opt/src/hadoop-ozone/integration-test/../../hadoop-common-project/hadoop-common/target/native/target/usr/local/lib:/usr/java/packages/lib/amd64:/usr/lib64:/lib64:/lib:/usr/lib"/>
    <property name="java.vm.info" value="mixed mode"/>
    <property name="java.vendor" value="IcedTea"/>
    <property name="java.vm.version" value="25.212-b04"/>
    <property name="java.ext.dirs" value="/usr/lib/jvm/java-1.8-openjdk/jre/lib/ext:/usr/java/packages/lib/ext"/>
    <property name="sun.io.unicode.encoding" value="UnicodeLittle"/>
    <property name="java.class.version" value="52.0"/>
  </properties>
  <testcase name="testPipelineExclusionWithPipelineFailure" classname="org.apache.hadoop.ozone.client.rpc.TestFailureHandlingByClient" time="19.264"/>
  <testcase name="testContainerExclusionWithClosedContainerException" classname="org.apache.hadoop.ozone.client.rpc.TestFailureHandlingByClient" time="12.952"/>
  <testcase name="testWriteSmallFile" classname="org.apache.hadoop.ozone.client.rpc.TestFailureHandlingByClient" time="15.695"/>
  <testcase name="testMultiBlockWritesWithIntermittentDnFailures" classname="org.apache.hadoop.ozone.client.rpc.TestFailureHandlingByClient" time="54.433"/>
  <testcase name="testBlockWritesWithDnFailures" classname="org.apache.hadoop.ozone.client.rpc.TestFailureHandlingByClient" time="18.613"/>
  <testcase name="testDatanodeExclusionWithMajorityCommit" classname="org.apache.hadoop.ozone.client.rpc.TestFailureHandlingByClient" time="13.693">
    <failure type="java.lang.AssertionError">java.lang.AssertionError
	at org.junit.Assert.fail(Assert.java:86)
	at org.junit.Assert.assertTrue(Assert.java:41)
	at org.junit.Assert.assertTrue(Assert.java:52)
	at org.apache.hadoop.ozone.client.rpc.TestFailureHandlingByClient.testDatanodeExclusionWithMajorityCommit(TestFailureHandlingByClient.java:400)
	at sun.reflect.NativeMethodAccessorImpl.invoke0(Native Method)
	at sun.reflect.NativeMethodAccessorImpl.invoke(NativeMethodAccessorImpl.java:62)
	at sun.reflect.DelegatingMethodAccessorImpl.invoke(DelegatingMethodAccessorImpl.java:43)
	at java.lang.reflect.Method.invoke(Method.java:498)
	at org.junit.runners.model.FrameworkMethod$1.runReflectiveCall(FrameworkMethod.java:47)
	at org.junit.internal.runners.model.ReflectiveCallable.run(ReflectiveCallable.java:12)
	at org.junit.runners.model.FrameworkMethod.invokeExplosively(FrameworkMethod.java:44)
	at org.junit.internal.runners.statements.InvokeMethod.evaluate(InvokeMethod.java:17)
	at org.junit.runners.ParentRunner.runLeaf(ParentRunner.java:271)
	at org.junit.runners.BlockJUnit4ClassRunner.runChild(BlockJUnit4ClassRunner.java:70)
	at org.junit.runners.BlockJUnit4ClassRunner.runChild(BlockJUnit4ClassRunner.java:50)
	at org.junit.runners.ParentRunner$3.run(ParentRunner.java:238)
	at org.junit.runners.ParentRunner$1.schedule(ParentRunner.java:63)
	at org.junit.runners.ParentRunner.runChildren(ParentRunner.java:236)
	at org.junit.runners.ParentRunner.access$000(ParentRunner.java:53)
	at org.junit.runners.ParentRunner$2.evaluate(ParentRunner.java:229)
	at org.junit.runners.ParentRunner.run(ParentRunner.java:309)
	at org.apache.maven.surefire.junit4.JUnit4Provider.execute(JUnit4Provider.java:365)
	at org.apache.maven.surefire.junit4.JUnit4Provider.executeWithRerun(JUnit4Provider.java:273)
	at org.apache.maven.surefire.junit4.JUnit4Provider.executeTestSet(JUnit4Provider.java:238)
	at org.apache.maven.surefire.junit4.JUnit4Provider.invoke(JUnit4Provider.java:159)
	at org.apache.maven.surefire.booter.ForkedBooter.invokeProviderInSameClassLoader(ForkedBooter.java:384)
	at org.apache.maven.surefire.booter.ForkedBooter.runSuitesInProcess(ForkedBooter.java:345)
	at org.apache.maven.surefire.booter.ForkedBooter.execute(ForkedBooter.java:126)
	at org.apache.maven.surefire.booter.ForkedBooter.main(ForkedBooter.java:418)
</failure>
    <system-out><![CDATA[2019-06-12 15:45:13,200 WARN  server.ServerUtils (ServerUtils.java:getScmDbDir(145)) - ozone.scm.db.dirs is not configured. We recommend adding this setting. Falling back to ozone.metadata.dirs instead.
2019-06-12 15:45:13,204 WARN  server.ServerUtils (ServerUtils.java:getScmDbDir(145)) - ozone.scm.db.dirs is not configured. We recommend adding this setting. Falling back to ozone.metadata.dirs instead.
2019-06-12 15:45:13,204 WARN  server.ServerUtils (ServerUtils.java:getScmDbDir(145)) - ozone.scm.db.dirs is not configured. We recommend adding this setting. Falling back to ozone.metadata.dirs instead.
2019-06-12 15:45:13,204 INFO  db.DBStoreBuilder (DBStoreBuilder.java:addTable(110)) - using custom profile for table: deletedBlocks
2019-06-12 15:45:13,204 INFO  db.DBStoreBuilder (DBStoreBuilder.java:processTables(161)) - Using default column profile:DBProfile.DISK for Table:deletedBlocks
2019-06-12 15:45:13,204 INFO  db.DBStoreBuilder (DBStoreBuilder.java:addTable(110)) - using custom profile for table: validCerts
2019-06-12 15:45:13,205 INFO  db.DBStoreBuilder (DBStoreBuilder.java:processTables(161)) - Using default column profile:DBProfile.DISK for Table:validCerts
2019-06-12 15:45:13,205 INFO  db.DBStoreBuilder (DBStoreBuilder.java:addTable(110)) - using custom profile for table: revokedCerts
2019-06-12 15:45:13,205 INFO  db.DBStoreBuilder (DBStoreBuilder.java:processTables(161)) - Using default column profile:DBProfile.DISK for Table:revokedCerts
2019-06-12 15:45:13,205 INFO  db.DBStoreBuilder (DBStoreBuilder.java:addTable(110)) - using custom profile for table: default
2019-06-12 15:45:13,205 INFO  db.DBStoreBuilder (DBStoreBuilder.java:processTables(167)) - Using default column profile:DBProfile.DISK for Table:default
2019-06-12 15:45:13,205 INFO  db.DBStoreBuilder (DBStoreBuilder.java:getDbProfile(198)) - Using default options. DBProfile.DISK
2019-06-12 15:45:13,248 INFO  node.SCMNodeManager (SCMNodeManager.java:<init>(108)) - Entering startup safe mode.
2019-06-12 15:45:13,249 INFO  net.NodeSchemaLoader (NodeSchemaLoader.java:loadSchemaFromFile(125)) - Loading file from sun.misc.CompoundEnumeration@7d43c89f
2019-06-12 15:45:13,249 INFO  net.NodeSchemaLoader (NodeSchemaLoader.java:loadSchema(171)) - Loading network topology layer schema file
2019-06-12 15:45:13,252 WARN  server.ServerUtils (ServerUtils.java:getScmDbDir(145)) - ozone.scm.db.dirs is not configured. We recommend adding this setting. Falling back to ozone.metadata.dirs instead.
2019-06-12 15:45:13,264 INFO  pipeline.SCMPipelineManager (SCMPipelineManager.java:initializePipelineState(126)) - No pipeline exists in current db
2019-06-12 15:45:13,264 WARN  server.ServerUtils (ServerUtils.java:getScmDbDir(145)) - ozone.scm.db.dirs is not configured. We recommend adding this setting. Falling back to ozone.metadata.dirs instead.
2019-06-12 15:45:13,277 WARN  events.EventQueue (EventQueue.java:fireEvent(175)) - No event handler registered for event TypedEvent{payloadType=SafeModeStatus, name='SafeModeStatus'}
2019-06-12 15:45:13,278 INFO  ipc.CallQueueManager (CallQueueManager.java:<init>(84)) - Using callQueue: class java.util.concurrent.LinkedBlockingQueue, queueCapacity: 2000, scheduler: class org.apache.hadoop.ipc.DefaultRpcScheduler, ipcBackoff: false.
2019-06-12 15:45:13,278 INFO  ipc.Server (Server.java:run(1074)) - Starting Socket Reader #1 for port 35471
2019-06-12 15:45:13,280 INFO  ipc.CallQueueManager (CallQueueManager.java:<init>(84)) - Using callQueue: class java.util.concurrent.LinkedBlockingQueue, queueCapacity: 2000, scheduler: class org.apache.hadoop.ipc.DefaultRpcScheduler, ipcBackoff: false.
2019-06-12 15:45:13,281 INFO  ipc.Server (Server.java:run(1074)) - Starting Socket Reader #1 for port 43355
2019-06-12 15:45:13,282 INFO  ipc.CallQueueManager (CallQueueManager.java:<init>(84)) - Using callQueue: class java.util.concurrent.LinkedBlockingQueue, queueCapacity: 2000, scheduler: class org.apache.hadoop.ipc.DefaultRpcScheduler, ipcBackoff: false.
2019-06-12 15:45:13,283 INFO  ipc.Server (Server.java:run(1074)) - Starting Socket Reader #1 for port 38955
2019-06-12 15:45:13,284 INFO  hdfs.DFSUtil (DFSUtil.java:httpServerTemplateForNNAndJN(1641)) - Starting Web-server for scm at: http://0.0.0.0:0
2019-06-12 15:45:13,285 INFO  server.AuthenticationFilter (AuthenticationFilter.java:constructSecretProvider(240)) - Unable to initialize FileSignerSecretProvider, falling back to use random secrets.
2019-06-12 15:45:13,285 WARN  http.HttpRequestLog (HttpRequestLog.java:getRequestLog(97)) - Jetty request log can only be enabled using Log4j
2019-06-12 15:45:13,286 INFO  http.HttpServer2 (HttpServer2.java:addGlobalFilter(975)) - Added global filter 'safety' (class=org.apache.hadoop.http.HttpServer2$QuotingInputFilter)
2019-06-12 15:45:13,286 INFO  http.HttpServer2 (HttpServer2.java:addFilter(948)) - Added filter static_user_filter (class=org.apache.hadoop.http.lib.StaticUserWebFilter$StaticUserFilter) to context scm
2019-06-12 15:45:13,287 INFO  http.HttpServer2 (HttpServer2.java:addFilter(958)) - Added filter static_user_filter (class=org.apache.hadoop.http.lib.StaticUserWebFilter$StaticUserFilter) to context static
2019-06-12 15:45:13,287 INFO  http.HttpServer2 (HttpServer2.java:addFilter(958)) - Added filter static_user_filter (class=org.apache.hadoop.http.lib.StaticUserWebFilter$StaticUserFilter) to context logs
2019-06-12 15:45:13,289 INFO  server.StorageContainerManager (StorageContainerManager.java:start(752)) - StorageContainerLocationProtocol RPC server is listening at /0.0.0.0:38955
2019-06-12 15:45:13,289 INFO  impl.MetricsSystemImpl (MetricsSystemImpl.java:init(158)) - StorageContainerManager metrics system started (again)
2019-06-12 15:45:13,290 INFO  server.SCMClientProtocolServer (SCMClientProtocolServer.java:start(149)) - RPC server for Client  is listening at /0.0.0.0:38955
2019-06-12 15:45:13,290 INFO  ipc.Server (Server.java:run(1314)) - IPC Server Responder: starting
2019-06-12 15:45:13,290 INFO  ipc.Server (Server.java:run(1153)) - IPC Server listener on 38955: starting
2019-06-12 15:45:13,294 INFO  server.StorageContainerManager (StorageContainerManager.java:start(761)) - ScmBlockLocationProtocol RPC server is listening at /0.0.0.0:43355
2019-06-12 15:45:13,294 INFO  server.SCMBlockProtocolServer (SCMBlockProtocolServer.java:start(137)) - RPC server for Block Protocol is listening at /0.0.0.0:43355
2019-06-12 15:45:13,294 INFO  ipc.Server (Server.java:run(1314)) - IPC Server Responder: starting
2019-06-12 15:45:13,294 INFO  ipc.Server (Server.java:run(1153)) - IPC Server listener on 43355: starting
2019-06-12 15:45:13,296 INFO  server.StorageContainerManager (StorageContainerManager.java:start(765)) - ScmDatanodeProtocl RPC server is listening at /0.0.0.0:35471
2019-06-12 15:45:13,297 INFO  server.SCMDatanodeProtocolServer (SCMDatanodeProtocolServer.java:start(191)) - RPC server for DataNodes is listening at /0.0.0.0:35471
2019-06-12 15:45:13,297 INFO  ipc.Server (Server.java:run(1314)) - IPC Server Responder: starting
2019-06-12 15:45:13,297 INFO  ipc.Server (Server.java:run(1153)) - IPC Server listener on 35471: starting
2019-06-12 15:45:13,299 INFO  http.HttpServer2 (HttpServer2.java:bindListener(1191)) - Jetty bound to port 45169
2019-06-12 15:45:13,299 INFO  server.Server (Server.java:doStart(351)) - jetty-9.3.24.v20180605, build timestamp: 2018-06-05T17:11:56Z, git hash: 84205aa28f11a4f31f2a3b86d1bba2cc8ab69827
2019-06-12 15:45:13,300 INFO  handler.ContextHandler (ContextHandler.java:doStart(781)) - Started o.e.j.s.ServletContextHandler@1235732d{/logs,file:///opt/src/hadoop-ozone/integration-test/target/log,AVAILABLE}
2019-06-12 15:45:13,300 INFO  handler.ContextHandler (ContextHandler.java:doStart(781)) - Started o.e.j.s.ServletContextHandler@54644470{/static,file:///opt/src/hadoop-ozone/integration-test/target/test-classes/webapps/static,AVAILABLE}
2019-06-12 15:45:13,303 INFO  handler.ContextHandler (ContextHandler.java:doStart(781)) - Started o.e.j.w.WebAppContext@1b1d1558{/,file:///opt/src/hadoop-ozone/integration-test/target/test-classes/webapps/scm/,AVAILABLE}{/scm}
2019-06-12 15:45:13,303 INFO  server.AbstractConnector (AbstractConnector.java:doStart(278)) - Started ServerConnector@6cc022ac{HTTP/1.1,[http/1.1]}{0.0.0.0:45169}
2019-06-12 15:45:13,304 INFO  server.Server (Server.java:doStart(419)) - Started @121363ms
2019-06-12 15:45:13,304 INFO  server.BaseHttpServer (BaseHttpServer.java:updateConnectorAddress(207)) - HTTP server of SCM is listening at http://0.0.0.0:45169
2019-06-12 15:45:13,306 WARN  scm.ScmUtils (ScmUtils.java:getDBPath(63)) - ozone.om.db.dirs is not configured. We recommend adding this setting. Falling back to ozone.metadata.dirs instead.
2019-06-12 15:45:13,306 INFO  util.JvmPauseMonitor (JvmPauseMonitor.java:run(188)) - Starting JVM pause monitor
2019-06-12 15:45:13,308 WARN  scm.ScmUtils (ScmUtils.java:getDBPath(63)) - ozone.om.db.dirs is not configured. We recommend adding this setting. Falling back to ozone.metadata.dirs instead.
2019-06-12 15:45:13,309 INFO  om.OzoneManager (OzoneManager.java:setOMNodeDetails(519)) - OM Service ID is not set. Setting it to the default ID: omServiceIdDefault
2019-06-12 15:45:13,309 INFO  om.OzoneManager (OzoneManager.java:setOMNodeDetails(525)) - OM Node ID is not set. Setting it to the OmStorage's OmID: 6db0214e-fae3-439e-b52f-701edf3cc377
2019-06-12 15:45:13,309 WARN  scm.HddsServerUtil (HddsServerUtil.java:getDefaultRatisDirectory(354)) - Storage directory for Ratis is not configured. It is a good idea to map this to an SSD disk. Falling back to ozone.metadata.dirs
2019-06-12 15:45:13,309 WARN  scm.HddsServerUtil (HddsServerUtil.java:getDefaultRatisDirectory(354)) - Storage directory for Ratis is not configured. It is a good idea to map this to an SSD disk. Falling back to ozone.metadata.dirs
2019-06-12 15:45:13,309 INFO  om.OzoneManager (OzoneManager.java:loadOMHAConfigs(476)) - Found matching OM address with OMServiceId: null, OMNodeId: null, RPC Address: localhost:0 and Ratis port: 9872
2019-06-12 15:45:13,312 WARN  scm.ScmUtils (ScmUtils.java:getDBPath(63)) - ozone.om.db.dirs is not configured. We recommend adding this setting. Falling back to ozone.metadata.dirs instead.
2019-06-12 15:45:13,312 INFO  db.DBStoreBuilder (DBStoreBuilder.java:addTable(110)) - using custom profile for table: userTable
2019-06-12 15:45:13,313 INFO  db.DBStoreBuilder (DBStoreBuilder.java:processTables(161)) - Using default column profile:DBProfile.DISK for Table:userTable
2019-06-12 15:45:13,313 INFO  db.DBStoreBuilder (DBStoreBuilder.java:addTable(110)) - using custom profile for table: volumeTable
2019-06-12 15:45:13,313 INFO  db.DBStoreBuilder (DBStoreBuilder.java:processTables(161)) - Using default column profile:DBProfile.DISK for Table:volumeTable
2019-06-12 15:45:13,313 INFO  db.DBStoreBuilder (DBStoreBuilder.java:addTable(110)) - using custom profile for table: bucketTable
2019-06-12 15:45:13,313 INFO  db.DBStoreBuilder (DBStoreBuilder.java:processTables(161)) - Using default column profile:DBProfile.DISK for Table:bucketTable
2019-06-12 15:45:13,313 INFO  db.DBStoreBuilder (DBStoreBuilder.java:addTable(110)) - using custom profile for table: keyTable
2019-06-12 15:45:13,313 INFO  db.DBStoreBuilder (DBStoreBuilder.java:processTables(161)) - Using default column profile:DBProfile.DISK for Table:keyTable
2019-06-12 15:45:13,313 INFO  db.DBStoreBuilder (DBStoreBuilder.java:addTable(110)) - using custom profile for table: deletedTable
2019-06-12 15:45:13,313 INFO  db.DBStoreBuilder (DBStoreBuilder.java:processTables(161)) - Using default column profile:DBProfile.DISK for Table:deletedTable
2019-06-12 15:45:13,314 INFO  db.DBStoreBuilder (DBStoreBuilder.java:addTable(110)) - using custom profile for table: openKeyTable
2019-06-12 15:45:13,314 INFO  db.DBStoreBuilder (DBStoreBuilder.java:processTables(161)) - Using default column profile:DBProfile.DISK for Table:openKeyTable
2019-06-12 15:45:13,314 INFO  db.DBStoreBuilder (DBStoreBuilder.java:addTable(110)) - using custom profile for table: s3Table
2019-06-12 15:45:13,314 INFO  db.DBStoreBuilder (DBStoreBuilder.java:processTables(161)) - Using default column profile:DBProfile.DISK for Table:s3Table
2019-06-12 15:45:13,314 INFO  db.DBStoreBuilder (DBStoreBuilder.java:addTable(110)) - using custom profile for table: multipartInfoTable
2019-06-12 15:45:13,314 INFO  db.DBStoreBuilder (DBStoreBuilder.java:processTables(161)) - Using default column profile:DBProfile.DISK for Table:multipartInfoTable
2019-06-12 15:45:13,314 INFO  db.DBStoreBuilder (DBStoreBuilder.java:addTable(110)) - using custom profile for table: dTokenTable
2019-06-12 15:45:13,314 INFO  db.DBStoreBuilder (DBStoreBuilder.java:processTables(161)) - Using default column profile:DBProfile.DISK for Table:dTokenTable
2019-06-12 15:45:13,314 INFO  db.DBStoreBuilder (DBStoreBuilder.java:addTable(110)) - using custom profile for table: s3SecretTable
2019-06-12 15:45:13,315 INFO  db.DBStoreBuilder (DBStoreBuilder.java:processTables(161)) - Using default column profile:DBProfile.DISK for Table:s3SecretTable
2019-06-12 15:45:13,315 INFO  db.DBStoreBuilder (DBStoreBuilder.java:addTable(110)) - using custom profile for table: prefixTable
2019-06-12 15:45:13,315 INFO  db.DBStoreBuilder (DBStoreBuilder.java:processTables(161)) - Using default column profile:DBProfile.DISK for Table:prefixTable
2019-06-12 15:45:13,315 INFO  db.DBStoreBuilder (DBStoreBuilder.java:addTable(110)) - using custom profile for table: default
2019-06-12 15:45:13,315 INFO  db.DBStoreBuilder (DBStoreBuilder.java:processTables(167)) - Using default column profile:DBProfile.DISK for Table:default
2019-06-12 15:45:13,315 INFO  db.DBStoreBuilder (DBStoreBuilder.java:getDbProfile(198)) - Using default options. DBProfile.DISK
2019-06-12 15:45:13,435 INFO  ipc.CallQueueManager (CallQueueManager.java:<init>(84)) - Using callQueue: class java.util.concurrent.LinkedBlockingQueue, queueCapacity: 2000, scheduler: class org.apache.hadoop.ipc.DefaultRpcScheduler, ipcBackoff: false.
2019-06-12 15:45:13,436 INFO  ipc.Server (Server.java:run(1074)) - Starting Socket Reader #1 for port 45575
2019-06-12 15:45:13,446 WARN  scm.ScmUtils (ScmUtils.java:getDBPath(63)) - ozone.om.db.dirs is not configured. We recommend adding this setting. Falling back to ozone.metadata.dirs instead.
2019-06-12 15:45:13,446 INFO  om.OzoneManager (OzoneManager.java:start(1217)) - OzoneManager RPC server is listening at localhost/127.0.0.1:45575
2019-06-12 15:45:13,446 INFO  impl.MetricsSystemImpl (MetricsSystemImpl.java:init(158)) - OzoneManager metrics system started (again)
2019-06-12 15:45:13,447 INFO  ipc.Server (Server.java:run(1314)) - IPC Server Responder: starting
2019-06-12 15:45:13,450 INFO  ipc.Server (Server.java:run(1153)) - IPC Server listener on 45575: starting
2019-06-12 15:45:13,482 INFO  hdfs.DFSUtil (DFSUtil.java:httpServerTemplateForNNAndJN(1641)) - Starting Web-server for ozoneManager at: http://0.0.0.0:0
2019-06-12 15:45:13,483 INFO  server.AuthenticationFilter (AuthenticationFilter.java:constructSecretProvider(240)) - Unable to initialize FileSignerSecretProvider, falling back to use random secrets.
2019-06-12 15:45:13,483 WARN  http.HttpRequestLog (HttpRequestLog.java:getRequestLog(97)) - Jetty request log can only be enabled using Log4j
2019-06-12 15:45:13,484 INFO  http.HttpServer2 (HttpServer2.java:addGlobalFilter(975)) - Added global filter 'safety' (class=org.apache.hadoop.http.HttpServer2$QuotingInputFilter)
2019-06-12 15:45:13,485 INFO  http.HttpServer2 (HttpServer2.java:addFilter(948)) - Added filter static_user_filter (class=org.apache.hadoop.http.lib.StaticUserWebFilter$StaticUserFilter) to context ozoneManager
2019-06-12 15:45:13,485 INFO  http.HttpServer2 (HttpServer2.java:addFilter(958)) - Added filter static_user_filter (class=org.apache.hadoop.http.lib.StaticUserWebFilter$StaticUserFilter) to context logs
2019-06-12 15:45:13,485 INFO  http.HttpServer2 (HttpServer2.java:addFilter(958)) - Added filter static_user_filter (class=org.apache.hadoop.http.lib.StaticUserWebFilter$StaticUserFilter) to context static
2019-06-12 15:45:13,485 INFO  http.HttpServer2 (HttpServer2.java:bindListener(1191)) - Jetty bound to port 40585
2019-06-12 15:45:13,485 INFO  server.Server (Server.java:doStart(351)) - jetty-9.3.24.v20180605, build timestamp: 2018-06-05T17:11:56Z, git hash: 84205aa28f11a4f31f2a3b86d1bba2cc8ab69827
2019-06-12 15:45:13,486 INFO  handler.ContextHandler (ContextHandler.java:doStart(781)) - Started o.e.j.s.ServletContextHandler@235b4aea{/logs,file:///opt/src/hadoop-ozone/integration-test/target/log,AVAILABLE}
2019-06-12 15:45:13,486 INFO  handler.ContextHandler (ContextHandler.java:doStart(781)) - Started o.e.j.s.ServletContextHandler@64e680c5{/static,file:///opt/src/hadoop-ozone/integration-test/target/test-classes/webapps/static,AVAILABLE}
2019-06-12 15:45:13,489 INFO  handler.ContextHandler (ContextHandler.java:doStart(781)) - Started o.e.j.w.WebAppContext@6b61a4b0{/,file:///opt/src/hadoop-ozone/integration-test/target/test-classes/webapps/ozoneManager/,AVAILABLE}{/ozoneManager}
2019-06-12 15:45:13,489 INFO  server.AbstractConnector (AbstractConnector.java:doStart(278)) - Started ServerConnector@5c00de0d{HTTP/1.1,[http/1.1]}{0.0.0.0:40585}
2019-06-12 15:45:13,490 INFO  server.Server (Server.java:doStart(419)) - Started @121549ms
2019-06-12 15:45:13,490 INFO  server.BaseHttpServer (BaseHttpServer.java:updateConnectorAddress(207)) - HTTP server of OZONEMANAGER is listening at http://0.0.0.0:40585
2019-06-12 15:45:13,496 INFO  impl.MetricsSystemImpl (MetricsSystemImpl.java:init(158)) - HddsDatanode metrics system started (again)
2019-06-12 15:45:13,497 INFO  ozone.HddsDatanodeService (HddsDatanodeService.java:start(185)) - HddsDatanodeService host:ozone-bzwcn-1332811729 ip:192.168.134.73
2019-06-12 15:45:13,501 INFO  volume.HddsVolume (HddsVolume.java:<init>(176)) - Creating Volume: /opt/src/hadoop-ozone/integration-test/target/test-dir/MiniOzoneClusterImpl-fa654d9d-23c1-4a13-8ee5-a7de691b994f/datanode-0/data/containers/hdds of  storage type : DISK and capacity : 104021790720
2019-06-12 15:45:13,501 INFO  volume.VolumeSet (VolumeSet.java:initializeVolumeSet(170)) - Added Volume : /opt/src/hadoop-ozone/integration-test/target/test-dir/MiniOzoneClusterImpl-fa654d9d-23c1-4a13-8ee5-a7de691b994f/datanode-0/data/containers/hdds to VolumeSet
2019-06-12 15:45:13,502 INFO  volume.ThrottledAsyncChecker (ThrottledAsyncChecker.java:schedule(140)) - Scheduling a check for org.apache.hadoop.ozone.container.common.volume.HddsVolume@3599b7e8
2019-06-12 15:45:13,502 INFO  volume.HddsVolumeChecker (HddsVolumeChecker.java:checkAllVolumes(203)) - Scheduled health check for volume org.apache.hadoop.ozone.container.common.volume.HddsVolume@3599b7e8
2019-06-12 15:45:13,510 INFO  ratis.XceiverServerRatis (XceiverServerRatis.java:newXceiverServerRatis(401)) - Found a free port for the server : 42459
2019-06-12 15:45:13,511 INFO  impl.RaftServerProxy (ConfUtils.java:logGet(43)) - raft.rpc.type = GRPC (default)
2019-06-12 15:45:13,511 INFO  grpc.GrpcConfigKeys$Server (ConfUtils.java:logGet(43)) - raft.grpc.server.port = 42459 (custom)
2019-06-12 15:45:13,511 INFO  server.GrpcService (ConfUtils.java:logGet(43)) - raft.grpc.message.size.max = 33570816 (custom)
2019-06-12 15:45:13,511 INFO  server.RaftServerConfigKeys (ConfUtils.java:logGet(43)) - raft.server.log.appender.buffer.byte-limit = 33554432 (custom)
2019-06-12 15:45:13,511 INFO  server.GrpcService (ConfUtils.java:logGet(43)) - raft.grpc.flow.control.window = 1MB (=1048576) (default)
2019-06-12 15:45:13,511 INFO  server.RaftServerConfigKeys (ConfUtils.java:logGet(43)) - raft.server.rpc.request.timeout = 3000ms (default)
2019-06-12 15:45:13,512 INFO  server.RaftServerConfigKeys (ConfUtils.java:logGet(43)) - raft.server.storage.dir = [/opt/src/hadoop-ozone/integration-test/target/test-dir/MiniOzoneClusterImpl-fa654d9d-23c1-4a13-8ee5-a7de691b994f/datanode-0/data/ratis] (custom)
2019-06-12 15:45:13,512 INFO  server.XceiverServerGrpc (XceiverServerGrpc.java:<init>(97)) - Found a free port for the server : 42603
2019-06-12 15:45:13,512 INFO  replication.SimpleContainerDownloader (SimpleContainerDownloader.java:<init>(72)) - Starting container downloader service to copy containers to replicate.
2019-06-12 15:45:13,513 INFO  hdfs.DFSUtil (DFSUtil.java:httpServerTemplateForNNAndJN(1641)) - Starting Web-server for hddsDatanode at: http://0.0.0.0:0
2019-06-12 15:45:13,513 INFO  server.AuthenticationFilter (AuthenticationFilter.java:constructSecretProvider(240)) - Unable to initialize FileSignerSecretProvider, falling back to use random secrets.
2019-06-12 15:45:13,514 WARN  http.HttpRequestLog (HttpRequestLog.java:getRequestLog(97)) - Jetty request log can only be enabled using Log4j
2019-06-12 15:45:13,515 INFO  http.HttpServer2 (HttpServer2.java:addGlobalFilter(975)) - Added global filter 'safety' (class=org.apache.hadoop.http.HttpServer2$QuotingInputFilter)
2019-06-12 15:45:13,515 INFO  http.HttpServer2 (HttpServer2.java:addFilter(948)) - Added filter static_user_filter (class=org.apache.hadoop.http.lib.StaticUserWebFilter$StaticUserFilter) to context hddsDatanode
2019-06-12 15:45:13,515 INFO  http.HttpServer2 (HttpServer2.java:addFilter(958)) - Added filter static_user_filter (class=org.apache.hadoop.http.lib.StaticUserWebFilter$StaticUserFilter) to context logs
2019-06-12 15:45:13,515 INFO  http.HttpServer2 (HttpServer2.java:addFilter(958)) - Added filter static_user_filter (class=org.apache.hadoop.http.lib.StaticUserWebFilter$StaticUserFilter) to context static
2019-06-12 15:45:13,516 INFO  http.HttpServer2 (HttpServer2.java:bindListener(1191)) - Jetty bound to port 41135
2019-06-12 15:45:13,516 INFO  server.Server (Server.java:doStart(351)) - jetty-9.3.24.v20180605, build timestamp: 2018-06-05T17:11:56Z, git hash: 84205aa28f11a4f31f2a3b86d1bba2cc8ab69827
2019-06-12 15:45:13,517 INFO  handler.ContextHandler (ContextHandler.java:doStart(781)) - Started o.e.j.s.ServletContextHandler@70e07ef8{/logs,file:///opt/src/hadoop-ozone/integration-test/target/log,AVAILABLE}
2019-06-12 15:45:13,518 INFO  handler.ContextHandler (ContextHandler.java:doStart(781)) - Started o.e.j.s.ServletContextHandler@1aa64998{/static,jar:file:/root/.m2/repository/org/apache/hadoop/hadoop-hdds-container-service/0.5.0-SNAPSHOT/hadoop-hdds-container-service-0.5.0-SNAPSHOT.jar!/webapps/static,AVAILABLE}
2019-06-12 15:45:13,536 INFO  handler.ContextHandler (ContextHandler.java:doStart(781)) - Started o.e.j.w.WebAppContext@665c79a2{/,file:///tmp/jetty-0.0.0.0-41135-hddsDatanode-_-any-6298428978145717232.dir/webapp/,AVAILABLE}{/hddsDatanode}
2019-06-12 15:45:13,536 INFO  server.AbstractConnector (AbstractConnector.java:doStart(278)) - Started ServerConnector@3e79473d{HTTP/1.1,[http/1.1]}{0.0.0.0:41135}
2019-06-12 15:45:13,537 INFO  server.Server (Server.java:doStart(419)) - Started @121597ms
2019-06-12 15:45:13,538 INFO  server.BaseHttpServer (BaseHttpServer.java:updateConnectorAddress(207)) - HTTP server of HDDSDATANODE is listening at http://0.0.0.0:41135
2019-06-12 15:45:13,610 INFO  ozone.HddsDatanodeService (HddsDatanodeService.java:startPlugins(396)) - Started plug-in org.apache.hadoop.ozone.web.OzoneHddsDatanodeService@3d72abea
2019-06-12 15:45:13,610 INFO  impl.MetricsSystemImpl (MetricsSystemImpl.java:init(158)) - HddsDatanode metrics system started (again)
2019-06-12 15:45:13,610 INFO  ozone.HddsDatanodeService (HddsDatanodeService.java:start(185)) - HddsDatanodeService host:ozone-bzwcn-1332811729 ip:192.168.134.73
2019-06-12 15:45:13,614 INFO  util.JvmPauseMonitor (JvmPauseMonitor.java:run(188)) - Starting JVM pause monitor
2019-06-12 15:45:13,615 INFO  datanode.InitDatanodeState (InitDatanodeState.java:persistContainerDatanodeDetails(140)) - DatanodeDetails is persisted to /opt/src/hadoop-ozone/integration-test/target/test-dir/MiniOzoneClusterImpl-fa654d9d-23c1-4a13-8ee5-a7de691b994f/datanode-0/meta/datanode.id
2019-06-12 15:45:13,618 INFO  volume.HddsVolume (HddsVolume.java:<init>(176)) - Creating Volume: /opt/src/hadoop-ozone/integration-test/target/test-dir/MiniOzoneClusterImpl-fa654d9d-23c1-4a13-8ee5-a7de691b994f/datanode-1/data/containers/hdds of  storage type : DISK and capacity : 104021790720
2019-06-12 15:45:13,618 INFO  volume.VolumeSet (VolumeSet.java:initializeVolumeSet(170)) - Added Volume : /opt/src/hadoop-ozone/integration-test/target/test-dir/MiniOzoneClusterImpl-fa654d9d-23c1-4a13-8ee5-a7de691b994f/datanode-1/data/containers/hdds to VolumeSet
2019-06-12 15:45:13,618 INFO  volume.ThrottledAsyncChecker (ThrottledAsyncChecker.java:schedule(140)) - Scheduling a check for org.apache.hadoop.ozone.container.common.volume.HddsVolume@4feea86f
2019-06-12 15:45:13,618 INFO  volume.HddsVolumeChecker (HddsVolumeChecker.java:checkAllVolumes(203)) - Scheduled health check for volume org.apache.hadoop.ozone.container.common.volume.HddsVolume@4feea86f
2019-06-12 15:45:13,625 INFO  ratis.XceiverServerRatis (XceiverServerRatis.java:newXceiverServerRatis(401)) - Found a free port for the server : 41935
2019-06-12 15:45:13,627 INFO  impl.RaftServerProxy (ConfUtils.java:logGet(43)) - raft.rpc.type = GRPC (default)
2019-06-12 15:45:13,627 INFO  grpc.GrpcConfigKeys$Server (ConfUtils.java:logGet(43)) - raft.grpc.server.port = 41935 (custom)
2019-06-12 15:45:13,627 INFO  server.GrpcService (ConfUtils.java:logGet(43)) - raft.grpc.message.size.max = 33570816 (custom)
2019-06-12 15:45:13,627 INFO  server.RaftServerConfigKeys (ConfUtils.java:logGet(43)) - raft.server.log.appender.buffer.byte-limit = 33554432 (custom)
2019-06-12 15:45:13,627 INFO  server.GrpcService (ConfUtils.java:logGet(43)) - raft.grpc.flow.control.window = 1MB (=1048576) (default)
2019-06-12 15:45:13,628 INFO  server.RaftServerConfigKeys (ConfUtils.java:logGet(43)) - raft.server.rpc.request.timeout = 3000ms (default)
2019-06-12 15:45:13,628 INFO  server.RaftServerConfigKeys (ConfUtils.java:logGet(43)) - raft.server.storage.dir = [/opt/src/hadoop-ozone/integration-test/target/test-dir/MiniOzoneClusterImpl-fa654d9d-23c1-4a13-8ee5-a7de691b994f/datanode-1/data/ratis] (custom)
2019-06-12 15:45:13,628 INFO  server.XceiverServerGrpc (XceiverServerGrpc.java:<init>(97)) - Found a free port for the server : 43471
2019-06-12 15:45:13,629 INFO  replication.SimpleContainerDownloader (SimpleContainerDownloader.java:<init>(72)) - Starting container downloader service to copy containers to replicate.
2019-06-12 15:45:13,629 INFO  hdfs.DFSUtil (DFSUtil.java:httpServerTemplateForNNAndJN(1641)) - Starting Web-server for hddsDatanode at: http://0.0.0.0:0
2019-06-12 15:45:13,630 INFO  server.AuthenticationFilter (AuthenticationFilter.java:constructSecretProvider(240)) - Unable to initialize FileSignerSecretProvider, falling back to use random secrets.
2019-06-12 15:45:13,630 WARN  http.HttpRequestLog (HttpRequestLog.java:getRequestLog(97)) - Jetty request log can only be enabled using Log4j
2019-06-12 15:45:13,631 INFO  http.HttpServer2 (HttpServer2.java:addGlobalFilter(975)) - Added global filter 'safety' (class=org.apache.hadoop.http.HttpServer2$QuotingInputFilter)
2019-06-12 15:45:13,631 INFO  http.HttpServer2 (HttpServer2.java:addFilter(948)) - Added filter static_user_filter (class=org.apache.hadoop.http.lib.StaticUserWebFilter$StaticUserFilter) to context hddsDatanode
2019-06-12 15:45:13,632 INFO  http.HttpServer2 (HttpServer2.java:addFilter(958)) - Added filter static_user_filter (class=org.apache.hadoop.http.lib.StaticUserWebFilter$StaticUserFilter) to context static
2019-06-12 15:45:13,632 INFO  http.HttpServer2 (HttpServer2.java:addFilter(958)) - Added filter static_user_filter (class=org.apache.hadoop.http.lib.StaticUserWebFilter$StaticUserFilter) to context logs
2019-06-12 15:45:13,632 INFO  http.HttpServer2 (HttpServer2.java:bindListener(1191)) - Jetty bound to port 40347
2019-06-12 15:45:13,632 INFO  server.Server (Server.java:doStart(351)) - jetty-9.3.24.v20180605, build timestamp: 2018-06-05T17:11:56Z, git hash: 84205aa28f11a4f31f2a3b86d1bba2cc8ab69827
2019-06-12 15:45:13,633 INFO  handler.ContextHandler (ContextHandler.java:doStart(781)) - Started o.e.j.s.ServletContextHandler@70d24586{/logs,file:///opt/src/hadoop-ozone/integration-test/target/log,AVAILABLE}
2019-06-12 15:45:13,633 INFO  handler.ContextHandler (ContextHandler.java:doStart(781)) - Started o.e.j.s.ServletContextHandler@52238861{/static,jar:file:/root/.m2/repository/org/apache/hadoop/hadoop-hdds-container-service/0.5.0-SNAPSHOT/hadoop-hdds-container-service-0.5.0-SNAPSHOT.jar!/webapps/static,AVAILABLE}
2019-06-12 15:45:13,691 INFO  handler.ContextHandler (ContextHandler.java:doStart(781)) - Started o.e.j.w.WebAppContext@78fd1179{/,file:///tmp/jetty-0.0.0.0-40347-hddsDatanode-_-any-7930214692514633771.dir/webapp/,AVAILABLE}{/hddsDatanode}
2019-06-12 15:45:13,692 INFO  server.AbstractConnector (AbstractConnector.java:doStart(278)) - Started ServerConnector@13cec4ff{HTTP/1.1,[http/1.1]}{0.0.0.0:40347}
2019-06-12 15:45:13,692 INFO  server.Server (Server.java:doStart(419)) - Started @121751ms
2019-06-12 15:45:13,692 INFO  server.BaseHttpServer (BaseHttpServer.java:updateConnectorAddress(207)) - HTTP server of HDDSDATANODE is listening at http://0.0.0.0:40347
2019-06-12 15:45:13,773 INFO  ozone.HddsDatanodeService (HddsDatanodeService.java:startPlugins(396)) - Started plug-in org.apache.hadoop.ozone.web.OzoneHddsDatanodeService@18ada4e1
2019-06-12 15:45:13,773 INFO  impl.MetricsSystemImpl (MetricsSystemImpl.java:init(158)) - HddsDatanode metrics system started (again)
2019-06-12 15:45:13,774 INFO  ozone.HddsDatanodeService (HddsDatanodeService.java:start(185)) - HddsDatanodeService host:ozone-bzwcn-1332811729 ip:192.168.134.73
2019-06-12 15:45:13,784 INFO  util.JvmPauseMonitor (JvmPauseMonitor.java:run(188)) - Starting JVM pause monitor
2019-06-12 15:45:13,785 INFO  volume.HddsVolume (HddsVolume.java:<init>(176)) - Creating Volume: /opt/src/hadoop-ozone/integration-test/target/test-dir/MiniOzoneClusterImpl-fa654d9d-23c1-4a13-8ee5-a7de691b994f/datanode-2/data/containers/hdds of  storage type : DISK and capacity : 104021790720
2019-06-12 15:45:13,785 INFO  volume.VolumeSet (VolumeSet.java:initializeVolumeSet(170)) - Added Volume : /opt/src/hadoop-ozone/integration-test/target/test-dir/MiniOzoneClusterImpl-fa654d9d-23c1-4a13-8ee5-a7de691b994f/datanode-2/data/containers/hdds to VolumeSet
2019-06-12 15:45:13,785 INFO  volume.ThrottledAsyncChecker (ThrottledAsyncChecker.java:schedule(140)) - Scheduling a check for org.apache.hadoop.ozone.container.common.volume.HddsVolume@74727e41
2019-06-12 15:45:13,785 INFO  datanode.InitDatanodeState (InitDatanodeState.java:persistContainerDatanodeDetails(140)) - DatanodeDetails is persisted to /opt/src/hadoop-ozone/integration-test/target/test-dir/MiniOzoneClusterImpl-fa654d9d-23c1-4a13-8ee5-a7de691b994f/datanode-1/meta/datanode.id
2019-06-12 15:45:13,786 INFO  volume.HddsVolumeChecker (HddsVolumeChecker.java:checkAllVolumes(203)) - Scheduled health check for volume org.apache.hadoop.ozone.container.common.volume.HddsVolume@74727e41
2019-06-12 15:45:13,796 INFO  ratis.XceiverServerRatis (XceiverServerRatis.java:newXceiverServerRatis(401)) - Found a free port for the server : 41583
2019-06-12 15:45:13,797 INFO  impl.RaftServerProxy (ConfUtils.java:logGet(43)) - raft.rpc.type = GRPC (default)
2019-06-12 15:45:13,798 INFO  grpc.GrpcConfigKeys$Server (ConfUtils.java:logGet(43)) - raft.grpc.server.port = 41583 (custom)
2019-06-12 15:45:13,798 INFO  server.GrpcService (ConfUtils.java:logGet(43)) - raft.grpc.message.size.max = 33570816 (custom)
2019-06-12 15:45:13,798 INFO  server.RaftServerConfigKeys (ConfUtils.java:logGet(43)) - raft.server.log.appender.buffer.byte-limit = 33554432 (custom)
2019-06-12 15:45:13,798 INFO  server.GrpcService (ConfUtils.java:logGet(43)) - raft.grpc.flow.control.window = 1MB (=1048576) (default)
2019-06-12 15:45:13,798 INFO  server.RaftServerConfigKeys (ConfUtils.java:logGet(43)) - raft.server.rpc.request.timeout = 3000ms (default)
2019-06-12 15:45:13,799 INFO  server.RaftServerConfigKeys (ConfUtils.java:logGet(43)) - raft.server.storage.dir = [/opt/src/hadoop-ozone/integration-test/target/test-dir/MiniOzoneClusterImpl-fa654d9d-23c1-4a13-8ee5-a7de691b994f/datanode-2/data/ratis] (custom)
2019-06-12 15:45:13,799 INFO  server.XceiverServerGrpc (XceiverServerGrpc.java:<init>(97)) - Found a free port for the server : 40321
2019-06-12 15:45:13,799 INFO  replication.SimpleContainerDownloader (SimpleContainerDownloader.java:<init>(72)) - Starting container downloader service to copy containers to replicate.
2019-06-12 15:45:13,800 INFO  hdfs.DFSUtil (DFSUtil.java:httpServerTemplateForNNAndJN(1641)) - Starting Web-server for hddsDatanode at: http://0.0.0.0:0
2019-06-12 15:45:13,801 INFO  server.AuthenticationFilter (AuthenticationFilter.java:constructSecretProvider(240)) - Unable to initialize FileSignerSecretProvider, falling back to use random secrets.
2019-06-12 15:45:13,801 WARN  http.HttpRequestLog (HttpRequestLog.java:getRequestLog(97)) - Jetty request log can only be enabled using Log4j
2019-06-12 15:45:13,803 INFO  http.HttpServer2 (HttpServer2.java:addGlobalFilter(975)) - Added global filter 'safety' (class=org.apache.hadoop.http.HttpServer2$QuotingInputFilter)
2019-06-12 15:45:13,803 INFO  http.HttpServer2 (HttpServer2.java:addFilter(948)) - Added filter static_user_filter (class=org.apache.hadoop.http.lib.StaticUserWebFilter$StaticUserFilter) to context hddsDatanode
2019-06-12 15:45:13,803 INFO  http.HttpServer2 (HttpServer2.java:addFilter(958)) - Added filter static_user_filter (class=org.apache.hadoop.http.lib.StaticUserWebFilter$StaticUserFilter) to context logs
2019-06-12 15:45:13,803 INFO  http.HttpServer2 (HttpServer2.java:addFilter(958)) - Added filter static_user_filter (class=org.apache.hadoop.http.lib.StaticUserWebFilter$StaticUserFilter) to context static
2019-06-12 15:45:13,804 INFO  http.HttpServer2 (HttpServer2.java:bindListener(1191)) - Jetty bound to port 45659
2019-06-12 15:45:13,804 INFO  server.Server (Server.java:doStart(351)) - jetty-9.3.24.v20180605, build timestamp: 2018-06-05T17:11:56Z, git hash: 84205aa28f11a4f31f2a3b86d1bba2cc8ab69827
2019-06-12 15:45:13,805 INFO  handler.ContextHandler (ContextHandler.java:doStart(781)) - Started o.e.j.s.ServletContextHandler@4ab959e8{/logs,file:///opt/src/hadoop-ozone/integration-test/target/log,AVAILABLE}
2019-06-12 15:45:13,805 INFO  handler.ContextHandler (ContextHandler.java:doStart(781)) - Started o.e.j.s.ServletContextHandler@5f910283{/static,jar:file:/root/.m2/repository/org/apache/hadoop/hadoop-hdds-container-service/0.5.0-SNAPSHOT/hadoop-hdds-container-service-0.5.0-SNAPSHOT.jar!/webapps/static,AVAILABLE}
2019-06-12 15:45:13,833 INFO  handler.ContextHandler (ContextHandler.java:doStart(781)) - Started o.e.j.w.WebAppContext@2afa1b1a{/,file:///tmp/jetty-0.0.0.0-45659-hddsDatanode-_-any-573428087006278565.dir/webapp/,AVAILABLE}{/hddsDatanode}
2019-06-12 15:45:13,833 INFO  server.AbstractConnector (AbstractConnector.java:doStart(278)) - Started ServerConnector@30fffb53{HTTP/1.1,[http/1.1]}{0.0.0.0:45659}
2019-06-12 15:45:13,834 INFO  server.Server (Server.java:doStart(419)) - Started @121894ms
2019-06-12 15:45:13,835 INFO  server.BaseHttpServer (BaseHttpServer.java:updateConnectorAddress(207)) - HTTP server of HDDSDATANODE is listening at http://0.0.0.0:45659
2019-06-12 15:45:13,907 INFO  ozone.HddsDatanodeService (HddsDatanodeService.java:startPlugins(396)) - Started plug-in org.apache.hadoop.ozone.web.OzoneHddsDatanodeService@51f412e6
2019-06-12 15:45:13,908 INFO  impl.MetricsSystemImpl (MetricsSystemImpl.java:init(158)) - HddsDatanode metrics system started (again)
2019-06-12 15:45:13,908 INFO  ozone.HddsDatanodeService (HddsDatanodeService.java:start(185)) - HddsDatanodeService host:ozone-bzwcn-1332811729 ip:192.168.134.73
2019-06-12 15:45:13,910 INFO  util.JvmPauseMonitor (JvmPauseMonitor.java:run(188)) - Starting JVM pause monitor
2019-06-12 15:45:13,911 INFO  datanode.InitDatanodeState (InitDatanodeState.java:persistContainerDatanodeDetails(140)) - DatanodeDetails is persisted to /opt/src/hadoop-ozone/integration-test/target/test-dir/MiniOzoneClusterImpl-fa654d9d-23c1-4a13-8ee5-a7de691b994f/datanode-2/meta/datanode.id
2019-06-12 15:45:13,914 INFO  volume.HddsVolume (HddsVolume.java:<init>(176)) - Creating Volume: /opt/src/hadoop-ozone/integration-test/target/test-dir/MiniOzoneClusterImpl-fa654d9d-23c1-4a13-8ee5-a7de691b994f/datanode-3/data/containers/hdds of  storage type : DISK and capacity : 104021790720
2019-06-12 15:45:13,915 INFO  volume.VolumeSet (VolumeSet.java:initializeVolumeSet(170)) - Added Volume : /opt/src/hadoop-ozone/integration-test/target/test-dir/MiniOzoneClusterImpl-fa654d9d-23c1-4a13-8ee5-a7de691b994f/datanode-3/data/containers/hdds to VolumeSet
2019-06-12 15:45:13,915 INFO  volume.ThrottledAsyncChecker (ThrottledAsyncChecker.java:schedule(140)) - Scheduling a check for org.apache.hadoop.ozone.container.common.volume.HddsVolume@3e60be48
2019-06-12 15:45:13,915 INFO  volume.HddsVolumeChecker (HddsVolumeChecker.java:checkAllVolumes(203)) - Scheduled health check for volume org.apache.hadoop.ozone.container.common.volume.HddsVolume@3e60be48
2019-06-12 15:45:13,925 INFO  ratis.XceiverServerRatis (XceiverServerRatis.java:newXceiverServerRatis(401)) - Found a free port for the server : 33685
2019-06-12 15:45:13,927 INFO  impl.RaftServerProxy (ConfUtils.java:logGet(43)) - raft.rpc.type = GRPC (default)
2019-06-12 15:45:13,927 INFO  grpc.GrpcConfigKeys$Server (ConfUtils.java:logGet(43)) - raft.grpc.server.port = 33685 (custom)
2019-06-12 15:45:13,927 INFO  server.GrpcService (ConfUtils.java:logGet(43)) - raft.grpc.message.size.max = 33570816 (custom)
2019-06-12 15:45:13,927 INFO  server.RaftServerConfigKeys (ConfUtils.java:logGet(43)) - raft.server.log.appender.buffer.byte-limit = 33554432 (custom)
2019-06-12 15:45:13,927 INFO  server.GrpcService (ConfUtils.java:logGet(43)) - raft.grpc.flow.control.window = 1MB (=1048576) (default)
2019-06-12 15:45:13,928 INFO  server.RaftServerConfigKeys (ConfUtils.java:logGet(43)) - raft.server.rpc.request.timeout = 3000ms (default)
2019-06-12 15:45:13,928 INFO  server.RaftServerConfigKeys (ConfUtils.java:logGet(43)) - raft.server.storage.dir = [/opt/src/hadoop-ozone/integration-test/target/test-dir/MiniOzoneClusterImpl-fa654d9d-23c1-4a13-8ee5-a7de691b994f/datanode-3/data/ratis] (custom)
2019-06-12 15:45:13,928 INFO  server.XceiverServerGrpc (XceiverServerGrpc.java:<init>(97)) - Found a free port for the server : 34839
2019-06-12 15:45:13,929 INFO  replication.SimpleContainerDownloader (SimpleContainerDownloader.java:<init>(72)) - Starting container downloader service to copy containers to replicate.
2019-06-12 15:45:13,929 INFO  hdfs.DFSUtil (DFSUtil.java:httpServerTemplateForNNAndJN(1641)) - Starting Web-server for hddsDatanode at: http://0.0.0.0:0
2019-06-12 15:45:13,930 INFO  server.AuthenticationFilter (AuthenticationFilter.java:constructSecretProvider(240)) - Unable to initialize FileSignerSecretProvider, falling back to use random secrets.
2019-06-12 15:45:13,931 WARN  http.HttpRequestLog (HttpRequestLog.java:getRequestLog(97)) - Jetty request log can only be enabled using Log4j
2019-06-12 15:45:13,932 INFO  http.HttpServer2 (HttpServer2.java:addGlobalFilter(975)) - Added global filter 'safety' (class=org.apache.hadoop.http.HttpServer2$QuotingInputFilter)
2019-06-12 15:45:13,932 INFO  http.HttpServer2 (HttpServer2.java:addFilter(948)) - Added filter static_user_filter (class=org.apache.hadoop.http.lib.StaticUserWebFilter$StaticUserFilter) to context hddsDatanode
2019-06-12 15:45:13,932 INFO  http.HttpServer2 (HttpServer2.java:addFilter(958)) - Added filter static_user_filter (class=org.apache.hadoop.http.lib.StaticUserWebFilter$StaticUserFilter) to context logs
2019-06-12 15:45:13,932 INFO  http.HttpServer2 (HttpServer2.java:addFilter(958)) - Added filter static_user_filter (class=org.apache.hadoop.http.lib.StaticUserWebFilter$StaticUserFilter) to context static
2019-06-12 15:45:13,933 INFO  http.HttpServer2 (HttpServer2.java:bindListener(1191)) - Jetty bound to port 40201
2019-06-12 15:45:13,933 INFO  server.Server (Server.java:doStart(351)) - jetty-9.3.24.v20180605, build timestamp: 2018-06-05T17:11:56Z, git hash: 84205aa28f11a4f31f2a3b86d1bba2cc8ab69827
2019-06-12 15:45:13,934 INFO  handler.ContextHandler (ContextHandler.java:doStart(781)) - Started o.e.j.s.ServletContextHandler@4578d654{/logs,file:///opt/src/hadoop-ozone/integration-test/target/log,AVAILABLE}
2019-06-12 15:45:13,935 INFO  handler.ContextHandler (ContextHandler.java:doStart(781)) - Started o.e.j.s.ServletContextHandler@4c32aa7e{/static,jar:file:/root/.m2/repository/org/apache/hadoop/hadoop-hdds-container-service/0.5.0-SNAPSHOT/hadoop-hdds-container-service-0.5.0-SNAPSHOT.jar!/webapps/static,AVAILABLE}
2019-06-12 15:45:13,963 INFO  handler.ContextHandler (ContextHandler.java:doStart(781)) - Started o.e.j.w.WebAppContext@416bff93{/,file:///tmp/jetty-0.0.0.0-40201-hddsDatanode-_-any-8954199668477087078.dir/webapp/,AVAILABLE}{/hddsDatanode}
2019-06-12 15:45:13,963 INFO  server.AbstractConnector (AbstractConnector.java:doStart(278)) - Started ServerConnector@5ef03158{HTTP/1.1,[http/1.1]}{0.0.0.0:40201}
2019-06-12 15:45:13,964 INFO  server.Server (Server.java:doStart(419)) - Started @122024ms
2019-06-12 15:45:13,965 INFO  server.BaseHttpServer (BaseHttpServer.java:updateConnectorAddress(207)) - HTTP server of HDDSDATANODE is listening at http://0.0.0.0:40201
2019-06-12 15:45:14,039 INFO  ozone.HddsDatanodeService (HddsDatanodeService.java:startPlugins(396)) - Started plug-in org.apache.hadoop.ozone.web.OzoneHddsDatanodeService@5896899d
2019-06-12 15:45:14,040 INFO  impl.MetricsSystemImpl (MetricsSystemImpl.java:init(158)) - HddsDatanode metrics system started (again)
2019-06-12 15:45:14,040 INFO  ozone.HddsDatanodeService (HddsDatanodeService.java:start(185)) - HddsDatanodeService host:ozone-bzwcn-1332811729 ip:192.168.134.73
2019-06-12 15:45:14,042 INFO  util.JvmPauseMonitor (JvmPauseMonitor.java:run(188)) - Starting JVM pause monitor
2019-06-12 15:45:14,043 INFO  datanode.InitDatanodeState (InitDatanodeState.java:persistContainerDatanodeDetails(140)) - DatanodeDetails is persisted to /opt/src/hadoop-ozone/integration-test/target/test-dir/MiniOzoneClusterImpl-fa654d9d-23c1-4a13-8ee5-a7de691b994f/datanode-3/meta/datanode.id
2019-06-12 15:45:14,047 INFO  volume.HddsVolume (HddsVolume.java:<init>(176)) - Creating Volume: /opt/src/hadoop-ozone/integration-test/target/test-dir/MiniOzoneClusterImpl-fa654d9d-23c1-4a13-8ee5-a7de691b994f/datanode-4/data/containers/hdds of  storage type : DISK and capacity : 104021790720
2019-06-12 15:45:14,047 INFO  volume.VolumeSet (VolumeSet.java:initializeVolumeSet(170)) - Added Volume : /opt/src/hadoop-ozone/integration-test/target/test-dir/MiniOzoneClusterImpl-fa654d9d-23c1-4a13-8ee5-a7de691b994f/datanode-4/data/containers/hdds to VolumeSet
2019-06-12 15:45:14,048 INFO  volume.ThrottledAsyncChecker (ThrottledAsyncChecker.java:schedule(140)) - Scheduling a check for org.apache.hadoop.ozone.container.common.volume.HddsVolume@5339cdc6
2019-06-12 15:45:14,048 INFO  volume.HddsVolumeChecker (HddsVolumeChecker.java:checkAllVolumes(203)) - Scheduled health check for volume org.apache.hadoop.ozone.container.common.volume.HddsVolume@5339cdc6
2019-06-12 15:45:14,059 INFO  ratis.XceiverServerRatis (XceiverServerRatis.java:newXceiverServerRatis(401)) - Found a free port for the server : 43373
2019-06-12 15:45:14,060 INFO  impl.RaftServerProxy (ConfUtils.java:logGet(43)) - raft.rpc.type = GRPC (default)
2019-06-12 15:45:14,060 INFO  grpc.GrpcConfigKeys$Server (ConfUtils.java:logGet(43)) - raft.grpc.server.port = 43373 (custom)
2019-06-12 15:45:14,060 INFO  server.GrpcService (ConfUtils.java:logGet(43)) - raft.grpc.message.size.max = 33570816 (custom)
2019-06-12 15:45:14,060 INFO  server.RaftServerConfigKeys (ConfUtils.java:logGet(43)) - raft.server.log.appender.buffer.byte-limit = 33554432 (custom)
2019-06-12 15:45:14,060 INFO  server.GrpcService (ConfUtils.java:logGet(43)) - raft.grpc.flow.control.window = 1MB (=1048576) (default)
2019-06-12 15:45:14,060 INFO  server.RaftServerConfigKeys (ConfUtils.java:logGet(43)) - raft.server.rpc.request.timeout = 3000ms (default)
2019-06-12 15:45:14,061 INFO  server.RaftServerConfigKeys (ConfUtils.java:logGet(43)) - raft.server.storage.dir = [/opt/src/hadoop-ozone/integration-test/target/test-dir/MiniOzoneClusterImpl-fa654d9d-23c1-4a13-8ee5-a7de691b994f/datanode-4/data/ratis] (custom)
2019-06-12 15:45:14,061 INFO  server.XceiverServerGrpc (XceiverServerGrpc.java:<init>(97)) - Found a free port for the server : 40029
2019-06-12 15:45:14,061 INFO  replication.SimpleContainerDownloader (SimpleContainerDownloader.java:<init>(72)) - Starting container downloader service to copy containers to replicate.
2019-06-12 15:45:14,062 INFO  hdfs.DFSUtil (DFSUtil.java:httpServerTemplateForNNAndJN(1641)) - Starting Web-server for hddsDatanode at: http://0.0.0.0:0
2019-06-12 15:45:14,062 INFO  server.AuthenticationFilter (AuthenticationFilter.java:constructSecretProvider(240)) - Unable to initialize FileSignerSecretProvider, falling back to use random secrets.
2019-06-12 15:45:14,063 WARN  http.HttpRequestLog (HttpRequestLog.java:getRequestLog(97)) - Jetty request log can only be enabled using Log4j
2019-06-12 15:45:14,063 INFO  http.HttpServer2 (HttpServer2.java:addGlobalFilter(975)) - Added global filter 'safety' (class=org.apache.hadoop.http.HttpServer2$QuotingInputFilter)
2019-06-12 15:45:14,064 INFO  http.HttpServer2 (HttpServer2.java:addFilter(948)) - Added filter static_user_filter (class=org.apache.hadoop.http.lib.StaticUserWebFilter$StaticUserFilter) to context hddsDatanode
2019-06-12 15:45:14,064 INFO  http.HttpServer2 (HttpServer2.java:addFilter(958)) - Added filter static_user_filter (class=org.apache.hadoop.http.lib.StaticUserWebFilter$StaticUserFilter) to context logs
2019-06-12 15:45:14,064 INFO  http.HttpServer2 (HttpServer2.java:addFilter(958)) - Added filter static_user_filter (class=org.apache.hadoop.http.lib.StaticUserWebFilter$StaticUserFilter) to context static
2019-06-12 15:45:14,064 INFO  http.HttpServer2 (HttpServer2.java:bindListener(1191)) - Jetty bound to port 34319
2019-06-12 15:45:14,064 INFO  server.Server (Server.java:doStart(351)) - jetty-9.3.24.v20180605, build timestamp: 2018-06-05T17:11:56Z, git hash: 84205aa28f11a4f31f2a3b86d1bba2cc8ab69827
2019-06-12 15:45:14,065 INFO  handler.ContextHandler (ContextHandler.java:doStart(781)) - Started o.e.j.s.ServletContextHandler@56d189d0{/logs,file:///opt/src/hadoop-ozone/integration-test/target/log,AVAILABLE}
2019-06-12 15:45:14,066 INFO  handler.ContextHandler (ContextHandler.java:doStart(781)) - Started o.e.j.s.ServletContextHandler@7d776105{/static,jar:file:/root/.m2/repository/org/apache/hadoop/hadoop-hdds-container-service/0.5.0-SNAPSHOT/hadoop-hdds-container-service-0.5.0-SNAPSHOT.jar!/webapps/static,AVAILABLE}
2019-06-12 15:45:14,093 INFO  handler.ContextHandler (ContextHandler.java:doStart(781)) - Started o.e.j.w.WebAppContext@301434fb{/,file:///tmp/jetty-0.0.0.0-34319-hddsDatanode-_-any-1420564204430500175.dir/webapp/,AVAILABLE}{/hddsDatanode}
2019-06-12 15:45:14,093 INFO  server.AbstractConnector (AbstractConnector.java:doStart(278)) - Started ServerConnector@1641dfb3{HTTP/1.1,[http/1.1]}{0.0.0.0:34319}
2019-06-12 15:45:14,094 INFO  server.Server (Server.java:doStart(419)) - Started @122153ms
2019-06-12 15:45:14,095 INFO  server.BaseHttpServer (BaseHttpServer.java:updateConnectorAddress(207)) - HTTP server of HDDSDATANODE is listening at http://0.0.0.0:34319
2019-06-12 15:45:14,183 INFO  ozone.HddsDatanodeService (HddsDatanodeService.java:startPlugins(396)) - Started plug-in org.apache.hadoop.ozone.web.OzoneHddsDatanodeService@24032706
2019-06-12 15:45:14,184 INFO  impl.MetricsSystemImpl (MetricsSystemImpl.java:init(158)) - HddsDatanode metrics system started (again)
2019-06-12 15:45:14,184 INFO  ozone.HddsDatanodeService (HddsDatanodeService.java:start(185)) - HddsDatanodeService host:ozone-bzwcn-1332811729 ip:192.168.134.73
2019-06-12 15:45:14,190 INFO  util.JvmPauseMonitor (JvmPauseMonitor.java:run(188)) - Starting JVM pause monitor
2019-06-12 15:45:14,191 INFO  volume.HddsVolume (HddsVolume.java:<init>(176)) - Creating Volume: /opt/src/hadoop-ozone/integration-test/target/test-dir/MiniOzoneClusterImpl-fa654d9d-23c1-4a13-8ee5-a7de691b994f/datanode-5/data/containers/hdds of  storage type : DISK and capacity : 104021790720
2019-06-12 15:45:14,191 INFO  volume.VolumeSet (VolumeSet.java:initializeVolumeSet(170)) - Added Volume : /opt/src/hadoop-ozone/integration-test/target/test-dir/MiniOzoneClusterImpl-fa654d9d-23c1-4a13-8ee5-a7de691b994f/datanode-5/data/containers/hdds to VolumeSet
2019-06-12 15:45:14,192 INFO  volume.ThrottledAsyncChecker (ThrottledAsyncChecker.java:schedule(140)) - Scheduling a check for org.apache.hadoop.ozone.container.common.volume.HddsVolume@609f136b
2019-06-12 15:45:14,192 INFO  volume.HddsVolumeChecker (HddsVolumeChecker.java:checkAllVolumes(203)) - Scheduled health check for volume org.apache.hadoop.ozone.container.common.volume.HddsVolume@609f136b
2019-06-12 15:45:14,193 INFO  datanode.InitDatanodeState (InitDatanodeState.java:persistContainerDatanodeDetails(140)) - DatanodeDetails is persisted to /opt/src/hadoop-ozone/integration-test/target/test-dir/MiniOzoneClusterImpl-fa654d9d-23c1-4a13-8ee5-a7de691b994f/datanode-4/meta/datanode.id
2019-06-12 15:45:14,200 INFO  ratis.XceiverServerRatis (XceiverServerRatis.java:newXceiverServerRatis(401)) - Found a free port for the server : 33883
2019-06-12 15:45:14,201 INFO  impl.RaftServerProxy (ConfUtils.java:logGet(43)) - raft.rpc.type = GRPC (default)
2019-06-12 15:45:14,201 INFO  grpc.GrpcConfigKeys$Server (ConfUtils.java:logGet(43)) - raft.grpc.server.port = 33883 (custom)
2019-06-12 15:45:14,201 INFO  server.GrpcService (ConfUtils.java:logGet(43)) - raft.grpc.message.size.max = 33570816 (custom)
2019-06-12 15:45:14,201 INFO  server.RaftServerConfigKeys (ConfUtils.java:logGet(43)) - raft.server.log.appender.buffer.byte-limit = 33554432 (custom)
2019-06-12 15:45:14,202 INFO  server.GrpcService (ConfUtils.java:logGet(43)) - raft.grpc.flow.control.window = 1MB (=1048576) (default)
2019-06-12 15:45:14,202 INFO  server.RaftServerConfigKeys (ConfUtils.java:logGet(43)) - raft.server.rpc.request.timeout = 3000ms (default)
2019-06-12 15:45:14,202 INFO  server.RaftServerConfigKeys (ConfUtils.java:logGet(43)) - raft.server.storage.dir = [/opt/src/hadoop-ozone/integration-test/target/test-dir/MiniOzoneClusterImpl-fa654d9d-23c1-4a13-8ee5-a7de691b994f/datanode-5/data/ratis] (custom)
2019-06-12 15:45:14,203 INFO  server.XceiverServerGrpc (XceiverServerGrpc.java:<init>(97)) - Found a free port for the server : 44719
2019-06-12 15:45:14,203 INFO  replication.SimpleContainerDownloader (SimpleContainerDownloader.java:<init>(72)) - Starting container downloader service to copy containers to replicate.
2019-06-12 15:45:14,204 INFO  hdfs.DFSUtil (DFSUtil.java:httpServerTemplateForNNAndJN(1641)) - Starting Web-server for hddsDatanode at: http://0.0.0.0:0
2019-06-12 15:45:14,205 INFO  server.AuthenticationFilter (AuthenticationFilter.java:constructSecretProvider(240)) - Unable to initialize FileSignerSecretProvider, falling back to use random secrets.
2019-06-12 15:45:14,205 WARN  http.HttpRequestLog (HttpRequestLog.java:getRequestLog(97)) - Jetty request log can only be enabled using Log4j
2019-06-12 15:45:14,206 INFO  http.HttpServer2 (HttpServer2.java:addGlobalFilter(975)) - Added global filter 'safety' (class=org.apache.hadoop.http.HttpServer2$QuotingInputFilter)
2019-06-12 15:45:14,206 INFO  http.HttpServer2 (HttpServer2.java:addFilter(948)) - Added filter static_user_filter (class=org.apache.hadoop.http.lib.StaticUserWebFilter$StaticUserFilter) to context hddsDatanode
2019-06-12 15:45:14,206 INFO  http.HttpServer2 (HttpServer2.java:addFilter(958)) - Added filter static_user_filter (class=org.apache.hadoop.http.lib.StaticUserWebFilter$StaticUserFilter) to context logs
2019-06-12 15:45:14,207 INFO  http.HttpServer2 (HttpServer2.java:addFilter(958)) - Added filter static_user_filter (class=org.apache.hadoop.http.lib.StaticUserWebFilter$StaticUserFilter) to context static
2019-06-12 15:45:14,207 INFO  http.HttpServer2 (HttpServer2.java:bindListener(1191)) - Jetty bound to port 46261
2019-06-12 15:45:14,207 INFO  server.Server (Server.java:doStart(351)) - jetty-9.3.24.v20180605, build timestamp: 2018-06-05T17:11:56Z, git hash: 84205aa28f11a4f31f2a3b86d1bba2cc8ab69827
2019-06-12 15:45:14,208 INFO  handler.ContextHandler (ContextHandler.java:doStart(781)) - Started o.e.j.s.ServletContextHandler@3533b614{/logs,file:///opt/src/hadoop-ozone/integration-test/target/log,AVAILABLE}
2019-06-12 15:45:14,209 INFO  handler.ContextHandler (ContextHandler.java:doStart(781)) - Started o.e.j.s.ServletContextHandler@4fec93d0{/static,jar:file:/root/.m2/repository/org/apache/hadoop/hadoop-hdds-container-service/0.5.0-SNAPSHOT/hadoop-hdds-container-service-0.5.0-SNAPSHOT.jar!/webapps/static,AVAILABLE}
2019-06-12 15:45:14,235 INFO  handler.ContextHandler (ContextHandler.java:doStart(781)) - Started o.e.j.w.WebAppContext@26fee641{/,file:///tmp/jetty-0.0.0.0-46261-hddsDatanode-_-any-2249815954683695235.dir/webapp/,AVAILABLE}{/hddsDatanode}
2019-06-12 15:45:14,236 INFO  server.AbstractConnector (AbstractConnector.java:doStart(278)) - Started ServerConnector@32fb4a87{HTTP/1.1,[http/1.1]}{0.0.0.0:46261}
2019-06-12 15:45:14,236 INFO  server.Server (Server.java:doStart(419)) - Started @122295ms
2019-06-12 15:45:14,236 INFO  server.BaseHttpServer (BaseHttpServer.java:updateConnectorAddress(207)) - HTTP server of HDDSDATANODE is listening at http://0.0.0.0:46261
2019-06-12 15:45:14,332 INFO  ozone.HddsDatanodeService (HddsDatanodeService.java:startPlugins(396)) - Started plug-in org.apache.hadoop.ozone.web.OzoneHddsDatanodeService@63fe055
2019-06-12 15:45:14,333 INFO  ozone.MiniOzoneClusterImpl (MiniOzoneClusterImpl.java:lambda$waitForClusterToBeReady$0(142)) - Waiting for cluster to be ready. Got 0 of 6 DN Heartbeats.
2019-06-12 15:45:14,334 INFO  util.JvmPauseMonitor (JvmPauseMonitor.java:run(188)) - Starting JVM pause monitor
2019-06-12 15:45:14,335 INFO  datanode.InitDatanodeState (InitDatanodeState.java:persistContainerDatanodeDetails(140)) - DatanodeDetails is persisted to /opt/src/hadoop-ozone/integration-test/target/test-dir/MiniOzoneClusterImpl-fa654d9d-23c1-4a13-8ee5-a7de691b994f/datanode-5/meta/datanode.id
2019-06-12 15:45:15,333 INFO  ozone.MiniOzoneClusterImpl (MiniOzoneClusterImpl.java:lambda$waitForClusterToBeReady$0(142)) - Waiting for cluster to be ready. Got 0 of 6 DN Heartbeats.
2019-06-12 15:45:15,620 INFO  ozoneimpl.OzoneContainer (OzoneContainer.java:start(186)) - Attempting to start container services.
2019-06-12 15:45:15,620 INFO  ozoneimpl.OzoneContainer (OzoneContainer.java:startContainerScrub(160)) - Background container scrubber has been disabled by hdds.containerscrub.enabled
2019-06-12 15:45:15,620 INFO  ratis.XceiverServerRatis (XceiverServerRatis.java:start(418)) - Starting XceiverServerRatis dab0d7a9-0f40-40f5-b58a-3395b18fe462 at port 42459
2019-06-12 15:45:15,625 INFO  impl.RaftServerProxy (RaftServerProxy.java:lambda$start$3(299)) - dab0d7a9-0f40-40f5-b58a-3395b18fe462: start RPC server
2019-06-12 15:45:15,625 INFO  server.GrpcService (GrpcService.java:startImpl(148)) - dab0d7a9-0f40-40f5-b58a-3395b18fe462: GrpcService started, listening on 0.0.0.0/0.0.0.0:42459
2019-06-12 15:45:15,786 INFO  ozoneimpl.OzoneContainer (OzoneContainer.java:start(186)) - Attempting to start container services.
2019-06-12 15:45:15,786 INFO  ozoneimpl.OzoneContainer (OzoneContainer.java:startContainerScrub(160)) - Background container scrubber has been disabled by hdds.containerscrub.enabled
2019-06-12 15:45:15,786 INFO  ratis.XceiverServerRatis (XceiverServerRatis.java:start(418)) - Starting XceiverServerRatis 47205cd5-9d4d-420e-8292-fb3a06f2c406 at port 41935
2019-06-12 15:45:15,790 INFO  impl.RaftServerProxy (RaftServerProxy.java:lambda$start$3(299)) - 47205cd5-9d4d-420e-8292-fb3a06f2c406: start RPC server
2019-06-12 15:45:15,790 INFO  server.GrpcService (GrpcService.java:startImpl(148)) - 47205cd5-9d4d-420e-8292-fb3a06f2c406: GrpcService started, listening on 0.0.0.0/0.0.0.0:41935
2019-06-12 15:45:15,913 INFO  ozoneimpl.OzoneContainer (OzoneContainer.java:start(186)) - Attempting to start container services.
2019-06-12 15:45:15,913 INFO  ozoneimpl.OzoneContainer (OzoneContainer.java:startContainerScrub(160)) - Background container scrubber has been disabled by hdds.containerscrub.enabled
2019-06-12 15:45:15,913 INFO  ratis.XceiverServerRatis (XceiverServerRatis.java:start(418)) - Starting XceiverServerRatis 70f49eaa-db79-4366-b826-b03c57db84ba at port 41583
2019-06-12 15:45:15,916 INFO  impl.RaftServerProxy (RaftServerProxy.java:lambda$start$3(299)) - 70f49eaa-db79-4366-b826-b03c57db84ba: start RPC server
2019-06-12 15:45:15,916 INFO  server.GrpcService (GrpcService.java:startImpl(148)) - 70f49eaa-db79-4366-b826-b03c57db84ba: GrpcService started, listening on 0.0.0.0/0.0.0.0:41583
2019-06-12 15:45:15,993 WARN  events.EventQueue (EventQueue.java:fireEvent(147)) - Processing of TypedEvent{payloadType=DatanodeDetails, name='Stale_Node'} is skipped, EventQueue is not running
2019-06-12 15:45:15,993 WARN  events.EventQueue (EventQueue.java:fireEvent(147)) - Processing of TypedEvent{payloadType=DatanodeDetails, name='Stale_Node'} is skipped, EventQueue is not running
2019-06-12 15:45:15,993 WARN  events.EventQueue (EventQueue.java:fireEvent(147)) - Processing of TypedEvent{payloadType=DatanodeDetails, name='Stale_Node'} is skipped, EventQueue is not running
2019-06-12 15:45:15,993 WARN  events.EventQueue (EventQueue.java:fireEvent(147)) - Processing of TypedEvent{payloadType=DatanodeDetails, name='Stale_Node'} is skipped, EventQueue is not running
2019-06-12 15:45:16,045 INFO  ozoneimpl.OzoneContainer (OzoneContainer.java:start(186)) - Attempting to start container services.
2019-06-12 15:45:16,045 INFO  ozoneimpl.OzoneContainer (OzoneContainer.java:startContainerScrub(160)) - Background container scrubber has been disabled by hdds.containerscrub.enabled
2019-06-12 15:45:16,045 INFO  ratis.XceiverServerRatis (XceiverServerRatis.java:start(418)) - Starting XceiverServerRatis 879130b2-e12f-42c5-9017-cf785840f03d at port 33685
2019-06-12 15:45:16,048 INFO  impl.RaftServerProxy (RaftServerProxy.java:lambda$start$3(299)) - 879130b2-e12f-42c5-9017-cf785840f03d: start RPC server
2019-06-12 15:45:16,049 INFO  server.GrpcService (GrpcService.java:startImpl(148)) - 879130b2-e12f-42c5-9017-cf785840f03d: GrpcService started, listening on 0.0.0.0/0.0.0.0:33685
2019-06-12 15:45:16,193 INFO  ozoneimpl.OzoneContainer (OzoneContainer.java:start(186)) - Attempting to start container services.
2019-06-12 15:45:16,193 INFO  ozoneimpl.OzoneContainer (OzoneContainer.java:startContainerScrub(160)) - Background container scrubber has been disabled by hdds.containerscrub.enabled
2019-06-12 15:45:16,193 INFO  ratis.XceiverServerRatis (XceiverServerRatis.java:start(418)) - Starting XceiverServerRatis 15f5cd64-0a6e-476f-9483-dce4cbccf509 at port 43373
2019-06-12 15:45:16,196 INFO  impl.RaftServerProxy (RaftServerProxy.java:lambda$start$3(299)) - 15f5cd64-0a6e-476f-9483-dce4cbccf509: start RPC server
2019-06-12 15:45:16,197 INFO  server.GrpcService (GrpcService.java:startImpl(148)) - 15f5cd64-0a6e-476f-9483-dce4cbccf509: GrpcService started, listening on 0.0.0.0/0.0.0.0:43373
2019-06-12 15:45:16,333 INFO  ozone.MiniOzoneClusterImpl (MiniOzoneClusterImpl.java:lambda$waitForClusterToBeReady$0(142)) - Waiting for cluster to be ready. Got 0 of 6 DN Heartbeats.
2019-06-12 15:45:16,336 INFO  ozoneimpl.OzoneContainer (OzoneContainer.java:start(186)) - Attempting to start container services.
2019-06-12 15:45:16,337 INFO  ozoneimpl.OzoneContainer (OzoneContainer.java:startContainerScrub(160)) - Background container scrubber has been disabled by hdds.containerscrub.enabled
2019-06-12 15:45:16,337 INFO  ratis.XceiverServerRatis (XceiverServerRatis.java:start(418)) - Starting XceiverServerRatis 60a3fe11-3501-468a-b464-e78b638e7b04 at port 33883
2019-06-12 15:45:16,340 INFO  impl.RaftServerProxy (RaftServerProxy.java:lambda$start$3(299)) - 60a3fe11-3501-468a-b464-e78b638e7b04: start RPC server
2019-06-12 15:45:16,340 INFO  server.GrpcService (GrpcService.java:startImpl(148)) - 60a3fe11-3501-468a-b464-e78b638e7b04: GrpcService started, listening on 0.0.0.0/0.0.0.0:33883
2019-06-12 15:45:17,334 INFO  ozone.MiniOzoneClusterImpl (MiniOzoneClusterImpl.java:lambda$waitForClusterToBeReady$0(142)) - Waiting for cluster to be ready. Got 0 of 6 DN Heartbeats.
2019-06-12 15:45:17,617 INFO  node.SCMNodeManager (SCMNodeManager.java:register(234)) - Registered Data node : dab0d7a9-0f40-40f5-b58a-3395b18fe462{ip: 192.168.134.73, host: ozone-bzwcn-1332811729, networkLocation: /default-rack, certSerialId: null}
2019-06-12 15:45:17,619 INFO  safemode.SCMSafeModeManager (DataNodeSafeModeRule.java:process(71)) - SCM in safe mode. 1 DataNodes registered, 1 required.
2019-06-12 15:45:17,620 INFO  safemode.SCMSafeModeManager (SCMSafeModeManager.java:validateSafeModeExitRules(177)) - ScmSafeModeManager, all rules are successfully validated
2019-06-12 15:45:17,620 INFO  safemode.SCMSafeModeManager (SCMSafeModeManager.java:exitSafeMode(193)) - SCM exiting safe mode.
2019-06-12 15:45:17,627 INFO  impl.RaftServerProxy (RaftServerProxy.java:addNew(89)) - dab0d7a9-0f40-40f5-b58a-3395b18fe462: addNew group-07F6EF45C38B:[dab0d7a9-0f40-40f5-b58a-3395b18fe462:192.168.134.73:42459] returns group-07F6EF45C38B:java.util.concurrent.CompletableFuture@1f0ba7d7[Not completed]
2019-06-12 15:45:17,628 INFO  impl.RaftServerImpl (RaftServerImpl.java:<init>(91)) - dab0d7a9-0f40-40f5-b58a-3395b18fe462: new RaftServerImpl for group-07F6EF45C38B:[dab0d7a9-0f40-40f5-b58a-3395b18fe462:192.168.134.73:42459] with ContainerStateMachine:uninitialized
2019-06-12 15:45:17,628 INFO  server.RaftServerConfigKeys (ConfUtils.java:logGet(43)) - raft.server.rpc.timeout.min = 1s (custom)
2019-06-12 15:45:17,628 INFO  server.RaftServerConfigKeys (ConfUtils.java:logGet(43)) - raft.server.rpc.timeout.max = 1200ms (custom)
2019-06-12 15:45:17,628 INFO  server.RaftServerConfigKeys (ConfUtils.java:logGet(43)) - raft.server.rpcslowness.timeout = 120s (custom)
2019-06-12 15:45:17,628 INFO  server.RaftServerConfigKeys (ConfUtils.java:logGet(43)) - raft.server.log.appender.install.snapshot.enabled = true (default)
2019-06-12 15:45:17,628 INFO  impl.RaftServerImpl (ServerState.java:<init>(101)) - dab0d7a9-0f40-40f5-b58a-3395b18fe462:group-07F6EF45C38B ConfigurationManager, init=-1: [dab0d7a9-0f40-40f5-b58a-3395b18fe462:192.168.134.73:42459], old=null, confs=<EMPTY_MAP>
2019-06-12 15:45:17,628 INFO  server.RaftServerConfigKeys (ConfUtils.java:logGet(43)) - raft.server.storage.dir = [/opt/src/hadoop-ozone/integration-test/target/test-dir/MiniOzoneClusterImpl-fa654d9d-23c1-4a13-8ee5-a7de691b994f/datanode-0/data/ratis] (custom)
2019-06-12 15:45:17,629 INFO  storage.RaftStorageDirectory (RaftStorageDirectory.java:analyzeStorage(246)) - The storage directory /opt/src/hadoop-ozone/integration-test/target/test-dir/MiniOzoneClusterImpl-fa654d9d-23c1-4a13-8ee5-a7de691b994f/datanode-0/data/ratis/0af31704-bafa-48d4-b4ce-07f6ef45c38b does not exist. Creating ...
2019-06-12 15:45:17,631 INFO  storage.RaftStorageDirectory (RaftStorageDirectory.java:tryLock(328)) - Lock on /opt/src/hadoop-ozone/integration-test/target/test-dir/MiniOzoneClusterImpl-fa654d9d-23c1-4a13-8ee5-a7de691b994f/datanode-0/data/ratis/0af31704-bafa-48d4-b4ce-07f6ef45c38b/in_use.lock acquired by nodename 14645@ozone-bzwcn-1332811729
2019-06-12 15:45:17,633 INFO  storage.RaftStorage (RaftStorage.java:format(75)) - Storage directory /opt/src/hadoop-ozone/integration-test/target/test-dir/MiniOzoneClusterImpl-fa654d9d-23c1-4a13-8ee5-a7de691b994f/datanode-0/data/ratis/0af31704-bafa-48d4-b4ce-07f6ef45c38b has been successfully formatted.
2019-06-12 15:45:17,633 INFO  ratis.ContainerStateMachine (ContainerStateMachine.java:loadSnapshot(199)) - The snapshot info is null.Setting the last applied index to:(t:0, i:~)
2019-06-12 15:45:17,633 INFO  server.RaftServerConfigKeys (ConfUtils.java:logGet(43)) - raft.server.leader.election.timeout = 120s (custom)
2019-06-12 15:45:17,633 INFO  server.RaftServerConfigKeys (ConfUtils.java:logGet(43)) - raft.server.log.use.memory = false (default)
2019-06-12 15:45:17,633 INFO  server.RaftServerConfigKeys (ConfUtils.java:logGet(43)) - raft.server.log.appender.buffer.byte-limit = 33554432 (custom)
2019-06-12 15:45:17,633 INFO  server.RaftServerConfigKeys (ConfUtils.java:logGet(43)) - raft.server.log.segment.size.max = 16384 (custom)
2019-06-12 15:45:17,633 INFO  server.RaftServerConfigKeys (ConfUtils.java:logGet(43)) - raft.server.log.segment.cache.num.max = 2 (custom)
2019-06-12 15:45:17,633 INFO  storage.RaftLogWorker (RaftLogWorker.java:<init>(123)) - new dab0d7a9-0f40-40f5-b58a-3395b18fe462-RaftLogWorker for Storage Directory /opt/src/hadoop-ozone/integration-test/target/test-dir/MiniOzoneClusterImpl-fa654d9d-23c1-4a13-8ee5-a7de691b994f/datanode-0/data/ratis/0af31704-bafa-48d4-b4ce-07f6ef45c38b
2019-06-12 15:45:17,633 INFO  server.RaftServerConfigKeys (ConfUtils.java:logGet(43)) - raft.server.log.queue.byte-limit = 2147483647 (custom)
2019-06-12 15:45:17,633 INFO  server.RaftServerConfigKeys (ConfUtils.java:logGet(43)) - raft.server.log.queue.element-limit = 1024 (custom)
2019-06-12 15:45:17,633 INFO  server.RaftServerConfigKeys (ConfUtils.java:logGet(43)) - raft.server.log.segment.size.max = 16384 (custom)
2019-06-12 15:45:17,633 INFO  server.RaftServerConfigKeys (ConfUtils.java:logGet(43)) - raft.server.log.preallocated.size = 16384 (custom)
2019-06-12 15:45:17,633 INFO  server.RaftServerConfigKeys (ConfUtils.java:logGet(43)) - raft.server.log.write.buffer.size = 33554432 (custom)
2019-06-12 15:45:17,633 INFO  server.RaftServerConfigKeys (ConfUtils.java:logGet(43)) - raft.server.log.force.sync.num = 128 (default)
2019-06-12 15:45:17,634 INFO  server.RaftServerConfigKeys (ConfUtils.java:logGet(43)) - raft.server.log.statemachine.data.sync = true (default)
2019-06-12 15:45:17,634 INFO  server.RaftServerConfigKeys (ConfUtils.java:logGet(43)) - raft.server.log.statemachine.data.sync.timeout = 10s (default)
2019-06-12 15:45:17,634 INFO  server.RaftServerConfigKeys (ConfUtils.java:logGet(43)) - raft.server.log.statemachine.data.sync.timeout.retry = -1 (default)
2019-06-12 15:45:17,634 INFO  server.RaftServerConfigKeys (ConfUtils.java:logGet(43)) - raft.server.log.statemachine.data.caching.enabled = true (custom)
2019-06-12 15:45:17,634 INFO  server.RaftServerConfigKeys (ConfUtils.java:logGet(43)) - raft.server.snapshot.auto.trigger.enabled = true (custom)
2019-06-12 15:45:17,634 INFO  server.RaftServerConfigKeys (ConfUtils.java:logGet(43)) - raft.server.snapshot.auto.trigger.threshold = 10000 (custom)
2019-06-12 15:45:17,634 INFO  server.RaftServerConfigKeys (ConfUtils.java:logGet(43)) - raft.server.retrycache.expirytime = 600000ms (custom)
2019-06-12 15:45:17,634 INFO  impl.RaftServerImpl (RaftServerImpl.java:start(173)) - dab0d7a9-0f40-40f5-b58a-3395b18fe462: start group-07F6EF45C38B
2019-06-12 15:45:17,634 INFO  impl.RaftServerImpl (RaftServerImpl.java:setRole(164)) - dab0d7a9-0f40-40f5-b58a-3395b18fe462:group-07F6EF45C38B changes role from null to FOLLOWER at term 0 for startAsFollower
2019-06-12 15:45:17,634 INFO  impl.RoleInfo (RoleInfo.java:updateAndGet(143)) - dab0d7a9-0f40-40f5-b58a-3395b18fe462: start FollowerState
2019-06-12 15:45:17,635 INFO  util.JmxRegister (JmxRegister.java:tryRegister(44)) - Successfully registered JMX Bean with object name Ratis:service=RaftServer,group=group-07F6EF45C38B,id=dab0d7a9-0f40-40f5-b58a-3395b18fe462
2019-06-12 15:45:17,636 INFO  pipeline.PipelineStateManager (PipelineStateManager.java:addPipeline(56)) - Created pipeline Pipeline[ Id: 0af31704-bafa-48d4-b4ce-07f6ef45c38b, Nodes: dab0d7a9-0f40-40f5-b58a-3395b18fe462{ip: 192.168.134.73, host: ozone-bzwcn-1332811729, networkLocation: /default-rack, certSerialId: null}, Type:RATIS, Factor:ONE, State:OPEN]
2019-06-12 15:45:17,784 INFO  node.SCMNodeManager (SCMNodeManager.java:register(234)) - Registered Data node : 47205cd5-9d4d-420e-8292-fb3a06f2c406{ip: 192.168.134.73, host: ozone-bzwcn-1332811729, networkLocation: /default-rack, certSerialId: null}
2019-06-12 15:45:17,789 INFO  impl.RaftServerProxy (RaftServerProxy.java:addNew(89)) - 47205cd5-9d4d-420e-8292-fb3a06f2c406: addNew group-8A1BDF12DDB3:[47205cd5-9d4d-420e-8292-fb3a06f2c406:192.168.134.73:41935] returns group-8A1BDF12DDB3:java.util.concurrent.CompletableFuture@4cef54f0[Not completed]
2019-06-12 15:45:17,789 INFO  impl.RaftServerImpl (RaftServerImpl.java:<init>(91)) - 47205cd5-9d4d-420e-8292-fb3a06f2c406: new RaftServerImpl for group-8A1BDF12DDB3:[47205cd5-9d4d-420e-8292-fb3a06f2c406:192.168.134.73:41935] with ContainerStateMachine:uninitialized
2019-06-12 15:45:17,790 INFO  server.RaftServerConfigKeys (ConfUtils.java:logGet(43)) - raft.server.rpc.timeout.min = 1s (custom)
2019-06-12 15:45:17,790 INFO  server.RaftServerConfigKeys (ConfUtils.java:logGet(43)) - raft.server.rpc.timeout.max = 1200ms (custom)
2019-06-12 15:45:17,790 INFO  server.RaftServerConfigKeys (ConfUtils.java:logGet(43)) - raft.server.rpcslowness.timeout = 120s (custom)
2019-06-12 15:45:17,790 INFO  server.RaftServerConfigKeys (ConfUtils.java:logGet(43)) - raft.server.log.appender.install.snapshot.enabled = true (default)
2019-06-12 15:45:17,790 INFO  impl.RaftServerImpl (ServerState.java:<init>(101)) - 47205cd5-9d4d-420e-8292-fb3a06f2c406:group-8A1BDF12DDB3 ConfigurationManager, init=-1: [47205cd5-9d4d-420e-8292-fb3a06f2c406:192.168.134.73:41935], old=null, confs=<EMPTY_MAP>
2019-06-12 15:45:17,790 INFO  server.RaftServerConfigKeys (ConfUtils.java:logGet(43)) - raft.server.storage.dir = [/opt/src/hadoop-ozone/integration-test/target/test-dir/MiniOzoneClusterImpl-fa654d9d-23c1-4a13-8ee5-a7de691b994f/datanode-1/data/ratis] (custom)
2019-06-12 15:45:17,790 INFO  storage.RaftStorageDirectory (RaftStorageDirectory.java:analyzeStorage(246)) - The storage directory /opt/src/hadoop-ozone/integration-test/target/test-dir/MiniOzoneClusterImpl-fa654d9d-23c1-4a13-8ee5-a7de691b994f/datanode-1/data/ratis/7e7e7f81-ea24-444c-9e75-8a1bdf12ddb3 does not exist. Creating ...
2019-06-12 15:45:17,792 INFO  storage.RaftStorageDirectory (RaftStorageDirectory.java:tryLock(328)) - Lock on /opt/src/hadoop-ozone/integration-test/target/test-dir/MiniOzoneClusterImpl-fa654d9d-23c1-4a13-8ee5-a7de691b994f/datanode-1/data/ratis/7e7e7f81-ea24-444c-9e75-8a1bdf12ddb3/in_use.lock acquired by nodename 14645@ozone-bzwcn-1332811729
2019-06-12 15:45:17,794 INFO  storage.RaftStorage (RaftStorage.java:format(75)) - Storage directory /opt/src/hadoop-ozone/integration-test/target/test-dir/MiniOzoneClusterImpl-fa654d9d-23c1-4a13-8ee5-a7de691b994f/datanode-1/data/ratis/7e7e7f81-ea24-444c-9e75-8a1bdf12ddb3 has been successfully formatted.
2019-06-12 15:45:17,794 INFO  ratis.ContainerStateMachine (ContainerStateMachine.java:loadSnapshot(199)) - The snapshot info is null.Setting the last applied index to:(t:0, i:~)
2019-06-12 15:45:17,794 INFO  server.RaftServerConfigKeys (ConfUtils.java:logGet(43)) - raft.server.leader.election.timeout = 120s (custom)
2019-06-12 15:45:17,794 INFO  server.RaftServerConfigKeys (ConfUtils.java:logGet(43)) - raft.server.log.use.memory = false (default)
2019-06-12 15:45:17,794 INFO  server.RaftServerConfigKeys (ConfUtils.java:logGet(43)) - raft.server.log.appender.buffer.byte-limit = 33554432 (custom)
2019-06-12 15:45:17,794 INFO  server.RaftServerConfigKeys (ConfUtils.java:logGet(43)) - raft.server.log.segment.size.max = 16384 (custom)
2019-06-12 15:45:17,794 INFO  server.RaftServerConfigKeys (ConfUtils.java:logGet(43)) - raft.server.log.segment.cache.num.max = 2 (custom)
2019-06-12 15:45:17,794 INFO  storage.RaftLogWorker (RaftLogWorker.java:<init>(123)) - new 47205cd5-9d4d-420e-8292-fb3a06f2c406-RaftLogWorker for Storage Directory /opt/src/hadoop-ozone/integration-test/target/test-dir/MiniOzoneClusterImpl-fa654d9d-23c1-4a13-8ee5-a7de691b994f/datanode-1/data/ratis/7e7e7f81-ea24-444c-9e75-8a1bdf12ddb3
2019-06-12 15:45:17,795 INFO  server.RaftServerConfigKeys (ConfUtils.java:logGet(43)) - raft.server.log.queue.byte-limit = 2147483647 (custom)
2019-06-12 15:45:17,795 INFO  server.RaftServerConfigKeys (ConfUtils.java:logGet(43)) - raft.server.log.queue.element-limit = 1024 (custom)
2019-06-12 15:45:17,795 INFO  server.RaftServerConfigKeys (ConfUtils.java:logGet(43)) - raft.server.log.segment.size.max = 16384 (custom)
2019-06-12 15:45:17,795 INFO  server.RaftServerConfigKeys (ConfUtils.java:logGet(43)) - raft.server.log.preallocated.size = 16384 (custom)
2019-06-12 15:45:17,795 INFO  server.RaftServerConfigKeys (ConfUtils.java:logGet(43)) - raft.server.log.write.buffer.size = 33554432 (custom)
2019-06-12 15:45:17,795 INFO  server.RaftServerConfigKeys (ConfUtils.java:logGet(43)) - raft.server.log.force.sync.num = 128 (default)
2019-06-12 15:45:17,795 INFO  server.RaftServerConfigKeys (ConfUtils.java:logGet(43)) - raft.server.log.statemachine.data.sync = true (default)
2019-06-12 15:45:17,795 INFO  server.RaftServerConfigKeys (ConfUtils.java:logGet(43)) - raft.server.log.statemachine.data.sync.timeout = 10s (default)
2019-06-12 15:45:17,795 INFO  server.RaftServerConfigKeys (ConfUtils.java:logGet(43)) - raft.server.log.statemachine.data.sync.timeout.retry = -1 (default)
2019-06-12 15:45:17,795 INFO  server.RaftServerConfigKeys (ConfUtils.java:logGet(43)) - raft.server.log.statemachine.data.caching.enabled = true (custom)
2019-06-12 15:45:17,795 INFO  server.RaftServerConfigKeys (ConfUtils.java:logGet(43)) - raft.server.snapshot.auto.trigger.enabled = true (custom)
2019-06-12 15:45:17,795 INFO  server.RaftServerConfigKeys (ConfUtils.java:logGet(43)) - raft.server.snapshot.auto.trigger.threshold = 10000 (custom)
2019-06-12 15:45:17,795 INFO  server.RaftServerConfigKeys (ConfUtils.java:logGet(43)) - raft.server.retrycache.expirytime = 600000ms (custom)
2019-06-12 15:45:17,796 INFO  impl.RaftServerImpl (RaftServerImpl.java:start(173)) - 47205cd5-9d4d-420e-8292-fb3a06f2c406: start group-8A1BDF12DDB3
2019-06-12 15:45:17,796 INFO  impl.RaftServerImpl (RaftServerImpl.java:setRole(164)) - 47205cd5-9d4d-420e-8292-fb3a06f2c406:group-8A1BDF12DDB3 changes role from null to FOLLOWER at term 0 for startAsFollower
2019-06-12 15:45:17,796 INFO  impl.RoleInfo (RoleInfo.java:updateAndGet(143)) - 47205cd5-9d4d-420e-8292-fb3a06f2c406: start FollowerState
2019-06-12 15:45:17,796 INFO  util.JmxRegister (JmxRegister.java:tryRegister(44)) - Successfully registered JMX Bean with object name Ratis:service=RaftServer,group=group-8A1BDF12DDB3,id=47205cd5-9d4d-420e-8292-fb3a06f2c406
2019-06-12 15:45:17,797 INFO  pipeline.PipelineStateManager (PipelineStateManager.java:addPipeline(56)) - Created pipeline Pipeline[ Id: 7e7e7f81-ea24-444c-9e75-8a1bdf12ddb3, Nodes: 47205cd5-9d4d-420e-8292-fb3a06f2c406{ip: 192.168.134.73, host: ozone-bzwcn-1332811729, networkLocation: /default-rack, certSerialId: null}, Type:RATIS, Factor:ONE, State:OPEN]
2019-06-12 15:45:17,911 INFO  node.SCMNodeManager (SCMNodeManager.java:register(234)) - Registered Data node : 70f49eaa-db79-4366-b826-b03c57db84ba{ip: 192.168.134.73, host: ozone-bzwcn-1332811729, networkLocation: /default-rack, certSerialId: null}
2019-06-12 15:45:17,916 INFO  impl.RaftServerProxy (RaftServerProxy.java:addNew(89)) - 70f49eaa-db79-4366-b826-b03c57db84ba: addNew group-91E29472022D:[70f49eaa-db79-4366-b826-b03c57db84ba:192.168.134.73:41583] returns group-91E29472022D:java.util.concurrent.CompletableFuture@3b8ea8f[Not completed]
2019-06-12 15:45:17,916 INFO  impl.RaftServerImpl (RaftServerImpl.java:<init>(91)) - 70f49eaa-db79-4366-b826-b03c57db84ba: new RaftServerImpl for group-91E29472022D:[70f49eaa-db79-4366-b826-b03c57db84ba:192.168.134.73:41583] with ContainerStateMachine:uninitialized
2019-06-12 15:45:17,917 INFO  server.RaftServerConfigKeys (ConfUtils.java:logGet(43)) - raft.server.rpc.timeout.min = 1s (custom)
2019-06-12 15:45:17,917 INFO  server.RaftServerConfigKeys (ConfUtils.java:logGet(43)) - raft.server.rpc.timeout.max = 1200ms (custom)
2019-06-12 15:45:17,917 INFO  server.RaftServerConfigKeys (ConfUtils.java:logGet(43)) - raft.server.rpcslowness.timeout = 120s (custom)
2019-06-12 15:45:17,917 INFO  server.RaftServerConfigKeys (ConfUtils.java:logGet(43)) - raft.server.log.appender.install.snapshot.enabled = true (default)
2019-06-12 15:45:17,917 INFO  impl.RaftServerImpl (ServerState.java:<init>(101)) - 70f49eaa-db79-4366-b826-b03c57db84ba:group-91E29472022D ConfigurationManager, init=-1: [70f49eaa-db79-4366-b826-b03c57db84ba:192.168.134.73:41583], old=null, confs=<EMPTY_MAP>
2019-06-12 15:45:17,917 INFO  server.RaftServerConfigKeys (ConfUtils.java:logGet(43)) - raft.server.storage.dir = [/opt/src/hadoop-ozone/integration-test/target/test-dir/MiniOzoneClusterImpl-fa654d9d-23c1-4a13-8ee5-a7de691b994f/datanode-2/data/ratis] (custom)
2019-06-12 15:45:17,917 INFO  storage.RaftStorageDirectory (RaftStorageDirectory.java:analyzeStorage(246)) - The storage directory /opt/src/hadoop-ozone/integration-test/target/test-dir/MiniOzoneClusterImpl-fa654d9d-23c1-4a13-8ee5-a7de691b994f/datanode-2/data/ratis/7c1d758e-819c-4912-92d1-91e29472022d does not exist. Creating ...
2019-06-12 15:45:17,919 INFO  storage.RaftStorageDirectory (RaftStorageDirectory.java:tryLock(328)) - Lock on /opt/src/hadoop-ozone/integration-test/target/test-dir/MiniOzoneClusterImpl-fa654d9d-23c1-4a13-8ee5-a7de691b994f/datanode-2/data/ratis/7c1d758e-819c-4912-92d1-91e29472022d/in_use.lock acquired by nodename 14645@ozone-bzwcn-1332811729
2019-06-12 15:45:17,921 INFO  storage.RaftStorage (RaftStorage.java:format(75)) - Storage directory /opt/src/hadoop-ozone/integration-test/target/test-dir/MiniOzoneClusterImpl-fa654d9d-23c1-4a13-8ee5-a7de691b994f/datanode-2/data/ratis/7c1d758e-819c-4912-92d1-91e29472022d has been successfully formatted.
2019-06-12 15:45:17,921 INFO  ratis.ContainerStateMachine (ContainerStateMachine.java:loadSnapshot(199)) - The snapshot info is null.Setting the last applied index to:(t:0, i:~)
2019-06-12 15:45:17,921 INFO  server.RaftServerConfigKeys (ConfUtils.java:logGet(43)) - raft.server.leader.election.timeout = 120s (custom)
2019-06-12 15:45:17,921 INFO  server.RaftServerConfigKeys (ConfUtils.java:logGet(43)) - raft.server.log.use.memory = false (default)
2019-06-12 15:45:17,921 INFO  server.RaftServerConfigKeys (ConfUtils.java:logGet(43)) - raft.server.log.appender.buffer.byte-limit = 33554432 (custom)
2019-06-12 15:45:17,921 INFO  server.RaftServerConfigKeys (ConfUtils.java:logGet(43)) - raft.server.log.segment.size.max = 16384 (custom)
2019-06-12 15:45:17,921 INFO  server.RaftServerConfigKeys (ConfUtils.java:logGet(43)) - raft.server.log.segment.cache.num.max = 2 (custom)
2019-06-12 15:45:17,921 INFO  storage.RaftLogWorker (RaftLogWorker.java:<init>(123)) - new 70f49eaa-db79-4366-b826-b03c57db84ba-RaftLogWorker for Storage Directory /opt/src/hadoop-ozone/integration-test/target/test-dir/MiniOzoneClusterImpl-fa654d9d-23c1-4a13-8ee5-a7de691b994f/datanode-2/data/ratis/7c1d758e-819c-4912-92d1-91e29472022d
2019-06-12 15:45:17,921 INFO  server.RaftServerConfigKeys (ConfUtils.java:logGet(43)) - raft.server.log.queue.byte-limit = 2147483647 (custom)
2019-06-12 15:45:17,922 INFO  server.RaftServerConfigKeys (ConfUtils.java:logGet(43)) - raft.server.log.queue.element-limit = 1024 (custom)
2019-06-12 15:45:17,922 INFO  server.RaftServerConfigKeys (ConfUtils.java:logGet(43)) - raft.server.log.segment.size.max = 16384 (custom)
2019-06-12 15:45:17,922 INFO  server.RaftServerConfigKeys (ConfUtils.java:logGet(43)) - raft.server.log.preallocated.size = 16384 (custom)
2019-06-12 15:45:17,922 INFO  server.RaftServerConfigKeys (ConfUtils.java:logGet(43)) - raft.server.log.write.buffer.size = 33554432 (custom)
2019-06-12 15:45:17,922 INFO  server.RaftServerConfigKeys (ConfUtils.java:logGet(43)) - raft.server.log.force.sync.num = 128 (default)
2019-06-12 15:45:17,922 INFO  server.RaftServerConfigKeys (ConfUtils.java:logGet(43)) - raft.server.log.statemachine.data.sync = true (default)
2019-06-12 15:45:17,922 INFO  server.RaftServerConfigKeys (ConfUtils.java:logGet(43)) - raft.server.log.statemachine.data.sync.timeout = 10s (default)
2019-06-12 15:45:17,922 INFO  server.RaftServerConfigKeys (ConfUtils.java:logGet(43)) - raft.server.log.statemachine.data.sync.timeout.retry = -1 (default)
2019-06-12 15:45:17,922 INFO  server.RaftServerConfigKeys (ConfUtils.java:logGet(43)) - raft.server.log.statemachine.data.caching.enabled = true (custom)
2019-06-12 15:45:17,922 INFO  server.RaftServerConfigKeys (ConfUtils.java:logGet(43)) - raft.server.snapshot.auto.trigger.enabled = true (custom)
2019-06-12 15:45:17,922 INFO  server.RaftServerConfigKeys (ConfUtils.java:logGet(43)) - raft.server.snapshot.auto.trigger.threshold = 10000 (custom)
2019-06-12 15:45:17,922 INFO  server.RaftServerConfigKeys (ConfUtils.java:logGet(43)) - raft.server.retrycache.expirytime = 600000ms (custom)
2019-06-12 15:45:17,923 INFO  impl.RaftServerImpl (RaftServerImpl.java:start(173)) - 70f49eaa-db79-4366-b826-b03c57db84ba: start group-91E29472022D
2019-06-12 15:45:17,923 INFO  impl.RaftServerImpl (RaftServerImpl.java:setRole(164)) - 70f49eaa-db79-4366-b826-b03c57db84ba:group-91E29472022D changes role from null to FOLLOWER at term 0 for startAsFollower
2019-06-12 15:45:17,923 INFO  impl.RoleInfo (RoleInfo.java:updateAndGet(143)) - 70f49eaa-db79-4366-b826-b03c57db84ba: start FollowerState
2019-06-12 15:45:17,923 INFO  util.JmxRegister (JmxRegister.java:tryRegister(44)) - Successfully registered JMX Bean with object name Ratis:service=RaftServer,group=group-91E29472022D,id=70f49eaa-db79-4366-b826-b03c57db84ba
2019-06-12 15:45:17,924 INFO  pipeline.PipelineStateManager (PipelineStateManager.java:addPipeline(56)) - Created pipeline Pipeline[ Id: 7c1d758e-819c-4912-92d1-91e29472022d, Nodes: 70f49eaa-db79-4366-b826-b03c57db84ba{ip: 192.168.134.73, host: ozone-bzwcn-1332811729, networkLocation: /default-rack, certSerialId: null}, Type:RATIS, Factor:ONE, State:OPEN]
2019-06-12 15:45:17,931 INFO  impl.RaftServerProxy (RaftServerProxy.java:addNew(89)) - 70f49eaa-db79-4366-b826-b03c57db84ba: addNew group-2921CB2493C8:[70f49eaa-db79-4366-b826-b03c57db84ba:192.168.134.73:41583, dab0d7a9-0f40-40f5-b58a-3395b18fe462:192.168.134.73:42459, 47205cd5-9d4d-420e-8292-fb3a06f2c406:192.168.134.73:41935] returns group-2921CB2493C8:java.util.concurrent.CompletableFuture@1ee0da55[Not completed]
2019-06-12 15:45:17,931 INFO  impl.RaftServerImpl (RaftServerImpl.java:<init>(91)) - 70f49eaa-db79-4366-b826-b03c57db84ba: new RaftServerImpl for group-2921CB2493C8:[70f49eaa-db79-4366-b826-b03c57db84ba:192.168.134.73:41583, dab0d7a9-0f40-40f5-b58a-3395b18fe462:192.168.134.73:42459, 47205cd5-9d4d-420e-8292-fb3a06f2c406:192.168.134.73:41935] with ContainerStateMachine:uninitialized
2019-06-12 15:45:17,931 INFO  server.RaftServerConfigKeys (ConfUtils.java:logGet(43)) - raft.server.rpc.timeout.min = 1s (custom)
2019-06-12 15:45:17,931 INFO  server.RaftServerConfigKeys (ConfUtils.java:logGet(43)) - raft.server.rpc.timeout.max = 1200ms (custom)
2019-06-12 15:45:17,932 INFO  server.RaftServerConfigKeys (ConfUtils.java:logGet(43)) - raft.server.rpcslowness.timeout = 120s (custom)
2019-06-12 15:45:17,932 INFO  server.RaftServerConfigKeys (ConfUtils.java:logGet(43)) - raft.server.log.appender.install.snapshot.enabled = true (default)
2019-06-12 15:45:17,932 INFO  impl.RaftServerImpl (ServerState.java:<init>(101)) - 70f49eaa-db79-4366-b826-b03c57db84ba:group-2921CB2493C8 ConfigurationManager, init=-1: [70f49eaa-db79-4366-b826-b03c57db84ba:192.168.134.73:41583, dab0d7a9-0f40-40f5-b58a-3395b18fe462:192.168.134.73:42459, 47205cd5-9d4d-420e-8292-fb3a06f2c406:192.168.134.73:41935], old=null, confs=<EMPTY_MAP>
2019-06-12 15:45:17,932 INFO  server.RaftServerConfigKeys (ConfUtils.java:logGet(43)) - raft.server.storage.dir = [/opt/src/hadoop-ozone/integration-test/target/test-dir/MiniOzoneClusterImpl-fa654d9d-23c1-4a13-8ee5-a7de691b994f/datanode-2/data/ratis] (custom)
2019-06-12 15:45:17,932 INFO  storage.RaftStorageDirectory (RaftStorageDirectory.java:analyzeStorage(246)) - The storage directory /opt/src/hadoop-ozone/integration-test/target/test-dir/MiniOzoneClusterImpl-fa654d9d-23c1-4a13-8ee5-a7de691b994f/datanode-2/data/ratis/b23f09c2-4af0-4dd0-a5ad-2921cb2493c8 does not exist. Creating ...
2019-06-12 15:45:17,933 INFO  impl.RaftServerProxy (RaftServerProxy.java:addNew(89)) - 47205cd5-9d4d-420e-8292-fb3a06f2c406: addNew group-2921CB2493C8:[70f49eaa-db79-4366-b826-b03c57db84ba:192.168.134.73:41583, dab0d7a9-0f40-40f5-b58a-3395b18fe462:192.168.134.73:42459, 47205cd5-9d4d-420e-8292-fb3a06f2c406:192.168.134.73:41935] returns group-2921CB2493C8:java.util.concurrent.CompletableFuture@53e6450[Not completed]
2019-06-12 15:45:17,933 INFO  impl.RaftServerImpl (RaftServerImpl.java:<init>(91)) - 47205cd5-9d4d-420e-8292-fb3a06f2c406: new RaftServerImpl for group-2921CB2493C8:[70f49eaa-db79-4366-b826-b03c57db84ba:192.168.134.73:41583, dab0d7a9-0f40-40f5-b58a-3395b18fe462:192.168.134.73:42459, 47205cd5-9d4d-420e-8292-fb3a06f2c406:192.168.134.73:41935] with ContainerStateMachine:uninitialized
2019-06-12 15:45:17,933 INFO  server.RaftServerConfigKeys (ConfUtils.java:logGet(43)) - raft.server.rpc.timeout.min = 1s (custom)
2019-06-12 15:45:17,933 INFO  server.RaftServerConfigKeys (ConfUtils.java:logGet(43)) - raft.server.rpc.timeout.max = 1200ms (custom)
2019-06-12 15:45:17,933 INFO  server.RaftServerConfigKeys (ConfUtils.java:logGet(43)) - raft.server.rpcslowness.timeout = 120s (custom)
2019-06-12 15:45:17,933 INFO  server.RaftServerConfigKeys (ConfUtils.java:logGet(43)) - raft.server.log.appender.install.snapshot.enabled = true (default)
2019-06-12 15:45:17,934 INFO  impl.RaftServerImpl (ServerState.java:<init>(101)) - 47205cd5-9d4d-420e-8292-fb3a06f2c406:group-2921CB2493C8 ConfigurationManager, init=-1: [70f49eaa-db79-4366-b826-b03c57db84ba:192.168.134.73:41583, dab0d7a9-0f40-40f5-b58a-3395b18fe462:192.168.134.73:42459, 47205cd5-9d4d-420e-8292-fb3a06f2c406:192.168.134.73:41935], old=null, confs=<EMPTY_MAP>
2019-06-12 15:45:17,934 INFO  server.RaftServerConfigKeys (ConfUtils.java:logGet(43)) - raft.server.storage.dir = [/opt/src/hadoop-ozone/integration-test/target/test-dir/MiniOzoneClusterImpl-fa654d9d-23c1-4a13-8ee5-a7de691b994f/datanode-1/data/ratis] (custom)
2019-06-12 15:45:17,934 INFO  impl.RaftServerProxy (RaftServerProxy.java:addNew(89)) - dab0d7a9-0f40-40f5-b58a-3395b18fe462: addNew group-2921CB2493C8:[70f49eaa-db79-4366-b826-b03c57db84ba:192.168.134.73:41583, dab0d7a9-0f40-40f5-b58a-3395b18fe462:192.168.134.73:42459, 47205cd5-9d4d-420e-8292-fb3a06f2c406:192.168.134.73:41935] returns group-2921CB2493C8:java.util.concurrent.CompletableFuture@17399fe2[Not completed]
2019-06-12 15:45:17,934 INFO  impl.RaftServerImpl (RaftServerImpl.java:<init>(91)) - dab0d7a9-0f40-40f5-b58a-3395b18fe462: new RaftServerImpl for group-2921CB2493C8:[70f49eaa-db79-4366-b826-b03c57db84ba:192.168.134.73:41583, dab0d7a9-0f40-40f5-b58a-3395b18fe462:192.168.134.73:42459, 47205cd5-9d4d-420e-8292-fb3a06f2c406:192.168.134.73:41935] with ContainerStateMachine:uninitialized
2019-06-12 15:45:17,934 INFO  storage.RaftStorageDirectory (RaftStorageDirectory.java:analyzeStorage(246)) - The storage directory /opt/src/hadoop-ozone/integration-test/target/test-dir/MiniOzoneClusterImpl-fa654d9d-23c1-4a13-8ee5-a7de691b994f/datanode-1/data/ratis/b23f09c2-4af0-4dd0-a5ad-2921cb2493c8 does not exist. Creating ...
2019-06-12 15:45:17,934 INFO  storage.RaftStorageDirectory (RaftStorageDirectory.java:tryLock(328)) - Lock on /opt/src/hadoop-ozone/integration-test/target/test-dir/MiniOzoneClusterImpl-fa654d9d-23c1-4a13-8ee5-a7de691b994f/datanode-2/data/ratis/b23f09c2-4af0-4dd0-a5ad-2921cb2493c8/in_use.lock acquired by nodename 14645@ozone-bzwcn-1332811729
2019-06-12 15:45:17,934 INFO  server.RaftServerConfigKeys (ConfUtils.java:logGet(43)) - raft.server.rpc.timeout.min = 1s (custom)
2019-06-12 15:45:17,935 INFO  server.RaftServerConfigKeys (ConfUtils.java:logGet(43)) - raft.server.rpc.timeout.max = 1200ms (custom)
2019-06-12 15:45:17,935 INFO  server.RaftServerConfigKeys (ConfUtils.java:logGet(43)) - raft.server.rpcslowness.timeout = 120s (custom)
2019-06-12 15:45:17,935 INFO  server.RaftServerConfigKeys (ConfUtils.java:logGet(43)) - raft.server.log.appender.install.snapshot.enabled = true (default)
2019-06-12 15:45:17,935 INFO  impl.RaftServerImpl (ServerState.java:<init>(101)) - dab0d7a9-0f40-40f5-b58a-3395b18fe462:group-2921CB2493C8 ConfigurationManager, init=-1: [70f49eaa-db79-4366-b826-b03c57db84ba:192.168.134.73:41583, dab0d7a9-0f40-40f5-b58a-3395b18fe462:192.168.134.73:42459, 47205cd5-9d4d-420e-8292-fb3a06f2c406:192.168.134.73:41935], old=null, confs=<EMPTY_MAP>
2019-06-12 15:45:17,935 INFO  server.RaftServerConfigKeys (ConfUtils.java:logGet(43)) - raft.server.storage.dir = [/opt/src/hadoop-ozone/integration-test/target/test-dir/MiniOzoneClusterImpl-fa654d9d-23c1-4a13-8ee5-a7de691b994f/datanode-0/data/ratis] (custom)
2019-06-12 15:45:17,935 INFO  storage.RaftStorageDirectory (RaftStorageDirectory.java:analyzeStorage(246)) - The storage directory /opt/src/hadoop-ozone/integration-test/target/test-dir/MiniOzoneClusterImpl-fa654d9d-23c1-4a13-8ee5-a7de691b994f/datanode-0/data/ratis/b23f09c2-4af0-4dd0-a5ad-2921cb2493c8 does not exist. Creating ...
2019-06-12 15:45:17,936 INFO  storage.RaftStorageDirectory (RaftStorageDirectory.java:tryLock(328)) - Lock on /opt/src/hadoop-ozone/integration-test/target/test-dir/MiniOzoneClusterImpl-fa654d9d-23c1-4a13-8ee5-a7de691b994f/datanode-1/data/ratis/b23f09c2-4af0-4dd0-a5ad-2921cb2493c8/in_use.lock acquired by nodename 14645@ozone-bzwcn-1332811729
2019-06-12 15:45:17,936 INFO  storage.RaftStorage (RaftStorage.java:format(75)) - Storage directory /opt/src/hadoop-ozone/integration-test/target/test-dir/MiniOzoneClusterImpl-fa654d9d-23c1-4a13-8ee5-a7de691b994f/datanode-2/data/ratis/b23f09c2-4af0-4dd0-a5ad-2921cb2493c8 has been successfully formatted.
2019-06-12 15:45:17,937 INFO  ratis.ContainerStateMachine (ContainerStateMachine.java:loadSnapshot(199)) - The snapshot info is null.Setting the last applied index to:(t:0, i:~)
2019-06-12 15:45:17,937 INFO  server.RaftServerConfigKeys (ConfUtils.java:logGet(43)) - raft.server.leader.election.timeout = 120s (custom)
2019-06-12 15:45:17,937 INFO  server.RaftServerConfigKeys (ConfUtils.java:logGet(43)) - raft.server.log.use.memory = false (default)
2019-06-12 15:45:17,937 INFO  server.RaftServerConfigKeys (ConfUtils.java:logGet(43)) - raft.server.log.appender.buffer.byte-limit = 33554432 (custom)
2019-06-12 15:45:17,937 INFO  server.RaftServerConfigKeys (ConfUtils.java:logGet(43)) - raft.server.log.segment.size.max = 16384 (custom)
2019-06-12 15:45:17,937 INFO  server.RaftServerConfigKeys (ConfUtils.java:logGet(43)) - raft.server.log.segment.cache.num.max = 2 (custom)
2019-06-12 15:45:17,937 INFO  storage.RaftLogWorker (RaftLogWorker.java:<init>(123)) - new 70f49eaa-db79-4366-b826-b03c57db84ba-RaftLogWorker for Storage Directory /opt/src/hadoop-ozone/integration-test/target/test-dir/MiniOzoneClusterImpl-fa654d9d-23c1-4a13-8ee5-a7de691b994f/datanode-2/data/ratis/b23f09c2-4af0-4dd0-a5ad-2921cb2493c8
2019-06-12 15:45:17,937 INFO  server.RaftServerConfigKeys (ConfUtils.java:logGet(43)) - raft.server.log.queue.byte-limit = 2147483647 (custom)
2019-06-12 15:45:17,937 INFO  server.RaftServerConfigKeys (ConfUtils.java:logGet(43)) - raft.server.log.queue.element-limit = 1024 (custom)
2019-06-12 15:45:17,937 INFO  server.RaftServerConfigKeys (ConfUtils.java:logGet(43)) - raft.server.log.segment.size.max = 16384 (custom)
2019-06-12 15:45:17,937 INFO  server.RaftServerConfigKeys (ConfUtils.java:logGet(43)) - raft.server.log.preallocated.size = 16384 (custom)
2019-06-12 15:45:17,938 INFO  server.RaftServerConfigKeys (ConfUtils.java:logGet(43)) - raft.server.log.write.buffer.size = 33554432 (custom)
2019-06-12 15:45:17,938 INFO  server.RaftServerConfigKeys (ConfUtils.java:logGet(43)) - raft.server.log.force.sync.num = 128 (default)
2019-06-12 15:45:17,938 INFO  server.RaftServerConfigKeys (ConfUtils.java:logGet(43)) - raft.server.log.statemachine.data.sync = true (default)
2019-06-12 15:45:17,938 INFO  server.RaftServerConfigKeys (ConfUtils.java:logGet(43)) - raft.server.log.statemachine.data.sync.timeout = 10s (default)
2019-06-12 15:45:17,938 INFO  server.RaftServerConfigKeys (ConfUtils.java:logGet(43)) - raft.server.log.statemachine.data.sync.timeout.retry = -1 (default)
2019-06-12 15:45:17,938 INFO  server.RaftServerConfigKeys (ConfUtils.java:logGet(43)) - raft.server.log.statemachine.data.caching.enabled = true (custom)
2019-06-12 15:45:17,938 INFO  storage.RaftStorageDirectory (RaftStorageDirectory.java:tryLock(328)) - Lock on /opt/src/hadoop-ozone/integration-test/target/test-dir/MiniOzoneClusterImpl-fa654d9d-23c1-4a13-8ee5-a7de691b994f/datanode-0/data/ratis/b23f09c2-4af0-4dd0-a5ad-2921cb2493c8/in_use.lock acquired by nodename 14645@ozone-bzwcn-1332811729
2019-06-12 15:45:17,939 INFO  storage.RaftStorage (RaftStorage.java:format(75)) - Storage directory /opt/src/hadoop-ozone/integration-test/target/test-dir/MiniOzoneClusterImpl-fa654d9d-23c1-4a13-8ee5-a7de691b994f/datanode-1/data/ratis/b23f09c2-4af0-4dd0-a5ad-2921cb2493c8 has been successfully formatted.
2019-06-12 15:45:17,939 INFO  ratis.ContainerStateMachine (ContainerStateMachine.java:loadSnapshot(199)) - The snapshot info is null.Setting the last applied index to:(t:0, i:~)
2019-06-12 15:45:17,939 INFO  server.RaftServerConfigKeys (ConfUtils.java:logGet(43)) - raft.server.leader.election.timeout = 120s (custom)
2019-06-12 15:45:17,939 INFO  server.RaftServerConfigKeys (ConfUtils.java:logGet(43)) - raft.server.log.use.memory = false (default)
2019-06-12 15:45:17,939 INFO  server.RaftServerConfigKeys (ConfUtils.java:logGet(43)) - raft.server.log.appender.buffer.byte-limit = 33554432 (custom)
2019-06-12 15:45:17,939 INFO  server.RaftServerConfigKeys (ConfUtils.java:logGet(43)) - raft.server.log.segment.size.max = 16384 (custom)
2019-06-12 15:45:17,939 INFO  server.RaftServerConfigKeys (ConfUtils.java:logGet(43)) - raft.server.log.segment.cache.num.max = 2 (custom)
2019-06-12 15:45:17,939 INFO  storage.RaftLogWorker (RaftLogWorker.java:<init>(123)) - new 47205cd5-9d4d-420e-8292-fb3a06f2c406-RaftLogWorker for Storage Directory /opt/src/hadoop-ozone/integration-test/target/test-dir/MiniOzoneClusterImpl-fa654d9d-23c1-4a13-8ee5-a7de691b994f/datanode-1/data/ratis/b23f09c2-4af0-4dd0-a5ad-2921cb2493c8
2019-06-12 15:45:17,939 INFO  server.RaftServerConfigKeys (ConfUtils.java:logGet(43)) - raft.server.log.queue.byte-limit = 2147483647 (custom)
2019-06-12 15:45:17,940 INFO  server.RaftServerConfigKeys (ConfUtils.java:logGet(43)) - raft.server.log.queue.element-limit = 1024 (custom)
2019-06-12 15:45:17,940 INFO  server.RaftServerConfigKeys (ConfUtils.java:logGet(43)) - raft.server.log.segment.size.max = 16384 (custom)
2019-06-12 15:45:17,940 INFO  server.RaftServerConfigKeys (ConfUtils.java:logGet(43)) - raft.server.log.preallocated.size = 16384 (custom)
2019-06-12 15:45:17,940 INFO  server.RaftServerConfigKeys (ConfUtils.java:logGet(43)) - raft.server.log.write.buffer.size = 33554432 (custom)
2019-06-12 15:45:17,940 INFO  server.RaftServerConfigKeys (ConfUtils.java:logGet(43)) - raft.server.log.force.sync.num = 128 (default)
2019-06-12 15:45:17,940 INFO  server.RaftServerConfigKeys (ConfUtils.java:logGet(43)) - raft.server.log.statemachine.data.sync = true (default)
2019-06-12 15:45:17,940 INFO  server.RaftServerConfigKeys (ConfUtils.java:logGet(43)) - raft.server.snapshot.auto.trigger.enabled = true (custom)
2019-06-12 15:45:17,940 INFO  server.RaftServerConfigKeys (ConfUtils.java:logGet(43)) - raft.server.snapshot.auto.trigger.threshold = 10000 (custom)
2019-06-12 15:45:17,940 INFO  server.RaftServerConfigKeys (ConfUtils.java:logGet(43)) - raft.server.retrycache.expirytime = 600000ms (custom)
2019-06-12 15:45:17,940 INFO  impl.RaftServerImpl (RaftServerImpl.java:start(173)) - 70f49eaa-db79-4366-b826-b03c57db84ba: start group-2921CB2493C8
2019-06-12 15:45:17,940 INFO  impl.RaftServerImpl (RaftServerImpl.java:setRole(164)) - 70f49eaa-db79-4366-b826-b03c57db84ba:group-2921CB2493C8 changes role from null to FOLLOWER at term 0 for startAsFollower
2019-06-12 15:45:17,941 INFO  impl.RoleInfo (RoleInfo.java:updateAndGet(143)) - 70f49eaa-db79-4366-b826-b03c57db84ba: start FollowerState
2019-06-12 15:45:17,940 INFO  storage.RaftStorage (RaftStorage.java:format(75)) - Storage directory /opt/src/hadoop-ozone/integration-test/target/test-dir/MiniOzoneClusterImpl-fa654d9d-23c1-4a13-8ee5-a7de691b994f/datanode-0/data/ratis/b23f09c2-4af0-4dd0-a5ad-2921cb2493c8 has been successfully formatted.
2019-06-12 15:45:17,940 INFO  server.RaftServerConfigKeys (ConfUtils.java:logGet(43)) - raft.server.log.statemachine.data.sync.timeout = 10s (default)
2019-06-12 15:45:17,941 INFO  server.RaftServerConfigKeys (ConfUtils.java:logGet(43)) - raft.server.log.statemachine.data.sync.timeout.retry = -1 (default)
2019-06-12 15:45:17,941 INFO  server.RaftServerConfigKeys (ConfUtils.java:logGet(43)) - raft.server.log.statemachine.data.caching.enabled = true (custom)
2019-06-12 15:45:17,941 INFO  ratis.ContainerStateMachine (ContainerStateMachine.java:loadSnapshot(199)) - The snapshot info is null.Setting the last applied index to:(t:0, i:~)
2019-06-12 15:45:17,941 INFO  server.RaftServerConfigKeys (ConfUtils.java:logGet(43)) - raft.server.snapshot.auto.trigger.enabled = true (custom)
2019-06-12 15:45:17,941 INFO  server.RaftServerConfigKeys (ConfUtils.java:logGet(43)) - raft.server.snapshot.auto.trigger.threshold = 10000 (custom)
2019-06-12 15:45:17,942 INFO  server.RaftServerConfigKeys (ConfUtils.java:logGet(43)) - raft.server.retrycache.expirytime = 600000ms (custom)
2019-06-12 15:45:17,942 INFO  impl.RaftServerImpl (RaftServerImpl.java:start(173)) - 47205cd5-9d4d-420e-8292-fb3a06f2c406: start group-2921CB2493C8
2019-06-12 15:45:17,942 INFO  impl.RaftServerImpl (RaftServerImpl.java:setRole(164)) - 47205cd5-9d4d-420e-8292-fb3a06f2c406:group-2921CB2493C8 changes role from null to FOLLOWER at term 0 for startAsFollower
2019-06-12 15:45:17,942 INFO  impl.RoleInfo (RoleInfo.java:updateAndGet(143)) - 47205cd5-9d4d-420e-8292-fb3a06f2c406: start FollowerState
2019-06-12 15:45:17,941 INFO  util.JmxRegister (JmxRegister.java:tryRegister(44)) - Successfully registered JMX Bean with object name Ratis:service=RaftServer,group=group-2921CB2493C8,id=70f49eaa-db79-4366-b826-b03c57db84ba
2019-06-12 15:45:17,941 INFO  server.RaftServerConfigKeys (ConfUtils.java:logGet(43)) - raft.server.leader.election.timeout = 120s (custom)
2019-06-12 15:45:17,942 INFO  util.JmxRegister (JmxRegister.java:tryRegister(44)) - Successfully registered JMX Bean with object name Ratis:service=RaftServer,group=group-2921CB2493C8,id=47205cd5-9d4d-420e-8292-fb3a06f2c406
2019-06-12 15:45:17,942 INFO  server.RaftServerConfigKeys (ConfUtils.java:logGet(43)) - raft.server.log.use.memory = false (default)
2019-06-12 15:45:17,942 INFO  server.RaftServerConfigKeys (ConfUtils.java:logGet(43)) - raft.server.log.appender.buffer.byte-limit = 33554432 (custom)
2019-06-12 15:45:17,943 INFO  server.RaftServerConfigKeys (ConfUtils.java:logGet(43)) - raft.server.log.segment.size.max = 16384 (custom)
2019-06-12 15:45:17,943 INFO  server.RaftServerConfigKeys (ConfUtils.java:logGet(43)) - raft.server.log.segment.cache.num.max = 2 (custom)
2019-06-12 15:45:17,943 INFO  storage.RaftLogWorker (RaftLogWorker.java:<init>(123)) - new dab0d7a9-0f40-40f5-b58a-3395b18fe462-RaftLogWorker for Storage Directory /opt/src/hadoop-ozone/integration-test/target/test-dir/MiniOzoneClusterImpl-fa654d9d-23c1-4a13-8ee5-a7de691b994f/datanode-0/data/ratis/b23f09c2-4af0-4dd0-a5ad-2921cb2493c8
2019-06-12 15:45:17,943 INFO  server.RaftServerConfigKeys (ConfUtils.java:logGet(43)) - raft.server.log.queue.byte-limit = 2147483647 (custom)
2019-06-12 15:45:17,943 INFO  server.RaftServerConfigKeys (ConfUtils.java:logGet(43)) - raft.server.log.queue.element-limit = 1024 (custom)
2019-06-12 15:45:17,943 INFO  server.RaftServerConfigKeys (ConfUtils.java:logGet(43)) - raft.server.log.segment.size.max = 16384 (custom)
2019-06-12 15:45:17,943 INFO  server.RaftServerConfigKeys (ConfUtils.java:logGet(43)) - raft.server.log.preallocated.size = 16384 (custom)
2019-06-12 15:45:17,943 INFO  server.RaftServerConfigKeys (ConfUtils.java:logGet(43)) - raft.server.log.write.buffer.size = 33554432 (custom)
2019-06-12 15:45:17,943 INFO  server.RaftServerConfigKeys (ConfUtils.java:logGet(43)) - raft.server.log.force.sync.num = 128 (default)
2019-06-12 15:45:17,943 INFO  server.RaftServerConfigKeys (ConfUtils.java:logGet(43)) - raft.server.log.statemachine.data.sync = true (default)
2019-06-12 15:45:17,943 INFO  server.RaftServerConfigKeys (ConfUtils.java:logGet(43)) - raft.server.log.statemachine.data.sync.timeout = 10s (default)
2019-06-12 15:45:17,943 INFO  server.RaftServerConfigKeys (ConfUtils.java:logGet(43)) - raft.server.log.statemachine.data.sync.timeout.retry = -1 (default)
2019-06-12 15:45:17,946 INFO  server.RaftServerConfigKeys (ConfUtils.java:logGet(43)) - raft.server.log.statemachine.data.caching.enabled = true (custom)
2019-06-12 15:45:17,948 INFO  server.RaftServerConfigKeys (ConfUtils.java:logGet(43)) - raft.server.snapshot.auto.trigger.enabled = true (custom)
2019-06-12 15:45:17,949 INFO  server.RaftServerConfigKeys (ConfUtils.java:logGet(43)) - raft.server.snapshot.auto.trigger.threshold = 10000 (custom)
2019-06-12 15:45:17,949 INFO  server.RaftServerConfigKeys (ConfUtils.java:logGet(43)) - raft.server.retrycache.expirytime = 600000ms (custom)
2019-06-12 15:45:17,949 INFO  impl.RaftServerImpl (RaftServerImpl.java:start(173)) - dab0d7a9-0f40-40f5-b58a-3395b18fe462: start group-2921CB2493C8
2019-06-12 15:45:17,949 INFO  impl.RaftServerImpl (RaftServerImpl.java:setRole(164)) - dab0d7a9-0f40-40f5-b58a-3395b18fe462:group-2921CB2493C8 changes role from null to FOLLOWER at term 0 for startAsFollower
2019-06-12 15:45:17,949 INFO  impl.RoleInfo (RoleInfo.java:updateAndGet(143)) - dab0d7a9-0f40-40f5-b58a-3395b18fe462: start FollowerState
2019-06-12 15:45:17,949 INFO  util.JmxRegister (JmxRegister.java:tryRegister(44)) - Successfully registered JMX Bean with object name Ratis:service=RaftServer,group=group-2921CB2493C8,id=dab0d7a9-0f40-40f5-b58a-3395b18fe462
2019-06-12 15:45:17,951 INFO  pipeline.PipelineStateManager (PipelineStateManager.java:addPipeline(56)) - Created pipeline Pipeline[ Id: b23f09c2-4af0-4dd0-a5ad-2921cb2493c8, Nodes: 47205cd5-9d4d-420e-8292-fb3a06f2c406{ip: 192.168.134.73, host: ozone-bzwcn-1332811729, networkLocation: /default-rack, certSerialId: null}70f49eaa-db79-4366-b826-b03c57db84ba{ip: 192.168.134.73, host: ozone-bzwcn-1332811729, networkLocation: /default-rack, certSerialId: null}dab0d7a9-0f40-40f5-b58a-3395b18fe462{ip: 192.168.134.73, host: ozone-bzwcn-1332811729, networkLocation: /default-rack, certSerialId: null}, Type:RATIS, Factor:THREE, State:OPEN]
2019-06-12 15:45:18,043 INFO  node.SCMNodeManager (SCMNodeManager.java:register(234)) - Registered Data node : 879130b2-e12f-42c5-9017-cf785840f03d{ip: 192.168.134.73, host: ozone-bzwcn-1332811729, networkLocation: /default-rack, certSerialId: null}
2019-06-12 15:45:18,048 INFO  impl.RaftServerProxy (RaftServerProxy.java:addNew(89)) - 879130b2-e12f-42c5-9017-cf785840f03d: addNew group-71D642487C79:[879130b2-e12f-42c5-9017-cf785840f03d:192.168.134.73:33685] returns group-71D642487C79:java.util.concurrent.CompletableFuture@3ae49646[Not completed]
2019-06-12 15:45:18,048 INFO  impl.RaftServerImpl (RaftServerImpl.java:<init>(91)) - 879130b2-e12f-42c5-9017-cf785840f03d: new RaftServerImpl for group-71D642487C79:[879130b2-e12f-42c5-9017-cf785840f03d:192.168.134.73:33685] with ContainerStateMachine:uninitialized
2019-06-12 15:45:18,048 INFO  server.RaftServerConfigKeys (ConfUtils.java:logGet(43)) - raft.server.rpc.timeout.min = 1s (custom)
2019-06-12 15:45:18,048 INFO  server.RaftServerConfigKeys (ConfUtils.java:logGet(43)) - raft.server.rpc.timeout.max = 1200ms (custom)
2019-06-12 15:45:18,048 INFO  server.RaftServerConfigKeys (ConfUtils.java:logGet(43)) - raft.server.rpcslowness.timeout = 120s (custom)
2019-06-12 15:45:18,048 INFO  server.RaftServerConfigKeys (ConfUtils.java:logGet(43)) - raft.server.log.appender.install.snapshot.enabled = true (default)
2019-06-12 15:45:18,048 INFO  impl.RaftServerImpl (ServerState.java:<init>(101)) - 879130b2-e12f-42c5-9017-cf785840f03d:group-71D642487C79 ConfigurationManager, init=-1: [879130b2-e12f-42c5-9017-cf785840f03d:192.168.134.73:33685], old=null, confs=<EMPTY_MAP>
2019-06-12 15:45:18,049 INFO  server.RaftServerConfigKeys (ConfUtils.java:logGet(43)) - raft.server.storage.dir = [/opt/src/hadoop-ozone/integration-test/target/test-dir/MiniOzoneClusterImpl-fa654d9d-23c1-4a13-8ee5-a7de691b994f/datanode-3/data/ratis] (custom)
2019-06-12 15:45:18,049 INFO  storage.RaftStorageDirectory (RaftStorageDirectory.java:analyzeStorage(246)) - The storage directory /opt/src/hadoop-ozone/integration-test/target/test-dir/MiniOzoneClusterImpl-fa654d9d-23c1-4a13-8ee5-a7de691b994f/datanode-3/data/ratis/97cf7bf5-164c-4962-a615-71d642487c79 does not exist. Creating ...
2019-06-12 15:45:18,051 INFO  storage.RaftStorageDirectory (RaftStorageDirectory.java:tryLock(328)) - Lock on /opt/src/hadoop-ozone/integration-test/target/test-dir/MiniOzoneClusterImpl-fa654d9d-23c1-4a13-8ee5-a7de691b994f/datanode-3/data/ratis/97cf7bf5-164c-4962-a615-71d642487c79/in_use.lock acquired by nodename 14645@ozone-bzwcn-1332811729
2019-06-12 15:45:18,053 INFO  storage.RaftStorage (RaftStorage.java:format(75)) - Storage directory /opt/src/hadoop-ozone/integration-test/target/test-dir/MiniOzoneClusterImpl-fa654d9d-23c1-4a13-8ee5-a7de691b994f/datanode-3/data/ratis/97cf7bf5-164c-4962-a615-71d642487c79 has been successfully formatted.
2019-06-12 15:45:18,053 INFO  ratis.ContainerStateMachine (ContainerStateMachine.java:loadSnapshot(199)) - The snapshot info is null.Setting the last applied index to:(t:0, i:~)
2019-06-12 15:45:18,053 INFO  server.RaftServerConfigKeys (ConfUtils.java:logGet(43)) - raft.server.leader.election.timeout = 120s (custom)
2019-06-12 15:45:18,053 INFO  server.RaftServerConfigKeys (ConfUtils.java:logGet(43)) - raft.server.log.use.memory = false (default)
2019-06-12 15:45:18,053 INFO  server.RaftServerConfigKeys (ConfUtils.java:logGet(43)) - raft.server.log.appender.buffer.byte-limit = 33554432 (custom)
2019-06-12 15:45:18,053 INFO  server.RaftServerConfigKeys (ConfUtils.java:logGet(43)) - raft.server.log.segment.size.max = 16384 (custom)
2019-06-12 15:45:18,053 INFO  server.RaftServerConfigKeys (ConfUtils.java:logGet(43)) - raft.server.log.segment.cache.num.max = 2 (custom)
2019-06-12 15:45:18,053 INFO  storage.RaftLogWorker (RaftLogWorker.java:<init>(123)) - new 879130b2-e12f-42c5-9017-cf785840f03d-RaftLogWorker for Storage Directory /opt/src/hadoop-ozone/integration-test/target/test-dir/MiniOzoneClusterImpl-fa654d9d-23c1-4a13-8ee5-a7de691b994f/datanode-3/data/ratis/97cf7bf5-164c-4962-a615-71d642487c79
2019-06-12 15:45:18,053 INFO  server.RaftServerConfigKeys (ConfUtils.java:logGet(43)) - raft.server.log.queue.byte-limit = 2147483647 (custom)
2019-06-12 15:45:18,053 INFO  server.RaftServerConfigKeys (ConfUtils.java:logGet(43)) - raft.server.log.queue.element-limit = 1024 (custom)
2019-06-12 15:45:18,053 INFO  server.RaftServerConfigKeys (ConfUtils.java:logGet(43)) - raft.server.log.segment.size.max = 16384 (custom)
2019-06-12 15:45:18,053 INFO  server.RaftServerConfigKeys (ConfUtils.java:logGet(43)) - raft.server.log.preallocated.size = 16384 (custom)
2019-06-12 15:45:18,053 INFO  server.RaftServerConfigKeys (ConfUtils.java:logGet(43)) - raft.server.log.write.buffer.size = 33554432 (custom)
2019-06-12 15:45:18,053 INFO  server.RaftServerConfigKeys (ConfUtils.java:logGet(43)) - raft.server.log.force.sync.num = 128 (default)
2019-06-12 15:45:18,053 INFO  server.RaftServerConfigKeys (ConfUtils.java:logGet(43)) - raft.server.log.statemachine.data.sync = true (default)
2019-06-12 15:45:18,054 INFO  server.RaftServerConfigKeys (ConfUtils.java:logGet(43)) - raft.server.log.statemachine.data.sync.timeout = 10s (default)
2019-06-12 15:45:18,054 INFO  server.RaftServerConfigKeys (ConfUtils.java:logGet(43)) - raft.server.log.statemachine.data.sync.timeout.retry = -1 (default)
2019-06-12 15:45:18,054 INFO  server.RaftServerConfigKeys (ConfUtils.java:logGet(43)) - raft.server.log.statemachine.data.caching.enabled = true (custom)
2019-06-12 15:45:18,054 INFO  server.RaftServerConfigKeys (ConfUtils.java:logGet(43)) - raft.server.snapshot.auto.trigger.enabled = true (custom)
2019-06-12 15:45:18,054 INFO  server.RaftServerConfigKeys (ConfUtils.java:logGet(43)) - raft.server.snapshot.auto.trigger.threshold = 10000 (custom)
2019-06-12 15:45:18,054 INFO  server.RaftServerConfigKeys (ConfUtils.java:logGet(43)) - raft.server.retrycache.expirytime = 600000ms (custom)
2019-06-12 15:45:18,054 INFO  impl.RaftServerImpl (RaftServerImpl.java:start(173)) - 879130b2-e12f-42c5-9017-cf785840f03d: start group-71D642487C79
2019-06-12 15:45:18,054 INFO  impl.RaftServerImpl (RaftServerImpl.java:setRole(164)) - 879130b2-e12f-42c5-9017-cf785840f03d:group-71D642487C79 changes role from null to FOLLOWER at term 0 for startAsFollower
2019-06-12 15:45:18,054 INFO  impl.RoleInfo (RoleInfo.java:updateAndGet(143)) - 879130b2-e12f-42c5-9017-cf785840f03d: start FollowerState
2019-06-12 15:45:18,055 INFO  util.JmxRegister (JmxRegister.java:tryRegister(44)) - Successfully registered JMX Bean with object name Ratis:service=RaftServer,group=group-71D642487C79,id=879130b2-e12f-42c5-9017-cf785840f03d
2019-06-12 15:45:18,056 INFO  pipeline.PipelineStateManager (PipelineStateManager.java:addPipeline(56)) - Created pipeline Pipeline[ Id: 97cf7bf5-164c-4962-a615-71d642487c79, Nodes: 879130b2-e12f-42c5-9017-cf785840f03d{ip: 192.168.134.73, host: ozone-bzwcn-1332811729, networkLocation: /default-rack, certSerialId: null}, Type:RATIS, Factor:ONE, State:OPEN]
2019-06-12 15:45:18,191 INFO  node.SCMNodeManager (SCMNodeManager.java:register(234)) - Registered Data node : 15f5cd64-0a6e-476f-9483-dce4cbccf509{ip: 192.168.134.73, host: ozone-bzwcn-1332811729, networkLocation: /default-rack, certSerialId: null}
2019-06-12 15:45:18,195 INFO  impl.RaftServerProxy (RaftServerProxy.java:addNew(89)) - 15f5cd64-0a6e-476f-9483-dce4cbccf509: addNew group-29B8BB665C24:[15f5cd64-0a6e-476f-9483-dce4cbccf509:192.168.134.73:43373] returns group-29B8BB665C24:java.util.concurrent.CompletableFuture@2bcc6bb1[Not completed]
2019-06-12 15:45:18,196 INFO  impl.RaftServerImpl (RaftServerImpl.java:<init>(91)) - 15f5cd64-0a6e-476f-9483-dce4cbccf509: new RaftServerImpl for group-29B8BB665C24:[15f5cd64-0a6e-476f-9483-dce4cbccf509:192.168.134.73:43373] with ContainerStateMachine:uninitialized
2019-06-12 15:45:18,196 INFO  server.RaftServerConfigKeys (ConfUtils.java:logGet(43)) - raft.server.rpc.timeout.min = 1s (custom)
2019-06-12 15:45:18,196 INFO  server.RaftServerConfigKeys (ConfUtils.java:logGet(43)) - raft.server.rpc.timeout.max = 1200ms (custom)
2019-06-12 15:45:18,196 INFO  server.RaftServerConfigKeys (ConfUtils.java:logGet(43)) - raft.server.rpcslowness.timeout = 120s (custom)
2019-06-12 15:45:18,196 INFO  server.RaftServerConfigKeys (ConfUtils.java:logGet(43)) - raft.server.log.appender.install.snapshot.enabled = true (default)
2019-06-12 15:45:18,196 INFO  impl.RaftServerImpl (ServerState.java:<init>(101)) - 15f5cd64-0a6e-476f-9483-dce4cbccf509:group-29B8BB665C24 ConfigurationManager, init=-1: [15f5cd64-0a6e-476f-9483-dce4cbccf509:192.168.134.73:43373], old=null, confs=<EMPTY_MAP>
2019-06-12 15:45:18,196 INFO  server.RaftServerConfigKeys (ConfUtils.java:logGet(43)) - raft.server.storage.dir = [/opt/src/hadoop-ozone/integration-test/target/test-dir/MiniOzoneClusterImpl-fa654d9d-23c1-4a13-8ee5-a7de691b994f/datanode-4/data/ratis] (custom)
2019-06-12 15:45:18,196 INFO  storage.RaftStorageDirectory (RaftStorageDirectory.java:analyzeStorage(246)) - The storage directory /opt/src/hadoop-ozone/integration-test/target/test-dir/MiniOzoneClusterImpl-fa654d9d-23c1-4a13-8ee5-a7de691b994f/datanode-4/data/ratis/bd93659a-9602-4cdc-948b-29b8bb665c24 does not exist. Creating ...
2019-06-12 15:45:18,198 INFO  storage.RaftStorageDirectory (RaftStorageDirectory.java:tryLock(328)) - Lock on /opt/src/hadoop-ozone/integration-test/target/test-dir/MiniOzoneClusterImpl-fa654d9d-23c1-4a13-8ee5-a7de691b994f/datanode-4/data/ratis/bd93659a-9602-4cdc-948b-29b8bb665c24/in_use.lock acquired by nodename 14645@ozone-bzwcn-1332811729
2019-06-12 15:45:18,200 INFO  storage.RaftStorage (RaftStorage.java:format(75)) - Storage directory /opt/src/hadoop-ozone/integration-test/target/test-dir/MiniOzoneClusterImpl-fa654d9d-23c1-4a13-8ee5-a7de691b994f/datanode-4/data/ratis/bd93659a-9602-4cdc-948b-29b8bb665c24 has been successfully formatted.
2019-06-12 15:45:18,200 INFO  ratis.ContainerStateMachine (ContainerStateMachine.java:loadSnapshot(199)) - The snapshot info is null.Setting the last applied index to:(t:0, i:~)
2019-06-12 15:45:18,200 INFO  server.RaftServerConfigKeys (ConfUtils.java:logGet(43)) - raft.server.leader.election.timeout = 120s (custom)
2019-06-12 15:45:18,201 INFO  server.RaftServerConfigKeys (ConfUtils.java:logGet(43)) - raft.server.log.use.memory = false (default)
2019-06-12 15:45:18,201 INFO  server.RaftServerConfigKeys (ConfUtils.java:logGet(43)) - raft.server.log.appender.buffer.byte-limit = 33554432 (custom)
2019-06-12 15:45:18,201 INFO  server.RaftServerConfigKeys (ConfUtils.java:logGet(43)) - raft.server.log.segment.size.max = 16384 (custom)
2019-06-12 15:45:18,201 INFO  server.RaftServerConfigKeys (ConfUtils.java:logGet(43)) - raft.server.log.segment.cache.num.max = 2 (custom)
2019-06-12 15:45:18,201 INFO  storage.RaftLogWorker (RaftLogWorker.java:<init>(123)) - new 15f5cd64-0a6e-476f-9483-dce4cbccf509-RaftLogWorker for Storage Directory /opt/src/hadoop-ozone/integration-test/target/test-dir/MiniOzoneClusterImpl-fa654d9d-23c1-4a13-8ee5-a7de691b994f/datanode-4/data/ratis/bd93659a-9602-4cdc-948b-29b8bb665c24
2019-06-12 15:45:18,201 INFO  server.RaftServerConfigKeys (ConfUtils.java:logGet(43)) - raft.server.log.queue.byte-limit = 2147483647 (custom)
2019-06-12 15:45:18,201 INFO  server.RaftServerConfigKeys (ConfUtils.java:logGet(43)) - raft.server.log.queue.element-limit = 1024 (custom)
2019-06-12 15:45:18,201 INFO  server.RaftServerConfigKeys (ConfUtils.java:logGet(43)) - raft.server.log.segment.size.max = 16384 (custom)
2019-06-12 15:45:18,201 INFO  server.RaftServerConfigKeys (ConfUtils.java:logGet(43)) - raft.server.log.preallocated.size = 16384 (custom)
2019-06-12 15:45:18,201 INFO  server.RaftServerConfigKeys (ConfUtils.java:logGet(43)) - raft.server.log.write.buffer.size = 33554432 (custom)
2019-06-12 15:45:18,201 INFO  server.RaftServerConfigKeys (ConfUtils.java:logGet(43)) - raft.server.log.force.sync.num = 128 (default)
2019-06-12 15:45:18,201 INFO  server.RaftServerConfigKeys (ConfUtils.java:logGet(43)) - raft.server.log.statemachine.data.sync = true (default)
2019-06-12 15:45:18,201 INFO  server.RaftServerConfigKeys (ConfUtils.java:logGet(43)) - raft.server.log.statemachine.data.sync.timeout = 10s (default)
2019-06-12 15:45:18,201 INFO  server.RaftServerConfigKeys (ConfUtils.java:logGet(43)) - raft.server.log.statemachine.data.sync.timeout.retry = -1 (default)
2019-06-12 15:45:18,202 INFO  server.RaftServerConfigKeys (ConfUtils.java:logGet(43)) - raft.server.log.statemachine.data.caching.enabled = true (custom)
2019-06-12 15:45:18,202 INFO  server.RaftServerConfigKeys (ConfUtils.java:logGet(43)) - raft.server.snapshot.auto.trigger.enabled = true (custom)
2019-06-12 15:45:18,202 INFO  server.RaftServerConfigKeys (ConfUtils.java:logGet(43)) - raft.server.snapshot.auto.trigger.threshold = 10000 (custom)
2019-06-12 15:45:18,202 INFO  server.RaftServerConfigKeys (ConfUtils.java:logGet(43)) - raft.server.retrycache.expirytime = 600000ms (custom)
2019-06-12 15:45:18,202 INFO  impl.RaftServerImpl (RaftServerImpl.java:start(173)) - 15f5cd64-0a6e-476f-9483-dce4cbccf509: start group-29B8BB665C24
2019-06-12 15:45:18,202 INFO  impl.RaftServerImpl (RaftServerImpl.java:setRole(164)) - 15f5cd64-0a6e-476f-9483-dce4cbccf509:group-29B8BB665C24 changes role from null to FOLLOWER at term 0 for startAsFollower
2019-06-12 15:45:18,202 INFO  impl.RoleInfo (RoleInfo.java:updateAndGet(143)) - 15f5cd64-0a6e-476f-9483-dce4cbccf509: start FollowerState
2019-06-12 15:45:18,202 INFO  util.JmxRegister (JmxRegister.java:tryRegister(44)) - Successfully registered JMX Bean with object name Ratis:service=RaftServer,group=group-29B8BB665C24,id=15f5cd64-0a6e-476f-9483-dce4cbccf509
2019-06-12 15:45:18,206 INFO  pipeline.PipelineStateManager (PipelineStateManager.java:addPipeline(56)) - Created pipeline Pipeline[ Id: bd93659a-9602-4cdc-948b-29b8bb665c24, Nodes: 15f5cd64-0a6e-476f-9483-dce4cbccf509{ip: 192.168.134.73, host: ozone-bzwcn-1332811729, networkLocation: /default-rack, certSerialId: null}, Type:RATIS, Factor:ONE, State:OPEN]
2019-06-12 15:45:18,334 INFO  ozone.MiniOzoneClusterImpl (MiniOzoneClusterImpl.java:lambda$waitForClusterToBeReady$0(142)) - Waiting for cluster to be ready. Got 5 of 6 DN Heartbeats.
2019-06-12 15:45:18,335 INFO  node.SCMNodeManager (SCMNodeManager.java:register(234)) - Registered Data node : 60a3fe11-3501-468a-b464-e78b638e7b04{ip: 192.168.134.73, host: ozone-bzwcn-1332811729, networkLocation: /default-rack, certSerialId: null}
2019-06-12 15:45:18,340 INFO  impl.RaftServerProxy (RaftServerProxy.java:addNew(89)) - 60a3fe11-3501-468a-b464-e78b638e7b04: addNew group-67562C804C43:[60a3fe11-3501-468a-b464-e78b638e7b04:192.168.134.73:33883] returns group-67562C804C43:java.util.concurrent.CompletableFuture@3beb81e3[Not completed]
2019-06-12 15:45:18,340 INFO  impl.RaftServerImpl (RaftServerImpl.java:<init>(91)) - 60a3fe11-3501-468a-b464-e78b638e7b04: new RaftServerImpl for group-67562C804C43:[60a3fe11-3501-468a-b464-e78b638e7b04:192.168.134.73:33883] with ContainerStateMachine:uninitialized
2019-06-12 15:45:18,340 INFO  server.RaftServerConfigKeys (ConfUtils.java:logGet(43)) - raft.server.rpc.timeout.min = 1s (custom)
2019-06-12 15:45:18,341 INFO  server.RaftServerConfigKeys (ConfUtils.java:logGet(43)) - raft.server.rpc.timeout.max = 1200ms (custom)
2019-06-12 15:45:18,341 INFO  server.RaftServerConfigKeys (ConfUtils.java:logGet(43)) - raft.server.rpcslowness.timeout = 120s (custom)
2019-06-12 15:45:18,341 INFO  server.RaftServerConfigKeys (ConfUtils.java:logGet(43)) - raft.server.log.appender.install.snapshot.enabled = true (default)
2019-06-12 15:45:18,341 INFO  impl.RaftServerImpl (ServerState.java:<init>(101)) - 60a3fe11-3501-468a-b464-e78b638e7b04:group-67562C804C43 ConfigurationManager, init=-1: [60a3fe11-3501-468a-b464-e78b638e7b04:192.168.134.73:33883], old=null, confs=<EMPTY_MAP>
2019-06-12 15:45:18,341 INFO  server.RaftServerConfigKeys (ConfUtils.java:logGet(43)) - raft.server.storage.dir = [/opt/src/hadoop-ozone/integration-test/target/test-dir/MiniOzoneClusterImpl-fa654d9d-23c1-4a13-8ee5-a7de691b994f/datanode-5/data/ratis] (custom)
2019-06-12 15:45:18,341 INFO  storage.RaftStorageDirectory (RaftStorageDirectory.java:analyzeStorage(246)) - The storage directory /opt/src/hadoop-ozone/integration-test/target/test-dir/MiniOzoneClusterImpl-fa654d9d-23c1-4a13-8ee5-a7de691b994f/datanode-5/data/ratis/76a09da9-50b6-4cef-82ca-67562c804c43 does not exist. Creating ...
2019-06-12 15:45:18,343 INFO  storage.RaftStorageDirectory (RaftStorageDirectory.java:tryLock(328)) - Lock on /opt/src/hadoop-ozone/integration-test/target/test-dir/MiniOzoneClusterImpl-fa654d9d-23c1-4a13-8ee5-a7de691b994f/datanode-5/data/ratis/76a09da9-50b6-4cef-82ca-67562c804c43/in_use.lock acquired by nodename 14645@ozone-bzwcn-1332811729
2019-06-12 15:45:18,345 INFO  storage.RaftStorage (RaftStorage.java:format(75)) - Storage directory /opt/src/hadoop-ozone/integration-test/target/test-dir/MiniOzoneClusterImpl-fa654d9d-23c1-4a13-8ee5-a7de691b994f/datanode-5/data/ratis/76a09da9-50b6-4cef-82ca-67562c804c43 has been successfully formatted.
2019-06-12 15:45:18,345 INFO  ratis.ContainerStateMachine (ContainerStateMachine.java:loadSnapshot(199)) - The snapshot info is null.Setting the last applied index to:(t:0, i:~)
2019-06-12 15:45:18,345 INFO  server.RaftServerConfigKeys (ConfUtils.java:logGet(43)) - raft.server.leader.election.timeout = 120s (custom)
2019-06-12 15:45:18,345 INFO  server.RaftServerConfigKeys (ConfUtils.java:logGet(43)) - raft.server.log.use.memory = false (default)
2019-06-12 15:45:18,345 INFO  server.RaftServerConfigKeys (ConfUtils.java:logGet(43)) - raft.server.log.appender.buffer.byte-limit = 33554432 (custom)
2019-06-12 15:45:18,345 INFO  server.RaftServerConfigKeys (ConfUtils.java:logGet(43)) - raft.server.log.segment.size.max = 16384 (custom)
2019-06-12 15:45:18,345 INFO  server.RaftServerConfigKeys (ConfUtils.java:logGet(43)) - raft.server.log.segment.cache.num.max = 2 (custom)
2019-06-12 15:45:18,345 INFO  storage.RaftLogWorker (RaftLogWorker.java:<init>(123)) - new 60a3fe11-3501-468a-b464-e78b638e7b04-RaftLogWorker for Storage Directory /opt/src/hadoop-ozone/integration-test/target/test-dir/MiniOzoneClusterImpl-fa654d9d-23c1-4a13-8ee5-a7de691b994f/datanode-5/data/ratis/76a09da9-50b6-4cef-82ca-67562c804c43
2019-06-12 15:45:18,346 INFO  server.RaftServerConfigKeys (ConfUtils.java:logGet(43)) - raft.server.log.queue.byte-limit = 2147483647 (custom)
2019-06-12 15:45:18,346 INFO  server.RaftServerConfigKeys (ConfUtils.java:logGet(43)) - raft.server.log.queue.element-limit = 1024 (custom)
2019-06-12 15:45:18,346 INFO  server.RaftServerConfigKeys (ConfUtils.java:logGet(43)) - raft.server.log.segment.size.max = 16384 (custom)
2019-06-12 15:45:18,346 INFO  server.RaftServerConfigKeys (ConfUtils.java:logGet(43)) - raft.server.log.preallocated.size = 16384 (custom)
2019-06-12 15:45:18,346 INFO  server.RaftServerConfigKeys (ConfUtils.java:logGet(43)) - raft.server.log.write.buffer.size = 33554432 (custom)
2019-06-12 15:45:18,346 INFO  server.RaftServerConfigKeys (ConfUtils.java:logGet(43)) - raft.server.log.force.sync.num = 128 (default)
2019-06-12 15:45:18,346 INFO  server.RaftServerConfigKeys (ConfUtils.java:logGet(43)) - raft.server.log.statemachine.data.sync = true (default)
2019-06-12 15:45:18,346 INFO  server.RaftServerConfigKeys (ConfUtils.java:logGet(43)) - raft.server.log.statemachine.data.sync.timeout = 10s (default)
2019-06-12 15:45:18,346 INFO  server.RaftServerConfigKeys (ConfUtils.java:logGet(43)) - raft.server.log.statemachine.data.sync.timeout.retry = -1 (default)
2019-06-12 15:45:18,346 INFO  server.RaftServerConfigKeys (ConfUtils.java:logGet(43)) - raft.server.log.statemachine.data.caching.enabled = true (custom)
2019-06-12 15:45:18,346 INFO  server.RaftServerConfigKeys (ConfUtils.java:logGet(43)) - raft.server.snapshot.auto.trigger.enabled = true (custom)
2019-06-12 15:45:18,346 INFO  server.RaftServerConfigKeys (ConfUtils.java:logGet(43)) - raft.server.snapshot.auto.trigger.threshold = 10000 (custom)
2019-06-12 15:45:18,347 INFO  server.RaftServerConfigKeys (ConfUtils.java:logGet(43)) - raft.server.retrycache.expirytime = 600000ms (custom)
2019-06-12 15:45:18,347 INFO  impl.RaftServerImpl (RaftServerImpl.java:start(173)) - 60a3fe11-3501-468a-b464-e78b638e7b04: start group-67562C804C43
2019-06-12 15:45:18,347 INFO  impl.RaftServerImpl (RaftServerImpl.java:setRole(164)) - 60a3fe11-3501-468a-b464-e78b638e7b04:group-67562C804C43 changes role from null to FOLLOWER at term 0 for startAsFollower
2019-06-12 15:45:18,347 INFO  impl.RoleInfo (RoleInfo.java:updateAndGet(143)) - 60a3fe11-3501-468a-b464-e78b638e7b04: start FollowerState
2019-06-12 15:45:18,347 INFO  util.JmxRegister (JmxRegister.java:tryRegister(44)) - Successfully registered JMX Bean with object name Ratis:service=RaftServer,group=group-67562C804C43,id=60a3fe11-3501-468a-b464-e78b638e7b04
2019-06-12 15:45:18,348 INFO  pipeline.PipelineStateManager (PipelineStateManager.java:addPipeline(56)) - Created pipeline Pipeline[ Id: 76a09da9-50b6-4cef-82ca-67562c804c43, Nodes: 60a3fe11-3501-468a-b464-e78b638e7b04{ip: 192.168.134.73, host: ozone-bzwcn-1332811729, networkLocation: /default-rack, certSerialId: null}, Type:RATIS, Factor:ONE, State:OPEN]
2019-06-12 15:45:18,354 INFO  impl.RaftServerProxy (RaftServerProxy.java:addNew(89)) - 879130b2-e12f-42c5-9017-cf785840f03d: addNew group-90B712C18CD6:[60a3fe11-3501-468a-b464-e78b638e7b04:192.168.134.73:33883, 879130b2-e12f-42c5-9017-cf785840f03d:192.168.134.73:33685, 15f5cd64-0a6e-476f-9483-dce4cbccf509:192.168.134.73:43373] returns group-90B712C18CD6:java.util.concurrent.CompletableFuture@6494ed73[Not completed]
2019-06-12 15:45:18,354 INFO  impl.RaftServerProxy (RaftServerProxy.java:addNew(89)) - 60a3fe11-3501-468a-b464-e78b638e7b04: addNew group-90B712C18CD6:[60a3fe11-3501-468a-b464-e78b638e7b04:192.168.134.73:33883, 879130b2-e12f-42c5-9017-cf785840f03d:192.168.134.73:33685, 15f5cd64-0a6e-476f-9483-dce4cbccf509:192.168.134.73:43373] returns group-90B712C18CD6:java.util.concurrent.CompletableFuture@5d11bd9[Not completed]
2019-06-12 15:45:18,354 INFO  impl.RaftServerImpl (RaftServerImpl.java:<init>(91)) - 879130b2-e12f-42c5-9017-cf785840f03d: new RaftServerImpl for group-90B712C18CD6:[60a3fe11-3501-468a-b464-e78b638e7b04:192.168.134.73:33883, 879130b2-e12f-42c5-9017-cf785840f03d:192.168.134.73:33685, 15f5cd64-0a6e-476f-9483-dce4cbccf509:192.168.134.73:43373] with ContainerStateMachine:uninitialized
2019-06-12 15:45:18,355 INFO  server.RaftServerConfigKeys (ConfUtils.java:logGet(43)) - raft.server.rpc.timeout.min = 1s (custom)
2019-06-12 15:45:18,355 INFO  impl.RaftServerProxy (RaftServerProxy.java:addNew(89)) - 15f5cd64-0a6e-476f-9483-dce4cbccf509: addNew group-90B712C18CD6:[60a3fe11-3501-468a-b464-e78b638e7b04:192.168.134.73:33883, 879130b2-e12f-42c5-9017-cf785840f03d:192.168.134.73:33685, 15f5cd64-0a6e-476f-9483-dce4cbccf509:192.168.134.73:43373] returns group-90B712C18CD6:java.util.concurrent.CompletableFuture@6256d15c[Not completed]
2019-06-12 15:45:18,355 INFO  server.RaftServerConfigKeys (ConfUtils.java:logGet(43)) - raft.server.rpc.timeout.max = 1200ms (custom)
2019-06-12 15:45:18,355 INFO  server.RaftServerConfigKeys (ConfUtils.java:logGet(43)) - raft.server.rpcslowness.timeout = 120s (custom)
2019-06-12 15:45:18,355 INFO  server.RaftServerConfigKeys (ConfUtils.java:logGet(43)) - raft.server.log.appender.install.snapshot.enabled = true (default)
2019-06-12 15:45:18,355 INFO  impl.RaftServerImpl (ServerState.java:<init>(101)) - 879130b2-e12f-42c5-9017-cf785840f03d:group-90B712C18CD6 ConfigurationManager, init=-1: [60a3fe11-3501-468a-b464-e78b638e7b04:192.168.134.73:33883, 879130b2-e12f-42c5-9017-cf785840f03d:192.168.134.73:33685, 15f5cd64-0a6e-476f-9483-dce4cbccf509:192.168.134.73:43373], old=null, confs=<EMPTY_MAP>
2019-06-12 15:45:18,355 INFO  server.RaftServerConfigKeys (ConfUtils.java:logGet(43)) - raft.server.storage.dir = [/opt/src/hadoop-ozone/integration-test/target/test-dir/MiniOzoneClusterImpl-fa654d9d-23c1-4a13-8ee5-a7de691b994f/datanode-3/data/ratis] (custom)
2019-06-12 15:45:18,356 INFO  storage.RaftStorageDirectory (RaftStorageDirectory.java:analyzeStorage(246)) - The storage directory /opt/src/hadoop-ozone/integration-test/target/test-dir/MiniOzoneClusterImpl-fa654d9d-23c1-4a13-8ee5-a7de691b994f/datanode-3/data/ratis/955dcfc8-6aca-406f-bc6c-90b712c18cd6 does not exist. Creating ...
2019-06-12 15:45:18,356 INFO  impl.RaftServerImpl (RaftServerImpl.java:<init>(91)) - 60a3fe11-3501-468a-b464-e78b638e7b04: new RaftServerImpl for group-90B712C18CD6:[60a3fe11-3501-468a-b464-e78b638e7b04:192.168.134.73:33883, 879130b2-e12f-42c5-9017-cf785840f03d:192.168.134.73:33685, 15f5cd64-0a6e-476f-9483-dce4cbccf509:192.168.134.73:43373] with ContainerStateMachine:uninitialized
2019-06-12 15:45:18,356 INFO  server.RaftServerConfigKeys (ConfUtils.java:logGet(43)) - raft.server.rpc.timeout.min = 1s (custom)
2019-06-12 15:45:18,356 INFO  server.RaftServerConfigKeys (ConfUtils.java:logGet(43)) - raft.server.rpc.timeout.max = 1200ms (custom)
2019-06-12 15:45:18,356 INFO  server.RaftServerConfigKeys (ConfUtils.java:logGet(43)) - raft.server.rpcslowness.timeout = 120s (custom)
2019-06-12 15:45:18,356 INFO  server.RaftServerConfigKeys (ConfUtils.java:logGet(43)) - raft.server.log.appender.install.snapshot.enabled = true (default)
2019-06-12 15:45:18,356 INFO  impl.RaftServerImpl (ServerState.java:<init>(101)) - 60a3fe11-3501-468a-b464-e78b638e7b04:group-90B712C18CD6 ConfigurationManager, init=-1: [60a3fe11-3501-468a-b464-e78b638e7b04:192.168.134.73:33883, 879130b2-e12f-42c5-9017-cf785840f03d:192.168.134.73:33685, 15f5cd64-0a6e-476f-9483-dce4cbccf509:192.168.134.73:43373], old=null, confs=<EMPTY_MAP>
2019-06-12 15:45:18,356 INFO  server.RaftServerConfigKeys (ConfUtils.java:logGet(43)) - raft.server.storage.dir = [/opt/src/hadoop-ozone/integration-test/target/test-dir/MiniOzoneClusterImpl-fa654d9d-23c1-4a13-8ee5-a7de691b994f/datanode-5/data/ratis] (custom)
2019-06-12 15:45:18,356 INFO  impl.RaftServerImpl (RaftServerImpl.java:<init>(91)) - 15f5cd64-0a6e-476f-9483-dce4cbccf509: new RaftServerImpl for group-90B712C18CD6:[60a3fe11-3501-468a-b464-e78b638e7b04:192.168.134.73:33883, 879130b2-e12f-42c5-9017-cf785840f03d:192.168.134.73:33685, 15f5cd64-0a6e-476f-9483-dce4cbccf509:192.168.134.73:43373] with ContainerStateMachine:uninitialized
2019-06-12 15:45:18,356 INFO  server.RaftServerConfigKeys (ConfUtils.java:logGet(43)) - raft.server.rpc.timeout.min = 1s (custom)
2019-06-12 15:45:18,356 INFO  storage.RaftStorageDirectory (RaftStorageDirectory.java:analyzeStorage(246)) - The storage directory /opt/src/hadoop-ozone/integration-test/target/test-dir/MiniOzoneClusterImpl-fa654d9d-23c1-4a13-8ee5-a7de691b994f/datanode-5/data/ratis/955dcfc8-6aca-406f-bc6c-90b712c18cd6 does not exist. Creating ...
2019-06-12 15:45:18,356 INFO  server.RaftServerConfigKeys (ConfUtils.java:logGet(43)) - raft.server.rpc.timeout.max = 1200ms (custom)
2019-06-12 15:45:18,357 INFO  server.RaftServerConfigKeys (ConfUtils.java:logGet(43)) - raft.server.rpcslowness.timeout = 120s (custom)
2019-06-12 15:45:18,357 INFO  server.RaftServerConfigKeys (ConfUtils.java:logGet(43)) - raft.server.log.appender.install.snapshot.enabled = true (default)
2019-06-12 15:45:18,357 INFO  impl.RaftServerImpl (ServerState.java:<init>(101)) - 15f5cd64-0a6e-476f-9483-dce4cbccf509:group-90B712C18CD6 ConfigurationManager, init=-1: [60a3fe11-3501-468a-b464-e78b638e7b04:192.168.134.73:33883, 879130b2-e12f-42c5-9017-cf785840f03d:192.168.134.73:33685, 15f5cd64-0a6e-476f-9483-dce4cbccf509:192.168.134.73:43373], old=null, confs=<EMPTY_MAP>
2019-06-12 15:45:18,357 INFO  server.RaftServerConfigKeys (ConfUtils.java:logGet(43)) - raft.server.storage.dir = [/opt/src/hadoop-ozone/integration-test/target/test-dir/MiniOzoneClusterImpl-fa654d9d-23c1-4a13-8ee5-a7de691b994f/datanode-4/data/ratis] (custom)
2019-06-12 15:45:18,357 INFO  storage.RaftStorageDirectory (RaftStorageDirectory.java:analyzeStorage(246)) - The storage directory /opt/src/hadoop-ozone/integration-test/target/test-dir/MiniOzoneClusterImpl-fa654d9d-23c1-4a13-8ee5-a7de691b994f/datanode-4/data/ratis/955dcfc8-6aca-406f-bc6c-90b712c18cd6 does not exist. Creating ...
2019-06-12 15:45:18,358 INFO  storage.RaftStorageDirectory (RaftStorageDirectory.java:tryLock(328)) - Lock on /opt/src/hadoop-ozone/integration-test/target/test-dir/MiniOzoneClusterImpl-fa654d9d-23c1-4a13-8ee5-a7de691b994f/datanode-3/data/ratis/955dcfc8-6aca-406f-bc6c-90b712c18cd6/in_use.lock acquired by nodename 14645@ozone-bzwcn-1332811729
2019-06-12 15:45:18,359 INFO  storage.RaftStorageDirectory (RaftStorageDirectory.java:tryLock(328)) - Lock on /opt/src/hadoop-ozone/integration-test/target/test-dir/MiniOzoneClusterImpl-fa654d9d-23c1-4a13-8ee5-a7de691b994f/datanode-5/data/ratis/955dcfc8-6aca-406f-bc6c-90b712c18cd6/in_use.lock acquired by nodename 14645@ozone-bzwcn-1332811729
2019-06-12 15:45:18,359 INFO  storage.RaftStorageDirectory (RaftStorageDirectory.java:tryLock(328)) - Lock on /opt/src/hadoop-ozone/integration-test/target/test-dir/MiniOzoneClusterImpl-fa654d9d-23c1-4a13-8ee5-a7de691b994f/datanode-4/data/ratis/955dcfc8-6aca-406f-bc6c-90b712c18cd6/in_use.lock acquired by nodename 14645@ozone-bzwcn-1332811729
2019-06-12 15:45:18,360 INFO  storage.RaftStorage (RaftStorage.java:format(75)) - Storage directory /opt/src/hadoop-ozone/integration-test/target/test-dir/MiniOzoneClusterImpl-fa654d9d-23c1-4a13-8ee5-a7de691b994f/datanode-3/data/ratis/955dcfc8-6aca-406f-bc6c-90b712c18cd6 has been successfully formatted.
2019-06-12 15:45:18,360 INFO  ratis.ContainerStateMachine (ContainerStateMachine.java:loadSnapshot(199)) - The snapshot info is null.Setting the last applied index to:(t:0, i:~)
2019-06-12 15:45:18,360 INFO  server.RaftServerConfigKeys (ConfUtils.java:logGet(43)) - raft.server.leader.election.timeout = 120s (custom)
2019-06-12 15:45:18,360 INFO  server.RaftServerConfigKeys (ConfUtils.java:logGet(43)) - raft.server.log.use.memory = false (default)
2019-06-12 15:45:18,360 INFO  server.RaftServerConfigKeys (ConfUtils.java:logGet(43)) - raft.server.log.appender.buffer.byte-limit = 33554432 (custom)
2019-06-12 15:45:18,360 INFO  server.RaftServerConfigKeys (ConfUtils.java:logGet(43)) - raft.server.log.segment.size.max = 16384 (custom)
2019-06-12 15:45:18,360 INFO  server.RaftServerConfigKeys (ConfUtils.java:logGet(43)) - raft.server.log.segment.cache.num.max = 2 (custom)
2019-06-12 15:45:18,361 INFO  storage.RaftLogWorker (RaftLogWorker.java:<init>(123)) - new 879130b2-e12f-42c5-9017-cf785840f03d-RaftLogWorker for Storage Directory /opt/src/hadoop-ozone/integration-test/target/test-dir/MiniOzoneClusterImpl-fa654d9d-23c1-4a13-8ee5-a7de691b994f/datanode-3/data/ratis/955dcfc8-6aca-406f-bc6c-90b712c18cd6
2019-06-12 15:45:18,361 INFO  server.RaftServerConfigKeys (ConfUtils.java:logGet(43)) - raft.server.log.queue.byte-limit = 2147483647 (custom)
2019-06-12 15:45:18,361 INFO  server.RaftServerConfigKeys (ConfUtils.java:logGet(43)) - raft.server.log.queue.element-limit = 1024 (custom)
2019-06-12 15:45:18,361 INFO  server.RaftServerConfigKeys (ConfUtils.java:logGet(43)) - raft.server.log.segment.size.max = 16384 (custom)
2019-06-12 15:45:18,361 INFO  server.RaftServerConfigKeys (ConfUtils.java:logGet(43)) - raft.server.log.preallocated.size = 16384 (custom)
2019-06-12 15:45:18,361 INFO  server.RaftServerConfigKeys (ConfUtils.java:logGet(43)) - raft.server.log.write.buffer.size = 33554432 (custom)
2019-06-12 15:45:18,361 INFO  server.RaftServerConfigKeys (ConfUtils.java:logGet(43)) - raft.server.log.force.sync.num = 128 (default)
2019-06-12 15:45:18,361 INFO  server.RaftServerConfigKeys (ConfUtils.java:logGet(43)) - raft.server.log.statemachine.data.sync = true (default)
2019-06-12 15:45:18,361 INFO  server.RaftServerConfigKeys (ConfUtils.java:logGet(43)) - raft.server.log.statemachine.data.sync.timeout = 10s (default)
2019-06-12 15:45:18,361 INFO  server.RaftServerConfigKeys (ConfUtils.java:logGet(43)) - raft.server.log.statemachine.data.sync.timeout.retry = -1 (default)
2019-06-12 15:45:18,361 INFO  server.RaftServerConfigKeys (ConfUtils.java:logGet(43)) - raft.server.log.statemachine.data.caching.enabled = true (custom)
2019-06-12 15:45:18,361 INFO  server.RaftServerConfigKeys (ConfUtils.java:logGet(43)) - raft.server.snapshot.auto.trigger.enabled = true (custom)
2019-06-12 15:45:18,361 INFO  server.RaftServerConfigKeys (ConfUtils.java:logGet(43)) - raft.server.snapshot.auto.trigger.threshold = 10000 (custom)
2019-06-12 15:45:18,362 INFO  server.RaftServerConfigKeys (ConfUtils.java:logGet(43)) - raft.server.retrycache.expirytime = 600000ms (custom)
2019-06-12 15:45:18,362 INFO  storage.RaftStorage (RaftStorage.java:format(75)) - Storage directory /opt/src/hadoop-ozone/integration-test/target/test-dir/MiniOzoneClusterImpl-fa654d9d-23c1-4a13-8ee5-a7de691b994f/datanode-5/data/ratis/955dcfc8-6aca-406f-bc6c-90b712c18cd6 has been successfully formatted.
2019-06-12 15:45:18,362 INFO  storage.RaftStorage (RaftStorage.java:format(75)) - Storage directory /opt/src/hadoop-ozone/integration-test/target/test-dir/MiniOzoneClusterImpl-fa654d9d-23c1-4a13-8ee5-a7de691b994f/datanode-4/data/ratis/955dcfc8-6aca-406f-bc6c-90b712c18cd6 has been successfully formatted.
2019-06-12 15:45:18,362 INFO  ratis.ContainerStateMachine (ContainerStateMachine.java:loadSnapshot(199)) - The snapshot info is null.Setting the last applied index to:(t:0, i:~)
2019-06-12 15:45:18,362 INFO  impl.RaftServerImpl (RaftServerImpl.java:start(173)) - 879130b2-e12f-42c5-9017-cf785840f03d: start group-90B712C18CD6
2019-06-12 15:45:18,362 INFO  server.RaftServerConfigKeys (ConfUtils.java:logGet(43)) - raft.server.leader.election.timeout = 120s (custom)
2019-06-12 15:45:18,362 INFO  ratis.ContainerStateMachine (ContainerStateMachine.java:loadSnapshot(199)) - The snapshot info is null.Setting the last applied index to:(t:0, i:~)
2019-06-12 15:45:18,362 INFO  impl.RaftServerImpl (RaftServerImpl.java:setRole(164)) - 879130b2-e12f-42c5-9017-cf785840f03d:group-90B712C18CD6 changes role from null to FOLLOWER at term 0 for startAsFollower
2019-06-12 15:45:18,362 INFO  server.RaftServerConfigKeys (ConfUtils.java:logGet(43)) - raft.server.leader.election.timeout = 120s (custom)
2019-06-12 15:45:18,362 INFO  server.RaftServerConfigKeys (ConfUtils.java:logGet(43)) - raft.server.log.use.memory = false (default)
2019-06-12 15:45:18,362 INFO  server.RaftServerConfigKeys (ConfUtils.java:logGet(43)) - raft.server.log.use.memory = false (default)
2019-06-12 15:45:18,362 INFO  impl.RoleInfo (RoleInfo.java:updateAndGet(143)) - 879130b2-e12f-42c5-9017-cf785840f03d: start FollowerState
2019-06-12 15:45:18,362 INFO  server.RaftServerConfigKeys (ConfUtils.java:logGet(43)) - raft.server.log.appender.buffer.byte-limit = 33554432 (custom)
2019-06-12 15:45:18,362 INFO  server.RaftServerConfigKeys (ConfUtils.java:logGet(43)) - raft.server.log.appender.buffer.byte-limit = 33554432 (custom)
2019-06-12 15:45:18,362 INFO  server.RaftServerConfigKeys (ConfUtils.java:logGet(43)) - raft.server.log.segment.size.max = 16384 (custom)
2019-06-12 15:45:18,363 INFO  server.RaftServerConfigKeys (ConfUtils.java:logGet(43)) - raft.server.log.segment.size.max = 16384 (custom)
2019-06-12 15:45:18,363 INFO  util.JmxRegister (JmxRegister.java:tryRegister(44)) - Successfully registered JMX Bean with object name Ratis:service=RaftServer,group=group-90B712C18CD6,id=879130b2-e12f-42c5-9017-cf785840f03d
2019-06-12 15:45:18,363 INFO  server.RaftServerConfigKeys (ConfUtils.java:logGet(43)) - raft.server.log.segment.cache.num.max = 2 (custom)
2019-06-12 15:45:18,363 INFO  storage.RaftLogWorker (RaftLogWorker.java:<init>(123)) - new 60a3fe11-3501-468a-b464-e78b638e7b04-RaftLogWorker for Storage Directory /opt/src/hadoop-ozone/integration-test/target/test-dir/MiniOzoneClusterImpl-fa654d9d-23c1-4a13-8ee5-a7de691b994f/datanode-5/data/ratis/955dcfc8-6aca-406f-bc6c-90b712c18cd6
2019-06-12 15:45:18,363 INFO  server.RaftServerConfigKeys (ConfUtils.java:logGet(43)) - raft.server.log.queue.byte-limit = 2147483647 (custom)
2019-06-12 15:45:18,363 INFO  server.RaftServerConfigKeys (ConfUtils.java:logGet(43)) - raft.server.log.queue.element-limit = 1024 (custom)
2019-06-12 15:45:18,363 INFO  server.RaftServerConfigKeys (ConfUtils.java:logGet(43)) - raft.server.log.segment.size.max = 16384 (custom)
2019-06-12 15:45:18,363 INFO  server.RaftServerConfigKeys (ConfUtils.java:logGet(43)) - raft.server.log.preallocated.size = 16384 (custom)
2019-06-12 15:45:18,363 INFO  server.RaftServerConfigKeys (ConfUtils.java:logGet(43)) - raft.server.log.write.buffer.size = 33554432 (custom)
2019-06-12 15:45:18,363 INFO  server.RaftServerConfigKeys (ConfUtils.java:logGet(43)) - raft.server.log.force.sync.num = 128 (default)
2019-06-12 15:45:18,363 INFO  server.RaftServerConfigKeys (ConfUtils.java:logGet(43)) - raft.server.log.statemachine.data.sync = true (default)
2019-06-12 15:45:18,363 INFO  server.RaftServerConfigKeys (ConfUtils.java:logGet(43)) - raft.server.log.statemachine.data.sync.timeout = 10s (default)
2019-06-12 15:45:18,364 INFO  server.RaftServerConfigKeys (ConfUtils.java:logGet(43)) - raft.server.log.statemachine.data.sync.timeout.retry = -1 (default)
2019-06-12 15:45:18,364 INFO  server.RaftServerConfigKeys (ConfUtils.java:logGet(43)) - raft.server.log.statemachine.data.caching.enabled = true (custom)
2019-06-12 15:45:18,363 INFO  server.RaftServerConfigKeys (ConfUtils.java:logGet(43)) - raft.server.log.segment.cache.num.max = 2 (custom)
2019-06-12 15:45:18,364 INFO  server.RaftServerConfigKeys (ConfUtils.java:logGet(43)) - raft.server.snapshot.auto.trigger.enabled = true (custom)
2019-06-12 15:45:18,373 INFO  server.RaftServerConfigKeys (ConfUtils.java:logGet(43)) - raft.server.snapshot.auto.trigger.threshold = 10000 (custom)
2019-06-12 15:45:18,373 INFO  server.RaftServerConfigKeys (ConfUtils.java:logGet(43)) - raft.server.retrycache.expirytime = 600000ms (custom)
2019-06-12 15:45:18,373 INFO  impl.RaftServerImpl (RaftServerImpl.java:start(173)) - 60a3fe11-3501-468a-b464-e78b638e7b04: start group-90B712C18CD6
2019-06-12 15:45:18,373 INFO  impl.RaftServerImpl (RaftServerImpl.java:setRole(164)) - 60a3fe11-3501-468a-b464-e78b638e7b04:group-90B712C18CD6 changes role from null to FOLLOWER at term 0 for startAsFollower
2019-06-12 15:45:18,373 INFO  impl.RoleInfo (RoleInfo.java:updateAndGet(143)) - 60a3fe11-3501-468a-b464-e78b638e7b04: start FollowerState
2019-06-12 15:45:18,373 INFO  storage.RaftLogWorker (RaftLogWorker.java:<init>(123)) - new 15f5cd64-0a6e-476f-9483-dce4cbccf509-RaftLogWorker for Storage Directory /opt/src/hadoop-ozone/integration-test/target/test-dir/MiniOzoneClusterImpl-fa654d9d-23c1-4a13-8ee5-a7de691b994f/datanode-4/data/ratis/955dcfc8-6aca-406f-bc6c-90b712c18cd6
2019-06-12 15:45:18,373 INFO  server.RaftServerConfigKeys (ConfUtils.java:logGet(43)) - raft.server.log.queue.byte-limit = 2147483647 (custom)
2019-06-12 15:45:18,374 INFO  server.RaftServerConfigKeys (ConfUtils.java:logGet(43)) - raft.server.log.queue.element-limit = 1024 (custom)
2019-06-12 15:45:18,374 INFO  util.JmxRegister (JmxRegister.java:tryRegister(44)) - Successfully registered JMX Bean with object name Ratis:service=RaftServer,group=group-90B712C18CD6,id=60a3fe11-3501-468a-b464-e78b638e7b04
2019-06-12 15:45:18,374 INFO  server.RaftServerConfigKeys (ConfUtils.java:logGet(43)) - raft.server.log.segment.size.max = 16384 (custom)
2019-06-12 15:45:18,374 INFO  server.RaftServerConfigKeys (ConfUtils.java:logGet(43)) - raft.server.log.preallocated.size = 16384 (custom)
2019-06-12 15:45:18,374 INFO  server.RaftServerConfigKeys (ConfUtils.java:logGet(43)) - raft.server.log.write.buffer.size = 33554432 (custom)
2019-06-12 15:45:18,374 INFO  server.RaftServerConfigKeys (ConfUtils.java:logGet(43)) - raft.server.log.force.sync.num = 128 (default)
2019-06-12 15:45:18,374 INFO  server.RaftServerConfigKeys (ConfUtils.java:logGet(43)) - raft.server.log.statemachine.data.sync = true (default)
2019-06-12 15:45:18,374 INFO  server.RaftServerConfigKeys (ConfUtils.java:logGet(43)) - raft.server.log.statemachine.data.sync.timeout = 10s (default)
2019-06-12 15:45:18,374 INFO  server.RaftServerConfigKeys (ConfUtils.java:logGet(43)) - raft.server.log.statemachine.data.sync.timeout.retry = -1 (default)
2019-06-12 15:45:18,374 INFO  server.RaftServerConfigKeys (ConfUtils.java:logGet(43)) - raft.server.log.statemachine.data.caching.enabled = true (custom)
2019-06-12 15:45:18,375 INFO  server.RaftServerConfigKeys (ConfUtils.java:logGet(43)) - raft.server.snapshot.auto.trigger.enabled = true (custom)
2019-06-12 15:45:18,375 INFO  server.RaftServerConfigKeys (ConfUtils.java:logGet(43)) - raft.server.snapshot.auto.trigger.threshold = 10000 (custom)
2019-06-12 15:45:18,375 INFO  server.RaftServerConfigKeys (ConfUtils.java:logGet(43)) - raft.server.retrycache.expirytime = 600000ms (custom)
2019-06-12 15:45:18,375 INFO  impl.RaftServerImpl (RaftServerImpl.java:start(173)) - 15f5cd64-0a6e-476f-9483-dce4cbccf509: start group-90B712C18CD6
2019-06-12 15:45:18,375 INFO  impl.RaftServerImpl (RaftServerImpl.java:setRole(164)) - 15f5cd64-0a6e-476f-9483-dce4cbccf509:group-90B712C18CD6 changes role from null to FOLLOWER at term 0 for startAsFollower
2019-06-12 15:45:18,375 INFO  impl.RoleInfo (RoleInfo.java:updateAndGet(143)) - 15f5cd64-0a6e-476f-9483-dce4cbccf509: start FollowerState
2019-06-12 15:45:18,376 INFO  util.JmxRegister (JmxRegister.java:tryRegister(44)) - Successfully registered JMX Bean with object name Ratis:service=RaftServer,group=group-90B712C18CD6,id=15f5cd64-0a6e-476f-9483-dce4cbccf509
2019-06-12 15:45:18,378 INFO  pipeline.PipelineStateManager (PipelineStateManager.java:addPipeline(56)) - Created pipeline Pipeline[ Id: 955dcfc8-6aca-406f-bc6c-90b712c18cd6, Nodes: 15f5cd64-0a6e-476f-9483-dce4cbccf509{ip: 192.168.134.73, host: ozone-bzwcn-1332811729, networkLocation: /default-rack, certSerialId: null}879130b2-e12f-42c5-9017-cf785840f03d{ip: 192.168.134.73, host: ozone-bzwcn-1332811729, networkLocation: /default-rack, certSerialId: null}60a3fe11-3501-468a-b464-e78b638e7b04{ip: 192.168.134.73, host: ozone-bzwcn-1332811729, networkLocation: /default-rack, certSerialId: null}, Type:RATIS, Factor:THREE, State:OPEN]
2019-06-12 15:45:18,817 INFO  impl.FollowerState (FollowerState.java:run(101)) - dab0d7a9-0f40-40f5-b58a-3395b18fe462:group-07F6EF45C38B changes to CANDIDATE, lastRpcTime:1182, electionTimeout:1182ms
2019-06-12 15:45:18,817 INFO  impl.RoleInfo (RoleInfo.java:shutdownFollowerState(121)) - dab0d7a9-0f40-40f5-b58a-3395b18fe462: shutdown FollowerState
2019-06-12 15:45:18,817 INFO  impl.RaftServerImpl (RaftServerImpl.java:setRole(164)) - dab0d7a9-0f40-40f5-b58a-3395b18fe462:group-07F6EF45C38B changes role from FOLLOWER to CANDIDATE at term 0 for changeToCandidate
2019-06-12 15:45:18,817 INFO  impl.RoleInfo (RoleInfo.java:updateAndGet(143)) - dab0d7a9-0f40-40f5-b58a-3395b18fe462: start LeaderElection
2019-06-12 15:45:18,823 INFO  impl.LeaderElection (LeaderElection.java:askForVotes(181)) - dab0d7a9-0f40-40f5-b58a-3395b18fe462:group-07F6EF45C38B:LeaderElection62: begin an election at term 1 for -1: [dab0d7a9-0f40-40f5-b58a-3395b18fe462:192.168.134.73:42459], old=null
2019-06-12 15:45:18,823 INFO  impl.RoleInfo (RoleInfo.java:shutdownLeaderElection(134)) - dab0d7a9-0f40-40f5-b58a-3395b18fe462: shutdown LeaderElection
2019-06-12 15:45:18,823 INFO  impl.RaftServerImpl (RaftServerImpl.java:setRole(164)) - dab0d7a9-0f40-40f5-b58a-3395b18fe462:group-07F6EF45C38B changes role from CANDIDATE to LEADER at term 1 for changeToLeader
2019-06-12 15:45:18,823 INFO  impl.RaftServerImpl (ServerState.java:setLeader(263)) - dab0d7a9-0f40-40f5-b58a-3395b18fe462:group-07F6EF45C38B change Leader from null to dab0d7a9-0f40-40f5-b58a-3395b18fe462 at term 1 for becomeLeader, leader elected after 1190ms
2019-06-12 15:45:18,823 INFO  server.RaftServerConfigKeys (ConfUtils.java:logGet(43)) - raft.server.staging.catchup.gap = 1000 (default)
2019-06-12 15:45:18,823 INFO  server.RaftServerConfigKeys (ConfUtils.java:logGet(43)) - raft.server.rpc.sleep.time = 25ms (default)
2019-06-12 15:45:18,823 INFO  server.RaftServerConfigKeys (ConfUtils.java:logGet(43)) - raft.server.watch.timeout = 10s (default)
2019-06-12 15:45:18,823 INFO  server.RaftServerConfigKeys (ConfUtils.java:logGet(43)) - raft.server.watch.timeout.denomination = 1s (default)
2019-06-12 15:45:18,823 INFO  impl.RoleInfo (RoleInfo.java:updateAndGet(143)) - dab0d7a9-0f40-40f5-b58a-3395b18fe462: start LeaderState
2019-06-12 15:45:18,824 INFO  storage.RaftLogWorker (RaftLogWorker.java:startLogSegment(298)) - dab0d7a9-0f40-40f5-b58a-3395b18fe462-RaftLogWorker: Starting segment from index:0
2019-06-12 15:45:18,824 INFO  impl.RaftServerImpl (ServerState.java:setRaftConf(361)) - dab0d7a9-0f40-40f5-b58a-3395b18fe462:group-07F6EF45C38B set configuration 0: [dab0d7a9-0f40-40f5-b58a-3395b18fe462:192.168.134.73:42459], old=null at 0
2019-06-12 15:45:18,858 INFO  storage.RaftLogWorker (RaftLogWorker.java:execute(469)) - dab0d7a9-0f40-40f5-b58a-3395b18fe462-RaftLogWorker: created new log segment /opt/src/hadoop-ozone/integration-test/target/test-dir/MiniOzoneClusterImpl-fa654d9d-23c1-4a13-8ee5-a7de691b994f/datanode-0/data/ratis/0af31704-bafa-48d4-b4ce-07f6ef45c38b/current/log_inprogress_0
2019-06-12 15:45:18,944 INFO  impl.FollowerState (FollowerState.java:run(101)) - 47205cd5-9d4d-420e-8292-fb3a06f2c406:group-8A1BDF12DDB3 changes to CANDIDATE, lastRpcTime:1148, electionTimeout:1148ms
2019-06-12 15:45:18,944 INFO  impl.RoleInfo (RoleInfo.java:shutdownFollowerState(121)) - 47205cd5-9d4d-420e-8292-fb3a06f2c406: shutdown FollowerState
2019-06-12 15:45:18,944 INFO  impl.RaftServerImpl (RaftServerImpl.java:setRole(164)) - 47205cd5-9d4d-420e-8292-fb3a06f2c406:group-8A1BDF12DDB3 changes role from FOLLOWER to CANDIDATE at term 0 for changeToCandidate
2019-06-12 15:45:18,944 INFO  impl.RoleInfo (RoleInfo.java:updateAndGet(143)) - 47205cd5-9d4d-420e-8292-fb3a06f2c406: start LeaderElection
2019-06-12 15:45:18,950 INFO  impl.LeaderElection (LeaderElection.java:askForVotes(181)) - 47205cd5-9d4d-420e-8292-fb3a06f2c406:group-8A1BDF12DDB3:LeaderElection63: begin an election at term 1 for -1: [47205cd5-9d4d-420e-8292-fb3a06f2c406:192.168.134.73:41935], old=null
2019-06-12 15:45:18,950 INFO  impl.RoleInfo (RoleInfo.java:shutdownLeaderElection(134)) - 47205cd5-9d4d-420e-8292-fb3a06f2c406: shutdown LeaderElection
2019-06-12 15:45:18,950 INFO  impl.RaftServerImpl (RaftServerImpl.java:setRole(164)) - 47205cd5-9d4d-420e-8292-fb3a06f2c406:group-8A1BDF12DDB3 changes role from CANDIDATE to LEADER at term 1 for changeToLeader
2019-06-12 15:45:18,950 INFO  impl.RaftServerImpl (ServerState.java:setLeader(263)) - 47205cd5-9d4d-420e-8292-fb3a06f2c406:group-8A1BDF12DDB3 change Leader from null to 47205cd5-9d4d-420e-8292-fb3a06f2c406 at term 1 for becomeLeader, leader elected after 1155ms
2019-06-12 15:45:18,950 INFO  server.RaftServerConfigKeys (ConfUtils.java:logGet(43)) - raft.server.staging.catchup.gap = 1000 (default)
2019-06-12 15:45:18,950 INFO  server.RaftServerConfigKeys (ConfUtils.java:logGet(43)) - raft.server.rpc.sleep.time = 25ms (default)
2019-06-12 15:45:18,950 INFO  server.RaftServerConfigKeys (ConfUtils.java:logGet(43)) - raft.server.watch.timeout = 10s (default)
2019-06-12 15:45:18,950 INFO  server.RaftServerConfigKeys (ConfUtils.java:logGet(43)) - raft.server.watch.timeout.denomination = 1s (default)
2019-06-12 15:45:18,950 INFO  impl.RoleInfo (RoleInfo.java:updateAndGet(143)) - 47205cd5-9d4d-420e-8292-fb3a06f2c406: start LeaderState
2019-06-12 15:45:18,951 INFO  storage.RaftLogWorker (RaftLogWorker.java:startLogSegment(298)) - 47205cd5-9d4d-420e-8292-fb3a06f2c406-RaftLogWorker: Starting segment from index:0
2019-06-12 15:45:18,951 INFO  impl.RaftServerImpl (ServerState.java:setRaftConf(361)) - 47205cd5-9d4d-420e-8292-fb3a06f2c406:group-8A1BDF12DDB3 set configuration 0: [47205cd5-9d4d-420e-8292-fb3a06f2c406:192.168.134.73:41935], old=null at 0
2019-06-12 15:45:18,968 INFO  impl.FollowerState (FollowerState.java:run(101)) - 47205cd5-9d4d-420e-8292-fb3a06f2c406:group-2921CB2493C8 changes to CANDIDATE, lastRpcTime:1025, electionTimeout:1025ms
2019-06-12 15:45:18,968 INFO  impl.RoleInfo (RoleInfo.java:shutdownFollowerState(121)) - 47205cd5-9d4d-420e-8292-fb3a06f2c406: shutdown FollowerState
2019-06-12 15:45:18,968 INFO  impl.RaftServerImpl (RaftServerImpl.java:setRole(164)) - 47205cd5-9d4d-420e-8292-fb3a06f2c406:group-2921CB2493C8 changes role from FOLLOWER to CANDIDATE at term 0 for changeToCandidate
2019-06-12 15:45:18,968 INFO  impl.RoleInfo (RoleInfo.java:updateAndGet(143)) - 47205cd5-9d4d-420e-8292-fb3a06f2c406: start LeaderElection
2019-06-12 15:45:18,988 INFO  storage.RaftLogWorker (RaftLogWorker.java:execute(469)) - 47205cd5-9d4d-420e-8292-fb3a06f2c406-RaftLogWorker: created new log segment /opt/src/hadoop-ozone/integration-test/target/test-dir/MiniOzoneClusterImpl-fa654d9d-23c1-4a13-8ee5-a7de691b994f/datanode-1/data/ratis/7e7e7f81-ea24-444c-9e75-8a1bdf12ddb3/current/log_inprogress_0
2019-06-12 15:45:18,988 INFO  impl.LeaderElection (LeaderElection.java:askForVotes(181)) - 47205cd5-9d4d-420e-8292-fb3a06f2c406:group-2921CB2493C8:LeaderElection64: begin an election at term 1 for -1: [70f49eaa-db79-4366-b826-b03c57db84ba:192.168.134.73:41583, dab0d7a9-0f40-40f5-b58a-3395b18fe462:192.168.134.73:42459, 47205cd5-9d4d-420e-8292-fb3a06f2c406:192.168.134.73:41935], old=null
2019-06-12 15:45:18,993 INFO  impl.RaftServerImpl (RaftServerImpl.java:setRole(164)) - 70f49eaa-db79-4366-b826-b03c57db84ba:group-2921CB2493C8 changes role from FOLLOWER to FOLLOWER at term 1 for recognizeCandidate:47205cd5-9d4d-420e-8292-fb3a06f2c406
2019-06-12 15:45:18,993 INFO  impl.RoleInfo (RoleInfo.java:shutdownFollowerState(121)) - 70f49eaa-db79-4366-b826-b03c57db84ba: shutdown FollowerState
2019-06-12 15:45:18,993 INFO  impl.RoleInfo (RoleInfo.java:updateAndGet(143)) - 70f49eaa-db79-4366-b826-b03c57db84ba: start FollowerState
2019-06-12 15:45:18,993 INFO  impl.FollowerState (FollowerState.java:run(109)) - 70f49eaa-db79-4366-b826-b03c57db84ba: FollowerState was interrupted: java.lang.InterruptedException: sleep interrupted
2019-06-12 15:45:18,995 INFO  impl.RaftServerImpl (RaftServerImpl.java:setRole(164)) - dab0d7a9-0f40-40f5-b58a-3395b18fe462:group-2921CB2493C8 changes role from FOLLOWER to FOLLOWER at term 1 for recognizeCandidate:47205cd5-9d4d-420e-8292-fb3a06f2c406
2019-06-12 15:45:18,995 INFO  impl.RoleInfo (RoleInfo.java:shutdownFollowerState(121)) - dab0d7a9-0f40-40f5-b58a-3395b18fe462: shutdown FollowerState
2019-06-12 15:45:18,995 INFO  impl.RoleInfo (RoleInfo.java:updateAndGet(143)) - dab0d7a9-0f40-40f5-b58a-3395b18fe462: start FollowerState
2019-06-12 15:45:18,995 INFO  impl.FollowerState (FollowerState.java:run(109)) - dab0d7a9-0f40-40f5-b58a-3395b18fe462: FollowerState was interrupted: java.lang.InterruptedException: sleep interrupted
2019-06-12 15:45:18,999 INFO  impl.LeaderElection (LeaderElection.java:logAndReturn(56)) - 47205cd5-9d4d-420e-8292-fb3a06f2c406:group-2921CB2493C8:LeaderElection64: Election PASSED; received 1 response(s) [47205cd5-9d4d-420e-8292-fb3a06f2c406->70f49eaa-db79-4366-b826-b03c57db84ba,true-t1] and 0 exception(s); 47205cd5-9d4d-420e-8292-fb3a06f2c406:t1, leader=null, voted=47205cd5-9d4d-420e-8292-fb3a06f2c406, raftlog=47205cd5-9d4d-420e-8292-fb3a06f2c406-SegmentedRaftLog:OPENED:c-1,f-1,i0, conf=-1: [70f49eaa-db79-4366-b826-b03c57db84ba:192.168.134.73:41583, dab0d7a9-0f40-40f5-b58a-3395b18fe462:192.168.134.73:42459, 47205cd5-9d4d-420e-8292-fb3a06f2c406:192.168.134.73:41935], old=null
2019-06-12 15:45:19,001 INFO  impl.RoleInfo (RoleInfo.java:shutdownLeaderElection(134)) - 47205cd5-9d4d-420e-8292-fb3a06f2c406: shutdown LeaderElection
2019-06-12 15:45:19,001 INFO  impl.RaftServerImpl (RaftServerImpl.java:setRole(164)) - 47205cd5-9d4d-420e-8292-fb3a06f2c406:group-2921CB2493C8 changes role from CANDIDATE to LEADER at term 1 for changeToLeader
2019-06-12 15:45:19,001 INFO  impl.RaftServerImpl (ServerState.java:setLeader(263)) - 47205cd5-9d4d-420e-8292-fb3a06f2c406:group-2921CB2493C8 change Leader from null to 47205cd5-9d4d-420e-8292-fb3a06f2c406 at term 1 for becomeLeader, leader elected after 1062ms
2019-06-12 15:45:19,001 INFO  server.RaftServerConfigKeys (ConfUtils.java:logGet(43)) - raft.server.staging.catchup.gap = 1000 (default)
2019-06-12 15:45:19,001 INFO  server.RaftServerConfigKeys (ConfUtils.java:logGet(43)) - raft.server.rpc.sleep.time = 25ms (default)
2019-06-12 15:45:19,002 INFO  server.RaftServerConfigKeys (ConfUtils.java:logGet(43)) - raft.server.watch.timeout = 10s (default)
2019-06-12 15:45:19,002 INFO  server.RaftServerConfigKeys (ConfUtils.java:logGet(43)) - raft.server.watch.timeout.denomination = 1s (default)
2019-06-12 15:45:19,002 INFO  server.RaftServerConfigKeys (ConfUtils.java:logGet(43)) - raft.server.log.appender.snapshot.chunk.size.max = 16MB (=16777216) (default)
2019-06-12 15:45:19,002 INFO  server.RaftServerConfigKeys (ConfUtils.java:logGet(43)) - raft.server.log.appender.buffer.byte-limit = 33554432 (custom)
2019-06-12 15:45:19,002 INFO  server.RaftServerConfigKeys (ConfUtils.java:logGet(43)) - raft.server.log.appender.buffer.element-limit = 1 (custom)
2019-06-12 15:45:19,002 INFO  grpc.GrpcConfigKeys$Server (ConfUtils.java:logGet(43)) - raft.grpc.server.leader.outstanding.appends.max = 128 (default)
2019-06-12 15:45:19,002 INFO  server.RaftServerConfigKeys (ConfUtils.java:logGet(43)) - raft.server.rpc.request.timeout = 3000ms (default)
2019-06-12 15:45:19,002 INFO  server.RaftServerConfigKeys (ConfUtils.java:logGet(43)) - raft.server.log.appender.install.snapshot.enabled = true (default)
2019-06-12 15:45:19,003 INFO  server.RaftServerConfigKeys (ConfUtils.java:logGet(43)) - raft.server.log.appender.snapshot.chunk.size.max = 16MB (=16777216) (default)
2019-06-12 15:45:19,003 INFO  server.RaftServerConfigKeys (ConfUtils.java:logGet(43)) - raft.server.log.appender.buffer.byte-limit = 33554432 (custom)
2019-06-12 15:45:19,003 INFO  server.RaftServerConfigKeys (ConfUtils.java:logGet(43)) - raft.server.log.appender.buffer.element-limit = 1 (custom)
2019-06-12 15:45:19,003 INFO  grpc.GrpcConfigKeys$Server (ConfUtils.java:logGet(43)) - raft.grpc.server.leader.outstanding.appends.max = 128 (default)
2019-06-12 15:45:19,003 INFO  server.RaftServerConfigKeys (ConfUtils.java:logGet(43)) - raft.server.rpc.request.timeout = 3000ms (default)
2019-06-12 15:45:19,003 INFO  server.RaftServerConfigKeys (ConfUtils.java:logGet(43)) - raft.server.log.appender.install.snapshot.enabled = true (default)
2019-06-12 15:45:19,003 INFO  impl.RoleInfo (RoleInfo.java:updateAndGet(143)) - 47205cd5-9d4d-420e-8292-fb3a06f2c406: start LeaderState
2019-06-12 15:45:19,003 INFO  storage.RaftLogWorker (RaftLogWorker.java:startLogSegment(298)) - 47205cd5-9d4d-420e-8292-fb3a06f2c406-RaftLogWorker: Starting segment from index:0
2019-06-12 15:45:19,025 INFO  impl.RaftServerImpl (ServerState.java:setLeader(263)) - 70f49eaa-db79-4366-b826-b03c57db84ba:group-2921CB2493C8 change Leader from null to 47205cd5-9d4d-420e-8292-fb3a06f2c406 at term 1 for appendEntries, leader elected after 1088ms
2019-06-12 15:45:19,025 INFO  impl.RaftServerImpl (ServerState.java:setRaftConf(361)) - 47205cd5-9d4d-420e-8292-fb3a06f2c406:group-2921CB2493C8 set configuration 0: [70f49eaa-db79-4366-b826-b03c57db84ba:192.168.134.73:41583, dab0d7a9-0f40-40f5-b58a-3395b18fe462:192.168.134.73:42459, 47205cd5-9d4d-420e-8292-fb3a06f2c406:192.168.134.73:41935], old=null at 0
2019-06-12 15:45:19,026 INFO  impl.RaftServerImpl (ServerState.java:setLeader(263)) - dab0d7a9-0f40-40f5-b58a-3395b18fe462:group-2921CB2493C8 change Leader from null to 47205cd5-9d4d-420e-8292-fb3a06f2c406 at term 1 for appendEntries, leader elected after 1084ms
2019-06-12 15:45:19,043 INFO  impl.FollowerState (FollowerState.java:run(101)) - 70f49eaa-db79-4366-b826-b03c57db84ba:group-91E29472022D changes to CANDIDATE, lastRpcTime:1120, electionTimeout:1117ms
2019-06-12 15:45:19,043 INFO  impl.RaftServerImpl (ServerState.java:setRaftConf(361)) - 70f49eaa-db79-4366-b826-b03c57db84ba:group-2921CB2493C8 set configuration 0: [70f49eaa-db79-4366-b826-b03c57db84ba:192.168.134.73:41583, dab0d7a9-0f40-40f5-b58a-3395b18fe462:192.168.134.73:42459, 47205cd5-9d4d-420e-8292-fb3a06f2c406:192.168.134.73:41935], old=null at 0
2019-06-12 15:45:19,043 INFO  impl.RoleInfo (RoleInfo.java:shutdownFollowerState(121)) - 70f49eaa-db79-4366-b826-b03c57db84ba: shutdown FollowerState
2019-06-12 15:45:19,044 INFO  storage.RaftLogWorker (RaftLogWorker.java:startLogSegment(298)) - 70f49eaa-db79-4366-b826-b03c57db84ba-RaftLogWorker: Starting segment from index:0
2019-06-12 15:45:19,044 INFO  impl.RaftServerImpl (RaftServerImpl.java:setRole(164)) - 70f49eaa-db79-4366-b826-b03c57db84ba:group-91E29472022D changes role from FOLLOWER to CANDIDATE at term 0 for changeToCandidate
2019-06-12 15:45:19,044 INFO  impl.RoleInfo (RoleInfo.java:updateAndGet(143)) - 70f49eaa-db79-4366-b826-b03c57db84ba: start LeaderElection
2019-06-12 15:45:19,044 INFO  impl.RaftServerImpl (ServerState.java:setRaftConf(361)) - dab0d7a9-0f40-40f5-b58a-3395b18fe462:group-2921CB2493C8 set configuration 0: [70f49eaa-db79-4366-b826-b03c57db84ba:192.168.134.73:41583, dab0d7a9-0f40-40f5-b58a-3395b18fe462:192.168.134.73:42459, 47205cd5-9d4d-420e-8292-fb3a06f2c406:192.168.134.73:41935], old=null at 0
2019-06-12 15:45:19,044 INFO  storage.RaftLogWorker (RaftLogWorker.java:startLogSegment(298)) - dab0d7a9-0f40-40f5-b58a-3395b18fe462-RaftLogWorker: Starting segment from index:0
2019-06-12 15:45:19,062 INFO  impl.FollowerState (FollowerState.java:run(101)) - 879130b2-e12f-42c5-9017-cf785840f03d:group-71D642487C79 changes to CANDIDATE, lastRpcTime:1007, electionTimeout:1006ms
2019-06-12 15:45:19,062 INFO  storage.RaftLogWorker (RaftLogWorker.java:execute(469)) - 47205cd5-9d4d-420e-8292-fb3a06f2c406-RaftLogWorker: created new log segment /opt/src/hadoop-ozone/integration-test/target/test-dir/MiniOzoneClusterImpl-fa654d9d-23c1-4a13-8ee5-a7de691b994f/datanode-1/data/ratis/b23f09c2-4af0-4dd0-a5ad-2921cb2493c8/current/log_inprogress_0
2019-06-12 15:45:19,062 INFO  impl.RoleInfo (RoleInfo.java:shutdownFollowerState(121)) - 879130b2-e12f-42c5-9017-cf785840f03d: shutdown FollowerState
2019-06-12 15:45:19,080 INFO  impl.RaftServerImpl (RaftServerImpl.java:setRole(164)) - 879130b2-e12f-42c5-9017-cf785840f03d:group-71D642487C79 changes role from FOLLOWER to CANDIDATE at term 0 for changeToCandidate
2019-06-12 15:45:19,080 INFO  impl.RoleInfo (RoleInfo.java:updateAndGet(143)) - 879130b2-e12f-42c5-9017-cf785840f03d: start LeaderElection
2019-06-12 15:45:19,104 INFO  storage.RaftLogWorker (RaftLogWorker.java:execute(469)) - dab0d7a9-0f40-40f5-b58a-3395b18fe462-RaftLogWorker: created new log segment /opt/src/hadoop-ozone/integration-test/target/test-dir/MiniOzoneClusterImpl-fa654d9d-23c1-4a13-8ee5-a7de691b994f/datanode-0/data/ratis/b23f09c2-4af0-4dd0-a5ad-2921cb2493c8/current/log_inprogress_0
2019-06-12 15:45:19,104 INFO  impl.LeaderElection (LeaderElection.java:askForVotes(181)) - 70f49eaa-db79-4366-b826-b03c57db84ba:group-91E29472022D:LeaderElection65: begin an election at term 1 for -1: [70f49eaa-db79-4366-b826-b03c57db84ba:192.168.134.73:41583], old=null
2019-06-12 15:45:19,104 INFO  storage.RaftLogWorker (RaftLogWorker.java:execute(469)) - 70f49eaa-db79-4366-b826-b03c57db84ba-RaftLogWorker: created new log segment /opt/src/hadoop-ozone/integration-test/target/test-dir/MiniOzoneClusterImpl-fa654d9d-23c1-4a13-8ee5-a7de691b994f/datanode-2/data/ratis/b23f09c2-4af0-4dd0-a5ad-2921cb2493c8/current/log_inprogress_0
2019-06-12 15:45:19,105 INFO  impl.RoleInfo (RoleInfo.java:shutdownLeaderElection(134)) - 70f49eaa-db79-4366-b826-b03c57db84ba: shutdown LeaderElection
2019-06-12 15:45:19,105 INFO  impl.RaftServerImpl (RaftServerImpl.java:setRole(164)) - 70f49eaa-db79-4366-b826-b03c57db84ba:group-91E29472022D changes role from CANDIDATE to LEADER at term 1 for changeToLeader
2019-06-12 15:45:19,105 INFO  impl.RaftServerImpl (ServerState.java:setLeader(263)) - 70f49eaa-db79-4366-b826-b03c57db84ba:group-91E29472022D change Leader from null to 70f49eaa-db79-4366-b826-b03c57db84ba at term 1 for becomeLeader, leader elected after 1183ms
2019-06-12 15:45:19,105 INFO  server.RaftServerConfigKeys (ConfUtils.java:logGet(43)) - raft.server.staging.catchup.gap = 1000 (default)
2019-06-12 15:45:19,105 INFO  server.RaftServerConfigKeys (ConfUtils.java:logGet(43)) - raft.server.rpc.sleep.time = 25ms (default)
2019-06-12 15:45:19,105 INFO  server.RaftServerConfigKeys (ConfUtils.java:logGet(43)) - raft.server.watch.timeout = 10s (default)
2019-06-12 15:45:19,105 INFO  server.RaftServerConfigKeys (ConfUtils.java:logGet(43)) - raft.server.watch.timeout.denomination = 1s (default)
2019-06-12 15:45:19,105 INFO  impl.RoleInfo (RoleInfo.java:updateAndGet(143)) - 70f49eaa-db79-4366-b826-b03c57db84ba: start LeaderState
2019-06-12 15:45:19,105 INFO  storage.RaftLogWorker (RaftLogWorker.java:startLogSegment(298)) - 70f49eaa-db79-4366-b826-b03c57db84ba-RaftLogWorker: Starting segment from index:0
2019-06-12 15:45:19,106 INFO  impl.RaftServerImpl (ServerState.java:setRaftConf(361)) - 70f49eaa-db79-4366-b826-b03c57db84ba:group-91E29472022D set configuration 0: [70f49eaa-db79-4366-b826-b03c57db84ba:192.168.134.73:41583], old=null at 0
2019-06-12 15:45:19,107 INFO  impl.LeaderElection (LeaderElection.java:askForVotes(181)) - 879130b2-e12f-42c5-9017-cf785840f03d:group-71D642487C79:LeaderElection66: begin an election at term 1 for -1: [879130b2-e12f-42c5-9017-cf785840f03d:192.168.134.73:33685], old=null
2019-06-12 15:45:19,107 INFO  impl.RoleInfo (RoleInfo.java:shutdownLeaderElection(134)) - 879130b2-e12f-42c5-9017-cf785840f03d: shutdown LeaderElection
2019-06-12 15:45:19,107 INFO  impl.RaftServerImpl (RaftServerImpl.java:setRole(164)) - 879130b2-e12f-42c5-9017-cf785840f03d:group-71D642487C79 changes role from CANDIDATE to LEADER at term 1 for changeToLeader
2019-06-12 15:45:19,107 INFO  impl.RaftServerImpl (ServerState.java:setLeader(263)) - 879130b2-e12f-42c5-9017-cf785840f03d:group-71D642487C79 change Leader from null to 879130b2-e12f-42c5-9017-cf785840f03d at term 1 for becomeLeader, leader elected after 1054ms
2019-06-12 15:45:19,107 INFO  server.RaftServerConfigKeys (ConfUtils.java:logGet(43)) - raft.server.staging.catchup.gap = 1000 (default)
2019-06-12 15:45:19,107 INFO  server.RaftServerConfigKeys (ConfUtils.java:logGet(43)) - raft.server.rpc.sleep.time = 25ms (default)
2019-06-12 15:45:19,107 INFO  server.RaftServerConfigKeys (ConfUtils.java:logGet(43)) - raft.server.watch.timeout = 10s (default)
2019-06-12 15:45:19,107 INFO  server.RaftServerConfigKeys (ConfUtils.java:logGet(43)) - raft.server.watch.timeout.denomination = 1s (default)
2019-06-12 15:45:19,107 INFO  impl.RoleInfo (RoleInfo.java:updateAndGet(143)) - 879130b2-e12f-42c5-9017-cf785840f03d: start LeaderState
2019-06-12 15:45:19,107 INFO  storage.RaftLogWorker (RaftLogWorker.java:startLogSegment(298)) - 879130b2-e12f-42c5-9017-cf785840f03d-RaftLogWorker: Starting segment from index:0
2019-06-12 15:45:19,108 INFO  impl.RaftServerImpl (ServerState.java:setRaftConf(361)) - 879130b2-e12f-42c5-9017-cf785840f03d:group-71D642487C79 set configuration 0: [879130b2-e12f-42c5-9017-cf785840f03d:192.168.134.73:33685], old=null at 0
2019-06-12 15:45:19,143 INFO  storage.RaftLogWorker (RaftLogWorker.java:execute(469)) - 879130b2-e12f-42c5-9017-cf785840f03d-RaftLogWorker: created new log segment /opt/src/hadoop-ozone/integration-test/target/test-dir/MiniOzoneClusterImpl-fa654d9d-23c1-4a13-8ee5-a7de691b994f/datanode-3/data/ratis/97cf7bf5-164c-4962-a615-71d642487c79/current/log_inprogress_0
2019-06-12 15:45:19,143 INFO  storage.RaftLogWorker (RaftLogWorker.java:execute(469)) - 70f49eaa-db79-4366-b826-b03c57db84ba-RaftLogWorker: created new log segment /opt/src/hadoop-ozone/integration-test/target/test-dir/MiniOzoneClusterImpl-fa654d9d-23c1-4a13-8ee5-a7de691b994f/datanode-2/data/ratis/7c1d758e-819c-4912-92d1-91e29472022d/current/log_inprogress_0
2019-06-12 15:45:19,334 INFO  ozone.MiniOzoneClusterImpl (MiniOzoneClusterImpl.java:lambda$waitForClusterToBeReady$0(142)) - Cluster is ready. Got 6 of 6 DN Heartbeats.
2019-06-12 15:45:19,347 INFO  rpc.RpcClient (RpcClient.java:createVolume(289)) - Creating Volume: datanodefailurehandlingtest, with root as owner.
2019-06-12 15:45:19,356 INFO  rpc.RpcClient (RpcClient.java:createBucket(426)) - Creating Bucket: datanodefailurehandlingtest/datanodefailurehandlingtest, with Versioning false and Storage Type set to DISK and Encryption set to false 
2019-06-12 15:45:19,381 INFO  impl.FollowerState (FollowerState.java:run(101)) - 879130b2-e12f-42c5-9017-cf785840f03d:group-90B712C18CD6 changes to CANDIDATE, lastRpcTime:1018, electionTimeout:1018ms
2019-06-12 15:45:19,381 INFO  impl.RoleInfo (RoleInfo.java:shutdownFollowerState(121)) - 879130b2-e12f-42c5-9017-cf785840f03d: shutdown FollowerState
2019-06-12 15:45:19,381 INFO  impl.RaftServerImpl (RaftServerImpl.java:setRole(164)) - 879130b2-e12f-42c5-9017-cf785840f03d:group-90B712C18CD6 changes role from FOLLOWER to CANDIDATE at term 0 for changeToCandidate
2019-06-12 15:45:19,381 INFO  impl.RoleInfo (RoleInfo.java:updateAndGet(143)) - 879130b2-e12f-42c5-9017-cf785840f03d: start LeaderElection
2019-06-12 15:45:19,389 INFO  impl.LeaderElection (LeaderElection.java:askForVotes(181)) - 879130b2-e12f-42c5-9017-cf785840f03d:group-90B712C18CD6:LeaderElection67: begin an election at term 1 for -1: [60a3fe11-3501-468a-b464-e78b638e7b04:192.168.134.73:33883, 879130b2-e12f-42c5-9017-cf785840f03d:192.168.134.73:33685, 15f5cd64-0a6e-476f-9483-dce4cbccf509:192.168.134.73:43373], old=null
2019-06-12 15:45:19,396 INFO  impl.RaftServerImpl (RaftServerImpl.java:setRole(164)) - 15f5cd64-0a6e-476f-9483-dce4cbccf509:group-90B712C18CD6 changes role from FOLLOWER to FOLLOWER at term 1 for recognizeCandidate:879130b2-e12f-42c5-9017-cf785840f03d
2019-06-12 15:45:19,396 INFO  impl.RoleInfo (RoleInfo.java:shutdownFollowerState(121)) - 15f5cd64-0a6e-476f-9483-dce4cbccf509: shutdown FollowerState
2019-06-12 15:45:19,396 INFO  impl.RoleInfo (RoleInfo.java:updateAndGet(143)) - 15f5cd64-0a6e-476f-9483-dce4cbccf509: start FollowerState
2019-06-12 15:45:19,396 INFO  impl.FollowerState (FollowerState.java:run(109)) - 15f5cd64-0a6e-476f-9483-dce4cbccf509: FollowerState was interrupted: java.lang.InterruptedException: sleep interrupted
2019-06-12 15:45:19,400 INFO  impl.RaftServerImpl (RaftServerImpl.java:setRole(164)) - 60a3fe11-3501-468a-b464-e78b638e7b04:group-90B712C18CD6 changes role from FOLLOWER to FOLLOWER at term 1 for recognizeCandidate:879130b2-e12f-42c5-9017-cf785840f03d
2019-06-12 15:45:19,400 INFO  impl.RoleInfo (RoleInfo.java:shutdownFollowerState(121)) - 60a3fe11-3501-468a-b464-e78b638e7b04: shutdown FollowerState
2019-06-12 15:45:19,400 INFO  impl.FollowerState (FollowerState.java:run(101)) - 15f5cd64-0a6e-476f-9483-dce4cbccf509:group-29B8BB665C24 changes to CANDIDATE, lastRpcTime:1198, electionTimeout:1198ms
2019-06-12 15:45:19,400 INFO  impl.RoleInfo (RoleInfo.java:shutdownFollowerState(121)) - 15f5cd64-0a6e-476f-9483-dce4cbccf509: shutdown FollowerState
2019-06-12 15:45:19,401 INFO  impl.RaftServerImpl (RaftServerImpl.java:setRole(164)) - 15f5cd64-0a6e-476f-9483-dce4cbccf509:group-29B8BB665C24 changes role from FOLLOWER to CANDIDATE at term 0 for changeToCandidate
2019-06-12 15:45:19,401 INFO  impl.RoleInfo (RoleInfo.java:updateAndGet(143)) - 15f5cd64-0a6e-476f-9483-dce4cbccf509: start LeaderElection
2019-06-12 15:45:19,400 INFO  impl.RoleInfo (RoleInfo.java:updateAndGet(143)) - 60a3fe11-3501-468a-b464-e78b638e7b04: start FollowerState
2019-06-12 15:45:19,401 INFO  impl.FollowerState (FollowerState.java:run(109)) - 60a3fe11-3501-468a-b464-e78b638e7b04: FollowerState was interrupted: java.lang.InterruptedException: sleep interrupted
2019-06-12 15:45:19,405 INFO  impl.LeaderElection (LeaderElection.java:logAndReturn(56)) - 879130b2-e12f-42c5-9017-cf785840f03d:group-90B712C18CD6:LeaderElection67: Election PASSED; received 1 response(s) [879130b2-e12f-42c5-9017-cf785840f03d->15f5cd64-0a6e-476f-9483-dce4cbccf509,true-t1] and 0 exception(s); 879130b2-e12f-42c5-9017-cf785840f03d:t1, leader=null, voted=879130b2-e12f-42c5-9017-cf785840f03d, raftlog=879130b2-e12f-42c5-9017-cf785840f03d-SegmentedRaftLog:OPENED:c-1,f-1,i0, conf=-1: [60a3fe11-3501-468a-b464-e78b638e7b04:192.168.134.73:33883, 879130b2-e12f-42c5-9017-cf785840f03d:192.168.134.73:33685, 15f5cd64-0a6e-476f-9483-dce4cbccf509:192.168.134.73:43373], old=null
2019-06-12 15:45:19,405 INFO  impl.RoleInfo (RoleInfo.java:shutdownLeaderElection(134)) - 879130b2-e12f-42c5-9017-cf785840f03d: shutdown LeaderElection
2019-06-12 15:45:19,405 INFO  impl.RaftServerImpl (RaftServerImpl.java:setRole(164)) - 879130b2-e12f-42c5-9017-cf785840f03d:group-90B712C18CD6 changes role from CANDIDATE to LEADER at term 1 for changeToLeader
2019-06-12 15:45:19,406 INFO  impl.RaftServerImpl (ServerState.java:setLeader(263)) - 879130b2-e12f-42c5-9017-cf785840f03d:group-90B712C18CD6 change Leader from null to 879130b2-e12f-42c5-9017-cf785840f03d at term 1 for becomeLeader, leader elected after 1045ms
2019-06-12 15:45:19,406 INFO  server.RaftServerConfigKeys (ConfUtils.java:logGet(43)) - raft.server.staging.catchup.gap = 1000 (default)
2019-06-12 15:45:19,406 INFO  server.RaftServerConfigKeys (ConfUtils.java:logGet(43)) - raft.server.rpc.sleep.time = 25ms (default)
2019-06-12 15:45:19,406 INFO  server.RaftServerConfigKeys (ConfUtils.java:logGet(43)) - raft.server.watch.timeout = 10s (default)
2019-06-12 15:45:19,406 INFO  server.RaftServerConfigKeys (ConfUtils.java:logGet(43)) - raft.server.watch.timeout.denomination = 1s (default)
2019-06-12 15:45:19,406 INFO  server.RaftServerConfigKeys (ConfUtils.java:logGet(43)) - raft.server.log.appender.snapshot.chunk.size.max = 16MB (=16777216) (default)
2019-06-12 15:45:19,406 INFO  server.RaftServerConfigKeys (ConfUtils.java:logGet(43)) - raft.server.log.appender.buffer.byte-limit = 33554432 (custom)
2019-06-12 15:45:19,406 INFO  server.RaftServerConfigKeys (ConfUtils.java:logGet(43)) - raft.server.log.appender.buffer.element-limit = 1 (custom)
2019-06-12 15:45:19,406 INFO  grpc.GrpcConfigKeys$Server (ConfUtils.java:logGet(43)) - raft.grpc.server.leader.outstanding.appends.max = 128 (default)
2019-06-12 15:45:19,406 INFO  server.RaftServerConfigKeys (ConfUtils.java:logGet(43)) - raft.server.rpc.request.timeout = 3000ms (default)
2019-06-12 15:45:19,407 INFO  server.RaftServerConfigKeys (ConfUtils.java:logGet(43)) - raft.server.log.appender.install.snapshot.enabled = true (default)
2019-06-12 15:45:19,407 INFO  server.RaftServerConfigKeys (ConfUtils.java:logGet(43)) - raft.server.log.appender.snapshot.chunk.size.max = 16MB (=16777216) (default)
2019-06-12 15:45:19,407 INFO  server.RaftServerConfigKeys (ConfUtils.java:logGet(43)) - raft.server.log.appender.buffer.byte-limit = 33554432 (custom)
2019-06-12 15:45:19,407 INFO  server.RaftServerConfigKeys (ConfUtils.java:logGet(43)) - raft.server.log.appender.buffer.element-limit = 1 (custom)
2019-06-12 15:45:19,407 INFO  grpc.GrpcConfigKeys$Server (ConfUtils.java:logGet(43)) - raft.grpc.server.leader.outstanding.appends.max = 128 (default)
2019-06-12 15:45:19,407 INFO  server.RaftServerConfigKeys (ConfUtils.java:logGet(43)) - raft.server.rpc.request.timeout = 3000ms (default)
2019-06-12 15:45:19,407 INFO  server.RaftServerConfigKeys (ConfUtils.java:logGet(43)) - raft.server.log.appender.install.snapshot.enabled = true (default)
2019-06-12 15:45:19,407 INFO  impl.RoleInfo (RoleInfo.java:updateAndGet(143)) - 879130b2-e12f-42c5-9017-cf785840f03d: start LeaderState
2019-06-12 15:45:19,407 INFO  storage.RaftLogWorker (RaftLogWorker.java:startLogSegment(298)) - 879130b2-e12f-42c5-9017-cf785840f03d-RaftLogWorker: Starting segment from index:0
2019-06-12 15:45:19,416 INFO  impl.RaftServerImpl (ServerState.java:setRaftConf(361)) - 879130b2-e12f-42c5-9017-cf785840f03d:group-90B712C18CD6 set configuration 0: [60a3fe11-3501-468a-b464-e78b638e7b04:192.168.134.73:33883, 879130b2-e12f-42c5-9017-cf785840f03d:192.168.134.73:33685, 15f5cd64-0a6e-476f-9483-dce4cbccf509:192.168.134.73:43373], old=null at 0
2019-06-12 15:45:19,422 INFO  impl.LeaderElection (LeaderElection.java:askForVotes(181)) - 15f5cd64-0a6e-476f-9483-dce4cbccf509:group-29B8BB665C24:LeaderElection68: begin an election at term 1 for -1: [15f5cd64-0a6e-476f-9483-dce4cbccf509:192.168.134.73:43373], old=null
2019-06-12 15:45:19,423 INFO  impl.RoleInfo (RoleInfo.java:shutdownLeaderElection(134)) - 15f5cd64-0a6e-476f-9483-dce4cbccf509: shutdown LeaderElection
2019-06-12 15:45:19,423 INFO  impl.RaftServerImpl (RaftServerImpl.java:setRole(164)) - 15f5cd64-0a6e-476f-9483-dce4cbccf509:group-29B8BB665C24 changes role from CANDIDATE to LEADER at term 1 for changeToLeader
2019-06-12 15:45:19,423 INFO  impl.RaftServerImpl (ServerState.java:setLeader(263)) - 15f5cd64-0a6e-476f-9483-dce4cbccf509:group-29B8BB665C24 change Leader from null to 15f5cd64-0a6e-476f-9483-dce4cbccf509 at term 1 for becomeLeader, leader elected after 1222ms
2019-06-12 15:45:19,423 INFO  server.RaftServerConfigKeys (ConfUtils.java:logGet(43)) - raft.server.staging.catchup.gap = 1000 (default)
2019-06-12 15:45:19,423 INFO  server.RaftServerConfigKeys (ConfUtils.java:logGet(43)) - raft.server.rpc.sleep.time = 25ms (default)
2019-06-12 15:45:19,423 INFO  server.RaftServerConfigKeys (ConfUtils.java:logGet(43)) - raft.server.watch.timeout = 10s (default)
2019-06-12 15:45:19,423 INFO  server.RaftServerConfigKeys (ConfUtils.java:logGet(43)) - raft.server.watch.timeout.denomination = 1s (default)
2019-06-12 15:45:19,423 INFO  impl.RoleInfo (RoleInfo.java:updateAndGet(143)) - 15f5cd64-0a6e-476f-9483-dce4cbccf509: start LeaderState
2019-06-12 15:45:19,424 INFO  storage.RaftLogWorker (RaftLogWorker.java:startLogSegment(298)) - 15f5cd64-0a6e-476f-9483-dce4cbccf509-RaftLogWorker: Starting segment from index:0
2019-06-12 15:45:19,429 INFO  impl.RaftServerImpl (ServerState.java:setRaftConf(361)) - 15f5cd64-0a6e-476f-9483-dce4cbccf509:group-29B8BB665C24 set configuration 0: [15f5cd64-0a6e-476f-9483-dce4cbccf509:192.168.134.73:43373], old=null at 0
2019-06-12 15:45:19,431 INFO  impl.RaftServerImpl (ServerState.java:setLeader(263)) - 60a3fe11-3501-468a-b464-e78b638e7b04:group-90B712C18CD6 change Leader from null to 879130b2-e12f-42c5-9017-cf785840f03d at term 1 for appendEntries, leader elected after 1068ms
2019-06-12 15:45:19,438 INFO  impl.RaftServerImpl (ServerState.java:setLeader(263)) - 15f5cd64-0a6e-476f-9483-dce4cbccf509:group-90B712C18CD6 change Leader from null to 879130b2-e12f-42c5-9017-cf785840f03d at term 1 for appendEntries, leader elected after 1075ms
2019-06-12 15:45:19,477 INFO  storage.RaftLogWorker (RaftLogWorker.java:execute(469)) - 879130b2-e12f-42c5-9017-cf785840f03d-RaftLogWorker: created new log segment /opt/src/hadoop-ozone/integration-test/target/test-dir/MiniOzoneClusterImpl-fa654d9d-23c1-4a13-8ee5-a7de691b994f/datanode-3/data/ratis/955dcfc8-6aca-406f-bc6c-90b712c18cd6/current/log_inprogress_0
2019-06-12 15:45:19,479 INFO  storage.RaftLogWorker (RaftLogWorker.java:execute(469)) - 15f5cd64-0a6e-476f-9483-dce4cbccf509-RaftLogWorker: created new log segment /opt/src/hadoop-ozone/integration-test/target/test-dir/MiniOzoneClusterImpl-fa654d9d-23c1-4a13-8ee5-a7de691b994f/datanode-4/data/ratis/bd93659a-9602-4cdc-948b-29b8bb665c24/current/log_inprogress_0
2019-06-12 15:45:19,480 INFO  impl.RaftServerImpl (ServerState.java:setRaftConf(361)) - 60a3fe11-3501-468a-b464-e78b638e7b04:group-90B712C18CD6 set configuration 0: [60a3fe11-3501-468a-b464-e78b638e7b04:192.168.134.73:33883, 879130b2-e12f-42c5-9017-cf785840f03d:192.168.134.73:33685, 15f5cd64-0a6e-476f-9483-dce4cbccf509:192.168.134.73:43373], old=null at 0
2019-06-12 15:45:19,480 INFO  storage.RaftLogWorker (RaftLogWorker.java:startLogSegment(298)) - 60a3fe11-3501-468a-b464-e78b638e7b04-RaftLogWorker: Starting segment from index:0
2019-06-12 15:45:19,482 INFO  client.GrpcClientProtocolClient (GrpcClientProtocolClient.java:onNext(254)) - client-BA9E066E2979->47205cd5-9d4d-420e-8292-fb3a06f2c406: receive RaftClientReply:client-BA9E066E2979->47205cd5-9d4d-420e-8292-fb3a06f2c406@group-2921CB2493C8, cid=155, SUCCESS, logIndex=1, commits[47205cd5-9d4d-420e-8292-fb3a06f2c406:c2, 70f49eaa-db79-4366-b826-b03c57db84ba:c-1, dab0d7a9-0f40-40f5-b58a-3395b18fe462:c1]
2019-06-12 15:45:19,482 INFO  impl.RaftServerImpl (ServerState.java:setRaftConf(361)) - 15f5cd64-0a6e-476f-9483-dce4cbccf509:group-90B712C18CD6 set configuration 0: [60a3fe11-3501-468a-b464-e78b638e7b04:192.168.134.73:33883, 879130b2-e12f-42c5-9017-cf785840f03d:192.168.134.73:33685, 15f5cd64-0a6e-476f-9483-dce4cbccf509:192.168.134.73:43373], old=null at 0
2019-06-12 15:45:19,499 INFO  impl.FollowerState (FollowerState.java:run(101)) - 60a3fe11-3501-468a-b464-e78b638e7b04:group-67562C804C43 changes to CANDIDATE, lastRpcTime:1152, electionTimeout:1142ms
2019-06-12 15:45:19,519 INFO  impl.RoleInfo (RoleInfo.java:shutdownFollowerState(121)) - 60a3fe11-3501-468a-b464-e78b638e7b04: shutdown FollowerState
2019-06-12 15:45:19,519 INFO  impl.RaftServerImpl (RaftServerImpl.java:setRole(164)) - 60a3fe11-3501-468a-b464-e78b638e7b04:group-67562C804C43 changes role from FOLLOWER to CANDIDATE at term 0 for changeToCandidate
2019-06-12 15:45:19,519 INFO  storage.RaftLogWorker (RaftLogWorker.java:execute(469)) - 60a3fe11-3501-468a-b464-e78b638e7b04-RaftLogWorker: created new log segment /opt/src/hadoop-ozone/integration-test/target/test-dir/MiniOzoneClusterImpl-fa654d9d-23c1-4a13-8ee5-a7de691b994f/datanode-5/data/ratis/955dcfc8-6aca-406f-bc6c-90b712c18cd6/current/log_inprogress_0
2019-06-12 15:45:19,519 INFO  impl.RoleInfo (RoleInfo.java:updateAndGet(143)) - 60a3fe11-3501-468a-b464-e78b638e7b04: start LeaderElection
2019-06-12 15:45:19,500 INFO  storage.RaftLogWorker (RaftLogWorker.java:startLogSegment(298)) - 15f5cd64-0a6e-476f-9483-dce4cbccf509-RaftLogWorker: Starting segment from index:0
2019-06-12 15:45:19,541 INFO  impl.LeaderElection (LeaderElection.java:askForVotes(181)) - 60a3fe11-3501-468a-b464-e78b638e7b04:group-67562C804C43:LeaderElection69: begin an election at term 1 for -1: [60a3fe11-3501-468a-b464-e78b638e7b04:192.168.134.73:33883], old=null
2019-06-12 15:45:19,541 INFO  impl.RoleInfo (RoleInfo.java:shutdownLeaderElection(134)) - 60a3fe11-3501-468a-b464-e78b638e7b04: shutdown LeaderElection
2019-06-12 15:45:19,541 INFO  impl.RaftServerImpl (RaftServerImpl.java:setRole(164)) - 60a3fe11-3501-468a-b464-e78b638e7b04:group-67562C804C43 changes role from CANDIDATE to LEADER at term 1 for changeToLeader
2019-06-12 15:45:19,541 INFO  impl.RaftServerImpl (ServerState.java:setLeader(263)) - 60a3fe11-3501-468a-b464-e78b638e7b04:group-67562C804C43 change Leader from null to 60a3fe11-3501-468a-b464-e78b638e7b04 at term 1 for becomeLeader, leader elected after 1196ms
2019-06-12 15:45:19,542 INFO  server.RaftServerConfigKeys (ConfUtils.java:logGet(43)) - raft.server.staging.catchup.gap = 1000 (default)
2019-06-12 15:45:19,542 INFO  server.RaftServerConfigKeys (ConfUtils.java:logGet(43)) - raft.server.rpc.sleep.time = 25ms (default)
2019-06-12 15:45:19,542 INFO  server.RaftServerConfigKeys (ConfUtils.java:logGet(43)) - raft.server.watch.timeout = 10s (default)
2019-06-12 15:45:19,542 INFO  server.RaftServerConfigKeys (ConfUtils.java:logGet(43)) - raft.server.watch.timeout.denomination = 1s (default)
2019-06-12 15:45:19,561 INFO  impl.RoleInfo (RoleInfo.java:updateAndGet(143)) - 60a3fe11-3501-468a-b464-e78b638e7b04: start LeaderState
2019-06-12 15:45:19,561 INFO  storage.RaftLogWorker (RaftLogWorker.java:startLogSegment(298)) - 60a3fe11-3501-468a-b464-e78b638e7b04-RaftLogWorker: Starting segment from index:0
2019-06-12 15:45:19,563 INFO  storage.RaftLogWorker (RaftLogWorker.java:execute(469)) - 15f5cd64-0a6e-476f-9483-dce4cbccf509-RaftLogWorker: created new log segment /opt/src/hadoop-ozone/integration-test/target/test-dir/MiniOzoneClusterImpl-fa654d9d-23c1-4a13-8ee5-a7de691b994f/datanode-4/data/ratis/955dcfc8-6aca-406f-bc6c-90b712c18cd6/current/log_inprogress_0
2019-06-12 15:45:19,564 INFO  impl.RaftServerImpl (ServerState.java:setRaftConf(361)) - 60a3fe11-3501-468a-b464-e78b638e7b04:group-67562C804C43 set configuration 0: [60a3fe11-3501-468a-b464-e78b638e7b04:192.168.134.73:33883], old=null at 0
2019-06-12 15:45:19,583 INFO  client.GrpcClientProtocolClient (GrpcClientProtocolClient.java:onNext(254)) - client-BA9E066E2979->47205cd5-9d4d-420e-8292-fb3a06f2c406: receive RaftClientReply:client-BA9E066E2979->47205cd5-9d4d-420e-8292-fb3a06f2c406@group-2921CB2493C8, cid=156, SUCCESS, logIndex=3, commits[47205cd5-9d4d-420e-8292-fb3a06f2c406:c3, 70f49eaa-db79-4366-b826-b03c57db84ba:c2, dab0d7a9-0f40-40f5-b58a-3395b18fe462:c2]
2019-06-12 15:45:19,602 INFO  client.GrpcClientProtocolClient (GrpcClientProtocolClient.java:onNext(254)) - client-BA9E066E2979->47205cd5-9d4d-420e-8292-fb3a06f2c406: receive RaftClientReply:client-BA9E066E2979->47205cd5-9d4d-420e-8292-fb3a06f2c406@group-2921CB2493C8, cid=157, SUCCESS, logIndex=0, commits[47205cd5-9d4d-420e-8292-fb3a06f2c406:c4, 70f49eaa-db79-4366-b826-b03c57db84ba:c3, dab0d7a9-0f40-40f5-b58a-3395b18fe462:c3]
2019-06-12 15:45:19,603 INFO  datanode.ObjectStoreHandler (ObjectStoreHandler.java:close(155)) - Closing ObjectStoreHandler.
2019-06-12 15:45:19,603 INFO  ozone.HddsDatanodeService (HddsDatanodeService.java:stop(452)) - Stopped plug-in org.apache.hadoop.ozone.web.OzoneHddsDatanodeService@18ada4e1
2019-06-12 15:45:19,603 INFO  statemachine.DatanodeStateMachine (DatanodeStateMachine.java:lambda$startDaemon$0(350)) - Ozone container server started.
2019-06-12 15:45:19,603 INFO  ozoneimpl.OzoneContainer (OzoneContainer.java:stop(199)) - Attempting to stop container services.
2019-06-12 15:45:19,603 INFO  impl.RaftServerProxy (RaftServerProxy.java:lambda$close$4(314)) - 47205cd5-9d4d-420e-8292-fb3a06f2c406: close
2019-06-12 15:45:19,603 INFO  storage.RaftLogWorker (RaftLogWorker.java:execute(469)) - 60a3fe11-3501-468a-b464-e78b638e7b04-RaftLogWorker: created new log segment /opt/src/hadoop-ozone/integration-test/target/test-dir/MiniOzoneClusterImpl-fa654d9d-23c1-4a13-8ee5-a7de691b994f/datanode-5/data/ratis/76a09da9-50b6-4cef-82ca-67562c804c43/current/log_inprogress_0
2019-06-12 15:45:19,603 INFO  impl.RaftServerImpl (RaftServerImpl.java:lambda$shutdown$3(238)) - 47205cd5-9d4d-420e-8292-fb3a06f2c406: shutdown group-8A1BDF12DDB3
2019-06-12 15:45:19,604 INFO  util.JmxRegister (JmxRegister.java:unregister(73)) - Successfully un-registered JMX Bean with object name Ratis:service=RaftServer,group=group-8A1BDF12DDB3,id=47205cd5-9d4d-420e-8292-fb3a06f2c406
2019-06-12 15:45:19,604 INFO  impl.RoleInfo (RoleInfo.java:shutdownLeaderState(104)) - 47205cd5-9d4d-420e-8292-fb3a06f2c406: shutdown LeaderState
2019-06-12 15:45:19,604 INFO  impl.PendingRequests (PendingRequests.java:sendNotLeaderResponses(140)) - 47205cd5-9d4d-420e-8292-fb3a06f2c406-PendingRequests: sendNotLeaderResponses
2019-06-12 15:45:19,604 INFO  impl.StateMachineUpdater (StateMachineUpdater.java:stopAndJoin(109)) - StateMachineUpdater-47205cd5-9d4d-420e-8292-fb3a06f2c406-group-8A1BDF12DDB3: set stopIndex = 0
2019-06-12 15:45:19,604 INFO  ratis.ContainerStateMachine (ContainerStateMachine.java:takeSnapshot(245)) - Taking snapshot at termIndex:(t:0, i:~)
2019-06-12 15:45:19,605 INFO  impl.RaftServerImpl (ServerState.java:close(394)) - 47205cd5-9d4d-420e-8292-fb3a06f2c406:group-8A1BDF12DDB3 closes. The last applied log index is 0
2019-06-12 15:45:19,605 INFO  storage.RaftLogWorker (RaftLogWorker.java:run(236)) - 47205cd5-9d4d-420e-8292-fb3a06f2c406-RaftLogWorker was interrupted, exiting. There are 0 tasks remaining in the queue.
2019-06-12 15:45:19,607 INFO  storage.RaftLogWorker (RaftLogWorker.java:close(168)) - 47205cd5-9d4d-420e-8292-fb3a06f2c406-RaftLogWorker close()
2019-06-12 15:45:19,608 INFO  impl.RaftServerImpl (RaftServerImpl.java:lambda$shutdown$3(238)) - 47205cd5-9d4d-420e-8292-fb3a06f2c406: shutdown group-2921CB2493C8
2019-06-12 15:45:19,608 INFO  util.JmxRegister (JmxRegister.java:unregister(73)) - Successfully un-registered JMX Bean with object name Ratis:service=RaftServer,group=group-2921CB2493C8,id=47205cd5-9d4d-420e-8292-fb3a06f2c406
2019-06-12 15:45:19,609 INFO  impl.RoleInfo (RoleInfo.java:shutdownLeaderState(104)) - 47205cd5-9d4d-420e-8292-fb3a06f2c406: shutdown LeaderState
2019-06-12 15:45:19,609 INFO  impl.PendingRequests (PendingRequests.java:sendNotLeaderResponses(140)) - 47205cd5-9d4d-420e-8292-fb3a06f2c406-PendingRequests: sendNotLeaderResponses
2019-06-12 15:45:19,609 WARN  server.GrpcLogAppender (GrpcLogAppender.java:mayWait(142)) - GrpcLogAppender(47205cd5-9d4d-420e-8292-fb3a06f2c406 -> dab0d7a9-0f40-40f5-b58a-3395b18fe462): Wait interrupted by java.lang.InterruptedException
2019-06-12 15:45:19,609 WARN  server.GrpcLogAppender (GrpcLogAppender.java:mayWait(142)) - GrpcLogAppender(47205cd5-9d4d-420e-8292-fb3a06f2c406 -> 70f49eaa-db79-4366-b826-b03c57db84ba): Wait interrupted by java.lang.InterruptedException
2019-06-12 15:45:19,611 INFO  impl.StateMachineUpdater (StateMachineUpdater.java:stopAndJoin(109)) - StateMachineUpdater-47205cd5-9d4d-420e-8292-fb3a06f2c406-group-2921CB2493C8: set stopIndex = 4
2019-06-12 15:45:19,612 INFO  ratis.ContainerStateMachine (ContainerStateMachine.java:takeSnapshot(245)) - Taking snapshot at termIndex:(t:1, i:3)
2019-06-12 15:45:19,612 INFO  ratis.ContainerStateMachine (ContainerStateMachine.java:takeSnapshot(249)) - Taking a snapshot to file /opt/src/hadoop-ozone/integration-test/target/test-dir/MiniOzoneClusterImpl-fa654d9d-23c1-4a13-8ee5-a7de691b994f/datanode-1/data/ratis/b23f09c2-4af0-4dd0-a5ad-2921cb2493c8/sm/snapshot.1_3
2019-06-12 15:45:19,612 INFO  server.GrpcServerProtocolService (GrpcServerProtocolService.java:onCompleted(104)) - dab0d7a9-0f40-40f5-b58a-3395b18fe462: appendEntries completed
2019-06-12 15:45:19,612 INFO  server.GrpcServerProtocolService (GrpcServerProtocolService.java:onCompleted(104)) - 70f49eaa-db79-4366-b826-b03c57db84ba: appendEntries completed
2019-06-12 15:45:19,612 INFO  impl.RaftServerImpl (ServerState.java:close(394)) - 47205cd5-9d4d-420e-8292-fb3a06f2c406:group-2921CB2493C8 closes. The last applied log index is 4
2019-06-12 15:45:19,612 INFO  server.GrpcLogAppender (GrpcLogAppender.java:onCompleted(277)) - 47205cd5-9d4d-420e-8292-fb3a06f2c406: follower 47205cd5-9d4d-420e-8292-fb3a06f2c406->70f49eaa-db79-4366-b826-b03c57db84ba(c3,m4,n5, attendVote=true, lastRpcSendTime=70, lastRpcResponseTime=50) response Completed
2019-06-12 15:45:19,612 INFO  server.GrpcLogAppender (GrpcLogAppender.java:onCompleted(277)) - 47205cd5-9d4d-420e-8292-fb3a06f2c406: follower 47205cd5-9d4d-420e-8292-fb3a06f2c406->dab0d7a9-0f40-40f5-b58a-3395b18fe462(c3,m4,n5, attendVote=true, lastRpcSendTime=70, lastRpcResponseTime=48) response Completed
2019-06-12 15:45:19,612 INFO  storage.RaftLogWorker (RaftLogWorker.java:run(236)) - 47205cd5-9d4d-420e-8292-fb3a06f2c406-RaftLogWorker was interrupted, exiting. There are 0 tasks remaining in the queue.
2019-06-12 15:45:19,613 INFO  impl.FollowerInfo (FollowerInfo.java:lambda$new$0(50)) - 47205cd5-9d4d-420e-8292-fb3a06f2c406->dab0d7a9-0f40-40f5-b58a-3395b18fe462: nextIndex: updateUnconditionally 5 -> -1
2019-06-12 15:45:19,612 INFO  impl.FollowerInfo (FollowerInfo.java:lambda$new$0(50)) - 47205cd5-9d4d-420e-8292-fb3a06f2c406->70f49eaa-db79-4366-b826-b03c57db84ba: nextIndex: updateUnconditionally 5 -> -1
2019-06-12 15:45:19,614 INFO  storage.RaftLogWorker (RaftLogWorker.java:close(168)) - 47205cd5-9d4d-420e-8292-fb3a06f2c406-RaftLogWorker close()
2019-06-12 15:45:19,615 INFO  server.GrpcService (GrpcService.java:closeImpl(154)) - 47205cd5-9d4d-420e-8292-fb3a06f2c406: shutdown server with port 41935 now
2019-06-12 15:45:19,616 WARN  client.GrpcClientProtocolService (LogUtils.java:warn(134)) - 1-UnorderedRequestStreamObserver1: onError: org.apache.ratis.thirdparty.io.grpc.StatusRuntimeException: CANCELLED: cancelled before receiving half close
2019-06-12 15:45:19,616 INFO  server.GrpcService (GrpcService.java:closeImpl(162)) - 47205cd5-9d4d-420e-8292-fb3a06f2c406: shutdown server with port 41935 successfully
2019-06-12 15:45:19,618 WARN  fs.CachingGetSpaceUsed (CachingGetSpaceUsed.java:run(183)) - Thread Interrupted waiting to refresh disk information: sleep interrupted
2019-06-12 15:45:19,634 INFO  statemachine.DatanodeStateMachine (DatanodeStateMachine.java:stopDaemon(395)) - Ozone container server stopped.
2019-06-12 15:45:19,635 INFO  handler.ContextHandler (ContextHandler.java:doStop(910)) - Stopped o.e.j.w.WebAppContext@78fd1179{/,null,UNAVAILABLE}{/hddsDatanode}
2019-06-12 15:45:19,635 INFO  server.AbstractConnector (AbstractConnector.java:doStop(318)) - Stopped ServerConnector@13cec4ff{HTTP/1.1,[http/1.1]}{0.0.0.0:0}
2019-06-12 15:45:19,636 INFO  handler.ContextHandler (ContextHandler.java:doStop(910)) - Stopped o.e.j.s.ServletContextHandler@52238861{/static,jar:file:/root/.m2/repository/org/apache/hadoop/hadoop-hdds-container-service/0.5.0-SNAPSHOT/hadoop-hdds-container-service-0.5.0-SNAPSHOT.jar!/webapps/static,UNAVAILABLE}
2019-06-12 15:45:19,636 INFO  handler.ContextHandler (ContextHandler.java:doStop(910)) - Stopped o.e.j.s.ServletContextHandler@70d24586{/logs,file:///opt/src/hadoop-ozone/integration-test/target/log,UNAVAILABLE}
2019-06-12 15:45:20,649 INFO  client.GrpcClientProtocolClient (GrpcClientProtocolClient.java:onNext(254)) - client-BA9E066E2979->dab0d7a9-0f40-40f5-b58a-3395b18fe462: receive RaftClientReply:client-BA9E066E2979->dab0d7a9-0f40-40f5-b58a-3395b18fe462@group-2921CB2493C8, cid=158, FAILED org.apache.ratis.protocol.NotLeaderException: Server dab0d7a9-0f40-40f5-b58a-3395b18fe462 is not the leader (47205cd5-9d4d-420e-8292-fb3a06f2c406:192.168.134.73:41935). Request must be sent to leader., logIndex=0, commits[dab0d7a9-0f40-40f5-b58a-3395b18fe462:c3, 70f49eaa-db79-4366-b826-b03c57db84ba:c2, 47205cd5-9d4d-420e-8292-fb3a06f2c406:c3]
2019-06-12 15:45:20,652 WARN  client.GrpcClientProtocolService (LogUtils.java:warn(134)) - 0-OrderedRequestStreamObserver0: onError: org.apache.ratis.thirdparty.io.grpc.StatusRuntimeException: CANCELLED: cancelled before receiving half close
2019-06-12 15:45:21,091 INFO  impl.FollowerState (FollowerState.java:run(101)) - 70f49eaa-db79-4366-b826-b03c57db84ba:group-2921CB2493C8 changes to CANDIDATE, lastRpcTime:1529, electionTimeout:1020ms
2019-06-12 15:45:21,091 INFO  impl.RoleInfo (RoleInfo.java:shutdownFollowerState(121)) - 70f49eaa-db79-4366-b826-b03c57db84ba: shutdown FollowerState
2019-06-12 15:45:21,091 INFO  impl.RaftServerImpl (RaftServerImpl.java:setRole(164)) - 70f49eaa-db79-4366-b826-b03c57db84ba:group-2921CB2493C8 changes role from FOLLOWER to CANDIDATE at term 1 for changeToCandidate
2019-06-12 15:45:21,091 INFO  impl.RoleInfo (RoleInfo.java:updateAndGet(143)) - 70f49eaa-db79-4366-b826-b03c57db84ba: start LeaderElection
2019-06-12 15:45:21,092 INFO  impl.RaftServerImpl (ServerState.java:setLeader(263)) - 70f49eaa-db79-4366-b826-b03c57db84ba:group-2921CB2493C8 change Leader from 47205cd5-9d4d-420e-8292-fb3a06f2c406 to null at term 1 for initElection
2019-06-12 15:45:21,094 INFO  impl.LeaderElection (LeaderElection.java:askForVotes(181)) - 70f49eaa-db79-4366-b826-b03c57db84ba:group-2921CB2493C8:LeaderElection70: begin an election at term 2 for 0: [70f49eaa-db79-4366-b826-b03c57db84ba:192.168.134.73:41583, dab0d7a9-0f40-40f5-b58a-3395b18fe462:192.168.134.73:42459, 47205cd5-9d4d-420e-8292-fb3a06f2c406:192.168.134.73:41935], old=null
2019-06-12 15:45:21,097 INFO  impl.LeaderElection (LogUtils.java:infoOrTrace(149)) - 70f49eaa-db79-4366-b826-b03c57db84ba:group-2921CB2493C8:LeaderElection70 got exception when requesting votes: {}
java.util.concurrent.ExecutionException: org.apache.ratis.thirdparty.io.grpc.StatusRuntimeException: UNAVAILABLE: io exception
	at java.util.concurrent.FutureTask.report(FutureTask.java:122)
	at java.util.concurrent.FutureTask.get(FutureTask.java:192)
	at org.apache.ratis.server.impl.LeaderElection.waitForResults(LeaderElection.java:262)
	at org.apache.ratis.server.impl.LeaderElection.askForVotes(LeaderElection.java:200)
	at org.apache.ratis.server.impl.LeaderElection.run(LeaderElection.java:130)
	at java.lang.Thread.run(Thread.java:748)
Caused by: org.apache.ratis.thirdparty.io.grpc.StatusRuntimeException: UNAVAILABLE: io exception
	at org.apache.ratis.thirdparty.io.grpc.stub.ClientCalls.toStatusRuntimeException(ClientCalls.java:233)
	at org.apache.ratis.thirdparty.io.grpc.stub.ClientCalls.getUnchecked(ClientCalls.java:214)
	at org.apache.ratis.thirdparty.io.grpc.stub.ClientCalls.blockingUnaryCall(ClientCalls.java:139)
	at org.apache.ratis.proto.grpc.RaftServerProtocolServiceGrpc$RaftServerProtocolServiceBlockingStub.requestVote(RaftServerProtocolServiceGrpc.java:265)
	at org.apache.ratis.grpc.server.GrpcServerProtocolClient.requestVote(GrpcServerProtocolClient.java:83)
	at org.apache.ratis.grpc.server.GrpcService.requestVote(GrpcService.java:194)
	at org.apache.ratis.server.impl.LeaderElection.lambda$submitRequests$1(LeaderElection.java:237)
	at java.util.concurrent.FutureTask.run(FutureTask.java:266)
	at java.util.concurrent.Executors$RunnableAdapter.call(Executors.java:511)
	at java.util.concurrent.FutureTask.run(FutureTask.java:266)
	at java.util.concurrent.ThreadPoolExecutor.runWorker(ThreadPoolExecutor.java:1149)
	at java.util.concurrent.ThreadPoolExecutor$Worker.run(ThreadPoolExecutor.java:624)
	... 1 more
Caused by: org.apache.ratis.thirdparty.io.netty.channel.AbstractChannel$AnnotatedConnectException: Connection refused: /192.168.134.73:41935
	at sun.nio.ch.SocketChannelImpl.checkConnect(Native Method)
	at sun.nio.ch.SocketChannelImpl.finishConnect(SocketChannelImpl.java:717)
	at org.apache.ratis.thirdparty.io.netty.channel.socket.nio.NioSocketChannel.doFinishConnect(NioSocketChannel.java:327)
	at org.apache.ratis.thirdparty.io.netty.channel.nio.AbstractNioChannel$AbstractNioUnsafe.finishConnect(AbstractNioChannel.java:340)
	at org.apache.ratis.thirdparty.io.netty.channel.nio.NioEventLoop.processSelectedKey(NioEventLoop.java:632)
	at org.apache.ratis.thirdparty.io.netty.channel.nio.NioEventLoop.processSelectedKeysOptimized(NioEventLoop.java:579)
	at org.apache.ratis.thirdparty.io.netty.channel.nio.NioEventLoop.processSelectedKeys(NioEventLoop.java:496)
	at org.apache.ratis.thirdparty.io.netty.channel.nio.NioEventLoop.run(NioEventLoop.java:458)
	at org.apache.ratis.thirdparty.io.netty.util.concurrent.SingleThreadEventExecutor$5.run(SingleThreadEventExecutor.java:897)
	at org.apache.ratis.thirdparty.io.netty.util.concurrent.FastThreadLocalRunnable.run(FastThreadLocalRunnable.java:30)
	... 1 more
Caused by: java.net.ConnectException: Connection refused
	... 11 more
2019-06-12 15:45:21,100 INFO  impl.RaftServerImpl (ServerState.java:setLeader(263)) - dab0d7a9-0f40-40f5-b58a-3395b18fe462:group-2921CB2493C8 change Leader from 47205cd5-9d4d-420e-8292-fb3a06f2c406 to null at term 2 for updateCurrentTerm
2019-06-12 15:45:21,100 INFO  impl.RaftServerImpl (RaftServerImpl.java:setRole(164)) - dab0d7a9-0f40-40f5-b58a-3395b18fe462:group-2921CB2493C8 changes role from FOLLOWER to FOLLOWER at term 2 for recognizeCandidate:70f49eaa-db79-4366-b826-b03c57db84ba
2019-06-12 15:45:21,100 INFO  impl.RoleInfo (RoleInfo.java:shutdownFollowerState(121)) - dab0d7a9-0f40-40f5-b58a-3395b18fe462: shutdown FollowerState
2019-06-12 15:45:21,100 INFO  impl.RoleInfo (RoleInfo.java:updateAndGet(143)) - dab0d7a9-0f40-40f5-b58a-3395b18fe462: start FollowerState
2019-06-12 15:45:21,100 INFO  impl.FollowerState (FollowerState.java:run(109)) - dab0d7a9-0f40-40f5-b58a-3395b18fe462: FollowerState was interrupted: java.lang.InterruptedException: sleep interrupted
2019-06-12 15:45:21,104 INFO  impl.LeaderElection (LeaderElection.java:logAndReturn(56)) - 70f49eaa-db79-4366-b826-b03c57db84ba:group-2921CB2493C8:LeaderElection70: Election PASSED; received 1 response(s) [70f49eaa-db79-4366-b826-b03c57db84ba->dab0d7a9-0f40-40f5-b58a-3395b18fe462,true-t2] and 1 exception(s); 70f49eaa-db79-4366-b826-b03c57db84ba:t2, leader=null, voted=70f49eaa-db79-4366-b826-b03c57db84ba, raftlog=70f49eaa-db79-4366-b826-b03c57db84ba-SegmentedRaftLog:OPENED:c3,f4,i4, conf=0: [70f49eaa-db79-4366-b826-b03c57db84ba:192.168.134.73:41583, dab0d7a9-0f40-40f5-b58a-3395b18fe462:192.168.134.73:42459, 47205cd5-9d4d-420e-8292-fb3a06f2c406:192.168.134.73:41935], old=null
2019-06-12 15:45:21,104 INFO  impl.LeaderElection (LogUtils.java:infoOrTrace(149)) -   Exception 0: {}
java.util.concurrent.ExecutionException: org.apache.ratis.thirdparty.io.grpc.StatusRuntimeException: UNAVAILABLE: io exception
	at java.util.concurrent.FutureTask.report(FutureTask.java:122)
	at java.util.concurrent.FutureTask.get(FutureTask.java:192)
	at org.apache.ratis.server.impl.LeaderElection.waitForResults(LeaderElection.java:262)
	at org.apache.ratis.server.impl.LeaderElection.askForVotes(LeaderElection.java:200)
	at org.apache.ratis.server.impl.LeaderElection.run(LeaderElection.java:130)
	at java.lang.Thread.run(Thread.java:748)
Caused by: org.apache.ratis.thirdparty.io.grpc.StatusRuntimeException: UNAVAILABLE: io exception
	at org.apache.ratis.thirdparty.io.grpc.stub.ClientCalls.toStatusRuntimeException(ClientCalls.java:233)
	at org.apache.ratis.thirdparty.io.grpc.stub.ClientCalls.getUnchecked(ClientCalls.java:214)
	at org.apache.ratis.thirdparty.io.grpc.stub.ClientCalls.blockingUnaryCall(ClientCalls.java:139)
	at org.apache.ratis.proto.grpc.RaftServerProtocolServiceGrpc$RaftServerProtocolServiceBlockingStub.requestVote(RaftServerProtocolServiceGrpc.java:265)
	at org.apache.ratis.grpc.server.GrpcServerProtocolClient.requestVote(GrpcServerProtocolClient.java:83)
	at org.apache.ratis.grpc.server.GrpcService.requestVote(GrpcService.java:194)
	at org.apache.ratis.server.impl.LeaderElection.lambda$submitRequests$1(LeaderElection.java:237)
	at java.util.concurrent.FutureTask.run(FutureTask.java:266)
	at java.util.concurrent.Executors$RunnableAdapter.call(Executors.java:511)
	at java.util.concurrent.FutureTask.run(FutureTask.java:266)
	at java.util.concurrent.ThreadPoolExecutor.runWorker(ThreadPoolExecutor.java:1149)
	at java.util.concurrent.ThreadPoolExecutor$Worker.run(ThreadPoolExecutor.java:624)
	... 1 more
Caused by: org.apache.ratis.thirdparty.io.netty.channel.AbstractChannel$AnnotatedConnectException: Connection refused: /192.168.134.73:41935
	at sun.nio.ch.SocketChannelImpl.checkConnect(Native Method)
	at sun.nio.ch.SocketChannelImpl.finishConnect(SocketChannelImpl.java:717)
	at org.apache.ratis.thirdparty.io.netty.channel.socket.nio.NioSocketChannel.doFinishConnect(NioSocketChannel.java:327)
	at org.apache.ratis.thirdparty.io.netty.channel.nio.AbstractNioChannel$AbstractNioUnsafe.finishConnect(AbstractNioChannel.java:340)
	at org.apache.ratis.thirdparty.io.netty.channel.nio.NioEventLoop.processSelectedKey(NioEventLoop.java:632)
	at org.apache.ratis.thirdparty.io.netty.channel.nio.NioEventLoop.processSelectedKeysOptimized(NioEventLoop.java:579)
	at org.apache.ratis.thirdparty.io.netty.channel.nio.NioEventLoop.processSelectedKeys(NioEventLoop.java:496)
	at org.apache.ratis.thirdparty.io.netty.channel.nio.NioEventLoop.run(NioEventLoop.java:458)
	at org.apache.ratis.thirdparty.io.netty.util.concurrent.SingleThreadEventExecutor$5.run(SingleThreadEventExecutor.java:897)
	at org.apache.ratis.thirdparty.io.netty.util.concurrent.FastThreadLocalRunnable.run(FastThreadLocalRunnable.java:30)
	... 1 more
Caused by: java.net.ConnectException: Connection refused
	... 11 more
2019-06-12 15:45:21,104 INFO  impl.RoleInfo (RoleInfo.java:shutdownLeaderElection(134)) - 70f49eaa-db79-4366-b826-b03c57db84ba: shutdown LeaderElection
2019-06-12 15:45:21,104 INFO  impl.RaftServerImpl (RaftServerImpl.java:setRole(164)) - 70f49eaa-db79-4366-b826-b03c57db84ba:group-2921CB2493C8 changes role from CANDIDATE to LEADER at term 2 for changeToLeader
2019-06-12 15:45:21,104 INFO  impl.RaftServerImpl (ServerState.java:setLeader(263)) - 70f49eaa-db79-4366-b826-b03c57db84ba:group-2921CB2493C8 change Leader from null to 70f49eaa-db79-4366-b826-b03c57db84ba at term 2 for becomeLeader, leader elected after 12ms
2019-06-12 15:45:21,104 INFO  server.RaftServerConfigKeys (ConfUtils.java:logGet(43)) - raft.server.staging.catchup.gap = 1000 (default)
2019-06-12 15:45:21,104 INFO  server.RaftServerConfigKeys (ConfUtils.java:logGet(43)) - raft.server.rpc.sleep.time = 25ms (default)
2019-06-12 15:45:21,104 INFO  server.RaftServerConfigKeys (ConfUtils.java:logGet(43)) - raft.server.watch.timeout = 10s (default)
2019-06-12 15:45:21,104 INFO  server.RaftServerConfigKeys (ConfUtils.java:logGet(43)) - raft.server.watch.timeout.denomination = 1s (default)
2019-06-12 15:45:21,104 INFO  server.RaftServerConfigKeys (ConfUtils.java:logGet(43)) - raft.server.log.appender.snapshot.chunk.size.max = 16MB (=16777216) (default)
2019-06-12 15:45:21,104 INFO  server.RaftServerConfigKeys (ConfUtils.java:logGet(43)) - raft.server.log.appender.buffer.byte-limit = 33554432 (custom)
2019-06-12 15:45:21,105 INFO  server.RaftServerConfigKeys (ConfUtils.java:logGet(43)) - raft.server.log.appender.buffer.element-limit = 1 (custom)
2019-06-12 15:45:21,105 INFO  grpc.GrpcConfigKeys$Server (ConfUtils.java:logGet(43)) - raft.grpc.server.leader.outstanding.appends.max = 128 (default)
2019-06-12 15:45:21,105 INFO  server.RaftServerConfigKeys (ConfUtils.java:logGet(43)) - raft.server.rpc.request.timeout = 3000ms (default)
2019-06-12 15:45:21,105 INFO  server.RaftServerConfigKeys (ConfUtils.java:logGet(43)) - raft.server.log.appender.install.snapshot.enabled = true (default)
2019-06-12 15:45:21,105 INFO  server.RaftServerConfigKeys (ConfUtils.java:logGet(43)) - raft.server.log.appender.snapshot.chunk.size.max = 16MB (=16777216) (default)
2019-06-12 15:45:21,105 INFO  server.RaftServerConfigKeys (ConfUtils.java:logGet(43)) - raft.server.log.appender.buffer.byte-limit = 33554432 (custom)
2019-06-12 15:45:21,105 INFO  server.RaftServerConfigKeys (ConfUtils.java:logGet(43)) - raft.server.log.appender.buffer.element-limit = 1 (custom)
2019-06-12 15:45:21,105 INFO  grpc.GrpcConfigKeys$Server (ConfUtils.java:logGet(43)) - raft.grpc.server.leader.outstanding.appends.max = 128 (default)
2019-06-12 15:45:21,105 INFO  server.RaftServerConfigKeys (ConfUtils.java:logGet(43)) - raft.server.rpc.request.timeout = 3000ms (default)
2019-06-12 15:45:21,105 INFO  server.RaftServerConfigKeys (ConfUtils.java:logGet(43)) - raft.server.log.appender.install.snapshot.enabled = true (default)
2019-06-12 15:45:21,105 INFO  impl.RoleInfo (RoleInfo.java:updateAndGet(143)) - 70f49eaa-db79-4366-b826-b03c57db84ba: start LeaderState
2019-06-12 15:45:21,106 INFO  storage.RaftLogWorker (RaftLogWorker.java:rollLogSegment(303)) - 70f49eaa-db79-4366-b826-b03c57db84ba-RaftLogWorker: Rolling segment log-0_4 to index:4
2019-06-12 15:45:21,107 INFO  storage.RaftLogWorker (RaftLogWorker.java:execute(433)) - 70f49eaa-db79-4366-b826-b03c57db84ba-RaftLogWorker: Rolled log segment from /opt/src/hadoop-ozone/integration-test/target/test-dir/MiniOzoneClusterImpl-fa654d9d-23c1-4a13-8ee5-a7de691b994f/datanode-2/data/ratis/b23f09c2-4af0-4dd0-a5ad-2921cb2493c8/current/log_inprogress_0 to /opt/src/hadoop-ozone/integration-test/target/test-dir/MiniOzoneClusterImpl-fa654d9d-23c1-4a13-8ee5-a7de691b994f/datanode-2/data/ratis/b23f09c2-4af0-4dd0-a5ad-2921cb2493c8/current/log_0-4
2019-06-12 15:45:21,111 INFO  impl.RaftServerImpl (ServerState.java:setRaftConf(361)) - 70f49eaa-db79-4366-b826-b03c57db84ba:group-2921CB2493C8 set configuration 5: [70f49eaa-db79-4366-b826-b03c57db84ba:192.168.134.73:41583, dab0d7a9-0f40-40f5-b58a-3395b18fe462:192.168.134.73:42459, 47205cd5-9d4d-420e-8292-fb3a06f2c406:192.168.134.73:41935], old=null at 5
2019-06-12 15:45:21,111 WARN  server.GrpcLogAppender (LogUtils.java:warn(134)) - 70f49eaa-db79-4366-b826-b03c57db84ba: Failed appendEntries to 47205cd5-9d4d-420e-8292-fb3a06f2c406:192.168.134.73:41935: org.apache.ratis.thirdparty.io.grpc.StatusRuntimeException: UNAVAILABLE: io exception
2019-06-12 15:45:21,128 INFO  impl.FollowerInfo (FollowerInfo.java:lambda$new$0(50)) - 70f49eaa-db79-4366-b826-b03c57db84ba->47205cd5-9d4d-420e-8292-fb3a06f2c406: nextIndex: updateUnconditionally 5 -> 0
2019-06-12 15:45:21,128 INFO  impl.RaftServerImpl (ServerState.java:setLeader(263)) - dab0d7a9-0f40-40f5-b58a-3395b18fe462:group-2921CB2493C8 change Leader from null to 70f49eaa-db79-4366-b826-b03c57db84ba at term 2 for appendEntries, leader elected after 28ms
2019-06-12 15:45:21,131 WARN  server.GrpcLogAppender (LogUtils.java:warn(134)) - 70f49eaa-db79-4366-b826-b03c57db84ba: Failed appendEntries to 47205cd5-9d4d-420e-8292-fb3a06f2c406:192.168.134.73:41935: org.apache.ratis.thirdparty.io.grpc.StatusRuntimeException: UNAVAILABLE: io exception
2019-06-12 15:45:21,131 INFO  impl.FollowerInfo (FollowerInfo.java:lambda$new$0(50)) - 70f49eaa-db79-4366-b826-b03c57db84ba->47205cd5-9d4d-420e-8292-fb3a06f2c406: nextIndex: updateUnconditionally 1 -> 0
2019-06-12 15:45:21,132 INFO  impl.RaftServerImpl (ServerState.java:setRaftConf(361)) - dab0d7a9-0f40-40f5-b58a-3395b18fe462:group-2921CB2493C8 set configuration 5: [70f49eaa-db79-4366-b826-b03c57db84ba:192.168.134.73:41583, dab0d7a9-0f40-40f5-b58a-3395b18fe462:192.168.134.73:42459, 47205cd5-9d4d-420e-8292-fb3a06f2c406:192.168.134.73:41935], old=null at 5
2019-06-12 15:45:21,133 INFO  storage.RaftLogWorker (RaftLogWorker.java:rollLogSegment(303)) - dab0d7a9-0f40-40f5-b58a-3395b18fe462-RaftLogWorker: Rolling segment log-0_4 to index:4
2019-06-12 15:45:21,133 INFO  storage.RaftLogWorker (RaftLogWorker.java:execute(433)) - dab0d7a9-0f40-40f5-b58a-3395b18fe462-RaftLogWorker: Rolled log segment from /opt/src/hadoop-ozone/integration-test/target/test-dir/MiniOzoneClusterImpl-fa654d9d-23c1-4a13-8ee5-a7de691b994f/datanode-0/data/ratis/b23f09c2-4af0-4dd0-a5ad-2921cb2493c8/current/log_inprogress_0 to /opt/src/hadoop-ozone/integration-test/target/test-dir/MiniOzoneClusterImpl-fa654d9d-23c1-4a13-8ee5-a7de691b994f/datanode-0/data/ratis/b23f09c2-4af0-4dd0-a5ad-2921cb2493c8/current/log_0-4
2019-06-12 15:45:21,150 INFO  storage.RaftLogWorker (RaftLogWorker.java:execute(469)) - 70f49eaa-db79-4366-b826-b03c57db84ba-RaftLogWorker: created new log segment /opt/src/hadoop-ozone/integration-test/target/test-dir/MiniOzoneClusterImpl-fa654d9d-23c1-4a13-8ee5-a7de691b994f/datanode-2/data/ratis/b23f09c2-4af0-4dd0-a5ad-2921cb2493c8/current/log_inprogress_5
2019-06-12 15:45:21,171 INFO  storage.RaftLogWorker (RaftLogWorker.java:execute(469)) - dab0d7a9-0f40-40f5-b58a-3395b18fe462-RaftLogWorker: created new log segment /opt/src/hadoop-ozone/integration-test/target/test-dir/MiniOzoneClusterImpl-fa654d9d-23c1-4a13-8ee5-a7de691b994f/datanode-0/data/ratis/b23f09c2-4af0-4dd0-a5ad-2921cb2493c8/current/log_inprogress_5
2019-06-12 15:45:21,176 WARN  server.GrpcLogAppender (LogUtils.java:warn(134)) - 70f49eaa-db79-4366-b826-b03c57db84ba: Failed appendEntries to 47205cd5-9d4d-420e-8292-fb3a06f2c406:192.168.134.73:41935: org.apache.ratis.thirdparty.io.grpc.StatusRuntimeException: UNAVAILABLE: io exception
2019-06-12 15:45:21,176 INFO  impl.FollowerInfo (FollowerInfo.java:lambda$new$0(50)) - 70f49eaa-db79-4366-b826-b03c57db84ba->47205cd5-9d4d-420e-8292-fb3a06f2c406: nextIndex: updateUnconditionally 1 -> 0
2019-06-12 15:45:21,179 WARN  server.GrpcLogAppender (LogUtils.java:warn(134)) - 70f49eaa-db79-4366-b826-b03c57db84ba: Failed appendEntries to 47205cd5-9d4d-420e-8292-fb3a06f2c406:192.168.134.73:41935: org.apache.ratis.thirdparty.io.grpc.StatusRuntimeException: UNAVAILABLE: io exception
2019-06-12 15:45:21,179 INFO  impl.FollowerInfo (FollowerInfo.java:lambda$new$0(50)) - 70f49eaa-db79-4366-b826-b03c57db84ba->47205cd5-9d4d-420e-8292-fb3a06f2c406: nextIndex: updateUnconditionally 1 -> 0
2019-06-12 15:45:21,679 WARN  server.GrpcLogAppender (LogUtils.java:warn(134)) - 70f49eaa-db79-4366-b826-b03c57db84ba: Failed appendEntries to 47205cd5-9d4d-420e-8292-fb3a06f2c406:192.168.134.73:41935: org.apache.ratis.thirdparty.io.grpc.StatusRuntimeException: UNAVAILABLE: io exception
2019-06-12 15:45:21,679 INFO  impl.FollowerInfo (FollowerInfo.java:lambda$new$0(50)) - 70f49eaa-db79-4366-b826-b03c57db84ba->47205cd5-9d4d-420e-8292-fb3a06f2c406: nextIndex: updateUnconditionally 0 -> 0
2019-06-12 15:45:22,179 WARN  server.GrpcLogAppender (LogUtils.java:warn(134)) - 70f49eaa-db79-4366-b826-b03c57db84ba: Failed appendEntries to 47205cd5-9d4d-420e-8292-fb3a06f2c406:192.168.134.73:41935: org.apache.ratis.thirdparty.io.grpc.StatusRuntimeException: UNAVAILABLE: io exception
2019-06-12 15:45:22,180 INFO  impl.FollowerInfo (FollowerInfo.java:lambda$new$0(50)) - 70f49eaa-db79-4366-b826-b03c57db84ba->47205cd5-9d4d-420e-8292-fb3a06f2c406: nextIndex: updateUnconditionally 0 -> 0
2019-06-12 15:45:22,429 INFO  node.StaleNodeHandler (StaleNodeHandler.java:onMessage(58)) - Datanode 47205cd5-9d4d-420e-8292-fb3a06f2c406{ip: 192.168.134.73, host: ozone-bzwcn-1332811729, networkLocation: /default-rack, certSerialId: null} moved to stale state. Finalizing its pipelines [PipelineID=7e7e7f81-ea24-444c-9e75-8a1bdf12ddb3, PipelineID=b23f09c2-4af0-4dd0-a5ad-2921cb2493c8]
2019-06-12 15:45:22,429 INFO  pipeline.SCMPipelineManager (SCMPipelineManager.java:finalizeAndDestroyPipeline(307)) - destroying pipeline:Pipeline[ Id: 7e7e7f81-ea24-444c-9e75-8a1bdf12ddb3, Nodes: 47205cd5-9d4d-420e-8292-fb3a06f2c406{ip: 192.168.134.73, host: ozone-bzwcn-1332811729, networkLocation: /default-rack, certSerialId: null}, Type:RATIS, Factor:ONE, State:OPEN]
2019-06-12 15:45:22,429 INFO  pipeline.PipelineStateManager (PipelineStateManager.java:finalizePipeline(123)) - Pipeline Pipeline[ Id: 7e7e7f81-ea24-444c-9e75-8a1bdf12ddb3, Nodes: 47205cd5-9d4d-420e-8292-fb3a06f2c406{ip: 192.168.134.73, host: ozone-bzwcn-1332811729, networkLocation: /default-rack, certSerialId: null}, Type:RATIS, Factor:ONE, State:CLOSED] moved to CLOSED state
2019-06-12 15:45:22,429 INFO  pipeline.SCMPipelineManager (SCMPipelineManager.java:finalizeAndDestroyPipeline(307)) - destroying pipeline:Pipeline[ Id: b23f09c2-4af0-4dd0-a5ad-2921cb2493c8, Nodes: 47205cd5-9d4d-420e-8292-fb3a06f2c406{ip: 192.168.134.73, host: ozone-bzwcn-1332811729, networkLocation: /default-rack, certSerialId: null}70f49eaa-db79-4366-b826-b03c57db84ba{ip: 192.168.134.73, host: ozone-bzwcn-1332811729, networkLocation: /default-rack, certSerialId: null}dab0d7a9-0f40-40f5-b58a-3395b18fe462{ip: 192.168.134.73, host: ozone-bzwcn-1332811729, networkLocation: /default-rack, certSerialId: null}, Type:RATIS, Factor:THREE, State:OPEN]
2019-06-12 15:45:22,429 INFO  pipeline.PipelineStateManager (PipelineStateManager.java:finalizePipeline(123)) - Pipeline Pipeline[ Id: b23f09c2-4af0-4dd0-a5ad-2921cb2493c8, Nodes: 47205cd5-9d4d-420e-8292-fb3a06f2c406{ip: 192.168.134.73, host: ozone-bzwcn-1332811729, networkLocation: /default-rack, certSerialId: null}70f49eaa-db79-4366-b826-b03c57db84ba{ip: 192.168.134.73, host: ozone-bzwcn-1332811729, networkLocation: /default-rack, certSerialId: null}dab0d7a9-0f40-40f5-b58a-3395b18fe462{ip: 192.168.134.73, host: ozone-bzwcn-1332811729, networkLocation: /default-rack, certSerialId: null}, Type:RATIS, Factor:THREE, State:CLOSED] moved to CLOSED state
2019-06-12 15:45:22,429 INFO  container.CloseContainerEventHandler (CloseContainerEventHandler.java:onMessage(61)) - Close container Event triggered for container : #1
2019-06-12 15:45:22,665 INFO  client.GrpcClientProtocolClient (GrpcClientProtocolClient.java:onNext(254)) - client-BA9E066E2979->dab0d7a9-0f40-40f5-b58a-3395b18fe462: receive RaftClientReply:client-BA9E066E2979->dab0d7a9-0f40-40f5-b58a-3395b18fe462@group-2921CB2493C8, cid=158, FAILED org.apache.ratis.protocol.NotLeaderException: Server dab0d7a9-0f40-40f5-b58a-3395b18fe462 is not the leader (70f49eaa-db79-4366-b826-b03c57db84ba:192.168.134.73:41583). Request must be sent to leader., logIndex=0, commits[dab0d7a9-0f40-40f5-b58a-3395b18fe462:c6, 70f49eaa-db79-4366-b826-b03c57db84ba:c6, 47205cd5-9d4d-420e-8292-fb3a06f2c406:c3]
2019-06-12 15:45:22,667 WARN  client.GrpcClientProtocolService (LogUtils.java:warn(134)) - 1-OrderedRequestStreamObserver1: onError: org.apache.ratis.thirdparty.io.grpc.StatusRuntimeException: CANCELLED: cancelled before receiving half close
2019-06-12 15:45:22,680 WARN  server.GrpcLogAppender (LogUtils.java:warn(134)) - 70f49eaa-db79-4366-b826-b03c57db84ba: Failed appendEntries to 47205cd5-9d4d-420e-8292-fb3a06f2c406:192.168.134.73:41935: org.apache.ratis.thirdparty.io.grpc.StatusRuntimeException: UNAVAILABLE: io exception
2019-06-12 15:45:22,680 INFO  impl.FollowerInfo (FollowerInfo.java:lambda$new$0(50)) - 70f49eaa-db79-4366-b826-b03c57db84ba->47205cd5-9d4d-420e-8292-fb3a06f2c406: nextIndex: updateUnconditionally 0 -> 0
2019-06-12 15:45:23,180 WARN  server.GrpcLogAppender (LogUtils.java:warn(134)) - 70f49eaa-db79-4366-b826-b03c57db84ba: Failed appendEntries to 47205cd5-9d4d-420e-8292-fb3a06f2c406:192.168.134.73:41935: org.apache.ratis.thirdparty.io.grpc.StatusRuntimeException: UNAVAILABLE: io exception
2019-06-12 15:45:23,180 INFO  impl.FollowerInfo (FollowerInfo.java:lambda$new$0(50)) - 70f49eaa-db79-4366-b826-b03c57db84ba->47205cd5-9d4d-420e-8292-fb3a06f2c406: nextIndex: updateUnconditionally 0 -> 0
2019-06-12 15:45:23,680 WARN  server.GrpcLogAppender (LogUtils.java:warn(134)) - 70f49eaa-db79-4366-b826-b03c57db84ba: Failed appendEntries to 47205cd5-9d4d-420e-8292-fb3a06f2c406:192.168.134.73:41935: org.apache.ratis.thirdparty.io.grpc.StatusRuntimeException: UNAVAILABLE: io exception
2019-06-12 15:45:23,681 INFO  impl.FollowerInfo (FollowerInfo.java:lambda$new$0(50)) - 70f49eaa-db79-4366-b826-b03c57db84ba->47205cd5-9d4d-420e-8292-fb3a06f2c406: nextIndex: updateUnconditionally 0 -> 0
2019-06-12 15:45:24,181 WARN  server.GrpcLogAppender (LogUtils.java:warn(134)) - 70f49eaa-db79-4366-b826-b03c57db84ba: Failed appendEntries to 47205cd5-9d4d-420e-8292-fb3a06f2c406:192.168.134.73:41935: org.apache.ratis.thirdparty.io.grpc.StatusRuntimeException: UNAVAILABLE: io exception
2019-06-12 15:45:24,181 INFO  impl.FollowerInfo (FollowerInfo.java:lambda$new$0(50)) - 70f49eaa-db79-4366-b826-b03c57db84ba->47205cd5-9d4d-420e-8292-fb3a06f2c406: nextIndex: updateUnconditionally 0 -> 0
2019-06-12 15:45:24,421 WARN  server.GrpcLogAppender (LogUtils.java:warn(134)) - 70f49eaa-db79-4366-b826-b03c57db84ba: Failed appendEntries to 47205cd5-9d4d-420e-8292-fb3a06f2c406:192.168.134.73:41935: org.apache.ratis.thirdparty.io.grpc.StatusRuntimeException: UNAVAILABLE: io exception
2019-06-12 15:45:24,422 INFO  impl.FollowerInfo (FollowerInfo.java:lambda$new$0(50)) - 70f49eaa-db79-4366-b826-b03c57db84ba->47205cd5-9d4d-420e-8292-fb3a06f2c406: nextIndex: updateUnconditionally 1 -> 0
2019-06-12 15:45:24,424 WARN  server.GrpcLogAppender (LogUtils.java:warn(134)) - 70f49eaa-db79-4366-b826-b03c57db84ba: Failed appendEntries to 47205cd5-9d4d-420e-8292-fb3a06f2c406:192.168.134.73:41935: org.apache.ratis.thirdparty.io.grpc.StatusRuntimeException: UNAVAILABLE: io exception
2019-06-12 15:45:24,425 INFO  impl.FollowerInfo (FollowerInfo.java:lambda$new$0(50)) - 70f49eaa-db79-4366-b826-b03c57db84ba->47205cd5-9d4d-420e-8292-fb3a06f2c406: nextIndex: updateUnconditionally 1 -> 0
2019-06-12 15:45:24,426 WARN  server.GrpcLogAppender (LogUtils.java:warn(134)) - 70f49eaa-db79-4366-b826-b03c57db84ba: Failed appendEntries to 47205cd5-9d4d-420e-8292-fb3a06f2c406:192.168.134.73:41935: org.apache.ratis.thirdparty.io.grpc.StatusRuntimeException: UNAVAILABLE: io exception
2019-06-12 15:45:24,426 INFO  impl.FollowerInfo (FollowerInfo.java:lambda$new$0(50)) - 70f49eaa-db79-4366-b826-b03c57db84ba->47205cd5-9d4d-420e-8292-fb3a06f2c406: nextIndex: updateUnconditionally 1 -> 0
2019-06-12 15:45:24,433 INFO  interfaces.Container (KeyValueContainer.java:compactDB(356)) - Container 1 is closed with bcsId 3.
2019-06-12 15:45:24,435 INFO  interfaces.Container (KeyValueContainer.java:compactDB(356)) - Container 1 is closed with bcsId 3.
15:45:24.675 [grpc-default-executor-2] ERROR DNAudit - user=null | ip=null | op=WRITE_CHUNK {blockData=conID: 1 locID: 102259380673642517 bcsId: 3} | ret=FAILURE
org.apache.hadoop.hdds.scm.container.common.helpers.ContainerNotOpenException: Container 1 in CLOSED state
	at org.apache.hadoop.ozone.container.common.impl.HddsDispatcher.validateContainerCommand(HddsDispatcher.java:408) ~[hadoop-hdds-container-service-0.5.0-SNAPSHOT.jar:?]
	at org.apache.hadoop.ozone.container.common.transport.server.ratis.ContainerStateMachine.startTransaction(ContainerStateMachine.java:269) ~[hadoop-hdds-container-service-0.5.0-SNAPSHOT.jar:?]
	at org.apache.ratis.server.impl.RaftServerImpl.submitClientRequestAsync(RaftServerImpl.java:550) ~[ratis-server-0.4.0-fe2b15d-SNAPSHOT.jar:0.4.0-fe2b15d-SNAPSHOT]
	at org.apache.ratis.server.impl.RaftServerProxy.lambda$submitClientRequestAsync$7(RaftServerProxy.java:333) ~[ratis-server-0.4.0-fe2b15d-SNAPSHOT.jar:0.4.0-fe2b15d-SNAPSHOT]
	at org.apache.ratis.server.impl.RaftServerProxy.lambda$null$5(RaftServerProxy.java:328) ~[ratis-server-0.4.0-fe2b15d-SNAPSHOT.jar:0.4.0-fe2b15d-SNAPSHOT]
	at org.apache.ratis.util.JavaUtils.callAsUnchecked(JavaUtils.java:109) ~[ratis-common-0.4.0-fe2b15d-SNAPSHOT.jar:0.4.0-fe2b15d-SNAPSHOT]
	at org.apache.ratis.server.impl.RaftServerProxy.lambda$submitRequest$6(RaftServerProxy.java:328) ~[ratis-server-0.4.0-fe2b15d-SNAPSHOT.jar:0.4.0-fe2b15d-SNAPSHOT]
	at java.util.concurrent.CompletableFuture.uniComposeStage(CompletableFuture.java:981) ~[?:1.8.0_212]
	at java.util.concurrent.CompletableFuture.thenCompose(CompletableFuture.java:2124) ~[?:1.8.0_212]
	at org.apache.ratis.server.impl.RaftServerProxy.submitRequest(RaftServerProxy.java:327) ~[ratis-server-0.4.0-fe2b15d-SNAPSHOT.jar:0.4.0-fe2b15d-SNAPSHOT]
	at org.apache.ratis.server.impl.RaftServerProxy.submitClientRequestAsync(RaftServerProxy.java:333) ~[ratis-server-0.4.0-fe2b15d-SNAPSHOT.jar:0.4.0-fe2b15d-SNAPSHOT]
	at org.apache.ratis.grpc.client.GrpcClientProtocolService$RequestStreamObserver.processClientRequest(GrpcClientProtocolService.java:206) ~[ratis-grpc-0.4.0-fe2b15d-SNAPSHOT.jar:0.4.0-fe2b15d-SNAPSHOT]
	at org.apache.ratis.grpc.client.GrpcClientProtocolService$OrderedRequestStreamObserver.processClientRequest(GrpcClientProtocolService.java:306) ~[ratis-grpc-0.4.0-fe2b15d-SNAPSHOT.jar:0.4.0-fe2b15d-SNAPSHOT]
	at org.apache.ratis.util.SlidingWindow$Server.processRequestsFromHead(SlidingWindow.java:399) [ratis-common-0.4.0-fe2b15d-SNAPSHOT.jar:0.4.0-fe2b15d-SNAPSHOT]
	at org.apache.ratis.util.SlidingWindow$Server.receivedRequest(SlidingWindow.java:391) [ratis-common-0.4.0-fe2b15d-SNAPSHOT.jar:0.4.0-fe2b15d-SNAPSHOT]
	at org.apache.ratis.grpc.client.GrpcClientProtocolService$OrderedRequestStreamObserver.processClientRequest(GrpcClientProtocolService.java:312) [ratis-grpc-0.4.0-fe2b15d-SNAPSHOT.jar:0.4.0-fe2b15d-SNAPSHOT]
	at org.apache.ratis.grpc.client.GrpcClientProtocolService$RequestStreamObserver.onNext(GrpcClientProtocolService.java:226) [ratis-grpc-0.4.0-fe2b15d-SNAPSHOT.jar:0.4.0-fe2b15d-SNAPSHOT]
	at org.apache.ratis.grpc.client.GrpcClientProtocolService$RequestStreamObserver.onNext(GrpcClientProtocolService.java:154) [ratis-grpc-0.4.0-fe2b15d-SNAPSHOT.jar:0.4.0-fe2b15d-SNAPSHOT]
	at org.apache.ratis.thirdparty.io.grpc.stub.ServerCalls$StreamingServerCallHandler$StreamingServerCallListener.onMessage(ServerCalls.java:248) [ratis-thirdparty-misc-0.2.0.jar:0.2.0]
	at org.apache.ratis.thirdparty.io.grpc.internal.ServerCallImpl$ServerStreamListenerImpl.messagesAvailable(ServerCallImpl.java:263) [ratis-thirdparty-misc-0.2.0.jar:0.2.0]
	at org.apache.ratis.thirdparty.io.grpc.internal.ServerImpl$JumpToApplicationThreadServerStreamListener$1MessagesAvailable.runInContext(ServerImpl.java:686) [ratis-thirdparty-misc-0.2.0.jar:0.2.0]
	at org.apache.ratis.thirdparty.io.grpc.internal.ContextRunnable.run(ContextRunnable.java:37) [ratis-thirdparty-misc-0.2.0.jar:0.2.0]
	at org.apache.ratis.thirdparty.io.grpc.internal.SerializingExecutor.run(SerializingExecutor.java:123) [ratis-thirdparty-misc-0.2.0.jar:0.2.0]
	at java.util.concurrent.ThreadPoolExecutor.runWorker(ThreadPoolExecutor.java:1149) [?:1.8.0_212]
	at java.util.concurrent.ThreadPoolExecutor$Worker.run(ThreadPoolExecutor.java:624) [?:1.8.0_212]
	at java.lang.Thread.run(Thread.java:748) [?:1.8.0_212]
2019-06-12 15:45:24,687 INFO  client.GrpcClientProtocolClient (GrpcClientProtocolClient.java:onNext(254)) - client-BA9E066E2979->70f49eaa-db79-4366-b826-b03c57db84ba: receive RaftClientReply:client-BA9E066E2979->70f49eaa-db79-4366-b826-b03c57db84ba@group-2921CB2493C8, cid=158, FAILED org.apache.ratis.protocol.StateMachineException: org.apache.hadoop.hdds.scm.container.common.helpers.ContainerNotOpenException from Server 70f49eaa-db79-4366-b826-b03c57db84ba: Container 1 in CLOSED state, logIndex=0, commits[70f49eaa-db79-4366-b826-b03c57db84ba:c8, dab0d7a9-0f40-40f5-b58a-3395b18fe462:c7, 47205cd5-9d4d-420e-8292-fb3a06f2c406:c3]
15:45:24.692 [grpc-default-executor-3] ERROR DNAudit - user=null | ip=null | op=PUT_BLOCK {blockData=[blockId=conID: 1 locID: 102259380673642517 bcsId: 0,size=2097152]} | ret=FAILURE
org.apache.hadoop.hdds.scm.container.common.helpers.ContainerNotOpenException: Container 1 in CLOSED state
	at org.apache.hadoop.ozone.container.common.impl.HddsDispatcher.validateContainerCommand(HddsDispatcher.java:408) ~[hadoop-hdds-container-service-0.5.0-SNAPSHOT.jar:?]
	at org.apache.hadoop.ozone.container.common.transport.server.ratis.ContainerStateMachine.startTransaction(ContainerStateMachine.java:269) ~[hadoop-hdds-container-service-0.5.0-SNAPSHOT.jar:?]
	at org.apache.ratis.server.impl.RaftServerImpl.submitClientRequestAsync(RaftServerImpl.java:550) ~[ratis-server-0.4.0-fe2b15d-SNAPSHOT.jar:0.4.0-fe2b15d-SNAPSHOT]
	at org.apache.ratis.server.impl.RaftServerProxy.lambda$submitClientRequestAsync$7(RaftServerProxy.java:333) ~[ratis-server-0.4.0-fe2b15d-SNAPSHOT.jar:0.4.0-fe2b15d-SNAPSHOT]
	at org.apache.ratis.server.impl.RaftServerProxy.lambda$null$5(RaftServerProxy.java:328) ~[ratis-server-0.4.0-fe2b15d-SNAPSHOT.jar:0.4.0-fe2b15d-SNAPSHOT]
	at org.apache.ratis.util.JavaUtils.callAsUnchecked(JavaUtils.java:109) ~[ratis-common-0.4.0-fe2b15d-SNAPSHOT.jar:0.4.0-fe2b15d-SNAPSHOT]
	at org.apache.ratis.server.impl.RaftServerProxy.lambda$submitRequest$6(RaftServerProxy.java:328) ~[ratis-server-0.4.0-fe2b15d-SNAPSHOT.jar:0.4.0-fe2b15d-SNAPSHOT]
	at java.util.concurrent.CompletableFuture.uniComposeStage(CompletableFuture.java:981) ~[?:1.8.0_212]
	at java.util.concurrent.CompletableFuture.thenCompose(CompletableFuture.java:2124) ~[?:1.8.0_212]
	at org.apache.ratis.server.impl.RaftServerProxy.submitRequest(RaftServerProxy.java:327) ~[ratis-server-0.4.0-fe2b15d-SNAPSHOT.jar:0.4.0-fe2b15d-SNAPSHOT]
	at org.apache.ratis.server.impl.RaftServerProxy.submitClientRequestAsync(RaftServerProxy.java:333) ~[ratis-server-0.4.0-fe2b15d-SNAPSHOT.jar:0.4.0-fe2b15d-SNAPSHOT]
	at org.apache.ratis.grpc.client.GrpcClientProtocolService$RequestStreamObserver.processClientRequest(GrpcClientProtocolService.java:206) ~[ratis-grpc-0.4.0-fe2b15d-SNAPSHOT.jar:0.4.0-fe2b15d-SNAPSHOT]
	at org.apache.ratis.grpc.client.GrpcClientProtocolService$OrderedRequestStreamObserver.processClientRequest(GrpcClientProtocolService.java:306) ~[ratis-grpc-0.4.0-fe2b15d-SNAPSHOT.jar:0.4.0-fe2b15d-SNAPSHOT]
	at org.apache.ratis.util.SlidingWindow$Server.processRequestsFromHead(SlidingWindow.java:399) [ratis-common-0.4.0-fe2b15d-SNAPSHOT.jar:0.4.0-fe2b15d-SNAPSHOT]
	at org.apache.ratis.util.SlidingWindow$Server.receivedRequest(SlidingWindow.java:391) [ratis-common-0.4.0-fe2b15d-SNAPSHOT.jar:0.4.0-fe2b15d-SNAPSHOT]
	at org.apache.ratis.grpc.client.GrpcClientProtocolService$OrderedRequestStreamObserver.processClientRequest(GrpcClientProtocolService.java:312) [ratis-grpc-0.4.0-fe2b15d-SNAPSHOT.jar:0.4.0-fe2b15d-SNAPSHOT]
	at org.apache.ratis.grpc.client.GrpcClientProtocolService$RequestStreamObserver.onNext(GrpcClientProtocolService.java:226) [ratis-grpc-0.4.0-fe2b15d-SNAPSHOT.jar:0.4.0-fe2b15d-SNAPSHOT]
	at org.apache.ratis.grpc.client.GrpcClientProtocolService$RequestStreamObserver.onNext(GrpcClientProtocolService.java:154) [ratis-grpc-0.4.0-fe2b15d-SNAPSHOT.jar:0.4.0-fe2b15d-SNAPSHOT]
	at org.apache.ratis.thirdparty.io.grpc.stub.ServerCalls$StreamingServerCallHandler$StreamingServerCallListener.onMessage(ServerCalls.java:248) [ratis-thirdparty-misc-0.2.0.jar:0.2.0]
	at org.apache.ratis.thirdparty.io.grpc.internal.ServerCallImpl$ServerStreamListenerImpl.messagesAvailable(ServerCallImpl.java:263) [ratis-thirdparty-misc-0.2.0.jar:0.2.0]
	at org.apache.ratis.thirdparty.io.grpc.internal.ServerImpl$JumpToApplicationThreadServerStreamListener$1MessagesAvailable.runInContext(ServerImpl.java:686) [ratis-thirdparty-misc-0.2.0.jar:0.2.0]
	at org.apache.ratis.thirdparty.io.grpc.internal.ContextRunnable.run(ContextRunnable.java:37) [ratis-thirdparty-misc-0.2.0.jar:0.2.0]
	at org.apache.ratis.thirdparty.io.grpc.internal.SerializingExecutor.run(SerializingExecutor.java:123) [ratis-thirdparty-misc-0.2.0.jar:0.2.0]
	at java.util.concurrent.ThreadPoolExecutor.runWorker(ThreadPoolExecutor.java:1149) [?:1.8.0_212]
	at java.util.concurrent.ThreadPoolExecutor$Worker.run(ThreadPoolExecutor.java:624) [?:1.8.0_212]
	at java.lang.Thread.run(Thread.java:748) [?:1.8.0_212]
2019-06-12 15:45:24,698 INFO  client.GrpcClientProtocolClient (GrpcClientProtocolClient.java:onNext(254)) - client-BA9E066E2979->70f49eaa-db79-4366-b826-b03c57db84ba: receive RaftClientReply:client-BA9E066E2979->70f49eaa-db79-4366-b826-b03c57db84ba@group-2921CB2493C8, cid=159, FAILED org.apache.ratis.protocol.StateMachineException: org.apache.hadoop.hdds.scm.container.common.helpers.ContainerNotOpenException from Server 70f49eaa-db79-4366-b826-b03c57db84ba: Container 1 in CLOSED state, logIndex=0, commits[70f49eaa-db79-4366-b826-b03c57db84ba:c8, dab0d7a9-0f40-40f5-b58a-3395b18fe462:c7, 47205cd5-9d4d-420e-8292-fb3a06f2c406:c3]
15:45:24.697 [grpc-default-executor-3] ERROR DNAudit - user=null | ip=null | op=WRITE_CHUNK {blockData=conID: 1 locID: 102259380673642517 bcsId: 3} | ret=FAILURE
org.apache.hadoop.hdds.scm.container.common.helpers.ContainerNotOpenException: Container 1 in CLOSED state
	at org.apache.hadoop.ozone.container.common.impl.HddsDispatcher.validateContainerCommand(HddsDispatcher.java:408) ~[hadoop-hdds-container-service-0.5.0-SNAPSHOT.jar:?]
	at org.apache.hadoop.ozone.container.common.transport.server.ratis.ContainerStateMachine.startTransaction(ContainerStateMachine.java:269) ~[hadoop-hdds-container-service-0.5.0-SNAPSHOT.jar:?]
	at org.apache.ratis.server.impl.RaftServerImpl.submitClientRequestAsync(RaftServerImpl.java:550) ~[ratis-server-0.4.0-fe2b15d-SNAPSHOT.jar:0.4.0-fe2b15d-SNAPSHOT]
	at org.apache.ratis.server.impl.RaftServerProxy.lambda$submitClientRequestAsync$7(RaftServerProxy.java:333) ~[ratis-server-0.4.0-fe2b15d-SNAPSHOT.jar:0.4.0-fe2b15d-SNAPSHOT]
	at org.apache.ratis.server.impl.RaftServerProxy.lambda$null$5(RaftServerProxy.java:328) ~[ratis-server-0.4.0-fe2b15d-SNAPSHOT.jar:0.4.0-fe2b15d-SNAPSHOT]
	at org.apache.ratis.util.JavaUtils.callAsUnchecked(JavaUtils.java:109) ~[ratis-common-0.4.0-fe2b15d-SNAPSHOT.jar:0.4.0-fe2b15d-SNAPSHOT]
	at org.apache.ratis.server.impl.RaftServerProxy.lambda$submitRequest$6(RaftServerProxy.java:328) ~[ratis-server-0.4.0-fe2b15d-SNAPSHOT.jar:0.4.0-fe2b15d-SNAPSHOT]
	at java.util.concurrent.CompletableFuture.uniComposeStage(CompletableFuture.java:981) ~[?:1.8.0_212]
	at java.util.concurrent.CompletableFuture.thenCompose(CompletableFuture.java:2124) ~[?:1.8.0_212]
	at org.apache.ratis.server.impl.RaftServerProxy.submitRequest(RaftServerProxy.java:327) ~[ratis-server-0.4.0-fe2b15d-SNAPSHOT.jar:0.4.0-fe2b15d-SNAPSHOT]
	at org.apache.ratis.server.impl.RaftServerProxy.submitClientRequestAsync(RaftServerProxy.java:333) ~[ratis-server-0.4.0-fe2b15d-SNAPSHOT.jar:0.4.0-fe2b15d-SNAPSHOT]
	at org.apache.ratis.grpc.client.GrpcClientProtocolService$RequestStreamObserver.processClientRequest(GrpcClientProtocolService.java:206) ~[ratis-grpc-0.4.0-fe2b15d-SNAPSHOT.jar:0.4.0-fe2b15d-SNAPSHOT]
	at org.apache.ratis.grpc.client.GrpcClientProtocolService$OrderedRequestStreamObserver.processClientRequest(GrpcClientProtocolService.java:306) ~[ratis-grpc-0.4.0-fe2b15d-SNAPSHOT.jar:0.4.0-fe2b15d-SNAPSHOT]
	at org.apache.ratis.util.SlidingWindow$Server.processRequestsFromHead(SlidingWindow.java:399) [ratis-common-0.4.0-fe2b15d-SNAPSHOT.jar:0.4.0-fe2b15d-SNAPSHOT]
	at org.apache.ratis.util.SlidingWindow$Server.receivedRequest(SlidingWindow.java:391) [ratis-common-0.4.0-fe2b15d-SNAPSHOT.jar:0.4.0-fe2b15d-SNAPSHOT]
	at org.apache.ratis.grpc.client.GrpcClientProtocolService$OrderedRequestStreamObserver.processClientRequest(GrpcClientProtocolService.java:312) [ratis-grpc-0.4.0-fe2b15d-SNAPSHOT.jar:0.4.0-fe2b15d-SNAPSHOT]
	at org.apache.ratis.grpc.client.GrpcClientProtocolService$RequestStreamObserver.onNext(GrpcClientProtocolService.java:226) [ratis-grpc-0.4.0-fe2b15d-SNAPSHOT.jar:0.4.0-fe2b15d-SNAPSHOT]
	at org.apache.ratis.grpc.client.GrpcClientProtocolService$RequestStreamObserver.onNext(GrpcClientProtocolService.java:154) [ratis-grpc-0.4.0-fe2b15d-SNAPSHOT.jar:0.4.0-fe2b15d-SNAPSHOT]
	at org.apache.ratis.thirdparty.io.grpc.stub.ServerCalls$StreamingServerCallHandler$StreamingServerCallListener.onMessage(ServerCalls.java:248) [ratis-thirdparty-misc-0.2.0.jar:0.2.0]
	at org.apache.ratis.thirdparty.io.grpc.internal.ServerCallImpl$ServerStreamListenerImpl.messagesAvailable(ServerCallImpl.java:263) [ratis-thirdparty-misc-0.2.0.jar:0.2.0]
	at org.apache.ratis.thirdparty.io.grpc.internal.ServerImpl$JumpToApplicationThreadServerStreamListener$1MessagesAvailable.runInContext(ServerImpl.java:686) [ratis-thirdparty-misc-0.2.0.jar:0.2.0]
	at org.apache.ratis.thirdparty.io.grpc.internal.ContextRunnable.run(ContextRunnable.java:37) [ratis-thirdparty-misc-0.2.0.jar:0.2.0]
	at org.apache.ratis.thirdparty.io.grpc.internal.SerializingExecutor.run(SerializingExecutor.java:123) [ratis-thirdparty-misc-0.2.0.jar:0.2.0]
	at java.util.concurrent.ThreadPoolExecutor.runWorker(ThreadPoolExecutor.java:1149) [?:1.8.0_212]
	at java.util.concurrent.ThreadPoolExecutor$Worker.run(ThreadPoolExecutor.java:624) [?:1.8.0_212]
	at java.lang.Thread.run(Thread.java:748) [?:1.8.0_212]
15:45:24.701 [grpc-default-executor-3] ERROR DNAudit - user=null | ip=null | op=PUT_BLOCK {blockData=[blockId=conID: 1 locID: 102259380673642517 bcsId: 0,size=3145728]} | ret=FAILURE
org.apache.hadoop.hdds.scm.container.common.helpers.ContainerNotOpenException: Container 1 in CLOSED state
	at org.apache.hadoop.ozone.container.common.impl.HddsDispatcher.validateContainerCommand(HddsDispatcher.java:408) ~[hadoop-hdds-container-service-0.5.0-SNAPSHOT.jar:?]
	at org.apache.hadoop.ozone.container.common.transport.server.ratis.ContainerStateMachine.startTransaction(ContainerStateMachine.java:269) ~[hadoop-hdds-container-service-0.5.0-SNAPSHOT.jar:?]
	at org.apache.ratis.server.impl.RaftServerImpl.submitClientRequestAsync(RaftServerImpl.java:550) ~[ratis-server-0.4.0-fe2b15d-SNAPSHOT.jar:0.4.0-fe2b15d-SNAPSHOT]
	at org.apache.ratis.server.impl.RaftServerProxy.lambda$submitClientRequestAsync$7(RaftServerProxy.java:333) ~[ratis-server-0.4.0-fe2b15d-SNAPSHOT.jar:0.4.0-fe2b15d-SNAPSHOT]
	at org.apache.ratis.server.impl.RaftServerProxy.lambda$null$5(RaftServerProxy.java:328) ~[ratis-server-0.4.0-fe2b15d-SNAPSHOT.jar:0.4.0-fe2b15d-SNAPSHOT]
	at org.apache.ratis.util.JavaUtils.callAsUnchecked(JavaUtils.java:109) ~[ratis-common-0.4.0-fe2b15d-SNAPSHOT.jar:0.4.0-fe2b15d-SNAPSHOT]
	at org.apache.ratis.server.impl.RaftServerProxy.lambda$submitRequest$6(RaftServerProxy.java:328) ~[ratis-server-0.4.0-fe2b15d-SNAPSHOT.jar:0.4.0-fe2b15d-SNAPSHOT]
	at java.util.concurrent.CompletableFuture.uniComposeStage(CompletableFuture.java:981) ~[?:1.8.0_212]
	at java.util.concurrent.CompletableFuture.thenCompose(CompletableFuture.java:2124) ~[?:1.8.0_212]
	at org.apache.ratis.server.impl.RaftServerProxy.submitRequest(RaftServerProxy.java:327) ~[ratis-server-0.4.0-fe2b15d-SNAPSHOT.jar:0.4.0-fe2b15d-SNAPSHOT]
	at org.apache.ratis.server.impl.RaftServerProxy.submitClientRequestAsync(RaftServerProxy.java:333) ~[ratis-server-0.4.0-fe2b15d-SNAPSHOT.jar:0.4.0-fe2b15d-SNAPSHOT]
	at org.apache.ratis.grpc.client.GrpcClientProtocolService$RequestStreamObserver.processClientRequest(GrpcClientProtocolService.java:206) ~[ratis-grpc-0.4.0-fe2b15d-SNAPSHOT.jar:0.4.0-fe2b15d-SNAPSHOT]
	at org.apache.ratis.grpc.client.GrpcClientProtocolService$OrderedRequestStreamObserver.processClientRequest(GrpcClientProtocolService.java:306) ~[ratis-grpc-0.4.0-fe2b15d-SNAPSHOT.jar:0.4.0-fe2b15d-SNAPSHOT]
	at org.apache.ratis.util.SlidingWindow$Server.processRequestsFromHead(SlidingWindow.java:399) [ratis-common-0.4.0-fe2b15d-SNAPSHOT.jar:0.4.0-fe2b15d-SNAPSHOT]
	at org.apache.ratis.util.SlidingWindow$Server.receivedRequest(SlidingWindow.java:391) [ratis-common-0.4.0-fe2b15d-SNAPSHOT.jar:0.4.0-fe2b15d-SNAPSHOT]
	at org.apache.ratis.grpc.client.GrpcClientProtocolService$OrderedRequestStreamObserver.processClientRequest(GrpcClientProtocolService.java:312) [ratis-grpc-0.4.0-fe2b15d-SNAPSHOT.jar:0.4.0-fe2b15d-SNAPSHOT]
	at org.apache.ratis.grpc.client.GrpcClientProtocolService$RequestStreamObserver.onNext(GrpcClientProtocolService.java:226) [ratis-grpc-0.4.0-fe2b15d-SNAPSHOT.jar:0.4.0-fe2b15d-SNAPSHOT]
	at org.apache.ratis.grpc.client.GrpcClientProtocolService$RequestStreamObserver.onNext(GrpcClientProtocolService.java:154) [ratis-grpc-0.4.0-fe2b15d-SNAPSHOT.jar:0.4.0-fe2b15d-SNAPSHOT]
	at org.apache.ratis.thirdparty.io.grpc.stub.ServerCalls$StreamingServerCallHandler$StreamingServerCallListener.onMessage(ServerCalls.java:248) [ratis-thirdparty-misc-0.2.0.jar:0.2.0]
	at org.apache.ratis.thirdparty.io.grpc.internal.ServerCallImpl$ServerStreamListenerImpl.messagesAvailable(ServerCallImpl.java:263) [ratis-thirdparty-misc-0.2.0.jar:0.2.0]
	at org.apache.ratis.thirdparty.io.grpc.internal.ServerImpl$JumpToApplicationThreadServerStreamListener$1MessagesAvailable.runInContext(ServerImpl.java:686) [ratis-thirdparty-misc-0.2.0.jar:0.2.0]
	at org.apache.ratis.thirdparty.io.grpc.internal.ContextRunnable.run(ContextRunnable.java:37) [ratis-thirdparty-misc-0.2.0.jar:0.2.0]
	at org.apache.ratis.thirdparty.io.grpc.internal.SerializingExecutor.run(SerializingExecutor.java:123) [ratis-thirdparty-misc-0.2.0.jar:0.2.0]
	at java.util.concurrent.ThreadPoolExecutor.runWorker(ThreadPoolExecutor.java:1149) [?:1.8.0_212]
	at java.util.concurrent.ThreadPoolExecutor$Worker.run(ThreadPoolExecutor.java:624) [?:1.8.0_212]
	at java.lang.Thread.run(Thread.java:748) [?:1.8.0_212]
2019-06-12 15:45:24,702 INFO  client.GrpcClientProtocolClient (GrpcClientProtocolClient.java:onNext(254)) - client-BA9E066E2979->70f49eaa-db79-4366-b826-b03c57db84ba: receive RaftClientReply:client-BA9E066E2979->70f49eaa-db79-4366-b826-b03c57db84ba@group-2921CB2493C8, cid=160, FAILED org.apache.ratis.protocol.StateMachineException: org.apache.hadoop.hdds.scm.container.common.helpers.ContainerNotOpenException from Server 70f49eaa-db79-4366-b826-b03c57db84ba: Container 1 in CLOSED state, logIndex=0, commits[70f49eaa-db79-4366-b826-b03c57db84ba:c8, dab0d7a9-0f40-40f5-b58a-3395b18fe462:c7, 47205cd5-9d4d-420e-8292-fb3a06f2c406:c3]
2019-06-12 15:45:24,705 INFO  client.GrpcClientProtocolClient (GrpcClientProtocolClient.java:onNext(254)) - client-BA9E066E2979->70f49eaa-db79-4366-b826-b03c57db84ba: receive RaftClientReply:client-BA9E066E2979->70f49eaa-db79-4366-b826-b03c57db84ba@group-2921CB2493C8, cid=161, FAILED org.apache.ratis.protocol.StateMachineException: org.apache.hadoop.hdds.scm.container.common.helpers.ContainerNotOpenException from Server 70f49eaa-db79-4366-b826-b03c57db84ba: Container 1 in CLOSED state, logIndex=0, commits[70f49eaa-db79-4366-b826-b03c57db84ba:c8, dab0d7a9-0f40-40f5-b58a-3395b18fe462:c7, 47205cd5-9d4d-420e-8292-fb3a06f2c406:c3]
2019-06-12 15:45:24,722 INFO  client.GrpcClientProtocolClient (GrpcClientProtocolClient.java:onNext(254)) - client-7C06E53E089B->15f5cd64-0a6e-476f-9483-dce4cbccf509: receive RaftClientReply:client-7C06E53E089B->15f5cd64-0a6e-476f-9483-dce4cbccf509@group-90B712C18CD6, cid=162, FAILED org.apache.ratis.protocol.NotLeaderException: Server 15f5cd64-0a6e-476f-9483-dce4cbccf509 is not the leader (879130b2-e12f-42c5-9017-cf785840f03d:192.168.134.73:33685). Request must be sent to leader., logIndex=0, commits[15f5cd64-0a6e-476f-9483-dce4cbccf509:c0, 60a3fe11-3501-468a-b464-e78b638e7b04:c0, 879130b2-e12f-42c5-9017-cf785840f03d:c0]
2019-06-12 15:45:24,725 WARN  client.GrpcClientProtocolService (LogUtils.java:warn(134)) - 0-OrderedRequestStreamObserver0: onError: org.apache.ratis.thirdparty.io.grpc.StatusRuntimeException: CANCELLED: cancelled before receiving half close
2019-06-12 15:45:24,926 WARN  server.GrpcLogAppender (LogUtils.java:warn(134)) - 70f49eaa-db79-4366-b826-b03c57db84ba: Failed appendEntries to 47205cd5-9d4d-420e-8292-fb3a06f2c406:192.168.134.73:41935: org.apache.ratis.thirdparty.io.grpc.StatusRuntimeException: UNAVAILABLE: io exception
2019-06-12 15:45:24,926 INFO  impl.FollowerInfo (FollowerInfo.java:lambda$new$0(50)) - 70f49eaa-db79-4366-b826-b03c57db84ba->47205cd5-9d4d-420e-8292-fb3a06f2c406: nextIndex: updateUnconditionally 0 -> 0
2019-06-12 15:45:25,427 WARN  server.GrpcLogAppender (LogUtils.java:warn(134)) - 70f49eaa-db79-4366-b826-b03c57db84ba: Failed appendEntries to 47205cd5-9d4d-420e-8292-fb3a06f2c406:192.168.134.73:41935: org.apache.ratis.thirdparty.io.grpc.StatusRuntimeException: UNAVAILABLE: io exception
2019-06-12 15:45:25,427 INFO  impl.FollowerInfo (FollowerInfo.java:lambda$new$0(50)) - 70f49eaa-db79-4366-b826-b03c57db84ba->47205cd5-9d4d-420e-8292-fb3a06f2c406: nextIndex: updateUnconditionally 0 -> 0
2019-06-12 15:45:25,731 INFO  client.GrpcClientProtocolClient (GrpcClientProtocolClient.java:onNext(254)) - client-7C06E53E089B->60a3fe11-3501-468a-b464-e78b638e7b04: receive RaftClientReply:client-7C06E53E089B->60a3fe11-3501-468a-b464-e78b638e7b04@group-90B712C18CD6, cid=162, FAILED org.apache.ratis.protocol.NotLeaderException: Server 60a3fe11-3501-468a-b464-e78b638e7b04 is not the leader (879130b2-e12f-42c5-9017-cf785840f03d:192.168.134.73:33685). Request must be sent to leader., logIndex=0, commits[60a3fe11-3501-468a-b464-e78b638e7b04:c0, 879130b2-e12f-42c5-9017-cf785840f03d:c0, 15f5cd64-0a6e-476f-9483-dce4cbccf509:c0]
2019-06-12 15:45:25,738 WARN  client.GrpcClientProtocolService (LogUtils.java:warn(134)) - 0-OrderedRequestStreamObserver0: onError: org.apache.ratis.thirdparty.io.grpc.StatusRuntimeException: CANCELLED: cancelled before receiving half close
2019-06-12 15:45:25,927 WARN  server.GrpcLogAppender (LogUtils.java:warn(134)) - 70f49eaa-db79-4366-b826-b03c57db84ba: Failed appendEntries to 47205cd5-9d4d-420e-8292-fb3a06f2c406:192.168.134.73:41935: org.apache.ratis.thirdparty.io.grpc.StatusRuntimeException: UNAVAILABLE: io exception
2019-06-12 15:45:25,927 INFO  impl.FollowerInfo (FollowerInfo.java:lambda$new$0(50)) - 70f49eaa-db79-4366-b826-b03c57db84ba->47205cd5-9d4d-420e-8292-fb3a06f2c406: nextIndex: updateUnconditionally 0 -> 0
2019-06-12 15:45:26,427 WARN  server.GrpcLogAppender (LogUtils.java:warn(134)) - 70f49eaa-db79-4366-b826-b03c57db84ba: Failed appendEntries to 47205cd5-9d4d-420e-8292-fb3a06f2c406:192.168.134.73:41935: org.apache.ratis.thirdparty.io.grpc.StatusRuntimeException: UNAVAILABLE: io exception
2019-06-12 15:45:26,427 INFO  impl.FollowerInfo (FollowerInfo.java:lambda$new$0(50)) - 70f49eaa-db79-4366-b826-b03c57db84ba->47205cd5-9d4d-420e-8292-fb3a06f2c406: nextIndex: updateUnconditionally 0 -> 0
2019-06-12 15:45:26,774 INFO  client.GrpcClientProtocolClient (GrpcClientProtocolClient.java:onNext(254)) - client-7C06E53E089B->879130b2-e12f-42c5-9017-cf785840f03d: receive RaftClientReply:client-7C06E53E089B->879130b2-e12f-42c5-9017-cf785840f03d@group-90B712C18CD6, cid=162, SUCCESS, logIndex=1, commits[879130b2-e12f-42c5-9017-cf785840f03d:c1, 60a3fe11-3501-468a-b464-e78b638e7b04:c0, 15f5cd64-0a6e-476f-9483-dce4cbccf509:c0]
2019-06-12 15:45:26,797 INFO  client.GrpcClientProtocolClient (GrpcClientProtocolClient.java:onNext(254)) - client-7C06E53E089B->879130b2-e12f-42c5-9017-cf785840f03d: receive RaftClientReply:client-7C06E53E089B->879130b2-e12f-42c5-9017-cf785840f03d@group-90B712C18CD6, cid=163, SUCCESS, logIndex=3, commits[879130b2-e12f-42c5-9017-cf785840f03d:c4, 60a3fe11-3501-468a-b464-e78b638e7b04:c3, 15f5cd64-0a6e-476f-9483-dce4cbccf509:c3]
2019-06-12 15:45:26,870 INFO  client.GrpcClientProtocolClient (GrpcClientProtocolClient.java:onNext(254)) - client-7C06E53E089B->879130b2-e12f-42c5-9017-cf785840f03d: receive RaftClientReply:client-7C06E53E089B->879130b2-e12f-42c5-9017-cf785840f03d@group-90B712C18CD6, cid=164, SUCCESS, logIndex=5, commits[879130b2-e12f-42c5-9017-cf785840f03d:c6, 60a3fe11-3501-468a-b464-e78b638e7b04:c4, 15f5cd64-0a6e-476f-9483-dce4cbccf509:c4]
2019-06-12 15:45:26,874 INFO  client.GrpcClientProtocolClient (GrpcClientProtocolClient.java:onNext(254)) - client-7C06E53E089B->879130b2-e12f-42c5-9017-cf785840f03d: receive RaftClientReply:client-7C06E53E089B->879130b2-e12f-42c5-9017-cf785840f03d@group-90B712C18CD6, cid=165, SUCCESS, logIndex=6, commits[879130b2-e12f-42c5-9017-cf785840f03d:c8, 60a3fe11-3501-468a-b464-e78b638e7b04:c6, 15f5cd64-0a6e-476f-9483-dce4cbccf509:c4]
2019-06-12 15:45:26,880 INFO  client.GrpcClientProtocolClient (GrpcClientProtocolClient.java:onNext(254)) - client-7C06E53E089B->879130b2-e12f-42c5-9017-cf785840f03d: receive RaftClientReply:client-7C06E53E089B->879130b2-e12f-42c5-9017-cf785840f03d@group-90B712C18CD6, cid=166, SUCCESS, logIndex=0, commits[879130b2-e12f-42c5-9017-cf785840f03d:c8, 60a3fe11-3501-468a-b464-e78b638e7b04:c6, 15f5cd64-0a6e-476f-9483-dce4cbccf509:c6]
]]></system-out>
    <system-err><![CDATA[Jun 12, 2019 3:45:13 PM com.sun.jersey.server.impl.application.WebApplicationImpl _initiate
INFO: Initiating Jersey application, version 'Jersey: 1.19 02/11/2015 03:25 AM'
Jun 12, 2019 3:45:13 PM com.sun.jersey.server.impl.application.WebApplicationImpl _initiate
INFO: Initiating Jersey application, version 'Jersey: 1.19 02/11/2015 03:25 AM'
Jun 12, 2019 3:45:13 PM com.sun.jersey.server.impl.application.WebApplicationImpl _initiate
INFO: Initiating Jersey application, version 'Jersey: 1.19 02/11/2015 03:25 AM'
Jun 12, 2019 3:45:13 PM com.sun.jersey.server.impl.application.WebApplicationImpl _initiate
INFO: Initiating Jersey application, version 'Jersey: 1.19 02/11/2015 03:25 AM'
Jun 12, 2019 3:45:14 PM com.sun.jersey.server.impl.application.WebApplicationImpl _initiate
INFO: Initiating Jersey application, version 'Jersey: 1.19 02/11/2015 03:25 AM'
Jun 12, 2019 3:45:14 PM com.sun.jersey.server.impl.application.WebApplicationImpl _initiate
INFO: Initiating Jersey application, version 'Jersey: 1.19 02/11/2015 03:25 AM'
Jun 12, 2019 3:45:17 PM org.apache.ratis.thirdparty.io.grpc.internal.ManagedChannelOrphanWrapper$ManagedChannelReference cleanQueue
SEVERE: *~*~*~ Channel ManagedChannelImpl{logId=2031, target=192.168.134.73:38939} was not shutdown properly!!! ~*~*~*
    Make sure to call shutdown()/shutdownNow() and wait until awaitTermination() returns true.
java.lang.RuntimeException: ManagedChannel allocation site
	at org.apache.ratis.thirdparty.io.grpc.internal.ManagedChannelOrphanWrapper$ManagedChannelReference.<init>(ManagedChannelOrphanWrapper.java:103)
	at org.apache.ratis.thirdparty.io.grpc.internal.ManagedChannelOrphanWrapper.<init>(ManagedChannelOrphanWrapper.java:53)
	at org.apache.ratis.thirdparty.io.grpc.internal.ManagedChannelOrphanWrapper.<init>(ManagedChannelOrphanWrapper.java:44)
	at org.apache.ratis.thirdparty.io.grpc.internal.AbstractManagedChannelImplBuilder.build(AbstractManagedChannelImplBuilder.java:411)
	at org.apache.ratis.grpc.client.GrpcClientProtocolClient.<init>(GrpcClientProtocolClient.java:118)
	at org.apache.ratis.grpc.client.GrpcClientRpc.lambda$new$0(GrpcClientRpc.java:55)
	at org.apache.ratis.util.PeerProxyMap$PeerAndProxy.lambda$getProxy$0(PeerProxyMap.java:61)
	at org.apache.ratis.util.LifeCycle.startAndTransition(LifeCycle.java:202)
	at org.apache.ratis.util.PeerProxyMap$PeerAndProxy.getProxy(PeerProxyMap.java:60)
	at org.apache.ratis.util.PeerProxyMap.getProxy(PeerProxyMap.java:107)
	at org.apache.ratis.grpc.client.GrpcClientRpc.sendRequestAsync(GrpcClientRpc.java:66)
	at org.apache.ratis.client.impl.RaftClientImpl.sendRequestAsync(RaftClientImpl.java:351)
	at org.apache.ratis.client.impl.RaftClientImpl.sendRequestWithRetryAsync(RaftClientImpl.java:313)
	at org.apache.ratis.util.SlidingWindow$Client.sendOrDelayRequest(SlidingWindow.java:251)
	at org.apache.ratis.util.SlidingWindow$Client.retry(SlidingWindow.java:267)
	at org.apache.ratis.client.impl.RaftClientImpl.lambda$null$10(RaftClientImpl.java:320)
	at org.apache.ratis.util.TimeoutScheduler.lambda$onTimeout$0(TimeoutScheduler.java:85)
	at org.apache.ratis.util.TimeoutScheduler.lambda$onTimeout$1(TimeoutScheduler.java:104)
	at org.apache.ratis.util.LogUtils.runAndLog(LogUtils.java:50)
	at org.apache.ratis.util.LogUtils$1.run(LogUtils.java:91)
	at java.util.concurrent.Executors$RunnableAdapter.call(Executors.java:511)
	at java.util.concurrent.FutureTask.run(FutureTask.java:266)
	at java.util.concurrent.ScheduledThreadPoolExecutor$ScheduledFutureTask.access$201(ScheduledThreadPoolExecutor.java:180)
	at java.util.concurrent.ScheduledThreadPoolExecutor$ScheduledFutureTask.run(ScheduledThreadPoolExecutor.java:293)
	at java.util.concurrent.ThreadPoolExecutor.runWorker(ThreadPoolExecutor.java:1149)
	at java.util.concurrent.ThreadPoolExecutor$Worker.run(ThreadPoolExecutor.java:624)
	at java.lang.Thread.run(Thread.java:748)

Jun 12, 2019 3:45:17 PM org.apache.ratis.thirdparty.io.grpc.internal.ManagedChannelOrphanWrapper$ManagedChannelReference cleanQueue
SEVERE: *~*~*~ Channel ManagedChannelImpl{logId=2134, target=192.168.134.73:40527} was not shutdown properly!!! ~*~*~*
    Make sure to call shutdown()/shutdownNow() and wait until awaitTermination() returns true.
java.lang.RuntimeException: ManagedChannel allocation site
	at org.apache.ratis.thirdparty.io.grpc.internal.ManagedChannelOrphanWrapper$ManagedChannelReference.<init>(ManagedChannelOrphanWrapper.java:103)
	at org.apache.ratis.thirdparty.io.grpc.internal.ManagedChannelOrphanWrapper.<init>(ManagedChannelOrphanWrapper.java:53)
	at org.apache.ratis.thirdparty.io.grpc.internal.ManagedChannelOrphanWrapper.<init>(ManagedChannelOrphanWrapper.java:44)
	at org.apache.ratis.thirdparty.io.grpc.internal.AbstractManagedChannelImplBuilder.build(AbstractManagedChannelImplBuilder.java:411)
	at org.apache.hadoop.hdds.scm.XceiverClientGrpc.connectToDatanode(XceiverClientGrpc.java:163)
	at org.apache.hadoop.hdds.scm.XceiverClientGrpc.reconnect(XceiverClientGrpc.java:398)
	at org.apache.hadoop.hdds.scm.XceiverClientGrpc.sendCommandAsync(XceiverClientGrpc.java:349)
	at org.apache.hadoop.hdds.scm.XceiverClientGrpc.sendCommandWithRetry(XceiverClientGrpc.java:262)
	at org.apache.hadoop.hdds.scm.XceiverClientGrpc.sendCommandWithTraceIDAndRetry(XceiverClientGrpc.java:239)
	at org.apache.hadoop.hdds.scm.XceiverClientGrpc.sendCommand(XceiverClientGrpc.java:222)
	at org.apache.hadoop.hdds.scm.storage.ContainerProtocolCalls.getBlock(ContainerProtocolCalls.java:118)
	at org.apache.hadoop.hdds.scm.storage.BlockInputStream.getChunkInfos(BlockInputStream.java:167)
	at org.apache.hadoop.hdds.scm.storage.BlockInputStream.initialize(BlockInputStream.java:118)
	at org.apache.hadoop.hdds.scm.storage.BlockInputStream.read(BlockInputStream.java:222)
	at org.apache.hadoop.ozone.client.io.KeyInputStream.read(KeyInputStream.java:171)
	at org.apache.hadoop.ozone.client.io.OzoneInputStream.read(OzoneInputStream.java:47)
	at java.io.InputStream.read(InputStream.java:101)
	at org.apache.hadoop.ozone.container.ContainerTestHelper.validateData(ContainerTestHelper.java:709)
	at org.apache.hadoop.ozone.client.rpc.TestFailureHandlingByClient.validateData(TestFailureHandlingByClient.java:497)
	at org.apache.hadoop.ozone.client.rpc.TestFailureHandlingByClient.testBlockWritesWithDnFailures(TestFailureHandlingByClient.java:155)
	at sun.reflect.NativeMethodAccessorImpl.invoke0(Native Method)
	at sun.reflect.NativeMethodAccessorImpl.invoke(NativeMethodAccessorImpl.java:62)
	at sun.reflect.DelegatingMethodAccessorImpl.invoke(DelegatingMethodAccessorImpl.java:43)
	at java.lang.reflect.Method.invoke(Method.java:498)
	at org.junit.runners.model.FrameworkMethod$1.runReflectiveCall(FrameworkMethod.java:47)
	at org.junit.internal.runners.model.ReflectiveCallable.run(ReflectiveCallable.java:12)
	at org.junit.runners.model.FrameworkMethod.invokeExplosively(FrameworkMethod.java:44)
	at org.junit.internal.runners.statements.InvokeMethod.evaluate(InvokeMethod.java:17)
	at org.junit.runners.ParentRunner.runLeaf(ParentRunner.java:271)
	at org.junit.runners.BlockJUnit4ClassRunner.runChild(BlockJUnit4ClassRunner.java:70)
	at org.junit.runners.BlockJUnit4ClassRunner.runChild(BlockJUnit4ClassRunner.java:50)
	at org.junit.runners.ParentRunner$3.run(ParentRunner.java:238)
	at org.junit.runners.ParentRunner$1.schedule(ParentRunner.java:63)
	at org.junit.runners.ParentRunner.runChildren(ParentRunner.java:236)
	at org.junit.runners.ParentRunner.access$000(ParentRunner.java:53)
	at org.junit.runners.ParentRunner$2.evaluate(ParentRunner.java:229)
	at org.junit.runners.ParentRunner.run(ParentRunner.java:309)
	at org.apache.maven.surefire.junit4.JUnit4Provider.execute(JUnit4Provider.java:365)
	at org.apache.maven.surefire.junit4.JUnit4Provider.executeWithRerun(JUnit4Provider.java:273)
	at org.apache.maven.surefire.junit4.JUnit4Provider.executeTestSet(JUnit4Provider.java:238)
	at org.apache.maven.surefire.junit4.JUnit4Provider.invoke(JUnit4Provider.java:159)
	at org.apache.maven.surefire.booter.ForkedBooter.invokeProviderInSameClassLoader(ForkedBooter.java:384)
	at org.apache.maven.surefire.booter.ForkedBooter.runSuitesInProcess(ForkedBooter.java:345)
	at org.apache.maven.surefire.booter.ForkedBooter.execute(ForkedBooter.java:126)
	at org.apache.maven.surefire.booter.ForkedBooter.main(ForkedBooter.java:418)

]]></system-err>
  </testcase>
  <testcase name="testMultiBlockWritesWithDnFailures" classname="org.apache.hadoop.ozone.client.rpc.TestFailureHandlingByClient" time="20.797"/>
</testsuite>