<?xml version="1.0" encoding="UTF-8"?>
<testsuite xmlns:xsi="http://www.w3.org/2001/XMLSchema-instance" xsi:noNamespaceSchemaLocation="https://maven.apache.org/surefire/maven-surefire-plugin/xsd/surefire-test-report.xsd" name="org.apache.hadoop.ozone.client.rpc.TestWatchForCommit" time="132.075" tests="6" errors="0" skipped="0" failures="1">
  <properties>
    <property name="awt.toolkit" value="sun.awt.X11.XToolkit"/>
    <property name="file.encoding.pkg" value="sun.io"/>
    <property name="java.specification.version" value="1.8"/>
    <property name="sun.cpu.isalist" value=""/>
    <property name="sun.jnu.encoding" value="UTF-8"/>
    <property name="java.class.path" value="/opt/src/hadoop-ozone/integration-test/target/test-classes:/opt/src/hadoop-ozone/integration-test/target/classes:/root/.m2/repository/org/apache/hadoop/hadoop-ozone-common/0.5.0-SNAPSHOT/hadoop-ozone-common-0.5.0-SNAPSHOT.jar:/root/.m2/repository/org/apache/commons/commons-compress/1.4.1/commons-compress-1.4.1.jar:/root/.m2/repository/org/tukaani/xz/1.0/xz-1.0.jar:/root/.m2/repository/org/apache/hadoop/hadoop-common/3.2.0/hadoop-common-3.2.0.jar:/root/.m2/repository/org/apache/hadoop/hadoop-hdfs/3.2.0/hadoop-hdfs-3.2.0.jar:/root/.m2/repository/org/apache/hadoop/hadoop-hdfs-client/3.2.0/hadoop-hdfs-client-3.2.0.jar:/root/.m2/repository/com/fasterxml/jackson/core/jackson-annotations/2.9.5/jackson-annotations-2.9.5.jar:/root/.m2/repository/org/apache/hadoop/hadoop-hdds-common/0.5.0-SNAPSHOT/hadoop-hdds-common-0.5.0-SNAPSHOT.jar:/root/.m2/repository/javax/annotation/javax.annotation-api/1.2/javax.annotation-api-1.2.jar:/root/.m2/repository/org/apache/ratis/ratis-server/0.4.0-fe2b15d-SNAPSHOT/ratis-server-0.4.0-fe2b15d-SNAPSHOT.jar:/root/.m2/repository/org/apache/ratis/ratis-thirdparty-misc/0.2.0/ratis-thirdparty-misc-0.2.0.jar:/root/.m2/repository/org/apache/ratis/ratis-proto/0.4.0-fe2b15d-SNAPSHOT/ratis-proto-0.4.0-fe2b15d-SNAPSHOT.jar:/root/.m2/repository/org/apache/ratis/ratis-common/0.4.0-fe2b15d-SNAPSHOT/ratis-common-0.4.0-fe2b15d-SNAPSHOT.jar:/root/.m2/repository/org/apache/ratis/ratis-client/0.4.0-fe2b15d-SNAPSHOT/ratis-client-0.4.0-fe2b15d-SNAPSHOT.jar:/root/.m2/repository/org/apache/ratis/ratis-netty/0.4.0-fe2b15d-SNAPSHOT/ratis-netty-0.4.0-fe2b15d-SNAPSHOT.jar:/root/.m2/repository/org/apache/ratis/ratis-grpc/0.4.0-fe2b15d-SNAPSHOT/ratis-grpc-0.4.0-fe2b15d-SNAPSHOT.jar:/root/.m2/repository/org/rocksdb/rocksdbjni/5.14.2/rocksdbjni-5.14.2.jar:/root/.m2/repository/org/apache/logging/log4j/log4j-api/2.11.0/log4j-api-2.11.0.jar:/root/.m2/repository/org/apache/logging/log4j/log4j-core/2.11.0/log4j-core-2.11.0.jar:/root/.m2/repository/com/lmax/disruptor/3.4.2/disruptor-3.4.2.jar:/root/.m2/repository/org/apache/commons/commons-pool2/2.6.0/commons-pool2-2.6.0.jar:/root/.m2/repository/org/bouncycastle/bcpkix-jdk15on/1.60/bcpkix-jdk15on-1.60.jar:/root/.m2/repository/commons-validator/commons-validator/1.6/commons-validator-1.6.jar:/root/.m2/repository/commons-digester/commons-digester/1.8.1/commons-digester-1.8.1.jar:/root/.m2/repository/io/jaegertracing/jaeger-client/0.33.1/jaeger-client-0.33.1.jar:/root/.m2/repository/io/jaegertracing/jaeger-thrift/0.33.1/jaeger-thrift-0.33.1.jar:/root/.m2/repository/org/apache/thrift/libthrift/0.11.0/libthrift-0.11.0.jar:/root/.m2/repository/com/squareup/okhttp3/okhttp/3.9.0/okhttp-3.9.0.jar:/root/.m2/repository/com/squareup/okio/okio/1.13.0/okio-1.13.0.jar:/root/.m2/repository/io/jaegertracing/jaeger-core/0.33.1/jaeger-core-0.33.1.jar:/root/.m2/repository/io/jaegertracing/jaeger-tracerresolver/0.33.1/jaeger-tracerresolver-0.33.1.jar:/root/.m2/repository/io/opentracing/contrib/opentracing-tracerresolver/0.1.5/opentracing-tracerresolver-0.1.5.jar:/root/.m2/repository/io/opentracing/opentracing-util/0.31.0/opentracing-util-0.31.0.jar:/root/.m2/repository/io/opentracing/opentracing-api/0.31.0/opentracing-api-0.31.0.jar:/root/.m2/repository/io/opentracing/opentracing-noop/0.31.0/opentracing-noop-0.31.0.jar:/root/.m2/repository/org/apache/hadoop/hadoop-hdds-server-framework/0.5.0-SNAPSHOT/hadoop-hdds-server-framework-0.5.0-SNAPSHOT.jar:/root/.m2/repository/org/apache/hadoop/hadoop-hdds-server-scm/0.5.0-SNAPSHOT/hadoop-hdds-server-scm-0.5.0-SNAPSHOT.jar:/root/.m2/repository/org/apache/hadoop/hadoop-hdds-container-service/0.5.0-SNAPSHOT/hadoop-hdds-container-service-0.5.0-SNAPSHOT.jar:/root/.m2/repository/org/apache/hadoop/hadoop-hdds-client/0.5.0-SNAPSHOT/hadoop-hdds-client-0.5.0-SNAPSHOT.jar:/root/.m2/repository/org/apache/hadoop/hadoop-hdds-tools/0.5.0-SNAPSHOT/hadoop-hdds-tools-0.5.0-SNAPSHOT.jar:/root/.m2/repository/org/apache/hadoop/hadoop-ozone-ozone-manager/0.5.0-SNAPSHOT/hadoop-ozone-ozone-manager-0.5.0-SNAPSHOT.jar:/root/.m2/repository/org/apache/hadoop/hadoop-hdds-docs/0.5.0-SNAPSHOT/hadoop-hdds-docs-0.5.0-SNAPSHOT.jar:/root/.m2/repository/org/bouncycastle/bcprov-jdk15on/1.60/bcprov-jdk15on-1.60.jar:/root/.m2/repository/org/apache/hadoop/hadoop-minikdc/3.2.0/hadoop-minikdc-3.2.0.jar:/root/.m2/repository/commons-io/commons-io/2.5/commons-io-2.5.jar:/root/.m2/repository/org/apache/kerby/kerb-simplekdc/1.0.1/kerb-simplekdc-1.0.1.jar:/root/.m2/repository/org/apache/kerby/kerb-client/1.0.1/kerb-client-1.0.1.jar:/root/.m2/repository/org/apache/kerby/kerby-config/1.0.1/kerby-config-1.0.1.jar:/root/.m2/repository/org/apache/kerby/kerb-core/1.0.1/kerb-core-1.0.1.jar:/root/.m2/repository/org/apache/kerby/kerby-pkix/1.0.1/kerby-pkix-1.0.1.jar:/root/.m2/repository/org/apache/kerby/kerby-asn1/1.0.1/kerby-asn1-1.0.1.jar:/root/.m2/repository/org/apache/kerby/kerby-util/1.0.1/kerby-util-1.0.1.jar:/root/.m2/repository/org/apache/kerby/kerb-common/1.0.1/kerb-common-1.0.1.jar:/root/.m2/repository/org/apache/kerby/kerb-crypto/1.0.1/kerb-crypto-1.0.1.jar:/root/.m2/repository/org/apache/kerby/kerb-util/1.0.1/kerb-util-1.0.1.jar:/root/.m2/repository/org/apache/kerby/token-provider/1.0.1/token-provider-1.0.1.jar:/root/.m2/repository/org/apache/kerby/kerb-admin/1.0.1/kerb-admin-1.0.1.jar:/root/.m2/repository/org/apache/kerby/kerb-server/1.0.1/kerb-server-1.0.1.jar:/root/.m2/repository/org/apache/kerby/kerb-identity/1.0.1/kerb-identity-1.0.1.jar:/root/.m2/repository/org/apache/kerby/kerby-xdr/1.0.1/kerby-xdr-1.0.1.jar:/root/.m2/repository/org/slf4j/slf4j-log4j12/1.7.25/slf4j-log4j12-1.7.25.jar:/root/.m2/repository/org/apache/hadoop/hadoop-ozone-objectstore-service/0.5.0-SNAPSHOT/hadoop-ozone-objectstore-service-0.5.0-SNAPSHOT.jar:/root/.m2/repository/org/apache/hadoop/hadoop-ozone-s3gateway/0.5.0-SNAPSHOT/hadoop-ozone-s3gateway-0.5.0-SNAPSHOT.jar:/root/.m2/repository/org/jboss/weld/servlet/weld-servlet/2.4.7.Final/weld-servlet-2.4.7.Final.jar:/root/.m2/repository/org/glassfish/jersey/containers/jersey-container-servlet-core/2.27/jersey-container-servlet-core-2.27.jar:/root/.m2/repository/org/glassfish/hk2/external/javax.inject/2.5.0-b42/javax.inject-2.5.0-b42.jar:/root/.m2/repository/org/glassfish/jersey/core/jersey-common/2.27/jersey-common-2.27.jar:/root/.m2/repository/org/glassfish/hk2/osgi-resource-locator/1.0.1/osgi-resource-locator-1.0.1.jar:/root/.m2/repository/javax/ws/rs/javax.ws.rs-api/2.1/javax.ws.rs-api-2.1.jar:/root/.m2/repository/org/glassfish/jersey/ext/cdi/jersey-cdi1x/2.27/jersey-cdi1x-2.27.jar:/root/.m2/repository/org/glassfish/jersey/inject/jersey-hk2/2.27/jersey-hk2-2.27.jar:/root/.m2/repository/org/glassfish/hk2/hk2-locator/2.5.0-b42/hk2-locator-2.5.0-b42.jar:/root/.m2/repository/org/javassist/javassist/3.22.0-CR2/javassist-3.22.0-CR2.jar:/root/.m2/repository/org/glassfish/hk2/hk2-api/2.5.0/hk2-api-2.5.0.jar:/root/.m2/repository/org/glassfish/hk2/external/jakarta.inject/2.5.0/jakarta.inject-2.5.0.jar:/root/.m2/repository/org/glassfish/hk2/hk2-utils/2.5.0/hk2-utils-2.5.0.jar:/root/.m2/repository/jakarta/annotation/jakarta.annotation-api/1.3.4/jakarta.annotation-api-1.3.4.jar:/root/.m2/repository/org/glassfish/hk2/external/aopalliance-repackaged/2.5.0/aopalliance-repackaged-2.5.0.jar:/root/.m2/repository/com/fasterxml/jackson/dataformat/jackson-dataformat-xml/2.9.0/jackson-dataformat-xml-2.9.0.jar:/root/.m2/repository/com/fasterxml/jackson/core/jackson-core/2.9.5/jackson-core-2.9.5.jar:/root/.m2/repository/com/fasterxml/jackson/module/jackson-module-jaxb-annotations/2.9.5/jackson-module-jaxb-annotations-2.9.5.jar:/root/.m2/repository/javax/enterprise/cdi-api/1.2/cdi-api-1.2.jar:/root/.m2/repository/javax/el/javax.el-api/3.0.0/javax.el-api-3.0.0.jar:/root/.m2/repository/javax/interceptor/javax.interceptor-api/1.2/javax.interceptor-api-1.2.jar:/root/.m2/repository/javax/inject/javax.inject/1/javax.inject-1.jar:/root/.m2/repository/com/sun/xml/bind/jaxb-impl/2.3.0.1/jaxb-impl-2.3.0.1.jar:/root/.m2/repository/com/sun/xml/bind/jaxb-core/2.3.0.1/jaxb-core-2.3.0.1.jar:/root/.m2/repository/javax/xml/bind/jaxb-api/2.3.0/jaxb-api-2.3.0.jar:/root/.m2/repository/javax/activation/activation/1.1.1/activation-1.1.1.jar:/root/.m2/repository/org/apache/hadoop/hadoop-ozone-csi/0.5.0-SNAPSHOT/hadoop-ozone-csi-0.5.0-SNAPSHOT.jar:/root/.m2/repository/com/google/protobuf/protobuf-java-util/3.5.1/protobuf-java-util-3.5.1.jar:/root/.m2/repository/org/apache/hadoop/hadoop-hdds-config/0.5.0-SNAPSHOT/hadoop-hdds-config-0.5.0-SNAPSHOT.jar:/root/.m2/repository/com/google/guava/guava/11.0.2/guava-11.0.2.jar:/root/.m2/repository/com/google/protobuf/protobuf-java/2.5.0/protobuf-java-2.5.0.jar:/root/.m2/repository/io/grpc/grpc-netty/1.17.1/grpc-netty-1.17.1.jar:/root/.m2/repository/io/grpc/grpc-core/1.17.1/grpc-core-1.17.1.jar:/root/.m2/repository/io/grpc/grpc-context/1.17.1/grpc-context-1.17.1.jar:/root/.m2/repository/com/google/errorprone/error_prone_annotations/2.2.0/error_prone_annotations-2.2.0.jar:/root/.m2/repository/org/codehaus/mojo/animal-sniffer-annotations/1.17/animal-sniffer-annotations-1.17.jar:/root/.m2/repository/io/opencensus/opencensus-api/0.17.0/opencensus-api-0.17.0.jar:/root/.m2/repository/io/opencensus/opencensus-contrib-grpc-metrics/0.17.0/opencensus-contrib-grpc-metrics-0.17.0.jar:/root/.m2/repository/io/netty/netty-codec-http2/4.1.30.Final/netty-codec-http2-4.1.30.Final.jar:/root/.m2/repository/io/netty/netty-codec-http/4.1.30.Final/netty-codec-http-4.1.30.Final.jar:/root/.m2/repository/io/netty/netty-codec/4.1.30.Final/netty-codec-4.1.30.Final.jar:/root/.m2/repository/io/netty/netty-handler/4.1.30.Final/netty-handler-4.1.30.Final.jar:/root/.m2/repository/io/netty/netty-handler-proxy/4.1.30.Final/netty-handler-proxy-4.1.30.Final.jar:/root/.m2/repository/io/netty/netty-codec-socks/4.1.30.Final/netty-codec-socks-4.1.30.Final.jar:/root/.m2/repository/io/netty/netty-transport-native-epoll/4.1.30.Final/netty-transport-native-epoll-4.1.30.Final.jar:/root/.m2/repository/io/netty/netty-common/4.1.30.Final/netty-common-4.1.30.Final.jar:/root/.m2/repository/io/netty/netty-buffer/4.1.30.Final/netty-buffer-4.1.30.Final.jar:/root/.m2/repository/io/netty/netty-transport/4.1.30.Final/netty-transport-4.1.30.Final.jar:/root/.m2/repository/io/netty/netty-resolver/4.1.30.Final/netty-resolver-4.1.30.Final.jar:/root/.m2/repository/io/netty/netty-transport-native-unix-common/4.1.30.Final/netty-transport-native-unix-common-4.1.30.Final.jar:/root/.m2/repository/io/grpc/grpc-protobuf/1.17.1/grpc-protobuf-1.17.1.jar:/root/.m2/repository/com/google/api/grpc/proto-google-common-protos/1.0.0/proto-google-common-protos-1.0.0.jar:/root/.m2/repository/io/grpc/grpc-protobuf-lite/1.17.1/grpc-protobuf-lite-1.17.1.jar:/root/.m2/repository/io/grpc/grpc-stub/1.17.1/grpc-stub-1.17.1.jar:/root/.m2/repository/org/apache/hadoop/hadoop-ozone-recon/0.5.0-SNAPSHOT/hadoop-ozone-recon-0.5.0-SNAPSHOT.jar:/root/.m2/repository/org/apache/hadoop/hadoop-ozone-reconcodegen/0.5.0-SNAPSHOT/hadoop-ozone-reconcodegen-0.5.0-SNAPSHOT.jar:/root/.m2/repository/com/google/inject/extensions/guice-multibindings/4.0/guice-multibindings-4.0.jar:/root/.m2/repository/com/google/inject/guice/4.0/guice-4.0.jar:/root/.m2/repository/aopalliance/aopalliance/1.0/aopalliance-1.0.jar:/root/.m2/repository/com/google/inject/extensions/guice-servlet/4.0/guice-servlet-4.0.jar:/root/.m2/repository/org/glassfish/jersey/containers/jersey-container-servlet/2.27/jersey-container-servlet-2.27.jar:/root/.m2/repository/org/glassfish/hk2/guice-bridge/2.5.0/guice-bridge-2.5.0.jar:/root/.m2/repository/org/glassfish/jersey/core/jersey-server/2.27/jersey-server-2.27.jar:/root/.m2/repository/org/glassfish/jersey/core/jersey-client/2.27/jersey-client-2.27.jar:/root/.m2/repository/org/glassfish/jersey/media/jersey-media-jaxb/2.27/jersey-media-jaxb-2.27.jar:/root/.m2/repository/javax/validation/validation-api/1.1.0.Final/validation-api-1.1.0.Final.jar:/root/.m2/repository/org/glassfish/jersey/media/jersey-media-json-jackson/2.27/jersey-media-json-jackson-2.27.jar:/root/.m2/repository/org/glassfish/jersey/ext/jersey-entity-filtering/2.27/jersey-entity-filtering-2.27.jar:/root/.m2/repository/com/google/inject/extensions/guice-assistedinject/4.0/guice-assistedinject-4.0.jar:/root/.m2/repository/org/jooq/jooq/3.11.10/jooq-3.11.10.jar:/root/.m2/repository/org/jooq/jooq-meta/3.11.10/jooq-meta-3.11.10.jar:/root/.m2/repository/org/jooq/jooq-codegen/3.11.10/jooq-codegen-3.11.10.jar:/root/.m2/repository/com/jolbox/bonecp/0.8.0.RELEASE/bonecp-0.8.0.RELEASE.jar:/root/.m2/repository/org/xerial/sqlite-jdbc/3.25.2/sqlite-jdbc-3.25.2.jar:/root/.m2/repository/org/springframework/spring-jdbc/5.1.3.RELEASE/spring-jdbc-5.1.3.RELEASE.jar:/root/.m2/repository/org/springframework/spring-beans/5.1.3.RELEASE/spring-beans-5.1.3.RELEASE.jar:/root/.m2/repository/org/springframework/spring-core/5.1.3.RELEASE/spring-core-5.1.3.RELEASE.jar:/root/.m2/repository/org/springframework/spring-jcl/5.1.3.RELEASE/spring-jcl-5.1.3.RELEASE.jar:/root/.m2/repository/org/springframework/spring-tx/5.1.3.RELEASE/spring-tx-5.1.3.RELEASE.jar:/root/.m2/repository/org/apache/hadoop/hadoop-ozone-client/0.5.0-SNAPSHOT/hadoop-ozone-client-0.5.0-SNAPSHOT.jar:/root/.m2/repository/org/apache/hadoop/hadoop-ozone-ozone-manager/0.5.0-SNAPSHOT/hadoop-ozone-ozone-manager-0.5.0-SNAPSHOT-tests.jar:/root/.m2/repository/junit/junit/4.11/junit-4.11.jar:/root/.m2/repository/org/hamcrest/hamcrest-core/1.3/hamcrest-core-1.3.jar:/root/.m2/repository/org/openjdk/jmh/jmh-core/1.19/jmh-core-1.19.jar:/root/.m2/repository/net/sf/jopt-simple/jopt-simple/4.6/jopt-simple-4.6.jar:/root/.m2/repository/org/apache/commons/commons-math3/3.1.1/commons-math3-3.1.1.jar:/root/.m2/repository/org/openjdk/jmh/jmh-generator-annprocess/1.19/jmh-generator-annprocess-1.19.jar:/root/.m2/repository/org/mockito/mockito-all/1.8.5/mockito-all-1.8.5.jar:/root/.m2/repository/org/apache/hadoop/hadoop-kms/3.2.0/hadoop-kms-3.2.0.jar:/root/.m2/repository/org/apache/hadoop/hadoop-auth/3.2.0/hadoop-auth-3.2.0.jar:/root/.m2/repository/com/nimbusds/nimbus-jose-jwt/4.41.1/nimbus-jose-jwt-4.41.1.jar:/root/.m2/repository/com/github/stephenc/jcip/jcip-annotations/1.0-1/jcip-annotations-1.0-1.jar:/root/.m2/repository/net/minidev/json-smart/2.3/json-smart-2.3.jar:/root/.m2/repository/net/minidev/accessors-smart/1.2/accessors-smart-1.2.jar:/root/.m2/repository/org/ow2/asm/asm/5.0.4/asm-5.0.4.jar:/root/.m2/repository/org/apache/curator/curator-framework/2.12.0/curator-framework-2.12.0.jar:/root/.m2/repository/com/sun/jersey/jersey-core/1.19/jersey-core-1.19.jar:/root/.m2/repository/javax/ws/rs/jsr311-api/1.1.1/jsr311-api-1.1.1.jar:/root/.m2/repository/com/sun/jersey/jersey-server/1.19/jersey-server-1.19.jar:/root/.m2/repository/javax/servlet/javax.servlet-api/3.1.0/javax.servlet-api-3.1.0.jar:/root/.m2/repository/org/eclipse/jetty/jetty-server/9.3.24.v20180605/jetty-server-9.3.24.v20180605.jar:/root/.m2/repository/org/eclipse/jetty/jetty-http/9.3.24.v20180605/jetty-http-9.3.24.v20180605.jar:/root/.m2/repository/org/eclipse/jetty/jetty-io/9.3.24.v20180605/jetty-io-9.3.24.v20180605.jar:/root/.m2/repository/org/eclipse/jetty/jetty-webapp/9.3.24.v20180605/jetty-webapp-9.3.24.v20180605.jar:/root/.m2/repository/org/eclipse/jetty/jetty-xml/9.3.24.v20180605/jetty-xml-9.3.24.v20180605.jar:/root/.m2/repository/log4j/log4j/1.2.17/log4j-1.2.17.jar:/root/.m2/repository/org/slf4j/slf4j-api/1.7.25/slf4j-api-1.7.25.jar:/root/.m2/repository/org/slf4j/jul-to-slf4j/1.7.25/jul-to-slf4j-1.7.25.jar:/root/.m2/repository/org/eclipse/jetty/jetty-util/9.3.24.v20180605/jetty-util-9.3.24.v20180605.jar:/root/.m2/repository/io/dropwizard/metrics/metrics-core/3.2.4/metrics-core-3.2.4.jar:/root/.m2/repository/com/fasterxml/jackson/core/jackson-databind/2.9.5/jackson-databind-2.9.5.jar:/root/.m2/repository/org/apache/hadoop/hadoop-kms/3.2.0/hadoop-kms-3.2.0-tests.jar:/root/.m2/repository/org/apache/hadoop/hadoop-hdds-server-scm/0.5.0-SNAPSHOT/hadoop-hdds-server-scm-0.5.0-SNAPSHOT-tests.jar:/root/.m2/repository/org/hamcrest/hamcrest-all/1.3/hamcrest-all-1.3.jar:/root/.m2/repository/info/picocli/picocli/3.9.6/picocli-3.9.6.jar:/root/.m2/repository/org/apache/hadoop/hadoop-hdds-container-service/0.5.0-SNAPSHOT/hadoop-hdds-container-service-0.5.0-SNAPSHOT-tests.jar:/root/.m2/repository/org/yaml/snakeyaml/1.16/snakeyaml-1.16.jar:/root/.m2/repository/org/apache/hadoop/hadoop-common/3.2.0/hadoop-common-3.2.0-tests.jar:/root/.m2/repository/org/apache/hadoop/hadoop-annotations/3.2.0/hadoop-annotations-3.2.0.jar:/usr/lib/jvm/java-1.8-openjdk/jre/../lib/tools.jar:/root/.m2/repository/commons-cli/commons-cli/1.2/commons-cli-1.2.jar:/root/.m2/repository/org/apache/httpcomponents/httpclient/4.5.2/httpclient-4.5.2.jar:/root/.m2/repository/org/apache/httpcomponents/httpcore/4.4.4/httpcore-4.4.4.jar:/root/.m2/repository/commons-codec/commons-codec/1.11/commons-codec-1.11.jar:/root/.m2/repository/commons-net/commons-net/3.6/commons-net-3.6.jar:/root/.m2/repository/commons-collections/commons-collections/3.2.2/commons-collections-3.2.2.jar:/root/.m2/repository/org/eclipse/jetty/jetty-servlet/9.3.24.v20180605/jetty-servlet-9.3.24.v20180605.jar:/root/.m2/repository/org/eclipse/jetty/jetty-security/9.3.24.v20180605/jetty-security-9.3.24.v20180605.jar:/root/.m2/repository/javax/servlet/jsp/jsp-api/2.1/jsp-api-2.1.jar:/root/.m2/repository/com/sun/jersey/jersey-servlet/1.19/jersey-servlet-1.19.jar:/root/.m2/repository/com/sun/jersey/jersey-json/1.19/jersey-json-1.19.jar:/root/.m2/repository/org/codehaus/jettison/jettison/1.1/jettison-1.1.jar:/root/.m2/repository/org/codehaus/jackson/jackson-core-asl/1.9.13/jackson-core-asl-1.9.13.jar:/root/.m2/repository/org/codehaus/jackson/jackson-mapper-asl/1.9.13/jackson-mapper-asl-1.9.13.jar:/root/.m2/repository/org/codehaus/jackson/jackson-jaxrs/1.9.13/jackson-jaxrs-1.9.13.jar:/root/.m2/repository/org/codehaus/jackson/jackson-xc/1.9.13/jackson-xc-1.9.13.jar:/root/.m2/repository/commons-logging/commons-logging/1.1.3/commons-logging-1.1.3.jar:/root/.m2/repository/commons-beanutils/commons-beanutils/1.9.3/commons-beanutils-1.9.3.jar:/root/.m2/repository/org/apache/commons/commons-configuration2/2.1.1/commons-configuration2-2.1.1.jar:/root/.m2/repository/org/apache/commons/commons-lang3/3.7/commons-lang3-3.7.jar:/root/.m2/repository/org/apache/commons/commons-text/1.4/commons-text-1.4.jar:/root/.m2/repository/org/apache/avro/avro/1.7.7/avro-1.7.7.jar:/root/.m2/repository/com/thoughtworks/paranamer/paranamer/2.3/paranamer-2.3.jar:/root/.m2/repository/org/xerial/snappy/snappy-java/1.0.5/snappy-java-1.0.5.jar:/root/.m2/repository/com/google/re2j/re2j/1.1/re2j-1.1.jar:/root/.m2/repository/com/google/code/gson/gson/2.2.4/gson-2.2.4.jar:/root/.m2/repository/com/jcraft/jsch/0.1.54/jsch-0.1.54.jar:/root/.m2/repository/org/apache/curator/curator-client/2.12.0/curator-client-2.12.0.jar:/root/.m2/repository/org/apache/curator/curator-recipes/2.12.0/curator-recipes-2.12.0.jar:/root/.m2/repository/com/google/code/findbugs/jsr305/3.0.0/jsr305-3.0.0.jar:/root/.m2/repository/org/apache/htrace/htrace-core4/4.1.0-incubating/htrace-core4-4.1.0-incubating.jar:/root/.m2/repository/org/apache/zookeeper/zookeeper/3.4.13/zookeeper-3.4.13.jar:/root/.m2/repository/org/apache/yetus/audience-annotations/0.5.0/audience-annotations-0.5.0.jar:/root/.m2/repository/org/codehaus/woodstox/stax2-api/3.1.4/stax2-api-3.1.4.jar:/root/.m2/repository/com/fasterxml/woodstox/woodstox-core/5.0.3/woodstox-core-5.0.3.jar:/root/.m2/repository/dnsjava/dnsjava/2.1.7/dnsjava-2.1.7.jar:/root/.m2/repository/org/apache/hadoop/hadoop-hdfs/3.2.0/hadoop-hdfs-3.2.0-tests.jar:/root/.m2/repository/org/eclipse/jetty/jetty-util-ajax/9.3.24.v20180605/jetty-util-ajax-9.3.24.v20180605.jar:/root/.m2/repository/commons-daemon/commons-daemon/1.0.13/commons-daemon-1.0.13.jar:/root/.m2/repository/io/netty/netty/3.10.5.Final/netty-3.10.5.Final.jar:/root/.m2/repository/io/netty/netty-all/4.0.52.Final/netty-all-4.0.52.Final.jar:/root/.m2/repository/org/fusesource/leveldbjni/leveldbjni-all/1.8/leveldbjni-all-1.8.jar:"/>
    <property name="java.vm.vendor" value="IcedTea"/>
    <property name="sun.arch.data.model" value="64"/>
    <property name="test.build.dir" value="/opt/src/hadoop-ozone/integration-test/target/test-dir"/>
    <property name="test.cache.data" value=""/>
    <property name="java.vendor.url" value="https://icedtea.classpath.org"/>
    <property name="user.timezone" value=""/>
    <property name="java.vm.specification.version" value="1.8"/>
    <property name="os.name" value="Linux"/>
    <property name="test.build.data" value="/opt/src/hadoop-ozone/integration-test/target/test-dir"/>
    <property name="user.country" value="US"/>
    <property name="sun.java.launcher" value="SUN_STANDARD"/>
    <property name="sun.boot.library.path" value="/usr/lib/jvm/java-1.8-openjdk/jre/lib/amd64"/>
    <property name="sun.java.command" value="/opt/src/hadoop-ozone/integration-test/target/surefire/surefirebooter6478302638619129771.jar /opt/src/hadoop-ozone/integration-test/target/surefire 2019-06-12T15-38-34_328-jvmRun1 surefire2830038292187781499tmp surefire_21134402950391170659tmp"/>
    <property name="surefire.test.class.path" value="/opt/src/hadoop-ozone/integration-test/target/test-classes:/opt/src/hadoop-ozone/integration-test/target/classes:/root/.m2/repository/org/apache/hadoop/hadoop-ozone-common/0.5.0-SNAPSHOT/hadoop-ozone-common-0.5.0-SNAPSHOT.jar:/root/.m2/repository/org/apache/commons/commons-compress/1.4.1/commons-compress-1.4.1.jar:/root/.m2/repository/org/tukaani/xz/1.0/xz-1.0.jar:/root/.m2/repository/org/apache/hadoop/hadoop-common/3.2.0/hadoop-common-3.2.0.jar:/root/.m2/repository/org/apache/hadoop/hadoop-hdfs/3.2.0/hadoop-hdfs-3.2.0.jar:/root/.m2/repository/org/apache/hadoop/hadoop-hdfs-client/3.2.0/hadoop-hdfs-client-3.2.0.jar:/root/.m2/repository/com/fasterxml/jackson/core/jackson-annotations/2.9.5/jackson-annotations-2.9.5.jar:/root/.m2/repository/org/apache/hadoop/hadoop-hdds-common/0.5.0-SNAPSHOT/hadoop-hdds-common-0.5.0-SNAPSHOT.jar:/root/.m2/repository/javax/annotation/javax.annotation-api/1.2/javax.annotation-api-1.2.jar:/root/.m2/repository/org/apache/ratis/ratis-server/0.4.0-fe2b15d-SNAPSHOT/ratis-server-0.4.0-fe2b15d-SNAPSHOT.jar:/root/.m2/repository/org/apache/ratis/ratis-thirdparty-misc/0.2.0/ratis-thirdparty-misc-0.2.0.jar:/root/.m2/repository/org/apache/ratis/ratis-proto/0.4.0-fe2b15d-SNAPSHOT/ratis-proto-0.4.0-fe2b15d-SNAPSHOT.jar:/root/.m2/repository/org/apache/ratis/ratis-common/0.4.0-fe2b15d-SNAPSHOT/ratis-common-0.4.0-fe2b15d-SNAPSHOT.jar:/root/.m2/repository/org/apache/ratis/ratis-client/0.4.0-fe2b15d-SNAPSHOT/ratis-client-0.4.0-fe2b15d-SNAPSHOT.jar:/root/.m2/repository/org/apache/ratis/ratis-netty/0.4.0-fe2b15d-SNAPSHOT/ratis-netty-0.4.0-fe2b15d-SNAPSHOT.jar:/root/.m2/repository/org/apache/ratis/ratis-grpc/0.4.0-fe2b15d-SNAPSHOT/ratis-grpc-0.4.0-fe2b15d-SNAPSHOT.jar:/root/.m2/repository/org/rocksdb/rocksdbjni/5.14.2/rocksdbjni-5.14.2.jar:/root/.m2/repository/org/apache/logging/log4j/log4j-api/2.11.0/log4j-api-2.11.0.jar:/root/.m2/repository/org/apache/logging/log4j/log4j-core/2.11.0/log4j-core-2.11.0.jar:/root/.m2/repository/com/lmax/disruptor/3.4.2/disruptor-3.4.2.jar:/root/.m2/repository/org/apache/commons/commons-pool2/2.6.0/commons-pool2-2.6.0.jar:/root/.m2/repository/org/bouncycastle/bcpkix-jdk15on/1.60/bcpkix-jdk15on-1.60.jar:/root/.m2/repository/commons-validator/commons-validator/1.6/commons-validator-1.6.jar:/root/.m2/repository/commons-digester/commons-digester/1.8.1/commons-digester-1.8.1.jar:/root/.m2/repository/io/jaegertracing/jaeger-client/0.33.1/jaeger-client-0.33.1.jar:/root/.m2/repository/io/jaegertracing/jaeger-thrift/0.33.1/jaeger-thrift-0.33.1.jar:/root/.m2/repository/org/apache/thrift/libthrift/0.11.0/libthrift-0.11.0.jar:/root/.m2/repository/com/squareup/okhttp3/okhttp/3.9.0/okhttp-3.9.0.jar:/root/.m2/repository/com/squareup/okio/okio/1.13.0/okio-1.13.0.jar:/root/.m2/repository/io/jaegertracing/jaeger-core/0.33.1/jaeger-core-0.33.1.jar:/root/.m2/repository/io/jaegertracing/jaeger-tracerresolver/0.33.1/jaeger-tracerresolver-0.33.1.jar:/root/.m2/repository/io/opentracing/contrib/opentracing-tracerresolver/0.1.5/opentracing-tracerresolver-0.1.5.jar:/root/.m2/repository/io/opentracing/opentracing-util/0.31.0/opentracing-util-0.31.0.jar:/root/.m2/repository/io/opentracing/opentracing-api/0.31.0/opentracing-api-0.31.0.jar:/root/.m2/repository/io/opentracing/opentracing-noop/0.31.0/opentracing-noop-0.31.0.jar:/root/.m2/repository/org/apache/hadoop/hadoop-hdds-server-framework/0.5.0-SNAPSHOT/hadoop-hdds-server-framework-0.5.0-SNAPSHOT.jar:/root/.m2/repository/org/apache/hadoop/hadoop-hdds-server-scm/0.5.0-SNAPSHOT/hadoop-hdds-server-scm-0.5.0-SNAPSHOT.jar:/root/.m2/repository/org/apache/hadoop/hadoop-hdds-container-service/0.5.0-SNAPSHOT/hadoop-hdds-container-service-0.5.0-SNAPSHOT.jar:/root/.m2/repository/org/apache/hadoop/hadoop-hdds-client/0.5.0-SNAPSHOT/hadoop-hdds-client-0.5.0-SNAPSHOT.jar:/root/.m2/repository/org/apache/hadoop/hadoop-hdds-tools/0.5.0-SNAPSHOT/hadoop-hdds-tools-0.5.0-SNAPSHOT.jar:/root/.m2/repository/org/apache/hadoop/hadoop-ozone-ozone-manager/0.5.0-SNAPSHOT/hadoop-ozone-ozone-manager-0.5.0-SNAPSHOT.jar:/root/.m2/repository/org/apache/hadoop/hadoop-hdds-docs/0.5.0-SNAPSHOT/hadoop-hdds-docs-0.5.0-SNAPSHOT.jar:/root/.m2/repository/org/bouncycastle/bcprov-jdk15on/1.60/bcprov-jdk15on-1.60.jar:/root/.m2/repository/org/apache/hadoop/hadoop-minikdc/3.2.0/hadoop-minikdc-3.2.0.jar:/root/.m2/repository/commons-io/commons-io/2.5/commons-io-2.5.jar:/root/.m2/repository/org/apache/kerby/kerb-simplekdc/1.0.1/kerb-simplekdc-1.0.1.jar:/root/.m2/repository/org/apache/kerby/kerb-client/1.0.1/kerb-client-1.0.1.jar:/root/.m2/repository/org/apache/kerby/kerby-config/1.0.1/kerby-config-1.0.1.jar:/root/.m2/repository/org/apache/kerby/kerb-core/1.0.1/kerb-core-1.0.1.jar:/root/.m2/repository/org/apache/kerby/kerby-pkix/1.0.1/kerby-pkix-1.0.1.jar:/root/.m2/repository/org/apache/kerby/kerby-asn1/1.0.1/kerby-asn1-1.0.1.jar:/root/.m2/repository/org/apache/kerby/kerby-util/1.0.1/kerby-util-1.0.1.jar:/root/.m2/repository/org/apache/kerby/kerb-common/1.0.1/kerb-common-1.0.1.jar:/root/.m2/repository/org/apache/kerby/kerb-crypto/1.0.1/kerb-crypto-1.0.1.jar:/root/.m2/repository/org/apache/kerby/kerb-util/1.0.1/kerb-util-1.0.1.jar:/root/.m2/repository/org/apache/kerby/token-provider/1.0.1/token-provider-1.0.1.jar:/root/.m2/repository/org/apache/kerby/kerb-admin/1.0.1/kerb-admin-1.0.1.jar:/root/.m2/repository/org/apache/kerby/kerb-server/1.0.1/kerb-server-1.0.1.jar:/root/.m2/repository/org/apache/kerby/kerb-identity/1.0.1/kerb-identity-1.0.1.jar:/root/.m2/repository/org/apache/kerby/kerby-xdr/1.0.1/kerby-xdr-1.0.1.jar:/root/.m2/repository/org/slf4j/slf4j-log4j12/1.7.25/slf4j-log4j12-1.7.25.jar:/root/.m2/repository/org/apache/hadoop/hadoop-ozone-objectstore-service/0.5.0-SNAPSHOT/hadoop-ozone-objectstore-service-0.5.0-SNAPSHOT.jar:/root/.m2/repository/org/apache/hadoop/hadoop-ozone-s3gateway/0.5.0-SNAPSHOT/hadoop-ozone-s3gateway-0.5.0-SNAPSHOT.jar:/root/.m2/repository/org/jboss/weld/servlet/weld-servlet/2.4.7.Final/weld-servlet-2.4.7.Final.jar:/root/.m2/repository/org/glassfish/jersey/containers/jersey-container-servlet-core/2.27/jersey-container-servlet-core-2.27.jar:/root/.m2/repository/org/glassfish/hk2/external/javax.inject/2.5.0-b42/javax.inject-2.5.0-b42.jar:/root/.m2/repository/org/glassfish/jersey/core/jersey-common/2.27/jersey-common-2.27.jar:/root/.m2/repository/org/glassfish/hk2/osgi-resource-locator/1.0.1/osgi-resource-locator-1.0.1.jar:/root/.m2/repository/javax/ws/rs/javax.ws.rs-api/2.1/javax.ws.rs-api-2.1.jar:/root/.m2/repository/org/glassfish/jersey/ext/cdi/jersey-cdi1x/2.27/jersey-cdi1x-2.27.jar:/root/.m2/repository/org/glassfish/jersey/inject/jersey-hk2/2.27/jersey-hk2-2.27.jar:/root/.m2/repository/org/glassfish/hk2/hk2-locator/2.5.0-b42/hk2-locator-2.5.0-b42.jar:/root/.m2/repository/org/javassist/javassist/3.22.0-CR2/javassist-3.22.0-CR2.jar:/root/.m2/repository/org/glassfish/hk2/hk2-api/2.5.0/hk2-api-2.5.0.jar:/root/.m2/repository/org/glassfish/hk2/external/jakarta.inject/2.5.0/jakarta.inject-2.5.0.jar:/root/.m2/repository/org/glassfish/hk2/hk2-utils/2.5.0/hk2-utils-2.5.0.jar:/root/.m2/repository/jakarta/annotation/jakarta.annotation-api/1.3.4/jakarta.annotation-api-1.3.4.jar:/root/.m2/repository/org/glassfish/hk2/external/aopalliance-repackaged/2.5.0/aopalliance-repackaged-2.5.0.jar:/root/.m2/repository/com/fasterxml/jackson/dataformat/jackson-dataformat-xml/2.9.0/jackson-dataformat-xml-2.9.0.jar:/root/.m2/repository/com/fasterxml/jackson/core/jackson-core/2.9.5/jackson-core-2.9.5.jar:/root/.m2/repository/com/fasterxml/jackson/module/jackson-module-jaxb-annotations/2.9.5/jackson-module-jaxb-annotations-2.9.5.jar:/root/.m2/repository/javax/enterprise/cdi-api/1.2/cdi-api-1.2.jar:/root/.m2/repository/javax/el/javax.el-api/3.0.0/javax.el-api-3.0.0.jar:/root/.m2/repository/javax/interceptor/javax.interceptor-api/1.2/javax.interceptor-api-1.2.jar:/root/.m2/repository/javax/inject/javax.inject/1/javax.inject-1.jar:/root/.m2/repository/com/sun/xml/bind/jaxb-impl/2.3.0.1/jaxb-impl-2.3.0.1.jar:/root/.m2/repository/com/sun/xml/bind/jaxb-core/2.3.0.1/jaxb-core-2.3.0.1.jar:/root/.m2/repository/javax/xml/bind/jaxb-api/2.3.0/jaxb-api-2.3.0.jar:/root/.m2/repository/javax/activation/activation/1.1.1/activation-1.1.1.jar:/root/.m2/repository/org/apache/hadoop/hadoop-ozone-csi/0.5.0-SNAPSHOT/hadoop-ozone-csi-0.5.0-SNAPSHOT.jar:/root/.m2/repository/com/google/protobuf/protobuf-java-util/3.5.1/protobuf-java-util-3.5.1.jar:/root/.m2/repository/org/apache/hadoop/hadoop-hdds-config/0.5.0-SNAPSHOT/hadoop-hdds-config-0.5.0-SNAPSHOT.jar:/root/.m2/repository/com/google/guava/guava/11.0.2/guava-11.0.2.jar:/root/.m2/repository/com/google/protobuf/protobuf-java/2.5.0/protobuf-java-2.5.0.jar:/root/.m2/repository/io/grpc/grpc-netty/1.17.1/grpc-netty-1.17.1.jar:/root/.m2/repository/io/grpc/grpc-core/1.17.1/grpc-core-1.17.1.jar:/root/.m2/repository/io/grpc/grpc-context/1.17.1/grpc-context-1.17.1.jar:/root/.m2/repository/com/google/errorprone/error_prone_annotations/2.2.0/error_prone_annotations-2.2.0.jar:/root/.m2/repository/org/codehaus/mojo/animal-sniffer-annotations/1.17/animal-sniffer-annotations-1.17.jar:/root/.m2/repository/io/opencensus/opencensus-api/0.17.0/opencensus-api-0.17.0.jar:/root/.m2/repository/io/opencensus/opencensus-contrib-grpc-metrics/0.17.0/opencensus-contrib-grpc-metrics-0.17.0.jar:/root/.m2/repository/io/netty/netty-codec-http2/4.1.30.Final/netty-codec-http2-4.1.30.Final.jar:/root/.m2/repository/io/netty/netty-codec-http/4.1.30.Final/netty-codec-http-4.1.30.Final.jar:/root/.m2/repository/io/netty/netty-codec/4.1.30.Final/netty-codec-4.1.30.Final.jar:/root/.m2/repository/io/netty/netty-handler/4.1.30.Final/netty-handler-4.1.30.Final.jar:/root/.m2/repository/io/netty/netty-handler-proxy/4.1.30.Final/netty-handler-proxy-4.1.30.Final.jar:/root/.m2/repository/io/netty/netty-codec-socks/4.1.30.Final/netty-codec-socks-4.1.30.Final.jar:/root/.m2/repository/io/netty/netty-transport-native-epoll/4.1.30.Final/netty-transport-native-epoll-4.1.30.Final.jar:/root/.m2/repository/io/netty/netty-common/4.1.30.Final/netty-common-4.1.30.Final.jar:/root/.m2/repository/io/netty/netty-buffer/4.1.30.Final/netty-buffer-4.1.30.Final.jar:/root/.m2/repository/io/netty/netty-transport/4.1.30.Final/netty-transport-4.1.30.Final.jar:/root/.m2/repository/io/netty/netty-resolver/4.1.30.Final/netty-resolver-4.1.30.Final.jar:/root/.m2/repository/io/netty/netty-transport-native-unix-common/4.1.30.Final/netty-transport-native-unix-common-4.1.30.Final.jar:/root/.m2/repository/io/grpc/grpc-protobuf/1.17.1/grpc-protobuf-1.17.1.jar:/root/.m2/repository/com/google/api/grpc/proto-google-common-protos/1.0.0/proto-google-common-protos-1.0.0.jar:/root/.m2/repository/io/grpc/grpc-protobuf-lite/1.17.1/grpc-protobuf-lite-1.17.1.jar:/root/.m2/repository/io/grpc/grpc-stub/1.17.1/grpc-stub-1.17.1.jar:/root/.m2/repository/org/apache/hadoop/hadoop-ozone-recon/0.5.0-SNAPSHOT/hadoop-ozone-recon-0.5.0-SNAPSHOT.jar:/root/.m2/repository/org/apache/hadoop/hadoop-ozone-reconcodegen/0.5.0-SNAPSHOT/hadoop-ozone-reconcodegen-0.5.0-SNAPSHOT.jar:/root/.m2/repository/com/google/inject/extensions/guice-multibindings/4.0/guice-multibindings-4.0.jar:/root/.m2/repository/com/google/inject/guice/4.0/guice-4.0.jar:/root/.m2/repository/aopalliance/aopalliance/1.0/aopalliance-1.0.jar:/root/.m2/repository/com/google/inject/extensions/guice-servlet/4.0/guice-servlet-4.0.jar:/root/.m2/repository/org/glassfish/jersey/containers/jersey-container-servlet/2.27/jersey-container-servlet-2.27.jar:/root/.m2/repository/org/glassfish/hk2/guice-bridge/2.5.0/guice-bridge-2.5.0.jar:/root/.m2/repository/org/glassfish/jersey/core/jersey-server/2.27/jersey-server-2.27.jar:/root/.m2/repository/org/glassfish/jersey/core/jersey-client/2.27/jersey-client-2.27.jar:/root/.m2/repository/org/glassfish/jersey/media/jersey-media-jaxb/2.27/jersey-media-jaxb-2.27.jar:/root/.m2/repository/javax/validation/validation-api/1.1.0.Final/validation-api-1.1.0.Final.jar:/root/.m2/repository/org/glassfish/jersey/media/jersey-media-json-jackson/2.27/jersey-media-json-jackson-2.27.jar:/root/.m2/repository/org/glassfish/jersey/ext/jersey-entity-filtering/2.27/jersey-entity-filtering-2.27.jar:/root/.m2/repository/com/google/inject/extensions/guice-assistedinject/4.0/guice-assistedinject-4.0.jar:/root/.m2/repository/org/jooq/jooq/3.11.10/jooq-3.11.10.jar:/root/.m2/repository/org/jooq/jooq-meta/3.11.10/jooq-meta-3.11.10.jar:/root/.m2/repository/org/jooq/jooq-codegen/3.11.10/jooq-codegen-3.11.10.jar:/root/.m2/repository/com/jolbox/bonecp/0.8.0.RELEASE/bonecp-0.8.0.RELEASE.jar:/root/.m2/repository/org/xerial/sqlite-jdbc/3.25.2/sqlite-jdbc-3.25.2.jar:/root/.m2/repository/org/springframework/spring-jdbc/5.1.3.RELEASE/spring-jdbc-5.1.3.RELEASE.jar:/root/.m2/repository/org/springframework/spring-beans/5.1.3.RELEASE/spring-beans-5.1.3.RELEASE.jar:/root/.m2/repository/org/springframework/spring-core/5.1.3.RELEASE/spring-core-5.1.3.RELEASE.jar:/root/.m2/repository/org/springframework/spring-jcl/5.1.3.RELEASE/spring-jcl-5.1.3.RELEASE.jar:/root/.m2/repository/org/springframework/spring-tx/5.1.3.RELEASE/spring-tx-5.1.3.RELEASE.jar:/root/.m2/repository/org/apache/hadoop/hadoop-ozone-client/0.5.0-SNAPSHOT/hadoop-ozone-client-0.5.0-SNAPSHOT.jar:/root/.m2/repository/org/apache/hadoop/hadoop-ozone-ozone-manager/0.5.0-SNAPSHOT/hadoop-ozone-ozone-manager-0.5.0-SNAPSHOT-tests.jar:/root/.m2/repository/junit/junit/4.11/junit-4.11.jar:/root/.m2/repository/org/hamcrest/hamcrest-core/1.3/hamcrest-core-1.3.jar:/root/.m2/repository/org/openjdk/jmh/jmh-core/1.19/jmh-core-1.19.jar:/root/.m2/repository/net/sf/jopt-simple/jopt-simple/4.6/jopt-simple-4.6.jar:/root/.m2/repository/org/apache/commons/commons-math3/3.1.1/commons-math3-3.1.1.jar:/root/.m2/repository/org/openjdk/jmh/jmh-generator-annprocess/1.19/jmh-generator-annprocess-1.19.jar:/root/.m2/repository/org/mockito/mockito-all/1.8.5/mockito-all-1.8.5.jar:/root/.m2/repository/org/apache/hadoop/hadoop-kms/3.2.0/hadoop-kms-3.2.0.jar:/root/.m2/repository/org/apache/hadoop/hadoop-auth/3.2.0/hadoop-auth-3.2.0.jar:/root/.m2/repository/com/nimbusds/nimbus-jose-jwt/4.41.1/nimbus-jose-jwt-4.41.1.jar:/root/.m2/repository/com/github/stephenc/jcip/jcip-annotations/1.0-1/jcip-annotations-1.0-1.jar:/root/.m2/repository/net/minidev/json-smart/2.3/json-smart-2.3.jar:/root/.m2/repository/net/minidev/accessors-smart/1.2/accessors-smart-1.2.jar:/root/.m2/repository/org/ow2/asm/asm/5.0.4/asm-5.0.4.jar:/root/.m2/repository/org/apache/curator/curator-framework/2.12.0/curator-framework-2.12.0.jar:/root/.m2/repository/com/sun/jersey/jersey-core/1.19/jersey-core-1.19.jar:/root/.m2/repository/javax/ws/rs/jsr311-api/1.1.1/jsr311-api-1.1.1.jar:/root/.m2/repository/com/sun/jersey/jersey-server/1.19/jersey-server-1.19.jar:/root/.m2/repository/javax/servlet/javax.servlet-api/3.1.0/javax.servlet-api-3.1.0.jar:/root/.m2/repository/org/eclipse/jetty/jetty-server/9.3.24.v20180605/jetty-server-9.3.24.v20180605.jar:/root/.m2/repository/org/eclipse/jetty/jetty-http/9.3.24.v20180605/jetty-http-9.3.24.v20180605.jar:/root/.m2/repository/org/eclipse/jetty/jetty-io/9.3.24.v20180605/jetty-io-9.3.24.v20180605.jar:/root/.m2/repository/org/eclipse/jetty/jetty-webapp/9.3.24.v20180605/jetty-webapp-9.3.24.v20180605.jar:/root/.m2/repository/org/eclipse/jetty/jetty-xml/9.3.24.v20180605/jetty-xml-9.3.24.v20180605.jar:/root/.m2/repository/log4j/log4j/1.2.17/log4j-1.2.17.jar:/root/.m2/repository/org/slf4j/slf4j-api/1.7.25/slf4j-api-1.7.25.jar:/root/.m2/repository/org/slf4j/jul-to-slf4j/1.7.25/jul-to-slf4j-1.7.25.jar:/root/.m2/repository/org/eclipse/jetty/jetty-util/9.3.24.v20180605/jetty-util-9.3.24.v20180605.jar:/root/.m2/repository/io/dropwizard/metrics/metrics-core/3.2.4/metrics-core-3.2.4.jar:/root/.m2/repository/com/fasterxml/jackson/core/jackson-databind/2.9.5/jackson-databind-2.9.5.jar:/root/.m2/repository/org/apache/hadoop/hadoop-kms/3.2.0/hadoop-kms-3.2.0-tests.jar:/root/.m2/repository/org/apache/hadoop/hadoop-hdds-server-scm/0.5.0-SNAPSHOT/hadoop-hdds-server-scm-0.5.0-SNAPSHOT-tests.jar:/root/.m2/repository/org/hamcrest/hamcrest-all/1.3/hamcrest-all-1.3.jar:/root/.m2/repository/info/picocli/picocli/3.9.6/picocli-3.9.6.jar:/root/.m2/repository/org/apache/hadoop/hadoop-hdds-container-service/0.5.0-SNAPSHOT/hadoop-hdds-container-service-0.5.0-SNAPSHOT-tests.jar:/root/.m2/repository/org/yaml/snakeyaml/1.16/snakeyaml-1.16.jar:/root/.m2/repository/org/apache/hadoop/hadoop-common/3.2.0/hadoop-common-3.2.0-tests.jar:/root/.m2/repository/org/apache/hadoop/hadoop-annotations/3.2.0/hadoop-annotations-3.2.0.jar:/usr/lib/jvm/java-1.8-openjdk/jre/../lib/tools.jar:/root/.m2/repository/commons-cli/commons-cli/1.2/commons-cli-1.2.jar:/root/.m2/repository/org/apache/httpcomponents/httpclient/4.5.2/httpclient-4.5.2.jar:/root/.m2/repository/org/apache/httpcomponents/httpcore/4.4.4/httpcore-4.4.4.jar:/root/.m2/repository/commons-codec/commons-codec/1.11/commons-codec-1.11.jar:/root/.m2/repository/commons-net/commons-net/3.6/commons-net-3.6.jar:/root/.m2/repository/commons-collections/commons-collections/3.2.2/commons-collections-3.2.2.jar:/root/.m2/repository/org/eclipse/jetty/jetty-servlet/9.3.24.v20180605/jetty-servlet-9.3.24.v20180605.jar:/root/.m2/repository/org/eclipse/jetty/jetty-security/9.3.24.v20180605/jetty-security-9.3.24.v20180605.jar:/root/.m2/repository/javax/servlet/jsp/jsp-api/2.1/jsp-api-2.1.jar:/root/.m2/repository/com/sun/jersey/jersey-servlet/1.19/jersey-servlet-1.19.jar:/root/.m2/repository/com/sun/jersey/jersey-json/1.19/jersey-json-1.19.jar:/root/.m2/repository/org/codehaus/jettison/jettison/1.1/jettison-1.1.jar:/root/.m2/repository/org/codehaus/jackson/jackson-core-asl/1.9.13/jackson-core-asl-1.9.13.jar:/root/.m2/repository/org/codehaus/jackson/jackson-mapper-asl/1.9.13/jackson-mapper-asl-1.9.13.jar:/root/.m2/repository/org/codehaus/jackson/jackson-jaxrs/1.9.13/jackson-jaxrs-1.9.13.jar:/root/.m2/repository/org/codehaus/jackson/jackson-xc/1.9.13/jackson-xc-1.9.13.jar:/root/.m2/repository/commons-logging/commons-logging/1.1.3/commons-logging-1.1.3.jar:/root/.m2/repository/commons-beanutils/commons-beanutils/1.9.3/commons-beanutils-1.9.3.jar:/root/.m2/repository/org/apache/commons/commons-configuration2/2.1.1/commons-configuration2-2.1.1.jar:/root/.m2/repository/org/apache/commons/commons-lang3/3.7/commons-lang3-3.7.jar:/root/.m2/repository/org/apache/commons/commons-text/1.4/commons-text-1.4.jar:/root/.m2/repository/org/apache/avro/avro/1.7.7/avro-1.7.7.jar:/root/.m2/repository/com/thoughtworks/paranamer/paranamer/2.3/paranamer-2.3.jar:/root/.m2/repository/org/xerial/snappy/snappy-java/1.0.5/snappy-java-1.0.5.jar:/root/.m2/repository/com/google/re2j/re2j/1.1/re2j-1.1.jar:/root/.m2/repository/com/google/code/gson/gson/2.2.4/gson-2.2.4.jar:/root/.m2/repository/com/jcraft/jsch/0.1.54/jsch-0.1.54.jar:/root/.m2/repository/org/apache/curator/curator-client/2.12.0/curator-client-2.12.0.jar:/root/.m2/repository/org/apache/curator/curator-recipes/2.12.0/curator-recipes-2.12.0.jar:/root/.m2/repository/com/google/code/findbugs/jsr305/3.0.0/jsr305-3.0.0.jar:/root/.m2/repository/org/apache/htrace/htrace-core4/4.1.0-incubating/htrace-core4-4.1.0-incubating.jar:/root/.m2/repository/org/apache/zookeeper/zookeeper/3.4.13/zookeeper-3.4.13.jar:/root/.m2/repository/org/apache/yetus/audience-annotations/0.5.0/audience-annotations-0.5.0.jar:/root/.m2/repository/org/codehaus/woodstox/stax2-api/3.1.4/stax2-api-3.1.4.jar:/root/.m2/repository/com/fasterxml/woodstox/woodstox-core/5.0.3/woodstox-core-5.0.3.jar:/root/.m2/repository/dnsjava/dnsjava/2.1.7/dnsjava-2.1.7.jar:/root/.m2/repository/org/apache/hadoop/hadoop-hdfs/3.2.0/hadoop-hdfs-3.2.0-tests.jar:/root/.m2/repository/org/eclipse/jetty/jetty-util-ajax/9.3.24.v20180605/jetty-util-ajax-9.3.24.v20180605.jar:/root/.m2/repository/commons-daemon/commons-daemon/1.0.13/commons-daemon-1.0.13.jar:/root/.m2/repository/io/netty/netty/3.10.5.Final/netty-3.10.5.Final.jar:/root/.m2/repository/io/netty/netty-all/4.0.52.Final/netty-all-4.0.52.Final.jar:/root/.m2/repository/org/fusesource/leveldbjni/leveldbjni-all/1.8/leveldbjni-all-1.8.jar:"/>
    <property name="sun.cpu.endian" value="little"/>
    <property name="user.home" value="/root"/>
    <property name="user.language" value="en"/>
    <property name="java.specification.vendor" value="Oracle Corporation"/>
    <property name="java.home" value="/usr/lib/jvm/java-1.8-openjdk/jre"/>
    <property name="java.security.krb5.conf" value="/opt/src/hadoop-ozone/integration-test/target/test-classes/krb5.conf"/>
    <property name="basedir" value="/opt/src/hadoop-ozone/integration-test"/>
    <property name="file.separator" value="/"/>
    <property name="line.separator" value="&#10;"/>
    <property name="java.vm.specification.vendor" value="Oracle Corporation"/>
    <property name="java.specification.name" value="Java Platform API Specification"/>
    <property name="java.awt.graphicsenv" value="sun.awt.X11GraphicsEnvironment"/>
    <property name="surefire.real.class.path" value="/opt/src/hadoop-ozone/integration-test/target/surefire/surefirebooter6478302638619129771.jar"/>
    <property name="hadoop.log.dir" value="/opt/src/hadoop-ozone/integration-test/target/log"/>
    <property name="sun.boot.class.path" value="/usr/lib/jvm/java-1.8-openjdk/jre/lib/resources.jar:/usr/lib/jvm/java-1.8-openjdk/jre/lib/rt.jar:/usr/lib/jvm/java-1.8-openjdk/jre/lib/sunrsasign.jar:/usr/lib/jvm/java-1.8-openjdk/jre/lib/jsse.jar:/usr/lib/jvm/java-1.8-openjdk/jre/lib/jce.jar:/usr/lib/jvm/java-1.8-openjdk/jre/lib/charsets.jar:/usr/lib/jvm/java-1.8-openjdk/jre/lib/jfr.jar:/usr/lib/jvm/java-1.8-openjdk/jre/classes"/>
    <property name="sun.management.compiler" value="HotSpot 64-Bit Tiered Compilers"/>
    <property name="java.runtime.version" value="1.8.0_212-b04"/>
    <property name="java.net.preferIPv4Stack" value="true"/>
    <property name="user.name" value="root"/>
    <property name="path.separator" value=":"/>
    <property name="java.security.egd" value="file:///dev/urandom"/>
    <property name="os.version" value="4.15.0-1021-aws"/>
    <property name="java.endorsed.dirs" value="/usr/lib/jvm/java-1.8-openjdk/jre/lib/endorsed"/>
    <property name="java.runtime.name" value="OpenJDK Runtime Environment"/>
    <property name="file.encoding" value="UTF-8"/>
    <property name="java.vm.name" value="OpenJDK 64-Bit Server VM"/>
    <property name="test.build.webapps" value=""/>
    <property name="localRepository" value="/root/.m2/repository"/>
    <property name="java.vendor.url.bug" value="https://icedtea.classpath.org/bugzilla"/>
    <property name="java.io.tmpdir" value="/tmp"/>
    <property name="require.test.libhadoop" value=""/>
    <property name="java.version" value="1.8.0_212"/>
    <property name="user.dir" value="/opt/src/hadoop-ozone/integration-test"/>
    <property name="os.arch" value="amd64"/>
    <property name="java.vm.specification.name" value="Java Virtual Machine Specification"/>
    <property name="test.build.classes" value="/opt/src/hadoop-ozone/integration-test/target/test-classes"/>
    <property name="java.awt.printerjob" value="sun.print.PSPrinterJob"/>
    <property name="sun.os.patch.level" value="unknown"/>
    <property name="hadoop.tmp.dir" value="/opt/src/hadoop-ozone/integration-test/target/tmp"/>
    <property name="java.library.path" value="/usr/lib/jvm/java-1.8-openjdk/jre/lib/amd64/server:/usr/lib/jvm/java-1.8-openjdk/jre/lib/amd64:/usr/lib/jvm/java-1.8-openjdk/jre/../lib/amd64:/opt/src/hadoop-ozone/integration-test/target/native/target/usr/local/lib:/opt/src/hadoop-ozone/integration-test/../../hadoop-common-project/hadoop-common/target/native/target/usr/local/lib:/usr/java/packages/lib/amd64:/usr/lib64:/lib64:/lib:/usr/lib"/>
    <property name="java.vm.info" value="mixed mode"/>
    <property name="java.vendor" value="IcedTea"/>
    <property name="java.vm.version" value="25.212-b04"/>
    <property name="java.ext.dirs" value="/usr/lib/jvm/java-1.8-openjdk/jre/lib/ext:/usr/java/packages/lib/ext"/>
    <property name="sun.io.unicode.encoding" value="UnicodeLittle"/>
    <property name="java.class.version" value="52.0"/>
  </properties>
  <testcase name="testWatchForCommitWithKeyWrite" classname="org.apache.hadoop.ozone.client.rpc.TestWatchForCommit" time="19.382"/>
  <testcase name="testWatchForCommitWithSmallerTimeoutValue" classname="org.apache.hadoop.ozone.client.rpc.TestWatchForCommit" time="13.788"/>
  <testcase name="testWatchForCommitForRetryfailure" classname="org.apache.hadoop.ozone.client.rpc.TestWatchForCommit" time="48.82">
    <failure type="java.lang.AssertionError">java.lang.AssertionError
	at org.junit.Assert.fail(Assert.java:86)
	at org.junit.Assert.assertTrue(Assert.java:41)
	at org.junit.Assert.assertTrue(Assert.java:52)
	at org.apache.hadoop.ozone.client.rpc.TestWatchForCommit.testWatchForCommitForRetryfailure(TestWatchForCommit.java:350)
	at sun.reflect.NativeMethodAccessorImpl.invoke0(Native Method)
	at sun.reflect.NativeMethodAccessorImpl.invoke(NativeMethodAccessorImpl.java:62)
	at sun.reflect.DelegatingMethodAccessorImpl.invoke(DelegatingMethodAccessorImpl.java:43)
	at java.lang.reflect.Method.invoke(Method.java:498)
	at org.junit.runners.model.FrameworkMethod$1.runReflectiveCall(FrameworkMethod.java:47)
	at org.junit.internal.runners.model.ReflectiveCallable.run(ReflectiveCallable.java:12)
	at org.junit.runners.model.FrameworkMethod.invokeExplosively(FrameworkMethod.java:44)
	at org.junit.internal.runners.statements.InvokeMethod.evaluate(InvokeMethod.java:17)
	at org.junit.runners.ParentRunner.runLeaf(ParentRunner.java:271)
	at org.junit.runners.BlockJUnit4ClassRunner.runChild(BlockJUnit4ClassRunner.java:70)
	at org.junit.runners.BlockJUnit4ClassRunner.runChild(BlockJUnit4ClassRunner.java:50)
	at org.junit.runners.ParentRunner$3.run(ParentRunner.java:238)
	at org.junit.runners.ParentRunner$1.schedule(ParentRunner.java:63)
	at org.junit.runners.ParentRunner.runChildren(ParentRunner.java:236)
	at org.junit.runners.ParentRunner.access$000(ParentRunner.java:53)
	at org.junit.runners.ParentRunner$2.evaluate(ParentRunner.java:229)
	at org.junit.runners.ParentRunner.run(ParentRunner.java:309)
	at org.apache.maven.surefire.junit4.JUnit4Provider.execute(JUnit4Provider.java:365)
	at org.apache.maven.surefire.junit4.JUnit4Provider.executeWithRerun(JUnit4Provider.java:273)
	at org.apache.maven.surefire.junit4.JUnit4Provider.executeTestSet(JUnit4Provider.java:238)
	at org.apache.maven.surefire.junit4.JUnit4Provider.invoke(JUnit4Provider.java:159)
	at org.apache.maven.surefire.booter.ForkedBooter.invokeProviderInSameClassLoader(ForkedBooter.java:384)
	at org.apache.maven.surefire.booter.ForkedBooter.runSuitesInProcess(ForkedBooter.java:345)
	at org.apache.maven.surefire.booter.ForkedBooter.execute(ForkedBooter.java:126)
	at org.apache.maven.surefire.booter.ForkedBooter.main(ForkedBooter.java:418)
</failure>
    <system-out><![CDATA[2019-06-12 15:58:46,488 WARN  server.ServerUtils (ServerUtils.java:getScmDbDir(145)) - ozone.scm.db.dirs is not configured. We recommend adding this setting. Falling back to ozone.metadata.dirs instead.
2019-06-12 15:58:46,492 WARN  server.ServerUtils (ServerUtils.java:getScmDbDir(145)) - ozone.scm.db.dirs is not configured. We recommend adding this setting. Falling back to ozone.metadata.dirs instead.
2019-06-12 15:58:46,492 WARN  server.ServerUtils (ServerUtils.java:getScmDbDir(145)) - ozone.scm.db.dirs is not configured. We recommend adding this setting. Falling back to ozone.metadata.dirs instead.
2019-06-12 15:58:46,493 INFO  db.DBStoreBuilder (DBStoreBuilder.java:addTable(110)) - using custom profile for table: deletedBlocks
2019-06-12 15:58:46,493 INFO  db.DBStoreBuilder (DBStoreBuilder.java:processTables(161)) - Using default column profile:DBProfile.DISK for Table:deletedBlocks
2019-06-12 15:58:46,493 INFO  db.DBStoreBuilder (DBStoreBuilder.java:addTable(110)) - using custom profile for table: validCerts
2019-06-12 15:58:46,493 INFO  db.DBStoreBuilder (DBStoreBuilder.java:processTables(161)) - Using default column profile:DBProfile.DISK for Table:validCerts
2019-06-12 15:58:46,493 INFO  db.DBStoreBuilder (DBStoreBuilder.java:addTable(110)) - using custom profile for table: revokedCerts
2019-06-12 15:58:46,494 INFO  db.DBStoreBuilder (DBStoreBuilder.java:processTables(161)) - Using default column profile:DBProfile.DISK for Table:revokedCerts
2019-06-12 15:58:46,494 INFO  db.DBStoreBuilder (DBStoreBuilder.java:addTable(110)) - using custom profile for table: default
2019-06-12 15:58:46,494 INFO  db.DBStoreBuilder (DBStoreBuilder.java:processTables(167)) - Using default column profile:DBProfile.DISK for Table:default
2019-06-12 15:58:46,494 INFO  db.DBStoreBuilder (DBStoreBuilder.java:getDbProfile(198)) - Using default options. DBProfile.DISK
2019-06-12 15:58:46,532 WARN  server.ServerUtils (ServerUtils.java:sanitizeUserArgs(70)) - ozone.scm.stale.node.interval value = 300000 is larger than max = 100000 based on the key value of ozone.scm.heartbeat.thread.interval, reset to the max value 100000.
2019-06-12 15:58:46,532 WARN  server.ServerUtils (ServerUtils.java:sanitizeUserArgs(70)) - ozone.scm.stale.node.interval value = 300000 is larger than max = 100000 based on the key value of ozone.scm.heartbeat.thread.interval, reset to the max value 100000.
2019-06-12 15:58:46,532 INFO  node.SCMNodeManager (SCMNodeManager.java:<init>(108)) - Entering startup safe mode.
2019-06-12 15:58:46,533 INFO  net.NodeSchemaLoader (NodeSchemaLoader.java:loadSchemaFromFile(125)) - Loading file from sun.misc.CompoundEnumeration@1c8e2850
2019-06-12 15:58:46,533 INFO  net.NodeSchemaLoader (NodeSchemaLoader.java:loadSchema(171)) - Loading network topology layer schema file
2019-06-12 15:58:46,536 WARN  server.ServerUtils (ServerUtils.java:getScmDbDir(145)) - ozone.scm.db.dirs is not configured. We recommend adding this setting. Falling back to ozone.metadata.dirs instead.
2019-06-12 15:58:46,550 INFO  pipeline.SCMPipelineManager (SCMPipelineManager.java:initializePipelineState(126)) - No pipeline exists in current db
2019-06-12 15:58:46,550 WARN  server.ServerUtils (ServerUtils.java:getScmDbDir(145)) - ozone.scm.db.dirs is not configured. We recommend adding this setting. Falling back to ozone.metadata.dirs instead.
2019-06-12 15:58:46,564 WARN  events.EventQueue (EventQueue.java:fireEvent(175)) - No event handler registered for event TypedEvent{payloadType=SafeModeStatus, name='SafeModeStatus'}
2019-06-12 15:58:46,565 INFO  ipc.CallQueueManager (CallQueueManager.java:<init>(84)) - Using callQueue: class java.util.concurrent.LinkedBlockingQueue, queueCapacity: 2000, scheduler: class org.apache.hadoop.ipc.DefaultRpcScheduler, ipcBackoff: false.
2019-06-12 15:58:46,566 INFO  ipc.Server (Server.java:run(1074)) - Starting Socket Reader #1 for port 42581
2019-06-12 15:58:46,569 INFO  ipc.CallQueueManager (CallQueueManager.java:<init>(84)) - Using callQueue: class java.util.concurrent.LinkedBlockingQueue, queueCapacity: 2000, scheduler: class org.apache.hadoop.ipc.DefaultRpcScheduler, ipcBackoff: false.
2019-06-12 15:58:46,569 INFO  ipc.Server (Server.java:run(1074)) - Starting Socket Reader #1 for port 37381
2019-06-12 15:58:46,571 INFO  ipc.CallQueueManager (CallQueueManager.java:<init>(84)) - Using callQueue: class java.util.concurrent.LinkedBlockingQueue, queueCapacity: 2000, scheduler: class org.apache.hadoop.ipc.DefaultRpcScheduler, ipcBackoff: false.
2019-06-12 15:58:46,573 INFO  ipc.Server (Server.java:run(1074)) - Starting Socket Reader #1 for port 37773
2019-06-12 15:58:46,575 INFO  hdfs.DFSUtil (DFSUtil.java:httpServerTemplateForNNAndJN(1641)) - Starting Web-server for scm at: http://0.0.0.0:0
2019-06-12 15:58:46,577 INFO  server.AuthenticationFilter (AuthenticationFilter.java:constructSecretProvider(240)) - Unable to initialize FileSignerSecretProvider, falling back to use random secrets.
2019-06-12 15:58:46,577 WARN  http.HttpRequestLog (HttpRequestLog.java:getRequestLog(97)) - Jetty request log can only be enabled using Log4j
2019-06-12 15:58:46,578 INFO  http.HttpServer2 (HttpServer2.java:addGlobalFilter(975)) - Added global filter 'safety' (class=org.apache.hadoop.http.HttpServer2$QuotingInputFilter)
2019-06-12 15:58:46,579 INFO  http.HttpServer2 (HttpServer2.java:addFilter(948)) - Added filter static_user_filter (class=org.apache.hadoop.http.lib.StaticUserWebFilter$StaticUserFilter) to context scm
2019-06-12 15:58:46,579 INFO  http.HttpServer2 (HttpServer2.java:addFilter(958)) - Added filter static_user_filter (class=org.apache.hadoop.http.lib.StaticUserWebFilter$StaticUserFilter) to context logs
2019-06-12 15:58:46,579 INFO  http.HttpServer2 (HttpServer2.java:addFilter(958)) - Added filter static_user_filter (class=org.apache.hadoop.http.lib.StaticUserWebFilter$StaticUserFilter) to context static
2019-06-12 15:58:46,584 INFO  server.StorageContainerManager (StorageContainerManager.java:start(752)) - StorageContainerLocationProtocol RPC server is listening at /0.0.0.0:37773
2019-06-12 15:58:46,584 INFO  impl.MetricsSystemImpl (MetricsSystemImpl.java:init(158)) - StorageContainerManager metrics system started (again)
2019-06-12 15:58:46,584 INFO  server.SCMClientProtocolServer (SCMClientProtocolServer.java:start(149)) - RPC server for Client  is listening at /0.0.0.0:37773
2019-06-12 15:58:46,584 INFO  ipc.Server (Server.java:run(1314)) - IPC Server Responder: starting
2019-06-12 15:58:46,586 INFO  ipc.Server (Server.java:run(1153)) - IPC Server listener on 37773: starting
2019-06-12 15:58:46,594 INFO  server.StorageContainerManager (StorageContainerManager.java:start(761)) - ScmBlockLocationProtocol RPC server is listening at /0.0.0.0:37381
2019-06-12 15:58:46,594 INFO  server.SCMBlockProtocolServer (SCMBlockProtocolServer.java:start(137)) - RPC server for Block Protocol is listening at /0.0.0.0:37381
2019-06-12 15:58:46,594 INFO  ipc.Server (Server.java:run(1314)) - IPC Server Responder: starting
2019-06-12 15:58:46,594 INFO  ipc.Server (Server.java:run(1153)) - IPC Server listener on 37381: starting
2019-06-12 15:58:46,597 INFO  server.StorageContainerManager (StorageContainerManager.java:start(765)) - ScmDatanodeProtocl RPC server is listening at /0.0.0.0:42581
2019-06-12 15:58:46,597 INFO  server.SCMDatanodeProtocolServer (SCMDatanodeProtocolServer.java:start(191)) - RPC server for DataNodes is listening at /0.0.0.0:42581
2019-06-12 15:58:46,597 INFO  ipc.Server (Server.java:run(1314)) - IPC Server Responder: starting
2019-06-12 15:58:46,597 INFO  ipc.Server (Server.java:run(1153)) - IPC Server listener on 42581: starting
2019-06-12 15:58:46,600 INFO  http.HttpServer2 (HttpServer2.java:bindListener(1191)) - Jetty bound to port 34649
2019-06-12 15:58:46,600 INFO  server.Server (Server.java:doStart(351)) - jetty-9.3.24.v20180605, build timestamp: 2018-06-05T17:11:56Z, git hash: 84205aa28f11a4f31f2a3b86d1bba2cc8ab69827
2019-06-12 15:58:46,601 INFO  handler.ContextHandler (ContextHandler.java:doStart(781)) - Started o.e.j.s.ServletContextHandler@28f8ce2e{/logs,file:///opt/src/hadoop-ozone/integration-test/target/log,AVAILABLE}
2019-06-12 15:58:46,601 INFO  handler.ContextHandler (ContextHandler.java:doStart(781)) - Started o.e.j.s.ServletContextHandler@4af0c50{/static,file:///opt/src/hadoop-ozone/integration-test/target/test-classes/webapps/static,AVAILABLE}
2019-06-12 15:58:46,604 INFO  handler.ContextHandler (ContextHandler.java:doStart(781)) - Started o.e.j.w.WebAppContext@611587f7{/,file:///opt/src/hadoop-ozone/integration-test/target/test-classes/webapps/scm/,AVAILABLE}{/scm}
2019-06-12 15:58:46,604 INFO  server.AbstractConnector (AbstractConnector.java:doStart(278)) - Started ServerConnector@4d0abb23{HTTP/1.1,[http/1.1]}{0.0.0.0:34649}
2019-06-12 15:58:46,605 INFO  server.Server (Server.java:doStart(419)) - Started @33618ms
2019-06-12 15:58:46,605 INFO  server.BaseHttpServer (BaseHttpServer.java:updateConnectorAddress(207)) - HTTP server of SCM is listening at http://0.0.0.0:34649
2019-06-12 15:58:46,606 WARN  scm.ScmUtils (ScmUtils.java:getDBPath(63)) - ozone.om.db.dirs is not configured. We recommend adding this setting. Falling back to ozone.metadata.dirs instead.
2019-06-12 15:58:46,606 INFO  util.JvmPauseMonitor (JvmPauseMonitor.java:run(188)) - Starting JVM pause monitor
2019-06-12 15:58:46,608 WARN  scm.ScmUtils (ScmUtils.java:getDBPath(63)) - ozone.om.db.dirs is not configured. We recommend adding this setting. Falling back to ozone.metadata.dirs instead.
2019-06-12 15:58:46,609 INFO  om.OzoneManager (OzoneManager.java:setOMNodeDetails(519)) - OM Service ID is not set. Setting it to the default ID: omServiceIdDefault
2019-06-12 15:58:46,609 INFO  om.OzoneManager (OzoneManager.java:setOMNodeDetails(525)) - OM Node ID is not set. Setting it to the OmStorage's OmID: 362a427a-e4e7-4469-8559-296041d48df6
2019-06-12 15:58:46,609 WARN  scm.HddsServerUtil (HddsServerUtil.java:getDefaultRatisDirectory(354)) - Storage directory for Ratis is not configured. It is a good idea to map this to an SSD disk. Falling back to ozone.metadata.dirs
2019-06-12 15:58:46,609 WARN  scm.HddsServerUtil (HddsServerUtil.java:getDefaultRatisDirectory(354)) - Storage directory for Ratis is not configured. It is a good idea to map this to an SSD disk. Falling back to ozone.metadata.dirs
2019-06-12 15:58:46,609 INFO  om.OzoneManager (OzoneManager.java:loadOMHAConfigs(476)) - Found matching OM address with OMServiceId: null, OMNodeId: null, RPC Address: localhost:0 and Ratis port: 9872
2019-06-12 15:58:46,614 WARN  scm.ScmUtils (ScmUtils.java:getDBPath(63)) - ozone.om.db.dirs is not configured. We recommend adding this setting. Falling back to ozone.metadata.dirs instead.
2019-06-12 15:58:46,615 INFO  db.DBStoreBuilder (DBStoreBuilder.java:addTable(110)) - using custom profile for table: userTable
2019-06-12 15:58:46,615 INFO  db.DBStoreBuilder (DBStoreBuilder.java:processTables(161)) - Using default column profile:DBProfile.DISK for Table:userTable
2019-06-12 15:58:46,615 INFO  db.DBStoreBuilder (DBStoreBuilder.java:addTable(110)) - using custom profile for table: volumeTable
2019-06-12 15:58:46,615 INFO  db.DBStoreBuilder (DBStoreBuilder.java:processTables(161)) - Using default column profile:DBProfile.DISK for Table:volumeTable
2019-06-12 15:58:46,616 INFO  db.DBStoreBuilder (DBStoreBuilder.java:addTable(110)) - using custom profile for table: bucketTable
2019-06-12 15:58:46,616 INFO  db.DBStoreBuilder (DBStoreBuilder.java:processTables(161)) - Using default column profile:DBProfile.DISK for Table:bucketTable
2019-06-12 15:58:46,616 INFO  db.DBStoreBuilder (DBStoreBuilder.java:addTable(110)) - using custom profile for table: keyTable
2019-06-12 15:58:46,616 INFO  db.DBStoreBuilder (DBStoreBuilder.java:processTables(161)) - Using default column profile:DBProfile.DISK for Table:keyTable
2019-06-12 15:58:46,616 INFO  db.DBStoreBuilder (DBStoreBuilder.java:addTable(110)) - using custom profile for table: deletedTable
2019-06-12 15:58:46,617 INFO  db.DBStoreBuilder (DBStoreBuilder.java:processTables(161)) - Using default column profile:DBProfile.DISK for Table:deletedTable
2019-06-12 15:58:46,617 INFO  db.DBStoreBuilder (DBStoreBuilder.java:addTable(110)) - using custom profile for table: openKeyTable
2019-06-12 15:58:46,617 INFO  db.DBStoreBuilder (DBStoreBuilder.java:processTables(161)) - Using default column profile:DBProfile.DISK for Table:openKeyTable
2019-06-12 15:58:46,617 INFO  db.DBStoreBuilder (DBStoreBuilder.java:addTable(110)) - using custom profile for table: s3Table
2019-06-12 15:58:46,617 INFO  db.DBStoreBuilder (DBStoreBuilder.java:processTables(161)) - Using default column profile:DBProfile.DISK for Table:s3Table
2019-06-12 15:58:46,617 INFO  db.DBStoreBuilder (DBStoreBuilder.java:addTable(110)) - using custom profile for table: multipartInfoTable
2019-06-12 15:58:46,618 INFO  db.DBStoreBuilder (DBStoreBuilder.java:processTables(161)) - Using default column profile:DBProfile.DISK for Table:multipartInfoTable
2019-06-12 15:58:46,618 INFO  db.DBStoreBuilder (DBStoreBuilder.java:addTable(110)) - using custom profile for table: dTokenTable
2019-06-12 15:58:46,618 INFO  db.DBStoreBuilder (DBStoreBuilder.java:processTables(161)) - Using default column profile:DBProfile.DISK for Table:dTokenTable
2019-06-12 15:58:46,618 INFO  db.DBStoreBuilder (DBStoreBuilder.java:addTable(110)) - using custom profile for table: s3SecretTable
2019-06-12 15:58:46,618 INFO  db.DBStoreBuilder (DBStoreBuilder.java:processTables(161)) - Using default column profile:DBProfile.DISK for Table:s3SecretTable
2019-06-12 15:58:46,619 INFO  db.DBStoreBuilder (DBStoreBuilder.java:addTable(110)) - using custom profile for table: prefixTable
2019-06-12 15:58:46,619 INFO  db.DBStoreBuilder (DBStoreBuilder.java:processTables(161)) - Using default column profile:DBProfile.DISK for Table:prefixTable
2019-06-12 15:58:46,619 INFO  db.DBStoreBuilder (DBStoreBuilder.java:addTable(110)) - using custom profile for table: default
2019-06-12 15:58:46,619 INFO  db.DBStoreBuilder (DBStoreBuilder.java:processTables(167)) - Using default column profile:DBProfile.DISK for Table:default
2019-06-12 15:58:46,619 INFO  db.DBStoreBuilder (DBStoreBuilder.java:getDbProfile(198)) - Using default options. DBProfile.DISK
2019-06-12 15:58:46,750 INFO  ipc.CallQueueManager (CallQueueManager.java:<init>(84)) - Using callQueue: class java.util.concurrent.LinkedBlockingQueue, queueCapacity: 2000, scheduler: class org.apache.hadoop.ipc.DefaultRpcScheduler, ipcBackoff: false.
2019-06-12 15:58:46,750 INFO  ipc.Server (Server.java:run(1074)) - Starting Socket Reader #1 for port 40285
2019-06-12 15:58:46,759 WARN  scm.ScmUtils (ScmUtils.java:getDBPath(63)) - ozone.om.db.dirs is not configured. We recommend adding this setting. Falling back to ozone.metadata.dirs instead.
2019-06-12 15:58:46,760 INFO  om.OzoneManager (OzoneManager.java:start(1217)) - OzoneManager RPC server is listening at localhost/127.0.0.1:40285
2019-06-12 15:58:46,760 INFO  impl.MetricsSystemImpl (MetricsSystemImpl.java:init(158)) - OzoneManager metrics system started (again)
2019-06-12 15:58:46,760 INFO  ipc.Server (Server.java:run(1314)) - IPC Server Responder: starting
2019-06-12 15:58:46,760 INFO  ipc.Server (Server.java:run(1153)) - IPC Server listener on 40285: starting
2019-06-12 15:58:46,764 INFO  hdfs.DFSUtil (DFSUtil.java:httpServerTemplateForNNAndJN(1641)) - Starting Web-server for ozoneManager at: http://0.0.0.0:0
2019-06-12 15:58:46,765 INFO  server.AuthenticationFilter (AuthenticationFilter.java:constructSecretProvider(240)) - Unable to initialize FileSignerSecretProvider, falling back to use random secrets.
2019-06-12 15:58:46,765 WARN  http.HttpRequestLog (HttpRequestLog.java:getRequestLog(97)) - Jetty request log can only be enabled using Log4j
2019-06-12 15:58:46,767 INFO  http.HttpServer2 (HttpServer2.java:addGlobalFilter(975)) - Added global filter 'safety' (class=org.apache.hadoop.http.HttpServer2$QuotingInputFilter)
2019-06-12 15:58:46,767 INFO  http.HttpServer2 (HttpServer2.java:addFilter(948)) - Added filter static_user_filter (class=org.apache.hadoop.http.lib.StaticUserWebFilter$StaticUserFilter) to context ozoneManager
2019-06-12 15:58:46,767 INFO  http.HttpServer2 (HttpServer2.java:addFilter(958)) - Added filter static_user_filter (class=org.apache.hadoop.http.lib.StaticUserWebFilter$StaticUserFilter) to context logs
2019-06-12 15:58:46,767 INFO  http.HttpServer2 (HttpServer2.java:addFilter(958)) - Added filter static_user_filter (class=org.apache.hadoop.http.lib.StaticUserWebFilter$StaticUserFilter) to context static
2019-06-12 15:58:46,768 INFO  http.HttpServer2 (HttpServer2.java:bindListener(1191)) - Jetty bound to port 38245
2019-06-12 15:58:46,768 INFO  server.Server (Server.java:doStart(351)) - jetty-9.3.24.v20180605, build timestamp: 2018-06-05T17:11:56Z, git hash: 84205aa28f11a4f31f2a3b86d1bba2cc8ab69827
2019-06-12 15:58:46,770 INFO  handler.ContextHandler (ContextHandler.java:doStart(781)) - Started o.e.j.s.ServletContextHandler@3f6906f4{/logs,file:///opt/src/hadoop-ozone/integration-test/target/log,AVAILABLE}
2019-06-12 15:58:46,770 INFO  handler.ContextHandler (ContextHandler.java:doStart(781)) - Started o.e.j.s.ServletContextHandler@190bf8e4{/static,file:///opt/src/hadoop-ozone/integration-test/target/test-classes/webapps/static,AVAILABLE}
2019-06-12 15:58:46,773 INFO  handler.ContextHandler (ContextHandler.java:doStart(781)) - Started o.e.j.w.WebAppContext@28cf179c{/,file:///opt/src/hadoop-ozone/integration-test/target/test-classes/webapps/ozoneManager/,AVAILABLE}{/ozoneManager}
2019-06-12 15:58:46,773 INFO  server.AbstractConnector (AbstractConnector.java:doStart(278)) - Started ServerConnector@bdda8a7{HTTP/1.1,[http/1.1]}{0.0.0.0:38245}
2019-06-12 15:58:46,773 INFO  server.Server (Server.java:doStart(419)) - Started @33786ms
2019-06-12 15:58:46,774 INFO  server.BaseHttpServer (BaseHttpServer.java:updateConnectorAddress(207)) - HTTP server of OZONEMANAGER is listening at http://0.0.0.0:38245
2019-06-12 15:58:46,782 INFO  impl.MetricsSystemImpl (MetricsSystemImpl.java:init(158)) - HddsDatanode metrics system started (again)
2019-06-12 15:58:46,783 INFO  ozone.HddsDatanodeService (HddsDatanodeService.java:start(185)) - HddsDatanodeService host:ozone-bzwcn-1332811729 ip:192.168.134.73
2019-06-12 15:58:46,786 INFO  volume.HddsVolume (HddsVolume.java:<init>(176)) - Creating Volume: /opt/src/hadoop-ozone/integration-test/target/test-dir/MiniOzoneClusterImpl-066bfae2-20e3-4851-83ab-8d328c0cd083/datanode-0/data/containers/hdds of  storage type : DISK and capacity : 104021790720
2019-06-12 15:58:46,787 INFO  volume.VolumeSet (VolumeSet.java:initializeVolumeSet(170)) - Added Volume : /opt/src/hadoop-ozone/integration-test/target/test-dir/MiniOzoneClusterImpl-066bfae2-20e3-4851-83ab-8d328c0cd083/datanode-0/data/containers/hdds to VolumeSet
2019-06-12 15:58:46,787 INFO  volume.ThrottledAsyncChecker (ThrottledAsyncChecker.java:schedule(140)) - Scheduling a check for org.apache.hadoop.ozone.container.common.volume.HddsVolume@13d5606c
2019-06-12 15:58:46,789 INFO  volume.HddsVolumeChecker (HddsVolumeChecker.java:checkAllVolumes(203)) - Scheduled health check for volume org.apache.hadoop.ozone.container.common.volume.HddsVolume@13d5606c
2019-06-12 15:58:46,800 INFO  ratis.XceiverServerRatis (XceiverServerRatis.java:newXceiverServerRatis(401)) - Found a free port for the server : 46281
2019-06-12 15:58:46,801 INFO  impl.RaftServerProxy (ConfUtils.java:logGet(43)) - raft.rpc.type = GRPC (default)
2019-06-12 15:58:46,801 INFO  grpc.GrpcConfigKeys$Server (ConfUtils.java:logGet(43)) - raft.grpc.server.port = 46281 (custom)
2019-06-12 15:58:46,802 INFO  server.GrpcService (ConfUtils.java:logGet(43)) - raft.grpc.message.size.max = 33570816 (custom)
2019-06-12 15:58:46,802 INFO  server.RaftServerConfigKeys (ConfUtils.java:logGet(43)) - raft.server.log.appender.buffer.byte-limit = 33554432 (custom)
2019-06-12 15:58:46,802 INFO  server.GrpcService (ConfUtils.java:logGet(43)) - raft.grpc.flow.control.window = 1MB (=1048576) (default)
2019-06-12 15:58:46,802 INFO  server.RaftServerConfigKeys (ConfUtils.java:logGet(43)) - raft.server.rpc.request.timeout = 3000ms (default)
2019-06-12 15:58:46,803 INFO  server.RaftServerConfigKeys (ConfUtils.java:logGet(43)) - raft.server.storage.dir = [/opt/src/hadoop-ozone/integration-test/target/test-dir/MiniOzoneClusterImpl-066bfae2-20e3-4851-83ab-8d328c0cd083/datanode-0/data/ratis] (custom)
2019-06-12 15:58:46,803 INFO  server.XceiverServerGrpc (XceiverServerGrpc.java:<init>(97)) - Found a free port for the server : 39573
2019-06-12 15:58:46,803 INFO  replication.SimpleContainerDownloader (SimpleContainerDownloader.java:<init>(72)) - Starting container downloader service to copy containers to replicate.
2019-06-12 15:58:46,804 INFO  hdfs.DFSUtil (DFSUtil.java:httpServerTemplateForNNAndJN(1641)) - Starting Web-server for hddsDatanode at: http://0.0.0.0:0
2019-06-12 15:58:46,805 INFO  server.AuthenticationFilter (AuthenticationFilter.java:constructSecretProvider(240)) - Unable to initialize FileSignerSecretProvider, falling back to use random secrets.
2019-06-12 15:58:46,806 WARN  http.HttpRequestLog (HttpRequestLog.java:getRequestLog(97)) - Jetty request log can only be enabled using Log4j
2019-06-12 15:58:46,807 INFO  http.HttpServer2 (HttpServer2.java:addGlobalFilter(975)) - Added global filter 'safety' (class=org.apache.hadoop.http.HttpServer2$QuotingInputFilter)
2019-06-12 15:58:46,807 INFO  http.HttpServer2 (HttpServer2.java:addFilter(948)) - Added filter static_user_filter (class=org.apache.hadoop.http.lib.StaticUserWebFilter$StaticUserFilter) to context hddsDatanode
2019-06-12 15:58:46,807 INFO  http.HttpServer2 (HttpServer2.java:addFilter(958)) - Added filter static_user_filter (class=org.apache.hadoop.http.lib.StaticUserWebFilter$StaticUserFilter) to context static
2019-06-12 15:58:46,808 INFO  http.HttpServer2 (HttpServer2.java:addFilter(958)) - Added filter static_user_filter (class=org.apache.hadoop.http.lib.StaticUserWebFilter$StaticUserFilter) to context logs
2019-06-12 15:58:46,808 INFO  http.HttpServer2 (HttpServer2.java:bindListener(1191)) - Jetty bound to port 41173
2019-06-12 15:58:46,808 INFO  server.Server (Server.java:doStart(351)) - jetty-9.3.24.v20180605, build timestamp: 2018-06-05T17:11:56Z, git hash: 84205aa28f11a4f31f2a3b86d1bba2cc8ab69827
2019-06-12 15:58:46,810 INFO  handler.ContextHandler (ContextHandler.java:doStart(781)) - Started o.e.j.s.ServletContextHandler@79135a38{/logs,file:///opt/src/hadoop-ozone/integration-test/target/log,AVAILABLE}
2019-06-12 15:58:46,810 INFO  handler.ContextHandler (ContextHandler.java:doStart(781)) - Started o.e.j.s.ServletContextHandler@563c3aca{/static,jar:file:/root/.m2/repository/org/apache/hadoop/hadoop-hdds-container-service/0.5.0-SNAPSHOT/hadoop-hdds-container-service-0.5.0-SNAPSHOT.jar!/webapps/static,AVAILABLE}
2019-06-12 15:58:46,838 INFO  handler.ContextHandler (ContextHandler.java:doStart(781)) - Started o.e.j.w.WebAppContext@3d57fb9e{/,file:///tmp/jetty-0.0.0.0-41173-hddsDatanode-_-any-360230953385823525.dir/webapp/,AVAILABLE}{/hddsDatanode}
2019-06-12 15:58:46,839 INFO  server.AbstractConnector (AbstractConnector.java:doStart(278)) - Started ServerConnector@2c2e5e72{HTTP/1.1,[http/1.1]}{0.0.0.0:41173}
2019-06-12 15:58:46,840 INFO  server.Server (Server.java:doStart(419)) - Started @33853ms
2019-06-12 15:58:46,841 INFO  server.BaseHttpServer (BaseHttpServer.java:updateConnectorAddress(207)) - HTTP server of HDDSDATANODE is listening at http://0.0.0.0:41173
2019-06-12 15:58:46,919 INFO  ozone.HddsDatanodeService (HddsDatanodeService.java:startPlugins(396)) - Started plug-in org.apache.hadoop.ozone.web.OzoneHddsDatanodeService@4822ab4d
2019-06-12 15:58:46,920 INFO  impl.MetricsSystemImpl (MetricsSystemImpl.java:init(158)) - HddsDatanode metrics system started (again)
2019-06-12 15:58:46,920 INFO  ozone.HddsDatanodeService (HddsDatanodeService.java:start(185)) - HddsDatanodeService host:ozone-bzwcn-1332811729 ip:192.168.134.73
2019-06-12 15:58:46,922 INFO  util.JvmPauseMonitor (JvmPauseMonitor.java:run(188)) - Starting JVM pause monitor
2019-06-12 15:58:46,923 INFO  datanode.InitDatanodeState (InitDatanodeState.java:persistContainerDatanodeDetails(140)) - DatanodeDetails is persisted to /opt/src/hadoop-ozone/integration-test/target/test-dir/MiniOzoneClusterImpl-066bfae2-20e3-4851-83ab-8d328c0cd083/datanode-0/meta/datanode.id
2019-06-12 15:58:46,926 INFO  volume.HddsVolume (HddsVolume.java:<init>(176)) - Creating Volume: /opt/src/hadoop-ozone/integration-test/target/test-dir/MiniOzoneClusterImpl-066bfae2-20e3-4851-83ab-8d328c0cd083/datanode-1/data/containers/hdds of  storage type : DISK and capacity : 104021790720
2019-06-12 15:58:46,926 INFO  volume.VolumeSet (VolumeSet.java:initializeVolumeSet(170)) - Added Volume : /opt/src/hadoop-ozone/integration-test/target/test-dir/MiniOzoneClusterImpl-066bfae2-20e3-4851-83ab-8d328c0cd083/datanode-1/data/containers/hdds to VolumeSet
2019-06-12 15:58:46,926 INFO  volume.ThrottledAsyncChecker (ThrottledAsyncChecker.java:schedule(140)) - Scheduling a check for org.apache.hadoop.ozone.container.common.volume.HddsVolume@309e3f34
2019-06-12 15:58:46,927 INFO  volume.HddsVolumeChecker (HddsVolumeChecker.java:checkAllVolumes(203)) - Scheduled health check for volume org.apache.hadoop.ozone.container.common.volume.HddsVolume@309e3f34
2019-06-12 15:58:46,940 INFO  ratis.XceiverServerRatis (XceiverServerRatis.java:newXceiverServerRatis(401)) - Found a free port for the server : 46185
2019-06-12 15:58:46,940 INFO  impl.RaftServerProxy (ConfUtils.java:logGet(43)) - raft.rpc.type = GRPC (default)
2019-06-12 15:58:46,941 INFO  grpc.GrpcConfigKeys$Server (ConfUtils.java:logGet(43)) - raft.grpc.server.port = 46185 (custom)
2019-06-12 15:58:46,941 INFO  server.GrpcService (ConfUtils.java:logGet(43)) - raft.grpc.message.size.max = 33570816 (custom)
2019-06-12 15:58:46,941 INFO  server.RaftServerConfigKeys (ConfUtils.java:logGet(43)) - raft.server.log.appender.buffer.byte-limit = 33554432 (custom)
2019-06-12 15:58:46,941 INFO  server.GrpcService (ConfUtils.java:logGet(43)) - raft.grpc.flow.control.window = 1MB (=1048576) (default)
2019-06-12 15:58:46,942 INFO  server.RaftServerConfigKeys (ConfUtils.java:logGet(43)) - raft.server.rpc.request.timeout = 3000ms (default)
2019-06-12 15:58:46,942 INFO  server.RaftServerConfigKeys (ConfUtils.java:logGet(43)) - raft.server.storage.dir = [/opt/src/hadoop-ozone/integration-test/target/test-dir/MiniOzoneClusterImpl-066bfae2-20e3-4851-83ab-8d328c0cd083/datanode-1/data/ratis] (custom)
2019-06-12 15:58:46,942 INFO  server.XceiverServerGrpc (XceiverServerGrpc.java:<init>(97)) - Found a free port for the server : 38501
2019-06-12 15:58:46,943 INFO  replication.SimpleContainerDownloader (SimpleContainerDownloader.java:<init>(72)) - Starting container downloader service to copy containers to replicate.
2019-06-12 15:58:46,944 INFO  hdfs.DFSUtil (DFSUtil.java:httpServerTemplateForNNAndJN(1641)) - Starting Web-server for hddsDatanode at: http://0.0.0.0:0
2019-06-12 15:58:46,945 INFO  server.AuthenticationFilter (AuthenticationFilter.java:constructSecretProvider(240)) - Unable to initialize FileSignerSecretProvider, falling back to use random secrets.
2019-06-12 15:58:46,946 WARN  http.HttpRequestLog (HttpRequestLog.java:getRequestLog(97)) - Jetty request log can only be enabled using Log4j
2019-06-12 15:58:46,947 INFO  http.HttpServer2 (HttpServer2.java:addGlobalFilter(975)) - Added global filter 'safety' (class=org.apache.hadoop.http.HttpServer2$QuotingInputFilter)
2019-06-12 15:58:46,947 INFO  http.HttpServer2 (HttpServer2.java:addFilter(948)) - Added filter static_user_filter (class=org.apache.hadoop.http.lib.StaticUserWebFilter$StaticUserFilter) to context hddsDatanode
2019-06-12 15:58:46,948 INFO  http.HttpServer2 (HttpServer2.java:addFilter(958)) - Added filter static_user_filter (class=org.apache.hadoop.http.lib.StaticUserWebFilter$StaticUserFilter) to context logs
2019-06-12 15:58:46,948 INFO  http.HttpServer2 (HttpServer2.java:addFilter(958)) - Added filter static_user_filter (class=org.apache.hadoop.http.lib.StaticUserWebFilter$StaticUserFilter) to context static
2019-06-12 15:58:46,948 INFO  http.HttpServer2 (HttpServer2.java:bindListener(1191)) - Jetty bound to port 42719
2019-06-12 15:58:46,948 INFO  server.Server (Server.java:doStart(351)) - jetty-9.3.24.v20180605, build timestamp: 2018-06-05T17:11:56Z, git hash: 84205aa28f11a4f31f2a3b86d1bba2cc8ab69827
2019-06-12 15:58:46,950 INFO  handler.ContextHandler (ContextHandler.java:doStart(781)) - Started o.e.j.s.ServletContextHandler@6b2f7527{/logs,file:///opt/src/hadoop-ozone/integration-test/target/log,AVAILABLE}
2019-06-12 15:58:46,950 INFO  handler.ContextHandler (ContextHandler.java:doStart(781)) - Started o.e.j.s.ServletContextHandler@4c9cce17{/static,jar:file:/root/.m2/repository/org/apache/hadoop/hadoop-hdds-container-service/0.5.0-SNAPSHOT/hadoop-hdds-container-service-0.5.0-SNAPSHOT.jar!/webapps/static,AVAILABLE}
2019-06-12 15:58:46,978 INFO  handler.ContextHandler (ContextHandler.java:doStart(781)) - Started o.e.j.w.WebAppContext@10f397d0{/,file:///tmp/jetty-0.0.0.0-42719-hddsDatanode-_-any-837360867121719862.dir/webapp/,AVAILABLE}{/hddsDatanode}
2019-06-12 15:58:46,979 INFO  server.AbstractConnector (AbstractConnector.java:doStart(278)) - Started ServerConnector@33a3e5db{HTTP/1.1,[http/1.1]}{0.0.0.0:42719}
2019-06-12 15:58:46,980 INFO  server.Server (Server.java:doStart(419)) - Started @33993ms
2019-06-12 15:58:46,980 INFO  server.BaseHttpServer (BaseHttpServer.java:updateConnectorAddress(207)) - HTTP server of HDDSDATANODE is listening at http://0.0.0.0:42719
2019-06-12 15:58:47,166 INFO  ozone.HddsDatanodeService (HddsDatanodeService.java:startPlugins(396)) - Started plug-in org.apache.hadoop.ozone.web.OzoneHddsDatanodeService@74a03bd5
2019-06-12 15:58:47,167 INFO  impl.MetricsSystemImpl (MetricsSystemImpl.java:init(158)) - HddsDatanode metrics system started (again)
2019-06-12 15:58:47,167 INFO  ozone.HddsDatanodeService (HddsDatanodeService.java:start(185)) - HddsDatanodeService host:ozone-bzwcn-1332811729 ip:192.168.134.73
2019-06-12 15:58:47,170 INFO  util.JvmPauseMonitor (JvmPauseMonitor.java:run(188)) - Starting JVM pause monitor
2019-06-12 15:58:47,172 INFO  datanode.InitDatanodeState (InitDatanodeState.java:persistContainerDatanodeDetails(140)) - DatanodeDetails is persisted to /opt/src/hadoop-ozone/integration-test/target/test-dir/MiniOzoneClusterImpl-066bfae2-20e3-4851-83ab-8d328c0cd083/datanode-1/meta/datanode.id
2019-06-12 15:58:47,181 INFO  volume.HddsVolume (HddsVolume.java:<init>(176)) - Creating Volume: /opt/src/hadoop-ozone/integration-test/target/test-dir/MiniOzoneClusterImpl-066bfae2-20e3-4851-83ab-8d328c0cd083/datanode-2/data/containers/hdds of  storage type : DISK and capacity : 104021790720
2019-06-12 15:58:47,181 INFO  volume.VolumeSet (VolumeSet.java:initializeVolumeSet(170)) - Added Volume : /opt/src/hadoop-ozone/integration-test/target/test-dir/MiniOzoneClusterImpl-066bfae2-20e3-4851-83ab-8d328c0cd083/datanode-2/data/containers/hdds to VolumeSet
2019-06-12 15:58:47,181 INFO  volume.ThrottledAsyncChecker (ThrottledAsyncChecker.java:schedule(140)) - Scheduling a check for org.apache.hadoop.ozone.container.common.volume.HddsVolume@1e66bf2d
2019-06-12 15:58:47,182 INFO  volume.HddsVolumeChecker (HddsVolumeChecker.java:checkAllVolumes(203)) - Scheduled health check for volume org.apache.hadoop.ozone.container.common.volume.HddsVolume@1e66bf2d
2019-06-12 15:58:47,190 INFO  ratis.XceiverServerRatis (XceiverServerRatis.java:newXceiverServerRatis(401)) - Found a free port for the server : 37785
2019-06-12 15:58:47,192 INFO  impl.RaftServerProxy (ConfUtils.java:logGet(43)) - raft.rpc.type = GRPC (default)
2019-06-12 15:58:47,193 INFO  grpc.GrpcConfigKeys$Server (ConfUtils.java:logGet(43)) - raft.grpc.server.port = 37785 (custom)
2019-06-12 15:58:47,193 INFO  server.GrpcService (ConfUtils.java:logGet(43)) - raft.grpc.message.size.max = 33570816 (custom)
2019-06-12 15:58:47,193 INFO  server.RaftServerConfigKeys (ConfUtils.java:logGet(43)) - raft.server.log.appender.buffer.byte-limit = 33554432 (custom)
2019-06-12 15:58:47,193 INFO  server.GrpcService (ConfUtils.java:logGet(43)) - raft.grpc.flow.control.window = 1MB (=1048576) (default)
2019-06-12 15:58:47,193 INFO  server.RaftServerConfigKeys (ConfUtils.java:logGet(43)) - raft.server.rpc.request.timeout = 3000ms (default)
2019-06-12 15:58:47,193 INFO  server.RaftServerConfigKeys (ConfUtils.java:logGet(43)) - raft.server.storage.dir = [/opt/src/hadoop-ozone/integration-test/target/test-dir/MiniOzoneClusterImpl-066bfae2-20e3-4851-83ab-8d328c0cd083/datanode-2/data/ratis] (custom)
2019-06-12 15:58:47,194 INFO  server.XceiverServerGrpc (XceiverServerGrpc.java:<init>(97)) - Found a free port for the server : 45791
2019-06-12 15:58:47,194 INFO  replication.SimpleContainerDownloader (SimpleContainerDownloader.java:<init>(72)) - Starting container downloader service to copy containers to replicate.
2019-06-12 15:58:47,195 INFO  hdfs.DFSUtil (DFSUtil.java:httpServerTemplateForNNAndJN(1641)) - Starting Web-server for hddsDatanode at: http://0.0.0.0:0
2019-06-12 15:58:47,197 INFO  server.AuthenticationFilter (AuthenticationFilter.java:constructSecretProvider(240)) - Unable to initialize FileSignerSecretProvider, falling back to use random secrets.
2019-06-12 15:58:47,197 WARN  http.HttpRequestLog (HttpRequestLog.java:getRequestLog(97)) - Jetty request log can only be enabled using Log4j
2019-06-12 15:58:47,198 INFO  http.HttpServer2 (HttpServer2.java:addGlobalFilter(975)) - Added global filter 'safety' (class=org.apache.hadoop.http.HttpServer2$QuotingInputFilter)
2019-06-12 15:58:47,199 INFO  http.HttpServer2 (HttpServer2.java:addFilter(948)) - Added filter static_user_filter (class=org.apache.hadoop.http.lib.StaticUserWebFilter$StaticUserFilter) to context hddsDatanode
2019-06-12 15:58:47,199 INFO  http.HttpServer2 (HttpServer2.java:addFilter(958)) - Added filter static_user_filter (class=org.apache.hadoop.http.lib.StaticUserWebFilter$StaticUserFilter) to context static
2019-06-12 15:58:47,199 INFO  http.HttpServer2 (HttpServer2.java:addFilter(958)) - Added filter static_user_filter (class=org.apache.hadoop.http.lib.StaticUserWebFilter$StaticUserFilter) to context logs
2019-06-12 15:58:47,199 INFO  http.HttpServer2 (HttpServer2.java:bindListener(1191)) - Jetty bound to port 35341
2019-06-12 15:58:47,199 INFO  server.Server (Server.java:doStart(351)) - jetty-9.3.24.v20180605, build timestamp: 2018-06-05T17:11:56Z, git hash: 84205aa28f11a4f31f2a3b86d1bba2cc8ab69827
2019-06-12 15:58:47,201 INFO  handler.ContextHandler (ContextHandler.java:doStart(781)) - Started o.e.j.s.ServletContextHandler@320fc4b0{/logs,file:///opt/src/hadoop-ozone/integration-test/target/log,AVAILABLE}
2019-06-12 15:58:47,201 INFO  handler.ContextHandler (ContextHandler.java:doStart(781)) - Started o.e.j.s.ServletContextHandler@25435731{/static,jar:file:/root/.m2/repository/org/apache/hadoop/hadoop-hdds-container-service/0.5.0-SNAPSHOT/hadoop-hdds-container-service-0.5.0-SNAPSHOT.jar!/webapps/static,AVAILABLE}
2019-06-12 15:58:47,229 INFO  handler.ContextHandler (ContextHandler.java:doStart(781)) - Started o.e.j.w.WebAppContext@446a692f{/,file:///tmp/jetty-0.0.0.0-35341-hddsDatanode-_-any-7177724148840213668.dir/webapp/,AVAILABLE}{/hddsDatanode}
2019-06-12 15:58:47,230 INFO  server.AbstractConnector (AbstractConnector.java:doStart(278)) - Started ServerConnector@5eb1ab3a{HTTP/1.1,[http/1.1]}{0.0.0.0:35341}
2019-06-12 15:58:47,232 INFO  server.Server (Server.java:doStart(419)) - Started @34243ms
2019-06-12 15:58:47,233 INFO  server.BaseHttpServer (BaseHttpServer.java:updateConnectorAddress(207)) - HTTP server of HDDSDATANODE is listening at http://0.0.0.0:35341
2019-06-12 15:58:47,313 INFO  ozone.HddsDatanodeService (HddsDatanodeService.java:startPlugins(396)) - Started plug-in org.apache.hadoop.ozone.web.OzoneHddsDatanodeService@6e23ba17
2019-06-12 15:58:47,314 INFO  impl.MetricsSystemImpl (MetricsSystemImpl.java:init(158)) - HddsDatanode metrics system started (again)
2019-06-12 15:58:47,315 INFO  ozone.HddsDatanodeService (HddsDatanodeService.java:start(185)) - HddsDatanodeService host:ozone-bzwcn-1332811729 ip:192.168.134.73
2019-06-12 15:58:47,316 INFO  util.JvmPauseMonitor (JvmPauseMonitor.java:run(188)) - Starting JVM pause monitor
2019-06-12 15:58:47,317 INFO  datanode.InitDatanodeState (InitDatanodeState.java:persistContainerDatanodeDetails(140)) - DatanodeDetails is persisted to /opt/src/hadoop-ozone/integration-test/target/test-dir/MiniOzoneClusterImpl-066bfae2-20e3-4851-83ab-8d328c0cd083/datanode-2/meta/datanode.id
2019-06-12 15:58:47,320 INFO  volume.HddsVolume (HddsVolume.java:<init>(176)) - Creating Volume: /opt/src/hadoop-ozone/integration-test/target/test-dir/MiniOzoneClusterImpl-066bfae2-20e3-4851-83ab-8d328c0cd083/datanode-3/data/containers/hdds of  storage type : DISK and capacity : 104021790720
2019-06-12 15:58:47,320 INFO  volume.VolumeSet (VolumeSet.java:initializeVolumeSet(170)) - Added Volume : /opt/src/hadoop-ozone/integration-test/target/test-dir/MiniOzoneClusterImpl-066bfae2-20e3-4851-83ab-8d328c0cd083/datanode-3/data/containers/hdds to VolumeSet
2019-06-12 15:58:47,320 INFO  volume.ThrottledAsyncChecker (ThrottledAsyncChecker.java:schedule(140)) - Scheduling a check for org.apache.hadoop.ozone.container.common.volume.HddsVolume@1405aa6a
2019-06-12 15:58:47,320 INFO  volume.HddsVolumeChecker (HddsVolumeChecker.java:checkAllVolumes(203)) - Scheduled health check for volume org.apache.hadoop.ozone.container.common.volume.HddsVolume@1405aa6a
2019-06-12 15:58:47,332 INFO  ratis.XceiverServerRatis (XceiverServerRatis.java:newXceiverServerRatis(401)) - Found a free port for the server : 33359
2019-06-12 15:58:47,333 INFO  impl.RaftServerProxy (ConfUtils.java:logGet(43)) - raft.rpc.type = GRPC (default)
2019-06-12 15:58:47,334 INFO  grpc.GrpcConfigKeys$Server (ConfUtils.java:logGet(43)) - raft.grpc.server.port = 33359 (custom)
2019-06-12 15:58:47,334 INFO  server.GrpcService (ConfUtils.java:logGet(43)) - raft.grpc.message.size.max = 33570816 (custom)
2019-06-12 15:58:47,334 INFO  server.RaftServerConfigKeys (ConfUtils.java:logGet(43)) - raft.server.log.appender.buffer.byte-limit = 33554432 (custom)
2019-06-12 15:58:47,334 INFO  server.GrpcService (ConfUtils.java:logGet(43)) - raft.grpc.flow.control.window = 1MB (=1048576) (default)
2019-06-12 15:58:47,334 INFO  server.RaftServerConfigKeys (ConfUtils.java:logGet(43)) - raft.server.rpc.request.timeout = 3000ms (default)
2019-06-12 15:58:47,335 INFO  server.RaftServerConfigKeys (ConfUtils.java:logGet(43)) - raft.server.storage.dir = [/opt/src/hadoop-ozone/integration-test/target/test-dir/MiniOzoneClusterImpl-066bfae2-20e3-4851-83ab-8d328c0cd083/datanode-3/data/ratis] (custom)
2019-06-12 15:58:47,335 INFO  server.XceiverServerGrpc (XceiverServerGrpc.java:<init>(97)) - Found a free port for the server : 43301
2019-06-12 15:58:47,335 INFO  replication.SimpleContainerDownloader (SimpleContainerDownloader.java:<init>(72)) - Starting container downloader service to copy containers to replicate.
2019-06-12 15:58:47,336 INFO  hdfs.DFSUtil (DFSUtil.java:httpServerTemplateForNNAndJN(1641)) - Starting Web-server for hddsDatanode at: http://0.0.0.0:0
2019-06-12 15:58:47,337 INFO  server.AuthenticationFilter (AuthenticationFilter.java:constructSecretProvider(240)) - Unable to initialize FileSignerSecretProvider, falling back to use random secrets.
2019-06-12 15:58:47,338 WARN  http.HttpRequestLog (HttpRequestLog.java:getRequestLog(97)) - Jetty request log can only be enabled using Log4j
2019-06-12 15:58:47,339 INFO  http.HttpServer2 (HttpServer2.java:addGlobalFilter(975)) - Added global filter 'safety' (class=org.apache.hadoop.http.HttpServer2$QuotingInputFilter)
2019-06-12 15:58:47,339 INFO  http.HttpServer2 (HttpServer2.java:addFilter(948)) - Added filter static_user_filter (class=org.apache.hadoop.http.lib.StaticUserWebFilter$StaticUserFilter) to context hddsDatanode
2019-06-12 15:58:47,339 INFO  http.HttpServer2 (HttpServer2.java:addFilter(958)) - Added filter static_user_filter (class=org.apache.hadoop.http.lib.StaticUserWebFilter$StaticUserFilter) to context logs
2019-06-12 15:58:47,339 INFO  http.HttpServer2 (HttpServer2.java:addFilter(958)) - Added filter static_user_filter (class=org.apache.hadoop.http.lib.StaticUserWebFilter$StaticUserFilter) to context static
2019-06-12 15:58:47,340 INFO  http.HttpServer2 (HttpServer2.java:bindListener(1191)) - Jetty bound to port 38243
2019-06-12 15:58:47,340 INFO  server.Server (Server.java:doStart(351)) - jetty-9.3.24.v20180605, build timestamp: 2018-06-05T17:11:56Z, git hash: 84205aa28f11a4f31f2a3b86d1bba2cc8ab69827
2019-06-12 15:58:47,350 INFO  handler.ContextHandler (ContextHandler.java:doStart(781)) - Started o.e.j.s.ServletContextHandler@ff8e36d{/logs,file:///opt/src/hadoop-ozone/integration-test/target/log,AVAILABLE}
2019-06-12 15:58:47,351 INFO  handler.ContextHandler (ContextHandler.java:doStart(781)) - Started o.e.j.s.ServletContextHandler@4f22fd5d{/static,jar:file:/root/.m2/repository/org/apache/hadoop/hadoop-hdds-container-service/0.5.0-SNAPSHOT/hadoop-hdds-container-service-0.5.0-SNAPSHOT.jar!/webapps/static,AVAILABLE}
2019-06-12 15:58:47,390 INFO  handler.ContextHandler (ContextHandler.java:doStart(781)) - Started o.e.j.w.WebAppContext@36349e29{/,file:///tmp/jetty-0.0.0.0-38243-hddsDatanode-_-any-5937793171258042370.dir/webapp/,AVAILABLE}{/hddsDatanode}
2019-06-12 15:58:47,391 INFO  server.AbstractConnector (AbstractConnector.java:doStart(278)) - Started ServerConnector@183a508b{HTTP/1.1,[http/1.1]}{0.0.0.0:38243}
2019-06-12 15:58:47,392 INFO  server.Server (Server.java:doStart(419)) - Started @34405ms
2019-06-12 15:58:47,425 INFO  server.BaseHttpServer (BaseHttpServer.java:updateConnectorAddress(207)) - HTTP server of HDDSDATANODE is listening at http://0.0.0.0:38243
2019-06-12 15:58:47,513 INFO  ozone.HddsDatanodeService (HddsDatanodeService.java:startPlugins(396)) - Started plug-in org.apache.hadoop.ozone.web.OzoneHddsDatanodeService@55a66bbf
2019-06-12 15:58:47,513 INFO  impl.MetricsSystemImpl (MetricsSystemImpl.java:init(158)) - HddsDatanode metrics system started (again)
2019-06-12 15:58:47,514 INFO  ozone.HddsDatanodeService (HddsDatanodeService.java:start(185)) - HddsDatanodeService host:ozone-bzwcn-1332811729 ip:192.168.134.73
2019-06-12 15:58:47,514 INFO  util.JvmPauseMonitor (JvmPauseMonitor.java:run(188)) - Starting JVM pause monitor
2019-06-12 15:58:47,515 INFO  datanode.InitDatanodeState (InitDatanodeState.java:persistContainerDatanodeDetails(140)) - DatanodeDetails is persisted to /opt/src/hadoop-ozone/integration-test/target/test-dir/MiniOzoneClusterImpl-066bfae2-20e3-4851-83ab-8d328c0cd083/datanode-3/meta/datanode.id
2019-06-12 15:58:47,520 INFO  volume.HddsVolume (HddsVolume.java:<init>(176)) - Creating Volume: /opt/src/hadoop-ozone/integration-test/target/test-dir/MiniOzoneClusterImpl-066bfae2-20e3-4851-83ab-8d328c0cd083/datanode-4/data/containers/hdds of  storage type : DISK and capacity : 104021790720
2019-06-12 15:58:47,521 INFO  volume.VolumeSet (VolumeSet.java:initializeVolumeSet(170)) - Added Volume : /opt/src/hadoop-ozone/integration-test/target/test-dir/MiniOzoneClusterImpl-066bfae2-20e3-4851-83ab-8d328c0cd083/datanode-4/data/containers/hdds to VolumeSet
2019-06-12 15:58:47,521 INFO  volume.ThrottledAsyncChecker (ThrottledAsyncChecker.java:schedule(140)) - Scheduling a check for org.apache.hadoop.ozone.container.common.volume.HddsVolume@28888124
2019-06-12 15:58:47,522 INFO  volume.HddsVolumeChecker (HddsVolumeChecker.java:checkAllVolumes(203)) - Scheduled health check for volume org.apache.hadoop.ozone.container.common.volume.HddsVolume@28888124
2019-06-12 15:58:47,531 INFO  ratis.XceiverServerRatis (XceiverServerRatis.java:newXceiverServerRatis(401)) - Found a free port for the server : 41849
2019-06-12 15:58:47,532 INFO  impl.RaftServerProxy (ConfUtils.java:logGet(43)) - raft.rpc.type = GRPC (default)
2019-06-12 15:58:47,532 INFO  grpc.GrpcConfigKeys$Server (ConfUtils.java:logGet(43)) - raft.grpc.server.port = 41849 (custom)
2019-06-12 15:58:47,532 INFO  server.GrpcService (ConfUtils.java:logGet(43)) - raft.grpc.message.size.max = 33570816 (custom)
2019-06-12 15:58:47,533 INFO  server.RaftServerConfigKeys (ConfUtils.java:logGet(43)) - raft.server.log.appender.buffer.byte-limit = 33554432 (custom)
2019-06-12 15:58:47,533 INFO  server.GrpcService (ConfUtils.java:logGet(43)) - raft.grpc.flow.control.window = 1MB (=1048576) (default)
2019-06-12 15:58:47,533 INFO  server.RaftServerConfigKeys (ConfUtils.java:logGet(43)) - raft.server.rpc.request.timeout = 3000ms (default)
2019-06-12 15:58:47,533 INFO  server.RaftServerConfigKeys (ConfUtils.java:logGet(43)) - raft.server.storage.dir = [/opt/src/hadoop-ozone/integration-test/target/test-dir/MiniOzoneClusterImpl-066bfae2-20e3-4851-83ab-8d328c0cd083/datanode-4/data/ratis] (custom)
2019-06-12 15:58:47,533 INFO  server.XceiverServerGrpc (XceiverServerGrpc.java:<init>(97)) - Found a free port for the server : 45289
2019-06-12 15:58:47,534 INFO  replication.SimpleContainerDownloader (SimpleContainerDownloader.java:<init>(72)) - Starting container downloader service to copy containers to replicate.
2019-06-12 15:58:47,534 INFO  hdfs.DFSUtil (DFSUtil.java:httpServerTemplateForNNAndJN(1641)) - Starting Web-server for hddsDatanode at: http://0.0.0.0:0
2019-06-12 15:58:47,535 INFO  server.AuthenticationFilter (AuthenticationFilter.java:constructSecretProvider(240)) - Unable to initialize FileSignerSecretProvider, falling back to use random secrets.
2019-06-12 15:58:47,536 WARN  http.HttpRequestLog (HttpRequestLog.java:getRequestLog(97)) - Jetty request log can only be enabled using Log4j
2019-06-12 15:58:47,536 INFO  http.HttpServer2 (HttpServer2.java:addGlobalFilter(975)) - Added global filter 'safety' (class=org.apache.hadoop.http.HttpServer2$QuotingInputFilter)
2019-06-12 15:58:47,537 INFO  http.HttpServer2 (HttpServer2.java:addFilter(948)) - Added filter static_user_filter (class=org.apache.hadoop.http.lib.StaticUserWebFilter$StaticUserFilter) to context hddsDatanode
2019-06-12 15:58:47,537 INFO  http.HttpServer2 (HttpServer2.java:addFilter(958)) - Added filter static_user_filter (class=org.apache.hadoop.http.lib.StaticUserWebFilter$StaticUserFilter) to context logs
2019-06-12 15:58:47,537 INFO  http.HttpServer2 (HttpServer2.java:addFilter(958)) - Added filter static_user_filter (class=org.apache.hadoop.http.lib.StaticUserWebFilter$StaticUserFilter) to context static
2019-06-12 15:58:47,537 INFO  http.HttpServer2 (HttpServer2.java:bindListener(1191)) - Jetty bound to port 46171
2019-06-12 15:58:47,538 INFO  server.Server (Server.java:doStart(351)) - jetty-9.3.24.v20180605, build timestamp: 2018-06-05T17:11:56Z, git hash: 84205aa28f11a4f31f2a3b86d1bba2cc8ab69827
2019-06-12 15:58:47,543 INFO  handler.ContextHandler (ContextHandler.java:doStart(781)) - Started o.e.j.s.ServletContextHandler@5e3d84a{/logs,file:///opt/src/hadoop-ozone/integration-test/target/log,AVAILABLE}
2019-06-12 15:58:47,543 INFO  handler.ContextHandler (ContextHandler.java:doStart(781)) - Started o.e.j.s.ServletContextHandler@4fce3ed7{/static,jar:file:/root/.m2/repository/org/apache/hadoop/hadoop-hdds-container-service/0.5.0-SNAPSHOT/hadoop-hdds-container-service-0.5.0-SNAPSHOT.jar!/webapps/static,AVAILABLE}
2019-06-12 15:58:47,569 INFO  handler.ContextHandler (ContextHandler.java:doStart(781)) - Started o.e.j.w.WebAppContext@24e7087a{/,file:///tmp/jetty-0.0.0.0-46171-hddsDatanode-_-any-7772388712505839612.dir/webapp/,AVAILABLE}{/hddsDatanode}
2019-06-12 15:58:47,570 INFO  server.AbstractConnector (AbstractConnector.java:doStart(278)) - Started ServerConnector@5bb3dee7{HTTP/1.1,[http/1.1]}{0.0.0.0:46171}
2019-06-12 15:58:47,571 INFO  server.Server (Server.java:doStart(419)) - Started @34584ms
2019-06-12 15:58:47,571 INFO  server.BaseHttpServer (BaseHttpServer.java:updateConnectorAddress(207)) - HTTP server of HDDSDATANODE is listening at http://0.0.0.0:46171
2019-06-12 15:58:47,658 INFO  ozone.HddsDatanodeService (HddsDatanodeService.java:startPlugins(396)) - Started plug-in org.apache.hadoop.ozone.web.OzoneHddsDatanodeService@55202ba6
2019-06-12 15:58:47,659 INFO  impl.MetricsSystemImpl (MetricsSystemImpl.java:init(158)) - HddsDatanode metrics system started (again)
2019-06-12 15:58:47,659 INFO  ozone.HddsDatanodeService (HddsDatanodeService.java:start(185)) - HddsDatanodeService host:ozone-bzwcn-1332811729 ip:192.168.134.73
2019-06-12 15:58:47,659 INFO  util.JvmPauseMonitor (JvmPauseMonitor.java:run(188)) - Starting JVM pause monitor
2019-06-12 15:58:47,660 INFO  datanode.InitDatanodeState (InitDatanodeState.java:persistContainerDatanodeDetails(140)) - DatanodeDetails is persisted to /opt/src/hadoop-ozone/integration-test/target/test-dir/MiniOzoneClusterImpl-066bfae2-20e3-4851-83ab-8d328c0cd083/datanode-4/meta/datanode.id
2019-06-12 15:58:47,663 INFO  volume.HddsVolume (HddsVolume.java:<init>(176)) - Creating Volume: /opt/src/hadoop-ozone/integration-test/target/test-dir/MiniOzoneClusterImpl-066bfae2-20e3-4851-83ab-8d328c0cd083/datanode-5/data/containers/hdds of  storage type : DISK and capacity : 104021790720
2019-06-12 15:58:47,663 INFO  volume.VolumeSet (VolumeSet.java:initializeVolumeSet(170)) - Added Volume : /opt/src/hadoop-ozone/integration-test/target/test-dir/MiniOzoneClusterImpl-066bfae2-20e3-4851-83ab-8d328c0cd083/datanode-5/data/containers/hdds to VolumeSet
2019-06-12 15:58:47,664 INFO  volume.ThrottledAsyncChecker (ThrottledAsyncChecker.java:schedule(140)) - Scheduling a check for org.apache.hadoop.ozone.container.common.volume.HddsVolume@1ddc8fc
2019-06-12 15:58:47,664 INFO  volume.HddsVolumeChecker (HddsVolumeChecker.java:checkAllVolumes(203)) - Scheduled health check for volume org.apache.hadoop.ozone.container.common.volume.HddsVolume@1ddc8fc
2019-06-12 15:58:47,672 INFO  ratis.XceiverServerRatis (XceiverServerRatis.java:newXceiverServerRatis(401)) - Found a free port for the server : 39845
2019-06-12 15:58:47,673 INFO  impl.RaftServerProxy (ConfUtils.java:logGet(43)) - raft.rpc.type = GRPC (default)
2019-06-12 15:58:47,673 INFO  grpc.GrpcConfigKeys$Server (ConfUtils.java:logGet(43)) - raft.grpc.server.port = 39845 (custom)
2019-06-12 15:58:47,674 INFO  server.GrpcService (ConfUtils.java:logGet(43)) - raft.grpc.message.size.max = 33570816 (custom)
2019-06-12 15:58:47,674 INFO  server.RaftServerConfigKeys (ConfUtils.java:logGet(43)) - raft.server.log.appender.buffer.byte-limit = 33554432 (custom)
2019-06-12 15:58:47,674 INFO  server.GrpcService (ConfUtils.java:logGet(43)) - raft.grpc.flow.control.window = 1MB (=1048576) (default)
2019-06-12 15:58:47,674 INFO  server.RaftServerConfigKeys (ConfUtils.java:logGet(43)) - raft.server.rpc.request.timeout = 3000ms (default)
2019-06-12 15:58:47,674 INFO  server.RaftServerConfigKeys (ConfUtils.java:logGet(43)) - raft.server.storage.dir = [/opt/src/hadoop-ozone/integration-test/target/test-dir/MiniOzoneClusterImpl-066bfae2-20e3-4851-83ab-8d328c0cd083/datanode-5/data/ratis] (custom)
2019-06-12 15:58:47,675 INFO  server.XceiverServerGrpc (XceiverServerGrpc.java:<init>(97)) - Found a free port for the server : 46671
2019-06-12 15:58:47,675 INFO  replication.SimpleContainerDownloader (SimpleContainerDownloader.java:<init>(72)) - Starting container downloader service to copy containers to replicate.
2019-06-12 15:58:47,676 INFO  hdfs.DFSUtil (DFSUtil.java:httpServerTemplateForNNAndJN(1641)) - Starting Web-server for hddsDatanode at: http://0.0.0.0:0
2019-06-12 15:58:47,677 INFO  server.AuthenticationFilter (AuthenticationFilter.java:constructSecretProvider(240)) - Unable to initialize FileSignerSecretProvider, falling back to use random secrets.
2019-06-12 15:58:47,677 WARN  http.HttpRequestLog (HttpRequestLog.java:getRequestLog(97)) - Jetty request log can only be enabled using Log4j
2019-06-12 15:58:47,678 INFO  http.HttpServer2 (HttpServer2.java:addGlobalFilter(975)) - Added global filter 'safety' (class=org.apache.hadoop.http.HttpServer2$QuotingInputFilter)
2019-06-12 15:58:47,678 INFO  http.HttpServer2 (HttpServer2.java:addFilter(948)) - Added filter static_user_filter (class=org.apache.hadoop.http.lib.StaticUserWebFilter$StaticUserFilter) to context hddsDatanode
2019-06-12 15:58:47,678 INFO  http.HttpServer2 (HttpServer2.java:addFilter(958)) - Added filter static_user_filter (class=org.apache.hadoop.http.lib.StaticUserWebFilter$StaticUserFilter) to context logs
2019-06-12 15:58:47,678 INFO  http.HttpServer2 (HttpServer2.java:addFilter(958)) - Added filter static_user_filter (class=org.apache.hadoop.http.lib.StaticUserWebFilter$StaticUserFilter) to context static
2019-06-12 15:58:47,679 INFO  http.HttpServer2 (HttpServer2.java:bindListener(1191)) - Jetty bound to port 44705
2019-06-12 15:58:47,679 INFO  server.Server (Server.java:doStart(351)) - jetty-9.3.24.v20180605, build timestamp: 2018-06-05T17:11:56Z, git hash: 84205aa28f11a4f31f2a3b86d1bba2cc8ab69827
2019-06-12 15:58:47,683 INFO  handler.ContextHandler (ContextHandler.java:doStart(781)) - Started o.e.j.s.ServletContextHandler@490fbeaa{/logs,file:///opt/src/hadoop-ozone/integration-test/target/log,AVAILABLE}
2019-06-12 15:58:47,683 INFO  handler.ContextHandler (ContextHandler.java:doStart(781)) - Started o.e.j.s.ServletContextHandler@276aa33f{/static,jar:file:/root/.m2/repository/org/apache/hadoop/hadoop-hdds-container-service/0.5.0-SNAPSHOT/hadoop-hdds-container-service-0.5.0-SNAPSHOT.jar!/webapps/static,AVAILABLE}
2019-06-12 15:58:47,703 INFO  handler.ContextHandler (ContextHandler.java:doStart(781)) - Started o.e.j.w.WebAppContext@de40aa1{/,file:///tmp/jetty-0.0.0.0-44705-hddsDatanode-_-any-1690392915273435110.dir/webapp/,AVAILABLE}{/hddsDatanode}
2019-06-12 15:58:47,704 INFO  server.AbstractConnector (AbstractConnector.java:doStart(278)) - Started ServerConnector@61b76a7d{HTTP/1.1,[http/1.1]}{0.0.0.0:44705}
2019-06-12 15:58:47,704 INFO  server.Server (Server.java:doStart(419)) - Started @34717ms
2019-06-12 15:58:47,705 INFO  server.BaseHttpServer (BaseHttpServer.java:updateConnectorAddress(207)) - HTTP server of HDDSDATANODE is listening at http://0.0.0.0:44705
2019-06-12 15:58:47,818 INFO  ozone.HddsDatanodeService (HddsDatanodeService.java:startPlugins(396)) - Started plug-in org.apache.hadoop.ozone.web.OzoneHddsDatanodeService@10728fe8
2019-06-12 15:58:47,819 INFO  impl.MetricsSystemImpl (MetricsSystemImpl.java:init(158)) - HddsDatanode metrics system started (again)
2019-06-12 15:58:47,819 INFO  ozone.HddsDatanodeService (HddsDatanodeService.java:start(185)) - HddsDatanodeService host:ozone-bzwcn-1332811729 ip:192.168.134.73
2019-06-12 15:58:47,822 INFO  util.JvmPauseMonitor (JvmPauseMonitor.java:run(188)) - Starting JVM pause monitor
2019-06-12 15:58:47,823 INFO  volume.HddsVolume (HddsVolume.java:<init>(176)) - Creating Volume: /opt/src/hadoop-ozone/integration-test/target/test-dir/MiniOzoneClusterImpl-066bfae2-20e3-4851-83ab-8d328c0cd083/datanode-6/data/containers/hdds of  storage type : DISK and capacity : 104021790720
2019-06-12 15:58:47,824 INFO  volume.VolumeSet (VolumeSet.java:initializeVolumeSet(170)) - Added Volume : /opt/src/hadoop-ozone/integration-test/target/test-dir/MiniOzoneClusterImpl-066bfae2-20e3-4851-83ab-8d328c0cd083/datanode-6/data/containers/hdds to VolumeSet
2019-06-12 15:58:47,824 INFO  datanode.InitDatanodeState (InitDatanodeState.java:persistContainerDatanodeDetails(140)) - DatanodeDetails is persisted to /opt/src/hadoop-ozone/integration-test/target/test-dir/MiniOzoneClusterImpl-066bfae2-20e3-4851-83ab-8d328c0cd083/datanode-5/meta/datanode.id
2019-06-12 15:58:47,824 INFO  volume.ThrottledAsyncChecker (ThrottledAsyncChecker.java:schedule(140)) - Scheduling a check for org.apache.hadoop.ozone.container.common.volume.HddsVolume@3c538e62
2019-06-12 15:58:47,825 INFO  volume.HddsVolumeChecker (HddsVolumeChecker.java:checkAllVolumes(203)) - Scheduled health check for volume org.apache.hadoop.ozone.container.common.volume.HddsVolume@3c538e62
2019-06-12 15:58:47,833 INFO  ratis.XceiverServerRatis (XceiverServerRatis.java:newXceiverServerRatis(401)) - Found a free port for the server : 36479
2019-06-12 15:58:47,835 INFO  impl.RaftServerProxy (ConfUtils.java:logGet(43)) - raft.rpc.type = GRPC (default)
2019-06-12 15:58:47,835 INFO  grpc.GrpcConfigKeys$Server (ConfUtils.java:logGet(43)) - raft.grpc.server.port = 36479 (custom)
2019-06-12 15:58:47,835 INFO  server.GrpcService (ConfUtils.java:logGet(43)) - raft.grpc.message.size.max = 33570816 (custom)
2019-06-12 15:58:47,835 INFO  server.RaftServerConfigKeys (ConfUtils.java:logGet(43)) - raft.server.log.appender.buffer.byte-limit = 33554432 (custom)
2019-06-12 15:58:47,835 INFO  server.GrpcService (ConfUtils.java:logGet(43)) - raft.grpc.flow.control.window = 1MB (=1048576) (default)
2019-06-12 15:58:47,835 INFO  server.RaftServerConfigKeys (ConfUtils.java:logGet(43)) - raft.server.rpc.request.timeout = 3000ms (default)
2019-06-12 15:58:47,836 INFO  server.RaftServerConfigKeys (ConfUtils.java:logGet(43)) - raft.server.storage.dir = [/opt/src/hadoop-ozone/integration-test/target/test-dir/MiniOzoneClusterImpl-066bfae2-20e3-4851-83ab-8d328c0cd083/datanode-6/data/ratis] (custom)
2019-06-12 15:58:47,836 INFO  server.XceiverServerGrpc (XceiverServerGrpc.java:<init>(97)) - Found a free port for the server : 41047
2019-06-12 15:58:47,836 INFO  replication.SimpleContainerDownloader (SimpleContainerDownloader.java:<init>(72)) - Starting container downloader service to copy containers to replicate.
2019-06-12 15:58:47,837 INFO  hdfs.DFSUtil (DFSUtil.java:httpServerTemplateForNNAndJN(1641)) - Starting Web-server for hddsDatanode at: http://0.0.0.0:0
2019-06-12 15:58:47,838 INFO  server.AuthenticationFilter (AuthenticationFilter.java:constructSecretProvider(240)) - Unable to initialize FileSignerSecretProvider, falling back to use random secrets.
2019-06-12 15:58:47,839 WARN  http.HttpRequestLog (HttpRequestLog.java:getRequestLog(97)) - Jetty request log can only be enabled using Log4j
2019-06-12 15:58:47,840 INFO  http.HttpServer2 (HttpServer2.java:addGlobalFilter(975)) - Added global filter 'safety' (class=org.apache.hadoop.http.HttpServer2$QuotingInputFilter)
2019-06-12 15:58:47,840 INFO  http.HttpServer2 (HttpServer2.java:addFilter(948)) - Added filter static_user_filter (class=org.apache.hadoop.http.lib.StaticUserWebFilter$StaticUserFilter) to context hddsDatanode
2019-06-12 15:58:47,840 INFO  http.HttpServer2 (HttpServer2.java:addFilter(958)) - Added filter static_user_filter (class=org.apache.hadoop.http.lib.StaticUserWebFilter$StaticUserFilter) to context logs
2019-06-12 15:58:47,841 INFO  http.HttpServer2 (HttpServer2.java:addFilter(958)) - Added filter static_user_filter (class=org.apache.hadoop.http.lib.StaticUserWebFilter$StaticUserFilter) to context static
2019-06-12 15:58:47,841 INFO  http.HttpServer2 (HttpServer2.java:bindListener(1191)) - Jetty bound to port 40097
2019-06-12 15:58:47,841 INFO  server.Server (Server.java:doStart(351)) - jetty-9.3.24.v20180605, build timestamp: 2018-06-05T17:11:56Z, git hash: 84205aa28f11a4f31f2a3b86d1bba2cc8ab69827
2019-06-12 15:58:47,857 INFO  handler.ContextHandler (ContextHandler.java:doStart(781)) - Started o.e.j.s.ServletContextHandler@7957aa57{/logs,file:///opt/src/hadoop-ozone/integration-test/target/log,AVAILABLE}
2019-06-12 15:58:47,857 INFO  handler.ContextHandler (ContextHandler.java:doStart(781)) - Started o.e.j.s.ServletContextHandler@6b3bc1f6{/static,jar:file:/root/.m2/repository/org/apache/hadoop/hadoop-hdds-container-service/0.5.0-SNAPSHOT/hadoop-hdds-container-service-0.5.0-SNAPSHOT.jar!/webapps/static,AVAILABLE}
2019-06-12 15:58:47,877 INFO  handler.ContextHandler (ContextHandler.java:doStart(781)) - Started o.e.j.w.WebAppContext@3aa63b53{/,file:///tmp/jetty-0.0.0.0-40097-hddsDatanode-_-any-4496011268878363699.dir/webapp/,AVAILABLE}{/hddsDatanode}
2019-06-12 15:58:47,877 INFO  server.AbstractConnector (AbstractConnector.java:doStart(278)) - Started ServerConnector@39a9becc{HTTP/1.1,[http/1.1]}{0.0.0.0:40097}
2019-06-12 15:58:47,879 INFO  server.Server (Server.java:doStart(419)) - Started @34892ms
2019-06-12 15:58:47,880 INFO  server.BaseHttpServer (BaseHttpServer.java:updateConnectorAddress(207)) - HTTP server of HDDSDATANODE is listening at http://0.0.0.0:40097
2019-06-12 15:58:47,963 INFO  ozone.HddsDatanodeService (HddsDatanodeService.java:startPlugins(396)) - Started plug-in org.apache.hadoop.ozone.web.OzoneHddsDatanodeService@2fd8b081
2019-06-12 15:58:47,963 INFO  ozone.MiniOzoneClusterImpl (MiniOzoneClusterImpl.java:lambda$waitForClusterToBeReady$0(142)) - Waiting for cluster to be ready. Got 0 of 7 DN Heartbeats.
2019-06-12 15:58:47,966 INFO  util.JvmPauseMonitor (JvmPauseMonitor.java:run(188)) - Starting JVM pause monitor
2019-06-12 15:58:47,967 INFO  datanode.InitDatanodeState (InitDatanodeState.java:persistContainerDatanodeDetails(140)) - DatanodeDetails is persisted to /opt/src/hadoop-ozone/integration-test/target/test-dir/MiniOzoneClusterImpl-066bfae2-20e3-4851-83ab-8d328c0cd083/datanode-6/meta/datanode.id
2019-06-12 15:58:48,932 INFO  ozoneimpl.OzoneContainer (OzoneContainer.java:start(186)) - Attempting to start container services.
2019-06-12 15:58:48,932 INFO  ozoneimpl.OzoneContainer (OzoneContainer.java:startContainerScrub(160)) - Background container scrubber has been disabled by hdds.containerscrub.enabled
2019-06-12 15:58:48,932 INFO  ratis.XceiverServerRatis (XceiverServerRatis.java:start(418)) - Starting XceiverServerRatis 585d7d00-a7c1-4731-9183-786f9e8c1772 at port 46281
2019-06-12 15:58:48,936 INFO  impl.RaftServerProxy (RaftServerProxy.java:lambda$start$3(299)) - 585d7d00-a7c1-4731-9183-786f9e8c1772: start RPC server
2019-06-12 15:58:48,937 INFO  server.GrpcService (GrpcService.java:startImpl(148)) - 585d7d00-a7c1-4731-9183-786f9e8c1772: GrpcService started, listening on 0.0.0.0/0.0.0.0:46281
2019-06-12 15:58:48,963 INFO  ozone.MiniOzoneClusterImpl (MiniOzoneClusterImpl.java:lambda$waitForClusterToBeReady$0(142)) - Waiting for cluster to be ready. Got 0 of 7 DN Heartbeats.
2019-06-12 15:58:49,174 INFO  ozoneimpl.OzoneContainer (OzoneContainer.java:start(186)) - Attempting to start container services.
2019-06-12 15:58:49,175 INFO  ozoneimpl.OzoneContainer (OzoneContainer.java:startContainerScrub(160)) - Background container scrubber has been disabled by hdds.containerscrub.enabled
2019-06-12 15:58:49,175 INFO  ratis.XceiverServerRatis (XceiverServerRatis.java:start(418)) - Starting XceiverServerRatis 8f8b4fc6-9314-413e-a560-f50320fc2365 at port 46185
2019-06-12 15:58:49,178 INFO  impl.RaftServerProxy (RaftServerProxy.java:lambda$start$3(299)) - 8f8b4fc6-9314-413e-a560-f50320fc2365: start RPC server
2019-06-12 15:58:49,179 INFO  server.GrpcService (GrpcService.java:startImpl(148)) - 8f8b4fc6-9314-413e-a560-f50320fc2365: GrpcService started, listening on 0.0.0.0/0.0.0.0:46185
2019-06-12 15:58:49,320 INFO  ozoneimpl.OzoneContainer (OzoneContainer.java:start(186)) - Attempting to start container services.
2019-06-12 15:58:49,320 INFO  ozoneimpl.OzoneContainer (OzoneContainer.java:startContainerScrub(160)) - Background container scrubber has been disabled by hdds.containerscrub.enabled
2019-06-12 15:58:49,320 INFO  ratis.XceiverServerRatis (XceiverServerRatis.java:start(418)) - Starting XceiverServerRatis bb0596c0-0cf2-49c6-8bd7-9affeddec5b0 at port 37785
2019-06-12 15:58:49,323 INFO  impl.RaftServerProxy (RaftServerProxy.java:lambda$start$3(299)) - bb0596c0-0cf2-49c6-8bd7-9affeddec5b0: start RPC server
2019-06-12 15:58:49,325 INFO  server.GrpcService (GrpcService.java:startImpl(148)) - bb0596c0-0cf2-49c6-8bd7-9affeddec5b0: GrpcService started, listening on 0.0.0.0/0.0.0.0:37785
2019-06-12 15:58:49,517 INFO  ozoneimpl.OzoneContainer (OzoneContainer.java:start(186)) - Attempting to start container services.
2019-06-12 15:58:49,518 INFO  ozoneimpl.OzoneContainer (OzoneContainer.java:startContainerScrub(160)) - Background container scrubber has been disabled by hdds.containerscrub.enabled
2019-06-12 15:58:49,518 INFO  ratis.XceiverServerRatis (XceiverServerRatis.java:start(418)) - Starting XceiverServerRatis 47931a02-d3ef-42c7-b53f-9561c0a5ccb2 at port 33359
2019-06-12 15:58:49,521 INFO  impl.RaftServerProxy (RaftServerProxy.java:lambda$start$3(299)) - 47931a02-d3ef-42c7-b53f-9561c0a5ccb2: start RPC server
2019-06-12 15:58:49,521 INFO  server.GrpcService (GrpcService.java:startImpl(148)) - 47931a02-d3ef-42c7-b53f-9561c0a5ccb2: GrpcService started, listening on 0.0.0.0/0.0.0.0:33359
2019-06-12 15:58:49,662 INFO  ozoneimpl.OzoneContainer (OzoneContainer.java:start(186)) - Attempting to start container services.
2019-06-12 15:58:49,663 INFO  ozoneimpl.OzoneContainer (OzoneContainer.java:startContainerScrub(160)) - Background container scrubber has been disabled by hdds.containerscrub.enabled
2019-06-12 15:58:49,663 INFO  ratis.XceiverServerRatis (XceiverServerRatis.java:start(418)) - Starting XceiverServerRatis 897ab5aa-b4e5-461f-8af0-e2657af8a0c2 at port 41849
2019-06-12 15:58:49,666 INFO  impl.RaftServerProxy (RaftServerProxy.java:lambda$start$3(299)) - 897ab5aa-b4e5-461f-8af0-e2657af8a0c2: start RPC server
2019-06-12 15:58:49,666 INFO  server.GrpcService (GrpcService.java:startImpl(148)) - 897ab5aa-b4e5-461f-8af0-e2657af8a0c2: GrpcService started, listening on 0.0.0.0/0.0.0.0:41849
2019-06-12 15:58:49,824 INFO  ozoneimpl.OzoneContainer (OzoneContainer.java:start(186)) - Attempting to start container services.
2019-06-12 15:58:49,824 INFO  ozoneimpl.OzoneContainer (OzoneContainer.java:startContainerScrub(160)) - Background container scrubber has been disabled by hdds.containerscrub.enabled
2019-06-12 15:58:49,824 INFO  ratis.XceiverServerRatis (XceiverServerRatis.java:start(418)) - Starting XceiverServerRatis 0324816e-1b48-4762-8ae5-3e00b7b5cec7 at port 39845
2019-06-12 15:58:49,827 INFO  impl.RaftServerProxy (RaftServerProxy.java:lambda$start$3(299)) - 0324816e-1b48-4762-8ae5-3e00b7b5cec7: start RPC server
2019-06-12 15:58:49,828 INFO  server.GrpcService (GrpcService.java:startImpl(148)) - 0324816e-1b48-4762-8ae5-3e00b7b5cec7: GrpcService started, listening on 0.0.0.0/0.0.0.0:39845
2019-06-12 15:58:49,964 INFO  ozone.MiniOzoneClusterImpl (MiniOzoneClusterImpl.java:lambda$waitForClusterToBeReady$0(142)) - Waiting for cluster to be ready. Got 0 of 7 DN Heartbeats.
2019-06-12 15:58:49,969 INFO  ozoneimpl.OzoneContainer (OzoneContainer.java:start(186)) - Attempting to start container services.
2019-06-12 15:58:49,969 INFO  ozoneimpl.OzoneContainer (OzoneContainer.java:startContainerScrub(160)) - Background container scrubber has been disabled by hdds.containerscrub.enabled
2019-06-12 15:58:49,969 INFO  ratis.XceiverServerRatis (XceiverServerRatis.java:start(418)) - Starting XceiverServerRatis 3b073085-3014-4024-9a6c-5778bac8437d at port 36479
2019-06-12 15:58:49,972 INFO  impl.RaftServerProxy (RaftServerProxy.java:lambda$start$3(299)) - 3b073085-3014-4024-9a6c-5778bac8437d: start RPC server
2019-06-12 15:58:49,973 INFO  server.GrpcService (GrpcService.java:startImpl(148)) - 3b073085-3014-4024-9a6c-5778bac8437d: GrpcService started, listening on 0.0.0.0/0.0.0.0:36479
2019-06-12 15:58:50,925 INFO  node.SCMNodeManager (SCMNodeManager.java:register(234)) - Registered Data node : 585d7d00-a7c1-4731-9183-786f9e8c1772{ip: 192.168.134.73, host: ozone-bzwcn-1332811729, networkLocation: /default-rack, certSerialId: null}
2019-06-12 15:58:50,927 INFO  safemode.SCMSafeModeManager (DataNodeSafeModeRule.java:process(71)) - SCM in safe mode. 1 DataNodes registered, 1 required.
2019-06-12 15:58:50,929 INFO  safemode.SCMSafeModeManager (SCMSafeModeManager.java:validateSafeModeExitRules(177)) - ScmSafeModeManager, all rules are successfully validated
2019-06-12 15:58:50,929 INFO  safemode.SCMSafeModeManager (SCMSafeModeManager.java:exitSafeMode(193)) - SCM exiting safe mode.
2019-06-12 15:58:50,933 INFO  impl.RaftServerProxy (RaftServerProxy.java:addNew(89)) - 585d7d00-a7c1-4731-9183-786f9e8c1772: addNew group-3D1D0A712525:[585d7d00-a7c1-4731-9183-786f9e8c1772:192.168.134.73:46281] returns group-3D1D0A712525:java.util.concurrent.CompletableFuture@4f1436a5[Not completed]
2019-06-12 15:58:50,934 INFO  impl.RaftServerImpl (RaftServerImpl.java:<init>(91)) - 585d7d00-a7c1-4731-9183-786f9e8c1772: new RaftServerImpl for group-3D1D0A712525:[585d7d00-a7c1-4731-9183-786f9e8c1772:192.168.134.73:46281] with ContainerStateMachine:uninitialized
2019-06-12 15:58:50,934 INFO  server.RaftServerConfigKeys (ConfUtils.java:logGet(43)) - raft.server.rpc.timeout.min = 1s (custom)
2019-06-12 15:58:50,934 INFO  server.RaftServerConfigKeys (ConfUtils.java:logGet(43)) - raft.server.rpc.timeout.max = 1200ms (custom)
2019-06-12 15:58:50,934 INFO  server.RaftServerConfigKeys (ConfUtils.java:logGet(43)) - raft.server.rpcslowness.timeout = 120s (custom)
2019-06-12 15:58:50,934 INFO  server.RaftServerConfigKeys (ConfUtils.java:logGet(43)) - raft.server.log.appender.install.snapshot.enabled = true (default)
2019-06-12 15:58:50,934 INFO  impl.RaftServerImpl (ServerState.java:<init>(101)) - 585d7d00-a7c1-4731-9183-786f9e8c1772:group-3D1D0A712525 ConfigurationManager, init=-1: [585d7d00-a7c1-4731-9183-786f9e8c1772:192.168.134.73:46281], old=null, confs=<EMPTY_MAP>
2019-06-12 15:58:50,934 INFO  server.RaftServerConfigKeys (ConfUtils.java:logGet(43)) - raft.server.storage.dir = [/opt/src/hadoop-ozone/integration-test/target/test-dir/MiniOzoneClusterImpl-066bfae2-20e3-4851-83ab-8d328c0cd083/datanode-0/data/ratis] (custom)
2019-06-12 15:58:50,935 INFO  storage.RaftStorageDirectory (RaftStorageDirectory.java:analyzeStorage(246)) - The storage directory /opt/src/hadoop-ozone/integration-test/target/test-dir/MiniOzoneClusterImpl-066bfae2-20e3-4851-83ab-8d328c0cd083/datanode-0/data/ratis/6bfe7550-47d8-4dd8-bb31-3d1d0a712525 does not exist. Creating ...
2019-06-12 15:58:50,936 INFO  storage.RaftStorageDirectory (RaftStorageDirectory.java:tryLock(328)) - Lock on /opt/src/hadoop-ozone/integration-test/target/test-dir/MiniOzoneClusterImpl-066bfae2-20e3-4851-83ab-8d328c0cd083/datanode-0/data/ratis/6bfe7550-47d8-4dd8-bb31-3d1d0a712525/in_use.lock acquired by nodename 20615@ozone-bzwcn-1332811729
2019-06-12 15:58:50,938 INFO  storage.RaftStorage (RaftStorage.java:format(75)) - Storage directory /opt/src/hadoop-ozone/integration-test/target/test-dir/MiniOzoneClusterImpl-066bfae2-20e3-4851-83ab-8d328c0cd083/datanode-0/data/ratis/6bfe7550-47d8-4dd8-bb31-3d1d0a712525 has been successfully formatted.
2019-06-12 15:58:50,938 INFO  ratis.ContainerStateMachine (ContainerStateMachine.java:loadSnapshot(199)) - The snapshot info is null.Setting the last applied index to:(t:0, i:~)
2019-06-12 15:58:50,939 INFO  server.RaftServerConfigKeys (ConfUtils.java:logGet(43)) - raft.server.leader.election.timeout = 120s (custom)
2019-06-12 15:58:50,939 INFO  server.RaftServerConfigKeys (ConfUtils.java:logGet(43)) - raft.server.log.use.memory = false (default)
2019-06-12 15:58:50,939 INFO  server.RaftServerConfigKeys (ConfUtils.java:logGet(43)) - raft.server.log.appender.buffer.byte-limit = 33554432 (custom)
2019-06-12 15:58:50,939 INFO  server.RaftServerConfigKeys (ConfUtils.java:logGet(43)) - raft.server.log.segment.size.max = 16384 (custom)
2019-06-12 15:58:50,939 INFO  server.RaftServerConfigKeys (ConfUtils.java:logGet(43)) - raft.server.log.segment.cache.num.max = 2 (custom)
2019-06-12 15:58:50,939 INFO  storage.RaftLogWorker (RaftLogWorker.java:<init>(123)) - new 585d7d00-a7c1-4731-9183-786f9e8c1772-RaftLogWorker for Storage Directory /opt/src/hadoop-ozone/integration-test/target/test-dir/MiniOzoneClusterImpl-066bfae2-20e3-4851-83ab-8d328c0cd083/datanode-0/data/ratis/6bfe7550-47d8-4dd8-bb31-3d1d0a712525
2019-06-12 15:58:50,939 INFO  server.RaftServerConfigKeys (ConfUtils.java:logGet(43)) - raft.server.log.queue.byte-limit = 2147483647 (custom)
2019-06-12 15:58:50,939 INFO  server.RaftServerConfigKeys (ConfUtils.java:logGet(43)) - raft.server.log.queue.element-limit = 1024 (custom)
2019-06-12 15:58:50,939 INFO  server.RaftServerConfigKeys (ConfUtils.java:logGet(43)) - raft.server.log.segment.size.max = 16384 (custom)
2019-06-12 15:58:50,939 INFO  server.RaftServerConfigKeys (ConfUtils.java:logGet(43)) - raft.server.log.preallocated.size = 16384 (custom)
2019-06-12 15:58:50,939 INFO  server.RaftServerConfigKeys (ConfUtils.java:logGet(43)) - raft.server.log.write.buffer.size = 33554432 (custom)
2019-06-12 15:58:50,939 INFO  server.RaftServerConfigKeys (ConfUtils.java:logGet(43)) - raft.server.log.force.sync.num = 128 (default)
2019-06-12 15:58:50,939 INFO  server.RaftServerConfigKeys (ConfUtils.java:logGet(43)) - raft.server.log.statemachine.data.sync = true (default)
2019-06-12 15:58:50,939 INFO  server.RaftServerConfigKeys (ConfUtils.java:logGet(43)) - raft.server.log.statemachine.data.sync.timeout = 10s (default)
2019-06-12 15:58:50,939 INFO  server.RaftServerConfigKeys (ConfUtils.java:logGet(43)) - raft.server.log.statemachine.data.sync.timeout.retry = -1 (default)
2019-06-12 15:58:50,940 INFO  server.RaftServerConfigKeys (ConfUtils.java:logGet(43)) - raft.server.log.statemachine.data.caching.enabled = true (custom)
2019-06-12 15:58:50,940 INFO  server.RaftServerConfigKeys (ConfUtils.java:logGet(43)) - raft.server.snapshot.auto.trigger.enabled = true (custom)
2019-06-12 15:58:50,940 INFO  server.RaftServerConfigKeys (ConfUtils.java:logGet(43)) - raft.server.snapshot.auto.trigger.threshold = 10000 (custom)
2019-06-12 15:58:50,940 INFO  server.RaftServerConfigKeys (ConfUtils.java:logGet(43)) - raft.server.retrycache.expirytime = 600000ms (custom)
2019-06-12 15:58:50,940 INFO  impl.RaftServerImpl (RaftServerImpl.java:start(173)) - 585d7d00-a7c1-4731-9183-786f9e8c1772: start group-3D1D0A712525
2019-06-12 15:58:50,940 INFO  impl.RaftServerImpl (RaftServerImpl.java:setRole(164)) - 585d7d00-a7c1-4731-9183-786f9e8c1772:group-3D1D0A712525 changes role from null to FOLLOWER at term 0 for startAsFollower
2019-06-12 15:58:50,940 INFO  impl.RoleInfo (RoleInfo.java:updateAndGet(143)) - 585d7d00-a7c1-4731-9183-786f9e8c1772: start FollowerState
2019-06-12 15:58:50,940 INFO  util.JmxRegister (JmxRegister.java:tryRegister(44)) - Successfully registered JMX Bean with object name Ratis:service=RaftServer,group=group-3D1D0A712525,id=585d7d00-a7c1-4731-9183-786f9e8c1772
2019-06-12 15:58:50,942 INFO  pipeline.PipelineStateManager (PipelineStateManager.java:addPipeline(56)) - Created pipeline Pipeline[ Id: 6bfe7550-47d8-4dd8-bb31-3d1d0a712525, Nodes: 585d7d00-a7c1-4731-9183-786f9e8c1772{ip: 192.168.134.73, host: ozone-bzwcn-1332811729, networkLocation: /default-rack, certSerialId: null}, Type:RATIS, Factor:ONE, State:OPEN]
2019-06-12 15:58:50,964 INFO  ozone.MiniOzoneClusterImpl (MiniOzoneClusterImpl.java:lambda$waitForClusterToBeReady$0(142)) - Waiting for cluster to be ready. Got 1 of 7 DN Heartbeats.
2019-06-12 15:58:51,171 INFO  node.SCMNodeManager (SCMNodeManager.java:register(234)) - Registered Data node : 8f8b4fc6-9314-413e-a560-f50320fc2365{ip: 192.168.134.73, host: ozone-bzwcn-1332811729, networkLocation: /default-rack, certSerialId: null}
2019-06-12 15:58:51,182 INFO  impl.RaftServerProxy (RaftServerProxy.java:addNew(89)) - 8f8b4fc6-9314-413e-a560-f50320fc2365: addNew group-6976C44F8ADA:[8f8b4fc6-9314-413e-a560-f50320fc2365:192.168.134.73:46185] returns group-6976C44F8ADA:java.util.concurrent.CompletableFuture@40a6e82d[Not completed]
2019-06-12 15:58:51,183 INFO  impl.RaftServerImpl (RaftServerImpl.java:<init>(91)) - 8f8b4fc6-9314-413e-a560-f50320fc2365: new RaftServerImpl for group-6976C44F8ADA:[8f8b4fc6-9314-413e-a560-f50320fc2365:192.168.134.73:46185] with ContainerStateMachine:uninitialized
2019-06-12 15:58:51,183 INFO  server.RaftServerConfigKeys (ConfUtils.java:logGet(43)) - raft.server.rpc.timeout.min = 1s (custom)
2019-06-12 15:58:51,183 INFO  server.RaftServerConfigKeys (ConfUtils.java:logGet(43)) - raft.server.rpc.timeout.max = 1200ms (custom)
2019-06-12 15:58:51,183 INFO  server.RaftServerConfigKeys (ConfUtils.java:logGet(43)) - raft.server.rpcslowness.timeout = 120s (custom)
2019-06-12 15:58:51,183 INFO  server.RaftServerConfigKeys (ConfUtils.java:logGet(43)) - raft.server.log.appender.install.snapshot.enabled = true (default)
2019-06-12 15:58:51,183 INFO  impl.RaftServerImpl (ServerState.java:<init>(101)) - 8f8b4fc6-9314-413e-a560-f50320fc2365:group-6976C44F8ADA ConfigurationManager, init=-1: [8f8b4fc6-9314-413e-a560-f50320fc2365:192.168.134.73:46185], old=null, confs=<EMPTY_MAP>
2019-06-12 15:58:51,183 INFO  server.RaftServerConfigKeys (ConfUtils.java:logGet(43)) - raft.server.storage.dir = [/opt/src/hadoop-ozone/integration-test/target/test-dir/MiniOzoneClusterImpl-066bfae2-20e3-4851-83ab-8d328c0cd083/datanode-1/data/ratis] (custom)
2019-06-12 15:58:51,183 INFO  storage.RaftStorageDirectory (RaftStorageDirectory.java:analyzeStorage(246)) - The storage directory /opt/src/hadoop-ozone/integration-test/target/test-dir/MiniOzoneClusterImpl-066bfae2-20e3-4851-83ab-8d328c0cd083/datanode-1/data/ratis/3e5d5ac2-0282-47c8-88c1-6976c44f8ada does not exist. Creating ...
2019-06-12 15:58:51,185 INFO  storage.RaftStorageDirectory (RaftStorageDirectory.java:tryLock(328)) - Lock on /opt/src/hadoop-ozone/integration-test/target/test-dir/MiniOzoneClusterImpl-066bfae2-20e3-4851-83ab-8d328c0cd083/datanode-1/data/ratis/3e5d5ac2-0282-47c8-88c1-6976c44f8ada/in_use.lock acquired by nodename 20615@ozone-bzwcn-1332811729
2019-06-12 15:58:51,187 INFO  storage.RaftStorage (RaftStorage.java:format(75)) - Storage directory /opt/src/hadoop-ozone/integration-test/target/test-dir/MiniOzoneClusterImpl-066bfae2-20e3-4851-83ab-8d328c0cd083/datanode-1/data/ratis/3e5d5ac2-0282-47c8-88c1-6976c44f8ada has been successfully formatted.
2019-06-12 15:58:51,188 INFO  ratis.ContainerStateMachine (ContainerStateMachine.java:loadSnapshot(199)) - The snapshot info is null.Setting the last applied index to:(t:0, i:~)
2019-06-12 15:58:51,188 INFO  server.RaftServerConfigKeys (ConfUtils.java:logGet(43)) - raft.server.leader.election.timeout = 120s (custom)
2019-06-12 15:58:51,188 INFO  server.RaftServerConfigKeys (ConfUtils.java:logGet(43)) - raft.server.log.use.memory = false (default)
2019-06-12 15:58:51,188 INFO  server.RaftServerConfigKeys (ConfUtils.java:logGet(43)) - raft.server.log.appender.buffer.byte-limit = 33554432 (custom)
2019-06-12 15:58:51,188 INFO  server.RaftServerConfigKeys (ConfUtils.java:logGet(43)) - raft.server.log.segment.size.max = 16384 (custom)
2019-06-12 15:58:51,188 INFO  server.RaftServerConfigKeys (ConfUtils.java:logGet(43)) - raft.server.log.segment.cache.num.max = 2 (custom)
2019-06-12 15:58:51,188 INFO  storage.RaftLogWorker (RaftLogWorker.java:<init>(123)) - new 8f8b4fc6-9314-413e-a560-f50320fc2365-RaftLogWorker for Storage Directory /opt/src/hadoop-ozone/integration-test/target/test-dir/MiniOzoneClusterImpl-066bfae2-20e3-4851-83ab-8d328c0cd083/datanode-1/data/ratis/3e5d5ac2-0282-47c8-88c1-6976c44f8ada
2019-06-12 15:58:51,188 INFO  server.RaftServerConfigKeys (ConfUtils.java:logGet(43)) - raft.server.log.queue.byte-limit = 2147483647 (custom)
2019-06-12 15:58:51,188 INFO  server.RaftServerConfigKeys (ConfUtils.java:logGet(43)) - raft.server.log.queue.element-limit = 1024 (custom)
2019-06-12 15:58:51,188 INFO  server.RaftServerConfigKeys (ConfUtils.java:logGet(43)) - raft.server.log.segment.size.max = 16384 (custom)
2019-06-12 15:58:51,188 INFO  server.RaftServerConfigKeys (ConfUtils.java:logGet(43)) - raft.server.log.preallocated.size = 16384 (custom)
2019-06-12 15:58:51,188 INFO  server.RaftServerConfigKeys (ConfUtils.java:logGet(43)) - raft.server.log.write.buffer.size = 33554432 (custom)
2019-06-12 15:58:51,188 INFO  server.RaftServerConfigKeys (ConfUtils.java:logGet(43)) - raft.server.log.force.sync.num = 128 (default)
2019-06-12 15:58:51,189 INFO  server.RaftServerConfigKeys (ConfUtils.java:logGet(43)) - raft.server.log.statemachine.data.sync = true (default)
2019-06-12 15:58:51,189 INFO  server.RaftServerConfigKeys (ConfUtils.java:logGet(43)) - raft.server.log.statemachine.data.sync.timeout = 10s (default)
2019-06-12 15:58:51,189 INFO  server.RaftServerConfigKeys (ConfUtils.java:logGet(43)) - raft.server.log.statemachine.data.sync.timeout.retry = -1 (default)
2019-06-12 15:58:51,189 INFO  server.RaftServerConfigKeys (ConfUtils.java:logGet(43)) - raft.server.log.statemachine.data.caching.enabled = true (custom)
2019-06-12 15:58:51,189 INFO  server.RaftServerConfigKeys (ConfUtils.java:logGet(43)) - raft.server.snapshot.auto.trigger.enabled = true (custom)
2019-06-12 15:58:51,189 INFO  server.RaftServerConfigKeys (ConfUtils.java:logGet(43)) - raft.server.snapshot.auto.trigger.threshold = 10000 (custom)
2019-06-12 15:58:51,189 INFO  server.RaftServerConfigKeys (ConfUtils.java:logGet(43)) - raft.server.retrycache.expirytime = 600000ms (custom)
2019-06-12 15:58:51,189 INFO  impl.RaftServerImpl (RaftServerImpl.java:start(173)) - 8f8b4fc6-9314-413e-a560-f50320fc2365: start group-6976C44F8ADA
2019-06-12 15:58:51,189 INFO  impl.RaftServerImpl (RaftServerImpl.java:setRole(164)) - 8f8b4fc6-9314-413e-a560-f50320fc2365:group-6976C44F8ADA changes role from null to FOLLOWER at term 0 for startAsFollower
2019-06-12 15:58:51,189 INFO  impl.RoleInfo (RoleInfo.java:updateAndGet(143)) - 8f8b4fc6-9314-413e-a560-f50320fc2365: start FollowerState
2019-06-12 15:58:51,190 INFO  util.JmxRegister (JmxRegister.java:tryRegister(44)) - Successfully registered JMX Bean with object name Ratis:service=RaftServer,group=group-6976C44F8ADA,id=8f8b4fc6-9314-413e-a560-f50320fc2365
2019-06-12 15:58:51,191 INFO  pipeline.PipelineStateManager (PipelineStateManager.java:addPipeline(56)) - Created pipeline Pipeline[ Id: 3e5d5ac2-0282-47c8-88c1-6976c44f8ada, Nodes: 8f8b4fc6-9314-413e-a560-f50320fc2365{ip: 192.168.134.73, host: ozone-bzwcn-1332811729, networkLocation: /default-rack, certSerialId: null}, Type:RATIS, Factor:ONE, State:OPEN]
2019-06-12 15:58:51,317 INFO  node.SCMNodeManager (SCMNodeManager.java:register(234)) - Registered Data node : bb0596c0-0cf2-49c6-8bd7-9affeddec5b0{ip: 192.168.134.73, host: ozone-bzwcn-1332811729, networkLocation: /default-rack, certSerialId: null}
2019-06-12 15:58:51,322 INFO  impl.RaftServerProxy (RaftServerProxy.java:addNew(89)) - bb0596c0-0cf2-49c6-8bd7-9affeddec5b0: addNew group-784CB19F4E6C:[bb0596c0-0cf2-49c6-8bd7-9affeddec5b0:192.168.134.73:37785] returns group-784CB19F4E6C:java.util.concurrent.CompletableFuture@4956ad14[Not completed]
2019-06-12 15:58:51,323 INFO  impl.RaftServerImpl (RaftServerImpl.java:<init>(91)) - bb0596c0-0cf2-49c6-8bd7-9affeddec5b0: new RaftServerImpl for group-784CB19F4E6C:[bb0596c0-0cf2-49c6-8bd7-9affeddec5b0:192.168.134.73:37785] with ContainerStateMachine:uninitialized
2019-06-12 15:58:51,323 INFO  server.RaftServerConfigKeys (ConfUtils.java:logGet(43)) - raft.server.rpc.timeout.min = 1s (custom)
2019-06-12 15:58:51,323 INFO  server.RaftServerConfigKeys (ConfUtils.java:logGet(43)) - raft.server.rpc.timeout.max = 1200ms (custom)
2019-06-12 15:58:51,323 INFO  server.RaftServerConfigKeys (ConfUtils.java:logGet(43)) - raft.server.rpcslowness.timeout = 120s (custom)
2019-06-12 15:58:51,323 INFO  server.RaftServerConfigKeys (ConfUtils.java:logGet(43)) - raft.server.log.appender.install.snapshot.enabled = true (default)
2019-06-12 15:58:51,323 INFO  impl.RaftServerImpl (ServerState.java:<init>(101)) - bb0596c0-0cf2-49c6-8bd7-9affeddec5b0:group-784CB19F4E6C ConfigurationManager, init=-1: [bb0596c0-0cf2-49c6-8bd7-9affeddec5b0:192.168.134.73:37785], old=null, confs=<EMPTY_MAP>
2019-06-12 15:58:51,323 INFO  server.RaftServerConfigKeys (ConfUtils.java:logGet(43)) - raft.server.storage.dir = [/opt/src/hadoop-ozone/integration-test/target/test-dir/MiniOzoneClusterImpl-066bfae2-20e3-4851-83ab-8d328c0cd083/datanode-2/data/ratis] (custom)
2019-06-12 15:58:51,323 INFO  storage.RaftStorageDirectory (RaftStorageDirectory.java:analyzeStorage(246)) - The storage directory /opt/src/hadoop-ozone/integration-test/target/test-dir/MiniOzoneClusterImpl-066bfae2-20e3-4851-83ab-8d328c0cd083/datanode-2/data/ratis/aea4bce9-29af-4199-92a8-784cb19f4e6c does not exist. Creating ...
2019-06-12 15:58:51,325 INFO  storage.RaftStorageDirectory (RaftStorageDirectory.java:tryLock(328)) - Lock on /opt/src/hadoop-ozone/integration-test/target/test-dir/MiniOzoneClusterImpl-066bfae2-20e3-4851-83ab-8d328c0cd083/datanode-2/data/ratis/aea4bce9-29af-4199-92a8-784cb19f4e6c/in_use.lock acquired by nodename 20615@ozone-bzwcn-1332811729
2019-06-12 15:58:51,327 INFO  storage.RaftStorage (RaftStorage.java:format(75)) - Storage directory /opt/src/hadoop-ozone/integration-test/target/test-dir/MiniOzoneClusterImpl-066bfae2-20e3-4851-83ab-8d328c0cd083/datanode-2/data/ratis/aea4bce9-29af-4199-92a8-784cb19f4e6c has been successfully formatted.
2019-06-12 15:58:51,328 INFO  ratis.ContainerStateMachine (ContainerStateMachine.java:loadSnapshot(199)) - The snapshot info is null.Setting the last applied index to:(t:0, i:~)
2019-06-12 15:58:51,328 INFO  server.RaftServerConfigKeys (ConfUtils.java:logGet(43)) - raft.server.leader.election.timeout = 120s (custom)
2019-06-12 15:58:51,328 INFO  server.RaftServerConfigKeys (ConfUtils.java:logGet(43)) - raft.server.log.use.memory = false (default)
2019-06-12 15:58:51,328 INFO  server.RaftServerConfigKeys (ConfUtils.java:logGet(43)) - raft.server.log.appender.buffer.byte-limit = 33554432 (custom)
2019-06-12 15:58:51,328 INFO  server.RaftServerConfigKeys (ConfUtils.java:logGet(43)) - raft.server.log.segment.size.max = 16384 (custom)
2019-06-12 15:58:51,328 INFO  server.RaftServerConfigKeys (ConfUtils.java:logGet(43)) - raft.server.log.segment.cache.num.max = 2 (custom)
2019-06-12 15:58:51,328 INFO  storage.RaftLogWorker (RaftLogWorker.java:<init>(123)) - new bb0596c0-0cf2-49c6-8bd7-9affeddec5b0-RaftLogWorker for Storage Directory /opt/src/hadoop-ozone/integration-test/target/test-dir/MiniOzoneClusterImpl-066bfae2-20e3-4851-83ab-8d328c0cd083/datanode-2/data/ratis/aea4bce9-29af-4199-92a8-784cb19f4e6c
2019-06-12 15:58:51,328 INFO  server.RaftServerConfigKeys (ConfUtils.java:logGet(43)) - raft.server.log.queue.byte-limit = 2147483647 (custom)
2019-06-12 15:58:51,328 INFO  server.RaftServerConfigKeys (ConfUtils.java:logGet(43)) - raft.server.log.queue.element-limit = 1024 (custom)
2019-06-12 15:58:51,328 INFO  server.RaftServerConfigKeys (ConfUtils.java:logGet(43)) - raft.server.log.segment.size.max = 16384 (custom)
2019-06-12 15:58:51,328 INFO  server.RaftServerConfigKeys (ConfUtils.java:logGet(43)) - raft.server.log.preallocated.size = 16384 (custom)
2019-06-12 15:58:51,328 INFO  server.RaftServerConfigKeys (ConfUtils.java:logGet(43)) - raft.server.log.write.buffer.size = 33554432 (custom)
2019-06-12 15:58:51,328 INFO  server.RaftServerConfigKeys (ConfUtils.java:logGet(43)) - raft.server.log.force.sync.num = 128 (default)
2019-06-12 15:58:51,328 INFO  server.RaftServerConfigKeys (ConfUtils.java:logGet(43)) - raft.server.log.statemachine.data.sync = true (default)
2019-06-12 15:58:51,329 INFO  server.RaftServerConfigKeys (ConfUtils.java:logGet(43)) - raft.server.log.statemachine.data.sync.timeout = 10s (default)
2019-06-12 15:58:51,329 INFO  server.RaftServerConfigKeys (ConfUtils.java:logGet(43)) - raft.server.log.statemachine.data.sync.timeout.retry = -1 (default)
2019-06-12 15:58:51,329 INFO  server.RaftServerConfigKeys (ConfUtils.java:logGet(43)) - raft.server.log.statemachine.data.caching.enabled = true (custom)
2019-06-12 15:58:51,329 INFO  server.RaftServerConfigKeys (ConfUtils.java:logGet(43)) - raft.server.snapshot.auto.trigger.enabled = true (custom)
2019-06-12 15:58:51,329 INFO  server.RaftServerConfigKeys (ConfUtils.java:logGet(43)) - raft.server.snapshot.auto.trigger.threshold = 10000 (custom)
2019-06-12 15:58:51,329 INFO  server.RaftServerConfigKeys (ConfUtils.java:logGet(43)) - raft.server.retrycache.expirytime = 600000ms (custom)
2019-06-12 15:58:51,329 INFO  impl.RaftServerImpl (RaftServerImpl.java:start(173)) - bb0596c0-0cf2-49c6-8bd7-9affeddec5b0: start group-784CB19F4E6C
2019-06-12 15:58:51,329 INFO  impl.RaftServerImpl (RaftServerImpl.java:setRole(164)) - bb0596c0-0cf2-49c6-8bd7-9affeddec5b0:group-784CB19F4E6C changes role from null to FOLLOWER at term 0 for startAsFollower
2019-06-12 15:58:51,329 INFO  impl.RoleInfo (RoleInfo.java:updateAndGet(143)) - bb0596c0-0cf2-49c6-8bd7-9affeddec5b0: start FollowerState
2019-06-12 15:58:51,330 INFO  util.JmxRegister (JmxRegister.java:tryRegister(44)) - Successfully registered JMX Bean with object name Ratis:service=RaftServer,group=group-784CB19F4E6C,id=bb0596c0-0cf2-49c6-8bd7-9affeddec5b0
2019-06-12 15:58:51,331 INFO  pipeline.PipelineStateManager (PipelineStateManager.java:addPipeline(56)) - Created pipeline Pipeline[ Id: aea4bce9-29af-4199-92a8-784cb19f4e6c, Nodes: bb0596c0-0cf2-49c6-8bd7-9affeddec5b0{ip: 192.168.134.73, host: ozone-bzwcn-1332811729, networkLocation: /default-rack, certSerialId: null}, Type:RATIS, Factor:ONE, State:OPEN]
2019-06-12 15:58:51,340 INFO  impl.RaftServerProxy (RaftServerProxy.java:addNew(89)) - 8f8b4fc6-9314-413e-a560-f50320fc2365: addNew group-4012F0224B77:[8f8b4fc6-9314-413e-a560-f50320fc2365:192.168.134.73:46185, bb0596c0-0cf2-49c6-8bd7-9affeddec5b0:192.168.134.73:37785, 585d7d00-a7c1-4731-9183-786f9e8c1772:192.168.134.73:46281] returns group-4012F0224B77:java.util.concurrent.CompletableFuture@5ab79e86[Not completed]
2019-06-12 15:58:51,341 INFO  impl.RaftServerImpl (RaftServerImpl.java:<init>(91)) - 8f8b4fc6-9314-413e-a560-f50320fc2365: new RaftServerImpl for group-4012F0224B77:[8f8b4fc6-9314-413e-a560-f50320fc2365:192.168.134.73:46185, bb0596c0-0cf2-49c6-8bd7-9affeddec5b0:192.168.134.73:37785, 585d7d00-a7c1-4731-9183-786f9e8c1772:192.168.134.73:46281] with ContainerStateMachine:uninitialized
2019-06-12 15:58:51,341 INFO  server.RaftServerConfigKeys (ConfUtils.java:logGet(43)) - raft.server.rpc.timeout.min = 1s (custom)
2019-06-12 15:58:51,341 INFO  server.RaftServerConfigKeys (ConfUtils.java:logGet(43)) - raft.server.rpc.timeout.max = 1200ms (custom)
2019-06-12 15:58:51,341 INFO  server.RaftServerConfigKeys (ConfUtils.java:logGet(43)) - raft.server.rpcslowness.timeout = 120s (custom)
2019-06-12 15:58:51,341 INFO  server.RaftServerConfigKeys (ConfUtils.java:logGet(43)) - raft.server.log.appender.install.snapshot.enabled = true (default)
2019-06-12 15:58:51,341 INFO  impl.RaftServerImpl (ServerState.java:<init>(101)) - 8f8b4fc6-9314-413e-a560-f50320fc2365:group-4012F0224B77 ConfigurationManager, init=-1: [8f8b4fc6-9314-413e-a560-f50320fc2365:192.168.134.73:46185, bb0596c0-0cf2-49c6-8bd7-9affeddec5b0:192.168.134.73:37785, 585d7d00-a7c1-4731-9183-786f9e8c1772:192.168.134.73:46281], old=null, confs=<EMPTY_MAP>
2019-06-12 15:58:51,342 INFO  server.RaftServerConfigKeys (ConfUtils.java:logGet(43)) - raft.server.storage.dir = [/opt/src/hadoop-ozone/integration-test/target/test-dir/MiniOzoneClusterImpl-066bfae2-20e3-4851-83ab-8d328c0cd083/datanode-1/data/ratis] (custom)
2019-06-12 15:58:51,342 INFO  storage.RaftStorageDirectory (RaftStorageDirectory.java:analyzeStorage(246)) - The storage directory /opt/src/hadoop-ozone/integration-test/target/test-dir/MiniOzoneClusterImpl-066bfae2-20e3-4851-83ab-8d328c0cd083/datanode-1/data/ratis/9af24103-36f8-4d5f-ae7a-4012f0224b77 does not exist. Creating ...
2019-06-12 15:58:51,342 INFO  impl.RaftServerProxy (RaftServerProxy.java:addNew(89)) - 585d7d00-a7c1-4731-9183-786f9e8c1772: addNew group-4012F0224B77:[8f8b4fc6-9314-413e-a560-f50320fc2365:192.168.134.73:46185, bb0596c0-0cf2-49c6-8bd7-9affeddec5b0:192.168.134.73:37785, 585d7d00-a7c1-4731-9183-786f9e8c1772:192.168.134.73:46281] returns group-4012F0224B77:java.util.concurrent.CompletableFuture@6089347f[Not completed]
2019-06-12 15:58:51,342 INFO  impl.RaftServerImpl (RaftServerImpl.java:<init>(91)) - 585d7d00-a7c1-4731-9183-786f9e8c1772: new RaftServerImpl for group-4012F0224B77:[8f8b4fc6-9314-413e-a560-f50320fc2365:192.168.134.73:46185, bb0596c0-0cf2-49c6-8bd7-9affeddec5b0:192.168.134.73:37785, 585d7d00-a7c1-4731-9183-786f9e8c1772:192.168.134.73:46281] with ContainerStateMachine:uninitialized
2019-06-12 15:58:51,343 INFO  server.RaftServerConfigKeys (ConfUtils.java:logGet(43)) - raft.server.rpc.timeout.min = 1s (custom)
2019-06-12 15:58:51,343 INFO  server.RaftServerConfigKeys (ConfUtils.java:logGet(43)) - raft.server.rpc.timeout.max = 1200ms (custom)
2019-06-12 15:58:51,343 INFO  server.RaftServerConfigKeys (ConfUtils.java:logGet(43)) - raft.server.rpcslowness.timeout = 120s (custom)
2019-06-12 15:58:51,343 INFO  server.RaftServerConfigKeys (ConfUtils.java:logGet(43)) - raft.server.log.appender.install.snapshot.enabled = true (default)
2019-06-12 15:58:51,343 INFO  impl.RaftServerImpl (ServerState.java:<init>(101)) - 585d7d00-a7c1-4731-9183-786f9e8c1772:group-4012F0224B77 ConfigurationManager, init=-1: [8f8b4fc6-9314-413e-a560-f50320fc2365:192.168.134.73:46185, bb0596c0-0cf2-49c6-8bd7-9affeddec5b0:192.168.134.73:37785, 585d7d00-a7c1-4731-9183-786f9e8c1772:192.168.134.73:46281], old=null, confs=<EMPTY_MAP>
2019-06-12 15:58:51,343 INFO  server.RaftServerConfigKeys (ConfUtils.java:logGet(43)) - raft.server.storage.dir = [/opt/src/hadoop-ozone/integration-test/target/test-dir/MiniOzoneClusterImpl-066bfae2-20e3-4851-83ab-8d328c0cd083/datanode-0/data/ratis] (custom)
2019-06-12 15:58:51,343 INFO  storage.RaftStorageDirectory (RaftStorageDirectory.java:analyzeStorage(246)) - The storage directory /opt/src/hadoop-ozone/integration-test/target/test-dir/MiniOzoneClusterImpl-066bfae2-20e3-4851-83ab-8d328c0cd083/datanode-0/data/ratis/9af24103-36f8-4d5f-ae7a-4012f0224b77 does not exist. Creating ...
2019-06-12 15:58:51,344 INFO  storage.RaftStorageDirectory (RaftStorageDirectory.java:tryLock(328)) - Lock on /opt/src/hadoop-ozone/integration-test/target/test-dir/MiniOzoneClusterImpl-066bfae2-20e3-4851-83ab-8d328c0cd083/datanode-1/data/ratis/9af24103-36f8-4d5f-ae7a-4012f0224b77/in_use.lock acquired by nodename 20615@ozone-bzwcn-1332811729
2019-06-12 15:58:51,345 INFO  impl.RaftServerProxy (RaftServerProxy.java:addNew(89)) - bb0596c0-0cf2-49c6-8bd7-9affeddec5b0: addNew group-4012F0224B77:[8f8b4fc6-9314-413e-a560-f50320fc2365:192.168.134.73:46185, bb0596c0-0cf2-49c6-8bd7-9affeddec5b0:192.168.134.73:37785, 585d7d00-a7c1-4731-9183-786f9e8c1772:192.168.134.73:46281] returns group-4012F0224B77:java.util.concurrent.CompletableFuture@1ccb1b77[Not completed]
2019-06-12 15:58:51,345 INFO  impl.RaftServerImpl (RaftServerImpl.java:<init>(91)) - bb0596c0-0cf2-49c6-8bd7-9affeddec5b0: new RaftServerImpl for group-4012F0224B77:[8f8b4fc6-9314-413e-a560-f50320fc2365:192.168.134.73:46185, bb0596c0-0cf2-49c6-8bd7-9affeddec5b0:192.168.134.73:37785, 585d7d00-a7c1-4731-9183-786f9e8c1772:192.168.134.73:46281] with ContainerStateMachine:uninitialized
2019-06-12 15:58:51,345 INFO  server.RaftServerConfigKeys (ConfUtils.java:logGet(43)) - raft.server.rpc.timeout.min = 1s (custom)
2019-06-12 15:58:51,345 INFO  storage.RaftStorageDirectory (RaftStorageDirectory.java:tryLock(328)) - Lock on /opt/src/hadoop-ozone/integration-test/target/test-dir/MiniOzoneClusterImpl-066bfae2-20e3-4851-83ab-8d328c0cd083/datanode-0/data/ratis/9af24103-36f8-4d5f-ae7a-4012f0224b77/in_use.lock acquired by nodename 20615@ozone-bzwcn-1332811729
2019-06-12 15:58:51,345 INFO  server.RaftServerConfigKeys (ConfUtils.java:logGet(43)) - raft.server.rpc.timeout.max = 1200ms (custom)
2019-06-12 15:58:51,345 INFO  server.RaftServerConfigKeys (ConfUtils.java:logGet(43)) - raft.server.rpcslowness.timeout = 120s (custom)
2019-06-12 15:58:51,345 INFO  server.RaftServerConfigKeys (ConfUtils.java:logGet(43)) - raft.server.log.appender.install.snapshot.enabled = true (default)
2019-06-12 15:58:51,346 INFO  impl.RaftServerImpl (ServerState.java:<init>(101)) - bb0596c0-0cf2-49c6-8bd7-9affeddec5b0:group-4012F0224B77 ConfigurationManager, init=-1: [8f8b4fc6-9314-413e-a560-f50320fc2365:192.168.134.73:46185, bb0596c0-0cf2-49c6-8bd7-9affeddec5b0:192.168.134.73:37785, 585d7d00-a7c1-4731-9183-786f9e8c1772:192.168.134.73:46281], old=null, confs=<EMPTY_MAP>
2019-06-12 15:58:51,346 INFO  server.RaftServerConfigKeys (ConfUtils.java:logGet(43)) - raft.server.storage.dir = [/opt/src/hadoop-ozone/integration-test/target/test-dir/MiniOzoneClusterImpl-066bfae2-20e3-4851-83ab-8d328c0cd083/datanode-2/data/ratis] (custom)
2019-06-12 15:58:51,346 INFO  storage.RaftStorageDirectory (RaftStorageDirectory.java:analyzeStorage(246)) - The storage directory /opt/src/hadoop-ozone/integration-test/target/test-dir/MiniOzoneClusterImpl-066bfae2-20e3-4851-83ab-8d328c0cd083/datanode-2/data/ratis/9af24103-36f8-4d5f-ae7a-4012f0224b77 does not exist. Creating ...
2019-06-12 15:58:51,346 INFO  storage.RaftStorage (RaftStorage.java:format(75)) - Storage directory /opt/src/hadoop-ozone/integration-test/target/test-dir/MiniOzoneClusterImpl-066bfae2-20e3-4851-83ab-8d328c0cd083/datanode-1/data/ratis/9af24103-36f8-4d5f-ae7a-4012f0224b77 has been successfully formatted.
2019-06-12 15:58:51,348 INFO  ratis.ContainerStateMachine (ContainerStateMachine.java:loadSnapshot(199)) - The snapshot info is null.Setting the last applied index to:(t:0, i:~)
2019-06-12 15:58:51,348 INFO  server.RaftServerConfigKeys (ConfUtils.java:logGet(43)) - raft.server.leader.election.timeout = 120s (custom)
2019-06-12 15:58:51,348 INFO  server.RaftServerConfigKeys (ConfUtils.java:logGet(43)) - raft.server.log.use.memory = false (default)
2019-06-12 15:58:51,348 INFO  server.RaftServerConfigKeys (ConfUtils.java:logGet(43)) - raft.server.log.appender.buffer.byte-limit = 33554432 (custom)
2019-06-12 15:58:51,348 INFO  server.RaftServerConfigKeys (ConfUtils.java:logGet(43)) - raft.server.log.segment.size.max = 16384 (custom)
2019-06-12 15:58:51,348 INFO  server.RaftServerConfigKeys (ConfUtils.java:logGet(43)) - raft.server.log.segment.cache.num.max = 2 (custom)
2019-06-12 15:58:51,348 INFO  storage.RaftStorage (RaftStorage.java:format(75)) - Storage directory /opt/src/hadoop-ozone/integration-test/target/test-dir/MiniOzoneClusterImpl-066bfae2-20e3-4851-83ab-8d328c0cd083/datanode-0/data/ratis/9af24103-36f8-4d5f-ae7a-4012f0224b77 has been successfully formatted.
2019-06-12 15:58:51,348 INFO  storage.RaftStorageDirectory (RaftStorageDirectory.java:tryLock(328)) - Lock on /opt/src/hadoop-ozone/integration-test/target/test-dir/MiniOzoneClusterImpl-066bfae2-20e3-4851-83ab-8d328c0cd083/datanode-2/data/ratis/9af24103-36f8-4d5f-ae7a-4012f0224b77/in_use.lock acquired by nodename 20615@ozone-bzwcn-1332811729
2019-06-12 15:58:51,348 INFO  ratis.ContainerStateMachine (ContainerStateMachine.java:loadSnapshot(199)) - The snapshot info is null.Setting the last applied index to:(t:0, i:~)
2019-06-12 15:58:51,348 INFO  server.RaftServerConfigKeys (ConfUtils.java:logGet(43)) - raft.server.leader.election.timeout = 120s (custom)
2019-06-12 15:58:51,348 INFO  server.RaftServerConfigKeys (ConfUtils.java:logGet(43)) - raft.server.log.use.memory = false (default)
2019-06-12 15:58:51,348 INFO  server.RaftServerConfigKeys (ConfUtils.java:logGet(43)) - raft.server.log.appender.buffer.byte-limit = 33554432 (custom)
2019-06-12 15:58:51,349 INFO  server.RaftServerConfigKeys (ConfUtils.java:logGet(43)) - raft.server.log.segment.size.max = 16384 (custom)
2019-06-12 15:58:51,349 INFO  server.RaftServerConfigKeys (ConfUtils.java:logGet(43)) - raft.server.log.segment.cache.num.max = 2 (custom)
2019-06-12 15:58:51,349 INFO  storage.RaftLogWorker (RaftLogWorker.java:<init>(123)) - new 585d7d00-a7c1-4731-9183-786f9e8c1772-RaftLogWorker for Storage Directory /opt/src/hadoop-ozone/integration-test/target/test-dir/MiniOzoneClusterImpl-066bfae2-20e3-4851-83ab-8d328c0cd083/datanode-0/data/ratis/9af24103-36f8-4d5f-ae7a-4012f0224b77
2019-06-12 15:58:51,349 INFO  server.RaftServerConfigKeys (ConfUtils.java:logGet(43)) - raft.server.log.queue.byte-limit = 2147483647 (custom)
2019-06-12 15:58:51,349 INFO  server.RaftServerConfigKeys (ConfUtils.java:logGet(43)) - raft.server.log.queue.element-limit = 1024 (custom)
2019-06-12 15:58:51,349 INFO  server.RaftServerConfigKeys (ConfUtils.java:logGet(43)) - raft.server.log.segment.size.max = 16384 (custom)
2019-06-12 15:58:51,349 INFO  server.RaftServerConfigKeys (ConfUtils.java:logGet(43)) - raft.server.log.preallocated.size = 16384 (custom)
2019-06-12 15:58:51,349 INFO  server.RaftServerConfigKeys (ConfUtils.java:logGet(43)) - raft.server.log.write.buffer.size = 33554432 (custom)
2019-06-12 15:58:51,349 INFO  server.RaftServerConfigKeys (ConfUtils.java:logGet(43)) - raft.server.log.force.sync.num = 128 (default)
2019-06-12 15:58:51,349 INFO  server.RaftServerConfigKeys (ConfUtils.java:logGet(43)) - raft.server.log.statemachine.data.sync = true (default)
2019-06-12 15:58:51,349 INFO  server.RaftServerConfigKeys (ConfUtils.java:logGet(43)) - raft.server.log.statemachine.data.sync.timeout = 10s (default)
2019-06-12 15:58:51,349 INFO  server.RaftServerConfigKeys (ConfUtils.java:logGet(43)) - raft.server.log.statemachine.data.sync.timeout.retry = -1 (default)
2019-06-12 15:58:51,349 INFO  server.RaftServerConfigKeys (ConfUtils.java:logGet(43)) - raft.server.log.statemachine.data.caching.enabled = true (custom)
2019-06-12 15:58:51,348 INFO  storage.RaftLogWorker (RaftLogWorker.java:<init>(123)) - new 8f8b4fc6-9314-413e-a560-f50320fc2365-RaftLogWorker for Storage Directory /opt/src/hadoop-ozone/integration-test/target/test-dir/MiniOzoneClusterImpl-066bfae2-20e3-4851-83ab-8d328c0cd083/datanode-1/data/ratis/9af24103-36f8-4d5f-ae7a-4012f0224b77
2019-06-12 15:58:51,350 INFO  server.RaftServerConfigKeys (ConfUtils.java:logGet(43)) - raft.server.log.queue.byte-limit = 2147483647 (custom)
2019-06-12 15:58:51,350 INFO  server.RaftServerConfigKeys (ConfUtils.java:logGet(43)) - raft.server.log.queue.element-limit = 1024 (custom)
2019-06-12 15:58:51,350 INFO  server.RaftServerConfigKeys (ConfUtils.java:logGet(43)) - raft.server.log.segment.size.max = 16384 (custom)
2019-06-12 15:58:51,350 INFO  server.RaftServerConfigKeys (ConfUtils.java:logGet(43)) - raft.server.log.preallocated.size = 16384 (custom)
2019-06-12 15:58:51,350 INFO  server.RaftServerConfigKeys (ConfUtils.java:logGet(43)) - raft.server.log.write.buffer.size = 33554432 (custom)
2019-06-12 15:58:51,350 INFO  server.RaftServerConfigKeys (ConfUtils.java:logGet(43)) - raft.server.log.force.sync.num = 128 (default)
2019-06-12 15:58:51,350 INFO  server.RaftServerConfigKeys (ConfUtils.java:logGet(43)) - raft.server.log.statemachine.data.sync = true (default)
2019-06-12 15:58:51,350 INFO  server.RaftServerConfigKeys (ConfUtils.java:logGet(43)) - raft.server.snapshot.auto.trigger.enabled = true (custom)
2019-06-12 15:58:51,350 INFO  server.RaftServerConfigKeys (ConfUtils.java:logGet(43)) - raft.server.log.statemachine.data.sync.timeout = 10s (default)
2019-06-12 15:58:51,350 INFO  server.RaftServerConfigKeys (ConfUtils.java:logGet(43)) - raft.server.snapshot.auto.trigger.threshold = 10000 (custom)
2019-06-12 15:58:51,350 INFO  server.RaftServerConfigKeys (ConfUtils.java:logGet(43)) - raft.server.log.statemachine.data.sync.timeout.retry = -1 (default)
2019-06-12 15:58:51,350 INFO  storage.RaftStorage (RaftStorage.java:format(75)) - Storage directory /opt/src/hadoop-ozone/integration-test/target/test-dir/MiniOzoneClusterImpl-066bfae2-20e3-4851-83ab-8d328c0cd083/datanode-2/data/ratis/9af24103-36f8-4d5f-ae7a-4012f0224b77 has been successfully formatted.
2019-06-12 15:58:51,350 INFO  server.RaftServerConfigKeys (ConfUtils.java:logGet(43)) - raft.server.retrycache.expirytime = 600000ms (custom)
2019-06-12 15:58:51,351 INFO  ratis.ContainerStateMachine (ContainerStateMachine.java:loadSnapshot(199)) - The snapshot info is null.Setting the last applied index to:(t:0, i:~)
2019-06-12 15:58:51,350 INFO  server.RaftServerConfigKeys (ConfUtils.java:logGet(43)) - raft.server.log.statemachine.data.caching.enabled = true (custom)
2019-06-12 15:58:51,351 INFO  server.RaftServerConfigKeys (ConfUtils.java:logGet(43)) - raft.server.leader.election.timeout = 120s (custom)
2019-06-12 15:58:51,351 INFO  impl.RaftServerImpl (RaftServerImpl.java:start(173)) - 585d7d00-a7c1-4731-9183-786f9e8c1772: start group-4012F0224B77
2019-06-12 15:58:51,351 INFO  server.RaftServerConfigKeys (ConfUtils.java:logGet(43)) - raft.server.log.use.memory = false (default)
2019-06-12 15:58:51,351 INFO  server.RaftServerConfigKeys (ConfUtils.java:logGet(43)) - raft.server.snapshot.auto.trigger.enabled = true (custom)
2019-06-12 15:58:51,351 INFO  server.RaftServerConfigKeys (ConfUtils.java:logGet(43)) - raft.server.log.appender.buffer.byte-limit = 33554432 (custom)
2019-06-12 15:58:51,351 INFO  server.RaftServerConfigKeys (ConfUtils.java:logGet(43)) - raft.server.snapshot.auto.trigger.threshold = 10000 (custom)
2019-06-12 15:58:51,351 INFO  impl.RaftServerImpl (RaftServerImpl.java:setRole(164)) - 585d7d00-a7c1-4731-9183-786f9e8c1772:group-4012F0224B77 changes role from null to FOLLOWER at term 0 for startAsFollower
2019-06-12 15:58:51,351 INFO  server.RaftServerConfigKeys (ConfUtils.java:logGet(43)) - raft.server.retrycache.expirytime = 600000ms (custom)
2019-06-12 15:58:51,351 INFO  server.RaftServerConfigKeys (ConfUtils.java:logGet(43)) - raft.server.log.segment.size.max = 16384 (custom)
2019-06-12 15:58:51,352 INFO  impl.RaftServerImpl (RaftServerImpl.java:start(173)) - 8f8b4fc6-9314-413e-a560-f50320fc2365: start group-4012F0224B77
2019-06-12 15:58:51,351 INFO  impl.RoleInfo (RoleInfo.java:updateAndGet(143)) - 585d7d00-a7c1-4731-9183-786f9e8c1772: start FollowerState
2019-06-12 15:58:51,352 INFO  impl.RaftServerImpl (RaftServerImpl.java:setRole(164)) - 8f8b4fc6-9314-413e-a560-f50320fc2365:group-4012F0224B77 changes role from null to FOLLOWER at term 0 for startAsFollower
2019-06-12 15:58:51,352 INFO  server.RaftServerConfigKeys (ConfUtils.java:logGet(43)) - raft.server.log.segment.cache.num.max = 2 (custom)
2019-06-12 15:58:51,352 INFO  impl.RoleInfo (RoleInfo.java:updateAndGet(143)) - 8f8b4fc6-9314-413e-a560-f50320fc2365: start FollowerState
2019-06-12 15:58:51,352 INFO  util.JmxRegister (JmxRegister.java:tryRegister(44)) - Successfully registered JMX Bean with object name Ratis:service=RaftServer,group=group-4012F0224B77,id=585d7d00-a7c1-4731-9183-786f9e8c1772
2019-06-12 15:58:51,352 INFO  storage.RaftLogWorker (RaftLogWorker.java:<init>(123)) - new bb0596c0-0cf2-49c6-8bd7-9affeddec5b0-RaftLogWorker for Storage Directory /opt/src/hadoop-ozone/integration-test/target/test-dir/MiniOzoneClusterImpl-066bfae2-20e3-4851-83ab-8d328c0cd083/datanode-2/data/ratis/9af24103-36f8-4d5f-ae7a-4012f0224b77
2019-06-12 15:58:51,352 INFO  util.JmxRegister (JmxRegister.java:tryRegister(44)) - Successfully registered JMX Bean with object name Ratis:service=RaftServer,group=group-4012F0224B77,id=8f8b4fc6-9314-413e-a560-f50320fc2365
2019-06-12 15:58:51,352 INFO  server.RaftServerConfigKeys (ConfUtils.java:logGet(43)) - raft.server.log.queue.byte-limit = 2147483647 (custom)
2019-06-12 15:58:51,352 INFO  server.RaftServerConfigKeys (ConfUtils.java:logGet(43)) - raft.server.log.queue.element-limit = 1024 (custom)
2019-06-12 15:58:51,353 INFO  server.RaftServerConfigKeys (ConfUtils.java:logGet(43)) - raft.server.log.segment.size.max = 16384 (custom)
2019-06-12 15:58:51,353 INFO  server.RaftServerConfigKeys (ConfUtils.java:logGet(43)) - raft.server.log.preallocated.size = 16384 (custom)
2019-06-12 15:58:51,353 INFO  server.RaftServerConfigKeys (ConfUtils.java:logGet(43)) - raft.server.log.write.buffer.size = 33554432 (custom)
2019-06-12 15:58:51,353 INFO  server.RaftServerConfigKeys (ConfUtils.java:logGet(43)) - raft.server.log.force.sync.num = 128 (default)
2019-06-12 15:58:51,353 INFO  server.RaftServerConfigKeys (ConfUtils.java:logGet(43)) - raft.server.log.statemachine.data.sync = true (default)
2019-06-12 15:58:51,353 INFO  server.RaftServerConfigKeys (ConfUtils.java:logGet(43)) - raft.server.log.statemachine.data.sync.timeout = 10s (default)
2019-06-12 15:58:51,353 INFO  server.RaftServerConfigKeys (ConfUtils.java:logGet(43)) - raft.server.log.statemachine.data.sync.timeout.retry = -1 (default)
2019-06-12 15:58:51,353 INFO  server.RaftServerConfigKeys (ConfUtils.java:logGet(43)) - raft.server.log.statemachine.data.caching.enabled = true (custom)
2019-06-12 15:58:51,354 INFO  server.RaftServerConfigKeys (ConfUtils.java:logGet(43)) - raft.server.snapshot.auto.trigger.enabled = true (custom)
2019-06-12 15:58:51,354 INFO  server.RaftServerConfigKeys (ConfUtils.java:logGet(43)) - raft.server.snapshot.auto.trigger.threshold = 10000 (custom)
2019-06-12 15:58:51,354 INFO  server.RaftServerConfigKeys (ConfUtils.java:logGet(43)) - raft.server.retrycache.expirytime = 600000ms (custom)
2019-06-12 15:58:51,354 INFO  impl.RaftServerImpl (RaftServerImpl.java:start(173)) - bb0596c0-0cf2-49c6-8bd7-9affeddec5b0: start group-4012F0224B77
2019-06-12 15:58:51,354 INFO  impl.RaftServerImpl (RaftServerImpl.java:setRole(164)) - bb0596c0-0cf2-49c6-8bd7-9affeddec5b0:group-4012F0224B77 changes role from null to FOLLOWER at term 0 for startAsFollower
2019-06-12 15:58:51,354 INFO  impl.RoleInfo (RoleInfo.java:updateAndGet(143)) - bb0596c0-0cf2-49c6-8bd7-9affeddec5b0: start FollowerState
2019-06-12 15:58:51,354 INFO  util.JmxRegister (JmxRegister.java:tryRegister(44)) - Successfully registered JMX Bean with object name Ratis:service=RaftServer,group=group-4012F0224B77,id=bb0596c0-0cf2-49c6-8bd7-9affeddec5b0
2019-06-12 15:58:51,359 INFO  pipeline.PipelineStateManager (PipelineStateManager.java:addPipeline(56)) - Created pipeline Pipeline[ Id: 9af24103-36f8-4d5f-ae7a-4012f0224b77, Nodes: bb0596c0-0cf2-49c6-8bd7-9affeddec5b0{ip: 192.168.134.73, host: ozone-bzwcn-1332811729, networkLocation: /default-rack, certSerialId: null}8f8b4fc6-9314-413e-a560-f50320fc2365{ip: 192.168.134.73, host: ozone-bzwcn-1332811729, networkLocation: /default-rack, certSerialId: null}585d7d00-a7c1-4731-9183-786f9e8c1772{ip: 192.168.134.73, host: ozone-bzwcn-1332811729, networkLocation: /default-rack, certSerialId: null}, Type:RATIS, Factor:THREE, State:OPEN]
2019-06-12 15:58:51,516 INFO  node.SCMNodeManager (SCMNodeManager.java:register(234)) - Registered Data node : 47931a02-d3ef-42c7-b53f-9561c0a5ccb2{ip: 192.168.134.73, host: ozone-bzwcn-1332811729, networkLocation: /default-rack, certSerialId: null}
2019-06-12 15:58:51,522 INFO  impl.RaftServerProxy (RaftServerProxy.java:addNew(89)) - 47931a02-d3ef-42c7-b53f-9561c0a5ccb2: addNew group-C218A315E435:[47931a02-d3ef-42c7-b53f-9561c0a5ccb2:192.168.134.73:33359] returns group-C218A315E435:java.util.concurrent.CompletableFuture@1c2163df[Not completed]
2019-06-12 15:58:51,524 INFO  impl.RaftServerImpl (RaftServerImpl.java:<init>(91)) - 47931a02-d3ef-42c7-b53f-9561c0a5ccb2: new RaftServerImpl for group-C218A315E435:[47931a02-d3ef-42c7-b53f-9561c0a5ccb2:192.168.134.73:33359] with ContainerStateMachine:uninitialized
2019-06-12 15:58:51,524 INFO  server.RaftServerConfigKeys (ConfUtils.java:logGet(43)) - raft.server.rpc.timeout.min = 1s (custom)
2019-06-12 15:58:51,524 INFO  server.RaftServerConfigKeys (ConfUtils.java:logGet(43)) - raft.server.rpc.timeout.max = 1200ms (custom)
2019-06-12 15:58:51,524 INFO  server.RaftServerConfigKeys (ConfUtils.java:logGet(43)) - raft.server.rpcslowness.timeout = 120s (custom)
2019-06-12 15:58:51,524 INFO  server.RaftServerConfigKeys (ConfUtils.java:logGet(43)) - raft.server.log.appender.install.snapshot.enabled = true (default)
2019-06-12 15:58:51,524 INFO  impl.RaftServerImpl (ServerState.java:<init>(101)) - 47931a02-d3ef-42c7-b53f-9561c0a5ccb2:group-C218A315E435 ConfigurationManager, init=-1: [47931a02-d3ef-42c7-b53f-9561c0a5ccb2:192.168.134.73:33359], old=null, confs=<EMPTY_MAP>
2019-06-12 15:58:51,524 INFO  server.RaftServerConfigKeys (ConfUtils.java:logGet(43)) - raft.server.storage.dir = [/opt/src/hadoop-ozone/integration-test/target/test-dir/MiniOzoneClusterImpl-066bfae2-20e3-4851-83ab-8d328c0cd083/datanode-3/data/ratis] (custom)
2019-06-12 15:58:51,524 INFO  storage.RaftStorageDirectory (RaftStorageDirectory.java:analyzeStorage(246)) - The storage directory /opt/src/hadoop-ozone/integration-test/target/test-dir/MiniOzoneClusterImpl-066bfae2-20e3-4851-83ab-8d328c0cd083/datanode-3/data/ratis/96d5cae6-9249-462a-ae14-c218a315e435 does not exist. Creating ...
2019-06-12 15:58:51,526 INFO  storage.RaftStorageDirectory (RaftStorageDirectory.java:tryLock(328)) - Lock on /opt/src/hadoop-ozone/integration-test/target/test-dir/MiniOzoneClusterImpl-066bfae2-20e3-4851-83ab-8d328c0cd083/datanode-3/data/ratis/96d5cae6-9249-462a-ae14-c218a315e435/in_use.lock acquired by nodename 20615@ozone-bzwcn-1332811729
2019-06-12 15:58:51,529 INFO  storage.RaftStorage (RaftStorage.java:format(75)) - Storage directory /opt/src/hadoop-ozone/integration-test/target/test-dir/MiniOzoneClusterImpl-066bfae2-20e3-4851-83ab-8d328c0cd083/datanode-3/data/ratis/96d5cae6-9249-462a-ae14-c218a315e435 has been successfully formatted.
2019-06-12 15:58:51,529 INFO  ratis.ContainerStateMachine (ContainerStateMachine.java:loadSnapshot(199)) - The snapshot info is null.Setting the last applied index to:(t:0, i:~)
2019-06-12 15:58:51,529 INFO  server.RaftServerConfigKeys (ConfUtils.java:logGet(43)) - raft.server.leader.election.timeout = 120s (custom)
2019-06-12 15:58:51,529 INFO  server.RaftServerConfigKeys (ConfUtils.java:logGet(43)) - raft.server.log.use.memory = false (default)
2019-06-12 15:58:51,529 INFO  server.RaftServerConfigKeys (ConfUtils.java:logGet(43)) - raft.server.log.appender.buffer.byte-limit = 33554432 (custom)
2019-06-12 15:58:51,529 INFO  server.RaftServerConfigKeys (ConfUtils.java:logGet(43)) - raft.server.log.segment.size.max = 16384 (custom)
2019-06-12 15:58:51,529 INFO  server.RaftServerConfigKeys (ConfUtils.java:logGet(43)) - raft.server.log.segment.cache.num.max = 2 (custom)
2019-06-12 15:58:51,529 INFO  storage.RaftLogWorker (RaftLogWorker.java:<init>(123)) - new 47931a02-d3ef-42c7-b53f-9561c0a5ccb2-RaftLogWorker for Storage Directory /opt/src/hadoop-ozone/integration-test/target/test-dir/MiniOzoneClusterImpl-066bfae2-20e3-4851-83ab-8d328c0cd083/datanode-3/data/ratis/96d5cae6-9249-462a-ae14-c218a315e435
2019-06-12 15:58:51,529 INFO  server.RaftServerConfigKeys (ConfUtils.java:logGet(43)) - raft.server.log.queue.byte-limit = 2147483647 (custom)
2019-06-12 15:58:51,529 INFO  server.RaftServerConfigKeys (ConfUtils.java:logGet(43)) - raft.server.log.queue.element-limit = 1024 (custom)
2019-06-12 15:58:51,530 INFO  server.RaftServerConfigKeys (ConfUtils.java:logGet(43)) - raft.server.log.segment.size.max = 16384 (custom)
2019-06-12 15:58:51,530 INFO  server.RaftServerConfigKeys (ConfUtils.java:logGet(43)) - raft.server.log.preallocated.size = 16384 (custom)
2019-06-12 15:58:51,530 INFO  server.RaftServerConfigKeys (ConfUtils.java:logGet(43)) - raft.server.log.write.buffer.size = 33554432 (custom)
2019-06-12 15:58:51,530 INFO  server.RaftServerConfigKeys (ConfUtils.java:logGet(43)) - raft.server.log.force.sync.num = 128 (default)
2019-06-12 15:58:51,530 INFO  server.RaftServerConfigKeys (ConfUtils.java:logGet(43)) - raft.server.log.statemachine.data.sync = true (default)
2019-06-12 15:58:51,530 INFO  server.RaftServerConfigKeys (ConfUtils.java:logGet(43)) - raft.server.log.statemachine.data.sync.timeout = 10s (default)
2019-06-12 15:58:51,530 INFO  server.RaftServerConfigKeys (ConfUtils.java:logGet(43)) - raft.server.log.statemachine.data.sync.timeout.retry = -1 (default)
2019-06-12 15:58:51,530 INFO  server.RaftServerConfigKeys (ConfUtils.java:logGet(43)) - raft.server.log.statemachine.data.caching.enabled = true (custom)
2019-06-12 15:58:51,530 INFO  server.RaftServerConfigKeys (ConfUtils.java:logGet(43)) - raft.server.snapshot.auto.trigger.enabled = true (custom)
2019-06-12 15:58:51,530 INFO  server.RaftServerConfigKeys (ConfUtils.java:logGet(43)) - raft.server.snapshot.auto.trigger.threshold = 10000 (custom)
2019-06-12 15:58:51,531 INFO  server.RaftServerConfigKeys (ConfUtils.java:logGet(43)) - raft.server.retrycache.expirytime = 600000ms (custom)
2019-06-12 15:58:51,531 INFO  impl.RaftServerImpl (RaftServerImpl.java:start(173)) - 47931a02-d3ef-42c7-b53f-9561c0a5ccb2: start group-C218A315E435
2019-06-12 15:58:51,531 INFO  impl.RaftServerImpl (RaftServerImpl.java:setRole(164)) - 47931a02-d3ef-42c7-b53f-9561c0a5ccb2:group-C218A315E435 changes role from null to FOLLOWER at term 0 for startAsFollower
2019-06-12 15:58:51,531 INFO  impl.RoleInfo (RoleInfo.java:updateAndGet(143)) - 47931a02-d3ef-42c7-b53f-9561c0a5ccb2: start FollowerState
2019-06-12 15:58:51,531 INFO  util.JmxRegister (JmxRegister.java:tryRegister(44)) - Successfully registered JMX Bean with object name Ratis:service=RaftServer,group=group-C218A315E435,id=47931a02-d3ef-42c7-b53f-9561c0a5ccb2
2019-06-12 15:58:51,532 INFO  pipeline.PipelineStateManager (PipelineStateManager.java:addPipeline(56)) - Created pipeline Pipeline[ Id: 96d5cae6-9249-462a-ae14-c218a315e435, Nodes: 47931a02-d3ef-42c7-b53f-9561c0a5ccb2{ip: 192.168.134.73, host: ozone-bzwcn-1332811729, networkLocation: /default-rack, certSerialId: null}, Type:RATIS, Factor:ONE, State:OPEN]
2019-06-12 15:58:51,661 INFO  node.SCMNodeManager (SCMNodeManager.java:register(234)) - Registered Data node : 897ab5aa-b4e5-461f-8af0-e2657af8a0c2{ip: 192.168.134.73, host: ozone-bzwcn-1332811729, networkLocation: /default-rack, certSerialId: null}
2019-06-12 15:58:51,666 INFO  impl.RaftServerProxy (RaftServerProxy.java:addNew(89)) - 897ab5aa-b4e5-461f-8af0-e2657af8a0c2: addNew group-C73DDE801C5D:[897ab5aa-b4e5-461f-8af0-e2657af8a0c2:192.168.134.73:41849] returns group-C73DDE801C5D:java.util.concurrent.CompletableFuture@25b505a2[Not completed]
2019-06-12 15:58:51,667 INFO  impl.RaftServerImpl (RaftServerImpl.java:<init>(91)) - 897ab5aa-b4e5-461f-8af0-e2657af8a0c2: new RaftServerImpl for group-C73DDE801C5D:[897ab5aa-b4e5-461f-8af0-e2657af8a0c2:192.168.134.73:41849] with ContainerStateMachine:uninitialized
2019-06-12 15:58:51,667 INFO  server.RaftServerConfigKeys (ConfUtils.java:logGet(43)) - raft.server.rpc.timeout.min = 1s (custom)
2019-06-12 15:58:51,667 INFO  server.RaftServerConfigKeys (ConfUtils.java:logGet(43)) - raft.server.rpc.timeout.max = 1200ms (custom)
2019-06-12 15:58:51,667 INFO  server.RaftServerConfigKeys (ConfUtils.java:logGet(43)) - raft.server.rpcslowness.timeout = 120s (custom)
2019-06-12 15:58:51,667 INFO  server.RaftServerConfigKeys (ConfUtils.java:logGet(43)) - raft.server.log.appender.install.snapshot.enabled = true (default)
2019-06-12 15:58:51,667 INFO  impl.RaftServerImpl (ServerState.java:<init>(101)) - 897ab5aa-b4e5-461f-8af0-e2657af8a0c2:group-C73DDE801C5D ConfigurationManager, init=-1: [897ab5aa-b4e5-461f-8af0-e2657af8a0c2:192.168.134.73:41849], old=null, confs=<EMPTY_MAP>
2019-06-12 15:58:51,667 INFO  server.RaftServerConfigKeys (ConfUtils.java:logGet(43)) - raft.server.storage.dir = [/opt/src/hadoop-ozone/integration-test/target/test-dir/MiniOzoneClusterImpl-066bfae2-20e3-4851-83ab-8d328c0cd083/datanode-4/data/ratis] (custom)
2019-06-12 15:58:51,668 INFO  storage.RaftStorageDirectory (RaftStorageDirectory.java:analyzeStorage(246)) - The storage directory /opt/src/hadoop-ozone/integration-test/target/test-dir/MiniOzoneClusterImpl-066bfae2-20e3-4851-83ab-8d328c0cd083/datanode-4/data/ratis/7fb45cd1-bf5c-462b-907d-c73dde801c5d does not exist. Creating ...
2019-06-12 15:58:51,670 INFO  storage.RaftStorageDirectory (RaftStorageDirectory.java:tryLock(328)) - Lock on /opt/src/hadoop-ozone/integration-test/target/test-dir/MiniOzoneClusterImpl-066bfae2-20e3-4851-83ab-8d328c0cd083/datanode-4/data/ratis/7fb45cd1-bf5c-462b-907d-c73dde801c5d/in_use.lock acquired by nodename 20615@ozone-bzwcn-1332811729
2019-06-12 15:58:51,672 INFO  storage.RaftStorage (RaftStorage.java:format(75)) - Storage directory /opt/src/hadoop-ozone/integration-test/target/test-dir/MiniOzoneClusterImpl-066bfae2-20e3-4851-83ab-8d328c0cd083/datanode-4/data/ratis/7fb45cd1-bf5c-462b-907d-c73dde801c5d has been successfully formatted.
2019-06-12 15:58:51,672 INFO  ratis.ContainerStateMachine (ContainerStateMachine.java:loadSnapshot(199)) - The snapshot info is null.Setting the last applied index to:(t:0, i:~)
2019-06-12 15:58:51,672 INFO  server.RaftServerConfigKeys (ConfUtils.java:logGet(43)) - raft.server.leader.election.timeout = 120s (custom)
2019-06-12 15:58:51,672 INFO  server.RaftServerConfigKeys (ConfUtils.java:logGet(43)) - raft.server.log.use.memory = false (default)
2019-06-12 15:58:51,672 INFO  server.RaftServerConfigKeys (ConfUtils.java:logGet(43)) - raft.server.log.appender.buffer.byte-limit = 33554432 (custom)
2019-06-12 15:58:51,672 INFO  server.RaftServerConfigKeys (ConfUtils.java:logGet(43)) - raft.server.log.segment.size.max = 16384 (custom)
2019-06-12 15:58:51,672 INFO  server.RaftServerConfigKeys (ConfUtils.java:logGet(43)) - raft.server.log.segment.cache.num.max = 2 (custom)
2019-06-12 15:58:51,672 INFO  storage.RaftLogWorker (RaftLogWorker.java:<init>(123)) - new 897ab5aa-b4e5-461f-8af0-e2657af8a0c2-RaftLogWorker for Storage Directory /opt/src/hadoop-ozone/integration-test/target/test-dir/MiniOzoneClusterImpl-066bfae2-20e3-4851-83ab-8d328c0cd083/datanode-4/data/ratis/7fb45cd1-bf5c-462b-907d-c73dde801c5d
2019-06-12 15:58:51,672 INFO  server.RaftServerConfigKeys (ConfUtils.java:logGet(43)) - raft.server.log.queue.byte-limit = 2147483647 (custom)
2019-06-12 15:58:51,672 INFO  server.RaftServerConfigKeys (ConfUtils.java:logGet(43)) - raft.server.log.queue.element-limit = 1024 (custom)
2019-06-12 15:58:51,673 INFO  server.RaftServerConfigKeys (ConfUtils.java:logGet(43)) - raft.server.log.segment.size.max = 16384 (custom)
2019-06-12 15:58:51,673 INFO  server.RaftServerConfigKeys (ConfUtils.java:logGet(43)) - raft.server.log.preallocated.size = 16384 (custom)
2019-06-12 15:58:51,673 INFO  server.RaftServerConfigKeys (ConfUtils.java:logGet(43)) - raft.server.log.write.buffer.size = 33554432 (custom)
2019-06-12 15:58:51,673 INFO  server.RaftServerConfigKeys (ConfUtils.java:logGet(43)) - raft.server.log.force.sync.num = 128 (default)
2019-06-12 15:58:51,673 INFO  server.RaftServerConfigKeys (ConfUtils.java:logGet(43)) - raft.server.log.statemachine.data.sync = true (default)
2019-06-12 15:58:51,673 INFO  server.RaftServerConfigKeys (ConfUtils.java:logGet(43)) - raft.server.log.statemachine.data.sync.timeout = 10s (default)
2019-06-12 15:58:51,673 INFO  server.RaftServerConfigKeys (ConfUtils.java:logGet(43)) - raft.server.log.statemachine.data.sync.timeout.retry = -1 (default)
2019-06-12 15:58:51,673 INFO  server.RaftServerConfigKeys (ConfUtils.java:logGet(43)) - raft.server.log.statemachine.data.caching.enabled = true (custom)
2019-06-12 15:58:51,673 INFO  server.RaftServerConfigKeys (ConfUtils.java:logGet(43)) - raft.server.snapshot.auto.trigger.enabled = true (custom)
2019-06-12 15:58:51,673 INFO  server.RaftServerConfigKeys (ConfUtils.java:logGet(43)) - raft.server.snapshot.auto.trigger.threshold = 10000 (custom)
2019-06-12 15:58:51,674 INFO  server.RaftServerConfigKeys (ConfUtils.java:logGet(43)) - raft.server.retrycache.expirytime = 600000ms (custom)
2019-06-12 15:58:51,674 INFO  impl.RaftServerImpl (RaftServerImpl.java:start(173)) - 897ab5aa-b4e5-461f-8af0-e2657af8a0c2: start group-C73DDE801C5D
2019-06-12 15:58:51,674 INFO  impl.RaftServerImpl (RaftServerImpl.java:setRole(164)) - 897ab5aa-b4e5-461f-8af0-e2657af8a0c2:group-C73DDE801C5D changes role from null to FOLLOWER at term 0 for startAsFollower
2019-06-12 15:58:51,674 INFO  impl.RoleInfo (RoleInfo.java:updateAndGet(143)) - 897ab5aa-b4e5-461f-8af0-e2657af8a0c2: start FollowerState
2019-06-12 15:58:51,674 INFO  util.JmxRegister (JmxRegister.java:tryRegister(44)) - Successfully registered JMX Bean with object name Ratis:service=RaftServer,group=group-C73DDE801C5D,id=897ab5aa-b4e5-461f-8af0-e2657af8a0c2
2019-06-12 15:58:51,675 INFO  pipeline.PipelineStateManager (PipelineStateManager.java:addPipeline(56)) - Created pipeline Pipeline[ Id: 7fb45cd1-bf5c-462b-907d-c73dde801c5d, Nodes: 897ab5aa-b4e5-461f-8af0-e2657af8a0c2{ip: 192.168.134.73, host: ozone-bzwcn-1332811729, networkLocation: /default-rack, certSerialId: null}, Type:RATIS, Factor:ONE, State:OPEN]
2019-06-12 15:58:51,822 INFO  node.SCMNodeManager (SCMNodeManager.java:register(234)) - Registered Data node : 0324816e-1b48-4762-8ae5-3e00b7b5cec7{ip: 192.168.134.73, host: ozone-bzwcn-1332811729, networkLocation: /default-rack, certSerialId: null}
2019-06-12 15:58:51,828 INFO  impl.RaftServerProxy (RaftServerProxy.java:addNew(89)) - 0324816e-1b48-4762-8ae5-3e00b7b5cec7: addNew group-6B72D5FE8618:[0324816e-1b48-4762-8ae5-3e00b7b5cec7:192.168.134.73:39845] returns group-6B72D5FE8618:java.util.concurrent.CompletableFuture@3d330fad[Not completed]
2019-06-12 15:58:51,828 INFO  impl.RaftServerImpl (RaftServerImpl.java:<init>(91)) - 0324816e-1b48-4762-8ae5-3e00b7b5cec7: new RaftServerImpl for group-6B72D5FE8618:[0324816e-1b48-4762-8ae5-3e00b7b5cec7:192.168.134.73:39845] with ContainerStateMachine:uninitialized
2019-06-12 15:58:51,828 INFO  server.RaftServerConfigKeys (ConfUtils.java:logGet(43)) - raft.server.rpc.timeout.min = 1s (custom)
2019-06-12 15:58:51,828 INFO  server.RaftServerConfigKeys (ConfUtils.java:logGet(43)) - raft.server.rpc.timeout.max = 1200ms (custom)
2019-06-12 15:58:51,828 INFO  server.RaftServerConfigKeys (ConfUtils.java:logGet(43)) - raft.server.rpcslowness.timeout = 120s (custom)
2019-06-12 15:58:51,829 INFO  server.RaftServerConfigKeys (ConfUtils.java:logGet(43)) - raft.server.log.appender.install.snapshot.enabled = true (default)
2019-06-12 15:58:51,829 INFO  impl.RaftServerImpl (ServerState.java:<init>(101)) - 0324816e-1b48-4762-8ae5-3e00b7b5cec7:group-6B72D5FE8618 ConfigurationManager, init=-1: [0324816e-1b48-4762-8ae5-3e00b7b5cec7:192.168.134.73:39845], old=null, confs=<EMPTY_MAP>
2019-06-12 15:58:51,829 INFO  server.RaftServerConfigKeys (ConfUtils.java:logGet(43)) - raft.server.storage.dir = [/opt/src/hadoop-ozone/integration-test/target/test-dir/MiniOzoneClusterImpl-066bfae2-20e3-4851-83ab-8d328c0cd083/datanode-5/data/ratis] (custom)
2019-06-12 15:58:51,829 INFO  storage.RaftStorageDirectory (RaftStorageDirectory.java:analyzeStorage(246)) - The storage directory /opt/src/hadoop-ozone/integration-test/target/test-dir/MiniOzoneClusterImpl-066bfae2-20e3-4851-83ab-8d328c0cd083/datanode-5/data/ratis/64882e86-59ba-4a56-9ff2-6b72d5fe8618 does not exist. Creating ...
2019-06-12 15:58:51,831 INFO  storage.RaftStorageDirectory (RaftStorageDirectory.java:tryLock(328)) - Lock on /opt/src/hadoop-ozone/integration-test/target/test-dir/MiniOzoneClusterImpl-066bfae2-20e3-4851-83ab-8d328c0cd083/datanode-5/data/ratis/64882e86-59ba-4a56-9ff2-6b72d5fe8618/in_use.lock acquired by nodename 20615@ozone-bzwcn-1332811729
2019-06-12 15:58:51,833 INFO  storage.RaftStorage (RaftStorage.java:format(75)) - Storage directory /opt/src/hadoop-ozone/integration-test/target/test-dir/MiniOzoneClusterImpl-066bfae2-20e3-4851-83ab-8d328c0cd083/datanode-5/data/ratis/64882e86-59ba-4a56-9ff2-6b72d5fe8618 has been successfully formatted.
2019-06-12 15:58:51,833 INFO  ratis.ContainerStateMachine (ContainerStateMachine.java:loadSnapshot(199)) - The snapshot info is null.Setting the last applied index to:(t:0, i:~)
2019-06-12 15:58:51,833 INFO  server.RaftServerConfigKeys (ConfUtils.java:logGet(43)) - raft.server.leader.election.timeout = 120s (custom)
2019-06-12 15:58:51,833 INFO  server.RaftServerConfigKeys (ConfUtils.java:logGet(43)) - raft.server.log.use.memory = false (default)
2019-06-12 15:58:51,833 INFO  server.RaftServerConfigKeys (ConfUtils.java:logGet(43)) - raft.server.log.appender.buffer.byte-limit = 33554432 (custom)
2019-06-12 15:58:51,833 INFO  server.RaftServerConfigKeys (ConfUtils.java:logGet(43)) - raft.server.log.segment.size.max = 16384 (custom)
2019-06-12 15:58:51,833 INFO  server.RaftServerConfigKeys (ConfUtils.java:logGet(43)) - raft.server.log.segment.cache.num.max = 2 (custom)
2019-06-12 15:58:51,834 INFO  storage.RaftLogWorker (RaftLogWorker.java:<init>(123)) - new 0324816e-1b48-4762-8ae5-3e00b7b5cec7-RaftLogWorker for Storage Directory /opt/src/hadoop-ozone/integration-test/target/test-dir/MiniOzoneClusterImpl-066bfae2-20e3-4851-83ab-8d328c0cd083/datanode-5/data/ratis/64882e86-59ba-4a56-9ff2-6b72d5fe8618
2019-06-12 15:58:51,834 INFO  server.RaftServerConfigKeys (ConfUtils.java:logGet(43)) - raft.server.log.queue.byte-limit = 2147483647 (custom)
2019-06-12 15:58:51,834 INFO  server.RaftServerConfigKeys (ConfUtils.java:logGet(43)) - raft.server.log.queue.element-limit = 1024 (custom)
2019-06-12 15:58:51,834 INFO  server.RaftServerConfigKeys (ConfUtils.java:logGet(43)) - raft.server.log.segment.size.max = 16384 (custom)
2019-06-12 15:58:51,834 INFO  server.RaftServerConfigKeys (ConfUtils.java:logGet(43)) - raft.server.log.preallocated.size = 16384 (custom)
2019-06-12 15:58:51,834 INFO  server.RaftServerConfigKeys (ConfUtils.java:logGet(43)) - raft.server.log.write.buffer.size = 33554432 (custom)
2019-06-12 15:58:51,834 INFO  server.RaftServerConfigKeys (ConfUtils.java:logGet(43)) - raft.server.log.force.sync.num = 128 (default)
2019-06-12 15:58:51,834 INFO  server.RaftServerConfigKeys (ConfUtils.java:logGet(43)) - raft.server.log.statemachine.data.sync = true (default)
2019-06-12 15:58:51,834 INFO  server.RaftServerConfigKeys (ConfUtils.java:logGet(43)) - raft.server.log.statemachine.data.sync.timeout = 10s (default)
2019-06-12 15:58:51,834 INFO  server.RaftServerConfigKeys (ConfUtils.java:logGet(43)) - raft.server.log.statemachine.data.sync.timeout.retry = -1 (default)
2019-06-12 15:58:51,834 INFO  server.RaftServerConfigKeys (ConfUtils.java:logGet(43)) - raft.server.log.statemachine.data.caching.enabled = true (custom)
2019-06-12 15:58:51,834 INFO  server.RaftServerConfigKeys (ConfUtils.java:logGet(43)) - raft.server.snapshot.auto.trigger.enabled = true (custom)
2019-06-12 15:58:51,835 INFO  server.RaftServerConfigKeys (ConfUtils.java:logGet(43)) - raft.server.snapshot.auto.trigger.threshold = 10000 (custom)
2019-06-12 15:58:51,835 INFO  server.RaftServerConfigKeys (ConfUtils.java:logGet(43)) - raft.server.retrycache.expirytime = 600000ms (custom)
2019-06-12 15:58:51,835 INFO  impl.RaftServerImpl (RaftServerImpl.java:start(173)) - 0324816e-1b48-4762-8ae5-3e00b7b5cec7: start group-6B72D5FE8618
2019-06-12 15:58:51,835 INFO  impl.RaftServerImpl (RaftServerImpl.java:setRole(164)) - 0324816e-1b48-4762-8ae5-3e00b7b5cec7:group-6B72D5FE8618 changes role from null to FOLLOWER at term 0 for startAsFollower
2019-06-12 15:58:51,835 INFO  impl.RoleInfo (RoleInfo.java:updateAndGet(143)) - 0324816e-1b48-4762-8ae5-3e00b7b5cec7: start FollowerState
2019-06-12 15:58:51,835 INFO  util.JmxRegister (JmxRegister.java:tryRegister(44)) - Successfully registered JMX Bean with object name Ratis:service=RaftServer,group=group-6B72D5FE8618,id=0324816e-1b48-4762-8ae5-3e00b7b5cec7
2019-06-12 15:58:51,837 INFO  pipeline.PipelineStateManager (PipelineStateManager.java:addPipeline(56)) - Created pipeline Pipeline[ Id: 64882e86-59ba-4a56-9ff2-6b72d5fe8618, Nodes: 0324816e-1b48-4762-8ae5-3e00b7b5cec7{ip: 192.168.134.73, host: ozone-bzwcn-1332811729, networkLocation: /default-rack, certSerialId: null}, Type:RATIS, Factor:ONE, State:OPEN]
2019-06-12 15:58:51,844 INFO  impl.RaftServerProxy (RaftServerProxy.java:addNew(89)) - 897ab5aa-b4e5-461f-8af0-e2657af8a0c2: addNew group-E27E2D887774:[0324816e-1b48-4762-8ae5-3e00b7b5cec7:192.168.134.73:39845, 47931a02-d3ef-42c7-b53f-9561c0a5ccb2:192.168.134.73:33359, 897ab5aa-b4e5-461f-8af0-e2657af8a0c2:192.168.134.73:41849] returns group-E27E2D887774:java.util.concurrent.CompletableFuture@a6c6307[Not completed]
2019-06-12 15:58:51,844 INFO  impl.RaftServerImpl (RaftServerImpl.java:<init>(91)) - 897ab5aa-b4e5-461f-8af0-e2657af8a0c2: new RaftServerImpl for group-E27E2D887774:[0324816e-1b48-4762-8ae5-3e00b7b5cec7:192.168.134.73:39845, 47931a02-d3ef-42c7-b53f-9561c0a5ccb2:192.168.134.73:33359, 897ab5aa-b4e5-461f-8af0-e2657af8a0c2:192.168.134.73:41849] with ContainerStateMachine:uninitialized
2019-06-12 15:58:51,844 INFO  impl.RaftServerProxy (RaftServerProxy.java:addNew(89)) - 47931a02-d3ef-42c7-b53f-9561c0a5ccb2: addNew group-E27E2D887774:[0324816e-1b48-4762-8ae5-3e00b7b5cec7:192.168.134.73:39845, 47931a02-d3ef-42c7-b53f-9561c0a5ccb2:192.168.134.73:33359, 897ab5aa-b4e5-461f-8af0-e2657af8a0c2:192.168.134.73:41849] returns group-E27E2D887774:java.util.concurrent.CompletableFuture@701eafcb[Not completed]
2019-06-12 15:58:51,845 INFO  impl.RaftServerImpl (RaftServerImpl.java:<init>(91)) - 47931a02-d3ef-42c7-b53f-9561c0a5ccb2: new RaftServerImpl for group-E27E2D887774:[0324816e-1b48-4762-8ae5-3e00b7b5cec7:192.168.134.73:39845, 47931a02-d3ef-42c7-b53f-9561c0a5ccb2:192.168.134.73:33359, 897ab5aa-b4e5-461f-8af0-e2657af8a0c2:192.168.134.73:41849] with ContainerStateMachine:uninitialized
2019-06-12 15:58:51,845 INFO  server.RaftServerConfigKeys (ConfUtils.java:logGet(43)) - raft.server.rpc.timeout.min = 1s (custom)
2019-06-12 15:58:51,845 INFO  server.RaftServerConfigKeys (ConfUtils.java:logGet(43)) - raft.server.rpc.timeout.max = 1200ms (custom)
2019-06-12 15:58:51,845 INFO  server.RaftServerConfigKeys (ConfUtils.java:logGet(43)) - raft.server.rpcslowness.timeout = 120s (custom)
2019-06-12 15:58:51,845 INFO  server.RaftServerConfigKeys (ConfUtils.java:logGet(43)) - raft.server.log.appender.install.snapshot.enabled = true (default)
2019-06-12 15:58:51,845 INFO  impl.RaftServerImpl (ServerState.java:<init>(101)) - 47931a02-d3ef-42c7-b53f-9561c0a5ccb2:group-E27E2D887774 ConfigurationManager, init=-1: [0324816e-1b48-4762-8ae5-3e00b7b5cec7:192.168.134.73:39845, 47931a02-d3ef-42c7-b53f-9561c0a5ccb2:192.168.134.73:33359, 897ab5aa-b4e5-461f-8af0-e2657af8a0c2:192.168.134.73:41849], old=null, confs=<EMPTY_MAP>
2019-06-12 15:58:51,845 INFO  server.RaftServerConfigKeys (ConfUtils.java:logGet(43)) - raft.server.storage.dir = [/opt/src/hadoop-ozone/integration-test/target/test-dir/MiniOzoneClusterImpl-066bfae2-20e3-4851-83ab-8d328c0cd083/datanode-3/data/ratis] (custom)
2019-06-12 15:58:51,846 INFO  storage.RaftStorageDirectory (RaftStorageDirectory.java:analyzeStorage(246)) - The storage directory /opt/src/hadoop-ozone/integration-test/target/test-dir/MiniOzoneClusterImpl-066bfae2-20e3-4851-83ab-8d328c0cd083/datanode-3/data/ratis/1d033125-0871-4108-87aa-e27e2d887774 does not exist. Creating ...
2019-06-12 15:58:51,844 INFO  server.RaftServerConfigKeys (ConfUtils.java:logGet(43)) - raft.server.rpc.timeout.min = 1s (custom)
2019-06-12 15:58:51,844 INFO  impl.RaftServerProxy (RaftServerProxy.java:addNew(89)) - 0324816e-1b48-4762-8ae5-3e00b7b5cec7: addNew group-E27E2D887774:[0324816e-1b48-4762-8ae5-3e00b7b5cec7:192.168.134.73:39845, 47931a02-d3ef-42c7-b53f-9561c0a5ccb2:192.168.134.73:33359, 897ab5aa-b4e5-461f-8af0-e2657af8a0c2:192.168.134.73:41849] returns group-E27E2D887774:java.util.concurrent.CompletableFuture@16f77ffe[Not completed]
2019-06-12 15:58:51,846 INFO  server.RaftServerConfigKeys (ConfUtils.java:logGet(43)) - raft.server.rpc.timeout.max = 1200ms (custom)
2019-06-12 15:58:51,846 INFO  server.RaftServerConfigKeys (ConfUtils.java:logGet(43)) - raft.server.rpcslowness.timeout = 120s (custom)
2019-06-12 15:58:51,847 INFO  server.RaftServerConfigKeys (ConfUtils.java:logGet(43)) - raft.server.log.appender.install.snapshot.enabled = true (default)
2019-06-12 15:58:51,847 INFO  impl.RaftServerImpl (ServerState.java:<init>(101)) - 897ab5aa-b4e5-461f-8af0-e2657af8a0c2:group-E27E2D887774 ConfigurationManager, init=-1: [0324816e-1b48-4762-8ae5-3e00b7b5cec7:192.168.134.73:39845, 47931a02-d3ef-42c7-b53f-9561c0a5ccb2:192.168.134.73:33359, 897ab5aa-b4e5-461f-8af0-e2657af8a0c2:192.168.134.73:41849], old=null, confs=<EMPTY_MAP>
2019-06-12 15:58:51,847 INFO  server.RaftServerConfigKeys (ConfUtils.java:logGet(43)) - raft.server.storage.dir = [/opt/src/hadoop-ozone/integration-test/target/test-dir/MiniOzoneClusterImpl-066bfae2-20e3-4851-83ab-8d328c0cd083/datanode-4/data/ratis] (custom)
2019-06-12 15:58:51,847 INFO  storage.RaftStorageDirectory (RaftStorageDirectory.java:analyzeStorage(246)) - The storage directory /opt/src/hadoop-ozone/integration-test/target/test-dir/MiniOzoneClusterImpl-066bfae2-20e3-4851-83ab-8d328c0cd083/datanode-4/data/ratis/1d033125-0871-4108-87aa-e27e2d887774 does not exist. Creating ...
2019-06-12 15:58:51,848 INFO  storage.RaftStorageDirectory (RaftStorageDirectory.java:tryLock(328)) - Lock on /opt/src/hadoop-ozone/integration-test/target/test-dir/MiniOzoneClusterImpl-066bfae2-20e3-4851-83ab-8d328c0cd083/datanode-3/data/ratis/1d033125-0871-4108-87aa-e27e2d887774/in_use.lock acquired by nodename 20615@ozone-bzwcn-1332811729
2019-06-12 15:58:51,849 INFO  storage.RaftStorageDirectory (RaftStorageDirectory.java:tryLock(328)) - Lock on /opt/src/hadoop-ozone/integration-test/target/test-dir/MiniOzoneClusterImpl-066bfae2-20e3-4851-83ab-8d328c0cd083/datanode-4/data/ratis/1d033125-0871-4108-87aa-e27e2d887774/in_use.lock acquired by nodename 20615@ozone-bzwcn-1332811729
2019-06-12 15:58:51,850 INFO  impl.RaftServerImpl (RaftServerImpl.java:<init>(91)) - 0324816e-1b48-4762-8ae5-3e00b7b5cec7: new RaftServerImpl for group-E27E2D887774:[0324816e-1b48-4762-8ae5-3e00b7b5cec7:192.168.134.73:39845, 47931a02-d3ef-42c7-b53f-9561c0a5ccb2:192.168.134.73:33359, 897ab5aa-b4e5-461f-8af0-e2657af8a0c2:192.168.134.73:41849] with ContainerStateMachine:uninitialized
2019-06-12 15:58:51,850 INFO  server.RaftServerConfigKeys (ConfUtils.java:logGet(43)) - raft.server.rpc.timeout.min = 1s (custom)
2019-06-12 15:58:51,851 INFO  server.RaftServerConfigKeys (ConfUtils.java:logGet(43)) - raft.server.rpc.timeout.max = 1200ms (custom)
2019-06-12 15:58:51,851 INFO  server.RaftServerConfigKeys (ConfUtils.java:logGet(43)) - raft.server.rpcslowness.timeout = 120s (custom)
2019-06-12 15:58:51,851 INFO  server.RaftServerConfigKeys (ConfUtils.java:logGet(43)) - raft.server.log.appender.install.snapshot.enabled = true (default)
2019-06-12 15:58:51,851 INFO  impl.RaftServerImpl (ServerState.java:<init>(101)) - 0324816e-1b48-4762-8ae5-3e00b7b5cec7:group-E27E2D887774 ConfigurationManager, init=-1: [0324816e-1b48-4762-8ae5-3e00b7b5cec7:192.168.134.73:39845, 47931a02-d3ef-42c7-b53f-9561c0a5ccb2:192.168.134.73:33359, 897ab5aa-b4e5-461f-8af0-e2657af8a0c2:192.168.134.73:41849], old=null, confs=<EMPTY_MAP>
2019-06-12 15:58:51,851 INFO  server.RaftServerConfigKeys (ConfUtils.java:logGet(43)) - raft.server.storage.dir = [/opt/src/hadoop-ozone/integration-test/target/test-dir/MiniOzoneClusterImpl-066bfae2-20e3-4851-83ab-8d328c0cd083/datanode-5/data/ratis] (custom)
2019-06-12 15:58:51,851 INFO  storage.RaftStorageDirectory (RaftStorageDirectory.java:analyzeStorage(246)) - The storage directory /opt/src/hadoop-ozone/integration-test/target/test-dir/MiniOzoneClusterImpl-066bfae2-20e3-4851-83ab-8d328c0cd083/datanode-5/data/ratis/1d033125-0871-4108-87aa-e27e2d887774 does not exist. Creating ...
2019-06-12 15:58:51,851 INFO  storage.RaftStorage (RaftStorage.java:format(75)) - Storage directory /opt/src/hadoop-ozone/integration-test/target/test-dir/MiniOzoneClusterImpl-066bfae2-20e3-4851-83ab-8d328c0cd083/datanode-3/data/ratis/1d033125-0871-4108-87aa-e27e2d887774 has been successfully formatted.
2019-06-12 15:58:51,852 INFO  ratis.ContainerStateMachine (ContainerStateMachine.java:loadSnapshot(199)) - The snapshot info is null.Setting the last applied index to:(t:0, i:~)
2019-06-12 15:58:51,852 INFO  server.RaftServerConfigKeys (ConfUtils.java:logGet(43)) - raft.server.leader.election.timeout = 120s (custom)
2019-06-12 15:58:51,852 INFO  server.RaftServerConfigKeys (ConfUtils.java:logGet(43)) - raft.server.log.use.memory = false (default)
2019-06-12 15:58:51,852 INFO  server.RaftServerConfigKeys (ConfUtils.java:logGet(43)) - raft.server.log.appender.buffer.byte-limit = 33554432 (custom)
2019-06-12 15:58:51,852 INFO  server.RaftServerConfigKeys (ConfUtils.java:logGet(43)) - raft.server.log.segment.size.max = 16384 (custom)
2019-06-12 15:58:51,852 INFO  storage.RaftStorage (RaftStorage.java:format(75)) - Storage directory /opt/src/hadoop-ozone/integration-test/target/test-dir/MiniOzoneClusterImpl-066bfae2-20e3-4851-83ab-8d328c0cd083/datanode-4/data/ratis/1d033125-0871-4108-87aa-e27e2d887774 has been successfully formatted.
2019-06-12 15:58:51,852 INFO  server.RaftServerConfigKeys (ConfUtils.java:logGet(43)) - raft.server.log.segment.cache.num.max = 2 (custom)
2019-06-12 15:58:51,852 INFO  storage.RaftLogWorker (RaftLogWorker.java:<init>(123)) - new 47931a02-d3ef-42c7-b53f-9561c0a5ccb2-RaftLogWorker for Storage Directory /opt/src/hadoop-ozone/integration-test/target/test-dir/MiniOzoneClusterImpl-066bfae2-20e3-4851-83ab-8d328c0cd083/datanode-3/data/ratis/1d033125-0871-4108-87aa-e27e2d887774
2019-06-12 15:58:51,852 INFO  server.RaftServerConfigKeys (ConfUtils.java:logGet(43)) - raft.server.log.queue.byte-limit = 2147483647 (custom)
2019-06-12 15:58:51,852 INFO  ratis.ContainerStateMachine (ContainerStateMachine.java:loadSnapshot(199)) - The snapshot info is null.Setting the last applied index to:(t:0, i:~)
2019-06-12 15:58:51,852 INFO  server.RaftServerConfigKeys (ConfUtils.java:logGet(43)) - raft.server.log.queue.element-limit = 1024 (custom)
2019-06-12 15:58:51,852 INFO  server.RaftServerConfigKeys (ConfUtils.java:logGet(43)) - raft.server.leader.election.timeout = 120s (custom)
2019-06-12 15:58:51,853 INFO  server.RaftServerConfigKeys (ConfUtils.java:logGet(43)) - raft.server.log.segment.size.max = 16384 (custom)
2019-06-12 15:58:51,853 INFO  server.RaftServerConfigKeys (ConfUtils.java:logGet(43)) - raft.server.log.use.memory = false (default)
2019-06-12 15:58:51,853 INFO  server.RaftServerConfigKeys (ConfUtils.java:logGet(43)) - raft.server.log.preallocated.size = 16384 (custom)
2019-06-12 15:58:51,853 INFO  server.RaftServerConfigKeys (ConfUtils.java:logGet(43)) - raft.server.log.appender.buffer.byte-limit = 33554432 (custom)
2019-06-12 15:58:51,853 INFO  server.RaftServerConfigKeys (ConfUtils.java:logGet(43)) - raft.server.log.write.buffer.size = 33554432 (custom)
2019-06-12 15:58:51,853 INFO  server.RaftServerConfigKeys (ConfUtils.java:logGet(43)) - raft.server.log.segment.size.max = 16384 (custom)
2019-06-12 15:58:51,853 INFO  server.RaftServerConfigKeys (ConfUtils.java:logGet(43)) - raft.server.log.force.sync.num = 128 (default)
2019-06-12 15:58:51,853 INFO  server.RaftServerConfigKeys (ConfUtils.java:logGet(43)) - raft.server.log.segment.cache.num.max = 2 (custom)
2019-06-12 15:58:51,853 INFO  server.RaftServerConfigKeys (ConfUtils.java:logGet(43)) - raft.server.log.statemachine.data.sync = true (default)
2019-06-12 15:58:51,853 INFO  storage.RaftStorageDirectory (RaftStorageDirectory.java:tryLock(328)) - Lock on /opt/src/hadoop-ozone/integration-test/target/test-dir/MiniOzoneClusterImpl-066bfae2-20e3-4851-83ab-8d328c0cd083/datanode-5/data/ratis/1d033125-0871-4108-87aa-e27e2d887774/in_use.lock acquired by nodename 20615@ozone-bzwcn-1332811729
2019-06-12 15:58:51,853 INFO  storage.RaftLogWorker (RaftLogWorker.java:<init>(123)) - new 897ab5aa-b4e5-461f-8af0-e2657af8a0c2-RaftLogWorker for Storage Directory /opt/src/hadoop-ozone/integration-test/target/test-dir/MiniOzoneClusterImpl-066bfae2-20e3-4851-83ab-8d328c0cd083/datanode-4/data/ratis/1d033125-0871-4108-87aa-e27e2d887774
2019-06-12 15:58:51,854 INFO  server.RaftServerConfigKeys (ConfUtils.java:logGet(43)) - raft.server.log.queue.byte-limit = 2147483647 (custom)
2019-06-12 15:58:51,854 INFO  server.RaftServerConfigKeys (ConfUtils.java:logGet(43)) - raft.server.log.queue.element-limit = 1024 (custom)
2019-06-12 15:58:51,854 INFO  server.RaftServerConfigKeys (ConfUtils.java:logGet(43)) - raft.server.log.segment.size.max = 16384 (custom)
2019-06-12 15:58:51,854 INFO  server.RaftServerConfigKeys (ConfUtils.java:logGet(43)) - raft.server.log.preallocated.size = 16384 (custom)
2019-06-12 15:58:51,854 INFO  server.RaftServerConfigKeys (ConfUtils.java:logGet(43)) - raft.server.log.write.buffer.size = 33554432 (custom)
2019-06-12 15:58:51,854 INFO  server.RaftServerConfigKeys (ConfUtils.java:logGet(43)) - raft.server.log.force.sync.num = 128 (default)
2019-06-12 15:58:51,854 INFO  server.RaftServerConfigKeys (ConfUtils.java:logGet(43)) - raft.server.log.statemachine.data.sync = true (default)
2019-06-12 15:58:51,854 INFO  server.RaftServerConfigKeys (ConfUtils.java:logGet(43)) - raft.server.log.statemachine.data.sync.timeout = 10s (default)
2019-06-12 15:58:51,854 INFO  server.RaftServerConfigKeys (ConfUtils.java:logGet(43)) - raft.server.log.statemachine.data.sync.timeout.retry = -1 (default)
2019-06-12 15:58:51,854 INFO  server.RaftServerConfigKeys (ConfUtils.java:logGet(43)) - raft.server.log.statemachine.data.caching.enabled = true (custom)
2019-06-12 15:58:51,854 INFO  server.RaftServerConfigKeys (ConfUtils.java:logGet(43)) - raft.server.log.statemachine.data.sync.timeout = 10s (default)
2019-06-12 15:58:51,855 INFO  server.RaftServerConfigKeys (ConfUtils.java:logGet(43)) - raft.server.snapshot.auto.trigger.enabled = true (custom)
2019-06-12 15:58:51,855 INFO  server.RaftServerConfigKeys (ConfUtils.java:logGet(43)) - raft.server.log.statemachine.data.sync.timeout.retry = -1 (default)
2019-06-12 15:58:51,855 INFO  server.RaftServerConfigKeys (ConfUtils.java:logGet(43)) - raft.server.snapshot.auto.trigger.threshold = 10000 (custom)
2019-06-12 15:58:51,855 INFO  server.RaftServerConfigKeys (ConfUtils.java:logGet(43)) - raft.server.log.statemachine.data.caching.enabled = true (custom)
2019-06-12 15:58:51,855 INFO  server.RaftServerConfigKeys (ConfUtils.java:logGet(43)) - raft.server.retrycache.expirytime = 600000ms (custom)
2019-06-12 15:58:51,855 INFO  impl.RaftServerImpl (RaftServerImpl.java:start(173)) - 897ab5aa-b4e5-461f-8af0-e2657af8a0c2: start group-E27E2D887774
2019-06-12 15:58:51,855 INFO  server.RaftServerConfigKeys (ConfUtils.java:logGet(43)) - raft.server.snapshot.auto.trigger.enabled = true (custom)
2019-06-12 15:58:51,855 INFO  impl.RaftServerImpl (RaftServerImpl.java:setRole(164)) - 897ab5aa-b4e5-461f-8af0-e2657af8a0c2:group-E27E2D887774 changes role from null to FOLLOWER at term 0 for startAsFollower
2019-06-12 15:58:51,855 INFO  server.RaftServerConfigKeys (ConfUtils.java:logGet(43)) - raft.server.snapshot.auto.trigger.threshold = 10000 (custom)
2019-06-12 15:58:51,855 INFO  impl.RoleInfo (RoleInfo.java:updateAndGet(143)) - 897ab5aa-b4e5-461f-8af0-e2657af8a0c2: start FollowerState
2019-06-12 15:58:51,856 INFO  storage.RaftStorage (RaftStorage.java:format(75)) - Storage directory /opt/src/hadoop-ozone/integration-test/target/test-dir/MiniOzoneClusterImpl-066bfae2-20e3-4851-83ab-8d328c0cd083/datanode-5/data/ratis/1d033125-0871-4108-87aa-e27e2d887774 has been successfully formatted.
2019-06-12 15:58:51,856 INFO  util.JmxRegister (JmxRegister.java:tryRegister(44)) - Successfully registered JMX Bean with object name Ratis:service=RaftServer,group=group-E27E2D887774,id=897ab5aa-b4e5-461f-8af0-e2657af8a0c2
2019-06-12 15:58:51,856 INFO  server.RaftServerConfigKeys (ConfUtils.java:logGet(43)) - raft.server.retrycache.expirytime = 600000ms (custom)
2019-06-12 15:58:51,856 INFO  impl.RaftServerImpl (RaftServerImpl.java:start(173)) - 47931a02-d3ef-42c7-b53f-9561c0a5ccb2: start group-E27E2D887774
2019-06-12 15:58:51,856 INFO  ratis.ContainerStateMachine (ContainerStateMachine.java:loadSnapshot(199)) - The snapshot info is null.Setting the last applied index to:(t:0, i:~)
2019-06-12 15:58:51,856 INFO  impl.RaftServerImpl (RaftServerImpl.java:setRole(164)) - 47931a02-d3ef-42c7-b53f-9561c0a5ccb2:group-E27E2D887774 changes role from null to FOLLOWER at term 0 for startAsFollower
2019-06-12 15:58:51,856 INFO  impl.RoleInfo (RoleInfo.java:updateAndGet(143)) - 47931a02-d3ef-42c7-b53f-9561c0a5ccb2: start FollowerState
2019-06-12 15:58:51,857 INFO  util.JmxRegister (JmxRegister.java:tryRegister(44)) - Successfully registered JMX Bean with object name Ratis:service=RaftServer,group=group-E27E2D887774,id=47931a02-d3ef-42c7-b53f-9561c0a5ccb2
2019-06-12 15:58:51,856 INFO  server.RaftServerConfigKeys (ConfUtils.java:logGet(43)) - raft.server.leader.election.timeout = 120s (custom)
2019-06-12 15:58:51,857 INFO  server.RaftServerConfigKeys (ConfUtils.java:logGet(43)) - raft.server.log.use.memory = false (default)
2019-06-12 15:58:51,857 INFO  server.RaftServerConfigKeys (ConfUtils.java:logGet(43)) - raft.server.log.appender.buffer.byte-limit = 33554432 (custom)
2019-06-12 15:58:51,857 INFO  server.RaftServerConfigKeys (ConfUtils.java:logGet(43)) - raft.server.log.segment.size.max = 16384 (custom)
2019-06-12 15:58:51,857 INFO  server.RaftServerConfigKeys (ConfUtils.java:logGet(43)) - raft.server.log.segment.cache.num.max = 2 (custom)
2019-06-12 15:58:51,857 INFO  storage.RaftLogWorker (RaftLogWorker.java:<init>(123)) - new 0324816e-1b48-4762-8ae5-3e00b7b5cec7-RaftLogWorker for Storage Directory /opt/src/hadoop-ozone/integration-test/target/test-dir/MiniOzoneClusterImpl-066bfae2-20e3-4851-83ab-8d328c0cd083/datanode-5/data/ratis/1d033125-0871-4108-87aa-e27e2d887774
2019-06-12 15:58:51,857 INFO  server.RaftServerConfigKeys (ConfUtils.java:logGet(43)) - raft.server.log.queue.byte-limit = 2147483647 (custom)
2019-06-12 15:58:51,857 INFO  server.RaftServerConfigKeys (ConfUtils.java:logGet(43)) - raft.server.log.queue.element-limit = 1024 (custom)
2019-06-12 15:58:51,858 INFO  server.RaftServerConfigKeys (ConfUtils.java:logGet(43)) - raft.server.log.segment.size.max = 16384 (custom)
2019-06-12 15:58:51,858 INFO  server.RaftServerConfigKeys (ConfUtils.java:logGet(43)) - raft.server.log.preallocated.size = 16384 (custom)
2019-06-12 15:58:51,858 INFO  server.RaftServerConfigKeys (ConfUtils.java:logGet(43)) - raft.server.log.write.buffer.size = 33554432 (custom)
2019-06-12 15:58:51,858 INFO  server.RaftServerConfigKeys (ConfUtils.java:logGet(43)) - raft.server.log.force.sync.num = 128 (default)
2019-06-12 15:58:51,858 INFO  server.RaftServerConfigKeys (ConfUtils.java:logGet(43)) - raft.server.log.statemachine.data.sync = true (default)
2019-06-12 15:58:51,858 INFO  server.RaftServerConfigKeys (ConfUtils.java:logGet(43)) - raft.server.log.statemachine.data.sync.timeout = 10s (default)
2019-06-12 15:58:51,858 INFO  server.RaftServerConfigKeys (ConfUtils.java:logGet(43)) - raft.server.log.statemachine.data.sync.timeout.retry = -1 (default)
2019-06-12 15:58:51,858 INFO  server.RaftServerConfigKeys (ConfUtils.java:logGet(43)) - raft.server.log.statemachine.data.caching.enabled = true (custom)
2019-06-12 15:58:51,858 INFO  server.RaftServerConfigKeys (ConfUtils.java:logGet(43)) - raft.server.snapshot.auto.trigger.enabled = true (custom)
2019-06-12 15:58:51,858 INFO  server.RaftServerConfigKeys (ConfUtils.java:logGet(43)) - raft.server.snapshot.auto.trigger.threshold = 10000 (custom)
2019-06-12 15:58:51,859 INFO  server.RaftServerConfigKeys (ConfUtils.java:logGet(43)) - raft.server.retrycache.expirytime = 600000ms (custom)
2019-06-12 15:58:51,859 INFO  impl.RaftServerImpl (RaftServerImpl.java:start(173)) - 0324816e-1b48-4762-8ae5-3e00b7b5cec7: start group-E27E2D887774
2019-06-12 15:58:51,859 INFO  impl.RaftServerImpl (RaftServerImpl.java:setRole(164)) - 0324816e-1b48-4762-8ae5-3e00b7b5cec7:group-E27E2D887774 changes role from null to FOLLOWER at term 0 for startAsFollower
2019-06-12 15:58:51,859 INFO  impl.RoleInfo (RoleInfo.java:updateAndGet(143)) - 0324816e-1b48-4762-8ae5-3e00b7b5cec7: start FollowerState
2019-06-12 15:58:51,859 INFO  util.JmxRegister (JmxRegister.java:tryRegister(44)) - Successfully registered JMX Bean with object name Ratis:service=RaftServer,group=group-E27E2D887774,id=0324816e-1b48-4762-8ae5-3e00b7b5cec7
2019-06-12 15:58:51,860 INFO  pipeline.PipelineStateManager (PipelineStateManager.java:addPipeline(56)) - Created pipeline Pipeline[ Id: 1d033125-0871-4108-87aa-e27e2d887774, Nodes: 47931a02-d3ef-42c7-b53f-9561c0a5ccb2{ip: 192.168.134.73, host: ozone-bzwcn-1332811729, networkLocation: /default-rack, certSerialId: null}897ab5aa-b4e5-461f-8af0-e2657af8a0c2{ip: 192.168.134.73, host: ozone-bzwcn-1332811729, networkLocation: /default-rack, certSerialId: null}0324816e-1b48-4762-8ae5-3e00b7b5cec7{ip: 192.168.134.73, host: ozone-bzwcn-1332811729, networkLocation: /default-rack, certSerialId: null}, Type:RATIS, Factor:THREE, State:OPEN]
2019-06-12 15:58:51,964 INFO  ozone.MiniOzoneClusterImpl (MiniOzoneClusterImpl.java:lambda$waitForClusterToBeReady$0(142)) - Waiting for cluster to be ready. Got 6 of 7 DN Heartbeats.
2019-06-12 15:58:51,967 INFO  node.SCMNodeManager (SCMNodeManager.java:register(234)) - Registered Data node : 3b073085-3014-4024-9a6c-5778bac8437d{ip: 192.168.134.73, host: ozone-bzwcn-1332811729, networkLocation: /default-rack, certSerialId: null}
2019-06-12 15:58:51,978 INFO  impl.RaftServerProxy (RaftServerProxy.java:addNew(89)) - 3b073085-3014-4024-9a6c-5778bac8437d: addNew group-DE8E116181B1:[3b073085-3014-4024-9a6c-5778bac8437d:192.168.134.73:36479] returns group-DE8E116181B1:java.util.concurrent.CompletableFuture@1a1c02d5[Not completed]
2019-06-12 15:58:51,979 INFO  impl.RaftServerImpl (RaftServerImpl.java:<init>(91)) - 3b073085-3014-4024-9a6c-5778bac8437d: new RaftServerImpl for group-DE8E116181B1:[3b073085-3014-4024-9a6c-5778bac8437d:192.168.134.73:36479] with ContainerStateMachine:uninitialized
2019-06-12 15:58:51,979 INFO  server.RaftServerConfigKeys (ConfUtils.java:logGet(43)) - raft.server.rpc.timeout.min = 1s (custom)
2019-06-12 15:58:51,979 INFO  server.RaftServerConfigKeys (ConfUtils.java:logGet(43)) - raft.server.rpc.timeout.max = 1200ms (custom)
2019-06-12 15:58:51,979 INFO  server.RaftServerConfigKeys (ConfUtils.java:logGet(43)) - raft.server.rpcslowness.timeout = 120s (custom)
2019-06-12 15:58:51,979 INFO  server.RaftServerConfigKeys (ConfUtils.java:logGet(43)) - raft.server.log.appender.install.snapshot.enabled = true (default)
2019-06-12 15:58:51,979 INFO  impl.RaftServerImpl (ServerState.java:<init>(101)) - 3b073085-3014-4024-9a6c-5778bac8437d:group-DE8E116181B1 ConfigurationManager, init=-1: [3b073085-3014-4024-9a6c-5778bac8437d:192.168.134.73:36479], old=null, confs=<EMPTY_MAP>
2019-06-12 15:58:51,980 INFO  server.RaftServerConfigKeys (ConfUtils.java:logGet(43)) - raft.server.storage.dir = [/opt/src/hadoop-ozone/integration-test/target/test-dir/MiniOzoneClusterImpl-066bfae2-20e3-4851-83ab-8d328c0cd083/datanode-6/data/ratis] (custom)
2019-06-12 15:58:51,980 INFO  storage.RaftStorageDirectory (RaftStorageDirectory.java:analyzeStorage(246)) - The storage directory /opt/src/hadoop-ozone/integration-test/target/test-dir/MiniOzoneClusterImpl-066bfae2-20e3-4851-83ab-8d328c0cd083/datanode-6/data/ratis/4f6c4ecc-5ef4-402c-81b3-de8e116181b1 does not exist. Creating ...
2019-06-12 15:58:51,982 INFO  storage.RaftStorageDirectory (RaftStorageDirectory.java:tryLock(328)) - Lock on /opt/src/hadoop-ozone/integration-test/target/test-dir/MiniOzoneClusterImpl-066bfae2-20e3-4851-83ab-8d328c0cd083/datanode-6/data/ratis/4f6c4ecc-5ef4-402c-81b3-de8e116181b1/in_use.lock acquired by nodename 20615@ozone-bzwcn-1332811729
2019-06-12 15:58:51,984 INFO  storage.RaftStorage (RaftStorage.java:format(75)) - Storage directory /opt/src/hadoop-ozone/integration-test/target/test-dir/MiniOzoneClusterImpl-066bfae2-20e3-4851-83ab-8d328c0cd083/datanode-6/data/ratis/4f6c4ecc-5ef4-402c-81b3-de8e116181b1 has been successfully formatted.
2019-06-12 15:58:51,984 INFO  ratis.ContainerStateMachine (ContainerStateMachine.java:loadSnapshot(199)) - The snapshot info is null.Setting the last applied index to:(t:0, i:~)
2019-06-12 15:58:51,984 INFO  server.RaftServerConfigKeys (ConfUtils.java:logGet(43)) - raft.server.leader.election.timeout = 120s (custom)
2019-06-12 15:58:51,984 INFO  server.RaftServerConfigKeys (ConfUtils.java:logGet(43)) - raft.server.log.use.memory = false (default)
2019-06-12 15:58:51,984 INFO  server.RaftServerConfigKeys (ConfUtils.java:logGet(43)) - raft.server.log.appender.buffer.byte-limit = 33554432 (custom)
2019-06-12 15:58:51,984 INFO  server.RaftServerConfigKeys (ConfUtils.java:logGet(43)) - raft.server.log.segment.size.max = 16384 (custom)
2019-06-12 15:58:51,985 INFO  server.RaftServerConfigKeys (ConfUtils.java:logGet(43)) - raft.server.log.segment.cache.num.max = 2 (custom)
2019-06-12 15:58:51,985 INFO  storage.RaftLogWorker (RaftLogWorker.java:<init>(123)) - new 3b073085-3014-4024-9a6c-5778bac8437d-RaftLogWorker for Storage Directory /opt/src/hadoop-ozone/integration-test/target/test-dir/MiniOzoneClusterImpl-066bfae2-20e3-4851-83ab-8d328c0cd083/datanode-6/data/ratis/4f6c4ecc-5ef4-402c-81b3-de8e116181b1
2019-06-12 15:58:51,985 INFO  server.RaftServerConfigKeys (ConfUtils.java:logGet(43)) - raft.server.log.queue.byte-limit = 2147483647 (custom)
2019-06-12 15:58:51,985 INFO  server.RaftServerConfigKeys (ConfUtils.java:logGet(43)) - raft.server.log.queue.element-limit = 1024 (custom)
2019-06-12 15:58:51,985 INFO  server.RaftServerConfigKeys (ConfUtils.java:logGet(43)) - raft.server.log.segment.size.max = 16384 (custom)
2019-06-12 15:58:51,985 INFO  server.RaftServerConfigKeys (ConfUtils.java:logGet(43)) - raft.server.log.preallocated.size = 16384 (custom)
2019-06-12 15:58:51,985 INFO  server.RaftServerConfigKeys (ConfUtils.java:logGet(43)) - raft.server.log.write.buffer.size = 33554432 (custom)
2019-06-12 15:58:51,985 INFO  server.RaftServerConfigKeys (ConfUtils.java:logGet(43)) - raft.server.log.force.sync.num = 128 (default)
2019-06-12 15:58:51,985 INFO  server.RaftServerConfigKeys (ConfUtils.java:logGet(43)) - raft.server.log.statemachine.data.sync = true (default)
2019-06-12 15:58:51,985 INFO  server.RaftServerConfigKeys (ConfUtils.java:logGet(43)) - raft.server.log.statemachine.data.sync.timeout = 10s (default)
2019-06-12 15:58:51,985 INFO  server.RaftServerConfigKeys (ConfUtils.java:logGet(43)) - raft.server.log.statemachine.data.sync.timeout.retry = -1 (default)
2019-06-12 15:58:51,985 INFO  server.RaftServerConfigKeys (ConfUtils.java:logGet(43)) - raft.server.log.statemachine.data.caching.enabled = true (custom)
2019-06-12 15:58:51,986 INFO  server.RaftServerConfigKeys (ConfUtils.java:logGet(43)) - raft.server.snapshot.auto.trigger.enabled = true (custom)
2019-06-12 15:58:51,986 INFO  server.RaftServerConfigKeys (ConfUtils.java:logGet(43)) - raft.server.snapshot.auto.trigger.threshold = 10000 (custom)
2019-06-12 15:58:51,986 INFO  server.RaftServerConfigKeys (ConfUtils.java:logGet(43)) - raft.server.retrycache.expirytime = 600000ms (custom)
2019-06-12 15:58:51,986 INFO  impl.RaftServerImpl (RaftServerImpl.java:start(173)) - 3b073085-3014-4024-9a6c-5778bac8437d: start group-DE8E116181B1
2019-06-12 15:58:51,986 INFO  impl.RaftServerImpl (RaftServerImpl.java:setRole(164)) - 3b073085-3014-4024-9a6c-5778bac8437d:group-DE8E116181B1 changes role from null to FOLLOWER at term 0 for startAsFollower
2019-06-12 15:58:51,986 INFO  impl.RoleInfo (RoleInfo.java:updateAndGet(143)) - 3b073085-3014-4024-9a6c-5778bac8437d: start FollowerState
2019-06-12 15:58:51,987 INFO  util.JmxRegister (JmxRegister.java:tryRegister(44)) - Successfully registered JMX Bean with object name Ratis:service=RaftServer,group=group-DE8E116181B1,id=3b073085-3014-4024-9a6c-5778bac8437d
2019-06-12 15:58:51,988 INFO  pipeline.PipelineStateManager (PipelineStateManager.java:addPipeline(56)) - Created pipeline Pipeline[ Id: 4f6c4ecc-5ef4-402c-81b3-de8e116181b1, Nodes: 3b073085-3014-4024-9a6c-5778bac8437d{ip: 192.168.134.73, host: ozone-bzwcn-1332811729, networkLocation: /default-rack, certSerialId: null}, Type:RATIS, Factor:ONE, State:OPEN]
2019-06-12 15:58:52,136 INFO  impl.FollowerState (FollowerState.java:run(101)) - 585d7d00-a7c1-4731-9183-786f9e8c1772:group-3D1D0A712525 changes to CANDIDATE, lastRpcTime:1196, electionTimeout:1196ms
2019-06-12 15:58:52,137 INFO  impl.RoleInfo (RoleInfo.java:shutdownFollowerState(121)) - 585d7d00-a7c1-4731-9183-786f9e8c1772: shutdown FollowerState
2019-06-12 15:58:52,137 INFO  impl.RaftServerImpl (RaftServerImpl.java:setRole(164)) - 585d7d00-a7c1-4731-9183-786f9e8c1772:group-3D1D0A712525 changes role from FOLLOWER to CANDIDATE at term 0 for changeToCandidate
2019-06-12 15:58:52,137 INFO  impl.RoleInfo (RoleInfo.java:updateAndGet(143)) - 585d7d00-a7c1-4731-9183-786f9e8c1772: start LeaderElection
2019-06-12 15:58:52,142 INFO  impl.LeaderElection (LeaderElection.java:askForVotes(181)) - 585d7d00-a7c1-4731-9183-786f9e8c1772:group-3D1D0A712525:LeaderElection30: begin an election at term 1 for -1: [585d7d00-a7c1-4731-9183-786f9e8c1772:192.168.134.73:46281], old=null
2019-06-12 15:58:52,143 INFO  impl.RoleInfo (RoleInfo.java:shutdownLeaderElection(134)) - 585d7d00-a7c1-4731-9183-786f9e8c1772: shutdown LeaderElection
2019-06-12 15:58:52,143 INFO  impl.RaftServerImpl (RaftServerImpl.java:setRole(164)) - 585d7d00-a7c1-4731-9183-786f9e8c1772:group-3D1D0A712525 changes role from CANDIDATE to LEADER at term 1 for changeToLeader
2019-06-12 15:58:52,143 INFO  impl.RaftServerImpl (ServerState.java:setLeader(263)) - 585d7d00-a7c1-4731-9183-786f9e8c1772:group-3D1D0A712525 change Leader from null to 585d7d00-a7c1-4731-9183-786f9e8c1772 at term 1 for becomeLeader, leader elected after 1204ms
2019-06-12 15:58:52,143 INFO  server.RaftServerConfigKeys (ConfUtils.java:logGet(43)) - raft.server.staging.catchup.gap = 1000 (default)
2019-06-12 15:58:52,143 INFO  server.RaftServerConfigKeys (ConfUtils.java:logGet(43)) - raft.server.rpc.sleep.time = 25ms (default)
2019-06-12 15:58:52,143 INFO  server.RaftServerConfigKeys (ConfUtils.java:logGet(43)) - raft.server.watch.timeout = 10s (default)
2019-06-12 15:58:52,143 INFO  server.RaftServerConfigKeys (ConfUtils.java:logGet(43)) - raft.server.watch.timeout.denomination = 1s (default)
2019-06-12 15:58:52,143 INFO  impl.RoleInfo (RoleInfo.java:updateAndGet(143)) - 585d7d00-a7c1-4731-9183-786f9e8c1772: start LeaderState
2019-06-12 15:58:52,143 INFO  storage.RaftLogWorker (RaftLogWorker.java:startLogSegment(298)) - 585d7d00-a7c1-4731-9183-786f9e8c1772-RaftLogWorker: Starting segment from index:0
2019-06-12 15:58:52,143 INFO  impl.RaftServerImpl (ServerState.java:setRaftConf(361)) - 585d7d00-a7c1-4731-9183-786f9e8c1772:group-3D1D0A712525 set configuration 0: [585d7d00-a7c1-4731-9183-786f9e8c1772:192.168.134.73:46281], old=null at 0
2019-06-12 15:58:52,177 INFO  storage.RaftLogWorker (RaftLogWorker.java:execute(469)) - 585d7d00-a7c1-4731-9183-786f9e8c1772-RaftLogWorker: created new log segment /opt/src/hadoop-ozone/integration-test/target/test-dir/MiniOzoneClusterImpl-066bfae2-20e3-4851-83ab-8d328c0cd083/datanode-0/data/ratis/6bfe7550-47d8-4dd8-bb31-3d1d0a712525/current/log_inprogress_0
2019-06-12 15:58:52,310 INFO  impl.FollowerState (FollowerState.java:run(101)) - 8f8b4fc6-9314-413e-a560-f50320fc2365:group-6976C44F8ADA changes to CANDIDATE, lastRpcTime:1120, electionTimeout:1120ms
2019-06-12 15:58:52,310 INFO  impl.RoleInfo (RoleInfo.java:shutdownFollowerState(121)) - 8f8b4fc6-9314-413e-a560-f50320fc2365: shutdown FollowerState
2019-06-12 15:58:52,310 INFO  impl.RaftServerImpl (RaftServerImpl.java:setRole(164)) - 8f8b4fc6-9314-413e-a560-f50320fc2365:group-6976C44F8ADA changes role from FOLLOWER to CANDIDATE at term 0 for changeToCandidate
2019-06-12 15:58:52,310 INFO  impl.RoleInfo (RoleInfo.java:updateAndGet(143)) - 8f8b4fc6-9314-413e-a560-f50320fc2365: start LeaderElection
2019-06-12 15:58:52,315 INFO  impl.LeaderElection (LeaderElection.java:askForVotes(181)) - 8f8b4fc6-9314-413e-a560-f50320fc2365:group-6976C44F8ADA:LeaderElection31: begin an election at term 1 for -1: [8f8b4fc6-9314-413e-a560-f50320fc2365:192.168.134.73:46185], old=null
2019-06-12 15:58:52,315 INFO  impl.RoleInfo (RoleInfo.java:shutdownLeaderElection(134)) - 8f8b4fc6-9314-413e-a560-f50320fc2365: shutdown LeaderElection
2019-06-12 15:58:52,316 INFO  impl.RaftServerImpl (RaftServerImpl.java:setRole(164)) - 8f8b4fc6-9314-413e-a560-f50320fc2365:group-6976C44F8ADA changes role from CANDIDATE to LEADER at term 1 for changeToLeader
2019-06-12 15:58:52,316 INFO  impl.RaftServerImpl (ServerState.java:setLeader(263)) - 8f8b4fc6-9314-413e-a560-f50320fc2365:group-6976C44F8ADA change Leader from null to 8f8b4fc6-9314-413e-a560-f50320fc2365 at term 1 for becomeLeader, leader elected after 1127ms
2019-06-12 15:58:52,316 INFO  server.RaftServerConfigKeys (ConfUtils.java:logGet(43)) - raft.server.staging.catchup.gap = 1000 (default)
2019-06-12 15:58:52,316 INFO  server.RaftServerConfigKeys (ConfUtils.java:logGet(43)) - raft.server.rpc.sleep.time = 25ms (default)
2019-06-12 15:58:52,316 INFO  server.RaftServerConfigKeys (ConfUtils.java:logGet(43)) - raft.server.watch.timeout = 10s (default)
2019-06-12 15:58:52,316 INFO  server.RaftServerConfigKeys (ConfUtils.java:logGet(43)) - raft.server.watch.timeout.denomination = 1s (default)
2019-06-12 15:58:52,316 INFO  impl.RoleInfo (RoleInfo.java:updateAndGet(143)) - 8f8b4fc6-9314-413e-a560-f50320fc2365: start LeaderState
2019-06-12 15:58:52,316 INFO  storage.RaftLogWorker (RaftLogWorker.java:startLogSegment(298)) - 8f8b4fc6-9314-413e-a560-f50320fc2365-RaftLogWorker: Starting segment from index:0
2019-06-12 15:58:52,316 INFO  impl.RaftServerImpl (ServerState.java:setRaftConf(361)) - 8f8b4fc6-9314-413e-a560-f50320fc2365:group-6976C44F8ADA set configuration 0: [8f8b4fc6-9314-413e-a560-f50320fc2365:192.168.134.73:46185], old=null at 0
2019-06-12 15:58:52,350 INFO  storage.RaftLogWorker (RaftLogWorker.java:execute(469)) - 8f8b4fc6-9314-413e-a560-f50320fc2365-RaftLogWorker: created new log segment /opt/src/hadoop-ozone/integration-test/target/test-dir/MiniOzoneClusterImpl-066bfae2-20e3-4851-83ab-8d328c0cd083/datanode-1/data/ratis/3e5d5ac2-0282-47c8-88c1-6976c44f8ada/current/log_inprogress_0
2019-06-12 15:58:52,488 INFO  impl.FollowerState (FollowerState.java:run(101)) - bb0596c0-0cf2-49c6-8bd7-9affeddec5b0:group-784CB19F4E6C changes to CANDIDATE, lastRpcTime:1158, electionTimeout:1158ms
2019-06-12 15:58:52,488 INFO  impl.RoleInfo (RoleInfo.java:shutdownFollowerState(121)) - bb0596c0-0cf2-49c6-8bd7-9affeddec5b0: shutdown FollowerState
2019-06-12 15:58:52,488 INFO  impl.RaftServerImpl (RaftServerImpl.java:setRole(164)) - bb0596c0-0cf2-49c6-8bd7-9affeddec5b0:group-784CB19F4E6C changes role from FOLLOWER to CANDIDATE at term 0 for changeToCandidate
2019-06-12 15:58:52,488 INFO  impl.RoleInfo (RoleInfo.java:updateAndGet(143)) - bb0596c0-0cf2-49c6-8bd7-9affeddec5b0: start LeaderElection
2019-06-12 15:58:52,492 INFO  impl.LeaderElection (LeaderElection.java:askForVotes(181)) - bb0596c0-0cf2-49c6-8bd7-9affeddec5b0:group-784CB19F4E6C:LeaderElection32: begin an election at term 1 for -1: [bb0596c0-0cf2-49c6-8bd7-9affeddec5b0:192.168.134.73:37785], old=null
2019-06-12 15:58:52,493 INFO  impl.RoleInfo (RoleInfo.java:shutdownLeaderElection(134)) - bb0596c0-0cf2-49c6-8bd7-9affeddec5b0: shutdown LeaderElection
2019-06-12 15:58:52,493 INFO  impl.RaftServerImpl (RaftServerImpl.java:setRole(164)) - bb0596c0-0cf2-49c6-8bd7-9affeddec5b0:group-784CB19F4E6C changes role from CANDIDATE to LEADER at term 1 for changeToLeader
2019-06-12 15:58:52,493 INFO  impl.RaftServerImpl (ServerState.java:setLeader(263)) - bb0596c0-0cf2-49c6-8bd7-9affeddec5b0:group-784CB19F4E6C change Leader from null to bb0596c0-0cf2-49c6-8bd7-9affeddec5b0 at term 1 for becomeLeader, leader elected after 1165ms
2019-06-12 15:58:52,493 INFO  server.RaftServerConfigKeys (ConfUtils.java:logGet(43)) - raft.server.staging.catchup.gap = 1000 (default)
2019-06-12 15:58:52,493 INFO  server.RaftServerConfigKeys (ConfUtils.java:logGet(43)) - raft.server.rpc.sleep.time = 25ms (default)
2019-06-12 15:58:52,493 INFO  server.RaftServerConfigKeys (ConfUtils.java:logGet(43)) - raft.server.watch.timeout = 10s (default)
2019-06-12 15:58:52,493 INFO  server.RaftServerConfigKeys (ConfUtils.java:logGet(43)) - raft.server.watch.timeout.denomination = 1s (default)
2019-06-12 15:58:52,493 INFO  impl.RoleInfo (RoleInfo.java:updateAndGet(143)) - bb0596c0-0cf2-49c6-8bd7-9affeddec5b0: start LeaderState
2019-06-12 15:58:52,493 INFO  storage.RaftLogWorker (RaftLogWorker.java:startLogSegment(298)) - bb0596c0-0cf2-49c6-8bd7-9affeddec5b0-RaftLogWorker: Starting segment from index:0
2019-06-12 15:58:52,494 INFO  impl.RaftServerImpl (ServerState.java:setRaftConf(361)) - bb0596c0-0cf2-49c6-8bd7-9affeddec5b0:group-784CB19F4E6C set configuration 0: [bb0596c0-0cf2-49c6-8bd7-9affeddec5b0:192.168.134.73:37785], old=null at 0
2019-06-12 15:58:52,494 INFO  impl.FollowerState (FollowerState.java:run(101)) - 585d7d00-a7c1-4731-9183-786f9e8c1772:group-4012F0224B77 changes to CANDIDATE, lastRpcTime:1142, electionTimeout:1142ms
2019-06-12 15:58:52,494 INFO  impl.RoleInfo (RoleInfo.java:shutdownFollowerState(121)) - 585d7d00-a7c1-4731-9183-786f9e8c1772: shutdown FollowerState
2019-06-12 15:58:52,494 INFO  impl.RaftServerImpl (RaftServerImpl.java:setRole(164)) - 585d7d00-a7c1-4731-9183-786f9e8c1772:group-4012F0224B77 changes role from FOLLOWER to CANDIDATE at term 0 for changeToCandidate
2019-06-12 15:58:52,494 INFO  impl.RoleInfo (RoleInfo.java:updateAndGet(143)) - 585d7d00-a7c1-4731-9183-786f9e8c1772: start LeaderElection
2019-06-12 15:58:52,511 INFO  impl.FollowerState (FollowerState.java:run(101)) - bb0596c0-0cf2-49c6-8bd7-9affeddec5b0:group-4012F0224B77 changes to CANDIDATE, lastRpcTime:1157, electionTimeout:1144ms
2019-06-12 15:58:52,529 INFO  impl.FollowerState (FollowerState.java:run(101)) - 8f8b4fc6-9314-413e-a560-f50320fc2365:group-4012F0224B77 changes to CANDIDATE, lastRpcTime:1176, electionTimeout:1161ms
2019-06-12 15:58:52,529 INFO  impl.RoleInfo (RoleInfo.java:shutdownFollowerState(121)) - 8f8b4fc6-9314-413e-a560-f50320fc2365: shutdown FollowerState
2019-06-12 15:58:52,529 INFO  impl.RaftServerImpl (RaftServerImpl.java:setRole(164)) - 8f8b4fc6-9314-413e-a560-f50320fc2365:group-4012F0224B77 changes role from FOLLOWER to CANDIDATE at term 0 for changeToCandidate
2019-06-12 15:58:52,529 INFO  impl.RoleInfo (RoleInfo.java:updateAndGet(143)) - 8f8b4fc6-9314-413e-a560-f50320fc2365: start LeaderElection
2019-06-12 15:58:52,529 INFO  impl.RoleInfo (RoleInfo.java:shutdownFollowerState(121)) - bb0596c0-0cf2-49c6-8bd7-9affeddec5b0: shutdown FollowerState
2019-06-12 15:58:52,529 INFO  impl.RaftServerImpl (RaftServerImpl.java:setRole(164)) - bb0596c0-0cf2-49c6-8bd7-9affeddec5b0:group-4012F0224B77 changes role from FOLLOWER to CANDIDATE at term 0 for changeToCandidate
2019-06-12 15:58:52,529 INFO  impl.RoleInfo (RoleInfo.java:updateAndGet(143)) - bb0596c0-0cf2-49c6-8bd7-9affeddec5b0: start LeaderElection
2019-06-12 15:58:52,535 INFO  storage.RaftLogWorker (RaftLogWorker.java:execute(469)) - bb0596c0-0cf2-49c6-8bd7-9affeddec5b0-RaftLogWorker: created new log segment /opt/src/hadoop-ozone/integration-test/target/test-dir/MiniOzoneClusterImpl-066bfae2-20e3-4851-83ab-8d328c0cd083/datanode-2/data/ratis/aea4bce9-29af-4199-92a8-784cb19f4e6c/current/log_inprogress_0
2019-06-12 15:58:52,536 INFO  impl.LeaderElection (LeaderElection.java:askForVotes(181)) - 585d7d00-a7c1-4731-9183-786f9e8c1772:group-4012F0224B77:LeaderElection33: begin an election at term 1 for -1: [8f8b4fc6-9314-413e-a560-f50320fc2365:192.168.134.73:46185, bb0596c0-0cf2-49c6-8bd7-9affeddec5b0:192.168.134.73:37785, 585d7d00-a7c1-4731-9183-786f9e8c1772:192.168.134.73:46281], old=null
2019-06-12 15:58:52,539 INFO  impl.LeaderElection (LeaderElection.java:askForVotes(181)) - 8f8b4fc6-9314-413e-a560-f50320fc2365:group-4012F0224B77:LeaderElection34: begin an election at term 1 for -1: [8f8b4fc6-9314-413e-a560-f50320fc2365:192.168.134.73:46185, bb0596c0-0cf2-49c6-8bd7-9affeddec5b0:192.168.134.73:37785, 585d7d00-a7c1-4731-9183-786f9e8c1772:192.168.134.73:46281], old=null
2019-06-12 15:58:52,540 INFO  impl.LeaderElection (LeaderElection.java:askForVotes(181)) - bb0596c0-0cf2-49c6-8bd7-9affeddec5b0:group-4012F0224B77:LeaderElection35: begin an election at term 1 for -1: [8f8b4fc6-9314-413e-a560-f50320fc2365:192.168.134.73:46185, bb0596c0-0cf2-49c6-8bd7-9affeddec5b0:192.168.134.73:37785, 585d7d00-a7c1-4731-9183-786f9e8c1772:192.168.134.73:46281], old=null
2019-06-12 15:58:52,557 INFO  impl.LeaderElection (LeaderElection.java:logAndReturn(56)) - bb0596c0-0cf2-49c6-8bd7-9affeddec5b0:group-4012F0224B77:LeaderElection35: Election REJECTED; received 2 response(s) [bb0596c0-0cf2-49c6-8bd7-9affeddec5b0->8f8b4fc6-9314-413e-a560-f50320fc2365,false-t1, bb0596c0-0cf2-49c6-8bd7-9affeddec5b0->585d7d00-a7c1-4731-9183-786f9e8c1772,false-t1] and 0 exception(s); bb0596c0-0cf2-49c6-8bd7-9affeddec5b0:t1, leader=null, voted=bb0596c0-0cf2-49c6-8bd7-9affeddec5b0, raftlog=bb0596c0-0cf2-49c6-8bd7-9affeddec5b0-SegmentedRaftLog:OPENED:c-1,f-1,i0, conf=-1: [8f8b4fc6-9314-413e-a560-f50320fc2365:192.168.134.73:46185, bb0596c0-0cf2-49c6-8bd7-9affeddec5b0:192.168.134.73:37785, 585d7d00-a7c1-4731-9183-786f9e8c1772:192.168.134.73:46281], old=null
2019-06-12 15:58:52,557 INFO  impl.RaftServerImpl (RaftServerImpl.java:setRole(164)) - bb0596c0-0cf2-49c6-8bd7-9affeddec5b0:group-4012F0224B77 changes role from CANDIDATE to FOLLOWER at term 1 for DISCOVERED_A_NEW_TERM
2019-06-12 15:58:52,557 INFO  impl.RoleInfo (RoleInfo.java:shutdownLeaderElection(134)) - bb0596c0-0cf2-49c6-8bd7-9affeddec5b0: shutdown LeaderElection
2019-06-12 15:58:52,557 INFO  impl.RoleInfo (RoleInfo.java:updateAndGet(143)) - bb0596c0-0cf2-49c6-8bd7-9affeddec5b0: start FollowerState
2019-06-12 15:58:52,558 INFO  impl.LeaderElection (LeaderElection.java:logAndReturn(56)) - 585d7d00-a7c1-4731-9183-786f9e8c1772:group-4012F0224B77:LeaderElection33: Election REJECTED; received 2 response(s) [585d7d00-a7c1-4731-9183-786f9e8c1772->8f8b4fc6-9314-413e-a560-f50320fc2365,false-t1, 585d7d00-a7c1-4731-9183-786f9e8c1772->bb0596c0-0cf2-49c6-8bd7-9affeddec5b0,false-t1] and 0 exception(s); 585d7d00-a7c1-4731-9183-786f9e8c1772:t1, leader=null, voted=585d7d00-a7c1-4731-9183-786f9e8c1772, raftlog=585d7d00-a7c1-4731-9183-786f9e8c1772-SegmentedRaftLog:OPENED:c-1,f-1,i0, conf=-1: [8f8b4fc6-9314-413e-a560-f50320fc2365:192.168.134.73:46185, bb0596c0-0cf2-49c6-8bd7-9affeddec5b0:192.168.134.73:37785, 585d7d00-a7c1-4731-9183-786f9e8c1772:192.168.134.73:46281], old=null
2019-06-12 15:58:52,560 INFO  impl.RaftServerImpl (RaftServerImpl.java:setRole(164)) - 585d7d00-a7c1-4731-9183-786f9e8c1772:group-4012F0224B77 changes role from CANDIDATE to FOLLOWER at term 1 for DISCOVERED_A_NEW_TERM
2019-06-12 15:58:52,560 INFO  impl.RoleInfo (RoleInfo.java:shutdownLeaderElection(134)) - 585d7d00-a7c1-4731-9183-786f9e8c1772: shutdown LeaderElection
2019-06-12 15:58:52,560 INFO  impl.RoleInfo (RoleInfo.java:updateAndGet(143)) - 585d7d00-a7c1-4731-9183-786f9e8c1772: start FollowerState
2019-06-12 15:58:52,561 INFO  impl.LeaderElection (LeaderElection.java:logAndReturn(56)) - 8f8b4fc6-9314-413e-a560-f50320fc2365:group-4012F0224B77:LeaderElection34: Election REJECTED; received 2 response(s) [8f8b4fc6-9314-413e-a560-f50320fc2365->bb0596c0-0cf2-49c6-8bd7-9affeddec5b0,false-t1, 8f8b4fc6-9314-413e-a560-f50320fc2365->585d7d00-a7c1-4731-9183-786f9e8c1772,false-t1] and 0 exception(s); 8f8b4fc6-9314-413e-a560-f50320fc2365:t1, leader=null, voted=8f8b4fc6-9314-413e-a560-f50320fc2365, raftlog=8f8b4fc6-9314-413e-a560-f50320fc2365-SegmentedRaftLog:OPENED:c-1,f-1,i0, conf=-1: [8f8b4fc6-9314-413e-a560-f50320fc2365:192.168.134.73:46185, bb0596c0-0cf2-49c6-8bd7-9affeddec5b0:192.168.134.73:37785, 585d7d00-a7c1-4731-9183-786f9e8c1772:192.168.134.73:46281], old=null
2019-06-12 15:58:52,562 INFO  impl.RaftServerImpl (RaftServerImpl.java:setRole(164)) - 8f8b4fc6-9314-413e-a560-f50320fc2365:group-4012F0224B77 changes role from CANDIDATE to FOLLOWER at term 1 for DISCOVERED_A_NEW_TERM
2019-06-12 15:58:52,562 INFO  impl.RoleInfo (RoleInfo.java:shutdownLeaderElection(134)) - 8f8b4fc6-9314-413e-a560-f50320fc2365: shutdown LeaderElection
2019-06-12 15:58:52,562 INFO  impl.RoleInfo (RoleInfo.java:updateAndGet(143)) - 8f8b4fc6-9314-413e-a560-f50320fc2365: start FollowerState
2019-06-12 15:58:52,652 INFO  impl.FollowerState (FollowerState.java:run(101)) - 47931a02-d3ef-42c7-b53f-9561c0a5ccb2:group-C218A315E435 changes to CANDIDATE, lastRpcTime:1121, electionTimeout:1121ms
2019-06-12 15:58:52,654 INFO  impl.RoleInfo (RoleInfo.java:shutdownFollowerState(121)) - 47931a02-d3ef-42c7-b53f-9561c0a5ccb2: shutdown FollowerState
2019-06-12 15:58:52,654 INFO  impl.RaftServerImpl (RaftServerImpl.java:setRole(164)) - 47931a02-d3ef-42c7-b53f-9561c0a5ccb2:group-C218A315E435 changes role from FOLLOWER to CANDIDATE at term 0 for changeToCandidate
2019-06-12 15:58:52,654 INFO  impl.RoleInfo (RoleInfo.java:updateAndGet(143)) - 47931a02-d3ef-42c7-b53f-9561c0a5ccb2: start LeaderElection
2019-06-12 15:58:52,659 INFO  impl.LeaderElection (LeaderElection.java:askForVotes(181)) - 47931a02-d3ef-42c7-b53f-9561c0a5ccb2:group-C218A315E435:LeaderElection36: begin an election at term 1 for -1: [47931a02-d3ef-42c7-b53f-9561c0a5ccb2:192.168.134.73:33359], old=null
2019-06-12 15:58:52,659 INFO  impl.RoleInfo (RoleInfo.java:shutdownLeaderElection(134)) - 47931a02-d3ef-42c7-b53f-9561c0a5ccb2: shutdown LeaderElection
2019-06-12 15:58:52,659 INFO  impl.RaftServerImpl (RaftServerImpl.java:setRole(164)) - 47931a02-d3ef-42c7-b53f-9561c0a5ccb2:group-C218A315E435 changes role from CANDIDATE to LEADER at term 1 for changeToLeader
2019-06-12 15:58:52,659 INFO  impl.RaftServerImpl (ServerState.java:setLeader(263)) - 47931a02-d3ef-42c7-b53f-9561c0a5ccb2:group-C218A315E435 change Leader from null to 47931a02-d3ef-42c7-b53f-9561c0a5ccb2 at term 1 for becomeLeader, leader elected after 1130ms
2019-06-12 15:58:52,659 INFO  server.RaftServerConfigKeys (ConfUtils.java:logGet(43)) - raft.server.staging.catchup.gap = 1000 (default)
2019-06-12 15:58:52,659 INFO  server.RaftServerConfigKeys (ConfUtils.java:logGet(43)) - raft.server.rpc.sleep.time = 25ms (default)
2019-06-12 15:58:52,659 INFO  server.RaftServerConfigKeys (ConfUtils.java:logGet(43)) - raft.server.watch.timeout = 10s (default)
2019-06-12 15:58:52,659 INFO  server.RaftServerConfigKeys (ConfUtils.java:logGet(43)) - raft.server.watch.timeout.denomination = 1s (default)
2019-06-12 15:58:52,660 INFO  impl.RoleInfo (RoleInfo.java:updateAndGet(143)) - 47931a02-d3ef-42c7-b53f-9561c0a5ccb2: start LeaderState
2019-06-12 15:58:52,660 INFO  storage.RaftLogWorker (RaftLogWorker.java:startLogSegment(298)) - 47931a02-d3ef-42c7-b53f-9561c0a5ccb2-RaftLogWorker: Starting segment from index:0
2019-06-12 15:58:52,660 INFO  impl.RaftServerImpl (ServerState.java:setRaftConf(361)) - 47931a02-d3ef-42c7-b53f-9561c0a5ccb2:group-C218A315E435 set configuration 0: [47931a02-d3ef-42c7-b53f-9561c0a5ccb2:192.168.134.73:33359], old=null at 0
2019-06-12 15:58:52,694 INFO  storage.RaftLogWorker (RaftLogWorker.java:execute(469)) - 47931a02-d3ef-42c7-b53f-9561c0a5ccb2-RaftLogWorker: created new log segment /opt/src/hadoop-ozone/integration-test/target/test-dir/MiniOzoneClusterImpl-066bfae2-20e3-4851-83ab-8d328c0cd083/datanode-3/data/ratis/96d5cae6-9249-462a-ae14-c218a315e435/current/log_inprogress_0
2019-06-12 15:58:52,739 INFO  impl.FollowerState (FollowerState.java:run(101)) - 897ab5aa-b4e5-461f-8af0-e2657af8a0c2:group-C73DDE801C5D changes to CANDIDATE, lastRpcTime:1065, electionTimeout:1065ms
2019-06-12 15:58:52,739 INFO  impl.RoleInfo (RoleInfo.java:shutdownFollowerState(121)) - 897ab5aa-b4e5-461f-8af0-e2657af8a0c2: shutdown FollowerState
2019-06-12 15:58:52,739 INFO  impl.RaftServerImpl (RaftServerImpl.java:setRole(164)) - 897ab5aa-b4e5-461f-8af0-e2657af8a0c2:group-C73DDE801C5D changes role from FOLLOWER to CANDIDATE at term 0 for changeToCandidate
2019-06-12 15:58:52,739 INFO  impl.RoleInfo (RoleInfo.java:updateAndGet(143)) - 897ab5aa-b4e5-461f-8af0-e2657af8a0c2: start LeaderElection
2019-06-12 15:58:52,745 INFO  impl.LeaderElection (LeaderElection.java:askForVotes(181)) - 897ab5aa-b4e5-461f-8af0-e2657af8a0c2:group-C73DDE801C5D:LeaderElection37: begin an election at term 1 for -1: [897ab5aa-b4e5-461f-8af0-e2657af8a0c2:192.168.134.73:41849], old=null
2019-06-12 15:58:52,745 INFO  impl.RoleInfo (RoleInfo.java:shutdownLeaderElection(134)) - 897ab5aa-b4e5-461f-8af0-e2657af8a0c2: shutdown LeaderElection
2019-06-12 15:58:52,745 INFO  impl.RaftServerImpl (RaftServerImpl.java:setRole(164)) - 897ab5aa-b4e5-461f-8af0-e2657af8a0c2:group-C73DDE801C5D changes role from CANDIDATE to LEADER at term 1 for changeToLeader
2019-06-12 15:58:52,745 INFO  impl.RaftServerImpl (ServerState.java:setLeader(263)) - 897ab5aa-b4e5-461f-8af0-e2657af8a0c2:group-C73DDE801C5D change Leader from null to 897ab5aa-b4e5-461f-8af0-e2657af8a0c2 at term 1 for becomeLeader, leader elected after 1073ms
2019-06-12 15:58:52,745 INFO  server.RaftServerConfigKeys (ConfUtils.java:logGet(43)) - raft.server.staging.catchup.gap = 1000 (default)
2019-06-12 15:58:52,745 INFO  server.RaftServerConfigKeys (ConfUtils.java:logGet(43)) - raft.server.rpc.sleep.time = 25ms (default)
2019-06-12 15:58:52,745 INFO  server.RaftServerConfigKeys (ConfUtils.java:logGet(43)) - raft.server.watch.timeout = 10s (default)
2019-06-12 15:58:52,745 INFO  server.RaftServerConfigKeys (ConfUtils.java:logGet(43)) - raft.server.watch.timeout.denomination = 1s (default)
2019-06-12 15:58:52,745 INFO  impl.RoleInfo (RoleInfo.java:updateAndGet(143)) - 897ab5aa-b4e5-461f-8af0-e2657af8a0c2: start LeaderState
2019-06-12 15:58:52,746 INFO  storage.RaftLogWorker (RaftLogWorker.java:startLogSegment(298)) - 897ab5aa-b4e5-461f-8af0-e2657af8a0c2-RaftLogWorker: Starting segment from index:0
2019-06-12 15:58:52,746 INFO  impl.RaftServerImpl (ServerState.java:setRaftConf(361)) - 897ab5aa-b4e5-461f-8af0-e2657af8a0c2:group-C73DDE801C5D set configuration 0: [897ab5aa-b4e5-461f-8af0-e2657af8a0c2:192.168.134.73:41849], old=null at 0
2019-06-12 15:58:52,780 INFO  storage.RaftLogWorker (RaftLogWorker.java:execute(469)) - 897ab5aa-b4e5-461f-8af0-e2657af8a0c2-RaftLogWorker: created new log segment /opt/src/hadoop-ozone/integration-test/target/test-dir/MiniOzoneClusterImpl-066bfae2-20e3-4851-83ab-8d328c0cd083/datanode-4/data/ratis/7fb45cd1-bf5c-462b-907d-c73dde801c5d/current/log_inprogress_0
2019-06-12 15:58:52,888 INFO  impl.FollowerState (FollowerState.java:run(101)) - 897ab5aa-b4e5-461f-8af0-e2657af8a0c2:group-E27E2D887774 changes to CANDIDATE, lastRpcTime:1032, electionTimeout:1032ms
2019-06-12 15:58:52,888 INFO  impl.RoleInfo (RoleInfo.java:shutdownFollowerState(121)) - 897ab5aa-b4e5-461f-8af0-e2657af8a0c2: shutdown FollowerState
2019-06-12 15:58:52,888 INFO  impl.RaftServerImpl (RaftServerImpl.java:setRole(164)) - 897ab5aa-b4e5-461f-8af0-e2657af8a0c2:group-E27E2D887774 changes role from FOLLOWER to CANDIDATE at term 0 for changeToCandidate
2019-06-12 15:58:52,888 INFO  impl.RoleInfo (RoleInfo.java:updateAndGet(143)) - 897ab5aa-b4e5-461f-8af0-e2657af8a0c2: start LeaderElection
2019-06-12 15:58:52,894 INFO  impl.LeaderElection (LeaderElection.java:askForVotes(181)) - 897ab5aa-b4e5-461f-8af0-e2657af8a0c2:group-E27E2D887774:LeaderElection38: begin an election at term 1 for -1: [0324816e-1b48-4762-8ae5-3e00b7b5cec7:192.168.134.73:39845, 47931a02-d3ef-42c7-b53f-9561c0a5ccb2:192.168.134.73:33359, 897ab5aa-b4e5-461f-8af0-e2657af8a0c2:192.168.134.73:41849], old=null
2019-06-12 15:58:52,901 INFO  impl.RaftServerImpl (RaftServerImpl.java:setRole(164)) - 0324816e-1b48-4762-8ae5-3e00b7b5cec7:group-E27E2D887774 changes role from FOLLOWER to FOLLOWER at term 1 for recognizeCandidate:897ab5aa-b4e5-461f-8af0-e2657af8a0c2
2019-06-12 15:58:52,901 INFO  impl.RoleInfo (RoleInfo.java:shutdownFollowerState(121)) - 0324816e-1b48-4762-8ae5-3e00b7b5cec7: shutdown FollowerState
2019-06-12 15:58:52,901 INFO  impl.RoleInfo (RoleInfo.java:updateAndGet(143)) - 0324816e-1b48-4762-8ae5-3e00b7b5cec7: start FollowerState
2019-06-12 15:58:52,902 INFO  impl.FollowerState (FollowerState.java:run(109)) - 0324816e-1b48-4762-8ae5-3e00b7b5cec7: FollowerState was interrupted: java.lang.InterruptedException: sleep interrupted
2019-06-12 15:58:52,910 INFO  impl.RaftServerImpl (RaftServerImpl.java:setRole(164)) - 47931a02-d3ef-42c7-b53f-9561c0a5ccb2:group-E27E2D887774 changes role from FOLLOWER to FOLLOWER at term 1 for recognizeCandidate:897ab5aa-b4e5-461f-8af0-e2657af8a0c2
2019-06-12 15:58:52,910 INFO  impl.RoleInfo (RoleInfo.java:shutdownFollowerState(121)) - 47931a02-d3ef-42c7-b53f-9561c0a5ccb2: shutdown FollowerState
2019-06-12 15:58:52,910 INFO  impl.RoleInfo (RoleInfo.java:updateAndGet(143)) - 47931a02-d3ef-42c7-b53f-9561c0a5ccb2: start FollowerState
2019-06-12 15:58:52,910 INFO  impl.FollowerState (FollowerState.java:run(109)) - 47931a02-d3ef-42c7-b53f-9561c0a5ccb2: FollowerState was interrupted: java.lang.InterruptedException: sleep interrupted
2019-06-12 15:58:52,918 INFO  impl.LeaderElection (LeaderElection.java:logAndReturn(56)) - 897ab5aa-b4e5-461f-8af0-e2657af8a0c2:group-E27E2D887774:LeaderElection38: Election PASSED; received 1 response(s) [897ab5aa-b4e5-461f-8af0-e2657af8a0c2->0324816e-1b48-4762-8ae5-3e00b7b5cec7,true-t1] and 0 exception(s); 897ab5aa-b4e5-461f-8af0-e2657af8a0c2:t1, leader=null, voted=897ab5aa-b4e5-461f-8af0-e2657af8a0c2, raftlog=897ab5aa-b4e5-461f-8af0-e2657af8a0c2-SegmentedRaftLog:OPENED:c-1,f-1,i0, conf=-1: [0324816e-1b48-4762-8ae5-3e00b7b5cec7:192.168.134.73:39845, 47931a02-d3ef-42c7-b53f-9561c0a5ccb2:192.168.134.73:33359, 897ab5aa-b4e5-461f-8af0-e2657af8a0c2:192.168.134.73:41849], old=null
2019-06-12 15:58:52,918 INFO  impl.RoleInfo (RoleInfo.java:shutdownLeaderElection(134)) - 897ab5aa-b4e5-461f-8af0-e2657af8a0c2: shutdown LeaderElection
2019-06-12 15:58:52,918 INFO  impl.RaftServerImpl (RaftServerImpl.java:setRole(164)) - 897ab5aa-b4e5-461f-8af0-e2657af8a0c2:group-E27E2D887774 changes role from CANDIDATE to LEADER at term 1 for changeToLeader
2019-06-12 15:58:52,918 INFO  impl.RaftServerImpl (ServerState.java:setLeader(263)) - 897ab5aa-b4e5-461f-8af0-e2657af8a0c2:group-E27E2D887774 change Leader from null to 897ab5aa-b4e5-461f-8af0-e2657af8a0c2 at term 1 for becomeLeader, leader elected after 1065ms
2019-06-12 15:58:52,918 INFO  server.RaftServerConfigKeys (ConfUtils.java:logGet(43)) - raft.server.staging.catchup.gap = 1000 (default)
2019-06-12 15:58:52,919 INFO  server.RaftServerConfigKeys (ConfUtils.java:logGet(43)) - raft.server.rpc.sleep.time = 25ms (default)
2019-06-12 15:58:52,919 INFO  server.RaftServerConfigKeys (ConfUtils.java:logGet(43)) - raft.server.watch.timeout = 10s (default)
2019-06-12 15:58:52,919 INFO  server.RaftServerConfigKeys (ConfUtils.java:logGet(43)) - raft.server.watch.timeout.denomination = 1s (default)
2019-06-12 15:58:52,919 INFO  server.RaftServerConfigKeys (ConfUtils.java:logGet(43)) - raft.server.log.appender.snapshot.chunk.size.max = 16MB (=16777216) (default)
2019-06-12 15:58:52,919 INFO  server.RaftServerConfigKeys (ConfUtils.java:logGet(43)) - raft.server.log.appender.buffer.byte-limit = 33554432 (custom)
2019-06-12 15:58:52,919 INFO  server.RaftServerConfigKeys (ConfUtils.java:logGet(43)) - raft.server.log.appender.buffer.element-limit = 1 (custom)
2019-06-12 15:58:52,919 INFO  grpc.GrpcConfigKeys$Server (ConfUtils.java:logGet(43)) - raft.grpc.server.leader.outstanding.appends.max = 128 (default)
2019-06-12 15:58:52,920 INFO  server.RaftServerConfigKeys (ConfUtils.java:logGet(43)) - raft.server.rpc.request.timeout = 3000ms (default)
2019-06-12 15:58:52,920 INFO  server.RaftServerConfigKeys (ConfUtils.java:logGet(43)) - raft.server.log.appender.install.snapshot.enabled = true (default)
2019-06-12 15:58:52,920 INFO  server.RaftServerConfigKeys (ConfUtils.java:logGet(43)) - raft.server.log.appender.snapshot.chunk.size.max = 16MB (=16777216) (default)
2019-06-12 15:58:52,920 INFO  server.RaftServerConfigKeys (ConfUtils.java:logGet(43)) - raft.server.log.appender.buffer.byte-limit = 33554432 (custom)
2019-06-12 15:58:52,920 INFO  server.RaftServerConfigKeys (ConfUtils.java:logGet(43)) - raft.server.log.appender.buffer.element-limit = 1 (custom)
2019-06-12 15:58:52,920 INFO  grpc.GrpcConfigKeys$Server (ConfUtils.java:logGet(43)) - raft.grpc.server.leader.outstanding.appends.max = 128 (default)
2019-06-12 15:58:52,920 INFO  server.RaftServerConfigKeys (ConfUtils.java:logGet(43)) - raft.server.rpc.request.timeout = 3000ms (default)
2019-06-12 15:58:52,920 INFO  server.RaftServerConfigKeys (ConfUtils.java:logGet(43)) - raft.server.log.appender.install.snapshot.enabled = true (default)
2019-06-12 15:58:52,920 INFO  impl.RoleInfo (RoleInfo.java:updateAndGet(143)) - 897ab5aa-b4e5-461f-8af0-e2657af8a0c2: start LeaderState
2019-06-12 15:58:52,921 INFO  storage.RaftLogWorker (RaftLogWorker.java:startLogSegment(298)) - 897ab5aa-b4e5-461f-8af0-e2657af8a0c2-RaftLogWorker: Starting segment from index:0
2019-06-12 15:58:52,939 INFO  impl.RaftServerImpl (ServerState.java:setLeader(263)) - 0324816e-1b48-4762-8ae5-3e00b7b5cec7:group-E27E2D887774 change Leader from null to 897ab5aa-b4e5-461f-8af0-e2657af8a0c2 at term 1 for appendEntries, leader elected after 1083ms
2019-06-12 15:58:52,957 INFO  impl.RaftServerImpl (ServerState.java:setLeader(263)) - 47931a02-d3ef-42c7-b53f-9561c0a5ccb2:group-E27E2D887774 change Leader from null to 897ab5aa-b4e5-461f-8af0-e2657af8a0c2 at term 1 for appendEntries, leader elected after 1105ms
2019-06-12 15:58:52,940 INFO  impl.RaftServerImpl (ServerState.java:setRaftConf(361)) - 897ab5aa-b4e5-461f-8af0-e2657af8a0c2:group-E27E2D887774 set configuration 0: [0324816e-1b48-4762-8ae5-3e00b7b5cec7:192.168.134.73:39845, 47931a02-d3ef-42c7-b53f-9561c0a5ccb2:192.168.134.73:33359, 897ab5aa-b4e5-461f-8af0-e2657af8a0c2:192.168.134.73:41849], old=null at 0
2019-06-12 15:58:52,959 INFO  storage.RaftLogWorker (RaftLogWorker.java:execute(469)) - 897ab5aa-b4e5-461f-8af0-e2657af8a0c2-RaftLogWorker: created new log segment /opt/src/hadoop-ozone/integration-test/target/test-dir/MiniOzoneClusterImpl-066bfae2-20e3-4851-83ab-8d328c0cd083/datanode-4/data/ratis/1d033125-0871-4108-87aa-e27e2d887774/current/log_inprogress_0
2019-06-12 15:58:52,960 INFO  impl.RaftServerImpl (ServerState.java:setRaftConf(361)) - 0324816e-1b48-4762-8ae5-3e00b7b5cec7:group-E27E2D887774 set configuration 0: [0324816e-1b48-4762-8ae5-3e00b7b5cec7:192.168.134.73:39845, 47931a02-d3ef-42c7-b53f-9561c0a5ccb2:192.168.134.73:33359, 897ab5aa-b4e5-461f-8af0-e2657af8a0c2:192.168.134.73:41849], old=null at 0
2019-06-12 15:58:52,960 INFO  storage.RaftLogWorker (RaftLogWorker.java:startLogSegment(298)) - 0324816e-1b48-4762-8ae5-3e00b7b5cec7-RaftLogWorker: Starting segment from index:0
2019-06-12 15:58:52,960 INFO  impl.RaftServerImpl (ServerState.java:setRaftConf(361)) - 47931a02-d3ef-42c7-b53f-9561c0a5ccb2:group-E27E2D887774 set configuration 0: [0324816e-1b48-4762-8ae5-3e00b7b5cec7:192.168.134.73:39845, 47931a02-d3ef-42c7-b53f-9561c0a5ccb2:192.168.134.73:33359, 897ab5aa-b4e5-461f-8af0-e2657af8a0c2:192.168.134.73:41849], old=null at 0
2019-06-12 15:58:52,961 INFO  storage.RaftLogWorker (RaftLogWorker.java:startLogSegment(298)) - 47931a02-d3ef-42c7-b53f-9561c0a5ccb2-RaftLogWorker: Starting segment from index:0
2019-06-12 15:58:52,965 INFO  ozone.MiniOzoneClusterImpl (MiniOzoneClusterImpl.java:lambda$waitForClusterToBeReady$0(142)) - Cluster is ready. Got 7 of 7 DN Heartbeats.
2019-06-12 15:58:53,004 INFO  impl.FollowerState (FollowerState.java:run(101)) - 0324816e-1b48-4762-8ae5-3e00b7b5cec7:group-6B72D5FE8618 changes to CANDIDATE, lastRpcTime:1168, electionTimeout:1167ms
2019-06-12 15:58:53,004 INFO  impl.RoleInfo (RoleInfo.java:shutdownFollowerState(121)) - 0324816e-1b48-4762-8ae5-3e00b7b5cec7: shutdown FollowerState
2019-06-12 15:58:53,004 INFO  impl.RaftServerImpl (RaftServerImpl.java:setRole(164)) - 0324816e-1b48-4762-8ae5-3e00b7b5cec7:group-6B72D5FE8618 changes role from FOLLOWER to CANDIDATE at term 0 for changeToCandidate
2019-06-12 15:58:53,004 INFO  impl.RoleInfo (RoleInfo.java:updateAndGet(143)) - 0324816e-1b48-4762-8ae5-3e00b7b5cec7: start LeaderElection
2019-06-12 15:58:53,026 INFO  storage.RaftLogWorker (RaftLogWorker.java:execute(469)) - 47931a02-d3ef-42c7-b53f-9561c0a5ccb2-RaftLogWorker: created new log segment /opt/src/hadoop-ozone/integration-test/target/test-dir/MiniOzoneClusterImpl-066bfae2-20e3-4851-83ab-8d328c0cd083/datanode-3/data/ratis/1d033125-0871-4108-87aa-e27e2d887774/current/log_inprogress_0
2019-06-12 15:58:53,027 INFO  storage.RaftLogWorker (RaftLogWorker.java:execute(469)) - 0324816e-1b48-4762-8ae5-3e00b7b5cec7-RaftLogWorker: created new log segment /opt/src/hadoop-ozone/integration-test/target/test-dir/MiniOzoneClusterImpl-066bfae2-20e3-4851-83ab-8d328c0cd083/datanode-5/data/ratis/1d033125-0871-4108-87aa-e27e2d887774/current/log_inprogress_0
2019-06-12 15:58:53,030 INFO  impl.LeaderElection (LeaderElection.java:askForVotes(181)) - 0324816e-1b48-4762-8ae5-3e00b7b5cec7:group-6B72D5FE8618:LeaderElection39: begin an election at term 1 for -1: [0324816e-1b48-4762-8ae5-3e00b7b5cec7:192.168.134.73:39845], old=null
2019-06-12 15:58:53,034 INFO  impl.RoleInfo (RoleInfo.java:shutdownLeaderElection(134)) - 0324816e-1b48-4762-8ae5-3e00b7b5cec7: shutdown LeaderElection
2019-06-12 15:58:53,035 INFO  impl.RaftServerImpl (RaftServerImpl.java:setRole(164)) - 0324816e-1b48-4762-8ae5-3e00b7b5cec7:group-6B72D5FE8618 changes role from CANDIDATE to LEADER at term 1 for changeToLeader
2019-06-12 15:58:53,035 INFO  impl.RaftServerImpl (ServerState.java:setLeader(263)) - 0324816e-1b48-4762-8ae5-3e00b7b5cec7:group-6B72D5FE8618 change Leader from null to 0324816e-1b48-4762-8ae5-3e00b7b5cec7 at term 1 for becomeLeader, leader elected after 1201ms
2019-06-12 15:58:53,035 INFO  server.RaftServerConfigKeys (ConfUtils.java:logGet(43)) - raft.server.staging.catchup.gap = 1000 (default)
2019-06-12 15:58:53,035 INFO  server.RaftServerConfigKeys (ConfUtils.java:logGet(43)) - raft.server.rpc.sleep.time = 25ms (default)
2019-06-12 15:58:53,035 INFO  server.RaftServerConfigKeys (ConfUtils.java:logGet(43)) - raft.server.watch.timeout = 10s (default)
2019-06-12 15:58:53,035 INFO  server.RaftServerConfigKeys (ConfUtils.java:logGet(43)) - raft.server.watch.timeout.denomination = 1s (default)
2019-06-12 15:58:53,035 INFO  impl.RoleInfo (RoleInfo.java:updateAndGet(143)) - 0324816e-1b48-4762-8ae5-3e00b7b5cec7: start LeaderState
2019-06-12 15:58:53,035 INFO  storage.RaftLogWorker (RaftLogWorker.java:startLogSegment(298)) - 0324816e-1b48-4762-8ae5-3e00b7b5cec7-RaftLogWorker: Starting segment from index:0
2019-06-12 15:58:53,041 INFO  rpc.RpcClient (RpcClient.java:createVolume(289)) - Creating Volume: watchforcommithandlingtest, with root as owner.
2019-06-12 15:58:53,041 INFO  impl.RaftServerImpl (ServerState.java:setRaftConf(361)) - 0324816e-1b48-4762-8ae5-3e00b7b5cec7:group-6B72D5FE8618 set configuration 0: [0324816e-1b48-4762-8ae5-3e00b7b5cec7:192.168.134.73:39845], old=null at 0
2019-06-12 15:58:53,084 INFO  storage.RaftLogWorker (RaftLogWorker.java:execute(469)) - 0324816e-1b48-4762-8ae5-3e00b7b5cec7-RaftLogWorker: created new log segment /opt/src/hadoop-ozone/integration-test/target/test-dir/MiniOzoneClusterImpl-066bfae2-20e3-4851-83ab-8d328c0cd083/datanode-5/data/ratis/64882e86-59ba-4a56-9ff2-6b72d5fe8618/current/log_inprogress_0
2019-06-12 15:58:53,084 INFO  rpc.RpcClient (RpcClient.java:createBucket(426)) - Creating Bucket: watchforcommithandlingtest/watchforcommithandlingtest, with Versioning false and Storage Type set to DISK and Encryption set to false 
2019-06-12 15:58:53,087 INFO  ozone.MiniOzoneClusterImpl (MiniOzoneClusterImpl.java:getStorageContainerLocationClient(241)) - Creating StorageContainerLocationProtocol RPC client with address /0.0.0.0:37773
2019-06-12 15:58:53,094 INFO  client.GrpcClientProtocolClient (GrpcClientProtocolClient.java:onNext(254)) - client-025F3388CB77->bb0596c0-0cf2-49c6-8bd7-9affeddec5b0: receive RaftClientReply:client-025F3388CB77->bb0596c0-0cf2-49c6-8bd7-9affeddec5b0@group-4012F0224B77, cid=66, FAILED org.apache.ratis.protocol.NotLeaderException: Server bb0596c0-0cf2-49c6-8bd7-9affeddec5b0 is not the leader (8f8b4fc6-9314-413e-a560-f50320fc2365:192.168.134.73:46185). Request must be sent to leader., logIndex=0, commits[bb0596c0-0cf2-49c6-8bd7-9affeddec5b0:c-1]
2019-06-12 15:58:53,097 WARN  client.GrpcClientProtocolService (LogUtils.java:warn(134)) - 0-OrderedRequestStreamObserver0: onError: org.apache.ratis.thirdparty.io.grpc.StatusRuntimeException: CANCELLED: cancelled before receiving half close
2019-06-12 15:58:53,163 INFO  impl.FollowerState (FollowerState.java:run(101)) - 3b073085-3014-4024-9a6c-5778bac8437d:group-DE8E116181B1 changes to CANDIDATE, lastRpcTime:1176, electionTimeout:1176ms
2019-06-12 15:58:53,165 INFO  impl.RoleInfo (RoleInfo.java:shutdownFollowerState(121)) - 3b073085-3014-4024-9a6c-5778bac8437d: shutdown FollowerState
2019-06-12 15:58:53,165 INFO  impl.RaftServerImpl (RaftServerImpl.java:setRole(164)) - 3b073085-3014-4024-9a6c-5778bac8437d:group-DE8E116181B1 changes role from FOLLOWER to CANDIDATE at term 0 for changeToCandidate
2019-06-12 15:58:53,165 INFO  impl.RoleInfo (RoleInfo.java:updateAndGet(143)) - 3b073085-3014-4024-9a6c-5778bac8437d: start LeaderElection
2019-06-12 15:58:53,175 INFO  impl.LeaderElection (LeaderElection.java:askForVotes(181)) - 3b073085-3014-4024-9a6c-5778bac8437d:group-DE8E116181B1:LeaderElection40: begin an election at term 1 for -1: [3b073085-3014-4024-9a6c-5778bac8437d:192.168.134.73:36479], old=null
2019-06-12 15:58:53,176 INFO  impl.RoleInfo (RoleInfo.java:shutdownLeaderElection(134)) - 3b073085-3014-4024-9a6c-5778bac8437d: shutdown LeaderElection
2019-06-12 15:58:53,176 INFO  impl.RaftServerImpl (RaftServerImpl.java:setRole(164)) - 3b073085-3014-4024-9a6c-5778bac8437d:group-DE8E116181B1 changes role from CANDIDATE to LEADER at term 1 for changeToLeader
2019-06-12 15:58:53,176 INFO  impl.RaftServerImpl (ServerState.java:setLeader(263)) - 3b073085-3014-4024-9a6c-5778bac8437d:group-DE8E116181B1 change Leader from null to 3b073085-3014-4024-9a6c-5778bac8437d at term 1 for becomeLeader, leader elected after 1191ms
2019-06-12 15:58:53,176 INFO  server.RaftServerConfigKeys (ConfUtils.java:logGet(43)) - raft.server.staging.catchup.gap = 1000 (default)
2019-06-12 15:58:53,176 INFO  server.RaftServerConfigKeys (ConfUtils.java:logGet(43)) - raft.server.rpc.sleep.time = 25ms (default)
2019-06-12 15:58:53,176 INFO  server.RaftServerConfigKeys (ConfUtils.java:logGet(43)) - raft.server.watch.timeout = 10s (default)
2019-06-12 15:58:53,176 INFO  server.RaftServerConfigKeys (ConfUtils.java:logGet(43)) - raft.server.watch.timeout.denomination = 1s (default)
2019-06-12 15:58:53,176 INFO  impl.RoleInfo (RoleInfo.java:updateAndGet(143)) - 3b073085-3014-4024-9a6c-5778bac8437d: start LeaderState
2019-06-12 15:58:53,176 INFO  storage.RaftLogWorker (RaftLogWorker.java:startLogSegment(298)) - 3b073085-3014-4024-9a6c-5778bac8437d-RaftLogWorker: Starting segment from index:0
2019-06-12 15:58:53,177 INFO  impl.RaftServerImpl (ServerState.java:setRaftConf(361)) - 3b073085-3014-4024-9a6c-5778bac8437d:group-DE8E116181B1 set configuration 0: [3b073085-3014-4024-9a6c-5778bac8437d:192.168.134.73:36479], old=null at 0
2019-06-12 15:58:53,212 INFO  storage.RaftLogWorker (RaftLogWorker.java:execute(469)) - 3b073085-3014-4024-9a6c-5778bac8437d-RaftLogWorker: created new log segment /opt/src/hadoop-ozone/integration-test/target/test-dir/MiniOzoneClusterImpl-066bfae2-20e3-4851-83ab-8d328c0cd083/datanode-6/data/ratis/4f6c4ecc-5ef4-402c-81b3-de8e116181b1/current/log_inprogress_0
2019-06-12 15:58:53,563 INFO  impl.FollowerState (FollowerState.java:run(101)) - 585d7d00-a7c1-4731-9183-786f9e8c1772:group-4012F0224B77 changes to CANDIDATE, lastRpcTime:1003, electionTimeout:1003ms
2019-06-12 15:58:53,563 INFO  impl.RoleInfo (RoleInfo.java:shutdownFollowerState(121)) - 585d7d00-a7c1-4731-9183-786f9e8c1772: shutdown FollowerState
2019-06-12 15:58:53,563 INFO  impl.RaftServerImpl (RaftServerImpl.java:setRole(164)) - 585d7d00-a7c1-4731-9183-786f9e8c1772:group-4012F0224B77 changes role from FOLLOWER to CANDIDATE at term 1 for changeToCandidate
2019-06-12 15:58:53,563 INFO  impl.RoleInfo (RoleInfo.java:updateAndGet(143)) - 585d7d00-a7c1-4731-9183-786f9e8c1772: start LeaderElection
2019-06-12 15:58:53,566 INFO  impl.LeaderElection (LeaderElection.java:askForVotes(181)) - 585d7d00-a7c1-4731-9183-786f9e8c1772:group-4012F0224B77:LeaderElection41: begin an election at term 2 for -1: [8f8b4fc6-9314-413e-a560-f50320fc2365:192.168.134.73:46185, bb0596c0-0cf2-49c6-8bd7-9affeddec5b0:192.168.134.73:37785, 585d7d00-a7c1-4731-9183-786f9e8c1772:192.168.134.73:46281], old=null
2019-06-12 15:58:53,567 INFO  impl.RaftServerImpl (RaftServerImpl.java:setRole(164)) - 8f8b4fc6-9314-413e-a560-f50320fc2365:group-4012F0224B77 changes role from FOLLOWER to FOLLOWER at term 2 for recognizeCandidate:585d7d00-a7c1-4731-9183-786f9e8c1772
2019-06-12 15:58:53,568 INFO  impl.RoleInfo (RoleInfo.java:shutdownFollowerState(121)) - 8f8b4fc6-9314-413e-a560-f50320fc2365: shutdown FollowerState
2019-06-12 15:58:53,568 INFO  impl.RaftServerImpl (RaftServerImpl.java:setRole(164)) - bb0596c0-0cf2-49c6-8bd7-9affeddec5b0:group-4012F0224B77 changes role from FOLLOWER to FOLLOWER at term 2 for recognizeCandidate:585d7d00-a7c1-4731-9183-786f9e8c1772
2019-06-12 15:58:53,568 INFO  impl.FollowerState (FollowerState.java:run(109)) - 8f8b4fc6-9314-413e-a560-f50320fc2365: FollowerState was interrupted: java.lang.InterruptedException: sleep interrupted
2019-06-12 15:58:53,568 INFO  impl.RoleInfo (RoleInfo.java:shutdownFollowerState(121)) - bb0596c0-0cf2-49c6-8bd7-9affeddec5b0: shutdown FollowerState
2019-06-12 15:58:53,568 INFO  impl.RoleInfo (RoleInfo.java:updateAndGet(143)) - bb0596c0-0cf2-49c6-8bd7-9affeddec5b0: start FollowerState
2019-06-12 15:58:53,568 INFO  impl.RoleInfo (RoleInfo.java:updateAndGet(143)) - 8f8b4fc6-9314-413e-a560-f50320fc2365: start FollowerState
2019-06-12 15:58:53,568 INFO  impl.FollowerState (FollowerState.java:run(109)) - bb0596c0-0cf2-49c6-8bd7-9affeddec5b0: FollowerState was interrupted: java.lang.InterruptedException: sleep interrupted
2019-06-12 15:58:53,574 INFO  impl.LeaderElection (LeaderElection.java:logAndReturn(56)) - 585d7d00-a7c1-4731-9183-786f9e8c1772:group-4012F0224B77:LeaderElection41: Election PASSED; received 1 response(s) [585d7d00-a7c1-4731-9183-786f9e8c1772->bb0596c0-0cf2-49c6-8bd7-9affeddec5b0,true-t2] and 0 exception(s); 585d7d00-a7c1-4731-9183-786f9e8c1772:t2, leader=null, voted=585d7d00-a7c1-4731-9183-786f9e8c1772, raftlog=585d7d00-a7c1-4731-9183-786f9e8c1772-SegmentedRaftLog:OPENED:c-1,f-1,i0, conf=-1: [8f8b4fc6-9314-413e-a560-f50320fc2365:192.168.134.73:46185, bb0596c0-0cf2-49c6-8bd7-9affeddec5b0:192.168.134.73:37785, 585d7d00-a7c1-4731-9183-786f9e8c1772:192.168.134.73:46281], old=null
2019-06-12 15:58:53,574 INFO  impl.RoleInfo (RoleInfo.java:shutdownLeaderElection(134)) - 585d7d00-a7c1-4731-9183-786f9e8c1772: shutdown LeaderElection
2019-06-12 15:58:53,574 INFO  impl.RaftServerImpl (RaftServerImpl.java:setRole(164)) - 585d7d00-a7c1-4731-9183-786f9e8c1772:group-4012F0224B77 changes role from CANDIDATE to LEADER at term 2 for changeToLeader
2019-06-12 15:58:53,574 INFO  impl.RaftServerImpl (ServerState.java:setLeader(263)) - 585d7d00-a7c1-4731-9183-786f9e8c1772:group-4012F0224B77 change Leader from null to 585d7d00-a7c1-4731-9183-786f9e8c1772 at term 2 for becomeLeader, leader elected after 2225ms
2019-06-12 15:58:53,574 INFO  server.RaftServerConfigKeys (ConfUtils.java:logGet(43)) - raft.server.staging.catchup.gap = 1000 (default)
2019-06-12 15:58:53,574 INFO  server.RaftServerConfigKeys (ConfUtils.java:logGet(43)) - raft.server.rpc.sleep.time = 25ms (default)
2019-06-12 15:58:53,574 INFO  server.RaftServerConfigKeys (ConfUtils.java:logGet(43)) - raft.server.watch.timeout = 10s (default)
2019-06-12 15:58:53,574 INFO  server.RaftServerConfigKeys (ConfUtils.java:logGet(43)) - raft.server.watch.timeout.denomination = 1s (default)
2019-06-12 15:58:53,574 INFO  server.RaftServerConfigKeys (ConfUtils.java:logGet(43)) - raft.server.log.appender.snapshot.chunk.size.max = 16MB (=16777216) (default)
2019-06-12 15:58:53,574 INFO  server.RaftServerConfigKeys (ConfUtils.java:logGet(43)) - raft.server.log.appender.buffer.byte-limit = 33554432 (custom)
2019-06-12 15:58:53,574 INFO  server.RaftServerConfigKeys (ConfUtils.java:logGet(43)) - raft.server.log.appender.buffer.element-limit = 1 (custom)
2019-06-12 15:58:53,575 INFO  grpc.GrpcConfigKeys$Server (ConfUtils.java:logGet(43)) - raft.grpc.server.leader.outstanding.appends.max = 128 (default)
2019-06-12 15:58:53,575 INFO  server.RaftServerConfigKeys (ConfUtils.java:logGet(43)) - raft.server.rpc.request.timeout = 3000ms (default)
2019-06-12 15:58:53,575 INFO  server.RaftServerConfigKeys (ConfUtils.java:logGet(43)) - raft.server.log.appender.install.snapshot.enabled = true (default)
2019-06-12 15:58:53,575 INFO  server.RaftServerConfigKeys (ConfUtils.java:logGet(43)) - raft.server.log.appender.snapshot.chunk.size.max = 16MB (=16777216) (default)
2019-06-12 15:58:53,575 INFO  server.RaftServerConfigKeys (ConfUtils.java:logGet(43)) - raft.server.log.appender.buffer.byte-limit = 33554432 (custom)
2019-06-12 15:58:53,575 INFO  server.RaftServerConfigKeys (ConfUtils.java:logGet(43)) - raft.server.log.appender.buffer.element-limit = 1 (custom)
2019-06-12 15:58:53,575 INFO  grpc.GrpcConfigKeys$Server (ConfUtils.java:logGet(43)) - raft.grpc.server.leader.outstanding.appends.max = 128 (default)
2019-06-12 15:58:53,575 INFO  server.RaftServerConfigKeys (ConfUtils.java:logGet(43)) - raft.server.rpc.request.timeout = 3000ms (default)
2019-06-12 15:58:53,575 INFO  server.RaftServerConfigKeys (ConfUtils.java:logGet(43)) - raft.server.log.appender.install.snapshot.enabled = true (default)
2019-06-12 15:58:53,575 INFO  impl.RoleInfo (RoleInfo.java:updateAndGet(143)) - 585d7d00-a7c1-4731-9183-786f9e8c1772: start LeaderState
2019-06-12 15:58:53,575 INFO  storage.RaftLogWorker (RaftLogWorker.java:startLogSegment(298)) - 585d7d00-a7c1-4731-9183-786f9e8c1772-RaftLogWorker: Starting segment from index:0
2019-06-12 15:58:53,577 INFO  impl.RaftServerImpl (ServerState.java:setRaftConf(361)) - 585d7d00-a7c1-4731-9183-786f9e8c1772:group-4012F0224B77 set configuration 0: [8f8b4fc6-9314-413e-a560-f50320fc2365:192.168.134.73:46185, bb0596c0-0cf2-49c6-8bd7-9affeddec5b0:192.168.134.73:37785, 585d7d00-a7c1-4731-9183-786f9e8c1772:192.168.134.73:46281], old=null at 0
2019-06-12 15:58:53,578 INFO  impl.RaftServerImpl (ServerState.java:setLeader(263)) - 8f8b4fc6-9314-413e-a560-f50320fc2365:group-4012F0224B77 change Leader from null to 585d7d00-a7c1-4731-9183-786f9e8c1772 at term 2 for appendEntries, leader elected after 2230ms
2019-06-12 15:58:53,596 INFO  impl.RaftServerImpl (ServerState.java:setLeader(263)) - bb0596c0-0cf2-49c6-8bd7-9affeddec5b0:group-4012F0224B77 change Leader from null to 585d7d00-a7c1-4731-9183-786f9e8c1772 at term 2 for appendEntries, leader elected after 2244ms
2019-06-12 15:58:53,596 INFO  impl.RaftServerImpl (ServerState.java:setRaftConf(361)) - 8f8b4fc6-9314-413e-a560-f50320fc2365:group-4012F0224B77 set configuration 0: [8f8b4fc6-9314-413e-a560-f50320fc2365:192.168.134.73:46185, bb0596c0-0cf2-49c6-8bd7-9affeddec5b0:192.168.134.73:37785, 585d7d00-a7c1-4731-9183-786f9e8c1772:192.168.134.73:46281], old=null at 0
2019-06-12 15:58:53,597 INFO  storage.RaftLogWorker (RaftLogWorker.java:startLogSegment(298)) - 8f8b4fc6-9314-413e-a560-f50320fc2365-RaftLogWorker: Starting segment from index:0
2019-06-12 15:58:53,601 INFO  impl.RaftServerImpl (ServerState.java:setRaftConf(361)) - bb0596c0-0cf2-49c6-8bd7-9affeddec5b0:group-4012F0224B77 set configuration 0: [8f8b4fc6-9314-413e-a560-f50320fc2365:192.168.134.73:46185, bb0596c0-0cf2-49c6-8bd7-9affeddec5b0:192.168.134.73:37785, 585d7d00-a7c1-4731-9183-786f9e8c1772:192.168.134.73:46281], old=null at 0
2019-06-12 15:58:53,601 INFO  storage.RaftLogWorker (RaftLogWorker.java:startLogSegment(298)) - bb0596c0-0cf2-49c6-8bd7-9affeddec5b0-RaftLogWorker: Starting segment from index:0
2019-06-12 15:58:53,618 INFO  storage.RaftLogWorker (RaftLogWorker.java:execute(469)) - 585d7d00-a7c1-4731-9183-786f9e8c1772-RaftLogWorker: created new log segment /opt/src/hadoop-ozone/integration-test/target/test-dir/MiniOzoneClusterImpl-066bfae2-20e3-4851-83ab-8d328c0cd083/datanode-0/data/ratis/9af24103-36f8-4d5f-ae7a-4012f0224b77/current/log_inprogress_0
2019-06-12 15:58:53,634 INFO  storage.RaftLogWorker (RaftLogWorker.java:execute(469)) - 8f8b4fc6-9314-413e-a560-f50320fc2365-RaftLogWorker: created new log segment /opt/src/hadoop-ozone/integration-test/target/test-dir/MiniOzoneClusterImpl-066bfae2-20e3-4851-83ab-8d328c0cd083/datanode-1/data/ratis/9af24103-36f8-4d5f-ae7a-4012f0224b77/current/log_inprogress_0
2019-06-12 15:58:53,640 INFO  storage.RaftLogWorker (RaftLogWorker.java:execute(469)) - bb0596c0-0cf2-49c6-8bd7-9affeddec5b0-RaftLogWorker: created new log segment /opt/src/hadoop-ozone/integration-test/target/test-dir/MiniOzoneClusterImpl-066bfae2-20e3-4851-83ab-8d328c0cd083/datanode-2/data/ratis/9af24103-36f8-4d5f-ae7a-4012f0224b77/current/log_inprogress_0
2019-06-12 15:58:54,104 INFO  client.GrpcClientProtocolClient (GrpcClientProtocolClient.java:onNext(254)) - client-025F3388CB77->8f8b4fc6-9314-413e-a560-f50320fc2365: receive RaftClientReply:client-025F3388CB77->8f8b4fc6-9314-413e-a560-f50320fc2365@group-4012F0224B77, cid=66, FAILED org.apache.ratis.protocol.NotLeaderException: Server 8f8b4fc6-9314-413e-a560-f50320fc2365 is not the leader (585d7d00-a7c1-4731-9183-786f9e8c1772:192.168.134.73:46281). Request must be sent to leader., logIndex=0, commits[8f8b4fc6-9314-413e-a560-f50320fc2365:c-1, bb0596c0-0cf2-49c6-8bd7-9affeddec5b0:c-1, 585d7d00-a7c1-4731-9183-786f9e8c1772:c-1]
2019-06-12 15:58:54,107 WARN  client.GrpcClientProtocolService (LogUtils.java:warn(134)) - 0-OrderedRequestStreamObserver0: onError: org.apache.ratis.thirdparty.io.grpc.StatusRuntimeException: CANCELLED: cancelled before receiving half close
2019-06-12 15:58:55,112 INFO  client.GrpcClientProtocolClient (GrpcClientProtocolClient.java:onNext(254)) - client-025F3388CB77->bb0596c0-0cf2-49c6-8bd7-9affeddec5b0: receive RaftClientReply:client-025F3388CB77->bb0596c0-0cf2-49c6-8bd7-9affeddec5b0@group-4012F0224B77, cid=66, FAILED org.apache.ratis.protocol.NotLeaderException: Server bb0596c0-0cf2-49c6-8bd7-9affeddec5b0 is not the leader (585d7d00-a7c1-4731-9183-786f9e8c1772:192.168.134.73:46281). Request must be sent to leader., logIndex=0, commits[bb0596c0-0cf2-49c6-8bd7-9affeddec5b0:c0, 8f8b4fc6-9314-413e-a560-f50320fc2365:c0, 585d7d00-a7c1-4731-9183-786f9e8c1772:c0]
2019-06-12 15:58:55,114 WARN  client.GrpcClientProtocolService (LogUtils.java:warn(134)) - 1-OrderedRequestStreamObserver1: onError: org.apache.ratis.thirdparty.io.grpc.StatusRuntimeException: CANCELLED: cancelled before receiving half close
2019-06-12 15:58:56,152 INFO  client.GrpcClientProtocolClient (GrpcClientProtocolClient.java:onNext(254)) - client-025F3388CB77->585d7d00-a7c1-4731-9183-786f9e8c1772: receive RaftClientReply:client-025F3388CB77->585d7d00-a7c1-4731-9183-786f9e8c1772@group-4012F0224B77, cid=66, SUCCESS, logIndex=1, commits[585d7d00-a7c1-4731-9183-786f9e8c1772:c2, 8f8b4fc6-9314-413e-a560-f50320fc2365:c1, bb0596c0-0cf2-49c6-8bd7-9affeddec5b0:c1]
2019-06-12 15:58:56,157 INFO  datanode.ObjectStoreHandler (ObjectStoreHandler.java:close(155)) - Closing ObjectStoreHandler.
2019-06-12 15:58:56,159 INFO  ozone.HddsDatanodeService (HddsDatanodeService.java:stop(452)) - Stopped plug-in org.apache.hadoop.ozone.web.OzoneHddsDatanodeService@6e23ba17
2019-06-12 15:58:56,159 INFO  statemachine.DatanodeStateMachine (DatanodeStateMachine.java:lambda$startDaemon$0(350)) - Ozone container server started.
2019-06-12 15:58:56,160 INFO  ozoneimpl.OzoneContainer (OzoneContainer.java:stop(199)) - Attempting to stop container services.
2019-06-12 15:58:56,160 INFO  impl.RaftServerProxy (RaftServerProxy.java:lambda$close$4(314)) - bb0596c0-0cf2-49c6-8bd7-9affeddec5b0: close
2019-06-12 15:58:56,160 INFO  impl.RaftServerImpl (RaftServerImpl.java:lambda$shutdown$3(238)) - bb0596c0-0cf2-49c6-8bd7-9affeddec5b0: shutdown group-4012F0224B77
2019-06-12 15:58:56,161 INFO  util.JmxRegister (JmxRegister.java:unregister(73)) - Successfully un-registered JMX Bean with object name Ratis:service=RaftServer,group=group-4012F0224B77,id=bb0596c0-0cf2-49c6-8bd7-9affeddec5b0
2019-06-12 15:58:56,161 INFO  impl.RoleInfo (RoleInfo.java:shutdownFollowerState(121)) - bb0596c0-0cf2-49c6-8bd7-9affeddec5b0: shutdown FollowerState
2019-06-12 15:58:56,161 INFO  impl.StateMachineUpdater (StateMachineUpdater.java:stopAndJoin(109)) - StateMachineUpdater-bb0596c0-0cf2-49c6-8bd7-9affeddec5b0-group-4012F0224B77: set stopIndex = 1
2019-06-12 15:58:56,161 INFO  impl.FollowerState (FollowerState.java:run(109)) - bb0596c0-0cf2-49c6-8bd7-9affeddec5b0: FollowerState was interrupted: java.lang.InterruptedException: sleep interrupted
2019-06-12 15:58:56,161 INFO  ratis.ContainerStateMachine (ContainerStateMachine.java:takeSnapshot(245)) - Taking snapshot at termIndex:(t:2, i:1)
2019-06-12 15:58:56,162 INFO  ratis.ContainerStateMachine (ContainerStateMachine.java:takeSnapshot(249)) - Taking a snapshot to file /opt/src/hadoop-ozone/integration-test/target/test-dir/MiniOzoneClusterImpl-066bfae2-20e3-4851-83ab-8d328c0cd083/datanode-2/data/ratis/9af24103-36f8-4d5f-ae7a-4012f0224b77/sm/snapshot.2_1
2019-06-12 15:58:56,162 INFO  impl.RaftServerImpl (ServerState.java:close(394)) - bb0596c0-0cf2-49c6-8bd7-9affeddec5b0:group-4012F0224B77 closes. The last applied log index is 1
2019-06-12 15:58:56,162 INFO  storage.RaftLogWorker (RaftLogWorker.java:run(236)) - bb0596c0-0cf2-49c6-8bd7-9affeddec5b0-RaftLogWorker was interrupted, exiting. There are 0 tasks remaining in the queue.
2019-06-12 15:58:56,164 INFO  storage.RaftLogWorker (RaftLogWorker.java:close(168)) - bb0596c0-0cf2-49c6-8bd7-9affeddec5b0-RaftLogWorker close()
2019-06-12 15:58:56,165 INFO  impl.RaftServerImpl (RaftServerImpl.java:lambda$shutdown$3(238)) - bb0596c0-0cf2-49c6-8bd7-9affeddec5b0: shutdown group-784CB19F4E6C
2019-06-12 15:58:56,165 INFO  util.JmxRegister (JmxRegister.java:unregister(73)) - Successfully un-registered JMX Bean with object name Ratis:service=RaftServer,group=group-784CB19F4E6C,id=bb0596c0-0cf2-49c6-8bd7-9affeddec5b0
2019-06-12 15:58:56,166 INFO  impl.RoleInfo (RoleInfo.java:shutdownLeaderState(104)) - bb0596c0-0cf2-49c6-8bd7-9affeddec5b0: shutdown LeaderState
2019-06-12 15:58:56,166 INFO  impl.PendingRequests (PendingRequests.java:sendNotLeaderResponses(140)) - bb0596c0-0cf2-49c6-8bd7-9affeddec5b0-PendingRequests: sendNotLeaderResponses
2019-06-12 15:58:56,171 INFO  impl.StateMachineUpdater (StateMachineUpdater.java:stopAndJoin(109)) - StateMachineUpdater-bb0596c0-0cf2-49c6-8bd7-9affeddec5b0-group-784CB19F4E6C: set stopIndex = 0
2019-06-12 15:58:56,171 INFO  ratis.ContainerStateMachine (ContainerStateMachine.java:takeSnapshot(245)) - Taking snapshot at termIndex:(t:0, i:~)
2019-06-12 15:58:56,171 INFO  impl.RaftServerImpl (ServerState.java:close(394)) - bb0596c0-0cf2-49c6-8bd7-9affeddec5b0:group-784CB19F4E6C closes. The last applied log index is 0
2019-06-12 15:58:56,171 INFO  storage.RaftLogWorker (RaftLogWorker.java:run(236)) - bb0596c0-0cf2-49c6-8bd7-9affeddec5b0-RaftLogWorker was interrupted, exiting. There are 0 tasks remaining in the queue.
2019-06-12 15:58:56,172 INFO  storage.RaftLogWorker (RaftLogWorker.java:close(168)) - bb0596c0-0cf2-49c6-8bd7-9affeddec5b0-RaftLogWorker close()
2019-06-12 15:58:56,174 INFO  server.GrpcService (GrpcService.java:closeImpl(154)) - bb0596c0-0cf2-49c6-8bd7-9affeddec5b0: shutdown server with port 37785 now
2019-06-12 15:58:56,175 INFO  server.GrpcService (GrpcService.java:closeImpl(162)) - bb0596c0-0cf2-49c6-8bd7-9affeddec5b0: shutdown server with port 37785 successfully
2019-06-12 15:58:56,175 WARN  server.GrpcServerProtocolService (LogUtils.java:warn(134)) - bb0596c0-0cf2-49c6-8bd7-9affeddec5b0: appendEntries onError: org.apache.ratis.thirdparty.io.grpc.StatusRuntimeException: CANCELLED: cancelled before receiving half close
2019-06-12 15:58:56,175 WARN  server.GrpcLogAppender (LogUtils.java:warn(134)) - 585d7d00-a7c1-4731-9183-786f9e8c1772: Failed appendEntries to bb0596c0-0cf2-49c6-8bd7-9affeddec5b0:192.168.134.73:37785: org.apache.ratis.thirdparty.io.grpc.StatusRuntimeException: CANCELLED: HTTP/2 error code: CANCEL
Received Rst Stream
2019-06-12 15:58:56,175 INFO  impl.FollowerInfo (FollowerInfo.java:lambda$new$0(50)) - 585d7d00-a7c1-4731-9183-786f9e8c1772->bb0596c0-0cf2-49c6-8bd7-9affeddec5b0: nextIndex: updateUnconditionally 3 -> 0
2019-06-12 15:58:56,176 WARN  fs.CachingGetSpaceUsed (CachingGetSpaceUsed.java:run(183)) - Thread Interrupted waiting to refresh disk information: sleep interrupted
2019-06-12 15:58:56,188 INFO  statemachine.DatanodeStateMachine (DatanodeStateMachine.java:stopDaemon(395)) - Ozone container server stopped.
2019-06-12 15:58:56,188 INFO  handler.ContextHandler (ContextHandler.java:doStop(910)) - Stopped o.e.j.w.WebAppContext@446a692f{/,null,UNAVAILABLE}{/hddsDatanode}
2019-06-12 15:58:56,190 INFO  server.AbstractConnector (AbstractConnector.java:doStop(318)) - Stopped ServerConnector@5eb1ab3a{HTTP/1.1,[http/1.1]}{0.0.0.0:0}
2019-06-12 15:58:56,191 INFO  handler.ContextHandler (ContextHandler.java:doStop(910)) - Stopped o.e.j.s.ServletContextHandler@25435731{/static,jar:file:/root/.m2/repository/org/apache/hadoop/hadoop-hdds-container-service/0.5.0-SNAPSHOT/hadoop-hdds-container-service-0.5.0-SNAPSHOT.jar!/webapps/static,UNAVAILABLE}
2019-06-12 15:58:56,191 INFO  handler.ContextHandler (ContextHandler.java:doStop(910)) - Stopped o.e.j.s.ServletContextHandler@320fc4b0{/logs,file:///opt/src/hadoop-ozone/integration-test/target/log,UNAVAILABLE}
2019-06-12 15:58:56,192 INFO  datanode.ObjectStoreHandler (ObjectStoreHandler.java:close(155)) - Closing ObjectStoreHandler.
2019-06-12 15:58:56,192 INFO  ozone.HddsDatanodeService (HddsDatanodeService.java:stop(452)) - Stopped plug-in org.apache.hadoop.ozone.web.OzoneHddsDatanodeService@74a03bd5
2019-06-12 15:58:56,193 INFO  statemachine.DatanodeStateMachine (DatanodeStateMachine.java:lambda$startDaemon$0(350)) - Ozone container server started.
2019-06-12 15:58:56,193 INFO  ozoneimpl.OzoneContainer (OzoneContainer.java:stop(199)) - Attempting to stop container services.
2019-06-12 15:58:56,193 INFO  impl.RaftServerProxy (RaftServerProxy.java:lambda$close$4(314)) - 8f8b4fc6-9314-413e-a560-f50320fc2365: close
2019-06-12 15:58:56,193 INFO  impl.RaftServerImpl (RaftServerImpl.java:lambda$shutdown$3(238)) - 8f8b4fc6-9314-413e-a560-f50320fc2365: shutdown group-6976C44F8ADA
2019-06-12 15:58:56,193 INFO  impl.RaftServerImpl (RaftServerImpl.java:lambda$shutdown$3(238)) - 8f8b4fc6-9314-413e-a560-f50320fc2365: shutdown group-4012F0224B77
2019-06-12 15:58:56,193 INFO  util.JmxRegister (JmxRegister.java:unregister(73)) - Successfully un-registered JMX Bean with object name Ratis:service=RaftServer,group=group-6976C44F8ADA,id=8f8b4fc6-9314-413e-a560-f50320fc2365
2019-06-12 15:58:56,194 INFO  util.JmxRegister (JmxRegister.java:unregister(73)) - Successfully un-registered JMX Bean with object name Ratis:service=RaftServer,group=group-4012F0224B77,id=8f8b4fc6-9314-413e-a560-f50320fc2365
2019-06-12 15:58:56,194 INFO  impl.RoleInfo (RoleInfo.java:shutdownLeaderState(104)) - 8f8b4fc6-9314-413e-a560-f50320fc2365: shutdown LeaderState
2019-06-12 15:58:56,194 INFO  impl.RoleInfo (RoleInfo.java:shutdownFollowerState(121)) - 8f8b4fc6-9314-413e-a560-f50320fc2365: shutdown FollowerState
2019-06-12 15:58:56,194 INFO  impl.PendingRequests (PendingRequests.java:sendNotLeaderResponses(140)) - 8f8b4fc6-9314-413e-a560-f50320fc2365-PendingRequests: sendNotLeaderResponses
2019-06-12 15:58:56,194 INFO  ratis.ContainerStateMachine (ContainerStateMachine.java:takeSnapshot(245)) - Taking snapshot at termIndex:(t:2, i:1)
2019-06-12 15:58:56,194 INFO  impl.FollowerState (FollowerState.java:run(109)) - 8f8b4fc6-9314-413e-a560-f50320fc2365: FollowerState was interrupted: java.lang.InterruptedException: sleep interrupted
2019-06-12 15:58:56,194 INFO  impl.StateMachineUpdater (StateMachineUpdater.java:stopAndJoin(109)) - StateMachineUpdater-8f8b4fc6-9314-413e-a560-f50320fc2365-group-4012F0224B77: set stopIndex = 1
2019-06-12 15:58:56,198 INFO  ratis.ContainerStateMachine (ContainerStateMachine.java:takeSnapshot(245)) - Taking snapshot at termIndex:(t:0, i:~)
2019-06-12 15:58:56,198 INFO  impl.StateMachineUpdater (StateMachineUpdater.java:stopAndJoin(109)) - StateMachineUpdater-8f8b4fc6-9314-413e-a560-f50320fc2365-group-6976C44F8ADA: set stopIndex = 0
2019-06-12 15:58:56,195 INFO  ratis.ContainerStateMachine (ContainerStateMachine.java:takeSnapshot(249)) - Taking a snapshot to file /opt/src/hadoop-ozone/integration-test/target/test-dir/MiniOzoneClusterImpl-066bfae2-20e3-4851-83ab-8d328c0cd083/datanode-1/data/ratis/9af24103-36f8-4d5f-ae7a-4012f0224b77/sm/snapshot.2_1
2019-06-12 15:58:56,198 INFO  impl.RaftServerImpl (ServerState.java:close(394)) - 8f8b4fc6-9314-413e-a560-f50320fc2365:group-6976C44F8ADA closes. The last applied log index is 0
2019-06-12 15:58:56,198 INFO  impl.RaftServerImpl (ServerState.java:close(394)) - 8f8b4fc6-9314-413e-a560-f50320fc2365:group-4012F0224B77 closes. The last applied log index is 1
2019-06-12 15:58:56,199 INFO  storage.RaftLogWorker (RaftLogWorker.java:run(236)) - 8f8b4fc6-9314-413e-a560-f50320fc2365-RaftLogWorker was interrupted, exiting. There are 0 tasks remaining in the queue.
2019-06-12 15:58:56,199 INFO  storage.RaftLogWorker (RaftLogWorker.java:run(236)) - 8f8b4fc6-9314-413e-a560-f50320fc2365-RaftLogWorker was interrupted, exiting. There are 0 tasks remaining in the queue.
2019-06-12 15:58:56,201 INFO  storage.RaftLogWorker (RaftLogWorker.java:close(168)) - 8f8b4fc6-9314-413e-a560-f50320fc2365-RaftLogWorker close()
2019-06-12 15:58:56,201 INFO  storage.RaftLogWorker (RaftLogWorker.java:close(168)) - 8f8b4fc6-9314-413e-a560-f50320fc2365-RaftLogWorker close()
2019-06-12 15:58:56,204 INFO  server.GrpcService (GrpcService.java:closeImpl(154)) - 8f8b4fc6-9314-413e-a560-f50320fc2365: shutdown server with port 46185 now
2019-06-12 15:58:56,204 WARN  server.GrpcServerProtocolService (LogUtils.java:warn(134)) - 8f8b4fc6-9314-413e-a560-f50320fc2365: appendEntries onError: org.apache.ratis.thirdparty.io.grpc.StatusRuntimeException: CANCELLED: cancelled before receiving half close
2019-06-12 15:58:56,204 INFO  server.GrpcService (GrpcService.java:closeImpl(162)) - 8f8b4fc6-9314-413e-a560-f50320fc2365: shutdown server with port 46185 successfully
2019-06-12 15:58:56,205 WARN  server.GrpcLogAppender (LogUtils.java:warn(134)) - 585d7d00-a7c1-4731-9183-786f9e8c1772: Failed appendEntries to 8f8b4fc6-9314-413e-a560-f50320fc2365:192.168.134.73:46185: org.apache.ratis.thirdparty.io.grpc.StatusRuntimeException: CANCELLED: HTTP/2 error code: CANCEL
Received Rst Stream
2019-06-12 15:58:56,205 INFO  impl.FollowerInfo (FollowerInfo.java:lambda$new$0(50)) - 585d7d00-a7c1-4731-9183-786f9e8c1772->8f8b4fc6-9314-413e-a560-f50320fc2365: nextIndex: updateUnconditionally 3 -> 0
2019-06-12 15:58:56,206 WARN  fs.CachingGetSpaceUsed (CachingGetSpaceUsed.java:run(183)) - Thread Interrupted waiting to refresh disk information: sleep interrupted
2019-06-12 15:58:56,218 INFO  statemachine.DatanodeStateMachine (DatanodeStateMachine.java:stopDaemon(395)) - Ozone container server stopped.
2019-06-12 15:58:56,219 INFO  handler.ContextHandler (ContextHandler.java:doStop(910)) - Stopped o.e.j.w.WebAppContext@10f397d0{/,null,UNAVAILABLE}{/hddsDatanode}
2019-06-12 15:58:56,219 INFO  server.AbstractConnector (AbstractConnector.java:doStop(318)) - Stopped ServerConnector@33a3e5db{HTTP/1.1,[http/1.1]}{0.0.0.0:0}
2019-06-12 15:58:56,219 INFO  handler.ContextHandler (ContextHandler.java:doStop(910)) - Stopped o.e.j.s.ServletContextHandler@4c9cce17{/static,jar:file:/root/.m2/repository/org/apache/hadoop/hadoop-hdds-container-service/0.5.0-SNAPSHOT/hadoop-hdds-container-service-0.5.0-SNAPSHOT.jar!/webapps/static,UNAVAILABLE}
2019-06-12 15:58:56,219 INFO  handler.ContextHandler (ContextHandler.java:doStop(910)) - Stopped o.e.j.s.ServletContextHandler@6b2f7527{/logs,file:///opt/src/hadoop-ozone/integration-test/target/log,UNAVAILABLE}
2019-06-12 15:58:56,624 WARN  server.GrpcLogAppender (LogUtils.java:warn(134)) - 585d7d00-a7c1-4731-9183-786f9e8c1772: Failed appendEntries to bb0596c0-0cf2-49c6-8bd7-9affeddec5b0:192.168.134.73:37785: org.apache.ratis.thirdparty.io.grpc.StatusRuntimeException: UNAVAILABLE: io exception
2019-06-12 15:58:56,624 WARN  server.GrpcLogAppender (LogUtils.java:warn(134)) - 585d7d00-a7c1-4731-9183-786f9e8c1772: Failed appendEntries to 8f8b4fc6-9314-413e-a560-f50320fc2365:192.168.134.73:46185: org.apache.ratis.thirdparty.io.grpc.StatusRuntimeException: UNAVAILABLE: io exception
2019-06-12 15:58:56,624 INFO  impl.FollowerInfo (FollowerInfo.java:lambda$new$0(50)) - 585d7d00-a7c1-4731-9183-786f9e8c1772->bb0596c0-0cf2-49c6-8bd7-9affeddec5b0: nextIndex: updateUnconditionally 0 -> 0
2019-06-12 15:58:56,625 INFO  impl.FollowerInfo (FollowerInfo.java:lambda$new$0(50)) - 585d7d00-a7c1-4731-9183-786f9e8c1772->8f8b4fc6-9314-413e-a560-f50320fc2365: nextIndex: updateUnconditionally 0 -> 0
2019-06-12 15:58:57,125 WARN  server.GrpcLogAppender (LogUtils.java:warn(134)) - 585d7d00-a7c1-4731-9183-786f9e8c1772: Failed appendEntries to bb0596c0-0cf2-49c6-8bd7-9affeddec5b0:192.168.134.73:37785: org.apache.ratis.thirdparty.io.grpc.StatusRuntimeException: UNAVAILABLE: io exception
2019-06-12 15:58:57,125 WARN  server.GrpcLogAppender (LogUtils.java:warn(134)) - 585d7d00-a7c1-4731-9183-786f9e8c1772: Failed appendEntries to 8f8b4fc6-9314-413e-a560-f50320fc2365:192.168.134.73:46185: org.apache.ratis.thirdparty.io.grpc.StatusRuntimeException: UNAVAILABLE: io exception
2019-06-12 15:58:57,125 INFO  impl.FollowerInfo (FollowerInfo.java:lambda$new$0(50)) - 585d7d00-a7c1-4731-9183-786f9e8c1772->bb0596c0-0cf2-49c6-8bd7-9affeddec5b0: nextIndex: updateUnconditionally 0 -> 0
2019-06-12 15:58:57,125 INFO  impl.FollowerInfo (FollowerInfo.java:lambda$new$0(50)) - 585d7d00-a7c1-4731-9183-786f9e8c1772->8f8b4fc6-9314-413e-a560-f50320fc2365: nextIndex: updateUnconditionally 0 -> 0
2019-06-12 15:58:57,625 WARN  server.GrpcLogAppender (LogUtils.java:warn(134)) - 585d7d00-a7c1-4731-9183-786f9e8c1772: Failed appendEntries to bb0596c0-0cf2-49c6-8bd7-9affeddec5b0:192.168.134.73:37785: org.apache.ratis.thirdparty.io.grpc.StatusRuntimeException: UNAVAILABLE: io exception
2019-06-12 15:58:57,625 WARN  server.GrpcLogAppender (LogUtils.java:warn(134)) - 585d7d00-a7c1-4731-9183-786f9e8c1772: Failed appendEntries to 8f8b4fc6-9314-413e-a560-f50320fc2365:192.168.134.73:46185: org.apache.ratis.thirdparty.io.grpc.StatusRuntimeException: UNAVAILABLE: io exception
2019-06-12 15:58:57,626 INFO  impl.FollowerInfo (FollowerInfo.java:lambda$new$0(50)) - 585d7d00-a7c1-4731-9183-786f9e8c1772->bb0596c0-0cf2-49c6-8bd7-9affeddec5b0: nextIndex: updateUnconditionally 0 -> 0
2019-06-12 15:58:57,626 INFO  impl.FollowerInfo (FollowerInfo.java:lambda$new$0(50)) - 585d7d00-a7c1-4731-9183-786f9e8c1772->8f8b4fc6-9314-413e-a560-f50320fc2365: nextIndex: updateUnconditionally 0 -> 0
2019-06-12 15:58:58,126 WARN  server.GrpcLogAppender (LogUtils.java:warn(134)) - 585d7d00-a7c1-4731-9183-786f9e8c1772: Failed appendEntries to 8f8b4fc6-9314-413e-a560-f50320fc2365:192.168.134.73:46185: org.apache.ratis.thirdparty.io.grpc.StatusRuntimeException: UNAVAILABLE: io exception
2019-06-12 15:58:58,126 WARN  server.GrpcLogAppender (LogUtils.java:warn(134)) - 585d7d00-a7c1-4731-9183-786f9e8c1772: Failed appendEntries to bb0596c0-0cf2-49c6-8bd7-9affeddec5b0:192.168.134.73:37785: org.apache.ratis.thirdparty.io.grpc.StatusRuntimeException: UNAVAILABLE: io exception
2019-06-12 15:58:58,126 INFO  impl.FollowerInfo (FollowerInfo.java:lambda$new$0(50)) - 585d7d00-a7c1-4731-9183-786f9e8c1772->8f8b4fc6-9314-413e-a560-f50320fc2365: nextIndex: updateUnconditionally 0 -> 0
2019-06-12 15:58:58,126 INFO  impl.FollowerInfo (FollowerInfo.java:lambda$new$0(50)) - 585d7d00-a7c1-4731-9183-786f9e8c1772->bb0596c0-0cf2-49c6-8bd7-9affeddec5b0: nextIndex: updateUnconditionally 0 -> 0
2019-06-12 15:58:58,627 WARN  server.GrpcLogAppender (LogUtils.java:warn(134)) - 585d7d00-a7c1-4731-9183-786f9e8c1772: Failed appendEntries to 8f8b4fc6-9314-413e-a560-f50320fc2365:192.168.134.73:46185: org.apache.ratis.thirdparty.io.grpc.StatusRuntimeException: UNAVAILABLE: io exception
2019-06-12 15:58:58,627 WARN  server.GrpcLogAppender (LogUtils.java:warn(134)) - 585d7d00-a7c1-4731-9183-786f9e8c1772: Failed appendEntries to bb0596c0-0cf2-49c6-8bd7-9affeddec5b0:192.168.134.73:37785: org.apache.ratis.thirdparty.io.grpc.StatusRuntimeException: UNAVAILABLE: io exception
2019-06-12 15:58:58,627 INFO  impl.FollowerInfo (FollowerInfo.java:lambda$new$0(50)) - 585d7d00-a7c1-4731-9183-786f9e8c1772->8f8b4fc6-9314-413e-a560-f50320fc2365: nextIndex: updateUnconditionally 0 -> 0
2019-06-12 15:58:58,627 INFO  impl.FollowerInfo (FollowerInfo.java:lambda$new$0(50)) - 585d7d00-a7c1-4731-9183-786f9e8c1772->bb0596c0-0cf2-49c6-8bd7-9affeddec5b0: nextIndex: updateUnconditionally 0 -> 0
2019-06-12 15:58:59,127 WARN  server.GrpcLogAppender (LogUtils.java:warn(134)) - 585d7d00-a7c1-4731-9183-786f9e8c1772: Failed appendEntries to bb0596c0-0cf2-49c6-8bd7-9affeddec5b0:192.168.134.73:37785: org.apache.ratis.thirdparty.io.grpc.StatusRuntimeException: UNAVAILABLE: io exception
2019-06-12 15:58:59,127 WARN  server.GrpcLogAppender (LogUtils.java:warn(134)) - 585d7d00-a7c1-4731-9183-786f9e8c1772: Failed appendEntries to 8f8b4fc6-9314-413e-a560-f50320fc2365:192.168.134.73:46185: org.apache.ratis.thirdparty.io.grpc.StatusRuntimeException: UNAVAILABLE: io exception
2019-06-12 15:58:59,127 INFO  impl.FollowerInfo (FollowerInfo.java:lambda$new$0(50)) - 585d7d00-a7c1-4731-9183-786f9e8c1772->bb0596c0-0cf2-49c6-8bd7-9affeddec5b0: nextIndex: updateUnconditionally 0 -> 0
2019-06-12 15:58:59,127 INFO  impl.FollowerInfo (FollowerInfo.java:lambda$new$0(50)) - 585d7d00-a7c1-4731-9183-786f9e8c1772->8f8b4fc6-9314-413e-a560-f50320fc2365: nextIndex: updateUnconditionally 0 -> 0
2019-06-12 15:58:59,628 WARN  server.GrpcLogAppender (LogUtils.java:warn(134)) - 585d7d00-a7c1-4731-9183-786f9e8c1772: Failed appendEntries to bb0596c0-0cf2-49c6-8bd7-9affeddec5b0:192.168.134.73:37785: org.apache.ratis.thirdparty.io.grpc.StatusRuntimeException: UNAVAILABLE: io exception
2019-06-12 15:58:59,628 WARN  server.GrpcLogAppender (LogUtils.java:warn(134)) - 585d7d00-a7c1-4731-9183-786f9e8c1772: Failed appendEntries to 8f8b4fc6-9314-413e-a560-f50320fc2365:192.168.134.73:46185: org.apache.ratis.thirdparty.io.grpc.StatusRuntimeException: UNAVAILABLE: io exception
2019-06-12 15:58:59,628 INFO  impl.FollowerInfo (FollowerInfo.java:lambda$new$0(50)) - 585d7d00-a7c1-4731-9183-786f9e8c1772->bb0596c0-0cf2-49c6-8bd7-9affeddec5b0: nextIndex: updateUnconditionally 0 -> 0
2019-06-12 15:58:59,628 INFO  impl.FollowerInfo (FollowerInfo.java:lambda$new$0(50)) - 585d7d00-a7c1-4731-9183-786f9e8c1772->8f8b4fc6-9314-413e-a560-f50320fc2365: nextIndex: updateUnconditionally 0 -> 0
2019-06-12 15:59:00,129 WARN  server.GrpcLogAppender (LogUtils.java:warn(134)) - 585d7d00-a7c1-4731-9183-786f9e8c1772: Failed appendEntries to bb0596c0-0cf2-49c6-8bd7-9affeddec5b0:192.168.134.73:37785: org.apache.ratis.thirdparty.io.grpc.StatusRuntimeException: UNAVAILABLE: io exception
2019-06-12 15:59:00,129 INFO  impl.FollowerInfo (FollowerInfo.java:lambda$new$0(50)) - 585d7d00-a7c1-4731-9183-786f9e8c1772->bb0596c0-0cf2-49c6-8bd7-9affeddec5b0: nextIndex: updateUnconditionally 0 -> 0
2019-06-12 15:59:00,129 WARN  server.GrpcLogAppender (LogUtils.java:warn(134)) - 585d7d00-a7c1-4731-9183-786f9e8c1772: Failed appendEntries to 8f8b4fc6-9314-413e-a560-f50320fc2365:192.168.134.73:46185: org.apache.ratis.thirdparty.io.grpc.StatusRuntimeException: UNAVAILABLE: io exception
2019-06-12 15:59:00,129 INFO  impl.FollowerInfo (FollowerInfo.java:lambda$new$0(50)) - 585d7d00-a7c1-4731-9183-786f9e8c1772->8f8b4fc6-9314-413e-a560-f50320fc2365: nextIndex: updateUnconditionally 0 -> 0
2019-06-12 15:59:00,629 WARN  server.GrpcLogAppender (LogUtils.java:warn(134)) - 585d7d00-a7c1-4731-9183-786f9e8c1772: Failed appendEntries to bb0596c0-0cf2-49c6-8bd7-9affeddec5b0:192.168.134.73:37785: org.apache.ratis.thirdparty.io.grpc.StatusRuntimeException: UNAVAILABLE: io exception
2019-06-12 15:59:00,629 INFO  impl.FollowerInfo (FollowerInfo.java:lambda$new$0(50)) - 585d7d00-a7c1-4731-9183-786f9e8c1772->bb0596c0-0cf2-49c6-8bd7-9affeddec5b0: nextIndex: updateUnconditionally 0 -> 0
2019-06-12 15:59:00,630 WARN  server.GrpcLogAppender (LogUtils.java:warn(134)) - 585d7d00-a7c1-4731-9183-786f9e8c1772: Failed appendEntries to 8f8b4fc6-9314-413e-a560-f50320fc2365:192.168.134.73:46185: org.apache.ratis.thirdparty.io.grpc.StatusRuntimeException: UNAVAILABLE: io exception
2019-06-12 15:59:00,630 INFO  impl.FollowerInfo (FollowerInfo.java:lambda$new$0(50)) - 585d7d00-a7c1-4731-9183-786f9e8c1772->8f8b4fc6-9314-413e-a560-f50320fc2365: nextIndex: updateUnconditionally 0 -> 0
2019-06-12 15:59:01,130 WARN  server.GrpcLogAppender (LogUtils.java:warn(134)) - 585d7d00-a7c1-4731-9183-786f9e8c1772: Failed appendEntries to bb0596c0-0cf2-49c6-8bd7-9affeddec5b0:192.168.134.73:37785: org.apache.ratis.thirdparty.io.grpc.StatusRuntimeException: UNAVAILABLE: io exception
2019-06-12 15:59:01,130 WARN  server.GrpcLogAppender (LogUtils.java:warn(134)) - 585d7d00-a7c1-4731-9183-786f9e8c1772: Failed appendEntries to 8f8b4fc6-9314-413e-a560-f50320fc2365:192.168.134.73:46185: org.apache.ratis.thirdparty.io.grpc.StatusRuntimeException: UNAVAILABLE: io exception
2019-06-12 15:59:01,130 INFO  impl.FollowerInfo (FollowerInfo.java:lambda$new$0(50)) - 585d7d00-a7c1-4731-9183-786f9e8c1772->bb0596c0-0cf2-49c6-8bd7-9affeddec5b0: nextIndex: updateUnconditionally 0 -> 0
2019-06-12 15:59:01,130 INFO  impl.FollowerInfo (FollowerInfo.java:lambda$new$0(50)) - 585d7d00-a7c1-4731-9183-786f9e8c1772->8f8b4fc6-9314-413e-a560-f50320fc2365: nextIndex: updateUnconditionally 0 -> 0
2019-06-12 15:59:01,630 WARN  server.GrpcLogAppender (LogUtils.java:warn(134)) - 585d7d00-a7c1-4731-9183-786f9e8c1772: Failed appendEntries to bb0596c0-0cf2-49c6-8bd7-9affeddec5b0:192.168.134.73:37785: org.apache.ratis.thirdparty.io.grpc.StatusRuntimeException: UNAVAILABLE: io exception
2019-06-12 15:59:01,630 WARN  server.GrpcLogAppender (LogUtils.java:warn(134)) - 585d7d00-a7c1-4731-9183-786f9e8c1772: Failed appendEntries to 8f8b4fc6-9314-413e-a560-f50320fc2365:192.168.134.73:46185: org.apache.ratis.thirdparty.io.grpc.StatusRuntimeException: UNAVAILABLE: io exception
2019-06-12 15:59:01,630 INFO  impl.FollowerInfo (FollowerInfo.java:lambda$new$0(50)) - 585d7d00-a7c1-4731-9183-786f9e8c1772->bb0596c0-0cf2-49c6-8bd7-9affeddec5b0: nextIndex: updateUnconditionally 0 -> 0
2019-06-12 15:59:01,630 INFO  impl.FollowerInfo (FollowerInfo.java:lambda$new$0(50)) - 585d7d00-a7c1-4731-9183-786f9e8c1772->8f8b4fc6-9314-413e-a560-f50320fc2365: nextIndex: updateUnconditionally 0 -> 0
2019-06-12 15:59:02,131 WARN  server.GrpcLogAppender (LogUtils.java:warn(134)) - 585d7d00-a7c1-4731-9183-786f9e8c1772: Failed appendEntries to bb0596c0-0cf2-49c6-8bd7-9affeddec5b0:192.168.134.73:37785: org.apache.ratis.thirdparty.io.grpc.StatusRuntimeException: UNAVAILABLE: io exception
2019-06-12 15:59:02,131 WARN  server.GrpcLogAppender (LogUtils.java:warn(134)) - 585d7d00-a7c1-4731-9183-786f9e8c1772: Failed appendEntries to 8f8b4fc6-9314-413e-a560-f50320fc2365:192.168.134.73:46185: org.apache.ratis.thirdparty.io.grpc.StatusRuntimeException: UNAVAILABLE: io exception
2019-06-12 15:59:02,131 INFO  impl.FollowerInfo (FollowerInfo.java:lambda$new$0(50)) - 585d7d00-a7c1-4731-9183-786f9e8c1772->bb0596c0-0cf2-49c6-8bd7-9affeddec5b0: nextIndex: updateUnconditionally 0 -> 0
2019-06-12 15:59:02,131 INFO  impl.FollowerInfo (FollowerInfo.java:lambda$new$0(50)) - 585d7d00-a7c1-4731-9183-786f9e8c1772->8f8b4fc6-9314-413e-a560-f50320fc2365: nextIndex: updateUnconditionally 0 -> 0
2019-06-12 15:59:02,631 WARN  server.GrpcLogAppender (LogUtils.java:warn(134)) - 585d7d00-a7c1-4731-9183-786f9e8c1772: Failed appendEntries to 8f8b4fc6-9314-413e-a560-f50320fc2365:192.168.134.73:46185: org.apache.ratis.thirdparty.io.grpc.StatusRuntimeException: UNAVAILABLE: io exception
2019-06-12 15:59:02,632 INFO  impl.FollowerInfo (FollowerInfo.java:lambda$new$0(50)) - 585d7d00-a7c1-4731-9183-786f9e8c1772->8f8b4fc6-9314-413e-a560-f50320fc2365: nextIndex: updateUnconditionally 0 -> 0
2019-06-12 15:59:02,632 WARN  server.GrpcLogAppender (LogUtils.java:warn(134)) - 585d7d00-a7c1-4731-9183-786f9e8c1772: Failed appendEntries to bb0596c0-0cf2-49c6-8bd7-9affeddec5b0:192.168.134.73:37785: org.apache.ratis.thirdparty.io.grpc.StatusRuntimeException: UNAVAILABLE: io exception
2019-06-12 15:59:02,632 INFO  impl.FollowerInfo (FollowerInfo.java:lambda$new$0(50)) - 585d7d00-a7c1-4731-9183-786f9e8c1772->bb0596c0-0cf2-49c6-8bd7-9affeddec5b0: nextIndex: updateUnconditionally 0 -> 0
2019-06-12 15:59:03,132 WARN  server.GrpcLogAppender (LogUtils.java:warn(134)) - 585d7d00-a7c1-4731-9183-786f9e8c1772: Failed appendEntries to bb0596c0-0cf2-49c6-8bd7-9affeddec5b0:192.168.134.73:37785: org.apache.ratis.thirdparty.io.grpc.StatusRuntimeException: UNAVAILABLE: io exception
2019-06-12 15:59:03,132 WARN  server.GrpcLogAppender (LogUtils.java:warn(134)) - 585d7d00-a7c1-4731-9183-786f9e8c1772: Failed appendEntries to 8f8b4fc6-9314-413e-a560-f50320fc2365:192.168.134.73:46185: org.apache.ratis.thirdparty.io.grpc.StatusRuntimeException: UNAVAILABLE: io exception
2019-06-12 15:59:03,132 INFO  impl.FollowerInfo (FollowerInfo.java:lambda$new$0(50)) - 585d7d00-a7c1-4731-9183-786f9e8c1772->bb0596c0-0cf2-49c6-8bd7-9affeddec5b0: nextIndex: updateUnconditionally 0 -> 0
2019-06-12 15:59:03,132 INFO  impl.FollowerInfo (FollowerInfo.java:lambda$new$0(50)) - 585d7d00-a7c1-4731-9183-786f9e8c1772->8f8b4fc6-9314-413e-a560-f50320fc2365: nextIndex: updateUnconditionally 0 -> 0
2019-06-12 15:59:03,633 WARN  server.GrpcLogAppender (LogUtils.java:warn(134)) - 585d7d00-a7c1-4731-9183-786f9e8c1772: Failed appendEntries to 8f8b4fc6-9314-413e-a560-f50320fc2365:192.168.134.73:46185: org.apache.ratis.thirdparty.io.grpc.StatusRuntimeException: UNAVAILABLE: io exception
2019-06-12 15:59:03,633 INFO  impl.FollowerInfo (FollowerInfo.java:lambda$new$0(50)) - 585d7d00-a7c1-4731-9183-786f9e8c1772->8f8b4fc6-9314-413e-a560-f50320fc2365: nextIndex: updateUnconditionally 0 -> 0
2019-06-12 15:59:03,633 WARN  server.GrpcLogAppender (LogUtils.java:warn(134)) - 585d7d00-a7c1-4731-9183-786f9e8c1772: Failed appendEntries to bb0596c0-0cf2-49c6-8bd7-9affeddec5b0:192.168.134.73:37785: org.apache.ratis.thirdparty.io.grpc.StatusRuntimeException: UNAVAILABLE: io exception
2019-06-12 15:59:03,633 INFO  impl.FollowerInfo (FollowerInfo.java:lambda$new$0(50)) - 585d7d00-a7c1-4731-9183-786f9e8c1772->bb0596c0-0cf2-49c6-8bd7-9affeddec5b0: nextIndex: updateUnconditionally 0 -> 0
2019-06-12 15:59:04,133 WARN  server.GrpcLogAppender (LogUtils.java:warn(134)) - 585d7d00-a7c1-4731-9183-786f9e8c1772: Failed appendEntries to bb0596c0-0cf2-49c6-8bd7-9affeddec5b0:192.168.134.73:37785: org.apache.ratis.thirdparty.io.grpc.StatusRuntimeException: UNAVAILABLE: io exception
2019-06-12 15:59:04,133 INFO  impl.FollowerInfo (FollowerInfo.java:lambda$new$0(50)) - 585d7d00-a7c1-4731-9183-786f9e8c1772->bb0596c0-0cf2-49c6-8bd7-9affeddec5b0: nextIndex: updateUnconditionally 0 -> 0
2019-06-12 15:59:04,133 WARN  server.GrpcLogAppender (LogUtils.java:warn(134)) - 585d7d00-a7c1-4731-9183-786f9e8c1772: Failed appendEntries to 8f8b4fc6-9314-413e-a560-f50320fc2365:192.168.134.73:46185: org.apache.ratis.thirdparty.io.grpc.StatusRuntimeException: UNAVAILABLE: io exception
2019-06-12 15:59:04,134 INFO  impl.FollowerInfo (FollowerInfo.java:lambda$new$0(50)) - 585d7d00-a7c1-4731-9183-786f9e8c1772->8f8b4fc6-9314-413e-a560-f50320fc2365: nextIndex: updateUnconditionally 0 -> 0
2019-06-12 15:59:04,634 WARN  server.GrpcLogAppender (LogUtils.java:warn(134)) - 585d7d00-a7c1-4731-9183-786f9e8c1772: Failed appendEntries to bb0596c0-0cf2-49c6-8bd7-9affeddec5b0:192.168.134.73:37785: org.apache.ratis.thirdparty.io.grpc.StatusRuntimeException: UNAVAILABLE: io exception
2019-06-12 15:59:04,634 WARN  server.GrpcLogAppender (LogUtils.java:warn(134)) - 585d7d00-a7c1-4731-9183-786f9e8c1772: Failed appendEntries to 8f8b4fc6-9314-413e-a560-f50320fc2365:192.168.134.73:46185: org.apache.ratis.thirdparty.io.grpc.StatusRuntimeException: UNAVAILABLE: io exception
2019-06-12 15:59:04,634 INFO  impl.FollowerInfo (FollowerInfo.java:lambda$new$0(50)) - 585d7d00-a7c1-4731-9183-786f9e8c1772->bb0596c0-0cf2-49c6-8bd7-9affeddec5b0: nextIndex: updateUnconditionally 0 -> 0
2019-06-12 15:59:04,634 INFO  impl.FollowerInfo (FollowerInfo.java:lambda$new$0(50)) - 585d7d00-a7c1-4731-9183-786f9e8c1772->8f8b4fc6-9314-413e-a560-f50320fc2365: nextIndex: updateUnconditionally 0 -> 0
2019-06-12 15:59:05,134 WARN  server.GrpcLogAppender (LogUtils.java:warn(134)) - 585d7d00-a7c1-4731-9183-786f9e8c1772: Failed appendEntries to bb0596c0-0cf2-49c6-8bd7-9affeddec5b0:192.168.134.73:37785: org.apache.ratis.thirdparty.io.grpc.StatusRuntimeException: UNAVAILABLE: io exception
2019-06-12 15:59:05,134 INFO  impl.FollowerInfo (FollowerInfo.java:lambda$new$0(50)) - 585d7d00-a7c1-4731-9183-786f9e8c1772->bb0596c0-0cf2-49c6-8bd7-9affeddec5b0: nextIndex: updateUnconditionally 0 -> 0
2019-06-12 15:59:05,135 WARN  server.GrpcLogAppender (LogUtils.java:warn(134)) - 585d7d00-a7c1-4731-9183-786f9e8c1772: Failed appendEntries to 8f8b4fc6-9314-413e-a560-f50320fc2365:192.168.134.73:46185: org.apache.ratis.thirdparty.io.grpc.StatusRuntimeException: UNAVAILABLE: io exception
2019-06-12 15:59:05,135 INFO  impl.FollowerInfo (FollowerInfo.java:lambda$new$0(50)) - 585d7d00-a7c1-4731-9183-786f9e8c1772->8f8b4fc6-9314-413e-a560-f50320fc2365: nextIndex: updateUnconditionally 0 -> 0
2019-06-12 15:59:05,635 WARN  server.GrpcLogAppender (LogUtils.java:warn(134)) - 585d7d00-a7c1-4731-9183-786f9e8c1772: Failed appendEntries to bb0596c0-0cf2-49c6-8bd7-9affeddec5b0:192.168.134.73:37785: org.apache.ratis.thirdparty.io.grpc.StatusRuntimeException: UNAVAILABLE: io exception
2019-06-12 15:59:05,635 WARN  server.GrpcLogAppender (LogUtils.java:warn(134)) - 585d7d00-a7c1-4731-9183-786f9e8c1772: Failed appendEntries to 8f8b4fc6-9314-413e-a560-f50320fc2365:192.168.134.73:46185: org.apache.ratis.thirdparty.io.grpc.StatusRuntimeException: UNAVAILABLE: io exception
2019-06-12 15:59:05,635 INFO  impl.FollowerInfo (FollowerInfo.java:lambda$new$0(50)) - 585d7d00-a7c1-4731-9183-786f9e8c1772->bb0596c0-0cf2-49c6-8bd7-9affeddec5b0: nextIndex: updateUnconditionally 0 -> 0
2019-06-12 15:59:05,635 INFO  impl.FollowerInfo (FollowerInfo.java:lambda$new$0(50)) - 585d7d00-a7c1-4731-9183-786f9e8c1772->8f8b4fc6-9314-413e-a560-f50320fc2365: nextIndex: updateUnconditionally 0 -> 0
2019-06-12 15:59:06,135 WARN  server.GrpcLogAppender (LogUtils.java:warn(134)) - 585d7d00-a7c1-4731-9183-786f9e8c1772: Failed appendEntries to 8f8b4fc6-9314-413e-a560-f50320fc2365:192.168.134.73:46185: org.apache.ratis.thirdparty.io.grpc.StatusRuntimeException: UNAVAILABLE: io exception
2019-06-12 15:59:06,135 WARN  server.GrpcLogAppender (LogUtils.java:warn(134)) - 585d7d00-a7c1-4731-9183-786f9e8c1772: Failed appendEntries to bb0596c0-0cf2-49c6-8bd7-9affeddec5b0:192.168.134.73:37785: org.apache.ratis.thirdparty.io.grpc.StatusRuntimeException: UNAVAILABLE: io exception
2019-06-12 15:59:06,136 INFO  impl.FollowerInfo (FollowerInfo.java:lambda$new$0(50)) - 585d7d00-a7c1-4731-9183-786f9e8c1772->8f8b4fc6-9314-413e-a560-f50320fc2365: nextIndex: updateUnconditionally 0 -> 0
2019-06-12 15:59:06,136 INFO  impl.FollowerInfo (FollowerInfo.java:lambda$new$0(50)) - 585d7d00-a7c1-4731-9183-786f9e8c1772->bb0596c0-0cf2-49c6-8bd7-9affeddec5b0: nextIndex: updateUnconditionally 0 -> 0
2019-06-12 15:59:06,636 WARN  server.GrpcLogAppender (LogUtils.java:warn(134)) - 585d7d00-a7c1-4731-9183-786f9e8c1772: Failed appendEntries to bb0596c0-0cf2-49c6-8bd7-9affeddec5b0:192.168.134.73:37785: org.apache.ratis.thirdparty.io.grpc.StatusRuntimeException: UNAVAILABLE: io exception
2019-06-12 15:59:06,636 INFO  impl.FollowerInfo (FollowerInfo.java:lambda$new$0(50)) - 585d7d00-a7c1-4731-9183-786f9e8c1772->bb0596c0-0cf2-49c6-8bd7-9affeddec5b0: nextIndex: updateUnconditionally 0 -> 0
2019-06-12 15:59:06,636 WARN  server.GrpcLogAppender (LogUtils.java:warn(134)) - 585d7d00-a7c1-4731-9183-786f9e8c1772: Failed appendEntries to 8f8b4fc6-9314-413e-a560-f50320fc2365:192.168.134.73:46185: org.apache.ratis.thirdparty.io.grpc.StatusRuntimeException: UNAVAILABLE: io exception
2019-06-12 15:59:06,636 INFO  impl.FollowerInfo (FollowerInfo.java:lambda$new$0(50)) - 585d7d00-a7c1-4731-9183-786f9e8c1772->8f8b4fc6-9314-413e-a560-f50320fc2365: nextIndex: updateUnconditionally 0 -> 0
2019-06-12 15:59:07,023 INFO  client.GrpcClientProtocolService (GrpcClientProtocolService.java:lambda$processClientRequest$0(264)) - Failed RaftClientRequest:client-025F3388CB77->585d7d00-a7c1-4731-9183-786f9e8c1772@group-4012F0224B77, cid=67, seq=0, Watch-ALL_COMMITTED(2), Message:<EMPTY>, reply=RaftClientReply:client-025F3388CB77->585d7d00-a7c1-4731-9183-786f9e8c1772@group-4012F0224B77, cid=67, FAILED org.apache.ratis.protocol.NotReplicatedException: Request with call Id 67 and log index 2 is not yet replicated to ALL_COMMITTED, logIndex=2, commits[585d7d00-a7c1-4731-9183-786f9e8c1772:c2, 8f8b4fc6-9314-413e-a560-f50320fc2365:c1, bb0596c0-0cf2-49c6-8bd7-9affeddec5b0:c1]
2019-06-12 15:59:07,136 WARN  server.GrpcLogAppender (LogUtils.java:warn(134)) - 585d7d00-a7c1-4731-9183-786f9e8c1772: Failed appendEntries to bb0596c0-0cf2-49c6-8bd7-9affeddec5b0:192.168.134.73:37785: org.apache.ratis.thirdparty.io.grpc.StatusRuntimeException: UNAVAILABLE: io exception
2019-06-12 15:59:07,136 WARN  server.GrpcLogAppender (LogUtils.java:warn(134)) - 585d7d00-a7c1-4731-9183-786f9e8c1772: Failed appendEntries to 8f8b4fc6-9314-413e-a560-f50320fc2365:192.168.134.73:46185: org.apache.ratis.thirdparty.io.grpc.StatusRuntimeException: UNAVAILABLE: io exception
2019-06-12 15:59:07,139 INFO  impl.FollowerInfo (FollowerInfo.java:lambda$new$0(50)) - 585d7d00-a7c1-4731-9183-786f9e8c1772->bb0596c0-0cf2-49c6-8bd7-9affeddec5b0: nextIndex: updateUnconditionally 0 -> 0
2019-06-12 15:59:07,139 INFO  impl.FollowerInfo (FollowerInfo.java:lambda$new$0(50)) - 585d7d00-a7c1-4731-9183-786f9e8c1772->8f8b4fc6-9314-413e-a560-f50320fc2365: nextIndex: updateUnconditionally 0 -> 0
2019-06-12 15:59:07,637 WARN  server.GrpcLogAppender (LogUtils.java:warn(134)) - 585d7d00-a7c1-4731-9183-786f9e8c1772: Failed appendEntries to 8f8b4fc6-9314-413e-a560-f50320fc2365:192.168.134.73:46185: org.apache.ratis.thirdparty.io.grpc.StatusRuntimeException: UNAVAILABLE: io exception
2019-06-12 15:59:07,637 INFO  impl.FollowerInfo (FollowerInfo.java:lambda$new$0(50)) - 585d7d00-a7c1-4731-9183-786f9e8c1772->8f8b4fc6-9314-413e-a560-f50320fc2365: nextIndex: updateUnconditionally 0 -> 0
2019-06-12 15:59:07,637 WARN  server.GrpcLogAppender (LogUtils.java:warn(134)) - 585d7d00-a7c1-4731-9183-786f9e8c1772: Failed appendEntries to bb0596c0-0cf2-49c6-8bd7-9affeddec5b0:192.168.134.73:37785: org.apache.ratis.thirdparty.io.grpc.StatusRuntimeException: UNAVAILABLE: io exception
2019-06-12 15:59:07,638 INFO  impl.FollowerInfo (FollowerInfo.java:lambda$new$0(50)) - 585d7d00-a7c1-4731-9183-786f9e8c1772->bb0596c0-0cf2-49c6-8bd7-9affeddec5b0: nextIndex: updateUnconditionally 0 -> 0
2019-06-12 15:59:08,138 WARN  server.GrpcLogAppender (LogUtils.java:warn(134)) - 585d7d00-a7c1-4731-9183-786f9e8c1772: Failed appendEntries to bb0596c0-0cf2-49c6-8bd7-9affeddec5b0:192.168.134.73:37785: org.apache.ratis.thirdparty.io.grpc.StatusRuntimeException: UNAVAILABLE: io exception
2019-06-12 15:59:08,138 WARN  server.GrpcLogAppender (LogUtils.java:warn(134)) - 585d7d00-a7c1-4731-9183-786f9e8c1772: Failed appendEntries to 8f8b4fc6-9314-413e-a560-f50320fc2365:192.168.134.73:46185: org.apache.ratis.thirdparty.io.grpc.StatusRuntimeException: UNAVAILABLE: io exception
2019-06-12 15:59:08,138 INFO  impl.FollowerInfo (FollowerInfo.java:lambda$new$0(50)) - 585d7d00-a7c1-4731-9183-786f9e8c1772->bb0596c0-0cf2-49c6-8bd7-9affeddec5b0: nextIndex: updateUnconditionally 0 -> 0
2019-06-12 15:59:08,138 INFO  impl.FollowerInfo (FollowerInfo.java:lambda$new$0(50)) - 585d7d00-a7c1-4731-9183-786f9e8c1772->8f8b4fc6-9314-413e-a560-f50320fc2365: nextIndex: updateUnconditionally 0 -> 0
2019-06-12 15:59:08,638 WARN  server.GrpcLogAppender (LogUtils.java:warn(134)) - 585d7d00-a7c1-4731-9183-786f9e8c1772: Failed appendEntries to bb0596c0-0cf2-49c6-8bd7-9affeddec5b0:192.168.134.73:37785: org.apache.ratis.thirdparty.io.grpc.StatusRuntimeException: UNAVAILABLE: io exception
2019-06-12 15:59:08,638 WARN  server.GrpcLogAppender (LogUtils.java:warn(134)) - 585d7d00-a7c1-4731-9183-786f9e8c1772: Failed appendEntries to 8f8b4fc6-9314-413e-a560-f50320fc2365:192.168.134.73:46185: org.apache.ratis.thirdparty.io.grpc.StatusRuntimeException: UNAVAILABLE: io exception
2019-06-12 15:59:08,639 INFO  impl.FollowerInfo (FollowerInfo.java:lambda$new$0(50)) - 585d7d00-a7c1-4731-9183-786f9e8c1772->bb0596c0-0cf2-49c6-8bd7-9affeddec5b0: nextIndex: updateUnconditionally 0 -> 0
2019-06-12 15:59:08,639 INFO  impl.FollowerInfo (FollowerInfo.java:lambda$new$0(50)) - 585d7d00-a7c1-4731-9183-786f9e8c1772->8f8b4fc6-9314-413e-a560-f50320fc2365: nextIndex: updateUnconditionally 0 -> 0
2019-06-12 15:59:09,139 WARN  server.GrpcLogAppender (LogUtils.java:warn(134)) - 585d7d00-a7c1-4731-9183-786f9e8c1772: Failed appendEntries to bb0596c0-0cf2-49c6-8bd7-9affeddec5b0:192.168.134.73:37785: org.apache.ratis.thirdparty.io.grpc.StatusRuntimeException: UNAVAILABLE: io exception
2019-06-12 15:59:09,139 INFO  impl.FollowerInfo (FollowerInfo.java:lambda$new$0(50)) - 585d7d00-a7c1-4731-9183-786f9e8c1772->bb0596c0-0cf2-49c6-8bd7-9affeddec5b0: nextIndex: updateUnconditionally 0 -> 0
2019-06-12 15:59:09,140 WARN  server.GrpcLogAppender (LogUtils.java:warn(134)) - 585d7d00-a7c1-4731-9183-786f9e8c1772: Failed appendEntries to 8f8b4fc6-9314-413e-a560-f50320fc2365:192.168.134.73:46185: org.apache.ratis.thirdparty.io.grpc.StatusRuntimeException: UNAVAILABLE: io exception
2019-06-12 15:59:09,140 INFO  impl.FollowerInfo (FollowerInfo.java:lambda$new$0(50)) - 585d7d00-a7c1-4731-9183-786f9e8c1772->8f8b4fc6-9314-413e-a560-f50320fc2365: nextIndex: updateUnconditionally 0 -> 0
2019-06-12 15:59:09,639 WARN  server.GrpcLogAppender (LogUtils.java:warn(134)) - 585d7d00-a7c1-4731-9183-786f9e8c1772: Failed appendEntries to bb0596c0-0cf2-49c6-8bd7-9affeddec5b0:192.168.134.73:37785: org.apache.ratis.thirdparty.io.grpc.StatusRuntimeException: UNAVAILABLE: io exception
2019-06-12 15:59:09,640 INFO  impl.FollowerInfo (FollowerInfo.java:lambda$new$0(50)) - 585d7d00-a7c1-4731-9183-786f9e8c1772->bb0596c0-0cf2-49c6-8bd7-9affeddec5b0: nextIndex: updateUnconditionally 0 -> 0
2019-06-12 15:59:09,640 WARN  server.GrpcLogAppender (LogUtils.java:warn(134)) - 585d7d00-a7c1-4731-9183-786f9e8c1772: Failed appendEntries to 8f8b4fc6-9314-413e-a560-f50320fc2365:192.168.134.73:46185: org.apache.ratis.thirdparty.io.grpc.StatusRuntimeException: UNAVAILABLE: io exception
2019-06-12 15:59:09,640 INFO  impl.FollowerInfo (FollowerInfo.java:lambda$new$0(50)) - 585d7d00-a7c1-4731-9183-786f9e8c1772->8f8b4fc6-9314-413e-a560-f50320fc2365: nextIndex: updateUnconditionally 0 -> 0
2019-06-12 15:59:10,140 WARN  server.GrpcLogAppender (LogUtils.java:warn(134)) - 585d7d00-a7c1-4731-9183-786f9e8c1772: Failed appendEntries to 8f8b4fc6-9314-413e-a560-f50320fc2365:192.168.134.73:46185: org.apache.ratis.thirdparty.io.grpc.StatusRuntimeException: UNAVAILABLE: io exception
2019-06-12 15:59:10,140 WARN  server.GrpcLogAppender (LogUtils.java:warn(134)) - 585d7d00-a7c1-4731-9183-786f9e8c1772: Failed appendEntries to bb0596c0-0cf2-49c6-8bd7-9affeddec5b0:192.168.134.73:37785: org.apache.ratis.thirdparty.io.grpc.StatusRuntimeException: UNAVAILABLE: io exception
2019-06-12 15:59:10,140 INFO  impl.FollowerInfo (FollowerInfo.java:lambda$new$0(50)) - 585d7d00-a7c1-4731-9183-786f9e8c1772->8f8b4fc6-9314-413e-a560-f50320fc2365: nextIndex: updateUnconditionally 0 -> 0
2019-06-12 15:59:10,140 INFO  impl.FollowerInfo (FollowerInfo.java:lambda$new$0(50)) - 585d7d00-a7c1-4731-9183-786f9e8c1772->bb0596c0-0cf2-49c6-8bd7-9affeddec5b0: nextIndex: updateUnconditionally 0 -> 0
2019-06-12 15:59:10,640 WARN  server.GrpcLogAppender (LogUtils.java:warn(134)) - 585d7d00-a7c1-4731-9183-786f9e8c1772: Failed appendEntries to bb0596c0-0cf2-49c6-8bd7-9affeddec5b0:192.168.134.73:37785: org.apache.ratis.thirdparty.io.grpc.StatusRuntimeException: UNAVAILABLE: io exception
2019-06-12 15:59:10,640 WARN  server.GrpcLogAppender (LogUtils.java:warn(134)) - 585d7d00-a7c1-4731-9183-786f9e8c1772: Failed appendEntries to 8f8b4fc6-9314-413e-a560-f50320fc2365:192.168.134.73:46185: org.apache.ratis.thirdparty.io.grpc.StatusRuntimeException: UNAVAILABLE: io exception
2019-06-12 15:59:10,641 INFO  impl.FollowerInfo (FollowerInfo.java:lambda$new$0(50)) - 585d7d00-a7c1-4731-9183-786f9e8c1772->bb0596c0-0cf2-49c6-8bd7-9affeddec5b0: nextIndex: updateUnconditionally 0 -> 0
2019-06-12 15:59:10,641 INFO  impl.FollowerInfo (FollowerInfo.java:lambda$new$0(50)) - 585d7d00-a7c1-4731-9183-786f9e8c1772->8f8b4fc6-9314-413e-a560-f50320fc2365: nextIndex: updateUnconditionally 0 -> 0
2019-06-12 15:59:11,141 WARN  server.GrpcLogAppender (LogUtils.java:warn(134)) - 585d7d00-a7c1-4731-9183-786f9e8c1772: Failed appendEntries to 8f8b4fc6-9314-413e-a560-f50320fc2365:192.168.134.73:46185: org.apache.ratis.thirdparty.io.grpc.StatusRuntimeException: UNAVAILABLE: io exception
2019-06-12 15:59:11,141 WARN  server.GrpcLogAppender (LogUtils.java:warn(134)) - 585d7d00-a7c1-4731-9183-786f9e8c1772: Failed appendEntries to bb0596c0-0cf2-49c6-8bd7-9affeddec5b0:192.168.134.73:37785: org.apache.ratis.thirdparty.io.grpc.StatusRuntimeException: UNAVAILABLE: io exception
2019-06-12 15:59:11,141 INFO  impl.FollowerInfo (FollowerInfo.java:lambda$new$0(50)) - 585d7d00-a7c1-4731-9183-786f9e8c1772->8f8b4fc6-9314-413e-a560-f50320fc2365: nextIndex: updateUnconditionally 0 -> 0
2019-06-12 15:59:11,141 INFO  impl.FollowerInfo (FollowerInfo.java:lambda$new$0(50)) - 585d7d00-a7c1-4731-9183-786f9e8c1772->bb0596c0-0cf2-49c6-8bd7-9affeddec5b0: nextIndex: updateUnconditionally 0 -> 0
2019-06-12 15:59:11,641 WARN  server.GrpcLogAppender (LogUtils.java:warn(134)) - 585d7d00-a7c1-4731-9183-786f9e8c1772: Failed appendEntries to bb0596c0-0cf2-49c6-8bd7-9affeddec5b0:192.168.134.73:37785: org.apache.ratis.thirdparty.io.grpc.StatusRuntimeException: UNAVAILABLE: io exception
2019-06-12 15:59:11,641 WARN  server.GrpcLogAppender (LogUtils.java:warn(134)) - 585d7d00-a7c1-4731-9183-786f9e8c1772: Failed appendEntries to 8f8b4fc6-9314-413e-a560-f50320fc2365:192.168.134.73:46185: org.apache.ratis.thirdparty.io.grpc.StatusRuntimeException: UNAVAILABLE: io exception
2019-06-12 15:59:11,642 INFO  impl.FollowerInfo (FollowerInfo.java:lambda$new$0(50)) - 585d7d00-a7c1-4731-9183-786f9e8c1772->bb0596c0-0cf2-49c6-8bd7-9affeddec5b0: nextIndex: updateUnconditionally 0 -> 0
2019-06-12 15:59:11,642 INFO  impl.FollowerInfo (FollowerInfo.java:lambda$new$0(50)) - 585d7d00-a7c1-4731-9183-786f9e8c1772->8f8b4fc6-9314-413e-a560-f50320fc2365: nextIndex: updateUnconditionally 0 -> 0
2019-06-12 15:59:12,142 WARN  server.GrpcLogAppender (LogUtils.java:warn(134)) - 585d7d00-a7c1-4731-9183-786f9e8c1772: Failed appendEntries to 8f8b4fc6-9314-413e-a560-f50320fc2365:192.168.134.73:46185: org.apache.ratis.thirdparty.io.grpc.StatusRuntimeException: UNAVAILABLE: io exception
2019-06-12 15:59:12,142 WARN  server.GrpcLogAppender (LogUtils.java:warn(134)) - 585d7d00-a7c1-4731-9183-786f9e8c1772: Failed appendEntries to bb0596c0-0cf2-49c6-8bd7-9affeddec5b0:192.168.134.73:37785: org.apache.ratis.thirdparty.io.grpc.StatusRuntimeException: UNAVAILABLE: io exception
2019-06-12 15:59:12,142 INFO  impl.FollowerInfo (FollowerInfo.java:lambda$new$0(50)) - 585d7d00-a7c1-4731-9183-786f9e8c1772->8f8b4fc6-9314-413e-a560-f50320fc2365: nextIndex: updateUnconditionally 0 -> 0
2019-06-12 15:59:12,143 INFO  impl.FollowerInfo (FollowerInfo.java:lambda$new$0(50)) - 585d7d00-a7c1-4731-9183-786f9e8c1772->bb0596c0-0cf2-49c6-8bd7-9affeddec5b0: nextIndex: updateUnconditionally 0 -> 0
2019-06-12 15:59:12,643 WARN  server.GrpcLogAppender (LogUtils.java:warn(134)) - 585d7d00-a7c1-4731-9183-786f9e8c1772: Failed appendEntries to 8f8b4fc6-9314-413e-a560-f50320fc2365:192.168.134.73:46185: org.apache.ratis.thirdparty.io.grpc.StatusRuntimeException: UNAVAILABLE: io exception
2019-06-12 15:59:12,643 WARN  server.GrpcLogAppender (LogUtils.java:warn(134)) - 585d7d00-a7c1-4731-9183-786f9e8c1772: Failed appendEntries to bb0596c0-0cf2-49c6-8bd7-9affeddec5b0:192.168.134.73:37785: org.apache.ratis.thirdparty.io.grpc.StatusRuntimeException: UNAVAILABLE: io exception
2019-06-12 15:59:12,643 INFO  impl.FollowerInfo (FollowerInfo.java:lambda$new$0(50)) - 585d7d00-a7c1-4731-9183-786f9e8c1772->8f8b4fc6-9314-413e-a560-f50320fc2365: nextIndex: updateUnconditionally 0 -> 0
2019-06-12 15:59:12,643 INFO  impl.FollowerInfo (FollowerInfo.java:lambda$new$0(50)) - 585d7d00-a7c1-4731-9183-786f9e8c1772->bb0596c0-0cf2-49c6-8bd7-9affeddec5b0: nextIndex: updateUnconditionally 0 -> 0
2019-06-12 15:59:13,143 WARN  server.GrpcLogAppender (LogUtils.java:warn(134)) - 585d7d00-a7c1-4731-9183-786f9e8c1772: Failed appendEntries to 8f8b4fc6-9314-413e-a560-f50320fc2365:192.168.134.73:46185: org.apache.ratis.thirdparty.io.grpc.StatusRuntimeException: UNAVAILABLE: io exception
2019-06-12 15:59:13,144 INFO  impl.FollowerInfo (FollowerInfo.java:lambda$new$0(50)) - 585d7d00-a7c1-4731-9183-786f9e8c1772->8f8b4fc6-9314-413e-a560-f50320fc2365: nextIndex: updateUnconditionally 0 -> 0
2019-06-12 15:59:13,146 WARN  server.GrpcLogAppender (LogUtils.java:warn(134)) - 585d7d00-a7c1-4731-9183-786f9e8c1772: Failed appendEntries to bb0596c0-0cf2-49c6-8bd7-9affeddec5b0:192.168.134.73:37785: org.apache.ratis.thirdparty.io.grpc.StatusRuntimeException: UNAVAILABLE: io exception
2019-06-12 15:59:13,147 INFO  impl.FollowerInfo (FollowerInfo.java:lambda$new$0(50)) - 585d7d00-a7c1-4731-9183-786f9e8c1772->bb0596c0-0cf2-49c6-8bd7-9affeddec5b0: nextIndex: updateUnconditionally 0 -> 0
2019-06-12 15:59:13,644 WARN  server.GrpcLogAppender (LogUtils.java:warn(134)) - 585d7d00-a7c1-4731-9183-786f9e8c1772: Failed appendEntries to bb0596c0-0cf2-49c6-8bd7-9affeddec5b0:192.168.134.73:37785: org.apache.ratis.thirdparty.io.grpc.StatusRuntimeException: UNAVAILABLE: io exception
2019-06-12 15:59:13,644 WARN  server.GrpcLogAppender (LogUtils.java:warn(134)) - 585d7d00-a7c1-4731-9183-786f9e8c1772: Failed appendEntries to 8f8b4fc6-9314-413e-a560-f50320fc2365:192.168.134.73:46185: org.apache.ratis.thirdparty.io.grpc.StatusRuntimeException: UNAVAILABLE: io exception
2019-06-12 15:59:13,644 INFO  impl.FollowerInfo (FollowerInfo.java:lambda$new$0(50)) - 585d7d00-a7c1-4731-9183-786f9e8c1772->bb0596c0-0cf2-49c6-8bd7-9affeddec5b0: nextIndex: updateUnconditionally 0 -> 0
2019-06-12 15:59:13,644 INFO  impl.FollowerInfo (FollowerInfo.java:lambda$new$0(50)) - 585d7d00-a7c1-4731-9183-786f9e8c1772->8f8b4fc6-9314-413e-a560-f50320fc2365: nextIndex: updateUnconditionally 0 -> 0
2019-06-12 15:59:14,022 INFO  client.GrpcClientProtocolService (GrpcClientProtocolService.java:lambda$processClientRequest$0(264)) - Failed RaftClientRequest:client-025F3388CB77->585d7d00-a7c1-4731-9183-786f9e8c1772@group-4012F0224B77, cid=67, seq=0, Watch-ALL_COMMITTED(2), Message:<EMPTY>, reply=RaftClientReply:client-025F3388CB77->585d7d00-a7c1-4731-9183-786f9e8c1772@group-4012F0224B77, cid=67, FAILED org.apache.ratis.protocol.NotReplicatedException: Request with call Id 67 and log index 2 is not yet replicated to ALL_COMMITTED, logIndex=2, commits[585d7d00-a7c1-4731-9183-786f9e8c1772:c2, 8f8b4fc6-9314-413e-a560-f50320fc2365:c1, bb0596c0-0cf2-49c6-8bd7-9affeddec5b0:c1]
2019-06-12 15:59:14,144 WARN  server.GrpcLogAppender (LogUtils.java:warn(134)) - 585d7d00-a7c1-4731-9183-786f9e8c1772: Failed appendEntries to bb0596c0-0cf2-49c6-8bd7-9affeddec5b0:192.168.134.73:37785: org.apache.ratis.thirdparty.io.grpc.StatusRuntimeException: UNAVAILABLE: io exception
2019-06-12 15:59:14,145 INFO  impl.FollowerInfo (FollowerInfo.java:lambda$new$0(50)) - 585d7d00-a7c1-4731-9183-786f9e8c1772->bb0596c0-0cf2-49c6-8bd7-9affeddec5b0: nextIndex: updateUnconditionally 0 -> 0
2019-06-12 15:59:14,146 WARN  server.GrpcLogAppender (LogUtils.java:warn(134)) - 585d7d00-a7c1-4731-9183-786f9e8c1772: Failed appendEntries to 8f8b4fc6-9314-413e-a560-f50320fc2365:192.168.134.73:46185: org.apache.ratis.thirdparty.io.grpc.StatusRuntimeException: UNAVAILABLE: io exception
2019-06-12 15:59:14,149 INFO  impl.FollowerInfo (FollowerInfo.java:lambda$new$0(50)) - 585d7d00-a7c1-4731-9183-786f9e8c1772->8f8b4fc6-9314-413e-a560-f50320fc2365: nextIndex: updateUnconditionally 0 -> 0
2019-06-12 15:59:14,645 WARN  server.GrpcLogAppender (LogUtils.java:warn(134)) - 585d7d00-a7c1-4731-9183-786f9e8c1772: Failed appendEntries to 8f8b4fc6-9314-413e-a560-f50320fc2365:192.168.134.73:46185: org.apache.ratis.thirdparty.io.grpc.StatusRuntimeException: UNAVAILABLE: io exception
2019-06-12 15:59:14,645 WARN  server.GrpcLogAppender (LogUtils.java:warn(134)) - 585d7d00-a7c1-4731-9183-786f9e8c1772: Failed appendEntries to bb0596c0-0cf2-49c6-8bd7-9affeddec5b0:192.168.134.73:37785: org.apache.ratis.thirdparty.io.grpc.StatusRuntimeException: UNAVAILABLE: io exception
2019-06-12 15:59:14,645 INFO  impl.FollowerInfo (FollowerInfo.java:lambda$new$0(50)) - 585d7d00-a7c1-4731-9183-786f9e8c1772->8f8b4fc6-9314-413e-a560-f50320fc2365: nextIndex: updateUnconditionally 0 -> 0
2019-06-12 15:59:14,645 INFO  impl.FollowerInfo (FollowerInfo.java:lambda$new$0(50)) - 585d7d00-a7c1-4731-9183-786f9e8c1772->bb0596c0-0cf2-49c6-8bd7-9affeddec5b0: nextIndex: updateUnconditionally 0 -> 0
2019-06-12 15:59:15,145 WARN  server.GrpcLogAppender (LogUtils.java:warn(134)) - 585d7d00-a7c1-4731-9183-786f9e8c1772: Failed appendEntries to bb0596c0-0cf2-49c6-8bd7-9affeddec5b0:192.168.134.73:37785: org.apache.ratis.thirdparty.io.grpc.StatusRuntimeException: UNAVAILABLE: io exception
2019-06-12 15:59:15,145 WARN  server.GrpcLogAppender (LogUtils.java:warn(134)) - 585d7d00-a7c1-4731-9183-786f9e8c1772: Failed appendEntries to 8f8b4fc6-9314-413e-a560-f50320fc2365:192.168.134.73:46185: org.apache.ratis.thirdparty.io.grpc.StatusRuntimeException: UNAVAILABLE: io exception
2019-06-12 15:59:15,146 INFO  impl.FollowerInfo (FollowerInfo.java:lambda$new$0(50)) - 585d7d00-a7c1-4731-9183-786f9e8c1772->bb0596c0-0cf2-49c6-8bd7-9affeddec5b0: nextIndex: updateUnconditionally 0 -> 0
2019-06-12 15:59:15,146 INFO  impl.FollowerInfo (FollowerInfo.java:lambda$new$0(50)) - 585d7d00-a7c1-4731-9183-786f9e8c1772->8f8b4fc6-9314-413e-a560-f50320fc2365: nextIndex: updateUnconditionally 0 -> 0
2019-06-12 15:59:15,292 WARN  scm.XceiverClientRatis (XceiverClientRatis.java:watchForCommit(260)) - 3 way commit failed 
java.util.concurrent.ExecutionException: org.apache.ratis.protocol.RaftRetryFailureException: Failed RaftClientRequest:client-025F3388CB77->bb0596c0-0cf2-49c6-8bd7-9affeddec5b0@group-4012F0224B77, cid=67, seq=0, Watch-ALL_COMMITTED(2), null for 10 attempts with RetryLimited(maxAttempts=10, sleepTime=1000ms)
	at java.util.concurrent.CompletableFuture.reportGet(CompletableFuture.java:357)
	at java.util.concurrent.CompletableFuture.get(CompletableFuture.java:1915)
	at org.apache.hadoop.hdds.scm.XceiverClientRatis.watchForCommit(XceiverClientRatis.java:257)
	at org.apache.hadoop.ozone.client.rpc.TestWatchForCommit.testWatchForCommitForRetryfailure(TestWatchForCommit.java:347)
	at sun.reflect.NativeMethodAccessorImpl.invoke0(Native Method)
	at sun.reflect.NativeMethodAccessorImpl.invoke(NativeMethodAccessorImpl.java:62)
	at sun.reflect.DelegatingMethodAccessorImpl.invoke(DelegatingMethodAccessorImpl.java:43)
	at java.lang.reflect.Method.invoke(Method.java:498)
	at org.junit.runners.model.FrameworkMethod$1.runReflectiveCall(FrameworkMethod.java:47)
	at org.junit.internal.runners.model.ReflectiveCallable.run(ReflectiveCallable.java:12)
	at org.junit.runners.model.FrameworkMethod.invokeExplosively(FrameworkMethod.java:44)
	at org.junit.internal.runners.statements.InvokeMethod.evaluate(InvokeMethod.java:17)
	at org.junit.runners.ParentRunner.runLeaf(ParentRunner.java:271)
	at org.junit.runners.BlockJUnit4ClassRunner.runChild(BlockJUnit4ClassRunner.java:70)
	at org.junit.runners.BlockJUnit4ClassRunner.runChild(BlockJUnit4ClassRunner.java:50)
	at org.junit.runners.ParentRunner$3.run(ParentRunner.java:238)
	at org.junit.runners.ParentRunner$1.schedule(ParentRunner.java:63)
	at org.junit.runners.ParentRunner.runChildren(ParentRunner.java:236)
	at org.junit.runners.ParentRunner.access$000(ParentRunner.java:53)
	at org.junit.runners.ParentRunner$2.evaluate(ParentRunner.java:229)
	at org.junit.runners.ParentRunner.run(ParentRunner.java:309)
	at org.apache.maven.surefire.junit4.JUnit4Provider.execute(JUnit4Provider.java:365)
	at org.apache.maven.surefire.junit4.JUnit4Provider.executeWithRerun(JUnit4Provider.java:273)
	at org.apache.maven.surefire.junit4.JUnit4Provider.executeTestSet(JUnit4Provider.java:238)
	at org.apache.maven.surefire.junit4.JUnit4Provider.invoke(JUnit4Provider.java:159)
	at org.apache.maven.surefire.booter.ForkedBooter.invokeProviderInSameClassLoader(ForkedBooter.java:384)
	at org.apache.maven.surefire.booter.ForkedBooter.runSuitesInProcess(ForkedBooter.java:345)
	at org.apache.maven.surefire.booter.ForkedBooter.execute(ForkedBooter.java:126)
	at org.apache.maven.surefire.booter.ForkedBooter.main(ForkedBooter.java:418)
Caused by: org.apache.ratis.protocol.RaftRetryFailureException: Failed RaftClientRequest:client-025F3388CB77->bb0596c0-0cf2-49c6-8bd7-9affeddec5b0@group-4012F0224B77, cid=67, seq=0, Watch-ALL_COMMITTED(2), null for 10 attempts with RetryLimited(maxAttempts=10, sleepTime=1000ms)
	at org.apache.ratis.client.impl.RaftClientImpl.newRaftRetryFailureException(RaftClientImpl.java:383)
	at org.apache.ratis.client.impl.UnorderedAsync.lambda$sendRequestWithRetry$4(UnorderedAsync.java:83)
	at java.util.concurrent.CompletableFuture.uniWhenComplete(CompletableFuture.java:760)
	at java.util.concurrent.CompletableFuture$UniWhenComplete.tryFire(CompletableFuture.java:736)
	at java.util.concurrent.CompletableFuture$Completion.run(CompletableFuture.java:442)
	at java.lang.Thread.run(Thread.java:748)
2019-06-12 15:59:15,646 WARN  server.GrpcLogAppender (LogUtils.java:warn(134)) - 585d7d00-a7c1-4731-9183-786f9e8c1772: Failed appendEntries to bb0596c0-0cf2-49c6-8bd7-9affeddec5b0:192.168.134.73:37785: org.apache.ratis.thirdparty.io.grpc.StatusRuntimeException: UNAVAILABLE: io exception
2019-06-12 15:59:15,646 INFO  impl.FollowerInfo (FollowerInfo.java:lambda$new$0(50)) - 585d7d00-a7c1-4731-9183-786f9e8c1772->bb0596c0-0cf2-49c6-8bd7-9affeddec5b0: nextIndex: updateUnconditionally 0 -> 0
2019-06-12 15:59:15,646 WARN  server.GrpcLogAppender (LogUtils.java:warn(134)) - 585d7d00-a7c1-4731-9183-786f9e8c1772: Failed appendEntries to 8f8b4fc6-9314-413e-a560-f50320fc2365:192.168.134.73:46185: org.apache.ratis.thirdparty.io.grpc.StatusRuntimeException: UNAVAILABLE: io exception
2019-06-12 15:59:15,647 INFO  impl.FollowerInfo (FollowerInfo.java:lambda$new$0(50)) - 585d7d00-a7c1-4731-9183-786f9e8c1772->8f8b4fc6-9314-413e-a560-f50320fc2365: nextIndex: updateUnconditionally 0 -> 0
2019-06-12 15:59:16,146 WARN  server.GrpcLogAppender (LogUtils.java:warn(134)) - 585d7d00-a7c1-4731-9183-786f9e8c1772: Failed appendEntries to bb0596c0-0cf2-49c6-8bd7-9affeddec5b0:192.168.134.73:37785: org.apache.ratis.thirdparty.io.grpc.StatusRuntimeException: UNAVAILABLE: io exception
2019-06-12 15:59:16,147 INFO  impl.FollowerInfo (FollowerInfo.java:lambda$new$0(50)) - 585d7d00-a7c1-4731-9183-786f9e8c1772->bb0596c0-0cf2-49c6-8bd7-9affeddec5b0: nextIndex: updateUnconditionally 0 -> 0
2019-06-12 15:59:16,147 WARN  server.GrpcLogAppender (LogUtils.java:warn(134)) - 585d7d00-a7c1-4731-9183-786f9e8c1772: Failed appendEntries to 8f8b4fc6-9314-413e-a560-f50320fc2365:192.168.134.73:46185: org.apache.ratis.thirdparty.io.grpc.StatusRuntimeException: UNAVAILABLE: io exception
2019-06-12 15:59:16,147 INFO  impl.FollowerInfo (FollowerInfo.java:lambda$new$0(50)) - 585d7d00-a7c1-4731-9183-786f9e8c1772->8f8b4fc6-9314-413e-a560-f50320fc2365: nextIndex: updateUnconditionally 0 -> 0
2019-06-12 15:59:16,647 WARN  server.GrpcLogAppender (LogUtils.java:warn(134)) - 585d7d00-a7c1-4731-9183-786f9e8c1772: Failed appendEntries to 8f8b4fc6-9314-413e-a560-f50320fc2365:192.168.134.73:46185: org.apache.ratis.thirdparty.io.grpc.StatusRuntimeException: UNAVAILABLE: io exception
2019-06-12 15:59:16,647 WARN  server.GrpcLogAppender (LogUtils.java:warn(134)) - 585d7d00-a7c1-4731-9183-786f9e8c1772: Failed appendEntries to bb0596c0-0cf2-49c6-8bd7-9affeddec5b0:192.168.134.73:37785: org.apache.ratis.thirdparty.io.grpc.StatusRuntimeException: UNAVAILABLE: io exception
2019-06-12 15:59:16,647 INFO  impl.FollowerInfo (FollowerInfo.java:lambda$new$0(50)) - 585d7d00-a7c1-4731-9183-786f9e8c1772->8f8b4fc6-9314-413e-a560-f50320fc2365: nextIndex: updateUnconditionally 0 -> 0
2019-06-12 15:59:16,647 INFO  impl.FollowerInfo (FollowerInfo.java:lambda$new$0(50)) - 585d7d00-a7c1-4731-9183-786f9e8c1772->bb0596c0-0cf2-49c6-8bd7-9affeddec5b0: nextIndex: updateUnconditionally 0 -> 0
2019-06-12 15:59:17,148 WARN  server.GrpcLogAppender (LogUtils.java:warn(134)) - 585d7d00-a7c1-4731-9183-786f9e8c1772: Failed appendEntries to bb0596c0-0cf2-49c6-8bd7-9affeddec5b0:192.168.134.73:37785: org.apache.ratis.thirdparty.io.grpc.StatusRuntimeException: UNAVAILABLE: io exception
2019-06-12 15:59:17,148 INFO  impl.FollowerInfo (FollowerInfo.java:lambda$new$0(50)) - 585d7d00-a7c1-4731-9183-786f9e8c1772->bb0596c0-0cf2-49c6-8bd7-9affeddec5b0: nextIndex: updateUnconditionally 0 -> 0
2019-06-12 15:59:17,148 WARN  server.GrpcLogAppender (LogUtils.java:warn(134)) - 585d7d00-a7c1-4731-9183-786f9e8c1772: Failed appendEntries to 8f8b4fc6-9314-413e-a560-f50320fc2365:192.168.134.73:46185: org.apache.ratis.thirdparty.io.grpc.StatusRuntimeException: UNAVAILABLE: io exception
2019-06-12 15:59:17,148 INFO  impl.FollowerInfo (FollowerInfo.java:lambda$new$0(50)) - 585d7d00-a7c1-4731-9183-786f9e8c1772->8f8b4fc6-9314-413e-a560-f50320fc2365: nextIndex: updateUnconditionally 0 -> 0
2019-06-12 15:59:17,648 WARN  server.GrpcLogAppender (LogUtils.java:warn(134)) - 585d7d00-a7c1-4731-9183-786f9e8c1772: Failed appendEntries to 8f8b4fc6-9314-413e-a560-f50320fc2365:192.168.134.73:46185: org.apache.ratis.thirdparty.io.grpc.StatusRuntimeException: UNAVAILABLE: io exception
2019-06-12 15:59:17,648 INFO  impl.FollowerInfo (FollowerInfo.java:lambda$new$0(50)) - 585d7d00-a7c1-4731-9183-786f9e8c1772->8f8b4fc6-9314-413e-a560-f50320fc2365: nextIndex: updateUnconditionally 0 -> 0
2019-06-12 15:59:17,649 WARN  server.GrpcLogAppender (LogUtils.java:warn(134)) - 585d7d00-a7c1-4731-9183-786f9e8c1772: Failed appendEntries to bb0596c0-0cf2-49c6-8bd7-9affeddec5b0:192.168.134.73:37785: org.apache.ratis.thirdparty.io.grpc.StatusRuntimeException: UNAVAILABLE: io exception
2019-06-12 15:59:17,649 INFO  impl.FollowerInfo (FollowerInfo.java:lambda$new$0(50)) - 585d7d00-a7c1-4731-9183-786f9e8c1772->bb0596c0-0cf2-49c6-8bd7-9affeddec5b0: nextIndex: updateUnconditionally 0 -> 0
2019-06-12 15:59:18,148 WARN  server.GrpcLogAppender (LogUtils.java:warn(134)) - 585d7d00-a7c1-4731-9183-786f9e8c1772: Failed appendEntries to bb0596c0-0cf2-49c6-8bd7-9affeddec5b0:192.168.134.73:37785: org.apache.ratis.thirdparty.io.grpc.StatusRuntimeException: UNAVAILABLE: io exception
2019-06-12 15:59:18,149 INFO  impl.FollowerInfo (FollowerInfo.java:lambda$new$0(50)) - 585d7d00-a7c1-4731-9183-786f9e8c1772->bb0596c0-0cf2-49c6-8bd7-9affeddec5b0: nextIndex: updateUnconditionally 0 -> 0
2019-06-12 15:59:18,149 WARN  server.GrpcLogAppender (LogUtils.java:warn(134)) - 585d7d00-a7c1-4731-9183-786f9e8c1772: Failed appendEntries to 8f8b4fc6-9314-413e-a560-f50320fc2365:192.168.134.73:46185: org.apache.ratis.thirdparty.io.grpc.StatusRuntimeException: UNAVAILABLE: io exception
2019-06-12 15:59:18,149 INFO  impl.FollowerInfo (FollowerInfo.java:lambda$new$0(50)) - 585d7d00-a7c1-4731-9183-786f9e8c1772->8f8b4fc6-9314-413e-a560-f50320fc2365: nextIndex: updateUnconditionally 0 -> 0
2019-06-12 15:59:18,649 WARN  server.GrpcLogAppender (LogUtils.java:warn(134)) - 585d7d00-a7c1-4731-9183-786f9e8c1772: Failed appendEntries to bb0596c0-0cf2-49c6-8bd7-9affeddec5b0:192.168.134.73:37785: org.apache.ratis.thirdparty.io.grpc.StatusRuntimeException: UNAVAILABLE: io exception
2019-06-12 15:59:18,649 INFO  impl.FollowerInfo (FollowerInfo.java:lambda$new$0(50)) - 585d7d00-a7c1-4731-9183-786f9e8c1772->bb0596c0-0cf2-49c6-8bd7-9affeddec5b0: nextIndex: updateUnconditionally 0 -> 0
2019-06-12 15:59:18,649 WARN  server.GrpcLogAppender (LogUtils.java:warn(134)) - 585d7d00-a7c1-4731-9183-786f9e8c1772: Failed appendEntries to 8f8b4fc6-9314-413e-a560-f50320fc2365:192.168.134.73:46185: org.apache.ratis.thirdparty.io.grpc.StatusRuntimeException: UNAVAILABLE: io exception
2019-06-12 15:59:18,650 INFO  impl.FollowerInfo (FollowerInfo.java:lambda$new$0(50)) - 585d7d00-a7c1-4731-9183-786f9e8c1772->8f8b4fc6-9314-413e-a560-f50320fc2365: nextIndex: updateUnconditionally 0 -> 0
2019-06-12 15:59:19,149 WARN  server.GrpcLogAppender (LogUtils.java:warn(134)) - 585d7d00-a7c1-4731-9183-786f9e8c1772: Failed appendEntries to 8f8b4fc6-9314-413e-a560-f50320fc2365:192.168.134.73:46185: org.apache.ratis.thirdparty.io.grpc.StatusRuntimeException: UNAVAILABLE: io exception
2019-06-12 15:59:19,149 WARN  server.GrpcLogAppender (LogUtils.java:warn(134)) - 585d7d00-a7c1-4731-9183-786f9e8c1772: Failed appendEntries to bb0596c0-0cf2-49c6-8bd7-9affeddec5b0:192.168.134.73:37785: org.apache.ratis.thirdparty.io.grpc.StatusRuntimeException: UNAVAILABLE: io exception
2019-06-12 15:59:19,150 INFO  impl.FollowerInfo (FollowerInfo.java:lambda$new$0(50)) - 585d7d00-a7c1-4731-9183-786f9e8c1772->8f8b4fc6-9314-413e-a560-f50320fc2365: nextIndex: updateUnconditionally 0 -> 0
2019-06-12 15:59:19,150 INFO  impl.FollowerInfo (FollowerInfo.java:lambda$new$0(50)) - 585d7d00-a7c1-4731-9183-786f9e8c1772->bb0596c0-0cf2-49c6-8bd7-9affeddec5b0: nextIndex: updateUnconditionally 0 -> 0
2019-06-12 15:59:19,650 WARN  server.GrpcLogAppender (LogUtils.java:warn(134)) - 585d7d00-a7c1-4731-9183-786f9e8c1772: Failed appendEntries to 8f8b4fc6-9314-413e-a560-f50320fc2365:192.168.134.73:46185: org.apache.ratis.thirdparty.io.grpc.StatusRuntimeException: UNAVAILABLE: io exception
2019-06-12 15:59:19,650 WARN  server.GrpcLogAppender (LogUtils.java:warn(134)) - 585d7d00-a7c1-4731-9183-786f9e8c1772: Failed appendEntries to bb0596c0-0cf2-49c6-8bd7-9affeddec5b0:192.168.134.73:37785: org.apache.ratis.thirdparty.io.grpc.StatusRuntimeException: UNAVAILABLE: io exception
2019-06-12 15:59:19,650 INFO  impl.FollowerInfo (FollowerInfo.java:lambda$new$0(50)) - 585d7d00-a7c1-4731-9183-786f9e8c1772->8f8b4fc6-9314-413e-a560-f50320fc2365: nextIndex: updateUnconditionally 0 -> 0
2019-06-12 15:59:19,650 INFO  impl.FollowerInfo (FollowerInfo.java:lambda$new$0(50)) - 585d7d00-a7c1-4731-9183-786f9e8c1772->bb0596c0-0cf2-49c6-8bd7-9affeddec5b0: nextIndex: updateUnconditionally 0 -> 0
2019-06-12 15:59:20,150 WARN  server.GrpcLogAppender (LogUtils.java:warn(134)) - 585d7d00-a7c1-4731-9183-786f9e8c1772: Failed appendEntries to bb0596c0-0cf2-49c6-8bd7-9affeddec5b0:192.168.134.73:37785: org.apache.ratis.thirdparty.io.grpc.StatusRuntimeException: UNAVAILABLE: io exception
2019-06-12 15:59:20,150 WARN  server.GrpcLogAppender (LogUtils.java:warn(134)) - 585d7d00-a7c1-4731-9183-786f9e8c1772: Failed appendEntries to 8f8b4fc6-9314-413e-a560-f50320fc2365:192.168.134.73:46185: org.apache.ratis.thirdparty.io.grpc.StatusRuntimeException: UNAVAILABLE: io exception
2019-06-12 15:59:20,151 INFO  impl.FollowerInfo (FollowerInfo.java:lambda$new$0(50)) - 585d7d00-a7c1-4731-9183-786f9e8c1772->bb0596c0-0cf2-49c6-8bd7-9affeddec5b0: nextIndex: updateUnconditionally 0 -> 0
2019-06-12 15:59:20,151 INFO  impl.FollowerInfo (FollowerInfo.java:lambda$new$0(50)) - 585d7d00-a7c1-4731-9183-786f9e8c1772->8f8b4fc6-9314-413e-a560-f50320fc2365: nextIndex: updateUnconditionally 0 -> 0
2019-06-12 15:59:20,652 WARN  server.GrpcLogAppender (LogUtils.java:warn(134)) - 585d7d00-a7c1-4731-9183-786f9e8c1772: Failed appendEntries to bb0596c0-0cf2-49c6-8bd7-9affeddec5b0:192.168.134.73:37785: org.apache.ratis.thirdparty.io.grpc.StatusRuntimeException: UNAVAILABLE: io exception
2019-06-12 15:59:20,652 WARN  server.GrpcLogAppender (LogUtils.java:warn(134)) - 585d7d00-a7c1-4731-9183-786f9e8c1772: Failed appendEntries to 8f8b4fc6-9314-413e-a560-f50320fc2365:192.168.134.73:46185: org.apache.ratis.thirdparty.io.grpc.StatusRuntimeException: UNAVAILABLE: io exception
2019-06-12 15:59:20,652 INFO  impl.FollowerInfo (FollowerInfo.java:lambda$new$0(50)) - 585d7d00-a7c1-4731-9183-786f9e8c1772->bb0596c0-0cf2-49c6-8bd7-9affeddec5b0: nextIndex: updateUnconditionally 0 -> 0
2019-06-12 15:59:20,652 INFO  impl.FollowerInfo (FollowerInfo.java:lambda$new$0(50)) - 585d7d00-a7c1-4731-9183-786f9e8c1772->8f8b4fc6-9314-413e-a560-f50320fc2365: nextIndex: updateUnconditionally 0 -> 0
2019-06-12 15:59:21,153 WARN  server.GrpcLogAppender (LogUtils.java:warn(134)) - 585d7d00-a7c1-4731-9183-786f9e8c1772: Failed appendEntries to bb0596c0-0cf2-49c6-8bd7-9affeddec5b0:192.168.134.73:37785: org.apache.ratis.thirdparty.io.grpc.StatusRuntimeException: UNAVAILABLE: io exception
2019-06-12 15:59:21,153 WARN  server.GrpcLogAppender (LogUtils.java:warn(134)) - 585d7d00-a7c1-4731-9183-786f9e8c1772: Failed appendEntries to 8f8b4fc6-9314-413e-a560-f50320fc2365:192.168.134.73:46185: org.apache.ratis.thirdparty.io.grpc.StatusRuntimeException: UNAVAILABLE: io exception
2019-06-12 15:59:21,154 INFO  impl.FollowerInfo (FollowerInfo.java:lambda$new$0(50)) - 585d7d00-a7c1-4731-9183-786f9e8c1772->bb0596c0-0cf2-49c6-8bd7-9affeddec5b0: nextIndex: updateUnconditionally 0 -> 0
2019-06-12 15:59:21,154 INFO  impl.FollowerInfo (FollowerInfo.java:lambda$new$0(50)) - 585d7d00-a7c1-4731-9183-786f9e8c1772->8f8b4fc6-9314-413e-a560-f50320fc2365: nextIndex: updateUnconditionally 0 -> 0
2019-06-12 15:59:21,652 WARN  server.GrpcLogAppender (LogUtils.java:warn(134)) - 585d7d00-a7c1-4731-9183-786f9e8c1772: Failed appendEntries to bb0596c0-0cf2-49c6-8bd7-9affeddec5b0:192.168.134.73:37785: org.apache.ratis.thirdparty.io.grpc.StatusRuntimeException: UNAVAILABLE: io exception
2019-06-12 15:59:21,652 WARN  server.GrpcLogAppender (LogUtils.java:warn(134)) - 585d7d00-a7c1-4731-9183-786f9e8c1772: Failed appendEntries to 8f8b4fc6-9314-413e-a560-f50320fc2365:192.168.134.73:46185: org.apache.ratis.thirdparty.io.grpc.StatusRuntimeException: UNAVAILABLE: io exception
2019-06-12 15:59:21,653 INFO  impl.FollowerInfo (FollowerInfo.java:lambda$new$0(50)) - 585d7d00-a7c1-4731-9183-786f9e8c1772->bb0596c0-0cf2-49c6-8bd7-9affeddec5b0: nextIndex: updateUnconditionally 0 -> 0
2019-06-12 15:59:21,653 INFO  impl.FollowerInfo (FollowerInfo.java:lambda$new$0(50)) - 585d7d00-a7c1-4731-9183-786f9e8c1772->8f8b4fc6-9314-413e-a560-f50320fc2365: nextIndex: updateUnconditionally 0 -> 0
2019-06-12 15:59:22,022 INFO  client.GrpcClientProtocolService (GrpcClientProtocolService.java:lambda$processClientRequest$0(264)) - Failed RaftClientRequest:client-025F3388CB77->585d7d00-a7c1-4731-9183-786f9e8c1772@group-4012F0224B77, cid=67, seq=0, Watch-ALL_COMMITTED(2), Message:<EMPTY>, reply=RaftClientReply:client-025F3388CB77->585d7d00-a7c1-4731-9183-786f9e8c1772@group-4012F0224B77, cid=67, FAILED org.apache.ratis.protocol.NotReplicatedException: Request with call Id 67 and log index 2 is not yet replicated to ALL_COMMITTED, logIndex=2, commits[585d7d00-a7c1-4731-9183-786f9e8c1772:c2, 8f8b4fc6-9314-413e-a560-f50320fc2365:c1, bb0596c0-0cf2-49c6-8bd7-9affeddec5b0:c1]
2019-06-12 15:59:22,153 WARN  server.GrpcLogAppender (LogUtils.java:warn(134)) - 585d7d00-a7c1-4731-9183-786f9e8c1772: Failed appendEntries to 8f8b4fc6-9314-413e-a560-f50320fc2365:192.168.134.73:46185: org.apache.ratis.thirdparty.io.grpc.StatusRuntimeException: UNAVAILABLE: io exception
2019-06-12 15:59:22,153 INFO  impl.FollowerInfo (FollowerInfo.java:lambda$new$0(50)) - 585d7d00-a7c1-4731-9183-786f9e8c1772->8f8b4fc6-9314-413e-a560-f50320fc2365: nextIndex: updateUnconditionally 0 -> 0
2019-06-12 15:59:22,153 WARN  server.GrpcLogAppender (LogUtils.java:warn(134)) - 585d7d00-a7c1-4731-9183-786f9e8c1772: Failed appendEntries to bb0596c0-0cf2-49c6-8bd7-9affeddec5b0:192.168.134.73:37785: org.apache.ratis.thirdparty.io.grpc.StatusRuntimeException: UNAVAILABLE: io exception
2019-06-12 15:59:22,156 INFO  impl.FollowerInfo (FollowerInfo.java:lambda$new$0(50)) - 585d7d00-a7c1-4731-9183-786f9e8c1772->bb0596c0-0cf2-49c6-8bd7-9affeddec5b0: nextIndex: updateUnconditionally 0 -> 0
2019-06-12 15:59:22,653 WARN  server.GrpcLogAppender (LogUtils.java:warn(134)) - 585d7d00-a7c1-4731-9183-786f9e8c1772: Failed appendEntries to bb0596c0-0cf2-49c6-8bd7-9affeddec5b0:192.168.134.73:37785: org.apache.ratis.thirdparty.io.grpc.StatusRuntimeException: UNAVAILABLE: io exception
2019-06-12 15:59:22,654 INFO  impl.FollowerInfo (FollowerInfo.java:lambda$new$0(50)) - 585d7d00-a7c1-4731-9183-786f9e8c1772->bb0596c0-0cf2-49c6-8bd7-9affeddec5b0: nextIndex: updateUnconditionally 0 -> 0
2019-06-12 15:59:22,654 WARN  server.GrpcLogAppender (LogUtils.java:warn(134)) - 585d7d00-a7c1-4731-9183-786f9e8c1772: Failed appendEntries to 8f8b4fc6-9314-413e-a560-f50320fc2365:192.168.134.73:46185: org.apache.ratis.thirdparty.io.grpc.StatusRuntimeException: UNAVAILABLE: io exception
2019-06-12 15:59:22,654 INFO  impl.FollowerInfo (FollowerInfo.java:lambda$new$0(50)) - 585d7d00-a7c1-4731-9183-786f9e8c1772->8f8b4fc6-9314-413e-a560-f50320fc2365: nextIndex: updateUnconditionally 0 -> 0
2019-06-12 15:59:23,153 WARN  server.GrpcLogAppender (LogUtils.java:warn(134)) - 585d7d00-a7c1-4731-9183-786f9e8c1772: Failed appendEntries to bb0596c0-0cf2-49c6-8bd7-9affeddec5b0:192.168.134.73:37785: org.apache.ratis.thirdparty.io.grpc.StatusRuntimeException: UNAVAILABLE: io exception
2019-06-12 15:59:23,154 WARN  server.GrpcLogAppender (LogUtils.java:warn(134)) - 585d7d00-a7c1-4731-9183-786f9e8c1772: Failed appendEntries to 8f8b4fc6-9314-413e-a560-f50320fc2365:192.168.134.73:46185: org.apache.ratis.thirdparty.io.grpc.StatusRuntimeException: UNAVAILABLE: io exception
2019-06-12 15:59:23,154 INFO  impl.FollowerInfo (FollowerInfo.java:lambda$new$0(50)) - 585d7d00-a7c1-4731-9183-786f9e8c1772->bb0596c0-0cf2-49c6-8bd7-9affeddec5b0: nextIndex: updateUnconditionally 0 -> 0
2019-06-12 15:59:23,154 INFO  impl.FollowerInfo (FollowerInfo.java:lambda$new$0(50)) - 585d7d00-a7c1-4731-9183-786f9e8c1772->8f8b4fc6-9314-413e-a560-f50320fc2365: nextIndex: updateUnconditionally 0 -> 0
2019-06-12 15:59:23,654 WARN  server.GrpcLogAppender (LogUtils.java:warn(134)) - 585d7d00-a7c1-4731-9183-786f9e8c1772: Failed appendEntries to bb0596c0-0cf2-49c6-8bd7-9affeddec5b0:192.168.134.73:37785: org.apache.ratis.thirdparty.io.grpc.StatusRuntimeException: UNAVAILABLE: io exception
2019-06-12 15:59:23,654 WARN  server.GrpcLogAppender (LogUtils.java:warn(134)) - 585d7d00-a7c1-4731-9183-786f9e8c1772: Failed appendEntries to 8f8b4fc6-9314-413e-a560-f50320fc2365:192.168.134.73:46185: org.apache.ratis.thirdparty.io.grpc.StatusRuntimeException: UNAVAILABLE: io exception
2019-06-12 15:59:23,654 INFO  impl.FollowerInfo (FollowerInfo.java:lambda$new$0(50)) - 585d7d00-a7c1-4731-9183-786f9e8c1772->bb0596c0-0cf2-49c6-8bd7-9affeddec5b0: nextIndex: updateUnconditionally 0 -> 0
2019-06-12 15:59:23,655 INFO  impl.FollowerInfo (FollowerInfo.java:lambda$new$0(50)) - 585d7d00-a7c1-4731-9183-786f9e8c1772->8f8b4fc6-9314-413e-a560-f50320fc2365: nextIndex: updateUnconditionally 0 -> 0
2019-06-12 15:59:24,155 WARN  server.GrpcLogAppender (LogUtils.java:warn(134)) - 585d7d00-a7c1-4731-9183-786f9e8c1772: Failed appendEntries to bb0596c0-0cf2-49c6-8bd7-9affeddec5b0:192.168.134.73:37785: org.apache.ratis.thirdparty.io.grpc.StatusRuntimeException: UNAVAILABLE: io exception
2019-06-12 15:59:24,155 INFO  impl.FollowerInfo (FollowerInfo.java:lambda$new$0(50)) - 585d7d00-a7c1-4731-9183-786f9e8c1772->bb0596c0-0cf2-49c6-8bd7-9affeddec5b0: nextIndex: updateUnconditionally 0 -> 0
2019-06-12 15:59:24,155 WARN  server.GrpcLogAppender (LogUtils.java:warn(134)) - 585d7d00-a7c1-4731-9183-786f9e8c1772: Failed appendEntries to 8f8b4fc6-9314-413e-a560-f50320fc2365:192.168.134.73:46185: org.apache.ratis.thirdparty.io.grpc.StatusRuntimeException: UNAVAILABLE: io exception
2019-06-12 15:59:24,155 INFO  impl.FollowerInfo (FollowerInfo.java:lambda$new$0(50)) - 585d7d00-a7c1-4731-9183-786f9e8c1772->8f8b4fc6-9314-413e-a560-f50320fc2365: nextIndex: updateUnconditionally 0 -> 0
2019-06-12 15:59:24,655 WARN  server.GrpcLogAppender (LogUtils.java:warn(134)) - 585d7d00-a7c1-4731-9183-786f9e8c1772: Failed appendEntries to bb0596c0-0cf2-49c6-8bd7-9affeddec5b0:192.168.134.73:37785: org.apache.ratis.thirdparty.io.grpc.StatusRuntimeException: UNAVAILABLE: io exception
2019-06-12 15:59:24,655 WARN  server.GrpcLogAppender (LogUtils.java:warn(134)) - 585d7d00-a7c1-4731-9183-786f9e8c1772: Failed appendEntries to 8f8b4fc6-9314-413e-a560-f50320fc2365:192.168.134.73:46185: org.apache.ratis.thirdparty.io.grpc.StatusRuntimeException: UNAVAILABLE: io exception
2019-06-12 15:59:24,655 INFO  impl.FollowerInfo (FollowerInfo.java:lambda$new$0(50)) - 585d7d00-a7c1-4731-9183-786f9e8c1772->bb0596c0-0cf2-49c6-8bd7-9affeddec5b0: nextIndex: updateUnconditionally 0 -> 0
2019-06-12 15:59:24,655 INFO  impl.FollowerInfo (FollowerInfo.java:lambda$new$0(50)) - 585d7d00-a7c1-4731-9183-786f9e8c1772->8f8b4fc6-9314-413e-a560-f50320fc2365: nextIndex: updateUnconditionally 0 -> 0
2019-06-12 15:59:25,155 WARN  server.GrpcLogAppender (LogUtils.java:warn(134)) - 585d7d00-a7c1-4731-9183-786f9e8c1772: Failed appendEntries to bb0596c0-0cf2-49c6-8bd7-9affeddec5b0:192.168.134.73:37785: org.apache.ratis.thirdparty.io.grpc.StatusRuntimeException: UNAVAILABLE: io exception
2019-06-12 15:59:25,156 INFO  impl.FollowerInfo (FollowerInfo.java:lambda$new$0(50)) - 585d7d00-a7c1-4731-9183-786f9e8c1772->bb0596c0-0cf2-49c6-8bd7-9affeddec5b0: nextIndex: updateUnconditionally 0 -> 0
2019-06-12 15:59:25,156 WARN  server.GrpcLogAppender (LogUtils.java:warn(134)) - 585d7d00-a7c1-4731-9183-786f9e8c1772: Failed appendEntries to 8f8b4fc6-9314-413e-a560-f50320fc2365:192.168.134.73:46185: org.apache.ratis.thirdparty.io.grpc.StatusRuntimeException: UNAVAILABLE: io exception
2019-06-12 15:59:25,156 INFO  impl.FollowerInfo (FollowerInfo.java:lambda$new$0(50)) - 585d7d00-a7c1-4731-9183-786f9e8c1772->8f8b4fc6-9314-413e-a560-f50320fc2365: nextIndex: updateUnconditionally 0 -> 0
2019-06-12 15:59:25,656 WARN  server.GrpcLogAppender (LogUtils.java:warn(134)) - 585d7d00-a7c1-4731-9183-786f9e8c1772: Failed appendEntries to bb0596c0-0cf2-49c6-8bd7-9affeddec5b0:192.168.134.73:37785: org.apache.ratis.thirdparty.io.grpc.StatusRuntimeException: UNAVAILABLE: io exception
2019-06-12 15:59:25,656 INFO  impl.FollowerInfo (FollowerInfo.java:lambda$new$0(50)) - 585d7d00-a7c1-4731-9183-786f9e8c1772->bb0596c0-0cf2-49c6-8bd7-9affeddec5b0: nextIndex: updateUnconditionally 0 -> 0
2019-06-12 15:59:25,657 WARN  server.GrpcLogAppender (LogUtils.java:warn(134)) - 585d7d00-a7c1-4731-9183-786f9e8c1772: Failed appendEntries to 8f8b4fc6-9314-413e-a560-f50320fc2365:192.168.134.73:46185: org.apache.ratis.thirdparty.io.grpc.StatusRuntimeException: UNAVAILABLE: io exception
2019-06-12 15:59:25,657 INFO  impl.FollowerInfo (FollowerInfo.java:lambda$new$0(50)) - 585d7d00-a7c1-4731-9183-786f9e8c1772->8f8b4fc6-9314-413e-a560-f50320fc2365: nextIndex: updateUnconditionally 0 -> 0
2019-06-12 15:59:26,156 WARN  server.GrpcLogAppender (LogUtils.java:warn(134)) - 585d7d00-a7c1-4731-9183-786f9e8c1772: Failed appendEntries to 8f8b4fc6-9314-413e-a560-f50320fc2365:192.168.134.73:46185: org.apache.ratis.thirdparty.io.grpc.StatusRuntimeException: UNAVAILABLE: io exception
2019-06-12 15:59:26,157 INFO  impl.FollowerInfo (FollowerInfo.java:lambda$new$0(50)) - 585d7d00-a7c1-4731-9183-786f9e8c1772->8f8b4fc6-9314-413e-a560-f50320fc2365: nextIndex: updateUnconditionally 0 -> 0
2019-06-12 15:59:26,157 WARN  server.GrpcLogAppender (LogUtils.java:warn(134)) - 585d7d00-a7c1-4731-9183-786f9e8c1772: Failed appendEntries to bb0596c0-0cf2-49c6-8bd7-9affeddec5b0:192.168.134.73:37785: org.apache.ratis.thirdparty.io.grpc.StatusRuntimeException: UNAVAILABLE: io exception
2019-06-12 15:59:26,157 INFO  impl.FollowerInfo (FollowerInfo.java:lambda$new$0(50)) - 585d7d00-a7c1-4731-9183-786f9e8c1772->bb0596c0-0cf2-49c6-8bd7-9affeddec5b0: nextIndex: updateUnconditionally 0 -> 0
2019-06-12 15:59:26,657 WARN  server.GrpcLogAppender (LogUtils.java:warn(134)) - 585d7d00-a7c1-4731-9183-786f9e8c1772: Failed appendEntries to 8f8b4fc6-9314-413e-a560-f50320fc2365:192.168.134.73:46185: org.apache.ratis.thirdparty.io.grpc.StatusRuntimeException: UNAVAILABLE: io exception
2019-06-12 15:59:26,657 WARN  server.GrpcLogAppender (LogUtils.java:warn(134)) - 585d7d00-a7c1-4731-9183-786f9e8c1772: Failed appendEntries to bb0596c0-0cf2-49c6-8bd7-9affeddec5b0:192.168.134.73:37785: org.apache.ratis.thirdparty.io.grpc.StatusRuntimeException: UNAVAILABLE: io exception
2019-06-12 15:59:26,657 INFO  impl.FollowerInfo (FollowerInfo.java:lambda$new$0(50)) - 585d7d00-a7c1-4731-9183-786f9e8c1772->8f8b4fc6-9314-413e-a560-f50320fc2365: nextIndex: updateUnconditionally 0 -> 0
2019-06-12 15:59:26,657 INFO  impl.FollowerInfo (FollowerInfo.java:lambda$new$0(50)) - 585d7d00-a7c1-4731-9183-786f9e8c1772->bb0596c0-0cf2-49c6-8bd7-9affeddec5b0: nextIndex: updateUnconditionally 0 -> 0
2019-06-12 15:59:27,022 INFO  client.GrpcClientProtocolService (GrpcClientProtocolService.java:lambda$processClientRequest$0(264)) - Failed RaftClientRequest:client-025F3388CB77->585d7d00-a7c1-4731-9183-786f9e8c1772@group-4012F0224B77, cid=68, seq=0, Watch-MAJORITY_COMMITTED(2), Message:<EMPTY>, reply=RaftClientReply:client-025F3388CB77->585d7d00-a7c1-4731-9183-786f9e8c1772@group-4012F0224B77, cid=68, FAILED org.apache.ratis.protocol.NotReplicatedException: Request with call Id 68 and log index 2 is not yet replicated to MAJORITY_COMMITTED, logIndex=2, commits[585d7d00-a7c1-4731-9183-786f9e8c1772:c2, 8f8b4fc6-9314-413e-a560-f50320fc2365:c1, bb0596c0-0cf2-49c6-8bd7-9affeddec5b0:c1]
2019-06-12 15:59:27,157 WARN  server.GrpcLogAppender (LogUtils.java:warn(134)) - 585d7d00-a7c1-4731-9183-786f9e8c1772: Failed appendEntries to 8f8b4fc6-9314-413e-a560-f50320fc2365:192.168.134.73:46185: org.apache.ratis.thirdparty.io.grpc.StatusRuntimeException: UNAVAILABLE: io exception
2019-06-12 15:59:27,157 WARN  server.GrpcLogAppender (LogUtils.java:warn(134)) - 585d7d00-a7c1-4731-9183-786f9e8c1772: Failed appendEntries to bb0596c0-0cf2-49c6-8bd7-9affeddec5b0:192.168.134.73:37785: org.apache.ratis.thirdparty.io.grpc.StatusRuntimeException: UNAVAILABLE: io exception
2019-06-12 15:59:27,159 INFO  impl.FollowerInfo (FollowerInfo.java:lambda$new$0(50)) - 585d7d00-a7c1-4731-9183-786f9e8c1772->8f8b4fc6-9314-413e-a560-f50320fc2365: nextIndex: updateUnconditionally 0 -> 0
2019-06-12 15:59:27,160 INFO  impl.FollowerInfo (FollowerInfo.java:lambda$new$0(50)) - 585d7d00-a7c1-4731-9183-786f9e8c1772->bb0596c0-0cf2-49c6-8bd7-9affeddec5b0: nextIndex: updateUnconditionally 0 -> 0
2019-06-12 15:59:27,658 WARN  server.GrpcLogAppender (LogUtils.java:warn(134)) - 585d7d00-a7c1-4731-9183-786f9e8c1772: Failed appendEntries to 8f8b4fc6-9314-413e-a560-f50320fc2365:192.168.134.73:46185: org.apache.ratis.thirdparty.io.grpc.StatusRuntimeException: UNAVAILABLE: io exception
2019-06-12 15:59:27,658 WARN  server.GrpcLogAppender (LogUtils.java:warn(134)) - 585d7d00-a7c1-4731-9183-786f9e8c1772: Failed appendEntries to bb0596c0-0cf2-49c6-8bd7-9affeddec5b0:192.168.134.73:37785: org.apache.ratis.thirdparty.io.grpc.StatusRuntimeException: UNAVAILABLE: io exception
2019-06-12 15:59:27,658 INFO  impl.FollowerInfo (FollowerInfo.java:lambda$new$0(50)) - 585d7d00-a7c1-4731-9183-786f9e8c1772->8f8b4fc6-9314-413e-a560-f50320fc2365: nextIndex: updateUnconditionally 0 -> 0
2019-06-12 15:59:27,658 INFO  impl.FollowerInfo (FollowerInfo.java:lambda$new$0(50)) - 585d7d00-a7c1-4731-9183-786f9e8c1772->bb0596c0-0cf2-49c6-8bd7-9affeddec5b0: nextIndex: updateUnconditionally 0 -> 0
2019-06-12 15:59:28,158 WARN  server.GrpcLogAppender (LogUtils.java:warn(134)) - 585d7d00-a7c1-4731-9183-786f9e8c1772: Failed appendEntries to bb0596c0-0cf2-49c6-8bd7-9affeddec5b0:192.168.134.73:37785: org.apache.ratis.thirdparty.io.grpc.StatusRuntimeException: UNAVAILABLE: io exception
2019-06-12 15:59:28,158 WARN  server.GrpcLogAppender (LogUtils.java:warn(134)) - 585d7d00-a7c1-4731-9183-786f9e8c1772: Failed appendEntries to 8f8b4fc6-9314-413e-a560-f50320fc2365:192.168.134.73:46185: org.apache.ratis.thirdparty.io.grpc.StatusRuntimeException: UNAVAILABLE: io exception
2019-06-12 15:59:28,158 INFO  impl.FollowerInfo (FollowerInfo.java:lambda$new$0(50)) - 585d7d00-a7c1-4731-9183-786f9e8c1772->bb0596c0-0cf2-49c6-8bd7-9affeddec5b0: nextIndex: updateUnconditionally 0 -> 0
2019-06-12 15:59:28,158 INFO  impl.FollowerInfo (FollowerInfo.java:lambda$new$0(50)) - 585d7d00-a7c1-4731-9183-786f9e8c1772->8f8b4fc6-9314-413e-a560-f50320fc2365: nextIndex: updateUnconditionally 0 -> 0
2019-06-12 15:59:28,658 WARN  server.GrpcLogAppender (LogUtils.java:warn(134)) - 585d7d00-a7c1-4731-9183-786f9e8c1772: Failed appendEntries to 8f8b4fc6-9314-413e-a560-f50320fc2365:192.168.134.73:46185: org.apache.ratis.thirdparty.io.grpc.StatusRuntimeException: UNAVAILABLE: io exception
2019-06-12 15:59:28,659 INFO  impl.FollowerInfo (FollowerInfo.java:lambda$new$0(50)) - 585d7d00-a7c1-4731-9183-786f9e8c1772->8f8b4fc6-9314-413e-a560-f50320fc2365: nextIndex: updateUnconditionally 0 -> 0
2019-06-12 15:59:28,659 WARN  server.GrpcLogAppender (LogUtils.java:warn(134)) - 585d7d00-a7c1-4731-9183-786f9e8c1772: Failed appendEntries to bb0596c0-0cf2-49c6-8bd7-9affeddec5b0:192.168.134.73:37785: org.apache.ratis.thirdparty.io.grpc.StatusRuntimeException: UNAVAILABLE: io exception
2019-06-12 15:59:28,659 INFO  impl.FollowerInfo (FollowerInfo.java:lambda$new$0(50)) - 585d7d00-a7c1-4731-9183-786f9e8c1772->bb0596c0-0cf2-49c6-8bd7-9affeddec5b0: nextIndex: updateUnconditionally 0 -> 0
2019-06-12 15:59:29,159 WARN  server.GrpcLogAppender (LogUtils.java:warn(134)) - 585d7d00-a7c1-4731-9183-786f9e8c1772: Failed appendEntries to bb0596c0-0cf2-49c6-8bd7-9affeddec5b0:192.168.134.73:37785: org.apache.ratis.thirdparty.io.grpc.StatusRuntimeException: UNAVAILABLE: io exception
2019-06-12 15:59:29,159 WARN  server.GrpcLogAppender (LogUtils.java:warn(134)) - 585d7d00-a7c1-4731-9183-786f9e8c1772: Failed appendEntries to 8f8b4fc6-9314-413e-a560-f50320fc2365:192.168.134.73:46185: org.apache.ratis.thirdparty.io.grpc.StatusRuntimeException: UNAVAILABLE: io exception
2019-06-12 15:59:29,159 INFO  impl.FollowerInfo (FollowerInfo.java:lambda$new$0(50)) - 585d7d00-a7c1-4731-9183-786f9e8c1772->bb0596c0-0cf2-49c6-8bd7-9affeddec5b0: nextIndex: updateUnconditionally 0 -> 0
2019-06-12 15:59:29,159 INFO  impl.FollowerInfo (FollowerInfo.java:lambda$new$0(50)) - 585d7d00-a7c1-4731-9183-786f9e8c1772->8f8b4fc6-9314-413e-a560-f50320fc2365: nextIndex: updateUnconditionally 0 -> 0
2019-06-12 15:59:29,660 WARN  server.GrpcLogAppender (LogUtils.java:warn(134)) - 585d7d00-a7c1-4731-9183-786f9e8c1772: Failed appendEntries to 8f8b4fc6-9314-413e-a560-f50320fc2365:192.168.134.73:46185: org.apache.ratis.thirdparty.io.grpc.StatusRuntimeException: UNAVAILABLE: io exception
2019-06-12 15:59:29,660 WARN  server.GrpcLogAppender (LogUtils.java:warn(134)) - 585d7d00-a7c1-4731-9183-786f9e8c1772: Failed appendEntries to bb0596c0-0cf2-49c6-8bd7-9affeddec5b0:192.168.134.73:37785: org.apache.ratis.thirdparty.io.grpc.StatusRuntimeException: UNAVAILABLE: io exception
2019-06-12 15:59:29,660 INFO  impl.FollowerInfo (FollowerInfo.java:lambda$new$0(50)) - 585d7d00-a7c1-4731-9183-786f9e8c1772->8f8b4fc6-9314-413e-a560-f50320fc2365: nextIndex: updateUnconditionally 0 -> 0
2019-06-12 15:59:29,660 INFO  impl.FollowerInfo (FollowerInfo.java:lambda$new$0(50)) - 585d7d00-a7c1-4731-9183-786f9e8c1772->bb0596c0-0cf2-49c6-8bd7-9affeddec5b0: nextIndex: updateUnconditionally 0 -> 0
2019-06-12 15:59:30,160 WARN  server.GrpcLogAppender (LogUtils.java:warn(134)) - 585d7d00-a7c1-4731-9183-786f9e8c1772: Failed appendEntries to bb0596c0-0cf2-49c6-8bd7-9affeddec5b0:192.168.134.73:37785: org.apache.ratis.thirdparty.io.grpc.StatusRuntimeException: UNAVAILABLE: io exception
2019-06-12 15:59:30,160 INFO  impl.FollowerInfo (FollowerInfo.java:lambda$new$0(50)) - 585d7d00-a7c1-4731-9183-786f9e8c1772->bb0596c0-0cf2-49c6-8bd7-9affeddec5b0: nextIndex: updateUnconditionally 0 -> 0
2019-06-12 15:59:30,160 WARN  server.GrpcLogAppender (LogUtils.java:warn(134)) - 585d7d00-a7c1-4731-9183-786f9e8c1772: Failed appendEntries to 8f8b4fc6-9314-413e-a560-f50320fc2365:192.168.134.73:46185: org.apache.ratis.thirdparty.io.grpc.StatusRuntimeException: UNAVAILABLE: io exception
2019-06-12 15:59:30,160 INFO  impl.FollowerInfo (FollowerInfo.java:lambda$new$0(50)) - 585d7d00-a7c1-4731-9183-786f9e8c1772->8f8b4fc6-9314-413e-a560-f50320fc2365: nextIndex: updateUnconditionally 0 -> 0
2019-06-12 15:59:30,660 WARN  server.GrpcLogAppender (LogUtils.java:warn(134)) - 585d7d00-a7c1-4731-9183-786f9e8c1772: Failed appendEntries to bb0596c0-0cf2-49c6-8bd7-9affeddec5b0:192.168.134.73:37785: org.apache.ratis.thirdparty.io.grpc.StatusRuntimeException: UNAVAILABLE: io exception
2019-06-12 15:59:30,661 INFO  impl.FollowerInfo (FollowerInfo.java:lambda$new$0(50)) - 585d7d00-a7c1-4731-9183-786f9e8c1772->bb0596c0-0cf2-49c6-8bd7-9affeddec5b0: nextIndex: updateUnconditionally 0 -> 0
2019-06-12 15:59:30,661 WARN  server.GrpcLogAppender (LogUtils.java:warn(134)) - 585d7d00-a7c1-4731-9183-786f9e8c1772: Failed appendEntries to 8f8b4fc6-9314-413e-a560-f50320fc2365:192.168.134.73:46185: org.apache.ratis.thirdparty.io.grpc.StatusRuntimeException: UNAVAILABLE: io exception
2019-06-12 15:59:30,661 INFO  impl.FollowerInfo (FollowerInfo.java:lambda$new$0(50)) - 585d7d00-a7c1-4731-9183-786f9e8c1772->8f8b4fc6-9314-413e-a560-f50320fc2365: nextIndex: updateUnconditionally 0 -> 0
2019-06-12 15:59:31,161 WARN  server.GrpcLogAppender (LogUtils.java:warn(134)) - 585d7d00-a7c1-4731-9183-786f9e8c1772: Failed appendEntries to bb0596c0-0cf2-49c6-8bd7-9affeddec5b0:192.168.134.73:37785: org.apache.ratis.thirdparty.io.grpc.StatusRuntimeException: UNAVAILABLE: io exception
2019-06-12 15:59:31,161 INFO  impl.FollowerInfo (FollowerInfo.java:lambda$new$0(50)) - 585d7d00-a7c1-4731-9183-786f9e8c1772->bb0596c0-0cf2-49c6-8bd7-9affeddec5b0: nextIndex: updateUnconditionally 0 -> 0
2019-06-12 15:59:31,161 WARN  server.GrpcLogAppender (LogUtils.java:warn(134)) - 585d7d00-a7c1-4731-9183-786f9e8c1772: Failed appendEntries to 8f8b4fc6-9314-413e-a560-f50320fc2365:192.168.134.73:46185: org.apache.ratis.thirdparty.io.grpc.StatusRuntimeException: UNAVAILABLE: io exception
2019-06-12 15:59:31,161 INFO  impl.FollowerInfo (FollowerInfo.java:lambda$new$0(50)) - 585d7d00-a7c1-4731-9183-786f9e8c1772->8f8b4fc6-9314-413e-a560-f50320fc2365: nextIndex: updateUnconditionally 0 -> 0
2019-06-12 15:59:31,661 WARN  server.GrpcLogAppender (LogUtils.java:warn(134)) - 585d7d00-a7c1-4731-9183-786f9e8c1772: Failed appendEntries to bb0596c0-0cf2-49c6-8bd7-9affeddec5b0:192.168.134.73:37785: org.apache.ratis.thirdparty.io.grpc.StatusRuntimeException: UNAVAILABLE: io exception
2019-06-12 15:59:31,662 INFO  impl.FollowerInfo (FollowerInfo.java:lambda$new$0(50)) - 585d7d00-a7c1-4731-9183-786f9e8c1772->bb0596c0-0cf2-49c6-8bd7-9affeddec5b0: nextIndex: updateUnconditionally 0 -> 0
2019-06-12 15:59:31,662 WARN  server.GrpcLogAppender (LogUtils.java:warn(134)) - 585d7d00-a7c1-4731-9183-786f9e8c1772: Failed appendEntries to 8f8b4fc6-9314-413e-a560-f50320fc2365:192.168.134.73:46185: org.apache.ratis.thirdparty.io.grpc.StatusRuntimeException: UNAVAILABLE: io exception
2019-06-12 15:59:31,662 INFO  impl.FollowerInfo (FollowerInfo.java:lambda$new$0(50)) - 585d7d00-a7c1-4731-9183-786f9e8c1772->8f8b4fc6-9314-413e-a560-f50320fc2365: nextIndex: updateUnconditionally 0 -> 0
2019-06-12 15:59:32,162 WARN  server.GrpcLogAppender (LogUtils.java:warn(134)) - 585d7d00-a7c1-4731-9183-786f9e8c1772: Failed appendEntries to 8f8b4fc6-9314-413e-a560-f50320fc2365:192.168.134.73:46185: org.apache.ratis.thirdparty.io.grpc.StatusRuntimeException: UNAVAILABLE: io exception
2019-06-12 15:59:32,162 INFO  impl.FollowerInfo (FollowerInfo.java:lambda$new$0(50)) - 585d7d00-a7c1-4731-9183-786f9e8c1772->8f8b4fc6-9314-413e-a560-f50320fc2365: nextIndex: updateUnconditionally 0 -> 0
2019-06-12 15:59:32,162 WARN  server.GrpcLogAppender (LogUtils.java:warn(134)) - 585d7d00-a7c1-4731-9183-786f9e8c1772: Failed appendEntries to bb0596c0-0cf2-49c6-8bd7-9affeddec5b0:192.168.134.73:37785: org.apache.ratis.thirdparty.io.grpc.StatusRuntimeException: UNAVAILABLE: io exception
2019-06-12 15:59:32,163 INFO  impl.FollowerInfo (FollowerInfo.java:lambda$new$0(50)) - 585d7d00-a7c1-4731-9183-786f9e8c1772->bb0596c0-0cf2-49c6-8bd7-9affeddec5b0: nextIndex: updateUnconditionally 0 -> 0
2019-06-12 15:59:32,662 WARN  server.GrpcLogAppender (LogUtils.java:warn(134)) - 585d7d00-a7c1-4731-9183-786f9e8c1772: Failed appendEntries to bb0596c0-0cf2-49c6-8bd7-9affeddec5b0:192.168.134.73:37785: org.apache.ratis.thirdparty.io.grpc.StatusRuntimeException: UNAVAILABLE: io exception
2019-06-12 15:59:32,662 WARN  server.GrpcLogAppender (LogUtils.java:warn(134)) - 585d7d00-a7c1-4731-9183-786f9e8c1772: Failed appendEntries to 8f8b4fc6-9314-413e-a560-f50320fc2365:192.168.134.73:46185: org.apache.ratis.thirdparty.io.grpc.StatusRuntimeException: UNAVAILABLE: io exception
2019-06-12 15:59:32,662 INFO  impl.FollowerInfo (FollowerInfo.java:lambda$new$0(50)) - 585d7d00-a7c1-4731-9183-786f9e8c1772->bb0596c0-0cf2-49c6-8bd7-9affeddec5b0: nextIndex: updateUnconditionally 0 -> 0
2019-06-12 15:59:32,663 INFO  impl.FollowerInfo (FollowerInfo.java:lambda$new$0(50)) - 585d7d00-a7c1-4731-9183-786f9e8c1772->8f8b4fc6-9314-413e-a560-f50320fc2365: nextIndex: updateUnconditionally 0 -> 0
2019-06-12 15:59:33,024 INFO  client.GrpcClientProtocolService (GrpcClientProtocolService.java:lambda$processClientRequest$0(264)) - Failed RaftClientRequest:client-025F3388CB77->585d7d00-a7c1-4731-9183-786f9e8c1772@group-4012F0224B77, cid=68, seq=0, Watch-MAJORITY_COMMITTED(2), Message:<EMPTY>, reply=RaftClientReply:client-025F3388CB77->585d7d00-a7c1-4731-9183-786f9e8c1772@group-4012F0224B77, cid=68, FAILED org.apache.ratis.protocol.NotReplicatedException: Request with call Id 68 and log index 2 is not yet replicated to MAJORITY_COMMITTED, logIndex=2, commits[585d7d00-a7c1-4731-9183-786f9e8c1772:c2, 8f8b4fc6-9314-413e-a560-f50320fc2365:c1, bb0596c0-0cf2-49c6-8bd7-9affeddec5b0:c1]
2019-06-12 15:59:33,162 WARN  server.GrpcLogAppender (LogUtils.java:warn(134)) - 585d7d00-a7c1-4731-9183-786f9e8c1772: Failed appendEntries to 8f8b4fc6-9314-413e-a560-f50320fc2365:192.168.134.73:46185: org.apache.ratis.thirdparty.io.grpc.StatusRuntimeException: UNAVAILABLE: io exception
2019-06-12 15:59:33,162 WARN  server.GrpcLogAppender (LogUtils.java:warn(134)) - 585d7d00-a7c1-4731-9183-786f9e8c1772: Failed appendEntries to bb0596c0-0cf2-49c6-8bd7-9affeddec5b0:192.168.134.73:37785: org.apache.ratis.thirdparty.io.grpc.StatusRuntimeException: UNAVAILABLE: io exception
2019-06-12 15:59:33,165 INFO  impl.FollowerInfo (FollowerInfo.java:lambda$new$0(50)) - 585d7d00-a7c1-4731-9183-786f9e8c1772->8f8b4fc6-9314-413e-a560-f50320fc2365: nextIndex: updateUnconditionally 0 -> 0
2019-06-12 15:59:33,165 INFO  impl.FollowerInfo (FollowerInfo.java:lambda$new$0(50)) - 585d7d00-a7c1-4731-9183-786f9e8c1772->bb0596c0-0cf2-49c6-8bd7-9affeddec5b0: nextIndex: updateUnconditionally 0 -> 0
2019-06-12 15:59:33,663 WARN  server.GrpcLogAppender (LogUtils.java:warn(134)) - 585d7d00-a7c1-4731-9183-786f9e8c1772: Failed appendEntries to 8f8b4fc6-9314-413e-a560-f50320fc2365:192.168.134.73:46185: org.apache.ratis.thirdparty.io.grpc.StatusRuntimeException: UNAVAILABLE: io exception
2019-06-12 15:59:33,663 INFO  impl.FollowerInfo (FollowerInfo.java:lambda$new$0(50)) - 585d7d00-a7c1-4731-9183-786f9e8c1772->8f8b4fc6-9314-413e-a560-f50320fc2365: nextIndex: updateUnconditionally 0 -> 0
2019-06-12 15:59:33,664 WARN  server.GrpcLogAppender (LogUtils.java:warn(134)) - 585d7d00-a7c1-4731-9183-786f9e8c1772: Failed appendEntries to bb0596c0-0cf2-49c6-8bd7-9affeddec5b0:192.168.134.73:37785: org.apache.ratis.thirdparty.io.grpc.StatusRuntimeException: UNAVAILABLE: io exception
2019-06-12 15:59:33,664 INFO  impl.FollowerInfo (FollowerInfo.java:lambda$new$0(50)) - 585d7d00-a7c1-4731-9183-786f9e8c1772->bb0596c0-0cf2-49c6-8bd7-9affeddec5b0: nextIndex: updateUnconditionally 0 -> 0
2019-06-12 15:59:34,163 WARN  server.GrpcLogAppender (LogUtils.java:warn(134)) - 585d7d00-a7c1-4731-9183-786f9e8c1772: Failed appendEntries to 8f8b4fc6-9314-413e-a560-f50320fc2365:192.168.134.73:46185: org.apache.ratis.thirdparty.io.grpc.StatusRuntimeException: UNAVAILABLE: io exception
2019-06-12 15:59:34,164 INFO  impl.FollowerInfo (FollowerInfo.java:lambda$new$0(50)) - 585d7d00-a7c1-4731-9183-786f9e8c1772->8f8b4fc6-9314-413e-a560-f50320fc2365: nextIndex: updateUnconditionally 0 -> 0
2019-06-12 15:59:34,164 WARN  server.GrpcLogAppender (LogUtils.java:warn(134)) - 585d7d00-a7c1-4731-9183-786f9e8c1772: Failed appendEntries to bb0596c0-0cf2-49c6-8bd7-9affeddec5b0:192.168.134.73:37785: org.apache.ratis.thirdparty.io.grpc.StatusRuntimeException: UNAVAILABLE: io exception
2019-06-12 15:59:34,164 INFO  impl.FollowerInfo (FollowerInfo.java:lambda$new$0(50)) - 585d7d00-a7c1-4731-9183-786f9e8c1772->bb0596c0-0cf2-49c6-8bd7-9affeddec5b0: nextIndex: updateUnconditionally 0 -> 0
2019-06-12 15:59:34,664 WARN  server.GrpcLogAppender (LogUtils.java:warn(134)) - 585d7d00-a7c1-4731-9183-786f9e8c1772: Failed appendEntries to 8f8b4fc6-9314-413e-a560-f50320fc2365:192.168.134.73:46185: org.apache.ratis.thirdparty.io.grpc.StatusRuntimeException: UNAVAILABLE: io exception
2019-06-12 15:59:34,664 INFO  impl.FollowerInfo (FollowerInfo.java:lambda$new$0(50)) - 585d7d00-a7c1-4731-9183-786f9e8c1772->8f8b4fc6-9314-413e-a560-f50320fc2365: nextIndex: updateUnconditionally 0 -> 0
2019-06-12 15:59:34,665 WARN  server.GrpcLogAppender (LogUtils.java:warn(134)) - 585d7d00-a7c1-4731-9183-786f9e8c1772: Failed appendEntries to bb0596c0-0cf2-49c6-8bd7-9affeddec5b0:192.168.134.73:37785: org.apache.ratis.thirdparty.io.grpc.StatusRuntimeException: UNAVAILABLE: io exception
2019-06-12 15:59:34,665 INFO  impl.FollowerInfo (FollowerInfo.java:lambda$new$0(50)) - 585d7d00-a7c1-4731-9183-786f9e8c1772->bb0596c0-0cf2-49c6-8bd7-9affeddec5b0: nextIndex: updateUnconditionally 0 -> 0
2019-06-12 15:59:35,166 WARN  server.GrpcLogAppender (LogUtils.java:warn(134)) - 585d7d00-a7c1-4731-9183-786f9e8c1772: Failed appendEntries to bb0596c0-0cf2-49c6-8bd7-9affeddec5b0:192.168.134.73:37785: org.apache.ratis.thirdparty.io.grpc.StatusRuntimeException: UNAVAILABLE: io exception
2019-06-12 15:59:35,166 INFO  impl.FollowerInfo (FollowerInfo.java:lambda$new$0(50)) - 585d7d00-a7c1-4731-9183-786f9e8c1772->bb0596c0-0cf2-49c6-8bd7-9affeddec5b0: nextIndex: updateUnconditionally 0 -> 0
2019-06-12 15:59:35,166 WARN  server.GrpcLogAppender (LogUtils.java:warn(134)) - 585d7d00-a7c1-4731-9183-786f9e8c1772: Failed appendEntries to 8f8b4fc6-9314-413e-a560-f50320fc2365:192.168.134.73:46185: org.apache.ratis.thirdparty.io.grpc.StatusRuntimeException: UNAVAILABLE: io exception
2019-06-12 15:59:35,166 INFO  impl.FollowerInfo (FollowerInfo.java:lambda$new$0(50)) - 585d7d00-a7c1-4731-9183-786f9e8c1772->8f8b4fc6-9314-413e-a560-f50320fc2365: nextIndex: updateUnconditionally 0 -> 0
]]></system-out>
    <system-err><![CDATA[Jun 12, 2019 3:58:46 PM com.sun.jersey.server.impl.application.WebApplicationImpl _initiate
INFO: Initiating Jersey application, version 'Jersey: 1.19 02/11/2015 03:25 AM'
Jun 12, 2019 3:58:46 PM com.sun.jersey.server.impl.application.WebApplicationImpl _initiate
INFO: Initiating Jersey application, version 'Jersey: 1.19 02/11/2015 03:25 AM'
Jun 12, 2019 3:58:47 PM com.sun.jersey.server.impl.application.WebApplicationImpl _initiate
INFO: Initiating Jersey application, version 'Jersey: 1.19 02/11/2015 03:25 AM'
Jun 12, 2019 3:58:47 PM com.sun.jersey.server.impl.application.WebApplicationImpl _initiate
INFO: Initiating Jersey application, version 'Jersey: 1.19 02/11/2015 03:25 AM'
Jun 12, 2019 3:58:47 PM com.sun.jersey.server.impl.application.WebApplicationImpl _initiate
INFO: Initiating Jersey application, version 'Jersey: 1.19 02/11/2015 03:25 AM'
Jun 12, 2019 3:58:47 PM com.sun.jersey.server.impl.application.WebApplicationImpl _initiate
INFO: Initiating Jersey application, version 'Jersey: 1.19 02/11/2015 03:25 AM'
Jun 12, 2019 3:58:47 PM com.sun.jersey.server.impl.application.WebApplicationImpl _initiate
INFO: Initiating Jersey application, version 'Jersey: 1.19 02/11/2015 03:25 AM'
]]></system-err>
  </testcase>
  <testcase name="testWatchForCommitForGroupMismatchException" classname="org.apache.hadoop.ozone.client.rpc.TestWatchForCommit" time="7.043"/>
  <testcase name="test2WayCommitForTimeoutException" classname="org.apache.hadoop.ozone.client.rpc.TestWatchForCommit" time="12.038"/>
  <testcase name="test2WayCommitForRetryfailure" classname="org.apache.hadoop.ozone.client.rpc.TestWatchForCommit" time="30.936"/>
</testsuite>