<?xml version="1.0" encoding="UTF-8"?>
<testsuite xmlns:xsi="http://www.w3.org/2001/XMLSchema-instance" xsi:noNamespaceSchemaLocation="https://maven.apache.org/surefire/maven-surefire-plugin/xsd/surefire-test-report.xsd" name="org.apache.hadoop.hdds.scm.pipeline.TestNodeFailure" time="10.067" tests="1" errors="0" skipped="1" failures="0">
  <properties>
    <property name="awt.toolkit" value="sun.awt.X11.XToolkit"/>
    <property name="file.encoding.pkg" value="sun.io"/>
    <property name="java.specification.version" value="1.8"/>
    <property name="sun.cpu.isalist" value=""/>
    <property name="sun.jnu.encoding" value="UTF-8"/>
    <property name="java.class.path" value="/opt/src/hadoop-ozone/integration-test/target/test-classes:/opt/src/hadoop-ozone/integration-test/target/classes:/root/.m2/repository/org/apache/hadoop/hadoop-ozone-common/0.5.0-SNAPSHOT/hadoop-ozone-common-0.5.0-SNAPSHOT.jar:/root/.m2/repository/org/apache/commons/commons-compress/1.4.1/commons-compress-1.4.1.jar:/root/.m2/repository/org/tukaani/xz/1.0/xz-1.0.jar:/root/.m2/repository/org/apache/hadoop/hadoop-common/3.2.0/hadoop-common-3.2.0.jar:/root/.m2/repository/org/apache/hadoop/hadoop-hdfs/3.2.0/hadoop-hdfs-3.2.0.jar:/root/.m2/repository/org/apache/hadoop/hadoop-hdfs-client/3.2.0/hadoop-hdfs-client-3.2.0.jar:/root/.m2/repository/com/fasterxml/jackson/core/jackson-annotations/2.9.5/jackson-annotations-2.9.5.jar:/root/.m2/repository/org/apache/hadoop/hadoop-hdds-common/0.5.0-SNAPSHOT/hadoop-hdds-common-0.5.0-SNAPSHOT.jar:/root/.m2/repository/javax/annotation/javax.annotation-api/1.2/javax.annotation-api-1.2.jar:/root/.m2/repository/org/apache/ratis/ratis-server/0.4.0-fe2b15d-SNAPSHOT/ratis-server-0.4.0-fe2b15d-SNAPSHOT.jar:/root/.m2/repository/org/apache/ratis/ratis-thirdparty-misc/0.2.0/ratis-thirdparty-misc-0.2.0.jar:/root/.m2/repository/org/apache/ratis/ratis-proto/0.4.0-fe2b15d-SNAPSHOT/ratis-proto-0.4.0-fe2b15d-SNAPSHOT.jar:/root/.m2/repository/org/apache/ratis/ratis-common/0.4.0-fe2b15d-SNAPSHOT/ratis-common-0.4.0-fe2b15d-SNAPSHOT.jar:/root/.m2/repository/org/apache/ratis/ratis-client/0.4.0-fe2b15d-SNAPSHOT/ratis-client-0.4.0-fe2b15d-SNAPSHOT.jar:/root/.m2/repository/org/apache/ratis/ratis-netty/0.4.0-fe2b15d-SNAPSHOT/ratis-netty-0.4.0-fe2b15d-SNAPSHOT.jar:/root/.m2/repository/org/apache/ratis/ratis-grpc/0.4.0-fe2b15d-SNAPSHOT/ratis-grpc-0.4.0-fe2b15d-SNAPSHOT.jar:/root/.m2/repository/org/rocksdb/rocksdbjni/5.14.2/rocksdbjni-5.14.2.jar:/root/.m2/repository/org/apache/logging/log4j/log4j-api/2.11.0/log4j-api-2.11.0.jar:/root/.m2/repository/org/apache/logging/log4j/log4j-core/2.11.0/log4j-core-2.11.0.jar:/root/.m2/repository/com/lmax/disruptor/3.4.2/disruptor-3.4.2.jar:/root/.m2/repository/org/apache/commons/commons-pool2/2.6.0/commons-pool2-2.6.0.jar:/root/.m2/repository/org/bouncycastle/bcpkix-jdk15on/1.60/bcpkix-jdk15on-1.60.jar:/root/.m2/repository/commons-validator/commons-validator/1.6/commons-validator-1.6.jar:/root/.m2/repository/commons-digester/commons-digester/1.8.1/commons-digester-1.8.1.jar:/root/.m2/repository/io/jaegertracing/jaeger-client/0.33.1/jaeger-client-0.33.1.jar:/root/.m2/repository/io/jaegertracing/jaeger-thrift/0.33.1/jaeger-thrift-0.33.1.jar:/root/.m2/repository/org/apache/thrift/libthrift/0.11.0/libthrift-0.11.0.jar:/root/.m2/repository/com/squareup/okhttp3/okhttp/3.9.0/okhttp-3.9.0.jar:/root/.m2/repository/com/squareup/okio/okio/1.13.0/okio-1.13.0.jar:/root/.m2/repository/io/jaegertracing/jaeger-core/0.33.1/jaeger-core-0.33.1.jar:/root/.m2/repository/io/jaegertracing/jaeger-tracerresolver/0.33.1/jaeger-tracerresolver-0.33.1.jar:/root/.m2/repository/io/opentracing/contrib/opentracing-tracerresolver/0.1.5/opentracing-tracerresolver-0.1.5.jar:/root/.m2/repository/io/opentracing/opentracing-util/0.31.0/opentracing-util-0.31.0.jar:/root/.m2/repository/io/opentracing/opentracing-api/0.31.0/opentracing-api-0.31.0.jar:/root/.m2/repository/io/opentracing/opentracing-noop/0.31.0/opentracing-noop-0.31.0.jar:/root/.m2/repository/org/apache/hadoop/hadoop-hdds-server-framework/0.5.0-SNAPSHOT/hadoop-hdds-server-framework-0.5.0-SNAPSHOT.jar:/root/.m2/repository/org/apache/hadoop/hadoop-hdds-server-scm/0.5.0-SNAPSHOT/hadoop-hdds-server-scm-0.5.0-SNAPSHOT.jar:/root/.m2/repository/org/apache/hadoop/hadoop-hdds-container-service/0.5.0-SNAPSHOT/hadoop-hdds-container-service-0.5.0-SNAPSHOT.jar:/root/.m2/repository/org/apache/hadoop/hadoop-hdds-client/0.5.0-SNAPSHOT/hadoop-hdds-client-0.5.0-SNAPSHOT.jar:/root/.m2/repository/org/apache/hadoop/hadoop-hdds-tools/0.5.0-SNAPSHOT/hadoop-hdds-tools-0.5.0-SNAPSHOT.jar:/root/.m2/repository/org/apache/hadoop/hadoop-ozone-ozone-manager/0.5.0-SNAPSHOT/hadoop-ozone-ozone-manager-0.5.0-SNAPSHOT.jar:/root/.m2/repository/org/apache/hadoop/hadoop-hdds-docs/0.5.0-SNAPSHOT/hadoop-hdds-docs-0.5.0-SNAPSHOT.jar:/root/.m2/repository/org/bouncycastle/bcprov-jdk15on/1.60/bcprov-jdk15on-1.60.jar:/root/.m2/repository/org/apache/hadoop/hadoop-minikdc/3.2.0/hadoop-minikdc-3.2.0.jar:/root/.m2/repository/commons-io/commons-io/2.5/commons-io-2.5.jar:/root/.m2/repository/org/apache/kerby/kerb-simplekdc/1.0.1/kerb-simplekdc-1.0.1.jar:/root/.m2/repository/org/apache/kerby/kerb-client/1.0.1/kerb-client-1.0.1.jar:/root/.m2/repository/org/apache/kerby/kerby-config/1.0.1/kerby-config-1.0.1.jar:/root/.m2/repository/org/apache/kerby/kerb-core/1.0.1/kerb-core-1.0.1.jar:/root/.m2/repository/org/apache/kerby/kerby-pkix/1.0.1/kerby-pkix-1.0.1.jar:/root/.m2/repository/org/apache/kerby/kerby-asn1/1.0.1/kerby-asn1-1.0.1.jar:/root/.m2/repository/org/apache/kerby/kerby-util/1.0.1/kerby-util-1.0.1.jar:/root/.m2/repository/org/apache/kerby/kerb-common/1.0.1/kerb-common-1.0.1.jar:/root/.m2/repository/org/apache/kerby/kerb-crypto/1.0.1/kerb-crypto-1.0.1.jar:/root/.m2/repository/org/apache/kerby/kerb-util/1.0.1/kerb-util-1.0.1.jar:/root/.m2/repository/org/apache/kerby/token-provider/1.0.1/token-provider-1.0.1.jar:/root/.m2/repository/org/apache/kerby/kerb-admin/1.0.1/kerb-admin-1.0.1.jar:/root/.m2/repository/org/apache/kerby/kerb-server/1.0.1/kerb-server-1.0.1.jar:/root/.m2/repository/org/apache/kerby/kerb-identity/1.0.1/kerb-identity-1.0.1.jar:/root/.m2/repository/org/apache/kerby/kerby-xdr/1.0.1/kerby-xdr-1.0.1.jar:/root/.m2/repository/org/slf4j/slf4j-log4j12/1.7.25/slf4j-log4j12-1.7.25.jar:/root/.m2/repository/org/apache/hadoop/hadoop-ozone-objectstore-service/0.5.0-SNAPSHOT/hadoop-ozone-objectstore-service-0.5.0-SNAPSHOT.jar:/root/.m2/repository/org/apache/hadoop/hadoop-ozone-s3gateway/0.5.0-SNAPSHOT/hadoop-ozone-s3gateway-0.5.0-SNAPSHOT.jar:/root/.m2/repository/org/jboss/weld/servlet/weld-servlet/2.4.7.Final/weld-servlet-2.4.7.Final.jar:/root/.m2/repository/org/glassfish/jersey/containers/jersey-container-servlet-core/2.27/jersey-container-servlet-core-2.27.jar:/root/.m2/repository/org/glassfish/hk2/external/javax.inject/2.5.0-b42/javax.inject-2.5.0-b42.jar:/root/.m2/repository/org/glassfish/jersey/core/jersey-common/2.27/jersey-common-2.27.jar:/root/.m2/repository/org/glassfish/hk2/osgi-resource-locator/1.0.1/osgi-resource-locator-1.0.1.jar:/root/.m2/repository/javax/ws/rs/javax.ws.rs-api/2.1/javax.ws.rs-api-2.1.jar:/root/.m2/repository/org/glassfish/jersey/ext/cdi/jersey-cdi1x/2.27/jersey-cdi1x-2.27.jar:/root/.m2/repository/org/glassfish/jersey/inject/jersey-hk2/2.27/jersey-hk2-2.27.jar:/root/.m2/repository/org/glassfish/hk2/hk2-locator/2.5.0-b42/hk2-locator-2.5.0-b42.jar:/root/.m2/repository/org/javassist/javassist/3.22.0-CR2/javassist-3.22.0-CR2.jar:/root/.m2/repository/org/glassfish/hk2/hk2-api/2.5.0/hk2-api-2.5.0.jar:/root/.m2/repository/org/glassfish/hk2/external/jakarta.inject/2.5.0/jakarta.inject-2.5.0.jar:/root/.m2/repository/org/glassfish/hk2/hk2-utils/2.5.0/hk2-utils-2.5.0.jar:/root/.m2/repository/jakarta/annotation/jakarta.annotation-api/1.3.4/jakarta.annotation-api-1.3.4.jar:/root/.m2/repository/org/glassfish/hk2/external/aopalliance-repackaged/2.5.0/aopalliance-repackaged-2.5.0.jar:/root/.m2/repository/com/fasterxml/jackson/dataformat/jackson-dataformat-xml/2.9.0/jackson-dataformat-xml-2.9.0.jar:/root/.m2/repository/com/fasterxml/jackson/core/jackson-core/2.9.5/jackson-core-2.9.5.jar:/root/.m2/repository/com/fasterxml/jackson/module/jackson-module-jaxb-annotations/2.9.5/jackson-module-jaxb-annotations-2.9.5.jar:/root/.m2/repository/javax/enterprise/cdi-api/1.2/cdi-api-1.2.jar:/root/.m2/repository/javax/el/javax.el-api/3.0.0/javax.el-api-3.0.0.jar:/root/.m2/repository/javax/interceptor/javax.interceptor-api/1.2/javax.interceptor-api-1.2.jar:/root/.m2/repository/javax/inject/javax.inject/1/javax.inject-1.jar:/root/.m2/repository/com/sun/xml/bind/jaxb-impl/2.3.0.1/jaxb-impl-2.3.0.1.jar:/root/.m2/repository/com/sun/xml/bind/jaxb-core/2.3.0.1/jaxb-core-2.3.0.1.jar:/root/.m2/repository/javax/xml/bind/jaxb-api/2.3.0/jaxb-api-2.3.0.jar:/root/.m2/repository/javax/activation/activation/1.1.1/activation-1.1.1.jar:/root/.m2/repository/org/apache/hadoop/hadoop-ozone-csi/0.5.0-SNAPSHOT/hadoop-ozone-csi-0.5.0-SNAPSHOT.jar:/root/.m2/repository/com/google/protobuf/protobuf-java-util/3.5.1/protobuf-java-util-3.5.1.jar:/root/.m2/repository/org/apache/hadoop/hadoop-hdds-config/0.5.0-SNAPSHOT/hadoop-hdds-config-0.5.0-SNAPSHOT.jar:/root/.m2/repository/com/google/guava/guava/11.0.2/guava-11.0.2.jar:/root/.m2/repository/com/google/protobuf/protobuf-java/2.5.0/protobuf-java-2.5.0.jar:/root/.m2/repository/io/grpc/grpc-netty/1.17.1/grpc-netty-1.17.1.jar:/root/.m2/repository/io/grpc/grpc-core/1.17.1/grpc-core-1.17.1.jar:/root/.m2/repository/io/grpc/grpc-context/1.17.1/grpc-context-1.17.1.jar:/root/.m2/repository/com/google/errorprone/error_prone_annotations/2.2.0/error_prone_annotations-2.2.0.jar:/root/.m2/repository/org/codehaus/mojo/animal-sniffer-annotations/1.17/animal-sniffer-annotations-1.17.jar:/root/.m2/repository/io/opencensus/opencensus-api/0.17.0/opencensus-api-0.17.0.jar:/root/.m2/repository/io/opencensus/opencensus-contrib-grpc-metrics/0.17.0/opencensus-contrib-grpc-metrics-0.17.0.jar:/root/.m2/repository/io/netty/netty-codec-http2/4.1.30.Final/netty-codec-http2-4.1.30.Final.jar:/root/.m2/repository/io/netty/netty-codec-http/4.1.30.Final/netty-codec-http-4.1.30.Final.jar:/root/.m2/repository/io/netty/netty-codec/4.1.30.Final/netty-codec-4.1.30.Final.jar:/root/.m2/repository/io/netty/netty-handler/4.1.30.Final/netty-handler-4.1.30.Final.jar:/root/.m2/repository/io/netty/netty-handler-proxy/4.1.30.Final/netty-handler-proxy-4.1.30.Final.jar:/root/.m2/repository/io/netty/netty-codec-socks/4.1.30.Final/netty-codec-socks-4.1.30.Final.jar:/root/.m2/repository/io/netty/netty-transport-native-epoll/4.1.30.Final/netty-transport-native-epoll-4.1.30.Final.jar:/root/.m2/repository/io/netty/netty-common/4.1.30.Final/netty-common-4.1.30.Final.jar:/root/.m2/repository/io/netty/netty-buffer/4.1.30.Final/netty-buffer-4.1.30.Final.jar:/root/.m2/repository/io/netty/netty-transport/4.1.30.Final/netty-transport-4.1.30.Final.jar:/root/.m2/repository/io/netty/netty-resolver/4.1.30.Final/netty-resolver-4.1.30.Final.jar:/root/.m2/repository/io/netty/netty-transport-native-unix-common/4.1.30.Final/netty-transport-native-unix-common-4.1.30.Final.jar:/root/.m2/repository/io/grpc/grpc-protobuf/1.17.1/grpc-protobuf-1.17.1.jar:/root/.m2/repository/com/google/api/grpc/proto-google-common-protos/1.0.0/proto-google-common-protos-1.0.0.jar:/root/.m2/repository/io/grpc/grpc-protobuf-lite/1.17.1/grpc-protobuf-lite-1.17.1.jar:/root/.m2/repository/io/grpc/grpc-stub/1.17.1/grpc-stub-1.17.1.jar:/root/.m2/repository/org/apache/hadoop/hadoop-ozone-recon/0.5.0-SNAPSHOT/hadoop-ozone-recon-0.5.0-SNAPSHOT.jar:/root/.m2/repository/org/apache/hadoop/hadoop-ozone-reconcodegen/0.5.0-SNAPSHOT/hadoop-ozone-reconcodegen-0.5.0-SNAPSHOT.jar:/root/.m2/repository/com/google/inject/extensions/guice-multibindings/4.0/guice-multibindings-4.0.jar:/root/.m2/repository/com/google/inject/guice/4.0/guice-4.0.jar:/root/.m2/repository/aopalliance/aopalliance/1.0/aopalliance-1.0.jar:/root/.m2/repository/com/google/inject/extensions/guice-servlet/4.0/guice-servlet-4.0.jar:/root/.m2/repository/org/glassfish/jersey/containers/jersey-container-servlet/2.27/jersey-container-servlet-2.27.jar:/root/.m2/repository/org/glassfish/hk2/guice-bridge/2.5.0/guice-bridge-2.5.0.jar:/root/.m2/repository/org/glassfish/jersey/core/jersey-server/2.27/jersey-server-2.27.jar:/root/.m2/repository/org/glassfish/jersey/core/jersey-client/2.27/jersey-client-2.27.jar:/root/.m2/repository/org/glassfish/jersey/media/jersey-media-jaxb/2.27/jersey-media-jaxb-2.27.jar:/root/.m2/repository/javax/validation/validation-api/1.1.0.Final/validation-api-1.1.0.Final.jar:/root/.m2/repository/org/glassfish/jersey/media/jersey-media-json-jackson/2.27/jersey-media-json-jackson-2.27.jar:/root/.m2/repository/org/glassfish/jersey/ext/jersey-entity-filtering/2.27/jersey-entity-filtering-2.27.jar:/root/.m2/repository/com/google/inject/extensions/guice-assistedinject/4.0/guice-assistedinject-4.0.jar:/root/.m2/repository/org/jooq/jooq/3.11.10/jooq-3.11.10.jar:/root/.m2/repository/org/jooq/jooq-meta/3.11.10/jooq-meta-3.11.10.jar:/root/.m2/repository/org/jooq/jooq-codegen/3.11.10/jooq-codegen-3.11.10.jar:/root/.m2/repository/com/jolbox/bonecp/0.8.0.RELEASE/bonecp-0.8.0.RELEASE.jar:/root/.m2/repository/org/xerial/sqlite-jdbc/3.25.2/sqlite-jdbc-3.25.2.jar:/root/.m2/repository/org/springframework/spring-jdbc/5.1.3.RELEASE/spring-jdbc-5.1.3.RELEASE.jar:/root/.m2/repository/org/springframework/spring-beans/5.1.3.RELEASE/spring-beans-5.1.3.RELEASE.jar:/root/.m2/repository/org/springframework/spring-core/5.1.3.RELEASE/spring-core-5.1.3.RELEASE.jar:/root/.m2/repository/org/springframework/spring-jcl/5.1.3.RELEASE/spring-jcl-5.1.3.RELEASE.jar:/root/.m2/repository/org/springframework/spring-tx/5.1.3.RELEASE/spring-tx-5.1.3.RELEASE.jar:/root/.m2/repository/org/apache/hadoop/hadoop-ozone-client/0.5.0-SNAPSHOT/hadoop-ozone-client-0.5.0-SNAPSHOT.jar:/root/.m2/repository/org/apache/hadoop/hadoop-ozone-ozone-manager/0.5.0-SNAPSHOT/hadoop-ozone-ozone-manager-0.5.0-SNAPSHOT-tests.jar:/root/.m2/repository/junit/junit/4.11/junit-4.11.jar:/root/.m2/repository/org/hamcrest/hamcrest-core/1.3/hamcrest-core-1.3.jar:/root/.m2/repository/org/openjdk/jmh/jmh-core/1.19/jmh-core-1.19.jar:/root/.m2/repository/net/sf/jopt-simple/jopt-simple/4.6/jopt-simple-4.6.jar:/root/.m2/repository/org/apache/commons/commons-math3/3.1.1/commons-math3-3.1.1.jar:/root/.m2/repository/org/openjdk/jmh/jmh-generator-annprocess/1.19/jmh-generator-annprocess-1.19.jar:/root/.m2/repository/org/mockito/mockito-all/1.8.5/mockito-all-1.8.5.jar:/root/.m2/repository/org/apache/hadoop/hadoop-kms/3.2.0/hadoop-kms-3.2.0.jar:/root/.m2/repository/org/apache/hadoop/hadoop-auth/3.2.0/hadoop-auth-3.2.0.jar:/root/.m2/repository/com/nimbusds/nimbus-jose-jwt/4.41.1/nimbus-jose-jwt-4.41.1.jar:/root/.m2/repository/com/github/stephenc/jcip/jcip-annotations/1.0-1/jcip-annotations-1.0-1.jar:/root/.m2/repository/net/minidev/json-smart/2.3/json-smart-2.3.jar:/root/.m2/repository/net/minidev/accessors-smart/1.2/accessors-smart-1.2.jar:/root/.m2/repository/org/ow2/asm/asm/5.0.4/asm-5.0.4.jar:/root/.m2/repository/org/apache/curator/curator-framework/2.12.0/curator-framework-2.12.0.jar:/root/.m2/repository/com/sun/jersey/jersey-core/1.19/jersey-core-1.19.jar:/root/.m2/repository/javax/ws/rs/jsr311-api/1.1.1/jsr311-api-1.1.1.jar:/root/.m2/repository/com/sun/jersey/jersey-server/1.19/jersey-server-1.19.jar:/root/.m2/repository/javax/servlet/javax.servlet-api/3.1.0/javax.servlet-api-3.1.0.jar:/root/.m2/repository/org/eclipse/jetty/jetty-server/9.3.24.v20180605/jetty-server-9.3.24.v20180605.jar:/root/.m2/repository/org/eclipse/jetty/jetty-http/9.3.24.v20180605/jetty-http-9.3.24.v20180605.jar:/root/.m2/repository/org/eclipse/jetty/jetty-io/9.3.24.v20180605/jetty-io-9.3.24.v20180605.jar:/root/.m2/repository/org/eclipse/jetty/jetty-webapp/9.3.24.v20180605/jetty-webapp-9.3.24.v20180605.jar:/root/.m2/repository/org/eclipse/jetty/jetty-xml/9.3.24.v20180605/jetty-xml-9.3.24.v20180605.jar:/root/.m2/repository/log4j/log4j/1.2.17/log4j-1.2.17.jar:/root/.m2/repository/org/slf4j/slf4j-api/1.7.25/slf4j-api-1.7.25.jar:/root/.m2/repository/org/slf4j/jul-to-slf4j/1.7.25/jul-to-slf4j-1.7.25.jar:/root/.m2/repository/org/eclipse/jetty/jetty-util/9.3.24.v20180605/jetty-util-9.3.24.v20180605.jar:/root/.m2/repository/io/dropwizard/metrics/metrics-core/3.2.4/metrics-core-3.2.4.jar:/root/.m2/repository/com/fasterxml/jackson/core/jackson-databind/2.9.5/jackson-databind-2.9.5.jar:/root/.m2/repository/org/apache/hadoop/hadoop-kms/3.2.0/hadoop-kms-3.2.0-tests.jar:/root/.m2/repository/org/apache/hadoop/hadoop-hdds-server-scm/0.5.0-SNAPSHOT/hadoop-hdds-server-scm-0.5.0-SNAPSHOT-tests.jar:/root/.m2/repository/org/hamcrest/hamcrest-all/1.3/hamcrest-all-1.3.jar:/root/.m2/repository/info/picocli/picocli/3.9.6/picocli-3.9.6.jar:/root/.m2/repository/org/apache/hadoop/hadoop-hdds-container-service/0.5.0-SNAPSHOT/hadoop-hdds-container-service-0.5.0-SNAPSHOT-tests.jar:/root/.m2/repository/org/yaml/snakeyaml/1.16/snakeyaml-1.16.jar:/root/.m2/repository/org/apache/hadoop/hadoop-common/3.2.0/hadoop-common-3.2.0-tests.jar:/root/.m2/repository/org/apache/hadoop/hadoop-annotations/3.2.0/hadoop-annotations-3.2.0.jar:/usr/lib/jvm/java-1.8-openjdk/jre/../lib/tools.jar:/root/.m2/repository/commons-cli/commons-cli/1.2/commons-cli-1.2.jar:/root/.m2/repository/org/apache/httpcomponents/httpclient/4.5.2/httpclient-4.5.2.jar:/root/.m2/repository/org/apache/httpcomponents/httpcore/4.4.4/httpcore-4.4.4.jar:/root/.m2/repository/commons-codec/commons-codec/1.11/commons-codec-1.11.jar:/root/.m2/repository/commons-net/commons-net/3.6/commons-net-3.6.jar:/root/.m2/repository/commons-collections/commons-collections/3.2.2/commons-collections-3.2.2.jar:/root/.m2/repository/org/eclipse/jetty/jetty-servlet/9.3.24.v20180605/jetty-servlet-9.3.24.v20180605.jar:/root/.m2/repository/org/eclipse/jetty/jetty-security/9.3.24.v20180605/jetty-security-9.3.24.v20180605.jar:/root/.m2/repository/javax/servlet/jsp/jsp-api/2.1/jsp-api-2.1.jar:/root/.m2/repository/com/sun/jersey/jersey-servlet/1.19/jersey-servlet-1.19.jar:/root/.m2/repository/com/sun/jersey/jersey-json/1.19/jersey-json-1.19.jar:/root/.m2/repository/org/codehaus/jettison/jettison/1.1/jettison-1.1.jar:/root/.m2/repository/org/codehaus/jackson/jackson-core-asl/1.9.13/jackson-core-asl-1.9.13.jar:/root/.m2/repository/org/codehaus/jackson/jackson-mapper-asl/1.9.13/jackson-mapper-asl-1.9.13.jar:/root/.m2/repository/org/codehaus/jackson/jackson-jaxrs/1.9.13/jackson-jaxrs-1.9.13.jar:/root/.m2/repository/org/codehaus/jackson/jackson-xc/1.9.13/jackson-xc-1.9.13.jar:/root/.m2/repository/commons-logging/commons-logging/1.1.3/commons-logging-1.1.3.jar:/root/.m2/repository/commons-beanutils/commons-beanutils/1.9.3/commons-beanutils-1.9.3.jar:/root/.m2/repository/org/apache/commons/commons-configuration2/2.1.1/commons-configuration2-2.1.1.jar:/root/.m2/repository/org/apache/commons/commons-lang3/3.7/commons-lang3-3.7.jar:/root/.m2/repository/org/apache/commons/commons-text/1.4/commons-text-1.4.jar:/root/.m2/repository/org/apache/avro/avro/1.7.7/avro-1.7.7.jar:/root/.m2/repository/com/thoughtworks/paranamer/paranamer/2.3/paranamer-2.3.jar:/root/.m2/repository/org/xerial/snappy/snappy-java/1.0.5/snappy-java-1.0.5.jar:/root/.m2/repository/com/google/re2j/re2j/1.1/re2j-1.1.jar:/root/.m2/repository/com/google/code/gson/gson/2.2.4/gson-2.2.4.jar:/root/.m2/repository/com/jcraft/jsch/0.1.54/jsch-0.1.54.jar:/root/.m2/repository/org/apache/curator/curator-client/2.12.0/curator-client-2.12.0.jar:/root/.m2/repository/org/apache/curator/curator-recipes/2.12.0/curator-recipes-2.12.0.jar:/root/.m2/repository/com/google/code/findbugs/jsr305/3.0.0/jsr305-3.0.0.jar:/root/.m2/repository/org/apache/htrace/htrace-core4/4.1.0-incubating/htrace-core4-4.1.0-incubating.jar:/root/.m2/repository/org/apache/zookeeper/zookeeper/3.4.13/zookeeper-3.4.13.jar:/root/.m2/repository/org/apache/yetus/audience-annotations/0.5.0/audience-annotations-0.5.0.jar:/root/.m2/repository/org/codehaus/woodstox/stax2-api/3.1.4/stax2-api-3.1.4.jar:/root/.m2/repository/com/fasterxml/woodstox/woodstox-core/5.0.3/woodstox-core-5.0.3.jar:/root/.m2/repository/dnsjava/dnsjava/2.1.7/dnsjava-2.1.7.jar:/root/.m2/repository/org/apache/hadoop/hadoop-hdfs/3.2.0/hadoop-hdfs-3.2.0-tests.jar:/root/.m2/repository/org/eclipse/jetty/jetty-util-ajax/9.3.24.v20180605/jetty-util-ajax-9.3.24.v20180605.jar:/root/.m2/repository/commons-daemon/commons-daemon/1.0.13/commons-daemon-1.0.13.jar:/root/.m2/repository/io/netty/netty/3.10.5.Final/netty-3.10.5.Final.jar:/root/.m2/repository/io/netty/netty-all/4.0.52.Final/netty-all-4.0.52.Final.jar:/root/.m2/repository/org/fusesource/leveldbjni/leveldbjni-all/1.8/leveldbjni-all-1.8.jar:"/>
    <property name="java.vm.vendor" value="IcedTea"/>
    <property name="sun.arch.data.model" value="64"/>
    <property name="test.build.dir" value="/opt/src/hadoop-ozone/integration-test/target/test-dir"/>
    <property name="test.cache.data" value=""/>
    <property name="java.vendor.url" value="https://icedtea.classpath.org"/>
    <property name="user.timezone" value=""/>
    <property name="java.vm.specification.version" value="1.8"/>
    <property name="os.name" value="Linux"/>
    <property name="test.build.data" value="/opt/src/hadoop-ozone/integration-test/target/test-dir"/>
    <property name="user.country" value="US"/>
    <property name="sun.java.launcher" value="SUN_STANDARD"/>
    <property name="sun.boot.library.path" value="/usr/lib/jvm/java-1.8-openjdk/jre/lib/amd64"/>
    <property name="sun.java.command" value="/opt/src/hadoop-ozone/integration-test/target/surefire/surefirebooter7949067594296352655.jar /opt/src/hadoop-ozone/integration-test/target/surefire 2019-06-13T03-11-20_205-jvmRun1 surefire8300098703347478704tmp surefire_84156404880231267175tmp"/>
    <property name="surefire.test.class.path" value="/opt/src/hadoop-ozone/integration-test/target/test-classes:/opt/src/hadoop-ozone/integration-test/target/classes:/root/.m2/repository/org/apache/hadoop/hadoop-ozone-common/0.5.0-SNAPSHOT/hadoop-ozone-common-0.5.0-SNAPSHOT.jar:/root/.m2/repository/org/apache/commons/commons-compress/1.4.1/commons-compress-1.4.1.jar:/root/.m2/repository/org/tukaani/xz/1.0/xz-1.0.jar:/root/.m2/repository/org/apache/hadoop/hadoop-common/3.2.0/hadoop-common-3.2.0.jar:/root/.m2/repository/org/apache/hadoop/hadoop-hdfs/3.2.0/hadoop-hdfs-3.2.0.jar:/root/.m2/repository/org/apache/hadoop/hadoop-hdfs-client/3.2.0/hadoop-hdfs-client-3.2.0.jar:/root/.m2/repository/com/fasterxml/jackson/core/jackson-annotations/2.9.5/jackson-annotations-2.9.5.jar:/root/.m2/repository/org/apache/hadoop/hadoop-hdds-common/0.5.0-SNAPSHOT/hadoop-hdds-common-0.5.0-SNAPSHOT.jar:/root/.m2/repository/javax/annotation/javax.annotation-api/1.2/javax.annotation-api-1.2.jar:/root/.m2/repository/org/apache/ratis/ratis-server/0.4.0-fe2b15d-SNAPSHOT/ratis-server-0.4.0-fe2b15d-SNAPSHOT.jar:/root/.m2/repository/org/apache/ratis/ratis-thirdparty-misc/0.2.0/ratis-thirdparty-misc-0.2.0.jar:/root/.m2/repository/org/apache/ratis/ratis-proto/0.4.0-fe2b15d-SNAPSHOT/ratis-proto-0.4.0-fe2b15d-SNAPSHOT.jar:/root/.m2/repository/org/apache/ratis/ratis-common/0.4.0-fe2b15d-SNAPSHOT/ratis-common-0.4.0-fe2b15d-SNAPSHOT.jar:/root/.m2/repository/org/apache/ratis/ratis-client/0.4.0-fe2b15d-SNAPSHOT/ratis-client-0.4.0-fe2b15d-SNAPSHOT.jar:/root/.m2/repository/org/apache/ratis/ratis-netty/0.4.0-fe2b15d-SNAPSHOT/ratis-netty-0.4.0-fe2b15d-SNAPSHOT.jar:/root/.m2/repository/org/apache/ratis/ratis-grpc/0.4.0-fe2b15d-SNAPSHOT/ratis-grpc-0.4.0-fe2b15d-SNAPSHOT.jar:/root/.m2/repository/org/rocksdb/rocksdbjni/5.14.2/rocksdbjni-5.14.2.jar:/root/.m2/repository/org/apache/logging/log4j/log4j-api/2.11.0/log4j-api-2.11.0.jar:/root/.m2/repository/org/apache/logging/log4j/log4j-core/2.11.0/log4j-core-2.11.0.jar:/root/.m2/repository/com/lmax/disruptor/3.4.2/disruptor-3.4.2.jar:/root/.m2/repository/org/apache/commons/commons-pool2/2.6.0/commons-pool2-2.6.0.jar:/root/.m2/repository/org/bouncycastle/bcpkix-jdk15on/1.60/bcpkix-jdk15on-1.60.jar:/root/.m2/repository/commons-validator/commons-validator/1.6/commons-validator-1.6.jar:/root/.m2/repository/commons-digester/commons-digester/1.8.1/commons-digester-1.8.1.jar:/root/.m2/repository/io/jaegertracing/jaeger-client/0.33.1/jaeger-client-0.33.1.jar:/root/.m2/repository/io/jaegertracing/jaeger-thrift/0.33.1/jaeger-thrift-0.33.1.jar:/root/.m2/repository/org/apache/thrift/libthrift/0.11.0/libthrift-0.11.0.jar:/root/.m2/repository/com/squareup/okhttp3/okhttp/3.9.0/okhttp-3.9.0.jar:/root/.m2/repository/com/squareup/okio/okio/1.13.0/okio-1.13.0.jar:/root/.m2/repository/io/jaegertracing/jaeger-core/0.33.1/jaeger-core-0.33.1.jar:/root/.m2/repository/io/jaegertracing/jaeger-tracerresolver/0.33.1/jaeger-tracerresolver-0.33.1.jar:/root/.m2/repository/io/opentracing/contrib/opentracing-tracerresolver/0.1.5/opentracing-tracerresolver-0.1.5.jar:/root/.m2/repository/io/opentracing/opentracing-util/0.31.0/opentracing-util-0.31.0.jar:/root/.m2/repository/io/opentracing/opentracing-api/0.31.0/opentracing-api-0.31.0.jar:/root/.m2/repository/io/opentracing/opentracing-noop/0.31.0/opentracing-noop-0.31.0.jar:/root/.m2/repository/org/apache/hadoop/hadoop-hdds-server-framework/0.5.0-SNAPSHOT/hadoop-hdds-server-framework-0.5.0-SNAPSHOT.jar:/root/.m2/repository/org/apache/hadoop/hadoop-hdds-server-scm/0.5.0-SNAPSHOT/hadoop-hdds-server-scm-0.5.0-SNAPSHOT.jar:/root/.m2/repository/org/apache/hadoop/hadoop-hdds-container-service/0.5.0-SNAPSHOT/hadoop-hdds-container-service-0.5.0-SNAPSHOT.jar:/root/.m2/repository/org/apache/hadoop/hadoop-hdds-client/0.5.0-SNAPSHOT/hadoop-hdds-client-0.5.0-SNAPSHOT.jar:/root/.m2/repository/org/apache/hadoop/hadoop-hdds-tools/0.5.0-SNAPSHOT/hadoop-hdds-tools-0.5.0-SNAPSHOT.jar:/root/.m2/repository/org/apache/hadoop/hadoop-ozone-ozone-manager/0.5.0-SNAPSHOT/hadoop-ozone-ozone-manager-0.5.0-SNAPSHOT.jar:/root/.m2/repository/org/apache/hadoop/hadoop-hdds-docs/0.5.0-SNAPSHOT/hadoop-hdds-docs-0.5.0-SNAPSHOT.jar:/root/.m2/repository/org/bouncycastle/bcprov-jdk15on/1.60/bcprov-jdk15on-1.60.jar:/root/.m2/repository/org/apache/hadoop/hadoop-minikdc/3.2.0/hadoop-minikdc-3.2.0.jar:/root/.m2/repository/commons-io/commons-io/2.5/commons-io-2.5.jar:/root/.m2/repository/org/apache/kerby/kerb-simplekdc/1.0.1/kerb-simplekdc-1.0.1.jar:/root/.m2/repository/org/apache/kerby/kerb-client/1.0.1/kerb-client-1.0.1.jar:/root/.m2/repository/org/apache/kerby/kerby-config/1.0.1/kerby-config-1.0.1.jar:/root/.m2/repository/org/apache/kerby/kerb-core/1.0.1/kerb-core-1.0.1.jar:/root/.m2/repository/org/apache/kerby/kerby-pkix/1.0.1/kerby-pkix-1.0.1.jar:/root/.m2/repository/org/apache/kerby/kerby-asn1/1.0.1/kerby-asn1-1.0.1.jar:/root/.m2/repository/org/apache/kerby/kerby-util/1.0.1/kerby-util-1.0.1.jar:/root/.m2/repository/org/apache/kerby/kerb-common/1.0.1/kerb-common-1.0.1.jar:/root/.m2/repository/org/apache/kerby/kerb-crypto/1.0.1/kerb-crypto-1.0.1.jar:/root/.m2/repository/org/apache/kerby/kerb-util/1.0.1/kerb-util-1.0.1.jar:/root/.m2/repository/org/apache/kerby/token-provider/1.0.1/token-provider-1.0.1.jar:/root/.m2/repository/org/apache/kerby/kerb-admin/1.0.1/kerb-admin-1.0.1.jar:/root/.m2/repository/org/apache/kerby/kerb-server/1.0.1/kerb-server-1.0.1.jar:/root/.m2/repository/org/apache/kerby/kerb-identity/1.0.1/kerb-identity-1.0.1.jar:/root/.m2/repository/org/apache/kerby/kerby-xdr/1.0.1/kerby-xdr-1.0.1.jar:/root/.m2/repository/org/slf4j/slf4j-log4j12/1.7.25/slf4j-log4j12-1.7.25.jar:/root/.m2/repository/org/apache/hadoop/hadoop-ozone-objectstore-service/0.5.0-SNAPSHOT/hadoop-ozone-objectstore-service-0.5.0-SNAPSHOT.jar:/root/.m2/repository/org/apache/hadoop/hadoop-ozone-s3gateway/0.5.0-SNAPSHOT/hadoop-ozone-s3gateway-0.5.0-SNAPSHOT.jar:/root/.m2/repository/org/jboss/weld/servlet/weld-servlet/2.4.7.Final/weld-servlet-2.4.7.Final.jar:/root/.m2/repository/org/glassfish/jersey/containers/jersey-container-servlet-core/2.27/jersey-container-servlet-core-2.27.jar:/root/.m2/repository/org/glassfish/hk2/external/javax.inject/2.5.0-b42/javax.inject-2.5.0-b42.jar:/root/.m2/repository/org/glassfish/jersey/core/jersey-common/2.27/jersey-common-2.27.jar:/root/.m2/repository/org/glassfish/hk2/osgi-resource-locator/1.0.1/osgi-resource-locator-1.0.1.jar:/root/.m2/repository/javax/ws/rs/javax.ws.rs-api/2.1/javax.ws.rs-api-2.1.jar:/root/.m2/repository/org/glassfish/jersey/ext/cdi/jersey-cdi1x/2.27/jersey-cdi1x-2.27.jar:/root/.m2/repository/org/glassfish/jersey/inject/jersey-hk2/2.27/jersey-hk2-2.27.jar:/root/.m2/repository/org/glassfish/hk2/hk2-locator/2.5.0-b42/hk2-locator-2.5.0-b42.jar:/root/.m2/repository/org/javassist/javassist/3.22.0-CR2/javassist-3.22.0-CR2.jar:/root/.m2/repository/org/glassfish/hk2/hk2-api/2.5.0/hk2-api-2.5.0.jar:/root/.m2/repository/org/glassfish/hk2/external/jakarta.inject/2.5.0/jakarta.inject-2.5.0.jar:/root/.m2/repository/org/glassfish/hk2/hk2-utils/2.5.0/hk2-utils-2.5.0.jar:/root/.m2/repository/jakarta/annotation/jakarta.annotation-api/1.3.4/jakarta.annotation-api-1.3.4.jar:/root/.m2/repository/org/glassfish/hk2/external/aopalliance-repackaged/2.5.0/aopalliance-repackaged-2.5.0.jar:/root/.m2/repository/com/fasterxml/jackson/dataformat/jackson-dataformat-xml/2.9.0/jackson-dataformat-xml-2.9.0.jar:/root/.m2/repository/com/fasterxml/jackson/core/jackson-core/2.9.5/jackson-core-2.9.5.jar:/root/.m2/repository/com/fasterxml/jackson/module/jackson-module-jaxb-annotations/2.9.5/jackson-module-jaxb-annotations-2.9.5.jar:/root/.m2/repository/javax/enterprise/cdi-api/1.2/cdi-api-1.2.jar:/root/.m2/repository/javax/el/javax.el-api/3.0.0/javax.el-api-3.0.0.jar:/root/.m2/repository/javax/interceptor/javax.interceptor-api/1.2/javax.interceptor-api-1.2.jar:/root/.m2/repository/javax/inject/javax.inject/1/javax.inject-1.jar:/root/.m2/repository/com/sun/xml/bind/jaxb-impl/2.3.0.1/jaxb-impl-2.3.0.1.jar:/root/.m2/repository/com/sun/xml/bind/jaxb-core/2.3.0.1/jaxb-core-2.3.0.1.jar:/root/.m2/repository/javax/xml/bind/jaxb-api/2.3.0/jaxb-api-2.3.0.jar:/root/.m2/repository/javax/activation/activation/1.1.1/activation-1.1.1.jar:/root/.m2/repository/org/apache/hadoop/hadoop-ozone-csi/0.5.0-SNAPSHOT/hadoop-ozone-csi-0.5.0-SNAPSHOT.jar:/root/.m2/repository/com/google/protobuf/protobuf-java-util/3.5.1/protobuf-java-util-3.5.1.jar:/root/.m2/repository/org/apache/hadoop/hadoop-hdds-config/0.5.0-SNAPSHOT/hadoop-hdds-config-0.5.0-SNAPSHOT.jar:/root/.m2/repository/com/google/guava/guava/11.0.2/guava-11.0.2.jar:/root/.m2/repository/com/google/protobuf/protobuf-java/2.5.0/protobuf-java-2.5.0.jar:/root/.m2/repository/io/grpc/grpc-netty/1.17.1/grpc-netty-1.17.1.jar:/root/.m2/repository/io/grpc/grpc-core/1.17.1/grpc-core-1.17.1.jar:/root/.m2/repository/io/grpc/grpc-context/1.17.1/grpc-context-1.17.1.jar:/root/.m2/repository/com/google/errorprone/error_prone_annotations/2.2.0/error_prone_annotations-2.2.0.jar:/root/.m2/repository/org/codehaus/mojo/animal-sniffer-annotations/1.17/animal-sniffer-annotations-1.17.jar:/root/.m2/repository/io/opencensus/opencensus-api/0.17.0/opencensus-api-0.17.0.jar:/root/.m2/repository/io/opencensus/opencensus-contrib-grpc-metrics/0.17.0/opencensus-contrib-grpc-metrics-0.17.0.jar:/root/.m2/repository/io/netty/netty-codec-http2/4.1.30.Final/netty-codec-http2-4.1.30.Final.jar:/root/.m2/repository/io/netty/netty-codec-http/4.1.30.Final/netty-codec-http-4.1.30.Final.jar:/root/.m2/repository/io/netty/netty-codec/4.1.30.Final/netty-codec-4.1.30.Final.jar:/root/.m2/repository/io/netty/netty-handler/4.1.30.Final/netty-handler-4.1.30.Final.jar:/root/.m2/repository/io/netty/netty-handler-proxy/4.1.30.Final/netty-handler-proxy-4.1.30.Final.jar:/root/.m2/repository/io/netty/netty-codec-socks/4.1.30.Final/netty-codec-socks-4.1.30.Final.jar:/root/.m2/repository/io/netty/netty-transport-native-epoll/4.1.30.Final/netty-transport-native-epoll-4.1.30.Final.jar:/root/.m2/repository/io/netty/netty-common/4.1.30.Final/netty-common-4.1.30.Final.jar:/root/.m2/repository/io/netty/netty-buffer/4.1.30.Final/netty-buffer-4.1.30.Final.jar:/root/.m2/repository/io/netty/netty-transport/4.1.30.Final/netty-transport-4.1.30.Final.jar:/root/.m2/repository/io/netty/netty-resolver/4.1.30.Final/netty-resolver-4.1.30.Final.jar:/root/.m2/repository/io/netty/netty-transport-native-unix-common/4.1.30.Final/netty-transport-native-unix-common-4.1.30.Final.jar:/root/.m2/repository/io/grpc/grpc-protobuf/1.17.1/grpc-protobuf-1.17.1.jar:/root/.m2/repository/com/google/api/grpc/proto-google-common-protos/1.0.0/proto-google-common-protos-1.0.0.jar:/root/.m2/repository/io/grpc/grpc-protobuf-lite/1.17.1/grpc-protobuf-lite-1.17.1.jar:/root/.m2/repository/io/grpc/grpc-stub/1.17.1/grpc-stub-1.17.1.jar:/root/.m2/repository/org/apache/hadoop/hadoop-ozone-recon/0.5.0-SNAPSHOT/hadoop-ozone-recon-0.5.0-SNAPSHOT.jar:/root/.m2/repository/org/apache/hadoop/hadoop-ozone-reconcodegen/0.5.0-SNAPSHOT/hadoop-ozone-reconcodegen-0.5.0-SNAPSHOT.jar:/root/.m2/repository/com/google/inject/extensions/guice-multibindings/4.0/guice-multibindings-4.0.jar:/root/.m2/repository/com/google/inject/guice/4.0/guice-4.0.jar:/root/.m2/repository/aopalliance/aopalliance/1.0/aopalliance-1.0.jar:/root/.m2/repository/com/google/inject/extensions/guice-servlet/4.0/guice-servlet-4.0.jar:/root/.m2/repository/org/glassfish/jersey/containers/jersey-container-servlet/2.27/jersey-container-servlet-2.27.jar:/root/.m2/repository/org/glassfish/hk2/guice-bridge/2.5.0/guice-bridge-2.5.0.jar:/root/.m2/repository/org/glassfish/jersey/core/jersey-server/2.27/jersey-server-2.27.jar:/root/.m2/repository/org/glassfish/jersey/core/jersey-client/2.27/jersey-client-2.27.jar:/root/.m2/repository/org/glassfish/jersey/media/jersey-media-jaxb/2.27/jersey-media-jaxb-2.27.jar:/root/.m2/repository/javax/validation/validation-api/1.1.0.Final/validation-api-1.1.0.Final.jar:/root/.m2/repository/org/glassfish/jersey/media/jersey-media-json-jackson/2.27/jersey-media-json-jackson-2.27.jar:/root/.m2/repository/org/glassfish/jersey/ext/jersey-entity-filtering/2.27/jersey-entity-filtering-2.27.jar:/root/.m2/repository/com/google/inject/extensions/guice-assistedinject/4.0/guice-assistedinject-4.0.jar:/root/.m2/repository/org/jooq/jooq/3.11.10/jooq-3.11.10.jar:/root/.m2/repository/org/jooq/jooq-meta/3.11.10/jooq-meta-3.11.10.jar:/root/.m2/repository/org/jooq/jooq-codegen/3.11.10/jooq-codegen-3.11.10.jar:/root/.m2/repository/com/jolbox/bonecp/0.8.0.RELEASE/bonecp-0.8.0.RELEASE.jar:/root/.m2/repository/org/xerial/sqlite-jdbc/3.25.2/sqlite-jdbc-3.25.2.jar:/root/.m2/repository/org/springframework/spring-jdbc/5.1.3.RELEASE/spring-jdbc-5.1.3.RELEASE.jar:/root/.m2/repository/org/springframework/spring-beans/5.1.3.RELEASE/spring-beans-5.1.3.RELEASE.jar:/root/.m2/repository/org/springframework/spring-core/5.1.3.RELEASE/spring-core-5.1.3.RELEASE.jar:/root/.m2/repository/org/springframework/spring-jcl/5.1.3.RELEASE/spring-jcl-5.1.3.RELEASE.jar:/root/.m2/repository/org/springframework/spring-tx/5.1.3.RELEASE/spring-tx-5.1.3.RELEASE.jar:/root/.m2/repository/org/apache/hadoop/hadoop-ozone-client/0.5.0-SNAPSHOT/hadoop-ozone-client-0.5.0-SNAPSHOT.jar:/root/.m2/repository/org/apache/hadoop/hadoop-ozone-ozone-manager/0.5.0-SNAPSHOT/hadoop-ozone-ozone-manager-0.5.0-SNAPSHOT-tests.jar:/root/.m2/repository/junit/junit/4.11/junit-4.11.jar:/root/.m2/repository/org/hamcrest/hamcrest-core/1.3/hamcrest-core-1.3.jar:/root/.m2/repository/org/openjdk/jmh/jmh-core/1.19/jmh-core-1.19.jar:/root/.m2/repository/net/sf/jopt-simple/jopt-simple/4.6/jopt-simple-4.6.jar:/root/.m2/repository/org/apache/commons/commons-math3/3.1.1/commons-math3-3.1.1.jar:/root/.m2/repository/org/openjdk/jmh/jmh-generator-annprocess/1.19/jmh-generator-annprocess-1.19.jar:/root/.m2/repository/org/mockito/mockito-all/1.8.5/mockito-all-1.8.5.jar:/root/.m2/repository/org/apache/hadoop/hadoop-kms/3.2.0/hadoop-kms-3.2.0.jar:/root/.m2/repository/org/apache/hadoop/hadoop-auth/3.2.0/hadoop-auth-3.2.0.jar:/root/.m2/repository/com/nimbusds/nimbus-jose-jwt/4.41.1/nimbus-jose-jwt-4.41.1.jar:/root/.m2/repository/com/github/stephenc/jcip/jcip-annotations/1.0-1/jcip-annotations-1.0-1.jar:/root/.m2/repository/net/minidev/json-smart/2.3/json-smart-2.3.jar:/root/.m2/repository/net/minidev/accessors-smart/1.2/accessors-smart-1.2.jar:/root/.m2/repository/org/ow2/asm/asm/5.0.4/asm-5.0.4.jar:/root/.m2/repository/org/apache/curator/curator-framework/2.12.0/curator-framework-2.12.0.jar:/root/.m2/repository/com/sun/jersey/jersey-core/1.19/jersey-core-1.19.jar:/root/.m2/repository/javax/ws/rs/jsr311-api/1.1.1/jsr311-api-1.1.1.jar:/root/.m2/repository/com/sun/jersey/jersey-server/1.19/jersey-server-1.19.jar:/root/.m2/repository/javax/servlet/javax.servlet-api/3.1.0/javax.servlet-api-3.1.0.jar:/root/.m2/repository/org/eclipse/jetty/jetty-server/9.3.24.v20180605/jetty-server-9.3.24.v20180605.jar:/root/.m2/repository/org/eclipse/jetty/jetty-http/9.3.24.v20180605/jetty-http-9.3.24.v20180605.jar:/root/.m2/repository/org/eclipse/jetty/jetty-io/9.3.24.v20180605/jetty-io-9.3.24.v20180605.jar:/root/.m2/repository/org/eclipse/jetty/jetty-webapp/9.3.24.v20180605/jetty-webapp-9.3.24.v20180605.jar:/root/.m2/repository/org/eclipse/jetty/jetty-xml/9.3.24.v20180605/jetty-xml-9.3.24.v20180605.jar:/root/.m2/repository/log4j/log4j/1.2.17/log4j-1.2.17.jar:/root/.m2/repository/org/slf4j/slf4j-api/1.7.25/slf4j-api-1.7.25.jar:/root/.m2/repository/org/slf4j/jul-to-slf4j/1.7.25/jul-to-slf4j-1.7.25.jar:/root/.m2/repository/org/eclipse/jetty/jetty-util/9.3.24.v20180605/jetty-util-9.3.24.v20180605.jar:/root/.m2/repository/io/dropwizard/metrics/metrics-core/3.2.4/metrics-core-3.2.4.jar:/root/.m2/repository/com/fasterxml/jackson/core/jackson-databind/2.9.5/jackson-databind-2.9.5.jar:/root/.m2/repository/org/apache/hadoop/hadoop-kms/3.2.0/hadoop-kms-3.2.0-tests.jar:/root/.m2/repository/org/apache/hadoop/hadoop-hdds-server-scm/0.5.0-SNAPSHOT/hadoop-hdds-server-scm-0.5.0-SNAPSHOT-tests.jar:/root/.m2/repository/org/hamcrest/hamcrest-all/1.3/hamcrest-all-1.3.jar:/root/.m2/repository/info/picocli/picocli/3.9.6/picocli-3.9.6.jar:/root/.m2/repository/org/apache/hadoop/hadoop-hdds-container-service/0.5.0-SNAPSHOT/hadoop-hdds-container-service-0.5.0-SNAPSHOT-tests.jar:/root/.m2/repository/org/yaml/snakeyaml/1.16/snakeyaml-1.16.jar:/root/.m2/repository/org/apache/hadoop/hadoop-common/3.2.0/hadoop-common-3.2.0-tests.jar:/root/.m2/repository/org/apache/hadoop/hadoop-annotations/3.2.0/hadoop-annotations-3.2.0.jar:/usr/lib/jvm/java-1.8-openjdk/jre/../lib/tools.jar:/root/.m2/repository/commons-cli/commons-cli/1.2/commons-cli-1.2.jar:/root/.m2/repository/org/apache/httpcomponents/httpclient/4.5.2/httpclient-4.5.2.jar:/root/.m2/repository/org/apache/httpcomponents/httpcore/4.4.4/httpcore-4.4.4.jar:/root/.m2/repository/commons-codec/commons-codec/1.11/commons-codec-1.11.jar:/root/.m2/repository/commons-net/commons-net/3.6/commons-net-3.6.jar:/root/.m2/repository/commons-collections/commons-collections/3.2.2/commons-collections-3.2.2.jar:/root/.m2/repository/org/eclipse/jetty/jetty-servlet/9.3.24.v20180605/jetty-servlet-9.3.24.v20180605.jar:/root/.m2/repository/org/eclipse/jetty/jetty-security/9.3.24.v20180605/jetty-security-9.3.24.v20180605.jar:/root/.m2/repository/javax/servlet/jsp/jsp-api/2.1/jsp-api-2.1.jar:/root/.m2/repository/com/sun/jersey/jersey-servlet/1.19/jersey-servlet-1.19.jar:/root/.m2/repository/com/sun/jersey/jersey-json/1.19/jersey-json-1.19.jar:/root/.m2/repository/org/codehaus/jettison/jettison/1.1/jettison-1.1.jar:/root/.m2/repository/org/codehaus/jackson/jackson-core-asl/1.9.13/jackson-core-asl-1.9.13.jar:/root/.m2/repository/org/codehaus/jackson/jackson-mapper-asl/1.9.13/jackson-mapper-asl-1.9.13.jar:/root/.m2/repository/org/codehaus/jackson/jackson-jaxrs/1.9.13/jackson-jaxrs-1.9.13.jar:/root/.m2/repository/org/codehaus/jackson/jackson-xc/1.9.13/jackson-xc-1.9.13.jar:/root/.m2/repository/commons-logging/commons-logging/1.1.3/commons-logging-1.1.3.jar:/root/.m2/repository/commons-beanutils/commons-beanutils/1.9.3/commons-beanutils-1.9.3.jar:/root/.m2/repository/org/apache/commons/commons-configuration2/2.1.1/commons-configuration2-2.1.1.jar:/root/.m2/repository/org/apache/commons/commons-lang3/3.7/commons-lang3-3.7.jar:/root/.m2/repository/org/apache/commons/commons-text/1.4/commons-text-1.4.jar:/root/.m2/repository/org/apache/avro/avro/1.7.7/avro-1.7.7.jar:/root/.m2/repository/com/thoughtworks/paranamer/paranamer/2.3/paranamer-2.3.jar:/root/.m2/repository/org/xerial/snappy/snappy-java/1.0.5/snappy-java-1.0.5.jar:/root/.m2/repository/com/google/re2j/re2j/1.1/re2j-1.1.jar:/root/.m2/repository/com/google/code/gson/gson/2.2.4/gson-2.2.4.jar:/root/.m2/repository/com/jcraft/jsch/0.1.54/jsch-0.1.54.jar:/root/.m2/repository/org/apache/curator/curator-client/2.12.0/curator-client-2.12.0.jar:/root/.m2/repository/org/apache/curator/curator-recipes/2.12.0/curator-recipes-2.12.0.jar:/root/.m2/repository/com/google/code/findbugs/jsr305/3.0.0/jsr305-3.0.0.jar:/root/.m2/repository/org/apache/htrace/htrace-core4/4.1.0-incubating/htrace-core4-4.1.0-incubating.jar:/root/.m2/repository/org/apache/zookeeper/zookeeper/3.4.13/zookeeper-3.4.13.jar:/root/.m2/repository/org/apache/yetus/audience-annotations/0.5.0/audience-annotations-0.5.0.jar:/root/.m2/repository/org/codehaus/woodstox/stax2-api/3.1.4/stax2-api-3.1.4.jar:/root/.m2/repository/com/fasterxml/woodstox/woodstox-core/5.0.3/woodstox-core-5.0.3.jar:/root/.m2/repository/dnsjava/dnsjava/2.1.7/dnsjava-2.1.7.jar:/root/.m2/repository/org/apache/hadoop/hadoop-hdfs/3.2.0/hadoop-hdfs-3.2.0-tests.jar:/root/.m2/repository/org/eclipse/jetty/jetty-util-ajax/9.3.24.v20180605/jetty-util-ajax-9.3.24.v20180605.jar:/root/.m2/repository/commons-daemon/commons-daemon/1.0.13/commons-daemon-1.0.13.jar:/root/.m2/repository/io/netty/netty/3.10.5.Final/netty-3.10.5.Final.jar:/root/.m2/repository/io/netty/netty-all/4.0.52.Final/netty-all-4.0.52.Final.jar:/root/.m2/repository/org/fusesource/leveldbjni/leveldbjni-all/1.8/leveldbjni-all-1.8.jar:"/>
    <property name="sun.cpu.endian" value="little"/>
    <property name="user.home" value="/root"/>
    <property name="user.language" value="en"/>
    <property name="java.specification.vendor" value="Oracle Corporation"/>
    <property name="java.home" value="/usr/lib/jvm/java-1.8-openjdk/jre"/>
    <property name="java.security.krb5.conf" value="/opt/src/hadoop-ozone/integration-test/target/test-classes/krb5.conf"/>
    <property name="basedir" value="/opt/src/hadoop-ozone/integration-test"/>
    <property name="file.separator" value="/"/>
    <property name="line.separator" value="&#10;"/>
    <property name="java.vm.specification.vendor" value="Oracle Corporation"/>
    <property name="java.specification.name" value="Java Platform API Specification"/>
    <property name="java.awt.graphicsenv" value="sun.awt.X11GraphicsEnvironment"/>
    <property name="surefire.real.class.path" value="/opt/src/hadoop-ozone/integration-test/target/surefire/surefirebooter7949067594296352655.jar"/>
    <property name="hadoop.log.dir" value="/opt/src/hadoop-ozone/integration-test/target/log"/>
    <property name="sun.boot.class.path" value="/usr/lib/jvm/java-1.8-openjdk/jre/lib/resources.jar:/usr/lib/jvm/java-1.8-openjdk/jre/lib/rt.jar:/usr/lib/jvm/java-1.8-openjdk/jre/lib/sunrsasign.jar:/usr/lib/jvm/java-1.8-openjdk/jre/lib/jsse.jar:/usr/lib/jvm/java-1.8-openjdk/jre/lib/jce.jar:/usr/lib/jvm/java-1.8-openjdk/jre/lib/charsets.jar:/usr/lib/jvm/java-1.8-openjdk/jre/lib/jfr.jar:/usr/lib/jvm/java-1.8-openjdk/jre/classes"/>
    <property name="sun.management.compiler" value="HotSpot 64-Bit Tiered Compilers"/>
    <property name="java.runtime.version" value="1.8.0_212-b04"/>
    <property name="java.net.preferIPv4Stack" value="true"/>
    <property name="user.name" value="root"/>
    <property name="path.separator" value=":"/>
    <property name="java.security.egd" value="file:///dev/urandom"/>
    <property name="os.version" value="4.15.0-1021-aws"/>
    <property name="java.endorsed.dirs" value="/usr/lib/jvm/java-1.8-openjdk/jre/lib/endorsed"/>
    <property name="java.runtime.name" value="OpenJDK Runtime Environment"/>
    <property name="file.encoding" value="UTF-8"/>
    <property name="java.vm.name" value="OpenJDK 64-Bit Server VM"/>
    <property name="test.build.webapps" value=""/>
    <property name="localRepository" value="/root/.m2/repository"/>
    <property name="java.vendor.url.bug" value="https://icedtea.classpath.org/bugzilla"/>
    <property name="java.io.tmpdir" value="/tmp"/>
    <property name="require.test.libhadoop" value=""/>
    <property name="java.version" value="1.8.0_212"/>
    <property name="user.dir" value="/opt/src/hadoop-ozone/integration-test"/>
    <property name="os.arch" value="amd64"/>
    <property name="java.vm.specification.name" value="Java Virtual Machine Specification"/>
    <property name="test.build.classes" value="/opt/src/hadoop-ozone/integration-test/target/test-classes"/>
    <property name="java.awt.printerjob" value="sun.print.PSPrinterJob"/>
    <property name="sun.os.patch.level" value="unknown"/>
    <property name="hadoop.tmp.dir" value="/opt/src/hadoop-ozone/integration-test/target/tmp"/>
    <property name="java.library.path" value="/usr/lib/jvm/java-1.8-openjdk/jre/lib/amd64/server:/usr/lib/jvm/java-1.8-openjdk/jre/lib/amd64:/usr/lib/jvm/java-1.8-openjdk/jre/../lib/amd64:/opt/src/hadoop-ozone/integration-test/target/native/target/usr/local/lib:/opt/src/hadoop-ozone/integration-test/../../hadoop-common-project/hadoop-common/target/native/target/usr/local/lib:/usr/java/packages/lib/amd64:/usr/lib64:/lib64:/lib:/usr/lib"/>
    <property name="java.vm.info" value="mixed mode"/>
    <property name="java.vendor" value="IcedTea"/>
    <property name="java.vm.version" value="25.212-b04"/>
    <property name="java.ext.dirs" value="/usr/lib/jvm/java-1.8-openjdk/jre/lib/ext:/usr/java/packages/lib/ext"/>
    <property name="sun.io.unicode.encoding" value="UnicodeLittle"/>
    <property name="java.class.version" value="52.0"/>
  </properties>
  <testcase name="testPipelineFail" classname="org.apache.hadoop.hdds.scm.pipeline.TestNodeFailure" time="0">
    <skipped/>
    <system-out><![CDATA[2019-06-13 03:15:01,310 WARN  server.ServerUtils (ServerUtils.java:getScmDbDir(145)) - ozone.scm.db.dirs is not configured. We recommend adding this setting. Falling back to ozone.metadata.dirs instead.
2019-06-13 03:15:01,372 WARN  server.ServerUtils (ServerUtils.java:getScmDbDir(145)) - ozone.scm.db.dirs is not configured. We recommend adding this setting. Falling back to ozone.metadata.dirs instead.
2019-06-13 03:15:01,374 WARN  server.ServerUtils (ServerUtils.java:getScmDbDir(145)) - ozone.scm.db.dirs is not configured. We recommend adding this setting. Falling back to ozone.metadata.dirs instead.
2019-06-13 03:15:01,392 INFO  util.log (Log.java:initialized(192)) - Logging initialized @618ms
2019-06-13 03:15:01,472 INFO  db.DBStoreBuilder (DBStoreBuilder.java:addTable(110)) - using custom profile for table: deletedBlocks
2019-06-13 03:15:01,472 INFO  db.DBStoreBuilder (DBStoreBuilder.java:processTables(161)) - Using default column profile:DBProfile.DISK for Table:deletedBlocks
2019-06-13 03:15:01,472 INFO  db.DBStoreBuilder (DBStoreBuilder.java:addTable(110)) - using custom profile for table: validCerts
2019-06-13 03:15:01,472 INFO  db.DBStoreBuilder (DBStoreBuilder.java:processTables(161)) - Using default column profile:DBProfile.DISK for Table:validCerts
2019-06-13 03:15:01,473 INFO  db.DBStoreBuilder (DBStoreBuilder.java:addTable(110)) - using custom profile for table: revokedCerts
2019-06-13 03:15:01,473 INFO  db.DBStoreBuilder (DBStoreBuilder.java:processTables(161)) - Using default column profile:DBProfile.DISK for Table:revokedCerts
2019-06-13 03:15:01,482 INFO  db.DBStoreBuilder (DBStoreBuilder.java:addTable(110)) - using custom profile for table: default
2019-06-13 03:15:01,482 INFO  db.DBStoreBuilder (DBStoreBuilder.java:processTables(167)) - Using default column profile:DBProfile.DISK for Table:default
2019-06-13 03:15:01,484 INFO  db.DBStoreBuilder (DBStoreBuilder.java:getDbProfile(198)) - Using default options. DBProfile.DISK
2019-06-13 03:15:01,546 INFO  node.SCMNodeManager (SCMNodeManager.java:<init>(108)) - Entering startup safe mode.
2019-06-13 03:15:01,607 INFO  net.NodeSchemaLoader (NodeSchemaLoader.java:loadSchemaFromFile(125)) - Loading file from sun.misc.CompoundEnumeration@443118b0
2019-06-13 03:15:01,609 INFO  net.NodeSchemaLoader (NodeSchemaLoader.java:loadSchema(171)) - Loading network topology layer schema file
2019-06-13 03:15:01,659 WARN  server.ServerUtils (ServerUtils.java:getScmDbDir(145)) - ozone.scm.db.dirs is not configured. We recommend adding this setting. Falling back to ozone.metadata.dirs instead.
2019-06-13 03:15:01,676 INFO  pipeline.SCMPipelineManager (SCMPipelineManager.java:initializePipelineState(126)) - No pipeline exists in current db
2019-06-13 03:15:01,678 WARN  server.ServerUtils (ServerUtils.java:getScmDbDir(145)) - ozone.scm.db.dirs is not configured. We recommend adding this setting. Falling back to ozone.metadata.dirs instead.
2019-06-13 03:15:01,727 WARN  events.EventQueue (EventQueue.java:fireEvent(175)) - No event handler registered for event TypedEvent{payloadType=SafeModeStatus, name='SafeModeStatus'}
2019-06-13 03:15:01,987 INFO  ipc.CallQueueManager (CallQueueManager.java:<init>(84)) - Using callQueue: class java.util.concurrent.LinkedBlockingQueue, queueCapacity: 2000, scheduler: class org.apache.hadoop.ipc.DefaultRpcScheduler, ipcBackoff: false.
2019-06-13 03:15:02,008 INFO  ipc.Server (Server.java:run(1074)) - Starting Socket Reader #1 for port 42021
2019-06-13 03:15:02,025 INFO  ipc.CallQueueManager (CallQueueManager.java:<init>(84)) - Using callQueue: class java.util.concurrent.LinkedBlockingQueue, queueCapacity: 2000, scheduler: class org.apache.hadoop.ipc.DefaultRpcScheduler, ipcBackoff: false.
2019-06-13 03:15:02,027 INFO  ipc.Server (Server.java:run(1074)) - Starting Socket Reader #1 for port 38053
2019-06-13 03:15:02,032 INFO  ipc.CallQueueManager (CallQueueManager.java:<init>(84)) - Using callQueue: class java.util.concurrent.LinkedBlockingQueue, queueCapacity: 2000, scheduler: class org.apache.hadoop.ipc.DefaultRpcScheduler, ipcBackoff: false.
2019-06-13 03:15:02,056 INFO  ipc.Server (Server.java:run(1074)) - Starting Socket Reader #1 for port 35607
2019-06-13 03:15:02,074 INFO  hdfs.DFSUtil (DFSUtil.java:httpServerTemplateForNNAndJN(1641)) - Starting Web-server for scm at: http://0.0.0.0:0
2019-06-13 03:15:02,194 INFO  server.AuthenticationFilter (AuthenticationFilter.java:constructSecretProvider(240)) - Unable to initialize FileSignerSecretProvider, falling back to use random secrets.
2019-06-13 03:15:02,199 WARN  http.HttpRequestLog (HttpRequestLog.java:getRequestLog(97)) - Jetty request log can only be enabled using Log4j
2019-06-13 03:15:02,204 INFO  http.HttpServer2 (HttpServer2.java:addGlobalFilter(975)) - Added global filter 'safety' (class=org.apache.hadoop.http.HttpServer2$QuotingInputFilter)
2019-06-13 03:15:02,206 INFO  http.HttpServer2 (HttpServer2.java:addFilter(948)) - Added filter static_user_filter (class=org.apache.hadoop.http.lib.StaticUserWebFilter$StaticUserFilter) to context scm
2019-06-13 03:15:02,206 INFO  http.HttpServer2 (HttpServer2.java:addFilter(958)) - Added filter static_user_filter (class=org.apache.hadoop.http.lib.StaticUserWebFilter$StaticUserFilter) to context logs
2019-06-13 03:15:02,206 INFO  http.HttpServer2 (HttpServer2.java:addFilter(958)) - Added filter static_user_filter (class=org.apache.hadoop.http.lib.StaticUserWebFilter$StaticUserFilter) to context static
2019-06-13 03:15:02,226 INFO  server.StorageContainerManager (StorageContainerManager.java:start(752)) - StorageContainerLocationProtocol RPC server is listening at /0.0.0.0:35607
2019-06-13 03:15:02,267 WARN  impl.MetricsConfig (MetricsConfig.java:loadFirst(134)) - Cannot locate configuration: tried hadoop-metrics2-storagecontainermanager.properties,hadoop-metrics2.properties
2019-06-13 03:15:02,278 INFO  impl.MetricsSystemImpl (MetricsSystemImpl.java:startTimer(374)) - Scheduled Metric snapshot period at 10 second(s).
2019-06-13 03:15:02,278 INFO  impl.MetricsSystemImpl (MetricsSystemImpl.java:start(191)) - StorageContainerManager metrics system started
2019-06-13 03:15:02,462 INFO  server.SCMClientProtocolServer (SCMClientProtocolServer.java:start(149)) - RPC server for Client  is listening at /0.0.0.0:35607
2019-06-13 03:15:02,462 INFO  ipc.Server (Server.java:run(1314)) - IPC Server Responder: starting
2019-06-13 03:15:02,463 INFO  ipc.Server (Server.java:run(1153)) - IPC Server listener on 35607: starting
2019-06-13 03:15:02,472 INFO  server.StorageContainerManager (StorageContainerManager.java:start(761)) - ScmBlockLocationProtocol RPC server is listening at /0.0.0.0:38053
2019-06-13 03:15:02,472 INFO  server.SCMBlockProtocolServer (SCMBlockProtocolServer.java:start(137)) - RPC server for Block Protocol is listening at /0.0.0.0:38053
2019-06-13 03:15:02,473 INFO  ipc.Server (Server.java:run(1314)) - IPC Server Responder: starting
2019-06-13 03:15:02,473 INFO  ipc.Server (Server.java:run(1153)) - IPC Server listener on 38053: starting
2019-06-13 03:15:02,477 INFO  server.StorageContainerManager (StorageContainerManager.java:start(765)) - ScmDatanodeProtocl RPC server is listening at /0.0.0.0:42021
2019-06-13 03:15:02,477 INFO  server.SCMDatanodeProtocolServer (SCMDatanodeProtocolServer.java:start(191)) - RPC server for DataNodes is listening at /0.0.0.0:42021
2019-06-13 03:15:02,478 INFO  ipc.Server (Server.java:run(1314)) - IPC Server Responder: starting
2019-06-13 03:15:02,479 INFO  ipc.Server (Server.java:run(1153)) - IPC Server listener on 42021: starting
2019-06-13 03:15:02,482 INFO  http.HttpServer2 (HttpServer2.java:bindListener(1191)) - Jetty bound to port 46267
2019-06-13 03:15:02,484 INFO  server.Server (Server.java:doStart(351)) - jetty-9.3.24.v20180605, build timestamp: 2018-06-05T17:11:56Z, git hash: 84205aa28f11a4f31f2a3b86d1bba2cc8ab69827
2019-06-13 03:15:02,518 INFO  handler.ContextHandler (ContextHandler.java:doStart(781)) - Started o.e.j.s.ServletContextHandler@2df6226d{/logs,file:///opt/src/hadoop-ozone/integration-test/target/log,AVAILABLE}
2019-06-13 03:15:02,522 INFO  handler.ContextHandler (ContextHandler.java:doStart(781)) - Started o.e.j.s.ServletContextHandler@4ff4357f{/static,file:///opt/src/hadoop-ozone/integration-test/target/test-classes/webapps/static,AVAILABLE}
2019-06-13 03:15:02,544 INFO  handler.ContextHandler (ContextHandler.java:doStart(781)) - Started o.e.j.w.WebAppContext@2484f433{/,file:///opt/src/hadoop-ozone/integration-test/target/test-classes/webapps/scm/,AVAILABLE}{/scm}
2019-06-13 03:15:02,548 INFO  server.AbstractConnector (AbstractConnector.java:doStart(278)) - Started ServerConnector@841e575{HTTP/1.1,[http/1.1]}{0.0.0.0:46267}
2019-06-13 03:15:02,548 INFO  server.Server (Server.java:doStart(419)) - Started @1775ms
2019-06-13 03:15:02,549 INFO  server.BaseHttpServer (BaseHttpServer.java:updateConnectorAddress(207)) - HTTP server of SCM is listening at http://0.0.0.0:46267
2019-06-13 03:15:02,555 INFO  util.JvmPauseMonitor (JvmPauseMonitor.java:run(188)) - Starting JVM pause monitor
2019-06-13 03:15:02,558 WARN  scm.ScmUtils (ScmUtils.java:getDBPath(63)) - ozone.om.db.dirs is not configured. We recommend adding this setting. Falling back to ozone.metadata.dirs instead.
2019-06-13 03:15:02,633 WARN  scm.ScmUtils (ScmUtils.java:getDBPath(63)) - ozone.om.db.dirs is not configured. We recommend adding this setting. Falling back to ozone.metadata.dirs instead.
2019-06-13 03:15:02,633 INFO  om.OzoneManager (OzoneManager.java:setOMNodeDetails(519)) - OM Service ID is not set. Setting it to the default ID: omServiceIdDefault
2019-06-13 03:15:02,634 INFO  om.OzoneManager (OzoneManager.java:setOMNodeDetails(525)) - OM Node ID is not set. Setting it to the OmStorage's OmID: 7d7f6a0f-7281-4118-b24c-ed3e27036ea2
2019-06-13 03:15:02,635 WARN  scm.HddsServerUtil (HddsServerUtil.java:getDefaultRatisDirectory(354)) - Storage directory for Ratis is not configured. It is a good idea to map this to an SSD disk. Falling back to ozone.metadata.dirs
2019-06-13 03:15:02,635 WARN  scm.HddsServerUtil (HddsServerUtil.java:getDefaultRatisDirectory(354)) - Storage directory for Ratis is not configured. It is a good idea to map this to an SSD disk. Falling back to ozone.metadata.dirs
2019-06-13 03:15:02,636 INFO  om.OzoneManager (OzoneManager.java:loadOMHAConfigs(476)) - Found matching OM address with OMServiceId: null, OMNodeId: null, RPC Address: localhost:0 and Ratis port: 9872
2019-06-13 03:15:02,784 WARN  scm.ScmUtils (ScmUtils.java:getDBPath(63)) - ozone.om.db.dirs is not configured. We recommend adding this setting. Falling back to ozone.metadata.dirs instead.
2019-06-13 03:15:02,789 INFO  db.DBStoreBuilder (DBStoreBuilder.java:addTable(110)) - using custom profile for table: userTable
2019-06-13 03:15:02,789 INFO  db.DBStoreBuilder (DBStoreBuilder.java:processTables(161)) - Using default column profile:DBProfile.DISK for Table:userTable
2019-06-13 03:15:02,789 INFO  db.DBStoreBuilder (DBStoreBuilder.java:addTable(110)) - using custom profile for table: volumeTable
2019-06-13 03:15:02,789 INFO  db.DBStoreBuilder (DBStoreBuilder.java:processTables(161)) - Using default column profile:DBProfile.DISK for Table:volumeTable
2019-06-13 03:15:02,790 INFO  db.DBStoreBuilder (DBStoreBuilder.java:addTable(110)) - using custom profile for table: bucketTable
2019-06-13 03:15:02,790 INFO  db.DBStoreBuilder (DBStoreBuilder.java:processTables(161)) - Using default column profile:DBProfile.DISK for Table:bucketTable
2019-06-13 03:15:02,790 INFO  db.DBStoreBuilder (DBStoreBuilder.java:addTable(110)) - using custom profile for table: keyTable
2019-06-13 03:15:02,790 INFO  db.DBStoreBuilder (DBStoreBuilder.java:processTables(161)) - Using default column profile:DBProfile.DISK for Table:keyTable
2019-06-13 03:15:02,791 INFO  db.DBStoreBuilder (DBStoreBuilder.java:addTable(110)) - using custom profile for table: deletedTable
2019-06-13 03:15:02,791 INFO  db.DBStoreBuilder (DBStoreBuilder.java:processTables(161)) - Using default column profile:DBProfile.DISK for Table:deletedTable
2019-06-13 03:15:02,791 INFO  db.DBStoreBuilder (DBStoreBuilder.java:addTable(110)) - using custom profile for table: openKeyTable
2019-06-13 03:15:02,791 INFO  db.DBStoreBuilder (DBStoreBuilder.java:processTables(161)) - Using default column profile:DBProfile.DISK for Table:openKeyTable
2019-06-13 03:15:02,791 INFO  db.DBStoreBuilder (DBStoreBuilder.java:addTable(110)) - using custom profile for table: s3Table
2019-06-13 03:15:02,792 INFO  db.DBStoreBuilder (DBStoreBuilder.java:processTables(161)) - Using default column profile:DBProfile.DISK for Table:s3Table
2019-06-13 03:15:02,792 INFO  db.DBStoreBuilder (DBStoreBuilder.java:addTable(110)) - using custom profile for table: multipartInfoTable
2019-06-13 03:15:02,792 INFO  db.DBStoreBuilder (DBStoreBuilder.java:processTables(161)) - Using default column profile:DBProfile.DISK for Table:multipartInfoTable
2019-06-13 03:15:02,792 INFO  db.DBStoreBuilder (DBStoreBuilder.java:addTable(110)) - using custom profile for table: dTokenTable
2019-06-13 03:15:02,792 INFO  db.DBStoreBuilder (DBStoreBuilder.java:processTables(161)) - Using default column profile:DBProfile.DISK for Table:dTokenTable
2019-06-13 03:15:02,793 INFO  db.DBStoreBuilder (DBStoreBuilder.java:addTable(110)) - using custom profile for table: s3SecretTable
2019-06-13 03:15:02,793 INFO  db.DBStoreBuilder (DBStoreBuilder.java:processTables(161)) - Using default column profile:DBProfile.DISK for Table:s3SecretTable
2019-06-13 03:15:02,793 INFO  db.DBStoreBuilder (DBStoreBuilder.java:addTable(110)) - using custom profile for table: prefixTable
2019-06-13 03:15:02,793 INFO  db.DBStoreBuilder (DBStoreBuilder.java:processTables(161)) - Using default column profile:DBProfile.DISK for Table:prefixTable
2019-06-13 03:15:02,794 INFO  db.DBStoreBuilder (DBStoreBuilder.java:addTable(110)) - using custom profile for table: default
2019-06-13 03:15:02,794 INFO  db.DBStoreBuilder (DBStoreBuilder.java:processTables(167)) - Using default column profile:DBProfile.DISK for Table:default
2019-06-13 03:15:02,794 INFO  db.DBStoreBuilder (DBStoreBuilder.java:getDbProfile(198)) - Using default options. DBProfile.DISK
2019-06-13 03:15:03,231 INFO  ipc.CallQueueManager (CallQueueManager.java:<init>(84)) - Using callQueue: class java.util.concurrent.LinkedBlockingQueue, queueCapacity: 2000, scheduler: class org.apache.hadoop.ipc.DefaultRpcScheduler, ipcBackoff: false.
2019-06-13 03:15:03,231 INFO  ipc.Server (Server.java:run(1074)) - Starting Socket Reader #1 for port 45449
2019-06-13 03:15:03,252 WARN  scm.ScmUtils (ScmUtils.java:getDBPath(63)) - ozone.om.db.dirs is not configured. We recommend adding this setting. Falling back to ozone.metadata.dirs instead.
2019-06-13 03:15:03,252 INFO  om.OzoneManager (OzoneManager.java:start(1217)) - OzoneManager RPC server is listening at localhost/127.0.0.1:45449
2019-06-13 03:15:03,252 INFO  impl.MetricsSystemImpl (MetricsSystemImpl.java:init(158)) - OzoneManager metrics system started (again)
2019-06-13 03:15:03,253 INFO  ipc.Server (Server.java:run(1314)) - IPC Server Responder: starting
2019-06-13 03:15:03,253 INFO  ipc.Server (Server.java:run(1153)) - IPC Server listener on 45449: starting
2019-06-13 03:15:03,281 INFO  hdfs.DFSUtil (DFSUtil.java:httpServerTemplateForNNAndJN(1641)) - Starting Web-server for ozoneManager at: http://0.0.0.0:0
2019-06-13 03:15:03,282 INFO  server.AuthenticationFilter (AuthenticationFilter.java:constructSecretProvider(240)) - Unable to initialize FileSignerSecretProvider, falling back to use random secrets.
2019-06-13 03:15:03,283 WARN  http.HttpRequestLog (HttpRequestLog.java:getRequestLog(97)) - Jetty request log can only be enabled using Log4j
2019-06-13 03:15:03,284 INFO  http.HttpServer2 (HttpServer2.java:addGlobalFilter(975)) - Added global filter 'safety' (class=org.apache.hadoop.http.HttpServer2$QuotingInputFilter)
2019-06-13 03:15:03,285 INFO  http.HttpServer2 (HttpServer2.java:addFilter(948)) - Added filter static_user_filter (class=org.apache.hadoop.http.lib.StaticUserWebFilter$StaticUserFilter) to context ozoneManager
2019-06-13 03:15:03,285 INFO  http.HttpServer2 (HttpServer2.java:addFilter(958)) - Added filter static_user_filter (class=org.apache.hadoop.http.lib.StaticUserWebFilter$StaticUserFilter) to context logs
2019-06-13 03:15:03,285 INFO  http.HttpServer2 (HttpServer2.java:addFilter(958)) - Added filter static_user_filter (class=org.apache.hadoop.http.lib.StaticUserWebFilter$StaticUserFilter) to context static
2019-06-13 03:15:03,287 INFO  http.HttpServer2 (HttpServer2.java:bindListener(1191)) - Jetty bound to port 46333
2019-06-13 03:15:03,287 INFO  server.Server (Server.java:doStart(351)) - jetty-9.3.24.v20180605, build timestamp: 2018-06-05T17:11:56Z, git hash: 84205aa28f11a4f31f2a3b86d1bba2cc8ab69827
2019-06-13 03:15:03,288 INFO  handler.ContextHandler (ContextHandler.java:doStart(781)) - Started o.e.j.s.ServletContextHandler@7c2a69b4{/logs,file:///opt/src/hadoop-ozone/integration-test/target/log,AVAILABLE}
2019-06-13 03:15:03,289 INFO  handler.ContextHandler (ContextHandler.java:doStart(781)) - Started o.e.j.s.ServletContextHandler@648ee871{/static,file:///opt/src/hadoop-ozone/integration-test/target/test-classes/webapps/static,AVAILABLE}
2019-06-13 03:15:03,292 INFO  handler.ContextHandler (ContextHandler.java:doStart(781)) - Started o.e.j.w.WebAppContext@6f012914{/,file:///opt/src/hadoop-ozone/integration-test/target/test-classes/webapps/ozoneManager/,AVAILABLE}{/ozoneManager}
2019-06-13 03:15:03,293 INFO  server.AbstractConnector (AbstractConnector.java:doStart(278)) - Started ServerConnector@18fdb6cf{HTTP/1.1,[http/1.1]}{0.0.0.0:46333}
2019-06-13 03:15:03,293 INFO  server.Server (Server.java:doStart(419)) - Started @2519ms
2019-06-13 03:15:03,293 INFO  server.BaseHttpServer (BaseHttpServer.java:updateConnectorAddress(207)) - HTTP server of OZONEMANAGER is listening at http://0.0.0.0:46333
2019-06-13 03:15:03,420 INFO  impl.MetricsSystemImpl (MetricsSystemImpl.java:init(158)) - HddsDatanode metrics system started (again)
2019-06-13 03:15:03,578 INFO  ozone.HddsDatanodeService (HddsDatanodeService.java:start(185)) - HddsDatanodeService host:ozone-wgs2n-993647214 ip:192.168.46.12
2019-06-13 03:15:03,600 INFO  volume.HddsVolume (HddsVolume.java:<init>(176)) - Creating Volume: /opt/src/hadoop-ozone/integration-test/target/test-dir/MiniOzoneClusterImpl-0e4b8df3-cca7-4e63-b520-807b66dfe29c/datanode-0/data/containers/hdds of  storage type : DISK and capacity : 104021790720
2019-06-13 03:15:03,602 INFO  volume.VolumeSet (VolumeSet.java:initializeVolumeSet(170)) - Added Volume : /opt/src/hadoop-ozone/integration-test/target/test-dir/MiniOzoneClusterImpl-0e4b8df3-cca7-4e63-b520-807b66dfe29c/datanode-0/data/containers/hdds to VolumeSet
2019-06-13 03:15:03,604 INFO  volume.ThrottledAsyncChecker (ThrottledAsyncChecker.java:schedule(140)) - Scheduling a check for org.apache.hadoop.ozone.container.common.volume.HddsVolume@4a6c18ad
2019-06-13 03:15:03,617 INFO  volume.HddsVolumeChecker (HddsVolumeChecker.java:checkAllVolumes(203)) - Scheduled health check for volume org.apache.hadoop.ozone.container.common.volume.HddsVolume@4a6c18ad
2019-06-13 03:15:03,655 INFO  ratis.XceiverServerRatis (XceiverServerRatis.java:newXceiverServerRatis(401)) - Found a free port for the server : 33749
2019-06-13 03:15:03,716 INFO  impl.RaftServerProxy (ConfUtils.java:logGet(43)) - raft.rpc.type = GRPC (default)
2019-06-13 03:15:03,723 INFO  grpc.GrpcConfigKeys$Server (ConfUtils.java:logGet(43)) - raft.grpc.server.port = 33749 (custom)
2019-06-13 03:15:03,724 INFO  server.GrpcService (ConfUtils.java:logGet(43)) - raft.grpc.message.size.max = 33570816 (custom)
2019-06-13 03:15:03,725 INFO  server.RaftServerConfigKeys (ConfUtils.java:logGet(43)) - raft.server.log.appender.buffer.byte-limit = 33554432 (custom)
2019-06-13 03:15:03,726 INFO  server.GrpcService (ConfUtils.java:logGet(43)) - raft.grpc.flow.control.window = 1MB (=1048576) (default)
2019-06-13 03:15:03,726 INFO  server.RaftServerConfigKeys (ConfUtils.java:logGet(43)) - raft.server.rpc.request.timeout = 3000ms (default)
2019-06-13 03:15:03,834 INFO  server.RaftServerConfigKeys (ConfUtils.java:logGet(43)) - raft.server.storage.dir = [/opt/src/hadoop-ozone/integration-test/target/test-dir/MiniOzoneClusterImpl-0e4b8df3-cca7-4e63-b520-807b66dfe29c/datanode-0/data/ratis] (custom)
2019-06-13 03:15:03,839 INFO  server.XceiverServerGrpc (XceiverServerGrpc.java:<init>(97)) - Found a free port for the server : 45171
2019-06-13 03:15:03,859 INFO  replication.SimpleContainerDownloader (SimpleContainerDownloader.java:<init>(72)) - Starting container downloader service to copy containers to replicate.
2019-06-13 03:15:03,868 INFO  hdfs.DFSUtil (DFSUtil.java:httpServerTemplateForNNAndJN(1641)) - Starting Web-server for hddsDatanode at: http://0.0.0.0:0
2019-06-13 03:15:03,870 INFO  server.AuthenticationFilter (AuthenticationFilter.java:constructSecretProvider(240)) - Unable to initialize FileSignerSecretProvider, falling back to use random secrets.
2019-06-13 03:15:03,870 WARN  http.HttpRequestLog (HttpRequestLog.java:getRequestLog(97)) - Jetty request log can only be enabled using Log4j
2019-06-13 03:15:03,872 INFO  http.HttpServer2 (HttpServer2.java:addGlobalFilter(975)) - Added global filter 'safety' (class=org.apache.hadoop.http.HttpServer2$QuotingInputFilter)
2019-06-13 03:15:03,873 INFO  http.HttpServer2 (HttpServer2.java:addFilter(948)) - Added filter static_user_filter (class=org.apache.hadoop.http.lib.StaticUserWebFilter$StaticUserFilter) to context hddsDatanode
2019-06-13 03:15:03,873 INFO  http.HttpServer2 (HttpServer2.java:addFilter(958)) - Added filter static_user_filter (class=org.apache.hadoop.http.lib.StaticUserWebFilter$StaticUserFilter) to context logs
2019-06-13 03:15:03,873 INFO  http.HttpServer2 (HttpServer2.java:addFilter(958)) - Added filter static_user_filter (class=org.apache.hadoop.http.lib.StaticUserWebFilter$StaticUserFilter) to context static
2019-06-13 03:15:03,874 INFO  http.HttpServer2 (HttpServer2.java:bindListener(1191)) - Jetty bound to port 40551
2019-06-13 03:15:03,874 INFO  server.Server (Server.java:doStart(351)) - jetty-9.3.24.v20180605, build timestamp: 2018-06-05T17:11:56Z, git hash: 84205aa28f11a4f31f2a3b86d1bba2cc8ab69827
2019-06-13 03:15:03,876 INFO  handler.ContextHandler (ContextHandler.java:doStart(781)) - Started o.e.j.s.ServletContextHandler@2e51d054{/logs,file:///opt/src/hadoop-ozone/integration-test/target/log,AVAILABLE}
2019-06-13 03:15:03,876 INFO  handler.ContextHandler (ContextHandler.java:doStart(781)) - Started o.e.j.s.ServletContextHandler@615e3f51{/static,jar:file:/root/.m2/repository/org/apache/hadoop/hadoop-hdds-container-service/0.5.0-SNAPSHOT/hadoop-hdds-container-service-0.5.0-SNAPSHOT.jar!/webapps/static,AVAILABLE}
2019-06-13 03:15:03,912 INFO  handler.ContextHandler (ContextHandler.java:doStart(781)) - Started o.e.j.w.WebAppContext@5e1fc2aa{/,file:///tmp/jetty-0.0.0.0-40551-hddsDatanode-_-any-8177395577184049878.dir/webapp/,AVAILABLE}{/hddsDatanode}
2019-06-13 03:15:03,912 INFO  server.AbstractConnector (AbstractConnector.java:doStart(278)) - Started ServerConnector@688d411b{HTTP/1.1,[http/1.1]}{0.0.0.0:40551}
2019-06-13 03:15:03,912 INFO  server.Server (Server.java:doStart(419)) - Started @3138ms
2019-06-13 03:15:03,913 INFO  server.BaseHttpServer (BaseHttpServer.java:updateConnectorAddress(207)) - HTTP server of HDDSDATANODE is listening at http://0.0.0.0:40551
2019-06-13 03:15:04,682 INFO  ozone.HddsDatanodeService (HddsDatanodeService.java:startPlugins(396)) - Started plug-in org.apache.hadoop.ozone.web.OzoneHddsDatanodeService@30bf26df
2019-06-13 03:15:04,683 INFO  impl.MetricsSystemImpl (MetricsSystemImpl.java:init(158)) - HddsDatanode metrics system started (again)
2019-06-13 03:15:04,683 INFO  ozone.HddsDatanodeService (HddsDatanodeService.java:start(185)) - HddsDatanodeService host:ozone-wgs2n-993647214 ip:192.168.46.12
2019-06-13 03:15:04,690 INFO  util.JvmPauseMonitor (JvmPauseMonitor.java:run(188)) - Starting JVM pause monitor
2019-06-13 03:15:04,692 INFO  volume.HddsVolume (HddsVolume.java:<init>(176)) - Creating Volume: /opt/src/hadoop-ozone/integration-test/target/test-dir/MiniOzoneClusterImpl-0e4b8df3-cca7-4e63-b520-807b66dfe29c/datanode-1/data/containers/hdds of  storage type : DISK and capacity : 104021790720
2019-06-13 03:15:04,692 INFO  volume.VolumeSet (VolumeSet.java:initializeVolumeSet(170)) - Added Volume : /opt/src/hadoop-ozone/integration-test/target/test-dir/MiniOzoneClusterImpl-0e4b8df3-cca7-4e63-b520-807b66dfe29c/datanode-1/data/containers/hdds to VolumeSet
2019-06-13 03:15:04,692 INFO  volume.ThrottledAsyncChecker (ThrottledAsyncChecker.java:schedule(140)) - Scheduling a check for org.apache.hadoop.ozone.container.common.volume.HddsVolume@f171912
2019-06-13 03:15:04,696 INFO  volume.HddsVolumeChecker (HddsVolumeChecker.java:checkAllVolumes(203)) - Scheduled health check for volume org.apache.hadoop.ozone.container.common.volume.HddsVolume@f171912
2019-06-13 03:15:04,712 INFO  ratis.XceiverServerRatis (XceiverServerRatis.java:newXceiverServerRatis(401)) - Found a free port for the server : 42645
2019-06-13 03:15:04,713 INFO  impl.RaftServerProxy (ConfUtils.java:logGet(43)) - raft.rpc.type = GRPC (default)
2019-06-13 03:15:04,713 INFO  grpc.GrpcConfigKeys$Server (ConfUtils.java:logGet(43)) - raft.grpc.server.port = 42645 (custom)
2019-06-13 03:15:04,713 INFO  server.GrpcService (ConfUtils.java:logGet(43)) - raft.grpc.message.size.max = 33570816 (custom)
2019-06-13 03:15:04,713 INFO  server.RaftServerConfigKeys (ConfUtils.java:logGet(43)) - raft.server.log.appender.buffer.byte-limit = 33554432 (custom)
2019-06-13 03:15:04,714 INFO  server.GrpcService (ConfUtils.java:logGet(43)) - raft.grpc.flow.control.window = 1MB (=1048576) (default)
2019-06-13 03:15:04,714 INFO  server.RaftServerConfigKeys (ConfUtils.java:logGet(43)) - raft.server.rpc.request.timeout = 3000ms (default)
2019-06-13 03:15:04,714 INFO  server.RaftServerConfigKeys (ConfUtils.java:logGet(43)) - raft.server.storage.dir = [/opt/src/hadoop-ozone/integration-test/target/test-dir/MiniOzoneClusterImpl-0e4b8df3-cca7-4e63-b520-807b66dfe29c/datanode-1/data/ratis] (custom)
2019-06-13 03:15:04,715 INFO  server.XceiverServerGrpc (XceiverServerGrpc.java:<init>(97)) - Found a free port for the server : 45773
2019-06-13 03:15:04,715 INFO  replication.SimpleContainerDownloader (SimpleContainerDownloader.java:<init>(72)) - Starting container downloader service to copy containers to replicate.
2019-06-13 03:15:04,716 INFO  hdfs.DFSUtil (DFSUtil.java:httpServerTemplateForNNAndJN(1641)) - Starting Web-server for hddsDatanode at: http://0.0.0.0:0
2019-06-13 03:15:04,718 INFO  server.AuthenticationFilter (AuthenticationFilter.java:constructSecretProvider(240)) - Unable to initialize FileSignerSecretProvider, falling back to use random secrets.
2019-06-13 03:15:04,718 WARN  http.HttpRequestLog (HttpRequestLog.java:getRequestLog(97)) - Jetty request log can only be enabled using Log4j
2019-06-13 03:15:04,720 INFO  http.HttpServer2 (HttpServer2.java:addGlobalFilter(975)) - Added global filter 'safety' (class=org.apache.hadoop.http.HttpServer2$QuotingInputFilter)
2019-06-13 03:15:04,720 INFO  http.HttpServer2 (HttpServer2.java:addFilter(948)) - Added filter static_user_filter (class=org.apache.hadoop.http.lib.StaticUserWebFilter$StaticUserFilter) to context hddsDatanode
2019-06-13 03:15:04,721 INFO  http.HttpServer2 (HttpServer2.java:addFilter(958)) - Added filter static_user_filter (class=org.apache.hadoop.http.lib.StaticUserWebFilter$StaticUserFilter) to context logs
2019-06-13 03:15:04,721 INFO  http.HttpServer2 (HttpServer2.java:addFilter(958)) - Added filter static_user_filter (class=org.apache.hadoop.http.lib.StaticUserWebFilter$StaticUserFilter) to context static
2019-06-13 03:15:04,722 INFO  http.HttpServer2 (HttpServer2.java:bindListener(1191)) - Jetty bound to port 38281
2019-06-13 03:15:04,722 INFO  server.Server (Server.java:doStart(351)) - jetty-9.3.24.v20180605, build timestamp: 2018-06-05T17:11:56Z, git hash: 84205aa28f11a4f31f2a3b86d1bba2cc8ab69827
2019-06-13 03:15:04,727 INFO  handler.ContextHandler (ContextHandler.java:doStart(781)) - Started o.e.j.s.ServletContextHandler@18b6d3c1{/logs,file:///opt/src/hadoop-ozone/integration-test/target/log,AVAILABLE}
2019-06-13 03:15:04,728 INFO  handler.ContextHandler (ContextHandler.java:doStart(781)) - Started o.e.j.s.ServletContextHandler@3fe512d2{/static,jar:file:/root/.m2/repository/org/apache/hadoop/hadoop-hdds-container-service/0.5.0-SNAPSHOT/hadoop-hdds-container-service-0.5.0-SNAPSHOT.jar!/webapps/static,AVAILABLE}
2019-06-13 03:15:04,759 INFO  handler.ContextHandler (ContextHandler.java:doStart(781)) - Started o.e.j.w.WebAppContext@e7b265e{/,file:///tmp/jetty-0.0.0.0-38281-hddsDatanode-_-any-1113238078187297739.dir/webapp/,AVAILABLE}{/hddsDatanode}
2019-06-13 03:15:04,760 INFO  server.AbstractConnector (AbstractConnector.java:doStart(278)) - Started ServerConnector@110da770{HTTP/1.1,[http/1.1]}{0.0.0.0:38281}
2019-06-13 03:15:04,760 INFO  server.Server (Server.java:doStart(419)) - Started @3986ms
2019-06-13 03:15:04,761 INFO  server.BaseHttpServer (BaseHttpServer.java:updateConnectorAddress(207)) - HTTP server of HDDSDATANODE is listening at http://0.0.0.0:38281
2019-06-13 03:15:04,769 INFO  datanode.InitDatanodeState (InitDatanodeState.java:persistContainerDatanodeDetails(140)) - DatanodeDetails is persisted to /opt/src/hadoop-ozone/integration-test/target/test-dir/MiniOzoneClusterImpl-0e4b8df3-cca7-4e63-b520-807b66dfe29c/datanode-0/meta/datanode.id
2019-06-13 03:15:04,892 INFO  ozone.HddsDatanodeService (HddsDatanodeService.java:startPlugins(396)) - Started plug-in org.apache.hadoop.ozone.web.OzoneHddsDatanodeService@63fd4dda
2019-06-13 03:15:04,893 INFO  impl.MetricsSystemImpl (MetricsSystemImpl.java:init(158)) - HddsDatanode metrics system started (again)
2019-06-13 03:15:04,893 INFO  ozone.HddsDatanodeService (HddsDatanodeService.java:start(185)) - HddsDatanodeService host:ozone-wgs2n-993647214 ip:192.168.46.12
2019-06-13 03:15:04,901 INFO  util.JvmPauseMonitor (JvmPauseMonitor.java:run(188)) - Starting JVM pause monitor
2019-06-13 03:15:04,903 INFO  datanode.InitDatanodeState (InitDatanodeState.java:persistContainerDatanodeDetails(140)) - DatanodeDetails is persisted to /opt/src/hadoop-ozone/integration-test/target/test-dir/MiniOzoneClusterImpl-0e4b8df3-cca7-4e63-b520-807b66dfe29c/datanode-1/meta/datanode.id
2019-06-13 03:15:04,912 INFO  volume.HddsVolume (HddsVolume.java:<init>(176)) - Creating Volume: /opt/src/hadoop-ozone/integration-test/target/test-dir/MiniOzoneClusterImpl-0e4b8df3-cca7-4e63-b520-807b66dfe29c/datanode-2/data/containers/hdds of  storage type : DISK and capacity : 104021790720
2019-06-13 03:15:04,912 INFO  volume.VolumeSet (VolumeSet.java:initializeVolumeSet(170)) - Added Volume : /opt/src/hadoop-ozone/integration-test/target/test-dir/MiniOzoneClusterImpl-0e4b8df3-cca7-4e63-b520-807b66dfe29c/datanode-2/data/containers/hdds to VolumeSet
2019-06-13 03:15:04,912 INFO  volume.ThrottledAsyncChecker (ThrottledAsyncChecker.java:schedule(140)) - Scheduling a check for org.apache.hadoop.ozone.container.common.volume.HddsVolume@4b56b031
2019-06-13 03:15:04,917 INFO  volume.HddsVolumeChecker (HddsVolumeChecker.java:checkAllVolumes(203)) - Scheduled health check for volume org.apache.hadoop.ozone.container.common.volume.HddsVolume@4b56b031
2019-06-13 03:15:04,927 INFO  ratis.XceiverServerRatis (XceiverServerRatis.java:newXceiverServerRatis(401)) - Found a free port for the server : 46633
2019-06-13 03:15:04,928 INFO  impl.RaftServerProxy (ConfUtils.java:logGet(43)) - raft.rpc.type = GRPC (default)
2019-06-13 03:15:04,928 INFO  grpc.GrpcConfigKeys$Server (ConfUtils.java:logGet(43)) - raft.grpc.server.port = 46633 (custom)
2019-06-13 03:15:04,929 INFO  server.GrpcService (ConfUtils.java:logGet(43)) - raft.grpc.message.size.max = 33570816 (custom)
2019-06-13 03:15:04,929 INFO  server.RaftServerConfigKeys (ConfUtils.java:logGet(43)) - raft.server.log.appender.buffer.byte-limit = 33554432 (custom)
2019-06-13 03:15:04,929 INFO  server.GrpcService (ConfUtils.java:logGet(43)) - raft.grpc.flow.control.window = 1MB (=1048576) (default)
2019-06-13 03:15:04,929 INFO  server.RaftServerConfigKeys (ConfUtils.java:logGet(43)) - raft.server.rpc.request.timeout = 3000ms (default)
2019-06-13 03:15:04,930 INFO  server.RaftServerConfigKeys (ConfUtils.java:logGet(43)) - raft.server.storage.dir = [/opt/src/hadoop-ozone/integration-test/target/test-dir/MiniOzoneClusterImpl-0e4b8df3-cca7-4e63-b520-807b66dfe29c/datanode-2/data/ratis] (custom)
2019-06-13 03:15:04,930 INFO  server.XceiverServerGrpc (XceiverServerGrpc.java:<init>(97)) - Found a free port for the server : 43517
2019-06-13 03:15:04,931 INFO  replication.SimpleContainerDownloader (SimpleContainerDownloader.java:<init>(72)) - Starting container downloader service to copy containers to replicate.
2019-06-13 03:15:04,932 INFO  hdfs.DFSUtil (DFSUtil.java:httpServerTemplateForNNAndJN(1641)) - Starting Web-server for hddsDatanode at: http://0.0.0.0:0
2019-06-13 03:15:04,933 INFO  server.AuthenticationFilter (AuthenticationFilter.java:constructSecretProvider(240)) - Unable to initialize FileSignerSecretProvider, falling back to use random secrets.
2019-06-13 03:15:04,934 WARN  http.HttpRequestLog (HttpRequestLog.java:getRequestLog(97)) - Jetty request log can only be enabled using Log4j
2019-06-13 03:15:04,935 INFO  http.HttpServer2 (HttpServer2.java:addGlobalFilter(975)) - Added global filter 'safety' (class=org.apache.hadoop.http.HttpServer2$QuotingInputFilter)
2019-06-13 03:15:04,936 INFO  http.HttpServer2 (HttpServer2.java:addFilter(948)) - Added filter static_user_filter (class=org.apache.hadoop.http.lib.StaticUserWebFilter$StaticUserFilter) to context hddsDatanode
2019-06-13 03:15:04,936 INFO  http.HttpServer2 (HttpServer2.java:addFilter(958)) - Added filter static_user_filter (class=org.apache.hadoop.http.lib.StaticUserWebFilter$StaticUserFilter) to context logs
2019-06-13 03:15:04,936 INFO  http.HttpServer2 (HttpServer2.java:addFilter(958)) - Added filter static_user_filter (class=org.apache.hadoop.http.lib.StaticUserWebFilter$StaticUserFilter) to context static
2019-06-13 03:15:04,937 INFO  http.HttpServer2 (HttpServer2.java:bindListener(1191)) - Jetty bound to port 37185
2019-06-13 03:15:04,937 INFO  server.Server (Server.java:doStart(351)) - jetty-9.3.24.v20180605, build timestamp: 2018-06-05T17:11:56Z, git hash: 84205aa28f11a4f31f2a3b86d1bba2cc8ab69827
2019-06-13 03:15:04,939 INFO  handler.ContextHandler (ContextHandler.java:doStart(781)) - Started o.e.j.s.ServletContextHandler@2443abd6{/logs,file:///opt/src/hadoop-ozone/integration-test/target/log,AVAILABLE}
2019-06-13 03:15:04,940 INFO  handler.ContextHandler (ContextHandler.java:doStart(781)) - Started o.e.j.s.ServletContextHandler@bd3eff4{/static,jar:file:/root/.m2/repository/org/apache/hadoop/hadoop-hdds-container-service/0.5.0-SNAPSHOT/hadoop-hdds-container-service-0.5.0-SNAPSHOT.jar!/webapps/static,AVAILABLE}
2019-06-13 03:15:04,969 INFO  handler.ContextHandler (ContextHandler.java:doStart(781)) - Started o.e.j.w.WebAppContext@4e80a001{/,file:///tmp/jetty-0.0.0.0-37185-hddsDatanode-_-any-7952296601531895748.dir/webapp/,AVAILABLE}{/hddsDatanode}
2019-06-13 03:15:04,976 INFO  server.AbstractConnector (AbstractConnector.java:doStart(278)) - Started ServerConnector@624b523{HTTP/1.1,[http/1.1]}{0.0.0.0:37185}
2019-06-13 03:15:04,977 INFO  server.Server (Server.java:doStart(419)) - Started @4203ms
2019-06-13 03:15:04,978 INFO  server.BaseHttpServer (BaseHttpServer.java:updateConnectorAddress(207)) - HTTP server of HDDSDATANODE is listening at http://0.0.0.0:37185
2019-06-13 03:15:05,141 INFO  ozone.HddsDatanodeService (HddsDatanodeService.java:startPlugins(396)) - Started plug-in org.apache.hadoop.ozone.web.OzoneHddsDatanodeService@11c78080
2019-06-13 03:15:05,141 INFO  impl.MetricsSystemImpl (MetricsSystemImpl.java:init(158)) - HddsDatanode metrics system started (again)
2019-06-13 03:15:05,142 INFO  ozone.HddsDatanodeService (HddsDatanodeService.java:start(185)) - HddsDatanodeService host:ozone-wgs2n-993647214 ip:192.168.46.12
2019-06-13 03:15:05,147 INFO  util.JvmPauseMonitor (JvmPauseMonitor.java:run(188)) - Starting JVM pause monitor
2019-06-13 03:15:05,150 INFO  volume.HddsVolume (HddsVolume.java:<init>(176)) - Creating Volume: /opt/src/hadoop-ozone/integration-test/target/test-dir/MiniOzoneClusterImpl-0e4b8df3-cca7-4e63-b520-807b66dfe29c/datanode-3/data/containers/hdds of  storage type : DISK and capacity : 104021790720
2019-06-13 03:15:05,150 INFO  volume.VolumeSet (VolumeSet.java:initializeVolumeSet(170)) - Added Volume : /opt/src/hadoop-ozone/integration-test/target/test-dir/MiniOzoneClusterImpl-0e4b8df3-cca7-4e63-b520-807b66dfe29c/datanode-3/data/containers/hdds to VolumeSet
2019-06-13 03:15:05,150 INFO  volume.ThrottledAsyncChecker (ThrottledAsyncChecker.java:schedule(140)) - Scheduling a check for org.apache.hadoop.ozone.container.common.volume.HddsVolume@7c11d32
2019-06-13 03:15:05,151 INFO  datanode.InitDatanodeState (InitDatanodeState.java:persistContainerDatanodeDetails(140)) - DatanodeDetails is persisted to /opt/src/hadoop-ozone/integration-test/target/test-dir/MiniOzoneClusterImpl-0e4b8df3-cca7-4e63-b520-807b66dfe29c/datanode-2/meta/datanode.id
2019-06-13 03:15:05,151 INFO  volume.HddsVolumeChecker (HddsVolumeChecker.java:checkAllVolumes(203)) - Scheduled health check for volume org.apache.hadoop.ozone.container.common.volume.HddsVolume@7c11d32
2019-06-13 03:15:05,167 INFO  ratis.XceiverServerRatis (XceiverServerRatis.java:newXceiverServerRatis(401)) - Found a free port for the server : 41817
2019-06-13 03:15:05,168 INFO  impl.RaftServerProxy (ConfUtils.java:logGet(43)) - raft.rpc.type = GRPC (default)
2019-06-13 03:15:05,169 INFO  grpc.GrpcConfigKeys$Server (ConfUtils.java:logGet(43)) - raft.grpc.server.port = 41817 (custom)
2019-06-13 03:15:05,169 INFO  server.GrpcService (ConfUtils.java:logGet(43)) - raft.grpc.message.size.max = 33570816 (custom)
2019-06-13 03:15:05,169 INFO  server.RaftServerConfigKeys (ConfUtils.java:logGet(43)) - raft.server.log.appender.buffer.byte-limit = 33554432 (custom)
2019-06-13 03:15:05,169 INFO  server.GrpcService (ConfUtils.java:logGet(43)) - raft.grpc.flow.control.window = 1MB (=1048576) (default)
2019-06-13 03:15:05,169 INFO  server.RaftServerConfigKeys (ConfUtils.java:logGet(43)) - raft.server.rpc.request.timeout = 3000ms (default)
2019-06-13 03:15:05,170 INFO  server.RaftServerConfigKeys (ConfUtils.java:logGet(43)) - raft.server.storage.dir = [/opt/src/hadoop-ozone/integration-test/target/test-dir/MiniOzoneClusterImpl-0e4b8df3-cca7-4e63-b520-807b66dfe29c/datanode-3/data/ratis] (custom)
2019-06-13 03:15:05,170 INFO  server.XceiverServerGrpc (XceiverServerGrpc.java:<init>(97)) - Found a free port for the server : 35845
2019-06-13 03:15:05,170 INFO  replication.SimpleContainerDownloader (SimpleContainerDownloader.java:<init>(72)) - Starting container downloader service to copy containers to replicate.
2019-06-13 03:15:05,171 INFO  hdfs.DFSUtil (DFSUtil.java:httpServerTemplateForNNAndJN(1641)) - Starting Web-server for hddsDatanode at: http://0.0.0.0:0
2019-06-13 03:15:05,172 INFO  server.AuthenticationFilter (AuthenticationFilter.java:constructSecretProvider(240)) - Unable to initialize FileSignerSecretProvider, falling back to use random secrets.
2019-06-13 03:15:05,173 WARN  http.HttpRequestLog (HttpRequestLog.java:getRequestLog(97)) - Jetty request log can only be enabled using Log4j
2019-06-13 03:15:05,174 INFO  http.HttpServer2 (HttpServer2.java:addGlobalFilter(975)) - Added global filter 'safety' (class=org.apache.hadoop.http.HttpServer2$QuotingInputFilter)
2019-06-13 03:15:05,174 INFO  http.HttpServer2 (HttpServer2.java:addFilter(948)) - Added filter static_user_filter (class=org.apache.hadoop.http.lib.StaticUserWebFilter$StaticUserFilter) to context hddsDatanode
2019-06-13 03:15:05,174 INFO  http.HttpServer2 (HttpServer2.java:addFilter(958)) - Added filter static_user_filter (class=org.apache.hadoop.http.lib.StaticUserWebFilter$StaticUserFilter) to context logs
2019-06-13 03:15:05,174 INFO  http.HttpServer2 (HttpServer2.java:addFilter(958)) - Added filter static_user_filter (class=org.apache.hadoop.http.lib.StaticUserWebFilter$StaticUserFilter) to context static
2019-06-13 03:15:05,175 INFO  http.HttpServer2 (HttpServer2.java:bindListener(1191)) - Jetty bound to port 34809
2019-06-13 03:15:05,175 INFO  server.Server (Server.java:doStart(351)) - jetty-9.3.24.v20180605, build timestamp: 2018-06-05T17:11:56Z, git hash: 84205aa28f11a4f31f2a3b86d1bba2cc8ab69827
2019-06-13 03:15:05,176 INFO  handler.ContextHandler (ContextHandler.java:doStart(781)) - Started o.e.j.s.ServletContextHandler@25974207{/logs,file:///opt/src/hadoop-ozone/integration-test/target/log,AVAILABLE}
2019-06-13 03:15:05,177 INFO  handler.ContextHandler (ContextHandler.java:doStart(781)) - Started o.e.j.s.ServletContextHandler@195113de{/static,jar:file:/root/.m2/repository/org/apache/hadoop/hadoop-hdds-container-service/0.5.0-SNAPSHOT/hadoop-hdds-container-service-0.5.0-SNAPSHOT.jar!/webapps/static,AVAILABLE}
2019-06-13 03:15:05,197 INFO  handler.ContextHandler (ContextHandler.java:doStart(781)) - Started o.e.j.w.WebAppContext@74c9e11{/,file:///tmp/jetty-0.0.0.0-34809-hddsDatanode-_-any-1318947760985978654.dir/webapp/,AVAILABLE}{/hddsDatanode}
2019-06-13 03:15:05,198 INFO  server.AbstractConnector (AbstractConnector.java:doStart(278)) - Started ServerConnector@9fe720a{HTTP/1.1,[http/1.1]}{0.0.0.0:34809}
2019-06-13 03:15:05,199 INFO  server.Server (Server.java:doStart(419)) - Started @4425ms
2019-06-13 03:15:05,200 INFO  server.BaseHttpServer (BaseHttpServer.java:updateConnectorAddress(207)) - HTTP server of HDDSDATANODE is listening at http://0.0.0.0:34809
2019-06-13 03:15:05,328 INFO  ozone.HddsDatanodeService (HddsDatanodeService.java:startPlugins(396)) - Started plug-in org.apache.hadoop.ozone.web.OzoneHddsDatanodeService@76216830
2019-06-13 03:15:05,328 INFO  impl.MetricsSystemImpl (MetricsSystemImpl.java:init(158)) - HddsDatanode metrics system started (again)
2019-06-13 03:15:05,328 INFO  ozone.HddsDatanodeService (HddsDatanodeService.java:start(185)) - HddsDatanodeService host:ozone-wgs2n-993647214 ip:192.168.46.12
2019-06-13 03:15:05,334 INFO  util.JvmPauseMonitor (JvmPauseMonitor.java:run(188)) - Starting JVM pause monitor
2019-06-13 03:15:05,336 INFO  datanode.InitDatanodeState (InitDatanodeState.java:persistContainerDatanodeDetails(140)) - DatanodeDetails is persisted to /opt/src/hadoop-ozone/integration-test/target/test-dir/MiniOzoneClusterImpl-0e4b8df3-cca7-4e63-b520-807b66dfe29c/datanode-3/meta/datanode.id
2019-06-13 03:15:05,339 INFO  volume.HddsVolume (HddsVolume.java:<init>(176)) - Creating Volume: /opt/src/hadoop-ozone/integration-test/target/test-dir/MiniOzoneClusterImpl-0e4b8df3-cca7-4e63-b520-807b66dfe29c/datanode-4/data/containers/hdds of  storage type : DISK and capacity : 104021790720
2019-06-13 03:15:05,340 INFO  volume.VolumeSet (VolumeSet.java:initializeVolumeSet(170)) - Added Volume : /opt/src/hadoop-ozone/integration-test/target/test-dir/MiniOzoneClusterImpl-0e4b8df3-cca7-4e63-b520-807b66dfe29c/datanode-4/data/containers/hdds to VolumeSet
2019-06-13 03:15:05,340 INFO  volume.ThrottledAsyncChecker (ThrottledAsyncChecker.java:schedule(140)) - Scheduling a check for org.apache.hadoop.ozone.container.common.volume.HddsVolume@391d1e33
2019-06-13 03:15:05,340 INFO  volume.HddsVolumeChecker (HddsVolumeChecker.java:checkAllVolumes(203)) - Scheduled health check for volume org.apache.hadoop.ozone.container.common.volume.HddsVolume@391d1e33
2019-06-13 03:15:05,355 INFO  ratis.XceiverServerRatis (XceiverServerRatis.java:newXceiverServerRatis(401)) - Found a free port for the server : 41151
2019-06-13 03:15:05,356 INFO  impl.RaftServerProxy (ConfUtils.java:logGet(43)) - raft.rpc.type = GRPC (default)
2019-06-13 03:15:05,357 INFO  grpc.GrpcConfigKeys$Server (ConfUtils.java:logGet(43)) - raft.grpc.server.port = 41151 (custom)
2019-06-13 03:15:05,357 INFO  server.GrpcService (ConfUtils.java:logGet(43)) - raft.grpc.message.size.max = 33570816 (custom)
2019-06-13 03:15:05,357 INFO  server.RaftServerConfigKeys (ConfUtils.java:logGet(43)) - raft.server.log.appender.buffer.byte-limit = 33554432 (custom)
2019-06-13 03:15:05,358 INFO  server.GrpcService (ConfUtils.java:logGet(43)) - raft.grpc.flow.control.window = 1MB (=1048576) (default)
2019-06-13 03:15:05,358 INFO  server.RaftServerConfigKeys (ConfUtils.java:logGet(43)) - raft.server.rpc.request.timeout = 3000ms (default)
2019-06-13 03:15:05,358 INFO  server.RaftServerConfigKeys (ConfUtils.java:logGet(43)) - raft.server.storage.dir = [/opt/src/hadoop-ozone/integration-test/target/test-dir/MiniOzoneClusterImpl-0e4b8df3-cca7-4e63-b520-807b66dfe29c/datanode-4/data/ratis] (custom)
2019-06-13 03:15:05,359 INFO  server.XceiverServerGrpc (XceiverServerGrpc.java:<init>(97)) - Found a free port for the server : 40375
2019-06-13 03:15:05,359 INFO  replication.SimpleContainerDownloader (SimpleContainerDownloader.java:<init>(72)) - Starting container downloader service to copy containers to replicate.
2019-06-13 03:15:05,360 INFO  hdfs.DFSUtil (DFSUtil.java:httpServerTemplateForNNAndJN(1641)) - Starting Web-server for hddsDatanode at: http://0.0.0.0:0
2019-06-13 03:15:05,361 INFO  server.AuthenticationFilter (AuthenticationFilter.java:constructSecretProvider(240)) - Unable to initialize FileSignerSecretProvider, falling back to use random secrets.
2019-06-13 03:15:05,362 WARN  http.HttpRequestLog (HttpRequestLog.java:getRequestLog(97)) - Jetty request log can only be enabled using Log4j
2019-06-13 03:15:05,363 INFO  http.HttpServer2 (HttpServer2.java:addGlobalFilter(975)) - Added global filter 'safety' (class=org.apache.hadoop.http.HttpServer2$QuotingInputFilter)
2019-06-13 03:15:05,363 INFO  http.HttpServer2 (HttpServer2.java:addFilter(948)) - Added filter static_user_filter (class=org.apache.hadoop.http.lib.StaticUserWebFilter$StaticUserFilter) to context hddsDatanode
2019-06-13 03:15:05,363 INFO  http.HttpServer2 (HttpServer2.java:addFilter(958)) - Added filter static_user_filter (class=org.apache.hadoop.http.lib.StaticUserWebFilter$StaticUserFilter) to context static
2019-06-13 03:15:05,363 INFO  http.HttpServer2 (HttpServer2.java:addFilter(958)) - Added filter static_user_filter (class=org.apache.hadoop.http.lib.StaticUserWebFilter$StaticUserFilter) to context logs
2019-06-13 03:15:05,364 INFO  http.HttpServer2 (HttpServer2.java:bindListener(1191)) - Jetty bound to port 39999
2019-06-13 03:15:05,364 INFO  server.Server (Server.java:doStart(351)) - jetty-9.3.24.v20180605, build timestamp: 2018-06-05T17:11:56Z, git hash: 84205aa28f11a4f31f2a3b86d1bba2cc8ab69827
2019-06-13 03:15:05,381 INFO  handler.ContextHandler (ContextHandler.java:doStart(781)) - Started o.e.j.s.ServletContextHandler@6f38f084{/logs,file:///opt/src/hadoop-ozone/integration-test/target/log,AVAILABLE}
2019-06-13 03:15:05,382 INFO  handler.ContextHandler (ContextHandler.java:doStart(781)) - Started o.e.j.s.ServletContextHandler@372f0a99{/static,jar:file:/root/.m2/repository/org/apache/hadoop/hadoop-hdds-container-service/0.5.0-SNAPSHOT/hadoop-hdds-container-service-0.5.0-SNAPSHOT.jar!/webapps/static,AVAILABLE}
2019-06-13 03:15:05,402 INFO  handler.ContextHandler (ContextHandler.java:doStart(781)) - Started o.e.j.w.WebAppContext@6b2fdffc{/,file:///tmp/jetty-0.0.0.0-39999-hddsDatanode-_-any-4381897154105228301.dir/webapp/,AVAILABLE}{/hddsDatanode}
2019-06-13 03:15:05,403 INFO  server.AbstractConnector (AbstractConnector.java:doStart(278)) - Started ServerConnector@2ca3d826{HTTP/1.1,[http/1.1]}{0.0.0.0:39999}
2019-06-13 03:15:05,404 INFO  server.Server (Server.java:doStart(419)) - Started @4631ms
2019-06-13 03:15:05,405 INFO  server.BaseHttpServer (BaseHttpServer.java:updateConnectorAddress(207)) - HTTP server of HDDSDATANODE is listening at http://0.0.0.0:39999
2019-06-13 03:15:05,491 INFO  ozone.HddsDatanodeService (HddsDatanodeService.java:startPlugins(396)) - Started plug-in org.apache.hadoop.ozone.web.OzoneHddsDatanodeService@624b3544
2019-06-13 03:15:05,492 INFO  impl.MetricsSystemImpl (MetricsSystemImpl.java:init(158)) - HddsDatanode metrics system started (again)
2019-06-13 03:15:05,492 INFO  ozone.HddsDatanodeService (HddsDatanodeService.java:start(185)) - HddsDatanodeService host:ozone-wgs2n-993647214 ip:192.168.46.12
2019-06-13 03:15:05,498 INFO  util.JvmPauseMonitor (JvmPauseMonitor.java:run(188)) - Starting JVM pause monitor
2019-06-13 03:15:05,503 INFO  datanode.InitDatanodeState (InitDatanodeState.java:persistContainerDatanodeDetails(140)) - DatanodeDetails is persisted to /opt/src/hadoop-ozone/integration-test/target/test-dir/MiniOzoneClusterImpl-0e4b8df3-cca7-4e63-b520-807b66dfe29c/datanode-4/meta/datanode.id
2019-06-13 03:15:05,504 INFO  volume.HddsVolume (HddsVolume.java:<init>(176)) - Creating Volume: /opt/src/hadoop-ozone/integration-test/target/test-dir/MiniOzoneClusterImpl-0e4b8df3-cca7-4e63-b520-807b66dfe29c/datanode-5/data/containers/hdds of  storage type : DISK and capacity : 104021790720
2019-06-13 03:15:05,504 INFO  volume.VolumeSet (VolumeSet.java:initializeVolumeSet(170)) - Added Volume : /opt/src/hadoop-ozone/integration-test/target/test-dir/MiniOzoneClusterImpl-0e4b8df3-cca7-4e63-b520-807b66dfe29c/datanode-5/data/containers/hdds to VolumeSet
2019-06-13 03:15:05,504 INFO  volume.ThrottledAsyncChecker (ThrottledAsyncChecker.java:schedule(140)) - Scheduling a check for org.apache.hadoop.ozone.container.common.volume.HddsVolume@55a0f011
2019-06-13 03:15:05,506 INFO  volume.HddsVolumeChecker (HddsVolumeChecker.java:checkAllVolumes(203)) - Scheduled health check for volume org.apache.hadoop.ozone.container.common.volume.HddsVolume@55a0f011
2019-06-13 03:15:05,516 INFO  ratis.XceiverServerRatis (XceiverServerRatis.java:newXceiverServerRatis(401)) - Found a free port for the server : 34775
2019-06-13 03:15:05,517 INFO  impl.RaftServerProxy (ConfUtils.java:logGet(43)) - raft.rpc.type = GRPC (default)
2019-06-13 03:15:05,517 INFO  grpc.GrpcConfigKeys$Server (ConfUtils.java:logGet(43)) - raft.grpc.server.port = 34775 (custom)
2019-06-13 03:15:05,518 INFO  server.GrpcService (ConfUtils.java:logGet(43)) - raft.grpc.message.size.max = 33570816 (custom)
2019-06-13 03:15:05,518 INFO  server.RaftServerConfigKeys (ConfUtils.java:logGet(43)) - raft.server.log.appender.buffer.byte-limit = 33554432 (custom)
2019-06-13 03:15:05,518 INFO  server.GrpcService (ConfUtils.java:logGet(43)) - raft.grpc.flow.control.window = 1MB (=1048576) (default)
2019-06-13 03:15:05,518 INFO  server.RaftServerConfigKeys (ConfUtils.java:logGet(43)) - raft.server.rpc.request.timeout = 3000ms (default)
2019-06-13 03:15:05,519 INFO  server.RaftServerConfigKeys (ConfUtils.java:logGet(43)) - raft.server.storage.dir = [/opt/src/hadoop-ozone/integration-test/target/test-dir/MiniOzoneClusterImpl-0e4b8df3-cca7-4e63-b520-807b66dfe29c/datanode-5/data/ratis] (custom)
2019-06-13 03:15:05,519 INFO  server.XceiverServerGrpc (XceiverServerGrpc.java:<init>(97)) - Found a free port for the server : 32989
2019-06-13 03:15:05,520 INFO  replication.SimpleContainerDownloader (SimpleContainerDownloader.java:<init>(72)) - Starting container downloader service to copy containers to replicate.
2019-06-13 03:15:05,521 INFO  hdfs.DFSUtil (DFSUtil.java:httpServerTemplateForNNAndJN(1641)) - Starting Web-server for hddsDatanode at: http://0.0.0.0:0
2019-06-13 03:15:05,522 INFO  server.AuthenticationFilter (AuthenticationFilter.java:constructSecretProvider(240)) - Unable to initialize FileSignerSecretProvider, falling back to use random secrets.
2019-06-13 03:15:05,525 WARN  http.HttpRequestLog (HttpRequestLog.java:getRequestLog(97)) - Jetty request log can only be enabled using Log4j
2019-06-13 03:15:05,526 INFO  http.HttpServer2 (HttpServer2.java:addGlobalFilter(975)) - Added global filter 'safety' (class=org.apache.hadoop.http.HttpServer2$QuotingInputFilter)
2019-06-13 03:15:05,527 INFO  http.HttpServer2 (HttpServer2.java:addFilter(948)) - Added filter static_user_filter (class=org.apache.hadoop.http.lib.StaticUserWebFilter$StaticUserFilter) to context hddsDatanode
2019-06-13 03:15:05,527 INFO  http.HttpServer2 (HttpServer2.java:addFilter(958)) - Added filter static_user_filter (class=org.apache.hadoop.http.lib.StaticUserWebFilter$StaticUserFilter) to context logs
2019-06-13 03:15:05,527 INFO  http.HttpServer2 (HttpServer2.java:addFilter(958)) - Added filter static_user_filter (class=org.apache.hadoop.http.lib.StaticUserWebFilter$StaticUserFilter) to context static
2019-06-13 03:15:05,527 INFO  http.HttpServer2 (HttpServer2.java:bindListener(1191)) - Jetty bound to port 36603
2019-06-13 03:15:05,528 INFO  server.Server (Server.java:doStart(351)) - jetty-9.3.24.v20180605, build timestamp: 2018-06-05T17:11:56Z, git hash: 84205aa28f11a4f31f2a3b86d1bba2cc8ab69827
2019-06-13 03:15:05,529 INFO  handler.ContextHandler (ContextHandler.java:doStart(781)) - Started o.e.j.s.ServletContextHandler@23e61112{/logs,file:///opt/src/hadoop-ozone/integration-test/target/log,AVAILABLE}
2019-06-13 03:15:05,529 INFO  handler.ContextHandler (ContextHandler.java:doStart(781)) - Started o.e.j.s.ServletContextHandler@61b60600{/static,jar:file:/root/.m2/repository/org/apache/hadoop/hadoop-hdds-container-service/0.5.0-SNAPSHOT/hadoop-hdds-container-service-0.5.0-SNAPSHOT.jar!/webapps/static,AVAILABLE}
2019-06-13 03:15:05,559 INFO  handler.ContextHandler (ContextHandler.java:doStart(781)) - Started o.e.j.w.WebAppContext@245cb8df{/,file:///tmp/jetty-0.0.0.0-36603-hddsDatanode-_-any-6637443619861037735.dir/webapp/,AVAILABLE}{/hddsDatanode}
2019-06-13 03:15:05,560 INFO  server.AbstractConnector (AbstractConnector.java:doStart(278)) - Started ServerConnector@26b3c9a2{HTTP/1.1,[http/1.1]}{0.0.0.0:36603}
2019-06-13 03:15:05,561 INFO  server.Server (Server.java:doStart(419)) - Started @4787ms
2019-06-13 03:15:05,562 INFO  server.BaseHttpServer (BaseHttpServer.java:updateConnectorAddress(207)) - HTTP server of HDDSDATANODE is listening at http://0.0.0.0:36603
2019-06-13 03:15:05,693 INFO  ozone.HddsDatanodeService (HddsDatanodeService.java:startPlugins(396)) - Started plug-in org.apache.hadoop.ozone.web.OzoneHddsDatanodeService@4662752a
2019-06-13 03:15:05,694 INFO  ozone.MiniOzoneClusterImpl (MiniOzoneClusterImpl.java:lambda$waitForClusterToBeReady$0(142)) - Waiting for cluster to be ready. Got 0 of 6 DN Heartbeats.
2019-06-13 03:15:05,696 INFO  util.JvmPauseMonitor (JvmPauseMonitor.java:run(188)) - Starting JVM pause monitor
2019-06-13 03:15:05,697 INFO  datanode.InitDatanodeState (InitDatanodeState.java:persistContainerDatanodeDetails(140)) - DatanodeDetails is persisted to /opt/src/hadoop-ozone/integration-test/target/test-dir/MiniOzoneClusterImpl-0e4b8df3-cca7-4e63-b520-807b66dfe29c/datanode-5/meta/datanode.id
2019-06-13 03:15:06,694 INFO  ozone.MiniOzoneClusterImpl (MiniOzoneClusterImpl.java:lambda$waitForClusterToBeReady$0(142)) - Waiting for cluster to be ready. Got 0 of 6 DN Heartbeats.
2019-06-13 03:15:06,711 INFO  ozoneimpl.OzoneContainer (OzoneContainer.java:start(186)) - Attempting to start container services.
2019-06-13 03:15:06,711 INFO  ozoneimpl.OzoneContainer (OzoneContainer.java:startContainerScrub(160)) - Background container scrubber has been disabled by hdds.containerscrub.enabled
2019-06-13 03:15:06,711 INFO  ratis.XceiverServerRatis (XceiverServerRatis.java:start(418)) - Starting XceiverServerRatis b8dc3939-bc19-4d04-9ba3-3a6990f6ac0d at port 33749
2019-06-13 03:15:06,723 INFO  impl.RaftServerProxy (RaftServerProxy.java:lambda$start$3(299)) - b8dc3939-bc19-4d04-9ba3-3a6990f6ac0d: start RPC server
2019-06-13 03:15:06,838 INFO  server.GrpcService (GrpcService.java:startImpl(148)) - b8dc3939-bc19-4d04-9ba3-3a6990f6ac0d: GrpcService started, listening on 0.0.0.0/0.0.0.0:33749
2019-06-13 03:15:06,905 INFO  ozoneimpl.OzoneContainer (OzoneContainer.java:start(186)) - Attempting to start container services.
2019-06-13 03:15:06,905 INFO  ozoneimpl.OzoneContainer (OzoneContainer.java:startContainerScrub(160)) - Background container scrubber has been disabled by hdds.containerscrub.enabled
2019-06-13 03:15:06,905 INFO  ratis.XceiverServerRatis (XceiverServerRatis.java:start(418)) - Starting XceiverServerRatis d6326e29-3bcf-4b22-b72a-618adb67091a at port 42645
2019-06-13 03:15:06,911 INFO  impl.RaftServerProxy (RaftServerProxy.java:lambda$start$3(299)) - d6326e29-3bcf-4b22-b72a-618adb67091a: start RPC server
2019-06-13 03:15:06,913 INFO  server.GrpcService (GrpcService.java:startImpl(148)) - d6326e29-3bcf-4b22-b72a-618adb67091a: GrpcService started, listening on 0.0.0.0/0.0.0.0:42645
2019-06-13 03:15:07,150 INFO  ozoneimpl.OzoneContainer (OzoneContainer.java:start(186)) - Attempting to start container services.
2019-06-13 03:15:07,151 INFO  ozoneimpl.OzoneContainer (OzoneContainer.java:startContainerScrub(160)) - Background container scrubber has been disabled by hdds.containerscrub.enabled
2019-06-13 03:15:07,151 INFO  ratis.XceiverServerRatis (XceiverServerRatis.java:start(418)) - Starting XceiverServerRatis c9fd1d43-a4d3-44d1-badd-79ad6b07b01d at port 46633
2019-06-13 03:15:07,161 INFO  impl.RaftServerProxy (RaftServerProxy.java:lambda$start$3(299)) - c9fd1d43-a4d3-44d1-badd-79ad6b07b01d: start RPC server
2019-06-13 03:15:07,163 INFO  server.GrpcService (GrpcService.java:startImpl(148)) - c9fd1d43-a4d3-44d1-badd-79ad6b07b01d: GrpcService started, listening on 0.0.0.0/0.0.0.0:46633
2019-06-13 03:15:07,338 INFO  ozoneimpl.OzoneContainer (OzoneContainer.java:start(186)) - Attempting to start container services.
2019-06-13 03:15:07,339 INFO  ozoneimpl.OzoneContainer (OzoneContainer.java:startContainerScrub(160)) - Background container scrubber has been disabled by hdds.containerscrub.enabled
2019-06-13 03:15:07,339 INFO  ratis.XceiverServerRatis (XceiverServerRatis.java:start(418)) - Starting XceiverServerRatis b732b1b2-c7b5-40a7-bd2a-e39a0a289ab7 at port 41817
2019-06-13 03:15:07,343 INFO  impl.RaftServerProxy (RaftServerProxy.java:lambda$start$3(299)) - b732b1b2-c7b5-40a7-bd2a-e39a0a289ab7: start RPC server
2019-06-13 03:15:07,345 INFO  server.GrpcService (GrpcService.java:startImpl(148)) - b732b1b2-c7b5-40a7-bd2a-e39a0a289ab7: GrpcService started, listening on 0.0.0.0/0.0.0.0:41817
2019-06-13 03:15:07,501 INFO  ozoneimpl.OzoneContainer (OzoneContainer.java:start(186)) - Attempting to start container services.
2019-06-13 03:15:07,502 INFO  ozoneimpl.OzoneContainer (OzoneContainer.java:startContainerScrub(160)) - Background container scrubber has been disabled by hdds.containerscrub.enabled
2019-06-13 03:15:07,502 INFO  ratis.XceiverServerRatis (XceiverServerRatis.java:start(418)) - Starting XceiverServerRatis 19b52c2b-2544-444d-879d-870d3cfbd3de at port 41151
2019-06-13 03:15:07,507 INFO  impl.RaftServerProxy (RaftServerProxy.java:lambda$start$3(299)) - 19b52c2b-2544-444d-879d-870d3cfbd3de: start RPC server
2019-06-13 03:15:07,509 INFO  server.GrpcService (GrpcService.java:startImpl(148)) - 19b52c2b-2544-444d-879d-870d3cfbd3de: GrpcService started, listening on 0.0.0.0/0.0.0.0:41151
2019-06-13 03:15:07,696 INFO  ozone.MiniOzoneClusterImpl (MiniOzoneClusterImpl.java:lambda$waitForClusterToBeReady$0(142)) - Waiting for cluster to be ready. Got 0 of 6 DN Heartbeats.
2019-06-13 03:15:07,701 INFO  ozoneimpl.OzoneContainer (OzoneContainer.java:start(186)) - Attempting to start container services.
2019-06-13 03:15:07,703 INFO  ozoneimpl.OzoneContainer (OzoneContainer.java:startContainerScrub(160)) - Background container scrubber has been disabled by hdds.containerscrub.enabled
2019-06-13 03:15:07,703 INFO  ratis.XceiverServerRatis (XceiverServerRatis.java:start(418)) - Starting XceiverServerRatis f56df964-143c-443a-ad3f-34b55ce0e188 at port 34775
2019-06-13 03:15:07,706 INFO  impl.RaftServerProxy (RaftServerProxy.java:lambda$start$3(299)) - f56df964-143c-443a-ad3f-34b55ce0e188: start RPC server
2019-06-13 03:15:07,708 INFO  server.GrpcService (GrpcService.java:startImpl(148)) - f56df964-143c-443a-ad3f-34b55ce0e188: GrpcService started, listening on 0.0.0.0/0.0.0.0:34775
2019-06-13 03:15:08,698 INFO  ozone.MiniOzoneClusterImpl (MiniOzoneClusterImpl.java:lambda$waitForClusterToBeReady$0(142)) - Waiting for cluster to be ready. Got 0 of 6 DN Heartbeats.
2019-06-13 03:15:08,711 INFO  node.SCMNodeManager (SCMNodeManager.java:register(234)) - Registered Data node : b8dc3939-bc19-4d04-9ba3-3a6990f6ac0d{ip: 192.168.46.12, host: ozone-wgs2n-993647214, networkLocation: /default-rack, certSerialId: null}
2019-06-13 03:15:08,715 INFO  safemode.SCMSafeModeManager (DataNodeSafeModeRule.java:process(71)) - SCM in safe mode. 1 DataNodes registered, 1 required.
2019-06-13 03:15:08,715 INFO  safemode.SCMSafeModeManager (SCMSafeModeManager.java:validateSafeModeExitRules(177)) - ScmSafeModeManager, all rules are successfully validated
2019-06-13 03:15:08,715 INFO  safemode.SCMSafeModeManager (SCMSafeModeManager.java:exitSafeMode(193)) - SCM exiting safe mode.
2019-06-13 03:15:08,903 INFO  node.SCMNodeManager (SCMNodeManager.java:register(234)) - Registered Data node : d6326e29-3bcf-4b22-b72a-618adb67091a{ip: 192.168.46.12, host: ozone-wgs2n-993647214, networkLocation: /default-rack, certSerialId: null}
2019-06-13 03:15:09,023 INFO  impl.RaftServerProxy (RaftServerProxy.java:addNew(89)) - b8dc3939-bc19-4d04-9ba3-3a6990f6ac0d: addNew group-ED42F380C5EE:[b8dc3939-bc19-4d04-9ba3-3a6990f6ac0d:192.168.46.12:33749] returns group-ED42F380C5EE:java.util.concurrent.CompletableFuture@40e4f019[Not completed]
2019-06-13 03:15:09,028 INFO  impl.RaftServerImpl (RaftServerImpl.java:<init>(91)) - b8dc3939-bc19-4d04-9ba3-3a6990f6ac0d: new RaftServerImpl for group-ED42F380C5EE:[b8dc3939-bc19-4d04-9ba3-3a6990f6ac0d:192.168.46.12:33749] with ContainerStateMachine:uninitialized
2019-06-13 03:15:09,029 INFO  server.RaftServerConfigKeys (ConfUtils.java:logGet(43)) - raft.server.rpc.timeout.min = 1s (custom)
2019-06-13 03:15:09,029 INFO  server.RaftServerConfigKeys (ConfUtils.java:logGet(43)) - raft.server.rpc.timeout.max = 1200ms (custom)
2019-06-13 03:15:09,029 INFO  server.RaftServerConfigKeys (ConfUtils.java:logGet(43)) - raft.server.rpcslowness.timeout = 10s (custom)
2019-06-13 03:15:09,030 INFO  server.RaftServerConfigKeys (ConfUtils.java:logGet(43)) - raft.server.log.appender.install.snapshot.enabled = true (default)
2019-06-13 03:15:09,034 INFO  impl.RaftServerImpl (ServerState.java:<init>(101)) - b8dc3939-bc19-4d04-9ba3-3a6990f6ac0d:group-ED42F380C5EE ConfigurationManager, init=-1: [b8dc3939-bc19-4d04-9ba3-3a6990f6ac0d:192.168.46.12:33749], old=null, confs=<EMPTY_MAP>
2019-06-13 03:15:09,034 INFO  server.RaftServerConfigKeys (ConfUtils.java:logGet(43)) - raft.server.storage.dir = [/opt/src/hadoop-ozone/integration-test/target/test-dir/MiniOzoneClusterImpl-0e4b8df3-cca7-4e63-b520-807b66dfe29c/datanode-0/data/ratis] (custom)
2019-06-13 03:15:09,040 INFO  storage.RaftStorageDirectory (RaftStorageDirectory.java:analyzeStorage(246)) - The storage directory /opt/src/hadoop-ozone/integration-test/target/test-dir/MiniOzoneClusterImpl-0e4b8df3-cca7-4e63-b520-807b66dfe29c/datanode-0/data/ratis/b4347058-6cc0-41cf-9cd6-ed42f380c5ee does not exist. Creating ...
2019-06-13 03:15:09,045 INFO  storage.RaftStorageDirectory (RaftStorageDirectory.java:tryLock(328)) - Lock on /opt/src/hadoop-ozone/integration-test/target/test-dir/MiniOzoneClusterImpl-0e4b8df3-cca7-4e63-b520-807b66dfe29c/datanode-0/data/ratis/b4347058-6cc0-41cf-9cd6-ed42f380c5ee/in_use.lock acquired by nodename 10145@ozone-wgs2n-993647214
2019-06-13 03:15:09,048 INFO  storage.RaftStorage (RaftStorage.java:format(75)) - Storage directory /opt/src/hadoop-ozone/integration-test/target/test-dir/MiniOzoneClusterImpl-0e4b8df3-cca7-4e63-b520-807b66dfe29c/datanode-0/data/ratis/b4347058-6cc0-41cf-9cd6-ed42f380c5ee has been successfully formatted.
2019-06-13 03:15:09,049 INFO  ratis.ContainerStateMachine (ContainerStateMachine.java:loadSnapshot(199)) - The snapshot info is null.Setting the last applied index to:(t:0, i:~)
2019-06-13 03:15:09,050 INFO  server.RaftServerConfigKeys (ConfUtils.java:logGet(43)) - raft.server.leader.election.timeout = 10s (custom)
2019-06-13 03:15:09,051 INFO  server.RaftServerConfigKeys (ConfUtils.java:logGet(43)) - raft.server.log.use.memory = false (default)
2019-06-13 03:15:09,165 INFO  server.RaftServerConfigKeys (ConfUtils.java:logGet(43)) - raft.server.log.appender.buffer.byte-limit = 33554432 (custom)
2019-06-13 03:15:09,169 INFO  node.SCMNodeManager (SCMNodeManager.java:register(234)) - Registered Data node : c9fd1d43-a4d3-44d1-badd-79ad6b07b01d{ip: 192.168.46.12, host: ozone-wgs2n-993647214, networkLocation: /default-rack, certSerialId: null}
2019-06-13 03:15:09,170 INFO  server.RaftServerConfigKeys (ConfUtils.java:logGet(43)) - raft.server.log.segment.size.max = 16384 (custom)
2019-06-13 03:15:09,176 INFO  server.RaftServerConfigKeys (ConfUtils.java:logGet(43)) - raft.server.log.segment.cache.num.max = 2 (custom)
2019-06-13 03:15:09,180 INFO  storage.RaftLogWorker (RaftLogWorker.java:<init>(123)) - new b8dc3939-bc19-4d04-9ba3-3a6990f6ac0d-RaftLogWorker for Storage Directory /opt/src/hadoop-ozone/integration-test/target/test-dir/MiniOzoneClusterImpl-0e4b8df3-cca7-4e63-b520-807b66dfe29c/datanode-0/data/ratis/b4347058-6cc0-41cf-9cd6-ed42f380c5ee
2019-06-13 03:15:09,180 INFO  server.RaftServerConfigKeys (ConfUtils.java:logGet(43)) - raft.server.log.queue.byte-limit = 2147483647 (custom)
2019-06-13 03:15:09,180 INFO  server.RaftServerConfigKeys (ConfUtils.java:logGet(43)) - raft.server.log.queue.element-limit = 1024 (custom)
2019-06-13 03:15:09,182 INFO  server.RaftServerConfigKeys (ConfUtils.java:logGet(43)) - raft.server.log.segment.size.max = 16384 (custom)
2019-06-13 03:15:09,183 INFO  server.RaftServerConfigKeys (ConfUtils.java:logGet(43)) - raft.server.log.preallocated.size = 16384 (custom)
2019-06-13 03:15:09,183 INFO  server.RaftServerConfigKeys (ConfUtils.java:logGet(43)) - raft.server.log.write.buffer.size = 33554432 (custom)
2019-06-13 03:15:09,184 INFO  server.RaftServerConfigKeys (ConfUtils.java:logGet(43)) - raft.server.log.force.sync.num = 128 (default)
2019-06-13 03:15:09,185 INFO  server.RaftServerConfigKeys (ConfUtils.java:logGet(43)) - raft.server.log.statemachine.data.sync = true (default)
2019-06-13 03:15:09,185 INFO  server.RaftServerConfigKeys (ConfUtils.java:logGet(43)) - raft.server.log.statemachine.data.sync.timeout = 10s (default)
2019-06-13 03:15:09,185 INFO  server.RaftServerConfigKeys (ConfUtils.java:logGet(43)) - raft.server.log.statemachine.data.sync.timeout.retry = -1 (default)
2019-06-13 03:15:09,188 INFO  server.RaftServerConfigKeys (ConfUtils.java:logGet(43)) - raft.server.log.statemachine.data.caching.enabled = true (custom)
2019-06-13 03:15:09,193 INFO  server.RaftServerConfigKeys (ConfUtils.java:logGet(43)) - raft.server.snapshot.auto.trigger.enabled = true (custom)
2019-06-13 03:15:09,194 INFO  server.RaftServerConfigKeys (ConfUtils.java:logGet(43)) - raft.server.snapshot.auto.trigger.threshold = 10000 (custom)
2019-06-13 03:15:09,194 INFO  server.RaftServerConfigKeys (ConfUtils.java:logGet(43)) - raft.server.retrycache.expirytime = 600000ms (custom)
2019-06-13 03:15:09,208 INFO  impl.RaftServerImpl (RaftServerImpl.java:start(173)) - b8dc3939-bc19-4d04-9ba3-3a6990f6ac0d: start group-ED42F380C5EE
2019-06-13 03:15:09,209 INFO  impl.RaftServerImpl (RaftServerImpl.java:setRole(164)) - b8dc3939-bc19-4d04-9ba3-3a6990f6ac0d:group-ED42F380C5EE changes role from null to FOLLOWER at term 0 for startAsFollower
2019-06-13 03:15:09,209 INFO  impl.RoleInfo (RoleInfo.java:updateAndGet(143)) - b8dc3939-bc19-4d04-9ba3-3a6990f6ac0d: start FollowerState
2019-06-13 03:15:09,211 INFO  util.JmxRegister (JmxRegister.java:tryRegister(44)) - Successfully registered JMX Bean with object name Ratis:service=RaftServer,group=group-ED42F380C5EE,id=b8dc3939-bc19-4d04-9ba3-3a6990f6ac0d
2019-06-13 03:15:09,248 INFO  pipeline.PipelineStateManager (PipelineStateManager.java:addPipeline(56)) - Created pipeline Pipeline[ Id: b4347058-6cc0-41cf-9cd6-ed42f380c5ee, Nodes: b8dc3939-bc19-4d04-9ba3-3a6990f6ac0d{ip: 192.168.46.12, host: ozone-wgs2n-993647214, networkLocation: /default-rack, certSerialId: null}, Type:RATIS, Factor:ONE, State:OPEN]
2019-06-13 03:15:09,263 INFO  impl.RaftServerProxy (RaftServerProxy.java:addNew(89)) - c9fd1d43-a4d3-44d1-badd-79ad6b07b01d: addNew group-FD46A536B37D:[c9fd1d43-a4d3-44d1-badd-79ad6b07b01d:192.168.46.12:46633] returns group-FD46A536B37D:java.util.concurrent.CompletableFuture@559ca3ec[Not completed]
2019-06-13 03:15:09,263 INFO  impl.RaftServerImpl (RaftServerImpl.java:<init>(91)) - c9fd1d43-a4d3-44d1-badd-79ad6b07b01d: new RaftServerImpl for group-FD46A536B37D:[c9fd1d43-a4d3-44d1-badd-79ad6b07b01d:192.168.46.12:46633] with ContainerStateMachine:uninitialized
2019-06-13 03:15:09,264 INFO  server.RaftServerConfigKeys (ConfUtils.java:logGet(43)) - raft.server.rpc.timeout.min = 1s (custom)
2019-06-13 03:15:09,264 INFO  server.RaftServerConfigKeys (ConfUtils.java:logGet(43)) - raft.server.rpc.timeout.max = 1200ms (custom)
2019-06-13 03:15:09,264 INFO  server.RaftServerConfigKeys (ConfUtils.java:logGet(43)) - raft.server.rpcslowness.timeout = 10s (custom)
2019-06-13 03:15:09,264 INFO  server.RaftServerConfigKeys (ConfUtils.java:logGet(43)) - raft.server.log.appender.install.snapshot.enabled = true (default)
2019-06-13 03:15:09,264 INFO  impl.RaftServerImpl (ServerState.java:<init>(101)) - c9fd1d43-a4d3-44d1-badd-79ad6b07b01d:group-FD46A536B37D ConfigurationManager, init=-1: [c9fd1d43-a4d3-44d1-badd-79ad6b07b01d:192.168.46.12:46633], old=null, confs=<EMPTY_MAP>
2019-06-13 03:15:09,265 INFO  server.RaftServerConfigKeys (ConfUtils.java:logGet(43)) - raft.server.storage.dir = [/opt/src/hadoop-ozone/integration-test/target/test-dir/MiniOzoneClusterImpl-0e4b8df3-cca7-4e63-b520-807b66dfe29c/datanode-2/data/ratis] (custom)
2019-06-13 03:15:09,265 INFO  storage.RaftStorageDirectory (RaftStorageDirectory.java:analyzeStorage(246)) - The storage directory /opt/src/hadoop-ozone/integration-test/target/test-dir/MiniOzoneClusterImpl-0e4b8df3-cca7-4e63-b520-807b66dfe29c/datanode-2/data/ratis/e0e0aa4e-99a1-495f-82d0-fd46a536b37d does not exist. Creating ...
2019-06-13 03:15:09,267 INFO  storage.RaftStorageDirectory (RaftStorageDirectory.java:tryLock(328)) - Lock on /opt/src/hadoop-ozone/integration-test/target/test-dir/MiniOzoneClusterImpl-0e4b8df3-cca7-4e63-b520-807b66dfe29c/datanode-2/data/ratis/e0e0aa4e-99a1-495f-82d0-fd46a536b37d/in_use.lock acquired by nodename 10145@ozone-wgs2n-993647214
2019-06-13 03:15:09,269 INFO  storage.RaftStorage (RaftStorage.java:format(75)) - Storage directory /opt/src/hadoop-ozone/integration-test/target/test-dir/MiniOzoneClusterImpl-0e4b8df3-cca7-4e63-b520-807b66dfe29c/datanode-2/data/ratis/e0e0aa4e-99a1-495f-82d0-fd46a536b37d has been successfully formatted.
2019-06-13 03:15:09,269 INFO  ratis.ContainerStateMachine (ContainerStateMachine.java:loadSnapshot(199)) - The snapshot info is null.Setting the last applied index to:(t:0, i:~)
2019-06-13 03:15:09,269 INFO  server.RaftServerConfigKeys (ConfUtils.java:logGet(43)) - raft.server.leader.election.timeout = 10s (custom)
2019-06-13 03:15:09,270 INFO  server.RaftServerConfigKeys (ConfUtils.java:logGet(43)) - raft.server.log.use.memory = false (default)
2019-06-13 03:15:09,270 INFO  server.RaftServerConfigKeys (ConfUtils.java:logGet(43)) - raft.server.log.appender.buffer.byte-limit = 33554432 (custom)
2019-06-13 03:15:09,270 INFO  server.RaftServerConfigKeys (ConfUtils.java:logGet(43)) - raft.server.log.segment.size.max = 16384 (custom)
2019-06-13 03:15:09,270 INFO  server.RaftServerConfigKeys (ConfUtils.java:logGet(43)) - raft.server.log.segment.cache.num.max = 2 (custom)
2019-06-13 03:15:09,270 INFO  storage.RaftLogWorker (RaftLogWorker.java:<init>(123)) - new c9fd1d43-a4d3-44d1-badd-79ad6b07b01d-RaftLogWorker for Storage Directory /opt/src/hadoop-ozone/integration-test/target/test-dir/MiniOzoneClusterImpl-0e4b8df3-cca7-4e63-b520-807b66dfe29c/datanode-2/data/ratis/e0e0aa4e-99a1-495f-82d0-fd46a536b37d
2019-06-13 03:15:09,271 INFO  server.RaftServerConfigKeys (ConfUtils.java:logGet(43)) - raft.server.log.queue.byte-limit = 2147483647 (custom)
2019-06-13 03:15:09,271 INFO  server.RaftServerConfigKeys (ConfUtils.java:logGet(43)) - raft.server.log.queue.element-limit = 1024 (custom)
2019-06-13 03:15:09,271 INFO  server.RaftServerConfigKeys (ConfUtils.java:logGet(43)) - raft.server.log.segment.size.max = 16384 (custom)
2019-06-13 03:15:09,271 INFO  server.RaftServerConfigKeys (ConfUtils.java:logGet(43)) - raft.server.log.preallocated.size = 16384 (custom)
2019-06-13 03:15:09,271 INFO  server.RaftServerConfigKeys (ConfUtils.java:logGet(43)) - raft.server.log.write.buffer.size = 33554432 (custom)
2019-06-13 03:15:09,271 INFO  server.RaftServerConfigKeys (ConfUtils.java:logGet(43)) - raft.server.log.force.sync.num = 128 (default)
2019-06-13 03:15:09,271 INFO  server.RaftServerConfigKeys (ConfUtils.java:logGet(43)) - raft.server.log.statemachine.data.sync = true (default)
2019-06-13 03:15:09,271 INFO  server.RaftServerConfigKeys (ConfUtils.java:logGet(43)) - raft.server.log.statemachine.data.sync.timeout = 10s (default)
2019-06-13 03:15:09,271 INFO  server.RaftServerConfigKeys (ConfUtils.java:logGet(43)) - raft.server.log.statemachine.data.sync.timeout.retry = -1 (default)
2019-06-13 03:15:09,271 INFO  server.RaftServerConfigKeys (ConfUtils.java:logGet(43)) - raft.server.log.statemachine.data.caching.enabled = true (custom)
2019-06-13 03:15:09,272 INFO  server.RaftServerConfigKeys (ConfUtils.java:logGet(43)) - raft.server.snapshot.auto.trigger.enabled = true (custom)
2019-06-13 03:15:09,272 INFO  server.RaftServerConfigKeys (ConfUtils.java:logGet(43)) - raft.server.snapshot.auto.trigger.threshold = 10000 (custom)
2019-06-13 03:15:09,272 INFO  server.RaftServerConfigKeys (ConfUtils.java:logGet(43)) - raft.server.retrycache.expirytime = 600000ms (custom)
2019-06-13 03:15:09,272 INFO  impl.RaftServerImpl (RaftServerImpl.java:start(173)) - c9fd1d43-a4d3-44d1-badd-79ad6b07b01d: start group-FD46A536B37D
2019-06-13 03:15:09,272 INFO  impl.RaftServerImpl (RaftServerImpl.java:setRole(164)) - c9fd1d43-a4d3-44d1-badd-79ad6b07b01d:group-FD46A536B37D changes role from null to FOLLOWER at term 0 for startAsFollower
2019-06-13 03:15:09,272 INFO  impl.RoleInfo (RoleInfo.java:updateAndGet(143)) - c9fd1d43-a4d3-44d1-badd-79ad6b07b01d: start FollowerState
2019-06-13 03:15:09,273 INFO  util.JmxRegister (JmxRegister.java:tryRegister(44)) - Successfully registered JMX Bean with object name Ratis:service=RaftServer,group=group-FD46A536B37D,id=c9fd1d43-a4d3-44d1-badd-79ad6b07b01d
2019-06-13 03:15:09,283 INFO  pipeline.PipelineStateManager (PipelineStateManager.java:addPipeline(56)) - Created pipeline Pipeline[ Id: e0e0aa4e-99a1-495f-82d0-fd46a536b37d, Nodes: c9fd1d43-a4d3-44d1-badd-79ad6b07b01d{ip: 192.168.46.12, host: ozone-wgs2n-993647214, networkLocation: /default-rack, certSerialId: null}, Type:RATIS, Factor:ONE, State:OPEN]
2019-06-13 03:15:09,298 INFO  impl.RaftServerProxy (RaftServerProxy.java:addNew(89)) - d6326e29-3bcf-4b22-b72a-618adb67091a: addNew group-70AD6235FB6B:[d6326e29-3bcf-4b22-b72a-618adb67091a:192.168.46.12:42645] returns group-70AD6235FB6B:java.util.concurrent.CompletableFuture@106279e1[Not completed]
2019-06-13 03:15:09,321 INFO  impl.RaftServerImpl (RaftServerImpl.java:<init>(91)) - d6326e29-3bcf-4b22-b72a-618adb67091a: new RaftServerImpl for group-70AD6235FB6B:[d6326e29-3bcf-4b22-b72a-618adb67091a:192.168.46.12:42645] with ContainerStateMachine:uninitialized
2019-06-13 03:15:09,321 INFO  server.RaftServerConfigKeys (ConfUtils.java:logGet(43)) - raft.server.rpc.timeout.min = 1s (custom)
2019-06-13 03:15:09,322 INFO  server.RaftServerConfigKeys (ConfUtils.java:logGet(43)) - raft.server.rpc.timeout.max = 1200ms (custom)
2019-06-13 03:15:09,322 INFO  server.RaftServerConfigKeys (ConfUtils.java:logGet(43)) - raft.server.rpcslowness.timeout = 10s (custom)
2019-06-13 03:15:09,322 INFO  server.RaftServerConfigKeys (ConfUtils.java:logGet(43)) - raft.server.log.appender.install.snapshot.enabled = true (default)
2019-06-13 03:15:09,322 INFO  impl.RaftServerImpl (ServerState.java:<init>(101)) - d6326e29-3bcf-4b22-b72a-618adb67091a:group-70AD6235FB6B ConfigurationManager, init=-1: [d6326e29-3bcf-4b22-b72a-618adb67091a:192.168.46.12:42645], old=null, confs=<EMPTY_MAP>
2019-06-13 03:15:09,322 INFO  server.RaftServerConfigKeys (ConfUtils.java:logGet(43)) - raft.server.storage.dir = [/opt/src/hadoop-ozone/integration-test/target/test-dir/MiniOzoneClusterImpl-0e4b8df3-cca7-4e63-b520-807b66dfe29c/datanode-1/data/ratis] (custom)
2019-06-13 03:15:09,322 INFO  storage.RaftStorageDirectory (RaftStorageDirectory.java:analyzeStorage(246)) - The storage directory /opt/src/hadoop-ozone/integration-test/target/test-dir/MiniOzoneClusterImpl-0e4b8df3-cca7-4e63-b520-807b66dfe29c/datanode-1/data/ratis/25d1f762-4f89-4fec-a646-70ad6235fb6b does not exist. Creating ...
2019-06-13 03:15:09,325 INFO  storage.RaftStorageDirectory (RaftStorageDirectory.java:tryLock(328)) - Lock on /opt/src/hadoop-ozone/integration-test/target/test-dir/MiniOzoneClusterImpl-0e4b8df3-cca7-4e63-b520-807b66dfe29c/datanode-1/data/ratis/25d1f762-4f89-4fec-a646-70ad6235fb6b/in_use.lock acquired by nodename 10145@ozone-wgs2n-993647214
2019-06-13 03:15:09,327 INFO  storage.RaftStorage (RaftStorage.java:format(75)) - Storage directory /opt/src/hadoop-ozone/integration-test/target/test-dir/MiniOzoneClusterImpl-0e4b8df3-cca7-4e63-b520-807b66dfe29c/datanode-1/data/ratis/25d1f762-4f89-4fec-a646-70ad6235fb6b has been successfully formatted.
2019-06-13 03:15:09,328 INFO  ratis.ContainerStateMachine (ContainerStateMachine.java:loadSnapshot(199)) - The snapshot info is null.Setting the last applied index to:(t:0, i:~)
2019-06-13 03:15:09,329 INFO  server.RaftServerConfigKeys (ConfUtils.java:logGet(43)) - raft.server.leader.election.timeout = 10s (custom)
2019-06-13 03:15:09,329 INFO  server.RaftServerConfigKeys (ConfUtils.java:logGet(43)) - raft.server.log.use.memory = false (default)
2019-06-13 03:15:09,329 INFO  server.RaftServerConfigKeys (ConfUtils.java:logGet(43)) - raft.server.log.appender.buffer.byte-limit = 33554432 (custom)
2019-06-13 03:15:09,329 INFO  server.RaftServerConfigKeys (ConfUtils.java:logGet(43)) - raft.server.log.segment.size.max = 16384 (custom)
2019-06-13 03:15:09,329 INFO  server.RaftServerConfigKeys (ConfUtils.java:logGet(43)) - raft.server.log.segment.cache.num.max = 2 (custom)
2019-06-13 03:15:09,329 INFO  storage.RaftLogWorker (RaftLogWorker.java:<init>(123)) - new d6326e29-3bcf-4b22-b72a-618adb67091a-RaftLogWorker for Storage Directory /opt/src/hadoop-ozone/integration-test/target/test-dir/MiniOzoneClusterImpl-0e4b8df3-cca7-4e63-b520-807b66dfe29c/datanode-1/data/ratis/25d1f762-4f89-4fec-a646-70ad6235fb6b
2019-06-13 03:15:09,329 INFO  server.RaftServerConfigKeys (ConfUtils.java:logGet(43)) - raft.server.log.queue.byte-limit = 2147483647 (custom)
2019-06-13 03:15:09,329 INFO  server.RaftServerConfigKeys (ConfUtils.java:logGet(43)) - raft.server.log.queue.element-limit = 1024 (custom)
2019-06-13 03:15:09,330 INFO  server.RaftServerConfigKeys (ConfUtils.java:logGet(43)) - raft.server.log.segment.size.max = 16384 (custom)
2019-06-13 03:15:09,330 INFO  server.RaftServerConfigKeys (ConfUtils.java:logGet(43)) - raft.server.log.preallocated.size = 16384 (custom)
2019-06-13 03:15:09,330 INFO  server.RaftServerConfigKeys (ConfUtils.java:logGet(43)) - raft.server.log.write.buffer.size = 33554432 (custom)
2019-06-13 03:15:09,330 INFO  server.RaftServerConfigKeys (ConfUtils.java:logGet(43)) - raft.server.log.force.sync.num = 128 (default)
2019-06-13 03:15:09,330 INFO  server.RaftServerConfigKeys (ConfUtils.java:logGet(43)) - raft.server.log.statemachine.data.sync = true (default)
2019-06-13 03:15:09,330 INFO  server.RaftServerConfigKeys (ConfUtils.java:logGet(43)) - raft.server.log.statemachine.data.sync.timeout = 10s (default)
2019-06-13 03:15:09,330 INFO  server.RaftServerConfigKeys (ConfUtils.java:logGet(43)) - raft.server.log.statemachine.data.sync.timeout.retry = -1 (default)
2019-06-13 03:15:09,330 INFO  server.RaftServerConfigKeys (ConfUtils.java:logGet(43)) - raft.server.log.statemachine.data.caching.enabled = true (custom)
2019-06-13 03:15:09,331 INFO  server.RaftServerConfigKeys (ConfUtils.java:logGet(43)) - raft.server.snapshot.auto.trigger.enabled = true (custom)
2019-06-13 03:15:09,331 INFO  server.RaftServerConfigKeys (ConfUtils.java:logGet(43)) - raft.server.snapshot.auto.trigger.threshold = 10000 (custom)
2019-06-13 03:15:09,331 INFO  server.RaftServerConfigKeys (ConfUtils.java:logGet(43)) - raft.server.retrycache.expirytime = 600000ms (custom)
2019-06-13 03:15:09,331 INFO  impl.RaftServerImpl (RaftServerImpl.java:start(173)) - d6326e29-3bcf-4b22-b72a-618adb67091a: start group-70AD6235FB6B
2019-06-13 03:15:09,331 INFO  impl.RaftServerImpl (RaftServerImpl.java:setRole(164)) - d6326e29-3bcf-4b22-b72a-618adb67091a:group-70AD6235FB6B changes role from null to FOLLOWER at term 0 for startAsFollower
2019-06-13 03:15:09,332 INFO  impl.RoleInfo (RoleInfo.java:updateAndGet(143)) - d6326e29-3bcf-4b22-b72a-618adb67091a: start FollowerState
2019-06-13 03:15:09,332 INFO  util.JmxRegister (JmxRegister.java:tryRegister(44)) - Successfully registered JMX Bean with object name Ratis:service=RaftServer,group=group-70AD6235FB6B,id=d6326e29-3bcf-4b22-b72a-618adb67091a
2019-06-13 03:15:09,336 INFO  node.SCMNodeManager (SCMNodeManager.java:register(234)) - Registered Data node : b732b1b2-c7b5-40a7-bd2a-e39a0a289ab7{ip: 192.168.46.12, host: ozone-wgs2n-993647214, networkLocation: /default-rack, certSerialId: null}
2019-06-13 03:15:09,339 INFO  pipeline.PipelineStateManager (PipelineStateManager.java:addPipeline(56)) - Created pipeline Pipeline[ Id: 25d1f762-4f89-4fec-a646-70ad6235fb6b, Nodes: d6326e29-3bcf-4b22-b72a-618adb67091a{ip: 192.168.46.12, host: ozone-wgs2n-993647214, networkLocation: /default-rack, certSerialId: null}, Type:RATIS, Factor:ONE, State:OPEN]
2019-06-13 03:15:09,352 INFO  impl.RaftServerProxy (RaftServerProxy.java:addNew(89)) - b732b1b2-c7b5-40a7-bd2a-e39a0a289ab7: addNew group-87481AE48733:[b732b1b2-c7b5-40a7-bd2a-e39a0a289ab7:192.168.46.12:41817] returns group-87481AE48733:java.util.concurrent.CompletableFuture@2100a503[Not completed]
2019-06-13 03:15:09,356 INFO  impl.RaftServerImpl (RaftServerImpl.java:<init>(91)) - b732b1b2-c7b5-40a7-bd2a-e39a0a289ab7: new RaftServerImpl for group-87481AE48733:[b732b1b2-c7b5-40a7-bd2a-e39a0a289ab7:192.168.46.12:41817] with ContainerStateMachine:uninitialized
2019-06-13 03:15:09,356 INFO  server.RaftServerConfigKeys (ConfUtils.java:logGet(43)) - raft.server.rpc.timeout.min = 1s (custom)
2019-06-13 03:15:09,356 INFO  server.RaftServerConfigKeys (ConfUtils.java:logGet(43)) - raft.server.rpc.timeout.max = 1200ms (custom)
2019-06-13 03:15:09,356 INFO  server.RaftServerConfigKeys (ConfUtils.java:logGet(43)) - raft.server.rpcslowness.timeout = 10s (custom)
2019-06-13 03:15:09,356 INFO  server.RaftServerConfigKeys (ConfUtils.java:logGet(43)) - raft.server.log.appender.install.snapshot.enabled = true (default)
2019-06-13 03:15:09,356 INFO  impl.RaftServerImpl (ServerState.java:<init>(101)) - b732b1b2-c7b5-40a7-bd2a-e39a0a289ab7:group-87481AE48733 ConfigurationManager, init=-1: [b732b1b2-c7b5-40a7-bd2a-e39a0a289ab7:192.168.46.12:41817], old=null, confs=<EMPTY_MAP>
2019-06-13 03:15:09,356 INFO  server.RaftServerConfigKeys (ConfUtils.java:logGet(43)) - raft.server.storage.dir = [/opt/src/hadoop-ozone/integration-test/target/test-dir/MiniOzoneClusterImpl-0e4b8df3-cca7-4e63-b520-807b66dfe29c/datanode-3/data/ratis] (custom)
2019-06-13 03:15:09,357 INFO  storage.RaftStorageDirectory (RaftStorageDirectory.java:analyzeStorage(246)) - The storage directory /opt/src/hadoop-ozone/integration-test/target/test-dir/MiniOzoneClusterImpl-0e4b8df3-cca7-4e63-b520-807b66dfe29c/datanode-3/data/ratis/fb551faa-e3e3-431c-b833-87481ae48733 does not exist. Creating ...
2019-06-13 03:15:09,358 INFO  storage.RaftStorageDirectory (RaftStorageDirectory.java:tryLock(328)) - Lock on /opt/src/hadoop-ozone/integration-test/target/test-dir/MiniOzoneClusterImpl-0e4b8df3-cca7-4e63-b520-807b66dfe29c/datanode-3/data/ratis/fb551faa-e3e3-431c-b833-87481ae48733/in_use.lock acquired by nodename 10145@ozone-wgs2n-993647214
2019-06-13 03:15:09,360 INFO  storage.RaftStorage (RaftStorage.java:format(75)) - Storage directory /opt/src/hadoop-ozone/integration-test/target/test-dir/MiniOzoneClusterImpl-0e4b8df3-cca7-4e63-b520-807b66dfe29c/datanode-3/data/ratis/fb551faa-e3e3-431c-b833-87481ae48733 has been successfully formatted.
2019-06-13 03:15:09,361 INFO  ratis.ContainerStateMachine (ContainerStateMachine.java:loadSnapshot(199)) - The snapshot info is null.Setting the last applied index to:(t:0, i:~)
2019-06-13 03:15:09,361 INFO  server.RaftServerConfigKeys (ConfUtils.java:logGet(43)) - raft.server.leader.election.timeout = 10s (custom)
2019-06-13 03:15:09,361 INFO  server.RaftServerConfigKeys (ConfUtils.java:logGet(43)) - raft.server.log.use.memory = false (default)
2019-06-13 03:15:09,361 INFO  server.RaftServerConfigKeys (ConfUtils.java:logGet(43)) - raft.server.log.appender.buffer.byte-limit = 33554432 (custom)
2019-06-13 03:15:09,361 INFO  server.RaftServerConfigKeys (ConfUtils.java:logGet(43)) - raft.server.log.segment.size.max = 16384 (custom)
2019-06-13 03:15:09,361 INFO  server.RaftServerConfigKeys (ConfUtils.java:logGet(43)) - raft.server.log.segment.cache.num.max = 2 (custom)
2019-06-13 03:15:09,361 INFO  storage.RaftLogWorker (RaftLogWorker.java:<init>(123)) - new b732b1b2-c7b5-40a7-bd2a-e39a0a289ab7-RaftLogWorker for Storage Directory /opt/src/hadoop-ozone/integration-test/target/test-dir/MiniOzoneClusterImpl-0e4b8df3-cca7-4e63-b520-807b66dfe29c/datanode-3/data/ratis/fb551faa-e3e3-431c-b833-87481ae48733
2019-06-13 03:15:09,361 INFO  server.RaftServerConfigKeys (ConfUtils.java:logGet(43)) - raft.server.log.queue.byte-limit = 2147483647 (custom)
2019-06-13 03:15:09,361 INFO  server.RaftServerConfigKeys (ConfUtils.java:logGet(43)) - raft.server.log.queue.element-limit = 1024 (custom)
2019-06-13 03:15:09,361 INFO  server.RaftServerConfigKeys (ConfUtils.java:logGet(43)) - raft.server.log.segment.size.max = 16384 (custom)
2019-06-13 03:15:09,361 INFO  server.RaftServerConfigKeys (ConfUtils.java:logGet(43)) - raft.server.log.preallocated.size = 16384 (custom)
2019-06-13 03:15:09,361 INFO  server.RaftServerConfigKeys (ConfUtils.java:logGet(43)) - raft.server.log.write.buffer.size = 33554432 (custom)
2019-06-13 03:15:09,362 INFO  server.RaftServerConfigKeys (ConfUtils.java:logGet(43)) - raft.server.log.force.sync.num = 128 (default)
2019-06-13 03:15:09,362 INFO  server.RaftServerConfigKeys (ConfUtils.java:logGet(43)) - raft.server.log.statemachine.data.sync = true (default)
2019-06-13 03:15:09,362 INFO  server.RaftServerConfigKeys (ConfUtils.java:logGet(43)) - raft.server.log.statemachine.data.sync.timeout = 10s (default)
2019-06-13 03:15:09,362 INFO  server.RaftServerConfigKeys (ConfUtils.java:logGet(43)) - raft.server.log.statemachine.data.sync.timeout.retry = -1 (default)
2019-06-13 03:15:09,362 INFO  server.RaftServerConfigKeys (ConfUtils.java:logGet(43)) - raft.server.log.statemachine.data.caching.enabled = true (custom)
2019-06-13 03:15:09,362 INFO  server.RaftServerConfigKeys (ConfUtils.java:logGet(43)) - raft.server.snapshot.auto.trigger.enabled = true (custom)
2019-06-13 03:15:09,362 INFO  server.RaftServerConfigKeys (ConfUtils.java:logGet(43)) - raft.server.snapshot.auto.trigger.threshold = 10000 (custom)
2019-06-13 03:15:09,362 INFO  server.RaftServerConfigKeys (ConfUtils.java:logGet(43)) - raft.server.retrycache.expirytime = 600000ms (custom)
2019-06-13 03:15:09,362 INFO  impl.RaftServerImpl (RaftServerImpl.java:start(173)) - b732b1b2-c7b5-40a7-bd2a-e39a0a289ab7: start group-87481AE48733
2019-06-13 03:15:09,362 INFO  impl.RaftServerImpl (RaftServerImpl.java:setRole(164)) - b732b1b2-c7b5-40a7-bd2a-e39a0a289ab7:group-87481AE48733 changes role from null to FOLLOWER at term 0 for startAsFollower
2019-06-13 03:15:09,362 INFO  impl.RoleInfo (RoleInfo.java:updateAndGet(143)) - b732b1b2-c7b5-40a7-bd2a-e39a0a289ab7: start FollowerState
2019-06-13 03:15:09,363 INFO  util.JmxRegister (JmxRegister.java:tryRegister(44)) - Successfully registered JMX Bean with object name Ratis:service=RaftServer,group=group-87481AE48733,id=b732b1b2-c7b5-40a7-bd2a-e39a0a289ab7
2019-06-13 03:15:09,372 INFO  pipeline.PipelineStateManager (PipelineStateManager.java:addPipeline(56)) - Created pipeline Pipeline[ Id: fb551faa-e3e3-431c-b833-87481ae48733, Nodes: b732b1b2-c7b5-40a7-bd2a-e39a0a289ab7{ip: 192.168.46.12, host: ozone-wgs2n-993647214, networkLocation: /default-rack, certSerialId: null}, Type:RATIS, Factor:ONE, State:OPEN]
2019-06-13 03:15:09,400 INFO  impl.RaftServerProxy (RaftServerProxy.java:addNew(89)) - c9fd1d43-a4d3-44d1-badd-79ad6b07b01d: addNew group-F90EE6274CD8:[b8dc3939-bc19-4d04-9ba3-3a6990f6ac0d:192.168.46.12:33749, c9fd1d43-a4d3-44d1-badd-79ad6b07b01d:192.168.46.12:46633, d6326e29-3bcf-4b22-b72a-618adb67091a:192.168.46.12:42645] returns group-F90EE6274CD8:java.util.concurrent.CompletableFuture@11170cf4[Not completed]
2019-06-13 03:15:09,401 INFO  impl.RaftServerImpl (RaftServerImpl.java:<init>(91)) - c9fd1d43-a4d3-44d1-badd-79ad6b07b01d: new RaftServerImpl for group-F90EE6274CD8:[b8dc3939-bc19-4d04-9ba3-3a6990f6ac0d:192.168.46.12:33749, c9fd1d43-a4d3-44d1-badd-79ad6b07b01d:192.168.46.12:46633, d6326e29-3bcf-4b22-b72a-618adb67091a:192.168.46.12:42645] with ContainerStateMachine:uninitialized
2019-06-13 03:15:09,401 INFO  server.RaftServerConfigKeys (ConfUtils.java:logGet(43)) - raft.server.rpc.timeout.min = 1s (custom)
2019-06-13 03:15:09,401 INFO  server.RaftServerConfigKeys (ConfUtils.java:logGet(43)) - raft.server.rpc.timeout.max = 1200ms (custom)
2019-06-13 03:15:09,401 INFO  server.RaftServerConfigKeys (ConfUtils.java:logGet(43)) - raft.server.rpcslowness.timeout = 10s (custom)
2019-06-13 03:15:09,401 INFO  server.RaftServerConfigKeys (ConfUtils.java:logGet(43)) - raft.server.log.appender.install.snapshot.enabled = true (default)
2019-06-13 03:15:09,401 INFO  impl.RaftServerImpl (ServerState.java:<init>(101)) - c9fd1d43-a4d3-44d1-badd-79ad6b07b01d:group-F90EE6274CD8 ConfigurationManager, init=-1: [b8dc3939-bc19-4d04-9ba3-3a6990f6ac0d:192.168.46.12:33749, c9fd1d43-a4d3-44d1-badd-79ad6b07b01d:192.168.46.12:46633, d6326e29-3bcf-4b22-b72a-618adb67091a:192.168.46.12:42645], old=null, confs=<EMPTY_MAP>
2019-06-13 03:15:09,401 INFO  server.RaftServerConfigKeys (ConfUtils.java:logGet(43)) - raft.server.storage.dir = [/opt/src/hadoop-ozone/integration-test/target/test-dir/MiniOzoneClusterImpl-0e4b8df3-cca7-4e63-b520-807b66dfe29c/datanode-2/data/ratis] (custom)
2019-06-13 03:15:09,402 INFO  storage.RaftStorageDirectory (RaftStorageDirectory.java:analyzeStorage(246)) - The storage directory /opt/src/hadoop-ozone/integration-test/target/test-dir/MiniOzoneClusterImpl-0e4b8df3-cca7-4e63-b520-807b66dfe29c/datanode-2/data/ratis/2119d7d3-2f0c-4f36-be17-f90ee6274cd8 does not exist. Creating ...
2019-06-13 03:15:09,403 INFO  impl.RaftServerProxy (RaftServerProxy.java:addNew(89)) - b8dc3939-bc19-4d04-9ba3-3a6990f6ac0d: addNew group-F90EE6274CD8:[b8dc3939-bc19-4d04-9ba3-3a6990f6ac0d:192.168.46.12:33749, c9fd1d43-a4d3-44d1-badd-79ad6b07b01d:192.168.46.12:46633, d6326e29-3bcf-4b22-b72a-618adb67091a:192.168.46.12:42645] returns group-F90EE6274CD8:java.util.concurrent.CompletableFuture@d28753a[Not completed]
2019-06-13 03:15:09,403 INFO  impl.RaftServerProxy (RaftServerProxy.java:addNew(89)) - d6326e29-3bcf-4b22-b72a-618adb67091a: addNew group-F90EE6274CD8:[b8dc3939-bc19-4d04-9ba3-3a6990f6ac0d:192.168.46.12:33749, c9fd1d43-a4d3-44d1-badd-79ad6b07b01d:192.168.46.12:46633, d6326e29-3bcf-4b22-b72a-618adb67091a:192.168.46.12:42645] returns group-F90EE6274CD8:java.util.concurrent.CompletableFuture@4aed288d[Not completed]
2019-06-13 03:15:09,403 INFO  storage.RaftStorageDirectory (RaftStorageDirectory.java:tryLock(328)) - Lock on /opt/src/hadoop-ozone/integration-test/target/test-dir/MiniOzoneClusterImpl-0e4b8df3-cca7-4e63-b520-807b66dfe29c/datanode-2/data/ratis/2119d7d3-2f0c-4f36-be17-f90ee6274cd8/in_use.lock acquired by nodename 10145@ozone-wgs2n-993647214
2019-06-13 03:15:09,404 INFO  impl.RaftServerImpl (RaftServerImpl.java:<init>(91)) - b8dc3939-bc19-4d04-9ba3-3a6990f6ac0d: new RaftServerImpl for group-F90EE6274CD8:[b8dc3939-bc19-4d04-9ba3-3a6990f6ac0d:192.168.46.12:33749, c9fd1d43-a4d3-44d1-badd-79ad6b07b01d:192.168.46.12:46633, d6326e29-3bcf-4b22-b72a-618adb67091a:192.168.46.12:42645] with ContainerStateMachine:uninitialized
2019-06-13 03:15:09,404 INFO  server.RaftServerConfigKeys (ConfUtils.java:logGet(43)) - raft.server.rpc.timeout.min = 1s (custom)
2019-06-13 03:15:09,404 INFO  server.RaftServerConfigKeys (ConfUtils.java:logGet(43)) - raft.server.rpc.timeout.max = 1200ms (custom)
2019-06-13 03:15:09,404 INFO  server.RaftServerConfigKeys (ConfUtils.java:logGet(43)) - raft.server.rpcslowness.timeout = 10s (custom)
2019-06-13 03:15:09,404 INFO  server.RaftServerConfigKeys (ConfUtils.java:logGet(43)) - raft.server.log.appender.install.snapshot.enabled = true (default)
2019-06-13 03:15:09,404 INFO  impl.RaftServerImpl (ServerState.java:<init>(101)) - b8dc3939-bc19-4d04-9ba3-3a6990f6ac0d:group-F90EE6274CD8 ConfigurationManager, init=-1: [b8dc3939-bc19-4d04-9ba3-3a6990f6ac0d:192.168.46.12:33749, c9fd1d43-a4d3-44d1-badd-79ad6b07b01d:192.168.46.12:46633, d6326e29-3bcf-4b22-b72a-618adb67091a:192.168.46.12:42645], old=null, confs=<EMPTY_MAP>
2019-06-13 03:15:09,404 INFO  server.RaftServerConfigKeys (ConfUtils.java:logGet(43)) - raft.server.storage.dir = [/opt/src/hadoop-ozone/integration-test/target/test-dir/MiniOzoneClusterImpl-0e4b8df3-cca7-4e63-b520-807b66dfe29c/datanode-0/data/ratis] (custom)
2019-06-13 03:15:09,404 INFO  storage.RaftStorageDirectory (RaftStorageDirectory.java:analyzeStorage(246)) - The storage directory /opt/src/hadoop-ozone/integration-test/target/test-dir/MiniOzoneClusterImpl-0e4b8df3-cca7-4e63-b520-807b66dfe29c/datanode-0/data/ratis/2119d7d3-2f0c-4f36-be17-f90ee6274cd8 does not exist. Creating ...
2019-06-13 03:15:09,405 INFO  impl.RaftServerImpl (RaftServerImpl.java:<init>(91)) - d6326e29-3bcf-4b22-b72a-618adb67091a: new RaftServerImpl for group-F90EE6274CD8:[b8dc3939-bc19-4d04-9ba3-3a6990f6ac0d:192.168.46.12:33749, c9fd1d43-a4d3-44d1-badd-79ad6b07b01d:192.168.46.12:46633, d6326e29-3bcf-4b22-b72a-618adb67091a:192.168.46.12:42645] with ContainerStateMachine:uninitialized
2019-06-13 03:15:09,405 INFO  server.RaftServerConfigKeys (ConfUtils.java:logGet(43)) - raft.server.rpc.timeout.min = 1s (custom)
2019-06-13 03:15:09,405 INFO  server.RaftServerConfigKeys (ConfUtils.java:logGet(43)) - raft.server.rpc.timeout.max = 1200ms (custom)
2019-06-13 03:15:09,405 INFO  server.RaftServerConfigKeys (ConfUtils.java:logGet(43)) - raft.server.rpcslowness.timeout = 10s (custom)
2019-06-13 03:15:09,405 INFO  server.RaftServerConfigKeys (ConfUtils.java:logGet(43)) - raft.server.log.appender.install.snapshot.enabled = true (default)
2019-06-13 03:15:09,405 INFO  impl.RaftServerImpl (ServerState.java:<init>(101)) - d6326e29-3bcf-4b22-b72a-618adb67091a:group-F90EE6274CD8 ConfigurationManager, init=-1: [b8dc3939-bc19-4d04-9ba3-3a6990f6ac0d:192.168.46.12:33749, c9fd1d43-a4d3-44d1-badd-79ad6b07b01d:192.168.46.12:46633, d6326e29-3bcf-4b22-b72a-618adb67091a:192.168.46.12:42645], old=null, confs=<EMPTY_MAP>
2019-06-13 03:15:09,405 INFO  server.RaftServerConfigKeys (ConfUtils.java:logGet(43)) - raft.server.storage.dir = [/opt/src/hadoop-ozone/integration-test/target/test-dir/MiniOzoneClusterImpl-0e4b8df3-cca7-4e63-b520-807b66dfe29c/datanode-1/data/ratis] (custom)
2019-06-13 03:15:09,406 INFO  storage.RaftStorageDirectory (RaftStorageDirectory.java:analyzeStorage(246)) - The storage directory /opt/src/hadoop-ozone/integration-test/target/test-dir/MiniOzoneClusterImpl-0e4b8df3-cca7-4e63-b520-807b66dfe29c/datanode-1/data/ratis/2119d7d3-2f0c-4f36-be17-f90ee6274cd8 does not exist. Creating ...
2019-06-13 03:15:09,406 INFO  storage.RaftStorage (RaftStorage.java:format(75)) - Storage directory /opt/src/hadoop-ozone/integration-test/target/test-dir/MiniOzoneClusterImpl-0e4b8df3-cca7-4e63-b520-807b66dfe29c/datanode-2/data/ratis/2119d7d3-2f0c-4f36-be17-f90ee6274cd8 has been successfully formatted.
2019-06-13 03:15:09,406 INFO  ratis.ContainerStateMachine (ContainerStateMachine.java:loadSnapshot(199)) - The snapshot info is null.Setting the last applied index to:(t:0, i:~)
2019-06-13 03:15:09,406 INFO  server.RaftServerConfigKeys (ConfUtils.java:logGet(43)) - raft.server.leader.election.timeout = 10s (custom)
2019-06-13 03:15:09,406 INFO  server.RaftServerConfigKeys (ConfUtils.java:logGet(43)) - raft.server.log.use.memory = false (default)
2019-06-13 03:15:09,407 INFO  server.RaftServerConfigKeys (ConfUtils.java:logGet(43)) - raft.server.log.appender.buffer.byte-limit = 33554432 (custom)
2019-06-13 03:15:09,407 INFO  storage.RaftStorageDirectory (RaftStorageDirectory.java:tryLock(328)) - Lock on /opt/src/hadoop-ozone/integration-test/target/test-dir/MiniOzoneClusterImpl-0e4b8df3-cca7-4e63-b520-807b66dfe29c/datanode-0/data/ratis/2119d7d3-2f0c-4f36-be17-f90ee6274cd8/in_use.lock acquired by nodename 10145@ozone-wgs2n-993647214
2019-06-13 03:15:09,407 INFO  server.RaftServerConfigKeys (ConfUtils.java:logGet(43)) - raft.server.log.segment.size.max = 16384 (custom)
2019-06-13 03:15:09,407 INFO  server.RaftServerConfigKeys (ConfUtils.java:logGet(43)) - raft.server.log.segment.cache.num.max = 2 (custom)
2019-06-13 03:15:09,407 INFO  storage.RaftLogWorker (RaftLogWorker.java:<init>(123)) - new c9fd1d43-a4d3-44d1-badd-79ad6b07b01d-RaftLogWorker for Storage Directory /opt/src/hadoop-ozone/integration-test/target/test-dir/MiniOzoneClusterImpl-0e4b8df3-cca7-4e63-b520-807b66dfe29c/datanode-2/data/ratis/2119d7d3-2f0c-4f36-be17-f90ee6274cd8
2019-06-13 03:15:09,407 INFO  server.RaftServerConfigKeys (ConfUtils.java:logGet(43)) - raft.server.log.queue.byte-limit = 2147483647 (custom)
2019-06-13 03:15:09,407 INFO  server.RaftServerConfigKeys (ConfUtils.java:logGet(43)) - raft.server.log.queue.element-limit = 1024 (custom)
2019-06-13 03:15:09,407 INFO  server.RaftServerConfigKeys (ConfUtils.java:logGet(43)) - raft.server.log.segment.size.max = 16384 (custom)
2019-06-13 03:15:09,407 INFO  server.RaftServerConfigKeys (ConfUtils.java:logGet(43)) - raft.server.log.preallocated.size = 16384 (custom)
2019-06-13 03:15:09,407 INFO  server.RaftServerConfigKeys (ConfUtils.java:logGet(43)) - raft.server.log.write.buffer.size = 33554432 (custom)
2019-06-13 03:15:09,407 INFO  server.RaftServerConfigKeys (ConfUtils.java:logGet(43)) - raft.server.log.force.sync.num = 128 (default)
2019-06-13 03:15:09,408 INFO  server.RaftServerConfigKeys (ConfUtils.java:logGet(43)) - raft.server.log.statemachine.data.sync = true (default)
2019-06-13 03:15:09,408 INFO  server.RaftServerConfigKeys (ConfUtils.java:logGet(43)) - raft.server.log.statemachine.data.sync.timeout = 10s (default)
2019-06-13 03:15:09,408 INFO  server.RaftServerConfigKeys (ConfUtils.java:logGet(43)) - raft.server.log.statemachine.data.sync.timeout.retry = -1 (default)
2019-06-13 03:15:09,408 INFO  server.RaftServerConfigKeys (ConfUtils.java:logGet(43)) - raft.server.log.statemachine.data.caching.enabled = true (custom)
2019-06-13 03:15:09,408 INFO  server.RaftServerConfigKeys (ConfUtils.java:logGet(43)) - raft.server.snapshot.auto.trigger.enabled = true (custom)
2019-06-13 03:15:09,408 INFO  server.RaftServerConfigKeys (ConfUtils.java:logGet(43)) - raft.server.snapshot.auto.trigger.threshold = 10000 (custom)
2019-06-13 03:15:09,409 INFO  server.RaftServerConfigKeys (ConfUtils.java:logGet(43)) - raft.server.retrycache.expirytime = 600000ms (custom)
2019-06-13 03:15:09,409 INFO  impl.RaftServerImpl (RaftServerImpl.java:start(173)) - c9fd1d43-a4d3-44d1-badd-79ad6b07b01d: start group-F90EE6274CD8
2019-06-13 03:15:09,409 INFO  impl.RaftServerImpl (RaftServerImpl.java:setRole(164)) - c9fd1d43-a4d3-44d1-badd-79ad6b07b01d:group-F90EE6274CD8 changes role from null to FOLLOWER at term 0 for startAsFollower
2019-06-13 03:15:09,409 INFO  impl.RoleInfo (RoleInfo.java:updateAndGet(143)) - c9fd1d43-a4d3-44d1-badd-79ad6b07b01d: start FollowerState
2019-06-13 03:15:09,409 INFO  storage.RaftStorageDirectory (RaftStorageDirectory.java:tryLock(328)) - Lock on /opt/src/hadoop-ozone/integration-test/target/test-dir/MiniOzoneClusterImpl-0e4b8df3-cca7-4e63-b520-807b66dfe29c/datanode-1/data/ratis/2119d7d3-2f0c-4f36-be17-f90ee6274cd8/in_use.lock acquired by nodename 10145@ozone-wgs2n-993647214
2019-06-13 03:15:09,409 INFO  storage.RaftStorage (RaftStorage.java:format(75)) - Storage directory /opt/src/hadoop-ozone/integration-test/target/test-dir/MiniOzoneClusterImpl-0e4b8df3-cca7-4e63-b520-807b66dfe29c/datanode-0/data/ratis/2119d7d3-2f0c-4f36-be17-f90ee6274cd8 has been successfully formatted.
2019-06-13 03:15:09,409 INFO  ratis.ContainerStateMachine (ContainerStateMachine.java:loadSnapshot(199)) - The snapshot info is null.Setting the last applied index to:(t:0, i:~)
2019-06-13 03:15:09,410 INFO  server.RaftServerConfigKeys (ConfUtils.java:logGet(43)) - raft.server.leader.election.timeout = 10s (custom)
2019-06-13 03:15:09,410 INFO  server.RaftServerConfigKeys (ConfUtils.java:logGet(43)) - raft.server.log.use.memory = false (default)
2019-06-13 03:15:09,410 INFO  server.RaftServerConfigKeys (ConfUtils.java:logGet(43)) - raft.server.log.appender.buffer.byte-limit = 33554432 (custom)
2019-06-13 03:15:09,410 INFO  server.RaftServerConfigKeys (ConfUtils.java:logGet(43)) - raft.server.log.segment.size.max = 16384 (custom)
2019-06-13 03:15:09,410 INFO  server.RaftServerConfigKeys (ConfUtils.java:logGet(43)) - raft.server.log.segment.cache.num.max = 2 (custom)
2019-06-13 03:15:09,410 INFO  storage.RaftLogWorker (RaftLogWorker.java:<init>(123)) - new b8dc3939-bc19-4d04-9ba3-3a6990f6ac0d-RaftLogWorker for Storage Directory /opt/src/hadoop-ozone/integration-test/target/test-dir/MiniOzoneClusterImpl-0e4b8df3-cca7-4e63-b520-807b66dfe29c/datanode-0/data/ratis/2119d7d3-2f0c-4f36-be17-f90ee6274cd8
2019-06-13 03:15:09,410 INFO  server.RaftServerConfigKeys (ConfUtils.java:logGet(43)) - raft.server.log.queue.byte-limit = 2147483647 (custom)
2019-06-13 03:15:09,410 INFO  server.RaftServerConfigKeys (ConfUtils.java:logGet(43)) - raft.server.log.queue.element-limit = 1024 (custom)
2019-06-13 03:15:09,410 INFO  server.RaftServerConfigKeys (ConfUtils.java:logGet(43)) - raft.server.log.segment.size.max = 16384 (custom)
2019-06-13 03:15:09,410 INFO  server.RaftServerConfigKeys (ConfUtils.java:logGet(43)) - raft.server.log.preallocated.size = 16384 (custom)
2019-06-13 03:15:09,411 INFO  server.RaftServerConfigKeys (ConfUtils.java:logGet(43)) - raft.server.log.write.buffer.size = 33554432 (custom)
2019-06-13 03:15:09,411 INFO  server.RaftServerConfigKeys (ConfUtils.java:logGet(43)) - raft.server.log.force.sync.num = 128 (default)
2019-06-13 03:15:09,411 INFO  server.RaftServerConfigKeys (ConfUtils.java:logGet(43)) - raft.server.log.statemachine.data.sync = true (default)
2019-06-13 03:15:09,411 INFO  storage.RaftStorage (RaftStorage.java:format(75)) - Storage directory /opt/src/hadoop-ozone/integration-test/target/test-dir/MiniOzoneClusterImpl-0e4b8df3-cca7-4e63-b520-807b66dfe29c/datanode-1/data/ratis/2119d7d3-2f0c-4f36-be17-f90ee6274cd8 has been successfully formatted.
2019-06-13 03:15:09,411 INFO  server.RaftServerConfigKeys (ConfUtils.java:logGet(43)) - raft.server.log.statemachine.data.sync.timeout = 10s (default)
2019-06-13 03:15:09,411 INFO  ratis.ContainerStateMachine (ContainerStateMachine.java:loadSnapshot(199)) - The snapshot info is null.Setting the last applied index to:(t:0, i:~)
2019-06-13 03:15:09,411 INFO  server.RaftServerConfigKeys (ConfUtils.java:logGet(43)) - raft.server.log.statemachine.data.sync.timeout.retry = -1 (default)
2019-06-13 03:15:09,411 INFO  server.RaftServerConfigKeys (ConfUtils.java:logGet(43)) - raft.server.leader.election.timeout = 10s (custom)
2019-06-13 03:15:09,411 INFO  server.RaftServerConfigKeys (ConfUtils.java:logGet(43)) - raft.server.log.use.memory = false (default)
2019-06-13 03:15:09,411 INFO  server.RaftServerConfigKeys (ConfUtils.java:logGet(43)) - raft.server.log.appender.buffer.byte-limit = 33554432 (custom)
2019-06-13 03:15:09,411 INFO  server.RaftServerConfigKeys (ConfUtils.java:logGet(43)) - raft.server.log.segment.size.max = 16384 (custom)
2019-06-13 03:15:09,411 INFO  server.RaftServerConfigKeys (ConfUtils.java:logGet(43)) - raft.server.log.segment.cache.num.max = 2 (custom)
2019-06-13 03:15:09,412 INFO  storage.RaftLogWorker (RaftLogWorker.java:<init>(123)) - new d6326e29-3bcf-4b22-b72a-618adb67091a-RaftLogWorker for Storage Directory /opt/src/hadoop-ozone/integration-test/target/test-dir/MiniOzoneClusterImpl-0e4b8df3-cca7-4e63-b520-807b66dfe29c/datanode-1/data/ratis/2119d7d3-2f0c-4f36-be17-f90ee6274cd8
2019-06-13 03:15:09,412 INFO  server.RaftServerConfigKeys (ConfUtils.java:logGet(43)) - raft.server.log.queue.byte-limit = 2147483647 (custom)
2019-06-13 03:15:09,412 INFO  server.RaftServerConfigKeys (ConfUtils.java:logGet(43)) - raft.server.log.queue.element-limit = 1024 (custom)
2019-06-13 03:15:09,412 INFO  server.RaftServerConfigKeys (ConfUtils.java:logGet(43)) - raft.server.log.segment.size.max = 16384 (custom)
2019-06-13 03:15:09,412 INFO  server.RaftServerConfigKeys (ConfUtils.java:logGet(43)) - raft.server.log.preallocated.size = 16384 (custom)
2019-06-13 03:15:09,412 INFO  server.RaftServerConfigKeys (ConfUtils.java:logGet(43)) - raft.server.log.write.buffer.size = 33554432 (custom)
2019-06-13 03:15:09,412 INFO  server.RaftServerConfigKeys (ConfUtils.java:logGet(43)) - raft.server.log.force.sync.num = 128 (default)
2019-06-13 03:15:09,412 INFO  server.RaftServerConfigKeys (ConfUtils.java:logGet(43)) - raft.server.log.statemachine.data.sync = true (default)
2019-06-13 03:15:09,412 INFO  server.RaftServerConfigKeys (ConfUtils.java:logGet(43)) - raft.server.log.statemachine.data.sync.timeout = 10s (default)
2019-06-13 03:15:09,412 INFO  server.RaftServerConfigKeys (ConfUtils.java:logGet(43)) - raft.server.log.statemachine.data.sync.timeout.retry = -1 (default)
2019-06-13 03:15:09,413 INFO  server.RaftServerConfigKeys (ConfUtils.java:logGet(43)) - raft.server.log.statemachine.data.caching.enabled = true (custom)
2019-06-13 03:15:09,414 INFO  server.RaftServerConfigKeys (ConfUtils.java:logGet(43)) - raft.server.log.statemachine.data.caching.enabled = true (custom)
2019-06-13 03:15:09,414 INFO  server.RaftServerConfigKeys (ConfUtils.java:logGet(43)) - raft.server.snapshot.auto.trigger.enabled = true (custom)
2019-06-13 03:15:09,414 INFO  util.JmxRegister (JmxRegister.java:tryRegister(44)) - Successfully registered JMX Bean with object name Ratis:service=RaftServer,group=group-F90EE6274CD8,id=c9fd1d43-a4d3-44d1-badd-79ad6b07b01d
2019-06-13 03:15:09,414 INFO  server.RaftServerConfigKeys (ConfUtils.java:logGet(43)) - raft.server.snapshot.auto.trigger.threshold = 10000 (custom)
2019-06-13 03:15:09,417 INFO  server.RaftServerConfigKeys (ConfUtils.java:logGet(43)) - raft.server.snapshot.auto.trigger.enabled = true (custom)
2019-06-13 03:15:09,417 INFO  server.RaftServerConfigKeys (ConfUtils.java:logGet(43)) - raft.server.retrycache.expirytime = 600000ms (custom)
2019-06-13 03:15:09,418 INFO  impl.RaftServerImpl (RaftServerImpl.java:start(173)) - d6326e29-3bcf-4b22-b72a-618adb67091a: start group-F90EE6274CD8
2019-06-13 03:15:09,418 INFO  server.RaftServerConfigKeys (ConfUtils.java:logGet(43)) - raft.server.snapshot.auto.trigger.threshold = 10000 (custom)
2019-06-13 03:15:09,418 INFO  impl.RaftServerImpl (RaftServerImpl.java:setRole(164)) - d6326e29-3bcf-4b22-b72a-618adb67091a:group-F90EE6274CD8 changes role from null to FOLLOWER at term 0 for startAsFollower
2019-06-13 03:15:09,418 INFO  server.RaftServerConfigKeys (ConfUtils.java:logGet(43)) - raft.server.retrycache.expirytime = 600000ms (custom)
2019-06-13 03:15:09,418 INFO  impl.RoleInfo (RoleInfo.java:updateAndGet(143)) - d6326e29-3bcf-4b22-b72a-618adb67091a: start FollowerState
2019-06-13 03:15:09,418 INFO  impl.RaftServerImpl (RaftServerImpl.java:start(173)) - b8dc3939-bc19-4d04-9ba3-3a6990f6ac0d: start group-F90EE6274CD8
2019-06-13 03:15:09,418 INFO  impl.RaftServerImpl (RaftServerImpl.java:setRole(164)) - b8dc3939-bc19-4d04-9ba3-3a6990f6ac0d:group-F90EE6274CD8 changes role from null to FOLLOWER at term 0 for startAsFollower
2019-06-13 03:15:09,418 INFO  util.JmxRegister (JmxRegister.java:tryRegister(44)) - Successfully registered JMX Bean with object name Ratis:service=RaftServer,group=group-F90EE6274CD8,id=d6326e29-3bcf-4b22-b72a-618adb67091a
2019-06-13 03:15:09,418 INFO  impl.RoleInfo (RoleInfo.java:updateAndGet(143)) - b8dc3939-bc19-4d04-9ba3-3a6990f6ac0d: start FollowerState
2019-06-13 03:15:09,423 INFO  util.JmxRegister (JmxRegister.java:tryRegister(44)) - Successfully registered JMX Bean with object name Ratis:service=RaftServer,group=group-F90EE6274CD8,id=b8dc3939-bc19-4d04-9ba3-3a6990f6ac0d
2019-06-13 03:15:09,439 INFO  pipeline.PipelineStateManager (PipelineStateManager.java:addPipeline(56)) - Created pipeline Pipeline[ Id: 2119d7d3-2f0c-4f36-be17-f90ee6274cd8, Nodes: c9fd1d43-a4d3-44d1-badd-79ad6b07b01d{ip: 192.168.46.12, host: ozone-wgs2n-993647214, networkLocation: /default-rack, certSerialId: null}b8dc3939-bc19-4d04-9ba3-3a6990f6ac0d{ip: 192.168.46.12, host: ozone-wgs2n-993647214, networkLocation: /default-rack, certSerialId: null}d6326e29-3bcf-4b22-b72a-618adb67091a{ip: 192.168.46.12, host: ozone-wgs2n-993647214, networkLocation: /default-rack, certSerialId: null}, Type:RATIS, Factor:THREE, State:OPEN]
2019-06-13 03:15:09,498 INFO  node.SCMNodeManager (SCMNodeManager.java:register(234)) - Registered Data node : 19b52c2b-2544-444d-879d-870d3cfbd3de{ip: 192.168.46.12, host: ozone-wgs2n-993647214, networkLocation: /default-rack, certSerialId: null}
2019-06-13 03:15:09,513 INFO  impl.RaftServerProxy (RaftServerProxy.java:addNew(89)) - 19b52c2b-2544-444d-879d-870d3cfbd3de: addNew group-84D2CE4A4051:[19b52c2b-2544-444d-879d-870d3cfbd3de:192.168.46.12:41151] returns group-84D2CE4A4051:java.util.concurrent.CompletableFuture@517d59b[Not completed]
2019-06-13 03:15:09,515 INFO  impl.RaftServerImpl (RaftServerImpl.java:<init>(91)) - 19b52c2b-2544-444d-879d-870d3cfbd3de: new RaftServerImpl for group-84D2CE4A4051:[19b52c2b-2544-444d-879d-870d3cfbd3de:192.168.46.12:41151] with ContainerStateMachine:uninitialized
2019-06-13 03:15:09,515 INFO  server.RaftServerConfigKeys (ConfUtils.java:logGet(43)) - raft.server.rpc.timeout.min = 1s (custom)
2019-06-13 03:15:09,515 INFO  server.RaftServerConfigKeys (ConfUtils.java:logGet(43)) - raft.server.rpc.timeout.max = 1200ms (custom)
2019-06-13 03:15:09,515 INFO  server.RaftServerConfigKeys (ConfUtils.java:logGet(43)) - raft.server.rpcslowness.timeout = 10s (custom)
2019-06-13 03:15:09,515 INFO  server.RaftServerConfigKeys (ConfUtils.java:logGet(43)) - raft.server.log.appender.install.snapshot.enabled = true (default)
2019-06-13 03:15:09,515 INFO  impl.RaftServerImpl (ServerState.java:<init>(101)) - 19b52c2b-2544-444d-879d-870d3cfbd3de:group-84D2CE4A4051 ConfigurationManager, init=-1: [19b52c2b-2544-444d-879d-870d3cfbd3de:192.168.46.12:41151], old=null, confs=<EMPTY_MAP>
2019-06-13 03:15:09,516 INFO  server.RaftServerConfigKeys (ConfUtils.java:logGet(43)) - raft.server.storage.dir = [/opt/src/hadoop-ozone/integration-test/target/test-dir/MiniOzoneClusterImpl-0e4b8df3-cca7-4e63-b520-807b66dfe29c/datanode-4/data/ratis] (custom)
2019-06-13 03:15:09,516 INFO  storage.RaftStorageDirectory (RaftStorageDirectory.java:analyzeStorage(246)) - The storage directory /opt/src/hadoop-ozone/integration-test/target/test-dir/MiniOzoneClusterImpl-0e4b8df3-cca7-4e63-b520-807b66dfe29c/datanode-4/data/ratis/c06774cb-ad86-4d4e-bbbc-84d2ce4a4051 does not exist. Creating ...
2019-06-13 03:15:09,518 INFO  storage.RaftStorageDirectory (RaftStorageDirectory.java:tryLock(328)) - Lock on /opt/src/hadoop-ozone/integration-test/target/test-dir/MiniOzoneClusterImpl-0e4b8df3-cca7-4e63-b520-807b66dfe29c/datanode-4/data/ratis/c06774cb-ad86-4d4e-bbbc-84d2ce4a4051/in_use.lock acquired by nodename 10145@ozone-wgs2n-993647214
2019-06-13 03:15:09,520 INFO  storage.RaftStorage (RaftStorage.java:format(75)) - Storage directory /opt/src/hadoop-ozone/integration-test/target/test-dir/MiniOzoneClusterImpl-0e4b8df3-cca7-4e63-b520-807b66dfe29c/datanode-4/data/ratis/c06774cb-ad86-4d4e-bbbc-84d2ce4a4051 has been successfully formatted.
2019-06-13 03:15:09,520 INFO  ratis.ContainerStateMachine (ContainerStateMachine.java:loadSnapshot(199)) - The snapshot info is null.Setting the last applied index to:(t:0, i:~)
2019-06-13 03:15:09,520 INFO  server.RaftServerConfigKeys (ConfUtils.java:logGet(43)) - raft.server.leader.election.timeout = 10s (custom)
2019-06-13 03:15:09,520 INFO  server.RaftServerConfigKeys (ConfUtils.java:logGet(43)) - raft.server.log.use.memory = false (default)
2019-06-13 03:15:09,520 INFO  server.RaftServerConfigKeys (ConfUtils.java:logGet(43)) - raft.server.log.appender.buffer.byte-limit = 33554432 (custom)
2019-06-13 03:15:09,520 INFO  server.RaftServerConfigKeys (ConfUtils.java:logGet(43)) - raft.server.log.segment.size.max = 16384 (custom)
2019-06-13 03:15:09,520 INFO  server.RaftServerConfigKeys (ConfUtils.java:logGet(43)) - raft.server.log.segment.cache.num.max = 2 (custom)
2019-06-13 03:15:09,520 INFO  storage.RaftLogWorker (RaftLogWorker.java:<init>(123)) - new 19b52c2b-2544-444d-879d-870d3cfbd3de-RaftLogWorker for Storage Directory /opt/src/hadoop-ozone/integration-test/target/test-dir/MiniOzoneClusterImpl-0e4b8df3-cca7-4e63-b520-807b66dfe29c/datanode-4/data/ratis/c06774cb-ad86-4d4e-bbbc-84d2ce4a4051
2019-06-13 03:15:09,521 INFO  server.RaftServerConfigKeys (ConfUtils.java:logGet(43)) - raft.server.log.queue.byte-limit = 2147483647 (custom)
2019-06-13 03:15:09,521 INFO  server.RaftServerConfigKeys (ConfUtils.java:logGet(43)) - raft.server.log.queue.element-limit = 1024 (custom)
2019-06-13 03:15:09,521 INFO  server.RaftServerConfigKeys (ConfUtils.java:logGet(43)) - raft.server.log.segment.size.max = 16384 (custom)
2019-06-13 03:15:09,521 INFO  server.RaftServerConfigKeys (ConfUtils.java:logGet(43)) - raft.server.log.preallocated.size = 16384 (custom)
2019-06-13 03:15:09,521 INFO  server.RaftServerConfigKeys (ConfUtils.java:logGet(43)) - raft.server.log.write.buffer.size = 33554432 (custom)
2019-06-13 03:15:09,521 INFO  server.RaftServerConfigKeys (ConfUtils.java:logGet(43)) - raft.server.log.force.sync.num = 128 (default)
2019-06-13 03:15:09,521 INFO  server.RaftServerConfigKeys (ConfUtils.java:logGet(43)) - raft.server.log.statemachine.data.sync = true (default)
2019-06-13 03:15:09,521 INFO  server.RaftServerConfigKeys (ConfUtils.java:logGet(43)) - raft.server.log.statemachine.data.sync.timeout = 10s (default)
2019-06-13 03:15:09,521 INFO  server.RaftServerConfigKeys (ConfUtils.java:logGet(43)) - raft.server.log.statemachine.data.sync.timeout.retry = -1 (default)
2019-06-13 03:15:09,522 INFO  server.RaftServerConfigKeys (ConfUtils.java:logGet(43)) - raft.server.log.statemachine.data.caching.enabled = true (custom)
2019-06-13 03:15:09,522 INFO  server.RaftServerConfigKeys (ConfUtils.java:logGet(43)) - raft.server.snapshot.auto.trigger.enabled = true (custom)
2019-06-13 03:15:09,522 INFO  server.RaftServerConfigKeys (ConfUtils.java:logGet(43)) - raft.server.snapshot.auto.trigger.threshold = 10000 (custom)
2019-06-13 03:15:09,522 INFO  server.RaftServerConfigKeys (ConfUtils.java:logGet(43)) - raft.server.retrycache.expirytime = 600000ms (custom)
2019-06-13 03:15:09,522 INFO  impl.RaftServerImpl (RaftServerImpl.java:start(173)) - 19b52c2b-2544-444d-879d-870d3cfbd3de: start group-84D2CE4A4051
2019-06-13 03:15:09,523 INFO  impl.RaftServerImpl (RaftServerImpl.java:setRole(164)) - 19b52c2b-2544-444d-879d-870d3cfbd3de:group-84D2CE4A4051 changes role from null to FOLLOWER at term 0 for startAsFollower
2019-06-13 03:15:09,523 INFO  impl.RoleInfo (RoleInfo.java:updateAndGet(143)) - 19b52c2b-2544-444d-879d-870d3cfbd3de: start FollowerState
2019-06-13 03:15:09,523 INFO  util.JmxRegister (JmxRegister.java:tryRegister(44)) - Successfully registered JMX Bean with object name Ratis:service=RaftServer,group=group-84D2CE4A4051,id=19b52c2b-2544-444d-879d-870d3cfbd3de
2019-06-13 03:15:09,527 INFO  pipeline.PipelineStateManager (PipelineStateManager.java:addPipeline(56)) - Created pipeline Pipeline[ Id: c06774cb-ad86-4d4e-bbbc-84d2ce4a4051, Nodes: 19b52c2b-2544-444d-879d-870d3cfbd3de{ip: 192.168.46.12, host: ozone-wgs2n-993647214, networkLocation: /default-rack, certSerialId: null}, Type:RATIS, Factor:ONE, State:OPEN]
2019-06-13 03:15:09,698 INFO  ozone.MiniOzoneClusterImpl (MiniOzoneClusterImpl.java:lambda$waitForClusterToBeReady$0(142)) - Waiting for cluster to be ready. Got 5 of 6 DN Heartbeats.
2019-06-13 03:15:09,700 INFO  node.SCMNodeManager (SCMNodeManager.java:register(234)) - Registered Data node : f56df964-143c-443a-ad3f-34b55ce0e188{ip: 192.168.46.12, host: ozone-wgs2n-993647214, networkLocation: /default-rack, certSerialId: null}
2019-06-13 03:15:09,711 INFO  impl.RaftServerProxy (RaftServerProxy.java:addNew(89)) - f56df964-143c-443a-ad3f-34b55ce0e188: addNew group-B22C7CDB52DF:[f56df964-143c-443a-ad3f-34b55ce0e188:192.168.46.12:34775] returns group-B22C7CDB52DF:java.util.concurrent.CompletableFuture@5eb89795[Not completed]
2019-06-13 03:15:09,712 INFO  impl.RaftServerImpl (RaftServerImpl.java:<init>(91)) - f56df964-143c-443a-ad3f-34b55ce0e188: new RaftServerImpl for group-B22C7CDB52DF:[f56df964-143c-443a-ad3f-34b55ce0e188:192.168.46.12:34775] with ContainerStateMachine:uninitialized
2019-06-13 03:15:09,712 INFO  server.RaftServerConfigKeys (ConfUtils.java:logGet(43)) - raft.server.rpc.timeout.min = 1s (custom)
2019-06-13 03:15:09,712 INFO  server.RaftServerConfigKeys (ConfUtils.java:logGet(43)) - raft.server.rpc.timeout.max = 1200ms (custom)
2019-06-13 03:15:09,712 INFO  server.RaftServerConfigKeys (ConfUtils.java:logGet(43)) - raft.server.rpcslowness.timeout = 10s (custom)
2019-06-13 03:15:09,712 INFO  server.RaftServerConfigKeys (ConfUtils.java:logGet(43)) - raft.server.log.appender.install.snapshot.enabled = true (default)
2019-06-13 03:15:09,712 INFO  impl.RaftServerImpl (ServerState.java:<init>(101)) - f56df964-143c-443a-ad3f-34b55ce0e188:group-B22C7CDB52DF ConfigurationManager, init=-1: [f56df964-143c-443a-ad3f-34b55ce0e188:192.168.46.12:34775], old=null, confs=<EMPTY_MAP>
2019-06-13 03:15:09,712 INFO  server.RaftServerConfigKeys (ConfUtils.java:logGet(43)) - raft.server.storage.dir = [/opt/src/hadoop-ozone/integration-test/target/test-dir/MiniOzoneClusterImpl-0e4b8df3-cca7-4e63-b520-807b66dfe29c/datanode-5/data/ratis] (custom)
2019-06-13 03:15:09,712 INFO  storage.RaftStorageDirectory (RaftStorageDirectory.java:analyzeStorage(246)) - The storage directory /opt/src/hadoop-ozone/integration-test/target/test-dir/MiniOzoneClusterImpl-0e4b8df3-cca7-4e63-b520-807b66dfe29c/datanode-5/data/ratis/4047bb81-d9be-48f8-b79a-b22c7cdb52df does not exist. Creating ...
2019-06-13 03:15:09,714 INFO  storage.RaftStorageDirectory (RaftStorageDirectory.java:tryLock(328)) - Lock on /opt/src/hadoop-ozone/integration-test/target/test-dir/MiniOzoneClusterImpl-0e4b8df3-cca7-4e63-b520-807b66dfe29c/datanode-5/data/ratis/4047bb81-d9be-48f8-b79a-b22c7cdb52df/in_use.lock acquired by nodename 10145@ozone-wgs2n-993647214
2019-06-13 03:15:09,716 INFO  storage.RaftStorage (RaftStorage.java:format(75)) - Storage directory /opt/src/hadoop-ozone/integration-test/target/test-dir/MiniOzoneClusterImpl-0e4b8df3-cca7-4e63-b520-807b66dfe29c/datanode-5/data/ratis/4047bb81-d9be-48f8-b79a-b22c7cdb52df has been successfully formatted.
2019-06-13 03:15:09,716 INFO  ratis.ContainerStateMachine (ContainerStateMachine.java:loadSnapshot(199)) - The snapshot info is null.Setting the last applied index to:(t:0, i:~)
2019-06-13 03:15:09,716 INFO  server.RaftServerConfigKeys (ConfUtils.java:logGet(43)) - raft.server.leader.election.timeout = 10s (custom)
2019-06-13 03:15:09,716 INFO  server.RaftServerConfigKeys (ConfUtils.java:logGet(43)) - raft.server.log.use.memory = false (default)
2019-06-13 03:15:09,717 INFO  server.RaftServerConfigKeys (ConfUtils.java:logGet(43)) - raft.server.log.appender.buffer.byte-limit = 33554432 (custom)
2019-06-13 03:15:09,717 INFO  server.RaftServerConfigKeys (ConfUtils.java:logGet(43)) - raft.server.log.segment.size.max = 16384 (custom)
2019-06-13 03:15:09,717 INFO  server.RaftServerConfigKeys (ConfUtils.java:logGet(43)) - raft.server.log.segment.cache.num.max = 2 (custom)
2019-06-13 03:15:09,717 INFO  storage.RaftLogWorker (RaftLogWorker.java:<init>(123)) - new f56df964-143c-443a-ad3f-34b55ce0e188-RaftLogWorker for Storage Directory /opt/src/hadoop-ozone/integration-test/target/test-dir/MiniOzoneClusterImpl-0e4b8df3-cca7-4e63-b520-807b66dfe29c/datanode-5/data/ratis/4047bb81-d9be-48f8-b79a-b22c7cdb52df
2019-06-13 03:15:09,717 INFO  server.RaftServerConfigKeys (ConfUtils.java:logGet(43)) - raft.server.log.queue.byte-limit = 2147483647 (custom)
2019-06-13 03:15:09,717 INFO  server.RaftServerConfigKeys (ConfUtils.java:logGet(43)) - raft.server.log.queue.element-limit = 1024 (custom)
2019-06-13 03:15:09,717 INFO  server.RaftServerConfigKeys (ConfUtils.java:logGet(43)) - raft.server.log.segment.size.max = 16384 (custom)
2019-06-13 03:15:09,717 INFO  server.RaftServerConfigKeys (ConfUtils.java:logGet(43)) - raft.server.log.preallocated.size = 16384 (custom)
2019-06-13 03:15:09,717 INFO  server.RaftServerConfigKeys (ConfUtils.java:logGet(43)) - raft.server.log.write.buffer.size = 33554432 (custom)
2019-06-13 03:15:09,717 INFO  server.RaftServerConfigKeys (ConfUtils.java:logGet(43)) - raft.server.log.force.sync.num = 128 (default)
2019-06-13 03:15:09,718 INFO  server.RaftServerConfigKeys (ConfUtils.java:logGet(43)) - raft.server.log.statemachine.data.sync = true (default)
2019-06-13 03:15:09,718 INFO  server.RaftServerConfigKeys (ConfUtils.java:logGet(43)) - raft.server.log.statemachine.data.sync.timeout = 10s (default)
2019-06-13 03:15:09,718 INFO  server.RaftServerConfigKeys (ConfUtils.java:logGet(43)) - raft.server.log.statemachine.data.sync.timeout.retry = -1 (default)
2019-06-13 03:15:09,718 INFO  server.RaftServerConfigKeys (ConfUtils.java:logGet(43)) - raft.server.log.statemachine.data.caching.enabled = true (custom)
2019-06-13 03:15:09,718 INFO  server.RaftServerConfigKeys (ConfUtils.java:logGet(43)) - raft.server.snapshot.auto.trigger.enabled = true (custom)
2019-06-13 03:15:09,718 INFO  server.RaftServerConfigKeys (ConfUtils.java:logGet(43)) - raft.server.snapshot.auto.trigger.threshold = 10000 (custom)
2019-06-13 03:15:09,718 INFO  server.RaftServerConfigKeys (ConfUtils.java:logGet(43)) - raft.server.retrycache.expirytime = 600000ms (custom)
2019-06-13 03:15:09,718 INFO  impl.RaftServerImpl (RaftServerImpl.java:start(173)) - f56df964-143c-443a-ad3f-34b55ce0e188: start group-B22C7CDB52DF
2019-06-13 03:15:09,719 INFO  impl.RaftServerImpl (RaftServerImpl.java:setRole(164)) - f56df964-143c-443a-ad3f-34b55ce0e188:group-B22C7CDB52DF changes role from null to FOLLOWER at term 0 for startAsFollower
2019-06-13 03:15:09,719 INFO  impl.RoleInfo (RoleInfo.java:updateAndGet(143)) - f56df964-143c-443a-ad3f-34b55ce0e188: start FollowerState
2019-06-13 03:15:09,719 INFO  util.JmxRegister (JmxRegister.java:tryRegister(44)) - Successfully registered JMX Bean with object name Ratis:service=RaftServer,group=group-B22C7CDB52DF,id=f56df964-143c-443a-ad3f-34b55ce0e188
2019-06-13 03:15:09,724 INFO  pipeline.PipelineStateManager (PipelineStateManager.java:addPipeline(56)) - Created pipeline Pipeline[ Id: 4047bb81-d9be-48f8-b79a-b22c7cdb52df, Nodes: f56df964-143c-443a-ad3f-34b55ce0e188{ip: 192.168.46.12, host: ozone-wgs2n-993647214, networkLocation: /default-rack, certSerialId: null}, Type:RATIS, Factor:ONE, State:OPEN]
2019-06-13 03:15:09,741 INFO  impl.RaftServerProxy (RaftServerProxy.java:addNew(89)) - f56df964-143c-443a-ad3f-34b55ce0e188: addNew group-891ADFBDECB6:[f56df964-143c-443a-ad3f-34b55ce0e188:192.168.46.12:34775, b732b1b2-c7b5-40a7-bd2a-e39a0a289ab7:192.168.46.12:41817, 19b52c2b-2544-444d-879d-870d3cfbd3de:192.168.46.12:41151] returns group-891ADFBDECB6:java.util.concurrent.CompletableFuture@37487c3e[Not completed]
2019-06-13 03:15:09,743 INFO  impl.RaftServerImpl (RaftServerImpl.java:<init>(91)) - f56df964-143c-443a-ad3f-34b55ce0e188: new RaftServerImpl for group-891ADFBDECB6:[f56df964-143c-443a-ad3f-34b55ce0e188:192.168.46.12:34775, b732b1b2-c7b5-40a7-bd2a-e39a0a289ab7:192.168.46.12:41817, 19b52c2b-2544-444d-879d-870d3cfbd3de:192.168.46.12:41151] with ContainerStateMachine:uninitialized
2019-06-13 03:15:09,743 INFO  server.RaftServerConfigKeys (ConfUtils.java:logGet(43)) - raft.server.rpc.timeout.min = 1s (custom)
2019-06-13 03:15:09,743 INFO  server.RaftServerConfigKeys (ConfUtils.java:logGet(43)) - raft.server.rpc.timeout.max = 1200ms (custom)
2019-06-13 03:15:09,743 INFO  server.RaftServerConfigKeys (ConfUtils.java:logGet(43)) - raft.server.rpcslowness.timeout = 10s (custom)
2019-06-13 03:15:09,743 INFO  server.RaftServerConfigKeys (ConfUtils.java:logGet(43)) - raft.server.log.appender.install.snapshot.enabled = true (default)
2019-06-13 03:15:09,744 INFO  impl.RaftServerImpl (ServerState.java:<init>(101)) - f56df964-143c-443a-ad3f-34b55ce0e188:group-891ADFBDECB6 ConfigurationManager, init=-1: [f56df964-143c-443a-ad3f-34b55ce0e188:192.168.46.12:34775, b732b1b2-c7b5-40a7-bd2a-e39a0a289ab7:192.168.46.12:41817, 19b52c2b-2544-444d-879d-870d3cfbd3de:192.168.46.12:41151], old=null, confs=<EMPTY_MAP>
2019-06-13 03:15:09,744 INFO  server.RaftServerConfigKeys (ConfUtils.java:logGet(43)) - raft.server.storage.dir = [/opt/src/hadoop-ozone/integration-test/target/test-dir/MiniOzoneClusterImpl-0e4b8df3-cca7-4e63-b520-807b66dfe29c/datanode-5/data/ratis] (custom)
2019-06-13 03:15:09,745 INFO  storage.RaftStorageDirectory (RaftStorageDirectory.java:analyzeStorage(246)) - The storage directory /opt/src/hadoop-ozone/integration-test/target/test-dir/MiniOzoneClusterImpl-0e4b8df3-cca7-4e63-b520-807b66dfe29c/datanode-5/data/ratis/472dded5-567d-4927-8ecc-891adfbdecb6 does not exist. Creating ...
2019-06-13 03:15:09,746 INFO  impl.RaftServerProxy (RaftServerProxy.java:addNew(89)) - 19b52c2b-2544-444d-879d-870d3cfbd3de: addNew group-891ADFBDECB6:[f56df964-143c-443a-ad3f-34b55ce0e188:192.168.46.12:34775, b732b1b2-c7b5-40a7-bd2a-e39a0a289ab7:192.168.46.12:41817, 19b52c2b-2544-444d-879d-870d3cfbd3de:192.168.46.12:41151] returns group-891ADFBDECB6:java.util.concurrent.CompletableFuture@3377fe0f[Not completed]
2019-06-13 03:15:09,746 INFO  impl.RaftServerImpl (RaftServerImpl.java:<init>(91)) - 19b52c2b-2544-444d-879d-870d3cfbd3de: new RaftServerImpl for group-891ADFBDECB6:[f56df964-143c-443a-ad3f-34b55ce0e188:192.168.46.12:34775, b732b1b2-c7b5-40a7-bd2a-e39a0a289ab7:192.168.46.12:41817, 19b52c2b-2544-444d-879d-870d3cfbd3de:192.168.46.12:41151] with ContainerStateMachine:uninitialized
2019-06-13 03:15:09,746 INFO  server.RaftServerConfigKeys (ConfUtils.java:logGet(43)) - raft.server.rpc.timeout.min = 1s (custom)
2019-06-13 03:15:09,747 INFO  server.RaftServerConfigKeys (ConfUtils.java:logGet(43)) - raft.server.rpc.timeout.max = 1200ms (custom)
2019-06-13 03:15:09,747 INFO  server.RaftServerConfigKeys (ConfUtils.java:logGet(43)) - raft.server.rpcslowness.timeout = 10s (custom)
2019-06-13 03:15:09,747 INFO  server.RaftServerConfigKeys (ConfUtils.java:logGet(43)) - raft.server.log.appender.install.snapshot.enabled = true (default)
2019-06-13 03:15:09,747 INFO  impl.RaftServerImpl (ServerState.java:<init>(101)) - 19b52c2b-2544-444d-879d-870d3cfbd3de:group-891ADFBDECB6 ConfigurationManager, init=-1: [f56df964-143c-443a-ad3f-34b55ce0e188:192.168.46.12:34775, b732b1b2-c7b5-40a7-bd2a-e39a0a289ab7:192.168.46.12:41817, 19b52c2b-2544-444d-879d-870d3cfbd3de:192.168.46.12:41151], old=null, confs=<EMPTY_MAP>
2019-06-13 03:15:09,747 INFO  server.RaftServerConfigKeys (ConfUtils.java:logGet(43)) - raft.server.storage.dir = [/opt/src/hadoop-ozone/integration-test/target/test-dir/MiniOzoneClusterImpl-0e4b8df3-cca7-4e63-b520-807b66dfe29c/datanode-4/data/ratis] (custom)
2019-06-13 03:15:09,747 INFO  storage.RaftStorageDirectory (RaftStorageDirectory.java:tryLock(328)) - Lock on /opt/src/hadoop-ozone/integration-test/target/test-dir/MiniOzoneClusterImpl-0e4b8df3-cca7-4e63-b520-807b66dfe29c/datanode-5/data/ratis/472dded5-567d-4927-8ecc-891adfbdecb6/in_use.lock acquired by nodename 10145@ozone-wgs2n-993647214
2019-06-13 03:15:09,747 INFO  storage.RaftStorageDirectory (RaftStorageDirectory.java:analyzeStorage(246)) - The storage directory /opt/src/hadoop-ozone/integration-test/target/test-dir/MiniOzoneClusterImpl-0e4b8df3-cca7-4e63-b520-807b66dfe29c/datanode-4/data/ratis/472dded5-567d-4927-8ecc-891adfbdecb6 does not exist. Creating ...
2019-06-13 03:15:09,748 INFO  impl.RaftServerProxy (RaftServerProxy.java:addNew(89)) - b732b1b2-c7b5-40a7-bd2a-e39a0a289ab7: addNew group-891ADFBDECB6:[f56df964-143c-443a-ad3f-34b55ce0e188:192.168.46.12:34775, b732b1b2-c7b5-40a7-bd2a-e39a0a289ab7:192.168.46.12:41817, 19b52c2b-2544-444d-879d-870d3cfbd3de:192.168.46.12:41151] returns group-891ADFBDECB6:java.util.concurrent.CompletableFuture@76757605[Not completed]
2019-06-13 03:15:09,749 INFO  impl.RaftServerImpl (RaftServerImpl.java:<init>(91)) - b732b1b2-c7b5-40a7-bd2a-e39a0a289ab7: new RaftServerImpl for group-891ADFBDECB6:[f56df964-143c-443a-ad3f-34b55ce0e188:192.168.46.12:34775, b732b1b2-c7b5-40a7-bd2a-e39a0a289ab7:192.168.46.12:41817, 19b52c2b-2544-444d-879d-870d3cfbd3de:192.168.46.12:41151] with ContainerStateMachine:uninitialized
2019-06-13 03:15:09,749 INFO  server.RaftServerConfigKeys (ConfUtils.java:logGet(43)) - raft.server.rpc.timeout.min = 1s (custom)
2019-06-13 03:15:09,749 INFO  storage.RaftStorageDirectory (RaftStorageDirectory.java:tryLock(328)) - Lock on /opt/src/hadoop-ozone/integration-test/target/test-dir/MiniOzoneClusterImpl-0e4b8df3-cca7-4e63-b520-807b66dfe29c/datanode-4/data/ratis/472dded5-567d-4927-8ecc-891adfbdecb6/in_use.lock acquired by nodename 10145@ozone-wgs2n-993647214
2019-06-13 03:15:09,749 INFO  server.RaftServerConfigKeys (ConfUtils.java:logGet(43)) - raft.server.rpc.timeout.max = 1200ms (custom)
2019-06-13 03:15:09,749 INFO  server.RaftServerConfigKeys (ConfUtils.java:logGet(43)) - raft.server.rpcslowness.timeout = 10s (custom)
2019-06-13 03:15:09,749 INFO  server.RaftServerConfigKeys (ConfUtils.java:logGet(43)) - raft.server.log.appender.install.snapshot.enabled = true (default)
2019-06-13 03:15:09,750 INFO  impl.RaftServerImpl (ServerState.java:<init>(101)) - b732b1b2-c7b5-40a7-bd2a-e39a0a289ab7:group-891ADFBDECB6 ConfigurationManager, init=-1: [f56df964-143c-443a-ad3f-34b55ce0e188:192.168.46.12:34775, b732b1b2-c7b5-40a7-bd2a-e39a0a289ab7:192.168.46.12:41817, 19b52c2b-2544-444d-879d-870d3cfbd3de:192.168.46.12:41151], old=null, confs=<EMPTY_MAP>
2019-06-13 03:15:09,750 INFO  server.RaftServerConfigKeys (ConfUtils.java:logGet(43)) - raft.server.storage.dir = [/opt/src/hadoop-ozone/integration-test/target/test-dir/MiniOzoneClusterImpl-0e4b8df3-cca7-4e63-b520-807b66dfe29c/datanode-3/data/ratis] (custom)
2019-06-13 03:15:09,750 INFO  storage.RaftStorageDirectory (RaftStorageDirectory.java:analyzeStorage(246)) - The storage directory /opt/src/hadoop-ozone/integration-test/target/test-dir/MiniOzoneClusterImpl-0e4b8df3-cca7-4e63-b520-807b66dfe29c/datanode-3/data/ratis/472dded5-567d-4927-8ecc-891adfbdecb6 does not exist. Creating ...
2019-06-13 03:15:09,751 INFO  storage.RaftStorage (RaftStorage.java:format(75)) - Storage directory /opt/src/hadoop-ozone/integration-test/target/test-dir/MiniOzoneClusterImpl-0e4b8df3-cca7-4e63-b520-807b66dfe29c/datanode-5/data/ratis/472dded5-567d-4927-8ecc-891adfbdecb6 has been successfully formatted.
2019-06-13 03:15:09,751 INFO  ratis.ContainerStateMachine (ContainerStateMachine.java:loadSnapshot(199)) - The snapshot info is null.Setting the last applied index to:(t:0, i:~)
2019-06-13 03:15:09,751 INFO  server.RaftServerConfigKeys (ConfUtils.java:logGet(43)) - raft.server.leader.election.timeout = 10s (custom)
2019-06-13 03:15:09,751 INFO  server.RaftServerConfigKeys (ConfUtils.java:logGet(43)) - raft.server.log.use.memory = false (default)
2019-06-13 03:15:09,751 INFO  server.RaftServerConfigKeys (ConfUtils.java:logGet(43)) - raft.server.log.appender.buffer.byte-limit = 33554432 (custom)
2019-06-13 03:15:09,751 INFO  storage.RaftStorage (RaftStorage.java:format(75)) - Storage directory /opt/src/hadoop-ozone/integration-test/target/test-dir/MiniOzoneClusterImpl-0e4b8df3-cca7-4e63-b520-807b66dfe29c/datanode-4/data/ratis/472dded5-567d-4927-8ecc-891adfbdecb6 has been successfully formatted.
2019-06-13 03:15:09,751 INFO  server.RaftServerConfigKeys (ConfUtils.java:logGet(43)) - raft.server.log.segment.size.max = 16384 (custom)
2019-06-13 03:15:09,752 INFO  server.RaftServerConfigKeys (ConfUtils.java:logGet(43)) - raft.server.log.segment.cache.num.max = 2 (custom)
2019-06-13 03:15:09,752 INFO  storage.RaftLogWorker (RaftLogWorker.java:<init>(123)) - new f56df964-143c-443a-ad3f-34b55ce0e188-RaftLogWorker for Storage Directory /opt/src/hadoop-ozone/integration-test/target/test-dir/MiniOzoneClusterImpl-0e4b8df3-cca7-4e63-b520-807b66dfe29c/datanode-5/data/ratis/472dded5-567d-4927-8ecc-891adfbdecb6
2019-06-13 03:15:09,752 INFO  server.RaftServerConfigKeys (ConfUtils.java:logGet(43)) - raft.server.log.queue.byte-limit = 2147483647 (custom)
2019-06-13 03:15:09,752 INFO  server.RaftServerConfigKeys (ConfUtils.java:logGet(43)) - raft.server.log.queue.element-limit = 1024 (custom)
2019-06-13 03:15:09,752 INFO  server.RaftServerConfigKeys (ConfUtils.java:logGet(43)) - raft.server.log.segment.size.max = 16384 (custom)
2019-06-13 03:15:09,752 INFO  ratis.ContainerStateMachine (ContainerStateMachine.java:loadSnapshot(199)) - The snapshot info is null.Setting the last applied index to:(t:0, i:~)
2019-06-13 03:15:09,752 INFO  server.RaftServerConfigKeys (ConfUtils.java:logGet(43)) - raft.server.log.preallocated.size = 16384 (custom)
2019-06-13 03:15:09,752 INFO  server.RaftServerConfigKeys (ConfUtils.java:logGet(43)) - raft.server.leader.election.timeout = 10s (custom)
2019-06-13 03:15:09,753 INFO  server.RaftServerConfigKeys (ConfUtils.java:logGet(43)) - raft.server.log.write.buffer.size = 33554432 (custom)
2019-06-13 03:15:09,753 INFO  storage.RaftStorageDirectory (RaftStorageDirectory.java:tryLock(328)) - Lock on /opt/src/hadoop-ozone/integration-test/target/test-dir/MiniOzoneClusterImpl-0e4b8df3-cca7-4e63-b520-807b66dfe29c/datanode-3/data/ratis/472dded5-567d-4927-8ecc-891adfbdecb6/in_use.lock acquired by nodename 10145@ozone-wgs2n-993647214
2019-06-13 03:15:09,753 INFO  server.RaftServerConfigKeys (ConfUtils.java:logGet(43)) - raft.server.log.force.sync.num = 128 (default)
2019-06-13 03:15:09,753 INFO  server.RaftServerConfigKeys (ConfUtils.java:logGet(43)) - raft.server.log.use.memory = false (default)
2019-06-13 03:15:09,753 INFO  server.RaftServerConfigKeys (ConfUtils.java:logGet(43)) - raft.server.log.appender.buffer.byte-limit = 33554432 (custom)
2019-06-13 03:15:09,754 INFO  server.RaftServerConfigKeys (ConfUtils.java:logGet(43)) - raft.server.log.segment.size.max = 16384 (custom)
2019-06-13 03:15:09,754 INFO  server.RaftServerConfigKeys (ConfUtils.java:logGet(43)) - raft.server.log.segment.cache.num.max = 2 (custom)
2019-06-13 03:15:09,754 INFO  storage.RaftLogWorker (RaftLogWorker.java:<init>(123)) - new 19b52c2b-2544-444d-879d-870d3cfbd3de-RaftLogWorker for Storage Directory /opt/src/hadoop-ozone/integration-test/target/test-dir/MiniOzoneClusterImpl-0e4b8df3-cca7-4e63-b520-807b66dfe29c/datanode-4/data/ratis/472dded5-567d-4927-8ecc-891adfbdecb6
2019-06-13 03:15:09,755 INFO  server.RaftServerConfigKeys (ConfUtils.java:logGet(43)) - raft.server.log.queue.byte-limit = 2147483647 (custom)
2019-06-13 03:15:09,755 INFO  server.RaftServerConfigKeys (ConfUtils.java:logGet(43)) - raft.server.log.queue.element-limit = 1024 (custom)
2019-06-13 03:15:09,755 INFO  server.RaftServerConfigKeys (ConfUtils.java:logGet(43)) - raft.server.log.segment.size.max = 16384 (custom)
2019-06-13 03:15:09,755 INFO  server.RaftServerConfigKeys (ConfUtils.java:logGet(43)) - raft.server.log.preallocated.size = 16384 (custom)
2019-06-13 03:15:09,755 INFO  server.RaftServerConfigKeys (ConfUtils.java:logGet(43)) - raft.server.log.write.buffer.size = 33554432 (custom)
2019-06-13 03:15:09,755 INFO  server.RaftServerConfigKeys (ConfUtils.java:logGet(43)) - raft.server.log.force.sync.num = 128 (default)
2019-06-13 03:15:09,755 INFO  server.RaftServerConfigKeys (ConfUtils.java:logGet(43)) - raft.server.log.statemachine.data.sync = true (default)
2019-06-13 03:15:09,755 INFO  server.RaftServerConfigKeys (ConfUtils.java:logGet(43)) - raft.server.log.statemachine.data.sync.timeout = 10s (default)
2019-06-13 03:15:09,755 INFO  server.RaftServerConfigKeys (ConfUtils.java:logGet(43)) - raft.server.log.statemachine.data.sync.timeout.retry = -1 (default)
2019-06-13 03:15:09,755 INFO  server.RaftServerConfigKeys (ConfUtils.java:logGet(43)) - raft.server.log.statemachine.data.caching.enabled = true (custom)
2019-06-13 03:15:09,756 INFO  server.RaftServerConfigKeys (ConfUtils.java:logGet(43)) - raft.server.log.statemachine.data.sync = true (default)
2019-06-13 03:15:09,755 INFO  storage.RaftStorage (RaftStorage.java:format(75)) - Storage directory /opt/src/hadoop-ozone/integration-test/target/test-dir/MiniOzoneClusterImpl-0e4b8df3-cca7-4e63-b520-807b66dfe29c/datanode-3/data/ratis/472dded5-567d-4927-8ecc-891adfbdecb6 has been successfully formatted.
2019-06-13 03:15:09,756 INFO  server.RaftServerConfigKeys (ConfUtils.java:logGet(43)) - raft.server.snapshot.auto.trigger.enabled = true (custom)
2019-06-13 03:15:09,756 INFO  server.RaftServerConfigKeys (ConfUtils.java:logGet(43)) - raft.server.log.statemachine.data.sync.timeout = 10s (default)
2019-06-13 03:15:09,756 INFO  server.RaftServerConfigKeys (ConfUtils.java:logGet(43)) - raft.server.snapshot.auto.trigger.threshold = 10000 (custom)
2019-06-13 03:15:09,756 INFO  server.RaftServerConfigKeys (ConfUtils.java:logGet(43)) - raft.server.retrycache.expirytime = 600000ms (custom)
2019-06-13 03:15:09,757 INFO  impl.RaftServerImpl (RaftServerImpl.java:start(173)) - 19b52c2b-2544-444d-879d-870d3cfbd3de: start group-891ADFBDECB6
2019-06-13 03:15:09,757 INFO  impl.RaftServerImpl (RaftServerImpl.java:setRole(164)) - 19b52c2b-2544-444d-879d-870d3cfbd3de:group-891ADFBDECB6 changes role from null to FOLLOWER at term 0 for startAsFollower
2019-06-13 03:15:09,757 INFO  impl.RoleInfo (RoleInfo.java:updateAndGet(143)) - 19b52c2b-2544-444d-879d-870d3cfbd3de: start FollowerState
2019-06-13 03:15:09,756 INFO  ratis.ContainerStateMachine (ContainerStateMachine.java:loadSnapshot(199)) - The snapshot info is null.Setting the last applied index to:(t:0, i:~)
2019-06-13 03:15:09,757 INFO  server.RaftServerConfigKeys (ConfUtils.java:logGet(43)) - raft.server.leader.election.timeout = 10s (custom)
2019-06-13 03:15:09,757 INFO  util.JmxRegister (JmxRegister.java:tryRegister(44)) - Successfully registered JMX Bean with object name Ratis:service=RaftServer,group=group-891ADFBDECB6,id=19b52c2b-2544-444d-879d-870d3cfbd3de
2019-06-13 03:15:09,757 INFO  server.RaftServerConfigKeys (ConfUtils.java:logGet(43)) - raft.server.log.statemachine.data.sync.timeout.retry = -1 (default)
2019-06-13 03:15:09,757 INFO  server.RaftServerConfigKeys (ConfUtils.java:logGet(43)) - raft.server.log.statemachine.data.caching.enabled = true (custom)
2019-06-13 03:15:09,757 INFO  server.RaftServerConfigKeys (ConfUtils.java:logGet(43)) - raft.server.log.use.memory = false (default)
2019-06-13 03:15:09,758 INFO  server.RaftServerConfigKeys (ConfUtils.java:logGet(43)) - raft.server.log.appender.buffer.byte-limit = 33554432 (custom)
2019-06-13 03:15:09,758 INFO  server.RaftServerConfigKeys (ConfUtils.java:logGet(43)) - raft.server.log.segment.size.max = 16384 (custom)
2019-06-13 03:15:09,758 INFO  server.RaftServerConfigKeys (ConfUtils.java:logGet(43)) - raft.server.log.segment.cache.num.max = 2 (custom)
2019-06-13 03:15:09,758 INFO  storage.RaftLogWorker (RaftLogWorker.java:<init>(123)) - new b732b1b2-c7b5-40a7-bd2a-e39a0a289ab7-RaftLogWorker for Storage Directory /opt/src/hadoop-ozone/integration-test/target/test-dir/MiniOzoneClusterImpl-0e4b8df3-cca7-4e63-b520-807b66dfe29c/datanode-3/data/ratis/472dded5-567d-4927-8ecc-891adfbdecb6
2019-06-13 03:15:09,758 INFO  server.RaftServerConfigKeys (ConfUtils.java:logGet(43)) - raft.server.log.queue.byte-limit = 2147483647 (custom)
2019-06-13 03:15:09,758 INFO  server.RaftServerConfigKeys (ConfUtils.java:logGet(43)) - raft.server.log.queue.element-limit = 1024 (custom)
2019-06-13 03:15:09,758 INFO  server.RaftServerConfigKeys (ConfUtils.java:logGet(43)) - raft.server.log.segment.size.max = 16384 (custom)
2019-06-13 03:15:09,758 INFO  server.RaftServerConfigKeys (ConfUtils.java:logGet(43)) - raft.server.log.preallocated.size = 16384 (custom)
2019-06-13 03:15:09,758 INFO  server.RaftServerConfigKeys (ConfUtils.java:logGet(43)) - raft.server.log.write.buffer.size = 33554432 (custom)
2019-06-13 03:15:09,758 INFO  server.RaftServerConfigKeys (ConfUtils.java:logGet(43)) - raft.server.log.force.sync.num = 128 (default)
2019-06-13 03:15:09,758 INFO  server.RaftServerConfigKeys (ConfUtils.java:logGet(43)) - raft.server.log.statemachine.data.sync = true (default)
2019-06-13 03:15:09,759 INFO  server.RaftServerConfigKeys (ConfUtils.java:logGet(43)) - raft.server.log.statemachine.data.sync.timeout = 10s (default)
2019-06-13 03:15:09,759 INFO  server.RaftServerConfigKeys (ConfUtils.java:logGet(43)) - raft.server.log.statemachine.data.sync.timeout.retry = -1 (default)
2019-06-13 03:15:09,765 INFO  server.RaftServerConfigKeys (ConfUtils.java:logGet(43)) - raft.server.snapshot.auto.trigger.enabled = true (custom)
2019-06-13 03:15:09,766 INFO  server.RaftServerConfigKeys (ConfUtils.java:logGet(43)) - raft.server.snapshot.auto.trigger.threshold = 10000 (custom)
2019-06-13 03:15:09,766 INFO  server.RaftServerConfigKeys (ConfUtils.java:logGet(43)) - raft.server.retrycache.expirytime = 600000ms (custom)
2019-06-13 03:15:09,766 INFO  impl.RaftServerImpl (RaftServerImpl.java:start(173)) - f56df964-143c-443a-ad3f-34b55ce0e188: start group-891ADFBDECB6
2019-06-13 03:15:09,766 INFO  impl.RaftServerImpl (RaftServerImpl.java:setRole(164)) - f56df964-143c-443a-ad3f-34b55ce0e188:group-891ADFBDECB6 changes role from null to FOLLOWER at term 0 for startAsFollower
2019-06-13 03:15:09,766 INFO  impl.RoleInfo (RoleInfo.java:updateAndGet(143)) - f56df964-143c-443a-ad3f-34b55ce0e188: start FollowerState
2019-06-13 03:15:09,767 INFO  server.RaftServerConfigKeys (ConfUtils.java:logGet(43)) - raft.server.log.statemachine.data.caching.enabled = true (custom)
2019-06-13 03:15:09,767 INFO  util.JmxRegister (JmxRegister.java:tryRegister(44)) - Successfully registered JMX Bean with object name Ratis:service=RaftServer,group=group-891ADFBDECB6,id=f56df964-143c-443a-ad3f-34b55ce0e188
2019-06-13 03:15:09,773 INFO  server.RaftServerConfigKeys (ConfUtils.java:logGet(43)) - raft.server.snapshot.auto.trigger.enabled = true (custom)
2019-06-13 03:15:09,773 INFO  server.RaftServerConfigKeys (ConfUtils.java:logGet(43)) - raft.server.snapshot.auto.trigger.threshold = 10000 (custom)
2019-06-13 03:15:09,774 INFO  server.RaftServerConfigKeys (ConfUtils.java:logGet(43)) - raft.server.retrycache.expirytime = 600000ms (custom)
2019-06-13 03:15:09,774 INFO  impl.RaftServerImpl (RaftServerImpl.java:start(173)) - b732b1b2-c7b5-40a7-bd2a-e39a0a289ab7: start group-891ADFBDECB6
2019-06-13 03:15:09,774 INFO  impl.RaftServerImpl (RaftServerImpl.java:setRole(164)) - b732b1b2-c7b5-40a7-bd2a-e39a0a289ab7:group-891ADFBDECB6 changes role from null to FOLLOWER at term 0 for startAsFollower
2019-06-13 03:15:09,774 INFO  impl.RoleInfo (RoleInfo.java:updateAndGet(143)) - b732b1b2-c7b5-40a7-bd2a-e39a0a289ab7: start FollowerState
2019-06-13 03:15:09,774 INFO  util.JmxRegister (JmxRegister.java:tryRegister(44)) - Successfully registered JMX Bean with object name Ratis:service=RaftServer,group=group-891ADFBDECB6,id=b732b1b2-c7b5-40a7-bd2a-e39a0a289ab7
2019-06-13 03:15:09,790 INFO  pipeline.PipelineStateManager (PipelineStateManager.java:addPipeline(56)) - Created pipeline Pipeline[ Id: 472dded5-567d-4927-8ecc-891adfbdecb6, Nodes: 19b52c2b-2544-444d-879d-870d3cfbd3de{ip: 192.168.46.12, host: ozone-wgs2n-993647214, networkLocation: /default-rack, certSerialId: null}b732b1b2-c7b5-40a7-bd2a-e39a0a289ab7{ip: 192.168.46.12, host: ozone-wgs2n-993647214, networkLocation: /default-rack, certSerialId: null}f56df964-143c-443a-ad3f-34b55ce0e188{ip: 192.168.46.12, host: ozone-wgs2n-993647214, networkLocation: /default-rack, certSerialId: null}, Type:RATIS, Factor:THREE, State:OPEN]
2019-06-13 03:15:10,288 INFO  impl.FollowerState (FollowerState.java:run(101)) - b8dc3939-bc19-4d04-9ba3-3a6990f6ac0d:group-ED42F380C5EE changes to CANDIDATE, lastRpcTime:1078, electionTimeout:1078ms
2019-06-13 03:15:10,288 INFO  impl.RoleInfo (RoleInfo.java:shutdownFollowerState(121)) - b8dc3939-bc19-4d04-9ba3-3a6990f6ac0d: shutdown FollowerState
2019-06-13 03:15:10,288 INFO  impl.RaftServerImpl (RaftServerImpl.java:setRole(164)) - b8dc3939-bc19-4d04-9ba3-3a6990f6ac0d:group-ED42F380C5EE changes role from FOLLOWER to CANDIDATE at term 0 for changeToCandidate
2019-06-13 03:15:10,290 INFO  impl.RoleInfo (RoleInfo.java:updateAndGet(143)) - b8dc3939-bc19-4d04-9ba3-3a6990f6ac0d: start LeaderElection
2019-06-13 03:15:10,295 INFO  impl.LeaderElection (LeaderElection.java:askForVotes(181)) - b8dc3939-bc19-4d04-9ba3-3a6990f6ac0d:group-ED42F380C5EE:LeaderElection1: begin an election at term 1 for -1: [b8dc3939-bc19-4d04-9ba3-3a6990f6ac0d:192.168.46.12:33749], old=null
2019-06-13 03:15:10,296 INFO  impl.RoleInfo (RoleInfo.java:shutdownLeaderElection(134)) - b8dc3939-bc19-4d04-9ba3-3a6990f6ac0d: shutdown LeaderElection
2019-06-13 03:15:10,297 INFO  impl.RaftServerImpl (RaftServerImpl.java:setRole(164)) - b8dc3939-bc19-4d04-9ba3-3a6990f6ac0d:group-ED42F380C5EE changes role from CANDIDATE to LEADER at term 1 for changeToLeader
2019-06-13 03:15:10,297 INFO  impl.RaftServerImpl (ServerState.java:setLeader(263)) - b8dc3939-bc19-4d04-9ba3-3a6990f6ac0d:group-ED42F380C5EE change Leader from null to b8dc3939-bc19-4d04-9ba3-3a6990f6ac0d at term 1 for becomeLeader, leader elected after 1247ms
2019-06-13 03:15:10,300 INFO  server.RaftServerConfigKeys (ConfUtils.java:logGet(43)) - raft.server.staging.catchup.gap = 1000 (default)
2019-06-13 03:15:10,300 INFO  server.RaftServerConfigKeys (ConfUtils.java:logGet(43)) - raft.server.rpc.sleep.time = 25ms (default)
2019-06-13 03:15:10,302 INFO  server.RaftServerConfigKeys (ConfUtils.java:logGet(43)) - raft.server.watch.timeout = 10s (default)
2019-06-13 03:15:10,302 INFO  server.RaftServerConfigKeys (ConfUtils.java:logGet(43)) - raft.server.watch.timeout.denomination = 1s (default)
2019-06-13 03:15:10,308 INFO  impl.RoleInfo (RoleInfo.java:updateAndGet(143)) - b8dc3939-bc19-4d04-9ba3-3a6990f6ac0d: start LeaderState
2019-06-13 03:15:10,322 INFO  storage.RaftLogWorker (RaftLogWorker.java:startLogSegment(298)) - b8dc3939-bc19-4d04-9ba3-3a6990f6ac0d-RaftLogWorker: Starting segment from index:0
2019-06-13 03:15:10,329 INFO  impl.RaftServerImpl (ServerState.java:setRaftConf(361)) - b8dc3939-bc19-4d04-9ba3-3a6990f6ac0d:group-ED42F380C5EE set configuration 0: [b8dc3939-bc19-4d04-9ba3-3a6990f6ac0d:192.168.46.12:33749], old=null at 0
2019-06-13 03:15:10,434 INFO  impl.FollowerState (FollowerState.java:run(101)) - b8dc3939-bc19-4d04-9ba3-3a6990f6ac0d:group-F90EE6274CD8 changes to CANDIDATE, lastRpcTime:1015, electionTimeout:1011ms
2019-06-13 03:15:10,445 INFO  impl.RoleInfo (RoleInfo.java:shutdownFollowerState(121)) - b8dc3939-bc19-4d04-9ba3-3a6990f6ac0d: shutdown FollowerState
2019-06-13 03:15:10,445 INFO  impl.RaftServerImpl (RaftServerImpl.java:setRole(164)) - b8dc3939-bc19-4d04-9ba3-3a6990f6ac0d:group-F90EE6274CD8 changes role from FOLLOWER to CANDIDATE at term 0 for changeToCandidate
2019-06-13 03:15:10,445 INFO  impl.RoleInfo (RoleInfo.java:updateAndGet(143)) - b8dc3939-bc19-4d04-9ba3-3a6990f6ac0d: start LeaderElection
2019-06-13 03:15:10,464 INFO  impl.FollowerState (FollowerState.java:run(101)) - d6326e29-3bcf-4b22-b72a-618adb67091a:group-70AD6235FB6B changes to CANDIDATE, lastRpcTime:1132, electionTimeout:1132ms
2019-06-13 03:15:10,464 INFO  impl.RoleInfo (RoleInfo.java:shutdownFollowerState(121)) - d6326e29-3bcf-4b22-b72a-618adb67091a: shutdown FollowerState
2019-06-13 03:15:10,464 INFO  impl.RaftServerImpl (RaftServerImpl.java:setRole(164)) - d6326e29-3bcf-4b22-b72a-618adb67091a:group-70AD6235FB6B changes role from FOLLOWER to CANDIDATE at term 0 for changeToCandidate
2019-06-13 03:15:10,464 INFO  impl.RoleInfo (RoleInfo.java:updateAndGet(143)) - d6326e29-3bcf-4b22-b72a-618adb67091a: start LeaderElection
2019-06-13 03:15:10,467 INFO  impl.FollowerState (FollowerState.java:run(101)) - c9fd1d43-a4d3-44d1-badd-79ad6b07b01d:group-FD46A536B37D changes to CANDIDATE, lastRpcTime:1194, electionTimeout:1193ms
2019-06-13 03:15:10,467 INFO  impl.RoleInfo (RoleInfo.java:shutdownFollowerState(121)) - c9fd1d43-a4d3-44d1-badd-79ad6b07b01d: shutdown FollowerState
2019-06-13 03:15:10,467 INFO  impl.RaftServerImpl (RaftServerImpl.java:setRole(164)) - c9fd1d43-a4d3-44d1-badd-79ad6b07b01d:group-FD46A536B37D changes role from FOLLOWER to CANDIDATE at term 0 for changeToCandidate
2019-06-13 03:15:10,467 INFO  impl.RoleInfo (RoleInfo.java:updateAndGet(143)) - c9fd1d43-a4d3-44d1-badd-79ad6b07b01d: start LeaderElection
2019-06-13 03:15:10,467 INFO  impl.LeaderElection (LeaderElection.java:askForVotes(181)) - b8dc3939-bc19-4d04-9ba3-3a6990f6ac0d:group-F90EE6274CD8:LeaderElection2: begin an election at term 1 for -1: [b8dc3939-bc19-4d04-9ba3-3a6990f6ac0d:192.168.46.12:33749, c9fd1d43-a4d3-44d1-badd-79ad6b07b01d:192.168.46.12:46633, d6326e29-3bcf-4b22-b72a-618adb67091a:192.168.46.12:42645], old=null
2019-06-13 03:15:10,469 INFO  impl.LeaderElection (LeaderElection.java:askForVotes(181)) - d6326e29-3bcf-4b22-b72a-618adb67091a:group-70AD6235FB6B:LeaderElection3: begin an election at term 1 for -1: [d6326e29-3bcf-4b22-b72a-618adb67091a:192.168.46.12:42645], old=null
2019-06-13 03:15:10,474 INFO  impl.RoleInfo (RoleInfo.java:shutdownLeaderElection(134)) - d6326e29-3bcf-4b22-b72a-618adb67091a: shutdown LeaderElection
2019-06-13 03:15:10,475 INFO  impl.RaftServerImpl (RaftServerImpl.java:setRole(164)) - d6326e29-3bcf-4b22-b72a-618adb67091a:group-70AD6235FB6B changes role from CANDIDATE to LEADER at term 1 for changeToLeader
2019-06-13 03:15:10,475 INFO  impl.RaftServerImpl (ServerState.java:setLeader(263)) - d6326e29-3bcf-4b22-b72a-618adb67091a:group-70AD6235FB6B change Leader from null to d6326e29-3bcf-4b22-b72a-618adb67091a at term 1 for becomeLeader, leader elected after 1145ms
2019-06-13 03:15:10,475 INFO  server.RaftServerConfigKeys (ConfUtils.java:logGet(43)) - raft.server.staging.catchup.gap = 1000 (default)
2019-06-13 03:15:10,475 INFO  server.RaftServerConfigKeys (ConfUtils.java:logGet(43)) - raft.server.rpc.sleep.time = 25ms (default)
2019-06-13 03:15:10,475 INFO  server.RaftServerConfigKeys (ConfUtils.java:logGet(43)) - raft.server.watch.timeout = 10s (default)
2019-06-13 03:15:10,475 INFO  server.RaftServerConfigKeys (ConfUtils.java:logGet(43)) - raft.server.watch.timeout.denomination = 1s (default)
2019-06-13 03:15:10,475 INFO  impl.RoleInfo (RoleInfo.java:updateAndGet(143)) - d6326e29-3bcf-4b22-b72a-618adb67091a: start LeaderState
2019-06-13 03:15:10,476 INFO  storage.RaftLogWorker (RaftLogWorker.java:startLogSegment(298)) - d6326e29-3bcf-4b22-b72a-618adb67091a-RaftLogWorker: Starting segment from index:0
2019-06-13 03:15:10,476 INFO  impl.RaftServerImpl (ServerState.java:setRaftConf(361)) - d6326e29-3bcf-4b22-b72a-618adb67091a:group-70AD6235FB6B set configuration 0: [d6326e29-3bcf-4b22-b72a-618adb67091a:192.168.46.12:42645], old=null at 0
2019-06-13 03:15:10,476 INFO  impl.LeaderElection (LeaderElection.java:askForVotes(181)) - c9fd1d43-a4d3-44d1-badd-79ad6b07b01d:group-FD46A536B37D:LeaderElection4: begin an election at term 1 for -1: [c9fd1d43-a4d3-44d1-badd-79ad6b07b01d:192.168.46.12:46633], old=null
2019-06-13 03:15:10,477 INFO  impl.RoleInfo (RoleInfo.java:shutdownLeaderElection(134)) - c9fd1d43-a4d3-44d1-badd-79ad6b07b01d: shutdown LeaderElection
2019-06-13 03:15:10,477 INFO  impl.RaftServerImpl (RaftServerImpl.java:setRole(164)) - c9fd1d43-a4d3-44d1-badd-79ad6b07b01d:group-FD46A536B37D changes role from CANDIDATE to LEADER at term 1 for changeToLeader
2019-06-13 03:15:10,477 INFO  impl.RaftServerImpl (ServerState.java:setLeader(263)) - c9fd1d43-a4d3-44d1-badd-79ad6b07b01d:group-FD46A536B37D change Leader from null to c9fd1d43-a4d3-44d1-badd-79ad6b07b01d at term 1 for becomeLeader, leader elected after 1207ms
2019-06-13 03:15:10,477 INFO  storage.RaftLogWorker (RaftLogWorker.java:execute(469)) - b8dc3939-bc19-4d04-9ba3-3a6990f6ac0d-RaftLogWorker: created new log segment /opt/src/hadoop-ozone/integration-test/target/test-dir/MiniOzoneClusterImpl-0e4b8df3-cca7-4e63-b520-807b66dfe29c/datanode-0/data/ratis/b4347058-6cc0-41cf-9cd6-ed42f380c5ee/current/log_inprogress_0
2019-06-13 03:15:10,493 INFO  server.RaftServerConfigKeys (ConfUtils.java:logGet(43)) - raft.server.staging.catchup.gap = 1000 (default)
2019-06-13 03:15:10,493 INFO  server.RaftServerConfigKeys (ConfUtils.java:logGet(43)) - raft.server.rpc.sleep.time = 25ms (default)
2019-06-13 03:15:10,511 INFO  impl.FollowerState (FollowerState.java:run(101)) - b732b1b2-c7b5-40a7-bd2a-e39a0a289ab7:group-87481AE48733 changes to CANDIDATE, lastRpcTime:1148, electionTimeout:1141ms
2019-06-13 03:15:10,511 INFO  server.RaftServerConfigKeys (ConfUtils.java:logGet(43)) - raft.server.watch.timeout = 10s (default)
2019-06-13 03:15:10,511 INFO  impl.RoleInfo (RoleInfo.java:shutdownFollowerState(121)) - b732b1b2-c7b5-40a7-bd2a-e39a0a289ab7: shutdown FollowerState
2019-06-13 03:15:10,511 INFO  server.RaftServerConfigKeys (ConfUtils.java:logGet(43)) - raft.server.watch.timeout.denomination = 1s (default)
2019-06-13 03:15:10,511 INFO  impl.RaftServerImpl (RaftServerImpl.java:setRole(164)) - b732b1b2-c7b5-40a7-bd2a-e39a0a289ab7:group-87481AE48733 changes role from FOLLOWER to CANDIDATE at term 0 for changeToCandidate
2019-06-13 03:15:10,513 INFO  storage.RaftLogWorker (RaftLogWorker.java:execute(469)) - d6326e29-3bcf-4b22-b72a-618adb67091a-RaftLogWorker: created new log segment /opt/src/hadoop-ozone/integration-test/target/test-dir/MiniOzoneClusterImpl-0e4b8df3-cca7-4e63-b520-807b66dfe29c/datanode-1/data/ratis/25d1f762-4f89-4fec-a646-70ad6235fb6b/current/log_inprogress_0
2019-06-13 03:15:10,513 INFO  impl.RoleInfo (RoleInfo.java:updateAndGet(143)) - c9fd1d43-a4d3-44d1-badd-79ad6b07b01d: start LeaderState
2019-06-13 03:15:10,513 INFO  impl.RoleInfo (RoleInfo.java:updateAndGet(143)) - b732b1b2-c7b5-40a7-bd2a-e39a0a289ab7: start LeaderElection
2019-06-13 03:15:10,515 INFO  storage.RaftLogWorker (RaftLogWorker.java:startLogSegment(298)) - c9fd1d43-a4d3-44d1-badd-79ad6b07b01d-RaftLogWorker: Starting segment from index:0
2019-06-13 03:15:10,536 INFO  impl.FollowerState (FollowerState.java:run(101)) - c9fd1d43-a4d3-44d1-badd-79ad6b07b01d:group-F90EE6274CD8 changes to CANDIDATE, lastRpcTime:1127, electionTimeout:1118ms
2019-06-13 03:15:10,538 INFO  impl.RaftServerImpl (ServerState.java:setRaftConf(361)) - c9fd1d43-a4d3-44d1-badd-79ad6b07b01d:group-FD46A536B37D set configuration 0: [c9fd1d43-a4d3-44d1-badd-79ad6b07b01d:192.168.46.12:46633], old=null at 0
2019-06-13 03:15:10,537 INFO  impl.FollowerState (FollowerState.java:run(101)) - 19b52c2b-2544-444d-879d-870d3cfbd3de:group-84D2CE4A4051 changes to CANDIDATE, lastRpcTime:1014, electionTimeout:1007ms
2019-06-13 03:15:10,538 INFO  impl.RoleInfo (RoleInfo.java:shutdownFollowerState(121)) - c9fd1d43-a4d3-44d1-badd-79ad6b07b01d: shutdown FollowerState
2019-06-13 03:15:10,539 INFO  impl.RoleInfo (RoleInfo.java:shutdownFollowerState(121)) - 19b52c2b-2544-444d-879d-870d3cfbd3de: shutdown FollowerState
2019-06-13 03:15:10,539 INFO  impl.RaftServerImpl (RaftServerImpl.java:setRole(164)) - 19b52c2b-2544-444d-879d-870d3cfbd3de:group-84D2CE4A4051 changes role from FOLLOWER to CANDIDATE at term 0 for changeToCandidate
2019-06-13 03:15:10,539 INFO  impl.RoleInfo (RoleInfo.java:updateAndGet(143)) - 19b52c2b-2544-444d-879d-870d3cfbd3de: start LeaderElection
2019-06-13 03:15:10,539 INFO  impl.RaftServerImpl (RaftServerImpl.java:setRole(164)) - c9fd1d43-a4d3-44d1-badd-79ad6b07b01d:group-F90EE6274CD8 changes role from FOLLOWER to CANDIDATE at term 0 for changeToCandidate
2019-06-13 03:15:10,539 INFO  impl.RoleInfo (RoleInfo.java:updateAndGet(143)) - c9fd1d43-a4d3-44d1-badd-79ad6b07b01d: start LeaderElection
2019-06-13 03:15:10,541 INFO  impl.FollowerState (FollowerState.java:run(101)) - d6326e29-3bcf-4b22-b72a-618adb67091a:group-F90EE6274CD8 changes to CANDIDATE, lastRpcTime:1122, electionTimeout:1121ms
2019-06-13 03:15:10,541 INFO  impl.RoleInfo (RoleInfo.java:shutdownFollowerState(121)) - d6326e29-3bcf-4b22-b72a-618adb67091a: shutdown FollowerState
2019-06-13 03:15:10,541 INFO  impl.RaftServerImpl (RaftServerImpl.java:setRole(164)) - d6326e29-3bcf-4b22-b72a-618adb67091a:group-F90EE6274CD8 changes role from FOLLOWER to CANDIDATE at term 0 for changeToCandidate
2019-06-13 03:15:10,541 INFO  impl.RoleInfo (RoleInfo.java:updateAndGet(143)) - d6326e29-3bcf-4b22-b72a-618adb67091a: start LeaderElection
2019-06-13 03:15:10,564 INFO  impl.LeaderElection (LeaderElection.java:askForVotes(181)) - b732b1b2-c7b5-40a7-bd2a-e39a0a289ab7:group-87481AE48733:LeaderElection5: begin an election at term 1 for -1: [b732b1b2-c7b5-40a7-bd2a-e39a0a289ab7:192.168.46.12:41817], old=null
2019-06-13 03:15:10,564 INFO  impl.RoleInfo (RoleInfo.java:shutdownLeaderElection(134)) - b732b1b2-c7b5-40a7-bd2a-e39a0a289ab7: shutdown LeaderElection
2019-06-13 03:15:10,565 INFO  impl.RaftServerImpl (RaftServerImpl.java:setRole(164)) - b732b1b2-c7b5-40a7-bd2a-e39a0a289ab7:group-87481AE48733 changes role from CANDIDATE to LEADER at term 1 for changeToLeader
2019-06-13 03:15:10,565 INFO  impl.RaftServerImpl (ServerState.java:setLeader(263)) - b732b1b2-c7b5-40a7-bd2a-e39a0a289ab7:group-87481AE48733 change Leader from null to b732b1b2-c7b5-40a7-bd2a-e39a0a289ab7 at term 1 for becomeLeader, leader elected after 1203ms
2019-06-13 03:15:10,565 INFO  storage.RaftLogWorker (RaftLogWorker.java:execute(469)) - c9fd1d43-a4d3-44d1-badd-79ad6b07b01d-RaftLogWorker: created new log segment /opt/src/hadoop-ozone/integration-test/target/test-dir/MiniOzoneClusterImpl-0e4b8df3-cca7-4e63-b520-807b66dfe29c/datanode-2/data/ratis/e0e0aa4e-99a1-495f-82d0-fd46a536b37d/current/log_inprogress_0
2019-06-13 03:15:10,566 INFO  server.RaftServerConfigKeys (ConfUtils.java:logGet(43)) - raft.server.staging.catchup.gap = 1000 (default)
2019-06-13 03:15:10,566 INFO  server.RaftServerConfigKeys (ConfUtils.java:logGet(43)) - raft.server.rpc.sleep.time = 25ms (default)
2019-06-13 03:15:10,567 INFO  server.RaftServerConfigKeys (ConfUtils.java:logGet(43)) - raft.server.watch.timeout = 10s (default)
2019-06-13 03:15:10,567 INFO  impl.LeaderElection (LeaderElection.java:askForVotes(181)) - 19b52c2b-2544-444d-879d-870d3cfbd3de:group-84D2CE4A4051:LeaderElection6: begin an election at term 1 for -1: [19b52c2b-2544-444d-879d-870d3cfbd3de:192.168.46.12:41151], old=null
2019-06-13 03:15:10,567 INFO  server.RaftServerConfigKeys (ConfUtils.java:logGet(43)) - raft.server.watch.timeout.denomination = 1s (default)
2019-06-13 03:15:10,567 INFO  impl.RoleInfo (RoleInfo.java:shutdownLeaderElection(134)) - 19b52c2b-2544-444d-879d-870d3cfbd3de: shutdown LeaderElection
2019-06-13 03:15:10,567 INFO  impl.RaftServerImpl (RaftServerImpl.java:setRole(164)) - 19b52c2b-2544-444d-879d-870d3cfbd3de:group-84D2CE4A4051 changes role from CANDIDATE to LEADER at term 1 for changeToLeader
2019-06-13 03:15:10,567 INFO  impl.RaftServerImpl (ServerState.java:setLeader(263)) - 19b52c2b-2544-444d-879d-870d3cfbd3de:group-84D2CE4A4051 change Leader from null to 19b52c2b-2544-444d-879d-870d3cfbd3de at term 1 for becomeLeader, leader elected after 1046ms
2019-06-13 03:15:10,567 INFO  impl.RoleInfo (RoleInfo.java:updateAndGet(143)) - b732b1b2-c7b5-40a7-bd2a-e39a0a289ab7: start LeaderState
2019-06-13 03:15:10,568 INFO  storage.RaftLogWorker (RaftLogWorker.java:startLogSegment(298)) - b732b1b2-c7b5-40a7-bd2a-e39a0a289ab7-RaftLogWorker: Starting segment from index:0
2019-06-13 03:15:10,568 INFO  server.RaftServerConfigKeys (ConfUtils.java:logGet(43)) - raft.server.staging.catchup.gap = 1000 (default)
2019-06-13 03:15:10,569 INFO  server.RaftServerConfigKeys (ConfUtils.java:logGet(43)) - raft.server.rpc.sleep.time = 25ms (default)
2019-06-13 03:15:10,569 INFO  server.RaftServerConfigKeys (ConfUtils.java:logGet(43)) - raft.server.watch.timeout = 10s (default)
2019-06-13 03:15:10,569 INFO  server.RaftServerConfigKeys (ConfUtils.java:logGet(43)) - raft.server.watch.timeout.denomination = 1s (default)
2019-06-13 03:15:10,569 INFO  impl.LeaderElection (LeaderElection.java:askForVotes(181)) - d6326e29-3bcf-4b22-b72a-618adb67091a:group-F90EE6274CD8:LeaderElection8: begin an election at term 1 for -1: [b8dc3939-bc19-4d04-9ba3-3a6990f6ac0d:192.168.46.12:33749, c9fd1d43-a4d3-44d1-badd-79ad6b07b01d:192.168.46.12:46633, d6326e29-3bcf-4b22-b72a-618adb67091a:192.168.46.12:42645], old=null
2019-06-13 03:15:10,569 INFO  impl.LeaderElection (LeaderElection.java:askForVotes(181)) - c9fd1d43-a4d3-44d1-badd-79ad6b07b01d:group-F90EE6274CD8:LeaderElection7: begin an election at term 1 for -1: [b8dc3939-bc19-4d04-9ba3-3a6990f6ac0d:192.168.46.12:33749, c9fd1d43-a4d3-44d1-badd-79ad6b07b01d:192.168.46.12:46633, d6326e29-3bcf-4b22-b72a-618adb67091a:192.168.46.12:42645], old=null
2019-06-13 03:15:10,569 INFO  impl.RoleInfo (RoleInfo.java:updateAndGet(143)) - 19b52c2b-2544-444d-879d-870d3cfbd3de: start LeaderState
2019-06-13 03:15:10,574 INFO  storage.RaftLogWorker (RaftLogWorker.java:startLogSegment(298)) - 19b52c2b-2544-444d-879d-870d3cfbd3de-RaftLogWorker: Starting segment from index:0
2019-06-13 03:15:10,603 INFO  impl.RaftServerImpl (ServerState.java:setRaftConf(361)) - b732b1b2-c7b5-40a7-bd2a-e39a0a289ab7:group-87481AE48733 set configuration 0: [b732b1b2-c7b5-40a7-bd2a-e39a0a289ab7:192.168.46.12:41817], old=null at 0
2019-06-13 03:15:10,640 INFO  storage.RaftLogWorker (RaftLogWorker.java:execute(469)) - b732b1b2-c7b5-40a7-bd2a-e39a0a289ab7-RaftLogWorker: created new log segment /opt/src/hadoop-ozone/integration-test/target/test-dir/MiniOzoneClusterImpl-0e4b8df3-cca7-4e63-b520-807b66dfe29c/datanode-3/data/ratis/fb551faa-e3e3-431c-b833-87481ae48733/current/log_inprogress_0
2019-06-13 03:15:10,640 INFO  impl.RaftServerImpl (ServerState.java:setRaftConf(361)) - 19b52c2b-2544-444d-879d-870d3cfbd3de:group-84D2CE4A4051 set configuration 0: [19b52c2b-2544-444d-879d-870d3cfbd3de:192.168.46.12:41151], old=null at 0
2019-06-13 03:15:10,648 INFO  storage.RaftLogWorker (RaftLogWorker.java:execute(469)) - 19b52c2b-2544-444d-879d-870d3cfbd3de-RaftLogWorker: created new log segment /opt/src/hadoop-ozone/integration-test/target/test-dir/MiniOzoneClusterImpl-0e4b8df3-cca7-4e63-b520-807b66dfe29c/datanode-4/data/ratis/c06774cb-ad86-4d4e-bbbc-84d2ce4a4051/current/log_inprogress_0
2019-06-13 03:15:10,654 INFO  impl.LeaderElection (LeaderElection.java:logAndReturn(56)) - b8dc3939-bc19-4d04-9ba3-3a6990f6ac0d:group-F90EE6274CD8:LeaderElection2: Election REJECTED; received 2 response(s) [b8dc3939-bc19-4d04-9ba3-3a6990f6ac0d->c9fd1d43-a4d3-44d1-badd-79ad6b07b01d,false-t1, b8dc3939-bc19-4d04-9ba3-3a6990f6ac0d->d6326e29-3bcf-4b22-b72a-618adb67091a,false-t1] and 0 exception(s); b8dc3939-bc19-4d04-9ba3-3a6990f6ac0d:t1, leader=null, voted=b8dc3939-bc19-4d04-9ba3-3a6990f6ac0d, raftlog=b8dc3939-bc19-4d04-9ba3-3a6990f6ac0d-SegmentedRaftLog:OPENED:c-1,f-1,i0, conf=-1: [b8dc3939-bc19-4d04-9ba3-3a6990f6ac0d:192.168.46.12:33749, c9fd1d43-a4d3-44d1-badd-79ad6b07b01d:192.168.46.12:46633, d6326e29-3bcf-4b22-b72a-618adb67091a:192.168.46.12:42645], old=null
2019-06-13 03:15:10,655 INFO  impl.RaftServerImpl (RaftServerImpl.java:setRole(164)) - b8dc3939-bc19-4d04-9ba3-3a6990f6ac0d:group-F90EE6274CD8 changes role from CANDIDATE to FOLLOWER at term 1 for DISCOVERED_A_NEW_TERM
2019-06-13 03:15:10,655 INFO  impl.RoleInfo (RoleInfo.java:shutdownLeaderElection(134)) - b8dc3939-bc19-4d04-9ba3-3a6990f6ac0d: shutdown LeaderElection
2019-06-13 03:15:10,655 INFO  impl.RoleInfo (RoleInfo.java:updateAndGet(143)) - b8dc3939-bc19-4d04-9ba3-3a6990f6ac0d: start FollowerState
2019-06-13 03:15:10,674 INFO  impl.LeaderElection (LeaderElection.java:logAndReturn(56)) - d6326e29-3bcf-4b22-b72a-618adb67091a:group-F90EE6274CD8:LeaderElection8: Election REJECTED; received 2 response(s) [d6326e29-3bcf-4b22-b72a-618adb67091a->b8dc3939-bc19-4d04-9ba3-3a6990f6ac0d,false-t1, d6326e29-3bcf-4b22-b72a-618adb67091a->c9fd1d43-a4d3-44d1-badd-79ad6b07b01d,false-t1] and 0 exception(s); d6326e29-3bcf-4b22-b72a-618adb67091a:t1, leader=null, voted=d6326e29-3bcf-4b22-b72a-618adb67091a, raftlog=d6326e29-3bcf-4b22-b72a-618adb67091a-SegmentedRaftLog:OPENED:c-1,f-1,i0, conf=-1: [b8dc3939-bc19-4d04-9ba3-3a6990f6ac0d:192.168.46.12:33749, c9fd1d43-a4d3-44d1-badd-79ad6b07b01d:192.168.46.12:46633, d6326e29-3bcf-4b22-b72a-618adb67091a:192.168.46.12:42645], old=null
2019-06-13 03:15:10,676 INFO  impl.RaftServerImpl (RaftServerImpl.java:setRole(164)) - d6326e29-3bcf-4b22-b72a-618adb67091a:group-F90EE6274CD8 changes role from CANDIDATE to FOLLOWER at term 1 for DISCOVERED_A_NEW_TERM
2019-06-13 03:15:10,676 INFO  impl.RoleInfo (RoleInfo.java:shutdownLeaderElection(134)) - d6326e29-3bcf-4b22-b72a-618adb67091a: shutdown LeaderElection
2019-06-13 03:15:10,676 INFO  impl.RoleInfo (RoleInfo.java:updateAndGet(143)) - d6326e29-3bcf-4b22-b72a-618adb67091a: start FollowerState
2019-06-13 03:15:10,676 INFO  impl.LeaderElection (LeaderElection.java:logAndReturn(56)) - c9fd1d43-a4d3-44d1-badd-79ad6b07b01d:group-F90EE6274CD8:LeaderElection7: Election REJECTED; received 2 response(s) [c9fd1d43-a4d3-44d1-badd-79ad6b07b01d->b8dc3939-bc19-4d04-9ba3-3a6990f6ac0d,false-t1, c9fd1d43-a4d3-44d1-badd-79ad6b07b01d->d6326e29-3bcf-4b22-b72a-618adb67091a,false-t1] and 0 exception(s); c9fd1d43-a4d3-44d1-badd-79ad6b07b01d:t1, leader=null, voted=c9fd1d43-a4d3-44d1-badd-79ad6b07b01d, raftlog=c9fd1d43-a4d3-44d1-badd-79ad6b07b01d-SegmentedRaftLog:OPENED:c-1,f-1,i0, conf=-1: [b8dc3939-bc19-4d04-9ba3-3a6990f6ac0d:192.168.46.12:33749, c9fd1d43-a4d3-44d1-badd-79ad6b07b01d:192.168.46.12:46633, d6326e29-3bcf-4b22-b72a-618adb67091a:192.168.46.12:42645], old=null
2019-06-13 03:15:10,677 INFO  impl.RaftServerImpl (RaftServerImpl.java:setRole(164)) - c9fd1d43-a4d3-44d1-badd-79ad6b07b01d:group-F90EE6274CD8 changes role from CANDIDATE to FOLLOWER at term 1 for DISCOVERED_A_NEW_TERM
2019-06-13 03:15:10,677 INFO  impl.RoleInfo (RoleInfo.java:shutdownLeaderElection(134)) - c9fd1d43-a4d3-44d1-badd-79ad6b07b01d: shutdown LeaderElection
2019-06-13 03:15:10,677 INFO  impl.RoleInfo (RoleInfo.java:updateAndGet(143)) - c9fd1d43-a4d3-44d1-badd-79ad6b07b01d: start FollowerState
2019-06-13 03:15:10,699 INFO  ozone.MiniOzoneClusterImpl (MiniOzoneClusterImpl.java:lambda$waitForClusterToBeReady$0(142)) - Cluster is ready. Got 6 of 6 DN Heartbeats.
]]></system-out>
    <system-err><![CDATA[ERROR StatusLogger No Log4j 2 configuration file found. Using default configuration (logging only errors to the console), or user programmatically provided configurations. Set system property 'log4j2.debug' to show Log4j 2 internal initialization logging. See https://logging.apache.org/log4j/2.x/manual/configuration.html for instructions on how to configure Log4j 2
Jun 13, 2019 3:15:04 AM com.sun.jersey.server.impl.application.WebApplicationImpl _initiate
INFO: Initiating Jersey application, version 'Jersey: 1.19 02/11/2015 03:25 AM'
Jun 13, 2019 3:15:04 AM com.sun.jersey.server.impl.application.WebApplicationImpl _initiate
INFO: Initiating Jersey application, version 'Jersey: 1.19 02/11/2015 03:25 AM'
Jun 13, 2019 3:15:04 AM com.sun.jersey.server.impl.application.WebApplicationImpl _initiate
INFO: Initiating Jersey application, version 'Jersey: 1.19 02/11/2015 03:25 AM'
Jun 13, 2019 3:15:05 AM com.sun.jersey.server.impl.application.WebApplicationImpl _initiate
INFO: Initiating Jersey application, version 'Jersey: 1.19 02/11/2015 03:25 AM'
Jun 13, 2019 3:15:05 AM com.sun.jersey.server.impl.application.WebApplicationImpl _initiate
INFO: Initiating Jersey application, version 'Jersey: 1.19 02/11/2015 03:25 AM'
Jun 13, 2019 3:15:05 AM com.sun.jersey.server.impl.application.WebApplicationImpl _initiate
INFO: Initiating Jersey application, version 'Jersey: 1.19 02/11/2015 03:25 AM'
]]></system-err>
  </testcase>
</testsuite>