<?xml version="1.0" encoding="UTF-8"?>
<testsuite xmlns:xsi="http://www.w3.org/2001/XMLSchema-instance" xsi:noNamespaceSchemaLocation="https://maven.apache.org/surefire/maven-surefire-plugin/xsd/surefire-test-report.xsd" name="org.apache.hadoop.hdds.scm.pipeline.TestNodeFailure" time="11.145" tests="1" errors="0" skipped="1" failures="0">
  <properties>
    <property name="awt.toolkit" value="sun.awt.X11.XToolkit"/>
    <property name="file.encoding.pkg" value="sun.io"/>
    <property name="java.specification.version" value="1.8"/>
    <property name="sun.cpu.isalist" value=""/>
    <property name="sun.jnu.encoding" value="UTF-8"/>
    <property name="java.class.path" value="/opt/src/hadoop-ozone/integration-test/target/test-classes:/opt/src/hadoop-ozone/integration-test/target/classes:/home/user/.m2/repository/org/apache/hadoop/hadoop-ozone-common/0.5.0-SNAPSHOT/hadoop-ozone-common-0.5.0-SNAPSHOT.jar:/home/user/.m2/repository/org/apache/commons/commons-compress/1.4.1/commons-compress-1.4.1.jar:/home/user/.m2/repository/org/tukaani/xz/1.0/xz-1.0.jar:/home/user/.m2/repository/org/apache/hadoop/hadoop-common/3.2.0/hadoop-common-3.2.0.jar:/home/user/.m2/repository/org/apache/hadoop/hadoop-hdfs/3.2.0/hadoop-hdfs-3.2.0.jar:/home/user/.m2/repository/org/apache/hadoop/hadoop-hdfs-client/3.2.0/hadoop-hdfs-client-3.2.0.jar:/home/user/.m2/repository/com/fasterxml/jackson/core/jackson-annotations/2.9.5/jackson-annotations-2.9.5.jar:/home/user/.m2/repository/org/apache/hadoop/hadoop-hdds-common/0.5.0-SNAPSHOT/hadoop-hdds-common-0.5.0-SNAPSHOT.jar:/home/user/.m2/repository/javax/annotation/javax.annotation-api/1.2/javax.annotation-api-1.2.jar:/home/user/.m2/repository/org/apache/ratis/ratis-server/0.4.0-fe2b15d-SNAPSHOT/ratis-server-0.4.0-fe2b15d-SNAPSHOT.jar:/home/user/.m2/repository/org/apache/ratis/ratis-thirdparty-misc/0.2.0/ratis-thirdparty-misc-0.2.0.jar:/home/user/.m2/repository/org/apache/ratis/ratis-proto/0.4.0-fe2b15d-SNAPSHOT/ratis-proto-0.4.0-fe2b15d-SNAPSHOT.jar:/home/user/.m2/repository/org/apache/ratis/ratis-common/0.4.0-fe2b15d-SNAPSHOT/ratis-common-0.4.0-fe2b15d-SNAPSHOT.jar:/home/user/.m2/repository/org/apache/ratis/ratis-client/0.4.0-fe2b15d-SNAPSHOT/ratis-client-0.4.0-fe2b15d-SNAPSHOT.jar:/home/user/.m2/repository/org/apache/ratis/ratis-netty/0.4.0-fe2b15d-SNAPSHOT/ratis-netty-0.4.0-fe2b15d-SNAPSHOT.jar:/home/user/.m2/repository/org/apache/ratis/ratis-grpc/0.4.0-fe2b15d-SNAPSHOT/ratis-grpc-0.4.0-fe2b15d-SNAPSHOT.jar:/home/user/.m2/repository/org/rocksdb/rocksdbjni/5.14.2/rocksdbjni-5.14.2.jar:/home/user/.m2/repository/org/apache/logging/log4j/log4j-api/2.11.0/log4j-api-2.11.0.jar:/home/user/.m2/repository/org/apache/logging/log4j/log4j-core/2.11.0/log4j-core-2.11.0.jar:/home/user/.m2/repository/com/lmax/disruptor/3.4.2/disruptor-3.4.2.jar:/home/user/.m2/repository/org/apache/commons/commons-pool2/2.6.0/commons-pool2-2.6.0.jar:/home/user/.m2/repository/org/bouncycastle/bcpkix-jdk15on/1.60/bcpkix-jdk15on-1.60.jar:/home/user/.m2/repository/commons-validator/commons-validator/1.6/commons-validator-1.6.jar:/home/user/.m2/repository/commons-digester/commons-digester/1.8.1/commons-digester-1.8.1.jar:/home/user/.m2/repository/io/jaegertracing/jaeger-client/0.33.1/jaeger-client-0.33.1.jar:/home/user/.m2/repository/io/jaegertracing/jaeger-thrift/0.33.1/jaeger-thrift-0.33.1.jar:/home/user/.m2/repository/org/apache/thrift/libthrift/0.11.0/libthrift-0.11.0.jar:/home/user/.m2/repository/com/squareup/okhttp3/okhttp/3.9.0/okhttp-3.9.0.jar:/home/user/.m2/repository/com/squareup/okio/okio/1.13.0/okio-1.13.0.jar:/home/user/.m2/repository/io/jaegertracing/jaeger-core/0.33.1/jaeger-core-0.33.1.jar:/home/user/.m2/repository/io/jaegertracing/jaeger-tracerresolver/0.33.1/jaeger-tracerresolver-0.33.1.jar:/home/user/.m2/repository/io/opentracing/contrib/opentracing-tracerresolver/0.1.5/opentracing-tracerresolver-0.1.5.jar:/home/user/.m2/repository/io/opentracing/opentracing-util/0.31.0/opentracing-util-0.31.0.jar:/home/user/.m2/repository/io/opentracing/opentracing-api/0.31.0/opentracing-api-0.31.0.jar:/home/user/.m2/repository/io/opentracing/opentracing-noop/0.31.0/opentracing-noop-0.31.0.jar:/home/user/.m2/repository/org/apache/hadoop/hadoop-hdds-server-framework/0.5.0-SNAPSHOT/hadoop-hdds-server-framework-0.5.0-SNAPSHOT.jar:/home/user/.m2/repository/org/apache/hadoop/hadoop-hdds-server-scm/0.5.0-SNAPSHOT/hadoop-hdds-server-scm-0.5.0-SNAPSHOT.jar:/home/user/.m2/repository/org/apache/hadoop/hadoop-hdds-container-service/0.5.0-SNAPSHOT/hadoop-hdds-container-service-0.5.0-SNAPSHOT.jar:/home/user/.m2/repository/org/apache/hadoop/hadoop-hdds-client/0.5.0-SNAPSHOT/hadoop-hdds-client-0.5.0-SNAPSHOT.jar:/home/user/.m2/repository/org/apache/hadoop/hadoop-hdds-tools/0.5.0-SNAPSHOT/hadoop-hdds-tools-0.5.0-SNAPSHOT.jar:/home/user/.m2/repository/org/apache/hadoop/hadoop-ozone-ozone-manager/0.5.0-SNAPSHOT/hadoop-ozone-ozone-manager-0.5.0-SNAPSHOT.jar:/home/user/.m2/repository/org/apache/hadoop/hadoop-hdds-docs/0.5.0-SNAPSHOT/hadoop-hdds-docs-0.5.0-SNAPSHOT.jar:/home/user/.m2/repository/org/bouncycastle/bcprov-jdk15on/1.60/bcprov-jdk15on-1.60.jar:/home/user/.m2/repository/org/apache/hadoop/hadoop-minikdc/3.2.0/hadoop-minikdc-3.2.0.jar:/home/user/.m2/repository/commons-io/commons-io/2.5/commons-io-2.5.jar:/home/user/.m2/repository/org/apache/kerby/kerb-simplekdc/1.0.1/kerb-simplekdc-1.0.1.jar:/home/user/.m2/repository/org/apache/kerby/kerb-client/1.0.1/kerb-client-1.0.1.jar:/home/user/.m2/repository/org/apache/kerby/kerby-config/1.0.1/kerby-config-1.0.1.jar:/home/user/.m2/repository/org/apache/kerby/kerb-core/1.0.1/kerb-core-1.0.1.jar:/home/user/.m2/repository/org/apache/kerby/kerby-pkix/1.0.1/kerby-pkix-1.0.1.jar:/home/user/.m2/repository/org/apache/kerby/kerby-asn1/1.0.1/kerby-asn1-1.0.1.jar:/home/user/.m2/repository/org/apache/kerby/kerby-util/1.0.1/kerby-util-1.0.1.jar:/home/user/.m2/repository/org/apache/kerby/kerb-common/1.0.1/kerb-common-1.0.1.jar:/home/user/.m2/repository/org/apache/kerby/kerb-crypto/1.0.1/kerb-crypto-1.0.1.jar:/home/user/.m2/repository/org/apache/kerby/kerb-util/1.0.1/kerb-util-1.0.1.jar:/home/user/.m2/repository/org/apache/kerby/token-provider/1.0.1/token-provider-1.0.1.jar:/home/user/.m2/repository/org/apache/kerby/kerb-admin/1.0.1/kerb-admin-1.0.1.jar:/home/user/.m2/repository/org/apache/kerby/kerb-server/1.0.1/kerb-server-1.0.1.jar:/home/user/.m2/repository/org/apache/kerby/kerb-identity/1.0.1/kerb-identity-1.0.1.jar:/home/user/.m2/repository/org/apache/kerby/kerby-xdr/1.0.1/kerby-xdr-1.0.1.jar:/home/user/.m2/repository/org/slf4j/slf4j-log4j12/1.7.25/slf4j-log4j12-1.7.25.jar:/home/user/.m2/repository/org/apache/hadoop/hadoop-ozone-objectstore-service/0.5.0-SNAPSHOT/hadoop-ozone-objectstore-service-0.5.0-SNAPSHOT.jar:/home/user/.m2/repository/org/apache/hadoop/hadoop-ozone-s3gateway/0.5.0-SNAPSHOT/hadoop-ozone-s3gateway-0.5.0-SNAPSHOT.jar:/home/user/.m2/repository/org/jboss/weld/servlet/weld-servlet/2.4.7.Final/weld-servlet-2.4.7.Final.jar:/home/user/.m2/repository/org/glassfish/jersey/containers/jersey-container-servlet-core/2.27/jersey-container-servlet-core-2.27.jar:/home/user/.m2/repository/org/glassfish/hk2/external/javax.inject/2.5.0-b42/javax.inject-2.5.0-b42.jar:/home/user/.m2/repository/org/glassfish/jersey/core/jersey-common/2.27/jersey-common-2.27.jar:/home/user/.m2/repository/org/glassfish/hk2/osgi-resource-locator/1.0.1/osgi-resource-locator-1.0.1.jar:/home/user/.m2/repository/javax/ws/rs/javax.ws.rs-api/2.1/javax.ws.rs-api-2.1.jar:/home/user/.m2/repository/org/glassfish/jersey/ext/cdi/jersey-cdi1x/2.27/jersey-cdi1x-2.27.jar:/home/user/.m2/repository/org/glassfish/jersey/inject/jersey-hk2/2.27/jersey-hk2-2.27.jar:/home/user/.m2/repository/org/glassfish/hk2/hk2-locator/2.5.0-b42/hk2-locator-2.5.0-b42.jar:/home/user/.m2/repository/org/javassist/javassist/3.22.0-CR2/javassist-3.22.0-CR2.jar:/home/user/.m2/repository/org/glassfish/hk2/hk2-api/2.5.0/hk2-api-2.5.0.jar:/home/user/.m2/repository/org/glassfish/hk2/external/jakarta.inject/2.5.0/jakarta.inject-2.5.0.jar:/home/user/.m2/repository/org/glassfish/hk2/hk2-utils/2.5.0/hk2-utils-2.5.0.jar:/home/user/.m2/repository/jakarta/annotation/jakarta.annotation-api/1.3.4/jakarta.annotation-api-1.3.4.jar:/home/user/.m2/repository/org/glassfish/hk2/external/aopalliance-repackaged/2.5.0/aopalliance-repackaged-2.5.0.jar:/home/user/.m2/repository/com/fasterxml/jackson/dataformat/jackson-dataformat-xml/2.9.0/jackson-dataformat-xml-2.9.0.jar:/home/user/.m2/repository/com/fasterxml/jackson/core/jackson-core/2.9.5/jackson-core-2.9.5.jar:/home/user/.m2/repository/com/fasterxml/jackson/module/jackson-module-jaxb-annotations/2.9.5/jackson-module-jaxb-annotations-2.9.5.jar:/home/user/.m2/repository/javax/enterprise/cdi-api/1.2/cdi-api-1.2.jar:/home/user/.m2/repository/javax/el/javax.el-api/3.0.0/javax.el-api-3.0.0.jar:/home/user/.m2/repository/javax/interceptor/javax.interceptor-api/1.2/javax.interceptor-api-1.2.jar:/home/user/.m2/repository/javax/inject/javax.inject/1/javax.inject-1.jar:/home/user/.m2/repository/com/sun/xml/bind/jaxb-impl/2.3.0.1/jaxb-impl-2.3.0.1.jar:/home/user/.m2/repository/com/sun/xml/bind/jaxb-core/2.3.0.1/jaxb-core-2.3.0.1.jar:/home/user/.m2/repository/javax/xml/bind/jaxb-api/2.3.0/jaxb-api-2.3.0.jar:/home/user/.m2/repository/javax/activation/activation/1.1.1/activation-1.1.1.jar:/home/user/.m2/repository/org/apache/hadoop/hadoop-ozone-csi/0.5.0-SNAPSHOT/hadoop-ozone-csi-0.5.0-SNAPSHOT.jar:/home/user/.m2/repository/com/google/protobuf/protobuf-java-util/3.5.1/protobuf-java-util-3.5.1.jar:/home/user/.m2/repository/org/apache/hadoop/hadoop-hdds-config/0.5.0-SNAPSHOT/hadoop-hdds-config-0.5.0-SNAPSHOT.jar:/home/user/.m2/repository/com/google/guava/guava/11.0.2/guava-11.0.2.jar:/home/user/.m2/repository/com/google/protobuf/protobuf-java/2.5.0/protobuf-java-2.5.0.jar:/home/user/.m2/repository/io/grpc/grpc-netty/1.17.1/grpc-netty-1.17.1.jar:/home/user/.m2/repository/io/grpc/grpc-core/1.17.1/grpc-core-1.17.1.jar:/home/user/.m2/repository/io/grpc/grpc-context/1.17.1/grpc-context-1.17.1.jar:/home/user/.m2/repository/com/google/errorprone/error_prone_annotations/2.2.0/error_prone_annotations-2.2.0.jar:/home/user/.m2/repository/org/codehaus/mojo/animal-sniffer-annotations/1.17/animal-sniffer-annotations-1.17.jar:/home/user/.m2/repository/io/opencensus/opencensus-api/0.17.0/opencensus-api-0.17.0.jar:/home/user/.m2/repository/io/opencensus/opencensus-contrib-grpc-metrics/0.17.0/opencensus-contrib-grpc-metrics-0.17.0.jar:/home/user/.m2/repository/io/netty/netty-codec-http2/4.1.30.Final/netty-codec-http2-4.1.30.Final.jar:/home/user/.m2/repository/io/netty/netty-codec-http/4.1.30.Final/netty-codec-http-4.1.30.Final.jar:/home/user/.m2/repository/io/netty/netty-codec/4.1.30.Final/netty-codec-4.1.30.Final.jar:/home/user/.m2/repository/io/netty/netty-handler/4.1.30.Final/netty-handler-4.1.30.Final.jar:/home/user/.m2/repository/io/netty/netty-handler-proxy/4.1.30.Final/netty-handler-proxy-4.1.30.Final.jar:/home/user/.m2/repository/io/netty/netty-codec-socks/4.1.30.Final/netty-codec-socks-4.1.30.Final.jar:/home/user/.m2/repository/io/netty/netty-transport-native-epoll/4.1.30.Final/netty-transport-native-epoll-4.1.30.Final.jar:/home/user/.m2/repository/io/netty/netty-common/4.1.30.Final/netty-common-4.1.30.Final.jar:/home/user/.m2/repository/io/netty/netty-buffer/4.1.30.Final/netty-buffer-4.1.30.Final.jar:/home/user/.m2/repository/io/netty/netty-transport/4.1.30.Final/netty-transport-4.1.30.Final.jar:/home/user/.m2/repository/io/netty/netty-resolver/4.1.30.Final/netty-resolver-4.1.30.Final.jar:/home/user/.m2/repository/io/netty/netty-transport-native-unix-common/4.1.30.Final/netty-transport-native-unix-common-4.1.30.Final.jar:/home/user/.m2/repository/io/grpc/grpc-protobuf/1.17.1/grpc-protobuf-1.17.1.jar:/home/user/.m2/repository/com/google/api/grpc/proto-google-common-protos/1.0.0/proto-google-common-protos-1.0.0.jar:/home/user/.m2/repository/io/grpc/grpc-protobuf-lite/1.17.1/grpc-protobuf-lite-1.17.1.jar:/home/user/.m2/repository/io/grpc/grpc-stub/1.17.1/grpc-stub-1.17.1.jar:/home/user/.m2/repository/org/apache/hadoop/hadoop-ozone-recon/0.5.0-SNAPSHOT/hadoop-ozone-recon-0.5.0-SNAPSHOT.jar:/home/user/.m2/repository/org/apache/hadoop/hadoop-ozone-reconcodegen/0.5.0-SNAPSHOT/hadoop-ozone-reconcodegen-0.5.0-SNAPSHOT.jar:/home/user/.m2/repository/com/google/inject/extensions/guice-multibindings/4.0/guice-multibindings-4.0.jar:/home/user/.m2/repository/com/google/inject/guice/4.0/guice-4.0.jar:/home/user/.m2/repository/aopalliance/aopalliance/1.0/aopalliance-1.0.jar:/home/user/.m2/repository/com/google/inject/extensions/guice-servlet/4.0/guice-servlet-4.0.jar:/home/user/.m2/repository/org/glassfish/jersey/containers/jersey-container-servlet/2.27/jersey-container-servlet-2.27.jar:/home/user/.m2/repository/org/glassfish/hk2/guice-bridge/2.5.0/guice-bridge-2.5.0.jar:/home/user/.m2/repository/org/glassfish/jersey/core/jersey-server/2.27/jersey-server-2.27.jar:/home/user/.m2/repository/org/glassfish/jersey/core/jersey-client/2.27/jersey-client-2.27.jar:/home/user/.m2/repository/org/glassfish/jersey/media/jersey-media-jaxb/2.27/jersey-media-jaxb-2.27.jar:/home/user/.m2/repository/javax/validation/validation-api/1.1.0.Final/validation-api-1.1.0.Final.jar:/home/user/.m2/repository/org/glassfish/jersey/media/jersey-media-json-jackson/2.27/jersey-media-json-jackson-2.27.jar:/home/user/.m2/repository/org/glassfish/jersey/ext/jersey-entity-filtering/2.27/jersey-entity-filtering-2.27.jar:/home/user/.m2/repository/com/google/inject/extensions/guice-assistedinject/4.0/guice-assistedinject-4.0.jar:/home/user/.m2/repository/org/jooq/jooq/3.11.10/jooq-3.11.10.jar:/home/user/.m2/repository/org/jooq/jooq-meta/3.11.10/jooq-meta-3.11.10.jar:/home/user/.m2/repository/org/jooq/jooq-codegen/3.11.10/jooq-codegen-3.11.10.jar:/home/user/.m2/repository/com/jolbox/bonecp/0.8.0.RELEASE/bonecp-0.8.0.RELEASE.jar:/home/user/.m2/repository/org/xerial/sqlite-jdbc/3.25.2/sqlite-jdbc-3.25.2.jar:/home/user/.m2/repository/org/springframework/spring-jdbc/5.1.3.RELEASE/spring-jdbc-5.1.3.RELEASE.jar:/home/user/.m2/repository/org/springframework/spring-beans/5.1.3.RELEASE/spring-beans-5.1.3.RELEASE.jar:/home/user/.m2/repository/org/springframework/spring-core/5.1.3.RELEASE/spring-core-5.1.3.RELEASE.jar:/home/user/.m2/repository/org/springframework/spring-jcl/5.1.3.RELEASE/spring-jcl-5.1.3.RELEASE.jar:/home/user/.m2/repository/org/springframework/spring-tx/5.1.3.RELEASE/spring-tx-5.1.3.RELEASE.jar:/home/user/.m2/repository/org/apache/hadoop/hadoop-ozone-client/0.5.0-SNAPSHOT/hadoop-ozone-client-0.5.0-SNAPSHOT.jar:/home/user/.m2/repository/org/apache/hadoop/hadoop-ozone-ozone-manager/0.5.0-SNAPSHOT/hadoop-ozone-ozone-manager-0.5.0-SNAPSHOT-tests.jar:/home/user/.m2/repository/junit/junit/4.11/junit-4.11.jar:/home/user/.m2/repository/org/hamcrest/hamcrest-core/1.3/hamcrest-core-1.3.jar:/home/user/.m2/repository/org/openjdk/jmh/jmh-core/1.19/jmh-core-1.19.jar:/home/user/.m2/repository/net/sf/jopt-simple/jopt-simple/4.6/jopt-simple-4.6.jar:/home/user/.m2/repository/org/apache/commons/commons-math3/3.1.1/commons-math3-3.1.1.jar:/home/user/.m2/repository/org/openjdk/jmh/jmh-generator-annprocess/1.19/jmh-generator-annprocess-1.19.jar:/home/user/.m2/repository/org/mockito/mockito-all/1.8.5/mockito-all-1.8.5.jar:/home/user/.m2/repository/org/apache/hadoop/hadoop-kms/3.2.0/hadoop-kms-3.2.0.jar:/home/user/.m2/repository/org/apache/hadoop/hadoop-auth/3.2.0/hadoop-auth-3.2.0.jar:/home/user/.m2/repository/com/nimbusds/nimbus-jose-jwt/4.41.1/nimbus-jose-jwt-4.41.1.jar:/home/user/.m2/repository/com/github/stephenc/jcip/jcip-annotations/1.0-1/jcip-annotations-1.0-1.jar:/home/user/.m2/repository/net/minidev/json-smart/2.3/json-smart-2.3.jar:/home/user/.m2/repository/net/minidev/accessors-smart/1.2/accessors-smart-1.2.jar:/home/user/.m2/repository/org/ow2/asm/asm/5.0.4/asm-5.0.4.jar:/home/user/.m2/repository/org/apache/curator/curator-framework/2.12.0/curator-framework-2.12.0.jar:/home/user/.m2/repository/com/sun/jersey/jersey-core/1.19/jersey-core-1.19.jar:/home/user/.m2/repository/javax/ws/rs/jsr311-api/1.1.1/jsr311-api-1.1.1.jar:/home/user/.m2/repository/com/sun/jersey/jersey-server/1.19/jersey-server-1.19.jar:/home/user/.m2/repository/javax/servlet/javax.servlet-api/3.1.0/javax.servlet-api-3.1.0.jar:/home/user/.m2/repository/org/eclipse/jetty/jetty-server/9.3.24.v20180605/jetty-server-9.3.24.v20180605.jar:/home/user/.m2/repository/org/eclipse/jetty/jetty-http/9.3.24.v20180605/jetty-http-9.3.24.v20180605.jar:/home/user/.m2/repository/org/eclipse/jetty/jetty-io/9.3.24.v20180605/jetty-io-9.3.24.v20180605.jar:/home/user/.m2/repository/org/eclipse/jetty/jetty-webapp/9.3.24.v20180605/jetty-webapp-9.3.24.v20180605.jar:/home/user/.m2/repository/org/eclipse/jetty/jetty-xml/9.3.24.v20180605/jetty-xml-9.3.24.v20180605.jar:/home/user/.m2/repository/log4j/log4j/1.2.17/log4j-1.2.17.jar:/home/user/.m2/repository/org/slf4j/slf4j-api/1.7.25/slf4j-api-1.7.25.jar:/home/user/.m2/repository/org/slf4j/jul-to-slf4j/1.7.25/jul-to-slf4j-1.7.25.jar:/home/user/.m2/repository/org/eclipse/jetty/jetty-util/9.3.24.v20180605/jetty-util-9.3.24.v20180605.jar:/home/user/.m2/repository/io/dropwizard/metrics/metrics-core/3.2.4/metrics-core-3.2.4.jar:/home/user/.m2/repository/com/fasterxml/jackson/core/jackson-databind/2.9.5/jackson-databind-2.9.5.jar:/home/user/.m2/repository/org/apache/hadoop/hadoop-kms/3.2.0/hadoop-kms-3.2.0-tests.jar:/home/user/.m2/repository/org/apache/hadoop/hadoop-hdds-server-scm/0.5.0-SNAPSHOT/hadoop-hdds-server-scm-0.5.0-SNAPSHOT-tests.jar:/home/user/.m2/repository/org/hamcrest/hamcrest-all/1.3/hamcrest-all-1.3.jar:/home/user/.m2/repository/info/picocli/picocli/3.9.6/picocli-3.9.6.jar:/home/user/.m2/repository/org/apache/hadoop/hadoop-hdds-container-service/0.5.0-SNAPSHOT/hadoop-hdds-container-service-0.5.0-SNAPSHOT-tests.jar:/home/user/.m2/repository/org/yaml/snakeyaml/1.16/snakeyaml-1.16.jar:/home/user/.m2/repository/org/apache/hadoop/hadoop-common/3.2.0/hadoop-common-3.2.0-tests.jar:/home/user/.m2/repository/org/apache/hadoop/hadoop-annotations/3.2.0/hadoop-annotations-3.2.0.jar:/usr/lib/jvm/java-1.8-openjdk/jre/../lib/tools.jar:/home/user/.m2/repository/commons-cli/commons-cli/1.2/commons-cli-1.2.jar:/home/user/.m2/repository/org/apache/httpcomponents/httpclient/4.5.2/httpclient-4.5.2.jar:/home/user/.m2/repository/org/apache/httpcomponents/httpcore/4.4.4/httpcore-4.4.4.jar:/home/user/.m2/repository/commons-codec/commons-codec/1.11/commons-codec-1.11.jar:/home/user/.m2/repository/commons-net/commons-net/3.6/commons-net-3.6.jar:/home/user/.m2/repository/commons-collections/commons-collections/3.2.2/commons-collections-3.2.2.jar:/home/user/.m2/repository/org/eclipse/jetty/jetty-servlet/9.3.24.v20180605/jetty-servlet-9.3.24.v20180605.jar:/home/user/.m2/repository/org/eclipse/jetty/jetty-security/9.3.24.v20180605/jetty-security-9.3.24.v20180605.jar:/home/user/.m2/repository/javax/servlet/jsp/jsp-api/2.1/jsp-api-2.1.jar:/home/user/.m2/repository/com/sun/jersey/jersey-servlet/1.19/jersey-servlet-1.19.jar:/home/user/.m2/repository/com/sun/jersey/jersey-json/1.19/jersey-json-1.19.jar:/home/user/.m2/repository/org/codehaus/jettison/jettison/1.1/jettison-1.1.jar:/home/user/.m2/repository/org/codehaus/jackson/jackson-core-asl/1.9.13/jackson-core-asl-1.9.13.jar:/home/user/.m2/repository/org/codehaus/jackson/jackson-mapper-asl/1.9.13/jackson-mapper-asl-1.9.13.jar:/home/user/.m2/repository/org/codehaus/jackson/jackson-jaxrs/1.9.13/jackson-jaxrs-1.9.13.jar:/home/user/.m2/repository/org/codehaus/jackson/jackson-xc/1.9.13/jackson-xc-1.9.13.jar:/home/user/.m2/repository/commons-logging/commons-logging/1.1.3/commons-logging-1.1.3.jar:/home/user/.m2/repository/commons-beanutils/commons-beanutils/1.9.3/commons-beanutils-1.9.3.jar:/home/user/.m2/repository/org/apache/commons/commons-configuration2/2.1.1/commons-configuration2-2.1.1.jar:/home/user/.m2/repository/org/apache/commons/commons-lang3/3.7/commons-lang3-3.7.jar:/home/user/.m2/repository/org/apache/commons/commons-text/1.4/commons-text-1.4.jar:/home/user/.m2/repository/org/apache/avro/avro/1.7.7/avro-1.7.7.jar:/home/user/.m2/repository/com/thoughtworks/paranamer/paranamer/2.3/paranamer-2.3.jar:/home/user/.m2/repository/org/xerial/snappy/snappy-java/1.0.5/snappy-java-1.0.5.jar:/home/user/.m2/repository/com/google/re2j/re2j/1.1/re2j-1.1.jar:/home/user/.m2/repository/com/google/code/gson/gson/2.2.4/gson-2.2.4.jar:/home/user/.m2/repository/com/jcraft/jsch/0.1.54/jsch-0.1.54.jar:/home/user/.m2/repository/org/apache/curator/curator-client/2.12.0/curator-client-2.12.0.jar:/home/user/.m2/repository/org/apache/curator/curator-recipes/2.12.0/curator-recipes-2.12.0.jar:/home/user/.m2/repository/com/google/code/findbugs/jsr305/3.0.0/jsr305-3.0.0.jar:/home/user/.m2/repository/org/apache/htrace/htrace-core4/4.1.0-incubating/htrace-core4-4.1.0-incubating.jar:/home/user/.m2/repository/org/apache/zookeeper/zookeeper/3.4.13/zookeeper-3.4.13.jar:/home/user/.m2/repository/org/apache/yetus/audience-annotations/0.5.0/audience-annotations-0.5.0.jar:/home/user/.m2/repository/org/codehaus/woodstox/stax2-api/3.1.4/stax2-api-3.1.4.jar:/home/user/.m2/repository/com/fasterxml/woodstox/woodstox-core/5.0.3/woodstox-core-5.0.3.jar:/home/user/.m2/repository/dnsjava/dnsjava/2.1.7/dnsjava-2.1.7.jar:/home/user/.m2/repository/org/apache/hadoop/hadoop-hdfs/3.2.0/hadoop-hdfs-3.2.0-tests.jar:/home/user/.m2/repository/org/eclipse/jetty/jetty-util-ajax/9.3.24.v20180605/jetty-util-ajax-9.3.24.v20180605.jar:/home/user/.m2/repository/commons-daemon/commons-daemon/1.0.13/commons-daemon-1.0.13.jar:/home/user/.m2/repository/io/netty/netty/3.10.5.Final/netty-3.10.5.Final.jar:/home/user/.m2/repository/io/netty/netty-all/4.0.52.Final/netty-all-4.0.52.Final.jar:/home/user/.m2/repository/org/fusesource/leveldbjni/leveldbjni-all/1.8/leveldbjni-all-1.8.jar:"/>
    <property name="java.vm.vendor" value="IcedTea"/>
    <property name="sun.arch.data.model" value="64"/>
    <property name="test.build.dir" value="/opt/src/hadoop-ozone/integration-test/target/test-dir"/>
    <property name="test.cache.data" value=""/>
    <property name="java.vendor.url" value="https://icedtea.classpath.org"/>
    <property name="user.timezone" value=""/>
    <property name="java.vm.specification.version" value="1.8"/>
    <property name="os.name" value="Linux"/>
    <property name="test.build.data" value="/opt/src/hadoop-ozone/integration-test/target/test-dir"/>
    <property name="user.country" value="US"/>
    <property name="sun.java.launcher" value="SUN_STANDARD"/>
    <property name="sun.boot.library.path" value="/usr/lib/jvm/java-1.8-openjdk/jre/lib/amd64"/>
    <property name="sun.java.command" value="/opt/src/hadoop-ozone/integration-test/target/surefire/surefirebooter5823356243105915534.jar /opt/src/hadoop-ozone/integration-test/target/surefire 2019-06-15T11-35-22_751-jvmRun1 surefire6529834805136589328tmp surefire_8256114091460868839tmp"/>
    <property name="surefire.test.class.path" value="/opt/src/hadoop-ozone/integration-test/target/test-classes:/opt/src/hadoop-ozone/integration-test/target/classes:/home/user/.m2/repository/org/apache/hadoop/hadoop-ozone-common/0.5.0-SNAPSHOT/hadoop-ozone-common-0.5.0-SNAPSHOT.jar:/home/user/.m2/repository/org/apache/commons/commons-compress/1.4.1/commons-compress-1.4.1.jar:/home/user/.m2/repository/org/tukaani/xz/1.0/xz-1.0.jar:/home/user/.m2/repository/org/apache/hadoop/hadoop-common/3.2.0/hadoop-common-3.2.0.jar:/home/user/.m2/repository/org/apache/hadoop/hadoop-hdfs/3.2.0/hadoop-hdfs-3.2.0.jar:/home/user/.m2/repository/org/apache/hadoop/hadoop-hdfs-client/3.2.0/hadoop-hdfs-client-3.2.0.jar:/home/user/.m2/repository/com/fasterxml/jackson/core/jackson-annotations/2.9.5/jackson-annotations-2.9.5.jar:/home/user/.m2/repository/org/apache/hadoop/hadoop-hdds-common/0.5.0-SNAPSHOT/hadoop-hdds-common-0.5.0-SNAPSHOT.jar:/home/user/.m2/repository/javax/annotation/javax.annotation-api/1.2/javax.annotation-api-1.2.jar:/home/user/.m2/repository/org/apache/ratis/ratis-server/0.4.0-fe2b15d-SNAPSHOT/ratis-server-0.4.0-fe2b15d-SNAPSHOT.jar:/home/user/.m2/repository/org/apache/ratis/ratis-thirdparty-misc/0.2.0/ratis-thirdparty-misc-0.2.0.jar:/home/user/.m2/repository/org/apache/ratis/ratis-proto/0.4.0-fe2b15d-SNAPSHOT/ratis-proto-0.4.0-fe2b15d-SNAPSHOT.jar:/home/user/.m2/repository/org/apache/ratis/ratis-common/0.4.0-fe2b15d-SNAPSHOT/ratis-common-0.4.0-fe2b15d-SNAPSHOT.jar:/home/user/.m2/repository/org/apache/ratis/ratis-client/0.4.0-fe2b15d-SNAPSHOT/ratis-client-0.4.0-fe2b15d-SNAPSHOT.jar:/home/user/.m2/repository/org/apache/ratis/ratis-netty/0.4.0-fe2b15d-SNAPSHOT/ratis-netty-0.4.0-fe2b15d-SNAPSHOT.jar:/home/user/.m2/repository/org/apache/ratis/ratis-grpc/0.4.0-fe2b15d-SNAPSHOT/ratis-grpc-0.4.0-fe2b15d-SNAPSHOT.jar:/home/user/.m2/repository/org/rocksdb/rocksdbjni/5.14.2/rocksdbjni-5.14.2.jar:/home/user/.m2/repository/org/apache/logging/log4j/log4j-api/2.11.0/log4j-api-2.11.0.jar:/home/user/.m2/repository/org/apache/logging/log4j/log4j-core/2.11.0/log4j-core-2.11.0.jar:/home/user/.m2/repository/com/lmax/disruptor/3.4.2/disruptor-3.4.2.jar:/home/user/.m2/repository/org/apache/commons/commons-pool2/2.6.0/commons-pool2-2.6.0.jar:/home/user/.m2/repository/org/bouncycastle/bcpkix-jdk15on/1.60/bcpkix-jdk15on-1.60.jar:/home/user/.m2/repository/commons-validator/commons-validator/1.6/commons-validator-1.6.jar:/home/user/.m2/repository/commons-digester/commons-digester/1.8.1/commons-digester-1.8.1.jar:/home/user/.m2/repository/io/jaegertracing/jaeger-client/0.33.1/jaeger-client-0.33.1.jar:/home/user/.m2/repository/io/jaegertracing/jaeger-thrift/0.33.1/jaeger-thrift-0.33.1.jar:/home/user/.m2/repository/org/apache/thrift/libthrift/0.11.0/libthrift-0.11.0.jar:/home/user/.m2/repository/com/squareup/okhttp3/okhttp/3.9.0/okhttp-3.9.0.jar:/home/user/.m2/repository/com/squareup/okio/okio/1.13.0/okio-1.13.0.jar:/home/user/.m2/repository/io/jaegertracing/jaeger-core/0.33.1/jaeger-core-0.33.1.jar:/home/user/.m2/repository/io/jaegertracing/jaeger-tracerresolver/0.33.1/jaeger-tracerresolver-0.33.1.jar:/home/user/.m2/repository/io/opentracing/contrib/opentracing-tracerresolver/0.1.5/opentracing-tracerresolver-0.1.5.jar:/home/user/.m2/repository/io/opentracing/opentracing-util/0.31.0/opentracing-util-0.31.0.jar:/home/user/.m2/repository/io/opentracing/opentracing-api/0.31.0/opentracing-api-0.31.0.jar:/home/user/.m2/repository/io/opentracing/opentracing-noop/0.31.0/opentracing-noop-0.31.0.jar:/home/user/.m2/repository/org/apache/hadoop/hadoop-hdds-server-framework/0.5.0-SNAPSHOT/hadoop-hdds-server-framework-0.5.0-SNAPSHOT.jar:/home/user/.m2/repository/org/apache/hadoop/hadoop-hdds-server-scm/0.5.0-SNAPSHOT/hadoop-hdds-server-scm-0.5.0-SNAPSHOT.jar:/home/user/.m2/repository/org/apache/hadoop/hadoop-hdds-container-service/0.5.0-SNAPSHOT/hadoop-hdds-container-service-0.5.0-SNAPSHOT.jar:/home/user/.m2/repository/org/apache/hadoop/hadoop-hdds-client/0.5.0-SNAPSHOT/hadoop-hdds-client-0.5.0-SNAPSHOT.jar:/home/user/.m2/repository/org/apache/hadoop/hadoop-hdds-tools/0.5.0-SNAPSHOT/hadoop-hdds-tools-0.5.0-SNAPSHOT.jar:/home/user/.m2/repository/org/apache/hadoop/hadoop-ozone-ozone-manager/0.5.0-SNAPSHOT/hadoop-ozone-ozone-manager-0.5.0-SNAPSHOT.jar:/home/user/.m2/repository/org/apache/hadoop/hadoop-hdds-docs/0.5.0-SNAPSHOT/hadoop-hdds-docs-0.5.0-SNAPSHOT.jar:/home/user/.m2/repository/org/bouncycastle/bcprov-jdk15on/1.60/bcprov-jdk15on-1.60.jar:/home/user/.m2/repository/org/apache/hadoop/hadoop-minikdc/3.2.0/hadoop-minikdc-3.2.0.jar:/home/user/.m2/repository/commons-io/commons-io/2.5/commons-io-2.5.jar:/home/user/.m2/repository/org/apache/kerby/kerb-simplekdc/1.0.1/kerb-simplekdc-1.0.1.jar:/home/user/.m2/repository/org/apache/kerby/kerb-client/1.0.1/kerb-client-1.0.1.jar:/home/user/.m2/repository/org/apache/kerby/kerby-config/1.0.1/kerby-config-1.0.1.jar:/home/user/.m2/repository/org/apache/kerby/kerb-core/1.0.1/kerb-core-1.0.1.jar:/home/user/.m2/repository/org/apache/kerby/kerby-pkix/1.0.1/kerby-pkix-1.0.1.jar:/home/user/.m2/repository/org/apache/kerby/kerby-asn1/1.0.1/kerby-asn1-1.0.1.jar:/home/user/.m2/repository/org/apache/kerby/kerby-util/1.0.1/kerby-util-1.0.1.jar:/home/user/.m2/repository/org/apache/kerby/kerb-common/1.0.1/kerb-common-1.0.1.jar:/home/user/.m2/repository/org/apache/kerby/kerb-crypto/1.0.1/kerb-crypto-1.0.1.jar:/home/user/.m2/repository/org/apache/kerby/kerb-util/1.0.1/kerb-util-1.0.1.jar:/home/user/.m2/repository/org/apache/kerby/token-provider/1.0.1/token-provider-1.0.1.jar:/home/user/.m2/repository/org/apache/kerby/kerb-admin/1.0.1/kerb-admin-1.0.1.jar:/home/user/.m2/repository/org/apache/kerby/kerb-server/1.0.1/kerb-server-1.0.1.jar:/home/user/.m2/repository/org/apache/kerby/kerb-identity/1.0.1/kerb-identity-1.0.1.jar:/home/user/.m2/repository/org/apache/kerby/kerby-xdr/1.0.1/kerby-xdr-1.0.1.jar:/home/user/.m2/repository/org/slf4j/slf4j-log4j12/1.7.25/slf4j-log4j12-1.7.25.jar:/home/user/.m2/repository/org/apache/hadoop/hadoop-ozone-objectstore-service/0.5.0-SNAPSHOT/hadoop-ozone-objectstore-service-0.5.0-SNAPSHOT.jar:/home/user/.m2/repository/org/apache/hadoop/hadoop-ozone-s3gateway/0.5.0-SNAPSHOT/hadoop-ozone-s3gateway-0.5.0-SNAPSHOT.jar:/home/user/.m2/repository/org/jboss/weld/servlet/weld-servlet/2.4.7.Final/weld-servlet-2.4.7.Final.jar:/home/user/.m2/repository/org/glassfish/jersey/containers/jersey-container-servlet-core/2.27/jersey-container-servlet-core-2.27.jar:/home/user/.m2/repository/org/glassfish/hk2/external/javax.inject/2.5.0-b42/javax.inject-2.5.0-b42.jar:/home/user/.m2/repository/org/glassfish/jersey/core/jersey-common/2.27/jersey-common-2.27.jar:/home/user/.m2/repository/org/glassfish/hk2/osgi-resource-locator/1.0.1/osgi-resource-locator-1.0.1.jar:/home/user/.m2/repository/javax/ws/rs/javax.ws.rs-api/2.1/javax.ws.rs-api-2.1.jar:/home/user/.m2/repository/org/glassfish/jersey/ext/cdi/jersey-cdi1x/2.27/jersey-cdi1x-2.27.jar:/home/user/.m2/repository/org/glassfish/jersey/inject/jersey-hk2/2.27/jersey-hk2-2.27.jar:/home/user/.m2/repository/org/glassfish/hk2/hk2-locator/2.5.0-b42/hk2-locator-2.5.0-b42.jar:/home/user/.m2/repository/org/javassist/javassist/3.22.0-CR2/javassist-3.22.0-CR2.jar:/home/user/.m2/repository/org/glassfish/hk2/hk2-api/2.5.0/hk2-api-2.5.0.jar:/home/user/.m2/repository/org/glassfish/hk2/external/jakarta.inject/2.5.0/jakarta.inject-2.5.0.jar:/home/user/.m2/repository/org/glassfish/hk2/hk2-utils/2.5.0/hk2-utils-2.5.0.jar:/home/user/.m2/repository/jakarta/annotation/jakarta.annotation-api/1.3.4/jakarta.annotation-api-1.3.4.jar:/home/user/.m2/repository/org/glassfish/hk2/external/aopalliance-repackaged/2.5.0/aopalliance-repackaged-2.5.0.jar:/home/user/.m2/repository/com/fasterxml/jackson/dataformat/jackson-dataformat-xml/2.9.0/jackson-dataformat-xml-2.9.0.jar:/home/user/.m2/repository/com/fasterxml/jackson/core/jackson-core/2.9.5/jackson-core-2.9.5.jar:/home/user/.m2/repository/com/fasterxml/jackson/module/jackson-module-jaxb-annotations/2.9.5/jackson-module-jaxb-annotations-2.9.5.jar:/home/user/.m2/repository/javax/enterprise/cdi-api/1.2/cdi-api-1.2.jar:/home/user/.m2/repository/javax/el/javax.el-api/3.0.0/javax.el-api-3.0.0.jar:/home/user/.m2/repository/javax/interceptor/javax.interceptor-api/1.2/javax.interceptor-api-1.2.jar:/home/user/.m2/repository/javax/inject/javax.inject/1/javax.inject-1.jar:/home/user/.m2/repository/com/sun/xml/bind/jaxb-impl/2.3.0.1/jaxb-impl-2.3.0.1.jar:/home/user/.m2/repository/com/sun/xml/bind/jaxb-core/2.3.0.1/jaxb-core-2.3.0.1.jar:/home/user/.m2/repository/javax/xml/bind/jaxb-api/2.3.0/jaxb-api-2.3.0.jar:/home/user/.m2/repository/javax/activation/activation/1.1.1/activation-1.1.1.jar:/home/user/.m2/repository/org/apache/hadoop/hadoop-ozone-csi/0.5.0-SNAPSHOT/hadoop-ozone-csi-0.5.0-SNAPSHOT.jar:/home/user/.m2/repository/com/google/protobuf/protobuf-java-util/3.5.1/protobuf-java-util-3.5.1.jar:/home/user/.m2/repository/org/apache/hadoop/hadoop-hdds-config/0.5.0-SNAPSHOT/hadoop-hdds-config-0.5.0-SNAPSHOT.jar:/home/user/.m2/repository/com/google/guava/guava/11.0.2/guava-11.0.2.jar:/home/user/.m2/repository/com/google/protobuf/protobuf-java/2.5.0/protobuf-java-2.5.0.jar:/home/user/.m2/repository/io/grpc/grpc-netty/1.17.1/grpc-netty-1.17.1.jar:/home/user/.m2/repository/io/grpc/grpc-core/1.17.1/grpc-core-1.17.1.jar:/home/user/.m2/repository/io/grpc/grpc-context/1.17.1/grpc-context-1.17.1.jar:/home/user/.m2/repository/com/google/errorprone/error_prone_annotations/2.2.0/error_prone_annotations-2.2.0.jar:/home/user/.m2/repository/org/codehaus/mojo/animal-sniffer-annotations/1.17/animal-sniffer-annotations-1.17.jar:/home/user/.m2/repository/io/opencensus/opencensus-api/0.17.0/opencensus-api-0.17.0.jar:/home/user/.m2/repository/io/opencensus/opencensus-contrib-grpc-metrics/0.17.0/opencensus-contrib-grpc-metrics-0.17.0.jar:/home/user/.m2/repository/io/netty/netty-codec-http2/4.1.30.Final/netty-codec-http2-4.1.30.Final.jar:/home/user/.m2/repository/io/netty/netty-codec-http/4.1.30.Final/netty-codec-http-4.1.30.Final.jar:/home/user/.m2/repository/io/netty/netty-codec/4.1.30.Final/netty-codec-4.1.30.Final.jar:/home/user/.m2/repository/io/netty/netty-handler/4.1.30.Final/netty-handler-4.1.30.Final.jar:/home/user/.m2/repository/io/netty/netty-handler-proxy/4.1.30.Final/netty-handler-proxy-4.1.30.Final.jar:/home/user/.m2/repository/io/netty/netty-codec-socks/4.1.30.Final/netty-codec-socks-4.1.30.Final.jar:/home/user/.m2/repository/io/netty/netty-transport-native-epoll/4.1.30.Final/netty-transport-native-epoll-4.1.30.Final.jar:/home/user/.m2/repository/io/netty/netty-common/4.1.30.Final/netty-common-4.1.30.Final.jar:/home/user/.m2/repository/io/netty/netty-buffer/4.1.30.Final/netty-buffer-4.1.30.Final.jar:/home/user/.m2/repository/io/netty/netty-transport/4.1.30.Final/netty-transport-4.1.30.Final.jar:/home/user/.m2/repository/io/netty/netty-resolver/4.1.30.Final/netty-resolver-4.1.30.Final.jar:/home/user/.m2/repository/io/netty/netty-transport-native-unix-common/4.1.30.Final/netty-transport-native-unix-common-4.1.30.Final.jar:/home/user/.m2/repository/io/grpc/grpc-protobuf/1.17.1/grpc-protobuf-1.17.1.jar:/home/user/.m2/repository/com/google/api/grpc/proto-google-common-protos/1.0.0/proto-google-common-protos-1.0.0.jar:/home/user/.m2/repository/io/grpc/grpc-protobuf-lite/1.17.1/grpc-protobuf-lite-1.17.1.jar:/home/user/.m2/repository/io/grpc/grpc-stub/1.17.1/grpc-stub-1.17.1.jar:/home/user/.m2/repository/org/apache/hadoop/hadoop-ozone-recon/0.5.0-SNAPSHOT/hadoop-ozone-recon-0.5.0-SNAPSHOT.jar:/home/user/.m2/repository/org/apache/hadoop/hadoop-ozone-reconcodegen/0.5.0-SNAPSHOT/hadoop-ozone-reconcodegen-0.5.0-SNAPSHOT.jar:/home/user/.m2/repository/com/google/inject/extensions/guice-multibindings/4.0/guice-multibindings-4.0.jar:/home/user/.m2/repository/com/google/inject/guice/4.0/guice-4.0.jar:/home/user/.m2/repository/aopalliance/aopalliance/1.0/aopalliance-1.0.jar:/home/user/.m2/repository/com/google/inject/extensions/guice-servlet/4.0/guice-servlet-4.0.jar:/home/user/.m2/repository/org/glassfish/jersey/containers/jersey-container-servlet/2.27/jersey-container-servlet-2.27.jar:/home/user/.m2/repository/org/glassfish/hk2/guice-bridge/2.5.0/guice-bridge-2.5.0.jar:/home/user/.m2/repository/org/glassfish/jersey/core/jersey-server/2.27/jersey-server-2.27.jar:/home/user/.m2/repository/org/glassfish/jersey/core/jersey-client/2.27/jersey-client-2.27.jar:/home/user/.m2/repository/org/glassfish/jersey/media/jersey-media-jaxb/2.27/jersey-media-jaxb-2.27.jar:/home/user/.m2/repository/javax/validation/validation-api/1.1.0.Final/validation-api-1.1.0.Final.jar:/home/user/.m2/repository/org/glassfish/jersey/media/jersey-media-json-jackson/2.27/jersey-media-json-jackson-2.27.jar:/home/user/.m2/repository/org/glassfish/jersey/ext/jersey-entity-filtering/2.27/jersey-entity-filtering-2.27.jar:/home/user/.m2/repository/com/google/inject/extensions/guice-assistedinject/4.0/guice-assistedinject-4.0.jar:/home/user/.m2/repository/org/jooq/jooq/3.11.10/jooq-3.11.10.jar:/home/user/.m2/repository/org/jooq/jooq-meta/3.11.10/jooq-meta-3.11.10.jar:/home/user/.m2/repository/org/jooq/jooq-codegen/3.11.10/jooq-codegen-3.11.10.jar:/home/user/.m2/repository/com/jolbox/bonecp/0.8.0.RELEASE/bonecp-0.8.0.RELEASE.jar:/home/user/.m2/repository/org/xerial/sqlite-jdbc/3.25.2/sqlite-jdbc-3.25.2.jar:/home/user/.m2/repository/org/springframework/spring-jdbc/5.1.3.RELEASE/spring-jdbc-5.1.3.RELEASE.jar:/home/user/.m2/repository/org/springframework/spring-beans/5.1.3.RELEASE/spring-beans-5.1.3.RELEASE.jar:/home/user/.m2/repository/org/springframework/spring-core/5.1.3.RELEASE/spring-core-5.1.3.RELEASE.jar:/home/user/.m2/repository/org/springframework/spring-jcl/5.1.3.RELEASE/spring-jcl-5.1.3.RELEASE.jar:/home/user/.m2/repository/org/springframework/spring-tx/5.1.3.RELEASE/spring-tx-5.1.3.RELEASE.jar:/home/user/.m2/repository/org/apache/hadoop/hadoop-ozone-client/0.5.0-SNAPSHOT/hadoop-ozone-client-0.5.0-SNAPSHOT.jar:/home/user/.m2/repository/org/apache/hadoop/hadoop-ozone-ozone-manager/0.5.0-SNAPSHOT/hadoop-ozone-ozone-manager-0.5.0-SNAPSHOT-tests.jar:/home/user/.m2/repository/junit/junit/4.11/junit-4.11.jar:/home/user/.m2/repository/org/hamcrest/hamcrest-core/1.3/hamcrest-core-1.3.jar:/home/user/.m2/repository/org/openjdk/jmh/jmh-core/1.19/jmh-core-1.19.jar:/home/user/.m2/repository/net/sf/jopt-simple/jopt-simple/4.6/jopt-simple-4.6.jar:/home/user/.m2/repository/org/apache/commons/commons-math3/3.1.1/commons-math3-3.1.1.jar:/home/user/.m2/repository/org/openjdk/jmh/jmh-generator-annprocess/1.19/jmh-generator-annprocess-1.19.jar:/home/user/.m2/repository/org/mockito/mockito-all/1.8.5/mockito-all-1.8.5.jar:/home/user/.m2/repository/org/apache/hadoop/hadoop-kms/3.2.0/hadoop-kms-3.2.0.jar:/home/user/.m2/repository/org/apache/hadoop/hadoop-auth/3.2.0/hadoop-auth-3.2.0.jar:/home/user/.m2/repository/com/nimbusds/nimbus-jose-jwt/4.41.1/nimbus-jose-jwt-4.41.1.jar:/home/user/.m2/repository/com/github/stephenc/jcip/jcip-annotations/1.0-1/jcip-annotations-1.0-1.jar:/home/user/.m2/repository/net/minidev/json-smart/2.3/json-smart-2.3.jar:/home/user/.m2/repository/net/minidev/accessors-smart/1.2/accessors-smart-1.2.jar:/home/user/.m2/repository/org/ow2/asm/asm/5.0.4/asm-5.0.4.jar:/home/user/.m2/repository/org/apache/curator/curator-framework/2.12.0/curator-framework-2.12.0.jar:/home/user/.m2/repository/com/sun/jersey/jersey-core/1.19/jersey-core-1.19.jar:/home/user/.m2/repository/javax/ws/rs/jsr311-api/1.1.1/jsr311-api-1.1.1.jar:/home/user/.m2/repository/com/sun/jersey/jersey-server/1.19/jersey-server-1.19.jar:/home/user/.m2/repository/javax/servlet/javax.servlet-api/3.1.0/javax.servlet-api-3.1.0.jar:/home/user/.m2/repository/org/eclipse/jetty/jetty-server/9.3.24.v20180605/jetty-server-9.3.24.v20180605.jar:/home/user/.m2/repository/org/eclipse/jetty/jetty-http/9.3.24.v20180605/jetty-http-9.3.24.v20180605.jar:/home/user/.m2/repository/org/eclipse/jetty/jetty-io/9.3.24.v20180605/jetty-io-9.3.24.v20180605.jar:/home/user/.m2/repository/org/eclipse/jetty/jetty-webapp/9.3.24.v20180605/jetty-webapp-9.3.24.v20180605.jar:/home/user/.m2/repository/org/eclipse/jetty/jetty-xml/9.3.24.v20180605/jetty-xml-9.3.24.v20180605.jar:/home/user/.m2/repository/log4j/log4j/1.2.17/log4j-1.2.17.jar:/home/user/.m2/repository/org/slf4j/slf4j-api/1.7.25/slf4j-api-1.7.25.jar:/home/user/.m2/repository/org/slf4j/jul-to-slf4j/1.7.25/jul-to-slf4j-1.7.25.jar:/home/user/.m2/repository/org/eclipse/jetty/jetty-util/9.3.24.v20180605/jetty-util-9.3.24.v20180605.jar:/home/user/.m2/repository/io/dropwizard/metrics/metrics-core/3.2.4/metrics-core-3.2.4.jar:/home/user/.m2/repository/com/fasterxml/jackson/core/jackson-databind/2.9.5/jackson-databind-2.9.5.jar:/home/user/.m2/repository/org/apache/hadoop/hadoop-kms/3.2.0/hadoop-kms-3.2.0-tests.jar:/home/user/.m2/repository/org/apache/hadoop/hadoop-hdds-server-scm/0.5.0-SNAPSHOT/hadoop-hdds-server-scm-0.5.0-SNAPSHOT-tests.jar:/home/user/.m2/repository/org/hamcrest/hamcrest-all/1.3/hamcrest-all-1.3.jar:/home/user/.m2/repository/info/picocli/picocli/3.9.6/picocli-3.9.6.jar:/home/user/.m2/repository/org/apache/hadoop/hadoop-hdds-container-service/0.5.0-SNAPSHOT/hadoop-hdds-container-service-0.5.0-SNAPSHOT-tests.jar:/home/user/.m2/repository/org/yaml/snakeyaml/1.16/snakeyaml-1.16.jar:/home/user/.m2/repository/org/apache/hadoop/hadoop-common/3.2.0/hadoop-common-3.2.0-tests.jar:/home/user/.m2/repository/org/apache/hadoop/hadoop-annotations/3.2.0/hadoop-annotations-3.2.0.jar:/usr/lib/jvm/java-1.8-openjdk/jre/../lib/tools.jar:/home/user/.m2/repository/commons-cli/commons-cli/1.2/commons-cli-1.2.jar:/home/user/.m2/repository/org/apache/httpcomponents/httpclient/4.5.2/httpclient-4.5.2.jar:/home/user/.m2/repository/org/apache/httpcomponents/httpcore/4.4.4/httpcore-4.4.4.jar:/home/user/.m2/repository/commons-codec/commons-codec/1.11/commons-codec-1.11.jar:/home/user/.m2/repository/commons-net/commons-net/3.6/commons-net-3.6.jar:/home/user/.m2/repository/commons-collections/commons-collections/3.2.2/commons-collections-3.2.2.jar:/home/user/.m2/repository/org/eclipse/jetty/jetty-servlet/9.3.24.v20180605/jetty-servlet-9.3.24.v20180605.jar:/home/user/.m2/repository/org/eclipse/jetty/jetty-security/9.3.24.v20180605/jetty-security-9.3.24.v20180605.jar:/home/user/.m2/repository/javax/servlet/jsp/jsp-api/2.1/jsp-api-2.1.jar:/home/user/.m2/repository/com/sun/jersey/jersey-servlet/1.19/jersey-servlet-1.19.jar:/home/user/.m2/repository/com/sun/jersey/jersey-json/1.19/jersey-json-1.19.jar:/home/user/.m2/repository/org/codehaus/jettison/jettison/1.1/jettison-1.1.jar:/home/user/.m2/repository/org/codehaus/jackson/jackson-core-asl/1.9.13/jackson-core-asl-1.9.13.jar:/home/user/.m2/repository/org/codehaus/jackson/jackson-mapper-asl/1.9.13/jackson-mapper-asl-1.9.13.jar:/home/user/.m2/repository/org/codehaus/jackson/jackson-jaxrs/1.9.13/jackson-jaxrs-1.9.13.jar:/home/user/.m2/repository/org/codehaus/jackson/jackson-xc/1.9.13/jackson-xc-1.9.13.jar:/home/user/.m2/repository/commons-logging/commons-logging/1.1.3/commons-logging-1.1.3.jar:/home/user/.m2/repository/commons-beanutils/commons-beanutils/1.9.3/commons-beanutils-1.9.3.jar:/home/user/.m2/repository/org/apache/commons/commons-configuration2/2.1.1/commons-configuration2-2.1.1.jar:/home/user/.m2/repository/org/apache/commons/commons-lang3/3.7/commons-lang3-3.7.jar:/home/user/.m2/repository/org/apache/commons/commons-text/1.4/commons-text-1.4.jar:/home/user/.m2/repository/org/apache/avro/avro/1.7.7/avro-1.7.7.jar:/home/user/.m2/repository/com/thoughtworks/paranamer/paranamer/2.3/paranamer-2.3.jar:/home/user/.m2/repository/org/xerial/snappy/snappy-java/1.0.5/snappy-java-1.0.5.jar:/home/user/.m2/repository/com/google/re2j/re2j/1.1/re2j-1.1.jar:/home/user/.m2/repository/com/google/code/gson/gson/2.2.4/gson-2.2.4.jar:/home/user/.m2/repository/com/jcraft/jsch/0.1.54/jsch-0.1.54.jar:/home/user/.m2/repository/org/apache/curator/curator-client/2.12.0/curator-client-2.12.0.jar:/home/user/.m2/repository/org/apache/curator/curator-recipes/2.12.0/curator-recipes-2.12.0.jar:/home/user/.m2/repository/com/google/code/findbugs/jsr305/3.0.0/jsr305-3.0.0.jar:/home/user/.m2/repository/org/apache/htrace/htrace-core4/4.1.0-incubating/htrace-core4-4.1.0-incubating.jar:/home/user/.m2/repository/org/apache/zookeeper/zookeeper/3.4.13/zookeeper-3.4.13.jar:/home/user/.m2/repository/org/apache/yetus/audience-annotations/0.5.0/audience-annotations-0.5.0.jar:/home/user/.m2/repository/org/codehaus/woodstox/stax2-api/3.1.4/stax2-api-3.1.4.jar:/home/user/.m2/repository/com/fasterxml/woodstox/woodstox-core/5.0.3/woodstox-core-5.0.3.jar:/home/user/.m2/repository/dnsjava/dnsjava/2.1.7/dnsjava-2.1.7.jar:/home/user/.m2/repository/org/apache/hadoop/hadoop-hdfs/3.2.0/hadoop-hdfs-3.2.0-tests.jar:/home/user/.m2/repository/org/eclipse/jetty/jetty-util-ajax/9.3.24.v20180605/jetty-util-ajax-9.3.24.v20180605.jar:/home/user/.m2/repository/commons-daemon/commons-daemon/1.0.13/commons-daemon-1.0.13.jar:/home/user/.m2/repository/io/netty/netty/3.10.5.Final/netty-3.10.5.Final.jar:/home/user/.m2/repository/io/netty/netty-all/4.0.52.Final/netty-all-4.0.52.Final.jar:/home/user/.m2/repository/org/fusesource/leveldbjni/leveldbjni-all/1.8/leveldbjni-all-1.8.jar:"/>
    <property name="sun.cpu.endian" value="little"/>
    <property name="user.home" value="/home/user"/>
    <property name="user.language" value="en"/>
    <property name="java.specification.vendor" value="Oracle Corporation"/>
    <property name="java.home" value="/usr/lib/jvm/java-1.8-openjdk/jre"/>
    <property name="java.security.krb5.conf" value="/opt/src/hadoop-ozone/integration-test/target/test-classes/krb5.conf"/>
    <property name="basedir" value="/opt/src/hadoop-ozone/integration-test"/>
    <property name="file.separator" value="/"/>
    <property name="line.separator" value="&#10;"/>
    <property name="java.vm.specification.vendor" value="Oracle Corporation"/>
    <property name="java.specification.name" value="Java Platform API Specification"/>
    <property name="java.awt.graphicsenv" value="sun.awt.X11GraphicsEnvironment"/>
    <property name="surefire.real.class.path" value="/opt/src/hadoop-ozone/integration-test/target/surefire/surefirebooter5823356243105915534.jar"/>
    <property name="hadoop.log.dir" value="/opt/src/hadoop-ozone/integration-test/target/log"/>
    <property name="sun.boot.class.path" value="/usr/lib/jvm/java-1.8-openjdk/jre/lib/resources.jar:/usr/lib/jvm/java-1.8-openjdk/jre/lib/rt.jar:/usr/lib/jvm/java-1.8-openjdk/jre/lib/sunrsasign.jar:/usr/lib/jvm/java-1.8-openjdk/jre/lib/jsse.jar:/usr/lib/jvm/java-1.8-openjdk/jre/lib/jce.jar:/usr/lib/jvm/java-1.8-openjdk/jre/lib/charsets.jar:/usr/lib/jvm/java-1.8-openjdk/jre/lib/jfr.jar:/usr/lib/jvm/java-1.8-openjdk/jre/classes"/>
    <property name="sun.management.compiler" value="HotSpot 64-Bit Tiered Compilers"/>
    <property name="java.runtime.version" value="1.8.0_212-b04"/>
    <property name="java.net.preferIPv4Stack" value="true"/>
    <property name="user.name" value="jenkins1000"/>
    <property name="path.separator" value=":"/>
    <property name="java.security.egd" value="file:///dev/urandom"/>
    <property name="os.version" value="4.15.0-1021-aws"/>
    <property name="java.endorsed.dirs" value="/usr/lib/jvm/java-1.8-openjdk/jre/lib/endorsed"/>
    <property name="java.runtime.name" value="OpenJDK Runtime Environment"/>
    <property name="file.encoding" value="UTF-8"/>
    <property name="java.vm.name" value="OpenJDK 64-Bit Server VM"/>
    <property name="test.build.webapps" value=""/>
    <property name="localRepository" value="/home/user/.m2/repository"/>
    <property name="java.vendor.url.bug" value="https://icedtea.classpath.org/bugzilla"/>
    <property name="java.io.tmpdir" value="/tmp"/>
    <property name="require.test.libhadoop" value=""/>
    <property name="java.version" value="1.8.0_212"/>
    <property name="user.dir" value="/opt/src/hadoop-ozone/integration-test"/>
    <property name="os.arch" value="amd64"/>
    <property name="java.vm.specification.name" value="Java Virtual Machine Specification"/>
    <property name="test.build.classes" value="/opt/src/hadoop-ozone/integration-test/target/test-classes"/>
    <property name="java.awt.printerjob" value="sun.print.PSPrinterJob"/>
    <property name="sun.os.patch.level" value="unknown"/>
    <property name="hadoop.tmp.dir" value="/opt/src/hadoop-ozone/integration-test/target/tmp"/>
    <property name="java.library.path" value="/usr/lib/jvm/java-1.8-openjdk/jre/lib/amd64/server:/usr/lib/jvm/java-1.8-openjdk/jre/lib/amd64:/usr/lib/jvm/java-1.8-openjdk/jre/../lib/amd64:/opt/src/hadoop-ozone/integration-test/target/native/target/usr/local/lib:/opt/src/hadoop-ozone/integration-test/../../hadoop-common-project/hadoop-common/target/native/target/usr/local/lib:/usr/java/packages/lib/amd64:/usr/lib64:/lib64:/lib:/usr/lib"/>
    <property name="java.vm.info" value="mixed mode"/>
    <property name="java.vendor" value="IcedTea"/>
    <property name="java.vm.version" value="25.212-b04"/>
    <property name="java.ext.dirs" value="/usr/lib/jvm/java-1.8-openjdk/jre/lib/ext:/usr/java/packages/lib/ext"/>
    <property name="sun.io.unicode.encoding" value="UnicodeLittle"/>
    <property name="java.class.version" value="52.0"/>
  </properties>
  <testcase name="testPipelineFail" classname="org.apache.hadoop.hdds.scm.pipeline.TestNodeFailure" time="0">
    <skipped/>
    <system-out><![CDATA[2019-06-15 11:39:06,956 WARN  server.ServerUtils (ServerUtils.java:getScmDbDir(145)) - ozone.scm.db.dirs is not configured. We recommend adding this setting. Falling back to ozone.metadata.dirs instead.
2019-06-15 11:39:07,038 WARN  server.ServerUtils (ServerUtils.java:getScmDbDir(145)) - ozone.scm.db.dirs is not configured. We recommend adding this setting. Falling back to ozone.metadata.dirs instead.
2019-06-15 11:39:07,041 WARN  server.ServerUtils (ServerUtils.java:getScmDbDir(145)) - ozone.scm.db.dirs is not configured. We recommend adding this setting. Falling back to ozone.metadata.dirs instead.
2019-06-15 11:39:07,058 INFO  util.log (Log.java:initialized(192)) - Logging initialized @753ms
2019-06-15 11:39:07,148 INFO  db.DBStoreBuilder (DBStoreBuilder.java:addTable(110)) - using custom profile for table: deletedBlocks
2019-06-15 11:39:07,148 INFO  db.DBStoreBuilder (DBStoreBuilder.java:processTables(161)) - Using default column profile:DBProfile.DISK for Table:deletedBlocks
2019-06-15 11:39:07,148 INFO  db.DBStoreBuilder (DBStoreBuilder.java:addTable(110)) - using custom profile for table: validCerts
2019-06-15 11:39:07,149 INFO  db.DBStoreBuilder (DBStoreBuilder.java:processTables(161)) - Using default column profile:DBProfile.DISK for Table:validCerts
2019-06-15 11:39:07,149 INFO  db.DBStoreBuilder (DBStoreBuilder.java:addTable(110)) - using custom profile for table: revokedCerts
2019-06-15 11:39:07,149 INFO  db.DBStoreBuilder (DBStoreBuilder.java:processTables(161)) - Using default column profile:DBProfile.DISK for Table:revokedCerts
2019-06-15 11:39:07,160 INFO  db.DBStoreBuilder (DBStoreBuilder.java:addTable(110)) - using custom profile for table: default
2019-06-15 11:39:07,160 INFO  db.DBStoreBuilder (DBStoreBuilder.java:processTables(167)) - Using default column profile:DBProfile.DISK for Table:default
2019-06-15 11:39:07,162 INFO  db.DBStoreBuilder (DBStoreBuilder.java:getDbProfile(198)) - Using default options. DBProfile.DISK
2019-06-15 11:39:07,218 INFO  net.NodeSchemaLoader (NodeSchemaLoader.java:loadSchemaFromFile(125)) - Loading file from sun.misc.CompoundEnumeration@27ce24aa
2019-06-15 11:39:07,219 INFO  net.NodeSchemaLoader (NodeSchemaLoader.java:loadSchema(171)) - Loading network topology layer schema file
2019-06-15 11:39:07,279 INFO  node.SCMNodeManager (SCMNodeManager.java:<init>(119)) - Entering startup safe mode.
2019-06-15 11:39:07,355 WARN  server.ServerUtils (ServerUtils.java:getScmDbDir(145)) - ozone.scm.db.dirs is not configured. We recommend adding this setting. Falling back to ozone.metadata.dirs instead.
2019-06-15 11:39:07,380 INFO  pipeline.SCMPipelineManager (SCMPipelineManager.java:initializePipelineState(126)) - No pipeline exists in current db
2019-06-15 11:39:07,382 WARN  server.ServerUtils (ServerUtils.java:getScmDbDir(145)) - ozone.scm.db.dirs is not configured. We recommend adding this setting. Falling back to ozone.metadata.dirs instead.
2019-06-15 11:39:07,436 WARN  events.EventQueue (EventQueue.java:fireEvent(175)) - No event handler registered for event TypedEvent{payloadType=SafeModeStatus, name='SafeModeStatus'}
2019-06-15 11:39:07,763 INFO  ipc.CallQueueManager (CallQueueManager.java:<init>(84)) - Using callQueue: class java.util.concurrent.LinkedBlockingQueue, queueCapacity: 2000, scheduler: class org.apache.hadoop.ipc.DefaultRpcScheduler, ipcBackoff: false.
2019-06-15 11:39:07,785 INFO  ipc.Server (Server.java:run(1074)) - Starting Socket Reader #1 for port 43943
2019-06-15 11:39:07,808 INFO  ipc.CallQueueManager (CallQueueManager.java:<init>(84)) - Using callQueue: class java.util.concurrent.LinkedBlockingQueue, queueCapacity: 2000, scheduler: class org.apache.hadoop.ipc.DefaultRpcScheduler, ipcBackoff: false.
2019-06-15 11:39:07,809 INFO  ipc.Server (Server.java:run(1074)) - Starting Socket Reader #1 for port 32881
2019-06-15 11:39:07,842 INFO  ipc.CallQueueManager (CallQueueManager.java:<init>(84)) - Using callQueue: class java.util.concurrent.LinkedBlockingQueue, queueCapacity: 2000, scheduler: class org.apache.hadoop.ipc.DefaultRpcScheduler, ipcBackoff: false.
2019-06-15 11:39:07,843 INFO  ipc.Server (Server.java:run(1074)) - Starting Socket Reader #1 for port 40549
2019-06-15 11:39:07,861 INFO  hdfs.DFSUtil (DFSUtil.java:httpServerTemplateForNNAndJN(1641)) - Starting Web-server for scm at: http://0.0.0.0:0
2019-06-15 11:39:08,009 INFO  server.AuthenticationFilter (AuthenticationFilter.java:constructSecretProvider(240)) - Unable to initialize FileSignerSecretProvider, falling back to use random secrets.
2019-06-15 11:39:08,016 WARN  http.HttpRequestLog (HttpRequestLog.java:getRequestLog(97)) - Jetty request log can only be enabled using Log4j
2019-06-15 11:39:08,024 INFO  http.HttpServer2 (HttpServer2.java:addGlobalFilter(975)) - Added global filter 'safety' (class=org.apache.hadoop.http.HttpServer2$QuotingInputFilter)
2019-06-15 11:39:08,026 INFO  http.HttpServer2 (HttpServer2.java:addFilter(948)) - Added filter static_user_filter (class=org.apache.hadoop.http.lib.StaticUserWebFilter$StaticUserFilter) to context scm
2019-06-15 11:39:08,027 INFO  http.HttpServer2 (HttpServer2.java:addFilter(958)) - Added filter static_user_filter (class=org.apache.hadoop.http.lib.StaticUserWebFilter$StaticUserFilter) to context logs
2019-06-15 11:39:08,027 INFO  http.HttpServer2 (HttpServer2.java:addFilter(958)) - Added filter static_user_filter (class=org.apache.hadoop.http.lib.StaticUserWebFilter$StaticUserFilter) to context static
2019-06-15 11:39:08,057 INFO  server.StorageContainerManager (StorageContainerManager.java:start(753)) - StorageContainerLocationProtocol RPC server is listening at /0.0.0.0:40549
2019-06-15 11:39:08,112 WARN  impl.MetricsConfig (MetricsConfig.java:loadFirst(134)) - Cannot locate configuration: tried hadoop-metrics2-storagecontainermanager.properties,hadoop-metrics2.properties
2019-06-15 11:39:08,127 INFO  impl.MetricsSystemImpl (MetricsSystemImpl.java:startTimer(374)) - Scheduled Metric snapshot period at 10 second(s).
2019-06-15 11:39:08,127 INFO  impl.MetricsSystemImpl (MetricsSystemImpl.java:start(191)) - StorageContainerManager metrics system started
2019-06-15 11:39:08,344 INFO  server.SCMClientProtocolServer (SCMClientProtocolServer.java:start(149)) - RPC server for Client  is listening at /0.0.0.0:40549
2019-06-15 11:39:08,344 INFO  ipc.Server (Server.java:run(1314)) - IPC Server Responder: starting
2019-06-15 11:39:08,345 INFO  ipc.Server (Server.java:run(1153)) - IPC Server listener on 40549: starting
2019-06-15 11:39:08,347 INFO  server.StorageContainerManager (StorageContainerManager.java:start(762)) - ScmBlockLocationProtocol RPC server is listening at /0.0.0.0:32881
2019-06-15 11:39:08,347 INFO  server.SCMBlockProtocolServer (SCMBlockProtocolServer.java:start(137)) - RPC server for Block Protocol is listening at /0.0.0.0:32881
2019-06-15 11:39:08,348 INFO  ipc.Server (Server.java:run(1314)) - IPC Server Responder: starting
2019-06-15 11:39:08,348 INFO  ipc.Server (Server.java:run(1153)) - IPC Server listener on 32881: starting
2019-06-15 11:39:08,350 INFO  server.StorageContainerManager (StorageContainerManager.java:start(766)) - ScmDatanodeProtocl RPC server is listening at /0.0.0.0:43943
2019-06-15 11:39:08,350 INFO  server.SCMDatanodeProtocolServer (SCMDatanodeProtocolServer.java:start(191)) - RPC server for DataNodes is listening at /0.0.0.0:43943
2019-06-15 11:39:08,351 INFO  ipc.Server (Server.java:run(1314)) - IPC Server Responder: starting
2019-06-15 11:39:08,351 INFO  ipc.Server (Server.java:run(1153)) - IPC Server listener on 43943: starting
2019-06-15 11:39:08,354 INFO  http.HttpServer2 (HttpServer2.java:bindListener(1191)) - Jetty bound to port 44947
2019-06-15 11:39:08,356 INFO  server.Server (Server.java:doStart(351)) - jetty-9.3.24.v20180605, build timestamp: 2018-06-05T17:11:56Z, git hash: 84205aa28f11a4f31f2a3b86d1bba2cc8ab69827
2019-06-15 11:39:08,393 INFO  handler.ContextHandler (ContextHandler.java:doStart(781)) - Started o.e.j.s.ServletContextHandler@16c63f5{/logs,file:///opt/src/hadoop-ozone/integration-test/target/log,AVAILABLE}
2019-06-15 11:39:08,395 INFO  handler.ContextHandler (ContextHandler.java:doStart(781)) - Started o.e.j.s.ServletContextHandler@6d3c5255{/static,file:///opt/src/hadoop-ozone/integration-test/target/test-classes/webapps/static,AVAILABLE}
2019-06-15 11:39:08,424 INFO  handler.ContextHandler (ContextHandler.java:doStart(781)) - Started o.e.j.w.WebAppContext@2b62442c{/,file:///opt/src/hadoop-ozone/integration-test/target/test-classes/webapps/scm/,AVAILABLE}{/scm}
2019-06-15 11:39:08,430 INFO  server.AbstractConnector (AbstractConnector.java:doStart(278)) - Started ServerConnector@6e521c1e{HTTP/1.1,[http/1.1]}{0.0.0.0:44947}
2019-06-15 11:39:08,430 INFO  server.Server (Server.java:doStart(419)) - Started @2125ms
2019-06-15 11:39:08,431 INFO  server.BaseHttpServer (BaseHttpServer.java:updateConnectorAddress(207)) - HTTP server of SCM is listening at http://0.0.0.0:44947
2019-06-15 11:39:08,438 INFO  util.JvmPauseMonitor (JvmPauseMonitor.java:run(188)) - Starting JVM pause monitor
2019-06-15 11:39:08,450 WARN  scm.ScmUtils (ScmUtils.java:getDBPath(63)) - ozone.om.db.dirs is not configured. We recommend adding this setting. Falling back to ozone.metadata.dirs instead.
2019-06-15 11:39:08,527 WARN  scm.ScmUtils (ScmUtils.java:getDBPath(63)) - ozone.om.db.dirs is not configured. We recommend adding this setting. Falling back to ozone.metadata.dirs instead.
2019-06-15 11:39:08,528 INFO  om.OzoneManager (OzoneManager.java:setOMNodeDetails(532)) - OM Service ID is not set. Setting it to the default ID: omServiceIdDefault
2019-06-15 11:39:08,528 INFO  om.OzoneManager (OzoneManager.java:setOMNodeDetails(538)) - OM Node ID is not set. Setting it to the OmStorage's OmID: 66288b36-fbb1-4b14-bfb9-318eb290ebb5
2019-06-15 11:39:08,529 WARN  scm.HddsServerUtil (HddsServerUtil.java:getDefaultRatisDirectory(354)) - Storage directory for Ratis is not configured. It is a good idea to map this to an SSD disk. Falling back to ozone.metadata.dirs
2019-06-15 11:39:08,530 WARN  scm.HddsServerUtil (HddsServerUtil.java:getDefaultRatisDirectory(354)) - Storage directory for Ratis is not configured. It is a good idea to map this to an SSD disk. Falling back to ozone.metadata.dirs
2019-06-15 11:39:08,530 INFO  om.OzoneManager (OzoneManager.java:loadOMHAConfigs(489)) - Found matching OM address with OMServiceId: null, OMNodeId: null, RPC Address: localhost:0 and Ratis port: 9872
2019-06-15 11:39:08,719 WARN  scm.ScmUtils (ScmUtils.java:getDBPath(63)) - ozone.om.db.dirs is not configured. We recommend adding this setting. Falling back to ozone.metadata.dirs instead.
2019-06-15 11:39:08,726 INFO  db.DBStoreBuilder (DBStoreBuilder.java:addTable(110)) - using custom profile for table: userTable
2019-06-15 11:39:08,726 INFO  db.DBStoreBuilder (DBStoreBuilder.java:processTables(161)) - Using default column profile:DBProfile.DISK for Table:userTable
2019-06-15 11:39:08,726 INFO  db.DBStoreBuilder (DBStoreBuilder.java:addTable(110)) - using custom profile for table: volumeTable
2019-06-15 11:39:08,727 INFO  db.DBStoreBuilder (DBStoreBuilder.java:processTables(161)) - Using default column profile:DBProfile.DISK for Table:volumeTable
2019-06-15 11:39:08,727 INFO  db.DBStoreBuilder (DBStoreBuilder.java:addTable(110)) - using custom profile for table: bucketTable
2019-06-15 11:39:08,727 INFO  db.DBStoreBuilder (DBStoreBuilder.java:processTables(161)) - Using default column profile:DBProfile.DISK for Table:bucketTable
2019-06-15 11:39:08,727 INFO  db.DBStoreBuilder (DBStoreBuilder.java:addTable(110)) - using custom profile for table: keyTable
2019-06-15 11:39:08,727 INFO  db.DBStoreBuilder (DBStoreBuilder.java:processTables(161)) - Using default column profile:DBProfile.DISK for Table:keyTable
2019-06-15 11:39:08,728 INFO  db.DBStoreBuilder (DBStoreBuilder.java:addTable(110)) - using custom profile for table: deletedTable
2019-06-15 11:39:08,728 INFO  db.DBStoreBuilder (DBStoreBuilder.java:processTables(161)) - Using default column profile:DBProfile.DISK for Table:deletedTable
2019-06-15 11:39:08,728 INFO  db.DBStoreBuilder (DBStoreBuilder.java:addTable(110)) - using custom profile for table: openKeyTable
2019-06-15 11:39:08,728 INFO  db.DBStoreBuilder (DBStoreBuilder.java:processTables(161)) - Using default column profile:DBProfile.DISK for Table:openKeyTable
2019-06-15 11:39:08,729 INFO  db.DBStoreBuilder (DBStoreBuilder.java:addTable(110)) - using custom profile for table: s3Table
2019-06-15 11:39:08,729 INFO  db.DBStoreBuilder (DBStoreBuilder.java:processTables(161)) - Using default column profile:DBProfile.DISK for Table:s3Table
2019-06-15 11:39:08,729 INFO  db.DBStoreBuilder (DBStoreBuilder.java:addTable(110)) - using custom profile for table: multipartInfoTable
2019-06-15 11:39:08,729 INFO  db.DBStoreBuilder (DBStoreBuilder.java:processTables(161)) - Using default column profile:DBProfile.DISK for Table:multipartInfoTable
2019-06-15 11:39:08,729 INFO  db.DBStoreBuilder (DBStoreBuilder.java:addTable(110)) - using custom profile for table: dTokenTable
2019-06-15 11:39:08,730 INFO  db.DBStoreBuilder (DBStoreBuilder.java:processTables(161)) - Using default column profile:DBProfile.DISK for Table:dTokenTable
2019-06-15 11:39:08,730 INFO  db.DBStoreBuilder (DBStoreBuilder.java:addTable(110)) - using custom profile for table: s3SecretTable
2019-06-15 11:39:08,730 INFO  db.DBStoreBuilder (DBStoreBuilder.java:processTables(161)) - Using default column profile:DBProfile.DISK for Table:s3SecretTable
2019-06-15 11:39:08,730 INFO  db.DBStoreBuilder (DBStoreBuilder.java:addTable(110)) - using custom profile for table: prefixTable
2019-06-15 11:39:08,730 INFO  db.DBStoreBuilder (DBStoreBuilder.java:processTables(161)) - Using default column profile:DBProfile.DISK for Table:prefixTable
2019-06-15 11:39:08,731 INFO  db.DBStoreBuilder (DBStoreBuilder.java:addTable(110)) - using custom profile for table: default
2019-06-15 11:39:08,731 INFO  db.DBStoreBuilder (DBStoreBuilder.java:processTables(167)) - Using default column profile:DBProfile.DISK for Table:default
2019-06-15 11:39:08,731 INFO  db.DBStoreBuilder (DBStoreBuilder.java:getDbProfile(198)) - Using default options. DBProfile.DISK
2019-06-15 11:39:09,297 INFO  ipc.CallQueueManager (CallQueueManager.java:<init>(84)) - Using callQueue: class java.util.concurrent.LinkedBlockingQueue, queueCapacity: 2000, scheduler: class org.apache.hadoop.ipc.DefaultRpcScheduler, ipcBackoff: false.
2019-06-15 11:39:09,298 INFO  ipc.Server (Server.java:run(1074)) - Starting Socket Reader #1 for port 45413
2019-06-15 11:39:09,327 WARN  scm.ScmUtils (ScmUtils.java:getDBPath(63)) - ozone.om.db.dirs is not configured. We recommend adding this setting. Falling back to ozone.metadata.dirs instead.
2019-06-15 11:39:09,328 INFO  om.OzoneManager (OzoneManager.java:start(1230)) - OzoneManager RPC server is listening at localhost/127.0.0.1:45413
2019-06-15 11:39:09,328 INFO  impl.MetricsSystemImpl (MetricsSystemImpl.java:init(158)) - OzoneManager metrics system started (again)
2019-06-15 11:39:09,329 INFO  ipc.Server (Server.java:run(1153)) - IPC Server listener on 45413: starting
2019-06-15 11:39:09,329 INFO  ipc.Server (Server.java:run(1314)) - IPC Server Responder: starting
2019-06-15 11:39:09,363 INFO  hdfs.DFSUtil (DFSUtil.java:httpServerTemplateForNNAndJN(1641)) - Starting Web-server for ozoneManager at: http://0.0.0.0:0
2019-06-15 11:39:09,364 INFO  server.AuthenticationFilter (AuthenticationFilter.java:constructSecretProvider(240)) - Unable to initialize FileSignerSecretProvider, falling back to use random secrets.
2019-06-15 11:39:09,365 WARN  http.HttpRequestLog (HttpRequestLog.java:getRequestLog(97)) - Jetty request log can only be enabled using Log4j
2019-06-15 11:39:09,368 INFO  http.HttpServer2 (HttpServer2.java:addGlobalFilter(975)) - Added global filter 'safety' (class=org.apache.hadoop.http.HttpServer2$QuotingInputFilter)
2019-06-15 11:39:09,368 INFO  http.HttpServer2 (HttpServer2.java:addFilter(948)) - Added filter static_user_filter (class=org.apache.hadoop.http.lib.StaticUserWebFilter$StaticUserFilter) to context ozoneManager
2019-06-15 11:39:09,369 INFO  http.HttpServer2 (HttpServer2.java:addFilter(958)) - Added filter static_user_filter (class=org.apache.hadoop.http.lib.StaticUserWebFilter$StaticUserFilter) to context logs
2019-06-15 11:39:09,369 INFO  http.HttpServer2 (HttpServer2.java:addFilter(958)) - Added filter static_user_filter (class=org.apache.hadoop.http.lib.StaticUserWebFilter$StaticUserFilter) to context static
2019-06-15 11:39:09,371 INFO  http.HttpServer2 (HttpServer2.java:bindListener(1191)) - Jetty bound to port 45701
2019-06-15 11:39:09,371 INFO  server.Server (Server.java:doStart(351)) - jetty-9.3.24.v20180605, build timestamp: 2018-06-05T17:11:56Z, git hash: 84205aa28f11a4f31f2a3b86d1bba2cc8ab69827
2019-06-15 11:39:09,388 INFO  handler.ContextHandler (ContextHandler.java:doStart(781)) - Started o.e.j.s.ServletContextHandler@3d7fa3ae{/logs,file:///opt/src/hadoop-ozone/integration-test/target/log,AVAILABLE}
2019-06-15 11:39:09,389 INFO  handler.ContextHandler (ContextHandler.java:doStart(781)) - Started o.e.j.s.ServletContextHandler@3605c4d3{/static,file:///opt/src/hadoop-ozone/integration-test/target/test-classes/webapps/static,AVAILABLE}
2019-06-15 11:39:09,393 INFO  handler.ContextHandler (ContextHandler.java:doStart(781)) - Started o.e.j.w.WebAppContext@7b60c3e{/,file:///opt/src/hadoop-ozone/integration-test/target/test-classes/webapps/ozoneManager/,AVAILABLE}{/ozoneManager}
2019-06-15 11:39:09,394 INFO  server.AbstractConnector (AbstractConnector.java:doStart(278)) - Started ServerConnector@3fbfa96{HTTP/1.1,[http/1.1]}{0.0.0.0:45701}
2019-06-15 11:39:09,394 INFO  server.Server (Server.java:doStart(419)) - Started @3089ms
2019-06-15 11:39:09,395 INFO  server.BaseHttpServer (BaseHttpServer.java:updateConnectorAddress(207)) - HTTP server of OZONEMANAGER is listening at http://0.0.0.0:45701
2019-06-15 11:39:09,541 INFO  impl.MetricsSystemImpl (MetricsSystemImpl.java:init(158)) - HddsDatanode metrics system started (again)
2019-06-15 11:39:09,697 INFO  ozone.HddsDatanodeService (HddsDatanodeService.java:start(185)) - HddsDatanodeService host:ozone-unit-076618677d3-cbxt7-549503878 ip:192.168.46.18
2019-06-15 11:39:09,722 INFO  volume.HddsVolume (HddsVolume.java:<init>(176)) - Creating Volume: /opt/src/hadoop-ozone/integration-test/target/test-dir/MiniOzoneClusterImpl-c4262e08-81c7-41a6-99ed-aaea2a2c6044/datanode-0/data/containers/hdds of  storage type : DISK and capacity : 104021790720
2019-06-15 11:39:09,724 INFO  volume.VolumeSet (VolumeSet.java:initializeVolumeSet(170)) - Added Volume : /opt/src/hadoop-ozone/integration-test/target/test-dir/MiniOzoneClusterImpl-c4262e08-81c7-41a6-99ed-aaea2a2c6044/datanode-0/data/containers/hdds to VolumeSet
2019-06-15 11:39:09,726 INFO  volume.ThrottledAsyncChecker (ThrottledAsyncChecker.java:schedule(140)) - Scheduling a check for org.apache.hadoop.ozone.container.common.volume.HddsVolume@5fb7183b
2019-06-15 11:39:09,745 INFO  volume.HddsVolumeChecker (HddsVolumeChecker.java:checkAllVolumes(203)) - Scheduled health check for volume org.apache.hadoop.ozone.container.common.volume.HddsVolume@5fb7183b
2019-06-15 11:39:09,786 INFO  ratis.XceiverServerRatis (XceiverServerRatis.java:newXceiverServerRatis(401)) - Found a free port for the server : 42179
2019-06-15 11:39:09,849 INFO  impl.RaftServerProxy (ConfUtils.java:logGet(43)) - raft.rpc.type = GRPC (default)
2019-06-15 11:39:09,858 INFO  grpc.GrpcConfigKeys$Server (ConfUtils.java:logGet(43)) - raft.grpc.server.port = 42179 (custom)
2019-06-15 11:39:09,859 INFO  server.GrpcService (ConfUtils.java:logGet(43)) - raft.grpc.message.size.max = 33570816 (custom)
2019-06-15 11:39:09,861 INFO  server.RaftServerConfigKeys (ConfUtils.java:logGet(43)) - raft.server.log.appender.buffer.byte-limit = 33554432 (custom)
2019-06-15 11:39:09,861 INFO  server.GrpcService (ConfUtils.java:logGet(43)) - raft.grpc.flow.control.window = 1MB (=1048576) (default)
2019-06-15 11:39:09,862 INFO  server.RaftServerConfigKeys (ConfUtils.java:logGet(43)) - raft.server.rpc.request.timeout = 3000ms (default)
2019-06-15 11:39:09,992 INFO  server.RaftServerConfigKeys (ConfUtils.java:logGet(43)) - raft.server.storage.dir = [/opt/src/hadoop-ozone/integration-test/target/test-dir/MiniOzoneClusterImpl-c4262e08-81c7-41a6-99ed-aaea2a2c6044/datanode-0/data/ratis] (custom)
2019-06-15 11:39:09,999 INFO  server.XceiverServerGrpc (XceiverServerGrpc.java:<init>(97)) - Found a free port for the server : 35349
2019-06-15 11:39:10,025 INFO  replication.SimpleContainerDownloader (SimpleContainerDownloader.java:<init>(72)) - Starting container downloader service to copy containers to replicate.
2019-06-15 11:39:10,037 INFO  hdfs.DFSUtil (DFSUtil.java:httpServerTemplateForNNAndJN(1641)) - Starting Web-server for hddsDatanode at: http://0.0.0.0:0
2019-06-15 11:39:10,038 INFO  server.AuthenticationFilter (AuthenticationFilter.java:constructSecretProvider(240)) - Unable to initialize FileSignerSecretProvider, falling back to use random secrets.
2019-06-15 11:39:10,039 WARN  http.HttpRequestLog (HttpRequestLog.java:getRequestLog(97)) - Jetty request log can only be enabled using Log4j
2019-06-15 11:39:10,041 INFO  http.HttpServer2 (HttpServer2.java:addGlobalFilter(975)) - Added global filter 'safety' (class=org.apache.hadoop.http.HttpServer2$QuotingInputFilter)
2019-06-15 11:39:10,042 INFO  http.HttpServer2 (HttpServer2.java:addFilter(948)) - Added filter static_user_filter (class=org.apache.hadoop.http.lib.StaticUserWebFilter$StaticUserFilter) to context hddsDatanode
2019-06-15 11:39:10,042 INFO  http.HttpServer2 (HttpServer2.java:addFilter(958)) - Added filter static_user_filter (class=org.apache.hadoop.http.lib.StaticUserWebFilter$StaticUserFilter) to context static
2019-06-15 11:39:10,042 INFO  http.HttpServer2 (HttpServer2.java:addFilter(958)) - Added filter static_user_filter (class=org.apache.hadoop.http.lib.StaticUserWebFilter$StaticUserFilter) to context logs
2019-06-15 11:39:10,043 INFO  http.HttpServer2 (HttpServer2.java:bindListener(1191)) - Jetty bound to port 33677
2019-06-15 11:39:10,043 INFO  server.Server (Server.java:doStart(351)) - jetty-9.3.24.v20180605, build timestamp: 2018-06-05T17:11:56Z, git hash: 84205aa28f11a4f31f2a3b86d1bba2cc8ab69827
2019-06-15 11:39:10,045 INFO  handler.ContextHandler (ContextHandler.java:doStart(781)) - Started o.e.j.s.ServletContextHandler@4cdb8504{/logs,file:///opt/src/hadoop-ozone/integration-test/target/log,AVAILABLE}
2019-06-15 11:39:10,046 INFO  handler.ContextHandler (ContextHandler.java:doStart(781)) - Started o.e.j.s.ServletContextHandler@10358c32{/static,jar:file:/home/user/.m2/repository/org/apache/hadoop/hadoop-hdds-container-service/0.5.0-SNAPSHOT/hadoop-hdds-container-service-0.5.0-SNAPSHOT.jar!/webapps/static,AVAILABLE}
2019-06-15 11:39:10,081 INFO  handler.ContextHandler (ContextHandler.java:doStart(781)) - Started o.e.j.w.WebAppContext@53830483{/,file:///tmp/jetty-0.0.0.0-33677-hddsDatanode-_-any-1951378419561959832.dir/webapp/,AVAILABLE}{/hddsDatanode}
2019-06-15 11:39:10,082 INFO  server.AbstractConnector (AbstractConnector.java:doStart(278)) - Started ServerConnector@453427ad{HTTP/1.1,[http/1.1]}{0.0.0.0:33677}
2019-06-15 11:39:10,082 INFO  server.Server (Server.java:doStart(419)) - Started @3777ms
2019-06-15 11:39:10,083 INFO  server.BaseHttpServer (BaseHttpServer.java:updateConnectorAddress(207)) - HTTP server of HDDSDATANODE is listening at http://0.0.0.0:33677
2019-06-15 11:39:11,063 INFO  ozone.HddsDatanodeService (HddsDatanodeService.java:startPlugins(396)) - Started plug-in org.apache.hadoop.ozone.web.OzoneHddsDatanodeService@469a7575
2019-06-15 11:39:11,064 INFO  impl.MetricsSystemImpl (MetricsSystemImpl.java:init(158)) - HddsDatanode metrics system started (again)
2019-06-15 11:39:11,065 INFO  ozone.HddsDatanodeService (HddsDatanodeService.java:start(185)) - HddsDatanodeService host:ozone-unit-076618677d3-cbxt7-549503878 ip:192.168.46.18
2019-06-15 11:39:11,075 INFO  util.JvmPauseMonitor (JvmPauseMonitor.java:run(188)) - Starting JVM pause monitor
2019-06-15 11:39:11,079 INFO  volume.HddsVolume (HddsVolume.java:<init>(176)) - Creating Volume: /opt/src/hadoop-ozone/integration-test/target/test-dir/MiniOzoneClusterImpl-c4262e08-81c7-41a6-99ed-aaea2a2c6044/datanode-1/data/containers/hdds of  storage type : DISK and capacity : 104021790720
2019-06-15 11:39:11,079 INFO  volume.VolumeSet (VolumeSet.java:initializeVolumeSet(170)) - Added Volume : /opt/src/hadoop-ozone/integration-test/target/test-dir/MiniOzoneClusterImpl-c4262e08-81c7-41a6-99ed-aaea2a2c6044/datanode-1/data/containers/hdds to VolumeSet
2019-06-15 11:39:11,080 INFO  volume.ThrottledAsyncChecker (ThrottledAsyncChecker.java:schedule(140)) - Scheduling a check for org.apache.hadoop.ozone.container.common.volume.HddsVolume@60f77af
2019-06-15 11:39:11,086 INFO  volume.HddsVolumeChecker (HddsVolumeChecker.java:checkAllVolumes(203)) - Scheduled health check for volume org.apache.hadoop.ozone.container.common.volume.HddsVolume@60f77af
2019-06-15 11:39:11,109 INFO  ratis.XceiverServerRatis (XceiverServerRatis.java:newXceiverServerRatis(401)) - Found a free port for the server : 33821
2019-06-15 11:39:11,112 INFO  impl.RaftServerProxy (ConfUtils.java:logGet(43)) - raft.rpc.type = GRPC (default)
2019-06-15 11:39:11,113 INFO  grpc.GrpcConfigKeys$Server (ConfUtils.java:logGet(43)) - raft.grpc.server.port = 33821 (custom)
2019-06-15 11:39:11,114 INFO  server.GrpcService (ConfUtils.java:logGet(43)) - raft.grpc.message.size.max = 33570816 (custom)
2019-06-15 11:39:11,114 INFO  server.RaftServerConfigKeys (ConfUtils.java:logGet(43)) - raft.server.log.appender.buffer.byte-limit = 33554432 (custom)
2019-06-15 11:39:11,114 INFO  server.GrpcService (ConfUtils.java:logGet(43)) - raft.grpc.flow.control.window = 1MB (=1048576) (default)
2019-06-15 11:39:11,115 INFO  server.RaftServerConfigKeys (ConfUtils.java:logGet(43)) - raft.server.rpc.request.timeout = 3000ms (default)
2019-06-15 11:39:11,126 INFO  server.RaftServerConfigKeys (ConfUtils.java:logGet(43)) - raft.server.storage.dir = [/opt/src/hadoop-ozone/integration-test/target/test-dir/MiniOzoneClusterImpl-c4262e08-81c7-41a6-99ed-aaea2a2c6044/datanode-1/data/ratis] (custom)
2019-06-15 11:39:11,126 INFO  server.XceiverServerGrpc (XceiverServerGrpc.java:<init>(97)) - Found a free port for the server : 33291
2019-06-15 11:39:11,127 INFO  replication.SimpleContainerDownloader (SimpleContainerDownloader.java:<init>(72)) - Starting container downloader service to copy containers to replicate.
2019-06-15 11:39:11,128 INFO  hdfs.DFSUtil (DFSUtil.java:httpServerTemplateForNNAndJN(1641)) - Starting Web-server for hddsDatanode at: http://0.0.0.0:0
2019-06-15 11:39:11,130 INFO  server.AuthenticationFilter (AuthenticationFilter.java:constructSecretProvider(240)) - Unable to initialize FileSignerSecretProvider, falling back to use random secrets.
2019-06-15 11:39:11,131 WARN  http.HttpRequestLog (HttpRequestLog.java:getRequestLog(97)) - Jetty request log can only be enabled using Log4j
2019-06-15 11:39:11,133 INFO  http.HttpServer2 (HttpServer2.java:addGlobalFilter(975)) - Added global filter 'safety' (class=org.apache.hadoop.http.HttpServer2$QuotingInputFilter)
2019-06-15 11:39:11,134 INFO  http.HttpServer2 (HttpServer2.java:addFilter(948)) - Added filter static_user_filter (class=org.apache.hadoop.http.lib.StaticUserWebFilter$StaticUserFilter) to context hddsDatanode
2019-06-15 11:39:11,134 INFO  http.HttpServer2 (HttpServer2.java:addFilter(958)) - Added filter static_user_filter (class=org.apache.hadoop.http.lib.StaticUserWebFilter$StaticUserFilter) to context static
2019-06-15 11:39:11,134 INFO  http.HttpServer2 (HttpServer2.java:addFilter(958)) - Added filter static_user_filter (class=org.apache.hadoop.http.lib.StaticUserWebFilter$StaticUserFilter) to context logs
2019-06-15 11:39:11,135 INFO  http.HttpServer2 (HttpServer2.java:bindListener(1191)) - Jetty bound to port 34801
2019-06-15 11:39:11,135 INFO  server.Server (Server.java:doStart(351)) - jetty-9.3.24.v20180605, build timestamp: 2018-06-05T17:11:56Z, git hash: 84205aa28f11a4f31f2a3b86d1bba2cc8ab69827
2019-06-15 11:39:11,144 INFO  handler.ContextHandler (ContextHandler.java:doStart(781)) - Started o.e.j.s.ServletContextHandler@2ac519dc{/logs,file:///opt/src/hadoop-ozone/integration-test/target/log,AVAILABLE}
2019-06-15 11:39:11,145 INFO  handler.ContextHandler (ContextHandler.java:doStart(781)) - Started o.e.j.s.ServletContextHandler@1de4bee0{/static,jar:file:/home/user/.m2/repository/org/apache/hadoop/hadoop-hdds-container-service/0.5.0-SNAPSHOT/hadoop-hdds-container-service-0.5.0-SNAPSHOT.jar!/webapps/static,AVAILABLE}
2019-06-15 11:39:11,175 INFO  handler.ContextHandler (ContextHandler.java:doStart(781)) - Started o.e.j.w.WebAppContext@648c5fb3{/,file:///tmp/jetty-0.0.0.0-34801-hddsDatanode-_-any-55089326146227900.dir/webapp/,AVAILABLE}{/hddsDatanode}
2019-06-15 11:39:11,177 INFO  server.AbstractConnector (AbstractConnector.java:doStart(278)) - Started ServerConnector@eb193c2{HTTP/1.1,[http/1.1]}{0.0.0.0:34801}
2019-06-15 11:39:11,178 INFO  server.Server (Server.java:doStart(419)) - Started @4873ms
2019-06-15 11:39:11,179 INFO  server.BaseHttpServer (BaseHttpServer.java:updateConnectorAddress(207)) - HTTP server of HDDSDATANODE is listening at http://0.0.0.0:34801
2019-06-15 11:39:11,200 INFO  datanode.InitDatanodeState (InitDatanodeState.java:persistContainerDatanodeDetails(140)) - DatanodeDetails is persisted to /opt/src/hadoop-ozone/integration-test/target/test-dir/MiniOzoneClusterImpl-c4262e08-81c7-41a6-99ed-aaea2a2c6044/datanode-0/meta/datanode.id
2019-06-15 11:39:11,309 INFO  ozone.HddsDatanodeService (HddsDatanodeService.java:startPlugins(396)) - Started plug-in org.apache.hadoop.ozone.web.OzoneHddsDatanodeService@3d2f3dcb
2019-06-15 11:39:11,310 INFO  impl.MetricsSystemImpl (MetricsSystemImpl.java:init(158)) - HddsDatanode metrics system started (again)
2019-06-15 11:39:11,310 INFO  ozone.HddsDatanodeService (HddsDatanodeService.java:start(185)) - HddsDatanodeService host:ozone-unit-076618677d3-cbxt7-549503878 ip:192.168.46.18
2019-06-15 11:39:11,324 INFO  volume.HddsVolume (HddsVolume.java:<init>(176)) - Creating Volume: /opt/src/hadoop-ozone/integration-test/target/test-dir/MiniOzoneClusterImpl-c4262e08-81c7-41a6-99ed-aaea2a2c6044/datanode-2/data/containers/hdds of  storage type : DISK and capacity : 104021790720
2019-06-15 11:39:11,324 INFO  volume.VolumeSet (VolumeSet.java:initializeVolumeSet(170)) - Added Volume : /opt/src/hadoop-ozone/integration-test/target/test-dir/MiniOzoneClusterImpl-c4262e08-81c7-41a6-99ed-aaea2a2c6044/datanode-2/data/containers/hdds to VolumeSet
2019-06-15 11:39:11,325 INFO  volume.ThrottledAsyncChecker (ThrottledAsyncChecker.java:schedule(140)) - Scheduling a check for org.apache.hadoop.ozone.container.common.volume.HddsVolume@4d4436d0
2019-06-15 11:39:11,330 INFO  volume.HddsVolumeChecker (HddsVolumeChecker.java:checkAllVolumes(203)) - Scheduled health check for volume org.apache.hadoop.ozone.container.common.volume.HddsVolume@4d4436d0
2019-06-15 11:39:11,334 INFO  util.JvmPauseMonitor (JvmPauseMonitor.java:run(188)) - Starting JVM pause monitor
2019-06-15 11:39:11,383 INFO  datanode.InitDatanodeState (InitDatanodeState.java:persistContainerDatanodeDetails(140)) - DatanodeDetails is persisted to /opt/src/hadoop-ozone/integration-test/target/test-dir/MiniOzoneClusterImpl-c4262e08-81c7-41a6-99ed-aaea2a2c6044/datanode-1/meta/datanode.id
2019-06-15 11:39:11,387 INFO  ratis.XceiverServerRatis (XceiverServerRatis.java:newXceiverServerRatis(401)) - Found a free port for the server : 34821
2019-06-15 11:39:11,389 INFO  impl.RaftServerProxy (ConfUtils.java:logGet(43)) - raft.rpc.type = GRPC (default)
2019-06-15 11:39:11,390 INFO  grpc.GrpcConfigKeys$Server (ConfUtils.java:logGet(43)) - raft.grpc.server.port = 34821 (custom)
2019-06-15 11:39:11,390 INFO  server.GrpcService (ConfUtils.java:logGet(43)) - raft.grpc.message.size.max = 33570816 (custom)
2019-06-15 11:39:11,390 INFO  server.RaftServerConfigKeys (ConfUtils.java:logGet(43)) - raft.server.log.appender.buffer.byte-limit = 33554432 (custom)
2019-06-15 11:39:11,391 INFO  server.GrpcService (ConfUtils.java:logGet(43)) - raft.grpc.flow.control.window = 1MB (=1048576) (default)
2019-06-15 11:39:11,391 INFO  server.RaftServerConfigKeys (ConfUtils.java:logGet(43)) - raft.server.rpc.request.timeout = 3000ms (default)
2019-06-15 11:39:11,391 INFO  server.RaftServerConfigKeys (ConfUtils.java:logGet(43)) - raft.server.storage.dir = [/opt/src/hadoop-ozone/integration-test/target/test-dir/MiniOzoneClusterImpl-c4262e08-81c7-41a6-99ed-aaea2a2c6044/datanode-2/data/ratis] (custom)
2019-06-15 11:39:11,392 INFO  server.XceiverServerGrpc (XceiverServerGrpc.java:<init>(97)) - Found a free port for the server : 42781
2019-06-15 11:39:11,392 INFO  replication.SimpleContainerDownloader (SimpleContainerDownloader.java:<init>(72)) - Starting container downloader service to copy containers to replicate.
2019-06-15 11:39:11,393 INFO  hdfs.DFSUtil (DFSUtil.java:httpServerTemplateForNNAndJN(1641)) - Starting Web-server for hddsDatanode at: http://0.0.0.0:0
2019-06-15 11:39:11,395 INFO  server.AuthenticationFilter (AuthenticationFilter.java:constructSecretProvider(240)) - Unable to initialize FileSignerSecretProvider, falling back to use random secrets.
2019-06-15 11:39:11,395 WARN  http.HttpRequestLog (HttpRequestLog.java:getRequestLog(97)) - Jetty request log can only be enabled using Log4j
2019-06-15 11:39:11,397 INFO  http.HttpServer2 (HttpServer2.java:addGlobalFilter(975)) - Added global filter 'safety' (class=org.apache.hadoop.http.HttpServer2$QuotingInputFilter)
2019-06-15 11:39:11,398 INFO  http.HttpServer2 (HttpServer2.java:addFilter(948)) - Added filter static_user_filter (class=org.apache.hadoop.http.lib.StaticUserWebFilter$StaticUserFilter) to context hddsDatanode
2019-06-15 11:39:11,398 INFO  http.HttpServer2 (HttpServer2.java:addFilter(958)) - Added filter static_user_filter (class=org.apache.hadoop.http.lib.StaticUserWebFilter$StaticUserFilter) to context logs
2019-06-15 11:39:11,398 INFO  http.HttpServer2 (HttpServer2.java:addFilter(958)) - Added filter static_user_filter (class=org.apache.hadoop.http.lib.StaticUserWebFilter$StaticUserFilter) to context static
2019-06-15 11:39:11,399 INFO  http.HttpServer2 (HttpServer2.java:bindListener(1191)) - Jetty bound to port 33959
2019-06-15 11:39:11,399 INFO  server.Server (Server.java:doStart(351)) - jetty-9.3.24.v20180605, build timestamp: 2018-06-05T17:11:56Z, git hash: 84205aa28f11a4f31f2a3b86d1bba2cc8ab69827
2019-06-15 11:39:11,401 INFO  handler.ContextHandler (ContextHandler.java:doStart(781)) - Started o.e.j.s.ServletContextHandler@49cd946c{/logs,file:///opt/src/hadoop-ozone/integration-test/target/log,AVAILABLE}
2019-06-15 11:39:11,402 INFO  handler.ContextHandler (ContextHandler.java:doStart(781)) - Started o.e.j.s.ServletContextHandler@14d25b6e{/static,jar:file:/home/user/.m2/repository/org/apache/hadoop/hadoop-hdds-container-service/0.5.0-SNAPSHOT/hadoop-hdds-container-service-0.5.0-SNAPSHOT.jar!/webapps/static,AVAILABLE}
2019-06-15 11:39:11,428 INFO  handler.ContextHandler (ContextHandler.java:doStart(781)) - Started o.e.j.w.WebAppContext@6d6bff89{/,file:///tmp/jetty-0.0.0.0-33959-hddsDatanode-_-any-5664971262889696574.dir/webapp/,AVAILABLE}{/hddsDatanode}
2019-06-15 11:39:11,429 INFO  server.AbstractConnector (AbstractConnector.java:doStart(278)) - Started ServerConnector@541bf968{HTTP/1.1,[http/1.1]}{0.0.0.0:33959}
2019-06-15 11:39:11,430 INFO  server.Server (Server.java:doStart(419)) - Started @5125ms
2019-06-15 11:39:11,431 INFO  server.BaseHttpServer (BaseHttpServer.java:updateConnectorAddress(207)) - HTTP server of HDDSDATANODE is listening at http://0.0.0.0:33959
2019-06-15 11:39:11,566 INFO  ozone.HddsDatanodeService (HddsDatanodeService.java:startPlugins(396)) - Started plug-in org.apache.hadoop.ozone.web.OzoneHddsDatanodeService@5bb911c1
2019-06-15 11:39:11,566 INFO  impl.MetricsSystemImpl (MetricsSystemImpl.java:init(158)) - HddsDatanode metrics system started (again)
2019-06-15 11:39:11,567 INFO  ozone.HddsDatanodeService (HddsDatanodeService.java:start(185)) - HddsDatanodeService host:ozone-unit-076618677d3-cbxt7-549503878 ip:192.168.46.18
2019-06-15 11:39:11,571 INFO  util.JvmPauseMonitor (JvmPauseMonitor.java:run(188)) - Starting JVM pause monitor
2019-06-15 11:39:11,575 INFO  datanode.InitDatanodeState (InitDatanodeState.java:persistContainerDatanodeDetails(140)) - DatanodeDetails is persisted to /opt/src/hadoop-ozone/integration-test/target/test-dir/MiniOzoneClusterImpl-c4262e08-81c7-41a6-99ed-aaea2a2c6044/datanode-2/meta/datanode.id
2019-06-15 11:39:11,580 INFO  volume.HddsVolume (HddsVolume.java:<init>(176)) - Creating Volume: /opt/src/hadoop-ozone/integration-test/target/test-dir/MiniOzoneClusterImpl-c4262e08-81c7-41a6-99ed-aaea2a2c6044/datanode-3/data/containers/hdds of  storage type : DISK and capacity : 104021790720
2019-06-15 11:39:11,587 INFO  volume.VolumeSet (VolumeSet.java:initializeVolumeSet(170)) - Added Volume : /opt/src/hadoop-ozone/integration-test/target/test-dir/MiniOzoneClusterImpl-c4262e08-81c7-41a6-99ed-aaea2a2c6044/datanode-3/data/containers/hdds to VolumeSet
2019-06-15 11:39:11,587 INFO  volume.ThrottledAsyncChecker (ThrottledAsyncChecker.java:schedule(140)) - Scheduling a check for org.apache.hadoop.ozone.container.common.volume.HddsVolume@2db15f70
2019-06-15 11:39:11,588 INFO  volume.HddsVolumeChecker (HddsVolumeChecker.java:checkAllVolumes(203)) - Scheduled health check for volume org.apache.hadoop.ozone.container.common.volume.HddsVolume@2db15f70
2019-06-15 11:39:11,600 INFO  ratis.XceiverServerRatis (XceiverServerRatis.java:newXceiverServerRatis(401)) - Found a free port for the server : 35367
2019-06-15 11:39:11,602 INFO  impl.RaftServerProxy (ConfUtils.java:logGet(43)) - raft.rpc.type = GRPC (default)
2019-06-15 11:39:11,602 INFO  grpc.GrpcConfigKeys$Server (ConfUtils.java:logGet(43)) - raft.grpc.server.port = 35367 (custom)
2019-06-15 11:39:11,602 INFO  server.GrpcService (ConfUtils.java:logGet(43)) - raft.grpc.message.size.max = 33570816 (custom)
2019-06-15 11:39:11,602 INFO  server.RaftServerConfigKeys (ConfUtils.java:logGet(43)) - raft.server.log.appender.buffer.byte-limit = 33554432 (custom)
2019-06-15 11:39:11,603 INFO  server.GrpcService (ConfUtils.java:logGet(43)) - raft.grpc.flow.control.window = 1MB (=1048576) (default)
2019-06-15 11:39:11,603 INFO  server.RaftServerConfigKeys (ConfUtils.java:logGet(43)) - raft.server.rpc.request.timeout = 3000ms (default)
2019-06-15 11:39:11,603 INFO  server.RaftServerConfigKeys (ConfUtils.java:logGet(43)) - raft.server.storage.dir = [/opt/src/hadoop-ozone/integration-test/target/test-dir/MiniOzoneClusterImpl-c4262e08-81c7-41a6-99ed-aaea2a2c6044/datanode-3/data/ratis] (custom)
2019-06-15 11:39:11,604 INFO  server.XceiverServerGrpc (XceiverServerGrpc.java:<init>(97)) - Found a free port for the server : 36375
2019-06-15 11:39:11,604 INFO  replication.SimpleContainerDownloader (SimpleContainerDownloader.java:<init>(72)) - Starting container downloader service to copy containers to replicate.
2019-06-15 11:39:11,605 INFO  hdfs.DFSUtil (DFSUtil.java:httpServerTemplateForNNAndJN(1641)) - Starting Web-server for hddsDatanode at: http://0.0.0.0:0
2019-06-15 11:39:11,606 INFO  server.AuthenticationFilter (AuthenticationFilter.java:constructSecretProvider(240)) - Unable to initialize FileSignerSecretProvider, falling back to use random secrets.
2019-06-15 11:39:11,613 WARN  http.HttpRequestLog (HttpRequestLog.java:getRequestLog(97)) - Jetty request log can only be enabled using Log4j
2019-06-15 11:39:11,615 INFO  http.HttpServer2 (HttpServer2.java:addGlobalFilter(975)) - Added global filter 'safety' (class=org.apache.hadoop.http.HttpServer2$QuotingInputFilter)
2019-06-15 11:39:11,616 INFO  http.HttpServer2 (HttpServer2.java:addFilter(948)) - Added filter static_user_filter (class=org.apache.hadoop.http.lib.StaticUserWebFilter$StaticUserFilter) to context hddsDatanode
2019-06-15 11:39:11,616 INFO  http.HttpServer2 (HttpServer2.java:addFilter(958)) - Added filter static_user_filter (class=org.apache.hadoop.http.lib.StaticUserWebFilter$StaticUserFilter) to context static
2019-06-15 11:39:11,616 INFO  http.HttpServer2 (HttpServer2.java:addFilter(958)) - Added filter static_user_filter (class=org.apache.hadoop.http.lib.StaticUserWebFilter$StaticUserFilter) to context logs
2019-06-15 11:39:11,617 INFO  http.HttpServer2 (HttpServer2.java:bindListener(1191)) - Jetty bound to port 39529
2019-06-15 11:39:11,617 INFO  server.Server (Server.java:doStart(351)) - jetty-9.3.24.v20180605, build timestamp: 2018-06-05T17:11:56Z, git hash: 84205aa28f11a4f31f2a3b86d1bba2cc8ab69827
2019-06-15 11:39:11,621 INFO  handler.ContextHandler (ContextHandler.java:doStart(781)) - Started o.e.j.s.ServletContextHandler@2dba05b1{/logs,file:///opt/src/hadoop-ozone/integration-test/target/log,AVAILABLE}
2019-06-15 11:39:11,621 INFO  handler.ContextHandler (ContextHandler.java:doStart(781)) - Started o.e.j.s.ServletContextHandler@445bce9a{/static,jar:file:/home/user/.m2/repository/org/apache/hadoop/hadoop-hdds-container-service/0.5.0-SNAPSHOT/hadoop-hdds-container-service-0.5.0-SNAPSHOT.jar!/webapps/static,AVAILABLE}
2019-06-15 11:39:11,645 INFO  handler.ContextHandler (ContextHandler.java:doStart(781)) - Started o.e.j.w.WebAppContext@380ce5a3{/,file:///tmp/jetty-0.0.0.0-39529-hddsDatanode-_-any-6260347799931261276.dir/webapp/,AVAILABLE}{/hddsDatanode}
2019-06-15 11:39:11,645 INFO  server.AbstractConnector (AbstractConnector.java:doStart(278)) - Started ServerConnector@38029686{HTTP/1.1,[http/1.1]}{0.0.0.0:39529}
2019-06-15 11:39:11,647 INFO  server.Server (Server.java:doStart(419)) - Started @5343ms
2019-06-15 11:39:11,648 INFO  server.BaseHttpServer (BaseHttpServer.java:updateConnectorAddress(207)) - HTTP server of HDDSDATANODE is listening at http://0.0.0.0:39529
2019-06-15 11:39:11,790 INFO  ozone.HddsDatanodeService (HddsDatanodeService.java:startPlugins(396)) - Started plug-in org.apache.hadoop.ozone.web.OzoneHddsDatanodeService@1e226bcd
2019-06-15 11:39:11,791 INFO  impl.MetricsSystemImpl (MetricsSystemImpl.java:init(158)) - HddsDatanode metrics system started (again)
2019-06-15 11:39:11,791 INFO  ozone.HddsDatanodeService (HddsDatanodeService.java:start(185)) - HddsDatanodeService host:ozone-unit-076618677d3-cbxt7-549503878 ip:192.168.46.18
2019-06-15 11:39:11,814 INFO  util.JvmPauseMonitor (JvmPauseMonitor.java:run(188)) - Starting JVM pause monitor
2019-06-15 11:39:11,823 INFO  volume.HddsVolume (HddsVolume.java:<init>(176)) - Creating Volume: /opt/src/hadoop-ozone/integration-test/target/test-dir/MiniOzoneClusterImpl-c4262e08-81c7-41a6-99ed-aaea2a2c6044/datanode-4/data/containers/hdds of  storage type : DISK and capacity : 104021790720
2019-06-15 11:39:11,823 INFO  volume.VolumeSet (VolumeSet.java:initializeVolumeSet(170)) - Added Volume : /opt/src/hadoop-ozone/integration-test/target/test-dir/MiniOzoneClusterImpl-c4262e08-81c7-41a6-99ed-aaea2a2c6044/datanode-4/data/containers/hdds to VolumeSet
2019-06-15 11:39:11,823 INFO  volume.ThrottledAsyncChecker (ThrottledAsyncChecker.java:schedule(140)) - Scheduling a check for org.apache.hadoop.ozone.container.common.volume.HddsVolume@48cd319d
2019-06-15 11:39:11,824 INFO  datanode.InitDatanodeState (InitDatanodeState.java:persistContainerDatanodeDetails(140)) - DatanodeDetails is persisted to /opt/src/hadoop-ozone/integration-test/target/test-dir/MiniOzoneClusterImpl-c4262e08-81c7-41a6-99ed-aaea2a2c6044/datanode-3/meta/datanode.id
2019-06-15 11:39:11,825 INFO  volume.HddsVolumeChecker (HddsVolumeChecker.java:checkAllVolumes(203)) - Scheduled health check for volume org.apache.hadoop.ozone.container.common.volume.HddsVolume@48cd319d
2019-06-15 11:39:11,838 INFO  ratis.XceiverServerRatis (XceiverServerRatis.java:newXceiverServerRatis(401)) - Found a free port for the server : 46701
2019-06-15 11:39:11,838 INFO  impl.RaftServerProxy (ConfUtils.java:logGet(43)) - raft.rpc.type = GRPC (default)
2019-06-15 11:39:11,839 INFO  grpc.GrpcConfigKeys$Server (ConfUtils.java:logGet(43)) - raft.grpc.server.port = 46701 (custom)
2019-06-15 11:39:11,839 INFO  server.GrpcService (ConfUtils.java:logGet(43)) - raft.grpc.message.size.max = 33570816 (custom)
2019-06-15 11:39:11,839 INFO  server.RaftServerConfigKeys (ConfUtils.java:logGet(43)) - raft.server.log.appender.buffer.byte-limit = 33554432 (custom)
2019-06-15 11:39:11,839 INFO  server.GrpcService (ConfUtils.java:logGet(43)) - raft.grpc.flow.control.window = 1MB (=1048576) (default)
2019-06-15 11:39:11,839 INFO  server.RaftServerConfigKeys (ConfUtils.java:logGet(43)) - raft.server.rpc.request.timeout = 3000ms (default)
2019-06-15 11:39:11,840 INFO  server.RaftServerConfigKeys (ConfUtils.java:logGet(43)) - raft.server.storage.dir = [/opt/src/hadoop-ozone/integration-test/target/test-dir/MiniOzoneClusterImpl-c4262e08-81c7-41a6-99ed-aaea2a2c6044/datanode-4/data/ratis] (custom)
2019-06-15 11:39:11,840 INFO  server.XceiverServerGrpc (XceiverServerGrpc.java:<init>(97)) - Found a free port for the server : 39951
2019-06-15 11:39:11,841 INFO  replication.SimpleContainerDownloader (SimpleContainerDownloader.java:<init>(72)) - Starting container downloader service to copy containers to replicate.
2019-06-15 11:39:11,842 INFO  hdfs.DFSUtil (DFSUtil.java:httpServerTemplateForNNAndJN(1641)) - Starting Web-server for hddsDatanode at: http://0.0.0.0:0
2019-06-15 11:39:11,843 INFO  server.AuthenticationFilter (AuthenticationFilter.java:constructSecretProvider(240)) - Unable to initialize FileSignerSecretProvider, falling back to use random secrets.
2019-06-15 11:39:11,843 WARN  http.HttpRequestLog (HttpRequestLog.java:getRequestLog(97)) - Jetty request log can only be enabled using Log4j
2019-06-15 11:39:11,845 INFO  http.HttpServer2 (HttpServer2.java:addGlobalFilter(975)) - Added global filter 'safety' (class=org.apache.hadoop.http.HttpServer2$QuotingInputFilter)
2019-06-15 11:39:11,845 INFO  http.HttpServer2 (HttpServer2.java:addFilter(948)) - Added filter static_user_filter (class=org.apache.hadoop.http.lib.StaticUserWebFilter$StaticUserFilter) to context hddsDatanode
2019-06-15 11:39:11,845 INFO  http.HttpServer2 (HttpServer2.java:addFilter(958)) - Added filter static_user_filter (class=org.apache.hadoop.http.lib.StaticUserWebFilter$StaticUserFilter) to context static
2019-06-15 11:39:11,846 INFO  http.HttpServer2 (HttpServer2.java:addFilter(958)) - Added filter static_user_filter (class=org.apache.hadoop.http.lib.StaticUserWebFilter$StaticUserFilter) to context logs
2019-06-15 11:39:11,846 INFO  http.HttpServer2 (HttpServer2.java:bindListener(1191)) - Jetty bound to port 40863
2019-06-15 11:39:11,846 INFO  server.Server (Server.java:doStart(351)) - jetty-9.3.24.v20180605, build timestamp: 2018-06-05T17:11:56Z, git hash: 84205aa28f11a4f31f2a3b86d1bba2cc8ab69827
2019-06-15 11:39:11,854 INFO  handler.ContextHandler (ContextHandler.java:doStart(781)) - Started o.e.j.s.ServletContextHandler@3d104c9b{/logs,file:///opt/src/hadoop-ozone/integration-test/target/log,AVAILABLE}
2019-06-15 11:39:11,854 INFO  handler.ContextHandler (ContextHandler.java:doStart(781)) - Started o.e.j.s.ServletContextHandler@6da54910{/static,jar:file:/home/user/.m2/repository/org/apache/hadoop/hadoop-hdds-container-service/0.5.0-SNAPSHOT/hadoop-hdds-container-service-0.5.0-SNAPSHOT.jar!/webapps/static,AVAILABLE}
2019-06-15 11:39:11,880 INFO  handler.ContextHandler (ContextHandler.java:doStart(781)) - Started o.e.j.w.WebAppContext@7e61e25c{/,file:///tmp/jetty-0.0.0.0-40863-hddsDatanode-_-any-5863377863701357674.dir/webapp/,AVAILABLE}{/hddsDatanode}
2019-06-15 11:39:11,881 INFO  server.AbstractConnector (AbstractConnector.java:doStart(278)) - Started ServerConnector@615db358{HTTP/1.1,[http/1.1]}{0.0.0.0:40863}
2019-06-15 11:39:11,883 INFO  server.Server (Server.java:doStart(419)) - Started @5578ms
2019-06-15 11:39:11,884 INFO  server.BaseHttpServer (BaseHttpServer.java:updateConnectorAddress(207)) - HTTP server of HDDSDATANODE is listening at http://0.0.0.0:40863
2019-06-15 11:39:12,038 INFO  ozone.HddsDatanodeService (HddsDatanodeService.java:startPlugins(396)) - Started plug-in org.apache.hadoop.ozone.web.OzoneHddsDatanodeService@54f6b629
2019-06-15 11:39:12,041 INFO  impl.MetricsSystemImpl (MetricsSystemImpl.java:init(158)) - HddsDatanode metrics system started (again)
2019-06-15 11:39:12,042 INFO  ozone.HddsDatanodeService (HddsDatanodeService.java:start(185)) - HddsDatanodeService host:ozone-unit-076618677d3-cbxt7-549503878 ip:192.168.46.18
2019-06-15 11:39:12,125 INFO  volume.HddsVolume (HddsVolume.java:<init>(176)) - Creating Volume: /opt/src/hadoop-ozone/integration-test/target/test-dir/MiniOzoneClusterImpl-c4262e08-81c7-41a6-99ed-aaea2a2c6044/datanode-5/data/containers/hdds of  storage type : DISK and capacity : 104021790720
2019-06-15 11:39:12,125 INFO  util.JvmPauseMonitor (JvmPauseMonitor.java:run(188)) - Starting JVM pause monitor
2019-06-15 11:39:12,126 INFO  volume.VolumeSet (VolumeSet.java:initializeVolumeSet(170)) - Added Volume : /opt/src/hadoop-ozone/integration-test/target/test-dir/MiniOzoneClusterImpl-c4262e08-81c7-41a6-99ed-aaea2a2c6044/datanode-5/data/containers/hdds to VolumeSet
2019-06-15 11:39:12,126 INFO  volume.ThrottledAsyncChecker (ThrottledAsyncChecker.java:schedule(140)) - Scheduling a check for org.apache.hadoop.ozone.container.common.volume.HddsVolume@5122e4bf
2019-06-15 11:39:12,127 INFO  datanode.InitDatanodeState (InitDatanodeState.java:persistContainerDatanodeDetails(140)) - DatanodeDetails is persisted to /opt/src/hadoop-ozone/integration-test/target/test-dir/MiniOzoneClusterImpl-c4262e08-81c7-41a6-99ed-aaea2a2c6044/datanode-4/meta/datanode.id
2019-06-15 11:39:12,136 INFO  volume.HddsVolumeChecker (HddsVolumeChecker.java:checkAllVolumes(203)) - Scheduled health check for volume org.apache.hadoop.ozone.container.common.volume.HddsVolume@5122e4bf
2019-06-15 11:39:12,148 INFO  ratis.XceiverServerRatis (XceiverServerRatis.java:newXceiverServerRatis(401)) - Found a free port for the server : 35849
2019-06-15 11:39:12,149 INFO  impl.RaftServerProxy (ConfUtils.java:logGet(43)) - raft.rpc.type = GRPC (default)
2019-06-15 11:39:12,150 INFO  grpc.GrpcConfigKeys$Server (ConfUtils.java:logGet(43)) - raft.grpc.server.port = 35849 (custom)
2019-06-15 11:39:12,150 INFO  server.GrpcService (ConfUtils.java:logGet(43)) - raft.grpc.message.size.max = 33570816 (custom)
2019-06-15 11:39:12,150 INFO  server.RaftServerConfigKeys (ConfUtils.java:logGet(43)) - raft.server.log.appender.buffer.byte-limit = 33554432 (custom)
2019-06-15 11:39:12,150 INFO  server.GrpcService (ConfUtils.java:logGet(43)) - raft.grpc.flow.control.window = 1MB (=1048576) (default)
2019-06-15 11:39:12,151 INFO  server.RaftServerConfigKeys (ConfUtils.java:logGet(43)) - raft.server.rpc.request.timeout = 3000ms (default)
2019-06-15 11:39:12,151 INFO  server.RaftServerConfigKeys (ConfUtils.java:logGet(43)) - raft.server.storage.dir = [/opt/src/hadoop-ozone/integration-test/target/test-dir/MiniOzoneClusterImpl-c4262e08-81c7-41a6-99ed-aaea2a2c6044/datanode-5/data/ratis] (custom)
2019-06-15 11:39:12,152 INFO  server.XceiverServerGrpc (XceiverServerGrpc.java:<init>(97)) - Found a free port for the server : 42867
2019-06-15 11:39:12,152 INFO  replication.SimpleContainerDownloader (SimpleContainerDownloader.java:<init>(72)) - Starting container downloader service to copy containers to replicate.
2019-06-15 11:39:12,153 INFO  hdfs.DFSUtil (DFSUtil.java:httpServerTemplateForNNAndJN(1641)) - Starting Web-server for hddsDatanode at: http://0.0.0.0:0
2019-06-15 11:39:12,155 INFO  server.AuthenticationFilter (AuthenticationFilter.java:constructSecretProvider(240)) - Unable to initialize FileSignerSecretProvider, falling back to use random secrets.
2019-06-15 11:39:12,157 WARN  http.HttpRequestLog (HttpRequestLog.java:getRequestLog(97)) - Jetty request log can only be enabled using Log4j
2019-06-15 11:39:12,159 INFO  http.HttpServer2 (HttpServer2.java:addGlobalFilter(975)) - Added global filter 'safety' (class=org.apache.hadoop.http.HttpServer2$QuotingInputFilter)
2019-06-15 11:39:12,160 INFO  http.HttpServer2 (HttpServer2.java:addFilter(948)) - Added filter static_user_filter (class=org.apache.hadoop.http.lib.StaticUserWebFilter$StaticUserFilter) to context hddsDatanode
2019-06-15 11:39:12,160 INFO  http.HttpServer2 (HttpServer2.java:addFilter(958)) - Added filter static_user_filter (class=org.apache.hadoop.http.lib.StaticUserWebFilter$StaticUserFilter) to context static
2019-06-15 11:39:12,160 INFO  http.HttpServer2 (HttpServer2.java:addFilter(958)) - Added filter static_user_filter (class=org.apache.hadoop.http.lib.StaticUserWebFilter$StaticUserFilter) to context logs
2019-06-15 11:39:12,161 INFO  http.HttpServer2 (HttpServer2.java:bindListener(1191)) - Jetty bound to port 46011
2019-06-15 11:39:12,161 INFO  server.Server (Server.java:doStart(351)) - jetty-9.3.24.v20180605, build timestamp: 2018-06-05T17:11:56Z, git hash: 84205aa28f11a4f31f2a3b86d1bba2cc8ab69827
2019-06-15 11:39:12,172 INFO  handler.ContextHandler (ContextHandler.java:doStart(781)) - Started o.e.j.s.ServletContextHandler@2ce524d2{/logs,file:///opt/src/hadoop-ozone/integration-test/target/log,AVAILABLE}
2019-06-15 11:39:12,173 INFO  handler.ContextHandler (ContextHandler.java:doStart(781)) - Started o.e.j.s.ServletContextHandler@e3899fd{/static,jar:file:/home/user/.m2/repository/org/apache/hadoop/hadoop-hdds-container-service/0.5.0-SNAPSHOT/hadoop-hdds-container-service-0.5.0-SNAPSHOT.jar!/webapps/static,AVAILABLE}
2019-06-15 11:39:12,203 INFO  handler.ContextHandler (ContextHandler.java:doStart(781)) - Started o.e.j.w.WebAppContext@1eb85a47{/,file:///tmp/jetty-0.0.0.0-46011-hddsDatanode-_-any-4607767837404944853.dir/webapp/,AVAILABLE}{/hddsDatanode}
2019-06-15 11:39:12,204 INFO  server.AbstractConnector (AbstractConnector.java:doStart(278)) - Started ServerConnector@ca7e37f{HTTP/1.1,[http/1.1]}{0.0.0.0:46011}
2019-06-15 11:39:12,205 INFO  server.Server (Server.java:doStart(419)) - Started @5900ms
2019-06-15 11:39:12,205 INFO  server.BaseHttpServer (BaseHttpServer.java:updateConnectorAddress(207)) - HTTP server of HDDSDATANODE is listening at http://0.0.0.0:46011
2019-06-15 11:39:12,361 INFO  ozone.HddsDatanodeService (HddsDatanodeService.java:startPlugins(396)) - Started plug-in org.apache.hadoop.ozone.web.OzoneHddsDatanodeService@49cc9b2a
2019-06-15 11:39:12,362 INFO  ozone.MiniOzoneClusterImpl (MiniOzoneClusterImpl.java:lambda$waitForClusterToBeReady$0(142)) - Waiting for cluster to be ready. Got 0 of 6 DN Heartbeats.
2019-06-15 11:39:12,363 INFO  util.JvmPauseMonitor (JvmPauseMonitor.java:run(188)) - Starting JVM pause monitor
2019-06-15 11:39:12,365 INFO  datanode.InitDatanodeState (InitDatanodeState.java:persistContainerDatanodeDetails(140)) - DatanodeDetails is persisted to /opt/src/hadoop-ozone/integration-test/target/test-dir/MiniOzoneClusterImpl-c4262e08-81c7-41a6-99ed-aaea2a2c6044/datanode-5/meta/datanode.id
2019-06-15 11:39:13,098 INFO  ozoneimpl.OzoneContainer (OzoneContainer.java:start(186)) - Attempting to start container services.
2019-06-15 11:39:13,098 INFO  ozoneimpl.OzoneContainer (OzoneContainer.java:startContainerScrub(160)) - Background container scrubber has been disabled by hdds.containerscrub.enabled
2019-06-15 11:39:13,099 INFO  ratis.XceiverServerRatis (XceiverServerRatis.java:start(418)) - Starting XceiverServerRatis 47cadb62-a78c-4412-a0a6-277d879ab913 at port 42179
2019-06-15 11:39:13,113 INFO  impl.RaftServerProxy (RaftServerProxy.java:lambda$start$3(299)) - 47cadb62-a78c-4412-a0a6-277d879ab913: start RPC server
2019-06-15 11:39:13,248 INFO  server.GrpcService (GrpcService.java:startImpl(148)) - 47cadb62-a78c-4412-a0a6-277d879ab913: GrpcService started, listening on 0.0.0.0/0.0.0.0:42179
2019-06-15 11:39:13,338 INFO  ozoneimpl.OzoneContainer (OzoneContainer.java:start(186)) - Attempting to start container services.
2019-06-15 11:39:13,339 INFO  ozoneimpl.OzoneContainer (OzoneContainer.java:startContainerScrub(160)) - Background container scrubber has been disabled by hdds.containerscrub.enabled
2019-06-15 11:39:13,339 INFO  ratis.XceiverServerRatis (XceiverServerRatis.java:start(418)) - Starting XceiverServerRatis 1560cee3-48bb-46f5-a7e6-688f766c76a7 at port 33821
2019-06-15 11:39:13,345 INFO  impl.RaftServerProxy (RaftServerProxy.java:lambda$start$3(299)) - 1560cee3-48bb-46f5-a7e6-688f766c76a7: start RPC server
2019-06-15 11:39:13,347 INFO  server.GrpcService (GrpcService.java:startImpl(148)) - 1560cee3-48bb-46f5-a7e6-688f766c76a7: GrpcService started, listening on 0.0.0.0/0.0.0.0:33821
2019-06-15 11:39:13,363 INFO  ozone.MiniOzoneClusterImpl (MiniOzoneClusterImpl.java:lambda$waitForClusterToBeReady$0(142)) - Waiting for cluster to be ready. Got 0 of 6 DN Heartbeats.
2019-06-15 11:39:13,575 INFO  ozoneimpl.OzoneContainer (OzoneContainer.java:start(186)) - Attempting to start container services.
2019-06-15 11:39:13,576 INFO  ozoneimpl.OzoneContainer (OzoneContainer.java:startContainerScrub(160)) - Background container scrubber has been disabled by hdds.containerscrub.enabled
2019-06-15 11:39:13,576 INFO  ratis.XceiverServerRatis (XceiverServerRatis.java:start(418)) - Starting XceiverServerRatis 1d2bc7de-dbc4-472e-8273-c7db690f5e0e at port 34821
2019-06-15 11:39:13,583 INFO  impl.RaftServerProxy (RaftServerProxy.java:lambda$start$3(299)) - 1d2bc7de-dbc4-472e-8273-c7db690f5e0e: start RPC server
2019-06-15 11:39:13,585 INFO  server.GrpcService (GrpcService.java:startImpl(148)) - 1d2bc7de-dbc4-472e-8273-c7db690f5e0e: GrpcService started, listening on 0.0.0.0/0.0.0.0:34821
2019-06-15 11:39:13,818 INFO  ozoneimpl.OzoneContainer (OzoneContainer.java:start(186)) - Attempting to start container services.
2019-06-15 11:39:13,819 INFO  ozoneimpl.OzoneContainer (OzoneContainer.java:startContainerScrub(160)) - Background container scrubber has been disabled by hdds.containerscrub.enabled
2019-06-15 11:39:13,820 INFO  ratis.XceiverServerRatis (XceiverServerRatis.java:start(418)) - Starting XceiverServerRatis c02ab114-188e-4488-808f-12d244b07ab8 at port 35367
2019-06-15 11:39:13,896 INFO  impl.RaftServerProxy (RaftServerProxy.java:lambda$start$3(299)) - c02ab114-188e-4488-808f-12d244b07ab8: start RPC server
2019-06-15 11:39:13,898 INFO  server.GrpcService (GrpcService.java:startImpl(148)) - c02ab114-188e-4488-808f-12d244b07ab8: GrpcService started, listening on 0.0.0.0/0.0.0.0:35367
2019-06-15 11:39:14,090 INFO  ozoneimpl.OzoneContainer (OzoneContainer.java:start(186)) - Attempting to start container services.
2019-06-15 11:39:14,092 INFO  ozoneimpl.OzoneContainer (OzoneContainer.java:startContainerScrub(160)) - Background container scrubber has been disabled by hdds.containerscrub.enabled
2019-06-15 11:39:14,092 INFO  ratis.XceiverServerRatis (XceiverServerRatis.java:start(418)) - Starting XceiverServerRatis 06c7e780-bebb-423e-95f8-3db357746a48 at port 46701
2019-06-15 11:39:14,099 INFO  impl.RaftServerProxy (RaftServerProxy.java:lambda$start$3(299)) - 06c7e780-bebb-423e-95f8-3db357746a48: start RPC server
2019-06-15 11:39:14,101 INFO  server.GrpcService (GrpcService.java:startImpl(148)) - 06c7e780-bebb-423e-95f8-3db357746a48: GrpcService started, listening on 0.0.0.0/0.0.0.0:46701
2019-06-15 11:39:14,363 INFO  ozone.MiniOzoneClusterImpl (MiniOzoneClusterImpl.java:lambda$waitForClusterToBeReady$0(142)) - Waiting for cluster to be ready. Got 0 of 6 DN Heartbeats.
2019-06-15 11:39:14,368 INFO  ozoneimpl.OzoneContainer (OzoneContainer.java:start(186)) - Attempting to start container services.
2019-06-15 11:39:14,370 INFO  ozoneimpl.OzoneContainer (OzoneContainer.java:startContainerScrub(160)) - Background container scrubber has been disabled by hdds.containerscrub.enabled
2019-06-15 11:39:14,371 INFO  ratis.XceiverServerRatis (XceiverServerRatis.java:start(418)) - Starting XceiverServerRatis 783ed540-c5a7-4895-9367-21c2ba5e72ca at port 35849
2019-06-15 11:39:14,376 INFO  impl.RaftServerProxy (RaftServerProxy.java:lambda$start$3(299)) - 783ed540-c5a7-4895-9367-21c2ba5e72ca: start RPC server
2019-06-15 11:39:14,379 INFO  server.GrpcService (GrpcService.java:startImpl(148)) - 783ed540-c5a7-4895-9367-21c2ba5e72ca: GrpcService started, listening on 0.0.0.0/0.0.0.0:35849
2019-06-15 11:39:15,099 INFO  net.NetworkTopology (NetworkTopologyImpl.java:add(109)) - Added a new node: /default-rack/192.168.46.18
2019-06-15 11:39:15,099 INFO  node.SCMNodeManager (SCMNodeManager.java:register(269)) - Registered Data node : 47cadb62-a78c-4412-a0a6-277d879ab913{ip: 192.168.46.18, host: ozone-unit-076618677d3-cbxt7-549503878, networkLocation: /default-rack, certSerialId: null}
2019-06-15 11:39:15,103 INFO  safemode.SCMSafeModeManager (DataNodeSafeModeRule.java:process(71)) - SCM in safe mode. 1 DataNodes registered, 1 required.
2019-06-15 11:39:15,103 INFO  safemode.SCMSafeModeManager (SCMSafeModeManager.java:validateSafeModeExitRules(177)) - ScmSafeModeManager, all rules are successfully validated
2019-06-15 11:39:15,103 INFO  safemode.SCMSafeModeManager (SCMSafeModeManager.java:exitSafeMode(193)) - SCM exiting safe mode.
2019-06-15 11:39:15,338 INFO  node.SCMNodeManager (SCMNodeManager.java:register(269)) - Registered Data node : 1560cee3-48bb-46f5-a7e6-688f766c76a7{ip: 192.168.46.18, host: ozone-unit-076618677d3-cbxt7-549503878, networkLocation: /default-rack, certSerialId: null}
2019-06-15 11:39:15,363 INFO  ozone.MiniOzoneClusterImpl (MiniOzoneClusterImpl.java:lambda$waitForClusterToBeReady$0(142)) - Waiting for cluster to be ready. Got 2 of 6 DN Heartbeats.
2019-06-15 11:39:15,474 INFO  impl.RaftServerProxy (RaftServerProxy.java:addNew(89)) - 47cadb62-a78c-4412-a0a6-277d879ab913: addNew group-2DD8B71600F0:[47cadb62-a78c-4412-a0a6-277d879ab913:192.168.46.18:42179] returns group-2DD8B71600F0:java.util.concurrent.CompletableFuture@41c889ae[Not completed]
2019-06-15 11:39:15,480 INFO  impl.RaftServerImpl (RaftServerImpl.java:<init>(91)) - 47cadb62-a78c-4412-a0a6-277d879ab913: new RaftServerImpl for group-2DD8B71600F0:[47cadb62-a78c-4412-a0a6-277d879ab913:192.168.46.18:42179] with ContainerStateMachine:uninitialized
2019-06-15 11:39:15,481 INFO  server.RaftServerConfigKeys (ConfUtils.java:logGet(43)) - raft.server.rpc.timeout.min = 1s (custom)
2019-06-15 11:39:15,481 INFO  server.RaftServerConfigKeys (ConfUtils.java:logGet(43)) - raft.server.rpc.timeout.max = 1200ms (custom)
2019-06-15 11:39:15,482 INFO  server.RaftServerConfigKeys (ConfUtils.java:logGet(43)) - raft.server.rpcslowness.timeout = 10s (custom)
2019-06-15 11:39:15,482 INFO  server.RaftServerConfigKeys (ConfUtils.java:logGet(43)) - raft.server.log.appender.install.snapshot.enabled = true (default)
2019-06-15 11:39:15,488 INFO  impl.RaftServerImpl (ServerState.java:<init>(101)) - 47cadb62-a78c-4412-a0a6-277d879ab913:group-2DD8B71600F0 ConfigurationManager, init=-1: [47cadb62-a78c-4412-a0a6-277d879ab913:192.168.46.18:42179], old=null, confs=<EMPTY_MAP>
2019-06-15 11:39:15,489 INFO  server.RaftServerConfigKeys (ConfUtils.java:logGet(43)) - raft.server.storage.dir = [/opt/src/hadoop-ozone/integration-test/target/test-dir/MiniOzoneClusterImpl-c4262e08-81c7-41a6-99ed-aaea2a2c6044/datanode-0/data/ratis] (custom)
2019-06-15 11:39:15,495 INFO  storage.RaftStorageDirectory (RaftStorageDirectory.java:analyzeStorage(246)) - The storage directory /opt/src/hadoop-ozone/integration-test/target/test-dir/MiniOzoneClusterImpl-c4262e08-81c7-41a6-99ed-aaea2a2c6044/datanode-0/data/ratis/2de37151-ddc3-4ce0-a67c-2dd8b71600f0 does not exist. Creating ...
2019-06-15 11:39:15,501 INFO  storage.RaftStorageDirectory (RaftStorageDirectory.java:tryLock(328)) - Lock on /opt/src/hadoop-ozone/integration-test/target/test-dir/MiniOzoneClusterImpl-c4262e08-81c7-41a6-99ed-aaea2a2c6044/datanode-0/data/ratis/2de37151-ddc3-4ce0-a67c-2dd8b71600f0/in_use.lock acquired by nodename 10012@ozone-unit-076618677d3-cbxt7-549503878
2019-06-15 11:39:15,642 INFO  storage.RaftStorage (RaftStorage.java:format(75)) - Storage directory /opt/src/hadoop-ozone/integration-test/target/test-dir/MiniOzoneClusterImpl-c4262e08-81c7-41a6-99ed-aaea2a2c6044/datanode-0/data/ratis/2de37151-ddc3-4ce0-a67c-2dd8b71600f0 has been successfully formatted.
2019-06-15 11:39:15,644 INFO  node.SCMNodeManager (SCMNodeManager.java:register(269)) - Registered Data node : 1d2bc7de-dbc4-472e-8273-c7db690f5e0e{ip: 192.168.46.18, host: ozone-unit-076618677d3-cbxt7-549503878, networkLocation: /default-rack, certSerialId: null}
2019-06-15 11:39:15,645 INFO  ratis.ContainerStateMachine (ContainerStateMachine.java:loadSnapshot(199)) - The snapshot info is null.Setting the last applied index to:(t:0, i:~)
2019-06-15 11:39:15,645 INFO  server.RaftServerConfigKeys (ConfUtils.java:logGet(43)) - raft.server.leader.election.timeout = 10s (custom)
2019-06-15 11:39:15,647 INFO  server.RaftServerConfigKeys (ConfUtils.java:logGet(43)) - raft.server.log.use.memory = false (default)
2019-06-15 11:39:15,649 INFO  server.RaftServerConfigKeys (ConfUtils.java:logGet(43)) - raft.server.log.appender.buffer.byte-limit = 33554432 (custom)
2019-06-15 11:39:15,652 INFO  server.RaftServerConfigKeys (ConfUtils.java:logGet(43)) - raft.server.log.segment.size.max = 16384 (custom)
2019-06-15 11:39:15,655 INFO  server.RaftServerConfigKeys (ConfUtils.java:logGet(43)) - raft.server.log.segment.cache.num.max = 2 (custom)
2019-06-15 11:39:15,657 INFO  storage.RaftLogWorker (RaftLogWorker.java:<init>(123)) - new 47cadb62-a78c-4412-a0a6-277d879ab913-RaftLogWorker for Storage Directory /opt/src/hadoop-ozone/integration-test/target/test-dir/MiniOzoneClusterImpl-c4262e08-81c7-41a6-99ed-aaea2a2c6044/datanode-0/data/ratis/2de37151-ddc3-4ce0-a67c-2dd8b71600f0
2019-06-15 11:39:15,658 INFO  server.RaftServerConfigKeys (ConfUtils.java:logGet(43)) - raft.server.log.queue.byte-limit = 2147483647 (custom)
2019-06-15 11:39:15,658 INFO  server.RaftServerConfigKeys (ConfUtils.java:logGet(43)) - raft.server.log.queue.element-limit = 1024 (custom)
2019-06-15 11:39:15,659 INFO  server.RaftServerConfigKeys (ConfUtils.java:logGet(43)) - raft.server.log.segment.size.max = 16384 (custom)
2019-06-15 11:39:15,660 INFO  server.RaftServerConfigKeys (ConfUtils.java:logGet(43)) - raft.server.log.preallocated.size = 16384 (custom)
2019-06-15 11:39:15,660 INFO  server.RaftServerConfigKeys (ConfUtils.java:logGet(43)) - raft.server.log.write.buffer.size = 33554432 (custom)
2019-06-15 11:39:15,661 INFO  server.RaftServerConfigKeys (ConfUtils.java:logGet(43)) - raft.server.log.force.sync.num = 128 (default)
2019-06-15 11:39:15,662 INFO  server.RaftServerConfigKeys (ConfUtils.java:logGet(43)) - raft.server.log.statemachine.data.sync = true (default)
2019-06-15 11:39:15,662 INFO  server.RaftServerConfigKeys (ConfUtils.java:logGet(43)) - raft.server.log.statemachine.data.sync.timeout = 10s (default)
2019-06-15 11:39:15,662 INFO  server.RaftServerConfigKeys (ConfUtils.java:logGet(43)) - raft.server.log.statemachine.data.sync.timeout.retry = -1 (default)
2019-06-15 11:39:15,664 INFO  server.RaftServerConfigKeys (ConfUtils.java:logGet(43)) - raft.server.log.statemachine.data.caching.enabled = true (custom)
2019-06-15 11:39:15,669 INFO  server.RaftServerConfigKeys (ConfUtils.java:logGet(43)) - raft.server.snapshot.auto.trigger.enabled = true (custom)
2019-06-15 11:39:15,670 INFO  server.RaftServerConfigKeys (ConfUtils.java:logGet(43)) - raft.server.snapshot.auto.trigger.threshold = 10000 (custom)
2019-06-15 11:39:15,670 INFO  server.RaftServerConfigKeys (ConfUtils.java:logGet(43)) - raft.server.retrycache.expirytime = 600000ms (custom)
2019-06-15 11:39:15,690 INFO  impl.RaftServerImpl (RaftServerImpl.java:start(173)) - 47cadb62-a78c-4412-a0a6-277d879ab913: start group-2DD8B71600F0
2019-06-15 11:39:15,691 INFO  impl.RaftServerImpl (RaftServerImpl.java:setRole(164)) - 47cadb62-a78c-4412-a0a6-277d879ab913:group-2DD8B71600F0 changes role from null to FOLLOWER at term 0 for startAsFollower
2019-06-15 11:39:15,692 INFO  impl.RoleInfo (RoleInfo.java:updateAndGet(143)) - 47cadb62-a78c-4412-a0a6-277d879ab913: start FollowerState
2019-06-15 11:39:15,694 INFO  util.JmxRegister (JmxRegister.java:tryRegister(44)) - Successfully registered JMX Bean with object name Ratis:service=RaftServer,group=group-2DD8B71600F0,id=47cadb62-a78c-4412-a0a6-277d879ab913
2019-06-15 11:39:15,733 INFO  pipeline.PipelineStateManager (PipelineStateManager.java:addPipeline(56)) - Created pipeline Pipeline[ Id: 2de37151-ddc3-4ce0-a67c-2dd8b71600f0, Nodes: 47cadb62-a78c-4412-a0a6-277d879ab913{ip: 192.168.46.18, host: ozone-unit-076618677d3-cbxt7-549503878, networkLocation: /default-rack, certSerialId: null}, Type:RATIS, Factor:ONE, State:OPEN]
2019-06-15 11:39:15,755 INFO  impl.RaftServerProxy (RaftServerProxy.java:addNew(89)) - 1d2bc7de-dbc4-472e-8273-c7db690f5e0e: addNew group-7FF966CE328D:[1d2bc7de-dbc4-472e-8273-c7db690f5e0e:192.168.46.18:34821] returns group-7FF966CE328D:java.util.concurrent.CompletableFuture@596f455b[Not completed]
2019-06-15 11:39:15,755 INFO  impl.RaftServerImpl (RaftServerImpl.java:<init>(91)) - 1d2bc7de-dbc4-472e-8273-c7db690f5e0e: new RaftServerImpl for group-7FF966CE328D:[1d2bc7de-dbc4-472e-8273-c7db690f5e0e:192.168.46.18:34821] with ContainerStateMachine:uninitialized
2019-06-15 11:39:15,756 INFO  server.RaftServerConfigKeys (ConfUtils.java:logGet(43)) - raft.server.rpc.timeout.min = 1s (custom)
2019-06-15 11:39:15,756 INFO  server.RaftServerConfigKeys (ConfUtils.java:logGet(43)) - raft.server.rpc.timeout.max = 1200ms (custom)
2019-06-15 11:39:15,757 INFO  server.RaftServerConfigKeys (ConfUtils.java:logGet(43)) - raft.server.rpcslowness.timeout = 10s (custom)
2019-06-15 11:39:15,757 INFO  server.RaftServerConfigKeys (ConfUtils.java:logGet(43)) - raft.server.log.appender.install.snapshot.enabled = true (default)
2019-06-15 11:39:15,757 INFO  impl.RaftServerImpl (ServerState.java:<init>(101)) - 1d2bc7de-dbc4-472e-8273-c7db690f5e0e:group-7FF966CE328D ConfigurationManager, init=-1: [1d2bc7de-dbc4-472e-8273-c7db690f5e0e:192.168.46.18:34821], old=null, confs=<EMPTY_MAP>
2019-06-15 11:39:15,757 INFO  server.RaftServerConfigKeys (ConfUtils.java:logGet(43)) - raft.server.storage.dir = [/opt/src/hadoop-ozone/integration-test/target/test-dir/MiniOzoneClusterImpl-c4262e08-81c7-41a6-99ed-aaea2a2c6044/datanode-2/data/ratis] (custom)
2019-06-15 11:39:15,757 INFO  storage.RaftStorageDirectory (RaftStorageDirectory.java:analyzeStorage(246)) - The storage directory /opt/src/hadoop-ozone/integration-test/target/test-dir/MiniOzoneClusterImpl-c4262e08-81c7-41a6-99ed-aaea2a2c6044/datanode-2/data/ratis/233c1b75-2e3a-4295-9ea1-7ff966ce328d does not exist. Creating ...
2019-06-15 11:39:15,760 INFO  storage.RaftStorageDirectory (RaftStorageDirectory.java:tryLock(328)) - Lock on /opt/src/hadoop-ozone/integration-test/target/test-dir/MiniOzoneClusterImpl-c4262e08-81c7-41a6-99ed-aaea2a2c6044/datanode-2/data/ratis/233c1b75-2e3a-4295-9ea1-7ff966ce328d/in_use.lock acquired by nodename 10012@ozone-unit-076618677d3-cbxt7-549503878
2019-06-15 11:39:15,762 INFO  storage.RaftStorage (RaftStorage.java:format(75)) - Storage directory /opt/src/hadoop-ozone/integration-test/target/test-dir/MiniOzoneClusterImpl-c4262e08-81c7-41a6-99ed-aaea2a2c6044/datanode-2/data/ratis/233c1b75-2e3a-4295-9ea1-7ff966ce328d has been successfully formatted.
2019-06-15 11:39:15,763 INFO  ratis.ContainerStateMachine (ContainerStateMachine.java:loadSnapshot(199)) - The snapshot info is null.Setting the last applied index to:(t:0, i:~)
2019-06-15 11:39:15,764 INFO  server.RaftServerConfigKeys (ConfUtils.java:logGet(43)) - raft.server.leader.election.timeout = 10s (custom)
2019-06-15 11:39:15,764 INFO  server.RaftServerConfigKeys (ConfUtils.java:logGet(43)) - raft.server.log.use.memory = false (default)
2019-06-15 11:39:15,764 INFO  server.RaftServerConfigKeys (ConfUtils.java:logGet(43)) - raft.server.log.appender.buffer.byte-limit = 33554432 (custom)
2019-06-15 11:39:15,764 INFO  server.RaftServerConfigKeys (ConfUtils.java:logGet(43)) - raft.server.log.segment.size.max = 16384 (custom)
2019-06-15 11:39:15,764 INFO  server.RaftServerConfigKeys (ConfUtils.java:logGet(43)) - raft.server.log.segment.cache.num.max = 2 (custom)
2019-06-15 11:39:15,764 INFO  storage.RaftLogWorker (RaftLogWorker.java:<init>(123)) - new 1d2bc7de-dbc4-472e-8273-c7db690f5e0e-RaftLogWorker for Storage Directory /opt/src/hadoop-ozone/integration-test/target/test-dir/MiniOzoneClusterImpl-c4262e08-81c7-41a6-99ed-aaea2a2c6044/datanode-2/data/ratis/233c1b75-2e3a-4295-9ea1-7ff966ce328d
2019-06-15 11:39:15,765 INFO  server.RaftServerConfigKeys (ConfUtils.java:logGet(43)) - raft.server.log.queue.byte-limit = 2147483647 (custom)
2019-06-15 11:39:15,765 INFO  server.RaftServerConfigKeys (ConfUtils.java:logGet(43)) - raft.server.log.queue.element-limit = 1024 (custom)
2019-06-15 11:39:15,765 INFO  server.RaftServerConfigKeys (ConfUtils.java:logGet(43)) - raft.server.log.segment.size.max = 16384 (custom)
2019-06-15 11:39:15,765 INFO  server.RaftServerConfigKeys (ConfUtils.java:logGet(43)) - raft.server.log.preallocated.size = 16384 (custom)
2019-06-15 11:39:15,765 INFO  server.RaftServerConfigKeys (ConfUtils.java:logGet(43)) - raft.server.log.write.buffer.size = 33554432 (custom)
2019-06-15 11:39:15,766 INFO  server.RaftServerConfigKeys (ConfUtils.java:logGet(43)) - raft.server.log.force.sync.num = 128 (default)
2019-06-15 11:39:15,766 INFO  server.RaftServerConfigKeys (ConfUtils.java:logGet(43)) - raft.server.log.statemachine.data.sync = true (default)
2019-06-15 11:39:15,766 INFO  server.RaftServerConfigKeys (ConfUtils.java:logGet(43)) - raft.server.log.statemachine.data.sync.timeout = 10s (default)
2019-06-15 11:39:15,766 INFO  server.RaftServerConfigKeys (ConfUtils.java:logGet(43)) - raft.server.log.statemachine.data.sync.timeout.retry = -1 (default)
2019-06-15 11:39:15,766 INFO  server.RaftServerConfigKeys (ConfUtils.java:logGet(43)) - raft.server.log.statemachine.data.caching.enabled = true (custom)
2019-06-15 11:39:15,766 INFO  server.RaftServerConfigKeys (ConfUtils.java:logGet(43)) - raft.server.snapshot.auto.trigger.enabled = true (custom)
2019-06-15 11:39:15,766 INFO  server.RaftServerConfigKeys (ConfUtils.java:logGet(43)) - raft.server.snapshot.auto.trigger.threshold = 10000 (custom)
2019-06-15 11:39:15,767 INFO  server.RaftServerConfigKeys (ConfUtils.java:logGet(43)) - raft.server.retrycache.expirytime = 600000ms (custom)
2019-06-15 11:39:15,767 INFO  impl.RaftServerImpl (RaftServerImpl.java:start(173)) - 1d2bc7de-dbc4-472e-8273-c7db690f5e0e: start group-7FF966CE328D
2019-06-15 11:39:15,767 INFO  impl.RaftServerImpl (RaftServerImpl.java:setRole(164)) - 1d2bc7de-dbc4-472e-8273-c7db690f5e0e:group-7FF966CE328D changes role from null to FOLLOWER at term 0 for startAsFollower
2019-06-15 11:39:15,767 INFO  impl.RoleInfo (RoleInfo.java:updateAndGet(143)) - 1d2bc7de-dbc4-472e-8273-c7db690f5e0e: start FollowerState
2019-06-15 11:39:15,769 INFO  util.JmxRegister (JmxRegister.java:tryRegister(44)) - Successfully registered JMX Bean with object name Ratis:service=RaftServer,group=group-7FF966CE328D,id=1d2bc7de-dbc4-472e-8273-c7db690f5e0e
2019-06-15 11:39:15,781 INFO  pipeline.PipelineStateManager (PipelineStateManager.java:addPipeline(56)) - Created pipeline Pipeline[ Id: 233c1b75-2e3a-4295-9ea1-7ff966ce328d, Nodes: 1d2bc7de-dbc4-472e-8273-c7db690f5e0e{ip: 192.168.46.18, host: ozone-unit-076618677d3-cbxt7-549503878, networkLocation: /default-rack, certSerialId: null}, Type:RATIS, Factor:ONE, State:OPEN]
2019-06-15 11:39:15,795 INFO  impl.RaftServerProxy (RaftServerProxy.java:addNew(89)) - 1560cee3-48bb-46f5-a7e6-688f766c76a7: addNew group-FE722028B182:[1560cee3-48bb-46f5-a7e6-688f766c76a7:192.168.46.18:33821] returns group-FE722028B182:java.util.concurrent.CompletableFuture@53d4a4fb[Not completed]
2019-06-15 11:39:15,822 INFO  impl.RaftServerImpl (RaftServerImpl.java:<init>(91)) - 1560cee3-48bb-46f5-a7e6-688f766c76a7: new RaftServerImpl for group-FE722028B182:[1560cee3-48bb-46f5-a7e6-688f766c76a7:192.168.46.18:33821] with ContainerStateMachine:uninitialized
2019-06-15 11:39:15,822 INFO  server.RaftServerConfigKeys (ConfUtils.java:logGet(43)) - raft.server.rpc.timeout.min = 1s (custom)
2019-06-15 11:39:15,822 INFO  server.RaftServerConfigKeys (ConfUtils.java:logGet(43)) - raft.server.rpc.timeout.max = 1200ms (custom)
2019-06-15 11:39:15,822 INFO  server.RaftServerConfigKeys (ConfUtils.java:logGet(43)) - raft.server.rpcslowness.timeout = 10s (custom)
2019-06-15 11:39:15,822 INFO  server.RaftServerConfigKeys (ConfUtils.java:logGet(43)) - raft.server.log.appender.install.snapshot.enabled = true (default)
2019-06-15 11:39:15,822 INFO  node.SCMNodeManager (SCMNodeManager.java:register(269)) - Registered Data node : c02ab114-188e-4488-808f-12d244b07ab8{ip: 192.168.46.18, host: ozone-unit-076618677d3-cbxt7-549503878, networkLocation: /default-rack, certSerialId: null}
2019-06-15 11:39:15,823 INFO  impl.RaftServerImpl (ServerState.java:<init>(101)) - 1560cee3-48bb-46f5-a7e6-688f766c76a7:group-FE722028B182 ConfigurationManager, init=-1: [1560cee3-48bb-46f5-a7e6-688f766c76a7:192.168.46.18:33821], old=null, confs=<EMPTY_MAP>
2019-06-15 11:39:15,823 INFO  server.RaftServerConfigKeys (ConfUtils.java:logGet(43)) - raft.server.storage.dir = [/opt/src/hadoop-ozone/integration-test/target/test-dir/MiniOzoneClusterImpl-c4262e08-81c7-41a6-99ed-aaea2a2c6044/datanode-1/data/ratis] (custom)
2019-06-15 11:39:15,823 INFO  storage.RaftStorageDirectory (RaftStorageDirectory.java:analyzeStorage(246)) - The storage directory /opt/src/hadoop-ozone/integration-test/target/test-dir/MiniOzoneClusterImpl-c4262e08-81c7-41a6-99ed-aaea2a2c6044/datanode-1/data/ratis/e2faf5d7-6a49-4e81-9835-fe722028b182 does not exist. Creating ...
2019-06-15 11:39:15,826 INFO  storage.RaftStorageDirectory (RaftStorageDirectory.java:tryLock(328)) - Lock on /opt/src/hadoop-ozone/integration-test/target/test-dir/MiniOzoneClusterImpl-c4262e08-81c7-41a6-99ed-aaea2a2c6044/datanode-1/data/ratis/e2faf5d7-6a49-4e81-9835-fe722028b182/in_use.lock acquired by nodename 10012@ozone-unit-076618677d3-cbxt7-549503878
2019-06-15 11:39:15,828 INFO  storage.RaftStorage (RaftStorage.java:format(75)) - Storage directory /opt/src/hadoop-ozone/integration-test/target/test-dir/MiniOzoneClusterImpl-c4262e08-81c7-41a6-99ed-aaea2a2c6044/datanode-1/data/ratis/e2faf5d7-6a49-4e81-9835-fe722028b182 has been successfully formatted.
2019-06-15 11:39:15,828 INFO  ratis.ContainerStateMachine (ContainerStateMachine.java:loadSnapshot(199)) - The snapshot info is null.Setting the last applied index to:(t:0, i:~)
2019-06-15 11:39:15,829 INFO  server.RaftServerConfigKeys (ConfUtils.java:logGet(43)) - raft.server.leader.election.timeout = 10s (custom)
2019-06-15 11:39:15,829 INFO  server.RaftServerConfigKeys (ConfUtils.java:logGet(43)) - raft.server.log.use.memory = false (default)
2019-06-15 11:39:15,829 INFO  server.RaftServerConfigKeys (ConfUtils.java:logGet(43)) - raft.server.log.appender.buffer.byte-limit = 33554432 (custom)
2019-06-15 11:39:15,829 INFO  server.RaftServerConfigKeys (ConfUtils.java:logGet(43)) - raft.server.log.segment.size.max = 16384 (custom)
2019-06-15 11:39:15,829 INFO  server.RaftServerConfigKeys (ConfUtils.java:logGet(43)) - raft.server.log.segment.cache.num.max = 2 (custom)
2019-06-15 11:39:15,829 INFO  storage.RaftLogWorker (RaftLogWorker.java:<init>(123)) - new 1560cee3-48bb-46f5-a7e6-688f766c76a7-RaftLogWorker for Storage Directory /opt/src/hadoop-ozone/integration-test/target/test-dir/MiniOzoneClusterImpl-c4262e08-81c7-41a6-99ed-aaea2a2c6044/datanode-1/data/ratis/e2faf5d7-6a49-4e81-9835-fe722028b182
2019-06-15 11:39:15,829 INFO  server.RaftServerConfigKeys (ConfUtils.java:logGet(43)) - raft.server.log.queue.byte-limit = 2147483647 (custom)
2019-06-15 11:39:15,829 INFO  server.RaftServerConfigKeys (ConfUtils.java:logGet(43)) - raft.server.log.queue.element-limit = 1024 (custom)
2019-06-15 11:39:15,829 INFO  server.RaftServerConfigKeys (ConfUtils.java:logGet(43)) - raft.server.log.segment.size.max = 16384 (custom)
2019-06-15 11:39:15,829 INFO  server.RaftServerConfigKeys (ConfUtils.java:logGet(43)) - raft.server.log.preallocated.size = 16384 (custom)
2019-06-15 11:39:15,830 INFO  server.RaftServerConfigKeys (ConfUtils.java:logGet(43)) - raft.server.log.write.buffer.size = 33554432 (custom)
2019-06-15 11:39:15,830 INFO  server.RaftServerConfigKeys (ConfUtils.java:logGet(43)) - raft.server.log.force.sync.num = 128 (default)
2019-06-15 11:39:15,830 INFO  server.RaftServerConfigKeys (ConfUtils.java:logGet(43)) - raft.server.log.statemachine.data.sync = true (default)
2019-06-15 11:39:15,830 INFO  server.RaftServerConfigKeys (ConfUtils.java:logGet(43)) - raft.server.log.statemachine.data.sync.timeout = 10s (default)
2019-06-15 11:39:15,830 INFO  server.RaftServerConfigKeys (ConfUtils.java:logGet(43)) - raft.server.log.statemachine.data.sync.timeout.retry = -1 (default)
2019-06-15 11:39:15,830 INFO  server.RaftServerConfigKeys (ConfUtils.java:logGet(43)) - raft.server.log.statemachine.data.caching.enabled = true (custom)
2019-06-15 11:39:15,830 INFO  server.RaftServerConfigKeys (ConfUtils.java:logGet(43)) - raft.server.snapshot.auto.trigger.enabled = true (custom)
2019-06-15 11:39:15,830 INFO  server.RaftServerConfigKeys (ConfUtils.java:logGet(43)) - raft.server.snapshot.auto.trigger.threshold = 10000 (custom)
2019-06-15 11:39:15,831 INFO  server.RaftServerConfigKeys (ConfUtils.java:logGet(43)) - raft.server.retrycache.expirytime = 600000ms (custom)
2019-06-15 11:39:15,831 INFO  impl.RaftServerImpl (RaftServerImpl.java:start(173)) - 1560cee3-48bb-46f5-a7e6-688f766c76a7: start group-FE722028B182
2019-06-15 11:39:15,831 INFO  impl.RaftServerImpl (RaftServerImpl.java:setRole(164)) - 1560cee3-48bb-46f5-a7e6-688f766c76a7:group-FE722028B182 changes role from null to FOLLOWER at term 0 for startAsFollower
2019-06-15 11:39:15,831 INFO  impl.RoleInfo (RoleInfo.java:updateAndGet(143)) - 1560cee3-48bb-46f5-a7e6-688f766c76a7: start FollowerState
2019-06-15 11:39:15,831 INFO  util.JmxRegister (JmxRegister.java:tryRegister(44)) - Successfully registered JMX Bean with object name Ratis:service=RaftServer,group=group-FE722028B182,id=1560cee3-48bb-46f5-a7e6-688f766c76a7
2019-06-15 11:39:15,843 INFO  pipeline.PipelineStateManager (PipelineStateManager.java:addPipeline(56)) - Created pipeline Pipeline[ Id: e2faf5d7-6a49-4e81-9835-fe722028b182, Nodes: 1560cee3-48bb-46f5-a7e6-688f766c76a7{ip: 192.168.46.18, host: ozone-unit-076618677d3-cbxt7-549503878, networkLocation: /default-rack, certSerialId: null}, Type:RATIS, Factor:ONE, State:OPEN]
2019-06-15 11:39:15,863 INFO  impl.RaftServerProxy (RaftServerProxy.java:addNew(89)) - c02ab114-188e-4488-808f-12d244b07ab8: addNew group-E89DFCB9F1AC:[c02ab114-188e-4488-808f-12d244b07ab8:192.168.46.18:35367] returns group-E89DFCB9F1AC:java.util.concurrent.CompletableFuture@35a5ec10[Not completed]
2019-06-15 11:39:15,871 INFO  impl.RaftServerImpl (RaftServerImpl.java:<init>(91)) - c02ab114-188e-4488-808f-12d244b07ab8: new RaftServerImpl for group-E89DFCB9F1AC:[c02ab114-188e-4488-808f-12d244b07ab8:192.168.46.18:35367] with ContainerStateMachine:uninitialized
2019-06-15 11:39:15,871 INFO  server.RaftServerConfigKeys (ConfUtils.java:logGet(43)) - raft.server.rpc.timeout.min = 1s (custom)
2019-06-15 11:39:15,871 INFO  server.RaftServerConfigKeys (ConfUtils.java:logGet(43)) - raft.server.rpc.timeout.max = 1200ms (custom)
2019-06-15 11:39:15,871 INFO  server.RaftServerConfigKeys (ConfUtils.java:logGet(43)) - raft.server.rpcslowness.timeout = 10s (custom)
2019-06-15 11:39:15,871 INFO  server.RaftServerConfigKeys (ConfUtils.java:logGet(43)) - raft.server.log.appender.install.snapshot.enabled = true (default)
2019-06-15 11:39:15,871 INFO  impl.RaftServerImpl (ServerState.java:<init>(101)) - c02ab114-188e-4488-808f-12d244b07ab8:group-E89DFCB9F1AC ConfigurationManager, init=-1: [c02ab114-188e-4488-808f-12d244b07ab8:192.168.46.18:35367], old=null, confs=<EMPTY_MAP>
2019-06-15 11:39:15,871 INFO  server.RaftServerConfigKeys (ConfUtils.java:logGet(43)) - raft.server.storage.dir = [/opt/src/hadoop-ozone/integration-test/target/test-dir/MiniOzoneClusterImpl-c4262e08-81c7-41a6-99ed-aaea2a2c6044/datanode-3/data/ratis] (custom)
2019-06-15 11:39:15,872 INFO  storage.RaftStorageDirectory (RaftStorageDirectory.java:analyzeStorage(246)) - The storage directory /opt/src/hadoop-ozone/integration-test/target/test-dir/MiniOzoneClusterImpl-c4262e08-81c7-41a6-99ed-aaea2a2c6044/datanode-3/data/ratis/906d2ae4-1541-4e12-adc8-e89dfcb9f1ac does not exist. Creating ...
2019-06-15 11:39:15,874 INFO  storage.RaftStorageDirectory (RaftStorageDirectory.java:tryLock(328)) - Lock on /opt/src/hadoop-ozone/integration-test/target/test-dir/MiniOzoneClusterImpl-c4262e08-81c7-41a6-99ed-aaea2a2c6044/datanode-3/data/ratis/906d2ae4-1541-4e12-adc8-e89dfcb9f1ac/in_use.lock acquired by nodename 10012@ozone-unit-076618677d3-cbxt7-549503878
2019-06-15 11:39:15,876 INFO  storage.RaftStorage (RaftStorage.java:format(75)) - Storage directory /opt/src/hadoop-ozone/integration-test/target/test-dir/MiniOzoneClusterImpl-c4262e08-81c7-41a6-99ed-aaea2a2c6044/datanode-3/data/ratis/906d2ae4-1541-4e12-adc8-e89dfcb9f1ac has been successfully formatted.
2019-06-15 11:39:15,876 INFO  ratis.ContainerStateMachine (ContainerStateMachine.java:loadSnapshot(199)) - The snapshot info is null.Setting the last applied index to:(t:0, i:~)
2019-06-15 11:39:15,876 INFO  server.RaftServerConfigKeys (ConfUtils.java:logGet(43)) - raft.server.leader.election.timeout = 10s (custom)
2019-06-15 11:39:15,876 INFO  server.RaftServerConfigKeys (ConfUtils.java:logGet(43)) - raft.server.log.use.memory = false (default)
2019-06-15 11:39:15,876 INFO  server.RaftServerConfigKeys (ConfUtils.java:logGet(43)) - raft.server.log.appender.buffer.byte-limit = 33554432 (custom)
2019-06-15 11:39:15,877 INFO  server.RaftServerConfigKeys (ConfUtils.java:logGet(43)) - raft.server.log.segment.size.max = 16384 (custom)
2019-06-15 11:39:15,877 INFO  server.RaftServerConfigKeys (ConfUtils.java:logGet(43)) - raft.server.log.segment.cache.num.max = 2 (custom)
2019-06-15 11:39:15,877 INFO  storage.RaftLogWorker (RaftLogWorker.java:<init>(123)) - new c02ab114-188e-4488-808f-12d244b07ab8-RaftLogWorker for Storage Directory /opt/src/hadoop-ozone/integration-test/target/test-dir/MiniOzoneClusterImpl-c4262e08-81c7-41a6-99ed-aaea2a2c6044/datanode-3/data/ratis/906d2ae4-1541-4e12-adc8-e89dfcb9f1ac
2019-06-15 11:39:15,877 INFO  server.RaftServerConfigKeys (ConfUtils.java:logGet(43)) - raft.server.log.queue.byte-limit = 2147483647 (custom)
2019-06-15 11:39:15,877 INFO  server.RaftServerConfigKeys (ConfUtils.java:logGet(43)) - raft.server.log.queue.element-limit = 1024 (custom)
2019-06-15 11:39:15,877 INFO  server.RaftServerConfigKeys (ConfUtils.java:logGet(43)) - raft.server.log.segment.size.max = 16384 (custom)
2019-06-15 11:39:15,877 INFO  server.RaftServerConfigKeys (ConfUtils.java:logGet(43)) - raft.server.log.preallocated.size = 16384 (custom)
2019-06-15 11:39:15,877 INFO  server.RaftServerConfigKeys (ConfUtils.java:logGet(43)) - raft.server.log.write.buffer.size = 33554432 (custom)
2019-06-15 11:39:15,877 INFO  server.RaftServerConfigKeys (ConfUtils.java:logGet(43)) - raft.server.log.force.sync.num = 128 (default)
2019-06-15 11:39:15,878 INFO  server.RaftServerConfigKeys (ConfUtils.java:logGet(43)) - raft.server.log.statemachine.data.sync = true (default)
2019-06-15 11:39:15,878 INFO  server.RaftServerConfigKeys (ConfUtils.java:logGet(43)) - raft.server.log.statemachine.data.sync.timeout = 10s (default)
2019-06-15 11:39:15,878 INFO  server.RaftServerConfigKeys (ConfUtils.java:logGet(43)) - raft.server.log.statemachine.data.sync.timeout.retry = -1 (default)
2019-06-15 11:39:15,878 INFO  server.RaftServerConfigKeys (ConfUtils.java:logGet(43)) - raft.server.log.statemachine.data.caching.enabled = true (custom)
2019-06-15 11:39:15,878 INFO  server.RaftServerConfigKeys (ConfUtils.java:logGet(43)) - raft.server.snapshot.auto.trigger.enabled = true (custom)
2019-06-15 11:39:15,878 INFO  server.RaftServerConfigKeys (ConfUtils.java:logGet(43)) - raft.server.snapshot.auto.trigger.threshold = 10000 (custom)
2019-06-15 11:39:15,879 INFO  server.RaftServerConfigKeys (ConfUtils.java:logGet(43)) - raft.server.retrycache.expirytime = 600000ms (custom)
2019-06-15 11:39:15,879 INFO  impl.RaftServerImpl (RaftServerImpl.java:start(173)) - c02ab114-188e-4488-808f-12d244b07ab8: start group-E89DFCB9F1AC
2019-06-15 11:39:15,879 INFO  impl.RaftServerImpl (RaftServerImpl.java:setRole(164)) - c02ab114-188e-4488-808f-12d244b07ab8:group-E89DFCB9F1AC changes role from null to FOLLOWER at term 0 for startAsFollower
2019-06-15 11:39:15,879 INFO  impl.RoleInfo (RoleInfo.java:updateAndGet(143)) - c02ab114-188e-4488-808f-12d244b07ab8: start FollowerState
2019-06-15 11:39:15,879 INFO  util.JmxRegister (JmxRegister.java:tryRegister(44)) - Successfully registered JMX Bean with object name Ratis:service=RaftServer,group=group-E89DFCB9F1AC,id=c02ab114-188e-4488-808f-12d244b07ab8
2019-06-15 11:39:15,889 INFO  pipeline.PipelineStateManager (PipelineStateManager.java:addPipeline(56)) - Created pipeline Pipeline[ Id: 906d2ae4-1541-4e12-adc8-e89dfcb9f1ac, Nodes: c02ab114-188e-4488-808f-12d244b07ab8{ip: 192.168.46.18, host: ozone-unit-076618677d3-cbxt7-549503878, networkLocation: /default-rack, certSerialId: null}, Type:RATIS, Factor:ONE, State:OPEN]
2019-06-15 11:39:15,927 INFO  impl.RaftServerProxy (RaftServerProxy.java:addNew(89)) - c02ab114-188e-4488-808f-12d244b07ab8: addNew group-FF63EA6D59D9:[c02ab114-188e-4488-808f-12d244b07ab8:192.168.46.18:35367, 47cadb62-a78c-4412-a0a6-277d879ab913:192.168.46.18:42179, 1d2bc7de-dbc4-472e-8273-c7db690f5e0e:192.168.46.18:34821] returns group-FF63EA6D59D9:java.util.concurrent.CompletableFuture@20c3335e[Not completed]
2019-06-15 11:39:15,927 INFO  impl.RaftServerProxy (RaftServerProxy.java:addNew(89)) - 47cadb62-a78c-4412-a0a6-277d879ab913: addNew group-FF63EA6D59D9:[c02ab114-188e-4488-808f-12d244b07ab8:192.168.46.18:35367, 47cadb62-a78c-4412-a0a6-277d879ab913:192.168.46.18:42179, 1d2bc7de-dbc4-472e-8273-c7db690f5e0e:192.168.46.18:34821] returns group-FF63EA6D59D9:java.util.concurrent.CompletableFuture@54e05322[Not completed]
2019-06-15 11:39:15,927 INFO  impl.RaftServerProxy (RaftServerProxy.java:addNew(89)) - 1d2bc7de-dbc4-472e-8273-c7db690f5e0e: addNew group-FF63EA6D59D9:[c02ab114-188e-4488-808f-12d244b07ab8:192.168.46.18:35367, 47cadb62-a78c-4412-a0a6-277d879ab913:192.168.46.18:42179, 1d2bc7de-dbc4-472e-8273-c7db690f5e0e:192.168.46.18:34821] returns group-FF63EA6D59D9:java.util.concurrent.CompletableFuture@4d8078ea[Not completed]
2019-06-15 11:39:15,928 INFO  impl.RaftServerImpl (RaftServerImpl.java:<init>(91)) - 47cadb62-a78c-4412-a0a6-277d879ab913: new RaftServerImpl for group-FF63EA6D59D9:[c02ab114-188e-4488-808f-12d244b07ab8:192.168.46.18:35367, 47cadb62-a78c-4412-a0a6-277d879ab913:192.168.46.18:42179, 1d2bc7de-dbc4-472e-8273-c7db690f5e0e:192.168.46.18:34821] with ContainerStateMachine:uninitialized
2019-06-15 11:39:15,928 INFO  server.RaftServerConfigKeys (ConfUtils.java:logGet(43)) - raft.server.rpc.timeout.min = 1s (custom)
2019-06-15 11:39:15,928 INFO  server.RaftServerConfigKeys (ConfUtils.java:logGet(43)) - raft.server.rpc.timeout.max = 1200ms (custom)
2019-06-15 11:39:15,928 INFO  server.RaftServerConfigKeys (ConfUtils.java:logGet(43)) - raft.server.rpcslowness.timeout = 10s (custom)
2019-06-15 11:39:15,928 INFO  impl.RaftServerImpl (RaftServerImpl.java:<init>(91)) - 1d2bc7de-dbc4-472e-8273-c7db690f5e0e: new RaftServerImpl for group-FF63EA6D59D9:[c02ab114-188e-4488-808f-12d244b07ab8:192.168.46.18:35367, 47cadb62-a78c-4412-a0a6-277d879ab913:192.168.46.18:42179, 1d2bc7de-dbc4-472e-8273-c7db690f5e0e:192.168.46.18:34821] with ContainerStateMachine:uninitialized
2019-06-15 11:39:15,928 INFO  server.RaftServerConfigKeys (ConfUtils.java:logGet(43)) - raft.server.log.appender.install.snapshot.enabled = true (default)
2019-06-15 11:39:15,928 INFO  server.RaftServerConfigKeys (ConfUtils.java:logGet(43)) - raft.server.rpc.timeout.min = 1s (custom)
2019-06-15 11:39:15,928 INFO  server.RaftServerConfigKeys (ConfUtils.java:logGet(43)) - raft.server.rpc.timeout.max = 1200ms (custom)
2019-06-15 11:39:15,928 INFO  impl.RaftServerImpl (ServerState.java:<init>(101)) - 47cadb62-a78c-4412-a0a6-277d879ab913:group-FF63EA6D59D9 ConfigurationManager, init=-1: [c02ab114-188e-4488-808f-12d244b07ab8:192.168.46.18:35367, 47cadb62-a78c-4412-a0a6-277d879ab913:192.168.46.18:42179, 1d2bc7de-dbc4-472e-8273-c7db690f5e0e:192.168.46.18:34821], old=null, confs=<EMPTY_MAP>
2019-06-15 11:39:15,929 INFO  server.RaftServerConfigKeys (ConfUtils.java:logGet(43)) - raft.server.rpcslowness.timeout = 10s (custom)
2019-06-15 11:39:15,929 INFO  server.RaftServerConfigKeys (ConfUtils.java:logGet(43)) - raft.server.storage.dir = [/opt/src/hadoop-ozone/integration-test/target/test-dir/MiniOzoneClusterImpl-c4262e08-81c7-41a6-99ed-aaea2a2c6044/datanode-0/data/ratis] (custom)
2019-06-15 11:39:15,928 INFO  impl.RaftServerImpl (RaftServerImpl.java:<init>(91)) - c02ab114-188e-4488-808f-12d244b07ab8: new RaftServerImpl for group-FF63EA6D59D9:[c02ab114-188e-4488-808f-12d244b07ab8:192.168.46.18:35367, 47cadb62-a78c-4412-a0a6-277d879ab913:192.168.46.18:42179, 1d2bc7de-dbc4-472e-8273-c7db690f5e0e:192.168.46.18:34821] with ContainerStateMachine:uninitialized
2019-06-15 11:39:15,929 INFO  storage.RaftStorageDirectory (RaftStorageDirectory.java:analyzeStorage(246)) - The storage directory /opt/src/hadoop-ozone/integration-test/target/test-dir/MiniOzoneClusterImpl-c4262e08-81c7-41a6-99ed-aaea2a2c6044/datanode-0/data/ratis/4cfa54fb-abeb-4fab-87df-ff63ea6d59d9 does not exist. Creating ...
2019-06-15 11:39:15,929 INFO  server.RaftServerConfigKeys (ConfUtils.java:logGet(43)) - raft.server.log.appender.install.snapshot.enabled = true (default)
2019-06-15 11:39:15,929 INFO  server.RaftServerConfigKeys (ConfUtils.java:logGet(43)) - raft.server.rpc.timeout.min = 1s (custom)
2019-06-15 11:39:15,929 INFO  impl.RaftServerImpl (ServerState.java:<init>(101)) - 1d2bc7de-dbc4-472e-8273-c7db690f5e0e:group-FF63EA6D59D9 ConfigurationManager, init=-1: [c02ab114-188e-4488-808f-12d244b07ab8:192.168.46.18:35367, 47cadb62-a78c-4412-a0a6-277d879ab913:192.168.46.18:42179, 1d2bc7de-dbc4-472e-8273-c7db690f5e0e:192.168.46.18:34821], old=null, confs=<EMPTY_MAP>
2019-06-15 11:39:15,930 INFO  server.RaftServerConfigKeys (ConfUtils.java:logGet(43)) - raft.server.rpc.timeout.max = 1200ms (custom)
2019-06-15 11:39:15,930 INFO  server.RaftServerConfigKeys (ConfUtils.java:logGet(43)) - raft.server.storage.dir = [/opt/src/hadoop-ozone/integration-test/target/test-dir/MiniOzoneClusterImpl-c4262e08-81c7-41a6-99ed-aaea2a2c6044/datanode-2/data/ratis] (custom)
2019-06-15 11:39:15,930 INFO  server.RaftServerConfigKeys (ConfUtils.java:logGet(43)) - raft.server.rpcslowness.timeout = 10s (custom)
2019-06-15 11:39:15,930 INFO  storage.RaftStorageDirectory (RaftStorageDirectory.java:analyzeStorage(246)) - The storage directory /opt/src/hadoop-ozone/integration-test/target/test-dir/MiniOzoneClusterImpl-c4262e08-81c7-41a6-99ed-aaea2a2c6044/datanode-2/data/ratis/4cfa54fb-abeb-4fab-87df-ff63ea6d59d9 does not exist. Creating ...
2019-06-15 11:39:15,930 INFO  server.RaftServerConfigKeys (ConfUtils.java:logGet(43)) - raft.server.log.appender.install.snapshot.enabled = true (default)
2019-06-15 11:39:15,930 INFO  impl.RaftServerImpl (ServerState.java:<init>(101)) - c02ab114-188e-4488-808f-12d244b07ab8:group-FF63EA6D59D9 ConfigurationManager, init=-1: [c02ab114-188e-4488-808f-12d244b07ab8:192.168.46.18:35367, 47cadb62-a78c-4412-a0a6-277d879ab913:192.168.46.18:42179, 1d2bc7de-dbc4-472e-8273-c7db690f5e0e:192.168.46.18:34821], old=null, confs=<EMPTY_MAP>
2019-06-15 11:39:15,931 INFO  server.RaftServerConfigKeys (ConfUtils.java:logGet(43)) - raft.server.storage.dir = [/opt/src/hadoop-ozone/integration-test/target/test-dir/MiniOzoneClusterImpl-c4262e08-81c7-41a6-99ed-aaea2a2c6044/datanode-3/data/ratis] (custom)
2019-06-15 11:39:15,931 INFO  storage.RaftStorageDirectory (RaftStorageDirectory.java:analyzeStorage(246)) - The storage directory /opt/src/hadoop-ozone/integration-test/target/test-dir/MiniOzoneClusterImpl-c4262e08-81c7-41a6-99ed-aaea2a2c6044/datanode-3/data/ratis/4cfa54fb-abeb-4fab-87df-ff63ea6d59d9 does not exist. Creating ...
2019-06-15 11:39:15,931 INFO  storage.RaftStorageDirectory (RaftStorageDirectory.java:tryLock(328)) - Lock on /opt/src/hadoop-ozone/integration-test/target/test-dir/MiniOzoneClusterImpl-c4262e08-81c7-41a6-99ed-aaea2a2c6044/datanode-0/data/ratis/4cfa54fb-abeb-4fab-87df-ff63ea6d59d9/in_use.lock acquired by nodename 10012@ozone-unit-076618677d3-cbxt7-549503878
2019-06-15 11:39:15,933 INFO  storage.RaftStorageDirectory (RaftStorageDirectory.java:tryLock(328)) - Lock on /opt/src/hadoop-ozone/integration-test/target/test-dir/MiniOzoneClusterImpl-c4262e08-81c7-41a6-99ed-aaea2a2c6044/datanode-3/data/ratis/4cfa54fb-abeb-4fab-87df-ff63ea6d59d9/in_use.lock acquired by nodename 10012@ozone-unit-076618677d3-cbxt7-549503878
2019-06-15 11:39:15,933 INFO  storage.RaftStorageDirectory (RaftStorageDirectory.java:tryLock(328)) - Lock on /opt/src/hadoop-ozone/integration-test/target/test-dir/MiniOzoneClusterImpl-c4262e08-81c7-41a6-99ed-aaea2a2c6044/datanode-2/data/ratis/4cfa54fb-abeb-4fab-87df-ff63ea6d59d9/in_use.lock acquired by nodename 10012@ozone-unit-076618677d3-cbxt7-549503878
2019-06-15 11:39:15,934 INFO  storage.RaftStorage (RaftStorage.java:format(75)) - Storage directory /opt/src/hadoop-ozone/integration-test/target/test-dir/MiniOzoneClusterImpl-c4262e08-81c7-41a6-99ed-aaea2a2c6044/datanode-3/data/ratis/4cfa54fb-abeb-4fab-87df-ff63ea6d59d9 has been successfully formatted.
2019-06-15 11:39:15,934 INFO  storage.RaftStorage (RaftStorage.java:format(75)) - Storage directory /opt/src/hadoop-ozone/integration-test/target/test-dir/MiniOzoneClusterImpl-c4262e08-81c7-41a6-99ed-aaea2a2c6044/datanode-0/data/ratis/4cfa54fb-abeb-4fab-87df-ff63ea6d59d9 has been successfully formatted.
2019-06-15 11:39:15,935 INFO  ratis.ContainerStateMachine (ContainerStateMachine.java:loadSnapshot(199)) - The snapshot info is null.Setting the last applied index to:(t:0, i:~)
2019-06-15 11:39:15,935 INFO  ratis.ContainerStateMachine (ContainerStateMachine.java:loadSnapshot(199)) - The snapshot info is null.Setting the last applied index to:(t:0, i:~)
2019-06-15 11:39:15,935 INFO  server.RaftServerConfigKeys (ConfUtils.java:logGet(43)) - raft.server.leader.election.timeout = 10s (custom)
2019-06-15 11:39:15,936 INFO  server.RaftServerConfigKeys (ConfUtils.java:logGet(43)) - raft.server.leader.election.timeout = 10s (custom)
2019-06-15 11:39:15,936 INFO  server.RaftServerConfigKeys (ConfUtils.java:logGet(43)) - raft.server.log.use.memory = false (default)
2019-06-15 11:39:15,936 INFO  storage.RaftStorage (RaftStorage.java:format(75)) - Storage directory /opt/src/hadoop-ozone/integration-test/target/test-dir/MiniOzoneClusterImpl-c4262e08-81c7-41a6-99ed-aaea2a2c6044/datanode-2/data/ratis/4cfa54fb-abeb-4fab-87df-ff63ea6d59d9 has been successfully formatted.
2019-06-15 11:39:15,936 INFO  server.RaftServerConfigKeys (ConfUtils.java:logGet(43)) - raft.server.log.use.memory = false (default)
2019-06-15 11:39:15,936 INFO  ratis.ContainerStateMachine (ContainerStateMachine.java:loadSnapshot(199)) - The snapshot info is null.Setting the last applied index to:(t:0, i:~)
2019-06-15 11:39:15,936 INFO  server.RaftServerConfigKeys (ConfUtils.java:logGet(43)) - raft.server.log.appender.buffer.byte-limit = 33554432 (custom)
2019-06-15 11:39:15,936 INFO  server.RaftServerConfigKeys (ConfUtils.java:logGet(43)) - raft.server.leader.election.timeout = 10s (custom)
2019-06-15 11:39:15,936 INFO  server.RaftServerConfigKeys (ConfUtils.java:logGet(43)) - raft.server.log.appender.buffer.byte-limit = 33554432 (custom)
2019-06-15 11:39:15,936 INFO  server.RaftServerConfigKeys (ConfUtils.java:logGet(43)) - raft.server.log.use.memory = false (default)
2019-06-15 11:39:15,936 INFO  server.RaftServerConfigKeys (ConfUtils.java:logGet(43)) - raft.server.log.segment.size.max = 16384 (custom)
2019-06-15 11:39:15,937 INFO  server.RaftServerConfigKeys (ConfUtils.java:logGet(43)) - raft.server.log.segment.cache.num.max = 2 (custom)
2019-06-15 11:39:15,937 INFO  storage.RaftLogWorker (RaftLogWorker.java:<init>(123)) - new c02ab114-188e-4488-808f-12d244b07ab8-RaftLogWorker for Storage Directory /opt/src/hadoop-ozone/integration-test/target/test-dir/MiniOzoneClusterImpl-c4262e08-81c7-41a6-99ed-aaea2a2c6044/datanode-3/data/ratis/4cfa54fb-abeb-4fab-87df-ff63ea6d59d9
2019-06-15 11:39:15,937 INFO  server.RaftServerConfigKeys (ConfUtils.java:logGet(43)) - raft.server.log.queue.byte-limit = 2147483647 (custom)
2019-06-15 11:39:15,937 INFO  server.RaftServerConfigKeys (ConfUtils.java:logGet(43)) - raft.server.log.queue.element-limit = 1024 (custom)
2019-06-15 11:39:15,937 INFO  server.RaftServerConfigKeys (ConfUtils.java:logGet(43)) - raft.server.log.segment.size.max = 16384 (custom)
2019-06-15 11:39:15,937 INFO  server.RaftServerConfigKeys (ConfUtils.java:logGet(43)) - raft.server.log.preallocated.size = 16384 (custom)
2019-06-15 11:39:15,937 INFO  server.RaftServerConfigKeys (ConfUtils.java:logGet(43)) - raft.server.log.write.buffer.size = 33554432 (custom)
2019-06-15 11:39:15,937 INFO  server.RaftServerConfigKeys (ConfUtils.java:logGet(43)) - raft.server.log.force.sync.num = 128 (default)
2019-06-15 11:39:15,937 INFO  server.RaftServerConfigKeys (ConfUtils.java:logGet(43)) - raft.server.log.statemachine.data.sync = true (default)
2019-06-15 11:39:15,938 INFO  server.RaftServerConfigKeys (ConfUtils.java:logGet(43)) - raft.server.log.statemachine.data.sync.timeout = 10s (default)
2019-06-15 11:39:15,937 INFO  server.RaftServerConfigKeys (ConfUtils.java:logGet(43)) - raft.server.log.appender.buffer.byte-limit = 33554432 (custom)
2019-06-15 11:39:15,936 INFO  server.RaftServerConfigKeys (ConfUtils.java:logGet(43)) - raft.server.log.segment.size.max = 16384 (custom)
2019-06-15 11:39:15,938 INFO  server.RaftServerConfigKeys (ConfUtils.java:logGet(43)) - raft.server.log.segment.size.max = 16384 (custom)
2019-06-15 11:39:15,938 INFO  server.RaftServerConfigKeys (ConfUtils.java:logGet(43)) - raft.server.log.statemachine.data.sync.timeout.retry = -1 (default)
2019-06-15 11:39:15,938 INFO  server.RaftServerConfigKeys (ConfUtils.java:logGet(43)) - raft.server.log.segment.cache.num.max = 2 (custom)
2019-06-15 11:39:15,938 INFO  storage.RaftLogWorker (RaftLogWorker.java:<init>(123)) - new 1d2bc7de-dbc4-472e-8273-c7db690f5e0e-RaftLogWorker for Storage Directory /opt/src/hadoop-ozone/integration-test/target/test-dir/MiniOzoneClusterImpl-c4262e08-81c7-41a6-99ed-aaea2a2c6044/datanode-2/data/ratis/4cfa54fb-abeb-4fab-87df-ff63ea6d59d9
2019-06-15 11:39:15,938 INFO  server.RaftServerConfigKeys (ConfUtils.java:logGet(43)) - raft.server.log.segment.cache.num.max = 2 (custom)
2019-06-15 11:39:15,938 INFO  server.RaftServerConfigKeys (ConfUtils.java:logGet(43)) - raft.server.log.queue.byte-limit = 2147483647 (custom)
2019-06-15 11:39:15,938 INFO  server.RaftServerConfigKeys (ConfUtils.java:logGet(43)) - raft.server.log.statemachine.data.caching.enabled = true (custom)
2019-06-15 11:39:15,939 INFO  server.RaftServerConfigKeys (ConfUtils.java:logGet(43)) - raft.server.log.queue.element-limit = 1024 (custom)
2019-06-15 11:39:15,938 INFO  storage.RaftLogWorker (RaftLogWorker.java:<init>(123)) - new 47cadb62-a78c-4412-a0a6-277d879ab913-RaftLogWorker for Storage Directory /opt/src/hadoop-ozone/integration-test/target/test-dir/MiniOzoneClusterImpl-c4262e08-81c7-41a6-99ed-aaea2a2c6044/datanode-0/data/ratis/4cfa54fb-abeb-4fab-87df-ff63ea6d59d9
2019-06-15 11:39:15,939 INFO  server.RaftServerConfigKeys (ConfUtils.java:logGet(43)) - raft.server.log.segment.size.max = 16384 (custom)
2019-06-15 11:39:15,939 INFO  server.RaftServerConfigKeys (ConfUtils.java:logGet(43)) - raft.server.log.queue.byte-limit = 2147483647 (custom)
2019-06-15 11:39:15,939 INFO  server.RaftServerConfigKeys (ConfUtils.java:logGet(43)) - raft.server.log.preallocated.size = 16384 (custom)
2019-06-15 11:39:15,939 INFO  server.RaftServerConfigKeys (ConfUtils.java:logGet(43)) - raft.server.log.queue.element-limit = 1024 (custom)
2019-06-15 11:39:15,939 INFO  server.RaftServerConfigKeys (ConfUtils.java:logGet(43)) - raft.server.log.write.buffer.size = 33554432 (custom)
2019-06-15 11:39:15,939 INFO  server.RaftServerConfigKeys (ConfUtils.java:logGet(43)) - raft.server.log.force.sync.num = 128 (default)
2019-06-15 11:39:15,940 INFO  server.RaftServerConfigKeys (ConfUtils.java:logGet(43)) - raft.server.log.statemachine.data.sync = true (default)
2019-06-15 11:39:15,939 INFO  server.RaftServerConfigKeys (ConfUtils.java:logGet(43)) - raft.server.log.segment.size.max = 16384 (custom)
2019-06-15 11:39:15,940 INFO  server.RaftServerConfigKeys (ConfUtils.java:logGet(43)) - raft.server.log.statemachine.data.sync.timeout = 10s (default)
2019-06-15 11:39:15,940 INFO  server.RaftServerConfigKeys (ConfUtils.java:logGet(43)) - raft.server.snapshot.auto.trigger.enabled = true (custom)
2019-06-15 11:39:15,940 INFO  server.RaftServerConfigKeys (ConfUtils.java:logGet(43)) - raft.server.log.statemachine.data.sync.timeout.retry = -1 (default)
2019-06-15 11:39:15,940 INFO  server.RaftServerConfigKeys (ConfUtils.java:logGet(43)) - raft.server.log.preallocated.size = 16384 (custom)
2019-06-15 11:39:15,940 INFO  server.RaftServerConfigKeys (ConfUtils.java:logGet(43)) - raft.server.log.statemachine.data.caching.enabled = true (custom)
2019-06-15 11:39:15,940 INFO  server.RaftServerConfigKeys (ConfUtils.java:logGet(43)) - raft.server.snapshot.auto.trigger.threshold = 10000 (custom)
2019-06-15 11:39:15,941 INFO  server.RaftServerConfigKeys (ConfUtils.java:logGet(43)) - raft.server.snapshot.auto.trigger.enabled = true (custom)
2019-06-15 11:39:15,940 INFO  server.RaftServerConfigKeys (ConfUtils.java:logGet(43)) - raft.server.log.write.buffer.size = 33554432 (custom)
2019-06-15 11:39:15,941 INFO  server.RaftServerConfigKeys (ConfUtils.java:logGet(43)) - raft.server.snapshot.auto.trigger.threshold = 10000 (custom)
2019-06-15 11:39:15,941 INFO  server.RaftServerConfigKeys (ConfUtils.java:logGet(43)) - raft.server.retrycache.expirytime = 600000ms (custom)
2019-06-15 11:39:15,941 INFO  server.RaftServerConfigKeys (ConfUtils.java:logGet(43)) - raft.server.retrycache.expirytime = 600000ms (custom)
2019-06-15 11:39:15,941 INFO  impl.RaftServerImpl (RaftServerImpl.java:start(173)) - c02ab114-188e-4488-808f-12d244b07ab8: start group-FF63EA6D59D9
2019-06-15 11:39:15,941 INFO  server.RaftServerConfigKeys (ConfUtils.java:logGet(43)) - raft.server.log.force.sync.num = 128 (default)
2019-06-15 11:39:15,941 INFO  impl.RaftServerImpl (RaftServerImpl.java:setRole(164)) - c02ab114-188e-4488-808f-12d244b07ab8:group-FF63EA6D59D9 changes role from null to FOLLOWER at term 0 for startAsFollower
2019-06-15 11:39:15,941 INFO  impl.RaftServerImpl (RaftServerImpl.java:start(173)) - 1d2bc7de-dbc4-472e-8273-c7db690f5e0e: start group-FF63EA6D59D9
2019-06-15 11:39:15,941 INFO  impl.RoleInfo (RoleInfo.java:updateAndGet(143)) - c02ab114-188e-4488-808f-12d244b07ab8: start FollowerState
2019-06-15 11:39:15,941 INFO  server.RaftServerConfigKeys (ConfUtils.java:logGet(43)) - raft.server.log.statemachine.data.sync = true (default)
2019-06-15 11:39:15,942 INFO  server.RaftServerConfigKeys (ConfUtils.java:logGet(43)) - raft.server.log.statemachine.data.sync.timeout = 10s (default)
2019-06-15 11:39:15,942 INFO  util.JmxRegister (JmxRegister.java:tryRegister(44)) - Successfully registered JMX Bean with object name Ratis:service=RaftServer,group=group-FF63EA6D59D9,id=c02ab114-188e-4488-808f-12d244b07ab8
2019-06-15 11:39:15,941 INFO  impl.RaftServerImpl (RaftServerImpl.java:setRole(164)) - 1d2bc7de-dbc4-472e-8273-c7db690f5e0e:group-FF63EA6D59D9 changes role from null to FOLLOWER at term 0 for startAsFollower
2019-06-15 11:39:15,942 INFO  server.RaftServerConfigKeys (ConfUtils.java:logGet(43)) - raft.server.log.statemachine.data.sync.timeout.retry = -1 (default)
2019-06-15 11:39:15,942 INFO  server.RaftServerConfigKeys (ConfUtils.java:logGet(43)) - raft.server.log.statemachine.data.caching.enabled = true (custom)
2019-06-15 11:39:15,943 INFO  server.RaftServerConfigKeys (ConfUtils.java:logGet(43)) - raft.server.snapshot.auto.trigger.enabled = true (custom)
2019-06-15 11:39:15,943 INFO  server.RaftServerConfigKeys (ConfUtils.java:logGet(43)) - raft.server.snapshot.auto.trigger.threshold = 10000 (custom)
2019-06-15 11:39:15,944 INFO  impl.RoleInfo (RoleInfo.java:updateAndGet(143)) - 1d2bc7de-dbc4-472e-8273-c7db690f5e0e: start FollowerState
2019-06-15 11:39:15,944 INFO  server.RaftServerConfigKeys (ConfUtils.java:logGet(43)) - raft.server.retrycache.expirytime = 600000ms (custom)
2019-06-15 11:39:15,944 INFO  util.JmxRegister (JmxRegister.java:tryRegister(44)) - Successfully registered JMX Bean with object name Ratis:service=RaftServer,group=group-FF63EA6D59D9,id=1d2bc7de-dbc4-472e-8273-c7db690f5e0e
2019-06-15 11:39:15,944 INFO  impl.RaftServerImpl (RaftServerImpl.java:start(173)) - 47cadb62-a78c-4412-a0a6-277d879ab913: start group-FF63EA6D59D9
2019-06-15 11:39:15,944 INFO  impl.RaftServerImpl (RaftServerImpl.java:setRole(164)) - 47cadb62-a78c-4412-a0a6-277d879ab913:group-FF63EA6D59D9 changes role from null to FOLLOWER at term 0 for startAsFollower
2019-06-15 11:39:15,954 INFO  impl.RoleInfo (RoleInfo.java:updateAndGet(143)) - 47cadb62-a78c-4412-a0a6-277d879ab913: start FollowerState
2019-06-15 11:39:15,958 INFO  util.JmxRegister (JmxRegister.java:tryRegister(44)) - Successfully registered JMX Bean with object name Ratis:service=RaftServer,group=group-FF63EA6D59D9,id=47cadb62-a78c-4412-a0a6-277d879ab913
2019-06-15 11:39:15,971 INFO  pipeline.PipelineStateManager (PipelineStateManager.java:addPipeline(56)) - Created pipeline Pipeline[ Id: 4cfa54fb-abeb-4fab-87df-ff63ea6d59d9, Nodes: 47cadb62-a78c-4412-a0a6-277d879ab913{ip: 192.168.46.18, host: ozone-unit-076618677d3-cbxt7-549503878, networkLocation: /default-rack, certSerialId: null}1d2bc7de-dbc4-472e-8273-c7db690f5e0e{ip: 192.168.46.18, host: ozone-unit-076618677d3-cbxt7-549503878, networkLocation: /default-rack, certSerialId: null}c02ab114-188e-4488-808f-12d244b07ab8{ip: 192.168.46.18, host: ozone-unit-076618677d3-cbxt7-549503878, networkLocation: /default-rack, certSerialId: null}, Type:RATIS, Factor:THREE, State:OPEN]
2019-06-15 11:39:16,088 INFO  node.SCMNodeManager (SCMNodeManager.java:register(269)) - Registered Data node : 06c7e780-bebb-423e-95f8-3db357746a48{ip: 192.168.46.18, host: ozone-unit-076618677d3-cbxt7-549503878, networkLocation: /default-rack, certSerialId: null}
2019-06-15 11:39:16,103 INFO  impl.RaftServerProxy (RaftServerProxy.java:addNew(89)) - 06c7e780-bebb-423e-95f8-3db357746a48: addNew group-0F38BA23ED3D:[06c7e780-bebb-423e-95f8-3db357746a48:192.168.46.18:46701] returns group-0F38BA23ED3D:java.util.concurrent.CompletableFuture@73f24daa[Not completed]
2019-06-15 11:39:16,105 INFO  impl.RaftServerImpl (RaftServerImpl.java:<init>(91)) - 06c7e780-bebb-423e-95f8-3db357746a48: new RaftServerImpl for group-0F38BA23ED3D:[06c7e780-bebb-423e-95f8-3db357746a48:192.168.46.18:46701] with ContainerStateMachine:uninitialized
2019-06-15 11:39:16,105 INFO  server.RaftServerConfigKeys (ConfUtils.java:logGet(43)) - raft.server.rpc.timeout.min = 1s (custom)
2019-06-15 11:39:16,105 INFO  server.RaftServerConfigKeys (ConfUtils.java:logGet(43)) - raft.server.rpc.timeout.max = 1200ms (custom)
2019-06-15 11:39:16,105 INFO  server.RaftServerConfigKeys (ConfUtils.java:logGet(43)) - raft.server.rpcslowness.timeout = 10s (custom)
2019-06-15 11:39:16,105 INFO  server.RaftServerConfigKeys (ConfUtils.java:logGet(43)) - raft.server.log.appender.install.snapshot.enabled = true (default)
2019-06-15 11:39:16,105 INFO  impl.RaftServerImpl (ServerState.java:<init>(101)) - 06c7e780-bebb-423e-95f8-3db357746a48:group-0F38BA23ED3D ConfigurationManager, init=-1: [06c7e780-bebb-423e-95f8-3db357746a48:192.168.46.18:46701], old=null, confs=<EMPTY_MAP>
2019-06-15 11:39:16,106 INFO  server.RaftServerConfigKeys (ConfUtils.java:logGet(43)) - raft.server.storage.dir = [/opt/src/hadoop-ozone/integration-test/target/test-dir/MiniOzoneClusterImpl-c4262e08-81c7-41a6-99ed-aaea2a2c6044/datanode-4/data/ratis] (custom)
2019-06-15 11:39:16,106 INFO  storage.RaftStorageDirectory (RaftStorageDirectory.java:analyzeStorage(246)) - The storage directory /opt/src/hadoop-ozone/integration-test/target/test-dir/MiniOzoneClusterImpl-c4262e08-81c7-41a6-99ed-aaea2a2c6044/datanode-4/data/ratis/56330cbd-6dd6-4d9c-8562-0f38ba23ed3d does not exist. Creating ...
2019-06-15 11:39:16,108 INFO  storage.RaftStorageDirectory (RaftStorageDirectory.java:tryLock(328)) - Lock on /opt/src/hadoop-ozone/integration-test/target/test-dir/MiniOzoneClusterImpl-c4262e08-81c7-41a6-99ed-aaea2a2c6044/datanode-4/data/ratis/56330cbd-6dd6-4d9c-8562-0f38ba23ed3d/in_use.lock acquired by nodename 10012@ozone-unit-076618677d3-cbxt7-549503878
2019-06-15 11:39:16,110 INFO  storage.RaftStorage (RaftStorage.java:format(75)) - Storage directory /opt/src/hadoop-ozone/integration-test/target/test-dir/MiniOzoneClusterImpl-c4262e08-81c7-41a6-99ed-aaea2a2c6044/datanode-4/data/ratis/56330cbd-6dd6-4d9c-8562-0f38ba23ed3d has been successfully formatted.
2019-06-15 11:39:16,110 INFO  ratis.ContainerStateMachine (ContainerStateMachine.java:loadSnapshot(199)) - The snapshot info is null.Setting the last applied index to:(t:0, i:~)
2019-06-15 11:39:16,110 INFO  server.RaftServerConfigKeys (ConfUtils.java:logGet(43)) - raft.server.leader.election.timeout = 10s (custom)
2019-06-15 11:39:16,110 INFO  server.RaftServerConfigKeys (ConfUtils.java:logGet(43)) - raft.server.log.use.memory = false (default)
2019-06-15 11:39:16,110 INFO  server.RaftServerConfigKeys (ConfUtils.java:logGet(43)) - raft.server.log.appender.buffer.byte-limit = 33554432 (custom)
2019-06-15 11:39:16,110 INFO  server.RaftServerConfigKeys (ConfUtils.java:logGet(43)) - raft.server.log.segment.size.max = 16384 (custom)
2019-06-15 11:39:16,110 INFO  server.RaftServerConfigKeys (ConfUtils.java:logGet(43)) - raft.server.log.segment.cache.num.max = 2 (custom)
2019-06-15 11:39:16,111 INFO  storage.RaftLogWorker (RaftLogWorker.java:<init>(123)) - new 06c7e780-bebb-423e-95f8-3db357746a48-RaftLogWorker for Storage Directory /opt/src/hadoop-ozone/integration-test/target/test-dir/MiniOzoneClusterImpl-c4262e08-81c7-41a6-99ed-aaea2a2c6044/datanode-4/data/ratis/56330cbd-6dd6-4d9c-8562-0f38ba23ed3d
2019-06-15 11:39:16,111 INFO  server.RaftServerConfigKeys (ConfUtils.java:logGet(43)) - raft.server.log.queue.byte-limit = 2147483647 (custom)
2019-06-15 11:39:16,111 INFO  server.RaftServerConfigKeys (ConfUtils.java:logGet(43)) - raft.server.log.queue.element-limit = 1024 (custom)
2019-06-15 11:39:16,111 INFO  server.RaftServerConfigKeys (ConfUtils.java:logGet(43)) - raft.server.log.segment.size.max = 16384 (custom)
2019-06-15 11:39:16,111 INFO  server.RaftServerConfigKeys (ConfUtils.java:logGet(43)) - raft.server.log.preallocated.size = 16384 (custom)
2019-06-15 11:39:16,111 INFO  server.RaftServerConfigKeys (ConfUtils.java:logGet(43)) - raft.server.log.write.buffer.size = 33554432 (custom)
2019-06-15 11:39:16,111 INFO  server.RaftServerConfigKeys (ConfUtils.java:logGet(43)) - raft.server.log.force.sync.num = 128 (default)
2019-06-15 11:39:16,111 INFO  server.RaftServerConfigKeys (ConfUtils.java:logGet(43)) - raft.server.log.statemachine.data.sync = true (default)
2019-06-15 11:39:16,112 INFO  server.RaftServerConfigKeys (ConfUtils.java:logGet(43)) - raft.server.log.statemachine.data.sync.timeout = 10s (default)
2019-06-15 11:39:16,112 INFO  server.RaftServerConfigKeys (ConfUtils.java:logGet(43)) - raft.server.log.statemachine.data.sync.timeout.retry = -1 (default)
2019-06-15 11:39:16,112 INFO  server.RaftServerConfigKeys (ConfUtils.java:logGet(43)) - raft.server.log.statemachine.data.caching.enabled = true (custom)
2019-06-15 11:39:16,112 INFO  server.RaftServerConfigKeys (ConfUtils.java:logGet(43)) - raft.server.snapshot.auto.trigger.enabled = true (custom)
2019-06-15 11:39:16,112 INFO  server.RaftServerConfigKeys (ConfUtils.java:logGet(43)) - raft.server.snapshot.auto.trigger.threshold = 10000 (custom)
2019-06-15 11:39:16,112 INFO  server.RaftServerConfigKeys (ConfUtils.java:logGet(43)) - raft.server.retrycache.expirytime = 600000ms (custom)
2019-06-15 11:39:16,113 INFO  impl.RaftServerImpl (RaftServerImpl.java:start(173)) - 06c7e780-bebb-423e-95f8-3db357746a48: start group-0F38BA23ED3D
2019-06-15 11:39:16,113 INFO  impl.RaftServerImpl (RaftServerImpl.java:setRole(164)) - 06c7e780-bebb-423e-95f8-3db357746a48:group-0F38BA23ED3D changes role from null to FOLLOWER at term 0 for startAsFollower
2019-06-15 11:39:16,113 INFO  impl.RoleInfo (RoleInfo.java:updateAndGet(143)) - 06c7e780-bebb-423e-95f8-3db357746a48: start FollowerState
2019-06-15 11:39:16,113 INFO  util.JmxRegister (JmxRegister.java:tryRegister(44)) - Successfully registered JMX Bean with object name Ratis:service=RaftServer,group=group-0F38BA23ED3D,id=06c7e780-bebb-423e-95f8-3db357746a48
2019-06-15 11:39:16,119 INFO  pipeline.PipelineStateManager (PipelineStateManager.java:addPipeline(56)) - Created pipeline Pipeline[ Id: 56330cbd-6dd6-4d9c-8562-0f38ba23ed3d, Nodes: 06c7e780-bebb-423e-95f8-3db357746a48{ip: 192.168.46.18, host: ozone-unit-076618677d3-cbxt7-549503878, networkLocation: /default-rack, certSerialId: null}, Type:RATIS, Factor:ONE, State:OPEN]
2019-06-15 11:39:16,365 INFO  ozone.MiniOzoneClusterImpl (MiniOzoneClusterImpl.java:lambda$waitForClusterToBeReady$0(142)) - Waiting for cluster to be ready. Got 5 of 6 DN Heartbeats.
2019-06-15 11:39:16,366 INFO  node.SCMNodeManager (SCMNodeManager.java:register(269)) - Registered Data node : 783ed540-c5a7-4895-9367-21c2ba5e72ca{ip: 192.168.46.18, host: ozone-unit-076618677d3-cbxt7-549503878, networkLocation: /default-rack, certSerialId: null}
2019-06-15 11:39:16,376 INFO  impl.RaftServerProxy (RaftServerProxy.java:addNew(89)) - 783ed540-c5a7-4895-9367-21c2ba5e72ca: addNew group-7BF756839174:[783ed540-c5a7-4895-9367-21c2ba5e72ca:192.168.46.18:35849] returns group-7BF756839174:java.util.concurrent.CompletableFuture@6c928d9e[Not completed]
2019-06-15 11:39:16,377 INFO  impl.RaftServerImpl (RaftServerImpl.java:<init>(91)) - 783ed540-c5a7-4895-9367-21c2ba5e72ca: new RaftServerImpl for group-7BF756839174:[783ed540-c5a7-4895-9367-21c2ba5e72ca:192.168.46.18:35849] with ContainerStateMachine:uninitialized
2019-06-15 11:39:16,377 INFO  server.RaftServerConfigKeys (ConfUtils.java:logGet(43)) - raft.server.rpc.timeout.min = 1s (custom)
2019-06-15 11:39:16,377 INFO  server.RaftServerConfigKeys (ConfUtils.java:logGet(43)) - raft.server.rpc.timeout.max = 1200ms (custom)
2019-06-15 11:39:16,377 INFO  server.RaftServerConfigKeys (ConfUtils.java:logGet(43)) - raft.server.rpcslowness.timeout = 10s (custom)
2019-06-15 11:39:16,378 INFO  server.RaftServerConfigKeys (ConfUtils.java:logGet(43)) - raft.server.log.appender.install.snapshot.enabled = true (default)
2019-06-15 11:39:16,378 INFO  impl.RaftServerImpl (ServerState.java:<init>(101)) - 783ed540-c5a7-4895-9367-21c2ba5e72ca:group-7BF756839174 ConfigurationManager, init=-1: [783ed540-c5a7-4895-9367-21c2ba5e72ca:192.168.46.18:35849], old=null, confs=<EMPTY_MAP>
2019-06-15 11:39:16,378 INFO  server.RaftServerConfigKeys (ConfUtils.java:logGet(43)) - raft.server.storage.dir = [/opt/src/hadoop-ozone/integration-test/target/test-dir/MiniOzoneClusterImpl-c4262e08-81c7-41a6-99ed-aaea2a2c6044/datanode-5/data/ratis] (custom)
2019-06-15 11:39:16,378 INFO  storage.RaftStorageDirectory (RaftStorageDirectory.java:analyzeStorage(246)) - The storage directory /opt/src/hadoop-ozone/integration-test/target/test-dir/MiniOzoneClusterImpl-c4262e08-81c7-41a6-99ed-aaea2a2c6044/datanode-5/data/ratis/c2ea1340-4989-4470-b950-7bf756839174 does not exist. Creating ...
2019-06-15 11:39:16,380 INFO  storage.RaftStorageDirectory (RaftStorageDirectory.java:tryLock(328)) - Lock on /opt/src/hadoop-ozone/integration-test/target/test-dir/MiniOzoneClusterImpl-c4262e08-81c7-41a6-99ed-aaea2a2c6044/datanode-5/data/ratis/c2ea1340-4989-4470-b950-7bf756839174/in_use.lock acquired by nodename 10012@ozone-unit-076618677d3-cbxt7-549503878
2019-06-15 11:39:16,382 INFO  storage.RaftStorage (RaftStorage.java:format(75)) - Storage directory /opt/src/hadoop-ozone/integration-test/target/test-dir/MiniOzoneClusterImpl-c4262e08-81c7-41a6-99ed-aaea2a2c6044/datanode-5/data/ratis/c2ea1340-4989-4470-b950-7bf756839174 has been successfully formatted.
2019-06-15 11:39:16,382 INFO  ratis.ContainerStateMachine (ContainerStateMachine.java:loadSnapshot(199)) - The snapshot info is null.Setting the last applied index to:(t:0, i:~)
2019-06-15 11:39:16,382 INFO  server.RaftServerConfigKeys (ConfUtils.java:logGet(43)) - raft.server.leader.election.timeout = 10s (custom)
2019-06-15 11:39:16,382 INFO  server.RaftServerConfigKeys (ConfUtils.java:logGet(43)) - raft.server.log.use.memory = false (default)
2019-06-15 11:39:16,383 INFO  server.RaftServerConfigKeys (ConfUtils.java:logGet(43)) - raft.server.log.appender.buffer.byte-limit = 33554432 (custom)
2019-06-15 11:39:16,383 INFO  server.RaftServerConfigKeys (ConfUtils.java:logGet(43)) - raft.server.log.segment.size.max = 16384 (custom)
2019-06-15 11:39:16,383 INFO  server.RaftServerConfigKeys (ConfUtils.java:logGet(43)) - raft.server.log.segment.cache.num.max = 2 (custom)
2019-06-15 11:39:16,383 INFO  storage.RaftLogWorker (RaftLogWorker.java:<init>(123)) - new 783ed540-c5a7-4895-9367-21c2ba5e72ca-RaftLogWorker for Storage Directory /opt/src/hadoop-ozone/integration-test/target/test-dir/MiniOzoneClusterImpl-c4262e08-81c7-41a6-99ed-aaea2a2c6044/datanode-5/data/ratis/c2ea1340-4989-4470-b950-7bf756839174
2019-06-15 11:39:16,383 INFO  server.RaftServerConfigKeys (ConfUtils.java:logGet(43)) - raft.server.log.queue.byte-limit = 2147483647 (custom)
2019-06-15 11:39:16,383 INFO  server.RaftServerConfigKeys (ConfUtils.java:logGet(43)) - raft.server.log.queue.element-limit = 1024 (custom)
2019-06-15 11:39:16,383 INFO  server.RaftServerConfigKeys (ConfUtils.java:logGet(43)) - raft.server.log.segment.size.max = 16384 (custom)
2019-06-15 11:39:16,383 INFO  server.RaftServerConfigKeys (ConfUtils.java:logGet(43)) - raft.server.log.preallocated.size = 16384 (custom)
2019-06-15 11:39:16,383 INFO  server.RaftServerConfigKeys (ConfUtils.java:logGet(43)) - raft.server.log.write.buffer.size = 33554432 (custom)
2019-06-15 11:39:16,383 INFO  server.RaftServerConfigKeys (ConfUtils.java:logGet(43)) - raft.server.log.force.sync.num = 128 (default)
2019-06-15 11:39:16,383 INFO  server.RaftServerConfigKeys (ConfUtils.java:logGet(43)) - raft.server.log.statemachine.data.sync = true (default)
2019-06-15 11:39:16,384 INFO  server.RaftServerConfigKeys (ConfUtils.java:logGet(43)) - raft.server.log.statemachine.data.sync.timeout = 10s (default)
2019-06-15 11:39:16,384 INFO  server.RaftServerConfigKeys (ConfUtils.java:logGet(43)) - raft.server.log.statemachine.data.sync.timeout.retry = -1 (default)
2019-06-15 11:39:16,384 INFO  server.RaftServerConfigKeys (ConfUtils.java:logGet(43)) - raft.server.log.statemachine.data.caching.enabled = true (custom)
2019-06-15 11:39:16,384 INFO  server.RaftServerConfigKeys (ConfUtils.java:logGet(43)) - raft.server.snapshot.auto.trigger.enabled = true (custom)
2019-06-15 11:39:16,384 INFO  server.RaftServerConfigKeys (ConfUtils.java:logGet(43)) - raft.server.snapshot.auto.trigger.threshold = 10000 (custom)
2019-06-15 11:39:16,384 INFO  server.RaftServerConfigKeys (ConfUtils.java:logGet(43)) - raft.server.retrycache.expirytime = 600000ms (custom)
2019-06-15 11:39:16,384 INFO  impl.RaftServerImpl (RaftServerImpl.java:start(173)) - 783ed540-c5a7-4895-9367-21c2ba5e72ca: start group-7BF756839174
2019-06-15 11:39:16,385 INFO  impl.RaftServerImpl (RaftServerImpl.java:setRole(164)) - 783ed540-c5a7-4895-9367-21c2ba5e72ca:group-7BF756839174 changes role from null to FOLLOWER at term 0 for startAsFollower
2019-06-15 11:39:16,385 INFO  impl.RoleInfo (RoleInfo.java:updateAndGet(143)) - 783ed540-c5a7-4895-9367-21c2ba5e72ca: start FollowerState
2019-06-15 11:39:16,385 INFO  util.JmxRegister (JmxRegister.java:tryRegister(44)) - Successfully registered JMX Bean with object name Ratis:service=RaftServer,group=group-7BF756839174,id=783ed540-c5a7-4895-9367-21c2ba5e72ca
2019-06-15 11:39:16,390 INFO  pipeline.PipelineStateManager (PipelineStateManager.java:addPipeline(56)) - Created pipeline Pipeline[ Id: c2ea1340-4989-4470-b950-7bf756839174, Nodes: 783ed540-c5a7-4895-9367-21c2ba5e72ca{ip: 192.168.46.18, host: ozone-unit-076618677d3-cbxt7-549503878, networkLocation: /default-rack, certSerialId: null}, Type:RATIS, Factor:ONE, State:OPEN]
2019-06-15 11:39:16,413 INFO  impl.RaftServerProxy (RaftServerProxy.java:addNew(89)) - 1560cee3-48bb-46f5-a7e6-688f766c76a7: addNew group-957CB29032CF:[06c7e780-bebb-423e-95f8-3db357746a48:192.168.46.18:46701, 783ed540-c5a7-4895-9367-21c2ba5e72ca:192.168.46.18:35849, 1560cee3-48bb-46f5-a7e6-688f766c76a7:192.168.46.18:33821] returns group-957CB29032CF:java.util.concurrent.CompletableFuture@6913148c[Not completed]
2019-06-15 11:39:16,413 INFO  impl.RaftServerProxy (RaftServerProxy.java:addNew(89)) - 783ed540-c5a7-4895-9367-21c2ba5e72ca: addNew group-957CB29032CF:[06c7e780-bebb-423e-95f8-3db357746a48:192.168.46.18:46701, 783ed540-c5a7-4895-9367-21c2ba5e72ca:192.168.46.18:35849, 1560cee3-48bb-46f5-a7e6-688f766c76a7:192.168.46.18:33821] returns group-957CB29032CF:java.util.concurrent.CompletableFuture@30b2449f[Not completed]
2019-06-15 11:39:16,414 INFO  impl.RaftServerImpl (RaftServerImpl.java:<init>(91)) - 1560cee3-48bb-46f5-a7e6-688f766c76a7: new RaftServerImpl for group-957CB29032CF:[06c7e780-bebb-423e-95f8-3db357746a48:192.168.46.18:46701, 783ed540-c5a7-4895-9367-21c2ba5e72ca:192.168.46.18:35849, 1560cee3-48bb-46f5-a7e6-688f766c76a7:192.168.46.18:33821] with ContainerStateMachine:uninitialized
2019-06-15 11:39:16,414 INFO  server.RaftServerConfigKeys (ConfUtils.java:logGet(43)) - raft.server.rpc.timeout.min = 1s (custom)
2019-06-15 11:39:16,414 INFO  server.RaftServerConfigKeys (ConfUtils.java:logGet(43)) - raft.server.rpc.timeout.max = 1200ms (custom)
2019-06-15 11:39:16,414 INFO  server.RaftServerConfigKeys (ConfUtils.java:logGet(43)) - raft.server.rpcslowness.timeout = 10s (custom)
2019-06-15 11:39:16,414 INFO  server.RaftServerConfigKeys (ConfUtils.java:logGet(43)) - raft.server.log.appender.install.snapshot.enabled = true (default)
2019-06-15 11:39:16,414 INFO  impl.RaftServerImpl (ServerState.java:<init>(101)) - 1560cee3-48bb-46f5-a7e6-688f766c76a7:group-957CB29032CF ConfigurationManager, init=-1: [06c7e780-bebb-423e-95f8-3db357746a48:192.168.46.18:46701, 783ed540-c5a7-4895-9367-21c2ba5e72ca:192.168.46.18:35849, 1560cee3-48bb-46f5-a7e6-688f766c76a7:192.168.46.18:33821], old=null, confs=<EMPTY_MAP>
2019-06-15 11:39:16,414 INFO  server.RaftServerConfigKeys (ConfUtils.java:logGet(43)) - raft.server.storage.dir = [/opt/src/hadoop-ozone/integration-test/target/test-dir/MiniOzoneClusterImpl-c4262e08-81c7-41a6-99ed-aaea2a2c6044/datanode-1/data/ratis] (custom)
2019-06-15 11:39:16,414 INFO  storage.RaftStorageDirectory (RaftStorageDirectory.java:analyzeStorage(246)) - The storage directory /opt/src/hadoop-ozone/integration-test/target/test-dir/MiniOzoneClusterImpl-c4262e08-81c7-41a6-99ed-aaea2a2c6044/datanode-1/data/ratis/be75f6d3-1843-42dc-94f9-957cb29032cf does not exist. Creating ...
2019-06-15 11:39:16,416 INFO  storage.RaftStorageDirectory (RaftStorageDirectory.java:tryLock(328)) - Lock on /opt/src/hadoop-ozone/integration-test/target/test-dir/MiniOzoneClusterImpl-c4262e08-81c7-41a6-99ed-aaea2a2c6044/datanode-1/data/ratis/be75f6d3-1843-42dc-94f9-957cb29032cf/in_use.lock acquired by nodename 10012@ozone-unit-076618677d3-cbxt7-549503878
2019-06-15 11:39:16,417 INFO  impl.RaftServerProxy (RaftServerProxy.java:addNew(89)) - 06c7e780-bebb-423e-95f8-3db357746a48: addNew group-957CB29032CF:[06c7e780-bebb-423e-95f8-3db357746a48:192.168.46.18:46701, 783ed540-c5a7-4895-9367-21c2ba5e72ca:192.168.46.18:35849, 1560cee3-48bb-46f5-a7e6-688f766c76a7:192.168.46.18:33821] returns group-957CB29032CF:java.util.concurrent.CompletableFuture@70fbb6c7[Not completed]
2019-06-15 11:39:16,418 INFO  impl.RaftServerImpl (RaftServerImpl.java:<init>(91)) - 06c7e780-bebb-423e-95f8-3db357746a48: new RaftServerImpl for group-957CB29032CF:[06c7e780-bebb-423e-95f8-3db357746a48:192.168.46.18:46701, 783ed540-c5a7-4895-9367-21c2ba5e72ca:192.168.46.18:35849, 1560cee3-48bb-46f5-a7e6-688f766c76a7:192.168.46.18:33821] with ContainerStateMachine:uninitialized
2019-06-15 11:39:16,418 INFO  server.RaftServerConfigKeys (ConfUtils.java:logGet(43)) - raft.server.rpc.timeout.min = 1s (custom)
2019-06-15 11:39:16,418 INFO  server.RaftServerConfigKeys (ConfUtils.java:logGet(43)) - raft.server.rpc.timeout.max = 1200ms (custom)
2019-06-15 11:39:16,418 INFO  server.RaftServerConfigKeys (ConfUtils.java:logGet(43)) - raft.server.rpcslowness.timeout = 10s (custom)
2019-06-15 11:39:16,418 INFO  server.RaftServerConfigKeys (ConfUtils.java:logGet(43)) - raft.server.log.appender.install.snapshot.enabled = true (default)
2019-06-15 11:39:16,418 INFO  impl.RaftServerImpl (ServerState.java:<init>(101)) - 06c7e780-bebb-423e-95f8-3db357746a48:group-957CB29032CF ConfigurationManager, init=-1: [06c7e780-bebb-423e-95f8-3db357746a48:192.168.46.18:46701, 783ed540-c5a7-4895-9367-21c2ba5e72ca:192.168.46.18:35849, 1560cee3-48bb-46f5-a7e6-688f766c76a7:192.168.46.18:33821], old=null, confs=<EMPTY_MAP>
2019-06-15 11:39:16,418 INFO  server.RaftServerConfigKeys (ConfUtils.java:logGet(43)) - raft.server.storage.dir = [/opt/src/hadoop-ozone/integration-test/target/test-dir/MiniOzoneClusterImpl-c4262e08-81c7-41a6-99ed-aaea2a2c6044/datanode-4/data/ratis] (custom)
2019-06-15 11:39:16,419 INFO  storage.RaftStorage (RaftStorage.java:format(75)) - Storage directory /opt/src/hadoop-ozone/integration-test/target/test-dir/MiniOzoneClusterImpl-c4262e08-81c7-41a6-99ed-aaea2a2c6044/datanode-1/data/ratis/be75f6d3-1843-42dc-94f9-957cb29032cf has been successfully formatted.
2019-06-15 11:39:16,419 INFO  storage.RaftStorageDirectory (RaftStorageDirectory.java:analyzeStorage(246)) - The storage directory /opt/src/hadoop-ozone/integration-test/target/test-dir/MiniOzoneClusterImpl-c4262e08-81c7-41a6-99ed-aaea2a2c6044/datanode-4/data/ratis/be75f6d3-1843-42dc-94f9-957cb29032cf does not exist. Creating ...
2019-06-15 11:39:16,419 INFO  ratis.ContainerStateMachine (ContainerStateMachine.java:loadSnapshot(199)) - The snapshot info is null.Setting the last applied index to:(t:0, i:~)
2019-06-15 11:39:16,419 INFO  server.RaftServerConfigKeys (ConfUtils.java:logGet(43)) - raft.server.leader.election.timeout = 10s (custom)
2019-06-15 11:39:16,419 INFO  server.RaftServerConfigKeys (ConfUtils.java:logGet(43)) - raft.server.log.use.memory = false (default)
2019-06-15 11:39:16,419 INFO  server.RaftServerConfigKeys (ConfUtils.java:logGet(43)) - raft.server.log.appender.buffer.byte-limit = 33554432 (custom)
2019-06-15 11:39:16,419 INFO  server.RaftServerConfigKeys (ConfUtils.java:logGet(43)) - raft.server.log.segment.size.max = 16384 (custom)
2019-06-15 11:39:16,419 INFO  server.RaftServerConfigKeys (ConfUtils.java:logGet(43)) - raft.server.log.segment.cache.num.max = 2 (custom)
2019-06-15 11:39:16,419 INFO  storage.RaftLogWorker (RaftLogWorker.java:<init>(123)) - new 1560cee3-48bb-46f5-a7e6-688f766c76a7-RaftLogWorker for Storage Directory /opt/src/hadoop-ozone/integration-test/target/test-dir/MiniOzoneClusterImpl-c4262e08-81c7-41a6-99ed-aaea2a2c6044/datanode-1/data/ratis/be75f6d3-1843-42dc-94f9-957cb29032cf
2019-06-15 11:39:16,420 INFO  server.RaftServerConfigKeys (ConfUtils.java:logGet(43)) - raft.server.log.queue.byte-limit = 2147483647 (custom)
2019-06-15 11:39:16,420 INFO  server.RaftServerConfigKeys (ConfUtils.java:logGet(43)) - raft.server.log.queue.element-limit = 1024 (custom)
2019-06-15 11:39:16,420 INFO  server.RaftServerConfigKeys (ConfUtils.java:logGet(43)) - raft.server.log.segment.size.max = 16384 (custom)
2019-06-15 11:39:16,420 INFO  server.RaftServerConfigKeys (ConfUtils.java:logGet(43)) - raft.server.log.preallocated.size = 16384 (custom)
2019-06-15 11:39:16,420 INFO  server.RaftServerConfigKeys (ConfUtils.java:logGet(43)) - raft.server.log.write.buffer.size = 33554432 (custom)
2019-06-15 11:39:16,420 INFO  server.RaftServerConfigKeys (ConfUtils.java:logGet(43)) - raft.server.log.force.sync.num = 128 (default)
2019-06-15 11:39:16,421 INFO  storage.RaftStorageDirectory (RaftStorageDirectory.java:tryLock(328)) - Lock on /opt/src/hadoop-ozone/integration-test/target/test-dir/MiniOzoneClusterImpl-c4262e08-81c7-41a6-99ed-aaea2a2c6044/datanode-4/data/ratis/be75f6d3-1843-42dc-94f9-957cb29032cf/in_use.lock acquired by nodename 10012@ozone-unit-076618677d3-cbxt7-549503878
2019-06-15 11:39:16,421 INFO  server.RaftServerConfigKeys (ConfUtils.java:logGet(43)) - raft.server.log.statemachine.data.sync = true (default)
2019-06-15 11:39:16,421 INFO  server.RaftServerConfigKeys (ConfUtils.java:logGet(43)) - raft.server.log.statemachine.data.sync.timeout = 10s (default)
2019-06-15 11:39:16,421 INFO  server.RaftServerConfigKeys (ConfUtils.java:logGet(43)) - raft.server.log.statemachine.data.sync.timeout.retry = -1 (default)
2019-06-15 11:39:16,422 INFO  server.RaftServerConfigKeys (ConfUtils.java:logGet(43)) - raft.server.log.statemachine.data.caching.enabled = true (custom)
2019-06-15 11:39:16,423 INFO  storage.RaftStorage (RaftStorage.java:format(75)) - Storage directory /opt/src/hadoop-ozone/integration-test/target/test-dir/MiniOzoneClusterImpl-c4262e08-81c7-41a6-99ed-aaea2a2c6044/datanode-4/data/ratis/be75f6d3-1843-42dc-94f9-957cb29032cf has been successfully formatted.
2019-06-15 11:39:16,423 INFO  ratis.ContainerStateMachine (ContainerStateMachine.java:loadSnapshot(199)) - The snapshot info is null.Setting the last applied index to:(t:0, i:~)
2019-06-15 11:39:16,423 INFO  server.RaftServerConfigKeys (ConfUtils.java:logGet(43)) - raft.server.leader.election.timeout = 10s (custom)
2019-06-15 11:39:16,423 INFO  server.RaftServerConfigKeys (ConfUtils.java:logGet(43)) - raft.server.log.use.memory = false (default)
2019-06-15 11:39:16,423 INFO  server.RaftServerConfigKeys (ConfUtils.java:logGet(43)) - raft.server.log.appender.buffer.byte-limit = 33554432 (custom)
2019-06-15 11:39:16,423 INFO  server.RaftServerConfigKeys (ConfUtils.java:logGet(43)) - raft.server.log.segment.size.max = 16384 (custom)
2019-06-15 11:39:16,423 INFO  server.RaftServerConfigKeys (ConfUtils.java:logGet(43)) - raft.server.log.segment.cache.num.max = 2 (custom)
2019-06-15 11:39:16,424 INFO  storage.RaftLogWorker (RaftLogWorker.java:<init>(123)) - new 06c7e780-bebb-423e-95f8-3db357746a48-RaftLogWorker for Storage Directory /opt/src/hadoop-ozone/integration-test/target/test-dir/MiniOzoneClusterImpl-c4262e08-81c7-41a6-99ed-aaea2a2c6044/datanode-4/data/ratis/be75f6d3-1843-42dc-94f9-957cb29032cf
2019-06-15 11:39:16,424 INFO  server.RaftServerConfigKeys (ConfUtils.java:logGet(43)) - raft.server.log.queue.byte-limit = 2147483647 (custom)
2019-06-15 11:39:16,424 INFO  server.RaftServerConfigKeys (ConfUtils.java:logGet(43)) - raft.server.log.queue.element-limit = 1024 (custom)
2019-06-15 11:39:16,424 INFO  server.RaftServerConfigKeys (ConfUtils.java:logGet(43)) - raft.server.log.segment.size.max = 16384 (custom)
2019-06-15 11:39:16,424 INFO  server.RaftServerConfigKeys (ConfUtils.java:logGet(43)) - raft.server.log.preallocated.size = 16384 (custom)
2019-06-15 11:39:16,424 INFO  server.RaftServerConfigKeys (ConfUtils.java:logGet(43)) - raft.server.log.write.buffer.size = 33554432 (custom)
2019-06-15 11:39:16,424 INFO  server.RaftServerConfigKeys (ConfUtils.java:logGet(43)) - raft.server.log.force.sync.num = 128 (default)
2019-06-15 11:39:16,424 INFO  server.RaftServerConfigKeys (ConfUtils.java:logGet(43)) - raft.server.log.statemachine.data.sync = true (default)
2019-06-15 11:39:16,424 INFO  server.RaftServerConfigKeys (ConfUtils.java:logGet(43)) - raft.server.log.statemachine.data.sync.timeout = 10s (default)
2019-06-15 11:39:16,424 INFO  server.RaftServerConfigKeys (ConfUtils.java:logGet(43)) - raft.server.log.statemachine.data.sync.timeout.retry = -1 (default)
2019-06-15 11:39:16,425 INFO  server.RaftServerConfigKeys (ConfUtils.java:logGet(43)) - raft.server.log.statemachine.data.caching.enabled = true (custom)
2019-06-15 11:39:16,425 INFO  server.RaftServerConfigKeys (ConfUtils.java:logGet(43)) - raft.server.snapshot.auto.trigger.enabled = true (custom)
2019-06-15 11:39:16,425 INFO  server.RaftServerConfigKeys (ConfUtils.java:logGet(43)) - raft.server.snapshot.auto.trigger.enabled = true (custom)
2019-06-15 11:39:16,425 INFO  server.RaftServerConfigKeys (ConfUtils.java:logGet(43)) - raft.server.snapshot.auto.trigger.threshold = 10000 (custom)
2019-06-15 11:39:16,425 INFO  server.RaftServerConfigKeys (ConfUtils.java:logGet(43)) - raft.server.snapshot.auto.trigger.threshold = 10000 (custom)
2019-06-15 11:39:16,425 INFO  server.RaftServerConfigKeys (ConfUtils.java:logGet(43)) - raft.server.retrycache.expirytime = 600000ms (custom)
2019-06-15 11:39:16,426 INFO  impl.RaftServerImpl (RaftServerImpl.java:start(173)) - 1560cee3-48bb-46f5-a7e6-688f766c76a7: start group-957CB29032CF
2019-06-15 11:39:16,426 INFO  impl.RaftServerImpl (RaftServerImpl.java:setRole(164)) - 1560cee3-48bb-46f5-a7e6-688f766c76a7:group-957CB29032CF changes role from null to FOLLOWER at term 0 for startAsFollower
2019-06-15 11:39:16,426 INFO  impl.RoleInfo (RoleInfo.java:updateAndGet(143)) - 1560cee3-48bb-46f5-a7e6-688f766c76a7: start FollowerState
2019-06-15 11:39:16,425 INFO  server.RaftServerConfigKeys (ConfUtils.java:logGet(43)) - raft.server.retrycache.expirytime = 600000ms (custom)
2019-06-15 11:39:16,426 INFO  impl.RaftServerImpl (RaftServerImpl.java:start(173)) - 06c7e780-bebb-423e-95f8-3db357746a48: start group-957CB29032CF
2019-06-15 11:39:16,426 INFO  impl.RaftServerImpl (RaftServerImpl.java:setRole(164)) - 06c7e780-bebb-423e-95f8-3db357746a48:group-957CB29032CF changes role from null to FOLLOWER at term 0 for startAsFollower
2019-06-15 11:39:16,427 INFO  impl.RoleInfo (RoleInfo.java:updateAndGet(143)) - 06c7e780-bebb-423e-95f8-3db357746a48: start FollowerState
2019-06-15 11:39:16,427 INFO  util.JmxRegister (JmxRegister.java:tryRegister(44)) - Successfully registered JMX Bean with object name Ratis:service=RaftServer,group=group-957CB29032CF,id=06c7e780-bebb-423e-95f8-3db357746a48
2019-06-15 11:39:16,427 INFO  util.JmxRegister (JmxRegister.java:tryRegister(44)) - Successfully registered JMX Bean with object name Ratis:service=RaftServer,group=group-957CB29032CF,id=1560cee3-48bb-46f5-a7e6-688f766c76a7
2019-06-15 11:39:16,431 INFO  impl.RaftServerImpl (RaftServerImpl.java:<init>(91)) - 783ed540-c5a7-4895-9367-21c2ba5e72ca: new RaftServerImpl for group-957CB29032CF:[06c7e780-bebb-423e-95f8-3db357746a48:192.168.46.18:46701, 783ed540-c5a7-4895-9367-21c2ba5e72ca:192.168.46.18:35849, 1560cee3-48bb-46f5-a7e6-688f766c76a7:192.168.46.18:33821] with ContainerStateMachine:uninitialized
2019-06-15 11:39:16,432 INFO  server.RaftServerConfigKeys (ConfUtils.java:logGet(43)) - raft.server.rpc.timeout.min = 1s (custom)
2019-06-15 11:39:16,432 INFO  server.RaftServerConfigKeys (ConfUtils.java:logGet(43)) - raft.server.rpc.timeout.max = 1200ms (custom)
2019-06-15 11:39:16,432 INFO  server.RaftServerConfigKeys (ConfUtils.java:logGet(43)) - raft.server.rpcslowness.timeout = 10s (custom)
2019-06-15 11:39:16,432 INFO  server.RaftServerConfigKeys (ConfUtils.java:logGet(43)) - raft.server.log.appender.install.snapshot.enabled = true (default)
2019-06-15 11:39:16,432 INFO  impl.RaftServerImpl (ServerState.java:<init>(101)) - 783ed540-c5a7-4895-9367-21c2ba5e72ca:group-957CB29032CF ConfigurationManager, init=-1: [06c7e780-bebb-423e-95f8-3db357746a48:192.168.46.18:46701, 783ed540-c5a7-4895-9367-21c2ba5e72ca:192.168.46.18:35849, 1560cee3-48bb-46f5-a7e6-688f766c76a7:192.168.46.18:33821], old=null, confs=<EMPTY_MAP>
2019-06-15 11:39:16,433 INFO  server.RaftServerConfigKeys (ConfUtils.java:logGet(43)) - raft.server.storage.dir = [/opt/src/hadoop-ozone/integration-test/target/test-dir/MiniOzoneClusterImpl-c4262e08-81c7-41a6-99ed-aaea2a2c6044/datanode-5/data/ratis] (custom)
2019-06-15 11:39:16,433 INFO  storage.RaftStorageDirectory (RaftStorageDirectory.java:analyzeStorage(246)) - The storage directory /opt/src/hadoop-ozone/integration-test/target/test-dir/MiniOzoneClusterImpl-c4262e08-81c7-41a6-99ed-aaea2a2c6044/datanode-5/data/ratis/be75f6d3-1843-42dc-94f9-957cb29032cf does not exist. Creating ...
2019-06-15 11:39:16,435 INFO  storage.RaftStorageDirectory (RaftStorageDirectory.java:tryLock(328)) - Lock on /opt/src/hadoop-ozone/integration-test/target/test-dir/MiniOzoneClusterImpl-c4262e08-81c7-41a6-99ed-aaea2a2c6044/datanode-5/data/ratis/be75f6d3-1843-42dc-94f9-957cb29032cf/in_use.lock acquired by nodename 10012@ozone-unit-076618677d3-cbxt7-549503878
2019-06-15 11:39:16,440 INFO  storage.RaftStorage (RaftStorage.java:format(75)) - Storage directory /opt/src/hadoop-ozone/integration-test/target/test-dir/MiniOzoneClusterImpl-c4262e08-81c7-41a6-99ed-aaea2a2c6044/datanode-5/data/ratis/be75f6d3-1843-42dc-94f9-957cb29032cf has been successfully formatted.
2019-06-15 11:39:16,442 INFO  ratis.ContainerStateMachine (ContainerStateMachine.java:loadSnapshot(199)) - The snapshot info is null.Setting the last applied index to:(t:0, i:~)
2019-06-15 11:39:16,442 INFO  server.RaftServerConfigKeys (ConfUtils.java:logGet(43)) - raft.server.leader.election.timeout = 10s (custom)
2019-06-15 11:39:16,442 INFO  server.RaftServerConfigKeys (ConfUtils.java:logGet(43)) - raft.server.log.use.memory = false (default)
2019-06-15 11:39:16,442 INFO  server.RaftServerConfigKeys (ConfUtils.java:logGet(43)) - raft.server.log.appender.buffer.byte-limit = 33554432 (custom)
2019-06-15 11:39:16,442 INFO  server.RaftServerConfigKeys (ConfUtils.java:logGet(43)) - raft.server.log.segment.size.max = 16384 (custom)
2019-06-15 11:39:16,442 INFO  server.RaftServerConfigKeys (ConfUtils.java:logGet(43)) - raft.server.log.segment.cache.num.max = 2 (custom)
2019-06-15 11:39:16,442 INFO  storage.RaftLogWorker (RaftLogWorker.java:<init>(123)) - new 783ed540-c5a7-4895-9367-21c2ba5e72ca-RaftLogWorker for Storage Directory /opt/src/hadoop-ozone/integration-test/target/test-dir/MiniOzoneClusterImpl-c4262e08-81c7-41a6-99ed-aaea2a2c6044/datanode-5/data/ratis/be75f6d3-1843-42dc-94f9-957cb29032cf
2019-06-15 11:39:16,442 INFO  server.RaftServerConfigKeys (ConfUtils.java:logGet(43)) - raft.server.log.queue.byte-limit = 2147483647 (custom)
2019-06-15 11:39:16,442 INFO  server.RaftServerConfigKeys (ConfUtils.java:logGet(43)) - raft.server.log.queue.element-limit = 1024 (custom)
2019-06-15 11:39:16,443 INFO  server.RaftServerConfigKeys (ConfUtils.java:logGet(43)) - raft.server.log.segment.size.max = 16384 (custom)
2019-06-15 11:39:16,443 INFO  server.RaftServerConfigKeys (ConfUtils.java:logGet(43)) - raft.server.log.preallocated.size = 16384 (custom)
2019-06-15 11:39:16,443 INFO  server.RaftServerConfigKeys (ConfUtils.java:logGet(43)) - raft.server.log.write.buffer.size = 33554432 (custom)
2019-06-15 11:39:16,443 INFO  server.RaftServerConfigKeys (ConfUtils.java:logGet(43)) - raft.server.log.force.sync.num = 128 (default)
2019-06-15 11:39:16,443 INFO  server.RaftServerConfigKeys (ConfUtils.java:logGet(43)) - raft.server.log.statemachine.data.sync = true (default)
2019-06-15 11:39:16,443 INFO  server.RaftServerConfigKeys (ConfUtils.java:logGet(43)) - raft.server.log.statemachine.data.sync.timeout = 10s (default)
2019-06-15 11:39:16,443 INFO  server.RaftServerConfigKeys (ConfUtils.java:logGet(43)) - raft.server.log.statemachine.data.sync.timeout.retry = -1 (default)
2019-06-15 11:39:16,443 INFO  server.RaftServerConfigKeys (ConfUtils.java:logGet(43)) - raft.server.log.statemachine.data.caching.enabled = true (custom)
2019-06-15 11:39:16,445 INFO  server.RaftServerConfigKeys (ConfUtils.java:logGet(43)) - raft.server.snapshot.auto.trigger.enabled = true (custom)
2019-06-15 11:39:16,445 INFO  server.RaftServerConfigKeys (ConfUtils.java:logGet(43)) - raft.server.snapshot.auto.trigger.threshold = 10000 (custom)
2019-06-15 11:39:16,445 INFO  server.RaftServerConfigKeys (ConfUtils.java:logGet(43)) - raft.server.retrycache.expirytime = 600000ms (custom)
2019-06-15 11:39:16,446 INFO  impl.RaftServerImpl (RaftServerImpl.java:start(173)) - 783ed540-c5a7-4895-9367-21c2ba5e72ca: start group-957CB29032CF
2019-06-15 11:39:16,446 INFO  impl.RaftServerImpl (RaftServerImpl.java:setRole(164)) - 783ed540-c5a7-4895-9367-21c2ba5e72ca:group-957CB29032CF changes role from null to FOLLOWER at term 0 for startAsFollower
2019-06-15 11:39:16,446 INFO  impl.RoleInfo (RoleInfo.java:updateAndGet(143)) - 783ed540-c5a7-4895-9367-21c2ba5e72ca: start FollowerState
2019-06-15 11:39:16,446 INFO  util.JmxRegister (JmxRegister.java:tryRegister(44)) - Successfully registered JMX Bean with object name Ratis:service=RaftServer,group=group-957CB29032CF,id=783ed540-c5a7-4895-9367-21c2ba5e72ca
2019-06-15 11:39:16,452 INFO  pipeline.PipelineStateManager (PipelineStateManager.java:addPipeline(56)) - Created pipeline Pipeline[ Id: be75f6d3-1843-42dc-94f9-957cb29032cf, Nodes: 06c7e780-bebb-423e-95f8-3db357746a48{ip: 192.168.46.18, host: ozone-unit-076618677d3-cbxt7-549503878, networkLocation: /default-rack, certSerialId: null}783ed540-c5a7-4895-9367-21c2ba5e72ca{ip: 192.168.46.18, host: ozone-unit-076618677d3-cbxt7-549503878, networkLocation: /default-rack, certSerialId: null}1560cee3-48bb-46f5-a7e6-688f766c76a7{ip: 192.168.46.18, host: ozone-unit-076618677d3-cbxt7-549503878, networkLocation: /default-rack, certSerialId: null}, Type:RATIS, Factor:THREE, State:OPEN]
2019-06-15 11:39:16,724 INFO  impl.FollowerState (FollowerState.java:run(101)) - 47cadb62-a78c-4412-a0a6-277d879ab913:group-2DD8B71600F0 changes to CANDIDATE, lastRpcTime:1032, electionTimeout:1032ms
2019-06-15 11:39:16,725 INFO  impl.RoleInfo (RoleInfo.java:shutdownFollowerState(121)) - 47cadb62-a78c-4412-a0a6-277d879ab913: shutdown FollowerState
2019-06-15 11:39:16,725 INFO  impl.RaftServerImpl (RaftServerImpl.java:setRole(164)) - 47cadb62-a78c-4412-a0a6-277d879ab913:group-2DD8B71600F0 changes role from FOLLOWER to CANDIDATE at term 0 for changeToCandidate
2019-06-15 11:39:16,726 INFO  impl.RoleInfo (RoleInfo.java:updateAndGet(143)) - 47cadb62-a78c-4412-a0a6-277d879ab913: start LeaderElection
2019-06-15 11:39:16,732 INFO  impl.LeaderElection (LeaderElection.java:askForVotes(181)) - 47cadb62-a78c-4412-a0a6-277d879ab913:group-2DD8B71600F0:LeaderElection1: begin an election at term 1 for -1: [47cadb62-a78c-4412-a0a6-277d879ab913:192.168.46.18:42179], old=null
2019-06-15 11:39:16,734 INFO  impl.RoleInfo (RoleInfo.java:shutdownLeaderElection(134)) - 47cadb62-a78c-4412-a0a6-277d879ab913: shutdown LeaderElection
2019-06-15 11:39:16,734 INFO  impl.RaftServerImpl (RaftServerImpl.java:setRole(164)) - 47cadb62-a78c-4412-a0a6-277d879ab913:group-2DD8B71600F0 changes role from CANDIDATE to LEADER at term 1 for changeToLeader
2019-06-15 11:39:16,735 INFO  impl.RaftServerImpl (ServerState.java:setLeader(263)) - 47cadb62-a78c-4412-a0a6-277d879ab913:group-2DD8B71600F0 change Leader from null to 47cadb62-a78c-4412-a0a6-277d879ab913 at term 1 for becomeLeader, leader elected after 1089ms
2019-06-15 11:39:16,738 INFO  server.RaftServerConfigKeys (ConfUtils.java:logGet(43)) - raft.server.staging.catchup.gap = 1000 (default)
2019-06-15 11:39:16,739 INFO  server.RaftServerConfigKeys (ConfUtils.java:logGet(43)) - raft.server.rpc.sleep.time = 25ms (default)
2019-06-15 11:39:16,741 INFO  server.RaftServerConfigKeys (ConfUtils.java:logGet(43)) - raft.server.watch.timeout = 10s (default)
2019-06-15 11:39:16,741 INFO  server.RaftServerConfigKeys (ConfUtils.java:logGet(43)) - raft.server.watch.timeout.denomination = 1s (default)
2019-06-15 11:39:16,746 INFO  impl.RoleInfo (RoleInfo.java:updateAndGet(143)) - 47cadb62-a78c-4412-a0a6-277d879ab913: start LeaderState
2019-06-15 11:39:16,760 INFO  storage.RaftLogWorker (RaftLogWorker.java:startLogSegment(298)) - 47cadb62-a78c-4412-a0a6-277d879ab913-RaftLogWorker: Starting segment from index:0
2019-06-15 11:39:16,766 INFO  impl.RaftServerImpl (ServerState.java:setRaftConf(361)) - 47cadb62-a78c-4412-a0a6-277d879ab913:group-2DD8B71600F0 set configuration 0: [47cadb62-a78c-4412-a0a6-277d879ab913:192.168.46.18:42179], old=null at 0
2019-06-15 11:39:16,863 INFO  impl.FollowerState (FollowerState.java:run(101)) - 1560cee3-48bb-46f5-a7e6-688f766c76a7:group-FE722028B182 changes to CANDIDATE, lastRpcTime:1032, electionTimeout:1032ms
2019-06-15 11:39:16,883 INFO  impl.RoleInfo (RoleInfo.java:shutdownFollowerState(121)) - 1560cee3-48bb-46f5-a7e6-688f766c76a7: shutdown FollowerState
2019-06-15 11:39:16,883 INFO  impl.RaftServerImpl (RaftServerImpl.java:setRole(164)) - 1560cee3-48bb-46f5-a7e6-688f766c76a7:group-FE722028B182 changes role from FOLLOWER to CANDIDATE at term 0 for changeToCandidate
2019-06-15 11:39:16,883 INFO  impl.RoleInfo (RoleInfo.java:updateAndGet(143)) - 1560cee3-48bb-46f5-a7e6-688f766c76a7: start LeaderElection
2019-06-15 11:39:16,901 INFO  impl.FollowerState (FollowerState.java:run(101)) - c02ab114-188e-4488-808f-12d244b07ab8:group-E89DFCB9F1AC changes to CANDIDATE, lastRpcTime:1022, electionTimeout:1006ms
2019-06-15 11:39:16,901 INFO  impl.RoleInfo (RoleInfo.java:shutdownFollowerState(121)) - c02ab114-188e-4488-808f-12d244b07ab8: shutdown FollowerState
2019-06-15 11:39:16,903 INFO  impl.RaftServerImpl (RaftServerImpl.java:setRole(164)) - c02ab114-188e-4488-808f-12d244b07ab8:group-E89DFCB9F1AC changes role from FOLLOWER to CANDIDATE at term 0 for changeToCandidate
2019-06-15 11:39:16,903 INFO  impl.RoleInfo (RoleInfo.java:updateAndGet(143)) - c02ab114-188e-4488-808f-12d244b07ab8: start LeaderElection
2019-06-15 11:39:16,907 INFO  impl.LeaderElection (LeaderElection.java:askForVotes(181)) - 1560cee3-48bb-46f5-a7e6-688f766c76a7:group-FE722028B182:LeaderElection2: begin an election at term 1 for -1: [1560cee3-48bb-46f5-a7e6-688f766c76a7:192.168.46.18:33821], old=null
2019-06-15 11:39:16,908 INFO  impl.RoleInfo (RoleInfo.java:shutdownLeaderElection(134)) - 1560cee3-48bb-46f5-a7e6-688f766c76a7: shutdown LeaderElection
2019-06-15 11:39:16,908 INFO  impl.RaftServerImpl (RaftServerImpl.java:setRole(164)) - 1560cee3-48bb-46f5-a7e6-688f766c76a7:group-FE722028B182 changes role from CANDIDATE to LEADER at term 1 for changeToLeader
2019-06-15 11:39:16,908 INFO  impl.RaftServerImpl (ServerState.java:setLeader(263)) - 1560cee3-48bb-46f5-a7e6-688f766c76a7:group-FE722028B182 change Leader from null to 1560cee3-48bb-46f5-a7e6-688f766c76a7 at term 1 for becomeLeader, leader elected after 1079ms
2019-06-15 11:39:16,909 INFO  server.RaftServerConfigKeys (ConfUtils.java:logGet(43)) - raft.server.staging.catchup.gap = 1000 (default)
2019-06-15 11:39:16,909 INFO  server.RaftServerConfigKeys (ConfUtils.java:logGet(43)) - raft.server.rpc.sleep.time = 25ms (default)
2019-06-15 11:39:16,909 INFO  server.RaftServerConfigKeys (ConfUtils.java:logGet(43)) - raft.server.watch.timeout = 10s (default)
2019-06-15 11:39:16,910 INFO  server.RaftServerConfigKeys (ConfUtils.java:logGet(43)) - raft.server.watch.timeout.denomination = 1s (default)
2019-06-15 11:39:16,910 INFO  impl.LeaderElection (LeaderElection.java:askForVotes(181)) - c02ab114-188e-4488-808f-12d244b07ab8:group-E89DFCB9F1AC:LeaderElection3: begin an election at term 1 for -1: [c02ab114-188e-4488-808f-12d244b07ab8:192.168.46.18:35367], old=null
2019-06-15 11:39:16,910 INFO  impl.RoleInfo (RoleInfo.java:updateAndGet(143)) - 1560cee3-48bb-46f5-a7e6-688f766c76a7: start LeaderState
2019-06-15 11:39:16,910 INFO  impl.RoleInfo (RoleInfo.java:shutdownLeaderElection(134)) - c02ab114-188e-4488-808f-12d244b07ab8: shutdown LeaderElection
2019-06-15 11:39:16,910 INFO  impl.RaftServerImpl (RaftServerImpl.java:setRole(164)) - c02ab114-188e-4488-808f-12d244b07ab8:group-E89DFCB9F1AC changes role from CANDIDATE to LEADER at term 1 for changeToLeader
2019-06-15 11:39:16,910 INFO  storage.RaftLogWorker (RaftLogWorker.java:startLogSegment(298)) - 1560cee3-48bb-46f5-a7e6-688f766c76a7-RaftLogWorker: Starting segment from index:0
2019-06-15 11:39:16,910 INFO  impl.RaftServerImpl (ServerState.java:setLeader(263)) - c02ab114-188e-4488-808f-12d244b07ab8:group-E89DFCB9F1AC change Leader from null to c02ab114-188e-4488-808f-12d244b07ab8 at term 1 for becomeLeader, leader elected after 1033ms
2019-06-15 11:39:16,911 INFO  server.RaftServerConfigKeys (ConfUtils.java:logGet(43)) - raft.server.staging.catchup.gap = 1000 (default)
2019-06-15 11:39:16,911 INFO  server.RaftServerConfigKeys (ConfUtils.java:logGet(43)) - raft.server.rpc.sleep.time = 25ms (default)
2019-06-15 11:39:16,911 INFO  server.RaftServerConfigKeys (ConfUtils.java:logGet(43)) - raft.server.watch.timeout = 10s (default)
2019-06-15 11:39:16,912 INFO  server.RaftServerConfigKeys (ConfUtils.java:logGet(43)) - raft.server.watch.timeout.denomination = 1s (default)
2019-06-15 11:39:16,912 INFO  impl.RoleInfo (RoleInfo.java:updateAndGet(143)) - c02ab114-188e-4488-808f-12d244b07ab8: start LeaderState
2019-06-15 11:39:16,912 INFO  storage.RaftLogWorker (RaftLogWorker.java:startLogSegment(298)) - c02ab114-188e-4488-808f-12d244b07ab8-RaftLogWorker: Starting segment from index:0
2019-06-15 11:39:16,912 INFO  impl.FollowerState (FollowerState.java:run(101)) - 1d2bc7de-dbc4-472e-8273-c7db690f5e0e:group-7FF966CE328D changes to CANDIDATE, lastRpcTime:1144, electionTimeout:1143ms
2019-06-15 11:39:16,912 INFO  impl.RoleInfo (RoleInfo.java:shutdownFollowerState(121)) - 1d2bc7de-dbc4-472e-8273-c7db690f5e0e: shutdown FollowerState
2019-06-15 11:39:16,912 INFO  impl.RaftServerImpl (RaftServerImpl.java:setRole(164)) - 1d2bc7de-dbc4-472e-8273-c7db690f5e0e:group-7FF966CE328D changes role from FOLLOWER to CANDIDATE at term 0 for changeToCandidate
2019-06-15 11:39:16,912 INFO  storage.RaftLogWorker (RaftLogWorker.java:execute(469)) - 47cadb62-a78c-4412-a0a6-277d879ab913-RaftLogWorker: created new log segment /opt/src/hadoop-ozone/integration-test/target/test-dir/MiniOzoneClusterImpl-c4262e08-81c7-41a6-99ed-aaea2a2c6044/datanode-0/data/ratis/2de37151-ddc3-4ce0-a67c-2dd8b71600f0/current/log_inprogress_0
2019-06-15 11:39:16,913 INFO  impl.RaftServerImpl (ServerState.java:setRaftConf(361)) - 1560cee3-48bb-46f5-a7e6-688f766c76a7:group-FE722028B182 set configuration 0: [1560cee3-48bb-46f5-a7e6-688f766c76a7:192.168.46.18:33821], old=null at 0
2019-06-15 11:39:16,935 INFO  impl.RoleInfo (RoleInfo.java:updateAndGet(143)) - 1d2bc7de-dbc4-472e-8273-c7db690f5e0e: start LeaderElection
2019-06-15 11:39:16,935 INFO  impl.RaftServerImpl (ServerState.java:setRaftConf(361)) - c02ab114-188e-4488-808f-12d244b07ab8:group-E89DFCB9F1AC set configuration 0: [c02ab114-188e-4488-808f-12d244b07ab8:192.168.46.18:35367], old=null at 0
2019-06-15 11:39:16,961 INFO  storage.RaftLogWorker (RaftLogWorker.java:execute(469)) - c02ab114-188e-4488-808f-12d244b07ab8-RaftLogWorker: created new log segment /opt/src/hadoop-ozone/integration-test/target/test-dir/MiniOzoneClusterImpl-c4262e08-81c7-41a6-99ed-aaea2a2c6044/datanode-3/data/ratis/906d2ae4-1541-4e12-adc8-e89dfcb9f1ac/current/log_inprogress_0
2019-06-15 11:39:16,962 INFO  storage.RaftLogWorker (RaftLogWorker.java:execute(469)) - 1560cee3-48bb-46f5-a7e6-688f766c76a7-RaftLogWorker: created new log segment /opt/src/hadoop-ozone/integration-test/target/test-dir/MiniOzoneClusterImpl-c4262e08-81c7-41a6-99ed-aaea2a2c6044/datanode-1/data/ratis/e2faf5d7-6a49-4e81-9835-fe722028b182/current/log_inprogress_0
2019-06-15 11:39:16,963 INFO  impl.LeaderElection (LeaderElection.java:askForVotes(181)) - 1d2bc7de-dbc4-472e-8273-c7db690f5e0e:group-7FF966CE328D:LeaderElection4: begin an election at term 1 for -1: [1d2bc7de-dbc4-472e-8273-c7db690f5e0e:192.168.46.18:34821], old=null
2019-06-15 11:39:16,964 INFO  impl.RoleInfo (RoleInfo.java:shutdownLeaderElection(134)) - 1d2bc7de-dbc4-472e-8273-c7db690f5e0e: shutdown LeaderElection
2019-06-15 11:39:16,964 INFO  impl.RaftServerImpl (RaftServerImpl.java:setRole(164)) - 1d2bc7de-dbc4-472e-8273-c7db690f5e0e:group-7FF966CE328D changes role from CANDIDATE to LEADER at term 1 for changeToLeader
2019-06-15 11:39:16,964 INFO  impl.RaftServerImpl (ServerState.java:setLeader(263)) - 1d2bc7de-dbc4-472e-8273-c7db690f5e0e:group-7FF966CE328D change Leader from null to 1d2bc7de-dbc4-472e-8273-c7db690f5e0e at term 1 for becomeLeader, leader elected after 1200ms
2019-06-15 11:39:16,965 INFO  server.RaftServerConfigKeys (ConfUtils.java:logGet(43)) - raft.server.staging.catchup.gap = 1000 (default)
2019-06-15 11:39:16,965 INFO  server.RaftServerConfigKeys (ConfUtils.java:logGet(43)) - raft.server.rpc.sleep.time = 25ms (default)
2019-06-15 11:39:16,965 INFO  server.RaftServerConfigKeys (ConfUtils.java:logGet(43)) - raft.server.watch.timeout = 10s (default)
2019-06-15 11:39:16,965 INFO  server.RaftServerConfigKeys (ConfUtils.java:logGet(43)) - raft.server.watch.timeout.denomination = 1s (default)
2019-06-15 11:39:16,966 INFO  impl.RoleInfo (RoleInfo.java:updateAndGet(143)) - 1d2bc7de-dbc4-472e-8273-c7db690f5e0e: start LeaderState
2019-06-15 11:39:16,966 INFO  storage.RaftLogWorker (RaftLogWorker.java:startLogSegment(298)) - 1d2bc7de-dbc4-472e-8273-c7db690f5e0e-RaftLogWorker: Starting segment from index:0
2019-06-15 11:39:16,968 INFO  impl.RaftServerImpl (ServerState.java:setRaftConf(361)) - 1d2bc7de-dbc4-472e-8273-c7db690f5e0e:group-7FF966CE328D set configuration 0: [1d2bc7de-dbc4-472e-8273-c7db690f5e0e:192.168.46.18:34821], old=null at 0
2019-06-15 11:39:17,009 INFO  storage.RaftLogWorker (RaftLogWorker.java:execute(469)) - 1d2bc7de-dbc4-472e-8273-c7db690f5e0e-RaftLogWorker: created new log segment /opt/src/hadoop-ozone/integration-test/target/test-dir/MiniOzoneClusterImpl-c4262e08-81c7-41a6-99ed-aaea2a2c6044/datanode-2/data/ratis/233c1b75-2e3a-4295-9ea1-7ff966ce328d/current/log_inprogress_0
2019-06-15 11:39:17,042 INFO  impl.FollowerState (FollowerState.java:run(101)) - c02ab114-188e-4488-808f-12d244b07ab8:group-FF63EA6D59D9 changes to CANDIDATE, lastRpcTime:1100, electionTimeout:1100ms
2019-06-15 11:39:17,042 INFO  impl.RoleInfo (RoleInfo.java:shutdownFollowerState(121)) - c02ab114-188e-4488-808f-12d244b07ab8: shutdown FollowerState
2019-06-15 11:39:17,042 INFO  impl.RaftServerImpl (RaftServerImpl.java:setRole(164)) - c02ab114-188e-4488-808f-12d244b07ab8:group-FF63EA6D59D9 changes role from FOLLOWER to CANDIDATE at term 0 for changeToCandidate
2019-06-15 11:39:17,042 INFO  impl.RoleInfo (RoleInfo.java:updateAndGet(143)) - c02ab114-188e-4488-808f-12d244b07ab8: start LeaderElection
2019-06-15 11:39:17,047 INFO  impl.LeaderElection (LeaderElection.java:askForVotes(181)) - c02ab114-188e-4488-808f-12d244b07ab8:group-FF63EA6D59D9:LeaderElection5: begin an election at term 1 for -1: [c02ab114-188e-4488-808f-12d244b07ab8:192.168.46.18:35367, 47cadb62-a78c-4412-a0a6-277d879ab913:192.168.46.18:42179, 1d2bc7de-dbc4-472e-8273-c7db690f5e0e:192.168.46.18:34821], old=null
2019-06-15 11:39:17,074 INFO  impl.RaftServerImpl (RaftServerImpl.java:setRole(164)) - 1d2bc7de-dbc4-472e-8273-c7db690f5e0e:group-FF63EA6D59D9 changes role from FOLLOWER to FOLLOWER at term 1 for recognizeCandidate:c02ab114-188e-4488-808f-12d244b07ab8
2019-06-15 11:39:17,074 INFO  impl.RaftServerImpl (RaftServerImpl.java:setRole(164)) - 47cadb62-a78c-4412-a0a6-277d879ab913:group-FF63EA6D59D9 changes role from FOLLOWER to FOLLOWER at term 1 for recognizeCandidate:c02ab114-188e-4488-808f-12d244b07ab8
2019-06-15 11:39:17,074 INFO  impl.RoleInfo (RoleInfo.java:shutdownFollowerState(121)) - 1d2bc7de-dbc4-472e-8273-c7db690f5e0e: shutdown FollowerState
2019-06-15 11:39:17,074 INFO  impl.RoleInfo (RoleInfo.java:shutdownFollowerState(121)) - 47cadb62-a78c-4412-a0a6-277d879ab913: shutdown FollowerState
2019-06-15 11:39:17,074 INFO  impl.FollowerState (FollowerState.java:run(109)) - 1d2bc7de-dbc4-472e-8273-c7db690f5e0e: FollowerState was interrupted: java.lang.InterruptedException: sleep interrupted
2019-06-15 11:39:17,074 INFO  impl.FollowerState (FollowerState.java:run(109)) - 47cadb62-a78c-4412-a0a6-277d879ab913: FollowerState was interrupted: java.lang.InterruptedException: sleep interrupted
2019-06-15 11:39:17,074 INFO  impl.RoleInfo (RoleInfo.java:updateAndGet(143)) - 1d2bc7de-dbc4-472e-8273-c7db690f5e0e: start FollowerState
2019-06-15 11:39:17,074 INFO  impl.RoleInfo (RoleInfo.java:updateAndGet(143)) - 47cadb62-a78c-4412-a0a6-277d879ab913: start FollowerState
2019-06-15 11:39:17,093 INFO  impl.LeaderElection (LeaderElection.java:logAndReturn(56)) - c02ab114-188e-4488-808f-12d244b07ab8:group-FF63EA6D59D9:LeaderElection5: Election PASSED; received 1 response(s) [c02ab114-188e-4488-808f-12d244b07ab8->47cadb62-a78c-4412-a0a6-277d879ab913,true-t1] and 0 exception(s); c02ab114-188e-4488-808f-12d244b07ab8:t1, leader=null, voted=c02ab114-188e-4488-808f-12d244b07ab8, raftlog=c02ab114-188e-4488-808f-12d244b07ab8-SegmentedRaftLog:OPENED:c-1,f-1,i0, conf=-1: [c02ab114-188e-4488-808f-12d244b07ab8:192.168.46.18:35367, 47cadb62-a78c-4412-a0a6-277d879ab913:192.168.46.18:42179, 1d2bc7de-dbc4-472e-8273-c7db690f5e0e:192.168.46.18:34821], old=null
2019-06-15 11:39:17,093 INFO  impl.RoleInfo (RoleInfo.java:shutdownLeaderElection(134)) - c02ab114-188e-4488-808f-12d244b07ab8: shutdown LeaderElection
2019-06-15 11:39:17,093 INFO  impl.RaftServerImpl (RaftServerImpl.java:setRole(164)) - c02ab114-188e-4488-808f-12d244b07ab8:group-FF63EA6D59D9 changes role from CANDIDATE to LEADER at term 1 for changeToLeader
2019-06-15 11:39:17,094 INFO  impl.RaftServerImpl (ServerState.java:setLeader(263)) - c02ab114-188e-4488-808f-12d244b07ab8:group-FF63EA6D59D9 change Leader from null to c02ab114-188e-4488-808f-12d244b07ab8 at term 1 for becomeLeader, leader elected after 1158ms
2019-06-15 11:39:17,094 INFO  server.RaftServerConfigKeys (ConfUtils.java:logGet(43)) - raft.server.staging.catchup.gap = 1000 (default)
2019-06-15 11:39:17,094 INFO  server.RaftServerConfigKeys (ConfUtils.java:logGet(43)) - raft.server.rpc.sleep.time = 25ms (default)
2019-06-15 11:39:17,095 INFO  server.RaftServerConfigKeys (ConfUtils.java:logGet(43)) - raft.server.watch.timeout = 10s (default)
2019-06-15 11:39:17,095 INFO  server.RaftServerConfigKeys (ConfUtils.java:logGet(43)) - raft.server.watch.timeout.denomination = 1s (default)
2019-06-15 11:39:17,096 INFO  server.RaftServerConfigKeys (ConfUtils.java:logGet(43)) - raft.server.log.appender.snapshot.chunk.size.max = 16MB (=16777216) (default)
2019-06-15 11:39:17,097 INFO  server.RaftServerConfigKeys (ConfUtils.java:logGet(43)) - raft.server.log.appender.buffer.byte-limit = 33554432 (custom)
2019-06-15 11:39:17,097 INFO  server.RaftServerConfigKeys (ConfUtils.java:logGet(43)) - raft.server.log.appender.buffer.element-limit = 1 (custom)
2019-06-15 11:39:17,098 INFO  grpc.GrpcConfigKeys$Server (ConfUtils.java:logGet(43)) - raft.grpc.server.leader.outstanding.appends.max = 128 (default)
2019-06-15 11:39:17,098 INFO  server.RaftServerConfigKeys (ConfUtils.java:logGet(43)) - raft.server.rpc.request.timeout = 3000ms (default)
2019-06-15 11:39:17,098 INFO  server.RaftServerConfigKeys (ConfUtils.java:logGet(43)) - raft.server.log.appender.install.snapshot.enabled = true (default)
2019-06-15 11:39:17,098 INFO  server.RaftServerConfigKeys (ConfUtils.java:logGet(43)) - raft.server.log.appender.snapshot.chunk.size.max = 16MB (=16777216) (default)
2019-06-15 11:39:17,099 INFO  server.RaftServerConfigKeys (ConfUtils.java:logGet(43)) - raft.server.log.appender.buffer.byte-limit = 33554432 (custom)
2019-06-15 11:39:17,099 INFO  server.RaftServerConfigKeys (ConfUtils.java:logGet(43)) - raft.server.log.appender.buffer.element-limit = 1 (custom)
2019-06-15 11:39:17,099 INFO  grpc.GrpcConfigKeys$Server (ConfUtils.java:logGet(43)) - raft.grpc.server.leader.outstanding.appends.max = 128 (default)
2019-06-15 11:39:17,099 INFO  server.RaftServerConfigKeys (ConfUtils.java:logGet(43)) - raft.server.rpc.request.timeout = 3000ms (default)
2019-06-15 11:39:17,099 INFO  server.RaftServerConfigKeys (ConfUtils.java:logGet(43)) - raft.server.log.appender.install.snapshot.enabled = true (default)
2019-06-15 11:39:17,099 INFO  impl.RoleInfo (RoleInfo.java:updateAndGet(143)) - c02ab114-188e-4488-808f-12d244b07ab8: start LeaderState
2019-06-15 11:39:17,099 INFO  storage.RaftLogWorker (RaftLogWorker.java:startLogSegment(298)) - c02ab114-188e-4488-808f-12d244b07ab8-RaftLogWorker: Starting segment from index:0
2019-06-15 11:39:17,120 INFO  impl.RaftServerImpl (ServerState.java:setLeader(263)) - 47cadb62-a78c-4412-a0a6-277d879ab913:group-FF63EA6D59D9 change Leader from null to c02ab114-188e-4488-808f-12d244b07ab8 at term 1 for appendEntries, leader elected after 1184ms
2019-06-15 11:39:17,122 INFO  impl.RaftServerImpl (ServerState.java:setRaftConf(361)) - c02ab114-188e-4488-808f-12d244b07ab8:group-FF63EA6D59D9 set configuration 0: [c02ab114-188e-4488-808f-12d244b07ab8:192.168.46.18:35367, 47cadb62-a78c-4412-a0a6-277d879ab913:192.168.46.18:42179, 1d2bc7de-dbc4-472e-8273-c7db690f5e0e:192.168.46.18:34821], old=null at 0
2019-06-15 11:39:17,141 INFO  impl.RaftServerImpl (ServerState.java:setLeader(263)) - 1d2bc7de-dbc4-472e-8273-c7db690f5e0e:group-FF63EA6D59D9 change Leader from null to c02ab114-188e-4488-808f-12d244b07ab8 at term 1 for appendEntries, leader elected after 1205ms
2019-06-15 11:39:17,143 INFO  storage.RaftLogWorker (RaftLogWorker.java:execute(469)) - c02ab114-188e-4488-808f-12d244b07ab8-RaftLogWorker: created new log segment /opt/src/hadoop-ozone/integration-test/target/test-dir/MiniOzoneClusterImpl-c4262e08-81c7-41a6-99ed-aaea2a2c6044/datanode-3/data/ratis/4cfa54fb-abeb-4fab-87df-ff63ea6d59d9/current/log_inprogress_0
2019-06-15 11:39:17,160 INFO  impl.RaftServerImpl (ServerState.java:setRaftConf(361)) - 47cadb62-a78c-4412-a0a6-277d879ab913:group-FF63EA6D59D9 set configuration 0: [c02ab114-188e-4488-808f-12d244b07ab8:192.168.46.18:35367, 47cadb62-a78c-4412-a0a6-277d879ab913:192.168.46.18:42179, 1d2bc7de-dbc4-472e-8273-c7db690f5e0e:192.168.46.18:34821], old=null at 0
2019-06-15 11:39:17,161 INFO  storage.RaftLogWorker (RaftLogWorker.java:startLogSegment(298)) - 47cadb62-a78c-4412-a0a6-277d879ab913-RaftLogWorker: Starting segment from index:0
2019-06-15 11:39:17,162 INFO  impl.RaftServerImpl (ServerState.java:setRaftConf(361)) - 1d2bc7de-dbc4-472e-8273-c7db690f5e0e:group-FF63EA6D59D9 set configuration 0: [c02ab114-188e-4488-808f-12d244b07ab8:192.168.46.18:35367, 47cadb62-a78c-4412-a0a6-277d879ab913:192.168.46.18:42179, 1d2bc7de-dbc4-472e-8273-c7db690f5e0e:192.168.46.18:34821], old=null at 0
2019-06-15 11:39:17,162 INFO  storage.RaftLogWorker (RaftLogWorker.java:startLogSegment(298)) - 1d2bc7de-dbc4-472e-8273-c7db690f5e0e-RaftLogWorker: Starting segment from index:0
2019-06-15 11:39:17,200 INFO  storage.RaftLogWorker (RaftLogWorker.java:execute(469)) - 47cadb62-a78c-4412-a0a6-277d879ab913-RaftLogWorker: created new log segment /opt/src/hadoop-ozone/integration-test/target/test-dir/MiniOzoneClusterImpl-c4262e08-81c7-41a6-99ed-aaea2a2c6044/datanode-0/data/ratis/4cfa54fb-abeb-4fab-87df-ff63ea6d59d9/current/log_inprogress_0
2019-06-15 11:39:17,204 INFO  storage.RaftLogWorker (RaftLogWorker.java:execute(469)) - 1d2bc7de-dbc4-472e-8273-c7db690f5e0e-RaftLogWorker: created new log segment /opt/src/hadoop-ozone/integration-test/target/test-dir/MiniOzoneClusterImpl-c4262e08-81c7-41a6-99ed-aaea2a2c6044/datanode-2/data/ratis/4cfa54fb-abeb-4fab-87df-ff63ea6d59d9/current/log_inprogress_0
2019-06-15 11:39:17,220 INFO  impl.FollowerState (FollowerState.java:run(101)) - 06c7e780-bebb-423e-95f8-3db357746a48:group-0F38BA23ED3D changes to CANDIDATE, lastRpcTime:1107, electionTimeout:1107ms
2019-06-15 11:39:17,220 INFO  impl.RoleInfo (RoleInfo.java:shutdownFollowerState(121)) - 06c7e780-bebb-423e-95f8-3db357746a48: shutdown FollowerState
2019-06-15 11:39:17,220 INFO  impl.RaftServerImpl (RaftServerImpl.java:setRole(164)) - 06c7e780-bebb-423e-95f8-3db357746a48:group-0F38BA23ED3D changes role from FOLLOWER to CANDIDATE at term 0 for changeToCandidate
2019-06-15 11:39:17,220 INFO  impl.RoleInfo (RoleInfo.java:updateAndGet(143)) - 06c7e780-bebb-423e-95f8-3db357746a48: start LeaderElection
2019-06-15 11:39:17,226 INFO  impl.LeaderElection (LeaderElection.java:askForVotes(181)) - 06c7e780-bebb-423e-95f8-3db357746a48:group-0F38BA23ED3D:LeaderElection6: begin an election at term 1 for -1: [06c7e780-bebb-423e-95f8-3db357746a48:192.168.46.18:46701], old=null
2019-06-15 11:39:17,226 INFO  impl.RoleInfo (RoleInfo.java:shutdownLeaderElection(134)) - 06c7e780-bebb-423e-95f8-3db357746a48: shutdown LeaderElection
2019-06-15 11:39:17,227 INFO  impl.RaftServerImpl (RaftServerImpl.java:setRole(164)) - 06c7e780-bebb-423e-95f8-3db357746a48:group-0F38BA23ED3D changes role from CANDIDATE to LEADER at term 1 for changeToLeader
2019-06-15 11:39:17,227 INFO  impl.RaftServerImpl (ServerState.java:setLeader(263)) - 06c7e780-bebb-423e-95f8-3db357746a48:group-0F38BA23ED3D change Leader from null to 06c7e780-bebb-423e-95f8-3db357746a48 at term 1 for becomeLeader, leader elected after 1116ms
2019-06-15 11:39:17,228 INFO  server.RaftServerConfigKeys (ConfUtils.java:logGet(43)) - raft.server.staging.catchup.gap = 1000 (default)
2019-06-15 11:39:17,228 INFO  server.RaftServerConfigKeys (ConfUtils.java:logGet(43)) - raft.server.rpc.sleep.time = 25ms (default)
2019-06-15 11:39:17,228 INFO  server.RaftServerConfigKeys (ConfUtils.java:logGet(43)) - raft.server.watch.timeout = 10s (default)
2019-06-15 11:39:17,228 INFO  server.RaftServerConfigKeys (ConfUtils.java:logGet(43)) - raft.server.watch.timeout.denomination = 1s (default)
2019-06-15 11:39:17,228 INFO  impl.RoleInfo (RoleInfo.java:updateAndGet(143)) - 06c7e780-bebb-423e-95f8-3db357746a48: start LeaderState
2019-06-15 11:39:17,228 INFO  storage.RaftLogWorker (RaftLogWorker.java:startLogSegment(298)) - 06c7e780-bebb-423e-95f8-3db357746a48-RaftLogWorker: Starting segment from index:0
2019-06-15 11:39:17,230 INFO  impl.RaftServerImpl (ServerState.java:setRaftConf(361)) - 06c7e780-bebb-423e-95f8-3db357746a48:group-0F38BA23ED3D set configuration 0: [06c7e780-bebb-423e-95f8-3db357746a48:192.168.46.18:46701], old=null at 0
2019-06-15 11:39:17,266 INFO  storage.RaftLogWorker (RaftLogWorker.java:execute(469)) - 06c7e780-bebb-423e-95f8-3db357746a48-RaftLogWorker: created new log segment /opt/src/hadoop-ozone/integration-test/target/test-dir/MiniOzoneClusterImpl-c4262e08-81c7-41a6-99ed-aaea2a2c6044/datanode-4/data/ratis/56330cbd-6dd6-4d9c-8562-0f38ba23ed3d/current/log_inprogress_0
2019-06-15 11:39:17,365 INFO  ozone.MiniOzoneClusterImpl (MiniOzoneClusterImpl.java:lambda$waitForClusterToBeReady$0(142)) - Cluster is ready. Got 6 of 6 DN Heartbeats.
]]></system-out>
    <system-err><![CDATA[ERROR StatusLogger No Log4j 2 configuration file found. Using default configuration (logging only errors to the console), or user programmatically provided configurations. Set system property 'log4j2.debug' to show Log4j 2 internal initialization logging. See https://logging.apache.org/log4j/2.x/manual/configuration.html for instructions on how to configure Log4j 2
Jun 15, 2019 11:39:10 AM com.sun.jersey.server.impl.application.WebApplicationImpl _initiate
INFO: Initiating Jersey application, version 'Jersey: 1.19 02/11/2015 03:25 AM'
Jun 15, 2019 11:39:11 AM com.sun.jersey.server.impl.application.WebApplicationImpl _initiate
INFO: Initiating Jersey application, version 'Jersey: 1.19 02/11/2015 03:25 AM'
Jun 15, 2019 11:39:11 AM com.sun.jersey.server.impl.application.WebApplicationImpl _initiate
INFO: Initiating Jersey application, version 'Jersey: 1.19 02/11/2015 03:25 AM'
Jun 15, 2019 11:39:11 AM com.sun.jersey.server.impl.application.WebApplicationImpl _initiate
INFO: Initiating Jersey application, version 'Jersey: 1.19 02/11/2015 03:25 AM'
Jun 15, 2019 11:39:11 AM com.sun.jersey.server.impl.application.WebApplicationImpl _initiate
INFO: Initiating Jersey application, version 'Jersey: 1.19 02/11/2015 03:25 AM'
Jun 15, 2019 11:39:12 AM com.sun.jersey.server.impl.application.WebApplicationImpl _initiate
INFO: Initiating Jersey application, version 'Jersey: 1.19 02/11/2015 03:25 AM'
]]></system-err>
  </testcase>
</testsuite>