<?xml version="1.0" encoding="UTF-8"?>
<testsuite xmlns:xsi="http://www.w3.org/2001/XMLSchema-instance" xsi:noNamespaceSchemaLocation="https://maven.apache.org/surefire/maven-surefire-plugin/xsd/surefire-test-report.xsd" name="org.apache.hadoop.hdds.scm.pipeline.TestNodeFailure" time="33.771" tests="1" errors="0" skipped="1" failures="0">
  <properties>
    <property name="awt.toolkit" value="sun.awt.X11.XToolkit"/>
    <property name="file.encoding.pkg" value="sun.io"/>
    <property name="java.specification.version" value="1.8"/>
    <property name="sun.cpu.isalist" value=""/>
    <property name="sun.jnu.encoding" value="UTF-8"/>
    <property name="java.class.path" value="/opt/src/hadoop-ozone/integration-test/target/test-classes:/opt/src/hadoop-ozone/integration-test/target/classes:/root/.m2/repository/org/apache/hadoop/hadoop-ozone-common/0.5.0-SNAPSHOT/hadoop-ozone-common-0.5.0-SNAPSHOT.jar:/root/.m2/repository/org/apache/commons/commons-compress/1.4.1/commons-compress-1.4.1.jar:/root/.m2/repository/org/tukaani/xz/1.0/xz-1.0.jar:/root/.m2/repository/org/apache/hadoop/hadoop-common/3.2.0/hadoop-common-3.2.0.jar:/root/.m2/repository/org/apache/hadoop/hadoop-hdfs/3.2.0/hadoop-hdfs-3.2.0.jar:/root/.m2/repository/org/apache/hadoop/hadoop-hdfs-client/3.2.0/hadoop-hdfs-client-3.2.0.jar:/root/.m2/repository/com/fasterxml/jackson/core/jackson-annotations/2.9.5/jackson-annotations-2.9.5.jar:/root/.m2/repository/org/apache/hadoop/hadoop-hdds-common/0.5.0-SNAPSHOT/hadoop-hdds-common-0.5.0-SNAPSHOT.jar:/root/.m2/repository/javax/annotation/javax.annotation-api/1.2/javax.annotation-api-1.2.jar:/root/.m2/repository/org/apache/ratis/ratis-server/0.4.0-fe2b15d-SNAPSHOT/ratis-server-0.4.0-fe2b15d-SNAPSHOT.jar:/root/.m2/repository/org/apache/ratis/ratis-thirdparty-misc/0.2.0/ratis-thirdparty-misc-0.2.0.jar:/root/.m2/repository/org/apache/ratis/ratis-proto/0.4.0-fe2b15d-SNAPSHOT/ratis-proto-0.4.0-fe2b15d-SNAPSHOT.jar:/root/.m2/repository/org/apache/ratis/ratis-common/0.4.0-fe2b15d-SNAPSHOT/ratis-common-0.4.0-fe2b15d-SNAPSHOT.jar:/root/.m2/repository/org/apache/ratis/ratis-client/0.4.0-fe2b15d-SNAPSHOT/ratis-client-0.4.0-fe2b15d-SNAPSHOT.jar:/root/.m2/repository/org/apache/ratis/ratis-netty/0.4.0-fe2b15d-SNAPSHOT/ratis-netty-0.4.0-fe2b15d-SNAPSHOT.jar:/root/.m2/repository/org/apache/ratis/ratis-grpc/0.4.0-fe2b15d-SNAPSHOT/ratis-grpc-0.4.0-fe2b15d-SNAPSHOT.jar:/root/.m2/repository/org/rocksdb/rocksdbjni/5.14.2/rocksdbjni-5.14.2.jar:/root/.m2/repository/org/apache/logging/log4j/log4j-api/2.11.0/log4j-api-2.11.0.jar:/root/.m2/repository/org/apache/logging/log4j/log4j-core/2.11.0/log4j-core-2.11.0.jar:/root/.m2/repository/com/lmax/disruptor/3.4.2/disruptor-3.4.2.jar:/root/.m2/repository/org/apache/commons/commons-pool2/2.6.0/commons-pool2-2.6.0.jar:/root/.m2/repository/org/bouncycastle/bcpkix-jdk15on/1.60/bcpkix-jdk15on-1.60.jar:/root/.m2/repository/commons-validator/commons-validator/1.6/commons-validator-1.6.jar:/root/.m2/repository/commons-digester/commons-digester/1.8.1/commons-digester-1.8.1.jar:/root/.m2/repository/io/jaegertracing/jaeger-client/0.33.1/jaeger-client-0.33.1.jar:/root/.m2/repository/io/jaegertracing/jaeger-thrift/0.33.1/jaeger-thrift-0.33.1.jar:/root/.m2/repository/org/apache/thrift/libthrift/0.11.0/libthrift-0.11.0.jar:/root/.m2/repository/com/squareup/okhttp3/okhttp/3.9.0/okhttp-3.9.0.jar:/root/.m2/repository/com/squareup/okio/okio/1.13.0/okio-1.13.0.jar:/root/.m2/repository/io/jaegertracing/jaeger-core/0.33.1/jaeger-core-0.33.1.jar:/root/.m2/repository/io/jaegertracing/jaeger-tracerresolver/0.33.1/jaeger-tracerresolver-0.33.1.jar:/root/.m2/repository/io/opentracing/contrib/opentracing-tracerresolver/0.1.5/opentracing-tracerresolver-0.1.5.jar:/root/.m2/repository/io/opentracing/opentracing-util/0.31.0/opentracing-util-0.31.0.jar:/root/.m2/repository/io/opentracing/opentracing-api/0.31.0/opentracing-api-0.31.0.jar:/root/.m2/repository/io/opentracing/opentracing-noop/0.31.0/opentracing-noop-0.31.0.jar:/root/.m2/repository/org/apache/hadoop/hadoop-hdds-server-framework/0.5.0-SNAPSHOT/hadoop-hdds-server-framework-0.5.0-SNAPSHOT.jar:/root/.m2/repository/org/apache/hadoop/hadoop-hdds-server-scm/0.5.0-SNAPSHOT/hadoop-hdds-server-scm-0.5.0-SNAPSHOT.jar:/root/.m2/repository/org/apache/hadoop/hadoop-hdds-container-service/0.5.0-SNAPSHOT/hadoop-hdds-container-service-0.5.0-SNAPSHOT.jar:/root/.m2/repository/org/apache/hadoop/hadoop-hdds-client/0.5.0-SNAPSHOT/hadoop-hdds-client-0.5.0-SNAPSHOT.jar:/root/.m2/repository/org/apache/hadoop/hadoop-hdds-tools/0.5.0-SNAPSHOT/hadoop-hdds-tools-0.5.0-SNAPSHOT.jar:/root/.m2/repository/org/apache/hadoop/hadoop-ozone-ozone-manager/0.5.0-SNAPSHOT/hadoop-ozone-ozone-manager-0.5.0-SNAPSHOT.jar:/root/.m2/repository/org/apache/hadoop/hadoop-hdds-docs/0.5.0-SNAPSHOT/hadoop-hdds-docs-0.5.0-SNAPSHOT.jar:/root/.m2/repository/org/bouncycastle/bcprov-jdk15on/1.60/bcprov-jdk15on-1.60.jar:/root/.m2/repository/org/apache/hadoop/hadoop-minikdc/3.2.0/hadoop-minikdc-3.2.0.jar:/root/.m2/repository/commons-io/commons-io/2.5/commons-io-2.5.jar:/root/.m2/repository/org/apache/kerby/kerb-simplekdc/1.0.1/kerb-simplekdc-1.0.1.jar:/root/.m2/repository/org/apache/kerby/kerb-client/1.0.1/kerb-client-1.0.1.jar:/root/.m2/repository/org/apache/kerby/kerby-config/1.0.1/kerby-config-1.0.1.jar:/root/.m2/repository/org/apache/kerby/kerb-core/1.0.1/kerb-core-1.0.1.jar:/root/.m2/repository/org/apache/kerby/kerby-pkix/1.0.1/kerby-pkix-1.0.1.jar:/root/.m2/repository/org/apache/kerby/kerby-asn1/1.0.1/kerby-asn1-1.0.1.jar:/root/.m2/repository/org/apache/kerby/kerby-util/1.0.1/kerby-util-1.0.1.jar:/root/.m2/repository/org/apache/kerby/kerb-common/1.0.1/kerb-common-1.0.1.jar:/root/.m2/repository/org/apache/kerby/kerb-crypto/1.0.1/kerb-crypto-1.0.1.jar:/root/.m2/repository/org/apache/kerby/kerb-util/1.0.1/kerb-util-1.0.1.jar:/root/.m2/repository/org/apache/kerby/token-provider/1.0.1/token-provider-1.0.1.jar:/root/.m2/repository/org/apache/kerby/kerb-admin/1.0.1/kerb-admin-1.0.1.jar:/root/.m2/repository/org/apache/kerby/kerb-server/1.0.1/kerb-server-1.0.1.jar:/root/.m2/repository/org/apache/kerby/kerb-identity/1.0.1/kerb-identity-1.0.1.jar:/root/.m2/repository/org/apache/kerby/kerby-xdr/1.0.1/kerby-xdr-1.0.1.jar:/root/.m2/repository/org/slf4j/slf4j-log4j12/1.7.25/slf4j-log4j12-1.7.25.jar:/root/.m2/repository/org/apache/hadoop/hadoop-ozone-objectstore-service/0.5.0-SNAPSHOT/hadoop-ozone-objectstore-service-0.5.0-SNAPSHOT.jar:/root/.m2/repository/org/apache/hadoop/hadoop-ozone-s3gateway/0.5.0-SNAPSHOT/hadoop-ozone-s3gateway-0.5.0-SNAPSHOT.jar:/root/.m2/repository/org/jboss/weld/servlet/weld-servlet/2.4.7.Final/weld-servlet-2.4.7.Final.jar:/root/.m2/repository/org/glassfish/jersey/containers/jersey-container-servlet-core/2.27/jersey-container-servlet-core-2.27.jar:/root/.m2/repository/org/glassfish/hk2/external/javax.inject/2.5.0-b42/javax.inject-2.5.0-b42.jar:/root/.m2/repository/org/glassfish/jersey/core/jersey-common/2.27/jersey-common-2.27.jar:/root/.m2/repository/org/glassfish/hk2/osgi-resource-locator/1.0.1/osgi-resource-locator-1.0.1.jar:/root/.m2/repository/javax/ws/rs/javax.ws.rs-api/2.1/javax.ws.rs-api-2.1.jar:/root/.m2/repository/org/glassfish/jersey/ext/cdi/jersey-cdi1x/2.27/jersey-cdi1x-2.27.jar:/root/.m2/repository/org/glassfish/jersey/inject/jersey-hk2/2.27/jersey-hk2-2.27.jar:/root/.m2/repository/org/glassfish/hk2/hk2-locator/2.5.0-b42/hk2-locator-2.5.0-b42.jar:/root/.m2/repository/org/javassist/javassist/3.22.0-CR2/javassist-3.22.0-CR2.jar:/root/.m2/repository/org/glassfish/hk2/hk2-api/2.5.0/hk2-api-2.5.0.jar:/root/.m2/repository/org/glassfish/hk2/external/jakarta.inject/2.5.0/jakarta.inject-2.5.0.jar:/root/.m2/repository/org/glassfish/hk2/hk2-utils/2.5.0/hk2-utils-2.5.0.jar:/root/.m2/repository/jakarta/annotation/jakarta.annotation-api/1.3.4/jakarta.annotation-api-1.3.4.jar:/root/.m2/repository/org/glassfish/hk2/external/aopalliance-repackaged/2.5.0/aopalliance-repackaged-2.5.0.jar:/root/.m2/repository/com/fasterxml/jackson/dataformat/jackson-dataformat-xml/2.9.0/jackson-dataformat-xml-2.9.0.jar:/root/.m2/repository/com/fasterxml/jackson/core/jackson-core/2.9.5/jackson-core-2.9.5.jar:/root/.m2/repository/com/fasterxml/jackson/module/jackson-module-jaxb-annotations/2.9.5/jackson-module-jaxb-annotations-2.9.5.jar:/root/.m2/repository/javax/enterprise/cdi-api/1.2/cdi-api-1.2.jar:/root/.m2/repository/javax/el/javax.el-api/3.0.0/javax.el-api-3.0.0.jar:/root/.m2/repository/javax/interceptor/javax.interceptor-api/1.2/javax.interceptor-api-1.2.jar:/root/.m2/repository/javax/inject/javax.inject/1/javax.inject-1.jar:/root/.m2/repository/com/sun/xml/bind/jaxb-impl/2.3.0.1/jaxb-impl-2.3.0.1.jar:/root/.m2/repository/com/sun/xml/bind/jaxb-core/2.3.0.1/jaxb-core-2.3.0.1.jar:/root/.m2/repository/javax/xml/bind/jaxb-api/2.3.0/jaxb-api-2.3.0.jar:/root/.m2/repository/javax/activation/activation/1.1.1/activation-1.1.1.jar:/root/.m2/repository/org/apache/hadoop/hadoop-ozone-csi/0.5.0-SNAPSHOT/hadoop-ozone-csi-0.5.0-SNAPSHOT.jar:/root/.m2/repository/com/google/protobuf/protobuf-java-util/3.5.1/protobuf-java-util-3.5.1.jar:/root/.m2/repository/org/apache/hadoop/hadoop-hdds-config/0.5.0-SNAPSHOT/hadoop-hdds-config-0.5.0-SNAPSHOT.jar:/root/.m2/repository/com/google/guava/guava/11.0.2/guava-11.0.2.jar:/root/.m2/repository/com/google/protobuf/protobuf-java/2.5.0/protobuf-java-2.5.0.jar:/root/.m2/repository/io/grpc/grpc-netty/1.17.1/grpc-netty-1.17.1.jar:/root/.m2/repository/io/grpc/grpc-core/1.17.1/grpc-core-1.17.1.jar:/root/.m2/repository/io/grpc/grpc-context/1.17.1/grpc-context-1.17.1.jar:/root/.m2/repository/com/google/errorprone/error_prone_annotations/2.2.0/error_prone_annotations-2.2.0.jar:/root/.m2/repository/org/codehaus/mojo/animal-sniffer-annotations/1.17/animal-sniffer-annotations-1.17.jar:/root/.m2/repository/io/opencensus/opencensus-api/0.17.0/opencensus-api-0.17.0.jar:/root/.m2/repository/io/opencensus/opencensus-contrib-grpc-metrics/0.17.0/opencensus-contrib-grpc-metrics-0.17.0.jar:/root/.m2/repository/io/netty/netty-codec-http2/4.1.30.Final/netty-codec-http2-4.1.30.Final.jar:/root/.m2/repository/io/netty/netty-codec-http/4.1.30.Final/netty-codec-http-4.1.30.Final.jar:/root/.m2/repository/io/netty/netty-codec/4.1.30.Final/netty-codec-4.1.30.Final.jar:/root/.m2/repository/io/netty/netty-handler/4.1.30.Final/netty-handler-4.1.30.Final.jar:/root/.m2/repository/io/netty/netty-handler-proxy/4.1.30.Final/netty-handler-proxy-4.1.30.Final.jar:/root/.m2/repository/io/netty/netty-codec-socks/4.1.30.Final/netty-codec-socks-4.1.30.Final.jar:/root/.m2/repository/io/netty/netty-transport-native-epoll/4.1.30.Final/netty-transport-native-epoll-4.1.30.Final.jar:/root/.m2/repository/io/netty/netty-common/4.1.30.Final/netty-common-4.1.30.Final.jar:/root/.m2/repository/io/netty/netty-buffer/4.1.30.Final/netty-buffer-4.1.30.Final.jar:/root/.m2/repository/io/netty/netty-transport/4.1.30.Final/netty-transport-4.1.30.Final.jar:/root/.m2/repository/io/netty/netty-resolver/4.1.30.Final/netty-resolver-4.1.30.Final.jar:/root/.m2/repository/io/netty/netty-transport-native-unix-common/4.1.30.Final/netty-transport-native-unix-common-4.1.30.Final.jar:/root/.m2/repository/io/grpc/grpc-protobuf/1.17.1/grpc-protobuf-1.17.1.jar:/root/.m2/repository/com/google/api/grpc/proto-google-common-protos/1.0.0/proto-google-common-protos-1.0.0.jar:/root/.m2/repository/io/grpc/grpc-protobuf-lite/1.17.1/grpc-protobuf-lite-1.17.1.jar:/root/.m2/repository/io/grpc/grpc-stub/1.17.1/grpc-stub-1.17.1.jar:/root/.m2/repository/org/apache/hadoop/hadoop-ozone-recon/0.5.0-SNAPSHOT/hadoop-ozone-recon-0.5.0-SNAPSHOT.jar:/root/.m2/repository/org/apache/hadoop/hadoop-ozone-reconcodegen/0.5.0-SNAPSHOT/hadoop-ozone-reconcodegen-0.5.0-SNAPSHOT.jar:/root/.m2/repository/com/google/inject/extensions/guice-multibindings/4.0/guice-multibindings-4.0.jar:/root/.m2/repository/com/google/inject/guice/4.0/guice-4.0.jar:/root/.m2/repository/aopalliance/aopalliance/1.0/aopalliance-1.0.jar:/root/.m2/repository/com/google/inject/extensions/guice-servlet/4.0/guice-servlet-4.0.jar:/root/.m2/repository/org/glassfish/jersey/containers/jersey-container-servlet/2.27/jersey-container-servlet-2.27.jar:/root/.m2/repository/org/glassfish/hk2/guice-bridge/2.5.0/guice-bridge-2.5.0.jar:/root/.m2/repository/org/glassfish/jersey/core/jersey-server/2.27/jersey-server-2.27.jar:/root/.m2/repository/org/glassfish/jersey/core/jersey-client/2.27/jersey-client-2.27.jar:/root/.m2/repository/org/glassfish/jersey/media/jersey-media-jaxb/2.27/jersey-media-jaxb-2.27.jar:/root/.m2/repository/javax/validation/validation-api/1.1.0.Final/validation-api-1.1.0.Final.jar:/root/.m2/repository/org/glassfish/jersey/media/jersey-media-json-jackson/2.27/jersey-media-json-jackson-2.27.jar:/root/.m2/repository/org/glassfish/jersey/ext/jersey-entity-filtering/2.27/jersey-entity-filtering-2.27.jar:/root/.m2/repository/com/google/inject/extensions/guice-assistedinject/4.0/guice-assistedinject-4.0.jar:/root/.m2/repository/org/jooq/jooq/3.11.10/jooq-3.11.10.jar:/root/.m2/repository/org/jooq/jooq-meta/3.11.10/jooq-meta-3.11.10.jar:/root/.m2/repository/org/jooq/jooq-codegen/3.11.10/jooq-codegen-3.11.10.jar:/root/.m2/repository/com/jolbox/bonecp/0.8.0.RELEASE/bonecp-0.8.0.RELEASE.jar:/root/.m2/repository/org/xerial/sqlite-jdbc/3.25.2/sqlite-jdbc-3.25.2.jar:/root/.m2/repository/org/springframework/spring-jdbc/5.1.3.RELEASE/spring-jdbc-5.1.3.RELEASE.jar:/root/.m2/repository/org/springframework/spring-beans/5.1.3.RELEASE/spring-beans-5.1.3.RELEASE.jar:/root/.m2/repository/org/springframework/spring-core/5.1.3.RELEASE/spring-core-5.1.3.RELEASE.jar:/root/.m2/repository/org/springframework/spring-jcl/5.1.3.RELEASE/spring-jcl-5.1.3.RELEASE.jar:/root/.m2/repository/org/springframework/spring-tx/5.1.3.RELEASE/spring-tx-5.1.3.RELEASE.jar:/root/.m2/repository/org/apache/hadoop/hadoop-ozone-client/0.5.0-SNAPSHOT/hadoop-ozone-client-0.5.0-SNAPSHOT.jar:/root/.m2/repository/org/apache/hadoop/hadoop-ozone-ozone-manager/0.5.0-SNAPSHOT/hadoop-ozone-ozone-manager-0.5.0-SNAPSHOT-tests.jar:/root/.m2/repository/junit/junit/4.11/junit-4.11.jar:/root/.m2/repository/org/hamcrest/hamcrest-core/1.3/hamcrest-core-1.3.jar:/root/.m2/repository/org/openjdk/jmh/jmh-core/1.19/jmh-core-1.19.jar:/root/.m2/repository/net/sf/jopt-simple/jopt-simple/4.6/jopt-simple-4.6.jar:/root/.m2/repository/org/apache/commons/commons-math3/3.1.1/commons-math3-3.1.1.jar:/root/.m2/repository/org/openjdk/jmh/jmh-generator-annprocess/1.19/jmh-generator-annprocess-1.19.jar:/root/.m2/repository/org/mockito/mockito-all/1.8.5/mockito-all-1.8.5.jar:/root/.m2/repository/org/apache/hadoop/hadoop-kms/3.2.0/hadoop-kms-3.2.0.jar:/root/.m2/repository/org/apache/hadoop/hadoop-auth/3.2.0/hadoop-auth-3.2.0.jar:/root/.m2/repository/com/nimbusds/nimbus-jose-jwt/4.41.1/nimbus-jose-jwt-4.41.1.jar:/root/.m2/repository/com/github/stephenc/jcip/jcip-annotations/1.0-1/jcip-annotations-1.0-1.jar:/root/.m2/repository/net/minidev/json-smart/2.3/json-smart-2.3.jar:/root/.m2/repository/net/minidev/accessors-smart/1.2/accessors-smart-1.2.jar:/root/.m2/repository/org/ow2/asm/asm/5.0.4/asm-5.0.4.jar:/root/.m2/repository/org/apache/curator/curator-framework/2.12.0/curator-framework-2.12.0.jar:/root/.m2/repository/com/sun/jersey/jersey-core/1.19/jersey-core-1.19.jar:/root/.m2/repository/javax/ws/rs/jsr311-api/1.1.1/jsr311-api-1.1.1.jar:/root/.m2/repository/com/sun/jersey/jersey-server/1.19/jersey-server-1.19.jar:/root/.m2/repository/javax/servlet/javax.servlet-api/3.1.0/javax.servlet-api-3.1.0.jar:/root/.m2/repository/org/eclipse/jetty/jetty-server/9.3.24.v20180605/jetty-server-9.3.24.v20180605.jar:/root/.m2/repository/org/eclipse/jetty/jetty-http/9.3.24.v20180605/jetty-http-9.3.24.v20180605.jar:/root/.m2/repository/org/eclipse/jetty/jetty-io/9.3.24.v20180605/jetty-io-9.3.24.v20180605.jar:/root/.m2/repository/org/eclipse/jetty/jetty-webapp/9.3.24.v20180605/jetty-webapp-9.3.24.v20180605.jar:/root/.m2/repository/org/eclipse/jetty/jetty-xml/9.3.24.v20180605/jetty-xml-9.3.24.v20180605.jar:/root/.m2/repository/log4j/log4j/1.2.17/log4j-1.2.17.jar:/root/.m2/repository/org/slf4j/slf4j-api/1.7.25/slf4j-api-1.7.25.jar:/root/.m2/repository/org/slf4j/jul-to-slf4j/1.7.25/jul-to-slf4j-1.7.25.jar:/root/.m2/repository/org/eclipse/jetty/jetty-util/9.3.24.v20180605/jetty-util-9.3.24.v20180605.jar:/root/.m2/repository/io/dropwizard/metrics/metrics-core/3.2.4/metrics-core-3.2.4.jar:/root/.m2/repository/com/fasterxml/jackson/core/jackson-databind/2.9.5/jackson-databind-2.9.5.jar:/root/.m2/repository/org/apache/hadoop/hadoop-kms/3.2.0/hadoop-kms-3.2.0-tests.jar:/root/.m2/repository/org/apache/hadoop/hadoop-hdds-server-scm/0.5.0-SNAPSHOT/hadoop-hdds-server-scm-0.5.0-SNAPSHOT-tests.jar:/root/.m2/repository/org/hamcrest/hamcrest-all/1.3/hamcrest-all-1.3.jar:/root/.m2/repository/info/picocli/picocli/3.9.6/picocli-3.9.6.jar:/root/.m2/repository/org/apache/hadoop/hadoop-hdds-container-service/0.5.0-SNAPSHOT/hadoop-hdds-container-service-0.5.0-SNAPSHOT-tests.jar:/root/.m2/repository/org/yaml/snakeyaml/1.16/snakeyaml-1.16.jar:/root/.m2/repository/org/apache/hadoop/hadoop-common/3.2.0/hadoop-common-3.2.0-tests.jar:/root/.m2/repository/org/apache/hadoop/hadoop-annotations/3.2.0/hadoop-annotations-3.2.0.jar:/usr/lib/jvm/java-1.8-openjdk/jre/../lib/tools.jar:/root/.m2/repository/commons-cli/commons-cli/1.2/commons-cli-1.2.jar:/root/.m2/repository/org/apache/httpcomponents/httpclient/4.5.2/httpclient-4.5.2.jar:/root/.m2/repository/org/apache/httpcomponents/httpcore/4.4.4/httpcore-4.4.4.jar:/root/.m2/repository/commons-codec/commons-codec/1.11/commons-codec-1.11.jar:/root/.m2/repository/commons-net/commons-net/3.6/commons-net-3.6.jar:/root/.m2/repository/commons-collections/commons-collections/3.2.2/commons-collections-3.2.2.jar:/root/.m2/repository/org/eclipse/jetty/jetty-servlet/9.3.24.v20180605/jetty-servlet-9.3.24.v20180605.jar:/root/.m2/repository/org/eclipse/jetty/jetty-security/9.3.24.v20180605/jetty-security-9.3.24.v20180605.jar:/root/.m2/repository/javax/servlet/jsp/jsp-api/2.1/jsp-api-2.1.jar:/root/.m2/repository/com/sun/jersey/jersey-servlet/1.19/jersey-servlet-1.19.jar:/root/.m2/repository/com/sun/jersey/jersey-json/1.19/jersey-json-1.19.jar:/root/.m2/repository/org/codehaus/jettison/jettison/1.1/jettison-1.1.jar:/root/.m2/repository/org/codehaus/jackson/jackson-core-asl/1.9.13/jackson-core-asl-1.9.13.jar:/root/.m2/repository/org/codehaus/jackson/jackson-mapper-asl/1.9.13/jackson-mapper-asl-1.9.13.jar:/root/.m2/repository/org/codehaus/jackson/jackson-jaxrs/1.9.13/jackson-jaxrs-1.9.13.jar:/root/.m2/repository/org/codehaus/jackson/jackson-xc/1.9.13/jackson-xc-1.9.13.jar:/root/.m2/repository/commons-logging/commons-logging/1.1.3/commons-logging-1.1.3.jar:/root/.m2/repository/commons-beanutils/commons-beanutils/1.9.3/commons-beanutils-1.9.3.jar:/root/.m2/repository/org/apache/commons/commons-configuration2/2.1.1/commons-configuration2-2.1.1.jar:/root/.m2/repository/org/apache/commons/commons-lang3/3.7/commons-lang3-3.7.jar:/root/.m2/repository/org/apache/commons/commons-text/1.4/commons-text-1.4.jar:/root/.m2/repository/org/apache/avro/avro/1.7.7/avro-1.7.7.jar:/root/.m2/repository/com/thoughtworks/paranamer/paranamer/2.3/paranamer-2.3.jar:/root/.m2/repository/org/xerial/snappy/snappy-java/1.0.5/snappy-java-1.0.5.jar:/root/.m2/repository/com/google/re2j/re2j/1.1/re2j-1.1.jar:/root/.m2/repository/com/google/code/gson/gson/2.2.4/gson-2.2.4.jar:/root/.m2/repository/com/jcraft/jsch/0.1.54/jsch-0.1.54.jar:/root/.m2/repository/org/apache/curator/curator-client/2.12.0/curator-client-2.12.0.jar:/root/.m2/repository/org/apache/curator/curator-recipes/2.12.0/curator-recipes-2.12.0.jar:/root/.m2/repository/com/google/code/findbugs/jsr305/3.0.0/jsr305-3.0.0.jar:/root/.m2/repository/org/apache/htrace/htrace-core4/4.1.0-incubating/htrace-core4-4.1.0-incubating.jar:/root/.m2/repository/org/apache/zookeeper/zookeeper/3.4.13/zookeeper-3.4.13.jar:/root/.m2/repository/org/apache/yetus/audience-annotations/0.5.0/audience-annotations-0.5.0.jar:/root/.m2/repository/org/codehaus/woodstox/stax2-api/3.1.4/stax2-api-3.1.4.jar:/root/.m2/repository/com/fasterxml/woodstox/woodstox-core/5.0.3/woodstox-core-5.0.3.jar:/root/.m2/repository/dnsjava/dnsjava/2.1.7/dnsjava-2.1.7.jar:/root/.m2/repository/org/apache/hadoop/hadoop-hdfs/3.2.0/hadoop-hdfs-3.2.0-tests.jar:/root/.m2/repository/org/eclipse/jetty/jetty-util-ajax/9.3.24.v20180605/jetty-util-ajax-9.3.24.v20180605.jar:/root/.m2/repository/commons-daemon/commons-daemon/1.0.13/commons-daemon-1.0.13.jar:/root/.m2/repository/io/netty/netty/3.10.5.Final/netty-3.10.5.Final.jar:/root/.m2/repository/io/netty/netty-all/4.0.52.Final/netty-all-4.0.52.Final.jar:/root/.m2/repository/org/fusesource/leveldbjni/leveldbjni-all/1.8/leveldbjni-all-1.8.jar:"/>
    <property name="java.vm.vendor" value="IcedTea"/>
    <property name="sun.arch.data.model" value="64"/>
    <property name="test.build.dir" value="/opt/src/hadoop-ozone/integration-test/target/test-dir"/>
    <property name="test.cache.data" value=""/>
    <property name="java.vendor.url" value="https://icedtea.classpath.org"/>
    <property name="user.timezone" value=""/>
    <property name="java.vm.specification.version" value="1.8"/>
    <property name="os.name" value="Linux"/>
    <property name="test.build.data" value="/opt/src/hadoop-ozone/integration-test/target/test-dir"/>
    <property name="user.country" value="US"/>
    <property name="sun.java.launcher" value="SUN_STANDARD"/>
    <property name="sun.boot.library.path" value="/usr/lib/jvm/java-1.8-openjdk/jre/lib/amd64"/>
    <property name="sun.java.command" value="/opt/src/hadoop-ozone/integration-test/target/surefire/surefirebooter8050028235812413481.jar /opt/src/hadoop-ozone/integration-test/target/surefire 2019-06-14T04-57-45_662-jvmRun1 surefire3787883062888533044tmp surefire_82302092750239338944tmp"/>
    <property name="surefire.test.class.path" value="/opt/src/hadoop-ozone/integration-test/target/test-classes:/opt/src/hadoop-ozone/integration-test/target/classes:/root/.m2/repository/org/apache/hadoop/hadoop-ozone-common/0.5.0-SNAPSHOT/hadoop-ozone-common-0.5.0-SNAPSHOT.jar:/root/.m2/repository/org/apache/commons/commons-compress/1.4.1/commons-compress-1.4.1.jar:/root/.m2/repository/org/tukaani/xz/1.0/xz-1.0.jar:/root/.m2/repository/org/apache/hadoop/hadoop-common/3.2.0/hadoop-common-3.2.0.jar:/root/.m2/repository/org/apache/hadoop/hadoop-hdfs/3.2.0/hadoop-hdfs-3.2.0.jar:/root/.m2/repository/org/apache/hadoop/hadoop-hdfs-client/3.2.0/hadoop-hdfs-client-3.2.0.jar:/root/.m2/repository/com/fasterxml/jackson/core/jackson-annotations/2.9.5/jackson-annotations-2.9.5.jar:/root/.m2/repository/org/apache/hadoop/hadoop-hdds-common/0.5.0-SNAPSHOT/hadoop-hdds-common-0.5.0-SNAPSHOT.jar:/root/.m2/repository/javax/annotation/javax.annotation-api/1.2/javax.annotation-api-1.2.jar:/root/.m2/repository/org/apache/ratis/ratis-server/0.4.0-fe2b15d-SNAPSHOT/ratis-server-0.4.0-fe2b15d-SNAPSHOT.jar:/root/.m2/repository/org/apache/ratis/ratis-thirdparty-misc/0.2.0/ratis-thirdparty-misc-0.2.0.jar:/root/.m2/repository/org/apache/ratis/ratis-proto/0.4.0-fe2b15d-SNAPSHOT/ratis-proto-0.4.0-fe2b15d-SNAPSHOT.jar:/root/.m2/repository/org/apache/ratis/ratis-common/0.4.0-fe2b15d-SNAPSHOT/ratis-common-0.4.0-fe2b15d-SNAPSHOT.jar:/root/.m2/repository/org/apache/ratis/ratis-client/0.4.0-fe2b15d-SNAPSHOT/ratis-client-0.4.0-fe2b15d-SNAPSHOT.jar:/root/.m2/repository/org/apache/ratis/ratis-netty/0.4.0-fe2b15d-SNAPSHOT/ratis-netty-0.4.0-fe2b15d-SNAPSHOT.jar:/root/.m2/repository/org/apache/ratis/ratis-grpc/0.4.0-fe2b15d-SNAPSHOT/ratis-grpc-0.4.0-fe2b15d-SNAPSHOT.jar:/root/.m2/repository/org/rocksdb/rocksdbjni/5.14.2/rocksdbjni-5.14.2.jar:/root/.m2/repository/org/apache/logging/log4j/log4j-api/2.11.0/log4j-api-2.11.0.jar:/root/.m2/repository/org/apache/logging/log4j/log4j-core/2.11.0/log4j-core-2.11.0.jar:/root/.m2/repository/com/lmax/disruptor/3.4.2/disruptor-3.4.2.jar:/root/.m2/repository/org/apache/commons/commons-pool2/2.6.0/commons-pool2-2.6.0.jar:/root/.m2/repository/org/bouncycastle/bcpkix-jdk15on/1.60/bcpkix-jdk15on-1.60.jar:/root/.m2/repository/commons-validator/commons-validator/1.6/commons-validator-1.6.jar:/root/.m2/repository/commons-digester/commons-digester/1.8.1/commons-digester-1.8.1.jar:/root/.m2/repository/io/jaegertracing/jaeger-client/0.33.1/jaeger-client-0.33.1.jar:/root/.m2/repository/io/jaegertracing/jaeger-thrift/0.33.1/jaeger-thrift-0.33.1.jar:/root/.m2/repository/org/apache/thrift/libthrift/0.11.0/libthrift-0.11.0.jar:/root/.m2/repository/com/squareup/okhttp3/okhttp/3.9.0/okhttp-3.9.0.jar:/root/.m2/repository/com/squareup/okio/okio/1.13.0/okio-1.13.0.jar:/root/.m2/repository/io/jaegertracing/jaeger-core/0.33.1/jaeger-core-0.33.1.jar:/root/.m2/repository/io/jaegertracing/jaeger-tracerresolver/0.33.1/jaeger-tracerresolver-0.33.1.jar:/root/.m2/repository/io/opentracing/contrib/opentracing-tracerresolver/0.1.5/opentracing-tracerresolver-0.1.5.jar:/root/.m2/repository/io/opentracing/opentracing-util/0.31.0/opentracing-util-0.31.0.jar:/root/.m2/repository/io/opentracing/opentracing-api/0.31.0/opentracing-api-0.31.0.jar:/root/.m2/repository/io/opentracing/opentracing-noop/0.31.0/opentracing-noop-0.31.0.jar:/root/.m2/repository/org/apache/hadoop/hadoop-hdds-server-framework/0.5.0-SNAPSHOT/hadoop-hdds-server-framework-0.5.0-SNAPSHOT.jar:/root/.m2/repository/org/apache/hadoop/hadoop-hdds-server-scm/0.5.0-SNAPSHOT/hadoop-hdds-server-scm-0.5.0-SNAPSHOT.jar:/root/.m2/repository/org/apache/hadoop/hadoop-hdds-container-service/0.5.0-SNAPSHOT/hadoop-hdds-container-service-0.5.0-SNAPSHOT.jar:/root/.m2/repository/org/apache/hadoop/hadoop-hdds-client/0.5.0-SNAPSHOT/hadoop-hdds-client-0.5.0-SNAPSHOT.jar:/root/.m2/repository/org/apache/hadoop/hadoop-hdds-tools/0.5.0-SNAPSHOT/hadoop-hdds-tools-0.5.0-SNAPSHOT.jar:/root/.m2/repository/org/apache/hadoop/hadoop-ozone-ozone-manager/0.5.0-SNAPSHOT/hadoop-ozone-ozone-manager-0.5.0-SNAPSHOT.jar:/root/.m2/repository/org/apache/hadoop/hadoop-hdds-docs/0.5.0-SNAPSHOT/hadoop-hdds-docs-0.5.0-SNAPSHOT.jar:/root/.m2/repository/org/bouncycastle/bcprov-jdk15on/1.60/bcprov-jdk15on-1.60.jar:/root/.m2/repository/org/apache/hadoop/hadoop-minikdc/3.2.0/hadoop-minikdc-3.2.0.jar:/root/.m2/repository/commons-io/commons-io/2.5/commons-io-2.5.jar:/root/.m2/repository/org/apache/kerby/kerb-simplekdc/1.0.1/kerb-simplekdc-1.0.1.jar:/root/.m2/repository/org/apache/kerby/kerb-client/1.0.1/kerb-client-1.0.1.jar:/root/.m2/repository/org/apache/kerby/kerby-config/1.0.1/kerby-config-1.0.1.jar:/root/.m2/repository/org/apache/kerby/kerb-core/1.0.1/kerb-core-1.0.1.jar:/root/.m2/repository/org/apache/kerby/kerby-pkix/1.0.1/kerby-pkix-1.0.1.jar:/root/.m2/repository/org/apache/kerby/kerby-asn1/1.0.1/kerby-asn1-1.0.1.jar:/root/.m2/repository/org/apache/kerby/kerby-util/1.0.1/kerby-util-1.0.1.jar:/root/.m2/repository/org/apache/kerby/kerb-common/1.0.1/kerb-common-1.0.1.jar:/root/.m2/repository/org/apache/kerby/kerb-crypto/1.0.1/kerb-crypto-1.0.1.jar:/root/.m2/repository/org/apache/kerby/kerb-util/1.0.1/kerb-util-1.0.1.jar:/root/.m2/repository/org/apache/kerby/token-provider/1.0.1/token-provider-1.0.1.jar:/root/.m2/repository/org/apache/kerby/kerb-admin/1.0.1/kerb-admin-1.0.1.jar:/root/.m2/repository/org/apache/kerby/kerb-server/1.0.1/kerb-server-1.0.1.jar:/root/.m2/repository/org/apache/kerby/kerb-identity/1.0.1/kerb-identity-1.0.1.jar:/root/.m2/repository/org/apache/kerby/kerby-xdr/1.0.1/kerby-xdr-1.0.1.jar:/root/.m2/repository/org/slf4j/slf4j-log4j12/1.7.25/slf4j-log4j12-1.7.25.jar:/root/.m2/repository/org/apache/hadoop/hadoop-ozone-objectstore-service/0.5.0-SNAPSHOT/hadoop-ozone-objectstore-service-0.5.0-SNAPSHOT.jar:/root/.m2/repository/org/apache/hadoop/hadoop-ozone-s3gateway/0.5.0-SNAPSHOT/hadoop-ozone-s3gateway-0.5.0-SNAPSHOT.jar:/root/.m2/repository/org/jboss/weld/servlet/weld-servlet/2.4.7.Final/weld-servlet-2.4.7.Final.jar:/root/.m2/repository/org/glassfish/jersey/containers/jersey-container-servlet-core/2.27/jersey-container-servlet-core-2.27.jar:/root/.m2/repository/org/glassfish/hk2/external/javax.inject/2.5.0-b42/javax.inject-2.5.0-b42.jar:/root/.m2/repository/org/glassfish/jersey/core/jersey-common/2.27/jersey-common-2.27.jar:/root/.m2/repository/org/glassfish/hk2/osgi-resource-locator/1.0.1/osgi-resource-locator-1.0.1.jar:/root/.m2/repository/javax/ws/rs/javax.ws.rs-api/2.1/javax.ws.rs-api-2.1.jar:/root/.m2/repository/org/glassfish/jersey/ext/cdi/jersey-cdi1x/2.27/jersey-cdi1x-2.27.jar:/root/.m2/repository/org/glassfish/jersey/inject/jersey-hk2/2.27/jersey-hk2-2.27.jar:/root/.m2/repository/org/glassfish/hk2/hk2-locator/2.5.0-b42/hk2-locator-2.5.0-b42.jar:/root/.m2/repository/org/javassist/javassist/3.22.0-CR2/javassist-3.22.0-CR2.jar:/root/.m2/repository/org/glassfish/hk2/hk2-api/2.5.0/hk2-api-2.5.0.jar:/root/.m2/repository/org/glassfish/hk2/external/jakarta.inject/2.5.0/jakarta.inject-2.5.0.jar:/root/.m2/repository/org/glassfish/hk2/hk2-utils/2.5.0/hk2-utils-2.5.0.jar:/root/.m2/repository/jakarta/annotation/jakarta.annotation-api/1.3.4/jakarta.annotation-api-1.3.4.jar:/root/.m2/repository/org/glassfish/hk2/external/aopalliance-repackaged/2.5.0/aopalliance-repackaged-2.5.0.jar:/root/.m2/repository/com/fasterxml/jackson/dataformat/jackson-dataformat-xml/2.9.0/jackson-dataformat-xml-2.9.0.jar:/root/.m2/repository/com/fasterxml/jackson/core/jackson-core/2.9.5/jackson-core-2.9.5.jar:/root/.m2/repository/com/fasterxml/jackson/module/jackson-module-jaxb-annotations/2.9.5/jackson-module-jaxb-annotations-2.9.5.jar:/root/.m2/repository/javax/enterprise/cdi-api/1.2/cdi-api-1.2.jar:/root/.m2/repository/javax/el/javax.el-api/3.0.0/javax.el-api-3.0.0.jar:/root/.m2/repository/javax/interceptor/javax.interceptor-api/1.2/javax.interceptor-api-1.2.jar:/root/.m2/repository/javax/inject/javax.inject/1/javax.inject-1.jar:/root/.m2/repository/com/sun/xml/bind/jaxb-impl/2.3.0.1/jaxb-impl-2.3.0.1.jar:/root/.m2/repository/com/sun/xml/bind/jaxb-core/2.3.0.1/jaxb-core-2.3.0.1.jar:/root/.m2/repository/javax/xml/bind/jaxb-api/2.3.0/jaxb-api-2.3.0.jar:/root/.m2/repository/javax/activation/activation/1.1.1/activation-1.1.1.jar:/root/.m2/repository/org/apache/hadoop/hadoop-ozone-csi/0.5.0-SNAPSHOT/hadoop-ozone-csi-0.5.0-SNAPSHOT.jar:/root/.m2/repository/com/google/protobuf/protobuf-java-util/3.5.1/protobuf-java-util-3.5.1.jar:/root/.m2/repository/org/apache/hadoop/hadoop-hdds-config/0.5.0-SNAPSHOT/hadoop-hdds-config-0.5.0-SNAPSHOT.jar:/root/.m2/repository/com/google/guava/guava/11.0.2/guava-11.0.2.jar:/root/.m2/repository/com/google/protobuf/protobuf-java/2.5.0/protobuf-java-2.5.0.jar:/root/.m2/repository/io/grpc/grpc-netty/1.17.1/grpc-netty-1.17.1.jar:/root/.m2/repository/io/grpc/grpc-core/1.17.1/grpc-core-1.17.1.jar:/root/.m2/repository/io/grpc/grpc-context/1.17.1/grpc-context-1.17.1.jar:/root/.m2/repository/com/google/errorprone/error_prone_annotations/2.2.0/error_prone_annotations-2.2.0.jar:/root/.m2/repository/org/codehaus/mojo/animal-sniffer-annotations/1.17/animal-sniffer-annotations-1.17.jar:/root/.m2/repository/io/opencensus/opencensus-api/0.17.0/opencensus-api-0.17.0.jar:/root/.m2/repository/io/opencensus/opencensus-contrib-grpc-metrics/0.17.0/opencensus-contrib-grpc-metrics-0.17.0.jar:/root/.m2/repository/io/netty/netty-codec-http2/4.1.30.Final/netty-codec-http2-4.1.30.Final.jar:/root/.m2/repository/io/netty/netty-codec-http/4.1.30.Final/netty-codec-http-4.1.30.Final.jar:/root/.m2/repository/io/netty/netty-codec/4.1.30.Final/netty-codec-4.1.30.Final.jar:/root/.m2/repository/io/netty/netty-handler/4.1.30.Final/netty-handler-4.1.30.Final.jar:/root/.m2/repository/io/netty/netty-handler-proxy/4.1.30.Final/netty-handler-proxy-4.1.30.Final.jar:/root/.m2/repository/io/netty/netty-codec-socks/4.1.30.Final/netty-codec-socks-4.1.30.Final.jar:/root/.m2/repository/io/netty/netty-transport-native-epoll/4.1.30.Final/netty-transport-native-epoll-4.1.30.Final.jar:/root/.m2/repository/io/netty/netty-common/4.1.30.Final/netty-common-4.1.30.Final.jar:/root/.m2/repository/io/netty/netty-buffer/4.1.30.Final/netty-buffer-4.1.30.Final.jar:/root/.m2/repository/io/netty/netty-transport/4.1.30.Final/netty-transport-4.1.30.Final.jar:/root/.m2/repository/io/netty/netty-resolver/4.1.30.Final/netty-resolver-4.1.30.Final.jar:/root/.m2/repository/io/netty/netty-transport-native-unix-common/4.1.30.Final/netty-transport-native-unix-common-4.1.30.Final.jar:/root/.m2/repository/io/grpc/grpc-protobuf/1.17.1/grpc-protobuf-1.17.1.jar:/root/.m2/repository/com/google/api/grpc/proto-google-common-protos/1.0.0/proto-google-common-protos-1.0.0.jar:/root/.m2/repository/io/grpc/grpc-protobuf-lite/1.17.1/grpc-protobuf-lite-1.17.1.jar:/root/.m2/repository/io/grpc/grpc-stub/1.17.1/grpc-stub-1.17.1.jar:/root/.m2/repository/org/apache/hadoop/hadoop-ozone-recon/0.5.0-SNAPSHOT/hadoop-ozone-recon-0.5.0-SNAPSHOT.jar:/root/.m2/repository/org/apache/hadoop/hadoop-ozone-reconcodegen/0.5.0-SNAPSHOT/hadoop-ozone-reconcodegen-0.5.0-SNAPSHOT.jar:/root/.m2/repository/com/google/inject/extensions/guice-multibindings/4.0/guice-multibindings-4.0.jar:/root/.m2/repository/com/google/inject/guice/4.0/guice-4.0.jar:/root/.m2/repository/aopalliance/aopalliance/1.0/aopalliance-1.0.jar:/root/.m2/repository/com/google/inject/extensions/guice-servlet/4.0/guice-servlet-4.0.jar:/root/.m2/repository/org/glassfish/jersey/containers/jersey-container-servlet/2.27/jersey-container-servlet-2.27.jar:/root/.m2/repository/org/glassfish/hk2/guice-bridge/2.5.0/guice-bridge-2.5.0.jar:/root/.m2/repository/org/glassfish/jersey/core/jersey-server/2.27/jersey-server-2.27.jar:/root/.m2/repository/org/glassfish/jersey/core/jersey-client/2.27/jersey-client-2.27.jar:/root/.m2/repository/org/glassfish/jersey/media/jersey-media-jaxb/2.27/jersey-media-jaxb-2.27.jar:/root/.m2/repository/javax/validation/validation-api/1.1.0.Final/validation-api-1.1.0.Final.jar:/root/.m2/repository/org/glassfish/jersey/media/jersey-media-json-jackson/2.27/jersey-media-json-jackson-2.27.jar:/root/.m2/repository/org/glassfish/jersey/ext/jersey-entity-filtering/2.27/jersey-entity-filtering-2.27.jar:/root/.m2/repository/com/google/inject/extensions/guice-assistedinject/4.0/guice-assistedinject-4.0.jar:/root/.m2/repository/org/jooq/jooq/3.11.10/jooq-3.11.10.jar:/root/.m2/repository/org/jooq/jooq-meta/3.11.10/jooq-meta-3.11.10.jar:/root/.m2/repository/org/jooq/jooq-codegen/3.11.10/jooq-codegen-3.11.10.jar:/root/.m2/repository/com/jolbox/bonecp/0.8.0.RELEASE/bonecp-0.8.0.RELEASE.jar:/root/.m2/repository/org/xerial/sqlite-jdbc/3.25.2/sqlite-jdbc-3.25.2.jar:/root/.m2/repository/org/springframework/spring-jdbc/5.1.3.RELEASE/spring-jdbc-5.1.3.RELEASE.jar:/root/.m2/repository/org/springframework/spring-beans/5.1.3.RELEASE/spring-beans-5.1.3.RELEASE.jar:/root/.m2/repository/org/springframework/spring-core/5.1.3.RELEASE/spring-core-5.1.3.RELEASE.jar:/root/.m2/repository/org/springframework/spring-jcl/5.1.3.RELEASE/spring-jcl-5.1.3.RELEASE.jar:/root/.m2/repository/org/springframework/spring-tx/5.1.3.RELEASE/spring-tx-5.1.3.RELEASE.jar:/root/.m2/repository/org/apache/hadoop/hadoop-ozone-client/0.5.0-SNAPSHOT/hadoop-ozone-client-0.5.0-SNAPSHOT.jar:/root/.m2/repository/org/apache/hadoop/hadoop-ozone-ozone-manager/0.5.0-SNAPSHOT/hadoop-ozone-ozone-manager-0.5.0-SNAPSHOT-tests.jar:/root/.m2/repository/junit/junit/4.11/junit-4.11.jar:/root/.m2/repository/org/hamcrest/hamcrest-core/1.3/hamcrest-core-1.3.jar:/root/.m2/repository/org/openjdk/jmh/jmh-core/1.19/jmh-core-1.19.jar:/root/.m2/repository/net/sf/jopt-simple/jopt-simple/4.6/jopt-simple-4.6.jar:/root/.m2/repository/org/apache/commons/commons-math3/3.1.1/commons-math3-3.1.1.jar:/root/.m2/repository/org/openjdk/jmh/jmh-generator-annprocess/1.19/jmh-generator-annprocess-1.19.jar:/root/.m2/repository/org/mockito/mockito-all/1.8.5/mockito-all-1.8.5.jar:/root/.m2/repository/org/apache/hadoop/hadoop-kms/3.2.0/hadoop-kms-3.2.0.jar:/root/.m2/repository/org/apache/hadoop/hadoop-auth/3.2.0/hadoop-auth-3.2.0.jar:/root/.m2/repository/com/nimbusds/nimbus-jose-jwt/4.41.1/nimbus-jose-jwt-4.41.1.jar:/root/.m2/repository/com/github/stephenc/jcip/jcip-annotations/1.0-1/jcip-annotations-1.0-1.jar:/root/.m2/repository/net/minidev/json-smart/2.3/json-smart-2.3.jar:/root/.m2/repository/net/minidev/accessors-smart/1.2/accessors-smart-1.2.jar:/root/.m2/repository/org/ow2/asm/asm/5.0.4/asm-5.0.4.jar:/root/.m2/repository/org/apache/curator/curator-framework/2.12.0/curator-framework-2.12.0.jar:/root/.m2/repository/com/sun/jersey/jersey-core/1.19/jersey-core-1.19.jar:/root/.m2/repository/javax/ws/rs/jsr311-api/1.1.1/jsr311-api-1.1.1.jar:/root/.m2/repository/com/sun/jersey/jersey-server/1.19/jersey-server-1.19.jar:/root/.m2/repository/javax/servlet/javax.servlet-api/3.1.0/javax.servlet-api-3.1.0.jar:/root/.m2/repository/org/eclipse/jetty/jetty-server/9.3.24.v20180605/jetty-server-9.3.24.v20180605.jar:/root/.m2/repository/org/eclipse/jetty/jetty-http/9.3.24.v20180605/jetty-http-9.3.24.v20180605.jar:/root/.m2/repository/org/eclipse/jetty/jetty-io/9.3.24.v20180605/jetty-io-9.3.24.v20180605.jar:/root/.m2/repository/org/eclipse/jetty/jetty-webapp/9.3.24.v20180605/jetty-webapp-9.3.24.v20180605.jar:/root/.m2/repository/org/eclipse/jetty/jetty-xml/9.3.24.v20180605/jetty-xml-9.3.24.v20180605.jar:/root/.m2/repository/log4j/log4j/1.2.17/log4j-1.2.17.jar:/root/.m2/repository/org/slf4j/slf4j-api/1.7.25/slf4j-api-1.7.25.jar:/root/.m2/repository/org/slf4j/jul-to-slf4j/1.7.25/jul-to-slf4j-1.7.25.jar:/root/.m2/repository/org/eclipse/jetty/jetty-util/9.3.24.v20180605/jetty-util-9.3.24.v20180605.jar:/root/.m2/repository/io/dropwizard/metrics/metrics-core/3.2.4/metrics-core-3.2.4.jar:/root/.m2/repository/com/fasterxml/jackson/core/jackson-databind/2.9.5/jackson-databind-2.9.5.jar:/root/.m2/repository/org/apache/hadoop/hadoop-kms/3.2.0/hadoop-kms-3.2.0-tests.jar:/root/.m2/repository/org/apache/hadoop/hadoop-hdds-server-scm/0.5.0-SNAPSHOT/hadoop-hdds-server-scm-0.5.0-SNAPSHOT-tests.jar:/root/.m2/repository/org/hamcrest/hamcrest-all/1.3/hamcrest-all-1.3.jar:/root/.m2/repository/info/picocli/picocli/3.9.6/picocli-3.9.6.jar:/root/.m2/repository/org/apache/hadoop/hadoop-hdds-container-service/0.5.0-SNAPSHOT/hadoop-hdds-container-service-0.5.0-SNAPSHOT-tests.jar:/root/.m2/repository/org/yaml/snakeyaml/1.16/snakeyaml-1.16.jar:/root/.m2/repository/org/apache/hadoop/hadoop-common/3.2.0/hadoop-common-3.2.0-tests.jar:/root/.m2/repository/org/apache/hadoop/hadoop-annotations/3.2.0/hadoop-annotations-3.2.0.jar:/usr/lib/jvm/java-1.8-openjdk/jre/../lib/tools.jar:/root/.m2/repository/commons-cli/commons-cli/1.2/commons-cli-1.2.jar:/root/.m2/repository/org/apache/httpcomponents/httpclient/4.5.2/httpclient-4.5.2.jar:/root/.m2/repository/org/apache/httpcomponents/httpcore/4.4.4/httpcore-4.4.4.jar:/root/.m2/repository/commons-codec/commons-codec/1.11/commons-codec-1.11.jar:/root/.m2/repository/commons-net/commons-net/3.6/commons-net-3.6.jar:/root/.m2/repository/commons-collections/commons-collections/3.2.2/commons-collections-3.2.2.jar:/root/.m2/repository/org/eclipse/jetty/jetty-servlet/9.3.24.v20180605/jetty-servlet-9.3.24.v20180605.jar:/root/.m2/repository/org/eclipse/jetty/jetty-security/9.3.24.v20180605/jetty-security-9.3.24.v20180605.jar:/root/.m2/repository/javax/servlet/jsp/jsp-api/2.1/jsp-api-2.1.jar:/root/.m2/repository/com/sun/jersey/jersey-servlet/1.19/jersey-servlet-1.19.jar:/root/.m2/repository/com/sun/jersey/jersey-json/1.19/jersey-json-1.19.jar:/root/.m2/repository/org/codehaus/jettison/jettison/1.1/jettison-1.1.jar:/root/.m2/repository/org/codehaus/jackson/jackson-core-asl/1.9.13/jackson-core-asl-1.9.13.jar:/root/.m2/repository/org/codehaus/jackson/jackson-mapper-asl/1.9.13/jackson-mapper-asl-1.9.13.jar:/root/.m2/repository/org/codehaus/jackson/jackson-jaxrs/1.9.13/jackson-jaxrs-1.9.13.jar:/root/.m2/repository/org/codehaus/jackson/jackson-xc/1.9.13/jackson-xc-1.9.13.jar:/root/.m2/repository/commons-logging/commons-logging/1.1.3/commons-logging-1.1.3.jar:/root/.m2/repository/commons-beanutils/commons-beanutils/1.9.3/commons-beanutils-1.9.3.jar:/root/.m2/repository/org/apache/commons/commons-configuration2/2.1.1/commons-configuration2-2.1.1.jar:/root/.m2/repository/org/apache/commons/commons-lang3/3.7/commons-lang3-3.7.jar:/root/.m2/repository/org/apache/commons/commons-text/1.4/commons-text-1.4.jar:/root/.m2/repository/org/apache/avro/avro/1.7.7/avro-1.7.7.jar:/root/.m2/repository/com/thoughtworks/paranamer/paranamer/2.3/paranamer-2.3.jar:/root/.m2/repository/org/xerial/snappy/snappy-java/1.0.5/snappy-java-1.0.5.jar:/root/.m2/repository/com/google/re2j/re2j/1.1/re2j-1.1.jar:/root/.m2/repository/com/google/code/gson/gson/2.2.4/gson-2.2.4.jar:/root/.m2/repository/com/jcraft/jsch/0.1.54/jsch-0.1.54.jar:/root/.m2/repository/org/apache/curator/curator-client/2.12.0/curator-client-2.12.0.jar:/root/.m2/repository/org/apache/curator/curator-recipes/2.12.0/curator-recipes-2.12.0.jar:/root/.m2/repository/com/google/code/findbugs/jsr305/3.0.0/jsr305-3.0.0.jar:/root/.m2/repository/org/apache/htrace/htrace-core4/4.1.0-incubating/htrace-core4-4.1.0-incubating.jar:/root/.m2/repository/org/apache/zookeeper/zookeeper/3.4.13/zookeeper-3.4.13.jar:/root/.m2/repository/org/apache/yetus/audience-annotations/0.5.0/audience-annotations-0.5.0.jar:/root/.m2/repository/org/codehaus/woodstox/stax2-api/3.1.4/stax2-api-3.1.4.jar:/root/.m2/repository/com/fasterxml/woodstox/woodstox-core/5.0.3/woodstox-core-5.0.3.jar:/root/.m2/repository/dnsjava/dnsjava/2.1.7/dnsjava-2.1.7.jar:/root/.m2/repository/org/apache/hadoop/hadoop-hdfs/3.2.0/hadoop-hdfs-3.2.0-tests.jar:/root/.m2/repository/org/eclipse/jetty/jetty-util-ajax/9.3.24.v20180605/jetty-util-ajax-9.3.24.v20180605.jar:/root/.m2/repository/commons-daemon/commons-daemon/1.0.13/commons-daemon-1.0.13.jar:/root/.m2/repository/io/netty/netty/3.10.5.Final/netty-3.10.5.Final.jar:/root/.m2/repository/io/netty/netty-all/4.0.52.Final/netty-all-4.0.52.Final.jar:/root/.m2/repository/org/fusesource/leveldbjni/leveldbjni-all/1.8/leveldbjni-all-1.8.jar:"/>
    <property name="sun.cpu.endian" value="little"/>
    <property name="user.home" value="/root"/>
    <property name="user.language" value="en"/>
    <property name="java.specification.vendor" value="Oracle Corporation"/>
    <property name="java.home" value="/usr/lib/jvm/java-1.8-openjdk/jre"/>
    <property name="java.security.krb5.conf" value="/opt/src/hadoop-ozone/integration-test/target/test-classes/krb5.conf"/>
    <property name="basedir" value="/opt/src/hadoop-ozone/integration-test"/>
    <property name="file.separator" value="/"/>
    <property name="line.separator" value="&#10;"/>
    <property name="java.vm.specification.vendor" value="Oracle Corporation"/>
    <property name="java.specification.name" value="Java Platform API Specification"/>
    <property name="java.awt.graphicsenv" value="sun.awt.X11GraphicsEnvironment"/>
    <property name="surefire.real.class.path" value="/opt/src/hadoop-ozone/integration-test/target/surefire/surefirebooter8050028235812413481.jar"/>
    <property name="hadoop.log.dir" value="/opt/src/hadoop-ozone/integration-test/target/log"/>
    <property name="sun.boot.class.path" value="/usr/lib/jvm/java-1.8-openjdk/jre/lib/resources.jar:/usr/lib/jvm/java-1.8-openjdk/jre/lib/rt.jar:/usr/lib/jvm/java-1.8-openjdk/jre/lib/sunrsasign.jar:/usr/lib/jvm/java-1.8-openjdk/jre/lib/jsse.jar:/usr/lib/jvm/java-1.8-openjdk/jre/lib/jce.jar:/usr/lib/jvm/java-1.8-openjdk/jre/lib/charsets.jar:/usr/lib/jvm/java-1.8-openjdk/jre/lib/jfr.jar:/usr/lib/jvm/java-1.8-openjdk/jre/classes"/>
    <property name="sun.management.compiler" value="HotSpot 64-Bit Tiered Compilers"/>
    <property name="java.runtime.version" value="1.8.0_212-b04"/>
    <property name="java.net.preferIPv4Stack" value="true"/>
    <property name="user.name" value="root"/>
    <property name="path.separator" value=":"/>
    <property name="java.security.egd" value="file:///dev/urandom"/>
    <property name="os.version" value="4.15.0-1021-aws"/>
    <property name="java.endorsed.dirs" value="/usr/lib/jvm/java-1.8-openjdk/jre/lib/endorsed"/>
    <property name="java.runtime.name" value="OpenJDK Runtime Environment"/>
    <property name="file.encoding" value="UTF-8"/>
    <property name="java.vm.name" value="OpenJDK 64-Bit Server VM"/>
    <property name="test.build.webapps" value=""/>
    <property name="localRepository" value="/root/.m2/repository"/>
    <property name="java.vendor.url.bug" value="https://icedtea.classpath.org/bugzilla"/>
    <property name="java.io.tmpdir" value="/tmp"/>
    <property name="require.test.libhadoop" value=""/>
    <property name="java.version" value="1.8.0_212"/>
    <property name="user.dir" value="/opt/src/hadoop-ozone/integration-test"/>
    <property name="os.arch" value="amd64"/>
    <property name="java.vm.specification.name" value="Java Virtual Machine Specification"/>
    <property name="test.build.classes" value="/opt/src/hadoop-ozone/integration-test/target/test-classes"/>
    <property name="java.awt.printerjob" value="sun.print.PSPrinterJob"/>
    <property name="sun.os.patch.level" value="unknown"/>
    <property name="hadoop.tmp.dir" value="/opt/src/hadoop-ozone/integration-test/target/tmp"/>
    <property name="java.library.path" value="/usr/lib/jvm/java-1.8-openjdk/jre/lib/amd64/server:/usr/lib/jvm/java-1.8-openjdk/jre/lib/amd64:/usr/lib/jvm/java-1.8-openjdk/jre/../lib/amd64:/opt/src/hadoop-ozone/integration-test/target/native/target/usr/local/lib:/opt/src/hadoop-ozone/integration-test/../../hadoop-common-project/hadoop-common/target/native/target/usr/local/lib:/usr/java/packages/lib/amd64:/usr/lib64:/lib64:/lib:/usr/lib"/>
    <property name="java.vm.info" value="mixed mode"/>
    <property name="java.vendor" value="IcedTea"/>
    <property name="java.vm.version" value="25.212-b04"/>
    <property name="java.ext.dirs" value="/usr/lib/jvm/java-1.8-openjdk/jre/lib/ext:/usr/java/packages/lib/ext"/>
    <property name="sun.io.unicode.encoding" value="UnicodeLittle"/>
    <property name="java.class.version" value="52.0"/>
  </properties>
  <testcase name="testPipelineFail" classname="org.apache.hadoop.hdds.scm.pipeline.TestNodeFailure" time="0">
    <skipped/>
    <system-out><![CDATA[2019-06-14 05:02:12,836 WARN  server.ServerUtils (ServerUtils.java:getScmDbDir(145)) - ozone.scm.db.dirs is not configured. We recommend adding this setting. Falling back to ozone.metadata.dirs instead.
2019-06-14 05:02:12,952 WARN  server.ServerUtils (ServerUtils.java:getScmDbDir(145)) - ozone.scm.db.dirs is not configured. We recommend adding this setting. Falling back to ozone.metadata.dirs instead.
2019-06-14 05:02:12,959 WARN  server.ServerUtils (ServerUtils.java:getScmDbDir(145)) - ozone.scm.db.dirs is not configured. We recommend adding this setting. Falling back to ozone.metadata.dirs instead.
2019-06-14 05:02:12,984 INFO  util.log (Log.java:initialized(192)) - Logging initialized @969ms
2019-06-14 05:02:13,097 INFO  db.DBStoreBuilder (DBStoreBuilder.java:addTable(110)) - using custom profile for table: deletedBlocks
2019-06-14 05:02:13,097 INFO  db.DBStoreBuilder (DBStoreBuilder.java:processTables(161)) - Using default column profile:DBProfile.DISK for Table:deletedBlocks
2019-06-14 05:02:13,097 INFO  db.DBStoreBuilder (DBStoreBuilder.java:addTable(110)) - using custom profile for table: validCerts
2019-06-14 05:02:13,098 INFO  db.DBStoreBuilder (DBStoreBuilder.java:processTables(161)) - Using default column profile:DBProfile.DISK for Table:validCerts
2019-06-14 05:02:13,098 INFO  db.DBStoreBuilder (DBStoreBuilder.java:addTable(110)) - using custom profile for table: revokedCerts
2019-06-14 05:02:13,098 INFO  db.DBStoreBuilder (DBStoreBuilder.java:processTables(161)) - Using default column profile:DBProfile.DISK for Table:revokedCerts
2019-06-14 05:02:13,112 INFO  db.DBStoreBuilder (DBStoreBuilder.java:addTable(110)) - using custom profile for table: default
2019-06-14 05:02:13,112 INFO  db.DBStoreBuilder (DBStoreBuilder.java:processTables(167)) - Using default column profile:DBProfile.DISK for Table:default
2019-06-14 05:02:13,114 INFO  db.DBStoreBuilder (DBStoreBuilder.java:getDbProfile(198)) - Using default options. DBProfile.DISK
2019-06-14 05:02:13,210 INFO  node.SCMNodeManager (SCMNodeManager.java:<init>(108)) - Entering startup safe mode.
2019-06-14 05:02:13,333 INFO  net.NodeSchemaLoader (NodeSchemaLoader.java:loadSchemaFromFile(125)) - Loading file from sun.misc.CompoundEnumeration@443118b0
2019-06-14 05:02:13,335 INFO  net.NodeSchemaLoader (NodeSchemaLoader.java:loadSchema(171)) - Loading network topology layer schema file
2019-06-14 05:02:13,414 WARN  server.ServerUtils (ServerUtils.java:getScmDbDir(145)) - ozone.scm.db.dirs is not configured. We recommend adding this setting. Falling back to ozone.metadata.dirs instead.
2019-06-14 05:02:13,445 INFO  pipeline.SCMPipelineManager (SCMPipelineManager.java:initializePipelineState(126)) - No pipeline exists in current db
2019-06-14 05:02:13,447 WARN  server.ServerUtils (ServerUtils.java:getScmDbDir(145)) - ozone.scm.db.dirs is not configured. We recommend adding this setting. Falling back to ozone.metadata.dirs instead.
2019-06-14 05:02:13,520 WARN  events.EventQueue (EventQueue.java:fireEvent(175)) - No event handler registered for event TypedEvent{payloadType=SafeModeStatus, name='SafeModeStatus'}
2019-06-14 05:02:14,013 INFO  ipc.CallQueueManager (CallQueueManager.java:<init>(84)) - Using callQueue: class java.util.concurrent.LinkedBlockingQueue, queueCapacity: 2000, scheduler: class org.apache.hadoop.ipc.DefaultRpcScheduler, ipcBackoff: false.
2019-06-14 05:02:14,049 INFO  ipc.Server (Server.java:run(1074)) - Starting Socket Reader #1 for port 38771
2019-06-14 05:02:14,111 INFO  ipc.CallQueueManager (CallQueueManager.java:<init>(84)) - Using callQueue: class java.util.concurrent.LinkedBlockingQueue, queueCapacity: 2000, scheduler: class org.apache.hadoop.ipc.DefaultRpcScheduler, ipcBackoff: false.
2019-06-14 05:02:14,113 INFO  ipc.Server (Server.java:run(1074)) - Starting Socket Reader #1 for port 42045
2019-06-14 05:02:14,124 INFO  ipc.CallQueueManager (CallQueueManager.java:<init>(84)) - Using callQueue: class java.util.concurrent.LinkedBlockingQueue, queueCapacity: 2000, scheduler: class org.apache.hadoop.ipc.DefaultRpcScheduler, ipcBackoff: false.
2019-06-14 05:02:14,189 INFO  ipc.Server (Server.java:run(1074)) - Starting Socket Reader #1 for port 41079
2019-06-14 05:02:14,229 INFO  hdfs.DFSUtil (DFSUtil.java:httpServerTemplateForNNAndJN(1641)) - Starting Web-server for scm at: http://0.0.0.0:0
2019-06-14 05:02:14,499 INFO  server.AuthenticationFilter (AuthenticationFilter.java:constructSecretProvider(240)) - Unable to initialize FileSignerSecretProvider, falling back to use random secrets.
2019-06-14 05:02:14,516 WARN  http.HttpRequestLog (HttpRequestLog.java:getRequestLog(97)) - Jetty request log can only be enabled using Log4j
2019-06-14 05:02:14,528 INFO  http.HttpServer2 (HttpServer2.java:addGlobalFilter(975)) - Added global filter 'safety' (class=org.apache.hadoop.http.HttpServer2$QuotingInputFilter)
2019-06-14 05:02:14,531 INFO  http.HttpServer2 (HttpServer2.java:addFilter(948)) - Added filter static_user_filter (class=org.apache.hadoop.http.lib.StaticUserWebFilter$StaticUserFilter) to context scm
2019-06-14 05:02:14,531 INFO  http.HttpServer2 (HttpServer2.java:addFilter(958)) - Added filter static_user_filter (class=org.apache.hadoop.http.lib.StaticUserWebFilter$StaticUserFilter) to context logs
2019-06-14 05:02:14,531 INFO  http.HttpServer2 (HttpServer2.java:addFilter(958)) - Added filter static_user_filter (class=org.apache.hadoop.http.lib.StaticUserWebFilter$StaticUserFilter) to context static
2019-06-14 05:02:14,559 INFO  server.StorageContainerManager (StorageContainerManager.java:start(752)) - StorageContainerLocationProtocol RPC server is listening at /0.0.0.0:41079
2019-06-14 05:02:14,628 WARN  impl.MetricsConfig (MetricsConfig.java:loadFirst(134)) - Cannot locate configuration: tried hadoop-metrics2-storagecontainermanager.properties,hadoop-metrics2.properties
2019-06-14 05:02:14,661 INFO  impl.MetricsSystemImpl (MetricsSystemImpl.java:startTimer(374)) - Scheduled Metric snapshot period at 10 second(s).
2019-06-14 05:02:14,662 INFO  impl.MetricsSystemImpl (MetricsSystemImpl.java:start(191)) - StorageContainerManager metrics system started
2019-06-14 05:02:14,951 INFO  server.SCMClientProtocolServer (SCMClientProtocolServer.java:start(149)) - RPC server for Client  is listening at /0.0.0.0:41079
2019-06-14 05:02:14,952 INFO  ipc.Server (Server.java:run(1314)) - IPC Server Responder: starting
2019-06-14 05:02:14,953 INFO  ipc.Server (Server.java:run(1153)) - IPC Server listener on 41079: starting
2019-06-14 05:02:14,961 INFO  server.StorageContainerManager (StorageContainerManager.java:start(761)) - ScmBlockLocationProtocol RPC server is listening at /0.0.0.0:42045
2019-06-14 05:02:14,962 INFO  server.SCMBlockProtocolServer (SCMBlockProtocolServer.java:start(137)) - RPC server for Block Protocol is listening at /0.0.0.0:42045
2019-06-14 05:02:14,962 INFO  ipc.Server (Server.java:run(1153)) - IPC Server listener on 42045: starting
2019-06-14 05:02:14,962 INFO  ipc.Server (Server.java:run(1314)) - IPC Server Responder: starting
2019-06-14 05:02:14,965 INFO  server.StorageContainerManager (StorageContainerManager.java:start(765)) - ScmDatanodeProtocl RPC server is listening at /0.0.0.0:38771
2019-06-14 05:02:14,966 INFO  server.SCMDatanodeProtocolServer (SCMDatanodeProtocolServer.java:start(191)) - RPC server for DataNodes is listening at /0.0.0.0:38771
2019-06-14 05:02:14,966 INFO  ipc.Server (Server.java:run(1314)) - IPC Server Responder: starting
2019-06-14 05:02:14,966 INFO  ipc.Server (Server.java:run(1153)) - IPC Server listener on 38771: starting
2019-06-14 05:02:14,986 INFO  http.HttpServer2 (HttpServer2.java:bindListener(1191)) - Jetty bound to port 46355
2019-06-14 05:02:14,988 INFO  server.Server (Server.java:doStart(351)) - jetty-9.3.24.v20180605, build timestamp: 2018-06-05T17:11:56Z, git hash: 84205aa28f11a4f31f2a3b86d1bba2cc8ab69827
2019-06-14 05:02:15,063 INFO  handler.ContextHandler (ContextHandler.java:doStart(781)) - Started o.e.j.s.ServletContextHandler@2df6226d{/logs,file:///opt/src/hadoop-ozone/integration-test/target/log,AVAILABLE}
2019-06-14 05:02:15,066 INFO  handler.ContextHandler (ContextHandler.java:doStart(781)) - Started o.e.j.s.ServletContextHandler@4ff4357f{/static,file:///opt/src/hadoop-ozone/integration-test/target/test-classes/webapps/static,AVAILABLE}
2019-06-14 05:02:15,107 INFO  handler.ContextHandler (ContextHandler.java:doStart(781)) - Started o.e.j.w.WebAppContext@34645867{/,file:///opt/src/hadoop-ozone/integration-test/target/test-classes/webapps/scm/,AVAILABLE}{/scm}
2019-06-14 05:02:15,118 INFO  server.AbstractConnector (AbstractConnector.java:doStart(278)) - Started ServerConnector@41b88862{HTTP/1.1,[http/1.1]}{0.0.0.0:46355}
2019-06-14 05:02:15,119 INFO  server.Server (Server.java:doStart(419)) - Started @3104ms
2019-06-14 05:02:15,125 INFO  server.BaseHttpServer (BaseHttpServer.java:updateConnectorAddress(207)) - HTTP server of SCM is listening at http://0.0.0.0:46355
2019-06-14 05:02:15,145 WARN  scm.ScmUtils (ScmUtils.java:getDBPath(63)) - ozone.om.db.dirs is not configured. We recommend adding this setting. Falling back to ozone.metadata.dirs instead.
2019-06-14 05:02:15,153 INFO  util.JvmPauseMonitor (JvmPauseMonitor.java:run(188)) - Starting JVM pause monitor
2019-06-14 05:02:15,305 WARN  scm.ScmUtils (ScmUtils.java:getDBPath(63)) - ozone.om.db.dirs is not configured. We recommend adding this setting. Falling back to ozone.metadata.dirs instead.
2019-06-14 05:02:15,306 INFO  om.OzoneManager (OzoneManager.java:setOMNodeDetails(519)) - OM Service ID is not set. Setting it to the default ID: omServiceIdDefault
2019-06-14 05:02:15,306 INFO  om.OzoneManager (OzoneManager.java:setOMNodeDetails(525)) - OM Node ID is not set. Setting it to the OmStorage's OmID: 1c8be7dc-9a98-4d4e-a3ad-f61cda777804
2019-06-14 05:02:15,308 WARN  scm.HddsServerUtil (HddsServerUtil.java:getDefaultRatisDirectory(354)) - Storage directory for Ratis is not configured. It is a good idea to map this to an SSD disk. Falling back to ozone.metadata.dirs
2019-06-14 05:02:15,308 WARN  scm.HddsServerUtil (HddsServerUtil.java:getDefaultRatisDirectory(354)) - Storage directory for Ratis is not configured. It is a good idea to map this to an SSD disk. Falling back to ozone.metadata.dirs
2019-06-14 05:02:15,309 INFO  om.OzoneManager (OzoneManager.java:loadOMHAConfigs(476)) - Found matching OM address with OMServiceId: null, OMNodeId: null, RPC Address: localhost:0 and Ratis port: 9872
2019-06-14 05:02:15,596 WARN  scm.ScmUtils (ScmUtils.java:getDBPath(63)) - ozone.om.db.dirs is not configured. We recommend adding this setting. Falling back to ozone.metadata.dirs instead.
2019-06-14 05:02:15,606 INFO  db.DBStoreBuilder (DBStoreBuilder.java:addTable(110)) - using custom profile for table: userTable
2019-06-14 05:02:15,606 INFO  db.DBStoreBuilder (DBStoreBuilder.java:processTables(161)) - Using default column profile:DBProfile.DISK for Table:userTable
2019-06-14 05:02:15,607 INFO  db.DBStoreBuilder (DBStoreBuilder.java:addTable(110)) - using custom profile for table: volumeTable
2019-06-14 05:02:15,607 INFO  db.DBStoreBuilder (DBStoreBuilder.java:processTables(161)) - Using default column profile:DBProfile.DISK for Table:volumeTable
2019-06-14 05:02:15,607 INFO  db.DBStoreBuilder (DBStoreBuilder.java:addTable(110)) - using custom profile for table: bucketTable
2019-06-14 05:02:15,607 INFO  db.DBStoreBuilder (DBStoreBuilder.java:processTables(161)) - Using default column profile:DBProfile.DISK for Table:bucketTable
2019-06-14 05:02:15,613 INFO  db.DBStoreBuilder (DBStoreBuilder.java:addTable(110)) - using custom profile for table: keyTable
2019-06-14 05:02:15,614 INFO  db.DBStoreBuilder (DBStoreBuilder.java:processTables(161)) - Using default column profile:DBProfile.DISK for Table:keyTable
2019-06-14 05:02:15,614 INFO  db.DBStoreBuilder (DBStoreBuilder.java:addTable(110)) - using custom profile for table: deletedTable
2019-06-14 05:02:15,614 INFO  db.DBStoreBuilder (DBStoreBuilder.java:processTables(161)) - Using default column profile:DBProfile.DISK for Table:deletedTable
2019-06-14 05:02:15,615 INFO  db.DBStoreBuilder (DBStoreBuilder.java:addTable(110)) - using custom profile for table: openKeyTable
2019-06-14 05:02:15,615 INFO  db.DBStoreBuilder (DBStoreBuilder.java:processTables(161)) - Using default column profile:DBProfile.DISK for Table:openKeyTable
2019-06-14 05:02:15,615 INFO  db.DBStoreBuilder (DBStoreBuilder.java:addTable(110)) - using custom profile for table: s3Table
2019-06-14 05:02:15,615 INFO  db.DBStoreBuilder (DBStoreBuilder.java:processTables(161)) - Using default column profile:DBProfile.DISK for Table:s3Table
2019-06-14 05:02:15,616 INFO  db.DBStoreBuilder (DBStoreBuilder.java:addTable(110)) - using custom profile for table: multipartInfoTable
2019-06-14 05:02:15,616 INFO  db.DBStoreBuilder (DBStoreBuilder.java:processTables(161)) - Using default column profile:DBProfile.DISK for Table:multipartInfoTable
2019-06-14 05:02:15,616 INFO  db.DBStoreBuilder (DBStoreBuilder.java:addTable(110)) - using custom profile for table: dTokenTable
2019-06-14 05:02:15,616 INFO  db.DBStoreBuilder (DBStoreBuilder.java:processTables(161)) - Using default column profile:DBProfile.DISK for Table:dTokenTable
2019-06-14 05:02:15,617 INFO  db.DBStoreBuilder (DBStoreBuilder.java:addTable(110)) - using custom profile for table: s3SecretTable
2019-06-14 05:02:15,617 INFO  db.DBStoreBuilder (DBStoreBuilder.java:processTables(161)) - Using default column profile:DBProfile.DISK for Table:s3SecretTable
2019-06-14 05:02:15,617 INFO  db.DBStoreBuilder (DBStoreBuilder.java:addTable(110)) - using custom profile for table: prefixTable
2019-06-14 05:02:15,618 INFO  db.DBStoreBuilder (DBStoreBuilder.java:processTables(161)) - Using default column profile:DBProfile.DISK for Table:prefixTable
2019-06-14 05:02:15,618 INFO  db.DBStoreBuilder (DBStoreBuilder.java:addTable(110)) - using custom profile for table: default
2019-06-14 05:02:15,618 INFO  db.DBStoreBuilder (DBStoreBuilder.java:processTables(167)) - Using default column profile:DBProfile.DISK for Table:default
2019-06-14 05:02:15,619 INFO  db.DBStoreBuilder (DBStoreBuilder.java:getDbProfile(198)) - Using default options. DBProfile.DISK
2019-06-14 05:02:16,462 INFO  ipc.CallQueueManager (CallQueueManager.java:<init>(84)) - Using callQueue: class java.util.concurrent.LinkedBlockingQueue, queueCapacity: 2000, scheduler: class org.apache.hadoop.ipc.DefaultRpcScheduler, ipcBackoff: false.
2019-06-14 05:02:16,477 INFO  ipc.Server (Server.java:run(1074)) - Starting Socket Reader #1 for port 37773
2019-06-14 05:02:16,527 WARN  scm.ScmUtils (ScmUtils.java:getDBPath(63)) - ozone.om.db.dirs is not configured. We recommend adding this setting. Falling back to ozone.metadata.dirs instead.
2019-06-14 05:02:16,528 INFO  om.OzoneManager (OzoneManager.java:start(1217)) - OzoneManager RPC server is listening at localhost/127.0.0.1:37773
2019-06-14 05:02:16,528 INFO  impl.MetricsSystemImpl (MetricsSystemImpl.java:init(158)) - OzoneManager metrics system started (again)
2019-06-14 05:02:16,541 INFO  ipc.Server (Server.java:run(1314)) - IPC Server Responder: starting
2019-06-14 05:02:16,548 INFO  ipc.Server (Server.java:run(1153)) - IPC Server listener on 37773: starting
2019-06-14 05:02:16,589 INFO  hdfs.DFSUtil (DFSUtil.java:httpServerTemplateForNNAndJN(1641)) - Starting Web-server for ozoneManager at: http://0.0.0.0:0
2019-06-14 05:02:16,591 INFO  server.AuthenticationFilter (AuthenticationFilter.java:constructSecretProvider(240)) - Unable to initialize FileSignerSecretProvider, falling back to use random secrets.
2019-06-14 05:02:16,592 WARN  http.HttpRequestLog (HttpRequestLog.java:getRequestLog(97)) - Jetty request log can only be enabled using Log4j
2019-06-14 05:02:16,595 INFO  http.HttpServer2 (HttpServer2.java:addGlobalFilter(975)) - Added global filter 'safety' (class=org.apache.hadoop.http.HttpServer2$QuotingInputFilter)
2019-06-14 05:02:16,596 INFO  http.HttpServer2 (HttpServer2.java:addFilter(948)) - Added filter static_user_filter (class=org.apache.hadoop.http.lib.StaticUserWebFilter$StaticUserFilter) to context ozoneManager
2019-06-14 05:02:16,596 INFO  http.HttpServer2 (HttpServer2.java:addFilter(958)) - Added filter static_user_filter (class=org.apache.hadoop.http.lib.StaticUserWebFilter$StaticUserFilter) to context logs
2019-06-14 05:02:16,597 INFO  http.HttpServer2 (HttpServer2.java:addFilter(958)) - Added filter static_user_filter (class=org.apache.hadoop.http.lib.StaticUserWebFilter$StaticUserFilter) to context static
2019-06-14 05:02:16,600 INFO  http.HttpServer2 (HttpServer2.java:bindListener(1191)) - Jetty bound to port 45207
2019-06-14 05:02:16,600 INFO  server.Server (Server.java:doStart(351)) - jetty-9.3.24.v20180605, build timestamp: 2018-06-05T17:11:56Z, git hash: 84205aa28f11a4f31f2a3b86d1bba2cc8ab69827
2019-06-14 05:02:16,619 INFO  handler.ContextHandler (ContextHandler.java:doStart(781)) - Started o.e.j.s.ServletContextHandler@67207d8a{/logs,file:///opt/src/hadoop-ozone/integration-test/target/log,AVAILABLE}
2019-06-14 05:02:16,630 INFO  handler.ContextHandler (ContextHandler.java:doStart(781)) - Started o.e.j.s.ServletContextHandler@7c2a69b4{/static,file:///opt/src/hadoop-ozone/integration-test/target/test-classes/webapps/static,AVAILABLE}
2019-06-14 05:02:16,639 INFO  handler.ContextHandler (ContextHandler.java:doStart(781)) - Started o.e.j.w.WebAppContext@69ce2f62{/,file:///opt/src/hadoop-ozone/integration-test/target/test-classes/webapps/ozoneManager/,AVAILABLE}{/ozoneManager}
2019-06-14 05:02:16,640 INFO  server.AbstractConnector (AbstractConnector.java:doStart(278)) - Started ServerConnector@c9d82f9{HTTP/1.1,[http/1.1]}{0.0.0.0:45207}
2019-06-14 05:02:16,640 INFO  server.Server (Server.java:doStart(419)) - Started @4626ms
2019-06-14 05:02:16,641 INFO  server.BaseHttpServer (BaseHttpServer.java:updateConnectorAddress(207)) - HTTP server of OZONEMANAGER is listening at http://0.0.0.0:45207
2019-06-14 05:02:16,893 INFO  impl.MetricsSystemImpl (MetricsSystemImpl.java:init(158)) - HddsDatanode metrics system started (again)
2019-06-14 05:02:17,090 INFO  ozone.HddsDatanodeService (HddsDatanodeService.java:start(185)) - HddsDatanodeService host:ozone-mtz9k-282064168 ip:192.168.105.138
2019-06-14 05:02:17,138 INFO  volume.HddsVolume (HddsVolume.java:<init>(176)) - Creating Volume: /opt/src/hadoop-ozone/integration-test/target/test-dir/MiniOzoneClusterImpl-c13a901d-2fa6-4c37-8ee0-d5db25ea6aab/datanode-0/data/containers/hdds of  storage type : DISK and capacity : 104021790720
2019-06-14 05:02:17,140 INFO  volume.VolumeSet (VolumeSet.java:initializeVolumeSet(170)) - Added Volume : /opt/src/hadoop-ozone/integration-test/target/test-dir/MiniOzoneClusterImpl-c13a901d-2fa6-4c37-8ee0-d5db25ea6aab/datanode-0/data/containers/hdds to VolumeSet
2019-06-14 05:02:17,145 INFO  volume.ThrottledAsyncChecker (ThrottledAsyncChecker.java:schedule(140)) - Scheduling a check for org.apache.hadoop.ozone.container.common.volume.HddsVolume@6892cc6f
2019-06-14 05:02:17,178 INFO  volume.HddsVolumeChecker (HddsVolumeChecker.java:checkAllVolumes(203)) - Scheduled health check for volume org.apache.hadoop.ozone.container.common.volume.HddsVolume@6892cc6f
2019-06-14 05:02:17,239 INFO  ratis.XceiverServerRatis (XceiverServerRatis.java:newXceiverServerRatis(401)) - Found a free port for the server : 42269
2019-06-14 05:02:17,318 INFO  impl.RaftServerProxy (ConfUtils.java:logGet(43)) - raft.rpc.type = GRPC (default)
2019-06-14 05:02:17,329 INFO  grpc.GrpcConfigKeys$Server (ConfUtils.java:logGet(43)) - raft.grpc.server.port = 42269 (custom)
2019-06-14 05:02:17,331 INFO  server.GrpcService (ConfUtils.java:logGet(43)) - raft.grpc.message.size.max = 33570816 (custom)
2019-06-14 05:02:17,332 INFO  server.RaftServerConfigKeys (ConfUtils.java:logGet(43)) - raft.server.log.appender.buffer.byte-limit = 33554432 (custom)
2019-06-14 05:02:17,335 INFO  server.GrpcService (ConfUtils.java:logGet(43)) - raft.grpc.flow.control.window = 1MB (=1048576) (default)
2019-06-14 05:02:17,336 INFO  server.RaftServerConfigKeys (ConfUtils.java:logGet(43)) - raft.server.rpc.request.timeout = 3000ms (default)
2019-06-14 05:02:17,499 INFO  server.RaftServerConfigKeys (ConfUtils.java:logGet(43)) - raft.server.storage.dir = [/opt/src/hadoop-ozone/integration-test/target/test-dir/MiniOzoneClusterImpl-c13a901d-2fa6-4c37-8ee0-d5db25ea6aab/datanode-0/data/ratis] (custom)
2019-06-14 05:02:17,505 INFO  server.XceiverServerGrpc (XceiverServerGrpc.java:<init>(97)) - Found a free port for the server : 42221
2019-06-14 05:02:17,535 INFO  replication.SimpleContainerDownloader (SimpleContainerDownloader.java:<init>(72)) - Starting container downloader service to copy containers to replicate.
2019-06-14 05:02:17,549 INFO  hdfs.DFSUtil (DFSUtil.java:httpServerTemplateForNNAndJN(1641)) - Starting Web-server for hddsDatanode at: http://0.0.0.0:0
2019-06-14 05:02:17,551 INFO  server.AuthenticationFilter (AuthenticationFilter.java:constructSecretProvider(240)) - Unable to initialize FileSignerSecretProvider, falling back to use random secrets.
2019-06-14 05:02:17,552 WARN  http.HttpRequestLog (HttpRequestLog.java:getRequestLog(97)) - Jetty request log can only be enabled using Log4j
2019-06-14 05:02:17,553 INFO  http.HttpServer2 (HttpServer2.java:addGlobalFilter(975)) - Added global filter 'safety' (class=org.apache.hadoop.http.HttpServer2$QuotingInputFilter)
2019-06-14 05:02:17,554 INFO  http.HttpServer2 (HttpServer2.java:addFilter(948)) - Added filter static_user_filter (class=org.apache.hadoop.http.lib.StaticUserWebFilter$StaticUserFilter) to context hddsDatanode
2019-06-14 05:02:17,554 INFO  http.HttpServer2 (HttpServer2.java:addFilter(958)) - Added filter static_user_filter (class=org.apache.hadoop.http.lib.StaticUserWebFilter$StaticUserFilter) to context static
2019-06-14 05:02:17,555 INFO  http.HttpServer2 (HttpServer2.java:addFilter(958)) - Added filter static_user_filter (class=org.apache.hadoop.http.lib.StaticUserWebFilter$StaticUserFilter) to context logs
2019-06-14 05:02:17,555 INFO  http.HttpServer2 (HttpServer2.java:bindListener(1191)) - Jetty bound to port 33371
2019-06-14 05:02:17,556 INFO  server.Server (Server.java:doStart(351)) - jetty-9.3.24.v20180605, build timestamp: 2018-06-05T17:11:56Z, git hash: 84205aa28f11a4f31f2a3b86d1bba2cc8ab69827
2019-06-14 05:02:17,567 INFO  handler.ContextHandler (ContextHandler.java:doStart(781)) - Started o.e.j.s.ServletContextHandler@1317b708{/logs,file:///opt/src/hadoop-ozone/integration-test/target/log,AVAILABLE}
2019-06-14 05:02:17,568 INFO  handler.ContextHandler (ContextHandler.java:doStart(781)) - Started o.e.j.s.ServletContextHandler@2e51d054{/static,jar:file:/root/.m2/repository/org/apache/hadoop/hadoop-hdds-container-service/0.5.0-SNAPSHOT/hadoop-hdds-container-service-0.5.0-SNAPSHOT.jar!/webapps/static,AVAILABLE}
2019-06-14 05:02:17,604 INFO  handler.ContextHandler (ContextHandler.java:doStart(781)) - Started o.e.j.w.WebAppContext@20de05e5{/,file:///tmp/jetty-0.0.0.0-33371-hddsDatanode-_-any-7152009038139384567.dir/webapp/,AVAILABLE}{/hddsDatanode}
2019-06-14 05:02:17,605 INFO  server.AbstractConnector (AbstractConnector.java:doStart(278)) - Started ServerConnector@36c0d0bd{HTTP/1.1,[http/1.1]}{0.0.0.0:33371}
2019-06-14 05:02:17,605 INFO  server.Server (Server.java:doStart(419)) - Started @5590ms
2019-06-14 05:02:17,607 INFO  server.BaseHttpServer (BaseHttpServer.java:updateConnectorAddress(207)) - HTTP server of HDDSDATANODE is listening at http://0.0.0.0:33371
2019-06-14 05:02:18,856 INFO  ozone.HddsDatanodeService (HddsDatanodeService.java:startPlugins(396)) - Started plug-in org.apache.hadoop.ozone.web.OzoneHddsDatanodeService@2da81754
2019-06-14 05:02:18,859 INFO  impl.MetricsSystemImpl (MetricsSystemImpl.java:init(158)) - HddsDatanode metrics system started (again)
2019-06-14 05:02:18,860 INFO  ozone.HddsDatanodeService (HddsDatanodeService.java:start(185)) - HddsDatanodeService host:ozone-mtz9k-282064168 ip:192.168.105.138
2019-06-14 05:02:18,878 INFO  volume.HddsVolume (HddsVolume.java:<init>(176)) - Creating Volume: /opt/src/hadoop-ozone/integration-test/target/test-dir/MiniOzoneClusterImpl-c13a901d-2fa6-4c37-8ee0-d5db25ea6aab/datanode-1/data/containers/hdds of  storage type : DISK and capacity : 104021790720
2019-06-14 05:02:18,878 INFO  volume.VolumeSet (VolumeSet.java:initializeVolumeSet(170)) - Added Volume : /opt/src/hadoop-ozone/integration-test/target/test-dir/MiniOzoneClusterImpl-c13a901d-2fa6-4c37-8ee0-d5db25ea6aab/datanode-1/data/containers/hdds to VolumeSet
2019-06-14 05:02:18,878 INFO  volume.ThrottledAsyncChecker (ThrottledAsyncChecker.java:schedule(140)) - Scheduling a check for org.apache.hadoop.ozone.container.common.volume.HddsVolume@2b08772d
2019-06-14 05:02:18,882 INFO  volume.HddsVolumeChecker (HddsVolumeChecker.java:checkAllVolumes(203)) - Scheduled health check for volume org.apache.hadoop.ozone.container.common.volume.HddsVolume@2b08772d
2019-06-14 05:02:18,928 INFO  util.JvmPauseMonitor (JvmPauseMonitor.java:run(188)) - Starting JVM pause monitor
2019-06-14 05:02:18,946 INFO  ratis.XceiverServerRatis (XceiverServerRatis.java:newXceiverServerRatis(401)) - Found a free port for the server : 37953
2019-06-14 05:02:18,947 INFO  impl.RaftServerProxy (ConfUtils.java:logGet(43)) - raft.rpc.type = GRPC (default)
2019-06-14 05:02:18,947 INFO  grpc.GrpcConfigKeys$Server (ConfUtils.java:logGet(43)) - raft.grpc.server.port = 37953 (custom)
2019-06-14 05:02:18,948 INFO  server.GrpcService (ConfUtils.java:logGet(43)) - raft.grpc.message.size.max = 33570816 (custom)
2019-06-14 05:02:18,948 INFO  server.RaftServerConfigKeys (ConfUtils.java:logGet(43)) - raft.server.log.appender.buffer.byte-limit = 33554432 (custom)
2019-06-14 05:02:18,948 INFO  server.GrpcService (ConfUtils.java:logGet(43)) - raft.grpc.flow.control.window = 1MB (=1048576) (default)
2019-06-14 05:02:18,948 INFO  server.RaftServerConfigKeys (ConfUtils.java:logGet(43)) - raft.server.rpc.request.timeout = 3000ms (default)
2019-06-14 05:02:18,949 INFO  server.RaftServerConfigKeys (ConfUtils.java:logGet(43)) - raft.server.storage.dir = [/opt/src/hadoop-ozone/integration-test/target/test-dir/MiniOzoneClusterImpl-c13a901d-2fa6-4c37-8ee0-d5db25ea6aab/datanode-1/data/ratis] (custom)
2019-06-14 05:02:18,950 INFO  server.XceiverServerGrpc (XceiverServerGrpc.java:<init>(97)) - Found a free port for the server : 34703
2019-06-14 05:02:18,950 INFO  replication.SimpleContainerDownloader (SimpleContainerDownloader.java:<init>(72)) - Starting container downloader service to copy containers to replicate.
2019-06-14 05:02:18,954 INFO  hdfs.DFSUtil (DFSUtil.java:httpServerTemplateForNNAndJN(1641)) - Starting Web-server for hddsDatanode at: http://0.0.0.0:0
2019-06-14 05:02:18,955 INFO  server.AuthenticationFilter (AuthenticationFilter.java:constructSecretProvider(240)) - Unable to initialize FileSignerSecretProvider, falling back to use random secrets.
2019-06-14 05:02:18,957 WARN  http.HttpRequestLog (HttpRequestLog.java:getRequestLog(97)) - Jetty request log can only be enabled using Log4j
2019-06-14 05:02:18,967 INFO  http.HttpServer2 (HttpServer2.java:addGlobalFilter(975)) - Added global filter 'safety' (class=org.apache.hadoop.http.HttpServer2$QuotingInputFilter)
2019-06-14 05:02:18,967 INFO  http.HttpServer2 (HttpServer2.java:addFilter(948)) - Added filter static_user_filter (class=org.apache.hadoop.http.lib.StaticUserWebFilter$StaticUserFilter) to context hddsDatanode
2019-06-14 05:02:18,968 INFO  http.HttpServer2 (HttpServer2.java:addFilter(958)) - Added filter static_user_filter (class=org.apache.hadoop.http.lib.StaticUserWebFilter$StaticUserFilter) to context logs
2019-06-14 05:02:18,968 INFO  http.HttpServer2 (HttpServer2.java:addFilter(958)) - Added filter static_user_filter (class=org.apache.hadoop.http.lib.StaticUserWebFilter$StaticUserFilter) to context static
2019-06-14 05:02:18,968 INFO  http.HttpServer2 (HttpServer2.java:bindListener(1191)) - Jetty bound to port 33449
2019-06-14 05:02:18,969 INFO  server.Server (Server.java:doStart(351)) - jetty-9.3.24.v20180605, build timestamp: 2018-06-05T17:11:56Z, git hash: 84205aa28f11a4f31f2a3b86d1bba2cc8ab69827
2019-06-14 05:02:18,987 INFO  handler.ContextHandler (ContextHandler.java:doStart(781)) - Started o.e.j.s.ServletContextHandler@60f77af{/logs,file:///opt/src/hadoop-ozone/integration-test/target/log,AVAILABLE}
2019-06-14 05:02:18,989 INFO  handler.ContextHandler (ContextHandler.java:doStart(781)) - Started o.e.j.s.ServletContextHandler@18b6d3c1{/static,jar:file:/root/.m2/repository/org/apache/hadoop/hadoop-hdds-container-service/0.5.0-SNAPSHOT/hadoop-hdds-container-service-0.5.0-SNAPSHOT.jar!/webapps/static,AVAILABLE}
2019-06-14 05:02:19,036 INFO  handler.ContextHandler (ContextHandler.java:doStart(781)) - Started o.e.j.w.WebAppContext@6b4125ed{/,file:///tmp/jetty-0.0.0.0-33449-hddsDatanode-_-any-1766653280616867359.dir/webapp/,AVAILABLE}{/hddsDatanode}
2019-06-14 05:02:19,042 INFO  server.AbstractConnector (AbstractConnector.java:doStart(278)) - Started ServerConnector@78da899f{HTTP/1.1,[http/1.1]}{0.0.0.0:33449}
2019-06-14 05:02:19,042 INFO  server.Server (Server.java:doStart(419)) - Started @7027ms
2019-06-14 05:02:19,075 INFO  server.BaseHttpServer (BaseHttpServer.java:updateConnectorAddress(207)) - HTTP server of HDDSDATANODE is listening at http://0.0.0.0:33449
2019-06-14 05:02:19,091 INFO  datanode.InitDatanodeState (InitDatanodeState.java:persistContainerDatanodeDetails(140)) - DatanodeDetails is persisted to /opt/src/hadoop-ozone/integration-test/target/test-dir/MiniOzoneClusterImpl-c13a901d-2fa6-4c37-8ee0-d5db25ea6aab/datanode-0/meta/datanode.id
2019-06-14 05:02:19,275 INFO  ozone.HddsDatanodeService (HddsDatanodeService.java:startPlugins(396)) - Started plug-in org.apache.hadoop.ozone.web.OzoneHddsDatanodeService@2a140ce5
2019-06-14 05:02:19,276 INFO  impl.MetricsSystemImpl (MetricsSystemImpl.java:init(158)) - HddsDatanode metrics system started (again)
2019-06-14 05:02:19,278 INFO  ozone.HddsDatanodeService (HddsDatanodeService.java:start(185)) - HddsDatanodeService host:ozone-mtz9k-282064168 ip:192.168.105.138
2019-06-14 05:02:19,294 INFO  util.JvmPauseMonitor (JvmPauseMonitor.java:run(188)) - Starting JVM pause monitor
2019-06-14 05:02:19,298 INFO  volume.HddsVolume (HddsVolume.java:<init>(176)) - Creating Volume: /opt/src/hadoop-ozone/integration-test/target/test-dir/MiniOzoneClusterImpl-c13a901d-2fa6-4c37-8ee0-d5db25ea6aab/datanode-2/data/containers/hdds of  storage type : DISK and capacity : 104021790720
2019-06-14 05:02:19,298 INFO  volume.VolumeSet (VolumeSet.java:initializeVolumeSet(170)) - Added Volume : /opt/src/hadoop-ozone/integration-test/target/test-dir/MiniOzoneClusterImpl-c13a901d-2fa6-4c37-8ee0-d5db25ea6aab/datanode-2/data/containers/hdds to VolumeSet
2019-06-14 05:02:19,299 INFO  volume.ThrottledAsyncChecker (ThrottledAsyncChecker.java:schedule(140)) - Scheduling a check for org.apache.hadoop.ozone.container.common.volume.HddsVolume@2c604965
2019-06-14 05:02:19,302 INFO  volume.HddsVolumeChecker (HddsVolumeChecker.java:checkAllVolumes(203)) - Scheduled health check for volume org.apache.hadoop.ozone.container.common.volume.HddsVolume@2c604965
2019-06-14 05:02:19,319 INFO  datanode.InitDatanodeState (InitDatanodeState.java:persistContainerDatanodeDetails(140)) - DatanodeDetails is persisted to /opt/src/hadoop-ozone/integration-test/target/test-dir/MiniOzoneClusterImpl-c13a901d-2fa6-4c37-8ee0-d5db25ea6aab/datanode-1/meta/datanode.id
2019-06-14 05:02:19,325 INFO  ratis.XceiverServerRatis (XceiverServerRatis.java:newXceiverServerRatis(401)) - Found a free port for the server : 45909
2019-06-14 05:02:19,327 INFO  impl.RaftServerProxy (ConfUtils.java:logGet(43)) - raft.rpc.type = GRPC (default)
2019-06-14 05:02:19,327 INFO  grpc.GrpcConfigKeys$Server (ConfUtils.java:logGet(43)) - raft.grpc.server.port = 45909 (custom)
2019-06-14 05:02:19,327 INFO  server.GrpcService (ConfUtils.java:logGet(43)) - raft.grpc.message.size.max = 33570816 (custom)
2019-06-14 05:02:19,328 INFO  server.RaftServerConfigKeys (ConfUtils.java:logGet(43)) - raft.server.log.appender.buffer.byte-limit = 33554432 (custom)
2019-06-14 05:02:19,328 INFO  server.GrpcService (ConfUtils.java:logGet(43)) - raft.grpc.flow.control.window = 1MB (=1048576) (default)
2019-06-14 05:02:19,328 INFO  server.RaftServerConfigKeys (ConfUtils.java:logGet(43)) - raft.server.rpc.request.timeout = 3000ms (default)
2019-06-14 05:02:19,329 INFO  server.RaftServerConfigKeys (ConfUtils.java:logGet(43)) - raft.server.storage.dir = [/opt/src/hadoop-ozone/integration-test/target/test-dir/MiniOzoneClusterImpl-c13a901d-2fa6-4c37-8ee0-d5db25ea6aab/datanode-2/data/ratis] (custom)
2019-06-14 05:02:19,329 INFO  server.XceiverServerGrpc (XceiverServerGrpc.java:<init>(97)) - Found a free port for the server : 37737
2019-06-14 05:02:19,330 INFO  replication.SimpleContainerDownloader (SimpleContainerDownloader.java:<init>(72)) - Starting container downloader service to copy containers to replicate.
2019-06-14 05:02:19,330 INFO  hdfs.DFSUtil (DFSUtil.java:httpServerTemplateForNNAndJN(1641)) - Starting Web-server for hddsDatanode at: http://0.0.0.0:0
2019-06-14 05:02:19,332 INFO  server.AuthenticationFilter (AuthenticationFilter.java:constructSecretProvider(240)) - Unable to initialize FileSignerSecretProvider, falling back to use random secrets.
2019-06-14 05:02:19,337 WARN  http.HttpRequestLog (HttpRequestLog.java:getRequestLog(97)) - Jetty request log can only be enabled using Log4j
2019-06-14 05:02:19,339 INFO  http.HttpServer2 (HttpServer2.java:addGlobalFilter(975)) - Added global filter 'safety' (class=org.apache.hadoop.http.HttpServer2$QuotingInputFilter)
2019-06-14 05:02:19,339 INFO  http.HttpServer2 (HttpServer2.java:addFilter(948)) - Added filter static_user_filter (class=org.apache.hadoop.http.lib.StaticUserWebFilter$StaticUserFilter) to context hddsDatanode
2019-06-14 05:02:19,339 INFO  http.HttpServer2 (HttpServer2.java:addFilter(958)) - Added filter static_user_filter (class=org.apache.hadoop.http.lib.StaticUserWebFilter$StaticUserFilter) to context logs
2019-06-14 05:02:19,340 INFO  http.HttpServer2 (HttpServer2.java:addFilter(958)) - Added filter static_user_filter (class=org.apache.hadoop.http.lib.StaticUserWebFilter$StaticUserFilter) to context static
2019-06-14 05:02:19,340 INFO  http.HttpServer2 (HttpServer2.java:bindListener(1191)) - Jetty bound to port 41531
2019-06-14 05:02:19,340 INFO  server.Server (Server.java:doStart(351)) - jetty-9.3.24.v20180605, build timestamp: 2018-06-05T17:11:56Z, git hash: 84205aa28f11a4f31f2a3b86d1bba2cc8ab69827
2019-06-14 05:02:19,347 INFO  handler.ContextHandler (ContextHandler.java:doStart(781)) - Started o.e.j.s.ServletContextHandler@415a3f6a{/logs,file:///opt/src/hadoop-ozone/integration-test/target/log,AVAILABLE}
2019-06-14 05:02:19,347 INFO  handler.ContextHandler (ContextHandler.java:doStart(781)) - Started o.e.j.s.ServletContextHandler@19da993b{/static,jar:file:/root/.m2/repository/org/apache/hadoop/hadoop-hdds-container-service/0.5.0-SNAPSHOT/hadoop-hdds-container-service-0.5.0-SNAPSHOT.jar!/webapps/static,AVAILABLE}
2019-06-14 05:02:19,372 INFO  handler.ContextHandler (ContextHandler.java:doStart(781)) - Started o.e.j.w.WebAppContext@4315c28c{/,file:///tmp/jetty-0.0.0.0-41531-hddsDatanode-_-any-3187822453138541100.dir/webapp/,AVAILABLE}{/hddsDatanode}
2019-06-14 05:02:19,374 INFO  server.AbstractConnector (AbstractConnector.java:doStart(278)) - Started ServerConnector@8fd91d1{HTTP/1.1,[http/1.1]}{0.0.0.0:41531}
2019-06-14 05:02:19,374 INFO  server.Server (Server.java:doStart(419)) - Started @7359ms
2019-06-14 05:02:19,374 INFO  server.BaseHttpServer (BaseHttpServer.java:updateConnectorAddress(207)) - HTTP server of HDDSDATANODE is listening at http://0.0.0.0:41531
2019-06-14 05:02:19,506 INFO  ozone.HddsDatanodeService (HddsDatanodeService.java:startPlugins(396)) - Started plug-in org.apache.hadoop.ozone.web.OzoneHddsDatanodeService@4a6c0f38
2019-06-14 05:02:19,508 INFO  impl.MetricsSystemImpl (MetricsSystemImpl.java:init(158)) - HddsDatanode metrics system started (again)
2019-06-14 05:02:19,509 INFO  ozone.HddsDatanodeService (HddsDatanodeService.java:start(185)) - HddsDatanodeService host:ozone-mtz9k-282064168 ip:192.168.105.138
2019-06-14 05:02:19,534 INFO  util.JvmPauseMonitor (JvmPauseMonitor.java:run(188)) - Starting JVM pause monitor
2019-06-14 05:02:19,538 INFO  volume.HddsVolume (HddsVolume.java:<init>(176)) - Creating Volume: /opt/src/hadoop-ozone/integration-test/target/test-dir/MiniOzoneClusterImpl-c13a901d-2fa6-4c37-8ee0-d5db25ea6aab/datanode-3/data/containers/hdds of  storage type : DISK and capacity : 104021790720
2019-06-14 05:02:19,539 INFO  volume.VolumeSet (VolumeSet.java:initializeVolumeSet(170)) - Added Volume : /opt/src/hadoop-ozone/integration-test/target/test-dir/MiniOzoneClusterImpl-c13a901d-2fa6-4c37-8ee0-d5db25ea6aab/datanode-3/data/containers/hdds to VolumeSet
2019-06-14 05:02:19,539 INFO  volume.ThrottledAsyncChecker (ThrottledAsyncChecker.java:schedule(140)) - Scheduling a check for org.apache.hadoop.ozone.container.common.volume.HddsVolume@5edc3e29
2019-06-14 05:02:19,541 INFO  datanode.InitDatanodeState (InitDatanodeState.java:persistContainerDatanodeDetails(140)) - DatanodeDetails is persisted to /opt/src/hadoop-ozone/integration-test/target/test-dir/MiniOzoneClusterImpl-c13a901d-2fa6-4c37-8ee0-d5db25ea6aab/datanode-2/meta/datanode.id
2019-06-14 05:02:19,546 INFO  volume.HddsVolumeChecker (HddsVolumeChecker.java:checkAllVolumes(203)) - Scheduled health check for volume org.apache.hadoop.ozone.container.common.volume.HddsVolume@5edc3e29
2019-06-14 05:02:19,559 INFO  ratis.XceiverServerRatis (XceiverServerRatis.java:newXceiverServerRatis(401)) - Found a free port for the server : 39257
2019-06-14 05:02:19,562 INFO  impl.RaftServerProxy (ConfUtils.java:logGet(43)) - raft.rpc.type = GRPC (default)
2019-06-14 05:02:19,563 INFO  grpc.GrpcConfigKeys$Server (ConfUtils.java:logGet(43)) - raft.grpc.server.port = 39257 (custom)
2019-06-14 05:02:19,563 INFO  server.GrpcService (ConfUtils.java:logGet(43)) - raft.grpc.message.size.max = 33570816 (custom)
2019-06-14 05:02:19,563 INFO  server.RaftServerConfigKeys (ConfUtils.java:logGet(43)) - raft.server.log.appender.buffer.byte-limit = 33554432 (custom)
2019-06-14 05:02:19,564 INFO  server.GrpcService (ConfUtils.java:logGet(43)) - raft.grpc.flow.control.window = 1MB (=1048576) (default)
2019-06-14 05:02:19,564 INFO  server.RaftServerConfigKeys (ConfUtils.java:logGet(43)) - raft.server.rpc.request.timeout = 3000ms (default)
2019-06-14 05:02:19,564 INFO  server.RaftServerConfigKeys (ConfUtils.java:logGet(43)) - raft.server.storage.dir = [/opt/src/hadoop-ozone/integration-test/target/test-dir/MiniOzoneClusterImpl-c13a901d-2fa6-4c37-8ee0-d5db25ea6aab/datanode-3/data/ratis] (custom)
2019-06-14 05:02:19,565 INFO  server.XceiverServerGrpc (XceiverServerGrpc.java:<init>(97)) - Found a free port for the server : 45029
2019-06-14 05:02:19,565 INFO  replication.SimpleContainerDownloader (SimpleContainerDownloader.java:<init>(72)) - Starting container downloader service to copy containers to replicate.
2019-06-14 05:02:19,567 INFO  hdfs.DFSUtil (DFSUtil.java:httpServerTemplateForNNAndJN(1641)) - Starting Web-server for hddsDatanode at: http://0.0.0.0:0
2019-06-14 05:02:19,569 INFO  server.AuthenticationFilter (AuthenticationFilter.java:constructSecretProvider(240)) - Unable to initialize FileSignerSecretProvider, falling back to use random secrets.
2019-06-14 05:02:19,569 WARN  http.HttpRequestLog (HttpRequestLog.java:getRequestLog(97)) - Jetty request log can only be enabled using Log4j
2019-06-14 05:02:19,570 INFO  http.HttpServer2 (HttpServer2.java:addGlobalFilter(975)) - Added global filter 'safety' (class=org.apache.hadoop.http.HttpServer2$QuotingInputFilter)
2019-06-14 05:02:19,571 INFO  http.HttpServer2 (HttpServer2.java:addFilter(948)) - Added filter static_user_filter (class=org.apache.hadoop.http.lib.StaticUserWebFilter$StaticUserFilter) to context hddsDatanode
2019-06-14 05:02:19,571 INFO  http.HttpServer2 (HttpServer2.java:addFilter(958)) - Added filter static_user_filter (class=org.apache.hadoop.http.lib.StaticUserWebFilter$StaticUserFilter) to context static
2019-06-14 05:02:19,571 INFO  http.HttpServer2 (HttpServer2.java:addFilter(958)) - Added filter static_user_filter (class=org.apache.hadoop.http.lib.StaticUserWebFilter$StaticUserFilter) to context logs
2019-06-14 05:02:19,572 INFO  http.HttpServer2 (HttpServer2.java:bindListener(1191)) - Jetty bound to port 46121
2019-06-14 05:02:19,572 INFO  server.Server (Server.java:doStart(351)) - jetty-9.3.24.v20180605, build timestamp: 2018-06-05T17:11:56Z, git hash: 84205aa28f11a4f31f2a3b86d1bba2cc8ab69827
2019-06-14 05:02:19,577 INFO  handler.ContextHandler (ContextHandler.java:doStart(781)) - Started o.e.j.s.ServletContextHandler@6070775e{/logs,file:///opt/src/hadoop-ozone/integration-test/target/log,AVAILABLE}
2019-06-14 05:02:19,578 INFO  handler.ContextHandler (ContextHandler.java:doStart(781)) - Started o.e.j.s.ServletContextHandler@224c7de4{/static,jar:file:/root/.m2/repository/org/apache/hadoop/hadoop-hdds-container-service/0.5.0-SNAPSHOT/hadoop-hdds-container-service-0.5.0-SNAPSHOT.jar!/webapps/static,AVAILABLE}
2019-06-14 05:02:19,608 INFO  handler.ContextHandler (ContextHandler.java:doStart(781)) - Started o.e.j.w.WebAppContext@28a6e171{/,file:///tmp/jetty-0.0.0.0-46121-hddsDatanode-_-any-391521398179505188.dir/webapp/,AVAILABLE}{/hddsDatanode}
2019-06-14 05:02:19,609 INFO  server.AbstractConnector (AbstractConnector.java:doStart(278)) - Started ServerConnector@23444a36{HTTP/1.1,[http/1.1]}{0.0.0.0:46121}
2019-06-14 05:02:19,610 INFO  server.Server (Server.java:doStart(419)) - Started @7595ms
2019-06-14 05:02:19,610 INFO  server.BaseHttpServer (BaseHttpServer.java:updateConnectorAddress(207)) - HTTP server of HDDSDATANODE is listening at http://0.0.0.0:46121
2019-06-14 05:02:19,748 INFO  ozone.HddsDatanodeService (HddsDatanodeService.java:startPlugins(396)) - Started plug-in org.apache.hadoop.ozone.web.OzoneHddsDatanodeService@3dfd6220
2019-06-14 05:02:19,748 INFO  impl.MetricsSystemImpl (MetricsSystemImpl.java:init(158)) - HddsDatanode metrics system started (again)
2019-06-14 05:02:19,750 INFO  ozone.HddsDatanodeService (HddsDatanodeService.java:start(185)) - HddsDatanodeService host:ozone-mtz9k-282064168 ip:192.168.105.138
2019-06-14 05:02:19,787 INFO  util.JvmPauseMonitor (JvmPauseMonitor.java:run(188)) - Starting JVM pause monitor
2019-06-14 05:02:19,804 INFO  datanode.InitDatanodeState (InitDatanodeState.java:persistContainerDatanodeDetails(140)) - DatanodeDetails is persisted to /opt/src/hadoop-ozone/integration-test/target/test-dir/MiniOzoneClusterImpl-c13a901d-2fa6-4c37-8ee0-d5db25ea6aab/datanode-3/meta/datanode.id
2019-06-14 05:02:19,810 INFO  volume.HddsVolume (HddsVolume.java:<init>(176)) - Creating Volume: /opt/src/hadoop-ozone/integration-test/target/test-dir/MiniOzoneClusterImpl-c13a901d-2fa6-4c37-8ee0-d5db25ea6aab/datanode-4/data/containers/hdds of  storage type : DISK and capacity : 104021790720
2019-06-14 05:02:19,810 INFO  volume.VolumeSet (VolumeSet.java:initializeVolumeSet(170)) - Added Volume : /opt/src/hadoop-ozone/integration-test/target/test-dir/MiniOzoneClusterImpl-c13a901d-2fa6-4c37-8ee0-d5db25ea6aab/datanode-4/data/containers/hdds to VolumeSet
2019-06-14 05:02:19,810 INFO  volume.ThrottledAsyncChecker (ThrottledAsyncChecker.java:schedule(140)) - Scheduling a check for org.apache.hadoop.ozone.container.common.volume.HddsVolume@2dc39b53
2019-06-14 05:02:19,818 INFO  volume.HddsVolumeChecker (HddsVolumeChecker.java:checkAllVolumes(203)) - Scheduled health check for volume org.apache.hadoop.ozone.container.common.volume.HddsVolume@2dc39b53
2019-06-14 05:02:19,832 INFO  ratis.XceiverServerRatis (XceiverServerRatis.java:newXceiverServerRatis(401)) - Found a free port for the server : 43303
2019-06-14 05:02:19,832 INFO  impl.RaftServerProxy (ConfUtils.java:logGet(43)) - raft.rpc.type = GRPC (default)
2019-06-14 05:02:19,833 INFO  grpc.GrpcConfigKeys$Server (ConfUtils.java:logGet(43)) - raft.grpc.server.port = 43303 (custom)
2019-06-14 05:02:19,833 INFO  server.GrpcService (ConfUtils.java:logGet(43)) - raft.grpc.message.size.max = 33570816 (custom)
2019-06-14 05:02:19,833 INFO  server.RaftServerConfigKeys (ConfUtils.java:logGet(43)) - raft.server.log.appender.buffer.byte-limit = 33554432 (custom)
2019-06-14 05:02:19,833 INFO  server.GrpcService (ConfUtils.java:logGet(43)) - raft.grpc.flow.control.window = 1MB (=1048576) (default)
2019-06-14 05:02:19,834 INFO  server.RaftServerConfigKeys (ConfUtils.java:logGet(43)) - raft.server.rpc.request.timeout = 3000ms (default)
2019-06-14 05:02:19,834 INFO  server.RaftServerConfigKeys (ConfUtils.java:logGet(43)) - raft.server.storage.dir = [/opt/src/hadoop-ozone/integration-test/target/test-dir/MiniOzoneClusterImpl-c13a901d-2fa6-4c37-8ee0-d5db25ea6aab/datanode-4/data/ratis] (custom)
2019-06-14 05:02:19,835 INFO  server.XceiverServerGrpc (XceiverServerGrpc.java:<init>(97)) - Found a free port for the server : 38239
2019-06-14 05:02:19,835 INFO  replication.SimpleContainerDownloader (SimpleContainerDownloader.java:<init>(72)) - Starting container downloader service to copy containers to replicate.
2019-06-14 05:02:19,837 INFO  hdfs.DFSUtil (DFSUtil.java:httpServerTemplateForNNAndJN(1641)) - Starting Web-server for hddsDatanode at: http://0.0.0.0:0
2019-06-14 05:02:19,838 INFO  server.AuthenticationFilter (AuthenticationFilter.java:constructSecretProvider(240)) - Unable to initialize FileSignerSecretProvider, falling back to use random secrets.
2019-06-14 05:02:19,842 WARN  http.HttpRequestLog (HttpRequestLog.java:getRequestLog(97)) - Jetty request log can only be enabled using Log4j
2019-06-14 05:02:19,843 INFO  http.HttpServer2 (HttpServer2.java:addGlobalFilter(975)) - Added global filter 'safety' (class=org.apache.hadoop.http.HttpServer2$QuotingInputFilter)
2019-06-14 05:02:19,846 INFO  http.HttpServer2 (HttpServer2.java:addFilter(948)) - Added filter static_user_filter (class=org.apache.hadoop.http.lib.StaticUserWebFilter$StaticUserFilter) to context hddsDatanode
2019-06-14 05:02:19,846 INFO  http.HttpServer2 (HttpServer2.java:addFilter(958)) - Added filter static_user_filter (class=org.apache.hadoop.http.lib.StaticUserWebFilter$StaticUserFilter) to context static
2019-06-14 05:02:19,846 INFO  http.HttpServer2 (HttpServer2.java:addFilter(958)) - Added filter static_user_filter (class=org.apache.hadoop.http.lib.StaticUserWebFilter$StaticUserFilter) to context logs
2019-06-14 05:02:19,847 INFO  http.HttpServer2 (HttpServer2.java:bindListener(1191)) - Jetty bound to port 39921
2019-06-14 05:02:19,847 INFO  server.Server (Server.java:doStart(351)) - jetty-9.3.24.v20180605, build timestamp: 2018-06-05T17:11:56Z, git hash: 84205aa28f11a4f31f2a3b86d1bba2cc8ab69827
2019-06-14 05:02:19,853 INFO  handler.ContextHandler (ContextHandler.java:doStart(781)) - Started o.e.j.s.ServletContextHandler@42c12b3e{/logs,file:///opt/src/hadoop-ozone/integration-test/target/log,AVAILABLE}
2019-06-14 05:02:19,854 INFO  handler.ContextHandler (ContextHandler.java:doStart(781)) - Started o.e.j.s.ServletContextHandler@46f73ffa{/static,jar:file:/root/.m2/repository/org/apache/hadoop/hadoop-hdds-container-service/0.5.0-SNAPSHOT/hadoop-hdds-container-service-0.5.0-SNAPSHOT.jar!/webapps/static,AVAILABLE}
2019-06-14 05:02:19,880 INFO  handler.ContextHandler (ContextHandler.java:doStart(781)) - Started o.e.j.w.WebAppContext@251c90f{/,file:///tmp/jetty-0.0.0.0-39921-hddsDatanode-_-any-1804434550514988560.dir/webapp/,AVAILABLE}{/hddsDatanode}
2019-06-14 05:02:19,881 INFO  server.AbstractConnector (AbstractConnector.java:doStart(278)) - Started ServerConnector@6629643d{HTTP/1.1,[http/1.1]}{0.0.0.0:39921}
2019-06-14 05:02:19,881 INFO  server.Server (Server.java:doStart(419)) - Started @7866ms
2019-06-14 05:02:19,882 INFO  server.BaseHttpServer (BaseHttpServer.java:updateConnectorAddress(207)) - HTTP server of HDDSDATANODE is listening at http://0.0.0.0:39921
2019-06-14 05:02:20,025 INFO  ozone.HddsDatanodeService (HddsDatanodeService.java:startPlugins(396)) - Started plug-in org.apache.hadoop.ozone.web.OzoneHddsDatanodeService@25a5c8e
2019-06-14 05:02:20,025 INFO  impl.MetricsSystemImpl (MetricsSystemImpl.java:init(158)) - HddsDatanode metrics system started (again)
2019-06-14 05:02:20,030 INFO  ozone.HddsDatanodeService (HddsDatanodeService.java:start(185)) - HddsDatanodeService host:ozone-mtz9k-282064168 ip:192.168.105.138
2019-06-14 05:02:20,071 INFO  volume.HddsVolume (HddsVolume.java:<init>(176)) - Creating Volume: /opt/src/hadoop-ozone/integration-test/target/test-dir/MiniOzoneClusterImpl-c13a901d-2fa6-4c37-8ee0-d5db25ea6aab/datanode-5/data/containers/hdds of  storage type : DISK and capacity : 104021790720
2019-06-14 05:02:20,071 INFO  util.JvmPauseMonitor (JvmPauseMonitor.java:run(188)) - Starting JVM pause monitor
2019-06-14 05:02:20,071 INFO  volume.VolumeSet (VolumeSet.java:initializeVolumeSet(170)) - Added Volume : /opt/src/hadoop-ozone/integration-test/target/test-dir/MiniOzoneClusterImpl-c13a901d-2fa6-4c37-8ee0-d5db25ea6aab/datanode-5/data/containers/hdds to VolumeSet
2019-06-14 05:02:20,071 INFO  volume.ThrottledAsyncChecker (ThrottledAsyncChecker.java:schedule(140)) - Scheduling a check for org.apache.hadoop.ozone.container.common.volume.HddsVolume@5329f6b3
2019-06-14 05:02:20,077 INFO  datanode.InitDatanodeState (InitDatanodeState.java:persistContainerDatanodeDetails(140)) - DatanodeDetails is persisted to /opt/src/hadoop-ozone/integration-test/target/test-dir/MiniOzoneClusterImpl-c13a901d-2fa6-4c37-8ee0-d5db25ea6aab/datanode-4/meta/datanode.id
2019-06-14 05:02:20,081 INFO  volume.HddsVolumeChecker (HddsVolumeChecker.java:checkAllVolumes(203)) - Scheduled health check for volume org.apache.hadoop.ozone.container.common.volume.HddsVolume@5329f6b3
2019-06-14 05:02:20,101 INFO  ratis.XceiverServerRatis (XceiverServerRatis.java:newXceiverServerRatis(401)) - Found a free port for the server : 37129
2019-06-14 05:02:20,103 INFO  impl.RaftServerProxy (ConfUtils.java:logGet(43)) - raft.rpc.type = GRPC (default)
2019-06-14 05:02:20,103 INFO  grpc.GrpcConfigKeys$Server (ConfUtils.java:logGet(43)) - raft.grpc.server.port = 37129 (custom)
2019-06-14 05:02:20,103 INFO  server.GrpcService (ConfUtils.java:logGet(43)) - raft.grpc.message.size.max = 33570816 (custom)
2019-06-14 05:02:20,103 INFO  server.RaftServerConfigKeys (ConfUtils.java:logGet(43)) - raft.server.log.appender.buffer.byte-limit = 33554432 (custom)
2019-06-14 05:02:20,104 INFO  server.GrpcService (ConfUtils.java:logGet(43)) - raft.grpc.flow.control.window = 1MB (=1048576) (default)
2019-06-14 05:02:20,104 INFO  server.RaftServerConfigKeys (ConfUtils.java:logGet(43)) - raft.server.rpc.request.timeout = 3000ms (default)
2019-06-14 05:02:20,104 INFO  server.RaftServerConfigKeys (ConfUtils.java:logGet(43)) - raft.server.storage.dir = [/opt/src/hadoop-ozone/integration-test/target/test-dir/MiniOzoneClusterImpl-c13a901d-2fa6-4c37-8ee0-d5db25ea6aab/datanode-5/data/ratis] (custom)
2019-06-14 05:02:20,105 INFO  server.XceiverServerGrpc (XceiverServerGrpc.java:<init>(97)) - Found a free port for the server : 38331
2019-06-14 05:02:20,105 INFO  replication.SimpleContainerDownloader (SimpleContainerDownloader.java:<init>(72)) - Starting container downloader service to copy containers to replicate.
2019-06-14 05:02:20,106 INFO  hdfs.DFSUtil (DFSUtil.java:httpServerTemplateForNNAndJN(1641)) - Starting Web-server for hddsDatanode at: http://0.0.0.0:0
2019-06-14 05:02:20,108 INFO  server.AuthenticationFilter (AuthenticationFilter.java:constructSecretProvider(240)) - Unable to initialize FileSignerSecretProvider, falling back to use random secrets.
2019-06-14 05:02:20,108 WARN  http.HttpRequestLog (HttpRequestLog.java:getRequestLog(97)) - Jetty request log can only be enabled using Log4j
2019-06-14 05:02:20,110 INFO  http.HttpServer2 (HttpServer2.java:addGlobalFilter(975)) - Added global filter 'safety' (class=org.apache.hadoop.http.HttpServer2$QuotingInputFilter)
2019-06-14 05:02:20,110 INFO  http.HttpServer2 (HttpServer2.java:addFilter(948)) - Added filter static_user_filter (class=org.apache.hadoop.http.lib.StaticUserWebFilter$StaticUserFilter) to context hddsDatanode
2019-06-14 05:02:20,110 INFO  http.HttpServer2 (HttpServer2.java:addFilter(958)) - Added filter static_user_filter (class=org.apache.hadoop.http.lib.StaticUserWebFilter$StaticUserFilter) to context logs
2019-06-14 05:02:20,110 INFO  http.HttpServer2 (HttpServer2.java:addFilter(958)) - Added filter static_user_filter (class=org.apache.hadoop.http.lib.StaticUserWebFilter$StaticUserFilter) to context static
2019-06-14 05:02:20,111 INFO  http.HttpServer2 (HttpServer2.java:bindListener(1191)) - Jetty bound to port 40923
2019-06-14 05:02:20,111 INFO  server.Server (Server.java:doStart(351)) - jetty-9.3.24.v20180605, build timestamp: 2018-06-05T17:11:56Z, git hash: 84205aa28f11a4f31f2a3b86d1bba2cc8ab69827
2019-06-14 05:02:20,115 INFO  handler.ContextHandler (ContextHandler.java:doStart(781)) - Started o.e.j.s.ServletContextHandler@1fe8f5e8{/logs,file:///opt/src/hadoop-ozone/integration-test/target/log,AVAILABLE}
2019-06-14 05:02:20,115 INFO  handler.ContextHandler (ContextHandler.java:doStart(781)) - Started o.e.j.s.ServletContextHandler@6e3dd5ce{/static,jar:file:/root/.m2/repository/org/apache/hadoop/hadoop-hdds-container-service/0.5.0-SNAPSHOT/hadoop-hdds-container-service-0.5.0-SNAPSHOT.jar!/webapps/static,AVAILABLE}
2019-06-14 05:02:20,145 INFO  handler.ContextHandler (ContextHandler.java:doStart(781)) - Started o.e.j.w.WebAppContext@6d6cd1e0{/,file:///tmp/jetty-0.0.0.0-40923-hddsDatanode-_-any-5884669276204022627.dir/webapp/,AVAILABLE}{/hddsDatanode}
2019-06-14 05:02:20,146 INFO  server.AbstractConnector (AbstractConnector.java:doStart(278)) - Started ServerConnector@76a9a009{HTTP/1.1,[http/1.1]}{0.0.0.0:40923}
2019-06-14 05:02:20,146 INFO  server.Server (Server.java:doStart(419)) - Started @8131ms
2019-06-14 05:02:20,147 INFO  server.BaseHttpServer (BaseHttpServer.java:updateConnectorAddress(207)) - HTTP server of HDDSDATANODE is listening at http://0.0.0.0:40923
2019-06-14 05:02:20,336 INFO  ozone.HddsDatanodeService (HddsDatanodeService.java:startPlugins(396)) - Started plug-in org.apache.hadoop.ozone.web.OzoneHddsDatanodeService@6eda012b
2019-06-14 05:02:20,338 INFO  ozone.MiniOzoneClusterImpl (MiniOzoneClusterImpl.java:lambda$waitForClusterToBeReady$0(142)) - Waiting for cluster to be ready. Got 0 of 6 DN Heartbeats.
2019-06-14 05:02:20,341 INFO  util.JvmPauseMonitor (JvmPauseMonitor.java:run(188)) - Starting JVM pause monitor
2019-06-14 05:02:20,343 INFO  datanode.InitDatanodeState (InitDatanodeState.java:persistContainerDatanodeDetails(140)) - DatanodeDetails is persisted to /opt/src/hadoop-ozone/integration-test/target/test-dir/MiniOzoneClusterImpl-c13a901d-2fa6-4c37-8ee0-d5db25ea6aab/datanode-5/meta/datanode.id
2019-06-14 05:02:20,933 INFO  ozoneimpl.OzoneContainer (OzoneContainer.java:start(186)) - Attempting to start container services.
2019-06-14 05:02:20,934 INFO  ozoneimpl.OzoneContainer (OzoneContainer.java:startContainerScrub(160)) - Background container scrubber has been disabled by hdds.containerscrub.enabled
2019-06-14 05:02:20,934 INFO  ratis.XceiverServerRatis (XceiverServerRatis.java:start(418)) - Starting XceiverServerRatis 7853ab3a-b326-4386-b5ab-c83011cef43d at port 42269
2019-06-14 05:02:20,952 INFO  impl.RaftServerProxy (RaftServerProxy.java:lambda$start$3(299)) - 7853ab3a-b326-4386-b5ab-c83011cef43d: start RPC server
2019-06-14 05:02:21,110 INFO  server.GrpcService (GrpcService.java:startImpl(148)) - 7853ab3a-b326-4386-b5ab-c83011cef43d: GrpcService started, listening on 0.0.0.0/0.0.0.0:42269
2019-06-14 05:02:21,299 INFO  ozoneimpl.OzoneContainer (OzoneContainer.java:start(186)) - Attempting to start container services.
2019-06-14 05:02:21,301 INFO  ozoneimpl.OzoneContainer (OzoneContainer.java:startContainerScrub(160)) - Background container scrubber has been disabled by hdds.containerscrub.enabled
2019-06-14 05:02:21,301 INFO  ratis.XceiverServerRatis (XceiverServerRatis.java:start(418)) - Starting XceiverServerRatis 16099454-f8c0-4c4b-b8de-9459abe1da85 at port 37953
2019-06-14 05:02:21,341 INFO  ozone.MiniOzoneClusterImpl (MiniOzoneClusterImpl.java:lambda$waitForClusterToBeReady$0(142)) - Waiting for cluster to be ready. Got 0 of 6 DN Heartbeats.
2019-06-14 05:02:21,354 INFO  impl.RaftServerProxy (RaftServerProxy.java:lambda$start$3(299)) - 16099454-f8c0-4c4b-b8de-9459abe1da85: start RPC server
2019-06-14 05:02:21,364 INFO  server.GrpcService (GrpcService.java:startImpl(148)) - 16099454-f8c0-4c4b-b8de-9459abe1da85: GrpcService started, listening on 0.0.0.0/0.0.0.0:37953
2019-06-14 05:02:21,540 INFO  ozoneimpl.OzoneContainer (OzoneContainer.java:start(186)) - Attempting to start container services.
2019-06-14 05:02:21,542 INFO  ozoneimpl.OzoneContainer (OzoneContainer.java:startContainerScrub(160)) - Background container scrubber has been disabled by hdds.containerscrub.enabled
2019-06-14 05:02:21,542 INFO  ratis.XceiverServerRatis (XceiverServerRatis.java:start(418)) - Starting XceiverServerRatis cdd86055-eb11-4b79-b2b0-4fbc61c1509c at port 45909
2019-06-14 05:02:21,556 INFO  impl.RaftServerProxy (RaftServerProxy.java:lambda$start$3(299)) - cdd86055-eb11-4b79-b2b0-4fbc61c1509c: start RPC server
2019-06-14 05:02:21,558 INFO  server.GrpcService (GrpcService.java:startImpl(148)) - cdd86055-eb11-4b79-b2b0-4fbc61c1509c: GrpcService started, listening on 0.0.0.0/0.0.0.0:45909
2019-06-14 05:02:21,792 INFO  ozoneimpl.OzoneContainer (OzoneContainer.java:start(186)) - Attempting to start container services.
2019-06-14 05:02:21,796 INFO  ozoneimpl.OzoneContainer (OzoneContainer.java:startContainerScrub(160)) - Background container scrubber has been disabled by hdds.containerscrub.enabled
2019-06-14 05:02:21,796 INFO  ratis.XceiverServerRatis (XceiverServerRatis.java:start(418)) - Starting XceiverServerRatis 9bf0e054-aff6-4db5-a93c-0e6752cf7e11 at port 39257
2019-06-14 05:02:21,804 INFO  impl.RaftServerProxy (RaftServerProxy.java:lambda$start$3(299)) - 9bf0e054-aff6-4db5-a93c-0e6752cf7e11: start RPC server
2019-06-14 05:02:21,806 INFO  server.GrpcService (GrpcService.java:startImpl(148)) - 9bf0e054-aff6-4db5-a93c-0e6752cf7e11: GrpcService started, listening on 0.0.0.0/0.0.0.0:39257
2019-06-14 05:02:22,071 INFO  ozoneimpl.OzoneContainer (OzoneContainer.java:start(186)) - Attempting to start container services.
2019-06-14 05:02:22,071 INFO  ozoneimpl.OzoneContainer (OzoneContainer.java:startContainerScrub(160)) - Background container scrubber has been disabled by hdds.containerscrub.enabled
2019-06-14 05:02:22,071 INFO  ratis.XceiverServerRatis (XceiverServerRatis.java:start(418)) - Starting XceiverServerRatis 78479d2f-41d3-4a49-bc18-27c1cff9fc67 at port 43303
2019-06-14 05:02:22,082 INFO  impl.RaftServerProxy (RaftServerProxy.java:lambda$start$3(299)) - 78479d2f-41d3-4a49-bc18-27c1cff9fc67: start RPC server
2019-06-14 05:02:22,086 INFO  server.GrpcService (GrpcService.java:startImpl(148)) - 78479d2f-41d3-4a49-bc18-27c1cff9fc67: GrpcService started, listening on 0.0.0.0/0.0.0.0:43303
2019-06-14 05:02:22,341 INFO  ozone.MiniOzoneClusterImpl (MiniOzoneClusterImpl.java:lambda$waitForClusterToBeReady$0(142)) - Waiting for cluster to be ready. Got 0 of 6 DN Heartbeats.
2019-06-14 05:02:22,346 INFO  ozoneimpl.OzoneContainer (OzoneContainer.java:start(186)) - Attempting to start container services.
2019-06-14 05:02:22,346 INFO  ozoneimpl.OzoneContainer (OzoneContainer.java:startContainerScrub(160)) - Background container scrubber has been disabled by hdds.containerscrub.enabled
2019-06-14 05:02:22,346 INFO  ratis.XceiverServerRatis (XceiverServerRatis.java:start(418)) - Starting XceiverServerRatis 8caa4c96-03ae-4e0a-a4e7-6ac6912836e4 at port 37129
2019-06-14 05:02:22,350 INFO  impl.RaftServerProxy (RaftServerProxy.java:lambda$start$3(299)) - 8caa4c96-03ae-4e0a-a4e7-6ac6912836e4: start RPC server
2019-06-14 05:02:22,353 INFO  server.GrpcService (GrpcService.java:startImpl(148)) - 8caa4c96-03ae-4e0a-a4e7-6ac6912836e4: GrpcService started, listening on 0.0.0.0/0.0.0.0:37129
2019-06-14 05:02:22,931 INFO  node.SCMNodeManager (SCMNodeManager.java:register(234)) - Registered Data node : 7853ab3a-b326-4386-b5ab-c83011cef43d{ip: 192.168.105.138, host: ozone-mtz9k-282064168, networkLocation: /default-rack, certSerialId: null}
2019-06-14 05:02:22,938 INFO  safemode.SCMSafeModeManager (DataNodeSafeModeRule.java:process(71)) - SCM in safe mode. 1 DataNodes registered, 1 required.
2019-06-14 05:02:22,938 INFO  safemode.SCMSafeModeManager (SCMSafeModeManager.java:validateSafeModeExitRules(177)) - ScmSafeModeManager, all rules are successfully validated
2019-06-14 05:02:22,938 INFO  safemode.SCMSafeModeManager (SCMSafeModeManager.java:exitSafeMode(193)) - SCM exiting safe mode.
2019-06-14 05:02:23,299 INFO  node.SCMNodeManager (SCMNodeManager.java:register(234)) - Registered Data node : 16099454-f8c0-4c4b-b8de-9459abe1da85{ip: 192.168.105.138, host: ozone-mtz9k-282064168, networkLocation: /default-rack, certSerialId: null}
2019-06-14 05:02:23,339 INFO  impl.RaftServerProxy (RaftServerProxy.java:addNew(89)) - 7853ab3a-b326-4386-b5ab-c83011cef43d: addNew group-3FA7ACE2EAD0:[7853ab3a-b326-4386-b5ab-c83011cef43d:192.168.105.138:42269] returns group-3FA7ACE2EAD0:java.util.concurrent.CompletableFuture@43ccb3e3[Not completed]
2019-06-14 05:02:23,342 INFO  ozone.MiniOzoneClusterImpl (MiniOzoneClusterImpl.java:lambda$waitForClusterToBeReady$0(142)) - Waiting for cluster to be ready. Got 2 of 6 DN Heartbeats.
2019-06-14 05:02:23,355 INFO  impl.RaftServerImpl (RaftServerImpl.java:<init>(91)) - 7853ab3a-b326-4386-b5ab-c83011cef43d: new RaftServerImpl for group-3FA7ACE2EAD0:[7853ab3a-b326-4386-b5ab-c83011cef43d:192.168.105.138:42269] with ContainerStateMachine:uninitialized
2019-06-14 05:02:23,356 INFO  server.RaftServerConfigKeys (ConfUtils.java:logGet(43)) - raft.server.rpc.timeout.min = 1s (custom)
2019-06-14 05:02:23,357 INFO  server.RaftServerConfigKeys (ConfUtils.java:logGet(43)) - raft.server.rpc.timeout.max = 1200ms (custom)
2019-06-14 05:02:23,357 INFO  server.RaftServerConfigKeys (ConfUtils.java:logGet(43)) - raft.server.rpcslowness.timeout = 10s (custom)
2019-06-14 05:02:23,358 INFO  server.RaftServerConfigKeys (ConfUtils.java:logGet(43)) - raft.server.log.appender.install.snapshot.enabled = true (default)
2019-06-14 05:02:23,366 INFO  impl.RaftServerImpl (ServerState.java:<init>(101)) - 7853ab3a-b326-4386-b5ab-c83011cef43d:group-3FA7ACE2EAD0 ConfigurationManager, init=-1: [7853ab3a-b326-4386-b5ab-c83011cef43d:192.168.105.138:42269], old=null, confs=<EMPTY_MAP>
2019-06-14 05:02:23,366 INFO  server.RaftServerConfigKeys (ConfUtils.java:logGet(43)) - raft.server.storage.dir = [/opt/src/hadoop-ozone/integration-test/target/test-dir/MiniOzoneClusterImpl-c13a901d-2fa6-4c37-8ee0-d5db25ea6aab/datanode-0/data/ratis] (custom)
2019-06-14 05:02:23,373 INFO  storage.RaftStorageDirectory (RaftStorageDirectory.java:analyzeStorage(246)) - The storage directory /opt/src/hadoop-ozone/integration-test/target/test-dir/MiniOzoneClusterImpl-c13a901d-2fa6-4c37-8ee0-d5db25ea6aab/datanode-0/data/ratis/eaa91f1b-aeb9-4b06-8a7d-3fa7ace2ead0 does not exist. Creating ...
2019-06-14 05:02:23,379 INFO  storage.RaftStorageDirectory (RaftStorageDirectory.java:tryLock(328)) - Lock on /opt/src/hadoop-ozone/integration-test/target/test-dir/MiniOzoneClusterImpl-c13a901d-2fa6-4c37-8ee0-d5db25ea6aab/datanode-0/data/ratis/eaa91f1b-aeb9-4b06-8a7d-3fa7ace2ead0/in_use.lock acquired by nodename 10246@ozone-mtz9k-282064168
2019-06-14 05:02:23,383 INFO  storage.RaftStorage (RaftStorage.java:format(75)) - Storage directory /opt/src/hadoop-ozone/integration-test/target/test-dir/MiniOzoneClusterImpl-c13a901d-2fa6-4c37-8ee0-d5db25ea6aab/datanode-0/data/ratis/eaa91f1b-aeb9-4b06-8a7d-3fa7ace2ead0 has been successfully formatted.
2019-06-14 05:02:23,385 INFO  ratis.ContainerStateMachine (ContainerStateMachine.java:loadSnapshot(199)) - The snapshot info is null.Setting the last applied index to:(t:0, i:~)
2019-06-14 05:02:23,386 INFO  server.RaftServerConfigKeys (ConfUtils.java:logGet(43)) - raft.server.leader.election.timeout = 10s (custom)
2019-06-14 05:02:23,524 INFO  server.RaftServerConfigKeys (ConfUtils.java:logGet(43)) - raft.server.log.use.memory = false (default)
2019-06-14 05:02:23,526 INFO  server.RaftServerConfigKeys (ConfUtils.java:logGet(43)) - raft.server.log.appender.buffer.byte-limit = 33554432 (custom)
2019-06-14 05:02:23,529 INFO  server.RaftServerConfigKeys (ConfUtils.java:logGet(43)) - raft.server.log.segment.size.max = 16384 (custom)
2019-06-14 05:02:23,534 INFO  server.RaftServerConfigKeys (ConfUtils.java:logGet(43)) - raft.server.log.segment.cache.num.max = 2 (custom)
2019-06-14 05:02:23,541 INFO  node.SCMNodeManager (SCMNodeManager.java:register(234)) - Registered Data node : cdd86055-eb11-4b79-b2b0-4fbc61c1509c{ip: 192.168.105.138, host: ozone-mtz9k-282064168, networkLocation: /default-rack, certSerialId: null}
2019-06-14 05:02:23,543 INFO  storage.RaftLogWorker (RaftLogWorker.java:<init>(123)) - new 7853ab3a-b326-4386-b5ab-c83011cef43d-RaftLogWorker for Storage Directory /opt/src/hadoop-ozone/integration-test/target/test-dir/MiniOzoneClusterImpl-c13a901d-2fa6-4c37-8ee0-d5db25ea6aab/datanode-0/data/ratis/eaa91f1b-aeb9-4b06-8a7d-3fa7ace2ead0
2019-06-14 05:02:23,543 INFO  server.RaftServerConfigKeys (ConfUtils.java:logGet(43)) - raft.server.log.queue.byte-limit = 2147483647 (custom)
2019-06-14 05:02:23,543 INFO  server.RaftServerConfigKeys (ConfUtils.java:logGet(43)) - raft.server.log.queue.element-limit = 1024 (custom)
2019-06-14 05:02:23,545 INFO  server.RaftServerConfigKeys (ConfUtils.java:logGet(43)) - raft.server.log.segment.size.max = 16384 (custom)
2019-06-14 05:02:23,545 INFO  server.RaftServerConfigKeys (ConfUtils.java:logGet(43)) - raft.server.log.preallocated.size = 16384 (custom)
2019-06-14 05:02:23,546 INFO  server.RaftServerConfigKeys (ConfUtils.java:logGet(43)) - raft.server.log.write.buffer.size = 33554432 (custom)
2019-06-14 05:02:23,546 INFO  server.RaftServerConfigKeys (ConfUtils.java:logGet(43)) - raft.server.log.force.sync.num = 128 (default)
2019-06-14 05:02:23,547 INFO  server.RaftServerConfigKeys (ConfUtils.java:logGet(43)) - raft.server.log.statemachine.data.sync = true (default)
2019-06-14 05:02:23,547 INFO  server.RaftServerConfigKeys (ConfUtils.java:logGet(43)) - raft.server.log.statemachine.data.sync.timeout = 10s (default)
2019-06-14 05:02:23,547 INFO  server.RaftServerConfigKeys (ConfUtils.java:logGet(43)) - raft.server.log.statemachine.data.sync.timeout.retry = -1 (default)
2019-06-14 05:02:23,549 INFO  server.RaftServerConfigKeys (ConfUtils.java:logGet(43)) - raft.server.log.statemachine.data.caching.enabled = true (custom)
2019-06-14 05:02:23,555 INFO  server.RaftServerConfigKeys (ConfUtils.java:logGet(43)) - raft.server.snapshot.auto.trigger.enabled = true (custom)
2019-06-14 05:02:23,556 INFO  server.RaftServerConfigKeys (ConfUtils.java:logGet(43)) - raft.server.snapshot.auto.trigger.threshold = 10000 (custom)
2019-06-14 05:02:23,556 INFO  server.RaftServerConfigKeys (ConfUtils.java:logGet(43)) - raft.server.retrycache.expirytime = 600000ms (custom)
2019-06-14 05:02:23,571 INFO  impl.RaftServerImpl (RaftServerImpl.java:start(173)) - 7853ab3a-b326-4386-b5ab-c83011cef43d: start group-3FA7ACE2EAD0
2019-06-14 05:02:23,571 INFO  impl.RaftServerImpl (RaftServerImpl.java:setRole(164)) - 7853ab3a-b326-4386-b5ab-c83011cef43d:group-3FA7ACE2EAD0 changes role from null to FOLLOWER at term 0 for startAsFollower
2019-06-14 05:02:23,572 INFO  impl.RoleInfo (RoleInfo.java:updateAndGet(143)) - 7853ab3a-b326-4386-b5ab-c83011cef43d: start FollowerState
2019-06-14 05:02:23,574 INFO  util.JmxRegister (JmxRegister.java:tryRegister(44)) - Successfully registered JMX Bean with object name Ratis:service=RaftServer,group=group-3FA7ACE2EAD0,id=7853ab3a-b326-4386-b5ab-c83011cef43d
2019-06-14 05:02:23,615 INFO  pipeline.PipelineStateManager (PipelineStateManager.java:addPipeline(56)) - Created pipeline Pipeline[ Id: eaa91f1b-aeb9-4b06-8a7d-3fa7ace2ead0, Nodes: 7853ab3a-b326-4386-b5ab-c83011cef43d{ip: 192.168.105.138, host: ozone-mtz9k-282064168, networkLocation: /default-rack, certSerialId: null}, Type:RATIS, Factor:ONE, State:OPEN]
2019-06-14 05:02:23,637 INFO  impl.RaftServerProxy (RaftServerProxy.java:addNew(89)) - cdd86055-eb11-4b79-b2b0-4fbc61c1509c: addNew group-A04789C880AE:[cdd86055-eb11-4b79-b2b0-4fbc61c1509c:192.168.105.138:45909] returns group-A04789C880AE:java.util.concurrent.CompletableFuture@5ed24cb1[Not completed]
2019-06-14 05:02:23,638 INFO  impl.RaftServerImpl (RaftServerImpl.java:<init>(91)) - cdd86055-eb11-4b79-b2b0-4fbc61c1509c: new RaftServerImpl for group-A04789C880AE:[cdd86055-eb11-4b79-b2b0-4fbc61c1509c:192.168.105.138:45909] with ContainerStateMachine:uninitialized
2019-06-14 05:02:23,640 INFO  server.RaftServerConfigKeys (ConfUtils.java:logGet(43)) - raft.server.rpc.timeout.min = 1s (custom)
2019-06-14 05:02:23,640 INFO  server.RaftServerConfigKeys (ConfUtils.java:logGet(43)) - raft.server.rpc.timeout.max = 1200ms (custom)
2019-06-14 05:02:23,640 INFO  server.RaftServerConfigKeys (ConfUtils.java:logGet(43)) - raft.server.rpcslowness.timeout = 10s (custom)
2019-06-14 05:02:23,640 INFO  server.RaftServerConfigKeys (ConfUtils.java:logGet(43)) - raft.server.log.appender.install.snapshot.enabled = true (default)
2019-06-14 05:02:23,640 INFO  impl.RaftServerImpl (ServerState.java:<init>(101)) - cdd86055-eb11-4b79-b2b0-4fbc61c1509c:group-A04789C880AE ConfigurationManager, init=-1: [cdd86055-eb11-4b79-b2b0-4fbc61c1509c:192.168.105.138:45909], old=null, confs=<EMPTY_MAP>
2019-06-14 05:02:23,640 INFO  server.RaftServerConfigKeys (ConfUtils.java:logGet(43)) - raft.server.storage.dir = [/opt/src/hadoop-ozone/integration-test/target/test-dir/MiniOzoneClusterImpl-c13a901d-2fa6-4c37-8ee0-d5db25ea6aab/datanode-2/data/ratis] (custom)
2019-06-14 05:02:23,641 INFO  storage.RaftStorageDirectory (RaftStorageDirectory.java:analyzeStorage(246)) - The storage directory /opt/src/hadoop-ozone/integration-test/target/test-dir/MiniOzoneClusterImpl-c13a901d-2fa6-4c37-8ee0-d5db25ea6aab/datanode-2/data/ratis/ae829885-f612-41d2-9ca5-a04789c880ae does not exist. Creating ...
2019-06-14 05:02:23,643 INFO  storage.RaftStorageDirectory (RaftStorageDirectory.java:tryLock(328)) - Lock on /opt/src/hadoop-ozone/integration-test/target/test-dir/MiniOzoneClusterImpl-c13a901d-2fa6-4c37-8ee0-d5db25ea6aab/datanode-2/data/ratis/ae829885-f612-41d2-9ca5-a04789c880ae/in_use.lock acquired by nodename 10246@ozone-mtz9k-282064168
2019-06-14 05:02:23,645 INFO  storage.RaftStorage (RaftStorage.java:format(75)) - Storage directory /opt/src/hadoop-ozone/integration-test/target/test-dir/MiniOzoneClusterImpl-c13a901d-2fa6-4c37-8ee0-d5db25ea6aab/datanode-2/data/ratis/ae829885-f612-41d2-9ca5-a04789c880ae has been successfully formatted.
2019-06-14 05:02:23,645 INFO  ratis.ContainerStateMachine (ContainerStateMachine.java:loadSnapshot(199)) - The snapshot info is null.Setting the last applied index to:(t:0, i:~)
2019-06-14 05:02:23,646 INFO  server.RaftServerConfigKeys (ConfUtils.java:logGet(43)) - raft.server.leader.election.timeout = 10s (custom)
2019-06-14 05:02:23,646 INFO  server.RaftServerConfigKeys (ConfUtils.java:logGet(43)) - raft.server.log.use.memory = false (default)
2019-06-14 05:02:23,646 INFO  server.RaftServerConfigKeys (ConfUtils.java:logGet(43)) - raft.server.log.appender.buffer.byte-limit = 33554432 (custom)
2019-06-14 05:02:23,646 INFO  server.RaftServerConfigKeys (ConfUtils.java:logGet(43)) - raft.server.log.segment.size.max = 16384 (custom)
2019-06-14 05:02:23,646 INFO  server.RaftServerConfigKeys (ConfUtils.java:logGet(43)) - raft.server.log.segment.cache.num.max = 2 (custom)
2019-06-14 05:02:23,646 INFO  storage.RaftLogWorker (RaftLogWorker.java:<init>(123)) - new cdd86055-eb11-4b79-b2b0-4fbc61c1509c-RaftLogWorker for Storage Directory /opt/src/hadoop-ozone/integration-test/target/test-dir/MiniOzoneClusterImpl-c13a901d-2fa6-4c37-8ee0-d5db25ea6aab/datanode-2/data/ratis/ae829885-f612-41d2-9ca5-a04789c880ae
2019-06-14 05:02:23,647 INFO  server.RaftServerConfigKeys (ConfUtils.java:logGet(43)) - raft.server.log.queue.byte-limit = 2147483647 (custom)
2019-06-14 05:02:23,647 INFO  server.RaftServerConfigKeys (ConfUtils.java:logGet(43)) - raft.server.log.queue.element-limit = 1024 (custom)
2019-06-14 05:02:23,647 INFO  server.RaftServerConfigKeys (ConfUtils.java:logGet(43)) - raft.server.log.segment.size.max = 16384 (custom)
2019-06-14 05:02:23,647 INFO  server.RaftServerConfigKeys (ConfUtils.java:logGet(43)) - raft.server.log.preallocated.size = 16384 (custom)
2019-06-14 05:02:23,647 INFO  server.RaftServerConfigKeys (ConfUtils.java:logGet(43)) - raft.server.log.write.buffer.size = 33554432 (custom)
2019-06-14 05:02:23,647 INFO  server.RaftServerConfigKeys (ConfUtils.java:logGet(43)) - raft.server.log.force.sync.num = 128 (default)
2019-06-14 05:02:23,647 INFO  server.RaftServerConfigKeys (ConfUtils.java:logGet(43)) - raft.server.log.statemachine.data.sync = true (default)
2019-06-14 05:02:23,648 INFO  server.RaftServerConfigKeys (ConfUtils.java:logGet(43)) - raft.server.log.statemachine.data.sync.timeout = 10s (default)
2019-06-14 05:02:23,648 INFO  server.RaftServerConfigKeys (ConfUtils.java:logGet(43)) - raft.server.log.statemachine.data.sync.timeout.retry = -1 (default)
2019-06-14 05:02:23,648 INFO  server.RaftServerConfigKeys (ConfUtils.java:logGet(43)) - raft.server.log.statemachine.data.caching.enabled = true (custom)
2019-06-14 05:02:23,648 INFO  server.RaftServerConfigKeys (ConfUtils.java:logGet(43)) - raft.server.snapshot.auto.trigger.enabled = true (custom)
2019-06-14 05:02:23,648 INFO  server.RaftServerConfigKeys (ConfUtils.java:logGet(43)) - raft.server.snapshot.auto.trigger.threshold = 10000 (custom)
2019-06-14 05:02:23,648 INFO  server.RaftServerConfigKeys (ConfUtils.java:logGet(43)) - raft.server.retrycache.expirytime = 600000ms (custom)
2019-06-14 05:02:23,649 INFO  impl.RaftServerImpl (RaftServerImpl.java:start(173)) - cdd86055-eb11-4b79-b2b0-4fbc61c1509c: start group-A04789C880AE
2019-06-14 05:02:23,649 INFO  impl.RaftServerImpl (RaftServerImpl.java:setRole(164)) - cdd86055-eb11-4b79-b2b0-4fbc61c1509c:group-A04789C880AE changes role from null to FOLLOWER at term 0 for startAsFollower
2019-06-14 05:02:23,649 INFO  impl.RoleInfo (RoleInfo.java:updateAndGet(143)) - cdd86055-eb11-4b79-b2b0-4fbc61c1509c: start FollowerState
2019-06-14 05:02:23,650 INFO  util.JmxRegister (JmxRegister.java:tryRegister(44)) - Successfully registered JMX Bean with object name Ratis:service=RaftServer,group=group-A04789C880AE,id=cdd86055-eb11-4b79-b2b0-4fbc61c1509c
2019-06-14 05:02:23,660 INFO  pipeline.PipelineStateManager (PipelineStateManager.java:addPipeline(56)) - Created pipeline Pipeline[ Id: ae829885-f612-41d2-9ca5-a04789c880ae, Nodes: cdd86055-eb11-4b79-b2b0-4fbc61c1509c{ip: 192.168.105.138, host: ozone-mtz9k-282064168, networkLocation: /default-rack, certSerialId: null}, Type:RATIS, Factor:ONE, State:OPEN]
2019-06-14 05:02:23,682 INFO  impl.RaftServerProxy (RaftServerProxy.java:addNew(89)) - 16099454-f8c0-4c4b-b8de-9459abe1da85: addNew group-4C6CB983FF1E:[16099454-f8c0-4c4b-b8de-9459abe1da85:192.168.105.138:37953] returns group-4C6CB983FF1E:java.util.concurrent.CompletableFuture@2105f05a[Not completed]
2019-06-14 05:02:23,718 INFO  impl.RaftServerImpl (RaftServerImpl.java:<init>(91)) - 16099454-f8c0-4c4b-b8de-9459abe1da85: new RaftServerImpl for group-4C6CB983FF1E:[16099454-f8c0-4c4b-b8de-9459abe1da85:192.168.105.138:37953] with ContainerStateMachine:uninitialized
2019-06-14 05:02:23,718 INFO  server.RaftServerConfigKeys (ConfUtils.java:logGet(43)) - raft.server.rpc.timeout.min = 1s (custom)
2019-06-14 05:02:23,718 INFO  server.RaftServerConfigKeys (ConfUtils.java:logGet(43)) - raft.server.rpc.timeout.max = 1200ms (custom)
2019-06-14 05:02:23,718 INFO  server.RaftServerConfigKeys (ConfUtils.java:logGet(43)) - raft.server.rpcslowness.timeout = 10s (custom)
2019-06-14 05:02:23,718 INFO  server.RaftServerConfigKeys (ConfUtils.java:logGet(43)) - raft.server.log.appender.install.snapshot.enabled = true (default)
2019-06-14 05:02:23,718 INFO  impl.RaftServerImpl (ServerState.java:<init>(101)) - 16099454-f8c0-4c4b-b8de-9459abe1da85:group-4C6CB983FF1E ConfigurationManager, init=-1: [16099454-f8c0-4c4b-b8de-9459abe1da85:192.168.105.138:37953], old=null, confs=<EMPTY_MAP>
2019-06-14 05:02:23,719 INFO  server.RaftServerConfigKeys (ConfUtils.java:logGet(43)) - raft.server.storage.dir = [/opt/src/hadoop-ozone/integration-test/target/test-dir/MiniOzoneClusterImpl-c13a901d-2fa6-4c37-8ee0-d5db25ea6aab/datanode-1/data/ratis] (custom)
2019-06-14 05:02:23,719 INFO  storage.RaftStorageDirectory (RaftStorageDirectory.java:analyzeStorage(246)) - The storage directory /opt/src/hadoop-ozone/integration-test/target/test-dir/MiniOzoneClusterImpl-c13a901d-2fa6-4c37-8ee0-d5db25ea6aab/datanode-1/data/ratis/d6db407a-6134-4dda-98bf-4c6cb983ff1e does not exist. Creating ...
2019-06-14 05:02:23,722 INFO  storage.RaftStorageDirectory (RaftStorageDirectory.java:tryLock(328)) - Lock on /opt/src/hadoop-ozone/integration-test/target/test-dir/MiniOzoneClusterImpl-c13a901d-2fa6-4c37-8ee0-d5db25ea6aab/datanode-1/data/ratis/d6db407a-6134-4dda-98bf-4c6cb983ff1e/in_use.lock acquired by nodename 10246@ozone-mtz9k-282064168
2019-06-14 05:02:23,724 INFO  storage.RaftStorage (RaftStorage.java:format(75)) - Storage directory /opt/src/hadoop-ozone/integration-test/target/test-dir/MiniOzoneClusterImpl-c13a901d-2fa6-4c37-8ee0-d5db25ea6aab/datanode-1/data/ratis/d6db407a-6134-4dda-98bf-4c6cb983ff1e has been successfully formatted.
2019-06-14 05:02:23,725 INFO  ratis.ContainerStateMachine (ContainerStateMachine.java:loadSnapshot(199)) - The snapshot info is null.Setting the last applied index to:(t:0, i:~)
2019-06-14 05:02:23,726 INFO  server.RaftServerConfigKeys (ConfUtils.java:logGet(43)) - raft.server.leader.election.timeout = 10s (custom)
2019-06-14 05:02:23,727 INFO  server.RaftServerConfigKeys (ConfUtils.java:logGet(43)) - raft.server.log.use.memory = false (default)
2019-06-14 05:02:23,727 INFO  server.RaftServerConfigKeys (ConfUtils.java:logGet(43)) - raft.server.log.appender.buffer.byte-limit = 33554432 (custom)
2019-06-14 05:02:23,727 INFO  server.RaftServerConfigKeys (ConfUtils.java:logGet(43)) - raft.server.log.segment.size.max = 16384 (custom)
2019-06-14 05:02:23,727 INFO  server.RaftServerConfigKeys (ConfUtils.java:logGet(43)) - raft.server.log.segment.cache.num.max = 2 (custom)
2019-06-14 05:02:23,727 INFO  storage.RaftLogWorker (RaftLogWorker.java:<init>(123)) - new 16099454-f8c0-4c4b-b8de-9459abe1da85-RaftLogWorker for Storage Directory /opt/src/hadoop-ozone/integration-test/target/test-dir/MiniOzoneClusterImpl-c13a901d-2fa6-4c37-8ee0-d5db25ea6aab/datanode-1/data/ratis/d6db407a-6134-4dda-98bf-4c6cb983ff1e
2019-06-14 05:02:23,727 INFO  server.RaftServerConfigKeys (ConfUtils.java:logGet(43)) - raft.server.log.queue.byte-limit = 2147483647 (custom)
2019-06-14 05:02:23,727 INFO  server.RaftServerConfigKeys (ConfUtils.java:logGet(43)) - raft.server.log.queue.element-limit = 1024 (custom)
2019-06-14 05:02:23,727 INFO  server.RaftServerConfigKeys (ConfUtils.java:logGet(43)) - raft.server.log.segment.size.max = 16384 (custom)
2019-06-14 05:02:23,728 INFO  server.RaftServerConfigKeys (ConfUtils.java:logGet(43)) - raft.server.log.preallocated.size = 16384 (custom)
2019-06-14 05:02:23,728 INFO  server.RaftServerConfigKeys (ConfUtils.java:logGet(43)) - raft.server.log.write.buffer.size = 33554432 (custom)
2019-06-14 05:02:23,728 INFO  server.RaftServerConfigKeys (ConfUtils.java:logGet(43)) - raft.server.log.force.sync.num = 128 (default)
2019-06-14 05:02:23,728 INFO  server.RaftServerConfigKeys (ConfUtils.java:logGet(43)) - raft.server.log.statemachine.data.sync = true (default)
2019-06-14 05:02:23,728 INFO  server.RaftServerConfigKeys (ConfUtils.java:logGet(43)) - raft.server.log.statemachine.data.sync.timeout = 10s (default)
2019-06-14 05:02:23,728 INFO  server.RaftServerConfigKeys (ConfUtils.java:logGet(43)) - raft.server.log.statemachine.data.sync.timeout.retry = -1 (default)
2019-06-14 05:02:23,728 INFO  server.RaftServerConfigKeys (ConfUtils.java:logGet(43)) - raft.server.log.statemachine.data.caching.enabled = true (custom)
2019-06-14 05:02:23,729 INFO  server.RaftServerConfigKeys (ConfUtils.java:logGet(43)) - raft.server.snapshot.auto.trigger.enabled = true (custom)
2019-06-14 05:02:23,729 INFO  server.RaftServerConfigKeys (ConfUtils.java:logGet(43)) - raft.server.snapshot.auto.trigger.threshold = 10000 (custom)
2019-06-14 05:02:23,729 INFO  server.RaftServerConfigKeys (ConfUtils.java:logGet(43)) - raft.server.retrycache.expirytime = 600000ms (custom)
2019-06-14 05:02:23,729 INFO  impl.RaftServerImpl (RaftServerImpl.java:start(173)) - 16099454-f8c0-4c4b-b8de-9459abe1da85: start group-4C6CB983FF1E
2019-06-14 05:02:23,729 INFO  impl.RaftServerImpl (RaftServerImpl.java:setRole(164)) - 16099454-f8c0-4c4b-b8de-9459abe1da85:group-4C6CB983FF1E changes role from null to FOLLOWER at term 0 for startAsFollower
2019-06-14 05:02:23,730 INFO  impl.RoleInfo (RoleInfo.java:updateAndGet(143)) - 16099454-f8c0-4c4b-b8de-9459abe1da85: start FollowerState
2019-06-14 05:02:23,730 INFO  util.JmxRegister (JmxRegister.java:tryRegister(44)) - Successfully registered JMX Bean with object name Ratis:service=RaftServer,group=group-4C6CB983FF1E,id=16099454-f8c0-4c4b-b8de-9459abe1da85
2019-06-14 05:02:23,740 INFO  pipeline.PipelineStateManager (PipelineStateManager.java:addPipeline(56)) - Created pipeline Pipeline[ Id: d6db407a-6134-4dda-98bf-4c6cb983ff1e, Nodes: 16099454-f8c0-4c4b-b8de-9459abe1da85{ip: 192.168.105.138, host: ozone-mtz9k-282064168, networkLocation: /default-rack, certSerialId: null}, Type:RATIS, Factor:ONE, State:OPEN]
2019-06-14 05:02:23,782 INFO  impl.RaftServerProxy (RaftServerProxy.java:addNew(89)) - cdd86055-eb11-4b79-b2b0-4fbc61c1509c: addNew group-E1407EB8F392:[16099454-f8c0-4c4b-b8de-9459abe1da85:192.168.105.138:37953, 7853ab3a-b326-4386-b5ab-c83011cef43d:192.168.105.138:42269, cdd86055-eb11-4b79-b2b0-4fbc61c1509c:192.168.105.138:45909] returns group-E1407EB8F392:java.util.concurrent.CompletableFuture@28d68b59[Not completed]
2019-06-14 05:02:23,783 INFO  impl.RaftServerProxy (RaftServerProxy.java:addNew(89)) - 7853ab3a-b326-4386-b5ab-c83011cef43d: addNew group-E1407EB8F392:[16099454-f8c0-4c4b-b8de-9459abe1da85:192.168.105.138:37953, 7853ab3a-b326-4386-b5ab-c83011cef43d:192.168.105.138:42269, cdd86055-eb11-4b79-b2b0-4fbc61c1509c:192.168.105.138:45909] returns group-E1407EB8F392:java.util.concurrent.CompletableFuture@328117bb[Not completed]
2019-06-14 05:02:23,790 INFO  impl.RaftServerImpl (RaftServerImpl.java:<init>(91)) - cdd86055-eb11-4b79-b2b0-4fbc61c1509c: new RaftServerImpl for group-E1407EB8F392:[16099454-f8c0-4c4b-b8de-9459abe1da85:192.168.105.138:37953, 7853ab3a-b326-4386-b5ab-c83011cef43d:192.168.105.138:42269, cdd86055-eb11-4b79-b2b0-4fbc61c1509c:192.168.105.138:45909] with ContainerStateMachine:uninitialized
2019-06-14 05:02:23,790 INFO  server.RaftServerConfigKeys (ConfUtils.java:logGet(43)) - raft.server.rpc.timeout.min = 1s (custom)
2019-06-14 05:02:23,790 INFO  server.RaftServerConfigKeys (ConfUtils.java:logGet(43)) - raft.server.rpc.timeout.max = 1200ms (custom)
2019-06-14 05:02:23,790 INFO  server.RaftServerConfigKeys (ConfUtils.java:logGet(43)) - raft.server.rpcslowness.timeout = 10s (custom)
2019-06-14 05:02:23,790 INFO  server.RaftServerConfigKeys (ConfUtils.java:logGet(43)) - raft.server.log.appender.install.snapshot.enabled = true (default)
2019-06-14 05:02:23,790 INFO  impl.RaftServerImpl (ServerState.java:<init>(101)) - cdd86055-eb11-4b79-b2b0-4fbc61c1509c:group-E1407EB8F392 ConfigurationManager, init=-1: [16099454-f8c0-4c4b-b8de-9459abe1da85:192.168.105.138:37953, 7853ab3a-b326-4386-b5ab-c83011cef43d:192.168.105.138:42269, cdd86055-eb11-4b79-b2b0-4fbc61c1509c:192.168.105.138:45909], old=null, confs=<EMPTY_MAP>
2019-06-14 05:02:23,790 INFO  server.RaftServerConfigKeys (ConfUtils.java:logGet(43)) - raft.server.storage.dir = [/opt/src/hadoop-ozone/integration-test/target/test-dir/MiniOzoneClusterImpl-c13a901d-2fa6-4c37-8ee0-d5db25ea6aab/datanode-2/data/ratis] (custom)
2019-06-14 05:02:23,791 INFO  storage.RaftStorageDirectory (RaftStorageDirectory.java:analyzeStorage(246)) - The storage directory /opt/src/hadoop-ozone/integration-test/target/test-dir/MiniOzoneClusterImpl-c13a901d-2fa6-4c37-8ee0-d5db25ea6aab/datanode-2/data/ratis/b4c665dd-1bf7-4907-8786-e1407eb8f392 does not exist. Creating ...
2019-06-14 05:02:23,797 INFO  impl.RaftServerImpl (RaftServerImpl.java:<init>(91)) - 7853ab3a-b326-4386-b5ab-c83011cef43d: new RaftServerImpl for group-E1407EB8F392:[16099454-f8c0-4c4b-b8de-9459abe1da85:192.168.105.138:37953, 7853ab3a-b326-4386-b5ab-c83011cef43d:192.168.105.138:42269, cdd86055-eb11-4b79-b2b0-4fbc61c1509c:192.168.105.138:45909] with ContainerStateMachine:uninitialized
2019-06-14 05:02:23,798 INFO  server.RaftServerConfigKeys (ConfUtils.java:logGet(43)) - raft.server.rpc.timeout.min = 1s (custom)
2019-06-14 05:02:23,798 INFO  server.RaftServerConfigKeys (ConfUtils.java:logGet(43)) - raft.server.rpc.timeout.max = 1200ms (custom)
2019-06-14 05:02:23,798 INFO  server.RaftServerConfigKeys (ConfUtils.java:logGet(43)) - raft.server.rpcslowness.timeout = 10s (custom)
2019-06-14 05:02:23,798 INFO  server.RaftServerConfigKeys (ConfUtils.java:logGet(43)) - raft.server.log.appender.install.snapshot.enabled = true (default)
2019-06-14 05:02:23,798 INFO  impl.RaftServerImpl (ServerState.java:<init>(101)) - 7853ab3a-b326-4386-b5ab-c83011cef43d:group-E1407EB8F392 ConfigurationManager, init=-1: [16099454-f8c0-4c4b-b8de-9459abe1da85:192.168.105.138:37953, 7853ab3a-b326-4386-b5ab-c83011cef43d:192.168.105.138:42269, cdd86055-eb11-4b79-b2b0-4fbc61c1509c:192.168.105.138:45909], old=null, confs=<EMPTY_MAP>
2019-06-14 05:02:23,798 INFO  server.RaftServerConfigKeys (ConfUtils.java:logGet(43)) - raft.server.storage.dir = [/opt/src/hadoop-ozone/integration-test/target/test-dir/MiniOzoneClusterImpl-c13a901d-2fa6-4c37-8ee0-d5db25ea6aab/datanode-0/data/ratis] (custom)
2019-06-14 05:02:23,798 INFO  storage.RaftStorageDirectory (RaftStorageDirectory.java:analyzeStorage(246)) - The storage directory /opt/src/hadoop-ozone/integration-test/target/test-dir/MiniOzoneClusterImpl-c13a901d-2fa6-4c37-8ee0-d5db25ea6aab/datanode-0/data/ratis/b4c665dd-1bf7-4907-8786-e1407eb8f392 does not exist. Creating ...
2019-06-14 05:02:23,800 INFO  storage.RaftStorageDirectory (RaftStorageDirectory.java:tryLock(328)) - Lock on /opt/src/hadoop-ozone/integration-test/target/test-dir/MiniOzoneClusterImpl-c13a901d-2fa6-4c37-8ee0-d5db25ea6aab/datanode-2/data/ratis/b4c665dd-1bf7-4907-8786-e1407eb8f392/in_use.lock acquired by nodename 10246@ozone-mtz9k-282064168
2019-06-14 05:02:23,800 INFO  impl.RaftServerProxy (RaftServerProxy.java:addNew(89)) - 16099454-f8c0-4c4b-b8de-9459abe1da85: addNew group-E1407EB8F392:[16099454-f8c0-4c4b-b8de-9459abe1da85:192.168.105.138:37953, 7853ab3a-b326-4386-b5ab-c83011cef43d:192.168.105.138:42269, cdd86055-eb11-4b79-b2b0-4fbc61c1509c:192.168.105.138:45909] returns group-E1407EB8F392:java.util.concurrent.CompletableFuture@2ce90a9b[Not completed]
2019-06-14 05:02:23,801 INFO  impl.RaftServerImpl (RaftServerImpl.java:<init>(91)) - 16099454-f8c0-4c4b-b8de-9459abe1da85: new RaftServerImpl for group-E1407EB8F392:[16099454-f8c0-4c4b-b8de-9459abe1da85:192.168.105.138:37953, 7853ab3a-b326-4386-b5ab-c83011cef43d:192.168.105.138:42269, cdd86055-eb11-4b79-b2b0-4fbc61c1509c:192.168.105.138:45909] with ContainerStateMachine:uninitialized
2019-06-14 05:02:23,801 INFO  server.RaftServerConfigKeys (ConfUtils.java:logGet(43)) - raft.server.rpc.timeout.min = 1s (custom)
2019-06-14 05:02:23,801 INFO  server.RaftServerConfigKeys (ConfUtils.java:logGet(43)) - raft.server.rpc.timeout.max = 1200ms (custom)
2019-06-14 05:02:23,801 INFO  node.SCMNodeManager (SCMNodeManager.java:register(234)) - Registered Data node : 9bf0e054-aff6-4db5-a93c-0e6752cf7e11{ip: 192.168.105.138, host: ozone-mtz9k-282064168, networkLocation: /default-rack, certSerialId: null}
2019-06-14 05:02:23,801 INFO  server.RaftServerConfigKeys (ConfUtils.java:logGet(43)) - raft.server.rpcslowness.timeout = 10s (custom)
2019-06-14 05:02:23,802 INFO  server.RaftServerConfigKeys (ConfUtils.java:logGet(43)) - raft.server.log.appender.install.snapshot.enabled = true (default)
2019-06-14 05:02:23,802 INFO  impl.RaftServerImpl (ServerState.java:<init>(101)) - 16099454-f8c0-4c4b-b8de-9459abe1da85:group-E1407EB8F392 ConfigurationManager, init=-1: [16099454-f8c0-4c4b-b8de-9459abe1da85:192.168.105.138:37953, 7853ab3a-b326-4386-b5ab-c83011cef43d:192.168.105.138:42269, cdd86055-eb11-4b79-b2b0-4fbc61c1509c:192.168.105.138:45909], old=null, confs=<EMPTY_MAP>
2019-06-14 05:02:23,802 INFO  server.RaftServerConfigKeys (ConfUtils.java:logGet(43)) - raft.server.storage.dir = [/opt/src/hadoop-ozone/integration-test/target/test-dir/MiniOzoneClusterImpl-c13a901d-2fa6-4c37-8ee0-d5db25ea6aab/datanode-1/data/ratis] (custom)
2019-06-14 05:02:23,803 INFO  storage.RaftStorageDirectory (RaftStorageDirectory.java:analyzeStorage(246)) - The storage directory /opt/src/hadoop-ozone/integration-test/target/test-dir/MiniOzoneClusterImpl-c13a901d-2fa6-4c37-8ee0-d5db25ea6aab/datanode-1/data/ratis/b4c665dd-1bf7-4907-8786-e1407eb8f392 does not exist. Creating ...
2019-06-14 05:02:23,803 INFO  storage.RaftStorageDirectory (RaftStorageDirectory.java:tryLock(328)) - Lock on /opt/src/hadoop-ozone/integration-test/target/test-dir/MiniOzoneClusterImpl-c13a901d-2fa6-4c37-8ee0-d5db25ea6aab/datanode-0/data/ratis/b4c665dd-1bf7-4907-8786-e1407eb8f392/in_use.lock acquired by nodename 10246@ozone-mtz9k-282064168
2019-06-14 05:02:23,805 INFO  storage.RaftStorage (RaftStorage.java:format(75)) - Storage directory /opt/src/hadoop-ozone/integration-test/target/test-dir/MiniOzoneClusterImpl-c13a901d-2fa6-4c37-8ee0-d5db25ea6aab/datanode-2/data/ratis/b4c665dd-1bf7-4907-8786-e1407eb8f392 has been successfully formatted.
2019-06-14 05:02:23,805 INFO  ratis.ContainerStateMachine (ContainerStateMachine.java:loadSnapshot(199)) - The snapshot info is null.Setting the last applied index to:(t:0, i:~)
2019-06-14 05:02:23,805 INFO  server.RaftServerConfigKeys (ConfUtils.java:logGet(43)) - raft.server.leader.election.timeout = 10s (custom)
2019-06-14 05:02:23,806 INFO  server.RaftServerConfigKeys (ConfUtils.java:logGet(43)) - raft.server.log.use.memory = false (default)
2019-06-14 05:02:23,806 INFO  server.RaftServerConfigKeys (ConfUtils.java:logGet(43)) - raft.server.log.appender.buffer.byte-limit = 33554432 (custom)
2019-06-14 05:02:23,806 INFO  server.RaftServerConfigKeys (ConfUtils.java:logGet(43)) - raft.server.log.segment.size.max = 16384 (custom)
2019-06-14 05:02:23,806 INFO  server.RaftServerConfigKeys (ConfUtils.java:logGet(43)) - raft.server.log.segment.cache.num.max = 2 (custom)
2019-06-14 05:02:23,806 INFO  storage.RaftLogWorker (RaftLogWorker.java:<init>(123)) - new cdd86055-eb11-4b79-b2b0-4fbc61c1509c-RaftLogWorker for Storage Directory /opt/src/hadoop-ozone/integration-test/target/test-dir/MiniOzoneClusterImpl-c13a901d-2fa6-4c37-8ee0-d5db25ea6aab/datanode-2/data/ratis/b4c665dd-1bf7-4907-8786-e1407eb8f392
2019-06-14 05:02:23,806 INFO  server.RaftServerConfigKeys (ConfUtils.java:logGet(43)) - raft.server.log.queue.byte-limit = 2147483647 (custom)
2019-06-14 05:02:23,806 INFO  server.RaftServerConfigKeys (ConfUtils.java:logGet(43)) - raft.server.log.queue.element-limit = 1024 (custom)
2019-06-14 05:02:23,806 INFO  server.RaftServerConfigKeys (ConfUtils.java:logGet(43)) - raft.server.log.segment.size.max = 16384 (custom)
2019-06-14 05:02:23,806 INFO  server.RaftServerConfigKeys (ConfUtils.java:logGet(43)) - raft.server.log.preallocated.size = 16384 (custom)
2019-06-14 05:02:23,807 INFO  server.RaftServerConfigKeys (ConfUtils.java:logGet(43)) - raft.server.log.write.buffer.size = 33554432 (custom)
2019-06-14 05:02:23,807 INFO  server.RaftServerConfigKeys (ConfUtils.java:logGet(43)) - raft.server.log.force.sync.num = 128 (default)
2019-06-14 05:02:23,807 INFO  server.RaftServerConfigKeys (ConfUtils.java:logGet(43)) - raft.server.log.statemachine.data.sync = true (default)
2019-06-14 05:02:23,807 INFO  server.RaftServerConfigKeys (ConfUtils.java:logGet(43)) - raft.server.log.statemachine.data.sync.timeout = 10s (default)
2019-06-14 05:02:23,807 INFO  server.RaftServerConfigKeys (ConfUtils.java:logGet(43)) - raft.server.log.statemachine.data.sync.timeout.retry = -1 (default)
2019-06-14 05:02:23,807 INFO  server.RaftServerConfigKeys (ConfUtils.java:logGet(43)) - raft.server.log.statemachine.data.caching.enabled = true (custom)
2019-06-14 05:02:23,808 INFO  storage.RaftStorageDirectory (RaftStorageDirectory.java:tryLock(328)) - Lock on /opt/src/hadoop-ozone/integration-test/target/test-dir/MiniOzoneClusterImpl-c13a901d-2fa6-4c37-8ee0-d5db25ea6aab/datanode-1/data/ratis/b4c665dd-1bf7-4907-8786-e1407eb8f392/in_use.lock acquired by nodename 10246@ozone-mtz9k-282064168
2019-06-14 05:02:23,808 INFO  server.RaftServerConfigKeys (ConfUtils.java:logGet(43)) - raft.server.snapshot.auto.trigger.enabled = true (custom)
2019-06-14 05:02:23,808 INFO  server.RaftServerConfigKeys (ConfUtils.java:logGet(43)) - raft.server.snapshot.auto.trigger.threshold = 10000 (custom)
2019-06-14 05:02:23,808 INFO  server.RaftServerConfigKeys (ConfUtils.java:logGet(43)) - raft.server.retrycache.expirytime = 600000ms (custom)
2019-06-14 05:02:23,808 INFO  impl.RaftServerImpl (RaftServerImpl.java:start(173)) - cdd86055-eb11-4b79-b2b0-4fbc61c1509c: start group-E1407EB8F392
2019-06-14 05:02:23,808 INFO  impl.RaftServerImpl (RaftServerImpl.java:setRole(164)) - cdd86055-eb11-4b79-b2b0-4fbc61c1509c:group-E1407EB8F392 changes role from null to FOLLOWER at term 0 for startAsFollower
2019-06-14 05:02:23,808 INFO  impl.RoleInfo (RoleInfo.java:updateAndGet(143)) - cdd86055-eb11-4b79-b2b0-4fbc61c1509c: start FollowerState
2019-06-14 05:02:23,809 INFO  util.JmxRegister (JmxRegister.java:tryRegister(44)) - Successfully registered JMX Bean with object name Ratis:service=RaftServer,group=group-E1407EB8F392,id=cdd86055-eb11-4b79-b2b0-4fbc61c1509c
2019-06-14 05:02:23,815 INFO  storage.RaftStorage (RaftStorage.java:format(75)) - Storage directory /opt/src/hadoop-ozone/integration-test/target/test-dir/MiniOzoneClusterImpl-c13a901d-2fa6-4c37-8ee0-d5db25ea6aab/datanode-1/data/ratis/b4c665dd-1bf7-4907-8786-e1407eb8f392 has been successfully formatted.
2019-06-14 05:02:23,815 INFO  ratis.ContainerStateMachine (ContainerStateMachine.java:loadSnapshot(199)) - The snapshot info is null.Setting the last applied index to:(t:0, i:~)
2019-06-14 05:02:23,816 INFO  server.RaftServerConfigKeys (ConfUtils.java:logGet(43)) - raft.server.leader.election.timeout = 10s (custom)
2019-06-14 05:02:23,816 INFO  server.RaftServerConfigKeys (ConfUtils.java:logGet(43)) - raft.server.log.use.memory = false (default)
2019-06-14 05:02:23,816 INFO  server.RaftServerConfigKeys (ConfUtils.java:logGet(43)) - raft.server.log.appender.buffer.byte-limit = 33554432 (custom)
2019-06-14 05:02:23,816 INFO  server.RaftServerConfigKeys (ConfUtils.java:logGet(43)) - raft.server.log.segment.size.max = 16384 (custom)
2019-06-14 05:02:23,816 INFO  server.RaftServerConfigKeys (ConfUtils.java:logGet(43)) - raft.server.log.segment.cache.num.max = 2 (custom)
2019-06-14 05:02:23,816 INFO  storage.RaftLogWorker (RaftLogWorker.java:<init>(123)) - new 16099454-f8c0-4c4b-b8de-9459abe1da85-RaftLogWorker for Storage Directory /opt/src/hadoop-ozone/integration-test/target/test-dir/MiniOzoneClusterImpl-c13a901d-2fa6-4c37-8ee0-d5db25ea6aab/datanode-1/data/ratis/b4c665dd-1bf7-4907-8786-e1407eb8f392
2019-06-14 05:02:23,816 INFO  server.RaftServerConfigKeys (ConfUtils.java:logGet(43)) - raft.server.log.queue.byte-limit = 2147483647 (custom)
2019-06-14 05:02:23,816 INFO  server.RaftServerConfigKeys (ConfUtils.java:logGet(43)) - raft.server.log.queue.element-limit = 1024 (custom)
2019-06-14 05:02:23,816 INFO  server.RaftServerConfigKeys (ConfUtils.java:logGet(43)) - raft.server.log.segment.size.max = 16384 (custom)
2019-06-14 05:02:23,816 INFO  server.RaftServerConfigKeys (ConfUtils.java:logGet(43)) - raft.server.log.preallocated.size = 16384 (custom)
2019-06-14 05:02:23,817 INFO  server.RaftServerConfigKeys (ConfUtils.java:logGet(43)) - raft.server.log.write.buffer.size = 33554432 (custom)
2019-06-14 05:02:23,817 INFO  server.RaftServerConfigKeys (ConfUtils.java:logGet(43)) - raft.server.log.force.sync.num = 128 (default)
2019-06-14 05:02:23,817 INFO  server.RaftServerConfigKeys (ConfUtils.java:logGet(43)) - raft.server.log.statemachine.data.sync = true (default)
2019-06-14 05:02:23,817 INFO  server.RaftServerConfigKeys (ConfUtils.java:logGet(43)) - raft.server.log.statemachine.data.sync.timeout = 10s (default)
2019-06-14 05:02:23,817 INFO  server.RaftServerConfigKeys (ConfUtils.java:logGet(43)) - raft.server.log.statemachine.data.sync.timeout.retry = -1 (default)
2019-06-14 05:02:23,817 INFO  server.RaftServerConfigKeys (ConfUtils.java:logGet(43)) - raft.server.log.statemachine.data.caching.enabled = true (custom)
2019-06-14 05:02:23,818 INFO  server.RaftServerConfigKeys (ConfUtils.java:logGet(43)) - raft.server.snapshot.auto.trigger.enabled = true (custom)
2019-06-14 05:02:23,818 INFO  server.RaftServerConfigKeys (ConfUtils.java:logGet(43)) - raft.server.snapshot.auto.trigger.threshold = 10000 (custom)
2019-06-14 05:02:23,818 INFO  server.RaftServerConfigKeys (ConfUtils.java:logGet(43)) - raft.server.retrycache.expirytime = 600000ms (custom)
2019-06-14 05:02:23,818 INFO  impl.RaftServerImpl (RaftServerImpl.java:start(173)) - 16099454-f8c0-4c4b-b8de-9459abe1da85: start group-E1407EB8F392
2019-06-14 05:02:23,818 INFO  impl.RaftServerImpl (RaftServerImpl.java:setRole(164)) - 16099454-f8c0-4c4b-b8de-9459abe1da85:group-E1407EB8F392 changes role from null to FOLLOWER at term 0 for startAsFollower
2019-06-14 05:02:23,818 INFO  impl.RoleInfo (RoleInfo.java:updateAndGet(143)) - 16099454-f8c0-4c4b-b8de-9459abe1da85: start FollowerState
2019-06-14 05:02:23,821 INFO  util.JmxRegister (JmxRegister.java:tryRegister(44)) - Successfully registered JMX Bean with object name Ratis:service=RaftServer,group=group-E1407EB8F392,id=16099454-f8c0-4c4b-b8de-9459abe1da85
2019-06-14 05:02:23,822 INFO  storage.RaftStorage (RaftStorage.java:format(75)) - Storage directory /opt/src/hadoop-ozone/integration-test/target/test-dir/MiniOzoneClusterImpl-c13a901d-2fa6-4c37-8ee0-d5db25ea6aab/datanode-0/data/ratis/b4c665dd-1bf7-4907-8786-e1407eb8f392 has been successfully formatted.
2019-06-14 05:02:23,822 INFO  ratis.ContainerStateMachine (ContainerStateMachine.java:loadSnapshot(199)) - The snapshot info is null.Setting the last applied index to:(t:0, i:~)
2019-06-14 05:02:23,822 INFO  server.RaftServerConfigKeys (ConfUtils.java:logGet(43)) - raft.server.leader.election.timeout = 10s (custom)
2019-06-14 05:02:23,822 INFO  server.RaftServerConfigKeys (ConfUtils.java:logGet(43)) - raft.server.log.use.memory = false (default)
2019-06-14 05:02:23,823 INFO  server.RaftServerConfigKeys (ConfUtils.java:logGet(43)) - raft.server.log.appender.buffer.byte-limit = 33554432 (custom)
2019-06-14 05:02:23,823 INFO  server.RaftServerConfigKeys (ConfUtils.java:logGet(43)) - raft.server.log.segment.size.max = 16384 (custom)
2019-06-14 05:02:23,823 INFO  server.RaftServerConfigKeys (ConfUtils.java:logGet(43)) - raft.server.log.segment.cache.num.max = 2 (custom)
2019-06-14 05:02:23,823 INFO  storage.RaftLogWorker (RaftLogWorker.java:<init>(123)) - new 7853ab3a-b326-4386-b5ab-c83011cef43d-RaftLogWorker for Storage Directory /opt/src/hadoop-ozone/integration-test/target/test-dir/MiniOzoneClusterImpl-c13a901d-2fa6-4c37-8ee0-d5db25ea6aab/datanode-0/data/ratis/b4c665dd-1bf7-4907-8786-e1407eb8f392
2019-06-14 05:02:23,823 INFO  server.RaftServerConfigKeys (ConfUtils.java:logGet(43)) - raft.server.log.queue.byte-limit = 2147483647 (custom)
2019-06-14 05:02:23,823 INFO  server.RaftServerConfigKeys (ConfUtils.java:logGet(43)) - raft.server.log.queue.element-limit = 1024 (custom)
2019-06-14 05:02:23,823 INFO  server.RaftServerConfigKeys (ConfUtils.java:logGet(43)) - raft.server.log.segment.size.max = 16384 (custom)
2019-06-14 05:02:23,823 INFO  server.RaftServerConfigKeys (ConfUtils.java:logGet(43)) - raft.server.log.preallocated.size = 16384 (custom)
2019-06-14 05:02:23,823 INFO  server.RaftServerConfigKeys (ConfUtils.java:logGet(43)) - raft.server.log.write.buffer.size = 33554432 (custom)
2019-06-14 05:02:23,823 INFO  server.RaftServerConfigKeys (ConfUtils.java:logGet(43)) - raft.server.log.force.sync.num = 128 (default)
2019-06-14 05:02:23,823 INFO  server.RaftServerConfigKeys (ConfUtils.java:logGet(43)) - raft.server.log.statemachine.data.sync = true (default)
2019-06-14 05:02:23,824 INFO  server.RaftServerConfigKeys (ConfUtils.java:logGet(43)) - raft.server.log.statemachine.data.sync.timeout = 10s (default)
2019-06-14 05:02:23,824 INFO  server.RaftServerConfigKeys (ConfUtils.java:logGet(43)) - raft.server.log.statemachine.data.sync.timeout.retry = -1 (default)
2019-06-14 05:02:23,859 INFO  server.RaftServerConfigKeys (ConfUtils.java:logGet(43)) - raft.server.log.statemachine.data.caching.enabled = true (custom)
2019-06-14 05:02:23,860 INFO  server.RaftServerConfigKeys (ConfUtils.java:logGet(43)) - raft.server.snapshot.auto.trigger.enabled = true (custom)
2019-06-14 05:02:23,860 INFO  server.RaftServerConfigKeys (ConfUtils.java:logGet(43)) - raft.server.snapshot.auto.trigger.threshold = 10000 (custom)
2019-06-14 05:02:23,860 INFO  server.RaftServerConfigKeys (ConfUtils.java:logGet(43)) - raft.server.retrycache.expirytime = 600000ms (custom)
2019-06-14 05:02:23,860 INFO  impl.RaftServerImpl (RaftServerImpl.java:start(173)) - 7853ab3a-b326-4386-b5ab-c83011cef43d: start group-E1407EB8F392
2019-06-14 05:02:23,860 INFO  impl.RaftServerImpl (RaftServerImpl.java:setRole(164)) - 7853ab3a-b326-4386-b5ab-c83011cef43d:group-E1407EB8F392 changes role from null to FOLLOWER at term 0 for startAsFollower
2019-06-14 05:02:23,860 INFO  impl.RoleInfo (RoleInfo.java:updateAndGet(143)) - 7853ab3a-b326-4386-b5ab-c83011cef43d: start FollowerState
2019-06-14 05:02:23,861 INFO  util.JmxRegister (JmxRegister.java:tryRegister(44)) - Successfully registered JMX Bean with object name Ratis:service=RaftServer,group=group-E1407EB8F392,id=7853ab3a-b326-4386-b5ab-c83011cef43d
2019-06-14 05:02:23,882 INFO  pipeline.PipelineStateManager (PipelineStateManager.java:addPipeline(56)) - Created pipeline Pipeline[ Id: b4c665dd-1bf7-4907-8786-e1407eb8f392, Nodes: 7853ab3a-b326-4386-b5ab-c83011cef43d{ip: 192.168.105.138, host: ozone-mtz9k-282064168, networkLocation: /default-rack, certSerialId: null}cdd86055-eb11-4b79-b2b0-4fbc61c1509c{ip: 192.168.105.138, host: ozone-mtz9k-282064168, networkLocation: /default-rack, certSerialId: null}16099454-f8c0-4c4b-b8de-9459abe1da85{ip: 192.168.105.138, host: ozone-mtz9k-282064168, networkLocation: /default-rack, certSerialId: null}, Type:RATIS, Factor:THREE, State:OPEN]
2019-06-14 05:02:23,902 INFO  impl.RaftServerProxy (RaftServerProxy.java:addNew(89)) - 9bf0e054-aff6-4db5-a93c-0e6752cf7e11: addNew group-6218F6E312B3:[9bf0e054-aff6-4db5-a93c-0e6752cf7e11:192.168.105.138:39257] returns group-6218F6E312B3:java.util.concurrent.CompletableFuture@58c86c0c[Not completed]
2019-06-14 05:02:23,904 INFO  impl.RaftServerImpl (RaftServerImpl.java:<init>(91)) - 9bf0e054-aff6-4db5-a93c-0e6752cf7e11: new RaftServerImpl for group-6218F6E312B3:[9bf0e054-aff6-4db5-a93c-0e6752cf7e11:192.168.105.138:39257] with ContainerStateMachine:uninitialized
2019-06-14 05:02:23,905 INFO  server.RaftServerConfigKeys (ConfUtils.java:logGet(43)) - raft.server.rpc.timeout.min = 1s (custom)
2019-06-14 05:02:23,905 INFO  server.RaftServerConfigKeys (ConfUtils.java:logGet(43)) - raft.server.rpc.timeout.max = 1200ms (custom)
2019-06-14 05:02:23,906 INFO  server.RaftServerConfigKeys (ConfUtils.java:logGet(43)) - raft.server.rpcslowness.timeout = 10s (custom)
2019-06-14 05:02:23,906 INFO  server.RaftServerConfigKeys (ConfUtils.java:logGet(43)) - raft.server.log.appender.install.snapshot.enabled = true (default)
2019-06-14 05:02:23,906 INFO  impl.RaftServerImpl (ServerState.java:<init>(101)) - 9bf0e054-aff6-4db5-a93c-0e6752cf7e11:group-6218F6E312B3 ConfigurationManager, init=-1: [9bf0e054-aff6-4db5-a93c-0e6752cf7e11:192.168.105.138:39257], old=null, confs=<EMPTY_MAP>
2019-06-14 05:02:23,906 INFO  server.RaftServerConfigKeys (ConfUtils.java:logGet(43)) - raft.server.storage.dir = [/opt/src/hadoop-ozone/integration-test/target/test-dir/MiniOzoneClusterImpl-c13a901d-2fa6-4c37-8ee0-d5db25ea6aab/datanode-3/data/ratis] (custom)
2019-06-14 05:02:23,906 INFO  storage.RaftStorageDirectory (RaftStorageDirectory.java:analyzeStorage(246)) - The storage directory /opt/src/hadoop-ozone/integration-test/target/test-dir/MiniOzoneClusterImpl-c13a901d-2fa6-4c37-8ee0-d5db25ea6aab/datanode-3/data/ratis/531de0ac-a156-424a-9d8f-6218f6e312b3 does not exist. Creating ...
2019-06-14 05:02:23,909 INFO  storage.RaftStorageDirectory (RaftStorageDirectory.java:tryLock(328)) - Lock on /opt/src/hadoop-ozone/integration-test/target/test-dir/MiniOzoneClusterImpl-c13a901d-2fa6-4c37-8ee0-d5db25ea6aab/datanode-3/data/ratis/531de0ac-a156-424a-9d8f-6218f6e312b3/in_use.lock acquired by nodename 10246@ozone-mtz9k-282064168
2019-06-14 05:02:23,911 INFO  storage.RaftStorage (RaftStorage.java:format(75)) - Storage directory /opt/src/hadoop-ozone/integration-test/target/test-dir/MiniOzoneClusterImpl-c13a901d-2fa6-4c37-8ee0-d5db25ea6aab/datanode-3/data/ratis/531de0ac-a156-424a-9d8f-6218f6e312b3 has been successfully formatted.
2019-06-14 05:02:23,911 INFO  ratis.ContainerStateMachine (ContainerStateMachine.java:loadSnapshot(199)) - The snapshot info is null.Setting the last applied index to:(t:0, i:~)
2019-06-14 05:02:23,911 INFO  server.RaftServerConfigKeys (ConfUtils.java:logGet(43)) - raft.server.leader.election.timeout = 10s (custom)
2019-06-14 05:02:23,911 INFO  server.RaftServerConfigKeys (ConfUtils.java:logGet(43)) - raft.server.log.use.memory = false (default)
2019-06-14 05:02:23,911 INFO  server.RaftServerConfigKeys (ConfUtils.java:logGet(43)) - raft.server.log.appender.buffer.byte-limit = 33554432 (custom)
2019-06-14 05:02:23,912 INFO  server.RaftServerConfigKeys (ConfUtils.java:logGet(43)) - raft.server.log.segment.size.max = 16384 (custom)
2019-06-14 05:02:23,912 INFO  server.RaftServerConfigKeys (ConfUtils.java:logGet(43)) - raft.server.log.segment.cache.num.max = 2 (custom)
2019-06-14 05:02:23,912 INFO  storage.RaftLogWorker (RaftLogWorker.java:<init>(123)) - new 9bf0e054-aff6-4db5-a93c-0e6752cf7e11-RaftLogWorker for Storage Directory /opt/src/hadoop-ozone/integration-test/target/test-dir/MiniOzoneClusterImpl-c13a901d-2fa6-4c37-8ee0-d5db25ea6aab/datanode-3/data/ratis/531de0ac-a156-424a-9d8f-6218f6e312b3
2019-06-14 05:02:23,912 INFO  server.RaftServerConfigKeys (ConfUtils.java:logGet(43)) - raft.server.log.queue.byte-limit = 2147483647 (custom)
2019-06-14 05:02:23,912 INFO  server.RaftServerConfigKeys (ConfUtils.java:logGet(43)) - raft.server.log.queue.element-limit = 1024 (custom)
2019-06-14 05:02:23,912 INFO  server.RaftServerConfigKeys (ConfUtils.java:logGet(43)) - raft.server.log.segment.size.max = 16384 (custom)
2019-06-14 05:02:23,912 INFO  server.RaftServerConfigKeys (ConfUtils.java:logGet(43)) - raft.server.log.preallocated.size = 16384 (custom)
2019-06-14 05:02:23,912 INFO  server.RaftServerConfigKeys (ConfUtils.java:logGet(43)) - raft.server.log.write.buffer.size = 33554432 (custom)
2019-06-14 05:02:23,912 INFO  server.RaftServerConfigKeys (ConfUtils.java:logGet(43)) - raft.server.log.force.sync.num = 128 (default)
2019-06-14 05:02:23,913 INFO  server.RaftServerConfigKeys (ConfUtils.java:logGet(43)) - raft.server.log.statemachine.data.sync = true (default)
2019-06-14 05:02:23,913 INFO  server.RaftServerConfigKeys (ConfUtils.java:logGet(43)) - raft.server.log.statemachine.data.sync.timeout = 10s (default)
2019-06-14 05:02:23,913 INFO  server.RaftServerConfigKeys (ConfUtils.java:logGet(43)) - raft.server.log.statemachine.data.sync.timeout.retry = -1 (default)
2019-06-14 05:02:23,913 INFO  server.RaftServerConfigKeys (ConfUtils.java:logGet(43)) - raft.server.log.statemachine.data.caching.enabled = true (custom)
2019-06-14 05:02:23,917 INFO  server.RaftServerConfigKeys (ConfUtils.java:logGet(43)) - raft.server.snapshot.auto.trigger.enabled = true (custom)
2019-06-14 05:02:23,917 INFO  server.RaftServerConfigKeys (ConfUtils.java:logGet(43)) - raft.server.snapshot.auto.trigger.threshold = 10000 (custom)
2019-06-14 05:02:23,918 INFO  server.RaftServerConfigKeys (ConfUtils.java:logGet(43)) - raft.server.retrycache.expirytime = 600000ms (custom)
2019-06-14 05:02:23,918 INFO  impl.RaftServerImpl (RaftServerImpl.java:start(173)) - 9bf0e054-aff6-4db5-a93c-0e6752cf7e11: start group-6218F6E312B3
2019-06-14 05:02:23,918 INFO  impl.RaftServerImpl (RaftServerImpl.java:setRole(164)) - 9bf0e054-aff6-4db5-a93c-0e6752cf7e11:group-6218F6E312B3 changes role from null to FOLLOWER at term 0 for startAsFollower
2019-06-14 05:02:23,918 INFO  impl.RoleInfo (RoleInfo.java:updateAndGet(143)) - 9bf0e054-aff6-4db5-a93c-0e6752cf7e11: start FollowerState
2019-06-14 05:02:23,926 INFO  util.JmxRegister (JmxRegister.java:tryRegister(44)) - Successfully registered JMX Bean with object name Ratis:service=RaftServer,group=group-6218F6E312B3,id=9bf0e054-aff6-4db5-a93c-0e6752cf7e11
2019-06-14 05:02:23,931 INFO  pipeline.PipelineStateManager (PipelineStateManager.java:addPipeline(56)) - Created pipeline Pipeline[ Id: 531de0ac-a156-424a-9d8f-6218f6e312b3, Nodes: 9bf0e054-aff6-4db5-a93c-0e6752cf7e11{ip: 192.168.105.138, host: ozone-mtz9k-282064168, networkLocation: /default-rack, certSerialId: null}, Type:RATIS, Factor:ONE, State:OPEN]
2019-06-14 05:02:24,068 INFO  node.SCMNodeManager (SCMNodeManager.java:register(234)) - Registered Data node : 78479d2f-41d3-4a49-bc18-27c1cff9fc67{ip: 192.168.105.138, host: ozone-mtz9k-282064168, networkLocation: /default-rack, certSerialId: null}
2019-06-14 05:02:24,080 INFO  impl.RaftServerProxy (RaftServerProxy.java:addNew(89)) - 78479d2f-41d3-4a49-bc18-27c1cff9fc67: addNew group-7324CD18B8E2:[78479d2f-41d3-4a49-bc18-27c1cff9fc67:192.168.105.138:43303] returns group-7324CD18B8E2:java.util.concurrent.CompletableFuture@8c1285b[Not completed]
2019-06-14 05:02:24,081 INFO  impl.RaftServerImpl (RaftServerImpl.java:<init>(91)) - 78479d2f-41d3-4a49-bc18-27c1cff9fc67: new RaftServerImpl for group-7324CD18B8E2:[78479d2f-41d3-4a49-bc18-27c1cff9fc67:192.168.105.138:43303] with ContainerStateMachine:uninitialized
2019-06-14 05:02:24,081 INFO  server.RaftServerConfigKeys (ConfUtils.java:logGet(43)) - raft.server.rpc.timeout.min = 1s (custom)
2019-06-14 05:02:24,081 INFO  server.RaftServerConfigKeys (ConfUtils.java:logGet(43)) - raft.server.rpc.timeout.max = 1200ms (custom)
2019-06-14 05:02:24,081 INFO  server.RaftServerConfigKeys (ConfUtils.java:logGet(43)) - raft.server.rpcslowness.timeout = 10s (custom)
2019-06-14 05:02:24,081 INFO  server.RaftServerConfigKeys (ConfUtils.java:logGet(43)) - raft.server.log.appender.install.snapshot.enabled = true (default)
2019-06-14 05:02:24,081 INFO  impl.RaftServerImpl (ServerState.java:<init>(101)) - 78479d2f-41d3-4a49-bc18-27c1cff9fc67:group-7324CD18B8E2 ConfigurationManager, init=-1: [78479d2f-41d3-4a49-bc18-27c1cff9fc67:192.168.105.138:43303], old=null, confs=<EMPTY_MAP>
2019-06-14 05:02:24,081 INFO  server.RaftServerConfigKeys (ConfUtils.java:logGet(43)) - raft.server.storage.dir = [/opt/src/hadoop-ozone/integration-test/target/test-dir/MiniOzoneClusterImpl-c13a901d-2fa6-4c37-8ee0-d5db25ea6aab/datanode-4/data/ratis] (custom)
2019-06-14 05:02:24,082 INFO  storage.RaftStorageDirectory (RaftStorageDirectory.java:analyzeStorage(246)) - The storage directory /opt/src/hadoop-ozone/integration-test/target/test-dir/MiniOzoneClusterImpl-c13a901d-2fa6-4c37-8ee0-d5db25ea6aab/datanode-4/data/ratis/8050a709-deaa-42b5-ac16-7324cd18b8e2 does not exist. Creating ...
2019-06-14 05:02:24,084 INFO  storage.RaftStorageDirectory (RaftStorageDirectory.java:tryLock(328)) - Lock on /opt/src/hadoop-ozone/integration-test/target/test-dir/MiniOzoneClusterImpl-c13a901d-2fa6-4c37-8ee0-d5db25ea6aab/datanode-4/data/ratis/8050a709-deaa-42b5-ac16-7324cd18b8e2/in_use.lock acquired by nodename 10246@ozone-mtz9k-282064168
2019-06-14 05:02:24,086 INFO  storage.RaftStorage (RaftStorage.java:format(75)) - Storage directory /opt/src/hadoop-ozone/integration-test/target/test-dir/MiniOzoneClusterImpl-c13a901d-2fa6-4c37-8ee0-d5db25ea6aab/datanode-4/data/ratis/8050a709-deaa-42b5-ac16-7324cd18b8e2 has been successfully formatted.
2019-06-14 05:02:24,087 INFO  ratis.ContainerStateMachine (ContainerStateMachine.java:loadSnapshot(199)) - The snapshot info is null.Setting the last applied index to:(t:0, i:~)
2019-06-14 05:02:24,087 INFO  server.RaftServerConfigKeys (ConfUtils.java:logGet(43)) - raft.server.leader.election.timeout = 10s (custom)
2019-06-14 05:02:24,087 INFO  server.RaftServerConfigKeys (ConfUtils.java:logGet(43)) - raft.server.log.use.memory = false (default)
2019-06-14 05:02:24,087 INFO  server.RaftServerConfigKeys (ConfUtils.java:logGet(43)) - raft.server.log.appender.buffer.byte-limit = 33554432 (custom)
2019-06-14 05:02:24,087 INFO  server.RaftServerConfigKeys (ConfUtils.java:logGet(43)) - raft.server.log.segment.size.max = 16384 (custom)
2019-06-14 05:02:24,087 INFO  server.RaftServerConfigKeys (ConfUtils.java:logGet(43)) - raft.server.log.segment.cache.num.max = 2 (custom)
2019-06-14 05:02:24,087 INFO  storage.RaftLogWorker (RaftLogWorker.java:<init>(123)) - new 78479d2f-41d3-4a49-bc18-27c1cff9fc67-RaftLogWorker for Storage Directory /opt/src/hadoop-ozone/integration-test/target/test-dir/MiniOzoneClusterImpl-c13a901d-2fa6-4c37-8ee0-d5db25ea6aab/datanode-4/data/ratis/8050a709-deaa-42b5-ac16-7324cd18b8e2
2019-06-14 05:02:24,087 INFO  server.RaftServerConfigKeys (ConfUtils.java:logGet(43)) - raft.server.log.queue.byte-limit = 2147483647 (custom)
2019-06-14 05:02:24,087 INFO  server.RaftServerConfigKeys (ConfUtils.java:logGet(43)) - raft.server.log.queue.element-limit = 1024 (custom)
2019-06-14 05:02:24,087 INFO  server.RaftServerConfigKeys (ConfUtils.java:logGet(43)) - raft.server.log.segment.size.max = 16384 (custom)
2019-06-14 05:02:24,087 INFO  server.RaftServerConfigKeys (ConfUtils.java:logGet(43)) - raft.server.log.preallocated.size = 16384 (custom)
2019-06-14 05:02:24,088 INFO  server.RaftServerConfigKeys (ConfUtils.java:logGet(43)) - raft.server.log.write.buffer.size = 33554432 (custom)
2019-06-14 05:02:24,088 INFO  server.RaftServerConfigKeys (ConfUtils.java:logGet(43)) - raft.server.log.force.sync.num = 128 (default)
2019-06-14 05:02:24,088 INFO  server.RaftServerConfigKeys (ConfUtils.java:logGet(43)) - raft.server.log.statemachine.data.sync = true (default)
2019-06-14 05:02:24,088 INFO  server.RaftServerConfigKeys (ConfUtils.java:logGet(43)) - raft.server.log.statemachine.data.sync.timeout = 10s (default)
2019-06-14 05:02:24,088 INFO  server.RaftServerConfigKeys (ConfUtils.java:logGet(43)) - raft.server.log.statemachine.data.sync.timeout.retry = -1 (default)
2019-06-14 05:02:24,088 INFO  server.RaftServerConfigKeys (ConfUtils.java:logGet(43)) - raft.server.log.statemachine.data.caching.enabled = true (custom)
2019-06-14 05:02:24,089 INFO  server.RaftServerConfigKeys (ConfUtils.java:logGet(43)) - raft.server.snapshot.auto.trigger.enabled = true (custom)
2019-06-14 05:02:24,089 INFO  server.RaftServerConfigKeys (ConfUtils.java:logGet(43)) - raft.server.snapshot.auto.trigger.threshold = 10000 (custom)
2019-06-14 05:02:24,089 INFO  server.RaftServerConfigKeys (ConfUtils.java:logGet(43)) - raft.server.retrycache.expirytime = 600000ms (custom)
2019-06-14 05:02:24,090 INFO  impl.RaftServerImpl (RaftServerImpl.java:start(173)) - 78479d2f-41d3-4a49-bc18-27c1cff9fc67: start group-7324CD18B8E2
2019-06-14 05:02:24,090 INFO  impl.RaftServerImpl (RaftServerImpl.java:setRole(164)) - 78479d2f-41d3-4a49-bc18-27c1cff9fc67:group-7324CD18B8E2 changes role from null to FOLLOWER at term 0 for startAsFollower
2019-06-14 05:02:24,090 INFO  impl.RoleInfo (RoleInfo.java:updateAndGet(143)) - 78479d2f-41d3-4a49-bc18-27c1cff9fc67: start FollowerState
2019-06-14 05:02:24,090 INFO  util.JmxRegister (JmxRegister.java:tryRegister(44)) - Successfully registered JMX Bean with object name Ratis:service=RaftServer,group=group-7324CD18B8E2,id=78479d2f-41d3-4a49-bc18-27c1cff9fc67
2019-06-14 05:02:24,097 INFO  pipeline.PipelineStateManager (PipelineStateManager.java:addPipeline(56)) - Created pipeline Pipeline[ Id: 8050a709-deaa-42b5-ac16-7324cd18b8e2, Nodes: 78479d2f-41d3-4a49-bc18-27c1cff9fc67{ip: 192.168.105.138, host: ozone-mtz9k-282064168, networkLocation: /default-rack, certSerialId: null}, Type:RATIS, Factor:ONE, State:OPEN]
2019-06-14 05:02:24,342 INFO  ozone.MiniOzoneClusterImpl (MiniOzoneClusterImpl.java:lambda$waitForClusterToBeReady$0(142)) - Waiting for cluster to be ready. Got 5 of 6 DN Heartbeats.
2019-06-14 05:02:24,345 INFO  node.SCMNodeManager (SCMNodeManager.java:register(234)) - Registered Data node : 8caa4c96-03ae-4e0a-a4e7-6ac6912836e4{ip: 192.168.105.138, host: ozone-mtz9k-282064168, networkLocation: /default-rack, certSerialId: null}
2019-06-14 05:02:24,359 INFO  impl.RaftServerProxy (RaftServerProxy.java:addNew(89)) - 8caa4c96-03ae-4e0a-a4e7-6ac6912836e4: addNew group-47311E119619:[8caa4c96-03ae-4e0a-a4e7-6ac6912836e4:192.168.105.138:37129] returns group-47311E119619:java.util.concurrent.CompletableFuture@d8a8340[Not completed]
2019-06-14 05:02:24,359 INFO  impl.RaftServerImpl (RaftServerImpl.java:<init>(91)) - 8caa4c96-03ae-4e0a-a4e7-6ac6912836e4: new RaftServerImpl for group-47311E119619:[8caa4c96-03ae-4e0a-a4e7-6ac6912836e4:192.168.105.138:37129] with ContainerStateMachine:uninitialized
2019-06-14 05:02:24,360 INFO  server.RaftServerConfigKeys (ConfUtils.java:logGet(43)) - raft.server.rpc.timeout.min = 1s (custom)
2019-06-14 05:02:24,360 INFO  server.RaftServerConfigKeys (ConfUtils.java:logGet(43)) - raft.server.rpc.timeout.max = 1200ms (custom)
2019-06-14 05:02:24,360 INFO  server.RaftServerConfigKeys (ConfUtils.java:logGet(43)) - raft.server.rpcslowness.timeout = 10s (custom)
2019-06-14 05:02:24,360 INFO  server.RaftServerConfigKeys (ConfUtils.java:logGet(43)) - raft.server.log.appender.install.snapshot.enabled = true (default)
2019-06-14 05:02:24,360 INFO  impl.RaftServerImpl (ServerState.java:<init>(101)) - 8caa4c96-03ae-4e0a-a4e7-6ac6912836e4:group-47311E119619 ConfigurationManager, init=-1: [8caa4c96-03ae-4e0a-a4e7-6ac6912836e4:192.168.105.138:37129], old=null, confs=<EMPTY_MAP>
2019-06-14 05:02:24,360 INFO  server.RaftServerConfigKeys (ConfUtils.java:logGet(43)) - raft.server.storage.dir = [/opt/src/hadoop-ozone/integration-test/target/test-dir/MiniOzoneClusterImpl-c13a901d-2fa6-4c37-8ee0-d5db25ea6aab/datanode-5/data/ratis] (custom)
2019-06-14 05:02:24,360 INFO  storage.RaftStorageDirectory (RaftStorageDirectory.java:analyzeStorage(246)) - The storage directory /opt/src/hadoop-ozone/integration-test/target/test-dir/MiniOzoneClusterImpl-c13a901d-2fa6-4c37-8ee0-d5db25ea6aab/datanode-5/data/ratis/01bdf2e4-66a5-44b9-8f06-47311e119619 does not exist. Creating ...
2019-06-14 05:02:24,363 INFO  storage.RaftStorageDirectory (RaftStorageDirectory.java:tryLock(328)) - Lock on /opt/src/hadoop-ozone/integration-test/target/test-dir/MiniOzoneClusterImpl-c13a901d-2fa6-4c37-8ee0-d5db25ea6aab/datanode-5/data/ratis/01bdf2e4-66a5-44b9-8f06-47311e119619/in_use.lock acquired by nodename 10246@ozone-mtz9k-282064168
2019-06-14 05:02:24,365 INFO  storage.RaftStorage (RaftStorage.java:format(75)) - Storage directory /opt/src/hadoop-ozone/integration-test/target/test-dir/MiniOzoneClusterImpl-c13a901d-2fa6-4c37-8ee0-d5db25ea6aab/datanode-5/data/ratis/01bdf2e4-66a5-44b9-8f06-47311e119619 has been successfully formatted.
2019-06-14 05:02:24,365 INFO  ratis.ContainerStateMachine (ContainerStateMachine.java:loadSnapshot(199)) - The snapshot info is null.Setting the last applied index to:(t:0, i:~)
2019-06-14 05:02:24,365 INFO  server.RaftServerConfigKeys (ConfUtils.java:logGet(43)) - raft.server.leader.election.timeout = 10s (custom)
2019-06-14 05:02:24,365 INFO  server.RaftServerConfigKeys (ConfUtils.java:logGet(43)) - raft.server.log.use.memory = false (default)
2019-06-14 05:02:24,365 INFO  server.RaftServerConfigKeys (ConfUtils.java:logGet(43)) - raft.server.log.appender.buffer.byte-limit = 33554432 (custom)
2019-06-14 05:02:24,365 INFO  server.RaftServerConfigKeys (ConfUtils.java:logGet(43)) - raft.server.log.segment.size.max = 16384 (custom)
2019-06-14 05:02:24,366 INFO  server.RaftServerConfigKeys (ConfUtils.java:logGet(43)) - raft.server.log.segment.cache.num.max = 2 (custom)
2019-06-14 05:02:24,366 INFO  storage.RaftLogWorker (RaftLogWorker.java:<init>(123)) - new 8caa4c96-03ae-4e0a-a4e7-6ac6912836e4-RaftLogWorker for Storage Directory /opt/src/hadoop-ozone/integration-test/target/test-dir/MiniOzoneClusterImpl-c13a901d-2fa6-4c37-8ee0-d5db25ea6aab/datanode-5/data/ratis/01bdf2e4-66a5-44b9-8f06-47311e119619
2019-06-14 05:02:24,366 INFO  server.RaftServerConfigKeys (ConfUtils.java:logGet(43)) - raft.server.log.queue.byte-limit = 2147483647 (custom)
2019-06-14 05:02:24,366 INFO  server.RaftServerConfigKeys (ConfUtils.java:logGet(43)) - raft.server.log.queue.element-limit = 1024 (custom)
2019-06-14 05:02:24,366 INFO  server.RaftServerConfigKeys (ConfUtils.java:logGet(43)) - raft.server.log.segment.size.max = 16384 (custom)
2019-06-14 05:02:24,366 INFO  server.RaftServerConfigKeys (ConfUtils.java:logGet(43)) - raft.server.log.preallocated.size = 16384 (custom)
2019-06-14 05:02:24,366 INFO  server.RaftServerConfigKeys (ConfUtils.java:logGet(43)) - raft.server.log.write.buffer.size = 33554432 (custom)
2019-06-14 05:02:24,366 INFO  server.RaftServerConfigKeys (ConfUtils.java:logGet(43)) - raft.server.log.force.sync.num = 128 (default)
2019-06-14 05:02:24,366 INFO  server.RaftServerConfigKeys (ConfUtils.java:logGet(43)) - raft.server.log.statemachine.data.sync = true (default)
2019-06-14 05:02:24,366 INFO  server.RaftServerConfigKeys (ConfUtils.java:logGet(43)) - raft.server.log.statemachine.data.sync.timeout = 10s (default)
2019-06-14 05:02:24,366 INFO  server.RaftServerConfigKeys (ConfUtils.java:logGet(43)) - raft.server.log.statemachine.data.sync.timeout.retry = -1 (default)
2019-06-14 05:02:24,366 INFO  server.RaftServerConfigKeys (ConfUtils.java:logGet(43)) - raft.server.log.statemachine.data.caching.enabled = true (custom)
2019-06-14 05:02:24,367 INFO  server.RaftServerConfigKeys (ConfUtils.java:logGet(43)) - raft.server.snapshot.auto.trigger.enabled = true (custom)
2019-06-14 05:02:24,367 INFO  server.RaftServerConfigKeys (ConfUtils.java:logGet(43)) - raft.server.snapshot.auto.trigger.threshold = 10000 (custom)
2019-06-14 05:02:24,367 INFO  server.RaftServerConfigKeys (ConfUtils.java:logGet(43)) - raft.server.retrycache.expirytime = 600000ms (custom)
2019-06-14 05:02:24,367 INFO  impl.RaftServerImpl (RaftServerImpl.java:start(173)) - 8caa4c96-03ae-4e0a-a4e7-6ac6912836e4: start group-47311E119619
2019-06-14 05:02:24,367 INFO  impl.RaftServerImpl (RaftServerImpl.java:setRole(164)) - 8caa4c96-03ae-4e0a-a4e7-6ac6912836e4:group-47311E119619 changes role from null to FOLLOWER at term 0 for startAsFollower
2019-06-14 05:02:24,367 INFO  impl.RoleInfo (RoleInfo.java:updateAndGet(143)) - 8caa4c96-03ae-4e0a-a4e7-6ac6912836e4: start FollowerState
2019-06-14 05:02:24,368 INFO  util.JmxRegister (JmxRegister.java:tryRegister(44)) - Successfully registered JMX Bean with object name Ratis:service=RaftServer,group=group-47311E119619,id=8caa4c96-03ae-4e0a-a4e7-6ac6912836e4
2019-06-14 05:02:24,376 INFO  pipeline.PipelineStateManager (PipelineStateManager.java:addPipeline(56)) - Created pipeline Pipeline[ Id: 01bdf2e4-66a5-44b9-8f06-47311e119619, Nodes: 8caa4c96-03ae-4e0a-a4e7-6ac6912836e4{ip: 192.168.105.138, host: ozone-mtz9k-282064168, networkLocation: /default-rack, certSerialId: null}, Type:RATIS, Factor:ONE, State:OPEN]
2019-06-14 05:02:24,406 INFO  impl.RaftServerProxy (RaftServerProxy.java:addNew(89)) - 9bf0e054-aff6-4db5-a93c-0e6752cf7e11: addNew group-601BBEED4305:[9bf0e054-aff6-4db5-a93c-0e6752cf7e11:192.168.105.138:39257, 78479d2f-41d3-4a49-bc18-27c1cff9fc67:192.168.105.138:43303, 8caa4c96-03ae-4e0a-a4e7-6ac6912836e4:192.168.105.138:37129] returns group-601BBEED4305:java.util.concurrent.CompletableFuture@12c319a[Not completed]
2019-06-14 05:02:24,410 INFO  impl.RaftServerImpl (RaftServerImpl.java:<init>(91)) - 9bf0e054-aff6-4db5-a93c-0e6752cf7e11: new RaftServerImpl for group-601BBEED4305:[9bf0e054-aff6-4db5-a93c-0e6752cf7e11:192.168.105.138:39257, 78479d2f-41d3-4a49-bc18-27c1cff9fc67:192.168.105.138:43303, 8caa4c96-03ae-4e0a-a4e7-6ac6912836e4:192.168.105.138:37129] with ContainerStateMachine:uninitialized
2019-06-14 05:02:24,410 INFO  server.RaftServerConfigKeys (ConfUtils.java:logGet(43)) - raft.server.rpc.timeout.min = 1s (custom)
2019-06-14 05:02:24,410 INFO  server.RaftServerConfigKeys (ConfUtils.java:logGet(43)) - raft.server.rpc.timeout.max = 1200ms (custom)
2019-06-14 05:02:24,410 INFO  server.RaftServerConfigKeys (ConfUtils.java:logGet(43)) - raft.server.rpcslowness.timeout = 10s (custom)
2019-06-14 05:02:24,410 INFO  server.RaftServerConfigKeys (ConfUtils.java:logGet(43)) - raft.server.log.appender.install.snapshot.enabled = true (default)
2019-06-14 05:02:24,410 INFO  impl.RaftServerImpl (ServerState.java:<init>(101)) - 9bf0e054-aff6-4db5-a93c-0e6752cf7e11:group-601BBEED4305 ConfigurationManager, init=-1: [9bf0e054-aff6-4db5-a93c-0e6752cf7e11:192.168.105.138:39257, 78479d2f-41d3-4a49-bc18-27c1cff9fc67:192.168.105.138:43303, 8caa4c96-03ae-4e0a-a4e7-6ac6912836e4:192.168.105.138:37129], old=null, confs=<EMPTY_MAP>
2019-06-14 05:02:24,411 INFO  server.RaftServerConfigKeys (ConfUtils.java:logGet(43)) - raft.server.storage.dir = [/opt/src/hadoop-ozone/integration-test/target/test-dir/MiniOzoneClusterImpl-c13a901d-2fa6-4c37-8ee0-d5db25ea6aab/datanode-3/data/ratis] (custom)
2019-06-14 05:02:24,411 INFO  storage.RaftStorageDirectory (RaftStorageDirectory.java:analyzeStorage(246)) - The storage directory /opt/src/hadoop-ozone/integration-test/target/test-dir/MiniOzoneClusterImpl-c13a901d-2fa6-4c37-8ee0-d5db25ea6aab/datanode-3/data/ratis/14cd9baf-2d22-4624-b5a7-601bbeed4305 does not exist. Creating ...
2019-06-14 05:02:24,412 INFO  impl.RaftServerProxy (RaftServerProxy.java:addNew(89)) - 8caa4c96-03ae-4e0a-a4e7-6ac6912836e4: addNew group-601BBEED4305:[9bf0e054-aff6-4db5-a93c-0e6752cf7e11:192.168.105.138:39257, 78479d2f-41d3-4a49-bc18-27c1cff9fc67:192.168.105.138:43303, 8caa4c96-03ae-4e0a-a4e7-6ac6912836e4:192.168.105.138:37129] returns group-601BBEED4305:java.util.concurrent.CompletableFuture@25d708e0[Not completed]
2019-06-14 05:02:24,412 INFO  impl.RaftServerProxy (RaftServerProxy.java:addNew(89)) - 78479d2f-41d3-4a49-bc18-27c1cff9fc67: addNew group-601BBEED4305:[9bf0e054-aff6-4db5-a93c-0e6752cf7e11:192.168.105.138:39257, 78479d2f-41d3-4a49-bc18-27c1cff9fc67:192.168.105.138:43303, 8caa4c96-03ae-4e0a-a4e7-6ac6912836e4:192.168.105.138:37129] returns group-601BBEED4305:java.util.concurrent.CompletableFuture@4407bbaa[Not completed]
2019-06-14 05:02:24,413 INFO  impl.RaftServerImpl (RaftServerImpl.java:<init>(91)) - 8caa4c96-03ae-4e0a-a4e7-6ac6912836e4: new RaftServerImpl for group-601BBEED4305:[9bf0e054-aff6-4db5-a93c-0e6752cf7e11:192.168.105.138:39257, 78479d2f-41d3-4a49-bc18-27c1cff9fc67:192.168.105.138:43303, 8caa4c96-03ae-4e0a-a4e7-6ac6912836e4:192.168.105.138:37129] with ContainerStateMachine:uninitialized
2019-06-14 05:02:24,415 INFO  server.RaftServerConfigKeys (ConfUtils.java:logGet(43)) - raft.server.rpc.timeout.min = 1s (custom)
2019-06-14 05:02:24,415 INFO  server.RaftServerConfigKeys (ConfUtils.java:logGet(43)) - raft.server.rpc.timeout.max = 1200ms (custom)
2019-06-14 05:02:24,415 INFO  server.RaftServerConfigKeys (ConfUtils.java:logGet(43)) - raft.server.rpcslowness.timeout = 10s (custom)
2019-06-14 05:02:24,415 INFO  server.RaftServerConfigKeys (ConfUtils.java:logGet(43)) - raft.server.log.appender.install.snapshot.enabled = true (default)
2019-06-14 05:02:24,415 INFO  impl.RaftServerImpl (ServerState.java:<init>(101)) - 8caa4c96-03ae-4e0a-a4e7-6ac6912836e4:group-601BBEED4305 ConfigurationManager, init=-1: [9bf0e054-aff6-4db5-a93c-0e6752cf7e11:192.168.105.138:39257, 78479d2f-41d3-4a49-bc18-27c1cff9fc67:192.168.105.138:43303, 8caa4c96-03ae-4e0a-a4e7-6ac6912836e4:192.168.105.138:37129], old=null, confs=<EMPTY_MAP>
2019-06-14 05:02:24,415 INFO  server.RaftServerConfigKeys (ConfUtils.java:logGet(43)) - raft.server.storage.dir = [/opt/src/hadoop-ozone/integration-test/target/test-dir/MiniOzoneClusterImpl-c13a901d-2fa6-4c37-8ee0-d5db25ea6aab/datanode-5/data/ratis] (custom)
2019-06-14 05:02:24,416 INFO  storage.RaftStorageDirectory (RaftStorageDirectory.java:analyzeStorage(246)) - The storage directory /opt/src/hadoop-ozone/integration-test/target/test-dir/MiniOzoneClusterImpl-c13a901d-2fa6-4c37-8ee0-d5db25ea6aab/datanode-5/data/ratis/14cd9baf-2d22-4624-b5a7-601bbeed4305 does not exist. Creating ...
2019-06-14 05:02:24,413 INFO  storage.RaftStorageDirectory (RaftStorageDirectory.java:tryLock(328)) - Lock on /opt/src/hadoop-ozone/integration-test/target/test-dir/MiniOzoneClusterImpl-c13a901d-2fa6-4c37-8ee0-d5db25ea6aab/datanode-3/data/ratis/14cd9baf-2d22-4624-b5a7-601bbeed4305/in_use.lock acquired by nodename 10246@ozone-mtz9k-282064168
2019-06-14 05:02:24,413 INFO  impl.RaftServerImpl (RaftServerImpl.java:<init>(91)) - 78479d2f-41d3-4a49-bc18-27c1cff9fc67: new RaftServerImpl for group-601BBEED4305:[9bf0e054-aff6-4db5-a93c-0e6752cf7e11:192.168.105.138:39257, 78479d2f-41d3-4a49-bc18-27c1cff9fc67:192.168.105.138:43303, 8caa4c96-03ae-4e0a-a4e7-6ac6912836e4:192.168.105.138:37129] with ContainerStateMachine:uninitialized
2019-06-14 05:02:24,417 INFO  server.RaftServerConfigKeys (ConfUtils.java:logGet(43)) - raft.server.rpc.timeout.min = 1s (custom)
2019-06-14 05:02:24,417 INFO  server.RaftServerConfigKeys (ConfUtils.java:logGet(43)) - raft.server.rpc.timeout.max = 1200ms (custom)
2019-06-14 05:02:24,417 INFO  server.RaftServerConfigKeys (ConfUtils.java:logGet(43)) - raft.server.rpcslowness.timeout = 10s (custom)
2019-06-14 05:02:24,417 INFO  server.RaftServerConfigKeys (ConfUtils.java:logGet(43)) - raft.server.log.appender.install.snapshot.enabled = true (default)
2019-06-14 05:02:24,417 INFO  impl.RaftServerImpl (ServerState.java:<init>(101)) - 78479d2f-41d3-4a49-bc18-27c1cff9fc67:group-601BBEED4305 ConfigurationManager, init=-1: [9bf0e054-aff6-4db5-a93c-0e6752cf7e11:192.168.105.138:39257, 78479d2f-41d3-4a49-bc18-27c1cff9fc67:192.168.105.138:43303, 8caa4c96-03ae-4e0a-a4e7-6ac6912836e4:192.168.105.138:37129], old=null, confs=<EMPTY_MAP>
2019-06-14 05:02:24,417 INFO  server.RaftServerConfigKeys (ConfUtils.java:logGet(43)) - raft.server.storage.dir = [/opt/src/hadoop-ozone/integration-test/target/test-dir/MiniOzoneClusterImpl-c13a901d-2fa6-4c37-8ee0-d5db25ea6aab/datanode-4/data/ratis] (custom)
2019-06-14 05:02:24,417 INFO  storage.RaftStorageDirectory (RaftStorageDirectory.java:analyzeStorage(246)) - The storage directory /opt/src/hadoop-ozone/integration-test/target/test-dir/MiniOzoneClusterImpl-c13a901d-2fa6-4c37-8ee0-d5db25ea6aab/datanode-4/data/ratis/14cd9baf-2d22-4624-b5a7-601bbeed4305 does not exist. Creating ...
2019-06-14 05:02:24,419 INFO  storage.RaftStorageDirectory (RaftStorageDirectory.java:tryLock(328)) - Lock on /opt/src/hadoop-ozone/integration-test/target/test-dir/MiniOzoneClusterImpl-c13a901d-2fa6-4c37-8ee0-d5db25ea6aab/datanode-4/data/ratis/14cd9baf-2d22-4624-b5a7-601bbeed4305/in_use.lock acquired by nodename 10246@ozone-mtz9k-282064168
2019-06-14 05:02:24,420 INFO  storage.RaftStorage (RaftStorage.java:format(75)) - Storage directory /opt/src/hadoop-ozone/integration-test/target/test-dir/MiniOzoneClusterImpl-c13a901d-2fa6-4c37-8ee0-d5db25ea6aab/datanode-3/data/ratis/14cd9baf-2d22-4624-b5a7-601bbeed4305 has been successfully formatted.
2019-06-14 05:02:24,420 INFO  ratis.ContainerStateMachine (ContainerStateMachine.java:loadSnapshot(199)) - The snapshot info is null.Setting the last applied index to:(t:0, i:~)
2019-06-14 05:02:24,420 INFO  server.RaftServerConfigKeys (ConfUtils.java:logGet(43)) - raft.server.leader.election.timeout = 10s (custom)
2019-06-14 05:02:24,420 INFO  server.RaftServerConfigKeys (ConfUtils.java:logGet(43)) - raft.server.log.use.memory = false (default)
2019-06-14 05:02:24,420 INFO  server.RaftServerConfigKeys (ConfUtils.java:logGet(43)) - raft.server.log.appender.buffer.byte-limit = 33554432 (custom)
2019-06-14 05:02:24,420 INFO  server.RaftServerConfigKeys (ConfUtils.java:logGet(43)) - raft.server.log.segment.size.max = 16384 (custom)
2019-06-14 05:02:24,420 INFO  server.RaftServerConfigKeys (ConfUtils.java:logGet(43)) - raft.server.log.segment.cache.num.max = 2 (custom)
2019-06-14 05:02:24,420 INFO  storage.RaftLogWorker (RaftLogWorker.java:<init>(123)) - new 9bf0e054-aff6-4db5-a93c-0e6752cf7e11-RaftLogWorker for Storage Directory /opt/src/hadoop-ozone/integration-test/target/test-dir/MiniOzoneClusterImpl-c13a901d-2fa6-4c37-8ee0-d5db25ea6aab/datanode-3/data/ratis/14cd9baf-2d22-4624-b5a7-601bbeed4305
2019-06-14 05:02:24,421 INFO  server.RaftServerConfigKeys (ConfUtils.java:logGet(43)) - raft.server.log.queue.byte-limit = 2147483647 (custom)
2019-06-14 05:02:24,421 INFO  server.RaftServerConfigKeys (ConfUtils.java:logGet(43)) - raft.server.log.queue.element-limit = 1024 (custom)
2019-06-14 05:02:24,421 INFO  server.RaftServerConfigKeys (ConfUtils.java:logGet(43)) - raft.server.log.segment.size.max = 16384 (custom)
2019-06-14 05:02:24,421 INFO  server.RaftServerConfigKeys (ConfUtils.java:logGet(43)) - raft.server.log.preallocated.size = 16384 (custom)
2019-06-14 05:02:24,421 INFO  server.RaftServerConfigKeys (ConfUtils.java:logGet(43)) - raft.server.log.write.buffer.size = 33554432 (custom)
2019-06-14 05:02:24,421 INFO  server.RaftServerConfigKeys (ConfUtils.java:logGet(43)) - raft.server.log.force.sync.num = 128 (default)
2019-06-14 05:02:24,421 INFO  server.RaftServerConfigKeys (ConfUtils.java:logGet(43)) - raft.server.log.statemachine.data.sync = true (default)
2019-06-14 05:02:24,421 INFO  server.RaftServerConfigKeys (ConfUtils.java:logGet(43)) - raft.server.log.statemachine.data.sync.timeout = 10s (default)
2019-06-14 05:02:24,421 INFO  server.RaftServerConfigKeys (ConfUtils.java:logGet(43)) - raft.server.log.statemachine.data.sync.timeout.retry = -1 (default)
2019-06-14 05:02:24,422 INFO  server.RaftServerConfigKeys (ConfUtils.java:logGet(43)) - raft.server.log.statemachine.data.caching.enabled = true (custom)
2019-06-14 05:02:24,422 INFO  storage.RaftStorageDirectory (RaftStorageDirectory.java:tryLock(328)) - Lock on /opt/src/hadoop-ozone/integration-test/target/test-dir/MiniOzoneClusterImpl-c13a901d-2fa6-4c37-8ee0-d5db25ea6aab/datanode-5/data/ratis/14cd9baf-2d22-4624-b5a7-601bbeed4305/in_use.lock acquired by nodename 10246@ozone-mtz9k-282064168
2019-06-14 05:02:24,422 INFO  server.RaftServerConfigKeys (ConfUtils.java:logGet(43)) - raft.server.snapshot.auto.trigger.enabled = true (custom)
2019-06-14 05:02:24,422 INFO  server.RaftServerConfigKeys (ConfUtils.java:logGet(43)) - raft.server.snapshot.auto.trigger.threshold = 10000 (custom)
2019-06-14 05:02:24,422 INFO  server.RaftServerConfigKeys (ConfUtils.java:logGet(43)) - raft.server.retrycache.expirytime = 600000ms (custom)
2019-06-14 05:02:24,423 INFO  storage.RaftStorage (RaftStorage.java:format(75)) - Storage directory /opt/src/hadoop-ozone/integration-test/target/test-dir/MiniOzoneClusterImpl-c13a901d-2fa6-4c37-8ee0-d5db25ea6aab/datanode-4/data/ratis/14cd9baf-2d22-4624-b5a7-601bbeed4305 has been successfully formatted.
2019-06-14 05:02:24,423 INFO  ratis.ContainerStateMachine (ContainerStateMachine.java:loadSnapshot(199)) - The snapshot info is null.Setting the last applied index to:(t:0, i:~)
2019-06-14 05:02:24,423 INFO  server.RaftServerConfigKeys (ConfUtils.java:logGet(43)) - raft.server.leader.election.timeout = 10s (custom)
2019-06-14 05:02:24,424 INFO  server.RaftServerConfigKeys (ConfUtils.java:logGet(43)) - raft.server.log.use.memory = false (default)
2019-06-14 05:02:24,424 INFO  server.RaftServerConfigKeys (ConfUtils.java:logGet(43)) - raft.server.log.appender.buffer.byte-limit = 33554432 (custom)
2019-06-14 05:02:24,424 INFO  server.RaftServerConfigKeys (ConfUtils.java:logGet(43)) - raft.server.log.segment.size.max = 16384 (custom)
2019-06-14 05:02:24,424 INFO  server.RaftServerConfigKeys (ConfUtils.java:logGet(43)) - raft.server.log.segment.cache.num.max = 2 (custom)
2019-06-14 05:02:24,424 INFO  storage.RaftLogWorker (RaftLogWorker.java:<init>(123)) - new 78479d2f-41d3-4a49-bc18-27c1cff9fc67-RaftLogWorker for Storage Directory /opt/src/hadoop-ozone/integration-test/target/test-dir/MiniOzoneClusterImpl-c13a901d-2fa6-4c37-8ee0-d5db25ea6aab/datanode-4/data/ratis/14cd9baf-2d22-4624-b5a7-601bbeed4305
2019-06-14 05:02:24,424 INFO  server.RaftServerConfigKeys (ConfUtils.java:logGet(43)) - raft.server.log.queue.byte-limit = 2147483647 (custom)
2019-06-14 05:02:24,424 INFO  server.RaftServerConfigKeys (ConfUtils.java:logGet(43)) - raft.server.log.queue.element-limit = 1024 (custom)
2019-06-14 05:02:24,424 INFO  server.RaftServerConfigKeys (ConfUtils.java:logGet(43)) - raft.server.log.segment.size.max = 16384 (custom)
2019-06-14 05:02:24,424 INFO  server.RaftServerConfigKeys (ConfUtils.java:logGet(43)) - raft.server.log.preallocated.size = 16384 (custom)
2019-06-14 05:02:24,424 INFO  server.RaftServerConfigKeys (ConfUtils.java:logGet(43)) - raft.server.log.write.buffer.size = 33554432 (custom)
2019-06-14 05:02:24,425 INFO  server.RaftServerConfigKeys (ConfUtils.java:logGet(43)) - raft.server.log.force.sync.num = 128 (default)
2019-06-14 05:02:24,425 INFO  server.RaftServerConfigKeys (ConfUtils.java:logGet(43)) - raft.server.log.statemachine.data.sync = true (default)
2019-06-14 05:02:24,425 INFO  server.RaftServerConfigKeys (ConfUtils.java:logGet(43)) - raft.server.log.statemachine.data.sync.timeout = 10s (default)
2019-06-14 05:02:24,425 INFO  server.RaftServerConfigKeys (ConfUtils.java:logGet(43)) - raft.server.log.statemachine.data.sync.timeout.retry = -1 (default)
2019-06-14 05:02:24,425 INFO  server.RaftServerConfigKeys (ConfUtils.java:logGet(43)) - raft.server.log.statemachine.data.caching.enabled = true (custom)
2019-06-14 05:02:24,425 INFO  impl.RaftServerImpl (RaftServerImpl.java:start(173)) - 9bf0e054-aff6-4db5-a93c-0e6752cf7e11: start group-601BBEED4305
2019-06-14 05:02:24,425 INFO  impl.RaftServerImpl (RaftServerImpl.java:setRole(164)) - 9bf0e054-aff6-4db5-a93c-0e6752cf7e11:group-601BBEED4305 changes role from null to FOLLOWER at term 0 for startAsFollower
2019-06-14 05:02:24,429 INFO  storage.RaftStorage (RaftStorage.java:format(75)) - Storage directory /opt/src/hadoop-ozone/integration-test/target/test-dir/MiniOzoneClusterImpl-c13a901d-2fa6-4c37-8ee0-d5db25ea6aab/datanode-5/data/ratis/14cd9baf-2d22-4624-b5a7-601bbeed4305 has been successfully formatted.
2019-06-14 05:02:24,430 INFO  ratis.ContainerStateMachine (ContainerStateMachine.java:loadSnapshot(199)) - The snapshot info is null.Setting the last applied index to:(t:0, i:~)
2019-06-14 05:02:24,430 INFO  server.RaftServerConfigKeys (ConfUtils.java:logGet(43)) - raft.server.leader.election.timeout = 10s (custom)
2019-06-14 05:02:24,430 INFO  server.RaftServerConfigKeys (ConfUtils.java:logGet(43)) - raft.server.log.use.memory = false (default)
2019-06-14 05:02:24,430 INFO  server.RaftServerConfigKeys (ConfUtils.java:logGet(43)) - raft.server.log.appender.buffer.byte-limit = 33554432 (custom)
2019-06-14 05:02:24,430 INFO  server.RaftServerConfigKeys (ConfUtils.java:logGet(43)) - raft.server.log.segment.size.max = 16384 (custom)
2019-06-14 05:02:24,430 INFO  server.RaftServerConfigKeys (ConfUtils.java:logGet(43)) - raft.server.log.segment.cache.num.max = 2 (custom)
2019-06-14 05:02:24,430 INFO  storage.RaftLogWorker (RaftLogWorker.java:<init>(123)) - new 8caa4c96-03ae-4e0a-a4e7-6ac6912836e4-RaftLogWorker for Storage Directory /opt/src/hadoop-ozone/integration-test/target/test-dir/MiniOzoneClusterImpl-c13a901d-2fa6-4c37-8ee0-d5db25ea6aab/datanode-5/data/ratis/14cd9baf-2d22-4624-b5a7-601bbeed4305
2019-06-14 05:02:24,430 INFO  server.RaftServerConfigKeys (ConfUtils.java:logGet(43)) - raft.server.log.queue.byte-limit = 2147483647 (custom)
2019-06-14 05:02:24,430 INFO  server.RaftServerConfigKeys (ConfUtils.java:logGet(43)) - raft.server.log.queue.element-limit = 1024 (custom)
2019-06-14 05:02:24,430 INFO  server.RaftServerConfigKeys (ConfUtils.java:logGet(43)) - raft.server.log.segment.size.max = 16384 (custom)
2019-06-14 05:02:24,430 INFO  server.RaftServerConfigKeys (ConfUtils.java:logGet(43)) - raft.server.log.preallocated.size = 16384 (custom)
2019-06-14 05:02:24,431 INFO  server.RaftServerConfigKeys (ConfUtils.java:logGet(43)) - raft.server.log.write.buffer.size = 33554432 (custom)
2019-06-14 05:02:24,431 INFO  server.RaftServerConfigKeys (ConfUtils.java:logGet(43)) - raft.server.log.force.sync.num = 128 (default)
2019-06-14 05:02:24,431 INFO  server.RaftServerConfigKeys (ConfUtils.java:logGet(43)) - raft.server.log.statemachine.data.sync = true (default)
2019-06-14 05:02:24,431 INFO  server.RaftServerConfigKeys (ConfUtils.java:logGet(43)) - raft.server.log.statemachine.data.sync.timeout = 10s (default)
2019-06-14 05:02:24,431 INFO  server.RaftServerConfigKeys (ConfUtils.java:logGet(43)) - raft.server.log.statemachine.data.sync.timeout.retry = -1 (default)
2019-06-14 05:02:24,431 INFO  server.RaftServerConfigKeys (ConfUtils.java:logGet(43)) - raft.server.log.statemachine.data.caching.enabled = true (custom)
2019-06-14 05:02:24,431 INFO  server.RaftServerConfigKeys (ConfUtils.java:logGet(43)) - raft.server.snapshot.auto.trigger.enabled = true (custom)
2019-06-14 05:02:24,431 INFO  server.RaftServerConfigKeys (ConfUtils.java:logGet(43)) - raft.server.snapshot.auto.trigger.threshold = 10000 (custom)
2019-06-14 05:02:24,432 INFO  server.RaftServerConfigKeys (ConfUtils.java:logGet(43)) - raft.server.snapshot.auto.trigger.enabled = true (custom)
2019-06-14 05:02:24,433 INFO  server.RaftServerConfigKeys (ConfUtils.java:logGet(43)) - raft.server.snapshot.auto.trigger.threshold = 10000 (custom)
2019-06-14 05:02:24,433 INFO  impl.RoleInfo (RoleInfo.java:updateAndGet(143)) - 9bf0e054-aff6-4db5-a93c-0e6752cf7e11: start FollowerState
2019-06-14 05:02:24,433 INFO  server.RaftServerConfigKeys (ConfUtils.java:logGet(43)) - raft.server.retrycache.expirytime = 600000ms (custom)
2019-06-14 05:02:24,433 INFO  server.RaftServerConfigKeys (ConfUtils.java:logGet(43)) - raft.server.retrycache.expirytime = 600000ms (custom)
2019-06-14 05:02:24,434 INFO  impl.RaftServerImpl (RaftServerImpl.java:start(173)) - 78479d2f-41d3-4a49-bc18-27c1cff9fc67: start group-601BBEED4305
2019-06-14 05:02:24,434 INFO  impl.RaftServerImpl (RaftServerImpl.java:start(173)) - 8caa4c96-03ae-4e0a-a4e7-6ac6912836e4: start group-601BBEED4305
2019-06-14 05:02:24,434 INFO  impl.RaftServerImpl (RaftServerImpl.java:setRole(164)) - 78479d2f-41d3-4a49-bc18-27c1cff9fc67:group-601BBEED4305 changes role from null to FOLLOWER at term 0 for startAsFollower
2019-06-14 05:02:24,434 INFO  impl.RaftServerImpl (RaftServerImpl.java:setRole(164)) - 8caa4c96-03ae-4e0a-a4e7-6ac6912836e4:group-601BBEED4305 changes role from null to FOLLOWER at term 0 for startAsFollower
2019-06-14 05:02:24,434 INFO  impl.RoleInfo (RoleInfo.java:updateAndGet(143)) - 78479d2f-41d3-4a49-bc18-27c1cff9fc67: start FollowerState
2019-06-14 05:02:24,435 INFO  impl.RoleInfo (RoleInfo.java:updateAndGet(143)) - 8caa4c96-03ae-4e0a-a4e7-6ac6912836e4: start FollowerState
2019-06-14 05:02:24,435 INFO  util.JmxRegister (JmxRegister.java:tryRegister(44)) - Successfully registered JMX Bean with object name Ratis:service=RaftServer,group=group-601BBEED4305,id=9bf0e054-aff6-4db5-a93c-0e6752cf7e11
2019-06-14 05:02:24,437 INFO  util.JmxRegister (JmxRegister.java:tryRegister(44)) - Successfully registered JMX Bean with object name Ratis:service=RaftServer,group=group-601BBEED4305,id=78479d2f-41d3-4a49-bc18-27c1cff9fc67
2019-06-14 05:02:24,442 INFO  util.JmxRegister (JmxRegister.java:tryRegister(44)) - Successfully registered JMX Bean with object name Ratis:service=RaftServer,group=group-601BBEED4305,id=8caa4c96-03ae-4e0a-a4e7-6ac6912836e4
2019-06-14 05:02:24,463 INFO  pipeline.PipelineStateManager (PipelineStateManager.java:addPipeline(56)) - Created pipeline Pipeline[ Id: 14cd9baf-2d22-4624-b5a7-601bbeed4305, Nodes: 9bf0e054-aff6-4db5-a93c-0e6752cf7e11{ip: 192.168.105.138, host: ozone-mtz9k-282064168, networkLocation: /default-rack, certSerialId: null}78479d2f-41d3-4a49-bc18-27c1cff9fc67{ip: 192.168.105.138, host: ozone-mtz9k-282064168, networkLocation: /default-rack, certSerialId: null}8caa4c96-03ae-4e0a-a4e7-6ac6912836e4{ip: 192.168.105.138, host: ozone-mtz9k-282064168, networkLocation: /default-rack, certSerialId: null}, Type:RATIS, Factor:THREE, State:OPEN]
2019-06-14 05:02:24,727 INFO  impl.FollowerState (FollowerState.java:run(101)) - 7853ab3a-b326-4386-b5ab-c83011cef43d:group-3FA7ACE2EAD0 changes to CANDIDATE, lastRpcTime:1155, electionTimeout:1153ms
2019-06-14 05:02:24,728 INFO  impl.RoleInfo (RoleInfo.java:shutdownFollowerState(121)) - 7853ab3a-b326-4386-b5ab-c83011cef43d: shutdown FollowerState
2019-06-14 05:02:24,728 INFO  impl.RaftServerImpl (RaftServerImpl.java:setRole(164)) - 7853ab3a-b326-4386-b5ab-c83011cef43d:group-3FA7ACE2EAD0 changes role from FOLLOWER to CANDIDATE at term 0 for changeToCandidate
2019-06-14 05:02:24,732 INFO  impl.RoleInfo (RoleInfo.java:updateAndGet(143)) - 7853ab3a-b326-4386-b5ab-c83011cef43d: start LeaderElection
2019-06-14 05:02:24,750 INFO  impl.LeaderElection (LeaderElection.java:askForVotes(181)) - 7853ab3a-b326-4386-b5ab-c83011cef43d:group-3FA7ACE2EAD0:LeaderElection1: begin an election at term 1 for -1: [7853ab3a-b326-4386-b5ab-c83011cef43d:192.168.105.138:42269], old=null
2019-06-14 05:02:24,752 INFO  impl.RoleInfo (RoleInfo.java:shutdownLeaderElection(134)) - 7853ab3a-b326-4386-b5ab-c83011cef43d: shutdown LeaderElection
2019-06-14 05:02:24,753 INFO  impl.RaftServerImpl (RaftServerImpl.java:setRole(164)) - 7853ab3a-b326-4386-b5ab-c83011cef43d:group-3FA7ACE2EAD0 changes role from CANDIDATE to LEADER at term 1 for changeToLeader
2019-06-14 05:02:24,753 INFO  impl.RaftServerImpl (ServerState.java:setLeader(263)) - 7853ab3a-b326-4386-b5ab-c83011cef43d:group-3FA7ACE2EAD0 change Leader from null to 7853ab3a-b326-4386-b5ab-c83011cef43d at term 1 for becomeLeader, leader elected after 1367ms
2019-06-14 05:02:24,759 INFO  impl.FollowerState (FollowerState.java:run(101)) - cdd86055-eb11-4b79-b2b0-4fbc61c1509c:group-A04789C880AE changes to CANDIDATE, lastRpcTime:1110, electionTimeout:1106ms
2019-06-14 05:02:24,760 INFO  server.RaftServerConfigKeys (ConfUtils.java:logGet(43)) - raft.server.staging.catchup.gap = 1000 (default)
2019-06-14 05:02:24,761 INFO  impl.RoleInfo (RoleInfo.java:shutdownFollowerState(121)) - cdd86055-eb11-4b79-b2b0-4fbc61c1509c: shutdown FollowerState
2019-06-14 05:02:24,761 INFO  impl.RaftServerImpl (RaftServerImpl.java:setRole(164)) - cdd86055-eb11-4b79-b2b0-4fbc61c1509c:group-A04789C880AE changes role from FOLLOWER to CANDIDATE at term 0 for changeToCandidate
2019-06-14 05:02:24,761 INFO  server.RaftServerConfigKeys (ConfUtils.java:logGet(43)) - raft.server.rpc.sleep.time = 25ms (default)
2019-06-14 05:02:24,761 INFO  impl.RoleInfo (RoleInfo.java:updateAndGet(143)) - cdd86055-eb11-4b79-b2b0-4fbc61c1509c: start LeaderElection
2019-06-14 05:02:24,770 INFO  server.RaftServerConfigKeys (ConfUtils.java:logGet(43)) - raft.server.watch.timeout = 10s (default)
2019-06-14 05:02:24,770 INFO  server.RaftServerConfigKeys (ConfUtils.java:logGet(43)) - raft.server.watch.timeout.denomination = 1s (default)
2019-06-14 05:02:24,780 INFO  impl.RoleInfo (RoleInfo.java:updateAndGet(143)) - 7853ab3a-b326-4386-b5ab-c83011cef43d: start LeaderState
2019-06-14 05:02:24,789 INFO  impl.LeaderElection (LeaderElection.java:askForVotes(181)) - cdd86055-eb11-4b79-b2b0-4fbc61c1509c:group-A04789C880AE:LeaderElection2: begin an election at term 1 for -1: [cdd86055-eb11-4b79-b2b0-4fbc61c1509c:192.168.105.138:45909], old=null
2019-06-14 05:02:24,791 INFO  impl.RoleInfo (RoleInfo.java:shutdownLeaderElection(134)) - cdd86055-eb11-4b79-b2b0-4fbc61c1509c: shutdown LeaderElection
2019-06-14 05:02:24,791 INFO  impl.RaftServerImpl (RaftServerImpl.java:setRole(164)) - cdd86055-eb11-4b79-b2b0-4fbc61c1509c:group-A04789C880AE changes role from CANDIDATE to LEADER at term 1 for changeToLeader
2019-06-14 05:02:24,791 INFO  impl.RaftServerImpl (ServerState.java:setLeader(263)) - cdd86055-eb11-4b79-b2b0-4fbc61c1509c:group-A04789C880AE change Leader from null to cdd86055-eb11-4b79-b2b0-4fbc61c1509c at term 1 for becomeLeader, leader elected after 1145ms
2019-06-14 05:02:24,793 INFO  server.RaftServerConfigKeys (ConfUtils.java:logGet(43)) - raft.server.staging.catchup.gap = 1000 (default)
2019-06-14 05:02:24,793 INFO  server.RaftServerConfigKeys (ConfUtils.java:logGet(43)) - raft.server.rpc.sleep.time = 25ms (default)
2019-06-14 05:02:24,793 INFO  server.RaftServerConfigKeys (ConfUtils.java:logGet(43)) - raft.server.watch.timeout = 10s (default)
2019-06-14 05:02:24,794 INFO  server.RaftServerConfigKeys (ConfUtils.java:logGet(43)) - raft.server.watch.timeout.denomination = 1s (default)
2019-06-14 05:02:24,794 INFO  impl.RoleInfo (RoleInfo.java:updateAndGet(143)) - cdd86055-eb11-4b79-b2b0-4fbc61c1509c: start LeaderState
2019-06-14 05:02:24,813 INFO  storage.RaftLogWorker (RaftLogWorker.java:startLogSegment(298)) - 7853ab3a-b326-4386-b5ab-c83011cef43d-RaftLogWorker: Starting segment from index:0
2019-06-14 05:02:24,813 INFO  storage.RaftLogWorker (RaftLogWorker.java:startLogSegment(298)) - cdd86055-eb11-4b79-b2b0-4fbc61c1509c-RaftLogWorker: Starting segment from index:0
2019-06-14 05:02:24,830 INFO  impl.FollowerState (FollowerState.java:run(101)) - cdd86055-eb11-4b79-b2b0-4fbc61c1509c:group-E1407EB8F392 changes to CANDIDATE, lastRpcTime:1021, electionTimeout:1021ms
2019-06-14 05:02:24,830 INFO  impl.RoleInfo (RoleInfo.java:shutdownFollowerState(121)) - cdd86055-eb11-4b79-b2b0-4fbc61c1509c: shutdown FollowerState
2019-06-14 05:02:24,830 INFO  impl.RaftServerImpl (RaftServerImpl.java:setRole(164)) - cdd86055-eb11-4b79-b2b0-4fbc61c1509c:group-E1407EB8F392 changes role from FOLLOWER to CANDIDATE at term 0 for changeToCandidate
2019-06-14 05:02:24,832 INFO  impl.RoleInfo (RoleInfo.java:updateAndGet(143)) - cdd86055-eb11-4b79-b2b0-4fbc61c1509c: start LeaderElection
2019-06-14 05:02:24,833 INFO  impl.RaftServerImpl (ServerState.java:setRaftConf(361)) - cdd86055-eb11-4b79-b2b0-4fbc61c1509c:group-A04789C880AE set configuration 0: [cdd86055-eb11-4b79-b2b0-4fbc61c1509c:192.168.105.138:45909], old=null at 0
2019-06-14 05:02:24,836 INFO  impl.RaftServerImpl (ServerState.java:setRaftConf(361)) - 7853ab3a-b326-4386-b5ab-c83011cef43d:group-3FA7ACE2EAD0 set configuration 0: [7853ab3a-b326-4386-b5ab-c83011cef43d:192.168.105.138:42269], old=null at 0
2019-06-14 05:02:24,855 INFO  impl.LeaderElection (LeaderElection.java:askForVotes(181)) - cdd86055-eb11-4b79-b2b0-4fbc61c1509c:group-E1407EB8F392:LeaderElection3: begin an election at term 1 for -1: [16099454-f8c0-4c4b-b8de-9459abe1da85:192.168.105.138:37953, 7853ab3a-b326-4386-b5ab-c83011cef43d:192.168.105.138:42269, cdd86055-eb11-4b79-b2b0-4fbc61c1509c:192.168.105.138:45909], old=null
2019-06-14 05:02:24,869 INFO  impl.FollowerState (FollowerState.java:run(101)) - 7853ab3a-b326-4386-b5ab-c83011cef43d:group-E1407EB8F392 changes to CANDIDATE, lastRpcTime:1008, electionTimeout:1002ms
2019-06-14 05:02:24,870 INFO  impl.RoleInfo (RoleInfo.java:shutdownFollowerState(121)) - 7853ab3a-b326-4386-b5ab-c83011cef43d: shutdown FollowerState
2019-06-14 05:02:24,870 INFO  impl.RaftServerImpl (RaftServerImpl.java:setRole(164)) - 7853ab3a-b326-4386-b5ab-c83011cef43d:group-E1407EB8F392 changes role from FOLLOWER to CANDIDATE at term 0 for changeToCandidate
2019-06-14 05:02:24,883 INFO  impl.FollowerState (FollowerState.java:run(101)) - 16099454-f8c0-4c4b-b8de-9459abe1da85:group-4C6CB983FF1E changes to CANDIDATE, lastRpcTime:1153, electionTimeout:1152ms
2019-06-14 05:02:24,883 INFO  impl.RoleInfo (RoleInfo.java:shutdownFollowerState(121)) - 16099454-f8c0-4c4b-b8de-9459abe1da85: shutdown FollowerState
2019-06-14 05:02:24,883 INFO  impl.RaftServerImpl (RaftServerImpl.java:setRole(164)) - 16099454-f8c0-4c4b-b8de-9459abe1da85:group-4C6CB983FF1E changes role from FOLLOWER to CANDIDATE at term 0 for changeToCandidate
2019-06-14 05:02:24,893 INFO  impl.RoleInfo (RoleInfo.java:updateAndGet(143)) - 7853ab3a-b326-4386-b5ab-c83011cef43d: start LeaderElection
2019-06-14 05:02:24,893 INFO  impl.RoleInfo (RoleInfo.java:updateAndGet(143)) - 16099454-f8c0-4c4b-b8de-9459abe1da85: start LeaderElection
2019-06-14 05:02:24,917 INFO  impl.FollowerState (FollowerState.java:run(101)) - 16099454-f8c0-4c4b-b8de-9459abe1da85:group-E1407EB8F392 changes to CANDIDATE, lastRpcTime:1098, electionTimeout:1095ms
2019-06-14 05:02:24,917 INFO  impl.RoleInfo (RoleInfo.java:shutdownFollowerState(121)) - 16099454-f8c0-4c4b-b8de-9459abe1da85: shutdown FollowerState
2019-06-14 05:02:24,917 INFO  impl.RaftServerImpl (RaftServerImpl.java:setRole(164)) - 16099454-f8c0-4c4b-b8de-9459abe1da85:group-E1407EB8F392 changes role from FOLLOWER to CANDIDATE at term 0 for changeToCandidate
2019-06-14 05:02:24,917 INFO  impl.RoleInfo (RoleInfo.java:updateAndGet(143)) - 16099454-f8c0-4c4b-b8de-9459abe1da85: start LeaderElection
2019-06-14 05:02:24,955 INFO  impl.LeaderElection (LeaderElection.java:askForVotes(181)) - 16099454-f8c0-4c4b-b8de-9459abe1da85:group-E1407EB8F392:LeaderElection6: begin an election at term 1 for -1: [16099454-f8c0-4c4b-b8de-9459abe1da85:192.168.105.138:37953, 7853ab3a-b326-4386-b5ab-c83011cef43d:192.168.105.138:42269, cdd86055-eb11-4b79-b2b0-4fbc61c1509c:192.168.105.138:45909], old=null
2019-06-14 05:02:24,969 INFO  impl.LeaderElection (LeaderElection.java:askForVotes(181)) - 16099454-f8c0-4c4b-b8de-9459abe1da85:group-4C6CB983FF1E:LeaderElection5: begin an election at term 1 for -1: [16099454-f8c0-4c4b-b8de-9459abe1da85:192.168.105.138:37953], old=null
2019-06-14 05:02:24,970 INFO  impl.RoleInfo (RoleInfo.java:shutdownLeaderElection(134)) - 16099454-f8c0-4c4b-b8de-9459abe1da85: shutdown LeaderElection
2019-06-14 05:02:24,970 INFO  impl.RaftServerImpl (RaftServerImpl.java:setRole(164)) - 16099454-f8c0-4c4b-b8de-9459abe1da85:group-4C6CB983FF1E changes role from CANDIDATE to LEADER at term 1 for changeToLeader
2019-06-14 05:02:24,970 INFO  impl.RaftServerImpl (ServerState.java:setLeader(263)) - 16099454-f8c0-4c4b-b8de-9459abe1da85:group-4C6CB983FF1E change Leader from null to 16099454-f8c0-4c4b-b8de-9459abe1da85 at term 1 for becomeLeader, leader elected after 1243ms
2019-06-14 05:02:24,971 INFO  impl.LeaderElection (LeaderElection.java:askForVotes(181)) - 7853ab3a-b326-4386-b5ab-c83011cef43d:group-E1407EB8F392:LeaderElection4: begin an election at term 1 for -1: [16099454-f8c0-4c4b-b8de-9459abe1da85:192.168.105.138:37953, 7853ab3a-b326-4386-b5ab-c83011cef43d:192.168.105.138:42269, cdd86055-eb11-4b79-b2b0-4fbc61c1509c:192.168.105.138:45909], old=null
2019-06-14 05:02:24,997 INFO  server.RaftServerConfigKeys (ConfUtils.java:logGet(43)) - raft.server.staging.catchup.gap = 1000 (default)
2019-06-14 05:02:24,998 INFO  server.RaftServerConfigKeys (ConfUtils.java:logGet(43)) - raft.server.rpc.sleep.time = 25ms (default)
2019-06-14 05:02:24,998 INFO  server.RaftServerConfigKeys (ConfUtils.java:logGet(43)) - raft.server.watch.timeout = 10s (default)
2019-06-14 05:02:24,998 INFO  server.RaftServerConfigKeys (ConfUtils.java:logGet(43)) - raft.server.watch.timeout.denomination = 1s (default)
2019-06-14 05:02:24,998 INFO  impl.RoleInfo (RoleInfo.java:updateAndGet(143)) - 16099454-f8c0-4c4b-b8de-9459abe1da85: start LeaderState
2019-06-14 05:02:24,998 INFO  storage.RaftLogWorker (RaftLogWorker.java:startLogSegment(298)) - 16099454-f8c0-4c4b-b8de-9459abe1da85-RaftLogWorker: Starting segment from index:0
2019-06-14 05:02:25,021 INFO  impl.LeaderElection (LeaderElection.java:logAndReturn(56)) - cdd86055-eb11-4b79-b2b0-4fbc61c1509c:group-E1407EB8F392:LeaderElection3: Election REJECTED; received 2 response(s) [cdd86055-eb11-4b79-b2b0-4fbc61c1509c->16099454-f8c0-4c4b-b8de-9459abe1da85,false-t1, cdd86055-eb11-4b79-b2b0-4fbc61c1509c->7853ab3a-b326-4386-b5ab-c83011cef43d,false-t1] and 0 exception(s); cdd86055-eb11-4b79-b2b0-4fbc61c1509c:t1, leader=null, voted=cdd86055-eb11-4b79-b2b0-4fbc61c1509c, raftlog=cdd86055-eb11-4b79-b2b0-4fbc61c1509c-SegmentedRaftLog:OPENED:c-1,f-1,i0, conf=-1: [16099454-f8c0-4c4b-b8de-9459abe1da85:192.168.105.138:37953, 7853ab3a-b326-4386-b5ab-c83011cef43d:192.168.105.138:42269, cdd86055-eb11-4b79-b2b0-4fbc61c1509c:192.168.105.138:45909], old=null
2019-06-14 05:02:25,025 INFO  impl.RaftServerImpl (ServerState.java:setRaftConf(361)) - 16099454-f8c0-4c4b-b8de-9459abe1da85:group-4C6CB983FF1E set configuration 0: [16099454-f8c0-4c4b-b8de-9459abe1da85:192.168.105.138:37953], old=null at 0
2019-06-14 05:02:25,026 INFO  impl.RaftServerImpl (RaftServerImpl.java:setRole(164)) - cdd86055-eb11-4b79-b2b0-4fbc61c1509c:group-E1407EB8F392 changes role from CANDIDATE to FOLLOWER at term 1 for DISCOVERED_A_NEW_TERM
2019-06-14 05:02:25,037 INFO  impl.RoleInfo (RoleInfo.java:shutdownLeaderElection(134)) - cdd86055-eb11-4b79-b2b0-4fbc61c1509c: shutdown LeaderElection
2019-06-14 05:02:25,037 INFO  impl.RoleInfo (RoleInfo.java:updateAndGet(143)) - cdd86055-eb11-4b79-b2b0-4fbc61c1509c: start FollowerState
2019-06-14 05:02:25,090 INFO  impl.LeaderElection (LeaderElection.java:logAndReturn(56)) - 7853ab3a-b326-4386-b5ab-c83011cef43d:group-E1407EB8F392:LeaderElection4: Election REJECTED; received 2 response(s) [7853ab3a-b326-4386-b5ab-c83011cef43d->16099454-f8c0-4c4b-b8de-9459abe1da85,false-t1, 7853ab3a-b326-4386-b5ab-c83011cef43d->cdd86055-eb11-4b79-b2b0-4fbc61c1509c,false-t1] and 0 exception(s); 7853ab3a-b326-4386-b5ab-c83011cef43d:t1, leader=null, voted=7853ab3a-b326-4386-b5ab-c83011cef43d, raftlog=7853ab3a-b326-4386-b5ab-c83011cef43d-SegmentedRaftLog:OPENED:c-1,f-1,i0, conf=-1: [16099454-f8c0-4c4b-b8de-9459abe1da85:192.168.105.138:37953, 7853ab3a-b326-4386-b5ab-c83011cef43d:192.168.105.138:42269, cdd86055-eb11-4b79-b2b0-4fbc61c1509c:192.168.105.138:45909], old=null
2019-06-14 05:02:25,090 INFO  impl.RaftServerImpl (RaftServerImpl.java:setRole(164)) - 7853ab3a-b326-4386-b5ab-c83011cef43d:group-E1407EB8F392 changes role from CANDIDATE to FOLLOWER at term 1 for DISCOVERED_A_NEW_TERM
2019-06-14 05:02:25,090 INFO  impl.RoleInfo (RoleInfo.java:shutdownLeaderElection(134)) - 7853ab3a-b326-4386-b5ab-c83011cef43d: shutdown LeaderElection
2019-06-14 05:02:25,090 INFO  impl.RoleInfo (RoleInfo.java:updateAndGet(143)) - 7853ab3a-b326-4386-b5ab-c83011cef43d: start FollowerState
2019-06-14 05:02:25,094 INFO  impl.FollowerState (FollowerState.java:run(101)) - 9bf0e054-aff6-4db5-a93c-0e6752cf7e11:group-6218F6E312B3 changes to CANDIDATE, lastRpcTime:1176, electionTimeout:1167ms
2019-06-14 05:02:25,103 INFO  impl.RoleInfo (RoleInfo.java:shutdownFollowerState(121)) - 9bf0e054-aff6-4db5-a93c-0e6752cf7e11: shutdown FollowerState
2019-06-14 05:02:25,103 INFO  impl.RaftServerImpl (RaftServerImpl.java:setRole(164)) - 9bf0e054-aff6-4db5-a93c-0e6752cf7e11:group-6218F6E312B3 changes role from FOLLOWER to CANDIDATE at term 0 for changeToCandidate
2019-06-14 05:02:25,103 INFO  impl.RoleInfo (RoleInfo.java:updateAndGet(143)) - 9bf0e054-aff6-4db5-a93c-0e6752cf7e11: start LeaderElection
2019-06-14 05:02:25,099 INFO  impl.LeaderElection (LeaderElection.java:logAndReturn(56)) - 16099454-f8c0-4c4b-b8de-9459abe1da85:group-E1407EB8F392:LeaderElection6: Election REJECTED; received 2 response(s) [16099454-f8c0-4c4b-b8de-9459abe1da85->7853ab3a-b326-4386-b5ab-c83011cef43d,false-t1, 16099454-f8c0-4c4b-b8de-9459abe1da85->cdd86055-eb11-4b79-b2b0-4fbc61c1509c,false-t1] and 0 exception(s); 16099454-f8c0-4c4b-b8de-9459abe1da85:t1, leader=null, voted=16099454-f8c0-4c4b-b8de-9459abe1da85, raftlog=16099454-f8c0-4c4b-b8de-9459abe1da85-SegmentedRaftLog:OPENED:c-1,f-1,i0, conf=-1: [16099454-f8c0-4c4b-b8de-9459abe1da85:192.168.105.138:37953, 7853ab3a-b326-4386-b5ab-c83011cef43d:192.168.105.138:42269, cdd86055-eb11-4b79-b2b0-4fbc61c1509c:192.168.105.138:45909], old=null
2019-06-14 05:02:25,104 INFO  impl.RaftServerImpl (RaftServerImpl.java:setRole(164)) - 16099454-f8c0-4c4b-b8de-9459abe1da85:group-E1407EB8F392 changes role from CANDIDATE to FOLLOWER at term 1 for DISCOVERED_A_NEW_TERM
2019-06-14 05:02:25,104 INFO  impl.RoleInfo (RoleInfo.java:shutdownLeaderElection(134)) - 16099454-f8c0-4c4b-b8de-9459abe1da85: shutdown LeaderElection
2019-06-14 05:02:25,104 INFO  impl.RoleInfo (RoleInfo.java:updateAndGet(143)) - 16099454-f8c0-4c4b-b8de-9459abe1da85: start FollowerState
2019-06-14 05:02:25,121 INFO  impl.LeaderElection (LeaderElection.java:askForVotes(181)) - 9bf0e054-aff6-4db5-a93c-0e6752cf7e11:group-6218F6E312B3:LeaderElection7: begin an election at term 1 for -1: [9bf0e054-aff6-4db5-a93c-0e6752cf7e11:192.168.105.138:39257], old=null
2019-06-14 05:02:25,122 INFO  impl.RoleInfo (RoleInfo.java:shutdownLeaderElection(134)) - 9bf0e054-aff6-4db5-a93c-0e6752cf7e11: shutdown LeaderElection
2019-06-14 05:02:25,122 INFO  impl.RaftServerImpl (RaftServerImpl.java:setRole(164)) - 9bf0e054-aff6-4db5-a93c-0e6752cf7e11:group-6218F6E312B3 changes role from CANDIDATE to LEADER at term 1 for changeToLeader
2019-06-14 05:02:25,122 INFO  impl.RaftServerImpl (ServerState.java:setLeader(263)) - 9bf0e054-aff6-4db5-a93c-0e6752cf7e11:group-6218F6E312B3 change Leader from null to 9bf0e054-aff6-4db5-a93c-0e6752cf7e11 at term 1 for becomeLeader, leader elected after 1210ms
2019-06-14 05:02:25,123 INFO  server.RaftServerConfigKeys (ConfUtils.java:logGet(43)) - raft.server.staging.catchup.gap = 1000 (default)
2019-06-14 05:02:25,123 INFO  server.RaftServerConfigKeys (ConfUtils.java:logGet(43)) - raft.server.rpc.sleep.time = 25ms (default)
2019-06-14 05:02:25,123 INFO  server.RaftServerConfigKeys (ConfUtils.java:logGet(43)) - raft.server.watch.timeout = 10s (default)
2019-06-14 05:02:25,124 INFO  server.RaftServerConfigKeys (ConfUtils.java:logGet(43)) - raft.server.watch.timeout.denomination = 1s (default)
2019-06-14 05:02:25,124 INFO  impl.RoleInfo (RoleInfo.java:updateAndGet(143)) - 9bf0e054-aff6-4db5-a93c-0e6752cf7e11: start LeaderState
2019-06-14 05:02:25,124 INFO  storage.RaftLogWorker (RaftLogWorker.java:startLogSegment(298)) - 9bf0e054-aff6-4db5-a93c-0e6752cf7e11-RaftLogWorker: Starting segment from index:0
2019-06-14 05:02:25,129 INFO  impl.RaftServerImpl (ServerState.java:setRaftConf(361)) - 9bf0e054-aff6-4db5-a93c-0e6752cf7e11:group-6218F6E312B3 set configuration 0: [9bf0e054-aff6-4db5-a93c-0e6752cf7e11:192.168.105.138:39257], old=null at 0
2019-06-14 05:02:25,164 INFO  impl.FollowerState (FollowerState.java:run(101)) - 78479d2f-41d3-4a49-bc18-27c1cff9fc67:group-7324CD18B8E2 changes to CANDIDATE, lastRpcTime:1074, electionTimeout:1073ms
2019-06-14 05:02:25,164 INFO  impl.RoleInfo (RoleInfo.java:shutdownFollowerState(121)) - 78479d2f-41d3-4a49-bc18-27c1cff9fc67: shutdown FollowerState
2019-06-14 05:02:25,164 INFO  impl.RaftServerImpl (RaftServerImpl.java:setRole(164)) - 78479d2f-41d3-4a49-bc18-27c1cff9fc67:group-7324CD18B8E2 changes role from FOLLOWER to CANDIDATE at term 0 for changeToCandidate
2019-06-14 05:02:25,165 INFO  impl.RoleInfo (RoleInfo.java:updateAndGet(143)) - 78479d2f-41d3-4a49-bc18-27c1cff9fc67: start LeaderElection
2019-06-14 05:02:25,229 INFO  storage.RaftLogWorker (RaftLogWorker.java:execute(469)) - cdd86055-eb11-4b79-b2b0-4fbc61c1509c-RaftLogWorker: created new log segment /opt/src/hadoop-ozone/integration-test/target/test-dir/MiniOzoneClusterImpl-c13a901d-2fa6-4c37-8ee0-d5db25ea6aab/datanode-2/data/ratis/ae829885-f612-41d2-9ca5-a04789c880ae/current/log_inprogress_0
2019-06-14 05:02:25,230 INFO  impl.LeaderElection (LeaderElection.java:askForVotes(181)) - 78479d2f-41d3-4a49-bc18-27c1cff9fc67:group-7324CD18B8E2:LeaderElection8: begin an election at term 1 for -1: [78479d2f-41d3-4a49-bc18-27c1cff9fc67:192.168.105.138:43303], old=null
2019-06-14 05:02:25,233 INFO  impl.RoleInfo (RoleInfo.java:shutdownLeaderElection(134)) - 78479d2f-41d3-4a49-bc18-27c1cff9fc67: shutdown LeaderElection
2019-06-14 05:02:25,234 INFO  impl.RaftServerImpl (RaftServerImpl.java:setRole(164)) - 78479d2f-41d3-4a49-bc18-27c1cff9fc67:group-7324CD18B8E2 changes role from CANDIDATE to LEADER at term 1 for changeToLeader
2019-06-14 05:02:25,234 INFO  impl.RaftServerImpl (ServerState.java:setLeader(263)) - 78479d2f-41d3-4a49-bc18-27c1cff9fc67:group-7324CD18B8E2 change Leader from null to 78479d2f-41d3-4a49-bc18-27c1cff9fc67 at term 1 for becomeLeader, leader elected after 1147ms
2019-06-14 05:02:25,248 INFO  server.RaftServerConfigKeys (ConfUtils.java:logGet(43)) - raft.server.staging.catchup.gap = 1000 (default)
2019-06-14 05:02:25,249 INFO  server.RaftServerConfigKeys (ConfUtils.java:logGet(43)) - raft.server.rpc.sleep.time = 25ms (default)
2019-06-14 05:02:25,249 INFO  server.RaftServerConfigKeys (ConfUtils.java:logGet(43)) - raft.server.watch.timeout = 10s (default)
2019-06-14 05:02:25,249 INFO  server.RaftServerConfigKeys (ConfUtils.java:logGet(43)) - raft.server.watch.timeout.denomination = 1s (default)
2019-06-14 05:02:25,249 INFO  impl.RoleInfo (RoleInfo.java:updateAndGet(143)) - 78479d2f-41d3-4a49-bc18-27c1cff9fc67: start LeaderState
2019-06-14 05:02:25,249 INFO  storage.RaftLogWorker (RaftLogWorker.java:startLogSegment(298)) - 78479d2f-41d3-4a49-bc18-27c1cff9fc67-RaftLogWorker: Starting segment from index:0
2019-06-14 05:02:25,253 INFO  impl.RaftServerImpl (ServerState.java:setRaftConf(361)) - 78479d2f-41d3-4a49-bc18-27c1cff9fc67:group-7324CD18B8E2 set configuration 0: [78479d2f-41d3-4a49-bc18-27c1cff9fc67:192.168.105.138:43303], old=null at 0
2019-06-14 05:02:25,302 INFO  storage.RaftLogWorker (RaftLogWorker.java:execute(469)) - 7853ab3a-b326-4386-b5ab-c83011cef43d-RaftLogWorker: created new log segment /opt/src/hadoop-ozone/integration-test/target/test-dir/MiniOzoneClusterImpl-c13a901d-2fa6-4c37-8ee0-d5db25ea6aab/datanode-0/data/ratis/eaa91f1b-aeb9-4b06-8a7d-3fa7ace2ead0/current/log_inprogress_0
2019-06-14 05:02:25,335 INFO  storage.RaftLogWorker (RaftLogWorker.java:execute(469)) - 16099454-f8c0-4c4b-b8de-9459abe1da85-RaftLogWorker: created new log segment /opt/src/hadoop-ozone/integration-test/target/test-dir/MiniOzoneClusterImpl-c13a901d-2fa6-4c37-8ee0-d5db25ea6aab/datanode-1/data/ratis/d6db407a-6134-4dda-98bf-4c6cb983ff1e/current/log_inprogress_0
2019-06-14 05:02:25,336 INFO  storage.RaftLogWorker (RaftLogWorker.java:execute(469)) - 9bf0e054-aff6-4db5-a93c-0e6752cf7e11-RaftLogWorker: created new log segment /opt/src/hadoop-ozone/integration-test/target/test-dir/MiniOzoneClusterImpl-c13a901d-2fa6-4c37-8ee0-d5db25ea6aab/datanode-3/data/ratis/531de0ac-a156-424a-9d8f-6218f6e312b3/current/log_inprogress_0
2019-06-14 05:02:25,339 INFO  storage.RaftLogWorker (RaftLogWorker.java:execute(469)) - 78479d2f-41d3-4a49-bc18-27c1cff9fc67-RaftLogWorker: created new log segment /opt/src/hadoop-ozone/integration-test/target/test-dir/MiniOzoneClusterImpl-c13a901d-2fa6-4c37-8ee0-d5db25ea6aab/datanode-4/data/ratis/8050a709-deaa-42b5-ac16-7324cd18b8e2/current/log_inprogress_0
2019-06-14 05:02:25,342 INFO  ozone.MiniOzoneClusterImpl (MiniOzoneClusterImpl.java:lambda$waitForClusterToBeReady$0(142)) - Cluster is ready. Got 6 of 6 DN Heartbeats.
]]></system-out>
    <system-err><![CDATA[ERROR StatusLogger No Log4j 2 configuration file found. Using default configuration (logging only errors to the console), or user programmatically provided configurations. Set system property 'log4j2.debug' to show Log4j 2 internal initialization logging. See https://logging.apache.org/log4j/2.x/manual/configuration.html for instructions on how to configure Log4j 2
Jun 14, 2019 5:02:17 AM com.sun.jersey.server.impl.application.WebApplicationImpl _initiate
INFO: Initiating Jersey application, version 'Jersey: 1.19 02/11/2015 03:25 AM'
Jun 14, 2019 5:02:19 AM com.sun.jersey.server.impl.application.WebApplicationImpl _initiate
INFO: Initiating Jersey application, version 'Jersey: 1.19 02/11/2015 03:25 AM'
Jun 14, 2019 5:02:19 AM com.sun.jersey.server.impl.application.WebApplicationImpl _initiate
INFO: Initiating Jersey application, version 'Jersey: 1.19 02/11/2015 03:25 AM'
Jun 14, 2019 5:02:19 AM com.sun.jersey.server.impl.application.WebApplicationImpl _initiate
INFO: Initiating Jersey application, version 'Jersey: 1.19 02/11/2015 03:25 AM'
Jun 14, 2019 5:02:19 AM com.sun.jersey.server.impl.application.WebApplicationImpl _initiate
INFO: Initiating Jersey application, version 'Jersey: 1.19 02/11/2015 03:25 AM'
Jun 14, 2019 5:02:20 AM com.sun.jersey.server.impl.application.WebApplicationImpl _initiate
INFO: Initiating Jersey application, version 'Jersey: 1.19 02/11/2015 03:25 AM'
]]></system-err>
  </testcase>
</testsuite>