<?xml version="1.0" encoding="UTF-8"?>
<testsuite xmlns:xsi="http://www.w3.org/2001/XMLSchema-instance" xsi:noNamespaceSchemaLocation="https://maven.apache.org/surefire/maven-surefire-plugin/xsd/surefire-test-report.xsd" name="org.apache.hadoop.ozone.client.rpc.TestWatchForCommit" time="141.454" tests="6" errors="0" skipped="0" failures="1">
  <properties>
    <property name="awt.toolkit" value="sun.awt.X11.XToolkit"/>
    <property name="file.encoding.pkg" value="sun.io"/>
    <property name="java.specification.version" value="1.8"/>
    <property name="sun.cpu.isalist" value=""/>
    <property name="sun.jnu.encoding" value="UTF-8"/>
    <property name="java.class.path" value="/opt/src/hadoop-ozone/integration-test/target/test-classes:/opt/src/hadoop-ozone/integration-test/target/classes:/root/.m2/repository/org/apache/hadoop/hadoop-ozone-common/0.5.0-SNAPSHOT/hadoop-ozone-common-0.5.0-SNAPSHOT.jar:/root/.m2/repository/org/apache/commons/commons-compress/1.4.1/commons-compress-1.4.1.jar:/root/.m2/repository/org/tukaani/xz/1.0/xz-1.0.jar:/root/.m2/repository/org/apache/hadoop/hadoop-common/3.2.0/hadoop-common-3.2.0.jar:/root/.m2/repository/org/apache/hadoop/hadoop-hdfs/3.2.0/hadoop-hdfs-3.2.0.jar:/root/.m2/repository/org/apache/hadoop/hadoop-hdfs-client/3.2.0/hadoop-hdfs-client-3.2.0.jar:/root/.m2/repository/com/fasterxml/jackson/core/jackson-annotations/2.9.5/jackson-annotations-2.9.5.jar:/root/.m2/repository/org/apache/hadoop/hadoop-hdds-common/0.5.0-SNAPSHOT/hadoop-hdds-common-0.5.0-SNAPSHOT.jar:/root/.m2/repository/javax/annotation/javax.annotation-api/1.2/javax.annotation-api-1.2.jar:/root/.m2/repository/org/apache/ratis/ratis-server/0.4.0-fe2b15d-SNAPSHOT/ratis-server-0.4.0-fe2b15d-SNAPSHOT.jar:/root/.m2/repository/org/apache/ratis/ratis-thirdparty-misc/0.2.0/ratis-thirdparty-misc-0.2.0.jar:/root/.m2/repository/org/apache/ratis/ratis-proto/0.4.0-fe2b15d-SNAPSHOT/ratis-proto-0.4.0-fe2b15d-SNAPSHOT.jar:/root/.m2/repository/org/apache/ratis/ratis-common/0.4.0-fe2b15d-SNAPSHOT/ratis-common-0.4.0-fe2b15d-SNAPSHOT.jar:/root/.m2/repository/org/apache/ratis/ratis-client/0.4.0-fe2b15d-SNAPSHOT/ratis-client-0.4.0-fe2b15d-SNAPSHOT.jar:/root/.m2/repository/org/apache/ratis/ratis-netty/0.4.0-fe2b15d-SNAPSHOT/ratis-netty-0.4.0-fe2b15d-SNAPSHOT.jar:/root/.m2/repository/org/apache/ratis/ratis-grpc/0.4.0-fe2b15d-SNAPSHOT/ratis-grpc-0.4.0-fe2b15d-SNAPSHOT.jar:/root/.m2/repository/org/rocksdb/rocksdbjni/5.14.2/rocksdbjni-5.14.2.jar:/root/.m2/repository/org/apache/logging/log4j/log4j-api/2.11.0/log4j-api-2.11.0.jar:/root/.m2/repository/org/apache/logging/log4j/log4j-core/2.11.0/log4j-core-2.11.0.jar:/root/.m2/repository/com/lmax/disruptor/3.4.2/disruptor-3.4.2.jar:/root/.m2/repository/org/apache/commons/commons-pool2/2.6.0/commons-pool2-2.6.0.jar:/root/.m2/repository/org/bouncycastle/bcpkix-jdk15on/1.60/bcpkix-jdk15on-1.60.jar:/root/.m2/repository/commons-validator/commons-validator/1.6/commons-validator-1.6.jar:/root/.m2/repository/commons-digester/commons-digester/1.8.1/commons-digester-1.8.1.jar:/root/.m2/repository/io/jaegertracing/jaeger-client/0.33.1/jaeger-client-0.33.1.jar:/root/.m2/repository/io/jaegertracing/jaeger-thrift/0.33.1/jaeger-thrift-0.33.1.jar:/root/.m2/repository/org/apache/thrift/libthrift/0.11.0/libthrift-0.11.0.jar:/root/.m2/repository/com/squareup/okhttp3/okhttp/3.9.0/okhttp-3.9.0.jar:/root/.m2/repository/com/squareup/okio/okio/1.13.0/okio-1.13.0.jar:/root/.m2/repository/io/jaegertracing/jaeger-core/0.33.1/jaeger-core-0.33.1.jar:/root/.m2/repository/io/jaegertracing/jaeger-tracerresolver/0.33.1/jaeger-tracerresolver-0.33.1.jar:/root/.m2/repository/io/opentracing/contrib/opentracing-tracerresolver/0.1.5/opentracing-tracerresolver-0.1.5.jar:/root/.m2/repository/io/opentracing/opentracing-util/0.31.0/opentracing-util-0.31.0.jar:/root/.m2/repository/io/opentracing/opentracing-api/0.31.0/opentracing-api-0.31.0.jar:/root/.m2/repository/io/opentracing/opentracing-noop/0.31.0/opentracing-noop-0.31.0.jar:/root/.m2/repository/org/apache/hadoop/hadoop-hdds-server-framework/0.5.0-SNAPSHOT/hadoop-hdds-server-framework-0.5.0-SNAPSHOT.jar:/root/.m2/repository/org/apache/hadoop/hadoop-hdds-server-scm/0.5.0-SNAPSHOT/hadoop-hdds-server-scm-0.5.0-SNAPSHOT.jar:/root/.m2/repository/org/apache/hadoop/hadoop-hdds-container-service/0.5.0-SNAPSHOT/hadoop-hdds-container-service-0.5.0-SNAPSHOT.jar:/root/.m2/repository/org/apache/hadoop/hadoop-hdds-client/0.5.0-SNAPSHOT/hadoop-hdds-client-0.5.0-SNAPSHOT.jar:/root/.m2/repository/org/apache/hadoop/hadoop-hdds-tools/0.5.0-SNAPSHOT/hadoop-hdds-tools-0.5.0-SNAPSHOT.jar:/root/.m2/repository/org/apache/hadoop/hadoop-ozone-ozone-manager/0.5.0-SNAPSHOT/hadoop-ozone-ozone-manager-0.5.0-SNAPSHOT.jar:/root/.m2/repository/org/apache/hadoop/hadoop-hdds-docs/0.5.0-SNAPSHOT/hadoop-hdds-docs-0.5.0-SNAPSHOT.jar:/root/.m2/repository/org/bouncycastle/bcprov-jdk15on/1.60/bcprov-jdk15on-1.60.jar:/root/.m2/repository/org/apache/hadoop/hadoop-minikdc/3.2.0/hadoop-minikdc-3.2.0.jar:/root/.m2/repository/commons-io/commons-io/2.5/commons-io-2.5.jar:/root/.m2/repository/org/apache/kerby/kerb-simplekdc/1.0.1/kerb-simplekdc-1.0.1.jar:/root/.m2/repository/org/apache/kerby/kerb-client/1.0.1/kerb-client-1.0.1.jar:/root/.m2/repository/org/apache/kerby/kerby-config/1.0.1/kerby-config-1.0.1.jar:/root/.m2/repository/org/apache/kerby/kerb-core/1.0.1/kerb-core-1.0.1.jar:/root/.m2/repository/org/apache/kerby/kerby-pkix/1.0.1/kerby-pkix-1.0.1.jar:/root/.m2/repository/org/apache/kerby/kerby-asn1/1.0.1/kerby-asn1-1.0.1.jar:/root/.m2/repository/org/apache/kerby/kerby-util/1.0.1/kerby-util-1.0.1.jar:/root/.m2/repository/org/apache/kerby/kerb-common/1.0.1/kerb-common-1.0.1.jar:/root/.m2/repository/org/apache/kerby/kerb-crypto/1.0.1/kerb-crypto-1.0.1.jar:/root/.m2/repository/org/apache/kerby/kerb-util/1.0.1/kerb-util-1.0.1.jar:/root/.m2/repository/org/apache/kerby/token-provider/1.0.1/token-provider-1.0.1.jar:/root/.m2/repository/org/apache/kerby/kerb-admin/1.0.1/kerb-admin-1.0.1.jar:/root/.m2/repository/org/apache/kerby/kerb-server/1.0.1/kerb-server-1.0.1.jar:/root/.m2/repository/org/apache/kerby/kerb-identity/1.0.1/kerb-identity-1.0.1.jar:/root/.m2/repository/org/apache/kerby/kerby-xdr/1.0.1/kerby-xdr-1.0.1.jar:/root/.m2/repository/org/slf4j/slf4j-log4j12/1.7.25/slf4j-log4j12-1.7.25.jar:/root/.m2/repository/org/apache/hadoop/hadoop-ozone-objectstore-service/0.5.0-SNAPSHOT/hadoop-ozone-objectstore-service-0.5.0-SNAPSHOT.jar:/root/.m2/repository/org/apache/hadoop/hadoop-ozone-s3gateway/0.5.0-SNAPSHOT/hadoop-ozone-s3gateway-0.5.0-SNAPSHOT.jar:/root/.m2/repository/org/jboss/weld/servlet/weld-servlet/2.4.7.Final/weld-servlet-2.4.7.Final.jar:/root/.m2/repository/org/glassfish/jersey/containers/jersey-container-servlet-core/2.27/jersey-container-servlet-core-2.27.jar:/root/.m2/repository/org/glassfish/hk2/external/javax.inject/2.5.0-b42/javax.inject-2.5.0-b42.jar:/root/.m2/repository/org/glassfish/jersey/core/jersey-common/2.27/jersey-common-2.27.jar:/root/.m2/repository/org/glassfish/hk2/osgi-resource-locator/1.0.1/osgi-resource-locator-1.0.1.jar:/root/.m2/repository/javax/ws/rs/javax.ws.rs-api/2.1/javax.ws.rs-api-2.1.jar:/root/.m2/repository/org/glassfish/jersey/ext/cdi/jersey-cdi1x/2.27/jersey-cdi1x-2.27.jar:/root/.m2/repository/org/glassfish/jersey/inject/jersey-hk2/2.27/jersey-hk2-2.27.jar:/root/.m2/repository/org/glassfish/hk2/hk2-locator/2.5.0-b42/hk2-locator-2.5.0-b42.jar:/root/.m2/repository/org/javassist/javassist/3.22.0-CR2/javassist-3.22.0-CR2.jar:/root/.m2/repository/org/glassfish/hk2/hk2-api/2.5.0/hk2-api-2.5.0.jar:/root/.m2/repository/org/glassfish/hk2/external/jakarta.inject/2.5.0/jakarta.inject-2.5.0.jar:/root/.m2/repository/org/glassfish/hk2/hk2-utils/2.5.0/hk2-utils-2.5.0.jar:/root/.m2/repository/jakarta/annotation/jakarta.annotation-api/1.3.4/jakarta.annotation-api-1.3.4.jar:/root/.m2/repository/org/glassfish/hk2/external/aopalliance-repackaged/2.5.0/aopalliance-repackaged-2.5.0.jar:/root/.m2/repository/com/fasterxml/jackson/dataformat/jackson-dataformat-xml/2.9.0/jackson-dataformat-xml-2.9.0.jar:/root/.m2/repository/com/fasterxml/jackson/core/jackson-core/2.9.5/jackson-core-2.9.5.jar:/root/.m2/repository/com/fasterxml/jackson/module/jackson-module-jaxb-annotations/2.9.5/jackson-module-jaxb-annotations-2.9.5.jar:/root/.m2/repository/javax/enterprise/cdi-api/1.2/cdi-api-1.2.jar:/root/.m2/repository/javax/el/javax.el-api/3.0.0/javax.el-api-3.0.0.jar:/root/.m2/repository/javax/interceptor/javax.interceptor-api/1.2/javax.interceptor-api-1.2.jar:/root/.m2/repository/javax/inject/javax.inject/1/javax.inject-1.jar:/root/.m2/repository/com/sun/xml/bind/jaxb-impl/2.3.0.1/jaxb-impl-2.3.0.1.jar:/root/.m2/repository/com/sun/xml/bind/jaxb-core/2.3.0.1/jaxb-core-2.3.0.1.jar:/root/.m2/repository/javax/xml/bind/jaxb-api/2.3.0/jaxb-api-2.3.0.jar:/root/.m2/repository/javax/activation/activation/1.1.1/activation-1.1.1.jar:/root/.m2/repository/org/apache/hadoop/hadoop-ozone-csi/0.5.0-SNAPSHOT/hadoop-ozone-csi-0.5.0-SNAPSHOT.jar:/root/.m2/repository/com/google/protobuf/protobuf-java-util/3.5.1/protobuf-java-util-3.5.1.jar:/root/.m2/repository/org/apache/hadoop/hadoop-hdds-config/0.5.0-SNAPSHOT/hadoop-hdds-config-0.5.0-SNAPSHOT.jar:/root/.m2/repository/com/google/guava/guava/11.0.2/guava-11.0.2.jar:/root/.m2/repository/com/google/protobuf/protobuf-java/2.5.0/protobuf-java-2.5.0.jar:/root/.m2/repository/io/grpc/grpc-netty/1.17.1/grpc-netty-1.17.1.jar:/root/.m2/repository/io/grpc/grpc-core/1.17.1/grpc-core-1.17.1.jar:/root/.m2/repository/io/grpc/grpc-context/1.17.1/grpc-context-1.17.1.jar:/root/.m2/repository/com/google/errorprone/error_prone_annotations/2.2.0/error_prone_annotations-2.2.0.jar:/root/.m2/repository/org/codehaus/mojo/animal-sniffer-annotations/1.17/animal-sniffer-annotations-1.17.jar:/root/.m2/repository/io/opencensus/opencensus-api/0.17.0/opencensus-api-0.17.0.jar:/root/.m2/repository/io/opencensus/opencensus-contrib-grpc-metrics/0.17.0/opencensus-contrib-grpc-metrics-0.17.0.jar:/root/.m2/repository/io/netty/netty-codec-http2/4.1.30.Final/netty-codec-http2-4.1.30.Final.jar:/root/.m2/repository/io/netty/netty-codec-http/4.1.30.Final/netty-codec-http-4.1.30.Final.jar:/root/.m2/repository/io/netty/netty-codec/4.1.30.Final/netty-codec-4.1.30.Final.jar:/root/.m2/repository/io/netty/netty-handler/4.1.30.Final/netty-handler-4.1.30.Final.jar:/root/.m2/repository/io/netty/netty-handler-proxy/4.1.30.Final/netty-handler-proxy-4.1.30.Final.jar:/root/.m2/repository/io/netty/netty-codec-socks/4.1.30.Final/netty-codec-socks-4.1.30.Final.jar:/root/.m2/repository/io/netty/netty-transport-native-epoll/4.1.30.Final/netty-transport-native-epoll-4.1.30.Final.jar:/root/.m2/repository/io/netty/netty-common/4.1.30.Final/netty-common-4.1.30.Final.jar:/root/.m2/repository/io/netty/netty-buffer/4.1.30.Final/netty-buffer-4.1.30.Final.jar:/root/.m2/repository/io/netty/netty-transport/4.1.30.Final/netty-transport-4.1.30.Final.jar:/root/.m2/repository/io/netty/netty-resolver/4.1.30.Final/netty-resolver-4.1.30.Final.jar:/root/.m2/repository/io/netty/netty-transport-native-unix-common/4.1.30.Final/netty-transport-native-unix-common-4.1.30.Final.jar:/root/.m2/repository/io/grpc/grpc-protobuf/1.17.1/grpc-protobuf-1.17.1.jar:/root/.m2/repository/com/google/api/grpc/proto-google-common-protos/1.0.0/proto-google-common-protos-1.0.0.jar:/root/.m2/repository/io/grpc/grpc-protobuf-lite/1.17.1/grpc-protobuf-lite-1.17.1.jar:/root/.m2/repository/io/grpc/grpc-stub/1.17.1/grpc-stub-1.17.1.jar:/root/.m2/repository/org/apache/hadoop/hadoop-ozone-recon/0.5.0-SNAPSHOT/hadoop-ozone-recon-0.5.0-SNAPSHOT.jar:/root/.m2/repository/org/apache/hadoop/hadoop-ozone-reconcodegen/0.5.0-SNAPSHOT/hadoop-ozone-reconcodegen-0.5.0-SNAPSHOT.jar:/root/.m2/repository/com/google/inject/extensions/guice-multibindings/4.0/guice-multibindings-4.0.jar:/root/.m2/repository/com/google/inject/guice/4.0/guice-4.0.jar:/root/.m2/repository/aopalliance/aopalliance/1.0/aopalliance-1.0.jar:/root/.m2/repository/com/google/inject/extensions/guice-servlet/4.0/guice-servlet-4.0.jar:/root/.m2/repository/org/glassfish/jersey/containers/jersey-container-servlet/2.27/jersey-container-servlet-2.27.jar:/root/.m2/repository/org/glassfish/hk2/guice-bridge/2.5.0/guice-bridge-2.5.0.jar:/root/.m2/repository/org/glassfish/jersey/core/jersey-server/2.27/jersey-server-2.27.jar:/root/.m2/repository/org/glassfish/jersey/core/jersey-client/2.27/jersey-client-2.27.jar:/root/.m2/repository/org/glassfish/jersey/media/jersey-media-jaxb/2.27/jersey-media-jaxb-2.27.jar:/root/.m2/repository/javax/validation/validation-api/1.1.0.Final/validation-api-1.1.0.Final.jar:/root/.m2/repository/org/glassfish/jersey/media/jersey-media-json-jackson/2.27/jersey-media-json-jackson-2.27.jar:/root/.m2/repository/org/glassfish/jersey/ext/jersey-entity-filtering/2.27/jersey-entity-filtering-2.27.jar:/root/.m2/repository/com/google/inject/extensions/guice-assistedinject/4.0/guice-assistedinject-4.0.jar:/root/.m2/repository/org/jooq/jooq/3.11.10/jooq-3.11.10.jar:/root/.m2/repository/org/jooq/jooq-meta/3.11.10/jooq-meta-3.11.10.jar:/root/.m2/repository/org/jooq/jooq-codegen/3.11.10/jooq-codegen-3.11.10.jar:/root/.m2/repository/com/jolbox/bonecp/0.8.0.RELEASE/bonecp-0.8.0.RELEASE.jar:/root/.m2/repository/org/xerial/sqlite-jdbc/3.25.2/sqlite-jdbc-3.25.2.jar:/root/.m2/repository/org/springframework/spring-jdbc/5.1.3.RELEASE/spring-jdbc-5.1.3.RELEASE.jar:/root/.m2/repository/org/springframework/spring-beans/5.1.3.RELEASE/spring-beans-5.1.3.RELEASE.jar:/root/.m2/repository/org/springframework/spring-core/5.1.3.RELEASE/spring-core-5.1.3.RELEASE.jar:/root/.m2/repository/org/springframework/spring-jcl/5.1.3.RELEASE/spring-jcl-5.1.3.RELEASE.jar:/root/.m2/repository/org/springframework/spring-tx/5.1.3.RELEASE/spring-tx-5.1.3.RELEASE.jar:/root/.m2/repository/org/apache/hadoop/hadoop-ozone-client/0.5.0-SNAPSHOT/hadoop-ozone-client-0.5.0-SNAPSHOT.jar:/root/.m2/repository/org/apache/hadoop/hadoop-ozone-ozone-manager/0.5.0-SNAPSHOT/hadoop-ozone-ozone-manager-0.5.0-SNAPSHOT-tests.jar:/root/.m2/repository/junit/junit/4.11/junit-4.11.jar:/root/.m2/repository/org/hamcrest/hamcrest-core/1.3/hamcrest-core-1.3.jar:/root/.m2/repository/org/openjdk/jmh/jmh-core/1.19/jmh-core-1.19.jar:/root/.m2/repository/net/sf/jopt-simple/jopt-simple/4.6/jopt-simple-4.6.jar:/root/.m2/repository/org/apache/commons/commons-math3/3.1.1/commons-math3-3.1.1.jar:/root/.m2/repository/org/openjdk/jmh/jmh-generator-annprocess/1.19/jmh-generator-annprocess-1.19.jar:/root/.m2/repository/org/mockito/mockito-all/1.8.5/mockito-all-1.8.5.jar:/root/.m2/repository/org/apache/hadoop/hadoop-kms/3.2.0/hadoop-kms-3.2.0.jar:/root/.m2/repository/org/apache/hadoop/hadoop-auth/3.2.0/hadoop-auth-3.2.0.jar:/root/.m2/repository/com/nimbusds/nimbus-jose-jwt/4.41.1/nimbus-jose-jwt-4.41.1.jar:/root/.m2/repository/com/github/stephenc/jcip/jcip-annotations/1.0-1/jcip-annotations-1.0-1.jar:/root/.m2/repository/net/minidev/json-smart/2.3/json-smart-2.3.jar:/root/.m2/repository/net/minidev/accessors-smart/1.2/accessors-smart-1.2.jar:/root/.m2/repository/org/ow2/asm/asm/5.0.4/asm-5.0.4.jar:/root/.m2/repository/org/apache/curator/curator-framework/2.12.0/curator-framework-2.12.0.jar:/root/.m2/repository/com/sun/jersey/jersey-core/1.19/jersey-core-1.19.jar:/root/.m2/repository/javax/ws/rs/jsr311-api/1.1.1/jsr311-api-1.1.1.jar:/root/.m2/repository/com/sun/jersey/jersey-server/1.19/jersey-server-1.19.jar:/root/.m2/repository/javax/servlet/javax.servlet-api/3.1.0/javax.servlet-api-3.1.0.jar:/root/.m2/repository/org/eclipse/jetty/jetty-server/9.3.24.v20180605/jetty-server-9.3.24.v20180605.jar:/root/.m2/repository/org/eclipse/jetty/jetty-http/9.3.24.v20180605/jetty-http-9.3.24.v20180605.jar:/root/.m2/repository/org/eclipse/jetty/jetty-io/9.3.24.v20180605/jetty-io-9.3.24.v20180605.jar:/root/.m2/repository/org/eclipse/jetty/jetty-webapp/9.3.24.v20180605/jetty-webapp-9.3.24.v20180605.jar:/root/.m2/repository/org/eclipse/jetty/jetty-xml/9.3.24.v20180605/jetty-xml-9.3.24.v20180605.jar:/root/.m2/repository/log4j/log4j/1.2.17/log4j-1.2.17.jar:/root/.m2/repository/org/slf4j/slf4j-api/1.7.25/slf4j-api-1.7.25.jar:/root/.m2/repository/org/slf4j/jul-to-slf4j/1.7.25/jul-to-slf4j-1.7.25.jar:/root/.m2/repository/org/eclipse/jetty/jetty-util/9.3.24.v20180605/jetty-util-9.3.24.v20180605.jar:/root/.m2/repository/io/dropwizard/metrics/metrics-core/3.2.4/metrics-core-3.2.4.jar:/root/.m2/repository/com/fasterxml/jackson/core/jackson-databind/2.9.5/jackson-databind-2.9.5.jar:/root/.m2/repository/org/apache/hadoop/hadoop-kms/3.2.0/hadoop-kms-3.2.0-tests.jar:/root/.m2/repository/org/apache/hadoop/hadoop-hdds-server-scm/0.5.0-SNAPSHOT/hadoop-hdds-server-scm-0.5.0-SNAPSHOT-tests.jar:/root/.m2/repository/org/hamcrest/hamcrest-all/1.3/hamcrest-all-1.3.jar:/root/.m2/repository/info/picocli/picocli/3.9.6/picocli-3.9.6.jar:/root/.m2/repository/org/apache/hadoop/hadoop-hdds-container-service/0.5.0-SNAPSHOT/hadoop-hdds-container-service-0.5.0-SNAPSHOT-tests.jar:/root/.m2/repository/org/yaml/snakeyaml/1.16/snakeyaml-1.16.jar:/root/.m2/repository/org/apache/hadoop/hadoop-common/3.2.0/hadoop-common-3.2.0-tests.jar:/root/.m2/repository/org/apache/hadoop/hadoop-annotations/3.2.0/hadoop-annotations-3.2.0.jar:/usr/lib/jvm/java-1.8-openjdk/jre/../lib/tools.jar:/root/.m2/repository/commons-cli/commons-cli/1.2/commons-cli-1.2.jar:/root/.m2/repository/org/apache/httpcomponents/httpclient/4.5.2/httpclient-4.5.2.jar:/root/.m2/repository/org/apache/httpcomponents/httpcore/4.4.4/httpcore-4.4.4.jar:/root/.m2/repository/commons-codec/commons-codec/1.11/commons-codec-1.11.jar:/root/.m2/repository/commons-net/commons-net/3.6/commons-net-3.6.jar:/root/.m2/repository/commons-collections/commons-collections/3.2.2/commons-collections-3.2.2.jar:/root/.m2/repository/org/eclipse/jetty/jetty-servlet/9.3.24.v20180605/jetty-servlet-9.3.24.v20180605.jar:/root/.m2/repository/org/eclipse/jetty/jetty-security/9.3.24.v20180605/jetty-security-9.3.24.v20180605.jar:/root/.m2/repository/javax/servlet/jsp/jsp-api/2.1/jsp-api-2.1.jar:/root/.m2/repository/com/sun/jersey/jersey-servlet/1.19/jersey-servlet-1.19.jar:/root/.m2/repository/com/sun/jersey/jersey-json/1.19/jersey-json-1.19.jar:/root/.m2/repository/org/codehaus/jettison/jettison/1.1/jettison-1.1.jar:/root/.m2/repository/org/codehaus/jackson/jackson-core-asl/1.9.13/jackson-core-asl-1.9.13.jar:/root/.m2/repository/org/codehaus/jackson/jackson-mapper-asl/1.9.13/jackson-mapper-asl-1.9.13.jar:/root/.m2/repository/org/codehaus/jackson/jackson-jaxrs/1.9.13/jackson-jaxrs-1.9.13.jar:/root/.m2/repository/org/codehaus/jackson/jackson-xc/1.9.13/jackson-xc-1.9.13.jar:/root/.m2/repository/commons-logging/commons-logging/1.1.3/commons-logging-1.1.3.jar:/root/.m2/repository/commons-beanutils/commons-beanutils/1.9.3/commons-beanutils-1.9.3.jar:/root/.m2/repository/org/apache/commons/commons-configuration2/2.1.1/commons-configuration2-2.1.1.jar:/root/.m2/repository/org/apache/commons/commons-lang3/3.7/commons-lang3-3.7.jar:/root/.m2/repository/org/apache/commons/commons-text/1.4/commons-text-1.4.jar:/root/.m2/repository/org/apache/avro/avro/1.7.7/avro-1.7.7.jar:/root/.m2/repository/com/thoughtworks/paranamer/paranamer/2.3/paranamer-2.3.jar:/root/.m2/repository/org/xerial/snappy/snappy-java/1.0.5/snappy-java-1.0.5.jar:/root/.m2/repository/com/google/re2j/re2j/1.1/re2j-1.1.jar:/root/.m2/repository/com/google/code/gson/gson/2.2.4/gson-2.2.4.jar:/root/.m2/repository/com/jcraft/jsch/0.1.54/jsch-0.1.54.jar:/root/.m2/repository/org/apache/curator/curator-client/2.12.0/curator-client-2.12.0.jar:/root/.m2/repository/org/apache/curator/curator-recipes/2.12.0/curator-recipes-2.12.0.jar:/root/.m2/repository/com/google/code/findbugs/jsr305/3.0.0/jsr305-3.0.0.jar:/root/.m2/repository/org/apache/htrace/htrace-core4/4.1.0-incubating/htrace-core4-4.1.0-incubating.jar:/root/.m2/repository/org/apache/zookeeper/zookeeper/3.4.13/zookeeper-3.4.13.jar:/root/.m2/repository/org/apache/yetus/audience-annotations/0.5.0/audience-annotations-0.5.0.jar:/root/.m2/repository/org/codehaus/woodstox/stax2-api/3.1.4/stax2-api-3.1.4.jar:/root/.m2/repository/com/fasterxml/woodstox/woodstox-core/5.0.3/woodstox-core-5.0.3.jar:/root/.m2/repository/dnsjava/dnsjava/2.1.7/dnsjava-2.1.7.jar:/root/.m2/repository/org/apache/hadoop/hadoop-hdfs/3.2.0/hadoop-hdfs-3.2.0-tests.jar:/root/.m2/repository/org/eclipse/jetty/jetty-util-ajax/9.3.24.v20180605/jetty-util-ajax-9.3.24.v20180605.jar:/root/.m2/repository/commons-daemon/commons-daemon/1.0.13/commons-daemon-1.0.13.jar:/root/.m2/repository/io/netty/netty/3.10.5.Final/netty-3.10.5.Final.jar:/root/.m2/repository/io/netty/netty-all/4.0.52.Final/netty-all-4.0.52.Final.jar:/root/.m2/repository/org/fusesource/leveldbjni/leveldbjni-all/1.8/leveldbjni-all-1.8.jar:"/>
    <property name="java.vm.vendor" value="IcedTea"/>
    <property name="sun.arch.data.model" value="64"/>
    <property name="test.build.dir" value="/opt/src/hadoop-ozone/integration-test/target/test-dir"/>
    <property name="test.cache.data" value=""/>
    <property name="java.vendor.url" value="https://icedtea.classpath.org"/>
    <property name="user.timezone" value=""/>
    <property name="java.vm.specification.version" value="1.8"/>
    <property name="os.name" value="Linux"/>
    <property name="test.build.data" value="/opt/src/hadoop-ozone/integration-test/target/test-dir"/>
    <property name="user.country" value="US"/>
    <property name="sun.java.launcher" value="SUN_STANDARD"/>
    <property name="sun.boot.library.path" value="/usr/lib/jvm/java-1.8-openjdk/jre/lib/amd64"/>
    <property name="sun.java.command" value="/opt/src/hadoop-ozone/integration-test/target/surefire/surefirebooter2219323769773545581.jar /opt/src/hadoop-ozone/integration-test/target/surefire 2019-06-14T04-57-45_662-jvmRun1 surefire6761551143769730235tmp surefire_214299526111845094768tmp"/>
    <property name="surefire.test.class.path" value="/opt/src/hadoop-ozone/integration-test/target/test-classes:/opt/src/hadoop-ozone/integration-test/target/classes:/root/.m2/repository/org/apache/hadoop/hadoop-ozone-common/0.5.0-SNAPSHOT/hadoop-ozone-common-0.5.0-SNAPSHOT.jar:/root/.m2/repository/org/apache/commons/commons-compress/1.4.1/commons-compress-1.4.1.jar:/root/.m2/repository/org/tukaani/xz/1.0/xz-1.0.jar:/root/.m2/repository/org/apache/hadoop/hadoop-common/3.2.0/hadoop-common-3.2.0.jar:/root/.m2/repository/org/apache/hadoop/hadoop-hdfs/3.2.0/hadoop-hdfs-3.2.0.jar:/root/.m2/repository/org/apache/hadoop/hadoop-hdfs-client/3.2.0/hadoop-hdfs-client-3.2.0.jar:/root/.m2/repository/com/fasterxml/jackson/core/jackson-annotations/2.9.5/jackson-annotations-2.9.5.jar:/root/.m2/repository/org/apache/hadoop/hadoop-hdds-common/0.5.0-SNAPSHOT/hadoop-hdds-common-0.5.0-SNAPSHOT.jar:/root/.m2/repository/javax/annotation/javax.annotation-api/1.2/javax.annotation-api-1.2.jar:/root/.m2/repository/org/apache/ratis/ratis-server/0.4.0-fe2b15d-SNAPSHOT/ratis-server-0.4.0-fe2b15d-SNAPSHOT.jar:/root/.m2/repository/org/apache/ratis/ratis-thirdparty-misc/0.2.0/ratis-thirdparty-misc-0.2.0.jar:/root/.m2/repository/org/apache/ratis/ratis-proto/0.4.0-fe2b15d-SNAPSHOT/ratis-proto-0.4.0-fe2b15d-SNAPSHOT.jar:/root/.m2/repository/org/apache/ratis/ratis-common/0.4.0-fe2b15d-SNAPSHOT/ratis-common-0.4.0-fe2b15d-SNAPSHOT.jar:/root/.m2/repository/org/apache/ratis/ratis-client/0.4.0-fe2b15d-SNAPSHOT/ratis-client-0.4.0-fe2b15d-SNAPSHOT.jar:/root/.m2/repository/org/apache/ratis/ratis-netty/0.4.0-fe2b15d-SNAPSHOT/ratis-netty-0.4.0-fe2b15d-SNAPSHOT.jar:/root/.m2/repository/org/apache/ratis/ratis-grpc/0.4.0-fe2b15d-SNAPSHOT/ratis-grpc-0.4.0-fe2b15d-SNAPSHOT.jar:/root/.m2/repository/org/rocksdb/rocksdbjni/5.14.2/rocksdbjni-5.14.2.jar:/root/.m2/repository/org/apache/logging/log4j/log4j-api/2.11.0/log4j-api-2.11.0.jar:/root/.m2/repository/org/apache/logging/log4j/log4j-core/2.11.0/log4j-core-2.11.0.jar:/root/.m2/repository/com/lmax/disruptor/3.4.2/disruptor-3.4.2.jar:/root/.m2/repository/org/apache/commons/commons-pool2/2.6.0/commons-pool2-2.6.0.jar:/root/.m2/repository/org/bouncycastle/bcpkix-jdk15on/1.60/bcpkix-jdk15on-1.60.jar:/root/.m2/repository/commons-validator/commons-validator/1.6/commons-validator-1.6.jar:/root/.m2/repository/commons-digester/commons-digester/1.8.1/commons-digester-1.8.1.jar:/root/.m2/repository/io/jaegertracing/jaeger-client/0.33.1/jaeger-client-0.33.1.jar:/root/.m2/repository/io/jaegertracing/jaeger-thrift/0.33.1/jaeger-thrift-0.33.1.jar:/root/.m2/repository/org/apache/thrift/libthrift/0.11.0/libthrift-0.11.0.jar:/root/.m2/repository/com/squareup/okhttp3/okhttp/3.9.0/okhttp-3.9.0.jar:/root/.m2/repository/com/squareup/okio/okio/1.13.0/okio-1.13.0.jar:/root/.m2/repository/io/jaegertracing/jaeger-core/0.33.1/jaeger-core-0.33.1.jar:/root/.m2/repository/io/jaegertracing/jaeger-tracerresolver/0.33.1/jaeger-tracerresolver-0.33.1.jar:/root/.m2/repository/io/opentracing/contrib/opentracing-tracerresolver/0.1.5/opentracing-tracerresolver-0.1.5.jar:/root/.m2/repository/io/opentracing/opentracing-util/0.31.0/opentracing-util-0.31.0.jar:/root/.m2/repository/io/opentracing/opentracing-api/0.31.0/opentracing-api-0.31.0.jar:/root/.m2/repository/io/opentracing/opentracing-noop/0.31.0/opentracing-noop-0.31.0.jar:/root/.m2/repository/org/apache/hadoop/hadoop-hdds-server-framework/0.5.0-SNAPSHOT/hadoop-hdds-server-framework-0.5.0-SNAPSHOT.jar:/root/.m2/repository/org/apache/hadoop/hadoop-hdds-server-scm/0.5.0-SNAPSHOT/hadoop-hdds-server-scm-0.5.0-SNAPSHOT.jar:/root/.m2/repository/org/apache/hadoop/hadoop-hdds-container-service/0.5.0-SNAPSHOT/hadoop-hdds-container-service-0.5.0-SNAPSHOT.jar:/root/.m2/repository/org/apache/hadoop/hadoop-hdds-client/0.5.0-SNAPSHOT/hadoop-hdds-client-0.5.0-SNAPSHOT.jar:/root/.m2/repository/org/apache/hadoop/hadoop-hdds-tools/0.5.0-SNAPSHOT/hadoop-hdds-tools-0.5.0-SNAPSHOT.jar:/root/.m2/repository/org/apache/hadoop/hadoop-ozone-ozone-manager/0.5.0-SNAPSHOT/hadoop-ozone-ozone-manager-0.5.0-SNAPSHOT.jar:/root/.m2/repository/org/apache/hadoop/hadoop-hdds-docs/0.5.0-SNAPSHOT/hadoop-hdds-docs-0.5.0-SNAPSHOT.jar:/root/.m2/repository/org/bouncycastle/bcprov-jdk15on/1.60/bcprov-jdk15on-1.60.jar:/root/.m2/repository/org/apache/hadoop/hadoop-minikdc/3.2.0/hadoop-minikdc-3.2.0.jar:/root/.m2/repository/commons-io/commons-io/2.5/commons-io-2.5.jar:/root/.m2/repository/org/apache/kerby/kerb-simplekdc/1.0.1/kerb-simplekdc-1.0.1.jar:/root/.m2/repository/org/apache/kerby/kerb-client/1.0.1/kerb-client-1.0.1.jar:/root/.m2/repository/org/apache/kerby/kerby-config/1.0.1/kerby-config-1.0.1.jar:/root/.m2/repository/org/apache/kerby/kerb-core/1.0.1/kerb-core-1.0.1.jar:/root/.m2/repository/org/apache/kerby/kerby-pkix/1.0.1/kerby-pkix-1.0.1.jar:/root/.m2/repository/org/apache/kerby/kerby-asn1/1.0.1/kerby-asn1-1.0.1.jar:/root/.m2/repository/org/apache/kerby/kerby-util/1.0.1/kerby-util-1.0.1.jar:/root/.m2/repository/org/apache/kerby/kerb-common/1.0.1/kerb-common-1.0.1.jar:/root/.m2/repository/org/apache/kerby/kerb-crypto/1.0.1/kerb-crypto-1.0.1.jar:/root/.m2/repository/org/apache/kerby/kerb-util/1.0.1/kerb-util-1.0.1.jar:/root/.m2/repository/org/apache/kerby/token-provider/1.0.1/token-provider-1.0.1.jar:/root/.m2/repository/org/apache/kerby/kerb-admin/1.0.1/kerb-admin-1.0.1.jar:/root/.m2/repository/org/apache/kerby/kerb-server/1.0.1/kerb-server-1.0.1.jar:/root/.m2/repository/org/apache/kerby/kerb-identity/1.0.1/kerb-identity-1.0.1.jar:/root/.m2/repository/org/apache/kerby/kerby-xdr/1.0.1/kerby-xdr-1.0.1.jar:/root/.m2/repository/org/slf4j/slf4j-log4j12/1.7.25/slf4j-log4j12-1.7.25.jar:/root/.m2/repository/org/apache/hadoop/hadoop-ozone-objectstore-service/0.5.0-SNAPSHOT/hadoop-ozone-objectstore-service-0.5.0-SNAPSHOT.jar:/root/.m2/repository/org/apache/hadoop/hadoop-ozone-s3gateway/0.5.0-SNAPSHOT/hadoop-ozone-s3gateway-0.5.0-SNAPSHOT.jar:/root/.m2/repository/org/jboss/weld/servlet/weld-servlet/2.4.7.Final/weld-servlet-2.4.7.Final.jar:/root/.m2/repository/org/glassfish/jersey/containers/jersey-container-servlet-core/2.27/jersey-container-servlet-core-2.27.jar:/root/.m2/repository/org/glassfish/hk2/external/javax.inject/2.5.0-b42/javax.inject-2.5.0-b42.jar:/root/.m2/repository/org/glassfish/jersey/core/jersey-common/2.27/jersey-common-2.27.jar:/root/.m2/repository/org/glassfish/hk2/osgi-resource-locator/1.0.1/osgi-resource-locator-1.0.1.jar:/root/.m2/repository/javax/ws/rs/javax.ws.rs-api/2.1/javax.ws.rs-api-2.1.jar:/root/.m2/repository/org/glassfish/jersey/ext/cdi/jersey-cdi1x/2.27/jersey-cdi1x-2.27.jar:/root/.m2/repository/org/glassfish/jersey/inject/jersey-hk2/2.27/jersey-hk2-2.27.jar:/root/.m2/repository/org/glassfish/hk2/hk2-locator/2.5.0-b42/hk2-locator-2.5.0-b42.jar:/root/.m2/repository/org/javassist/javassist/3.22.0-CR2/javassist-3.22.0-CR2.jar:/root/.m2/repository/org/glassfish/hk2/hk2-api/2.5.0/hk2-api-2.5.0.jar:/root/.m2/repository/org/glassfish/hk2/external/jakarta.inject/2.5.0/jakarta.inject-2.5.0.jar:/root/.m2/repository/org/glassfish/hk2/hk2-utils/2.5.0/hk2-utils-2.5.0.jar:/root/.m2/repository/jakarta/annotation/jakarta.annotation-api/1.3.4/jakarta.annotation-api-1.3.4.jar:/root/.m2/repository/org/glassfish/hk2/external/aopalliance-repackaged/2.5.0/aopalliance-repackaged-2.5.0.jar:/root/.m2/repository/com/fasterxml/jackson/dataformat/jackson-dataformat-xml/2.9.0/jackson-dataformat-xml-2.9.0.jar:/root/.m2/repository/com/fasterxml/jackson/core/jackson-core/2.9.5/jackson-core-2.9.5.jar:/root/.m2/repository/com/fasterxml/jackson/module/jackson-module-jaxb-annotations/2.9.5/jackson-module-jaxb-annotations-2.9.5.jar:/root/.m2/repository/javax/enterprise/cdi-api/1.2/cdi-api-1.2.jar:/root/.m2/repository/javax/el/javax.el-api/3.0.0/javax.el-api-3.0.0.jar:/root/.m2/repository/javax/interceptor/javax.interceptor-api/1.2/javax.interceptor-api-1.2.jar:/root/.m2/repository/javax/inject/javax.inject/1/javax.inject-1.jar:/root/.m2/repository/com/sun/xml/bind/jaxb-impl/2.3.0.1/jaxb-impl-2.3.0.1.jar:/root/.m2/repository/com/sun/xml/bind/jaxb-core/2.3.0.1/jaxb-core-2.3.0.1.jar:/root/.m2/repository/javax/xml/bind/jaxb-api/2.3.0/jaxb-api-2.3.0.jar:/root/.m2/repository/javax/activation/activation/1.1.1/activation-1.1.1.jar:/root/.m2/repository/org/apache/hadoop/hadoop-ozone-csi/0.5.0-SNAPSHOT/hadoop-ozone-csi-0.5.0-SNAPSHOT.jar:/root/.m2/repository/com/google/protobuf/protobuf-java-util/3.5.1/protobuf-java-util-3.5.1.jar:/root/.m2/repository/org/apache/hadoop/hadoop-hdds-config/0.5.0-SNAPSHOT/hadoop-hdds-config-0.5.0-SNAPSHOT.jar:/root/.m2/repository/com/google/guava/guava/11.0.2/guava-11.0.2.jar:/root/.m2/repository/com/google/protobuf/protobuf-java/2.5.0/protobuf-java-2.5.0.jar:/root/.m2/repository/io/grpc/grpc-netty/1.17.1/grpc-netty-1.17.1.jar:/root/.m2/repository/io/grpc/grpc-core/1.17.1/grpc-core-1.17.1.jar:/root/.m2/repository/io/grpc/grpc-context/1.17.1/grpc-context-1.17.1.jar:/root/.m2/repository/com/google/errorprone/error_prone_annotations/2.2.0/error_prone_annotations-2.2.0.jar:/root/.m2/repository/org/codehaus/mojo/animal-sniffer-annotations/1.17/animal-sniffer-annotations-1.17.jar:/root/.m2/repository/io/opencensus/opencensus-api/0.17.0/opencensus-api-0.17.0.jar:/root/.m2/repository/io/opencensus/opencensus-contrib-grpc-metrics/0.17.0/opencensus-contrib-grpc-metrics-0.17.0.jar:/root/.m2/repository/io/netty/netty-codec-http2/4.1.30.Final/netty-codec-http2-4.1.30.Final.jar:/root/.m2/repository/io/netty/netty-codec-http/4.1.30.Final/netty-codec-http-4.1.30.Final.jar:/root/.m2/repository/io/netty/netty-codec/4.1.30.Final/netty-codec-4.1.30.Final.jar:/root/.m2/repository/io/netty/netty-handler/4.1.30.Final/netty-handler-4.1.30.Final.jar:/root/.m2/repository/io/netty/netty-handler-proxy/4.1.30.Final/netty-handler-proxy-4.1.30.Final.jar:/root/.m2/repository/io/netty/netty-codec-socks/4.1.30.Final/netty-codec-socks-4.1.30.Final.jar:/root/.m2/repository/io/netty/netty-transport-native-epoll/4.1.30.Final/netty-transport-native-epoll-4.1.30.Final.jar:/root/.m2/repository/io/netty/netty-common/4.1.30.Final/netty-common-4.1.30.Final.jar:/root/.m2/repository/io/netty/netty-buffer/4.1.30.Final/netty-buffer-4.1.30.Final.jar:/root/.m2/repository/io/netty/netty-transport/4.1.30.Final/netty-transport-4.1.30.Final.jar:/root/.m2/repository/io/netty/netty-resolver/4.1.30.Final/netty-resolver-4.1.30.Final.jar:/root/.m2/repository/io/netty/netty-transport-native-unix-common/4.1.30.Final/netty-transport-native-unix-common-4.1.30.Final.jar:/root/.m2/repository/io/grpc/grpc-protobuf/1.17.1/grpc-protobuf-1.17.1.jar:/root/.m2/repository/com/google/api/grpc/proto-google-common-protos/1.0.0/proto-google-common-protos-1.0.0.jar:/root/.m2/repository/io/grpc/grpc-protobuf-lite/1.17.1/grpc-protobuf-lite-1.17.1.jar:/root/.m2/repository/io/grpc/grpc-stub/1.17.1/grpc-stub-1.17.1.jar:/root/.m2/repository/org/apache/hadoop/hadoop-ozone-recon/0.5.0-SNAPSHOT/hadoop-ozone-recon-0.5.0-SNAPSHOT.jar:/root/.m2/repository/org/apache/hadoop/hadoop-ozone-reconcodegen/0.5.0-SNAPSHOT/hadoop-ozone-reconcodegen-0.5.0-SNAPSHOT.jar:/root/.m2/repository/com/google/inject/extensions/guice-multibindings/4.0/guice-multibindings-4.0.jar:/root/.m2/repository/com/google/inject/guice/4.0/guice-4.0.jar:/root/.m2/repository/aopalliance/aopalliance/1.0/aopalliance-1.0.jar:/root/.m2/repository/com/google/inject/extensions/guice-servlet/4.0/guice-servlet-4.0.jar:/root/.m2/repository/org/glassfish/jersey/containers/jersey-container-servlet/2.27/jersey-container-servlet-2.27.jar:/root/.m2/repository/org/glassfish/hk2/guice-bridge/2.5.0/guice-bridge-2.5.0.jar:/root/.m2/repository/org/glassfish/jersey/core/jersey-server/2.27/jersey-server-2.27.jar:/root/.m2/repository/org/glassfish/jersey/core/jersey-client/2.27/jersey-client-2.27.jar:/root/.m2/repository/org/glassfish/jersey/media/jersey-media-jaxb/2.27/jersey-media-jaxb-2.27.jar:/root/.m2/repository/javax/validation/validation-api/1.1.0.Final/validation-api-1.1.0.Final.jar:/root/.m2/repository/org/glassfish/jersey/media/jersey-media-json-jackson/2.27/jersey-media-json-jackson-2.27.jar:/root/.m2/repository/org/glassfish/jersey/ext/jersey-entity-filtering/2.27/jersey-entity-filtering-2.27.jar:/root/.m2/repository/com/google/inject/extensions/guice-assistedinject/4.0/guice-assistedinject-4.0.jar:/root/.m2/repository/org/jooq/jooq/3.11.10/jooq-3.11.10.jar:/root/.m2/repository/org/jooq/jooq-meta/3.11.10/jooq-meta-3.11.10.jar:/root/.m2/repository/org/jooq/jooq-codegen/3.11.10/jooq-codegen-3.11.10.jar:/root/.m2/repository/com/jolbox/bonecp/0.8.0.RELEASE/bonecp-0.8.0.RELEASE.jar:/root/.m2/repository/org/xerial/sqlite-jdbc/3.25.2/sqlite-jdbc-3.25.2.jar:/root/.m2/repository/org/springframework/spring-jdbc/5.1.3.RELEASE/spring-jdbc-5.1.3.RELEASE.jar:/root/.m2/repository/org/springframework/spring-beans/5.1.3.RELEASE/spring-beans-5.1.3.RELEASE.jar:/root/.m2/repository/org/springframework/spring-core/5.1.3.RELEASE/spring-core-5.1.3.RELEASE.jar:/root/.m2/repository/org/springframework/spring-jcl/5.1.3.RELEASE/spring-jcl-5.1.3.RELEASE.jar:/root/.m2/repository/org/springframework/spring-tx/5.1.3.RELEASE/spring-tx-5.1.3.RELEASE.jar:/root/.m2/repository/org/apache/hadoop/hadoop-ozone-client/0.5.0-SNAPSHOT/hadoop-ozone-client-0.5.0-SNAPSHOT.jar:/root/.m2/repository/org/apache/hadoop/hadoop-ozone-ozone-manager/0.5.0-SNAPSHOT/hadoop-ozone-ozone-manager-0.5.0-SNAPSHOT-tests.jar:/root/.m2/repository/junit/junit/4.11/junit-4.11.jar:/root/.m2/repository/org/hamcrest/hamcrest-core/1.3/hamcrest-core-1.3.jar:/root/.m2/repository/org/openjdk/jmh/jmh-core/1.19/jmh-core-1.19.jar:/root/.m2/repository/net/sf/jopt-simple/jopt-simple/4.6/jopt-simple-4.6.jar:/root/.m2/repository/org/apache/commons/commons-math3/3.1.1/commons-math3-3.1.1.jar:/root/.m2/repository/org/openjdk/jmh/jmh-generator-annprocess/1.19/jmh-generator-annprocess-1.19.jar:/root/.m2/repository/org/mockito/mockito-all/1.8.5/mockito-all-1.8.5.jar:/root/.m2/repository/org/apache/hadoop/hadoop-kms/3.2.0/hadoop-kms-3.2.0.jar:/root/.m2/repository/org/apache/hadoop/hadoop-auth/3.2.0/hadoop-auth-3.2.0.jar:/root/.m2/repository/com/nimbusds/nimbus-jose-jwt/4.41.1/nimbus-jose-jwt-4.41.1.jar:/root/.m2/repository/com/github/stephenc/jcip/jcip-annotations/1.0-1/jcip-annotations-1.0-1.jar:/root/.m2/repository/net/minidev/json-smart/2.3/json-smart-2.3.jar:/root/.m2/repository/net/minidev/accessors-smart/1.2/accessors-smart-1.2.jar:/root/.m2/repository/org/ow2/asm/asm/5.0.4/asm-5.0.4.jar:/root/.m2/repository/org/apache/curator/curator-framework/2.12.0/curator-framework-2.12.0.jar:/root/.m2/repository/com/sun/jersey/jersey-core/1.19/jersey-core-1.19.jar:/root/.m2/repository/javax/ws/rs/jsr311-api/1.1.1/jsr311-api-1.1.1.jar:/root/.m2/repository/com/sun/jersey/jersey-server/1.19/jersey-server-1.19.jar:/root/.m2/repository/javax/servlet/javax.servlet-api/3.1.0/javax.servlet-api-3.1.0.jar:/root/.m2/repository/org/eclipse/jetty/jetty-server/9.3.24.v20180605/jetty-server-9.3.24.v20180605.jar:/root/.m2/repository/org/eclipse/jetty/jetty-http/9.3.24.v20180605/jetty-http-9.3.24.v20180605.jar:/root/.m2/repository/org/eclipse/jetty/jetty-io/9.3.24.v20180605/jetty-io-9.3.24.v20180605.jar:/root/.m2/repository/org/eclipse/jetty/jetty-webapp/9.3.24.v20180605/jetty-webapp-9.3.24.v20180605.jar:/root/.m2/repository/org/eclipse/jetty/jetty-xml/9.3.24.v20180605/jetty-xml-9.3.24.v20180605.jar:/root/.m2/repository/log4j/log4j/1.2.17/log4j-1.2.17.jar:/root/.m2/repository/org/slf4j/slf4j-api/1.7.25/slf4j-api-1.7.25.jar:/root/.m2/repository/org/slf4j/jul-to-slf4j/1.7.25/jul-to-slf4j-1.7.25.jar:/root/.m2/repository/org/eclipse/jetty/jetty-util/9.3.24.v20180605/jetty-util-9.3.24.v20180605.jar:/root/.m2/repository/io/dropwizard/metrics/metrics-core/3.2.4/metrics-core-3.2.4.jar:/root/.m2/repository/com/fasterxml/jackson/core/jackson-databind/2.9.5/jackson-databind-2.9.5.jar:/root/.m2/repository/org/apache/hadoop/hadoop-kms/3.2.0/hadoop-kms-3.2.0-tests.jar:/root/.m2/repository/org/apache/hadoop/hadoop-hdds-server-scm/0.5.0-SNAPSHOT/hadoop-hdds-server-scm-0.5.0-SNAPSHOT-tests.jar:/root/.m2/repository/org/hamcrest/hamcrest-all/1.3/hamcrest-all-1.3.jar:/root/.m2/repository/info/picocli/picocli/3.9.6/picocli-3.9.6.jar:/root/.m2/repository/org/apache/hadoop/hadoop-hdds-container-service/0.5.0-SNAPSHOT/hadoop-hdds-container-service-0.5.0-SNAPSHOT-tests.jar:/root/.m2/repository/org/yaml/snakeyaml/1.16/snakeyaml-1.16.jar:/root/.m2/repository/org/apache/hadoop/hadoop-common/3.2.0/hadoop-common-3.2.0-tests.jar:/root/.m2/repository/org/apache/hadoop/hadoop-annotations/3.2.0/hadoop-annotations-3.2.0.jar:/usr/lib/jvm/java-1.8-openjdk/jre/../lib/tools.jar:/root/.m2/repository/commons-cli/commons-cli/1.2/commons-cli-1.2.jar:/root/.m2/repository/org/apache/httpcomponents/httpclient/4.5.2/httpclient-4.5.2.jar:/root/.m2/repository/org/apache/httpcomponents/httpcore/4.4.4/httpcore-4.4.4.jar:/root/.m2/repository/commons-codec/commons-codec/1.11/commons-codec-1.11.jar:/root/.m2/repository/commons-net/commons-net/3.6/commons-net-3.6.jar:/root/.m2/repository/commons-collections/commons-collections/3.2.2/commons-collections-3.2.2.jar:/root/.m2/repository/org/eclipse/jetty/jetty-servlet/9.3.24.v20180605/jetty-servlet-9.3.24.v20180605.jar:/root/.m2/repository/org/eclipse/jetty/jetty-security/9.3.24.v20180605/jetty-security-9.3.24.v20180605.jar:/root/.m2/repository/javax/servlet/jsp/jsp-api/2.1/jsp-api-2.1.jar:/root/.m2/repository/com/sun/jersey/jersey-servlet/1.19/jersey-servlet-1.19.jar:/root/.m2/repository/com/sun/jersey/jersey-json/1.19/jersey-json-1.19.jar:/root/.m2/repository/org/codehaus/jettison/jettison/1.1/jettison-1.1.jar:/root/.m2/repository/org/codehaus/jackson/jackson-core-asl/1.9.13/jackson-core-asl-1.9.13.jar:/root/.m2/repository/org/codehaus/jackson/jackson-mapper-asl/1.9.13/jackson-mapper-asl-1.9.13.jar:/root/.m2/repository/org/codehaus/jackson/jackson-jaxrs/1.9.13/jackson-jaxrs-1.9.13.jar:/root/.m2/repository/org/codehaus/jackson/jackson-xc/1.9.13/jackson-xc-1.9.13.jar:/root/.m2/repository/commons-logging/commons-logging/1.1.3/commons-logging-1.1.3.jar:/root/.m2/repository/commons-beanutils/commons-beanutils/1.9.3/commons-beanutils-1.9.3.jar:/root/.m2/repository/org/apache/commons/commons-configuration2/2.1.1/commons-configuration2-2.1.1.jar:/root/.m2/repository/org/apache/commons/commons-lang3/3.7/commons-lang3-3.7.jar:/root/.m2/repository/org/apache/commons/commons-text/1.4/commons-text-1.4.jar:/root/.m2/repository/org/apache/avro/avro/1.7.7/avro-1.7.7.jar:/root/.m2/repository/com/thoughtworks/paranamer/paranamer/2.3/paranamer-2.3.jar:/root/.m2/repository/org/xerial/snappy/snappy-java/1.0.5/snappy-java-1.0.5.jar:/root/.m2/repository/com/google/re2j/re2j/1.1/re2j-1.1.jar:/root/.m2/repository/com/google/code/gson/gson/2.2.4/gson-2.2.4.jar:/root/.m2/repository/com/jcraft/jsch/0.1.54/jsch-0.1.54.jar:/root/.m2/repository/org/apache/curator/curator-client/2.12.0/curator-client-2.12.0.jar:/root/.m2/repository/org/apache/curator/curator-recipes/2.12.0/curator-recipes-2.12.0.jar:/root/.m2/repository/com/google/code/findbugs/jsr305/3.0.0/jsr305-3.0.0.jar:/root/.m2/repository/org/apache/htrace/htrace-core4/4.1.0-incubating/htrace-core4-4.1.0-incubating.jar:/root/.m2/repository/org/apache/zookeeper/zookeeper/3.4.13/zookeeper-3.4.13.jar:/root/.m2/repository/org/apache/yetus/audience-annotations/0.5.0/audience-annotations-0.5.0.jar:/root/.m2/repository/org/codehaus/woodstox/stax2-api/3.1.4/stax2-api-3.1.4.jar:/root/.m2/repository/com/fasterxml/woodstox/woodstox-core/5.0.3/woodstox-core-5.0.3.jar:/root/.m2/repository/dnsjava/dnsjava/2.1.7/dnsjava-2.1.7.jar:/root/.m2/repository/org/apache/hadoop/hadoop-hdfs/3.2.0/hadoop-hdfs-3.2.0-tests.jar:/root/.m2/repository/org/eclipse/jetty/jetty-util-ajax/9.3.24.v20180605/jetty-util-ajax-9.3.24.v20180605.jar:/root/.m2/repository/commons-daemon/commons-daemon/1.0.13/commons-daemon-1.0.13.jar:/root/.m2/repository/io/netty/netty/3.10.5.Final/netty-3.10.5.Final.jar:/root/.m2/repository/io/netty/netty-all/4.0.52.Final/netty-all-4.0.52.Final.jar:/root/.m2/repository/org/fusesource/leveldbjni/leveldbjni-all/1.8/leveldbjni-all-1.8.jar:"/>
    <property name="sun.cpu.endian" value="little"/>
    <property name="user.home" value="/root"/>
    <property name="user.language" value="en"/>
    <property name="java.specification.vendor" value="Oracle Corporation"/>
    <property name="java.home" value="/usr/lib/jvm/java-1.8-openjdk/jre"/>
    <property name="java.security.krb5.conf" value="/opt/src/hadoop-ozone/integration-test/target/test-classes/krb5.conf"/>
    <property name="basedir" value="/opt/src/hadoop-ozone/integration-test"/>
    <property name="file.separator" value="/"/>
    <property name="line.separator" value="&#10;"/>
    <property name="java.vm.specification.vendor" value="Oracle Corporation"/>
    <property name="java.specification.name" value="Java Platform API Specification"/>
    <property name="java.awt.graphicsenv" value="sun.awt.X11GraphicsEnvironment"/>
    <property name="surefire.real.class.path" value="/opt/src/hadoop-ozone/integration-test/target/surefire/surefirebooter2219323769773545581.jar"/>
    <property name="hadoop.log.dir" value="/opt/src/hadoop-ozone/integration-test/target/log"/>
    <property name="sun.boot.class.path" value="/usr/lib/jvm/java-1.8-openjdk/jre/lib/resources.jar:/usr/lib/jvm/java-1.8-openjdk/jre/lib/rt.jar:/usr/lib/jvm/java-1.8-openjdk/jre/lib/sunrsasign.jar:/usr/lib/jvm/java-1.8-openjdk/jre/lib/jsse.jar:/usr/lib/jvm/java-1.8-openjdk/jre/lib/jce.jar:/usr/lib/jvm/java-1.8-openjdk/jre/lib/charsets.jar:/usr/lib/jvm/java-1.8-openjdk/jre/lib/jfr.jar:/usr/lib/jvm/java-1.8-openjdk/jre/classes"/>
    <property name="sun.management.compiler" value="HotSpot 64-Bit Tiered Compilers"/>
    <property name="java.runtime.version" value="1.8.0_212-b04"/>
    <property name="java.net.preferIPv4Stack" value="true"/>
    <property name="user.name" value="root"/>
    <property name="path.separator" value=":"/>
    <property name="java.security.egd" value="file:///dev/urandom"/>
    <property name="os.version" value="4.15.0-1021-aws"/>
    <property name="java.endorsed.dirs" value="/usr/lib/jvm/java-1.8-openjdk/jre/lib/endorsed"/>
    <property name="java.runtime.name" value="OpenJDK Runtime Environment"/>
    <property name="file.encoding" value="UTF-8"/>
    <property name="java.vm.name" value="OpenJDK 64-Bit Server VM"/>
    <property name="test.build.webapps" value=""/>
    <property name="localRepository" value="/root/.m2/repository"/>
    <property name="java.vendor.url.bug" value="https://icedtea.classpath.org/bugzilla"/>
    <property name="java.io.tmpdir" value="/tmp"/>
    <property name="require.test.libhadoop" value=""/>
    <property name="java.version" value="1.8.0_212"/>
    <property name="user.dir" value="/opt/src/hadoop-ozone/integration-test"/>
    <property name="os.arch" value="amd64"/>
    <property name="java.vm.specification.name" value="Java Virtual Machine Specification"/>
    <property name="test.build.classes" value="/opt/src/hadoop-ozone/integration-test/target/test-classes"/>
    <property name="java.awt.printerjob" value="sun.print.PSPrinterJob"/>
    <property name="sun.os.patch.level" value="unknown"/>
    <property name="hadoop.tmp.dir" value="/opt/src/hadoop-ozone/integration-test/target/tmp"/>
    <property name="java.library.path" value="/usr/lib/jvm/java-1.8-openjdk/jre/lib/amd64/server:/usr/lib/jvm/java-1.8-openjdk/jre/lib/amd64:/usr/lib/jvm/java-1.8-openjdk/jre/../lib/amd64:/opt/src/hadoop-ozone/integration-test/target/native/target/usr/local/lib:/opt/src/hadoop-ozone/integration-test/../../hadoop-common-project/hadoop-common/target/native/target/usr/local/lib:/usr/java/packages/lib/amd64:/usr/lib64:/lib64:/lib:/usr/lib"/>
    <property name="java.vm.info" value="mixed mode"/>
    <property name="java.vendor" value="IcedTea"/>
    <property name="java.vm.version" value="25.212-b04"/>
    <property name="java.ext.dirs" value="/usr/lib/jvm/java-1.8-openjdk/jre/lib/ext:/usr/java/packages/lib/ext"/>
    <property name="sun.io.unicode.encoding" value="UnicodeLittle"/>
    <property name="java.class.version" value="52.0"/>
  </properties>
  <testcase name="testWatchForCommitWithKeyWrite" classname="org.apache.hadoop.ozone.client.rpc.TestWatchForCommit" time="27.58"/>
  <testcase name="testWatchForCommitWithSmallerTimeoutValue" classname="org.apache.hadoop.ozone.client.rpc.TestWatchForCommit" time="13.897"/>
  <testcase name="testWatchForCommitForRetryfailure" classname="org.apache.hadoop.ozone.client.rpc.TestWatchForCommit" time="46.821">
    <failure type="java.lang.AssertionError">java.lang.AssertionError
	at org.junit.Assert.fail(Assert.java:86)
	at org.junit.Assert.assertTrue(Assert.java:41)
	at org.junit.Assert.assertTrue(Assert.java:52)
	at org.apache.hadoop.ozone.client.rpc.TestWatchForCommit.testWatchForCommitForRetryfailure(TestWatchForCommit.java:350)
	at sun.reflect.NativeMethodAccessorImpl.invoke0(Native Method)
	at sun.reflect.NativeMethodAccessorImpl.invoke(NativeMethodAccessorImpl.java:62)
	at sun.reflect.DelegatingMethodAccessorImpl.invoke(DelegatingMethodAccessorImpl.java:43)
	at java.lang.reflect.Method.invoke(Method.java:498)
	at org.junit.runners.model.FrameworkMethod$1.runReflectiveCall(FrameworkMethod.java:47)
	at org.junit.internal.runners.model.ReflectiveCallable.run(ReflectiveCallable.java:12)
	at org.junit.runners.model.FrameworkMethod.invokeExplosively(FrameworkMethod.java:44)
	at org.junit.internal.runners.statements.InvokeMethod.evaluate(InvokeMethod.java:17)
	at org.junit.runners.ParentRunner.runLeaf(ParentRunner.java:271)
	at org.junit.runners.BlockJUnit4ClassRunner.runChild(BlockJUnit4ClassRunner.java:70)
	at org.junit.runners.BlockJUnit4ClassRunner.runChild(BlockJUnit4ClassRunner.java:50)
	at org.junit.runners.ParentRunner$3.run(ParentRunner.java:238)
	at org.junit.runners.ParentRunner$1.schedule(ParentRunner.java:63)
	at org.junit.runners.ParentRunner.runChildren(ParentRunner.java:236)
	at org.junit.runners.ParentRunner.access$000(ParentRunner.java:53)
	at org.junit.runners.ParentRunner$2.evaluate(ParentRunner.java:229)
	at org.junit.runners.ParentRunner.run(ParentRunner.java:309)
	at org.apache.maven.surefire.junit4.JUnit4Provider.execute(JUnit4Provider.java:365)
	at org.apache.maven.surefire.junit4.JUnit4Provider.executeWithRerun(JUnit4Provider.java:273)
	at org.apache.maven.surefire.junit4.JUnit4Provider.executeTestSet(JUnit4Provider.java:238)
	at org.apache.maven.surefire.junit4.JUnit4Provider.invoke(JUnit4Provider.java:159)
	at org.apache.maven.surefire.booter.ForkedBooter.invokeProviderInSameClassLoader(ForkedBooter.java:384)
	at org.apache.maven.surefire.booter.ForkedBooter.runSuitesInProcess(ForkedBooter.java:345)
	at org.apache.maven.surefire.booter.ForkedBooter.execute(ForkedBooter.java:126)
	at org.apache.maven.surefire.booter.ForkedBooter.main(ForkedBooter.java:418)
</failure>
    <system-out><![CDATA[2019-06-14 05:18:24,771 WARN  server.ServerUtils (ServerUtils.java:getScmDbDir(145)) - ozone.scm.db.dirs is not configured. We recommend adding this setting. Falling back to ozone.metadata.dirs instead.
2019-06-14 05:18:24,775 WARN  server.ServerUtils (ServerUtils.java:getScmDbDir(145)) - ozone.scm.db.dirs is not configured. We recommend adding this setting. Falling back to ozone.metadata.dirs instead.
2019-06-14 05:18:24,775 WARN  server.ServerUtils (ServerUtils.java:getScmDbDir(145)) - ozone.scm.db.dirs is not configured. We recommend adding this setting. Falling back to ozone.metadata.dirs instead.
2019-06-14 05:18:24,776 INFO  db.DBStoreBuilder (DBStoreBuilder.java:addTable(110)) - using custom profile for table: deletedBlocks
2019-06-14 05:18:24,776 INFO  db.DBStoreBuilder (DBStoreBuilder.java:processTables(161)) - Using default column profile:DBProfile.DISK for Table:deletedBlocks
2019-06-14 05:18:24,776 INFO  db.DBStoreBuilder (DBStoreBuilder.java:addTable(110)) - using custom profile for table: validCerts
2019-06-14 05:18:24,776 INFO  db.DBStoreBuilder (DBStoreBuilder.java:processTables(161)) - Using default column profile:DBProfile.DISK for Table:validCerts
2019-06-14 05:18:24,777 INFO  db.DBStoreBuilder (DBStoreBuilder.java:addTable(110)) - using custom profile for table: revokedCerts
2019-06-14 05:18:24,777 INFO  db.DBStoreBuilder (DBStoreBuilder.java:processTables(161)) - Using default column profile:DBProfile.DISK for Table:revokedCerts
2019-06-14 05:18:24,777 INFO  db.DBStoreBuilder (DBStoreBuilder.java:addTable(110)) - using custom profile for table: default
2019-06-14 05:18:24,777 INFO  db.DBStoreBuilder (DBStoreBuilder.java:processTables(167)) - Using default column profile:DBProfile.DISK for Table:default
2019-06-14 05:18:24,777 INFO  db.DBStoreBuilder (DBStoreBuilder.java:getDbProfile(198)) - Using default options. DBProfile.DISK
2019-06-14 05:18:24,821 WARN  server.ServerUtils (ServerUtils.java:sanitizeUserArgs(70)) - ozone.scm.stale.node.interval value = 300000 is larger than max = 100000 based on the key value of ozone.scm.heartbeat.thread.interval, reset to the max value 100000.
2019-06-14 05:18:24,821 WARN  server.ServerUtils (ServerUtils.java:sanitizeUserArgs(70)) - ozone.scm.stale.node.interval value = 300000 is larger than max = 100000 based on the key value of ozone.scm.heartbeat.thread.interval, reset to the max value 100000.
2019-06-14 05:18:24,822 INFO  node.SCMNodeManager (SCMNodeManager.java:<init>(108)) - Entering startup safe mode.
2019-06-14 05:18:24,822 INFO  net.NodeSchemaLoader (NodeSchemaLoader.java:loadSchemaFromFile(125)) - Loading file from sun.misc.CompoundEnumeration@2aa0feb2
2019-06-14 05:18:24,823 INFO  net.NodeSchemaLoader (NodeSchemaLoader.java:loadSchema(171)) - Loading network topology layer schema file
2019-06-14 05:18:24,825 WARN  server.ServerUtils (ServerUtils.java:getScmDbDir(145)) - ozone.scm.db.dirs is not configured. We recommend adding this setting. Falling back to ozone.metadata.dirs instead.
2019-06-14 05:18:24,838 INFO  pipeline.SCMPipelineManager (SCMPipelineManager.java:initializePipelineState(126)) - No pipeline exists in current db
2019-06-14 05:18:24,838 WARN  server.ServerUtils (ServerUtils.java:getScmDbDir(145)) - ozone.scm.db.dirs is not configured. We recommend adding this setting. Falling back to ozone.metadata.dirs instead.
2019-06-14 05:18:24,852 WARN  events.EventQueue (EventQueue.java:fireEvent(175)) - No event handler registered for event TypedEvent{payloadType=SafeModeStatus, name='SafeModeStatus'}
2019-06-14 05:18:24,852 INFO  ipc.CallQueueManager (CallQueueManager.java:<init>(84)) - Using callQueue: class java.util.concurrent.LinkedBlockingQueue, queueCapacity: 2000, scheduler: class org.apache.hadoop.ipc.DefaultRpcScheduler, ipcBackoff: false.
2019-06-14 05:18:24,853 INFO  ipc.Server (Server.java:run(1074)) - Starting Socket Reader #1 for port 37161
2019-06-14 05:18:24,855 INFO  ipc.CallQueueManager (CallQueueManager.java:<init>(84)) - Using callQueue: class java.util.concurrent.LinkedBlockingQueue, queueCapacity: 2000, scheduler: class org.apache.hadoop.ipc.DefaultRpcScheduler, ipcBackoff: false.
2019-06-14 05:18:24,855 INFO  ipc.Server (Server.java:run(1074)) - Starting Socket Reader #1 for port 36907
2019-06-14 05:18:24,859 INFO  ipc.CallQueueManager (CallQueueManager.java:<init>(84)) - Using callQueue: class java.util.concurrent.LinkedBlockingQueue, queueCapacity: 2000, scheduler: class org.apache.hadoop.ipc.DefaultRpcScheduler, ipcBackoff: false.
2019-06-14 05:18:24,859 INFO  ipc.Server (Server.java:run(1074)) - Starting Socket Reader #1 for port 41557
2019-06-14 05:18:24,888 INFO  hdfs.DFSUtil (DFSUtil.java:httpServerTemplateForNNAndJN(1641)) - Starting Web-server for scm at: http://0.0.0.0:0
2019-06-14 05:18:24,889 INFO  server.AuthenticationFilter (AuthenticationFilter.java:constructSecretProvider(240)) - Unable to initialize FileSignerSecretProvider, falling back to use random secrets.
2019-06-14 05:18:24,890 WARN  http.HttpRequestLog (HttpRequestLog.java:getRequestLog(97)) - Jetty request log can only be enabled using Log4j
2019-06-14 05:18:24,891 INFO  http.HttpServer2 (HttpServer2.java:addGlobalFilter(975)) - Added global filter 'safety' (class=org.apache.hadoop.http.HttpServer2$QuotingInputFilter)
2019-06-14 05:18:24,891 INFO  http.HttpServer2 (HttpServer2.java:addFilter(948)) - Added filter static_user_filter (class=org.apache.hadoop.http.lib.StaticUserWebFilter$StaticUserFilter) to context scm
2019-06-14 05:18:24,892 INFO  http.HttpServer2 (HttpServer2.java:addFilter(958)) - Added filter static_user_filter (class=org.apache.hadoop.http.lib.StaticUserWebFilter$StaticUserFilter) to context logs
2019-06-14 05:18:24,892 INFO  http.HttpServer2 (HttpServer2.java:addFilter(958)) - Added filter static_user_filter (class=org.apache.hadoop.http.lib.StaticUserWebFilter$StaticUserFilter) to context static
2019-06-14 05:18:24,895 INFO  server.StorageContainerManager (StorageContainerManager.java:start(752)) - StorageContainerLocationProtocol RPC server is listening at /0.0.0.0:41557
2019-06-14 05:18:24,895 INFO  impl.MetricsSystemImpl (MetricsSystemImpl.java:init(158)) - StorageContainerManager metrics system started (again)
2019-06-14 05:18:24,895 INFO  server.SCMClientProtocolServer (SCMClientProtocolServer.java:start(149)) - RPC server for Client  is listening at /0.0.0.0:41557
2019-06-14 05:18:24,896 INFO  ipc.Server (Server.java:run(1314)) - IPC Server Responder: starting
2019-06-14 05:18:24,897 INFO  ipc.Server (Server.java:run(1153)) - IPC Server listener on 41557: starting
2019-06-14 05:18:24,900 INFO  server.StorageContainerManager (StorageContainerManager.java:start(761)) - ScmBlockLocationProtocol RPC server is listening at /0.0.0.0:36907
2019-06-14 05:18:24,900 INFO  server.SCMBlockProtocolServer (SCMBlockProtocolServer.java:start(137)) - RPC server for Block Protocol is listening at /0.0.0.0:36907
2019-06-14 05:18:24,901 INFO  ipc.Server (Server.java:run(1314)) - IPC Server Responder: starting
2019-06-14 05:18:24,901 INFO  ipc.Server (Server.java:run(1153)) - IPC Server listener on 36907: starting
2019-06-14 05:18:24,907 INFO  server.StorageContainerManager (StorageContainerManager.java:start(765)) - ScmDatanodeProtocl RPC server is listening at /0.0.0.0:37161
2019-06-14 05:18:24,908 INFO  server.SCMDatanodeProtocolServer (SCMDatanodeProtocolServer.java:start(191)) - RPC server for DataNodes is listening at /0.0.0.0:37161
2019-06-14 05:18:24,908 INFO  ipc.Server (Server.java:run(1314)) - IPC Server Responder: starting
2019-06-14 05:18:24,908 INFO  ipc.Server (Server.java:run(1153)) - IPC Server listener on 37161: starting
2019-06-14 05:18:24,912 INFO  http.HttpServer2 (HttpServer2.java:bindListener(1191)) - Jetty bound to port 39957
2019-06-14 05:18:24,912 INFO  server.Server (Server.java:doStart(351)) - jetty-9.3.24.v20180605, build timestamp: 2018-06-05T17:11:56Z, git hash: 84205aa28f11a4f31f2a3b86d1bba2cc8ab69827
2019-06-14 05:18:24,913 INFO  handler.ContextHandler (ContextHandler.java:doStart(781)) - Started o.e.j.s.ServletContextHandler@2125535d{/logs,file:///opt/src/hadoop-ozone/integration-test/target/log,AVAILABLE}
2019-06-14 05:18:24,914 INFO  handler.ContextHandler (ContextHandler.java:doStart(781)) - Started o.e.j.s.ServletContextHandler@5f82209e{/static,file:///opt/src/hadoop-ozone/integration-test/target/test-classes/webapps/static,AVAILABLE}
2019-06-14 05:18:24,917 INFO  handler.ContextHandler (ContextHandler.java:doStart(781)) - Started o.e.j.w.WebAppContext@14d18029{/,file:///opt/src/hadoop-ozone/integration-test/target/test-classes/webapps/scm/,AVAILABLE}{/scm}
2019-06-14 05:18:24,917 INFO  server.AbstractConnector (AbstractConnector.java:doStart(278)) - Started ServerConnector@6edb1e9c{HTTP/1.1,[http/1.1]}{0.0.0.0:39957}
2019-06-14 05:18:24,918 INFO  server.Server (Server.java:doStart(419)) - Started @41972ms
2019-06-14 05:18:24,918 INFO  server.BaseHttpServer (BaseHttpServer.java:updateConnectorAddress(207)) - HTTP server of SCM is listening at http://0.0.0.0:39957
2019-06-14 05:18:24,919 WARN  scm.ScmUtils (ScmUtils.java:getDBPath(63)) - ozone.om.db.dirs is not configured. We recommend adding this setting. Falling back to ozone.metadata.dirs instead.
2019-06-14 05:18:24,919 INFO  util.JvmPauseMonitor (JvmPauseMonitor.java:run(188)) - Starting JVM pause monitor
2019-06-14 05:18:24,921 WARN  scm.ScmUtils (ScmUtils.java:getDBPath(63)) - ozone.om.db.dirs is not configured. We recommend adding this setting. Falling back to ozone.metadata.dirs instead.
2019-06-14 05:18:24,922 INFO  om.OzoneManager (OzoneManager.java:setOMNodeDetails(519)) - OM Service ID is not set. Setting it to the default ID: omServiceIdDefault
2019-06-14 05:18:24,922 INFO  om.OzoneManager (OzoneManager.java:setOMNodeDetails(525)) - OM Node ID is not set. Setting it to the OmStorage's OmID: 56cb3672-4633-4611-a103-037ffe611167
2019-06-14 05:18:24,922 WARN  scm.HddsServerUtil (HddsServerUtil.java:getDefaultRatisDirectory(354)) - Storage directory for Ratis is not configured. It is a good idea to map this to an SSD disk. Falling back to ozone.metadata.dirs
2019-06-14 05:18:24,922 WARN  scm.HddsServerUtil (HddsServerUtil.java:getDefaultRatisDirectory(354)) - Storage directory for Ratis is not configured. It is a good idea to map this to an SSD disk. Falling back to ozone.metadata.dirs
2019-06-14 05:18:24,922 INFO  om.OzoneManager (OzoneManager.java:loadOMHAConfigs(476)) - Found matching OM address with OMServiceId: null, OMNodeId: null, RPC Address: localhost:0 and Ratis port: 9872
2019-06-14 05:18:24,926 WARN  scm.ScmUtils (ScmUtils.java:getDBPath(63)) - ozone.om.db.dirs is not configured. We recommend adding this setting. Falling back to ozone.metadata.dirs instead.
2019-06-14 05:18:24,927 INFO  db.DBStoreBuilder (DBStoreBuilder.java:addTable(110)) - using custom profile for table: userTable
2019-06-14 05:18:24,927 INFO  db.DBStoreBuilder (DBStoreBuilder.java:processTables(161)) - Using default column profile:DBProfile.DISK for Table:userTable
2019-06-14 05:18:24,927 INFO  db.DBStoreBuilder (DBStoreBuilder.java:addTable(110)) - using custom profile for table: volumeTable
2019-06-14 05:18:24,927 INFO  db.DBStoreBuilder (DBStoreBuilder.java:processTables(161)) - Using default column profile:DBProfile.DISK for Table:volumeTable
2019-06-14 05:18:24,927 INFO  db.DBStoreBuilder (DBStoreBuilder.java:addTable(110)) - using custom profile for table: bucketTable
2019-06-14 05:18:24,927 INFO  db.DBStoreBuilder (DBStoreBuilder.java:processTables(161)) - Using default column profile:DBProfile.DISK for Table:bucketTable
2019-06-14 05:18:24,928 INFO  db.DBStoreBuilder (DBStoreBuilder.java:addTable(110)) - using custom profile for table: keyTable
2019-06-14 05:18:24,928 INFO  db.DBStoreBuilder (DBStoreBuilder.java:processTables(161)) - Using default column profile:DBProfile.DISK for Table:keyTable
2019-06-14 05:18:24,928 INFO  db.DBStoreBuilder (DBStoreBuilder.java:addTable(110)) - using custom profile for table: deletedTable
2019-06-14 05:18:24,928 INFO  db.DBStoreBuilder (DBStoreBuilder.java:processTables(161)) - Using default column profile:DBProfile.DISK for Table:deletedTable
2019-06-14 05:18:24,928 INFO  db.DBStoreBuilder (DBStoreBuilder.java:addTable(110)) - using custom profile for table: openKeyTable
2019-06-14 05:18:24,928 INFO  db.DBStoreBuilder (DBStoreBuilder.java:processTables(161)) - Using default column profile:DBProfile.DISK for Table:openKeyTable
2019-06-14 05:18:24,929 INFO  db.DBStoreBuilder (DBStoreBuilder.java:addTable(110)) - using custom profile for table: s3Table
2019-06-14 05:18:24,929 INFO  db.DBStoreBuilder (DBStoreBuilder.java:processTables(161)) - Using default column profile:DBProfile.DISK for Table:s3Table
2019-06-14 05:18:24,929 INFO  db.DBStoreBuilder (DBStoreBuilder.java:addTable(110)) - using custom profile for table: multipartInfoTable
2019-06-14 05:18:24,929 INFO  db.DBStoreBuilder (DBStoreBuilder.java:processTables(161)) - Using default column profile:DBProfile.DISK for Table:multipartInfoTable
2019-06-14 05:18:24,929 INFO  db.DBStoreBuilder (DBStoreBuilder.java:addTable(110)) - using custom profile for table: dTokenTable
2019-06-14 05:18:24,929 INFO  db.DBStoreBuilder (DBStoreBuilder.java:processTables(161)) - Using default column profile:DBProfile.DISK for Table:dTokenTable
2019-06-14 05:18:24,930 INFO  db.DBStoreBuilder (DBStoreBuilder.java:addTable(110)) - using custom profile for table: s3SecretTable
2019-06-14 05:18:24,930 INFO  db.DBStoreBuilder (DBStoreBuilder.java:processTables(161)) - Using default column profile:DBProfile.DISK for Table:s3SecretTable
2019-06-14 05:18:24,930 INFO  db.DBStoreBuilder (DBStoreBuilder.java:addTable(110)) - using custom profile for table: prefixTable
2019-06-14 05:18:24,930 INFO  db.DBStoreBuilder (DBStoreBuilder.java:processTables(161)) - Using default column profile:DBProfile.DISK for Table:prefixTable
2019-06-14 05:18:24,930 INFO  db.DBStoreBuilder (DBStoreBuilder.java:addTable(110)) - using custom profile for table: default
2019-06-14 05:18:24,930 INFO  db.DBStoreBuilder (DBStoreBuilder.java:processTables(167)) - Using default column profile:DBProfile.DISK for Table:default
2019-06-14 05:18:24,931 INFO  db.DBStoreBuilder (DBStoreBuilder.java:getDbProfile(198)) - Using default options. DBProfile.DISK
2019-06-14 05:18:25,057 INFO  ipc.CallQueueManager (CallQueueManager.java:<init>(84)) - Using callQueue: class java.util.concurrent.LinkedBlockingQueue, queueCapacity: 2000, scheduler: class org.apache.hadoop.ipc.DefaultRpcScheduler, ipcBackoff: false.
2019-06-14 05:18:25,057 INFO  ipc.Server (Server.java:run(1074)) - Starting Socket Reader #1 for port 39181
2019-06-14 05:18:25,066 WARN  scm.ScmUtils (ScmUtils.java:getDBPath(63)) - ozone.om.db.dirs is not configured. We recommend adding this setting. Falling back to ozone.metadata.dirs instead.
2019-06-14 05:18:25,067 INFO  om.OzoneManager (OzoneManager.java:start(1217)) - OzoneManager RPC server is listening at localhost/127.0.0.1:39181
2019-06-14 05:18:25,067 INFO  impl.MetricsSystemImpl (MetricsSystemImpl.java:init(158)) - OzoneManager metrics system started (again)
2019-06-14 05:18:25,067 INFO  ipc.Server (Server.java:run(1153)) - IPC Server listener on 39181: starting
2019-06-14 05:18:25,067 INFO  ipc.Server (Server.java:run(1314)) - IPC Server Responder: starting
2019-06-14 05:18:25,071 INFO  hdfs.DFSUtil (DFSUtil.java:httpServerTemplateForNNAndJN(1641)) - Starting Web-server for ozoneManager at: http://0.0.0.0:0
2019-06-14 05:18:25,072 INFO  server.AuthenticationFilter (AuthenticationFilter.java:constructSecretProvider(240)) - Unable to initialize FileSignerSecretProvider, falling back to use random secrets.
2019-06-14 05:18:25,072 WARN  http.HttpRequestLog (HttpRequestLog.java:getRequestLog(97)) - Jetty request log can only be enabled using Log4j
2019-06-14 05:18:25,073 INFO  http.HttpServer2 (HttpServer2.java:addGlobalFilter(975)) - Added global filter 'safety' (class=org.apache.hadoop.http.HttpServer2$QuotingInputFilter)
2019-06-14 05:18:25,074 INFO  http.HttpServer2 (HttpServer2.java:addFilter(948)) - Added filter static_user_filter (class=org.apache.hadoop.http.lib.StaticUserWebFilter$StaticUserFilter) to context ozoneManager
2019-06-14 05:18:25,074 INFO  http.HttpServer2 (HttpServer2.java:addFilter(958)) - Added filter static_user_filter (class=org.apache.hadoop.http.lib.StaticUserWebFilter$StaticUserFilter) to context logs
2019-06-14 05:18:25,074 INFO  http.HttpServer2 (HttpServer2.java:addFilter(958)) - Added filter static_user_filter (class=org.apache.hadoop.http.lib.StaticUserWebFilter$StaticUserFilter) to context static
2019-06-14 05:18:25,074 INFO  http.HttpServer2 (HttpServer2.java:bindListener(1191)) - Jetty bound to port 34687
2019-06-14 05:18:25,075 INFO  server.Server (Server.java:doStart(351)) - jetty-9.3.24.v20180605, build timestamp: 2018-06-05T17:11:56Z, git hash: 84205aa28f11a4f31f2a3b86d1bba2cc8ab69827
2019-06-14 05:18:25,077 INFO  handler.ContextHandler (ContextHandler.java:doStart(781)) - Started o.e.j.s.ServletContextHandler@3fd9e01c{/logs,file:///opt/src/hadoop-ozone/integration-test/target/log,AVAILABLE}
2019-06-14 05:18:25,077 INFO  handler.ContextHandler (ContextHandler.java:doStart(781)) - Started o.e.j.s.ServletContextHandler@38ba8b45{/static,file:///opt/src/hadoop-ozone/integration-test/target/test-classes/webapps/static,AVAILABLE}
2019-06-14 05:18:25,080 INFO  handler.ContextHandler (ContextHandler.java:doStart(781)) - Started o.e.j.w.WebAppContext@190bf8e4{/,file:///opt/src/hadoop-ozone/integration-test/target/test-classes/webapps/ozoneManager/,AVAILABLE}{/ozoneManager}
2019-06-14 05:18:25,080 INFO  server.AbstractConnector (AbstractConnector.java:doStart(278)) - Started ServerConnector@7a8b7e11{HTTP/1.1,[http/1.1]}{0.0.0.0:34687}
2019-06-14 05:18:25,081 INFO  server.Server (Server.java:doStart(419)) - Started @42135ms
2019-06-14 05:18:25,109 INFO  server.BaseHttpServer (BaseHttpServer.java:updateConnectorAddress(207)) - HTTP server of OZONEMANAGER is listening at http://0.0.0.0:34687
2019-06-14 05:18:25,120 INFO  impl.MetricsSystemImpl (MetricsSystemImpl.java:init(158)) - HddsDatanode metrics system started (again)
2019-06-14 05:18:25,121 INFO  ozone.HddsDatanodeService (HddsDatanodeService.java:start(185)) - HddsDatanodeService host:ozone-mtz9k-282064168 ip:192.168.105.138
2019-06-14 05:18:25,125 INFO  volume.HddsVolume (HddsVolume.java:<init>(176)) - Creating Volume: /opt/src/hadoop-ozone/integration-test/target/test-dir/MiniOzoneClusterImpl-579fbd7b-422d-4a48-8b03-e8ea5236a9ec/datanode-0/data/containers/hdds of  storage type : DISK and capacity : 104021790720
2019-06-14 05:18:25,125 INFO  volume.VolumeSet (VolumeSet.java:initializeVolumeSet(170)) - Added Volume : /opt/src/hadoop-ozone/integration-test/target/test-dir/MiniOzoneClusterImpl-579fbd7b-422d-4a48-8b03-e8ea5236a9ec/datanode-0/data/containers/hdds to VolumeSet
2019-06-14 05:18:25,125 INFO  volume.ThrottledAsyncChecker (ThrottledAsyncChecker.java:schedule(140)) - Scheduling a check for org.apache.hadoop.ozone.container.common.volume.HddsVolume@3dd591b9
2019-06-14 05:18:25,126 INFO  volume.HddsVolumeChecker (HddsVolumeChecker.java:checkAllVolumes(203)) - Scheduled health check for volume org.apache.hadoop.ozone.container.common.volume.HddsVolume@3dd591b9
2019-06-14 05:18:25,135 INFO  ratis.XceiverServerRatis (XceiverServerRatis.java:newXceiverServerRatis(401)) - Found a free port for the server : 40843
2019-06-14 05:18:25,136 INFO  impl.RaftServerProxy (ConfUtils.java:logGet(43)) - raft.rpc.type = GRPC (default)
2019-06-14 05:18:25,136 INFO  grpc.GrpcConfigKeys$Server (ConfUtils.java:logGet(43)) - raft.grpc.server.port = 40843 (custom)
2019-06-14 05:18:25,136 INFO  server.GrpcService (ConfUtils.java:logGet(43)) - raft.grpc.message.size.max = 33570816 (custom)
2019-06-14 05:18:25,136 INFO  server.RaftServerConfigKeys (ConfUtils.java:logGet(43)) - raft.server.log.appender.buffer.byte-limit = 33554432 (custom)
2019-06-14 05:18:25,137 INFO  server.GrpcService (ConfUtils.java:logGet(43)) - raft.grpc.flow.control.window = 1MB (=1048576) (default)
2019-06-14 05:18:25,137 INFO  server.RaftServerConfigKeys (ConfUtils.java:logGet(43)) - raft.server.rpc.request.timeout = 3000ms (default)
2019-06-14 05:18:25,137 INFO  server.RaftServerConfigKeys (ConfUtils.java:logGet(43)) - raft.server.storage.dir = [/opt/src/hadoop-ozone/integration-test/target/test-dir/MiniOzoneClusterImpl-579fbd7b-422d-4a48-8b03-e8ea5236a9ec/datanode-0/data/ratis] (custom)
2019-06-14 05:18:25,138 INFO  server.XceiverServerGrpc (XceiverServerGrpc.java:<init>(97)) - Found a free port for the server : 45051
2019-06-14 05:18:25,138 INFO  replication.SimpleContainerDownloader (SimpleContainerDownloader.java:<init>(72)) - Starting container downloader service to copy containers to replicate.
2019-06-14 05:18:25,138 INFO  hdfs.DFSUtil (DFSUtil.java:httpServerTemplateForNNAndJN(1641)) - Starting Web-server for hddsDatanode at: http://0.0.0.0:0
2019-06-14 05:18:25,139 INFO  server.AuthenticationFilter (AuthenticationFilter.java:constructSecretProvider(240)) - Unable to initialize FileSignerSecretProvider, falling back to use random secrets.
2019-06-14 05:18:25,140 WARN  http.HttpRequestLog (HttpRequestLog.java:getRequestLog(97)) - Jetty request log can only be enabled using Log4j
2019-06-14 05:18:25,141 INFO  http.HttpServer2 (HttpServer2.java:addGlobalFilter(975)) - Added global filter 'safety' (class=org.apache.hadoop.http.HttpServer2$QuotingInputFilter)
2019-06-14 05:18:25,141 INFO  http.HttpServer2 (HttpServer2.java:addFilter(948)) - Added filter static_user_filter (class=org.apache.hadoop.http.lib.StaticUserWebFilter$StaticUserFilter) to context hddsDatanode
2019-06-14 05:18:25,141 INFO  http.HttpServer2 (HttpServer2.java:addFilter(958)) - Added filter static_user_filter (class=org.apache.hadoop.http.lib.StaticUserWebFilter$StaticUserFilter) to context static
2019-06-14 05:18:25,141 INFO  http.HttpServer2 (HttpServer2.java:addFilter(958)) - Added filter static_user_filter (class=org.apache.hadoop.http.lib.StaticUserWebFilter$StaticUserFilter) to context logs
2019-06-14 05:18:25,142 INFO  http.HttpServer2 (HttpServer2.java:bindListener(1191)) - Jetty bound to port 45515
2019-06-14 05:18:25,142 INFO  server.Server (Server.java:doStart(351)) - jetty-9.3.24.v20180605, build timestamp: 2018-06-05T17:11:56Z, git hash: 84205aa28f11a4f31f2a3b86d1bba2cc8ab69827
2019-06-14 05:18:25,143 INFO  handler.ContextHandler (ContextHandler.java:doStart(781)) - Started o.e.j.s.ServletContextHandler@5d3f8661{/logs,file:///opt/src/hadoop-ozone/integration-test/target/log,AVAILABLE}
2019-06-14 05:18:25,144 INFO  handler.ContextHandler (ContextHandler.java:doStart(781)) - Started o.e.j.s.ServletContextHandler@4b5aa48b{/static,jar:file:/root/.m2/repository/org/apache/hadoop/hadoop-hdds-container-service/0.5.0-SNAPSHOT/hadoop-hdds-container-service-0.5.0-SNAPSHOT.jar!/webapps/static,AVAILABLE}
2019-06-14 05:18:25,164 INFO  handler.ContextHandler (ContextHandler.java:doStart(781)) - Started o.e.j.w.WebAppContext@79135a38{/,file:///tmp/jetty-0.0.0.0-45515-hddsDatanode-_-any-3655609320117355187.dir/webapp/,AVAILABLE}{/hddsDatanode}
2019-06-14 05:18:25,164 INFO  server.AbstractConnector (AbstractConnector.java:doStart(278)) - Started ServerConnector@77fceac6{HTTP/1.1,[http/1.1]}{0.0.0.0:45515}
2019-06-14 05:18:25,165 INFO  server.Server (Server.java:doStart(419)) - Started @42219ms
2019-06-14 05:18:25,166 INFO  server.BaseHttpServer (BaseHttpServer.java:updateConnectorAddress(207)) - HTTP server of HDDSDATANODE is listening at http://0.0.0.0:45515
2019-06-14 05:18:25,328 INFO  ozone.HddsDatanodeService (HddsDatanodeService.java:startPlugins(396)) - Started plug-in org.apache.hadoop.ozone.web.OzoneHddsDatanodeService@2a5d2041
2019-06-14 05:18:25,328 INFO  impl.MetricsSystemImpl (MetricsSystemImpl.java:init(158)) - HddsDatanode metrics system started (again)
2019-06-14 05:18:25,328 INFO  ozone.HddsDatanodeService (HddsDatanodeService.java:start(185)) - HddsDatanodeService host:ozone-mtz9k-282064168 ip:192.168.105.138
2019-06-14 05:18:25,342 INFO  volume.HddsVolume (HddsVolume.java:<init>(176)) - Creating Volume: /opt/src/hadoop-ozone/integration-test/target/test-dir/MiniOzoneClusterImpl-579fbd7b-422d-4a48-8b03-e8ea5236a9ec/datanode-1/data/containers/hdds of  storage type : DISK and capacity : 104021790720
2019-06-14 05:18:25,342 INFO  volume.VolumeSet (VolumeSet.java:initializeVolumeSet(170)) - Added Volume : /opt/src/hadoop-ozone/integration-test/target/test-dir/MiniOzoneClusterImpl-579fbd7b-422d-4a48-8b03-e8ea5236a9ec/datanode-1/data/containers/hdds to VolumeSet
2019-06-14 05:18:25,343 INFO  volume.ThrottledAsyncChecker (ThrottledAsyncChecker.java:schedule(140)) - Scheduling a check for org.apache.hadoop.ozone.container.common.volume.HddsVolume@7e1fb22c
2019-06-14 05:18:25,345 INFO  volume.HddsVolumeChecker (HddsVolumeChecker.java:checkAllVolumes(203)) - Scheduled health check for volume org.apache.hadoop.ozone.container.common.volume.HddsVolume@7e1fb22c
2019-06-14 05:18:25,345 INFO  util.JvmPauseMonitor (JvmPauseMonitor.java:run(188)) - Starting JVM pause monitor
2019-06-14 05:18:25,346 INFO  datanode.InitDatanodeState (InitDatanodeState.java:persistContainerDatanodeDetails(140)) - DatanodeDetails is persisted to /opt/src/hadoop-ozone/integration-test/target/test-dir/MiniOzoneClusterImpl-579fbd7b-422d-4a48-8b03-e8ea5236a9ec/datanode-0/meta/datanode.id
2019-06-14 05:18:25,354 INFO  ratis.XceiverServerRatis (XceiverServerRatis.java:newXceiverServerRatis(401)) - Found a free port for the server : 39053
2019-06-14 05:18:25,355 INFO  impl.RaftServerProxy (ConfUtils.java:logGet(43)) - raft.rpc.type = GRPC (default)
2019-06-14 05:18:25,355 INFO  grpc.GrpcConfigKeys$Server (ConfUtils.java:logGet(43)) - raft.grpc.server.port = 39053 (custom)
2019-06-14 05:18:25,355 INFO  server.GrpcService (ConfUtils.java:logGet(43)) - raft.grpc.message.size.max = 33570816 (custom)
2019-06-14 05:18:25,355 INFO  server.RaftServerConfigKeys (ConfUtils.java:logGet(43)) - raft.server.log.appender.buffer.byte-limit = 33554432 (custom)
2019-06-14 05:18:25,355 INFO  server.GrpcService (ConfUtils.java:logGet(43)) - raft.grpc.flow.control.window = 1MB (=1048576) (default)
2019-06-14 05:18:25,355 INFO  server.RaftServerConfigKeys (ConfUtils.java:logGet(43)) - raft.server.rpc.request.timeout = 3000ms (default)
2019-06-14 05:18:25,356 INFO  server.RaftServerConfigKeys (ConfUtils.java:logGet(43)) - raft.server.storage.dir = [/opt/src/hadoop-ozone/integration-test/target/test-dir/MiniOzoneClusterImpl-579fbd7b-422d-4a48-8b03-e8ea5236a9ec/datanode-1/data/ratis] (custom)
2019-06-14 05:18:25,356 INFO  server.XceiverServerGrpc (XceiverServerGrpc.java:<init>(97)) - Found a free port for the server : 35011
2019-06-14 05:18:25,356 INFO  replication.SimpleContainerDownloader (SimpleContainerDownloader.java:<init>(72)) - Starting container downloader service to copy containers to replicate.
2019-06-14 05:18:25,358 INFO  hdfs.DFSUtil (DFSUtil.java:httpServerTemplateForNNAndJN(1641)) - Starting Web-server for hddsDatanode at: http://0.0.0.0:0
2019-06-14 05:18:25,359 INFO  server.AuthenticationFilter (AuthenticationFilter.java:constructSecretProvider(240)) - Unable to initialize FileSignerSecretProvider, falling back to use random secrets.
2019-06-14 05:18:25,359 WARN  http.HttpRequestLog (HttpRequestLog.java:getRequestLog(97)) - Jetty request log can only be enabled using Log4j
2019-06-14 05:18:25,360 INFO  http.HttpServer2 (HttpServer2.java:addGlobalFilter(975)) - Added global filter 'safety' (class=org.apache.hadoop.http.HttpServer2$QuotingInputFilter)
2019-06-14 05:18:25,360 INFO  http.HttpServer2 (HttpServer2.java:addFilter(948)) - Added filter static_user_filter (class=org.apache.hadoop.http.lib.StaticUserWebFilter$StaticUserFilter) to context hddsDatanode
2019-06-14 05:18:25,361 INFO  http.HttpServer2 (HttpServer2.java:addFilter(958)) - Added filter static_user_filter (class=org.apache.hadoop.http.lib.StaticUserWebFilter$StaticUserFilter) to context logs
2019-06-14 05:18:25,361 INFO  http.HttpServer2 (HttpServer2.java:addFilter(958)) - Added filter static_user_filter (class=org.apache.hadoop.http.lib.StaticUserWebFilter$StaticUserFilter) to context static
2019-06-14 05:18:25,361 INFO  http.HttpServer2 (HttpServer2.java:bindListener(1191)) - Jetty bound to port 35513
2019-06-14 05:18:25,361 INFO  server.Server (Server.java:doStart(351)) - jetty-9.3.24.v20180605, build timestamp: 2018-06-05T17:11:56Z, git hash: 84205aa28f11a4f31f2a3b86d1bba2cc8ab69827
2019-06-14 05:18:25,362 INFO  handler.ContextHandler (ContextHandler.java:doStart(781)) - Started o.e.j.s.ServletContextHandler@3d2b13b1{/logs,file:///opt/src/hadoop-ozone/integration-test/target/log,AVAILABLE}
2019-06-14 05:18:25,363 INFO  handler.ContextHandler (ContextHandler.java:doStart(781)) - Started o.e.j.s.ServletContextHandler@2524d07a{/static,jar:file:/root/.m2/repository/org/apache/hadoop/hadoop-hdds-container-service/0.5.0-SNAPSHOT/hadoop-hdds-container-service-0.5.0-SNAPSHOT.jar!/webapps/static,AVAILABLE}
2019-06-14 05:18:25,383 INFO  handler.ContextHandler (ContextHandler.java:doStart(781)) - Started o.e.j.w.WebAppContext@6b2f7527{/,file:///tmp/jetty-0.0.0.0-35513-hddsDatanode-_-any-7929250702867297928.dir/webapp/,AVAILABLE}{/hddsDatanode}
2019-06-14 05:18:25,383 INFO  server.AbstractConnector (AbstractConnector.java:doStart(278)) - Started ServerConnector@7509226c{HTTP/1.1,[http/1.1]}{0.0.0.0:35513}
2019-06-14 05:18:25,384 INFO  server.Server (Server.java:doStart(419)) - Started @42438ms
2019-06-14 05:18:25,384 INFO  server.BaseHttpServer (BaseHttpServer.java:updateConnectorAddress(207)) - HTTP server of HDDSDATANODE is listening at http://0.0.0.0:35513
2019-06-14 05:18:25,501 INFO  ozone.HddsDatanodeService (HddsDatanodeService.java:startPlugins(396)) - Started plug-in org.apache.hadoop.ozone.web.OzoneHddsDatanodeService@5f4df55e
2019-06-14 05:18:25,501 INFO  impl.MetricsSystemImpl (MetricsSystemImpl.java:init(158)) - HddsDatanode metrics system started (again)
2019-06-14 05:18:25,502 INFO  ozone.HddsDatanodeService (HddsDatanodeService.java:start(185)) - HddsDatanodeService host:ozone-mtz9k-282064168 ip:192.168.105.138
2019-06-14 05:18:25,506 INFO  util.JvmPauseMonitor (JvmPauseMonitor.java:run(188)) - Starting JVM pause monitor
2019-06-14 05:18:25,507 INFO  volume.HddsVolume (HddsVolume.java:<init>(176)) - Creating Volume: /opt/src/hadoop-ozone/integration-test/target/test-dir/MiniOzoneClusterImpl-579fbd7b-422d-4a48-8b03-e8ea5236a9ec/datanode-2/data/containers/hdds of  storage type : DISK and capacity : 104021790720
2019-06-14 05:18:25,507 INFO  volume.VolumeSet (VolumeSet.java:initializeVolumeSet(170)) - Added Volume : /opt/src/hadoop-ozone/integration-test/target/test-dir/MiniOzoneClusterImpl-579fbd7b-422d-4a48-8b03-e8ea5236a9ec/datanode-2/data/containers/hdds to VolumeSet
2019-06-14 05:18:25,507 INFO  volume.ThrottledAsyncChecker (ThrottledAsyncChecker.java:schedule(140)) - Scheduling a check for org.apache.hadoop.ozone.container.common.volume.HddsVolume@5487a8f1
2019-06-14 05:18:25,508 INFO  datanode.InitDatanodeState (InitDatanodeState.java:persistContainerDatanodeDetails(140)) - DatanodeDetails is persisted to /opt/src/hadoop-ozone/integration-test/target/test-dir/MiniOzoneClusterImpl-579fbd7b-422d-4a48-8b03-e8ea5236a9ec/datanode-1/meta/datanode.id
2019-06-14 05:18:25,509 INFO  volume.HddsVolumeChecker (HddsVolumeChecker.java:checkAllVolumes(203)) - Scheduled health check for volume org.apache.hadoop.ozone.container.common.volume.HddsVolume@5487a8f1
2019-06-14 05:18:25,519 INFO  ratis.XceiverServerRatis (XceiverServerRatis.java:newXceiverServerRatis(401)) - Found a free port for the server : 44781
2019-06-14 05:18:25,521 INFO  impl.RaftServerProxy (ConfUtils.java:logGet(43)) - raft.rpc.type = GRPC (default)
2019-06-14 05:18:25,521 INFO  grpc.GrpcConfigKeys$Server (ConfUtils.java:logGet(43)) - raft.grpc.server.port = 44781 (custom)
2019-06-14 05:18:25,521 INFO  server.GrpcService (ConfUtils.java:logGet(43)) - raft.grpc.message.size.max = 33570816 (custom)
2019-06-14 05:18:25,522 INFO  server.RaftServerConfigKeys (ConfUtils.java:logGet(43)) - raft.server.log.appender.buffer.byte-limit = 33554432 (custom)
2019-06-14 05:18:25,522 INFO  server.GrpcService (ConfUtils.java:logGet(43)) - raft.grpc.flow.control.window = 1MB (=1048576) (default)
2019-06-14 05:18:25,522 INFO  server.RaftServerConfigKeys (ConfUtils.java:logGet(43)) - raft.server.rpc.request.timeout = 3000ms (default)
2019-06-14 05:18:25,522 INFO  server.RaftServerConfigKeys (ConfUtils.java:logGet(43)) - raft.server.storage.dir = [/opt/src/hadoop-ozone/integration-test/target/test-dir/MiniOzoneClusterImpl-579fbd7b-422d-4a48-8b03-e8ea5236a9ec/datanode-2/data/ratis] (custom)
2019-06-14 05:18:25,522 INFO  server.XceiverServerGrpc (XceiverServerGrpc.java:<init>(97)) - Found a free port for the server : 33665
2019-06-14 05:18:25,523 INFO  replication.SimpleContainerDownloader (SimpleContainerDownloader.java:<init>(72)) - Starting container downloader service to copy containers to replicate.
2019-06-14 05:18:25,523 INFO  hdfs.DFSUtil (DFSUtil.java:httpServerTemplateForNNAndJN(1641)) - Starting Web-server for hddsDatanode at: http://0.0.0.0:0
2019-06-14 05:18:25,526 INFO  server.AuthenticationFilter (AuthenticationFilter.java:constructSecretProvider(240)) - Unable to initialize FileSignerSecretProvider, falling back to use random secrets.
2019-06-14 05:18:25,527 WARN  http.HttpRequestLog (HttpRequestLog.java:getRequestLog(97)) - Jetty request log can only be enabled using Log4j
2019-06-14 05:18:25,528 INFO  http.HttpServer2 (HttpServer2.java:addGlobalFilter(975)) - Added global filter 'safety' (class=org.apache.hadoop.http.HttpServer2$QuotingInputFilter)
2019-06-14 05:18:25,528 INFO  http.HttpServer2 (HttpServer2.java:addFilter(948)) - Added filter static_user_filter (class=org.apache.hadoop.http.lib.StaticUserWebFilter$StaticUserFilter) to context hddsDatanode
2019-06-14 05:18:25,529 INFO  http.HttpServer2 (HttpServer2.java:addFilter(958)) - Added filter static_user_filter (class=org.apache.hadoop.http.lib.StaticUserWebFilter$StaticUserFilter) to context logs
2019-06-14 05:18:25,529 INFO  http.HttpServer2 (HttpServer2.java:addFilter(958)) - Added filter static_user_filter (class=org.apache.hadoop.http.lib.StaticUserWebFilter$StaticUserFilter) to context static
2019-06-14 05:18:25,529 INFO  http.HttpServer2 (HttpServer2.java:bindListener(1191)) - Jetty bound to port 42837
2019-06-14 05:18:25,529 INFO  server.Server (Server.java:doStart(351)) - jetty-9.3.24.v20180605, build timestamp: 2018-06-05T17:11:56Z, git hash: 84205aa28f11a4f31f2a3b86d1bba2cc8ab69827
2019-06-14 05:18:25,531 INFO  handler.ContextHandler (ContextHandler.java:doStart(781)) - Started o.e.j.s.ServletContextHandler@78508e6b{/logs,file:///opt/src/hadoop-ozone/integration-test/target/log,AVAILABLE}
2019-06-14 05:18:25,531 INFO  handler.ContextHandler (ContextHandler.java:doStart(781)) - Started o.e.j.s.ServletContextHandler@2cc97e47{/static,jar:file:/root/.m2/repository/org/apache/hadoop/hadoop-hdds-container-service/0.5.0-SNAPSHOT/hadoop-hdds-container-service-0.5.0-SNAPSHOT.jar!/webapps/static,AVAILABLE}
2019-06-14 05:18:25,560 INFO  handler.ContextHandler (ContextHandler.java:doStart(781)) - Started o.e.j.w.WebAppContext@320fc4b0{/,file:///tmp/jetty-0.0.0.0-42837-hddsDatanode-_-any-1274871824512872479.dir/webapp/,AVAILABLE}{/hddsDatanode}
2019-06-14 05:18:25,560 INFO  server.AbstractConnector (AbstractConnector.java:doStart(278)) - Started ServerConnector@10724a72{HTTP/1.1,[http/1.1]}{0.0.0.0:42837}
2019-06-14 05:18:25,563 INFO  server.Server (Server.java:doStart(419)) - Started @42617ms
2019-06-14 05:18:25,564 INFO  server.BaseHttpServer (BaseHttpServer.java:updateConnectorAddress(207)) - HTTP server of HDDSDATANODE is listening at http://0.0.0.0:42837
2019-06-14 05:18:25,674 INFO  ozone.HddsDatanodeService (HddsDatanodeService.java:startPlugins(396)) - Started plug-in org.apache.hadoop.ozone.web.OzoneHddsDatanodeService@1e3dc24f
2019-06-14 05:18:25,674 INFO  impl.MetricsSystemImpl (MetricsSystemImpl.java:init(158)) - HddsDatanode metrics system started (again)
2019-06-14 05:18:25,675 INFO  ozone.HddsDatanodeService (HddsDatanodeService.java:start(185)) - HddsDatanodeService host:ozone-mtz9k-282064168 ip:192.168.105.138
2019-06-14 05:18:25,677 INFO  util.JvmPauseMonitor (JvmPauseMonitor.java:run(188)) - Starting JVM pause monitor
2019-06-14 05:18:25,678 INFO  datanode.InitDatanodeState (InitDatanodeState.java:persistContainerDatanodeDetails(140)) - DatanodeDetails is persisted to /opt/src/hadoop-ozone/integration-test/target/test-dir/MiniOzoneClusterImpl-579fbd7b-422d-4a48-8b03-e8ea5236a9ec/datanode-2/meta/datanode.id
2019-06-14 05:18:25,685 INFO  volume.HddsVolume (HddsVolume.java:<init>(176)) - Creating Volume: /opt/src/hadoop-ozone/integration-test/target/test-dir/MiniOzoneClusterImpl-579fbd7b-422d-4a48-8b03-e8ea5236a9ec/datanode-3/data/containers/hdds of  storage type : DISK and capacity : 104021790720
2019-06-14 05:18:25,685 INFO  volume.VolumeSet (VolumeSet.java:initializeVolumeSet(170)) - Added Volume : /opt/src/hadoop-ozone/integration-test/target/test-dir/MiniOzoneClusterImpl-579fbd7b-422d-4a48-8b03-e8ea5236a9ec/datanode-3/data/containers/hdds to VolumeSet
2019-06-14 05:18:25,685 INFO  volume.ThrottledAsyncChecker (ThrottledAsyncChecker.java:schedule(140)) - Scheduling a check for org.apache.hadoop.ozone.container.common.volume.HddsVolume@1ab21633
2019-06-14 05:18:25,686 INFO  volume.HddsVolumeChecker (HddsVolumeChecker.java:checkAllVolumes(203)) - Scheduled health check for volume org.apache.hadoop.ozone.container.common.volume.HddsVolume@1ab21633
2019-06-14 05:18:25,694 INFO  ratis.XceiverServerRatis (XceiverServerRatis.java:newXceiverServerRatis(401)) - Found a free port for the server : 45007
2019-06-14 05:18:25,695 INFO  impl.RaftServerProxy (ConfUtils.java:logGet(43)) - raft.rpc.type = GRPC (default)
2019-06-14 05:18:25,695 INFO  grpc.GrpcConfigKeys$Server (ConfUtils.java:logGet(43)) - raft.grpc.server.port = 45007 (custom)
2019-06-14 05:18:25,696 INFO  server.GrpcService (ConfUtils.java:logGet(43)) - raft.grpc.message.size.max = 33570816 (custom)
2019-06-14 05:18:25,696 INFO  server.RaftServerConfigKeys (ConfUtils.java:logGet(43)) - raft.server.log.appender.buffer.byte-limit = 33554432 (custom)
2019-06-14 05:18:25,696 INFO  server.GrpcService (ConfUtils.java:logGet(43)) - raft.grpc.flow.control.window = 1MB (=1048576) (default)
2019-06-14 05:18:25,696 INFO  server.RaftServerConfigKeys (ConfUtils.java:logGet(43)) - raft.server.rpc.request.timeout = 3000ms (default)
2019-06-14 05:18:25,697 INFO  server.RaftServerConfigKeys (ConfUtils.java:logGet(43)) - raft.server.storage.dir = [/opt/src/hadoop-ozone/integration-test/target/test-dir/MiniOzoneClusterImpl-579fbd7b-422d-4a48-8b03-e8ea5236a9ec/datanode-3/data/ratis] (custom)
2019-06-14 05:18:25,697 INFO  server.XceiverServerGrpc (XceiverServerGrpc.java:<init>(97)) - Found a free port for the server : 41481
2019-06-14 05:18:25,698 INFO  replication.SimpleContainerDownloader (SimpleContainerDownloader.java:<init>(72)) - Starting container downloader service to copy containers to replicate.
2019-06-14 05:18:25,699 INFO  hdfs.DFSUtil (DFSUtil.java:httpServerTemplateForNNAndJN(1641)) - Starting Web-server for hddsDatanode at: http://0.0.0.0:0
2019-06-14 05:18:25,700 INFO  server.AuthenticationFilter (AuthenticationFilter.java:constructSecretProvider(240)) - Unable to initialize FileSignerSecretProvider, falling back to use random secrets.
2019-06-14 05:18:25,700 WARN  http.HttpRequestLog (HttpRequestLog.java:getRequestLog(97)) - Jetty request log can only be enabled using Log4j
2019-06-14 05:18:25,702 INFO  http.HttpServer2 (HttpServer2.java:addGlobalFilter(975)) - Added global filter 'safety' (class=org.apache.hadoop.http.HttpServer2$QuotingInputFilter)
2019-06-14 05:18:25,702 INFO  http.HttpServer2 (HttpServer2.java:addFilter(948)) - Added filter static_user_filter (class=org.apache.hadoop.http.lib.StaticUserWebFilter$StaticUserFilter) to context hddsDatanode
2019-06-14 05:18:25,702 INFO  http.HttpServer2 (HttpServer2.java:addFilter(958)) - Added filter static_user_filter (class=org.apache.hadoop.http.lib.StaticUserWebFilter$StaticUserFilter) to context logs
2019-06-14 05:18:25,702 INFO  http.HttpServer2 (HttpServer2.java:addFilter(958)) - Added filter static_user_filter (class=org.apache.hadoop.http.lib.StaticUserWebFilter$StaticUserFilter) to context static
2019-06-14 05:18:25,703 INFO  http.HttpServer2 (HttpServer2.java:bindListener(1191)) - Jetty bound to port 40949
2019-06-14 05:18:25,703 INFO  server.Server (Server.java:doStart(351)) - jetty-9.3.24.v20180605, build timestamp: 2018-06-05T17:11:56Z, git hash: 84205aa28f11a4f31f2a3b86d1bba2cc8ab69827
2019-06-14 05:18:25,714 INFO  handler.ContextHandler (ContextHandler.java:doStart(781)) - Started o.e.j.s.ServletContextHandler@7682bf66{/logs,file:///opt/src/hadoop-ozone/integration-test/target/log,AVAILABLE}
2019-06-14 05:18:25,714 INFO  handler.ContextHandler (ContextHandler.java:doStart(781)) - Started o.e.j.s.ServletContextHandler@6e23ba17{/static,jar:file:/root/.m2/repository/org/apache/hadoop/hadoop-hdds-container-service/0.5.0-SNAPSHOT/hadoop-hdds-container-service-0.5.0-SNAPSHOT.jar!/webapps/static,AVAILABLE}
2019-06-14 05:18:25,737 INFO  handler.ContextHandler (ContextHandler.java:doStart(781)) - Started o.e.j.w.WebAppContext@116b0b32{/,file:///tmp/jetty-0.0.0.0-40949-hddsDatanode-_-any-8947202489503601782.dir/webapp/,AVAILABLE}{/hddsDatanode}
2019-06-14 05:18:25,738 INFO  server.AbstractConnector (AbstractConnector.java:doStart(278)) - Started ServerConnector@4f22fd5d{HTTP/1.1,[http/1.1]}{0.0.0.0:40949}
2019-06-14 05:18:25,739 INFO  server.Server (Server.java:doStart(419)) - Started @42793ms
2019-06-14 05:18:25,739 INFO  server.BaseHttpServer (BaseHttpServer.java:updateConnectorAddress(207)) - HTTP server of HDDSDATANODE is listening at http://0.0.0.0:40949
2019-06-14 05:18:25,811 INFO  ozone.HddsDatanodeService (HddsDatanodeService.java:startPlugins(396)) - Started plug-in org.apache.hadoop.ozone.web.OzoneHddsDatanodeService@735167e1
2019-06-14 05:18:25,811 INFO  impl.MetricsSystemImpl (MetricsSystemImpl.java:init(158)) - HddsDatanode metrics system started (again)
2019-06-14 05:18:25,811 INFO  ozone.HddsDatanodeService (HddsDatanodeService.java:start(185)) - HddsDatanodeService host:ozone-mtz9k-282064168 ip:192.168.105.138
2019-06-14 05:18:25,812 INFO  util.JvmPauseMonitor (JvmPauseMonitor.java:run(188)) - Starting JVM pause monitor
2019-06-14 05:18:25,813 INFO  datanode.InitDatanodeState (InitDatanodeState.java:persistContainerDatanodeDetails(140)) - DatanodeDetails is persisted to /opt/src/hadoop-ozone/integration-test/target/test-dir/MiniOzoneClusterImpl-579fbd7b-422d-4a48-8b03-e8ea5236a9ec/datanode-3/meta/datanode.id
2019-06-14 05:18:25,817 INFO  volume.HddsVolume (HddsVolume.java:<init>(176)) - Creating Volume: /opt/src/hadoop-ozone/integration-test/target/test-dir/MiniOzoneClusterImpl-579fbd7b-422d-4a48-8b03-e8ea5236a9ec/datanode-4/data/containers/hdds of  storage type : DISK and capacity : 104021790720
2019-06-14 05:18:25,817 INFO  volume.VolumeSet (VolumeSet.java:initializeVolumeSet(170)) - Added Volume : /opt/src/hadoop-ozone/integration-test/target/test-dir/MiniOzoneClusterImpl-579fbd7b-422d-4a48-8b03-e8ea5236a9ec/datanode-4/data/containers/hdds to VolumeSet
2019-06-14 05:18:25,817 INFO  volume.ThrottledAsyncChecker (ThrottledAsyncChecker.java:schedule(140)) - Scheduling a check for org.apache.hadoop.ozone.container.common.volume.HddsVolume@5730b513
2019-06-14 05:18:25,818 INFO  volume.HddsVolumeChecker (HddsVolumeChecker.java:checkAllVolumes(203)) - Scheduled health check for volume org.apache.hadoop.ozone.container.common.volume.HddsVolume@5730b513
2019-06-14 05:18:25,826 INFO  ratis.XceiverServerRatis (XceiverServerRatis.java:newXceiverServerRatis(401)) - Found a free port for the server : 40701
2019-06-14 05:18:25,827 INFO  impl.RaftServerProxy (ConfUtils.java:logGet(43)) - raft.rpc.type = GRPC (default)
2019-06-14 05:18:25,828 INFO  grpc.GrpcConfigKeys$Server (ConfUtils.java:logGet(43)) - raft.grpc.server.port = 40701 (custom)
2019-06-14 05:18:25,828 INFO  server.GrpcService (ConfUtils.java:logGet(43)) - raft.grpc.message.size.max = 33570816 (custom)
2019-06-14 05:18:25,828 INFO  server.RaftServerConfigKeys (ConfUtils.java:logGet(43)) - raft.server.log.appender.buffer.byte-limit = 33554432 (custom)
2019-06-14 05:18:25,828 INFO  server.GrpcService (ConfUtils.java:logGet(43)) - raft.grpc.flow.control.window = 1MB (=1048576) (default)
2019-06-14 05:18:25,829 INFO  server.RaftServerConfigKeys (ConfUtils.java:logGet(43)) - raft.server.rpc.request.timeout = 3000ms (default)
2019-06-14 05:18:25,829 INFO  server.RaftServerConfigKeys (ConfUtils.java:logGet(43)) - raft.server.storage.dir = [/opt/src/hadoop-ozone/integration-test/target/test-dir/MiniOzoneClusterImpl-579fbd7b-422d-4a48-8b03-e8ea5236a9ec/datanode-4/data/ratis] (custom)
2019-06-14 05:18:25,829 INFO  server.XceiverServerGrpc (XceiverServerGrpc.java:<init>(97)) - Found a free port for the server : 39919
2019-06-14 05:18:25,830 INFO  replication.SimpleContainerDownloader (SimpleContainerDownloader.java:<init>(72)) - Starting container downloader service to copy containers to replicate.
2019-06-14 05:18:25,831 INFO  hdfs.DFSUtil (DFSUtil.java:httpServerTemplateForNNAndJN(1641)) - Starting Web-server for hddsDatanode at: http://0.0.0.0:0
2019-06-14 05:18:25,831 INFO  server.AuthenticationFilter (AuthenticationFilter.java:constructSecretProvider(240)) - Unable to initialize FileSignerSecretProvider, falling back to use random secrets.
2019-06-14 05:18:25,832 WARN  http.HttpRequestLog (HttpRequestLog.java:getRequestLog(97)) - Jetty request log can only be enabled using Log4j
2019-06-14 05:18:25,833 INFO  http.HttpServer2 (HttpServer2.java:addGlobalFilter(975)) - Added global filter 'safety' (class=org.apache.hadoop.http.HttpServer2$QuotingInputFilter)
2019-06-14 05:18:25,833 INFO  http.HttpServer2 (HttpServer2.java:addFilter(948)) - Added filter static_user_filter (class=org.apache.hadoop.http.lib.StaticUserWebFilter$StaticUserFilter) to context hddsDatanode
2019-06-14 05:18:25,833 INFO  http.HttpServer2 (HttpServer2.java:addFilter(958)) - Added filter static_user_filter (class=org.apache.hadoop.http.lib.StaticUserWebFilter$StaticUserFilter) to context static
2019-06-14 05:18:25,833 INFO  http.HttpServer2 (HttpServer2.java:addFilter(958)) - Added filter static_user_filter (class=org.apache.hadoop.http.lib.StaticUserWebFilter$StaticUserFilter) to context logs
2019-06-14 05:18:25,834 INFO  http.HttpServer2 (HttpServer2.java:bindListener(1191)) - Jetty bound to port 35559
2019-06-14 05:18:25,834 INFO  server.Server (Server.java:doStart(351)) - jetty-9.3.24.v20180605, build timestamp: 2018-06-05T17:11:56Z, git hash: 84205aa28f11a4f31f2a3b86d1bba2cc8ab69827
2019-06-14 05:18:25,836 INFO  handler.ContextHandler (ContextHandler.java:doStart(781)) - Started o.e.j.s.ServletContextHandler@1d535b78{/logs,file:///opt/src/hadoop-ozone/integration-test/target/log,AVAILABLE}
2019-06-14 05:18:25,836 INFO  handler.ContextHandler (ContextHandler.java:doStart(781)) - Started o.e.j.s.ServletContextHandler@55a66bbf{/static,jar:file:/root/.m2/repository/org/apache/hadoop/hadoop-hdds-container-service/0.5.0-SNAPSHOT/hadoop-hdds-container-service-0.5.0-SNAPSHOT.jar!/webapps/static,AVAILABLE}
2019-06-14 05:18:25,858 INFO  handler.ContextHandler (ContextHandler.java:doStart(781)) - Started o.e.j.w.WebAppContext@2728add3{/,file:///tmp/jetty-0.0.0.0-35559-hddsDatanode-_-any-1552014713523125453.dir/webapp/,AVAILABLE}{/hddsDatanode}
2019-06-14 05:18:25,858 INFO  server.AbstractConnector (AbstractConnector.java:doStart(278)) - Started ServerConnector@4fce3ed7{HTTP/1.1,[http/1.1]}{0.0.0.0:35559}
2019-06-14 05:18:25,859 INFO  server.Server (Server.java:doStart(419)) - Started @42913ms
2019-06-14 05:18:25,859 INFO  server.BaseHttpServer (BaseHttpServer.java:updateConnectorAddress(207)) - HTTP server of HDDSDATANODE is listening at http://0.0.0.0:35559
2019-06-14 05:18:25,971 INFO  ozone.HddsDatanodeService (HddsDatanodeService.java:startPlugins(396)) - Started plug-in org.apache.hadoop.ozone.web.OzoneHddsDatanodeService@36931450
2019-06-14 05:18:25,971 INFO  impl.MetricsSystemImpl (MetricsSystemImpl.java:init(158)) - HddsDatanode metrics system started (again)
2019-06-14 05:18:25,971 INFO  ozone.HddsDatanodeService (HddsDatanodeService.java:start(185)) - HddsDatanodeService host:ozone-mtz9k-282064168 ip:192.168.105.138
2019-06-14 05:18:25,981 INFO  util.JvmPauseMonitor (JvmPauseMonitor.java:run(188)) - Starting JVM pause monitor
2019-06-14 05:18:25,982 INFO  datanode.InitDatanodeState (InitDatanodeState.java:persistContainerDatanodeDetails(140)) - DatanodeDetails is persisted to /opt/src/hadoop-ozone/integration-test/target/test-dir/MiniOzoneClusterImpl-579fbd7b-422d-4a48-8b03-e8ea5236a9ec/datanode-4/meta/datanode.id
2019-06-14 05:18:25,985 INFO  volume.HddsVolume (HddsVolume.java:<init>(176)) - Creating Volume: /opt/src/hadoop-ozone/integration-test/target/test-dir/MiniOzoneClusterImpl-579fbd7b-422d-4a48-8b03-e8ea5236a9ec/datanode-5/data/containers/hdds of  storage type : DISK and capacity : 104021790720
2019-06-14 05:18:25,985 INFO  volume.VolumeSet (VolumeSet.java:initializeVolumeSet(170)) - Added Volume : /opt/src/hadoop-ozone/integration-test/target/test-dir/MiniOzoneClusterImpl-579fbd7b-422d-4a48-8b03-e8ea5236a9ec/datanode-5/data/containers/hdds to VolumeSet
2019-06-14 05:18:25,986 INFO  volume.ThrottledAsyncChecker (ThrottledAsyncChecker.java:schedule(140)) - Scheduling a check for org.apache.hadoop.ozone.container.common.volume.HddsVolume@4d90d91f
2019-06-14 05:18:25,986 INFO  volume.HddsVolumeChecker (HddsVolumeChecker.java:checkAllVolumes(203)) - Scheduled health check for volume org.apache.hadoop.ozone.container.common.volume.HddsVolume@4d90d91f
2019-06-14 05:18:25,994 INFO  ratis.XceiverServerRatis (XceiverServerRatis.java:newXceiverServerRatis(401)) - Found a free port for the server : 34231
2019-06-14 05:18:25,996 INFO  impl.RaftServerProxy (ConfUtils.java:logGet(43)) - raft.rpc.type = GRPC (default)
2019-06-14 05:18:25,996 INFO  grpc.GrpcConfigKeys$Server (ConfUtils.java:logGet(43)) - raft.grpc.server.port = 34231 (custom)
2019-06-14 05:18:25,996 INFO  server.GrpcService (ConfUtils.java:logGet(43)) - raft.grpc.message.size.max = 33570816 (custom)
2019-06-14 05:18:25,996 INFO  server.RaftServerConfigKeys (ConfUtils.java:logGet(43)) - raft.server.log.appender.buffer.byte-limit = 33554432 (custom)
2019-06-14 05:18:25,996 INFO  server.GrpcService (ConfUtils.java:logGet(43)) - raft.grpc.flow.control.window = 1MB (=1048576) (default)
2019-06-14 05:18:25,996 INFO  server.RaftServerConfigKeys (ConfUtils.java:logGet(43)) - raft.server.rpc.request.timeout = 3000ms (default)
2019-06-14 05:18:25,997 INFO  server.RaftServerConfigKeys (ConfUtils.java:logGet(43)) - raft.server.storage.dir = [/opt/src/hadoop-ozone/integration-test/target/test-dir/MiniOzoneClusterImpl-579fbd7b-422d-4a48-8b03-e8ea5236a9ec/datanode-5/data/ratis] (custom)
2019-06-14 05:18:25,997 INFO  server.XceiverServerGrpc (XceiverServerGrpc.java:<init>(97)) - Found a free port for the server : 43753
2019-06-14 05:18:25,997 INFO  replication.SimpleContainerDownloader (SimpleContainerDownloader.java:<init>(72)) - Starting container downloader service to copy containers to replicate.
2019-06-14 05:18:25,998 INFO  hdfs.DFSUtil (DFSUtil.java:httpServerTemplateForNNAndJN(1641)) - Starting Web-server for hddsDatanode at: http://0.0.0.0:0
2019-06-14 05:18:25,999 INFO  server.AuthenticationFilter (AuthenticationFilter.java:constructSecretProvider(240)) - Unable to initialize FileSignerSecretProvider, falling back to use random secrets.
2019-06-14 05:18:25,999 WARN  http.HttpRequestLog (HttpRequestLog.java:getRequestLog(97)) - Jetty request log can only be enabled using Log4j
2019-06-14 05:18:26,000 INFO  http.HttpServer2 (HttpServer2.java:addGlobalFilter(975)) - Added global filter 'safety' (class=org.apache.hadoop.http.HttpServer2$QuotingInputFilter)
2019-06-14 05:18:26,000 INFO  http.HttpServer2 (HttpServer2.java:addFilter(948)) - Added filter static_user_filter (class=org.apache.hadoop.http.lib.StaticUserWebFilter$StaticUserFilter) to context hddsDatanode
2019-06-14 05:18:26,001 INFO  http.HttpServer2 (HttpServer2.java:addFilter(958)) - Added filter static_user_filter (class=org.apache.hadoop.http.lib.StaticUserWebFilter$StaticUserFilter) to context static
2019-06-14 05:18:26,001 INFO  http.HttpServer2 (HttpServer2.java:addFilter(958)) - Added filter static_user_filter (class=org.apache.hadoop.http.lib.StaticUserWebFilter$StaticUserFilter) to context logs
2019-06-14 05:18:26,001 INFO  http.HttpServer2 (HttpServer2.java:bindListener(1191)) - Jetty bound to port 39725
2019-06-14 05:18:26,001 INFO  server.Server (Server.java:doStart(351)) - jetty-9.3.24.v20180605, build timestamp: 2018-06-05T17:11:56Z, git hash: 84205aa28f11a4f31f2a3b86d1bba2cc8ab69827
2019-06-14 05:18:26,004 INFO  handler.ContextHandler (ContextHandler.java:doStart(781)) - Started o.e.j.s.ServletContextHandler@7d5d77a6{/logs,file:///opt/src/hadoop-ozone/integration-test/target/log,AVAILABLE}
2019-06-14 05:18:26,004 INFO  handler.ContextHandler (ContextHandler.java:doStart(781)) - Started o.e.j.s.ServletContextHandler@55202ba6{/static,jar:file:/root/.m2/repository/org/apache/hadoop/hadoop-hdds-container-service/0.5.0-SNAPSHOT/hadoop-hdds-container-service-0.5.0-SNAPSHOT.jar!/webapps/static,AVAILABLE}
2019-06-14 05:18:26,024 INFO  handler.ContextHandler (ContextHandler.java:doStart(781)) - Started o.e.j.w.WebAppContext@35dc849b{/,file:///tmp/jetty-0.0.0.0-39725-hddsDatanode-_-any-7727487288418193248.dir/webapp/,AVAILABLE}{/hddsDatanode}
2019-06-14 05:18:26,024 INFO  server.AbstractConnector (AbstractConnector.java:doStart(278)) - Started ServerConnector@276aa33f{HTTP/1.1,[http/1.1]}{0.0.0.0:39725}
2019-06-14 05:18:26,026 INFO  server.Server (Server.java:doStart(419)) - Started @43080ms
2019-06-14 05:18:26,026 INFO  server.BaseHttpServer (BaseHttpServer.java:updateConnectorAddress(207)) - HTTP server of HDDSDATANODE is listening at http://0.0.0.0:39725
2019-06-14 05:18:26,105 INFO  ozone.HddsDatanodeService (HddsDatanodeService.java:startPlugins(396)) - Started plug-in org.apache.hadoop.ozone.web.OzoneHddsDatanodeService@3095d06b
2019-06-14 05:18:26,106 INFO  impl.MetricsSystemImpl (MetricsSystemImpl.java:init(158)) - HddsDatanode metrics system started (again)
2019-06-14 05:18:26,107 INFO  ozone.HddsDatanodeService (HddsDatanodeService.java:start(185)) - HddsDatanodeService host:ozone-mtz9k-282064168 ip:192.168.105.138
2019-06-14 05:18:26,108 INFO  util.JvmPauseMonitor (JvmPauseMonitor.java:run(188)) - Starting JVM pause monitor
2019-06-14 05:18:26,109 INFO  datanode.InitDatanodeState (InitDatanodeState.java:persistContainerDatanodeDetails(140)) - DatanodeDetails is persisted to /opt/src/hadoop-ozone/integration-test/target/test-dir/MiniOzoneClusterImpl-579fbd7b-422d-4a48-8b03-e8ea5236a9ec/datanode-5/meta/datanode.id
2019-06-14 05:18:26,111 INFO  volume.HddsVolume (HddsVolume.java:<init>(176)) - Creating Volume: /opt/src/hadoop-ozone/integration-test/target/test-dir/MiniOzoneClusterImpl-579fbd7b-422d-4a48-8b03-e8ea5236a9ec/datanode-6/data/containers/hdds of  storage type : DISK and capacity : 104021790720
2019-06-14 05:18:26,112 INFO  volume.VolumeSet (VolumeSet.java:initializeVolumeSet(170)) - Added Volume : /opt/src/hadoop-ozone/integration-test/target/test-dir/MiniOzoneClusterImpl-579fbd7b-422d-4a48-8b03-e8ea5236a9ec/datanode-6/data/containers/hdds to VolumeSet
2019-06-14 05:18:26,112 INFO  volume.ThrottledAsyncChecker (ThrottledAsyncChecker.java:schedule(140)) - Scheduling a check for org.apache.hadoop.ozone.container.common.volume.HddsVolume@b04a6a4
2019-06-14 05:18:26,113 INFO  volume.HddsVolumeChecker (HddsVolumeChecker.java:checkAllVolumes(203)) - Scheduled health check for volume org.apache.hadoop.ozone.container.common.volume.HddsVolume@b04a6a4
2019-06-14 05:18:26,124 INFO  ratis.XceiverServerRatis (XceiverServerRatis.java:newXceiverServerRatis(401)) - Found a free port for the server : 36655
2019-06-14 05:18:26,125 INFO  impl.RaftServerProxy (ConfUtils.java:logGet(43)) - raft.rpc.type = GRPC (default)
2019-06-14 05:18:26,125 INFO  grpc.GrpcConfigKeys$Server (ConfUtils.java:logGet(43)) - raft.grpc.server.port = 36655 (custom)
2019-06-14 05:18:26,125 INFO  server.GrpcService (ConfUtils.java:logGet(43)) - raft.grpc.message.size.max = 33570816 (custom)
2019-06-14 05:18:26,125 INFO  server.RaftServerConfigKeys (ConfUtils.java:logGet(43)) - raft.server.log.appender.buffer.byte-limit = 33554432 (custom)
2019-06-14 05:18:26,125 INFO  server.GrpcService (ConfUtils.java:logGet(43)) - raft.grpc.flow.control.window = 1MB (=1048576) (default)
2019-06-14 05:18:26,126 INFO  server.RaftServerConfigKeys (ConfUtils.java:logGet(43)) - raft.server.rpc.request.timeout = 3000ms (default)
2019-06-14 05:18:26,126 INFO  server.RaftServerConfigKeys (ConfUtils.java:logGet(43)) - raft.server.storage.dir = [/opt/src/hadoop-ozone/integration-test/target/test-dir/MiniOzoneClusterImpl-579fbd7b-422d-4a48-8b03-e8ea5236a9ec/datanode-6/data/ratis] (custom)
2019-06-14 05:18:26,126 INFO  server.XceiverServerGrpc (XceiverServerGrpc.java:<init>(97)) - Found a free port for the server : 40627
2019-06-14 05:18:26,126 INFO  replication.SimpleContainerDownloader (SimpleContainerDownloader.java:<init>(72)) - Starting container downloader service to copy containers to replicate.
2019-06-14 05:18:26,127 INFO  hdfs.DFSUtil (DFSUtil.java:httpServerTemplateForNNAndJN(1641)) - Starting Web-server for hddsDatanode at: http://0.0.0.0:0
2019-06-14 05:18:26,128 INFO  server.AuthenticationFilter (AuthenticationFilter.java:constructSecretProvider(240)) - Unable to initialize FileSignerSecretProvider, falling back to use random secrets.
2019-06-14 05:18:26,129 WARN  http.HttpRequestLog (HttpRequestLog.java:getRequestLog(97)) - Jetty request log can only be enabled using Log4j
2019-06-14 05:18:26,130 INFO  http.HttpServer2 (HttpServer2.java:addGlobalFilter(975)) - Added global filter 'safety' (class=org.apache.hadoop.http.HttpServer2$QuotingInputFilter)
2019-06-14 05:18:26,131 INFO  http.HttpServer2 (HttpServer2.java:addFilter(948)) - Added filter static_user_filter (class=org.apache.hadoop.http.lib.StaticUserWebFilter$StaticUserFilter) to context hddsDatanode
2019-06-14 05:18:26,131 INFO  http.HttpServer2 (HttpServer2.java:addFilter(958)) - Added filter static_user_filter (class=org.apache.hadoop.http.lib.StaticUserWebFilter$StaticUserFilter) to context static
2019-06-14 05:18:26,131 INFO  http.HttpServer2 (HttpServer2.java:addFilter(958)) - Added filter static_user_filter (class=org.apache.hadoop.http.lib.StaticUserWebFilter$StaticUserFilter) to context logs
2019-06-14 05:18:26,131 INFO  http.HttpServer2 (HttpServer2.java:bindListener(1191)) - Jetty bound to port 42169
2019-06-14 05:18:26,131 INFO  server.Server (Server.java:doStart(351)) - jetty-9.3.24.v20180605, build timestamp: 2018-06-05T17:11:56Z, git hash: 84205aa28f11a4f31f2a3b86d1bba2cc8ab69827
2019-06-14 05:18:26,138 INFO  handler.ContextHandler (ContextHandler.java:doStart(781)) - Started o.e.j.s.ServletContextHandler@6e1d9b32{/logs,file:///opt/src/hadoop-ozone/integration-test/target/log,AVAILABLE}
2019-06-14 05:18:26,138 INFO  handler.ContextHandler (ContextHandler.java:doStart(781)) - Started o.e.j.s.ServletContextHandler@10728fe8{/static,jar:file:/root/.m2/repository/org/apache/hadoop/hadoop-hdds-container-service/0.5.0-SNAPSHOT/hadoop-hdds-container-service-0.5.0-SNAPSHOT.jar!/webapps/static,AVAILABLE}
2019-06-14 05:18:26,166 INFO  handler.ContextHandler (ContextHandler.java:doStart(781)) - Started o.e.j.w.WebAppContext@7b92ea9d{/,file:///tmp/jetty-0.0.0.0-42169-hddsDatanode-_-any-5079021946607374964.dir/webapp/,AVAILABLE}{/hddsDatanode}
2019-06-14 05:18:26,167 INFO  server.AbstractConnector (AbstractConnector.java:doStart(278)) - Started ServerConnector@6b3bc1f6{HTTP/1.1,[http/1.1]}{0.0.0.0:42169}
2019-06-14 05:18:26,167 INFO  server.Server (Server.java:doStart(419)) - Started @43221ms
2019-06-14 05:18:26,168 INFO  server.BaseHttpServer (BaseHttpServer.java:updateConnectorAddress(207)) - HTTP server of HDDSDATANODE is listening at http://0.0.0.0:42169
2019-06-14 05:18:26,245 INFO  ozone.HddsDatanodeService (HddsDatanodeService.java:startPlugins(396)) - Started plug-in org.apache.hadoop.ozone.web.OzoneHddsDatanodeService@6956eb58
2019-06-14 05:18:26,245 INFO  ozone.MiniOzoneClusterImpl (MiniOzoneClusterImpl.java:lambda$waitForClusterToBeReady$0(142)) - Waiting for cluster to be ready. Got 0 of 7 DN Heartbeats.
2019-06-14 05:18:26,250 INFO  util.JvmPauseMonitor (JvmPauseMonitor.java:run(188)) - Starting JVM pause monitor
2019-06-14 05:18:26,251 INFO  datanode.InitDatanodeState (InitDatanodeState.java:persistContainerDatanodeDetails(140)) - DatanodeDetails is persisted to /opt/src/hadoop-ozone/integration-test/target/test-dir/MiniOzoneClusterImpl-579fbd7b-422d-4a48-8b03-e8ea5236a9ec/datanode-6/meta/datanode.id
2019-06-14 05:18:27,246 INFO  ozone.MiniOzoneClusterImpl (MiniOzoneClusterImpl.java:lambda$waitForClusterToBeReady$0(142)) - Waiting for cluster to be ready. Got 0 of 7 DN Heartbeats.
2019-06-14 05:18:27,352 INFO  ozoneimpl.OzoneContainer (OzoneContainer.java:start(186)) - Attempting to start container services.
2019-06-14 05:18:27,352 INFO  ozoneimpl.OzoneContainer (OzoneContainer.java:startContainerScrub(160)) - Background container scrubber has been disabled by hdds.containerscrub.enabled
2019-06-14 05:18:27,352 INFO  ratis.XceiverServerRatis (XceiverServerRatis.java:start(418)) - Starting XceiverServerRatis b2cf14e4-6b4a-4f38-b629-bce71e6d00f0 at port 40843
2019-06-14 05:18:27,356 INFO  impl.RaftServerProxy (RaftServerProxy.java:lambda$start$3(299)) - b2cf14e4-6b4a-4f38-b629-bce71e6d00f0: start RPC server
2019-06-14 05:18:27,357 INFO  server.GrpcService (GrpcService.java:startImpl(148)) - b2cf14e4-6b4a-4f38-b629-bce71e6d00f0: GrpcService started, listening on 0.0.0.0/0.0.0.0:40843
2019-06-14 05:18:27,512 INFO  ozoneimpl.OzoneContainer (OzoneContainer.java:start(186)) - Attempting to start container services.
2019-06-14 05:18:27,512 INFO  ozoneimpl.OzoneContainer (OzoneContainer.java:startContainerScrub(160)) - Background container scrubber has been disabled by hdds.containerscrub.enabled
2019-06-14 05:18:27,513 INFO  ratis.XceiverServerRatis (XceiverServerRatis.java:start(418)) - Starting XceiverServerRatis 2a1bcffd-7f8d-49f5-89de-90db11ce442c at port 39053
2019-06-14 05:18:27,516 INFO  impl.RaftServerProxy (RaftServerProxy.java:lambda$start$3(299)) - 2a1bcffd-7f8d-49f5-89de-90db11ce442c: start RPC server
2019-06-14 05:18:27,516 INFO  server.GrpcService (GrpcService.java:startImpl(148)) - 2a1bcffd-7f8d-49f5-89de-90db11ce442c: GrpcService started, listening on 0.0.0.0/0.0.0.0:39053
2019-06-14 05:18:27,680 INFO  ozoneimpl.OzoneContainer (OzoneContainer.java:start(186)) - Attempting to start container services.
2019-06-14 05:18:27,680 INFO  ozoneimpl.OzoneContainer (OzoneContainer.java:startContainerScrub(160)) - Background container scrubber has been disabled by hdds.containerscrub.enabled
2019-06-14 05:18:27,680 INFO  ratis.XceiverServerRatis (XceiverServerRatis.java:start(418)) - Starting XceiverServerRatis 15dee7dd-9b62-4ae0-8896-937f24d9341b at port 44781
2019-06-14 05:18:27,683 INFO  impl.RaftServerProxy (RaftServerProxy.java:lambda$start$3(299)) - 15dee7dd-9b62-4ae0-8896-937f24d9341b: start RPC server
2019-06-14 05:18:27,685 INFO  server.GrpcService (GrpcService.java:startImpl(148)) - 15dee7dd-9b62-4ae0-8896-937f24d9341b: GrpcService started, listening on 0.0.0.0/0.0.0.0:44781
2019-06-14 05:18:27,815 INFO  ozoneimpl.OzoneContainer (OzoneContainer.java:start(186)) - Attempting to start container services.
2019-06-14 05:18:27,815 INFO  ozoneimpl.OzoneContainer (OzoneContainer.java:startContainerScrub(160)) - Background container scrubber has been disabled by hdds.containerscrub.enabled
2019-06-14 05:18:27,815 INFO  ratis.XceiverServerRatis (XceiverServerRatis.java:start(418)) - Starting XceiverServerRatis 3a89fe13-06cf-418f-8f75-5f94d4c4010e at port 45007
2019-06-14 05:18:27,818 INFO  impl.RaftServerProxy (RaftServerProxy.java:lambda$start$3(299)) - 3a89fe13-06cf-418f-8f75-5f94d4c4010e: start RPC server
2019-06-14 05:18:27,819 INFO  server.GrpcService (GrpcService.java:startImpl(148)) - 3a89fe13-06cf-418f-8f75-5f94d4c4010e: GrpcService started, listening on 0.0.0.0/0.0.0.0:45007
2019-06-14 05:18:27,984 INFO  ozoneimpl.OzoneContainer (OzoneContainer.java:start(186)) - Attempting to start container services.
2019-06-14 05:18:27,985 INFO  ozoneimpl.OzoneContainer (OzoneContainer.java:startContainerScrub(160)) - Background container scrubber has been disabled by hdds.containerscrub.enabled
2019-06-14 05:18:27,985 INFO  ratis.XceiverServerRatis (XceiverServerRatis.java:start(418)) - Starting XceiverServerRatis e789ba9b-afe3-4469-b8b1-fcd8da1d1cad at port 40701
2019-06-14 05:18:27,988 INFO  impl.RaftServerProxy (RaftServerProxy.java:lambda$start$3(299)) - e789ba9b-afe3-4469-b8b1-fcd8da1d1cad: start RPC server
2019-06-14 05:18:27,989 INFO  server.GrpcService (GrpcService.java:startImpl(148)) - e789ba9b-afe3-4469-b8b1-fcd8da1d1cad: GrpcService started, listening on 0.0.0.0/0.0.0.0:40701
2019-06-14 05:18:28,111 INFO  ozoneimpl.OzoneContainer (OzoneContainer.java:start(186)) - Attempting to start container services.
2019-06-14 05:18:28,111 INFO  ozoneimpl.OzoneContainer (OzoneContainer.java:startContainerScrub(160)) - Background container scrubber has been disabled by hdds.containerscrub.enabled
2019-06-14 05:18:28,111 INFO  ratis.XceiverServerRatis (XceiverServerRatis.java:start(418)) - Starting XceiverServerRatis c67a53e4-8a9d-4803-b27e-5259168f3c5d at port 34231
2019-06-14 05:18:28,114 INFO  impl.RaftServerProxy (RaftServerProxy.java:lambda$start$3(299)) - c67a53e4-8a9d-4803-b27e-5259168f3c5d: start RPC server
2019-06-14 05:18:28,115 INFO  server.GrpcService (GrpcService.java:startImpl(148)) - c67a53e4-8a9d-4803-b27e-5259168f3c5d: GrpcService started, listening on 0.0.0.0/0.0.0.0:34231
2019-06-14 05:18:28,246 INFO  ozone.MiniOzoneClusterImpl (MiniOzoneClusterImpl.java:lambda$waitForClusterToBeReady$0(142)) - Waiting for cluster to be ready. Got 0 of 7 DN Heartbeats.
2019-06-14 05:18:28,253 INFO  ozoneimpl.OzoneContainer (OzoneContainer.java:start(186)) - Attempting to start container services.
2019-06-14 05:18:28,253 INFO  ozoneimpl.OzoneContainer (OzoneContainer.java:startContainerScrub(160)) - Background container scrubber has been disabled by hdds.containerscrub.enabled
2019-06-14 05:18:28,253 INFO  ratis.XceiverServerRatis (XceiverServerRatis.java:start(418)) - Starting XceiverServerRatis 481ef27e-8863-4d10-b08e-4de14831e444 at port 36655
2019-06-14 05:18:28,256 INFO  impl.RaftServerProxy (RaftServerProxy.java:lambda$start$3(299)) - 481ef27e-8863-4d10-b08e-4de14831e444: start RPC server
2019-06-14 05:18:28,257 INFO  server.GrpcService (GrpcService.java:startImpl(148)) - 481ef27e-8863-4d10-b08e-4de14831e444: GrpcService started, listening on 0.0.0.0/0.0.0.0:36655
2019-06-14 05:18:29,246 INFO  ozone.MiniOzoneClusterImpl (MiniOzoneClusterImpl.java:lambda$waitForClusterToBeReady$0(142)) - Waiting for cluster to be ready. Got 0 of 7 DN Heartbeats.
2019-06-14 05:18:29,349 INFO  node.SCMNodeManager (SCMNodeManager.java:register(234)) - Registered Data node : b2cf14e4-6b4a-4f38-b629-bce71e6d00f0{ip: 192.168.105.138, host: ozone-mtz9k-282064168, networkLocation: /default-rack, certSerialId: null}
2019-06-14 05:18:29,351 INFO  safemode.SCMSafeModeManager (DataNodeSafeModeRule.java:process(71)) - SCM in safe mode. 1 DataNodes registered, 1 required.
2019-06-14 05:18:29,353 INFO  safemode.SCMSafeModeManager (SCMSafeModeManager.java:validateSafeModeExitRules(177)) - ScmSafeModeManager, all rules are successfully validated
2019-06-14 05:18:29,353 INFO  safemode.SCMSafeModeManager (SCMSafeModeManager.java:exitSafeMode(193)) - SCM exiting safe mode.
2019-06-14 05:18:29,357 INFO  impl.RaftServerProxy (RaftServerProxy.java:addNew(89)) - b2cf14e4-6b4a-4f38-b629-bce71e6d00f0: addNew group-FA0BDA6961AA:[b2cf14e4-6b4a-4f38-b629-bce71e6d00f0:192.168.105.138:40843] returns group-FA0BDA6961AA:java.util.concurrent.CompletableFuture@39ff5505[Not completed]
2019-06-14 05:18:29,358 INFO  impl.RaftServerImpl (RaftServerImpl.java:<init>(91)) - b2cf14e4-6b4a-4f38-b629-bce71e6d00f0: new RaftServerImpl for group-FA0BDA6961AA:[b2cf14e4-6b4a-4f38-b629-bce71e6d00f0:192.168.105.138:40843] with ContainerStateMachine:uninitialized
2019-06-14 05:18:29,358 INFO  server.RaftServerConfigKeys (ConfUtils.java:logGet(43)) - raft.server.rpc.timeout.min = 1s (custom)
2019-06-14 05:18:29,358 INFO  server.RaftServerConfigKeys (ConfUtils.java:logGet(43)) - raft.server.rpc.timeout.max = 1200ms (custom)
2019-06-14 05:18:29,358 INFO  server.RaftServerConfigKeys (ConfUtils.java:logGet(43)) - raft.server.rpcslowness.timeout = 120s (custom)
2019-06-14 05:18:29,358 INFO  server.RaftServerConfigKeys (ConfUtils.java:logGet(43)) - raft.server.log.appender.install.snapshot.enabled = true (default)
2019-06-14 05:18:29,358 INFO  impl.RaftServerImpl (ServerState.java:<init>(101)) - b2cf14e4-6b4a-4f38-b629-bce71e6d00f0:group-FA0BDA6961AA ConfigurationManager, init=-1: [b2cf14e4-6b4a-4f38-b629-bce71e6d00f0:192.168.105.138:40843], old=null, confs=<EMPTY_MAP>
2019-06-14 05:18:29,358 INFO  server.RaftServerConfigKeys (ConfUtils.java:logGet(43)) - raft.server.storage.dir = [/opt/src/hadoop-ozone/integration-test/target/test-dir/MiniOzoneClusterImpl-579fbd7b-422d-4a48-8b03-e8ea5236a9ec/datanode-0/data/ratis] (custom)
2019-06-14 05:18:29,359 INFO  storage.RaftStorageDirectory (RaftStorageDirectory.java:analyzeStorage(246)) - The storage directory /opt/src/hadoop-ozone/integration-test/target/test-dir/MiniOzoneClusterImpl-579fbd7b-422d-4a48-8b03-e8ea5236a9ec/datanode-0/data/ratis/ddaccade-1a55-46a6-95c7-fa0bda6961aa does not exist. Creating ...
2019-06-14 05:18:29,361 INFO  storage.RaftStorageDirectory (RaftStorageDirectory.java:tryLock(328)) - Lock on /opt/src/hadoop-ozone/integration-test/target/test-dir/MiniOzoneClusterImpl-579fbd7b-422d-4a48-8b03-e8ea5236a9ec/datanode-0/data/ratis/ddaccade-1a55-46a6-95c7-fa0bda6961aa/in_use.lock acquired by nodename 14385@ozone-mtz9k-282064168
2019-06-14 05:18:29,363 INFO  storage.RaftStorage (RaftStorage.java:format(75)) - Storage directory /opt/src/hadoop-ozone/integration-test/target/test-dir/MiniOzoneClusterImpl-579fbd7b-422d-4a48-8b03-e8ea5236a9ec/datanode-0/data/ratis/ddaccade-1a55-46a6-95c7-fa0bda6961aa has been successfully formatted.
2019-06-14 05:18:29,364 INFO  ratis.ContainerStateMachine (ContainerStateMachine.java:loadSnapshot(199)) - The snapshot info is null.Setting the last applied index to:(t:0, i:~)
2019-06-14 05:18:29,364 INFO  server.RaftServerConfigKeys (ConfUtils.java:logGet(43)) - raft.server.leader.election.timeout = 120s (custom)
2019-06-14 05:18:29,364 INFO  server.RaftServerConfigKeys (ConfUtils.java:logGet(43)) - raft.server.log.use.memory = false (default)
2019-06-14 05:18:29,364 INFO  server.RaftServerConfigKeys (ConfUtils.java:logGet(43)) - raft.server.log.appender.buffer.byte-limit = 33554432 (custom)
2019-06-14 05:18:29,364 INFO  server.RaftServerConfigKeys (ConfUtils.java:logGet(43)) - raft.server.log.segment.size.max = 16384 (custom)
2019-06-14 05:18:29,364 INFO  server.RaftServerConfigKeys (ConfUtils.java:logGet(43)) - raft.server.log.segment.cache.num.max = 2 (custom)
2019-06-14 05:18:29,364 INFO  storage.RaftLogWorker (RaftLogWorker.java:<init>(123)) - new b2cf14e4-6b4a-4f38-b629-bce71e6d00f0-RaftLogWorker for Storage Directory /opt/src/hadoop-ozone/integration-test/target/test-dir/MiniOzoneClusterImpl-579fbd7b-422d-4a48-8b03-e8ea5236a9ec/datanode-0/data/ratis/ddaccade-1a55-46a6-95c7-fa0bda6961aa
2019-06-14 05:18:29,364 INFO  server.RaftServerConfigKeys (ConfUtils.java:logGet(43)) - raft.server.log.queue.byte-limit = 2147483647 (custom)
2019-06-14 05:18:29,364 INFO  server.RaftServerConfigKeys (ConfUtils.java:logGet(43)) - raft.server.log.queue.element-limit = 1024 (custom)
2019-06-14 05:18:29,364 INFO  server.RaftServerConfigKeys (ConfUtils.java:logGet(43)) - raft.server.log.segment.size.max = 16384 (custom)
2019-06-14 05:18:29,364 INFO  server.RaftServerConfigKeys (ConfUtils.java:logGet(43)) - raft.server.log.preallocated.size = 16384 (custom)
2019-06-14 05:18:29,364 INFO  server.RaftServerConfigKeys (ConfUtils.java:logGet(43)) - raft.server.log.write.buffer.size = 33554432 (custom)
2019-06-14 05:18:29,364 INFO  server.RaftServerConfigKeys (ConfUtils.java:logGet(43)) - raft.server.log.force.sync.num = 128 (default)
2019-06-14 05:18:29,364 INFO  server.RaftServerConfigKeys (ConfUtils.java:logGet(43)) - raft.server.log.statemachine.data.sync = true (default)
2019-06-14 05:18:29,364 INFO  server.RaftServerConfigKeys (ConfUtils.java:logGet(43)) - raft.server.log.statemachine.data.sync.timeout = 10s (default)
2019-06-14 05:18:29,364 INFO  server.RaftServerConfigKeys (ConfUtils.java:logGet(43)) - raft.server.log.statemachine.data.sync.timeout.retry = -1 (default)
2019-06-14 05:18:29,365 INFO  server.RaftServerConfigKeys (ConfUtils.java:logGet(43)) - raft.server.log.statemachine.data.caching.enabled = true (custom)
2019-06-14 05:18:29,365 INFO  server.RaftServerConfigKeys (ConfUtils.java:logGet(43)) - raft.server.snapshot.auto.trigger.enabled = true (custom)
2019-06-14 05:18:29,365 INFO  server.RaftServerConfigKeys (ConfUtils.java:logGet(43)) - raft.server.snapshot.auto.trigger.threshold = 10000 (custom)
2019-06-14 05:18:29,365 INFO  server.RaftServerConfigKeys (ConfUtils.java:logGet(43)) - raft.server.retrycache.expirytime = 600000ms (custom)
2019-06-14 05:18:29,365 INFO  impl.RaftServerImpl (RaftServerImpl.java:start(173)) - b2cf14e4-6b4a-4f38-b629-bce71e6d00f0: start group-FA0BDA6961AA
2019-06-14 05:18:29,365 INFO  impl.RaftServerImpl (RaftServerImpl.java:setRole(164)) - b2cf14e4-6b4a-4f38-b629-bce71e6d00f0:group-FA0BDA6961AA changes role from null to FOLLOWER at term 0 for startAsFollower
2019-06-14 05:18:29,365 INFO  impl.RoleInfo (RoleInfo.java:updateAndGet(143)) - b2cf14e4-6b4a-4f38-b629-bce71e6d00f0: start FollowerState
2019-06-14 05:18:29,366 INFO  util.JmxRegister (JmxRegister.java:tryRegister(44)) - Successfully registered JMX Bean with object name Ratis:service=RaftServer,group=group-FA0BDA6961AA,id=b2cf14e4-6b4a-4f38-b629-bce71e6d00f0
2019-06-14 05:18:29,367 INFO  pipeline.PipelineStateManager (PipelineStateManager.java:addPipeline(56)) - Created pipeline Pipeline[ Id: ddaccade-1a55-46a6-95c7-fa0bda6961aa, Nodes: b2cf14e4-6b4a-4f38-b629-bce71e6d00f0{ip: 192.168.105.138, host: ozone-mtz9k-282064168, networkLocation: /default-rack, certSerialId: null}, Type:RATIS, Factor:ONE, State:OPEN]
2019-06-14 05:18:29,507 INFO  node.SCMNodeManager (SCMNodeManager.java:register(234)) - Registered Data node : 2a1bcffd-7f8d-49f5-89de-90db11ce442c{ip: 192.168.105.138, host: ozone-mtz9k-282064168, networkLocation: /default-rack, certSerialId: null}
2019-06-14 05:18:29,518 INFO  impl.RaftServerProxy (RaftServerProxy.java:addNew(89)) - 2a1bcffd-7f8d-49f5-89de-90db11ce442c: addNew group-1769625AD6C1:[2a1bcffd-7f8d-49f5-89de-90db11ce442c:192.168.105.138:39053] returns group-1769625AD6C1:java.util.concurrent.CompletableFuture@14f5445e[Not completed]
2019-06-14 05:18:29,518 INFO  impl.RaftServerImpl (RaftServerImpl.java:<init>(91)) - 2a1bcffd-7f8d-49f5-89de-90db11ce442c: new RaftServerImpl for group-1769625AD6C1:[2a1bcffd-7f8d-49f5-89de-90db11ce442c:192.168.105.138:39053] with ContainerStateMachine:uninitialized
2019-06-14 05:18:29,518 INFO  server.RaftServerConfigKeys (ConfUtils.java:logGet(43)) - raft.server.rpc.timeout.min = 1s (custom)
2019-06-14 05:18:29,518 INFO  server.RaftServerConfigKeys (ConfUtils.java:logGet(43)) - raft.server.rpc.timeout.max = 1200ms (custom)
2019-06-14 05:18:29,518 INFO  server.RaftServerConfigKeys (ConfUtils.java:logGet(43)) - raft.server.rpcslowness.timeout = 120s (custom)
2019-06-14 05:18:29,518 INFO  server.RaftServerConfigKeys (ConfUtils.java:logGet(43)) - raft.server.log.appender.install.snapshot.enabled = true (default)
2019-06-14 05:18:29,519 INFO  impl.RaftServerImpl (ServerState.java:<init>(101)) - 2a1bcffd-7f8d-49f5-89de-90db11ce442c:group-1769625AD6C1 ConfigurationManager, init=-1: [2a1bcffd-7f8d-49f5-89de-90db11ce442c:192.168.105.138:39053], old=null, confs=<EMPTY_MAP>
2019-06-14 05:18:29,519 INFO  server.RaftServerConfigKeys (ConfUtils.java:logGet(43)) - raft.server.storage.dir = [/opt/src/hadoop-ozone/integration-test/target/test-dir/MiniOzoneClusterImpl-579fbd7b-422d-4a48-8b03-e8ea5236a9ec/datanode-1/data/ratis] (custom)
2019-06-14 05:18:29,519 INFO  storage.RaftStorageDirectory (RaftStorageDirectory.java:analyzeStorage(246)) - The storage directory /opt/src/hadoop-ozone/integration-test/target/test-dir/MiniOzoneClusterImpl-579fbd7b-422d-4a48-8b03-e8ea5236a9ec/datanode-1/data/ratis/4077278c-f3f7-4543-b965-1769625ad6c1 does not exist. Creating ...
2019-06-14 05:18:29,521 INFO  storage.RaftStorageDirectory (RaftStorageDirectory.java:tryLock(328)) - Lock on /opt/src/hadoop-ozone/integration-test/target/test-dir/MiniOzoneClusterImpl-579fbd7b-422d-4a48-8b03-e8ea5236a9ec/datanode-1/data/ratis/4077278c-f3f7-4543-b965-1769625ad6c1/in_use.lock acquired by nodename 14385@ozone-mtz9k-282064168
2019-06-14 05:18:29,523 INFO  storage.RaftStorage (RaftStorage.java:format(75)) - Storage directory /opt/src/hadoop-ozone/integration-test/target/test-dir/MiniOzoneClusterImpl-579fbd7b-422d-4a48-8b03-e8ea5236a9ec/datanode-1/data/ratis/4077278c-f3f7-4543-b965-1769625ad6c1 has been successfully formatted.
2019-06-14 05:18:29,523 INFO  ratis.ContainerStateMachine (ContainerStateMachine.java:loadSnapshot(199)) - The snapshot info is null.Setting the last applied index to:(t:0, i:~)
2019-06-14 05:18:29,523 INFO  server.RaftServerConfigKeys (ConfUtils.java:logGet(43)) - raft.server.leader.election.timeout = 120s (custom)
2019-06-14 05:18:29,523 INFO  server.RaftServerConfigKeys (ConfUtils.java:logGet(43)) - raft.server.log.use.memory = false (default)
2019-06-14 05:18:29,524 INFO  server.RaftServerConfigKeys (ConfUtils.java:logGet(43)) - raft.server.log.appender.buffer.byte-limit = 33554432 (custom)
2019-06-14 05:18:29,524 INFO  server.RaftServerConfigKeys (ConfUtils.java:logGet(43)) - raft.server.log.segment.size.max = 16384 (custom)
2019-06-14 05:18:29,524 INFO  server.RaftServerConfigKeys (ConfUtils.java:logGet(43)) - raft.server.log.segment.cache.num.max = 2 (custom)
2019-06-14 05:18:29,524 INFO  storage.RaftLogWorker (RaftLogWorker.java:<init>(123)) - new 2a1bcffd-7f8d-49f5-89de-90db11ce442c-RaftLogWorker for Storage Directory /opt/src/hadoop-ozone/integration-test/target/test-dir/MiniOzoneClusterImpl-579fbd7b-422d-4a48-8b03-e8ea5236a9ec/datanode-1/data/ratis/4077278c-f3f7-4543-b965-1769625ad6c1
2019-06-14 05:18:29,524 INFO  server.RaftServerConfigKeys (ConfUtils.java:logGet(43)) - raft.server.log.queue.byte-limit = 2147483647 (custom)
2019-06-14 05:18:29,524 INFO  server.RaftServerConfigKeys (ConfUtils.java:logGet(43)) - raft.server.log.queue.element-limit = 1024 (custom)
2019-06-14 05:18:29,524 INFO  server.RaftServerConfigKeys (ConfUtils.java:logGet(43)) - raft.server.log.segment.size.max = 16384 (custom)
2019-06-14 05:18:29,524 INFO  server.RaftServerConfigKeys (ConfUtils.java:logGet(43)) - raft.server.log.preallocated.size = 16384 (custom)
2019-06-14 05:18:29,524 INFO  server.RaftServerConfigKeys (ConfUtils.java:logGet(43)) - raft.server.log.write.buffer.size = 33554432 (custom)
2019-06-14 05:18:29,524 INFO  server.RaftServerConfigKeys (ConfUtils.java:logGet(43)) - raft.server.log.force.sync.num = 128 (default)
2019-06-14 05:18:29,525 INFO  server.RaftServerConfigKeys (ConfUtils.java:logGet(43)) - raft.server.log.statemachine.data.sync = true (default)
2019-06-14 05:18:29,525 INFO  server.RaftServerConfigKeys (ConfUtils.java:logGet(43)) - raft.server.log.statemachine.data.sync.timeout = 10s (default)
2019-06-14 05:18:29,525 INFO  server.RaftServerConfigKeys (ConfUtils.java:logGet(43)) - raft.server.log.statemachine.data.sync.timeout.retry = -1 (default)
2019-06-14 05:18:29,525 INFO  server.RaftServerConfigKeys (ConfUtils.java:logGet(43)) - raft.server.log.statemachine.data.caching.enabled = true (custom)
2019-06-14 05:18:29,525 INFO  server.RaftServerConfigKeys (ConfUtils.java:logGet(43)) - raft.server.snapshot.auto.trigger.enabled = true (custom)
2019-06-14 05:18:29,525 INFO  server.RaftServerConfigKeys (ConfUtils.java:logGet(43)) - raft.server.snapshot.auto.trigger.threshold = 10000 (custom)
2019-06-14 05:18:29,525 INFO  server.RaftServerConfigKeys (ConfUtils.java:logGet(43)) - raft.server.retrycache.expirytime = 600000ms (custom)
2019-06-14 05:18:29,525 INFO  impl.RaftServerImpl (RaftServerImpl.java:start(173)) - 2a1bcffd-7f8d-49f5-89de-90db11ce442c: start group-1769625AD6C1
2019-06-14 05:18:29,525 INFO  impl.RaftServerImpl (RaftServerImpl.java:setRole(164)) - 2a1bcffd-7f8d-49f5-89de-90db11ce442c:group-1769625AD6C1 changes role from null to FOLLOWER at term 0 for startAsFollower
2019-06-14 05:18:29,525 INFO  impl.RoleInfo (RoleInfo.java:updateAndGet(143)) - 2a1bcffd-7f8d-49f5-89de-90db11ce442c: start FollowerState
2019-06-14 05:18:29,526 INFO  util.JmxRegister (JmxRegister.java:tryRegister(44)) - Successfully registered JMX Bean with object name Ratis:service=RaftServer,group=group-1769625AD6C1,id=2a1bcffd-7f8d-49f5-89de-90db11ce442c
2019-06-14 05:18:29,527 INFO  pipeline.PipelineStateManager (PipelineStateManager.java:addPipeline(56)) - Created pipeline Pipeline[ Id: 4077278c-f3f7-4543-b965-1769625ad6c1, Nodes: 2a1bcffd-7f8d-49f5-89de-90db11ce442c{ip: 192.168.105.138, host: ozone-mtz9k-282064168, networkLocation: /default-rack, certSerialId: null}, Type:RATIS, Factor:ONE, State:OPEN]
2019-06-14 05:18:29,677 INFO  node.SCMNodeManager (SCMNodeManager.java:register(234)) - Registered Data node : 15dee7dd-9b62-4ae0-8896-937f24d9341b{ip: 192.168.105.138, host: ozone-mtz9k-282064168, networkLocation: /default-rack, certSerialId: null}
2019-06-14 05:18:29,683 INFO  impl.RaftServerProxy (RaftServerProxy.java:addNew(89)) - 15dee7dd-9b62-4ae0-8896-937f24d9341b: addNew group-1D3BCC3BDE2C:[15dee7dd-9b62-4ae0-8896-937f24d9341b:192.168.105.138:44781] returns group-1D3BCC3BDE2C:java.util.concurrent.CompletableFuture@3e211d60[Not completed]
2019-06-14 05:18:29,683 INFO  impl.RaftServerImpl (RaftServerImpl.java:<init>(91)) - 15dee7dd-9b62-4ae0-8896-937f24d9341b: new RaftServerImpl for group-1D3BCC3BDE2C:[15dee7dd-9b62-4ae0-8896-937f24d9341b:192.168.105.138:44781] with ContainerStateMachine:uninitialized
2019-06-14 05:18:29,683 INFO  server.RaftServerConfigKeys (ConfUtils.java:logGet(43)) - raft.server.rpc.timeout.min = 1s (custom)
2019-06-14 05:18:29,683 INFO  server.RaftServerConfigKeys (ConfUtils.java:logGet(43)) - raft.server.rpc.timeout.max = 1200ms (custom)
2019-06-14 05:18:29,683 INFO  server.RaftServerConfigKeys (ConfUtils.java:logGet(43)) - raft.server.rpcslowness.timeout = 120s (custom)
2019-06-14 05:18:29,684 INFO  server.RaftServerConfigKeys (ConfUtils.java:logGet(43)) - raft.server.log.appender.install.snapshot.enabled = true (default)
2019-06-14 05:18:29,684 INFO  impl.RaftServerImpl (ServerState.java:<init>(101)) - 15dee7dd-9b62-4ae0-8896-937f24d9341b:group-1D3BCC3BDE2C ConfigurationManager, init=-1: [15dee7dd-9b62-4ae0-8896-937f24d9341b:192.168.105.138:44781], old=null, confs=<EMPTY_MAP>
2019-06-14 05:18:29,684 INFO  server.RaftServerConfigKeys (ConfUtils.java:logGet(43)) - raft.server.storage.dir = [/opt/src/hadoop-ozone/integration-test/target/test-dir/MiniOzoneClusterImpl-579fbd7b-422d-4a48-8b03-e8ea5236a9ec/datanode-2/data/ratis] (custom)
2019-06-14 05:18:29,684 INFO  storage.RaftStorageDirectory (RaftStorageDirectory.java:analyzeStorage(246)) - The storage directory /opt/src/hadoop-ozone/integration-test/target/test-dir/MiniOzoneClusterImpl-579fbd7b-422d-4a48-8b03-e8ea5236a9ec/datanode-2/data/ratis/d172fe78-855f-4c76-badd-1d3bcc3bde2c does not exist. Creating ...
2019-06-14 05:18:29,687 INFO  storage.RaftStorageDirectory (RaftStorageDirectory.java:tryLock(328)) - Lock on /opt/src/hadoop-ozone/integration-test/target/test-dir/MiniOzoneClusterImpl-579fbd7b-422d-4a48-8b03-e8ea5236a9ec/datanode-2/data/ratis/d172fe78-855f-4c76-badd-1d3bcc3bde2c/in_use.lock acquired by nodename 14385@ozone-mtz9k-282064168
2019-06-14 05:18:29,689 INFO  storage.RaftStorage (RaftStorage.java:format(75)) - Storage directory /opt/src/hadoop-ozone/integration-test/target/test-dir/MiniOzoneClusterImpl-579fbd7b-422d-4a48-8b03-e8ea5236a9ec/datanode-2/data/ratis/d172fe78-855f-4c76-badd-1d3bcc3bde2c has been successfully formatted.
2019-06-14 05:18:29,689 INFO  ratis.ContainerStateMachine (ContainerStateMachine.java:loadSnapshot(199)) - The snapshot info is null.Setting the last applied index to:(t:0, i:~)
2019-06-14 05:18:29,689 INFO  server.RaftServerConfigKeys (ConfUtils.java:logGet(43)) - raft.server.leader.election.timeout = 120s (custom)
2019-06-14 05:18:29,689 INFO  server.RaftServerConfigKeys (ConfUtils.java:logGet(43)) - raft.server.log.use.memory = false (default)
2019-06-14 05:18:29,689 INFO  server.RaftServerConfigKeys (ConfUtils.java:logGet(43)) - raft.server.log.appender.buffer.byte-limit = 33554432 (custom)
2019-06-14 05:18:29,689 INFO  server.RaftServerConfigKeys (ConfUtils.java:logGet(43)) - raft.server.log.segment.size.max = 16384 (custom)
2019-06-14 05:18:29,689 INFO  server.RaftServerConfigKeys (ConfUtils.java:logGet(43)) - raft.server.log.segment.cache.num.max = 2 (custom)
2019-06-14 05:18:29,689 INFO  storage.RaftLogWorker (RaftLogWorker.java:<init>(123)) - new 15dee7dd-9b62-4ae0-8896-937f24d9341b-RaftLogWorker for Storage Directory /opt/src/hadoop-ozone/integration-test/target/test-dir/MiniOzoneClusterImpl-579fbd7b-422d-4a48-8b03-e8ea5236a9ec/datanode-2/data/ratis/d172fe78-855f-4c76-badd-1d3bcc3bde2c
2019-06-14 05:18:29,689 INFO  server.RaftServerConfigKeys (ConfUtils.java:logGet(43)) - raft.server.log.queue.byte-limit = 2147483647 (custom)
2019-06-14 05:18:29,690 INFO  server.RaftServerConfigKeys (ConfUtils.java:logGet(43)) - raft.server.log.queue.element-limit = 1024 (custom)
2019-06-14 05:18:29,690 INFO  server.RaftServerConfigKeys (ConfUtils.java:logGet(43)) - raft.server.log.segment.size.max = 16384 (custom)
2019-06-14 05:18:29,690 INFO  server.RaftServerConfigKeys (ConfUtils.java:logGet(43)) - raft.server.log.preallocated.size = 16384 (custom)
2019-06-14 05:18:29,690 INFO  server.RaftServerConfigKeys (ConfUtils.java:logGet(43)) - raft.server.log.write.buffer.size = 33554432 (custom)
2019-06-14 05:18:29,690 INFO  server.RaftServerConfigKeys (ConfUtils.java:logGet(43)) - raft.server.log.force.sync.num = 128 (default)
2019-06-14 05:18:29,690 INFO  server.RaftServerConfigKeys (ConfUtils.java:logGet(43)) - raft.server.log.statemachine.data.sync = true (default)
2019-06-14 05:18:29,690 INFO  server.RaftServerConfigKeys (ConfUtils.java:logGet(43)) - raft.server.log.statemachine.data.sync.timeout = 10s (default)
2019-06-14 05:18:29,690 INFO  server.RaftServerConfigKeys (ConfUtils.java:logGet(43)) - raft.server.log.statemachine.data.sync.timeout.retry = -1 (default)
2019-06-14 05:18:29,690 INFO  server.RaftServerConfigKeys (ConfUtils.java:logGet(43)) - raft.server.log.statemachine.data.caching.enabled = true (custom)
2019-06-14 05:18:29,690 INFO  server.RaftServerConfigKeys (ConfUtils.java:logGet(43)) - raft.server.snapshot.auto.trigger.enabled = true (custom)
2019-06-14 05:18:29,690 INFO  server.RaftServerConfigKeys (ConfUtils.java:logGet(43)) - raft.server.snapshot.auto.trigger.threshold = 10000 (custom)
2019-06-14 05:18:29,690 INFO  server.RaftServerConfigKeys (ConfUtils.java:logGet(43)) - raft.server.retrycache.expirytime = 600000ms (custom)
2019-06-14 05:18:29,691 INFO  impl.RaftServerImpl (RaftServerImpl.java:start(173)) - 15dee7dd-9b62-4ae0-8896-937f24d9341b: start group-1D3BCC3BDE2C
2019-06-14 05:18:29,691 INFO  impl.RaftServerImpl (RaftServerImpl.java:setRole(164)) - 15dee7dd-9b62-4ae0-8896-937f24d9341b:group-1D3BCC3BDE2C changes role from null to FOLLOWER at term 0 for startAsFollower
2019-06-14 05:18:29,691 INFO  impl.RoleInfo (RoleInfo.java:updateAndGet(143)) - 15dee7dd-9b62-4ae0-8896-937f24d9341b: start FollowerState
2019-06-14 05:18:29,691 INFO  util.JmxRegister (JmxRegister.java:tryRegister(44)) - Successfully registered JMX Bean with object name Ratis:service=RaftServer,group=group-1D3BCC3BDE2C,id=15dee7dd-9b62-4ae0-8896-937f24d9341b
2019-06-14 05:18:29,694 INFO  pipeline.PipelineStateManager (PipelineStateManager.java:addPipeline(56)) - Created pipeline Pipeline[ Id: d172fe78-855f-4c76-badd-1d3bcc3bde2c, Nodes: 15dee7dd-9b62-4ae0-8896-937f24d9341b{ip: 192.168.105.138, host: ozone-mtz9k-282064168, networkLocation: /default-rack, certSerialId: null}, Type:RATIS, Factor:ONE, State:OPEN]
2019-06-14 05:18:29,701 INFO  impl.RaftServerProxy (RaftServerProxy.java:addNew(89)) - 2a1bcffd-7f8d-49f5-89de-90db11ce442c: addNew group-2CCA2C521434:[15dee7dd-9b62-4ae0-8896-937f24d9341b:192.168.105.138:44781, 2a1bcffd-7f8d-49f5-89de-90db11ce442c:192.168.105.138:39053, b2cf14e4-6b4a-4f38-b629-bce71e6d00f0:192.168.105.138:40843] returns group-2CCA2C521434:java.util.concurrent.CompletableFuture@27d075c0[Not completed]
2019-06-14 05:18:29,701 INFO  impl.RaftServerProxy (RaftServerProxy.java:addNew(89)) - b2cf14e4-6b4a-4f38-b629-bce71e6d00f0: addNew group-2CCA2C521434:[15dee7dd-9b62-4ae0-8896-937f24d9341b:192.168.105.138:44781, 2a1bcffd-7f8d-49f5-89de-90db11ce442c:192.168.105.138:39053, b2cf14e4-6b4a-4f38-b629-bce71e6d00f0:192.168.105.138:40843] returns group-2CCA2C521434:java.util.concurrent.CompletableFuture@2d3c9e7[Not completed]
2019-06-14 05:18:29,702 INFO  impl.RaftServerImpl (RaftServerImpl.java:<init>(91)) - 2a1bcffd-7f8d-49f5-89de-90db11ce442c: new RaftServerImpl for group-2CCA2C521434:[15dee7dd-9b62-4ae0-8896-937f24d9341b:192.168.105.138:44781, 2a1bcffd-7f8d-49f5-89de-90db11ce442c:192.168.105.138:39053, b2cf14e4-6b4a-4f38-b629-bce71e6d00f0:192.168.105.138:40843] with ContainerStateMachine:uninitialized
2019-06-14 05:18:29,702 INFO  server.RaftServerConfigKeys (ConfUtils.java:logGet(43)) - raft.server.rpc.timeout.min = 1s (custom)
2019-06-14 05:18:29,702 INFO  server.RaftServerConfigKeys (ConfUtils.java:logGet(43)) - raft.server.rpc.timeout.max = 1200ms (custom)
2019-06-14 05:18:29,702 INFO  impl.RaftServerImpl (RaftServerImpl.java:<init>(91)) - b2cf14e4-6b4a-4f38-b629-bce71e6d00f0: new RaftServerImpl for group-2CCA2C521434:[15dee7dd-9b62-4ae0-8896-937f24d9341b:192.168.105.138:44781, 2a1bcffd-7f8d-49f5-89de-90db11ce442c:192.168.105.138:39053, b2cf14e4-6b4a-4f38-b629-bce71e6d00f0:192.168.105.138:40843] with ContainerStateMachine:uninitialized
2019-06-14 05:18:29,702 INFO  server.RaftServerConfigKeys (ConfUtils.java:logGet(43)) - raft.server.rpcslowness.timeout = 120s (custom)
2019-06-14 05:18:29,702 INFO  server.RaftServerConfigKeys (ConfUtils.java:logGet(43)) - raft.server.rpc.timeout.min = 1s (custom)
2019-06-14 05:18:29,702 INFO  server.RaftServerConfigKeys (ConfUtils.java:logGet(43)) - raft.server.log.appender.install.snapshot.enabled = true (default)
2019-06-14 05:18:29,702 INFO  server.RaftServerConfigKeys (ConfUtils.java:logGet(43)) - raft.server.rpc.timeout.max = 1200ms (custom)
2019-06-14 05:18:29,703 INFO  impl.RaftServerImpl (ServerState.java:<init>(101)) - 2a1bcffd-7f8d-49f5-89de-90db11ce442c:group-2CCA2C521434 ConfigurationManager, init=-1: [15dee7dd-9b62-4ae0-8896-937f24d9341b:192.168.105.138:44781, 2a1bcffd-7f8d-49f5-89de-90db11ce442c:192.168.105.138:39053, b2cf14e4-6b4a-4f38-b629-bce71e6d00f0:192.168.105.138:40843], old=null, confs=<EMPTY_MAP>
2019-06-14 05:18:29,703 INFO  server.RaftServerConfigKeys (ConfUtils.java:logGet(43)) - raft.server.rpcslowness.timeout = 120s (custom)
2019-06-14 05:18:29,703 INFO  server.RaftServerConfigKeys (ConfUtils.java:logGet(43)) - raft.server.storage.dir = [/opt/src/hadoop-ozone/integration-test/target/test-dir/MiniOzoneClusterImpl-579fbd7b-422d-4a48-8b03-e8ea5236a9ec/datanode-1/data/ratis] (custom)
2019-06-14 05:18:29,703 INFO  server.RaftServerConfigKeys (ConfUtils.java:logGet(43)) - raft.server.log.appender.install.snapshot.enabled = true (default)
2019-06-14 05:18:29,703 INFO  impl.RaftServerImpl (ServerState.java:<init>(101)) - b2cf14e4-6b4a-4f38-b629-bce71e6d00f0:group-2CCA2C521434 ConfigurationManager, init=-1: [15dee7dd-9b62-4ae0-8896-937f24d9341b:192.168.105.138:44781, 2a1bcffd-7f8d-49f5-89de-90db11ce442c:192.168.105.138:39053, b2cf14e4-6b4a-4f38-b629-bce71e6d00f0:192.168.105.138:40843], old=null, confs=<EMPTY_MAP>
2019-06-14 05:18:29,703 INFO  storage.RaftStorageDirectory (RaftStorageDirectory.java:analyzeStorage(246)) - The storage directory /opt/src/hadoop-ozone/integration-test/target/test-dir/MiniOzoneClusterImpl-579fbd7b-422d-4a48-8b03-e8ea5236a9ec/datanode-1/data/ratis/5a524b1e-8b0b-47d4-9106-2cca2c521434 does not exist. Creating ...
2019-06-14 05:18:29,703 INFO  server.RaftServerConfigKeys (ConfUtils.java:logGet(43)) - raft.server.storage.dir = [/opt/src/hadoop-ozone/integration-test/target/test-dir/MiniOzoneClusterImpl-579fbd7b-422d-4a48-8b03-e8ea5236a9ec/datanode-0/data/ratis] (custom)
2019-06-14 05:18:29,703 INFO  storage.RaftStorageDirectory (RaftStorageDirectory.java:analyzeStorage(246)) - The storage directory /opt/src/hadoop-ozone/integration-test/target/test-dir/MiniOzoneClusterImpl-579fbd7b-422d-4a48-8b03-e8ea5236a9ec/datanode-0/data/ratis/5a524b1e-8b0b-47d4-9106-2cca2c521434 does not exist. Creating ...
2019-06-14 05:18:29,705 INFO  storage.RaftStorageDirectory (RaftStorageDirectory.java:tryLock(328)) - Lock on /opt/src/hadoop-ozone/integration-test/target/test-dir/MiniOzoneClusterImpl-579fbd7b-422d-4a48-8b03-e8ea5236a9ec/datanode-0/data/ratis/5a524b1e-8b0b-47d4-9106-2cca2c521434/in_use.lock acquired by nodename 14385@ozone-mtz9k-282064168
2019-06-14 05:18:29,705 INFO  storage.RaftStorageDirectory (RaftStorageDirectory.java:tryLock(328)) - Lock on /opt/src/hadoop-ozone/integration-test/target/test-dir/MiniOzoneClusterImpl-579fbd7b-422d-4a48-8b03-e8ea5236a9ec/datanode-1/data/ratis/5a524b1e-8b0b-47d4-9106-2cca2c521434/in_use.lock acquired by nodename 14385@ozone-mtz9k-282064168
2019-06-14 05:18:29,706 INFO  impl.RaftServerProxy (RaftServerProxy.java:addNew(89)) - 15dee7dd-9b62-4ae0-8896-937f24d9341b: addNew group-2CCA2C521434:[15dee7dd-9b62-4ae0-8896-937f24d9341b:192.168.105.138:44781, 2a1bcffd-7f8d-49f5-89de-90db11ce442c:192.168.105.138:39053, b2cf14e4-6b4a-4f38-b629-bce71e6d00f0:192.168.105.138:40843] returns group-2CCA2C521434:java.util.concurrent.CompletableFuture@2865293[Not completed]
2019-06-14 05:18:29,707 INFO  impl.RaftServerImpl (RaftServerImpl.java:<init>(91)) - 15dee7dd-9b62-4ae0-8896-937f24d9341b: new RaftServerImpl for group-2CCA2C521434:[15dee7dd-9b62-4ae0-8896-937f24d9341b:192.168.105.138:44781, 2a1bcffd-7f8d-49f5-89de-90db11ce442c:192.168.105.138:39053, b2cf14e4-6b4a-4f38-b629-bce71e6d00f0:192.168.105.138:40843] with ContainerStateMachine:uninitialized
2019-06-14 05:18:29,707 INFO  server.RaftServerConfigKeys (ConfUtils.java:logGet(43)) - raft.server.rpc.timeout.min = 1s (custom)
2019-06-14 05:18:29,707 INFO  server.RaftServerConfigKeys (ConfUtils.java:logGet(43)) - raft.server.rpc.timeout.max = 1200ms (custom)
2019-06-14 05:18:29,707 INFO  server.RaftServerConfigKeys (ConfUtils.java:logGet(43)) - raft.server.rpcslowness.timeout = 120s (custom)
2019-06-14 05:18:29,707 INFO  server.RaftServerConfigKeys (ConfUtils.java:logGet(43)) - raft.server.log.appender.install.snapshot.enabled = true (default)
2019-06-14 05:18:29,707 INFO  impl.RaftServerImpl (ServerState.java:<init>(101)) - 15dee7dd-9b62-4ae0-8896-937f24d9341b:group-2CCA2C521434 ConfigurationManager, init=-1: [15dee7dd-9b62-4ae0-8896-937f24d9341b:192.168.105.138:44781, 2a1bcffd-7f8d-49f5-89de-90db11ce442c:192.168.105.138:39053, b2cf14e4-6b4a-4f38-b629-bce71e6d00f0:192.168.105.138:40843], old=null, confs=<EMPTY_MAP>
2019-06-14 05:18:29,707 INFO  server.RaftServerConfigKeys (ConfUtils.java:logGet(43)) - raft.server.storage.dir = [/opt/src/hadoop-ozone/integration-test/target/test-dir/MiniOzoneClusterImpl-579fbd7b-422d-4a48-8b03-e8ea5236a9ec/datanode-2/data/ratis] (custom)
2019-06-14 05:18:29,707 INFO  storage.RaftStorage (RaftStorage.java:format(75)) - Storage directory /opt/src/hadoop-ozone/integration-test/target/test-dir/MiniOzoneClusterImpl-579fbd7b-422d-4a48-8b03-e8ea5236a9ec/datanode-0/data/ratis/5a524b1e-8b0b-47d4-9106-2cca2c521434 has been successfully formatted.
2019-06-14 05:18:29,707 INFO  storage.RaftStorageDirectory (RaftStorageDirectory.java:analyzeStorage(246)) - The storage directory /opt/src/hadoop-ozone/integration-test/target/test-dir/MiniOzoneClusterImpl-579fbd7b-422d-4a48-8b03-e8ea5236a9ec/datanode-2/data/ratis/5a524b1e-8b0b-47d4-9106-2cca2c521434 does not exist. Creating ...
2019-06-14 05:18:29,707 INFO  ratis.ContainerStateMachine (ContainerStateMachine.java:loadSnapshot(199)) - The snapshot info is null.Setting the last applied index to:(t:0, i:~)
2019-06-14 05:18:29,708 INFO  server.RaftServerConfigKeys (ConfUtils.java:logGet(43)) - raft.server.leader.election.timeout = 120s (custom)
2019-06-14 05:18:29,708 INFO  server.RaftServerConfigKeys (ConfUtils.java:logGet(43)) - raft.server.log.use.memory = false (default)
2019-06-14 05:18:29,708 INFO  server.RaftServerConfigKeys (ConfUtils.java:logGet(43)) - raft.server.log.appender.buffer.byte-limit = 33554432 (custom)
2019-06-14 05:18:29,708 INFO  server.RaftServerConfigKeys (ConfUtils.java:logGet(43)) - raft.server.log.segment.size.max = 16384 (custom)
2019-06-14 05:18:29,708 INFO  server.RaftServerConfigKeys (ConfUtils.java:logGet(43)) - raft.server.log.segment.cache.num.max = 2 (custom)
2019-06-14 05:18:29,708 INFO  storage.RaftLogWorker (RaftLogWorker.java:<init>(123)) - new b2cf14e4-6b4a-4f38-b629-bce71e6d00f0-RaftLogWorker for Storage Directory /opt/src/hadoop-ozone/integration-test/target/test-dir/MiniOzoneClusterImpl-579fbd7b-422d-4a48-8b03-e8ea5236a9ec/datanode-0/data/ratis/5a524b1e-8b0b-47d4-9106-2cca2c521434
2019-06-14 05:18:29,708 INFO  server.RaftServerConfigKeys (ConfUtils.java:logGet(43)) - raft.server.log.queue.byte-limit = 2147483647 (custom)
2019-06-14 05:18:29,708 INFO  server.RaftServerConfigKeys (ConfUtils.java:logGet(43)) - raft.server.log.queue.element-limit = 1024 (custom)
2019-06-14 05:18:29,708 INFO  server.RaftServerConfigKeys (ConfUtils.java:logGet(43)) - raft.server.log.segment.size.max = 16384 (custom)
2019-06-14 05:18:29,708 INFO  server.RaftServerConfigKeys (ConfUtils.java:logGet(43)) - raft.server.log.preallocated.size = 16384 (custom)
2019-06-14 05:18:29,708 INFO  server.RaftServerConfigKeys (ConfUtils.java:logGet(43)) - raft.server.log.write.buffer.size = 33554432 (custom)
2019-06-14 05:18:29,708 INFO  server.RaftServerConfigKeys (ConfUtils.java:logGet(43)) - raft.server.log.force.sync.num = 128 (default)
2019-06-14 05:18:29,708 INFO  server.RaftServerConfigKeys (ConfUtils.java:logGet(43)) - raft.server.log.statemachine.data.sync = true (default)
2019-06-14 05:18:29,708 INFO  server.RaftServerConfigKeys (ConfUtils.java:logGet(43)) - raft.server.log.statemachine.data.sync.timeout = 10s (default)
2019-06-14 05:18:29,709 INFO  server.RaftServerConfigKeys (ConfUtils.java:logGet(43)) - raft.server.log.statemachine.data.sync.timeout.retry = -1 (default)
2019-06-14 05:18:29,709 INFO  server.RaftServerConfigKeys (ConfUtils.java:logGet(43)) - raft.server.log.statemachine.data.caching.enabled = true (custom)
2019-06-14 05:18:29,708 INFO  storage.RaftStorage (RaftStorage.java:format(75)) - Storage directory /opt/src/hadoop-ozone/integration-test/target/test-dir/MiniOzoneClusterImpl-579fbd7b-422d-4a48-8b03-e8ea5236a9ec/datanode-1/data/ratis/5a524b1e-8b0b-47d4-9106-2cca2c521434 has been successfully formatted.
2019-06-14 05:18:29,709 INFO  server.RaftServerConfigKeys (ConfUtils.java:logGet(43)) - raft.server.snapshot.auto.trigger.enabled = true (custom)
2019-06-14 05:18:29,709 INFO  ratis.ContainerStateMachine (ContainerStateMachine.java:loadSnapshot(199)) - The snapshot info is null.Setting the last applied index to:(t:0, i:~)
2019-06-14 05:18:29,709 INFO  server.RaftServerConfigKeys (ConfUtils.java:logGet(43)) - raft.server.snapshot.auto.trigger.threshold = 10000 (custom)
2019-06-14 05:18:29,709 INFO  server.RaftServerConfigKeys (ConfUtils.java:logGet(43)) - raft.server.leader.election.timeout = 120s (custom)
2019-06-14 05:18:29,709 INFO  storage.RaftStorageDirectory (RaftStorageDirectory.java:tryLock(328)) - Lock on /opt/src/hadoop-ozone/integration-test/target/test-dir/MiniOzoneClusterImpl-579fbd7b-422d-4a48-8b03-e8ea5236a9ec/datanode-2/data/ratis/5a524b1e-8b0b-47d4-9106-2cca2c521434/in_use.lock acquired by nodename 14385@ozone-mtz9k-282064168
2019-06-14 05:18:29,709 INFO  server.RaftServerConfigKeys (ConfUtils.java:logGet(43)) - raft.server.retrycache.expirytime = 600000ms (custom)
2019-06-14 05:18:29,709 INFO  server.RaftServerConfigKeys (ConfUtils.java:logGet(43)) - raft.server.log.use.memory = false (default)
2019-06-14 05:18:29,710 INFO  server.RaftServerConfigKeys (ConfUtils.java:logGet(43)) - raft.server.log.appender.buffer.byte-limit = 33554432 (custom)
2019-06-14 05:18:29,710 INFO  server.RaftServerConfigKeys (ConfUtils.java:logGet(43)) - raft.server.log.segment.size.max = 16384 (custom)
2019-06-14 05:18:29,710 INFO  server.RaftServerConfigKeys (ConfUtils.java:logGet(43)) - raft.server.log.segment.cache.num.max = 2 (custom)
2019-06-14 05:18:29,710 INFO  storage.RaftLogWorker (RaftLogWorker.java:<init>(123)) - new 2a1bcffd-7f8d-49f5-89de-90db11ce442c-RaftLogWorker for Storage Directory /opt/src/hadoop-ozone/integration-test/target/test-dir/MiniOzoneClusterImpl-579fbd7b-422d-4a48-8b03-e8ea5236a9ec/datanode-1/data/ratis/5a524b1e-8b0b-47d4-9106-2cca2c521434
2019-06-14 05:18:29,710 INFO  server.RaftServerConfigKeys (ConfUtils.java:logGet(43)) - raft.server.log.queue.byte-limit = 2147483647 (custom)
2019-06-14 05:18:29,710 INFO  server.RaftServerConfigKeys (ConfUtils.java:logGet(43)) - raft.server.log.queue.element-limit = 1024 (custom)
2019-06-14 05:18:29,710 INFO  server.RaftServerConfigKeys (ConfUtils.java:logGet(43)) - raft.server.log.segment.size.max = 16384 (custom)
2019-06-14 05:18:29,710 INFO  server.RaftServerConfigKeys (ConfUtils.java:logGet(43)) - raft.server.log.preallocated.size = 16384 (custom)
2019-06-14 05:18:29,710 INFO  server.RaftServerConfigKeys (ConfUtils.java:logGet(43)) - raft.server.log.write.buffer.size = 33554432 (custom)
2019-06-14 05:18:29,710 INFO  server.RaftServerConfigKeys (ConfUtils.java:logGet(43)) - raft.server.log.force.sync.num = 128 (default)
2019-06-14 05:18:29,710 INFO  server.RaftServerConfigKeys (ConfUtils.java:logGet(43)) - raft.server.log.statemachine.data.sync = true (default)
2019-06-14 05:18:29,710 INFO  server.RaftServerConfigKeys (ConfUtils.java:logGet(43)) - raft.server.log.statemachine.data.sync.timeout = 10s (default)
2019-06-14 05:18:29,710 INFO  server.RaftServerConfigKeys (ConfUtils.java:logGet(43)) - raft.server.log.statemachine.data.sync.timeout.retry = -1 (default)
2019-06-14 05:18:29,711 INFO  server.RaftServerConfigKeys (ConfUtils.java:logGet(43)) - raft.server.log.statemachine.data.caching.enabled = true (custom)
2019-06-14 05:18:29,711 INFO  server.RaftServerConfigKeys (ConfUtils.java:logGet(43)) - raft.server.snapshot.auto.trigger.enabled = true (custom)
2019-06-14 05:18:29,711 INFO  server.RaftServerConfigKeys (ConfUtils.java:logGet(43)) - raft.server.snapshot.auto.trigger.threshold = 10000 (custom)
2019-06-14 05:18:29,711 INFO  server.RaftServerConfigKeys (ConfUtils.java:logGet(43)) - raft.server.retrycache.expirytime = 600000ms (custom)
2019-06-14 05:18:29,711 INFO  impl.RaftServerImpl (RaftServerImpl.java:start(173)) - 2a1bcffd-7f8d-49f5-89de-90db11ce442c: start group-2CCA2C521434
2019-06-14 05:18:29,711 INFO  impl.RaftServerImpl (RaftServerImpl.java:setRole(164)) - 2a1bcffd-7f8d-49f5-89de-90db11ce442c:group-2CCA2C521434 changes role from null to FOLLOWER at term 0 for startAsFollower
2019-06-14 05:18:29,711 INFO  impl.RoleInfo (RoleInfo.java:updateAndGet(143)) - 2a1bcffd-7f8d-49f5-89de-90db11ce442c: start FollowerState
2019-06-14 05:18:29,711 INFO  storage.RaftStorage (RaftStorage.java:format(75)) - Storage directory /opt/src/hadoop-ozone/integration-test/target/test-dir/MiniOzoneClusterImpl-579fbd7b-422d-4a48-8b03-e8ea5236a9ec/datanode-2/data/ratis/5a524b1e-8b0b-47d4-9106-2cca2c521434 has been successfully formatted.
2019-06-14 05:18:29,711 INFO  util.JmxRegister (JmxRegister.java:tryRegister(44)) - Successfully registered JMX Bean with object name Ratis:service=RaftServer,group=group-2CCA2C521434,id=2a1bcffd-7f8d-49f5-89de-90db11ce442c
2019-06-14 05:18:29,711 INFO  impl.RaftServerImpl (RaftServerImpl.java:start(173)) - b2cf14e4-6b4a-4f38-b629-bce71e6d00f0: start group-2CCA2C521434
2019-06-14 05:18:29,711 INFO  ratis.ContainerStateMachine (ContainerStateMachine.java:loadSnapshot(199)) - The snapshot info is null.Setting the last applied index to:(t:0, i:~)
2019-06-14 05:18:29,712 INFO  server.RaftServerConfigKeys (ConfUtils.java:logGet(43)) - raft.server.leader.election.timeout = 120s (custom)
2019-06-14 05:18:29,712 INFO  impl.RaftServerImpl (RaftServerImpl.java:setRole(164)) - b2cf14e4-6b4a-4f38-b629-bce71e6d00f0:group-2CCA2C521434 changes role from null to FOLLOWER at term 0 for startAsFollower
2019-06-14 05:18:29,712 INFO  server.RaftServerConfigKeys (ConfUtils.java:logGet(43)) - raft.server.log.use.memory = false (default)
2019-06-14 05:18:29,712 INFO  server.RaftServerConfigKeys (ConfUtils.java:logGet(43)) - raft.server.log.appender.buffer.byte-limit = 33554432 (custom)
2019-06-14 05:18:29,712 INFO  server.RaftServerConfigKeys (ConfUtils.java:logGet(43)) - raft.server.log.segment.size.max = 16384 (custom)
2019-06-14 05:18:29,712 INFO  server.RaftServerConfigKeys (ConfUtils.java:logGet(43)) - raft.server.log.segment.cache.num.max = 2 (custom)
2019-06-14 05:18:29,712 INFO  storage.RaftLogWorker (RaftLogWorker.java:<init>(123)) - new 15dee7dd-9b62-4ae0-8896-937f24d9341b-RaftLogWorker for Storage Directory /opt/src/hadoop-ozone/integration-test/target/test-dir/MiniOzoneClusterImpl-579fbd7b-422d-4a48-8b03-e8ea5236a9ec/datanode-2/data/ratis/5a524b1e-8b0b-47d4-9106-2cca2c521434
2019-06-14 05:18:29,712 INFO  server.RaftServerConfigKeys (ConfUtils.java:logGet(43)) - raft.server.log.queue.byte-limit = 2147483647 (custom)
2019-06-14 05:18:29,712 INFO  server.RaftServerConfigKeys (ConfUtils.java:logGet(43)) - raft.server.log.queue.element-limit = 1024 (custom)
2019-06-14 05:18:29,712 INFO  server.RaftServerConfigKeys (ConfUtils.java:logGet(43)) - raft.server.log.segment.size.max = 16384 (custom)
2019-06-14 05:18:29,712 INFO  server.RaftServerConfigKeys (ConfUtils.java:logGet(43)) - raft.server.log.preallocated.size = 16384 (custom)
2019-06-14 05:18:29,713 INFO  server.RaftServerConfigKeys (ConfUtils.java:logGet(43)) - raft.server.log.write.buffer.size = 33554432 (custom)
2019-06-14 05:18:29,713 INFO  server.RaftServerConfigKeys (ConfUtils.java:logGet(43)) - raft.server.log.force.sync.num = 128 (default)
2019-06-14 05:18:29,713 INFO  server.RaftServerConfigKeys (ConfUtils.java:logGet(43)) - raft.server.log.statemachine.data.sync = true (default)
2019-06-14 05:18:29,713 INFO  server.RaftServerConfigKeys (ConfUtils.java:logGet(43)) - raft.server.log.statemachine.data.sync.timeout = 10s (default)
2019-06-14 05:18:29,713 INFO  server.RaftServerConfigKeys (ConfUtils.java:logGet(43)) - raft.server.log.statemachine.data.sync.timeout.retry = -1 (default)
2019-06-14 05:18:29,713 INFO  impl.RoleInfo (RoleInfo.java:updateAndGet(143)) - b2cf14e4-6b4a-4f38-b629-bce71e6d00f0: start FollowerState
2019-06-14 05:18:29,713 INFO  server.RaftServerConfigKeys (ConfUtils.java:logGet(43)) - raft.server.log.statemachine.data.caching.enabled = true (custom)
2019-06-14 05:18:29,714 INFO  util.JmxRegister (JmxRegister.java:tryRegister(44)) - Successfully registered JMX Bean with object name Ratis:service=RaftServer,group=group-2CCA2C521434,id=b2cf14e4-6b4a-4f38-b629-bce71e6d00f0
2019-06-14 05:18:29,714 INFO  server.RaftServerConfigKeys (ConfUtils.java:logGet(43)) - raft.server.snapshot.auto.trigger.enabled = true (custom)
2019-06-14 05:18:29,715 INFO  server.RaftServerConfigKeys (ConfUtils.java:logGet(43)) - raft.server.snapshot.auto.trigger.threshold = 10000 (custom)
2019-06-14 05:18:29,715 INFO  server.RaftServerConfigKeys (ConfUtils.java:logGet(43)) - raft.server.retrycache.expirytime = 600000ms (custom)
2019-06-14 05:18:29,715 INFO  impl.RaftServerImpl (RaftServerImpl.java:start(173)) - 15dee7dd-9b62-4ae0-8896-937f24d9341b: start group-2CCA2C521434
2019-06-14 05:18:29,715 INFO  impl.RaftServerImpl (RaftServerImpl.java:setRole(164)) - 15dee7dd-9b62-4ae0-8896-937f24d9341b:group-2CCA2C521434 changes role from null to FOLLOWER at term 0 for startAsFollower
2019-06-14 05:18:29,719 INFO  impl.RoleInfo (RoleInfo.java:updateAndGet(143)) - 15dee7dd-9b62-4ae0-8896-937f24d9341b: start FollowerState
2019-06-14 05:18:29,721 INFO  util.JmxRegister (JmxRegister.java:tryRegister(44)) - Successfully registered JMX Bean with object name Ratis:service=RaftServer,group=group-2CCA2C521434,id=15dee7dd-9b62-4ae0-8896-937f24d9341b
2019-06-14 05:18:29,722 INFO  pipeline.PipelineStateManager (PipelineStateManager.java:addPipeline(56)) - Created pipeline Pipeline[ Id: 5a524b1e-8b0b-47d4-9106-2cca2c521434, Nodes: 2a1bcffd-7f8d-49f5-89de-90db11ce442c{ip: 192.168.105.138, host: ozone-mtz9k-282064168, networkLocation: /default-rack, certSerialId: null}b2cf14e4-6b4a-4f38-b629-bce71e6d00f0{ip: 192.168.105.138, host: ozone-mtz9k-282064168, networkLocation: /default-rack, certSerialId: null}15dee7dd-9b62-4ae0-8896-937f24d9341b{ip: 192.168.105.138, host: ozone-mtz9k-282064168, networkLocation: /default-rack, certSerialId: null}, Type:RATIS, Factor:THREE, State:OPEN]
2019-06-14 05:18:29,813 INFO  node.SCMNodeManager (SCMNodeManager.java:register(234)) - Registered Data node : 3a89fe13-06cf-418f-8f75-5f94d4c4010e{ip: 192.168.105.138, host: ozone-mtz9k-282064168, networkLocation: /default-rack, certSerialId: null}
2019-06-14 05:18:29,818 INFO  impl.RaftServerProxy (RaftServerProxy.java:addNew(89)) - 3a89fe13-06cf-418f-8f75-5f94d4c4010e: addNew group-1965B365A9DE:[3a89fe13-06cf-418f-8f75-5f94d4c4010e:192.168.105.138:45007] returns group-1965B365A9DE:java.util.concurrent.CompletableFuture@3f4f6557[Not completed]
2019-06-14 05:18:29,820 INFO  impl.RaftServerImpl (RaftServerImpl.java:<init>(91)) - 3a89fe13-06cf-418f-8f75-5f94d4c4010e: new RaftServerImpl for group-1965B365A9DE:[3a89fe13-06cf-418f-8f75-5f94d4c4010e:192.168.105.138:45007] with ContainerStateMachine:uninitialized
2019-06-14 05:18:29,821 INFO  server.RaftServerConfigKeys (ConfUtils.java:logGet(43)) - raft.server.rpc.timeout.min = 1s (custom)
2019-06-14 05:18:29,821 INFO  server.RaftServerConfigKeys (ConfUtils.java:logGet(43)) - raft.server.rpc.timeout.max = 1200ms (custom)
2019-06-14 05:18:29,821 INFO  server.RaftServerConfigKeys (ConfUtils.java:logGet(43)) - raft.server.rpcslowness.timeout = 120s (custom)
2019-06-14 05:18:29,821 INFO  server.RaftServerConfigKeys (ConfUtils.java:logGet(43)) - raft.server.log.appender.install.snapshot.enabled = true (default)
2019-06-14 05:18:29,821 INFO  impl.RaftServerImpl (ServerState.java:<init>(101)) - 3a89fe13-06cf-418f-8f75-5f94d4c4010e:group-1965B365A9DE ConfigurationManager, init=-1: [3a89fe13-06cf-418f-8f75-5f94d4c4010e:192.168.105.138:45007], old=null, confs=<EMPTY_MAP>
2019-06-14 05:18:29,821 INFO  server.RaftServerConfigKeys (ConfUtils.java:logGet(43)) - raft.server.storage.dir = [/opt/src/hadoop-ozone/integration-test/target/test-dir/MiniOzoneClusterImpl-579fbd7b-422d-4a48-8b03-e8ea5236a9ec/datanode-3/data/ratis] (custom)
2019-06-14 05:18:29,821 INFO  storage.RaftStorageDirectory (RaftStorageDirectory.java:analyzeStorage(246)) - The storage directory /opt/src/hadoop-ozone/integration-test/target/test-dir/MiniOzoneClusterImpl-579fbd7b-422d-4a48-8b03-e8ea5236a9ec/datanode-3/data/ratis/e662d742-b31c-43af-a536-1965b365a9de does not exist. Creating ...
2019-06-14 05:18:29,823 INFO  storage.RaftStorageDirectory (RaftStorageDirectory.java:tryLock(328)) - Lock on /opt/src/hadoop-ozone/integration-test/target/test-dir/MiniOzoneClusterImpl-579fbd7b-422d-4a48-8b03-e8ea5236a9ec/datanode-3/data/ratis/e662d742-b31c-43af-a536-1965b365a9de/in_use.lock acquired by nodename 14385@ozone-mtz9k-282064168
2019-06-14 05:18:29,825 INFO  storage.RaftStorage (RaftStorage.java:format(75)) - Storage directory /opt/src/hadoop-ozone/integration-test/target/test-dir/MiniOzoneClusterImpl-579fbd7b-422d-4a48-8b03-e8ea5236a9ec/datanode-3/data/ratis/e662d742-b31c-43af-a536-1965b365a9de has been successfully formatted.
2019-06-14 05:18:29,826 INFO  ratis.ContainerStateMachine (ContainerStateMachine.java:loadSnapshot(199)) - The snapshot info is null.Setting the last applied index to:(t:0, i:~)
2019-06-14 05:18:29,826 INFO  server.RaftServerConfigKeys (ConfUtils.java:logGet(43)) - raft.server.leader.election.timeout = 120s (custom)
2019-06-14 05:18:29,826 INFO  server.RaftServerConfigKeys (ConfUtils.java:logGet(43)) - raft.server.log.use.memory = false (default)
2019-06-14 05:18:29,826 INFO  server.RaftServerConfigKeys (ConfUtils.java:logGet(43)) - raft.server.log.appender.buffer.byte-limit = 33554432 (custom)
2019-06-14 05:18:29,826 INFO  server.RaftServerConfigKeys (ConfUtils.java:logGet(43)) - raft.server.log.segment.size.max = 16384 (custom)
2019-06-14 05:18:29,826 INFO  server.RaftServerConfigKeys (ConfUtils.java:logGet(43)) - raft.server.log.segment.cache.num.max = 2 (custom)
2019-06-14 05:18:29,826 INFO  storage.RaftLogWorker (RaftLogWorker.java:<init>(123)) - new 3a89fe13-06cf-418f-8f75-5f94d4c4010e-RaftLogWorker for Storage Directory /opt/src/hadoop-ozone/integration-test/target/test-dir/MiniOzoneClusterImpl-579fbd7b-422d-4a48-8b03-e8ea5236a9ec/datanode-3/data/ratis/e662d742-b31c-43af-a536-1965b365a9de
2019-06-14 05:18:29,826 INFO  server.RaftServerConfigKeys (ConfUtils.java:logGet(43)) - raft.server.log.queue.byte-limit = 2147483647 (custom)
2019-06-14 05:18:29,826 INFO  server.RaftServerConfigKeys (ConfUtils.java:logGet(43)) - raft.server.log.queue.element-limit = 1024 (custom)
2019-06-14 05:18:29,826 INFO  server.RaftServerConfigKeys (ConfUtils.java:logGet(43)) - raft.server.log.segment.size.max = 16384 (custom)
2019-06-14 05:18:29,826 INFO  server.RaftServerConfigKeys (ConfUtils.java:logGet(43)) - raft.server.log.preallocated.size = 16384 (custom)
2019-06-14 05:18:29,826 INFO  server.RaftServerConfigKeys (ConfUtils.java:logGet(43)) - raft.server.log.write.buffer.size = 33554432 (custom)
2019-06-14 05:18:29,826 INFO  server.RaftServerConfigKeys (ConfUtils.java:logGet(43)) - raft.server.log.force.sync.num = 128 (default)
2019-06-14 05:18:29,827 INFO  server.RaftServerConfigKeys (ConfUtils.java:logGet(43)) - raft.server.log.statemachine.data.sync = true (default)
2019-06-14 05:18:29,827 INFO  server.RaftServerConfigKeys (ConfUtils.java:logGet(43)) - raft.server.log.statemachine.data.sync.timeout = 10s (default)
2019-06-14 05:18:29,827 INFO  server.RaftServerConfigKeys (ConfUtils.java:logGet(43)) - raft.server.log.statemachine.data.sync.timeout.retry = -1 (default)
2019-06-14 05:18:29,827 INFO  server.RaftServerConfigKeys (ConfUtils.java:logGet(43)) - raft.server.log.statemachine.data.caching.enabled = true (custom)
2019-06-14 05:18:29,827 INFO  server.RaftServerConfigKeys (ConfUtils.java:logGet(43)) - raft.server.snapshot.auto.trigger.enabled = true (custom)
2019-06-14 05:18:29,828 INFO  server.RaftServerConfigKeys (ConfUtils.java:logGet(43)) - raft.server.snapshot.auto.trigger.threshold = 10000 (custom)
2019-06-14 05:18:29,828 INFO  server.RaftServerConfigKeys (ConfUtils.java:logGet(43)) - raft.server.retrycache.expirytime = 600000ms (custom)
2019-06-14 05:18:29,828 INFO  impl.RaftServerImpl (RaftServerImpl.java:start(173)) - 3a89fe13-06cf-418f-8f75-5f94d4c4010e: start group-1965B365A9DE
2019-06-14 05:18:29,828 INFO  impl.RaftServerImpl (RaftServerImpl.java:setRole(164)) - 3a89fe13-06cf-418f-8f75-5f94d4c4010e:group-1965B365A9DE changes role from null to FOLLOWER at term 0 for startAsFollower
2019-06-14 05:18:29,828 INFO  impl.RoleInfo (RoleInfo.java:updateAndGet(143)) - 3a89fe13-06cf-418f-8f75-5f94d4c4010e: start FollowerState
2019-06-14 05:18:29,828 INFO  util.JmxRegister (JmxRegister.java:tryRegister(44)) - Successfully registered JMX Bean with object name Ratis:service=RaftServer,group=group-1965B365A9DE,id=3a89fe13-06cf-418f-8f75-5f94d4c4010e
2019-06-14 05:18:29,830 INFO  pipeline.PipelineStateManager (PipelineStateManager.java:addPipeline(56)) - Created pipeline Pipeline[ Id: e662d742-b31c-43af-a536-1965b365a9de, Nodes: 3a89fe13-06cf-418f-8f75-5f94d4c4010e{ip: 192.168.105.138, host: ozone-mtz9k-282064168, networkLocation: /default-rack, certSerialId: null}, Type:RATIS, Factor:ONE, State:OPEN]
2019-06-14 05:18:29,983 INFO  node.SCMNodeManager (SCMNodeManager.java:register(234)) - Registered Data node : e789ba9b-afe3-4469-b8b1-fcd8da1d1cad{ip: 192.168.105.138, host: ozone-mtz9k-282064168, networkLocation: /default-rack, certSerialId: null}
2019-06-14 05:18:29,989 INFO  impl.RaftServerProxy (RaftServerProxy.java:addNew(89)) - e789ba9b-afe3-4469-b8b1-fcd8da1d1cad: addNew group-0D9EAA6D0B08:[e789ba9b-afe3-4469-b8b1-fcd8da1d1cad:192.168.105.138:40701] returns group-0D9EAA6D0B08:java.util.concurrent.CompletableFuture@cb465d9[Not completed]
2019-06-14 05:18:29,989 INFO  impl.RaftServerImpl (RaftServerImpl.java:<init>(91)) - e789ba9b-afe3-4469-b8b1-fcd8da1d1cad: new RaftServerImpl for group-0D9EAA6D0B08:[e789ba9b-afe3-4469-b8b1-fcd8da1d1cad:192.168.105.138:40701] with ContainerStateMachine:uninitialized
2019-06-14 05:18:29,989 INFO  server.RaftServerConfigKeys (ConfUtils.java:logGet(43)) - raft.server.rpc.timeout.min = 1s (custom)
2019-06-14 05:18:29,989 INFO  server.RaftServerConfigKeys (ConfUtils.java:logGet(43)) - raft.server.rpc.timeout.max = 1200ms (custom)
2019-06-14 05:18:29,990 INFO  server.RaftServerConfigKeys (ConfUtils.java:logGet(43)) - raft.server.rpcslowness.timeout = 120s (custom)
2019-06-14 05:18:29,990 INFO  server.RaftServerConfigKeys (ConfUtils.java:logGet(43)) - raft.server.log.appender.install.snapshot.enabled = true (default)
2019-06-14 05:18:29,990 INFO  impl.RaftServerImpl (ServerState.java:<init>(101)) - e789ba9b-afe3-4469-b8b1-fcd8da1d1cad:group-0D9EAA6D0B08 ConfigurationManager, init=-1: [e789ba9b-afe3-4469-b8b1-fcd8da1d1cad:192.168.105.138:40701], old=null, confs=<EMPTY_MAP>
2019-06-14 05:18:29,990 INFO  server.RaftServerConfigKeys (ConfUtils.java:logGet(43)) - raft.server.storage.dir = [/opt/src/hadoop-ozone/integration-test/target/test-dir/MiniOzoneClusterImpl-579fbd7b-422d-4a48-8b03-e8ea5236a9ec/datanode-4/data/ratis] (custom)
2019-06-14 05:18:29,990 INFO  storage.RaftStorageDirectory (RaftStorageDirectory.java:analyzeStorage(246)) - The storage directory /opt/src/hadoop-ozone/integration-test/target/test-dir/MiniOzoneClusterImpl-579fbd7b-422d-4a48-8b03-e8ea5236a9ec/datanode-4/data/ratis/b3ab01b7-d615-418d-bf26-0d9eaa6d0b08 does not exist. Creating ...
2019-06-14 05:18:29,992 INFO  storage.RaftStorageDirectory (RaftStorageDirectory.java:tryLock(328)) - Lock on /opt/src/hadoop-ozone/integration-test/target/test-dir/MiniOzoneClusterImpl-579fbd7b-422d-4a48-8b03-e8ea5236a9ec/datanode-4/data/ratis/b3ab01b7-d615-418d-bf26-0d9eaa6d0b08/in_use.lock acquired by nodename 14385@ozone-mtz9k-282064168
2019-06-14 05:18:29,995 INFO  storage.RaftStorage (RaftStorage.java:format(75)) - Storage directory /opt/src/hadoop-ozone/integration-test/target/test-dir/MiniOzoneClusterImpl-579fbd7b-422d-4a48-8b03-e8ea5236a9ec/datanode-4/data/ratis/b3ab01b7-d615-418d-bf26-0d9eaa6d0b08 has been successfully formatted.
2019-06-14 05:18:29,995 INFO  ratis.ContainerStateMachine (ContainerStateMachine.java:loadSnapshot(199)) - The snapshot info is null.Setting the last applied index to:(t:0, i:~)
2019-06-14 05:18:29,995 INFO  server.RaftServerConfigKeys (ConfUtils.java:logGet(43)) - raft.server.leader.election.timeout = 120s (custom)
2019-06-14 05:18:29,995 INFO  server.RaftServerConfigKeys (ConfUtils.java:logGet(43)) - raft.server.log.use.memory = false (default)
2019-06-14 05:18:29,995 INFO  server.RaftServerConfigKeys (ConfUtils.java:logGet(43)) - raft.server.log.appender.buffer.byte-limit = 33554432 (custom)
2019-06-14 05:18:29,995 INFO  server.RaftServerConfigKeys (ConfUtils.java:logGet(43)) - raft.server.log.segment.size.max = 16384 (custom)
2019-06-14 05:18:29,995 INFO  server.RaftServerConfigKeys (ConfUtils.java:logGet(43)) - raft.server.log.segment.cache.num.max = 2 (custom)
2019-06-14 05:18:29,995 INFO  storage.RaftLogWorker (RaftLogWorker.java:<init>(123)) - new e789ba9b-afe3-4469-b8b1-fcd8da1d1cad-RaftLogWorker for Storage Directory /opt/src/hadoop-ozone/integration-test/target/test-dir/MiniOzoneClusterImpl-579fbd7b-422d-4a48-8b03-e8ea5236a9ec/datanode-4/data/ratis/b3ab01b7-d615-418d-bf26-0d9eaa6d0b08
2019-06-14 05:18:29,996 INFO  server.RaftServerConfigKeys (ConfUtils.java:logGet(43)) - raft.server.log.queue.byte-limit = 2147483647 (custom)
2019-06-14 05:18:29,996 INFO  server.RaftServerConfigKeys (ConfUtils.java:logGet(43)) - raft.server.log.queue.element-limit = 1024 (custom)
2019-06-14 05:18:29,996 INFO  server.RaftServerConfigKeys (ConfUtils.java:logGet(43)) - raft.server.log.segment.size.max = 16384 (custom)
2019-06-14 05:18:29,996 INFO  server.RaftServerConfigKeys (ConfUtils.java:logGet(43)) - raft.server.log.preallocated.size = 16384 (custom)
2019-06-14 05:18:29,996 INFO  server.RaftServerConfigKeys (ConfUtils.java:logGet(43)) - raft.server.log.write.buffer.size = 33554432 (custom)
2019-06-14 05:18:29,996 INFO  server.RaftServerConfigKeys (ConfUtils.java:logGet(43)) - raft.server.log.force.sync.num = 128 (default)
2019-06-14 05:18:29,996 INFO  server.RaftServerConfigKeys (ConfUtils.java:logGet(43)) - raft.server.log.statemachine.data.sync = true (default)
2019-06-14 05:18:29,996 INFO  server.RaftServerConfigKeys (ConfUtils.java:logGet(43)) - raft.server.log.statemachine.data.sync.timeout = 10s (default)
2019-06-14 05:18:29,996 INFO  server.RaftServerConfigKeys (ConfUtils.java:logGet(43)) - raft.server.log.statemachine.data.sync.timeout.retry = -1 (default)
2019-06-14 05:18:29,996 INFO  server.RaftServerConfigKeys (ConfUtils.java:logGet(43)) - raft.server.log.statemachine.data.caching.enabled = true (custom)
2019-06-14 05:18:29,997 INFO  server.RaftServerConfigKeys (ConfUtils.java:logGet(43)) - raft.server.snapshot.auto.trigger.enabled = true (custom)
2019-06-14 05:18:29,997 INFO  server.RaftServerConfigKeys (ConfUtils.java:logGet(43)) - raft.server.snapshot.auto.trigger.threshold = 10000 (custom)
2019-06-14 05:18:29,997 INFO  server.RaftServerConfigKeys (ConfUtils.java:logGet(43)) - raft.server.retrycache.expirytime = 600000ms (custom)
2019-06-14 05:18:29,997 INFO  impl.RaftServerImpl (RaftServerImpl.java:start(173)) - e789ba9b-afe3-4469-b8b1-fcd8da1d1cad: start group-0D9EAA6D0B08
2019-06-14 05:18:29,997 INFO  impl.RaftServerImpl (RaftServerImpl.java:setRole(164)) - e789ba9b-afe3-4469-b8b1-fcd8da1d1cad:group-0D9EAA6D0B08 changes role from null to FOLLOWER at term 0 for startAsFollower
2019-06-14 05:18:29,997 INFO  impl.RoleInfo (RoleInfo.java:updateAndGet(143)) - e789ba9b-afe3-4469-b8b1-fcd8da1d1cad: start FollowerState
2019-06-14 05:18:29,998 INFO  util.JmxRegister (JmxRegister.java:tryRegister(44)) - Successfully registered JMX Bean with object name Ratis:service=RaftServer,group=group-0D9EAA6D0B08,id=e789ba9b-afe3-4469-b8b1-fcd8da1d1cad
2019-06-14 05:18:29,999 INFO  pipeline.PipelineStateManager (PipelineStateManager.java:addPipeline(56)) - Created pipeline Pipeline[ Id: b3ab01b7-d615-418d-bf26-0d9eaa6d0b08, Nodes: e789ba9b-afe3-4469-b8b1-fcd8da1d1cad{ip: 192.168.105.138, host: ozone-mtz9k-282064168, networkLocation: /default-rack, certSerialId: null}, Type:RATIS, Factor:ONE, State:OPEN]
2019-06-14 05:18:30,109 INFO  node.SCMNodeManager (SCMNodeManager.java:register(234)) - Registered Data node : c67a53e4-8a9d-4803-b27e-5259168f3c5d{ip: 192.168.105.138, host: ozone-mtz9k-282064168, networkLocation: /default-rack, certSerialId: null}
2019-06-14 05:18:30,120 INFO  impl.RaftServerProxy (RaftServerProxy.java:addNew(89)) - c67a53e4-8a9d-4803-b27e-5259168f3c5d: addNew group-04DD250DCC11:[c67a53e4-8a9d-4803-b27e-5259168f3c5d:192.168.105.138:34231] returns group-04DD250DCC11:java.util.concurrent.CompletableFuture@7139f21b[Not completed]
2019-06-14 05:18:30,120 INFO  impl.RaftServerImpl (RaftServerImpl.java:<init>(91)) - c67a53e4-8a9d-4803-b27e-5259168f3c5d: new RaftServerImpl for group-04DD250DCC11:[c67a53e4-8a9d-4803-b27e-5259168f3c5d:192.168.105.138:34231] with ContainerStateMachine:uninitialized
2019-06-14 05:18:30,121 INFO  server.RaftServerConfigKeys (ConfUtils.java:logGet(43)) - raft.server.rpc.timeout.min = 1s (custom)
2019-06-14 05:18:30,121 INFO  server.RaftServerConfigKeys (ConfUtils.java:logGet(43)) - raft.server.rpc.timeout.max = 1200ms (custom)
2019-06-14 05:18:30,121 INFO  server.RaftServerConfigKeys (ConfUtils.java:logGet(43)) - raft.server.rpcslowness.timeout = 120s (custom)
2019-06-14 05:18:30,121 INFO  server.RaftServerConfigKeys (ConfUtils.java:logGet(43)) - raft.server.log.appender.install.snapshot.enabled = true (default)
2019-06-14 05:18:30,121 INFO  impl.RaftServerImpl (ServerState.java:<init>(101)) - c67a53e4-8a9d-4803-b27e-5259168f3c5d:group-04DD250DCC11 ConfigurationManager, init=-1: [c67a53e4-8a9d-4803-b27e-5259168f3c5d:192.168.105.138:34231], old=null, confs=<EMPTY_MAP>
2019-06-14 05:18:30,121 INFO  server.RaftServerConfigKeys (ConfUtils.java:logGet(43)) - raft.server.storage.dir = [/opt/src/hadoop-ozone/integration-test/target/test-dir/MiniOzoneClusterImpl-579fbd7b-422d-4a48-8b03-e8ea5236a9ec/datanode-5/data/ratis] (custom)
2019-06-14 05:18:30,121 INFO  storage.RaftStorageDirectory (RaftStorageDirectory.java:analyzeStorage(246)) - The storage directory /opt/src/hadoop-ozone/integration-test/target/test-dir/MiniOzoneClusterImpl-579fbd7b-422d-4a48-8b03-e8ea5236a9ec/datanode-5/data/ratis/edbc3f55-d062-479d-bc2f-04dd250dcc11 does not exist. Creating ...
2019-06-14 05:18:30,123 INFO  storage.RaftStorageDirectory (RaftStorageDirectory.java:tryLock(328)) - Lock on /opt/src/hadoop-ozone/integration-test/target/test-dir/MiniOzoneClusterImpl-579fbd7b-422d-4a48-8b03-e8ea5236a9ec/datanode-5/data/ratis/edbc3f55-d062-479d-bc2f-04dd250dcc11/in_use.lock acquired by nodename 14385@ozone-mtz9k-282064168
2019-06-14 05:18:30,126 INFO  storage.RaftStorage (RaftStorage.java:format(75)) - Storage directory /opt/src/hadoop-ozone/integration-test/target/test-dir/MiniOzoneClusterImpl-579fbd7b-422d-4a48-8b03-e8ea5236a9ec/datanode-5/data/ratis/edbc3f55-d062-479d-bc2f-04dd250dcc11 has been successfully formatted.
2019-06-14 05:18:30,126 INFO  ratis.ContainerStateMachine (ContainerStateMachine.java:loadSnapshot(199)) - The snapshot info is null.Setting the last applied index to:(t:0, i:~)
2019-06-14 05:18:30,126 INFO  server.RaftServerConfigKeys (ConfUtils.java:logGet(43)) - raft.server.leader.election.timeout = 120s (custom)
2019-06-14 05:18:30,126 INFO  server.RaftServerConfigKeys (ConfUtils.java:logGet(43)) - raft.server.log.use.memory = false (default)
2019-06-14 05:18:30,126 INFO  server.RaftServerConfigKeys (ConfUtils.java:logGet(43)) - raft.server.log.appender.buffer.byte-limit = 33554432 (custom)
2019-06-14 05:18:30,126 INFO  server.RaftServerConfigKeys (ConfUtils.java:logGet(43)) - raft.server.log.segment.size.max = 16384 (custom)
2019-06-14 05:18:30,126 INFO  server.RaftServerConfigKeys (ConfUtils.java:logGet(43)) - raft.server.log.segment.cache.num.max = 2 (custom)
2019-06-14 05:18:30,126 INFO  storage.RaftLogWorker (RaftLogWorker.java:<init>(123)) - new c67a53e4-8a9d-4803-b27e-5259168f3c5d-RaftLogWorker for Storage Directory /opt/src/hadoop-ozone/integration-test/target/test-dir/MiniOzoneClusterImpl-579fbd7b-422d-4a48-8b03-e8ea5236a9ec/datanode-5/data/ratis/edbc3f55-d062-479d-bc2f-04dd250dcc11
2019-06-14 05:18:30,126 INFO  server.RaftServerConfigKeys (ConfUtils.java:logGet(43)) - raft.server.log.queue.byte-limit = 2147483647 (custom)
2019-06-14 05:18:30,126 INFO  server.RaftServerConfigKeys (ConfUtils.java:logGet(43)) - raft.server.log.queue.element-limit = 1024 (custom)
2019-06-14 05:18:30,126 INFO  server.RaftServerConfigKeys (ConfUtils.java:logGet(43)) - raft.server.log.segment.size.max = 16384 (custom)
2019-06-14 05:18:30,126 INFO  server.RaftServerConfigKeys (ConfUtils.java:logGet(43)) - raft.server.log.preallocated.size = 16384 (custom)
2019-06-14 05:18:30,127 INFO  server.RaftServerConfigKeys (ConfUtils.java:logGet(43)) - raft.server.log.write.buffer.size = 33554432 (custom)
2019-06-14 05:18:30,127 INFO  server.RaftServerConfigKeys (ConfUtils.java:logGet(43)) - raft.server.log.force.sync.num = 128 (default)
2019-06-14 05:18:30,127 INFO  server.RaftServerConfigKeys (ConfUtils.java:logGet(43)) - raft.server.log.statemachine.data.sync = true (default)
2019-06-14 05:18:30,127 INFO  server.RaftServerConfigKeys (ConfUtils.java:logGet(43)) - raft.server.log.statemachine.data.sync.timeout = 10s (default)
2019-06-14 05:18:30,127 INFO  server.RaftServerConfigKeys (ConfUtils.java:logGet(43)) - raft.server.log.statemachine.data.sync.timeout.retry = -1 (default)
2019-06-14 05:18:30,127 INFO  server.RaftServerConfigKeys (ConfUtils.java:logGet(43)) - raft.server.log.statemachine.data.caching.enabled = true (custom)
2019-06-14 05:18:30,127 INFO  server.RaftServerConfigKeys (ConfUtils.java:logGet(43)) - raft.server.snapshot.auto.trigger.enabled = true (custom)
2019-06-14 05:18:30,127 INFO  server.RaftServerConfigKeys (ConfUtils.java:logGet(43)) - raft.server.snapshot.auto.trigger.threshold = 10000 (custom)
2019-06-14 05:18:30,127 INFO  server.RaftServerConfigKeys (ConfUtils.java:logGet(43)) - raft.server.retrycache.expirytime = 600000ms (custom)
2019-06-14 05:18:30,127 INFO  impl.RaftServerImpl (RaftServerImpl.java:start(173)) - c67a53e4-8a9d-4803-b27e-5259168f3c5d: start group-04DD250DCC11
2019-06-14 05:18:30,128 INFO  impl.RaftServerImpl (RaftServerImpl.java:setRole(164)) - c67a53e4-8a9d-4803-b27e-5259168f3c5d:group-04DD250DCC11 changes role from null to FOLLOWER at term 0 for startAsFollower
2019-06-14 05:18:30,128 INFO  impl.RoleInfo (RoleInfo.java:updateAndGet(143)) - c67a53e4-8a9d-4803-b27e-5259168f3c5d: start FollowerState
2019-06-14 05:18:30,128 INFO  util.JmxRegister (JmxRegister.java:tryRegister(44)) - Successfully registered JMX Bean with object name Ratis:service=RaftServer,group=group-04DD250DCC11,id=c67a53e4-8a9d-4803-b27e-5259168f3c5d
2019-06-14 05:18:30,129 INFO  pipeline.PipelineStateManager (PipelineStateManager.java:addPipeline(56)) - Created pipeline Pipeline[ Id: edbc3f55-d062-479d-bc2f-04dd250dcc11, Nodes: c67a53e4-8a9d-4803-b27e-5259168f3c5d{ip: 192.168.105.138, host: ozone-mtz9k-282064168, networkLocation: /default-rack, certSerialId: null}, Type:RATIS, Factor:ONE, State:OPEN]
2019-06-14 05:18:30,132 INFO  impl.RaftServerProxy (RaftServerProxy.java:addNew(89)) - 3a89fe13-06cf-418f-8f75-5f94d4c4010e: addNew group-5E420E0CFA8D:[e789ba9b-afe3-4469-b8b1-fcd8da1d1cad:192.168.105.138:40701, 3a89fe13-06cf-418f-8f75-5f94d4c4010e:192.168.105.138:45007, c67a53e4-8a9d-4803-b27e-5259168f3c5d:192.168.105.138:34231] returns group-5E420E0CFA8D:java.util.concurrent.CompletableFuture@3899d7b8[Not completed]
2019-06-14 05:18:30,133 INFO  impl.RaftServerImpl (RaftServerImpl.java:<init>(91)) - 3a89fe13-06cf-418f-8f75-5f94d4c4010e: new RaftServerImpl for group-5E420E0CFA8D:[e789ba9b-afe3-4469-b8b1-fcd8da1d1cad:192.168.105.138:40701, 3a89fe13-06cf-418f-8f75-5f94d4c4010e:192.168.105.138:45007, c67a53e4-8a9d-4803-b27e-5259168f3c5d:192.168.105.138:34231] with ContainerStateMachine:uninitialized
2019-06-14 05:18:30,133 INFO  server.RaftServerConfigKeys (ConfUtils.java:logGet(43)) - raft.server.rpc.timeout.min = 1s (custom)
2019-06-14 05:18:30,133 INFO  server.RaftServerConfigKeys (ConfUtils.java:logGet(43)) - raft.server.rpc.timeout.max = 1200ms (custom)
2019-06-14 05:18:30,133 INFO  server.RaftServerConfigKeys (ConfUtils.java:logGet(43)) - raft.server.rpcslowness.timeout = 120s (custom)
2019-06-14 05:18:30,133 INFO  server.RaftServerConfigKeys (ConfUtils.java:logGet(43)) - raft.server.log.appender.install.snapshot.enabled = true (default)
2019-06-14 05:18:30,133 INFO  impl.RaftServerImpl (ServerState.java:<init>(101)) - 3a89fe13-06cf-418f-8f75-5f94d4c4010e:group-5E420E0CFA8D ConfigurationManager, init=-1: [e789ba9b-afe3-4469-b8b1-fcd8da1d1cad:192.168.105.138:40701, 3a89fe13-06cf-418f-8f75-5f94d4c4010e:192.168.105.138:45007, c67a53e4-8a9d-4803-b27e-5259168f3c5d:192.168.105.138:34231], old=null, confs=<EMPTY_MAP>
2019-06-14 05:18:30,133 INFO  server.RaftServerConfigKeys (ConfUtils.java:logGet(43)) - raft.server.storage.dir = [/opt/src/hadoop-ozone/integration-test/target/test-dir/MiniOzoneClusterImpl-579fbd7b-422d-4a48-8b03-e8ea5236a9ec/datanode-3/data/ratis] (custom)
2019-06-14 05:18:30,134 INFO  storage.RaftStorageDirectory (RaftStorageDirectory.java:analyzeStorage(246)) - The storage directory /opt/src/hadoop-ozone/integration-test/target/test-dir/MiniOzoneClusterImpl-579fbd7b-422d-4a48-8b03-e8ea5236a9ec/datanode-3/data/ratis/02b4e848-44e7-4b14-a1b5-5e420e0cfa8d does not exist. Creating ...
2019-06-14 05:18:30,136 INFO  storage.RaftStorageDirectory (RaftStorageDirectory.java:tryLock(328)) - Lock on /opt/src/hadoop-ozone/integration-test/target/test-dir/MiniOzoneClusterImpl-579fbd7b-422d-4a48-8b03-e8ea5236a9ec/datanode-3/data/ratis/02b4e848-44e7-4b14-a1b5-5e420e0cfa8d/in_use.lock acquired by nodename 14385@ozone-mtz9k-282064168
2019-06-14 05:18:30,138 INFO  impl.RaftServerProxy (RaftServerProxy.java:addNew(89)) - e789ba9b-afe3-4469-b8b1-fcd8da1d1cad: addNew group-5E420E0CFA8D:[e789ba9b-afe3-4469-b8b1-fcd8da1d1cad:192.168.105.138:40701, 3a89fe13-06cf-418f-8f75-5f94d4c4010e:192.168.105.138:45007, c67a53e4-8a9d-4803-b27e-5259168f3c5d:192.168.105.138:34231] returns group-5E420E0CFA8D:java.util.concurrent.CompletableFuture@5f8dda8b[Not completed]
2019-06-14 05:18:30,138 INFO  impl.RaftServerProxy (RaftServerProxy.java:addNew(89)) - c67a53e4-8a9d-4803-b27e-5259168f3c5d: addNew group-5E420E0CFA8D:[e789ba9b-afe3-4469-b8b1-fcd8da1d1cad:192.168.105.138:40701, 3a89fe13-06cf-418f-8f75-5f94d4c4010e:192.168.105.138:45007, c67a53e4-8a9d-4803-b27e-5259168f3c5d:192.168.105.138:34231] returns group-5E420E0CFA8D:java.util.concurrent.CompletableFuture@7dfc1d64[Not completed]
2019-06-14 05:18:30,138 INFO  impl.RaftServerImpl (RaftServerImpl.java:<init>(91)) - e789ba9b-afe3-4469-b8b1-fcd8da1d1cad: new RaftServerImpl for group-5E420E0CFA8D:[e789ba9b-afe3-4469-b8b1-fcd8da1d1cad:192.168.105.138:40701, 3a89fe13-06cf-418f-8f75-5f94d4c4010e:192.168.105.138:45007, c67a53e4-8a9d-4803-b27e-5259168f3c5d:192.168.105.138:34231] with ContainerStateMachine:uninitialized
2019-06-14 05:18:30,138 INFO  server.RaftServerConfigKeys (ConfUtils.java:logGet(43)) - raft.server.rpc.timeout.min = 1s (custom)
2019-06-14 05:18:30,138 INFO  server.RaftServerConfigKeys (ConfUtils.java:logGet(43)) - raft.server.rpc.timeout.max = 1200ms (custom)
2019-06-14 05:18:30,138 INFO  server.RaftServerConfigKeys (ConfUtils.java:logGet(43)) - raft.server.rpcslowness.timeout = 120s (custom)
2019-06-14 05:18:30,139 INFO  server.RaftServerConfigKeys (ConfUtils.java:logGet(43)) - raft.server.log.appender.install.snapshot.enabled = true (default)
2019-06-14 05:18:30,139 INFO  impl.RaftServerImpl (ServerState.java:<init>(101)) - e789ba9b-afe3-4469-b8b1-fcd8da1d1cad:group-5E420E0CFA8D ConfigurationManager, init=-1: [e789ba9b-afe3-4469-b8b1-fcd8da1d1cad:192.168.105.138:40701, 3a89fe13-06cf-418f-8f75-5f94d4c4010e:192.168.105.138:45007, c67a53e4-8a9d-4803-b27e-5259168f3c5d:192.168.105.138:34231], old=null, confs=<EMPTY_MAP>
2019-06-14 05:18:30,139 INFO  server.RaftServerConfigKeys (ConfUtils.java:logGet(43)) - raft.server.storage.dir = [/opt/src/hadoop-ozone/integration-test/target/test-dir/MiniOzoneClusterImpl-579fbd7b-422d-4a48-8b03-e8ea5236a9ec/datanode-4/data/ratis] (custom)
2019-06-14 05:18:30,139 INFO  storage.RaftStorageDirectory (RaftStorageDirectory.java:analyzeStorage(246)) - The storage directory /opt/src/hadoop-ozone/integration-test/target/test-dir/MiniOzoneClusterImpl-579fbd7b-422d-4a48-8b03-e8ea5236a9ec/datanode-4/data/ratis/02b4e848-44e7-4b14-a1b5-5e420e0cfa8d does not exist. Creating ...
2019-06-14 05:18:30,139 INFO  storage.RaftStorage (RaftStorage.java:format(75)) - Storage directory /opt/src/hadoop-ozone/integration-test/target/test-dir/MiniOzoneClusterImpl-579fbd7b-422d-4a48-8b03-e8ea5236a9ec/datanode-3/data/ratis/02b4e848-44e7-4b14-a1b5-5e420e0cfa8d has been successfully formatted.
2019-06-14 05:18:30,139 INFO  ratis.ContainerStateMachine (ContainerStateMachine.java:loadSnapshot(199)) - The snapshot info is null.Setting the last applied index to:(t:0, i:~)
2019-06-14 05:18:30,139 INFO  server.RaftServerConfigKeys (ConfUtils.java:logGet(43)) - raft.server.leader.election.timeout = 120s (custom)
2019-06-14 05:18:30,140 INFO  server.RaftServerConfigKeys (ConfUtils.java:logGet(43)) - raft.server.log.use.memory = false (default)
2019-06-14 05:18:30,140 INFO  server.RaftServerConfigKeys (ConfUtils.java:logGet(43)) - raft.server.log.appender.buffer.byte-limit = 33554432 (custom)
2019-06-14 05:18:30,140 INFO  server.RaftServerConfigKeys (ConfUtils.java:logGet(43)) - raft.server.log.segment.size.max = 16384 (custom)
2019-06-14 05:18:30,140 INFO  server.RaftServerConfigKeys (ConfUtils.java:logGet(43)) - raft.server.log.segment.cache.num.max = 2 (custom)
2019-06-14 05:18:30,140 INFO  storage.RaftLogWorker (RaftLogWorker.java:<init>(123)) - new 3a89fe13-06cf-418f-8f75-5f94d4c4010e-RaftLogWorker for Storage Directory /opt/src/hadoop-ozone/integration-test/target/test-dir/MiniOzoneClusterImpl-579fbd7b-422d-4a48-8b03-e8ea5236a9ec/datanode-3/data/ratis/02b4e848-44e7-4b14-a1b5-5e420e0cfa8d
2019-06-14 05:18:30,140 INFO  server.RaftServerConfigKeys (ConfUtils.java:logGet(43)) - raft.server.log.queue.byte-limit = 2147483647 (custom)
2019-06-14 05:18:30,140 INFO  server.RaftServerConfigKeys (ConfUtils.java:logGet(43)) - raft.server.log.queue.element-limit = 1024 (custom)
2019-06-14 05:18:30,140 INFO  impl.RaftServerImpl (RaftServerImpl.java:<init>(91)) - c67a53e4-8a9d-4803-b27e-5259168f3c5d: new RaftServerImpl for group-5E420E0CFA8D:[e789ba9b-afe3-4469-b8b1-fcd8da1d1cad:192.168.105.138:40701, 3a89fe13-06cf-418f-8f75-5f94d4c4010e:192.168.105.138:45007, c67a53e4-8a9d-4803-b27e-5259168f3c5d:192.168.105.138:34231] with ContainerStateMachine:uninitialized
2019-06-14 05:18:30,140 INFO  server.RaftServerConfigKeys (ConfUtils.java:logGet(43)) - raft.server.log.segment.size.max = 16384 (custom)
2019-06-14 05:18:30,140 INFO  server.RaftServerConfigKeys (ConfUtils.java:logGet(43)) - raft.server.rpc.timeout.min = 1s (custom)
2019-06-14 05:18:30,140 INFO  server.RaftServerConfigKeys (ConfUtils.java:logGet(43)) - raft.server.log.preallocated.size = 16384 (custom)
2019-06-14 05:18:30,141 INFO  server.RaftServerConfigKeys (ConfUtils.java:logGet(43)) - raft.server.log.write.buffer.size = 33554432 (custom)
2019-06-14 05:18:30,140 INFO  server.RaftServerConfigKeys (ConfUtils.java:logGet(43)) - raft.server.rpc.timeout.max = 1200ms (custom)
2019-06-14 05:18:30,141 INFO  storage.RaftStorageDirectory (RaftStorageDirectory.java:tryLock(328)) - Lock on /opt/src/hadoop-ozone/integration-test/target/test-dir/MiniOzoneClusterImpl-579fbd7b-422d-4a48-8b03-e8ea5236a9ec/datanode-4/data/ratis/02b4e848-44e7-4b14-a1b5-5e420e0cfa8d/in_use.lock acquired by nodename 14385@ozone-mtz9k-282064168
2019-06-14 05:18:30,141 INFO  server.RaftServerConfigKeys (ConfUtils.java:logGet(43)) - raft.server.log.force.sync.num = 128 (default)
2019-06-14 05:18:30,141 INFO  server.RaftServerConfigKeys (ConfUtils.java:logGet(43)) - raft.server.log.statemachine.data.sync = true (default)
2019-06-14 05:18:30,141 INFO  server.RaftServerConfigKeys (ConfUtils.java:logGet(43)) - raft.server.log.statemachine.data.sync.timeout = 10s (default)
2019-06-14 05:18:30,141 INFO  server.RaftServerConfigKeys (ConfUtils.java:logGet(43)) - raft.server.log.statemachine.data.sync.timeout.retry = -1 (default)
2019-06-14 05:18:30,141 INFO  server.RaftServerConfigKeys (ConfUtils.java:logGet(43)) - raft.server.log.statemachine.data.caching.enabled = true (custom)
2019-06-14 05:18:30,141 INFO  server.RaftServerConfigKeys (ConfUtils.java:logGet(43)) - raft.server.rpcslowness.timeout = 120s (custom)
2019-06-14 05:18:30,141 INFO  server.RaftServerConfigKeys (ConfUtils.java:logGet(43)) - raft.server.snapshot.auto.trigger.enabled = true (custom)
2019-06-14 05:18:30,142 INFO  server.RaftServerConfigKeys (ConfUtils.java:logGet(43)) - raft.server.snapshot.auto.trigger.threshold = 10000 (custom)
2019-06-14 05:18:30,142 INFO  server.RaftServerConfigKeys (ConfUtils.java:logGet(43)) - raft.server.retrycache.expirytime = 600000ms (custom)
2019-06-14 05:18:30,142 INFO  impl.RaftServerImpl (RaftServerImpl.java:start(173)) - 3a89fe13-06cf-418f-8f75-5f94d4c4010e: start group-5E420E0CFA8D
2019-06-14 05:18:30,142 INFO  impl.RaftServerImpl (RaftServerImpl.java:setRole(164)) - 3a89fe13-06cf-418f-8f75-5f94d4c4010e:group-5E420E0CFA8D changes role from null to FOLLOWER at term 0 for startAsFollower
2019-06-14 05:18:30,142 INFO  impl.RoleInfo (RoleInfo.java:updateAndGet(143)) - 3a89fe13-06cf-418f-8f75-5f94d4c4010e: start FollowerState
2019-06-14 05:18:30,142 INFO  util.JmxRegister (JmxRegister.java:tryRegister(44)) - Successfully registered JMX Bean with object name Ratis:service=RaftServer,group=group-5E420E0CFA8D,id=3a89fe13-06cf-418f-8f75-5f94d4c4010e
2019-06-14 05:18:30,143 INFO  server.RaftServerConfigKeys (ConfUtils.java:logGet(43)) - raft.server.log.appender.install.snapshot.enabled = true (default)
2019-06-14 05:18:30,143 INFO  impl.RaftServerImpl (ServerState.java:<init>(101)) - c67a53e4-8a9d-4803-b27e-5259168f3c5d:group-5E420E0CFA8D ConfigurationManager, init=-1: [e789ba9b-afe3-4469-b8b1-fcd8da1d1cad:192.168.105.138:40701, 3a89fe13-06cf-418f-8f75-5f94d4c4010e:192.168.105.138:45007, c67a53e4-8a9d-4803-b27e-5259168f3c5d:192.168.105.138:34231], old=null, confs=<EMPTY_MAP>
2019-06-14 05:18:30,143 INFO  server.RaftServerConfigKeys (ConfUtils.java:logGet(43)) - raft.server.storage.dir = [/opt/src/hadoop-ozone/integration-test/target/test-dir/MiniOzoneClusterImpl-579fbd7b-422d-4a48-8b03-e8ea5236a9ec/datanode-5/data/ratis] (custom)
2019-06-14 05:18:30,144 INFO  storage.RaftStorageDirectory (RaftStorageDirectory.java:analyzeStorage(246)) - The storage directory /opt/src/hadoop-ozone/integration-test/target/test-dir/MiniOzoneClusterImpl-579fbd7b-422d-4a48-8b03-e8ea5236a9ec/datanode-5/data/ratis/02b4e848-44e7-4b14-a1b5-5e420e0cfa8d does not exist. Creating ...
2019-06-14 05:18:30,146 INFO  storage.RaftStorageDirectory (RaftStorageDirectory.java:tryLock(328)) - Lock on /opt/src/hadoop-ozone/integration-test/target/test-dir/MiniOzoneClusterImpl-579fbd7b-422d-4a48-8b03-e8ea5236a9ec/datanode-5/data/ratis/02b4e848-44e7-4b14-a1b5-5e420e0cfa8d/in_use.lock acquired by nodename 14385@ozone-mtz9k-282064168
2019-06-14 05:18:30,146 INFO  storage.RaftStorage (RaftStorage.java:format(75)) - Storage directory /opt/src/hadoop-ozone/integration-test/target/test-dir/MiniOzoneClusterImpl-579fbd7b-422d-4a48-8b03-e8ea5236a9ec/datanode-4/data/ratis/02b4e848-44e7-4b14-a1b5-5e420e0cfa8d has been successfully formatted.
2019-06-14 05:18:30,146 INFO  ratis.ContainerStateMachine (ContainerStateMachine.java:loadSnapshot(199)) - The snapshot info is null.Setting the last applied index to:(t:0, i:~)
2019-06-14 05:18:30,147 INFO  server.RaftServerConfigKeys (ConfUtils.java:logGet(43)) - raft.server.leader.election.timeout = 120s (custom)
2019-06-14 05:18:30,147 INFO  server.RaftServerConfigKeys (ConfUtils.java:logGet(43)) - raft.server.log.use.memory = false (default)
2019-06-14 05:18:30,147 INFO  server.RaftServerConfigKeys (ConfUtils.java:logGet(43)) - raft.server.log.appender.buffer.byte-limit = 33554432 (custom)
2019-06-14 05:18:30,147 INFO  server.RaftServerConfigKeys (ConfUtils.java:logGet(43)) - raft.server.log.segment.size.max = 16384 (custom)
2019-06-14 05:18:30,147 INFO  server.RaftServerConfigKeys (ConfUtils.java:logGet(43)) - raft.server.log.segment.cache.num.max = 2 (custom)
2019-06-14 05:18:30,147 INFO  storage.RaftLogWorker (RaftLogWorker.java:<init>(123)) - new e789ba9b-afe3-4469-b8b1-fcd8da1d1cad-RaftLogWorker for Storage Directory /opt/src/hadoop-ozone/integration-test/target/test-dir/MiniOzoneClusterImpl-579fbd7b-422d-4a48-8b03-e8ea5236a9ec/datanode-4/data/ratis/02b4e848-44e7-4b14-a1b5-5e420e0cfa8d
2019-06-14 05:18:30,147 INFO  server.RaftServerConfigKeys (ConfUtils.java:logGet(43)) - raft.server.log.queue.byte-limit = 2147483647 (custom)
2019-06-14 05:18:30,147 INFO  server.RaftServerConfigKeys (ConfUtils.java:logGet(43)) - raft.server.log.queue.element-limit = 1024 (custom)
2019-06-14 05:18:30,147 INFO  server.RaftServerConfigKeys (ConfUtils.java:logGet(43)) - raft.server.log.segment.size.max = 16384 (custom)
2019-06-14 05:18:30,147 INFO  server.RaftServerConfigKeys (ConfUtils.java:logGet(43)) - raft.server.log.preallocated.size = 16384 (custom)
2019-06-14 05:18:30,148 INFO  server.RaftServerConfigKeys (ConfUtils.java:logGet(43)) - raft.server.log.write.buffer.size = 33554432 (custom)
2019-06-14 05:18:30,148 INFO  server.RaftServerConfigKeys (ConfUtils.java:logGet(43)) - raft.server.log.force.sync.num = 128 (default)
2019-06-14 05:18:30,148 INFO  server.RaftServerConfigKeys (ConfUtils.java:logGet(43)) - raft.server.log.statemachine.data.sync = true (default)
2019-06-14 05:18:30,148 INFO  server.RaftServerConfigKeys (ConfUtils.java:logGet(43)) - raft.server.log.statemachine.data.sync.timeout = 10s (default)
2019-06-14 05:18:30,148 INFO  server.RaftServerConfigKeys (ConfUtils.java:logGet(43)) - raft.server.log.statemachine.data.sync.timeout.retry = -1 (default)
2019-06-14 05:18:30,148 INFO  server.RaftServerConfigKeys (ConfUtils.java:logGet(43)) - raft.server.log.statemachine.data.caching.enabled = true (custom)
2019-06-14 05:18:30,148 INFO  storage.RaftStorage (RaftStorage.java:format(75)) - Storage directory /opt/src/hadoop-ozone/integration-test/target/test-dir/MiniOzoneClusterImpl-579fbd7b-422d-4a48-8b03-e8ea5236a9ec/datanode-5/data/ratis/02b4e848-44e7-4b14-a1b5-5e420e0cfa8d has been successfully formatted.
2019-06-14 05:18:30,148 INFO  ratis.ContainerStateMachine (ContainerStateMachine.java:loadSnapshot(199)) - The snapshot info is null.Setting the last applied index to:(t:0, i:~)
2019-06-14 05:18:30,148 INFO  server.RaftServerConfigKeys (ConfUtils.java:logGet(43)) - raft.server.snapshot.auto.trigger.enabled = true (custom)
2019-06-14 05:18:30,148 INFO  server.RaftServerConfigKeys (ConfUtils.java:logGet(43)) - raft.server.leader.election.timeout = 120s (custom)
2019-06-14 05:18:30,149 INFO  server.RaftServerConfigKeys (ConfUtils.java:logGet(43)) - raft.server.snapshot.auto.trigger.threshold = 10000 (custom)
2019-06-14 05:18:30,149 INFO  server.RaftServerConfigKeys (ConfUtils.java:logGet(43)) - raft.server.log.use.memory = false (default)
2019-06-14 05:18:30,149 INFO  server.RaftServerConfigKeys (ConfUtils.java:logGet(43)) - raft.server.retrycache.expirytime = 600000ms (custom)
2019-06-14 05:18:30,149 INFO  server.RaftServerConfigKeys (ConfUtils.java:logGet(43)) - raft.server.log.appender.buffer.byte-limit = 33554432 (custom)
2019-06-14 05:18:30,149 INFO  impl.RaftServerImpl (RaftServerImpl.java:start(173)) - e789ba9b-afe3-4469-b8b1-fcd8da1d1cad: start group-5E420E0CFA8D
2019-06-14 05:18:30,149 INFO  server.RaftServerConfigKeys (ConfUtils.java:logGet(43)) - raft.server.log.segment.size.max = 16384 (custom)
2019-06-14 05:18:30,149 INFO  impl.RaftServerImpl (RaftServerImpl.java:setRole(164)) - e789ba9b-afe3-4469-b8b1-fcd8da1d1cad:group-5E420E0CFA8D changes role from null to FOLLOWER at term 0 for startAsFollower
2019-06-14 05:18:30,149 INFO  server.RaftServerConfigKeys (ConfUtils.java:logGet(43)) - raft.server.log.segment.cache.num.max = 2 (custom)
2019-06-14 05:18:30,149 INFO  impl.RoleInfo (RoleInfo.java:updateAndGet(143)) - e789ba9b-afe3-4469-b8b1-fcd8da1d1cad: start FollowerState
2019-06-14 05:18:30,149 INFO  storage.RaftLogWorker (RaftLogWorker.java:<init>(123)) - new c67a53e4-8a9d-4803-b27e-5259168f3c5d-RaftLogWorker for Storage Directory /opt/src/hadoop-ozone/integration-test/target/test-dir/MiniOzoneClusterImpl-579fbd7b-422d-4a48-8b03-e8ea5236a9ec/datanode-5/data/ratis/02b4e848-44e7-4b14-a1b5-5e420e0cfa8d
2019-06-14 05:18:30,149 INFO  server.RaftServerConfigKeys (ConfUtils.java:logGet(43)) - raft.server.log.queue.byte-limit = 2147483647 (custom)
2019-06-14 05:18:30,150 INFO  util.JmxRegister (JmxRegister.java:tryRegister(44)) - Successfully registered JMX Bean with object name Ratis:service=RaftServer,group=group-5E420E0CFA8D,id=e789ba9b-afe3-4469-b8b1-fcd8da1d1cad
2019-06-14 05:18:30,150 INFO  server.RaftServerConfigKeys (ConfUtils.java:logGet(43)) - raft.server.log.queue.element-limit = 1024 (custom)
2019-06-14 05:18:30,150 INFO  server.RaftServerConfigKeys (ConfUtils.java:logGet(43)) - raft.server.log.segment.size.max = 16384 (custom)
2019-06-14 05:18:30,150 INFO  server.RaftServerConfigKeys (ConfUtils.java:logGet(43)) - raft.server.log.preallocated.size = 16384 (custom)
2019-06-14 05:18:30,150 INFO  server.RaftServerConfigKeys (ConfUtils.java:logGet(43)) - raft.server.log.write.buffer.size = 33554432 (custom)
2019-06-14 05:18:30,150 INFO  server.RaftServerConfigKeys (ConfUtils.java:logGet(43)) - raft.server.log.force.sync.num = 128 (default)
2019-06-14 05:18:30,150 INFO  server.RaftServerConfigKeys (ConfUtils.java:logGet(43)) - raft.server.log.statemachine.data.sync = true (default)
2019-06-14 05:18:30,150 INFO  server.RaftServerConfigKeys (ConfUtils.java:logGet(43)) - raft.server.log.statemachine.data.sync.timeout = 10s (default)
2019-06-14 05:18:30,150 INFO  server.RaftServerConfigKeys (ConfUtils.java:logGet(43)) - raft.server.log.statemachine.data.sync.timeout.retry = -1 (default)
2019-06-14 05:18:30,151 INFO  server.RaftServerConfigKeys (ConfUtils.java:logGet(43)) - raft.server.log.statemachine.data.caching.enabled = true (custom)
2019-06-14 05:18:30,152 INFO  server.RaftServerConfigKeys (ConfUtils.java:logGet(43)) - raft.server.snapshot.auto.trigger.enabled = true (custom)
2019-06-14 05:18:30,153 INFO  server.RaftServerConfigKeys (ConfUtils.java:logGet(43)) - raft.server.snapshot.auto.trigger.threshold = 10000 (custom)
2019-06-14 05:18:30,153 INFO  server.RaftServerConfigKeys (ConfUtils.java:logGet(43)) - raft.server.retrycache.expirytime = 600000ms (custom)
2019-06-14 05:18:30,153 INFO  impl.RaftServerImpl (RaftServerImpl.java:start(173)) - c67a53e4-8a9d-4803-b27e-5259168f3c5d: start group-5E420E0CFA8D
2019-06-14 05:18:30,153 INFO  impl.RaftServerImpl (RaftServerImpl.java:setRole(164)) - c67a53e4-8a9d-4803-b27e-5259168f3c5d:group-5E420E0CFA8D changes role from null to FOLLOWER at term 0 for startAsFollower
2019-06-14 05:18:30,153 INFO  impl.RoleInfo (RoleInfo.java:updateAndGet(143)) - c67a53e4-8a9d-4803-b27e-5259168f3c5d: start FollowerState
2019-06-14 05:18:30,153 INFO  util.JmxRegister (JmxRegister.java:tryRegister(44)) - Successfully registered JMX Bean with object name Ratis:service=RaftServer,group=group-5E420E0CFA8D,id=c67a53e4-8a9d-4803-b27e-5259168f3c5d
2019-06-14 05:18:30,159 INFO  pipeline.PipelineStateManager (PipelineStateManager.java:addPipeline(56)) - Created pipeline Pipeline[ Id: 02b4e848-44e7-4b14-a1b5-5e420e0cfa8d, Nodes: 3a89fe13-06cf-418f-8f75-5f94d4c4010e{ip: 192.168.105.138, host: ozone-mtz9k-282064168, networkLocation: /default-rack, certSerialId: null}e789ba9b-afe3-4469-b8b1-fcd8da1d1cad{ip: 192.168.105.138, host: ozone-mtz9k-282064168, networkLocation: /default-rack, certSerialId: null}c67a53e4-8a9d-4803-b27e-5259168f3c5d{ip: 192.168.105.138, host: ozone-mtz9k-282064168, networkLocation: /default-rack, certSerialId: null}, Type:RATIS, Factor:THREE, State:OPEN]
2019-06-14 05:18:30,247 INFO  ozone.MiniOzoneClusterImpl (MiniOzoneClusterImpl.java:lambda$waitForClusterToBeReady$0(142)) - Waiting for cluster to be ready. Got 6 of 7 DN Heartbeats.
2019-06-14 05:18:30,251 INFO  node.SCMNodeManager (SCMNodeManager.java:register(234)) - Registered Data node : 481ef27e-8863-4d10-b08e-4de14831e444{ip: 192.168.105.138, host: ozone-mtz9k-282064168, networkLocation: /default-rack, certSerialId: null}
2019-06-14 05:18:30,262 INFO  impl.RaftServerProxy (RaftServerProxy.java:addNew(89)) - 481ef27e-8863-4d10-b08e-4de14831e444: addNew group-0EB2A4641B36:[481ef27e-8863-4d10-b08e-4de14831e444:192.168.105.138:36655] returns group-0EB2A4641B36:java.util.concurrent.CompletableFuture@d57689b[Not completed]
2019-06-14 05:18:30,262 INFO  impl.RaftServerImpl (RaftServerImpl.java:<init>(91)) - 481ef27e-8863-4d10-b08e-4de14831e444: new RaftServerImpl for group-0EB2A4641B36:[481ef27e-8863-4d10-b08e-4de14831e444:192.168.105.138:36655] with ContainerStateMachine:uninitialized
2019-06-14 05:18:30,262 INFO  server.RaftServerConfigKeys (ConfUtils.java:logGet(43)) - raft.server.rpc.timeout.min = 1s (custom)
2019-06-14 05:18:30,262 INFO  server.RaftServerConfigKeys (ConfUtils.java:logGet(43)) - raft.server.rpc.timeout.max = 1200ms (custom)
2019-06-14 05:18:30,262 INFO  server.RaftServerConfigKeys (ConfUtils.java:logGet(43)) - raft.server.rpcslowness.timeout = 120s (custom)
2019-06-14 05:18:30,262 INFO  server.RaftServerConfigKeys (ConfUtils.java:logGet(43)) - raft.server.log.appender.install.snapshot.enabled = true (default)
2019-06-14 05:18:30,263 INFO  impl.RaftServerImpl (ServerState.java:<init>(101)) - 481ef27e-8863-4d10-b08e-4de14831e444:group-0EB2A4641B36 ConfigurationManager, init=-1: [481ef27e-8863-4d10-b08e-4de14831e444:192.168.105.138:36655], old=null, confs=<EMPTY_MAP>
2019-06-14 05:18:30,263 INFO  server.RaftServerConfigKeys (ConfUtils.java:logGet(43)) - raft.server.storage.dir = [/opt/src/hadoop-ozone/integration-test/target/test-dir/MiniOzoneClusterImpl-579fbd7b-422d-4a48-8b03-e8ea5236a9ec/datanode-6/data/ratis] (custom)
2019-06-14 05:18:30,263 INFO  storage.RaftStorageDirectory (RaftStorageDirectory.java:analyzeStorage(246)) - The storage directory /opt/src/hadoop-ozone/integration-test/target/test-dir/MiniOzoneClusterImpl-579fbd7b-422d-4a48-8b03-e8ea5236a9ec/datanode-6/data/ratis/d7bb3743-e041-4671-80da-0eb2a4641b36 does not exist. Creating ...
2019-06-14 05:18:30,265 INFO  storage.RaftStorageDirectory (RaftStorageDirectory.java:tryLock(328)) - Lock on /opt/src/hadoop-ozone/integration-test/target/test-dir/MiniOzoneClusterImpl-579fbd7b-422d-4a48-8b03-e8ea5236a9ec/datanode-6/data/ratis/d7bb3743-e041-4671-80da-0eb2a4641b36/in_use.lock acquired by nodename 14385@ozone-mtz9k-282064168
2019-06-14 05:18:30,267 INFO  storage.RaftStorage (RaftStorage.java:format(75)) - Storage directory /opt/src/hadoop-ozone/integration-test/target/test-dir/MiniOzoneClusterImpl-579fbd7b-422d-4a48-8b03-e8ea5236a9ec/datanode-6/data/ratis/d7bb3743-e041-4671-80da-0eb2a4641b36 has been successfully formatted.
2019-06-14 05:18:30,267 INFO  ratis.ContainerStateMachine (ContainerStateMachine.java:loadSnapshot(199)) - The snapshot info is null.Setting the last applied index to:(t:0, i:~)
2019-06-14 05:18:30,267 INFO  server.RaftServerConfigKeys (ConfUtils.java:logGet(43)) - raft.server.leader.election.timeout = 120s (custom)
2019-06-14 05:18:30,267 INFO  server.RaftServerConfigKeys (ConfUtils.java:logGet(43)) - raft.server.log.use.memory = false (default)
2019-06-14 05:18:30,267 INFO  server.RaftServerConfigKeys (ConfUtils.java:logGet(43)) - raft.server.log.appender.buffer.byte-limit = 33554432 (custom)
2019-06-14 05:18:30,267 INFO  server.RaftServerConfigKeys (ConfUtils.java:logGet(43)) - raft.server.log.segment.size.max = 16384 (custom)
2019-06-14 05:18:30,267 INFO  server.RaftServerConfigKeys (ConfUtils.java:logGet(43)) - raft.server.log.segment.cache.num.max = 2 (custom)
2019-06-14 05:18:30,267 INFO  storage.RaftLogWorker (RaftLogWorker.java:<init>(123)) - new 481ef27e-8863-4d10-b08e-4de14831e444-RaftLogWorker for Storage Directory /opt/src/hadoop-ozone/integration-test/target/test-dir/MiniOzoneClusterImpl-579fbd7b-422d-4a48-8b03-e8ea5236a9ec/datanode-6/data/ratis/d7bb3743-e041-4671-80da-0eb2a4641b36
2019-06-14 05:18:30,267 INFO  server.RaftServerConfigKeys (ConfUtils.java:logGet(43)) - raft.server.log.queue.byte-limit = 2147483647 (custom)
2019-06-14 05:18:30,267 INFO  server.RaftServerConfigKeys (ConfUtils.java:logGet(43)) - raft.server.log.queue.element-limit = 1024 (custom)
2019-06-14 05:18:30,267 INFO  server.RaftServerConfigKeys (ConfUtils.java:logGet(43)) - raft.server.log.segment.size.max = 16384 (custom)
2019-06-14 05:18:30,268 INFO  server.RaftServerConfigKeys (ConfUtils.java:logGet(43)) - raft.server.log.preallocated.size = 16384 (custom)
2019-06-14 05:18:30,268 INFO  server.RaftServerConfigKeys (ConfUtils.java:logGet(43)) - raft.server.log.write.buffer.size = 33554432 (custom)
2019-06-14 05:18:30,268 INFO  server.RaftServerConfigKeys (ConfUtils.java:logGet(43)) - raft.server.log.force.sync.num = 128 (default)
2019-06-14 05:18:30,268 INFO  server.RaftServerConfigKeys (ConfUtils.java:logGet(43)) - raft.server.log.statemachine.data.sync = true (default)
2019-06-14 05:18:30,268 INFO  server.RaftServerConfigKeys (ConfUtils.java:logGet(43)) - raft.server.log.statemachine.data.sync.timeout = 10s (default)
2019-06-14 05:18:30,268 INFO  server.RaftServerConfigKeys (ConfUtils.java:logGet(43)) - raft.server.log.statemachine.data.sync.timeout.retry = -1 (default)
2019-06-14 05:18:30,268 INFO  server.RaftServerConfigKeys (ConfUtils.java:logGet(43)) - raft.server.log.statemachine.data.caching.enabled = true (custom)
2019-06-14 05:18:30,268 INFO  server.RaftServerConfigKeys (ConfUtils.java:logGet(43)) - raft.server.snapshot.auto.trigger.enabled = true (custom)
2019-06-14 05:18:30,268 INFO  server.RaftServerConfigKeys (ConfUtils.java:logGet(43)) - raft.server.snapshot.auto.trigger.threshold = 10000 (custom)
2019-06-14 05:18:30,268 INFO  server.RaftServerConfigKeys (ConfUtils.java:logGet(43)) - raft.server.retrycache.expirytime = 600000ms (custom)
2019-06-14 05:18:30,269 INFO  impl.RaftServerImpl (RaftServerImpl.java:start(173)) - 481ef27e-8863-4d10-b08e-4de14831e444: start group-0EB2A4641B36
2019-06-14 05:18:30,269 INFO  impl.RaftServerImpl (RaftServerImpl.java:setRole(164)) - 481ef27e-8863-4d10-b08e-4de14831e444:group-0EB2A4641B36 changes role from null to FOLLOWER at term 0 for startAsFollower
2019-06-14 05:18:30,269 INFO  impl.RoleInfo (RoleInfo.java:updateAndGet(143)) - 481ef27e-8863-4d10-b08e-4de14831e444: start FollowerState
2019-06-14 05:18:30,269 INFO  util.JmxRegister (JmxRegister.java:tryRegister(44)) - Successfully registered JMX Bean with object name Ratis:service=RaftServer,group=group-0EB2A4641B36,id=481ef27e-8863-4d10-b08e-4de14831e444
2019-06-14 05:18:30,270 INFO  pipeline.PipelineStateManager (PipelineStateManager.java:addPipeline(56)) - Created pipeline Pipeline[ Id: d7bb3743-e041-4671-80da-0eb2a4641b36, Nodes: 481ef27e-8863-4d10-b08e-4de14831e444{ip: 192.168.105.138, host: ozone-mtz9k-282064168, networkLocation: /default-rack, certSerialId: null}, Type:RATIS, Factor:ONE, State:OPEN]
2019-06-14 05:18:30,521 INFO  impl.FollowerState (FollowerState.java:run(101)) - b2cf14e4-6b4a-4f38-b629-bce71e6d00f0:group-FA0BDA6961AA changes to CANDIDATE, lastRpcTime:1155, electionTimeout:1155ms
2019-06-14 05:18:30,521 INFO  impl.RoleInfo (RoleInfo.java:shutdownFollowerState(121)) - b2cf14e4-6b4a-4f38-b629-bce71e6d00f0: shutdown FollowerState
2019-06-14 05:18:30,521 INFO  impl.RaftServerImpl (RaftServerImpl.java:setRole(164)) - b2cf14e4-6b4a-4f38-b629-bce71e6d00f0:group-FA0BDA6961AA changes role from FOLLOWER to CANDIDATE at term 0 for changeToCandidate
2019-06-14 05:18:30,521 INFO  impl.RoleInfo (RoleInfo.java:updateAndGet(143)) - b2cf14e4-6b4a-4f38-b629-bce71e6d00f0: start LeaderElection
2019-06-14 05:18:30,528 INFO  impl.LeaderElection (LeaderElection.java:askForVotes(181)) - b2cf14e4-6b4a-4f38-b629-bce71e6d00f0:group-FA0BDA6961AA:LeaderElection26: begin an election at term 1 for -1: [b2cf14e4-6b4a-4f38-b629-bce71e6d00f0:192.168.105.138:40843], old=null
2019-06-14 05:18:30,528 INFO  impl.RoleInfo (RoleInfo.java:shutdownLeaderElection(134)) - b2cf14e4-6b4a-4f38-b629-bce71e6d00f0: shutdown LeaderElection
2019-06-14 05:18:30,528 INFO  impl.RaftServerImpl (RaftServerImpl.java:setRole(164)) - b2cf14e4-6b4a-4f38-b629-bce71e6d00f0:group-FA0BDA6961AA changes role from CANDIDATE to LEADER at term 1 for changeToLeader
2019-06-14 05:18:30,528 INFO  impl.RaftServerImpl (ServerState.java:setLeader(263)) - b2cf14e4-6b4a-4f38-b629-bce71e6d00f0:group-FA0BDA6961AA change Leader from null to b2cf14e4-6b4a-4f38-b629-bce71e6d00f0 at term 1 for becomeLeader, leader elected after 1164ms
2019-06-14 05:18:30,528 INFO  server.RaftServerConfigKeys (ConfUtils.java:logGet(43)) - raft.server.staging.catchup.gap = 1000 (default)
2019-06-14 05:18:30,528 INFO  server.RaftServerConfigKeys (ConfUtils.java:logGet(43)) - raft.server.rpc.sleep.time = 25ms (default)
2019-06-14 05:18:30,529 INFO  server.RaftServerConfigKeys (ConfUtils.java:logGet(43)) - raft.server.watch.timeout = 10s (default)
2019-06-14 05:18:30,529 INFO  server.RaftServerConfigKeys (ConfUtils.java:logGet(43)) - raft.server.watch.timeout.denomination = 1s (default)
2019-06-14 05:18:30,529 INFO  impl.RoleInfo (RoleInfo.java:updateAndGet(143)) - b2cf14e4-6b4a-4f38-b629-bce71e6d00f0: start LeaderState
2019-06-14 05:18:30,529 INFO  storage.RaftLogWorker (RaftLogWorker.java:startLogSegment(298)) - b2cf14e4-6b4a-4f38-b629-bce71e6d00f0-RaftLogWorker: Starting segment from index:0
2019-06-14 05:18:30,529 INFO  impl.RaftServerImpl (ServerState.java:setRaftConf(361)) - b2cf14e4-6b4a-4f38-b629-bce71e6d00f0:group-FA0BDA6961AA set configuration 0: [b2cf14e4-6b4a-4f38-b629-bce71e6d00f0:192.168.105.138:40843], old=null at 0
2019-06-14 05:18:30,565 INFO  storage.RaftLogWorker (RaftLogWorker.java:execute(469)) - b2cf14e4-6b4a-4f38-b629-bce71e6d00f0-RaftLogWorker: created new log segment /opt/src/hadoop-ozone/integration-test/target/test-dir/MiniOzoneClusterImpl-579fbd7b-422d-4a48-8b03-e8ea5236a9ec/datanode-0/data/ratis/ddaccade-1a55-46a6-95c7-fa0bda6961aa/current/log_inprogress_0
2019-06-14 05:18:30,633 INFO  impl.FollowerState (FollowerState.java:run(101)) - 2a1bcffd-7f8d-49f5-89de-90db11ce442c:group-1769625AD6C1 changes to CANDIDATE, lastRpcTime:1107, electionTimeout:1107ms
2019-06-14 05:18:30,633 INFO  impl.RoleInfo (RoleInfo.java:shutdownFollowerState(121)) - 2a1bcffd-7f8d-49f5-89de-90db11ce442c: shutdown FollowerState
2019-06-14 05:18:30,633 INFO  impl.RaftServerImpl (RaftServerImpl.java:setRole(164)) - 2a1bcffd-7f8d-49f5-89de-90db11ce442c:group-1769625AD6C1 changes role from FOLLOWER to CANDIDATE at term 0 for changeToCandidate
2019-06-14 05:18:30,633 INFO  impl.RoleInfo (RoleInfo.java:updateAndGet(143)) - 2a1bcffd-7f8d-49f5-89de-90db11ce442c: start LeaderElection
2019-06-14 05:18:30,645 INFO  impl.LeaderElection (LeaderElection.java:askForVotes(181)) - 2a1bcffd-7f8d-49f5-89de-90db11ce442c:group-1769625AD6C1:LeaderElection27: begin an election at term 1 for -1: [2a1bcffd-7f8d-49f5-89de-90db11ce442c:192.168.105.138:39053], old=null
2019-06-14 05:18:30,645 INFO  impl.RoleInfo (RoleInfo.java:shutdownLeaderElection(134)) - 2a1bcffd-7f8d-49f5-89de-90db11ce442c: shutdown LeaderElection
2019-06-14 05:18:30,645 INFO  impl.RaftServerImpl (RaftServerImpl.java:setRole(164)) - 2a1bcffd-7f8d-49f5-89de-90db11ce442c:group-1769625AD6C1 changes role from CANDIDATE to LEADER at term 1 for changeToLeader
2019-06-14 05:18:30,645 INFO  impl.RaftServerImpl (ServerState.java:setLeader(263)) - 2a1bcffd-7f8d-49f5-89de-90db11ce442c:group-1769625AD6C1 change Leader from null to 2a1bcffd-7f8d-49f5-89de-90db11ce442c at term 1 for becomeLeader, leader elected after 1121ms
2019-06-14 05:18:30,645 INFO  server.RaftServerConfigKeys (ConfUtils.java:logGet(43)) - raft.server.staging.catchup.gap = 1000 (default)
2019-06-14 05:18:30,645 INFO  server.RaftServerConfigKeys (ConfUtils.java:logGet(43)) - raft.server.rpc.sleep.time = 25ms (default)
2019-06-14 05:18:30,647 INFO  server.RaftServerConfigKeys (ConfUtils.java:logGet(43)) - raft.server.watch.timeout = 10s (default)
2019-06-14 05:18:30,647 INFO  server.RaftServerConfigKeys (ConfUtils.java:logGet(43)) - raft.server.watch.timeout.denomination = 1s (default)
2019-06-14 05:18:30,647 INFO  impl.RoleInfo (RoleInfo.java:updateAndGet(143)) - 2a1bcffd-7f8d-49f5-89de-90db11ce442c: start LeaderState
2019-06-14 05:18:30,647 INFO  storage.RaftLogWorker (RaftLogWorker.java:startLogSegment(298)) - 2a1bcffd-7f8d-49f5-89de-90db11ce442c-RaftLogWorker: Starting segment from index:0
2019-06-14 05:18:30,648 INFO  impl.RaftServerImpl (ServerState.java:setRaftConf(361)) - 2a1bcffd-7f8d-49f5-89de-90db11ce442c:group-1769625AD6C1 set configuration 0: [2a1bcffd-7f8d-49f5-89de-90db11ce442c:192.168.105.138:39053], old=null at 0
2019-06-14 05:18:30,684 INFO  storage.RaftLogWorker (RaftLogWorker.java:execute(469)) - 2a1bcffd-7f8d-49f5-89de-90db11ce442c-RaftLogWorker: created new log segment /opt/src/hadoop-ozone/integration-test/target/test-dir/MiniOzoneClusterImpl-579fbd7b-422d-4a48-8b03-e8ea5236a9ec/datanode-1/data/ratis/4077278c-f3f7-4543-b965-1769625ad6c1/current/log_inprogress_0
2019-06-14 05:18:30,724 INFO  impl.FollowerState (FollowerState.java:run(101)) - 15dee7dd-9b62-4ae0-8896-937f24d9341b:group-2CCA2C521434 changes to CANDIDATE, lastRpcTime:1004, electionTimeout:1003ms
2019-06-14 05:18:30,724 INFO  impl.RoleInfo (RoleInfo.java:shutdownFollowerState(121)) - 15dee7dd-9b62-4ae0-8896-937f24d9341b: shutdown FollowerState
2019-06-14 05:18:30,724 INFO  impl.RaftServerImpl (RaftServerImpl.java:setRole(164)) - 15dee7dd-9b62-4ae0-8896-937f24d9341b:group-2CCA2C521434 changes role from FOLLOWER to CANDIDATE at term 0 for changeToCandidate
2019-06-14 05:18:30,724 INFO  impl.RoleInfo (RoleInfo.java:updateAndGet(143)) - 15dee7dd-9b62-4ae0-8896-937f24d9341b: start LeaderElection
2019-06-14 05:18:30,731 INFO  impl.LeaderElection (LeaderElection.java:askForVotes(181)) - 15dee7dd-9b62-4ae0-8896-937f24d9341b:group-2CCA2C521434:LeaderElection28: begin an election at term 1 for -1: [15dee7dd-9b62-4ae0-8896-937f24d9341b:192.168.105.138:44781, 2a1bcffd-7f8d-49f5-89de-90db11ce442c:192.168.105.138:39053, b2cf14e4-6b4a-4f38-b629-bce71e6d00f0:192.168.105.138:40843], old=null
2019-06-14 05:18:30,740 INFO  impl.RaftServerImpl (RaftServerImpl.java:setRole(164)) - 2a1bcffd-7f8d-49f5-89de-90db11ce442c:group-2CCA2C521434 changes role from FOLLOWER to FOLLOWER at term 1 for recognizeCandidate:15dee7dd-9b62-4ae0-8896-937f24d9341b
2019-06-14 05:18:30,741 INFO  impl.RoleInfo (RoleInfo.java:shutdownFollowerState(121)) - 2a1bcffd-7f8d-49f5-89de-90db11ce442c: shutdown FollowerState
2019-06-14 05:18:30,741 INFO  impl.RoleInfo (RoleInfo.java:updateAndGet(143)) - 2a1bcffd-7f8d-49f5-89de-90db11ce442c: start FollowerState
2019-06-14 05:18:30,741 INFO  impl.FollowerState (FollowerState.java:run(109)) - 2a1bcffd-7f8d-49f5-89de-90db11ce442c: FollowerState was interrupted: java.lang.InterruptedException: sleep interrupted
2019-06-14 05:18:30,745 INFO  impl.RaftServerImpl (RaftServerImpl.java:setRole(164)) - b2cf14e4-6b4a-4f38-b629-bce71e6d00f0:group-2CCA2C521434 changes role from FOLLOWER to FOLLOWER at term 1 for recognizeCandidate:15dee7dd-9b62-4ae0-8896-937f24d9341b
2019-06-14 05:18:30,745 INFO  impl.RoleInfo (RoleInfo.java:shutdownFollowerState(121)) - b2cf14e4-6b4a-4f38-b629-bce71e6d00f0: shutdown FollowerState
2019-06-14 05:18:30,745 INFO  impl.RoleInfo (RoleInfo.java:updateAndGet(143)) - b2cf14e4-6b4a-4f38-b629-bce71e6d00f0: start FollowerState
2019-06-14 05:18:30,745 INFO  impl.FollowerState (FollowerState.java:run(109)) - b2cf14e4-6b4a-4f38-b629-bce71e6d00f0: FollowerState was interrupted: java.lang.InterruptedException: sleep interrupted
2019-06-14 05:18:30,747 INFO  impl.LeaderElection (LeaderElection.java:logAndReturn(56)) - 15dee7dd-9b62-4ae0-8896-937f24d9341b:group-2CCA2C521434:LeaderElection28: Election PASSED; received 1 response(s) [15dee7dd-9b62-4ae0-8896-937f24d9341b->2a1bcffd-7f8d-49f5-89de-90db11ce442c,true-t1] and 0 exception(s); 15dee7dd-9b62-4ae0-8896-937f24d9341b:t1, leader=null, voted=15dee7dd-9b62-4ae0-8896-937f24d9341b, raftlog=15dee7dd-9b62-4ae0-8896-937f24d9341b-SegmentedRaftLog:OPENED:c-1,f-1,i0, conf=-1: [15dee7dd-9b62-4ae0-8896-937f24d9341b:192.168.105.138:44781, 2a1bcffd-7f8d-49f5-89de-90db11ce442c:192.168.105.138:39053, b2cf14e4-6b4a-4f38-b629-bce71e6d00f0:192.168.105.138:40843], old=null
2019-06-14 05:18:30,747 INFO  impl.RoleInfo (RoleInfo.java:shutdownLeaderElection(134)) - 15dee7dd-9b62-4ae0-8896-937f24d9341b: shutdown LeaderElection
2019-06-14 05:18:30,747 INFO  impl.RaftServerImpl (RaftServerImpl.java:setRole(164)) - 15dee7dd-9b62-4ae0-8896-937f24d9341b:group-2CCA2C521434 changes role from CANDIDATE to LEADER at term 1 for changeToLeader
2019-06-14 05:18:30,747 INFO  impl.RaftServerImpl (ServerState.java:setLeader(263)) - 15dee7dd-9b62-4ae0-8896-937f24d9341b:group-2CCA2C521434 change Leader from null to 15dee7dd-9b62-4ae0-8896-937f24d9341b at term 1 for becomeLeader, leader elected after 1035ms
2019-06-14 05:18:30,747 INFO  server.RaftServerConfigKeys (ConfUtils.java:logGet(43)) - raft.server.staging.catchup.gap = 1000 (default)
2019-06-14 05:18:30,747 INFO  server.RaftServerConfigKeys (ConfUtils.java:logGet(43)) - raft.server.rpc.sleep.time = 25ms (default)
2019-06-14 05:18:30,747 INFO  server.RaftServerConfigKeys (ConfUtils.java:logGet(43)) - raft.server.watch.timeout = 10s (default)
2019-06-14 05:18:30,747 INFO  server.RaftServerConfigKeys (ConfUtils.java:logGet(43)) - raft.server.watch.timeout.denomination = 1s (default)
2019-06-14 05:18:30,747 INFO  server.RaftServerConfigKeys (ConfUtils.java:logGet(43)) - raft.server.log.appender.snapshot.chunk.size.max = 16MB (=16777216) (default)
2019-06-14 05:18:30,747 INFO  server.RaftServerConfigKeys (ConfUtils.java:logGet(43)) - raft.server.log.appender.buffer.byte-limit = 33554432 (custom)
2019-06-14 05:18:30,748 INFO  server.RaftServerConfigKeys (ConfUtils.java:logGet(43)) - raft.server.log.appender.buffer.element-limit = 1 (custom)
2019-06-14 05:18:30,748 INFO  grpc.GrpcConfigKeys$Server (ConfUtils.java:logGet(43)) - raft.grpc.server.leader.outstanding.appends.max = 128 (default)
2019-06-14 05:18:30,748 INFO  server.RaftServerConfigKeys (ConfUtils.java:logGet(43)) - raft.server.rpc.request.timeout = 3000ms (default)
2019-06-14 05:18:30,748 INFO  server.RaftServerConfigKeys (ConfUtils.java:logGet(43)) - raft.server.log.appender.install.snapshot.enabled = true (default)
2019-06-14 05:18:30,748 INFO  server.RaftServerConfigKeys (ConfUtils.java:logGet(43)) - raft.server.log.appender.snapshot.chunk.size.max = 16MB (=16777216) (default)
2019-06-14 05:18:30,748 INFO  server.RaftServerConfigKeys (ConfUtils.java:logGet(43)) - raft.server.log.appender.buffer.byte-limit = 33554432 (custom)
2019-06-14 05:18:30,748 INFO  server.RaftServerConfigKeys (ConfUtils.java:logGet(43)) - raft.server.log.appender.buffer.element-limit = 1 (custom)
2019-06-14 05:18:30,748 INFO  grpc.GrpcConfigKeys$Server (ConfUtils.java:logGet(43)) - raft.grpc.server.leader.outstanding.appends.max = 128 (default)
2019-06-14 05:18:30,748 INFO  server.RaftServerConfigKeys (ConfUtils.java:logGet(43)) - raft.server.rpc.request.timeout = 3000ms (default)
2019-06-14 05:18:30,748 INFO  server.RaftServerConfigKeys (ConfUtils.java:logGet(43)) - raft.server.log.appender.install.snapshot.enabled = true (default)
2019-06-14 05:18:30,748 INFO  impl.RoleInfo (RoleInfo.java:updateAndGet(143)) - 15dee7dd-9b62-4ae0-8896-937f24d9341b: start LeaderState
2019-06-14 05:18:30,749 INFO  storage.RaftLogWorker (RaftLogWorker.java:startLogSegment(298)) - 15dee7dd-9b62-4ae0-8896-937f24d9341b-RaftLogWorker: Starting segment from index:0
2019-06-14 05:18:30,750 INFO  impl.RaftServerImpl (ServerState.java:setRaftConf(361)) - 15dee7dd-9b62-4ae0-8896-937f24d9341b:group-2CCA2C521434 set configuration 0: [15dee7dd-9b62-4ae0-8896-937f24d9341b:192.168.105.138:44781, 2a1bcffd-7f8d-49f5-89de-90db11ce442c:192.168.105.138:39053, b2cf14e4-6b4a-4f38-b629-bce71e6d00f0:192.168.105.138:40843], old=null at 0
2019-06-14 05:18:30,769 INFO  impl.RaftServerImpl (ServerState.java:setLeader(263)) - 2a1bcffd-7f8d-49f5-89de-90db11ce442c:group-2CCA2C521434 change Leader from null to 15dee7dd-9b62-4ae0-8896-937f24d9341b at term 1 for appendEntries, leader elected after 1060ms
2019-06-14 05:18:30,769 INFO  impl.RaftServerImpl (ServerState.java:setLeader(263)) - b2cf14e4-6b4a-4f38-b629-bce71e6d00f0:group-2CCA2C521434 change Leader from null to 15dee7dd-9b62-4ae0-8896-937f24d9341b at term 1 for appendEntries, leader elected after 1061ms
2019-06-14 05:18:30,790 INFO  storage.RaftLogWorker (RaftLogWorker.java:execute(469)) - 15dee7dd-9b62-4ae0-8896-937f24d9341b-RaftLogWorker: created new log segment /opt/src/hadoop-ozone/integration-test/target/test-dir/MiniOzoneClusterImpl-579fbd7b-422d-4a48-8b03-e8ea5236a9ec/datanode-2/data/ratis/5a524b1e-8b0b-47d4-9106-2cca2c521434/current/log_inprogress_0
2019-06-14 05:18:30,792 INFO  impl.RaftServerImpl (ServerState.java:setRaftConf(361)) - 2a1bcffd-7f8d-49f5-89de-90db11ce442c:group-2CCA2C521434 set configuration 0: [15dee7dd-9b62-4ae0-8896-937f24d9341b:192.168.105.138:44781, 2a1bcffd-7f8d-49f5-89de-90db11ce442c:192.168.105.138:39053, b2cf14e4-6b4a-4f38-b629-bce71e6d00f0:192.168.105.138:40843], old=null at 0
2019-06-14 05:18:30,792 INFO  storage.RaftLogWorker (RaftLogWorker.java:startLogSegment(298)) - 2a1bcffd-7f8d-49f5-89de-90db11ce442c-RaftLogWorker: Starting segment from index:0
2019-06-14 05:18:30,794 INFO  impl.RaftServerImpl (ServerState.java:setRaftConf(361)) - b2cf14e4-6b4a-4f38-b629-bce71e6d00f0:group-2CCA2C521434 set configuration 0: [15dee7dd-9b62-4ae0-8896-937f24d9341b:192.168.105.138:44781, 2a1bcffd-7f8d-49f5-89de-90db11ce442c:192.168.105.138:39053, b2cf14e4-6b4a-4f38-b629-bce71e6d00f0:192.168.105.138:40843], old=null at 0
2019-06-14 05:18:30,794 INFO  storage.RaftLogWorker (RaftLogWorker.java:startLogSegment(298)) - b2cf14e4-6b4a-4f38-b629-bce71e6d00f0-RaftLogWorker: Starting segment from index:0
2019-06-14 05:18:30,838 INFO  storage.RaftLogWorker (RaftLogWorker.java:execute(469)) - 2a1bcffd-7f8d-49f5-89de-90db11ce442c-RaftLogWorker: created new log segment /opt/src/hadoop-ozone/integration-test/target/test-dir/MiniOzoneClusterImpl-579fbd7b-422d-4a48-8b03-e8ea5236a9ec/datanode-1/data/ratis/5a524b1e-8b0b-47d4-9106-2cca2c521434/current/log_inprogress_0
2019-06-14 05:18:30,839 INFO  storage.RaftLogWorker (RaftLogWorker.java:execute(469)) - b2cf14e4-6b4a-4f38-b629-bce71e6d00f0-RaftLogWorker: created new log segment /opt/src/hadoop-ozone/integration-test/target/test-dir/MiniOzoneClusterImpl-579fbd7b-422d-4a48-8b03-e8ea5236a9ec/datanode-0/data/ratis/5a524b1e-8b0b-47d4-9106-2cca2c521434/current/log_inprogress_0
2019-06-14 05:18:30,859 INFO  impl.FollowerState (FollowerState.java:run(101)) - 15dee7dd-9b62-4ae0-8896-937f24d9341b:group-1D3BCC3BDE2C changes to CANDIDATE, lastRpcTime:1168, electionTimeout:1168ms
2019-06-14 05:18:30,859 INFO  impl.RoleInfo (RoleInfo.java:shutdownFollowerState(121)) - 15dee7dd-9b62-4ae0-8896-937f24d9341b: shutdown FollowerState
2019-06-14 05:18:30,859 INFO  impl.RaftServerImpl (RaftServerImpl.java:setRole(164)) - 15dee7dd-9b62-4ae0-8896-937f24d9341b:group-1D3BCC3BDE2C changes role from FOLLOWER to CANDIDATE at term 0 for changeToCandidate
2019-06-14 05:18:30,859 INFO  impl.RoleInfo (RoleInfo.java:updateAndGet(143)) - 15dee7dd-9b62-4ae0-8896-937f24d9341b: start LeaderElection
2019-06-14 05:18:30,866 INFO  impl.LeaderElection (LeaderElection.java:askForVotes(181)) - 15dee7dd-9b62-4ae0-8896-937f24d9341b:group-1D3BCC3BDE2C:LeaderElection29: begin an election at term 1 for -1: [15dee7dd-9b62-4ae0-8896-937f24d9341b:192.168.105.138:44781], old=null
2019-06-14 05:18:30,866 INFO  impl.RoleInfo (RoleInfo.java:shutdownLeaderElection(134)) - 15dee7dd-9b62-4ae0-8896-937f24d9341b: shutdown LeaderElection
2019-06-14 05:18:30,866 INFO  impl.RaftServerImpl (RaftServerImpl.java:setRole(164)) - 15dee7dd-9b62-4ae0-8896-937f24d9341b:group-1D3BCC3BDE2C changes role from CANDIDATE to LEADER at term 1 for changeToLeader
2019-06-14 05:18:30,867 INFO  impl.RaftServerImpl (ServerState.java:setLeader(263)) - 15dee7dd-9b62-4ae0-8896-937f24d9341b:group-1D3BCC3BDE2C change Leader from null to 15dee7dd-9b62-4ae0-8896-937f24d9341b at term 1 for becomeLeader, leader elected after 1177ms
2019-06-14 05:18:30,867 INFO  server.RaftServerConfigKeys (ConfUtils.java:logGet(43)) - raft.server.staging.catchup.gap = 1000 (default)
2019-06-14 05:18:30,867 INFO  server.RaftServerConfigKeys (ConfUtils.java:logGet(43)) - raft.server.rpc.sleep.time = 25ms (default)
2019-06-14 05:18:30,867 INFO  server.RaftServerConfigKeys (ConfUtils.java:logGet(43)) - raft.server.watch.timeout = 10s (default)
2019-06-14 05:18:30,867 INFO  server.RaftServerConfigKeys (ConfUtils.java:logGet(43)) - raft.server.watch.timeout.denomination = 1s (default)
2019-06-14 05:18:30,867 INFO  impl.RoleInfo (RoleInfo.java:updateAndGet(143)) - 15dee7dd-9b62-4ae0-8896-937f24d9341b: start LeaderState
2019-06-14 05:18:30,867 INFO  storage.RaftLogWorker (RaftLogWorker.java:startLogSegment(298)) - 15dee7dd-9b62-4ae0-8896-937f24d9341b-RaftLogWorker: Starting segment from index:0
2019-06-14 05:18:30,867 INFO  impl.RaftServerImpl (ServerState.java:setRaftConf(361)) - 15dee7dd-9b62-4ae0-8896-937f24d9341b:group-1D3BCC3BDE2C set configuration 0: [15dee7dd-9b62-4ae0-8896-937f24d9341b:192.168.105.138:44781], old=null at 0
2019-06-14 05:18:30,907 INFO  storage.RaftLogWorker (RaftLogWorker.java:execute(469)) - 15dee7dd-9b62-4ae0-8896-937f24d9341b-RaftLogWorker: created new log segment /opt/src/hadoop-ozone/integration-test/target/test-dir/MiniOzoneClusterImpl-579fbd7b-422d-4a48-8b03-e8ea5236a9ec/datanode-2/data/ratis/d172fe78-855f-4c76-badd-1d3bcc3bde2c/current/log_inprogress_0
2019-06-14 05:18:31,025 INFO  impl.FollowerState (FollowerState.java:run(101)) - e789ba9b-afe3-4469-b8b1-fcd8da1d1cad:group-0D9EAA6D0B08 changes to CANDIDATE, lastRpcTime:1027, electionTimeout:1027ms
2019-06-14 05:18:31,025 INFO  impl.RoleInfo (RoleInfo.java:shutdownFollowerState(121)) - e789ba9b-afe3-4469-b8b1-fcd8da1d1cad: shutdown FollowerState
2019-06-14 05:18:31,025 INFO  impl.RaftServerImpl (RaftServerImpl.java:setRole(164)) - e789ba9b-afe3-4469-b8b1-fcd8da1d1cad:group-0D9EAA6D0B08 changes role from FOLLOWER to CANDIDATE at term 0 for changeToCandidate
2019-06-14 05:18:31,025 INFO  impl.RoleInfo (RoleInfo.java:updateAndGet(143)) - e789ba9b-afe3-4469-b8b1-fcd8da1d1cad: start LeaderElection
2019-06-14 05:18:31,029 INFO  impl.FollowerState (FollowerState.java:run(101)) - 3a89fe13-06cf-418f-8f75-5f94d4c4010e:group-1965B365A9DE changes to CANDIDATE, lastRpcTime:1200, electionTimeout:1199ms
2019-06-14 05:18:31,030 INFO  impl.RoleInfo (RoleInfo.java:shutdownFollowerState(121)) - 3a89fe13-06cf-418f-8f75-5f94d4c4010e: shutdown FollowerState
2019-06-14 05:18:31,030 INFO  impl.RaftServerImpl (RaftServerImpl.java:setRole(164)) - 3a89fe13-06cf-418f-8f75-5f94d4c4010e:group-1965B365A9DE changes role from FOLLOWER to CANDIDATE at term 0 for changeToCandidate
2019-06-14 05:18:31,030 INFO  impl.RoleInfo (RoleInfo.java:updateAndGet(143)) - 3a89fe13-06cf-418f-8f75-5f94d4c4010e: start LeaderElection
2019-06-14 05:18:31,036 INFO  impl.LeaderElection (LeaderElection.java:askForVotes(181)) - 3a89fe13-06cf-418f-8f75-5f94d4c4010e:group-1965B365A9DE:LeaderElection31: begin an election at term 1 for -1: [3a89fe13-06cf-418f-8f75-5f94d4c4010e:192.168.105.138:45007], old=null
2019-06-14 05:18:31,036 INFO  impl.LeaderElection (LeaderElection.java:askForVotes(181)) - e789ba9b-afe3-4469-b8b1-fcd8da1d1cad:group-0D9EAA6D0B08:LeaderElection30: begin an election at term 1 for -1: [e789ba9b-afe3-4469-b8b1-fcd8da1d1cad:192.168.105.138:40701], old=null
2019-06-14 05:18:31,036 INFO  impl.RoleInfo (RoleInfo.java:shutdownLeaderElection(134)) - 3a89fe13-06cf-418f-8f75-5f94d4c4010e: shutdown LeaderElection
2019-06-14 05:18:31,036 INFO  impl.RoleInfo (RoleInfo.java:shutdownLeaderElection(134)) - e789ba9b-afe3-4469-b8b1-fcd8da1d1cad: shutdown LeaderElection
2019-06-14 05:18:31,036 INFO  impl.RaftServerImpl (RaftServerImpl.java:setRole(164)) - 3a89fe13-06cf-418f-8f75-5f94d4c4010e:group-1965B365A9DE changes role from CANDIDATE to LEADER at term 1 for changeToLeader
2019-06-14 05:18:31,036 INFO  impl.RaftServerImpl (RaftServerImpl.java:setRole(164)) - e789ba9b-afe3-4469-b8b1-fcd8da1d1cad:group-0D9EAA6D0B08 changes role from CANDIDATE to LEADER at term 1 for changeToLeader
2019-06-14 05:18:31,036 INFO  impl.RaftServerImpl (ServerState.java:setLeader(263)) - 3a89fe13-06cf-418f-8f75-5f94d4c4010e:group-1965B365A9DE change Leader from null to 3a89fe13-06cf-418f-8f75-5f94d4c4010e at term 1 for becomeLeader, leader elected after 1210ms
2019-06-14 05:18:31,036 INFO  impl.RaftServerImpl (ServerState.java:setLeader(263)) - e789ba9b-afe3-4469-b8b1-fcd8da1d1cad:group-0D9EAA6D0B08 change Leader from null to e789ba9b-afe3-4469-b8b1-fcd8da1d1cad at term 1 for becomeLeader, leader elected after 1041ms
2019-06-14 05:18:31,036 INFO  server.RaftServerConfigKeys (ConfUtils.java:logGet(43)) - raft.server.staging.catchup.gap = 1000 (default)
2019-06-14 05:18:31,036 INFO  server.RaftServerConfigKeys (ConfUtils.java:logGet(43)) - raft.server.staging.catchup.gap = 1000 (default)
2019-06-14 05:18:31,036 INFO  server.RaftServerConfigKeys (ConfUtils.java:logGet(43)) - raft.server.rpc.sleep.time = 25ms (default)
2019-06-14 05:18:31,036 INFO  server.RaftServerConfigKeys (ConfUtils.java:logGet(43)) - raft.server.rpc.sleep.time = 25ms (default)
2019-06-14 05:18:31,036 INFO  server.RaftServerConfigKeys (ConfUtils.java:logGet(43)) - raft.server.watch.timeout = 10s (default)
2019-06-14 05:18:31,036 INFO  server.RaftServerConfigKeys (ConfUtils.java:logGet(43)) - raft.server.watch.timeout = 10s (default)
2019-06-14 05:18:31,036 INFO  server.RaftServerConfigKeys (ConfUtils.java:logGet(43)) - raft.server.watch.timeout.denomination = 1s (default)
2019-06-14 05:18:31,036 INFO  server.RaftServerConfigKeys (ConfUtils.java:logGet(43)) - raft.server.watch.timeout.denomination = 1s (default)
2019-06-14 05:18:31,037 INFO  impl.RoleInfo (RoleInfo.java:updateAndGet(143)) - e789ba9b-afe3-4469-b8b1-fcd8da1d1cad: start LeaderState
2019-06-14 05:18:31,037 INFO  impl.RoleInfo (RoleInfo.java:updateAndGet(143)) - 3a89fe13-06cf-418f-8f75-5f94d4c4010e: start LeaderState
2019-06-14 05:18:31,037 INFO  storage.RaftLogWorker (RaftLogWorker.java:startLogSegment(298)) - 3a89fe13-06cf-418f-8f75-5f94d4c4010e-RaftLogWorker: Starting segment from index:0
2019-06-14 05:18:31,037 INFO  storage.RaftLogWorker (RaftLogWorker.java:startLogSegment(298)) - e789ba9b-afe3-4469-b8b1-fcd8da1d1cad-RaftLogWorker: Starting segment from index:0
2019-06-14 05:18:31,043 INFO  impl.RaftServerImpl (ServerState.java:setRaftConf(361)) - e789ba9b-afe3-4469-b8b1-fcd8da1d1cad:group-0D9EAA6D0B08 set configuration 0: [e789ba9b-afe3-4469-b8b1-fcd8da1d1cad:192.168.105.138:40701], old=null at 0
2019-06-14 05:18:31,043 INFO  impl.RaftServerImpl (ServerState.java:setRaftConf(361)) - 3a89fe13-06cf-418f-8f75-5f94d4c4010e:group-1965B365A9DE set configuration 0: [3a89fe13-06cf-418f-8f75-5f94d4c4010e:192.168.105.138:45007], old=null at 0
2019-06-14 05:18:31,082 INFO  storage.RaftLogWorker (RaftLogWorker.java:execute(469)) - e789ba9b-afe3-4469-b8b1-fcd8da1d1cad-RaftLogWorker: created new log segment /opt/src/hadoop-ozone/integration-test/target/test-dir/MiniOzoneClusterImpl-579fbd7b-422d-4a48-8b03-e8ea5236a9ec/datanode-4/data/ratis/b3ab01b7-d615-418d-bf26-0d9eaa6d0b08/current/log_inprogress_0
2019-06-14 05:18:31,082 INFO  storage.RaftLogWorker (RaftLogWorker.java:execute(469)) - 3a89fe13-06cf-418f-8f75-5f94d4c4010e-RaftLogWorker: created new log segment /opt/src/hadoop-ozone/integration-test/target/test-dir/MiniOzoneClusterImpl-579fbd7b-422d-4a48-8b03-e8ea5236a9ec/datanode-3/data/ratis/e662d742-b31c-43af-a536-1965b365a9de/current/log_inprogress_0
2019-06-14 05:18:31,180 INFO  impl.FollowerState (FollowerState.java:run(101)) - c67a53e4-8a9d-4803-b27e-5259168f3c5d:group-04DD250DCC11 changes to CANDIDATE, lastRpcTime:1052, electionTimeout:1052ms
2019-06-14 05:18:31,180 INFO  impl.RoleInfo (RoleInfo.java:shutdownFollowerState(121)) - c67a53e4-8a9d-4803-b27e-5259168f3c5d: shutdown FollowerState
2019-06-14 05:18:31,180 INFO  impl.RaftServerImpl (RaftServerImpl.java:setRole(164)) - c67a53e4-8a9d-4803-b27e-5259168f3c5d:group-04DD250DCC11 changes role from FOLLOWER to CANDIDATE at term 0 for changeToCandidate
2019-06-14 05:18:31,180 INFO  impl.RoleInfo (RoleInfo.java:updateAndGet(143)) - c67a53e4-8a9d-4803-b27e-5259168f3c5d: start LeaderElection
2019-06-14 05:18:31,188 INFO  impl.LeaderElection (LeaderElection.java:askForVotes(181)) - c67a53e4-8a9d-4803-b27e-5259168f3c5d:group-04DD250DCC11:LeaderElection32: begin an election at term 1 for -1: [c67a53e4-8a9d-4803-b27e-5259168f3c5d:192.168.105.138:34231], old=null
2019-06-14 05:18:31,188 INFO  impl.RoleInfo (RoleInfo.java:shutdownLeaderElection(134)) - c67a53e4-8a9d-4803-b27e-5259168f3c5d: shutdown LeaderElection
2019-06-14 05:18:31,188 INFO  impl.RaftServerImpl (RaftServerImpl.java:setRole(164)) - c67a53e4-8a9d-4803-b27e-5259168f3c5d:group-04DD250DCC11 changes role from CANDIDATE to LEADER at term 1 for changeToLeader
2019-06-14 05:18:31,188 INFO  impl.RaftServerImpl (ServerState.java:setLeader(263)) - c67a53e4-8a9d-4803-b27e-5259168f3c5d:group-04DD250DCC11 change Leader from null to c67a53e4-8a9d-4803-b27e-5259168f3c5d at term 1 for becomeLeader, leader elected after 1062ms
2019-06-14 05:18:31,188 INFO  server.RaftServerConfigKeys (ConfUtils.java:logGet(43)) - raft.server.staging.catchup.gap = 1000 (default)
2019-06-14 05:18:31,188 INFO  server.RaftServerConfigKeys (ConfUtils.java:logGet(43)) - raft.server.rpc.sleep.time = 25ms (default)
2019-06-14 05:18:31,188 INFO  server.RaftServerConfigKeys (ConfUtils.java:logGet(43)) - raft.server.watch.timeout = 10s (default)
2019-06-14 05:18:31,188 INFO  server.RaftServerConfigKeys (ConfUtils.java:logGet(43)) - raft.server.watch.timeout.denomination = 1s (default)
2019-06-14 05:18:31,188 INFO  impl.RoleInfo (RoleInfo.java:updateAndGet(143)) - c67a53e4-8a9d-4803-b27e-5259168f3c5d: start LeaderState
2019-06-14 05:18:31,188 INFO  storage.RaftLogWorker (RaftLogWorker.java:startLogSegment(298)) - c67a53e4-8a9d-4803-b27e-5259168f3c5d-RaftLogWorker: Starting segment from index:0
2019-06-14 05:18:31,189 INFO  impl.RaftServerImpl (ServerState.java:setRaftConf(361)) - c67a53e4-8a9d-4803-b27e-5259168f3c5d:group-04DD250DCC11 set configuration 0: [c67a53e4-8a9d-4803-b27e-5259168f3c5d:192.168.105.138:34231], old=null at 0
2019-06-14 05:18:31,190 INFO  impl.FollowerState (FollowerState.java:run(101)) - e789ba9b-afe3-4469-b8b1-fcd8da1d1cad:group-5E420E0CFA8D changes to CANDIDATE, lastRpcTime:1040, electionTimeout:1040ms
2019-06-14 05:18:31,190 INFO  impl.RoleInfo (RoleInfo.java:shutdownFollowerState(121)) - e789ba9b-afe3-4469-b8b1-fcd8da1d1cad: shutdown FollowerState
2019-06-14 05:18:31,190 INFO  impl.RaftServerImpl (RaftServerImpl.java:setRole(164)) - e789ba9b-afe3-4469-b8b1-fcd8da1d1cad:group-5E420E0CFA8D changes role from FOLLOWER to CANDIDATE at term 0 for changeToCandidate
2019-06-14 05:18:31,190 INFO  impl.RoleInfo (RoleInfo.java:updateAndGet(143)) - e789ba9b-afe3-4469-b8b1-fcd8da1d1cad: start LeaderElection
2019-06-14 05:18:31,230 INFO  storage.RaftLogWorker (RaftLogWorker.java:execute(469)) - c67a53e4-8a9d-4803-b27e-5259168f3c5d-RaftLogWorker: created new log segment /opt/src/hadoop-ozone/integration-test/target/test-dir/MiniOzoneClusterImpl-579fbd7b-422d-4a48-8b03-e8ea5236a9ec/datanode-5/data/ratis/edbc3f55-d062-479d-bc2f-04dd250dcc11/current/log_inprogress_0
2019-06-14 05:18:31,231 INFO  impl.LeaderElection (LeaderElection.java:askForVotes(181)) - e789ba9b-afe3-4469-b8b1-fcd8da1d1cad:group-5E420E0CFA8D:LeaderElection33: begin an election at term 1 for -1: [e789ba9b-afe3-4469-b8b1-fcd8da1d1cad:192.168.105.138:40701, 3a89fe13-06cf-418f-8f75-5f94d4c4010e:192.168.105.138:45007, c67a53e4-8a9d-4803-b27e-5259168f3c5d:192.168.105.138:34231], old=null
2019-06-14 05:18:31,244 INFO  impl.RaftServerImpl (RaftServerImpl.java:setRole(164)) - 3a89fe13-06cf-418f-8f75-5f94d4c4010e:group-5E420E0CFA8D changes role from FOLLOWER to FOLLOWER at term 1 for recognizeCandidate:e789ba9b-afe3-4469-b8b1-fcd8da1d1cad
2019-06-14 05:18:31,244 INFO  impl.RaftServerImpl (RaftServerImpl.java:setRole(164)) - c67a53e4-8a9d-4803-b27e-5259168f3c5d:group-5E420E0CFA8D changes role from FOLLOWER to FOLLOWER at term 1 for recognizeCandidate:e789ba9b-afe3-4469-b8b1-fcd8da1d1cad
2019-06-14 05:18:31,245 INFO  impl.RoleInfo (RoleInfo.java:shutdownFollowerState(121)) - c67a53e4-8a9d-4803-b27e-5259168f3c5d: shutdown FollowerState
2019-06-14 05:18:31,244 INFO  impl.RoleInfo (RoleInfo.java:shutdownFollowerState(121)) - 3a89fe13-06cf-418f-8f75-5f94d4c4010e: shutdown FollowerState
2019-06-14 05:18:31,245 INFO  impl.FollowerState (FollowerState.java:run(109)) - 3a89fe13-06cf-418f-8f75-5f94d4c4010e: FollowerState was interrupted: java.lang.InterruptedException: sleep interrupted
2019-06-14 05:18:31,245 INFO  impl.FollowerState (FollowerState.java:run(109)) - c67a53e4-8a9d-4803-b27e-5259168f3c5d: FollowerState was interrupted: java.lang.InterruptedException: sleep interrupted
2019-06-14 05:18:31,245 INFO  impl.RoleInfo (RoleInfo.java:updateAndGet(143)) - 3a89fe13-06cf-418f-8f75-5f94d4c4010e: start FollowerState
2019-06-14 05:18:31,245 INFO  impl.RoleInfo (RoleInfo.java:updateAndGet(143)) - c67a53e4-8a9d-4803-b27e-5259168f3c5d: start FollowerState
2019-06-14 05:18:31,251 INFO  ozone.MiniOzoneClusterImpl (MiniOzoneClusterImpl.java:lambda$waitForClusterToBeReady$0(142)) - Cluster is ready. Got 7 of 7 DN Heartbeats.
2019-06-14 05:18:31,256 INFO  impl.LeaderElection (LeaderElection.java:logAndReturn(56)) - e789ba9b-afe3-4469-b8b1-fcd8da1d1cad:group-5E420E0CFA8D:LeaderElection33: Election PASSED; received 1 response(s) [e789ba9b-afe3-4469-b8b1-fcd8da1d1cad->3a89fe13-06cf-418f-8f75-5f94d4c4010e,true-t1] and 0 exception(s); e789ba9b-afe3-4469-b8b1-fcd8da1d1cad:t1, leader=null, voted=e789ba9b-afe3-4469-b8b1-fcd8da1d1cad, raftlog=e789ba9b-afe3-4469-b8b1-fcd8da1d1cad-SegmentedRaftLog:OPENED:c-1,f-1,i0, conf=-1: [e789ba9b-afe3-4469-b8b1-fcd8da1d1cad:192.168.105.138:40701, 3a89fe13-06cf-418f-8f75-5f94d4c4010e:192.168.105.138:45007, c67a53e4-8a9d-4803-b27e-5259168f3c5d:192.168.105.138:34231], old=null
2019-06-14 05:18:31,256 INFO  impl.RoleInfo (RoleInfo.java:shutdownLeaderElection(134)) - e789ba9b-afe3-4469-b8b1-fcd8da1d1cad: shutdown LeaderElection
2019-06-14 05:18:31,256 INFO  impl.RaftServerImpl (RaftServerImpl.java:setRole(164)) - e789ba9b-afe3-4469-b8b1-fcd8da1d1cad:group-5E420E0CFA8D changes role from CANDIDATE to LEADER at term 1 for changeToLeader
2019-06-14 05:18:31,256 INFO  impl.RaftServerImpl (ServerState.java:setLeader(263)) - e789ba9b-afe3-4469-b8b1-fcd8da1d1cad:group-5E420E0CFA8D change Leader from null to e789ba9b-afe3-4469-b8b1-fcd8da1d1cad at term 1 for becomeLeader, leader elected after 1109ms
2019-06-14 05:18:31,256 INFO  server.RaftServerConfigKeys (ConfUtils.java:logGet(43)) - raft.server.staging.catchup.gap = 1000 (default)
2019-06-14 05:18:31,256 INFO  server.RaftServerConfigKeys (ConfUtils.java:logGet(43)) - raft.server.rpc.sleep.time = 25ms (default)
2019-06-14 05:18:31,257 INFO  server.RaftServerConfigKeys (ConfUtils.java:logGet(43)) - raft.server.watch.timeout = 10s (default)
2019-06-14 05:18:31,257 INFO  server.RaftServerConfigKeys (ConfUtils.java:logGet(43)) - raft.server.watch.timeout.denomination = 1s (default)
2019-06-14 05:18:31,257 INFO  server.RaftServerConfigKeys (ConfUtils.java:logGet(43)) - raft.server.log.appender.snapshot.chunk.size.max = 16MB (=16777216) (default)
2019-06-14 05:18:31,257 INFO  server.RaftServerConfigKeys (ConfUtils.java:logGet(43)) - raft.server.log.appender.buffer.byte-limit = 33554432 (custom)
2019-06-14 05:18:31,257 INFO  server.RaftServerConfigKeys (ConfUtils.java:logGet(43)) - raft.server.log.appender.buffer.element-limit = 1 (custom)
2019-06-14 05:18:31,257 INFO  grpc.GrpcConfigKeys$Server (ConfUtils.java:logGet(43)) - raft.grpc.server.leader.outstanding.appends.max = 128 (default)
2019-06-14 05:18:31,257 INFO  server.RaftServerConfigKeys (ConfUtils.java:logGet(43)) - raft.server.rpc.request.timeout = 3000ms (default)
2019-06-14 05:18:31,257 INFO  server.RaftServerConfigKeys (ConfUtils.java:logGet(43)) - raft.server.log.appender.install.snapshot.enabled = true (default)
2019-06-14 05:18:31,259 INFO  server.RaftServerConfigKeys (ConfUtils.java:logGet(43)) - raft.server.log.appender.snapshot.chunk.size.max = 16MB (=16777216) (default)
2019-06-14 05:18:31,259 INFO  server.RaftServerConfigKeys (ConfUtils.java:logGet(43)) - raft.server.log.appender.buffer.byte-limit = 33554432 (custom)
2019-06-14 05:18:31,259 INFO  server.RaftServerConfigKeys (ConfUtils.java:logGet(43)) - raft.server.log.appender.buffer.element-limit = 1 (custom)
2019-06-14 05:18:31,259 INFO  grpc.GrpcConfigKeys$Server (ConfUtils.java:logGet(43)) - raft.grpc.server.leader.outstanding.appends.max = 128 (default)
2019-06-14 05:18:31,259 INFO  server.RaftServerConfigKeys (ConfUtils.java:logGet(43)) - raft.server.rpc.request.timeout = 3000ms (default)
2019-06-14 05:18:31,259 INFO  server.RaftServerConfigKeys (ConfUtils.java:logGet(43)) - raft.server.log.appender.install.snapshot.enabled = true (default)
2019-06-14 05:18:31,259 INFO  impl.RoleInfo (RoleInfo.java:updateAndGet(143)) - e789ba9b-afe3-4469-b8b1-fcd8da1d1cad: start LeaderState
2019-06-14 05:18:31,260 INFO  storage.RaftLogWorker (RaftLogWorker.java:startLogSegment(298)) - e789ba9b-afe3-4469-b8b1-fcd8da1d1cad-RaftLogWorker: Starting segment from index:0
2019-06-14 05:18:31,262 INFO  impl.RaftServerImpl (ServerState.java:setRaftConf(361)) - e789ba9b-afe3-4469-b8b1-fcd8da1d1cad:group-5E420E0CFA8D set configuration 0: [e789ba9b-afe3-4469-b8b1-fcd8da1d1cad:192.168.105.138:40701, 3a89fe13-06cf-418f-8f75-5f94d4c4010e:192.168.105.138:45007, c67a53e4-8a9d-4803-b27e-5259168f3c5d:192.168.105.138:34231], old=null at 0
2019-06-14 05:18:31,264 INFO  impl.RaftServerImpl (ServerState.java:setLeader(263)) - 3a89fe13-06cf-418f-8f75-5f94d4c4010e:group-5E420E0CFA8D change Leader from null to e789ba9b-afe3-4469-b8b1-fcd8da1d1cad at term 1 for appendEntries, leader elected after 1124ms
2019-06-14 05:18:31,265 INFO  impl.RaftServerImpl (ServerState.java:setLeader(263)) - c67a53e4-8a9d-4803-b27e-5259168f3c5d:group-5E420E0CFA8D change Leader from null to e789ba9b-afe3-4469-b8b1-fcd8da1d1cad at term 1 for appendEntries, leader elected after 1117ms
2019-06-14 05:18:31,304 INFO  storage.RaftLogWorker (RaftLogWorker.java:execute(469)) - e789ba9b-afe3-4469-b8b1-fcd8da1d1cad-RaftLogWorker: created new log segment /opt/src/hadoop-ozone/integration-test/target/test-dir/MiniOzoneClusterImpl-579fbd7b-422d-4a48-8b03-e8ea5236a9ec/datanode-4/data/ratis/02b4e848-44e7-4b14-a1b5-5e420e0cfa8d/current/log_inprogress_0
2019-06-14 05:18:31,311 INFO  impl.RaftServerImpl (ServerState.java:setRaftConf(361)) - 3a89fe13-06cf-418f-8f75-5f94d4c4010e:group-5E420E0CFA8D set configuration 0: [e789ba9b-afe3-4469-b8b1-fcd8da1d1cad:192.168.105.138:40701, 3a89fe13-06cf-418f-8f75-5f94d4c4010e:192.168.105.138:45007, c67a53e4-8a9d-4803-b27e-5259168f3c5d:192.168.105.138:34231], old=null at 0
2019-06-14 05:18:31,312 INFO  storage.RaftLogWorker (RaftLogWorker.java:startLogSegment(298)) - 3a89fe13-06cf-418f-8f75-5f94d4c4010e-RaftLogWorker: Starting segment from index:0
2019-06-14 05:18:31,313 INFO  impl.RaftServerImpl (ServerState.java:setRaftConf(361)) - c67a53e4-8a9d-4803-b27e-5259168f3c5d:group-5E420E0CFA8D set configuration 0: [e789ba9b-afe3-4469-b8b1-fcd8da1d1cad:192.168.105.138:40701, 3a89fe13-06cf-418f-8f75-5f94d4c4010e:192.168.105.138:45007, c67a53e4-8a9d-4803-b27e-5259168f3c5d:192.168.105.138:34231], old=null at 0
2019-06-14 05:18:31,313 INFO  storage.RaftLogWorker (RaftLogWorker.java:startLogSegment(298)) - c67a53e4-8a9d-4803-b27e-5259168f3c5d-RaftLogWorker: Starting segment from index:0
2019-06-14 05:18:31,361 INFO  rpc.RpcClient (RpcClient.java:createVolume(289)) - Creating Volume: watchforcommithandlingtest, with root as owner.
2019-06-14 05:18:31,361 INFO  storage.RaftLogWorker (RaftLogWorker.java:execute(469)) - 3a89fe13-06cf-418f-8f75-5f94d4c4010e-RaftLogWorker: created new log segment /opt/src/hadoop-ozone/integration-test/target/test-dir/MiniOzoneClusterImpl-579fbd7b-422d-4a48-8b03-e8ea5236a9ec/datanode-3/data/ratis/02b4e848-44e7-4b14-a1b5-5e420e0cfa8d/current/log_inprogress_0
2019-06-14 05:18:31,361 INFO  storage.RaftLogWorker (RaftLogWorker.java:execute(469)) - c67a53e4-8a9d-4803-b27e-5259168f3c5d-RaftLogWorker: created new log segment /opt/src/hadoop-ozone/integration-test/target/test-dir/MiniOzoneClusterImpl-579fbd7b-422d-4a48-8b03-e8ea5236a9ec/datanode-5/data/ratis/02b4e848-44e7-4b14-a1b5-5e420e0cfa8d/current/log_inprogress_0
2019-06-14 05:18:31,376 INFO  rpc.RpcClient (RpcClient.java:createBucket(426)) - Creating Bucket: watchforcommithandlingtest/watchforcommithandlingtest, with Versioning false and Storage Type set to DISK and Encryption set to false 
2019-06-14 05:18:31,379 INFO  ozone.MiniOzoneClusterImpl (MiniOzoneClusterImpl.java:getStorageContainerLocationClient(241)) - Creating StorageContainerLocationProtocol RPC client with address /0.0.0.0:41557
2019-06-14 05:18:31,387 INFO  client.GrpcClientProtocolClient (GrpcClientProtocolClient.java:onNext(254)) - client-8259B1B77B8E->2a1bcffd-7f8d-49f5-89de-90db11ce442c: receive RaftClientReply:client-8259B1B77B8E->2a1bcffd-7f8d-49f5-89de-90db11ce442c@group-2CCA2C521434, cid=66, FAILED org.apache.ratis.protocol.NotLeaderException: Server 2a1bcffd-7f8d-49f5-89de-90db11ce442c is not the leader (15dee7dd-9b62-4ae0-8896-937f24d9341b:192.168.105.138:44781). Request must be sent to leader., logIndex=0, commits[2a1bcffd-7f8d-49f5-89de-90db11ce442c:c0, 15dee7dd-9b62-4ae0-8896-937f24d9341b:c0, b2cf14e4-6b4a-4f38-b629-bce71e6d00f0:c0]
2019-06-14 05:18:31,391 WARN  client.GrpcClientProtocolService (LogUtils.java:warn(134)) - 0-OrderedRequestStreamObserver0: onError: org.apache.ratis.thirdparty.io.grpc.StatusRuntimeException: CANCELLED: cancelled before receiving half close
2019-06-14 05:18:31,403 INFO  impl.FollowerState (FollowerState.java:run(101)) - 481ef27e-8863-4d10-b08e-4de14831e444:group-0EB2A4641B36 changes to CANDIDATE, lastRpcTime:1134, electionTimeout:1134ms
2019-06-14 05:18:31,405 INFO  impl.RoleInfo (RoleInfo.java:shutdownFollowerState(121)) - 481ef27e-8863-4d10-b08e-4de14831e444: shutdown FollowerState
2019-06-14 05:18:31,405 INFO  impl.RaftServerImpl (RaftServerImpl.java:setRole(164)) - 481ef27e-8863-4d10-b08e-4de14831e444:group-0EB2A4641B36 changes role from FOLLOWER to CANDIDATE at term 0 for changeToCandidate
2019-06-14 05:18:31,405 INFO  impl.RoleInfo (RoleInfo.java:updateAndGet(143)) - 481ef27e-8863-4d10-b08e-4de14831e444: start LeaderElection
2019-06-14 05:18:31,417 INFO  impl.LeaderElection (LeaderElection.java:askForVotes(181)) - 481ef27e-8863-4d10-b08e-4de14831e444:group-0EB2A4641B36:LeaderElection34: begin an election at term 1 for -1: [481ef27e-8863-4d10-b08e-4de14831e444:192.168.105.138:36655], old=null
2019-06-14 05:18:31,417 INFO  impl.RoleInfo (RoleInfo.java:shutdownLeaderElection(134)) - 481ef27e-8863-4d10-b08e-4de14831e444: shutdown LeaderElection
2019-06-14 05:18:31,417 INFO  impl.RaftServerImpl (RaftServerImpl.java:setRole(164)) - 481ef27e-8863-4d10-b08e-4de14831e444:group-0EB2A4641B36 changes role from CANDIDATE to LEADER at term 1 for changeToLeader
2019-06-14 05:18:31,417 INFO  impl.RaftServerImpl (ServerState.java:setLeader(263)) - 481ef27e-8863-4d10-b08e-4de14831e444:group-0EB2A4641B36 change Leader from null to 481ef27e-8863-4d10-b08e-4de14831e444 at term 1 for becomeLeader, leader elected after 1149ms
2019-06-14 05:18:31,417 INFO  server.RaftServerConfigKeys (ConfUtils.java:logGet(43)) - raft.server.staging.catchup.gap = 1000 (default)
2019-06-14 05:18:31,417 INFO  server.RaftServerConfigKeys (ConfUtils.java:logGet(43)) - raft.server.rpc.sleep.time = 25ms (default)
2019-06-14 05:18:31,417 INFO  server.RaftServerConfigKeys (ConfUtils.java:logGet(43)) - raft.server.watch.timeout = 10s (default)
2019-06-14 05:18:31,417 INFO  server.RaftServerConfigKeys (ConfUtils.java:logGet(43)) - raft.server.watch.timeout.denomination = 1s (default)
2019-06-14 05:18:31,417 INFO  impl.RoleInfo (RoleInfo.java:updateAndGet(143)) - 481ef27e-8863-4d10-b08e-4de14831e444: start LeaderState
2019-06-14 05:18:31,417 INFO  storage.RaftLogWorker (RaftLogWorker.java:startLogSegment(298)) - 481ef27e-8863-4d10-b08e-4de14831e444-RaftLogWorker: Starting segment from index:0
2019-06-14 05:18:31,418 INFO  impl.RaftServerImpl (ServerState.java:setRaftConf(361)) - 481ef27e-8863-4d10-b08e-4de14831e444:group-0EB2A4641B36 set configuration 0: [481ef27e-8863-4d10-b08e-4de14831e444:192.168.105.138:36655], old=null at 0
2019-06-14 05:18:31,453 INFO  storage.RaftLogWorker (RaftLogWorker.java:execute(469)) - 481ef27e-8863-4d10-b08e-4de14831e444-RaftLogWorker: created new log segment /opt/src/hadoop-ozone/integration-test/target/test-dir/MiniOzoneClusterImpl-579fbd7b-422d-4a48-8b03-e8ea5236a9ec/datanode-6/data/ratis/d7bb3743-e041-4671-80da-0eb2a4641b36/current/log_inprogress_0
2019-06-14 05:18:32,439 INFO  client.GrpcClientProtocolClient (GrpcClientProtocolClient.java:onNext(254)) - client-8259B1B77B8E->15dee7dd-9b62-4ae0-8896-937f24d9341b: receive RaftClientReply:client-8259B1B77B8E->15dee7dd-9b62-4ae0-8896-937f24d9341b@group-2CCA2C521434, cid=66, SUCCESS, logIndex=1, commits[15dee7dd-9b62-4ae0-8896-937f24d9341b:c2, 2a1bcffd-7f8d-49f5-89de-90db11ce442c:c1, b2cf14e4-6b4a-4f38-b629-bce71e6d00f0:c1]
2019-06-14 05:18:32,439 INFO  datanode.ObjectStoreHandler (ObjectStoreHandler.java:close(155)) - Closing ObjectStoreHandler.
2019-06-14 05:18:32,439 INFO  ozone.HddsDatanodeService (HddsDatanodeService.java:stop(452)) - Stopped plug-in org.apache.hadoop.ozone.web.OzoneHddsDatanodeService@5f4df55e
2019-06-14 05:18:32,440 INFO  statemachine.DatanodeStateMachine (DatanodeStateMachine.java:lambda$startDaemon$0(350)) - Ozone container server started.
2019-06-14 05:18:32,440 INFO  ozoneimpl.OzoneContainer (OzoneContainer.java:stop(199)) - Attempting to stop container services.
2019-06-14 05:18:32,440 INFO  impl.RaftServerProxy (RaftServerProxy.java:lambda$close$4(314)) - 2a1bcffd-7f8d-49f5-89de-90db11ce442c: close
2019-06-14 05:18:32,440 INFO  impl.RaftServerImpl (RaftServerImpl.java:lambda$shutdown$3(238)) - 2a1bcffd-7f8d-49f5-89de-90db11ce442c: shutdown group-1769625AD6C1
2019-06-14 05:18:32,441 INFO  util.JmxRegister (JmxRegister.java:unregister(73)) - Successfully un-registered JMX Bean with object name Ratis:service=RaftServer,group=group-1769625AD6C1,id=2a1bcffd-7f8d-49f5-89de-90db11ce442c
2019-06-14 05:18:32,441 INFO  impl.RoleInfo (RoleInfo.java:shutdownLeaderState(104)) - 2a1bcffd-7f8d-49f5-89de-90db11ce442c: shutdown LeaderState
2019-06-14 05:18:32,441 INFO  impl.PendingRequests (PendingRequests.java:sendNotLeaderResponses(140)) - 2a1bcffd-7f8d-49f5-89de-90db11ce442c-PendingRequests: sendNotLeaderResponses
2019-06-14 05:18:32,445 INFO  impl.StateMachineUpdater (StateMachineUpdater.java:stopAndJoin(109)) - StateMachineUpdater-2a1bcffd-7f8d-49f5-89de-90db11ce442c-group-1769625AD6C1: set stopIndex = 0
2019-06-14 05:18:32,445 INFO  ratis.ContainerStateMachine (ContainerStateMachine.java:takeSnapshot(245)) - Taking snapshot at termIndex:(t:0, i:~)
2019-06-14 05:18:32,445 INFO  impl.RaftServerImpl (ServerState.java:close(394)) - 2a1bcffd-7f8d-49f5-89de-90db11ce442c:group-1769625AD6C1 closes. The last applied log index is 0
2019-06-14 05:18:32,446 INFO  storage.RaftLogWorker (RaftLogWorker.java:run(236)) - 2a1bcffd-7f8d-49f5-89de-90db11ce442c-RaftLogWorker was interrupted, exiting. There are 0 tasks remaining in the queue.
2019-06-14 05:18:32,448 INFO  storage.RaftLogWorker (RaftLogWorker.java:close(168)) - 2a1bcffd-7f8d-49f5-89de-90db11ce442c-RaftLogWorker close()
2019-06-14 05:18:32,449 INFO  impl.RaftServerImpl (RaftServerImpl.java:lambda$shutdown$3(238)) - 2a1bcffd-7f8d-49f5-89de-90db11ce442c: shutdown group-2CCA2C521434
2019-06-14 05:18:32,450 INFO  util.JmxRegister (JmxRegister.java:unregister(73)) - Successfully un-registered JMX Bean with object name Ratis:service=RaftServer,group=group-2CCA2C521434,id=2a1bcffd-7f8d-49f5-89de-90db11ce442c
2019-06-14 05:18:32,450 INFO  impl.RoleInfo (RoleInfo.java:shutdownFollowerState(121)) - 2a1bcffd-7f8d-49f5-89de-90db11ce442c: shutdown FollowerState
2019-06-14 05:18:32,450 INFO  impl.StateMachineUpdater (StateMachineUpdater.java:stopAndJoin(109)) - StateMachineUpdater-2a1bcffd-7f8d-49f5-89de-90db11ce442c-group-2CCA2C521434: set stopIndex = 1
2019-06-14 05:18:32,450 INFO  impl.FollowerState (FollowerState.java:run(109)) - 2a1bcffd-7f8d-49f5-89de-90db11ce442c: FollowerState was interrupted: java.lang.InterruptedException: sleep interrupted
2019-06-14 05:18:32,450 INFO  ratis.ContainerStateMachine (ContainerStateMachine.java:takeSnapshot(245)) - Taking snapshot at termIndex:(t:1, i:1)
2019-06-14 05:18:32,450 INFO  ratis.ContainerStateMachine (ContainerStateMachine.java:takeSnapshot(249)) - Taking a snapshot to file /opt/src/hadoop-ozone/integration-test/target/test-dir/MiniOzoneClusterImpl-579fbd7b-422d-4a48-8b03-e8ea5236a9ec/datanode-1/data/ratis/5a524b1e-8b0b-47d4-9106-2cca2c521434/sm/snapshot.1_1
2019-06-14 05:18:32,450 INFO  impl.RaftServerImpl (ServerState.java:close(394)) - 2a1bcffd-7f8d-49f5-89de-90db11ce442c:group-2CCA2C521434 closes. The last applied log index is 1
2019-06-14 05:18:32,451 INFO  storage.RaftLogWorker (RaftLogWorker.java:run(236)) - 2a1bcffd-7f8d-49f5-89de-90db11ce442c-RaftLogWorker was interrupted, exiting. There are 0 tasks remaining in the queue.
2019-06-14 05:18:32,452 INFO  storage.RaftLogWorker (RaftLogWorker.java:close(168)) - 2a1bcffd-7f8d-49f5-89de-90db11ce442c-RaftLogWorker close()
2019-06-14 05:18:32,454 INFO  server.GrpcService (GrpcService.java:closeImpl(154)) - 2a1bcffd-7f8d-49f5-89de-90db11ce442c: shutdown server with port 39053 now
2019-06-14 05:18:32,455 WARN  server.GrpcLogAppender (LogUtils.java:warn(134)) - 15dee7dd-9b62-4ae0-8896-937f24d9341b: Failed appendEntries to 2a1bcffd-7f8d-49f5-89de-90db11ce442c:192.168.105.138:39053: org.apache.ratis.thirdparty.io.grpc.StatusRuntimeException: CANCELLED: HTTP/2 error code: CANCEL
Received Rst Stream
2019-06-14 05:18:32,455 WARN  server.GrpcServerProtocolService (LogUtils.java:warn(134)) - 2a1bcffd-7f8d-49f5-89de-90db11ce442c: appendEntries onError: org.apache.ratis.thirdparty.io.grpc.StatusRuntimeException: CANCELLED: cancelled before receiving half close
2019-06-14 05:18:32,455 INFO  impl.FollowerInfo (FollowerInfo.java:lambda$new$0(50)) - 15dee7dd-9b62-4ae0-8896-937f24d9341b->2a1bcffd-7f8d-49f5-89de-90db11ce442c: nextIndex: updateUnconditionally 3 -> 0
2019-06-14 05:18:32,455 INFO  server.GrpcService (GrpcService.java:closeImpl(162)) - 2a1bcffd-7f8d-49f5-89de-90db11ce442c: shutdown server with port 39053 successfully
2019-06-14 05:18:32,458 WARN  fs.CachingGetSpaceUsed (CachingGetSpaceUsed.java:run(183)) - Thread Interrupted waiting to refresh disk information: sleep interrupted
2019-06-14 05:18:32,471 INFO  statemachine.DatanodeStateMachine (DatanodeStateMachine.java:stopDaemon(395)) - Ozone container server stopped.
2019-06-14 05:18:32,473 INFO  handler.ContextHandler (ContextHandler.java:doStop(910)) - Stopped o.e.j.w.WebAppContext@6b2f7527{/,null,UNAVAILABLE}{/hddsDatanode}
2019-06-14 05:18:32,473 INFO  server.AbstractConnector (AbstractConnector.java:doStop(318)) - Stopped ServerConnector@7509226c{HTTP/1.1,[http/1.1]}{0.0.0.0:0}
2019-06-14 05:18:32,473 INFO  handler.ContextHandler (ContextHandler.java:doStop(910)) - Stopped o.e.j.s.ServletContextHandler@2524d07a{/static,jar:file:/root/.m2/repository/org/apache/hadoop/hadoop-hdds-container-service/0.5.0-SNAPSHOT/hadoop-hdds-container-service-0.5.0-SNAPSHOT.jar!/webapps/static,UNAVAILABLE}
2019-06-14 05:18:32,474 INFO  handler.ContextHandler (ContextHandler.java:doStop(910)) - Stopped o.e.j.s.ServletContextHandler@3d2b13b1{/logs,file:///opt/src/hadoop-ozone/integration-test/target/log,UNAVAILABLE}
2019-06-14 05:18:32,475 INFO  datanode.ObjectStoreHandler (ObjectStoreHandler.java:close(155)) - Closing ObjectStoreHandler.
2019-06-14 05:18:32,475 INFO  ozone.HddsDatanodeService (HddsDatanodeService.java:stop(452)) - Stopped plug-in org.apache.hadoop.ozone.web.OzoneHddsDatanodeService@2a5d2041
2019-06-14 05:18:32,476 INFO  statemachine.DatanodeStateMachine (DatanodeStateMachine.java:lambda$startDaemon$0(350)) - Ozone container server started.
2019-06-14 05:18:32,476 INFO  ozoneimpl.OzoneContainer (OzoneContainer.java:stop(199)) - Attempting to stop container services.
2019-06-14 05:18:32,476 INFO  impl.RaftServerProxy (RaftServerProxy.java:lambda$close$4(314)) - b2cf14e4-6b4a-4f38-b629-bce71e6d00f0: close
2019-06-14 05:18:32,476 INFO  impl.RaftServerImpl (RaftServerImpl.java:lambda$shutdown$3(238)) - b2cf14e4-6b4a-4f38-b629-bce71e6d00f0: shutdown group-2CCA2C521434
2019-06-14 05:18:32,477 INFO  util.JmxRegister (JmxRegister.java:unregister(73)) - Successfully un-registered JMX Bean with object name Ratis:service=RaftServer,group=group-2CCA2C521434,id=b2cf14e4-6b4a-4f38-b629-bce71e6d00f0
2019-06-14 05:18:32,477 INFO  impl.RoleInfo (RoleInfo.java:shutdownFollowerState(121)) - b2cf14e4-6b4a-4f38-b629-bce71e6d00f0: shutdown FollowerState
2019-06-14 05:18:32,477 INFO  impl.StateMachineUpdater (StateMachineUpdater.java:stopAndJoin(109)) - StateMachineUpdater-b2cf14e4-6b4a-4f38-b629-bce71e6d00f0-group-2CCA2C521434: set stopIndex = 1
2019-06-14 05:18:32,477 INFO  impl.FollowerState (FollowerState.java:run(109)) - b2cf14e4-6b4a-4f38-b629-bce71e6d00f0: FollowerState was interrupted: java.lang.InterruptedException: sleep interrupted
2019-06-14 05:18:32,477 INFO  ratis.ContainerStateMachine (ContainerStateMachine.java:takeSnapshot(245)) - Taking snapshot at termIndex:(t:1, i:1)
2019-06-14 05:18:32,477 INFO  ratis.ContainerStateMachine (ContainerStateMachine.java:takeSnapshot(249)) - Taking a snapshot to file /opt/src/hadoop-ozone/integration-test/target/test-dir/MiniOzoneClusterImpl-579fbd7b-422d-4a48-8b03-e8ea5236a9ec/datanode-0/data/ratis/5a524b1e-8b0b-47d4-9106-2cca2c521434/sm/snapshot.1_1
2019-06-14 05:18:32,478 INFO  impl.RaftServerImpl (ServerState.java:close(394)) - b2cf14e4-6b4a-4f38-b629-bce71e6d00f0:group-2CCA2C521434 closes. The last applied log index is 1
2019-06-14 05:18:32,478 INFO  storage.RaftLogWorker (RaftLogWorker.java:run(236)) - b2cf14e4-6b4a-4f38-b629-bce71e6d00f0-RaftLogWorker was interrupted, exiting. There are 0 tasks remaining in the queue.
2019-06-14 05:18:32,480 INFO  storage.RaftLogWorker (RaftLogWorker.java:close(168)) - b2cf14e4-6b4a-4f38-b629-bce71e6d00f0-RaftLogWorker close()
2019-06-14 05:18:32,481 INFO  impl.RaftServerImpl (RaftServerImpl.java:lambda$shutdown$3(238)) - b2cf14e4-6b4a-4f38-b629-bce71e6d00f0: shutdown group-FA0BDA6961AA
2019-06-14 05:18:32,481 INFO  util.JmxRegister (JmxRegister.java:unregister(73)) - Successfully un-registered JMX Bean with object name Ratis:service=RaftServer,group=group-FA0BDA6961AA,id=b2cf14e4-6b4a-4f38-b629-bce71e6d00f0
2019-06-14 05:18:32,481 INFO  impl.RoleInfo (RoleInfo.java:shutdownLeaderState(104)) - b2cf14e4-6b4a-4f38-b629-bce71e6d00f0: shutdown LeaderState
2019-06-14 05:18:32,482 INFO  impl.PendingRequests (PendingRequests.java:sendNotLeaderResponses(140)) - b2cf14e4-6b4a-4f38-b629-bce71e6d00f0-PendingRequests: sendNotLeaderResponses
2019-06-14 05:18:32,482 INFO  impl.StateMachineUpdater (StateMachineUpdater.java:stopAndJoin(109)) - StateMachineUpdater-b2cf14e4-6b4a-4f38-b629-bce71e6d00f0-group-FA0BDA6961AA: set stopIndex = 0
2019-06-14 05:18:32,482 INFO  ratis.ContainerStateMachine (ContainerStateMachine.java:takeSnapshot(245)) - Taking snapshot at termIndex:(t:0, i:~)
2019-06-14 05:18:32,482 INFO  impl.RaftServerImpl (ServerState.java:close(394)) - b2cf14e4-6b4a-4f38-b629-bce71e6d00f0:group-FA0BDA6961AA closes. The last applied log index is 0
2019-06-14 05:18:32,482 INFO  storage.RaftLogWorker (RaftLogWorker.java:run(236)) - b2cf14e4-6b4a-4f38-b629-bce71e6d00f0-RaftLogWorker was interrupted, exiting. There are 0 tasks remaining in the queue.
2019-06-14 05:18:32,484 INFO  storage.RaftLogWorker (RaftLogWorker.java:close(168)) - b2cf14e4-6b4a-4f38-b629-bce71e6d00f0-RaftLogWorker close()
2019-06-14 05:18:32,486 INFO  server.GrpcService (GrpcService.java:closeImpl(154)) - b2cf14e4-6b4a-4f38-b629-bce71e6d00f0: shutdown server with port 40843 now
2019-06-14 05:18:32,486 WARN  server.GrpcServerProtocolService (LogUtils.java:warn(134)) - b2cf14e4-6b4a-4f38-b629-bce71e6d00f0: appendEntries onError: org.apache.ratis.thirdparty.io.grpc.StatusRuntimeException: CANCELLED: cancelled before receiving half close
2019-06-14 05:18:32,486 INFO  server.GrpcService (GrpcService.java:closeImpl(162)) - b2cf14e4-6b4a-4f38-b629-bce71e6d00f0: shutdown server with port 40843 successfully
2019-06-14 05:18:32,486 WARN  server.GrpcLogAppender (LogUtils.java:warn(134)) - 15dee7dd-9b62-4ae0-8896-937f24d9341b: Failed appendEntries to b2cf14e4-6b4a-4f38-b629-bce71e6d00f0:192.168.105.138:40843: org.apache.ratis.thirdparty.io.grpc.StatusRuntimeException: CANCELLED: HTTP/2 error code: CANCEL
Received Rst Stream
2019-06-14 05:18:32,487 INFO  impl.FollowerInfo (FollowerInfo.java:lambda$new$0(50)) - 15dee7dd-9b62-4ae0-8896-937f24d9341b->b2cf14e4-6b4a-4f38-b629-bce71e6d00f0: nextIndex: updateUnconditionally 3 -> 0
2019-06-14 05:18:32,488 WARN  fs.CachingGetSpaceUsed (CachingGetSpaceUsed.java:run(183)) - Thread Interrupted waiting to refresh disk information: sleep interrupted
2019-06-14 05:18:32,500 INFO  statemachine.DatanodeStateMachine (DatanodeStateMachine.java:stopDaemon(395)) - Ozone container server stopped.
2019-06-14 05:18:32,501 INFO  handler.ContextHandler (ContextHandler.java:doStop(910)) - Stopped o.e.j.w.WebAppContext@79135a38{/,null,UNAVAILABLE}{/hddsDatanode}
2019-06-14 05:18:32,501 INFO  server.AbstractConnector (AbstractConnector.java:doStop(318)) - Stopped ServerConnector@77fceac6{HTTP/1.1,[http/1.1]}{0.0.0.0:0}
2019-06-14 05:18:32,501 INFO  handler.ContextHandler (ContextHandler.java:doStop(910)) - Stopped o.e.j.s.ServletContextHandler@4b5aa48b{/static,jar:file:/root/.m2/repository/org/apache/hadoop/hadoop-hdds-container-service/0.5.0-SNAPSHOT/hadoop-hdds-container-service-0.5.0-SNAPSHOT.jar!/webapps/static,UNAVAILABLE}
2019-06-14 05:18:32,502 INFO  handler.ContextHandler (ContextHandler.java:doStop(910)) - Stopped o.e.j.s.ServletContextHandler@5d3f8661{/logs,file:///opt/src/hadoop-ozone/integration-test/target/log,UNAVAILABLE}
2019-06-14 05:18:32,905 WARN  server.GrpcLogAppender (LogUtils.java:warn(134)) - 15dee7dd-9b62-4ae0-8896-937f24d9341b: Failed appendEntries to b2cf14e4-6b4a-4f38-b629-bce71e6d00f0:192.168.105.138:40843: org.apache.ratis.thirdparty.io.grpc.StatusRuntimeException: UNAVAILABLE: io exception
2019-06-14 05:18:32,905 INFO  impl.FollowerInfo (FollowerInfo.java:lambda$new$0(50)) - 15dee7dd-9b62-4ae0-8896-937f24d9341b->b2cf14e4-6b4a-4f38-b629-bce71e6d00f0: nextIndex: updateUnconditionally 0 -> 0
2019-06-14 05:18:32,907 WARN  server.GrpcLogAppender (LogUtils.java:warn(134)) - 15dee7dd-9b62-4ae0-8896-937f24d9341b: Failed appendEntries to 2a1bcffd-7f8d-49f5-89de-90db11ce442c:192.168.105.138:39053: org.apache.ratis.thirdparty.io.grpc.StatusRuntimeException: UNAVAILABLE: io exception
2019-06-14 05:18:32,907 INFO  impl.FollowerInfo (FollowerInfo.java:lambda$new$0(50)) - 15dee7dd-9b62-4ae0-8896-937f24d9341b->2a1bcffd-7f8d-49f5-89de-90db11ce442c: nextIndex: updateUnconditionally 0 -> 0
2019-06-14 05:18:33,405 WARN  server.GrpcLogAppender (LogUtils.java:warn(134)) - 15dee7dd-9b62-4ae0-8896-937f24d9341b: Failed appendEntries to b2cf14e4-6b4a-4f38-b629-bce71e6d00f0:192.168.105.138:40843: org.apache.ratis.thirdparty.io.grpc.StatusRuntimeException: UNAVAILABLE: io exception
2019-06-14 05:18:33,406 INFO  impl.FollowerInfo (FollowerInfo.java:lambda$new$0(50)) - 15dee7dd-9b62-4ae0-8896-937f24d9341b->b2cf14e4-6b4a-4f38-b629-bce71e6d00f0: nextIndex: updateUnconditionally 0 -> 0
2019-06-14 05:18:33,407 WARN  server.GrpcLogAppender (LogUtils.java:warn(134)) - 15dee7dd-9b62-4ae0-8896-937f24d9341b: Failed appendEntries to 2a1bcffd-7f8d-49f5-89de-90db11ce442c:192.168.105.138:39053: org.apache.ratis.thirdparty.io.grpc.StatusRuntimeException: UNAVAILABLE: io exception
2019-06-14 05:18:33,408 INFO  impl.FollowerInfo (FollowerInfo.java:lambda$new$0(50)) - 15dee7dd-9b62-4ae0-8896-937f24d9341b->2a1bcffd-7f8d-49f5-89de-90db11ce442c: nextIndex: updateUnconditionally 0 -> 0
2019-06-14 05:18:33,906 WARN  server.GrpcLogAppender (LogUtils.java:warn(134)) - 15dee7dd-9b62-4ae0-8896-937f24d9341b: Failed appendEntries to b2cf14e4-6b4a-4f38-b629-bce71e6d00f0:192.168.105.138:40843: org.apache.ratis.thirdparty.io.grpc.StatusRuntimeException: UNAVAILABLE: io exception
2019-06-14 05:18:33,906 INFO  impl.FollowerInfo (FollowerInfo.java:lambda$new$0(50)) - 15dee7dd-9b62-4ae0-8896-937f24d9341b->b2cf14e4-6b4a-4f38-b629-bce71e6d00f0: nextIndex: updateUnconditionally 0 -> 0
2019-06-14 05:18:33,908 WARN  server.GrpcLogAppender (LogUtils.java:warn(134)) - 15dee7dd-9b62-4ae0-8896-937f24d9341b: Failed appendEntries to 2a1bcffd-7f8d-49f5-89de-90db11ce442c:192.168.105.138:39053: org.apache.ratis.thirdparty.io.grpc.StatusRuntimeException: UNAVAILABLE: io exception
2019-06-14 05:18:33,908 INFO  impl.FollowerInfo (FollowerInfo.java:lambda$new$0(50)) - 15dee7dd-9b62-4ae0-8896-937f24d9341b->2a1bcffd-7f8d-49f5-89de-90db11ce442c: nextIndex: updateUnconditionally 0 -> 0
2019-06-14 05:18:34,406 WARN  server.GrpcLogAppender (LogUtils.java:warn(134)) - 15dee7dd-9b62-4ae0-8896-937f24d9341b: Failed appendEntries to b2cf14e4-6b4a-4f38-b629-bce71e6d00f0:192.168.105.138:40843: org.apache.ratis.thirdparty.io.grpc.StatusRuntimeException: UNAVAILABLE: io exception
2019-06-14 05:18:34,406 INFO  impl.FollowerInfo (FollowerInfo.java:lambda$new$0(50)) - 15dee7dd-9b62-4ae0-8896-937f24d9341b->b2cf14e4-6b4a-4f38-b629-bce71e6d00f0: nextIndex: updateUnconditionally 0 -> 0
2019-06-14 05:18:34,408 WARN  server.GrpcLogAppender (LogUtils.java:warn(134)) - 15dee7dd-9b62-4ae0-8896-937f24d9341b: Failed appendEntries to 2a1bcffd-7f8d-49f5-89de-90db11ce442c:192.168.105.138:39053: org.apache.ratis.thirdparty.io.grpc.StatusRuntimeException: UNAVAILABLE: io exception
2019-06-14 05:18:34,409 INFO  impl.FollowerInfo (FollowerInfo.java:lambda$new$0(50)) - 15dee7dd-9b62-4ae0-8896-937f24d9341b->2a1bcffd-7f8d-49f5-89de-90db11ce442c: nextIndex: updateUnconditionally 0 -> 0
2019-06-14 05:18:34,907 WARN  server.GrpcLogAppender (LogUtils.java:warn(134)) - 15dee7dd-9b62-4ae0-8896-937f24d9341b: Failed appendEntries to b2cf14e4-6b4a-4f38-b629-bce71e6d00f0:192.168.105.138:40843: org.apache.ratis.thirdparty.io.grpc.StatusRuntimeException: UNAVAILABLE: io exception
2019-06-14 05:18:34,907 INFO  impl.FollowerInfo (FollowerInfo.java:lambda$new$0(50)) - 15dee7dd-9b62-4ae0-8896-937f24d9341b->b2cf14e4-6b4a-4f38-b629-bce71e6d00f0: nextIndex: updateUnconditionally 0 -> 0
2019-06-14 05:18:34,909 WARN  server.GrpcLogAppender (LogUtils.java:warn(134)) - 15dee7dd-9b62-4ae0-8896-937f24d9341b: Failed appendEntries to 2a1bcffd-7f8d-49f5-89de-90db11ce442c:192.168.105.138:39053: org.apache.ratis.thirdparty.io.grpc.StatusRuntimeException: UNAVAILABLE: io exception
2019-06-14 05:18:34,909 INFO  impl.FollowerInfo (FollowerInfo.java:lambda$new$0(50)) - 15dee7dd-9b62-4ae0-8896-937f24d9341b->2a1bcffd-7f8d-49f5-89de-90db11ce442c: nextIndex: updateUnconditionally 0 -> 0
2019-06-14 05:18:35,407 WARN  server.GrpcLogAppender (LogUtils.java:warn(134)) - 15dee7dd-9b62-4ae0-8896-937f24d9341b: Failed appendEntries to b2cf14e4-6b4a-4f38-b629-bce71e6d00f0:192.168.105.138:40843: org.apache.ratis.thirdparty.io.grpc.StatusRuntimeException: UNAVAILABLE: io exception
2019-06-14 05:18:35,408 INFO  impl.FollowerInfo (FollowerInfo.java:lambda$new$0(50)) - 15dee7dd-9b62-4ae0-8896-937f24d9341b->b2cf14e4-6b4a-4f38-b629-bce71e6d00f0: nextIndex: updateUnconditionally 0 -> 0
2019-06-14 05:18:35,409 WARN  server.GrpcLogAppender (LogUtils.java:warn(134)) - 15dee7dd-9b62-4ae0-8896-937f24d9341b: Failed appendEntries to 2a1bcffd-7f8d-49f5-89de-90db11ce442c:192.168.105.138:39053: org.apache.ratis.thirdparty.io.grpc.StatusRuntimeException: UNAVAILABLE: io exception
2019-06-14 05:18:35,409 INFO  impl.FollowerInfo (FollowerInfo.java:lambda$new$0(50)) - 15dee7dd-9b62-4ae0-8896-937f24d9341b->2a1bcffd-7f8d-49f5-89de-90db11ce442c: nextIndex: updateUnconditionally 0 -> 0
2019-06-14 05:18:35,908 WARN  server.GrpcLogAppender (LogUtils.java:warn(134)) - 15dee7dd-9b62-4ae0-8896-937f24d9341b: Failed appendEntries to b2cf14e4-6b4a-4f38-b629-bce71e6d00f0:192.168.105.138:40843: org.apache.ratis.thirdparty.io.grpc.StatusRuntimeException: UNAVAILABLE: io exception
2019-06-14 05:18:35,908 INFO  impl.FollowerInfo (FollowerInfo.java:lambda$new$0(50)) - 15dee7dd-9b62-4ae0-8896-937f24d9341b->b2cf14e4-6b4a-4f38-b629-bce71e6d00f0: nextIndex: updateUnconditionally 0 -> 0
2019-06-14 05:18:35,910 WARN  server.GrpcLogAppender (LogUtils.java:warn(134)) - 15dee7dd-9b62-4ae0-8896-937f24d9341b: Failed appendEntries to 2a1bcffd-7f8d-49f5-89de-90db11ce442c:192.168.105.138:39053: org.apache.ratis.thirdparty.io.grpc.StatusRuntimeException: UNAVAILABLE: io exception
2019-06-14 05:18:35,910 INFO  impl.FollowerInfo (FollowerInfo.java:lambda$new$0(50)) - 15dee7dd-9b62-4ae0-8896-937f24d9341b->2a1bcffd-7f8d-49f5-89de-90db11ce442c: nextIndex: updateUnconditionally 0 -> 0
2019-06-14 05:18:36,408 WARN  server.GrpcLogAppender (LogUtils.java:warn(134)) - 15dee7dd-9b62-4ae0-8896-937f24d9341b: Failed appendEntries to b2cf14e4-6b4a-4f38-b629-bce71e6d00f0:192.168.105.138:40843: org.apache.ratis.thirdparty.io.grpc.StatusRuntimeException: UNAVAILABLE: io exception
2019-06-14 05:18:36,409 INFO  impl.FollowerInfo (FollowerInfo.java:lambda$new$0(50)) - 15dee7dd-9b62-4ae0-8896-937f24d9341b->b2cf14e4-6b4a-4f38-b629-bce71e6d00f0: nextIndex: updateUnconditionally 0 -> 0
2019-06-14 05:18:36,410 WARN  server.GrpcLogAppender (LogUtils.java:warn(134)) - 15dee7dd-9b62-4ae0-8896-937f24d9341b: Failed appendEntries to 2a1bcffd-7f8d-49f5-89de-90db11ce442c:192.168.105.138:39053: org.apache.ratis.thirdparty.io.grpc.StatusRuntimeException: UNAVAILABLE: io exception
2019-06-14 05:18:36,410 INFO  impl.FollowerInfo (FollowerInfo.java:lambda$new$0(50)) - 15dee7dd-9b62-4ae0-8896-937f24d9341b->2a1bcffd-7f8d-49f5-89de-90db11ce442c: nextIndex: updateUnconditionally 0 -> 0
2019-06-14 05:18:36,909 WARN  server.GrpcLogAppender (LogUtils.java:warn(134)) - 15dee7dd-9b62-4ae0-8896-937f24d9341b: Failed appendEntries to b2cf14e4-6b4a-4f38-b629-bce71e6d00f0:192.168.105.138:40843: org.apache.ratis.thirdparty.io.grpc.StatusRuntimeException: UNAVAILABLE: io exception
2019-06-14 05:18:36,909 INFO  impl.FollowerInfo (FollowerInfo.java:lambda$new$0(50)) - 15dee7dd-9b62-4ae0-8896-937f24d9341b->b2cf14e4-6b4a-4f38-b629-bce71e6d00f0: nextIndex: updateUnconditionally 0 -> 0
2019-06-14 05:18:36,910 WARN  server.GrpcLogAppender (LogUtils.java:warn(134)) - 15dee7dd-9b62-4ae0-8896-937f24d9341b: Failed appendEntries to 2a1bcffd-7f8d-49f5-89de-90db11ce442c:192.168.105.138:39053: org.apache.ratis.thirdparty.io.grpc.StatusRuntimeException: UNAVAILABLE: io exception
2019-06-14 05:18:36,911 INFO  impl.FollowerInfo (FollowerInfo.java:lambda$new$0(50)) - 15dee7dd-9b62-4ae0-8896-937f24d9341b->2a1bcffd-7f8d-49f5-89de-90db11ce442c: nextIndex: updateUnconditionally 0 -> 0
2019-06-14 05:18:37,409 WARN  server.GrpcLogAppender (LogUtils.java:warn(134)) - 15dee7dd-9b62-4ae0-8896-937f24d9341b: Failed appendEntries to b2cf14e4-6b4a-4f38-b629-bce71e6d00f0:192.168.105.138:40843: org.apache.ratis.thirdparty.io.grpc.StatusRuntimeException: UNAVAILABLE: io exception
2019-06-14 05:18:37,409 INFO  impl.FollowerInfo (FollowerInfo.java:lambda$new$0(50)) - 15dee7dd-9b62-4ae0-8896-937f24d9341b->b2cf14e4-6b4a-4f38-b629-bce71e6d00f0: nextIndex: updateUnconditionally 0 -> 0
2019-06-14 05:18:37,411 WARN  server.GrpcLogAppender (LogUtils.java:warn(134)) - 15dee7dd-9b62-4ae0-8896-937f24d9341b: Failed appendEntries to 2a1bcffd-7f8d-49f5-89de-90db11ce442c:192.168.105.138:39053: org.apache.ratis.thirdparty.io.grpc.StatusRuntimeException: UNAVAILABLE: io exception
2019-06-14 05:18:37,411 INFO  impl.FollowerInfo (FollowerInfo.java:lambda$new$0(50)) - 15dee7dd-9b62-4ae0-8896-937f24d9341b->2a1bcffd-7f8d-49f5-89de-90db11ce442c: nextIndex: updateUnconditionally 0 -> 0
2019-06-14 05:18:37,910 WARN  server.GrpcLogAppender (LogUtils.java:warn(134)) - 15dee7dd-9b62-4ae0-8896-937f24d9341b: Failed appendEntries to b2cf14e4-6b4a-4f38-b629-bce71e6d00f0:192.168.105.138:40843: org.apache.ratis.thirdparty.io.grpc.StatusRuntimeException: UNAVAILABLE: io exception
2019-06-14 05:18:37,910 INFO  impl.FollowerInfo (FollowerInfo.java:lambda$new$0(50)) - 15dee7dd-9b62-4ae0-8896-937f24d9341b->b2cf14e4-6b4a-4f38-b629-bce71e6d00f0: nextIndex: updateUnconditionally 0 -> 0
2019-06-14 05:18:37,911 WARN  server.GrpcLogAppender (LogUtils.java:warn(134)) - 15dee7dd-9b62-4ae0-8896-937f24d9341b: Failed appendEntries to 2a1bcffd-7f8d-49f5-89de-90db11ce442c:192.168.105.138:39053: org.apache.ratis.thirdparty.io.grpc.StatusRuntimeException: UNAVAILABLE: io exception
2019-06-14 05:18:37,911 INFO  impl.FollowerInfo (FollowerInfo.java:lambda$new$0(50)) - 15dee7dd-9b62-4ae0-8896-937f24d9341b->2a1bcffd-7f8d-49f5-89de-90db11ce442c: nextIndex: updateUnconditionally 0 -> 0
2019-06-14 05:18:38,410 WARN  server.GrpcLogAppender (LogUtils.java:warn(134)) - 15dee7dd-9b62-4ae0-8896-937f24d9341b: Failed appendEntries to b2cf14e4-6b4a-4f38-b629-bce71e6d00f0:192.168.105.138:40843: org.apache.ratis.thirdparty.io.grpc.StatusRuntimeException: UNAVAILABLE: io exception
2019-06-14 05:18:38,411 INFO  impl.FollowerInfo (FollowerInfo.java:lambda$new$0(50)) - 15dee7dd-9b62-4ae0-8896-937f24d9341b->b2cf14e4-6b4a-4f38-b629-bce71e6d00f0: nextIndex: updateUnconditionally 0 -> 0
2019-06-14 05:18:38,411 WARN  server.GrpcLogAppender (LogUtils.java:warn(134)) - 15dee7dd-9b62-4ae0-8896-937f24d9341b: Failed appendEntries to 2a1bcffd-7f8d-49f5-89de-90db11ce442c:192.168.105.138:39053: org.apache.ratis.thirdparty.io.grpc.StatusRuntimeException: UNAVAILABLE: io exception
2019-06-14 05:18:38,412 INFO  impl.FollowerInfo (FollowerInfo.java:lambda$new$0(50)) - 15dee7dd-9b62-4ae0-8896-937f24d9341b->2a1bcffd-7f8d-49f5-89de-90db11ce442c: nextIndex: updateUnconditionally 0 -> 0
2019-06-14 05:18:38,911 WARN  server.GrpcLogAppender (LogUtils.java:warn(134)) - 15dee7dd-9b62-4ae0-8896-937f24d9341b: Failed appendEntries to b2cf14e4-6b4a-4f38-b629-bce71e6d00f0:192.168.105.138:40843: org.apache.ratis.thirdparty.io.grpc.StatusRuntimeException: UNAVAILABLE: io exception
2019-06-14 05:18:38,911 INFO  impl.FollowerInfo (FollowerInfo.java:lambda$new$0(50)) - 15dee7dd-9b62-4ae0-8896-937f24d9341b->b2cf14e4-6b4a-4f38-b629-bce71e6d00f0: nextIndex: updateUnconditionally 0 -> 0
2019-06-14 05:18:38,912 WARN  server.GrpcLogAppender (LogUtils.java:warn(134)) - 15dee7dd-9b62-4ae0-8896-937f24d9341b: Failed appendEntries to 2a1bcffd-7f8d-49f5-89de-90db11ce442c:192.168.105.138:39053: org.apache.ratis.thirdparty.io.grpc.StatusRuntimeException: UNAVAILABLE: io exception
2019-06-14 05:18:38,912 INFO  impl.FollowerInfo (FollowerInfo.java:lambda$new$0(50)) - 15dee7dd-9b62-4ae0-8896-937f24d9341b->2a1bcffd-7f8d-49f5-89de-90db11ce442c: nextIndex: updateUnconditionally 0 -> 0
2019-06-14 05:18:39,411 WARN  server.GrpcLogAppender (LogUtils.java:warn(134)) - 15dee7dd-9b62-4ae0-8896-937f24d9341b: Failed appendEntries to b2cf14e4-6b4a-4f38-b629-bce71e6d00f0:192.168.105.138:40843: org.apache.ratis.thirdparty.io.grpc.StatusRuntimeException: UNAVAILABLE: io exception
2019-06-14 05:18:39,411 INFO  impl.FollowerInfo (FollowerInfo.java:lambda$new$0(50)) - 15dee7dd-9b62-4ae0-8896-937f24d9341b->b2cf14e4-6b4a-4f38-b629-bce71e6d00f0: nextIndex: updateUnconditionally 0 -> 0
2019-06-14 05:18:39,412 WARN  server.GrpcLogAppender (LogUtils.java:warn(134)) - 15dee7dd-9b62-4ae0-8896-937f24d9341b: Failed appendEntries to 2a1bcffd-7f8d-49f5-89de-90db11ce442c:192.168.105.138:39053: org.apache.ratis.thirdparty.io.grpc.StatusRuntimeException: UNAVAILABLE: io exception
2019-06-14 05:18:39,413 INFO  impl.FollowerInfo (FollowerInfo.java:lambda$new$0(50)) - 15dee7dd-9b62-4ae0-8896-937f24d9341b->2a1bcffd-7f8d-49f5-89de-90db11ce442c: nextIndex: updateUnconditionally 0 -> 0
2019-06-14 05:18:39,912 WARN  server.GrpcLogAppender (LogUtils.java:warn(134)) - 15dee7dd-9b62-4ae0-8896-937f24d9341b: Failed appendEntries to b2cf14e4-6b4a-4f38-b629-bce71e6d00f0:192.168.105.138:40843: org.apache.ratis.thirdparty.io.grpc.StatusRuntimeException: UNAVAILABLE: io exception
2019-06-14 05:18:39,912 INFO  impl.FollowerInfo (FollowerInfo.java:lambda$new$0(50)) - 15dee7dd-9b62-4ae0-8896-937f24d9341b->b2cf14e4-6b4a-4f38-b629-bce71e6d00f0: nextIndex: updateUnconditionally 0 -> 0
2019-06-14 05:18:39,913 WARN  server.GrpcLogAppender (LogUtils.java:warn(134)) - 15dee7dd-9b62-4ae0-8896-937f24d9341b: Failed appendEntries to 2a1bcffd-7f8d-49f5-89de-90db11ce442c:192.168.105.138:39053: org.apache.ratis.thirdparty.io.grpc.StatusRuntimeException: UNAVAILABLE: io exception
2019-06-14 05:18:39,913 INFO  impl.FollowerInfo (FollowerInfo.java:lambda$new$0(50)) - 15dee7dd-9b62-4ae0-8896-937f24d9341b->2a1bcffd-7f8d-49f5-89de-90db11ce442c: nextIndex: updateUnconditionally 0 -> 0
2019-06-14 05:18:40,412 WARN  server.GrpcLogAppender (LogUtils.java:warn(134)) - 15dee7dd-9b62-4ae0-8896-937f24d9341b: Failed appendEntries to b2cf14e4-6b4a-4f38-b629-bce71e6d00f0:192.168.105.138:40843: org.apache.ratis.thirdparty.io.grpc.StatusRuntimeException: UNAVAILABLE: io exception
2019-06-14 05:18:40,412 INFO  impl.FollowerInfo (FollowerInfo.java:lambda$new$0(50)) - 15dee7dd-9b62-4ae0-8896-937f24d9341b->b2cf14e4-6b4a-4f38-b629-bce71e6d00f0: nextIndex: updateUnconditionally 0 -> 0
2019-06-14 05:18:40,413 WARN  server.GrpcLogAppender (LogUtils.java:warn(134)) - 15dee7dd-9b62-4ae0-8896-937f24d9341b: Failed appendEntries to 2a1bcffd-7f8d-49f5-89de-90db11ce442c:192.168.105.138:39053: org.apache.ratis.thirdparty.io.grpc.StatusRuntimeException: UNAVAILABLE: io exception
2019-06-14 05:18:40,413 INFO  impl.FollowerInfo (FollowerInfo.java:lambda$new$0(50)) - 15dee7dd-9b62-4ae0-8896-937f24d9341b->2a1bcffd-7f8d-49f5-89de-90db11ce442c: nextIndex: updateUnconditionally 0 -> 0
2019-06-14 05:18:40,913 WARN  server.GrpcLogAppender (LogUtils.java:warn(134)) - 15dee7dd-9b62-4ae0-8896-937f24d9341b: Failed appendEntries to b2cf14e4-6b4a-4f38-b629-bce71e6d00f0:192.168.105.138:40843: org.apache.ratis.thirdparty.io.grpc.StatusRuntimeException: UNAVAILABLE: io exception
2019-06-14 05:18:40,913 INFO  impl.FollowerInfo (FollowerInfo.java:lambda$new$0(50)) - 15dee7dd-9b62-4ae0-8896-937f24d9341b->b2cf14e4-6b4a-4f38-b629-bce71e6d00f0: nextIndex: updateUnconditionally 0 -> 0
2019-06-14 05:18:40,914 WARN  server.GrpcLogAppender (LogUtils.java:warn(134)) - 15dee7dd-9b62-4ae0-8896-937f24d9341b: Failed appendEntries to 2a1bcffd-7f8d-49f5-89de-90db11ce442c:192.168.105.138:39053: org.apache.ratis.thirdparty.io.grpc.StatusRuntimeException: UNAVAILABLE: io exception
2019-06-14 05:18:40,914 INFO  impl.FollowerInfo (FollowerInfo.java:lambda$new$0(50)) - 15dee7dd-9b62-4ae0-8896-937f24d9341b->2a1bcffd-7f8d-49f5-89de-90db11ce442c: nextIndex: updateUnconditionally 0 -> 0
2019-06-14 05:18:41,413 WARN  server.GrpcLogAppender (LogUtils.java:warn(134)) - 15dee7dd-9b62-4ae0-8896-937f24d9341b: Failed appendEntries to b2cf14e4-6b4a-4f38-b629-bce71e6d00f0:192.168.105.138:40843: org.apache.ratis.thirdparty.io.grpc.StatusRuntimeException: UNAVAILABLE: io exception
2019-06-14 05:18:41,414 INFO  impl.FollowerInfo (FollowerInfo.java:lambda$new$0(50)) - 15dee7dd-9b62-4ae0-8896-937f24d9341b->b2cf14e4-6b4a-4f38-b629-bce71e6d00f0: nextIndex: updateUnconditionally 0 -> 0
2019-06-14 05:18:41,414 WARN  server.GrpcLogAppender (LogUtils.java:warn(134)) - 15dee7dd-9b62-4ae0-8896-937f24d9341b: Failed appendEntries to 2a1bcffd-7f8d-49f5-89de-90db11ce442c:192.168.105.138:39053: org.apache.ratis.thirdparty.io.grpc.StatusRuntimeException: UNAVAILABLE: io exception
2019-06-14 05:18:41,414 INFO  impl.FollowerInfo (FollowerInfo.java:lambda$new$0(50)) - 15dee7dd-9b62-4ae0-8896-937f24d9341b->2a1bcffd-7f8d-49f5-89de-90db11ce442c: nextIndex: updateUnconditionally 0 -> 0
2019-06-14 05:18:41,914 WARN  server.GrpcLogAppender (LogUtils.java:warn(134)) - 15dee7dd-9b62-4ae0-8896-937f24d9341b: Failed appendEntries to b2cf14e4-6b4a-4f38-b629-bce71e6d00f0:192.168.105.138:40843: org.apache.ratis.thirdparty.io.grpc.StatusRuntimeException: UNAVAILABLE: io exception
2019-06-14 05:18:41,914 INFO  impl.FollowerInfo (FollowerInfo.java:lambda$new$0(50)) - 15dee7dd-9b62-4ae0-8896-937f24d9341b->b2cf14e4-6b4a-4f38-b629-bce71e6d00f0: nextIndex: updateUnconditionally 0 -> 0
2019-06-14 05:18:41,914 WARN  server.GrpcLogAppender (LogUtils.java:warn(134)) - 15dee7dd-9b62-4ae0-8896-937f24d9341b: Failed appendEntries to 2a1bcffd-7f8d-49f5-89de-90db11ce442c:192.168.105.138:39053: org.apache.ratis.thirdparty.io.grpc.StatusRuntimeException: UNAVAILABLE: io exception
2019-06-14 05:18:41,915 INFO  impl.FollowerInfo (FollowerInfo.java:lambda$new$0(50)) - 15dee7dd-9b62-4ae0-8896-937f24d9341b->2a1bcffd-7f8d-49f5-89de-90db11ce442c: nextIndex: updateUnconditionally 0 -> 0
2019-06-14 05:18:42,414 WARN  server.GrpcLogAppender (LogUtils.java:warn(134)) - 15dee7dd-9b62-4ae0-8896-937f24d9341b: Failed appendEntries to b2cf14e4-6b4a-4f38-b629-bce71e6d00f0:192.168.105.138:40843: org.apache.ratis.thirdparty.io.grpc.StatusRuntimeException: UNAVAILABLE: io exception
2019-06-14 05:18:42,415 INFO  impl.FollowerInfo (FollowerInfo.java:lambda$new$0(50)) - 15dee7dd-9b62-4ae0-8896-937f24d9341b->b2cf14e4-6b4a-4f38-b629-bce71e6d00f0: nextIndex: updateUnconditionally 0 -> 0
2019-06-14 05:18:42,415 WARN  server.GrpcLogAppender (LogUtils.java:warn(134)) - 15dee7dd-9b62-4ae0-8896-937f24d9341b: Failed appendEntries to 2a1bcffd-7f8d-49f5-89de-90db11ce442c:192.168.105.138:39053: org.apache.ratis.thirdparty.io.grpc.StatusRuntimeException: UNAVAILABLE: io exception
2019-06-14 05:18:42,415 INFO  impl.FollowerInfo (FollowerInfo.java:lambda$new$0(50)) - 15dee7dd-9b62-4ae0-8896-937f24d9341b->2a1bcffd-7f8d-49f5-89de-90db11ce442c: nextIndex: updateUnconditionally 0 -> 0
2019-06-14 05:18:42,915 WARN  server.GrpcLogAppender (LogUtils.java:warn(134)) - 15dee7dd-9b62-4ae0-8896-937f24d9341b: Failed appendEntries to b2cf14e4-6b4a-4f38-b629-bce71e6d00f0:192.168.105.138:40843: org.apache.ratis.thirdparty.io.grpc.StatusRuntimeException: UNAVAILABLE: io exception
2019-06-14 05:18:42,915 INFO  impl.FollowerInfo (FollowerInfo.java:lambda$new$0(50)) - 15dee7dd-9b62-4ae0-8896-937f24d9341b->b2cf14e4-6b4a-4f38-b629-bce71e6d00f0: nextIndex: updateUnconditionally 0 -> 0
2019-06-14 05:18:42,915 WARN  server.GrpcLogAppender (LogUtils.java:warn(134)) - 15dee7dd-9b62-4ae0-8896-937f24d9341b: Failed appendEntries to 2a1bcffd-7f8d-49f5-89de-90db11ce442c:192.168.105.138:39053: org.apache.ratis.thirdparty.io.grpc.StatusRuntimeException: UNAVAILABLE: io exception
2019-06-14 05:18:42,916 INFO  impl.FollowerInfo (FollowerInfo.java:lambda$new$0(50)) - 15dee7dd-9b62-4ae0-8896-937f24d9341b->2a1bcffd-7f8d-49f5-89de-90db11ce442c: nextIndex: updateUnconditionally 0 -> 0
2019-06-14 05:18:43,058 INFO  client.GrpcClientProtocolService (GrpcClientProtocolService.java:lambda$processClientRequest$0(264)) - Failed RaftClientRequest:client-8259B1B77B8E->15dee7dd-9b62-4ae0-8896-937f24d9341b@group-2CCA2C521434, cid=67, seq=0, Watch-ALL_COMMITTED(2), Message:<EMPTY>, reply=RaftClientReply:client-8259B1B77B8E->15dee7dd-9b62-4ae0-8896-937f24d9341b@group-2CCA2C521434, cid=67, FAILED org.apache.ratis.protocol.NotReplicatedException: Request with call Id 67 and log index 2 is not yet replicated to ALL_COMMITTED, logIndex=2, commits[15dee7dd-9b62-4ae0-8896-937f24d9341b:c2, 2a1bcffd-7f8d-49f5-89de-90db11ce442c:c1, b2cf14e4-6b4a-4f38-b629-bce71e6d00f0:c1]
2019-06-14 05:18:43,415 WARN  server.GrpcLogAppender (LogUtils.java:warn(134)) - 15dee7dd-9b62-4ae0-8896-937f24d9341b: Failed appendEntries to b2cf14e4-6b4a-4f38-b629-bce71e6d00f0:192.168.105.138:40843: org.apache.ratis.thirdparty.io.grpc.StatusRuntimeException: UNAVAILABLE: io exception
2019-06-14 05:18:43,416 INFO  impl.FollowerInfo (FollowerInfo.java:lambda$new$0(50)) - 15dee7dd-9b62-4ae0-8896-937f24d9341b->b2cf14e4-6b4a-4f38-b629-bce71e6d00f0: nextIndex: updateUnconditionally 0 -> 0
2019-06-14 05:18:43,416 WARN  server.GrpcLogAppender (LogUtils.java:warn(134)) - 15dee7dd-9b62-4ae0-8896-937f24d9341b: Failed appendEntries to 2a1bcffd-7f8d-49f5-89de-90db11ce442c:192.168.105.138:39053: org.apache.ratis.thirdparty.io.grpc.StatusRuntimeException: UNAVAILABLE: io exception
2019-06-14 05:18:43,418 INFO  impl.FollowerInfo (FollowerInfo.java:lambda$new$0(50)) - 15dee7dd-9b62-4ae0-8896-937f24d9341b->2a1bcffd-7f8d-49f5-89de-90db11ce442c: nextIndex: updateUnconditionally 0 -> 0
2019-06-14 05:18:43,916 WARN  server.GrpcLogAppender (LogUtils.java:warn(134)) - 15dee7dd-9b62-4ae0-8896-937f24d9341b: Failed appendEntries to b2cf14e4-6b4a-4f38-b629-bce71e6d00f0:192.168.105.138:40843: org.apache.ratis.thirdparty.io.grpc.StatusRuntimeException: UNAVAILABLE: io exception
2019-06-14 05:18:43,916 INFO  impl.FollowerInfo (FollowerInfo.java:lambda$new$0(50)) - 15dee7dd-9b62-4ae0-8896-937f24d9341b->b2cf14e4-6b4a-4f38-b629-bce71e6d00f0: nextIndex: updateUnconditionally 0 -> 0
2019-06-14 05:18:43,916 WARN  server.GrpcLogAppender (LogUtils.java:warn(134)) - 15dee7dd-9b62-4ae0-8896-937f24d9341b: Failed appendEntries to 2a1bcffd-7f8d-49f5-89de-90db11ce442c:192.168.105.138:39053: org.apache.ratis.thirdparty.io.grpc.StatusRuntimeException: UNAVAILABLE: io exception
2019-06-14 05:18:43,917 INFO  impl.FollowerInfo (FollowerInfo.java:lambda$new$0(50)) - 15dee7dd-9b62-4ae0-8896-937f24d9341b->2a1bcffd-7f8d-49f5-89de-90db11ce442c: nextIndex: updateUnconditionally 0 -> 0
2019-06-14 05:18:44,417 WARN  server.GrpcLogAppender (LogUtils.java:warn(134)) - 15dee7dd-9b62-4ae0-8896-937f24d9341b: Failed appendEntries to b2cf14e4-6b4a-4f38-b629-bce71e6d00f0:192.168.105.138:40843: org.apache.ratis.thirdparty.io.grpc.StatusRuntimeException: UNAVAILABLE: io exception
2019-06-14 05:18:44,417 WARN  server.GrpcLogAppender (LogUtils.java:warn(134)) - 15dee7dd-9b62-4ae0-8896-937f24d9341b: Failed appendEntries to 2a1bcffd-7f8d-49f5-89de-90db11ce442c:192.168.105.138:39053: org.apache.ratis.thirdparty.io.grpc.StatusRuntimeException: UNAVAILABLE: io exception
2019-06-14 05:18:44,417 INFO  impl.FollowerInfo (FollowerInfo.java:lambda$new$0(50)) - 15dee7dd-9b62-4ae0-8896-937f24d9341b->b2cf14e4-6b4a-4f38-b629-bce71e6d00f0: nextIndex: updateUnconditionally 0 -> 0
2019-06-14 05:18:44,417 INFO  impl.FollowerInfo (FollowerInfo.java:lambda$new$0(50)) - 15dee7dd-9b62-4ae0-8896-937f24d9341b->2a1bcffd-7f8d-49f5-89de-90db11ce442c: nextIndex: updateUnconditionally 0 -> 0
2019-06-14 05:18:44,955 WARN  server.GrpcLogAppender (LogUtils.java:warn(134)) - 15dee7dd-9b62-4ae0-8896-937f24d9341b: Failed appendEntries to b2cf14e4-6b4a-4f38-b629-bce71e6d00f0:192.168.105.138:40843: org.apache.ratis.thirdparty.io.grpc.StatusRuntimeException: UNAVAILABLE: io exception
2019-06-14 05:18:44,955 INFO  impl.FollowerInfo (FollowerInfo.java:lambda$new$0(50)) - 15dee7dd-9b62-4ae0-8896-937f24d9341b->b2cf14e4-6b4a-4f38-b629-bce71e6d00f0: nextIndex: updateUnconditionally 0 -> 0
2019-06-14 05:18:44,960 WARN  server.GrpcLogAppender (LogUtils.java:warn(134)) - 15dee7dd-9b62-4ae0-8896-937f24d9341b: Failed appendEntries to 2a1bcffd-7f8d-49f5-89de-90db11ce442c:192.168.105.138:39053: org.apache.ratis.thirdparty.io.grpc.StatusRuntimeException: UNAVAILABLE: io exception
2019-06-14 05:18:44,961 INFO  impl.FollowerInfo (FollowerInfo.java:lambda$new$0(50)) - 15dee7dd-9b62-4ae0-8896-937f24d9341b->2a1bcffd-7f8d-49f5-89de-90db11ce442c: nextIndex: updateUnconditionally 0 -> 0
2019-06-14 05:18:45,455 WARN  server.GrpcLogAppender (LogUtils.java:warn(134)) - 15dee7dd-9b62-4ae0-8896-937f24d9341b: Failed appendEntries to 2a1bcffd-7f8d-49f5-89de-90db11ce442c:192.168.105.138:39053: org.apache.ratis.thirdparty.io.grpc.StatusRuntimeException: UNAVAILABLE: io exception
2019-06-14 05:18:45,456 INFO  impl.FollowerInfo (FollowerInfo.java:lambda$new$0(50)) - 15dee7dd-9b62-4ae0-8896-937f24d9341b->2a1bcffd-7f8d-49f5-89de-90db11ce442c: nextIndex: updateUnconditionally 0 -> 0
2019-06-14 05:18:45,456 WARN  server.GrpcLogAppender (LogUtils.java:warn(134)) - 15dee7dd-9b62-4ae0-8896-937f24d9341b: Failed appendEntries to b2cf14e4-6b4a-4f38-b629-bce71e6d00f0:192.168.105.138:40843: org.apache.ratis.thirdparty.io.grpc.StatusRuntimeException: UNAVAILABLE: io exception
2019-06-14 05:18:45,456 INFO  impl.FollowerInfo (FollowerInfo.java:lambda$new$0(50)) - 15dee7dd-9b62-4ae0-8896-937f24d9341b->b2cf14e4-6b4a-4f38-b629-bce71e6d00f0: nextIndex: updateUnconditionally 0 -> 0
2019-06-14 05:18:45,956 WARN  server.GrpcLogAppender (LogUtils.java:warn(134)) - 15dee7dd-9b62-4ae0-8896-937f24d9341b: Failed appendEntries to b2cf14e4-6b4a-4f38-b629-bce71e6d00f0:192.168.105.138:40843: org.apache.ratis.thirdparty.io.grpc.StatusRuntimeException: UNAVAILABLE: io exception
2019-06-14 05:18:45,956 WARN  server.GrpcLogAppender (LogUtils.java:warn(134)) - 15dee7dd-9b62-4ae0-8896-937f24d9341b: Failed appendEntries to 2a1bcffd-7f8d-49f5-89de-90db11ce442c:192.168.105.138:39053: org.apache.ratis.thirdparty.io.grpc.StatusRuntimeException: UNAVAILABLE: io exception
2019-06-14 05:18:45,956 INFO  impl.FollowerInfo (FollowerInfo.java:lambda$new$0(50)) - 15dee7dd-9b62-4ae0-8896-937f24d9341b->b2cf14e4-6b4a-4f38-b629-bce71e6d00f0: nextIndex: updateUnconditionally 0 -> 0
2019-06-14 05:18:45,956 INFO  impl.FollowerInfo (FollowerInfo.java:lambda$new$0(50)) - 15dee7dd-9b62-4ae0-8896-937f24d9341b->2a1bcffd-7f8d-49f5-89de-90db11ce442c: nextIndex: updateUnconditionally 0 -> 0
2019-06-14 05:18:46,456 WARN  server.GrpcLogAppender (LogUtils.java:warn(134)) - 15dee7dd-9b62-4ae0-8896-937f24d9341b: Failed appendEntries to b2cf14e4-6b4a-4f38-b629-bce71e6d00f0:192.168.105.138:40843: org.apache.ratis.thirdparty.io.grpc.StatusRuntimeException: UNAVAILABLE: io exception
2019-06-14 05:18:46,457 INFO  impl.FollowerInfo (FollowerInfo.java:lambda$new$0(50)) - 15dee7dd-9b62-4ae0-8896-937f24d9341b->b2cf14e4-6b4a-4f38-b629-bce71e6d00f0: nextIndex: updateUnconditionally 0 -> 0
2019-06-14 05:18:46,457 WARN  server.GrpcLogAppender (LogUtils.java:warn(134)) - 15dee7dd-9b62-4ae0-8896-937f24d9341b: Failed appendEntries to 2a1bcffd-7f8d-49f5-89de-90db11ce442c:192.168.105.138:39053: org.apache.ratis.thirdparty.io.grpc.StatusRuntimeException: UNAVAILABLE: io exception
2019-06-14 05:18:46,457 INFO  impl.FollowerInfo (FollowerInfo.java:lambda$new$0(50)) - 15dee7dd-9b62-4ae0-8896-937f24d9341b->2a1bcffd-7f8d-49f5-89de-90db11ce442c: nextIndex: updateUnconditionally 0 -> 0
2019-06-14 05:18:46,957 WARN  server.GrpcLogAppender (LogUtils.java:warn(134)) - 15dee7dd-9b62-4ae0-8896-937f24d9341b: Failed appendEntries to 2a1bcffd-7f8d-49f5-89de-90db11ce442c:192.168.105.138:39053: org.apache.ratis.thirdparty.io.grpc.StatusRuntimeException: UNAVAILABLE: io exception
2019-06-14 05:18:46,957 WARN  server.GrpcLogAppender (LogUtils.java:warn(134)) - 15dee7dd-9b62-4ae0-8896-937f24d9341b: Failed appendEntries to b2cf14e4-6b4a-4f38-b629-bce71e6d00f0:192.168.105.138:40843: org.apache.ratis.thirdparty.io.grpc.StatusRuntimeException: UNAVAILABLE: io exception
2019-06-14 05:18:46,957 INFO  impl.FollowerInfo (FollowerInfo.java:lambda$new$0(50)) - 15dee7dd-9b62-4ae0-8896-937f24d9341b->2a1bcffd-7f8d-49f5-89de-90db11ce442c: nextIndex: updateUnconditionally 0 -> 0
2019-06-14 05:18:46,958 INFO  impl.FollowerInfo (FollowerInfo.java:lambda$new$0(50)) - 15dee7dd-9b62-4ae0-8896-937f24d9341b->b2cf14e4-6b4a-4f38-b629-bce71e6d00f0: nextIndex: updateUnconditionally 0 -> 0
2019-06-14 05:18:47,458 WARN  server.GrpcLogAppender (LogUtils.java:warn(134)) - 15dee7dd-9b62-4ae0-8896-937f24d9341b: Failed appendEntries to b2cf14e4-6b4a-4f38-b629-bce71e6d00f0:192.168.105.138:40843: org.apache.ratis.thirdparty.io.grpc.StatusRuntimeException: UNAVAILABLE: io exception
2019-06-14 05:18:47,458 WARN  server.GrpcLogAppender (LogUtils.java:warn(134)) - 15dee7dd-9b62-4ae0-8896-937f24d9341b: Failed appendEntries to 2a1bcffd-7f8d-49f5-89de-90db11ce442c:192.168.105.138:39053: org.apache.ratis.thirdparty.io.grpc.StatusRuntimeException: UNAVAILABLE: io exception
2019-06-14 05:18:47,458 INFO  impl.FollowerInfo (FollowerInfo.java:lambda$new$0(50)) - 15dee7dd-9b62-4ae0-8896-937f24d9341b->b2cf14e4-6b4a-4f38-b629-bce71e6d00f0: nextIndex: updateUnconditionally 0 -> 0
2019-06-14 05:18:47,458 INFO  impl.FollowerInfo (FollowerInfo.java:lambda$new$0(50)) - 15dee7dd-9b62-4ae0-8896-937f24d9341b->2a1bcffd-7f8d-49f5-89de-90db11ce442c: nextIndex: updateUnconditionally 0 -> 0
2019-06-14 05:18:47,958 WARN  server.GrpcLogAppender (LogUtils.java:warn(134)) - 15dee7dd-9b62-4ae0-8896-937f24d9341b: Failed appendEntries to b2cf14e4-6b4a-4f38-b629-bce71e6d00f0:192.168.105.138:40843: org.apache.ratis.thirdparty.io.grpc.StatusRuntimeException: UNAVAILABLE: io exception
2019-06-14 05:18:47,958 WARN  server.GrpcLogAppender (LogUtils.java:warn(134)) - 15dee7dd-9b62-4ae0-8896-937f24d9341b: Failed appendEntries to 2a1bcffd-7f8d-49f5-89de-90db11ce442c:192.168.105.138:39053: org.apache.ratis.thirdparty.io.grpc.StatusRuntimeException: UNAVAILABLE: io exception
2019-06-14 05:18:47,959 INFO  impl.FollowerInfo (FollowerInfo.java:lambda$new$0(50)) - 15dee7dd-9b62-4ae0-8896-937f24d9341b->b2cf14e4-6b4a-4f38-b629-bce71e6d00f0: nextIndex: updateUnconditionally 0 -> 0
2019-06-14 05:18:47,959 INFO  impl.FollowerInfo (FollowerInfo.java:lambda$new$0(50)) - 15dee7dd-9b62-4ae0-8896-937f24d9341b->2a1bcffd-7f8d-49f5-89de-90db11ce442c: nextIndex: updateUnconditionally 0 -> 0
2019-06-14 05:18:48,054 INFO  client.GrpcClientProtocolService (GrpcClientProtocolService.java:lambda$processClientRequest$0(264)) - Failed RaftClientRequest:client-8259B1B77B8E->15dee7dd-9b62-4ae0-8896-937f24d9341b@group-2CCA2C521434, cid=67, seq=0, Watch-ALL_COMMITTED(2), Message:<EMPTY>, reply=RaftClientReply:client-8259B1B77B8E->15dee7dd-9b62-4ae0-8896-937f24d9341b@group-2CCA2C521434, cid=67, FAILED org.apache.ratis.protocol.NotReplicatedException: Request with call Id 67 and log index 2 is not yet replicated to ALL_COMMITTED, logIndex=2, commits[15dee7dd-9b62-4ae0-8896-937f24d9341b:c2, 2a1bcffd-7f8d-49f5-89de-90db11ce442c:c1, b2cf14e4-6b4a-4f38-b629-bce71e6d00f0:c1]
2019-06-14 05:18:48,459 WARN  server.GrpcLogAppender (LogUtils.java:warn(134)) - 15dee7dd-9b62-4ae0-8896-937f24d9341b: Failed appendEntries to b2cf14e4-6b4a-4f38-b629-bce71e6d00f0:192.168.105.138:40843: org.apache.ratis.thirdparty.io.grpc.StatusRuntimeException: UNAVAILABLE: io exception
2019-06-14 05:18:48,459 WARN  server.GrpcLogAppender (LogUtils.java:warn(134)) - 15dee7dd-9b62-4ae0-8896-937f24d9341b: Failed appendEntries to 2a1bcffd-7f8d-49f5-89de-90db11ce442c:192.168.105.138:39053: org.apache.ratis.thirdparty.io.grpc.StatusRuntimeException: UNAVAILABLE: io exception
2019-06-14 05:18:48,461 INFO  impl.FollowerInfo (FollowerInfo.java:lambda$new$0(50)) - 15dee7dd-9b62-4ae0-8896-937f24d9341b->b2cf14e4-6b4a-4f38-b629-bce71e6d00f0: nextIndex: updateUnconditionally 0 -> 0
2019-06-14 05:18:48,461 INFO  impl.FollowerInfo (FollowerInfo.java:lambda$new$0(50)) - 15dee7dd-9b62-4ae0-8896-937f24d9341b->2a1bcffd-7f8d-49f5-89de-90db11ce442c: nextIndex: updateUnconditionally 0 -> 0
2019-06-14 05:18:48,959 WARN  server.GrpcLogAppender (LogUtils.java:warn(134)) - 15dee7dd-9b62-4ae0-8896-937f24d9341b: Failed appendEntries to 2a1bcffd-7f8d-49f5-89de-90db11ce442c:192.168.105.138:39053: org.apache.ratis.thirdparty.io.grpc.StatusRuntimeException: UNAVAILABLE: io exception
2019-06-14 05:18:48,960 INFO  impl.FollowerInfo (FollowerInfo.java:lambda$new$0(50)) - 15dee7dd-9b62-4ae0-8896-937f24d9341b->2a1bcffd-7f8d-49f5-89de-90db11ce442c: nextIndex: updateUnconditionally 0 -> 0
2019-06-14 05:18:48,962 WARN  server.GrpcLogAppender (LogUtils.java:warn(134)) - 15dee7dd-9b62-4ae0-8896-937f24d9341b: Failed appendEntries to b2cf14e4-6b4a-4f38-b629-bce71e6d00f0:192.168.105.138:40843: org.apache.ratis.thirdparty.io.grpc.StatusRuntimeException: UNAVAILABLE: io exception
2019-06-14 05:18:48,962 INFO  impl.FollowerInfo (FollowerInfo.java:lambda$new$0(50)) - 15dee7dd-9b62-4ae0-8896-937f24d9341b->b2cf14e4-6b4a-4f38-b629-bce71e6d00f0: nextIndex: updateUnconditionally 0 -> 0
2019-06-14 05:18:49,460 WARN  server.GrpcLogAppender (LogUtils.java:warn(134)) - 15dee7dd-9b62-4ae0-8896-937f24d9341b: Failed appendEntries to 2a1bcffd-7f8d-49f5-89de-90db11ce442c:192.168.105.138:39053: org.apache.ratis.thirdparty.io.grpc.StatusRuntimeException: UNAVAILABLE: io exception
2019-06-14 05:18:49,460 INFO  impl.FollowerInfo (FollowerInfo.java:lambda$new$0(50)) - 15dee7dd-9b62-4ae0-8896-937f24d9341b->2a1bcffd-7f8d-49f5-89de-90db11ce442c: nextIndex: updateUnconditionally 0 -> 0
2019-06-14 05:18:49,461 WARN  server.GrpcLogAppender (LogUtils.java:warn(134)) - 15dee7dd-9b62-4ae0-8896-937f24d9341b: Failed appendEntries to b2cf14e4-6b4a-4f38-b629-bce71e6d00f0:192.168.105.138:40843: org.apache.ratis.thirdparty.io.grpc.StatusRuntimeException: UNAVAILABLE: io exception
2019-06-14 05:18:49,461 INFO  impl.FollowerInfo (FollowerInfo.java:lambda$new$0(50)) - 15dee7dd-9b62-4ae0-8896-937f24d9341b->b2cf14e4-6b4a-4f38-b629-bce71e6d00f0: nextIndex: updateUnconditionally 0 -> 0
2019-06-14 05:18:49,961 WARN  server.GrpcLogAppender (LogUtils.java:warn(134)) - 15dee7dd-9b62-4ae0-8896-937f24d9341b: Failed appendEntries to 2a1bcffd-7f8d-49f5-89de-90db11ce442c:192.168.105.138:39053: org.apache.ratis.thirdparty.io.grpc.StatusRuntimeException: UNAVAILABLE: io exception
2019-06-14 05:18:49,961 WARN  server.GrpcLogAppender (LogUtils.java:warn(134)) - 15dee7dd-9b62-4ae0-8896-937f24d9341b: Failed appendEntries to b2cf14e4-6b4a-4f38-b629-bce71e6d00f0:192.168.105.138:40843: org.apache.ratis.thirdparty.io.grpc.StatusRuntimeException: UNAVAILABLE: io exception
2019-06-14 05:18:49,961 INFO  impl.FollowerInfo (FollowerInfo.java:lambda$new$0(50)) - 15dee7dd-9b62-4ae0-8896-937f24d9341b->2a1bcffd-7f8d-49f5-89de-90db11ce442c: nextIndex: updateUnconditionally 0 -> 0
2019-06-14 05:18:49,961 INFO  impl.FollowerInfo (FollowerInfo.java:lambda$new$0(50)) - 15dee7dd-9b62-4ae0-8896-937f24d9341b->b2cf14e4-6b4a-4f38-b629-bce71e6d00f0: nextIndex: updateUnconditionally 0 -> 0
2019-06-14 05:18:50,461 WARN  server.GrpcLogAppender (LogUtils.java:warn(134)) - 15dee7dd-9b62-4ae0-8896-937f24d9341b: Failed appendEntries to 2a1bcffd-7f8d-49f5-89de-90db11ce442c:192.168.105.138:39053: org.apache.ratis.thirdparty.io.grpc.StatusRuntimeException: UNAVAILABLE: io exception
2019-06-14 05:18:50,461 INFO  impl.FollowerInfo (FollowerInfo.java:lambda$new$0(50)) - 15dee7dd-9b62-4ae0-8896-937f24d9341b->2a1bcffd-7f8d-49f5-89de-90db11ce442c: nextIndex: updateUnconditionally 0 -> 0
2019-06-14 05:18:50,462 WARN  server.GrpcLogAppender (LogUtils.java:warn(134)) - 15dee7dd-9b62-4ae0-8896-937f24d9341b: Failed appendEntries to b2cf14e4-6b4a-4f38-b629-bce71e6d00f0:192.168.105.138:40843: org.apache.ratis.thirdparty.io.grpc.StatusRuntimeException: UNAVAILABLE: io exception
2019-06-14 05:18:50,462 INFO  impl.FollowerInfo (FollowerInfo.java:lambda$new$0(50)) - 15dee7dd-9b62-4ae0-8896-937f24d9341b->b2cf14e4-6b4a-4f38-b629-bce71e6d00f0: nextIndex: updateUnconditionally 0 -> 0
2019-06-14 05:18:50,962 WARN  server.GrpcLogAppender (LogUtils.java:warn(134)) - 15dee7dd-9b62-4ae0-8896-937f24d9341b: Failed appendEntries to 2a1bcffd-7f8d-49f5-89de-90db11ce442c:192.168.105.138:39053: org.apache.ratis.thirdparty.io.grpc.StatusRuntimeException: UNAVAILABLE: io exception
2019-06-14 05:18:50,962 INFO  impl.FollowerInfo (FollowerInfo.java:lambda$new$0(50)) - 15dee7dd-9b62-4ae0-8896-937f24d9341b->2a1bcffd-7f8d-49f5-89de-90db11ce442c: nextIndex: updateUnconditionally 0 -> 0
2019-06-14 05:18:50,962 WARN  server.GrpcLogAppender (LogUtils.java:warn(134)) - 15dee7dd-9b62-4ae0-8896-937f24d9341b: Failed appendEntries to b2cf14e4-6b4a-4f38-b629-bce71e6d00f0:192.168.105.138:40843: org.apache.ratis.thirdparty.io.grpc.StatusRuntimeException: UNAVAILABLE: io exception
2019-06-14 05:18:50,963 INFO  impl.FollowerInfo (FollowerInfo.java:lambda$new$0(50)) - 15dee7dd-9b62-4ae0-8896-937f24d9341b->b2cf14e4-6b4a-4f38-b629-bce71e6d00f0: nextIndex: updateUnconditionally 0 -> 0
2019-06-14 05:18:51,462 WARN  server.GrpcLogAppender (LogUtils.java:warn(134)) - 15dee7dd-9b62-4ae0-8896-937f24d9341b: Failed appendEntries to 2a1bcffd-7f8d-49f5-89de-90db11ce442c:192.168.105.138:39053: org.apache.ratis.thirdparty.io.grpc.StatusRuntimeException: UNAVAILABLE: io exception
2019-06-14 05:18:51,462 WARN  server.GrpcLogAppender (LogUtils.java:warn(134)) - 15dee7dd-9b62-4ae0-8896-937f24d9341b: Failed appendEntries to b2cf14e4-6b4a-4f38-b629-bce71e6d00f0:192.168.105.138:40843: org.apache.ratis.thirdparty.io.grpc.StatusRuntimeException: UNAVAILABLE: io exception
2019-06-14 05:18:51,463 INFO  impl.FollowerInfo (FollowerInfo.java:lambda$new$0(50)) - 15dee7dd-9b62-4ae0-8896-937f24d9341b->2a1bcffd-7f8d-49f5-89de-90db11ce442c: nextIndex: updateUnconditionally 0 -> 0
2019-06-14 05:18:51,463 INFO  impl.FollowerInfo (FollowerInfo.java:lambda$new$0(50)) - 15dee7dd-9b62-4ae0-8896-937f24d9341b->b2cf14e4-6b4a-4f38-b629-bce71e6d00f0: nextIndex: updateUnconditionally 0 -> 0
2019-06-14 05:18:51,573 WARN  scm.XceiverClientRatis (XceiverClientRatis.java:watchForCommit(260)) - 3 way commit failed 
java.util.concurrent.ExecutionException: org.apache.ratis.protocol.RaftRetryFailureException: Failed RaftClientRequest:client-8259B1B77B8E->b2cf14e4-6b4a-4f38-b629-bce71e6d00f0@group-2CCA2C521434, cid=67, seq=0, Watch-ALL_COMMITTED(2), null for 10 attempts with RetryLimited(maxAttempts=10, sleepTime=1000ms)
	at java.util.concurrent.CompletableFuture.reportGet(CompletableFuture.java:357)
	at java.util.concurrent.CompletableFuture.get(CompletableFuture.java:1915)
	at org.apache.hadoop.hdds.scm.XceiverClientRatis.watchForCommit(XceiverClientRatis.java:257)
	at org.apache.hadoop.ozone.client.rpc.TestWatchForCommit.testWatchForCommitForRetryfailure(TestWatchForCommit.java:347)
	at sun.reflect.NativeMethodAccessorImpl.invoke0(Native Method)
	at sun.reflect.NativeMethodAccessorImpl.invoke(NativeMethodAccessorImpl.java:62)
	at sun.reflect.DelegatingMethodAccessorImpl.invoke(DelegatingMethodAccessorImpl.java:43)
	at java.lang.reflect.Method.invoke(Method.java:498)
	at org.junit.runners.model.FrameworkMethod$1.runReflectiveCall(FrameworkMethod.java:47)
	at org.junit.internal.runners.model.ReflectiveCallable.run(ReflectiveCallable.java:12)
	at org.junit.runners.model.FrameworkMethod.invokeExplosively(FrameworkMethod.java:44)
	at org.junit.internal.runners.statements.InvokeMethod.evaluate(InvokeMethod.java:17)
	at org.junit.runners.ParentRunner.runLeaf(ParentRunner.java:271)
	at org.junit.runners.BlockJUnit4ClassRunner.runChild(BlockJUnit4ClassRunner.java:70)
	at org.junit.runners.BlockJUnit4ClassRunner.runChild(BlockJUnit4ClassRunner.java:50)
	at org.junit.runners.ParentRunner$3.run(ParentRunner.java:238)
	at org.junit.runners.ParentRunner$1.schedule(ParentRunner.java:63)
	at org.junit.runners.ParentRunner.runChildren(ParentRunner.java:236)
	at org.junit.runners.ParentRunner.access$000(ParentRunner.java:53)
	at org.junit.runners.ParentRunner$2.evaluate(ParentRunner.java:229)
	at org.junit.runners.ParentRunner.run(ParentRunner.java:309)
	at org.apache.maven.surefire.junit4.JUnit4Provider.execute(JUnit4Provider.java:365)
	at org.apache.maven.surefire.junit4.JUnit4Provider.executeWithRerun(JUnit4Provider.java:273)
	at org.apache.maven.surefire.junit4.JUnit4Provider.executeTestSet(JUnit4Provider.java:238)
	at org.apache.maven.surefire.junit4.JUnit4Provider.invoke(JUnit4Provider.java:159)
	at org.apache.maven.surefire.booter.ForkedBooter.invokeProviderInSameClassLoader(ForkedBooter.java:384)
	at org.apache.maven.surefire.booter.ForkedBooter.runSuitesInProcess(ForkedBooter.java:345)
	at org.apache.maven.surefire.booter.ForkedBooter.execute(ForkedBooter.java:126)
	at org.apache.maven.surefire.booter.ForkedBooter.main(ForkedBooter.java:418)
Caused by: org.apache.ratis.protocol.RaftRetryFailureException: Failed RaftClientRequest:client-8259B1B77B8E->b2cf14e4-6b4a-4f38-b629-bce71e6d00f0@group-2CCA2C521434, cid=67, seq=0, Watch-ALL_COMMITTED(2), null for 10 attempts with RetryLimited(maxAttempts=10, sleepTime=1000ms)
	at org.apache.ratis.client.impl.RaftClientImpl.newRaftRetryFailureException(RaftClientImpl.java:383)
	at org.apache.ratis.client.impl.UnorderedAsync.lambda$sendRequestWithRetry$4(UnorderedAsync.java:83)
	at java.util.concurrent.CompletableFuture.uniWhenComplete(CompletableFuture.java:760)
	at java.util.concurrent.CompletableFuture$UniWhenComplete.tryFire(CompletableFuture.java:736)
	at java.util.concurrent.CompletableFuture$Completion.run(CompletableFuture.java:442)
	at java.lang.Thread.run(Thread.java:748)
2019-06-14 05:18:51,963 WARN  server.GrpcLogAppender (LogUtils.java:warn(134)) - 15dee7dd-9b62-4ae0-8896-937f24d9341b: Failed appendEntries to 2a1bcffd-7f8d-49f5-89de-90db11ce442c:192.168.105.138:39053: org.apache.ratis.thirdparty.io.grpc.StatusRuntimeException: UNAVAILABLE: io exception
2019-06-14 05:18:51,963 INFO  impl.FollowerInfo (FollowerInfo.java:lambda$new$0(50)) - 15dee7dd-9b62-4ae0-8896-937f24d9341b->2a1bcffd-7f8d-49f5-89de-90db11ce442c: nextIndex: updateUnconditionally 0 -> 0
2019-06-14 05:18:51,963 WARN  server.GrpcLogAppender (LogUtils.java:warn(134)) - 15dee7dd-9b62-4ae0-8896-937f24d9341b: Failed appendEntries to b2cf14e4-6b4a-4f38-b629-bce71e6d00f0:192.168.105.138:40843: org.apache.ratis.thirdparty.io.grpc.StatusRuntimeException: UNAVAILABLE: io exception
2019-06-14 05:18:51,963 INFO  impl.FollowerInfo (FollowerInfo.java:lambda$new$0(50)) - 15dee7dd-9b62-4ae0-8896-937f24d9341b->b2cf14e4-6b4a-4f38-b629-bce71e6d00f0: nextIndex: updateUnconditionally 0 -> 0
2019-06-14 05:18:52,464 WARN  server.GrpcLogAppender (LogUtils.java:warn(134)) - 15dee7dd-9b62-4ae0-8896-937f24d9341b: Failed appendEntries to 2a1bcffd-7f8d-49f5-89de-90db11ce442c:192.168.105.138:39053: org.apache.ratis.thirdparty.io.grpc.StatusRuntimeException: UNAVAILABLE: io exception
2019-06-14 05:18:52,464 WARN  server.GrpcLogAppender (LogUtils.java:warn(134)) - 15dee7dd-9b62-4ae0-8896-937f24d9341b: Failed appendEntries to b2cf14e4-6b4a-4f38-b629-bce71e6d00f0:192.168.105.138:40843: org.apache.ratis.thirdparty.io.grpc.StatusRuntimeException: UNAVAILABLE: io exception
2019-06-14 05:18:52,464 INFO  impl.FollowerInfo (FollowerInfo.java:lambda$new$0(50)) - 15dee7dd-9b62-4ae0-8896-937f24d9341b->2a1bcffd-7f8d-49f5-89de-90db11ce442c: nextIndex: updateUnconditionally 0 -> 0
2019-06-14 05:18:52,464 INFO  impl.FollowerInfo (FollowerInfo.java:lambda$new$0(50)) - 15dee7dd-9b62-4ae0-8896-937f24d9341b->b2cf14e4-6b4a-4f38-b629-bce71e6d00f0: nextIndex: updateUnconditionally 0 -> 0
2019-06-14 05:18:52,964 WARN  server.GrpcLogAppender (LogUtils.java:warn(134)) - 15dee7dd-9b62-4ae0-8896-937f24d9341b: Failed appendEntries to 2a1bcffd-7f8d-49f5-89de-90db11ce442c:192.168.105.138:39053: org.apache.ratis.thirdparty.io.grpc.StatusRuntimeException: UNAVAILABLE: io exception
2019-06-14 05:18:52,964 WARN  server.GrpcLogAppender (LogUtils.java:warn(134)) - 15dee7dd-9b62-4ae0-8896-937f24d9341b: Failed appendEntries to b2cf14e4-6b4a-4f38-b629-bce71e6d00f0:192.168.105.138:40843: org.apache.ratis.thirdparty.io.grpc.StatusRuntimeException: UNAVAILABLE: io exception
2019-06-14 05:18:52,964 INFO  impl.FollowerInfo (FollowerInfo.java:lambda$new$0(50)) - 15dee7dd-9b62-4ae0-8896-937f24d9341b->2a1bcffd-7f8d-49f5-89de-90db11ce442c: nextIndex: updateUnconditionally 0 -> 0
2019-06-14 05:18:52,964 INFO  impl.FollowerInfo (FollowerInfo.java:lambda$new$0(50)) - 15dee7dd-9b62-4ae0-8896-937f24d9341b->b2cf14e4-6b4a-4f38-b629-bce71e6d00f0: nextIndex: updateUnconditionally 0 -> 0
2019-06-14 05:18:53,465 WARN  server.GrpcLogAppender (LogUtils.java:warn(134)) - 15dee7dd-9b62-4ae0-8896-937f24d9341b: Failed appendEntries to 2a1bcffd-7f8d-49f5-89de-90db11ce442c:192.168.105.138:39053: org.apache.ratis.thirdparty.io.grpc.StatusRuntimeException: UNAVAILABLE: io exception
2019-06-14 05:18:53,465 INFO  impl.FollowerInfo (FollowerInfo.java:lambda$new$0(50)) - 15dee7dd-9b62-4ae0-8896-937f24d9341b->2a1bcffd-7f8d-49f5-89de-90db11ce442c: nextIndex: updateUnconditionally 0 -> 0
2019-06-14 05:18:53,465 WARN  server.GrpcLogAppender (LogUtils.java:warn(134)) - 15dee7dd-9b62-4ae0-8896-937f24d9341b: Failed appendEntries to b2cf14e4-6b4a-4f38-b629-bce71e6d00f0:192.168.105.138:40843: org.apache.ratis.thirdparty.io.grpc.StatusRuntimeException: UNAVAILABLE: io exception
2019-06-14 05:18:53,465 INFO  impl.FollowerInfo (FollowerInfo.java:lambda$new$0(50)) - 15dee7dd-9b62-4ae0-8896-937f24d9341b->b2cf14e4-6b4a-4f38-b629-bce71e6d00f0: nextIndex: updateUnconditionally 0 -> 0
2019-06-14 05:18:53,965 WARN  server.GrpcLogAppender (LogUtils.java:warn(134)) - 15dee7dd-9b62-4ae0-8896-937f24d9341b: Failed appendEntries to 2a1bcffd-7f8d-49f5-89de-90db11ce442c:192.168.105.138:39053: org.apache.ratis.thirdparty.io.grpc.StatusRuntimeException: UNAVAILABLE: io exception
2019-06-14 05:18:53,965 WARN  server.GrpcLogAppender (LogUtils.java:warn(134)) - 15dee7dd-9b62-4ae0-8896-937f24d9341b: Failed appendEntries to b2cf14e4-6b4a-4f38-b629-bce71e6d00f0:192.168.105.138:40843: org.apache.ratis.thirdparty.io.grpc.StatusRuntimeException: UNAVAILABLE: io exception
2019-06-14 05:18:53,965 INFO  impl.FollowerInfo (FollowerInfo.java:lambda$new$0(50)) - 15dee7dd-9b62-4ae0-8896-937f24d9341b->2a1bcffd-7f8d-49f5-89de-90db11ce442c: nextIndex: updateUnconditionally 0 -> 0
2019-06-14 05:18:53,966 INFO  impl.FollowerInfo (FollowerInfo.java:lambda$new$0(50)) - 15dee7dd-9b62-4ae0-8896-937f24d9341b->b2cf14e4-6b4a-4f38-b629-bce71e6d00f0: nextIndex: updateUnconditionally 0 -> 0
2019-06-14 05:18:54,466 WARN  server.GrpcLogAppender (LogUtils.java:warn(134)) - 15dee7dd-9b62-4ae0-8896-937f24d9341b: Failed appendEntries to b2cf14e4-6b4a-4f38-b629-bce71e6d00f0:192.168.105.138:40843: org.apache.ratis.thirdparty.io.grpc.StatusRuntimeException: UNAVAILABLE: io exception
2019-06-14 05:18:54,466 WARN  server.GrpcLogAppender (LogUtils.java:warn(134)) - 15dee7dd-9b62-4ae0-8896-937f24d9341b: Failed appendEntries to 2a1bcffd-7f8d-49f5-89de-90db11ce442c:192.168.105.138:39053: org.apache.ratis.thirdparty.io.grpc.StatusRuntimeException: UNAVAILABLE: io exception
2019-06-14 05:18:54,466 INFO  impl.FollowerInfo (FollowerInfo.java:lambda$new$0(50)) - 15dee7dd-9b62-4ae0-8896-937f24d9341b->b2cf14e4-6b4a-4f38-b629-bce71e6d00f0: nextIndex: updateUnconditionally 0 -> 0
2019-06-14 05:18:54,466 INFO  impl.FollowerInfo (FollowerInfo.java:lambda$new$0(50)) - 15dee7dd-9b62-4ae0-8896-937f24d9341b->2a1bcffd-7f8d-49f5-89de-90db11ce442c: nextIndex: updateUnconditionally 0 -> 0
2019-06-14 05:18:54,966 WARN  server.GrpcLogAppender (LogUtils.java:warn(134)) - 15dee7dd-9b62-4ae0-8896-937f24d9341b: Failed appendEntries to b2cf14e4-6b4a-4f38-b629-bce71e6d00f0:192.168.105.138:40843: org.apache.ratis.thirdparty.io.grpc.StatusRuntimeException: UNAVAILABLE: io exception
2019-06-14 05:18:54,966 WARN  server.GrpcLogAppender (LogUtils.java:warn(134)) - 15dee7dd-9b62-4ae0-8896-937f24d9341b: Failed appendEntries to 2a1bcffd-7f8d-49f5-89de-90db11ce442c:192.168.105.138:39053: org.apache.ratis.thirdparty.io.grpc.StatusRuntimeException: UNAVAILABLE: io exception
2019-06-14 05:18:54,967 INFO  impl.FollowerInfo (FollowerInfo.java:lambda$new$0(50)) - 15dee7dd-9b62-4ae0-8896-937f24d9341b->b2cf14e4-6b4a-4f38-b629-bce71e6d00f0: nextIndex: updateUnconditionally 0 -> 0
2019-06-14 05:18:54,967 INFO  impl.FollowerInfo (FollowerInfo.java:lambda$new$0(50)) - 15dee7dd-9b62-4ae0-8896-937f24d9341b->2a1bcffd-7f8d-49f5-89de-90db11ce442c: nextIndex: updateUnconditionally 0 -> 0
2019-06-14 05:18:55,054 INFO  client.GrpcClientProtocolService (GrpcClientProtocolService.java:lambda$processClientRequest$0(264)) - Failed RaftClientRequest:client-8259B1B77B8E->15dee7dd-9b62-4ae0-8896-937f24d9341b@group-2CCA2C521434, cid=67, seq=0, Watch-ALL_COMMITTED(2), Message:<EMPTY>, reply=RaftClientReply:client-8259B1B77B8E->15dee7dd-9b62-4ae0-8896-937f24d9341b@group-2CCA2C521434, cid=67, FAILED org.apache.ratis.protocol.NotReplicatedException: Request with call Id 67 and log index 2 is not yet replicated to ALL_COMMITTED, logIndex=2, commits[15dee7dd-9b62-4ae0-8896-937f24d9341b:c2, 2a1bcffd-7f8d-49f5-89de-90db11ce442c:c1, b2cf14e4-6b4a-4f38-b629-bce71e6d00f0:c1]
2019-06-14 05:18:55,467 WARN  server.GrpcLogAppender (LogUtils.java:warn(134)) - 15dee7dd-9b62-4ae0-8896-937f24d9341b: Failed appendEntries to b2cf14e4-6b4a-4f38-b629-bce71e6d00f0:192.168.105.138:40843: org.apache.ratis.thirdparty.io.grpc.StatusRuntimeException: UNAVAILABLE: io exception
2019-06-14 05:18:55,467 INFO  impl.FollowerInfo (FollowerInfo.java:lambda$new$0(50)) - 15dee7dd-9b62-4ae0-8896-937f24d9341b->b2cf14e4-6b4a-4f38-b629-bce71e6d00f0: nextIndex: updateUnconditionally 0 -> 0
2019-06-14 05:18:55,467 WARN  server.GrpcLogAppender (LogUtils.java:warn(134)) - 15dee7dd-9b62-4ae0-8896-937f24d9341b: Failed appendEntries to 2a1bcffd-7f8d-49f5-89de-90db11ce442c:192.168.105.138:39053: org.apache.ratis.thirdparty.io.grpc.StatusRuntimeException: UNAVAILABLE: io exception
2019-06-14 05:18:55,469 INFO  impl.FollowerInfo (FollowerInfo.java:lambda$new$0(50)) - 15dee7dd-9b62-4ae0-8896-937f24d9341b->2a1bcffd-7f8d-49f5-89de-90db11ce442c: nextIndex: updateUnconditionally 0 -> 0
2019-06-14 05:18:55,968 WARN  server.GrpcLogAppender (LogUtils.java:warn(134)) - 15dee7dd-9b62-4ae0-8896-937f24d9341b: Failed appendEntries to 2a1bcffd-7f8d-49f5-89de-90db11ce442c:192.168.105.138:39053: org.apache.ratis.thirdparty.io.grpc.StatusRuntimeException: UNAVAILABLE: io exception
2019-06-14 05:18:55,968 WARN  server.GrpcLogAppender (LogUtils.java:warn(134)) - 15dee7dd-9b62-4ae0-8896-937f24d9341b: Failed appendEntries to b2cf14e4-6b4a-4f38-b629-bce71e6d00f0:192.168.105.138:40843: org.apache.ratis.thirdparty.io.grpc.StatusRuntimeException: UNAVAILABLE: io exception
2019-06-14 05:18:55,968 INFO  impl.FollowerInfo (FollowerInfo.java:lambda$new$0(50)) - 15dee7dd-9b62-4ae0-8896-937f24d9341b->2a1bcffd-7f8d-49f5-89de-90db11ce442c: nextIndex: updateUnconditionally 0 -> 0
2019-06-14 05:18:55,968 INFO  impl.FollowerInfo (FollowerInfo.java:lambda$new$0(50)) - 15dee7dd-9b62-4ae0-8896-937f24d9341b->b2cf14e4-6b4a-4f38-b629-bce71e6d00f0: nextIndex: updateUnconditionally 0 -> 0
2019-06-14 05:18:56,468 WARN  server.GrpcLogAppender (LogUtils.java:warn(134)) - 15dee7dd-9b62-4ae0-8896-937f24d9341b: Failed appendEntries to 2a1bcffd-7f8d-49f5-89de-90db11ce442c:192.168.105.138:39053: org.apache.ratis.thirdparty.io.grpc.StatusRuntimeException: UNAVAILABLE: io exception
2019-06-14 05:18:56,468 WARN  server.GrpcLogAppender (LogUtils.java:warn(134)) - 15dee7dd-9b62-4ae0-8896-937f24d9341b: Failed appendEntries to b2cf14e4-6b4a-4f38-b629-bce71e6d00f0:192.168.105.138:40843: org.apache.ratis.thirdparty.io.grpc.StatusRuntimeException: UNAVAILABLE: io exception
2019-06-14 05:18:56,468 INFO  impl.FollowerInfo (FollowerInfo.java:lambda$new$0(50)) - 15dee7dd-9b62-4ae0-8896-937f24d9341b->2a1bcffd-7f8d-49f5-89de-90db11ce442c: nextIndex: updateUnconditionally 0 -> 0
2019-06-14 05:18:56,468 INFO  impl.FollowerInfo (FollowerInfo.java:lambda$new$0(50)) - 15dee7dd-9b62-4ae0-8896-937f24d9341b->b2cf14e4-6b4a-4f38-b629-bce71e6d00f0: nextIndex: updateUnconditionally 0 -> 0
2019-06-14 05:18:56,968 WARN  server.GrpcLogAppender (LogUtils.java:warn(134)) - 15dee7dd-9b62-4ae0-8896-937f24d9341b: Failed appendEntries to 2a1bcffd-7f8d-49f5-89de-90db11ce442c:192.168.105.138:39053: org.apache.ratis.thirdparty.io.grpc.StatusRuntimeException: UNAVAILABLE: io exception
2019-06-14 05:18:56,968 WARN  server.GrpcLogAppender (LogUtils.java:warn(134)) - 15dee7dd-9b62-4ae0-8896-937f24d9341b: Failed appendEntries to b2cf14e4-6b4a-4f38-b629-bce71e6d00f0:192.168.105.138:40843: org.apache.ratis.thirdparty.io.grpc.StatusRuntimeException: UNAVAILABLE: io exception
2019-06-14 05:18:56,969 INFO  impl.FollowerInfo (FollowerInfo.java:lambda$new$0(50)) - 15dee7dd-9b62-4ae0-8896-937f24d9341b->2a1bcffd-7f8d-49f5-89de-90db11ce442c: nextIndex: updateUnconditionally 0 -> 0
2019-06-14 05:18:56,969 INFO  impl.FollowerInfo (FollowerInfo.java:lambda$new$0(50)) - 15dee7dd-9b62-4ae0-8896-937f24d9341b->b2cf14e4-6b4a-4f38-b629-bce71e6d00f0: nextIndex: updateUnconditionally 0 -> 0
2019-06-14 05:18:57,469 WARN  server.GrpcLogAppender (LogUtils.java:warn(134)) - 15dee7dd-9b62-4ae0-8896-937f24d9341b: Failed appendEntries to 2a1bcffd-7f8d-49f5-89de-90db11ce442c:192.168.105.138:39053: org.apache.ratis.thirdparty.io.grpc.StatusRuntimeException: UNAVAILABLE: io exception
2019-06-14 05:18:57,469 INFO  impl.FollowerInfo (FollowerInfo.java:lambda$new$0(50)) - 15dee7dd-9b62-4ae0-8896-937f24d9341b->2a1bcffd-7f8d-49f5-89de-90db11ce442c: nextIndex: updateUnconditionally 0 -> 0
2019-06-14 05:18:57,469 WARN  server.GrpcLogAppender (LogUtils.java:warn(134)) - 15dee7dd-9b62-4ae0-8896-937f24d9341b: Failed appendEntries to b2cf14e4-6b4a-4f38-b629-bce71e6d00f0:192.168.105.138:40843: org.apache.ratis.thirdparty.io.grpc.StatusRuntimeException: UNAVAILABLE: io exception
2019-06-14 05:18:57,469 INFO  impl.FollowerInfo (FollowerInfo.java:lambda$new$0(50)) - 15dee7dd-9b62-4ae0-8896-937f24d9341b->b2cf14e4-6b4a-4f38-b629-bce71e6d00f0: nextIndex: updateUnconditionally 0 -> 0
2019-06-14 05:18:57,969 WARN  server.GrpcLogAppender (LogUtils.java:warn(134)) - 15dee7dd-9b62-4ae0-8896-937f24d9341b: Failed appendEntries to b2cf14e4-6b4a-4f38-b629-bce71e6d00f0:192.168.105.138:40843: org.apache.ratis.thirdparty.io.grpc.StatusRuntimeException: UNAVAILABLE: io exception
2019-06-14 05:18:57,969 WARN  server.GrpcLogAppender (LogUtils.java:warn(134)) - 15dee7dd-9b62-4ae0-8896-937f24d9341b: Failed appendEntries to 2a1bcffd-7f8d-49f5-89de-90db11ce442c:192.168.105.138:39053: org.apache.ratis.thirdparty.io.grpc.StatusRuntimeException: UNAVAILABLE: io exception
2019-06-14 05:18:57,970 INFO  impl.FollowerInfo (FollowerInfo.java:lambda$new$0(50)) - 15dee7dd-9b62-4ae0-8896-937f24d9341b->b2cf14e4-6b4a-4f38-b629-bce71e6d00f0: nextIndex: updateUnconditionally 0 -> 0
2019-06-14 05:18:57,970 INFO  impl.FollowerInfo (FollowerInfo.java:lambda$new$0(50)) - 15dee7dd-9b62-4ae0-8896-937f24d9341b->2a1bcffd-7f8d-49f5-89de-90db11ce442c: nextIndex: updateUnconditionally 0 -> 0
2019-06-14 05:18:58,470 WARN  server.GrpcLogAppender (LogUtils.java:warn(134)) - 15dee7dd-9b62-4ae0-8896-937f24d9341b: Failed appendEntries to b2cf14e4-6b4a-4f38-b629-bce71e6d00f0:192.168.105.138:40843: org.apache.ratis.thirdparty.io.grpc.StatusRuntimeException: UNAVAILABLE: io exception
2019-06-14 05:18:58,470 WARN  server.GrpcLogAppender (LogUtils.java:warn(134)) - 15dee7dd-9b62-4ae0-8896-937f24d9341b: Failed appendEntries to 2a1bcffd-7f8d-49f5-89de-90db11ce442c:192.168.105.138:39053: org.apache.ratis.thirdparty.io.grpc.StatusRuntimeException: UNAVAILABLE: io exception
2019-06-14 05:18:58,470 INFO  impl.FollowerInfo (FollowerInfo.java:lambda$new$0(50)) - 15dee7dd-9b62-4ae0-8896-937f24d9341b->b2cf14e4-6b4a-4f38-b629-bce71e6d00f0: nextIndex: updateUnconditionally 0 -> 0
2019-06-14 05:18:58,471 INFO  impl.FollowerInfo (FollowerInfo.java:lambda$new$0(50)) - 15dee7dd-9b62-4ae0-8896-937f24d9341b->2a1bcffd-7f8d-49f5-89de-90db11ce442c: nextIndex: updateUnconditionally 0 -> 0
2019-06-14 05:18:58,971 WARN  server.GrpcLogAppender (LogUtils.java:warn(134)) - 15dee7dd-9b62-4ae0-8896-937f24d9341b: Failed appendEntries to 2a1bcffd-7f8d-49f5-89de-90db11ce442c:192.168.105.138:39053: org.apache.ratis.thirdparty.io.grpc.StatusRuntimeException: UNAVAILABLE: io exception
2019-06-14 05:18:58,971 WARN  server.GrpcLogAppender (LogUtils.java:warn(134)) - 15dee7dd-9b62-4ae0-8896-937f24d9341b: Failed appendEntries to b2cf14e4-6b4a-4f38-b629-bce71e6d00f0:192.168.105.138:40843: org.apache.ratis.thirdparty.io.grpc.StatusRuntimeException: UNAVAILABLE: io exception
2019-06-14 05:18:58,971 INFO  impl.FollowerInfo (FollowerInfo.java:lambda$new$0(50)) - 15dee7dd-9b62-4ae0-8896-937f24d9341b->2a1bcffd-7f8d-49f5-89de-90db11ce442c: nextIndex: updateUnconditionally 0 -> 0
2019-06-14 05:18:58,971 INFO  impl.FollowerInfo (FollowerInfo.java:lambda$new$0(50)) - 15dee7dd-9b62-4ae0-8896-937f24d9341b->b2cf14e4-6b4a-4f38-b629-bce71e6d00f0: nextIndex: updateUnconditionally 0 -> 0
2019-06-14 05:18:59,471 WARN  server.GrpcLogAppender (LogUtils.java:warn(134)) - 15dee7dd-9b62-4ae0-8896-937f24d9341b: Failed appendEntries to b2cf14e4-6b4a-4f38-b629-bce71e6d00f0:192.168.105.138:40843: org.apache.ratis.thirdparty.io.grpc.StatusRuntimeException: UNAVAILABLE: io exception
2019-06-14 05:18:59,472 INFO  impl.FollowerInfo (FollowerInfo.java:lambda$new$0(50)) - 15dee7dd-9b62-4ae0-8896-937f24d9341b->b2cf14e4-6b4a-4f38-b629-bce71e6d00f0: nextIndex: updateUnconditionally 0 -> 0
2019-06-14 05:18:59,472 WARN  server.GrpcLogAppender (LogUtils.java:warn(134)) - 15dee7dd-9b62-4ae0-8896-937f24d9341b: Failed appendEntries to 2a1bcffd-7f8d-49f5-89de-90db11ce442c:192.168.105.138:39053: org.apache.ratis.thirdparty.io.grpc.StatusRuntimeException: UNAVAILABLE: io exception
2019-06-14 05:18:59,472 INFO  impl.FollowerInfo (FollowerInfo.java:lambda$new$0(50)) - 15dee7dd-9b62-4ae0-8896-937f24d9341b->2a1bcffd-7f8d-49f5-89de-90db11ce442c: nextIndex: updateUnconditionally 0 -> 0
2019-06-14 05:18:59,972 WARN  server.GrpcLogAppender (LogUtils.java:warn(134)) - 15dee7dd-9b62-4ae0-8896-937f24d9341b: Failed appendEntries to 2a1bcffd-7f8d-49f5-89de-90db11ce442c:192.168.105.138:39053: org.apache.ratis.thirdparty.io.grpc.StatusRuntimeException: UNAVAILABLE: io exception
2019-06-14 05:18:59,972 WARN  server.GrpcLogAppender (LogUtils.java:warn(134)) - 15dee7dd-9b62-4ae0-8896-937f24d9341b: Failed appendEntries to b2cf14e4-6b4a-4f38-b629-bce71e6d00f0:192.168.105.138:40843: org.apache.ratis.thirdparty.io.grpc.StatusRuntimeException: UNAVAILABLE: io exception
2019-06-14 05:18:59,972 INFO  impl.FollowerInfo (FollowerInfo.java:lambda$new$0(50)) - 15dee7dd-9b62-4ae0-8896-937f24d9341b->2a1bcffd-7f8d-49f5-89de-90db11ce442c: nextIndex: updateUnconditionally 0 -> 0
2019-06-14 05:18:59,973 INFO  impl.FollowerInfo (FollowerInfo.java:lambda$new$0(50)) - 15dee7dd-9b62-4ae0-8896-937f24d9341b->b2cf14e4-6b4a-4f38-b629-bce71e6d00f0: nextIndex: updateUnconditionally 0 -> 0
2019-06-14 05:19:00,473 WARN  server.GrpcLogAppender (LogUtils.java:warn(134)) - 15dee7dd-9b62-4ae0-8896-937f24d9341b: Failed appendEntries to b2cf14e4-6b4a-4f38-b629-bce71e6d00f0:192.168.105.138:40843: org.apache.ratis.thirdparty.io.grpc.StatusRuntimeException: UNAVAILABLE: io exception
2019-06-14 05:19:00,473 INFO  impl.FollowerInfo (FollowerInfo.java:lambda$new$0(50)) - 15dee7dd-9b62-4ae0-8896-937f24d9341b->b2cf14e4-6b4a-4f38-b629-bce71e6d00f0: nextIndex: updateUnconditionally 0 -> 0
2019-06-14 05:19:00,473 WARN  server.GrpcLogAppender (LogUtils.java:warn(134)) - 15dee7dd-9b62-4ae0-8896-937f24d9341b: Failed appendEntries to 2a1bcffd-7f8d-49f5-89de-90db11ce442c:192.168.105.138:39053: org.apache.ratis.thirdparty.io.grpc.StatusRuntimeException: UNAVAILABLE: io exception
2019-06-14 05:19:00,474 INFO  impl.FollowerInfo (FollowerInfo.java:lambda$new$0(50)) - 15dee7dd-9b62-4ae0-8896-937f24d9341b->2a1bcffd-7f8d-49f5-89de-90db11ce442c: nextIndex: updateUnconditionally 0 -> 0
2019-06-14 05:19:00,973 WARN  server.GrpcLogAppender (LogUtils.java:warn(134)) - 15dee7dd-9b62-4ae0-8896-937f24d9341b: Failed appendEntries to b2cf14e4-6b4a-4f38-b629-bce71e6d00f0:192.168.105.138:40843: org.apache.ratis.thirdparty.io.grpc.StatusRuntimeException: UNAVAILABLE: io exception
2019-06-14 05:19:00,974 WARN  server.GrpcLogAppender (LogUtils.java:warn(134)) - 15dee7dd-9b62-4ae0-8896-937f24d9341b: Failed appendEntries to 2a1bcffd-7f8d-49f5-89de-90db11ce442c:192.168.105.138:39053: org.apache.ratis.thirdparty.io.grpc.StatusRuntimeException: UNAVAILABLE: io exception
2019-06-14 05:19:00,974 INFO  impl.FollowerInfo (FollowerInfo.java:lambda$new$0(50)) - 15dee7dd-9b62-4ae0-8896-937f24d9341b->b2cf14e4-6b4a-4f38-b629-bce71e6d00f0: nextIndex: updateUnconditionally 0 -> 0
2019-06-14 05:19:00,974 INFO  impl.FollowerInfo (FollowerInfo.java:lambda$new$0(50)) - 15dee7dd-9b62-4ae0-8896-937f24d9341b->2a1bcffd-7f8d-49f5-89de-90db11ce442c: nextIndex: updateUnconditionally 0 -> 0
2019-06-14 05:19:01,474 WARN  server.GrpcLogAppender (LogUtils.java:warn(134)) - 15dee7dd-9b62-4ae0-8896-937f24d9341b: Failed appendEntries to b2cf14e4-6b4a-4f38-b629-bce71e6d00f0:192.168.105.138:40843: org.apache.ratis.thirdparty.io.grpc.StatusRuntimeException: UNAVAILABLE: io exception
2019-06-14 05:19:01,474 INFO  impl.FollowerInfo (FollowerInfo.java:lambda$new$0(50)) - 15dee7dd-9b62-4ae0-8896-937f24d9341b->b2cf14e4-6b4a-4f38-b629-bce71e6d00f0: nextIndex: updateUnconditionally 0 -> 0
2019-06-14 05:19:01,474 WARN  server.GrpcLogAppender (LogUtils.java:warn(134)) - 15dee7dd-9b62-4ae0-8896-937f24d9341b: Failed appendEntries to 2a1bcffd-7f8d-49f5-89de-90db11ce442c:192.168.105.138:39053: org.apache.ratis.thirdparty.io.grpc.StatusRuntimeException: UNAVAILABLE: io exception
2019-06-14 05:19:01,475 INFO  impl.FollowerInfo (FollowerInfo.java:lambda$new$0(50)) - 15dee7dd-9b62-4ae0-8896-937f24d9341b->2a1bcffd-7f8d-49f5-89de-90db11ce442c: nextIndex: updateUnconditionally 0 -> 0
2019-06-14 05:19:01,974 WARN  server.GrpcLogAppender (LogUtils.java:warn(134)) - 15dee7dd-9b62-4ae0-8896-937f24d9341b: Failed appendEntries to b2cf14e4-6b4a-4f38-b629-bce71e6d00f0:192.168.105.138:40843: org.apache.ratis.thirdparty.io.grpc.StatusRuntimeException: UNAVAILABLE: io exception
2019-06-14 05:19:01,975 INFO  impl.FollowerInfo (FollowerInfo.java:lambda$new$0(50)) - 15dee7dd-9b62-4ae0-8896-937f24d9341b->b2cf14e4-6b4a-4f38-b629-bce71e6d00f0: nextIndex: updateUnconditionally 0 -> 0
2019-06-14 05:19:01,975 WARN  server.GrpcLogAppender (LogUtils.java:warn(134)) - 15dee7dd-9b62-4ae0-8896-937f24d9341b: Failed appendEntries to 2a1bcffd-7f8d-49f5-89de-90db11ce442c:192.168.105.138:39053: org.apache.ratis.thirdparty.io.grpc.StatusRuntimeException: UNAVAILABLE: io exception
2019-06-14 05:19:01,975 INFO  impl.FollowerInfo (FollowerInfo.java:lambda$new$0(50)) - 15dee7dd-9b62-4ae0-8896-937f24d9341b->2a1bcffd-7f8d-49f5-89de-90db11ce442c: nextIndex: updateUnconditionally 0 -> 0
2019-06-14 05:19:02,475 WARN  server.GrpcLogAppender (LogUtils.java:warn(134)) - 15dee7dd-9b62-4ae0-8896-937f24d9341b: Failed appendEntries to b2cf14e4-6b4a-4f38-b629-bce71e6d00f0:192.168.105.138:40843: org.apache.ratis.thirdparty.io.grpc.StatusRuntimeException: UNAVAILABLE: io exception
2019-06-14 05:19:02,475 WARN  server.GrpcLogAppender (LogUtils.java:warn(134)) - 15dee7dd-9b62-4ae0-8896-937f24d9341b: Failed appendEntries to 2a1bcffd-7f8d-49f5-89de-90db11ce442c:192.168.105.138:39053: org.apache.ratis.thirdparty.io.grpc.StatusRuntimeException: UNAVAILABLE: io exception
2019-06-14 05:19:02,475 INFO  impl.FollowerInfo (FollowerInfo.java:lambda$new$0(50)) - 15dee7dd-9b62-4ae0-8896-937f24d9341b->b2cf14e4-6b4a-4f38-b629-bce71e6d00f0: nextIndex: updateUnconditionally 0 -> 0
2019-06-14 05:19:02,476 INFO  impl.FollowerInfo (FollowerInfo.java:lambda$new$0(50)) - 15dee7dd-9b62-4ae0-8896-937f24d9341b->2a1bcffd-7f8d-49f5-89de-90db11ce442c: nextIndex: updateUnconditionally 0 -> 0
2019-06-14 05:19:02,976 WARN  server.GrpcLogAppender (LogUtils.java:warn(134)) - 15dee7dd-9b62-4ae0-8896-937f24d9341b: Failed appendEntries to b2cf14e4-6b4a-4f38-b629-bce71e6d00f0:192.168.105.138:40843: org.apache.ratis.thirdparty.io.grpc.StatusRuntimeException: UNAVAILABLE: io exception
2019-06-14 05:19:02,976 INFO  impl.FollowerInfo (FollowerInfo.java:lambda$new$0(50)) - 15dee7dd-9b62-4ae0-8896-937f24d9341b->b2cf14e4-6b4a-4f38-b629-bce71e6d00f0: nextIndex: updateUnconditionally 0 -> 0
2019-06-14 05:19:02,976 WARN  server.GrpcLogAppender (LogUtils.java:warn(134)) - 15dee7dd-9b62-4ae0-8896-937f24d9341b: Failed appendEntries to 2a1bcffd-7f8d-49f5-89de-90db11ce442c:192.168.105.138:39053: org.apache.ratis.thirdparty.io.grpc.StatusRuntimeException: UNAVAILABLE: io exception
2019-06-14 05:19:02,976 INFO  impl.FollowerInfo (FollowerInfo.java:lambda$new$0(50)) - 15dee7dd-9b62-4ae0-8896-937f24d9341b->2a1bcffd-7f8d-49f5-89de-90db11ce442c: nextIndex: updateUnconditionally 0 -> 0
2019-06-14 05:19:03,054 INFO  client.GrpcClientProtocolService (GrpcClientProtocolService.java:lambda$processClientRequest$0(264)) - Failed RaftClientRequest:client-8259B1B77B8E->15dee7dd-9b62-4ae0-8896-937f24d9341b@group-2CCA2C521434, cid=68, seq=0, Watch-MAJORITY_COMMITTED(2), Message:<EMPTY>, reply=RaftClientReply:client-8259B1B77B8E->15dee7dd-9b62-4ae0-8896-937f24d9341b@group-2CCA2C521434, cid=68, FAILED org.apache.ratis.protocol.NotReplicatedException: Request with call Id 68 and log index 2 is not yet replicated to MAJORITY_COMMITTED, logIndex=2, commits[15dee7dd-9b62-4ae0-8896-937f24d9341b:c2, 2a1bcffd-7f8d-49f5-89de-90db11ce442c:c1, b2cf14e4-6b4a-4f38-b629-bce71e6d00f0:c1]
2019-06-14 05:19:03,476 WARN  server.GrpcLogAppender (LogUtils.java:warn(134)) - 15dee7dd-9b62-4ae0-8896-937f24d9341b: Failed appendEntries to b2cf14e4-6b4a-4f38-b629-bce71e6d00f0:192.168.105.138:40843: org.apache.ratis.thirdparty.io.grpc.StatusRuntimeException: UNAVAILABLE: io exception
2019-06-14 05:19:03,476 INFO  impl.FollowerInfo (FollowerInfo.java:lambda$new$0(50)) - 15dee7dd-9b62-4ae0-8896-937f24d9341b->b2cf14e4-6b4a-4f38-b629-bce71e6d00f0: nextIndex: updateUnconditionally 0 -> 0
2019-06-14 05:19:03,476 WARN  server.GrpcLogAppender (LogUtils.java:warn(134)) - 15dee7dd-9b62-4ae0-8896-937f24d9341b: Failed appendEntries to 2a1bcffd-7f8d-49f5-89de-90db11ce442c:192.168.105.138:39053: org.apache.ratis.thirdparty.io.grpc.StatusRuntimeException: UNAVAILABLE: io exception
2019-06-14 05:19:03,479 INFO  impl.FollowerInfo (FollowerInfo.java:lambda$new$0(50)) - 15dee7dd-9b62-4ae0-8896-937f24d9341b->2a1bcffd-7f8d-49f5-89de-90db11ce442c: nextIndex: updateUnconditionally 0 -> 0
2019-06-14 05:19:03,976 WARN  server.GrpcLogAppender (LogUtils.java:warn(134)) - 15dee7dd-9b62-4ae0-8896-937f24d9341b: Failed appendEntries to 2a1bcffd-7f8d-49f5-89de-90db11ce442c:192.168.105.138:39053: org.apache.ratis.thirdparty.io.grpc.StatusRuntimeException: UNAVAILABLE: io exception
2019-06-14 05:19:03,977 WARN  server.GrpcLogAppender (LogUtils.java:warn(134)) - 15dee7dd-9b62-4ae0-8896-937f24d9341b: Failed appendEntries to b2cf14e4-6b4a-4f38-b629-bce71e6d00f0:192.168.105.138:40843: org.apache.ratis.thirdparty.io.grpc.StatusRuntimeException: UNAVAILABLE: io exception
2019-06-14 05:19:03,977 INFO  impl.FollowerInfo (FollowerInfo.java:lambda$new$0(50)) - 15dee7dd-9b62-4ae0-8896-937f24d9341b->2a1bcffd-7f8d-49f5-89de-90db11ce442c: nextIndex: updateUnconditionally 0 -> 0
2019-06-14 05:19:03,977 INFO  impl.FollowerInfo (FollowerInfo.java:lambda$new$0(50)) - 15dee7dd-9b62-4ae0-8896-937f24d9341b->b2cf14e4-6b4a-4f38-b629-bce71e6d00f0: nextIndex: updateUnconditionally 0 -> 0
2019-06-14 05:19:04,477 WARN  server.GrpcLogAppender (LogUtils.java:warn(134)) - 15dee7dd-9b62-4ae0-8896-937f24d9341b: Failed appendEntries to 2a1bcffd-7f8d-49f5-89de-90db11ce442c:192.168.105.138:39053: org.apache.ratis.thirdparty.io.grpc.StatusRuntimeException: UNAVAILABLE: io exception
2019-06-14 05:19:04,477 WARN  server.GrpcLogAppender (LogUtils.java:warn(134)) - 15dee7dd-9b62-4ae0-8896-937f24d9341b: Failed appendEntries to b2cf14e4-6b4a-4f38-b629-bce71e6d00f0:192.168.105.138:40843: org.apache.ratis.thirdparty.io.grpc.StatusRuntimeException: UNAVAILABLE: io exception
2019-06-14 05:19:04,477 INFO  impl.FollowerInfo (FollowerInfo.java:lambda$new$0(50)) - 15dee7dd-9b62-4ae0-8896-937f24d9341b->2a1bcffd-7f8d-49f5-89de-90db11ce442c: nextIndex: updateUnconditionally 0 -> 0
2019-06-14 05:19:04,477 INFO  impl.FollowerInfo (FollowerInfo.java:lambda$new$0(50)) - 15dee7dd-9b62-4ae0-8896-937f24d9341b->b2cf14e4-6b4a-4f38-b629-bce71e6d00f0: nextIndex: updateUnconditionally 0 -> 0
2019-06-14 05:19:04,977 WARN  server.GrpcLogAppender (LogUtils.java:warn(134)) - 15dee7dd-9b62-4ae0-8896-937f24d9341b: Failed appendEntries to 2a1bcffd-7f8d-49f5-89de-90db11ce442c:192.168.105.138:39053: org.apache.ratis.thirdparty.io.grpc.StatusRuntimeException: UNAVAILABLE: io exception
2019-06-14 05:19:04,978 WARN  server.GrpcLogAppender (LogUtils.java:warn(134)) - 15dee7dd-9b62-4ae0-8896-937f24d9341b: Failed appendEntries to b2cf14e4-6b4a-4f38-b629-bce71e6d00f0:192.168.105.138:40843: org.apache.ratis.thirdparty.io.grpc.StatusRuntimeException: UNAVAILABLE: io exception
2019-06-14 05:19:04,978 INFO  impl.FollowerInfo (FollowerInfo.java:lambda$new$0(50)) - 15dee7dd-9b62-4ae0-8896-937f24d9341b->2a1bcffd-7f8d-49f5-89de-90db11ce442c: nextIndex: updateUnconditionally 0 -> 0
2019-06-14 05:19:04,978 INFO  impl.FollowerInfo (FollowerInfo.java:lambda$new$0(50)) - 15dee7dd-9b62-4ae0-8896-937f24d9341b->b2cf14e4-6b4a-4f38-b629-bce71e6d00f0: nextIndex: updateUnconditionally 0 -> 0
2019-06-14 05:19:05,478 WARN  server.GrpcLogAppender (LogUtils.java:warn(134)) - 15dee7dd-9b62-4ae0-8896-937f24d9341b: Failed appendEntries to 2a1bcffd-7f8d-49f5-89de-90db11ce442c:192.168.105.138:39053: org.apache.ratis.thirdparty.io.grpc.StatusRuntimeException: UNAVAILABLE: io exception
2019-06-14 05:19:05,478 WARN  server.GrpcLogAppender (LogUtils.java:warn(134)) - 15dee7dd-9b62-4ae0-8896-937f24d9341b: Failed appendEntries to b2cf14e4-6b4a-4f38-b629-bce71e6d00f0:192.168.105.138:40843: org.apache.ratis.thirdparty.io.grpc.StatusRuntimeException: UNAVAILABLE: io exception
2019-06-14 05:19:05,478 INFO  impl.FollowerInfo (FollowerInfo.java:lambda$new$0(50)) - 15dee7dd-9b62-4ae0-8896-937f24d9341b->2a1bcffd-7f8d-49f5-89de-90db11ce442c: nextIndex: updateUnconditionally 0 -> 0
2019-06-14 05:19:05,478 INFO  impl.FollowerInfo (FollowerInfo.java:lambda$new$0(50)) - 15dee7dd-9b62-4ae0-8896-937f24d9341b->b2cf14e4-6b4a-4f38-b629-bce71e6d00f0: nextIndex: updateUnconditionally 0 -> 0
2019-06-14 05:19:05,978 WARN  server.GrpcLogAppender (LogUtils.java:warn(134)) - 15dee7dd-9b62-4ae0-8896-937f24d9341b: Failed appendEntries to 2a1bcffd-7f8d-49f5-89de-90db11ce442c:192.168.105.138:39053: org.apache.ratis.thirdparty.io.grpc.StatusRuntimeException: UNAVAILABLE: io exception
2019-06-14 05:19:05,978 WARN  server.GrpcLogAppender (LogUtils.java:warn(134)) - 15dee7dd-9b62-4ae0-8896-937f24d9341b: Failed appendEntries to b2cf14e4-6b4a-4f38-b629-bce71e6d00f0:192.168.105.138:40843: org.apache.ratis.thirdparty.io.grpc.StatusRuntimeException: UNAVAILABLE: io exception
2019-06-14 05:19:05,979 INFO  impl.FollowerInfo (FollowerInfo.java:lambda$new$0(50)) - 15dee7dd-9b62-4ae0-8896-937f24d9341b->2a1bcffd-7f8d-49f5-89de-90db11ce442c: nextIndex: updateUnconditionally 0 -> 0
2019-06-14 05:19:05,979 INFO  impl.FollowerInfo (FollowerInfo.java:lambda$new$0(50)) - 15dee7dd-9b62-4ae0-8896-937f24d9341b->b2cf14e4-6b4a-4f38-b629-bce71e6d00f0: nextIndex: updateUnconditionally 0 -> 0
2019-06-14 05:19:06,479 WARN  server.GrpcLogAppender (LogUtils.java:warn(134)) - 15dee7dd-9b62-4ae0-8896-937f24d9341b: Failed appendEntries to b2cf14e4-6b4a-4f38-b629-bce71e6d00f0:192.168.105.138:40843: org.apache.ratis.thirdparty.io.grpc.StatusRuntimeException: UNAVAILABLE: io exception
2019-06-14 05:19:06,479 WARN  server.GrpcLogAppender (LogUtils.java:warn(134)) - 15dee7dd-9b62-4ae0-8896-937f24d9341b: Failed appendEntries to 2a1bcffd-7f8d-49f5-89de-90db11ce442c:192.168.105.138:39053: org.apache.ratis.thirdparty.io.grpc.StatusRuntimeException: UNAVAILABLE: io exception
2019-06-14 05:19:06,479 INFO  impl.FollowerInfo (FollowerInfo.java:lambda$new$0(50)) - 15dee7dd-9b62-4ae0-8896-937f24d9341b->b2cf14e4-6b4a-4f38-b629-bce71e6d00f0: nextIndex: updateUnconditionally 0 -> 0
2019-06-14 05:19:06,479 INFO  impl.FollowerInfo (FollowerInfo.java:lambda$new$0(50)) - 15dee7dd-9b62-4ae0-8896-937f24d9341b->2a1bcffd-7f8d-49f5-89de-90db11ce442c: nextIndex: updateUnconditionally 0 -> 0
2019-06-14 05:19:06,980 WARN  server.GrpcLogAppender (LogUtils.java:warn(134)) - 15dee7dd-9b62-4ae0-8896-937f24d9341b: Failed appendEntries to 2a1bcffd-7f8d-49f5-89de-90db11ce442c:192.168.105.138:39053: org.apache.ratis.thirdparty.io.grpc.StatusRuntimeException: UNAVAILABLE: io exception
2019-06-14 05:19:06,980 WARN  server.GrpcLogAppender (LogUtils.java:warn(134)) - 15dee7dd-9b62-4ae0-8896-937f24d9341b: Failed appendEntries to b2cf14e4-6b4a-4f38-b629-bce71e6d00f0:192.168.105.138:40843: org.apache.ratis.thirdparty.io.grpc.StatusRuntimeException: UNAVAILABLE: io exception
2019-06-14 05:19:06,980 INFO  impl.FollowerInfo (FollowerInfo.java:lambda$new$0(50)) - 15dee7dd-9b62-4ae0-8896-937f24d9341b->2a1bcffd-7f8d-49f5-89de-90db11ce442c: nextIndex: updateUnconditionally 0 -> 0
2019-06-14 05:19:06,980 INFO  impl.FollowerInfo (FollowerInfo.java:lambda$new$0(50)) - 15dee7dd-9b62-4ae0-8896-937f24d9341b->b2cf14e4-6b4a-4f38-b629-bce71e6d00f0: nextIndex: updateUnconditionally 0 -> 0
2019-06-14 05:19:07,480 WARN  server.GrpcLogAppender (LogUtils.java:warn(134)) - 15dee7dd-9b62-4ae0-8896-937f24d9341b: Failed appendEntries to 2a1bcffd-7f8d-49f5-89de-90db11ce442c:192.168.105.138:39053: org.apache.ratis.thirdparty.io.grpc.StatusRuntimeException: UNAVAILABLE: io exception
2019-06-14 05:19:07,480 WARN  server.GrpcLogAppender (LogUtils.java:warn(134)) - 15dee7dd-9b62-4ae0-8896-937f24d9341b: Failed appendEntries to b2cf14e4-6b4a-4f38-b629-bce71e6d00f0:192.168.105.138:40843: org.apache.ratis.thirdparty.io.grpc.StatusRuntimeException: UNAVAILABLE: io exception
2019-06-14 05:19:07,480 INFO  impl.FollowerInfo (FollowerInfo.java:lambda$new$0(50)) - 15dee7dd-9b62-4ae0-8896-937f24d9341b->2a1bcffd-7f8d-49f5-89de-90db11ce442c: nextIndex: updateUnconditionally 0 -> 0
2019-06-14 05:19:07,480 INFO  impl.FollowerInfo (FollowerInfo.java:lambda$new$0(50)) - 15dee7dd-9b62-4ae0-8896-937f24d9341b->b2cf14e4-6b4a-4f38-b629-bce71e6d00f0: nextIndex: updateUnconditionally 0 -> 0
2019-06-14 05:19:07,980 WARN  server.GrpcLogAppender (LogUtils.java:warn(134)) - 15dee7dd-9b62-4ae0-8896-937f24d9341b: Failed appendEntries to b2cf14e4-6b4a-4f38-b629-bce71e6d00f0:192.168.105.138:40843: org.apache.ratis.thirdparty.io.grpc.StatusRuntimeException: UNAVAILABLE: io exception
2019-06-14 05:19:07,981 INFO  impl.FollowerInfo (FollowerInfo.java:lambda$new$0(50)) - 15dee7dd-9b62-4ae0-8896-937f24d9341b->b2cf14e4-6b4a-4f38-b629-bce71e6d00f0: nextIndex: updateUnconditionally 0 -> 0
2019-06-14 05:19:07,981 WARN  server.GrpcLogAppender (LogUtils.java:warn(134)) - 15dee7dd-9b62-4ae0-8896-937f24d9341b: Failed appendEntries to 2a1bcffd-7f8d-49f5-89de-90db11ce442c:192.168.105.138:39053: org.apache.ratis.thirdparty.io.grpc.StatusRuntimeException: UNAVAILABLE: io exception
2019-06-14 05:19:07,981 INFO  impl.FollowerInfo (FollowerInfo.java:lambda$new$0(50)) - 15dee7dd-9b62-4ae0-8896-937f24d9341b->2a1bcffd-7f8d-49f5-89de-90db11ce442c: nextIndex: updateUnconditionally 0 -> 0
2019-06-14 05:19:08,481 WARN  server.GrpcLogAppender (LogUtils.java:warn(134)) - 15dee7dd-9b62-4ae0-8896-937f24d9341b: Failed appendEntries to b2cf14e4-6b4a-4f38-b629-bce71e6d00f0:192.168.105.138:40843: org.apache.ratis.thirdparty.io.grpc.StatusRuntimeException: UNAVAILABLE: io exception
2019-06-14 05:19:08,481 WARN  server.GrpcLogAppender (LogUtils.java:warn(134)) - 15dee7dd-9b62-4ae0-8896-937f24d9341b: Failed appendEntries to 2a1bcffd-7f8d-49f5-89de-90db11ce442c:192.168.105.138:39053: org.apache.ratis.thirdparty.io.grpc.StatusRuntimeException: UNAVAILABLE: io exception
2019-06-14 05:19:08,481 INFO  impl.FollowerInfo (FollowerInfo.java:lambda$new$0(50)) - 15dee7dd-9b62-4ae0-8896-937f24d9341b->b2cf14e4-6b4a-4f38-b629-bce71e6d00f0: nextIndex: updateUnconditionally 0 -> 0
2019-06-14 05:19:08,482 INFO  impl.FollowerInfo (FollowerInfo.java:lambda$new$0(50)) - 15dee7dd-9b62-4ae0-8896-937f24d9341b->2a1bcffd-7f8d-49f5-89de-90db11ce442c: nextIndex: updateUnconditionally 0 -> 0
2019-06-14 05:19:08,982 WARN  server.GrpcLogAppender (LogUtils.java:warn(134)) - 15dee7dd-9b62-4ae0-8896-937f24d9341b: Failed appendEntries to 2a1bcffd-7f8d-49f5-89de-90db11ce442c:192.168.105.138:39053: org.apache.ratis.thirdparty.io.grpc.StatusRuntimeException: UNAVAILABLE: io exception
2019-06-14 05:19:08,982 WARN  server.GrpcLogAppender (LogUtils.java:warn(134)) - 15dee7dd-9b62-4ae0-8896-937f24d9341b: Failed appendEntries to b2cf14e4-6b4a-4f38-b629-bce71e6d00f0:192.168.105.138:40843: org.apache.ratis.thirdparty.io.grpc.StatusRuntimeException: UNAVAILABLE: io exception
2019-06-14 05:19:08,982 INFO  impl.FollowerInfo (FollowerInfo.java:lambda$new$0(50)) - 15dee7dd-9b62-4ae0-8896-937f24d9341b->2a1bcffd-7f8d-49f5-89de-90db11ce442c: nextIndex: updateUnconditionally 0 -> 0
2019-06-14 05:19:08,982 INFO  impl.FollowerInfo (FollowerInfo.java:lambda$new$0(50)) - 15dee7dd-9b62-4ae0-8896-937f24d9341b->b2cf14e4-6b4a-4f38-b629-bce71e6d00f0: nextIndex: updateUnconditionally 0 -> 0
2019-06-14 05:19:09,055 INFO  client.GrpcClientProtocolService (GrpcClientProtocolService.java:lambda$processClientRequest$0(264)) - Failed RaftClientRequest:client-8259B1B77B8E->15dee7dd-9b62-4ae0-8896-937f24d9341b@group-2CCA2C521434, cid=68, seq=0, Watch-MAJORITY_COMMITTED(2), Message:<EMPTY>, reply=RaftClientReply:client-8259B1B77B8E->15dee7dd-9b62-4ae0-8896-937f24d9341b@group-2CCA2C521434, cid=68, FAILED org.apache.ratis.protocol.NotReplicatedException: Request with call Id 68 and log index 2 is not yet replicated to MAJORITY_COMMITTED, logIndex=2, commits[15dee7dd-9b62-4ae0-8896-937f24d9341b:c2, 2a1bcffd-7f8d-49f5-89de-90db11ce442c:c1, b2cf14e4-6b4a-4f38-b629-bce71e6d00f0:c1]
2019-06-14 05:19:09,482 WARN  server.GrpcLogAppender (LogUtils.java:warn(134)) - 15dee7dd-9b62-4ae0-8896-937f24d9341b: Failed appendEntries to 2a1bcffd-7f8d-49f5-89de-90db11ce442c:192.168.105.138:39053: org.apache.ratis.thirdparty.io.grpc.StatusRuntimeException: UNAVAILABLE: io exception
2019-06-14 05:19:09,482 WARN  server.GrpcLogAppender (LogUtils.java:warn(134)) - 15dee7dd-9b62-4ae0-8896-937f24d9341b: Failed appendEntries to b2cf14e4-6b4a-4f38-b629-bce71e6d00f0:192.168.105.138:40843: org.apache.ratis.thirdparty.io.grpc.StatusRuntimeException: UNAVAILABLE: io exception
2019-06-14 05:19:09,484 INFO  impl.FollowerInfo (FollowerInfo.java:lambda$new$0(50)) - 15dee7dd-9b62-4ae0-8896-937f24d9341b->2a1bcffd-7f8d-49f5-89de-90db11ce442c: nextIndex: updateUnconditionally 0 -> 0
2019-06-14 05:19:09,485 INFO  impl.FollowerInfo (FollowerInfo.java:lambda$new$0(50)) - 15dee7dd-9b62-4ae0-8896-937f24d9341b->b2cf14e4-6b4a-4f38-b629-bce71e6d00f0: nextIndex: updateUnconditionally 0 -> 0
2019-06-14 05:19:09,983 WARN  server.GrpcLogAppender (LogUtils.java:warn(134)) - 15dee7dd-9b62-4ae0-8896-937f24d9341b: Failed appendEntries to 2a1bcffd-7f8d-49f5-89de-90db11ce442c:192.168.105.138:39053: org.apache.ratis.thirdparty.io.grpc.StatusRuntimeException: UNAVAILABLE: io exception
2019-06-14 05:19:09,983 INFO  impl.FollowerInfo (FollowerInfo.java:lambda$new$0(50)) - 15dee7dd-9b62-4ae0-8896-937f24d9341b->2a1bcffd-7f8d-49f5-89de-90db11ce442c: nextIndex: updateUnconditionally 0 -> 0
2019-06-14 05:19:09,983 WARN  server.GrpcLogAppender (LogUtils.java:warn(134)) - 15dee7dd-9b62-4ae0-8896-937f24d9341b: Failed appendEntries to b2cf14e4-6b4a-4f38-b629-bce71e6d00f0:192.168.105.138:40843: org.apache.ratis.thirdparty.io.grpc.StatusRuntimeException: UNAVAILABLE: io exception
2019-06-14 05:19:09,983 INFO  impl.FollowerInfo (FollowerInfo.java:lambda$new$0(50)) - 15dee7dd-9b62-4ae0-8896-937f24d9341b->b2cf14e4-6b4a-4f38-b629-bce71e6d00f0: nextIndex: updateUnconditionally 0 -> 0
2019-06-14 05:19:10,483 WARN  server.GrpcLogAppender (LogUtils.java:warn(134)) - 15dee7dd-9b62-4ae0-8896-937f24d9341b: Failed appendEntries to 2a1bcffd-7f8d-49f5-89de-90db11ce442c:192.168.105.138:39053: org.apache.ratis.thirdparty.io.grpc.StatusRuntimeException: UNAVAILABLE: io exception
2019-06-14 05:19:10,483 WARN  server.GrpcLogAppender (LogUtils.java:warn(134)) - 15dee7dd-9b62-4ae0-8896-937f24d9341b: Failed appendEntries to b2cf14e4-6b4a-4f38-b629-bce71e6d00f0:192.168.105.138:40843: org.apache.ratis.thirdparty.io.grpc.StatusRuntimeException: UNAVAILABLE: io exception
2019-06-14 05:19:10,483 INFO  impl.FollowerInfo (FollowerInfo.java:lambda$new$0(50)) - 15dee7dd-9b62-4ae0-8896-937f24d9341b->2a1bcffd-7f8d-49f5-89de-90db11ce442c: nextIndex: updateUnconditionally 0 -> 0
2019-06-14 05:19:10,483 INFO  impl.FollowerInfo (FollowerInfo.java:lambda$new$0(50)) - 15dee7dd-9b62-4ae0-8896-937f24d9341b->b2cf14e4-6b4a-4f38-b629-bce71e6d00f0: nextIndex: updateUnconditionally 0 -> 0
2019-06-14 05:19:10,983 WARN  server.GrpcLogAppender (LogUtils.java:warn(134)) - 15dee7dd-9b62-4ae0-8896-937f24d9341b: Failed appendEntries to b2cf14e4-6b4a-4f38-b629-bce71e6d00f0:192.168.105.138:40843: org.apache.ratis.thirdparty.io.grpc.StatusRuntimeException: UNAVAILABLE: io exception
2019-06-14 05:19:10,983 WARN  server.GrpcLogAppender (LogUtils.java:warn(134)) - 15dee7dd-9b62-4ae0-8896-937f24d9341b: Failed appendEntries to 2a1bcffd-7f8d-49f5-89de-90db11ce442c:192.168.105.138:39053: org.apache.ratis.thirdparty.io.grpc.StatusRuntimeException: UNAVAILABLE: io exception
2019-06-14 05:19:10,984 INFO  impl.FollowerInfo (FollowerInfo.java:lambda$new$0(50)) - 15dee7dd-9b62-4ae0-8896-937f24d9341b->b2cf14e4-6b4a-4f38-b629-bce71e6d00f0: nextIndex: updateUnconditionally 0 -> 0
2019-06-14 05:19:10,984 INFO  impl.FollowerInfo (FollowerInfo.java:lambda$new$0(50)) - 15dee7dd-9b62-4ae0-8896-937f24d9341b->2a1bcffd-7f8d-49f5-89de-90db11ce442c: nextIndex: updateUnconditionally 0 -> 0
2019-06-14 05:19:11,484 WARN  server.GrpcLogAppender (LogUtils.java:warn(134)) - 15dee7dd-9b62-4ae0-8896-937f24d9341b: Failed appendEntries to 2a1bcffd-7f8d-49f5-89de-90db11ce442c:192.168.105.138:39053: org.apache.ratis.thirdparty.io.grpc.StatusRuntimeException: UNAVAILABLE: io exception
2019-06-14 05:19:11,484 WARN  server.GrpcLogAppender (LogUtils.java:warn(134)) - 15dee7dd-9b62-4ae0-8896-937f24d9341b: Failed appendEntries to b2cf14e4-6b4a-4f38-b629-bce71e6d00f0:192.168.105.138:40843: org.apache.ratis.thirdparty.io.grpc.StatusRuntimeException: UNAVAILABLE: io exception
2019-06-14 05:19:11,484 INFO  impl.FollowerInfo (FollowerInfo.java:lambda$new$0(50)) - 15dee7dd-9b62-4ae0-8896-937f24d9341b->2a1bcffd-7f8d-49f5-89de-90db11ce442c: nextIndex: updateUnconditionally 0 -> 0
2019-06-14 05:19:11,484 INFO  impl.FollowerInfo (FollowerInfo.java:lambda$new$0(50)) - 15dee7dd-9b62-4ae0-8896-937f24d9341b->b2cf14e4-6b4a-4f38-b629-bce71e6d00f0: nextIndex: updateUnconditionally 0 -> 0
]]></system-out>
    <system-err><![CDATA[Jun 14, 2019 5:18:25 AM com.sun.jersey.server.impl.application.WebApplicationImpl _initiate
INFO: Initiating Jersey application, version 'Jersey: 1.19 02/11/2015 03:25 AM'
Jun 14, 2019 5:18:25 AM com.sun.jersey.server.impl.application.WebApplicationImpl _initiate
INFO: Initiating Jersey application, version 'Jersey: 1.19 02/11/2015 03:25 AM'
Jun 14, 2019 5:18:25 AM com.sun.jersey.server.impl.application.WebApplicationImpl _initiate
INFO: Initiating Jersey application, version 'Jersey: 1.19 02/11/2015 03:25 AM'
Jun 14, 2019 5:18:25 AM com.sun.jersey.server.impl.application.WebApplicationImpl _initiate
INFO: Initiating Jersey application, version 'Jersey: 1.19 02/11/2015 03:25 AM'
Jun 14, 2019 5:18:25 AM com.sun.jersey.server.impl.application.WebApplicationImpl _initiate
INFO: Initiating Jersey application, version 'Jersey: 1.19 02/11/2015 03:25 AM'
Jun 14, 2019 5:18:26 AM com.sun.jersey.server.impl.application.WebApplicationImpl _initiate
INFO: Initiating Jersey application, version 'Jersey: 1.19 02/11/2015 03:25 AM'
Jun 14, 2019 5:18:26 AM com.sun.jersey.server.impl.application.WebApplicationImpl _initiate
INFO: Initiating Jersey application, version 'Jersey: 1.19 02/11/2015 03:25 AM'
]]></system-err>
  </testcase>
  <testcase name="testWatchForCommitForGroupMismatchException" classname="org.apache.hadoop.ozone.client.rpc.TestWatchForCommit" time="8.954"/>
  <testcase name="test2WayCommitForTimeoutException" classname="org.apache.hadoop.ozone.client.rpc.TestWatchForCommit" time="14.104"/>
  <testcase name="test2WayCommitForRetryfailure" classname="org.apache.hadoop.ozone.client.rpc.TestWatchForCommit" time="30.031"/>
</testsuite>