<?xml version="1.0" encoding="UTF-8"?>
<testsuite xmlns:xsi="http://www.w3.org/2001/XMLSchema-instance" xsi:noNamespaceSchemaLocation="https://maven.apache.org/surefire/maven-surefire-plugin/xsd/surefire-test-report.xsd" name="org.apache.hadoop.ozone.freon.TestFreonWithPipelineDestroy" time="20.374" tests="1" errors="1" skipped="0" failures="0">
  <properties>
    <property name="awt.toolkit" value="sun.awt.X11.XToolkit"/>
    <property name="file.encoding.pkg" value="sun.io"/>
    <property name="java.specification.version" value="1.8"/>
    <property name="sun.cpu.isalist" value=""/>
    <property name="sun.jnu.encoding" value="UTF-8"/>
    <property name="java.class.path" value="/opt/src/hadoop-ozone/tools/target/test-classes:/opt/src/hadoop-ozone/tools/target/classes:/opt/src/hadoop-ozone/ozone-manager/target/classes:/opt/src/hadoop-hdds/docs/target/classes:/home/user/.m2/repository/org/bouncycastle/bcprov-jdk15on/1.60/bcprov-jdk15on-1.60.jar:/opt/src/hadoop-ozone/common/target/classes:/home/user/.m2/repository/org/apache/commons/commons-compress/1.4.1/commons-compress-1.4.1.jar:/home/user/.m2/repository/org/tukaani/xz/1.0/xz-1.0.jar:/home/user/.m2/repository/org/apache/hadoop/hadoop-hdfs-client/3.2.0/hadoop-hdfs-client-3.2.0.jar:/home/user/.m2/repository/com/fasterxml/jackson/core/jackson-annotations/2.9.5/jackson-annotations-2.9.5.jar:/opt/src/hadoop-hdds/common/target/classes:/opt/src/hadoop-hdds/config/target/classes:/home/user/.m2/repository/javax/annotation/javax.annotation-api/1.2/javax.annotation-api-1.2.jar:/home/user/.m2/repository/org/apache/ratis/ratis-server/0.4.0-fe2b15d-SNAPSHOT/ratis-server-0.4.0-fe2b15d-SNAPSHOT.jar:/home/user/.m2/repository/org/apache/ratis/ratis-thirdparty-misc/0.2.0/ratis-thirdparty-misc-0.2.0.jar:/home/user/.m2/repository/org/apache/ratis/ratis-proto/0.4.0-fe2b15d-SNAPSHOT/ratis-proto-0.4.0-fe2b15d-SNAPSHOT.jar:/home/user/.m2/repository/org/apache/ratis/ratis-common/0.4.0-fe2b15d-SNAPSHOT/ratis-common-0.4.0-fe2b15d-SNAPSHOT.jar:/home/user/.m2/repository/org/apache/ratis/ratis-client/0.4.0-fe2b15d-SNAPSHOT/ratis-client-0.4.0-fe2b15d-SNAPSHOT.jar:/home/user/.m2/repository/org/apache/ratis/ratis-netty/0.4.0-fe2b15d-SNAPSHOT/ratis-netty-0.4.0-fe2b15d-SNAPSHOT.jar:/home/user/.m2/repository/org/apache/ratis/ratis-grpc/0.4.0-fe2b15d-SNAPSHOT/ratis-grpc-0.4.0-fe2b15d-SNAPSHOT.jar:/home/user/.m2/repository/org/rocksdb/rocksdbjni/5.14.2/rocksdbjni-5.14.2.jar:/home/user/.m2/repository/org/apache/logging/log4j/log4j-api/2.11.0/log4j-api-2.11.0.jar:/home/user/.m2/repository/org/apache/logging/log4j/log4j-core/2.11.0/log4j-core-2.11.0.jar:/home/user/.m2/repository/com/lmax/disruptor/3.4.2/disruptor-3.4.2.jar:/home/user/.m2/repository/org/apache/commons/commons-pool2/2.6.0/commons-pool2-2.6.0.jar:/home/user/.m2/repository/org/bouncycastle/bcpkix-jdk15on/1.60/bcpkix-jdk15on-1.60.jar:/home/user/.m2/repository/commons-validator/commons-validator/1.6/commons-validator-1.6.jar:/home/user/.m2/repository/commons-digester/commons-digester/1.8.1/commons-digester-1.8.1.jar:/home/user/.m2/repository/io/jaegertracing/jaeger-client/0.33.1/jaeger-client-0.33.1.jar:/home/user/.m2/repository/io/jaegertracing/jaeger-thrift/0.33.1/jaeger-thrift-0.33.1.jar:/home/user/.m2/repository/org/apache/thrift/libthrift/0.11.0/libthrift-0.11.0.jar:/home/user/.m2/repository/com/squareup/okhttp3/okhttp/3.9.0/okhttp-3.9.0.jar:/home/user/.m2/repository/com/squareup/okio/okio/1.13.0/okio-1.13.0.jar:/home/user/.m2/repository/io/jaegertracing/jaeger-core/0.33.1/jaeger-core-0.33.1.jar:/home/user/.m2/repository/io/jaegertracing/jaeger-tracerresolver/0.33.1/jaeger-tracerresolver-0.33.1.jar:/home/user/.m2/repository/io/opentracing/contrib/opentracing-tracerresolver/0.1.5/opentracing-tracerresolver-0.1.5.jar:/home/user/.m2/repository/io/opentracing/opentracing-util/0.31.0/opentracing-util-0.31.0.jar:/home/user/.m2/repository/io/opentracing/opentracing-api/0.31.0/opentracing-api-0.31.0.jar:/home/user/.m2/repository/io/opentracing/opentracing-noop/0.31.0/opentracing-noop-0.31.0.jar:/home/user/.m2/repository/org/yaml/snakeyaml/1.16/snakeyaml-1.16.jar:/opt/src/hadoop-hdds/server-scm/target/classes:/home/user/.m2/repository/org/hamcrest/hamcrest-all/1.3/hamcrest-all-1.3.jar:/opt/src/hadoop-hdds/container-service/target/classes:/opt/src/hadoop-hdds/client/target/classes:/opt/src/hadoop-hdds/tools/target/classes:/home/user/.m2/repository/org/xerial/sqlite-jdbc/3.25.2/sqlite-jdbc-3.25.2.jar:/opt/src/hadoop-ozone/client/target/classes:/home/user/.m2/repository/org/apache/hadoop/hadoop-ozone-filesystem/0.5.0-SNAPSHOT/hadoop-ozone-filesystem-0.5.0-SNAPSHOT.jar:/opt/src/hadoop-hdds/framework/target/classes:/home/user/.m2/repository/info/picocli/picocli/3.9.6/picocli-3.9.6.jar:/home/user/.m2/repository/com/google/protobuf/protobuf-java/2.5.0/protobuf-java-2.5.0.jar:/home/user/.m2/repository/com/google/guava/guava/11.0.2/guava-11.0.2.jar:/home/user/.m2/repository/org/apache/hadoop/hadoop-common/3.2.0/hadoop-common-3.2.0.jar:/home/user/.m2/repository/org/apache/hadoop/hadoop-annotations/3.2.0/hadoop-annotations-3.2.0.jar:/usr/lib/jvm/java-1.8-openjdk/jre/../lib/tools.jar:/home/user/.m2/repository/commons-cli/commons-cli/1.2/commons-cli-1.2.jar:/home/user/.m2/repository/org/apache/commons/commons-math3/3.1.1/commons-math3-3.1.1.jar:/home/user/.m2/repository/org/apache/httpcomponents/httpclient/4.5.2/httpclient-4.5.2.jar:/home/user/.m2/repository/org/apache/httpcomponents/httpcore/4.4.4/httpcore-4.4.4.jar:/home/user/.m2/repository/commons-codec/commons-codec/1.11/commons-codec-1.11.jar:/home/user/.m2/repository/commons-io/commons-io/2.5/commons-io-2.5.jar:/home/user/.m2/repository/commons-net/commons-net/3.6/commons-net-3.6.jar:/home/user/.m2/repository/commons-collections/commons-collections/3.2.2/commons-collections-3.2.2.jar:/home/user/.m2/repository/javax/servlet/javax.servlet-api/3.1.0/javax.servlet-api-3.1.0.jar:/home/user/.m2/repository/org/eclipse/jetty/jetty-server/9.3.24.v20180605/jetty-server-9.3.24.v20180605.jar:/home/user/.m2/repository/org/eclipse/jetty/jetty-http/9.3.24.v20180605/jetty-http-9.3.24.v20180605.jar:/home/user/.m2/repository/org/eclipse/jetty/jetty-io/9.3.24.v20180605/jetty-io-9.3.24.v20180605.jar:/home/user/.m2/repository/org/eclipse/jetty/jetty-util/9.3.24.v20180605/jetty-util-9.3.24.v20180605.jar:/home/user/.m2/repository/org/eclipse/jetty/jetty-servlet/9.3.24.v20180605/jetty-servlet-9.3.24.v20180605.jar:/home/user/.m2/repository/org/eclipse/jetty/jetty-security/9.3.24.v20180605/jetty-security-9.3.24.v20180605.jar:/home/user/.m2/repository/org/eclipse/jetty/jetty-webapp/9.3.24.v20180605/jetty-webapp-9.3.24.v20180605.jar:/home/user/.m2/repository/org/eclipse/jetty/jetty-xml/9.3.24.v20180605/jetty-xml-9.3.24.v20180605.jar:/home/user/.m2/repository/javax/servlet/jsp/jsp-api/2.1/jsp-api-2.1.jar:/home/user/.m2/repository/com/sun/jersey/jersey-core/1.19/jersey-core-1.19.jar:/home/user/.m2/repository/javax/ws/rs/jsr311-api/1.1.1/jsr311-api-1.1.1.jar:/home/user/.m2/repository/com/sun/jersey/jersey-servlet/1.19/jersey-servlet-1.19.jar:/home/user/.m2/repository/com/sun/jersey/jersey-json/1.19/jersey-json-1.19.jar:/home/user/.m2/repository/org/codehaus/jettison/jettison/1.1/jettison-1.1.jar:/home/user/.m2/repository/com/sun/xml/bind/jaxb-impl/2.3.0.1/jaxb-impl-2.3.0.1.jar:/home/user/.m2/repository/org/codehaus/jackson/jackson-core-asl/1.9.13/jackson-core-asl-1.9.13.jar:/home/user/.m2/repository/org/codehaus/jackson/jackson-mapper-asl/1.9.13/jackson-mapper-asl-1.9.13.jar:/home/user/.m2/repository/org/codehaus/jackson/jackson-jaxrs/1.9.13/jackson-jaxrs-1.9.13.jar:/home/user/.m2/repository/org/codehaus/jackson/jackson-xc/1.9.13/jackson-xc-1.9.13.jar:/home/user/.m2/repository/com/sun/jersey/jersey-server/1.19/jersey-server-1.19.jar:/home/user/.m2/repository/commons-logging/commons-logging/1.1.3/commons-logging-1.1.3.jar:/home/user/.m2/repository/log4j/log4j/1.2.17/log4j-1.2.17.jar:/home/user/.m2/repository/commons-beanutils/commons-beanutils/1.9.3/commons-beanutils-1.9.3.jar:/home/user/.m2/repository/org/apache/commons/commons-configuration2/2.1.1/commons-configuration2-2.1.1.jar:/home/user/.m2/repository/org/apache/commons/commons-lang3/3.7/commons-lang3-3.7.jar:/home/user/.m2/repository/org/apache/commons/commons-text/1.4/commons-text-1.4.jar:/home/user/.m2/repository/org/slf4j/slf4j-api/1.7.25/slf4j-api-1.7.25.jar:/home/user/.m2/repository/org/slf4j/slf4j-log4j12/1.7.25/slf4j-log4j12-1.7.25.jar:/home/user/.m2/repository/org/apache/avro/avro/1.7.7/avro-1.7.7.jar:/home/user/.m2/repository/com/thoughtworks/paranamer/paranamer/2.3/paranamer-2.3.jar:/home/user/.m2/repository/org/xerial/snappy/snappy-java/1.0.5/snappy-java-1.0.5.jar:/home/user/.m2/repository/com/google/re2j/re2j/1.1/re2j-1.1.jar:/home/user/.m2/repository/com/google/code/gson/gson/2.2.4/gson-2.2.4.jar:/home/user/.m2/repository/org/apache/hadoop/hadoop-auth/3.2.0/hadoop-auth-3.2.0.jar:/home/user/.m2/repository/com/nimbusds/nimbus-jose-jwt/4.41.1/nimbus-jose-jwt-4.41.1.jar:/home/user/.m2/repository/com/github/stephenc/jcip/jcip-annotations/1.0-1/jcip-annotations-1.0-1.jar:/home/user/.m2/repository/net/minidev/json-smart/2.3/json-smart-2.3.jar:/home/user/.m2/repository/net/minidev/accessors-smart/1.2/accessors-smart-1.2.jar:/home/user/.m2/repository/org/apache/curator/curator-framework/2.12.0/curator-framework-2.12.0.jar:/home/user/.m2/repository/com/jcraft/jsch/0.1.54/jsch-0.1.54.jar:/home/user/.m2/repository/org/apache/curator/curator-client/2.12.0/curator-client-2.12.0.jar:/home/user/.m2/repository/org/apache/curator/curator-recipes/2.12.0/curator-recipes-2.12.0.jar:/home/user/.m2/repository/com/google/code/findbugs/jsr305/3.0.0/jsr305-3.0.0.jar:/home/user/.m2/repository/org/apache/htrace/htrace-core4/4.1.0-incubating/htrace-core4-4.1.0-incubating.jar:/home/user/.m2/repository/org/apache/zookeeper/zookeeper/3.4.13/zookeeper-3.4.13.jar:/home/user/.m2/repository/org/apache/yetus/audience-annotations/0.5.0/audience-annotations-0.5.0.jar:/home/user/.m2/repository/org/apache/kerby/kerb-simplekdc/1.0.1/kerb-simplekdc-1.0.1.jar:/home/user/.m2/repository/org/apache/kerby/kerb-client/1.0.1/kerb-client-1.0.1.jar:/home/user/.m2/repository/org/apache/kerby/kerby-config/1.0.1/kerby-config-1.0.1.jar:/home/user/.m2/repository/org/apache/kerby/kerb-core/1.0.1/kerb-core-1.0.1.jar:/home/user/.m2/repository/org/apache/kerby/kerby-pkix/1.0.1/kerby-pkix-1.0.1.jar:/home/user/.m2/repository/org/apache/kerby/kerby-asn1/1.0.1/kerby-asn1-1.0.1.jar:/home/user/.m2/repository/org/apache/kerby/kerby-util/1.0.1/kerby-util-1.0.1.jar:/home/user/.m2/repository/org/apache/kerby/kerb-common/1.0.1/kerb-common-1.0.1.jar:/home/user/.m2/repository/org/apache/kerby/kerb-crypto/1.0.1/kerb-crypto-1.0.1.jar:/home/user/.m2/repository/org/apache/kerby/kerb-util/1.0.1/kerb-util-1.0.1.jar:/home/user/.m2/repository/org/apache/kerby/token-provider/1.0.1/token-provider-1.0.1.jar:/home/user/.m2/repository/org/apache/kerby/kerb-admin/1.0.1/kerb-admin-1.0.1.jar:/home/user/.m2/repository/org/apache/kerby/kerb-server/1.0.1/kerb-server-1.0.1.jar:/home/user/.m2/repository/org/apache/kerby/kerb-identity/1.0.1/kerb-identity-1.0.1.jar:/home/user/.m2/repository/org/apache/kerby/kerby-xdr/1.0.1/kerby-xdr-1.0.1.jar:/home/user/.m2/repository/com/fasterxml/jackson/core/jackson-databind/2.9.5/jackson-databind-2.9.5.jar:/home/user/.m2/repository/com/fasterxml/jackson/core/jackson-core/2.9.5/jackson-core-2.9.5.jar:/home/user/.m2/repository/org/codehaus/woodstox/stax2-api/3.1.4/stax2-api-3.1.4.jar:/home/user/.m2/repository/com/fasterxml/woodstox/woodstox-core/5.0.3/woodstox-core-5.0.3.jar:/home/user/.m2/repository/dnsjava/dnsjava/2.1.7/dnsjava-2.1.7.jar:/home/user/.m2/repository/org/apache/hadoop/hadoop-hdfs/3.2.0/hadoop-hdfs-3.2.0.jar:/home/user/.m2/repository/org/eclipse/jetty/jetty-util-ajax/9.3.24.v20180605/jetty-util-ajax-9.3.24.v20180605.jar:/home/user/.m2/repository/commons-daemon/commons-daemon/1.0.13/commons-daemon-1.0.13.jar:/home/user/.m2/repository/io/netty/netty/3.10.5.Final/netty-3.10.5.Final.jar:/home/user/.m2/repository/io/netty/netty-all/4.0.52.Final/netty-all-4.0.52.Final.jar:/home/user/.m2/repository/org/fusesource/leveldbjni/leveldbjni-all/1.8/leveldbjni-all-1.8.jar:/home/user/.m2/repository/com/sun/xml/bind/jaxb-core/2.3.0.1/jaxb-core-2.3.0.1.jar:/home/user/.m2/repository/javax/xml/bind/jaxb-api/2.3.0/jaxb-api-2.3.0.jar:/home/user/.m2/repository/javax/activation/activation/1.1.1/activation-1.1.1.jar:/home/user/.m2/repository/io/dropwizard/metrics/metrics-core/3.2.4/metrics-core-3.2.4.jar:/home/user/.m2/repository/org/openjdk/jmh/jmh-core/1.19/jmh-core-1.19.jar:/home/user/.m2/repository/net/sf/jopt-simple/jopt-simple/4.6/jopt-simple-4.6.jar:/home/user/.m2/repository/org/openjdk/jmh/jmh-generator-annprocess/1.19/jmh-generator-annprocess-1.19.jar:/home/user/.m2/repository/com/google/code/findbugs/findbugs/3.0.1/findbugs-3.0.1.jar:/home/user/.m2/repository/net/jcip/jcip-annotations/1.0/jcip-annotations-1.0.jar:/home/user/.m2/repository/com/google/code/findbugs/bcel-findbugs/6.0/bcel-findbugs-6.0.jar:/home/user/.m2/repository/com/google/code/findbugs/jFormatString/2.0.1/jFormatString-2.0.1.jar:/home/user/.m2/repository/dom4j/dom4j/1.6.1/dom4j-1.6.1.jar:/home/user/.m2/repository/xml-apis/xml-apis/1.0.b2/xml-apis-1.0.b2.jar:/home/user/.m2/repository/org/ow2/asm/asm-debug-all/5.0.2/asm-debug-all-5.0.2.jar:/home/user/.m2/repository/org/ow2/asm/asm-commons/5.0.2/asm-commons-5.0.2.jar:/home/user/.m2/repository/org/ow2/asm/asm-tree/5.0.2/asm-tree-5.0.2.jar:/home/user/.m2/repository/org/ow2/asm/asm/5.0.4/asm-5.0.4.jar:/home/user/.m2/repository/commons-lang/commons-lang/2.6/commons-lang-2.6.jar:/home/user/.m2/repository/com/apple/AppleJavaExtensions/1.4/AppleJavaExtensions-1.4.jar:/home/user/.m2/repository/jaxen/jaxen/1.1.6/jaxen-1.1.6.jar:/home/user/.m2/repository/junit/junit/4.11/junit-4.11.jar:/home/user/.m2/repository/org/hamcrest/hamcrest-core/1.3/hamcrest-core-1.3.jar:/home/user/.m2/repository/org/apache/hadoop/hadoop-common/3.2.0/hadoop-common-3.2.0-tests.jar:/home/user/.m2/repository/org/apache/hadoop/hadoop-ozone-integration-test/0.5.0-SNAPSHOT/hadoop-ozone-integration-test-0.5.0-SNAPSHOT-tests.jar:/opt/src/hadoop-ozone/objectstore-service/target/classes:/opt/src/hadoop-ozone/s3gateway/target/classes:/home/user/.m2/repository/org/jboss/weld/servlet/weld-servlet/2.4.7.Final/weld-servlet-2.4.7.Final.jar:/home/user/.m2/repository/org/glassfish/jersey/containers/jersey-container-servlet-core/2.27/jersey-container-servlet-core-2.27.jar:/home/user/.m2/repository/org/glassfish/hk2/external/javax.inject/2.5.0-b42/javax.inject-2.5.0-b42.jar:/home/user/.m2/repository/org/glassfish/jersey/core/jersey-common/2.27/jersey-common-2.27.jar:/home/user/.m2/repository/org/glassfish/hk2/osgi-resource-locator/1.0.1/osgi-resource-locator-1.0.1.jar:/home/user/.m2/repository/javax/ws/rs/javax.ws.rs-api/2.1/javax.ws.rs-api-2.1.jar:/home/user/.m2/repository/org/glassfish/jersey/ext/cdi/jersey-cdi1x/2.27/jersey-cdi1x-2.27.jar:/home/user/.m2/repository/org/glassfish/jersey/inject/jersey-hk2/2.27/jersey-hk2-2.27.jar:/home/user/.m2/repository/org/glassfish/hk2/hk2-locator/2.5.0-b42/hk2-locator-2.5.0-b42.jar:/home/user/.m2/repository/org/javassist/javassist/3.22.0-CR2/javassist-3.22.0-CR2.jar:/home/user/.m2/repository/org/glassfish/hk2/hk2-api/2.5.0/hk2-api-2.5.0.jar:/home/user/.m2/repository/org/glassfish/hk2/external/jakarta.inject/2.5.0/jakarta.inject-2.5.0.jar:/home/user/.m2/repository/org/glassfish/hk2/hk2-utils/2.5.0/hk2-utils-2.5.0.jar:/home/user/.m2/repository/jakarta/annotation/jakarta.annotation-api/1.3.4/jakarta.annotation-api-1.3.4.jar:/home/user/.m2/repository/org/glassfish/hk2/external/aopalliance-repackaged/2.5.0/aopalliance-repackaged-2.5.0.jar:/home/user/.m2/repository/com/fasterxml/jackson/dataformat/jackson-dataformat-xml/2.9.0/jackson-dataformat-xml-2.9.0.jar:/home/user/.m2/repository/com/fasterxml/jackson/module/jackson-module-jaxb-annotations/2.9.5/jackson-module-jaxb-annotations-2.9.5.jar:/home/user/.m2/repository/javax/enterprise/cdi-api/1.2/cdi-api-1.2.jar:/home/user/.m2/repository/javax/el/javax.el-api/3.0.0/javax.el-api-3.0.0.jar:/home/user/.m2/repository/javax/interceptor/javax.interceptor-api/1.2/javax.interceptor-api-1.2.jar:/home/user/.m2/repository/javax/inject/javax.inject/1/javax.inject-1.jar:/opt/src/hadoop-ozone/csi/target/classes:/home/user/.m2/repository/com/google/protobuf/protobuf-java-util/3.5.1/protobuf-java-util-3.5.1.jar:/home/user/.m2/repository/io/grpc/grpc-netty/1.17.1/grpc-netty-1.17.1.jar:/home/user/.m2/repository/io/grpc/grpc-core/1.17.1/grpc-core-1.17.1.jar:/home/user/.m2/repository/io/grpc/grpc-context/1.17.1/grpc-context-1.17.1.jar:/home/user/.m2/repository/com/google/errorprone/error_prone_annotations/2.2.0/error_prone_annotations-2.2.0.jar:/home/user/.m2/repository/org/codehaus/mojo/animal-sniffer-annotations/1.17/animal-sniffer-annotations-1.17.jar:/home/user/.m2/repository/io/opencensus/opencensus-api/0.17.0/opencensus-api-0.17.0.jar:/home/user/.m2/repository/io/opencensus/opencensus-contrib-grpc-metrics/0.17.0/opencensus-contrib-grpc-metrics-0.17.0.jar:/home/user/.m2/repository/io/netty/netty-codec-http2/4.1.30.Final/netty-codec-http2-4.1.30.Final.jar:/home/user/.m2/repository/io/netty/netty-codec-http/4.1.30.Final/netty-codec-http-4.1.30.Final.jar:/home/user/.m2/repository/io/netty/netty-codec/4.1.30.Final/netty-codec-4.1.30.Final.jar:/home/user/.m2/repository/io/netty/netty-handler/4.1.30.Final/netty-handler-4.1.30.Final.jar:/home/user/.m2/repository/io/netty/netty-handler-proxy/4.1.30.Final/netty-handler-proxy-4.1.30.Final.jar:/home/user/.m2/repository/io/netty/netty-codec-socks/4.1.30.Final/netty-codec-socks-4.1.30.Final.jar:/home/user/.m2/repository/io/netty/netty-transport-native-epoll/4.1.30.Final/netty-transport-native-epoll-4.1.30.Final.jar:/home/user/.m2/repository/io/netty/netty-common/4.1.30.Final/netty-common-4.1.30.Final.jar:/home/user/.m2/repository/io/netty/netty-buffer/4.1.30.Final/netty-buffer-4.1.30.Final.jar:/home/user/.m2/repository/io/netty/netty-transport/4.1.30.Final/netty-transport-4.1.30.Final.jar:/home/user/.m2/repository/io/netty/netty-resolver/4.1.30.Final/netty-resolver-4.1.30.Final.jar:/home/user/.m2/repository/io/netty/netty-transport-native-unix-common/4.1.30.Final/netty-transport-native-unix-common-4.1.30.Final.jar:/home/user/.m2/repository/io/grpc/grpc-protobuf/1.17.1/grpc-protobuf-1.17.1.jar:/home/user/.m2/repository/com/google/api/grpc/proto-google-common-protos/1.0.0/proto-google-common-protos-1.0.0.jar:/home/user/.m2/repository/io/grpc/grpc-protobuf-lite/1.17.1/grpc-protobuf-lite-1.17.1.jar:/home/user/.m2/repository/io/grpc/grpc-stub/1.17.1/grpc-stub-1.17.1.jar:/opt/src/hadoop-ozone/ozone-recon/target/classes:/opt/src/hadoop-ozone/ozone-recon-codegen/target/classes:/home/user/.m2/repository/com/google/inject/extensions/guice-multibindings/4.0/guice-multibindings-4.0.jar:/home/user/.m2/repository/com/google/inject/guice/4.0/guice-4.0.jar:/home/user/.m2/repository/aopalliance/aopalliance/1.0/aopalliance-1.0.jar:/home/user/.m2/repository/com/google/inject/extensions/guice-servlet/4.0/guice-servlet-4.0.jar:/home/user/.m2/repository/org/glassfish/jersey/containers/jersey-container-servlet/2.27/jersey-container-servlet-2.27.jar:/home/user/.m2/repository/org/glassfish/hk2/guice-bridge/2.5.0/guice-bridge-2.5.0.jar:/home/user/.m2/repository/org/glassfish/jersey/core/jersey-server/2.27/jersey-server-2.27.jar:/home/user/.m2/repository/org/glassfish/jersey/core/jersey-client/2.27/jersey-client-2.27.jar:/home/user/.m2/repository/org/glassfish/jersey/media/jersey-media-jaxb/2.27/jersey-media-jaxb-2.27.jar:/home/user/.m2/repository/javax/validation/validation-api/1.1.0.Final/validation-api-1.1.0.Final.jar:/home/user/.m2/repository/org/glassfish/jersey/media/jersey-media-json-jackson/2.27/jersey-media-json-jackson-2.27.jar:/home/user/.m2/repository/org/glassfish/jersey/ext/jersey-entity-filtering/2.27/jersey-entity-filtering-2.27.jar:/home/user/.m2/repository/com/google/inject/extensions/guice-assistedinject/4.0/guice-assistedinject-4.0.jar:/home/user/.m2/repository/org/jooq/jooq/3.11.10/jooq-3.11.10.jar:/home/user/.m2/repository/org/jooq/jooq-meta/3.11.10/jooq-meta-3.11.10.jar:/home/user/.m2/repository/org/jooq/jooq-codegen/3.11.10/jooq-codegen-3.11.10.jar:/home/user/.m2/repository/com/jolbox/bonecp/0.8.0.RELEASE/bonecp-0.8.0.RELEASE.jar:/home/user/.m2/repository/org/springframework/spring-jdbc/5.1.3.RELEASE/spring-jdbc-5.1.3.RELEASE.jar:/home/user/.m2/repository/org/springframework/spring-beans/5.1.3.RELEASE/spring-beans-5.1.3.RELEASE.jar:/home/user/.m2/repository/org/springframework/spring-core/5.1.3.RELEASE/spring-core-5.1.3.RELEASE.jar:/home/user/.m2/repository/org/springframework/spring-jcl/5.1.3.RELEASE/spring-jcl-5.1.3.RELEASE.jar:/home/user/.m2/repository/org/springframework/spring-tx/5.1.3.RELEASE/spring-tx-5.1.3.RELEASE.jar:/home/user/.m2/repository/org/mockito/mockito-core/2.15.0/mockito-core-2.15.0.jar:/home/user/.m2/repository/net/bytebuddy/byte-buddy/1.7.9/byte-buddy-1.7.9.jar:/home/user/.m2/repository/net/bytebuddy/byte-buddy-agent/1.7.9/byte-buddy-agent-1.7.9.jar:/home/user/.m2/repository/org/objenesis/objenesis/1.0/objenesis-1.0.jar:"/>
    <property name="java.vm.vendor" value="IcedTea"/>
    <property name="sun.arch.data.model" value="64"/>
    <property name="test.build.dir" value="/opt/src/hadoop-ozone/tools/target/test-dir"/>
    <property name="test.cache.data" value=""/>
    <property name="java.vendor.url" value="https://icedtea.classpath.org"/>
    <property name="user.timezone" value=""/>
    <property name="java.vm.specification.version" value="1.8"/>
    <property name="os.name" value="Linux"/>
    <property name="test.build.data" value="/opt/src/hadoop-ozone/tools/target/test-dir"/>
    <property name="user.country" value="US"/>
    <property name="sun.java.launcher" value="SUN_STANDARD"/>
    <property name="sun.boot.library.path" value="/usr/lib/jvm/java-1.8-openjdk/jre/lib/amd64"/>
    <property name="sun.java.command" value="/opt/src/hadoop-ozone/tools/target/surefire/surefirebooter8432370275869745489.jar /opt/src/hadoop-ozone/tools/target/surefire 2019-06-17T22-45-42_022-jvmRun1 surefire7992293129040134081tmp surefire_897213559508394143545tmp"/>
    <property name="surefire.test.class.path" value="/opt/src/hadoop-ozone/tools/target/test-classes:/opt/src/hadoop-ozone/tools/target/classes:/opt/src/hadoop-ozone/ozone-manager/target/classes:/opt/src/hadoop-hdds/docs/target/classes:/home/user/.m2/repository/org/bouncycastle/bcprov-jdk15on/1.60/bcprov-jdk15on-1.60.jar:/opt/src/hadoop-ozone/common/target/classes:/home/user/.m2/repository/org/apache/commons/commons-compress/1.4.1/commons-compress-1.4.1.jar:/home/user/.m2/repository/org/tukaani/xz/1.0/xz-1.0.jar:/home/user/.m2/repository/org/apache/hadoop/hadoop-hdfs-client/3.2.0/hadoop-hdfs-client-3.2.0.jar:/home/user/.m2/repository/com/fasterxml/jackson/core/jackson-annotations/2.9.5/jackson-annotations-2.9.5.jar:/opt/src/hadoop-hdds/common/target/classes:/opt/src/hadoop-hdds/config/target/classes:/home/user/.m2/repository/javax/annotation/javax.annotation-api/1.2/javax.annotation-api-1.2.jar:/home/user/.m2/repository/org/apache/ratis/ratis-server/0.4.0-fe2b15d-SNAPSHOT/ratis-server-0.4.0-fe2b15d-SNAPSHOT.jar:/home/user/.m2/repository/org/apache/ratis/ratis-thirdparty-misc/0.2.0/ratis-thirdparty-misc-0.2.0.jar:/home/user/.m2/repository/org/apache/ratis/ratis-proto/0.4.0-fe2b15d-SNAPSHOT/ratis-proto-0.4.0-fe2b15d-SNAPSHOT.jar:/home/user/.m2/repository/org/apache/ratis/ratis-common/0.4.0-fe2b15d-SNAPSHOT/ratis-common-0.4.0-fe2b15d-SNAPSHOT.jar:/home/user/.m2/repository/org/apache/ratis/ratis-client/0.4.0-fe2b15d-SNAPSHOT/ratis-client-0.4.0-fe2b15d-SNAPSHOT.jar:/home/user/.m2/repository/org/apache/ratis/ratis-netty/0.4.0-fe2b15d-SNAPSHOT/ratis-netty-0.4.0-fe2b15d-SNAPSHOT.jar:/home/user/.m2/repository/org/apache/ratis/ratis-grpc/0.4.0-fe2b15d-SNAPSHOT/ratis-grpc-0.4.0-fe2b15d-SNAPSHOT.jar:/home/user/.m2/repository/org/rocksdb/rocksdbjni/5.14.2/rocksdbjni-5.14.2.jar:/home/user/.m2/repository/org/apache/logging/log4j/log4j-api/2.11.0/log4j-api-2.11.0.jar:/home/user/.m2/repository/org/apache/logging/log4j/log4j-core/2.11.0/log4j-core-2.11.0.jar:/home/user/.m2/repository/com/lmax/disruptor/3.4.2/disruptor-3.4.2.jar:/home/user/.m2/repository/org/apache/commons/commons-pool2/2.6.0/commons-pool2-2.6.0.jar:/home/user/.m2/repository/org/bouncycastle/bcpkix-jdk15on/1.60/bcpkix-jdk15on-1.60.jar:/home/user/.m2/repository/commons-validator/commons-validator/1.6/commons-validator-1.6.jar:/home/user/.m2/repository/commons-digester/commons-digester/1.8.1/commons-digester-1.8.1.jar:/home/user/.m2/repository/io/jaegertracing/jaeger-client/0.33.1/jaeger-client-0.33.1.jar:/home/user/.m2/repository/io/jaegertracing/jaeger-thrift/0.33.1/jaeger-thrift-0.33.1.jar:/home/user/.m2/repository/org/apache/thrift/libthrift/0.11.0/libthrift-0.11.0.jar:/home/user/.m2/repository/com/squareup/okhttp3/okhttp/3.9.0/okhttp-3.9.0.jar:/home/user/.m2/repository/com/squareup/okio/okio/1.13.0/okio-1.13.0.jar:/home/user/.m2/repository/io/jaegertracing/jaeger-core/0.33.1/jaeger-core-0.33.1.jar:/home/user/.m2/repository/io/jaegertracing/jaeger-tracerresolver/0.33.1/jaeger-tracerresolver-0.33.1.jar:/home/user/.m2/repository/io/opentracing/contrib/opentracing-tracerresolver/0.1.5/opentracing-tracerresolver-0.1.5.jar:/home/user/.m2/repository/io/opentracing/opentracing-util/0.31.0/opentracing-util-0.31.0.jar:/home/user/.m2/repository/io/opentracing/opentracing-api/0.31.0/opentracing-api-0.31.0.jar:/home/user/.m2/repository/io/opentracing/opentracing-noop/0.31.0/opentracing-noop-0.31.0.jar:/home/user/.m2/repository/org/yaml/snakeyaml/1.16/snakeyaml-1.16.jar:/opt/src/hadoop-hdds/server-scm/target/classes:/home/user/.m2/repository/org/hamcrest/hamcrest-all/1.3/hamcrest-all-1.3.jar:/opt/src/hadoop-hdds/container-service/target/classes:/opt/src/hadoop-hdds/client/target/classes:/opt/src/hadoop-hdds/tools/target/classes:/home/user/.m2/repository/org/xerial/sqlite-jdbc/3.25.2/sqlite-jdbc-3.25.2.jar:/opt/src/hadoop-ozone/client/target/classes:/home/user/.m2/repository/org/apache/hadoop/hadoop-ozone-filesystem/0.5.0-SNAPSHOT/hadoop-ozone-filesystem-0.5.0-SNAPSHOT.jar:/opt/src/hadoop-hdds/framework/target/classes:/home/user/.m2/repository/info/picocli/picocli/3.9.6/picocli-3.9.6.jar:/home/user/.m2/repository/com/google/protobuf/protobuf-java/2.5.0/protobuf-java-2.5.0.jar:/home/user/.m2/repository/com/google/guava/guava/11.0.2/guava-11.0.2.jar:/home/user/.m2/repository/org/apache/hadoop/hadoop-common/3.2.0/hadoop-common-3.2.0.jar:/home/user/.m2/repository/org/apache/hadoop/hadoop-annotations/3.2.0/hadoop-annotations-3.2.0.jar:/usr/lib/jvm/java-1.8-openjdk/jre/../lib/tools.jar:/home/user/.m2/repository/commons-cli/commons-cli/1.2/commons-cli-1.2.jar:/home/user/.m2/repository/org/apache/commons/commons-math3/3.1.1/commons-math3-3.1.1.jar:/home/user/.m2/repository/org/apache/httpcomponents/httpclient/4.5.2/httpclient-4.5.2.jar:/home/user/.m2/repository/org/apache/httpcomponents/httpcore/4.4.4/httpcore-4.4.4.jar:/home/user/.m2/repository/commons-codec/commons-codec/1.11/commons-codec-1.11.jar:/home/user/.m2/repository/commons-io/commons-io/2.5/commons-io-2.5.jar:/home/user/.m2/repository/commons-net/commons-net/3.6/commons-net-3.6.jar:/home/user/.m2/repository/commons-collections/commons-collections/3.2.2/commons-collections-3.2.2.jar:/home/user/.m2/repository/javax/servlet/javax.servlet-api/3.1.0/javax.servlet-api-3.1.0.jar:/home/user/.m2/repository/org/eclipse/jetty/jetty-server/9.3.24.v20180605/jetty-server-9.3.24.v20180605.jar:/home/user/.m2/repository/org/eclipse/jetty/jetty-http/9.3.24.v20180605/jetty-http-9.3.24.v20180605.jar:/home/user/.m2/repository/org/eclipse/jetty/jetty-io/9.3.24.v20180605/jetty-io-9.3.24.v20180605.jar:/home/user/.m2/repository/org/eclipse/jetty/jetty-util/9.3.24.v20180605/jetty-util-9.3.24.v20180605.jar:/home/user/.m2/repository/org/eclipse/jetty/jetty-servlet/9.3.24.v20180605/jetty-servlet-9.3.24.v20180605.jar:/home/user/.m2/repository/org/eclipse/jetty/jetty-security/9.3.24.v20180605/jetty-security-9.3.24.v20180605.jar:/home/user/.m2/repository/org/eclipse/jetty/jetty-webapp/9.3.24.v20180605/jetty-webapp-9.3.24.v20180605.jar:/home/user/.m2/repository/org/eclipse/jetty/jetty-xml/9.3.24.v20180605/jetty-xml-9.3.24.v20180605.jar:/home/user/.m2/repository/javax/servlet/jsp/jsp-api/2.1/jsp-api-2.1.jar:/home/user/.m2/repository/com/sun/jersey/jersey-core/1.19/jersey-core-1.19.jar:/home/user/.m2/repository/javax/ws/rs/jsr311-api/1.1.1/jsr311-api-1.1.1.jar:/home/user/.m2/repository/com/sun/jersey/jersey-servlet/1.19/jersey-servlet-1.19.jar:/home/user/.m2/repository/com/sun/jersey/jersey-json/1.19/jersey-json-1.19.jar:/home/user/.m2/repository/org/codehaus/jettison/jettison/1.1/jettison-1.1.jar:/home/user/.m2/repository/com/sun/xml/bind/jaxb-impl/2.3.0.1/jaxb-impl-2.3.0.1.jar:/home/user/.m2/repository/org/codehaus/jackson/jackson-core-asl/1.9.13/jackson-core-asl-1.9.13.jar:/home/user/.m2/repository/org/codehaus/jackson/jackson-mapper-asl/1.9.13/jackson-mapper-asl-1.9.13.jar:/home/user/.m2/repository/org/codehaus/jackson/jackson-jaxrs/1.9.13/jackson-jaxrs-1.9.13.jar:/home/user/.m2/repository/org/codehaus/jackson/jackson-xc/1.9.13/jackson-xc-1.9.13.jar:/home/user/.m2/repository/com/sun/jersey/jersey-server/1.19/jersey-server-1.19.jar:/home/user/.m2/repository/commons-logging/commons-logging/1.1.3/commons-logging-1.1.3.jar:/home/user/.m2/repository/log4j/log4j/1.2.17/log4j-1.2.17.jar:/home/user/.m2/repository/commons-beanutils/commons-beanutils/1.9.3/commons-beanutils-1.9.3.jar:/home/user/.m2/repository/org/apache/commons/commons-configuration2/2.1.1/commons-configuration2-2.1.1.jar:/home/user/.m2/repository/org/apache/commons/commons-lang3/3.7/commons-lang3-3.7.jar:/home/user/.m2/repository/org/apache/commons/commons-text/1.4/commons-text-1.4.jar:/home/user/.m2/repository/org/slf4j/slf4j-api/1.7.25/slf4j-api-1.7.25.jar:/home/user/.m2/repository/org/slf4j/slf4j-log4j12/1.7.25/slf4j-log4j12-1.7.25.jar:/home/user/.m2/repository/org/apache/avro/avro/1.7.7/avro-1.7.7.jar:/home/user/.m2/repository/com/thoughtworks/paranamer/paranamer/2.3/paranamer-2.3.jar:/home/user/.m2/repository/org/xerial/snappy/snappy-java/1.0.5/snappy-java-1.0.5.jar:/home/user/.m2/repository/com/google/re2j/re2j/1.1/re2j-1.1.jar:/home/user/.m2/repository/com/google/code/gson/gson/2.2.4/gson-2.2.4.jar:/home/user/.m2/repository/org/apache/hadoop/hadoop-auth/3.2.0/hadoop-auth-3.2.0.jar:/home/user/.m2/repository/com/nimbusds/nimbus-jose-jwt/4.41.1/nimbus-jose-jwt-4.41.1.jar:/home/user/.m2/repository/com/github/stephenc/jcip/jcip-annotations/1.0-1/jcip-annotations-1.0-1.jar:/home/user/.m2/repository/net/minidev/json-smart/2.3/json-smart-2.3.jar:/home/user/.m2/repository/net/minidev/accessors-smart/1.2/accessors-smart-1.2.jar:/home/user/.m2/repository/org/apache/curator/curator-framework/2.12.0/curator-framework-2.12.0.jar:/home/user/.m2/repository/com/jcraft/jsch/0.1.54/jsch-0.1.54.jar:/home/user/.m2/repository/org/apache/curator/curator-client/2.12.0/curator-client-2.12.0.jar:/home/user/.m2/repository/org/apache/curator/curator-recipes/2.12.0/curator-recipes-2.12.0.jar:/home/user/.m2/repository/com/google/code/findbugs/jsr305/3.0.0/jsr305-3.0.0.jar:/home/user/.m2/repository/org/apache/htrace/htrace-core4/4.1.0-incubating/htrace-core4-4.1.0-incubating.jar:/home/user/.m2/repository/org/apache/zookeeper/zookeeper/3.4.13/zookeeper-3.4.13.jar:/home/user/.m2/repository/org/apache/yetus/audience-annotations/0.5.0/audience-annotations-0.5.0.jar:/home/user/.m2/repository/org/apache/kerby/kerb-simplekdc/1.0.1/kerb-simplekdc-1.0.1.jar:/home/user/.m2/repository/org/apache/kerby/kerb-client/1.0.1/kerb-client-1.0.1.jar:/home/user/.m2/repository/org/apache/kerby/kerby-config/1.0.1/kerby-config-1.0.1.jar:/home/user/.m2/repository/org/apache/kerby/kerb-core/1.0.1/kerb-core-1.0.1.jar:/home/user/.m2/repository/org/apache/kerby/kerby-pkix/1.0.1/kerby-pkix-1.0.1.jar:/home/user/.m2/repository/org/apache/kerby/kerby-asn1/1.0.1/kerby-asn1-1.0.1.jar:/home/user/.m2/repository/org/apache/kerby/kerby-util/1.0.1/kerby-util-1.0.1.jar:/home/user/.m2/repository/org/apache/kerby/kerb-common/1.0.1/kerb-common-1.0.1.jar:/home/user/.m2/repository/org/apache/kerby/kerb-crypto/1.0.1/kerb-crypto-1.0.1.jar:/home/user/.m2/repository/org/apache/kerby/kerb-util/1.0.1/kerb-util-1.0.1.jar:/home/user/.m2/repository/org/apache/kerby/token-provider/1.0.1/token-provider-1.0.1.jar:/home/user/.m2/repository/org/apache/kerby/kerb-admin/1.0.1/kerb-admin-1.0.1.jar:/home/user/.m2/repository/org/apache/kerby/kerb-server/1.0.1/kerb-server-1.0.1.jar:/home/user/.m2/repository/org/apache/kerby/kerb-identity/1.0.1/kerb-identity-1.0.1.jar:/home/user/.m2/repository/org/apache/kerby/kerby-xdr/1.0.1/kerby-xdr-1.0.1.jar:/home/user/.m2/repository/com/fasterxml/jackson/core/jackson-databind/2.9.5/jackson-databind-2.9.5.jar:/home/user/.m2/repository/com/fasterxml/jackson/core/jackson-core/2.9.5/jackson-core-2.9.5.jar:/home/user/.m2/repository/org/codehaus/woodstox/stax2-api/3.1.4/stax2-api-3.1.4.jar:/home/user/.m2/repository/com/fasterxml/woodstox/woodstox-core/5.0.3/woodstox-core-5.0.3.jar:/home/user/.m2/repository/dnsjava/dnsjava/2.1.7/dnsjava-2.1.7.jar:/home/user/.m2/repository/org/apache/hadoop/hadoop-hdfs/3.2.0/hadoop-hdfs-3.2.0.jar:/home/user/.m2/repository/org/eclipse/jetty/jetty-util-ajax/9.3.24.v20180605/jetty-util-ajax-9.3.24.v20180605.jar:/home/user/.m2/repository/commons-daemon/commons-daemon/1.0.13/commons-daemon-1.0.13.jar:/home/user/.m2/repository/io/netty/netty/3.10.5.Final/netty-3.10.5.Final.jar:/home/user/.m2/repository/io/netty/netty-all/4.0.52.Final/netty-all-4.0.52.Final.jar:/home/user/.m2/repository/org/fusesource/leveldbjni/leveldbjni-all/1.8/leveldbjni-all-1.8.jar:/home/user/.m2/repository/com/sun/xml/bind/jaxb-core/2.3.0.1/jaxb-core-2.3.0.1.jar:/home/user/.m2/repository/javax/xml/bind/jaxb-api/2.3.0/jaxb-api-2.3.0.jar:/home/user/.m2/repository/javax/activation/activation/1.1.1/activation-1.1.1.jar:/home/user/.m2/repository/io/dropwizard/metrics/metrics-core/3.2.4/metrics-core-3.2.4.jar:/home/user/.m2/repository/org/openjdk/jmh/jmh-core/1.19/jmh-core-1.19.jar:/home/user/.m2/repository/net/sf/jopt-simple/jopt-simple/4.6/jopt-simple-4.6.jar:/home/user/.m2/repository/org/openjdk/jmh/jmh-generator-annprocess/1.19/jmh-generator-annprocess-1.19.jar:/home/user/.m2/repository/com/google/code/findbugs/findbugs/3.0.1/findbugs-3.0.1.jar:/home/user/.m2/repository/net/jcip/jcip-annotations/1.0/jcip-annotations-1.0.jar:/home/user/.m2/repository/com/google/code/findbugs/bcel-findbugs/6.0/bcel-findbugs-6.0.jar:/home/user/.m2/repository/com/google/code/findbugs/jFormatString/2.0.1/jFormatString-2.0.1.jar:/home/user/.m2/repository/dom4j/dom4j/1.6.1/dom4j-1.6.1.jar:/home/user/.m2/repository/xml-apis/xml-apis/1.0.b2/xml-apis-1.0.b2.jar:/home/user/.m2/repository/org/ow2/asm/asm-debug-all/5.0.2/asm-debug-all-5.0.2.jar:/home/user/.m2/repository/org/ow2/asm/asm-commons/5.0.2/asm-commons-5.0.2.jar:/home/user/.m2/repository/org/ow2/asm/asm-tree/5.0.2/asm-tree-5.0.2.jar:/home/user/.m2/repository/org/ow2/asm/asm/5.0.4/asm-5.0.4.jar:/home/user/.m2/repository/commons-lang/commons-lang/2.6/commons-lang-2.6.jar:/home/user/.m2/repository/com/apple/AppleJavaExtensions/1.4/AppleJavaExtensions-1.4.jar:/home/user/.m2/repository/jaxen/jaxen/1.1.6/jaxen-1.1.6.jar:/home/user/.m2/repository/junit/junit/4.11/junit-4.11.jar:/home/user/.m2/repository/org/hamcrest/hamcrest-core/1.3/hamcrest-core-1.3.jar:/home/user/.m2/repository/org/apache/hadoop/hadoop-common/3.2.0/hadoop-common-3.2.0-tests.jar:/home/user/.m2/repository/org/apache/hadoop/hadoop-ozone-integration-test/0.5.0-SNAPSHOT/hadoop-ozone-integration-test-0.5.0-SNAPSHOT-tests.jar:/opt/src/hadoop-ozone/objectstore-service/target/classes:/opt/src/hadoop-ozone/s3gateway/target/classes:/home/user/.m2/repository/org/jboss/weld/servlet/weld-servlet/2.4.7.Final/weld-servlet-2.4.7.Final.jar:/home/user/.m2/repository/org/glassfish/jersey/containers/jersey-container-servlet-core/2.27/jersey-container-servlet-core-2.27.jar:/home/user/.m2/repository/org/glassfish/hk2/external/javax.inject/2.5.0-b42/javax.inject-2.5.0-b42.jar:/home/user/.m2/repository/org/glassfish/jersey/core/jersey-common/2.27/jersey-common-2.27.jar:/home/user/.m2/repository/org/glassfish/hk2/osgi-resource-locator/1.0.1/osgi-resource-locator-1.0.1.jar:/home/user/.m2/repository/javax/ws/rs/javax.ws.rs-api/2.1/javax.ws.rs-api-2.1.jar:/home/user/.m2/repository/org/glassfish/jersey/ext/cdi/jersey-cdi1x/2.27/jersey-cdi1x-2.27.jar:/home/user/.m2/repository/org/glassfish/jersey/inject/jersey-hk2/2.27/jersey-hk2-2.27.jar:/home/user/.m2/repository/org/glassfish/hk2/hk2-locator/2.5.0-b42/hk2-locator-2.5.0-b42.jar:/home/user/.m2/repository/org/javassist/javassist/3.22.0-CR2/javassist-3.22.0-CR2.jar:/home/user/.m2/repository/org/glassfish/hk2/hk2-api/2.5.0/hk2-api-2.5.0.jar:/home/user/.m2/repository/org/glassfish/hk2/external/jakarta.inject/2.5.0/jakarta.inject-2.5.0.jar:/home/user/.m2/repository/org/glassfish/hk2/hk2-utils/2.5.0/hk2-utils-2.5.0.jar:/home/user/.m2/repository/jakarta/annotation/jakarta.annotation-api/1.3.4/jakarta.annotation-api-1.3.4.jar:/home/user/.m2/repository/org/glassfish/hk2/external/aopalliance-repackaged/2.5.0/aopalliance-repackaged-2.5.0.jar:/home/user/.m2/repository/com/fasterxml/jackson/dataformat/jackson-dataformat-xml/2.9.0/jackson-dataformat-xml-2.9.0.jar:/home/user/.m2/repository/com/fasterxml/jackson/module/jackson-module-jaxb-annotations/2.9.5/jackson-module-jaxb-annotations-2.9.5.jar:/home/user/.m2/repository/javax/enterprise/cdi-api/1.2/cdi-api-1.2.jar:/home/user/.m2/repository/javax/el/javax.el-api/3.0.0/javax.el-api-3.0.0.jar:/home/user/.m2/repository/javax/interceptor/javax.interceptor-api/1.2/javax.interceptor-api-1.2.jar:/home/user/.m2/repository/javax/inject/javax.inject/1/javax.inject-1.jar:/opt/src/hadoop-ozone/csi/target/classes:/home/user/.m2/repository/com/google/protobuf/protobuf-java-util/3.5.1/protobuf-java-util-3.5.1.jar:/home/user/.m2/repository/io/grpc/grpc-netty/1.17.1/grpc-netty-1.17.1.jar:/home/user/.m2/repository/io/grpc/grpc-core/1.17.1/grpc-core-1.17.1.jar:/home/user/.m2/repository/io/grpc/grpc-context/1.17.1/grpc-context-1.17.1.jar:/home/user/.m2/repository/com/google/errorprone/error_prone_annotations/2.2.0/error_prone_annotations-2.2.0.jar:/home/user/.m2/repository/org/codehaus/mojo/animal-sniffer-annotations/1.17/animal-sniffer-annotations-1.17.jar:/home/user/.m2/repository/io/opencensus/opencensus-api/0.17.0/opencensus-api-0.17.0.jar:/home/user/.m2/repository/io/opencensus/opencensus-contrib-grpc-metrics/0.17.0/opencensus-contrib-grpc-metrics-0.17.0.jar:/home/user/.m2/repository/io/netty/netty-codec-http2/4.1.30.Final/netty-codec-http2-4.1.30.Final.jar:/home/user/.m2/repository/io/netty/netty-codec-http/4.1.30.Final/netty-codec-http-4.1.30.Final.jar:/home/user/.m2/repository/io/netty/netty-codec/4.1.30.Final/netty-codec-4.1.30.Final.jar:/home/user/.m2/repository/io/netty/netty-handler/4.1.30.Final/netty-handler-4.1.30.Final.jar:/home/user/.m2/repository/io/netty/netty-handler-proxy/4.1.30.Final/netty-handler-proxy-4.1.30.Final.jar:/home/user/.m2/repository/io/netty/netty-codec-socks/4.1.30.Final/netty-codec-socks-4.1.30.Final.jar:/home/user/.m2/repository/io/netty/netty-transport-native-epoll/4.1.30.Final/netty-transport-native-epoll-4.1.30.Final.jar:/home/user/.m2/repository/io/netty/netty-common/4.1.30.Final/netty-common-4.1.30.Final.jar:/home/user/.m2/repository/io/netty/netty-buffer/4.1.30.Final/netty-buffer-4.1.30.Final.jar:/home/user/.m2/repository/io/netty/netty-transport/4.1.30.Final/netty-transport-4.1.30.Final.jar:/home/user/.m2/repository/io/netty/netty-resolver/4.1.30.Final/netty-resolver-4.1.30.Final.jar:/home/user/.m2/repository/io/netty/netty-transport-native-unix-common/4.1.30.Final/netty-transport-native-unix-common-4.1.30.Final.jar:/home/user/.m2/repository/io/grpc/grpc-protobuf/1.17.1/grpc-protobuf-1.17.1.jar:/home/user/.m2/repository/com/google/api/grpc/proto-google-common-protos/1.0.0/proto-google-common-protos-1.0.0.jar:/home/user/.m2/repository/io/grpc/grpc-protobuf-lite/1.17.1/grpc-protobuf-lite-1.17.1.jar:/home/user/.m2/repository/io/grpc/grpc-stub/1.17.1/grpc-stub-1.17.1.jar:/opt/src/hadoop-ozone/ozone-recon/target/classes:/opt/src/hadoop-ozone/ozone-recon-codegen/target/classes:/home/user/.m2/repository/com/google/inject/extensions/guice-multibindings/4.0/guice-multibindings-4.0.jar:/home/user/.m2/repository/com/google/inject/guice/4.0/guice-4.0.jar:/home/user/.m2/repository/aopalliance/aopalliance/1.0/aopalliance-1.0.jar:/home/user/.m2/repository/com/google/inject/extensions/guice-servlet/4.0/guice-servlet-4.0.jar:/home/user/.m2/repository/org/glassfish/jersey/containers/jersey-container-servlet/2.27/jersey-container-servlet-2.27.jar:/home/user/.m2/repository/org/glassfish/hk2/guice-bridge/2.5.0/guice-bridge-2.5.0.jar:/home/user/.m2/repository/org/glassfish/jersey/core/jersey-server/2.27/jersey-server-2.27.jar:/home/user/.m2/repository/org/glassfish/jersey/core/jersey-client/2.27/jersey-client-2.27.jar:/home/user/.m2/repository/org/glassfish/jersey/media/jersey-media-jaxb/2.27/jersey-media-jaxb-2.27.jar:/home/user/.m2/repository/javax/validation/validation-api/1.1.0.Final/validation-api-1.1.0.Final.jar:/home/user/.m2/repository/org/glassfish/jersey/media/jersey-media-json-jackson/2.27/jersey-media-json-jackson-2.27.jar:/home/user/.m2/repository/org/glassfish/jersey/ext/jersey-entity-filtering/2.27/jersey-entity-filtering-2.27.jar:/home/user/.m2/repository/com/google/inject/extensions/guice-assistedinject/4.0/guice-assistedinject-4.0.jar:/home/user/.m2/repository/org/jooq/jooq/3.11.10/jooq-3.11.10.jar:/home/user/.m2/repository/org/jooq/jooq-meta/3.11.10/jooq-meta-3.11.10.jar:/home/user/.m2/repository/org/jooq/jooq-codegen/3.11.10/jooq-codegen-3.11.10.jar:/home/user/.m2/repository/com/jolbox/bonecp/0.8.0.RELEASE/bonecp-0.8.0.RELEASE.jar:/home/user/.m2/repository/org/springframework/spring-jdbc/5.1.3.RELEASE/spring-jdbc-5.1.3.RELEASE.jar:/home/user/.m2/repository/org/springframework/spring-beans/5.1.3.RELEASE/spring-beans-5.1.3.RELEASE.jar:/home/user/.m2/repository/org/springframework/spring-core/5.1.3.RELEASE/spring-core-5.1.3.RELEASE.jar:/home/user/.m2/repository/org/springframework/spring-jcl/5.1.3.RELEASE/spring-jcl-5.1.3.RELEASE.jar:/home/user/.m2/repository/org/springframework/spring-tx/5.1.3.RELEASE/spring-tx-5.1.3.RELEASE.jar:/home/user/.m2/repository/org/mockito/mockito-core/2.15.0/mockito-core-2.15.0.jar:/home/user/.m2/repository/net/bytebuddy/byte-buddy/1.7.9/byte-buddy-1.7.9.jar:/home/user/.m2/repository/net/bytebuddy/byte-buddy-agent/1.7.9/byte-buddy-agent-1.7.9.jar:/home/user/.m2/repository/org/objenesis/objenesis/1.0/objenesis-1.0.jar:"/>
    <property name="sun.cpu.endian" value="little"/>
    <property name="user.home" value="/home/user"/>
    <property name="user.language" value="en"/>
    <property name="java.specification.vendor" value="Oracle Corporation"/>
    <property name="java.home" value="/usr/lib/jvm/java-1.8-openjdk/jre"/>
    <property name="java.security.krb5.conf" value="/opt/src/hadoop-ozone/tools/target/test-classes/krb5.conf"/>
    <property name="basedir" value="/opt/src/hadoop-ozone/tools"/>
    <property name="file.separator" value="/"/>
    <property name="line.separator" value="&#10;"/>
    <property name="java.vm.specification.vendor" value="Oracle Corporation"/>
    <property name="java.specification.name" value="Java Platform API Specification"/>
    <property name="java.awt.graphicsenv" value="sun.awt.X11GraphicsEnvironment"/>
    <property name="surefire.real.class.path" value="/opt/src/hadoop-ozone/tools/target/surefire/surefirebooter8432370275869745489.jar"/>
    <property name="hadoop.log.dir" value="/opt/src/hadoop-ozone/tools/target/log"/>
    <property name="sun.boot.class.path" value="/usr/lib/jvm/java-1.8-openjdk/jre/lib/resources.jar:/usr/lib/jvm/java-1.8-openjdk/jre/lib/rt.jar:/usr/lib/jvm/java-1.8-openjdk/jre/lib/sunrsasign.jar:/usr/lib/jvm/java-1.8-openjdk/jre/lib/jsse.jar:/usr/lib/jvm/java-1.8-openjdk/jre/lib/jce.jar:/usr/lib/jvm/java-1.8-openjdk/jre/lib/charsets.jar:/usr/lib/jvm/java-1.8-openjdk/jre/lib/jfr.jar:/usr/lib/jvm/java-1.8-openjdk/jre/classes"/>
    <property name="sun.management.compiler" value="HotSpot 64-Bit Tiered Compilers"/>
    <property name="java.runtime.version" value="1.8.0_212-b04"/>
    <property name="java.net.preferIPv4Stack" value="true"/>
    <property name="user.name" value="jenkins1000"/>
    <property name="path.separator" value=":"/>
    <property name="java.security.egd" value="file:///dev/urandom"/>
    <property name="os.version" value="4.15.0-1021-aws"/>
    <property name="java.endorsed.dirs" value="/usr/lib/jvm/java-1.8-openjdk/jre/lib/endorsed"/>
    <property name="java.runtime.name" value="OpenJDK Runtime Environment"/>
    <property name="file.encoding" value="UTF-8"/>
    <property name="java.vm.name" value="OpenJDK 64-Bit Server VM"/>
    <property name="test.build.webapps" value=""/>
    <property name="localRepository" value="/home/user/.m2/repository"/>
    <property name="java.vendor.url.bug" value="https://icedtea.classpath.org/bugzilla"/>
    <property name="java.io.tmpdir" value="/tmp"/>
    <property name="require.test.libhadoop" value=""/>
    <property name="java.version" value="1.8.0_212"/>
    <property name="user.dir" value="/opt/src/hadoop-ozone/tools"/>
    <property name="os.arch" value="amd64"/>
    <property name="java.vm.specification.name" value="Java Virtual Machine Specification"/>
    <property name="test.build.classes" value="/opt/src/hadoop-ozone/tools/target/test-classes"/>
    <property name="java.awt.printerjob" value="sun.print.PSPrinterJob"/>
    <property name="sun.os.patch.level" value="unknown"/>
    <property name="hadoop.tmp.dir" value="/opt/src/hadoop-ozone/tools/target/tmp"/>
    <property name="java.library.path" value="/usr/lib/jvm/java-1.8-openjdk/jre/lib/amd64/server:/usr/lib/jvm/java-1.8-openjdk/jre/lib/amd64:/usr/lib/jvm/java-1.8-openjdk/jre/../lib/amd64:/opt/src/hadoop-ozone/tools/target/native/target/usr/local/lib:/opt/src/hadoop-ozone/tools/../../hadoop-common-project/hadoop-common/target/native/target/usr/local/lib:/usr/java/packages/lib/amd64:/usr/lib64:/lib64:/lib:/usr/lib"/>
    <property name="java.vm.info" value="mixed mode"/>
    <property name="java.vendor" value="IcedTea"/>
    <property name="java.vm.version" value="25.212-b04"/>
    <property name="java.ext.dirs" value="/usr/lib/jvm/java-1.8-openjdk/jre/lib/ext:/usr/java/packages/lib/ext"/>
    <property name="sun.io.unicode.encoding" value="UnicodeLittle"/>
    <property name="java.class.version" value="52.0"/>
  </properties>
  <testcase name="testRestart" classname="org.apache.hadoop.ozone.freon.TestFreonWithPipelineDestroy" time="8.819">
    <error message="Unexpected Storage Container Exception: org.apache.hadoop.hdds.scm.container.common.helpers.StorageContainerException: ContainerID 5 does not exist" type="java.io.IOException">java.io.IOException: Unexpected Storage Container Exception: org.apache.hadoop.hdds.scm.container.common.helpers.StorageContainerException: ContainerID 5 does not exist
	at org.apache.hadoop.hdds.scm.storage.BlockOutputStream.setIoException(BlockOutputStream.java:548)
	at org.apache.hadoop.hdds.scm.storage.BlockOutputStream.validateResponse(BlockOutputStream.java:539)
	at org.apache.hadoop.hdds.scm.storage.BlockOutputStream.lambda$writeChunkToContainer$2(BlockOutputStream.java:614)
	at java.util.concurrent.CompletableFuture.uniApply(CompletableFuture.java:602)
	at java.util.concurrent.CompletableFuture$UniApply.tryFire(CompletableFuture.java:577)
	at java.util.concurrent.CompletableFuture$Completion.run(CompletableFuture.java:442)
	at java.util.concurrent.ThreadPoolExecutor.runWorker(ThreadPoolExecutor.java:1149)
	at java.util.concurrent.ThreadPoolExecutor$Worker.run(ThreadPoolExecutor.java:624)
	at java.lang.Thread.run(Thread.java:748)
Caused by: org.apache.hadoop.hdds.scm.container.common.helpers.StorageContainerException: ContainerID 5 does not exist
	at org.apache.hadoop.hdds.scm.storage.ContainerProtocolCalls.validateContainerResponse(ContainerProtocolCalls.java:536)
	at org.apache.hadoop.hdds.scm.storage.BlockOutputStream.validateResponse(BlockOutputStream.java:536)
	... 7 more
</error>
    <system-out><![CDATA[2019-06-17 22:50:20,831 WARN  server.ServerUtils (ServerUtils.java:getScmDbDir(145)) - ozone.scm.db.dirs is not configured. We recommend adding this setting. Falling back to ozone.metadata.dirs instead.
2019-06-17 22:50:20,942 WARN  server.ServerUtils (ServerUtils.java:getScmDbDir(145)) - ozone.scm.db.dirs is not configured. We recommend adding this setting. Falling back to ozone.metadata.dirs instead.
2019-06-17 22:50:20,946 WARN  server.ServerUtils (ServerUtils.java:getScmDbDir(145)) - ozone.scm.db.dirs is not configured. We recommend adding this setting. Falling back to ozone.metadata.dirs instead.
2019-06-17 22:50:20,966 INFO  util.log (Log.java:initialized(192)) - Logging initialized @904ms
2019-06-17 22:50:21,071 INFO  db.DBStoreBuilder (DBStoreBuilder.java:addTable(110)) - using custom profile for table: deletedBlocks
2019-06-17 22:50:21,072 INFO  db.DBStoreBuilder (DBStoreBuilder.java:processTables(161)) - Using default column profile:DBProfile.DISK for Table:deletedBlocks
2019-06-17 22:50:21,072 INFO  db.DBStoreBuilder (DBStoreBuilder.java:addTable(110)) - using custom profile for table: validCerts
2019-06-17 22:50:21,072 INFO  db.DBStoreBuilder (DBStoreBuilder.java:processTables(161)) - Using default column profile:DBProfile.DISK for Table:validCerts
2019-06-17 22:50:21,073 INFO  db.DBStoreBuilder (DBStoreBuilder.java:addTable(110)) - using custom profile for table: revokedCerts
2019-06-17 22:50:21,073 INFO  db.DBStoreBuilder (DBStoreBuilder.java:processTables(161)) - Using default column profile:DBProfile.DISK for Table:revokedCerts
2019-06-17 22:50:21,089 INFO  db.DBStoreBuilder (DBStoreBuilder.java:addTable(110)) - using custom profile for table: default
2019-06-17 22:50:21,089 INFO  db.DBStoreBuilder (DBStoreBuilder.java:processTables(167)) - Using default column profile:DBProfile.DISK for Table:default
2019-06-17 22:50:21,091 INFO  db.DBStoreBuilder (DBStoreBuilder.java:getDbProfile(198)) - Using default options. DBProfile.DISK
2019-06-17 22:50:21,157 INFO  net.NodeSchemaLoader (NodeSchemaLoader.java:loadSchemaFromFile(125)) - Loading file from sun.misc.CompoundEnumeration@2f112965
2019-06-17 22:50:21,159 INFO  net.NodeSchemaLoader (NodeSchemaLoader.java:loadSchema(171)) - Loading network topology layer schema file
2019-06-17 22:50:21,230 INFO  node.SCMNodeManager (SCMNodeManager.java:<init>(119)) - Entering startup safe mode.
2019-06-17 22:50:21,310 WARN  server.ServerUtils (ServerUtils.java:getScmDbDir(145)) - ozone.scm.db.dirs is not configured. We recommend adding this setting. Falling back to ozone.metadata.dirs instead.
2019-06-17 22:50:21,333 INFO  pipeline.SCMPipelineManager (SCMPipelineManager.java:initializePipelineState(126)) - No pipeline exists in current db
2019-06-17 22:50:21,335 WARN  server.ServerUtils (ServerUtils.java:getScmDbDir(145)) - ozone.scm.db.dirs is not configured. We recommend adding this setting. Falling back to ozone.metadata.dirs instead.
2019-06-17 22:50:21,399 WARN  events.EventQueue (EventQueue.java:fireEvent(175)) - No event handler registered for event TypedEvent{payloadType=SafeModeStatus, name='SafeModeStatus'}
2019-06-17 22:50:21,813 INFO  ipc.CallQueueManager (CallQueueManager.java:<init>(84)) - Using callQueue: class java.util.concurrent.LinkedBlockingQueue, queueCapacity: 2000, scheduler: class org.apache.hadoop.ipc.DefaultRpcScheduler, ipcBackoff: false.
2019-06-17 22:50:21,843 INFO  ipc.Server (Server.java:run(1074)) - Starting Socket Reader #1 for port 37149
2019-06-17 22:50:21,873 INFO  ipc.CallQueueManager (CallQueueManager.java:<init>(84)) - Using callQueue: class java.util.concurrent.LinkedBlockingQueue, queueCapacity: 2000, scheduler: class org.apache.hadoop.ipc.DefaultRpcScheduler, ipcBackoff: false.
2019-06-17 22:50:21,874 INFO  ipc.Server (Server.java:run(1074)) - Starting Socket Reader #1 for port 42459
2019-06-17 22:50:21,881 INFO  ipc.CallQueueManager (CallQueueManager.java:<init>(84)) - Using callQueue: class java.util.concurrent.LinkedBlockingQueue, queueCapacity: 2000, scheduler: class org.apache.hadoop.ipc.DefaultRpcScheduler, ipcBackoff: false.
2019-06-17 22:50:21,882 INFO  ipc.Server (Server.java:run(1074)) - Starting Socket Reader #1 for port 43779
2019-06-17 22:50:21,908 INFO  hdfs.DFSUtil (DFSUtil.java:httpServerTemplateForNNAndJN(1641)) - Starting Web-server for scm at: http://0.0.0.0:0
2019-06-17 22:50:22,109 INFO  server.AuthenticationFilter (AuthenticationFilter.java:constructSecretProvider(240)) - Unable to initialize FileSignerSecretProvider, falling back to use random secrets.
2019-06-17 22:50:22,124 WARN  http.HttpRequestLog (HttpRequestLog.java:getRequestLog(97)) - Jetty request log can only be enabled using Log4j
2019-06-17 22:50:22,134 INFO  http.HttpServer2 (HttpServer2.java:addGlobalFilter(975)) - Added global filter 'safety' (class=org.apache.hadoop.http.HttpServer2$QuotingInputFilter)
2019-06-17 22:50:22,137 INFO  http.HttpServer2 (HttpServer2.java:addFilter(948)) - Added filter static_user_filter (class=org.apache.hadoop.http.lib.StaticUserWebFilter$StaticUserFilter) to context scm
2019-06-17 22:50:22,137 INFO  http.HttpServer2 (HttpServer2.java:addFilter(958)) - Added filter static_user_filter (class=org.apache.hadoop.http.lib.StaticUserWebFilter$StaticUserFilter) to context logs
2019-06-17 22:50:22,138 INFO  http.HttpServer2 (HttpServer2.java:addFilter(958)) - Added filter static_user_filter (class=org.apache.hadoop.http.lib.StaticUserWebFilter$StaticUserFilter) to context static
2019-06-17 22:50:22,161 INFO  server.StorageContainerManager (StorageContainerManager.java:start(753)) - StorageContainerLocationProtocol RPC server is listening at /0.0.0.0:43779
2019-06-17 22:50:22,211 WARN  impl.MetricsConfig (MetricsConfig.java:loadFirst(134)) - Cannot locate configuration: tried hadoop-metrics2-storagecontainermanager.properties,hadoop-metrics2.properties
2019-06-17 22:50:22,225 INFO  impl.MetricsSystemImpl (MetricsSystemImpl.java:startTimer(374)) - Scheduled Metric snapshot period at 10 second(s).
2019-06-17 22:50:22,225 INFO  impl.MetricsSystemImpl (MetricsSystemImpl.java:start(191)) - StorageContainerManager metrics system started
2019-06-17 22:50:22,443 INFO  server.SCMClientProtocolServer (SCMClientProtocolServer.java:start(149)) - RPC server for Client  is listening at /0.0.0.0:43779
2019-06-17 22:50:22,443 INFO  ipc.Server (Server.java:run(1314)) - IPC Server Responder: starting
2019-06-17 22:50:22,443 INFO  ipc.Server (Server.java:run(1153)) - IPC Server listener on 43779: starting
2019-06-17 22:50:22,451 INFO  server.StorageContainerManager (StorageContainerManager.java:start(762)) - ScmBlockLocationProtocol RPC server is listening at /0.0.0.0:42459
2019-06-17 22:50:22,451 INFO  server.SCMBlockProtocolServer (SCMBlockProtocolServer.java:start(137)) - RPC server for Block Protocol is listening at /0.0.0.0:42459
2019-06-17 22:50:22,451 INFO  ipc.Server (Server.java:run(1314)) - IPC Server Responder: starting
2019-06-17 22:50:22,451 INFO  ipc.Server (Server.java:run(1153)) - IPC Server listener on 42459: starting
2019-06-17 22:50:22,466 INFO  server.StorageContainerManager (StorageContainerManager.java:start(766)) - ScmDatanodeProtocl RPC server is listening at /0.0.0.0:37149
2019-06-17 22:50:22,466 INFO  server.SCMDatanodeProtocolServer (SCMDatanodeProtocolServer.java:start(191)) - RPC server for DataNodes is listening at /0.0.0.0:37149
2019-06-17 22:50:22,466 INFO  ipc.Server (Server.java:run(1314)) - IPC Server Responder: starting
2019-06-17 22:50:22,468 INFO  ipc.Server (Server.java:run(1153)) - IPC Server listener on 37149: starting
2019-06-17 22:50:22,472 INFO  http.HttpServer2 (HttpServer2.java:bindListener(1191)) - Jetty bound to port 34333
2019-06-17 22:50:22,473 INFO  server.Server (Server.java:doStart(351)) - jetty-9.3.24.v20180605, build timestamp: 2018-06-05T17:11:56Z, git hash: 84205aa28f11a4f31f2a3b86d1bba2cc8ab69827
2019-06-17 22:50:22,510 INFO  handler.ContextHandler (ContextHandler.java:doStart(781)) - Started o.e.j.s.ServletContextHandler@481ba2cf{/logs,file:///opt/src/hadoop-ozone/tools/target/log,AVAILABLE}
2019-06-17 22:50:22,511 INFO  handler.ContextHandler (ContextHandler.java:doStart(781)) - Started o.e.j.s.ServletContextHandler@2e48362c{/static,file:///opt/src/hadoop-hdds/server-scm/target/classes/webapps/static/,AVAILABLE}
2019-06-17 22:50:22,540 INFO  handler.ContextHandler (ContextHandler.java:doStart(781)) - Started o.e.j.w.WebAppContext@5b40ceb{/,file:///opt/src/hadoop-hdds/server-scm/target/classes/webapps/scm/,AVAILABLE}{/scm}
2019-06-17 22:50:22,546 INFO  server.AbstractConnector (AbstractConnector.java:doStart(278)) - Started ServerConnector@7894f09b{HTTP/1.1,[http/1.1]}{0.0.0.0:34333}
2019-06-17 22:50:22,546 INFO  server.Server (Server.java:doStart(419)) - Started @2485ms
2019-06-17 22:50:22,547 INFO  server.BaseHttpServer (BaseHttpServer.java:updateConnectorAddress(207)) - HTTP server of SCM is listening at http://0.0.0.0:34333
2019-06-17 22:50:22,556 INFO  util.JvmPauseMonitor (JvmPauseMonitor.java:run(188)) - Starting JVM pause monitor
2019-06-17 22:50:22,559 WARN  scm.ScmUtils (ScmUtils.java:getDBPath(63)) - ozone.om.db.dirs is not configured. We recommend adding this setting. Falling back to ozone.metadata.dirs instead.
2019-06-17 22:50:22,659 WARN  scm.ScmUtils (ScmUtils.java:getDBPath(63)) - ozone.om.db.dirs is not configured. We recommend adding this setting. Falling back to ozone.metadata.dirs instead.
2019-06-17 22:50:22,660 INFO  om.OzoneManager (OzoneManager.java:setOMNodeDetails(532)) - OM Service ID is not set. Setting it to the default ID: omServiceIdDefault
2019-06-17 22:50:22,660 INFO  om.OzoneManager (OzoneManager.java:setOMNodeDetails(538)) - OM Node ID is not set. Setting it to the OmStorage's OmID: e0ff4dc8-0363-4df8-b2cb-7077661796f5
2019-06-17 22:50:22,661 WARN  scm.HddsServerUtil (HddsServerUtil.java:getDefaultRatisDirectory(354)) - Storage directory for Ratis is not configured. It is a good idea to map this to an SSD disk. Falling back to ozone.metadata.dirs
2019-06-17 22:50:22,662 WARN  scm.HddsServerUtil (HddsServerUtil.java:getDefaultRatisDirectory(354)) - Storage directory for Ratis is not configured. It is a good idea to map this to an SSD disk. Falling back to ozone.metadata.dirs
2019-06-17 22:50:22,662 INFO  om.OzoneManager (OzoneManager.java:loadOMHAConfigs(489)) - Found matching OM address with OMServiceId: null, OMNodeId: null, RPC Address: localhost:0 and Ratis port: 9872
2019-06-17 22:50:22,876 WARN  scm.ScmUtils (ScmUtils.java:getDBPath(63)) - ozone.om.db.dirs is not configured. We recommend adding this setting. Falling back to ozone.metadata.dirs instead.
2019-06-17 22:50:22,885 INFO  db.DBStoreBuilder (DBStoreBuilder.java:addTable(110)) - using custom profile for table: userTable
2019-06-17 22:50:22,885 INFO  db.DBStoreBuilder (DBStoreBuilder.java:processTables(161)) - Using default column profile:DBProfile.DISK for Table:userTable
2019-06-17 22:50:22,885 INFO  db.DBStoreBuilder (DBStoreBuilder.java:addTable(110)) - using custom profile for table: volumeTable
2019-06-17 22:50:22,886 INFO  db.DBStoreBuilder (DBStoreBuilder.java:processTables(161)) - Using default column profile:DBProfile.DISK for Table:volumeTable
2019-06-17 22:50:22,886 INFO  db.DBStoreBuilder (DBStoreBuilder.java:addTable(110)) - using custom profile for table: bucketTable
2019-06-17 22:50:22,886 INFO  db.DBStoreBuilder (DBStoreBuilder.java:processTables(161)) - Using default column profile:DBProfile.DISK for Table:bucketTable
2019-06-17 22:50:22,887 INFO  db.DBStoreBuilder (DBStoreBuilder.java:addTable(110)) - using custom profile for table: keyTable
2019-06-17 22:50:22,887 INFO  db.DBStoreBuilder (DBStoreBuilder.java:processTables(161)) - Using default column profile:DBProfile.DISK for Table:keyTable
2019-06-17 22:50:22,887 INFO  db.DBStoreBuilder (DBStoreBuilder.java:addTable(110)) - using custom profile for table: deletedTable
2019-06-17 22:50:22,887 INFO  db.DBStoreBuilder (DBStoreBuilder.java:processTables(161)) - Using default column profile:DBProfile.DISK for Table:deletedTable
2019-06-17 22:50:22,888 INFO  db.DBStoreBuilder (DBStoreBuilder.java:addTable(110)) - using custom profile for table: openKeyTable
2019-06-17 22:50:22,888 INFO  db.DBStoreBuilder (DBStoreBuilder.java:processTables(161)) - Using default column profile:DBProfile.DISK for Table:openKeyTable
2019-06-17 22:50:22,888 INFO  db.DBStoreBuilder (DBStoreBuilder.java:addTable(110)) - using custom profile for table: s3Table
2019-06-17 22:50:22,889 INFO  db.DBStoreBuilder (DBStoreBuilder.java:processTables(161)) - Using default column profile:DBProfile.DISK for Table:s3Table
2019-06-17 22:50:22,889 INFO  db.DBStoreBuilder (DBStoreBuilder.java:addTable(110)) - using custom profile for table: multipartInfoTable
2019-06-17 22:50:22,889 INFO  db.DBStoreBuilder (DBStoreBuilder.java:processTables(161)) - Using default column profile:DBProfile.DISK for Table:multipartInfoTable
2019-06-17 22:50:22,890 INFO  db.DBStoreBuilder (DBStoreBuilder.java:addTable(110)) - using custom profile for table: dTokenTable
2019-06-17 22:50:22,890 INFO  db.DBStoreBuilder (DBStoreBuilder.java:processTables(161)) - Using default column profile:DBProfile.DISK for Table:dTokenTable
2019-06-17 22:50:22,890 INFO  db.DBStoreBuilder (DBStoreBuilder.java:addTable(110)) - using custom profile for table: s3SecretTable
2019-06-17 22:50:22,890 INFO  db.DBStoreBuilder (DBStoreBuilder.java:processTables(161)) - Using default column profile:DBProfile.DISK for Table:s3SecretTable
2019-06-17 22:50:22,891 INFO  db.DBStoreBuilder (DBStoreBuilder.java:addTable(110)) - using custom profile for table: prefixTable
2019-06-17 22:50:22,891 INFO  db.DBStoreBuilder (DBStoreBuilder.java:processTables(161)) - Using default column profile:DBProfile.DISK for Table:prefixTable
2019-06-17 22:50:22,891 INFO  db.DBStoreBuilder (DBStoreBuilder.java:addTable(110)) - using custom profile for table: default
2019-06-17 22:50:22,892 INFO  db.DBStoreBuilder (DBStoreBuilder.java:processTables(167)) - Using default column profile:DBProfile.DISK for Table:default
2019-06-17 22:50:22,892 INFO  db.DBStoreBuilder (DBStoreBuilder.java:getDbProfile(198)) - Using default options. DBProfile.DISK
2019-06-17 22:50:23,598 INFO  ipc.CallQueueManager (CallQueueManager.java:<init>(84)) - Using callQueue: class java.util.concurrent.LinkedBlockingQueue, queueCapacity: 2000, scheduler: class org.apache.hadoop.ipc.DefaultRpcScheduler, ipcBackoff: false.
2019-06-17 22:50:23,599 INFO  ipc.Server (Server.java:run(1074)) - Starting Socket Reader #1 for port 35083
2019-06-17 22:50:23,651 WARN  scm.ScmUtils (ScmUtils.java:getDBPath(63)) - ozone.om.db.dirs is not configured. We recommend adding this setting. Falling back to ozone.metadata.dirs instead.
2019-06-17 22:50:23,651 INFO  om.OzoneManager (OzoneManager.java:start(1230)) - OzoneManager RPC server is listening at localhost/127.0.0.1:35083
2019-06-17 22:50:23,651 INFO  impl.MetricsSystemImpl (MetricsSystemImpl.java:init(158)) - OzoneManager metrics system started (again)
2019-06-17 22:50:23,654 INFO  ipc.Server (Server.java:run(1153)) - IPC Server listener on 35083: starting
2019-06-17 22:50:23,654 INFO  ipc.Server (Server.java:run(1314)) - IPC Server Responder: starting
2019-06-17 22:50:23,675 INFO  hdfs.DFSUtil (DFSUtil.java:httpServerTemplateForNNAndJN(1641)) - Starting Web-server for ozoneManager at: http://0.0.0.0:0
2019-06-17 22:50:23,677 INFO  server.AuthenticationFilter (AuthenticationFilter.java:constructSecretProvider(240)) - Unable to initialize FileSignerSecretProvider, falling back to use random secrets.
2019-06-17 22:50:23,678 WARN  http.HttpRequestLog (HttpRequestLog.java:getRequestLog(97)) - Jetty request log can only be enabled using Log4j
2019-06-17 22:50:23,680 INFO  http.HttpServer2 (HttpServer2.java:addGlobalFilter(975)) - Added global filter 'safety' (class=org.apache.hadoop.http.HttpServer2$QuotingInputFilter)
2019-06-17 22:50:23,681 INFO  http.HttpServer2 (HttpServer2.java:addFilter(948)) - Added filter static_user_filter (class=org.apache.hadoop.http.lib.StaticUserWebFilter$StaticUserFilter) to context ozoneManager
2019-06-17 22:50:23,681 INFO  http.HttpServer2 (HttpServer2.java:addFilter(958)) - Added filter static_user_filter (class=org.apache.hadoop.http.lib.StaticUserWebFilter$StaticUserFilter) to context logs
2019-06-17 22:50:23,681 INFO  http.HttpServer2 (HttpServer2.java:addFilter(958)) - Added filter static_user_filter (class=org.apache.hadoop.http.lib.StaticUserWebFilter$StaticUserFilter) to context static
2019-06-17 22:50:23,683 INFO  http.HttpServer2 (HttpServer2.java:bindListener(1191)) - Jetty bound to port 35271
2019-06-17 22:50:23,683 INFO  server.Server (Server.java:doStart(351)) - jetty-9.3.24.v20180605, build timestamp: 2018-06-05T17:11:56Z, git hash: 84205aa28f11a4f31f2a3b86d1bba2cc8ab69827
2019-06-17 22:50:23,707 INFO  handler.ContextHandler (ContextHandler.java:doStart(781)) - Started o.e.j.s.ServletContextHandler@66b72664{/logs,file:///opt/src/hadoop-ozone/tools/target/log,AVAILABLE}
2019-06-17 22:50:23,708 INFO  handler.ContextHandler (ContextHandler.java:doStart(781)) - Started o.e.j.s.ServletContextHandler@58cd06cb{/static,file:///opt/src/hadoop-ozone/ozone-manager/target/classes/webapps/static/,AVAILABLE}
2019-06-17 22:50:23,713 INFO  handler.ContextHandler (ContextHandler.java:doStart(781)) - Started o.e.j.w.WebAppContext@51bde877{/,file:///opt/src/hadoop-ozone/ozone-manager/target/classes/webapps/ozoneManager/,AVAILABLE}{/ozoneManager}
2019-06-17 22:50:23,714 INFO  server.AbstractConnector (AbstractConnector.java:doStart(278)) - Started ServerConnector@60b85ba1{HTTP/1.1,[http/1.1]}{0.0.0.0:35271}
2019-06-17 22:50:23,714 INFO  server.Server (Server.java:doStart(419)) - Started @3653ms
2019-06-17 22:50:23,715 INFO  server.BaseHttpServer (BaseHttpServer.java:updateConnectorAddress(207)) - HTTP server of OZONEMANAGER is listening at http://0.0.0.0:35271
2019-06-17 22:50:23,902 INFO  impl.MetricsSystemImpl (MetricsSystemImpl.java:init(158)) - HddsDatanode metrics system started (again)
2019-06-17 22:50:24,133 INFO  ozone.HddsDatanodeService (HddsDatanodeService.java:start(185)) - HddsDatanodeService host:ozone-unit-076618677d3qv27m-3129989020 ip:192.168.105.167
2019-06-17 22:50:24,170 INFO  volume.HddsVolume (HddsVolume.java:<init>(176)) - Creating Volume: /opt/src/hadoop-ozone/tools/target/test-dir/MiniOzoneClusterImpl-1a948341-2cb3-47c4-94f3-fd318447fbab/datanode-0/data/containers/hdds of  storage type : DISK and capacity : 104021790720
2019-06-17 22:50:24,174 INFO  volume.VolumeSet (VolumeSet.java:initializeVolumeSet(170)) - Added Volume : /opt/src/hadoop-ozone/tools/target/test-dir/MiniOzoneClusterImpl-1a948341-2cb3-47c4-94f3-fd318447fbab/datanode-0/data/containers/hdds to VolumeSet
2019-06-17 22:50:24,177 INFO  volume.ThrottledAsyncChecker (ThrottledAsyncChecker.java:schedule(140)) - Scheduling a check for org.apache.hadoop.ozone.container.common.volume.HddsVolume@64e1dd11
2019-06-17 22:50:24,197 INFO  volume.HddsVolumeChecker (HddsVolumeChecker.java:checkAllVolumes(203)) - Scheduled health check for volume org.apache.hadoop.ozone.container.common.volume.HddsVolume@64e1dd11
2019-06-17 22:50:24,243 INFO  ratis.XceiverServerRatis (XceiverServerRatis.java:newXceiverServerRatis(401)) - Found a free port for the server : 34199
2019-06-17 22:50:24,305 INFO  impl.RaftServerProxy (ConfUtils.java:logGet(43)) - raft.rpc.type = GRPC (default)
2019-06-17 22:50:24,314 INFO  grpc.GrpcConfigKeys$Server (ConfUtils.java:logGet(43)) - raft.grpc.server.port = 34199 (custom)
2019-06-17 22:50:24,315 INFO  server.GrpcService (ConfUtils.java:logGet(43)) - raft.grpc.message.size.max = 33570816 (custom)
2019-06-17 22:50:24,316 INFO  server.RaftServerConfigKeys (ConfUtils.java:logGet(43)) - raft.server.log.appender.buffer.byte-limit = 33554432 (custom)
2019-06-17 22:50:24,317 INFO  server.GrpcService (ConfUtils.java:logGet(43)) - raft.grpc.flow.control.window = 1MB (=1048576) (default)
2019-06-17 22:50:24,318 INFO  server.RaftServerConfigKeys (ConfUtils.java:logGet(43)) - raft.server.rpc.request.timeout = 3000ms (default)
2019-06-17 22:50:24,502 INFO  server.RaftServerConfigKeys (ConfUtils.java:logGet(43)) - raft.server.storage.dir = [/opt/src/hadoop-ozone/tools/target/test-dir/MiniOzoneClusterImpl-1a948341-2cb3-47c4-94f3-fd318447fbab/datanode-0/data/ratis] (custom)
2019-06-17 22:50:24,513 INFO  server.XceiverServerGrpc (XceiverServerGrpc.java:<init>(97)) - Found a free port for the server : 46421
2019-06-17 22:50:24,547 INFO  replication.SimpleContainerDownloader (SimpleContainerDownloader.java:<init>(72)) - Starting container downloader service to copy containers to replicate.
2019-06-17 22:50:24,563 INFO  hdfs.DFSUtil (DFSUtil.java:httpServerTemplateForNNAndJN(1641)) - Starting Web-server for hddsDatanode at: http://0.0.0.0:0
2019-06-17 22:50:24,564 INFO  server.AuthenticationFilter (AuthenticationFilter.java:constructSecretProvider(240)) - Unable to initialize FileSignerSecretProvider, falling back to use random secrets.
2019-06-17 22:50:24,565 WARN  http.HttpRequestLog (HttpRequestLog.java:getRequestLog(97)) - Jetty request log can only be enabled using Log4j
2019-06-17 22:50:24,567 INFO  http.HttpServer2 (HttpServer2.java:addGlobalFilter(975)) - Added global filter 'safety' (class=org.apache.hadoop.http.HttpServer2$QuotingInputFilter)
2019-06-17 22:50:24,568 INFO  http.HttpServer2 (HttpServer2.java:addFilter(948)) - Added filter static_user_filter (class=org.apache.hadoop.http.lib.StaticUserWebFilter$StaticUserFilter) to context hddsDatanode
2019-06-17 22:50:24,569 INFO  http.HttpServer2 (HttpServer2.java:addFilter(958)) - Added filter static_user_filter (class=org.apache.hadoop.http.lib.StaticUserWebFilter$StaticUserFilter) to context static
2019-06-17 22:50:24,569 INFO  http.HttpServer2 (HttpServer2.java:addFilter(958)) - Added filter static_user_filter (class=org.apache.hadoop.http.lib.StaticUserWebFilter$StaticUserFilter) to context logs
2019-06-17 22:50:24,570 INFO  http.HttpServer2 (HttpServer2.java:bindListener(1191)) - Jetty bound to port 44303
2019-06-17 22:50:24,570 INFO  server.Server (Server.java:doStart(351)) - jetty-9.3.24.v20180605, build timestamp: 2018-06-05T17:11:56Z, git hash: 84205aa28f11a4f31f2a3b86d1bba2cc8ab69827
2019-06-17 22:50:24,573 INFO  handler.ContextHandler (ContextHandler.java:doStart(781)) - Started o.e.j.s.ServletContextHandler@6d9fb2d1{/logs,file:///opt/src/hadoop-ozone/tools/target/log,AVAILABLE}
2019-06-17 22:50:24,574 INFO  handler.ContextHandler (ContextHandler.java:doStart(781)) - Started o.e.j.s.ServletContextHandler@540a903b{/static,file:///opt/src/hadoop-hdds/container-service/target/classes/webapps/static,AVAILABLE}
2019-06-17 22:50:24,578 INFO  handler.ContextHandler (ContextHandler.java:doStart(781)) - Started o.e.j.w.WebAppContext@692fd26{/,file:///opt/src/hadoop-hdds/container-service/target/classes/webapps/hddsDatanode/,AVAILABLE}{/hddsDatanode}
2019-06-17 22:50:24,579 INFO  server.AbstractConnector (AbstractConnector.java:doStart(278)) - Started ServerConnector@36f1046f{HTTP/1.1,[http/1.1]}{0.0.0.0:44303}
2019-06-17 22:50:24,579 INFO  server.Server (Server.java:doStart(419)) - Started @4518ms
2019-06-17 22:50:24,581 INFO  server.BaseHttpServer (BaseHttpServer.java:updateConnectorAddress(207)) - HTTP server of HDDSDATANODE is listening at http://0.0.0.0:44303
2019-06-17 22:50:25,778 INFO  ozone.HddsDatanodeService (HddsDatanodeService.java:startPlugins(396)) - Started plug-in org.apache.hadoop.ozone.web.OzoneHddsDatanodeService@13dbed9e
2019-06-17 22:50:25,780 INFO  impl.MetricsSystemImpl (MetricsSystemImpl.java:init(158)) - HddsDatanode metrics system started (again)
2019-06-17 22:50:25,781 INFO  ozone.HddsDatanodeService (HddsDatanodeService.java:start(185)) - HddsDatanodeService host:ozone-unit-076618677d3qv27m-3129989020 ip:192.168.105.167
2019-06-17 22:50:25,804 INFO  util.JvmPauseMonitor (JvmPauseMonitor.java:run(188)) - Starting JVM pause monitor
2019-06-17 22:50:25,811 INFO  volume.HddsVolume (HddsVolume.java:<init>(176)) - Creating Volume: /opt/src/hadoop-ozone/tools/target/test-dir/MiniOzoneClusterImpl-1a948341-2cb3-47c4-94f3-fd318447fbab/datanode-1/data/containers/hdds of  storage type : DISK and capacity : 104021790720
2019-06-17 22:50:25,811 INFO  volume.VolumeSet (VolumeSet.java:initializeVolumeSet(170)) - Added Volume : /opt/src/hadoop-ozone/tools/target/test-dir/MiniOzoneClusterImpl-1a948341-2cb3-47c4-94f3-fd318447fbab/datanode-1/data/containers/hdds to VolumeSet
2019-06-17 22:50:25,811 INFO  volume.ThrottledAsyncChecker (ThrottledAsyncChecker.java:schedule(140)) - Scheduling a check for org.apache.hadoop.ozone.container.common.volume.HddsVolume@138aa3cc
2019-06-17 22:50:25,813 INFO  volume.HddsVolumeChecker (HddsVolumeChecker.java:checkAllVolumes(203)) - Scheduled health check for volume org.apache.hadoop.ozone.container.common.volume.HddsVolume@138aa3cc
2019-06-17 22:50:25,882 INFO  ratis.XceiverServerRatis (XceiverServerRatis.java:newXceiverServerRatis(401)) - Found a free port for the server : 46031
2019-06-17 22:50:25,883 INFO  impl.RaftServerProxy (ConfUtils.java:logGet(43)) - raft.rpc.type = GRPC (default)
2019-06-17 22:50:25,884 INFO  grpc.GrpcConfigKeys$Server (ConfUtils.java:logGet(43)) - raft.grpc.server.port = 46031 (custom)
2019-06-17 22:50:25,884 INFO  server.GrpcService (ConfUtils.java:logGet(43)) - raft.grpc.message.size.max = 33570816 (custom)
2019-06-17 22:50:25,884 INFO  server.RaftServerConfigKeys (ConfUtils.java:logGet(43)) - raft.server.log.appender.buffer.byte-limit = 33554432 (custom)
2019-06-17 22:50:25,884 INFO  server.GrpcService (ConfUtils.java:logGet(43)) - raft.grpc.flow.control.window = 1MB (=1048576) (default)
2019-06-17 22:50:25,885 INFO  server.RaftServerConfigKeys (ConfUtils.java:logGet(43)) - raft.server.rpc.request.timeout = 3000ms (default)
2019-06-17 22:50:25,885 INFO  server.RaftServerConfigKeys (ConfUtils.java:logGet(43)) - raft.server.storage.dir = [/opt/src/hadoop-ozone/tools/target/test-dir/MiniOzoneClusterImpl-1a948341-2cb3-47c4-94f3-fd318447fbab/datanode-1/data/ratis] (custom)
2019-06-17 22:50:25,886 INFO  server.XceiverServerGrpc (XceiverServerGrpc.java:<init>(97)) - Found a free port for the server : 33471
2019-06-17 22:50:25,886 INFO  replication.SimpleContainerDownloader (SimpleContainerDownloader.java:<init>(72)) - Starting container downloader service to copy containers to replicate.
2019-06-17 22:50:25,889 INFO  hdfs.DFSUtil (DFSUtil.java:httpServerTemplateForNNAndJN(1641)) - Starting Web-server for hddsDatanode at: http://0.0.0.0:0
2019-06-17 22:50:25,892 INFO  server.AuthenticationFilter (AuthenticationFilter.java:constructSecretProvider(240)) - Unable to initialize FileSignerSecretProvider, falling back to use random secrets.
2019-06-17 22:50:25,901 WARN  http.HttpRequestLog (HttpRequestLog.java:getRequestLog(97)) - Jetty request log can only be enabled using Log4j
2019-06-17 22:50:25,906 INFO  http.HttpServer2 (HttpServer2.java:addGlobalFilter(975)) - Added global filter 'safety' (class=org.apache.hadoop.http.HttpServer2$QuotingInputFilter)
2019-06-17 22:50:25,907 INFO  http.HttpServer2 (HttpServer2.java:addFilter(948)) - Added filter static_user_filter (class=org.apache.hadoop.http.lib.StaticUserWebFilter$StaticUserFilter) to context hddsDatanode
2019-06-17 22:50:25,907 INFO  http.HttpServer2 (HttpServer2.java:addFilter(958)) - Added filter static_user_filter (class=org.apache.hadoop.http.lib.StaticUserWebFilter$StaticUserFilter) to context static
2019-06-17 22:50:25,907 INFO  http.HttpServer2 (HttpServer2.java:addFilter(958)) - Added filter static_user_filter (class=org.apache.hadoop.http.lib.StaticUserWebFilter$StaticUserFilter) to context logs
2019-06-17 22:50:25,910 INFO  http.HttpServer2 (HttpServer2.java:bindListener(1191)) - Jetty bound to port 35845
2019-06-17 22:50:25,910 INFO  server.Server (Server.java:doStart(351)) - jetty-9.3.24.v20180605, build timestamp: 2018-06-05T17:11:56Z, git hash: 84205aa28f11a4f31f2a3b86d1bba2cc8ab69827
2019-06-17 22:50:25,936 INFO  handler.ContextHandler (ContextHandler.java:doStart(781)) - Started o.e.j.s.ServletContextHandler@608b1fd2{/logs,file:///opt/src/hadoop-ozone/tools/target/log,AVAILABLE}
2019-06-17 22:50:25,937 INFO  handler.ContextHandler (ContextHandler.java:doStart(781)) - Started o.e.j.s.ServletContextHandler@591a4f8e{/static,file:///opt/src/hadoop-hdds/container-service/target/classes/webapps/static,AVAILABLE}
2019-06-17 22:50:25,943 INFO  handler.ContextHandler (ContextHandler.java:doStart(781)) - Started o.e.j.w.WebAppContext@717d7587{/,file:///opt/src/hadoop-hdds/container-service/target/classes/webapps/hddsDatanode/,AVAILABLE}{/hddsDatanode}
2019-06-17 22:50:25,944 INFO  server.AbstractConnector (AbstractConnector.java:doStart(278)) - Started ServerConnector@3e906375{HTTP/1.1,[http/1.1]}{0.0.0.0:35845}
2019-06-17 22:50:25,944 INFO  server.Server (Server.java:doStart(419)) - Started @5883ms
2019-06-17 22:50:25,945 INFO  server.BaseHttpServer (BaseHttpServer.java:updateConnectorAddress(207)) - HTTP server of HDDSDATANODE is listening at http://0.0.0.0:35845
2019-06-17 22:50:26,017 INFO  datanode.InitDatanodeState (InitDatanodeState.java:persistContainerDatanodeDetails(140)) - DatanodeDetails is persisted to /opt/src/hadoop-ozone/tools/target/test-dir/MiniOzoneClusterImpl-1a948341-2cb3-47c4-94f3-fd318447fbab/datanode-0/meta/datanode.id
2019-06-17 22:50:26,173 INFO  ozone.HddsDatanodeService (HddsDatanodeService.java:startPlugins(396)) - Started plug-in org.apache.hadoop.ozone.web.OzoneHddsDatanodeService@5b20706
2019-06-17 22:50:26,177 INFO  impl.MetricsSystemImpl (MetricsSystemImpl.java:init(158)) - HddsDatanode metrics system started (again)
2019-06-17 22:50:26,178 INFO  ozone.HddsDatanodeService (HddsDatanodeService.java:start(185)) - HddsDatanodeService host:ozone-unit-076618677d3qv27m-3129989020 ip:192.168.105.167
2019-06-17 22:50:26,191 INFO  util.JvmPauseMonitor (JvmPauseMonitor.java:run(188)) - Starting JVM pause monitor
2019-06-17 22:50:26,200 INFO  volume.HddsVolume (HddsVolume.java:<init>(176)) - Creating Volume: /opt/src/hadoop-ozone/tools/target/test-dir/MiniOzoneClusterImpl-1a948341-2cb3-47c4-94f3-fd318447fbab/datanode-2/data/containers/hdds of  storage type : DISK and capacity : 104021790720
2019-06-17 22:50:26,207 INFO  volume.VolumeSet (VolumeSet.java:initializeVolumeSet(170)) - Added Volume : /opt/src/hadoop-ozone/tools/target/test-dir/MiniOzoneClusterImpl-1a948341-2cb3-47c4-94f3-fd318447fbab/datanode-2/data/containers/hdds to VolumeSet
2019-06-17 22:50:26,207 INFO  volume.ThrottledAsyncChecker (ThrottledAsyncChecker.java:schedule(140)) - Scheduling a check for org.apache.hadoop.ozone.container.common.volume.HddsVolume@ffd4cba
2019-06-17 22:50:26,211 INFO  volume.HddsVolumeChecker (HddsVolumeChecker.java:checkAllVolumes(203)) - Scheduled health check for volume org.apache.hadoop.ozone.container.common.volume.HddsVolume@ffd4cba
2019-06-17 22:50:26,213 INFO  datanode.InitDatanodeState (InitDatanodeState.java:persistContainerDatanodeDetails(140)) - DatanodeDetails is persisted to /opt/src/hadoop-ozone/tools/target/test-dir/MiniOzoneClusterImpl-1a948341-2cb3-47c4-94f3-fd318447fbab/datanode-1/meta/datanode.id
2019-06-17 22:50:26,228 INFO  ratis.XceiverServerRatis (XceiverServerRatis.java:newXceiverServerRatis(401)) - Found a free port for the server : 32971
2019-06-17 22:50:26,230 INFO  impl.RaftServerProxy (ConfUtils.java:logGet(43)) - raft.rpc.type = GRPC (default)
2019-06-17 22:50:26,231 INFO  grpc.GrpcConfigKeys$Server (ConfUtils.java:logGet(43)) - raft.grpc.server.port = 32971 (custom)
2019-06-17 22:50:26,231 INFO  server.GrpcService (ConfUtils.java:logGet(43)) - raft.grpc.message.size.max = 33570816 (custom)
2019-06-17 22:50:26,231 INFO  server.RaftServerConfigKeys (ConfUtils.java:logGet(43)) - raft.server.log.appender.buffer.byte-limit = 33554432 (custom)
2019-06-17 22:50:26,232 INFO  server.GrpcService (ConfUtils.java:logGet(43)) - raft.grpc.flow.control.window = 1MB (=1048576) (default)
2019-06-17 22:50:26,232 INFO  server.RaftServerConfigKeys (ConfUtils.java:logGet(43)) - raft.server.rpc.request.timeout = 3000ms (default)
2019-06-17 22:50:26,233 INFO  server.RaftServerConfigKeys (ConfUtils.java:logGet(43)) - raft.server.storage.dir = [/opt/src/hadoop-ozone/tools/target/test-dir/MiniOzoneClusterImpl-1a948341-2cb3-47c4-94f3-fd318447fbab/datanode-2/data/ratis] (custom)
2019-06-17 22:50:26,233 INFO  server.XceiverServerGrpc (XceiverServerGrpc.java:<init>(97)) - Found a free port for the server : 46083
2019-06-17 22:50:26,234 INFO  replication.SimpleContainerDownloader (SimpleContainerDownloader.java:<init>(72)) - Starting container downloader service to copy containers to replicate.
2019-06-17 22:50:26,236 INFO  hdfs.DFSUtil (DFSUtil.java:httpServerTemplateForNNAndJN(1641)) - Starting Web-server for hddsDatanode at: http://0.0.0.0:0
2019-06-17 22:50:26,238 INFO  server.AuthenticationFilter (AuthenticationFilter.java:constructSecretProvider(240)) - Unable to initialize FileSignerSecretProvider, falling back to use random secrets.
2019-06-17 22:50:26,238 WARN  http.HttpRequestLog (HttpRequestLog.java:getRequestLog(97)) - Jetty request log can only be enabled using Log4j
2019-06-17 22:50:26,240 INFO  http.HttpServer2 (HttpServer2.java:addGlobalFilter(975)) - Added global filter 'safety' (class=org.apache.hadoop.http.HttpServer2$QuotingInputFilter)
2019-06-17 22:50:26,241 INFO  http.HttpServer2 (HttpServer2.java:addFilter(948)) - Added filter static_user_filter (class=org.apache.hadoop.http.lib.StaticUserWebFilter$StaticUserFilter) to context hddsDatanode
2019-06-17 22:50:26,241 INFO  http.HttpServer2 (HttpServer2.java:addFilter(958)) - Added filter static_user_filter (class=org.apache.hadoop.http.lib.StaticUserWebFilter$StaticUserFilter) to context logs
2019-06-17 22:50:26,242 INFO  http.HttpServer2 (HttpServer2.java:addFilter(958)) - Added filter static_user_filter (class=org.apache.hadoop.http.lib.StaticUserWebFilter$StaticUserFilter) to context static
2019-06-17 22:50:26,242 INFO  http.HttpServer2 (HttpServer2.java:bindListener(1191)) - Jetty bound to port 39765
2019-06-17 22:50:26,243 INFO  server.Server (Server.java:doStart(351)) - jetty-9.3.24.v20180605, build timestamp: 2018-06-05T17:11:56Z, git hash: 84205aa28f11a4f31f2a3b86d1bba2cc8ab69827
2019-06-17 22:50:26,246 INFO  handler.ContextHandler (ContextHandler.java:doStart(781)) - Started o.e.j.s.ServletContextHandler@adcfad9{/logs,file:///opt/src/hadoop-ozone/tools/target/log,AVAILABLE}
2019-06-17 22:50:26,247 INFO  handler.ContextHandler (ContextHandler.java:doStart(781)) - Started o.e.j.s.ServletContextHandler@3a2e9f5b{/static,file:///opt/src/hadoop-hdds/container-service/target/classes/webapps/static,AVAILABLE}
2019-06-17 22:50:26,252 INFO  handler.ContextHandler (ContextHandler.java:doStart(781)) - Started o.e.j.w.WebAppContext@5584d9c6{/,file:///opt/src/hadoop-hdds/container-service/target/classes/webapps/hddsDatanode/,AVAILABLE}{/hddsDatanode}
2019-06-17 22:50:26,257 INFO  server.AbstractConnector (AbstractConnector.java:doStart(278)) - Started ServerConnector@3c9c6245{HTTP/1.1,[http/1.1]}{0.0.0.0:39765}
2019-06-17 22:50:26,258 INFO  server.Server (Server.java:doStart(419)) - Started @6196ms
2019-06-17 22:50:26,259 INFO  server.BaseHttpServer (BaseHttpServer.java:updateConnectorAddress(207)) - HTTP server of HDDSDATANODE is listening at http://0.0.0.0:39765
2019-06-17 22:50:26,537 INFO  ozone.HddsDatanodeService (HddsDatanodeService.java:startPlugins(396)) - Started plug-in org.apache.hadoop.ozone.web.OzoneHddsDatanodeService@62f11ebb
2019-06-17 22:50:26,542 INFO  ozone.MiniOzoneClusterImpl (MiniOzoneClusterImpl.java:lambda$waitForClusterToBeReady$0(142)) - Waiting for cluster to be ready. Got 0 of 3 DN Heartbeats.
2019-06-17 22:50:26,554 INFO  util.JvmPauseMonitor (JvmPauseMonitor.java:run(188)) - Starting JVM pause monitor
2019-06-17 22:50:26,556 INFO  datanode.InitDatanodeState (InitDatanodeState.java:persistContainerDatanodeDetails(140)) - DatanodeDetails is persisted to /opt/src/hadoop-ozone/tools/target/test-dir/MiniOzoneClusterImpl-1a948341-2cb3-47c4-94f3-fd318447fbab/datanode-2/meta/datanode.id
2019-06-17 22:50:27,542 INFO  ozone.MiniOzoneClusterImpl (MiniOzoneClusterImpl.java:lambda$waitForClusterToBeReady$0(142)) - Waiting for cluster to be ready. Got 0 of 3 DN Heartbeats.
2019-06-17 22:50:27,835 INFO  ozoneimpl.OzoneContainer (OzoneContainer.java:start(186)) - Attempting to start container services.
2019-06-17 22:50:27,836 INFO  ozoneimpl.OzoneContainer (OzoneContainer.java:startContainerScrub(160)) - Background container scrubber has been disabled by hdds.containerscrub.enabled
2019-06-17 22:50:27,836 INFO  ratis.XceiverServerRatis (XceiverServerRatis.java:start(418)) - Starting XceiverServerRatis e99900a8-bcf6-41e1-a05c-e0c9a3669907 at port 34199
2019-06-17 22:50:27,876 INFO  impl.RaftServerProxy (RaftServerProxy.java:lambda$start$3(299)) - e99900a8-bcf6-41e1-a05c-e0c9a3669907: start RPC server
2019-06-17 22:50:28,060 INFO  server.GrpcService (GrpcService.java:startImpl(148)) - e99900a8-bcf6-41e1-a05c-e0c9a3669907: GrpcService started, listening on 0.0.0.0/0.0.0.0:34199
2019-06-17 22:50:28,198 INFO  ozoneimpl.OzoneContainer (OzoneContainer.java:start(186)) - Attempting to start container services.
2019-06-17 22:50:28,200 INFO  ozoneimpl.OzoneContainer (OzoneContainer.java:startContainerScrub(160)) - Background container scrubber has been disabled by hdds.containerscrub.enabled
2019-06-17 22:50:28,200 INFO  ratis.XceiverServerRatis (XceiverServerRatis.java:start(418)) - Starting XceiverServerRatis 50e57e54-573a-4004-b9f3-4682b90fb6be at port 46031
2019-06-17 22:50:28,211 INFO  impl.RaftServerProxy (RaftServerProxy.java:lambda$start$3(299)) - 50e57e54-573a-4004-b9f3-4682b90fb6be: start RPC server
2019-06-17 22:50:28,215 INFO  server.GrpcService (GrpcService.java:startImpl(148)) - 50e57e54-573a-4004-b9f3-4682b90fb6be: GrpcService started, listening on 0.0.0.0/0.0.0.0:46031
2019-06-17 22:50:28,543 INFO  ozone.MiniOzoneClusterImpl (MiniOzoneClusterImpl.java:lambda$waitForClusterToBeReady$0(142)) - Waiting for cluster to be ready. Got 0 of 3 DN Heartbeats.
2019-06-17 22:50:28,559 INFO  ozoneimpl.OzoneContainer (OzoneContainer.java:start(186)) - Attempting to start container services.
2019-06-17 22:50:28,561 INFO  ozoneimpl.OzoneContainer (OzoneContainer.java:startContainerScrub(160)) - Background container scrubber has been disabled by hdds.containerscrub.enabled
2019-06-17 22:50:28,561 INFO  ratis.XceiverServerRatis (XceiverServerRatis.java:start(418)) - Starting XceiverServerRatis 715c2811-64f8-4a1e-a225-32d1c44d7330 at port 32971
2019-06-17 22:50:28,591 INFO  impl.RaftServerProxy (RaftServerProxy.java:lambda$start$3(299)) - 715c2811-64f8-4a1e-a225-32d1c44d7330: start RPC server
2019-06-17 22:50:28,595 INFO  server.GrpcService (GrpcService.java:startImpl(148)) - 715c2811-64f8-4a1e-a225-32d1c44d7330: GrpcService started, listening on 0.0.0.0/0.0.0.0:32971
2019-06-17 22:50:29,543 INFO  ozone.MiniOzoneClusterImpl (MiniOzoneClusterImpl.java:lambda$waitForClusterToBeReady$0(142)) - Waiting for cluster to be ready. Got 0 of 3 DN Heartbeats.
2019-06-17 22:50:29,833 INFO  net.NetworkTopology (NetworkTopologyImpl.java:add(109)) - Added a new node: /default-rack/192.168.105.167
2019-06-17 22:50:29,833 INFO  node.SCMNodeManager (SCMNodeManager.java:register(269)) - Registered Data node : e99900a8-bcf6-41e1-a05c-e0c9a3669907{ip: 192.168.105.167, host: ozone-unit-076618677d3qv27m-3129989020, networkLocation: /default-rack, certSerialId: null}
2019-06-17 22:50:29,836 INFO  safemode.SCMSafeModeManager (DataNodeSafeModeRule.java:process(71)) - SCM in safe mode. 1 DataNodes registered, 1 required.
2019-06-17 22:50:29,839 INFO  safemode.SCMSafeModeManager (SCMSafeModeManager.java:validateSafeModeExitRules(177)) - ScmSafeModeManager, all rules are successfully validated
2019-06-17 22:50:29,840 INFO  safemode.SCMSafeModeManager (SCMSafeModeManager.java:exitSafeMode(193)) - SCM exiting safe mode.
2019-06-17 22:50:30,193 INFO  node.SCMNodeManager (SCMNodeManager.java:register(269)) - Registered Data node : 50e57e54-573a-4004-b9f3-4682b90fb6be{ip: 192.168.105.167, host: ozone-unit-076618677d3qv27m-3129989020, networkLocation: /default-rack, certSerialId: null}
2019-06-17 22:50:30,397 INFO  impl.RaftServerProxy (RaftServerProxy.java:addNew(89)) - e99900a8-bcf6-41e1-a05c-e0c9a3669907: addNew group-04E5FEC9DF14:[e99900a8-bcf6-41e1-a05c-e0c9a3669907:192.168.105.167:34199] returns group-04E5FEC9DF14:java.util.concurrent.CompletableFuture@7d8ed65c[Not completed]
2019-06-17 22:50:30,431 INFO  impl.RaftServerImpl (RaftServerImpl.java:<init>(91)) - e99900a8-bcf6-41e1-a05c-e0c9a3669907: new RaftServerImpl for group-04E5FEC9DF14:[e99900a8-bcf6-41e1-a05c-e0c9a3669907:192.168.105.167:34199] with ContainerStateMachine:uninitialized
2019-06-17 22:50:30,434 INFO  server.RaftServerConfigKeys (ConfUtils.java:logGet(43)) - raft.server.rpc.timeout.min = 1s (custom)
2019-06-17 22:50:30,446 INFO  server.RaftServerConfigKeys (ConfUtils.java:logGet(43)) - raft.server.rpc.timeout.max = 1200ms (custom)
2019-06-17 22:50:30,448 INFO  server.RaftServerConfigKeys (ConfUtils.java:logGet(43)) - raft.server.rpcslowness.timeout = 120s (custom)
2019-06-17 22:50:30,454 INFO  server.RaftServerConfigKeys (ConfUtils.java:logGet(43)) - raft.server.log.appender.install.snapshot.enabled = true (default)
2019-06-17 22:50:30,462 INFO  impl.RaftServerImpl (ServerState.java:<init>(101)) - e99900a8-bcf6-41e1-a05c-e0c9a3669907:group-04E5FEC9DF14 ConfigurationManager, init=-1: [e99900a8-bcf6-41e1-a05c-e0c9a3669907:192.168.105.167:34199], old=null, confs=<EMPTY_MAP>
2019-06-17 22:50:30,463 INFO  server.RaftServerConfigKeys (ConfUtils.java:logGet(43)) - raft.server.storage.dir = [/opt/src/hadoop-ozone/tools/target/test-dir/MiniOzoneClusterImpl-1a948341-2cb3-47c4-94f3-fd318447fbab/datanode-0/data/ratis] (custom)
2019-06-17 22:50:30,472 INFO  storage.RaftStorageDirectory (RaftStorageDirectory.java:analyzeStorage(246)) - The storage directory /opt/src/hadoop-ozone/tools/target/test-dir/MiniOzoneClusterImpl-1a948341-2cb3-47c4-94f3-fd318447fbab/datanode-0/data/ratis/1beecfed-d019-44d5-9f8b-04e5fec9df14 does not exist. Creating ...
2019-06-17 22:50:30,485 INFO  storage.RaftStorageDirectory (RaftStorageDirectory.java:tryLock(328)) - Lock on /opt/src/hadoop-ozone/tools/target/test-dir/MiniOzoneClusterImpl-1a948341-2cb3-47c4-94f3-fd318447fbab/datanode-0/data/ratis/1beecfed-d019-44d5-9f8b-04e5fec9df14/in_use.lock acquired by nodename 18214@ozone-unit-076618677d3qv27m-3129989020
2019-06-17 22:50:30,526 INFO  storage.RaftStorage (RaftStorage.java:format(75)) - Storage directory /opt/src/hadoop-ozone/tools/target/test-dir/MiniOzoneClusterImpl-1a948341-2cb3-47c4-94f3-fd318447fbab/datanode-0/data/ratis/1beecfed-d019-44d5-9f8b-04e5fec9df14 has been successfully formatted.
2019-06-17 22:50:30,528 INFO  ratis.ContainerStateMachine (ContainerStateMachine.java:loadSnapshot(199)) - The snapshot info is null.Setting the last applied index to:(t:0, i:~)
2019-06-17 22:50:30,529 INFO  server.RaftServerConfigKeys (ConfUtils.java:logGet(43)) - raft.server.leader.election.timeout = 120s (custom)
2019-06-17 22:50:30,533 INFO  server.RaftServerConfigKeys (ConfUtils.java:logGet(43)) - raft.server.log.use.memory = false (default)
2019-06-17 22:50:30,536 INFO  server.RaftServerConfigKeys (ConfUtils.java:logGet(43)) - raft.server.log.appender.buffer.byte-limit = 33554432 (custom)
2019-06-17 22:50:30,540 INFO  server.RaftServerConfigKeys (ConfUtils.java:logGet(43)) - raft.server.log.segment.size.max = 16384 (custom)
2019-06-17 22:50:30,544 INFO  ozone.MiniOzoneClusterImpl (MiniOzoneClusterImpl.java:lambda$waitForClusterToBeReady$0(142)) - Waiting for cluster to be ready. Got 2 of 3 DN Heartbeats.
2019-06-17 22:50:30,552 INFO  server.RaftServerConfigKeys (ConfUtils.java:logGet(43)) - raft.server.log.segment.cache.num.max = 2 (custom)
2019-06-17 22:50:30,556 INFO  storage.RaftLogWorker (RaftLogWorker.java:<init>(123)) - new e99900a8-bcf6-41e1-a05c-e0c9a3669907-RaftLogWorker for Storage Directory /opt/src/hadoop-ozone/tools/target/test-dir/MiniOzoneClusterImpl-1a948341-2cb3-47c4-94f3-fd318447fbab/datanode-0/data/ratis/1beecfed-d019-44d5-9f8b-04e5fec9df14
2019-06-17 22:50:30,559 INFO  server.RaftServerConfigKeys (ConfUtils.java:logGet(43)) - raft.server.log.queue.byte-limit = 2147483647 (custom)
2019-06-17 22:50:30,560 INFO  server.RaftServerConfigKeys (ConfUtils.java:logGet(43)) - raft.server.log.queue.element-limit = 1024 (custom)
2019-06-17 22:50:30,562 INFO  server.RaftServerConfigKeys (ConfUtils.java:logGet(43)) - raft.server.log.segment.size.max = 16384 (custom)
2019-06-17 22:50:30,563 INFO  server.RaftServerConfigKeys (ConfUtils.java:logGet(43)) - raft.server.log.preallocated.size = 16384 (custom)
2019-06-17 22:50:30,564 INFO  server.RaftServerConfigKeys (ConfUtils.java:logGet(43)) - raft.server.log.write.buffer.size = 33554432 (custom)
2019-06-17 22:50:30,564 INFO  server.RaftServerConfigKeys (ConfUtils.java:logGet(43)) - raft.server.log.force.sync.num = 128 (default)
2019-06-17 22:50:30,568 INFO  server.RaftServerConfigKeys (ConfUtils.java:logGet(43)) - raft.server.log.statemachine.data.sync = true (default)
2019-06-17 22:50:30,568 INFO  server.RaftServerConfigKeys (ConfUtils.java:logGet(43)) - raft.server.log.statemachine.data.sync.timeout = 10s (default)
2019-06-17 22:50:30,570 INFO  server.RaftServerConfigKeys (ConfUtils.java:logGet(43)) - raft.server.log.statemachine.data.sync.timeout.retry = -1 (default)
2019-06-17 22:50:30,574 INFO  server.RaftServerConfigKeys (ConfUtils.java:logGet(43)) - raft.server.log.statemachine.data.caching.enabled = true (custom)
2019-06-17 22:50:30,578 INFO  node.SCMNodeManager (SCMNodeManager.java:register(269)) - Registered Data node : 715c2811-64f8-4a1e-a225-32d1c44d7330{ip: 192.168.105.167, host: ozone-unit-076618677d3qv27m-3129989020, networkLocation: /default-rack, certSerialId: null}
2019-06-17 22:50:30,582 INFO  server.RaftServerConfigKeys (ConfUtils.java:logGet(43)) - raft.server.snapshot.auto.trigger.enabled = true (custom)
2019-06-17 22:50:30,583 INFO  server.RaftServerConfigKeys (ConfUtils.java:logGet(43)) - raft.server.snapshot.auto.trigger.threshold = 10000 (custom)
2019-06-17 22:50:30,584 INFO  server.RaftServerConfigKeys (ConfUtils.java:logGet(43)) - raft.server.retrycache.expirytime = 600000ms (custom)
2019-06-17 22:50:30,611 INFO  impl.RaftServerImpl (RaftServerImpl.java:start(173)) - e99900a8-bcf6-41e1-a05c-e0c9a3669907: start group-04E5FEC9DF14
2019-06-17 22:50:30,612 INFO  impl.RaftServerImpl (RaftServerImpl.java:setRole(164)) - e99900a8-bcf6-41e1-a05c-e0c9a3669907:group-04E5FEC9DF14 changes role from null to FOLLOWER at term 0 for startAsFollower
2019-06-17 22:50:30,613 INFO  impl.RoleInfo (RoleInfo.java:updateAndGet(143)) - e99900a8-bcf6-41e1-a05c-e0c9a3669907: start FollowerState
2019-06-17 22:50:30,615 INFO  util.JmxRegister (JmxRegister.java:tryRegister(44)) - Successfully registered JMX Bean with object name Ratis:service=RaftServer,group=group-04E5FEC9DF14,id=e99900a8-bcf6-41e1-a05c-e0c9a3669907
2019-06-17 22:50:30,967 INFO  pipeline.PipelineStateManager (PipelineStateManager.java:addPipeline(56)) - Created pipeline Pipeline[ Id: 1beecfed-d019-44d5-9f8b-04e5fec9df14, Nodes: e99900a8-bcf6-41e1-a05c-e0c9a3669907{ip: 192.168.105.167, host: ozone-unit-076618677d3qv27m-3129989020, networkLocation: /default-rack, certSerialId: null}, Type:RATIS, Factor:ONE, State:OPEN]
2019-06-17 22:50:31,003 INFO  impl.RaftServerProxy (RaftServerProxy.java:addNew(89)) - 715c2811-64f8-4a1e-a225-32d1c44d7330: addNew group-80C82D521697:[715c2811-64f8-4a1e-a225-32d1c44d7330:192.168.105.167:32971] returns group-80C82D521697:java.util.concurrent.CompletableFuture@1bebd245[Not completed]
2019-06-17 22:50:31,032 INFO  impl.RaftServerImpl (RaftServerImpl.java:<init>(91)) - 715c2811-64f8-4a1e-a225-32d1c44d7330: new RaftServerImpl for group-80C82D521697:[715c2811-64f8-4a1e-a225-32d1c44d7330:192.168.105.167:32971] with ContainerStateMachine:uninitialized
2019-06-17 22:50:31,034 INFO  server.RaftServerConfigKeys (ConfUtils.java:logGet(43)) - raft.server.rpc.timeout.min = 1s (custom)
2019-06-17 22:50:31,034 INFO  server.RaftServerConfigKeys (ConfUtils.java:logGet(43)) - raft.server.rpc.timeout.max = 1200ms (custom)
2019-06-17 22:50:31,034 INFO  server.RaftServerConfigKeys (ConfUtils.java:logGet(43)) - raft.server.rpcslowness.timeout = 120s (custom)
2019-06-17 22:50:31,035 INFO  server.RaftServerConfigKeys (ConfUtils.java:logGet(43)) - raft.server.log.appender.install.snapshot.enabled = true (default)
2019-06-17 22:50:31,035 INFO  impl.RaftServerImpl (ServerState.java:<init>(101)) - 715c2811-64f8-4a1e-a225-32d1c44d7330:group-80C82D521697 ConfigurationManager, init=-1: [715c2811-64f8-4a1e-a225-32d1c44d7330:192.168.105.167:32971], old=null, confs=<EMPTY_MAP>
2019-06-17 22:50:31,035 INFO  server.RaftServerConfigKeys (ConfUtils.java:logGet(43)) - raft.server.storage.dir = [/opt/src/hadoop-ozone/tools/target/test-dir/MiniOzoneClusterImpl-1a948341-2cb3-47c4-94f3-fd318447fbab/datanode-2/data/ratis] (custom)
2019-06-17 22:50:31,035 INFO  storage.RaftStorageDirectory (RaftStorageDirectory.java:analyzeStorage(246)) - The storage directory /opt/src/hadoop-ozone/tools/target/test-dir/MiniOzoneClusterImpl-1a948341-2cb3-47c4-94f3-fd318447fbab/datanode-2/data/ratis/5003cd60-ad4b-40a4-ba17-80c82d521697 does not exist. Creating ...
2019-06-17 22:50:31,041 INFO  storage.RaftStorageDirectory (RaftStorageDirectory.java:tryLock(328)) - Lock on /opt/src/hadoop-ozone/tools/target/test-dir/MiniOzoneClusterImpl-1a948341-2cb3-47c4-94f3-fd318447fbab/datanode-2/data/ratis/5003cd60-ad4b-40a4-ba17-80c82d521697/in_use.lock acquired by nodename 18214@ozone-unit-076618677d3qv27m-3129989020
2019-06-17 22:50:31,043 INFO  storage.RaftStorage (RaftStorage.java:format(75)) - Storage directory /opt/src/hadoop-ozone/tools/target/test-dir/MiniOzoneClusterImpl-1a948341-2cb3-47c4-94f3-fd318447fbab/datanode-2/data/ratis/5003cd60-ad4b-40a4-ba17-80c82d521697 has been successfully formatted.
2019-06-17 22:50:31,044 INFO  ratis.ContainerStateMachine (ContainerStateMachine.java:loadSnapshot(199)) - The snapshot info is null.Setting the last applied index to:(t:0, i:~)
2019-06-17 22:50:31,045 INFO  server.RaftServerConfigKeys (ConfUtils.java:logGet(43)) - raft.server.leader.election.timeout = 120s (custom)
2019-06-17 22:50:31,045 INFO  server.RaftServerConfigKeys (ConfUtils.java:logGet(43)) - raft.server.log.use.memory = false (default)
2019-06-17 22:50:31,045 INFO  server.RaftServerConfigKeys (ConfUtils.java:logGet(43)) - raft.server.log.appender.buffer.byte-limit = 33554432 (custom)
2019-06-17 22:50:31,046 INFO  server.RaftServerConfigKeys (ConfUtils.java:logGet(43)) - raft.server.log.segment.size.max = 16384 (custom)
2019-06-17 22:50:31,046 INFO  server.RaftServerConfigKeys (ConfUtils.java:logGet(43)) - raft.server.log.segment.cache.num.max = 2 (custom)
2019-06-17 22:50:31,046 INFO  storage.RaftLogWorker (RaftLogWorker.java:<init>(123)) - new 715c2811-64f8-4a1e-a225-32d1c44d7330-RaftLogWorker for Storage Directory /opt/src/hadoop-ozone/tools/target/test-dir/MiniOzoneClusterImpl-1a948341-2cb3-47c4-94f3-fd318447fbab/datanode-2/data/ratis/5003cd60-ad4b-40a4-ba17-80c82d521697
2019-06-17 22:50:31,047 INFO  server.RaftServerConfigKeys (ConfUtils.java:logGet(43)) - raft.server.log.queue.byte-limit = 2147483647 (custom)
2019-06-17 22:50:31,047 INFO  server.RaftServerConfigKeys (ConfUtils.java:logGet(43)) - raft.server.log.queue.element-limit = 1024 (custom)
2019-06-17 22:50:31,047 INFO  server.RaftServerConfigKeys (ConfUtils.java:logGet(43)) - raft.server.log.segment.size.max = 16384 (custom)
2019-06-17 22:50:31,047 INFO  server.RaftServerConfigKeys (ConfUtils.java:logGet(43)) - raft.server.log.preallocated.size = 16384 (custom)
2019-06-17 22:50:31,047 INFO  server.RaftServerConfigKeys (ConfUtils.java:logGet(43)) - raft.server.log.write.buffer.size = 33554432 (custom)
2019-06-17 22:50:31,047 INFO  server.RaftServerConfigKeys (ConfUtils.java:logGet(43)) - raft.server.log.force.sync.num = 128 (default)
2019-06-17 22:50:31,048 INFO  server.RaftServerConfigKeys (ConfUtils.java:logGet(43)) - raft.server.log.statemachine.data.sync = true (default)
2019-06-17 22:50:31,048 INFO  server.RaftServerConfigKeys (ConfUtils.java:logGet(43)) - raft.server.log.statemachine.data.sync.timeout = 10s (default)
2019-06-17 22:50:31,048 INFO  server.RaftServerConfigKeys (ConfUtils.java:logGet(43)) - raft.server.log.statemachine.data.sync.timeout.retry = -1 (default)
2019-06-17 22:50:31,048 INFO  server.RaftServerConfigKeys (ConfUtils.java:logGet(43)) - raft.server.log.statemachine.data.caching.enabled = true (custom)
2019-06-17 22:50:31,049 INFO  server.RaftServerConfigKeys (ConfUtils.java:logGet(43)) - raft.server.snapshot.auto.trigger.enabled = true (custom)
2019-06-17 22:50:31,049 INFO  server.RaftServerConfigKeys (ConfUtils.java:logGet(43)) - raft.server.snapshot.auto.trigger.threshold = 10000 (custom)
2019-06-17 22:50:31,049 INFO  server.RaftServerConfigKeys (ConfUtils.java:logGet(43)) - raft.server.retrycache.expirytime = 600000ms (custom)
2019-06-17 22:50:31,049 INFO  impl.RaftServerImpl (RaftServerImpl.java:start(173)) - 715c2811-64f8-4a1e-a225-32d1c44d7330: start group-80C82D521697
2019-06-17 22:50:31,049 INFO  impl.RaftServerImpl (RaftServerImpl.java:setRole(164)) - 715c2811-64f8-4a1e-a225-32d1c44d7330:group-80C82D521697 changes role from null to FOLLOWER at term 0 for startAsFollower
2019-06-17 22:50:31,050 INFO  impl.RoleInfo (RoleInfo.java:updateAndGet(143)) - 715c2811-64f8-4a1e-a225-32d1c44d7330: start FollowerState
2019-06-17 22:50:31,051 INFO  util.JmxRegister (JmxRegister.java:tryRegister(44)) - Successfully registered JMX Bean with object name Ratis:service=RaftServer,group=group-80C82D521697,id=715c2811-64f8-4a1e-a225-32d1c44d7330
2019-06-17 22:50:31,068 INFO  pipeline.PipelineStateManager (PipelineStateManager.java:addPipeline(56)) - Created pipeline Pipeline[ Id: 5003cd60-ad4b-40a4-ba17-80c82d521697, Nodes: 715c2811-64f8-4a1e-a225-32d1c44d7330{ip: 192.168.105.167, host: ozone-unit-076618677d3qv27m-3129989020, networkLocation: /default-rack, certSerialId: null}, Type:RATIS, Factor:ONE, State:OPEN]
2019-06-17 22:50:31,094 INFO  impl.RaftServerProxy (RaftServerProxy.java:addNew(89)) - 50e57e54-573a-4004-b9f3-4682b90fb6be: addNew group-67B735AE902A:[50e57e54-573a-4004-b9f3-4682b90fb6be:192.168.105.167:46031] returns group-67B735AE902A:java.util.concurrent.CompletableFuture@2c847607[Not completed]
2019-06-17 22:50:31,098 INFO  impl.RaftServerImpl (RaftServerImpl.java:<init>(91)) - 50e57e54-573a-4004-b9f3-4682b90fb6be: new RaftServerImpl for group-67B735AE902A:[50e57e54-573a-4004-b9f3-4682b90fb6be:192.168.105.167:46031] with ContainerStateMachine:uninitialized
2019-06-17 22:50:31,099 INFO  server.RaftServerConfigKeys (ConfUtils.java:logGet(43)) - raft.server.rpc.timeout.min = 1s (custom)
2019-06-17 22:50:31,100 INFO  server.RaftServerConfigKeys (ConfUtils.java:logGet(43)) - raft.server.rpc.timeout.max = 1200ms (custom)
2019-06-17 22:50:31,100 INFO  server.RaftServerConfigKeys (ConfUtils.java:logGet(43)) - raft.server.rpcslowness.timeout = 120s (custom)
2019-06-17 22:50:31,100 INFO  server.RaftServerConfigKeys (ConfUtils.java:logGet(43)) - raft.server.log.appender.install.snapshot.enabled = true (default)
2019-06-17 22:50:31,100 INFO  impl.RaftServerImpl (ServerState.java:<init>(101)) - 50e57e54-573a-4004-b9f3-4682b90fb6be:group-67B735AE902A ConfigurationManager, init=-1: [50e57e54-573a-4004-b9f3-4682b90fb6be:192.168.105.167:46031], old=null, confs=<EMPTY_MAP>
2019-06-17 22:50:31,100 INFO  server.RaftServerConfigKeys (ConfUtils.java:logGet(43)) - raft.server.storage.dir = [/opt/src/hadoop-ozone/tools/target/test-dir/MiniOzoneClusterImpl-1a948341-2cb3-47c4-94f3-fd318447fbab/datanode-1/data/ratis] (custom)
2019-06-17 22:50:31,100 INFO  storage.RaftStorageDirectory (RaftStorageDirectory.java:analyzeStorage(246)) - The storage directory /opt/src/hadoop-ozone/tools/target/test-dir/MiniOzoneClusterImpl-1a948341-2cb3-47c4-94f3-fd318447fbab/datanode-1/data/ratis/172612f7-80eb-4a69-ad74-67b735ae902a does not exist. Creating ...
2019-06-17 22:50:31,104 INFO  storage.RaftStorageDirectory (RaftStorageDirectory.java:tryLock(328)) - Lock on /opt/src/hadoop-ozone/tools/target/test-dir/MiniOzoneClusterImpl-1a948341-2cb3-47c4-94f3-fd318447fbab/datanode-1/data/ratis/172612f7-80eb-4a69-ad74-67b735ae902a/in_use.lock acquired by nodename 18214@ozone-unit-076618677d3qv27m-3129989020
2019-06-17 22:50:31,107 INFO  storage.RaftStorage (RaftStorage.java:format(75)) - Storage directory /opt/src/hadoop-ozone/tools/target/test-dir/MiniOzoneClusterImpl-1a948341-2cb3-47c4-94f3-fd318447fbab/datanode-1/data/ratis/172612f7-80eb-4a69-ad74-67b735ae902a has been successfully formatted.
2019-06-17 22:50:31,107 INFO  ratis.ContainerStateMachine (ContainerStateMachine.java:loadSnapshot(199)) - The snapshot info is null.Setting the last applied index to:(t:0, i:~)
2019-06-17 22:50:31,107 INFO  server.RaftServerConfigKeys (ConfUtils.java:logGet(43)) - raft.server.leader.election.timeout = 120s (custom)
2019-06-17 22:50:31,107 INFO  server.RaftServerConfigKeys (ConfUtils.java:logGet(43)) - raft.server.log.use.memory = false (default)
2019-06-17 22:50:31,108 INFO  server.RaftServerConfigKeys (ConfUtils.java:logGet(43)) - raft.server.log.appender.buffer.byte-limit = 33554432 (custom)
2019-06-17 22:50:31,108 INFO  server.RaftServerConfigKeys (ConfUtils.java:logGet(43)) - raft.server.log.segment.size.max = 16384 (custom)
2019-06-17 22:50:31,108 INFO  server.RaftServerConfigKeys (ConfUtils.java:logGet(43)) - raft.server.log.segment.cache.num.max = 2 (custom)
2019-06-17 22:50:31,108 INFO  storage.RaftLogWorker (RaftLogWorker.java:<init>(123)) - new 50e57e54-573a-4004-b9f3-4682b90fb6be-RaftLogWorker for Storage Directory /opt/src/hadoop-ozone/tools/target/test-dir/MiniOzoneClusterImpl-1a948341-2cb3-47c4-94f3-fd318447fbab/datanode-1/data/ratis/172612f7-80eb-4a69-ad74-67b735ae902a
2019-06-17 22:50:31,108 INFO  server.RaftServerConfigKeys (ConfUtils.java:logGet(43)) - raft.server.log.queue.byte-limit = 2147483647 (custom)
2019-06-17 22:50:31,108 INFO  server.RaftServerConfigKeys (ConfUtils.java:logGet(43)) - raft.server.log.queue.element-limit = 1024 (custom)
2019-06-17 22:50:31,108 INFO  server.RaftServerConfigKeys (ConfUtils.java:logGet(43)) - raft.server.log.segment.size.max = 16384 (custom)
2019-06-17 22:50:31,109 INFO  server.RaftServerConfigKeys (ConfUtils.java:logGet(43)) - raft.server.log.preallocated.size = 16384 (custom)
2019-06-17 22:50:31,109 INFO  server.RaftServerConfigKeys (ConfUtils.java:logGet(43)) - raft.server.log.write.buffer.size = 33554432 (custom)
2019-06-17 22:50:31,109 INFO  server.RaftServerConfigKeys (ConfUtils.java:logGet(43)) - raft.server.log.force.sync.num = 128 (default)
2019-06-17 22:50:31,109 INFO  server.RaftServerConfigKeys (ConfUtils.java:logGet(43)) - raft.server.log.statemachine.data.sync = true (default)
2019-06-17 22:50:31,109 INFO  server.RaftServerConfigKeys (ConfUtils.java:logGet(43)) - raft.server.log.statemachine.data.sync.timeout = 10s (default)
2019-06-17 22:50:31,109 INFO  server.RaftServerConfigKeys (ConfUtils.java:logGet(43)) - raft.server.log.statemachine.data.sync.timeout.retry = -1 (default)
2019-06-17 22:50:31,110 INFO  server.RaftServerConfigKeys (ConfUtils.java:logGet(43)) - raft.server.log.statemachine.data.caching.enabled = true (custom)
2019-06-17 22:50:31,110 INFO  server.RaftServerConfigKeys (ConfUtils.java:logGet(43)) - raft.server.snapshot.auto.trigger.enabled = true (custom)
2019-06-17 22:50:31,110 INFO  server.RaftServerConfigKeys (ConfUtils.java:logGet(43)) - raft.server.snapshot.auto.trigger.threshold = 10000 (custom)
2019-06-17 22:50:31,110 INFO  server.RaftServerConfigKeys (ConfUtils.java:logGet(43)) - raft.server.retrycache.expirytime = 600000ms (custom)
2019-06-17 22:50:31,111 INFO  impl.RaftServerImpl (RaftServerImpl.java:start(173)) - 50e57e54-573a-4004-b9f3-4682b90fb6be: start group-67B735AE902A
2019-06-17 22:50:31,111 INFO  impl.RaftServerImpl (RaftServerImpl.java:setRole(164)) - 50e57e54-573a-4004-b9f3-4682b90fb6be:group-67B735AE902A changes role from null to FOLLOWER at term 0 for startAsFollower
2019-06-17 22:50:31,111 INFO  impl.RoleInfo (RoleInfo.java:updateAndGet(143)) - 50e57e54-573a-4004-b9f3-4682b90fb6be: start FollowerState
2019-06-17 22:50:31,111 INFO  util.JmxRegister (JmxRegister.java:tryRegister(44)) - Successfully registered JMX Bean with object name Ratis:service=RaftServer,group=group-67B735AE902A,id=50e57e54-573a-4004-b9f3-4682b90fb6be
2019-06-17 22:50:31,124 INFO  pipeline.PipelineStateManager (PipelineStateManager.java:addPipeline(56)) - Created pipeline Pipeline[ Id: 172612f7-80eb-4a69-ad74-67b735ae902a, Nodes: 50e57e54-573a-4004-b9f3-4682b90fb6be{ip: 192.168.105.167, host: ozone-unit-076618677d3qv27m-3129989020, networkLocation: /default-rack, certSerialId: null}, Type:RATIS, Factor:ONE, State:OPEN]
2019-06-17 22:50:31,163 INFO  impl.RaftServerProxy (RaftServerProxy.java:addNew(89)) - 715c2811-64f8-4a1e-a225-32d1c44d7330: addNew group-7B74F87E6226:[715c2811-64f8-4a1e-a225-32d1c44d7330:192.168.105.167:32971, e99900a8-bcf6-41e1-a05c-e0c9a3669907:192.168.105.167:34199, 50e57e54-573a-4004-b9f3-4682b90fb6be:192.168.105.167:46031] returns group-7B74F87E6226:java.util.concurrent.CompletableFuture@5bea900c[Not completed]
2019-06-17 22:50:31,164 INFO  impl.RaftServerImpl (RaftServerImpl.java:<init>(91)) - 715c2811-64f8-4a1e-a225-32d1c44d7330: new RaftServerImpl for group-7B74F87E6226:[715c2811-64f8-4a1e-a225-32d1c44d7330:192.168.105.167:32971, e99900a8-bcf6-41e1-a05c-e0c9a3669907:192.168.105.167:34199, 50e57e54-573a-4004-b9f3-4682b90fb6be:192.168.105.167:46031] with ContainerStateMachine:uninitialized
2019-06-17 22:50:31,166 INFO  server.RaftServerConfigKeys (ConfUtils.java:logGet(43)) - raft.server.rpc.timeout.min = 1s (custom)
2019-06-17 22:50:31,166 INFO  server.RaftServerConfigKeys (ConfUtils.java:logGet(43)) - raft.server.rpc.timeout.max = 1200ms (custom)
2019-06-17 22:50:31,166 INFO  server.RaftServerConfigKeys (ConfUtils.java:logGet(43)) - raft.server.rpcslowness.timeout = 120s (custom)
2019-06-17 22:50:31,166 INFO  server.RaftServerConfigKeys (ConfUtils.java:logGet(43)) - raft.server.log.appender.install.snapshot.enabled = true (default)
2019-06-17 22:50:31,166 INFO  impl.RaftServerImpl (ServerState.java:<init>(101)) - 715c2811-64f8-4a1e-a225-32d1c44d7330:group-7B74F87E6226 ConfigurationManager, init=-1: [715c2811-64f8-4a1e-a225-32d1c44d7330:192.168.105.167:32971, e99900a8-bcf6-41e1-a05c-e0c9a3669907:192.168.105.167:34199, 50e57e54-573a-4004-b9f3-4682b90fb6be:192.168.105.167:46031], old=null, confs=<EMPTY_MAP>
2019-06-17 22:50:31,167 INFO  server.RaftServerConfigKeys (ConfUtils.java:logGet(43)) - raft.server.storage.dir = [/opt/src/hadoop-ozone/tools/target/test-dir/MiniOzoneClusterImpl-1a948341-2cb3-47c4-94f3-fd318447fbab/datanode-2/data/ratis] (custom)
2019-06-17 22:50:31,167 INFO  storage.RaftStorageDirectory (RaftStorageDirectory.java:analyzeStorage(246)) - The storage directory /opt/src/hadoop-ozone/tools/target/test-dir/MiniOzoneClusterImpl-1a948341-2cb3-47c4-94f3-fd318447fbab/datanode-2/data/ratis/633f6f37-8c89-44d6-a439-7b74f87e6226 does not exist. Creating ...
2019-06-17 22:50:31,171 INFO  storage.RaftStorageDirectory (RaftStorageDirectory.java:tryLock(328)) - Lock on /opt/src/hadoop-ozone/tools/target/test-dir/MiniOzoneClusterImpl-1a948341-2cb3-47c4-94f3-fd318447fbab/datanode-2/data/ratis/633f6f37-8c89-44d6-a439-7b74f87e6226/in_use.lock acquired by nodename 18214@ozone-unit-076618677d3qv27m-3129989020
2019-06-17 22:50:31,174 INFO  storage.RaftStorage (RaftStorage.java:format(75)) - Storage directory /opt/src/hadoop-ozone/tools/target/test-dir/MiniOzoneClusterImpl-1a948341-2cb3-47c4-94f3-fd318447fbab/datanode-2/data/ratis/633f6f37-8c89-44d6-a439-7b74f87e6226 has been successfully formatted.
2019-06-17 22:50:31,174 INFO  ratis.ContainerStateMachine (ContainerStateMachine.java:loadSnapshot(199)) - The snapshot info is null.Setting the last applied index to:(t:0, i:~)
2019-06-17 22:50:31,175 INFO  server.RaftServerConfigKeys (ConfUtils.java:logGet(43)) - raft.server.leader.election.timeout = 120s (custom)
2019-06-17 22:50:31,175 INFO  server.RaftServerConfigKeys (ConfUtils.java:logGet(43)) - raft.server.log.use.memory = false (default)
2019-06-17 22:50:31,175 INFO  server.RaftServerConfigKeys (ConfUtils.java:logGet(43)) - raft.server.log.appender.buffer.byte-limit = 33554432 (custom)
2019-06-17 22:50:31,175 INFO  server.RaftServerConfigKeys (ConfUtils.java:logGet(43)) - raft.server.log.segment.size.max = 16384 (custom)
2019-06-17 22:50:31,178 INFO  server.RaftServerConfigKeys (ConfUtils.java:logGet(43)) - raft.server.log.segment.cache.num.max = 2 (custom)
2019-06-17 22:50:31,178 INFO  storage.RaftLogWorker (RaftLogWorker.java:<init>(123)) - new 715c2811-64f8-4a1e-a225-32d1c44d7330-RaftLogWorker for Storage Directory /opt/src/hadoop-ozone/tools/target/test-dir/MiniOzoneClusterImpl-1a948341-2cb3-47c4-94f3-fd318447fbab/datanode-2/data/ratis/633f6f37-8c89-44d6-a439-7b74f87e6226
2019-06-17 22:50:31,179 INFO  server.RaftServerConfigKeys (ConfUtils.java:logGet(43)) - raft.server.log.queue.byte-limit = 2147483647 (custom)
2019-06-17 22:50:31,180 INFO  impl.RaftServerProxy (RaftServerProxy.java:addNew(89)) - e99900a8-bcf6-41e1-a05c-e0c9a3669907: addNew group-7B74F87E6226:[715c2811-64f8-4a1e-a225-32d1c44d7330:192.168.105.167:32971, e99900a8-bcf6-41e1-a05c-e0c9a3669907:192.168.105.167:34199, 50e57e54-573a-4004-b9f3-4682b90fb6be:192.168.105.167:46031] returns group-7B74F87E6226:java.util.concurrent.CompletableFuture@757d02e9[Not completed]
2019-06-17 22:50:31,180 INFO  server.RaftServerConfigKeys (ConfUtils.java:logGet(43)) - raft.server.log.queue.element-limit = 1024 (custom)
2019-06-17 22:50:31,181 INFO  server.RaftServerConfigKeys (ConfUtils.java:logGet(43)) - raft.server.log.segment.size.max = 16384 (custom)
2019-06-17 22:50:31,189 INFO  impl.RaftServerProxy (RaftServerProxy.java:addNew(89)) - 50e57e54-573a-4004-b9f3-4682b90fb6be: addNew group-7B74F87E6226:[715c2811-64f8-4a1e-a225-32d1c44d7330:192.168.105.167:32971, e99900a8-bcf6-41e1-a05c-e0c9a3669907:192.168.105.167:34199, 50e57e54-573a-4004-b9f3-4682b90fb6be:192.168.105.167:46031] returns group-7B74F87E6226:java.util.concurrent.CompletableFuture@3386df89[Not completed]
2019-06-17 22:50:31,182 INFO  impl.RaftServerImpl (RaftServerImpl.java:<init>(91)) - e99900a8-bcf6-41e1-a05c-e0c9a3669907: new RaftServerImpl for group-7B74F87E6226:[715c2811-64f8-4a1e-a225-32d1c44d7330:192.168.105.167:32971, e99900a8-bcf6-41e1-a05c-e0c9a3669907:192.168.105.167:34199, 50e57e54-573a-4004-b9f3-4682b90fb6be:192.168.105.167:46031] with ContainerStateMachine:uninitialized
2019-06-17 22:50:31,189 INFO  server.RaftServerConfigKeys (ConfUtils.java:logGet(43)) - raft.server.rpc.timeout.min = 1s (custom)
2019-06-17 22:50:31,190 INFO  server.RaftServerConfigKeys (ConfUtils.java:logGet(43)) - raft.server.rpc.timeout.max = 1200ms (custom)
2019-06-17 22:50:31,190 INFO  impl.RaftServerImpl (RaftServerImpl.java:<init>(91)) - 50e57e54-573a-4004-b9f3-4682b90fb6be: new RaftServerImpl for group-7B74F87E6226:[715c2811-64f8-4a1e-a225-32d1c44d7330:192.168.105.167:32971, e99900a8-bcf6-41e1-a05c-e0c9a3669907:192.168.105.167:34199, 50e57e54-573a-4004-b9f3-4682b90fb6be:192.168.105.167:46031] with ContainerStateMachine:uninitialized
2019-06-17 22:50:31,189 INFO  server.RaftServerConfigKeys (ConfUtils.java:logGet(43)) - raft.server.log.preallocated.size = 16384 (custom)
2019-06-17 22:50:31,190 INFO  server.RaftServerConfigKeys (ConfUtils.java:logGet(43)) - raft.server.rpc.timeout.min = 1s (custom)
2019-06-17 22:50:31,190 INFO  server.RaftServerConfigKeys (ConfUtils.java:logGet(43)) - raft.server.rpcslowness.timeout = 120s (custom)
2019-06-17 22:50:31,190 INFO  server.RaftServerConfigKeys (ConfUtils.java:logGet(43)) - raft.server.rpc.timeout.max = 1200ms (custom)
2019-06-17 22:50:31,190 INFO  server.RaftServerConfigKeys (ConfUtils.java:logGet(43)) - raft.server.log.write.buffer.size = 33554432 (custom)
2019-06-17 22:50:31,190 INFO  server.RaftServerConfigKeys (ConfUtils.java:logGet(43)) - raft.server.rpcslowness.timeout = 120s (custom)
2019-06-17 22:50:31,190 INFO  server.RaftServerConfigKeys (ConfUtils.java:logGet(43)) - raft.server.log.appender.install.snapshot.enabled = true (default)
2019-06-17 22:50:31,190 INFO  server.RaftServerConfigKeys (ConfUtils.java:logGet(43)) - raft.server.log.appender.install.snapshot.enabled = true (default)
2019-06-17 22:50:31,190 INFO  server.RaftServerConfigKeys (ConfUtils.java:logGet(43)) - raft.server.log.force.sync.num = 128 (default)
2019-06-17 22:50:31,191 INFO  impl.RaftServerImpl (ServerState.java:<init>(101)) - 50e57e54-573a-4004-b9f3-4682b90fb6be:group-7B74F87E6226 ConfigurationManager, init=-1: [715c2811-64f8-4a1e-a225-32d1c44d7330:192.168.105.167:32971, e99900a8-bcf6-41e1-a05c-e0c9a3669907:192.168.105.167:34199, 50e57e54-573a-4004-b9f3-4682b90fb6be:192.168.105.167:46031], old=null, confs=<EMPTY_MAP>
2019-06-17 22:50:31,191 INFO  impl.RaftServerImpl (ServerState.java:<init>(101)) - e99900a8-bcf6-41e1-a05c-e0c9a3669907:group-7B74F87E6226 ConfigurationManager, init=-1: [715c2811-64f8-4a1e-a225-32d1c44d7330:192.168.105.167:32971, e99900a8-bcf6-41e1-a05c-e0c9a3669907:192.168.105.167:34199, 50e57e54-573a-4004-b9f3-4682b90fb6be:192.168.105.167:46031], old=null, confs=<EMPTY_MAP>
2019-06-17 22:50:31,191 INFO  server.RaftServerConfigKeys (ConfUtils.java:logGet(43)) - raft.server.storage.dir = [/opt/src/hadoop-ozone/tools/target/test-dir/MiniOzoneClusterImpl-1a948341-2cb3-47c4-94f3-fd318447fbab/datanode-1/data/ratis] (custom)
2019-06-17 22:50:31,191 INFO  server.RaftServerConfigKeys (ConfUtils.java:logGet(43)) - raft.server.log.statemachine.data.sync = true (default)
2019-06-17 22:50:31,191 INFO  server.RaftServerConfigKeys (ConfUtils.java:logGet(43)) - raft.server.storage.dir = [/opt/src/hadoop-ozone/tools/target/test-dir/MiniOzoneClusterImpl-1a948341-2cb3-47c4-94f3-fd318447fbab/datanode-0/data/ratis] (custom)
2019-06-17 22:50:31,191 INFO  storage.RaftStorageDirectory (RaftStorageDirectory.java:analyzeStorage(246)) - The storage directory /opt/src/hadoop-ozone/tools/target/test-dir/MiniOzoneClusterImpl-1a948341-2cb3-47c4-94f3-fd318447fbab/datanode-1/data/ratis/633f6f37-8c89-44d6-a439-7b74f87e6226 does not exist. Creating ...
2019-06-17 22:50:31,191 INFO  storage.RaftStorageDirectory (RaftStorageDirectory.java:analyzeStorage(246)) - The storage directory /opt/src/hadoop-ozone/tools/target/test-dir/MiniOzoneClusterImpl-1a948341-2cb3-47c4-94f3-fd318447fbab/datanode-0/data/ratis/633f6f37-8c89-44d6-a439-7b74f87e6226 does not exist. Creating ...
2019-06-17 22:50:31,192 INFO  server.RaftServerConfigKeys (ConfUtils.java:logGet(43)) - raft.server.log.statemachine.data.sync.timeout = 10s (default)
2019-06-17 22:50:31,192 INFO  server.RaftServerConfigKeys (ConfUtils.java:logGet(43)) - raft.server.log.statemachine.data.sync.timeout.retry = -1 (default)
2019-06-17 22:50:31,192 INFO  server.RaftServerConfigKeys (ConfUtils.java:logGet(43)) - raft.server.log.statemachine.data.caching.enabled = true (custom)
2019-06-17 22:50:31,194 INFO  storage.RaftStorageDirectory (RaftStorageDirectory.java:tryLock(328)) - Lock on /opt/src/hadoop-ozone/tools/target/test-dir/MiniOzoneClusterImpl-1a948341-2cb3-47c4-94f3-fd318447fbab/datanode-0/data/ratis/633f6f37-8c89-44d6-a439-7b74f87e6226/in_use.lock acquired by nodename 18214@ozone-unit-076618677d3qv27m-3129989020
2019-06-17 22:50:31,194 INFO  server.RaftServerConfigKeys (ConfUtils.java:logGet(43)) - raft.server.snapshot.auto.trigger.enabled = true (custom)
2019-06-17 22:50:31,194 INFO  storage.RaftStorageDirectory (RaftStorageDirectory.java:tryLock(328)) - Lock on /opt/src/hadoop-ozone/tools/target/test-dir/MiniOzoneClusterImpl-1a948341-2cb3-47c4-94f3-fd318447fbab/datanode-1/data/ratis/633f6f37-8c89-44d6-a439-7b74f87e6226/in_use.lock acquired by nodename 18214@ozone-unit-076618677d3qv27m-3129989020
2019-06-17 22:50:31,195 INFO  server.RaftServerConfigKeys (ConfUtils.java:logGet(43)) - raft.server.snapshot.auto.trigger.threshold = 10000 (custom)
2019-06-17 22:50:31,195 INFO  server.RaftServerConfigKeys (ConfUtils.java:logGet(43)) - raft.server.retrycache.expirytime = 600000ms (custom)
2019-06-17 22:50:31,195 INFO  impl.RaftServerImpl (RaftServerImpl.java:start(173)) - 715c2811-64f8-4a1e-a225-32d1c44d7330: start group-7B74F87E6226
2019-06-17 22:50:31,196 INFO  impl.RaftServerImpl (RaftServerImpl.java:setRole(164)) - 715c2811-64f8-4a1e-a225-32d1c44d7330:group-7B74F87E6226 changes role from null to FOLLOWER at term 0 for startAsFollower
2019-06-17 22:50:31,196 INFO  impl.RoleInfo (RoleInfo.java:updateAndGet(143)) - 715c2811-64f8-4a1e-a225-32d1c44d7330: start FollowerState
2019-06-17 22:50:31,196 INFO  util.JmxRegister (JmxRegister.java:tryRegister(44)) - Successfully registered JMX Bean with object name Ratis:service=RaftServer,group=group-7B74F87E6226,id=715c2811-64f8-4a1e-a225-32d1c44d7330
2019-06-17 22:50:31,197 INFO  storage.RaftStorage (RaftStorage.java:format(75)) - Storage directory /opt/src/hadoop-ozone/tools/target/test-dir/MiniOzoneClusterImpl-1a948341-2cb3-47c4-94f3-fd318447fbab/datanode-1/data/ratis/633f6f37-8c89-44d6-a439-7b74f87e6226 has been successfully formatted.
2019-06-17 22:50:31,197 INFO  storage.RaftStorage (RaftStorage.java:format(75)) - Storage directory /opt/src/hadoop-ozone/tools/target/test-dir/MiniOzoneClusterImpl-1a948341-2cb3-47c4-94f3-fd318447fbab/datanode-0/data/ratis/633f6f37-8c89-44d6-a439-7b74f87e6226 has been successfully formatted.
2019-06-17 22:50:31,197 INFO  ratis.ContainerStateMachine (ContainerStateMachine.java:loadSnapshot(199)) - The snapshot info is null.Setting the last applied index to:(t:0, i:~)
2019-06-17 22:50:31,198 INFO  server.RaftServerConfigKeys (ConfUtils.java:logGet(43)) - raft.server.leader.election.timeout = 120s (custom)
2019-06-17 22:50:31,198 INFO  server.RaftServerConfigKeys (ConfUtils.java:logGet(43)) - raft.server.log.use.memory = false (default)
2019-06-17 22:50:31,198 INFO  server.RaftServerConfigKeys (ConfUtils.java:logGet(43)) - raft.server.log.appender.buffer.byte-limit = 33554432 (custom)
2019-06-17 22:50:31,198 INFO  server.RaftServerConfigKeys (ConfUtils.java:logGet(43)) - raft.server.log.segment.size.max = 16384 (custom)
2019-06-17 22:50:31,199 INFO  server.RaftServerConfigKeys (ConfUtils.java:logGet(43)) - raft.server.log.segment.cache.num.max = 2 (custom)
2019-06-17 22:50:31,199 INFO  storage.RaftLogWorker (RaftLogWorker.java:<init>(123)) - new e99900a8-bcf6-41e1-a05c-e0c9a3669907-RaftLogWorker for Storage Directory /opt/src/hadoop-ozone/tools/target/test-dir/MiniOzoneClusterImpl-1a948341-2cb3-47c4-94f3-fd318447fbab/datanode-0/data/ratis/633f6f37-8c89-44d6-a439-7b74f87e6226
2019-06-17 22:50:31,199 INFO  server.RaftServerConfigKeys (ConfUtils.java:logGet(43)) - raft.server.log.queue.byte-limit = 2147483647 (custom)
2019-06-17 22:50:31,199 INFO  server.RaftServerConfigKeys (ConfUtils.java:logGet(43)) - raft.server.log.queue.element-limit = 1024 (custom)
2019-06-17 22:50:31,200 INFO  ratis.ContainerStateMachine (ContainerStateMachine.java:loadSnapshot(199)) - The snapshot info is null.Setting the last applied index to:(t:0, i:~)
2019-06-17 22:50:31,200 INFO  server.RaftServerConfigKeys (ConfUtils.java:logGet(43)) - raft.server.log.segment.size.max = 16384 (custom)
2019-06-17 22:50:31,201 INFO  server.RaftServerConfigKeys (ConfUtils.java:logGet(43)) - raft.server.leader.election.timeout = 120s (custom)
2019-06-17 22:50:31,202 INFO  server.RaftServerConfigKeys (ConfUtils.java:logGet(43)) - raft.server.log.use.memory = false (default)
2019-06-17 22:50:31,202 INFO  server.RaftServerConfigKeys (ConfUtils.java:logGet(43)) - raft.server.log.appender.buffer.byte-limit = 33554432 (custom)
2019-06-17 22:50:31,202 INFO  server.RaftServerConfigKeys (ConfUtils.java:logGet(43)) - raft.server.log.segment.size.max = 16384 (custom)
2019-06-17 22:50:31,202 INFO  server.RaftServerConfigKeys (ConfUtils.java:logGet(43)) - raft.server.log.segment.cache.num.max = 2 (custom)
2019-06-17 22:50:31,202 INFO  storage.RaftLogWorker (RaftLogWorker.java:<init>(123)) - new 50e57e54-573a-4004-b9f3-4682b90fb6be-RaftLogWorker for Storage Directory /opt/src/hadoop-ozone/tools/target/test-dir/MiniOzoneClusterImpl-1a948341-2cb3-47c4-94f3-fd318447fbab/datanode-1/data/ratis/633f6f37-8c89-44d6-a439-7b74f87e6226
2019-06-17 22:50:31,213 INFO  server.RaftServerConfigKeys (ConfUtils.java:logGet(43)) - raft.server.log.queue.byte-limit = 2147483647 (custom)
2019-06-17 22:50:31,214 INFO  server.RaftServerConfigKeys (ConfUtils.java:logGet(43)) - raft.server.log.queue.element-limit = 1024 (custom)
2019-06-17 22:50:31,215 INFO  server.RaftServerConfigKeys (ConfUtils.java:logGet(43)) - raft.server.log.segment.size.max = 16384 (custom)
2019-06-17 22:50:31,215 INFO  server.RaftServerConfigKeys (ConfUtils.java:logGet(43)) - raft.server.log.preallocated.size = 16384 (custom)
2019-06-17 22:50:31,215 INFO  server.RaftServerConfigKeys (ConfUtils.java:logGet(43)) - raft.server.log.write.buffer.size = 33554432 (custom)
2019-06-17 22:50:31,215 INFO  server.RaftServerConfigKeys (ConfUtils.java:logGet(43)) - raft.server.log.force.sync.num = 128 (default)
2019-06-17 22:50:31,215 INFO  server.RaftServerConfigKeys (ConfUtils.java:logGet(43)) - raft.server.log.statemachine.data.sync = true (default)
2019-06-17 22:50:31,215 INFO  server.RaftServerConfigKeys (ConfUtils.java:logGet(43)) - raft.server.log.statemachine.data.sync.timeout = 10s (default)
2019-06-17 22:50:31,216 INFO  server.RaftServerConfigKeys (ConfUtils.java:logGet(43)) - raft.server.log.statemachine.data.sync.timeout.retry = -1 (default)
2019-06-17 22:50:31,216 INFO  server.RaftServerConfigKeys (ConfUtils.java:logGet(43)) - raft.server.log.statemachine.data.caching.enabled = true (custom)
2019-06-17 22:50:31,201 INFO  server.RaftServerConfigKeys (ConfUtils.java:logGet(43)) - raft.server.log.preallocated.size = 16384 (custom)
2019-06-17 22:50:31,216 INFO  server.RaftServerConfigKeys (ConfUtils.java:logGet(43)) - raft.server.log.write.buffer.size = 33554432 (custom)
2019-06-17 22:50:31,216 INFO  server.RaftServerConfigKeys (ConfUtils.java:logGet(43)) - raft.server.log.force.sync.num = 128 (default)
2019-06-17 22:50:31,216 INFO  server.RaftServerConfigKeys (ConfUtils.java:logGet(43)) - raft.server.log.statemachine.data.sync = true (default)
2019-06-17 22:50:31,217 INFO  server.RaftServerConfigKeys (ConfUtils.java:logGet(43)) - raft.server.log.statemachine.data.sync.timeout = 10s (default)
2019-06-17 22:50:31,217 INFO  server.RaftServerConfigKeys (ConfUtils.java:logGet(43)) - raft.server.log.statemachine.data.sync.timeout.retry = -1 (default)
2019-06-17 22:50:31,217 INFO  server.RaftServerConfigKeys (ConfUtils.java:logGet(43)) - raft.server.snapshot.auto.trigger.enabled = true (custom)
2019-06-17 22:50:31,217 INFO  server.RaftServerConfigKeys (ConfUtils.java:logGet(43)) - raft.server.snapshot.auto.trigger.threshold = 10000 (custom)
2019-06-17 22:50:31,217 INFO  server.RaftServerConfigKeys (ConfUtils.java:logGet(43)) - raft.server.retrycache.expirytime = 600000ms (custom)
2019-06-17 22:50:31,217 INFO  impl.RaftServerImpl (RaftServerImpl.java:start(173)) - 50e57e54-573a-4004-b9f3-4682b90fb6be: start group-7B74F87E6226
2019-06-17 22:50:31,218 INFO  impl.RaftServerImpl (RaftServerImpl.java:setRole(164)) - 50e57e54-573a-4004-b9f3-4682b90fb6be:group-7B74F87E6226 changes role from null to FOLLOWER at term 0 for startAsFollower
2019-06-17 22:50:31,218 INFO  impl.RoleInfo (RoleInfo.java:updateAndGet(143)) - 50e57e54-573a-4004-b9f3-4682b90fb6be: start FollowerState
2019-06-17 22:50:31,218 INFO  util.JmxRegister (JmxRegister.java:tryRegister(44)) - Successfully registered JMX Bean with object name Ratis:service=RaftServer,group=group-7B74F87E6226,id=50e57e54-573a-4004-b9f3-4682b90fb6be
2019-06-17 22:50:31,225 INFO  server.RaftServerConfigKeys (ConfUtils.java:logGet(43)) - raft.server.log.statemachine.data.caching.enabled = true (custom)
2019-06-17 22:50:31,227 INFO  server.RaftServerConfigKeys (ConfUtils.java:logGet(43)) - raft.server.snapshot.auto.trigger.enabled = true (custom)
2019-06-17 22:50:31,230 INFO  server.RaftServerConfigKeys (ConfUtils.java:logGet(43)) - raft.server.snapshot.auto.trigger.threshold = 10000 (custom)
2019-06-17 22:50:31,231 INFO  server.RaftServerConfigKeys (ConfUtils.java:logGet(43)) - raft.server.retrycache.expirytime = 600000ms (custom)
2019-06-17 22:50:31,231 INFO  impl.RaftServerImpl (RaftServerImpl.java:start(173)) - e99900a8-bcf6-41e1-a05c-e0c9a3669907: start group-7B74F87E6226
2019-06-17 22:50:31,231 INFO  impl.RaftServerImpl (RaftServerImpl.java:setRole(164)) - e99900a8-bcf6-41e1-a05c-e0c9a3669907:group-7B74F87E6226 changes role from null to FOLLOWER at term 0 for startAsFollower
2019-06-17 22:50:31,231 INFO  impl.RoleInfo (RoleInfo.java:updateAndGet(143)) - e99900a8-bcf6-41e1-a05c-e0c9a3669907: start FollowerState
2019-06-17 22:50:31,250 INFO  util.JmxRegister (JmxRegister.java:tryRegister(44)) - Successfully registered JMX Bean with object name Ratis:service=RaftServer,group=group-7B74F87E6226,id=e99900a8-bcf6-41e1-a05c-e0c9a3669907
2019-06-17 22:50:31,284 INFO  pipeline.PipelineStateManager (PipelineStateManager.java:addPipeline(56)) - Created pipeline Pipeline[ Id: 633f6f37-8c89-44d6-a439-7b74f87e6226, Nodes: e99900a8-bcf6-41e1-a05c-e0c9a3669907{ip: 192.168.105.167, host: ozone-unit-076618677d3qv27m-3129989020, networkLocation: /default-rack, certSerialId: null}715c2811-64f8-4a1e-a225-32d1c44d7330{ip: 192.168.105.167, host: ozone-unit-076618677d3qv27m-3129989020, networkLocation: /default-rack, certSerialId: null}50e57e54-573a-4004-b9f3-4682b90fb6be{ip: 192.168.105.167, host: ozone-unit-076618677d3qv27m-3129989020, networkLocation: /default-rack, certSerialId: null}, Type:RATIS, Factor:THREE, State:OPEN]
2019-06-17 22:50:31,544 INFO  ozone.MiniOzoneClusterImpl (MiniOzoneClusterImpl.java:lambda$waitForClusterToBeReady$0(142)) - Cluster is ready. Got 3 of 3 DN Heartbeats.
2019-06-17 22:50:31,633 INFO  impl.FollowerState (FollowerState.java:run(101)) - e99900a8-bcf6-41e1-a05c-e0c9a3669907:group-04E5FEC9DF14 changes to CANDIDATE, lastRpcTime:1020, electionTimeout:1014ms
2019-06-17 22:50:31,643 INFO  impl.RoleInfo (RoleInfo.java:shutdownFollowerState(121)) - e99900a8-bcf6-41e1-a05c-e0c9a3669907: shutdown FollowerState
2019-06-17 22:50:31,643 INFO  impl.RaftServerImpl (RaftServerImpl.java:setRole(164)) - e99900a8-bcf6-41e1-a05c-e0c9a3669907:group-04E5FEC9DF14 changes role from FOLLOWER to CANDIDATE at term 0 for changeToCandidate
2019-06-17 22:50:31,646 INFO  impl.RoleInfo (RoleInfo.java:updateAndGet(143)) - e99900a8-bcf6-41e1-a05c-e0c9a3669907: start LeaderElection
2019-06-17 22:50:31,653 INFO  impl.LeaderElection (LeaderElection.java:askForVotes(181)) - e99900a8-bcf6-41e1-a05c-e0c9a3669907:group-04E5FEC9DF14:LeaderElection1: begin an election at term 1 for -1: [e99900a8-bcf6-41e1-a05c-e0c9a3669907:192.168.105.167:34199], old=null
2019-06-17 22:50:31,655 INFO  impl.RoleInfo (RoleInfo.java:shutdownLeaderElection(134)) - e99900a8-bcf6-41e1-a05c-e0c9a3669907: shutdown LeaderElection
2019-06-17 22:50:31,655 INFO  impl.RaftServerImpl (RaftServerImpl.java:setRole(164)) - e99900a8-bcf6-41e1-a05c-e0c9a3669907:group-04E5FEC9DF14 changes role from CANDIDATE to LEADER at term 1 for changeToLeader
2019-06-17 22:50:31,655 INFO  impl.RaftServerImpl (ServerState.java:setLeader(263)) - e99900a8-bcf6-41e1-a05c-e0c9a3669907:group-04E5FEC9DF14 change Leader from null to e99900a8-bcf6-41e1-a05c-e0c9a3669907 at term 1 for becomeLeader, leader elected after 1126ms
2019-06-17 22:50:31,661 INFO  server.RaftServerConfigKeys (ConfUtils.java:logGet(43)) - raft.server.staging.catchup.gap = 1000 (default)
2019-06-17 22:50:31,661 INFO  server.RaftServerConfigKeys (ConfUtils.java:logGet(43)) - raft.server.rpc.sleep.time = 25ms (default)
2019-06-17 22:50:31,664 INFO  server.RaftServerConfigKeys (ConfUtils.java:logGet(43)) - raft.server.watch.timeout = 10s (default)
2019-06-17 22:50:31,665 INFO  server.RaftServerConfigKeys (ConfUtils.java:logGet(43)) - raft.server.watch.timeout.denomination = 1s (default)
2019-06-17 22:50:31,672 INFO  impl.RoleInfo (RoleInfo.java:updateAndGet(143)) - e99900a8-bcf6-41e1-a05c-e0c9a3669907: start LeaderState
2019-06-17 22:50:31,693 INFO  storage.RaftLogWorker (RaftLogWorker.java:startLogSegment(298)) - e99900a8-bcf6-41e1-a05c-e0c9a3669907-RaftLogWorker: Starting segment from index:0
2019-06-17 22:50:31,701 INFO  impl.RaftServerImpl (ServerState.java:setRaftConf(361)) - e99900a8-bcf6-41e1-a05c-e0c9a3669907:group-04E5FEC9DF14 set configuration 0: [e99900a8-bcf6-41e1-a05c-e0c9a3669907:192.168.105.167:34199], old=null at 0
2019-06-17 22:50:31,912 INFO  storage.RaftLogWorker (RaftLogWorker.java:execute(469)) - e99900a8-bcf6-41e1-a05c-e0c9a3669907-RaftLogWorker: created new log segment /opt/src/hadoop-ozone/tools/target/test-dir/MiniOzoneClusterImpl-1a948341-2cb3-47c4-94f3-fd318447fbab/datanode-0/data/ratis/1beecfed-d019-44d5-9f8b-04e5fec9df14/current/log_inprogress_0
2019-06-17 22:50:31,974 INFO  freon.RandomKeyGenerator (RandomKeyGenerator.java:call(261)) - Number of Threads: 10
2019-06-17 22:50:31,975 INFO  freon.RandomKeyGenerator (RandomKeyGenerator.java:call(267)) - Number of Volumes: 1.
2019-06-17 22:50:31,976 INFO  freon.RandomKeyGenerator (RandomKeyGenerator.java:call(268)) - Number of Buckets per Volume: 1.
2019-06-17 22:50:31,976 INFO  freon.RandomKeyGenerator (RandomKeyGenerator.java:call(269)) - Number of Keys per Bucket: 1.
2019-06-17 22:50:31,976 INFO  freon.RandomKeyGenerator (RandomKeyGenerator.java:call(270)) - Key size: 20971520 bytes
2019-06-17 22:50:31,976 INFO  freon.RandomKeyGenerator (RandomKeyGenerator.java:call(271)) - Buffer size: 4096 bytes
2019-06-17 22:50:31,980 INFO  freon.RandomKeyGenerator (RandomKeyGenerator.java:call(287)) - Data validation is enabled.
2019-06-17 22:50:31,982 INFO  freon.RandomKeyGenerator (RandomKeyGenerator.java:call(300)) - Starting progress bar Thread.

 0.00% |█                                                                                                    |  0/1 Time: 0:00:002019-06-17 22:50:32,004 INFO  rpc.RpcClient (RpcClient.java:createVolume(289)) - Creating Volume: vol-0-32155, with jenkins1000 as owner.
2019-06-17 22:50:32,034 INFO  rpc.RpcClient (RpcClient.java:createBucket(426)) - Creating Bucket: vol-0-32155/bucket-0-39107, with Versioning false and Storage Type set to DISK and Encryption set to false 
2019-06-17 22:50:32,097 INFO  impl.FollowerState (FollowerState.java:run(101)) - 715c2811-64f8-4a1e-a225-32d1c44d7330:group-80C82D521697 changes to CANDIDATE, lastRpcTime:1047, electionTimeout:1046ms
2019-06-17 22:50:32,099 INFO  impl.RoleInfo (RoleInfo.java:shutdownFollowerState(121)) - 715c2811-64f8-4a1e-a225-32d1c44d7330: shutdown FollowerState
2019-06-17 22:50:32,099 INFO  impl.RaftServerImpl (RaftServerImpl.java:setRole(164)) - 715c2811-64f8-4a1e-a225-32d1c44d7330:group-80C82D521697 changes role from FOLLOWER to CANDIDATE at term 0 for changeToCandidate
2019-06-17 22:50:32,099 INFO  impl.RoleInfo (RoleInfo.java:updateAndGet(143)) - 715c2811-64f8-4a1e-a225-32d1c44d7330: start LeaderElection
2019-06-17 22:50:32,110 INFO  impl.LeaderElection (LeaderElection.java:askForVotes(181)) - 715c2811-64f8-4a1e-a225-32d1c44d7330:group-80C82D521697:LeaderElection2: begin an election at term 1 for -1: [715c2811-64f8-4a1e-a225-32d1c44d7330:192.168.105.167:32971], old=null
2019-06-17 22:50:32,111 INFO  impl.RoleInfo (RoleInfo.java:shutdownLeaderElection(134)) - 715c2811-64f8-4a1e-a225-32d1c44d7330: shutdown LeaderElection
2019-06-17 22:50:32,111 INFO  impl.FollowerState (FollowerState.java:run(101)) - 50e57e54-573a-4004-b9f3-4682b90fb6be:group-67B735AE902A changes to CANDIDATE, lastRpcTime:1000, electionTimeout:1000ms
2019-06-17 22:50:32,111 INFO  impl.RaftServerImpl (RaftServerImpl.java:setRole(164)) - 715c2811-64f8-4a1e-a225-32d1c44d7330:group-80C82D521697 changes role from CANDIDATE to LEADER at term 1 for changeToLeader
2019-06-17 22:50:32,111 INFO  impl.RoleInfo (RoleInfo.java:shutdownFollowerState(121)) - 50e57e54-573a-4004-b9f3-4682b90fb6be: shutdown FollowerState
2019-06-17 22:50:32,111 INFO  impl.RaftServerImpl (RaftServerImpl.java:setRole(164)) - 50e57e54-573a-4004-b9f3-4682b90fb6be:group-67B735AE902A changes role from FOLLOWER to CANDIDATE at term 0 for changeToCandidate
2019-06-17 22:50:32,111 INFO  impl.RaftServerImpl (ServerState.java:setLeader(263)) - 715c2811-64f8-4a1e-a225-32d1c44d7330:group-80C82D521697 change Leader from null to 715c2811-64f8-4a1e-a225-32d1c44d7330 at term 1 for becomeLeader, leader elected after 1066ms
2019-06-17 22:50:32,112 INFO  impl.RoleInfo (RoleInfo.java:updateAndGet(143)) - 50e57e54-573a-4004-b9f3-4682b90fb6be: start LeaderElection
2019-06-17 22:50:32,112 INFO  server.RaftServerConfigKeys (ConfUtils.java:logGet(43)) - raft.server.staging.catchup.gap = 1000 (default)
2019-06-17 22:50:32,113 INFO  server.RaftServerConfigKeys (ConfUtils.java:logGet(43)) - raft.server.rpc.sleep.time = 25ms (default)
2019-06-17 22:50:32,114 INFO  server.RaftServerConfigKeys (ConfUtils.java:logGet(43)) - raft.server.watch.timeout = 10s (default)
2019-06-17 22:50:32,114 INFO  server.RaftServerConfigKeys (ConfUtils.java:logGet(43)) - raft.server.watch.timeout.denomination = 1s (default)
2019-06-17 22:50:32,115 INFO  impl.RoleInfo (RoleInfo.java:updateAndGet(143)) - 715c2811-64f8-4a1e-a225-32d1c44d7330: start LeaderState
2019-06-17 22:50:32,115 INFO  storage.RaftLogWorker (RaftLogWorker.java:startLogSegment(298)) - 715c2811-64f8-4a1e-a225-32d1c44d7330-RaftLogWorker: Starting segment from index:0
2019-06-17 22:50:32,125 INFO  impl.RaftServerImpl (ServerState.java:setRaftConf(361)) - 715c2811-64f8-4a1e-a225-32d1c44d7330:group-80C82D521697 set configuration 0: [715c2811-64f8-4a1e-a225-32d1c44d7330:192.168.105.167:32971], old=null at 0
2019-06-17 22:50:32,137 INFO  impl.LeaderElection (LeaderElection.java:askForVotes(181)) - 50e57e54-573a-4004-b9f3-4682b90fb6be:group-67B735AE902A:LeaderElection3: begin an election at term 1 for -1: [50e57e54-573a-4004-b9f3-4682b90fb6be:192.168.105.167:46031], old=null
2019-06-17 22:50:32,137 INFO  impl.RoleInfo (RoleInfo.java:shutdownLeaderElection(134)) - 50e57e54-573a-4004-b9f3-4682b90fb6be: shutdown LeaderElection
2019-06-17 22:50:32,137 INFO  impl.RaftServerImpl (RaftServerImpl.java:setRole(164)) - 50e57e54-573a-4004-b9f3-4682b90fb6be:group-67B735AE902A changes role from CANDIDATE to LEADER at term 1 for changeToLeader
2019-06-17 22:50:32,137 INFO  impl.RaftServerImpl (ServerState.java:setLeader(263)) - 50e57e54-573a-4004-b9f3-4682b90fb6be:group-67B735AE902A change Leader from null to 50e57e54-573a-4004-b9f3-4682b90fb6be at term 1 for becomeLeader, leader elected after 1029ms
2019-06-17 22:50:32,137 INFO  server.RaftServerConfigKeys (ConfUtils.java:logGet(43)) - raft.server.staging.catchup.gap = 1000 (default)
2019-06-17 22:50:32,137 INFO  server.RaftServerConfigKeys (ConfUtils.java:logGet(43)) - raft.server.rpc.sleep.time = 25ms (default)
2019-06-17 22:50:32,137 INFO  server.RaftServerConfigKeys (ConfUtils.java:logGet(43)) - raft.server.watch.timeout = 10s (default)
2019-06-17 22:50:32,138 INFO  server.RaftServerConfigKeys (ConfUtils.java:logGet(43)) - raft.server.watch.timeout.denomination = 1s (default)
2019-06-17 22:50:32,138 INFO  impl.RoleInfo (RoleInfo.java:updateAndGet(143)) - 50e57e54-573a-4004-b9f3-4682b90fb6be: start LeaderState
2019-06-17 22:50:32,138 INFO  storage.RaftLogWorker (RaftLogWorker.java:startLogSegment(298)) - 50e57e54-573a-4004-b9f3-4682b90fb6be-RaftLogWorker: Starting segment from index:0
2019-06-17 22:50:32,145 INFO  impl.RaftServerImpl (ServerState.java:setRaftConf(361)) - 50e57e54-573a-4004-b9f3-4682b90fb6be:group-67B735AE902A set configuration 0: [50e57e54-573a-4004-b9f3-4682b90fb6be:192.168.105.167:46031], old=null at 0
2019-06-17 22:50:32,174 INFO  storage.RaftLogWorker (RaftLogWorker.java:execute(469)) - 715c2811-64f8-4a1e-a225-32d1c44d7330-RaftLogWorker: created new log segment /opt/src/hadoop-ozone/tools/target/test-dir/MiniOzoneClusterImpl-1a948341-2cb3-47c4-94f3-fd318447fbab/datanode-2/data/ratis/5003cd60-ad4b-40a4-ba17-80c82d521697/current/log_inprogress_0
2019-06-17 22:50:32,188 INFO  storage.RaftLogWorker (RaftLogWorker.java:execute(469)) - 50e57e54-573a-4004-b9f3-4682b90fb6be-RaftLogWorker: created new log segment /opt/src/hadoop-ozone/tools/target/test-dir/MiniOzoneClusterImpl-1a948341-2cb3-47c4-94f3-fd318447fbab/datanode-1/data/ratis/172612f7-80eb-4a69-ad74-67b735ae902a/current/log_inprogress_0
2019-06-17 22:50:32,254 INFO  impl.FollowerState (FollowerState.java:run(101)) - 50e57e54-573a-4004-b9f3-4682b90fb6be:group-7B74F87E6226 changes to CANDIDATE, lastRpcTime:1036, electionTimeout:1033ms
2019-06-17 22:50:32,254 INFO  impl.RoleInfo (RoleInfo.java:shutdownFollowerState(121)) - 50e57e54-573a-4004-b9f3-4682b90fb6be: shutdown FollowerState
2019-06-17 22:50:32,254 INFO  impl.RaftServerImpl (RaftServerImpl.java:setRole(164)) - 50e57e54-573a-4004-b9f3-4682b90fb6be:group-7B74F87E6226 changes role from FOLLOWER to CANDIDATE at term 0 for changeToCandidate
2019-06-17 22:50:32,255 INFO  impl.RoleInfo (RoleInfo.java:updateAndGet(143)) - 50e57e54-573a-4004-b9f3-4682b90fb6be: start LeaderElection
2019-06-17 22:50:32,269 INFO  impl.LeaderElection (LeaderElection.java:askForVotes(181)) - 50e57e54-573a-4004-b9f3-4682b90fb6be:group-7B74F87E6226:LeaderElection4: begin an election at term 1 for -1: [715c2811-64f8-4a1e-a225-32d1c44d7330:192.168.105.167:32971, e99900a8-bcf6-41e1-a05c-e0c9a3669907:192.168.105.167:34199, 50e57e54-573a-4004-b9f3-4682b90fb6be:192.168.105.167:46031], old=null
2019-06-17 22:50:32,316 INFO  impl.RaftServerImpl (RaftServerImpl.java:setRole(164)) - e99900a8-bcf6-41e1-a05c-e0c9a3669907:group-7B74F87E6226 changes role from FOLLOWER to FOLLOWER at term 1 for recognizeCandidate:50e57e54-573a-4004-b9f3-4682b90fb6be
2019-06-17 22:50:32,317 INFO  impl.RoleInfo (RoleInfo.java:shutdownFollowerState(121)) - e99900a8-bcf6-41e1-a05c-e0c9a3669907: shutdown FollowerState
2019-06-17 22:50:32,317 INFO  impl.RoleInfo (RoleInfo.java:updateAndGet(143)) - e99900a8-bcf6-41e1-a05c-e0c9a3669907: start FollowerState
2019-06-17 22:50:32,317 INFO  impl.FollowerState (FollowerState.java:run(109)) - e99900a8-bcf6-41e1-a05c-e0c9a3669907: FollowerState was interrupted: java.lang.InterruptedException: sleep interrupted
2019-06-17 22:50:32,341 INFO  impl.RaftServerImpl (RaftServerImpl.java:setRole(164)) - 715c2811-64f8-4a1e-a225-32d1c44d7330:group-7B74F87E6226 changes role from FOLLOWER to FOLLOWER at term 1 for recognizeCandidate:50e57e54-573a-4004-b9f3-4682b90fb6be
2019-06-17 22:50:32,342 INFO  impl.RoleInfo (RoleInfo.java:shutdownFollowerState(121)) - 715c2811-64f8-4a1e-a225-32d1c44d7330: shutdown FollowerState
2019-06-17 22:50:32,348 INFO  impl.FollowerState (FollowerState.java:run(109)) - 715c2811-64f8-4a1e-a225-32d1c44d7330: FollowerState was interrupted: java.lang.InterruptedException: sleep interrupted
2019-06-17 22:50:32,348 INFO  impl.RoleInfo (RoleInfo.java:updateAndGet(143)) - 715c2811-64f8-4a1e-a225-32d1c44d7330: start FollowerState
2019-06-17 22:50:32,360 INFO  impl.LeaderElection (LeaderElection.java:logAndReturn(56)) - 50e57e54-573a-4004-b9f3-4682b90fb6be:group-7B74F87E6226:LeaderElection4: Election PASSED; received 1 response(s) [50e57e54-573a-4004-b9f3-4682b90fb6be->e99900a8-bcf6-41e1-a05c-e0c9a3669907,true-t1] and 0 exception(s); 50e57e54-573a-4004-b9f3-4682b90fb6be:t1, leader=null, voted=50e57e54-573a-4004-b9f3-4682b90fb6be, raftlog=50e57e54-573a-4004-b9f3-4682b90fb6be-SegmentedRaftLog:OPENED:c-1,f-1,i0, conf=-1: [715c2811-64f8-4a1e-a225-32d1c44d7330:192.168.105.167:32971, e99900a8-bcf6-41e1-a05c-e0c9a3669907:192.168.105.167:34199, 50e57e54-573a-4004-b9f3-4682b90fb6be:192.168.105.167:46031], old=null
2019-06-17 22:50:32,360 INFO  impl.RoleInfo (RoleInfo.java:shutdownLeaderElection(134)) - 50e57e54-573a-4004-b9f3-4682b90fb6be: shutdown LeaderElection
2019-06-17 22:50:32,360 INFO  impl.RaftServerImpl (RaftServerImpl.java:setRole(164)) - 50e57e54-573a-4004-b9f3-4682b90fb6be:group-7B74F87E6226 changes role from CANDIDATE to LEADER at term 1 for changeToLeader
2019-06-17 22:50:32,360 INFO  impl.RaftServerImpl (ServerState.java:setLeader(263)) - 50e57e54-573a-4004-b9f3-4682b90fb6be:group-7B74F87E6226 change Leader from null to 50e57e54-573a-4004-b9f3-4682b90fb6be at term 1 for becomeLeader, leader elected after 1160ms
2019-06-17 22:50:32,360 INFO  server.RaftServerConfigKeys (ConfUtils.java:logGet(43)) - raft.server.staging.catchup.gap = 1000 (default)
2019-06-17 22:50:32,360 INFO  server.RaftServerConfigKeys (ConfUtils.java:logGet(43)) - raft.server.rpc.sleep.time = 25ms (default)
2019-06-17 22:50:32,361 INFO  server.RaftServerConfigKeys (ConfUtils.java:logGet(43)) - raft.server.watch.timeout = 10s (default)
2019-06-17 22:50:32,361 INFO  server.RaftServerConfigKeys (ConfUtils.java:logGet(43)) - raft.server.watch.timeout.denomination = 1s (default)
2019-06-17 22:50:32,361 INFO  client.GrpcClientProtocolClient (GrpcClientProtocolClient.java:onNext(254)) - client-4DFD284AB354->e99900a8-bcf6-41e1-a05c-e0c9a3669907: receive RaftClientReply:client-4DFD284AB354->e99900a8-bcf6-41e1-a05c-e0c9a3669907@group-7B74F87E6226, cid=6, FAILED org.apache.ratis.protocol.NotLeaderException: Server e99900a8-bcf6-41e1-a05c-e0c9a3669907 is not the leader (715c2811-64f8-4a1e-a225-32d1c44d7330:192.168.105.167:32971). Request must be sent to leader., logIndex=0, commits[e99900a8-bcf6-41e1-a05c-e0c9a3669907:c-1]
2019-06-17 22:50:32,363 INFO  server.RaftServerConfigKeys (ConfUtils.java:logGet(43)) - raft.server.log.appender.snapshot.chunk.size.max = 16MB (=16777216) (default)
2019-06-17 22:50:32,367 INFO  server.RaftServerConfigKeys (ConfUtils.java:logGet(43)) - raft.server.log.appender.buffer.byte-limit = 33554432 (custom)
2019-06-17 22:50:32,367 INFO  server.RaftServerConfigKeys (ConfUtils.java:logGet(43)) - raft.server.log.appender.buffer.element-limit = 1 (custom)
2019-06-17 22:50:32,368 INFO  grpc.GrpcConfigKeys$Server (ConfUtils.java:logGet(43)) - raft.grpc.server.leader.outstanding.appends.max = 128 (default)
2019-06-17 22:50:32,374 INFO  server.RaftServerConfigKeys (ConfUtils.java:logGet(43)) - raft.server.rpc.request.timeout = 3000ms (default)
2019-06-17 22:50:32,374 INFO  server.RaftServerConfigKeys (ConfUtils.java:logGet(43)) - raft.server.log.appender.install.snapshot.enabled = true (default)
2019-06-17 22:50:32,374 INFO  server.RaftServerConfigKeys (ConfUtils.java:logGet(43)) - raft.server.log.appender.snapshot.chunk.size.max = 16MB (=16777216) (default)
2019-06-17 22:50:32,374 INFO  server.RaftServerConfigKeys (ConfUtils.java:logGet(43)) - raft.server.log.appender.buffer.byte-limit = 33554432 (custom)
2019-06-17 22:50:32,374 INFO  server.RaftServerConfigKeys (ConfUtils.java:logGet(43)) - raft.server.log.appender.buffer.element-limit = 1 (custom)
2019-06-17 22:50:32,375 INFO  grpc.GrpcConfigKeys$Server (ConfUtils.java:logGet(43)) - raft.grpc.server.leader.outstanding.appends.max = 128 (default)
2019-06-17 22:50:32,375 INFO  server.RaftServerConfigKeys (ConfUtils.java:logGet(43)) - raft.server.rpc.request.timeout = 3000ms (default)
2019-06-17 22:50:32,375 INFO  server.RaftServerConfigKeys (ConfUtils.java:logGet(43)) - raft.server.log.appender.install.snapshot.enabled = true (default)
2019-06-17 22:50:32,375 INFO  impl.RoleInfo (RoleInfo.java:updateAndGet(143)) - 50e57e54-573a-4004-b9f3-4682b90fb6be: start LeaderState
2019-06-17 22:50:32,375 INFO  storage.RaftLogWorker (RaftLogWorker.java:startLogSegment(298)) - 50e57e54-573a-4004-b9f3-4682b90fb6be-RaftLogWorker: Starting segment from index:0
2019-06-17 22:50:32,397 INFO  impl.RaftServerImpl (ServerState.java:setRaftConf(361)) - 50e57e54-573a-4004-b9f3-4682b90fb6be:group-7B74F87E6226 set configuration 0: [715c2811-64f8-4a1e-a225-32d1c44d7330:192.168.105.167:32971, e99900a8-bcf6-41e1-a05c-e0c9a3669907:192.168.105.167:34199, 50e57e54-573a-4004-b9f3-4682b90fb6be:192.168.105.167:46031], old=null at 0
2019-06-17 22:50:32,403 WARN  client.GrpcClientProtocolService (LogUtils.java:warn(134)) - 0-OrderedRequestStreamObserver0: onError: org.apache.ratis.thirdparty.io.grpc.StatusRuntimeException: CANCELLED: cancelled before receiving half close
2019-06-17 22:50:32,431 INFO  impl.RaftServerImpl (ServerState.java:setLeader(263)) - 715c2811-64f8-4a1e-a225-32d1c44d7330:group-7B74F87E6226 change Leader from null to 50e57e54-573a-4004-b9f3-4682b90fb6be at term 1 for appendEntries, leader elected after 1256ms
2019-06-17 22:50:32,442 INFO  impl.RaftServerImpl (ServerState.java:setLeader(263)) - e99900a8-bcf6-41e1-a05c-e0c9a3669907:group-7B74F87E6226 change Leader from null to 50e57e54-573a-4004-b9f3-4682b90fb6be at term 1 for appendEntries, leader elected after 1244ms
2019-06-17 22:50:32,443 INFO  storage.RaftLogWorker (RaftLogWorker.java:execute(469)) - 50e57e54-573a-4004-b9f3-4682b90fb6be-RaftLogWorker: created new log segment /opt/src/hadoop-ozone/tools/target/test-dir/MiniOzoneClusterImpl-1a948341-2cb3-47c4-94f3-fd318447fbab/datanode-1/data/ratis/633f6f37-8c89-44d6-a439-7b74f87e6226/current/log_inprogress_0
2019-06-17 22:50:32,459 INFO  impl.RaftServerImpl (ServerState.java:setRaftConf(361)) - e99900a8-bcf6-41e1-a05c-e0c9a3669907:group-7B74F87E6226 set configuration 0: [715c2811-64f8-4a1e-a225-32d1c44d7330:192.168.105.167:32971, e99900a8-bcf6-41e1-a05c-e0c9a3669907:192.168.105.167:34199, 50e57e54-573a-4004-b9f3-4682b90fb6be:192.168.105.167:46031], old=null at 0
2019-06-17 22:50:32,460 INFO  storage.RaftLogWorker (RaftLogWorker.java:startLogSegment(298)) - e99900a8-bcf6-41e1-a05c-e0c9a3669907-RaftLogWorker: Starting segment from index:0
2019-06-17 22:50:32,460 INFO  impl.RaftServerImpl (ServerState.java:setRaftConf(361)) - 715c2811-64f8-4a1e-a225-32d1c44d7330:group-7B74F87E6226 set configuration 0: [715c2811-64f8-4a1e-a225-32d1c44d7330:192.168.105.167:32971, e99900a8-bcf6-41e1-a05c-e0c9a3669907:192.168.105.167:34199, 50e57e54-573a-4004-b9f3-4682b90fb6be:192.168.105.167:46031], old=null at 0
2019-06-17 22:50:32,460 INFO  storage.RaftLogWorker (RaftLogWorker.java:startLogSegment(298)) - 715c2811-64f8-4a1e-a225-32d1c44d7330-RaftLogWorker: Starting segment from index:0
2019-06-17 22:50:32,504 INFO  storage.RaftLogWorker (RaftLogWorker.java:execute(469)) - e99900a8-bcf6-41e1-a05c-e0c9a3669907-RaftLogWorker: created new log segment /opt/src/hadoop-ozone/tools/target/test-dir/MiniOzoneClusterImpl-1a948341-2cb3-47c4-94f3-fd318447fbab/datanode-0/data/ratis/633f6f37-8c89-44d6-a439-7b74f87e6226/current/log_inprogress_0
2019-06-17 22:50:32,506 INFO  storage.RaftLogWorker (RaftLogWorker.java:execute(469)) - 715c2811-64f8-4a1e-a225-32d1c44d7330-RaftLogWorker: created new log segment /opt/src/hadoop-ozone/tools/target/test-dir/MiniOzoneClusterImpl-1a948341-2cb3-47c4-94f3-fd318447fbab/datanode-2/data/ratis/633f6f37-8c89-44d6-a439-7b74f87e6226/current/log_inprogress_0
 0.00% |█                                                                                                    |  0/1 Time: 0:00:012019-06-17 22:50:33,588 INFO  client.GrpcClientProtocolClient (GrpcClientProtocolClient.java:onNext(254)) - client-4DFD284AB354->50e57e54-573a-4004-b9f3-4682b90fb6be: receive RaftClientReply:client-4DFD284AB354->50e57e54-573a-4004-b9f3-4682b90fb6be@group-7B74F87E6226, cid=6, SUCCESS, logIndex=1, commits[50e57e54-573a-4004-b9f3-4682b90fb6be:c1, 715c2811-64f8-4a1e-a225-32d1c44d7330:c0, e99900a8-bcf6-41e1-a05c-e0c9a3669907:c0]
2019-06-17 22:50:33,661 INFO  client.GrpcClientProtocolClient (GrpcClientProtocolClient.java:onNext(254)) - client-4DFD284AB354->50e57e54-573a-4004-b9f3-4682b90fb6be: receive RaftClientReply:client-4DFD284AB354->50e57e54-573a-4004-b9f3-4682b90fb6be@group-7B74F87E6226, cid=7, SUCCESS, logIndex=3, commits[50e57e54-573a-4004-b9f3-4682b90fb6be:c4, 715c2811-64f8-4a1e-a225-32d1c44d7330:c3, e99900a8-bcf6-41e1-a05c-e0c9a3669907:c3]
2019-06-17 22:50:33,697 INFO  client.GrpcClientProtocolClient (GrpcClientProtocolClient.java:onNext(254)) - client-4DFD284AB354->50e57e54-573a-4004-b9f3-4682b90fb6be: receive RaftClientReply:client-4DFD284AB354->50e57e54-573a-4004-b9f3-4682b90fb6be@group-7B74F87E6226, cid=8, SUCCESS, logIndex=5, commits[50e57e54-573a-4004-b9f3-4682b90fb6be:c5, 715c2811-64f8-4a1e-a225-32d1c44d7330:c3, e99900a8-bcf6-41e1-a05c-e0c9a3669907:c4]
2019-06-17 22:50:33,698 INFO  client.GrpcClientProtocolClient (GrpcClientProtocolClient.java:onNext(254)) - client-4DFD284AB354->50e57e54-573a-4004-b9f3-4682b90fb6be: receive RaftClientReply:client-4DFD284AB354->50e57e54-573a-4004-b9f3-4682b90fb6be@group-7B74F87E6226, cid=9, SUCCESS, logIndex=6, commits[50e57e54-573a-4004-b9f3-4682b90fb6be:c6, 715c2811-64f8-4a1e-a225-32d1c44d7330:c4, e99900a8-bcf6-41e1-a05c-e0c9a3669907:c4]
2019-06-17 22:50:33,735 INFO  client.GrpcClientProtocolClient (GrpcClientProtocolClient.java:onNext(254)) - client-4DFD284AB354->50e57e54-573a-4004-b9f3-4682b90fb6be: receive RaftClientReply:client-4DFD284AB354->50e57e54-573a-4004-b9f3-4682b90fb6be@group-7B74F87E6226, cid=10, SUCCESS, logIndex=9, commits[50e57e54-573a-4004-b9f3-4682b90fb6be:c9, 715c2811-64f8-4a1e-a225-32d1c44d7330:c8, e99900a8-bcf6-41e1-a05c-e0c9a3669907:c6]
2019-06-17 22:50:33,743 INFO  client.GrpcClientProtocolClient (GrpcClientProtocolClient.java:onNext(254)) - client-4DFD284AB354->50e57e54-573a-4004-b9f3-4682b90fb6be: receive RaftClientReply:client-4DFD284AB354->50e57e54-573a-4004-b9f3-4682b90fb6be@group-7B74F87E6226, cid=11, SUCCESS, logIndex=11, commits[50e57e54-573a-4004-b9f3-4682b90fb6be:c11, 715c2811-64f8-4a1e-a225-32d1c44d7330:c9, e99900a8-bcf6-41e1-a05c-e0c9a3669907:c8]
2019-06-17 22:50:33,774 INFO  client.GrpcClientProtocolClient (GrpcClientProtocolClient.java:onNext(254)) - client-4DFD284AB354->50e57e54-573a-4004-b9f3-4682b90fb6be: receive RaftClientReply:client-4DFD284AB354->50e57e54-573a-4004-b9f3-4682b90fb6be@group-7B74F87E6226, cid=12, SUCCESS, logIndex=13, commits[50e57e54-573a-4004-b9f3-4682b90fb6be:c13, 715c2811-64f8-4a1e-a225-32d1c44d7330:c12, e99900a8-bcf6-41e1-a05c-e0c9a3669907:c11]
2019-06-17 22:50:33,785 INFO  client.GrpcClientProtocolClient (GrpcClientProtocolClient.java:onNext(254)) - client-4DFD284AB354->50e57e54-573a-4004-b9f3-4682b90fb6be: receive RaftClientReply:client-4DFD284AB354->50e57e54-573a-4004-b9f3-4682b90fb6be@group-7B74F87E6226, cid=13, SUCCESS, logIndex=15, commits[50e57e54-573a-4004-b9f3-4682b90fb6be:c15, 715c2811-64f8-4a1e-a225-32d1c44d7330:c13, e99900a8-bcf6-41e1-a05c-e0c9a3669907:c12]
2019-06-17 22:50:33,798 INFO  client.GrpcClientProtocolClient (GrpcClientProtocolClient.java:onNext(254)) - client-4DFD284AB354->50e57e54-573a-4004-b9f3-4682b90fb6be: receive RaftClientReply:client-4DFD284AB354->50e57e54-573a-4004-b9f3-4682b90fb6be@group-7B74F87E6226, cid=14, SUCCESS, logIndex=0, commits[50e57e54-573a-4004-b9f3-4682b90fb6be:c16, 715c2811-64f8-4a1e-a225-32d1c44d7330:c15, e99900a8-bcf6-41e1-a05c-e0c9a3669907:c15]
2019-06-17 22:50:33,886 INFO  client.GrpcClientProtocolClient (GrpcClientProtocolClient.java:onNext(254)) - client-4DFD284AB354->50e57e54-573a-4004-b9f3-4682b90fb6be: receive RaftClientReply:client-4DFD284AB354->50e57e54-573a-4004-b9f3-4682b90fb6be@group-7B74F87E6226, cid=15, SUCCESS, logIndex=17, commits[50e57e54-573a-4004-b9f3-4682b90fb6be:c17, 715c2811-64f8-4a1e-a225-32d1c44d7330:c16, e99900a8-bcf6-41e1-a05c-e0c9a3669907:c15]
2019-06-17 22:50:33,942 INFO  client.GrpcClientProtocolClient (GrpcClientProtocolClient.java:onNext(254)) - client-4DFD284AB354->50e57e54-573a-4004-b9f3-4682b90fb6be: receive RaftClientReply:client-4DFD284AB354->50e57e54-573a-4004-b9f3-4682b90fb6be@group-7B74F87E6226, cid=16, SUCCESS, logIndex=19, commits[50e57e54-573a-4004-b9f3-4682b90fb6be:c19, 715c2811-64f8-4a1e-a225-32d1c44d7330:c17, e99900a8-bcf6-41e1-a05c-e0c9a3669907:c17]
2019-06-17 22:50:33,950 INFO  client.GrpcClientProtocolClient (GrpcClientProtocolClient.java:onNext(254)) - client-4DFD284AB354->50e57e54-573a-4004-b9f3-4682b90fb6be: receive RaftClientReply:client-4DFD284AB354->50e57e54-573a-4004-b9f3-4682b90fb6be@group-7B74F87E6226, cid=17, SUCCESS, logIndex=20, commits[50e57e54-573a-4004-b9f3-4682b90fb6be:c21, 715c2811-64f8-4a1e-a225-32d1c44d7330:c17, e99900a8-bcf6-41e1-a05c-e0c9a3669907:c17]
2019-06-17 22:50:33,951 INFO  client.GrpcClientProtocolClient (GrpcClientProtocolClient.java:onNext(254)) - client-4DFD284AB354->50e57e54-573a-4004-b9f3-4682b90fb6be: receive RaftClientReply:client-4DFD284AB354->50e57e54-573a-4004-b9f3-4682b90fb6be@group-7B74F87E6226, cid=18, SUCCESS, logIndex=21, commits[50e57e54-573a-4004-b9f3-4682b90fb6be:c21, 715c2811-64f8-4a1e-a225-32d1c44d7330:c17, e99900a8-bcf6-41e1-a05c-e0c9a3669907:c17]
2019-06-17 22:50:33,959 INFO  client.GrpcClientProtocolClient (GrpcClientProtocolClient.java:onNext(254)) - client-4DFD284AB354->50e57e54-573a-4004-b9f3-4682b90fb6be: receive RaftClientReply:client-4DFD284AB354->50e57e54-573a-4004-b9f3-4682b90fb6be@group-7B74F87E6226, cid=19, SUCCESS, logIndex=0, commits[50e57e54-573a-4004-b9f3-4682b90fb6be:c23, 715c2811-64f8-4a1e-a225-32d1c44d7330:c21, e99900a8-bcf6-41e1-a05c-e0c9a3669907:c19]
 0.00% |█                                                                                                    |  0/1 Time: 0:00:022019-06-17 22:50:33,990 INFO  client.GrpcClientProtocolClient (GrpcClientProtocolClient.java:onNext(254)) - client-4DFD284AB354->50e57e54-573a-4004-b9f3-4682b90fb6be: receive RaftClientReply:client-4DFD284AB354->50e57e54-573a-4004-b9f3-4682b90fb6be@group-7B74F87E6226, cid=20, SUCCESS, logIndex=24, commits[50e57e54-573a-4004-b9f3-4682b90fb6be:c24, 715c2811-64f8-4a1e-a225-32d1c44d7330:c23, e99900a8-bcf6-41e1-a05c-e0c9a3669907:c21]
2019-06-17 22:50:34,005 INFO  client.GrpcClientProtocolClient (GrpcClientProtocolClient.java:onNext(254)) - client-4DFD284AB354->50e57e54-573a-4004-b9f3-4682b90fb6be: receive RaftClientReply:client-4DFD284AB354->50e57e54-573a-4004-b9f3-4682b90fb6be@group-7B74F87E6226, cid=21, SUCCESS, logIndex=26, commits[50e57e54-573a-4004-b9f3-4682b90fb6be:c26, 715c2811-64f8-4a1e-a225-32d1c44d7330:c24, e99900a8-bcf6-41e1-a05c-e0c9a3669907:c25]
2019-06-17 22:50:34,039 INFO  client.GrpcClientProtocolClient (GrpcClientProtocolClient.java:onNext(254)) - client-4DFD284AB354->50e57e54-573a-4004-b9f3-4682b90fb6be: receive RaftClientReply:client-4DFD284AB354->50e57e54-573a-4004-b9f3-4682b90fb6be@group-7B74F87E6226, cid=22, SUCCESS, logIndex=28, commits[50e57e54-573a-4004-b9f3-4682b90fb6be:c28, 715c2811-64f8-4a1e-a225-32d1c44d7330:c26, e99900a8-bcf6-41e1-a05c-e0c9a3669907:c27]
2019-06-17 22:50:34,052 INFO  client.GrpcClientProtocolClient (GrpcClientProtocolClient.java:onNext(254)) - client-4DFD284AB354->50e57e54-573a-4004-b9f3-4682b90fb6be: receive RaftClientReply:client-4DFD284AB354->50e57e54-573a-4004-b9f3-4682b90fb6be@group-7B74F87E6226, cid=23, SUCCESS, logIndex=30, commits[50e57e54-573a-4004-b9f3-4682b90fb6be:c30, 715c2811-64f8-4a1e-a225-32d1c44d7330:c28, e99900a8-bcf6-41e1-a05c-e0c9a3669907:c29]
2019-06-17 22:50:34,069 INFO  client.GrpcClientProtocolClient (GrpcClientProtocolClient.java:onNext(254)) - client-4DFD284AB354->50e57e54-573a-4004-b9f3-4682b90fb6be: receive RaftClientReply:client-4DFD284AB354->50e57e54-573a-4004-b9f3-4682b90fb6be@group-7B74F87E6226, cid=24, SUCCESS, logIndex=0, commits[50e57e54-573a-4004-b9f3-4682b90fb6be:c31, 715c2811-64f8-4a1e-a225-32d1c44d7330:c30, e99900a8-bcf6-41e1-a05c-e0c9a3669907:c30]
2019-06-17 22:50:34,147 INFO  client.GrpcClientProtocolClient (GrpcClientProtocolClient.java:onNext(254)) - client-4DFD284AB354->50e57e54-573a-4004-b9f3-4682b90fb6be: receive RaftClientReply:client-4DFD284AB354->50e57e54-573a-4004-b9f3-4682b90fb6be@group-7B74F87E6226, cid=25, SUCCESS, logIndex=32, commits[50e57e54-573a-4004-b9f3-4682b90fb6be:c32, 715c2811-64f8-4a1e-a225-32d1c44d7330:c31, e99900a8-bcf6-41e1-a05c-e0c9a3669907:c30]
2019-06-17 22:50:34,213 INFO  client.GrpcClientProtocolClient (GrpcClientProtocolClient.java:onNext(254)) - client-4DFD284AB354->50e57e54-573a-4004-b9f3-4682b90fb6be: receive RaftClientReply:client-4DFD284AB354->50e57e54-573a-4004-b9f3-4682b90fb6be@group-7B74F87E6226, cid=26, SUCCESS, logIndex=34, commits[50e57e54-573a-4004-b9f3-4682b90fb6be:c39, 715c2811-64f8-4a1e-a225-32d1c44d7330:c36, e99900a8-bcf6-41e1-a05c-e0c9a3669907:c36]
2019-06-17 22:50:34,220 INFO  client.GrpcClientProtocolClient (GrpcClientProtocolClient.java:onNext(254)) - client-4DFD284AB354->50e57e54-573a-4004-b9f3-4682b90fb6be: receive RaftClientReply:client-4DFD284AB354->50e57e54-573a-4004-b9f3-4682b90fb6be@group-7B74F87E6226, cid=27, SUCCESS, logIndex=35, commits[50e57e54-573a-4004-b9f3-4682b90fb6be:c39, 715c2811-64f8-4a1e-a225-32d1c44d7330:c36, e99900a8-bcf6-41e1-a05c-e0c9a3669907:c36]
2019-06-17 22:50:34,239 INFO  client.GrpcClientProtocolClient (GrpcClientProtocolClient.java:onNext(254)) - client-4DFD284AB354->50e57e54-573a-4004-b9f3-4682b90fb6be: receive RaftClientReply:client-4DFD284AB354->50e57e54-573a-4004-b9f3-4682b90fb6be@group-7B74F87E6226, cid=28, SUCCESS, logIndex=36, commits[50e57e54-573a-4004-b9f3-4682b90fb6be:c39, 715c2811-64f8-4a1e-a225-32d1c44d7330:c36, e99900a8-bcf6-41e1-a05c-e0c9a3669907:c36]
2019-06-17 22:50:34,260 INFO  client.GrpcClientProtocolClient (GrpcClientProtocolClient.java:onNext(254)) - client-4DFD284AB354->50e57e54-573a-4004-b9f3-4682b90fb6be: receive RaftClientReply:client-4DFD284AB354->50e57e54-573a-4004-b9f3-4682b90fb6be@group-7B74F87E6226, cid=29, SUCCESS, logIndex=40, commits[50e57e54-573a-4004-b9f3-4682b90fb6be:c40, 715c2811-64f8-4a1e-a225-32d1c44d7330:c39, e99900a8-bcf6-41e1-a05c-e0c9a3669907:c36]
2019-06-17 22:50:34,271 INFO  client.GrpcClientProtocolClient (GrpcClientProtocolClient.java:onNext(254)) - client-4DFD284AB354->50e57e54-573a-4004-b9f3-4682b90fb6be: receive RaftClientReply:client-4DFD284AB354->50e57e54-573a-4004-b9f3-4682b90fb6be@group-7B74F87E6226, cid=30, SUCCESS, logIndex=42, commits[50e57e54-573a-4004-b9f3-4682b90fb6be:c42, 715c2811-64f8-4a1e-a225-32d1c44d7330:c40, e99900a8-bcf6-41e1-a05c-e0c9a3669907:c39]
2019-06-17 22:50:34,277 INFO  client.GrpcClientProtocolClient (GrpcClientProtocolClient.java:onNext(254)) - client-4DFD284AB354->50e57e54-573a-4004-b9f3-4682b90fb6be: receive RaftClientReply:client-4DFD284AB354->50e57e54-573a-4004-b9f3-4682b90fb6be@group-7B74F87E6226, cid=31, SUCCESS, logIndex=43, commits[50e57e54-573a-4004-b9f3-4682b90fb6be:c43, 715c2811-64f8-4a1e-a225-32d1c44d7330:c41, e99900a8-bcf6-41e1-a05c-e0c9a3669907:c40]
2019-06-17 22:50:34,281 INFO  client.GrpcClientProtocolClient (GrpcClientProtocolClient.java:onNext(254)) - client-4DFD284AB354->50e57e54-573a-4004-b9f3-4682b90fb6be: receive RaftClientReply:client-4DFD284AB354->50e57e54-573a-4004-b9f3-4682b90fb6be@group-7B74F87E6226, cid=32, SUCCESS, logIndex=44, commits[50e57e54-573a-4004-b9f3-4682b90fb6be:c45, 715c2811-64f8-4a1e-a225-32d1c44d7330:c42, e99900a8-bcf6-41e1-a05c-e0c9a3669907:c41]
2019-06-17 22:50:34,293 INFO  client.GrpcClientProtocolClient (GrpcClientProtocolClient.java:onNext(254)) - client-4DFD284AB354->50e57e54-573a-4004-b9f3-4682b90fb6be: receive RaftClientReply:client-4DFD284AB354->50e57e54-573a-4004-b9f3-4682b90fb6be@group-7B74F87E6226, cid=33, SUCCESS, logIndex=0, commits[50e57e54-573a-4004-b9f3-4682b90fb6be:c46, 715c2811-64f8-4a1e-a225-32d1c44d7330:c42, e99900a8-bcf6-41e1-a05c-e0c9a3669907:c42]
2019-06-17 22:50:34,295 INFO  client.GrpcClientProtocolClient (GrpcClientProtocolClient.java:onNext(254)) - client-4DFD284AB354->50e57e54-573a-4004-b9f3-4682b90fb6be: receive RaftClientReply:client-4DFD284AB354->50e57e54-573a-4004-b9f3-4682b90fb6be@group-7B74F87E6226, cid=34, SUCCESS, logIndex=0, commits[50e57e54-573a-4004-b9f3-4682b90fb6be:c47, 715c2811-64f8-4a1e-a225-32d1c44d7330:c45, e99900a8-bcf6-41e1-a05c-e0c9a3669907:c45]
2019-06-17 22:50:34,318 INFO  client.GrpcClientProtocolClient (GrpcClientProtocolClient.java:onNext(254)) - client-4DFD284AB354->50e57e54-573a-4004-b9f3-4682b90fb6be: receive RaftClientReply:client-4DFD284AB354->50e57e54-573a-4004-b9f3-4682b90fb6be@group-7B74F87E6226, cid=35, SUCCESS, logIndex=48, commits[50e57e54-573a-4004-b9f3-4682b90fb6be:c48, 715c2811-64f8-4a1e-a225-32d1c44d7330:c47, e99900a8-bcf6-41e1-a05c-e0c9a3669907:c45]
2019-06-17 22:50:34,345 INFO  client.GrpcClientProtocolClient (GrpcClientProtocolClient.java:onNext(254)) - client-4DFD284AB354->50e57e54-573a-4004-b9f3-4682b90fb6be: receive RaftClientReply:client-4DFD284AB354->50e57e54-573a-4004-b9f3-4682b90fb6be@group-7B74F87E6226, cid=36, SUCCESS, logIndex=50, commits[50e57e54-573a-4004-b9f3-4682b90fb6be:c50, 715c2811-64f8-4a1e-a225-32d1c44d7330:c48, e99900a8-bcf6-41e1-a05c-e0c9a3669907:c47]
2019-06-17 22:50:34,346 INFO  client.GrpcClientProtocolClient (GrpcClientProtocolClient.java:onNext(254)) - client-4DFD284AB354->50e57e54-573a-4004-b9f3-4682b90fb6be: receive RaftClientReply:client-4DFD284AB354->50e57e54-573a-4004-b9f3-4682b90fb6be@group-7B74F87E6226, cid=37, SUCCESS, logIndex=51, commits[50e57e54-573a-4004-b9f3-4682b90fb6be:c51, 715c2811-64f8-4a1e-a225-32d1c44d7330:c48, e99900a8-bcf6-41e1-a05c-e0c9a3669907:c48]
2019-06-17 22:50:34,353 INFO  client.GrpcClientProtocolClient (GrpcClientProtocolClient.java:onNext(254)) - client-4DFD284AB354->50e57e54-573a-4004-b9f3-4682b90fb6be: receive RaftClientReply:client-4DFD284AB354->50e57e54-573a-4004-b9f3-4682b90fb6be@group-7B74F87E6226, cid=38, SUCCESS, logIndex=52, commits[50e57e54-573a-4004-b9f3-4682b90fb6be:c52, 715c2811-64f8-4a1e-a225-32d1c44d7330:c48, e99900a8-bcf6-41e1-a05c-e0c9a3669907:c48]
2019-06-17 22:50:34,368 INFO  client.GrpcClientProtocolClient (GrpcClientProtocolClient.java:onNext(254)) - client-4DFD284AB354->50e57e54-573a-4004-b9f3-4682b90fb6be: receive RaftClientReply:client-4DFD284AB354->50e57e54-573a-4004-b9f3-4682b90fb6be@group-7B74F87E6226, cid=39, SUCCESS, logIndex=0, commits[50e57e54-573a-4004-b9f3-4682b90fb6be:c55, 715c2811-64f8-4a1e-a225-32d1c44d7330:c52, e99900a8-bcf6-41e1-a05c-e0c9a3669907:c52]
2019-06-17 22:50:34,395 INFO  client.GrpcClientProtocolClient (GrpcClientProtocolClient.java:onNext(254)) - client-4DFD284AB354->50e57e54-573a-4004-b9f3-4682b90fb6be: receive RaftClientReply:client-4DFD284AB354->50e57e54-573a-4004-b9f3-4682b90fb6be@group-7B74F87E6226, cid=40, SUCCESS, logIndex=56, commits[50e57e54-573a-4004-b9f3-4682b90fb6be:c56, 715c2811-64f8-4a1e-a225-32d1c44d7330:c52, e99900a8-bcf6-41e1-a05c-e0c9a3669907:c55]
2019-06-17 22:50:34,407 INFO  client.GrpcClientProtocolClient (GrpcClientProtocolClient.java:onNext(254)) - client-4DFD284AB354->50e57e54-573a-4004-b9f3-4682b90fb6be: receive RaftClientReply:client-4DFD284AB354->50e57e54-573a-4004-b9f3-4682b90fb6be@group-7B74F87E6226, cid=41, SUCCESS, logIndex=58, commits[50e57e54-573a-4004-b9f3-4682b90fb6be:c58, 715c2811-64f8-4a1e-a225-32d1c44d7330:c56, e99900a8-bcf6-41e1-a05c-e0c9a3669907:c56]
2019-06-17 22:50:34,431 INFO  client.GrpcClientProtocolClient (GrpcClientProtocolClient.java:onNext(254)) - client-4DFD284AB354->50e57e54-573a-4004-b9f3-4682b90fb6be: receive RaftClientReply:client-4DFD284AB354->50e57e54-573a-4004-b9f3-4682b90fb6be@group-7B74F87E6226, cid=42, SUCCESS, logIndex=60, commits[50e57e54-573a-4004-b9f3-4682b90fb6be:c60, 715c2811-64f8-4a1e-a225-32d1c44d7330:c59, e99900a8-bcf6-41e1-a05c-e0c9a3669907:c59]
2019-06-17 22:50:34,439 INFO  client.GrpcClientProtocolClient (GrpcClientProtocolClient.java:onNext(254)) - client-4DFD284AB354->50e57e54-573a-4004-b9f3-4682b90fb6be: receive RaftClientReply:client-4DFD284AB354->50e57e54-573a-4004-b9f3-4682b90fb6be@group-7B74F87E6226, cid=43, SUCCESS, logIndex=62, commits[50e57e54-573a-4004-b9f3-4682b90fb6be:c62, 715c2811-64f8-4a1e-a225-32d1c44d7330:c59, e99900a8-bcf6-41e1-a05c-e0c9a3669907:c60]
2019-06-17 22:50:34,450 INFO  client.GrpcClientProtocolClient (GrpcClientProtocolClient.java:onNext(254)) - client-4DFD284AB354->50e57e54-573a-4004-b9f3-4682b90fb6be: receive RaftClientReply:client-4DFD284AB354->50e57e54-573a-4004-b9f3-4682b90fb6be@group-7B74F87E6226, cid=44, SUCCESS, logIndex=0, commits[50e57e54-573a-4004-b9f3-4682b90fb6be:c63, 715c2811-64f8-4a1e-a225-32d1c44d7330:c62, e99900a8-bcf6-41e1-a05c-e0c9a3669907:c62]
2019-06-17 22:50:34,474 INFO  client.GrpcClientProtocolClient (GrpcClientProtocolClient.java:onNext(254)) - client-4DFD284AB354->50e57e54-573a-4004-b9f3-4682b90fb6be: receive RaftClientReply:client-4DFD284AB354->50e57e54-573a-4004-b9f3-4682b90fb6be@group-7B74F87E6226, cid=45, SUCCESS, logIndex=64, commits[50e57e54-573a-4004-b9f3-4682b90fb6be:c64, 715c2811-64f8-4a1e-a225-32d1c44d7330:c63, e99900a8-bcf6-41e1-a05c-e0c9a3669907:c62]
2019-06-17 22:50:34,497 INFO  client.GrpcClientProtocolClient (GrpcClientProtocolClient.java:onNext(254)) - client-4DFD284AB354->50e57e54-573a-4004-b9f3-4682b90fb6be: receive RaftClientReply:client-4DFD284AB354->50e57e54-573a-4004-b9f3-4682b90fb6be@group-7B74F87E6226, cid=46, SUCCESS, logIndex=66, commits[50e57e54-573a-4004-b9f3-4682b90fb6be:c66, 715c2811-64f8-4a1e-a225-32d1c44d7330:c64, e99900a8-bcf6-41e1-a05c-e0c9a3669907:c64]
2019-06-17 22:50:34,503 INFO  client.GrpcClientProtocolClient (GrpcClientProtocolClient.java:onNext(254)) - client-4DFD284AB354->50e57e54-573a-4004-b9f3-4682b90fb6be: receive RaftClientReply:client-4DFD284AB354->50e57e54-573a-4004-b9f3-4682b90fb6be@group-7B74F87E6226, cid=47, SUCCESS, logIndex=67, commits[50e57e54-573a-4004-b9f3-4682b90fb6be:c67, 715c2811-64f8-4a1e-a225-32d1c44d7330:c65, e99900a8-bcf6-41e1-a05c-e0c9a3669907:c64]
2019-06-17 22:50:34,513 INFO  client.GrpcClientProtocolClient (GrpcClientProtocolClient.java:onNext(254)) - client-4DFD284AB354->50e57e54-573a-4004-b9f3-4682b90fb6be: receive RaftClientReply:client-4DFD284AB354->50e57e54-573a-4004-b9f3-4682b90fb6be@group-7B74F87E6226, cid=48, SUCCESS, logIndex=68, commits[50e57e54-573a-4004-b9f3-4682b90fb6be:c68, 715c2811-64f8-4a1e-a225-32d1c44d7330:c65, e99900a8-bcf6-41e1-a05c-e0c9a3669907:c64]
2019-06-17 22:50:34,517 INFO  client.GrpcClientProtocolClient (GrpcClientProtocolClient.java:onNext(254)) - client-4DFD284AB354->50e57e54-573a-4004-b9f3-4682b90fb6be: receive RaftClientReply:client-4DFD284AB354->50e57e54-573a-4004-b9f3-4682b90fb6be@group-7B74F87E6226, cid=49, SUCCESS, logIndex=0, commits[50e57e54-573a-4004-b9f3-4682b90fb6be:c70, 715c2811-64f8-4a1e-a225-32d1c44d7330:c67, e99900a8-bcf6-41e1-a05c-e0c9a3669907:c68]
2019-06-17 22:50:34,537 INFO  client.GrpcClientProtocolClient (GrpcClientProtocolClient.java:onNext(254)) - client-4DFD284AB354->50e57e54-573a-4004-b9f3-4682b90fb6be: receive RaftClientReply:client-4DFD284AB354->50e57e54-573a-4004-b9f3-4682b90fb6be@group-7B74F87E6226, cid=50, SUCCESS, logIndex=72, commits[50e57e54-573a-4004-b9f3-4682b90fb6be:c72, 715c2811-64f8-4a1e-a225-32d1c44d7330:c71, e99900a8-bcf6-41e1-a05c-e0c9a3669907:c71]
2019-06-17 22:50:34,544 INFO  client.GrpcClientProtocolClient (GrpcClientProtocolClient.java:onNext(254)) - client-4DFD284AB354->50e57e54-573a-4004-b9f3-4682b90fb6be: receive RaftClientReply:client-4DFD284AB354->50e57e54-573a-4004-b9f3-4682b90fb6be@group-7B74F87E6226, cid=51, SUCCESS, logIndex=74, commits[50e57e54-573a-4004-b9f3-4682b90fb6be:c74, 715c2811-64f8-4a1e-a225-32d1c44d7330:c72, e99900a8-bcf6-41e1-a05c-e0c9a3669907:c72]
2019-06-17 22:50:34,564 INFO  client.GrpcClientProtocolClient (GrpcClientProtocolClient.java:onNext(254)) - client-4DFD284AB354->50e57e54-573a-4004-b9f3-4682b90fb6be: receive RaftClientReply:client-4DFD284AB354->50e57e54-573a-4004-b9f3-4682b90fb6be@group-7B74F87E6226, cid=52, SUCCESS, logIndex=76, commits[50e57e54-573a-4004-b9f3-4682b90fb6be:c76, 715c2811-64f8-4a1e-a225-32d1c44d7330:c75, e99900a8-bcf6-41e1-a05c-e0c9a3669907:c74]
2019-06-17 22:50:34,572 INFO  client.GrpcClientProtocolClient (GrpcClientProtocolClient.java:onNext(254)) - client-4DFD284AB354->50e57e54-573a-4004-b9f3-4682b90fb6be: receive RaftClientReply:client-4DFD284AB354->50e57e54-573a-4004-b9f3-4682b90fb6be@group-7B74F87E6226, cid=53, SUCCESS, logIndex=78, commits[50e57e54-573a-4004-b9f3-4682b90fb6be:c78, 715c2811-64f8-4a1e-a225-32d1c44d7330:c76, e99900a8-bcf6-41e1-a05c-e0c9a3669907:c75]
2019-06-17 22:50:34,582 INFO  client.GrpcClientProtocolClient (GrpcClientProtocolClient.java:onNext(254)) - client-4DFD284AB354->50e57e54-573a-4004-b9f3-4682b90fb6be: receive RaftClientReply:client-4DFD284AB354->50e57e54-573a-4004-b9f3-4682b90fb6be@group-7B74F87E6226, cid=54, SUCCESS, logIndex=0, commits[50e57e54-573a-4004-b9f3-4682b90fb6be:c79, 715c2811-64f8-4a1e-a225-32d1c44d7330:c78, e99900a8-bcf6-41e1-a05c-e0c9a3669907:c78]
 100.00% |█████████████████████████████████████████████████████████████████████████████████████████████████████|  1/1 Time: 0:00:03
2019-06-17 22:50:35,119 INFO  pipeline.SCMPipelineManager (SCMPipelineManager.java:finalizeAndDestroyPipeline(307)) - destroying pipeline:Pipeline[ Id: 633f6f37-8c89-44d6-a439-7b74f87e6226, Nodes: e99900a8-bcf6-41e1-a05c-e0c9a3669907{ip: 192.168.105.167, host: ozone-unit-076618677d3qv27m-3129989020, networkLocation: /default-rack, certSerialId: null}715c2811-64f8-4a1e-a225-32d1c44d7330{ip: 192.168.105.167, host: ozone-unit-076618677d3qv27m-3129989020, networkLocation: /default-rack, certSerialId: null}50e57e54-573a-4004-b9f3-4682b90fb6be{ip: 192.168.105.167, host: ozone-unit-076618677d3qv27m-3129989020, networkLocation: /default-rack, certSerialId: null}, Type:RATIS, Factor:THREE, State:OPEN]
2019-06-17 22:50:35,120 INFO  pipeline.PipelineStateManager (PipelineStateManager.java:finalizePipeline(123)) - Pipeline Pipeline[ Id: 633f6f37-8c89-44d6-a439-7b74f87e6226, Nodes: e99900a8-bcf6-41e1-a05c-e0c9a3669907{ip: 192.168.105.167, host: ozone-unit-076618677d3qv27m-3129989020, networkLocation: /default-rack, certSerialId: null}715c2811-64f8-4a1e-a225-32d1c44d7330{ip: 192.168.105.167, host: ozone-unit-076618677d3qv27m-3129989020, networkLocation: /default-rack, certSerialId: null}50e57e54-573a-4004-b9f3-4682b90fb6be{ip: 192.168.105.167, host: ozone-unit-076618677d3qv27m-3129989020, networkLocation: /default-rack, certSerialId: null}, Type:RATIS, Factor:THREE, State:CLOSED] moved to CLOSED state
2019-06-17 22:50:35,129 INFO  container.CloseContainerEventHandler (CloseContainerEventHandler.java:onMessage(61)) - Close container Event triggered for container : #1
2019-06-17 22:50:35,138 INFO  impl.RaftServerProxy (RaftServerProxy.java:remove(95)) - e99900a8-bcf6-41e1-a05c-e0c9a3669907: remove FOLLOWER group-7B74F87E6226 e99900a8-bcf6-41e1-a05c-e0c9a3669907:t1, leader=50e57e54-573a-4004-b9f3-4682b90fb6be, voted=50e57e54-573a-4004-b9f3-4682b90fb6be, raftlog=e99900a8-bcf6-41e1-a05c-e0c9a3669907-SegmentedRaftLog:OPENED:c79,f79,i79, conf=0: [715c2811-64f8-4a1e-a225-32d1c44d7330:192.168.105.167:32971, e99900a8-bcf6-41e1-a05c-e0c9a3669907:192.168.105.167:34199, 50e57e54-573a-4004-b9f3-4682b90fb6be:192.168.105.167:46031], old=null RUNNING
2019-06-17 22:50:35,142 INFO  impl.RaftServerImpl (RaftServerImpl.java:lambda$shutdown$3(238)) - e99900a8-bcf6-41e1-a05c-e0c9a3669907: shutdown group-7B74F87E6226
2019-06-17 22:50:35,142 INFO  util.JmxRegister (JmxRegister.java:unregister(73)) - Successfully un-registered JMX Bean with object name Ratis:service=RaftServer,group=group-7B74F87E6226,id=e99900a8-bcf6-41e1-a05c-e0c9a3669907
2019-06-17 22:50:35,142 INFO  impl.RoleInfo (RoleInfo.java:shutdownFollowerState(121)) - e99900a8-bcf6-41e1-a05c-e0c9a3669907: shutdown FollowerState
2019-06-17 22:50:35,142 INFO  impl.StateMachineUpdater (StateMachineUpdater.java:stopAndJoin(109)) - StateMachineUpdater-e99900a8-bcf6-41e1-a05c-e0c9a3669907-group-7B74F87E6226: set stopIndex = 79
2019-06-17 22:50:35,142 INFO  ratis.ContainerStateMachine (ContainerStateMachine.java:takeSnapshot(245)) - Taking snapshot at termIndex:(t:1, i:78)
2019-06-17 22:50:35,142 INFO  impl.FollowerState (FollowerState.java:run(109)) - e99900a8-bcf6-41e1-a05c-e0c9a3669907: FollowerState was interrupted: java.lang.InterruptedException: sleep interrupted
2019-06-17 22:50:35,144 INFO  ratis.ContainerStateMachine (ContainerStateMachine.java:takeSnapshot(249)) - Taking a snapshot to file /opt/src/hadoop-ozone/tools/target/test-dir/MiniOzoneClusterImpl-1a948341-2cb3-47c4-94f3-fd318447fbab/datanode-0/data/ratis/633f6f37-8c89-44d6-a439-7b74f87e6226/sm/snapshot.1_78
2019-06-17 22:50:35,156 INFO  impl.RaftServerImpl (ServerState.java:close(394)) - e99900a8-bcf6-41e1-a05c-e0c9a3669907:group-7B74F87E6226 closes. The last applied log index is 79
2019-06-17 22:50:35,157 INFO  container.CloseContainerEventHandler (CloseContainerEventHandler.java:onMessage(61)) - Close container Event triggered for container : #2
2019-06-17 22:50:35,158 INFO  container.CloseContainerEventHandler (CloseContainerEventHandler.java:onMessage(61)) - Close container Event triggered for container : #3
2019-06-17 22:50:35,158 INFO  storage.RaftLogWorker (RaftLogWorker.java:run(236)) - e99900a8-bcf6-41e1-a05c-e0c9a3669907-RaftLogWorker was interrupted, exiting. There are 0 tasks remaining in the queue.
2019-06-17 22:50:35,162 INFO  storage.RaftLogWorker (RaftLogWorker.java:close(168)) - e99900a8-bcf6-41e1-a05c-e0c9a3669907-RaftLogWorker close()
2019-06-17 22:50:35,182 INFO  impl.RaftServerProxy (RaftServerProxy.java:remove(95)) - 715c2811-64f8-4a1e-a225-32d1c44d7330: remove FOLLOWER group-7B74F87E6226 715c2811-64f8-4a1e-a225-32d1c44d7330:t1, leader=50e57e54-573a-4004-b9f3-4682b90fb6be, voted=50e57e54-573a-4004-b9f3-4682b90fb6be, raftlog=715c2811-64f8-4a1e-a225-32d1c44d7330-SegmentedRaftLog:OPENED:c79,f79,i79, conf=0: [715c2811-64f8-4a1e-a225-32d1c44d7330:192.168.105.167:32971, e99900a8-bcf6-41e1-a05c-e0c9a3669907:192.168.105.167:34199, 50e57e54-573a-4004-b9f3-4682b90fb6be:192.168.105.167:46031], old=null RUNNING
2019-06-17 22:50:35,182 INFO  impl.RaftServerImpl (RaftServerImpl.java:lambda$shutdown$3(238)) - 715c2811-64f8-4a1e-a225-32d1c44d7330: shutdown group-7B74F87E6226
2019-06-17 22:50:35,183 INFO  util.JmxRegister (JmxRegister.java:unregister(73)) - Successfully un-registered JMX Bean with object name Ratis:service=RaftServer,group=group-7B74F87E6226,id=715c2811-64f8-4a1e-a225-32d1c44d7330
2019-06-17 22:50:35,183 INFO  impl.RoleInfo (RoleInfo.java:shutdownFollowerState(121)) - 715c2811-64f8-4a1e-a225-32d1c44d7330: shutdown FollowerState
2019-06-17 22:50:35,183 INFO  impl.FollowerState (FollowerState.java:run(109)) - 715c2811-64f8-4a1e-a225-32d1c44d7330: FollowerState was interrupted: java.lang.InterruptedException: sleep interrupted
2019-06-17 22:50:35,183 INFO  ratis.ContainerStateMachine (ContainerStateMachine.java:takeSnapshot(245)) - Taking snapshot at termIndex:(t:1, i:78)
2019-06-17 22:50:35,183 INFO  impl.StateMachineUpdater (StateMachineUpdater.java:stopAndJoin(109)) - StateMachineUpdater-715c2811-64f8-4a1e-a225-32d1c44d7330-group-7B74F87E6226: set stopIndex = 79
2019-06-17 22:50:35,185 INFO  ratis.ContainerStateMachine (ContainerStateMachine.java:takeSnapshot(249)) - Taking a snapshot to file /opt/src/hadoop-ozone/tools/target/test-dir/MiniOzoneClusterImpl-1a948341-2cb3-47c4-94f3-fd318447fbab/datanode-2/data/ratis/633f6f37-8c89-44d6-a439-7b74f87e6226/sm/snapshot.1_78
2019-06-17 22:50:35,187 INFO  impl.RaftServerImpl (ServerState.java:close(394)) - 715c2811-64f8-4a1e-a225-32d1c44d7330:group-7B74F87E6226 closes. The last applied log index is 79
2019-06-17 22:50:35,187 INFO  storage.RaftLogWorker (RaftLogWorker.java:run(236)) - 715c2811-64f8-4a1e-a225-32d1c44d7330-RaftLogWorker was interrupted, exiting. There are 0 tasks remaining in the queue.
2019-06-17 22:50:35,188 INFO  storage.RaftLogWorker (RaftLogWorker.java:close(168)) - 715c2811-64f8-4a1e-a225-32d1c44d7330-RaftLogWorker close()
2019-06-17 22:50:35,200 INFO  impl.RaftServerProxy (RaftServerProxy.java:remove(95)) - 50e57e54-573a-4004-b9f3-4682b90fb6be: remove   LEADER group-7B74F87E6226 50e57e54-573a-4004-b9f3-4682b90fb6be:t1, leader=50e57e54-573a-4004-b9f3-4682b90fb6be, voted=50e57e54-573a-4004-b9f3-4682b90fb6be, raftlog=50e57e54-573a-4004-b9f3-4682b90fb6be-SegmentedRaftLog:OPENED:c79,f79,i79, conf=0: [715c2811-64f8-4a1e-a225-32d1c44d7330:192.168.105.167:32971, e99900a8-bcf6-41e1-a05c-e0c9a3669907:192.168.105.167:34199, 50e57e54-573a-4004-b9f3-4682b90fb6be:192.168.105.167:46031], old=null RUNNING
2019-06-17 22:50:35,201 INFO  impl.RaftServerImpl (RaftServerImpl.java:lambda$shutdown$3(238)) - 50e57e54-573a-4004-b9f3-4682b90fb6be: shutdown group-7B74F87E6226
2019-06-17 22:50:35,201 INFO  util.JmxRegister (JmxRegister.java:unregister(73)) - Successfully un-registered JMX Bean with object name Ratis:service=RaftServer,group=group-7B74F87E6226,id=50e57e54-573a-4004-b9f3-4682b90fb6be
2019-06-17 22:50:35,201 INFO  impl.RoleInfo (RoleInfo.java:shutdownLeaderState(104)) - 50e57e54-573a-4004-b9f3-4682b90fb6be: shutdown LeaderState
2019-06-17 22:50:35,202 INFO  impl.PendingRequests (PendingRequests.java:sendNotLeaderResponses(140)) - 50e57e54-573a-4004-b9f3-4682b90fb6be-PendingRequests: sendNotLeaderResponses
2019-06-17 22:50:35,202 WARN  server.GrpcLogAppender (GrpcLogAppender.java:mayWait(142)) - GrpcLogAppender(50e57e54-573a-4004-b9f3-4682b90fb6be -> 715c2811-64f8-4a1e-a225-32d1c44d7330): Wait interrupted by java.lang.InterruptedException
2019-06-17 22:50:35,202 WARN  server.GrpcLogAppender (GrpcLogAppender.java:mayWait(142)) - GrpcLogAppender(50e57e54-573a-4004-b9f3-4682b90fb6be -> e99900a8-bcf6-41e1-a05c-e0c9a3669907): Wait interrupted by java.lang.InterruptedException
2019-06-17 22:50:35,204 INFO  server.GrpcServerProtocolService (GrpcServerProtocolService.java:onCompleted(104)) - 715c2811-64f8-4a1e-a225-32d1c44d7330: appendEntries completed
2019-06-17 22:50:35,204 INFO  server.GrpcServerProtocolService (GrpcServerProtocolService.java:onCompleted(104)) - e99900a8-bcf6-41e1-a05c-e0c9a3669907: appendEntries completed
2019-06-17 22:50:35,207 INFO  server.GrpcLogAppender (GrpcLogAppender.java:onCompleted(277)) - 50e57e54-573a-4004-b9f3-4682b90fb6be: follower 50e57e54-573a-4004-b9f3-4682b90fb6be->e99900a8-bcf6-41e1-a05c-e0c9a3669907(c79,m79,n80, attendVote=true, lastRpcSendTime=131, lastRpcResponseTime=128) response Completed
2019-06-17 22:50:35,208 INFO  server.GrpcLogAppender (GrpcLogAppender.java:onCompleted(277)) - 50e57e54-573a-4004-b9f3-4682b90fb6be: follower 50e57e54-573a-4004-b9f3-4682b90fb6be->715c2811-64f8-4a1e-a225-32d1c44d7330(c79,m79,n80, attendVote=true, lastRpcSendTime=125, lastRpcResponseTime=121) response Completed
2019-06-17 22:50:35,211 INFO  impl.FollowerInfo (FollowerInfo.java:lambda$new$0(50)) - 50e57e54-573a-4004-b9f3-4682b90fb6be->e99900a8-bcf6-41e1-a05c-e0c9a3669907: nextIndex: updateUnconditionally 80 -> 0
2019-06-17 22:50:35,211 INFO  impl.FollowerInfo (FollowerInfo.java:lambda$new$0(50)) - 50e57e54-573a-4004-b9f3-4682b90fb6be->715c2811-64f8-4a1e-a225-32d1c44d7330: nextIndex: updateUnconditionally 80 -> 0
2019-06-17 22:50:35,217 INFO  ratis.ContainerStateMachine (ContainerStateMachine.java:takeSnapshot(245)) - Taking snapshot at termIndex:(t:1, i:78)
2019-06-17 22:50:35,218 INFO  ratis.ContainerStateMachine (ContainerStateMachine.java:takeSnapshot(249)) - Taking a snapshot to file /opt/src/hadoop-ozone/tools/target/test-dir/MiniOzoneClusterImpl-1a948341-2cb3-47c4-94f3-fd318447fbab/datanode-1/data/ratis/633f6f37-8c89-44d6-a439-7b74f87e6226/sm/snapshot.1_78
2019-06-17 22:50:35,219 INFO  impl.StateMachineUpdater (StateMachineUpdater.java:stopAndJoin(109)) - StateMachineUpdater-50e57e54-573a-4004-b9f3-4682b90fb6be-group-7B74F87E6226: set stopIndex = 79
2019-06-17 22:50:35,219 INFO  impl.RaftServerImpl (ServerState.java:close(394)) - 50e57e54-573a-4004-b9f3-4682b90fb6be:group-7B74F87E6226 closes. The last applied log index is 79
2019-06-17 22:50:35,219 INFO  storage.RaftLogWorker (RaftLogWorker.java:run(236)) - 50e57e54-573a-4004-b9f3-4682b90fb6be-RaftLogWorker was interrupted, exiting. There are 0 tasks remaining in the queue.
2019-06-17 22:50:35,220 INFO  storage.RaftLogWorker (RaftLogWorker.java:close(168)) - 50e57e54-573a-4004-b9f3-4682b90fb6be-RaftLogWorker close()
2019-06-17 22:50:35,226 INFO  pipeline.PipelineStateManager (PipelineStateManager.java:removePipeline(108)) - Pipeline Pipeline[ Id: 633f6f37-8c89-44d6-a439-7b74f87e6226, Nodes: e99900a8-bcf6-41e1-a05c-e0c9a3669907{ip: 192.168.105.167, host: ozone-unit-076618677d3qv27m-3129989020, networkLocation: /default-rack, certSerialId: null}715c2811-64f8-4a1e-a225-32d1c44d7330{ip: 192.168.105.167, host: ozone-unit-076618677d3qv27m-3129989020, networkLocation: /default-rack, certSerialId: null}50e57e54-573a-4004-b9f3-4682b90fb6be{ip: 192.168.105.167, host: ozone-unit-076618677d3qv27m-3129989020, networkLocation: /default-rack, certSerialId: null}, Type:RATIS, Factor:THREE, State:CLOSED] removed from db
2019-06-17 22:50:35,244 INFO  impl.RaftServerProxy (RaftServerProxy.java:addNew(89)) - 715c2811-64f8-4a1e-a225-32d1c44d7330: addNew group-4D5E322EF8CC:[715c2811-64f8-4a1e-a225-32d1c44d7330:192.168.105.167:32971, e99900a8-bcf6-41e1-a05c-e0c9a3669907:192.168.105.167:34199, 50e57e54-573a-4004-b9f3-4682b90fb6be:192.168.105.167:46031] returns group-4D5E322EF8CC:java.util.concurrent.CompletableFuture@5361bd5c[Not completed]
2019-06-17 22:50:35,244 INFO  impl.RaftServerImpl (RaftServerImpl.java:<init>(91)) - 715c2811-64f8-4a1e-a225-32d1c44d7330: new RaftServerImpl for group-4D5E322EF8CC:[715c2811-64f8-4a1e-a225-32d1c44d7330:192.168.105.167:32971, e99900a8-bcf6-41e1-a05c-e0c9a3669907:192.168.105.167:34199, 50e57e54-573a-4004-b9f3-4682b90fb6be:192.168.105.167:46031] with ContainerStateMachine:uninitialized
2019-06-17 22:50:35,251 INFO  server.RaftServerConfigKeys (ConfUtils.java:logGet(43)) - raft.server.rpc.timeout.min = 1s (custom)
2019-06-17 22:50:35,251 INFO  server.RaftServerConfigKeys (ConfUtils.java:logGet(43)) - raft.server.rpc.timeout.max = 1200ms (custom)
2019-06-17 22:50:35,251 INFO  server.RaftServerConfigKeys (ConfUtils.java:logGet(43)) - raft.server.rpcslowness.timeout = 120s (custom)
2019-06-17 22:50:35,251 INFO  server.RaftServerConfigKeys (ConfUtils.java:logGet(43)) - raft.server.log.appender.install.snapshot.enabled = true (default)
2019-06-17 22:50:35,252 INFO  impl.RaftServerImpl (ServerState.java:<init>(101)) - 715c2811-64f8-4a1e-a225-32d1c44d7330:group-4D5E322EF8CC ConfigurationManager, init=-1: [715c2811-64f8-4a1e-a225-32d1c44d7330:192.168.105.167:32971, e99900a8-bcf6-41e1-a05c-e0c9a3669907:192.168.105.167:34199, 50e57e54-573a-4004-b9f3-4682b90fb6be:192.168.105.167:46031], old=null, confs=<EMPTY_MAP>
2019-06-17 22:50:35,252 INFO  server.RaftServerConfigKeys (ConfUtils.java:logGet(43)) - raft.server.storage.dir = [/opt/src/hadoop-ozone/tools/target/test-dir/MiniOzoneClusterImpl-1a948341-2cb3-47c4-94f3-fd318447fbab/datanode-2/data/ratis] (custom)
2019-06-17 22:50:35,252 INFO  storage.RaftStorageDirectory (RaftStorageDirectory.java:analyzeStorage(246)) - The storage directory /opt/src/hadoop-ozone/tools/target/test-dir/MiniOzoneClusterImpl-1a948341-2cb3-47c4-94f3-fd318447fbab/datanode-2/data/ratis/e97b9aae-c803-468d-ab11-4d5e322ef8cc does not exist. Creating ...
2019-06-17 22:50:35,245 INFO  impl.RaftServerImpl (RaftServerImpl.java:<init>(91)) - e99900a8-bcf6-41e1-a05c-e0c9a3669907: new RaftServerImpl for group-4D5E322EF8CC:[715c2811-64f8-4a1e-a225-32d1c44d7330:192.168.105.167:32971, e99900a8-bcf6-41e1-a05c-e0c9a3669907:192.168.105.167:34199, 50e57e54-573a-4004-b9f3-4682b90fb6be:192.168.105.167:46031] with ContainerStateMachine:uninitialized
2019-06-17 22:50:35,245 INFO  impl.RaftServerProxy (RaftServerProxy.java:addNew(89)) - e99900a8-bcf6-41e1-a05c-e0c9a3669907: addNew group-4D5E322EF8CC:[715c2811-64f8-4a1e-a225-32d1c44d7330:192.168.105.167:32971, e99900a8-bcf6-41e1-a05c-e0c9a3669907:192.168.105.167:34199, 50e57e54-573a-4004-b9f3-4682b90fb6be:192.168.105.167:46031] returns group-4D5E322EF8CC:java.util.concurrent.CompletableFuture@afff3a[Not completed]
2019-06-17 22:50:35,253 INFO  server.RaftServerConfigKeys (ConfUtils.java:logGet(43)) - raft.server.rpc.timeout.min = 1s (custom)
2019-06-17 22:50:35,254 INFO  server.RaftServerConfigKeys (ConfUtils.java:logGet(43)) - raft.server.rpc.timeout.max = 1200ms (custom)
2019-06-17 22:50:35,254 INFO  server.RaftServerConfigKeys (ConfUtils.java:logGet(43)) - raft.server.rpcslowness.timeout = 120s (custom)
2019-06-17 22:50:35,255 INFO  server.RaftServerConfigKeys (ConfUtils.java:logGet(43)) - raft.server.log.appender.install.snapshot.enabled = true (default)
2019-06-17 22:50:35,255 INFO  impl.RaftServerImpl (ServerState.java:<init>(101)) - e99900a8-bcf6-41e1-a05c-e0c9a3669907:group-4D5E322EF8CC ConfigurationManager, init=-1: [715c2811-64f8-4a1e-a225-32d1c44d7330:192.168.105.167:32971, e99900a8-bcf6-41e1-a05c-e0c9a3669907:192.168.105.167:34199, 50e57e54-573a-4004-b9f3-4682b90fb6be:192.168.105.167:46031], old=null, confs=<EMPTY_MAP>
2019-06-17 22:50:35,255 INFO  server.RaftServerConfigKeys (ConfUtils.java:logGet(43)) - raft.server.storage.dir = [/opt/src/hadoop-ozone/tools/target/test-dir/MiniOzoneClusterImpl-1a948341-2cb3-47c4-94f3-fd318447fbab/datanode-0/data/ratis] (custom)
2019-06-17 22:50:35,255 INFO  storage.RaftStorageDirectory (RaftStorageDirectory.java:analyzeStorage(246)) - The storage directory /opt/src/hadoop-ozone/tools/target/test-dir/MiniOzoneClusterImpl-1a948341-2cb3-47c4-94f3-fd318447fbab/datanode-0/data/ratis/e97b9aae-c803-468d-ab11-4d5e322ef8cc does not exist. Creating ...
2019-06-17 22:50:35,261 INFO  impl.RaftServerProxy (RaftServerProxy.java:addNew(89)) - 50e57e54-573a-4004-b9f3-4682b90fb6be: addNew group-4D5E322EF8CC:[715c2811-64f8-4a1e-a225-32d1c44d7330:192.168.105.167:32971, e99900a8-bcf6-41e1-a05c-e0c9a3669907:192.168.105.167:34199, 50e57e54-573a-4004-b9f3-4682b90fb6be:192.168.105.167:46031] returns group-4D5E322EF8CC:java.util.concurrent.CompletableFuture@6476ed68[Not completed]
2019-06-17 22:50:35,262 INFO  impl.RaftServerImpl (RaftServerImpl.java:<init>(91)) - 50e57e54-573a-4004-b9f3-4682b90fb6be: new RaftServerImpl for group-4D5E322EF8CC:[715c2811-64f8-4a1e-a225-32d1c44d7330:192.168.105.167:32971, e99900a8-bcf6-41e1-a05c-e0c9a3669907:192.168.105.167:34199, 50e57e54-573a-4004-b9f3-4682b90fb6be:192.168.105.167:46031] with ContainerStateMachine:uninitialized
2019-06-17 22:50:35,262 INFO  server.RaftServerConfigKeys (ConfUtils.java:logGet(43)) - raft.server.rpc.timeout.min = 1s (custom)
2019-06-17 22:50:35,262 INFO  server.RaftServerConfigKeys (ConfUtils.java:logGet(43)) - raft.server.rpc.timeout.max = 1200ms (custom)
2019-06-17 22:50:35,262 INFO  server.RaftServerConfigKeys (ConfUtils.java:logGet(43)) - raft.server.rpcslowness.timeout = 120s (custom)
2019-06-17 22:50:35,262 INFO  server.RaftServerConfigKeys (ConfUtils.java:logGet(43)) - raft.server.log.appender.install.snapshot.enabled = true (default)
2019-06-17 22:50:35,262 INFO  impl.RaftServerImpl (ServerState.java:<init>(101)) - 50e57e54-573a-4004-b9f3-4682b90fb6be:group-4D5E322EF8CC ConfigurationManager, init=-1: [715c2811-64f8-4a1e-a225-32d1c44d7330:192.168.105.167:32971, e99900a8-bcf6-41e1-a05c-e0c9a3669907:192.168.105.167:34199, 50e57e54-573a-4004-b9f3-4682b90fb6be:192.168.105.167:46031], old=null, confs=<EMPTY_MAP>
2019-06-17 22:50:35,264 INFO  server.RaftServerConfigKeys (ConfUtils.java:logGet(43)) - raft.server.storage.dir = [/opt/src/hadoop-ozone/tools/target/test-dir/MiniOzoneClusterImpl-1a948341-2cb3-47c4-94f3-fd318447fbab/datanode-1/data/ratis] (custom)
2019-06-17 22:50:35,264 INFO  storage.RaftStorageDirectory (RaftStorageDirectory.java:analyzeStorage(246)) - The storage directory /opt/src/hadoop-ozone/tools/target/test-dir/MiniOzoneClusterImpl-1a948341-2cb3-47c4-94f3-fd318447fbab/datanode-1/data/ratis/e97b9aae-c803-468d-ab11-4d5e322ef8cc does not exist. Creating ...
2019-06-17 22:50:35,263 INFO  storage.RaftStorageDirectory (RaftStorageDirectory.java:tryLock(328)) - Lock on /opt/src/hadoop-ozone/tools/target/test-dir/MiniOzoneClusterImpl-1a948341-2cb3-47c4-94f3-fd318447fbab/datanode-2/data/ratis/e97b9aae-c803-468d-ab11-4d5e322ef8cc/in_use.lock acquired by nodename 18214@ozone-unit-076618677d3qv27m-3129989020
2019-06-17 22:50:35,264 INFO  storage.RaftStorageDirectory (RaftStorageDirectory.java:tryLock(328)) - Lock on /opt/src/hadoop-ozone/tools/target/test-dir/MiniOzoneClusterImpl-1a948341-2cb3-47c4-94f3-fd318447fbab/datanode-0/data/ratis/e97b9aae-c803-468d-ab11-4d5e322ef8cc/in_use.lock acquired by nodename 18214@ozone-unit-076618677d3qv27m-3129989020
2019-06-17 22:50:35,271 INFO  storage.RaftStorageDirectory (RaftStorageDirectory.java:tryLock(328)) - Lock on /opt/src/hadoop-ozone/tools/target/test-dir/MiniOzoneClusterImpl-1a948341-2cb3-47c4-94f3-fd318447fbab/datanode-1/data/ratis/e97b9aae-c803-468d-ab11-4d5e322ef8cc/in_use.lock acquired by nodename 18214@ozone-unit-076618677d3qv27m-3129989020
2019-06-17 22:50:35,272 INFO  storage.RaftStorage (RaftStorage.java:format(75)) - Storage directory /opt/src/hadoop-ozone/tools/target/test-dir/MiniOzoneClusterImpl-1a948341-2cb3-47c4-94f3-fd318447fbab/datanode-0/data/ratis/e97b9aae-c803-468d-ab11-4d5e322ef8cc has been successfully formatted.
2019-06-17 22:50:35,272 INFO  ratis.ContainerStateMachine (ContainerStateMachine.java:loadSnapshot(199)) - The snapshot info is null.Setting the last applied index to:(t:0, i:~)
2019-06-17 22:50:35,272 INFO  server.RaftServerConfigKeys (ConfUtils.java:logGet(43)) - raft.server.leader.election.timeout = 120s (custom)
2019-06-17 22:50:35,272 INFO  server.RaftServerConfigKeys (ConfUtils.java:logGet(43)) - raft.server.log.use.memory = false (default)
2019-06-17 22:50:35,272 INFO  server.RaftServerConfigKeys (ConfUtils.java:logGet(43)) - raft.server.log.appender.buffer.byte-limit = 33554432 (custom)
2019-06-17 22:50:35,276 INFO  server.RaftServerConfigKeys (ConfUtils.java:logGet(43)) - raft.server.log.segment.size.max = 16384 (custom)
2019-06-17 22:50:35,276 INFO  server.RaftServerConfigKeys (ConfUtils.java:logGet(43)) - raft.server.log.segment.cache.num.max = 2 (custom)
2019-06-17 22:50:35,276 INFO  storage.RaftLogWorker (RaftLogWorker.java:<init>(123)) - new e99900a8-bcf6-41e1-a05c-e0c9a3669907-RaftLogWorker for Storage Directory /opt/src/hadoop-ozone/tools/target/test-dir/MiniOzoneClusterImpl-1a948341-2cb3-47c4-94f3-fd318447fbab/datanode-0/data/ratis/e97b9aae-c803-468d-ab11-4d5e322ef8cc
2019-06-17 22:50:35,276 INFO  server.RaftServerConfigKeys (ConfUtils.java:logGet(43)) - raft.server.log.queue.byte-limit = 2147483647 (custom)
2019-06-17 22:50:35,277 INFO  server.RaftServerConfigKeys (ConfUtils.java:logGet(43)) - raft.server.log.queue.element-limit = 1024 (custom)
2019-06-17 22:50:35,277 INFO  server.RaftServerConfigKeys (ConfUtils.java:logGet(43)) - raft.server.log.segment.size.max = 16384 (custom)
2019-06-17 22:50:35,277 INFO  server.RaftServerConfigKeys (ConfUtils.java:logGet(43)) - raft.server.log.preallocated.size = 16384 (custom)
2019-06-17 22:50:35,277 INFO  server.RaftServerConfigKeys (ConfUtils.java:logGet(43)) - raft.server.log.write.buffer.size = 33554432 (custom)
2019-06-17 22:50:35,277 INFO  server.RaftServerConfigKeys (ConfUtils.java:logGet(43)) - raft.server.log.force.sync.num = 128 (default)
2019-06-17 22:50:35,277 INFO  server.RaftServerConfigKeys (ConfUtils.java:logGet(43)) - raft.server.log.statemachine.data.sync = true (default)
2019-06-17 22:50:35,277 INFO  server.RaftServerConfigKeys (ConfUtils.java:logGet(43)) - raft.server.log.statemachine.data.sync.timeout = 10s (default)
2019-06-17 22:50:35,278 INFO  server.RaftServerConfigKeys (ConfUtils.java:logGet(43)) - raft.server.log.statemachine.data.sync.timeout.retry = -1 (default)
2019-06-17 22:50:35,278 INFO  server.RaftServerConfigKeys (ConfUtils.java:logGet(43)) - raft.server.log.statemachine.data.caching.enabled = true (custom)
2019-06-17 22:50:35,276 INFO  storage.RaftStorage (RaftStorage.java:format(75)) - Storage directory /opt/src/hadoop-ozone/tools/target/test-dir/MiniOzoneClusterImpl-1a948341-2cb3-47c4-94f3-fd318447fbab/datanode-2/data/ratis/e97b9aae-c803-468d-ab11-4d5e322ef8cc has been successfully formatted.
2019-06-17 22:50:35,278 INFO  ratis.ContainerStateMachine (ContainerStateMachine.java:loadSnapshot(199)) - The snapshot info is null.Setting the last applied index to:(t:0, i:~)
2019-06-17 22:50:35,278 INFO  server.RaftServerConfigKeys (ConfUtils.java:logGet(43)) - raft.server.leader.election.timeout = 120s (custom)
2019-06-17 22:50:35,278 INFO  server.RaftServerConfigKeys (ConfUtils.java:logGet(43)) - raft.server.log.use.memory = false (default)
2019-06-17 22:50:35,279 INFO  server.RaftServerConfigKeys (ConfUtils.java:logGet(43)) - raft.server.log.appender.buffer.byte-limit = 33554432 (custom)
2019-06-17 22:50:35,279 INFO  server.RaftServerConfigKeys (ConfUtils.java:logGet(43)) - raft.server.log.segment.size.max = 16384 (custom)
2019-06-17 22:50:35,279 INFO  server.RaftServerConfigKeys (ConfUtils.java:logGet(43)) - raft.server.log.segment.cache.num.max = 2 (custom)
2019-06-17 22:50:35,279 INFO  storage.RaftLogWorker (RaftLogWorker.java:<init>(123)) - new 715c2811-64f8-4a1e-a225-32d1c44d7330-RaftLogWorker for Storage Directory /opt/src/hadoop-ozone/tools/target/test-dir/MiniOzoneClusterImpl-1a948341-2cb3-47c4-94f3-fd318447fbab/datanode-2/data/ratis/e97b9aae-c803-468d-ab11-4d5e322ef8cc
2019-06-17 22:50:35,279 INFO  server.RaftServerConfigKeys (ConfUtils.java:logGet(43)) - raft.server.log.queue.byte-limit = 2147483647 (custom)
2019-06-17 22:50:35,279 INFO  server.RaftServerConfigKeys (ConfUtils.java:logGet(43)) - raft.server.log.queue.element-limit = 1024 (custom)
2019-06-17 22:50:35,279 INFO  server.RaftServerConfigKeys (ConfUtils.java:logGet(43)) - raft.server.log.segment.size.max = 16384 (custom)
2019-06-17 22:50:35,279 INFO  server.RaftServerConfigKeys (ConfUtils.java:logGet(43)) - raft.server.log.preallocated.size = 16384 (custom)
2019-06-17 22:50:35,279 INFO  server.RaftServerConfigKeys (ConfUtils.java:logGet(43)) - raft.server.log.write.buffer.size = 33554432 (custom)
2019-06-17 22:50:35,280 INFO  server.RaftServerConfigKeys (ConfUtils.java:logGet(43)) - raft.server.log.force.sync.num = 128 (default)
2019-06-17 22:50:35,276 INFO  storage.RaftStorage (RaftStorage.java:format(75)) - Storage directory /opt/src/hadoop-ozone/tools/target/test-dir/MiniOzoneClusterImpl-1a948341-2cb3-47c4-94f3-fd318447fbab/datanode-1/data/ratis/e97b9aae-c803-468d-ab11-4d5e322ef8cc has been successfully formatted.
2019-06-17 22:50:35,280 INFO  ratis.ContainerStateMachine (ContainerStateMachine.java:loadSnapshot(199)) - The snapshot info is null.Setting the last applied index to:(t:0, i:~)
2019-06-17 22:50:35,280 INFO  server.RaftServerConfigKeys (ConfUtils.java:logGet(43)) - raft.server.leader.election.timeout = 120s (custom)
2019-06-17 22:50:35,280 INFO  server.RaftServerConfigKeys (ConfUtils.java:logGet(43)) - raft.server.log.use.memory = false (default)
2019-06-17 22:50:35,280 INFO  server.RaftServerConfigKeys (ConfUtils.java:logGet(43)) - raft.server.log.appender.buffer.byte-limit = 33554432 (custom)
2019-06-17 22:50:35,281 INFO  server.RaftServerConfigKeys (ConfUtils.java:logGet(43)) - raft.server.log.segment.size.max = 16384 (custom)
2019-06-17 22:50:35,281 INFO  server.RaftServerConfigKeys (ConfUtils.java:logGet(43)) - raft.server.log.segment.cache.num.max = 2 (custom)
2019-06-17 22:50:35,281 INFO  storage.RaftLogWorker (RaftLogWorker.java:<init>(123)) - new 50e57e54-573a-4004-b9f3-4682b90fb6be-RaftLogWorker for Storage Directory /opt/src/hadoop-ozone/tools/target/test-dir/MiniOzoneClusterImpl-1a948341-2cb3-47c4-94f3-fd318447fbab/datanode-1/data/ratis/e97b9aae-c803-468d-ab11-4d5e322ef8cc
2019-06-17 22:50:35,281 INFO  server.RaftServerConfigKeys (ConfUtils.java:logGet(43)) - raft.server.log.queue.byte-limit = 2147483647 (custom)
2019-06-17 22:50:35,281 INFO  server.RaftServerConfigKeys (ConfUtils.java:logGet(43)) - raft.server.log.queue.element-limit = 1024 (custom)
2019-06-17 22:50:35,281 INFO  server.RaftServerConfigKeys (ConfUtils.java:logGet(43)) - raft.server.log.segment.size.max = 16384 (custom)
2019-06-17 22:50:35,281 INFO  server.RaftServerConfigKeys (ConfUtils.java:logGet(43)) - raft.server.log.preallocated.size = 16384 (custom)
2019-06-17 22:50:35,281 INFO  server.RaftServerConfigKeys (ConfUtils.java:logGet(43)) - raft.server.log.write.buffer.size = 33554432 (custom)
2019-06-17 22:50:35,282 INFO  server.RaftServerConfigKeys (ConfUtils.java:logGet(43)) - raft.server.log.force.sync.num = 128 (default)
2019-06-17 22:50:35,282 INFO  server.RaftServerConfigKeys (ConfUtils.java:logGet(43)) - raft.server.log.statemachine.data.sync = true (default)
2019-06-17 22:50:35,282 INFO  server.RaftServerConfigKeys (ConfUtils.java:logGet(43)) - raft.server.log.statemachine.data.sync.timeout = 10s (default)
2019-06-17 22:50:35,282 INFO  server.RaftServerConfigKeys (ConfUtils.java:logGet(43)) - raft.server.log.statemachine.data.sync.timeout.retry = -1 (default)
2019-06-17 22:50:35,280 INFO  server.RaftServerConfigKeys (ConfUtils.java:logGet(43)) - raft.server.log.statemachine.data.sync = true (default)
2019-06-17 22:50:35,282 INFO  server.RaftServerConfigKeys (ConfUtils.java:logGet(43)) - raft.server.log.statemachine.data.sync.timeout = 10s (default)
2019-06-17 22:50:35,282 INFO  server.RaftServerConfigKeys (ConfUtils.java:logGet(43)) - raft.server.log.statemachine.data.sync.timeout.retry = -1 (default)
2019-06-17 22:50:35,284 INFO  server.RaftServerConfigKeys (ConfUtils.java:logGet(43)) - raft.server.snapshot.auto.trigger.enabled = true (custom)
2019-06-17 22:50:35,284 INFO  server.RaftServerConfigKeys (ConfUtils.java:logGet(43)) - raft.server.log.statemachine.data.caching.enabled = true (custom)
2019-06-17 22:50:35,284 INFO  server.RaftServerConfigKeys (ConfUtils.java:logGet(43)) - raft.server.log.statemachine.data.caching.enabled = true (custom)
2019-06-17 22:50:35,284 INFO  server.RaftServerConfigKeys (ConfUtils.java:logGet(43)) - raft.server.snapshot.auto.trigger.threshold = 10000 (custom)
2019-06-17 22:50:35,284 INFO  server.RaftServerConfigKeys (ConfUtils.java:logGet(43)) - raft.server.snapshot.auto.trigger.enabled = true (custom)
2019-06-17 22:50:35,284 INFO  server.RaftServerConfigKeys (ConfUtils.java:logGet(43)) - raft.server.retrycache.expirytime = 600000ms (custom)
2019-06-17 22:50:35,285 INFO  impl.RaftServerImpl (RaftServerImpl.java:start(173)) - e99900a8-bcf6-41e1-a05c-e0c9a3669907: start group-4D5E322EF8CC
2019-06-17 22:50:35,285 INFO  impl.RaftServerImpl (RaftServerImpl.java:setRole(164)) - e99900a8-bcf6-41e1-a05c-e0c9a3669907:group-4D5E322EF8CC changes role from null to FOLLOWER at term 0 for startAsFollower
2019-06-17 22:50:35,285 INFO  server.RaftServerConfigKeys (ConfUtils.java:logGet(43)) - raft.server.snapshot.auto.trigger.threshold = 10000 (custom)
2019-06-17 22:50:35,289 INFO  server.RaftServerConfigKeys (ConfUtils.java:logGet(43)) - raft.server.snapshot.auto.trigger.enabled = true (custom)
2019-06-17 22:50:35,289 INFO  server.RaftServerConfigKeys (ConfUtils.java:logGet(43)) - raft.server.snapshot.auto.trigger.threshold = 10000 (custom)
2019-06-17 22:50:35,290 INFO  server.RaftServerConfigKeys (ConfUtils.java:logGet(43)) - raft.server.retrycache.expirytime = 600000ms (custom)
2019-06-17 22:50:35,290 INFO  impl.RaftServerImpl (RaftServerImpl.java:start(173)) - 715c2811-64f8-4a1e-a225-32d1c44d7330: start group-4D5E322EF8CC
2019-06-17 22:50:35,290 INFO  impl.RaftServerImpl (RaftServerImpl.java:setRole(164)) - 715c2811-64f8-4a1e-a225-32d1c44d7330:group-4D5E322EF8CC changes role from null to FOLLOWER at term 0 for startAsFollower
2019-06-17 22:50:35,290 INFO  impl.RoleInfo (RoleInfo.java:updateAndGet(143)) - 715c2811-64f8-4a1e-a225-32d1c44d7330: start FollowerState
2019-06-17 22:50:35,293 INFO  impl.RoleInfo (RoleInfo.java:updateAndGet(143)) - e99900a8-bcf6-41e1-a05c-e0c9a3669907: start FollowerState
2019-06-17 22:50:35,293 INFO  server.RaftServerConfigKeys (ConfUtils.java:logGet(43)) - raft.server.retrycache.expirytime = 600000ms (custom)
2019-06-17 22:50:35,294 INFO  impl.RaftServerImpl (RaftServerImpl.java:start(173)) - 50e57e54-573a-4004-b9f3-4682b90fb6be: start group-4D5E322EF8CC
2019-06-17 22:50:35,294 INFO  impl.RaftServerImpl (RaftServerImpl.java:setRole(164)) - 50e57e54-573a-4004-b9f3-4682b90fb6be:group-4D5E322EF8CC changes role from null to FOLLOWER at term 0 for startAsFollower
2019-06-17 22:50:35,294 INFO  util.JmxRegister (JmxRegister.java:tryRegister(44)) - Successfully registered JMX Bean with object name Ratis:service=RaftServer,group=group-4D5E322EF8CC,id=715c2811-64f8-4a1e-a225-32d1c44d7330
2019-06-17 22:50:35,297 INFO  util.JmxRegister (JmxRegister.java:tryRegister(44)) - Successfully registered JMX Bean with object name Ratis:service=RaftServer,group=group-4D5E322EF8CC,id=e99900a8-bcf6-41e1-a05c-e0c9a3669907
2019-06-17 22:50:35,303 INFO  impl.RoleInfo (RoleInfo.java:updateAndGet(143)) - 50e57e54-573a-4004-b9f3-4682b90fb6be: start FollowerState
2019-06-17 22:50:35,309 INFO  util.JmxRegister (JmxRegister.java:tryRegister(44)) - Successfully registered JMX Bean with object name Ratis:service=RaftServer,group=group-4D5E322EF8CC,id=50e57e54-573a-4004-b9f3-4682b90fb6be
2019-06-17 22:50:35,325 INFO  pipeline.PipelineStateManager (PipelineStateManager.java:addPipeline(56)) - Created pipeline Pipeline[ Id: e97b9aae-c803-468d-ab11-4d5e322ef8cc, Nodes: e99900a8-bcf6-41e1-a05c-e0c9a3669907{ip: 192.168.105.167, host: ozone-unit-076618677d3qv27m-3129989020, networkLocation: /default-rack, certSerialId: null}715c2811-64f8-4a1e-a225-32d1c44d7330{ip: 192.168.105.167, host: ozone-unit-076618677d3qv27m-3129989020, networkLocation: /default-rack, certSerialId: null}50e57e54-573a-4004-b9f3-4682b90fb6be{ip: 192.168.105.167, host: ozone-unit-076618677d3qv27m-3129989020, networkLocation: /default-rack, certSerialId: null}, Type:RATIS, Factor:THREE, State:OPEN]
2019-06-17 22:50:35,352 INFO  freon.RandomKeyGenerator (RandomKeyGenerator.java:call(261)) - Number of Threads: 10
2019-06-17 22:50:35,353 INFO  freon.RandomKeyGenerator (RandomKeyGenerator.java:call(267)) - Number of Volumes: 1.
2019-06-17 22:50:35,353 INFO  freon.RandomKeyGenerator (RandomKeyGenerator.java:call(268)) - Number of Buckets per Volume: 1.
2019-06-17 22:50:35,353 INFO  freon.RandomKeyGenerator (RandomKeyGenerator.java:call(269)) - Number of Keys per Bucket: 1.
2019-06-17 22:50:35,353 INFO  freon.RandomKeyGenerator (RandomKeyGenerator.java:call(270)) - Key size: 20971520 bytes
2019-06-17 22:50:35,353 INFO  freon.RandomKeyGenerator (RandomKeyGenerator.java:call(271)) - Buffer size: 4096 bytes
2019-06-17 22:50:35,353 INFO  freon.RandomKeyGenerator (RandomKeyGenerator.java:call(287)) - Data validation is enabled.
2019-06-17 22:50:35,354 INFO  freon.RandomKeyGenerator (RandomKeyGenerator.java:call(300)) - Starting progress bar Thread.

 0.00% |█                                                                                                    |  0/1 Time: 0:00:002019-06-17 22:50:35,357 INFO  rpc.RpcClient (RpcClient.java:createVolume(289)) - Creating Volume: vol-0-07343, with jenkins1000 as owner.
2019-06-17 22:50:35,365 INFO  rpc.RpcClient (RpcClient.java:createBucket(426)) - Creating Bucket: vol-0-07343/bucket-0-89328, with Versioning false and Storage Type set to DISK and Encryption set to false 
2019-06-17 22:50:35,414 INFO  client.GrpcClientProtocolClient (GrpcClientProtocolClient.java:onNext(254)) - client-A553E6F5F9D3->e99900a8-bcf6-41e1-a05c-e0c9a3669907: receive RaftClientReply:client-A553E6F5F9D3->e99900a8-bcf6-41e1-a05c-e0c9a3669907@group-4D5E322EF8CC, cid=61, FAILED org.apache.ratis.protocol.NotLeaderException: Server e99900a8-bcf6-41e1-a05c-e0c9a3669907 is not the leader (715c2811-64f8-4a1e-a225-32d1c44d7330:192.168.105.167:32971). Request must be sent to leader., logIndex=0, commits[e99900a8-bcf6-41e1-a05c-e0c9a3669907:c-1]
2019-06-17 22:50:35,432 WARN  client.GrpcClientProtocolService (LogUtils.java:warn(134)) - 1-OrderedRequestStreamObserver1: onError: org.apache.ratis.thirdparty.io.grpc.StatusRuntimeException: CANCELLED: cancelled before receiving half close
2019-06-17 22:50:36,324 INFO  impl.FollowerState (FollowerState.java:run(101)) - e99900a8-bcf6-41e1-a05c-e0c9a3669907:group-4D5E322EF8CC changes to CANDIDATE, lastRpcTime:1030, electionTimeout:1026ms
2019-06-17 22:50:36,325 INFO  impl.RoleInfo (RoleInfo.java:shutdownFollowerState(121)) - e99900a8-bcf6-41e1-a05c-e0c9a3669907: shutdown FollowerState
2019-06-17 22:50:36,325 INFO  impl.RaftServerImpl (RaftServerImpl.java:setRole(164)) - e99900a8-bcf6-41e1-a05c-e0c9a3669907:group-4D5E322EF8CC changes role from FOLLOWER to CANDIDATE at term 0 for changeToCandidate
2019-06-17 22:50:36,326 INFO  impl.RoleInfo (RoleInfo.java:updateAndGet(143)) - e99900a8-bcf6-41e1-a05c-e0c9a3669907: start LeaderElection
2019-06-17 22:50:36,335 INFO  impl.LeaderElection (LeaderElection.java:askForVotes(181)) - e99900a8-bcf6-41e1-a05c-e0c9a3669907:group-4D5E322EF8CC:LeaderElection5: begin an election at term 1 for -1: [715c2811-64f8-4a1e-a225-32d1c44d7330:192.168.105.167:32971, e99900a8-bcf6-41e1-a05c-e0c9a3669907:192.168.105.167:34199, 50e57e54-573a-4004-b9f3-4682b90fb6be:192.168.105.167:46031], old=null
2019-06-17 22:50:36,345 INFO  impl.RaftServerImpl (RaftServerImpl.java:setRole(164)) - 50e57e54-573a-4004-b9f3-4682b90fb6be:group-4D5E322EF8CC changes role from FOLLOWER to FOLLOWER at term 1 for recognizeCandidate:e99900a8-bcf6-41e1-a05c-e0c9a3669907
2019-06-17 22:50:36,345 INFO  impl.RoleInfo (RoleInfo.java:shutdownFollowerState(121)) - 50e57e54-573a-4004-b9f3-4682b90fb6be: shutdown FollowerState
2019-06-17 22:50:36,345 INFO  impl.RoleInfo (RoleInfo.java:updateAndGet(143)) - 50e57e54-573a-4004-b9f3-4682b90fb6be: start FollowerState
2019-06-17 22:50:36,345 INFO  impl.RaftServerImpl (RaftServerImpl.java:setRole(164)) - 715c2811-64f8-4a1e-a225-32d1c44d7330:group-4D5E322EF8CC changes role from FOLLOWER to FOLLOWER at term 1 for recognizeCandidate:e99900a8-bcf6-41e1-a05c-e0c9a3669907
2019-06-17 22:50:36,345 INFO  impl.FollowerState (FollowerState.java:run(109)) - 50e57e54-573a-4004-b9f3-4682b90fb6be: FollowerState was interrupted: java.lang.InterruptedException: sleep interrupted
2019-06-17 22:50:36,345 INFO  impl.RoleInfo (RoleInfo.java:shutdownFollowerState(121)) - 715c2811-64f8-4a1e-a225-32d1c44d7330: shutdown FollowerState
2019-06-17 22:50:36,346 INFO  impl.RoleInfo (RoleInfo.java:updateAndGet(143)) - 715c2811-64f8-4a1e-a225-32d1c44d7330: start FollowerState
2019-06-17 22:50:36,346 INFO  impl.FollowerState (FollowerState.java:run(109)) - 715c2811-64f8-4a1e-a225-32d1c44d7330: FollowerState was interrupted: java.lang.InterruptedException: sleep interrupted
2019-06-17 22:50:36,350 INFO  impl.LeaderElection (LeaderElection.java:logAndReturn(56)) - e99900a8-bcf6-41e1-a05c-e0c9a3669907:group-4D5E322EF8CC:LeaderElection5: Election PASSED; received 1 response(s) [e99900a8-bcf6-41e1-a05c-e0c9a3669907->50e57e54-573a-4004-b9f3-4682b90fb6be,true-t1] and 0 exception(s); e99900a8-bcf6-41e1-a05c-e0c9a3669907:t1, leader=null, voted=e99900a8-bcf6-41e1-a05c-e0c9a3669907, raftlog=e99900a8-bcf6-41e1-a05c-e0c9a3669907-SegmentedRaftLog:OPENED:c-1,f-1,i0, conf=-1: [715c2811-64f8-4a1e-a225-32d1c44d7330:192.168.105.167:32971, e99900a8-bcf6-41e1-a05c-e0c9a3669907:192.168.105.167:34199, 50e57e54-573a-4004-b9f3-4682b90fb6be:192.168.105.167:46031], old=null
2019-06-17 22:50:36,354 INFO  impl.RoleInfo (RoleInfo.java:shutdownLeaderElection(134)) - e99900a8-bcf6-41e1-a05c-e0c9a3669907: shutdown LeaderElection
2019-06-17 22:50:36,354 INFO  impl.RaftServerImpl (RaftServerImpl.java:setRole(164)) - e99900a8-bcf6-41e1-a05c-e0c9a3669907:group-4D5E322EF8CC changes role from CANDIDATE to LEADER at term 1 for changeToLeader
2019-06-17 22:50:36,358 INFO  impl.RaftServerImpl (ServerState.java:setLeader(263)) - e99900a8-bcf6-41e1-a05c-e0c9a3669907:group-4D5E322EF8CC change Leader from null to e99900a8-bcf6-41e1-a05c-e0c9a3669907 at term 1 for becomeLeader, leader elected after 1082ms
 0.00% |█                                                                                                    |  0/1 Time: 0:00:012019-06-17 22:50:36,358 INFO  server.RaftServerConfigKeys (ConfUtils.java:logGet(43)) - raft.server.staging.catchup.gap = 1000 (default)
2019-06-17 22:50:36,358 INFO  server.RaftServerConfigKeys (ConfUtils.java:logGet(43)) - raft.server.rpc.sleep.time = 25ms (default)
2019-06-17 22:50:36,358 INFO  server.RaftServerConfigKeys (ConfUtils.java:logGet(43)) - raft.server.watch.timeout = 10s (default)
2019-06-17 22:50:36,358 INFO  server.RaftServerConfigKeys (ConfUtils.java:logGet(43)) - raft.server.watch.timeout.denomination = 1s (default)
2019-06-17 22:50:36,359 INFO  server.RaftServerConfigKeys (ConfUtils.java:logGet(43)) - raft.server.log.appender.snapshot.chunk.size.max = 16MB (=16777216) (default)
2019-06-17 22:50:36,359 INFO  server.RaftServerConfigKeys (ConfUtils.java:logGet(43)) - raft.server.log.appender.buffer.byte-limit = 33554432 (custom)
2019-06-17 22:50:36,359 INFO  server.RaftServerConfigKeys (ConfUtils.java:logGet(43)) - raft.server.log.appender.buffer.element-limit = 1 (custom)
2019-06-17 22:50:36,359 INFO  grpc.GrpcConfigKeys$Server (ConfUtils.java:logGet(43)) - raft.grpc.server.leader.outstanding.appends.max = 128 (default)
2019-06-17 22:50:36,359 INFO  server.RaftServerConfigKeys (ConfUtils.java:logGet(43)) - raft.server.rpc.request.timeout = 3000ms (default)
2019-06-17 22:50:36,359 INFO  server.RaftServerConfigKeys (ConfUtils.java:logGet(43)) - raft.server.log.appender.install.snapshot.enabled = true (default)
2019-06-17 22:50:36,359 INFO  server.RaftServerConfigKeys (ConfUtils.java:logGet(43)) - raft.server.log.appender.snapshot.chunk.size.max = 16MB (=16777216) (default)
2019-06-17 22:50:36,359 INFO  server.RaftServerConfigKeys (ConfUtils.java:logGet(43)) - raft.server.log.appender.buffer.byte-limit = 33554432 (custom)
2019-06-17 22:50:36,359 INFO  server.RaftServerConfigKeys (ConfUtils.java:logGet(43)) - raft.server.log.appender.buffer.element-limit = 1 (custom)
2019-06-17 22:50:36,360 INFO  grpc.GrpcConfigKeys$Server (ConfUtils.java:logGet(43)) - raft.grpc.server.leader.outstanding.appends.max = 128 (default)
2019-06-17 22:50:36,360 INFO  server.RaftServerConfigKeys (ConfUtils.java:logGet(43)) - raft.server.rpc.request.timeout = 3000ms (default)
2019-06-17 22:50:36,360 INFO  server.RaftServerConfigKeys (ConfUtils.java:logGet(43)) - raft.server.log.appender.install.snapshot.enabled = true (default)
2019-06-17 22:50:36,360 INFO  impl.RoleInfo (RoleInfo.java:updateAndGet(143)) - e99900a8-bcf6-41e1-a05c-e0c9a3669907: start LeaderState
2019-06-17 22:50:36,360 INFO  storage.RaftLogWorker (RaftLogWorker.java:startLogSegment(298)) - e99900a8-bcf6-41e1-a05c-e0c9a3669907-RaftLogWorker: Starting segment from index:0
2019-06-17 22:50:36,408 INFO  impl.RaftServerImpl (ServerState.java:setLeader(263)) - 715c2811-64f8-4a1e-a225-32d1c44d7330:group-4D5E322EF8CC change Leader from null to e99900a8-bcf6-41e1-a05c-e0c9a3669907 at term 1 for appendEntries, leader elected after 1129ms
2019-06-17 22:50:36,411 INFO  storage.RaftLogWorker (RaftLogWorker.java:execute(469)) - e99900a8-bcf6-41e1-a05c-e0c9a3669907-RaftLogWorker: created new log segment /opt/src/hadoop-ozone/tools/target/test-dir/MiniOzoneClusterImpl-1a948341-2cb3-47c4-94f3-fd318447fbab/datanode-0/data/ratis/e97b9aae-c803-468d-ab11-4d5e322ef8cc/current/log_inprogress_0
2019-06-17 22:50:36,408 INFO  impl.RaftServerImpl (ServerState.java:setRaftConf(361)) - e99900a8-bcf6-41e1-a05c-e0c9a3669907:group-4D5E322EF8CC set configuration 0: [715c2811-64f8-4a1e-a225-32d1c44d7330:192.168.105.167:32971, e99900a8-bcf6-41e1-a05c-e0c9a3669907:192.168.105.167:34199, 50e57e54-573a-4004-b9f3-4682b90fb6be:192.168.105.167:46031], old=null at 0
2019-06-17 22:50:36,412 INFO  impl.RaftServerImpl (ServerState.java:setLeader(263)) - 50e57e54-573a-4004-b9f3-4682b90fb6be:group-4D5E322EF8CC change Leader from null to e99900a8-bcf6-41e1-a05c-e0c9a3669907 at term 1 for appendEntries, leader elected after 1131ms
2019-06-17 22:50:36,417 INFO  impl.RaftServerImpl (ServerState.java:setRaftConf(361)) - 715c2811-64f8-4a1e-a225-32d1c44d7330:group-4D5E322EF8CC set configuration 0: [715c2811-64f8-4a1e-a225-32d1c44d7330:192.168.105.167:32971, e99900a8-bcf6-41e1-a05c-e0c9a3669907:192.168.105.167:34199, 50e57e54-573a-4004-b9f3-4682b90fb6be:192.168.105.167:46031], old=null at 0
2019-06-17 22:50:36,417 INFO  storage.RaftLogWorker (RaftLogWorker.java:startLogSegment(298)) - 715c2811-64f8-4a1e-a225-32d1c44d7330-RaftLogWorker: Starting segment from index:0
2019-06-17 22:50:36,422 INFO  impl.RaftServerImpl (ServerState.java:setRaftConf(361)) - 50e57e54-573a-4004-b9f3-4682b90fb6be:group-4D5E322EF8CC set configuration 0: [715c2811-64f8-4a1e-a225-32d1c44d7330:192.168.105.167:32971, e99900a8-bcf6-41e1-a05c-e0c9a3669907:192.168.105.167:34199, 50e57e54-573a-4004-b9f3-4682b90fb6be:192.168.105.167:46031], old=null at 0
2019-06-17 22:50:36,422 INFO  storage.RaftLogWorker (RaftLogWorker.java:startLogSegment(298)) - 50e57e54-573a-4004-b9f3-4682b90fb6be-RaftLogWorker: Starting segment from index:0
2019-06-17 22:50:36,468 INFO  storage.RaftLogWorker (RaftLogWorker.java:execute(469)) - 50e57e54-573a-4004-b9f3-4682b90fb6be-RaftLogWorker: created new log segment /opt/src/hadoop-ozone/tools/target/test-dir/MiniOzoneClusterImpl-1a948341-2cb3-47c4-94f3-fd318447fbab/datanode-1/data/ratis/e97b9aae-c803-468d-ab11-4d5e322ef8cc/current/log_inprogress_0
2019-06-17 22:50:36,482 INFO  client.GrpcClientProtocolClient (GrpcClientProtocolClient.java:onNext(254)) - client-A553E6F5F9D3->715c2811-64f8-4a1e-a225-32d1c44d7330: receive RaftClientReply:client-A553E6F5F9D3->715c2811-64f8-4a1e-a225-32d1c44d7330@group-4D5E322EF8CC, cid=61, FAILED org.apache.ratis.protocol.NotLeaderException: Server 715c2811-64f8-4a1e-a225-32d1c44d7330 is not the leader (e99900a8-bcf6-41e1-a05c-e0c9a3669907:192.168.105.167:34199). Request must be sent to leader., logIndex=0, commits[715c2811-64f8-4a1e-a225-32d1c44d7330:c-1, e99900a8-bcf6-41e1-a05c-e0c9a3669907:c0, 50e57e54-573a-4004-b9f3-4682b90fb6be:c-1]
2019-06-17 22:50:36,482 INFO  storage.RaftLogWorker (RaftLogWorker.java:execute(469)) - 715c2811-64f8-4a1e-a225-32d1c44d7330-RaftLogWorker: created new log segment /opt/src/hadoop-ozone/tools/target/test-dir/MiniOzoneClusterImpl-1a948341-2cb3-47c4-94f3-fd318447fbab/datanode-2/data/ratis/e97b9aae-c803-468d-ab11-4d5e322ef8cc/current/log_inprogress_0
2019-06-17 22:50:36,485 WARN  client.GrpcClientProtocolService (LogUtils.java:warn(134)) - 0-OrderedRequestStreamObserver0: onError: org.apache.ratis.thirdparty.io.grpc.StatusRuntimeException: CANCELLED: cancelled before receiving half close
 0.00% |█                                                                                                    |  0/1 Time: 0:00:022019-06-17 22:50:37,543 ERROR server.GrpcLogAppender (GrpcLogAppender.java:onNext(233)) - Failed onNext serverReply {
  requestorId: "e99900a8-bcf6-41e1-a05c-e0c9a3669907"
  replyId: "715c2811-64f8-4a1e-a225-32d1c44d7330"
  raftGroupId {
    id: "\351{\232\256\310\003F\215\253\021M^2.\370\314"
  }
  callId: 3
  success: true
}
term: 1
nextIndex: 2

java.lang.IllegalStateException: reply's next index is 2, request's previous is term: 1

	at org.apache.ratis.util.Preconditions.assertTrue(Preconditions.java:60)
	at org.apache.ratis.grpc.server.GrpcLogAppender.onSuccess(GrpcLogAppender.java:301)
	at org.apache.ratis.grpc.server.GrpcLogAppender$AppendLogResponseHandler.onNextImpl(GrpcLogAppender.java:246)
	at org.apache.ratis.grpc.server.GrpcLogAppender$AppendLogResponseHandler.onNext(GrpcLogAppender.java:231)
	at org.apache.ratis.grpc.server.GrpcLogAppender$AppendLogResponseHandler.onNext(GrpcLogAppender.java:213)
	at org.apache.ratis.thirdparty.io.grpc.stub.ClientCalls$StreamObserverToCallListenerAdapter.onMessage(ClientCalls.java:421)
	at org.apache.ratis.thirdparty.io.grpc.ForwardingClientCallListener.onMessage(ForwardingClientCallListener.java:33)
	at org.apache.ratis.thirdparty.io.grpc.ForwardingClientCallListener.onMessage(ForwardingClientCallListener.java:33)
	at org.apache.ratis.thirdparty.io.grpc.internal.ClientCallImpl$ClientStreamListenerImpl$1MessagesAvailable.runInContext(ClientCallImpl.java:519)
	at org.apache.ratis.thirdparty.io.grpc.internal.ContextRunnable.run(ContextRunnable.java:37)
	at org.apache.ratis.thirdparty.io.grpc.internal.SerializingExecutor.run(SerializingExecutor.java:123)
	at java.util.concurrent.ThreadPoolExecutor.runWorker(ThreadPoolExecutor.java:1149)
	at java.util.concurrent.ThreadPoolExecutor$Worker.run(ThreadPoolExecutor.java:624)
	at java.lang.Thread.run(Thread.java:748)
2019-06-17 22:50:37,558 INFO  client.GrpcClientProtocolClient (GrpcClientProtocolClient.java:onNext(254)) - client-A553E6F5F9D3->e99900a8-bcf6-41e1-a05c-e0c9a3669907: receive RaftClientReply:client-A553E6F5F9D3->e99900a8-bcf6-41e1-a05c-e0c9a3669907@group-4D5E322EF8CC, cid=61, SUCCESS, logIndex=1, commits[e99900a8-bcf6-41e1-a05c-e0c9a3669907:c1, 715c2811-64f8-4a1e-a225-32d1c44d7330:c0, 50e57e54-573a-4004-b9f3-4682b90fb6be:c0]
2019-06-17 22:50:37,607 INFO  client.GrpcClientProtocolClient (GrpcClientProtocolClient.java:onNext(254)) - client-A553E6F5F9D3->e99900a8-bcf6-41e1-a05c-e0c9a3669907: receive RaftClientReply:client-A553E6F5F9D3->e99900a8-bcf6-41e1-a05c-e0c9a3669907@group-4D5E322EF8CC, cid=62, SUCCESS, logIndex=3, commits[e99900a8-bcf6-41e1-a05c-e0c9a3669907:c4, 715c2811-64f8-4a1e-a225-32d1c44d7330:c3, 50e57e54-573a-4004-b9f3-4682b90fb6be:c3]
2019-06-17 22:50:37,652 INFO  client.GrpcClientProtocolClient (GrpcClientProtocolClient.java:onNext(254)) - client-A553E6F5F9D3->e99900a8-bcf6-41e1-a05c-e0c9a3669907: receive RaftClientReply:client-A553E6F5F9D3->e99900a8-bcf6-41e1-a05c-e0c9a3669907@group-4D5E322EF8CC, cid=63, SUCCESS, logIndex=5, commits[e99900a8-bcf6-41e1-a05c-e0c9a3669907:c5, 715c2811-64f8-4a1e-a225-32d1c44d7330:c4, 50e57e54-573a-4004-b9f3-4682b90fb6be:c3]
2019-06-17 22:50:37,673 INFO  client.GrpcClientProtocolClient (GrpcClientProtocolClient.java:onNext(254)) - client-A553E6F5F9D3->e99900a8-bcf6-41e1-a05c-e0c9a3669907: receive RaftClientReply:client-A553E6F5F9D3->e99900a8-bcf6-41e1-a05c-e0c9a3669907@group-4D5E322EF8CC, cid=64, SUCCESS, logIndex=6, commits[e99900a8-bcf6-41e1-a05c-e0c9a3669907:c6, 715c2811-64f8-4a1e-a225-32d1c44d7330:c4, 50e57e54-573a-4004-b9f3-4682b90fb6be:c4]
2019-06-17 22:50:37,704 INFO  client.GrpcClientProtocolClient (GrpcClientProtocolClient.java:onNext(254)) - client-A553E6F5F9D3->e99900a8-bcf6-41e1-a05c-e0c9a3669907: receive RaftClientReply:client-A553E6F5F9D3->e99900a8-bcf6-41e1-a05c-e0c9a3669907@group-4D5E322EF8CC, cid=65, SUCCESS, logIndex=9, commits[e99900a8-bcf6-41e1-a05c-e0c9a3669907:c9, 715c2811-64f8-4a1e-a225-32d1c44d7330:c6, 50e57e54-573a-4004-b9f3-4682b90fb6be:c8]
2019-06-17 22:50:37,710 INFO  client.GrpcClientProtocolClient (GrpcClientProtocolClient.java:onNext(254)) - client-A553E6F5F9D3->e99900a8-bcf6-41e1-a05c-e0c9a3669907: receive RaftClientReply:client-A553E6F5F9D3->e99900a8-bcf6-41e1-a05c-e0c9a3669907@group-4D5E322EF8CC, cid=66, SUCCESS, logIndex=11, commits[e99900a8-bcf6-41e1-a05c-e0c9a3669907:c11, 715c2811-64f8-4a1e-a225-32d1c44d7330:c10, 50e57e54-573a-4004-b9f3-4682b90fb6be:c10]
2019-06-17 22:50:37,736 INFO  client.GrpcClientProtocolClient (GrpcClientProtocolClient.java:onNext(254)) - client-A553E6F5F9D3->e99900a8-bcf6-41e1-a05c-e0c9a3669907: receive RaftClientReply:client-A553E6F5F9D3->e99900a8-bcf6-41e1-a05c-e0c9a3669907@group-4D5E322EF8CC, cid=67, SUCCESS, logIndex=13, commits[e99900a8-bcf6-41e1-a05c-e0c9a3669907:c13, 715c2811-64f8-4a1e-a225-32d1c44d7330:c11, 50e57e54-573a-4004-b9f3-4682b90fb6be:c12]
2019-06-17 22:50:37,746 INFO  client.GrpcClientProtocolClient (GrpcClientProtocolClient.java:onNext(254)) - client-A553E6F5F9D3->e99900a8-bcf6-41e1-a05c-e0c9a3669907: receive RaftClientReply:client-A553E6F5F9D3->e99900a8-bcf6-41e1-a05c-e0c9a3669907@group-4D5E322EF8CC, cid=68, SUCCESS, logIndex=15, commits[e99900a8-bcf6-41e1-a05c-e0c9a3669907:c15, 715c2811-64f8-4a1e-a225-32d1c44d7330:c13, 50e57e54-573a-4004-b9f3-4682b90fb6be:c13]
2019-06-17 22:50:37,750 INFO  client.GrpcClientProtocolClient (GrpcClientProtocolClient.java:onNext(254)) - client-A553E6F5F9D3->e99900a8-bcf6-41e1-a05c-e0c9a3669907: receive RaftClientReply:client-A553E6F5F9D3->e99900a8-bcf6-41e1-a05c-e0c9a3669907@group-4D5E322EF8CC, cid=69, SUCCESS, logIndex=0, commits[e99900a8-bcf6-41e1-a05c-e0c9a3669907:c16, 715c2811-64f8-4a1e-a225-32d1c44d7330:c15, 50e57e54-573a-4004-b9f3-4682b90fb6be:c15]
2019-06-17 22:50:37,760 INFO  keyvalue.KeyValueHandler (ContainerUtils.java:logAndReturnError(146)) - Operation: CreateContainer : Trace ID: 662c22490309af7e:454bf68f7957850c:30cca916417f72f:0 : Message: Container creation failed, due to disk out of space : Result: DISK_OUT_OF_SPACE
22:50:37.762 [pool-26-thread-33] ERROR DNAudit - user=null | ip=null | op=WRITE_CHUNK {blockData=conID: 5 locID: 102289364443398152 bcsId: 0} | ret=FAILURE
org.apache.hadoop.hdds.scm.container.common.helpers.StorageContainerException: ContainerID 5 creation failed
	at org.apache.hadoop.ozone.container.common.impl.HddsDispatcher.dispatchRequest(HddsDispatcher.java:227) ~[classes/:?]
	at org.apache.hadoop.ozone.container.common.impl.HddsDispatcher.dispatch(HddsDispatcher.java:148) ~[classes/:?]
	at org.apache.hadoop.ozone.container.common.transport.server.ratis.ContainerStateMachine.dispatchCommand(ContainerStateMachine.java:347) ~[classes/:?]
	at org.apache.hadoop.ozone.container.common.transport.server.ratis.ContainerStateMachine.runCommand(ContainerStateMachine.java:354) ~[classes/:?]
	at org.apache.hadoop.ozone.container.common.transport.server.ratis.ContainerStateMachine.lambda$handleWriteChunk$0(ContainerStateMachine.java:385) ~[classes/:?]
	at java.util.concurrent.CompletableFuture$AsyncSupply.run(CompletableFuture.java:1590) [?:1.8.0_212]
	at java.util.concurrent.ThreadPoolExecutor.runWorker(ThreadPoolExecutor.java:1149) [?:1.8.0_212]
	at java.util.concurrent.ThreadPoolExecutor$Worker.run(ThreadPoolExecutor.java:624) [?:1.8.0_212]
	at java.lang.Thread.run(Thread.java:748) [?:1.8.0_212]
2019-06-17 22:50:37,777 INFO  impl.HddsDispatcher (ContainerUtils.java:logAndReturnError(146)) - Operation: WriteChunk : Trace ID: 662c22490309af7e:454bf68f7957850c:30cca916417f72f:0 : Message: ContainerID 5 creation failed : Result: DISK_OUT_OF_SPACE
22:50:37.817 [pool-32-thread-1] ERROR DNAudit - user=null | ip=null | op=WRITE_CHUNK {blockData=conID: 5 locID: 102289364443398152 bcsId: 0} | ret=FAILURE
org.apache.hadoop.hdds.scm.container.common.helpers.StorageContainerException: ContainerID 5 does not exist
	at org.apache.hadoop.ozone.container.common.impl.HddsDispatcher.dispatchRequest(HddsDispatcher.java:242) ~[classes/:?]
	at org.apache.hadoop.ozone.container.common.impl.HddsDispatcher.dispatch(HddsDispatcher.java:148) ~[classes/:?]
	at org.apache.hadoop.ozone.container.common.transport.server.ratis.ContainerStateMachine.dispatchCommand(ContainerStateMachine.java:347) ~[classes/:?]
	at org.apache.hadoop.ozone.container.common.transport.server.ratis.ContainerStateMachine.runCommand(ContainerStateMachine.java:354) ~[classes/:?]
	at org.apache.hadoop.ozone.container.common.transport.server.ratis.ContainerStateMachine.lambda$applyTransaction$5(ContainerStateMachine.java:621) ~[classes/:?]
	at java.util.concurrent.CompletableFuture$AsyncSupply.run(CompletableFuture.java:1590) [?:1.8.0_212]
	at java.util.concurrent.ThreadPoolExecutor.runWorker(ThreadPoolExecutor.java:1149) [?:1.8.0_212]
	at java.util.concurrent.ThreadPoolExecutor$Worker.run(ThreadPoolExecutor.java:624) [?:1.8.0_212]
	at java.lang.Thread.run(Thread.java:748) [?:1.8.0_212]
2019-06-17 22:50:37,817 INFO  impl.HddsDispatcher (ContainerUtils.java:logAndReturnError(146)) - Operation: WriteChunk : Trace ID: 662c22490309af7e:454bf68f7957850c:30cca916417f72f:0 : Message: ContainerID 5 does not exist : Result: CONTAINER_NOT_FOUND
2019-06-17 22:50:37,840 INFO  client.GrpcClientProtocolClient (GrpcClientProtocolClient.java:onNext(254)) - client-A553E6F5F9D3->e99900a8-bcf6-41e1-a05c-e0c9a3669907: receive RaftClientReply:client-A553E6F5F9D3->e99900a8-bcf6-41e1-a05c-e0c9a3669907@group-4D5E322EF8CC, cid=70, SUCCESS, logIndex=17, commits[e99900a8-bcf6-41e1-a05c-e0c9a3669907:c18, 715c2811-64f8-4a1e-a225-32d1c44d7330:c16, 50e57e54-573a-4004-b9f3-4682b90fb6be:c17]
2019-06-17 22:50:37,841 ERROR storage.BlockOutputStream (BlockOutputStream.java:validateResponse(538)) - Unexpected Storage Container Exception: 
org.apache.hadoop.hdds.scm.container.common.helpers.StorageContainerException: ContainerID 5 does not exist
	at org.apache.hadoop.hdds.scm.storage.ContainerProtocolCalls.validateContainerResponse(ContainerProtocolCalls.java:536)
	at org.apache.hadoop.hdds.scm.storage.BlockOutputStream.validateResponse(BlockOutputStream.java:536)
	at org.apache.hadoop.hdds.scm.storage.BlockOutputStream.lambda$writeChunkToContainer$2(BlockOutputStream.java:614)
	at java.util.concurrent.CompletableFuture.uniApply(CompletableFuture.java:602)
	at java.util.concurrent.CompletableFuture$UniApply.tryFire(CompletableFuture.java:577)
	at java.util.concurrent.CompletableFuture$Completion.run(CompletableFuture.java:442)
	at java.util.concurrent.ThreadPoolExecutor.runWorker(ThreadPoolExecutor.java:1149)
	at java.util.concurrent.ThreadPoolExecutor$Worker.run(ThreadPoolExecutor.java:624)
	at java.lang.Thread.run(Thread.java:748)
2019-06-17 22:50:37,851 INFO  keyvalue.KeyValueHandler (ContainerUtils.java:logAndReturnError(146)) - Operation: CreateContainer : Trace ID: 662c22490309af7e:8aad93036ab3207e:30cca916417f72f:0 : Message: Container creation failed, due to disk out of space : Result: DISK_OUT_OF_SPACE
22:50:37.861 [pool-26-thread-37] ERROR DNAudit - user=null | ip=null | op=WRITE_CHUNK {blockData=conID: 5 locID: 102289364443398152 bcsId: 0} | ret=FAILURE
org.apache.hadoop.hdds.scm.container.common.helpers.StorageContainerException: ContainerID 5 creation failed
	at org.apache.hadoop.ozone.container.common.impl.HddsDispatcher.dispatchRequest(HddsDispatcher.java:227) ~[classes/:?]
	at org.apache.hadoop.ozone.container.common.impl.HddsDispatcher.dispatch(HddsDispatcher.java:148) ~[classes/:?]
	at org.apache.hadoop.ozone.container.common.transport.server.ratis.ContainerStateMachine.dispatchCommand(ContainerStateMachine.java:347) ~[classes/:?]
	at org.apache.hadoop.ozone.container.common.transport.server.ratis.ContainerStateMachine.runCommand(ContainerStateMachine.java:354) ~[classes/:?]
	at org.apache.hadoop.ozone.container.common.transport.server.ratis.ContainerStateMachine.lambda$handleWriteChunk$0(ContainerStateMachine.java:385) ~[classes/:?]
	at java.util.concurrent.CompletableFuture$AsyncSupply.run(CompletableFuture.java:1590) [?:1.8.0_212]
	at java.util.concurrent.ThreadPoolExecutor.runWorker(ThreadPoolExecutor.java:1149) [?:1.8.0_212]
	at java.util.concurrent.ThreadPoolExecutor$Worker.run(ThreadPoolExecutor.java:624) [?:1.8.0_212]
	at java.lang.Thread.run(Thread.java:748) [?:1.8.0_212]
2019-06-17 22:50:37,861 INFO  impl.HddsDispatcher (ContainerUtils.java:logAndReturnError(146)) - Operation: WriteChunk : Trace ID: 662c22490309af7e:8aad93036ab3207e:30cca916417f72f:0 : Message: ContainerID 5 creation failed : Result: DISK_OUT_OF_SPACE
22:50:37.864 [pool-32-thread-1] ERROR DNAudit - user=null | ip=null | op=PUT_BLOCK {blockData=[blockId=conID: 5 locID: 102289364443398152 bcsId: 0,size=1048576]} | ret=FAILURE
org.apache.hadoop.hdds.scm.container.common.helpers.StorageContainerException: ContainerID 5 does not exist
	at org.apache.hadoop.ozone.container.common.impl.HddsDispatcher.dispatchRequest(HddsDispatcher.java:242) ~[classes/:?]
	at org.apache.hadoop.ozone.container.common.impl.HddsDispatcher.dispatch(HddsDispatcher.java:148) ~[classes/:?]
	at org.apache.hadoop.ozone.container.common.transport.server.ratis.ContainerStateMachine.dispatchCommand(ContainerStateMachine.java:347) ~[classes/:?]
	at org.apache.hadoop.ozone.container.common.transport.server.ratis.ContainerStateMachine.runCommand(ContainerStateMachine.java:354) ~[classes/:?]
	at org.apache.hadoop.ozone.container.common.transport.server.ratis.ContainerStateMachine.lambda$applyTransaction$5(ContainerStateMachine.java:621) ~[classes/:?]
	at java.util.concurrent.CompletableFuture$AsyncSupply.run(CompletableFuture.java:1590) [?:1.8.0_212]
	at java.util.concurrent.ThreadPoolExecutor.runWorker(ThreadPoolExecutor.java:1149) [?:1.8.0_212]
	at java.util.concurrent.ThreadPoolExecutor$Worker.run(ThreadPoolExecutor.java:624) [?:1.8.0_212]
	at java.lang.Thread.run(Thread.java:748) [?:1.8.0_212]
2019-06-17 22:50:37,864 INFO  impl.HddsDispatcher (ContainerUtils.java:logAndReturnError(146)) - Operation: PutBlock : Trace ID: 662c22490309af7e:f1ead51d47c37d:30cca916417f72f:0 : Message: ContainerID 5 does not exist : Result: CONTAINER_NOT_FOUND
2019-06-17 22:50:37,868 INFO  client.GrpcClientProtocolClient (GrpcClientProtocolClient.java:onNext(254)) - client-A553E6F5F9D3->e99900a8-bcf6-41e1-a05c-e0c9a3669907: receive RaftClientReply:client-A553E6F5F9D3->e99900a8-bcf6-41e1-a05c-e0c9a3669907@group-4D5E322EF8CC, cid=71, SUCCESS, logIndex=19, commits[e99900a8-bcf6-41e1-a05c-e0c9a3669907:c19, 715c2811-64f8-4a1e-a225-32d1c44d7330:c18, 50e57e54-573a-4004-b9f3-4682b90fb6be:c18]
22:50:37.873 [pool-32-thread-1] ERROR DNAudit - user=null | ip=null | op=WRITE_CHUNK {blockData=conID: 5 locID: 102289364443398152 bcsId: 0} | ret=FAILURE
org.apache.hadoop.hdds.scm.container.common.helpers.StorageContainerException: ContainerID 5 does not exist
	at org.apache.hadoop.ozone.container.common.impl.HddsDispatcher.dispatchRequest(HddsDispatcher.java:242) ~[classes/:?]
	at org.apache.hadoop.ozone.container.common.impl.HddsDispatcher.dispatch(HddsDispatcher.java:148) ~[classes/:?]
	at org.apache.hadoop.ozone.container.common.transport.server.ratis.ContainerStateMachine.dispatchCommand(ContainerStateMachine.java:347) ~[classes/:?]
	at org.apache.hadoop.ozone.container.common.transport.server.ratis.ContainerStateMachine.runCommand(ContainerStateMachine.java:354) ~[classes/:?]
	at org.apache.hadoop.ozone.container.common.transport.server.ratis.ContainerStateMachine.lambda$applyTransaction$5(ContainerStateMachine.java:621) ~[classes/:?]
	at java.util.concurrent.CompletableFuture$AsyncSupply.run(CompletableFuture.java:1590) [?:1.8.0_212]
	at java.util.concurrent.ThreadPoolExecutor.runWorker(ThreadPoolExecutor.java:1149) [?:1.8.0_212]
	at java.util.concurrent.ThreadPoolExecutor$Worker.run(ThreadPoolExecutor.java:624) [?:1.8.0_212]
	at java.lang.Thread.run(Thread.java:748) [?:1.8.0_212]
2019-06-17 22:50:37,874 INFO  impl.HddsDispatcher (ContainerUtils.java:logAndReturnError(146)) - Operation: WriteChunk : Trace ID: 662c22490309af7e:8aad93036ab3207e:30cca916417f72f:0 : Message: ContainerID 5 does not exist : Result: CONTAINER_NOT_FOUND
22:50:37.879 [pool-32-thread-1] ERROR DNAudit - user=null | ip=null | op=PUT_BLOCK {blockData=[blockId=conID: 5 locID: 102289364443398152 bcsId: 0,size=2097152]} | ret=FAILURE
org.apache.hadoop.hdds.scm.container.common.helpers.StorageContainerException: ContainerID 5 does not exist
	at org.apache.hadoop.ozone.container.common.impl.HddsDispatcher.dispatchRequest(HddsDispatcher.java:242) ~[classes/:?]
	at org.apache.hadoop.ozone.container.common.impl.HddsDispatcher.dispatch(HddsDispatcher.java:148) ~[classes/:?]
	at org.apache.hadoop.ozone.container.common.transport.server.ratis.ContainerStateMachine.dispatchCommand(ContainerStateMachine.java:347) ~[classes/:?]
	at org.apache.hadoop.ozone.container.common.transport.server.ratis.ContainerStateMachine.runCommand(ContainerStateMachine.java:354) ~[classes/:?]
	at org.apache.hadoop.ozone.container.common.transport.server.ratis.ContainerStateMachine.lambda$applyTransaction$5(ContainerStateMachine.java:621) ~[classes/:?]
	at java.util.concurrent.CompletableFuture$AsyncSupply.run(CompletableFuture.java:1590) [?:1.8.0_212]
	at java.util.concurrent.ThreadPoolExecutor.runWorker(ThreadPoolExecutor.java:1149) [?:1.8.0_212]
	at java.util.concurrent.ThreadPoolExecutor$Worker.run(ThreadPoolExecutor.java:624) [?:1.8.0_212]
	at java.lang.Thread.run(Thread.java:748) [?:1.8.0_212]
2019-06-17 22:50:37,879 INFO  impl.HddsDispatcher (ContainerUtils.java:logAndReturnError(146)) - Operation: PutBlock : Trace ID: 662c22490309af7e:73914958bf6a5055:30cca916417f72f:0 : Message: ContainerID 5 does not exist : Result: CONTAINER_NOT_FOUND
2019-06-17 22:50:37,881 INFO  client.GrpcClientProtocolClient (GrpcClientProtocolClient.java:onNext(254)) - client-A553E6F5F9D3->e99900a8-bcf6-41e1-a05c-e0c9a3669907: receive RaftClientReply:client-A553E6F5F9D3->e99900a8-bcf6-41e1-a05c-e0c9a3669907@group-4D5E322EF8CC, cid=72, SUCCESS, logIndex=20, commits[e99900a8-bcf6-41e1-a05c-e0c9a3669907:c20, 715c2811-64f8-4a1e-a225-32d1c44d7330:c18, 50e57e54-573a-4004-b9f3-4682b90fb6be:c18]
2019-06-17 22:50:37,882 INFO  client.GrpcClientProtocolClient (GrpcClientProtocolClient.java:onNext(254)) - client-A553E6F5F9D3->e99900a8-bcf6-41e1-a05c-e0c9a3669907: receive RaftClientReply:client-A553E6F5F9D3->e99900a8-bcf6-41e1-a05c-e0c9a3669907@group-4D5E322EF8CC, cid=73, SUCCESS, logIndex=21, commits[e99900a8-bcf6-41e1-a05c-e0c9a3669907:c21, 715c2811-64f8-4a1e-a225-32d1c44d7330:c18, 50e57e54-573a-4004-b9f3-4682b90fb6be:c19]
2019-06-17 22:50:37,893 ERROR freon.RandomKeyGenerator (RandomKeyGenerator.java:run(675)) - Exception while adding key: key-0-76794 in bucket: org.apache.hadoop.ozone.client.OzoneBucket@47ea2359 of volume: org.apache.hadoop.ozone.client.OzoneVolume@574da072.
java.io.IOException: Unexpected Storage Container Exception: org.apache.hadoop.hdds.scm.container.common.helpers.StorageContainerException: ContainerID 5 does not exist
	at org.apache.hadoop.hdds.scm.storage.BlockOutputStream.setIoException(BlockOutputStream.java:548)
	at org.apache.hadoop.hdds.scm.storage.BlockOutputStream.validateResponse(BlockOutputStream.java:539)
	at org.apache.hadoop.hdds.scm.storage.BlockOutputStream.lambda$writeChunkToContainer$2(BlockOutputStream.java:614)
	at java.util.concurrent.CompletableFuture.uniApply(CompletableFuture.java:602)
	at java.util.concurrent.CompletableFuture$UniApply.tryFire(CompletableFuture.java:577)
	at java.util.concurrent.CompletableFuture$Completion.run(CompletableFuture.java:442)
	at java.util.concurrent.ThreadPoolExecutor.runWorker(ThreadPoolExecutor.java:1149)
	at java.util.concurrent.ThreadPoolExecutor$Worker.run(ThreadPoolExecutor.java:624)
	at java.lang.Thread.run(Thread.java:748)
Caused by: org.apache.hadoop.hdds.scm.container.common.helpers.StorageContainerException: ContainerID 5 does not exist
	at org.apache.hadoop.hdds.scm.storage.ContainerProtocolCalls.validateContainerResponse(ContainerProtocolCalls.java:536)
	at org.apache.hadoop.hdds.scm.storage.BlockOutputStream.validateResponse(BlockOutputStream.java:536)
	... 7 more
 100.00% |█████████████████████████████████████████████████████████████████████████████████████████████████████|  1/1 Time: 0:00:03
]]></system-out>
    <system-err><![CDATA[ERROR StatusLogger No Log4j 2 configuration file found. Using default configuration (logging only errors to the console), or user programmatically provided configurations. Set system property 'log4j2.debug' to show Log4j 2 internal initialization logging. See https://logging.apache.org/log4j/2.x/manual/configuration.html for instructions on how to configure Log4j 2
Jun 17, 2019 10:50:24 PM com.sun.jersey.server.impl.application.WebApplicationImpl _initiate
INFO: Initiating Jersey application, version 'Jersey: 1.19 02/11/2015 03:25 AM'
Jun 17, 2019 10:50:25 PM com.sun.jersey.server.impl.application.WebApplicationImpl _initiate
INFO: Initiating Jersey application, version 'Jersey: 1.19 02/11/2015 03:25 AM'
Jun 17, 2019 10:50:26 PM com.sun.jersey.server.impl.application.WebApplicationImpl _initiate
INFO: Initiating Jersey application, version 'Jersey: 1.19 02/11/2015 03:25 AM'
]]></system-err>
  </testcase>
</testsuite>